{"Event":{"System":{"Provider":{"@Name":"Microsoft-Windows-Sysmon","@Guid":"5770385f-c22a-43e0-bf4c-06f5698ffbd9"},"EventID":"5","Version":"3","Level":"4","Task":"5","Opcode":"0","Keywords":"0x8000000000000000","TimeCreated":{"@SystemTime":"2024-10-26 21:19:11.1413028"},"EventRecordID":"17985","Correlation":null,"Execution":{"@ProcessID":"3108","@ThreadID":"3952"},"Channel":"Microsoft-Windows-Sysmon/Operational","Computer":"Server002","Security":{"@UserID":"S-1-5-18"}},"EventData":{"Data":[{"@Name":"RuleName","#text":"-"},{"@Name":"UtcTime","#text":"2024-10-26 21:19:11.141"},{"@Name":"ProcessGuid","#text":"dbf410b3-5cce-671d-cf00-000000003900"},{"@Name":"ProcessId","#text":"2640"},{"@Name":"Image","#text":"C:\\Windows\\System32\\netsh.exe"},{"@Name":"User","#text":"SERVER002\\admin_test"}]}}}
{"Event":{"System":{"Provider":{"@Name":"Microsoft-Windows-Sysmon","@Guid":"5770385f-c22a-43e0-bf4c-06f5698ffbd9"},"EventID":"1","Version":"5","Level":"4","Task":"1","Opcode":"0","Keywords":"0x8000000000000000","TimeCreated":{"@SystemTime":"2024-10-26 21:19:11.1450486"},"EventRecordID":"17986","Correlation":null,"Execution":{"@ProcessID":"3108","@ThreadID":"3952"},"Channel":"Microsoft-Windows-Sysmon/Operational","Computer":"Server002","Security":{"@UserID":"S-1-5-18"}},"EventData":{"Data":[{"@Name":"RuleName","#text":"-"},{"@Name":"UtcTime","#text":"2024-10-26 21:19:11.142"},{"@Name":"ProcessGuid","#text":"dbf410b3-5ccf-671d-d000-000000003900"},{"@Name":"ProcessId","#text":"2720"},{"@Name":"Image","#text":"C:\\Windows\\System32\\netsh.exe"},{"@Name":"FileVersion","#text":"10.0.19041.1 (WinBuild.160101.0800)"},{"@Name":"Description","#text":"Network Command Shell"},{"@Name":"Product","#text":"Microsoft® Windows® Operating System"},{"@Name":"Company","#text":"Microsoft Corporation"},{"@Name":"OriginalFileName","#text":"netsh.exe"},{"@Name":"CommandLine","#text":"netsh.exe  advfirewall firewall show rule name=all "},{"@Name":"CurrentDirectory","#text":"C:\\Users\\ADMIN_~1\\AppData\\Local\\Temp\\"},{"@Name":"User","#text":"SERVER002\\admin_test"},{"@Name":"LogonGuid","#text":"dbf410b3-5ccb-671d-095b-130000000000"},{"@Name":"LogonId","#text":"0x135B09"},{"@Name":"TerminalSessionId","#text":"0"},{"@Name":"IntegrityLevel","#text":"High"},{"@Name":"Hashes","#text":"SHA256=6B691B06FA865F52C9484EF4F10E2E02ED6D7C3A3F474B8B138A33AF7258B2A9"},{"@Name":"ParentProcessGuid","#text":"dbf410b3-5cce-671d-cb00-000000003900"},{"@Name":"ParentProcessId","#text":"6960"},{"@Name":"ParentImage","#text":"C:\\Windows\\System32\\cmd.exe"},{"@Name":"ParentCommandLine","#text":"\"cmd.exe\" /c netsh.exe advfirewall  show allprofiles  &amp; netsh.exe advfirewall firewall dump &amp; netsh.exe advfirewall show currentprofile &amp; netsh.exe advfirewall firewall show rule name=all &amp; netsh.exe firewall show state &amp; netsh.exe firewall show config &amp; sc query windefend &amp; powershell.exe /c \"Get-Process | Where-Object { $_.ProcessName -eq 'Sysmon' }\" &amp; powershell.exe /c \"Get-Service | where-object {$_.DisplayName -like '*sysm*'}\" &amp; powershell.exe /c \"Get-CimInstance Win32_Service -Filter 'Description = ''System Monitor service'''\" &amp; tasklist.exe &amp; tasklist.exe | findstr /i virus &amp; tasklist.exe | findstr /i cb &amp; tasklist.exe | findstr /i defender &amp; tasklist.exe | findstr /i cylance &amp; tasklist.exe | findstr /i mc &amp; tasklist.exe | findstr /i \"virus cb defender cylance mc\""},{"@Name":"ParentUser","#text":"SERVER002\\admin_test"}]}}}
{"Event":{"System":{"Provider":{"@Name":"Microsoft-Windows-Sysmon","@Guid":"5770385f-c22a-43e0-bf4c-06f5698ffbd9"},"EventID":"5","Version":"3","Level":"4","Task":"5","Opcode":"0","Keywords":"0x8000000000000000","TimeCreated":{"@SystemTime":"2024-10-26 21:19:11.7033815"},"EventRecordID":"17987","Correlation":null,"Execution":{"@ProcessID":"3108","@ThreadID":"3952"},"Channel":"Microsoft-Windows-Sysmon/Operational","Computer":"Server002","Security":{"@UserID":"S-1-5-18"}},"EventData":{"Data":[{"@Name":"RuleName","#text":"-"},{"@Name":"UtcTime","#text":"2024-10-26 21:19:11.696"},{"@Name":"ProcessGuid","#text":"dbf410b3-5ccf-671d-d000-000000003900"},{"@Name":"ProcessId","#text":"2720"},{"@Name":"Image","#text":"C:\\Windows\\System32\\netsh.exe"},{"@Name":"User","#text":"SERVER002\\admin_test"}]}}}
{"Event":{"System":{"Provider":{"@Name":"Microsoft-Windows-Sysmon","@Guid":"5770385f-c22a-43e0-bf4c-06f5698ffbd9"},"EventID":"1","Version":"5","Level":"4","Task":"1","Opcode":"0","Keywords":"0x8000000000000000","TimeCreated":{"@SystemTime":"2024-10-26 21:19:11.7071763"},"EventRecordID":"17988","Correlation":null,"Execution":{"@ProcessID":"3108","@ThreadID":"3952"},"Channel":"Microsoft-Windows-Sysmon/Operational","Computer":"Server002","Security":{"@UserID":"S-1-5-18"}},"EventData":{"Data":[{"@Name":"RuleName","#text":"-"},{"@Name":"UtcTime","#text":"2024-10-26 21:19:11.705"},{"@Name":"ProcessGuid","#text":"dbf410b3-5ccf-671d-d100-000000003900"},{"@Name":"ProcessId","#text":"864"},{"@Name":"Image","#text":"C:\\Windows\\System32\\netsh.exe"},{"@Name":"FileVersion","#text":"10.0.19041.1 (WinBuild.160101.0800)"},{"@Name":"Description","#text":"Network Command Shell"},{"@Name":"Product","#text":"Microsoft® Windows® Operating System"},{"@Name":"Company","#text":"Microsoft Corporation"},{"@Name":"OriginalFileName","#text":"netsh.exe"},{"@Name":"CommandLine","#text":"netsh.exe  firewall show state "},{"@Name":"CurrentDirectory","#text":"C:\\Users\\ADMIN_~1\\AppData\\Local\\Temp\\"},{"@Name":"User","#text":"SERVER002\\admin_test"},{"@Name":"LogonGuid","#text":"dbf410b3-5ccb-671d-095b-130000000000"},{"@Name":"LogonId","#text":"0x135B09"},{"@Name":"TerminalSessionId","#text":"0"},{"@Name":"IntegrityLevel","#text":"High"},{"@Name":"Hashes","#text":"SHA256=6B691B06FA865F52C9484EF4F10E2E02ED6D7C3A3F474B8B138A33AF7258B2A9"},{"@Name":"ParentProcessGuid","#text":"dbf410b3-5cce-671d-cb00-000000003900"},{"@Name":"ParentProcessId","#text":"6960"},{"@Name":"ParentImage","#text":"C:\\Windows\\System32\\cmd.exe"},{"@Name":"ParentCommandLine","#text":"\"cmd.exe\" /c netsh.exe advfirewall  show allprofiles  &amp; netsh.exe advfirewall firewall dump &amp; netsh.exe advfirewall show currentprofile &amp; netsh.exe advfirewall firewall show rule name=all &amp; netsh.exe firewall show state &amp; netsh.exe firewall show config &amp; sc query windefend &amp; powershell.exe /c \"Get-Process | Where-Object { $_.ProcessName -eq 'Sysmon' }\" &amp; powershell.exe /c \"Get-Service | where-object {$_.DisplayName -like '*sysm*'}\" &amp; powershell.exe /c \"Get-CimInstance Win32_Service -Filter 'Description = ''System Monitor service'''\" &amp; tasklist.exe &amp; tasklist.exe | findstr /i virus &amp; tasklist.exe | findstr /i cb &amp; tasklist.exe | findstr /i defender &amp; tasklist.exe | findstr /i cylance &amp; tasklist.exe | findstr /i mc &amp; tasklist.exe | findstr /i \"virus cb defender cylance mc\""},{"@Name":"ParentUser","#text":"SERVER002\\admin_test"}]}}}
{"Event":{"System":{"Provider":{"@Name":"Microsoft-Windows-Sysmon","@Guid":"5770385f-c22a-43e0-bf4c-06f5698ffbd9"},"EventID":"5","Version":"3","Level":"4","Task":"5","Opcode":"0","Keywords":"0x8000000000000000","TimeCreated":{"@SystemTime":"2024-10-26 21:19:11.7684572"},"EventRecordID":"17989","Correlation":null,"Execution":{"@ProcessID":"3108","@ThreadID":"3952"},"Channel":"Microsoft-Windows-Sysmon/Operational","Computer":"Server002","Security":{"@UserID":"S-1-5-18"}},"EventData":{"Data":[{"@Name":"RuleName","#text":"-"},{"@Name":"UtcTime","#text":"2024-10-26 21:19:11.767"},{"@Name":"ProcessGuid","#text":"dbf410b3-5ccf-671d-d100-000000003900"},{"@Name":"ProcessId","#text":"864"},{"@Name":"Image","#text":"C:\\Windows\\System32\\netsh.exe"},{"@Name":"User","#text":"SERVER002\\admin_test"}]}}}
{"Event":{"System":{"Provider":{"@Name":"Microsoft-Windows-Sysmon","@Guid":"5770385f-c22a-43e0-bf4c-06f5698ffbd9"},"EventID":"1","Version":"5","Level":"4","Task":"1","Opcode":"0","Keywords":"0x8000000000000000","TimeCreated":{"@SystemTime":"2024-10-26 21:19:11.7730072"},"EventRecordID":"17990","Correlation":null,"Execution":{"@ProcessID":"3108","@ThreadID":"3952"},"Channel":"Microsoft-Windows-Sysmon/Operational","Computer":"Server002","Security":{"@UserID":"S-1-5-18"}},"EventData":{"Data":[{"@Name":"RuleName","#text":"-"},{"@Name":"UtcTime","#text":"2024-10-26 21:19:11.770"},{"@Name":"ProcessGuid","#text":"dbf410b3-5ccf-671d-d200-000000003900"},{"@Name":"ProcessId","#text":"6156"},{"@Name":"Image","#text":"C:\\Windows\\System32\\netsh.exe"},{"@Name":"FileVersion","#text":"10.0.19041.1 (WinBuild.160101.0800)"},{"@Name":"Description","#text":"Network Command Shell"},{"@Name":"Product","#text":"Microsoft® Windows® Operating System"},{"@Name":"Company","#text":"Microsoft Corporation"},{"@Name":"OriginalFileName","#text":"netsh.exe"},{"@Name":"CommandLine","#text":"netsh.exe  firewall show config "},{"@Name":"CurrentDirectory","#text":"C:\\Users\\ADMIN_~1\\AppData\\Local\\Temp\\"},{"@Name":"User","#text":"SERVER002\\admin_test"},{"@Name":"LogonGuid","#text":"dbf410b3-5ccb-671d-095b-130000000000"},{"@Name":"LogonId","#text":"0x135B09"},{"@Name":"TerminalSessionId","#text":"0"},{"@Name":"IntegrityLevel","#text":"High"},{"@Name":"Hashes","#text":"SHA256=6B691B06FA865F52C9484EF4F10E2E02ED6D7C3A3F474B8B138A33AF7258B2A9"},{"@Name":"ParentProcessGuid","#text":"dbf410b3-5cce-671d-cb00-000000003900"},{"@Name":"ParentProcessId","#text":"6960"},{"@Name":"ParentImage","#text":"C:\\Windows\\System32\\cmd.exe"},{"@Name":"ParentCommandLine","#text":"\"cmd.exe\" /c netsh.exe advfirewall  show allprofiles  &amp; netsh.exe advfirewall firewall dump &amp; netsh.exe advfirewall show currentprofile &amp; netsh.exe advfirewall firewall show rule name=all &amp; netsh.exe firewall show state &amp; netsh.exe firewall show config &amp; sc query windefend &amp; powershell.exe /c \"Get-Process | Where-Object { $_.ProcessName -eq 'Sysmon' }\" &amp; powershell.exe /c \"Get-Service | where-object {$_.DisplayName -like '*sysm*'}\" &amp; powershell.exe /c \"Get-CimInstance Win32_Service -Filter 'Description = ''System Monitor service'''\" &amp; tasklist.exe &amp; tasklist.exe | findstr /i virus &amp; tasklist.exe | findstr /i cb &amp; tasklist.exe | findstr /i defender &amp; tasklist.exe | findstr /i cylance &amp; tasklist.exe | findstr /i mc &amp; tasklist.exe | findstr /i \"virus cb defender cylance mc\""},{"@Name":"ParentUser","#text":"SERVER002\\admin_test"}]}}}
{"Event":{"System":{"Provider":{"@Name":"Microsoft-Windows-Sysmon","@Guid":"5770385f-c22a-43e0-bf4c-06f5698ffbd9"},"EventID":"5","Version":"3","Level":"4","Task":"5","Opcode":"0","Keywords":"0x8000000000000000","TimeCreated":{"@SystemTime":"2024-10-26 21:19:12.0962263"},"EventRecordID":"17991","Correlation":null,"Execution":{"@ProcessID":"3108","@ThreadID":"3952"},"Channel":"Microsoft-Windows-Sysmon/Operational","Computer":"Server002","Security":{"@UserID":"S-1-5-18"}},"EventData":{"Data":[{"@Name":"RuleName","#text":"-"},{"@Name":"UtcTime","#text":"2024-10-26 21:19:12.095"},{"@Name":"ProcessGuid","#text":"dbf410b3-5ccf-671d-d200-000000003900"},{"@Name":"ProcessId","#text":"6156"},{"@Name":"Image","#text":"C:\\Windows\\System32\\netsh.exe"},{"@Name":"User","#text":"SERVER002\\admin_test"}]}}}
{"Event":{"System":{"Provider":{"@Name":"Microsoft-Windows-Sysmon","@Guid":"5770385f-c22a-43e0-bf4c-06f5698ffbd9"},"EventID":"1","Version":"5","Level":"4","Task":"1","Opcode":"0","Keywords":"0x8000000000000000","TimeCreated":{"@SystemTime":"2024-10-26 21:19:12.1030261"},"EventRecordID":"17992","Correlation":null,"Execution":{"@ProcessID":"3108","@ThreadID":"3952"},"Channel":"Microsoft-Windows-Sysmon/Operational","Computer":"Server002","Security":{"@UserID":"S-1-5-18"}},"EventData":{"Data":[{"@Name":"RuleName","#text":"-"},{"@Name":"UtcTime","#text":"2024-10-26 21:19:12.101"},{"@Name":"ProcessGuid","#text":"dbf410b3-5cd0-671d-d300-000000003900"},{"@Name":"ProcessId","#text":"3000"},{"@Name":"Image","#text":"C:\\Windows\\System32\\sc.exe"},{"@Name":"FileVersion","#text":"10.0.19041.1 (WinBuild.160101.0800)"},{"@Name":"Description","#text":"Service Control Manager Configuration Tool"},{"@Name":"Product","#text":"Microsoft® Windows® Operating System"},{"@Name":"Company","#text":"Microsoft Corporation"},{"@Name":"OriginalFileName","#text":"sc.exe"},{"@Name":"CommandLine","#text":"sc  query windefend "},{"@Name":"CurrentDirectory","#text":"C:\\Users\\ADMIN_~1\\AppData\\Local\\Temp\\"},{"@Name":"User","#text":"SERVER002\\admin_test"},{"@Name":"LogonGuid","#text":"dbf410b3-5ccb-671d-095b-130000000000"},{"@Name":"LogonId","#text":"0x135B09"},{"@Name":"TerminalSessionId","#text":"0"},{"@Name":"IntegrityLevel","#text":"High"},{"@Name":"Hashes","#text":"SHA256=41F067C3A11B02FE39947F9EBA68AE5C7CB5BD1872A6009A4CD1506554A9ABA9"},{"@Name":"ParentProcessGuid","#text":"dbf410b3-5cce-671d-cb00-000000003900"},{"@Name":"ParentProcessId","#text":"6960"},{"@Name":"ParentImage","#text":"C:\\Windows\\System32\\cmd.exe"},{"@Name":"ParentCommandLine","#text":"\"cmd.exe\" /c netsh.exe advfirewall  show allprofiles  &amp; netsh.exe advfirewall firewall dump &amp; netsh.exe advfirewall show currentprofile &amp; netsh.exe advfirewall firewall show rule name=all &amp; netsh.exe firewall show state &amp; netsh.exe firewall show config &amp; sc query windefend &amp; powershell.exe /c \"Get-Process | Where-Object { $_.ProcessName -eq 'Sysmon' }\" &amp; powershell.exe /c \"Get-Service | where-object {$_.DisplayName -like '*sysm*'}\" &amp; powershell.exe /c \"Get-CimInstance Win32_Service -Filter 'Description = ''System Monitor service'''\" &amp; tasklist.exe &amp; tasklist.exe | findstr /i virus &amp; tasklist.exe | findstr /i cb &amp; tasklist.exe | findstr /i defender &amp; tasklist.exe | findstr /i cylance &amp; tasklist.exe | findstr /i mc &amp; tasklist.exe | findstr /i \"virus cb defender cylance mc\""},{"@Name":"ParentUser","#text":"SERVER002\\admin_test"}]}}}
{"Event":{"System":{"Provider":{"@Name":"Microsoft-Windows-Sysmon","@Guid":"5770385f-c22a-43e0-bf4c-06f5698ffbd9"},"EventID":"5","Version":"3","Level":"4","Task":"5","Opcode":"0","Keywords":"0x8000000000000000","TimeCreated":{"@SystemTime":"2024-10-26 21:19:12.1153873"},"EventRecordID":"17993","Correlation":null,"Execution":{"@ProcessID":"3108","@ThreadID":"3952"},"Channel":"Microsoft-Windows-Sysmon/Operational","Computer":"Server002","Security":{"@UserID":"S-1-5-18"}},"EventData":{"Data":[{"@Name":"RuleName","#text":"-"},{"@Name":"UtcTime","#text":"2024-10-26 21:19:12.114"},{"@Name":"ProcessGuid","#text":"dbf410b3-5cd0-671d-d300-000000003900"},{"@Name":"ProcessId","#text":"3000"},{"@Name":"Image","#text":"C:\\Windows\\System32\\sc.exe"},{"@Name":"User","#text":"SERVER002\\admin_test"}]}}}
{"Event":{"System":{"Provider":{"@Name":"Microsoft-Windows-Sysmon","@Guid":"5770385f-c22a-43e0-bf4c-06f5698ffbd9"},"EventID":"1","Version":"5","Level":"4","Task":"1","Opcode":"0","Keywords":"0x8000000000000000","TimeCreated":{"@SystemTime":"2024-10-26 21:19:12.1222324"},"EventRecordID":"17994","Correlation":null,"Execution":{"@ProcessID":"3108","@ThreadID":"3952"},"Channel":"Microsoft-Windows-Sysmon/Operational","Computer":"Server002","Security":{"@UserID":"S-1-5-18"}},"EventData":{"Data":[{"@Name":"RuleName","#text":"-"},{"@Name":"UtcTime","#text":"2024-10-26 21:19:12.117"},{"@Name":"ProcessGuid","#text":"dbf410b3-5cd0-671d-d400-000000003900"},{"@Name":"ProcessId","#text":"2616"},{"@Name":"Image","#text":"C:\\Windows\\System32\\WindowsPowerShell\\v1.0\\powershell.exe"},{"@Name":"FileVersion","#text":"10.0.19041.3996 (WinBuild.160101.0800)"},{"@Name":"Description","#text":"Windows PowerShell"},{"@Name":"Product","#text":"Microsoft® Windows® Operating System"},{"@Name":"Company","#text":"Microsoft Corporation"},{"@Name":"OriginalFileName","#text":"PowerShell.EXE"},{"@Name":"CommandLine","#text":"powershell.exe  /c \"Get-Process | Where-Object { $_.ProcessName -eq 'Sysmon' }\" "},{"@Name":"CurrentDirectory","#text":"C:\\Users\\ADMIN_~1\\AppData\\Local\\Temp\\"},{"@Name":"User","#text":"SERVER002\\admin_test"},{"@Name":"LogonGuid","#text":"dbf410b3-5ccb-671d-095b-130000000000"},{"@Name":"LogonId","#text":"0x135B09"},{"@Name":"TerminalSessionId","#text":"0"},{"@Name":"IntegrityLevel","#text":"High"},{"@Name":"Hashes","#text":"SHA256=9785001B0DCF755EDDB8AF294A373C0B87B2498660F724E76C4D53F9C217C7A3"},{"@Name":"ParentProcessGuid","#text":"dbf410b3-5cce-671d-cb00-000000003900"},{"@Name":"ParentProcessId","#text":"6960"},{"@Name":"ParentImage","#text":"C:\\Windows\\System32\\cmd.exe"},{"@Name":"ParentCommandLine","#text":"\"cmd.exe\" /c netsh.exe advfirewall  show allprofiles  &amp; netsh.exe advfirewall firewall dump &amp; netsh.exe advfirewall show currentprofile &amp; netsh.exe advfirewall firewall show rule name=all &amp; netsh.exe firewall show state &amp; netsh.exe firewall show config &amp; sc query windefend &amp; powershell.exe /c \"Get-Process | Where-Object { $_.ProcessName -eq 'Sysmon' }\" &amp; powershell.exe /c \"Get-Service | where-object {$_.DisplayName -like '*sysm*'}\" &amp; powershell.exe /c \"Get-CimInstance Win32_Service -Filter 'Description = ''System Monitor service'''\" &amp; tasklist.exe &amp; tasklist.exe | findstr /i virus &amp; tasklist.exe | findstr /i cb &amp; tasklist.exe | findstr /i defender &amp; tasklist.exe | findstr /i cylance &amp; tasklist.exe | findstr /i mc &amp; tasklist.exe | findstr /i \"virus cb defender cylance mc\""},{"@Name":"ParentUser","#text":"SERVER002\\admin_test"}]}}}
{"Event":{"System":{"Provider":{"@Name":"Microsoft-Windows-Sysmon","@Guid":"5770385f-c22a-43e0-bf4c-06f5698ffbd9"},"EventID":"5","Version":"3","Level":"4","Task":"5","Opcode":"0","Keywords":"0x8000000000000000","TimeCreated":{"@SystemTime":"2024-10-26 21:19:13.3158899"},"EventRecordID":"17995","Correlation":null,"Execution":{"@ProcessID":"3108","@ThreadID":"3952"},"Channel":"Microsoft-Windows-Sysmon/Operational","Computer":"Server002","Security":{"@UserID":"S-1-5-18"}},"EventData":{"Data":[{"@Name":"RuleName","#text":"-"},{"@Name":"UtcTime","#text":"2024-10-26 21:19:13.313"},{"@Name":"ProcessGuid","#text":"dbf410b3-5cd0-671d-d400-000000003900"},{"@Name":"ProcessId","#text":"2616"},{"@Name":"Image","#text":"C:\\Windows\\System32\\WindowsPowerShell\\v1.0\\powershell.exe"},{"@Name":"User","#text":"SERVER002\\admin_test"}]}}}
{"Event":{"System":{"Provider":{"@Name":"Microsoft-Windows-Sysmon","@Guid":"5770385f-c22a-43e0-bf4c-06f5698ffbd9"},"EventID":"1","Version":"5","Level":"4","Task":"1","Opcode":"0","Keywords":"0x8000000000000000","TimeCreated":{"@SystemTime":"2024-10-26 21:19:13.3238304"},"EventRecordID":"17996","Correlation":null,"Execution":{"@ProcessID":"3108","@ThreadID":"3952"},"Channel":"Microsoft-Windows-Sysmon/Operational","Computer":"Server002","Security":{"@UserID":"S-1-5-18"}},"EventData":{"Data":[{"@Name":"RuleName","#text":"-"},{"@Name":"UtcTime","#text":"2024-10-26 21:19:13.320"},{"@Name":"ProcessGuid","#text":"dbf410b3-5cd1-671d-d500-000000003900"},{"@Name":"ProcessId","#text":"3828"},{"@Name":"Image","#text":"C:\\Windows\\System32\\WindowsPowerShell\\v1.0\\powershell.exe"},{"@Name":"FileVersion","#text":"10.0.19041.3996 (WinBuild.160101.0800)"},{"@Name":"Description","#text":"Windows PowerShell"},{"@Name":"Product","#text":"Microsoft® Windows® Operating System"},{"@Name":"Company","#text":"Microsoft Corporation"},{"@Name":"OriginalFileName","#text":"PowerShell.EXE"},{"@Name":"CommandLine","#text":"powershell.exe  /c \"Get-Service | where-object {$_.DisplayName -like '*sysm*'}\" "},{"@Name":"CurrentDirectory","#text":"C:\\Users\\ADMIN_~1\\AppData\\Local\\Temp\\"},{"@Name":"User","#text":"SERVER002\\admin_test"},{"@Name":"LogonGuid","#text":"dbf410b3-5ccb-671d-095b-130000000000"},{"@Name":"LogonId","#text":"0x135B09"},{"@Name":"TerminalSessionId","#text":"0"},{"@Name":"IntegrityLevel","#text":"High"},{"@Name":"Hashes","#text":"SHA256=9785001B0DCF755EDDB8AF294A373C0B87B2498660F724E76C4D53F9C217C7A3"},{"@Name":"ParentProcessGuid","#text":"dbf410b3-5cce-671d-cb00-000000003900"},{"@Name":"ParentProcessId","#text":"6960"},{"@Name":"ParentImage","#text":"C:\\Windows\\System32\\cmd.exe"},{"@Name":"ParentCommandLine","#text":"\"cmd.exe\" /c netsh.exe advfirewall  show allprofiles  &amp; netsh.exe advfirewall firewall dump &amp; netsh.exe advfirewall show currentprofile &amp; netsh.exe advfirewall firewall show rule name=all &amp; netsh.exe firewall show state &amp; netsh.exe firewall show config &amp; sc query windefend &amp; powershell.exe /c \"Get-Process | Where-Object { $_.ProcessName -eq 'Sysmon' }\" &amp; powershell.exe /c \"Get-Service | where-object {$_.DisplayName -like '*sysm*'}\" &amp; powershell.exe /c \"Get-CimInstance Win32_Service -Filter 'Description = ''System Monitor service'''\" &amp; tasklist.exe &amp; tasklist.exe | findstr /i virus &amp; tasklist.exe | findstr /i cb &amp; tasklist.exe | findstr /i defender &amp; tasklist.exe | findstr /i cylance &amp; tasklist.exe | findstr /i mc &amp; tasklist.exe | findstr /i \"virus cb defender cylance mc\""},{"@Name":"ParentUser","#text":"SERVER002\\admin_test"}]}}}
{"Event":{"System":{"Provider":{"@Name":"Microsoft-Windows-Sysmon","@Guid":"5770385f-c22a-43e0-bf4c-06f5698ffbd9"},"EventID":"5","Version":"3","Level":"4","Task":"5","Opcode":"0","Keywords":"0x8000000000000000","TimeCreated":{"@SystemTime":"2024-10-26 21:19:24.8827134"},"EventRecordID":"17997","Correlation":null,"Execution":{"@ProcessID":"3108","@ThreadID":"3952"},"Channel":"Microsoft-Windows-Sysmon/Operational","Computer":"Server002","Security":{"@UserID":"S-1-5-18"}},"EventData":{"Data":[{"@Name":"RuleName","#text":"-"},{"@Name":"UtcTime","#text":"2024-10-26 21:19:24.880"},{"@Name":"ProcessGuid","#text":"dbf410b3-5c70-671d-9700-000000003900"},{"@Name":"ProcessId","#text":"4264"},{"@Name":"Image","#text":"C:\\Windows\\System32\\svchost.exe"},{"@Name":"User","#text":"NT AUTHORITY\\SYSTEM"}]}}}
{"Event":{"System":{"Provider":{"@Name":"Microsoft-Windows-Sysmon","@Guid":"5770385f-c22a-43e0-bf4c-06f5698ffbd9"},"EventID":"5","Version":"3","Level":"4","Task":"5","Opcode":"0","Keywords":"0x8000000000000000","TimeCreated":{"@SystemTime":"2024-10-26 21:19:25.4168391"},"EventRecordID":"17998","Correlation":null,"Execution":{"@ProcessID":"3108","@ThreadID":"3952"},"Channel":"Microsoft-Windows-Sysmon/Operational","Computer":"Server002","Security":{"@UserID":"S-1-5-18"}},"EventData":{"Data":[{"@Name":"RuleName","#text":"-"},{"@Name":"UtcTime","#text":"2024-10-26 21:19:25.413"},{"@Name":"ProcessGuid","#text":"dbf410b3-5cd1-671d-d500-000000003900"},{"@Name":"ProcessId","#text":"3828"},{"@Name":"Image","#text":"C:\\Windows\\System32\\WindowsPowerShell\\v1.0\\powershell.exe"},{"@Name":"User","#text":"SERVER002\\admin_test"}]}}}
{"Event":{"System":{"Provider":{"@Name":"Microsoft-Windows-Sysmon","@Guid":"5770385f-c22a-43e0-bf4c-06f5698ffbd9"},"EventID":"1","Version":"5","Level":"4","Task":"1","Opcode":"0","Keywords":"0x8000000000000000","TimeCreated":{"@SystemTime":"2024-10-26 21:19:25.4310802"},"EventRecordID":"17999","Correlation":null,"Execution":{"@ProcessID":"3108","@ThreadID":"3952"},"Channel":"Microsoft-Windows-Sysmon/Operational","Computer":"Server002","Security":{"@UserID":"S-1-5-18"}},"EventData":{"Data":[{"@Name":"RuleName","#text":"-"},{"@Name":"UtcTime","#text":"2024-10-26 21:19:25.425"},{"@Name":"ProcessGuid","#text":"dbf410b3-5cdd-671d-d600-000000003900"},{"@Name":"ProcessId","#text":"2868"},{"@Name":"Image","#text":"C:\\Windows\\System32\\WindowsPowerShell\\v1.0\\powershell.exe"},{"@Name":"FileVersion","#text":"10.0.19041.3996 (WinBuild.160101.0800)"},{"@Name":"Description","#text":"Windows PowerShell"},{"@Name":"Product","#text":"Microsoft® Windows® Operating System"},{"@Name":"Company","#text":"Microsoft Corporation"},{"@Name":"OriginalFileName","#text":"PowerShell.EXE"},{"@Name":"CommandLine","#text":"powershell.exe  /c \"Get-CimInstance Win32_Service -Filter 'Description = ''System Monitor service'''\" "},{"@Name":"CurrentDirectory","#text":"C:\\Users\\ADMIN_~1\\AppData\\Local\\Temp\\"},{"@Name":"User","#text":"SERVER002\\admin_test"},{"@Name":"LogonGuid","#text":"dbf410b3-5ccb-671d-095b-130000000000"},{"@Name":"LogonId","#text":"0x135B09"},{"@Name":"TerminalSessionId","#text":"0"},{"@Name":"IntegrityLevel","#text":"High"},{"@Name":"Hashes","#text":"SHA256=9785001B0DCF755EDDB8AF294A373C0B87B2498660F724E76C4D53F9C217C7A3"},{"@Name":"ParentProcessGuid","#text":"dbf410b3-5cce-671d-cb00-000000003900"},{"@Name":"ParentProcessId","#text":"6960"},{"@Name":"ParentImage","#text":"C:\\Windows\\System32\\cmd.exe"},{"@Name":"ParentCommandLine","#text":"\"cmd.exe\" /c netsh.exe advfirewall  show allprofiles  &amp; netsh.exe advfirewall firewall dump &amp; netsh.exe advfirewall show currentprofile &amp; netsh.exe advfirewall firewall show rule name=all &amp; netsh.exe firewall show state &amp; netsh.exe firewall show config &amp; sc query windefend &amp; powershell.exe /c \"Get-Process | Where-Object { $_.ProcessName -eq 'Sysmon' }\" &amp; powershell.exe /c \"Get-Service | where-object {$_.DisplayName -like '*sysm*'}\" &amp; powershell.exe /c \"Get-CimInstance Win32_Service -Filter 'Description = ''System Monitor service'''\" &amp; tasklist.exe &amp; tasklist.exe | findstr /i virus &amp; tasklist.exe | findstr /i cb &amp; tasklist.exe | findstr /i defender &amp; tasklist.exe | findstr /i cylance &amp; tasklist.exe | findstr /i mc &amp; tasklist.exe | findstr /i \"virus cb defender cylance mc\""},{"@Name":"ParentUser","#text":"SERVER002\\admin_test"}]}}}
{"Event":{"System":{"Provider":{"@Name":"Microsoft-Windows-Sysmon","@Guid":"5770385f-c22a-43e0-bf4c-06f5698ffbd9"},"EventID":"1","Version":"5","Level":"4","Task":"1","Opcode":"0","Keywords":"0x8000000000000000","TimeCreated":{"@SystemTime":"2024-10-26 21:19:27.6032318"},"EventRecordID":"18000","Correlation":null,"Execution":{"@ProcessID":"3108","@ThreadID":"3952"},"Channel":"Microsoft-Windows-Sysmon/Operational","Computer":"Server002","Security":{"@UserID":"S-1-5-18"}},"EventData":{"Data":[{"@Name":"RuleName","#text":"-"},{"@Name":"UtcTime","#text":"2024-10-26 21:19:27.600"},{"@Name":"ProcessGuid","#text":"dbf410b3-5cdf-671d-d700-000000003900"},{"@Name":"ProcessId","#text":"4756"},{"@Name":"Image","#text":"C:\\Windows\\System32\\wbem\\WmiPrvSE.exe"},{"@Name":"FileVersion","#text":"10.0.19041.3636 (WinBuild.160101.0800)"},{"@Name":"Description","#text":"WMI Provider Host"},{"@Name":"Product","#text":"Microsoft® Windows® Operating System"},{"@Name":"Company","#text":"Microsoft Corporation"},{"@Name":"OriginalFileName","#text":"Wmiprvse.exe"},{"@Name":"CommandLine","#text":"C:\\Windows\\system32\\wbem\\wmiprvse.exe -secured -Embedding"},{"@Name":"CurrentDirectory","#text":"C:\\Windows\\system32\\"},{"@Name":"User","#text":"NT AUTHORITY\\NETWORK SERVICE"},{"@Name":"LogonGuid","#text":"dbf410b3-7877-671d-e403-000000000000"},{"@Name":"LogonId","#text":"0x3E4"},{"@Name":"TerminalSessionId","#text":"0"},{"@Name":"IntegrityLevel","#text":"System"},{"@Name":"Hashes","#text":"SHA256=8BBDEAD7357AF7BF0EFE397F9FD7E0EC578755EB8BDBAA65AE4F28EF00087AD5"},{"@Name":"ParentProcessGuid","#text":"00000000-0000-0000-0000-000000000000"},{"@Name":"ParentProcessId","#text":"780"},{"@Name":"ParentImage","#text":"-"},{"@Name":"ParentCommandLine","#text":"-"},{"@Name":"ParentUser","#text":"-"}]}}}
{"Event":{"System":{"Provider":{"@Name":"Microsoft-Windows-Sysmon","@Guid":"5770385f-c22a-43e0-bf4c-06f5698ffbd9"},"EventID":"5","Version":"3","Level":"4","Task":"5","Opcode":"0","Keywords":"0x8000000000000000","TimeCreated":{"@SystemTime":"2024-10-26 21:19:28.1139020"},"EventRecordID":"18001","Correlation":null,"Execution":{"@ProcessID":"3108","@ThreadID":"3952"},"Channel":"Microsoft-Windows-Sysmon/Operational","Computer":"Server002","Security":{"@UserID":"S-1-5-18"}},"EventData":{"Data":[{"@Name":"RuleName","#text":"-"},{"@Name":"UtcTime","#text":"2024-10-26 21:19:28.105"},{"@Name":"ProcessGuid","#text":"dbf410b3-5cdd-671d-d600-000000003900"},{"@Name":"ProcessId","#text":"2868"},{"@Name":"Image","#text":"C:\\Windows\\System32\\WindowsPowerShell\\v1.0\\powershell.exe"},{"@Name":"User","#text":"SERVER002\\admin_test"}]}}}
{"Event":{"System":{"Provider":{"@Name":"Microsoft-Windows-Sysmon","@Guid":"5770385f-c22a-43e0-bf4c-06f5698ffbd9"},"EventID":"1","Version":"5","Level":"4","Task":"1","Opcode":"0","Keywords":"0x8000000000000000","TimeCreated":{"@SystemTime":"2024-10-26 21:19:28.1342076"},"EventRecordID":"18002","Correlation":null,"Execution":{"@ProcessID":"3108","@ThreadID":"3952"},"Channel":"Microsoft-Windows-Sysmon/Operational","Computer":"Server002","Security":{"@UserID":"S-1-5-18"}},"EventData":{"Data":[{"@Name":"RuleName","#text":"-"},{"@Name":"UtcTime","#text":"2024-10-26 21:19:28.129"},{"@Name":"ProcessGuid","#text":"dbf410b3-5ce0-671d-d800-000000003900"},{"@Name":"ProcessId","#text":"5568"},{"@Name":"Image","#text":"C:\\Windows\\System32\\tasklist.exe"},{"@Name":"FileVersion","#text":"10.0.19041.1 (WinBuild.160101.0800)"},{"@Name":"Description","#text":"Lists the current running tasks"},{"@Name":"Product","#text":"Microsoft® Windows® Operating System"},{"@Name":"Company","#text":"Microsoft Corporation"},{"@Name":"OriginalFileName","#text":"tasklist.exe"},{"@Name":"CommandLine","#text":"tasklist.exe  "},{"@Name":"CurrentDirectory","#text":"C:\\Users\\ADMIN_~1\\AppData\\Local\\Temp\\"},{"@Name":"User","#text":"SERVER002\\admin_test"},{"@Name":"LogonGuid","#text":"dbf410b3-5ccb-671d-095b-130000000000"},{"@Name":"LogonId","#text":"0x135B09"},{"@Name":"TerminalSessionId","#text":"0"},{"@Name":"IntegrityLevel","#text":"High"},{"@Name":"Hashes","#text":"SHA256=BE7241A74FE9A9D30E0631E41533A362B21C8F7AAE3E5B6AD319CC15C024EC3F"},{"@Name":"ParentProcessGuid","#text":"dbf410b3-5cce-671d-cb00-000000003900"},{"@Name":"ParentProcessId","#text":"6960"},{"@Name":"ParentImage","#text":"C:\\Windows\\System32\\cmd.exe"},{"@Name":"ParentCommandLine","#text":"\"cmd.exe\" /c netsh.exe advfirewall  show allprofiles  &amp; netsh.exe advfirewall firewall dump &amp; netsh.exe advfirewall show currentprofile &amp; netsh.exe advfirewall firewall show rule name=all &amp; netsh.exe firewall show state &amp; netsh.exe firewall show config &amp; sc query windefend &amp; powershell.exe /c \"Get-Process | Where-Object { $_.ProcessName -eq 'Sysmon' }\" &amp; powershell.exe /c \"Get-Service | where-object {$_.DisplayName -like '*sysm*'}\" &amp; powershell.exe /c \"Get-CimInstance Win32_Service -Filter 'Description = ''System Monitor service'''\" &amp; tasklist.exe &amp; tasklist.exe | findstr /i virus &amp; tasklist.exe | findstr /i cb &amp; tasklist.exe | findstr /i defender &amp; tasklist.exe | findstr /i cylance &amp; tasklist.exe | findstr /i mc &amp; tasklist.exe | findstr /i \"virus cb defender cylance mc\""},{"@Name":"ParentUser","#text":"SERVER002\\admin_test"}]}}}
{"Event":{"System":{"Provider":{"@Name":"Microsoft-Windows-Sysmon","@Guid":"5770385f-c22a-43e0-bf4c-06f5698ffbd9"},"EventID":"5","Version":"3","Level":"4","Task":"5","Opcode":"0","Keywords":"0x8000000000000000","TimeCreated":{"@SystemTime":"2024-10-26 21:19:28.3073378"},"EventRecordID":"18003","Correlation":null,"Execution":{"@ProcessID":"3108","@ThreadID":"3952"},"Channel":"Microsoft-Windows-Sysmon/Operational","Computer":"Server002","Security":{"@UserID":"S-1-5-18"}},"EventData":{"Data":[{"@Name":"RuleName","#text":"-"},{"@Name":"UtcTime","#text":"2024-10-26 21:19:28.302"},{"@Name":"ProcessGuid","#text":"dbf410b3-5ce0-671d-d800-000000003900"},{"@Name":"ProcessId","#text":"5568"},{"@Name":"Image","#text":"C:\\Windows\\System32\\tasklist.exe"},{"@Name":"User","#text":"SERVER002\\admin_test"}]}}}
{"Event":{"System":{"Provider":{"@Name":"Microsoft-Windows-Sysmon","@Guid":"5770385f-c22a-43e0-bf4c-06f5698ffbd9"},"EventID":"1","Version":"5","Level":"4","Task":"1","Opcode":"0","Keywords":"0x8000000000000000","TimeCreated":{"@SystemTime":"2024-10-26 21:19:28.3128342"},"EventRecordID":"18004","Correlation":null,"Execution":{"@ProcessID":"3108","@ThreadID":"3952"},"Channel":"Microsoft-Windows-Sysmon/Operational","Computer":"Server002","Security":{"@UserID":"S-1-5-18"}},"EventData":{"Data":[{"@Name":"RuleName","#text":"-"},{"@Name":"UtcTime","#text":"2024-10-26 21:19:28.310"},{"@Name":"ProcessGuid","#text":"dbf410b3-5ce0-671d-d900-000000003900"},{"@Name":"ProcessId","#text":"4672"},{"@Name":"Image","#text":"C:\\Windows\\System32\\tasklist.exe"},{"@Name":"FileVersion","#text":"10.0.19041.1 (WinBuild.160101.0800)"},{"@Name":"Description","#text":"Lists the current running tasks"},{"@Name":"Product","#text":"Microsoft® Windows® Operating System"},{"@Name":"Company","#text":"Microsoft Corporation"},{"@Name":"OriginalFileName","#text":"tasklist.exe"},{"@Name":"CommandLine","#text":"tasklist.exe  "},{"@Name":"CurrentDirectory","#text":"C:\\Users\\ADMIN_~1\\AppData\\Local\\Temp\\"},{"@Name":"User","#text":"SERVER002\\admin_test"},{"@Name":"LogonGuid","#text":"dbf410b3-5ccb-671d-095b-130000000000"},{"@Name":"LogonId","#text":"0x135B09"},{"@Name":"TerminalSessionId","#text":"0"},{"@Name":"IntegrityLevel","#text":"High"},{"@Name":"Hashes","#text":"SHA256=BE7241A74FE9A9D30E0631E41533A362B21C8F7AAE3E5B6AD319CC15C024EC3F"},{"@Name":"ParentProcessGuid","#text":"dbf410b3-5cce-671d-cb00-000000003900"},{"@Name":"ParentProcessId","#text":"6960"},{"@Name":"ParentImage","#text":"C:\\Windows\\System32\\cmd.exe"},{"@Name":"ParentCommandLine","#text":"\"cmd.exe\" /c netsh.exe advfirewall  show allprofiles  &amp; netsh.exe advfirewall firewall dump &amp; netsh.exe advfirewall show currentprofile &amp; netsh.exe advfirewall firewall show rule name=all &amp; netsh.exe firewall show state &amp; netsh.exe firewall show config &amp; sc query windefend &amp; powershell.exe /c \"Get-Process | Where-Object { $_.ProcessName -eq 'Sysmon' }\" &amp; powershell.exe /c \"Get-Service | where-object {$_.DisplayName -like '*sysm*'}\" &amp; powershell.exe /c \"Get-CimInstance Win32_Service -Filter 'Description = ''System Monitor service'''\" &amp; tasklist.exe &amp; tasklist.exe | findstr /i virus &amp; tasklist.exe | findstr /i cb &amp; tasklist.exe | findstr /i defender &amp; tasklist.exe | findstr /i cylance &amp; tasklist.exe | findstr /i mc &amp; tasklist.exe | findstr /i \"virus cb defender cylance mc\""},{"@Name":"ParentUser","#text":"SERVER002\\admin_test"}]}}}
{"Event":{"System":{"Provider":{"@Name":"Microsoft-Windows-Sysmon","@Guid":"5770385f-c22a-43e0-bf4c-06f5698ffbd9"},"EventID":"1","Version":"5","Level":"4","Task":"1","Opcode":"0","Keywords":"0x8000000000000000","TimeCreated":{"@SystemTime":"2024-10-26 21:19:28.3269288"},"EventRecordID":"18005","Correlation":null,"Execution":{"@ProcessID":"3108","@ThreadID":"3952"},"Channel":"Microsoft-Windows-Sysmon/Operational","Computer":"Server002","Security":{"@UserID":"S-1-5-18"}},"EventData":{"Data":[{"@Name":"RuleName","#text":"-"},{"@Name":"UtcTime","#text":"2024-10-26 21:19:28.322"},{"@Name":"ProcessGuid","#text":"dbf410b3-5ce0-671d-da00-000000003900"},{"@Name":"ProcessId","#text":"4844"},{"@Name":"Image","#text":"C:\\Windows\\System32\\findstr.exe"},{"@Name":"FileVersion","#text":"10.0.19041.1 (WinBuild.160101.0800)"},{"@Name":"Description","#text":"Find String (QGREP) Utility"},{"@Name":"Product","#text":"Microsoft® Windows® Operating System"},{"@Name":"Company","#text":"Microsoft Corporation"},{"@Name":"OriginalFileName","#text":"FINDSTR.EXE"},{"@Name":"CommandLine","#text":"findstr  /i virus "},{"@Name":"CurrentDirectory","#text":"C:\\Users\\ADMIN_~1\\AppData\\Local\\Temp\\"},{"@Name":"User","#text":"SERVER002\\admin_test"},{"@Name":"LogonGuid","#text":"dbf410b3-5ccb-671d-095b-130000000000"},{"@Name":"LogonId","#text":"0x135B09"},{"@Name":"TerminalSessionId","#text":"0"},{"@Name":"IntegrityLevel","#text":"High"},{"@Name":"Hashes","#text":"SHA256=B29BE6DA54121F5D9350C545ECECCE26F30A7F209CE0D9AAEA8E00C27DDA27A2"},{"@Name":"ParentProcessGuid","#text":"dbf410b3-5cce-671d-cb00-000000003900"},{"@Name":"ParentProcessId","#text":"6960"},{"@Name":"ParentImage","#text":"C:\\Windows\\System32\\cmd.exe"},{"@Name":"ParentCommandLine","#text":"\"cmd.exe\" /c netsh.exe advfirewall  show allprofiles  &amp; netsh.exe advfirewall firewall dump &amp; netsh.exe advfirewall show currentprofile &amp; netsh.exe advfirewall firewall show rule name=all &amp; netsh.exe firewall show state &amp; netsh.exe firewall show config &amp; sc query windefend &amp; powershell.exe /c \"Get-Process | Where-Object { $_.ProcessName -eq 'Sysmon' }\" &amp; powershell.exe /c \"Get-Service | where-object {$_.DisplayName -like '*sysm*'}\" &amp; powershell.exe /c \"Get-CimInstance Win32_Service -Filter 'Description = ''System Monitor service'''\" &amp; tasklist.exe &amp; tasklist.exe | findstr /i virus &amp; tasklist.exe | findstr /i cb &amp; tasklist.exe | findstr /i defender &amp; tasklist.exe | findstr /i cylance &amp; tasklist.exe | findstr /i mc &amp; tasklist.exe | findstr /i \"virus cb defender cylance mc\""},{"@Name":"ParentUser","#text":"SERVER002\\admin_test"}]}}}
{"Event":{"System":{"Provider":{"@Name":"Microsoft-Windows-Sysmon","@Guid":"5770385f-c22a-43e0-bf4c-06f5698ffbd9"},"EventID":"5","Version":"3","Level":"4","Task":"5","Opcode":"0","Keywords":"0x8000000000000000","TimeCreated":{"@SystemTime":"2024-10-26 21:19:28.8685984"},"EventRecordID":"18006","Correlation":null,"Execution":{"@ProcessID":"3108","@ThreadID":"3952"},"Channel":"Microsoft-Windows-Sysmon/Operational","Computer":"Server002","Security":{"@UserID":"S-1-5-18"}},"EventData":{"Data":[{"@Name":"RuleName","#text":"-"},{"@Name":"UtcTime","#text":"2024-10-26 21:19:28.865"},{"@Name":"ProcessGuid","#text":"dbf410b3-5ce0-671d-d900-000000003900"},{"@Name":"ProcessId","#text":"4672"},{"@Name":"Image","#text":"C:\\Windows\\System32\\tasklist.exe"},{"@Name":"User","#text":"SERVER002\\admin_test"}]}}}
{"Event":{"System":{"Provider":{"@Name":"Microsoft-Windows-Sysmon","@Guid":"5770385f-c22a-43e0-bf4c-06f5698ffbd9"},"EventID":"5","Version":"3","Level":"4","Task":"5","Opcode":"0","Keywords":"0x8000000000000000","TimeCreated":{"@SystemTime":"2024-10-26 21:19:28.8703786"},"EventRecordID":"18007","Correlation":null,"Execution":{"@ProcessID":"3108","@ThreadID":"3952"},"Channel":"Microsoft-Windows-Sysmon/Operational","Computer":"Server002","Security":{"@UserID":"S-1-5-18"}},"EventData":{"Data":[{"@Name":"RuleName","#text":"-"},{"@Name":"UtcTime","#text":"2024-10-26 21:19:28.865"},{"@Name":"ProcessGuid","#text":"dbf410b3-5ce0-671d-da00-000000003900"},{"@Name":"ProcessId","#text":"4844"},{"@Name":"Image","#text":"C:\\Windows\\System32\\findstr.exe"},{"@Name":"User","#text":"SERVER002\\admin_test"}]}}}
{"Event":{"System":{"Provider":{"@Name":"Microsoft-Windows-Sysmon","@Guid":"5770385f-c22a-43e0-bf4c-06f5698ffbd9"},"EventID":"1","Version":"5","Level":"4","Task":"1","Opcode":"0","Keywords":"0x8000000000000000","TimeCreated":{"@SystemTime":"2024-10-26 21:19:28.8755244"},"EventRecordID":"18008","Correlation":null,"Execution":{"@ProcessID":"3108","@ThreadID":"3952"},"Channel":"Microsoft-Windows-Sysmon/Operational","Computer":"Server002","Security":{"@UserID":"S-1-5-18"}},"EventData":{"Data":[{"@Name":"RuleName","#text":"-"},{"@Name":"UtcTime","#text":"2024-10-26 21:19:28.873"},{"@Name":"ProcessGuid","#text":"dbf410b3-5ce0-671d-db00-000000003900"},{"@Name":"ProcessId","#text":"5264"},{"@Name":"Image","#text":"C:\\Windows\\System32\\tasklist.exe"},{"@Name":"FileVersion","#text":"10.0.19041.1 (WinBuild.160101.0800)"},{"@Name":"Description","#text":"Lists the current running tasks"},{"@Name":"Product","#text":"Microsoft® Windows® Operating System"},{"@Name":"Company","#text":"Microsoft Corporation"},{"@Name":"OriginalFileName","#text":"tasklist.exe"},{"@Name":"CommandLine","#text":"tasklist.exe  "},{"@Name":"CurrentDirectory","#text":"C:\\Users\\ADMIN_~1\\AppData\\Local\\Temp\\"},{"@Name":"User","#text":"SERVER002\\admin_test"},{"@Name":"LogonGuid","#text":"dbf410b3-5ccb-671d-095b-130000000000"},{"@Name":"LogonId","#text":"0x135B09"},{"@Name":"TerminalSessionId","#text":"0"},{"@Name":"IntegrityLevel","#text":"High"},{"@Name":"Hashes","#text":"SHA256=BE7241A74FE9A9D30E0631E41533A362B21C8F7AAE3E5B6AD319CC15C024EC3F"},{"@Name":"ParentProcessGuid","#text":"dbf410b3-5cce-671d-cb00-000000003900"},{"@Name":"ParentProcessId","#text":"6960"},{"@Name":"ParentImage","#text":"C:\\Windows\\System32\\cmd.exe"},{"@Name":"ParentCommandLine","#text":"\"cmd.exe\" /c netsh.exe advfirewall  show allprofiles  &amp; netsh.exe advfirewall firewall dump &amp; netsh.exe advfirewall show currentprofile &amp; netsh.exe advfirewall firewall show rule name=all &amp; netsh.exe firewall show state &amp; netsh.exe firewall show config &amp; sc query windefend &amp; powershell.exe /c \"Get-Process | Where-Object { $_.ProcessName -eq 'Sysmon' }\" &amp; powershell.exe /c \"Get-Service | where-object {$_.DisplayName -like '*sysm*'}\" &amp; powershell.exe /c \"Get-CimInstance Win32_Service -Filter 'Description = ''System Monitor service'''\" &amp; tasklist.exe &amp; tasklist.exe | findstr /i virus &amp; tasklist.exe | findstr /i cb &amp; tasklist.exe | findstr /i defender &amp; tasklist.exe | findstr /i cylance &amp; tasklist.exe | findstr /i mc &amp; tasklist.exe | findstr /i \"virus cb defender cylance mc\""},{"@Name":"ParentUser","#text":"SERVER002\\admin_test"}]}}}
{"Event":{"System":{"Provider":{"@Name":"Microsoft-Windows-Sysmon","@Guid":"5770385f-c22a-43e0-bf4c-06f5698ffbd9"},"EventID":"1","Version":"5","Level":"4","Task":"1","Opcode":"0","Keywords":"0x8000000000000000","TimeCreated":{"@SystemTime":"2024-10-26 21:19:28.8781663"},"EventRecordID":"18009","Correlation":null,"Execution":{"@ProcessID":"3108","@ThreadID":"3952"},"Channel":"Microsoft-Windows-Sysmon/Operational","Computer":"Server002","Security":{"@UserID":"S-1-5-18"}},"EventData":{"Data":[{"@Name":"RuleName","#text":"-"},{"@Name":"UtcTime","#text":"2024-10-26 21:19:28.876"},{"@Name":"ProcessGuid","#text":"dbf410b3-5ce0-671d-dc00-000000003900"},{"@Name":"ProcessId","#text":"6088"},{"@Name":"Image","#text":"C:\\Windows\\System32\\findstr.exe"},{"@Name":"FileVersion","#text":"10.0.19041.1 (WinBuild.160101.0800)"},{"@Name":"Description","#text":"Find String (QGREP) Utility"},{"@Name":"Product","#text":"Microsoft® Windows® Operating System"},{"@Name":"Company","#text":"Microsoft Corporation"},{"@Name":"OriginalFileName","#text":"FINDSTR.EXE"},{"@Name":"CommandLine","#text":"findstr  /i cb "},{"@Name":"CurrentDirectory","#text":"C:\\Users\\ADMIN_~1\\AppData\\Local\\Temp\\"},{"@Name":"User","#text":"SERVER002\\admin_test"},{"@Name":"LogonGuid","#text":"dbf410b3-5ccb-671d-095b-130000000000"},{"@Name":"LogonId","#text":"0x135B09"},{"@Name":"TerminalSessionId","#text":"0"},{"@Name":"IntegrityLevel","#text":"High"},{"@Name":"Hashes","#text":"SHA256=B29BE6DA54121F5D9350C545ECECCE26F30A7F209CE0D9AAEA8E00C27DDA27A2"},{"@Name":"ParentProcessGuid","#text":"dbf410b3-5cce-671d-cb00-000000003900"},{"@Name":"ParentProcessId","#text":"6960"},{"@Name":"ParentImage","#text":"C:\\Windows\\System32\\cmd.exe"},{"@Name":"ParentCommandLine","#text":"\"cmd.exe\" /c netsh.exe advfirewall  show allprofiles  &amp; netsh.exe advfirewall firewall dump &amp; netsh.exe advfirewall show currentprofile &amp; netsh.exe advfirewall firewall show rule name=all &amp; netsh.exe firewall show state &amp; netsh.exe firewall show config &amp; sc query windefend &amp; powershell.exe /c \"Get-Process | Where-Object { $_.ProcessName -eq 'Sysmon' }\" &amp; powershell.exe /c \"Get-Service | where-object {$_.DisplayName -like '*sysm*'}\" &amp; powershell.exe /c \"Get-CimInstance Win32_Service -Filter 'Description = ''System Monitor service'''\" &amp; tasklist.exe &amp; tasklist.exe | findstr /i virus &amp; tasklist.exe | findstr /i cb &amp; tasklist.exe | findstr /i defender &amp; tasklist.exe | findstr /i cylance &amp; tasklist.exe | findstr /i mc &amp; tasklist.exe | findstr /i \"virus cb defender cylance mc\""},{"@Name":"ParentUser","#text":"SERVER002\\admin_test"}]}}}
{"Event":{"System":{"Provider":{"@Name":"Microsoft-Windows-Sysmon","@Guid":"5770385f-c22a-43e0-bf4c-06f5698ffbd9"},"EventID":"5","Version":"3","Level":"4","Task":"5","Opcode":"0","Keywords":"0x8000000000000000","TimeCreated":{"@SystemTime":"2024-10-26 21:19:29.2692147"},"EventRecordID":"18010","Correlation":null,"Execution":{"@ProcessID":"3108","@ThreadID":"3952"},"Channel":"Microsoft-Windows-Sysmon/Operational","Computer":"Server002","Security":{"@UserID":"S-1-5-18"}},"EventData":{"Data":[{"@Name":"RuleName","#text":"-"},{"@Name":"UtcTime","#text":"2024-10-26 21:19:29.267"},{"@Name":"ProcessGuid","#text":"dbf410b3-5ce0-671d-db00-000000003900"},{"@Name":"ProcessId","#text":"5264"},{"@Name":"Image","#text":"C:\\Windows\\System32\\tasklist.exe"},{"@Name":"User","#text":"SERVER002\\admin_test"}]}}}
{"Event":{"System":{"Provider":{"@Name":"Microsoft-Windows-Sysmon","@Guid":"5770385f-c22a-43e0-bf4c-06f5698ffbd9"},"EventID":"5","Version":"3","Level":"4","Task":"5","Opcode":"0","Keywords":"0x8000000000000000","TimeCreated":{"@SystemTime":"2024-10-26 21:19:29.2720665"},"EventRecordID":"18011","Correlation":null,"Execution":{"@ProcessID":"3108","@ThreadID":"3952"},"Channel":"Microsoft-Windows-Sysmon/Operational","Computer":"Server002","Security":{"@UserID":"S-1-5-18"}},"EventData":{"Data":[{"@Name":"RuleName","#text":"-"},{"@Name":"UtcTime","#text":"2024-10-26 21:19:29.270"},{"@Name":"ProcessGuid","#text":"dbf410b3-5ce0-671d-dc00-000000003900"},{"@Name":"ProcessId","#text":"6088"},{"@Name":"Image","#text":"C:\\Windows\\System32\\findstr.exe"},{"@Name":"User","#text":"SERVER002\\admin_test"}]}}}
{"Event":{"System":{"Provider":{"@Name":"Microsoft-Windows-Sysmon","@Guid":"5770385f-c22a-43e0-bf4c-06f5698ffbd9"},"EventID":"1","Version":"5","Level":"4","Task":"1","Opcode":"0","Keywords":"0x8000000000000000","TimeCreated":{"@SystemTime":"2024-10-26 21:19:29.2771859"},"EventRecordID":"18012","Correlation":null,"Execution":{"@ProcessID":"3108","@ThreadID":"3952"},"Channel":"Microsoft-Windows-Sysmon/Operational","Computer":"Server002","Security":{"@UserID":"S-1-5-18"}},"EventData":{"Data":[{"@Name":"RuleName","#text":"-"},{"@Name":"UtcTime","#text":"2024-10-26 21:19:29.274"},{"@Name":"ProcessGuid","#text":"dbf410b3-5ce1-671d-dd00-000000003900"},{"@Name":"ProcessId","#text":"2348"},{"@Name":"Image","#text":"C:\\Windows\\System32\\tasklist.exe"},{"@Name":"FileVersion","#text":"10.0.19041.1 (WinBuild.160101.0800)"},{"@Name":"Description","#text":"Lists the current running tasks"},{"@Name":"Product","#text":"Microsoft® Windows® Operating System"},{"@Name":"Company","#text":"Microsoft Corporation"},{"@Name":"OriginalFileName","#text":"tasklist.exe"},{"@Name":"CommandLine","#text":"tasklist.exe  "},{"@Name":"CurrentDirectory","#text":"C:\\Users\\ADMIN_~1\\AppData\\Local\\Temp\\"},{"@Name":"User","#text":"SERVER002\\admin_test"},{"@Name":"LogonGuid","#text":"dbf410b3-5ccb-671d-095b-130000000000"},{"@Name":"LogonId","#text":"0x135B09"},{"@Name":"TerminalSessionId","#text":"0"},{"@Name":"IntegrityLevel","#text":"High"},{"@Name":"Hashes","#text":"SHA256=BE7241A74FE9A9D30E0631E41533A362B21C8F7AAE3E5B6AD319CC15C024EC3F"},{"@Name":"ParentProcessGuid","#text":"dbf410b3-5cce-671d-cb00-000000003900"},{"@Name":"ParentProcessId","#text":"6960"},{"@Name":"ParentImage","#text":"C:\\Windows\\System32\\cmd.exe"},{"@Name":"ParentCommandLine","#text":"\"cmd.exe\" /c netsh.exe advfirewall  show allprofiles  &amp; netsh.exe advfirewall firewall dump &amp; netsh.exe advfirewall show currentprofile &amp; netsh.exe advfirewall firewall show rule name=all &amp; netsh.exe firewall show state &amp; netsh.exe firewall show config &amp; sc query windefend &amp; powershell.exe /c \"Get-Process | Where-Object { $_.ProcessName -eq 'Sysmon' }\" &amp; powershell.exe /c \"Get-Service | where-object {$_.DisplayName -like '*sysm*'}\" &amp; powershell.exe /c \"Get-CimInstance Win32_Service -Filter 'Description = ''System Monitor service'''\" &amp; tasklist.exe &amp; tasklist.exe | findstr /i virus &amp; tasklist.exe | findstr /i cb &amp; tasklist.exe | findstr /i defender &amp; tasklist.exe | findstr /i cylance &amp; tasklist.exe | findstr /i mc &amp; tasklist.exe | findstr /i \"virus cb defender cylance mc\""},{"@Name":"ParentUser","#text":"SERVER002\\admin_test"}]}}}
