{"Event":{"System":{"Provider":{"@Name":"SecurityCenter"},"EventID":{"@Qualifiers":"0","#text":"15"},"Version":"0","Level":"4","Task":"0","Opcode":"0","Keywords":"0x80000000000000","TimeCreated":{"@SystemTime":"2024-10-28 15:41:56.4453579"},"EventRecordID":"2386","Correlation":null,"Execution":{"@ProcessID":"0","@ThreadID":"0"},"Channel":"Application","Computer":"Server002","Security":null},"EventData":{"Data":"Windows Defender, SECURITY_PRODUCT_STATE_ON","Binary":""}}}
{"Event":{"System":{"Provider":{"@Name":"Microsoft-Windows-CAPI2","@Guid":"{5bbca4a8-b209-48dc-a8c7-b23d3e5216fb}","@EventSourceName":"Microsoft-Windows-CAPI2"},"EventID":{"@Qualifiers":"0","#text":"4097"},"Version":"0","Level":"4","Task":"0","Opcode":"0","Keywords":"0x8080000000000000","TimeCreated":{"@SystemTime":"2024-10-28 15:42:27.0522295"},"EventRecordID":"2387","Correlation":null,"Execution":{"@ProcessID":"2708","@ThreadID":"2796"},"Channel":"Application","Computer":"Server002","Security":null},"EventData":{"Data":"CN=GlobalSign, O=GlobalSign, OU=GlobalSign Root CA - R6, 8094640EB5A7A1CA119C1FDDD59F810263A7FBD1","Binary":""}}}
{"Event":{"System":{"Provider":{"@Name":"Microsoft-Windows-CAPI2","@Guid":"{5bbca4a8-b209-48dc-a8c7-b23d3e5216fb}","@EventSourceName":"Microsoft-Windows-CAPI2"},"EventID":{"@Qualifiers":"0","#text":"4097"},"Version":"0","Level":"4","Task":"0","Opcode":"0","Keywords":"0x8080000000000000","TimeCreated":{"@SystemTime":"2024-10-28 15:42:27.1201329"},"EventRecordID":"2388","Correlation":null,"Execution":{"@ProcessID":"2708","@ThreadID":"2796"},"Channel":"Application","Computer":"Server002","Security":null},"EventData":{"Data":"CN=GlobalSign, O=GlobalSign, OU=GlobalSign Root CA - R3, D69B561148F01C77C54578C10926DF5B856976AD","Binary":""}}}
{"Event":{"System":{"Provider":{"@Name":"Microsoft-Windows-Security-SPP","@Guid":"{E23B33B0-C8C9-472C-A5F9-F2BDFEA0F156}","@EventSourceName":"Software Protection Platform Service"},"EventID":{"@Qualifiers":"16384","#text":"16384"},"Version":"0","Level":"4","Task":"0","Opcode":"0","Keywords":"0x80000000000000","TimeCreated":{"@SystemTime":"2024-10-28 15:42:48.5710355"},"EventRecordID":"2389","Correlation":null,"Execution":{"@ProcessID":"0","@ThreadID":"0"},"Channel":"Application","Computer":"Server002","Security":null},"EventData":{"Data":"2024-10-29T15:39:48Z, RulesEngine","Binary":""}}}
{"Event":{"System":{"Provider":{"@Name":"edgeupdate"},"EventID":{"@Qualifiers":"0","#text":"0"},"Version":"0","Level":"4","Task":"0","Opcode":"0","Keywords":"0x80000000000000","TimeCreated":{"@SystemTime":"2024-10-28 15:42:59.7801969"},"EventRecordID":"2390","Correlation":null,"Execution":{"@ProcessID":"0","@ThreadID":"0"},"Channel":"Application","Computer":"Server002","Security":null},"EventData":{"Data":"Service stopped","Binary":""}}}
{"Event":{"System":{"Provider":{"@Name":"edgeupdate"},"EventID":{"@Qualifiers":"0","#text":"0"},"Version":"0","Level":"4","Task":"0","Opcode":"0","Keywords":"0x80000000000000","TimeCreated":{"@SystemTime":"2024-10-28 15:43:02.4575297"},"EventRecordID":"2391","Correlation":null,"Execution":{"@ProcessID":"0","@ThreadID":"0"},"Channel":"Application","Computer":"Server002","Security":null},"EventData":{"Data":"Service stopped","Binary":""}}}
