
{"Event":{"System":{"Provider":{"@Name":"Microsoft-Windows-Security-Auditing","@Guid":"54849625-5478-4994-a5ba-3e3b0328c30d"},"EventID":"4616","Version":"1","Level":"0","Task":"12288","Opcode":"0","Keywords":"0x8020000000000000","TimeCreated":{"@SystemTime":"2024-10-23 16:15:47.9987091"},"EventRecordID":"30351","Correlation":null,"Execution":{"@ProcessID":"4","@ThreadID":"304"},"Channel":"Security","Computer":"Server002","Security":null},"EventData":{"Data":[{"@Name":"SubjectUserSid","#text":"S-1-5-19"},{"@Name":"SubjectUserName","#text":"LOCAL SERVICE"},{"@Name":"SubjectDomainName","#text":"NT AUTHORITY"},{"@Name":"SubjectLogonId","#text":"0x3E5"},{"@Name":"PreviousTime","#text":"2024-10-23 16:15:30.2482960"},{"@Name":"NewTime","#text":"2024-10-23 16:15:47.9982839"},{"@Name":"ProcessId","#text":"0x1A84"},{"@Name":"ProcessName","#text":"C:\\Windows\\System32\\svchost.exe"}]}}}
{"Event":{"System":{"Provider":{"@Name":"Microsoft-Windows-Security-Auditing","@Guid":"54849625-5478-4994-a5ba-3e3b0328c30d"},"EventID":"4616","Version":"1","Level":"0","Task":"12288","Opcode":"0","Keywords":"0x8020000000000000","TimeCreated":{"@SystemTime":"2024-10-23 16:15:47.9991153"},"EventRecordID":"30352","Correlation":null,"Execution":{"@ProcessID":"4","@ThreadID":"304"},"Channel":"Security","Computer":"Server002","Security":null},"EventData":{"Data":[{"@Name":"SubjectUserSid","#text":"S-1-5-19"},{"@Name":"SubjectUserName","#text":"LOCAL SERVICE"},{"@Name":"SubjectDomainName","#text":"NT AUTHORITY"},{"@Name":"SubjectLogonId","#text":"0x3E5"},{"@Name":"PreviousTime","#text":"2024-10-23 16:15:47.9982839"},{"@Name":"NewTime","#text":"2024-10-23 16:15:47.9987402"},{"@Name":"ProcessId","#text":"0x1A84"},{"@Name":"ProcessName","#text":"C:\\Windows\\System32\\svchost.exe"}]}}}
{"Event":{"System":{"Provider":{"@Name":"Microsoft-Windows-Security-Auditing","@Guid":"54849625-5478-4994-a5ba-3e3b0328c30d"},"EventID":"4798","Version":"0","Level":"0","Task":"13824","Opcode":"0","Keywords":"0x8020000000000000","TimeCreated":{"@SystemTime":"2024-10-23 16:15:49.6126934"},"EventRecordID":"30353","Correlation":{"@ActivityID":"36c5d0a5-2577-0000-40d1-c5367725db01"},"Execution":{"@ProcessID":"676","@ThreadID":"728"},"Channel":"Security","Computer":"Server002","Security":null},"EventData":{"Data":[{"@Name":"TargetUserName","#text":"Guest"},{"@Name":"TargetDomainName","#text":"SERVER002"},{"@Name":"TargetSid","#text":"S-1-5-21-3962163828-2803415714-1403596700-501"},{"@Name":"SubjectUserSid","#text":"S-1-5-21-3962163828-2803415714-1403596700-1006"},{"@Name":"SubjectUserName","#text":"admin_test"},{"@Name":"SubjectDomainName","#text":"SERVER002"},{"@Name":"SubjectLogonId","#text":"0x12D942"},{"@Name":"CallerProcessId","#text":"0x179C"},{"@Name":"CallerProcessName","#text":"C:\\Windows\\System32\\net1.exe"}]}}}
{"Event":{"System":{"Provider":{"@Name":"Microsoft-Windows-Security-Auditing","@Guid":"54849625-5478-4994-a5ba-3e3b0328c30d"},"EventID":"4722","Version":"0","Level":"0","Task":"13824","Opcode":"0","Keywords":"0x8020000000000000","TimeCreated":{"@SystemTime":"2024-10-23 16:15:49.6167616"},"EventRecordID":"30354","Correlation":{"@ActivityID":"36c5d0a5-2577-0000-40d1-c5367725db01"},"Execution":{"@ProcessID":"676","@ThreadID":"728"},"Channel":"Security","Computer":"Server002","Security":null},"EventData":{"Data":[{"@Name":"TargetUserName","#text":"Guest"},{"@Name":"TargetDomainName","#text":"SERVER002"},{"@Name":"TargetSid","#text":"S-1-5-21-3962163828-2803415714-1403596700-501"},{"@Name":"SubjectUserSid","#text":"S-1-5-21-3962163828-2803415714-1403596700-1006"},{"@Name":"SubjectUserName","#text":"admin_test"},{"@Name":"SubjectDomainName","#text":"SERVER002"},{"@Name":"SubjectLogonId","#text":"0x12D942"}]}}}
{"Event":{"System":{"Provider":{"@Name":"Microsoft-Windows-Security-Auditing","@Guid":"54849625-5478-4994-a5ba-3e3b0328c30d"},"EventID":"4738","Version":"0","Level":"0","Task":"13824","Opcode":"0","Keywords":"0x8020000000000000","TimeCreated":{"@SystemTime":"2024-10-23 16:15:49.6189280"},"EventRecordID":"30355","Correlation":{"@ActivityID":"36c5d0a5-2577-0000-40d1-c5367725db01"},"Execution":{"@ProcessID":"676","@ThreadID":"728"},"Channel":"Security","Computer":"Server002","Security":null},"EventData":{"Data":[{"@Name":"Dummy","#text":"-"},{"@Name":"TargetUserName","#text":"Guest"},{"@Name":"TargetDomainName","#text":"SERVER002"},{"@Name":"TargetSid","#text":"S-1-5-21-3962163828-2803415714-1403596700-501"},{"@Name":"SubjectUserSid","#text":"S-1-5-21-3962163828-2803415714-1403596700-1006"},{"@Name":"SubjectUserName","#text":"admin_test"},{"@Name":"SubjectDomainName","#text":"SERVER002"},{"@Name":"SubjectLogonId","#text":"0x12D942"},{"@Name":"PrivilegeList","#text":"-"},{"@Name":"SamAccountName","#text":"Guest"},{"@Name":"DisplayName","#text":"%%1793"},{"@Name":"UserPrincipalName","#text":"-"},{"@Name":"HomeDirectory","#text":"%%1793"},{"@Name":"HomePath","#text":"%%1793"},{"@Name":"ScriptPath","#text":"%%1793"},{"@Name":"ProfilePath","#text":"%%1793"},{"@Name":"UserWorkstations","#text":"%%1793"},{"@Name":"PasswordLastSet","#text":"23/10/2024 17:15:49"},{"@Name":"AccountExpires","#text":"%%1794"},{"@Name":"PrimaryGroupId","#text":"513"},{"@Name":"AllowedToDelegateTo","#text":"-"},{"@Name":"OldUacValue","#text":"0x215"},{"@Name":"NewUacValue","#text":"0x214"},{"@Name":"UserAccountControl","#text":", %%2048"},{"@Name":"UserParameters","#text":"%%1793"},{"@Name":"SidHistory","#text":"-"},{"@Name":"LogonHours","#text":"%%1797"}]}}}
