{"Event":{"System":{"Provider":{"@Name":"PowerShell"},"EventID":{"@Qualifiers":"0","#text":"600"},"Version":"0","Level":"4","Task":"6","Opcode":"0","Keywords":"0x80000000000000","TimeCreated":{"@SystemTime":"2024-10-26 20:41:14.2305133"},"EventRecordID":"1051","Correlation":null,"Execution":{"@ProcessID":"0","@ThreadID":"0"},"Channel":"Windows PowerShell","Computer":"Server002","Security":null},"EventData":{"Data":"Registry, Started, \tProviderName=Registry\r\n\tNewProviderState=Started\r\n\r\n\tSequenceNumber=1\r\n\r\n\tHostName=ConsoleHost\r\n\tHostVersion=5.1.19041.5007\r\n\tHostId=0899b88f-a0bc-4510-922c-589055d82c5d\r\n\tHostApplication=powershell.exe &amp; {Install-TransportAgent -Name Security Interop Agent -TransportAgentFactory Microsoft.Exchange.Security.Interop.SecurityInteropAgentFactory -AssemblyPath c:\\program files\\microsoft\\Exchange Server\\v15\\bin\\Microsoft.Exchange.Security.Interop.dll\r\nEnable-TransportAgent Security Interop Agent\r\nGet-TransportAgent | Format-List Name,Enabled}\r\n\tEngineVersion=\r\n\tRunspaceId=\r\n\tPipelineId=\r\n\tCommandName=\r\n\tCommandType=\r\n\tScriptName=\r\n\tCommandPath=\r\n\tCommandLine=","Binary":""}}}
{"Event":{"System":{"Provider":{"@Name":"PowerShell"},"EventID":{"@Qualifiers":"0","#text":"600"},"Version":"0","Level":"4","Task":"6","Opcode":"0","Keywords":"0x80000000000000","TimeCreated":{"@SystemTime":"2024-10-26 20:41:14.2305133"},"EventRecordID":"1052","Correlation":null,"Execution":{"@ProcessID":"0","@ThreadID":"0"},"Channel":"Windows PowerShell","Computer":"Server002","Security":null},"EventData":{"Data":"Alias, Started, \tProviderName=Alias\r\n\tNewProviderState=Started\r\n\r\n\tSequenceNumber=3\r\n\r\n\tHostName=ConsoleHost\r\n\tHostVersion=5.1.19041.5007\r\n\tHostId=0899b88f-a0bc-4510-922c-589055d82c5d\r\n\tHostApplication=powershell.exe &amp; {Install-TransportAgent -Name Security Interop Agent -TransportAgentFactory Microsoft.Exchange.Security.Interop.SecurityInteropAgentFactory -AssemblyPath c:\\program files\\microsoft\\Exchange Server\\v15\\bin\\Microsoft.Exchange.Security.Interop.dll\r\nEnable-TransportAgent Security Interop Agent\r\nGet-TransportAgent | Format-List Name,Enabled}\r\n\tEngineVersion=\r\n\tRunspaceId=\r\n\tPipelineId=\r\n\tCommandName=\r\n\tCommandType=\r\n\tScriptName=\r\n\tCommandPath=\r\n\tCommandLine=","Binary":""}}}
{"Event":{"System":{"Provider":{"@Name":"PowerShell"},"EventID":{"@Qualifiers":"0","#text":"600"},"Version":"0","Level":"4","Task":"6","Opcode":"0","Keywords":"0x80000000000000","TimeCreated":{"@SystemTime":"2024-10-26 20:41:14.2305133"},"EventRecordID":"1053","Correlation":null,"Execution":{"@ProcessID":"0","@ThreadID":"0"},"Channel":"Windows PowerShell","Computer":"Server002","Security":null},"EventData":{"Data":"Environment, Started, \tProviderName=Environment\r\n\tNewProviderState=Started\r\n\r\n\tSequenceNumber=5\r\n\r\n\tHostName=ConsoleHost\r\n\tHostVersion=5.1.19041.5007\r\n\tHostId=0899b88f-a0bc-4510-922c-589055d82c5d\r\n\tHostApplication=powershell.exe &amp; {Install-TransportAgent -Name Security Interop Agent -TransportAgentFactory Microsoft.Exchange.Security.Interop.SecurityInteropAgentFactory -AssemblyPath c:\\program files\\microsoft\\Exchange Server\\v15\\bin\\Microsoft.Exchange.Security.Interop.dll\r\nEnable-TransportAgent Security Interop Agent\r\nGet-TransportAgent | Format-List Name,Enabled}\r\n\tEngineVersion=\r\n\tRunspaceId=\r\n\tPipelineId=\r\n\tCommandName=\r\n\tCommandType=\r\n\tScriptName=\r\n\tCommandPath=\r\n\tCommandLine=","Binary":""}}}
{"Event":{"System":{"Provider":{"@Name":"PowerShell"},"EventID":{"@Qualifiers":"0","#text":"600"},"Version":"0","Level":"4","Task":"6","Opcode":"0","Keywords":"0x80000000000000","TimeCreated":{"@SystemTime":"2024-10-26 20:41:14.2403284"},"EventRecordID":"1054","Correlation":null,"Execution":{"@ProcessID":"0","@ThreadID":"0"},"Channel":"Windows PowerShell","Computer":"Server002","Security":null},"EventData":{"Data":"FileSystem, Started, \tProviderName=FileSystem\r\n\tNewProviderState=Started\r\n\r\n\tSequenceNumber=7\r\n\r\n\tHostName=ConsoleHost\r\n\tHostVersion=5.1.19041.5007\r\n\tHostId=0899b88f-a0bc-4510-922c-589055d82c5d\r\n\tHostApplication=powershell.exe &amp; {Install-TransportAgent -Name Security Interop Agent -TransportAgentFactory Microsoft.Exchange.Security.Interop.SecurityInteropAgentFactory -AssemblyPath c:\\program files\\microsoft\\Exchange Server\\v15\\bin\\Microsoft.Exchange.Security.Interop.dll\r\nEnable-TransportAgent Security Interop Agent\r\nGet-TransportAgent | Format-List Name,Enabled}\r\n\tEngineVersion=\r\n\tRunspaceId=\r\n\tPipelineId=\r\n\tCommandName=\r\n\tCommandType=\r\n\tScriptName=\r\n\tCommandPath=\r\n\tCommandLine=","Binary":""}}}
{"Event":{"System":{"Provider":{"@Name":"PowerShell"},"EventID":{"@Qualifiers":"0","#text":"600"},"Version":"0","Level":"4","Task":"6","Opcode":"0","Keywords":"0x80000000000000","TimeCreated":{"@SystemTime":"2024-10-26 20:41:14.2403284"},"EventRecordID":"1055","Correlation":null,"Execution":{"@ProcessID":"0","@ThreadID":"0"},"Channel":"Windows PowerShell","Computer":"Server002","Security":null},"EventData":{"Data":"Function, Started, \tProviderName=Function\r\n\tNewProviderState=Started\r\n\r\n\tSequenceNumber=9\r\n\r\n\tHostName=ConsoleHost\r\n\tHostVersion=5.1.19041.5007\r\n\tHostId=0899b88f-a0bc-4510-922c-589055d82c5d\r\n\tHostApplication=powershell.exe &amp; {Install-TransportAgent -Name Security Interop Agent -TransportAgentFactory Microsoft.Exchange.Security.Interop.SecurityInteropAgentFactory -AssemblyPath c:\\program files\\microsoft\\Exchange Server\\v15\\bin\\Microsoft.Exchange.Security.Interop.dll\r\nEnable-TransportAgent Security Interop Agent\r\nGet-TransportAgent | Format-List Name,Enabled}\r\n\tEngineVersion=\r\n\tRunspaceId=\r\n\tPipelineId=\r\n\tCommandName=\r\n\tCommandType=\r\n\tScriptName=\r\n\tCommandPath=\r\n\tCommandLine=","Binary":""}}}
{"Event":{"System":{"Provider":{"@Name":"PowerShell"},"EventID":{"@Qualifiers":"0","#text":"600"},"Version":"0","Level":"4","Task":"6","Opcode":"0","Keywords":"0x80000000000000","TimeCreated":{"@SystemTime":"2024-10-26 20:41:14.2403284"},"EventRecordID":"1056","Correlation":null,"Execution":{"@ProcessID":"0","@ThreadID":"0"},"Channel":"Windows PowerShell","Computer":"Server002","Security":null},"EventData":{"Data":"Variable, Started, \tProviderName=Variable\r\n\tNewProviderState=Started\r\n\r\n\tSequenceNumber=11\r\n\r\n\tHostName=ConsoleHost\r\n\tHostVersion=5.1.19041.5007\r\n\tHostId=0899b88f-a0bc-4510-922c-589055d82c5d\r\n\tHostApplication=powershell.exe &amp; {Install-TransportAgent -Name Security Interop Agent -TransportAgentFactory Microsoft.Exchange.Security.Interop.SecurityInteropAgentFactory -AssemblyPath c:\\program files\\microsoft\\Exchange Server\\v15\\bin\\Microsoft.Exchange.Security.Interop.dll\r\nEnable-TransportAgent Security Interop Agent\r\nGet-TransportAgent | Format-List Name,Enabled}\r\n\tEngineVersion=\r\n\tRunspaceId=\r\n\tPipelineId=\r\n\tCommandName=\r\n\tCommandType=\r\n\tScriptName=\r\n\tCommandPath=\r\n\tCommandLine=","Binary":""}}}
{"Event":{"System":{"Provider":{"@Name":"PowerShell"},"EventID":{"@Qualifiers":"0","#text":"400"},"Version":"0","Level":"4","Task":"4","Opcode":"0","Keywords":"0x80000000000000","TimeCreated":{"@SystemTime":"2024-10-26 20:41:14.4807184"},"EventRecordID":"1057","Correlation":null,"Execution":{"@ProcessID":"0","@ThreadID":"0"},"Channel":"Windows PowerShell","Computer":"Server002","Security":null},"EventData":{"Data":"Available, None, \tNewEngineState=Available\r\n\tPreviousEngineState=None\r\n\r\n\tSequenceNumber=13\r\n\r\n\tHostName=ConsoleHost\r\n\tHostVersion=5.1.19041.5007\r\n\tHostId=0899b88f-a0bc-4510-922c-589055d82c5d\r\n\tHostApplication=powershell.exe &amp; {Install-TransportAgent -Name Security Interop Agent -TransportAgentFactory Microsoft.Exchange.Security.Interop.SecurityInteropAgentFactory -AssemblyPath c:\\program files\\microsoft\\Exchange Server\\v15\\bin\\Microsoft.Exchange.Security.Interop.dll\r\nEnable-TransportAgent Security Interop Agent\r\nGet-TransportAgent | Format-List Name,Enabled}\r\n\tEngineVersion=5.1.19041.5007\r\n\tRunspaceId=e0c065e5-7e74-4876-9c63-966022372063\r\n\tPipelineId=\r\n\tCommandName=\r\n\tCommandType=\r\n\tScriptName=\r\n\tCommandPath=\r\n\tCommandLine=","Binary":""}}}
{"Event":{"System":{"Provider":{"@Name":"PowerShell"},"EventID":{"@Qualifiers":"0","#text":"403"},"Version":"0","Level":"4","Task":"4","Opcode":"0","Keywords":"0x80000000000000","TimeCreated":{"@SystemTime":"2024-10-26 20:41:15.3564172"},"EventRecordID":"1058","Correlation":null,"Execution":{"@ProcessID":"0","@ThreadID":"0"},"Channel":"Windows PowerShell","Computer":"Server002","Security":null},"EventData":{"Data":"Stopped, Available, \tNewEngineState=Stopped\r\n\tPreviousEngineState=Available\r\n\r\n\tSequenceNumber=15\r\n\r\n\tHostName=ConsoleHost\r\n\tHostVersion=5.1.19041.5007\r\n\tHostId=0899b88f-a0bc-4510-922c-589055d82c5d\r\n\tHostApplication=powershell.exe &amp; {Install-TransportAgent -Name Security Interop Agent -TransportAgentFactory Microsoft.Exchange.Security.Interop.SecurityInteropAgentFactory -AssemblyPath c:\\program files\\microsoft\\Exchange Server\\v15\\bin\\Microsoft.Exchange.Security.Interop.dll\r\nEnable-TransportAgent Security Interop Agent\r\nGet-TransportAgent | Format-List Name,Enabled}\r\n\tEngineVersion=5.1.19041.5007\r\n\tRunspaceId=e0c065e5-7e74-4876-9c63-966022372063\r\n\tPipelineId=\r\n\tCommandName=\r\n\tCommandType=\r\n\tScriptName=\r\n\tCommandPath=\r\n\tCommandLine=","Binary":""}}}
