{"Event":{"System":{"Provider":{"@Name":"PowerShell"},"EventID":{"@Qualifiers":"0","#text":"600"},"Version":"0","Level":"4","Task":"6","Opcode":"0","Keywords":"0x80000000000000","TimeCreated":{"@SystemTime":"2024-10-24 09:56:29.6071936"},"EventRecordID":"1136","Correlation":null,"Execution":{"@ProcessID":"0","@ThreadID":"0"},"Channel":"Windows PowerShell","Computer":"Server002","Security":null},"EventData":{"Data":"Registry, Started, \tProviderName=Registry\r\n\tNewProviderState=Started\r\n\r\n\tSequenceNumber=1\r\n\r\n\tHostName=ConsoleHost\r\n\tHostVersion=5.1.19041.5007\r\n\tHostId=b93512b4-f83f-4fb7-9cc4-5de81a588775\r\n\tHostApplication=powershell.exe &amp; {Import-Module -Name Az.Resources\r\n$PWord = ConvertTo-SecureString -String \"p4sswd\" -AsPlainText -Force\r\n$Credential = New-Object -TypeName System.Management.Automation.PSCredential -ArgumentList \"jonh@contoso.com\", $Pword\r\nConnect-AzAccount -Credential $Credential\r\n\r\n$sp = Get-AzADServicePrincipal | where-object {$_.DisplayName -eq \"SuperSP\"}\r\nif ($sp -eq $null) { Write-Warning \"Service Principal not found\"; exit }\r\n$subscription = Get-AzSubscription | where-object {$_.Name -eq \"Azure subscription 1\"} \r\nif ($subscription -eq $null) { Write-Warning \"Subscription not found\"; exit }\r\n$role = Get-AzRoleDefinition | where-object {$_.Name -eq \"Reader\"}\r\nif ($role -eq $null) { Write-Warning \"Role not found\"; exit }\r\n\r\nNew-AzRoleAssignment -ObjectId $sp.id -RoleDefinitionId $role.id -Scope /subscriptions/$subscription\r\nWrite-Host \"Service Principal $($sp.DisplayName) was added to $($role.Name) role in subscriptions $($subscriptions.Name)\"}\r\n\tEngineVersion=\r\n\tRunspaceId=\r\n\tPipelineId=\r\n\tCommandName=\r\n\tCommandType=\r\n\tScriptName=\r\n\tCommandPath=\r\n\tCommandLine=","Binary":""}}}
{"Event":{"System":{"Provider":{"@Name":"PowerShell"},"EventID":{"@Qualifiers":"0","#text":"600"},"Version":"0","Level":"4","Task":"6","Opcode":"0","Keywords":"0x80000000000000","TimeCreated":{"@SystemTime":"2024-10-24 09:56:29.6071936"},"EventRecordID":"1137","Correlation":null,"Execution":{"@ProcessID":"0","@ThreadID":"0"},"Channel":"Windows PowerShell","Computer":"Server002","Security":null},"EventData":{"Data":"Alias, Started, \tProviderName=Alias\r\n\tNewProviderState=Started\r\n\r\n\tSequenceNumber=3\r\n\r\n\tHostName=ConsoleHost\r\n\tHostVersion=5.1.19041.5007\r\n\tHostId=b93512b4-f83f-4fb7-9cc4-5de81a588775\r\n\tHostApplication=powershell.exe &amp; {Import-Module -Name Az.Resources\r\n$PWord = ConvertTo-SecureString -String \"p4sswd\" -AsPlainText -Force\r\n$Credential = New-Object -TypeName System.Management.Automation.PSCredential -ArgumentList \"jonh@contoso.com\", $Pword\r\nConnect-AzAccount -Credential $Credential\r\n\r\n$sp = Get-AzADServicePrincipal | where-object {$_.DisplayName -eq \"SuperSP\"}\r\nif ($sp -eq $null) { Write-Warning \"Service Principal not found\"; exit }\r\n$subscription = Get-AzSubscription | where-object {$_.Name -eq \"Azure subscription 1\"} \r\nif ($subscription -eq $null) { Write-Warning \"Subscription not found\"; exit }\r\n$role = Get-AzRoleDefinition | where-object {$_.Name -eq \"Reader\"}\r\nif ($role -eq $null) { Write-Warning \"Role not found\"; exit }\r\n\r\nNew-AzRoleAssignment -ObjectId $sp.id -RoleDefinitionId $role.id -Scope /subscriptions/$subscription\r\nWrite-Host \"Service Principal $($sp.DisplayName) was added to $($role.Name) role in subscriptions $($subscriptions.Name)\"}\r\n\tEngineVersion=\r\n\tRunspaceId=\r\n\tPipelineId=\r\n\tCommandName=\r\n\tCommandType=\r\n\tScriptName=\r\n\tCommandPath=\r\n\tCommandLine=","Binary":""}}}
{"Event":{"System":{"Provider":{"@Name":"PowerShell"},"EventID":{"@Qualifiers":"0","#text":"600"},"Version":"0","Level":"4","Task":"6","Opcode":"0","Keywords":"0x80000000000000","TimeCreated":{"@SystemTime":"2024-10-24 09:56:29.6071936"},"EventRecordID":"1138","Correlation":null,"Execution":{"@ProcessID":"0","@ThreadID":"0"},"Channel":"Windows PowerShell","Computer":"Server002","Security":null},"EventData":{"Data":"Environment, Started, \tProviderName=Environment\r\n\tNewProviderState=Started\r\n\r\n\tSequenceNumber=5\r\n\r\n\tHostName=ConsoleHost\r\n\tHostVersion=5.1.19041.5007\r\n\tHostId=b93512b4-f83f-4fb7-9cc4-5de81a588775\r\n\tHostApplication=powershell.exe &amp; {Import-Module -Name Az.Resources\r\n$PWord = ConvertTo-SecureString -String \"p4sswd\" -AsPlainText -Force\r\n$Credential = New-Object -TypeName System.Management.Automation.PSCredential -ArgumentList \"jonh@contoso.com\", $Pword\r\nConnect-AzAccount -Credential $Credential\r\n\r\n$sp = Get-AzADServicePrincipal | where-object {$_.DisplayName -eq \"SuperSP\"}\r\nif ($sp -eq $null) { Write-Warning \"Service Principal not found\"; exit }\r\n$subscription = Get-AzSubscription | where-object {$_.Name -eq \"Azure subscription 1\"} \r\nif ($subscription -eq $null) { Write-Warning \"Subscription not found\"; exit }\r\n$role = Get-AzRoleDefinition | where-object {$_.Name -eq \"Reader\"}\r\nif ($role -eq $null) { Write-Warning \"Role not found\"; exit }\r\n\r\nNew-AzRoleAssignment -ObjectId $sp.id -RoleDefinitionId $role.id -Scope /subscriptions/$subscription\r\nWrite-Host \"Service Principal $($sp.DisplayName) was added to $($role.Name) role in subscriptions $($subscriptions.Name)\"}\r\n\tEngineVersion=\r\n\tRunspaceId=\r\n\tPipelineId=\r\n\tCommandName=\r\n\tCommandType=\r\n\tScriptName=\r\n\tCommandPath=\r\n\tCommandLine=","Binary":""}}}
{"Event":{"System":{"Provider":{"@Name":"PowerShell"},"EventID":{"@Qualifiers":"0","#text":"600"},"Version":"0","Level":"4","Task":"6","Opcode":"0","Keywords":"0x80000000000000","TimeCreated":{"@SystemTime":"2024-10-24 09:56:29.6449413"},"EventRecordID":"1139","Correlation":null,"Execution":{"@ProcessID":"0","@ThreadID":"0"},"Channel":"Windows PowerShell","Computer":"Server002","Security":null},"EventData":{"Data":"FileSystem, Started, \tProviderName=FileSystem\r\n\tNewProviderState=Started\r\n\r\n\tSequenceNumber=7\r\n\r\n\tHostName=ConsoleHost\r\n\tHostVersion=5.1.19041.5007\r\n\tHostId=b93512b4-f83f-4fb7-9cc4-5de81a588775\r\n\tHostApplication=powershell.exe &amp; {Import-Module -Name Az.Resources\r\n$PWord = ConvertTo-SecureString -String \"p4sswd\" -AsPlainText -Force\r\n$Credential = New-Object -TypeName System.Management.Automation.PSCredential -ArgumentList \"jonh@contoso.com\", $Pword\r\nConnect-AzAccount -Credential $Credential\r\n\r\n$sp = Get-AzADServicePrincipal | where-object {$_.DisplayName -eq \"SuperSP\"}\r\nif ($sp -eq $null) { Write-Warning \"Service Principal not found\"; exit }\r\n$subscription = Get-AzSubscription | where-object {$_.Name -eq \"Azure subscription 1\"} \r\nif ($subscription -eq $null) { Write-Warning \"Subscription not found\"; exit }\r\n$role = Get-AzRoleDefinition | where-object {$_.Name -eq \"Reader\"}\r\nif ($role -eq $null) { Write-Warning \"Role not found\"; exit }\r\n\r\nNew-AzRoleAssignment -ObjectId $sp.id -RoleDefinitionId $role.id -Scope /subscriptions/$subscription\r\nWrite-Host \"Service Principal $($sp.DisplayName) was added to $($role.Name) role in subscriptions $($subscriptions.Name)\"}\r\n\tEngineVersion=\r\n\tRunspaceId=\r\n\tPipelineId=\r\n\tCommandName=\r\n\tCommandType=\r\n\tScriptName=\r\n\tCommandPath=\r\n\tCommandLine=","Binary":""}}}
{"Event":{"System":{"Provider":{"@Name":"PowerShell"},"EventID":{"@Qualifiers":"0","#text":"600"},"Version":"0","Level":"4","Task":"6","Opcode":"0","Keywords":"0x80000000000000","TimeCreated":{"@SystemTime":"2024-10-24 09:56:29.6449413"},"EventRecordID":"1140","Correlation":null,"Execution":{"@ProcessID":"0","@ThreadID":"0"},"Channel":"Windows PowerShell","Computer":"Server002","Security":null},"EventData":{"Data":"Function, Started, \tProviderName=Function\r\n\tNewProviderState=Started\r\n\r\n\tSequenceNumber=9\r\n\r\n\tHostName=ConsoleHost\r\n\tHostVersion=5.1.19041.5007\r\n\tHostId=b93512b4-f83f-4fb7-9cc4-5de81a588775\r\n\tHostApplication=powershell.exe &amp; {Import-Module -Name Az.Resources\r\n$PWord = ConvertTo-SecureString -String \"p4sswd\" -AsPlainText -Force\r\n$Credential = New-Object -TypeName System.Management.Automation.PSCredential -ArgumentList \"jonh@contoso.com\", $Pword\r\nConnect-AzAccount -Credential $Credential\r\n\r\n$sp = Get-AzADServicePrincipal | where-object {$_.DisplayName -eq \"SuperSP\"}\r\nif ($sp -eq $null) { Write-Warning \"Service Principal not found\"; exit }\r\n$subscription = Get-AzSubscription | where-object {$_.Name -eq \"Azure subscription 1\"} \r\nif ($subscription -eq $null) { Write-Warning \"Subscription not found\"; exit }\r\n$role = Get-AzRoleDefinition | where-object {$_.Name -eq \"Reader\"}\r\nif ($role -eq $null) { Write-Warning \"Role not found\"; exit }\r\n\r\nNew-AzRoleAssignment -ObjectId $sp.id -RoleDefinitionId $role.id -Scope /subscriptions/$subscription\r\nWrite-Host \"Service Principal $($sp.DisplayName) was added to $($role.Name) role in subscriptions $($subscriptions.Name)\"}\r\n\tEngineVersion=\r\n\tRunspaceId=\r\n\tPipelineId=\r\n\tCommandName=\r\n\tCommandType=\r\n\tScriptName=\r\n\tCommandPath=\r\n\tCommandLine=","Binary":""}}}
{"Event":{"System":{"Provider":{"@Name":"PowerShell"},"EventID":{"@Qualifiers":"0","#text":"600"},"Version":"0","Level":"4","Task":"6","Opcode":"0","Keywords":"0x80000000000000","TimeCreated":{"@SystemTime":"2024-10-24 09:56:29.6449413"},"EventRecordID":"1141","Correlation":null,"Execution":{"@ProcessID":"0","@ThreadID":"0"},"Channel":"Windows PowerShell","Computer":"Server002","Security":null},"EventData":{"Data":"Variable, Started, \tProviderName=Variable\r\n\tNewProviderState=Started\r\n\r\n\tSequenceNumber=11\r\n\r\n\tHostName=ConsoleHost\r\n\tHostVersion=5.1.19041.5007\r\n\tHostId=b93512b4-f83f-4fb7-9cc4-5de81a588775\r\n\tHostApplication=powershell.exe &amp; {Import-Module -Name Az.Resources\r\n$PWord = ConvertTo-SecureString -String \"p4sswd\" -AsPlainText -Force\r\n$Credential = New-Object -TypeName System.Management.Automation.PSCredential -ArgumentList \"jonh@contoso.com\", $Pword\r\nConnect-AzAccount -Credential $Credential\r\n\r\n$sp = Get-AzADServicePrincipal | where-object {$_.DisplayName -eq \"SuperSP\"}\r\nif ($sp -eq $null) { Write-Warning \"Service Principal not found\"; exit }\r\n$subscription = Get-AzSubscription | where-object {$_.Name -eq \"Azure subscription 1\"} \r\nif ($subscription -eq $null) { Write-Warning \"Subscription not found\"; exit }\r\n$role = Get-AzRoleDefinition | where-object {$_.Name -eq \"Reader\"}\r\nif ($role -eq $null) { Write-Warning \"Role not found\"; exit }\r\n\r\nNew-AzRoleAssignment -ObjectId $sp.id -RoleDefinitionId $role.id -Scope /subscriptions/$subscription\r\nWrite-Host \"Service Principal $($sp.DisplayName) was added to $($role.Name) role in subscriptions $($subscriptions.Name)\"}\r\n\tEngineVersion=\r\n\tRunspaceId=\r\n\tPipelineId=\r\n\tCommandName=\r\n\tCommandType=\r\n\tScriptName=\r\n\tCommandPath=\r\n\tCommandLine=","Binary":""}}}
{"Event":{"System":{"Provider":{"@Name":"PowerShell"},"EventID":{"@Qualifiers":"0","#text":"400"},"Version":"0","Level":"4","Task":"4","Opcode":"0","Keywords":"0x80000000000000","TimeCreated":{"@SystemTime":"2024-10-24 09:56:29.9109246"},"EventRecordID":"1142","Correlation":null,"Execution":{"@ProcessID":"0","@ThreadID":"0"},"Channel":"Windows PowerShell","Computer":"Server002","Security":null},"EventData":{"Data":"Available, None, \tNewEngineState=Available\r\n\tPreviousEngineState=None\r\n\r\n\tSequenceNumber=13\r\n\r\n\tHostName=ConsoleHost\r\n\tHostVersion=5.1.19041.5007\r\n\tHostId=b93512b4-f83f-4fb7-9cc4-5de81a588775\r\n\tHostApplication=powershell.exe &amp; {Import-Module -Name Az.Resources\r\n$PWord = ConvertTo-SecureString -String \"p4sswd\" -AsPlainText -Force\r\n$Credential = New-Object -TypeName System.Management.Automation.PSCredential -ArgumentList \"jonh@contoso.com\", $Pword\r\nConnect-AzAccount -Credential $Credential\r\n\r\n$sp = Get-AzADServicePrincipal | where-object {$_.DisplayName -eq \"SuperSP\"}\r\nif ($sp -eq $null) { Write-Warning \"Service Principal not found\"; exit }\r\n$subscription = Get-AzSubscription | where-object {$_.Name -eq \"Azure subscription 1\"} \r\nif ($subscription -eq $null) { Write-Warning \"Subscription not found\"; exit }\r\n$role = Get-AzRoleDefinition | where-object {$_.Name -eq \"Reader\"}\r\nif ($role -eq $null) { Write-Warning \"Role not found\"; exit }\r\n\r\nNew-AzRoleAssignment -ObjectId $sp.id -RoleDefinitionId $role.id -Scope /subscriptions/$subscription\r\nWrite-Host \"Service Principal $($sp.DisplayName) was added to $($role.Name) role in subscriptions $($subscriptions.Name)\"}\r\n\tEngineVersion=5.1.19041.5007\r\n\tRunspaceId=c00bb9e2-c913-4c36-8b2d-5faed803805f\r\n\tPipelineId=\r\n\tCommandName=\r\n\tCommandType=\r\n\tScriptName=\r\n\tCommandPath=\r\n\tCommandLine=","Binary":""}}}
{"Event":{"System":{"Provider":{"@Name":"PowerShell"},"EventID":{"@Qualifiers":"0","#text":"600"},"Version":"0","Level":"4","Task":"6","Opcode":"0","Keywords":"0x80000000000000","TimeCreated":{"@SystemTime":"2024-10-24 09:56:31.2786769"},"EventRecordID":"1143","Correlation":null,"Execution":{"@ProcessID":"0","@ThreadID":"0"},"Channel":"Windows PowerShell","Computer":"Server002","Security":null},"EventData":{"Data":"Certificate, Started, \tProviderName=Certificate\r\n\tNewProviderState=Started\r\n\r\n\tSequenceNumber=15\r\n\r\n\tHostName=ConsoleHost\r\n\tHostVersion=5.1.19041.5007\r\n\tHostId=b93512b4-f83f-4fb7-9cc4-5de81a588775\r\n\tHostApplication=powershell.exe &amp; {Import-Module -Name Az.Resources\r\n$PWord = ConvertTo-SecureString -String \"p4sswd\" -AsPlainText -Force\r\n$Credential = New-Object -TypeName System.Management.Automation.PSCredential -ArgumentList \"jonh@contoso.com\", $Pword\r\nConnect-AzAccount -Credential $Credential\r\n\r\n$sp = Get-AzADServicePrincipal | where-object {$_.DisplayName -eq \"SuperSP\"}\r\nif ($sp -eq $null) { Write-Warning \"Service Principal not found\"; exit }\r\n$subscription = Get-AzSubscription | where-object {$_.Name -eq \"Azure subscription 1\"} \r\nif ($subscription -eq $null) { Write-Warning \"Subscription not found\"; exit }\r\n$role = Get-AzRoleDefinition | where-object {$_.Name -eq \"Reader\"}\r\nif ($role -eq $null) { Write-Warning \"Role not found\"; exit }\r\n\r\nNew-AzRoleAssignment -ObjectId $sp.id -RoleDefinitionId $role.id -Scope /subscriptions/$subscription\r\nWrite-Host \"Service Principal $($sp.DisplayName) was added to $($role.Name) role in subscriptions $($subscriptions.Name)\"}\r\n\tEngineVersion=5.1.19041.5007\r\n\tRunspaceId=c00bb9e2-c913-4c36-8b2d-5faed803805f\r\n\tPipelineId=2\r\n\tCommandName=\r\n\tCommandType=\r\n\tScriptName=\r\n\tCommandPath=\r\n\tCommandLine=","Binary":""}}}
{"Event":{"System":{"Provider":{"@Name":"PowerShell"},"EventID":{"@Qualifiers":"0","#text":"403"},"Version":"0","Level":"4","Task":"4","Opcode":"0","Keywords":"0x80000000000000","TimeCreated":{"@SystemTime":"2024-10-24 09:56:31.5314796"},"EventRecordID":"1144","Correlation":null,"Execution":{"@ProcessID":"0","@ThreadID":"0"},"Channel":"Windows PowerShell","Computer":"Server002","Security":null},"EventData":{"Data":"Stopped, Available, \tNewEngineState=Stopped\r\n\tPreviousEngineState=Available\r\n\r\n\tSequenceNumber=17\r\n\r\n\tHostName=ConsoleHost\r\n\tHostVersion=5.1.19041.5007\r\n\tHostId=b93512b4-f83f-4fb7-9cc4-5de81a588775\r\n\tHostApplication=powershell.exe &amp; {Import-Module -Name Az.Resources\r\n$PWord = ConvertTo-SecureString -String \"p4sswd\" -AsPlainText -Force\r\n$Credential = New-Object -TypeName System.Management.Automation.PSCredential -ArgumentList \"jonh@contoso.com\", $Pword\r\nConnect-AzAccount -Credential $Credential\r\n\r\n$sp = Get-AzADServicePrincipal | where-object {$_.DisplayName -eq \"SuperSP\"}\r\nif ($sp -eq $null) { Write-Warning \"Service Principal not found\"; exit }\r\n$subscription = Get-AzSubscription | where-object {$_.Name -eq \"Azure subscription 1\"} \r\nif ($subscription -eq $null) { Write-Warning \"Subscription not found\"; exit }\r\n$role = Get-AzRoleDefinition | where-object {$_.Name -eq \"Reader\"}\r\nif ($role -eq $null) { Write-Warning \"Role not found\"; exit }\r\n\r\nNew-AzRoleAssignment -ObjectId $sp.id -RoleDefinitionId $role.id -Scope /subscriptions/$subscription\r\nWrite-Host \"Service Principal $($sp.DisplayName) was added to $($role.Name) role in subscriptions $($subscriptions.Name)\"}\r\n\tEngineVersion=5.1.19041.5007\r\n\tRunspaceId=c00bb9e2-c913-4c36-8b2d-5faed803805f\r\n\tPipelineId=\r\n\tCommandName=\r\n\tCommandType=\r\n\tScriptName=\r\n\tCommandPath=\r\n\tCommandLine=","Binary":""}}}
