{"Event":{"System":{"Provider":{"@Name":"PowerShell"},"EventID":{"@Qualifiers":"0","#text":"600"},"Version":"0","Level":"4","Task":"6","Opcode":"0","Keywords":"0x80000000000000","TimeCreated":{"@SystemTime":"2024-10-27 13:33:18.3350982"},"EventRecordID":"1043","Correlation":null,"Execution":{"@ProcessID":"0","@ThreadID":"0"},"Channel":"Windows PowerShell","Computer":"Server002","Security":null},"EventData":{"Data":"Registry, Started, \tProviderName=Registry\r\n\tNewProviderState=Started\r\n\r\n\tSequenceNumber=1\r\n\r\n\tHostName=ConsoleHost\r\n\tHostVersion=5.1.19041.5007\r\n\tHostId=ee48c278-1e89-434c-8dc7-e2ee1f8e7968\r\n\tHostApplication=powershell.exe &amp; {$FilterArgs = @{name='AtomicRedTeam-WMIPersistence-CommandLineEventConsumer-Example';\r\n EventNameSpace='root\\CimV2';\r\n QueryLanguage=\"WQL\";\r\n Query=\"SELECT * FROM __InstanceModificationEvent WITHIN 60 WHERE TargetInstance ISA 'Win32_PerfFormattedData_PerfOS_System' AND TargetInstance.SystemUpTime &gt;= 240 AND TargetInstance.SystemUpTime &lt; 325\"};\r\n$Filter=New-CimInstance -Namespace root/subscription -ClassName __EventFilter -Property $FilterArgs\r\n\r\n$ConsumerArgs = @{name='AtomicRedTeam-WMIPersistence-CommandLineEventConsumer-Example';\r\n CommandLineTemplate=\"$($Env:SystemRoot)\\System32\\notepad.exe\";}\r\n$Consumer=New-CimInstance -Namespace root/subscription -ClassName CommandLineEventConsumer -Property $ConsumerArgs\r\n\r\n$FilterToConsumerArgs = @{\r\nFilter = [Ref] $Filter;\r\nConsumer = [Ref] $Consumer;\r\n}\r\n$FilterToConsumerBinding = New-CimInstance -Namespace root/subscription -ClassName __FilterToConsumerBinding -Property $FilterToConsumerArgs}\r\n\tEngineVersion=\r\n\tRunspaceId=\r\n\tPipelineId=\r\n\tCommandName=\r\n\tCommandType=\r\n\tScriptName=\r\n\tCommandPath=\r\n\tCommandLine=","Binary":""}}}
{"Event":{"System":{"Provider":{"@Name":"PowerShell"},"EventID":{"@Qualifiers":"0","#text":"600"},"Version":"0","Level":"4","Task":"6","Opcode":"0","Keywords":"0x80000000000000","TimeCreated":{"@SystemTime":"2024-10-27 13:33:18.3400418"},"EventRecordID":"1044","Correlation":null,"Execution":{"@ProcessID":"0","@ThreadID":"0"},"Channel":"Windows PowerShell","Computer":"Server002","Security":null},"EventData":{"Data":"Alias, Started, \tProviderName=Alias\r\n\tNewProviderState=Started\r\n\r\n\tSequenceNumber=3\r\n\r\n\tHostName=ConsoleHost\r\n\tHostVersion=5.1.19041.5007\r\n\tHostId=ee48c278-1e89-434c-8dc7-e2ee1f8e7968\r\n\tHostApplication=powershell.exe &amp; {$FilterArgs = @{name='AtomicRedTeam-WMIPersistence-CommandLineEventConsumer-Example';\r\n EventNameSpace='root\\CimV2';\r\n QueryLanguage=\"WQL\";\r\n Query=\"SELECT * FROM __InstanceModificationEvent WITHIN 60 WHERE TargetInstance ISA 'Win32_PerfFormattedData_PerfOS_System' AND TargetInstance.SystemUpTime &gt;= 240 AND TargetInstance.SystemUpTime &lt; 325\"};\r\n$Filter=New-CimInstance -Namespace root/subscription -ClassName __EventFilter -Property $FilterArgs\r\n\r\n$ConsumerArgs = @{name='AtomicRedTeam-WMIPersistence-CommandLineEventConsumer-Example';\r\n CommandLineTemplate=\"$($Env:SystemRoot)\\System32\\notepad.exe\";}\r\n$Consumer=New-CimInstance -Namespace root/subscription -ClassName CommandLineEventConsumer -Property $ConsumerArgs\r\n\r\n$FilterToConsumerArgs = @{\r\nFilter = [Ref] $Filter;\r\nConsumer = [Ref] $Consumer;\r\n}\r\n$FilterToConsumerBinding = New-CimInstance -Namespace root/subscription -ClassName __FilterToConsumerBinding -Property $FilterToConsumerArgs}\r\n\tEngineVersion=\r\n\tRunspaceId=\r\n\tPipelineId=\r\n\tCommandName=\r\n\tCommandType=\r\n\tScriptName=\r\n\tCommandPath=\r\n\tCommandLine=","Binary":""}}}
{"Event":{"System":{"Provider":{"@Name":"PowerShell"},"EventID":{"@Qualifiers":"0","#text":"600"},"Version":"0","Level":"4","Task":"6","Opcode":"0","Keywords":"0x80000000000000","TimeCreated":{"@SystemTime":"2024-10-27 13:33:18.3400418"},"EventRecordID":"1045","Correlation":null,"Execution":{"@ProcessID":"0","@ThreadID":"0"},"Channel":"Windows PowerShell","Computer":"Server002","Security":null},"EventData":{"Data":"Environment, Started, \tProviderName=Environment\r\n\tNewProviderState=Started\r\n\r\n\tSequenceNumber=5\r\n\r\n\tHostName=ConsoleHost\r\n\tHostVersion=5.1.19041.5007\r\n\tHostId=ee48c278-1e89-434c-8dc7-e2ee1f8e7968\r\n\tHostApplication=powershell.exe &amp; {$FilterArgs = @{name='AtomicRedTeam-WMIPersistence-CommandLineEventConsumer-Example';\r\n EventNameSpace='root\\CimV2';\r\n QueryLanguage=\"WQL\";\r\n Query=\"SELECT * FROM __InstanceModificationEvent WITHIN 60 WHERE TargetInstance ISA 'Win32_PerfFormattedData_PerfOS_System' AND TargetInstance.SystemUpTime &gt;= 240 AND TargetInstance.SystemUpTime &lt; 325\"};\r\n$Filter=New-CimInstance -Namespace root/subscription -ClassName __EventFilter -Property $FilterArgs\r\n\r\n$ConsumerArgs = @{name='AtomicRedTeam-WMIPersistence-CommandLineEventConsumer-Example';\r\n CommandLineTemplate=\"$($Env:SystemRoot)\\System32\\notepad.exe\";}\r\n$Consumer=New-CimInstance -Namespace root/subscription -ClassName CommandLineEventConsumer -Property $ConsumerArgs\r\n\r\n$FilterToConsumerArgs = @{\r\nFilter = [Ref] $Filter;\r\nConsumer = [Ref] $Consumer;\r\n}\r\n$FilterToConsumerBinding = New-CimInstance -Namespace root/subscription -ClassName __FilterToConsumerBinding -Property $FilterToConsumerArgs}\r\n\tEngineVersion=\r\n\tRunspaceId=\r\n\tPipelineId=\r\n\tCommandName=\r\n\tCommandType=\r\n\tScriptName=\r\n\tCommandPath=\r\n\tCommandLine=","Binary":""}}}
{"Event":{"System":{"Provider":{"@Name":"PowerShell"},"EventID":{"@Qualifiers":"0","#text":"600"},"Version":"0","Level":"4","Task":"6","Opcode":"0","Keywords":"0x80000000000000","TimeCreated":{"@SystemTime":"2024-10-27 13:33:18.3400418"},"EventRecordID":"1046","Correlation":null,"Execution":{"@ProcessID":"0","@ThreadID":"0"},"Channel":"Windows PowerShell","Computer":"Server002","Security":null},"EventData":{"Data":"FileSystem, Started, \tProviderName=FileSystem\r\n\tNewProviderState=Started\r\n\r\n\tSequenceNumber=7\r\n\r\n\tHostName=ConsoleHost\r\n\tHostVersion=5.1.19041.5007\r\n\tHostId=ee48c278-1e89-434c-8dc7-e2ee1f8e7968\r\n\tHostApplication=powershell.exe &amp; {$FilterArgs = @{name='AtomicRedTeam-WMIPersistence-CommandLineEventConsumer-Example';\r\n EventNameSpace='root\\CimV2';\r\n QueryLanguage=\"WQL\";\r\n Query=\"SELECT * FROM __InstanceModificationEvent WITHIN 60 WHERE TargetInstance ISA 'Win32_PerfFormattedData_PerfOS_System' AND TargetInstance.SystemUpTime &gt;= 240 AND TargetInstance.SystemUpTime &lt; 325\"};\r\n$Filter=New-CimInstance -Namespace root/subscription -ClassName __EventFilter -Property $FilterArgs\r\n\r\n$ConsumerArgs = @{name='AtomicRedTeam-WMIPersistence-CommandLineEventConsumer-Example';\r\n CommandLineTemplate=\"$($Env:SystemRoot)\\System32\\notepad.exe\";}\r\n$Consumer=New-CimInstance -Namespace root/subscription -ClassName CommandLineEventConsumer -Property $ConsumerArgs\r\n\r\n$FilterToConsumerArgs = @{\r\nFilter = [Ref] $Filter;\r\nConsumer = [Ref] $Consumer;\r\n}\r\n$FilterToConsumerBinding = New-CimInstance -Namespace root/subscription -ClassName __FilterToConsumerBinding -Property $FilterToConsumerArgs}\r\n\tEngineVersion=\r\n\tRunspaceId=\r\n\tPipelineId=\r\n\tCommandName=\r\n\tCommandType=\r\n\tScriptName=\r\n\tCommandPath=\r\n\tCommandLine=","Binary":""}}}
{"Event":{"System":{"Provider":{"@Name":"PowerShell"},"EventID":{"@Qualifiers":"0","#text":"600"},"Version":"0","Level":"4","Task":"6","Opcode":"0","Keywords":"0x80000000000000","TimeCreated":{"@SystemTime":"2024-10-27 13:33:18.3400418"},"EventRecordID":"1047","Correlation":null,"Execution":{"@ProcessID":"0","@ThreadID":"0"},"Channel":"Windows PowerShell","Computer":"Server002","Security":null},"EventData":{"Data":"Function, Started, \tProviderName=Function\r\n\tNewProviderState=Started\r\n\r\n\tSequenceNumber=9\r\n\r\n\tHostName=ConsoleHost\r\n\tHostVersion=5.1.19041.5007\r\n\tHostId=ee48c278-1e89-434c-8dc7-e2ee1f8e7968\r\n\tHostApplication=powershell.exe &amp; {$FilterArgs = @{name='AtomicRedTeam-WMIPersistence-CommandLineEventConsumer-Example';\r\n EventNameSpace='root\\CimV2';\r\n QueryLanguage=\"WQL\";\r\n Query=\"SELECT * FROM __InstanceModificationEvent WITHIN 60 WHERE TargetInstance ISA 'Win32_PerfFormattedData_PerfOS_System' AND TargetInstance.SystemUpTime &gt;= 240 AND TargetInstance.SystemUpTime &lt; 325\"};\r\n$Filter=New-CimInstance -Namespace root/subscription -ClassName __EventFilter -Property $FilterArgs\r\n\r\n$ConsumerArgs = @{name='AtomicRedTeam-WMIPersistence-CommandLineEventConsumer-Example';\r\n CommandLineTemplate=\"$($Env:SystemRoot)\\System32\\notepad.exe\";}\r\n$Consumer=New-CimInstance -Namespace root/subscription -ClassName CommandLineEventConsumer -Property $ConsumerArgs\r\n\r\n$FilterToConsumerArgs = @{\r\nFilter = [Ref] $Filter;\r\nConsumer = [Ref] $Consumer;\r\n}\r\n$FilterToConsumerBinding = New-CimInstance -Namespace root/subscription -ClassName __FilterToConsumerBinding -Property $FilterToConsumerArgs}\r\n\tEngineVersion=\r\n\tRunspaceId=\r\n\tPipelineId=\r\n\tCommandName=\r\n\tCommandType=\r\n\tScriptName=\r\n\tCommandPath=\r\n\tCommandLine=","Binary":""}}}
{"Event":{"System":{"Provider":{"@Name":"PowerShell"},"EventID":{"@Qualifiers":"0","#text":"600"},"Version":"0","Level":"4","Task":"6","Opcode":"0","Keywords":"0x80000000000000","TimeCreated":{"@SystemTime":"2024-10-27 13:33:18.3400418"},"EventRecordID":"1048","Correlation":null,"Execution":{"@ProcessID":"0","@ThreadID":"0"},"Channel":"Windows PowerShell","Computer":"Server002","Security":null},"EventData":{"Data":"Variable, Started, \tProviderName=Variable\r\n\tNewProviderState=Started\r\n\r\n\tSequenceNumber=11\r\n\r\n\tHostName=ConsoleHost\r\n\tHostVersion=5.1.19041.5007\r\n\tHostId=ee48c278-1e89-434c-8dc7-e2ee1f8e7968\r\n\tHostApplication=powershell.exe &amp; {$FilterArgs = @{name='AtomicRedTeam-WMIPersistence-CommandLineEventConsumer-Example';\r\n EventNameSpace='root\\CimV2';\r\n QueryLanguage=\"WQL\";\r\n Query=\"SELECT * FROM __InstanceModificationEvent WITHIN 60 WHERE TargetInstance ISA 'Win32_PerfFormattedData_PerfOS_System' AND TargetInstance.SystemUpTime &gt;= 240 AND TargetInstance.SystemUpTime &lt; 325\"};\r\n$Filter=New-CimInstance -Namespace root/subscription -ClassName __EventFilter -Property $FilterArgs\r\n\r\n$ConsumerArgs = @{name='AtomicRedTeam-WMIPersistence-CommandLineEventConsumer-Example';\r\n CommandLineTemplate=\"$($Env:SystemRoot)\\System32\\notepad.exe\";}\r\n$Consumer=New-CimInstance -Namespace root/subscription -ClassName CommandLineEventConsumer -Property $ConsumerArgs\r\n\r\n$FilterToConsumerArgs = @{\r\nFilter = [Ref] $Filter;\r\nConsumer = [Ref] $Consumer;\r\n}\r\n$FilterToConsumerBinding = New-CimInstance -Namespace root/subscription -ClassName __FilterToConsumerBinding -Property $FilterToConsumerArgs}\r\n\tEngineVersion=\r\n\tRunspaceId=\r\n\tPipelineId=\r\n\tCommandName=\r\n\tCommandType=\r\n\tScriptName=\r\n\tCommandPath=\r\n\tCommandLine=","Binary":""}}}
{"Event":{"System":{"Provider":{"@Name":"PowerShell"},"EventID":{"@Qualifiers":"0","#text":"400"},"Version":"0","Level":"4","Task":"4","Opcode":"0","Keywords":"0x80000000000000","TimeCreated":{"@SystemTime":"2024-10-27 13:33:18.5306896"},"EventRecordID":"1049","Correlation":null,"Execution":{"@ProcessID":"0","@ThreadID":"0"},"Channel":"Windows PowerShell","Computer":"Server002","Security":null},"EventData":{"Data":"Available, None, \tNewEngineState=Available\r\n\tPreviousEngineState=None\r\n\r\n\tSequenceNumber=13\r\n\r\n\tHostName=ConsoleHost\r\n\tHostVersion=5.1.19041.5007\r\n\tHostId=ee48c278-1e89-434c-8dc7-e2ee1f8e7968\r\n\tHostApplication=powershell.exe &amp; {$FilterArgs = @{name='AtomicRedTeam-WMIPersistence-CommandLineEventConsumer-Example';\r\n EventNameSpace='root\\CimV2';\r\n QueryLanguage=\"WQL\";\r\n Query=\"SELECT * FROM __InstanceModificationEvent WITHIN 60 WHERE TargetInstance ISA 'Win32_PerfFormattedData_PerfOS_System' AND TargetInstance.SystemUpTime &gt;= 240 AND TargetInstance.SystemUpTime &lt; 325\"};\r\n$Filter=New-CimInstance -Namespace root/subscription -ClassName __EventFilter -Property $FilterArgs\r\n\r\n$ConsumerArgs = @{name='AtomicRedTeam-WMIPersistence-CommandLineEventConsumer-Example';\r\n CommandLineTemplate=\"$($Env:SystemRoot)\\System32\\notepad.exe\";}\r\n$Consumer=New-CimInstance -Namespace root/subscription -ClassName CommandLineEventConsumer -Property $ConsumerArgs\r\n\r\n$FilterToConsumerArgs = @{\r\nFilter = [Ref] $Filter;\r\nConsumer = [Ref] $Consumer;\r\n}\r\n$FilterToConsumerBinding = New-CimInstance -Namespace root/subscription -ClassName __FilterToConsumerBinding -Property $FilterToConsumerArgs}\r\n\tEngineVersion=5.1.19041.5007\r\n\tRunspaceId=748a442f-7c35-43d1-94c8-392e9204e8a4\r\n\tPipelineId=\r\n\tCommandName=\r\n\tCommandType=\r\n\tScriptName=\r\n\tCommandPath=\r\n\tCommandLine=","Binary":""}}}
{"Event":{"System":{"Provider":{"@Name":"PowerShell"},"EventID":{"@Qualifiers":"0","#text":"403"},"Version":"0","Level":"4","Task":"4","Opcode":"0","Keywords":"0x80000000000000","TimeCreated":{"@SystemTime":"2024-10-27 13:33:19.1279632"},"EventRecordID":"1050","Correlation":null,"Execution":{"@ProcessID":"0","@ThreadID":"0"},"Channel":"Windows PowerShell","Computer":"Server002","Security":null},"EventData":{"Data":"Stopped, Available, \tNewEngineState=Stopped\r\n\tPreviousEngineState=Available\r\n\r\n\tSequenceNumber=15\r\n\r\n\tHostName=ConsoleHost\r\n\tHostVersion=5.1.19041.5007\r\n\tHostId=ee48c278-1e89-434c-8dc7-e2ee1f8e7968\r\n\tHostApplication=powershell.exe &amp; {$FilterArgs = @{name='AtomicRedTeam-WMIPersistence-CommandLineEventConsumer-Example';\r\n EventNameSpace='root\\CimV2';\r\n QueryLanguage=\"WQL\";\r\n Query=\"SELECT * FROM __InstanceModificationEvent WITHIN 60 WHERE TargetInstance ISA 'Win32_PerfFormattedData_PerfOS_System' AND TargetInstance.SystemUpTime &gt;= 240 AND TargetInstance.SystemUpTime &lt; 325\"};\r\n$Filter=New-CimInstance -Namespace root/subscription -ClassName __EventFilter -Property $FilterArgs\r\n\r\n$ConsumerArgs = @{name='AtomicRedTeam-WMIPersistence-CommandLineEventConsumer-Example';\r\n CommandLineTemplate=\"$($Env:SystemRoot)\\System32\\notepad.exe\";}\r\n$Consumer=New-CimInstance -Namespace root/subscription -ClassName CommandLineEventConsumer -Property $ConsumerArgs\r\n\r\n$FilterToConsumerArgs = @{\r\nFilter = [Ref] $Filter;\r\nConsumer = [Ref] $Consumer;\r\n}\r\n$FilterToConsumerBinding = New-CimInstance -Namespace root/subscription -ClassName __FilterToConsumerBinding -Property $FilterToConsumerArgs}\r\n\tEngineVersion=5.1.19041.5007\r\n\tRunspaceId=748a442f-7c35-43d1-94c8-392e9204e8a4\r\n\tPipelineId=\r\n\tCommandName=\r\n\tCommandType=\r\n\tScriptName=\r\n\tCommandPath=\r\n\tCommandLine=","Binary":""}}}
