{"Event":{"System":{"Provider":{"@Name":"Microsoft-Windows-Sysmon","@Guid":"5770385f-c22a-43e0-bf4c-06f5698ffbd9"},"EventID":"1","Version":"5","Level":"4","Task":"1","Opcode":"0","Keywords":"0x8000000000000000","TimeCreated":{"@SystemTime":"2024-10-27 19:55:20.2301924"},"EventRecordID":"17993","Correlation":null,"Execution":{"@ProcessID":"2616","@ThreadID":"3908"},"Channel":"Microsoft-Windows-Sysmon/Operational","Computer":"Server002","Security":{"@UserID":"S-1-5-18"}},"EventData":{"Data":[{"@Name":"RuleName","#text":"-"},{"@Name":"UtcTime","#text":"2024-10-27 19:55:20.216"},{"@Name":"ProcessGuid","#text":"dbf410b3-9aa8-671e-d100-000000003900"},{"@Name":"ProcessId","#text":"5692"},{"@Name":"Image","#text":"C:\\Program Files (x86)\\Microsoft\\EdgeUpdate\\Install\\{A0A8CFD0-E341-42BB-9BE6-B815209D5795}\\MicrosoftEdgeUpdateSetup_X86_1.3.195.27.exe"},{"@Name":"FileVersion","#text":"1.3.195.27"},{"@Name":"Description","#text":"Microsoft Edge Update Setup"},{"@Name":"Product","#text":"Microsoft Edge Update"},{"@Name":"Company","#text":"Microsoft Corporation"},{"@Name":"OriginalFileName","#text":"MicrosoftEdgeUpdateSetup.exe"},{"@Name":"CommandLine","#text":"\"C:\\Program Files (x86)\\Microsoft\\EdgeUpdate\\Install\\{A0A8CFD0-E341-42BB-9BE6-B815209D5795}\\MicrosoftEdgeUpdateSetup_X86_1.3.195.27.exe\" /update /sessionid \"{101A8B21-FBF9-4E33-8E3A-41F8CA1AED1C}\""},{"@Name":"CurrentDirectory","#text":"C:\\Program Files (x86)\\Microsoft\\EdgeUpdate\\1.3.195.25\\"},{"@Name":"User","#text":"NT AUTHORITY\\SYSTEM"},{"@Name":"LogonGuid","#text":"dbf410b3-a813-671e-e703-000000000000"},{"@Name":"LogonId","#text":"0x3E7"},{"@Name":"TerminalSessionId","#text":"0"},{"@Name":"IntegrityLevel","#text":"System"},{"@Name":"Hashes","#text":"SHA256=0A72666092EAD1E76DF637ADD3C76CE00F7F2DB1F3E2A8AF092D8BBE2F4CD91E"},{"@Name":"ParentProcessGuid","#text":"dbf410b3-9aa4-671e-d000-000000003900"},{"@Name":"ParentProcessId","#text":"6992"},{"@Name":"ParentImage","#text":"C:\\Program Files (x86)\\Microsoft\\EdgeUpdate\\MicrosoftEdgeUpdate.exe"},{"@Name":"ParentCommandLine","#text":"\"C:\\Program Files (x86)\\Microsoft\\EdgeUpdate\\MicrosoftEdgeUpdate.exe\" /svc"},{"@Name":"ParentUser","#text":"NT AUTHORITY\\SYSTEM"}]}}}

{"Event":{"System":{"Provider":{"@Name":"Microsoft-Windows-Sysmon","@Guid":"5770385f-c22a-43e0-bf4c-06f5698ffbd9"},"EventID":"5","Version":"3","Level":"4","Task":"5","Opcode":"0","Keywords":"0x8000000000000000","TimeCreated":{"@SystemTime":"2024-10-27 19:55:20.9615197"},"EventRecordID":"17995","Correlation":null,"Execution":{"@ProcessID":"2616","@ThreadID":"3908"},"Channel":"Microsoft-Windows-Sysmon/Operational","Computer":"Server002","Security":{"@UserID":"S-1-5-18"}},"EventData":{"Data":[{"@Name":"RuleName","#text":"-"},{"@Name":"UtcTime","#text":"2024-10-27 19:55:20.957"},{"@Name":"ProcessGuid","#text":"dbf410b3-9aa8-671e-d200-000000003900"},{"@Name":"ProcessId","#text":"5624"},{"@Name":"Image","#text":"C:\\Program Files (x86)\\Microsoft\\EdgeUpdate\\MicrosoftEdgeUpdate.exe"},{"@Name":"User","#text":"NT AUTHORITY\\SYSTEM"}]}}}
{"Event":{"System":{"Provider":{"@Name":"Microsoft-Windows-Sysmon","@Guid":"5770385f-c22a-43e0-bf4c-06f5698ffbd9"},"EventID":"5","Version":"3","Level":"4","Task":"5","Opcode":"0","Keywords":"0x8000000000000000","TimeCreated":{"@SystemTime":"2024-10-27 19:55:21.0282598"},"EventRecordID":"17996","Correlation":null,"Execution":{"@ProcessID":"2616","@ThreadID":"3908"},"Channel":"Microsoft-Windows-Sysmon/Operational","Computer":"Server002","Security":{"@UserID":"S-1-5-18"}},"EventData":{"Data":[{"@Name":"RuleName","#text":"-"},{"@Name":"UtcTime","#text":"2024-10-27 19:55:21.024"},{"@Name":"ProcessGuid","#text":"dbf410b3-9aa4-671e-d000-000000003900"},{"@Name":"ProcessId","#text":"6992"},{"@Name":"Image","#text":"C:\\Program Files (x86)\\Microsoft\\EdgeUpdate\\MicrosoftEdgeUpdate.exe"},{"@Name":"User","#text":"NT AUTHORITY\\SYSTEM"}]}}}
{"Event":{"System":{"Provider":{"@Name":"Microsoft-Windows-Sysmon","@Guid":"5770385f-c22a-43e0-bf4c-06f5698ffbd9"},"EventID":"5","Version":"3","Level":"4","Task":"5","Opcode":"0","Keywords":"0x8000000000000000","TimeCreated":{"@SystemTime":"2024-10-27 19:55:21.0294051"},"EventRecordID":"17997","Correlation":null,"Execution":{"@ProcessID":"2616","@ThreadID":"3908"},"Channel":"Microsoft-Windows-Sysmon/Operational","Computer":"Server002","Security":{"@UserID":"S-1-5-18"}},"EventData":{"Data":[{"@Name":"RuleName","#text":"-"},{"@Name":"UtcTime","#text":"2024-10-27 19:55:21.024"},{"@Name":"ProcessGuid","#text":"dbf410b3-9a83-671e-b300-000000003900"},{"@Name":"ProcessId","#text":"6568"},{"@Name":"Image","#text":"C:\\Program Files (x86)\\Microsoft\\EdgeUpdate\\MicrosoftEdgeUpdate.exe"},{"@Name":"User","#text":"NT AUTHORITY\\SYSTEM"}]}}}
{"Event":{"System":{"Provider":{"@Name":"Microsoft-Windows-Sysmon","@Guid":"5770385f-c22a-43e0-bf4c-06f5698ffbd9"},"EventID":"1","Version":"5","Level":"4","Task":"1","Opcode":"0","Keywords":"0x8000000000000000","TimeCreated":{"@SystemTime":"2024-10-27 19:55:22.5838485"},"EventRecordID":"17998","Correlation":null,"Execution":{"@ProcessID":"2616","@ThreadID":"3908"},"Channel":"Microsoft-Windows-Sysmon/Operational","Computer":"Server002","Security":{"@UserID":"S-1-5-18"}},"EventData":{"Data":[{"@Name":"RuleName","#text":"-"},{"@Name":"UtcTime","#text":"2024-10-27 19:55:22.579"},{"@Name":"ProcessGuid","#text":"dbf410b3-9aaa-671e-d300-000000003900"},{"@Name":"ProcessId","#text":"5520"},{"@Name":"Image","#text":"C:\\Program Files (x86)\\Microsoft\\Temp\\EUCC10.tmp\\MicrosoftEdgeUpdate.exe"},{"@Name":"FileVersion","#text":"1.3.195.27"},{"@Name":"Description","#text":"Microsoft Edge Update"},{"@Name":"Product","#text":"Microsoft Edge Update"},{"@Name":"Company","#text":"Microsoft Corporation"},{"@Name":"OriginalFileName","#text":"msedgeupdate.dll"},{"@Name":"CommandLine","#text":"\"C:\\Program Files (x86)\\Microsoft\\Temp\\EUCC10.tmp\\MicrosoftEdgeUpdate.exe\" /update /sessionid \"{101A8B21-FBF9-4E33-8E3A-41F8CA1AED1C}\""},{"@Name":"CurrentDirectory","#text":"C:\\Program Files (x86)\\Microsoft\\EdgeUpdate\\1.3.195.25\\"},{"@Name":"User","#text":"NT AUTHORITY\\SYSTEM"},{"@Name":"LogonGuid","#text":"dbf410b3-a813-671e-e703-000000000000"},{"@Name":"LogonId","#text":"0x3E7"},{"@Name":"TerminalSessionId","#text":"0"},{"@Name":"IntegrityLevel","#text":"System"},{"@Name":"Hashes","#text":"SHA256=4EFCC591343962C4E518E94B9265AB444CA07423254EF7B2828C9478E9A88F5C"},{"@Name":"ParentProcessGuid","#text":"dbf410b3-9aa8-671e-d100-000000003900"},{"@Name":"ParentProcessId","#text":"5692"},{"@Name":"ParentImage","#text":"C:\\Program Files (x86)\\Microsoft\\EdgeUpdate\\Install\\{A0A8CFD0-E341-42BB-9BE6-B815209D5795}\\MicrosoftEdgeUpdateSetup_X86_1.3.195.27.exe"},{"@Name":"ParentCommandLine","#text":"\"C:\\Program Files (x86)\\Microsoft\\EdgeUpdate\\Install\\{A0A8CFD0-E341-42BB-9BE6-B815209D5795}\\MicrosoftEdgeUpdateSetup_X86_1.3.195.27.exe\" /update /sessionid \"{101A8B21-FBF9-4E33-8E3A-41F8CA1AED1C}\""},{"@Name":"ParentUser","#text":"NT AUTHORITY\\SYSTEM"}]}}}
{"Event":{"System":{"Provider":{"@Name":"Microsoft-Windows-Sysmon","@Guid":"5770385f-c22a-43e0-bf4c-06f5698ffbd9"},"EventID":"5","Version":"3","Level":"4","Task":"5","Opcode":"0","Keywords":"0x8000000000000000","TimeCreated":{"@SystemTime":"2024-10-27 19:55:22.6937388"},"EventRecordID":"17999","Correlation":null,"Execution":{"@ProcessID":"2616","@ThreadID":"3908"},"Channel":"Microsoft-Windows-Sysmon/Operational","Computer":"Server002","Security":{"@UserID":"S-1-5-18"}},"EventData":{"Data":[{"@Name":"RuleName","#text":"-"},{"@Name":"UtcTime","#text":"2024-10-27 19:55:22.684"},{"@Name":"ProcessGuid","#text":"dbf410b3-9a83-671e-b200-000000003900"},{"@Name":"ProcessId","#text":"3148"},{"@Name":"Image","#text":"C:\\Program Files (x86)\\Microsoft\\EdgeUpdate\\MicrosoftEdgeUpdate.exe"},{"@Name":"User","#text":"NT AUTHORITY\\SYSTEM"}]}}}
{"Event":{"System":{"Provider":{"@Name":"Microsoft-Windows-Sysmon","@Guid":"5770385f-c22a-43e0-bf4c-06f5698ffbd9"},"EventID":"1","Version":"5","Level":"4","Task":"1","Opcode":"0","Keywords":"0x8000000000000000","TimeCreated":{"@SystemTime":"2024-10-27 19:55:22.9158084"},"EventRecordID":"18000","Correlation":null,"Execution":{"@ProcessID":"2616","@ThreadID":"3908"},"Channel":"Microsoft-Windows-Sysmon/Operational","Computer":"Server002","Security":{"@UserID":"S-1-5-18"}},"EventData":{"Data":[{"@Name":"RuleName","#text":"-"},{"@Name":"UtcTime","#text":"2024-10-27 19:55:22.912"},{"@Name":"ProcessGuid","#text":"dbf410b3-9aaa-671e-d400-000000003900"},{"@Name":"ProcessId","#text":"5516"},{"@Name":"Image","#text":"C:\\Program Files (x86)\\Microsoft\\EdgeUpdate\\MicrosoftEdgeUpdate.exe"},{"@Name":"FileVersion","#text":"1.3.147.37"},{"@Name":"Description","#text":"Microsoft Edge Update"},{"@Name":"Product","#text":"Microsoft Edge Update"},{"@Name":"Company","#text":"Microsoft Corporation"},{"@Name":"OriginalFileName","#text":"msedgeupdate.dll"},{"@Name":"CommandLine","#text":"\"C:\\Program Files (x86)\\Microsoft\\EdgeUpdate\\MicrosoftEdgeUpdate.exe\" /regsvc"},{"@Name":"CurrentDirectory","#text":"C:\\Program Files (x86)\\Microsoft\\Temp\\EUCC10.tmp\\"},{"@Name":"User","#text":"NT AUTHORITY\\SYSTEM"},{"@Name":"LogonGuid","#text":"dbf410b3-a813-671e-e703-000000000000"},{"@Name":"LogonId","#text":"0x3E7"},{"@Name":"TerminalSessionId","#text":"0"},{"@Name":"IntegrityLevel","#text":"System"},{"@Name":"Hashes","#text":"SHA256=3096D8E82917A9B73F322F4B1743E52E9B0C8B3C5933A957E73E29D6973CDD5B"},{"@Name":"ParentProcessGuid","#text":"dbf410b3-9aaa-671e-d300-000000003900"},{"@Name":"ParentProcessId","#text":"5520"},{"@Name":"ParentImage","#text":"C:\\Program Files (x86)\\Microsoft\\Temp\\EUCC10.tmp\\MicrosoftEdgeUpdate.exe"},{"@Name":"ParentCommandLine","#text":"\"C:\\Program Files (x86)\\Microsoft\\Temp\\EUCC10.tmp\\MicrosoftEdgeUpdate.exe\" /update /sessionid \"{101A8B21-FBF9-4E33-8E3A-41F8CA1AED1C}\""},{"@Name":"ParentUser","#text":"NT AUTHORITY\\SYSTEM"}]}}}
{"Event":{"System":{"Provider":{"@Name":"Microsoft-Windows-Sysmon","@Guid":"5770385f-c22a-43e0-bf4c-06f5698ffbd9"},"EventID":"5","Version":"3","Level":"4","Task":"5","Opcode":"0","Keywords":"0x8000000000000000","TimeCreated":{"@SystemTime":"2024-10-27 19:55:23.0019128"},"EventRecordID":"18001","Correlation":null,"Execution":{"@ProcessID":"2616","@ThreadID":"3908"},"Channel":"Microsoft-Windows-Sysmon/Operational","Computer":"Server002","Security":{"@UserID":"S-1-5-18"}},"EventData":{"Data":[{"@Name":"RuleName","#text":"-"},{"@Name":"UtcTime","#text":"2024-10-27 19:55:22.995"},{"@Name":"ProcessGuid","#text":"dbf410b3-9aaa-671e-d400-000000003900"},{"@Name":"ProcessId","#text":"5516"},{"@Name":"Image","#text":"C:\\Program Files (x86)\\Microsoft\\EdgeUpdate\\MicrosoftEdgeUpdate.exe"},{"@Name":"User","#text":"NT AUTHORITY\\SYSTEM"}]}}}
{"Event":{"System":{"Provider":{"@Name":"Microsoft-Windows-Sysmon","@Guid":"5770385f-c22a-43e0-bf4c-06f5698ffbd9"},"EventID":"1","Version":"5","Level":"4","Task":"1","Opcode":"0","Keywords":"0x8000000000000000","TimeCreated":{"@SystemTime":"2024-10-27 19:55:23.0871904"},"EventRecordID":"18002","Correlation":null,"Execution":{"@ProcessID":"2616","@ThreadID":"3908"},"Channel":"Microsoft-Windows-Sysmon/Operational","Computer":"Server002","Security":{"@UserID":"S-1-5-18"}},"EventData":{"Data":[{"@Name":"RuleName","#text":"-"},{"@Name":"UtcTime","#text":"2024-10-27 19:55:23.083"},{"@Name":"ProcessGuid","#text":"dbf410b3-9aab-671e-d500-000000003900"},{"@Name":"ProcessId","#text":"7032"},{"@Name":"Image","#text":"C:\\Program Files (x86)\\Microsoft\\EdgeUpdate\\MicrosoftEdgeUpdate.exe"},{"@Name":"FileVersion","#text":"1.3.147.37"},{"@Name":"Description","#text":"Microsoft Edge Update"},{"@Name":"Product","#text":"Microsoft Edge Update"},{"@Name":"Company","#text":"Microsoft Corporation"},{"@Name":"OriginalFileName","#text":"msedgeupdate.dll"},{"@Name":"CommandLine","#text":"\"C:\\Program Files (x86)\\Microsoft\\EdgeUpdate\\MicrosoftEdgeUpdate.exe\" /regserver"},{"@Name":"CurrentDirectory","#text":"C:\\Program Files (x86)\\Microsoft\\Temp\\EUCC10.tmp\\"},{"@Name":"User","#text":"NT AUTHORITY\\SYSTEM"},{"@Name":"LogonGuid","#text":"dbf410b3-a813-671e-e703-000000000000"},{"@Name":"LogonId","#text":"0x3E7"},{"@Name":"TerminalSessionId","#text":"0"},{"@Name":"IntegrityLevel","#text":"System"},{"@Name":"Hashes","#text":"SHA256=3096D8E82917A9B73F322F4B1743E52E9B0C8B3C5933A957E73E29D6973CDD5B"},{"@Name":"ParentProcessGuid","#text":"dbf410b3-9aaa-671e-d300-000000003900"},{"@Name":"ParentProcessId","#text":"5520"},{"@Name":"ParentImage","#text":"C:\\Program Files (x86)\\Microsoft\\Temp\\EUCC10.tmp\\MicrosoftEdgeUpdate.exe"},{"@Name":"ParentCommandLine","#text":"\"C:\\Program Files (x86)\\Microsoft\\Temp\\EUCC10.tmp\\MicrosoftEdgeUpdate.exe\" /update /sessionid \"{101A8B21-FBF9-4E33-8E3A-41F8CA1AED1C}\""},{"@Name":"ParentUser","#text":"NT AUTHORITY\\SYSTEM"}]}}}
{"Event":{"System":{"Provider":{"@Name":"Microsoft-Windows-Sysmon","@Guid":"5770385f-c22a-43e0-bf4c-06f5698ffbd9"},"EventID":"1","Version":"5","Level":"4","Task":"1","Opcode":"0","Keywords":"0x8000000000000000","TimeCreated":{"@SystemTime":"2024-10-27 19:55:23.1781250"},"EventRecordID":"18003","Correlation":null,"Execution":{"@ProcessID":"2616","@ThreadID":"3908"},"Channel":"Microsoft-Windows-Sysmon/Operational","Computer":"Server002","Security":{"@UserID":"S-1-5-18"}},"EventData":{"Data":[{"@Name":"RuleName","#text":"-"},{"@Name":"UtcTime","#text":"2024-10-27 19:55:23.172"},{"@Name":"ProcessGuid","#text":"dbf410b3-9aab-671e-d600-000000003900"},{"@Name":"ProcessId","#text":"6584"},{"@Name":"Image","#text":"C:\\Program Files (x86)\\Microsoft\\EdgeUpdate\\1.3.195.27\\MicrosoftEdgeUpdateComRegisterShell64.exe"},{"@Name":"FileVersion","#text":"1.3.195.27"},{"@Name":"Description","#text":"Microsoft Edge Update COM Registration Helper"},{"@Name":"Product","#text":"Microsoft Edge Update"},{"@Name":"Company","#text":"Microsoft Corporation"},{"@Name":"OriginalFileName","#text":"MicrosoftEdgeUpdateComRegisterShell64.exe"},{"@Name":"CommandLine","#text":"\"C:\\Program Files (x86)\\Microsoft\\EdgeUpdate\\1.3.195.27\\MicrosoftEdgeUpdateComRegisterShell64.exe\"   "},{"@Name":"CurrentDirectory","#text":"C:\\Program Files (x86)\\Microsoft\\EdgeUpdate\\1.3.195.27\\"},{"@Name":"User","#text":"NT AUTHORITY\\SYSTEM"},{"@Name":"LogonGuid","#text":"dbf410b3-a813-671e-e703-000000000000"},{"@Name":"LogonId","#text":"0x3E7"},{"@Name":"TerminalSessionId","#text":"0"},{"@Name":"IntegrityLevel","#text":"System"},{"@Name":"Hashes","#text":"SHA256=4BF5A07C3801A248B6C38715F733E0264A04F7A95038006FD346D454D4ECC07C"},{"@Name":"ParentProcessGuid","#text":"dbf410b3-9aab-671e-d500-000000003900"},{"@Name":"ParentProcessId","#text":"7032"},{"@Name":"ParentImage","#text":"C:\\Program Files (x86)\\Microsoft\\EdgeUpdate\\MicrosoftEdgeUpdate.exe"},{"@Name":"ParentCommandLine","#text":"\"C:\\Program Files (x86)\\Microsoft\\EdgeUpdate\\MicrosoftEdgeUpdate.exe\" /regserver"},{"@Name":"ParentUser","#text":"NT AUTHORITY\\SYSTEM"}]}}}
{"Event":{"System":{"Provider":{"@Name":"Microsoft-Windows-Sysmon","@Guid":"5770385f-c22a-43e0-bf4c-06f5698ffbd9"},"EventID":"5","Version":"3","Level":"4","Task":"5","Opcode":"0","Keywords":"0x8000000000000000","TimeCreated":{"@SystemTime":"2024-10-27 19:55:23.2728783"},"EventRecordID":"18004","Correlation":null,"Execution":{"@ProcessID":"2616","@ThreadID":"3908"},"Channel":"Microsoft-Windows-Sysmon/Operational","Computer":"Server002","Security":{"@UserID":"S-1-5-18"}},"EventData":{"Data":[{"@Name":"RuleName","#text":"-"},{"@Name":"UtcTime","#text":"2024-10-27 19:55:23.264"},{"@Name":"ProcessGuid","#text":"dbf410b3-9aab-671e-d600-000000003900"},{"@Name":"ProcessId","#text":"6584"},{"@Name":"Image","#text":"C:\\Program Files (x86)\\Microsoft\\EdgeUpdate\\1.3.195.27\\MicrosoftEdgeUpdateComRegisterShell64.exe"},{"@Name":"User","#text":"NT AUTHORITY\\SYSTEM"}]}}}
{"Event":{"System":{"Provider":{"@Name":"Microsoft-Windows-Sysmon","@Guid":"5770385f-c22a-43e0-bf4c-06f5698ffbd9"},"EventID":"1","Version":"5","Level":"4","Task":"1","Opcode":"0","Keywords":"0x8000000000000000","TimeCreated":{"@SystemTime":"2024-10-27 19:55:23.4103292"},"EventRecordID":"18005","Correlation":null,"Execution":{"@ProcessID":"2616","@ThreadID":"3908"},"Channel":"Microsoft-Windows-Sysmon/Operational","Computer":"Server002","Security":{"@UserID":"S-1-5-18"}},"EventData":{"Data":[{"@Name":"RuleName","#text":"-"},{"@Name":"UtcTime","#text":"2024-10-27 19:55:23.387"},{"@Name":"ProcessGuid","#text":"dbf410b3-9aab-671e-d700-000000003900"},{"@Name":"ProcessId","#text":"3024"},{"@Name":"Image","#text":"C:\\Program Files (x86)\\Microsoft\\EdgeUpdate\\1.3.195.27\\MicrosoftEdgeUpdateComRegisterShell64.exe"},{"@Name":"FileVersion","#text":"1.3.195.27"},{"@Name":"Description","#text":"Microsoft Edge Update COM Registration Helper"},{"@Name":"Product","#text":"Microsoft Edge Update"},{"@Name":"Company","#text":"Microsoft Corporation"},{"@Name":"OriginalFileName","#text":"MicrosoftEdgeUpdateComRegisterShell64.exe"},{"@Name":"CommandLine","#text":"\"C:\\Program Files (x86)\\Microsoft\\EdgeUpdate\\1.3.195.27\\MicrosoftEdgeUpdateComRegisterShell64.exe\"   "},{"@Name":"CurrentDirectory","#text":"C:\\Program Files (x86)\\Microsoft\\EdgeUpdate\\1.3.195.27\\"},{"@Name":"User","#text":"NT AUTHORITY\\SYSTEM"},{"@Name":"LogonGuid","#text":"dbf410b3-a813-671e-e703-000000000000"},{"@Name":"LogonId","#text":"0x3E7"},{"@Name":"TerminalSessionId","#text":"0"},{"@Name":"IntegrityLevel","#text":"System"},{"@Name":"Hashes","#text":"SHA256=4BF5A07C3801A248B6C38715F733E0264A04F7A95038006FD346D454D4ECC07C"},{"@Name":"ParentProcessGuid","#text":"dbf410b3-9aab-671e-d500-000000003900"},{"@Name":"ParentProcessId","#text":"7032"},{"@Name":"ParentImage","#text":"C:\\Program Files (x86)\\Microsoft\\EdgeUpdate\\MicrosoftEdgeUpdate.exe"},{"@Name":"ParentCommandLine","#text":"\"C:\\Program Files (x86)\\Microsoft\\EdgeUpdate\\MicrosoftEdgeUpdate.exe\" /regserver"},{"@Name":"ParentUser","#text":"NT AUTHORITY\\SYSTEM"}]}}}
{"Event":{"System":{"Provider":{"@Name":"Microsoft-Windows-Sysmon","@Guid":"5770385f-c22a-43e0-bf4c-06f5698ffbd9"},"EventID":"5","Version":"3","Level":"4","Task":"5","Opcode":"0","Keywords":"0x8000000000000000","TimeCreated":{"@SystemTime":"2024-10-27 19:55:23.4623891"},"EventRecordID":"18006","Correlation":null,"Execution":{"@ProcessID":"2616","@ThreadID":"3908"},"Channel":"Microsoft-Windows-Sysmon/Operational","Computer":"Server002","Security":{"@UserID":"S-1-5-18"}},"EventData":{"Data":[{"@Name":"RuleName","#text":"-"},{"@Name":"UtcTime","#text":"2024-10-27 19:55:23.448"},{"@Name":"ProcessGuid","#text":"dbf410b3-9aab-671e-d700-000000003900"},{"@Name":"ProcessId","#text":"3024"},{"@Name":"Image","#text":"C:\\Program Files (x86)\\Microsoft\\EdgeUpdate\\1.3.195.27\\MicrosoftEdgeUpdateComRegisterShell64.exe"},{"@Name":"User","#text":"NT AUTHORITY\\SYSTEM"}]}}}
{"Event":{"System":{"Provider":{"@Name":"Microsoft-Windows-Sysmon","@Guid":"5770385f-c22a-43e0-bf4c-06f5698ffbd9"},"EventID":"1","Version":"5","Level":"4","Task":"1","Opcode":"0","Keywords":"0x8000000000000000","TimeCreated":{"@SystemTime":"2024-10-27 19:55:23.5000962"},"EventRecordID":"18007","Correlation":null,"Execution":{"@ProcessID":"2616","@ThreadID":"3908"},"Channel":"Microsoft-Windows-Sysmon/Operational","Computer":"Server002","Security":{"@UserID":"S-1-5-18"}},"EventData":{"Data":[{"@Name":"RuleName","#text":"-"},{"@Name":"UtcTime","#text":"2024-10-27 19:55:23.496"},{"@Name":"ProcessGuid","#text":"dbf410b3-9aab-671e-d800-000000003900"},{"@Name":"ProcessId","#text":"5664"},{"@Name":"Image","#text":"C:\\Program Files (x86)\\Microsoft\\EdgeUpdate\\1.3.195.27\\MicrosoftEdgeUpdateComRegisterShell64.exe"},{"@Name":"FileVersion","#text":"1.3.195.27"},{"@Name":"Description","#text":"Microsoft Edge Update COM Registration Helper"},{"@Name":"Product","#text":"Microsoft Edge Update"},{"@Name":"Company","#text":"Microsoft Corporation"},{"@Name":"OriginalFileName","#text":"MicrosoftEdgeUpdateComRegisterShell64.exe"},{"@Name":"CommandLine","#text":"\"C:\\Program Files (x86)\\Microsoft\\EdgeUpdate\\1.3.195.27\\MicrosoftEdgeUpdateComRegisterShell64.exe\"   "},{"@Name":"CurrentDirectory","#text":"C:\\Program Files (x86)\\Microsoft\\EdgeUpdate\\1.3.195.27\\"},{"@Name":"User","#text":"NT AUTHORITY\\SYSTEM"},{"@Name":"LogonGuid","#text":"dbf410b3-a813-671e-e703-000000000000"},{"@Name":"LogonId","#text":"0x3E7"},{"@Name":"TerminalSessionId","#text":"0"},{"@Name":"IntegrityLevel","#text":"System"},{"@Name":"Hashes","#text":"SHA256=4BF5A07C3801A248B6C38715F733E0264A04F7A95038006FD346D454D4ECC07C"},{"@Name":"ParentProcessGuid","#text":"dbf410b3-9aab-671e-d500-000000003900"},{"@Name":"ParentProcessId","#text":"7032"},{"@Name":"ParentImage","#text":"C:\\Program Files (x86)\\Microsoft\\EdgeUpdate\\MicrosoftEdgeUpdate.exe"},{"@Name":"ParentCommandLine","#text":"\"C:\\Program Files (x86)\\Microsoft\\EdgeUpdate\\MicrosoftEdgeUpdate.exe\" /regserver"},{"@Name":"ParentUser","#text":"NT AUTHORITY\\SYSTEM"}]}}}
{"Event":{"System":{"Provider":{"@Name":"Microsoft-Windows-Sysmon","@Guid":"5770385f-c22a-43e0-bf4c-06f5698ffbd9"},"EventID":"5","Version":"3","Level":"4","Task":"5","Opcode":"0","Keywords":"0x8000000000000000","TimeCreated":{"@SystemTime":"2024-10-27 19:55:23.5494043"},"EventRecordID":"18008","Correlation":null,"Execution":{"@ProcessID":"2616","@ThreadID":"3908"},"Channel":"Microsoft-Windows-Sysmon/Operational","Computer":"Server002","Security":{"@UserID":"S-1-5-18"}},"EventData":{"Data":[{"@Name":"RuleName","#text":"-"},{"@Name":"UtcTime","#text":"2024-10-27 19:55:23.531"},{"@Name":"ProcessGuid","#text":"dbf410b3-9aab-671e-d800-000000003900"},{"@Name":"ProcessId","#text":"5664"},{"@Name":"Image","#text":"C:\\Program Files (x86)\\Microsoft\\EdgeUpdate\\1.3.195.27\\MicrosoftEdgeUpdateComRegisterShell64.exe"},{"@Name":"User","#text":"NT AUTHORITY\\SYSTEM"}]}}}
{"Event":{"System":{"Provider":{"@Name":"Microsoft-Windows-Sysmon","@Guid":"5770385f-c22a-43e0-bf4c-06f5698ffbd9"},"EventID":"5","Version":"3","Level":"4","Task":"5","Opcode":"0","Keywords":"0x8000000000000000","TimeCreated":{"@SystemTime":"2024-10-27 19:55:23.5912159"},"EventRecordID":"18009","Correlation":null,"Execution":{"@ProcessID":"2616","@ThreadID":"3908"},"Channel":"Microsoft-Windows-Sysmon/Operational","Computer":"Server002","Security":{"@UserID":"S-1-5-18"}},"EventData":{"Data":[{"@Name":"RuleName","#text":"-"},{"@Name":"UtcTime","#text":"2024-10-27 19:55:23.575"},{"@Name":"ProcessGuid","#text":"dbf410b3-9aab-671e-d500-000000003900"},{"@Name":"ProcessId","#text":"7032"},{"@Name":"Image","#text":"C:\\Program Files (x86)\\Microsoft\\EdgeUpdate\\MicrosoftEdgeUpdate.exe"},{"@Name":"User","#text":"NT AUTHORITY\\SYSTEM"}]}}}
{"Event":{"System":{"Provider":{"@Name":"Microsoft-Windows-Sysmon","@Guid":"5770385f-c22a-43e0-bf4c-06f5698ffbd9"},"EventID":"1","Version":"5","Level":"4","Task":"1","Opcode":"0","Keywords":"0x8000000000000000","TimeCreated":{"@SystemTime":"2024-10-27 19:55:23.7039957"},"EventRecordID":"18010","Correlation":null,"Execution":{"@ProcessID":"2616","@ThreadID":"3908"},"Channel":"Microsoft-Windows-Sysmon/Operational","Computer":"Server002","Security":{"@UserID":"S-1-5-18"}},"EventData":{"Data":[{"@Name":"RuleName","#text":"-"},{"@Name":"UtcTime","#text":"2024-10-27 19:55:23.700"},{"@Name":"ProcessGuid","#text":"dbf410b3-9aab-671e-d900-000000003900"},{"@Name":"ProcessId","#text":"4240"},{"@Name":"Image","#text":"C:\\Program Files (x86)\\Microsoft\\EdgeUpdate\\MicrosoftEdgeUpdate.exe"},{"@Name":"FileVersion","#text":"1.3.147.37"},{"@Name":"Description","#text":"Microsoft Edge Update"},{"@Name":"Product","#text":"Microsoft Edge Update"},{"@Name":"Company","#text":"Microsoft Corporation"},{"@Name":"OriginalFileName","#text":"msedgeupdate.dll"},{"@Name":"CommandLine","#text":"\"C:\\Program Files (x86)\\Microsoft\\EdgeUpdate\\MicrosoftEdgeUpdate.exe\" /svc"},{"@Name":"CurrentDirectory","#text":"C:\\Windows\\system32\\"},{"@Name":"User","#text":"NT AUTHORITY\\SYSTEM"},{"@Name":"LogonGuid","#text":"dbf410b3-a813-671e-e703-000000000000"},{"@Name":"LogonId","#text":"0x3E7"},{"@Name":"TerminalSessionId","#text":"0"},{"@Name":"IntegrityLevel","#text":"System"},{"@Name":"Hashes","#text":"SHA256=3096D8E82917A9B73F322F4B1743E52E9B0C8B3C5933A957E73E29D6973CDD5B"},{"@Name":"ParentProcessGuid","#text":"00000000-0000-0000-0000-000000000000"},{"@Name":"ParentProcessId","#text":"652"},{"@Name":"ParentImage","#text":"-"},{"@Name":"ParentCommandLine","#text":"-"},{"@Name":"ParentUser","#text":"-"}]}}}
{"Event":{"System":{"Provider":{"@Name":"Microsoft-Windows-Sysmon","@Guid":"5770385f-c22a-43e0-bf4c-06f5698ffbd9"},"EventID":"1","Version":"5","Level":"4","Task":"1","Opcode":"0","Keywords":"0x8000000000000000","TimeCreated":{"@SystemTime":"2024-10-27 19:55:23.7553951"},"EventRecordID":"18011","Correlation":null,"Execution":{"@ProcessID":"2616","@ThreadID":"3908"},"Channel":"Microsoft-Windows-Sysmon/Operational","Computer":"Server002","Security":{"@UserID":"S-1-5-18"}},"EventData":{"Data":[{"@Name":"RuleName","#text":"-"},{"@Name":"UtcTime","#text":"2024-10-27 19:55:23.751"},{"@Name":"ProcessGuid","#text":"dbf410b3-9aab-671e-da00-000000003900"},{"@Name":"ProcessId","#text":"2192"},{"@Name":"Image","#text":"C:\\Program Files (x86)\\Microsoft\\EdgeUpdate\\MicrosoftEdgeUpdate.exe"},{"@Name":"FileVersion","#text":"1.3.147.37"},{"@Name":"Description","#text":"Microsoft Edge Update"},{"@Name":"Product","#text":"Microsoft Edge Update"},{"@Name":"Company","#text":"Microsoft Corporation"},{"@Name":"OriginalFileName","#text":"msedgeupdate.dll"},{"@Name":"CommandLine","#text":"\"C:\\Program Files (x86)\\Microsoft\\EdgeUpdate\\MicrosoftEdgeUpdate.exe\" /c"},{"@Name":"CurrentDirectory","#text":"C:\\Program Files (x86)\\Microsoft\\EdgeUpdate\\1.3.195.27\\"},{"@Name":"User","#text":"NT AUTHORITY\\SYSTEM"},{"@Name":"LogonGuid","#text":"dbf410b3-a813-671e-e703-000000000000"},{"@Name":"LogonId","#text":"0x3E7"},{"@Name":"TerminalSessionId","#text":"0"},{"@Name":"IntegrityLevel","#text":"System"},{"@Name":"Hashes","#text":"SHA256=3096D8E82917A9B73F322F4B1743E52E9B0C8B3C5933A957E73E29D6973CDD5B"},{"@Name":"ParentProcessGuid","#text":"dbf410b3-9aab-671e-d900-000000003900"},{"@Name":"ParentProcessId","#text":"4240"},{"@Name":"ParentImage","#text":"C:\\Program Files (x86)\\Microsoft\\EdgeUpdate\\MicrosoftEdgeUpdate.exe"},{"@Name":"ParentCommandLine","#text":"\"C:\\Program Files (x86)\\Microsoft\\EdgeUpdate\\MicrosoftEdgeUpdate.exe\" /svc"},{"@Name":"ParentUser","#text":"NT AUTHORITY\\SYSTEM"}]}}}
{"Event":{"System":{"Provider":{"@Name":"Microsoft-Windows-Sysmon","@Guid":"5770385f-c22a-43e0-bf4c-06f5698ffbd9"},"EventID":"5","Version":"3","Level":"4","Task":"5","Opcode":"0","Keywords":"0x8000000000000000","TimeCreated":{"@SystemTime":"2024-10-27 19:55:23.7668514"},"EventRecordID":"18012","Correlation":null,"Execution":{"@ProcessID":"2616","@ThreadID":"3908"},"Channel":"Microsoft-Windows-Sysmon/Operational","Computer":"Server002","Security":{"@UserID":"S-1-5-18"}},"EventData":{"Data":[{"@Name":"RuleName","#text":"-"},{"@Name":"UtcTime","#text":"2024-10-27 19:55:23.765"},{"@Name":"ProcessGuid","#text":"dbf410b3-9aab-671e-d900-000000003900"},{"@Name":"ProcessId","#text":"4240"},{"@Name":"Image","#text":"C:\\Program Files (x86)\\Microsoft\\EdgeUpdate\\MicrosoftEdgeUpdate.exe"},{"@Name":"User","#text":"NT AUTHORITY\\SYSTEM"}]}}}
{"Event":{"System":{"Provider":{"@Name":"Microsoft-Windows-Sysmon","@Guid":"5770385f-c22a-43e0-bf4c-06f5698ffbd9"},"EventID":"1","Version":"5","Level":"4","Task":"1","Opcode":"0","Keywords":"0x8000000000000000","TimeCreated":{"@SystemTime":"2024-10-27 19:55:23.8251186"},"EventRecordID":"18013","Correlation":null,"Execution":{"@ProcessID":"2616","@ThreadID":"3908"},"Channel":"Microsoft-Windows-Sysmon/Operational","Computer":"Server002","Security":{"@UserID":"S-1-5-18"}},"EventData":{"Data":[{"@Name":"RuleName","#text":"-"},{"@Name":"UtcTime","#text":"2024-10-27 19:55:23.821"},{"@Name":"ProcessGuid","#text":"dbf410b3-9aab-671e-db00-000000003900"},{"@Name":"ProcessId","#text":"5948"},{"@Name":"Image","#text":"C:\\Program Files (x86)\\Microsoft\\EdgeUpdate\\MicrosoftEdgeUpdate.exe"},{"@Name":"FileVersion","#text":"1.3.147.37"},{"@Name":"Description","#text":"Microsoft Edge Update"},{"@Name":"Product","#text":"Microsoft Edge Update"},{"@Name":"Company","#text":"Microsoft Corporation"},{"@Name":"OriginalFileName","#text":"msedgeupdate.dll"},{"@Name":"CommandLine","#text":"\"C:\\Program Files (x86)\\Microsoft\\EdgeUpdate\\MicrosoftEdgeUpdate.exe\" /ua /installsource core"},{"@Name":"CurrentDirectory","#text":"C:\\Program Files (x86)\\Microsoft\\EdgeUpdate\\1.3.195.27\\"},{"@Name":"User","#text":"NT AUTHORITY\\SYSTEM"},{"@Name":"LogonGuid","#text":"dbf410b3-a813-671e-e703-000000000000"},{"@Name":"LogonId","#text":"0x3E7"},{"@Name":"TerminalSessionId","#text":"0"},{"@Name":"IntegrityLevel","#text":"System"},{"@Name":"Hashes","#text":"SHA256=3096D8E82917A9B73F322F4B1743E52E9B0C8B3C5933A957E73E29D6973CDD5B"},{"@Name":"ParentProcessGuid","#text":"dbf410b3-9aab-671e-da00-000000003900"},{"@Name":"ParentProcessId","#text":"2192"},{"@Name":"ParentImage","#text":"C:\\Program Files (x86)\\Microsoft\\EdgeUpdate\\MicrosoftEdgeUpdate.exe"},{"@Name":"ParentCommandLine","#text":"\"C:\\Program Files (x86)\\Microsoft\\EdgeUpdate\\MicrosoftEdgeUpdate.exe\" /c"},{"@Name":"ParentUser","#text":"NT AUTHORITY\\SYSTEM"}]}}}

{"Event":{"System":{"Provider":{"@Name":"Microsoft-Windows-Sysmon","@Guid":"5770385f-c22a-43e0-bf4c-06f5698ffbd9"},"EventID":"5","Version":"3","Level":"4","Task":"5","Opcode":"0","Keywords":"0x8000000000000000","TimeCreated":{"@SystemTime":"2024-10-27 19:55:24.2238753"},"EventRecordID":"18015","Correlation":null,"Execution":{"@ProcessID":"2616","@ThreadID":"3908"},"Channel":"Microsoft-Windows-Sysmon/Operational","Computer":"Server002","Security":{"@UserID":"S-1-5-18"}},"EventData":{"Data":[{"@Name":"RuleName","#text":"-"},{"@Name":"UtcTime","#text":"2024-10-27 19:55:24.218"},{"@Name":"ProcessGuid","#text":"dbf410b3-9aab-671e-dc00-000000003900"},{"@Name":"ProcessId","#text":"3888"},{"@Name":"Image","#text":"C:\\Program Files (x86)\\Microsoft\\EdgeUpdate\\MicrosoftEdgeUpdate.exe"},{"@Name":"User","#text":"NT AUTHORITY\\SYSTEM"}]}}}
{"Event":{"System":{"Provider":{"@Name":"Microsoft-Windows-Sysmon","@Guid":"5770385f-c22a-43e0-bf4c-06f5698ffbd9"},"EventID":"5","Version":"3","Level":"4","Task":"5","Opcode":"0","Keywords":"0x8000000000000000","TimeCreated":{"@SystemTime":"2024-10-27 19:55:24.2377762"},"EventRecordID":"18016","Correlation":null,"Execution":{"@ProcessID":"2616","@ThreadID":"3908"},"Channel":"Microsoft-Windows-Sysmon/Operational","Computer":"Server002","Security":{"@UserID":"S-1-5-18"}},"EventData":{"Data":[{"@Name":"RuleName","#text":"-"},{"@Name":"UtcTime","#text":"2024-10-27 19:55:24.218"},{"@Name":"ProcessGuid","#text":"dbf410b3-9aaa-671e-d300-000000003900"},{"@Name":"ProcessId","#text":"5520"},{"@Name":"Image","#text":"C:\\Program Files (x86)\\Microsoft\\Temp\\EUCC10.tmp\\MicrosoftEdgeUpdate.exe"},{"@Name":"User","#text":"NT AUTHORITY\\SYSTEM"}]}}}
{"Event":{"System":{"Provider":{"@Name":"Microsoft-Windows-Sysmon","@Guid":"5770385f-c22a-43e0-bf4c-06f5698ffbd9"},"EventID":"5","Version":"3","Level":"4","Task":"5","Opcode":"0","Keywords":"0x8000000000000000","TimeCreated":{"@SystemTime":"2024-10-27 19:55:24.2509434"},"EventRecordID":"18017","Correlation":null,"Execution":{"@ProcessID":"2616","@ThreadID":"3908"},"Channel":"Microsoft-Windows-Sysmon/Operational","Computer":"Server002","Security":{"@UserID":"S-1-5-18"}},"EventData":{"Data":[{"@Name":"RuleName","#text":"-"},{"@Name":"UtcTime","#text":"2024-10-27 19:55:24.239"},{"@Name":"ProcessGuid","#text":"dbf410b3-9aa8-671e-d100-000000003900"},{"@Name":"ProcessId","#text":"5692"},{"@Name":"Image","#text":"C:\\Program Files (x86)\\Microsoft\\EdgeUpdate\\Install\\{A0A8CFD0-E341-42BB-9BE6-B815209D5795}\\MicrosoftEdgeUpdateSetup_X86_1.3.195.27.exe"},{"@Name":"User","#text":"NT AUTHORITY\\SYSTEM"}]}}}
