{"Event":{"System":{"Provider":{"@Name":"Microsoft-Windows-Sysmon","@Guid":"5770385f-c22a-43e0-bf4c-06f5698ffbd9"},"EventID":"1","Version":"5","Level":"4","Task":"1","Opcode":"0","Keywords":"0x8000000000000000","TimeCreated":{"@SystemTime":"2024-10-20 19:40:08.3264166"},"EventRecordID":"17985","Correlation":null,"Execution":{"@ProcessID":"3136","@ThreadID":"3968"},"Channel":"Microsoft-Windows-Sysmon/Operational","Computer":"Server002","Security":{"@UserID":"S-1-5-18"}},"EventData":{"Data":[{"@Name":"RuleName","#text":"-"},{"@Name":"UtcTime","#text":"2024-10-20 19:40:08.316"},{"@Name":"ProcessGuid","#text":"dbf410b3-5c98-6715-d500-000000003900"},{"@Name":"ProcessId","#text":"2716"},{"@Name":"Image","#text":"C:\\Windows\\SysWOW64\\msiexec.exe"},{"@Name":"FileVersion","#text":"5.0.19041.4651 (WinBuild.160101.0800)"},{"@Name":"Description","#text":"Windows® installer"},{"@Name":"Product","#text":"Windows Installer - Unicode"},{"@Name":"Company","#text":"Microsoft Corporation"},{"@Name":"OriginalFileName","#text":"msiexec.exe"},{"@Name":"CommandLine","#text":"C:\\Windows\\syswow64\\MsiExec.exe -Embedding DD25DACF7627868E4206A52E895188DA"},{"@Name":"CurrentDirectory","#text":"C:\\Windows\\SysWOW64\\"},{"@Name":"User","#text":"SERVER002\\admin_test"},{"@Name":"LogonGuid","#text":"dbf410b3-5bda-6715-2ec4-090000000000"},{"@Name":"LogonId","#text":"0x9C42E"},{"@Name":"TerminalSessionId","#text":"0"},{"@Name":"IntegrityLevel","#text":"High"},{"@Name":"Hashes","#text":"SHA256=9FBDD5C9B70D6E8A2044F311FFF947A93DCAF4F08EB6305C4E44E2A5F6112071"},{"@Name":"ParentProcessGuid","#text":"dbf410b3-5bd7-6715-9d00-000000003900"},{"@Name":"ParentProcessId","#text":"1032"},{"@Name":"ParentImage","#text":"C:\\Windows\\System32\\msiexec.exe"},{"@Name":"ParentCommandLine","#text":"C:\\Windows\\system32\\msiexec.exe /V"},{"@Name":"ParentUser","#text":"NT AUTHORITY\\SYSTEM"}]}}}
{"Event":{"System":{"Provider":{"@Name":"Microsoft-Windows-Sysmon","@Guid":"5770385f-c22a-43e0-bf4c-06f5698ffbd9"},"EventID":"1","Version":"5","Level":"4","Task":"1","Opcode":"0","Keywords":"0x8000000000000000","TimeCreated":{"@SystemTime":"2024-10-20 19:40:08.4646196"},"EventRecordID":"17986","Correlation":null,"Execution":{"@ProcessID":"3136","@ThreadID":"3968"},"Channel":"Microsoft-Windows-Sysmon/Operational","Computer":"Server002","Security":{"@UserID":"S-1-5-18"}},"EventData":{"Data":[{"@Name":"RuleName","#text":"-"},{"@Name":"UtcTime","#text":"2024-10-20 19:40:08.454"},{"@Name":"ProcessGuid","#text":"dbf410b3-5c98-6715-d600-000000003900"},{"@Name":"ProcessId","#text":"904"},{"@Name":"Image","#text":"C:\\Program Files\\Python310\\python.exe"},{"@Name":"FileVersion","#text":"3.10.4"},{"@Name":"Description","#text":"Python"},{"@Name":"Product","#text":"Python"},{"@Name":"Company","#text":"Python Software Foundation"},{"@Name":"OriginalFileName","#text":"python.exe"},{"@Name":"CommandLine","#text":"\"C:\\Program Files\\Python310\\python.exe\" -E -s -m ensurepip -U --default-pip"},{"@Name":"CurrentDirectory","#text":"C:\\Windows\\SysWOW64\\"},{"@Name":"User","#text":"SERVER002\\admin_test"},{"@Name":"LogonGuid","#text":"dbf410b3-5bda-6715-2ec4-090000000000"},{"@Name":"LogonId","#text":"0x9C42E"},{"@Name":"TerminalSessionId","#text":"0"},{"@Name":"IntegrityLevel","#text":"High"},{"@Name":"Hashes","#text":"SHA256=261F682238E2DC3296038C8BD78DD01E5874E1177EBE3DA2AFCBA35EF82D73B7"},{"@Name":"ParentProcessGuid","#text":"dbf410b3-5c98-6715-d500-000000003900"},{"@Name":"ParentProcessId","#text":"2716"},{"@Name":"ParentImage","#text":"C:\\Windows\\SysWOW64\\msiexec.exe"},{"@Name":"ParentCommandLine","#text":"C:\\Windows\\syswow64\\MsiExec.exe -Embedding DD25DACF7627868E4206A52E895188DA"},{"@Name":"ParentUser","#text":"SERVER002\\admin_test"}]}}}
{"Event":{"System":{"Provider":{"@Name":"Microsoft-Windows-Sysmon","@Guid":"5770385f-c22a-43e0-bf4c-06f5698ffbd9"},"EventID":"1","Version":"5","Level":"4","Task":"1","Opcode":"0","Keywords":"0x8000000000000000","TimeCreated":{"@SystemTime":"2024-10-20 19:40:08.4686780"},"EventRecordID":"17987","Correlation":null,"Execution":{"@ProcessID":"3136","@ThreadID":"3968"},"Channel":"Microsoft-Windows-Sysmon/Operational","Computer":"Server002","Security":{"@UserID":"S-1-5-18"}},"EventData":{"Data":[{"@Name":"RuleName","#text":"-"},{"@Name":"UtcTime","#text":"2024-10-20 19:40:08.466"},{"@Name":"ProcessGuid","#text":"dbf410b3-5c98-6715-d700-000000003900"},{"@Name":"ProcessId","#text":"960"},{"@Name":"Image","#text":"C:\\Windows\\System32\\conhost.exe"},{"@Name":"FileVersion","#text":"10.0.19041.4355 (WinBuild.160101.0800)"},{"@Name":"Description","#text":"Console Window Host"},{"@Name":"Product","#text":"Microsoft® Windows® Operating System"},{"@Name":"Company","#text":"Microsoft Corporation"},{"@Name":"OriginalFileName","#text":"CONHOST.EXE"},{"@Name":"CommandLine","#text":"\\??\\C:\\Windows\\system32\\conhost.exe 0xffffffff -ForceV1"},{"@Name":"CurrentDirectory","#text":"C:\\Windows"},{"@Name":"User","#text":"SERVER002\\admin_test"},{"@Name":"LogonGuid","#text":"dbf410b3-5bda-6715-2ec4-090000000000"},{"@Name":"LogonId","#text":"0x9C42E"},{"@Name":"TerminalSessionId","#text":"0"},{"@Name":"IntegrityLevel","#text":"High"},{"@Name":"Hashes","#text":"SHA256=CC0A60CD15FA21E54615E46CD0F10CFBE86F496DC64D14B31D9F3B415D120EE1"},{"@Name":"ParentProcessGuid","#text":"dbf410b3-5c98-6715-d600-000000003900"},{"@Name":"ParentProcessId","#text":"904"},{"@Name":"ParentImage","#text":"C:\\Program Files\\Python310\\python.exe"},{"@Name":"ParentCommandLine","#text":"\"C:\\Program Files\\Python310\\python.exe\" -E -s -m ensurepip -U --default-pip"},{"@Name":"ParentUser","#text":"SERVER002\\admin_test"}]}}}
{"Event":{"System":{"Provider":{"@Name":"Microsoft-Windows-Sysmon","@Guid":"5770385f-c22a-43e0-bf4c-06f5698ffbd9"},"EventID":"5","Version":"3","Level":"4","Task":"5","Opcode":"0","Keywords":"0x8000000000000000","TimeCreated":{"@SystemTime":"2024-10-20 19:40:08.5889285"},"EventRecordID":"17988","Correlation":null,"Execution":{"@ProcessID":"3136","@ThreadID":"3968"},"Channel":"Microsoft-Windows-Sysmon/Operational","Computer":"Server002","Security":{"@UserID":"S-1-5-18"}},"EventData":{"Data":[{"@Name":"RuleName","#text":"-"},{"@Name":"UtcTime","#text":"2024-10-20 19:40:08.580"},{"@Name":"ProcessGuid","#text":"dbf410b3-5c97-6715-d300-000000003900"},{"@Name":"ProcessId","#text":"2608"},{"@Name":"Image","#text":"C:\\Windows\\System32\\WindowsPowerShell\\v1.0\\powershell.exe"},{"@Name":"User","#text":"SERVER002\\admin_test"}]}}}
{"Event":{"System":{"Provider":{"@Name":"Microsoft-Windows-Sysmon","@Guid":"5770385f-c22a-43e0-bf4c-06f5698ffbd9"},"EventID":"5","Version":"3","Level":"4","Task":"5","Opcode":"0","Keywords":"0x8000000000000000","TimeCreated":{"@SystemTime":"2024-10-20 19:40:08.5954991"},"EventRecordID":"17989","Correlation":null,"Execution":{"@ProcessID":"3136","@ThreadID":"3968"},"Channel":"Microsoft-Windows-Sysmon/Operational","Computer":"Server002","Security":{"@UserID":"S-1-5-18"}},"EventData":{"Data":[{"@Name":"RuleName","#text":"-"},{"@Name":"UtcTime","#text":"2024-10-20 19:40:08.586"},{"@Name":"ProcessGuid","#text":"dbf410b3-5c97-6715-d400-000000003900"},{"@Name":"ProcessId","#text":"3664"},{"@Name":"Image","#text":"C:\\Windows\\System32\\conhost.exe"},{"@Name":"User","#text":"SERVER002\\admin_test"}]}}}










{"Event":{"System":{"Provider":{"@Name":"Microsoft-Windows-Sysmon","@Guid":"5770385f-c22a-43e0-bf4c-06f5698ffbd9"},"EventID":"1","Version":"5","Level":"4","Task":"1","Opcode":"0","Keywords":"0x8000000000000000","TimeCreated":{"@SystemTime":"2024-10-20 19:40:09.2514484"},"EventRecordID":"18010","Correlation":null,"Execution":{"@ProcessID":"3136","@ThreadID":"3968"},"Channel":"Microsoft-Windows-Sysmon/Operational","Computer":"Server002","Security":{"@UserID":"S-1-5-18"}},"EventData":{"Data":[{"@Name":"RuleName","#text":"-"},{"@Name":"UtcTime","#text":"2024-10-20 19:40:09.245"},{"@Name":"ProcessGuid","#text":"dbf410b3-5c99-6715-e200-000000003900"},{"@Name":"ProcessId","#text":"4600"},{"@Name":"Image","#text":"C:\\Windows\\System32\\HOSTNAME.EXE"},{"@Name":"FileVersion","#text":"10.0.19041.1 (WinBuild.160101.0800)"},{"@Name":"Description","#text":"Hostname APP"},{"@Name":"Product","#text":"Microsoft® Windows® Operating System"},{"@Name":"Company","#text":"Microsoft Corporation"},{"@Name":"OriginalFileName","#text":"hostname.exe"},{"@Name":"CommandLine","#text":"\"C:\\Windows\\system32\\HOSTNAME.EXE\""},{"@Name":"CurrentDirectory","#text":"C:\\Users\\admin_test\\Documents\\"},{"@Name":"User","#text":"SERVER002\\admin_test"},{"@Name":"LogonGuid","#text":"dbf410b3-5bda-6715-2ec4-090000000000"},{"@Name":"LogonId","#text":"0x9C42E"},{"@Name":"TerminalSessionId","#text":"0"},{"@Name":"IntegrityLevel","#text":"High"},{"@Name":"Hashes","#text":"SHA256=A90C3FB350A11C6F6A6EFA9607987D924D1DE65E09CA9FAF2E0E0E00531EE335"},{"@Name":"ParentProcessGuid","#text":"dbf410b3-5bdb-6715-aa00-000000003900"},{"@Name":"ParentProcessId","#text":"3492"},{"@Name":"ParentImage","#text":"C:\\Windows\\System32\\wsmprovhost.exe"},{"@Name":"ParentCommandLine","#text":"C:\\Windows\\system32\\wsmprovhost.exe -Embedding"},{"@Name":"ParentUser","#text":"SERVER002\\admin_test"}]}}}
{"Event":{"System":{"Provider":{"@Name":"Microsoft-Windows-Sysmon","@Guid":"5770385f-c22a-43e0-bf4c-06f5698ffbd9"},"EventID":"1","Version":"5","Level":"4","Task":"1","Opcode":"0","Keywords":"0x8000000000000000","TimeCreated":{"@SystemTime":"2024-10-20 19:40:09.2571971"},"EventRecordID":"18011","Correlation":null,"Execution":{"@ProcessID":"3136","@ThreadID":"3968"},"Channel":"Microsoft-Windows-Sysmon/Operational","Computer":"Server002","Security":{"@UserID":"S-1-5-18"}},"EventData":{"Data":[{"@Name":"RuleName","#text":"-"},{"@Name":"UtcTime","#text":"2024-10-20 19:40:09.253"},{"@Name":"ProcessGuid","#text":"dbf410b3-5c99-6715-e300-000000003900"},{"@Name":"ProcessId","#text":"4232"},{"@Name":"Image","#text":"C:\\Windows\\System32\\conhost.exe"},{"@Name":"FileVersion","#text":"10.0.19041.4355 (WinBuild.160101.0800)"},{"@Name":"Description","#text":"Console Window Host"},{"@Name":"Product","#text":"Microsoft® Windows® Operating System"},{"@Name":"Company","#text":"Microsoft Corporation"},{"@Name":"OriginalFileName","#text":"CONHOST.EXE"},{"@Name":"CommandLine","#text":"\\??\\C:\\Windows\\system32\\conhost.exe 0xffffffff -ForceV1"},{"@Name":"CurrentDirectory","#text":"C:\\Windows"},{"@Name":"User","#text":"SERVER002\\admin_test"},{"@Name":"LogonGuid","#text":"dbf410b3-5bda-6715-2ec4-090000000000"},{"@Name":"LogonId","#text":"0x9C42E"},{"@Name":"TerminalSessionId","#text":"0"},{"@Name":"IntegrityLevel","#text":"High"},{"@Name":"Hashes","#text":"SHA256=CC0A60CD15FA21E54615E46CD0F10CFBE86F496DC64D14B31D9F3B415D120EE1"},{"@Name":"ParentProcessGuid","#text":"dbf410b3-5c99-6715-e200-000000003900"},{"@Name":"ParentProcessId","#text":"4600"},{"@Name":"ParentImage","#text":"C:\\Windows\\System32\\HOSTNAME.EXE"},{"@Name":"ParentCommandLine","#text":"\"C:\\Windows\\system32\\HOSTNAME.EXE\""},{"@Name":"ParentUser","#text":"SERVER002\\admin_test"}]}}}
{"Event":{"System":{"Provider":{"@Name":"Microsoft-Windows-Sysmon","@Guid":"5770385f-c22a-43e0-bf4c-06f5698ffbd9"},"EventID":"5","Version":"3","Level":"4","Task":"5","Opcode":"0","Keywords":"0x8000000000000000","TimeCreated":{"@SystemTime":"2024-10-20 19:40:09.3055908"},"EventRecordID":"18012","Correlation":null,"Execution":{"@ProcessID":"3136","@ThreadID":"3968"},"Channel":"Microsoft-Windows-Sysmon/Operational","Computer":"Server002","Security":{"@UserID":"S-1-5-18"}},"EventData":{"Data":[{"@Name":"RuleName","#text":"-"},{"@Name":"UtcTime","#text":"2024-10-20 19:40:09.300"},{"@Name":"ProcessGuid","#text":"dbf410b3-5c99-6715-e200-000000003900"},{"@Name":"ProcessId","#text":"4600"},{"@Name":"Image","#text":"C:\\Windows\\System32\\HOSTNAME.EXE"},{"@Name":"User","#text":"SERVER002\\admin_test"}]}}}
{"Event":{"System":{"Provider":{"@Name":"Microsoft-Windows-Sysmon","@Guid":"5770385f-c22a-43e0-bf4c-06f5698ffbd9"},"EventID":"1","Version":"5","Level":"4","Task":"1","Opcode":"0","Keywords":"0x8000000000000000","TimeCreated":{"@SystemTime":"2024-10-20 19:40:09.3145991"},"EventRecordID":"18013","Correlation":null,"Execution":{"@ProcessID":"3136","@ThreadID":"3968"},"Channel":"Microsoft-Windows-Sysmon/Operational","Computer":"Server002","Security":{"@UserID":"S-1-5-18"}},"EventData":{"Data":[{"@Name":"RuleName","#text":"-"},{"@Name":"UtcTime","#text":"2024-10-20 19:40:09.309"},{"@Name":"ProcessGuid","#text":"dbf410b3-5c99-6715-e400-000000003900"},{"@Name":"ProcessId","#text":"5980"},{"@Name":"Image","#text":"C:\\Windows\\System32\\whoami.exe"},{"@Name":"FileVersion","#text":"10.0.19041.1 (WinBuild.160101.0800)"},{"@Name":"Description","#text":"whoami - displays logged on user information"},{"@Name":"Product","#text":"Microsoft® Windows® Operating System"},{"@Name":"Company","#text":"Microsoft Corporation"},{"@Name":"OriginalFileName","#text":"whoami.exe"},{"@Name":"CommandLine","#text":"\"C:\\Windows\\system32\\whoami.exe\""},{"@Name":"CurrentDirectory","#text":"C:\\Users\\admin_test\\Documents\\"},{"@Name":"User","#text":"SERVER002\\admin_test"},{"@Name":"LogonGuid","#text":"dbf410b3-5bda-6715-2ec4-090000000000"},{"@Name":"LogonId","#text":"0x9C42E"},{"@Name":"TerminalSessionId","#text":"0"},{"@Name":"IntegrityLevel","#text":"High"},{"@Name":"Hashes","#text":"SHA256=1D4902A04D99E8CCBFE7085E63155955FEE397449D386453F6C452AE407B8743"},{"@Name":"ParentProcessGuid","#text":"dbf410b3-5bdb-6715-aa00-000000003900"},{"@Name":"ParentProcessId","#text":"3492"},{"@Name":"ParentImage","#text":"C:\\Windows\\System32\\wsmprovhost.exe"},{"@Name":"ParentCommandLine","#text":"C:\\Windows\\system32\\wsmprovhost.exe -Embedding"},{"@Name":"ParentUser","#text":"SERVER002\\admin_test"}]}}}
{"Event":{"System":{"Provider":{"@Name":"Microsoft-Windows-Sysmon","@Guid":"5770385f-c22a-43e0-bf4c-06f5698ffbd9"},"EventID":"5","Version":"3","Level":"4","Task":"5","Opcode":"0","Keywords":"0x8000000000000000","TimeCreated":{"@SystemTime":"2024-10-20 19:40:09.3146246"},"EventRecordID":"18014","Correlation":null,"Execution":{"@ProcessID":"3136","@ThreadID":"3968"},"Channel":"Microsoft-Windows-Sysmon/Operational","Computer":"Server002","Security":{"@UserID":"S-1-5-18"}},"EventData":{"Data":[{"@Name":"RuleName","#text":"-"},{"@Name":"UtcTime","#text":"2024-10-20 19:40:09.310"},{"@Name":"ProcessGuid","#text":"dbf410b3-5c99-6715-e300-000000003900"},{"@Name":"ProcessId","#text":"4232"},{"@Name":"Image","#text":"C:\\Windows\\System32\\conhost.exe"},{"@Name":"User","#text":"SERVER002\\admin_test"}]}}}
{"Event":{"System":{"Provider":{"@Name":"Microsoft-Windows-Sysmon","@Guid":"5770385f-c22a-43e0-bf4c-06f5698ffbd9"},"EventID":"1","Version":"5","Level":"4","Task":"1","Opcode":"0","Keywords":"0x8000000000000000","TimeCreated":{"@SystemTime":"2024-10-20 19:40:09.3231556"},"EventRecordID":"18015","Correlation":null,"Execution":{"@ProcessID":"3136","@ThreadID":"3968"},"Channel":"Microsoft-Windows-Sysmon/Operational","Computer":"Server002","Security":{"@UserID":"S-1-5-18"}},"EventData":{"Data":[{"@Name":"RuleName","#text":"-"},{"@Name":"UtcTime","#text":"2024-10-20 19:40:09.316"},{"@Name":"ProcessGuid","#text":"dbf410b3-5c99-6715-e500-000000003900"},{"@Name":"ProcessId","#text":"5088"},{"@Name":"Image","#text":"C:\\Windows\\System32\\conhost.exe"},{"@Name":"FileVersion","#text":"10.0.19041.4355 (WinBuild.160101.0800)"},{"@Name":"Description","#text":"Console Window Host"},{"@Name":"Product","#text":"Microsoft® Windows® Operating System"},{"@Name":"Company","#text":"Microsoft Corporation"},{"@Name":"OriginalFileName","#text":"CONHOST.EXE"},{"@Name":"CommandLine","#text":"\\??\\C:\\Windows\\system32\\conhost.exe 0xffffffff -ForceV1"},{"@Name":"CurrentDirectory","#text":"C:\\Windows"},{"@Name":"User","#text":"SERVER002\\admin_test"},{"@Name":"LogonGuid","#text":"dbf410b3-5bda-6715-2ec4-090000000000"},{"@Name":"LogonId","#text":"0x9C42E"},{"@Name":"TerminalSessionId","#text":"0"},{"@Name":"IntegrityLevel","#text":"High"},{"@Name":"Hashes","#text":"SHA256=CC0A60CD15FA21E54615E46CD0F10CFBE86F496DC64D14B31D9F3B415D120EE1"},{"@Name":"ParentProcessGuid","#text":"dbf410b3-5c99-6715-e400-000000003900"},{"@Name":"ParentProcessId","#text":"5980"},{"@Name":"ParentImage","#text":"C:\\Windows\\System32\\whoami.exe"},{"@Name":"ParentCommandLine","#text":"\"C:\\Windows\\system32\\whoami.exe\""},{"@Name":"ParentUser","#text":"SERVER002\\admin_test"}]}}}
{"Event":{"System":{"Provider":{"@Name":"Microsoft-Windows-Sysmon","@Guid":"5770385f-c22a-43e0-bf4c-06f5698ffbd9"},"EventID":"5","Version":"3","Level":"4","Task":"5","Opcode":"0","Keywords":"0x8000000000000000","TimeCreated":{"@SystemTime":"2024-10-20 19:40:09.3715051"},"EventRecordID":"18016","Correlation":null,"Execution":{"@ProcessID":"3136","@ThreadID":"3968"},"Channel":"Microsoft-Windows-Sysmon/Operational","Computer":"Server002","Security":{"@UserID":"S-1-5-18"}},"EventData":{"Data":[{"@Name":"RuleName","#text":"-"},{"@Name":"UtcTime","#text":"2024-10-20 19:40:09.367"},{"@Name":"ProcessGuid","#text":"dbf410b3-5c99-6715-e400-000000003900"},{"@Name":"ProcessId","#text":"5980"},{"@Name":"Image","#text":"C:\\Windows\\System32\\whoami.exe"},{"@Name":"User","#text":"SERVER002\\admin_test"}]}}}
{"Event":{"System":{"Provider":{"@Name":"Microsoft-Windows-Sysmon","@Guid":"5770385f-c22a-43e0-bf4c-06f5698ffbd9"},"EventID":"5","Version":"3","Level":"4","Task":"5","Opcode":"0","Keywords":"0x8000000000000000","TimeCreated":{"@SystemTime":"2024-10-20 19:40:09.3773982"},"EventRecordID":"18017","Correlation":null,"Execution":{"@ProcessID":"3136","@ThreadID":"3968"},"Channel":"Microsoft-Windows-Sysmon/Operational","Computer":"Server002","Security":{"@UserID":"S-1-5-18"}},"EventData":{"Data":[{"@Name":"RuleName","#text":"-"},{"@Name":"UtcTime","#text":"2024-10-20 19:40:09.373"},{"@Name":"ProcessGuid","#text":"dbf410b3-5c99-6715-e500-000000003900"},{"@Name":"ProcessId","#text":"5088"},{"@Name":"Image","#text":"C:\\Windows\\System32\\conhost.exe"},{"@Name":"User","#text":"SERVER002\\admin_test"}]}}}
{"Event":{"System":{"Provider":{"@Name":"Microsoft-Windows-Sysmon","@Guid":"5770385f-c22a-43e0-bf4c-06f5698ffbd9"},"EventID":"1","Version":"5","Level":"4","Task":"1","Opcode":"0","Keywords":"0x8000000000000000","TimeCreated":{"@SystemTime":"2024-10-20 19:40:09.4837606"},"EventRecordID":"18018","Correlation":null,"Execution":{"@ProcessID":"3136","@ThreadID":"3968"},"Channel":"Microsoft-Windows-Sysmon/Operational","Computer":"Server002","Security":{"@UserID":"S-1-5-18"}},"EventData":{"Data":[{"@Name":"RuleName","#text":"-"},{"@Name":"UtcTime","#text":"2024-10-20 19:40:09.472"},{"@Name":"ProcessGuid","#text":"dbf410b3-5c99-6715-e600-000000003900"},{"@Name":"ProcessId","#text":"5052"},{"@Name":"Image","#text":"C:\\Windows\\System32\\cmd.exe"},{"@Name":"FileVersion","#text":"10.0.19041.4355 (WinBuild.160101.0800)"},{"@Name":"Description","#text":"Windows Command Processor"},{"@Name":"Product","#text":"Microsoft® Windows® Operating System"},{"@Name":"Company","#text":"Microsoft Corporation"},{"@Name":"OriginalFileName","#text":"Cmd.Exe"},{"@Name":"CommandLine","#text":"\"cmd.exe\" /c \"C:\\Users\\ADMIN_~1\\AppData\\Local\\Temp\\file\\..\\Externalfiles\\venv_data_002\\Scripts\\script\" live lsa"},{"@Name":"CurrentDirectory","#text":"C:\\Users\\ADMIN_~1\\AppData\\Local\\Temp\\"},{"@Name":"User","#text":"SERVER002\\admin_test"},{"@Name":"LogonGuid","#text":"dbf410b3-5bda-6715-2ec4-090000000000"},{"@Name":"LogonId","#text":"0x9C42E"},{"@Name":"TerminalSessionId","#text":"0"},{"@Name":"IntegrityLevel","#text":"High"},{"@Name":"Hashes","#text":"SHA256=BADF4752413CB0CBDC03FB95820CA167F0CDC63B597CCDB5EF43111180E088B0"},{"@Name":"ParentProcessGuid","#text":"dbf410b3-5bdb-6715-aa00-000000003900"},{"@Name":"ParentProcessId","#text":"3492"},{"@Name":"ParentImage","#text":"C:\\Windows\\System32\\wsmprovhost.exe"},{"@Name":"ParentCommandLine","#text":"C:\\Windows\\system32\\wsmprovhost.exe -Embedding"},{"@Name":"ParentUser","#text":"SERVER002\\admin_test"}]}}}
{"Event":{"System":{"Provider":{"@Name":"Microsoft-Windows-Sysmon","@Guid":"5770385f-c22a-43e0-bf4c-06f5698ffbd9"},"EventID":"1","Version":"5","Level":"4","Task":"1","Opcode":"0","Keywords":"0x8000000000000000","TimeCreated":{"@SystemTime":"2024-10-20 19:40:09.4849934"},"EventRecordID":"18019","Correlation":null,"Execution":{"@ProcessID":"3136","@ThreadID":"3968"},"Channel":"Microsoft-Windows-Sysmon/Operational","Computer":"Server002","Security":{"@UserID":"S-1-5-18"}},"EventData":{"Data":[{"@Name":"RuleName","#text":"-"},{"@Name":"UtcTime","#text":"2024-10-20 19:40:09.483"},{"@Name":"ProcessGuid","#text":"dbf410b3-5c99-6715-e700-000000003900"},{"@Name":"ProcessId","#text":"5700"},{"@Name":"Image","#text":"C:\\Windows\\System32\\conhost.exe"},{"@Name":"FileVersion","#text":"10.0.19041.4355 (WinBuild.160101.0800)"},{"@Name":"Description","#text":"Console Window Host"},{"@Name":"Product","#text":"Microsoft® Windows® Operating System"},{"@Name":"Company","#text":"Microsoft Corporation"},{"@Name":"OriginalFileName","#text":"CONHOST.EXE"},{"@Name":"CommandLine","#text":"\\??\\C:\\Windows\\system32\\conhost.exe 0xffffffff -ForceV1"},{"@Name":"CurrentDirectory","#text":"C:\\Windows"},{"@Name":"User","#text":"SERVER002\\admin_test"},{"@Name":"LogonGuid","#text":"dbf410b3-5bda-6715-2ec4-090000000000"},{"@Name":"LogonId","#text":"0x9C42E"},{"@Name":"TerminalSessionId","#text":"0"},{"@Name":"IntegrityLevel","#text":"High"},{"@Name":"Hashes","#text":"SHA256=CC0A60CD15FA21E54615E46CD0F10CFBE86F496DC64D14B31D9F3B415D120EE1"},{"@Name":"ParentProcessGuid","#text":"dbf410b3-5c99-6715-e600-000000003900"},{"@Name":"ParentProcessId","#text":"5052"},{"@Name":"ParentImage","#text":"C:\\Windows\\System32\\cmd.exe"},{"@Name":"ParentCommandLine","#text":"\"cmd.exe\" /c \"C:\\Users\\ADMIN_~1\\AppData\\Local\\Temp\\file\\..\\Externalfiles\\venv_data_002\\Scripts\\script\" live lsa"},{"@Name":"ParentUser","#text":"SERVER002\\admin_test"}]}}}
{"Event":{"System":{"Provider":{"@Name":"Microsoft-Windows-Sysmon","@Guid":"5770385f-c22a-43e0-bf4c-06f5698ffbd9"},"EventID":"5","Version":"3","Level":"4","Task":"5","Opcode":"0","Keywords":"0x8000000000000000","TimeCreated":{"@SystemTime":"2024-10-20 19:40:09.5156902"},"EventRecordID":"18020","Correlation":null,"Execution":{"@ProcessID":"3136","@ThreadID":"3968"},"Channel":"Microsoft-Windows-Sysmon/Operational","Computer":"Server002","Security":{"@UserID":"S-1-5-18"}},"EventData":{"Data":[{"@Name":"RuleName","#text":"-"},{"@Name":"UtcTime","#text":"2024-10-20 19:40:09.512"},{"@Name":"ProcessGuid","#text":"dbf410b3-5c99-6715-e600-000000003900"},{"@Name":"ProcessId","#text":"5052"},{"@Name":"Image","#text":"C:\\Windows\\System32\\cmd.exe"},{"@Name":"User","#text":"SERVER002\\admin_test"}]}}}
{"Event":{"System":{"Provider":{"@Name":"Microsoft-Windows-Sysmon","@Guid":"5770385f-c22a-43e0-bf4c-06f5698ffbd9"},"EventID":"5","Version":"3","Level":"4","Task":"5","Opcode":"0","Keywords":"0x8000000000000000","TimeCreated":{"@SystemTime":"2024-10-20 19:40:09.5204831"},"EventRecordID":"18021","Correlation":null,"Execution":{"@ProcessID":"3136","@ThreadID":"3968"},"Channel":"Microsoft-Windows-Sysmon/Operational","Computer":"Server002","Security":{"@UserID":"S-1-5-18"}},"EventData":{"Data":[{"@Name":"RuleName","#text":"-"},{"@Name":"UtcTime","#text":"2024-10-20 19:40:09.512"},{"@Name":"ProcessGuid","#text":"dbf410b3-5c99-6715-e700-000000003900"},{"@Name":"ProcessId","#text":"5700"},{"@Name":"Image","#text":"C:\\Windows\\System32\\conhost.exe"},{"@Name":"User","#text":"SERVER002\\admin_test"}]}}}
{"Event":{"System":{"Provider":{"@Name":"Microsoft-Windows-Sysmon","@Guid":"5770385f-c22a-43e0-bf4c-06f5698ffbd9"},"EventID":"1","Version":"5","Level":"4","Task":"1","Opcode":"0","Keywords":"0x8000000000000000","TimeCreated":{"@SystemTime":"2024-10-20 19:40:09.8015897"},"EventRecordID":"18022","Correlation":null,"Execution":{"@ProcessID":"3136","@ThreadID":"3968"},"Channel":"Microsoft-Windows-Sysmon/Operational","Computer":"Server002","Security":{"@UserID":"S-1-5-18"}},"EventData":{"Data":[{"@Name":"RuleName","#text":"-"},{"@Name":"UtcTime","#text":"2024-10-20 19:40:09.793"},{"@Name":"ProcessGuid","#text":"dbf410b3-5c99-6715-e800-000000003900"},{"@Name":"ProcessId","#text":"2656"},{"@Name":"Image","#text":"C:\\Program Files\\Python310\\python.exe"},{"@Name":"FileVersion","#text":"3.10.4"},{"@Name":"Description","#text":"Python"},{"@Name":"Product","#text":"Python"},{"@Name":"Company","#text":"Python Software Foundation"},{"@Name":"OriginalFileName","#text":"python.exe"},{"@Name":"CommandLine","#text":"\"C:\\Program Files\\Python310\\python.exe\" -W ignore::DeprecationWarning -c \", import runpy, import sys, sys.path = ['C:\\\\Users\\\\ADMIN_~1\\\\AppData\\\\Local\\\\Temp\\\\tmpund2b0m5\\\\setuptools-58.1.0-py3-none-any.whl', 'C:\\\\Users\\\\ADMIN_~1\\\\AppData\\\\Local\\\\Temp\\\\tmpund2b0m5\\\\pip-22.0.4-py3-none-any.whl'] + sys.path, sys.argv[1:] = ['install', '--no-cache-dir', '--no-index', '--find-links', 'C:\\\\Users\\\\ADMIN_~1\\\\AppData\\\\Local\\\\Temp\\\\tmpund2b0m5', '--upgrade', 'setuptools', 'pip'], runpy.run_module(\\\"pip\\\", run_name=\\\"__main__\\\", alter_sys=True), \""},{"@Name":"CurrentDirectory","#text":"C:\\Windows\\SysWOW64\\"},{"@Name":"User","#text":"SERVER002\\admin_test"},{"@Name":"LogonGuid","#text":"dbf410b3-5bda-6715-2ec4-090000000000"},{"@Name":"LogonId","#text":"0x9C42E"},{"@Name":"TerminalSessionId","#text":"0"},{"@Name":"IntegrityLevel","#text":"High"},{"@Name":"Hashes","#text":"SHA256=261F682238E2DC3296038C8BD78DD01E5874E1177EBE3DA2AFCBA35EF82D73B7"},{"@Name":"ParentProcessGuid","#text":"dbf410b3-5c98-6715-d600-000000003900"},{"@Name":"ParentProcessId","#text":"904"},{"@Name":"ParentImage","#text":"C:\\Program Files\\Python310\\python.exe"},{"@Name":"ParentCommandLine","#text":"\"C:\\Program Files\\Python310\\python.exe\" -E -s -m ensurepip -U --default-pip"},{"@Name":"ParentUser","#text":"SERVER002\\admin_test"}]}}}
{"Event":{"System":{"Provider":{"@Name":"Microsoft-Windows-Sysmon","@Guid":"5770385f-c22a-43e0-bf4c-06f5698ffbd9"},"EventID":"1","Version":"5","Level":"4","Task":"1","Opcode":"0","Keywords":"0x8000000000000000","TimeCreated":{"@SystemTime":"2024-10-20 19:40:11.3838657"},"EventRecordID":"18023","Correlation":null,"Execution":{"@ProcessID":"3136","@ThreadID":"3968"},"Channel":"Microsoft-Windows-Sysmon/Operational","Computer":"Server002","Security":{"@UserID":"S-1-5-18"}},"EventData":{"Data":[{"@Name":"RuleName","#text":"-"},{"@Name":"UtcTime","#text":"2024-10-20 19:40:11.378"},{"@Name":"ProcessGuid","#text":"dbf410b3-5c9b-6715-e900-000000003900"},{"@Name":"ProcessId","#text":"2368"},{"@Name":"Image","#text":"C:\\Windows\\System32\\cmd.exe"},{"@Name":"FileVersion","#text":"10.0.19041.4355 (WinBuild.160101.0800)"},{"@Name":"Description","#text":"Windows Command Processor"},{"@Name":"Product","#text":"Microsoft® Windows® Operating System"},{"@Name":"Company","#text":"Microsoft Corporation"},{"@Name":"OriginalFileName","#text":"Cmd.Exe"},{"@Name":"CommandLine","#text":"C:\\Windows\\system32\\cmd.exe /c \"ver\""},{"@Name":"CurrentDirectory","#text":"C:\\Windows\\SysWOW64\\"},{"@Name":"User","#text":"SERVER002\\admin_test"},{"@Name":"LogonGuid","#text":"dbf410b3-5bda-6715-2ec4-090000000000"},{"@Name":"LogonId","#text":"0x9C42E"},{"@Name":"TerminalSessionId","#text":"0"},{"@Name":"IntegrityLevel","#text":"High"},{"@Name":"Hashes","#text":"SHA256=BADF4752413CB0CBDC03FB95820CA167F0CDC63B597CCDB5EF43111180E088B0"},{"@Name":"ParentProcessGuid","#text":"dbf410b3-5c99-6715-e800-000000003900"},{"@Name":"ParentProcessId","#text":"2656"},{"@Name":"ParentImage","#text":"C:\\Program Files\\Python310\\python.exe"},{"@Name":"ParentCommandLine","#text":"\"C:\\Program Files\\Python310\\python.exe\" -W ignore::DeprecationWarning -c \", import runpy, import sys, sys.path = ['C:\\\\Users\\\\ADMIN_~1\\\\AppData\\\\Local\\\\Temp\\\\tmpund2b0m5\\\\setuptools-58.1.0-py3-none-any.whl', 'C:\\\\Users\\\\ADMIN_~1\\\\AppData\\\\Local\\\\Temp\\\\tmpund2b0m5\\\\pip-22.0.4-py3-none-any.whl'] + sys.path, sys.argv[1:] = ['install', '--no-cache-dir', '--no-index', '--find-links', 'C:\\\\Users\\\\ADMIN_~1\\\\AppData\\\\Local\\\\Temp\\\\tmpund2b0m5', '--upgrade', 'setuptools', 'pip'], runpy.run_module(\\\"pip\\\", run_name=\\\"__main__\\\", alter_sys=True), \""},{"@Name":"ParentUser","#text":"SERVER002\\admin_test"}]}}}
{"Event":{"System":{"Provider":{"@Name":"Microsoft-Windows-Sysmon","@Guid":"5770385f-c22a-43e0-bf4c-06f5698ffbd9"},"EventID":"5","Version":"3","Level":"4","Task":"5","Opcode":"0","Keywords":"0x8000000000000000","TimeCreated":{"@SystemTime":"2024-10-20 19:40:11.3896398"},"EventRecordID":"18024","Correlation":null,"Execution":{"@ProcessID":"3136","@ThreadID":"3968"},"Channel":"Microsoft-Windows-Sysmon/Operational","Computer":"Server002","Security":{"@UserID":"S-1-5-18"}},"EventData":{"Data":[{"@Name":"RuleName","#text":"-"},{"@Name":"UtcTime","#text":"2024-10-20 19:40:11.388"},{"@Name":"ProcessGuid","#text":"dbf410b3-5c9b-6715-e900-000000003900"},{"@Name":"ProcessId","#text":"2368"},{"@Name":"Image","#text":"C:\\Windows\\System32\\cmd.exe"},{"@Name":"User","#text":"SERVER002\\admin_test"}]}}}
{"Event":{"System":{"Provider":{"@Name":"Microsoft-Windows-Sysmon","@Guid":"5770385f-c22a-43e0-bf4c-06f5698ffbd9"},"EventID":"5","Version":"3","Level":"4","Task":"5","Opcode":"0","Keywords":"0x8000000000000000","TimeCreated":{"@SystemTime":"2024-10-20 19:40:19.9856617"},"EventRecordID":"18025","Correlation":null,"Execution":{"@ProcessID":"3136","@ThreadID":"3968"},"Channel":"Microsoft-Windows-Sysmon/Operational","Computer":"Server002","Security":{"@UserID":"S-1-5-18"}},"EventData":{"Data":[{"@Name":"RuleName","#text":"-"},{"@Name":"UtcTime","#text":"2024-10-20 19:40:19.978"},{"@Name":"ProcessGuid","#text":"dbf410b3-5b7a-6715-7f00-000000003900"},{"@Name":"ProcessId","#text":"4184"},{"@Name":"Image","#text":"C:\\Windows\\System32\\svchost.exe"},{"@Name":"User","#text":"NT AUTHORITY\\SYSTEM"}]}}}
{"Event":{"System":{"Provider":{"@Name":"Microsoft-Windows-Sysmon","@Guid":"5770385f-c22a-43e0-bf4c-06f5698ffbd9"},"EventID":"5","Version":"3","Level":"4","Task":"5","Opcode":"0","Keywords":"0x8000000000000000","TimeCreated":{"@SystemTime":"2024-10-20 19:40:20.6692687"},"EventRecordID":"18026","Correlation":null,"Execution":{"@ProcessID":"3136","@ThreadID":"3968"},"Channel":"Microsoft-Windows-Sysmon/Operational","Computer":"Server002","Security":{"@UserID":"S-1-5-18"}},"EventData":{"Data":[{"@Name":"RuleName","#text":"-"},{"@Name":"UtcTime","#text":"2024-10-20 19:40:20.664"},{"@Name":"ProcessGuid","#text":"dbf410b3-5bd8-6715-9f00-000000003900"},{"@Name":"ProcessId","#text":"2096"},{"@Name":"Image","#text":"C:\\Windows\\servicing\\TrustedInstaller.exe"},{"@Name":"User","#text":"NT AUTHORITY\\SYSTEM"}]}}}
{"Event":{"System":{"Provider":{"@Name":"Microsoft-Windows-Sysmon","@Guid":"5770385f-c22a-43e0-bf4c-06f5698ffbd9"},"EventID":"5","Version":"3","Level":"4","Task":"5","Opcode":"0","Keywords":"0x8000000000000000","TimeCreated":{"@SystemTime":"2024-10-20 19:40:20.7130628"},"EventRecordID":"18027","Correlation":null,"Execution":{"@ProcessID":"3136","@ThreadID":"3968"},"Channel":"Microsoft-Windows-Sysmon/Operational","Computer":"Server002","Security":{"@UserID":"S-1-5-18"}},"EventData":{"Data":[{"@Name":"RuleName","#text":"-"},{"@Name":"UtcTime","#text":"2024-10-20 19:40:20.707"},{"@Name":"ProcessGuid","#text":"dbf410b3-5bd8-6715-a000-000000003900"},{"@Name":"ProcessId","#text":"2052"},{"@Name":"Image","#text":"C:\\Windows\\WinSxS\\amd64_microsoft-windows-servicingstack_31bf3856ad364e35_10.0.19041.4950_none_7dd913727cb4d87c\\TiWorker.exe"},{"@Name":"User","#text":"NT AUTHORITY\\SYSTEM"}]}}}
{"Event":{"System":{"Provider":{"@Name":"Microsoft-Windows-Sysmon","@Guid":"5770385f-c22a-43e0-bf4c-06f5698ffbd9"},"EventID":"5","Version":"3","Level":"4","Task":"5","Opcode":"0","Keywords":"0x8000000000000000","TimeCreated":{"@SystemTime":"2024-10-20 19:40:21.9844302"},"EventRecordID":"18028","Correlation":null,"Execution":{"@ProcessID":"3136","@ThreadID":"3968"},"Channel":"Microsoft-Windows-Sysmon/Operational","Computer":"Server002","Security":{"@UserID":"S-1-5-18"}},"EventData":{"Data":[{"@Name":"RuleName","#text":"-"},{"@Name":"UtcTime","#text":"2024-10-20 19:40:21.976"},{"@Name":"ProcessGuid","#text":"dbf410b3-5c99-6715-e800-000000003900"},{"@Name":"ProcessId","#text":"2656"},{"@Name":"Image","#text":"C:\\Program Files\\Python310\\python.exe"},{"@Name":"User","#text":"SERVER002\\admin_test"}]}}}
{"Event":{"System":{"Provider":{"@Name":"Microsoft-Windows-Sysmon","@Guid":"5770385f-c22a-43e0-bf4c-06f5698ffbd9"},"EventID":"5","Version":"3","Level":"4","Task":"5","Opcode":"0","Keywords":"0x8000000000000000","TimeCreated":{"@SystemTime":"2024-10-20 19:40:21.9925855"},"EventRecordID":"18029","Correlation":null,"Execution":{"@ProcessID":"3136","@ThreadID":"3968"},"Channel":"Microsoft-Windows-Sysmon/Operational","Computer":"Server002","Security":{"@UserID":"S-1-5-18"}},"EventData":{"Data":[{"@Name":"RuleName","#text":"-"},{"@Name":"UtcTime","#text":"2024-10-20 19:40:21.986"},{"@Name":"ProcessGuid","#text":"dbf410b3-5c98-6715-d600-000000003900"},{"@Name":"ProcessId","#text":"904"},{"@Name":"Image","#text":"C:\\Program Files\\Python310\\python.exe"},{"@Name":"User","#text":"SERVER002\\admin_test"}]}}}
{"Event":{"System":{"Provider":{"@Name":"Microsoft-Windows-Sysmon","@Guid":"5770385f-c22a-43e0-bf4c-06f5698ffbd9"},"EventID":"5","Version":"3","Level":"4","Task":"5","Opcode":"0","Keywords":"0x8000000000000000","TimeCreated":{"@SystemTime":"2024-10-20 19:40:21.9933723"},"EventRecordID":"18030","Correlation":null,"Execution":{"@ProcessID":"3136","@ThreadID":"3968"},"Channel":"Microsoft-Windows-Sysmon/Operational","Computer":"Server002","Security":{"@UserID":"S-1-5-18"}},"EventData":{"Data":[{"@Name":"RuleName","#text":"-"},{"@Name":"UtcTime","#text":"2024-10-20 19:40:21.992"},{"@Name":"ProcessGuid","#text":"dbf410b3-5c98-6715-d700-000000003900"},{"@Name":"ProcessId","#text":"960"},{"@Name":"Image","#text":"C:\\Windows\\System32\\conhost.exe"},{"@Name":"User","#text":"SERVER002\\admin_test"}]}}}
{"Event":{"System":{"Provider":{"@Name":"Microsoft-Windows-Sysmon","@Guid":"5770385f-c22a-43e0-bf4c-06f5698ffbd9"},"EventID":"5","Version":"3","Level":"4","Task":"5","Opcode":"0","Keywords":"0x8000000000000000","TimeCreated":{"@SystemTime":"2024-10-20 19:40:22.2544140"},"EventRecordID":"18031","Correlation":null,"Execution":{"@ProcessID":"3136","@ThreadID":"3968"},"Channel":"Microsoft-Windows-Sysmon/Operational","Computer":"Server002","Security":{"@UserID":"S-1-5-18"}},"EventData":{"Data":[{"@Name":"RuleName","#text":"-"},{"@Name":"UtcTime","#text":"2024-10-20 19:40:22.252"},{"@Name":"ProcessGuid","#text":"dbf410b3-5c98-6715-d500-000000003900"},{"@Name":"ProcessId","#text":"2716"},{"@Name":"Image","#text":"C:\\Windows\\SysWOW64\\msiexec.exe"},{"@Name":"User","#text":"SERVER002\\admin_test"}]}}}
{"Event":{"System":{"Provider":{"@Name":"Microsoft-Windows-Sysmon","@Guid":"5770385f-c22a-43e0-bf4c-06f5698ffbd9"},"EventID":"5","Version":"3","Level":"4","Task":"5","Opcode":"0","Keywords":"0x8000000000000000","TimeCreated":{"@SystemTime":"2024-10-20 19:40:22.8083282"},"EventRecordID":"18032","Correlation":null,"Execution":{"@ProcessID":"3136","@ThreadID":"3968"},"Channel":"Microsoft-Windows-Sysmon/Operational","Computer":"Server002","Security":{"@UserID":"S-1-5-18"}},"EventData":{"Data":[{"@Name":"RuleName","#text":"-"},{"@Name":"UtcTime","#text":"2024-10-20 19:40:22.806"},{"@Name":"ProcessGuid","#text":"dbf410b3-5c1d-6715-be00-000000003900"},{"@Name":"ProcessId","#text":"4604"},{"@Name":"Image","#text":"C:\\Windows\\Temp\\{B1910A23-4354-4528-9E25-37450A42B802}\\.be\\python-3.10.4-amd64.exe"},{"@Name":"User","#text":"SERVER002\\admin_test"}]}}}
{"Event":{"System":{"Provider":{"@Name":"Microsoft-Windows-Sysmon","@Guid":"5770385f-c22a-43e0-bf4c-06f5698ffbd9"},"EventID":"5","Version":"3","Level":"4","Task":"5","Opcode":"0","Keywords":"0x8000000000000000","TimeCreated":{"@SystemTime":"2024-10-20 19:40:22.8387239"},"EventRecordID":"18033","Correlation":null,"Execution":{"@ProcessID":"3136","@ThreadID":"3968"},"Channel":"Microsoft-Windows-Sysmon/Operational","Computer":"Server002","Security":{"@UserID":"S-1-5-18"}},"EventData":{"Data":[{"@Name":"RuleName","#text":"-"},{"@Name":"UtcTime","#text":"2024-10-20 19:40:22.833"},{"@Name":"ProcessGuid","#text":"dbf410b3-5c1b-6715-bd00-000000003900"},{"@Name":"ProcessId","#text":"384"},{"@Name":"Image","#text":"C:\\Windows\\Temp\\{0936FE55-FCC4-4C24-AB4D-2FBC1D94876B}\\.cr\\python_setup.exe"},{"@Name":"User","#text":"SERVER002\\admin_test"}]}}}
{"Event":{"System":{"Provider":{"@Name":"Microsoft-Windows-Sysmon","@Guid":"5770385f-c22a-43e0-bf4c-06f5698ffbd9"},"EventID":"5","Version":"3","Level":"4","Task":"5","Opcode":"0","Keywords":"0x8000000000000000","TimeCreated":{"@SystemTime":"2024-10-20 19:40:22.8459883"},"EventRecordID":"18034","Correlation":null,"Execution":{"@ProcessID":"3136","@ThreadID":"3968"},"Channel":"Microsoft-Windows-Sysmon/Operational","Computer":"Server002","Security":{"@UserID":"S-1-5-18"}},"EventData":{"Data":[{"@Name":"RuleName","#text":"-"},{"@Name":"UtcTime","#text":"2024-10-20 19:40:22.842"},{"@Name":"ProcessGuid","#text":"dbf410b3-5c1b-6715-bc00-000000003900"},{"@Name":"ProcessId","#text":"4508"},{"@Name":"Image","#text":"C:\\Users\\ADMIN_~1\\AppData\\Local\\Temp\\Externalfiles\\python_setup.exe"},{"@Name":"User","#text":"SERVER002\\admin_test"}]}}}
{"Event":{"System":{"Provider":{"@Name":"Microsoft-Windows-Sysmon","@Guid":"5770385f-c22a-43e0-bf4c-06f5698ffbd9"},"EventID":"5","Version":"3","Level":"4","Task":"5","Opcode":"0","Keywords":"0x8000000000000000","TimeCreated":{"@SystemTime":"2024-10-20 19:40:22.9855816"},"EventRecordID":"18035","Correlation":null,"Execution":{"@ProcessID":"3136","@ThreadID":"3968"},"Channel":"Microsoft-Windows-Sysmon/Operational","Computer":"Server002","Security":{"@UserID":"S-1-5-18"}},"EventData":{"Data":[{"@Name":"RuleName","#text":"-"},{"@Name":"UtcTime","#text":"2024-10-20 19:40:22.978"},{"@Name":"ProcessGuid","#text":"dbf410b3-5be2-6715-b200-000000003900"},{"@Name":"ProcessId","#text":"1904"},{"@Name":"Image","#text":"C:\\Windows\\System32\\WindowsPowerShell\\v1.0\\powershell.exe"},{"@Name":"User","#text":"SERVER002\\admin_test"}]}}}
{"Event":{"System":{"Provider":{"@Name":"Microsoft-Windows-Sysmon","@Guid":"5770385f-c22a-43e0-bf4c-06f5698ffbd9"},"EventID":"5","Version":"3","Level":"4","Task":"5","Opcode":"0","Keywords":"0x8000000000000000","TimeCreated":{"@SystemTime":"2024-10-20 19:40:22.9873357"},"EventRecordID":"18036","Correlation":null,"Execution":{"@ProcessID":"3136","@ThreadID":"3968"},"Channel":"Microsoft-Windows-Sysmon/Operational","Computer":"Server002","Security":{"@UserID":"S-1-5-18"}},"EventData":{"Data":[{"@Name":"RuleName","#text":"-"},{"@Name":"UtcTime","#text":"2024-10-20 19:40:22.984"},{"@Name":"ProcessGuid","#text":"dbf410b3-5be2-6715-b300-000000003900"},{"@Name":"ProcessId","#text":"1812"},{"@Name":"Image","#text":"C:\\Windows\\System32\\conhost.exe"},{"@Name":"User","#text":"SERVER002\\admin_test"}]}}}
