{"Event":{"System":{"Provider":{"@Name":"PowerShell"},"EventID":{"@Qualifiers":"0","#text":"600"},"Version":"0","Level":"4","Task":"6","Opcode":"0","Keywords":"0x80000000000000","TimeCreated":{"@SystemTime":"2024-10-28 15:00:18.1881716"},"EventRecordID":"1043","Correlation":null,"Execution":{"@ProcessID":"0","@ThreadID":"0"},"Channel":"Windows PowerShell","Computer":"Server002","Security":null},"EventData":{"Data":"Registry, Started, \tProviderName=Registry\r\n\tNewProviderState=Started\r\n\r\n\tSequenceNumber=1\r\n\r\n\tHostName=ConsoleHost\r\n\tHostVersion=5.1.19041.5007\r\n\tHostId=d3a98c17-1aa9-40c9-ad91-fd18d49d3484\r\n\tHostApplication=powershell.exe &amp; {New-SmbMapping -RemotePath '\\\\example.com\\sales' -TransportType QUIC -SkipCertificateCheck\r\ncopy 'C:\\path\\to\\file.txt' 'Z:\\'}\r\n\tEngineVersion=\r\n\tRunspaceId=\r\n\tPipelineId=\r\n\tCommandName=\r\n\tCommandType=\r\n\tScriptName=\r\n\tCommandPath=\r\n\tCommandLine=","Binary":""}}}
{"Event":{"System":{"Provider":{"@Name":"PowerShell"},"EventID":{"@Qualifiers":"0","#text":"600"},"Version":"0","Level":"4","Task":"6","Opcode":"0","Keywords":"0x80000000000000","TimeCreated":{"@SystemTime":"2024-10-28 15:00:18.1920477"},"EventRecordID":"1044","Correlation":null,"Execution":{"@ProcessID":"0","@ThreadID":"0"},"Channel":"Windows PowerShell","Computer":"Server002","Security":null},"EventData":{"Data":"Alias, Started, \tProviderName=Alias\r\n\tNewProviderState=Started\r\n\r\n\tSequenceNumber=3\r\n\r\n\tHostName=ConsoleHost\r\n\tHostVersion=5.1.19041.5007\r\n\tHostId=d3a98c17-1aa9-40c9-ad91-fd18d49d3484\r\n\tHostApplication=powershell.exe &amp; {New-SmbMapping -RemotePath '\\\\example.com\\sales' -TransportType QUIC -SkipCertificateCheck\r\ncopy 'C:\\path\\to\\file.txt' 'Z:\\'}\r\n\tEngineVersion=\r\n\tRunspaceId=\r\n\tPipelineId=\r\n\tCommandName=\r\n\tCommandType=\r\n\tScriptName=\r\n\tCommandPath=\r\n\tCommandLine=","Binary":""}}}
{"Event":{"System":{"Provider":{"@Name":"PowerShell"},"EventID":{"@Qualifiers":"0","#text":"600"},"Version":"0","Level":"4","Task":"6","Opcode":"0","Keywords":"0x80000000000000","TimeCreated":{"@SystemTime":"2024-10-28 15:00:18.1920477"},"EventRecordID":"1045","Correlation":null,"Execution":{"@ProcessID":"0","@ThreadID":"0"},"Channel":"Windows PowerShell","Computer":"Server002","Security":null},"EventData":{"Data":"Environment, Started, \tProviderName=Environment\r\n\tNewProviderState=Started\r\n\r\n\tSequenceNumber=5\r\n\r\n\tHostName=ConsoleHost\r\n\tHostVersion=5.1.19041.5007\r\n\tHostId=d3a98c17-1aa9-40c9-ad91-fd18d49d3484\r\n\tHostApplication=powershell.exe &amp; {New-SmbMapping -RemotePath '\\\\example.com\\sales' -TransportType QUIC -SkipCertificateCheck\r\ncopy 'C:\\path\\to\\file.txt' 'Z:\\'}\r\n\tEngineVersion=\r\n\tRunspaceId=\r\n\tPipelineId=\r\n\tCommandName=\r\n\tCommandType=\r\n\tScriptName=\r\n\tCommandPath=\r\n\tCommandLine=","Binary":""}}}
{"Event":{"System":{"Provider":{"@Name":"PowerShell"},"EventID":{"@Qualifiers":"0","#text":"600"},"Version":"0","Level":"4","Task":"6","Opcode":"0","Keywords":"0x80000000000000","TimeCreated":{"@SystemTime":"2024-10-28 15:00:18.1986899"},"EventRecordID":"1046","Correlation":null,"Execution":{"@ProcessID":"0","@ThreadID":"0"},"Channel":"Windows PowerShell","Computer":"Server002","Security":null},"EventData":{"Data":"FileSystem, Started, \tProviderName=FileSystem\r\n\tNewProviderState=Started\r\n\r\n\tSequenceNumber=7\r\n\r\n\tHostName=ConsoleHost\r\n\tHostVersion=5.1.19041.5007\r\n\tHostId=d3a98c17-1aa9-40c9-ad91-fd18d49d3484\r\n\tHostApplication=powershell.exe &amp; {New-SmbMapping -RemotePath '\\\\example.com\\sales' -TransportType QUIC -SkipCertificateCheck\r\ncopy 'C:\\path\\to\\file.txt' 'Z:\\'}\r\n\tEngineVersion=\r\n\tRunspaceId=\r\n\tPipelineId=\r\n\tCommandName=\r\n\tCommandType=\r\n\tScriptName=\r\n\tCommandPath=\r\n\tCommandLine=","Binary":""}}}
{"Event":{"System":{"Provider":{"@Name":"PowerShell"},"EventID":{"@Qualifiers":"0","#text":"600"},"Version":"0","Level":"4","Task":"6","Opcode":"0","Keywords":"0x80000000000000","TimeCreated":{"@SystemTime":"2024-10-28 15:00:18.1999861"},"EventRecordID":"1047","Correlation":null,"Execution":{"@ProcessID":"0","@ThreadID":"0"},"Channel":"Windows PowerShell","Computer":"Server002","Security":null},"EventData":{"Data":"Function, Started, \tProviderName=Function\r\n\tNewProviderState=Started\r\n\r\n\tSequenceNumber=9\r\n\r\n\tHostName=ConsoleHost\r\n\tHostVersion=5.1.19041.5007\r\n\tHostId=d3a98c17-1aa9-40c9-ad91-fd18d49d3484\r\n\tHostApplication=powershell.exe &amp; {New-SmbMapping -RemotePath '\\\\example.com\\sales' -TransportType QUIC -SkipCertificateCheck\r\ncopy 'C:\\path\\to\\file.txt' 'Z:\\'}\r\n\tEngineVersion=\r\n\tRunspaceId=\r\n\tPipelineId=\r\n\tCommandName=\r\n\tCommandType=\r\n\tScriptName=\r\n\tCommandPath=\r\n\tCommandLine=","Binary":""}}}
{"Event":{"System":{"Provider":{"@Name":"PowerShell"},"EventID":{"@Qualifiers":"0","#text":"600"},"Version":"0","Level":"4","Task":"6","Opcode":"0","Keywords":"0x80000000000000","TimeCreated":{"@SystemTime":"2024-10-28 15:00:18.1999861"},"EventRecordID":"1048","Correlation":null,"Execution":{"@ProcessID":"0","@ThreadID":"0"},"Channel":"Windows PowerShell","Computer":"Server002","Security":null},"EventData":{"Data":"Variable, Started, \tProviderName=Variable\r\n\tNewProviderState=Started\r\n\r\n\tSequenceNumber=11\r\n\r\n\tHostName=ConsoleHost\r\n\tHostVersion=5.1.19041.5007\r\n\tHostId=d3a98c17-1aa9-40c9-ad91-fd18d49d3484\r\n\tHostApplication=powershell.exe &amp; {New-SmbMapping -RemotePath '\\\\example.com\\sales' -TransportType QUIC -SkipCertificateCheck\r\ncopy 'C:\\path\\to\\file.txt' 'Z:\\'}\r\n\tEngineVersion=\r\n\tRunspaceId=\r\n\tPipelineId=\r\n\tCommandName=\r\n\tCommandType=\r\n\tScriptName=\r\n\tCommandPath=\r\n\tCommandLine=","Binary":""}}}
{"Event":{"System":{"Provider":{"@Name":"PowerShell"},"EventID":{"@Qualifiers":"0","#text":"400"},"Version":"0","Level":"4","Task":"4","Opcode":"0","Keywords":"0x80000000000000","TimeCreated":{"@SystemTime":"2024-10-28 15:00:18.4214059"},"EventRecordID":"1049","Correlation":null,"Execution":{"@ProcessID":"0","@ThreadID":"0"},"Channel":"Windows PowerShell","Computer":"Server002","Security":null},"EventData":{"Data":"Available, None, \tNewEngineState=Available\r\n\tPreviousEngineState=None\r\n\r\n\tSequenceNumber=13\r\n\r\n\tHostName=ConsoleHost\r\n\tHostVersion=5.1.19041.5007\r\n\tHostId=d3a98c17-1aa9-40c9-ad91-fd18d49d3484\r\n\tHostApplication=powershell.exe &amp; {New-SmbMapping -RemotePath '\\\\example.com\\sales' -TransportType QUIC -SkipCertificateCheck\r\ncopy 'C:\\path\\to\\file.txt' 'Z:\\'}\r\n\tEngineVersion=5.1.19041.5007\r\n\tRunspaceId=14b522b6-310c-4be8-bc43-eff0aeb1de0f\r\n\tPipelineId=\r\n\tCommandName=\r\n\tCommandType=\r\n\tScriptName=\r\n\tCommandPath=\r\n\tCommandLine=","Binary":""}}}
{"Event":{"System":{"Provider":{"@Name":"PowerShell"},"EventID":{"@Qualifiers":"0","#text":"300"},"Version":"0","Level":"3","Task":"3","Opcode":"0","Keywords":"0x80000000000000","TimeCreated":{"@SystemTime":"2024-10-28 15:00:20.3643284"},"EventRecordID":"1050","Correlation":null,"Execution":{"@ProcessID":"0","@ThreadID":"0"},"Channel":"Windows PowerShell","Computer":"Server002","Security":null},"EventData":{"Data":"Could not find the drive 'Z:\\'. The drive might not be ready or might not be mapped., \tProviderName=Microsoft.PowerShell.Core\\FileSystem\r\n\tExceptionClass=DriveNotFoundException\r\n\tErrorCategory=\r\n\tErrorId=\r\n\tErrorMessage=Could not find the drive 'Z:\\'. The drive might not be ready or might not be mapped.\r\n\r\n\tSeverity=Warning\r\n\r\n\tSequenceNumber=15\r\n\r\n\tHostName=ConsoleHost\r\n\tHostVersion=5.1.19041.5007\r\n\tHostId=d3a98c17-1aa9-40c9-ad91-fd18d49d3484\r\n\tHostApplication=powershell.exe &amp; {New-SmbMapping -RemotePath '\\\\example.com\\sales' -TransportType QUIC -SkipCertificateCheck\r\ncopy 'C:\\path\\to\\file.txt' 'Z:\\'}\r\n\tEngineVersion=5.1.19041.5007\r\n\tRunspaceId=14b522b6-310c-4be8-bc43-eff0aeb1de0f\r\n\tPipelineId=1\r\n\tCommandName=\r\n\tCommandType=\r\n\tScriptName=\r\n\tCommandPath=\r\n\tCommandLine=","Binary":""}}}
{"Event":{"System":{"Provider":{"@Name":"PowerShell"},"EventID":{"@Qualifiers":"0","#text":"403"},"Version":"0","Level":"4","Task":"4","Opcode":"0","Keywords":"0x80000000000000","TimeCreated":{"@SystemTime":"2024-10-28 15:00:20.6764204"},"EventRecordID":"1051","Correlation":null,"Execution":{"@ProcessID":"0","@ThreadID":"0"},"Channel":"Windows PowerShell","Computer":"Server002","Security":null},"EventData":{"Data":"Stopped, Available, \tNewEngineState=Stopped\r\n\tPreviousEngineState=Available\r\n\r\n\tSequenceNumber=17\r\n\r\n\tHostName=ConsoleHost\r\n\tHostVersion=5.1.19041.5007\r\n\tHostId=d3a98c17-1aa9-40c9-ad91-fd18d49d3484\r\n\tHostApplication=powershell.exe &amp; {New-SmbMapping -RemotePath '\\\\example.com\\sales' -TransportType QUIC -SkipCertificateCheck\r\ncopy 'C:\\path\\to\\file.txt' 'Z:\\'}\r\n\tEngineVersion=5.1.19041.5007\r\n\tRunspaceId=14b522b6-310c-4be8-bc43-eff0aeb1de0f\r\n\tPipelineId=\r\n\tCommandName=\r\n\tCommandType=\r\n\tScriptName=\r\n\tCommandPath=\r\n\tCommandLine=","Binary":""}}}
