{"Event":{"System":{"Provider":{"@Name":"PowerShell"},"EventID":{"@Qualifiers":"0","#text":"600"},"Version":"0","Level":"4","Task":"6","Opcode":"0","Keywords":"0x80000000000000","TimeCreated":{"@SystemTime":"2024-10-24 20:49:21.6449406"},"EventRecordID":"1043","Correlation":null,"Execution":{"@ProcessID":"0","@ThreadID":"0"},"Channel":"Windows PowerShell","Computer":"Server002","Security":null},"EventData":{"Data":"Registry, Started, \tProviderName=Registry\r\n\tNewProviderState=Started\r\n\r\n\tSequenceNumber=1\r\n\r\n\tHostName=ConsoleHost\r\n\tHostVersion=5.1.19041.5007\r\n\tHostId=ac8ca8b7-4626-491d-88bf-c6f07fcfc2ac\r\n\tHostApplication=powershell.exe &amp; {Add-Type -AssemblyName System.Windows.Forms\r\n$screen = [Windows.Forms.SystemInformation]::VirtualScreen\r\n$bitmap = New-Object Drawing.Bitmap $screen.Width, $screen.Height\r\n$graphic = [Drawing.Graphics]::FromImage($bitmap)\r\n$graphic.CopyFromScreen($screen.Left, $screen.Top, 0, 0, $bitmap.Size)\r\n$bitmap.Save(\"$env:TEMP\\T1113.png\")}\r\n\tEngineVersion=\r\n\tRunspaceId=\r\n\tPipelineId=\r\n\tCommandName=\r\n\tCommandType=\r\n\tScriptName=\r\n\tCommandPath=\r\n\tCommandLine=","Binary":""}}}
{"Event":{"System":{"Provider":{"@Name":"PowerShell"},"EventID":{"@Qualifiers":"0","#text":"600"},"Version":"0","Level":"4","Task":"6","Opcode":"0","Keywords":"0x80000000000000","TimeCreated":{"@SystemTime":"2024-10-24 20:49:21.6648469"},"EventRecordID":"1044","Correlation":null,"Execution":{"@ProcessID":"0","@ThreadID":"0"},"Channel":"Windows PowerShell","Computer":"Server002","Security":null},"EventData":{"Data":"Alias, Started, \tProviderName=Alias\r\n\tNewProviderState=Started\r\n\r\n\tSequenceNumber=3\r\n\r\n\tHostName=ConsoleHost\r\n\tHostVersion=5.1.19041.5007\r\n\tHostId=ac8ca8b7-4626-491d-88bf-c6f07fcfc2ac\r\n\tHostApplication=powershell.exe &amp; {Add-Type -AssemblyName System.Windows.Forms\r\n$screen = [Windows.Forms.SystemInformation]::VirtualScreen\r\n$bitmap = New-Object Drawing.Bitmap $screen.Width, $screen.Height\r\n$graphic = [Drawing.Graphics]::FromImage($bitmap)\r\n$graphic.CopyFromScreen($screen.Left, $screen.Top, 0, 0, $bitmap.Size)\r\n$bitmap.Save(\"$env:TEMP\\T1113.png\")}\r\n\tEngineVersion=\r\n\tRunspaceId=\r\n\tPipelineId=\r\n\tCommandName=\r\n\tCommandType=\r\n\tScriptName=\r\n\tCommandPath=\r\n\tCommandLine=","Binary":""}}}
{"Event":{"System":{"Provider":{"@Name":"PowerShell"},"EventID":{"@Qualifiers":"0","#text":"600"},"Version":"0","Level":"4","Task":"6","Opcode":"0","Keywords":"0x80000000000000","TimeCreated":{"@SystemTime":"2024-10-24 20:49:21.6648469"},"EventRecordID":"1045","Correlation":null,"Execution":{"@ProcessID":"0","@ThreadID":"0"},"Channel":"Windows PowerShell","Computer":"Server002","Security":null},"EventData":{"Data":"Environment, Started, \tProviderName=Environment\r\n\tNewProviderState=Started\r\n\r\n\tSequenceNumber=5\r\n\r\n\tHostName=ConsoleHost\r\n\tHostVersion=5.1.19041.5007\r\n\tHostId=ac8ca8b7-4626-491d-88bf-c6f07fcfc2ac\r\n\tHostApplication=powershell.exe &amp; {Add-Type -AssemblyName System.Windows.Forms\r\n$screen = [Windows.Forms.SystemInformation]::VirtualScreen\r\n$bitmap = New-Object Drawing.Bitmap $screen.Width, $screen.Height\r\n$graphic = [Drawing.Graphics]::FromImage($bitmap)\r\n$graphic.CopyFromScreen($screen.Left, $screen.Top, 0, 0, $bitmap.Size)\r\n$bitmap.Save(\"$env:TEMP\\T1113.png\")}\r\n\tEngineVersion=\r\n\tRunspaceId=\r\n\tPipelineId=\r\n\tCommandName=\r\n\tCommandType=\r\n\tScriptName=\r\n\tCommandPath=\r\n\tCommandLine=","Binary":""}}}
{"Event":{"System":{"Provider":{"@Name":"PowerShell"},"EventID":{"@Qualifiers":"0","#text":"600"},"Version":"0","Level":"4","Task":"6","Opcode":"0","Keywords":"0x80000000000000","TimeCreated":{"@SystemTime":"2024-10-24 20:49:21.6648469"},"EventRecordID":"1046","Correlation":null,"Execution":{"@ProcessID":"0","@ThreadID":"0"},"Channel":"Windows PowerShell","Computer":"Server002","Security":null},"EventData":{"Data":"FileSystem, Started, \tProviderName=FileSystem\r\n\tNewProviderState=Started\r\n\r\n\tSequenceNumber=7\r\n\r\n\tHostName=ConsoleHost\r\n\tHostVersion=5.1.19041.5007\r\n\tHostId=ac8ca8b7-4626-491d-88bf-c6f07fcfc2ac\r\n\tHostApplication=powershell.exe &amp; {Add-Type -AssemblyName System.Windows.Forms\r\n$screen = [Windows.Forms.SystemInformation]::VirtualScreen\r\n$bitmap = New-Object Drawing.Bitmap $screen.Width, $screen.Height\r\n$graphic = [Drawing.Graphics]::FromImage($bitmap)\r\n$graphic.CopyFromScreen($screen.Left, $screen.Top, 0, 0, $bitmap.Size)\r\n$bitmap.Save(\"$env:TEMP\\T1113.png\")}\r\n\tEngineVersion=\r\n\tRunspaceId=\r\n\tPipelineId=\r\n\tCommandName=\r\n\tCommandType=\r\n\tScriptName=\r\n\tCommandPath=\r\n\tCommandLine=","Binary":""}}}
{"Event":{"System":{"Provider":{"@Name":"PowerShell"},"EventID":{"@Qualifiers":"0","#text":"600"},"Version":"0","Level":"4","Task":"6","Opcode":"0","Keywords":"0x80000000000000","TimeCreated":{"@SystemTime":"2024-10-24 20:49:21.6648469"},"EventRecordID":"1047","Correlation":null,"Execution":{"@ProcessID":"0","@ThreadID":"0"},"Channel":"Windows PowerShell","Computer":"Server002","Security":null},"EventData":{"Data":"Function, Started, \tProviderName=Function\r\n\tNewProviderState=Started\r\n\r\n\tSequenceNumber=9\r\n\r\n\tHostName=ConsoleHost\r\n\tHostVersion=5.1.19041.5007\r\n\tHostId=ac8ca8b7-4626-491d-88bf-c6f07fcfc2ac\r\n\tHostApplication=powershell.exe &amp; {Add-Type -AssemblyName System.Windows.Forms\r\n$screen = [Windows.Forms.SystemInformation]::VirtualScreen\r\n$bitmap = New-Object Drawing.Bitmap $screen.Width, $screen.Height\r\n$graphic = [Drawing.Graphics]::FromImage($bitmap)\r\n$graphic.CopyFromScreen($screen.Left, $screen.Top, 0, 0, $bitmap.Size)\r\n$bitmap.Save(\"$env:TEMP\\T1113.png\")}\r\n\tEngineVersion=\r\n\tRunspaceId=\r\n\tPipelineId=\r\n\tCommandName=\r\n\tCommandType=\r\n\tScriptName=\r\n\tCommandPath=\r\n\tCommandLine=","Binary":""}}}
{"Event":{"System":{"Provider":{"@Name":"PowerShell"},"EventID":{"@Qualifiers":"0","#text":"600"},"Version":"0","Level":"4","Task":"6","Opcode":"0","Keywords":"0x80000000000000","TimeCreated":{"@SystemTime":"2024-10-24 20:49:21.6648469"},"EventRecordID":"1048","Correlation":null,"Execution":{"@ProcessID":"0","@ThreadID":"0"},"Channel":"Windows PowerShell","Computer":"Server002","Security":null},"EventData":{"Data":"Variable, Started, \tProviderName=Variable\r\n\tNewProviderState=Started\r\n\r\n\tSequenceNumber=11\r\n\r\n\tHostName=ConsoleHost\r\n\tHostVersion=5.1.19041.5007\r\n\tHostId=ac8ca8b7-4626-491d-88bf-c6f07fcfc2ac\r\n\tHostApplication=powershell.exe &amp; {Add-Type -AssemblyName System.Windows.Forms\r\n$screen = [Windows.Forms.SystemInformation]::VirtualScreen\r\n$bitmap = New-Object Drawing.Bitmap $screen.Width, $screen.Height\r\n$graphic = [Drawing.Graphics]::FromImage($bitmap)\r\n$graphic.CopyFromScreen($screen.Left, $screen.Top, 0, 0, $bitmap.Size)\r\n$bitmap.Save(\"$env:TEMP\\T1113.png\")}\r\n\tEngineVersion=\r\n\tRunspaceId=\r\n\tPipelineId=\r\n\tCommandName=\r\n\tCommandType=\r\n\tScriptName=\r\n\tCommandPath=\r\n\tCommandLine=","Binary":""}}}
{"Event":{"System":{"Provider":{"@Name":"PowerShell"},"EventID":{"@Qualifiers":"0","#text":"400"},"Version":"0","Level":"4","Task":"4","Opcode":"0","Keywords":"0x80000000000000","TimeCreated":{"@SystemTime":"2024-10-24 20:49:21.8521340"},"EventRecordID":"1049","Correlation":null,"Execution":{"@ProcessID":"0","@ThreadID":"0"},"Channel":"Windows PowerShell","Computer":"Server002","Security":null},"EventData":{"Data":"Available, None, \tNewEngineState=Available\r\n\tPreviousEngineState=None\r\n\r\n\tSequenceNumber=13\r\n\r\n\tHostName=ConsoleHost\r\n\tHostVersion=5.1.19041.5007\r\n\tHostId=ac8ca8b7-4626-491d-88bf-c6f07fcfc2ac\r\n\tHostApplication=powershell.exe &amp; {Add-Type -AssemblyName System.Windows.Forms\r\n$screen = [Windows.Forms.SystemInformation]::VirtualScreen\r\n$bitmap = New-Object Drawing.Bitmap $screen.Width, $screen.Height\r\n$graphic = [Drawing.Graphics]::FromImage($bitmap)\r\n$graphic.CopyFromScreen($screen.Left, $screen.Top, 0, 0, $bitmap.Size)\r\n$bitmap.Save(\"$env:TEMP\\T1113.png\")}\r\n\tEngineVersion=5.1.19041.5007\r\n\tRunspaceId=a2313eed-1628-4780-91ab-e7a0f2c377bc\r\n\tPipelineId=\r\n\tCommandName=\r\n\tCommandType=\r\n\tScriptName=\r\n\tCommandPath=\r\n\tCommandLine=","Binary":""}}}
{"Event":{"System":{"Provider":{"@Name":"PowerShell"},"EventID":{"@Qualifiers":"0","#text":"800"},"Version":"0","Level":"4","Task":"8","Opcode":"0","Keywords":"0x80000000000000","TimeCreated":{"@SystemTime":"2024-10-24 20:49:23.1363289"},"EventRecordID":"1050","Correlation":null,"Execution":{"@ProcessID":"0","@ThreadID":"0"},"Channel":"Windows PowerShell","Computer":"Server002","Security":null},"EventData":{"Data":"&amp; {Add-Type -AssemblyName System.Windows.Forms\r\n, \tDetailSequence=1\r\n\tDetailTotal=1\r\n\r\n\tSequenceNumber=15\r\n\r\n\tUserId=SERVER002\\admin_test\r\n\tHostName=ConsoleHost\r\n\tHostVersion=5.1.19041.5007\r\n\tHostId=ac8ca8b7-4626-491d-88bf-c6f07fcfc2ac\r\n\tHostApplication=powershell.exe &amp; {Add-Type -AssemblyName System.Windows.Forms\r\n$screen = [Windows.Forms.SystemInformation]::VirtualScreen\r\n$bitmap = New-Object Drawing.Bitmap $screen.Width, $screen.Height\r\n$graphic = [Drawing.Graphics]::FromImage($bitmap)\r\n$graphic.CopyFromScreen($screen.Left, $screen.Top, 0, 0, $bitmap.Size)\r\n$bitmap.Save(\"$env:TEMP\\T1113.png\")}\r\n\tEngineVersion=5.1.19041.5007\r\n\tRunspaceId=a2313eed-1628-4780-91ab-e7a0f2c377bc\r\n\tPipelineId=1\r\n\tScriptName=\r\n\tCommandLine=&amp; {Add-Type -AssemblyName System.Windows.Forms\r\n, CommandInvocation(Add-Type): \"Add-Type\"\r\nParameterBinding(Add-Type): name=\"AssemblyName\"; value=\"System.Windows.Forms\"\r\n","Binary":""}}}
{"Event":{"System":{"Provider":{"@Name":"PowerShell"},"EventID":{"@Qualifiers":"0","#text":"403"},"Version":"0","Level":"4","Task":"4","Opcode":"0","Keywords":"0x80000000000000","TimeCreated":{"@SystemTime":"2024-10-24 20:49:23.9270727"},"EventRecordID":"1051","Correlation":null,"Execution":{"@ProcessID":"0","@ThreadID":"0"},"Channel":"Windows PowerShell","Computer":"Server002","Security":null},"EventData":{"Data":"Stopped, Available, \tNewEngineState=Stopped\r\n\tPreviousEngineState=Available\r\n\r\n\tSequenceNumber=17\r\n\r\n\tHostName=ConsoleHost\r\n\tHostVersion=5.1.19041.5007\r\n\tHostId=ac8ca8b7-4626-491d-88bf-c6f07fcfc2ac\r\n\tHostApplication=powershell.exe &amp; {Add-Type -AssemblyName System.Windows.Forms\r\n$screen = [Windows.Forms.SystemInformation]::VirtualScreen\r\n$bitmap = New-Object Drawing.Bitmap $screen.Width, $screen.Height\r\n$graphic = [Drawing.Graphics]::FromImage($bitmap)\r\n$graphic.CopyFromScreen($screen.Left, $screen.Top, 0, 0, $bitmap.Size)\r\n$bitmap.Save(\"$env:TEMP\\T1113.png\")}\r\n\tEngineVersion=5.1.19041.5007\r\n\tRunspaceId=a2313eed-1628-4780-91ab-e7a0f2c377bc\r\n\tPipelineId=\r\n\tCommandName=\r\n\tCommandType=\r\n\tScriptName=\r\n\tCommandPath=\r\n\tCommandLine=","Binary":""}}}
