{"Event":{"System":{"Provider":{"@Name":"Microsoft-Windows-Sysmon","@Guid":"5770385f-c22a-43e0-bf4c-06f5698ffbd9"},"EventID":"1","Version":"5","Level":"4","Task":"1","Opcode":"0","Keywords":"0x8000000000000000","TimeCreated":{"@SystemTime":"2024-10-21 12:49:39.5880156"},"EventRecordID":"17962","Correlation":null,"Execution":{"@ProcessID":"3012","@ThreadID":"3968"},"Channel":"Microsoft-Windows-Sysmon/Operational","Computer":"Server002","Security":{"@UserID":"S-1-5-18"}},"EventData":{"Data":[{"@Name":"RuleName","#text":"-"},{"@Name":"UtcTime","#text":"2024-10-21 12:49:39.536"},{"@Name":"ProcessGuid","#text":"dbf410b3-4de3-6716-c700-000000003900"},{"@Name":"ProcessId","#text":"3388"},{"@Name":"Image","#text":"C:\\Windows\\SoftwareDistribution\\Download\\Install\\AM_Delta.exe"},{"@Name":"FileVersion","#text":"1.419.626.0"},{"@Name":"Description","#text":"AntiMalware Definition Update"},{"@Name":"Product","#text":"Microsoft Malware Protection"},{"@Name":"Company","#text":"Microsoft Corporation"},{"@Name":"OriginalFileName","#text":"AM_Delta.exe"},{"@Name":"CommandLine","#text":"\"C:\\Windows\\SoftwareDistribution\\Download\\Install\\AM_Delta.exe\" WD /q"},{"@Name":"CurrentDirectory","#text":"C:\\Windows\\SoftwareDistribution\\Download\\Install\\"},{"@Name":"User","#text":"NT AUTHORITY\\SYSTEM"},{"@Name":"LogonGuid","#text":"dbf410b3-6959-6716-e703-000000000000"},{"@Name":"LogonId","#text":"0x3E7"},{"@Name":"TerminalSessionId","#text":"0"},{"@Name":"IntegrityLevel","#text":"System"},{"@Name":"Hashes","#text":"SHA256=605958AEB6BBE7834C0C21BCC76932837FC741DFDA897156E74F145637FAE90B"},{"@Name":"ParentProcessGuid","#text":"dbf410b3-4de3-6716-c600-000000003900"},{"@Name":"ParentProcessId","#text":"2920"},{"@Name":"ParentImage","#text":"C:\\Windows\\System32\\wuauclt.exe"},{"@Name":"ParentCommandLine","#text":"\"C:\\Windows\\system32\\wuauclt.exe\" /UpdateDeploymentProvider UpdateDeploymentProvider.dll /ClassId 04efd2ad-14d3-42a5-a861-d711b8966b75 /RunHandlerComServer"},{"@Name":"ParentUser","#text":"NT AUTHORITY\\SYSTEM"}]}}}
{"Event":{"System":{"Provider":{"@Name":"Microsoft-Windows-Sysmon","@Guid":"5770385f-c22a-43e0-bf4c-06f5698ffbd9"},"EventID":"1","Version":"5","Level":"4","Task":"1","Opcode":"0","Keywords":"0x8000000000000000","TimeCreated":{"@SystemTime":"2024-10-21 12:49:39.6224395"},"EventRecordID":"17963","Correlation":null,"Execution":{"@ProcessID":"3012","@ThreadID":"3968"},"Channel":"Microsoft-Windows-Sysmon/Operational","Computer":"Server002","Security":{"@UserID":"S-1-5-18"}},"EventData":{"Data":[{"@Name":"RuleName","#text":"-"},{"@Name":"UtcTime","#text":"2024-10-21 12:49:39.616"},{"@Name":"ProcessGuid","#text":"dbf410b3-4de3-6716-c800-000000003900"},{"@Name":"ProcessId","#text":"5760"},{"@Name":"Image","#text":"C:\\Windows\\System32\\MpSigStub.exe"},{"@Name":"FileVersion","#text":"1.1.24010.2001 (7122f19e8a45ed98fbe41ea0bdadf251e45717f9)"},{"@Name":"Description","#text":"Microsoft Malware Protection Signature Update Stub"},{"@Name":"Product","#text":"Microsoft Malware Protection"},{"@Name":"Company","#text":"Microsoft Corporation"},{"@Name":"OriginalFileName","#text":"MpSigStub.exe"},{"@Name":"CommandLine","#text":"C:\\Windows\\system32\\MpSigStub.exe /stub 1.1.24010.2001 /file 1.419.626.0 /MpWUStub /program C:\\Windows\\SoftwareDistribution\\Download\\Install\\AM_Delta.exe WD /q"},{"@Name":"CurrentDirectory","#text":"C:\\Windows\\system32\\"},{"@Name":"User","#text":"NT AUTHORITY\\SYSTEM"},{"@Name":"LogonGuid","#text":"dbf410b3-6959-6716-e703-000000000000"},{"@Name":"LogonId","#text":"0x3E7"},{"@Name":"TerminalSessionId","#text":"0"},{"@Name":"IntegrityLevel","#text":"System"},{"@Name":"Hashes","#text":"SHA256=071B0D3A08503A8B88AEEDA1D20F371A563377028F6E252DC66CCE60AB8F823E"},{"@Name":"ParentProcessGuid","#text":"dbf410b3-4de3-6716-c600-000000003900"},{"@Name":"ParentProcessId","#text":"2920"},{"@Name":"ParentImage","#text":"C:\\Windows\\System32\\wuauclt.exe"},{"@Name":"ParentCommandLine","#text":"\"C:\\Windows\\system32\\wuauclt.exe\" /UpdateDeploymentProvider UpdateDeploymentProvider.dll /ClassId 04efd2ad-14d3-42a5-a861-d711b8966b75 /RunHandlerComServer"},{"@Name":"ParentUser","#text":"NT AUTHORITY\\SYSTEM"}]}}}
{"Event":{"System":{"Provider":{"@Name":"Microsoft-Windows-Sysmon","@Guid":"5770385f-c22a-43e0-bf4c-06f5698ffbd9"},"EventID":"5","Version":"3","Level":"4","Task":"5","Opcode":"0","Keywords":"0x8000000000000000","TimeCreated":{"@SystemTime":"2024-10-21 12:49:40.7397214"},"EventRecordID":"17964","Correlation":null,"Execution":{"@ProcessID":"3012","@ThreadID":"3968"},"Channel":"Microsoft-Windows-Sysmon/Operational","Computer":"Server002","Security":{"@UserID":"S-1-5-18"}},"EventData":{"Data":[{"@Name":"RuleName","#text":"-"},{"@Name":"UtcTime","#text":"2024-10-21 12:49:40.730"},{"@Name":"ProcessGuid","#text":"dbf410b3-4db6-6716-8700-000000003900"},{"@Name":"ProcessId","#text":"5664"},{"@Name":"Image","#text":"C:\\Windows\\System32\\svchost.exe"},{"@Name":"User","#text":"NT AUTHORITY\\SYSTEM"}]}}}
