{"Event":{"System":{"Provider":{"@Name":"PowerShell"},"EventID":{"@Qualifiers":"0","#text":"600"},"Version":"0","Level":"4","Task":"6","Opcode":"0","Keywords":"0x80000000000000","TimeCreated":{"@SystemTime":"2024-10-22 20:20:20.2806524"},"EventRecordID":"1068","Correlation":null,"Execution":{"@ProcessID":"0","@ThreadID":"0"},"Channel":"Windows PowerShell","Computer":"Server002","Security":null},"EventData":{"Data":"Registry, Started, \tProviderName=Registry\r\n\tNewProviderState=Started\r\n\r\n\tSequenceNumber=1\r\n\r\n\tHostName=ConsoleHost\r\n\tHostVersion=5.1.19041.5007\r\n\tHostId=279791b9-0eab-46c0-bd5e-2637cff4623c\r\n\tHostApplication=powershell.exe &amp; {New-PSSession -ComputerName $env:COMPUTERNAME\r\nTest-Connection $env:COMPUTERNAME\r\nSet-Content -Path $env:TEMP\\T1086_PowerShell_Session_Creation_and_Use -Value \"T1086 PowerShell Session Creation and Use\"\r\nGet-Content -Path $env:TEMP\\T1086_PowerShell_Session_Creation_and_Use\r\nRemove-Item -Force $env:TEMP\\T1086_PowerShell_Session_Creation_and_Use}\r\n\tEngineVersion=\r\n\tRunspaceId=\r\n\tPipelineId=\r\n\tCommandName=\r\n\tCommandType=\r\n\tScriptName=\r\n\tCommandPath=\r\n\tCommandLine=","Binary":""}}}
{"Event":{"System":{"Provider":{"@Name":"PowerShell"},"EventID":{"@Qualifiers":"0","#text":"600"},"Version":"0","Level":"4","Task":"6","Opcode":"0","Keywords":"0x80000000000000","TimeCreated":{"@SystemTime":"2024-10-22 20:20:20.3479229"},"EventRecordID":"1069","Correlation":null,"Execution":{"@ProcessID":"0","@ThreadID":"0"},"Channel":"Windows PowerShell","Computer":"Server002","Security":null},"EventData":{"Data":"Alias, Started, \tProviderName=Alias\r\n\tNewProviderState=Started\r\n\r\n\tSequenceNumber=3\r\n\r\n\tHostName=ConsoleHost\r\n\tHostVersion=5.1.19041.5007\r\n\tHostId=279791b9-0eab-46c0-bd5e-2637cff4623c\r\n\tHostApplication=powershell.exe &amp; {New-PSSession -ComputerName $env:COMPUTERNAME\r\nTest-Connection $env:COMPUTERNAME\r\nSet-Content -Path $env:TEMP\\T1086_PowerShell_Session_Creation_and_Use -Value \"T1086 PowerShell Session Creation and Use\"\r\nGet-Content -Path $env:TEMP\\T1086_PowerShell_Session_Creation_and_Use\r\nRemove-Item -Force $env:TEMP\\T1086_PowerShell_Session_Creation_and_Use}\r\n\tEngineVersion=\r\n\tRunspaceId=\r\n\tPipelineId=\r\n\tCommandName=\r\n\tCommandType=\r\n\tScriptName=\r\n\tCommandPath=\r\n\tCommandLine=","Binary":""}}}
{"Event":{"System":{"Provider":{"@Name":"PowerShell"},"EventID":{"@Qualifiers":"0","#text":"600"},"Version":"0","Level":"4","Task":"6","Opcode":"0","Keywords":"0x80000000000000","TimeCreated":{"@SystemTime":"2024-10-22 20:20:20.3479229"},"EventRecordID":"1070","Correlation":null,"Execution":{"@ProcessID":"0","@ThreadID":"0"},"Channel":"Windows PowerShell","Computer":"Server002","Security":null},"EventData":{"Data":"Environment, Started, \tProviderName=Environment\r\n\tNewProviderState=Started\r\n\r\n\tSequenceNumber=5\r\n\r\n\tHostName=ConsoleHost\r\n\tHostVersion=5.1.19041.5007\r\n\tHostId=279791b9-0eab-46c0-bd5e-2637cff4623c\r\n\tHostApplication=powershell.exe &amp; {New-PSSession -ComputerName $env:COMPUTERNAME\r\nTest-Connection $env:COMPUTERNAME\r\nSet-Content -Path $env:TEMP\\T1086_PowerShell_Session_Creation_and_Use -Value \"T1086 PowerShell Session Creation and Use\"\r\nGet-Content -Path $env:TEMP\\T1086_PowerShell_Session_Creation_and_Use\r\nRemove-Item -Force $env:TEMP\\T1086_PowerShell_Session_Creation_and_Use}\r\n\tEngineVersion=\r\n\tRunspaceId=\r\n\tPipelineId=\r\n\tCommandName=\r\n\tCommandType=\r\n\tScriptName=\r\n\tCommandPath=\r\n\tCommandLine=","Binary":""}}}
{"Event":{"System":{"Provider":{"@Name":"PowerShell"},"EventID":{"@Qualifiers":"0","#text":"600"},"Version":"0","Level":"4","Task":"6","Opcode":"0","Keywords":"0x80000000000000","TimeCreated":{"@SystemTime":"2024-10-22 20:20:20.3623925"},"EventRecordID":"1071","Correlation":null,"Execution":{"@ProcessID":"0","@ThreadID":"0"},"Channel":"Windows PowerShell","Computer":"Server002","Security":null},"EventData":{"Data":"FileSystem, Started, \tProviderName=FileSystem\r\n\tNewProviderState=Started\r\n\r\n\tSequenceNumber=7\r\n\r\n\tHostName=ConsoleHost\r\n\tHostVersion=5.1.19041.5007\r\n\tHostId=279791b9-0eab-46c0-bd5e-2637cff4623c\r\n\tHostApplication=powershell.exe &amp; {New-PSSession -ComputerName $env:COMPUTERNAME\r\nTest-Connection $env:COMPUTERNAME\r\nSet-Content -Path $env:TEMP\\T1086_PowerShell_Session_Creation_and_Use -Value \"T1086 PowerShell Session Creation and Use\"\r\nGet-Content -Path $env:TEMP\\T1086_PowerShell_Session_Creation_and_Use\r\nRemove-Item -Force $env:TEMP\\T1086_PowerShell_Session_Creation_and_Use}\r\n\tEngineVersion=\r\n\tRunspaceId=\r\n\tPipelineId=\r\n\tCommandName=\r\n\tCommandType=\r\n\tScriptName=\r\n\tCommandPath=\r\n\tCommandLine=","Binary":""}}}
{"Event":{"System":{"Provider":{"@Name":"PowerShell"},"EventID":{"@Qualifiers":"0","#text":"600"},"Version":"0","Level":"4","Task":"6","Opcode":"0","Keywords":"0x80000000000000","TimeCreated":{"@SystemTime":"2024-10-22 20:20:20.3623925"},"EventRecordID":"1072","Correlation":null,"Execution":{"@ProcessID":"0","@ThreadID":"0"},"Channel":"Windows PowerShell","Computer":"Server002","Security":null},"EventData":{"Data":"Function, Started, \tProviderName=Function\r\n\tNewProviderState=Started\r\n\r\n\tSequenceNumber=9\r\n\r\n\tHostName=ConsoleHost\r\n\tHostVersion=5.1.19041.5007\r\n\tHostId=279791b9-0eab-46c0-bd5e-2637cff4623c\r\n\tHostApplication=powershell.exe &amp; {New-PSSession -ComputerName $env:COMPUTERNAME\r\nTest-Connection $env:COMPUTERNAME\r\nSet-Content -Path $env:TEMP\\T1086_PowerShell_Session_Creation_and_Use -Value \"T1086 PowerShell Session Creation and Use\"\r\nGet-Content -Path $env:TEMP\\T1086_PowerShell_Session_Creation_and_Use\r\nRemove-Item -Force $env:TEMP\\T1086_PowerShell_Session_Creation_and_Use}\r\n\tEngineVersion=\r\n\tRunspaceId=\r\n\tPipelineId=\r\n\tCommandName=\r\n\tCommandType=\r\n\tScriptName=\r\n\tCommandPath=\r\n\tCommandLine=","Binary":""}}}
{"Event":{"System":{"Provider":{"@Name":"PowerShell"},"EventID":{"@Qualifiers":"0","#text":"600"},"Version":"0","Level":"4","Task":"6","Opcode":"0","Keywords":"0x80000000000000","TimeCreated":{"@SystemTime":"2024-10-22 20:20:20.3623925"},"EventRecordID":"1073","Correlation":null,"Execution":{"@ProcessID":"0","@ThreadID":"0"},"Channel":"Windows PowerShell","Computer":"Server002","Security":null},"EventData":{"Data":"Variable, Started, \tProviderName=Variable\r\n\tNewProviderState=Started\r\n\r\n\tSequenceNumber=11\r\n\r\n\tHostName=ConsoleHost\r\n\tHostVersion=5.1.19041.5007\r\n\tHostId=279791b9-0eab-46c0-bd5e-2637cff4623c\r\n\tHostApplication=powershell.exe &amp; {New-PSSession -ComputerName $env:COMPUTERNAME\r\nTest-Connection $env:COMPUTERNAME\r\nSet-Content -Path $env:TEMP\\T1086_PowerShell_Session_Creation_and_Use -Value \"T1086 PowerShell Session Creation and Use\"\r\nGet-Content -Path $env:TEMP\\T1086_PowerShell_Session_Creation_and_Use\r\nRemove-Item -Force $env:TEMP\\T1086_PowerShell_Session_Creation_and_Use}\r\n\tEngineVersion=\r\n\tRunspaceId=\r\n\tPipelineId=\r\n\tCommandName=\r\n\tCommandType=\r\n\tScriptName=\r\n\tCommandPath=\r\n\tCommandLine=","Binary":""}}}
{"Event":{"System":{"Provider":{"@Name":"PowerShell"},"EventID":{"@Qualifiers":"0","#text":"400"},"Version":"0","Level":"4","Task":"4","Opcode":"0","Keywords":"0x80000000000000","TimeCreated":{"@SystemTime":"2024-10-22 20:20:20.7756386"},"EventRecordID":"1074","Correlation":null,"Execution":{"@ProcessID":"0","@ThreadID":"0"},"Channel":"Windows PowerShell","Computer":"Server002","Security":null},"EventData":{"Data":"Available, None, \tNewEngineState=Available\r\n\tPreviousEngineState=None\r\n\r\n\tSequenceNumber=13\r\n\r\n\tHostName=ConsoleHost\r\n\tHostVersion=5.1.19041.5007\r\n\tHostId=279791b9-0eab-46c0-bd5e-2637cff4623c\r\n\tHostApplication=powershell.exe &amp; {New-PSSession -ComputerName $env:COMPUTERNAME\r\nTest-Connection $env:COMPUTERNAME\r\nSet-Content -Path $env:TEMP\\T1086_PowerShell_Session_Creation_and_Use -Value \"T1086 PowerShell Session Creation and Use\"\r\nGet-Content -Path $env:TEMP\\T1086_PowerShell_Session_Creation_and_Use\r\nRemove-Item -Force $env:TEMP\\T1086_PowerShell_Session_Creation_and_Use}\r\n\tEngineVersion=5.1.19041.5007\r\n\tRunspaceId=4a9f5cb8-a6a5-4e18-9ffe-72c079577893\r\n\tPipelineId=\r\n\tCommandName=\r\n\tCommandType=\r\n\tScriptName=\r\n\tCommandPath=\r\n\tCommandLine=","Binary":""}}}
{"Event":{"System":{"Provider":{"@Name":"PowerShell"},"EventID":{"@Qualifiers":"0","#text":"403"},"Version":"0","Level":"4","Task":"4","Opcode":"0","Keywords":"0x80000000000000","TimeCreated":{"@SystemTime":"2024-10-22 20:20:27.3501265"},"EventRecordID":"1075","Correlation":null,"Execution":{"@ProcessID":"0","@ThreadID":"0"},"Channel":"Windows PowerShell","Computer":"Server002","Security":null},"EventData":{"Data":"Stopped, Available, \tNewEngineState=Stopped\r\n\tPreviousEngineState=Available\r\n\r\n\tSequenceNumber=23\r\n\r\n\tHostName=ConsoleHost\r\n\tHostVersion=5.1.19041.5007\r\n\tHostId=279791b9-0eab-46c0-bd5e-2637cff4623c\r\n\tHostApplication=powershell.exe &amp; {New-PSSession -ComputerName $env:COMPUTERNAME\r\nTest-Connection $env:COMPUTERNAME\r\nSet-Content -Path $env:TEMP\\T1086_PowerShell_Session_Creation_and_Use -Value \"T1086 PowerShell Session Creation and Use\"\r\nGet-Content -Path $env:TEMP\\T1086_PowerShell_Session_Creation_and_Use\r\nRemove-Item -Force $env:TEMP\\T1086_PowerShell_Session_Creation_and_Use}\r\n\tEngineVersion=5.1.19041.5007\r\n\tRunspaceId=4a9f5cb8-a6a5-4e18-9ffe-72c079577893\r\n\tPipelineId=\r\n\tCommandName=\r\n\tCommandType=\r\n\tScriptName=\r\n\tCommandPath=\r\n\tCommandLine=","Binary":""}}}
