

{"Event":{"System":{"Provider":{"@Name":"Microsoft-Windows-Time-Service","@Guid":"06edcfeb-0fd0-4e53-acca-a6f8bbf81bcb"},"EventID":"35","Version":"0","Level":"4","Task":"0","Opcode":"0","Keywords":"0x8000000000000000","TimeCreated":{"@SystemTime":"2024-10-25 18:14:00.5577146"},"EventRecordID":"3567","Correlation":null,"Execution":{"@ProcessID":"2092","@ThreadID":"5620"},"Channel":"System","Computer":"Server002","Security":{"@UserID":"S-1-5-19"}},"EventData":{"@Name":"TMP_EVENT_TIME_SOURCE_CHOSEN","Data":[{"@Name":"TimeSource","#text":"time.windows.com,0x9 (ntp.m|0x9|0.0.0.0:123-&gt;20.101.57.9:123)"},{"@Name":"TimeSourceRefId","#text":"154756372"},{"@Name":"CurrentStratumNumber","#text":"4"}]}}}
{"Event":{"System":{"Provider":{"@Name":"Microsoft-Windows-WindowsUpdateClient","@Guid":"945a8954-c147-4acd-923f-40c45405a658"},"EventID":"19","Version":"1","Level":"4","Task":"1","Opcode":"13","Keywords":"0x8000000000000018","TimeCreated":{"@SystemTime":"2024-10-25 18:14:01.2625942"},"EventRecordID":"3568","Correlation":null,"Execution":{"@ProcessID":"4180","@ThreadID":"6468"},"Channel":"System","Computer":"Server002","Security":{"@UserID":"S-1-5-18"}},"EventData":{"Data":[{"@Name":"updateTitle","#text":"Security Intelligence Update for Microsoft Defender Antivirus - KB2267602 (Version 1.419.711.0) - Current Channel (Broad)"},{"@Name":"updateGuid","#text":"4ba5cf60-3ec3-4c00-bb59-c5953b25ee7e"},{"@Name":"updateRevisionNumber","#text":"200"},{"@Name":"serviceGuid","#text":"9482f4b4-e343-43b6-b170-9a65bc822c77"}]}}}
{"Event":{"System":{"Provider":{"@Name":"Microsoft-Windows-WindowsUpdateClient","@Guid":"945a8954-c147-4acd-923f-40c45405a658"},"EventID":"19","Version":"1","Level":"4","Task":"1","Opcode":"13","Keywords":"0x8000000000000018","TimeCreated":{"@SystemTime":"2024-10-25 18:14:03.0719789"},"EventRecordID":"3569","Correlation":null,"Execution":{"@ProcessID":"4180","@ThreadID":"5144"},"Channel":"System","Computer":"Server002","Security":{"@UserID":"S-1-5-18"}},"EventData":{"Data":[{"@Name":"updateTitle","#text":"Security Intelligence Update for Microsoft Defender Antivirus - KB2267602 (Version 1.419.711.0) - Current Channel (Broad)"},{"@Name":"updateGuid","#text":"4ba5cf60-3ec3-4c00-bb59-c5953b25ee7e"},{"@Name":"updateRevisionNumber","#text":"200"},{"@Name":"serviceGuid","#text":"9482f4b4-e343-43b6-b170-9a65bc822c77"}]}}}
