{"Event":{"System":{"Provider":{"@Name":"PowerShell"},"EventID":{"@Qualifiers":"0","#text":"600"},"Version":"0","Level":"4","Task":"6","Opcode":"0","Keywords":"0x80000000000000","TimeCreated":{"@SystemTime":"2024-10-26 14:02:47.0839181"},"EventRecordID":"1102","Correlation":null,"Execution":{"@ProcessID":"0","@ThreadID":"0"},"Channel":"Windows PowerShell","Computer":"Server002","Security":null},"EventData":{"Data":"Registry, Started, \tProviderName=Registry\r\n\tNewProviderState=Started\r\n\r\n\tSequenceNumber=1\r\n\r\n\tHostName=ConsoleHost\r\n\tHostVersion=5.1.19041.5007\r\n\tHostId=76062e09-6fe8-4ae2-b7fb-fcc3bbb7c30a\r\n\tHostApplication=powershell.exe &amp; {Invoke-ATHHTMLApplication -HTAFilePath Test.hta -ScriptEngine JScript -AsLocalUNCPath -SimulateLateralMovement -MSHTAFilePath $env:windir\\system32\\mshta.exe}\r\n\tEngineVersion=\r\n\tRunspaceId=\r\n\tPipelineId=\r\n\tCommandName=\r\n\tCommandType=\r\n\tScriptName=\r\n\tCommandPath=\r\n\tCommandLine=","Binary":""}}}
{"Event":{"System":{"Provider":{"@Name":"PowerShell"},"EventID":{"@Qualifiers":"0","#text":"600"},"Version":"0","Level":"4","Task":"6","Opcode":"0","Keywords":"0x80000000000000","TimeCreated":{"@SystemTime":"2024-10-26 14:02:47.0993281"},"EventRecordID":"1103","Correlation":null,"Execution":{"@ProcessID":"0","@ThreadID":"0"},"Channel":"Windows PowerShell","Computer":"Server002","Security":null},"EventData":{"Data":"Alias, Started, \tProviderName=Alias\r\n\tNewProviderState=Started\r\n\r\n\tSequenceNumber=3\r\n\r\n\tHostName=ConsoleHost\r\n\tHostVersion=5.1.19041.5007\r\n\tHostId=76062e09-6fe8-4ae2-b7fb-fcc3bbb7c30a\r\n\tHostApplication=powershell.exe &amp; {Invoke-ATHHTMLApplication -HTAFilePath Test.hta -ScriptEngine JScript -AsLocalUNCPath -SimulateLateralMovement -MSHTAFilePath $env:windir\\system32\\mshta.exe}\r\n\tEngineVersion=\r\n\tRunspaceId=\r\n\tPipelineId=\r\n\tCommandName=\r\n\tCommandType=\r\n\tScriptName=\r\n\tCommandPath=\r\n\tCommandLine=","Binary":""}}}
{"Event":{"System":{"Provider":{"@Name":"PowerShell"},"EventID":{"@Qualifiers":"0","#text":"600"},"Version":"0","Level":"4","Task":"6","Opcode":"0","Keywords":"0x80000000000000","TimeCreated":{"@SystemTime":"2024-10-26 14:02:47.0993281"},"EventRecordID":"1104","Correlation":null,"Execution":{"@ProcessID":"0","@ThreadID":"0"},"Channel":"Windows PowerShell","Computer":"Server002","Security":null},"EventData":{"Data":"Environment, Started, \tProviderName=Environment\r\n\tNewProviderState=Started\r\n\r\n\tSequenceNumber=5\r\n\r\n\tHostName=ConsoleHost\r\n\tHostVersion=5.1.19041.5007\r\n\tHostId=76062e09-6fe8-4ae2-b7fb-fcc3bbb7c30a\r\n\tHostApplication=powershell.exe &amp; {Invoke-ATHHTMLApplication -HTAFilePath Test.hta -ScriptEngine JScript -AsLocalUNCPath -SimulateLateralMovement -MSHTAFilePath $env:windir\\system32\\mshta.exe}\r\n\tEngineVersion=\r\n\tRunspaceId=\r\n\tPipelineId=\r\n\tCommandName=\r\n\tCommandType=\r\n\tScriptName=\r\n\tCommandPath=\r\n\tCommandLine=","Binary":""}}}
{"Event":{"System":{"Provider":{"@Name":"PowerShell"},"EventID":{"@Qualifiers":"0","#text":"600"},"Version":"0","Level":"4","Task":"6","Opcode":"0","Keywords":"0x80000000000000","TimeCreated":{"@SystemTime":"2024-10-26 14:02:47.0993281"},"EventRecordID":"1105","Correlation":null,"Execution":{"@ProcessID":"0","@ThreadID":"0"},"Channel":"Windows PowerShell","Computer":"Server002","Security":null},"EventData":{"Data":"FileSystem, Started, \tProviderName=FileSystem\r\n\tNewProviderState=Started\r\n\r\n\tSequenceNumber=7\r\n\r\n\tHostName=ConsoleHost\r\n\tHostVersion=5.1.19041.5007\r\n\tHostId=76062e09-6fe8-4ae2-b7fb-fcc3bbb7c30a\r\n\tHostApplication=powershell.exe &amp; {Invoke-ATHHTMLApplication -HTAFilePath Test.hta -ScriptEngine JScript -AsLocalUNCPath -SimulateLateralMovement -MSHTAFilePath $env:windir\\system32\\mshta.exe}\r\n\tEngineVersion=\r\n\tRunspaceId=\r\n\tPipelineId=\r\n\tCommandName=\r\n\tCommandType=\r\n\tScriptName=\r\n\tCommandPath=\r\n\tCommandLine=","Binary":""}}}
{"Event":{"System":{"Provider":{"@Name":"PowerShell"},"EventID":{"@Qualifiers":"0","#text":"600"},"Version":"0","Level":"4","Task":"6","Opcode":"0","Keywords":"0x80000000000000","TimeCreated":{"@SystemTime":"2024-10-26 14:02:47.0993281"},"EventRecordID":"1106","Correlation":null,"Execution":{"@ProcessID":"0","@ThreadID":"0"},"Channel":"Windows PowerShell","Computer":"Server002","Security":null},"EventData":{"Data":"Function, Started, \tProviderName=Function\r\n\tNewProviderState=Started\r\n\r\n\tSequenceNumber=9\r\n\r\n\tHostName=ConsoleHost\r\n\tHostVersion=5.1.19041.5007\r\n\tHostId=76062e09-6fe8-4ae2-b7fb-fcc3bbb7c30a\r\n\tHostApplication=powershell.exe &amp; {Invoke-ATHHTMLApplication -HTAFilePath Test.hta -ScriptEngine JScript -AsLocalUNCPath -SimulateLateralMovement -MSHTAFilePath $env:windir\\system32\\mshta.exe}\r\n\tEngineVersion=\r\n\tRunspaceId=\r\n\tPipelineId=\r\n\tCommandName=\r\n\tCommandType=\r\n\tScriptName=\r\n\tCommandPath=\r\n\tCommandLine=","Binary":""}}}
{"Event":{"System":{"Provider":{"@Name":"PowerShell"},"EventID":{"@Qualifiers":"0","#text":"600"},"Version":"0","Level":"4","Task":"6","Opcode":"0","Keywords":"0x80000000000000","TimeCreated":{"@SystemTime":"2024-10-26 14:02:47.0993281"},"EventRecordID":"1107","Correlation":null,"Execution":{"@ProcessID":"0","@ThreadID":"0"},"Channel":"Windows PowerShell","Computer":"Server002","Security":null},"EventData":{"Data":"Variable, Started, \tProviderName=Variable\r\n\tNewProviderState=Started\r\n\r\n\tSequenceNumber=11\r\n\r\n\tHostName=ConsoleHost\r\n\tHostVersion=5.1.19041.5007\r\n\tHostId=76062e09-6fe8-4ae2-b7fb-fcc3bbb7c30a\r\n\tHostApplication=powershell.exe &amp; {Invoke-ATHHTMLApplication -HTAFilePath Test.hta -ScriptEngine JScript -AsLocalUNCPath -SimulateLateralMovement -MSHTAFilePath $env:windir\\system32\\mshta.exe}\r\n\tEngineVersion=\r\n\tRunspaceId=\r\n\tPipelineId=\r\n\tCommandName=\r\n\tCommandType=\r\n\tScriptName=\r\n\tCommandPath=\r\n\tCommandLine=","Binary":""}}}
{"Event":{"System":{"Provider":{"@Name":"PowerShell"},"EventID":{"@Qualifiers":"0","#text":"400"},"Version":"0","Level":"4","Task":"4","Opcode":"0","Keywords":"0x80000000000000","TimeCreated":{"@SystemTime":"2024-10-26 14:02:47.4767383"},"EventRecordID":"1108","Correlation":null,"Execution":{"@ProcessID":"0","@ThreadID":"0"},"Channel":"Windows PowerShell","Computer":"Server002","Security":null},"EventData":{"Data":"Available, None, \tNewEngineState=Available\r\n\tPreviousEngineState=None\r\n\r\n\tSequenceNumber=13\r\n\r\n\tHostName=ConsoleHost\r\n\tHostVersion=5.1.19041.5007\r\n\tHostId=76062e09-6fe8-4ae2-b7fb-fcc3bbb7c30a\r\n\tHostApplication=powershell.exe &amp; {Invoke-ATHHTMLApplication -HTAFilePath Test.hta -ScriptEngine JScript -AsLocalUNCPath -SimulateLateralMovement -MSHTAFilePath $env:windir\\system32\\mshta.exe}\r\n\tEngineVersion=5.1.19041.5007\r\n\tRunspaceId=cbaeb9b8-73c9-4ef9-96e8-72a0aedfed42\r\n\tPipelineId=\r\n\tCommandName=\r\n\tCommandType=\r\n\tScriptName=\r\n\tCommandPath=\r\n\tCommandLine=","Binary":""}}}
{"Event":{"System":{"Provider":{"@Name":"PowerShell"},"EventID":{"@Qualifiers":"0","#text":"403"},"Version":"0","Level":"4","Task":"4","Opcode":"0","Keywords":"0x80000000000000","TimeCreated":{"@SystemTime":"2024-10-26 14:02:48.8180835"},"EventRecordID":"1109","Correlation":null,"Execution":{"@ProcessID":"0","@ThreadID":"0"},"Channel":"Windows PowerShell","Computer":"Server002","Security":null},"EventData":{"Data":"Stopped, Available, \tNewEngineState=Stopped\r\n\tPreviousEngineState=Available\r\n\r\n\tSequenceNumber=15\r\n\r\n\tHostName=ConsoleHost\r\n\tHostVersion=5.1.19041.5007\r\n\tHostId=76062e09-6fe8-4ae2-b7fb-fcc3bbb7c30a\r\n\tHostApplication=powershell.exe &amp; {Invoke-ATHHTMLApplication -HTAFilePath Test.hta -ScriptEngine JScript -AsLocalUNCPath -SimulateLateralMovement -MSHTAFilePath $env:windir\\system32\\mshta.exe}\r\n\tEngineVersion=5.1.19041.5007\r\n\tRunspaceId=cbaeb9b8-73c9-4ef9-96e8-72a0aedfed42\r\n\tPipelineId=\r\n\tCommandName=\r\n\tCommandType=\r\n\tScriptName=\r\n\tCommandPath=\r\n\tCommandLine=","Binary":""}}}
{"Event":{"System":{"Provider":{"@Name":"PowerShell"},"EventID":{"@Qualifiers":"0","#text":"600"},"Version":"0","Level":"4","Task":"6","Opcode":"0","Keywords":"0x80000000000000","TimeCreated":{"@SystemTime":"2024-10-26 14:02:50.6790724"},"EventRecordID":"1110","Correlation":null,"Execution":{"@ProcessID":"0","@ThreadID":"0"},"Channel":"Windows PowerShell","Computer":"Server002","Security":null},"EventData":{"Data":"Registry, Started, \tProviderName=Registry\r\n\tNewProviderState=Started\r\n\r\n\tSequenceNumber=1\r\n\r\n\tHostName=ConsoleHost\r\n\tHostVersion=5.1.19041.5007\r\n\tHostId=693c8cb7-44ff-4373-8d49-6205d7ce2504\r\n\tHostApplication=powershell.exe -ExecutionPolicy Restricted -Command $Res = 0; $Infs = Get-Item -Path ($env:WinDir + '\\inf\\*.inf'); foreach ($Inf in $Infs) { $Data = Get-Content $Inf.FullName; if ($Data -match '\\[defaultinstall.nt(amd64|arm|arm64|x86)\\]') { $Res = 1; break; } } Write-Host 'Final result:', $Res;\r\n\tEngineVersion=\r\n\tRunspaceId=\r\n\tPipelineId=\r\n\tCommandName=\r\n\tCommandType=\r\n\tScriptName=\r\n\tCommandPath=\r\n\tCommandLine=","Binary":""}}}
{"Event":{"System":{"Provider":{"@Name":"PowerShell"},"EventID":{"@Qualifiers":"0","#text":"600"},"Version":"0","Level":"4","Task":"6","Opcode":"0","Keywords":"0x80000000000000","TimeCreated":{"@SystemTime":"2024-10-26 14:02:50.6790724"},"EventRecordID":"1111","Correlation":null,"Execution":{"@ProcessID":"0","@ThreadID":"0"},"Channel":"Windows PowerShell","Computer":"Server002","Security":null},"EventData":{"Data":"Alias, Started, \tProviderName=Alias\r\n\tNewProviderState=Started\r\n\r\n\tSequenceNumber=3\r\n\r\n\tHostName=ConsoleHost\r\n\tHostVersion=5.1.19041.5007\r\n\tHostId=693c8cb7-44ff-4373-8d49-6205d7ce2504\r\n\tHostApplication=powershell.exe -ExecutionPolicy Restricted -Command $Res = 0; $Infs = Get-Item -Path ($env:WinDir + '\\inf\\*.inf'); foreach ($Inf in $Infs) { $Data = Get-Content $Inf.FullName; if ($Data -match '\\[defaultinstall.nt(amd64|arm|arm64|x86)\\]') { $Res = 1; break; } } Write-Host 'Final result:', $Res;\r\n\tEngineVersion=\r\n\tRunspaceId=\r\n\tPipelineId=\r\n\tCommandName=\r\n\tCommandType=\r\n\tScriptName=\r\n\tCommandPath=\r\n\tCommandLine=","Binary":""}}}
{"Event":{"System":{"Provider":{"@Name":"PowerShell"},"EventID":{"@Qualifiers":"0","#text":"600"},"Version":"0","Level":"4","Task":"6","Opcode":"0","Keywords":"0x80000000000000","TimeCreated":{"@SystemTime":"2024-10-26 14:02:50.6790724"},"EventRecordID":"1112","Correlation":null,"Execution":{"@ProcessID":"0","@ThreadID":"0"},"Channel":"Windows PowerShell","Computer":"Server002","Security":null},"EventData":{"Data":"Environment, Started, \tProviderName=Environment\r\n\tNewProviderState=Started\r\n\r\n\tSequenceNumber=5\r\n\r\n\tHostName=ConsoleHost\r\n\tHostVersion=5.1.19041.5007\r\n\tHostId=693c8cb7-44ff-4373-8d49-6205d7ce2504\r\n\tHostApplication=powershell.exe -ExecutionPolicy Restricted -Command $Res = 0; $Infs = Get-Item -Path ($env:WinDir + '\\inf\\*.inf'); foreach ($Inf in $Infs) { $Data = Get-Content $Inf.FullName; if ($Data -match '\\[defaultinstall.nt(amd64|arm|arm64|x86)\\]') { $Res = 1; break; } } Write-Host 'Final result:', $Res;\r\n\tEngineVersion=\r\n\tRunspaceId=\r\n\tPipelineId=\r\n\tCommandName=\r\n\tCommandType=\r\n\tScriptName=\r\n\tCommandPath=\r\n\tCommandLine=","Binary":""}}}
{"Event":{"System":{"Provider":{"@Name":"PowerShell"},"EventID":{"@Qualifiers":"0","#text":"600"},"Version":"0","Level":"4","Task":"6","Opcode":"0","Keywords":"0x80000000000000","TimeCreated":{"@SystemTime":"2024-10-26 14:02:50.6790724"},"EventRecordID":"1113","Correlation":null,"Execution":{"@ProcessID":"0","@ThreadID":"0"},"Channel":"Windows PowerShell","Computer":"Server002","Security":null},"EventData":{"Data":"FileSystem, Started, \tProviderName=FileSystem\r\n\tNewProviderState=Started\r\n\r\n\tSequenceNumber=7\r\n\r\n\tHostName=ConsoleHost\r\n\tHostVersion=5.1.19041.5007\r\n\tHostId=693c8cb7-44ff-4373-8d49-6205d7ce2504\r\n\tHostApplication=powershell.exe -ExecutionPolicy Restricted -Command $Res = 0; $Infs = Get-Item -Path ($env:WinDir + '\\inf\\*.inf'); foreach ($Inf in $Infs) { $Data = Get-Content $Inf.FullName; if ($Data -match '\\[defaultinstall.nt(amd64|arm|arm64|x86)\\]') { $Res = 1; break; } } Write-Host 'Final result:', $Res;\r\n\tEngineVersion=\r\n\tRunspaceId=\r\n\tPipelineId=\r\n\tCommandName=\r\n\tCommandType=\r\n\tScriptName=\r\n\tCommandPath=\r\n\tCommandLine=","Binary":""}}}
{"Event":{"System":{"Provider":{"@Name":"PowerShell"},"EventID":{"@Qualifiers":"0","#text":"600"},"Version":"0","Level":"4","Task":"6","Opcode":"0","Keywords":"0x80000000000000","TimeCreated":{"@SystemTime":"2024-10-26 14:02:50.6790724"},"EventRecordID":"1114","Correlation":null,"Execution":{"@ProcessID":"0","@ThreadID":"0"},"Channel":"Windows PowerShell","Computer":"Server002","Security":null},"EventData":{"Data":"Function, Started, \tProviderName=Function\r\n\tNewProviderState=Started\r\n\r\n\tSequenceNumber=9\r\n\r\n\tHostName=ConsoleHost\r\n\tHostVersion=5.1.19041.5007\r\n\tHostId=693c8cb7-44ff-4373-8d49-6205d7ce2504\r\n\tHostApplication=powershell.exe -ExecutionPolicy Restricted -Command $Res = 0; $Infs = Get-Item -Path ($env:WinDir + '\\inf\\*.inf'); foreach ($Inf in $Infs) { $Data = Get-Content $Inf.FullName; if ($Data -match '\\[defaultinstall.nt(amd64|arm|arm64|x86)\\]') { $Res = 1; break; } } Write-Host 'Final result:', $Res;\r\n\tEngineVersion=\r\n\tRunspaceId=\r\n\tPipelineId=\r\n\tCommandName=\r\n\tCommandType=\r\n\tScriptName=\r\n\tCommandPath=\r\n\tCommandLine=","Binary":""}}}
{"Event":{"System":{"Provider":{"@Name":"PowerShell"},"EventID":{"@Qualifiers":"0","#text":"600"},"Version":"0","Level":"4","Task":"6","Opcode":"0","Keywords":"0x80000000000000","TimeCreated":{"@SystemTime":"2024-10-26 14:02:50.6790724"},"EventRecordID":"1115","Correlation":null,"Execution":{"@ProcessID":"0","@ThreadID":"0"},"Channel":"Windows PowerShell","Computer":"Server002","Security":null},"EventData":{"Data":"Variable, Started, \tProviderName=Variable\r\n\tNewProviderState=Started\r\n\r\n\tSequenceNumber=11\r\n\r\n\tHostName=ConsoleHost\r\n\tHostVersion=5.1.19041.5007\r\n\tHostId=693c8cb7-44ff-4373-8d49-6205d7ce2504\r\n\tHostApplication=powershell.exe -ExecutionPolicy Restricted -Command $Res = 0; $Infs = Get-Item -Path ($env:WinDir + '\\inf\\*.inf'); foreach ($Inf in $Infs) { $Data = Get-Content $Inf.FullName; if ($Data -match '\\[defaultinstall.nt(amd64|arm|arm64|x86)\\]') { $Res = 1; break; } } Write-Host 'Final result:', $Res;\r\n\tEngineVersion=\r\n\tRunspaceId=\r\n\tPipelineId=\r\n\tCommandName=\r\n\tCommandType=\r\n\tScriptName=\r\n\tCommandPath=\r\n\tCommandLine=","Binary":""}}}
{"Event":{"System":{"Provider":{"@Name":"PowerShell"},"EventID":{"@Qualifiers":"0","#text":"400"},"Version":"0","Level":"4","Task":"4","Opcode":"0","Keywords":"0x80000000000000","TimeCreated":{"@SystemTime":"2024-10-26 14:02:52.7553876"},"EventRecordID":"1116","Correlation":null,"Execution":{"@ProcessID":"0","@ThreadID":"0"},"Channel":"Windows PowerShell","Computer":"Server002","Security":null},"EventData":{"Data":"Available, None, \tNewEngineState=Available\r\n\tPreviousEngineState=None\r\n\r\n\tSequenceNumber=13\r\n\r\n\tHostName=ConsoleHost\r\n\tHostVersion=5.1.19041.5007\r\n\tHostId=693c8cb7-44ff-4373-8d49-6205d7ce2504\r\n\tHostApplication=powershell.exe -ExecutionPolicy Restricted -Command $Res = 0; $Infs = Get-Item -Path ($env:WinDir + '\\inf\\*.inf'); foreach ($Inf in $Infs) { $Data = Get-Content $Inf.FullName; if ($Data -match '\\[defaultinstall.nt(amd64|arm|arm64|x86)\\]') { $Res = 1; break; } } Write-Host 'Final result:', $Res;\r\n\tEngineVersion=5.1.19041.5007\r\n\tRunspaceId=cab9c800-b3f7-4edb-8c7e-2d51f15b84dc\r\n\tPipelineId=\r\n\tCommandName=\r\n\tCommandType=\r\n\tScriptName=\r\n\tCommandPath=\r\n\tCommandLine=","Binary":""}}}
