{"Event":{"System":{"Provider":{"@Name":"MsiInstaller"},"EventID":{"@Qualifiers":"0","#text":"11707"},"Version":"0","Level":"4","Task":"0","Opcode":"0","Keywords":"0x80000000000000","TimeCreated":{"@SystemTime":"2024-10-21 09:42:02.8143613"},"EventRecordID":"2426","Correlation":null,"Execution":{"@ProcessID":"0","@ThreadID":"0"},"Channel":"Application","Computer":"Server002","Security":{"@UserID":"S-1-5-21-3962163828-2803415714-1403596700-1006"}},"EventData":{"Data":"Product: Python 3.10.4 Tcl/Tk Support (64-bit) -- Installation completed successfully., (NULL), (NULL), (NULL), (NULL), (NULL)","Binary":"7B-45-32-32-46-42-46-43-44-2D-37-33-31-32-2D-34-43-45-44-2D-42-45-38-43-2D-42-38-43-42-38-44-34-45-41-44-43-41-7D"}}}
{"Event":{"System":{"Provider":{"@Name":"MsiInstaller"},"EventID":{"@Qualifiers":"0","#text":"1033"},"Version":"0","Level":"4","Task":"0","Opcode":"0","Keywords":"0x80000000000000","TimeCreated":{"@SystemTime":"2024-10-21 09:42:02.8143613"},"EventRecordID":"2427","Correlation":null,"Execution":{"@ProcessID":"0","@ThreadID":"0"},"Channel":"Application","Computer":"Server002","Security":{"@UserID":"S-1-5-21-3962163828-2803415714-1403596700-1006"}},"EventData":{"Data":"Python 3.10.4 Tcl/Tk Support (64-bit), 3.10.4150.0, 1033, 0, Python Software Foundation, (NULL)","Binary":"7B-45-32-32-46-42-46-43-44-2D-37-33-31-32-2D-34-43-45-44-2D-42-45-38-43-2D-42-38-43-42-38-44-34-45-41-44-43-41-7D-30-30-30-30-38-65-32-38-65-36-61-61-66-65-39-62-33-37-63-31-61-66-38-62-37-66-64-30-62-39-37-32-36-64-61-32-30-30-30-30-30-39-30-34"}}}
{"Event":{"System":{"Provider":{"@Name":"MsiInstaller"},"EventID":{"@Qualifiers":"0","#text":"1042"},"Version":"0","Level":"4","Task":"0","Opcode":"0","Keywords":"0x80000000000000","TimeCreated":{"@SystemTime":"2024-10-21 09:42:02.8376411"},"EventRecordID":"2428","Correlation":null,"Execution":{"@ProcessID":"0","@ThreadID":"0"},"Channel":"Application","Computer":"Server002","Security":{"@UserID":"S-1-5-18"}},"EventData":{"Data":"C:\\ProgramData\\Package Cache\\{E22FBFCD-7312-4CED-BE8C-B8CB8D4EADCA}v3.10.4150.0\\tcltk.msi, 4256, (NULL), (NULL), (NULL), (NULL)","Binary":""}}}
{"Event":{"System":{"Provider":{"@Name":"MsiInstaller"},"EventID":{"@Qualifiers":"0","#text":"1040"},"Version":"0","Level":"4","Task":"0","Opcode":"0","Keywords":"0x80000000000000","TimeCreated":{"@SystemTime":"2024-10-21 09:42:02.8521849"},"EventRecordID":"2429","Correlation":null,"Execution":{"@ProcessID":"0","@ThreadID":"0"},"Channel":"Application","Computer":"Server002","Security":{"@UserID":"S-1-5-21-3962163828-2803415714-1403596700-1006"}},"EventData":{"Data":"C:\\ProgramData\\Package Cache\\{691AAAA1-FE86-4973-8DA2-6AA2B3327562}v3.10.7751.0\\launcher.msi, 4256, (NULL), (NULL), (NULL), (NULL)","Binary":""}}}
{"Event":{"System":{"Provider":{"@Name":"MsiInstaller"},"EventID":{"@Qualifiers":"0","#text":"11707"},"Version":"0","Level":"4","Task":"0","Opcode":"0","Keywords":"0x80000000000000","TimeCreated":{"@SystemTime":"2024-10-21 09:42:03.7135751"},"EventRecordID":"2430","Correlation":null,"Execution":{"@ProcessID":"0","@ThreadID":"0"},"Channel":"Application","Computer":"Server002","Security":{"@UserID":"S-1-5-21-3962163828-2803415714-1403596700-1006"}},"EventData":{"Data":"Product: Python Launcher -- Installation completed successfully., (NULL), (NULL), (NULL), (NULL), (NULL)","Binary":"7B-36-39-31-41-41-41-41-31-2D-46-45-38-36-2D-34-39-37-33-2D-38-44-41-32-2D-36-41-41-32-42-33-33-32-37-35-36-32-7D"}}}
{"Event":{"System":{"Provider":{"@Name":"MsiInstaller"},"EventID":{"@Qualifiers":"0","#text":"1033"},"Version":"0","Level":"4","Task":"0","Opcode":"0","Keywords":"0x80000000000000","TimeCreated":{"@SystemTime":"2024-10-21 09:42:03.7135751"},"EventRecordID":"2431","Correlation":null,"Execution":{"@ProcessID":"0","@ThreadID":"0"},"Channel":"Application","Computer":"Server002","Security":{"@UserID":"S-1-5-21-3962163828-2803415714-1403596700-1006"}},"EventData":{"Data":"Python Launcher, 3.10.7751.0, 1033, 0, Python Software Foundation, (NULL)","Binary":"7B-36-39-31-41-41-41-41-31-2D-46-45-38-36-2D-34-39-37-33-2D-38-44-41-32-2D-36-41-41-32-42-33-33-32-37-35-36-32-7D-30-30-30-30-30-32-37-37-32-66-32-33-62-64-30-62-62-63-31-62-37-66-64-38-64-31-64-32-39-31-35-61-62-30-38-32-30-30-30-30-30-39-30-34"}}}
{"Event":{"System":{"Provider":{"@Name":"Microsoft-Windows-RestartManager","@Guid":"0888e5ef-9b98-4695-979d-e92ce4247224"},"EventID":"10001","Version":"0","Level":"4","Task":"0","Opcode":"0","Keywords":"0x8000000000000000","TimeCreated":{"@SystemTime":"2024-10-21 09:42:02.8284493"},"EventRecordID":"2432","Correlation":null,"Execution":{"@ProcessID":"5440","@ThreadID":"5464"},"Channel":"Application","Computer":"Server002","Security":{"@UserID":"S-1-5-21-3962163828-2803415714-1403596700-1006"}},"UserData":{"RmSessionEvent":{"RmSessionId":"0","UTCStartTime":"2024-10-21 09:40:40.1268342"}}}}
{"Event":{"System":{"Provider":{"@Name":"Microsoft-Windows-RestartManager","@Guid":"0888e5ef-9b98-4695-979d-e92ce4247224"},"EventID":"10000","Version":"0","Level":"4","Task":"0","Opcode":"0","Keywords":"0x8000000000000000","TimeCreated":{"@SystemTime":"2024-10-21 09:42:02.9085564"},"EventRecordID":"2433","Correlation":null,"Execution":{"@ProcessID":"5440","@ThreadID":"3416"},"Channel":"Application","Computer":"Server002","Security":{"@UserID":"S-1-5-21-3962163828-2803415714-1403596700-1006"}},"UserData":{"RmSessionEvent":{"RmSessionId":"0","UTCStartTime":"2024-10-21 09:42:02.9059861"}}}}
{"Event":{"System":{"Provider":{"@Name":"MsiInstaller"},"EventID":{"@Qualifiers":"0","#text":"1042"},"Version":"0","Level":"4","Task":"0","Opcode":"0","Keywords":"0x80000000000000","TimeCreated":{"@SystemTime":"2024-10-21 09:42:03.7777893"},"EventRecordID":"2434","Correlation":null,"Execution":{"@ProcessID":"0","@ThreadID":"0"},"Channel":"Application","Computer":"Server002","Security":{"@UserID":"S-1-5-18"}},"EventData":{"Data":"C:\\ProgramData\\Package Cache\\{691AAAA1-FE86-4973-8DA2-6AA2B3327562}v3.10.7751.0\\launcher.msi, 4256, (NULL), (NULL), (NULL), (NULL)","Binary":""}}}
{"Event":{"System":{"Provider":{"@Name":"MsiInstaller"},"EventID":{"@Qualifiers":"0","#text":"1040"},"Version":"0","Level":"4","Task":"0","Opcode":"0","Keywords":"0x80000000000000","TimeCreated":{"@SystemTime":"2024-10-21 09:42:03.7777893"},"EventRecordID":"2435","Correlation":null,"Execution":{"@ProcessID":"0","@ThreadID":"0"},"Channel":"Application","Computer":"Server002","Security":{"@UserID":"S-1-5-21-3962163828-2803415714-1403596700-1006"}},"EventData":{"Data":"C:\\ProgramData\\Package Cache\\{0707FD0B-C82B-4730-8967-D6C3003BCAE0}v3.10.4150.0\\pip.msi, 4256, (NULL), (NULL), (NULL), (NULL)","Binary":""}}}
{"Event":{"System":{"Provider":{"@Name":"Microsoft-Windows-RestartManager","@Guid":"0888e5ef-9b98-4695-979d-e92ce4247224"},"EventID":"10001","Version":"0","Level":"4","Task":"0","Opcode":"0","Keywords":"0x8000000000000000","TimeCreated":{"@SystemTime":"2024-10-21 09:42:03.7668475"},"EventRecordID":"2436","Correlation":null,"Execution":{"@ProcessID":"5440","@ThreadID":"5464"},"Channel":"Application","Computer":"Server002","Security":{"@UserID":"S-1-5-21-3962163828-2803415714-1403596700-1006"}},"UserData":{"RmSessionEvent":{"RmSessionId":"0","UTCStartTime":"2024-10-21 09:42:02.9059861"}}}}
{"Event":{"System":{"Provider":{"@Name":"Microsoft-Windows-RestartManager","@Guid":"0888e5ef-9b98-4695-979d-e92ce4247224"},"EventID":"10000","Version":"0","Level":"4","Task":"0","Opcode":"0","Keywords":"0x8000000000000000","TimeCreated":{"@SystemTime":"2024-10-21 09:42:04.3421007"},"EventRecordID":"2437","Correlation":null,"Execution":{"@ProcessID":"5440","@ThreadID":"3384"},"Channel":"Application","Computer":"Server002","Security":{"@UserID":"S-1-5-21-3962163828-2803415714-1403596700-1006"}},"UserData":{"RmSessionEvent":{"RmSessionId":"0","UTCStartTime":"2024-10-21 09:42:03.8605109"}}}}
{"Event":{"System":{"Provider":{"@Name":"Microsoft-Windows-Security-SPP","@Guid":"{E23B33B0-C8C9-472C-A5F9-F2BDFEA0F156}","@EventSourceName":"Software Protection Platform Service"},"EventID":{"@Qualifiers":"49152","#text":"16394"},"Version":"0","Level":"4","Task":"0","Opcode":"0","Keywords":"0x80000000000000","TimeCreated":{"@SystemTime":"2024-10-21 09:42:07.6170238"},"EventRecordID":"2438","Correlation":null,"Execution":{"@ProcessID":"0","@ThreadID":"0"},"Channel":"Application","Computer":"Server002","Security":null},"EventData":{"Data":"","Binary":""}}}
{"Event":{"System":{"Provider":{"@Name":"MsiInstaller"},"EventID":{"@Qualifiers":"0","#text":"11707"},"Version":"0","Level":"4","Task":"0","Opcode":"0","Keywords":"0x80000000000000","TimeCreated":{"@SystemTime":"2024-10-21 09:42:22.6632038"},"EventRecordID":"2439","Correlation":null,"Execution":{"@ProcessID":"0","@ThreadID":"0"},"Channel":"Application","Computer":"Server002","Security":{"@UserID":"S-1-5-21-3962163828-2803415714-1403596700-1006"}},"EventData":{"Data":"Product: Python 3.10.4 pip Bootstrap (64-bit) -- Installation completed successfully., (NULL), (NULL), (NULL), (NULL), (NULL)","Binary":"7B-30-37-30-37-46-44-30-42-2D-43-38-32-42-2D-34-37-33-30-2D-38-39-36-37-2D-44-36-43-33-30-30-33-42-43-41-45-30-7D"}}}
{"Event":{"System":{"Provider":{"@Name":"MsiInstaller"},"EventID":{"@Qualifiers":"0","#text":"1033"},"Version":"0","Level":"4","Task":"0","Opcode":"0","Keywords":"0x80000000000000","TimeCreated":{"@SystemTime":"2024-10-21 09:42:22.6632038"},"EventRecordID":"2440","Correlation":null,"Execution":{"@ProcessID":"0","@ThreadID":"0"},"Channel":"Application","Computer":"Server002","Security":{"@UserID":"S-1-5-21-3962163828-2803415714-1403596700-1006"}},"EventData":{"Data":"Python 3.10.4 pip Bootstrap (64-bit), 3.10.4150.0, 1033, 0, Python Software Foundation, (NULL)","Binary":"7B-30-37-30-37-46-44-30-42-2D-43-38-32-42-2D-34-37-33-30-2D-38-39-36-37-2D-44-36-43-33-30-30-33-42-43-41-45-30-7D-30-30-30-30-33-36-34-38-30-33-63-38-36-65-61-35-62-38-34-36-65-37-35-64-33-35-63-33-31-31-39-64-38-61-30-36-30-30-30-30-30-39-30-34"}}}
{"Event":{"System":{"Provider":{"@Name":"MsiInstaller"},"EventID":{"@Qualifiers":"0","#text":"1042"},"Version":"0","Level":"4","Task":"0","Opcode":"0","Keywords":"0x80000000000000","TimeCreated":{"@SystemTime":"2024-10-21 09:42:22.7144438"},"EventRecordID":"2441","Correlation":null,"Execution":{"@ProcessID":"0","@ThreadID":"0"},"Channel":"Application","Computer":"Server002","Security":{"@UserID":"S-1-5-18"}},"EventData":{"Data":"C:\\ProgramData\\Package Cache\\{0707FD0B-C82B-4730-8967-D6C3003BCAE0}v3.10.4150.0\\pip.msi, 4256, (NULL), (NULL), (NULL), (NULL)","Binary":""}}}
{"Event":{"System":{"Provider":{"@Name":"MsiInstaller"},"EventID":{"@Qualifiers":"0","#text":"1040"},"Version":"0","Level":"4","Task":"0","Opcode":"0","Keywords":"0x80000000000000","TimeCreated":{"@SystemTime":"2024-10-21 09:42:22.7171827"},"EventRecordID":"2442","Correlation":null,"Execution":{"@ProcessID":"0","@ThreadID":"0"},"Channel":"Application","Computer":"Server002","Security":{"@UserID":"S-1-5-21-3962163828-2803415714-1403596700-1006"}},"EventData":{"Data":"C:\\ProgramData\\Package Cache\\{51D88D9C-47E1-45C7-992C-3AF1AD91BF5F}v3.10.4150.0\\path.msi, 4256, (NULL), (NULL), (NULL), (NULL)","Binary":""}}}
{"Event":{"System":{"Provider":{"@Name":"Microsoft-Windows-RestartManager","@Guid":"0888e5ef-9b98-4695-979d-e92ce4247224"},"EventID":"10001","Version":"0","Level":"4","Task":"0","Opcode":"0","Keywords":"0x8000000000000000","TimeCreated":{"@SystemTime":"2024-10-21 09:42:22.7052934"},"EventRecordID":"2443","Correlation":null,"Execution":{"@ProcessID":"5440","@ThreadID":"5464"},"Channel":"Application","Computer":"Server002","Security":{"@UserID":"S-1-5-21-3962163828-2803415714-1403596700-1006"}},"UserData":{"RmSessionEvent":{"RmSessionId":"0","UTCStartTime":"2024-10-21 09:42:03.8605109"}}}}
{"Event":{"System":{"Provider":{"@Name":"MsiInstaller"},"EventID":{"@Qualifiers":"0","#text":"11707"},"Version":"0","Level":"4","Task":"0","Opcode":"0","Keywords":"0x80000000000000","TimeCreated":{"@SystemTime":"2024-10-21 09:42:23.3025475"},"EventRecordID":"2444","Correlation":null,"Execution":{"@ProcessID":"0","@ThreadID":"0"},"Channel":"Application","Computer":"Server002","Security":{"@UserID":"S-1-5-21-3962163828-2803415714-1403596700-1006"}},"EventData":{"Data":"Product: Python 3.10.4 Add to Path (64-bit) -- Installation completed successfully., (NULL), (NULL), (NULL), (NULL), (NULL)","Binary":"7B-35-31-44-38-38-44-39-43-2D-34-37-45-31-2D-34-35-43-37-2D-39-39-32-43-2D-33-41-46-31-41-44-39-31-42-46-35-46-7D"}}}
{"Event":{"System":{"Provider":{"@Name":"MsiInstaller"},"EventID":{"@Qualifiers":"0","#text":"1033"},"Version":"0","Level":"4","Task":"0","Opcode":"0","Keywords":"0x80000000000000","TimeCreated":{"@SystemTime":"2024-10-21 09:42:23.3025475"},"EventRecordID":"2445","Correlation":null,"Execution":{"@ProcessID":"0","@ThreadID":"0"},"Channel":"Application","Computer":"Server002","Security":{"@UserID":"S-1-5-21-3962163828-2803415714-1403596700-1006"}},"EventData":{"Data":"Python 3.10.4 Add to Path (64-bit), 3.10.4150.0, 1033, 0, Python Software Foundation, (NULL)","Binary":"7B-35-31-44-38-38-44-39-43-2D-34-37-45-31-2D-34-35-43-37-2D-39-39-32-43-2D-33-41-46-31-41-44-39-31-42-46-35-46-7D-30-30-30-30-39-34-36-66-35-62-33-35-66-62-62-33-36-62-66-64-37-32-38-34-30-32-39-64-64-31-31-64-38-62-65-62-30-30-30-30-30-39-30-34"}}}
{"Event":{"System":{"Provider":{"@Name":"MsiInstaller"},"EventID":{"@Qualifiers":"0","#text":"1042"},"Version":"0","Level":"4","Task":"0","Opcode":"0","Keywords":"0x80000000000000","TimeCreated":{"@SystemTime":"2024-10-21 09:42:23.3565251"},"EventRecordID":"2446","Correlation":null,"Execution":{"@ProcessID":"0","@ThreadID":"0"},"Channel":"Application","Computer":"Server002","Security":{"@UserID":"S-1-5-18"}},"EventData":{"Data":"C:\\ProgramData\\Package Cache\\{51D88D9C-47E1-45C7-992C-3AF1AD91BF5F}v3.10.4150.0\\path.msi, 4256, (NULL), (NULL), (NULL), (NULL)","Binary":""}}}
{"Event":{"System":{"Provider":{"@Name":"Microsoft-Windows-RestartManager","@Guid":"0888e5ef-9b98-4695-979d-e92ce4247224"},"EventID":"10000","Version":"0","Level":"4","Task":"0","Opcode":"0","Keywords":"0x8000000000000000","TimeCreated":{"@SystemTime":"2024-10-21 09:42:22.8041613"},"EventRecordID":"2447","Correlation":null,"Execution":{"@ProcessID":"5440","@ThreadID":"4112"},"Channel":"Application","Computer":"Server002","Security":{"@UserID":"S-1-5-21-3962163828-2803415714-1403596700-1006"}},"UserData":{"RmSessionEvent":{"RmSessionId":"0","UTCStartTime":"2024-10-21 09:42:22.8034349"}}}}
{"Event":{"System":{"Provider":{"@Name":"Microsoft-Windows-RestartManager","@Guid":"0888e5ef-9b98-4695-979d-e92ce4247224"},"EventID":"10001","Version":"0","Level":"4","Task":"0","Opcode":"0","Keywords":"0x8000000000000000","TimeCreated":{"@SystemTime":"2024-10-21 09:42:23.3437472"},"EventRecordID":"2448","Correlation":null,"Execution":{"@ProcessID":"5440","@ThreadID":"5464"},"Channel":"Application","Computer":"Server002","Security":{"@UserID":"S-1-5-21-3962163828-2803415714-1403596700-1006"}},"UserData":{"RmSessionEvent":{"RmSessionId":"0","UTCStartTime":"2024-10-21 09:42:22.8034349"}}}}
