{"Event":{"System":{"Provider":{"@Name":"Microsoft-Windows-Sysmon","@Guid":"5770385f-c22a-43e0-bf4c-06f5698ffbd9"},"EventID":"5","Version":"3","Level":"4","Task":"5","Opcode":"0","Keywords":"0x8000000000000000","TimeCreated":{"@SystemTime":"2024-10-27 17:21:16.6200444"},"EventRecordID":"18001","Correlation":null,"Execution":{"@ProcessID":"3076","@ThreadID":"776"},"Channel":"Microsoft-Windows-Sysmon/Operational","Computer":"Server002","Security":{"@UserID":"S-1-5-18"}},"EventData":{"Data":[{"@Name":"RuleName","#text":"-"},{"@Name":"UtcTime","#text":"2024-10-27 17:21:16.614"},{"@Name":"ProcessGuid","#text":"dbf410b3-768c-671e-d700-000000003900"},{"@Name":"ProcessId","#text":"4660"},{"@Name":"Image","#text":"C:\\Program Files (x86)\\Microsoft\\EdgeUpdate\\1.3.195.27\\MicrosoftEdgeUpdateComRegisterShell64.exe"},{"@Name":"User","#text":"NT AUTHORITY\\SYSTEM"}]}}}
{"Event":{"System":{"Provider":{"@Name":"Microsoft-Windows-Sysmon","@Guid":"5770385f-c22a-43e0-bf4c-06f5698ffbd9"},"EventID":"5","Version":"3","Level":"4","Task":"5","Opcode":"0","Keywords":"0x8000000000000000","TimeCreated":{"@SystemTime":"2024-10-27 17:21:16.6599782"},"EventRecordID":"18002","Correlation":null,"Execution":{"@ProcessID":"3076","@ThreadID":"776"},"Channel":"Microsoft-Windows-Sysmon/Operational","Computer":"Server002","Security":{"@UserID":"S-1-5-18"}},"EventData":{"Data":[{"@Name":"RuleName","#text":"-"},{"@Name":"UtcTime","#text":"2024-10-27 17:21:16.647"},{"@Name":"ProcessGuid","#text":"dbf410b3-768c-671e-d400-000000003900"},{"@Name":"ProcessId","#text":"5476"},{"@Name":"Image","#text":"C:\\Program Files (x86)\\Microsoft\\EdgeUpdate\\MicrosoftEdgeUpdate.exe"},{"@Name":"User","#text":"NT AUTHORITY\\SYSTEM"}]}}}
{"Event":{"System":{"Provider":{"@Name":"Microsoft-Windows-Sysmon","@Guid":"5770385f-c22a-43e0-bf4c-06f5698ffbd9"},"EventID":"1","Version":"5","Level":"4","Task":"1","Opcode":"0","Keywords":"0x8000000000000000","TimeCreated":{"@SystemTime":"2024-10-27 17:21:16.7667977"},"EventRecordID":"18003","Correlation":null,"Execution":{"@ProcessID":"3076","@ThreadID":"776"},"Channel":"Microsoft-Windows-Sysmon/Operational","Computer":"Server002","Security":{"@UserID":"S-1-5-18"}},"EventData":{"Data":[{"@Name":"RuleName","#text":"-"},{"@Name":"UtcTime","#text":"2024-10-27 17:21:16.763"},{"@Name":"ProcessGuid","#text":"dbf410b3-768c-671e-d800-000000003900"},{"@Name":"ProcessId","#text":"5868"},{"@Name":"Image","#text":"C:\\Program Files (x86)\\Microsoft\\EdgeUpdate\\MicrosoftEdgeUpdate.exe"},{"@Name":"FileVersion","#text":"1.3.147.37"},{"@Name":"Description","#text":"Microsoft Edge Update"},{"@Name":"Product","#text":"Microsoft Edge Update"},{"@Name":"Company","#text":"Microsoft Corporation"},{"@Name":"OriginalFileName","#text":"msedgeupdate.dll"},{"@Name":"CommandLine","#text":"\"C:\\Program Files (x86)\\Microsoft\\EdgeUpdate\\MicrosoftEdgeUpdate.exe\" /svc"},{"@Name":"CurrentDirectory","#text":"C:\\Windows\\system32\\"},{"@Name":"User","#text":"NT AUTHORITY\\SYSTEM"},{"@Name":"LogonGuid","#text":"dbf410b3-8406-671e-e703-000000000000"},{"@Name":"LogonId","#text":"0x3E7"},{"@Name":"TerminalSessionId","#text":"0"},{"@Name":"IntegrityLevel","#text":"System"},{"@Name":"Hashes","#text":"SHA256=3096D8E82917A9B73F322F4B1743E52E9B0C8B3C5933A957E73E29D6973CDD5B"},{"@Name":"ParentProcessGuid","#text":"00000000-0000-0000-0000-000000000000"},{"@Name":"ParentProcessId","#text":"660"},{"@Name":"ParentImage","#text":"-"},{"@Name":"ParentCommandLine","#text":"-"},{"@Name":"ParentUser","#text":"-"}]}}}
{"Event":{"System":{"Provider":{"@Name":"Microsoft-Windows-Sysmon","@Guid":"5770385f-c22a-43e0-bf4c-06f5698ffbd9"},"EventID":"1","Version":"5","Level":"4","Task":"1","Opcode":"0","Keywords":"0x8000000000000000","TimeCreated":{"@SystemTime":"2024-10-27 17:21:16.8093204"},"EventRecordID":"18004","Correlation":null,"Execution":{"@ProcessID":"3076","@ThreadID":"776"},"Channel":"Microsoft-Windows-Sysmon/Operational","Computer":"Server002","Security":{"@UserID":"S-1-5-18"}},"EventData":{"Data":[{"@Name":"RuleName","#text":"-"},{"@Name":"UtcTime","#text":"2024-10-27 17:21:16.805"},{"@Name":"ProcessGuid","#text":"dbf410b3-768c-671e-d900-000000003900"},{"@Name":"ProcessId","#text":"6120"},{"@Name":"Image","#text":"C:\\Program Files (x86)\\Microsoft\\EdgeUpdate\\MicrosoftEdgeUpdate.exe"},{"@Name":"FileVersion","#text":"1.3.147.37"},{"@Name":"Description","#text":"Microsoft Edge Update"},{"@Name":"Product","#text":"Microsoft Edge Update"},{"@Name":"Company","#text":"Microsoft Corporation"},{"@Name":"OriginalFileName","#text":"msedgeupdate.dll"},{"@Name":"CommandLine","#text":"\"C:\\Program Files (x86)\\Microsoft\\EdgeUpdate\\MicrosoftEdgeUpdate.exe\" /c"},{"@Name":"CurrentDirectory","#text":"C:\\Program Files (x86)\\Microsoft\\EdgeUpdate\\1.3.195.27\\"},{"@Name":"User","#text":"NT AUTHORITY\\SYSTEM"},{"@Name":"LogonGuid","#text":"dbf410b3-8406-671e-e703-000000000000"},{"@Name":"LogonId","#text":"0x3E7"},{"@Name":"TerminalSessionId","#text":"0"},{"@Name":"IntegrityLevel","#text":"System"},{"@Name":"Hashes","#text":"SHA256=3096D8E82917A9B73F322F4B1743E52E9B0C8B3C5933A957E73E29D6973CDD5B"},{"@Name":"ParentProcessGuid","#text":"dbf410b3-768c-671e-d800-000000003900"},{"@Name":"ParentProcessId","#text":"5868"},{"@Name":"ParentImage","#text":"C:\\Program Files (x86)\\Microsoft\\EdgeUpdate\\MicrosoftEdgeUpdate.exe"},{"@Name":"ParentCommandLine","#text":"\"C:\\Program Files (x86)\\Microsoft\\EdgeUpdate\\MicrosoftEdgeUpdate.exe\" /svc"},{"@Name":"ParentUser","#text":"NT AUTHORITY\\SYSTEM"}]}}}
{"Event":{"System":{"Provider":{"@Name":"Microsoft-Windows-Sysmon","@Guid":"5770385f-c22a-43e0-bf4c-06f5698ffbd9"},"EventID":"5","Version":"3","Level":"4","Task":"5","Opcode":"0","Keywords":"0x8000000000000000","TimeCreated":{"@SystemTime":"2024-10-27 17:21:16.8243388"},"EventRecordID":"18005","Correlation":null,"Execution":{"@ProcessID":"3076","@ThreadID":"776"},"Channel":"Microsoft-Windows-Sysmon/Operational","Computer":"Server002","Security":{"@UserID":"S-1-5-18"}},"EventData":{"Data":[{"@Name":"RuleName","#text":"-"},{"@Name":"UtcTime","#text":"2024-10-27 17:21:16.822"},{"@Name":"ProcessGuid","#text":"dbf410b3-768c-671e-d800-000000003900"},{"@Name":"ProcessId","#text":"5868"},{"@Name":"Image","#text":"C:\\Program Files (x86)\\Microsoft\\EdgeUpdate\\MicrosoftEdgeUpdate.exe"},{"@Name":"User","#text":"NT AUTHORITY\\SYSTEM"}]}}}
{"Event":{"System":{"Provider":{"@Name":"Microsoft-Windows-Sysmon","@Guid":"5770385f-c22a-43e0-bf4c-06f5698ffbd9"},"EventID":"1","Version":"5","Level":"4","Task":"1","Opcode":"0","Keywords":"0x8000000000000000","TimeCreated":{"@SystemTime":"2024-10-27 17:21:16.8760891"},"EventRecordID":"18006","Correlation":null,"Execution":{"@ProcessID":"3076","@ThreadID":"776"},"Channel":"Microsoft-Windows-Sysmon/Operational","Computer":"Server002","Security":{"@UserID":"S-1-5-18"}},"EventData":{"Data":[{"@Name":"RuleName","#text":"-"},{"@Name":"UtcTime","#text":"2024-10-27 17:21:16.872"},{"@Name":"ProcessGuid","#text":"dbf410b3-768c-671e-da00-000000003900"},{"@Name":"ProcessId","#text":"1508"},{"@Name":"Image","#text":"C:\\Program Files (x86)\\Microsoft\\EdgeUpdate\\MicrosoftEdgeUpdate.exe"},{"@Name":"FileVersion","#text":"1.3.147.37"},{"@Name":"Description","#text":"Microsoft Edge Update"},{"@Name":"Product","#text":"Microsoft Edge Update"},{"@Name":"Company","#text":"Microsoft Corporation"},{"@Name":"OriginalFileName","#text":"msedgeupdate.dll"},{"@Name":"CommandLine","#text":"\"C:\\Program Files (x86)\\Microsoft\\EdgeUpdate\\MicrosoftEdgeUpdate.exe\" /ua /installsource core"},{"@Name":"CurrentDirectory","#text":"C:\\Program Files (x86)\\Microsoft\\EdgeUpdate\\1.3.195.27\\"},{"@Name":"User","#text":"NT AUTHORITY\\SYSTEM"},{"@Name":"LogonGuid","#text":"dbf410b3-8406-671e-e703-000000000000"},{"@Name":"LogonId","#text":"0x3E7"},{"@Name":"TerminalSessionId","#text":"0"},{"@Name":"IntegrityLevel","#text":"System"},{"@Name":"Hashes","#text":"SHA256=3096D8E82917A9B73F322F4B1743E52E9B0C8B3C5933A957E73E29D6973CDD5B"},{"@Name":"ParentProcessGuid","#text":"dbf410b3-768c-671e-d900-000000003900"},{"@Name":"ParentProcessId","#text":"6120"},{"@Name":"ParentImage","#text":"C:\\Program Files (x86)\\Microsoft\\EdgeUpdate\\MicrosoftEdgeUpdate.exe"},{"@Name":"ParentCommandLine","#text":"\"C:\\Program Files (x86)\\Microsoft\\EdgeUpdate\\MicrosoftEdgeUpdate.exe\" /c"},{"@Name":"ParentUser","#text":"NT AUTHORITY\\SYSTEM"}]}}}
{"Event":{"System":{"Provider":{"@Name":"Microsoft-Windows-Sysmon","@Guid":"5770385f-c22a-43e0-bf4c-06f5698ffbd9"},"EventID":"1","Version":"5","Level":"4","Task":"1","Opcode":"0","Keywords":"0x8000000000000000","TimeCreated":{"@SystemTime":"2024-10-27 17:21:17.0020600"},"EventRecordID":"18007","Correlation":null,"Execution":{"@ProcessID":"3076","@ThreadID":"776"},"Channel":"Microsoft-Windows-Sysmon/Operational","Computer":"Server002","Security":{"@UserID":"S-1-5-18"}},"EventData":{"Data":[{"@Name":"RuleName","#text":"-"},{"@Name":"UtcTime","#text":"2024-10-27 17:21:16.996"},{"@Name":"ProcessGuid","#text":"dbf410b3-768c-671e-db00-000000003900"},{"@Name":"ProcessId","#text":"4468"},{"@Name":"Image","#text":"C:\\Program Files (x86)\\Microsoft\\EdgeUpdate\\MicrosoftEdgeUpdate.exe"},{"@Name":"FileVersion","#text":"1.3.147.37"},{"@Name":"Description","#text":"Microsoft Edge Update"},{"@Name":"Product","#text":"Microsoft Edge Update"},{"@Name":"Company","#text":"Microsoft Corporation"},{"@Name":"OriginalFileName","#text":"msedgeupdate.dll"},{"@Name":"CommandLine","#text":"\"C:\\Program Files (x86)\\Microsoft\\EdgeUpdate\\MicrosoftEdgeUpdate.exe\" /ping PD94bWwgdmVyc2lvbj0iMS4wIiBlbmNvZGluZz0iVVRGLTgiPz48cmVxdWVzdCBwcm90b2NvbD0iMy4wIiB1cGRhdGVyPSJPbWFoYSIgdXBkYXRlcnZlcnNpb249IjEuMy4xOTUuMjciIHNoZWxsX3ZlcnNpb249IjEuMy4xNDcuMzciIGlzbWFjaGluZT0iMSIgc2Vzc2lvbmlkPSJ7MDhBQjRDMEMtQUIwOS00REU0LTlCMkYtQ0ZFOTNEMzAwM0NFfSIgdXNlcmlkPSJ7MDNDQTNERDItNDhDRi00Nzc5LUI4QjktMUE2RDJDRUYwRUZEfSIgaW5zdGFsbHNvdXJjZT0ic2VsZnVwZGF0ZSIgcmVxdWVzdGlkPSJ7MjQ2QkU2NEUtMDUzNC00NEMwLThCRjUtMEVENjhFRjk1MzZGfSIgZGVkdXA9ImNyIiBkb21haW5qb2luZWQ9IjAiPjxodyBsb2dpY2FsX2NwdXM9IjIiIHBoeXNtZW1vcnk9IjQiIGRpc2tfdHlwZT0iMSIgc3NlPSIxIiBzc2UyPSIxIiBzc2UzPSIxIiBzc3NlMz0iMSIgc3NlNDE9IjEiIHNzZTQyPSIxIiBhdng9IjAiLz48b3MgcGxhdGZvcm09IndpbiIgdmVyc2lvbj0iMTAuMC4xOTA0NS41MDExIiBzcD0iIiBhcmNoPSJ4NjQiIHByb2R1Y3RfdHlwZT0iMTAxIiBpc193aXA9IjAiIGlzX2luX2xvY2tkb3duX21vZGU9IjAiLz48b2VtIHByb2R1Y3RfbWFudWZhY3R1cmVyPSJpbm5vdGVrIEdtYkgiIHByb2R1Y3RfbmFtZT0iVmlydHVhbEJveCIvPjxleHAgZXRhZz0iJnF1b3Q7ZGw0eEozY0pTVE1EdW4zSmRMLzRaeEc5akpMQm5DVnYrc0xmSFY2dVNZND0mcXVvdDsiLz48YXBwIGFwcGlkPSJ7RjNDNEZFMDAtRUZENS00MDNCLTk1NjktMzk4QTIwRjFCQTRBfSIgdmVyc2lvbj0iMS4zLjE5NS4yNSIgbmV4dHZlcnNpb249IjEuMy4xOTUuMjciIGxhbmc9IiIgYnJhbmQ9IklOQlgiIGNsaWVudD0iIiBpbnN0YWxsYWdlPSIxMjIiIGluc3RhbGxkYXRldGltZT0iMTcxOTUwNDU2MSIgY29ob3J0PSJycmZAMC4xMyI-PGV2ZW50IGV2ZW50dHlwZT0iMyIgZXZlbnRyZXN1bHQ9IjEiIGVycm9yY29kZT0iMCIgZXh0cmFjb2RlMT0iMCIgc3lzdGVtX3VwdGltZV90aWNrcz0iMTcxODM2NDg5NiIvPjwvYXBwPjwvcmVxdWVzdD4"},{"@Name":"CurrentDirectory","#text":"C:\\Program Files (x86)\\Microsoft\\Temp\\EU96E7.tmp\\"},{"@Name":"User","#text":"NT AUTHORITY\\SYSTEM"},{"@Name":"LogonGuid","#text":"dbf410b3-8406-671e-e703-000000000000"},{"@Name":"LogonId","#text":"0x3E7"},{"@Name":"TerminalSessionId","#text":"0"},{"@Name":"IntegrityLevel","#text":"System"},{"@Name":"Hashes","#text":"SHA256=3096D8E82917A9B73F322F4B1743E52E9B0C8B3C5933A957E73E29D6973CDD5B"},{"@Name":"ParentProcessGuid","#text":"dbf410b3-768b-671e-d200-000000003900"},{"@Name":"ParentProcessId","#text":"6316"},{"@Name":"ParentImage","#text":"C:\\Program Files (x86)\\Microsoft\\Temp\\EU96E7.tmp\\MicrosoftEdgeUpdate.exe"},{"@Name":"ParentCommandLine","#text":"\"C:\\Program Files (x86)\\Microsoft\\Temp\\EU96E7.tmp\\MicrosoftEdgeUpdate.exe\" /update /sessionid \"{08AB4C0C-AB09-4DE4-9B2F-CFE93D3003CE}\""},{"@Name":"ParentUser","#text":"NT AUTHORITY\\SYSTEM"}]}}}
{"Event":{"System":{"Provider":{"@Name":"Microsoft-Windows-Sysmon","@Guid":"5770385f-c22a-43e0-bf4c-06f5698ffbd9"},"EventID":"5","Version":"3","Level":"4","Task":"5","Opcode":"0","Keywords":"0x8000000000000000","TimeCreated":{"@SystemTime":"2024-10-27 17:21:17.4092794"},"EventRecordID":"18008","Correlation":null,"Execution":{"@ProcessID":"3076","@ThreadID":"776"},"Channel":"Microsoft-Windows-Sysmon/Operational","Computer":"Server002","Security":{"@UserID":"S-1-5-18"}},"EventData":{"Data":[{"@Name":"RuleName","#text":"-"},{"@Name":"UtcTime","#text":"2024-10-27 17:21:17.404"},{"@Name":"ProcessGuid","#text":"dbf410b3-768c-671e-db00-000000003900"},{"@Name":"ProcessId","#text":"4468"},{"@Name":"Image","#text":"C:\\Program Files (x86)\\Microsoft\\EdgeUpdate\\MicrosoftEdgeUpdate.exe"},{"@Name":"User","#text":"NT AUTHORITY\\SYSTEM"}]}}}
{"Event":{"System":{"Provider":{"@Name":"Microsoft-Windows-Sysmon","@Guid":"5770385f-c22a-43e0-bf4c-06f5698ffbd9"},"EventID":"5","Version":"3","Level":"4","Task":"5","Opcode":"0","Keywords":"0x8000000000000000","TimeCreated":{"@SystemTime":"2024-10-27 17:21:17.4210407"},"EventRecordID":"18009","Correlation":null,"Execution":{"@ProcessID":"3076","@ThreadID":"776"},"Channel":"Microsoft-Windows-Sysmon/Operational","Computer":"Server002","Security":{"@UserID":"S-1-5-18"}},"EventData":{"Data":[{"@Name":"RuleName","#text":"-"},{"@Name":"UtcTime","#text":"2024-10-27 17:21:17.404"},{"@Name":"ProcessGuid","#text":"dbf410b3-768b-671e-d200-000000003900"},{"@Name":"ProcessId","#text":"6316"},{"@Name":"Image","#text":"C:\\Program Files (x86)\\Microsoft\\Temp\\EU96E7.tmp\\MicrosoftEdgeUpdate.exe"},{"@Name":"User","#text":"NT AUTHORITY\\SYSTEM"}]}}}
{"Event":{"System":{"Provider":{"@Name":"Microsoft-Windows-Sysmon","@Guid":"5770385f-c22a-43e0-bf4c-06f5698ffbd9"},"EventID":"5","Version":"3","Level":"4","Task":"5","Opcode":"0","Keywords":"0x8000000000000000","TimeCreated":{"@SystemTime":"2024-10-27 17:21:17.4322696"},"EventRecordID":"18010","Correlation":null,"Execution":{"@ProcessID":"3076","@ThreadID":"776"},"Channel":"Microsoft-Windows-Sysmon/Operational","Computer":"Server002","Security":{"@UserID":"S-1-5-18"}},"EventData":{"Data":[{"@Name":"RuleName","#text":"-"},{"@Name":"UtcTime","#text":"2024-10-27 17:21:17.425"},{"@Name":"ProcessGuid","#text":"dbf410b3-768a-671e-d000-000000003900"},{"@Name":"ProcessId","#text":"7040"},{"@Name":"Image","#text":"C:\\Program Files (x86)\\Microsoft\\EdgeUpdate\\Install\\{696BACF9-DD96-4A35-B4CF-589FDE2BA543}\\MicrosoftEdgeUpdateSetup_X86_1.3.195.27.exe"},{"@Name":"User","#text":"NT AUTHORITY\\SYSTEM"}]}}}
{"Event":{"System":{"Provider":{"@Name":"Microsoft-Windows-Sysmon","@Guid":"5770385f-c22a-43e0-bf4c-06f5698ffbd9"},"EventID":"5","Version":"3","Level":"4","Task":"5","Opcode":"0","Keywords":"0x8000000000000000","TimeCreated":{"@SystemTime":"2024-10-27 17:21:20.3959380"},"EventRecordID":"18011","Correlation":null,"Execution":{"@ProcessID":"3076","@ThreadID":"776"},"Channel":"Microsoft-Windows-Sysmon/Operational","Computer":"Server002","Security":{"@UserID":"S-1-5-18"}},"EventData":{"Data":[{"@Name":"RuleName","#text":"-"},{"@Name":"UtcTime","#text":"2024-10-27 17:21:20.380"},{"@Name":"ProcessGuid","#text":"dbf410b3-7672-671e-b500-000000003900"},{"@Name":"ProcessId","#text":"6584"},{"@Name":"Image","#text":"C:\\Windows\\System32\\sppsvc.exe"},{"@Name":"User","#text":"NT AUTHORITY\\NETWORK SERVICE"}]}}}
{"Event":{"System":{"Provider":{"@Name":"Microsoft-Windows-Sysmon","@Guid":"5770385f-c22a-43e0-bf4c-06f5698ffbd9"},"EventID":"5","Version":"3","Level":"4","Task":"5","Opcode":"0","Keywords":"0x8000000000000000","TimeCreated":{"@SystemTime":"2024-10-27 17:21:20.8596657"},"EventRecordID":"18012","Correlation":null,"Execution":{"@ProcessID":"3076","@ThreadID":"776"},"Channel":"Microsoft-Windows-Sysmon/Operational","Computer":"Server002","Security":{"@UserID":"S-1-5-18"}},"EventData":{"Data":[{"@Name":"RuleName","#text":"-"},{"@Name":"UtcTime","#text":"2024-10-27 17:21:20.845"},{"@Name":"ProcessGuid","#text":"dbf410b3-7619-671e-a800-000000003900"},{"@Name":"ProcessId","#text":"5256"},{"@Name":"Image","#text":"C:\\Windows\\System32\\wbem\\WmiPrvSE.exe"},{"@Name":"User","#text":"NT AUTHORITY\\SYSTEM"}]}}}
{"Event":{"System":{"Provider":{"@Name":"Microsoft-Windows-Sysmon","@Guid":"5770385f-c22a-43e0-bf4c-06f5698ffbd9"},"EventID":"5","Version":"3","Level":"4","Task":"5","Opcode":"0","Keywords":"0x8000000000000000","TimeCreated":{"@SystemTime":"2024-10-27 17:21:27.3531244"},"EventRecordID":"18013","Correlation":null,"Execution":{"@ProcessID":"3076","@ThreadID":"776"},"Channel":"Microsoft-Windows-Sysmon/Operational","Computer":"Server002","Security":{"@UserID":"S-1-5-18"}},"EventData":{"Data":[{"@Name":"RuleName","#text":"-"},{"@Name":"UtcTime","#text":"2024-10-27 17:21:27.351"},{"@Name":"ProcessGuid","#text":"dbf410b3-7608-671e-8f00-000000003900"},{"@Name":"ProcessId","#text":"5552"},{"@Name":"Image","#text":"C:\\Windows\\WinSxS\\amd64_microsoft-windows-servicingstack_31bf3856ad364e35_10.0.19041.4950_none_7dd913727cb4d87c\\TiWorker.exe"},{"@Name":"User","#text":"NT AUTHORITY\\SYSTEM"}]}}}
{"Event":{"System":{"Provider":{"@Name":"Microsoft-Windows-Sysmon","@Guid":"5770385f-c22a-43e0-bf4c-06f5698ffbd9"},"EventID":"5","Version":"3","Level":"4","Task":"5","Opcode":"0","Keywords":"0x8000000000000000","TimeCreated":{"@SystemTime":"2024-10-27 17:21:27.3750453"},"EventRecordID":"18014","Correlation":null,"Execution":{"@ProcessID":"3076","@ThreadID":"776"},"Channel":"Microsoft-Windows-Sysmon/Operational","Computer":"Server002","Security":{"@UserID":"S-1-5-18"}},"EventData":{"Data":[{"@Name":"RuleName","#text":"-"},{"@Name":"UtcTime","#text":"2024-10-27 17:21:27.371"},{"@Name":"ProcessGuid","#text":"dbf410b3-7607-671e-8900-000000003900"},{"@Name":"ProcessId","#text":"5304"},{"@Name":"Image","#text":"C:\\Windows\\servicing\\TrustedInstaller.exe"},{"@Name":"User","#text":"NT AUTHORITY\\SYSTEM"}]}}}
