{"Event":{"System":{"Provider":{"@Name":"PowerShell"},"EventID":{"@Qualifiers":"0","#text":"600"},"Version":"0","Level":"4","Task":"6","Opcode":"0","Keywords":"0x80000000000000","TimeCreated":{"@SystemTime":"2024-10-27 14:04:48.6507684"},"EventRecordID":"1067","Correlation":null,"Execution":{"@ProcessID":"0","@ThreadID":"0"},"Channel":"Windows PowerShell","Computer":"Server002","Security":null},"EventData":{"Data":"Registry, Started, \tProviderName=Registry\r\n\tNewProviderState=Started\r\n\r\n\tSequenceNumber=1\r\n\r\n\tHostName=ConsoleHost\r\n\tHostVersion=5.1.19041.5007\r\n\tHostId=cb76f03d-5c6b-4e14-bb7a-12e37e5bde50\r\n\tHostApplication=powershell.exe &amp; {Copy-Item \"C:\\Users\\ADMIN_~1\\AppData\\Local\\Temp\\file\\data.009\\bin\\fileTest.dll\" C:\\Users\\Public\\fileTest.dll -Force\r\nreg add \"HKEY_LOCAL_MACHINE\\System\\CurrentControlSet\\Control\\Session Manager\\AppCertDlls\" /v \"fileTest\" /t REG_EXPAND_SZ /d \"C:\\Users\\Public\\fileTest.dll\" /f\r\nif($false){Restart-Computer}}\r\n\tEngineVersion=\r\n\tRunspaceId=\r\n\tPipelineId=\r\n\tCommandName=\r\n\tCommandType=\r\n\tScriptName=\r\n\tCommandPath=\r\n\tCommandLine=","Binary":""}}}
{"Event":{"System":{"Provider":{"@Name":"PowerShell"},"EventID":{"@Qualifiers":"0","#text":"600"},"Version":"0","Level":"4","Task":"6","Opcode":"0","Keywords":"0x80000000000000","TimeCreated":{"@SystemTime":"2024-10-27 14:04:48.6507684"},"EventRecordID":"1068","Correlation":null,"Execution":{"@ProcessID":"0","@ThreadID":"0"},"Channel":"Windows PowerShell","Computer":"Server002","Security":null},"EventData":{"Data":"Alias, Started, \tProviderName=Alias\r\n\tNewProviderState=Started\r\n\r\n\tSequenceNumber=3\r\n\r\n\tHostName=ConsoleHost\r\n\tHostVersion=5.1.19041.5007\r\n\tHostId=cb76f03d-5c6b-4e14-bb7a-12e37e5bde50\r\n\tHostApplication=powershell.exe &amp; {Copy-Item \"C:\\Users\\ADMIN_~1\\AppData\\Local\\Temp\\file\\data.009\\bin\\fileTest.dll\" C:\\Users\\Public\\fileTest.dll -Force\r\nreg add \"HKEY_LOCAL_MACHINE\\System\\CurrentControlSet\\Control\\Session Manager\\AppCertDlls\" /v \"fileTest\" /t REG_EXPAND_SZ /d \"C:\\Users\\Public\\fileTest.dll\" /f\r\nif($false){Restart-Computer}}\r\n\tEngineVersion=\r\n\tRunspaceId=\r\n\tPipelineId=\r\n\tCommandName=\r\n\tCommandType=\r\n\tScriptName=\r\n\tCommandPath=\r\n\tCommandLine=","Binary":""}}}
{"Event":{"System":{"Provider":{"@Name":"PowerShell"},"EventID":{"@Qualifiers":"0","#text":"600"},"Version":"0","Level":"4","Task":"6","Opcode":"0","Keywords":"0x80000000000000","TimeCreated":{"@SystemTime":"2024-10-27 14:04:48.6507684"},"EventRecordID":"1069","Correlation":null,"Execution":{"@ProcessID":"0","@ThreadID":"0"},"Channel":"Windows PowerShell","Computer":"Server002","Security":null},"EventData":{"Data":"Environment, Started, \tProviderName=Environment\r\n\tNewProviderState=Started\r\n\r\n\tSequenceNumber=5\r\n\r\n\tHostName=ConsoleHost\r\n\tHostVersion=5.1.19041.5007\r\n\tHostId=cb76f03d-5c6b-4e14-bb7a-12e37e5bde50\r\n\tHostApplication=powershell.exe &amp; {Copy-Item \"C:\\Users\\ADMIN_~1\\AppData\\Local\\Temp\\file\\data.009\\bin\\fileTest.dll\" C:\\Users\\Public\\fileTest.dll -Force\r\nreg add \"HKEY_LOCAL_MACHINE\\System\\CurrentControlSet\\Control\\Session Manager\\AppCertDlls\" /v \"fileTest\" /t REG_EXPAND_SZ /d \"C:\\Users\\Public\\fileTest.dll\" /f\r\nif($false){Restart-Computer}}\r\n\tEngineVersion=\r\n\tRunspaceId=\r\n\tPipelineId=\r\n\tCommandName=\r\n\tCommandType=\r\n\tScriptName=\r\n\tCommandPath=\r\n\tCommandLine=","Binary":""}}}
{"Event":{"System":{"Provider":{"@Name":"PowerShell"},"EventID":{"@Qualifiers":"0","#text":"600"},"Version":"0","Level":"4","Task":"6","Opcode":"0","Keywords":"0x80000000000000","TimeCreated":{"@SystemTime":"2024-10-27 14:04:48.6693110"},"EventRecordID":"1070","Correlation":null,"Execution":{"@ProcessID":"0","@ThreadID":"0"},"Channel":"Windows PowerShell","Computer":"Server002","Security":null},"EventData":{"Data":"FileSystem, Started, \tProviderName=FileSystem\r\n\tNewProviderState=Started\r\n\r\n\tSequenceNumber=7\r\n\r\n\tHostName=ConsoleHost\r\n\tHostVersion=5.1.19041.5007\r\n\tHostId=cb76f03d-5c6b-4e14-bb7a-12e37e5bde50\r\n\tHostApplication=powershell.exe &amp; {Copy-Item \"C:\\Users\\ADMIN_~1\\AppData\\Local\\Temp\\file\\data.009\\bin\\fileTest.dll\" C:\\Users\\Public\\fileTest.dll -Force\r\nreg add \"HKEY_LOCAL_MACHINE\\System\\CurrentControlSet\\Control\\Session Manager\\AppCertDlls\" /v \"fileTest\" /t REG_EXPAND_SZ /d \"C:\\Users\\Public\\fileTest.dll\" /f\r\nif($false){Restart-Computer}}\r\n\tEngineVersion=\r\n\tRunspaceId=\r\n\tPipelineId=\r\n\tCommandName=\r\n\tCommandType=\r\n\tScriptName=\r\n\tCommandPath=\r\n\tCommandLine=","Binary":""}}}
{"Event":{"System":{"Provider":{"@Name":"PowerShell"},"EventID":{"@Qualifiers":"0","#text":"600"},"Version":"0","Level":"4","Task":"6","Opcode":"0","Keywords":"0x80000000000000","TimeCreated":{"@SystemTime":"2024-10-27 14:04:48.6693110"},"EventRecordID":"1071","Correlation":null,"Execution":{"@ProcessID":"0","@ThreadID":"0"},"Channel":"Windows PowerShell","Computer":"Server002","Security":null},"EventData":{"Data":"Function, Started, \tProviderName=Function\r\n\tNewProviderState=Started\r\n\r\n\tSequenceNumber=9\r\n\r\n\tHostName=ConsoleHost\r\n\tHostVersion=5.1.19041.5007\r\n\tHostId=cb76f03d-5c6b-4e14-bb7a-12e37e5bde50\r\n\tHostApplication=powershell.exe &amp; {Copy-Item \"C:\\Users\\ADMIN_~1\\AppData\\Local\\Temp\\file\\data.009\\bin\\fileTest.dll\" C:\\Users\\Public\\fileTest.dll -Force\r\nreg add \"HKEY_LOCAL_MACHINE\\System\\CurrentControlSet\\Control\\Session Manager\\AppCertDlls\" /v \"fileTest\" /t REG_EXPAND_SZ /d \"C:\\Users\\Public\\fileTest.dll\" /f\r\nif($false){Restart-Computer}}\r\n\tEngineVersion=\r\n\tRunspaceId=\r\n\tPipelineId=\r\n\tCommandName=\r\n\tCommandType=\r\n\tScriptName=\r\n\tCommandPath=\r\n\tCommandLine=","Binary":""}}}
{"Event":{"System":{"Provider":{"@Name":"PowerShell"},"EventID":{"@Qualifiers":"0","#text":"600"},"Version":"0","Level":"4","Task":"6","Opcode":"0","Keywords":"0x80000000000000","TimeCreated":{"@SystemTime":"2024-10-27 14:04:48.6693110"},"EventRecordID":"1072","Correlation":null,"Execution":{"@ProcessID":"0","@ThreadID":"0"},"Channel":"Windows PowerShell","Computer":"Server002","Security":null},"EventData":{"Data":"Variable, Started, \tProviderName=Variable\r\n\tNewProviderState=Started\r\n\r\n\tSequenceNumber=11\r\n\r\n\tHostName=ConsoleHost\r\n\tHostVersion=5.1.19041.5007\r\n\tHostId=cb76f03d-5c6b-4e14-bb7a-12e37e5bde50\r\n\tHostApplication=powershell.exe &amp; {Copy-Item \"C:\\Users\\ADMIN_~1\\AppData\\Local\\Temp\\file\\data.009\\bin\\fileTest.dll\" C:\\Users\\Public\\fileTest.dll -Force\r\nreg add \"HKEY_LOCAL_MACHINE\\System\\CurrentControlSet\\Control\\Session Manager\\AppCertDlls\" /v \"fileTest\" /t REG_EXPAND_SZ /d \"C:\\Users\\Public\\fileTest.dll\" /f\r\nif($false){Restart-Computer}}\r\n\tEngineVersion=\r\n\tRunspaceId=\r\n\tPipelineId=\r\n\tCommandName=\r\n\tCommandType=\r\n\tScriptName=\r\n\tCommandPath=\r\n\tCommandLine=","Binary":""}}}
{"Event":{"System":{"Provider":{"@Name":"PowerShell"},"EventID":{"@Qualifiers":"0","#text":"400"},"Version":"0","Level":"4","Task":"4","Opcode":"0","Keywords":"0x80000000000000","TimeCreated":{"@SystemTime":"2024-10-27 14:04:48.8704929"},"EventRecordID":"1073","Correlation":null,"Execution":{"@ProcessID":"0","@ThreadID":"0"},"Channel":"Windows PowerShell","Computer":"Server002","Security":null},"EventData":{"Data":"Available, None, \tNewEngineState=Available\r\n\tPreviousEngineState=None\r\n\r\n\tSequenceNumber=13\r\n\r\n\tHostName=ConsoleHost\r\n\tHostVersion=5.1.19041.5007\r\n\tHostId=cb76f03d-5c6b-4e14-bb7a-12e37e5bde50\r\n\tHostApplication=powershell.exe &amp; {Copy-Item \"C:\\Users\\ADMIN_~1\\AppData\\Local\\Temp\\file\\data.009\\bin\\fileTest.dll\" C:\\Users\\Public\\fileTest.dll -Force\r\nreg add \"HKEY_LOCAL_MACHINE\\System\\CurrentControlSet\\Control\\Session Manager\\AppCertDlls\" /v \"fileTest\" /t REG_EXPAND_SZ /d \"C:\\Users\\Public\\fileTest.dll\" /f\r\nif($false){Restart-Computer}}\r\n\tEngineVersion=5.1.19041.5007\r\n\tRunspaceId=3b09ad9f-f326-48d6-9762-57466f42f372\r\n\tPipelineId=\r\n\tCommandName=\r\n\tCommandType=\r\n\tScriptName=\r\n\tCommandPath=\r\n\tCommandLine=","Binary":""}}}
{"Event":{"System":{"Provider":{"@Name":"PowerShell"},"EventID":{"@Qualifiers":"0","#text":"403"},"Version":"0","Level":"4","Task":"4","Opcode":"0","Keywords":"0x80000000000000","TimeCreated":{"@SystemTime":"2024-10-27 14:04:49.6978370"},"EventRecordID":"1074","Correlation":null,"Execution":{"@ProcessID":"0","@ThreadID":"0"},"Channel":"Windows PowerShell","Computer":"Server002","Security":null},"EventData":{"Data":"Stopped, Available, \tNewEngineState=Stopped\r\n\tPreviousEngineState=Available\r\n\r\n\tSequenceNumber=15\r\n\r\n\tHostName=ConsoleHost\r\n\tHostVersion=5.1.19041.5007\r\n\tHostId=cb76f03d-5c6b-4e14-bb7a-12e37e5bde50\r\n\tHostApplication=powershell.exe &amp; {Copy-Item \"C:\\Users\\ADMIN_~1\\AppData\\Local\\Temp\\file\\data.009\\bin\\fileTest.dll\" C:\\Users\\Public\\fileTest.dll -Force\r\nreg add \"HKEY_LOCAL_MACHINE\\System\\CurrentControlSet\\Control\\Session Manager\\AppCertDlls\" /v \"fileTest\" /t REG_EXPAND_SZ /d \"C:\\Users\\Public\\fileTest.dll\" /f\r\nif($false){Restart-Computer}}\r\n\tEngineVersion=5.1.19041.5007\r\n\tRunspaceId=3b09ad9f-f326-48d6-9762-57466f42f372\r\n\tPipelineId=\r\n\tCommandName=\r\n\tCommandType=\r\n\tScriptName=\r\n\tCommandPath=\r\n\tCommandLine=","Binary":""}}}
