{"Event":{"System":{"Provider":{"@Name":"PowerShell"},"EventID":{"@Qualifiers":"0","#text":"600"},"Version":"0","Level":"4","Task":"6","Opcode":"0","Keywords":"0x80000000000000","TimeCreated":{"@SystemTime":"2024-10-23 19:01:49.5180704"},"EventRecordID":"1043","Correlation":null,"Execution":{"@ProcessID":"0","@ThreadID":"0"},"Channel":"Windows PowerShell","Computer":"Server002","Security":null},"EventData":{"Data":"Registry, Started, \tProviderName=Registry\r\n\tNewProviderState=Started\r\n\r\n\tSequenceNumber=1\r\n\r\n\tHostName=ConsoleHost\r\n\tHostVersion=5.1.19041.5007\r\n\tHostId=b1dd5b35-9c5c-46ae-b7ab-4095386e9b02\r\n\tHostApplication=powershell.exe &amp; {$folderarray = @(\"Desktop\", \"Downloads\", \"Documents\", \"AppData/Local\", \"AppData/Roaming\")\r\nGet-ChildItem -Path $env:homedrive -ErrorAction SilentlyContinue | Out-File -append $env:temp\\dataTest5.txt\r\nGet-ChildItem -Path $env:programfiles -erroraction silentlycontinue | Out-File -append $env:temp\\dataTest5.txt\r\nGet-ChildItem -Path \"${env:ProgramFiles(x86)}\" -erroraction silentlycontinue | Out-File -append $env:temp\\dataTest5.txt\r\n$UsersFolder = \"$env:homedrive\\Users\\\"\r\nforeach ($directory in Get-ChildItem -Path $UsersFolder -ErrorAction SilentlyContinue) \r\n{\r\nforeach ($secondarydirectory in $folderarray)\r\n {Get-ChildItem -Path \"$UsersFolder/$directory/$secondarydirectory\" -ErrorAction SilentlyContinue | Out-File -append $env:temp\\dataTest5.txt}\r\n}\r\ncat $env:temp\\dataTest5.txt}\r\n\tEngineVersion=\r\n\tRunspaceId=\r\n\tPipelineId=\r\n\tCommandName=\r\n\tCommandType=\r\n\tScriptName=\r\n\tCommandPath=\r\n\tCommandLine=","Binary":""}}}
{"Event":{"System":{"Provider":{"@Name":"PowerShell"},"EventID":{"@Qualifiers":"0","#text":"600"},"Version":"0","Level":"4","Task":"6","Opcode":"0","Keywords":"0x80000000000000","TimeCreated":{"@SystemTime":"2024-10-23 19:01:49.5222348"},"EventRecordID":"1044","Correlation":null,"Execution":{"@ProcessID":"0","@ThreadID":"0"},"Channel":"Windows PowerShell","Computer":"Server002","Security":null},"EventData":{"Data":"Alias, Started, \tProviderName=Alias\r\n\tNewProviderState=Started\r\n\r\n\tSequenceNumber=3\r\n\r\n\tHostName=ConsoleHost\r\n\tHostVersion=5.1.19041.5007\r\n\tHostId=b1dd5b35-9c5c-46ae-b7ab-4095386e9b02\r\n\tHostApplication=powershell.exe &amp; {$folderarray = @(\"Desktop\", \"Downloads\", \"Documents\", \"AppData/Local\", \"AppData/Roaming\")\r\nGet-ChildItem -Path $env:homedrive -ErrorAction SilentlyContinue | Out-File -append $env:temp\\dataTest5.txt\r\nGet-ChildItem -Path $env:programfiles -erroraction silentlycontinue | Out-File -append $env:temp\\dataTest5.txt\r\nGet-ChildItem -Path \"${env:ProgramFiles(x86)}\" -erroraction silentlycontinue | Out-File -append $env:temp\\dataTest5.txt\r\n$UsersFolder = \"$env:homedrive\\Users\\\"\r\nforeach ($directory in Get-ChildItem -Path $UsersFolder -ErrorAction SilentlyContinue) \r\n{\r\nforeach ($secondarydirectory in $folderarray)\r\n {Get-ChildItem -Path \"$UsersFolder/$directory/$secondarydirectory\" -ErrorAction SilentlyContinue | Out-File -append $env:temp\\dataTest5.txt}\r\n}\r\ncat $env:temp\\dataTest5.txt}\r\n\tEngineVersion=\r\n\tRunspaceId=\r\n\tPipelineId=\r\n\tCommandName=\r\n\tCommandType=\r\n\tScriptName=\r\n\tCommandPath=\r\n\tCommandLine=","Binary":""}}}
{"Event":{"System":{"Provider":{"@Name":"PowerShell"},"EventID":{"@Qualifiers":"0","#text":"600"},"Version":"0","Level":"4","Task":"6","Opcode":"0","Keywords":"0x80000000000000","TimeCreated":{"@SystemTime":"2024-10-23 19:01:49.5222348"},"EventRecordID":"1045","Correlation":null,"Execution":{"@ProcessID":"0","@ThreadID":"0"},"Channel":"Windows PowerShell","Computer":"Server002","Security":null},"EventData":{"Data":"Environment, Started, \tProviderName=Environment\r\n\tNewProviderState=Started\r\n\r\n\tSequenceNumber=5\r\n\r\n\tHostName=ConsoleHost\r\n\tHostVersion=5.1.19041.5007\r\n\tHostId=b1dd5b35-9c5c-46ae-b7ab-4095386e9b02\r\n\tHostApplication=powershell.exe &amp; {$folderarray = @(\"Desktop\", \"Downloads\", \"Documents\", \"AppData/Local\", \"AppData/Roaming\")\r\nGet-ChildItem -Path $env:homedrive -ErrorAction SilentlyContinue | Out-File -append $env:temp\\dataTest5.txt\r\nGet-ChildItem -Path $env:programfiles -erroraction silentlycontinue | Out-File -append $env:temp\\dataTest5.txt\r\nGet-ChildItem -Path \"${env:ProgramFiles(x86)}\" -erroraction silentlycontinue | Out-File -append $env:temp\\dataTest5.txt\r\n$UsersFolder = \"$env:homedrive\\Users\\\"\r\nforeach ($directory in Get-ChildItem -Path $UsersFolder -ErrorAction SilentlyContinue) \r\n{\r\nforeach ($secondarydirectory in $folderarray)\r\n {Get-ChildItem -Path \"$UsersFolder/$directory/$secondarydirectory\" -ErrorAction SilentlyContinue | Out-File -append $env:temp\\dataTest5.txt}\r\n}\r\ncat $env:temp\\dataTest5.txt}\r\n\tEngineVersion=\r\n\tRunspaceId=\r\n\tPipelineId=\r\n\tCommandName=\r\n\tCommandType=\r\n\tScriptName=\r\n\tCommandPath=\r\n\tCommandLine=","Binary":""}}}
{"Event":{"System":{"Provider":{"@Name":"PowerShell"},"EventID":{"@Qualifiers":"0","#text":"600"},"Version":"0","Level":"4","Task":"6","Opcode":"0","Keywords":"0x80000000000000","TimeCreated":{"@SystemTime":"2024-10-23 19:01:49.5316751"},"EventRecordID":"1046","Correlation":null,"Execution":{"@ProcessID":"0","@ThreadID":"0"},"Channel":"Windows PowerShell","Computer":"Server002","Security":null},"EventData":{"Data":"FileSystem, Started, \tProviderName=FileSystem\r\n\tNewProviderState=Started\r\n\r\n\tSequenceNumber=7\r\n\r\n\tHostName=ConsoleHost\r\n\tHostVersion=5.1.19041.5007\r\n\tHostId=b1dd5b35-9c5c-46ae-b7ab-4095386e9b02\r\n\tHostApplication=powershell.exe &amp; {$folderarray = @(\"Desktop\", \"Downloads\", \"Documents\", \"AppData/Local\", \"AppData/Roaming\")\r\nGet-ChildItem -Path $env:homedrive -ErrorAction SilentlyContinue | Out-File -append $env:temp\\dataTest5.txt\r\nGet-ChildItem -Path $env:programfiles -erroraction silentlycontinue | Out-File -append $env:temp\\dataTest5.txt\r\nGet-ChildItem -Path \"${env:ProgramFiles(x86)}\" -erroraction silentlycontinue | Out-File -append $env:temp\\dataTest5.txt\r\n$UsersFolder = \"$env:homedrive\\Users\\\"\r\nforeach ($directory in Get-ChildItem -Path $UsersFolder -ErrorAction SilentlyContinue) \r\n{\r\nforeach ($secondarydirectory in $folderarray)\r\n {Get-ChildItem -Path \"$UsersFolder/$directory/$secondarydirectory\" -ErrorAction SilentlyContinue | Out-File -append $env:temp\\dataTest5.txt}\r\n}\r\ncat $env:temp\\dataTest5.txt}\r\n\tEngineVersion=\r\n\tRunspaceId=\r\n\tPipelineId=\r\n\tCommandName=\r\n\tCommandType=\r\n\tScriptName=\r\n\tCommandPath=\r\n\tCommandLine=","Binary":""}}}
{"Event":{"System":{"Provider":{"@Name":"PowerShell"},"EventID":{"@Qualifiers":"0","#text":"600"},"Version":"0","Level":"4","Task":"6","Opcode":"0","Keywords":"0x80000000000000","TimeCreated":{"@SystemTime":"2024-10-23 19:01:49.5316751"},"EventRecordID":"1047","Correlation":null,"Execution":{"@ProcessID":"0","@ThreadID":"0"},"Channel":"Windows PowerShell","Computer":"Server002","Security":null},"EventData":{"Data":"Function, Started, \tProviderName=Function\r\n\tNewProviderState=Started\r\n\r\n\tSequenceNumber=9\r\n\r\n\tHostName=ConsoleHost\r\n\tHostVersion=5.1.19041.5007\r\n\tHostId=b1dd5b35-9c5c-46ae-b7ab-4095386e9b02\r\n\tHostApplication=powershell.exe &amp; {$folderarray = @(\"Desktop\", \"Downloads\", \"Documents\", \"AppData/Local\", \"AppData/Roaming\")\r\nGet-ChildItem -Path $env:homedrive -ErrorAction SilentlyContinue | Out-File -append $env:temp\\dataTest5.txt\r\nGet-ChildItem -Path $env:programfiles -erroraction silentlycontinue | Out-File -append $env:temp\\dataTest5.txt\r\nGet-ChildItem -Path \"${env:ProgramFiles(x86)}\" -erroraction silentlycontinue | Out-File -append $env:temp\\dataTest5.txt\r\n$UsersFolder = \"$env:homedrive\\Users\\\"\r\nforeach ($directory in Get-ChildItem -Path $UsersFolder -ErrorAction SilentlyContinue) \r\n{\r\nforeach ($secondarydirectory in $folderarray)\r\n {Get-ChildItem -Path \"$UsersFolder/$directory/$secondarydirectory\" -ErrorAction SilentlyContinue | Out-File -append $env:temp\\dataTest5.txt}\r\n}\r\ncat $env:temp\\dataTest5.txt}\r\n\tEngineVersion=\r\n\tRunspaceId=\r\n\tPipelineId=\r\n\tCommandName=\r\n\tCommandType=\r\n\tScriptName=\r\n\tCommandPath=\r\n\tCommandLine=","Binary":""}}}
{"Event":{"System":{"Provider":{"@Name":"PowerShell"},"EventID":{"@Qualifiers":"0","#text":"600"},"Version":"0","Level":"4","Task":"6","Opcode":"0","Keywords":"0x80000000000000","TimeCreated":{"@SystemTime":"2024-10-23 19:01:49.5536785"},"EventRecordID":"1048","Correlation":null,"Execution":{"@ProcessID":"0","@ThreadID":"0"},"Channel":"Windows PowerShell","Computer":"Server002","Security":null},"EventData":{"Data":"Variable, Started, \tProviderName=Variable\r\n\tNewProviderState=Started\r\n\r\n\tSequenceNumber=11\r\n\r\n\tHostName=ConsoleHost\r\n\tHostVersion=5.1.19041.5007\r\n\tHostId=b1dd5b35-9c5c-46ae-b7ab-4095386e9b02\r\n\tHostApplication=powershell.exe &amp; {$folderarray = @(\"Desktop\", \"Downloads\", \"Documents\", \"AppData/Local\", \"AppData/Roaming\")\r\nGet-ChildItem -Path $env:homedrive -ErrorAction SilentlyContinue | Out-File -append $env:temp\\dataTest5.txt\r\nGet-ChildItem -Path $env:programfiles -erroraction silentlycontinue | Out-File -append $env:temp\\dataTest5.txt\r\nGet-ChildItem -Path \"${env:ProgramFiles(x86)}\" -erroraction silentlycontinue | Out-File -append $env:temp\\dataTest5.txt\r\n$UsersFolder = \"$env:homedrive\\Users\\\"\r\nforeach ($directory in Get-ChildItem -Path $UsersFolder -ErrorAction SilentlyContinue) \r\n{\r\nforeach ($secondarydirectory in $folderarray)\r\n {Get-ChildItem -Path \"$UsersFolder/$directory/$secondarydirectory\" -ErrorAction SilentlyContinue | Out-File -append $env:temp\\dataTest5.txt}\r\n}\r\ncat $env:temp\\dataTest5.txt}\r\n\tEngineVersion=\r\n\tRunspaceId=\r\n\tPipelineId=\r\n\tCommandName=\r\n\tCommandType=\r\n\tScriptName=\r\n\tCommandPath=\r\n\tCommandLine=","Binary":""}}}
{"Event":{"System":{"Provider":{"@Name":"PowerShell"},"EventID":{"@Qualifiers":"0","#text":"400"},"Version":"0","Level":"4","Task":"4","Opcode":"0","Keywords":"0x80000000000000","TimeCreated":{"@SystemTime":"2024-10-23 19:01:49.7128351"},"EventRecordID":"1049","Correlation":null,"Execution":{"@ProcessID":"0","@ThreadID":"0"},"Channel":"Windows PowerShell","Computer":"Server002","Security":null},"EventData":{"Data":"Available, None, \tNewEngineState=Available\r\n\tPreviousEngineState=None\r\n\r\n\tSequenceNumber=13\r\n\r\n\tHostName=ConsoleHost\r\n\tHostVersion=5.1.19041.5007\r\n\tHostId=b1dd5b35-9c5c-46ae-b7ab-4095386e9b02\r\n\tHostApplication=powershell.exe &amp; {$folderarray = @(\"Desktop\", \"Downloads\", \"Documents\", \"AppData/Local\", \"AppData/Roaming\")\r\nGet-ChildItem -Path $env:homedrive -ErrorAction SilentlyContinue | Out-File -append $env:temp\\dataTest5.txt\r\nGet-ChildItem -Path $env:programfiles -erroraction silentlycontinue | Out-File -append $env:temp\\dataTest5.txt\r\nGet-ChildItem -Path \"${env:ProgramFiles(x86)}\" -erroraction silentlycontinue | Out-File -append $env:temp\\dataTest5.txt\r\n$UsersFolder = \"$env:homedrive\\Users\\\"\r\nforeach ($directory in Get-ChildItem -Path $UsersFolder -ErrorAction SilentlyContinue) \r\n{\r\nforeach ($secondarydirectory in $folderarray)\r\n {Get-ChildItem -Path \"$UsersFolder/$directory/$secondarydirectory\" -ErrorAction SilentlyContinue | Out-File -append $env:temp\\dataTest5.txt}\r\n}\r\ncat $env:temp\\dataTest5.txt}\r\n\tEngineVersion=5.1.19041.5007\r\n\tRunspaceId=7bc55d7a-40d9-4c06-9bad-c22c006a5e08\r\n\tPipelineId=\r\n\tCommandName=\r\n\tCommandType=\r\n\tScriptName=\r\n\tCommandPath=\r\n\tCommandLine=","Binary":""}}}
{"Event":{"System":{"Provider":{"@Name":"PowerShell"},"EventID":{"@Qualifiers":"0","#text":"403"},"Version":"0","Level":"4","Task":"4","Opcode":"0","Keywords":"0x80000000000000","TimeCreated":{"@SystemTime":"2024-10-23 19:01:51.4023969"},"EventRecordID":"1050","Correlation":null,"Execution":{"@ProcessID":"0","@ThreadID":"0"},"Channel":"Windows PowerShell","Computer":"Server002","Security":null},"EventData":{"Data":"Stopped, Available, \tNewEngineState=Stopped\r\n\tPreviousEngineState=Available\r\n\r\n\tSequenceNumber=15\r\n\r\n\tHostName=ConsoleHost\r\n\tHostVersion=5.1.19041.5007\r\n\tHostId=b1dd5b35-9c5c-46ae-b7ab-4095386e9b02\r\n\tHostApplication=powershell.exe &amp; {$folderarray = @(\"Desktop\", \"Downloads\", \"Documents\", \"AppData/Local\", \"AppData/Roaming\")\r\nGet-ChildItem -Path $env:homedrive -ErrorAction SilentlyContinue | Out-File -append $env:temp\\dataTest5.txt\r\nGet-ChildItem -Path $env:programfiles -erroraction silentlycontinue | Out-File -append $env:temp\\dataTest5.txt\r\nGet-ChildItem -Path \"${env:ProgramFiles(x86)}\" -erroraction silentlycontinue | Out-File -append $env:temp\\dataTest5.txt\r\n$UsersFolder = \"$env:homedrive\\Users\\\"\r\nforeach ($directory in Get-ChildItem -Path $UsersFolder -ErrorAction SilentlyContinue) \r\n{\r\nforeach ($secondarydirectory in $folderarray)\r\n {Get-ChildItem -Path \"$UsersFolder/$directory/$secondarydirectory\" -ErrorAction SilentlyContinue | Out-File -append $env:temp\\dataTest5.txt}\r\n}\r\ncat $env:temp\\dataTest5.txt}\r\n\tEngineVersion=5.1.19041.5007\r\n\tRunspaceId=7bc55d7a-40d9-4c06-9bad-c22c006a5e08\r\n\tPipelineId=\r\n\tCommandName=\r\n\tCommandType=\r\n\tScriptName=\r\n\tCommandPath=\r\n\tCommandLine=","Binary":""}}}
