{"Event":{"System":{"Provider":{"@Name":"Microsoft-Windows-Sysmon","@Guid":"5770385f-c22a-43e0-bf4c-06f5698ffbd9"},"EventID":"1","Version":"5","Level":"4","Task":"1","Opcode":"0","Keywords":"0x8000000000000000","TimeCreated":{"@SystemTime":"2024-10-26 17:25:27.6337126"},"EventRecordID":"18151","Correlation":null,"Execution":{"@ProcessID":"3292","@ThreadID":"2920"},"Channel":"Microsoft-Windows-Sysmon/Operational","Computer":"Server002","Security":{"@UserID":"S-1-5-18"}},"EventData":{"Data":[{"@Name":"RuleName","#text":"-"},{"@Name":"UtcTime","#text":"2024-10-26 17:25:27.632"},{"@Name":"ProcessGuid","#text":"dbf410b3-2607-671d-2d01-000000003900"},{"@Name":"ProcessId","#text":"2496"},{"@Name":"Image","#text":"C:\\Windows\\System32\\msiexec.exe"},{"@Name":"FileVersion","#text":"5.0.19041.4651 (WinBuild.160101.0800)"},{"@Name":"Description","#text":"Windows® installer"},{"@Name":"Product","#text":"Windows Installer - Unicode"},{"@Name":"Company","#text":"Microsoft Corporation"},{"@Name":"OriginalFileName","#text":"msiexec.exe"},{"@Name":"CommandLine","#text":"\"C:\\Windows\\System32\\msiexec.exe\" /x {4011606E-CB2A-46D7-8A5E-7EF535C3DEA7} /quiet"},{"@Name":"CurrentDirectory","#text":"C:\\Windows\\system32\\"},{"@Name":"User","#text":"NT AUTHORITY\\SYSTEM"},{"@Name":"LogonGuid","#text":"dbf410b3-4128-671d-e703-000000000000"},{"@Name":"LogonId","#text":"0x3E7"},{"@Name":"TerminalSessionId","#text":"0"},{"@Name":"IntegrityLevel","#text":"System"},{"@Name":"Hashes","#text":"SHA256=D53E90AF814F61E09BFF87A883A3B0DCB7DCF883F17A2425A62A2D4B5A9407FB"},{"@Name":"ParentProcessGuid","#text":"dbf410b3-2602-671d-2101-000000003900"},{"@Name":"ParentProcessId","#text":"5072"},{"@Name":"ParentImage","#text":"C:\\Program Files (x86)\\RemotePC\\RPCPrinterDownloader.exe"},{"@Name":"ParentCommandLine","#text":"\"C:\\Program Files (x86)\\RemotePC\\RPCPrinterDownloader.exe\""},{"@Name":"ParentUser","#text":"NT AUTHORITY\\SYSTEM"}]}}}
{"Event":{"System":{"Provider":{"@Name":"Microsoft-Windows-Sysmon","@Guid":"5770385f-c22a-43e0-bf4c-06f5698ffbd9"},"EventID":"5","Version":"3","Level":"4","Task":"5","Opcode":"0","Keywords":"0x8000000000000000","TimeCreated":{"@SystemTime":"2024-10-26 17:25:27.6687858"},"EventRecordID":"18152","Correlation":null,"Execution":{"@ProcessID":"3292","@ThreadID":"2920"},"Channel":"Microsoft-Windows-Sysmon/Operational","Computer":"Server002","Security":{"@UserID":"S-1-5-18"}},"EventData":{"Data":[{"@Name":"RuleName","#text":"-"},{"@Name":"UtcTime","#text":"2024-10-26 17:25:27.663"},{"@Name":"ProcessGuid","#text":"dbf410b3-2607-671d-2d01-000000003900"},{"@Name":"ProcessId","#text":"2496"},{"@Name":"Image","#text":"C:\\Windows\\System32\\msiexec.exe"},{"@Name":"User","#text":"NT AUTHORITY\\SYSTEM"}]}}}
{"Event":{"System":{"Provider":{"@Name":"Microsoft-Windows-Sysmon","@Guid":"5770385f-c22a-43e0-bf4c-06f5698ffbd9"},"EventID":"1","Version":"5","Level":"4","Task":"1","Opcode":"0","Keywords":"0x8000000000000000","TimeCreated":{"@SystemTime":"2024-10-26 17:25:27.6822972"},"EventRecordID":"18153","Correlation":null,"Execution":{"@ProcessID":"3292","@ThreadID":"2920"},"Channel":"Microsoft-Windows-Sysmon/Operational","Computer":"Server002","Security":{"@UserID":"S-1-5-18"}},"EventData":{"Data":[{"@Name":"RuleName","#text":"-"},{"@Name":"UtcTime","#text":"2024-10-26 17:25:27.677"},{"@Name":"ProcessGuid","#text":"dbf410b3-2607-671d-2e01-000000003900"},{"@Name":"ProcessId","#text":"2484"},{"@Name":"Image","#text":"C:\\Windows\\System32\\msiexec.exe"},{"@Name":"FileVersion","#text":"5.0.19041.4651 (WinBuild.160101.0800)"},{"@Name":"Description","#text":"Windows® installer"},{"@Name":"Product","#text":"Windows Installer - Unicode"},{"@Name":"Company","#text":"Microsoft Corporation"},{"@Name":"OriginalFileName","#text":"msiexec.exe"},{"@Name":"CommandLine","#text":"\"C:\\Windows\\System32\\msiexec.exe\" /x {AA4B39D8-F8D7-43D2-9797-4E887760E360} /quiet"},{"@Name":"CurrentDirectory","#text":"C:\\Windows\\system32\\"},{"@Name":"User","#text":"NT AUTHORITY\\SYSTEM"},{"@Name":"LogonGuid","#text":"dbf410b3-4128-671d-e703-000000000000"},{"@Name":"LogonId","#text":"0x3E7"},{"@Name":"TerminalSessionId","#text":"0"},{"@Name":"IntegrityLevel","#text":"System"},{"@Name":"Hashes","#text":"SHA256=D53E90AF814F61E09BFF87A883A3B0DCB7DCF883F17A2425A62A2D4B5A9407FB"},{"@Name":"ParentProcessGuid","#text":"dbf410b3-2602-671d-2101-000000003900"},{"@Name":"ParentProcessId","#text":"5072"},{"@Name":"ParentImage","#text":"C:\\Program Files (x86)\\RemotePC\\RPCPrinterDownloader.exe"},{"@Name":"ParentCommandLine","#text":"\"C:\\Program Files (x86)\\RemotePC\\RPCPrinterDownloader.exe\""},{"@Name":"ParentUser","#text":"NT AUTHORITY\\SYSTEM"}]}}}
{"Event":{"System":{"Provider":{"@Name":"Microsoft-Windows-Sysmon","@Guid":"5770385f-c22a-43e0-bf4c-06f5698ffbd9"},"EventID":"5","Version":"3","Level":"4","Task":"5","Opcode":"0","Keywords":"0x8000000000000000","TimeCreated":{"@SystemTime":"2024-10-26 17:25:27.7219224"},"EventRecordID":"18154","Correlation":null,"Execution":{"@ProcessID":"3292","@ThreadID":"2920"},"Channel":"Microsoft-Windows-Sysmon/Operational","Computer":"Server002","Security":{"@UserID":"S-1-5-18"}},"EventData":{"Data":[{"@Name":"RuleName","#text":"-"},{"@Name":"UtcTime","#text":"2024-10-26 17:25:27.716"},{"@Name":"ProcessGuid","#text":"dbf410b3-2607-671d-2e01-000000003900"},{"@Name":"ProcessId","#text":"2484"},{"@Name":"Image","#text":"C:\\Windows\\System32\\msiexec.exe"},{"@Name":"User","#text":"NT AUTHORITY\\SYSTEM"}]}}}
{"Event":{"System":{"Provider":{"@Name":"Microsoft-Windows-Sysmon","@Guid":"5770385f-c22a-43e0-bf4c-06f5698ffbd9"},"EventID":"1","Version":"5","Level":"4","Task":"1","Opcode":"0","Keywords":"0x8000000000000000","TimeCreated":{"@SystemTime":"2024-10-26 17:25:27.7326820"},"EventRecordID":"18155","Correlation":null,"Execution":{"@ProcessID":"3292","@ThreadID":"2920"},"Channel":"Microsoft-Windows-Sysmon/Operational","Computer":"Server002","Security":{"@UserID":"S-1-5-18"}},"EventData":{"Data":[{"@Name":"RuleName","#text":"-"},{"@Name":"UtcTime","#text":"2024-10-26 17:25:27.730"},{"@Name":"ProcessGuid","#text":"dbf410b3-2607-671d-2f01-000000003900"},{"@Name":"ProcessId","#text":"6656"},{"@Name":"Image","#text":"C:\\Windows\\System32\\msiexec.exe"},{"@Name":"FileVersion","#text":"5.0.19041.4651 (WinBuild.160101.0800)"},{"@Name":"Description","#text":"Windows® installer"},{"@Name":"Product","#text":"Windows Installer - Unicode"},{"@Name":"Company","#text":"Microsoft Corporation"},{"@Name":"OriginalFileName","#text":"msiexec.exe"},{"@Name":"CommandLine","#text":"\"C:\\Windows\\System32\\msiexec.exe\" /x {AA4B39D8-F8D7-43D2-9797-4E887760E360} /quiet"},{"@Name":"CurrentDirectory","#text":"C:\\Windows\\system32\\"},{"@Name":"User","#text":"NT AUTHORITY\\SYSTEM"},{"@Name":"LogonGuid","#text":"dbf410b3-4128-671d-e703-000000000000"},{"@Name":"LogonId","#text":"0x3E7"},{"@Name":"TerminalSessionId","#text":"0"},{"@Name":"IntegrityLevel","#text":"System"},{"@Name":"Hashes","#text":"SHA256=D53E90AF814F61E09BFF87A883A3B0DCB7DCF883F17A2425A62A2D4B5A9407FB"},{"@Name":"ParentProcessGuid","#text":"dbf410b3-2602-671d-2101-000000003900"},{"@Name":"ParentProcessId","#text":"5072"},{"@Name":"ParentImage","#text":"C:\\Program Files (x86)\\RemotePC\\RPCPrinterDownloader.exe"},{"@Name":"ParentCommandLine","#text":"\"C:\\Program Files (x86)\\RemotePC\\RPCPrinterDownloader.exe\""},{"@Name":"ParentUser","#text":"NT AUTHORITY\\SYSTEM"}]}}}
{"Event":{"System":{"Provider":{"@Name":"Microsoft-Windows-Sysmon","@Guid":"5770385f-c22a-43e0-bf4c-06f5698ffbd9"},"EventID":"5","Version":"3","Level":"4","Task":"5","Opcode":"0","Keywords":"0x8000000000000000","TimeCreated":{"@SystemTime":"2024-10-26 17:25:27.7747320"},"EventRecordID":"18156","Correlation":null,"Execution":{"@ProcessID":"3292","@ThreadID":"2920"},"Channel":"Microsoft-Windows-Sysmon/Operational","Computer":"Server002","Security":{"@UserID":"S-1-5-18"}},"EventData":{"Data":[{"@Name":"RuleName","#text":"-"},{"@Name":"UtcTime","#text":"2024-10-26 17:25:27.772"},{"@Name":"ProcessGuid","#text":"dbf410b3-2607-671d-2f01-000000003900"},{"@Name":"ProcessId","#text":"6656"},{"@Name":"Image","#text":"C:\\Windows\\System32\\msiexec.exe"},{"@Name":"User","#text":"NT AUTHORITY\\SYSTEM"}]}}}
{"Event":{"System":{"Provider":{"@Name":"Microsoft-Windows-Sysmon","@Guid":"5770385f-c22a-43e0-bf4c-06f5698ffbd9"},"EventID":"1","Version":"5","Level":"4","Task":"1","Opcode":"0","Keywords":"0x8000000000000000","TimeCreated":{"@SystemTime":"2024-10-26 17:25:27.7856452"},"EventRecordID":"18157","Correlation":null,"Execution":{"@ProcessID":"3292","@ThreadID":"2920"},"Channel":"Microsoft-Windows-Sysmon/Operational","Computer":"Server002","Security":{"@UserID":"S-1-5-18"}},"EventData":{"Data":[{"@Name":"RuleName","#text":"-"},{"@Name":"UtcTime","#text":"2024-10-26 17:25:27.780"},{"@Name":"ProcessGuid","#text":"dbf410b3-2607-671d-3001-000000003900"},{"@Name":"ProcessId","#text":"4628"},{"@Name":"Image","#text":"C:\\Windows\\System32\\msiexec.exe"},{"@Name":"FileVersion","#text":"5.0.19041.4651 (WinBuild.160101.0800)"},{"@Name":"Description","#text":"Windows® installer"},{"@Name":"Product","#text":"Windows Installer - Unicode"},{"@Name":"Company","#text":"Microsoft Corporation"},{"@Name":"OriginalFileName","#text":"msiexec.exe"},{"@Name":"CommandLine","#text":"\"C:\\Windows\\System32\\msiexec.exe\" /x {AA4B39D8-F8D7-43D2-9797-4E887760E360} /quiet"},{"@Name":"CurrentDirectory","#text":"C:\\Windows\\system32\\"},{"@Name":"User","#text":"NT AUTHORITY\\SYSTEM"},{"@Name":"LogonGuid","#text":"dbf410b3-4128-671d-e703-000000000000"},{"@Name":"LogonId","#text":"0x3E7"},{"@Name":"TerminalSessionId","#text":"0"},{"@Name":"IntegrityLevel","#text":"System"},{"@Name":"Hashes","#text":"SHA256=D53E90AF814F61E09BFF87A883A3B0DCB7DCF883F17A2425A62A2D4B5A9407FB"},{"@Name":"ParentProcessGuid","#text":"dbf410b3-2602-671d-2101-000000003900"},{"@Name":"ParentProcessId","#text":"5072"},{"@Name":"ParentImage","#text":"C:\\Program Files (x86)\\RemotePC\\RPCPrinterDownloader.exe"},{"@Name":"ParentCommandLine","#text":"\"C:\\Program Files (x86)\\RemotePC\\RPCPrinterDownloader.exe\""},{"@Name":"ParentUser","#text":"NT AUTHORITY\\SYSTEM"}]}}}
{"Event":{"System":{"Provider":{"@Name":"Microsoft-Windows-Sysmon","@Guid":"5770385f-c22a-43e0-bf4c-06f5698ffbd9"},"EventID":"5","Version":"3","Level":"4","Task":"5","Opcode":"0","Keywords":"0x8000000000000000","TimeCreated":{"@SystemTime":"2024-10-26 17:25:27.8959013"},"EventRecordID":"18158","Correlation":null,"Execution":{"@ProcessID":"3292","@ThreadID":"2920"},"Channel":"Microsoft-Windows-Sysmon/Operational","Computer":"Server002","Security":{"@UserID":"S-1-5-18"}},"EventData":{"Data":[{"@Name":"RuleName","#text":"-"},{"@Name":"UtcTime","#text":"2024-10-26 17:25:27.887"},{"@Name":"ProcessGuid","#text":"dbf410b3-2607-671d-3001-000000003900"},{"@Name":"ProcessId","#text":"4628"},{"@Name":"Image","#text":"C:\\Windows\\System32\\msiexec.exe"},{"@Name":"User","#text":"NT AUTHORITY\\SYSTEM"}]}}}
{"Event":{"System":{"Provider":{"@Name":"Microsoft-Windows-Sysmon","@Guid":"5770385f-c22a-43e0-bf4c-06f5698ffbd9"},"EventID":"1","Version":"5","Level":"4","Task":"1","Opcode":"0","Keywords":"0x8000000000000000","TimeCreated":{"@SystemTime":"2024-10-26 17:25:28.4922758"},"EventRecordID":"18159","Correlation":null,"Execution":{"@ProcessID":"3292","@ThreadID":"2920"},"Channel":"Microsoft-Windows-Sysmon/Operational","Computer":"Server002","Security":{"@UserID":"S-1-5-18"}},"EventData":{"Data":[{"@Name":"RuleName","#text":"-"},{"@Name":"UtcTime","#text":"2024-10-26 17:25:28.356"},{"@Name":"ProcessGuid","#text":"dbf410b3-2608-671d-3101-000000003900"},{"@Name":"ProcessId","#text":"1480"},{"@Name":"Image","#text":"C:\\ProgramData\\RemotePC\\Codec\\RemotePCPerformance.exe"},{"@Name":"FileVersion","#text":"1.0.292.0"},{"@Name":"Description","#text":"RemotePCPerformance Setup"},{"@Name":"Product","#text":"RemotePCPerformance"},{"@Name":"Company","#text":"IDrive Inc"},{"@Name":"OriginalFileName","#text":"-"},{"@Name":"CommandLine","#text":"\"C:\\ProgramData\\RemotePC\\Codec\\RemotePCPerformance.exe\"  /S /D=C:\\Program Files (x86)\\RemotePC\\RemotePCPerformance"},{"@Name":"CurrentDirectory","#text":"C:\\Windows\\system32\\"},{"@Name":"User","#text":"NT AUTHORITY\\SYSTEM"},{"@Name":"LogonGuid","#text":"dbf410b3-4128-671d-e703-000000000000"},{"@Name":"LogonId","#text":"0x3E7"},{"@Name":"TerminalSessionId","#text":"0"},{"@Name":"IntegrityLevel","#text":"System"},{"@Name":"Hashes","#text":"SHA256=89CB53759FD725A0082A2BC5B75090FAD08ACA28F8EEE0F76C5FE3AA05628B46"},{"@Name":"ParentProcessGuid","#text":"dbf410b3-2602-671d-2001-000000003900"},{"@Name":"ParentProcessId","#text":"2328"},{"@Name":"ParentImage","#text":"C:\\Program Files (x86)\\RemotePC\\RPCDownloader.exe"},{"@Name":"ParentCommandLine","#text":"codec"},{"@Name":"ParentUser","#text":"NT AUTHORITY\\SYSTEM"}]}}}
{"Event":{"System":{"Provider":{"@Name":"Microsoft-Windows-Sysmon","@Guid":"5770385f-c22a-43e0-bf4c-06f5698ffbd9"},"EventID":"1","Version":"5","Level":"4","Task":"1","Opcode":"0","Keywords":"0x8000000000000000","TimeCreated":{"@SystemTime":"2024-10-26 17:25:29.5729791"},"EventRecordID":"18160","Correlation":null,"Execution":{"@ProcessID":"3292","@ThreadID":"2920"},"Channel":"Microsoft-Windows-Sysmon/Operational","Computer":"Server002","Security":{"@UserID":"S-1-5-18"}},"EventData":{"Data":[{"@Name":"RuleName","#text":"-"},{"@Name":"UtcTime","#text":"2024-10-26 17:25:29.560"},{"@Name":"ProcessGuid","#text":"dbf410b3-2609-671d-3201-000000003900"},{"@Name":"ProcessId","#text":"3468"},{"@Name":"Image","#text":"C:\\Windows\\System32\\SecurityHealthService.exe"},{"@Name":"FileVersion","#text":"4.18.1907.16384 (WinBuild.160101.0800)"},{"@Name":"Description","#text":"Windows Security Health Service"},{"@Name":"Product","#text":"Microsoft® Windows® Operating System"},{"@Name":"Company","#text":"Microsoft Corporation"},{"@Name":"OriginalFileName","#text":"SecurityHealthService.exe"},{"@Name":"CommandLine","#text":"C:\\Windows\\system32\\SecurityHealthService.exe"},{"@Name":"CurrentDirectory","#text":"C:\\Windows\\system32\\"},{"@Name":"User","#text":"NT AUTHORITY\\SYSTEM"},{"@Name":"LogonGuid","#text":"dbf410b3-4128-671d-e703-000000000000"},{"@Name":"LogonId","#text":"0x3E7"},{"@Name":"TerminalSessionId","#text":"0"},{"@Name":"IntegrityLevel","#text":"System"},{"@Name":"Hashes","#text":"SHA256=B9238370F551997A3054213D945B5AA76605492CF85E90AF37147566B4E700AC"},{"@Name":"ParentProcessGuid","#text":"00000000-0000-0000-0000-000000000000"},{"@Name":"ParentProcessId","#text":"672"},{"@Name":"ParentImage","#text":"-"},{"@Name":"ParentCommandLine","#text":"-"},{"@Name":"ParentUser","#text":"-"}]}}}
{"Event":{"System":{"Provider":{"@Name":"Microsoft-Windows-Sysmon","@Guid":"5770385f-c22a-43e0-bf4c-06f5698ffbd9"},"EventID":"5","Version":"3","Level":"4","Task":"5","Opcode":"0","Keywords":"0x8000000000000000","TimeCreated":{"@SystemTime":"2024-10-26 17:25:29.5746914"},"EventRecordID":"18161","Correlation":null,"Execution":{"@ProcessID":"3292","@ThreadID":"2920"},"Channel":"Microsoft-Windows-Sysmon/Operational","Computer":"Server002","Security":{"@UserID":"S-1-5-18"}},"EventData":{"Data":[{"@Name":"RuleName","#text":"-"},{"@Name":"UtcTime","#text":"2024-10-26 17:25:29.573"},{"@Name":"ProcessGuid","#text":"dbf410b3-25fa-671d-ea00-000000003900"},{"@Name":"ProcessId","#text":"2348"},{"@Name":"Image","#text":"C:\\Windows\\System32\\DeviceCensus.exe"},{"@Name":"User","#text":"NT AUTHORITY\\SYSTEM"}]}}}
{"Event":{"System":{"Provider":{"@Name":"Microsoft-Windows-Sysmon","@Guid":"5770385f-c22a-43e0-bf4c-06f5698ffbd9"},"EventID":"1","Version":"5","Level":"4","Task":"1","Opcode":"0","Keywords":"0x8000000000000000","TimeCreated":{"@SystemTime":"2024-10-26 17:25:30.2163114"},"EventRecordID":"18162","Correlation":null,"Execution":{"@ProcessID":"3292","@ThreadID":"2920"},"Channel":"Microsoft-Windows-Sysmon/Operational","Computer":"Server002","Security":{"@UserID":"S-1-5-18"}},"EventData":{"Data":[{"@Name":"RuleName","#text":"-"},{"@Name":"UtcTime","#text":"2024-10-26 17:25:30.212"},{"@Name":"ProcessGuid","#text":"dbf410b3-260a-671d-3301-000000003900"},{"@Name":"ProcessId","#text":"5496"},{"@Name":"Image","#text":"C:\\Program Files (x86)\\RemotePC\\RemotePCLauncher.exe"},{"@Name":"FileVersion","#text":"1.0.0.0"},{"@Name":"Description","#text":"RemotePC"},{"@Name":"Product","#text":"RemotePC"},{"@Name":"Company","#text":"-"},{"@Name":"OriginalFileName","#text":"RemotePCLauncher.exe"},{"@Name":"CommandLine","#text":"\"C:\\Program Files (x86)\\RemotePC\\RemotePCLauncher.exe\" 4"},{"@Name":"CurrentDirectory","#text":"C:\\Program Files (x86)\\RemotePC\\"},{"@Name":"User","#text":"SERVER002\\admin_test"},{"@Name":"LogonGuid","#text":"dbf410b3-2593-671d-3fb1-130000000000"},{"@Name":"LogonId","#text":"0x13B13F"},{"@Name":"TerminalSessionId","#text":"0"},{"@Name":"IntegrityLevel","#text":"High"},{"@Name":"Hashes","#text":"SHA256=95A34419B63D7F0C891885C5C5F169635117259EAE058A6AF9F41446CF8C7DF1"},{"@Name":"ParentProcessGuid","#text":"dbf410b3-2605-671d-2a01-000000003900"},{"@Name":"ParentProcessId","#text":"3924"},{"@Name":"ParentImage","#text":"C:\\Program Files (x86)\\RemotePC\\RemotePCUIU.exe"},{"@Name":"ParentCommandLine","#text":"\"C:\\Program Files (x86)\\RemotePC\\RemotePCUIU.exe\" "},{"@Name":"ParentUser","#text":"SERVER002\\admin_test"}]}}}
{"Event":{"System":{"Provider":{"@Name":"Microsoft-Windows-Sysmon","@Guid":"5770385f-c22a-43e0-bf4c-06f5698ffbd9"},"EventID":"5","Version":"3","Level":"4","Task":"5","Opcode":"0","Keywords":"0x8000000000000000","TimeCreated":{"@SystemTime":"2024-10-26 17:25:30.4055863"},"EventRecordID":"18163","Correlation":null,"Execution":{"@ProcessID":"3292","@ThreadID":"2920"},"Channel":"Microsoft-Windows-Sysmon/Operational","Computer":"Server002","Security":{"@UserID":"S-1-5-18"}},"EventData":{"Data":[{"@Name":"RuleName","#text":"-"},{"@Name":"UtcTime","#text":"2024-10-26 17:25:30.402"},{"@Name":"ProcessGuid","#text":"dbf410b3-260a-671d-3301-000000003900"},{"@Name":"ProcessId","#text":"5496"},{"@Name":"Image","#text":"C:\\Program Files (x86)\\RemotePC\\RemotePCLauncher.exe"},{"@Name":"User","#text":"SERVER002\\admin_test"}]}}}
