{"Event":{"System":{"Provider":{"@Name":"PowerShell"},"EventID":{"@Qualifiers":"0","#text":"600"},"Version":"0","Level":"4","Task":"6","Opcode":"0","Keywords":"0x80000000000000","TimeCreated":{"@SystemTime":"2024-10-25 21:34:44.6284745"},"EventRecordID":"1091","Correlation":null,"Execution":{"@ProcessID":"0","@ThreadID":"0"},"Channel":"Windows PowerShell","Computer":"Server002","Security":null},"EventData":{"Data":"Registry, Started, \tProviderName=Registry\r\n\tNewProviderState=Started\r\n\r\n\tSequenceNumber=1\r\n\r\n\tHostName=ConsoleHost\r\n\tHostVersion=5.1.19041.5007\r\n\tHostId=7c106d90-17a4-4d32-9373-42dbbfcaa5c7\r\n\tHostApplication=powershell.exe &amp; {C:\\Windows\\System32\\diskshadow.exe -S C:\\Users\\ADMIN_~1\\AppData\\Local\\Temp\\AtomicRedTeam\\T1218\\src\\T1218.txt}\r\n\tEngineVersion=\r\n\tRunspaceId=\r\n\tPipelineId=\r\n\tCommandName=\r\n\tCommandType=\r\n\tScriptName=\r\n\tCommandPath=\r\n\tCommandLine=","Binary":""}}}
{"Event":{"System":{"Provider":{"@Name":"PowerShell"},"EventID":{"@Qualifiers":"0","#text":"600"},"Version":"0","Level":"4","Task":"6","Opcode":"0","Keywords":"0x80000000000000","TimeCreated":{"@SystemTime":"2024-10-25 21:34:44.6315696"},"EventRecordID":"1092","Correlation":null,"Execution":{"@ProcessID":"0","@ThreadID":"0"},"Channel":"Windows PowerShell","Computer":"Server002","Security":null},"EventData":{"Data":"Alias, Started, \tProviderName=Alias\r\n\tNewProviderState=Started\r\n\r\n\tSequenceNumber=3\r\n\r\n\tHostName=ConsoleHost\r\n\tHostVersion=5.1.19041.5007\r\n\tHostId=7c106d90-17a4-4d32-9373-42dbbfcaa5c7\r\n\tHostApplication=powershell.exe &amp; {C:\\Windows\\System32\\diskshadow.exe -S C:\\Users\\ADMIN_~1\\AppData\\Local\\Temp\\AtomicRedTeam\\T1218\\src\\T1218.txt}\r\n\tEngineVersion=\r\n\tRunspaceId=\r\n\tPipelineId=\r\n\tCommandName=\r\n\tCommandType=\r\n\tScriptName=\r\n\tCommandPath=\r\n\tCommandLine=","Binary":""}}}
{"Event":{"System":{"Provider":{"@Name":"PowerShell"},"EventID":{"@Qualifiers":"0","#text":"600"},"Version":"0","Level":"4","Task":"6","Opcode":"0","Keywords":"0x80000000000000","TimeCreated":{"@SystemTime":"2024-10-25 21:34:44.6315696"},"EventRecordID":"1093","Correlation":null,"Execution":{"@ProcessID":"0","@ThreadID":"0"},"Channel":"Windows PowerShell","Computer":"Server002","Security":null},"EventData":{"Data":"Environment, Started, \tProviderName=Environment\r\n\tNewProviderState=Started\r\n\r\n\tSequenceNumber=5\r\n\r\n\tHostName=ConsoleHost\r\n\tHostVersion=5.1.19041.5007\r\n\tHostId=7c106d90-17a4-4d32-9373-42dbbfcaa5c7\r\n\tHostApplication=powershell.exe &amp; {C:\\Windows\\System32\\diskshadow.exe -S C:\\Users\\ADMIN_~1\\AppData\\Local\\Temp\\AtomicRedTeam\\T1218\\src\\T1218.txt}\r\n\tEngineVersion=\r\n\tRunspaceId=\r\n\tPipelineId=\r\n\tCommandName=\r\n\tCommandType=\r\n\tScriptName=\r\n\tCommandPath=\r\n\tCommandLine=","Binary":""}}}
{"Event":{"System":{"Provider":{"@Name":"PowerShell"},"EventID":{"@Qualifiers":"0","#text":"600"},"Version":"0","Level":"4","Task":"6","Opcode":"0","Keywords":"0x80000000000000","TimeCreated":{"@SystemTime":"2024-10-25 21:34:44.6541348"},"EventRecordID":"1094","Correlation":null,"Execution":{"@ProcessID":"0","@ThreadID":"0"},"Channel":"Windows PowerShell","Computer":"Server002","Security":null},"EventData":{"Data":"FileSystem, Started, \tProviderName=FileSystem\r\n\tNewProviderState=Started\r\n\r\n\tSequenceNumber=7\r\n\r\n\tHostName=ConsoleHost\r\n\tHostVersion=5.1.19041.5007\r\n\tHostId=7c106d90-17a4-4d32-9373-42dbbfcaa5c7\r\n\tHostApplication=powershell.exe &amp; {C:\\Windows\\System32\\diskshadow.exe -S C:\\Users\\ADMIN_~1\\AppData\\Local\\Temp\\AtomicRedTeam\\T1218\\src\\T1218.txt}\r\n\tEngineVersion=\r\n\tRunspaceId=\r\n\tPipelineId=\r\n\tCommandName=\r\n\tCommandType=\r\n\tScriptName=\r\n\tCommandPath=\r\n\tCommandLine=","Binary":""}}}
{"Event":{"System":{"Provider":{"@Name":"PowerShell"},"EventID":{"@Qualifiers":"0","#text":"600"},"Version":"0","Level":"4","Task":"6","Opcode":"0","Keywords":"0x80000000000000","TimeCreated":{"@SystemTime":"2024-10-25 21:34:44.6558568"},"EventRecordID":"1095","Correlation":null,"Execution":{"@ProcessID":"0","@ThreadID":"0"},"Channel":"Windows PowerShell","Computer":"Server002","Security":null},"EventData":{"Data":"Function, Started, \tProviderName=Function\r\n\tNewProviderState=Started\r\n\r\n\tSequenceNumber=9\r\n\r\n\tHostName=ConsoleHost\r\n\tHostVersion=5.1.19041.5007\r\n\tHostId=7c106d90-17a4-4d32-9373-42dbbfcaa5c7\r\n\tHostApplication=powershell.exe &amp; {C:\\Windows\\System32\\diskshadow.exe -S C:\\Users\\ADMIN_~1\\AppData\\Local\\Temp\\AtomicRedTeam\\T1218\\src\\T1218.txt}\r\n\tEngineVersion=\r\n\tRunspaceId=\r\n\tPipelineId=\r\n\tCommandName=\r\n\tCommandType=\r\n\tScriptName=\r\n\tCommandPath=\r\n\tCommandLine=","Binary":""}}}
{"Event":{"System":{"Provider":{"@Name":"PowerShell"},"EventID":{"@Qualifiers":"0","#text":"600"},"Version":"0","Level":"4","Task":"6","Opcode":"0","Keywords":"0x80000000000000","TimeCreated":{"@SystemTime":"2024-10-25 21:34:44.6569315"},"EventRecordID":"1096","Correlation":null,"Execution":{"@ProcessID":"0","@ThreadID":"0"},"Channel":"Windows PowerShell","Computer":"Server002","Security":null},"EventData":{"Data":"Variable, Started, \tProviderName=Variable\r\n\tNewProviderState=Started\r\n\r\n\tSequenceNumber=11\r\n\r\n\tHostName=ConsoleHost\r\n\tHostVersion=5.1.19041.5007\r\n\tHostId=7c106d90-17a4-4d32-9373-42dbbfcaa5c7\r\n\tHostApplication=powershell.exe &amp; {C:\\Windows\\System32\\diskshadow.exe -S C:\\Users\\ADMIN_~1\\AppData\\Local\\Temp\\AtomicRedTeam\\T1218\\src\\T1218.txt}\r\n\tEngineVersion=\r\n\tRunspaceId=\r\n\tPipelineId=\r\n\tCommandName=\r\n\tCommandType=\r\n\tScriptName=\r\n\tCommandPath=\r\n\tCommandLine=","Binary":""}}}
{"Event":{"System":{"Provider":{"@Name":"PowerShell"},"EventID":{"@Qualifiers":"0","#text":"400"},"Version":"0","Level":"4","Task":"4","Opcode":"0","Keywords":"0x80000000000000","TimeCreated":{"@SystemTime":"2024-10-25 21:34:44.9099785"},"EventRecordID":"1097","Correlation":null,"Execution":{"@ProcessID":"0","@ThreadID":"0"},"Channel":"Windows PowerShell","Computer":"Server002","Security":null},"EventData":{"Data":"Available, None, \tNewEngineState=Available\r\n\tPreviousEngineState=None\r\n\r\n\tSequenceNumber=13\r\n\r\n\tHostName=ConsoleHost\r\n\tHostVersion=5.1.19041.5007\r\n\tHostId=7c106d90-17a4-4d32-9373-42dbbfcaa5c7\r\n\tHostApplication=powershell.exe &amp; {C:\\Windows\\System32\\diskshadow.exe -S C:\\Users\\ADMIN_~1\\AppData\\Local\\Temp\\AtomicRedTeam\\T1218\\src\\T1218.txt}\r\n\tEngineVersion=5.1.19041.5007\r\n\tRunspaceId=977be96b-ab75-4d77-b9cc-afd585e61fc3\r\n\tPipelineId=\r\n\tCommandName=\r\n\tCommandType=\r\n\tScriptName=\r\n\tCommandPath=\r\n\tCommandLine=","Binary":""}}}
{"Event":{"System":{"Provider":{"@Name":"PowerShell"},"EventID":{"@Qualifiers":"0","#text":"403"},"Version":"0","Level":"4","Task":"4","Opcode":"0","Keywords":"0x80000000000000","TimeCreated":{"@SystemTime":"2024-10-25 21:34:45.8368981"},"EventRecordID":"1098","Correlation":null,"Execution":{"@ProcessID":"0","@ThreadID":"0"},"Channel":"Windows PowerShell","Computer":"Server002","Security":null},"EventData":{"Data":"Stopped, Available, \tNewEngineState=Stopped\r\n\tPreviousEngineState=Available\r\n\r\n\tSequenceNumber=15\r\n\r\n\tHostName=ConsoleHost\r\n\tHostVersion=5.1.19041.5007\r\n\tHostId=7c106d90-17a4-4d32-9373-42dbbfcaa5c7\r\n\tHostApplication=powershell.exe &amp; {C:\\Windows\\System32\\diskshadow.exe -S C:\\Users\\ADMIN_~1\\AppData\\Local\\Temp\\AtomicRedTeam\\T1218\\src\\T1218.txt}\r\n\tEngineVersion=5.1.19041.5007\r\n\tRunspaceId=977be96b-ab75-4d77-b9cc-afd585e61fc3\r\n\tPipelineId=\r\n\tCommandName=\r\n\tCommandType=\r\n\tScriptName=\r\n\tCommandPath=\r\n\tCommandLine=","Binary":""}}}
