{"Event":{"System":{"Provider":{"@Name":"PowerShell"},"EventID":{"@Qualifiers":"0","#text":"600"},"Version":"0","Level":"4","Task":"6","Opcode":"0","Keywords":"0x80000000000000","TimeCreated":{"@SystemTime":"2024-10-23 20:40:12.4355741"},"EventRecordID":"1043","Correlation":null,"Execution":{"@ProcessID":"0","@ThreadID":"0"},"Channel":"Windows PowerShell","Computer":"Server002","Security":null},"EventData":{"Data":"Registry, Started, \tProviderName=Registry\r\n\tNewProviderState=Started\r\n\r\n\tSequenceNumber=1\r\n\r\n\tHostName=ConsoleHost\r\n\tHostVersion=5.1.19041.5007\r\n\tHostId=abf7610e-b33e-4cf1-94fa-919fd6e42d6e\r\n\tHostApplication=powershell.exe &amp; {net user\r\nget-localuser\r\nget-localgroupmember -group Users\r\ncmdkey.exe /list\r\nls C:/Users\r\nget-childitem C:\\Users\\\r\ndir C:\\Users\\\r\nget-localgroup\r\nnet localgroup}\r\n\tEngineVersion=\r\n\tRunspaceId=\r\n\tPipelineId=\r\n\tCommandName=\r\n\tCommandType=\r\n\tScriptName=\r\n\tCommandPath=\r\n\tCommandLine=","Binary":""}}}
{"Event":{"System":{"Provider":{"@Name":"PowerShell"},"EventID":{"@Qualifiers":"0","#text":"600"},"Version":"0","Level":"4","Task":"6","Opcode":"0","Keywords":"0x80000000000000","TimeCreated":{"@SystemTime":"2024-10-23 20:40:12.4505191"},"EventRecordID":"1044","Correlation":null,"Execution":{"@ProcessID":"0","@ThreadID":"0"},"Channel":"Windows PowerShell","Computer":"Server002","Security":null},"EventData":{"Data":"Alias, Started, \tProviderName=Alias\r\n\tNewProviderState=Started\r\n\r\n\tSequenceNumber=3\r\n\r\n\tHostName=ConsoleHost\r\n\tHostVersion=5.1.19041.5007\r\n\tHostId=abf7610e-b33e-4cf1-94fa-919fd6e42d6e\r\n\tHostApplication=powershell.exe &amp; {net user\r\nget-localuser\r\nget-localgroupmember -group Users\r\ncmdkey.exe /list\r\nls C:/Users\r\nget-childitem C:\\Users\\\r\ndir C:\\Users\\\r\nget-localgroup\r\nnet localgroup}\r\n\tEngineVersion=\r\n\tRunspaceId=\r\n\tPipelineId=\r\n\tCommandName=\r\n\tCommandType=\r\n\tScriptName=\r\n\tCommandPath=\r\n\tCommandLine=","Binary":""}}}
{"Event":{"System":{"Provider":{"@Name":"PowerShell"},"EventID":{"@Qualifiers":"0","#text":"600"},"Version":"0","Level":"4","Task":"6","Opcode":"0","Keywords":"0x80000000000000","TimeCreated":{"@SystemTime":"2024-10-23 20:40:12.4505191"},"EventRecordID":"1045","Correlation":null,"Execution":{"@ProcessID":"0","@ThreadID":"0"},"Channel":"Windows PowerShell","Computer":"Server002","Security":null},"EventData":{"Data":"Environment, Started, \tProviderName=Environment\r\n\tNewProviderState=Started\r\n\r\n\tSequenceNumber=5\r\n\r\n\tHostName=ConsoleHost\r\n\tHostVersion=5.1.19041.5007\r\n\tHostId=abf7610e-b33e-4cf1-94fa-919fd6e42d6e\r\n\tHostApplication=powershell.exe &amp; {net user\r\nget-localuser\r\nget-localgroupmember -group Users\r\ncmdkey.exe /list\r\nls C:/Users\r\nget-childitem C:\\Users\\\r\ndir C:\\Users\\\r\nget-localgroup\r\nnet localgroup}\r\n\tEngineVersion=\r\n\tRunspaceId=\r\n\tPipelineId=\r\n\tCommandName=\r\n\tCommandType=\r\n\tScriptName=\r\n\tCommandPath=\r\n\tCommandLine=","Binary":""}}}
{"Event":{"System":{"Provider":{"@Name":"PowerShell"},"EventID":{"@Qualifiers":"0","#text":"600"},"Version":"0","Level":"4","Task":"6","Opcode":"0","Keywords":"0x80000000000000","TimeCreated":{"@SystemTime":"2024-10-23 20:40:12.4505191"},"EventRecordID":"1046","Correlation":null,"Execution":{"@ProcessID":"0","@ThreadID":"0"},"Channel":"Windows PowerShell","Computer":"Server002","Security":null},"EventData":{"Data":"FileSystem, Started, \tProviderName=FileSystem\r\n\tNewProviderState=Started\r\n\r\n\tSequenceNumber=7\r\n\r\n\tHostName=ConsoleHost\r\n\tHostVersion=5.1.19041.5007\r\n\tHostId=abf7610e-b33e-4cf1-94fa-919fd6e42d6e\r\n\tHostApplication=powershell.exe &amp; {net user\r\nget-localuser\r\nget-localgroupmember -group Users\r\ncmdkey.exe /list\r\nls C:/Users\r\nget-childitem C:\\Users\\\r\ndir C:\\Users\\\r\nget-localgroup\r\nnet localgroup}\r\n\tEngineVersion=\r\n\tRunspaceId=\r\n\tPipelineId=\r\n\tCommandName=\r\n\tCommandType=\r\n\tScriptName=\r\n\tCommandPath=\r\n\tCommandLine=","Binary":""}}}
{"Event":{"System":{"Provider":{"@Name":"PowerShell"},"EventID":{"@Qualifiers":"0","#text":"600"},"Version":"0","Level":"4","Task":"6","Opcode":"0","Keywords":"0x80000000000000","TimeCreated":{"@SystemTime":"2024-10-23 20:40:12.4505191"},"EventRecordID":"1047","Correlation":null,"Execution":{"@ProcessID":"0","@ThreadID":"0"},"Channel":"Windows PowerShell","Computer":"Server002","Security":null},"EventData":{"Data":"Function, Started, \tProviderName=Function\r\n\tNewProviderState=Started\r\n\r\n\tSequenceNumber=9\r\n\r\n\tHostName=ConsoleHost\r\n\tHostVersion=5.1.19041.5007\r\n\tHostId=abf7610e-b33e-4cf1-94fa-919fd6e42d6e\r\n\tHostApplication=powershell.exe &amp; {net user\r\nget-localuser\r\nget-localgroupmember -group Users\r\ncmdkey.exe /list\r\nls C:/Users\r\nget-childitem C:\\Users\\\r\ndir C:\\Users\\\r\nget-localgroup\r\nnet localgroup}\r\n\tEngineVersion=\r\n\tRunspaceId=\r\n\tPipelineId=\r\n\tCommandName=\r\n\tCommandType=\r\n\tScriptName=\r\n\tCommandPath=\r\n\tCommandLine=","Binary":""}}}
{"Event":{"System":{"Provider":{"@Name":"PowerShell"},"EventID":{"@Qualifiers":"0","#text":"600"},"Version":"0","Level":"4","Task":"6","Opcode":"0","Keywords":"0x80000000000000","TimeCreated":{"@SystemTime":"2024-10-23 20:40:12.4656052"},"EventRecordID":"1048","Correlation":null,"Execution":{"@ProcessID":"0","@ThreadID":"0"},"Channel":"Windows PowerShell","Computer":"Server002","Security":null},"EventData":{"Data":"Variable, Started, \tProviderName=Variable\r\n\tNewProviderState=Started\r\n\r\n\tSequenceNumber=11\r\n\r\n\tHostName=ConsoleHost\r\n\tHostVersion=5.1.19041.5007\r\n\tHostId=abf7610e-b33e-4cf1-94fa-919fd6e42d6e\r\n\tHostApplication=powershell.exe &amp; {net user\r\nget-localuser\r\nget-localgroupmember -group Users\r\ncmdkey.exe /list\r\nls C:/Users\r\nget-childitem C:\\Users\\\r\ndir C:\\Users\\\r\nget-localgroup\r\nnet localgroup}\r\n\tEngineVersion=\r\n\tRunspaceId=\r\n\tPipelineId=\r\n\tCommandName=\r\n\tCommandType=\r\n\tScriptName=\r\n\tCommandPath=\r\n\tCommandLine=","Binary":""}}}
{"Event":{"System":{"Provider":{"@Name":"PowerShell"},"EventID":{"@Qualifiers":"0","#text":"400"},"Version":"0","Level":"4","Task":"4","Opcode":"0","Keywords":"0x80000000000000","TimeCreated":{"@SystemTime":"2024-10-23 20:40:12.6262697"},"EventRecordID":"1049","Correlation":null,"Execution":{"@ProcessID":"0","@ThreadID":"0"},"Channel":"Windows PowerShell","Computer":"Server002","Security":null},"EventData":{"Data":"Available, None, \tNewEngineState=Available\r\n\tPreviousEngineState=None\r\n\r\n\tSequenceNumber=13\r\n\r\n\tHostName=ConsoleHost\r\n\tHostVersion=5.1.19041.5007\r\n\tHostId=abf7610e-b33e-4cf1-94fa-919fd6e42d6e\r\n\tHostApplication=powershell.exe &amp; {net user\r\nget-localuser\r\nget-localgroupmember -group Users\r\ncmdkey.exe /list\r\nls C:/Users\r\nget-childitem C:\\Users\\\r\ndir C:\\Users\\\r\nget-localgroup\r\nnet localgroup}\r\n\tEngineVersion=5.1.19041.5007\r\n\tRunspaceId=39805e44-f5d1-4ac2-9593-01c2200e655f\r\n\tPipelineId=\r\n\tCommandName=\r\n\tCommandType=\r\n\tScriptName=\r\n\tCommandPath=\r\n\tCommandLine=","Binary":""}}}
{"Event":{"System":{"Provider":{"@Name":"PowerShell"},"EventID":{"@Qualifiers":"0","#text":"403"},"Version":"0","Level":"4","Task":"4","Opcode":"0","Keywords":"0x80000000000000","TimeCreated":{"@SystemTime":"2024-10-23 20:40:14.2037539"},"EventRecordID":"1050","Correlation":null,"Execution":{"@ProcessID":"0","@ThreadID":"0"},"Channel":"Windows PowerShell","Computer":"Server002","Security":null},"EventData":{"Data":"Stopped, Available, \tNewEngineState=Stopped\r\n\tPreviousEngineState=Available\r\n\r\n\tSequenceNumber=15\r\n\r\n\tHostName=ConsoleHost\r\n\tHostVersion=5.1.19041.5007\r\n\tHostId=abf7610e-b33e-4cf1-94fa-919fd6e42d6e\r\n\tHostApplication=powershell.exe &amp; {net user\r\nget-localuser\r\nget-localgroupmember -group Users\r\ncmdkey.exe /list\r\nls C:/Users\r\nget-childitem C:\\Users\\\r\ndir C:\\Users\\\r\nget-localgroup\r\nnet localgroup}\r\n\tEngineVersion=5.1.19041.5007\r\n\tRunspaceId=39805e44-f5d1-4ac2-9593-01c2200e655f\r\n\tPipelineId=\r\n\tCommandName=\r\n\tCommandType=\r\n\tScriptName=\r\n\tCommandPath=\r\n\tCommandLine=","Binary":""}}}
