
{"Event":{"System":{"Provider":{"@Name":"Microsoft-Windows-Security-Auditing","@Guid":"54849625-5478-4994-a5ba-3e3b0328c30d"},"EventID":"4799","Version":"0","Level":"0","Task":"13826","Opcode":"0","Keywords":"0x8020000000000000","TimeCreated":{"@SystemTime":"2024-10-23 20:40:13.7289158"},"EventRecordID":"30351","Correlation":{"@ActivityID":"295dbf01-259c-0000-e8bf-5d299c25db01"},"Execution":{"@ProcessID":"672","@ThreadID":"724"},"Channel":"Security","Computer":"Server002","Security":null},"EventData":{"Data":[{"@Name":"TargetUserName","#text":"Users"},{"@Name":"TargetDomainName","#text":"Builtin"},{"@Name":"TargetSid","#text":"S-1-5-32-545"},{"@Name":"SubjectUserSid","#text":"S-1-5-21-3962163828-2803415714-1403596700-1006"},{"@Name":"SubjectUserName","#text":"admin_test"},{"@Name":"SubjectDomainName","#text":"SERVER002"},{"@Name":"SubjectLogonId","#text":"0x12E7F4"},{"@Name":"CallerProcessId","#text":"0x12D4"},{"@Name":"CallerProcessName","#text":"C:\\Windows\\System32\\WindowsPowerShell\\v1.0\\powershell.exe"}]}}}
{"Event":{"System":{"Provider":{"@Name":"Microsoft-Windows-Security-Auditing","@Guid":"54849625-5478-4994-a5ba-3e3b0328c30d"},"EventID":"4799","Version":"0","Level":"0","Task":"13826","Opcode":"0","Keywords":"0x8020000000000000","TimeCreated":{"@SystemTime":"2024-10-23 20:40:13.7328455"},"EventRecordID":"30352","Correlation":{"@ActivityID":"295dbf01-259c-0000-e8bf-5d299c25db01"},"Execution":{"@ProcessID":"672","@ThreadID":"724"},"Channel":"Security","Computer":"Server002","Security":null},"EventData":{"Data":[{"@Name":"TargetUserName","#text":"Users"},{"@Name":"TargetDomainName","#text":"Builtin"},{"@Name":"TargetSid","#text":"S-1-5-32-545"},{"@Name":"SubjectUserSid","#text":"S-1-5-21-3962163828-2803415714-1403596700-1006"},{"@Name":"SubjectUserName","#text":"admin_test"},{"@Name":"SubjectDomainName","#text":"SERVER002"},{"@Name":"SubjectLogonId","#text":"0x12E7F4"},{"@Name":"CallerProcessId","#text":"0x12D4"},{"@Name":"CallerProcessName","#text":"C:\\Windows\\System32\\WindowsPowerShell\\v1.0\\powershell.exe"}]}}}
{"Event":{"System":{"Provider":{"@Name":"Microsoft-Windows-Security-Auditing","@Guid":"54849625-5478-4994-a5ba-3e3b0328c30d"},"EventID":"5379","Version":"0","Level":"0","Task":"13824","Opcode":"0","Keywords":"0x8020000000000000","TimeCreated":{"@SystemTime":"2024-10-23 20:40:13.7705901"},"EventRecordID":"30353","Correlation":{"@ActivityID":"295dbf01-259c-0000-e8bf-5d299c25db01"},"Execution":{"@ProcessID":"672","@ThreadID":"724"},"Channel":"Security","Computer":"Server002","Security":null},"EventData":{"Data":[{"@Name":"SubjectUserSid","#text":"S-1-5-21-3962163828-2803415714-1403596700-1006"},{"@Name":"SubjectUserName","#text":"admin_test"},{"@Name":"SubjectDomainName","#text":"SERVER002"},{"@Name":"SubjectLogonId","#text":"0x12E7F4"},{"@Name":"TargetName"},{"@Name":"Type","#text":"0"},{"@Name":"CountOfCredentialsReturned","#text":"0"},{"@Name":"ReadOperation","#text":"%%8100"},{"@Name":"ReturnCode","#text":"3221225567"},{"@Name":"ProcessCreationTime","#text":"2024-10-23 20:40:13.7561962"},{"@Name":"ClientProcessId","#text":"5864"}]}}}
{"Event":{"System":{"Provider":{"@Name":"Microsoft-Windows-Security-Auditing","@Guid":"54849625-5478-4994-a5ba-3e3b0328c30d"},"EventID":"4799","Version":"0","Level":"0","Task":"13826","Opcode":"0","Keywords":"0x8020000000000000","TimeCreated":{"@SystemTime":"2024-10-23 20:40:14.1230092"},"EventRecordID":"30354","Correlation":{"@ActivityID":"295dbf01-259c-0000-e8bf-5d299c25db01"},"Execution":{"@ProcessID":"672","@ThreadID":"724"},"Channel":"Security","Computer":"Server002","Security":null},"EventData":{"Data":[{"@Name":"TargetUserName","#text":"Administrators"},{"@Name":"TargetDomainName","#text":"Builtin"},{"@Name":"TargetSid","#text":"S-1-5-32-544"},{"@Name":"SubjectUserSid","#text":"S-1-5-21-3962163828-2803415714-1403596700-1006"},{"@Name":"SubjectUserName","#text":"admin_test"},{"@Name":"SubjectDomainName","#text":"SERVER002"},{"@Name":"SubjectLogonId","#text":"0x12E7F4"},{"@Name":"CallerProcessId","#text":"0x12D4"},{"@Name":"CallerProcessName","#text":"C:\\Windows\\System32\\WindowsPowerShell\\v1.0\\powershell.exe"}]}}}
{"Event":{"System":{"Provider":{"@Name":"Microsoft-Windows-Security-Auditing","@Guid":"54849625-5478-4994-a5ba-3e3b0328c30d"},"EventID":"4799","Version":"0","Level":"0","Task":"13826","Opcode":"0","Keywords":"0x8020000000000000","TimeCreated":{"@SystemTime":"2024-10-23 20:40:14.1251201"},"EventRecordID":"30355","Correlation":{"@ActivityID":"295dbf01-259c-0000-e8bf-5d299c25db01"},"Execution":{"@ProcessID":"672","@ThreadID":"724"},"Channel":"Security","Computer":"Server002","Security":null},"EventData":{"Data":[{"@Name":"TargetUserName","#text":"Device Owners"},{"@Name":"TargetDomainName","#text":"Builtin"},{"@Name":"TargetSid","#text":"S-1-5-32-583"},{"@Name":"SubjectUserSid","#text":"S-1-5-21-3962163828-2803415714-1403596700-1006"},{"@Name":"SubjectUserName","#text":"admin_test"},{"@Name":"SubjectDomainName","#text":"SERVER002"},{"@Name":"SubjectLogonId","#text":"0x12E7F4"},{"@Name":"CallerProcessId","#text":"0x12D4"},{"@Name":"CallerProcessName","#text":"C:\\Windows\\System32\\WindowsPowerShell\\v1.0\\powershell.exe"}]}}}
{"Event":{"System":{"Provider":{"@Name":"Microsoft-Windows-Security-Auditing","@Guid":"54849625-5478-4994-a5ba-3e3b0328c30d"},"EventID":"4799","Version":"0","Level":"0","Task":"13826","Opcode":"0","Keywords":"0x8020000000000000","TimeCreated":{"@SystemTime":"2024-10-23 20:40:14.1265927"},"EventRecordID":"30356","Correlation":{"@ActivityID":"295dbf01-259c-0000-e8bf-5d299c25db01"},"Execution":{"@ProcessID":"672","@ThreadID":"724"},"Channel":"Security","Computer":"Server002","Security":null},"EventData":{"Data":[{"@Name":"TargetUserName","#text":"Distributed COM Users"},{"@Name":"TargetDomainName","#text":"Builtin"},{"@Name":"TargetSid","#text":"S-1-5-32-562"},{"@Name":"SubjectUserSid","#text":"S-1-5-21-3962163828-2803415714-1403596700-1006"},{"@Name":"SubjectUserName","#text":"admin_test"},{"@Name":"SubjectDomainName","#text":"SERVER002"},{"@Name":"SubjectLogonId","#text":"0x12E7F4"},{"@Name":"CallerProcessId","#text":"0x12D4"},{"@Name":"CallerProcessName","#text":"C:\\Windows\\System32\\WindowsPowerShell\\v1.0\\powershell.exe"}]}}}
{"Event":{"System":{"Provider":{"@Name":"Microsoft-Windows-Security-Auditing","@Guid":"54849625-5478-4994-a5ba-3e3b0328c30d"},"EventID":"4799","Version":"0","Level":"0","Task":"13826","Opcode":"0","Keywords":"0x8020000000000000","TimeCreated":{"@SystemTime":"2024-10-23 20:40:14.1276066"},"EventRecordID":"30357","Correlation":{"@ActivityID":"295dbf01-259c-0000-e8bf-5d299c25db01"},"Execution":{"@ProcessID":"672","@ThreadID":"724"},"Channel":"Security","Computer":"Server002","Security":null},"EventData":{"Data":[{"@Name":"TargetUserName","#text":"Event Log Readers"},{"@Name":"TargetDomainName","#text":"Builtin"},{"@Name":"TargetSid","#text":"S-1-5-32-573"},{"@Name":"SubjectUserSid","#text":"S-1-5-21-3962163828-2803415714-1403596700-1006"},{"@Name":"SubjectUserName","#text":"admin_test"},{"@Name":"SubjectDomainName","#text":"SERVER002"},{"@Name":"SubjectLogonId","#text":"0x12E7F4"},{"@Name":"CallerProcessId","#text":"0x12D4"},{"@Name":"CallerProcessName","#text":"C:\\Windows\\System32\\WindowsPowerShell\\v1.0\\powershell.exe"}]}}}
{"Event":{"System":{"Provider":{"@Name":"Microsoft-Windows-Security-Auditing","@Guid":"54849625-5478-4994-a5ba-3e3b0328c30d"},"EventID":"4799","Version":"0","Level":"0","Task":"13826","Opcode":"0","Keywords":"0x8020000000000000","TimeCreated":{"@SystemTime":"2024-10-23 20:40:14.1291793"},"EventRecordID":"30358","Correlation":{"@ActivityID":"295dbf01-259c-0000-e8bf-5d299c25db01"},"Execution":{"@ProcessID":"672","@ThreadID":"724"},"Channel":"Security","Computer":"Server002","Security":null},"EventData":{"Data":[{"@Name":"TargetUserName","#text":"Guests"},{"@Name":"TargetDomainName","#text":"Builtin"},{"@Name":"TargetSid","#text":"S-1-5-32-546"},{"@Name":"SubjectUserSid","#text":"S-1-5-21-3962163828-2803415714-1403596700-1006"},{"@Name":"SubjectUserName","#text":"admin_test"},{"@Name":"SubjectDomainName","#text":"SERVER002"},{"@Name":"SubjectLogonId","#text":"0x12E7F4"},{"@Name":"CallerProcessId","#text":"0x12D4"},{"@Name":"CallerProcessName","#text":"C:\\Windows\\System32\\WindowsPowerShell\\v1.0\\powershell.exe"}]}}}
{"Event":{"System":{"Provider":{"@Name":"Microsoft-Windows-Security-Auditing","@Guid":"54849625-5478-4994-a5ba-3e3b0328c30d"},"EventID":"4799","Version":"0","Level":"0","Task":"13826","Opcode":"0","Keywords":"0x8020000000000000","TimeCreated":{"@SystemTime":"2024-10-23 20:40:14.1362516"},"EventRecordID":"30359","Correlation":{"@ActivityID":"295dbf01-259c-0000-e8bf-5d299c25db01"},"Execution":{"@ProcessID":"672","@ThreadID":"724"},"Channel":"Security","Computer":"Server002","Security":null},"EventData":{"Data":[{"@Name":"TargetUserName","#text":"Hyper-V Administrators"},{"@Name":"TargetDomainName","#text":"Builtin"},{"@Name":"TargetSid","#text":"S-1-5-32-578"},{"@Name":"SubjectUserSid","#text":"S-1-5-21-3962163828-2803415714-1403596700-1006"},{"@Name":"SubjectUserName","#text":"admin_test"},{"@Name":"SubjectDomainName","#text":"SERVER002"},{"@Name":"SubjectLogonId","#text":"0x12E7F4"},{"@Name":"CallerProcessId","#text":"0x12D4"},{"@Name":"CallerProcessName","#text":"C:\\Windows\\System32\\WindowsPowerShell\\v1.0\\powershell.exe"}]}}}
{"Event":{"System":{"Provider":{"@Name":"Microsoft-Windows-Security-Auditing","@Guid":"54849625-5478-4994-a5ba-3e3b0328c30d"},"EventID":"4799","Version":"0","Level":"0","Task":"13826","Opcode":"0","Keywords":"0x8020000000000000","TimeCreated":{"@SystemTime":"2024-10-23 20:40:14.1380755"},"EventRecordID":"30360","Correlation":{"@ActivityID":"295dbf01-259c-0000-e8bf-5d299c25db01"},"Execution":{"@ProcessID":"672","@ThreadID":"724"},"Channel":"Security","Computer":"Server002","Security":null},"EventData":{"Data":[{"@Name":"TargetUserName","#text":"IIS_IUSRS"},{"@Name":"TargetDomainName","#text":"Builtin"},{"@Name":"TargetSid","#text":"S-1-5-32-568"},{"@Name":"SubjectUserSid","#text":"S-1-5-21-3962163828-2803415714-1403596700-1006"},{"@Name":"SubjectUserName","#text":"admin_test"},{"@Name":"SubjectDomainName","#text":"SERVER002"},{"@Name":"SubjectLogonId","#text":"0x12E7F4"},{"@Name":"CallerProcessId","#text":"0x12D4"},{"@Name":"CallerProcessName","#text":"C:\\Windows\\System32\\WindowsPowerShell\\v1.0\\powershell.exe"}]}}}
{"Event":{"System":{"Provider":{"@Name":"Microsoft-Windows-Security-Auditing","@Guid":"54849625-5478-4994-a5ba-3e3b0328c30d"},"EventID":"4799","Version":"0","Level":"0","Task":"13826","Opcode":"0","Keywords":"0x8020000000000000","TimeCreated":{"@SystemTime":"2024-10-23 20:40:14.1393470"},"EventRecordID":"30361","Correlation":{"@ActivityID":"295dbf01-259c-0000-e8bf-5d299c25db01"},"Execution":{"@ProcessID":"672","@ThreadID":"724"},"Channel":"Security","Computer":"Server002","Security":null},"EventData":{"Data":[{"@Name":"TargetUserName","#text":"Performance Log Users"},{"@Name":"TargetDomainName","#text":"Builtin"},{"@Name":"TargetSid","#text":"S-1-5-32-559"},{"@Name":"SubjectUserSid","#text":"S-1-5-21-3962163828-2803415714-1403596700-1006"},{"@Name":"SubjectUserName","#text":"admin_test"},{"@Name":"SubjectDomainName","#text":"SERVER002"},{"@Name":"SubjectLogonId","#text":"0x12E7F4"},{"@Name":"CallerProcessId","#text":"0x12D4"},{"@Name":"CallerProcessName","#text":"C:\\Windows\\System32\\WindowsPowerShell\\v1.0\\powershell.exe"}]}}}
{"Event":{"System":{"Provider":{"@Name":"Microsoft-Windows-Security-Auditing","@Guid":"54849625-5478-4994-a5ba-3e3b0328c30d"},"EventID":"4799","Version":"0","Level":"0","Task":"13826","Opcode":"0","Keywords":"0x8020000000000000","TimeCreated":{"@SystemTime":"2024-10-23 20:40:14.1406141"},"EventRecordID":"30362","Correlation":{"@ActivityID":"295dbf01-259c-0000-e8bf-5d299c25db01"},"Execution":{"@ProcessID":"672","@ThreadID":"724"},"Channel":"Security","Computer":"Server002","Security":null},"EventData":{"Data":[{"@Name":"TargetUserName","#text":"Performance Monitor Users"},{"@Name":"TargetDomainName","#text":"Builtin"},{"@Name":"TargetSid","#text":"S-1-5-32-558"},{"@Name":"SubjectUserSid","#text":"S-1-5-21-3962163828-2803415714-1403596700-1006"},{"@Name":"SubjectUserName","#text":"admin_test"},{"@Name":"SubjectDomainName","#text":"SERVER002"},{"@Name":"SubjectLogonId","#text":"0x12E7F4"},{"@Name":"CallerProcessId","#text":"0x12D4"},{"@Name":"CallerProcessName","#text":"C:\\Windows\\System32\\WindowsPowerShell\\v1.0\\powershell.exe"}]}}}
{"Event":{"System":{"Provider":{"@Name":"Microsoft-Windows-Security-Auditing","@Guid":"54849625-5478-4994-a5ba-3e3b0328c30d"},"EventID":"4799","Version":"0","Level":"0","Task":"13826","Opcode":"0","Keywords":"0x8020000000000000","TimeCreated":{"@SystemTime":"2024-10-23 20:40:14.1417124"},"EventRecordID":"30363","Correlation":{"@ActivityID":"295dbf01-259c-0000-e8bf-5d299c25db01"},"Execution":{"@ProcessID":"672","@ThreadID":"724"},"Channel":"Security","Computer":"Server002","Security":null},"EventData":{"Data":[{"@Name":"TargetUserName","#text":"Remote Management Users"},{"@Name":"TargetDomainName","#text":"Builtin"},{"@Name":"TargetSid","#text":"S-1-5-32-580"},{"@Name":"SubjectUserSid","#text":"S-1-5-21-3962163828-2803415714-1403596700-1006"},{"@Name":"SubjectUserName","#text":"admin_test"},{"@Name":"SubjectDomainName","#text":"SERVER002"},{"@Name":"SubjectLogonId","#text":"0x12E7F4"},{"@Name":"CallerProcessId","#text":"0x12D4"},{"@Name":"CallerProcessName","#text":"C:\\Windows\\System32\\WindowsPowerShell\\v1.0\\powershell.exe"}]}}}
{"Event":{"System":{"Provider":{"@Name":"Microsoft-Windows-Security-Auditing","@Guid":"54849625-5478-4994-a5ba-3e3b0328c30d"},"EventID":"4799","Version":"0","Level":"0","Task":"13826","Opcode":"0","Keywords":"0x8020000000000000","TimeCreated":{"@SystemTime":"2024-10-23 20:40:14.1480698"},"EventRecordID":"30364","Correlation":{"@ActivityID":"295dbf01-259c-0000-e8bf-5d299c25db01"},"Execution":{"@ProcessID":"672","@ThreadID":"724"},"Channel":"Security","Computer":"Server002","Security":null},"EventData":{"Data":[{"@Name":"TargetUserName","#text":"System Managed Accounts Group"},{"@Name":"TargetDomainName","#text":"Builtin"},{"@Name":"TargetSid","#text":"S-1-5-32-581"},{"@Name":"SubjectUserSid","#text":"S-1-5-21-3962163828-2803415714-1403596700-1006"},{"@Name":"SubjectUserName","#text":"admin_test"},{"@Name":"SubjectDomainName","#text":"SERVER002"},{"@Name":"SubjectLogonId","#text":"0x12E7F4"},{"@Name":"CallerProcessId","#text":"0x12D4"},{"@Name":"CallerProcessName","#text":"C:\\Windows\\System32\\WindowsPowerShell\\v1.0\\powershell.exe"}]}}}
{"Event":{"System":{"Provider":{"@Name":"Microsoft-Windows-Security-Auditing","@Guid":"54849625-5478-4994-a5ba-3e3b0328c30d"},"EventID":"4799","Version":"0","Level":"0","Task":"13826","Opcode":"0","Keywords":"0x8020000000000000","TimeCreated":{"@SystemTime":"2024-10-23 20:40:14.1493906"},"EventRecordID":"30365","Correlation":{"@ActivityID":"295dbf01-259c-0000-e8bf-5d299c25db01"},"Execution":{"@ProcessID":"672","@ThreadID":"724"},"Channel":"Security","Computer":"Server002","Security":null},"EventData":{"Data":[{"@Name":"TargetUserName","#text":"Users"},{"@Name":"TargetDomainName","#text":"Builtin"},{"@Name":"TargetSid","#text":"S-1-5-32-545"},{"@Name":"SubjectUserSid","#text":"S-1-5-21-3962163828-2803415714-1403596700-1006"},{"@Name":"SubjectUserName","#text":"admin_test"},{"@Name":"SubjectDomainName","#text":"SERVER002"},{"@Name":"SubjectLogonId","#text":"0x12E7F4"},{"@Name":"CallerProcessId","#text":"0x12D4"},{"@Name":"CallerProcessName","#text":"C:\\Windows\\System32\\WindowsPowerShell\\v1.0\\powershell.exe"}]}}}
{"Event":{"System":{"Provider":{"@Name":"Microsoft-Windows-Security-Auditing","@Guid":"54849625-5478-4994-a5ba-3e3b0328c30d"},"EventID":"4616","Version":"1","Level":"0","Task":"12288","Opcode":"0","Keywords":"0x8020000000000000","TimeCreated":{"@SystemTime":"2024-10-23 20:40:13.1381440"},"EventRecordID":"30366","Correlation":null,"Execution":{"@ProcessID":"4","@ThreadID":"276"},"Channel":"Security","Computer":"Server002","Security":null},"EventData":{"Data":[{"@Name":"SubjectUserSid","#text":"S-1-5-19"},{"@Name":"SubjectUserName","#text":"LOCAL SERVICE"},{"@Name":"SubjectDomainName","#text":"NT AUTHORITY"},{"@Name":"SubjectLogonId","#text":"0x3E5"},{"@Name":"PreviousTime","#text":"2024-10-23 20:40:15.3726602"},{"@Name":"NewTime","#text":"2024-10-23 20:40:13.1374830"},{"@Name":"ProcessId","#text":"0x17C4"},{"@Name":"ProcessName","#text":"C:\\Windows\\System32\\svchost.exe"}]}}}
{"Event":{"System":{"Provider":{"@Name":"Microsoft-Windows-Security-Auditing","@Guid":"54849625-5478-4994-a5ba-3e3b0328c30d"},"EventID":"4616","Version":"1","Level":"0","Task":"12288","Opcode":"0","Keywords":"0x8020000000000000","TimeCreated":{"@SystemTime":"2024-10-23 20:40:13.1391030"},"EventRecordID":"30367","Correlation":null,"Execution":{"@ProcessID":"4","@ThreadID":"292"},"Channel":"Security","Computer":"Server002","Security":null},"EventData":{"Data":[{"@Name":"SubjectUserSid","#text":"S-1-5-19"},{"@Name":"SubjectUserName","#text":"LOCAL SERVICE"},{"@Name":"SubjectDomainName","#text":"NT AUTHORITY"},{"@Name":"SubjectLogonId","#text":"0x3E5"},{"@Name":"PreviousTime","#text":"2024-10-23 20:40:13.1374830"},{"@Name":"NewTime","#text":"2024-10-23 20:40:13.1385215"},{"@Name":"ProcessId","#text":"0x17C4"},{"@Name":"ProcessName","#text":"C:\\Windows\\System32\\svchost.exe"}]}}}
