{"Event":{"System":{"Provider":{"@Name":"Microsoft-Windows-Sysmon","@Guid":"5770385f-c22a-43e0-bf4c-06f5698ffbd9"},"EventID":"1","Version":"5","Level":"4","Task":"1","Opcode":"0","Keywords":"0x8000000000000000","TimeCreated":{"@SystemTime":"2024-10-23 12:20:42.3683952"},"EventRecordID":"18023","Correlation":null,"Execution":{"@ProcessID":"2832","@ThreadID":"4820"},"Channel":"Microsoft-Windows-Sysmon/Operational","Computer":"Server002","Security":{"@UserID":"S-1-5-18"}},"EventData":{"Data":[{"@Name":"RuleName","#text":"-"},{"@Name":"UtcTime","#text":"2024-10-23 12:20:42.364"},{"@Name":"ProcessGuid","#text":"dbf410b3-ea1a-6718-ee00-000000003900"},{"@Name":"ProcessId","#text":"6048"},{"@Name":"Image","#text":"C:\\Program Files\\Windows NT\\Accessories\\wordpad.exe"},{"@Name":"FileVersion","#text":"10.0.19041.5007 (WinBuild.160101.0800)"},{"@Name":"Description","#text":"Windows Wordpad Application"},{"@Name":"Product","#text":"Microsoft® Windows® Operating System"},{"@Name":"Company","#text":"Microsoft Corporation"},{"@Name":"OriginalFileName","#text":"WORDPAD.EXE"},{"@Name":"CommandLine","#text":"\"C:\\Program Files\\Windows NT\\Accessories\\wordpad.exe\"  /p C:\\Users\\ADMIN_~1\\AppData\\Local\\Temp\\AtomicRedTeam\\..\\ExternalPayloads\\T1059_003note.txt"},{"@Name":"CurrentDirectory","#text":"C:\\Users\\admin_test\\AppData\\Local\\Temp\\"},{"@Name":"User","#text":"SERVER002\\admin_test"},{"@Name":"LogonGuid","#text":"dbf410b3-e9fc-6718-0c99-110000000000"},{"@Name":"LogonId","#text":"0x11990C"},{"@Name":"TerminalSessionId","#text":"0"},{"@Name":"IntegrityLevel","#text":"High"},{"@Name":"Hashes","#text":"SHA256=C91594A4539B971A59EC301154114F21D0FC86ECA43AE064FD4DA56D4856C009"},{"@Name":"ParentProcessGuid","#text":"dbf410b3-ea18-6718-d600-000000003900"},{"@Name":"ParentProcessId","#text":"6204"},{"@Name":"ParentImage","#text":"C:\\Windows\\System32\\cmd.exe"},{"@Name":"ParentCommandLine","#text":"\"C:\\Windows\\system32\\cmd.exe\" /c \"for /l %x in (1,1,75) do start wordpad.exe /p C:\\Users\\ADMIN_~1\\AppData\\Local\\Temp\\AtomicRedTeam\\..\\ExternalPayloads\\T1059_003note.txt\""},{"@Name":"ParentUser","#text":"SERVER002\\admin_test"}]}}}
{"Event":{"System":{"Provider":{"@Name":"Microsoft-Windows-Sysmon","@Guid":"5770385f-c22a-43e0-bf4c-06f5698ffbd9"},"EventID":"1","Version":"5","Level":"4","Task":"1","Opcode":"0","Keywords":"0x8000000000000000","TimeCreated":{"@SystemTime":"2024-10-23 12:20:42.3816957"},"EventRecordID":"18024","Correlation":null,"Execution":{"@ProcessID":"2832","@ThreadID":"4820"},"Channel":"Microsoft-Windows-Sysmon/Operational","Computer":"Server002","Security":{"@UserID":"S-1-5-18"}},"EventData":{"Data":[{"@Name":"RuleName","#text":"-"},{"@Name":"UtcTime","#text":"2024-10-23 12:20:42.377"},{"@Name":"ProcessGuid","#text":"dbf410b3-ea1a-6718-ef00-000000003900"},{"@Name":"ProcessId","#text":"780"},{"@Name":"Image","#text":"C:\\Program Files\\Windows NT\\Accessories\\wordpad.exe"},{"@Name":"FileVersion","#text":"10.0.19041.5007 (WinBuild.160101.0800)"},{"@Name":"Description","#text":"Windows Wordpad Application"},{"@Name":"Product","#text":"Microsoft® Windows® Operating System"},{"@Name":"Company","#text":"Microsoft Corporation"},{"@Name":"OriginalFileName","#text":"WORDPAD.EXE"},{"@Name":"CommandLine","#text":"\"C:\\Program Files\\Windows NT\\Accessories\\wordpad.exe\"  /p C:\\Users\\ADMIN_~1\\AppData\\Local\\Temp\\AtomicRedTeam\\..\\ExternalPayloads\\T1059_003note.txt"},{"@Name":"CurrentDirectory","#text":"C:\\Users\\admin_test\\AppData\\Local\\Temp\\"},{"@Name":"User","#text":"SERVER002\\admin_test"},{"@Name":"LogonGuid","#text":"dbf410b3-e9fc-6718-0c99-110000000000"},{"@Name":"LogonId","#text":"0x11990C"},{"@Name":"TerminalSessionId","#text":"0"},{"@Name":"IntegrityLevel","#text":"High"},{"@Name":"Hashes","#text":"SHA256=C91594A4539B971A59EC301154114F21D0FC86ECA43AE064FD4DA56D4856C009"},{"@Name":"ParentProcessGuid","#text":"dbf410b3-ea18-6718-d600-000000003900"},{"@Name":"ParentProcessId","#text":"6204"},{"@Name":"ParentImage","#text":"C:\\Windows\\System32\\cmd.exe"},{"@Name":"ParentCommandLine","#text":"\"C:\\Windows\\system32\\cmd.exe\" /c \"for /l %x in (1,1,75) do start wordpad.exe /p C:\\Users\\ADMIN_~1\\AppData\\Local\\Temp\\AtomicRedTeam\\..\\ExternalPayloads\\T1059_003note.txt\""},{"@Name":"ParentUser","#text":"SERVER002\\admin_test"}]}}}
{"Event":{"System":{"Provider":{"@Name":"Microsoft-Windows-Sysmon","@Guid":"5770385f-c22a-43e0-bf4c-06f5698ffbd9"},"EventID":"1","Version":"5","Level":"4","Task":"1","Opcode":"0","Keywords":"0x8000000000000000","TimeCreated":{"@SystemTime":"2024-10-23 12:20:42.4136509"},"EventRecordID":"18025","Correlation":null,"Execution":{"@ProcessID":"2832","@ThreadID":"4820"},"Channel":"Microsoft-Windows-Sysmon/Operational","Computer":"Server002","Security":{"@UserID":"S-1-5-18"}},"EventData":{"Data":[{"@Name":"RuleName","#text":"-"},{"@Name":"UtcTime","#text":"2024-10-23 12:20:42.410"},{"@Name":"ProcessGuid","#text":"dbf410b3-ea1a-6718-f000-000000003900"},{"@Name":"ProcessId","#text":"4208"},{"@Name":"Image","#text":"C:\\Program Files\\Windows NT\\Accessories\\wordpad.exe"},{"@Name":"FileVersion","#text":"10.0.19041.5007 (WinBuild.160101.0800)"},{"@Name":"Description","#text":"Windows Wordpad Application"},{"@Name":"Product","#text":"Microsoft® Windows® Operating System"},{"@Name":"Company","#text":"Microsoft Corporation"},{"@Name":"OriginalFileName","#text":"WORDPAD.EXE"},{"@Name":"CommandLine","#text":"\"C:\\Program Files\\Windows NT\\Accessories\\wordpad.exe\"  /p C:\\Users\\ADMIN_~1\\AppData\\Local\\Temp\\AtomicRedTeam\\..\\ExternalPayloads\\T1059_003note.txt"},{"@Name":"CurrentDirectory","#text":"C:\\Users\\admin_test\\AppData\\Local\\Temp\\"},{"@Name":"User","#text":"SERVER002\\admin_test"},{"@Name":"LogonGuid","#text":"dbf410b3-e9fc-6718-0c99-110000000000"},{"@Name":"LogonId","#text":"0x11990C"},{"@Name":"TerminalSessionId","#text":"0"},{"@Name":"IntegrityLevel","#text":"High"},{"@Name":"Hashes","#text":"SHA256=C91594A4539B971A59EC301154114F21D0FC86ECA43AE064FD4DA56D4856C009"},{"@Name":"ParentProcessGuid","#text":"dbf410b3-ea18-6718-d600-000000003900"},{"@Name":"ParentProcessId","#text":"6204"},{"@Name":"ParentImage","#text":"C:\\Windows\\System32\\cmd.exe"},{"@Name":"ParentCommandLine","#text":"\"C:\\Windows\\system32\\cmd.exe\" /c \"for /l %x in (1,1,75) do start wordpad.exe /p C:\\Users\\ADMIN_~1\\AppData\\Local\\Temp\\AtomicRedTeam\\..\\ExternalPayloads\\T1059_003note.txt\""},{"@Name":"ParentUser","#text":"SERVER002\\admin_test"}]}}}
{"Event":{"System":{"Provider":{"@Name":"Microsoft-Windows-Sysmon","@Guid":"5770385f-c22a-43e0-bf4c-06f5698ffbd9"},"EventID":"1","Version":"5","Level":"4","Task":"1","Opcode":"0","Keywords":"0x8000000000000000","TimeCreated":{"@SystemTime":"2024-10-23 12:20:42.5807269"},"EventRecordID":"18026","Correlation":null,"Execution":{"@ProcessID":"2832","@ThreadID":"4820"},"Channel":"Microsoft-Windows-Sysmon/Operational","Computer":"Server002","Security":{"@UserID":"S-1-5-18"}},"EventData":{"Data":[{"@Name":"RuleName","#text":"-"},{"@Name":"UtcTime","#text":"2024-10-23 12:20:42.559"},{"@Name":"ProcessGuid","#text":"dbf410b3-ea1a-6718-f100-000000003900"},{"@Name":"ProcessId","#text":"1084"},{"@Name":"Image","#text":"C:\\Program Files\\Windows NT\\Accessories\\wordpad.exe"},{"@Name":"FileVersion","#text":"10.0.19041.5007 (WinBuild.160101.0800)"},{"@Name":"Description","#text":"Windows Wordpad Application"},{"@Name":"Product","#text":"Microsoft® Windows® Operating System"},{"@Name":"Company","#text":"Microsoft Corporation"},{"@Name":"OriginalFileName","#text":"WORDPAD.EXE"},{"@Name":"CommandLine","#text":"\"C:\\Program Files\\Windows NT\\Accessories\\wordpad.exe\"  /p C:\\Users\\ADMIN_~1\\AppData\\Local\\Temp\\AtomicRedTeam\\..\\ExternalPayloads\\T1059_003note.txt"},{"@Name":"CurrentDirectory","#text":"C:\\Users\\admin_test\\AppData\\Local\\Temp\\"},{"@Name":"User","#text":"SERVER002\\admin_test"},{"@Name":"LogonGuid","#text":"dbf410b3-e9fc-6718-0c99-110000000000"},{"@Name":"LogonId","#text":"0x11990C"},{"@Name":"TerminalSessionId","#text":"0"},{"@Name":"IntegrityLevel","#text":"High"},{"@Name":"Hashes","#text":"SHA256=C91594A4539B971A59EC301154114F21D0FC86ECA43AE064FD4DA56D4856C009"},{"@Name":"ParentProcessGuid","#text":"dbf410b3-ea18-6718-d600-000000003900"},{"@Name":"ParentProcessId","#text":"6204"},{"@Name":"ParentImage","#text":"C:\\Windows\\System32\\cmd.exe"},{"@Name":"ParentCommandLine","#text":"\"C:\\Windows\\system32\\cmd.exe\" /c \"for /l %x in (1,1,75) do start wordpad.exe /p C:\\Users\\ADMIN_~1\\AppData\\Local\\Temp\\AtomicRedTeam\\..\\ExternalPayloads\\T1059_003note.txt\""},{"@Name":"ParentUser","#text":"SERVER002\\admin_test"}]}}}
{"Event":{"System":{"Provider":{"@Name":"Microsoft-Windows-Sysmon","@Guid":"5770385f-c22a-43e0-bf4c-06f5698ffbd9"},"EventID":"1","Version":"5","Level":"4","Task":"1","Opcode":"0","Keywords":"0x8000000000000000","TimeCreated":{"@SystemTime":"2024-10-23 12:20:42.8200353"},"EventRecordID":"18027","Correlation":null,"Execution":{"@ProcessID":"2832","@ThreadID":"4820"},"Channel":"Microsoft-Windows-Sysmon/Operational","Computer":"Server002","Security":{"@UserID":"S-1-5-18"}},"EventData":{"Data":[{"@Name":"RuleName","#text":"-"},{"@Name":"UtcTime","#text":"2024-10-23 12:20:42.784"},{"@Name":"ProcessGuid","#text":"dbf410b3-ea1a-6718-f200-000000003900"},{"@Name":"ProcessId","#text":"7076"},{"@Name":"Image","#text":"C:\\Program Files\\Windows NT\\Accessories\\wordpad.exe"},{"@Name":"FileVersion","#text":"10.0.19041.5007 (WinBuild.160101.0800)"},{"@Name":"Description","#text":"Windows Wordpad Application"},{"@Name":"Product","#text":"Microsoft® Windows® Operating System"},{"@Name":"Company","#text":"Microsoft Corporation"},{"@Name":"OriginalFileName","#text":"WORDPAD.EXE"},{"@Name":"CommandLine","#text":"\"C:\\Program Files\\Windows NT\\Accessories\\wordpad.exe\"  /p C:\\Users\\ADMIN_~1\\AppData\\Local\\Temp\\AtomicRedTeam\\..\\ExternalPayloads\\T1059_003note.txt"},{"@Name":"CurrentDirectory","#text":"C:\\Users\\admin_test\\AppData\\Local\\Temp\\"},{"@Name":"User","#text":"SERVER002\\admin_test"},{"@Name":"LogonGuid","#text":"dbf410b3-e9fc-6718-0c99-110000000000"},{"@Name":"LogonId","#text":"0x11990C"},{"@Name":"TerminalSessionId","#text":"0"},{"@Name":"IntegrityLevel","#text":"High"},{"@Name":"Hashes","#text":"SHA256=C91594A4539B971A59EC301154114F21D0FC86ECA43AE064FD4DA56D4856C009"},{"@Name":"ParentProcessGuid","#text":"dbf410b3-ea18-6718-d600-000000003900"},{"@Name":"ParentProcessId","#text":"6204"},{"@Name":"ParentImage","#text":"C:\\Windows\\System32\\cmd.exe"},{"@Name":"ParentCommandLine","#text":"\"C:\\Windows\\system32\\cmd.exe\" /c \"for /l %x in (1,1,75) do start wordpad.exe /p C:\\Users\\ADMIN_~1\\AppData\\Local\\Temp\\AtomicRedTeam\\..\\ExternalPayloads\\T1059_003note.txt\""},{"@Name":"ParentUser","#text":"SERVER002\\admin_test"}]}}}
{"Event":{"System":{"Provider":{"@Name":"Microsoft-Windows-Sysmon","@Guid":"5770385f-c22a-43e0-bf4c-06f5698ffbd9"},"EventID":"1","Version":"5","Level":"4","Task":"1","Opcode":"0","Keywords":"0x8000000000000000","TimeCreated":{"@SystemTime":"2024-10-23 12:20:43.3028865"},"EventRecordID":"18028","Correlation":null,"Execution":{"@ProcessID":"2832","@ThreadID":"4820"},"Channel":"Microsoft-Windows-Sysmon/Operational","Computer":"Server002","Security":{"@UserID":"S-1-5-18"}},"EventData":{"Data":[{"@Name":"RuleName","#text":"-"},{"@Name":"UtcTime","#text":"2024-10-23 12:20:43.216"},{"@Name":"ProcessGuid","#text":"dbf410b3-ea1b-6718-f300-000000003900"},{"@Name":"ProcessId","#text":"2112"},{"@Name":"Image","#text":"C:\\Program Files\\Windows NT\\Accessories\\wordpad.exe"},{"@Name":"FileVersion","#text":"10.0.19041.5007 (WinBuild.160101.0800)"},{"@Name":"Description","#text":"Windows Wordpad Application"},{"@Name":"Product","#text":"Microsoft® Windows® Operating System"},{"@Name":"Company","#text":"Microsoft Corporation"},{"@Name":"OriginalFileName","#text":"WORDPAD.EXE"},{"@Name":"CommandLine","#text":"\"C:\\Program Files\\Windows NT\\Accessories\\wordpad.exe\"  /p C:\\Users\\ADMIN_~1\\AppData\\Local\\Temp\\AtomicRedTeam\\..\\ExternalPayloads\\T1059_003note.txt"},{"@Name":"CurrentDirectory","#text":"C:\\Users\\admin_test\\AppData\\Local\\Temp\\"},{"@Name":"User","#text":"SERVER002\\admin_test"},{"@Name":"LogonGuid","#text":"dbf410b3-e9fc-6718-0c99-110000000000"},{"@Name":"LogonId","#text":"0x11990C"},{"@Name":"TerminalSessionId","#text":"0"},{"@Name":"IntegrityLevel","#text":"High"},{"@Name":"Hashes","#text":"SHA256=C91594A4539B971A59EC301154114F21D0FC86ECA43AE064FD4DA56D4856C009"},{"@Name":"ParentProcessGuid","#text":"dbf410b3-ea18-6718-d600-000000003900"},{"@Name":"ParentProcessId","#text":"6204"},{"@Name":"ParentImage","#text":"C:\\Windows\\System32\\cmd.exe"},{"@Name":"ParentCommandLine","#text":"\"C:\\Windows\\system32\\cmd.exe\" /c \"for /l %x in (1,1,75) do start wordpad.exe /p C:\\Users\\ADMIN_~1\\AppData\\Local\\Temp\\AtomicRedTeam\\..\\ExternalPayloads\\T1059_003note.txt\""},{"@Name":"ParentUser","#text":"SERVER002\\admin_test"}]}}}
{"Event":{"System":{"Provider":{"@Name":"Microsoft-Windows-Sysmon","@Guid":"5770385f-c22a-43e0-bf4c-06f5698ffbd9"},"EventID":"1","Version":"5","Level":"4","Task":"1","Opcode":"0","Keywords":"0x8000000000000000","TimeCreated":{"@SystemTime":"2024-10-23 12:20:43.5565952"},"EventRecordID":"18029","Correlation":null,"Execution":{"@ProcessID":"2832","@ThreadID":"4820"},"Channel":"Microsoft-Windows-Sysmon/Operational","Computer":"Server002","Security":{"@UserID":"S-1-5-18"}},"EventData":{"Data":[{"@Name":"RuleName","#text":"-"},{"@Name":"UtcTime","#text":"2024-10-23 12:20:43.527"},{"@Name":"ProcessGuid","#text":"dbf410b3-ea1b-6718-f400-000000003900"},{"@Name":"ProcessId","#text":"2856"},{"@Name":"Image","#text":"C:\\Program Files\\Windows NT\\Accessories\\wordpad.exe"},{"@Name":"FileVersion","#text":"10.0.19041.5007 (WinBuild.160101.0800)"},{"@Name":"Description","#text":"Windows Wordpad Application"},{"@Name":"Product","#text":"Microsoft® Windows® Operating System"},{"@Name":"Company","#text":"Microsoft Corporation"},{"@Name":"OriginalFileName","#text":"WORDPAD.EXE"},{"@Name":"CommandLine","#text":"\"C:\\Program Files\\Windows NT\\Accessories\\wordpad.exe\"  /p C:\\Users\\ADMIN_~1\\AppData\\Local\\Temp\\AtomicRedTeam\\..\\ExternalPayloads\\T1059_003note.txt"},{"@Name":"CurrentDirectory","#text":"C:\\Users\\admin_test\\AppData\\Local\\Temp\\"},{"@Name":"User","#text":"SERVER002\\admin_test"},{"@Name":"LogonGuid","#text":"dbf410b3-e9fc-6718-0c99-110000000000"},{"@Name":"LogonId","#text":"0x11990C"},{"@Name":"TerminalSessionId","#text":"0"},{"@Name":"IntegrityLevel","#text":"High"},{"@Name":"Hashes","#text":"SHA256=C91594A4539B971A59EC301154114F21D0FC86ECA43AE064FD4DA56D4856C009"},{"@Name":"ParentProcessGuid","#text":"dbf410b3-ea18-6718-d600-000000003900"},{"@Name":"ParentProcessId","#text":"6204"},{"@Name":"ParentImage","#text":"C:\\Windows\\System32\\cmd.exe"},{"@Name":"ParentCommandLine","#text":"\"C:\\Windows\\system32\\cmd.exe\" /c \"for /l %x in (1,1,75) do start wordpad.exe /p C:\\Users\\ADMIN_~1\\AppData\\Local\\Temp\\AtomicRedTeam\\..\\ExternalPayloads\\T1059_003note.txt\""},{"@Name":"ParentUser","#text":"SERVER002\\admin_test"}]}}}
{"Event":{"System":{"Provider":{"@Name":"Microsoft-Windows-Sysmon","@Guid":"5770385f-c22a-43e0-bf4c-06f5698ffbd9"},"EventID":"1","Version":"5","Level":"4","Task":"1","Opcode":"0","Keywords":"0x8000000000000000","TimeCreated":{"@SystemTime":"2024-10-23 12:20:43.6595701"},"EventRecordID":"18030","Correlation":null,"Execution":{"@ProcessID":"2832","@ThreadID":"4820"},"Channel":"Microsoft-Windows-Sysmon/Operational","Computer":"Server002","Security":{"@UserID":"S-1-5-18"}},"EventData":{"Data":[{"@Name":"RuleName","#text":"-"},{"@Name":"UtcTime","#text":"2024-10-23 12:20:43.647"},{"@Name":"ProcessGuid","#text":"dbf410b3-ea1b-6718-f500-000000003900"},{"@Name":"ProcessId","#text":"5152"},{"@Name":"Image","#text":"C:\\Program Files\\Windows NT\\Accessories\\wordpad.exe"},{"@Name":"FileVersion","#text":"10.0.19041.5007 (WinBuild.160101.0800)"},{"@Name":"Description","#text":"Windows Wordpad Application"},{"@Name":"Product","#text":"Microsoft® Windows® Operating System"},{"@Name":"Company","#text":"Microsoft Corporation"},{"@Name":"OriginalFileName","#text":"WORDPAD.EXE"},{"@Name":"CommandLine","#text":"\"C:\\Program Files\\Windows NT\\Accessories\\wordpad.exe\"  /p C:\\Users\\ADMIN_~1\\AppData\\Local\\Temp\\AtomicRedTeam\\..\\ExternalPayloads\\T1059_003note.txt"},{"@Name":"CurrentDirectory","#text":"C:\\Users\\admin_test\\AppData\\Local\\Temp\\"},{"@Name":"User","#text":"SERVER002\\admin_test"},{"@Name":"LogonGuid","#text":"dbf410b3-e9fc-6718-0c99-110000000000"},{"@Name":"LogonId","#text":"0x11990C"},{"@Name":"TerminalSessionId","#text":"0"},{"@Name":"IntegrityLevel","#text":"High"},{"@Name":"Hashes","#text":"SHA256=C91594A4539B971A59EC301154114F21D0FC86ECA43AE064FD4DA56D4856C009"},{"@Name":"ParentProcessGuid","#text":"dbf410b3-ea18-6718-d600-000000003900"},{"@Name":"ParentProcessId","#text":"6204"},{"@Name":"ParentImage","#text":"C:\\Windows\\System32\\cmd.exe"},{"@Name":"ParentCommandLine","#text":"\"C:\\Windows\\system32\\cmd.exe\" /c \"for /l %x in (1,1,75) do start wordpad.exe /p C:\\Users\\ADMIN_~1\\AppData\\Local\\Temp\\AtomicRedTeam\\..\\ExternalPayloads\\T1059_003note.txt\""},{"@Name":"ParentUser","#text":"SERVER002\\admin_test"}]}}}
{"Event":{"System":{"Provider":{"@Name":"Microsoft-Windows-Sysmon","@Guid":"5770385f-c22a-43e0-bf4c-06f5698ffbd9"},"EventID":"1","Version":"5","Level":"4","Task":"1","Opcode":"0","Keywords":"0x8000000000000000","TimeCreated":{"@SystemTime":"2024-10-23 12:20:43.8556590"},"EventRecordID":"18031","Correlation":null,"Execution":{"@ProcessID":"2832","@ThreadID":"4820"},"Channel":"Microsoft-Windows-Sysmon/Operational","Computer":"Server002","Security":{"@UserID":"S-1-5-18"}},"EventData":{"Data":[{"@Name":"RuleName","#text":"-"},{"@Name":"UtcTime","#text":"2024-10-23 12:20:43.771"},{"@Name":"ProcessGuid","#text":"dbf410b3-ea1b-6718-f600-000000003900"},{"@Name":"ProcessId","#text":"3260"},{"@Name":"Image","#text":"C:\\Program Files\\Windows NT\\Accessories\\wordpad.exe"},{"@Name":"FileVersion","#text":"10.0.19041.5007 (WinBuild.160101.0800)"},{"@Name":"Description","#text":"Windows Wordpad Application"},{"@Name":"Product","#text":"Microsoft® Windows® Operating System"},{"@Name":"Company","#text":"Microsoft Corporation"},{"@Name":"OriginalFileName","#text":"WORDPAD.EXE"},{"@Name":"CommandLine","#text":"\"C:\\Program Files\\Windows NT\\Accessories\\wordpad.exe\"  /p C:\\Users\\ADMIN_~1\\AppData\\Local\\Temp\\AtomicRedTeam\\..\\ExternalPayloads\\T1059_003note.txt"},{"@Name":"CurrentDirectory","#text":"C:\\Users\\admin_test\\AppData\\Local\\Temp\\"},{"@Name":"User","#text":"SERVER002\\admin_test"},{"@Name":"LogonGuid","#text":"dbf410b3-e9fc-6718-0c99-110000000000"},{"@Name":"LogonId","#text":"0x11990C"},{"@Name":"TerminalSessionId","#text":"0"},{"@Name":"IntegrityLevel","#text":"High"},{"@Name":"Hashes","#text":"SHA256=C91594A4539B971A59EC301154114F21D0FC86ECA43AE064FD4DA56D4856C009"},{"@Name":"ParentProcessGuid","#text":"dbf410b3-ea18-6718-d600-000000003900"},{"@Name":"ParentProcessId","#text":"6204"},{"@Name":"ParentImage","#text":"C:\\Windows\\System32\\cmd.exe"},{"@Name":"ParentCommandLine","#text":"\"C:\\Windows\\system32\\cmd.exe\" /c \"for /l %x in (1,1,75) do start wordpad.exe /p C:\\Users\\ADMIN_~1\\AppData\\Local\\Temp\\AtomicRedTeam\\..\\ExternalPayloads\\T1059_003note.txt\""},{"@Name":"ParentUser","#text":"SERVER002\\admin_test"}]}}}
{"Event":{"System":{"Provider":{"@Name":"Microsoft-Windows-Sysmon","@Guid":"5770385f-c22a-43e0-bf4c-06f5698ffbd9"},"EventID":"1","Version":"5","Level":"4","Task":"1","Opcode":"0","Keywords":"0x8000000000000000","TimeCreated":{"@SystemTime":"2024-10-23 12:20:44.0546104"},"EventRecordID":"18032","Correlation":null,"Execution":{"@ProcessID":"2832","@ThreadID":"4820"},"Channel":"Microsoft-Windows-Sysmon/Operational","Computer":"Server002","Security":{"@UserID":"S-1-5-18"}},"EventData":{"Data":[{"@Name":"RuleName","#text":"-"},{"@Name":"UtcTime","#text":"2024-10-23 12:20:44.029"},{"@Name":"ProcessGuid","#text":"dbf410b3-ea1c-6718-f700-000000003900"},{"@Name":"ProcessId","#text":"3512"},{"@Name":"Image","#text":"C:\\Program Files\\Windows NT\\Accessories\\wordpad.exe"},{"@Name":"FileVersion","#text":"10.0.19041.5007 (WinBuild.160101.0800)"},{"@Name":"Description","#text":"Windows Wordpad Application"},{"@Name":"Product","#text":"Microsoft® Windows® Operating System"},{"@Name":"Company","#text":"Microsoft Corporation"},{"@Name":"OriginalFileName","#text":"WORDPAD.EXE"},{"@Name":"CommandLine","#text":"\"C:\\Program Files\\Windows NT\\Accessories\\wordpad.exe\"  /p C:\\Users\\ADMIN_~1\\AppData\\Local\\Temp\\AtomicRedTeam\\..\\ExternalPayloads\\T1059_003note.txt"},{"@Name":"CurrentDirectory","#text":"C:\\Users\\admin_test\\AppData\\Local\\Temp\\"},{"@Name":"User","#text":"SERVER002\\admin_test"},{"@Name":"LogonGuid","#text":"dbf410b3-e9fc-6718-0c99-110000000000"},{"@Name":"LogonId","#text":"0x11990C"},{"@Name":"TerminalSessionId","#text":"0"},{"@Name":"IntegrityLevel","#text":"High"},{"@Name":"Hashes","#text":"SHA256=C91594A4539B971A59EC301154114F21D0FC86ECA43AE064FD4DA56D4856C009"},{"@Name":"ParentProcessGuid","#text":"dbf410b3-ea18-6718-d600-000000003900"},{"@Name":"ParentProcessId","#text":"6204"},{"@Name":"ParentImage","#text":"C:\\Windows\\System32\\cmd.exe"},{"@Name":"ParentCommandLine","#text":"\"C:\\Windows\\system32\\cmd.exe\" /c \"for /l %x in (1,1,75) do start wordpad.exe /p C:\\Users\\ADMIN_~1\\AppData\\Local\\Temp\\AtomicRedTeam\\..\\ExternalPayloads\\T1059_003note.txt\""},{"@Name":"ParentUser","#text":"SERVER002\\admin_test"}]}}}
{"Event":{"System":{"Provider":{"@Name":"Microsoft-Windows-Sysmon","@Guid":"5770385f-c22a-43e0-bf4c-06f5698ffbd9"},"EventID":"1","Version":"5","Level":"4","Task":"1","Opcode":"0","Keywords":"0x8000000000000000","TimeCreated":{"@SystemTime":"2024-10-23 12:20:44.4319861"},"EventRecordID":"18033","Correlation":null,"Execution":{"@ProcessID":"2832","@ThreadID":"4820"},"Channel":"Microsoft-Windows-Sysmon/Operational","Computer":"Server002","Security":{"@UserID":"S-1-5-18"}},"EventData":{"Data":[{"@Name":"RuleName","#text":"-"},{"@Name":"UtcTime","#text":"2024-10-23 12:20:44.307"},{"@Name":"ProcessGuid","#text":"dbf410b3-ea1c-6718-f800-000000003900"},{"@Name":"ProcessId","#text":"3528"},{"@Name":"Image","#text":"C:\\Program Files\\Windows NT\\Accessories\\wordpad.exe"},{"@Name":"FileVersion","#text":"10.0.19041.5007 (WinBuild.160101.0800)"},{"@Name":"Description","#text":"Windows Wordpad Application"},{"@Name":"Product","#text":"Microsoft® Windows® Operating System"},{"@Name":"Company","#text":"Microsoft Corporation"},{"@Name":"OriginalFileName","#text":"WORDPAD.EXE"},{"@Name":"CommandLine","#text":"\"C:\\Program Files\\Windows NT\\Accessories\\wordpad.exe\"  /p C:\\Users\\ADMIN_~1\\AppData\\Local\\Temp\\AtomicRedTeam\\..\\ExternalPayloads\\T1059_003note.txt"},{"@Name":"CurrentDirectory","#text":"C:\\Users\\admin_test\\AppData\\Local\\Temp\\"},{"@Name":"User","#text":"SERVER002\\admin_test"},{"@Name":"LogonGuid","#text":"dbf410b3-e9fc-6718-0c99-110000000000"},{"@Name":"LogonId","#text":"0x11990C"},{"@Name":"TerminalSessionId","#text":"0"},{"@Name":"IntegrityLevel","#text":"High"},{"@Name":"Hashes","#text":"SHA256=C91594A4539B971A59EC301154114F21D0FC86ECA43AE064FD4DA56D4856C009"},{"@Name":"ParentProcessGuid","#text":"dbf410b3-ea18-6718-d600-000000003900"},{"@Name":"ParentProcessId","#text":"6204"},{"@Name":"ParentImage","#text":"C:\\Windows\\System32\\cmd.exe"},{"@Name":"ParentCommandLine","#text":"\"C:\\Windows\\system32\\cmd.exe\" /c \"for /l %x in (1,1,75) do start wordpad.exe /p C:\\Users\\ADMIN_~1\\AppData\\Local\\Temp\\AtomicRedTeam\\..\\ExternalPayloads\\T1059_003note.txt\""},{"@Name":"ParentUser","#text":"SERVER002\\admin_test"}]}}}
{"Event":{"System":{"Provider":{"@Name":"Microsoft-Windows-Sysmon","@Guid":"5770385f-c22a-43e0-bf4c-06f5698ffbd9"},"EventID":"1","Version":"5","Level":"4","Task":"1","Opcode":"0","Keywords":"0x8000000000000000","TimeCreated":{"@SystemTime":"2024-10-23 12:20:44.6372412"},"EventRecordID":"18034","Correlation":null,"Execution":{"@ProcessID":"2832","@ThreadID":"4820"},"Channel":"Microsoft-Windows-Sysmon/Operational","Computer":"Server002","Security":{"@UserID":"S-1-5-18"}},"EventData":{"Data":[{"@Name":"RuleName","#text":"-"},{"@Name":"UtcTime","#text":"2024-10-23 12:20:44.599"},{"@Name":"ProcessGuid","#text":"dbf410b3-ea1c-6718-f900-000000003900"},{"@Name":"ProcessId","#text":"6920"},{"@Name":"Image","#text":"C:\\Program Files\\Windows NT\\Accessories\\wordpad.exe"},{"@Name":"FileVersion","#text":"10.0.19041.5007 (WinBuild.160101.0800)"},{"@Name":"Description","#text":"Windows Wordpad Application"},{"@Name":"Product","#text":"Microsoft® Windows® Operating System"},{"@Name":"Company","#text":"Microsoft Corporation"},{"@Name":"OriginalFileName","#text":"WORDPAD.EXE"},{"@Name":"CommandLine","#text":"\"C:\\Program Files\\Windows NT\\Accessories\\wordpad.exe\"  /p C:\\Users\\ADMIN_~1\\AppData\\Local\\Temp\\AtomicRedTeam\\..\\ExternalPayloads\\T1059_003note.txt"},{"@Name":"CurrentDirectory","#text":"C:\\Users\\admin_test\\AppData\\Local\\Temp\\"},{"@Name":"User","#text":"SERVER002\\admin_test"},{"@Name":"LogonGuid","#text":"dbf410b3-e9fc-6718-0c99-110000000000"},{"@Name":"LogonId","#text":"0x11990C"},{"@Name":"TerminalSessionId","#text":"0"},{"@Name":"IntegrityLevel","#text":"High"},{"@Name":"Hashes","#text":"SHA256=C91594A4539B971A59EC301154114F21D0FC86ECA43AE064FD4DA56D4856C009"},{"@Name":"ParentProcessGuid","#text":"dbf410b3-ea18-6718-d600-000000003900"},{"@Name":"ParentProcessId","#text":"6204"},{"@Name":"ParentImage","#text":"C:\\Windows\\System32\\cmd.exe"},{"@Name":"ParentCommandLine","#text":"\"C:\\Windows\\system32\\cmd.exe\" /c \"for /l %x in (1,1,75) do start wordpad.exe /p C:\\Users\\ADMIN_~1\\AppData\\Local\\Temp\\AtomicRedTeam\\..\\ExternalPayloads\\T1059_003note.txt\""},{"@Name":"ParentUser","#text":"SERVER002\\admin_test"}]}}}
{"Event":{"System":{"Provider":{"@Name":"Microsoft-Windows-Sysmon","@Guid":"5770385f-c22a-43e0-bf4c-06f5698ffbd9"},"EventID":"5","Version":"3","Level":"4","Task":"5","Opcode":"0","Keywords":"0x8000000000000000","TimeCreated":{"@SystemTime":"2024-10-23 12:20:44.7475499"},"EventRecordID":"18035","Correlation":null,"Execution":{"@ProcessID":"2832","@ThreadID":"4820"},"Channel":"Microsoft-Windows-Sysmon/Operational","Computer":"Server002","Security":{"@UserID":"S-1-5-18"}},"EventData":{"Data":[{"@Name":"RuleName","#text":"-"},{"@Name":"UtcTime","#text":"2024-10-23 12:20:44.735"},{"@Name":"ProcessGuid","#text":"dbf410b3-e9f6-6718-b300-000000003900"},{"@Name":"ProcessId","#text":"6572"},{"@Name":"Image","#text":"C:\\Windows\\System32\\sppsvc.exe"},{"@Name":"User","#text":"NT AUTHORITY\\NETWORK SERVICE"}]}}}
{"Event":{"System":{"Provider":{"@Name":"Microsoft-Windows-Sysmon","@Guid":"5770385f-c22a-43e0-bf4c-06f5698ffbd9"},"EventID":"1","Version":"5","Level":"4","Task":"1","Opcode":"0","Keywords":"0x8000000000000000","TimeCreated":{"@SystemTime":"2024-10-23 12:20:44.8483199"},"EventRecordID":"18036","Correlation":null,"Execution":{"@ProcessID":"2832","@ThreadID":"4820"},"Channel":"Microsoft-Windows-Sysmon/Operational","Computer":"Server002","Security":{"@UserID":"S-1-5-18"}},"EventData":{"Data":[{"@Name":"RuleName","#text":"-"},{"@Name":"UtcTime","#text":"2024-10-23 12:20:44.809"},{"@Name":"ProcessGuid","#text":"dbf410b3-ea1c-6718-fa00-000000003900"},{"@Name":"ProcessId","#text":"4268"},{"@Name":"Image","#text":"C:\\Program Files\\Windows NT\\Accessories\\wordpad.exe"},{"@Name":"FileVersion","#text":"10.0.19041.5007 (WinBuild.160101.0800)"},{"@Name":"Description","#text":"Windows Wordpad Application"},{"@Name":"Product","#text":"Microsoft® Windows® Operating System"},{"@Name":"Company","#text":"Microsoft Corporation"},{"@Name":"OriginalFileName","#text":"WORDPAD.EXE"},{"@Name":"CommandLine","#text":"\"C:\\Program Files\\Windows NT\\Accessories\\wordpad.exe\"  /p C:\\Users\\ADMIN_~1\\AppData\\Local\\Temp\\AtomicRedTeam\\..\\ExternalPayloads\\T1059_003note.txt"},{"@Name":"CurrentDirectory","#text":"C:\\Users\\admin_test\\AppData\\Local\\Temp\\"},{"@Name":"User","#text":"SERVER002\\admin_test"},{"@Name":"LogonGuid","#text":"dbf410b3-e9fc-6718-0c99-110000000000"},{"@Name":"LogonId","#text":"0x11990C"},{"@Name":"TerminalSessionId","#text":"0"},{"@Name":"IntegrityLevel","#text":"High"},{"@Name":"Hashes","#text":"SHA256=C91594A4539B971A59EC301154114F21D0FC86ECA43AE064FD4DA56D4856C009"},{"@Name":"ParentProcessGuid","#text":"dbf410b3-ea18-6718-d600-000000003900"},{"@Name":"ParentProcessId","#text":"6204"},{"@Name":"ParentImage","#text":"C:\\Windows\\System32\\cmd.exe"},{"@Name":"ParentCommandLine","#text":"\"C:\\Windows\\system32\\cmd.exe\" /c \"for /l %x in (1,1,75) do start wordpad.exe /p C:\\Users\\ADMIN_~1\\AppData\\Local\\Temp\\AtomicRedTeam\\..\\ExternalPayloads\\T1059_003note.txt\""},{"@Name":"ParentUser","#text":"SERVER002\\admin_test"}]}}}
{"Event":{"System":{"Provider":{"@Name":"Microsoft-Windows-Sysmon","@Guid":"5770385f-c22a-43e0-bf4c-06f5698ffbd9"},"EventID":"1","Version":"5","Level":"4","Task":"1","Opcode":"0","Keywords":"0x8000000000000000","TimeCreated":{"@SystemTime":"2024-10-23 12:20:45.1099901"},"EventRecordID":"18037","Correlation":null,"Execution":{"@ProcessID":"2832","@ThreadID":"4820"},"Channel":"Microsoft-Windows-Sysmon/Operational","Computer":"Server002","Security":{"@UserID":"S-1-5-18"}},"EventData":{"Data":[{"@Name":"RuleName","#text":"-"},{"@Name":"UtcTime","#text":"2024-10-23 12:20:45.084"},{"@Name":"ProcessGuid","#text":"dbf410b3-ea1d-6718-fb00-000000003900"},{"@Name":"ProcessId","#text":"4648"},{"@Name":"Image","#text":"C:\\Program Files\\Windows NT\\Accessories\\wordpad.exe"},{"@Name":"FileVersion","#text":"10.0.19041.5007 (WinBuild.160101.0800)"},{"@Name":"Description","#text":"Windows Wordpad Application"},{"@Name":"Product","#text":"Microsoft® Windows® Operating System"},{"@Name":"Company","#text":"Microsoft Corporation"},{"@Name":"OriginalFileName","#text":"WORDPAD.EXE"},{"@Name":"CommandLine","#text":"\"C:\\Program Files\\Windows NT\\Accessories\\wordpad.exe\"  /p C:\\Users\\ADMIN_~1\\AppData\\Local\\Temp\\AtomicRedTeam\\..\\ExternalPayloads\\T1059_003note.txt"},{"@Name":"CurrentDirectory","#text":"C:\\Users\\admin_test\\AppData\\Local\\Temp\\"},{"@Name":"User","#text":"SERVER002\\admin_test"},{"@Name":"LogonGuid","#text":"dbf410b3-e9fc-6718-0c99-110000000000"},{"@Name":"LogonId","#text":"0x11990C"},{"@Name":"TerminalSessionId","#text":"0"},{"@Name":"IntegrityLevel","#text":"High"},{"@Name":"Hashes","#text":"SHA256=C91594A4539B971A59EC301154114F21D0FC86ECA43AE064FD4DA56D4856C009"},{"@Name":"ParentProcessGuid","#text":"dbf410b3-ea18-6718-d600-000000003900"},{"@Name":"ParentProcessId","#text":"6204"},{"@Name":"ParentImage","#text":"C:\\Windows\\System32\\cmd.exe"},{"@Name":"ParentCommandLine","#text":"\"C:\\Windows\\system32\\cmd.exe\" /c \"for /l %x in (1,1,75) do start wordpad.exe /p C:\\Users\\ADMIN_~1\\AppData\\Local\\Temp\\AtomicRedTeam\\..\\ExternalPayloads\\T1059_003note.txt\""},{"@Name":"ParentUser","#text":"SERVER002\\admin_test"}]}}}
{"Event":{"System":{"Provider":{"@Name":"Microsoft-Windows-Sysmon","@Guid":"5770385f-c22a-43e0-bf4c-06f5698ffbd9"},"EventID":"1","Version":"5","Level":"4","Task":"1","Opcode":"0","Keywords":"0x8000000000000000","TimeCreated":{"@SystemTime":"2024-10-23 12:20:45.2314240"},"EventRecordID":"18038","Correlation":null,"Execution":{"@ProcessID":"2832","@ThreadID":"4820"},"Channel":"Microsoft-Windows-Sysmon/Operational","Computer":"Server002","Security":{"@UserID":"S-1-5-18"}},"EventData":{"Data":[{"@Name":"RuleName","#text":"-"},{"@Name":"UtcTime","#text":"2024-10-23 12:20:45.207"},{"@Name":"ProcessGuid","#text":"dbf410b3-ea1d-6718-fc00-000000003900"},{"@Name":"ProcessId","#text":"6360"},{"@Name":"Image","#text":"C:\\Program Files\\Windows NT\\Accessories\\wordpad.exe"},{"@Name":"FileVersion","#text":"10.0.19041.5007 (WinBuild.160101.0800)"},{"@Name":"Description","#text":"Windows Wordpad Application"},{"@Name":"Product","#text":"Microsoft® Windows® Operating System"},{"@Name":"Company","#text":"Microsoft Corporation"},{"@Name":"OriginalFileName","#text":"WORDPAD.EXE"},{"@Name":"CommandLine","#text":"\"C:\\Program Files\\Windows NT\\Accessories\\wordpad.exe\"  /p C:\\Users\\ADMIN_~1\\AppData\\Local\\Temp\\AtomicRedTeam\\..\\ExternalPayloads\\T1059_003note.txt"},{"@Name":"CurrentDirectory","#text":"C:\\Users\\admin_test\\AppData\\Local\\Temp\\"},{"@Name":"User","#text":"SERVER002\\admin_test"},{"@Name":"LogonGuid","#text":"dbf410b3-e9fc-6718-0c99-110000000000"},{"@Name":"LogonId","#text":"0x11990C"},{"@Name":"TerminalSessionId","#text":"0"},{"@Name":"IntegrityLevel","#text":"High"},{"@Name":"Hashes","#text":"SHA256=C91594A4539B971A59EC301154114F21D0FC86ECA43AE064FD4DA56D4856C009"},{"@Name":"ParentProcessGuid","#text":"dbf410b3-ea18-6718-d600-000000003900"},{"@Name":"ParentProcessId","#text":"6204"},{"@Name":"ParentImage","#text":"C:\\Windows\\System32\\cmd.exe"},{"@Name":"ParentCommandLine","#text":"\"C:\\Windows\\system32\\cmd.exe\" /c \"for /l %x in (1,1,75) do start wordpad.exe /p C:\\Users\\ADMIN_~1\\AppData\\Local\\Temp\\AtomicRedTeam\\..\\ExternalPayloads\\T1059_003note.txt\""},{"@Name":"ParentUser","#text":"SERVER002\\admin_test"}]}}}
{"Event":{"System":{"Provider":{"@Name":"Microsoft-Windows-Sysmon","@Guid":"5770385f-c22a-43e0-bf4c-06f5698ffbd9"},"EventID":"1","Version":"5","Level":"4","Task":"1","Opcode":"0","Keywords":"0x8000000000000000","TimeCreated":{"@SystemTime":"2024-10-23 12:20:45.3843021"},"EventRecordID":"18039","Correlation":null,"Execution":{"@ProcessID":"2832","@ThreadID":"4820"},"Channel":"Microsoft-Windows-Sysmon/Operational","Computer":"Server002","Security":{"@UserID":"S-1-5-18"}},"EventData":{"Data":[{"@Name":"RuleName","#text":"-"},{"@Name":"UtcTime","#text":"2024-10-23 12:20:45.314"},{"@Name":"ProcessGuid","#text":"dbf410b3-ea1d-6718-fd00-000000003900"},{"@Name":"ProcessId","#text":"6680"},{"@Name":"Image","#text":"C:\\Program Files\\Windows NT\\Accessories\\wordpad.exe"},{"@Name":"FileVersion","#text":"10.0.19041.5007 (WinBuild.160101.0800)"},{"@Name":"Description","#text":"Windows Wordpad Application"},{"@Name":"Product","#text":"Microsoft® Windows® Operating System"},{"@Name":"Company","#text":"Microsoft Corporation"},{"@Name":"OriginalFileName","#text":"WORDPAD.EXE"},{"@Name":"CommandLine","#text":"\"C:\\Program Files\\Windows NT\\Accessories\\wordpad.exe\"  /p C:\\Users\\ADMIN_~1\\AppData\\Local\\Temp\\AtomicRedTeam\\..\\ExternalPayloads\\T1059_003note.txt"},{"@Name":"CurrentDirectory","#text":"C:\\Users\\admin_test\\AppData\\Local\\Temp\\"},{"@Name":"User","#text":"SERVER002\\admin_test"},{"@Name":"LogonGuid","#text":"dbf410b3-e9fc-6718-0c99-110000000000"},{"@Name":"LogonId","#text":"0x11990C"},{"@Name":"TerminalSessionId","#text":"0"},{"@Name":"IntegrityLevel","#text":"High"},{"@Name":"Hashes","#text":"SHA256=C91594A4539B971A59EC301154114F21D0FC86ECA43AE064FD4DA56D4856C009"},{"@Name":"ParentProcessGuid","#text":"dbf410b3-ea18-6718-d600-000000003900"},{"@Name":"ParentProcessId","#text":"6204"},{"@Name":"ParentImage","#text":"C:\\Windows\\System32\\cmd.exe"},{"@Name":"ParentCommandLine","#text":"\"C:\\Windows\\system32\\cmd.exe\" /c \"for /l %x in (1,1,75) do start wordpad.exe /p C:\\Users\\ADMIN_~1\\AppData\\Local\\Temp\\AtomicRedTeam\\..\\ExternalPayloads\\T1059_003note.txt\""},{"@Name":"ParentUser","#text":"SERVER002\\admin_test"}]}}}
{"Event":{"System":{"Provider":{"@Name":"Microsoft-Windows-Sysmon","@Guid":"5770385f-c22a-43e0-bf4c-06f5698ffbd9"},"EventID":"1","Version":"5","Level":"4","Task":"1","Opcode":"0","Keywords":"0x8000000000000000","TimeCreated":{"@SystemTime":"2024-10-23 12:20:45.5907698"},"EventRecordID":"18040","Correlation":null,"Execution":{"@ProcessID":"2832","@ThreadID":"4820"},"Channel":"Microsoft-Windows-Sysmon/Operational","Computer":"Server002","Security":{"@UserID":"S-1-5-18"}},"EventData":{"Data":[{"@Name":"RuleName","#text":"-"},{"@Name":"UtcTime","#text":"2024-10-23 12:20:45.539"},{"@Name":"ProcessGuid","#text":"dbf410b3-ea1d-6718-fe00-000000003900"},{"@Name":"ProcessId","#text":"5524"},{"@Name":"Image","#text":"C:\\Program Files\\Windows NT\\Accessories\\wordpad.exe"},{"@Name":"FileVersion","#text":"10.0.19041.5007 (WinBuild.160101.0800)"},{"@Name":"Description","#text":"Windows Wordpad Application"},{"@Name":"Product","#text":"Microsoft® Windows® Operating System"},{"@Name":"Company","#text":"Microsoft Corporation"},{"@Name":"OriginalFileName","#text":"WORDPAD.EXE"},{"@Name":"CommandLine","#text":"\"C:\\Program Files\\Windows NT\\Accessories\\wordpad.exe\"  /p C:\\Users\\ADMIN_~1\\AppData\\Local\\Temp\\AtomicRedTeam\\..\\ExternalPayloads\\T1059_003note.txt"},{"@Name":"CurrentDirectory","#text":"C:\\Users\\admin_test\\AppData\\Local\\Temp\\"},{"@Name":"User","#text":"SERVER002\\admin_test"},{"@Name":"LogonGuid","#text":"dbf410b3-e9fc-6718-0c99-110000000000"},{"@Name":"LogonId","#text":"0x11990C"},{"@Name":"TerminalSessionId","#text":"0"},{"@Name":"IntegrityLevel","#text":"High"},{"@Name":"Hashes","#text":"SHA256=C91594A4539B971A59EC301154114F21D0FC86ECA43AE064FD4DA56D4856C009"},{"@Name":"ParentProcessGuid","#text":"dbf410b3-ea18-6718-d600-000000003900"},{"@Name":"ParentProcessId","#text":"6204"},{"@Name":"ParentImage","#text":"C:\\Windows\\System32\\cmd.exe"},{"@Name":"ParentCommandLine","#text":"\"C:\\Windows\\system32\\cmd.exe\" /c \"for /l %x in (1,1,75) do start wordpad.exe /p C:\\Users\\ADMIN_~1\\AppData\\Local\\Temp\\AtomicRedTeam\\..\\ExternalPayloads\\T1059_003note.txt\""},{"@Name":"ParentUser","#text":"SERVER002\\admin_test"}]}}}
{"Event":{"System":{"Provider":{"@Name":"Microsoft-Windows-Sysmon","@Guid":"5770385f-c22a-43e0-bf4c-06f5698ffbd9"},"EventID":"1","Version":"5","Level":"4","Task":"1","Opcode":"0","Keywords":"0x8000000000000000","TimeCreated":{"@SystemTime":"2024-10-23 12:20:45.9412664"},"EventRecordID":"18041","Correlation":null,"Execution":{"@ProcessID":"2832","@ThreadID":"4820"},"Channel":"Microsoft-Windows-Sysmon/Operational","Computer":"Server002","Security":{"@UserID":"S-1-5-18"}},"EventData":{"Data":[{"@Name":"RuleName","#text":"-"},{"@Name":"UtcTime","#text":"2024-10-23 12:20:45.883"},{"@Name":"ProcessGuid","#text":"dbf410b3-ea1d-6718-ff00-000000003900"},{"@Name":"ProcessId","#text":"6444"},{"@Name":"Image","#text":"C:\\Program Files\\Windows NT\\Accessories\\wordpad.exe"},{"@Name":"FileVersion","#text":"10.0.19041.5007 (WinBuild.160101.0800)"},{"@Name":"Description","#text":"Windows Wordpad Application"},{"@Name":"Product","#text":"Microsoft® Windows® Operating System"},{"@Name":"Company","#text":"Microsoft Corporation"},{"@Name":"OriginalFileName","#text":"WORDPAD.EXE"},{"@Name":"CommandLine","#text":"\"C:\\Program Files\\Windows NT\\Accessories\\wordpad.exe\"  /p C:\\Users\\ADMIN_~1\\AppData\\Local\\Temp\\AtomicRedTeam\\..\\ExternalPayloads\\T1059_003note.txt"},{"@Name":"CurrentDirectory","#text":"C:\\Users\\admin_test\\AppData\\Local\\Temp\\"},{"@Name":"User","#text":"SERVER002\\admin_test"},{"@Name":"LogonGuid","#text":"dbf410b3-e9fc-6718-0c99-110000000000"},{"@Name":"LogonId","#text":"0x11990C"},{"@Name":"TerminalSessionId","#text":"0"},{"@Name":"IntegrityLevel","#text":"High"},{"@Name":"Hashes","#text":"SHA256=C91594A4539B971A59EC301154114F21D0FC86ECA43AE064FD4DA56D4856C009"},{"@Name":"ParentProcessGuid","#text":"dbf410b3-ea18-6718-d600-000000003900"},{"@Name":"ParentProcessId","#text":"6204"},{"@Name":"ParentImage","#text":"C:\\Windows\\System32\\cmd.exe"},{"@Name":"ParentCommandLine","#text":"\"C:\\Windows\\system32\\cmd.exe\" /c \"for /l %x in (1,1,75) do start wordpad.exe /p C:\\Users\\ADMIN_~1\\AppData\\Local\\Temp\\AtomicRedTeam\\..\\ExternalPayloads\\T1059_003note.txt\""},{"@Name":"ParentUser","#text":"SERVER002\\admin_test"}]}}}
{"Event":{"System":{"Provider":{"@Name":"Microsoft-Windows-Sysmon","@Guid":"5770385f-c22a-43e0-bf4c-06f5698ffbd9"},"EventID":"1","Version":"5","Level":"4","Task":"1","Opcode":"0","Keywords":"0x8000000000000000","TimeCreated":{"@SystemTime":"2024-10-23 12:20:46.1881894"},"EventRecordID":"18042","Correlation":null,"Execution":{"@ProcessID":"2832","@ThreadID":"4820"},"Channel":"Microsoft-Windows-Sysmon/Operational","Computer":"Server002","Security":{"@UserID":"S-1-5-18"}},"EventData":{"Data":[{"@Name":"RuleName","#text":"-"},{"@Name":"UtcTime","#text":"2024-10-23 12:20:46.163"},{"@Name":"ProcessGuid","#text":"dbf410b3-ea1e-6718-0001-000000003900"},{"@Name":"ProcessId","#text":"5564"},{"@Name":"Image","#text":"C:\\Program Files\\Windows NT\\Accessories\\wordpad.exe"},{"@Name":"FileVersion","#text":"10.0.19041.5007 (WinBuild.160101.0800)"},{"@Name":"Description","#text":"Windows Wordpad Application"},{"@Name":"Product","#text":"Microsoft® Windows® Operating System"},{"@Name":"Company","#text":"Microsoft Corporation"},{"@Name":"OriginalFileName","#text":"WORDPAD.EXE"},{"@Name":"CommandLine","#text":"\"C:\\Program Files\\Windows NT\\Accessories\\wordpad.exe\"  /p C:\\Users\\ADMIN_~1\\AppData\\Local\\Temp\\AtomicRedTeam\\..\\ExternalPayloads\\T1059_003note.txt"},{"@Name":"CurrentDirectory","#text":"C:\\Users\\admin_test\\AppData\\Local\\Temp\\"},{"@Name":"User","#text":"SERVER002\\admin_test"},{"@Name":"LogonGuid","#text":"dbf410b3-e9fc-6718-0c99-110000000000"},{"@Name":"LogonId","#text":"0x11990C"},{"@Name":"TerminalSessionId","#text":"0"},{"@Name":"IntegrityLevel","#text":"High"},{"@Name":"Hashes","#text":"SHA256=C91594A4539B971A59EC301154114F21D0FC86ECA43AE064FD4DA56D4856C009"},{"@Name":"ParentProcessGuid","#text":"dbf410b3-ea18-6718-d600-000000003900"},{"@Name":"ParentProcessId","#text":"6204"},{"@Name":"ParentImage","#text":"C:\\Windows\\System32\\cmd.exe"},{"@Name":"ParentCommandLine","#text":"\"C:\\Windows\\system32\\cmd.exe\" /c \"for /l %x in (1,1,75) do start wordpad.exe /p C:\\Users\\ADMIN_~1\\AppData\\Local\\Temp\\AtomicRedTeam\\..\\ExternalPayloads\\T1059_003note.txt\""},{"@Name":"ParentUser","#text":"SERVER002\\admin_test"}]}}}
{"Event":{"System":{"Provider":{"@Name":"Microsoft-Windows-Sysmon","@Guid":"5770385f-c22a-43e0-bf4c-06f5698ffbd9"},"EventID":"1","Version":"5","Level":"4","Task":"1","Opcode":"0","Keywords":"0x8000000000000000","TimeCreated":{"@SystemTime":"2024-10-23 12:20:46.4693898"},"EventRecordID":"18043","Correlation":null,"Execution":{"@ProcessID":"2832","@ThreadID":"4820"},"Channel":"Microsoft-Windows-Sysmon/Operational","Computer":"Server002","Security":{"@UserID":"S-1-5-18"}},"EventData":{"Data":[{"@Name":"RuleName","#text":"-"},{"@Name":"UtcTime","#text":"2024-10-23 12:20:46.391"},{"@Name":"ProcessGuid","#text":"dbf410b3-ea1e-6718-0101-000000003900"},{"@Name":"ProcessId","#text":"4484"},{"@Name":"Image","#text":"C:\\Program Files\\Windows NT\\Accessories\\wordpad.exe"},{"@Name":"FileVersion","#text":"10.0.19041.5007 (WinBuild.160101.0800)"},{"@Name":"Description","#text":"Windows Wordpad Application"},{"@Name":"Product","#text":"Microsoft® Windows® Operating System"},{"@Name":"Company","#text":"Microsoft Corporation"},{"@Name":"OriginalFileName","#text":"WORDPAD.EXE"},{"@Name":"CommandLine","#text":"\"C:\\Program Files\\Windows NT\\Accessories\\wordpad.exe\"  /p C:\\Users\\ADMIN_~1\\AppData\\Local\\Temp\\AtomicRedTeam\\..\\ExternalPayloads\\T1059_003note.txt"},{"@Name":"CurrentDirectory","#text":"C:\\Users\\admin_test\\AppData\\Local\\Temp\\"},{"@Name":"User","#text":"SERVER002\\admin_test"},{"@Name":"LogonGuid","#text":"dbf410b3-e9fc-6718-0c99-110000000000"},{"@Name":"LogonId","#text":"0x11990C"},{"@Name":"TerminalSessionId","#text":"0"},{"@Name":"IntegrityLevel","#text":"High"},{"@Name":"Hashes","#text":"SHA256=C91594A4539B971A59EC301154114F21D0FC86ECA43AE064FD4DA56D4856C009"},{"@Name":"ParentProcessGuid","#text":"dbf410b3-ea18-6718-d600-000000003900"},{"@Name":"ParentProcessId","#text":"6204"},{"@Name":"ParentImage","#text":"C:\\Windows\\System32\\cmd.exe"},{"@Name":"ParentCommandLine","#text":"\"C:\\Windows\\system32\\cmd.exe\" /c \"for /l %x in (1,1,75) do start wordpad.exe /p C:\\Users\\ADMIN_~1\\AppData\\Local\\Temp\\AtomicRedTeam\\..\\ExternalPayloads\\T1059_003note.txt\""},{"@Name":"ParentUser","#text":"SERVER002\\admin_test"}]}}}
{"Event":{"System":{"Provider":{"@Name":"Microsoft-Windows-Sysmon","@Guid":"5770385f-c22a-43e0-bf4c-06f5698ffbd9"},"EventID":"1","Version":"5","Level":"4","Task":"1","Opcode":"0","Keywords":"0x8000000000000000","TimeCreated":{"@SystemTime":"2024-10-23 12:20:46.6721686"},"EventRecordID":"18044","Correlation":null,"Execution":{"@ProcessID":"2832","@ThreadID":"4820"},"Channel":"Microsoft-Windows-Sysmon/Operational","Computer":"Server002","Security":{"@UserID":"S-1-5-18"}},"EventData":{"Data":[{"@Name":"RuleName","#text":"-"},{"@Name":"UtcTime","#text":"2024-10-23 12:20:46.636"},{"@Name":"ProcessGuid","#text":"dbf410b3-ea1e-6718-0201-000000003900"},{"@Name":"ProcessId","#text":"548"},{"@Name":"Image","#text":"C:\\Program Files\\Windows NT\\Accessories\\wordpad.exe"},{"@Name":"FileVersion","#text":"10.0.19041.5007 (WinBuild.160101.0800)"},{"@Name":"Description","#text":"Windows Wordpad Application"},{"@Name":"Product","#text":"Microsoft® Windows® Operating System"},{"@Name":"Company","#text":"Microsoft Corporation"},{"@Name":"OriginalFileName","#text":"WORDPAD.EXE"},{"@Name":"CommandLine","#text":"\"C:\\Program Files\\Windows NT\\Accessories\\wordpad.exe\"  /p C:\\Users\\ADMIN_~1\\AppData\\Local\\Temp\\AtomicRedTeam\\..\\ExternalPayloads\\T1059_003note.txt"},{"@Name":"CurrentDirectory","#text":"C:\\Users\\admin_test\\AppData\\Local\\Temp\\"},{"@Name":"User","#text":"SERVER002\\admin_test"},{"@Name":"LogonGuid","#text":"dbf410b3-e9fc-6718-0c99-110000000000"},{"@Name":"LogonId","#text":"0x11990C"},{"@Name":"TerminalSessionId","#text":"0"},{"@Name":"IntegrityLevel","#text":"High"},{"@Name":"Hashes","#text":"SHA256=C91594A4539B971A59EC301154114F21D0FC86ECA43AE064FD4DA56D4856C009"},{"@Name":"ParentProcessGuid","#text":"dbf410b3-ea18-6718-d600-000000003900"},{"@Name":"ParentProcessId","#text":"6204"},{"@Name":"ParentImage","#text":"C:\\Windows\\System32\\cmd.exe"},{"@Name":"ParentCommandLine","#text":"\"C:\\Windows\\system32\\cmd.exe\" /c \"for /l %x in (1,1,75) do start wordpad.exe /p C:\\Users\\ADMIN_~1\\AppData\\Local\\Temp\\AtomicRedTeam\\..\\ExternalPayloads\\T1059_003note.txt\""},{"@Name":"ParentUser","#text":"SERVER002\\admin_test"}]}}}
{"Event":{"System":{"Provider":{"@Name":"Microsoft-Windows-Sysmon","@Guid":"5770385f-c22a-43e0-bf4c-06f5698ffbd9"},"EventID":"1","Version":"5","Level":"4","Task":"1","Opcode":"0","Keywords":"0x8000000000000000","TimeCreated":{"@SystemTime":"2024-10-23 12:20:46.7592005"},"EventRecordID":"18045","Correlation":null,"Execution":{"@ProcessID":"2832","@ThreadID":"4820"},"Channel":"Microsoft-Windows-Sysmon/Operational","Computer":"Server002","Security":{"@UserID":"S-1-5-18"}},"EventData":{"Data":[{"@Name":"RuleName","#text":"-"},{"@Name":"UtcTime","#text":"2024-10-23 12:20:46.743"},{"@Name":"ProcessGuid","#text":"dbf410b3-ea1e-6718-0301-000000003900"},{"@Name":"ProcessId","#text":"6200"},{"@Name":"Image","#text":"C:\\Program Files\\Windows NT\\Accessories\\wordpad.exe"},{"@Name":"FileVersion","#text":"10.0.19041.5007 (WinBuild.160101.0800)"},{"@Name":"Description","#text":"Windows Wordpad Application"},{"@Name":"Product","#text":"Microsoft® Windows® Operating System"},{"@Name":"Company","#text":"Microsoft Corporation"},{"@Name":"OriginalFileName","#text":"WORDPAD.EXE"},{"@Name":"CommandLine","#text":"\"C:\\Program Files\\Windows NT\\Accessories\\wordpad.exe\"  /p C:\\Users\\ADMIN_~1\\AppData\\Local\\Temp\\AtomicRedTeam\\..\\ExternalPayloads\\T1059_003note.txt"},{"@Name":"CurrentDirectory","#text":"C:\\Users\\admin_test\\AppData\\Local\\Temp\\"},{"@Name":"User","#text":"SERVER002\\admin_test"},{"@Name":"LogonGuid","#text":"dbf410b3-e9fc-6718-0c99-110000000000"},{"@Name":"LogonId","#text":"0x11990C"},{"@Name":"TerminalSessionId","#text":"0"},{"@Name":"IntegrityLevel","#text":"High"},{"@Name":"Hashes","#text":"SHA256=C91594A4539B971A59EC301154114F21D0FC86ECA43AE064FD4DA56D4856C009"},{"@Name":"ParentProcessGuid","#text":"dbf410b3-ea18-6718-d600-000000003900"},{"@Name":"ParentProcessId","#text":"6204"},{"@Name":"ParentImage","#text":"C:\\Windows\\System32\\cmd.exe"},{"@Name":"ParentCommandLine","#text":"\"C:\\Windows\\system32\\cmd.exe\" /c \"for /l %x in (1,1,75) do start wordpad.exe /p C:\\Users\\ADMIN_~1\\AppData\\Local\\Temp\\AtomicRedTeam\\..\\ExternalPayloads\\T1059_003note.txt\""},{"@Name":"ParentUser","#text":"SERVER002\\admin_test"}]}}}
