{"Event":{"System":{"Provider":{"@Name":"Microsoft-Windows-Sysmon","@Guid":"5770385f-c22a-43e0-bf4c-06f5698ffbd9"},"EventID":"5","Version":"3","Level":"4","Task":"5","Opcode":"0","Keywords":"0x8000000000000000","TimeCreated":{"@SystemTime":"2024-10-25 13:26:09.8127047"},"EventRecordID":"18024","Correlation":null,"Execution":{"@ProcessID":"3164","@ThreadID":"3908"},"Channel":"Microsoft-Windows-Sysmon/Operational","Computer":"Server002","Security":{"@UserID":"S-1-5-18"}},"EventData":{"Data":[{"@Name":"RuleName","#text":"-"},{"@Name":"UtcTime","#text":"2024-10-25 13:26:09.809"},{"@Name":"ProcessGuid","#text":"dbf410b3-9be9-671b-8900-000000003900"},{"@Name":"ProcessId","#text":"5304"},{"@Name":"Image","#text":"C:\\Windows\\servicing\\TrustedInstaller.exe"},{"@Name":"User","#text":"NT AUTHORITY\\SYSTEM"}]}}}
{"Event":{"System":{"Provider":{"@Name":"Microsoft-Windows-Sysmon","@Guid":"5770385f-c22a-43e0-bf4c-06f5698ffbd9"},"EventID":"1","Version":"5","Level":"4","Task":"1","Opcode":"0","Keywords":"0x8000000000000000","TimeCreated":{"@SystemTime":"2024-10-25 13:26:18.5013613"},"EventRecordID":"18025","Correlation":null,"Execution":{"@ProcessID":"3164","@ThreadID":"3908"},"Channel":"Microsoft-Windows-Sysmon/Operational","Computer":"Server002","Security":{"@UserID":"S-1-5-18"}},"EventData":{"Data":[{"@Name":"RuleName","#text":"-"},{"@Name":"UtcTime","#text":"2024-10-25 13:26:18.342"},{"@Name":"ProcessGuid","#text":"dbf410b3-9c7a-671b-e100-000000003900"},{"@Name":"ProcessId","#text":"520"},{"@Name":"Image","#text":"C:\\Program Files (x86)\\Microsoft\\EdgeUpdate\\Install\\{64023887-0F87-4EFE-B6C1-5130CB4A8DC9}\\MicrosoftEdge_X64_130.0.2849.46_129.0.2792.89.exe"},{"@Name":"FileVersion","#text":"130.0.2849.46"},{"@Name":"Description","#text":"Microsoft Edge Installer"},{"@Name":"Product","#text":"Microsoft Edge Installer"},{"@Name":"Company","#text":"Microsoft Corporation"},{"@Name":"OriginalFileName","#text":"mini_installer.exe"},{"@Name":"CommandLine","#text":"\"C:\\Program Files (x86)\\Microsoft\\EdgeUpdate\\Install\\{64023887-0F87-4EFE-B6C1-5130CB4A8DC9}\\MicrosoftEdge_X64_130.0.2849.46_129.0.2792.89.exe\" --msedge --verbose-logging --do-not-launch-msedge --system-level --channel=stable"},{"@Name":"CurrentDirectory","#text":"C:\\Program Files (x86)\\Microsoft\\EdgeUpdate\\1.3.195.27\\"},{"@Name":"User","#text":"NT AUTHORITY\\SYSTEM"},{"@Name":"LogonGuid","#text":"dbf410b3-b7f8-671b-e703-000000000000"},{"@Name":"LogonId","#text":"0x3E7"},{"@Name":"TerminalSessionId","#text":"0"},{"@Name":"IntegrityLevel","#text":"System"},{"@Name":"Hashes","#text":"SHA256=27DD0F70CBF37ADAD4FC717022B6D51F9E14478AFBC9CFFB5174356B253F2555"},{"@Name":"ParentProcessGuid","#text":"dbf410b3-9c6c-671b-e000-000000003900"},{"@Name":"ParentProcessId","#text":"4640"},{"@Name":"ParentImage","#text":"C:\\Program Files (x86)\\Microsoft\\EdgeUpdate\\MicrosoftEdgeUpdate.exe"},{"@Name":"ParentCommandLine","#text":"\"C:\\Program Files (x86)\\Microsoft\\EdgeUpdate\\MicrosoftEdgeUpdate.exe\" /svc"},{"@Name":"ParentUser","#text":"NT AUTHORITY\\SYSTEM"}]}}}
{"Event":{"System":{"Provider":{"@Name":"Microsoft-Windows-Sysmon","@Guid":"5770385f-c22a-43e0-bf4c-06f5698ffbd9"},"EventID":"1","Version":"5","Level":"4","Task":"1","Opcode":"0","Keywords":"0x8000000000000000","TimeCreated":{"@SystemTime":"2024-10-25 13:26:18.9257328"},"EventRecordID":"18026","Correlation":null,"Execution":{"@ProcessID":"3164","@ThreadID":"3908"},"Channel":"Microsoft-Windows-Sysmon/Operational","Computer":"Server002","Security":{"@UserID":"S-1-5-18"}},"EventData":{"Data":[{"@Name":"RuleName","#text":"-"},{"@Name":"UtcTime","#text":"2024-10-25 13:26:18.887"},{"@Name":"ProcessGuid","#text":"dbf410b3-9c7a-671b-e200-000000003900"},{"@Name":"ProcessId","#text":"6204"},{"@Name":"Image","#text":"C:\\Program Files (x86)\\Microsoft\\EdgeUpdate\\Install\\{64023887-0F87-4EFE-B6C1-5130CB4A8DC9}\\EDGEMITMP_9837E.tmp\\setup.exe"},{"@Name":"FileVersion","#text":"130.0.2849.46"},{"@Name":"Description","#text":"Microsoft Edge Installer"},{"@Name":"Product","#text":"Microsoft Edge Installer"},{"@Name":"Company","#text":"Microsoft Corporation"},{"@Name":"OriginalFileName","#text":"setup.exe"},{"@Name":"CommandLine","#text":"\"C:\\Program Files (x86)\\Microsoft\\EdgeUpdate\\Install\\{64023887-0F87-4EFE-B6C1-5130CB4A8DC9}\\EDGEMITMP_9837E.tmp\\setup.exe\" --install-archive=\"C:\\Program Files (x86)\\Microsoft\\EdgeUpdate\\Install\\{64023887-0F87-4EFE-B6C1-5130CB4A8DC9}\\MicrosoftEdge_X64_130.0.2849.46_129.0.2792.89.exe\" --previous-version=\"129.0.2792.89\" --msedge --verbose-logging --do-not-launch-msedge --system-level --channel=stable"},{"@Name":"CurrentDirectory","#text":"C:\\Program Files (x86)\\Microsoft\\EdgeUpdate\\1.3.195.27\\"},{"@Name":"User","#text":"NT AUTHORITY\\SYSTEM"},{"@Name":"LogonGuid","#text":"dbf410b3-b7f8-671b-e703-000000000000"},{"@Name":"LogonId","#text":"0x3E7"},{"@Name":"TerminalSessionId","#text":"0"},{"@Name":"IntegrityLevel","#text":"System"},{"@Name":"Hashes","#text":"SHA256=EC095CA709A06E6EED6E0A34F25719B51DCAC330A9E9C7F65A53807FCD8D2085"},{"@Name":"ParentProcessGuid","#text":"dbf410b3-9c7a-671b-e100-000000003900"},{"@Name":"ParentProcessId","#text":"520"},{"@Name":"ParentImage","#text":"C:\\Program Files (x86)\\Microsoft\\EdgeUpdate\\Install\\{64023887-0F87-4EFE-B6C1-5130CB4A8DC9}\\MicrosoftEdge_X64_130.0.2849.46_129.0.2792.89.exe"},{"@Name":"ParentCommandLine","#text":"\"C:\\Program Files (x86)\\Microsoft\\EdgeUpdate\\Install\\{64023887-0F87-4EFE-B6C1-5130CB4A8DC9}\\MicrosoftEdge_X64_130.0.2849.46_129.0.2792.89.exe\" --msedge --verbose-logging --do-not-launch-msedge --system-level --channel=stable"},{"@Name":"ParentUser","#text":"NT AUTHORITY\\SYSTEM"}]}}}
{"Event":{"System":{"Provider":{"@Name":"Microsoft-Windows-Sysmon","@Guid":"5770385f-c22a-43e0-bf4c-06f5698ffbd9"},"EventID":"1","Version":"5","Level":"4","Task":"1","Opcode":"0","Keywords":"0x8000000000000000","TimeCreated":{"@SystemTime":"2024-10-25 13:26:19.3491601"},"EventRecordID":"18027","Correlation":null,"Execution":{"@ProcessID":"3164","@ThreadID":"3908"},"Channel":"Microsoft-Windows-Sysmon/Operational","Computer":"Server002","Security":{"@UserID":"S-1-5-18"}},"EventData":{"Data":[{"@Name":"RuleName","#text":"-"},{"@Name":"UtcTime","#text":"2024-10-25 13:26:19.347"},{"@Name":"ProcessGuid","#text":"dbf410b3-9c7b-671b-e300-000000003900"},{"@Name":"ProcessId","#text":"6228"},{"@Name":"Image","#text":"C:\\Program Files (x86)\\Microsoft\\EdgeUpdate\\Install\\{64023887-0F87-4EFE-B6C1-5130CB4A8DC9}\\EDGEMITMP_9837E.tmp\\setup.exe"},{"@Name":"FileVersion","#text":"130.0.2849.46"},{"@Name":"Description","#text":"Microsoft Edge Installer"},{"@Name":"Product","#text":"Microsoft Edge Installer"},{"@Name":"Company","#text":"Microsoft Corporation"},{"@Name":"OriginalFileName","#text":"setup.exe"},{"@Name":"CommandLine","#text":"\"C:\\Program Files (x86)\\Microsoft\\EdgeUpdate\\Install\\{64023887-0F87-4EFE-B6C1-5130CB4A8DC9}\\EDGEMITMP_9837E.tmp\\setup.exe\" --type=crashpad-handler /prefetch:4 --monitor-self-annotation=ptype=crashpad-handler --database=C:\\Windows\\SystemTemp\\MsEdgeCrashpad --annotation=IsOfficialBuild=1 --annotation=channel= --annotation=chromium-version=130.0.6723.59 \"--annotation=exe=C:\\Program Files (x86)\\Microsoft\\EdgeUpdate\\Install\\{64023887-0F87-4EFE-B6C1-5130CB4A8DC9}\\EDGEMITMP_9837E.tmp\\setup.exe\" --annotation=plat=Win64 --annotation=prod=Edge --annotation=ver=130.0.2849.46 --initial-client-data=0x23c,0x240,0x244,0x218,0x248,0x7ff6a5de1730,0x7ff6a5de173c,0x7ff6a5de1748"},{"@Name":"CurrentDirectory","#text":"C:\\Program Files (x86)\\Microsoft\\EdgeUpdate\\1.3.195.27\\"},{"@Name":"User","#text":"NT AUTHORITY\\SYSTEM"},{"@Name":"LogonGuid","#text":"dbf410b3-b7f8-671b-e703-000000000000"},{"@Name":"LogonId","#text":"0x3E7"},{"@Name":"TerminalSessionId","#text":"0"},{"@Name":"IntegrityLevel","#text":"System"},{"@Name":"Hashes","#text":"SHA256=EC095CA709A06E6EED6E0A34F25719B51DCAC330A9E9C7F65A53807FCD8D2085"},{"@Name":"ParentProcessGuid","#text":"dbf410b3-9c7a-671b-e200-000000003900"},{"@Name":"ParentProcessId","#text":"6204"},{"@Name":"ParentImage","#text":"C:\\Program Files (x86)\\Microsoft\\EdgeUpdate\\Install\\{64023887-0F87-4EFE-B6C1-5130CB4A8DC9}\\EDGEMITMP_9837E.tmp\\setup.exe"},{"@Name":"ParentCommandLine","#text":"\"C:\\Program Files (x86)\\Microsoft\\EdgeUpdate\\Install\\{64023887-0F87-4EFE-B6C1-5130CB4A8DC9}\\EDGEMITMP_9837E.tmp\\setup.exe\" --install-archive=\"C:\\Program Files (x86)\\Microsoft\\EdgeUpdate\\Install\\{64023887-0F87-4EFE-B6C1-5130CB4A8DC9}\\MicrosoftEdge_X64_130.0.2849.46_129.0.2792.89.exe\" --previous-version=\"129.0.2792.89\" --msedge --verbose-logging --do-not-launch-msedge --system-level --channel=stable"},{"@Name":"ParentUser","#text":"NT AUTHORITY\\SYSTEM"}]}}}
{"Event":{"System":{"Provider":{"@Name":"Microsoft-Windows-Sysmon","@Guid":"5770385f-c22a-43e0-bf4c-06f5698ffbd9"},"EventID":"1","Version":"5","Level":"4","Task":"1","Opcode":"0","Keywords":"0x8000000000000000","TimeCreated":{"@SystemTime":"2024-10-25 13:26:20.1426413"},"EventRecordID":"18028","Correlation":null,"Execution":{"@ProcessID":"3164","@ThreadID":"3908"},"Channel":"Microsoft-Windows-Sysmon/Operational","Computer":"Server002","Security":{"@UserID":"S-1-5-18"}},"EventData":{"Data":[{"@Name":"RuleName","#text":"-"},{"@Name":"UtcTime","#text":"2024-10-25 13:26:20.139"},{"@Name":"ProcessGuid","#text":"dbf410b3-9c7c-671b-e400-000000003900"},{"@Name":"ProcessId","#text":"6172"},{"@Name":"Image","#text":"C:\\Windows\\System32\\wevtutil.exe"},{"@Name":"FileVersion","#text":"10.0.19041.3636 (WinBuild.160101.0800)"},{"@Name":"Description","#text":"Eventing Command Line Utility"},{"@Name":"Product","#text":"Microsoft® Windows® Operating System"},{"@Name":"Company","#text":"Microsoft Corporation"},{"@Name":"OriginalFileName","#text":"wevtutil.exe"},{"@Name":"CommandLine","#text":"\"C:\\Windows\\system32\\wevtutil.exe\" epl Microsoft-Windows-Sysmon/Operational C:\\Users\\ADMIN_~1\\AppData\\Local\\Temp\\TempLog.evtx"},{"@Name":"CurrentDirectory","#text":"C:\\Users\\admin_test\\Documents\\"},{"@Name":"User","#text":"SERVER002\\admin_test"},{"@Name":"LogonGuid","#text":"dbf410b3-9c4c-671b-868b-130000000000"},{"@Name":"LogonId","#text":"0x138B86"},{"@Name":"TerminalSessionId","#text":"0"},{"@Name":"IntegrityLevel","#text":"High"},{"@Name":"Hashes","#text":"SHA256=5293A95BE8F320A3AF6D8C1D5E937F13D0EE2925B9B13538487DEC0181EF5432"},{"@Name":"ParentProcessGuid","#text":"dbf410b3-9c4d-671b-b900-000000003900"},{"@Name":"ParentProcessId","#text":"6680"},{"@Name":"ParentImage","#text":"C:\\Windows\\System32\\wsmprovhost.exe"},{"@Name":"ParentCommandLine","#text":"C:\\Windows\\system32\\wsmprovhost.exe -Embedding"},{"@Name":"ParentUser","#text":"SERVER002\\admin_test"}]}}}
{"Event":{"System":{"Provider":{"@Name":"Microsoft-Windows-Sysmon","@Guid":"5770385f-c22a-43e0-bf4c-06f5698ffbd9"},"EventID":"1","Version":"5","Level":"4","Task":"1","Opcode":"0","Keywords":"0x8000000000000000","TimeCreated":{"@SystemTime":"2024-10-25 13:26:20.1464755"},"EventRecordID":"18029","Correlation":null,"Execution":{"@ProcessID":"3164","@ThreadID":"3908"},"Channel":"Microsoft-Windows-Sysmon/Operational","Computer":"Server002","Security":{"@UserID":"S-1-5-18"}},"EventData":{"Data":[{"@Name":"RuleName","#text":"-"},{"@Name":"UtcTime","#text":"2024-10-25 13:26:20.144"},{"@Name":"ProcessGuid","#text":"dbf410b3-9c7c-671b-e500-000000003900"},{"@Name":"ProcessId","#text":"4192"},{"@Name":"Image","#text":"C:\\Windows\\System32\\conhost.exe"},{"@Name":"FileVersion","#text":"10.0.19041.4355 (WinBuild.160101.0800)"},{"@Name":"Description","#text":"Console Window Host"},{"@Name":"Product","#text":"Microsoft® Windows® Operating System"},{"@Name":"Company","#text":"Microsoft Corporation"},{"@Name":"OriginalFileName","#text":"CONHOST.EXE"},{"@Name":"CommandLine","#text":"\\??\\C:\\Windows\\system32\\conhost.exe 0xffffffff -ForceV1"},{"@Name":"CurrentDirectory","#text":"C:\\Windows"},{"@Name":"User","#text":"SERVER002\\admin_test"},{"@Name":"LogonGuid","#text":"dbf410b3-9c4c-671b-868b-130000000000"},{"@Name":"LogonId","#text":"0x138B86"},{"@Name":"TerminalSessionId","#text":"0"},{"@Name":"IntegrityLevel","#text":"High"},{"@Name":"Hashes","#text":"SHA256=CC0A60CD15FA21E54615E46CD0F10CFBE86F496DC64D14B31D9F3B415D120EE1"},{"@Name":"ParentProcessGuid","#text":"dbf410b3-9c7c-671b-e400-000000003900"},{"@Name":"ParentProcessId","#text":"6172"},{"@Name":"ParentImage","#text":"C:\\Windows\\System32\\wevtutil.exe"},{"@Name":"ParentCommandLine","#text":"\"C:\\Windows\\system32\\wevtutil.exe\" epl Microsoft-Windows-Sysmon/Operational C:\\Users\\ADMIN_~1\\AppData\\Local\\Temp\\TempLog.evtx"},{"@Name":"ParentUser","#text":"SERVER002\\admin_test"}]}}}
