{"Event":{"System":{"Provider":{"@Name":"PowerShell"},"EventID":{"@Qualifiers":"0","#text":"600"},"Version":"0","Level":"4","Task":"6","Opcode":"0","Keywords":"0x80000000000000","TimeCreated":{"@SystemTime":"2024-10-25 13:25:54.3042505"},"EventRecordID":"1067","Correlation":null,"Execution":{"@ProcessID":"0","@ThreadID":"0"},"Channel":"Windows PowerShell","Computer":"Server002","Security":null},"EventData":{"Data":"Registry, Started, \tProviderName=Registry\r\n\tNewProviderState=Started\r\n\r\n\tSequenceNumber=1\r\n\r\n\tHostName=ConsoleHost\r\n\tHostVersion=5.1.19041.5007\r\n\tHostId=006b336c-e5b6-46b5-ab57-b732ee90f3c8\r\n\tHostApplication=powershell.exe &amp; {az login\r\n$userprincipalname = \"atomicredteam@yourdomain.com\"\r\n$username = \"atomicredteam\" \r\n$password = \"reallylongcredential12345ART-ydsfghsdgfhsdgfhgsdhfg\"\r\naz ad user create --display-name $username --password $password --user-principal-name $userprincipalname\r\naz ad user list --filter \"displayname eq 'atomicredteam'\"}\r\n\tEngineVersion=\r\n\tRunspaceId=\r\n\tPipelineId=\r\n\tCommandName=\r\n\tCommandType=\r\n\tScriptName=\r\n\tCommandPath=\r\n\tCommandLine=","Binary":""}}}
{"Event":{"System":{"Provider":{"@Name":"PowerShell"},"EventID":{"@Qualifiers":"0","#text":"600"},"Version":"0","Level":"4","Task":"6","Opcode":"0","Keywords":"0x80000000000000","TimeCreated":{"@SystemTime":"2024-10-25 13:25:54.3183062"},"EventRecordID":"1068","Correlation":null,"Execution":{"@ProcessID":"0","@ThreadID":"0"},"Channel":"Windows PowerShell","Computer":"Server002","Security":null},"EventData":{"Data":"Alias, Started, \tProviderName=Alias\r\n\tNewProviderState=Started\r\n\r\n\tSequenceNumber=3\r\n\r\n\tHostName=ConsoleHost\r\n\tHostVersion=5.1.19041.5007\r\n\tHostId=006b336c-e5b6-46b5-ab57-b732ee90f3c8\r\n\tHostApplication=powershell.exe &amp; {az login\r\n$userprincipalname = \"atomicredteam@yourdomain.com\"\r\n$username = \"atomicredteam\" \r\n$password = \"reallylongcredential12345ART-ydsfghsdgfhsdgfhgsdhfg\"\r\naz ad user create --display-name $username --password $password --user-principal-name $userprincipalname\r\naz ad user list --filter \"displayname eq 'atomicredteam'\"}\r\n\tEngineVersion=\r\n\tRunspaceId=\r\n\tPipelineId=\r\n\tCommandName=\r\n\tCommandType=\r\n\tScriptName=\r\n\tCommandPath=\r\n\tCommandLine=","Binary":""}}}
{"Event":{"System":{"Provider":{"@Name":"PowerShell"},"EventID":{"@Qualifiers":"0","#text":"600"},"Version":"0","Level":"4","Task":"6","Opcode":"0","Keywords":"0x80000000000000","TimeCreated":{"@SystemTime":"2024-10-25 13:25:54.3263738"},"EventRecordID":"1069","Correlation":null,"Execution":{"@ProcessID":"0","@ThreadID":"0"},"Channel":"Windows PowerShell","Computer":"Server002","Security":null},"EventData":{"Data":"Environment, Started, \tProviderName=Environment\r\n\tNewProviderState=Started\r\n\r\n\tSequenceNumber=5\r\n\r\n\tHostName=ConsoleHost\r\n\tHostVersion=5.1.19041.5007\r\n\tHostId=006b336c-e5b6-46b5-ab57-b732ee90f3c8\r\n\tHostApplication=powershell.exe &amp; {az login\r\n$userprincipalname = \"atomicredteam@yourdomain.com\"\r\n$username = \"atomicredteam\" \r\n$password = \"reallylongcredential12345ART-ydsfghsdgfhsdgfhgsdhfg\"\r\naz ad user create --display-name $username --password $password --user-principal-name $userprincipalname\r\naz ad user list --filter \"displayname eq 'atomicredteam'\"}\r\n\tEngineVersion=\r\n\tRunspaceId=\r\n\tPipelineId=\r\n\tCommandName=\r\n\tCommandType=\r\n\tScriptName=\r\n\tCommandPath=\r\n\tCommandLine=","Binary":""}}}
{"Event":{"System":{"Provider":{"@Name":"PowerShell"},"EventID":{"@Qualifiers":"0","#text":"600"},"Version":"0","Level":"4","Task":"6","Opcode":"0","Keywords":"0x80000000000000","TimeCreated":{"@SystemTime":"2024-10-25 13:25:54.3327494"},"EventRecordID":"1070","Correlation":null,"Execution":{"@ProcessID":"0","@ThreadID":"0"},"Channel":"Windows PowerShell","Computer":"Server002","Security":null},"EventData":{"Data":"FileSystem, Started, \tProviderName=FileSystem\r\n\tNewProviderState=Started\r\n\r\n\tSequenceNumber=7\r\n\r\n\tHostName=ConsoleHost\r\n\tHostVersion=5.1.19041.5007\r\n\tHostId=006b336c-e5b6-46b5-ab57-b732ee90f3c8\r\n\tHostApplication=powershell.exe &amp; {az login\r\n$userprincipalname = \"atomicredteam@yourdomain.com\"\r\n$username = \"atomicredteam\" \r\n$password = \"reallylongcredential12345ART-ydsfghsdgfhsdgfhgsdhfg\"\r\naz ad user create --display-name $username --password $password --user-principal-name $userprincipalname\r\naz ad user list --filter \"displayname eq 'atomicredteam'\"}\r\n\tEngineVersion=\r\n\tRunspaceId=\r\n\tPipelineId=\r\n\tCommandName=\r\n\tCommandType=\r\n\tScriptName=\r\n\tCommandPath=\r\n\tCommandLine=","Binary":""}}}
{"Event":{"System":{"Provider":{"@Name":"PowerShell"},"EventID":{"@Qualifiers":"0","#text":"600"},"Version":"0","Level":"4","Task":"6","Opcode":"0","Keywords":"0x80000000000000","TimeCreated":{"@SystemTime":"2024-10-25 13:25:54.3327494"},"EventRecordID":"1071","Correlation":null,"Execution":{"@ProcessID":"0","@ThreadID":"0"},"Channel":"Windows PowerShell","Computer":"Server002","Security":null},"EventData":{"Data":"Function, Started, \tProviderName=Function\r\n\tNewProviderState=Started\r\n\r\n\tSequenceNumber=9\r\n\r\n\tHostName=ConsoleHost\r\n\tHostVersion=5.1.19041.5007\r\n\tHostId=006b336c-e5b6-46b5-ab57-b732ee90f3c8\r\n\tHostApplication=powershell.exe &amp; {az login\r\n$userprincipalname = \"atomicredteam@yourdomain.com\"\r\n$username = \"atomicredteam\" \r\n$password = \"reallylongcredential12345ART-ydsfghsdgfhsdgfhgsdhfg\"\r\naz ad user create --display-name $username --password $password --user-principal-name $userprincipalname\r\naz ad user list --filter \"displayname eq 'atomicredteam'\"}\r\n\tEngineVersion=\r\n\tRunspaceId=\r\n\tPipelineId=\r\n\tCommandName=\r\n\tCommandType=\r\n\tScriptName=\r\n\tCommandPath=\r\n\tCommandLine=","Binary":""}}}
{"Event":{"System":{"Provider":{"@Name":"PowerShell"},"EventID":{"@Qualifiers":"0","#text":"600"},"Version":"0","Level":"4","Task":"6","Opcode":"0","Keywords":"0x80000000000000","TimeCreated":{"@SystemTime":"2024-10-25 13:25:54.3400464"},"EventRecordID":"1072","Correlation":null,"Execution":{"@ProcessID":"0","@ThreadID":"0"},"Channel":"Windows PowerShell","Computer":"Server002","Security":null},"EventData":{"Data":"Variable, Started, \tProviderName=Variable\r\n\tNewProviderState=Started\r\n\r\n\tSequenceNumber=11\r\n\r\n\tHostName=ConsoleHost\r\n\tHostVersion=5.1.19041.5007\r\n\tHostId=006b336c-e5b6-46b5-ab57-b732ee90f3c8\r\n\tHostApplication=powershell.exe &amp; {az login\r\n$userprincipalname = \"atomicredteam@yourdomain.com\"\r\n$username = \"atomicredteam\" \r\n$password = \"reallylongcredential12345ART-ydsfghsdgfhsdgfhgsdhfg\"\r\naz ad user create --display-name $username --password $password --user-principal-name $userprincipalname\r\naz ad user list --filter \"displayname eq 'atomicredteam'\"}\r\n\tEngineVersion=\r\n\tRunspaceId=\r\n\tPipelineId=\r\n\tCommandName=\r\n\tCommandType=\r\n\tScriptName=\r\n\tCommandPath=\r\n\tCommandLine=","Binary":""}}}
{"Event":{"System":{"Provider":{"@Name":"PowerShell"},"EventID":{"@Qualifiers":"0","#text":"400"},"Version":"0","Level":"4","Task":"4","Opcode":"0","Keywords":"0x80000000000000","TimeCreated":{"@SystemTime":"2024-10-25 13:25:54.6776792"},"EventRecordID":"1073","Correlation":null,"Execution":{"@ProcessID":"0","@ThreadID":"0"},"Channel":"Windows PowerShell","Computer":"Server002","Security":null},"EventData":{"Data":"Available, None, \tNewEngineState=Available\r\n\tPreviousEngineState=None\r\n\r\n\tSequenceNumber=13\r\n\r\n\tHostName=ConsoleHost\r\n\tHostVersion=5.1.19041.5007\r\n\tHostId=006b336c-e5b6-46b5-ab57-b732ee90f3c8\r\n\tHostApplication=powershell.exe &amp; {az login\r\n$userprincipalname = \"atomicredteam@yourdomain.com\"\r\n$username = \"atomicredteam\" \r\n$password = \"reallylongcredential12345ART-ydsfghsdgfhsdgfhgsdhfg\"\r\naz ad user create --display-name $username --password $password --user-principal-name $userprincipalname\r\naz ad user list --filter \"displayname eq 'atomicredteam'\"}\r\n\tEngineVersion=5.1.19041.5007\r\n\tRunspaceId=639e444f-e03e-46f0-91ae-7e76531cc173\r\n\tPipelineId=\r\n\tCommandName=\r\n\tCommandType=\r\n\tScriptName=\r\n\tCommandPath=\r\n\tCommandLine=","Binary":""}}}
{"Event":{"System":{"Provider":{"@Name":"PowerShell"},"EventID":{"@Qualifiers":"0","#text":"403"},"Version":"0","Level":"4","Task":"4","Opcode":"0","Keywords":"0x80000000000000","TimeCreated":{"@SystemTime":"2024-10-25 13:25:55.6249422"},"EventRecordID":"1074","Correlation":null,"Execution":{"@ProcessID":"0","@ThreadID":"0"},"Channel":"Windows PowerShell","Computer":"Server002","Security":null},"EventData":{"Data":"Stopped, Available, \tNewEngineState=Stopped\r\n\tPreviousEngineState=Available\r\n\r\n\tSequenceNumber=15\r\n\r\n\tHostName=ConsoleHost\r\n\tHostVersion=5.1.19041.5007\r\n\tHostId=006b336c-e5b6-46b5-ab57-b732ee90f3c8\r\n\tHostApplication=powershell.exe &amp; {az login\r\n$userprincipalname = \"atomicredteam@yourdomain.com\"\r\n$username = \"atomicredteam\" \r\n$password = \"reallylongcredential12345ART-ydsfghsdgfhsdgfhgsdhfg\"\r\naz ad user create --display-name $username --password $password --user-principal-name $userprincipalname\r\naz ad user list --filter \"displayname eq 'atomicredteam'\"}\r\n\tEngineVersion=5.1.19041.5007\r\n\tRunspaceId=639e444f-e03e-46f0-91ae-7e76531cc173\r\n\tPipelineId=\r\n\tCommandName=\r\n\tCommandType=\r\n\tScriptName=\r\n\tCommandPath=\r\n\tCommandLine=","Binary":""}}}
