{"Event":{"System":{"Provider":{"@Name":"PowerShell"},"EventID":{"@Qualifiers":"0","#text":"800"},"Version":"0","Level":"4","Task":"8","Opcode":"0","Keywords":"0x80000000000000","TimeCreated":{"@SystemTime":"2024-10-28 07:42:49.9108252"},"EventRecordID":"1083","Correlation":null,"Execution":{"@ProcessID":"0","@ThreadID":"0"},"Channel":"Windows PowerShell","Computer":"Server002","Security":null},"EventData":{"Data":"        Add-Type -AssemblyName System.IO.Compression.FileSystem\r\n, \tDetailSequence=1\r\n\tDetailTotal=1\r\n\r\n\tSequenceNumber=81\r\n\r\n\tUserId=SERVER002\\admin_test\r\n\tHostName=ConsoleHost\r\n\tHostVersion=5.1.19041.5007\r\n\tHostId=77d168e3-7e94-402a-b31e-72ad278f82f8\r\n\tHostApplication=powershell.exe &amp; {dir $env:USERPROFILE -Recurse | Compress-Archive -DestinationPath $env:USERPROFILE\\data-data-ps.zip}\r\n\tEngineVersion=5.1.19041.5007\r\n\tRunspaceId=d44824f5-6775-40e7-91bc-b23b530d8ade\r\n\tPipelineId=1\r\n\tScriptName=C:\\Windows\\system32\\WindowsPowerShell\\v1.0\\Modules\\Microsoft.PowerShell.Archive\\Microsoft.PowerShell.Archive.psm1\r\n\tCommandLine=        Add-Type -AssemblyName System.IO.Compression.FileSystem\r\n, CommandInvocation(Add-Type): \"Add-Type\"\r\nParameterBinding(Add-Type): name=\"AssemblyName\"; value=\"System.IO.Compression.FileSystem\"\r\n","Binary":""}}}
{"Event":{"System":{"Provider":{"@Name":"PowerShell"},"EventID":{"@Qualifiers":"0","#text":"800"},"Version":"0","Level":"4","Task":"8","Opcode":"0","Keywords":"0x80000000000000","TimeCreated":{"@SystemTime":"2024-10-28 07:42:49.9108252"},"EventRecordID":"1084","Correlation":null,"Execution":{"@ProcessID":"0","@ThreadID":"0"},"Channel":"Windows PowerShell","Computer":"Server002","Security":null},"EventData":{"Data":"        Add-Type -AssemblyName System.IO.Compression\r\n, \tDetailSequence=1\r\n\tDetailTotal=1\r\n\r\n\tSequenceNumber=83\r\n\r\n\tUserId=SERVER002\\admin_test\r\n\tHostName=ConsoleHost\r\n\tHostVersion=5.1.19041.5007\r\n\tHostId=77d168e3-7e94-402a-b31e-72ad278f82f8\r\n\tHostApplication=powershell.exe &amp; {dir $env:USERPROFILE -Recurse | Compress-Archive -DestinationPath $env:USERPROFILE\\data-data-ps.zip}\r\n\tEngineVersion=5.1.19041.5007\r\n\tRunspaceId=d44824f5-6775-40e7-91bc-b23b530d8ade\r\n\tPipelineId=1\r\n\tScriptName=C:\\Windows\\system32\\WindowsPowerShell\\v1.0\\Modules\\Microsoft.PowerShell.Archive\\Microsoft.PowerShell.Archive.psm1\r\n\tCommandLine=        Add-Type -AssemblyName System.IO.Compression\r\n, CommandInvocation(Add-Type): \"Add-Type\"\r\nParameterBinding(Add-Type): name=\"AssemblyName\"; value=\"System.IO.Compression\"\r\n","Binary":""}}}
{"Event":{"System":{"Provider":{"@Name":"PowerShell"},"EventID":{"@Qualifiers":"0","#text":"800"},"Version":"0","Level":"4","Task":"8","Opcode":"0","Keywords":"0x80000000000000","TimeCreated":{"@SystemTime":"2024-10-28 07:42:49.9108252"},"EventRecordID":"1085","Correlation":null,"Execution":{"@ProcessID":"0","@ThreadID":"0"},"Channel":"Windows PowerShell","Computer":"Server002","Security":null},"EventData":{"Data":"        Add-Type -AssemblyName System.IO.Compression.FileSystem\r\n, \tDetailSequence=1\r\n\tDetailTotal=1\r\n\r\n\tSequenceNumber=85\r\n\r\n\tUserId=SERVER002\\admin_test\r\n\tHostName=ConsoleHost\r\n\tHostVersion=5.1.19041.5007\r\n\tHostId=77d168e3-7e94-402a-b31e-72ad278f82f8\r\n\tHostApplication=powershell.exe &amp; {dir $env:USERPROFILE -Recurse | Compress-Archive -DestinationPath $env:USERPROFILE\\data-data-ps.zip}\r\n\tEngineVersion=5.1.19041.5007\r\n\tRunspaceId=d44824f5-6775-40e7-91bc-b23b530d8ade\r\n\tPipelineId=1\r\n\tScriptName=C:\\Windows\\system32\\WindowsPowerShell\\v1.0\\Modules\\Microsoft.PowerShell.Archive\\Microsoft.PowerShell.Archive.psm1\r\n\tCommandLine=        Add-Type -AssemblyName System.IO.Compression.FileSystem\r\n, CommandInvocation(Add-Type): \"Add-Type\"\r\nParameterBinding(Add-Type): name=\"AssemblyName\"; value=\"System.IO.Compression.FileSystem\"\r\n","Binary":""}}}
{"Event":{"System":{"Provider":{"@Name":"PowerShell"},"EventID":{"@Qualifiers":"0","#text":"800"},"Version":"0","Level":"4","Task":"8","Opcode":"0","Keywords":"0x80000000000000","TimeCreated":{"@SystemTime":"2024-10-28 07:42:49.9266467"},"EventRecordID":"1086","Correlation":null,"Execution":{"@ProcessID":"0","@ThreadID":"0"},"Channel":"Windows PowerShell","Computer":"Server002","Security":null},"EventData":{"Data":"        Add-Type -AssemblyName System.IO.Compression\r\n, \tDetailSequence=1\r\n\tDetailTotal=1\r\n\r\n\tSequenceNumber=87\r\n\r\n\tUserId=SERVER002\\admin_test\r\n\tHostName=ConsoleHost\r\n\tHostVersion=5.1.19041.5007\r\n\tHostId=77d168e3-7e94-402a-b31e-72ad278f82f8\r\n\tHostApplication=powershell.exe &amp; {dir $env:USERPROFILE -Recurse | Compress-Archive -DestinationPath $env:USERPROFILE\\data-data-ps.zip}\r\n\tEngineVersion=5.1.19041.5007\r\n\tRunspaceId=d44824f5-6775-40e7-91bc-b23b530d8ade\r\n\tPipelineId=1\r\n\tScriptName=C:\\Windows\\system32\\WindowsPowerShell\\v1.0\\Modules\\Microsoft.PowerShell.Archive\\Microsoft.PowerShell.Archive.psm1\r\n\tCommandLine=        Add-Type -AssemblyName System.IO.Compression\r\n, CommandInvocation(Add-Type): \"Add-Type\"\r\nParameterBinding(Add-Type): name=\"AssemblyName\"; value=\"System.IO.Compression\"\r\n","Binary":""}}}
{"Event":{"System":{"Provider":{"@Name":"PowerShell"},"EventID":{"@Qualifiers":"0","#text":"800"},"Version":"0","Level":"4","Task":"8","Opcode":"0","Keywords":"0x80000000000000","TimeCreated":{"@SystemTime":"2024-10-28 07:42:49.9266467"},"EventRecordID":"1087","Correlation":null,"Execution":{"@ProcessID":"0","@ThreadID":"0"},"Channel":"Windows PowerShell","Computer":"Server002","Security":null},"EventData":{"Data":"        Add-Type -AssemblyName System.IO.Compression.FileSystem\r\n, \tDetailSequence=1\r\n\tDetailTotal=1\r\n\r\n\tSequenceNumber=89\r\n\r\n\tUserId=SERVER002\\admin_test\r\n\tHostName=ConsoleHost\r\n\tHostVersion=5.1.19041.5007\r\n\tHostId=77d168e3-7e94-402a-b31e-72ad278f82f8\r\n\tHostApplication=powershell.exe &amp; {dir $env:USERPROFILE -Recurse | Compress-Archive -DestinationPath $env:USERPROFILE\\data-data-ps.zip}\r\n\tEngineVersion=5.1.19041.5007\r\n\tRunspaceId=d44824f5-6775-40e7-91bc-b23b530d8ade\r\n\tPipelineId=1\r\n\tScriptName=C:\\Windows\\system32\\WindowsPowerShell\\v1.0\\Modules\\Microsoft.PowerShell.Archive\\Microsoft.PowerShell.Archive.psm1\r\n\tCommandLine=        Add-Type -AssemblyName System.IO.Compression.FileSystem\r\n, CommandInvocation(Add-Type): \"Add-Type\"\r\nParameterBinding(Add-Type): name=\"AssemblyName\"; value=\"System.IO.Compression.FileSystem\"\r\n","Binary":""}}}
{"Event":{"System":{"Provider":{"@Name":"PowerShell"},"EventID":{"@Qualifiers":"0","#text":"800"},"Version":"0","Level":"4","Task":"8","Opcode":"0","Keywords":"0x80000000000000","TimeCreated":{"@SystemTime":"2024-10-28 07:42:49.9266467"},"EventRecordID":"1088","Correlation":null,"Execution":{"@ProcessID":"0","@ThreadID":"0"},"Channel":"Windows PowerShell","Computer":"Server002","Security":null},"EventData":{"Data":"        Add-Type -AssemblyName System.IO.Compression\r\n, \tDetailSequence=1\r\n\tDetailTotal=1\r\n\r\n\tSequenceNumber=91\r\n\r\n\tUserId=SERVER002\\admin_test\r\n\tHostName=ConsoleHost\r\n\tHostVersion=5.1.19041.5007\r\n\tHostId=77d168e3-7e94-402a-b31e-72ad278f82f8\r\n\tHostApplication=powershell.exe &amp; {dir $env:USERPROFILE -Recurse | Compress-Archive -DestinationPath $env:USERPROFILE\\data-data-ps.zip}\r\n\tEngineVersion=5.1.19041.5007\r\n\tRunspaceId=d44824f5-6775-40e7-91bc-b23b530d8ade\r\n\tPipelineId=1\r\n\tScriptName=C:\\Windows\\system32\\WindowsPowerShell\\v1.0\\Modules\\Microsoft.PowerShell.Archive\\Microsoft.PowerShell.Archive.psm1\r\n\tCommandLine=        Add-Type -AssemblyName System.IO.Compression\r\n, CommandInvocation(Add-Type): \"Add-Type\"\r\nParameterBinding(Add-Type): name=\"AssemblyName\"; value=\"System.IO.Compression\"\r\n","Binary":""}}}
{"Event":{"System":{"Provider":{"@Name":"PowerShell"},"EventID":{"@Qualifiers":"0","#text":"800"},"Version":"0","Level":"4","Task":"8","Opcode":"0","Keywords":"0x80000000000000","TimeCreated":{"@SystemTime":"2024-10-28 07:42:49.9266467"},"EventRecordID":"1089","Correlation":null,"Execution":{"@ProcessID":"0","@ThreadID":"0"},"Channel":"Windows PowerShell","Computer":"Server002","Security":null},"EventData":{"Data":"        Add-Type -AssemblyName System.IO.Compression.FileSystem\r\n, \tDetailSequence=1\r\n\tDetailTotal=1\r\n\r\n\tSequenceNumber=93\r\n\r\n\tUserId=SERVER002\\admin_test\r\n\tHostName=ConsoleHost\r\n\tHostVersion=5.1.19041.5007\r\n\tHostId=77d168e3-7e94-402a-b31e-72ad278f82f8\r\n\tHostApplication=powershell.exe &amp; {dir $env:USERPROFILE -Recurse | Compress-Archive -DestinationPath $env:USERPROFILE\\data-data-ps.zip}\r\n\tEngineVersion=5.1.19041.5007\r\n\tRunspaceId=d44824f5-6775-40e7-91bc-b23b530d8ade\r\n\tPipelineId=1\r\n\tScriptName=C:\\Windows\\system32\\WindowsPowerShell\\v1.0\\Modules\\Microsoft.PowerShell.Archive\\Microsoft.PowerShell.Archive.psm1\r\n\tCommandLine=        Add-Type -AssemblyName System.IO.Compression.FileSystem\r\n, CommandInvocation(Add-Type): \"Add-Type\"\r\nParameterBinding(Add-Type): name=\"AssemblyName\"; value=\"System.IO.Compression.FileSystem\"\r\n","Binary":""}}}
{"Event":{"System":{"Provider":{"@Name":"PowerShell"},"EventID":{"@Qualifiers":"0","#text":"800"},"Version":"0","Level":"4","Task":"8","Opcode":"0","Keywords":"0x80000000000000","TimeCreated":{"@SystemTime":"2024-10-28 07:42:49.9266467"},"EventRecordID":"1090","Correlation":null,"Execution":{"@ProcessID":"0","@ThreadID":"0"},"Channel":"Windows PowerShell","Computer":"Server002","Security":null},"EventData":{"Data":"        Add-Type -AssemblyName System.IO.Compression\r\n, \tDetailSequence=1\r\n\tDetailTotal=1\r\n\r\n\tSequenceNumber=95\r\n\r\n\tUserId=SERVER002\\admin_test\r\n\tHostName=ConsoleHost\r\n\tHostVersion=5.1.19041.5007\r\n\tHostId=77d168e3-7e94-402a-b31e-72ad278f82f8\r\n\tHostApplication=powershell.exe &amp; {dir $env:USERPROFILE -Recurse | Compress-Archive -DestinationPath $env:USERPROFILE\\data-data-ps.zip}\r\n\tEngineVersion=5.1.19041.5007\r\n\tRunspaceId=d44824f5-6775-40e7-91bc-b23b530d8ade\r\n\tPipelineId=1\r\n\tScriptName=C:\\Windows\\system32\\WindowsPowerShell\\v1.0\\Modules\\Microsoft.PowerShell.Archive\\Microsoft.PowerShell.Archive.psm1\r\n\tCommandLine=        Add-Type -AssemblyName System.IO.Compression\r\n, CommandInvocation(Add-Type): \"Add-Type\"\r\nParameterBinding(Add-Type): name=\"AssemblyName\"; value=\"System.IO.Compression\"\r\n","Binary":""}}}
{"Event":{"System":{"Provider":{"@Name":"PowerShell"},"EventID":{"@Qualifiers":"0","#text":"800"},"Version":"0","Level":"4","Task":"8","Opcode":"0","Keywords":"0x80000000000000","TimeCreated":{"@SystemTime":"2024-10-28 07:42:49.9266467"},"EventRecordID":"1091","Correlation":null,"Execution":{"@ProcessID":"0","@ThreadID":"0"},"Channel":"Windows PowerShell","Computer":"Server002","Security":null},"EventData":{"Data":"        Add-Type -AssemblyName System.IO.Compression.FileSystem\r\n, \tDetailSequence=1\r\n\tDetailTotal=1\r\n\r\n\tSequenceNumber=97\r\n\r\n\tUserId=SERVER002\\admin_test\r\n\tHostName=ConsoleHost\r\n\tHostVersion=5.1.19041.5007\r\n\tHostId=77d168e3-7e94-402a-b31e-72ad278f82f8\r\n\tHostApplication=powershell.exe &amp; {dir $env:USERPROFILE -Recurse | Compress-Archive -DestinationPath $env:USERPROFILE\\data-data-ps.zip}\r\n\tEngineVersion=5.1.19041.5007\r\n\tRunspaceId=d44824f5-6775-40e7-91bc-b23b530d8ade\r\n\tPipelineId=1\r\n\tScriptName=C:\\Windows\\system32\\WindowsPowerShell\\v1.0\\Modules\\Microsoft.PowerShell.Archive\\Microsoft.PowerShell.Archive.psm1\r\n\tCommandLine=        Add-Type -AssemblyName System.IO.Compression.FileSystem\r\n, CommandInvocation(Add-Type): \"Add-Type\"\r\nParameterBinding(Add-Type): name=\"AssemblyName\"; value=\"System.IO.Compression.FileSystem\"\r\n","Binary":""}}}
{"Event":{"System":{"Provider":{"@Name":"PowerShell"},"EventID":{"@Qualifiers":"0","#text":"800"},"Version":"0","Level":"4","Task":"8","Opcode":"0","Keywords":"0x80000000000000","TimeCreated":{"@SystemTime":"2024-10-28 07:42:49.9447959"},"EventRecordID":"1092","Correlation":null,"Execution":{"@ProcessID":"0","@ThreadID":"0"},"Channel":"Windows PowerShell","Computer":"Server002","Security":null},"EventData":{"Data":"        Add-Type -AssemblyName System.IO.Compression\r\n, \tDetailSequence=1\r\n\tDetailTotal=1\r\n\r\n\tSequenceNumber=99\r\n\r\n\tUserId=SERVER002\\admin_test\r\n\tHostName=ConsoleHost\r\n\tHostVersion=5.1.19041.5007\r\n\tHostId=77d168e3-7e94-402a-b31e-72ad278f82f8\r\n\tHostApplication=powershell.exe &amp; {dir $env:USERPROFILE -Recurse | Compress-Archive -DestinationPath $env:USERPROFILE\\data-data-ps.zip}\r\n\tEngineVersion=5.1.19041.5007\r\n\tRunspaceId=d44824f5-6775-40e7-91bc-b23b530d8ade\r\n\tPipelineId=1\r\n\tScriptName=C:\\Windows\\system32\\WindowsPowerShell\\v1.0\\Modules\\Microsoft.PowerShell.Archive\\Microsoft.PowerShell.Archive.psm1\r\n\tCommandLine=        Add-Type -AssemblyName System.IO.Compression\r\n, CommandInvocation(Add-Type): \"Add-Type\"\r\nParameterBinding(Add-Type): name=\"AssemblyName\"; value=\"System.IO.Compression\"\r\n","Binary":""}}}
{"Event":{"System":{"Provider":{"@Name":"PowerShell"},"EventID":{"@Qualifiers":"0","#text":"800"},"Version":"0","Level":"4","Task":"8","Opcode":"0","Keywords":"0x80000000000000","TimeCreated":{"@SystemTime":"2024-10-28 07:42:49.9447959"},"EventRecordID":"1093","Correlation":null,"Execution":{"@ProcessID":"0","@ThreadID":"0"},"Channel":"Windows PowerShell","Computer":"Server002","Security":null},"EventData":{"Data":"        Add-Type -AssemblyName System.IO.Compression.FileSystem\r\n, \tDetailSequence=1\r\n\tDetailTotal=1\r\n\r\n\tSequenceNumber=101\r\n\r\n\tUserId=SERVER002\\admin_test\r\n\tHostName=ConsoleHost\r\n\tHostVersion=5.1.19041.5007\r\n\tHostId=77d168e3-7e94-402a-b31e-72ad278f82f8\r\n\tHostApplication=powershell.exe &amp; {dir $env:USERPROFILE -Recurse | Compress-Archive -DestinationPath $env:USERPROFILE\\data-data-ps.zip}\r\n\tEngineVersion=5.1.19041.5007\r\n\tRunspaceId=d44824f5-6775-40e7-91bc-b23b530d8ade\r\n\tPipelineId=1\r\n\tScriptName=C:\\Windows\\system32\\WindowsPowerShell\\v1.0\\Modules\\Microsoft.PowerShell.Archive\\Microsoft.PowerShell.Archive.psm1\r\n\tCommandLine=        Add-Type -AssemblyName System.IO.Compression.FileSystem\r\n, CommandInvocation(Add-Type): \"Add-Type\"\r\nParameterBinding(Add-Type): name=\"AssemblyName\"; value=\"System.IO.Compression.FileSystem\"\r\n","Binary":""}}}
{"Event":{"System":{"Provider":{"@Name":"PowerShell"},"EventID":{"@Qualifiers":"0","#text":"403"},"Version":"0","Level":"4","Task":"4","Opcode":"0","Keywords":"0x80000000000000","TimeCreated":{"@SystemTime":"2024-10-28 07:42:50.0226124"},"EventRecordID":"1094","Correlation":null,"Execution":{"@ProcessID":"0","@ThreadID":"0"},"Channel":"Windows PowerShell","Computer":"Server002","Security":null},"EventData":{"Data":"Stopped, Available, \tNewEngineState=Stopped\r\n\tPreviousEngineState=Available\r\n\r\n\tSequenceNumber=103\r\n\r\n\tHostName=ConsoleHost\r\n\tHostVersion=5.1.19041.5007\r\n\tHostId=77d168e3-7e94-402a-b31e-72ad278f82f8\r\n\tHostApplication=powershell.exe &amp; {dir $env:USERPROFILE -Recurse | Compress-Archive -DestinationPath $env:USERPROFILE\\data-data-ps.zip}\r\n\tEngineVersion=5.1.19041.5007\r\n\tRunspaceId=d44824f5-6775-40e7-91bc-b23b530d8ade\r\n\tPipelineId=\r\n\tCommandName=\r\n\tCommandType=\r\n\tScriptName=\r\n\tCommandPath=\r\n\tCommandLine=","Binary":""}}}
