{"Event":{"System":{"Provider":{"@Name":"Microsoft-Windows-Sysmon","@Guid":"5770385f-c22a-43e0-bf4c-06f5698ffbd9"},"EventID":"1","Version":"5","Level":"4","Task":"1","Opcode":"0","Keywords":"0x8000000000000000","TimeCreated":{"@SystemTime":"2024-10-21 08:22:01.9736743"},"EventRecordID":"18003","Correlation":null,"Execution":{"@ProcessID":"2968","@ThreadID":"4016"},"Channel":"Microsoft-Windows-Sysmon/Operational","Computer":"Server002","Security":{"@UserID":"S-1-5-18"}},"EventData":{"Data":[{"@Name":"RuleName","#text":"-"},{"@Name":"UtcTime","#text":"2024-10-21 08:22:01.962"},{"@Name":"ProcessGuid","#text":"dbf410b3-0f29-6716-dd00-000000003900"},{"@Name":"ProcessId","#text":"5892"},{"@Name":"Image","#text":"C:\\Windows\\System32\\reg.exe"},{"@Name":"FileVersion","#text":"10.0.19041.1 (WinBuild.160101.0800)"},{"@Name":"Description","#text":"Registry Console Tool"},{"@Name":"Product","#text":"Microsoft® Windows® Operating System"},{"@Name":"Company","#text":"Microsoft Corporation"},{"@Name":"OriginalFileName","#text":"reg.exe"},{"@Name":"CommandLine","#text":"reg  query \"HKLM\\SOFTWARE\\Microsoft\\Active Setup\\Installed Components\" "},{"@Name":"CurrentDirectory","#text":"C:\\Users\\ADMIN_~1\\AppData\\Local\\Temp\\"},{"@Name":"User","#text":"SERVER002\\admin_test"},{"@Name":"LogonGuid","#text":"dbf410b3-0f00-6716-49af-090000000000"},{"@Name":"LogonId","#text":"0x9AF49"},{"@Name":"TerminalSessionId","#text":"0"},{"@Name":"IntegrityLevel","#text":"High"},{"@Name":"Hashes","#text":"SHA256=C0E25B1F9B22DE445298C1E96DDFCEAD265CA030FA6626F61A4A4786CC4A3B7D"},{"@Name":"ParentProcessGuid","#text":"dbf410b3-0f0f-6716-bf00-000000003900"},{"@Name":"ParentProcessId","#text":"5396"},{"@Name":"ParentImage","#text":"C:\\Windows\\System32\\cmd.exe"},{"@Name":"ParentCommandLine","#text":"\"cmd.exe\" /c reg query \"HKLM\\SOFTWARE\\Microsoft\\Windows NT\\CurrentVersion\\Windows\" &amp; reg query HKLM\\Software\\Microsoft\\Windows\\CurrentVersion\\RunServicesOnce &amp; reg query HKCU\\Software\\Microsoft\\Windows\\CurrentVersion\\RunServicesOnce &amp; reg query HKLM\\Software\\Microsoft\\Windows\\CurrentVersion\\RunServices &amp; reg query HKCU\\Software\\Microsoft\\Windows\\CurrentVersion\\RunServices &amp; reg query \"HKLM\\SOFTWARE\\Microsoft\\Windows NT\\CurrentVersion\\Winlogon\\Notify\" &amp; reg query \"HKLM\\Software\\Microsoft\\Windows NT\\CurrentVersion\\Winlogon\\Userinit\" &amp; reg query \"HKCU\\Software\\Microsoft\\Windows NT\\CurrentVersion\\Winlogon\\\\Shell\" &amp; reg query \"HKLM\\Software\\Microsoft\\Windows NT\\CurrentVersion\\Winlogon\\\\Shell\" &amp; reg query HKLM\\SOFTWARE\\Microsoft\\Windows\\CurrentVersion\\ShellServiceObjectDelayLoad &amp; reg query HKLM\\Software\\Microsoft\\Windows\\CurrentVersion\\RunOnce &amp; reg query HKLM\\Software\\Microsoft\\Windows\\CurrentVersion\\RunOnceEx &amp; reg query HKLM\\Software\\Microsoft\\Windows\\CurrentVersion\\Run &amp; reg query HKCU\\Software\\Microsoft\\Windows\\CurrentVersion\\Run &amp; reg query HKCU\\Software\\Microsoft\\Windows\\CurrentVersion\\RunOnce &amp; reg query HKLM\\Software\\Microsoft\\Windows\\CurrentVersion\\Policies\\Explorer\\Run &amp; reg query HKCU\\Software\\Microsoft\\Windows\\CurrentVersion\\Policies\\Explorer\\Run &amp; reg query HKLM\\system\\currentcontrolset\\services /s | findstr ImagePath 2&gt;nul | findstr /Ri \".*\\.sys$\" &amp; reg query HKLM\\Software\\Microsoft\\Windows\\CurrentVersion\\Run &amp; reg query HKLM\\SYSTEM\\CurrentControlSet\\Control\\SafeBoot &amp; reg query \"HKLM\\SOFTWARE\\Microsoft\\Active Setup\\Installed Components\" &amp; reg query \"HKLM\\SOFTWARE\\Microsoft\\Windows\\CurrentVersion\\Group Policy\\Scripts\\Startup\""},{"@Name":"ParentUser","#text":"SERVER002\\admin_test"}]}}}
{"Event":{"System":{"Provider":{"@Name":"Microsoft-Windows-Sysmon","@Guid":"5770385f-c22a-43e0-bf4c-06f5698ffbd9"},"EventID":"5","Version":"3","Level":"4","Task":"5","Opcode":"0","Keywords":"0x8000000000000000","TimeCreated":{"@SystemTime":"2024-10-21 08:22:02.0034897"},"EventRecordID":"18004","Correlation":null,"Execution":{"@ProcessID":"2968","@ThreadID":"4016"},"Channel":"Microsoft-Windows-Sysmon/Operational","Computer":"Server002","Security":{"@UserID":"S-1-5-18"}},"EventData":{"Data":[{"@Name":"RuleName","#text":"-"},{"@Name":"UtcTime","#text":"2024-10-21 08:22:01.995"},{"@Name":"ProcessGuid","#text":"dbf410b3-0f29-6716-dd00-000000003900"},{"@Name":"ProcessId","#text":"5892"},{"@Name":"Image","#text":"C:\\Windows\\System32\\reg.exe"},{"@Name":"User","#text":"SERVER002\\admin_test"}]}}}
{"Event":{"System":{"Provider":{"@Name":"Microsoft-Windows-Sysmon","@Guid":"5770385f-c22a-43e0-bf4c-06f5698ffbd9"},"EventID":"1","Version":"5","Level":"4","Task":"1","Opcode":"0","Keywords":"0x8000000000000000","TimeCreated":{"@SystemTime":"2024-10-21 08:22:02.0241359"},"EventRecordID":"18005","Correlation":null,"Execution":{"@ProcessID":"2968","@ThreadID":"4016"},"Channel":"Microsoft-Windows-Sysmon/Operational","Computer":"Server002","Security":{"@UserID":"S-1-5-18"}},"EventData":{"Data":[{"@Name":"RuleName","#text":"-"},{"@Name":"UtcTime","#text":"2024-10-21 08:22:02.004"},{"@Name":"ProcessGuid","#text":"dbf410b3-0f2a-6716-de00-000000003900"},{"@Name":"ProcessId","#text":"812"},{"@Name":"Image","#text":"C:\\Windows\\System32\\reg.exe"},{"@Name":"FileVersion","#text":"10.0.19041.1 (WinBuild.160101.0800)"},{"@Name":"Description","#text":"Registry Console Tool"},{"@Name":"Product","#text":"Microsoft® Windows® Operating System"},{"@Name":"Company","#text":"Microsoft Corporation"},{"@Name":"OriginalFileName","#text":"reg.exe"},{"@Name":"CommandLine","#text":"reg  query \"HKLM\\SOFTWARE\\Microsoft\\Windows\\CurrentVersion\\Group Policy\\Scripts\\Startup\""},{"@Name":"CurrentDirectory","#text":"C:\\Users\\ADMIN_~1\\AppData\\Local\\Temp\\"},{"@Name":"User","#text":"SERVER002\\admin_test"},{"@Name":"LogonGuid","#text":"dbf410b3-0f00-6716-49af-090000000000"},{"@Name":"LogonId","#text":"0x9AF49"},{"@Name":"TerminalSessionId","#text":"0"},{"@Name":"IntegrityLevel","#text":"High"},{"@Name":"Hashes","#text":"SHA256=C0E25B1F9B22DE445298C1E96DDFCEAD265CA030FA6626F61A4A4786CC4A3B7D"},{"@Name":"ParentProcessGuid","#text":"dbf410b3-0f0f-6716-bf00-000000003900"},{"@Name":"ParentProcessId","#text":"5396"},{"@Name":"ParentImage","#text":"C:\\Windows\\System32\\cmd.exe"},{"@Name":"ParentCommandLine","#text":"\"cmd.exe\" /c reg query \"HKLM\\SOFTWARE\\Microsoft\\Windows NT\\CurrentVersion\\Windows\" &amp; reg query HKLM\\Software\\Microsoft\\Windows\\CurrentVersion\\RunServicesOnce &amp; reg query HKCU\\Software\\Microsoft\\Windows\\CurrentVersion\\RunServicesOnce &amp; reg query HKLM\\Software\\Microsoft\\Windows\\CurrentVersion\\RunServices &amp; reg query HKCU\\Software\\Microsoft\\Windows\\CurrentVersion\\RunServices &amp; reg query \"HKLM\\SOFTWARE\\Microsoft\\Windows NT\\CurrentVersion\\Winlogon\\Notify\" &amp; reg query \"HKLM\\Software\\Microsoft\\Windows NT\\CurrentVersion\\Winlogon\\Userinit\" &amp; reg query \"HKCU\\Software\\Microsoft\\Windows NT\\CurrentVersion\\Winlogon\\\\Shell\" &amp; reg query \"HKLM\\Software\\Microsoft\\Windows NT\\CurrentVersion\\Winlogon\\\\Shell\" &amp; reg query HKLM\\SOFTWARE\\Microsoft\\Windows\\CurrentVersion\\ShellServiceObjectDelayLoad &amp; reg query HKLM\\Software\\Microsoft\\Windows\\CurrentVersion\\RunOnce &amp; reg query HKLM\\Software\\Microsoft\\Windows\\CurrentVersion\\RunOnceEx &amp; reg query HKLM\\Software\\Microsoft\\Windows\\CurrentVersion\\Run &amp; reg query HKCU\\Software\\Microsoft\\Windows\\CurrentVersion\\Run &amp; reg query HKCU\\Software\\Microsoft\\Windows\\CurrentVersion\\RunOnce &amp; reg query HKLM\\Software\\Microsoft\\Windows\\CurrentVersion\\Policies\\Explorer\\Run &amp; reg query HKCU\\Software\\Microsoft\\Windows\\CurrentVersion\\Policies\\Explorer\\Run &amp; reg query HKLM\\system\\currentcontrolset\\services /s | findstr ImagePath 2&gt;nul | findstr /Ri \".*\\.sys$\" &amp; reg query HKLM\\Software\\Microsoft\\Windows\\CurrentVersion\\Run &amp; reg query HKLM\\SYSTEM\\CurrentControlSet\\Control\\SafeBoot &amp; reg query \"HKLM\\SOFTWARE\\Microsoft\\Active Setup\\Installed Components\" &amp; reg query \"HKLM\\SOFTWARE\\Microsoft\\Windows\\CurrentVersion\\Group Policy\\Scripts\\Startup\""},{"@Name":"ParentUser","#text":"SERVER002\\admin_test"}]}}}
{"Event":{"System":{"Provider":{"@Name":"Microsoft-Windows-Sysmon","@Guid":"5770385f-c22a-43e0-bf4c-06f5698ffbd9"},"EventID":"5","Version":"3","Level":"4","Task":"5","Opcode":"0","Keywords":"0x8000000000000000","TimeCreated":{"@SystemTime":"2024-10-21 08:22:02.0516514"},"EventRecordID":"18006","Correlation":null,"Execution":{"@ProcessID":"2968","@ThreadID":"4016"},"Channel":"Microsoft-Windows-Sysmon/Operational","Computer":"Server002","Security":{"@UserID":"S-1-5-18"}},"EventData":{"Data":[{"@Name":"RuleName","#text":"-"},{"@Name":"UtcTime","#text":"2024-10-21 08:22:02.042"},{"@Name":"ProcessGuid","#text":"dbf410b3-0f2a-6716-de00-000000003900"},{"@Name":"ProcessId","#text":"812"},{"@Name":"Image","#text":"C:\\Windows\\System32\\reg.exe"},{"@Name":"User","#text":"SERVER002\\admin_test"}]}}}
{"Event":{"System":{"Provider":{"@Name":"Microsoft-Windows-Sysmon","@Guid":"5770385f-c22a-43e0-bf4c-06f5698ffbd9"},"EventID":"5","Version":"3","Level":"4","Task":"5","Opcode":"0","Keywords":"0x8000000000000000","TimeCreated":{"@SystemTime":"2024-10-21 08:22:02.0550986"},"EventRecordID":"18007","Correlation":null,"Execution":{"@ProcessID":"2968","@ThreadID":"4016"},"Channel":"Microsoft-Windows-Sysmon/Operational","Computer":"Server002","Security":{"@UserID":"S-1-5-18"}},"EventData":{"Data":[{"@Name":"RuleName","#text":"-"},{"@Name":"UtcTime","#text":"2024-10-21 08:22:02.042"},{"@Name":"ProcessGuid","#text":"dbf410b3-0f0f-6716-bf00-000000003900"},{"@Name":"ProcessId","#text":"5396"},{"@Name":"Image","#text":"C:\\Windows\\System32\\cmd.exe"},{"@Name":"User","#text":"SERVER002\\admin_test"}]}}}
{"Event":{"System":{"Provider":{"@Name":"Microsoft-Windows-Sysmon","@Guid":"5770385f-c22a-43e0-bf4c-06f5698ffbd9"},"EventID":"5","Version":"3","Level":"4","Task":"5","Opcode":"0","Keywords":"0x8000000000000000","TimeCreated":{"@SystemTime":"2024-10-21 08:22:02.1063896"},"EventRecordID":"18008","Correlation":null,"Execution":{"@ProcessID":"2968","@ThreadID":"4016"},"Channel":"Microsoft-Windows-Sysmon/Operational","Computer":"Server002","Security":{"@UserID":"S-1-5-18"}},"EventData":{"Data":[{"@Name":"RuleName","#text":"-"},{"@Name":"UtcTime","#text":"2024-10-21 08:22:02.042"},{"@Name":"ProcessGuid","#text":"dbf410b3-0f0f-6716-c000-000000003900"},{"@Name":"ProcessId","#text":"5216"},{"@Name":"Image","#text":"C:\\Windows\\System32\\conhost.exe"},{"@Name":"User","#text":"SERVER002\\admin_test"}]}}}
