

{"Event":{"System":{"Provider":{"@Name":"Microsoft-Windows-Sysmon","@Guid":"5770385f-c22a-43e0-bf4c-06f5698ffbd9"},"EventID":"1","Version":"5","Level":"4","Task":"1","Opcode":"0","Keywords":"0x8000000000000000","TimeCreated":{"@SystemTime":"2024-10-21 08:21:33.7145221"},"EventRecordID":"17922","Correlation":null,"Execution":{"@ProcessID":"2968","@ThreadID":"4016"},"Channel":"Microsoft-Windows-Sysmon/Operational","Computer":"Server002","Security":{"@UserID":"S-1-5-18"}},"EventData":{"Data":[{"@Name":"RuleName","#text":"-"},{"@Name":"UtcTime","#text":"2024-10-21 08:21:33.709"},{"@Name":"ProcessGuid","#text":"dbf410b3-0f0d-6716-b200-000000003900"},{"@Name":"ProcessId","#text":"5668"},{"@Name":"Image","#text":"C:\\Windows\\System32\\wbem\\WmiPrvSE.exe"},{"@Name":"FileVersion","#text":"10.0.19041.3636 (WinBuild.160101.0800)"},{"@Name":"Description","#text":"WMI Provider Host"},{"@Name":"Product","#text":"Microsoft® Windows® Operating System"},{"@Name":"Company","#text":"Microsoft Corporation"},{"@Name":"OriginalFileName","#text":"Wmiprvse.exe"},{"@Name":"CommandLine","#text":"C:\\Windows\\system32\\wbem\\wmiprvse.exe -Embedding"},{"@Name":"CurrentDirectory","#text":"C:\\Windows\\system32\\"},{"@Name":"User","#text":"NT AUTHORITY\\SYSTEM"},{"@Name":"LogonGuid","#text":"dbf410b3-2aaa-6716-e703-000000000000"},{"@Name":"LogonId","#text":"0x3E7"},{"@Name":"TerminalSessionId","#text":"0"},{"@Name":"IntegrityLevel","#text":"System"},{"@Name":"Hashes","#text":"SHA256=8BBDEAD7357AF7BF0EFE397F9FD7E0EC578755EB8BDBAA65AE4F28EF00087AD5"},{"@Name":"ParentProcessGuid","#text":"00000000-0000-0000-0000-000000000000"},{"@Name":"ParentProcessId","#text":"772"},{"@Name":"ParentImage","#text":"-"},{"@Name":"ParentCommandLine","#text":"-"},{"@Name":"ParentUser","#text":"-"}]}}}
{"Event":{"System":{"Provider":{"@Name":"Microsoft-Windows-Sysmon","@Guid":"5770385f-c22a-43e0-bf4c-06f5698ffbd9"},"EventID":"5","Version":"3","Level":"4","Task":"5","Opcode":"0","Keywords":"0x8000000000000000","TimeCreated":{"@SystemTime":"2024-10-21 08:21:33.8127534"},"EventRecordID":"17923","Correlation":null,"Execution":{"@ProcessID":"2968","@ThreadID":"4016"},"Channel":"Microsoft-Windows-Sysmon/Operational","Computer":"Server002","Security":{"@UserID":"S-1-5-18"}},"EventData":{"Data":[{"@Name":"RuleName","#text":"-"},{"@Name":"UtcTime","#text":"2024-10-21 08:21:33.791"},{"@Name":"ProcessGuid","#text":"dbf410b3-0f0d-6716-b000-000000003900"},{"@Name":"ProcessId","#text":"3332"},{"@Name":"Image","#text":"C:\\Windows\\System32\\wevtutil.exe"},{"@Name":"User","#text":"SERVER002\\admin_test"}]}}}

{"Event":{"System":{"Provider":{"@Name":"Microsoft-Windows-Sysmon","@Guid":"5770385f-c22a-43e0-bf4c-06f5698ffbd9"},"EventID":"5","Version":"3","Level":"4","Task":"5","Opcode":"0","Keywords":"0x8000000000000000","TimeCreated":{"@SystemTime":"2024-10-21 08:21:33.8447407"},"EventRecordID":"17925","Correlation":null,"Execution":{"@ProcessID":"2968","@ThreadID":"4016"},"Channel":"Microsoft-Windows-Sysmon/Operational","Computer":"Server002","Security":{"@UserID":"S-1-5-18"}},"EventData":{"Data":[{"@Name":"RuleName","#text":"-"},{"@Name":"UtcTime","#text":"2024-10-21 08:21:33.843"},{"@Name":"ProcessGuid","#text":"dbf410b3-0f0d-6716-b100-000000003900"},{"@Name":"ProcessId","#text":"4340"},{"@Name":"Image","#text":"C:\\Windows\\System32\\conhost.exe"},{"@Name":"User","#text":"SERVER002\\admin_test"}]}}}

{"Event":{"System":{"Provider":{"@Name":"Microsoft-Windows-Sysmon","@Guid":"5770385f-c22a-43e0-bf4c-06f5698ffbd9"},"EventID":"5","Version":"3","Level":"4","Task":"5","Opcode":"0","Keywords":"0x8000000000000000","TimeCreated":{"@SystemTime":"2024-10-21 08:21:33.9533931"},"EventRecordID":"17927","Correlation":null,"Execution":{"@ProcessID":"2968","@ThreadID":"4016"},"Channel":"Microsoft-Windows-Sysmon/Operational","Computer":"Server002","Security":{"@UserID":"S-1-5-18"}},"EventData":{"Data":[{"@Name":"RuleName","#text":"-"},{"@Name":"UtcTime","#text":"2024-10-21 08:21:33.946"},{"@Name":"ProcessGuid","#text":"dbf410b3-0f0d-6716-b300-000000003900"},{"@Name":"ProcessId","#text":"5816"},{"@Name":"Image","#text":"C:\\Windows\\System32\\wevtutil.exe"},{"@Name":"User","#text":"SERVER002\\admin_test"}]}}}


{"Event":{"System":{"Provider":{"@Name":"Microsoft-Windows-Sysmon","@Guid":"5770385f-c22a-43e0-bf4c-06f5698ffbd9"},"EventID":"5","Version":"3","Level":"4","Task":"5","Opcode":"0","Keywords":"0x8000000000000000","TimeCreated":{"@SystemTime":"2024-10-21 08:21:33.9901918"},"EventRecordID":"17930","Correlation":null,"Execution":{"@ProcessID":"2968","@ThreadID":"4016"},"Channel":"Microsoft-Windows-Sysmon/Operational","Computer":"Server002","Security":{"@UserID":"S-1-5-18"}},"EventData":{"Data":[{"@Name":"RuleName","#text":"-"},{"@Name":"UtcTime","#text":"2024-10-21 08:21:33.946"},{"@Name":"ProcessGuid","#text":"dbf410b3-0f0d-6716-b400-000000003900"},{"@Name":"ProcessId","#text":"5844"},{"@Name":"Image","#text":"C:\\Windows\\System32\\conhost.exe"},{"@Name":"User","#text":"SERVER002\\admin_test"}]}}}
{"Event":{"System":{"Provider":{"@Name":"Microsoft-Windows-Sysmon","@Guid":"5770385f-c22a-43e0-bf4c-06f5698ffbd9"},"EventID":"5","Version":"3","Level":"4","Task":"5","Opcode":"0","Keywords":"0x8000000000000000","TimeCreated":{"@SystemTime":"2024-10-21 08:21:34.0564421"},"EventRecordID":"17931","Correlation":null,"Execution":{"@ProcessID":"2968","@ThreadID":"4016"},"Channel":"Microsoft-Windows-Sysmon/Operational","Computer":"Server002","Security":{"@UserID":"S-1-5-18"}},"EventData":{"Data":[{"@Name":"RuleName","#text":"-"},{"@Name":"UtcTime","#text":"2024-10-21 08:21:34.048"},{"@Name":"ProcessGuid","#text":"dbf410b3-0f0d-6716-b500-000000003900"},{"@Name":"ProcessId","#text":"832"},{"@Name":"Image","#text":"C:\\Windows\\System32\\wevtutil.exe"},{"@Name":"User","#text":"SERVER002\\admin_test"}]}}}

{"Event":{"System":{"Provider":{"@Name":"Microsoft-Windows-Sysmon","@Guid":"5770385f-c22a-43e0-bf4c-06f5698ffbd9"},"EventID":"5","Version":"3","Level":"4","Task":"5","Opcode":"0","Keywords":"0x8000000000000000","TimeCreated":{"@SystemTime":"2024-10-21 08:21:34.1020912"},"EventRecordID":"17933","Correlation":null,"Execution":{"@ProcessID":"2968","@ThreadID":"4016"},"Channel":"Microsoft-Windows-Sysmon/Operational","Computer":"Server002","Security":{"@UserID":"S-1-5-18"}},"EventData":{"Data":[{"@Name":"RuleName","#text":"-"},{"@Name":"UtcTime","#text":"2024-10-21 08:21:34.096"},{"@Name":"ProcessGuid","#text":"dbf410b3-0f0d-6716-b600-000000003900"},{"@Name":"ProcessId","#text":"5932"},{"@Name":"Image","#text":"C:\\Windows\\System32\\conhost.exe"},{"@Name":"User","#text":"SERVER002\\admin_test"}]}}}

{"Event":{"System":{"Provider":{"@Name":"Microsoft-Windows-Sysmon","@Guid":"5770385f-c22a-43e0-bf4c-06f5698ffbd9"},"EventID":"5","Version":"3","Level":"4","Task":"5","Opcode":"0","Keywords":"0x8000000000000000","TimeCreated":{"@SystemTime":"2024-10-21 08:21:34.4342533"},"EventRecordID":"17935","Correlation":null,"Execution":{"@ProcessID":"2968","@ThreadID":"4016"},"Channel":"Microsoft-Windows-Sysmon/Operational","Computer":"Server002","Security":{"@UserID":"S-1-5-18"}},"EventData":{"Data":[{"@Name":"RuleName","#text":"-"},{"@Name":"UtcTime","#text":"2024-10-21 08:21:34.420"},{"@Name":"ProcessGuid","#text":"dbf410b3-0f0e-6716-b700-000000003900"},{"@Name":"ProcessId","#text":"6004"},{"@Name":"Image","#text":"C:\\Windows\\System32\\wevtutil.exe"},{"@Name":"User","#text":"SERVER002\\admin_test"}]}}}

{"Event":{"System":{"Provider":{"@Name":"Microsoft-Windows-Sysmon","@Guid":"5770385f-c22a-43e0-bf4c-06f5698ffbd9"},"EventID":"5","Version":"3","Level":"4","Task":"5","Opcode":"0","Keywords":"0x8000000000000000","TimeCreated":{"@SystemTime":"2024-10-21 08:21:34.4494631"},"EventRecordID":"17937","Correlation":null,"Execution":{"@ProcessID":"2968","@ThreadID":"4016"},"Channel":"Microsoft-Windows-Sysmon/Operational","Computer":"Server002","Security":{"@UserID":"S-1-5-18"}},"EventData":{"Data":[{"@Name":"RuleName","#text":"-"},{"@Name":"UtcTime","#text":"2024-10-21 08:21:34.427"},{"@Name":"ProcessGuid","#text":"dbf410b3-0f0e-6716-b800-000000003900"},{"@Name":"ProcessId","#text":"6028"},{"@Name":"Image","#text":"C:\\Windows\\System32\\conhost.exe"},{"@Name":"User","#text":"SERVER002\\admin_test"}]}}}

{"Event":{"System":{"Provider":{"@Name":"Microsoft-Windows-Sysmon","@Guid":"5770385f-c22a-43e0-bf4c-06f5698ffbd9"},"EventID":"5","Version":"3","Level":"4","Task":"5","Opcode":"0","Keywords":"0x8000000000000000","TimeCreated":{"@SystemTime":"2024-10-21 08:21:34.5806184"},"EventRecordID":"17939","Correlation":null,"Execution":{"@ProcessID":"2968","@ThreadID":"4016"},"Channel":"Microsoft-Windows-Sysmon/Operational","Computer":"Server002","Security":{"@UserID":"S-1-5-18"}},"EventData":{"Data":[{"@Name":"RuleName","#text":"-"},{"@Name":"UtcTime","#text":"2024-10-21 08:21:34.547"},{"@Name":"ProcessGuid","#text":"dbf410b3-0f0e-6716-b900-000000003900"},{"@Name":"ProcessId","#text":"4456"},{"@Name":"Image","#text":"C:\\Windows\\System32\\wevtutil.exe"},{"@Name":"User","#text":"SERVER002\\admin_test"}]}}}
{"Event":{"System":{"Provider":{"@Name":"Microsoft-Windows-Sysmon","@Guid":"5770385f-c22a-43e0-bf4c-06f5698ffbd9"},"EventID":"5","Version":"3","Level":"4","Task":"5","Opcode":"0","Keywords":"0x8000000000000000","TimeCreated":{"@SystemTime":"2024-10-21 08:21:34.5849135"},"EventRecordID":"17940","Correlation":null,"Execution":{"@ProcessID":"2968","@ThreadID":"4016"},"Channel":"Microsoft-Windows-Sysmon/Operational","Computer":"Server002","Security":{"@UserID":"S-1-5-18"}},"EventData":{"Data":[{"@Name":"RuleName","#text":"-"},{"@Name":"UtcTime","#text":"2024-10-21 08:21:34.581"},{"@Name":"ProcessGuid","#text":"dbf410b3-0f0e-6716-ba00-000000003900"},{"@Name":"ProcessId","#text":"6100"},{"@Name":"Image","#text":"C:\\Windows\\System32\\conhost.exe"},{"@Name":"User","#text":"SERVER002\\admin_test"}]}}}
{"Event":{"System":{"Provider":{"@Name":"Microsoft-Windows-Sysmon","@Guid":"5770385f-c22a-43e0-bf4c-06f5698ffbd9"},"EventID":"1","Version":"5","Level":"4","Task":"1","Opcode":"0","Keywords":"0x8000000000000000","TimeCreated":{"@SystemTime":"2024-10-21 08:21:34.6366969"},"EventRecordID":"17941","Correlation":null,"Execution":{"@ProcessID":"2968","@ThreadID":"4016"},"Channel":"Microsoft-Windows-Sysmon/Operational","Computer":"Server002","Security":{"@UserID":"S-1-5-18"}},"EventData":{"Data":[{"@Name":"RuleName","#text":"-"},{"@Name":"UtcTime","#text":"2024-10-21 08:21:34.633"},{"@Name":"ProcessGuid","#text":"dbf410b3-0f0e-6716-bb00-000000003900"},{"@Name":"ProcessId","#text":"6096"},{"@Name":"Image","#text":"C:\\Windows\\System32\\HOSTNAME.EXE"},{"@Name":"FileVersion","#text":"10.0.19041.1 (WinBuild.160101.0800)"},{"@Name":"Description","#text":"Hostname APP"},{"@Name":"Product","#text":"Microsoft® Windows® Operating System"},{"@Name":"Company","#text":"Microsoft Corporation"},{"@Name":"OriginalFileName","#text":"hostname.exe"},{"@Name":"CommandLine","#text":"\"C:\\Windows\\system32\\HOSTNAME.EXE\""},{"@Name":"CurrentDirectory","#text":"C:\\Users\\admin_test\\Documents\\"},{"@Name":"User","#text":"SERVER002\\admin_test"},{"@Name":"LogonGuid","#text":"dbf410b3-0f00-6716-49af-090000000000"},{"@Name":"LogonId","#text":"0x9AF49"},{"@Name":"TerminalSessionId","#text":"0"},{"@Name":"IntegrityLevel","#text":"High"},{"@Name":"Hashes","#text":"SHA256=A90C3FB350A11C6F6A6EFA9607987D924D1DE65E09CA9FAF2E0E0E00531EE335"},{"@Name":"ParentProcessGuid","#text":"dbf410b3-0f00-6716-ab00-000000003900"},{"@Name":"ParentProcessId","#text":"5444"},{"@Name":"ParentImage","#text":"C:\\Windows\\System32\\wsmprovhost.exe"},{"@Name":"ParentCommandLine","#text":"C:\\Windows\\system32\\wsmprovhost.exe -Embedding"},{"@Name":"ParentUser","#text":"SERVER002\\admin_test"}]}}}
{"Event":{"System":{"Provider":{"@Name":"Microsoft-Windows-Sysmon","@Guid":"5770385f-c22a-43e0-bf4c-06f5698ffbd9"},"EventID":"1","Version":"5","Level":"4","Task":"1","Opcode":"0","Keywords":"0x8000000000000000","TimeCreated":{"@SystemTime":"2024-10-21 08:21:34.6413897"},"EventRecordID":"17942","Correlation":null,"Execution":{"@ProcessID":"2968","@ThreadID":"4016"},"Channel":"Microsoft-Windows-Sysmon/Operational","Computer":"Server002","Security":{"@UserID":"S-1-5-18"}},"EventData":{"Data":[{"@Name":"RuleName","#text":"-"},{"@Name":"UtcTime","#text":"2024-10-21 08:21:34.638"},{"@Name":"ProcessGuid","#text":"dbf410b3-0f0e-6716-bc00-000000003900"},{"@Name":"ProcessId","#text":"5256"},{"@Name":"Image","#text":"C:\\Windows\\System32\\conhost.exe"},{"@Name":"FileVersion","#text":"10.0.19041.4355 (WinBuild.160101.0800)"},{"@Name":"Description","#text":"Console Window Host"},{"@Name":"Product","#text":"Microsoft® Windows® Operating System"},{"@Name":"Company","#text":"Microsoft Corporation"},{"@Name":"OriginalFileName","#text":"CONHOST.EXE"},{"@Name":"CommandLine","#text":"\\??\\C:\\Windows\\system32\\conhost.exe 0xffffffff -ForceV1"},{"@Name":"CurrentDirectory","#text":"C:\\Windows"},{"@Name":"User","#text":"SERVER002\\admin_test"},{"@Name":"LogonGuid","#text":"dbf410b3-0f00-6716-49af-090000000000"},{"@Name":"LogonId","#text":"0x9AF49"},{"@Name":"TerminalSessionId","#text":"0"},{"@Name":"IntegrityLevel","#text":"High"},{"@Name":"Hashes","#text":"SHA256=CC0A60CD15FA21E54615E46CD0F10CFBE86F496DC64D14B31D9F3B415D120EE1"},{"@Name":"ParentProcessGuid","#text":"dbf410b3-0f0e-6716-bb00-000000003900"},{"@Name":"ParentProcessId","#text":"6096"},{"@Name":"ParentImage","#text":"C:\\Windows\\System32\\HOSTNAME.EXE"},{"@Name":"ParentCommandLine","#text":"\"C:\\Windows\\system32\\HOSTNAME.EXE\""},{"@Name":"ParentUser","#text":"SERVER002\\admin_test"}]}}}
{"Event":{"System":{"Provider":{"@Name":"Microsoft-Windows-Sysmon","@Guid":"5770385f-c22a-43e0-bf4c-06f5698ffbd9"},"EventID":"5","Version":"3","Level":"4","Task":"5","Opcode":"0","Keywords":"0x8000000000000000","TimeCreated":{"@SystemTime":"2024-10-21 08:21:34.7033518"},"EventRecordID":"17943","Correlation":null,"Execution":{"@ProcessID":"2968","@ThreadID":"4016"},"Channel":"Microsoft-Windows-Sysmon/Operational","Computer":"Server002","Security":{"@UserID":"S-1-5-18"}},"EventData":{"Data":[{"@Name":"RuleName","#text":"-"},{"@Name":"UtcTime","#text":"2024-10-21 08:21:34.686"},{"@Name":"ProcessGuid","#text":"dbf410b3-0f0e-6716-bb00-000000003900"},{"@Name":"ProcessId","#text":"6096"},{"@Name":"Image","#text":"C:\\Windows\\System32\\HOSTNAME.EXE"},{"@Name":"User","#text":"SERVER002\\admin_test"}]}}}
{"Event":{"System":{"Provider":{"@Name":"Microsoft-Windows-Sysmon","@Guid":"5770385f-c22a-43e0-bf4c-06f5698ffbd9"},"EventID":"1","Version":"5","Level":"4","Task":"1","Opcode":"0","Keywords":"0x8000000000000000","TimeCreated":{"@SystemTime":"2024-10-21 08:21:34.7110551"},"EventRecordID":"17944","Correlation":null,"Execution":{"@ProcessID":"2968","@ThreadID":"4016"},"Channel":"Microsoft-Windows-Sysmon/Operational","Computer":"Server002","Security":{"@UserID":"S-1-5-18"}},"EventData":{"Data":[{"@Name":"RuleName","#text":"-"},{"@Name":"UtcTime","#text":"2024-10-21 08:21:34.707"},{"@Name":"ProcessGuid","#text":"dbf410b3-0f0e-6716-bd00-000000003900"},{"@Name":"ProcessId","#text":"368"},{"@Name":"Image","#text":"C:\\Windows\\System32\\whoami.exe"},{"@Name":"FileVersion","#text":"10.0.19041.1 (WinBuild.160101.0800)"},{"@Name":"Description","#text":"whoami - displays logged on user information"},{"@Name":"Product","#text":"Microsoft® Windows® Operating System"},{"@Name":"Company","#text":"Microsoft Corporation"},{"@Name":"OriginalFileName","#text":"whoami.exe"},{"@Name":"CommandLine","#text":"\"C:\\Windows\\system32\\whoami.exe\""},{"@Name":"CurrentDirectory","#text":"C:\\Users\\admin_test\\Documents\\"},{"@Name":"User","#text":"SERVER002\\admin_test"},{"@Name":"LogonGuid","#text":"dbf410b3-0f00-6716-49af-090000000000"},{"@Name":"LogonId","#text":"0x9AF49"},{"@Name":"TerminalSessionId","#text":"0"},{"@Name":"IntegrityLevel","#text":"High"},{"@Name":"Hashes","#text":"SHA256=1D4902A04D99E8CCBFE7085E63155955FEE397449D386453F6C452AE407B8743"},{"@Name":"ParentProcessGuid","#text":"dbf410b3-0f00-6716-ab00-000000003900"},{"@Name":"ParentProcessId","#text":"5444"},{"@Name":"ParentImage","#text":"C:\\Windows\\System32\\wsmprovhost.exe"},{"@Name":"ParentCommandLine","#text":"C:\\Windows\\system32\\wsmprovhost.exe -Embedding"},{"@Name":"ParentUser","#text":"SERVER002\\admin_test"}]}}}
{"Event":{"System":{"Provider":{"@Name":"Microsoft-Windows-Sysmon","@Guid":"5770385f-c22a-43e0-bf4c-06f5698ffbd9"},"EventID":"5","Version":"3","Level":"4","Task":"5","Opcode":"0","Keywords":"0x8000000000000000","TimeCreated":{"@SystemTime":"2024-10-21 08:21:34.7111154"},"EventRecordID":"17945","Correlation":null,"Execution":{"@ProcessID":"2968","@ThreadID":"4016"},"Channel":"Microsoft-Windows-Sysmon/Operational","Computer":"Server002","Security":{"@UserID":"S-1-5-18"}},"EventData":{"Data":[{"@Name":"RuleName","#text":"-"},{"@Name":"UtcTime","#text":"2024-10-21 08:21:34.702"},{"@Name":"ProcessGuid","#text":"dbf410b3-0f0e-6716-bc00-000000003900"},{"@Name":"ProcessId","#text":"5256"},{"@Name":"Image","#text":"C:\\Windows\\System32\\conhost.exe"},{"@Name":"User","#text":"SERVER002\\admin_test"}]}}}
{"Event":{"System":{"Provider":{"@Name":"Microsoft-Windows-Sysmon","@Guid":"5770385f-c22a-43e0-bf4c-06f5698ffbd9"},"EventID":"1","Version":"5","Level":"4","Task":"1","Opcode":"0","Keywords":"0x8000000000000000","TimeCreated":{"@SystemTime":"2024-10-21 08:21:34.7163742"},"EventRecordID":"17946","Correlation":null,"Execution":{"@ProcessID":"2968","@ThreadID":"4016"},"Channel":"Microsoft-Windows-Sysmon/Operational","Computer":"Server002","Security":{"@UserID":"S-1-5-18"}},"EventData":{"Data":[{"@Name":"RuleName","#text":"-"},{"@Name":"UtcTime","#text":"2024-10-21 08:21:34.712"},{"@Name":"ProcessGuid","#text":"dbf410b3-0f0e-6716-be00-000000003900"},{"@Name":"ProcessId","#text":"6140"},{"@Name":"Image","#text":"C:\\Windows\\System32\\conhost.exe"},{"@Name":"FileVersion","#text":"10.0.19041.4355 (WinBuild.160101.0800)"},{"@Name":"Description","#text":"Console Window Host"},{"@Name":"Product","#text":"Microsoft® Windows® Operating System"},{"@Name":"Company","#text":"Microsoft Corporation"},{"@Name":"OriginalFileName","#text":"CONHOST.EXE"},{"@Name":"CommandLine","#text":"\\??\\C:\\Windows\\system32\\conhost.exe 0xffffffff -ForceV1"},{"@Name":"CurrentDirectory","#text":"C:\\Windows"},{"@Name":"User","#text":"SERVER002\\admin_test"},{"@Name":"LogonGuid","#text":"dbf410b3-0f00-6716-49af-090000000000"},{"@Name":"LogonId","#text":"0x9AF49"},{"@Name":"TerminalSessionId","#text":"0"},{"@Name":"IntegrityLevel","#text":"High"},{"@Name":"Hashes","#text":"SHA256=CC0A60CD15FA21E54615E46CD0F10CFBE86F496DC64D14B31D9F3B415D120EE1"},{"@Name":"ParentProcessGuid","#text":"dbf410b3-0f0e-6716-bd00-000000003900"},{"@Name":"ParentProcessId","#text":"368"},{"@Name":"ParentImage","#text":"C:\\Windows\\System32\\whoami.exe"},{"@Name":"ParentCommandLine","#text":"\"C:\\Windows\\system32\\whoami.exe\""},{"@Name":"ParentUser","#text":"SERVER002\\admin_test"}]}}}
{"Event":{"System":{"Provider":{"@Name":"Microsoft-Windows-Sysmon","@Guid":"5770385f-c22a-43e0-bf4c-06f5698ffbd9"},"EventID":"5","Version":"3","Level":"4","Task":"5","Opcode":"0","Keywords":"0x8000000000000000","TimeCreated":{"@SystemTime":"2024-10-21 08:21:34.7913736"},"EventRecordID":"17947","Correlation":null,"Execution":{"@ProcessID":"2968","@ThreadID":"4016"},"Channel":"Microsoft-Windows-Sysmon/Operational","Computer":"Server002","Security":{"@UserID":"S-1-5-18"}},"EventData":{"Data":[{"@Name":"RuleName","#text":"-"},{"@Name":"UtcTime","#text":"2024-10-21 08:21:34.789"},{"@Name":"ProcessGuid","#text":"dbf410b3-0f0e-6716-bd00-000000003900"},{"@Name":"ProcessId","#text":"368"},{"@Name":"Image","#text":"C:\\Windows\\System32\\whoami.exe"},{"@Name":"User","#text":"SERVER002\\admin_test"}]}}}
{"Event":{"System":{"Provider":{"@Name":"Microsoft-Windows-Sysmon","@Guid":"5770385f-c22a-43e0-bf4c-06f5698ffbd9"},"EventID":"5","Version":"3","Level":"4","Task":"5","Opcode":"0","Keywords":"0x8000000000000000","TimeCreated":{"@SystemTime":"2024-10-21 08:21:34.7963731"},"EventRecordID":"17948","Correlation":null,"Execution":{"@ProcessID":"2968","@ThreadID":"4016"},"Channel":"Microsoft-Windows-Sysmon/Operational","Computer":"Server002","Security":{"@UserID":"S-1-5-18"}},"EventData":{"Data":[{"@Name":"RuleName","#text":"-"},{"@Name":"UtcTime","#text":"2024-10-21 08:21:34.789"},{"@Name":"ProcessGuid","#text":"dbf410b3-0f0e-6716-be00-000000003900"},{"@Name":"ProcessId","#text":"6140"},{"@Name":"Image","#text":"C:\\Windows\\System32\\conhost.exe"},{"@Name":"User","#text":"SERVER002\\admin_test"}]}}}
{"Event":{"System":{"Provider":{"@Name":"Microsoft-Windows-Sysmon","@Guid":"5770385f-c22a-43e0-bf4c-06f5698ffbd9"},"EventID":"1","Version":"5","Level":"4","Task":"1","Opcode":"0","Keywords":"0x8000000000000000","TimeCreated":{"@SystemTime":"2024-10-21 08:21:35.1879724"},"EventRecordID":"17949","Correlation":null,"Execution":{"@ProcessID":"2968","@ThreadID":"4016"},"Channel":"Microsoft-Windows-Sysmon/Operational","Computer":"Server002","Security":{"@UserID":"S-1-5-18"}},"EventData":{"Data":[{"@Name":"RuleName","#text":"-"},{"@Name":"UtcTime","#text":"2024-10-21 08:21:35.177"},{"@Name":"ProcessGuid","#text":"dbf410b3-0f0f-6716-bf00-000000003900"},{"@Name":"ProcessId","#text":"5396"},{"@Name":"Image","#text":"C:\\Windows\\System32\\cmd.exe"},{"@Name":"FileVersion","#text":"10.0.19041.4355 (WinBuild.160101.0800)"},{"@Name":"Description","#text":"Windows Command Processor"},{"@Name":"Product","#text":"Microsoft® Windows® Operating System"},{"@Name":"Company","#text":"Microsoft Corporation"},{"@Name":"OriginalFileName","#text":"Cmd.Exe"},{"@Name":"CommandLine","#text":"\"cmd.exe\" /c reg query \"HKLM\\SOFTWARE\\Microsoft\\Windows NT\\CurrentVersion\\Windows\" &amp; reg query HKLM\\Software\\Microsoft\\Windows\\CurrentVersion\\RunServicesOnce &amp; reg query HKCU\\Software\\Microsoft\\Windows\\CurrentVersion\\RunServicesOnce &amp; reg query HKLM\\Software\\Microsoft\\Windows\\CurrentVersion\\RunServices &amp; reg query HKCU\\Software\\Microsoft\\Windows\\CurrentVersion\\RunServices &amp; reg query \"HKLM\\SOFTWARE\\Microsoft\\Windows NT\\CurrentVersion\\Winlogon\\Notify\" &amp; reg query \"HKLM\\Software\\Microsoft\\Windows NT\\CurrentVersion\\Winlogon\\Userinit\" &amp; reg query \"HKCU\\Software\\Microsoft\\Windows NT\\CurrentVersion\\Winlogon\\\\Shell\" &amp; reg query \"HKLM\\Software\\Microsoft\\Windows NT\\CurrentVersion\\Winlogon\\\\Shell\" &amp; reg query HKLM\\SOFTWARE\\Microsoft\\Windows\\CurrentVersion\\ShellServiceObjectDelayLoad &amp; reg query HKLM\\Software\\Microsoft\\Windows\\CurrentVersion\\RunOnce &amp; reg query HKLM\\Software\\Microsoft\\Windows\\CurrentVersion\\RunOnceEx &amp; reg query HKLM\\Software\\Microsoft\\Windows\\CurrentVersion\\Run &amp; reg query HKCU\\Software\\Microsoft\\Windows\\CurrentVersion\\Run &amp; reg query HKCU\\Software\\Microsoft\\Windows\\CurrentVersion\\RunOnce &amp; reg query HKLM\\Software\\Microsoft\\Windows\\CurrentVersion\\Policies\\Explorer\\Run &amp; reg query HKCU\\Software\\Microsoft\\Windows\\CurrentVersion\\Policies\\Explorer\\Run &amp; reg query HKLM\\system\\currentcontrolset\\services /s | findstr ImagePath 2&gt;nul | findstr /Ri \".*\\.sys$\" &amp; reg query HKLM\\Software\\Microsoft\\Windows\\CurrentVersion\\Run &amp; reg query HKLM\\SYSTEM\\CurrentControlSet\\Control\\SafeBoot &amp; reg query \"HKLM\\SOFTWARE\\Microsoft\\Active Setup\\Installed Components\" &amp; reg query \"HKLM\\SOFTWARE\\Microsoft\\Windows\\CurrentVersion\\Group Policy\\Scripts\\Startup\""},{"@Name":"CurrentDirectory","#text":"C:\\Users\\ADMIN_~1\\AppData\\Local\\Temp\\"},{"@Name":"User","#text":"SERVER002\\admin_test"},{"@Name":"LogonGuid","#text":"dbf410b3-0f00-6716-49af-090000000000"},{"@Name":"LogonId","#text":"0x9AF49"},{"@Name":"TerminalSessionId","#text":"0"},{"@Name":"IntegrityLevel","#text":"High"},{"@Name":"Hashes","#text":"SHA256=BADF4752413CB0CBDC03FB95820CA167F0CDC63B597CCDB5EF43111180E088B0"},{"@Name":"ParentProcessGuid","#text":"dbf410b3-0f00-6716-ab00-000000003900"},{"@Name":"ParentProcessId","#text":"5444"},{"@Name":"ParentImage","#text":"C:\\Windows\\System32\\wsmprovhost.exe"},{"@Name":"ParentCommandLine","#text":"C:\\Windows\\system32\\wsmprovhost.exe -Embedding"},{"@Name":"ParentUser","#text":"SERVER002\\admin_test"}]}}}
{"Event":{"System":{"Provider":{"@Name":"Microsoft-Windows-Sysmon","@Guid":"5770385f-c22a-43e0-bf4c-06f5698ffbd9"},"EventID":"1","Version":"5","Level":"4","Task":"1","Opcode":"0","Keywords":"0x8000000000000000","TimeCreated":{"@SystemTime":"2024-10-21 08:21:35.1986421"},"EventRecordID":"17950","Correlation":null,"Execution":{"@ProcessID":"2968","@ThreadID":"4016"},"Channel":"Microsoft-Windows-Sysmon/Operational","Computer":"Server002","Security":{"@UserID":"S-1-5-18"}},"EventData":{"Data":[{"@Name":"RuleName","#text":"-"},{"@Name":"UtcTime","#text":"2024-10-21 08:21:35.196"},{"@Name":"ProcessGuid","#text":"dbf410b3-0f0f-6716-c000-000000003900"},{"@Name":"ProcessId","#text":"5216"},{"@Name":"Image","#text":"C:\\Windows\\System32\\conhost.exe"},{"@Name":"FileVersion","#text":"10.0.19041.4355 (WinBuild.160101.0800)"},{"@Name":"Description","#text":"Console Window Host"},{"@Name":"Product","#text":"Microsoft® Windows® Operating System"},{"@Name":"Company","#text":"Microsoft Corporation"},{"@Name":"OriginalFileName","#text":"CONHOST.EXE"},{"@Name":"CommandLine","#text":"\\??\\C:\\Windows\\system32\\conhost.exe 0xffffffff -ForceV1"},{"@Name":"CurrentDirectory","#text":"C:\\Windows"},{"@Name":"User","#text":"SERVER002\\admin_test"},{"@Name":"LogonGuid","#text":"dbf410b3-0f00-6716-49af-090000000000"},{"@Name":"LogonId","#text":"0x9AF49"},{"@Name":"TerminalSessionId","#text":"0"},{"@Name":"IntegrityLevel","#text":"High"},{"@Name":"Hashes","#text":"SHA256=CC0A60CD15FA21E54615E46CD0F10CFBE86F496DC64D14B31D9F3B415D120EE1"},{"@Name":"ParentProcessGuid","#text":"dbf410b3-0f0f-6716-bf00-000000003900"},{"@Name":"ParentProcessId","#text":"5396"},{"@Name":"ParentImage","#text":"C:\\Windows\\System32\\cmd.exe"},{"@Name":"ParentCommandLine","#text":"\"cmd.exe\" /c reg query \"HKLM\\SOFTWARE\\Microsoft\\Windows NT\\CurrentVersion\\Windows\" &amp; reg query HKLM\\Software\\Microsoft\\Windows\\CurrentVersion\\RunServicesOnce &amp; reg query HKCU\\Software\\Microsoft\\Windows\\CurrentVersion\\RunServicesOnce &amp; reg query HKLM\\Software\\Microsoft\\Windows\\CurrentVersion\\RunServices &amp; reg query HKCU\\Software\\Microsoft\\Windows\\CurrentVersion\\RunServices &amp; reg query \"HKLM\\SOFTWARE\\Microsoft\\Windows NT\\CurrentVersion\\Winlogon\\Notify\" &amp; reg query \"HKLM\\Software\\Microsoft\\Windows NT\\CurrentVersion\\Winlogon\\Userinit\" &amp; reg query \"HKCU\\Software\\Microsoft\\Windows NT\\CurrentVersion\\Winlogon\\\\Shell\" &amp; reg query \"HKLM\\Software\\Microsoft\\Windows NT\\CurrentVersion\\Winlogon\\\\Shell\" &amp; reg query HKLM\\SOFTWARE\\Microsoft\\Windows\\CurrentVersion\\ShellServiceObjectDelayLoad &amp; reg query HKLM\\Software\\Microsoft\\Windows\\CurrentVersion\\RunOnce &amp; reg query HKLM\\Software\\Microsoft\\Windows\\CurrentVersion\\RunOnceEx &amp; reg query HKLM\\Software\\Microsoft\\Windows\\CurrentVersion\\Run &amp; reg query HKCU\\Software\\Microsoft\\Windows\\CurrentVersion\\Run &amp; reg query HKCU\\Software\\Microsoft\\Windows\\CurrentVersion\\RunOnce &amp; reg query HKLM\\Software\\Microsoft\\Windows\\CurrentVersion\\Policies\\Explorer\\Run &amp; reg query HKCU\\Software\\Microsoft\\Windows\\CurrentVersion\\Policies\\Explorer\\Run &amp; reg query HKLM\\system\\currentcontrolset\\services /s | findstr ImagePath 2&gt;nul | findstr /Ri \".*\\.sys$\" &amp; reg query HKLM\\Software\\Microsoft\\Windows\\CurrentVersion\\Run &amp; reg query HKLM\\SYSTEM\\CurrentControlSet\\Control\\SafeBoot &amp; reg query \"HKLM\\SOFTWARE\\Microsoft\\Active Setup\\Installed Components\" &amp; reg query \"HKLM\\SOFTWARE\\Microsoft\\Windows\\CurrentVersion\\Group Policy\\Scripts\\Startup\""},{"@Name":"ParentUser","#text":"SERVER002\\admin_test"}]}}}
{"Event":{"System":{"Provider":{"@Name":"Microsoft-Windows-Sysmon","@Guid":"5770385f-c22a-43e0-bf4c-06f5698ffbd9"},"EventID":"1","Version":"5","Level":"4","Task":"1","Opcode":"0","Keywords":"0x8000000000000000","TimeCreated":{"@SystemTime":"2024-10-21 08:21:35.2435259"},"EventRecordID":"17951","Correlation":null,"Execution":{"@ProcessID":"2968","@ThreadID":"4016"},"Channel":"Microsoft-Windows-Sysmon/Operational","Computer":"Server002","Security":{"@UserID":"S-1-5-18"}},"EventData":{"Data":[{"@Name":"RuleName","#text":"-"},{"@Name":"UtcTime","#text":"2024-10-21 08:21:35.232"},{"@Name":"ProcessGuid","#text":"dbf410b3-0f0f-6716-c100-000000003900"},{"@Name":"ProcessId","#text":"4532"},{"@Name":"Image","#text":"C:\\Windows\\System32\\reg.exe"},{"@Name":"FileVersion","#text":"10.0.19041.1 (WinBuild.160101.0800)"},{"@Name":"Description","#text":"Registry Console Tool"},{"@Name":"Product","#text":"Microsoft® Windows® Operating System"},{"@Name":"Company","#text":"Microsoft Corporation"},{"@Name":"OriginalFileName","#text":"reg.exe"},{"@Name":"CommandLine","#text":"reg  query \"HKLM\\SOFTWARE\\Microsoft\\Windows NT\\CurrentVersion\\Windows\" "},{"@Name":"CurrentDirectory","#text":"C:\\Users\\ADMIN_~1\\AppData\\Local\\Temp\\"},{"@Name":"User","#text":"SERVER002\\admin_test"},{"@Name":"LogonGuid","#text":"dbf410b3-0f00-6716-49af-090000000000"},{"@Name":"LogonId","#text":"0x9AF49"},{"@Name":"TerminalSessionId","#text":"0"},{"@Name":"IntegrityLevel","#text":"High"},{"@Name":"Hashes","#text":"SHA256=C0E25B1F9B22DE445298C1E96DDFCEAD265CA030FA6626F61A4A4786CC4A3B7D"},{"@Name":"ParentProcessGuid","#text":"dbf410b3-0f0f-6716-bf00-000000003900"},{"@Name":"ParentProcessId","#text":"5396"},{"@Name":"ParentImage","#text":"C:\\Windows\\System32\\cmd.exe"},{"@Name":"ParentCommandLine","#text":"\"cmd.exe\" /c reg query \"HKLM\\SOFTWARE\\Microsoft\\Windows NT\\CurrentVersion\\Windows\" &amp; reg query HKLM\\Software\\Microsoft\\Windows\\CurrentVersion\\RunServicesOnce &amp; reg query HKCU\\Software\\Microsoft\\Windows\\CurrentVersion\\RunServicesOnce &amp; reg query HKLM\\Software\\Microsoft\\Windows\\CurrentVersion\\RunServices &amp; reg query HKCU\\Software\\Microsoft\\Windows\\CurrentVersion\\RunServices &amp; reg query \"HKLM\\SOFTWARE\\Microsoft\\Windows NT\\CurrentVersion\\Winlogon\\Notify\" &amp; reg query \"HKLM\\Software\\Microsoft\\Windows NT\\CurrentVersion\\Winlogon\\Userinit\" &amp; reg query \"HKCU\\Software\\Microsoft\\Windows NT\\CurrentVersion\\Winlogon\\\\Shell\" &amp; reg query \"HKLM\\Software\\Microsoft\\Windows NT\\CurrentVersion\\Winlogon\\\\Shell\" &amp; reg query HKLM\\SOFTWARE\\Microsoft\\Windows\\CurrentVersion\\ShellServiceObjectDelayLoad &amp; reg query HKLM\\Software\\Microsoft\\Windows\\CurrentVersion\\RunOnce &amp; reg query HKLM\\Software\\Microsoft\\Windows\\CurrentVersion\\RunOnceEx &amp; reg query HKLM\\Software\\Microsoft\\Windows\\CurrentVersion\\Run &amp; reg query HKCU\\Software\\Microsoft\\Windows\\CurrentVersion\\Run &amp; reg query HKCU\\Software\\Microsoft\\Windows\\CurrentVersion\\RunOnce &amp; reg query HKLM\\Software\\Microsoft\\Windows\\CurrentVersion\\Policies\\Explorer\\Run &amp; reg query HKCU\\Software\\Microsoft\\Windows\\CurrentVersion\\Policies\\Explorer\\Run &amp; reg query HKLM\\system\\currentcontrolset\\services /s | findstr ImagePath 2&gt;nul | findstr /Ri \".*\\.sys$\" &amp; reg query HKLM\\Software\\Microsoft\\Windows\\CurrentVersion\\Run &amp; reg query HKLM\\SYSTEM\\CurrentControlSet\\Control\\SafeBoot &amp; reg query \"HKLM\\SOFTWARE\\Microsoft\\Active Setup\\Installed Components\" &amp; reg query \"HKLM\\SOFTWARE\\Microsoft\\Windows\\CurrentVersion\\Group Policy\\Scripts\\Startup\""},{"@Name":"ParentUser","#text":"SERVER002\\admin_test"}]}}}
{"Event":{"System":{"Provider":{"@Name":"Microsoft-Windows-Sysmon","@Guid":"5770385f-c22a-43e0-bf4c-06f5698ffbd9"},"EventID":"5","Version":"3","Level":"4","Task":"5","Opcode":"0","Keywords":"0x8000000000000000","TimeCreated":{"@SystemTime":"2024-10-21 08:21:35.2849887"},"EventRecordID":"17952","Correlation":null,"Execution":{"@ProcessID":"2968","@ThreadID":"4016"},"Channel":"Microsoft-Windows-Sysmon/Operational","Computer":"Server002","Security":{"@UserID":"S-1-5-18"}},"EventData":{"Data":[{"@Name":"RuleName","#text":"-"},{"@Name":"UtcTime","#text":"2024-10-21 08:21:35.282"},{"@Name":"ProcessGuid","#text":"dbf410b3-0f0f-6716-c100-000000003900"},{"@Name":"ProcessId","#text":"4532"},{"@Name":"Image","#text":"C:\\Windows\\System32\\reg.exe"},{"@Name":"User","#text":"SERVER002\\admin_test"}]}}}
{"Event":{"System":{"Provider":{"@Name":"Microsoft-Windows-Sysmon","@Guid":"5770385f-c22a-43e0-bf4c-06f5698ffbd9"},"EventID":"1","Version":"5","Level":"4","Task":"1","Opcode":"0","Keywords":"0x8000000000000000","TimeCreated":{"@SystemTime":"2024-10-21 08:21:35.2931097"},"EventRecordID":"17953","Correlation":null,"Execution":{"@ProcessID":"2968","@ThreadID":"4016"},"Channel":"Microsoft-Windows-Sysmon/Operational","Computer":"Server002","Security":{"@UserID":"S-1-5-18"}},"EventData":{"Data":[{"@Name":"RuleName","#text":"-"},{"@Name":"UtcTime","#text":"2024-10-21 08:21:35.287"},{"@Name":"ProcessGuid","#text":"dbf410b3-0f0f-6716-c200-000000003900"},{"@Name":"ProcessId","#text":"4948"},{"@Name":"Image","#text":"C:\\Windows\\System32\\reg.exe"},{"@Name":"FileVersion","#text":"10.0.19041.1 (WinBuild.160101.0800)"},{"@Name":"Description","#text":"Registry Console Tool"},{"@Name":"Product","#text":"Microsoft® Windows® Operating System"},{"@Name":"Company","#text":"Microsoft Corporation"},{"@Name":"OriginalFileName","#text":"reg.exe"},{"@Name":"CommandLine","#text":"reg  query HKLM\\Software\\Microsoft\\Windows\\CurrentVersion\\RunServicesOnce "},{"@Name":"CurrentDirectory","#text":"C:\\Users\\ADMIN_~1\\AppData\\Local\\Temp\\"},{"@Name":"User","#text":"SERVER002\\admin_test"},{"@Name":"LogonGuid","#text":"dbf410b3-0f00-6716-49af-090000000000"},{"@Name":"LogonId","#text":"0x9AF49"},{"@Name":"TerminalSessionId","#text":"0"},{"@Name":"IntegrityLevel","#text":"High"},{"@Name":"Hashes","#text":"SHA256=C0E25B1F9B22DE445298C1E96DDFCEAD265CA030FA6626F61A4A4786CC4A3B7D"},{"@Name":"ParentProcessGuid","#text":"dbf410b3-0f0f-6716-bf00-000000003900"},{"@Name":"ParentProcessId","#text":"5396"},{"@Name":"ParentImage","#text":"C:\\Windows\\System32\\cmd.exe"},{"@Name":"ParentCommandLine","#text":"\"cmd.exe\" /c reg query \"HKLM\\SOFTWARE\\Microsoft\\Windows NT\\CurrentVersion\\Windows\" &amp; reg query HKLM\\Software\\Microsoft\\Windows\\CurrentVersion\\RunServicesOnce &amp; reg query HKCU\\Software\\Microsoft\\Windows\\CurrentVersion\\RunServicesOnce &amp; reg query HKLM\\Software\\Microsoft\\Windows\\CurrentVersion\\RunServices &amp; reg query HKCU\\Software\\Microsoft\\Windows\\CurrentVersion\\RunServices &amp; reg query \"HKLM\\SOFTWARE\\Microsoft\\Windows NT\\CurrentVersion\\Winlogon\\Notify\" &amp; reg query \"HKLM\\Software\\Microsoft\\Windows NT\\CurrentVersion\\Winlogon\\Userinit\" &amp; reg query \"HKCU\\Software\\Microsoft\\Windows NT\\CurrentVersion\\Winlogon\\\\Shell\" &amp; reg query \"HKLM\\Software\\Microsoft\\Windows NT\\CurrentVersion\\Winlogon\\\\Shell\" &amp; reg query HKLM\\SOFTWARE\\Microsoft\\Windows\\CurrentVersion\\ShellServiceObjectDelayLoad &amp; reg query HKLM\\Software\\Microsoft\\Windows\\CurrentVersion\\RunOnce &amp; reg query HKLM\\Software\\Microsoft\\Windows\\CurrentVersion\\RunOnceEx &amp; reg query HKLM\\Software\\Microsoft\\Windows\\CurrentVersion\\Run &amp; reg query HKCU\\Software\\Microsoft\\Windows\\CurrentVersion\\Run &amp; reg query HKCU\\Software\\Microsoft\\Windows\\CurrentVersion\\RunOnce &amp; reg query HKLM\\Software\\Microsoft\\Windows\\CurrentVersion\\Policies\\Explorer\\Run &amp; reg query HKCU\\Software\\Microsoft\\Windows\\CurrentVersion\\Policies\\Explorer\\Run &amp; reg query HKLM\\system\\currentcontrolset\\services /s | findstr ImagePath 2&gt;nul | findstr /Ri \".*\\.sys$\" &amp; reg query HKLM\\Software\\Microsoft\\Windows\\CurrentVersion\\Run &amp; reg query HKLM\\SYSTEM\\CurrentControlSet\\Control\\SafeBoot &amp; reg query \"HKLM\\SOFTWARE\\Microsoft\\Active Setup\\Installed Components\" &amp; reg query \"HKLM\\SOFTWARE\\Microsoft\\Windows\\CurrentVersion\\Group Policy\\Scripts\\Startup\""},{"@Name":"ParentUser","#text":"SERVER002\\admin_test"}]}}}
{"Event":{"System":{"Provider":{"@Name":"Microsoft-Windows-Sysmon","@Guid":"5770385f-c22a-43e0-bf4c-06f5698ffbd9"},"EventID":"5","Version":"3","Level":"4","Task":"5","Opcode":"0","Keywords":"0x8000000000000000","TimeCreated":{"@SystemTime":"2024-10-21 08:21:35.3040483"},"EventRecordID":"17954","Correlation":null,"Execution":{"@ProcessID":"2968","@ThreadID":"4016"},"Channel":"Microsoft-Windows-Sysmon/Operational","Computer":"Server002","Security":{"@UserID":"S-1-5-18"}},"EventData":{"Data":[{"@Name":"RuleName","#text":"-"},{"@Name":"UtcTime","#text":"2024-10-21 08:21:35.303"},{"@Name":"ProcessGuid","#text":"dbf410b3-0f0f-6716-c200-000000003900"},{"@Name":"ProcessId","#text":"4948"},{"@Name":"Image","#text":"C:\\Windows\\System32\\reg.exe"},{"@Name":"User","#text":"SERVER002\\admin_test"}]}}}
{"Event":{"System":{"Provider":{"@Name":"Microsoft-Windows-Sysmon","@Guid":"5770385f-c22a-43e0-bf4c-06f5698ffbd9"},"EventID":"1","Version":"5","Level":"4","Task":"1","Opcode":"0","Keywords":"0x8000000000000000","TimeCreated":{"@SystemTime":"2024-10-21 08:21:35.3116855"},"EventRecordID":"17955","Correlation":null,"Execution":{"@ProcessID":"2968","@ThreadID":"4016"},"Channel":"Microsoft-Windows-Sysmon/Operational","Computer":"Server002","Security":{"@UserID":"S-1-5-18"}},"EventData":{"Data":[{"@Name":"RuleName","#text":"-"},{"@Name":"UtcTime","#text":"2024-10-21 08:21:35.307"},{"@Name":"ProcessGuid","#text":"dbf410b3-0f0f-6716-c300-000000003900"},{"@Name":"ProcessId","#text":"876"},{"@Name":"Image","#text":"C:\\Windows\\System32\\reg.exe"},{"@Name":"FileVersion","#text":"10.0.19041.1 (WinBuild.160101.0800)"},{"@Name":"Description","#text":"Registry Console Tool"},{"@Name":"Product","#text":"Microsoft® Windows® Operating System"},{"@Name":"Company","#text":"Microsoft Corporation"},{"@Name":"OriginalFileName","#text":"reg.exe"},{"@Name":"CommandLine","#text":"reg  query HKCU\\Software\\Microsoft\\Windows\\CurrentVersion\\RunServicesOnce "},{"@Name":"CurrentDirectory","#text":"C:\\Users\\ADMIN_~1\\AppData\\Local\\Temp\\"},{"@Name":"User","#text":"SERVER002\\admin_test"},{"@Name":"LogonGuid","#text":"dbf410b3-0f00-6716-49af-090000000000"},{"@Name":"LogonId","#text":"0x9AF49"},{"@Name":"TerminalSessionId","#text":"0"},{"@Name":"IntegrityLevel","#text":"High"},{"@Name":"Hashes","#text":"SHA256=C0E25B1F9B22DE445298C1E96DDFCEAD265CA030FA6626F61A4A4786CC4A3B7D"},{"@Name":"ParentProcessGuid","#text":"dbf410b3-0f0f-6716-bf00-000000003900"},{"@Name":"ParentProcessId","#text":"5396"},{"@Name":"ParentImage","#text":"C:\\Windows\\System32\\cmd.exe"},{"@Name":"ParentCommandLine","#text":"\"cmd.exe\" /c reg query \"HKLM\\SOFTWARE\\Microsoft\\Windows NT\\CurrentVersion\\Windows\" &amp; reg query HKLM\\Software\\Microsoft\\Windows\\CurrentVersion\\RunServicesOnce &amp; reg query HKCU\\Software\\Microsoft\\Windows\\CurrentVersion\\RunServicesOnce &amp; reg query HKLM\\Software\\Microsoft\\Windows\\CurrentVersion\\RunServices &amp; reg query HKCU\\Software\\Microsoft\\Windows\\CurrentVersion\\RunServices &amp; reg query \"HKLM\\SOFTWARE\\Microsoft\\Windows NT\\CurrentVersion\\Winlogon\\Notify\" &amp; reg query \"HKLM\\Software\\Microsoft\\Windows NT\\CurrentVersion\\Winlogon\\Userinit\" &amp; reg query \"HKCU\\Software\\Microsoft\\Windows NT\\CurrentVersion\\Winlogon\\\\Shell\" &amp; reg query \"HKLM\\Software\\Microsoft\\Windows NT\\CurrentVersion\\Winlogon\\\\Shell\" &amp; reg query HKLM\\SOFTWARE\\Microsoft\\Windows\\CurrentVersion\\ShellServiceObjectDelayLoad &amp; reg query HKLM\\Software\\Microsoft\\Windows\\CurrentVersion\\RunOnce &amp; reg query HKLM\\Software\\Microsoft\\Windows\\CurrentVersion\\RunOnceEx &amp; reg query HKLM\\Software\\Microsoft\\Windows\\CurrentVersion\\Run &amp; reg query HKCU\\Software\\Microsoft\\Windows\\CurrentVersion\\Run &amp; reg query HKCU\\Software\\Microsoft\\Windows\\CurrentVersion\\RunOnce &amp; reg query HKLM\\Software\\Microsoft\\Windows\\CurrentVersion\\Policies\\Explorer\\Run &amp; reg query HKCU\\Software\\Microsoft\\Windows\\CurrentVersion\\Policies\\Explorer\\Run &amp; reg query HKLM\\system\\currentcontrolset\\services /s | findstr ImagePath 2&gt;nul | findstr /Ri \".*\\.sys$\" &amp; reg query HKLM\\Software\\Microsoft\\Windows\\CurrentVersion\\Run &amp; reg query HKLM\\SYSTEM\\CurrentControlSet\\Control\\SafeBoot &amp; reg query \"HKLM\\SOFTWARE\\Microsoft\\Active Setup\\Installed Components\" &amp; reg query \"HKLM\\SOFTWARE\\Microsoft\\Windows\\CurrentVersion\\Group Policy\\Scripts\\Startup\""},{"@Name":"ParentUser","#text":"SERVER002\\admin_test"}]}}}
{"Event":{"System":{"Provider":{"@Name":"Microsoft-Windows-Sysmon","@Guid":"5770385f-c22a-43e0-bf4c-06f5698ffbd9"},"EventID":"5","Version":"3","Level":"4","Task":"5","Opcode":"0","Keywords":"0x8000000000000000","TimeCreated":{"@SystemTime":"2024-10-21 08:21:35.3217940"},"EventRecordID":"17956","Correlation":null,"Execution":{"@ProcessID":"2968","@ThreadID":"4016"},"Channel":"Microsoft-Windows-Sysmon/Operational","Computer":"Server002","Security":{"@UserID":"S-1-5-18"}},"EventData":{"Data":[{"@Name":"RuleName","#text":"-"},{"@Name":"UtcTime","#text":"2024-10-21 08:21:35.320"},{"@Name":"ProcessGuid","#text":"dbf410b3-0f0f-6716-c300-000000003900"},{"@Name":"ProcessId","#text":"876"},{"@Name":"Image","#text":"C:\\Windows\\System32\\reg.exe"},{"@Name":"User","#text":"SERVER002\\admin_test"}]}}}
{"Event":{"System":{"Provider":{"@Name":"Microsoft-Windows-Sysmon","@Guid":"5770385f-c22a-43e0-bf4c-06f5698ffbd9"},"EventID":"1","Version":"5","Level":"4","Task":"1","Opcode":"0","Keywords":"0x8000000000000000","TimeCreated":{"@SystemTime":"2024-10-21 08:21:35.3297588"},"EventRecordID":"17957","Correlation":null,"Execution":{"@ProcessID":"2968","@ThreadID":"4016"},"Channel":"Microsoft-Windows-Sysmon/Operational","Computer":"Server002","Security":{"@UserID":"S-1-5-18"}},"EventData":{"Data":[{"@Name":"RuleName","#text":"-"},{"@Name":"UtcTime","#text":"2024-10-21 08:21:35.325"},{"@Name":"ProcessGuid","#text":"dbf410b3-0f0f-6716-c400-000000003900"},{"@Name":"ProcessId","#text":"640"},{"@Name":"Image","#text":"C:\\Windows\\System32\\reg.exe"},{"@Name":"FileVersion","#text":"10.0.19041.1 (WinBuild.160101.0800)"},{"@Name":"Description","#text":"Registry Console Tool"},{"@Name":"Product","#text":"Microsoft® Windows® Operating System"},{"@Name":"Company","#text":"Microsoft Corporation"},{"@Name":"OriginalFileName","#text":"reg.exe"},{"@Name":"CommandLine","#text":"reg  query HKLM\\Software\\Microsoft\\Windows\\CurrentVersion\\RunServices "},{"@Name":"CurrentDirectory","#text":"C:\\Users\\ADMIN_~1\\AppData\\Local\\Temp\\"},{"@Name":"User","#text":"SERVER002\\admin_test"},{"@Name":"LogonGuid","#text":"dbf410b3-0f00-6716-49af-090000000000"},{"@Name":"LogonId","#text":"0x9AF49"},{"@Name":"TerminalSessionId","#text":"0"},{"@Name":"IntegrityLevel","#text":"High"},{"@Name":"Hashes","#text":"SHA256=C0E25B1F9B22DE445298C1E96DDFCEAD265CA030FA6626F61A4A4786CC4A3B7D"},{"@Name":"ParentProcessGuid","#text":"dbf410b3-0f0f-6716-bf00-000000003900"},{"@Name":"ParentProcessId","#text":"5396"},{"@Name":"ParentImage","#text":"C:\\Windows\\System32\\cmd.exe"},{"@Name":"ParentCommandLine","#text":"\"cmd.exe\" /c reg query \"HKLM\\SOFTWARE\\Microsoft\\Windows NT\\CurrentVersion\\Windows\" &amp; reg query HKLM\\Software\\Microsoft\\Windows\\CurrentVersion\\RunServicesOnce &amp; reg query HKCU\\Software\\Microsoft\\Windows\\CurrentVersion\\RunServicesOnce &amp; reg query HKLM\\Software\\Microsoft\\Windows\\CurrentVersion\\RunServices &amp; reg query HKCU\\Software\\Microsoft\\Windows\\CurrentVersion\\RunServices &amp; reg query \"HKLM\\SOFTWARE\\Microsoft\\Windows NT\\CurrentVersion\\Winlogon\\Notify\" &amp; reg query \"HKLM\\Software\\Microsoft\\Windows NT\\CurrentVersion\\Winlogon\\Userinit\" &amp; reg query \"HKCU\\Software\\Microsoft\\Windows NT\\CurrentVersion\\Winlogon\\\\Shell\" &amp; reg query \"HKLM\\Software\\Microsoft\\Windows NT\\CurrentVersion\\Winlogon\\\\Shell\" &amp; reg query HKLM\\SOFTWARE\\Microsoft\\Windows\\CurrentVersion\\ShellServiceObjectDelayLoad &amp; reg query HKLM\\Software\\Microsoft\\Windows\\CurrentVersion\\RunOnce &amp; reg query HKLM\\Software\\Microsoft\\Windows\\CurrentVersion\\RunOnceEx &amp; reg query HKLM\\Software\\Microsoft\\Windows\\CurrentVersion\\Run &amp; reg query HKCU\\Software\\Microsoft\\Windows\\CurrentVersion\\Run &amp; reg query HKCU\\Software\\Microsoft\\Windows\\CurrentVersion\\RunOnce &amp; reg query HKLM\\Software\\Microsoft\\Windows\\CurrentVersion\\Policies\\Explorer\\Run &amp; reg query HKCU\\Software\\Microsoft\\Windows\\CurrentVersion\\Policies\\Explorer\\Run &amp; reg query HKLM\\system\\currentcontrolset\\services /s | findstr ImagePath 2&gt;nul | findstr /Ri \".*\\.sys$\" &amp; reg query HKLM\\Software\\Microsoft\\Windows\\CurrentVersion\\Run &amp; reg query HKLM\\SYSTEM\\CurrentControlSet\\Control\\SafeBoot &amp; reg query \"HKLM\\SOFTWARE\\Microsoft\\Active Setup\\Installed Components\" &amp; reg query \"HKLM\\SOFTWARE\\Microsoft\\Windows\\CurrentVersion\\Group Policy\\Scripts\\Startup\""},{"@Name":"ParentUser","#text":"SERVER002\\admin_test"}]}}}
{"Event":{"System":{"Provider":{"@Name":"Microsoft-Windows-Sysmon","@Guid":"5770385f-c22a-43e0-bf4c-06f5698ffbd9"},"EventID":"5","Version":"3","Level":"4","Task":"5","Opcode":"0","Keywords":"0x8000000000000000","TimeCreated":{"@SystemTime":"2024-10-21 08:21:35.3386427"},"EventRecordID":"17958","Correlation":null,"Execution":{"@ProcessID":"2968","@ThreadID":"4016"},"Channel":"Microsoft-Windows-Sysmon/Operational","Computer":"Server002","Security":{"@UserID":"S-1-5-18"}},"EventData":{"Data":[{"@Name":"RuleName","#text":"-"},{"@Name":"UtcTime","#text":"2024-10-21 08:21:35.333"},{"@Name":"ProcessGuid","#text":"dbf410b3-0f0f-6716-c400-000000003900"},{"@Name":"ProcessId","#text":"640"},{"@Name":"Image","#text":"C:\\Windows\\System32\\reg.exe"},{"@Name":"User","#text":"SERVER002\\admin_test"}]}}}
