{"Event":{"System":{"Provider":{"@Name":"Microsoft-Windows-Sysmon","@Guid":"5770385f-c22a-43e0-bf4c-06f5698ffbd9"},"EventID":"1","Version":"5","Level":"4","Task":"1","Opcode":"0","Keywords":"0x8000000000000000","TimeCreated":{"@SystemTime":"2024-10-26 15:50:24.4751905"},"EventRecordID":"17989","Correlation":null,"Execution":{"@ProcessID":"3160","@ThreadID":"3924"},"Channel":"Microsoft-Windows-Sysmon/Operational","Computer":"Server002","Security":{"@UserID":"S-1-5-18"}},"EventData":{"Data":[{"@Name":"RuleName","#text":"-"},{"@Name":"UtcTime","#text":"2024-10-26 15:50:24.473"},{"@Name":"ProcessGuid","#text":"dbf410b3-0fc0-671d-d100-000000003900"},{"@Name":"ProcessId","#text":"4572"},{"@Name":"Image","#text":"C:\\Windows\\System32\\whoami.exe"},{"@Name":"FileVersion","#text":"10.0.19041.1 (WinBuild.160101.0800)"},{"@Name":"Description","#text":"whoami - displays logged on user information"},{"@Name":"Product","#text":"Microsoft® Windows® Operating System"},{"@Name":"Company","#text":"Microsoft Corporation"},{"@Name":"OriginalFileName","#text":"whoami.exe"},{"@Name":"CommandLine","#text":"\"C:\\Windows\\system32\\whoami.exe\""},{"@Name":"CurrentDirectory","#text":"C:\\Users\\admin_test\\Documents\\"},{"@Name":"User","#text":"SERVER002\\admin_test"},{"@Name":"LogonGuid","#text":"dbf410b3-0fbd-671d-a2cc-120000000000"},{"@Name":"LogonId","#text":"0x12CCA2"},{"@Name":"TerminalSessionId","#text":"0"},{"@Name":"IntegrityLevel","#text":"High"},{"@Name":"Hashes","#text":"SHA256=1D4902A04D99E8CCBFE7085E63155955FEE397449D386453F6C452AE407B8743"},{"@Name":"ParentProcessGuid","#text":"dbf410b3-0fbd-671d-ba00-000000003900"},{"@Name":"ParentProcessId","#text":"1048"},{"@Name":"ParentImage","#text":"C:\\Windows\\System32\\wsmprovhost.exe"},{"@Name":"ParentCommandLine","#text":"C:\\Windows\\system32\\wsmprovhost.exe -Embedding"},{"@Name":"ParentUser","#text":"SERVER002\\admin_test"}]}}}
{"Event":{"System":{"Provider":{"@Name":"Microsoft-Windows-Sysmon","@Guid":"5770385f-c22a-43e0-bf4c-06f5698ffbd9"},"EventID":"1","Version":"5","Level":"4","Task":"1","Opcode":"0","Keywords":"0x8000000000000000","TimeCreated":{"@SystemTime":"2024-10-26 15:50:24.4796476"},"EventRecordID":"17990","Correlation":null,"Execution":{"@ProcessID":"3160","@ThreadID":"3924"},"Channel":"Microsoft-Windows-Sysmon/Operational","Computer":"Server002","Security":{"@UserID":"S-1-5-18"}},"EventData":{"Data":[{"@Name":"RuleName","#text":"-"},{"@Name":"UtcTime","#text":"2024-10-26 15:50:24.477"},{"@Name":"ProcessGuid","#text":"dbf410b3-0fc0-671d-d200-000000003900"},{"@Name":"ProcessId","#text":"5056"},{"@Name":"Image","#text":"C:\\Windows\\System32\\conhost.exe"},{"@Name":"FileVersion","#text":"10.0.19041.4355 (WinBuild.160101.0800)"},{"@Name":"Description","#text":"Console Window Host"},{"@Name":"Product","#text":"Microsoft® Windows® Operating System"},{"@Name":"Company","#text":"Microsoft Corporation"},{"@Name":"OriginalFileName","#text":"CONHOST.EXE"},{"@Name":"CommandLine","#text":"\\??\\C:\\Windows\\system32\\conhost.exe 0xffffffff -ForceV1"},{"@Name":"CurrentDirectory","#text":"C:\\Windows"},{"@Name":"User","#text":"SERVER002\\admin_test"},{"@Name":"LogonGuid","#text":"dbf410b3-0fbd-671d-a2cc-120000000000"},{"@Name":"LogonId","#text":"0x12CCA2"},{"@Name":"TerminalSessionId","#text":"0"},{"@Name":"IntegrityLevel","#text":"High"},{"@Name":"Hashes","#text":"SHA256=CC0A60CD15FA21E54615E46CD0F10CFBE86F496DC64D14B31D9F3B415D120EE1"},{"@Name":"ParentProcessGuid","#text":"dbf410b3-0fc0-671d-d100-000000003900"},{"@Name":"ParentProcessId","#text":"4572"},{"@Name":"ParentImage","#text":"C:\\Windows\\System32\\whoami.exe"},{"@Name":"ParentCommandLine","#text":"\"C:\\Windows\\system32\\whoami.exe\""},{"@Name":"ParentUser","#text":"SERVER002\\admin_test"}]}}}
{"Event":{"System":{"Provider":{"@Name":"Microsoft-Windows-Sysmon","@Guid":"5770385f-c22a-43e0-bf4c-06f5698ffbd9"},"EventID":"5","Version":"3","Level":"4","Task":"5","Opcode":"0","Keywords":"0x8000000000000000","TimeCreated":{"@SystemTime":"2024-10-26 15:50:24.5101369"},"EventRecordID":"17991","Correlation":null,"Execution":{"@ProcessID":"3160","@ThreadID":"3924"},"Channel":"Microsoft-Windows-Sysmon/Operational","Computer":"Server002","Security":{"@UserID":"S-1-5-18"}},"EventData":{"Data":[{"@Name":"RuleName","#text":"-"},{"@Name":"UtcTime","#text":"2024-10-26 15:50:24.507"},{"@Name":"ProcessGuid","#text":"dbf410b3-0fc0-671d-d100-000000003900"},{"@Name":"ProcessId","#text":"4572"},{"@Name":"Image","#text":"C:\\Windows\\System32\\whoami.exe"},{"@Name":"User","#text":"SERVER002\\admin_test"}]}}}
{"Event":{"System":{"Provider":{"@Name":"Microsoft-Windows-Sysmon","@Guid":"5770385f-c22a-43e0-bf4c-06f5698ffbd9"},"EventID":"5","Version":"3","Level":"4","Task":"5","Opcode":"0","Keywords":"0x8000000000000000","TimeCreated":{"@SystemTime":"2024-10-26 15:50:24.5121530"},"EventRecordID":"17992","Correlation":null,"Execution":{"@ProcessID":"3160","@ThreadID":"3924"},"Channel":"Microsoft-Windows-Sysmon/Operational","Computer":"Server002","Security":{"@UserID":"S-1-5-18"}},"EventData":{"Data":[{"@Name":"RuleName","#text":"-"},{"@Name":"UtcTime","#text":"2024-10-26 15:50:24.507"},{"@Name":"ProcessGuid","#text":"dbf410b3-0fc0-671d-d200-000000003900"},{"@Name":"ProcessId","#text":"5056"},{"@Name":"Image","#text":"C:\\Windows\\System32\\conhost.exe"},{"@Name":"User","#text":"SERVER002\\admin_test"}]}}}
{"Event":{"System":{"Provider":{"@Name":"Microsoft-Windows-Sysmon","@Guid":"5770385f-c22a-43e0-bf4c-06f5698ffbd9"},"EventID":"1","Version":"5","Level":"4","Task":"1","Opcode":"0","Keywords":"0x8000000000000000","TimeCreated":{"@SystemTime":"2024-10-26 15:50:24.5931451"},"EventRecordID":"17993","Correlation":null,"Execution":{"@ProcessID":"3160","@ThreadID":"3924"},"Channel":"Microsoft-Windows-Sysmon/Operational","Computer":"Server002","Security":{"@UserID":"S-1-5-18"}},"EventData":{"Data":[{"@Name":"RuleName","#text":"-"},{"@Name":"UtcTime","#text":"2024-10-26 15:50:24.587"},{"@Name":"ProcessGuid","#text":"dbf410b3-0fc0-671d-d300-000000003900"},{"@Name":"ProcessId","#text":"6120"},{"@Name":"Image","#text":"C:\\Windows\\System32\\cmd.exe"},{"@Name":"FileVersion","#text":"10.0.19041.4355 (WinBuild.160101.0800)"},{"@Name":"Description","#text":"Windows Command Processor"},{"@Name":"Product","#text":"Microsoft® Windows® Operating System"},{"@Name":"Company","#text":"Microsoft Corporation"},{"@Name":"OriginalFileName","#text":"Cmd.Exe"},{"@Name":"CommandLine","#text":"\"cmd.exe\" /c C:\\Windows\\system32\\regsvr32.exe /s %%temp%%\\shell32.jpg"},{"@Name":"CurrentDirectory","#text":"C:\\Users\\ADMIN_~1\\AppData\\Local\\Temp\\"},{"@Name":"User","#text":"SERVER002\\admin_test"},{"@Name":"LogonGuid","#text":"dbf410b3-0fbd-671d-a2cc-120000000000"},{"@Name":"LogonId","#text":"0x12CCA2"},{"@Name":"TerminalSessionId","#text":"0"},{"@Name":"IntegrityLevel","#text":"High"},{"@Name":"Hashes","#text":"SHA256=BADF4752413CB0CBDC03FB95820CA167F0CDC63B597CCDB5EF43111180E088B0"},{"@Name":"ParentProcessGuid","#text":"dbf410b3-0fbd-671d-ba00-000000003900"},{"@Name":"ParentProcessId","#text":"1048"},{"@Name":"ParentImage","#text":"C:\\Windows\\System32\\wsmprovhost.exe"},{"@Name":"ParentCommandLine","#text":"C:\\Windows\\system32\\wsmprovhost.exe -Embedding"},{"@Name":"ParentUser","#text":"SERVER002\\admin_test"}]}}}
{"Event":{"System":{"Provider":{"@Name":"Microsoft-Windows-Sysmon","@Guid":"5770385f-c22a-43e0-bf4c-06f5698ffbd9"},"EventID":"1","Version":"5","Level":"4","Task":"1","Opcode":"0","Keywords":"0x8000000000000000","TimeCreated":{"@SystemTime":"2024-10-26 15:50:24.5983943"},"EventRecordID":"17994","Correlation":null,"Execution":{"@ProcessID":"3160","@ThreadID":"3924"},"Channel":"Microsoft-Windows-Sysmon/Operational","Computer":"Server002","Security":{"@UserID":"S-1-5-18"}},"EventData":{"Data":[{"@Name":"RuleName","#text":"-"},{"@Name":"UtcTime","#text":"2024-10-26 15:50:24.596"},{"@Name":"ProcessGuid","#text":"dbf410b3-0fc0-671d-d400-000000003900"},{"@Name":"ProcessId","#text":"820"},{"@Name":"Image","#text":"C:\\Windows\\System32\\conhost.exe"},{"@Name":"FileVersion","#text":"10.0.19041.4355 (WinBuild.160101.0800)"},{"@Name":"Description","#text":"Console Window Host"},{"@Name":"Product","#text":"Microsoft® Windows® Operating System"},{"@Name":"Company","#text":"Microsoft Corporation"},{"@Name":"OriginalFileName","#text":"CONHOST.EXE"},{"@Name":"CommandLine","#text":"\\??\\C:\\Windows\\system32\\conhost.exe 0xffffffff -ForceV1"},{"@Name":"CurrentDirectory","#text":"C:\\Windows"},{"@Name":"User","#text":"SERVER002\\admin_test"},{"@Name":"LogonGuid","#text":"dbf410b3-0fbd-671d-a2cc-120000000000"},{"@Name":"LogonId","#text":"0x12CCA2"},{"@Name":"TerminalSessionId","#text":"0"},{"@Name":"IntegrityLevel","#text":"High"},{"@Name":"Hashes","#text":"SHA256=CC0A60CD15FA21E54615E46CD0F10CFBE86F496DC64D14B31D9F3B415D120EE1"},{"@Name":"ParentProcessGuid","#text":"dbf410b3-0fc0-671d-d300-000000003900"},{"@Name":"ParentProcessId","#text":"6120"},{"@Name":"ParentImage","#text":"C:\\Windows\\System32\\cmd.exe"},{"@Name":"ParentCommandLine","#text":"\"cmd.exe\" /c C:\\Windows\\system32\\regsvr32.exe /s %temp%\\shell32.jpg"},{"@Name":"ParentUser","#text":"SERVER002\\admin_test"}]}}}
{"Event":{"System":{"Provider":{"@Name":"Microsoft-Windows-Sysmon","@Guid":"5770385f-c22a-43e0-bf4c-06f5698ffbd9"},"EventID":"1","Version":"5","Level":"4","Task":"1","Opcode":"0","Keywords":"0x8000000000000000","TimeCreated":{"@SystemTime":"2024-10-26 15:50:24.6262140"},"EventRecordID":"17995","Correlation":null,"Execution":{"@ProcessID":"3160","@ThreadID":"3924"},"Channel":"Microsoft-Windows-Sysmon/Operational","Computer":"Server002","Security":{"@UserID":"S-1-5-18"}},"EventData":{"Data":[{"@Name":"RuleName","#text":"-"},{"@Name":"UtcTime","#text":"2024-10-26 15:50:24.620"},{"@Name":"ProcessGuid","#text":"dbf410b3-0fc0-671d-d500-000000003900"},{"@Name":"ProcessId","#text":"5460"},{"@Name":"Image","#text":"C:\\Windows\\System32\\regsvr32.exe"},{"@Name":"FileVersion","#text":"10.0.19041.1 (WinBuild.160101.0800)"},{"@Name":"Description","#text":"Microsoft(C) Register Server"},{"@Name":"Product","#text":"Microsoft® Windows® Operating System"},{"@Name":"Company","#text":"Microsoft Corporation"},{"@Name":"OriginalFileName","#text":"REGSVR32.EXE"},{"@Name":"CommandLine","#text":"C:\\Windows\\system32\\regsvr32.exe  /s C:\\Users\\ADMIN_~1\\AppData\\Local\\Temp\\shell32.jpg"},{"@Name":"CurrentDirectory","#text":"C:\\Users\\ADMIN_~1\\AppData\\Local\\Temp\\"},{"@Name":"User","#text":"SERVER002\\admin_test"},{"@Name":"LogonGuid","#text":"dbf410b3-0fbd-671d-a2cc-120000000000"},{"@Name":"LogonId","#text":"0x12CCA2"},{"@Name":"TerminalSessionId","#text":"0"},{"@Name":"IntegrityLevel","#text":"High"},{"@Name":"Hashes","#text":"SHA256=022CB167A29A32DAE848BE91AEF721C74F1975AF151807DAFCC5ED832DB246B7"},{"@Name":"ParentProcessGuid","#text":"dbf410b3-0fc0-671d-d300-000000003900"},{"@Name":"ParentProcessId","#text":"6120"},{"@Name":"ParentImage","#text":"C:\\Windows\\System32\\cmd.exe"},{"@Name":"ParentCommandLine","#text":"\"cmd.exe\" /c C:\\Windows\\system32\\regsvr32.exe /s %temp%\\shell32.jpg"},{"@Name":"ParentUser","#text":"SERVER002\\admin_test"}]}}}
{"Event":{"System":{"Provider":{"@Name":"Microsoft-Windows-Sysmon","@Guid":"5770385f-c22a-43e0-bf4c-06f5698ffbd9"},"EventID":"5","Version":"3","Level":"4","Task":"5","Opcode":"0","Keywords":"0x8000000000000000","TimeCreated":{"@SystemTime":"2024-10-26 15:50:24.7694081"},"EventRecordID":"17996","Correlation":null,"Execution":{"@ProcessID":"3160","@ThreadID":"3924"},"Channel":"Microsoft-Windows-Sysmon/Operational","Computer":"Server002","Security":{"@UserID":"S-1-5-18"}},"EventData":{"Data":[{"@Name":"RuleName","#text":"-"},{"@Name":"UtcTime","#text":"2024-10-26 15:50:24.739"},{"@Name":"ProcessGuid","#text":"dbf410b3-0fc0-671d-d500-000000003900"},{"@Name":"ProcessId","#text":"5460"},{"@Name":"Image","#text":"C:\\Windows\\System32\\regsvr32.exe"},{"@Name":"User","#text":"SERVER002\\admin_test"}]}}}
{"Event":{"System":{"Provider":{"@Name":"Microsoft-Windows-Sysmon","@Guid":"5770385f-c22a-43e0-bf4c-06f5698ffbd9"},"EventID":"5","Version":"3","Level":"4","Task":"5","Opcode":"0","Keywords":"0x8000000000000000","TimeCreated":{"@SystemTime":"2024-10-26 15:50:24.7736402"},"EventRecordID":"17997","Correlation":null,"Execution":{"@ProcessID":"3160","@ThreadID":"3924"},"Channel":"Microsoft-Windows-Sysmon/Operational","Computer":"Server002","Security":{"@UserID":"S-1-5-18"}},"EventData":{"Data":[{"@Name":"RuleName","#text":"-"},{"@Name":"UtcTime","#text":"2024-10-26 15:50:24.773"},{"@Name":"ProcessGuid","#text":"dbf410b3-0fc0-671d-d300-000000003900"},{"@Name":"ProcessId","#text":"6120"},{"@Name":"Image","#text":"C:\\Windows\\System32\\cmd.exe"},{"@Name":"User","#text":"SERVER002\\admin_test"}]}}}
{"Event":{"System":{"Provider":{"@Name":"Microsoft-Windows-Sysmon","@Guid":"5770385f-c22a-43e0-bf4c-06f5698ffbd9"},"EventID":"5","Version":"3","Level":"4","Task":"5","Opcode":"0","Keywords":"0x8000000000000000","TimeCreated":{"@SystemTime":"2024-10-26 15:50:24.7755338"},"EventRecordID":"17998","Correlation":null,"Execution":{"@ProcessID":"3160","@ThreadID":"3924"},"Channel":"Microsoft-Windows-Sysmon/Operational","Computer":"Server002","Security":{"@UserID":"S-1-5-18"}},"EventData":{"Data":[{"@Name":"RuleName","#text":"-"},{"@Name":"UtcTime","#text":"2024-10-26 15:50:24.773"},{"@Name":"ProcessGuid","#text":"dbf410b3-0fc0-671d-d400-000000003900"},{"@Name":"ProcessId","#text":"820"},{"@Name":"Image","#text":"C:\\Windows\\System32\\conhost.exe"},{"@Name":"User","#text":"SERVER002\\admin_test"}]}}}
{"Event":{"System":{"Provider":{"@Name":"Microsoft-Windows-Sysmon","@Guid":"5770385f-c22a-43e0-bf4c-06f5698ffbd9"},"EventID":"5","Version":"3","Level":"4","Task":"5","Opcode":"0","Keywords":"0x8000000000000000","TimeCreated":{"@SystemTime":"2024-10-26 15:50:25.9878818"},"EventRecordID":"17999","Correlation":null,"Execution":{"@ProcessID":"3160","@ThreadID":"3924"},"Channel":"Microsoft-Windows-Sysmon/Operational","Computer":"Server002","Security":{"@UserID":"S-1-5-18"}},"EventData":{"Data":[{"@Name":"RuleName","#text":"-"},{"@Name":"UtcTime","#text":"2024-10-26 15:50:25.986"},{"@Name":"ProcessGuid","#text":"dbf410b3-0f9f-671d-ac00-000000003900"},{"@Name":"ProcessId","#text":"7060"},{"@Name":"Image","#text":"C:\\Windows\\System32\\sppsvc.exe"},{"@Name":"User","#text":"NT AUTHORITY\\NETWORK SERVICE"}]}}}
