31030,99191,2025-06-22 20:32:45.2647024,5379,LogAlways,Microsoft-Windows-Security-Auditing,Security,692,732,Server002,299,,Credential Manager credentials were read,lplui,,SID: S-1-5-21-3962163828-2803415714-1403596700-1001,Domain: SERVER002,LogonID: 0x36A60,CountOfCredentialsReturned: 1,,ActivityID: 57082e39-e3c5-0000-d02e-0857c5e3db01,MicrosoftAccount:user=lpluigi44@gmail.com,False,D:\benign_log_combined_latest_used_actually\new_benign\security_32761.evtx,Audit success,0,"{""EventData"":{""Data"":[{""@Name"":""SubjectUserSid"",""#text"":""S-1-5-21-3962163828-2803415714-1403596700-1001""},{""@Name"":""SubjectUserName"",""#text"":""lplui""},{""@Name"":""SubjectDomainName"",""#text"":""SERVER002""},{""@Name"":""SubjectLogonId"",""#text"":""0x36A60""},{""@Name"":""TargetName"",""#text"":""MicrosoftAccount:user=lpluigi44@gmail.com""},{""@Name"":""Type"",""#text"":""0""},{""@Name"":""CountOfCredentialsReturned"",""#text"":""1""},{""@Name"":""ReadOperation"",""#text"":""%%8100""},{""@Name"":""ReturnCode"",""#text"":""0""},{""@Name"":""ProcessCreationTime"",""#text"":""2025-06-22 20:31:37.3516380""},{""@Name"":""ClientProcessId"",""#text"":""2852""}]}}"
31031,99192,2025-06-22 20:32:45.2651558,5379,LogAlways,Microsoft-Windows-Security-Auditing,Security,692,732,Server002,299,,Credential Manager credentials were read,lplui,,SID: S-1-5-21-3962163828-2803415714-1403596700-1001,Domain: SERVER002,LogonID: 0x36A60,CountOfCredentialsReturned: 1,,ActivityID: 57082e39-e3c5-0000-d02e-0857c5e3db01,MicrosoftAccount:user=lpluigi44@gmail.com,False,D:\benign_log_combined_latest_used_actually\new_benign\security_32761.evtx,Audit success,0,"{""EventData"":{""Data"":[{""@Name"":""SubjectUserSid"",""#text"":""S-1-5-21-3962163828-2803415714-1403596700-1001""},{""@Name"":""SubjectUserName"",""#text"":""lplui""},{""@Name"":""SubjectDomainName"",""#text"":""SERVER002""},{""@Name"":""SubjectLogonId"",""#text"":""0x36A60""},{""@Name"":""TargetName"",""#text"":""MicrosoftAccount:user=lpluigi44@gmail.com""},{""@Name"":""Type"",""#text"":""0""},{""@Name"":""CountOfCredentialsReturned"",""#text"":""1""},{""@Name"":""ReadOperation"",""#text"":""%%8100""},{""@Name"":""ReturnCode"",""#text"":""0""},{""@Name"":""ProcessCreationTime"",""#text"":""2025-06-22 20:31:37.3516380""},{""@Name"":""ClientProcessId"",""#text"":""2852""}]}}"
31032,99193,2025-06-22 20:32:45.2656745,5379,LogAlways,Microsoft-Windows-Security-Auditing,Security,692,732,Server002,299,,Credential Manager credentials were read,lplui,,SID: S-1-5-21-3962163828-2803415714-1403596700-1001,Domain: SERVER002,LogonID: 0x36A60,CountOfCredentialsReturned: 1,,ActivityID: 57082e39-e3c5-0000-d02e-0857c5e3db01,MicrosoftAccount:user=lpluigi44@gmail.com,False,D:\benign_log_combined_latest_used_actually\new_benign\security_32761.evtx,Audit success,0,"{""EventData"":{""Data"":[{""@Name"":""SubjectUserSid"",""#text"":""S-1-5-21-3962163828-2803415714-1403596700-1001""},{""@Name"":""SubjectUserName"",""#text"":""lplui""},{""@Name"":""SubjectDomainName"",""#text"":""SERVER002""},{""@Name"":""SubjectLogonId"",""#text"":""0x36A60""},{""@Name"":""TargetName"",""#text"":""MicrosoftAccount:user=lpluigi44@gmail.com""},{""@Name"":""Type"",""#text"":""0""},{""@Name"":""CountOfCredentialsReturned"",""#text"":""1""},{""@Name"":""ReadOperation"",""#text"":""%%8100""},{""@Name"":""ReturnCode"",""#text"":""0""},{""@Name"":""ProcessCreationTime"",""#text"":""2025-06-22 20:31:37.3516380""},{""@Name"":""ClientProcessId"",""#text"":""2852""}]}}"
31033,99194,2025-06-22 20:32:45.2661002,5379,LogAlways,Microsoft-Windows-Security-Auditing,Security,692,732,Server002,299,,Credential Manager credentials were read,lplui,,SID: S-1-5-21-3962163828-2803415714-1403596700-1001,Domain: SERVER002,LogonID: 0x36A60,CountOfCredentialsReturned: 1,,ActivityID: 57082e39-e3c5-0000-d02e-0857c5e3db01,MicrosoftAccount:user=lpluigi44@gmail.com,False,D:\benign_log_combined_latest_used_actually\new_benign\security_32761.evtx,Audit success,0,"{""EventData"":{""Data"":[{""@Name"":""SubjectUserSid"",""#text"":""S-1-5-21-3962163828-2803415714-1403596700-1001""},{""@Name"":""SubjectUserName"",""#text"":""lplui""},{""@Name"":""SubjectDomainName"",""#text"":""SERVER002""},{""@Name"":""SubjectLogonId"",""#text"":""0x36A60""},{""@Name"":""TargetName"",""#text"":""MicrosoftAccount:user=lpluigi44@gmail.com""},{""@Name"":""Type"",""#text"":""0""},{""@Name"":""CountOfCredentialsReturned"",""#text"":""1""},{""@Name"":""ReadOperation"",""#text"":""%%8100""},{""@Name"":""ReturnCode"",""#text"":""0""},{""@Name"":""ProcessCreationTime"",""#text"":""2025-06-22 20:31:37.3516380""},{""@Name"":""ClientProcessId"",""#text"":""2852""}]}}"
31034,99195,2025-06-22 20:32:45.2671640,5379,LogAlways,Microsoft-Windows-Security-Auditing,Security,692,732,Server002,299,,Credential Manager credentials were read,lplui,,SID: S-1-5-21-3962163828-2803415714-1403596700-1001,Domain: SERVER002,LogonID: 0x36A60,CountOfCredentialsReturned: 1,,ActivityID: 57082e39-e3c5-0000-d02e-0857c5e3db01,MicrosoftAccount:user=lpluigi44@gmail.com,False,D:\benign_log_combined_latest_used_actually\new_benign\security_32761.evtx,Audit success,0,"{""EventData"":{""Data"":[{""@Name"":""SubjectUserSid"",""#text"":""S-1-5-21-3962163828-2803415714-1403596700-1001""},{""@Name"":""SubjectUserName"",""#text"":""lplui""},{""@Name"":""SubjectDomainName"",""#text"":""SERVER002""},{""@Name"":""SubjectLogonId"",""#text"":""0x36A60""},{""@Name"":""TargetName"",""#text"":""MicrosoftAccount:user=lpluigi44@gmail.com""},{""@Name"":""Type"",""#text"":""1""},{""@Name"":""CountOfCredentialsReturned"",""#text"":""1""},{""@Name"":""ReadOperation"",""#text"":""%%8099""},{""@Name"":""ReturnCode"",""#text"":""0""},{""@Name"":""ProcessCreationTime"",""#text"":""2025-06-22 20:31:37.3516380""},{""@Name"":""ClientProcessId"",""#text"":""2852""}]}}"
31035,99196,2025-06-22 20:32:45.3331150,5379,LogAlways,Microsoft-Windows-Security-Auditing,Security,692,732,Server002,299,,Credential Manager credentials were read,lplui,,SID: S-1-5-21-3962163828-2803415714-1403596700-1001,Domain: SERVER002,LogonID: 0x36A60,CountOfCredentialsReturned: 1,,ActivityID: 57082e39-e3c5-0000-d02e-0857c5e3db01,MicrosoftAccount:user=lpluigi44@gmail.com,False,D:\benign_log_combined_latest_used_actually\new_benign\security_32761.evtx,Audit success,0,"{""EventData"":{""Data"":[{""@Name"":""SubjectUserSid"",""#text"":""S-1-5-21-3962163828-2803415714-1403596700-1001""},{""@Name"":""SubjectUserName"",""#text"":""lplui""},{""@Name"":""SubjectDomainName"",""#text"":""SERVER002""},{""@Name"":""SubjectLogonId"",""#text"":""0x36A60""},{""@Name"":""TargetName"",""#text"":""MicrosoftAccount:user=lpluigi44@gmail.com""},{""@Name"":""Type"",""#text"":""0""},{""@Name"":""CountOfCredentialsReturned"",""#text"":""1""},{""@Name"":""ReadOperation"",""#text"":""%%8100""},{""@Name"":""ReturnCode"",""#text"":""0""},{""@Name"":""ProcessCreationTime"",""#text"":""2025-06-22 20:31:37.3516380""},{""@Name"":""ClientProcessId"",""#text"":""2852""}]}}"
31036,99197,2025-06-22 20:32:45.3344747,5379,LogAlways,Microsoft-Windows-Security-Auditing,Security,692,732,Server002,299,,Credential Manager credentials were read,lplui,,SID: S-1-5-21-3962163828-2803415714-1403596700-1001,Domain: SERVER002,LogonID: 0x36A60,CountOfCredentialsReturned: 1,,ActivityID: 57082e39-e3c5-0000-d02e-0857c5e3db01,MicrosoftAccount:user=lpluigi44@gmail.com,False,D:\benign_log_combined_latest_used_actually\new_benign\security_32761.evtx,Audit success,0,"{""EventData"":{""Data"":[{""@Name"":""SubjectUserSid"",""#text"":""S-1-5-21-3962163828-2803415714-1403596700-1001""},{""@Name"":""SubjectUserName"",""#text"":""lplui""},{""@Name"":""SubjectDomainName"",""#text"":""SERVER002""},{""@Name"":""SubjectLogonId"",""#text"":""0x36A60""},{""@Name"":""TargetName"",""#text"":""MicrosoftAccount:user=lpluigi44@gmail.com""},{""@Name"":""Type"",""#text"":""0""},{""@Name"":""CountOfCredentialsReturned"",""#text"":""1""},{""@Name"":""ReadOperation"",""#text"":""%%8100""},{""@Name"":""ReturnCode"",""#text"":""0""},{""@Name"":""ProcessCreationTime"",""#text"":""2025-06-22 20:31:37.3516380""},{""@Name"":""ClientProcessId"",""#text"":""2852""}]}}"
31037,99198,2025-06-22 20:32:45.3352214,5379,LogAlways,Microsoft-Windows-Security-Auditing,Security,692,732,Server002,299,,Credential Manager credentials were read,lplui,,SID: S-1-5-21-3962163828-2803415714-1403596700-1001,Domain: SERVER002,LogonID: 0x36A60,CountOfCredentialsReturned: 1,,ActivityID: 57082e39-e3c5-0000-d02e-0857c5e3db01,MicrosoftAccount:user=lpluigi44@gmail.com,False,D:\benign_log_combined_latest_used_actually\new_benign\security_32761.evtx,Audit success,0,"{""EventData"":{""Data"":[{""@Name"":""SubjectUserSid"",""#text"":""S-1-5-21-3962163828-2803415714-1403596700-1001""},{""@Name"":""SubjectUserName"",""#text"":""lplui""},{""@Name"":""SubjectDomainName"",""#text"":""SERVER002""},{""@Name"":""SubjectLogonId"",""#text"":""0x36A60""},{""@Name"":""TargetName"",""#text"":""MicrosoftAccount:user=lpluigi44@gmail.com""},{""@Name"":""Type"",""#text"":""0""},{""@Name"":""CountOfCredentialsReturned"",""#text"":""1""},{""@Name"":""ReadOperation"",""#text"":""%%8100""},{""@Name"":""ReturnCode"",""#text"":""0""},{""@Name"":""ProcessCreationTime"",""#text"":""2025-06-22 20:31:37.3516380""},{""@Name"":""ClientProcessId"",""#text"":""2852""}]}}"
31038,99199,2025-06-22 20:32:45.3363206,5379,LogAlways,Microsoft-Windows-Security-Auditing,Security,692,732,Server002,299,,Credential Manager credentials were read,lplui,,SID: S-1-5-21-3962163828-2803415714-1403596700-1001,Domain: SERVER002,LogonID: 0x36A60,CountOfCredentialsReturned: 1,,ActivityID: 57082e39-e3c5-0000-d02e-0857c5e3db01,MicrosoftAccount:user=lpluigi44@gmail.com,False,D:\benign_log_combined_latest_used_actually\new_benign\security_32761.evtx,Audit success,0,"{""EventData"":{""Data"":[{""@Name"":""SubjectUserSid"",""#text"":""S-1-5-21-3962163828-2803415714-1403596700-1001""},{""@Name"":""SubjectUserName"",""#text"":""lplui""},{""@Name"":""SubjectDomainName"",""#text"":""SERVER002""},{""@Name"":""SubjectLogonId"",""#text"":""0x36A60""},{""@Name"":""TargetName"",""#text"":""MicrosoftAccount:user=lpluigi44@gmail.com""},{""@Name"":""Type"",""#text"":""0""},{""@Name"":""CountOfCredentialsReturned"",""#text"":""1""},{""@Name"":""ReadOperation"",""#text"":""%%8100""},{""@Name"":""ReturnCode"",""#text"":""0""},{""@Name"":""ProcessCreationTime"",""#text"":""2025-06-22 20:31:37.3516380""},{""@Name"":""ClientProcessId"",""#text"":""2852""}]}}"
31039,99200,2025-06-22 20:32:45.3365874,5379,LogAlways,Microsoft-Windows-Security-Auditing,Security,692,732,Server002,299,,Credential Manager credentials were read,lplui,,SID: S-1-5-21-3962163828-2803415714-1403596700-1001,Domain: SERVER002,LogonID: 0x36A60,CountOfCredentialsReturned: 1,,ActivityID: 57082e39-e3c5-0000-d02e-0857c5e3db01,MicrosoftAccount:user=lpluigi44@gmail.com,False,D:\benign_log_combined_latest_used_actually\new_benign\security_32761.evtx,Audit success,0,"{""EventData"":{""Data"":[{""@Name"":""SubjectUserSid"",""#text"":""S-1-5-21-3962163828-2803415714-1403596700-1001""},{""@Name"":""SubjectUserName"",""#text"":""lplui""},{""@Name"":""SubjectDomainName"",""#text"":""SERVER002""},{""@Name"":""SubjectLogonId"",""#text"":""0x36A60""},{""@Name"":""TargetName"",""#text"":""MicrosoftAccount:user=lpluigi44@gmail.com""},{""@Name"":""Type"",""#text"":""0""},{""@Name"":""CountOfCredentialsReturned"",""#text"":""1""},{""@Name"":""ReadOperation"",""#text"":""%%8100""},{""@Name"":""ReturnCode"",""#text"":""0""},{""@Name"":""ProcessCreationTime"",""#text"":""2025-06-22 20:31:37.3516380""},{""@Name"":""ClientProcessId"",""#text"":""2852""}]}}"
31040,99201,2025-06-22 20:32:45.3371170,5379,LogAlways,Microsoft-Windows-Security-Auditing,Security,692,732,Server002,299,,Credential Manager credentials were read,lplui,,SID: S-1-5-21-3962163828-2803415714-1403596700-1001,Domain: SERVER002,LogonID: 0x36A60,CountOfCredentialsReturned: 1,,ActivityID: 57082e39-e3c5-0000-d02e-0857c5e3db01,MicrosoftAccount:user=lpluigi44@gmail.com,False,D:\benign_log_combined_latest_used_actually\new_benign\security_32761.evtx,Audit success,0,"{""EventData"":{""Data"":[{""@Name"":""SubjectUserSid"",""#text"":""S-1-5-21-3962163828-2803415714-1403596700-1001""},{""@Name"":""SubjectUserName"",""#text"":""lplui""},{""@Name"":""SubjectDomainName"",""#text"":""SERVER002""},{""@Name"":""SubjectLogonId"",""#text"":""0x36A60""},{""@Name"":""TargetName"",""#text"":""MicrosoftAccount:user=lpluigi44@gmail.com""},{""@Name"":""Type"",""#text"":""0""},{""@Name"":""CountOfCredentialsReturned"",""#text"":""1""},{""@Name"":""ReadOperation"",""#text"":""%%8100""},{""@Name"":""ReturnCode"",""#text"":""0""},{""@Name"":""ProcessCreationTime"",""#text"":""2025-06-22 20:31:37.3516380""},{""@Name"":""ClientProcessId"",""#text"":""2852""}]}}"
31041,99202,2025-06-22 20:32:45.3382914,5379,LogAlways,Microsoft-Windows-Security-Auditing,Security,692,732,Server002,300,,Credential Manager credentials were read,lplui,,SID: S-1-5-21-3962163828-2803415714-1403596700-1001,Domain: SERVER002,LogonID: 0x36A60,CountOfCredentialsReturned: 1,,ActivityID: 57082e39-e3c5-0000-d02e-0857c5e3db01,MicrosoftAccount:user=lpluigi44@gmail.com,False,D:\benign_log_combined_latest_used_actually\new_benign\security_32761.evtx,Audit success,0,"{""EventData"":{""Data"":[{""@Name"":""SubjectUserSid"",""#text"":""S-1-5-21-3962163828-2803415714-1403596700-1001""},{""@Name"":""SubjectUserName"",""#text"":""lplui""},{""@Name"":""SubjectDomainName"",""#text"":""SERVER002""},{""@Name"":""SubjectLogonId"",""#text"":""0x36A60""},{""@Name"":""TargetName"",""#text"":""MicrosoftAccount:user=lpluigi44@gmail.com""},{""@Name"":""Type"",""#text"":""0""},{""@Name"":""CountOfCredentialsReturned"",""#text"":""1""},{""@Name"":""ReadOperation"",""#text"":""%%8100""},{""@Name"":""ReturnCode"",""#text"":""0""},{""@Name"":""ProcessCreationTime"",""#text"":""2025-06-22 20:31:37.3516380""},{""@Name"":""ClientProcessId"",""#text"":""2852""}]}}"
31042,99203,2025-06-22 20:32:45.3398687,5379,LogAlways,Microsoft-Windows-Security-Auditing,Security,692,732,Server002,300,,Credential Manager credentials were read,lplui,,SID: S-1-5-21-3962163828-2803415714-1403596700-1001,Domain: SERVER002,LogonID: 0x36A60,CountOfCredentialsReturned: 1,,ActivityID: 57082e39-e3c5-0000-d02e-0857c5e3db01,MicrosoftAccount:user=lpluigi44@gmail.com,False,D:\benign_log_combined_latest_used_actually\new_benign\security_32761.evtx,Audit success,0,"{""EventData"":{""Data"":[{""@Name"":""SubjectUserSid"",""#text"":""S-1-5-21-3962163828-2803415714-1403596700-1001""},{""@Name"":""SubjectUserName"",""#text"":""lplui""},{""@Name"":""SubjectDomainName"",""#text"":""SERVER002""},{""@Name"":""SubjectLogonId"",""#text"":""0x36A60""},{""@Name"":""TargetName"",""#text"":""MicrosoftAccount:user=lpluigi44@gmail.com""},{""@Name"":""Type"",""#text"":""0""},{""@Name"":""CountOfCredentialsReturned"",""#text"":""1""},{""@Name"":""ReadOperation"",""#text"":""%%8100""},{""@Name"":""ReturnCode"",""#text"":""0""},{""@Name"":""ProcessCreationTime"",""#text"":""2025-06-22 20:31:37.3516380""},{""@Name"":""ClientProcessId"",""#text"":""2852""}]}}"
31043,99204,2025-06-22 20:32:45.3414920,5379,LogAlways,Microsoft-Windows-Security-Auditing,Security,692,732,Server002,300,,Credential Manager credentials were read,lplui,,SID: S-1-5-21-3962163828-2803415714-1403596700-1001,Domain: SERVER002,LogonID: 0x36A60,CountOfCredentialsReturned: 1,,ActivityID: 57082e39-e3c5-0000-d02e-0857c5e3db01,MicrosoftAccount:user=lpluigi44@gmail.com,False,D:\benign_log_combined_latest_used_actually\new_benign\security_32761.evtx,Audit success,0,"{""EventData"":{""Data"":[{""@Name"":""SubjectUserSid"",""#text"":""S-1-5-21-3962163828-2803415714-1403596700-1001""},{""@Name"":""SubjectUserName"",""#text"":""lplui""},{""@Name"":""SubjectDomainName"",""#text"":""SERVER002""},{""@Name"":""SubjectLogonId"",""#text"":""0x36A60""},{""@Name"":""TargetName"",""#text"":""MicrosoftAccount:user=lpluigi44@gmail.com""},{""@Name"":""Type"",""#text"":""0""},{""@Name"":""CountOfCredentialsReturned"",""#text"":""1""},{""@Name"":""ReadOperation"",""#text"":""%%8100""},{""@Name"":""ReturnCode"",""#text"":""0""},{""@Name"":""ProcessCreationTime"",""#text"":""2025-06-22 20:31:37.3516380""},{""@Name"":""ClientProcessId"",""#text"":""2852""}]}}"
31044,99205,2025-06-22 20:32:45.3461283,5379,LogAlways,Microsoft-Windows-Security-Auditing,Security,692,732,Server002,300,,Credential Manager credentials were read,lplui,,SID: S-1-5-21-3962163828-2803415714-1403596700-1001,Domain: SERVER002,LogonID: 0x36A60,CountOfCredentialsReturned: 1,,ActivityID: 57082e39-e3c5-0000-d02e-0857c5e3db01,MicrosoftAccount:user=lpluigi44@gmail.com,False,D:\benign_log_combined_latest_used_actually\new_benign\security_32761.evtx,Audit success,0,"{""EventData"":{""Data"":[{""@Name"":""SubjectUserSid"",""#text"":""S-1-5-21-3962163828-2803415714-1403596700-1001""},{""@Name"":""SubjectUserName"",""#text"":""lplui""},{""@Name"":""SubjectDomainName"",""#text"":""SERVER002""},{""@Name"":""SubjectLogonId"",""#text"":""0x36A60""},{""@Name"":""TargetName"",""#text"":""MicrosoftAccount:user=lpluigi44@gmail.com""},{""@Name"":""Type"",""#text"":""0""},{""@Name"":""CountOfCredentialsReturned"",""#text"":""1""},{""@Name"":""ReadOperation"",""#text"":""%%8100""},{""@Name"":""ReturnCode"",""#text"":""0""},{""@Name"":""ProcessCreationTime"",""#text"":""2025-06-22 20:31:37.3516380""},{""@Name"":""ClientProcessId"",""#text"":""2852""}]}}"
31045,99206,2025-06-22 20:32:45.3473834,5379,LogAlways,Microsoft-Windows-Security-Auditing,Security,692,2960,Server002,300,,Credential Manager credentials were read,lplui,,SID: S-1-5-21-3962163828-2803415714-1403596700-1001,Domain: SERVER002,LogonID: 0x36A60,CountOfCredentialsReturned: 1,,ActivityID: 57082e39-e3c5-0000-d02e-0857c5e3db01,MicrosoftAccount:user=lpluigi44@gmail.com,False,D:\benign_log_combined_latest_used_actually\new_benign\security_32761.evtx,Audit success,0,"{""EventData"":{""Data"":[{""@Name"":""SubjectUserSid"",""#text"":""S-1-5-21-3962163828-2803415714-1403596700-1001""},{""@Name"":""SubjectUserName"",""#text"":""lplui""},{""@Name"":""SubjectDomainName"",""#text"":""SERVER002""},{""@Name"":""SubjectLogonId"",""#text"":""0x36A60""},{""@Name"":""TargetName"",""#text"":""MicrosoftAccount:user=lpluigi44@gmail.com""},{""@Name"":""Type"",""#text"":""0""},{""@Name"":""CountOfCredentialsReturned"",""#text"":""1""},{""@Name"":""ReadOperation"",""#text"":""%%8100""},{""@Name"":""ReturnCode"",""#text"":""0""},{""@Name"":""ProcessCreationTime"",""#text"":""2025-06-22 20:31:37.3516380""},{""@Name"":""ClientProcessId"",""#text"":""2852""}]}}"
31046,99207,2025-06-22 20:32:45.4460987,5379,LogAlways,Microsoft-Windows-Security-Auditing,Security,692,732,Server002,300,,Credential Manager credentials were read,lplui,,SID: S-1-5-21-3962163828-2803415714-1403596700-1001,Domain: SERVER002,LogonID: 0x36A60,CountOfCredentialsReturned: 1,,ActivityID: 57082e39-e3c5-0000-d02e-0857c5e3db01,MicrosoftAccount:user=lpluigi44@gmail.com,False,D:\benign_log_combined_latest_used_actually\new_benign\security_32761.evtx,Audit success,0,"{""EventData"":{""Data"":[{""@Name"":""SubjectUserSid"",""#text"":""S-1-5-21-3962163828-2803415714-1403596700-1001""},{""@Name"":""SubjectUserName"",""#text"":""lplui""},{""@Name"":""SubjectDomainName"",""#text"":""SERVER002""},{""@Name"":""SubjectLogonId"",""#text"":""0x36A60""},{""@Name"":""TargetName"",""#text"":""MicrosoftAccount:user=lpluigi44@gmail.com""},{""@Name"":""Type"",""#text"":""0""},{""@Name"":""CountOfCredentialsReturned"",""#text"":""1""},{""@Name"":""ReadOperation"",""#text"":""%%8100""},{""@Name"":""ReturnCode"",""#text"":""0""},{""@Name"":""ProcessCreationTime"",""#text"":""2025-06-22 20:31:37.3516380""},{""@Name"":""ClientProcessId"",""#text"":""2852""}]}}"
31047,99208,2025-06-22 20:32:45.4465988,5379,LogAlways,Microsoft-Windows-Security-Auditing,Security,692,732,Server002,300,,Credential Manager credentials were read,lplui,,SID: S-1-5-21-3962163828-2803415714-1403596700-1001,Domain: SERVER002,LogonID: 0x36A60,CountOfCredentialsReturned: 1,,ActivityID: 57082e39-e3c5-0000-d02e-0857c5e3db01,MicrosoftAccount:user=lpluigi44@gmail.com,False,D:\benign_log_combined_latest_used_actually\new_benign\security_32761.evtx,Audit success,0,"{""EventData"":{""Data"":[{""@Name"":""SubjectUserSid"",""#text"":""S-1-5-21-3962163828-2803415714-1403596700-1001""},{""@Name"":""SubjectUserName"",""#text"":""lplui""},{""@Name"":""SubjectDomainName"",""#text"":""SERVER002""},{""@Name"":""SubjectLogonId"",""#text"":""0x36A60""},{""@Name"":""TargetName"",""#text"":""MicrosoftAccount:user=lpluigi44@gmail.com""},{""@Name"":""Type"",""#text"":""0""},{""@Name"":""CountOfCredentialsReturned"",""#text"":""1""},{""@Name"":""ReadOperation"",""#text"":""%%8100""},{""@Name"":""ReturnCode"",""#text"":""0""},{""@Name"":""ProcessCreationTime"",""#text"":""2025-06-22 20:31:37.3516380""},{""@Name"":""ClientProcessId"",""#text"":""2852""}]}}"
31048,99209,2025-06-22 20:32:45.4475496,5379,LogAlways,Microsoft-Windows-Security-Auditing,Security,692,732,Server002,300,,Credential Manager credentials were read,lplui,,SID: S-1-5-21-3962163828-2803415714-1403596700-1001,Domain: SERVER002,LogonID: 0x36A60,CountOfCredentialsReturned: 1,,ActivityID: 57082e39-e3c5-0000-d02e-0857c5e3db01,MicrosoftAccount:user=lpluigi44@gmail.com,False,D:\benign_log_combined_latest_used_actually\new_benign\security_32761.evtx,Audit success,0,"{""EventData"":{""Data"":[{""@Name"":""SubjectUserSid"",""#text"":""S-1-5-21-3962163828-2803415714-1403596700-1001""},{""@Name"":""SubjectUserName"",""#text"":""lplui""},{""@Name"":""SubjectDomainName"",""#text"":""SERVER002""},{""@Name"":""SubjectLogonId"",""#text"":""0x36A60""},{""@Name"":""TargetName"",""#text"":""MicrosoftAccount:user=lpluigi44@gmail.com""},{""@Name"":""Type"",""#text"":""0""},{""@Name"":""CountOfCredentialsReturned"",""#text"":""1""},{""@Name"":""ReadOperation"",""#text"":""%%8100""},{""@Name"":""ReturnCode"",""#text"":""0""},{""@Name"":""ProcessCreationTime"",""#text"":""2025-06-22 20:31:37.3516380""},{""@Name"":""ClientProcessId"",""#text"":""2852""}]}}"
31049,99210,2025-06-22 20:32:45.4480837,5379,LogAlways,Microsoft-Windows-Security-Auditing,Security,692,732,Server002,300,,Credential Manager credentials were read,lplui,,SID: S-1-5-21-3962163828-2803415714-1403596700-1001,Domain: SERVER002,LogonID: 0x36A60,CountOfCredentialsReturned: 1,,ActivityID: 57082e39-e3c5-0000-d02e-0857c5e3db01,MicrosoftAccount:user=lpluigi44@gmail.com,False,D:\benign_log_combined_latest_used_actually\new_benign\security_32761.evtx,Audit success,0,"{""EventData"":{""Data"":[{""@Name"":""SubjectUserSid"",""#text"":""S-1-5-21-3962163828-2803415714-1403596700-1001""},{""@Name"":""SubjectUserName"",""#text"":""lplui""},{""@Name"":""SubjectDomainName"",""#text"":""SERVER002""},{""@Name"":""SubjectLogonId"",""#text"":""0x36A60""},{""@Name"":""TargetName"",""#text"":""MicrosoftAccount:user=lpluigi44@gmail.com""},{""@Name"":""Type"",""#text"":""0""},{""@Name"":""CountOfCredentialsReturned"",""#text"":""1""},{""@Name"":""ReadOperation"",""#text"":""%%8100""},{""@Name"":""ReturnCode"",""#text"":""0""},{""@Name"":""ProcessCreationTime"",""#text"":""2025-06-22 20:31:37.3516380""},{""@Name"":""ClientProcessId"",""#text"":""2852""}]}}"
31050,99211,2025-06-22 20:32:45.4485643,5379,LogAlways,Microsoft-Windows-Security-Auditing,Security,692,732,Server002,300,,Credential Manager credentials were read,lplui,,SID: S-1-5-21-3962163828-2803415714-1403596700-1001,Domain: SERVER002,LogonID: 0x36A60,CountOfCredentialsReturned: 1,,ActivityID: 57082e39-e3c5-0000-d02e-0857c5e3db01,MicrosoftAccount:user=lpluigi44@gmail.com,False,D:\benign_log_combined_latest_used_actually\new_benign\security_32761.evtx,Audit success,0,"{""EventData"":{""Data"":[{""@Name"":""SubjectUserSid"",""#text"":""S-1-5-21-3962163828-2803415714-1403596700-1001""},{""@Name"":""SubjectUserName"",""#text"":""lplui""},{""@Name"":""SubjectDomainName"",""#text"":""SERVER002""},{""@Name"":""SubjectLogonId"",""#text"":""0x36A60""},{""@Name"":""TargetName"",""#text"":""MicrosoftAccount:user=lpluigi44@gmail.com""},{""@Name"":""Type"",""#text"":""0""},{""@Name"":""CountOfCredentialsReturned"",""#text"":""1""},{""@Name"":""ReadOperation"",""#text"":""%%8100""},{""@Name"":""ReturnCode"",""#text"":""0""},{""@Name"":""ProcessCreationTime"",""#text"":""2025-06-22 20:31:37.3516380""},{""@Name"":""ClientProcessId"",""#text"":""2852""}]}}"
31051,99212,2025-06-22 20:32:45.4487278,5379,LogAlways,Microsoft-Windows-Security-Auditing,Security,692,732,Server002,300,,Credential Manager credentials were read,lplui,,SID: S-1-5-21-3962163828-2803415714-1403596700-1001,Domain: SERVER002,LogonID: 0x36A60,CountOfCredentialsReturned: 1,,ActivityID: 57082e39-e3c5-0000-d02e-0857c5e3db01,MicrosoftAccount:user=lpluigi44@gmail.com,False,D:\benign_log_combined_latest_used_actually\new_benign\security_32761.evtx,Audit success,0,"{""EventData"":{""Data"":[{""@Name"":""SubjectUserSid"",""#text"":""S-1-5-21-3962163828-2803415714-1403596700-1001""},{""@Name"":""SubjectUserName"",""#text"":""lplui""},{""@Name"":""SubjectDomainName"",""#text"":""SERVER002""},{""@Name"":""SubjectLogonId"",""#text"":""0x36A60""},{""@Name"":""TargetName"",""#text"":""MicrosoftAccount:user=lpluigi44@gmail.com""},{""@Name"":""Type"",""#text"":""0""},{""@Name"":""CountOfCredentialsReturned"",""#text"":""1""},{""@Name"":""ReadOperation"",""#text"":""%%8100""},{""@Name"":""ReturnCode"",""#text"":""0""},{""@Name"":""ProcessCreationTime"",""#text"":""2025-06-22 20:31:37.3516380""},{""@Name"":""ClientProcessId"",""#text"":""2852""}]}}"
31052,99213,2025-06-22 20:32:45.4489557,5379,LogAlways,Microsoft-Windows-Security-Auditing,Security,692,732,Server002,300,,Credential Manager credentials were read,lplui,,SID: S-1-5-21-3962163828-2803415714-1403596700-1001,Domain: SERVER002,LogonID: 0x36A60,CountOfCredentialsReturned: 1,,ActivityID: 57082e39-e3c5-0000-d02e-0857c5e3db01,MicrosoftAccount:user=lpluigi44@gmail.com,False,D:\benign_log_combined_latest_used_actually\new_benign\security_32761.evtx,Audit success,0,"{""EventData"":{""Data"":[{""@Name"":""SubjectUserSid"",""#text"":""S-1-5-21-3962163828-2803415714-1403596700-1001""},{""@Name"":""SubjectUserName"",""#text"":""lplui""},{""@Name"":""SubjectDomainName"",""#text"":""SERVER002""},{""@Name"":""SubjectLogonId"",""#text"":""0x36A60""},{""@Name"":""TargetName"",""#text"":""MicrosoftAccount:user=lpluigi44@gmail.com""},{""@Name"":""Type"",""#text"":""0""},{""@Name"":""CountOfCredentialsReturned"",""#text"":""1""},{""@Name"":""ReadOperation"",""#text"":""%%8100""},{""@Name"":""ReturnCode"",""#text"":""0""},{""@Name"":""ProcessCreationTime"",""#text"":""2025-06-22 20:31:37.3516380""},{""@Name"":""ClientProcessId"",""#text"":""2852""}]}}"
31053,99214,2025-06-22 20:32:45.4491121,5379,LogAlways,Microsoft-Windows-Security-Auditing,Security,692,732,Server002,300,,Credential Manager credentials were read,lplui,,SID: S-1-5-21-3962163828-2803415714-1403596700-1001,Domain: SERVER002,LogonID: 0x36A60,CountOfCredentialsReturned: 1,,ActivityID: 57082e39-e3c5-0000-d02e-0857c5e3db01,MicrosoftAccount:user=lpluigi44@gmail.com,False,D:\benign_log_combined_latest_used_actually\new_benign\security_32761.evtx,Audit success,0,"{""EventData"":{""Data"":[{""@Name"":""SubjectUserSid"",""#text"":""S-1-5-21-3962163828-2803415714-1403596700-1001""},{""@Name"":""SubjectUserName"",""#text"":""lplui""},{""@Name"":""SubjectDomainName"",""#text"":""SERVER002""},{""@Name"":""SubjectLogonId"",""#text"":""0x36A60""},{""@Name"":""TargetName"",""#text"":""MicrosoftAccount:user=lpluigi44@gmail.com""},{""@Name"":""Type"",""#text"":""0""},{""@Name"":""CountOfCredentialsReturned"",""#text"":""1""},{""@Name"":""ReadOperation"",""#text"":""%%8100""},{""@Name"":""ReturnCode"",""#text"":""0""},{""@Name"":""ProcessCreationTime"",""#text"":""2025-06-22 20:31:37.3516380""},{""@Name"":""ClientProcessId"",""#text"":""2852""}]}}"
31054,99215,2025-06-22 20:32:45.4492949,5379,LogAlways,Microsoft-Windows-Security-Auditing,Security,692,732,Server002,300,,Credential Manager credentials were read,lplui,,SID: S-1-5-21-3962163828-2803415714-1403596700-1001,Domain: SERVER002,LogonID: 0x36A60,CountOfCredentialsReturned: 1,,ActivityID: 57082e39-e3c5-0000-d02e-0857c5e3db01,MicrosoftAccount:user=lpluigi44@gmail.com,False,D:\benign_log_combined_latest_used_actually\new_benign\security_32761.evtx,Audit success,0,"{""EventData"":{""Data"":[{""@Name"":""SubjectUserSid"",""#text"":""S-1-5-21-3962163828-2803415714-1403596700-1001""},{""@Name"":""SubjectUserName"",""#text"":""lplui""},{""@Name"":""SubjectDomainName"",""#text"":""SERVER002""},{""@Name"":""SubjectLogonId"",""#text"":""0x36A60""},{""@Name"":""TargetName"",""#text"":""MicrosoftAccount:user=lpluigi44@gmail.com""},{""@Name"":""Type"",""#text"":""0""},{""@Name"":""CountOfCredentialsReturned"",""#text"":""1""},{""@Name"":""ReadOperation"",""#text"":""%%8100""},{""@Name"":""ReturnCode"",""#text"":""0""},{""@Name"":""ProcessCreationTime"",""#text"":""2025-06-22 20:31:37.3516380""},{""@Name"":""ClientProcessId"",""#text"":""2852""}]}}"
31055,99216,2025-06-22 20:32:45.4494436,5379,LogAlways,Microsoft-Windows-Security-Auditing,Security,692,732,Server002,300,,Credential Manager credentials were read,lplui,,SID: S-1-5-21-3962163828-2803415714-1403596700-1001,Domain: SERVER002,LogonID: 0x36A60,CountOfCredentialsReturned: 1,,ActivityID: 57082e39-e3c5-0000-d02e-0857c5e3db01,MicrosoftAccount:user=lpluigi44@gmail.com,False,D:\benign_log_combined_latest_used_actually\new_benign\security_32761.evtx,Audit success,0,"{""EventData"":{""Data"":[{""@Name"":""SubjectUserSid"",""#text"":""S-1-5-21-3962163828-2803415714-1403596700-1001""},{""@Name"":""SubjectUserName"",""#text"":""lplui""},{""@Name"":""SubjectDomainName"",""#text"":""SERVER002""},{""@Name"":""SubjectLogonId"",""#text"":""0x36A60""},{""@Name"":""TargetName"",""#text"":""MicrosoftAccount:user=lpluigi44@gmail.com""},{""@Name"":""Type"",""#text"":""0""},{""@Name"":""CountOfCredentialsReturned"",""#text"":""1""},{""@Name"":""ReadOperation"",""#text"":""%%8100""},{""@Name"":""ReturnCode"",""#text"":""0""},{""@Name"":""ProcessCreationTime"",""#text"":""2025-06-22 20:31:37.3516380""},{""@Name"":""ClientProcessId"",""#text"":""2852""}]}}"
31056,99217,2025-06-22 20:32:45.4496238,5379,LogAlways,Microsoft-Windows-Security-Auditing,Security,692,732,Server002,300,,Credential Manager credentials were read,lplui,,SID: S-1-5-21-3962163828-2803415714-1403596700-1001,Domain: SERVER002,LogonID: 0x36A60,CountOfCredentialsReturned: 1,,ActivityID: 57082e39-e3c5-0000-d02e-0857c5e3db01,MicrosoftAccount:user=lpluigi44@gmail.com,False,D:\benign_log_combined_latest_used_actually\new_benign\security_32761.evtx,Audit success,0,"{""EventData"":{""Data"":[{""@Name"":""SubjectUserSid"",""#text"":""S-1-5-21-3962163828-2803415714-1403596700-1001""},{""@Name"":""SubjectUserName"",""#text"":""lplui""},{""@Name"":""SubjectDomainName"",""#text"":""SERVER002""},{""@Name"":""SubjectLogonId"",""#text"":""0x36A60""},{""@Name"":""TargetName"",""#text"":""MicrosoftAccount:user=lpluigi44@gmail.com""},{""@Name"":""Type"",""#text"":""0""},{""@Name"":""CountOfCredentialsReturned"",""#text"":""1""},{""@Name"":""ReadOperation"",""#text"":""%%8100""},{""@Name"":""ReturnCode"",""#text"":""0""},{""@Name"":""ProcessCreationTime"",""#text"":""2025-06-22 20:31:37.3516380""},{""@Name"":""ClientProcessId"",""#text"":""2852""}]}}"
31057,99218,2025-06-22 20:32:45.4670491,5379,LogAlways,Microsoft-Windows-Security-Auditing,Security,692,732,Server002,300,,Credential Manager credentials were read,lplui,,SID: S-1-5-21-3962163828-2803415714-1403596700-1001,Domain: SERVER002,LogonID: 0x36A60,CountOfCredentialsReturned: 1,,ActivityID: 57082e39-e3c5-0000-d02e-0857c5e3db01,MicrosoftAccount:user=lpluigi44@gmail.com,False,D:\benign_log_combined_latest_used_actually\new_benign\security_32761.evtx,Audit success,0,"{""EventData"":{""Data"":[{""@Name"":""SubjectUserSid"",""#text"":""S-1-5-21-3962163828-2803415714-1403596700-1001""},{""@Name"":""SubjectUserName"",""#text"":""lplui""},{""@Name"":""SubjectDomainName"",""#text"":""SERVER002""},{""@Name"":""SubjectLogonId"",""#text"":""0x36A60""},{""@Name"":""TargetName"",""#text"":""MicrosoftAccount:user=lpluigi44@gmail.com""},{""@Name"":""Type"",""#text"":""0""},{""@Name"":""CountOfCredentialsReturned"",""#text"":""1""},{""@Name"":""ReadOperation"",""#text"":""%%8100""},{""@Name"":""ReturnCode"",""#text"":""0""},{""@Name"":""ProcessCreationTime"",""#text"":""2025-06-22 20:31:37.3516380""},{""@Name"":""ClientProcessId"",""#text"":""2852""}]}}"
31058,99219,2025-06-22 20:32:45.4677583,5379,LogAlways,Microsoft-Windows-Security-Auditing,Security,692,732,Server002,300,,Credential Manager credentials were read,lplui,,SID: S-1-5-21-3962163828-2803415714-1403596700-1001,Domain: SERVER002,LogonID: 0x36A60,CountOfCredentialsReturned: 1,,ActivityID: 57082e39-e3c5-0000-d02e-0857c5e3db01,MicrosoftAccount:user=lpluigi44@gmail.com,False,D:\benign_log_combined_latest_used_actually\new_benign\security_32761.evtx,Audit success,0,"{""EventData"":{""Data"":[{""@Name"":""SubjectUserSid"",""#text"":""S-1-5-21-3962163828-2803415714-1403596700-1001""},{""@Name"":""SubjectUserName"",""#text"":""lplui""},{""@Name"":""SubjectDomainName"",""#text"":""SERVER002""},{""@Name"":""SubjectLogonId"",""#text"":""0x36A60""},{""@Name"":""TargetName"",""#text"":""MicrosoftAccount:user=lpluigi44@gmail.com""},{""@Name"":""Type"",""#text"":""0""},{""@Name"":""CountOfCredentialsReturned"",""#text"":""1""},{""@Name"":""ReadOperation"",""#text"":""%%8100""},{""@Name"":""ReturnCode"",""#text"":""0""},{""@Name"":""ProcessCreationTime"",""#text"":""2025-06-22 20:31:37.3516380""},{""@Name"":""ClientProcessId"",""#text"":""2852""}]}}"
31059,99220,2025-06-22 20:32:45.4684700,5379,LogAlways,Microsoft-Windows-Security-Auditing,Security,692,732,Server002,300,,Credential Manager credentials were read,lplui,,SID: S-1-5-21-3962163828-2803415714-1403596700-1001,Domain: SERVER002,LogonID: 0x36A60,CountOfCredentialsReturned: 1,,ActivityID: 57082e39-e3c5-0000-d02e-0857c5e3db01,MicrosoftAccount:user=lpluigi44@gmail.com,False,D:\benign_log_combined_latest_used_actually\new_benign\security_32761.evtx,Audit success,0,"{""EventData"":{""Data"":[{""@Name"":""SubjectUserSid"",""#text"":""S-1-5-21-3962163828-2803415714-1403596700-1001""},{""@Name"":""SubjectUserName"",""#text"":""lplui""},{""@Name"":""SubjectDomainName"",""#text"":""SERVER002""},{""@Name"":""SubjectLogonId"",""#text"":""0x36A60""},{""@Name"":""TargetName"",""#text"":""MicrosoftAccount:user=lpluigi44@gmail.com""},{""@Name"":""Type"",""#text"":""0""},{""@Name"":""CountOfCredentialsReturned"",""#text"":""1""},{""@Name"":""ReadOperation"",""#text"":""%%8100""},{""@Name"":""ReturnCode"",""#text"":""0""},{""@Name"":""ProcessCreationTime"",""#text"":""2025-06-22 20:31:37.3516380""},{""@Name"":""ClientProcessId"",""#text"":""2852""}]}}"
31060,99221,2025-06-22 20:32:45.4688635,5379,LogAlways,Microsoft-Windows-Security-Auditing,Security,692,732,Server002,300,,Credential Manager credentials were read,lplui,,SID: S-1-5-21-3962163828-2803415714-1403596700-1001,Domain: SERVER002,LogonID: 0x36A60,CountOfCredentialsReturned: 1,,ActivityID: 57082e39-e3c5-0000-d02e-0857c5e3db01,MicrosoftAccount:user=lpluigi44@gmail.com,False,D:\benign_log_combined_latest_used_actually\new_benign\security_32761.evtx,Audit success,0,"{""EventData"":{""Data"":[{""@Name"":""SubjectUserSid"",""#text"":""S-1-5-21-3962163828-2803415714-1403596700-1001""},{""@Name"":""SubjectUserName"",""#text"":""lplui""},{""@Name"":""SubjectDomainName"",""#text"":""SERVER002""},{""@Name"":""SubjectLogonId"",""#text"":""0x36A60""},{""@Name"":""TargetName"",""#text"":""MicrosoftAccount:user=lpluigi44@gmail.com""},{""@Name"":""Type"",""#text"":""0""},{""@Name"":""CountOfCredentialsReturned"",""#text"":""1""},{""@Name"":""ReadOperation"",""#text"":""%%8100""},{""@Name"":""ReturnCode"",""#text"":""0""},{""@Name"":""ProcessCreationTime"",""#text"":""2025-06-22 20:31:37.3516380""},{""@Name"":""ClientProcessId"",""#text"":""2852""}]}}"
31061,99222,2025-06-22 20:32:45.4693567,5379,LogAlways,Microsoft-Windows-Security-Auditing,Security,692,732,Server002,300,,Credential Manager credentials were read,lplui,,SID: S-1-5-21-3962163828-2803415714-1403596700-1001,Domain: SERVER002,LogonID: 0x36A60,CountOfCredentialsReturned: 1,,ActivityID: 57082e39-e3c5-0000-d02e-0857c5e3db01,MicrosoftAccount:user=lpluigi44@gmail.com,False,D:\benign_log_combined_latest_used_actually\new_benign\security_32761.evtx,Audit success,0,"{""EventData"":{""Data"":[{""@Name"":""SubjectUserSid"",""#text"":""S-1-5-21-3962163828-2803415714-1403596700-1001""},{""@Name"":""SubjectUserName"",""#text"":""lplui""},{""@Name"":""SubjectDomainName"",""#text"":""SERVER002""},{""@Name"":""SubjectLogonId"",""#text"":""0x36A60""},{""@Name"":""TargetName"",""#text"":""MicrosoftAccount:user=lpluigi44@gmail.com""},{""@Name"":""Type"",""#text"":""0""},{""@Name"":""CountOfCredentialsReturned"",""#text"":""1""},{""@Name"":""ReadOperation"",""#text"":""%%8100""},{""@Name"":""ReturnCode"",""#text"":""0""},{""@Name"":""ProcessCreationTime"",""#text"":""2025-06-22 20:31:37.3516380""},{""@Name"":""ClientProcessId"",""#text"":""2852""}]}}"
31062,99223,2025-06-22 20:32:45.4698008,5379,LogAlways,Microsoft-Windows-Security-Auditing,Security,692,732,Server002,300,,Credential Manager credentials were read,lplui,,SID: S-1-5-21-3962163828-2803415714-1403596700-1001,Domain: SERVER002,LogonID: 0x36A60,CountOfCredentialsReturned: 1,,ActivityID: 57082e39-e3c5-0000-d02e-0857c5e3db01,MicrosoftAccount:user=lpluigi44@gmail.com,False,D:\benign_log_combined_latest_used_actually\new_benign\security_32761.evtx,Audit success,0,"{""EventData"":{""Data"":[{""@Name"":""SubjectUserSid"",""#text"":""S-1-5-21-3962163828-2803415714-1403596700-1001""},{""@Name"":""SubjectUserName"",""#text"":""lplui""},{""@Name"":""SubjectDomainName"",""#text"":""SERVER002""},{""@Name"":""SubjectLogonId"",""#text"":""0x36A60""},{""@Name"":""TargetName"",""#text"":""MicrosoftAccount:user=lpluigi44@gmail.com""},{""@Name"":""Type"",""#text"":""0""},{""@Name"":""CountOfCredentialsReturned"",""#text"":""1""},{""@Name"":""ReadOperation"",""#text"":""%%8100""},{""@Name"":""ReturnCode"",""#text"":""0""},{""@Name"":""ProcessCreationTime"",""#text"":""2025-06-22 20:31:37.3516380""},{""@Name"":""ClientProcessId"",""#text"":""2852""}]}}"
31063,99224,2025-06-22 20:32:45.4702773,5379,LogAlways,Microsoft-Windows-Security-Auditing,Security,692,732,Server002,300,,Credential Manager credentials were read,lplui,,SID: S-1-5-21-3962163828-2803415714-1403596700-1001,Domain: SERVER002,LogonID: 0x36A60,CountOfCredentialsReturned: 1,,ActivityID: 57082e39-e3c5-0000-d02e-0857c5e3db01,MicrosoftAccount:user=lpluigi44@gmail.com,False,D:\benign_log_combined_latest_used_actually\new_benign\security_32761.evtx,Audit success,0,"{""EventData"":{""Data"":[{""@Name"":""SubjectUserSid"",""#text"":""S-1-5-21-3962163828-2803415714-1403596700-1001""},{""@Name"":""SubjectUserName"",""#text"":""lplui""},{""@Name"":""SubjectDomainName"",""#text"":""SERVER002""},{""@Name"":""SubjectLogonId"",""#text"":""0x36A60""},{""@Name"":""TargetName"",""#text"":""MicrosoftAccount:user=lpluigi44@gmail.com""},{""@Name"":""Type"",""#text"":""0""},{""@Name"":""CountOfCredentialsReturned"",""#text"":""1""},{""@Name"":""ReadOperation"",""#text"":""%%8100""},{""@Name"":""ReturnCode"",""#text"":""0""},{""@Name"":""ProcessCreationTime"",""#text"":""2025-06-22 20:31:37.3516380""},{""@Name"":""ClientProcessId"",""#text"":""2852""}]}}"
31064,99225,2025-06-22 20:32:45.4706826,5379,LogAlways,Microsoft-Windows-Security-Auditing,Security,692,732,Server002,300,,Credential Manager credentials were read,lplui,,SID: S-1-5-21-3962163828-2803415714-1403596700-1001,Domain: SERVER002,LogonID: 0x36A60,CountOfCredentialsReturned: 1,,ActivityID: 57082e39-e3c5-0000-d02e-0857c5e3db01,MicrosoftAccount:user=lpluigi44@gmail.com,False,D:\benign_log_combined_latest_used_actually\new_benign\security_32761.evtx,Audit success,0,"{""EventData"":{""Data"":[{""@Name"":""SubjectUserSid"",""#text"":""S-1-5-21-3962163828-2803415714-1403596700-1001""},{""@Name"":""SubjectUserName"",""#text"":""lplui""},{""@Name"":""SubjectDomainName"",""#text"":""SERVER002""},{""@Name"":""SubjectLogonId"",""#text"":""0x36A60""},{""@Name"":""TargetName"",""#text"":""MicrosoftAccount:user=lpluigi44@gmail.com""},{""@Name"":""Type"",""#text"":""0""},{""@Name"":""CountOfCredentialsReturned"",""#text"":""1""},{""@Name"":""ReadOperation"",""#text"":""%%8100""},{""@Name"":""ReturnCode"",""#text"":""0""},{""@Name"":""ProcessCreationTime"",""#text"":""2025-06-22 20:31:37.3516380""},{""@Name"":""ClientProcessId"",""#text"":""2852""}]}}"
31065,99226,2025-06-22 20:32:45.4711704,5379,LogAlways,Microsoft-Windows-Security-Auditing,Security,692,732,Server002,300,,Credential Manager credentials were read,lplui,,SID: S-1-5-21-3962163828-2803415714-1403596700-1001,Domain: SERVER002,LogonID: 0x36A60,CountOfCredentialsReturned: 1,,ActivityID: 57082e39-e3c5-0000-d02e-0857c5e3db01,MicrosoftAccount:user=lpluigi44@gmail.com,False,D:\benign_log_combined_latest_used_actually\new_benign\security_32761.evtx,Audit success,0,"{""EventData"":{""Data"":[{""@Name"":""SubjectUserSid"",""#text"":""S-1-5-21-3962163828-2803415714-1403596700-1001""},{""@Name"":""SubjectUserName"",""#text"":""lplui""},{""@Name"":""SubjectDomainName"",""#text"":""SERVER002""},{""@Name"":""SubjectLogonId"",""#text"":""0x36A60""},{""@Name"":""TargetName"",""#text"":""MicrosoftAccount:user=lpluigi44@gmail.com""},{""@Name"":""Type"",""#text"":""0""},{""@Name"":""CountOfCredentialsReturned"",""#text"":""1""},{""@Name"":""ReadOperation"",""#text"":""%%8100""},{""@Name"":""ReturnCode"",""#text"":""0""},{""@Name"":""ProcessCreationTime"",""#text"":""2025-06-22 20:31:37.3516380""},{""@Name"":""ClientProcessId"",""#text"":""2852""}]}}"
31066,99227,2025-06-22 20:32:45.4715941,5379,LogAlways,Microsoft-Windows-Security-Auditing,Security,692,732,Server002,300,,Credential Manager credentials were read,lplui,,SID: S-1-5-21-3962163828-2803415714-1403596700-1001,Domain: SERVER002,LogonID: 0x36A60,CountOfCredentialsReturned: 1,,ActivityID: 57082e39-e3c5-0000-d02e-0857c5e3db01,MicrosoftAccount:user=lpluigi44@gmail.com,False,D:\benign_log_combined_latest_used_actually\new_benign\security_32761.evtx,Audit success,0,"{""EventData"":{""Data"":[{""@Name"":""SubjectUserSid"",""#text"":""S-1-5-21-3962163828-2803415714-1403596700-1001""},{""@Name"":""SubjectUserName"",""#text"":""lplui""},{""@Name"":""SubjectDomainName"",""#text"":""SERVER002""},{""@Name"":""SubjectLogonId"",""#text"":""0x36A60""},{""@Name"":""TargetName"",""#text"":""MicrosoftAccount:user=lpluigi44@gmail.com""},{""@Name"":""Type"",""#text"":""0""},{""@Name"":""CountOfCredentialsReturned"",""#text"":""1""},{""@Name"":""ReadOperation"",""#text"":""%%8100""},{""@Name"":""ReturnCode"",""#text"":""0""},{""@Name"":""ProcessCreationTime"",""#text"":""2025-06-22 20:31:37.3516380""},{""@Name"":""ClientProcessId"",""#text"":""2852""}]}}"
31067,99228,2025-06-22 20:32:45.4720547,5379,LogAlways,Microsoft-Windows-Security-Auditing,Security,692,732,Server002,300,,Credential Manager credentials were read,lplui,,SID: S-1-5-21-3962163828-2803415714-1403596700-1001,Domain: SERVER002,LogonID: 0x36A60,CountOfCredentialsReturned: 1,,ActivityID: 57082e39-e3c5-0000-d02e-0857c5e3db01,MicrosoftAccount:user=lpluigi44@gmail.com,False,D:\benign_log_combined_latest_used_actually\new_benign\security_32761.evtx,Audit success,0,"{""EventData"":{""Data"":[{""@Name"":""SubjectUserSid"",""#text"":""S-1-5-21-3962163828-2803415714-1403596700-1001""},{""@Name"":""SubjectUserName"",""#text"":""lplui""},{""@Name"":""SubjectDomainName"",""#text"":""SERVER002""},{""@Name"":""SubjectLogonId"",""#text"":""0x36A60""},{""@Name"":""TargetName"",""#text"":""MicrosoftAccount:user=lpluigi44@gmail.com""},{""@Name"":""Type"",""#text"":""0""},{""@Name"":""CountOfCredentialsReturned"",""#text"":""1""},{""@Name"":""ReadOperation"",""#text"":""%%8100""},{""@Name"":""ReturnCode"",""#text"":""0""},{""@Name"":""ProcessCreationTime"",""#text"":""2025-06-22 20:31:37.3516380""},{""@Name"":""ClientProcessId"",""#text"":""2852""}]}}"
31068,99229,2025-06-22 20:32:45.4725113,5379,LogAlways,Microsoft-Windows-Security-Auditing,Security,692,732,Server002,300,,Credential Manager credentials were read,lplui,,SID: S-1-5-21-3962163828-2803415714-1403596700-1001,Domain: SERVER002,LogonID: 0x36A60,CountOfCredentialsReturned: 1,,ActivityID: 57082e39-e3c5-0000-d02e-0857c5e3db01,MicrosoftAccount:user=lpluigi44@gmail.com,False,D:\benign_log_combined_latest_used_actually\new_benign\security_32761.evtx,Audit success,0,"{""EventData"":{""Data"":[{""@Name"":""SubjectUserSid"",""#text"":""S-1-5-21-3962163828-2803415714-1403596700-1001""},{""@Name"":""SubjectUserName"",""#text"":""lplui""},{""@Name"":""SubjectDomainName"",""#text"":""SERVER002""},{""@Name"":""SubjectLogonId"",""#text"":""0x36A60""},{""@Name"":""TargetName"",""#text"":""MicrosoftAccount:user=lpluigi44@gmail.com""},{""@Name"":""Type"",""#text"":""0""},{""@Name"":""CountOfCredentialsReturned"",""#text"":""1""},{""@Name"":""ReadOperation"",""#text"":""%%8100""},{""@Name"":""ReturnCode"",""#text"":""0""},{""@Name"":""ProcessCreationTime"",""#text"":""2025-06-22 20:31:37.3516380""},{""@Name"":""ClientProcessId"",""#text"":""2852""}]}}"
31069,99230,2025-06-22 20:32:46.2413286,5379,LogAlways,Microsoft-Windows-Security-Auditing,Security,692,732,Server002,300,,Credential Manager credentials were read,lplui,,SID: S-1-5-21-3962163828-2803415714-1403596700-1001,Domain: SERVER002,LogonID: 0x36A60,CountOfCredentialsReturned: 0,,ActivityID: 57082e39-e3c5-0000-d02e-0857c5e3db01,Microsoft OneDrive Generic Data - Personal Vault VHD Info,False,D:\benign_log_combined_latest_used_actually\new_benign\security_32761.evtx,Audit success,0,"{""EventData"":{""Data"":[{""@Name"":""SubjectUserSid"",""#text"":""S-1-5-21-3962163828-2803415714-1403596700-1001""},{""@Name"":""SubjectUserName"",""#text"":""lplui""},{""@Name"":""SubjectDomainName"",""#text"":""SERVER002""},{""@Name"":""SubjectLogonId"",""#text"":""0x36A60""},{""@Name"":""TargetName"",""#text"":""Microsoft OneDrive Generic Data - Personal Vault VHD Info""},{""@Name"":""Type"",""#text"":""0""},{""@Name"":""CountOfCredentialsReturned"",""#text"":""0""},{""@Name"":""ReadOperation"",""#text"":""%%8100""},{""@Name"":""ReturnCode"",""#text"":""3221226021""},{""@Name"":""ProcessCreationTime"",""#text"":""2025-06-22 20:32:31.9953565""},{""@Name"":""ClientProcessId"",""#text"":""9624""}]}}"
31070,99231,2025-06-22 20:32:47.1315298,4799,LogAlways,Microsoft-Windows-Security-Auditing,Security,692,2960,Server002,300,,A security-enabled local group membership was enumerated,WORKGROUP\SERVER002$ (S-1-5-18),,Target: Builtin\Administrators (S-1-5-32-544),SubjectLogonId: 0x3E7,CallerProcessName: C:\Windows\System32\svchost.exe,CallerProcessId: 0x2A54,,,,False,D:\benign_log_combined_latest_used_actually\new_benign\security_32761.evtx,Audit success,0,"{""EventData"":{""Data"":[{""@Name"":""TargetUserName"",""#text"":""Administrators""},{""@Name"":""TargetDomainName"",""#text"":""Builtin""},{""@Name"":""TargetSid"",""#text"":""S-1-5-32-544""},{""@Name"":""SubjectUserSid"",""#text"":""S-1-5-18""},{""@Name"":""SubjectUserName"",""#text"":""SERVER002$""},{""@Name"":""SubjectDomainName"",""#text"":""WORKGROUP""},{""@Name"":""SubjectLogonId"",""#text"":""0x3E7""},{""@Name"":""CallerProcessId"",""#text"":""0x2A54""},{""@Name"":""CallerProcessName"",""#text"":""C:\\Windows\\System32\\svchost.exe""}]}}"
31071,99232,2025-06-22 20:32:52.0352175,4799,LogAlways,Microsoft-Windows-Security-Auditing,Security,692,732,Server002,300,,A security-enabled local group membership was enumerated,SERVER002\lplui (S-1-5-21-3962163828-2803415714-1403596700-1001),,Target: Builtin\Administrators (S-1-5-32-544),SubjectLogonId: 0x3699E,CallerProcessName: C:\Windows\System32\taskhostw.exe,CallerProcessId: 0x258C,,,,False,D:\benign_log_combined_latest_used_actually\new_benign\security_32761.evtx,Audit success,0,"{""EventData"":{""Data"":[{""@Name"":""TargetUserName"",""#text"":""Administrators""},{""@Name"":""TargetDomainName"",""#text"":""Builtin""},{""@Name"":""TargetSid"",""#text"":""S-1-5-32-544""},{""@Name"":""SubjectUserSid"",""#text"":""S-1-5-21-3962163828-2803415714-1403596700-1001""},{""@Name"":""SubjectUserName"",""#text"":""lplui""},{""@Name"":""SubjectDomainName"",""#text"":""SERVER002""},{""@Name"":""SubjectLogonId"",""#text"":""0x3699E""},{""@Name"":""CallerProcessId"",""#text"":""0x258C""},{""@Name"":""CallerProcessName"",""#text"":""C:\\Windows\\System32\\taskhostw.exe""}]}}"
