22315,90476,2025-05-02 09:26:32.4664229,4798,LogAlways,Microsoft-Windows-Security-Auditing,Security,688,744,Server002,216,,A user's local group membership was enumerated,WORKGROUP\SERVER002$ (S-1-5-18),,Target: SERVER002\WDAGUtilityAccount (S-1-5-21-3962163828-2803415714-1403596700-504),SubjectLogonId: 0x3E7,CallerProcessName: C:\Program Files\Malwarebytes\Anti-Malware\MBAMService.exe,CallerProcessId: 0xC90,,,,False,D:\benign_log_combined_latest_used_actually\new_benign\security_32761.evtx,Audit success,0,"{""EventData"":{""Data"":[{""@Name"":""TargetUserName"",""#text"":""WDAGUtilityAccount""},{""@Name"":""TargetDomainName"",""#text"":""SERVER002""},{""@Name"":""TargetSid"",""#text"":""S-1-5-21-3962163828-2803415714-1403596700-504""},{""@Name"":""SubjectUserSid"",""#text"":""S-1-5-18""},{""@Name"":""SubjectUserName"",""#text"":""SERVER002$""},{""@Name"":""SubjectDomainName"",""#text"":""WORKGROUP""},{""@Name"":""SubjectLogonId"",""#text"":""0x3E7""},{""@Name"":""CallerProcessId"",""#text"":""0xC90""},{""@Name"":""CallerProcessName"",""#text"":""C:\\Program Files\\Malwarebytes\\Anti-Malware\\MBAMService.exe""}]}}"
22316,90477,2025-05-02 09:31:32.4317346,4798,LogAlways,Microsoft-Windows-Security-Auditing,Security,688,7360,Server002,216,,A user's local group membership was enumerated,WORKGROUP\SERVER002$ (S-1-5-18),,Target: SERVER002\Administrator (S-1-5-21-3962163828-2803415714-1403596700-500),SubjectLogonId: 0x3E7,CallerProcessName: C:\Program Files\Malwarebytes\Anti-Malware\MBAMService.exe,CallerProcessId: 0xC90,,,,False,D:\benign_log_combined_latest_used_actually\new_benign\security_32761.evtx,Audit success,0,"{""EventData"":{""Data"":[{""@Name"":""TargetUserName"",""#text"":""Administrator""},{""@Name"":""TargetDomainName"",""#text"":""SERVER002""},{""@Name"":""TargetSid"",""#text"":""S-1-5-21-3962163828-2803415714-1403596700-500""},{""@Name"":""SubjectUserSid"",""#text"":""S-1-5-18""},{""@Name"":""SubjectUserName"",""#text"":""SERVER002$""},{""@Name"":""SubjectDomainName"",""#text"":""WORKGROUP""},{""@Name"":""SubjectLogonId"",""#text"":""0x3E7""},{""@Name"":""CallerProcessId"",""#text"":""0xC90""},{""@Name"":""CallerProcessName"",""#text"":""C:\\Program Files\\Malwarebytes\\Anti-Malware\\MBAMService.exe""}]}}"
22317,90478,2025-05-02 09:31:32.4319868,4798,LogAlways,Microsoft-Windows-Security-Auditing,Security,688,7360,Server002,216,,A user's local group membership was enumerated,WORKGROUP\SERVER002$ (S-1-5-18),,Target: SERVER002\admin_test (S-1-5-21-3962163828-2803415714-1403596700-1006),SubjectLogonId: 0x3E7,CallerProcessName: C:\Program Files\Malwarebytes\Anti-Malware\MBAMService.exe,CallerProcessId: 0xC90,,,,False,D:\benign_log_combined_latest_used_actually\new_benign\security_32761.evtx,Audit success,0,"{""EventData"":{""Data"":[{""@Name"":""TargetUserName"",""#text"":""admin_test""},{""@Name"":""TargetDomainName"",""#text"":""SERVER002""},{""@Name"":""TargetSid"",""#text"":""S-1-5-21-3962163828-2803415714-1403596700-1006""},{""@Name"":""SubjectUserSid"",""#text"":""S-1-5-18""},{""@Name"":""SubjectUserName"",""#text"":""SERVER002$""},{""@Name"":""SubjectDomainName"",""#text"":""WORKGROUP""},{""@Name"":""SubjectLogonId"",""#text"":""0x3E7""},{""@Name"":""CallerProcessId"",""#text"":""0xC90""},{""@Name"":""CallerProcessName"",""#text"":""C:\\Program Files\\Malwarebytes\\Anti-Malware\\MBAMService.exe""}]}}"
22318,90479,2025-05-02 09:31:32.4321740,4798,LogAlways,Microsoft-Windows-Security-Auditing,Security,688,7360,Server002,216,,A user's local group membership was enumerated,WORKGROUP\SERVER002$ (S-1-5-18),,Target: SERVER002\DefaultAccount (S-1-5-21-3962163828-2803415714-1403596700-503),SubjectLogonId: 0x3E7,CallerProcessName: C:\Program Files\Malwarebytes\Anti-Malware\MBAMService.exe,CallerProcessId: 0xC90,,,,False,D:\benign_log_combined_latest_used_actually\new_benign\security_32761.evtx,Audit success,0,"{""EventData"":{""Data"":[{""@Name"":""TargetUserName"",""#text"":""DefaultAccount""},{""@Name"":""TargetDomainName"",""#text"":""SERVER002""},{""@Name"":""TargetSid"",""#text"":""S-1-5-21-3962163828-2803415714-1403596700-503""},{""@Name"":""SubjectUserSid"",""#text"":""S-1-5-18""},{""@Name"":""SubjectUserName"",""#text"":""SERVER002$""},{""@Name"":""SubjectDomainName"",""#text"":""WORKGROUP""},{""@Name"":""SubjectLogonId"",""#text"":""0x3E7""},{""@Name"":""CallerProcessId"",""#text"":""0xC90""},{""@Name"":""CallerProcessName"",""#text"":""C:\\Program Files\\Malwarebytes\\Anti-Malware\\MBAMService.exe""}]}}"
22319,90480,2025-05-02 09:31:32.4323203,4798,LogAlways,Microsoft-Windows-Security-Auditing,Security,688,7360,Server002,216,,A user's local group membership was enumerated,WORKGROUP\SERVER002$ (S-1-5-18),,Target: SERVER002\Guest (S-1-5-21-3962163828-2803415714-1403596700-501),SubjectLogonId: 0x3E7,CallerProcessName: C:\Program Files\Malwarebytes\Anti-Malware\MBAMService.exe,CallerProcessId: 0xC90,,,,False,D:\benign_log_combined_latest_used_actually\new_benign\security_32761.evtx,Audit success,0,"{""EventData"":{""Data"":[{""@Name"":""TargetUserName"",""#text"":""Guest""},{""@Name"":""TargetDomainName"",""#text"":""SERVER002""},{""@Name"":""TargetSid"",""#text"":""S-1-5-21-3962163828-2803415714-1403596700-501""},{""@Name"":""SubjectUserSid"",""#text"":""S-1-5-18""},{""@Name"":""SubjectUserName"",""#text"":""SERVER002$""},{""@Name"":""SubjectDomainName"",""#text"":""WORKGROUP""},{""@Name"":""SubjectLogonId"",""#text"":""0x3E7""},{""@Name"":""CallerProcessId"",""#text"":""0xC90""},{""@Name"":""CallerProcessName"",""#text"":""C:\\Program Files\\Malwarebytes\\Anti-Malware\\MBAMService.exe""}]}}"
22320,90481,2025-05-02 09:31:32.4324938,4798,LogAlways,Microsoft-Windows-Security-Auditing,Security,688,6932,Server002,216,,A user's local group membership was enumerated,WORKGROUP\SERVER002$ (S-1-5-18),,Target: SERVER002\lplui (S-1-5-21-3962163828-2803415714-1403596700-1001),SubjectLogonId: 0x3E7,CallerProcessName: C:\Program Files\Malwarebytes\Anti-Malware\MBAMService.exe,CallerProcessId: 0xC90,,,,False,D:\benign_log_combined_latest_used_actually\new_benign\security_32761.evtx,Audit success,0,"{""EventData"":{""Data"":[{""@Name"":""TargetUserName"",""#text"":""lplui""},{""@Name"":""TargetDomainName"",""#text"":""SERVER002""},{""@Name"":""TargetSid"",""#text"":""S-1-5-21-3962163828-2803415714-1403596700-1001""},{""@Name"":""SubjectUserSid"",""#text"":""S-1-5-18""},{""@Name"":""SubjectUserName"",""#text"":""SERVER002$""},{""@Name"":""SubjectDomainName"",""#text"":""WORKGROUP""},{""@Name"":""SubjectLogonId"",""#text"":""0x3E7""},{""@Name"":""CallerProcessId"",""#text"":""0xC90""},{""@Name"":""CallerProcessName"",""#text"":""C:\\Program Files\\Malwarebytes\\Anti-Malware\\MBAMService.exe""}]}}"
22321,90482,2025-05-02 09:31:32.4326542,4798,LogAlways,Microsoft-Windows-Security-Auditing,Security,688,6932,Server002,216,,A user's local group membership was enumerated,WORKGROUP\SERVER002$ (S-1-5-18),,Target: SERVER002\sshd (S-1-5-21-3962163828-2803415714-1403596700-1002),SubjectLogonId: 0x3E7,CallerProcessName: C:\Program Files\Malwarebytes\Anti-Malware\MBAMService.exe,CallerProcessId: 0xC90,,,,False,D:\benign_log_combined_latest_used_actually\new_benign\security_32761.evtx,Audit success,0,"{""EventData"":{""Data"":[{""@Name"":""TargetUserName"",""#text"":""sshd""},{""@Name"":""TargetDomainName"",""#text"":""SERVER002""},{""@Name"":""TargetSid"",""#text"":""S-1-5-21-3962163828-2803415714-1403596700-1002""},{""@Name"":""SubjectUserSid"",""#text"":""S-1-5-18""},{""@Name"":""SubjectUserName"",""#text"":""SERVER002$""},{""@Name"":""SubjectDomainName"",""#text"":""WORKGROUP""},{""@Name"":""SubjectLogonId"",""#text"":""0x3E7""},{""@Name"":""CallerProcessId"",""#text"":""0xC90""},{""@Name"":""CallerProcessName"",""#text"":""C:\\Program Files\\Malwarebytes\\Anti-Malware\\MBAMService.exe""}]}}"
22322,90483,2025-05-02 09:31:32.4328115,4798,LogAlways,Microsoft-Windows-Security-Auditing,Security,688,6932,Server002,216,,A user's local group membership was enumerated,WORKGROUP\SERVER002$ (S-1-5-18),,Target: SERVER002\testing (S-1-5-21-3962163828-2803415714-1403596700-1005),SubjectLogonId: 0x3E7,CallerProcessName: C:\Program Files\Malwarebytes\Anti-Malware\MBAMService.exe,CallerProcessId: 0xC90,,,,False,D:\benign_log_combined_latest_used_actually\new_benign\security_32761.evtx,Audit success,0,"{""EventData"":{""Data"":[{""@Name"":""TargetUserName"",""#text"":""testing""},{""@Name"":""TargetDomainName"",""#text"":""SERVER002""},{""@Name"":""TargetSid"",""#text"":""S-1-5-21-3962163828-2803415714-1403596700-1005""},{""@Name"":""SubjectUserSid"",""#text"":""S-1-5-18""},{""@Name"":""SubjectUserName"",""#text"":""SERVER002$""},{""@Name"":""SubjectDomainName"",""#text"":""WORKGROUP""},{""@Name"":""SubjectLogonId"",""#text"":""0x3E7""},{""@Name"":""CallerProcessId"",""#text"":""0xC90""},{""@Name"":""CallerProcessName"",""#text"":""C:\\Program Files\\Malwarebytes\\Anti-Malware\\MBAMService.exe""}]}}"
22323,90484,2025-05-02 09:31:32.4330619,4798,LogAlways,Microsoft-Windows-Security-Auditing,Security,688,6932,Server002,216,,A user's local group membership was enumerated,WORKGROUP\SERVER002$ (S-1-5-18),,Target: SERVER002\WDAGUtilityAccount (S-1-5-21-3962163828-2803415714-1403596700-504),SubjectLogonId: 0x3E7,CallerProcessName: C:\Program Files\Malwarebytes\Anti-Malware\MBAMService.exe,CallerProcessId: 0xC90,,,,False,D:\benign_log_combined_latest_used_actually\new_benign\security_32761.evtx,Audit success,0,"{""EventData"":{""Data"":[{""@Name"":""TargetUserName"",""#text"":""WDAGUtilityAccount""},{""@Name"":""TargetDomainName"",""#text"":""SERVER002""},{""@Name"":""TargetSid"",""#text"":""S-1-5-21-3962163828-2803415714-1403596700-504""},{""@Name"":""SubjectUserSid"",""#text"":""S-1-5-18""},{""@Name"":""SubjectUserName"",""#text"":""SERVER002$""},{""@Name"":""SubjectDomainName"",""#text"":""WORKGROUP""},{""@Name"":""SubjectLogonId"",""#text"":""0x3E7""},{""@Name"":""CallerProcessId"",""#text"":""0xC90""},{""@Name"":""CallerProcessName"",""#text"":""C:\\Program Files\\Malwarebytes\\Anti-Malware\\MBAMService.exe""}]}}"
22324,90485,2025-05-02 09:31:32.4343347,4798,LogAlways,Microsoft-Windows-Security-Auditing,Security,688,6932,Server002,216,,A user's local group membership was enumerated,WORKGROUP\SERVER002$ (S-1-5-18),,Target: SERVER002\admin_test (S-1-5-21-3962163828-2803415714-1403596700-1006),SubjectLogonId: 0x3E7,CallerProcessName: C:\Program Files\Malwarebytes\Anti-Malware\MBAMService.exe,CallerProcessId: 0xC90,,,,False,D:\benign_log_combined_latest_used_actually\new_benign\security_32761.evtx,Audit success,0,"{""EventData"":{""Data"":[{""@Name"":""TargetUserName"",""#text"":""admin_test""},{""@Name"":""TargetDomainName"",""#text"":""SERVER002""},{""@Name"":""TargetSid"",""#text"":""S-1-5-21-3962163828-2803415714-1403596700-1006""},{""@Name"":""SubjectUserSid"",""#text"":""S-1-5-18""},{""@Name"":""SubjectUserName"",""#text"":""SERVER002$""},{""@Name"":""SubjectDomainName"",""#text"":""WORKGROUP""},{""@Name"":""SubjectLogonId"",""#text"":""0x3E7""},{""@Name"":""CallerProcessId"",""#text"":""0xC90""},{""@Name"":""CallerProcessName"",""#text"":""C:\\Program Files\\Malwarebytes\\Anti-Malware\\MBAMService.exe""}]}}"
22325,90486,2025-05-02 09:31:32.4351901,4798,LogAlways,Microsoft-Windows-Security-Auditing,Security,688,6932,Server002,216,,A user's local group membership was enumerated,WORKGROUP\SERVER002$ (S-1-5-18),,Target: SERVER002\DefaultAccount (S-1-5-21-3962163828-2803415714-1403596700-503),SubjectLogonId: 0x3E7,CallerProcessName: C:\Program Files\Malwarebytes\Anti-Malware\MBAMService.exe,CallerProcessId: 0xC90,,,,False,D:\benign_log_combined_latest_used_actually\new_benign\security_32761.evtx,Audit success,0,"{""EventData"":{""Data"":[{""@Name"":""TargetUserName"",""#text"":""DefaultAccount""},{""@Name"":""TargetDomainName"",""#text"":""SERVER002""},{""@Name"":""TargetSid"",""#text"":""S-1-5-21-3962163828-2803415714-1403596700-503""},{""@Name"":""SubjectUserSid"",""#text"":""S-1-5-18""},{""@Name"":""SubjectUserName"",""#text"":""SERVER002$""},{""@Name"":""SubjectDomainName"",""#text"":""WORKGROUP""},{""@Name"":""SubjectLogonId"",""#text"":""0x3E7""},{""@Name"":""CallerProcessId"",""#text"":""0xC90""},{""@Name"":""CallerProcessName"",""#text"":""C:\\Program Files\\Malwarebytes\\Anti-Malware\\MBAMService.exe""}]}}"
22326,90487,2025-05-02 09:31:32.4359781,4798,LogAlways,Microsoft-Windows-Security-Auditing,Security,688,6932,Server002,216,,A user's local group membership was enumerated,WORKGROUP\SERVER002$ (S-1-5-18),,Target: SERVER002\lplui (S-1-5-21-3962163828-2803415714-1403596700-1001),SubjectLogonId: 0x3E7,CallerProcessName: C:\Program Files\Malwarebytes\Anti-Malware\MBAMService.exe,CallerProcessId: 0xC90,,,,False,D:\benign_log_combined_latest_used_actually\new_benign\security_32761.evtx,Audit success,0,"{""EventData"":{""Data"":[{""@Name"":""TargetUserName"",""#text"":""lplui""},{""@Name"":""TargetDomainName"",""#text"":""SERVER002""},{""@Name"":""TargetSid"",""#text"":""S-1-5-21-3962163828-2803415714-1403596700-1001""},{""@Name"":""SubjectUserSid"",""#text"":""S-1-5-18""},{""@Name"":""SubjectUserName"",""#text"":""SERVER002$""},{""@Name"":""SubjectDomainName"",""#text"":""WORKGROUP""},{""@Name"":""SubjectLogonId"",""#text"":""0x3E7""},{""@Name"":""CallerProcessId"",""#text"":""0xC90""},{""@Name"":""CallerProcessName"",""#text"":""C:\\Program Files\\Malwarebytes\\Anti-Malware\\MBAMService.exe""}]}}"
22327,90488,2025-05-02 09:31:32.4367844,4798,LogAlways,Microsoft-Windows-Security-Auditing,Security,688,6932,Server002,216,,A user's local group membership was enumerated,WORKGROUP\SERVER002$ (S-1-5-18),,Target: SERVER002\sshd (S-1-5-21-3962163828-2803415714-1403596700-1002),SubjectLogonId: 0x3E7,CallerProcessName: C:\Program Files\Malwarebytes\Anti-Malware\MBAMService.exe,CallerProcessId: 0xC90,,,,False,D:\benign_log_combined_latest_used_actually\new_benign\security_32761.evtx,Audit success,0,"{""EventData"":{""Data"":[{""@Name"":""TargetUserName"",""#text"":""sshd""},{""@Name"":""TargetDomainName"",""#text"":""SERVER002""},{""@Name"":""TargetSid"",""#text"":""S-1-5-21-3962163828-2803415714-1403596700-1002""},{""@Name"":""SubjectUserSid"",""#text"":""S-1-5-18""},{""@Name"":""SubjectUserName"",""#text"":""SERVER002$""},{""@Name"":""SubjectDomainName"",""#text"":""WORKGROUP""},{""@Name"":""SubjectLogonId"",""#text"":""0x3E7""},{""@Name"":""CallerProcessId"",""#text"":""0xC90""},{""@Name"":""CallerProcessName"",""#text"":""C:\\Program Files\\Malwarebytes\\Anti-Malware\\MBAMService.exe""}]}}"
22328,90489,2025-05-02 09:31:32.4381641,4798,LogAlways,Microsoft-Windows-Security-Auditing,Security,688,6932,Server002,216,,A user's local group membership was enumerated,WORKGROUP\SERVER002$ (S-1-5-18),,Target: SERVER002\testing (S-1-5-21-3962163828-2803415714-1403596700-1005),SubjectLogonId: 0x3E7,CallerProcessName: C:\Program Files\Malwarebytes\Anti-Malware\MBAMService.exe,CallerProcessId: 0xC90,,,,False,D:\benign_log_combined_latest_used_actually\new_benign\security_32761.evtx,Audit success,0,"{""EventData"":{""Data"":[{""@Name"":""TargetUserName"",""#text"":""testing""},{""@Name"":""TargetDomainName"",""#text"":""SERVER002""},{""@Name"":""TargetSid"",""#text"":""S-1-5-21-3962163828-2803415714-1403596700-1005""},{""@Name"":""SubjectUserSid"",""#text"":""S-1-5-18""},{""@Name"":""SubjectUserName"",""#text"":""SERVER002$""},{""@Name"":""SubjectDomainName"",""#text"":""WORKGROUP""},{""@Name"":""SubjectLogonId"",""#text"":""0x3E7""},{""@Name"":""CallerProcessId"",""#text"":""0xC90""},{""@Name"":""CallerProcessName"",""#text"":""C:\\Program Files\\Malwarebytes\\Anti-Malware\\MBAMService.exe""}]}}"
22329,90490,2025-05-02 09:31:32.4393740,4798,LogAlways,Microsoft-Windows-Security-Auditing,Security,688,6932,Server002,216,,A user's local group membership was enumerated,WORKGROUP\SERVER002$ (S-1-5-18),,Target: SERVER002\WDAGUtilityAccount (S-1-5-21-3962163828-2803415714-1403596700-504),SubjectLogonId: 0x3E7,CallerProcessName: C:\Program Files\Malwarebytes\Anti-Malware\MBAMService.exe,CallerProcessId: 0xC90,,,,False,D:\benign_log_combined_latest_used_actually\new_benign\security_32761.evtx,Audit success,0,"{""EventData"":{""Data"":[{""@Name"":""TargetUserName"",""#text"":""WDAGUtilityAccount""},{""@Name"":""TargetDomainName"",""#text"":""SERVER002""},{""@Name"":""TargetSid"",""#text"":""S-1-5-21-3962163828-2803415714-1403596700-504""},{""@Name"":""SubjectUserSid"",""#text"":""S-1-5-18""},{""@Name"":""SubjectUserName"",""#text"":""SERVER002$""},{""@Name"":""SubjectDomainName"",""#text"":""WORKGROUP""},{""@Name"":""SubjectLogonId"",""#text"":""0x3E7""},{""@Name"":""CallerProcessId"",""#text"":""0xC90""},{""@Name"":""CallerProcessName"",""#text"":""C:\\Program Files\\Malwarebytes\\Anti-Malware\\MBAMService.exe""}]}}"
22330,90491,2025-05-02 09:36:13.3724107,4624,LogAlways,Microsoft-Windows-Security-Auditing,Security,688,1616,Server002,216,,Successful logon,WORKGROUP\SERVER002$,- (-),Target: NT AUTHORITY\SYSTEM,LogonType 5,LogonId: 0x3E7,AuthenticationPackageName: Negotiate,"LogonProcessName: Advapi  ",,C:\Windows\System32\services.exe,False,D:\benign_log_combined_latest_used_actually\new_benign\security_32761.evtx,Audit success,0,"{""EventData"":{""Data"":[{""@Name"":""SubjectUserSid"",""#text"":""S-1-5-18""},{""@Name"":""SubjectUserName"",""#text"":""SERVER002$""},{""@Name"":""SubjectDomainName"",""#text"":""WORKGROUP""},{""@Name"":""SubjectLogonId"",""#text"":""0x3E7""},{""@Name"":""TargetUserSid"",""#text"":""S-1-5-18""},{""@Name"":""TargetUserName"",""#text"":""SYSTEM""},{""@Name"":""TargetDomainName"",""#text"":""NT AUTHORITY""},{""@Name"":""TargetLogonId"",""#text"":""0x3E7""},{""@Name"":""LogonType"",""#text"":""5""},{""@Name"":""LogonProcessName"",""#text"":""Advapi  ""},{""@Name"":""AuthenticationPackageName"",""#text"":""Negotiate""},{""@Name"":""WorkstationName"",""#text"":""-""},{""@Name"":""LogonGuid"",""#text"":""00000000-0000-0000-0000-000000000000""},{""@Name"":""TransmittedServices"",""#text"":""-""},{""@Name"":""LmPackageName"",""#text"":""-""},{""@Name"":""KeyLength"",""#text"":""0""},{""@Name"":""ProcessId"",""#text"":""0x2A4""},{""@Name"":""ProcessName"",""#text"":""C:\\Windows\\System32\\services.exe""},{""@Name"":""IpAddress"",""#text"":""-""},{""@Name"":""IpPort"",""#text"":""-""},{""@Name"":""ImpersonationLevel"",""#text"":""%%1833""},{""@Name"":""RestrictedAdminMode"",""#text"":""-""},{""@Name"":""TargetOutboundUserName"",""#text"":""-""},{""@Name"":""TargetOutboundDomainName"",""#text"":""-""},{""@Name"":""VirtualAccount"",""#text"":""%%1843""},{""@Name"":""TargetLinkedLogonId"",""#text"":""0x0""},{""@Name"":""ElevatedToken"",""#text"":""%%1842""}]}}"
22331,90492,2025-05-02 09:36:13.3724170,4672,LogAlways,Microsoft-Windows-Security-Auditing,Security,688,1616,Server002,216,,Administrative logon,NT AUTHORITY\SYSTEM (S-1-5-18),,"PrivilegeList: SeAssignPrimaryTokenPrivilege, SeTcbPrivilege, SeSecurityPrivilege, SeTakeOwnershipPrivilege, SeLoadDriverPrivilege, SeBackupPrivilege, SeRestorePrivilege, SeDebugPrivilege, SeAuditPrivilege, SeSystemEnvironmentPrivilege, SeImpersonatePrivilege, SeDelegateSessionUserImpersonatePrivilege",LogonId: 0x3E7,,,,,,False,D:\benign_log_combined_latest_used_actually\new_benign\security_32761.evtx,Audit success,0,"{""EventData"":{""Data"":[{""@Name"":""SubjectUserSid"",""#text"":""S-1-5-18""},{""@Name"":""SubjectUserName"",""#text"":""SYSTEM""},{""@Name"":""SubjectDomainName"",""#text"":""NT AUTHORITY""},{""@Name"":""SubjectLogonId"",""#text"":""0x3E7""},{""@Name"":""PrivilegeList"",""#text"":""SeAssignPrimaryTokenPrivilege, SeTcbPrivilege, SeSecurityPrivilege, SeTakeOwnershipPrivilege, SeLoadDriverPrivilege, SeBackupPrivilege, SeRestorePrivilege, SeDebugPrivilege, SeAuditPrivilege, SeSystemEnvironmentPrivilege, SeImpersonatePrivilege, SeDelegateSessionUserImpersonatePrivilege""}]}}"
22332,90493,2025-05-02 09:36:16.5799887,4624,LogAlways,Microsoft-Windows-Security-Auditing,Security,688,4996,Server002,216,,Successful logon,WORKGROUP\SERVER002$,- (-),Target: NT AUTHORITY\SYSTEM,LogonType 5,LogonId: 0x3E7,AuthenticationPackageName: Negotiate,"LogonProcessName: Advapi  ",,C:\Windows\System32\services.exe,False,D:\benign_log_combined_latest_used_actually\new_benign\security_32761.evtx,Audit success,0,"{""EventData"":{""Data"":[{""@Name"":""SubjectUserSid"",""#text"":""S-1-5-18""},{""@Name"":""SubjectUserName"",""#text"":""SERVER002$""},{""@Name"":""SubjectDomainName"",""#text"":""WORKGROUP""},{""@Name"":""SubjectLogonId"",""#text"":""0x3E7""},{""@Name"":""TargetUserSid"",""#text"":""S-1-5-18""},{""@Name"":""TargetUserName"",""#text"":""SYSTEM""},{""@Name"":""TargetDomainName"",""#text"":""NT AUTHORITY""},{""@Name"":""TargetLogonId"",""#text"":""0x3E7""},{""@Name"":""LogonType"",""#text"":""5""},{""@Name"":""LogonProcessName"",""#text"":""Advapi  ""},{""@Name"":""AuthenticationPackageName"",""#text"":""Negotiate""},{""@Name"":""WorkstationName"",""#text"":""-""},{""@Name"":""LogonGuid"",""#text"":""00000000-0000-0000-0000-000000000000""},{""@Name"":""TransmittedServices"",""#text"":""-""},{""@Name"":""LmPackageName"",""#text"":""-""},{""@Name"":""KeyLength"",""#text"":""0""},{""@Name"":""ProcessId"",""#text"":""0x2A4""},{""@Name"":""ProcessName"",""#text"":""C:\\Windows\\System32\\services.exe""},{""@Name"":""IpAddress"",""#text"":""-""},{""@Name"":""IpPort"",""#text"":""-""},{""@Name"":""ImpersonationLevel"",""#text"":""%%1833""},{""@Name"":""RestrictedAdminMode"",""#text"":""-""},{""@Name"":""TargetOutboundUserName"",""#text"":""-""},{""@Name"":""TargetOutboundDomainName"",""#text"":""-""},{""@Name"":""VirtualAccount"",""#text"":""%%1843""},{""@Name"":""TargetLinkedLogonId"",""#text"":""0x0""},{""@Name"":""ElevatedToken"",""#text"":""%%1842""}]}}"
22333,90494,2025-05-02 09:36:16.5799945,4672,LogAlways,Microsoft-Windows-Security-Auditing,Security,688,4996,Server002,216,,Administrative logon,NT AUTHORITY\SYSTEM (S-1-5-18),,"PrivilegeList: SeAssignPrimaryTokenPrivilege, SeTcbPrivilege, SeSecurityPrivilege, SeTakeOwnershipPrivilege, SeLoadDriverPrivilege, SeBackupPrivilege, SeRestorePrivilege, SeDebugPrivilege, SeAuditPrivilege, SeSystemEnvironmentPrivilege, SeImpersonatePrivilege, SeDelegateSessionUserImpersonatePrivilege",LogonId: 0x3E7,,,,,,False,D:\benign_log_combined_latest_used_actually\new_benign\security_32761.evtx,Audit success,0,"{""EventData"":{""Data"":[{""@Name"":""SubjectUserSid"",""#text"":""S-1-5-18""},{""@Name"":""SubjectUserName"",""#text"":""SYSTEM""},{""@Name"":""SubjectDomainName"",""#text"":""NT AUTHORITY""},{""@Name"":""SubjectLogonId"",""#text"":""0x3E7""},{""@Name"":""PrivilegeList"",""#text"":""SeAssignPrimaryTokenPrivilege, SeTcbPrivilege, SeSecurityPrivilege, SeTakeOwnershipPrivilege, SeLoadDriverPrivilege, SeBackupPrivilege, SeRestorePrivilege, SeDebugPrivilege, SeAuditPrivilege, SeSystemEnvironmentPrivilege, SeImpersonatePrivilege, SeDelegateSessionUserImpersonatePrivilege""}]}}"
22334,90495,2025-05-02 09:36:16.6412202,5379,LogAlways,Microsoft-Windows-Security-Auditing,Security,688,4996,Server002,216,,Credential Manager credentials were read,lplui,,SID: S-1-5-21-3962163828-2803415714-1403596700-1001,Domain: SERVER002,LogonID: 0x39737,CountOfCredentialsReturned: 1,,ActivityID: 1168e054-bb50-0000-2de1-681150bbdb01,MicrosoftAccount:user=lpluigi44@gmail.com,False,D:\benign_log_combined_latest_used_actually\new_benign\security_32761.evtx,Audit success,0,"{""EventData"":{""Data"":[{""@Name"":""SubjectUserSid"",""#text"":""S-1-5-21-3962163828-2803415714-1403596700-1001""},{""@Name"":""SubjectUserName"",""#text"":""lplui""},{""@Name"":""SubjectDomainName"",""#text"":""SERVER002""},{""@Name"":""SubjectLogonId"",""#text"":""0x39737""},{""@Name"":""TargetName"",""#text"":""MicrosoftAccount:user=lpluigi44@gmail.com""},{""@Name"":""Type"",""#text"":""0""},{""@Name"":""CountOfCredentialsReturned"",""#text"":""1""},{""@Name"":""ReadOperation"",""#text"":""%%8100""},{""@Name"":""ReturnCode"",""#text"":""0""},{""@Name"":""ProcessCreationTime"",""#text"":""2025-05-02 09:36:16.5810450""},{""@Name"":""ClientProcessId"",""#text"":""6516""}]}}"
22335,90496,2025-05-02 09:36:16.6421734,5379,LogAlways,Microsoft-Windows-Security-Auditing,Security,688,4996,Server002,216,,Credential Manager credentials were read,lplui,,SID: S-1-5-21-3962163828-2803415714-1403596700-1001,Domain: SERVER002,LogonID: 0x39737,CountOfCredentialsReturned: 0,,ActivityID: 1168e054-bb50-0000-2de1-681150bbdb01,WindowsLive:(token):name=lpluigi44@gmail.com;serviceuri=*,False,D:\benign_log_combined_latest_used_actually\new_benign\security_32761.evtx,Audit success,0,"{""EventData"":{""Data"":[{""@Name"":""SubjectUserSid"",""#text"":""S-1-5-21-3962163828-2803415714-1403596700-1001""},{""@Name"":""SubjectUserName"",""#text"":""lplui""},{""@Name"":""SubjectDomainName"",""#text"":""SERVER002""},{""@Name"":""SubjectLogonId"",""#text"":""0x39737""},{""@Name"":""TargetName"",""#text"":""WindowsLive:(token):name=lpluigi44@gmail.com;serviceuri=*""},{""@Name"":""Type"",""#text"":""0""},{""@Name"":""CountOfCredentialsReturned"",""#text"":""0""},{""@Name"":""ReadOperation"",""#text"":""%%8100""},{""@Name"":""ReturnCode"",""#text"":""3221226021""},{""@Name"":""ProcessCreationTime"",""#text"":""2025-05-02 09:36:16.5810450""},{""@Name"":""ClientProcessId"",""#text"":""6516""}]}}"
22336,90497,2025-05-02 09:36:16.6422291,5379,LogAlways,Microsoft-Windows-Security-Auditing,Security,688,4996,Server002,216,,Credential Manager credentials were read,lplui,,SID: S-1-5-21-3962163828-2803415714-1403596700-1001,Domain: SERVER002,LogonID: 0x39737,CountOfCredentialsReturned: 0,,ActivityID: 1168e054-bb50-0000-2de1-681150bbdb01,WindowsLive:(cert):name=lpluigi44@gmail.com;serviceuri=*,False,D:\benign_log_combined_latest_used_actually\new_benign\security_32761.evtx,Audit success,0,"{""EventData"":{""Data"":[{""@Name"":""SubjectUserSid"",""#text"":""S-1-5-21-3962163828-2803415714-1403596700-1001""},{""@Name"":""SubjectUserName"",""#text"":""lplui""},{""@Name"":""SubjectDomainName"",""#text"":""SERVER002""},{""@Name"":""SubjectLogonId"",""#text"":""0x39737""},{""@Name"":""TargetName"",""#text"":""WindowsLive:(cert):name=lpluigi44@gmail.com;serviceuri=*""},{""@Name"":""Type"",""#text"":""0""},{""@Name"":""CountOfCredentialsReturned"",""#text"":""0""},{""@Name"":""ReadOperation"",""#text"":""%%8100""},{""@Name"":""ReturnCode"",""#text"":""3221226021""},{""@Name"":""ProcessCreationTime"",""#text"":""2025-05-02 09:36:16.5810450""},{""@Name"":""ClientProcessId"",""#text"":""6516""}]}}"
22337,90498,2025-05-02 09:36:16.6428345,5379,LogAlways,Microsoft-Windows-Security-Auditing,Security,688,4996,Server002,216,,Credential Manager credentials were read,SERVER002$,,SID: S-1-5-18,Domain: WORKGROUP,LogonID: 0x3E7,CountOfCredentialsReturned: 0,,ActivityID: 1168e054-bb50-0000-2de1-681150bbdb01,WindowsLive:(token):name=02dsuvqsngyzxykp;serviceuri=*,False,D:\benign_log_combined_latest_used_actually\new_benign\security_32761.evtx,Audit success,0,"{""EventData"":{""Data"":[{""@Name"":""SubjectUserSid"",""#text"":""S-1-5-18""},{""@Name"":""SubjectUserName"",""#text"":""SERVER002$""},{""@Name"":""SubjectDomainName"",""#text"":""WORKGROUP""},{""@Name"":""SubjectLogonId"",""#text"":""0x3E7""},{""@Name"":""TargetName"",""#text"":""WindowsLive:(token):name=02dsuvqsngyzxykp;serviceuri=*""},{""@Name"":""Type"",""#text"":""0""},{""@Name"":""CountOfCredentialsReturned"",""#text"":""0""},{""@Name"":""ReadOperation"",""#text"":""%%8100""},{""@Name"":""ReturnCode"",""#text"":""3221226021""},{""@Name"":""ProcessCreationTime"",""#text"":""2025-05-02 09:36:16.5810450""},{""@Name"":""ClientProcessId"",""#text"":""6516""}]}}"
22338,90499,2025-05-02 09:36:16.6429843,5379,LogAlways,Microsoft-Windows-Security-Auditing,Security,688,4996,Server002,216,,Credential Manager credentials were read,SERVER002$,,SID: S-1-5-18,Domain: WORKGROUP,LogonID: 0x3E7,CountOfCredentialsReturned: 0,,ActivityID: 1168e054-bb50-0000-2de1-681150bbdb01,WindowsLive:(cert):name=02dsuvqsngyzxykp;serviceuri=*,False,D:\benign_log_combined_latest_used_actually\new_benign\security_32761.evtx,Audit success,0,"{""EventData"":{""Data"":[{""@Name"":""SubjectUserSid"",""#text"":""S-1-5-18""},{""@Name"":""SubjectUserName"",""#text"":""SERVER002$""},{""@Name"":""SubjectDomainName"",""#text"":""WORKGROUP""},{""@Name"":""SubjectLogonId"",""#text"":""0x3E7""},{""@Name"":""TargetName"",""#text"":""WindowsLive:(cert):name=02dsuvqsngyzxykp;serviceuri=*""},{""@Name"":""Type"",""#text"":""0""},{""@Name"":""CountOfCredentialsReturned"",""#text"":""0""},{""@Name"":""ReadOperation"",""#text"":""%%8100""},{""@Name"":""ReturnCode"",""#text"":""3221226021""},{""@Name"":""ProcessCreationTime"",""#text"":""2025-05-02 09:36:16.5810450""},{""@Name"":""ClientProcessId"",""#text"":""6516""}]}}"
22339,90500,2025-05-02 09:36:16.6430251,5379,LogAlways,Microsoft-Windows-Security-Auditing,Security,688,4996,Server002,216,,Credential Manager credentials were read,SERVER002$,,SID: S-1-5-18,Domain: WORKGROUP,LogonID: 0x3E7,CountOfCredentialsReturned: 1,,ActivityID: 1168e054-bb50-0000-2de1-681150bbdb01,WindowsLive:target=virtualapp/didlogical,False,D:\benign_log_combined_latest_used_actually\new_benign\security_32761.evtx,Audit success,0,"{""EventData"":{""Data"":[{""@Name"":""SubjectUserSid"",""#text"":""S-1-5-18""},{""@Name"":""SubjectUserName"",""#text"":""SERVER002$""},{""@Name"":""SubjectDomainName"",""#text"":""WORKGROUP""},{""@Name"":""SubjectLogonId"",""#text"":""0x3E7""},{""@Name"":""TargetName"",""#text"":""WindowsLive:target=virtualapp/didlogical""},{""@Name"":""Type"",""#text"":""0""},{""@Name"":""CountOfCredentialsReturned"",""#text"":""1""},{""@Name"":""ReadOperation"",""#text"":""%%8100""},{""@Name"":""ReturnCode"",""#text"":""0""},{""@Name"":""ProcessCreationTime"",""#text"":""2025-05-02 09:36:16.5810450""},{""@Name"":""ClientProcessId"",""#text"":""6516""}]}}"
22340,90501,2025-05-02 09:36:16.6465146,5379,LogAlways,Microsoft-Windows-Security-Auditing,Security,688,4996,Server002,216,,Credential Manager credentials were read,lplui,,SID: S-1-5-21-3962163828-2803415714-1403596700-1001,Domain: SERVER002,LogonID: 0x39737,CountOfCredentialsReturned: 1,,ActivityID: 1168e054-bb50-0000-2de1-681150bbdb01,MicrosoftAccount:user=lpluigi44@gmail.com,False,D:\benign_log_combined_latest_used_actually\new_benign\security_32761.evtx,Audit success,0,"{""EventData"":{""Data"":[{""@Name"":""SubjectUserSid"",""#text"":""S-1-5-21-3962163828-2803415714-1403596700-1001""},{""@Name"":""SubjectUserName"",""#text"":""lplui""},{""@Name"":""SubjectDomainName"",""#text"":""SERVER002""},{""@Name"":""SubjectLogonId"",""#text"":""0x39737""},{""@Name"":""TargetName"",""#text"":""MicrosoftAccount:user=lpluigi44@gmail.com""},{""@Name"":""Type"",""#text"":""0""},{""@Name"":""CountOfCredentialsReturned"",""#text"":""1""},{""@Name"":""ReadOperation"",""#text"":""%%8100""},{""@Name"":""ReturnCode"",""#text"":""0""},{""@Name"":""ProcessCreationTime"",""#text"":""2025-05-02 09:36:16.5810450""},{""@Name"":""ClientProcessId"",""#text"":""6516""}]}}"
22341,90502,2025-05-02 09:36:16.6478434,5379,LogAlways,Microsoft-Windows-Security-Auditing,Security,688,4996,Server002,216,,Credential Manager credentials were read,lplui,,SID: S-1-5-21-3962163828-2803415714-1403596700-1001,Domain: SERVER002,LogonID: 0x39737,CountOfCredentialsReturned: 0,,ActivityID: 1168e054-bb50-0000-2de1-681150bbdb01,WindowsLive:(token):name=02ofrizxnslvvfxc;serviceuri=*,False,D:\benign_log_combined_latest_used_actually\new_benign\security_32761.evtx,Audit success,0,"{""EventData"":{""Data"":[{""@Name"":""SubjectUserSid"",""#text"":""S-1-5-21-3962163828-2803415714-1403596700-1001""},{""@Name"":""SubjectUserName"",""#text"":""lplui""},{""@Name"":""SubjectDomainName"",""#text"":""SERVER002""},{""@Name"":""SubjectLogonId"",""#text"":""0x39737""},{""@Name"":""TargetName"",""#text"":""WindowsLive:(token):name=02ofrizxnslvvfxc;serviceuri=*""},{""@Name"":""Type"",""#text"":""0""},{""@Name"":""CountOfCredentialsReturned"",""#text"":""0""},{""@Name"":""ReadOperation"",""#text"":""%%8100""},{""@Name"":""ReturnCode"",""#text"":""3221226021""},{""@Name"":""ProcessCreationTime"",""#text"":""2025-05-02 09:36:16.5810450""},{""@Name"":""ClientProcessId"",""#text"":""6516""}]}}"
22342,90503,2025-05-02 09:36:16.6479889,5379,LogAlways,Microsoft-Windows-Security-Auditing,Security,688,4996,Server002,216,,Credential Manager credentials were read,lplui,,SID: S-1-5-21-3962163828-2803415714-1403596700-1001,Domain: SERVER002,LogonID: 0x39737,CountOfCredentialsReturned: 0,,ActivityID: 1168e054-bb50-0000-2de1-681150bbdb01,WindowsLive:(cert):name=02ofrizxnslvvfxc;serviceuri=*,False,D:\benign_log_combined_latest_used_actually\new_benign\security_32761.evtx,Audit success,0,"{""EventData"":{""Data"":[{""@Name"":""SubjectUserSid"",""#text"":""S-1-5-21-3962163828-2803415714-1403596700-1001""},{""@Name"":""SubjectUserName"",""#text"":""lplui""},{""@Name"":""SubjectDomainName"",""#text"":""SERVER002""},{""@Name"":""SubjectLogonId"",""#text"":""0x39737""},{""@Name"":""TargetName"",""#text"":""WindowsLive:(cert):name=02ofrizxnslvvfxc;serviceuri=*""},{""@Name"":""Type"",""#text"":""0""},{""@Name"":""CountOfCredentialsReturned"",""#text"":""0""},{""@Name"":""ReadOperation"",""#text"":""%%8100""},{""@Name"":""ReturnCode"",""#text"":""3221226021""},{""@Name"":""ProcessCreationTime"",""#text"":""2025-05-02 09:36:16.5810450""},{""@Name"":""ClientProcessId"",""#text"":""6516""}]}}"
22343,90504,2025-05-02 09:36:16.6480281,5379,LogAlways,Microsoft-Windows-Security-Auditing,Security,688,4996,Server002,216,,Credential Manager credentials were read,lplui,,SID: S-1-5-21-3962163828-2803415714-1403596700-1001,Domain: SERVER002,LogonID: 0x39737,CountOfCredentialsReturned: 1,,ActivityID: 1168e054-bb50-0000-2de1-681150bbdb01,WindowsLive:target=virtualapp/didlogical,False,D:\benign_log_combined_latest_used_actually\new_benign\security_32761.evtx,Audit success,0,"{""EventData"":{""Data"":[{""@Name"":""SubjectUserSid"",""#text"":""S-1-5-21-3962163828-2803415714-1403596700-1001""},{""@Name"":""SubjectUserName"",""#text"":""lplui""},{""@Name"":""SubjectDomainName"",""#text"":""SERVER002""},{""@Name"":""SubjectLogonId"",""#text"":""0x39737""},{""@Name"":""TargetName"",""#text"":""WindowsLive:target=virtualapp/didlogical""},{""@Name"":""Type"",""#text"":""0""},{""@Name"":""CountOfCredentialsReturned"",""#text"":""1""},{""@Name"":""ReadOperation"",""#text"":""%%8100""},{""@Name"":""ReturnCode"",""#text"":""0""},{""@Name"":""ProcessCreationTime"",""#text"":""2025-05-02 09:36:16.5810450""},{""@Name"":""ClientProcessId"",""#text"":""6516""}]}}"
22344,90505,2025-05-02 09:36:16.6904125,5379,LogAlways,Microsoft-Windows-Security-Auditing,Security,688,4996,Server002,216,,Credential Manager credentials were read,lplui,,SID: S-1-5-21-3962163828-2803415714-1403596700-1001,Domain: SERVER002,LogonID: 0x39737,CountOfCredentialsReturned: 1,,ActivityID: 1168e054-bb50-0000-2de1-681150bbdb01,MicrosoftAccount:user=lpluigi44@gmail.com,False,D:\benign_log_combined_latest_used_actually\new_benign\security_32761.evtx,Audit success,0,"{""EventData"":{""Data"":[{""@Name"":""SubjectUserSid"",""#text"":""S-1-5-21-3962163828-2803415714-1403596700-1001""},{""@Name"":""SubjectUserName"",""#text"":""lplui""},{""@Name"":""SubjectDomainName"",""#text"":""SERVER002""},{""@Name"":""SubjectLogonId"",""#text"":""0x39737""},{""@Name"":""TargetName"",""#text"":""MicrosoftAccount:user=lpluigi44@gmail.com""},{""@Name"":""Type"",""#text"":""0""},{""@Name"":""CountOfCredentialsReturned"",""#text"":""1""},{""@Name"":""ReadOperation"",""#text"":""%%8100""},{""@Name"":""ReturnCode"",""#text"":""0""},{""@Name"":""ProcessCreationTime"",""#text"":""2025-05-02 09:36:16.5810450""},{""@Name"":""ClientProcessId"",""#text"":""6516""}]}}"
22345,90506,2025-05-02 09:36:16.6929700,5379,LogAlways,Microsoft-Windows-Security-Auditing,Security,688,4996,Server002,216,,Credential Manager credentials were read,lplui,,SID: S-1-5-21-3962163828-2803415714-1403596700-1001,Domain: SERVER002,LogonID: 0x39737,CountOfCredentialsReturned: 0,,ActivityID: 1168e054-bb50-0000-2de1-681150bbdb01,WindowsLive:(token):name=lpluigi44@gmail.com;serviceuri=*,False,D:\benign_log_combined_latest_used_actually\new_benign\security_32761.evtx,Audit success,0,"{""EventData"":{""Data"":[{""@Name"":""SubjectUserSid"",""#text"":""S-1-5-21-3962163828-2803415714-1403596700-1001""},{""@Name"":""SubjectUserName"",""#text"":""lplui""},{""@Name"":""SubjectDomainName"",""#text"":""SERVER002""},{""@Name"":""SubjectLogonId"",""#text"":""0x39737""},{""@Name"":""TargetName"",""#text"":""WindowsLive:(token):name=lpluigi44@gmail.com;serviceuri=*""},{""@Name"":""Type"",""#text"":""0""},{""@Name"":""CountOfCredentialsReturned"",""#text"":""0""},{""@Name"":""ReadOperation"",""#text"":""%%8100""},{""@Name"":""ReturnCode"",""#text"":""3221226021""},{""@Name"":""ProcessCreationTime"",""#text"":""2025-05-02 09:36:16.5810450""},{""@Name"":""ClientProcessId"",""#text"":""6516""}]}}"
22346,90507,2025-05-02 09:36:16.6936700,5379,LogAlways,Microsoft-Windows-Security-Auditing,Security,688,4996,Server002,216,,Credential Manager credentials were read,lplui,,SID: S-1-5-21-3962163828-2803415714-1403596700-1001,Domain: SERVER002,LogonID: 0x39737,CountOfCredentialsReturned: 0,,ActivityID: 1168e054-bb50-0000-2de1-681150bbdb01,WindowsLive:(cert):name=lpluigi44@gmail.com;serviceuri=*,False,D:\benign_log_combined_latest_used_actually\new_benign\security_32761.evtx,Audit success,0,"{""EventData"":{""Data"":[{""@Name"":""SubjectUserSid"",""#text"":""S-1-5-21-3962163828-2803415714-1403596700-1001""},{""@Name"":""SubjectUserName"",""#text"":""lplui""},{""@Name"":""SubjectDomainName"",""#text"":""SERVER002""},{""@Name"":""SubjectLogonId"",""#text"":""0x39737""},{""@Name"":""TargetName"",""#text"":""WindowsLive:(cert):name=lpluigi44@gmail.com;serviceuri=*""},{""@Name"":""Type"",""#text"":""0""},{""@Name"":""CountOfCredentialsReturned"",""#text"":""0""},{""@Name"":""ReadOperation"",""#text"":""%%8100""},{""@Name"":""ReturnCode"",""#text"":""3221226021""},{""@Name"":""ProcessCreationTime"",""#text"":""2025-05-02 09:36:16.5810450""},{""@Name"":""ClientProcessId"",""#text"":""6516""}]}}"
22347,90508,2025-05-02 09:36:16.7418459,5379,LogAlways,Microsoft-Windows-Security-Auditing,Security,688,4996,Server002,216,,Credential Manager credentials were read,lplui,,SID: S-1-5-21-3962163828-2803415714-1403596700-1001,Domain: SERVER002,LogonID: 0x39737,CountOfCredentialsReturned: 1,,ActivityID: 1168e054-bb50-0000-2de1-681150bbdb01,MicrosoftAccount:user=lpluigi44@gmail.com,False,D:\benign_log_combined_latest_used_actually\new_benign\security_32761.evtx,Audit success,0,"{""EventData"":{""Data"":[{""@Name"":""SubjectUserSid"",""#text"":""S-1-5-21-3962163828-2803415714-1403596700-1001""},{""@Name"":""SubjectUserName"",""#text"":""lplui""},{""@Name"":""SubjectDomainName"",""#text"":""SERVER002""},{""@Name"":""SubjectLogonId"",""#text"":""0x39737""},{""@Name"":""TargetName"",""#text"":""MicrosoftAccount:user=lpluigi44@gmail.com""},{""@Name"":""Type"",""#text"":""0""},{""@Name"":""CountOfCredentialsReturned"",""#text"":""1""},{""@Name"":""ReadOperation"",""#text"":""%%8100""},{""@Name"":""ReturnCode"",""#text"":""0""},{""@Name"":""ProcessCreationTime"",""#text"":""2025-05-02 09:36:16.5810450""},{""@Name"":""ClientProcessId"",""#text"":""6516""}]}}"
22348,90509,2025-05-02 09:36:17.0867693,5379,LogAlways,Microsoft-Windows-Security-Auditing,Security,688,564,Server002,216,,Credential Manager credentials were read,lplui,,SID: S-1-5-21-3962163828-2803415714-1403596700-1001,Domain: SERVER002,LogonID: 0x39737,CountOfCredentialsReturned: 1,,ActivityID: 1168e054-bb50-0000-2de1-681150bbdb01,MicrosoftAccount:user=lpluigi44@gmail.com,False,D:\benign_log_combined_latest_used_actually\new_benign\security_32761.evtx,Audit success,0,"{""EventData"":{""Data"":[{""@Name"":""SubjectUserSid"",""#text"":""S-1-5-21-3962163828-2803415714-1403596700-1001""},{""@Name"":""SubjectUserName"",""#text"":""lplui""},{""@Name"":""SubjectDomainName"",""#text"":""SERVER002""},{""@Name"":""SubjectLogonId"",""#text"":""0x39737""},{""@Name"":""TargetName"",""#text"":""MicrosoftAccount:user=lpluigi44@gmail.com""},{""@Name"":""Type"",""#text"":""0""},{""@Name"":""CountOfCredentialsReturned"",""#text"":""1""},{""@Name"":""ReadOperation"",""#text"":""%%8100""},{""@Name"":""ReturnCode"",""#text"":""0""},{""@Name"":""ProcessCreationTime"",""#text"":""2025-05-02 09:36:16.5810450""},{""@Name"":""ClientProcessId"",""#text"":""6516""}]}}"
22349,90510,2025-05-02 09:36:17.0872254,5379,LogAlways,Microsoft-Windows-Security-Auditing,Security,688,564,Server002,216,,Credential Manager credentials were read,lplui,,SID: S-1-5-21-3962163828-2803415714-1403596700-1001,Domain: SERVER002,LogonID: 0x39737,CountOfCredentialsReturned: 1,,ActivityID: 1168e054-bb50-0000-2de1-681150bbdb01,MicrosoftAccount:user=lpluigi44@gmail.com,False,D:\benign_log_combined_latest_used_actually\new_benign\security_32761.evtx,Audit success,0,"{""EventData"":{""Data"":[{""@Name"":""SubjectUserSid"",""#text"":""S-1-5-21-3962163828-2803415714-1403596700-1001""},{""@Name"":""SubjectUserName"",""#text"":""lplui""},{""@Name"":""SubjectDomainName"",""#text"":""SERVER002""},{""@Name"":""SubjectLogonId"",""#text"":""0x39737""},{""@Name"":""TargetName"",""#text"":""MicrosoftAccount:user=lpluigi44@gmail.com""},{""@Name"":""Type"",""#text"":""0""},{""@Name"":""CountOfCredentialsReturned"",""#text"":""1""},{""@Name"":""ReadOperation"",""#text"":""%%8100""},{""@Name"":""ReturnCode"",""#text"":""0""},{""@Name"":""ProcessCreationTime"",""#text"":""2025-05-02 09:36:16.5810450""},{""@Name"":""ClientProcessId"",""#text"":""6516""}]}}"
22350,90511,2025-05-02 09:36:17.0894620,5379,LogAlways,Microsoft-Windows-Security-Auditing,Security,688,564,Server002,216,,Credential Manager credentials were read,lplui,,SID: S-1-5-21-3962163828-2803415714-1403596700-1001,Domain: SERVER002,LogonID: 0x39737,CountOfCredentialsReturned: 1,,ActivityID: 1168e054-bb50-0000-2de1-681150bbdb01,MicrosoftAccount:user=lpluigi44@gmail.com,False,D:\benign_log_combined_latest_used_actually\new_benign\security_32761.evtx,Audit success,0,"{""EventData"":{""Data"":[{""@Name"":""SubjectUserSid"",""#text"":""S-1-5-21-3962163828-2803415714-1403596700-1001""},{""@Name"":""SubjectUserName"",""#text"":""lplui""},{""@Name"":""SubjectDomainName"",""#text"":""SERVER002""},{""@Name"":""SubjectLogonId"",""#text"":""0x39737""},{""@Name"":""TargetName"",""#text"":""MicrosoftAccount:user=lpluigi44@gmail.com""},{""@Name"":""Type"",""#text"":""0""},{""@Name"":""CountOfCredentialsReturned"",""#text"":""1""},{""@Name"":""ReadOperation"",""#text"":""%%8100""},{""@Name"":""ReturnCode"",""#text"":""0""},{""@Name"":""ProcessCreationTime"",""#text"":""2025-05-02 09:36:16.5810450""},{""@Name"":""ClientProcessId"",""#text"":""6516""}]}}"
22351,90512,2025-05-02 09:36:17.0896168,5379,LogAlways,Microsoft-Windows-Security-Auditing,Security,688,564,Server002,216,,Credential Manager credentials were read,lplui,,SID: S-1-5-21-3962163828-2803415714-1403596700-1001,Domain: SERVER002,LogonID: 0x39737,CountOfCredentialsReturned: 1,,ActivityID: 1168e054-bb50-0000-2de1-681150bbdb01,MicrosoftAccount:user=lpluigi44@gmail.com,False,D:\benign_log_combined_latest_used_actually\new_benign\security_32761.evtx,Audit success,0,"{""EventData"":{""Data"":[{""@Name"":""SubjectUserSid"",""#text"":""S-1-5-21-3962163828-2803415714-1403596700-1001""},{""@Name"":""SubjectUserName"",""#text"":""lplui""},{""@Name"":""SubjectDomainName"",""#text"":""SERVER002""},{""@Name"":""SubjectLogonId"",""#text"":""0x39737""},{""@Name"":""TargetName"",""#text"":""MicrosoftAccount:user=lpluigi44@gmail.com""},{""@Name"":""Type"",""#text"":""0""},{""@Name"":""CountOfCredentialsReturned"",""#text"":""1""},{""@Name"":""ReadOperation"",""#text"":""%%8100""},{""@Name"":""ReturnCode"",""#text"":""0""},{""@Name"":""ProcessCreationTime"",""#text"":""2025-05-02 09:36:16.5810450""},{""@Name"":""ClientProcessId"",""#text"":""6516""}]}}"
22352,90513,2025-05-02 09:36:17.0898054,5379,LogAlways,Microsoft-Windows-Security-Auditing,Security,688,564,Server002,216,,Credential Manager credentials were read,lplui,,SID: S-1-5-21-3962163828-2803415714-1403596700-1001,Domain: SERVER002,LogonID: 0x39737,CountOfCredentialsReturned: 1,,ActivityID: 1168e054-bb50-0000-2de1-681150bbdb01,MicrosoftAccount:user=lpluigi44@gmail.com,False,D:\benign_log_combined_latest_used_actually\new_benign\security_32761.evtx,Audit success,0,"{""EventData"":{""Data"":[{""@Name"":""SubjectUserSid"",""#text"":""S-1-5-21-3962163828-2803415714-1403596700-1001""},{""@Name"":""SubjectUserName"",""#text"":""lplui""},{""@Name"":""SubjectDomainName"",""#text"":""SERVER002""},{""@Name"":""SubjectLogonId"",""#text"":""0x39737""},{""@Name"":""TargetName"",""#text"":""MicrosoftAccount:user=lpluigi44@gmail.com""},{""@Name"":""Type"",""#text"":""0""},{""@Name"":""CountOfCredentialsReturned"",""#text"":""1""},{""@Name"":""ReadOperation"",""#text"":""%%8100""},{""@Name"":""ReturnCode"",""#text"":""0""},{""@Name"":""ProcessCreationTime"",""#text"":""2025-05-02 09:36:16.5810450""},{""@Name"":""ClientProcessId"",""#text"":""6516""}]}}"
22353,90514,2025-05-02 09:36:17.0899327,5379,LogAlways,Microsoft-Windows-Security-Auditing,Security,688,564,Server002,216,,Credential Manager credentials were read,lplui,,SID: S-1-5-21-3962163828-2803415714-1403596700-1001,Domain: SERVER002,LogonID: 0x39737,CountOfCredentialsReturned: 1,,ActivityID: 1168e054-bb50-0000-2de1-681150bbdb01,MicrosoftAccount:user=lpluigi44@gmail.com,False,D:\benign_log_combined_latest_used_actually\new_benign\security_32761.evtx,Audit success,0,"{""EventData"":{""Data"":[{""@Name"":""SubjectUserSid"",""#text"":""S-1-5-21-3962163828-2803415714-1403596700-1001""},{""@Name"":""SubjectUserName"",""#text"":""lplui""},{""@Name"":""SubjectDomainName"",""#text"":""SERVER002""},{""@Name"":""SubjectLogonId"",""#text"":""0x39737""},{""@Name"":""TargetName"",""#text"":""MicrosoftAccount:user=lpluigi44@gmail.com""},{""@Name"":""Type"",""#text"":""0""},{""@Name"":""CountOfCredentialsReturned"",""#text"":""1""},{""@Name"":""ReadOperation"",""#text"":""%%8100""},{""@Name"":""ReturnCode"",""#text"":""0""},{""@Name"":""ProcessCreationTime"",""#text"":""2025-05-02 09:36:16.5810450""},{""@Name"":""ClientProcessId"",""#text"":""6516""}]}}"
22354,90515,2025-05-02 09:36:17.0901181,5379,LogAlways,Microsoft-Windows-Security-Auditing,Security,688,564,Server002,216,,Credential Manager credentials were read,lplui,,SID: S-1-5-21-3962163828-2803415714-1403596700-1001,Domain: SERVER002,LogonID: 0x39737,CountOfCredentialsReturned: 1,,ActivityID: 1168e054-bb50-0000-2de1-681150bbdb01,MicrosoftAccount:user=lpluigi44@gmail.com,False,D:\benign_log_combined_latest_used_actually\new_benign\security_32761.evtx,Audit success,0,"{""EventData"":{""Data"":[{""@Name"":""SubjectUserSid"",""#text"":""S-1-5-21-3962163828-2803415714-1403596700-1001""},{""@Name"":""SubjectUserName"",""#text"":""lplui""},{""@Name"":""SubjectDomainName"",""#text"":""SERVER002""},{""@Name"":""SubjectLogonId"",""#text"":""0x39737""},{""@Name"":""TargetName"",""#text"":""MicrosoftAccount:user=lpluigi44@gmail.com""},{""@Name"":""Type"",""#text"":""0""},{""@Name"":""CountOfCredentialsReturned"",""#text"":""1""},{""@Name"":""ReadOperation"",""#text"":""%%8100""},{""@Name"":""ReturnCode"",""#text"":""0""},{""@Name"":""ProcessCreationTime"",""#text"":""2025-05-02 09:36:16.5810450""},{""@Name"":""ClientProcessId"",""#text"":""6516""}]}}"
22355,90516,2025-05-02 09:36:17.0902489,5379,LogAlways,Microsoft-Windows-Security-Auditing,Security,688,564,Server002,216,,Credential Manager credentials were read,lplui,,SID: S-1-5-21-3962163828-2803415714-1403596700-1001,Domain: SERVER002,LogonID: 0x39737,CountOfCredentialsReturned: 1,,ActivityID: 1168e054-bb50-0000-2de1-681150bbdb01,MicrosoftAccount:user=lpluigi44@gmail.com,False,D:\benign_log_combined_latest_used_actually\new_benign\security_32761.evtx,Audit success,0,"{""EventData"":{""Data"":[{""@Name"":""SubjectUserSid"",""#text"":""S-1-5-21-3962163828-2803415714-1403596700-1001""},{""@Name"":""SubjectUserName"",""#text"":""lplui""},{""@Name"":""SubjectDomainName"",""#text"":""SERVER002""},{""@Name"":""SubjectLogonId"",""#text"":""0x39737""},{""@Name"":""TargetName"",""#text"":""MicrosoftAccount:user=lpluigi44@gmail.com""},{""@Name"":""Type"",""#text"":""0""},{""@Name"":""CountOfCredentialsReturned"",""#text"":""1""},{""@Name"":""ReadOperation"",""#text"":""%%8100""},{""@Name"":""ReturnCode"",""#text"":""0""},{""@Name"":""ProcessCreationTime"",""#text"":""2025-05-02 09:36:16.5810450""},{""@Name"":""ClientProcessId"",""#text"":""6516""}]}}"
22356,90517,2025-05-02 09:36:17.0904142,5379,LogAlways,Microsoft-Windows-Security-Auditing,Security,688,564,Server002,216,,Credential Manager credentials were read,lplui,,SID: S-1-5-21-3962163828-2803415714-1403596700-1001,Domain: SERVER002,LogonID: 0x39737,CountOfCredentialsReturned: 1,,ActivityID: 1168e054-bb50-0000-2de1-681150bbdb01,MicrosoftAccount:user=lpluigi44@gmail.com,False,D:\benign_log_combined_latest_used_actually\new_benign\security_32761.evtx,Audit success,0,"{""EventData"":{""Data"":[{""@Name"":""SubjectUserSid"",""#text"":""S-1-5-21-3962163828-2803415714-1403596700-1001""},{""@Name"":""SubjectUserName"",""#text"":""lplui""},{""@Name"":""SubjectDomainName"",""#text"":""SERVER002""},{""@Name"":""SubjectLogonId"",""#text"":""0x39737""},{""@Name"":""TargetName"",""#text"":""MicrosoftAccount:user=lpluigi44@gmail.com""},{""@Name"":""Type"",""#text"":""0""},{""@Name"":""CountOfCredentialsReturned"",""#text"":""1""},{""@Name"":""ReadOperation"",""#text"":""%%8100""},{""@Name"":""ReturnCode"",""#text"":""0""},{""@Name"":""ProcessCreationTime"",""#text"":""2025-05-02 09:36:16.5810450""},{""@Name"":""ClientProcessId"",""#text"":""6516""}]}}"
