2605,70766,2025-04-24 10:49:26.1356375,4798,LogAlways,Microsoft-Windows-Security-Auditing,Security,668,5808,Server002,25,,A user's local group membership was enumerated,WORKGROUP\SERVER002$ (S-1-5-18),,Target: SERVER002\sshd (S-1-5-21-3962163828-2803415714-1403596700-1002),SubjectLogonId: 0x3E7,CallerProcessName: C:\Program Files\Malwarebytes\Anti-Malware\MBAMService.exe,CallerProcessId: 0xB98,,,,False,D:\benign_log_combined_latest_used_actually\new_benign\security_32761.evtx,Audit success,0,"{""EventData"":{""Data"":[{""@Name"":""TargetUserName"",""#text"":""sshd""},{""@Name"":""TargetDomainName"",""#text"":""SERVER002""},{""@Name"":""TargetSid"",""#text"":""S-1-5-21-3962163828-2803415714-1403596700-1002""},{""@Name"":""SubjectUserSid"",""#text"":""S-1-5-18""},{""@Name"":""SubjectUserName"",""#text"":""SERVER002$""},{""@Name"":""SubjectDomainName"",""#text"":""WORKGROUP""},{""@Name"":""SubjectLogonId"",""#text"":""0x3E7""},{""@Name"":""CallerProcessId"",""#text"":""0xB98""},{""@Name"":""CallerProcessName"",""#text"":""C:\\Program Files\\Malwarebytes\\Anti-Malware\\MBAMService.exe""}]}}"
2606,70767,2025-04-24 10:49:26.1358281,4798,LogAlways,Microsoft-Windows-Security-Auditing,Security,668,5808,Server002,25,,A user's local group membership was enumerated,WORKGROUP\SERVER002$ (S-1-5-18),,Target: SERVER002\testing (S-1-5-21-3962163828-2803415714-1403596700-1005),SubjectLogonId: 0x3E7,CallerProcessName: C:\Program Files\Malwarebytes\Anti-Malware\MBAMService.exe,CallerProcessId: 0xB98,,,,False,D:\benign_log_combined_latest_used_actually\new_benign\security_32761.evtx,Audit success,0,"{""EventData"":{""Data"":[{""@Name"":""TargetUserName"",""#text"":""testing""},{""@Name"":""TargetDomainName"",""#text"":""SERVER002""},{""@Name"":""TargetSid"",""#text"":""S-1-5-21-3962163828-2803415714-1403596700-1005""},{""@Name"":""SubjectUserSid"",""#text"":""S-1-5-18""},{""@Name"":""SubjectUserName"",""#text"":""SERVER002$""},{""@Name"":""SubjectDomainName"",""#text"":""WORKGROUP""},{""@Name"":""SubjectLogonId"",""#text"":""0x3E7""},{""@Name"":""CallerProcessId"",""#text"":""0xB98""},{""@Name"":""CallerProcessName"",""#text"":""C:\\Program Files\\Malwarebytes\\Anti-Malware\\MBAMService.exe""}]}}"
2607,70768,2025-04-24 10:49:26.1361732,4798,LogAlways,Microsoft-Windows-Security-Auditing,Security,668,5808,Server002,25,,A user's local group membership was enumerated,WORKGROUP\SERVER002$ (S-1-5-18),,Target: SERVER002\WDAGUtilityAccount (S-1-5-21-3962163828-2803415714-1403596700-504),SubjectLogonId: 0x3E7,CallerProcessName: C:\Program Files\Malwarebytes\Anti-Malware\MBAMService.exe,CallerProcessId: 0xB98,,,,False,D:\benign_log_combined_latest_used_actually\new_benign\security_32761.evtx,Audit success,0,"{""EventData"":{""Data"":[{""@Name"":""TargetUserName"",""#text"":""WDAGUtilityAccount""},{""@Name"":""TargetDomainName"",""#text"":""SERVER002""},{""@Name"":""TargetSid"",""#text"":""S-1-5-21-3962163828-2803415714-1403596700-504""},{""@Name"":""SubjectUserSid"",""#text"":""S-1-5-18""},{""@Name"":""SubjectUserName"",""#text"":""SERVER002$""},{""@Name"":""SubjectDomainName"",""#text"":""WORKGROUP""},{""@Name"":""SubjectLogonId"",""#text"":""0x3E7""},{""@Name"":""CallerProcessId"",""#text"":""0xB98""},{""@Name"":""CallerProcessName"",""#text"":""C:\\Program Files\\Malwarebytes\\Anti-Malware\\MBAMService.exe""}]}}"
2608,70769,2025-04-24 10:49:26.1376396,4798,LogAlways,Microsoft-Windows-Security-Auditing,Security,668,5808,Server002,25,,A user's local group membership was enumerated,WORKGROUP\SERVER002$ (S-1-5-18),,Target: SERVER002\admin_test (S-1-5-21-3962163828-2803415714-1403596700-1006),SubjectLogonId: 0x3E7,CallerProcessName: C:\Program Files\Malwarebytes\Anti-Malware\MBAMService.exe,CallerProcessId: 0xB98,,,,False,D:\benign_log_combined_latest_used_actually\new_benign\security_32761.evtx,Audit success,0,"{""EventData"":{""Data"":[{""@Name"":""TargetUserName"",""#text"":""admin_test""},{""@Name"":""TargetDomainName"",""#text"":""SERVER002""},{""@Name"":""TargetSid"",""#text"":""S-1-5-21-3962163828-2803415714-1403596700-1006""},{""@Name"":""SubjectUserSid"",""#text"":""S-1-5-18""},{""@Name"":""SubjectUserName"",""#text"":""SERVER002$""},{""@Name"":""SubjectDomainName"",""#text"":""WORKGROUP""},{""@Name"":""SubjectLogonId"",""#text"":""0x3E7""},{""@Name"":""CallerProcessId"",""#text"":""0xB98""},{""@Name"":""CallerProcessName"",""#text"":""C:\\Program Files\\Malwarebytes\\Anti-Malware\\MBAMService.exe""}]}}"
2609,70770,2025-04-24 10:49:26.1385218,4798,LogAlways,Microsoft-Windows-Security-Auditing,Security,668,5808,Server002,25,,A user's local group membership was enumerated,WORKGROUP\SERVER002$ (S-1-5-18),,Target: SERVER002\DefaultAccount (S-1-5-21-3962163828-2803415714-1403596700-503),SubjectLogonId: 0x3E7,CallerProcessName: C:\Program Files\Malwarebytes\Anti-Malware\MBAMService.exe,CallerProcessId: 0xB98,,,,False,D:\benign_log_combined_latest_used_actually\new_benign\security_32761.evtx,Audit success,0,"{""EventData"":{""Data"":[{""@Name"":""TargetUserName"",""#text"":""DefaultAccount""},{""@Name"":""TargetDomainName"",""#text"":""SERVER002""},{""@Name"":""TargetSid"",""#text"":""S-1-5-21-3962163828-2803415714-1403596700-503""},{""@Name"":""SubjectUserSid"",""#text"":""S-1-5-18""},{""@Name"":""SubjectUserName"",""#text"":""SERVER002$""},{""@Name"":""SubjectDomainName"",""#text"":""WORKGROUP""},{""@Name"":""SubjectLogonId"",""#text"":""0x3E7""},{""@Name"":""CallerProcessId"",""#text"":""0xB98""},{""@Name"":""CallerProcessName"",""#text"":""C:\\Program Files\\Malwarebytes\\Anti-Malware\\MBAMService.exe""}]}}"
2610,70771,2025-04-24 10:49:26.1395857,4798,LogAlways,Microsoft-Windows-Security-Auditing,Security,668,5808,Server002,25,,A user's local group membership was enumerated,WORKGROUP\SERVER002$ (S-1-5-18),,Target: SERVER002\lplui (S-1-5-21-3962163828-2803415714-1403596700-1001),SubjectLogonId: 0x3E7,CallerProcessName: C:\Program Files\Malwarebytes\Anti-Malware\MBAMService.exe,CallerProcessId: 0xB98,,,,False,D:\benign_log_combined_latest_used_actually\new_benign\security_32761.evtx,Audit success,0,"{""EventData"":{""Data"":[{""@Name"":""TargetUserName"",""#text"":""lplui""},{""@Name"":""TargetDomainName"",""#text"":""SERVER002""},{""@Name"":""TargetSid"",""#text"":""S-1-5-21-3962163828-2803415714-1403596700-1001""},{""@Name"":""SubjectUserSid"",""#text"":""S-1-5-18""},{""@Name"":""SubjectUserName"",""#text"":""SERVER002$""},{""@Name"":""SubjectDomainName"",""#text"":""WORKGROUP""},{""@Name"":""SubjectLogonId"",""#text"":""0x3E7""},{""@Name"":""CallerProcessId"",""#text"":""0xB98""},{""@Name"":""CallerProcessName"",""#text"":""C:\\Program Files\\Malwarebytes\\Anti-Malware\\MBAMService.exe""}]}}"
2611,70772,2025-04-24 10:49:26.1400479,4798,LogAlways,Microsoft-Windows-Security-Auditing,Security,668,4488,Server002,25,,A user's local group membership was enumerated,WORKGROUP\SERVER002$ (S-1-5-18),,Target: SERVER002\sshd (S-1-5-21-3962163828-2803415714-1403596700-1002),SubjectLogonId: 0x3E7,CallerProcessName: C:\Program Files\Malwarebytes\Anti-Malware\MBAMService.exe,CallerProcessId: 0xB98,,,,False,D:\benign_log_combined_latest_used_actually\new_benign\security_32761.evtx,Audit success,0,"{""EventData"":{""Data"":[{""@Name"":""TargetUserName"",""#text"":""sshd""},{""@Name"":""TargetDomainName"",""#text"":""SERVER002""},{""@Name"":""TargetSid"",""#text"":""S-1-5-21-3962163828-2803415714-1403596700-1002""},{""@Name"":""SubjectUserSid"",""#text"":""S-1-5-18""},{""@Name"":""SubjectUserName"",""#text"":""SERVER002$""},{""@Name"":""SubjectDomainName"",""#text"":""WORKGROUP""},{""@Name"":""SubjectLogonId"",""#text"":""0x3E7""},{""@Name"":""CallerProcessId"",""#text"":""0xB98""},{""@Name"":""CallerProcessName"",""#text"":""C:\\Program Files\\Malwarebytes\\Anti-Malware\\MBAMService.exe""}]}}"
2612,70773,2025-04-24 10:49:26.1405989,4798,LogAlways,Microsoft-Windows-Security-Auditing,Security,668,5808,Server002,25,,A user's local group membership was enumerated,WORKGROUP\SERVER002$ (S-1-5-18),,Target: SERVER002\testing (S-1-5-21-3962163828-2803415714-1403596700-1005),SubjectLogonId: 0x3E7,CallerProcessName: C:\Program Files\Malwarebytes\Anti-Malware\MBAMService.exe,CallerProcessId: 0xB98,,,,False,D:\benign_log_combined_latest_used_actually\new_benign\security_32761.evtx,Audit success,0,"{""EventData"":{""Data"":[{""@Name"":""TargetUserName"",""#text"":""testing""},{""@Name"":""TargetDomainName"",""#text"":""SERVER002""},{""@Name"":""TargetSid"",""#text"":""S-1-5-21-3962163828-2803415714-1403596700-1005""},{""@Name"":""SubjectUserSid"",""#text"":""S-1-5-18""},{""@Name"":""SubjectUserName"",""#text"":""SERVER002$""},{""@Name"":""SubjectDomainName"",""#text"":""WORKGROUP""},{""@Name"":""SubjectLogonId"",""#text"":""0x3E7""},{""@Name"":""CallerProcessId"",""#text"":""0xB98""},{""@Name"":""CallerProcessName"",""#text"":""C:\\Program Files\\Malwarebytes\\Anti-Malware\\MBAMService.exe""}]}}"
2613,70774,2025-04-24 10:49:26.1410790,4798,LogAlways,Microsoft-Windows-Security-Auditing,Security,668,5808,Server002,25,,A user's local group membership was enumerated,WORKGROUP\SERVER002$ (S-1-5-18),,Target: SERVER002\WDAGUtilityAccount (S-1-5-21-3962163828-2803415714-1403596700-504),SubjectLogonId: 0x3E7,CallerProcessName: C:\Program Files\Malwarebytes\Anti-Malware\MBAMService.exe,CallerProcessId: 0xB98,,,,False,D:\benign_log_combined_latest_used_actually\new_benign\security_32761.evtx,Audit success,0,"{""EventData"":{""Data"":[{""@Name"":""TargetUserName"",""#text"":""WDAGUtilityAccount""},{""@Name"":""TargetDomainName"",""#text"":""SERVER002""},{""@Name"":""TargetSid"",""#text"":""S-1-5-21-3962163828-2803415714-1403596700-504""},{""@Name"":""SubjectUserSid"",""#text"":""S-1-5-18""},{""@Name"":""SubjectUserName"",""#text"":""SERVER002$""},{""@Name"":""SubjectDomainName"",""#text"":""WORKGROUP""},{""@Name"":""SubjectLogonId"",""#text"":""0x3E7""},{""@Name"":""CallerProcessId"",""#text"":""0xB98""},{""@Name"":""CallerProcessName"",""#text"":""C:\\Program Files\\Malwarebytes\\Anti-Malware\\MBAMService.exe""}]}}"
2614,70775,2025-04-24 10:54:32.1604926,4798,LogAlways,Microsoft-Windows-Security-Auditing,Security,668,1456,Server002,25,,A user's local group membership was enumerated,WORKGROUP\SERVER002$ (S-1-5-18),,Target: SERVER002\Administrator (S-1-5-21-3962163828-2803415714-1403596700-500),SubjectLogonId: 0x3E7,CallerProcessName: C:\Program Files\Malwarebytes\Anti-Malware\MBAMService.exe,CallerProcessId: 0xB98,,,,False,D:\benign_log_combined_latest_used_actually\new_benign\security_32761.evtx,Audit success,0,"{""EventData"":{""Data"":[{""@Name"":""TargetUserName"",""#text"":""Administrator""},{""@Name"":""TargetDomainName"",""#text"":""SERVER002""},{""@Name"":""TargetSid"",""#text"":""S-1-5-21-3962163828-2803415714-1403596700-500""},{""@Name"":""SubjectUserSid"",""#text"":""S-1-5-18""},{""@Name"":""SubjectUserName"",""#text"":""SERVER002$""},{""@Name"":""SubjectDomainName"",""#text"":""WORKGROUP""},{""@Name"":""SubjectLogonId"",""#text"":""0x3E7""},{""@Name"":""CallerProcessId"",""#text"":""0xB98""},{""@Name"":""CallerProcessName"",""#text"":""C:\\Program Files\\Malwarebytes\\Anti-Malware\\MBAMService.exe""}]}}"
2615,70776,2025-04-24 10:54:32.1608308,4798,LogAlways,Microsoft-Windows-Security-Auditing,Security,668,1456,Server002,25,,A user's local group membership was enumerated,WORKGROUP\SERVER002$ (S-1-5-18),,Target: SERVER002\admin_test (S-1-5-21-3962163828-2803415714-1403596700-1006),SubjectLogonId: 0x3E7,CallerProcessName: C:\Program Files\Malwarebytes\Anti-Malware\MBAMService.exe,CallerProcessId: 0xB98,,,,False,D:\benign_log_combined_latest_used_actually\new_benign\security_32761.evtx,Audit success,0,"{""EventData"":{""Data"":[{""@Name"":""TargetUserName"",""#text"":""admin_test""},{""@Name"":""TargetDomainName"",""#text"":""SERVER002""},{""@Name"":""TargetSid"",""#text"":""S-1-5-21-3962163828-2803415714-1403596700-1006""},{""@Name"":""SubjectUserSid"",""#text"":""S-1-5-18""},{""@Name"":""SubjectUserName"",""#text"":""SERVER002$""},{""@Name"":""SubjectDomainName"",""#text"":""WORKGROUP""},{""@Name"":""SubjectLogonId"",""#text"":""0x3E7""},{""@Name"":""CallerProcessId"",""#text"":""0xB98""},{""@Name"":""CallerProcessName"",""#text"":""C:\\Program Files\\Malwarebytes\\Anti-Malware\\MBAMService.exe""}]}}"
2616,70777,2025-04-24 10:54:32.1612638,4798,LogAlways,Microsoft-Windows-Security-Auditing,Security,668,1456,Server002,25,,A user's local group membership was enumerated,WORKGROUP\SERVER002$ (S-1-5-18),,Target: SERVER002\DefaultAccount (S-1-5-21-3962163828-2803415714-1403596700-503),SubjectLogonId: 0x3E7,CallerProcessName: C:\Program Files\Malwarebytes\Anti-Malware\MBAMService.exe,CallerProcessId: 0xB98,,,,False,D:\benign_log_combined_latest_used_actually\new_benign\security_32761.evtx,Audit success,0,"{""EventData"":{""Data"":[{""@Name"":""TargetUserName"",""#text"":""DefaultAccount""},{""@Name"":""TargetDomainName"",""#text"":""SERVER002""},{""@Name"":""TargetSid"",""#text"":""S-1-5-21-3962163828-2803415714-1403596700-503""},{""@Name"":""SubjectUserSid"",""#text"":""S-1-5-18""},{""@Name"":""SubjectUserName"",""#text"":""SERVER002$""},{""@Name"":""SubjectDomainName"",""#text"":""WORKGROUP""},{""@Name"":""SubjectLogonId"",""#text"":""0x3E7""},{""@Name"":""CallerProcessId"",""#text"":""0xB98""},{""@Name"":""CallerProcessName"",""#text"":""C:\\Program Files\\Malwarebytes\\Anti-Malware\\MBAMService.exe""}]}}"
2617,70778,2025-04-24 10:54:32.1618548,4798,LogAlways,Microsoft-Windows-Security-Auditing,Security,668,1456,Server002,25,,A user's local group membership was enumerated,WORKGROUP\SERVER002$ (S-1-5-18),,Target: SERVER002\Guest (S-1-5-21-3962163828-2803415714-1403596700-501),SubjectLogonId: 0x3E7,CallerProcessName: C:\Program Files\Malwarebytes\Anti-Malware\MBAMService.exe,CallerProcessId: 0xB98,,,,False,D:\benign_log_combined_latest_used_actually\new_benign\security_32761.evtx,Audit success,0,"{""EventData"":{""Data"":[{""@Name"":""TargetUserName"",""#text"":""Guest""},{""@Name"":""TargetDomainName"",""#text"":""SERVER002""},{""@Name"":""TargetSid"",""#text"":""S-1-5-21-3962163828-2803415714-1403596700-501""},{""@Name"":""SubjectUserSid"",""#text"":""S-1-5-18""},{""@Name"":""SubjectUserName"",""#text"":""SERVER002$""},{""@Name"":""SubjectDomainName"",""#text"":""WORKGROUP""},{""@Name"":""SubjectLogonId"",""#text"":""0x3E7""},{""@Name"":""CallerProcessId"",""#text"":""0xB98""},{""@Name"":""CallerProcessName"",""#text"":""C:\\Program Files\\Malwarebytes\\Anti-Malware\\MBAMService.exe""}]}}"
2618,70779,2025-04-24 10:54:32.1622763,4798,LogAlways,Microsoft-Windows-Security-Auditing,Security,668,1456,Server002,25,,A user's local group membership was enumerated,WORKGROUP\SERVER002$ (S-1-5-18),,Target: SERVER002\lplui (S-1-5-21-3962163828-2803415714-1403596700-1001),SubjectLogonId: 0x3E7,CallerProcessName: C:\Program Files\Malwarebytes\Anti-Malware\MBAMService.exe,CallerProcessId: 0xB98,,,,False,D:\benign_log_combined_latest_used_actually\new_benign\security_32761.evtx,Audit success,0,"{""EventData"":{""Data"":[{""@Name"":""TargetUserName"",""#text"":""lplui""},{""@Name"":""TargetDomainName"",""#text"":""SERVER002""},{""@Name"":""TargetSid"",""#text"":""S-1-5-21-3962163828-2803415714-1403596700-1001""},{""@Name"":""SubjectUserSid"",""#text"":""S-1-5-18""},{""@Name"":""SubjectUserName"",""#text"":""SERVER002$""},{""@Name"":""SubjectDomainName"",""#text"":""WORKGROUP""},{""@Name"":""SubjectLogonId"",""#text"":""0x3E7""},{""@Name"":""CallerProcessId"",""#text"":""0xB98""},{""@Name"":""CallerProcessName"",""#text"":""C:\\Program Files\\Malwarebytes\\Anti-Malware\\MBAMService.exe""}]}}"
2619,70780,2025-04-24 10:54:32.1625709,4798,LogAlways,Microsoft-Windows-Security-Auditing,Security,668,1456,Server002,25,,A user's local group membership was enumerated,WORKGROUP\SERVER002$ (S-1-5-18),,Target: SERVER002\sshd (S-1-5-21-3962163828-2803415714-1403596700-1002),SubjectLogonId: 0x3E7,CallerProcessName: C:\Program Files\Malwarebytes\Anti-Malware\MBAMService.exe,CallerProcessId: 0xB98,,,,False,D:\benign_log_combined_latest_used_actually\new_benign\security_32761.evtx,Audit success,0,"{""EventData"":{""Data"":[{""@Name"":""TargetUserName"",""#text"":""sshd""},{""@Name"":""TargetDomainName"",""#text"":""SERVER002""},{""@Name"":""TargetSid"",""#text"":""S-1-5-21-3962163828-2803415714-1403596700-1002""},{""@Name"":""SubjectUserSid"",""#text"":""S-1-5-18""},{""@Name"":""SubjectUserName"",""#text"":""SERVER002$""},{""@Name"":""SubjectDomainName"",""#text"":""WORKGROUP""},{""@Name"":""SubjectLogonId"",""#text"":""0x3E7""},{""@Name"":""CallerProcessId"",""#text"":""0xB98""},{""@Name"":""CallerProcessName"",""#text"":""C:\\Program Files\\Malwarebytes\\Anti-Malware\\MBAMService.exe""}]}}"
2620,70781,2025-04-24 10:54:32.1631147,4798,LogAlways,Microsoft-Windows-Security-Auditing,Security,668,1456,Server002,25,,A user's local group membership was enumerated,WORKGROUP\SERVER002$ (S-1-5-18),,Target: SERVER002\testing (S-1-5-21-3962163828-2803415714-1403596700-1005),SubjectLogonId: 0x3E7,CallerProcessName: C:\Program Files\Malwarebytes\Anti-Malware\MBAMService.exe,CallerProcessId: 0xB98,,,,False,D:\benign_log_combined_latest_used_actually\new_benign\security_32761.evtx,Audit success,0,"{""EventData"":{""Data"":[{""@Name"":""TargetUserName"",""#text"":""testing""},{""@Name"":""TargetDomainName"",""#text"":""SERVER002""},{""@Name"":""TargetSid"",""#text"":""S-1-5-21-3962163828-2803415714-1403596700-1005""},{""@Name"":""SubjectUserSid"",""#text"":""S-1-5-18""},{""@Name"":""SubjectUserName"",""#text"":""SERVER002$""},{""@Name"":""SubjectDomainName"",""#text"":""WORKGROUP""},{""@Name"":""SubjectLogonId"",""#text"":""0x3E7""},{""@Name"":""CallerProcessId"",""#text"":""0xB98""},{""@Name"":""CallerProcessName"",""#text"":""C:\\Program Files\\Malwarebytes\\Anti-Malware\\MBAMService.exe""}]}}"
2621,70782,2025-04-24 10:54:32.1634917,4798,LogAlways,Microsoft-Windows-Security-Auditing,Security,668,1456,Server002,25,,A user's local group membership was enumerated,WORKGROUP\SERVER002$ (S-1-5-18),,Target: SERVER002\WDAGUtilityAccount (S-1-5-21-3962163828-2803415714-1403596700-504),SubjectLogonId: 0x3E7,CallerProcessName: C:\Program Files\Malwarebytes\Anti-Malware\MBAMService.exe,CallerProcessId: 0xB98,,,,False,D:\benign_log_combined_latest_used_actually\new_benign\security_32761.evtx,Audit success,0,"{""EventData"":{""Data"":[{""@Name"":""TargetUserName"",""#text"":""WDAGUtilityAccount""},{""@Name"":""TargetDomainName"",""#text"":""SERVER002""},{""@Name"":""TargetSid"",""#text"":""S-1-5-21-3962163828-2803415714-1403596700-504""},{""@Name"":""SubjectUserSid"",""#text"":""S-1-5-18""},{""@Name"":""SubjectUserName"",""#text"":""SERVER002$""},{""@Name"":""SubjectDomainName"",""#text"":""WORKGROUP""},{""@Name"":""SubjectLogonId"",""#text"":""0x3E7""},{""@Name"":""CallerProcessId"",""#text"":""0xB98""},{""@Name"":""CallerProcessName"",""#text"":""C:\\Program Files\\Malwarebytes\\Anti-Malware\\MBAMService.exe""}]}}"
2622,70783,2025-04-24 10:54:32.1647601,4798,LogAlways,Microsoft-Windows-Security-Auditing,Security,668,1456,Server002,25,,A user's local group membership was enumerated,WORKGROUP\SERVER002$ (S-1-5-18),,Target: SERVER002\admin_test (S-1-5-21-3962163828-2803415714-1403596700-1006),SubjectLogonId: 0x3E7,CallerProcessName: C:\Program Files\Malwarebytes\Anti-Malware\MBAMService.exe,CallerProcessId: 0xB98,,,,False,D:\benign_log_combined_latest_used_actually\new_benign\security_32761.evtx,Audit success,0,"{""EventData"":{""Data"":[{""@Name"":""TargetUserName"",""#text"":""admin_test""},{""@Name"":""TargetDomainName"",""#text"":""SERVER002""},{""@Name"":""TargetSid"",""#text"":""S-1-5-21-3962163828-2803415714-1403596700-1006""},{""@Name"":""SubjectUserSid"",""#text"":""S-1-5-18""},{""@Name"":""SubjectUserName"",""#text"":""SERVER002$""},{""@Name"":""SubjectDomainName"",""#text"":""WORKGROUP""},{""@Name"":""SubjectLogonId"",""#text"":""0x3E7""},{""@Name"":""CallerProcessId"",""#text"":""0xB98""},{""@Name"":""CallerProcessName"",""#text"":""C:\\Program Files\\Malwarebytes\\Anti-Malware\\MBAMService.exe""}]}}"
2623,70784,2025-04-24 10:54:32.1654980,4798,LogAlways,Microsoft-Windows-Security-Auditing,Security,668,1456,Server002,25,,A user's local group membership was enumerated,WORKGROUP\SERVER002$ (S-1-5-18),,Target: SERVER002\DefaultAccount (S-1-5-21-3962163828-2803415714-1403596700-503),SubjectLogonId: 0x3E7,CallerProcessName: C:\Program Files\Malwarebytes\Anti-Malware\MBAMService.exe,CallerProcessId: 0xB98,,,,False,D:\benign_log_combined_latest_used_actually\new_benign\security_32761.evtx,Audit success,0,"{""EventData"":{""Data"":[{""@Name"":""TargetUserName"",""#text"":""DefaultAccount""},{""@Name"":""TargetDomainName"",""#text"":""SERVER002""},{""@Name"":""TargetSid"",""#text"":""S-1-5-21-3962163828-2803415714-1403596700-503""},{""@Name"":""SubjectUserSid"",""#text"":""S-1-5-18""},{""@Name"":""SubjectUserName"",""#text"":""SERVER002$""},{""@Name"":""SubjectDomainName"",""#text"":""WORKGROUP""},{""@Name"":""SubjectLogonId"",""#text"":""0x3E7""},{""@Name"":""CallerProcessId"",""#text"":""0xB98""},{""@Name"":""CallerProcessName"",""#text"":""C:\\Program Files\\Malwarebytes\\Anti-Malware\\MBAMService.exe""}]}}"
2624,70785,2025-04-24 10:54:32.1665426,4798,LogAlways,Microsoft-Windows-Security-Auditing,Security,668,1456,Server002,25,,A user's local group membership was enumerated,WORKGROUP\SERVER002$ (S-1-5-18),,Target: SERVER002\lplui (S-1-5-21-3962163828-2803415714-1403596700-1001),SubjectLogonId: 0x3E7,CallerProcessName: C:\Program Files\Malwarebytes\Anti-Malware\MBAMService.exe,CallerProcessId: 0xB98,,,,False,D:\benign_log_combined_latest_used_actually\new_benign\security_32761.evtx,Audit success,0,"{""EventData"":{""Data"":[{""@Name"":""TargetUserName"",""#text"":""lplui""},{""@Name"":""TargetDomainName"",""#text"":""SERVER002""},{""@Name"":""TargetSid"",""#text"":""S-1-5-21-3962163828-2803415714-1403596700-1001""},{""@Name"":""SubjectUserSid"",""#text"":""S-1-5-18""},{""@Name"":""SubjectUserName"",""#text"":""SERVER002$""},{""@Name"":""SubjectDomainName"",""#text"":""WORKGROUP""},{""@Name"":""SubjectLogonId"",""#text"":""0x3E7""},{""@Name"":""CallerProcessId"",""#text"":""0xB98""},{""@Name"":""CallerProcessName"",""#text"":""C:\\Program Files\\Malwarebytes\\Anti-Malware\\MBAMService.exe""}]}}"
2625,70786,2025-04-24 10:54:32.1672730,4798,LogAlways,Microsoft-Windows-Security-Auditing,Security,668,1456,Server002,25,,A user's local group membership was enumerated,WORKGROUP\SERVER002$ (S-1-5-18),,Target: SERVER002\sshd (S-1-5-21-3962163828-2803415714-1403596700-1002),SubjectLogonId: 0x3E7,CallerProcessName: C:\Program Files\Malwarebytes\Anti-Malware\MBAMService.exe,CallerProcessId: 0xB98,,,,False,D:\benign_log_combined_latest_used_actually\new_benign\security_32761.evtx,Audit success,0,"{""EventData"":{""Data"":[{""@Name"":""TargetUserName"",""#text"":""sshd""},{""@Name"":""TargetDomainName"",""#text"":""SERVER002""},{""@Name"":""TargetSid"",""#text"":""S-1-5-21-3962163828-2803415714-1403596700-1002""},{""@Name"":""SubjectUserSid"",""#text"":""S-1-5-18""},{""@Name"":""SubjectUserName"",""#text"":""SERVER002$""},{""@Name"":""SubjectDomainName"",""#text"":""WORKGROUP""},{""@Name"":""SubjectLogonId"",""#text"":""0x3E7""},{""@Name"":""CallerProcessId"",""#text"":""0xB98""},{""@Name"":""CallerProcessName"",""#text"":""C:\\Program Files\\Malwarebytes\\Anti-Malware\\MBAMService.exe""}]}}"
2626,70787,2025-04-24 10:54:32.1679456,4798,LogAlways,Microsoft-Windows-Security-Auditing,Security,668,1456,Server002,25,,A user's local group membership was enumerated,WORKGROUP\SERVER002$ (S-1-5-18),,Target: SERVER002\testing (S-1-5-21-3962163828-2803415714-1403596700-1005),SubjectLogonId: 0x3E7,CallerProcessName: C:\Program Files\Malwarebytes\Anti-Malware\MBAMService.exe,CallerProcessId: 0xB98,,,,False,D:\benign_log_combined_latest_used_actually\new_benign\security_32761.evtx,Audit success,0,"{""EventData"":{""Data"":[{""@Name"":""TargetUserName"",""#text"":""testing""},{""@Name"":""TargetDomainName"",""#text"":""SERVER002""},{""@Name"":""TargetSid"",""#text"":""S-1-5-21-3962163828-2803415714-1403596700-1005""},{""@Name"":""SubjectUserSid"",""#text"":""S-1-5-18""},{""@Name"":""SubjectUserName"",""#text"":""SERVER002$""},{""@Name"":""SubjectDomainName"",""#text"":""WORKGROUP""},{""@Name"":""SubjectLogonId"",""#text"":""0x3E7""},{""@Name"":""CallerProcessId"",""#text"":""0xB98""},{""@Name"":""CallerProcessName"",""#text"":""C:\\Program Files\\Malwarebytes\\Anti-Malware\\MBAMService.exe""}]}}"
2627,70788,2025-04-24 10:54:32.1691714,4798,LogAlways,Microsoft-Windows-Security-Auditing,Security,668,5808,Server002,26,,A user's local group membership was enumerated,WORKGROUP\SERVER002$ (S-1-5-18),,Target: SERVER002\WDAGUtilityAccount (S-1-5-21-3962163828-2803415714-1403596700-504),SubjectLogonId: 0x3E7,CallerProcessName: C:\Program Files\Malwarebytes\Anti-Malware\MBAMService.exe,CallerProcessId: 0xB98,,,,False,D:\benign_log_combined_latest_used_actually\new_benign\security_32761.evtx,Audit success,2400,"{""EventData"":{""Data"":[{""@Name"":""TargetUserName"",""#text"":""WDAGUtilityAccount""},{""@Name"":""TargetDomainName"",""#text"":""SERVER002""},{""@Name"":""TargetSid"",""#text"":""S-1-5-21-3962163828-2803415714-1403596700-504""},{""@Name"":""SubjectUserSid"",""#text"":""S-1-5-18""},{""@Name"":""SubjectUserName"",""#text"":""SERVER002$""},{""@Name"":""SubjectDomainName"",""#text"":""WORKGROUP""},{""@Name"":""SubjectLogonId"",""#text"":""0x3E7""},{""@Name"":""CallerProcessId"",""#text"":""0xB98""},{""@Name"":""CallerProcessName"",""#text"":""C:\\Program Files\\Malwarebytes\\Anti-Malware\\MBAMService.exe""}]}}"
2628,70789,2025-04-24 10:55:00.1192957,4624,LogAlways,Microsoft-Windows-Security-Auditing,Security,668,5808,Server002,26,,Successful logon,WORKGROUP\SERVER002$,- (-),Target: NT AUTHORITY\SYSTEM,LogonType 5,LogonId: 0x3E7,AuthenticationPackageName: Negotiate,"LogonProcessName: Advapi  ",,C:\Windows\System32\services.exe,False,D:\benign_log_combined_latest_used_actually\new_benign\security_32761.evtx,Audit success,0,"{""EventData"":{""Data"":[{""@Name"":""SubjectUserSid"",""#text"":""S-1-5-18""},{""@Name"":""SubjectUserName"",""#text"":""SERVER002$""},{""@Name"":""SubjectDomainName"",""#text"":""WORKGROUP""},{""@Name"":""SubjectLogonId"",""#text"":""0x3E7""},{""@Name"":""TargetUserSid"",""#text"":""S-1-5-18""},{""@Name"":""TargetUserName"",""#text"":""SYSTEM""},{""@Name"":""TargetDomainName"",""#text"":""NT AUTHORITY""},{""@Name"":""TargetLogonId"",""#text"":""0x3E7""},{""@Name"":""LogonType"",""#text"":""5""},{""@Name"":""LogonProcessName"",""#text"":""Advapi  ""},{""@Name"":""AuthenticationPackageName"",""#text"":""Negotiate""},{""@Name"":""WorkstationName"",""#text"":""-""},{""@Name"":""LogonGuid"",""#text"":""00000000-0000-0000-0000-000000000000""},{""@Name"":""TransmittedServices"",""#text"":""-""},{""@Name"":""LmPackageName"",""#text"":""-""},{""@Name"":""KeyLength"",""#text"":""0""},{""@Name"":""ProcessId"",""#text"":""0x294""},{""@Name"":""ProcessName"",""#text"":""C:\\Windows\\System32\\services.exe""},{""@Name"":""IpAddress"",""#text"":""-""},{""@Name"":""IpPort"",""#text"":""-""},{""@Name"":""ImpersonationLevel"",""#text"":""%%1833""},{""@Name"":""RestrictedAdminMode"",""#text"":""-""},{""@Name"":""TargetOutboundUserName"",""#text"":""-""},{""@Name"":""TargetOutboundDomainName"",""#text"":""-""},{""@Name"":""VirtualAccount"",""#text"":""%%1843""},{""@Name"":""TargetLinkedLogonId"",""#text"":""0x0""},{""@Name"":""ElevatedToken"",""#text"":""%%1842""}]}}"
2629,70790,2025-04-24 10:55:00.1193013,4672,LogAlways,Microsoft-Windows-Security-Auditing,Security,668,5808,Server002,26,,Administrative logon,NT AUTHORITY\SYSTEM (S-1-5-18),,"PrivilegeList: SeAssignPrimaryTokenPrivilege, SeTcbPrivilege, SeSecurityPrivilege, SeTakeOwnershipPrivilege, SeLoadDriverPrivilege, SeBackupPrivilege, SeRestorePrivilege, SeDebugPrivilege, SeAuditPrivilege, SeSystemEnvironmentPrivilege, SeImpersonatePrivilege, SeDelegateSessionUserImpersonatePrivilege",LogonId: 0x3E7,,,,,,False,D:\benign_log_combined_latest_used_actually\new_benign\security_32761.evtx,Audit success,0,"{""EventData"":{""Data"":[{""@Name"":""SubjectUserSid"",""#text"":""S-1-5-18""},{""@Name"":""SubjectUserName"",""#text"":""SYSTEM""},{""@Name"":""SubjectDomainName"",""#text"":""NT AUTHORITY""},{""@Name"":""SubjectLogonId"",""#text"":""0x3E7""},{""@Name"":""PrivilegeList"",""#text"":""SeAssignPrimaryTokenPrivilege, SeTcbPrivilege, SeSecurityPrivilege, SeTakeOwnershipPrivilege, SeLoadDriverPrivilege, SeBackupPrivilege, SeRestorePrivilege, SeDebugPrivilege, SeAuditPrivilege, SeSystemEnvironmentPrivilege, SeImpersonatePrivilege, SeDelegateSessionUserImpersonatePrivilege""}]}}"
2630,70791,2025-04-24 10:55:00.8057577,4799,LogAlways,Microsoft-Windows-Security-Auditing,Security,668,5808,Server002,26,,A security-enabled local group membership was enumerated,SERVER002\lplui (S-1-5-21-3962163828-2803415714-1403596700-1001),,Target: Builtin\Administrators (S-1-5-32-544),SubjectLogonId: 0x509455,CallerProcessName: C:\Windows\System32\RuntimeBroker.exe,CallerProcessId: 0x2C8,,,,False,D:\benign_log_combined_latest_used_actually\new_benign\security_32761.evtx,Audit success,0,"{""EventData"":{""Data"":[{""@Name"":""TargetUserName"",""#text"":""Administrators""},{""@Name"":""TargetDomainName"",""#text"":""Builtin""},{""@Name"":""TargetSid"",""#text"":""S-1-5-32-544""},{""@Name"":""SubjectUserSid"",""#text"":""S-1-5-21-3962163828-2803415714-1403596700-1001""},{""@Name"":""SubjectUserName"",""#text"":""lplui""},{""@Name"":""SubjectDomainName"",""#text"":""SERVER002""},{""@Name"":""SubjectLogonId"",""#text"":""0x509455""},{""@Name"":""CallerProcessId"",""#text"":""0x2C8""},{""@Name"":""CallerProcessName"",""#text"":""C:\\Windows\\System32\\RuntimeBroker.exe""}]}}"
2631,70792,2025-04-24 10:55:00.8172772,4799,LogAlways,Microsoft-Windows-Security-Auditing,Security,668,5808,Server002,26,,A security-enabled local group membership was enumerated,SERVER002\lplui (S-1-5-21-3962163828-2803415714-1403596700-1001),,Target: Builtin\Administrators (S-1-5-32-544),SubjectLogonId: 0x509455,CallerProcessName: C:\Windows\System32\RuntimeBroker.exe,CallerProcessId: 0x2C8,,,,False,D:\benign_log_combined_latest_used_actually\new_benign\security_32761.evtx,Audit success,0,"{""EventData"":{""Data"":[{""@Name"":""TargetUserName"",""#text"":""Administrators""},{""@Name"":""TargetDomainName"",""#text"":""Builtin""},{""@Name"":""TargetSid"",""#text"":""S-1-5-32-544""},{""@Name"":""SubjectUserSid"",""#text"":""S-1-5-21-3962163828-2803415714-1403596700-1001""},{""@Name"":""SubjectUserName"",""#text"":""lplui""},{""@Name"":""SubjectDomainName"",""#text"":""SERVER002""},{""@Name"":""SubjectLogonId"",""#text"":""0x509455""},{""@Name"":""CallerProcessId"",""#text"":""0x2C8""},{""@Name"":""CallerProcessName"",""#text"":""C:\\Windows\\System32\\RuntimeBroker.exe""}]}}"
2632,70793,2025-04-24 10:55:00.8259911,4799,LogAlways,Microsoft-Windows-Security-Auditing,Security,668,5808,Server002,26,,A security-enabled local group membership was enumerated,SERVER002\lplui (S-1-5-21-3962163828-2803415714-1403596700-1001),,Target: Builtin\Administrators (S-1-5-32-544),SubjectLogonId: 0x509455,CallerProcessName: C:\Windows\System32\RuntimeBroker.exe,CallerProcessId: 0x2C8,,,,False,D:\benign_log_combined_latest_used_actually\new_benign\security_32761.evtx,Audit success,0,"{""EventData"":{""Data"":[{""@Name"":""TargetUserName"",""#text"":""Administrators""},{""@Name"":""TargetDomainName"",""#text"":""Builtin""},{""@Name"":""TargetSid"",""#text"":""S-1-5-32-544""},{""@Name"":""SubjectUserSid"",""#text"":""S-1-5-21-3962163828-2803415714-1403596700-1001""},{""@Name"":""SubjectUserName"",""#text"":""lplui""},{""@Name"":""SubjectDomainName"",""#text"":""SERVER002""},{""@Name"":""SubjectLogonId"",""#text"":""0x509455""},{""@Name"":""CallerProcessId"",""#text"":""0x2C8""},{""@Name"":""CallerProcessName"",""#text"":""C:\\Windows\\System32\\RuntimeBroker.exe""}]}}"
2633,70794,2025-04-24 10:55:00.8400538,4799,LogAlways,Microsoft-Windows-Security-Auditing,Security,668,5808,Server002,26,,A security-enabled local group membership was enumerated,SERVER002\lplui (S-1-5-21-3962163828-2803415714-1403596700-1001),,Target: Builtin\Administrators (S-1-5-32-544),SubjectLogonId: 0x509455,CallerProcessName: C:\Windows\System32\RuntimeBroker.exe,CallerProcessId: 0x2C8,,,,False,D:\benign_log_combined_latest_used_actually\new_benign\security_32761.evtx,Audit success,0,"{""EventData"":{""Data"":[{""@Name"":""TargetUserName"",""#text"":""Administrators""},{""@Name"":""TargetDomainName"",""#text"":""Builtin""},{""@Name"":""TargetSid"",""#text"":""S-1-5-32-544""},{""@Name"":""SubjectUserSid"",""#text"":""S-1-5-21-3962163828-2803415714-1403596700-1001""},{""@Name"":""SubjectUserName"",""#text"":""lplui""},{""@Name"":""SubjectDomainName"",""#text"":""SERVER002""},{""@Name"":""SubjectLogonId"",""#text"":""0x509455""},{""@Name"":""CallerProcessId"",""#text"":""0x2C8""},{""@Name"":""CallerProcessName"",""#text"":""C:\\Windows\\System32\\RuntimeBroker.exe""}]}}"
2634,70795,2025-04-24 10:55:02.2489699,4624,LogAlways,Microsoft-Windows-Security-Auditing,Security,668,1456,Server002,26,,Successful logon,WORKGROUP\SERVER002$,- (-),Target: NT AUTHORITY\SYSTEM,LogonType 5,LogonId: 0x3E7,AuthenticationPackageName: Negotiate,"LogonProcessName: Advapi  ",,C:\Windows\System32\services.exe,False,D:\benign_log_combined_latest_used_actually\new_benign\security_32761.evtx,Audit success,0,"{""EventData"":{""Data"":[{""@Name"":""SubjectUserSid"",""#text"":""S-1-5-18""},{""@Name"":""SubjectUserName"",""#text"":""SERVER002$""},{""@Name"":""SubjectDomainName"",""#text"":""WORKGROUP""},{""@Name"":""SubjectLogonId"",""#text"":""0x3E7""},{""@Name"":""TargetUserSid"",""#text"":""S-1-5-18""},{""@Name"":""TargetUserName"",""#text"":""SYSTEM""},{""@Name"":""TargetDomainName"",""#text"":""NT AUTHORITY""},{""@Name"":""TargetLogonId"",""#text"":""0x3E7""},{""@Name"":""LogonType"",""#text"":""5""},{""@Name"":""LogonProcessName"",""#text"":""Advapi  ""},{""@Name"":""AuthenticationPackageName"",""#text"":""Negotiate""},{""@Name"":""WorkstationName"",""#text"":""-""},{""@Name"":""LogonGuid"",""#text"":""00000000-0000-0000-0000-000000000000""},{""@Name"":""TransmittedServices"",""#text"":""-""},{""@Name"":""LmPackageName"",""#text"":""-""},{""@Name"":""KeyLength"",""#text"":""0""},{""@Name"":""ProcessId"",""#text"":""0x294""},{""@Name"":""ProcessName"",""#text"":""C:\\Windows\\System32\\services.exe""},{""@Name"":""IpAddress"",""#text"":""-""},{""@Name"":""IpPort"",""#text"":""-""},{""@Name"":""ImpersonationLevel"",""#text"":""%%1833""},{""@Name"":""RestrictedAdminMode"",""#text"":""-""},{""@Name"":""TargetOutboundUserName"",""#text"":""-""},{""@Name"":""TargetOutboundDomainName"",""#text"":""-""},{""@Name"":""VirtualAccount"",""#text"":""%%1843""},{""@Name"":""TargetLinkedLogonId"",""#text"":""0x0""},{""@Name"":""ElevatedToken"",""#text"":""%%1842""}]}}"
2635,70796,2025-04-24 10:55:02.2489755,4672,LogAlways,Microsoft-Windows-Security-Auditing,Security,668,1456,Server002,26,,Administrative logon,NT AUTHORITY\SYSTEM (S-1-5-18),,"PrivilegeList: SeAssignPrimaryTokenPrivilege, SeTcbPrivilege, SeSecurityPrivilege, SeTakeOwnershipPrivilege, SeLoadDriverPrivilege, SeBackupPrivilege, SeRestorePrivilege, SeDebugPrivilege, SeAuditPrivilege, SeSystemEnvironmentPrivilege, SeImpersonatePrivilege, SeDelegateSessionUserImpersonatePrivilege",LogonId: 0x3E7,,,,,,False,D:\benign_log_combined_latest_used_actually\new_benign\security_32761.evtx,Audit success,0,"{""EventData"":{""Data"":[{""@Name"":""SubjectUserSid"",""#text"":""S-1-5-18""},{""@Name"":""SubjectUserName"",""#text"":""SYSTEM""},{""@Name"":""SubjectDomainName"",""#text"":""NT AUTHORITY""},{""@Name"":""SubjectLogonId"",""#text"":""0x3E7""},{""@Name"":""PrivilegeList"",""#text"":""SeAssignPrimaryTokenPrivilege, SeTcbPrivilege, SeSecurityPrivilege, SeTakeOwnershipPrivilege, SeLoadDriverPrivilege, SeBackupPrivilege, SeRestorePrivilege, SeDebugPrivilege, SeAuditPrivilege, SeSystemEnvironmentPrivilege, SeImpersonatePrivilege, SeDelegateSessionUserImpersonatePrivilege""}]}}"
2636,70797,2025-04-24 10:59:13.5091575,4798,LogAlways,Microsoft-Windows-Security-Auditing,Security,668,5808,Server002,26,,A user's local group membership was enumerated,WORKGROUP\SERVER002$ (S-1-5-18),,Target: SERVER002\Administrator (S-1-5-21-3962163828-2803415714-1403596700-500),SubjectLogonId: 0x3E7,CallerProcessName: C:\Program Files\Malwarebytes\Anti-Malware\MBAMService.exe,CallerProcessId: 0xB98,,,,False,D:\benign_log_combined_latest_used_actually\new_benign\security_32761.evtx,Audit success,0,"{""EventData"":{""Data"":[{""@Name"":""TargetUserName"",""#text"":""Administrator""},{""@Name"":""TargetDomainName"",""#text"":""SERVER002""},{""@Name"":""TargetSid"",""#text"":""S-1-5-21-3962163828-2803415714-1403596700-500""},{""@Name"":""SubjectUserSid"",""#text"":""S-1-5-18""},{""@Name"":""SubjectUserName"",""#text"":""SERVER002$""},{""@Name"":""SubjectDomainName"",""#text"":""WORKGROUP""},{""@Name"":""SubjectLogonId"",""#text"":""0x3E7""},{""@Name"":""CallerProcessId"",""#text"":""0xB98""},{""@Name"":""CallerProcessName"",""#text"":""C:\\Program Files\\Malwarebytes\\Anti-Malware\\MBAMService.exe""}]}}"
2637,70798,2025-04-24 10:59:13.5094241,4798,LogAlways,Microsoft-Windows-Security-Auditing,Security,668,5808,Server002,26,,A user's local group membership was enumerated,WORKGROUP\SERVER002$ (S-1-5-18),,Target: SERVER002\admin_test (S-1-5-21-3962163828-2803415714-1403596700-1006),SubjectLogonId: 0x3E7,CallerProcessName: C:\Program Files\Malwarebytes\Anti-Malware\MBAMService.exe,CallerProcessId: 0xB98,,,,False,D:\benign_log_combined_latest_used_actually\new_benign\security_32761.evtx,Audit success,0,"{""EventData"":{""Data"":[{""@Name"":""TargetUserName"",""#text"":""admin_test""},{""@Name"":""TargetDomainName"",""#text"":""SERVER002""},{""@Name"":""TargetSid"",""#text"":""S-1-5-21-3962163828-2803415714-1403596700-1006""},{""@Name"":""SubjectUserSid"",""#text"":""S-1-5-18""},{""@Name"":""SubjectUserName"",""#text"":""SERVER002$""},{""@Name"":""SubjectDomainName"",""#text"":""WORKGROUP""},{""@Name"":""SubjectLogonId"",""#text"":""0x3E7""},{""@Name"":""CallerProcessId"",""#text"":""0xB98""},{""@Name"":""CallerProcessName"",""#text"":""C:\\Program Files\\Malwarebytes\\Anti-Malware\\MBAMService.exe""}]}}"
2638,70799,2025-04-24 10:59:13.5096638,4798,LogAlways,Microsoft-Windows-Security-Auditing,Security,668,5808,Server002,26,,A user's local group membership was enumerated,WORKGROUP\SERVER002$ (S-1-5-18),,Target: SERVER002\DefaultAccount (S-1-5-21-3962163828-2803415714-1403596700-503),SubjectLogonId: 0x3E7,CallerProcessName: C:\Program Files\Malwarebytes\Anti-Malware\MBAMService.exe,CallerProcessId: 0xB98,,,,False,D:\benign_log_combined_latest_used_actually\new_benign\security_32761.evtx,Audit success,0,"{""EventData"":{""Data"":[{""@Name"":""TargetUserName"",""#text"":""DefaultAccount""},{""@Name"":""TargetDomainName"",""#text"":""SERVER002""},{""@Name"":""TargetSid"",""#text"":""S-1-5-21-3962163828-2803415714-1403596700-503""},{""@Name"":""SubjectUserSid"",""#text"":""S-1-5-18""},{""@Name"":""SubjectUserName"",""#text"":""SERVER002$""},{""@Name"":""SubjectDomainName"",""#text"":""WORKGROUP""},{""@Name"":""SubjectLogonId"",""#text"":""0x3E7""},{""@Name"":""CallerProcessId"",""#text"":""0xB98""},{""@Name"":""CallerProcessName"",""#text"":""C:\\Program Files\\Malwarebytes\\Anti-Malware\\MBAMService.exe""}]}}"
2639,70800,2025-04-24 10:59:13.5098764,4798,LogAlways,Microsoft-Windows-Security-Auditing,Security,668,5808,Server002,26,,A user's local group membership was enumerated,WORKGROUP\SERVER002$ (S-1-5-18),,Target: SERVER002\Guest (S-1-5-21-3962163828-2803415714-1403596700-501),SubjectLogonId: 0x3E7,CallerProcessName: C:\Program Files\Malwarebytes\Anti-Malware\MBAMService.exe,CallerProcessId: 0xB98,,,,False,D:\benign_log_combined_latest_used_actually\new_benign\security_32761.evtx,Audit success,0,"{""EventData"":{""Data"":[{""@Name"":""TargetUserName"",""#text"":""Guest""},{""@Name"":""TargetDomainName"",""#text"":""SERVER002""},{""@Name"":""TargetSid"",""#text"":""S-1-5-21-3962163828-2803415714-1403596700-501""},{""@Name"":""SubjectUserSid"",""#text"":""S-1-5-18""},{""@Name"":""SubjectUserName"",""#text"":""SERVER002$""},{""@Name"":""SubjectDomainName"",""#text"":""WORKGROUP""},{""@Name"":""SubjectLogonId"",""#text"":""0x3E7""},{""@Name"":""CallerProcessId"",""#text"":""0xB98""},{""@Name"":""CallerProcessName"",""#text"":""C:\\Program Files\\Malwarebytes\\Anti-Malware\\MBAMService.exe""}]}}"
2640,70801,2025-04-24 10:59:13.5100987,4798,LogAlways,Microsoft-Windows-Security-Auditing,Security,668,5808,Server002,26,,A user's local group membership was enumerated,WORKGROUP\SERVER002$ (S-1-5-18),,Target: SERVER002\lplui (S-1-5-21-3962163828-2803415714-1403596700-1001),SubjectLogonId: 0x3E7,CallerProcessName: C:\Program Files\Malwarebytes\Anti-Malware\MBAMService.exe,CallerProcessId: 0xB98,,,,False,D:\benign_log_combined_latest_used_actually\new_benign\security_32761.evtx,Audit success,0,"{""EventData"":{""Data"":[{""@Name"":""TargetUserName"",""#text"":""lplui""},{""@Name"":""TargetDomainName"",""#text"":""SERVER002""},{""@Name"":""TargetSid"",""#text"":""S-1-5-21-3962163828-2803415714-1403596700-1001""},{""@Name"":""SubjectUserSid"",""#text"":""S-1-5-18""},{""@Name"":""SubjectUserName"",""#text"":""SERVER002$""},{""@Name"":""SubjectDomainName"",""#text"":""WORKGROUP""},{""@Name"":""SubjectLogonId"",""#text"":""0x3E7""},{""@Name"":""CallerProcessId"",""#text"":""0xB98""},{""@Name"":""CallerProcessName"",""#text"":""C:\\Program Files\\Malwarebytes\\Anti-Malware\\MBAMService.exe""}]}}"
2641,70802,2025-04-24 10:59:13.5103021,4798,LogAlways,Microsoft-Windows-Security-Auditing,Security,668,5808,Server002,26,,A user's local group membership was enumerated,WORKGROUP\SERVER002$ (S-1-5-18),,Target: SERVER002\sshd (S-1-5-21-3962163828-2803415714-1403596700-1002),SubjectLogonId: 0x3E7,CallerProcessName: C:\Program Files\Malwarebytes\Anti-Malware\MBAMService.exe,CallerProcessId: 0xB98,,,,False,D:\benign_log_combined_latest_used_actually\new_benign\security_32761.evtx,Audit success,0,"{""EventData"":{""Data"":[{""@Name"":""TargetUserName"",""#text"":""sshd""},{""@Name"":""TargetDomainName"",""#text"":""SERVER002""},{""@Name"":""TargetSid"",""#text"":""S-1-5-21-3962163828-2803415714-1403596700-1002""},{""@Name"":""SubjectUserSid"",""#text"":""S-1-5-18""},{""@Name"":""SubjectUserName"",""#text"":""SERVER002$""},{""@Name"":""SubjectDomainName"",""#text"":""WORKGROUP""},{""@Name"":""SubjectLogonId"",""#text"":""0x3E7""},{""@Name"":""CallerProcessId"",""#text"":""0xB98""},{""@Name"":""CallerProcessName"",""#text"":""C:\\Program Files\\Malwarebytes\\Anti-Malware\\MBAMService.exe""}]}}"
2642,70803,2025-04-24 10:59:13.5106639,4798,LogAlways,Microsoft-Windows-Security-Auditing,Security,668,5808,Server002,26,,A user's local group membership was enumerated,WORKGROUP\SERVER002$ (S-1-5-18),,Target: SERVER002\testing (S-1-5-21-3962163828-2803415714-1403596700-1005),SubjectLogonId: 0x3E7,CallerProcessName: C:\Program Files\Malwarebytes\Anti-Malware\MBAMService.exe,CallerProcessId: 0xB98,,,,False,D:\benign_log_combined_latest_used_actually\new_benign\security_32761.evtx,Audit success,0,"{""EventData"":{""Data"":[{""@Name"":""TargetUserName"",""#text"":""testing""},{""@Name"":""TargetDomainName"",""#text"":""SERVER002""},{""@Name"":""TargetSid"",""#text"":""S-1-5-21-3962163828-2803415714-1403596700-1005""},{""@Name"":""SubjectUserSid"",""#text"":""S-1-5-18""},{""@Name"":""SubjectUserName"",""#text"":""SERVER002$""},{""@Name"":""SubjectDomainName"",""#text"":""WORKGROUP""},{""@Name"":""SubjectLogonId"",""#text"":""0x3E7""},{""@Name"":""CallerProcessId"",""#text"":""0xB98""},{""@Name"":""CallerProcessName"",""#text"":""C:\\Program Files\\Malwarebytes\\Anti-Malware\\MBAMService.exe""}]}}"
2643,70804,2025-04-24 10:59:13.5108906,4798,LogAlways,Microsoft-Windows-Security-Auditing,Security,668,5808,Server002,26,,A user's local group membership was enumerated,WORKGROUP\SERVER002$ (S-1-5-18),,Target: SERVER002\WDAGUtilityAccount (S-1-5-21-3962163828-2803415714-1403596700-504),SubjectLogonId: 0x3E7,CallerProcessName: C:\Program Files\Malwarebytes\Anti-Malware\MBAMService.exe,CallerProcessId: 0xB98,,,,False,D:\benign_log_combined_latest_used_actually\new_benign\security_32761.evtx,Audit success,0,"{""EventData"":{""Data"":[{""@Name"":""TargetUserName"",""#text"":""WDAGUtilityAccount""},{""@Name"":""TargetDomainName"",""#text"":""SERVER002""},{""@Name"":""TargetSid"",""#text"":""S-1-5-21-3962163828-2803415714-1403596700-504""},{""@Name"":""SubjectUserSid"",""#text"":""S-1-5-18""},{""@Name"":""SubjectUserName"",""#text"":""SERVER002$""},{""@Name"":""SubjectDomainName"",""#text"":""WORKGROUP""},{""@Name"":""SubjectLogonId"",""#text"":""0x3E7""},{""@Name"":""CallerProcessId"",""#text"":""0xB98""},{""@Name"":""CallerProcessName"",""#text"":""C:\\Program Files\\Malwarebytes\\Anti-Malware\\MBAMService.exe""}]}}"
