15343,83504,2025-04-30 19:07:38.7382888,5382,LogAlways,Microsoft-Windows-Security-Auditing,Security,676,6344,Server002,148,,,,,,,,,,,,False,D:\benign_log_combined_latest_used_actually\new_benign\security_32761.evtx,Audit success,0,"{""EventData"":{""Data"":[{""@Name"":""SubjectUserSid"",""#text"":""S-1-5-21-3962163828-2803415714-1403596700-1001""},{""@Name"":""SubjectUserName"",""#text"":""lplui""},{""@Name"":""SubjectDomainName"",""#text"":""SERVER002""},{""@Name"":""SubjectLogonId"",""#text"":""0x3D79D""},{""@Name"":""SchemaFriendlyName"",""#text"":""Windows Web Password Credential""},{""@Name"":""Schema"",""#text"":""3ccd5499-87a8-4b10-a215-608888dd3b55""},{""@Name"":""Resource"",""#text"":""SnapshotEncryptionKey""},{""@Name"":""Identity"",""#text"":""MicrosoftStore-Installs""},{""@Name"":""PackageSid""},{""@Name"":""Flags"",""#text"":""0""},{""@Name"":""ReturnCode"",""#text"":""0""},{""@Name"":""ProcessCreationTime"",""#text"":""2025-04-30 19:05:32.8644336""},{""@Name"":""ClientProcessId"",""#text"":""12016""}]}}"
15344,83505,2025-04-30 19:07:38.7414994,5382,LogAlways,Microsoft-Windows-Security-Auditing,Security,676,6344,Server002,148,,,,,,,,,,,,False,D:\benign_log_combined_latest_used_actually\new_benign\security_32761.evtx,Audit success,0,"{""EventData"":{""Data"":[{""@Name"":""SubjectUserSid"",""#text"":""S-1-5-21-3962163828-2803415714-1403596700-1001""},{""@Name"":""SubjectUserName"",""#text"":""lplui""},{""@Name"":""SubjectDomainName"",""#text"":""SERVER002""},{""@Name"":""SubjectLogonId"",""#text"":""0x3D79D""},{""@Name"":""SchemaFriendlyName"",""#text"":""Windows Web Password Credential""},{""@Name"":""Schema"",""#text"":""3ccd5499-87a8-4b10-a215-608888dd3b55""},{""@Name"":""Resource"",""#text"":""SnapshotEncryptionIV""},{""@Name"":""Identity"",""#text"":""MicrosoftStore-Installs""},{""@Name"":""PackageSid""},{""@Name"":""Flags"",""#text"":""0""},{""@Name"":""ReturnCode"",""#text"":""0""},{""@Name"":""ProcessCreationTime"",""#text"":""2025-04-30 19:05:32.8644336""},{""@Name"":""ClientProcessId"",""#text"":""12016""}]}}"
15345,83506,2025-04-30 19:08:05.3863890,4799,LogAlways,Microsoft-Windows-Security-Auditing,Security,676,2660,Server002,148,,A security-enabled local group membership was enumerated,SERVER002\lplui (S-1-5-21-3962163828-2803415714-1403596700-1001),,Target: Builtin\Administrators (S-1-5-32-544),SubjectLogonId: 0x3D79D,CallerProcessName: C:\Windows\System32\RuntimeBroker.exe,CallerProcessId: 0x2308,,,,False,D:\benign_log_combined_latest_used_actually\new_benign\security_32761.evtx,Audit success,0,"{""EventData"":{""Data"":[{""@Name"":""TargetUserName"",""#text"":""Administrators""},{""@Name"":""TargetDomainName"",""#text"":""Builtin""},{""@Name"":""TargetSid"",""#text"":""S-1-5-32-544""},{""@Name"":""SubjectUserSid"",""#text"":""S-1-5-21-3962163828-2803415714-1403596700-1001""},{""@Name"":""SubjectUserName"",""#text"":""lplui""},{""@Name"":""SubjectDomainName"",""#text"":""SERVER002""},{""@Name"":""SubjectLogonId"",""#text"":""0x3D79D""},{""@Name"":""CallerProcessId"",""#text"":""0x2308""},{""@Name"":""CallerProcessName"",""#text"":""C:\\Windows\\System32\\RuntimeBroker.exe""}]}}"
15346,83507,2025-04-30 19:08:05.3908075,4799,LogAlways,Microsoft-Windows-Security-Auditing,Security,676,2660,Server002,148,,A security-enabled local group membership was enumerated,SERVER002\lplui (S-1-5-21-3962163828-2803415714-1403596700-1001),,Target: Builtin\Administrators (S-1-5-32-544),SubjectLogonId: 0x3D79D,CallerProcessName: C:\Windows\System32\RuntimeBroker.exe,CallerProcessId: 0x2308,,,,False,D:\benign_log_combined_latest_used_actually\new_benign\security_32761.evtx,Audit success,0,"{""EventData"":{""Data"":[{""@Name"":""TargetUserName"",""#text"":""Administrators""},{""@Name"":""TargetDomainName"",""#text"":""Builtin""},{""@Name"":""TargetSid"",""#text"":""S-1-5-32-544""},{""@Name"":""SubjectUserSid"",""#text"":""S-1-5-21-3962163828-2803415714-1403596700-1001""},{""@Name"":""SubjectUserName"",""#text"":""lplui""},{""@Name"":""SubjectDomainName"",""#text"":""SERVER002""},{""@Name"":""SubjectLogonId"",""#text"":""0x3D79D""},{""@Name"":""CallerProcessId"",""#text"":""0x2308""},{""@Name"":""CallerProcessName"",""#text"":""C:\\Windows\\System32\\RuntimeBroker.exe""}]}}"
15347,83508,2025-04-30 19:08:05.3931386,4799,LogAlways,Microsoft-Windows-Security-Auditing,Security,676,2660,Server002,148,,A security-enabled local group membership was enumerated,SERVER002\lplui (S-1-5-21-3962163828-2803415714-1403596700-1001),,Target: Builtin\Administrators (S-1-5-32-544),SubjectLogonId: 0x3D79D,CallerProcessName: C:\Windows\System32\RuntimeBroker.exe,CallerProcessId: 0x2308,,,,False,D:\benign_log_combined_latest_used_actually\new_benign\security_32761.evtx,Audit success,0,"{""EventData"":{""Data"":[{""@Name"":""TargetUserName"",""#text"":""Administrators""},{""@Name"":""TargetDomainName"",""#text"":""Builtin""},{""@Name"":""TargetSid"",""#text"":""S-1-5-32-544""},{""@Name"":""SubjectUserSid"",""#text"":""S-1-5-21-3962163828-2803415714-1403596700-1001""},{""@Name"":""SubjectUserName"",""#text"":""lplui""},{""@Name"":""SubjectDomainName"",""#text"":""SERVER002""},{""@Name"":""SubjectLogonId"",""#text"":""0x3D79D""},{""@Name"":""CallerProcessId"",""#text"":""0x2308""},{""@Name"":""CallerProcessName"",""#text"":""C:\\Windows\\System32\\RuntimeBroker.exe""}]}}"
15348,83509,2025-04-30 19:08:05.3977841,4799,LogAlways,Microsoft-Windows-Security-Auditing,Security,676,2660,Server002,148,,A security-enabled local group membership was enumerated,SERVER002\lplui (S-1-5-21-3962163828-2803415714-1403596700-1001),,Target: Builtin\Administrators (S-1-5-32-544),SubjectLogonId: 0x3D79D,CallerProcessName: C:\Windows\System32\RuntimeBroker.exe,CallerProcessId: 0x2308,,,,False,D:\benign_log_combined_latest_used_actually\new_benign\security_32761.evtx,Audit success,0,"{""EventData"":{""Data"":[{""@Name"":""TargetUserName"",""#text"":""Administrators""},{""@Name"":""TargetDomainName"",""#text"":""Builtin""},{""@Name"":""TargetSid"",""#text"":""S-1-5-32-544""},{""@Name"":""SubjectUserSid"",""#text"":""S-1-5-21-3962163828-2803415714-1403596700-1001""},{""@Name"":""SubjectUserName"",""#text"":""lplui""},{""@Name"":""SubjectDomainName"",""#text"":""SERVER002""},{""@Name"":""SubjectLogonId"",""#text"":""0x3D79D""},{""@Name"":""CallerProcessId"",""#text"":""0x2308""},{""@Name"":""CallerProcessName"",""#text"":""C:\\Windows\\System32\\RuntimeBroker.exe""}]}}"
15349,83510,2025-04-30 19:10:29.3143137,4798,LogAlways,Microsoft-Windows-Security-Auditing,Security,676,3332,Server002,148,,A user's local group membership was enumerated,WORKGROUP\SERVER002$ (S-1-5-18),,Target: SERVER002\Administrator (S-1-5-21-3962163828-2803415714-1403596700-500),SubjectLogonId: 0x3E7,CallerProcessName: C:\Program Files\Malwarebytes\Anti-Malware\MBAMService.exe,CallerProcessId: 0xC34,,,,False,D:\benign_log_combined_latest_used_actually\new_benign\security_32761.evtx,Audit success,0,"{""EventData"":{""Data"":[{""@Name"":""TargetUserName"",""#text"":""Administrator""},{""@Name"":""TargetDomainName"",""#text"":""SERVER002""},{""@Name"":""TargetSid"",""#text"":""S-1-5-21-3962163828-2803415714-1403596700-500""},{""@Name"":""SubjectUserSid"",""#text"":""S-1-5-18""},{""@Name"":""SubjectUserName"",""#text"":""SERVER002$""},{""@Name"":""SubjectDomainName"",""#text"":""WORKGROUP""},{""@Name"":""SubjectLogonId"",""#text"":""0x3E7""},{""@Name"":""CallerProcessId"",""#text"":""0xC34""},{""@Name"":""CallerProcessName"",""#text"":""C:\\Program Files\\Malwarebytes\\Anti-Malware\\MBAMService.exe""}]}}"
15350,83511,2025-04-30 19:10:29.3159861,4798,LogAlways,Microsoft-Windows-Security-Auditing,Security,676,3332,Server002,148,,A user's local group membership was enumerated,WORKGROUP\SERVER002$ (S-1-5-18),,Target: SERVER002\admin_test (S-1-5-21-3962163828-2803415714-1403596700-1006),SubjectLogonId: 0x3E7,CallerProcessName: C:\Program Files\Malwarebytes\Anti-Malware\MBAMService.exe,CallerProcessId: 0xC34,,,,False,D:\benign_log_combined_latest_used_actually\new_benign\security_32761.evtx,Audit success,0,"{""EventData"":{""Data"":[{""@Name"":""TargetUserName"",""#text"":""admin_test""},{""@Name"":""TargetDomainName"",""#text"":""SERVER002""},{""@Name"":""TargetSid"",""#text"":""S-1-5-21-3962163828-2803415714-1403596700-1006""},{""@Name"":""SubjectUserSid"",""#text"":""S-1-5-18""},{""@Name"":""SubjectUserName"",""#text"":""SERVER002$""},{""@Name"":""SubjectDomainName"",""#text"":""WORKGROUP""},{""@Name"":""SubjectLogonId"",""#text"":""0x3E7""},{""@Name"":""CallerProcessId"",""#text"":""0xC34""},{""@Name"":""CallerProcessName"",""#text"":""C:\\Program Files\\Malwarebytes\\Anti-Malware\\MBAMService.exe""}]}}"
15351,83512,2025-04-30 19:10:29.3164722,4798,LogAlways,Microsoft-Windows-Security-Auditing,Security,676,3332,Server002,148,,A user's local group membership was enumerated,WORKGROUP\SERVER002$ (S-1-5-18),,Target: SERVER002\DefaultAccount (S-1-5-21-3962163828-2803415714-1403596700-503),SubjectLogonId: 0x3E7,CallerProcessName: C:\Program Files\Malwarebytes\Anti-Malware\MBAMService.exe,CallerProcessId: 0xC34,,,,False,D:\benign_log_combined_latest_used_actually\new_benign\security_32761.evtx,Audit success,0,"{""EventData"":{""Data"":[{""@Name"":""TargetUserName"",""#text"":""DefaultAccount""},{""@Name"":""TargetDomainName"",""#text"":""SERVER002""},{""@Name"":""TargetSid"",""#text"":""S-1-5-21-3962163828-2803415714-1403596700-503""},{""@Name"":""SubjectUserSid"",""#text"":""S-1-5-18""},{""@Name"":""SubjectUserName"",""#text"":""SERVER002$""},{""@Name"":""SubjectDomainName"",""#text"":""WORKGROUP""},{""@Name"":""SubjectLogonId"",""#text"":""0x3E7""},{""@Name"":""CallerProcessId"",""#text"":""0xC34""},{""@Name"":""CallerProcessName"",""#text"":""C:\\Program Files\\Malwarebytes\\Anti-Malware\\MBAMService.exe""}]}}"
15352,83513,2025-04-30 19:10:29.3180401,4798,LogAlways,Microsoft-Windows-Security-Auditing,Security,676,3332,Server002,148,,A user's local group membership was enumerated,WORKGROUP\SERVER002$ (S-1-5-18),,Target: SERVER002\Guest (S-1-5-21-3962163828-2803415714-1403596700-501),SubjectLogonId: 0x3E7,CallerProcessName: C:\Program Files\Malwarebytes\Anti-Malware\MBAMService.exe,CallerProcessId: 0xC34,,,,False,D:\benign_log_combined_latest_used_actually\new_benign\security_32761.evtx,Audit success,0,"{""EventData"":{""Data"":[{""@Name"":""TargetUserName"",""#text"":""Guest""},{""@Name"":""TargetDomainName"",""#text"":""SERVER002""},{""@Name"":""TargetSid"",""#text"":""S-1-5-21-3962163828-2803415714-1403596700-501""},{""@Name"":""SubjectUserSid"",""#text"":""S-1-5-18""},{""@Name"":""SubjectUserName"",""#text"":""SERVER002$""},{""@Name"":""SubjectDomainName"",""#text"":""WORKGROUP""},{""@Name"":""SubjectLogonId"",""#text"":""0x3E7""},{""@Name"":""CallerProcessId"",""#text"":""0xC34""},{""@Name"":""CallerProcessName"",""#text"":""C:\\Program Files\\Malwarebytes\\Anti-Malware\\MBAMService.exe""}]}}"
15353,83514,2025-04-30 19:10:29.3185623,4798,LogAlways,Microsoft-Windows-Security-Auditing,Security,676,3332,Server002,148,,A user's local group membership was enumerated,WORKGROUP\SERVER002$ (S-1-5-18),,Target: SERVER002\lplui (S-1-5-21-3962163828-2803415714-1403596700-1001),SubjectLogonId: 0x3E7,CallerProcessName: C:\Program Files\Malwarebytes\Anti-Malware\MBAMService.exe,CallerProcessId: 0xC34,,,,False,D:\benign_log_combined_latest_used_actually\new_benign\security_32761.evtx,Audit success,0,"{""EventData"":{""Data"":[{""@Name"":""TargetUserName"",""#text"":""lplui""},{""@Name"":""TargetDomainName"",""#text"":""SERVER002""},{""@Name"":""TargetSid"",""#text"":""S-1-5-21-3962163828-2803415714-1403596700-1001""},{""@Name"":""SubjectUserSid"",""#text"":""S-1-5-18""},{""@Name"":""SubjectUserName"",""#text"":""SERVER002$""},{""@Name"":""SubjectDomainName"",""#text"":""WORKGROUP""},{""@Name"":""SubjectLogonId"",""#text"":""0x3E7""},{""@Name"":""CallerProcessId"",""#text"":""0xC34""},{""@Name"":""CallerProcessName"",""#text"":""C:\\Program Files\\Malwarebytes\\Anti-Malware\\MBAMService.exe""}]}}"
15354,83515,2025-04-30 19:10:29.3191346,4798,LogAlways,Microsoft-Windows-Security-Auditing,Security,676,3332,Server002,148,,A user's local group membership was enumerated,WORKGROUP\SERVER002$ (S-1-5-18),,Target: SERVER002\sshd (S-1-5-21-3962163828-2803415714-1403596700-1002),SubjectLogonId: 0x3E7,CallerProcessName: C:\Program Files\Malwarebytes\Anti-Malware\MBAMService.exe,CallerProcessId: 0xC34,,,,False,D:\benign_log_combined_latest_used_actually\new_benign\security_32761.evtx,Audit success,0,"{""EventData"":{""Data"":[{""@Name"":""TargetUserName"",""#text"":""sshd""},{""@Name"":""TargetDomainName"",""#text"":""SERVER002""},{""@Name"":""TargetSid"",""#text"":""S-1-5-21-3962163828-2803415714-1403596700-1002""},{""@Name"":""SubjectUserSid"",""#text"":""S-1-5-18""},{""@Name"":""SubjectUserName"",""#text"":""SERVER002$""},{""@Name"":""SubjectDomainName"",""#text"":""WORKGROUP""},{""@Name"":""SubjectLogonId"",""#text"":""0x3E7""},{""@Name"":""CallerProcessId"",""#text"":""0xC34""},{""@Name"":""CallerProcessName"",""#text"":""C:\\Program Files\\Malwarebytes\\Anti-Malware\\MBAMService.exe""}]}}"
15355,83516,2025-04-30 19:10:29.3199027,4798,LogAlways,Microsoft-Windows-Security-Auditing,Security,676,3332,Server002,148,,A user's local group membership was enumerated,WORKGROUP\SERVER002$ (S-1-5-18),,Target: SERVER002\testing (S-1-5-21-3962163828-2803415714-1403596700-1005),SubjectLogonId: 0x3E7,CallerProcessName: C:\Program Files\Malwarebytes\Anti-Malware\MBAMService.exe,CallerProcessId: 0xC34,,,,False,D:\benign_log_combined_latest_used_actually\new_benign\security_32761.evtx,Audit success,0,"{""EventData"":{""Data"":[{""@Name"":""TargetUserName"",""#text"":""testing""},{""@Name"":""TargetDomainName"",""#text"":""SERVER002""},{""@Name"":""TargetSid"",""#text"":""S-1-5-21-3962163828-2803415714-1403596700-1005""},{""@Name"":""SubjectUserSid"",""#text"":""S-1-5-18""},{""@Name"":""SubjectUserName"",""#text"":""SERVER002$""},{""@Name"":""SubjectDomainName"",""#text"":""WORKGROUP""},{""@Name"":""SubjectLogonId"",""#text"":""0x3E7""},{""@Name"":""CallerProcessId"",""#text"":""0xC34""},{""@Name"":""CallerProcessName"",""#text"":""C:\\Program Files\\Malwarebytes\\Anti-Malware\\MBAMService.exe""}]}}"
15356,83517,2025-04-30 19:10:29.3208129,4798,LogAlways,Microsoft-Windows-Security-Auditing,Security,676,3332,Server002,148,,A user's local group membership was enumerated,WORKGROUP\SERVER002$ (S-1-5-18),,Target: SERVER002\WDAGUtilityAccount (S-1-5-21-3962163828-2803415714-1403596700-504),SubjectLogonId: 0x3E7,CallerProcessName: C:\Program Files\Malwarebytes\Anti-Malware\MBAMService.exe,CallerProcessId: 0xC34,,,,False,D:\benign_log_combined_latest_used_actually\new_benign\security_32761.evtx,Audit success,0,"{""EventData"":{""Data"":[{""@Name"":""TargetUserName"",""#text"":""WDAGUtilityAccount""},{""@Name"":""TargetDomainName"",""#text"":""SERVER002""},{""@Name"":""TargetSid"",""#text"":""S-1-5-21-3962163828-2803415714-1403596700-504""},{""@Name"":""SubjectUserSid"",""#text"":""S-1-5-18""},{""@Name"":""SubjectUserName"",""#text"":""SERVER002$""},{""@Name"":""SubjectDomainName"",""#text"":""WORKGROUP""},{""@Name"":""SubjectLogonId"",""#text"":""0x3E7""},{""@Name"":""CallerProcessId"",""#text"":""0xC34""},{""@Name"":""CallerProcessName"",""#text"":""C:\\Program Files\\Malwarebytes\\Anti-Malware\\MBAMService.exe""}]}}"
15357,83518,2025-04-30 19:10:29.3251569,4798,LogAlways,Microsoft-Windows-Security-Auditing,Security,676,3332,Server002,148,,A user's local group membership was enumerated,WORKGROUP\SERVER002$ (S-1-5-18),,Target: SERVER002\admin_test (S-1-5-21-3962163828-2803415714-1403596700-1006),SubjectLogonId: 0x3E7,CallerProcessName: C:\Program Files\Malwarebytes\Anti-Malware\MBAMService.exe,CallerProcessId: 0xC34,,,,False,D:\benign_log_combined_latest_used_actually\new_benign\security_32761.evtx,Audit success,0,"{""EventData"":{""Data"":[{""@Name"":""TargetUserName"",""#text"":""admin_test""},{""@Name"":""TargetDomainName"",""#text"":""SERVER002""},{""@Name"":""TargetSid"",""#text"":""S-1-5-21-3962163828-2803415714-1403596700-1006""},{""@Name"":""SubjectUserSid"",""#text"":""S-1-5-18""},{""@Name"":""SubjectUserName"",""#text"":""SERVER002$""},{""@Name"":""SubjectDomainName"",""#text"":""WORKGROUP""},{""@Name"":""SubjectLogonId"",""#text"":""0x3E7""},{""@Name"":""CallerProcessId"",""#text"":""0xC34""},{""@Name"":""CallerProcessName"",""#text"":""C:\\Program Files\\Malwarebytes\\Anti-Malware\\MBAMService.exe""}]}}"
15358,83519,2025-04-30 19:10:29.3281058,4798,LogAlways,Microsoft-Windows-Security-Auditing,Security,676,3332,Server002,148,,A user's local group membership was enumerated,WORKGROUP\SERVER002$ (S-1-5-18),,Target: SERVER002\DefaultAccount (S-1-5-21-3962163828-2803415714-1403596700-503),SubjectLogonId: 0x3E7,CallerProcessName: C:\Program Files\Malwarebytes\Anti-Malware\MBAMService.exe,CallerProcessId: 0xC34,,,,False,D:\benign_log_combined_latest_used_actually\new_benign\security_32761.evtx,Audit success,0,"{""EventData"":{""Data"":[{""@Name"":""TargetUserName"",""#text"":""DefaultAccount""},{""@Name"":""TargetDomainName"",""#text"":""SERVER002""},{""@Name"":""TargetSid"",""#text"":""S-1-5-21-3962163828-2803415714-1403596700-503""},{""@Name"":""SubjectUserSid"",""#text"":""S-1-5-18""},{""@Name"":""SubjectUserName"",""#text"":""SERVER002$""},{""@Name"":""SubjectDomainName"",""#text"":""WORKGROUP""},{""@Name"":""SubjectLogonId"",""#text"":""0x3E7""},{""@Name"":""CallerProcessId"",""#text"":""0xC34""},{""@Name"":""CallerProcessName"",""#text"":""C:\\Program Files\\Malwarebytes\\Anti-Malware\\MBAMService.exe""}]}}"
15359,83520,2025-04-30 19:10:29.3306020,4798,LogAlways,Microsoft-Windows-Security-Auditing,Security,676,3332,Server002,148,,A user's local group membership was enumerated,WORKGROUP\SERVER002$ (S-1-5-18),,Target: SERVER002\lplui (S-1-5-21-3962163828-2803415714-1403596700-1001),SubjectLogonId: 0x3E7,CallerProcessName: C:\Program Files\Malwarebytes\Anti-Malware\MBAMService.exe,CallerProcessId: 0xC34,,,,False,D:\benign_log_combined_latest_used_actually\new_benign\security_32761.evtx,Audit success,0,"{""EventData"":{""Data"":[{""@Name"":""TargetUserName"",""#text"":""lplui""},{""@Name"":""TargetDomainName"",""#text"":""SERVER002""},{""@Name"":""TargetSid"",""#text"":""S-1-5-21-3962163828-2803415714-1403596700-1001""},{""@Name"":""SubjectUserSid"",""#text"":""S-1-5-18""},{""@Name"":""SubjectUserName"",""#text"":""SERVER002$""},{""@Name"":""SubjectDomainName"",""#text"":""WORKGROUP""},{""@Name"":""SubjectLogonId"",""#text"":""0x3E7""},{""@Name"":""CallerProcessId"",""#text"":""0xC34""},{""@Name"":""CallerProcessName"",""#text"":""C:\\Program Files\\Malwarebytes\\Anti-Malware\\MBAMService.exe""}]}}"
15360,83521,2025-04-30 19:10:29.3319114,4798,LogAlways,Microsoft-Windows-Security-Auditing,Security,676,3332,Server002,148,,A user's local group membership was enumerated,WORKGROUP\SERVER002$ (S-1-5-18),,Target: SERVER002\sshd (S-1-5-21-3962163828-2803415714-1403596700-1002),SubjectLogonId: 0x3E7,CallerProcessName: C:\Program Files\Malwarebytes\Anti-Malware\MBAMService.exe,CallerProcessId: 0xC34,,,,False,D:\benign_log_combined_latest_used_actually\new_benign\security_32761.evtx,Audit success,0,"{""EventData"":{""Data"":[{""@Name"":""TargetUserName"",""#text"":""sshd""},{""@Name"":""TargetDomainName"",""#text"":""SERVER002""},{""@Name"":""TargetSid"",""#text"":""S-1-5-21-3962163828-2803415714-1403596700-1002""},{""@Name"":""SubjectUserSid"",""#text"":""S-1-5-18""},{""@Name"":""SubjectUserName"",""#text"":""SERVER002$""},{""@Name"":""SubjectDomainName"",""#text"":""WORKGROUP""},{""@Name"":""SubjectLogonId"",""#text"":""0x3E7""},{""@Name"":""CallerProcessId"",""#text"":""0xC34""},{""@Name"":""CallerProcessName"",""#text"":""C:\\Program Files\\Malwarebytes\\Anti-Malware\\MBAMService.exe""}]}}"
15361,83522,2025-04-30 19:10:29.3330601,4798,LogAlways,Microsoft-Windows-Security-Auditing,Security,676,3332,Server002,148,,A user's local group membership was enumerated,WORKGROUP\SERVER002$ (S-1-5-18),,Target: SERVER002\testing (S-1-5-21-3962163828-2803415714-1403596700-1005),SubjectLogonId: 0x3E7,CallerProcessName: C:\Program Files\Malwarebytes\Anti-Malware\MBAMService.exe,CallerProcessId: 0xC34,,,,False,D:\benign_log_combined_latest_used_actually\new_benign\security_32761.evtx,Audit success,0,"{""EventData"":{""Data"":[{""@Name"":""TargetUserName"",""#text"":""testing""},{""@Name"":""TargetDomainName"",""#text"":""SERVER002""},{""@Name"":""TargetSid"",""#text"":""S-1-5-21-3962163828-2803415714-1403596700-1005""},{""@Name"":""SubjectUserSid"",""#text"":""S-1-5-18""},{""@Name"":""SubjectUserName"",""#text"":""SERVER002$""},{""@Name"":""SubjectDomainName"",""#text"":""WORKGROUP""},{""@Name"":""SubjectLogonId"",""#text"":""0x3E7""},{""@Name"":""CallerProcessId"",""#text"":""0xC34""},{""@Name"":""CallerProcessName"",""#text"":""C:\\Program Files\\Malwarebytes\\Anti-Malware\\MBAMService.exe""}]}}"
15362,83523,2025-04-30 19:10:29.3354473,4798,LogAlways,Microsoft-Windows-Security-Auditing,Security,676,3332,Server002,148,,A user's local group membership was enumerated,WORKGROUP\SERVER002$ (S-1-5-18),,Target: SERVER002\WDAGUtilityAccount (S-1-5-21-3962163828-2803415714-1403596700-504),SubjectLogonId: 0x3E7,CallerProcessName: C:\Program Files\Malwarebytes\Anti-Malware\MBAMService.exe,CallerProcessId: 0xC34,,,,False,D:\benign_log_combined_latest_used_actually\new_benign\security_32761.evtx,Audit success,0,"{""EventData"":{""Data"":[{""@Name"":""TargetUserName"",""#text"":""WDAGUtilityAccount""},{""@Name"":""TargetDomainName"",""#text"":""SERVER002""},{""@Name"":""TargetSid"",""#text"":""S-1-5-21-3962163828-2803415714-1403596700-504""},{""@Name"":""SubjectUserSid"",""#text"":""S-1-5-18""},{""@Name"":""SubjectUserName"",""#text"":""SERVER002$""},{""@Name"":""SubjectDomainName"",""#text"":""WORKGROUP""},{""@Name"":""SubjectLogonId"",""#text"":""0x3E7""},{""@Name"":""CallerProcessId"",""#text"":""0xC34""},{""@Name"":""CallerProcessName"",""#text"":""C:\\Program Files\\Malwarebytes\\Anti-Malware\\MBAMService.exe""}]}}"
15363,83524,2025-04-30 19:15:13.0959395,4798,LogAlways,Microsoft-Windows-Security-Auditing,Security,676,720,Server002,148,,A user's local group membership was enumerated,WORKGROUP\SERVER002$ (S-1-5-18),,Target: SERVER002\Administrator (S-1-5-21-3962163828-2803415714-1403596700-500),SubjectLogonId: 0x3E7,CallerProcessName: C:\Program Files\Malwarebytes\Anti-Malware\MBAMService.exe,CallerProcessId: 0xC34,,,,False,D:\benign_log_combined_latest_used_actually\new_benign\security_32761.evtx,Audit success,0,"{""EventData"":{""Data"":[{""@Name"":""TargetUserName"",""#text"":""Administrator""},{""@Name"":""TargetDomainName"",""#text"":""SERVER002""},{""@Name"":""TargetSid"",""#text"":""S-1-5-21-3962163828-2803415714-1403596700-500""},{""@Name"":""SubjectUserSid"",""#text"":""S-1-5-18""},{""@Name"":""SubjectUserName"",""#text"":""SERVER002$""},{""@Name"":""SubjectDomainName"",""#text"":""WORKGROUP""},{""@Name"":""SubjectLogonId"",""#text"":""0x3E7""},{""@Name"":""CallerProcessId"",""#text"":""0xC34""},{""@Name"":""CallerProcessName"",""#text"":""C:\\Program Files\\Malwarebytes\\Anti-Malware\\MBAMService.exe""}]}}"
15364,83525,2025-04-30 19:15:13.0964141,4798,LogAlways,Microsoft-Windows-Security-Auditing,Security,676,720,Server002,148,,A user's local group membership was enumerated,WORKGROUP\SERVER002$ (S-1-5-18),,Target: SERVER002\admin_test (S-1-5-21-3962163828-2803415714-1403596700-1006),SubjectLogonId: 0x3E7,CallerProcessName: C:\Program Files\Malwarebytes\Anti-Malware\MBAMService.exe,CallerProcessId: 0xC34,,,,False,D:\benign_log_combined_latest_used_actually\new_benign\security_32761.evtx,Audit success,0,"{""EventData"":{""Data"":[{""@Name"":""TargetUserName"",""#text"":""admin_test""},{""@Name"":""TargetDomainName"",""#text"":""SERVER002""},{""@Name"":""TargetSid"",""#text"":""S-1-5-21-3962163828-2803415714-1403596700-1006""},{""@Name"":""SubjectUserSid"",""#text"":""S-1-5-18""},{""@Name"":""SubjectUserName"",""#text"":""SERVER002$""},{""@Name"":""SubjectDomainName"",""#text"":""WORKGROUP""},{""@Name"":""SubjectLogonId"",""#text"":""0x3E7""},{""@Name"":""CallerProcessId"",""#text"":""0xC34""},{""@Name"":""CallerProcessName"",""#text"":""C:\\Program Files\\Malwarebytes\\Anti-Malware\\MBAMService.exe""}]}}"
15365,83526,2025-04-30 19:15:13.0994460,4798,LogAlways,Microsoft-Windows-Security-Auditing,Security,676,720,Server002,148,,A user's local group membership was enumerated,WORKGROUP\SERVER002$ (S-1-5-18),,Target: SERVER002\DefaultAccount (S-1-5-21-3962163828-2803415714-1403596700-503),SubjectLogonId: 0x3E7,CallerProcessName: C:\Program Files\Malwarebytes\Anti-Malware\MBAMService.exe,CallerProcessId: 0xC34,,,,False,D:\benign_log_combined_latest_used_actually\new_benign\security_32761.evtx,Audit success,0,"{""EventData"":{""Data"":[{""@Name"":""TargetUserName"",""#text"":""DefaultAccount""},{""@Name"":""TargetDomainName"",""#text"":""SERVER002""},{""@Name"":""TargetSid"",""#text"":""S-1-5-21-3962163828-2803415714-1403596700-503""},{""@Name"":""SubjectUserSid"",""#text"":""S-1-5-18""},{""@Name"":""SubjectUserName"",""#text"":""SERVER002$""},{""@Name"":""SubjectDomainName"",""#text"":""WORKGROUP""},{""@Name"":""SubjectLogonId"",""#text"":""0x3E7""},{""@Name"":""CallerProcessId"",""#text"":""0xC34""},{""@Name"":""CallerProcessName"",""#text"":""C:\\Program Files\\Malwarebytes\\Anti-Malware\\MBAMService.exe""}]}}"
15366,83527,2025-04-30 19:15:13.0998471,4798,LogAlways,Microsoft-Windows-Security-Auditing,Security,676,720,Server002,148,,A user's local group membership was enumerated,WORKGROUP\SERVER002$ (S-1-5-18),,Target: SERVER002\Guest (S-1-5-21-3962163828-2803415714-1403596700-501),SubjectLogonId: 0x3E7,CallerProcessName: C:\Program Files\Malwarebytes\Anti-Malware\MBAMService.exe,CallerProcessId: 0xC34,,,,False,D:\benign_log_combined_latest_used_actually\new_benign\security_32761.evtx,Audit success,0,"{""EventData"":{""Data"":[{""@Name"":""TargetUserName"",""#text"":""Guest""},{""@Name"":""TargetDomainName"",""#text"":""SERVER002""},{""@Name"":""TargetSid"",""#text"":""S-1-5-21-3962163828-2803415714-1403596700-501""},{""@Name"":""SubjectUserSid"",""#text"":""S-1-5-18""},{""@Name"":""SubjectUserName"",""#text"":""SERVER002$""},{""@Name"":""SubjectDomainName"",""#text"":""WORKGROUP""},{""@Name"":""SubjectLogonId"",""#text"":""0x3E7""},{""@Name"":""CallerProcessId"",""#text"":""0xC34""},{""@Name"":""CallerProcessName"",""#text"":""C:\\Program Files\\Malwarebytes\\Anti-Malware\\MBAMService.exe""}]}}"
15367,83528,2025-04-30 19:15:13.1004661,4798,LogAlways,Microsoft-Windows-Security-Auditing,Security,676,720,Server002,148,,A user's local group membership was enumerated,WORKGROUP\SERVER002$ (S-1-5-18),,Target: SERVER002\lplui (S-1-5-21-3962163828-2803415714-1403596700-1001),SubjectLogonId: 0x3E7,CallerProcessName: C:\Program Files\Malwarebytes\Anti-Malware\MBAMService.exe,CallerProcessId: 0xC34,,,,False,D:\benign_log_combined_latest_used_actually\new_benign\security_32761.evtx,Audit success,0,"{""EventData"":{""Data"":[{""@Name"":""TargetUserName"",""#text"":""lplui""},{""@Name"":""TargetDomainName"",""#text"":""SERVER002""},{""@Name"":""TargetSid"",""#text"":""S-1-5-21-3962163828-2803415714-1403596700-1001""},{""@Name"":""SubjectUserSid"",""#text"":""S-1-5-18""},{""@Name"":""SubjectUserName"",""#text"":""SERVER002$""},{""@Name"":""SubjectDomainName"",""#text"":""WORKGROUP""},{""@Name"":""SubjectLogonId"",""#text"":""0x3E7""},{""@Name"":""CallerProcessId"",""#text"":""0xC34""},{""@Name"":""CallerProcessName"",""#text"":""C:\\Program Files\\Malwarebytes\\Anti-Malware\\MBAMService.exe""}]}}"
15368,83529,2025-04-30 19:15:13.1009271,4798,LogAlways,Microsoft-Windows-Security-Auditing,Security,676,720,Server002,148,,A user's local group membership was enumerated,WORKGROUP\SERVER002$ (S-1-5-18),,Target: SERVER002\sshd (S-1-5-21-3962163828-2803415714-1403596700-1002),SubjectLogonId: 0x3E7,CallerProcessName: C:\Program Files\Malwarebytes\Anti-Malware\MBAMService.exe,CallerProcessId: 0xC34,,,,False,D:\benign_log_combined_latest_used_actually\new_benign\security_32761.evtx,Audit success,0,"{""EventData"":{""Data"":[{""@Name"":""TargetUserName"",""#text"":""sshd""},{""@Name"":""TargetDomainName"",""#text"":""SERVER002""},{""@Name"":""TargetSid"",""#text"":""S-1-5-21-3962163828-2803415714-1403596700-1002""},{""@Name"":""SubjectUserSid"",""#text"":""S-1-5-18""},{""@Name"":""SubjectUserName"",""#text"":""SERVER002$""},{""@Name"":""SubjectDomainName"",""#text"":""WORKGROUP""},{""@Name"":""SubjectLogonId"",""#text"":""0x3E7""},{""@Name"":""CallerProcessId"",""#text"":""0xC34""},{""@Name"":""CallerProcessName"",""#text"":""C:\\Program Files\\Malwarebytes\\Anti-Malware\\MBAMService.exe""}]}}"
15369,83530,2025-04-30 19:15:13.1014098,4798,LogAlways,Microsoft-Windows-Security-Auditing,Security,676,720,Server002,148,,A user's local group membership was enumerated,WORKGROUP\SERVER002$ (S-1-5-18),,Target: SERVER002\testing (S-1-5-21-3962163828-2803415714-1403596700-1005),SubjectLogonId: 0x3E7,CallerProcessName: C:\Program Files\Malwarebytes\Anti-Malware\MBAMService.exe,CallerProcessId: 0xC34,,,,False,D:\benign_log_combined_latest_used_actually\new_benign\security_32761.evtx,Audit success,0,"{""EventData"":{""Data"":[{""@Name"":""TargetUserName"",""#text"":""testing""},{""@Name"":""TargetDomainName"",""#text"":""SERVER002""},{""@Name"":""TargetSid"",""#text"":""S-1-5-21-3962163828-2803415714-1403596700-1005""},{""@Name"":""SubjectUserSid"",""#text"":""S-1-5-18""},{""@Name"":""SubjectUserName"",""#text"":""SERVER002$""},{""@Name"":""SubjectDomainName"",""#text"":""WORKGROUP""},{""@Name"":""SubjectLogonId"",""#text"":""0x3E7""},{""@Name"":""CallerProcessId"",""#text"":""0xC34""},{""@Name"":""CallerProcessName"",""#text"":""C:\\Program Files\\Malwarebytes\\Anti-Malware\\MBAMService.exe""}]}}"
15370,83531,2025-04-30 19:15:13.1019685,4798,LogAlways,Microsoft-Windows-Security-Auditing,Security,676,720,Server002,148,,A user's local group membership was enumerated,WORKGROUP\SERVER002$ (S-1-5-18),,Target: SERVER002\WDAGUtilityAccount (S-1-5-21-3962163828-2803415714-1403596700-504),SubjectLogonId: 0x3E7,CallerProcessName: C:\Program Files\Malwarebytes\Anti-Malware\MBAMService.exe,CallerProcessId: 0xC34,,,,False,D:\benign_log_combined_latest_used_actually\new_benign\security_32761.evtx,Audit success,0,"{""EventData"":{""Data"":[{""@Name"":""TargetUserName"",""#text"":""WDAGUtilityAccount""},{""@Name"":""TargetDomainName"",""#text"":""SERVER002""},{""@Name"":""TargetSid"",""#text"":""S-1-5-21-3962163828-2803415714-1403596700-504""},{""@Name"":""SubjectUserSid"",""#text"":""S-1-5-18""},{""@Name"":""SubjectUserName"",""#text"":""SERVER002$""},{""@Name"":""SubjectDomainName"",""#text"":""WORKGROUP""},{""@Name"":""SubjectLogonId"",""#text"":""0x3E7""},{""@Name"":""CallerProcessId"",""#text"":""0xC34""},{""@Name"":""CallerProcessName"",""#text"":""C:\\Program Files\\Malwarebytes\\Anti-Malware\\MBAMService.exe""}]}}"
15371,83532,2025-04-30 19:15:13.1032195,4798,LogAlways,Microsoft-Windows-Security-Auditing,Security,676,720,Server002,148,,A user's local group membership was enumerated,WORKGROUP\SERVER002$ (S-1-5-18),,Target: SERVER002\admin_test (S-1-5-21-3962163828-2803415714-1403596700-1006),SubjectLogonId: 0x3E7,CallerProcessName: C:\Program Files\Malwarebytes\Anti-Malware\MBAMService.exe,CallerProcessId: 0xC34,,,,False,D:\benign_log_combined_latest_used_actually\new_benign\security_32761.evtx,Audit success,0,"{""EventData"":{""Data"":[{""@Name"":""TargetUserName"",""#text"":""admin_test""},{""@Name"":""TargetDomainName"",""#text"":""SERVER002""},{""@Name"":""TargetSid"",""#text"":""S-1-5-21-3962163828-2803415714-1403596700-1006""},{""@Name"":""SubjectUserSid"",""#text"":""S-1-5-18""},{""@Name"":""SubjectUserName"",""#text"":""SERVER002$""},{""@Name"":""SubjectDomainName"",""#text"":""WORKGROUP""},{""@Name"":""SubjectLogonId"",""#text"":""0x3E7""},{""@Name"":""CallerProcessId"",""#text"":""0xC34""},{""@Name"":""CallerProcessName"",""#text"":""C:\\Program Files\\Malwarebytes\\Anti-Malware\\MBAMService.exe""}]}}"
15372,83533,2025-04-30 19:15:13.1041056,4798,LogAlways,Microsoft-Windows-Security-Auditing,Security,676,720,Server002,148,,A user's local group membership was enumerated,WORKGROUP\SERVER002$ (S-1-5-18),,Target: SERVER002\DefaultAccount (S-1-5-21-3962163828-2803415714-1403596700-503),SubjectLogonId: 0x3E7,CallerProcessName: C:\Program Files\Malwarebytes\Anti-Malware\MBAMService.exe,CallerProcessId: 0xC34,,,,False,D:\benign_log_combined_latest_used_actually\new_benign\security_32761.evtx,Audit success,0,"{""EventData"":{""Data"":[{""@Name"":""TargetUserName"",""#text"":""DefaultAccount""},{""@Name"":""TargetDomainName"",""#text"":""SERVER002""},{""@Name"":""TargetSid"",""#text"":""S-1-5-21-3962163828-2803415714-1403596700-503""},{""@Name"":""SubjectUserSid"",""#text"":""S-1-5-18""},{""@Name"":""SubjectUserName"",""#text"":""SERVER002$""},{""@Name"":""SubjectDomainName"",""#text"":""WORKGROUP""},{""@Name"":""SubjectLogonId"",""#text"":""0x3E7""},{""@Name"":""CallerProcessId"",""#text"":""0xC34""},{""@Name"":""CallerProcessName"",""#text"":""C:\\Program Files\\Malwarebytes\\Anti-Malware\\MBAMService.exe""}]}}"
15373,83534,2025-04-30 19:15:13.1053255,4798,LogAlways,Microsoft-Windows-Security-Auditing,Security,676,720,Server002,148,,A user's local group membership was enumerated,WORKGROUP\SERVER002$ (S-1-5-18),,Target: SERVER002\lplui (S-1-5-21-3962163828-2803415714-1403596700-1001),SubjectLogonId: 0x3E7,CallerProcessName: C:\Program Files\Malwarebytes\Anti-Malware\MBAMService.exe,CallerProcessId: 0xC34,,,,False,D:\benign_log_combined_latest_used_actually\new_benign\security_32761.evtx,Audit success,0,"{""EventData"":{""Data"":[{""@Name"":""TargetUserName"",""#text"":""lplui""},{""@Name"":""TargetDomainName"",""#text"":""SERVER002""},{""@Name"":""TargetSid"",""#text"":""S-1-5-21-3962163828-2803415714-1403596700-1001""},{""@Name"":""SubjectUserSid"",""#text"":""S-1-5-18""},{""@Name"":""SubjectUserName"",""#text"":""SERVER002$""},{""@Name"":""SubjectDomainName"",""#text"":""WORKGROUP""},{""@Name"":""SubjectLogonId"",""#text"":""0x3E7""},{""@Name"":""CallerProcessId"",""#text"":""0xC34""},{""@Name"":""CallerProcessName"",""#text"":""C:\\Program Files\\Malwarebytes\\Anti-Malware\\MBAMService.exe""}]}}"
15374,83535,2025-04-30 19:15:13.1063229,4798,LogAlways,Microsoft-Windows-Security-Auditing,Security,676,720,Server002,148,,A user's local group membership was enumerated,WORKGROUP\SERVER002$ (S-1-5-18),,Target: SERVER002\sshd (S-1-5-21-3962163828-2803415714-1403596700-1002),SubjectLogonId: 0x3E7,CallerProcessName: C:\Program Files\Malwarebytes\Anti-Malware\MBAMService.exe,CallerProcessId: 0xC34,,,,False,D:\benign_log_combined_latest_used_actually\new_benign\security_32761.evtx,Audit success,0,"{""EventData"":{""Data"":[{""@Name"":""TargetUserName"",""#text"":""sshd""},{""@Name"":""TargetDomainName"",""#text"":""SERVER002""},{""@Name"":""TargetSid"",""#text"":""S-1-5-21-3962163828-2803415714-1403596700-1002""},{""@Name"":""SubjectUserSid"",""#text"":""S-1-5-18""},{""@Name"":""SubjectUserName"",""#text"":""SERVER002$""},{""@Name"":""SubjectDomainName"",""#text"":""WORKGROUP""},{""@Name"":""SubjectLogonId"",""#text"":""0x3E7""},{""@Name"":""CallerProcessId"",""#text"":""0xC34""},{""@Name"":""CallerProcessName"",""#text"":""C:\\Program Files\\Malwarebytes\\Anti-Malware\\MBAMService.exe""}]}}"
15375,83536,2025-04-30 19:15:13.1136814,4798,LogAlways,Microsoft-Windows-Security-Auditing,Security,676,720,Server002,148,,A user's local group membership was enumerated,WORKGROUP\SERVER002$ (S-1-5-18),,Target: SERVER002\testing (S-1-5-21-3962163828-2803415714-1403596700-1005),SubjectLogonId: 0x3E7,CallerProcessName: C:\Program Files\Malwarebytes\Anti-Malware\MBAMService.exe,CallerProcessId: 0xC34,,,,False,D:\benign_log_combined_latest_used_actually\new_benign\security_32761.evtx,Audit success,0,"{""EventData"":{""Data"":[{""@Name"":""TargetUserName"",""#text"":""testing""},{""@Name"":""TargetDomainName"",""#text"":""SERVER002""},{""@Name"":""TargetSid"",""#text"":""S-1-5-21-3962163828-2803415714-1403596700-1005""},{""@Name"":""SubjectUserSid"",""#text"":""S-1-5-18""},{""@Name"":""SubjectUserName"",""#text"":""SERVER002$""},{""@Name"":""SubjectDomainName"",""#text"":""WORKGROUP""},{""@Name"":""SubjectLogonId"",""#text"":""0x3E7""},{""@Name"":""CallerProcessId"",""#text"":""0xC34""},{""@Name"":""CallerProcessName"",""#text"":""C:\\Program Files\\Malwarebytes\\Anti-Malware\\MBAMService.exe""}]}}"
15376,83537,2025-04-30 19:15:13.1150590,4798,LogAlways,Microsoft-Windows-Security-Auditing,Security,676,720,Server002,148,,A user's local group membership was enumerated,WORKGROUP\SERVER002$ (S-1-5-18),,Target: SERVER002\WDAGUtilityAccount (S-1-5-21-3962163828-2803415714-1403596700-504),SubjectLogonId: 0x3E7,CallerProcessName: C:\Program Files\Malwarebytes\Anti-Malware\MBAMService.exe,CallerProcessId: 0xC34,,,,False,D:\benign_log_combined_latest_used_actually\new_benign\security_32761.evtx,Audit success,0,"{""EventData"":{""Data"":[{""@Name"":""TargetUserName"",""#text"":""WDAGUtilityAccount""},{""@Name"":""TargetDomainName"",""#text"":""SERVER002""},{""@Name"":""TargetSid"",""#text"":""S-1-5-21-3962163828-2803415714-1403596700-504""},{""@Name"":""SubjectUserSid"",""#text"":""S-1-5-18""},{""@Name"":""SubjectUserName"",""#text"":""SERVER002$""},{""@Name"":""SubjectDomainName"",""#text"":""WORKGROUP""},{""@Name"":""SubjectLogonId"",""#text"":""0x3E7""},{""@Name"":""CallerProcessId"",""#text"":""0xC34""},{""@Name"":""CallerProcessName"",""#text"":""C:\\Program Files\\Malwarebytes\\Anti-Malware\\MBAMService.exe""}]}}"
15377,83538,2025-04-30 19:20:16.6722062,4624,LogAlways,Microsoft-Windows-Security-Auditing,Security,676,11696,Server002,148,,Successful logon,WORKGROUP\SERVER002$,- (-),Target: NT AUTHORITY\SYSTEM,LogonType 5,LogonId: 0x3E7,AuthenticationPackageName: Negotiate,"LogonProcessName: Advapi  ",,C:\Windows\System32\services.exe,False,D:\benign_log_combined_latest_used_actually\new_benign\security_32761.evtx,Audit success,0,"{""EventData"":{""Data"":[{""@Name"":""SubjectUserSid"",""#text"":""S-1-5-18""},{""@Name"":""SubjectUserName"",""#text"":""SERVER002$""},{""@Name"":""SubjectDomainName"",""#text"":""WORKGROUP""},{""@Name"":""SubjectLogonId"",""#text"":""0x3E7""},{""@Name"":""TargetUserSid"",""#text"":""S-1-5-18""},{""@Name"":""TargetUserName"",""#text"":""SYSTEM""},{""@Name"":""TargetDomainName"",""#text"":""NT AUTHORITY""},{""@Name"":""TargetLogonId"",""#text"":""0x3E7""},{""@Name"":""LogonType"",""#text"":""5""},{""@Name"":""LogonProcessName"",""#text"":""Advapi  ""},{""@Name"":""AuthenticationPackageName"",""#text"":""Negotiate""},{""@Name"":""WorkstationName"",""#text"":""-""},{""@Name"":""LogonGuid"",""#text"":""00000000-0000-0000-0000-000000000000""},{""@Name"":""TransmittedServices"",""#text"":""-""},{""@Name"":""LmPackageName"",""#text"":""-""},{""@Name"":""KeyLength"",""#text"":""0""},{""@Name"":""ProcessId"",""#text"":""0x29C""},{""@Name"":""ProcessName"",""#text"":""C:\\Windows\\System32\\services.exe""},{""@Name"":""IpAddress"",""#text"":""-""},{""@Name"":""IpPort"",""#text"":""-""},{""@Name"":""ImpersonationLevel"",""#text"":""%%1833""},{""@Name"":""RestrictedAdminMode"",""#text"":""-""},{""@Name"":""TargetOutboundUserName"",""#text"":""-""},{""@Name"":""TargetOutboundDomainName"",""#text"":""-""},{""@Name"":""VirtualAccount"",""#text"":""%%1843""},{""@Name"":""TargetLinkedLogonId"",""#text"":""0x0""},{""@Name"":""ElevatedToken"",""#text"":""%%1842""}]}}"
15378,83539,2025-04-30 19:20:16.6722121,4672,LogAlways,Microsoft-Windows-Security-Auditing,Security,676,11696,Server002,148,,Administrative logon,NT AUTHORITY\SYSTEM (S-1-5-18),,"PrivilegeList: SeAssignPrimaryTokenPrivilege, SeTcbPrivilege, SeSecurityPrivilege, SeTakeOwnershipPrivilege, SeLoadDriverPrivilege, SeBackupPrivilege, SeRestorePrivilege, SeDebugPrivilege, SeAuditPrivilege, SeSystemEnvironmentPrivilege, SeImpersonatePrivilege, SeDelegateSessionUserImpersonatePrivilege",LogonId: 0x3E7,,,,,,False,D:\benign_log_combined_latest_used_actually\new_benign\security_32761.evtx,Audit success,0,"{""EventData"":{""Data"":[{""@Name"":""SubjectUserSid"",""#text"":""S-1-5-18""},{""@Name"":""SubjectUserName"",""#text"":""SYSTEM""},{""@Name"":""SubjectDomainName"",""#text"":""NT AUTHORITY""},{""@Name"":""SubjectLogonId"",""#text"":""0x3E7""},{""@Name"":""PrivilegeList"",""#text"":""SeAssignPrimaryTokenPrivilege, SeTcbPrivilege, SeSecurityPrivilege, SeTakeOwnershipPrivilege, SeLoadDriverPrivilege, SeBackupPrivilege, SeRestorePrivilege, SeDebugPrivilege, SeAuditPrivilege, SeSystemEnvironmentPrivilege, SeImpersonatePrivilege, SeDelegateSessionUserImpersonatePrivilege""}]}}"
15379,83540,2025-04-30 19:20:17.6934359,4798,LogAlways,Microsoft-Windows-Security-Auditing,Security,676,720,Server002,148,,A user's local group membership was enumerated,WORKGROUP\SERVER002$ (S-1-5-18),,Target: SERVER002\Administrator (S-1-5-21-3962163828-2803415714-1403596700-500),SubjectLogonId: 0x3E7,CallerProcessName: C:\Program Files\Malwarebytes\Anti-Malware\MBAMService.exe,CallerProcessId: 0xC34,,,,False,D:\benign_log_combined_latest_used_actually\new_benign\security_32761.evtx,Audit success,0,"{""EventData"":{""Data"":[{""@Name"":""TargetUserName"",""#text"":""Administrator""},{""@Name"":""TargetDomainName"",""#text"":""SERVER002""},{""@Name"":""TargetSid"",""#text"":""S-1-5-21-3962163828-2803415714-1403596700-500""},{""@Name"":""SubjectUserSid"",""#text"":""S-1-5-18""},{""@Name"":""SubjectUserName"",""#text"":""SERVER002$""},{""@Name"":""SubjectDomainName"",""#text"":""WORKGROUP""},{""@Name"":""SubjectLogonId"",""#text"":""0x3E7""},{""@Name"":""CallerProcessId"",""#text"":""0xC34""},{""@Name"":""CallerProcessName"",""#text"":""C:\\Program Files\\Malwarebytes\\Anti-Malware\\MBAMService.exe""}]}}"
15380,83541,2025-04-30 19:20:17.6938688,4798,LogAlways,Microsoft-Windows-Security-Auditing,Security,676,720,Server002,148,,A user's local group membership was enumerated,WORKGROUP\SERVER002$ (S-1-5-18),,Target: SERVER002\admin_test (S-1-5-21-3962163828-2803415714-1403596700-1006),SubjectLogonId: 0x3E7,CallerProcessName: C:\Program Files\Malwarebytes\Anti-Malware\MBAMService.exe,CallerProcessId: 0xC34,,,,False,D:\benign_log_combined_latest_used_actually\new_benign\security_32761.evtx,Audit success,0,"{""EventData"":{""Data"":[{""@Name"":""TargetUserName"",""#text"":""admin_test""},{""@Name"":""TargetDomainName"",""#text"":""SERVER002""},{""@Name"":""TargetSid"",""#text"":""S-1-5-21-3962163828-2803415714-1403596700-1006""},{""@Name"":""SubjectUserSid"",""#text"":""S-1-5-18""},{""@Name"":""SubjectUserName"",""#text"":""SERVER002$""},{""@Name"":""SubjectDomainName"",""#text"":""WORKGROUP""},{""@Name"":""SubjectLogonId"",""#text"":""0x3E7""},{""@Name"":""CallerProcessId"",""#text"":""0xC34""},{""@Name"":""CallerProcessName"",""#text"":""C:\\Program Files\\Malwarebytes\\Anti-Malware\\MBAMService.exe""}]}}"
15381,83542,2025-04-30 19:20:17.6940359,4798,LogAlways,Microsoft-Windows-Security-Auditing,Security,676,720,Server002,148,,A user's local group membership was enumerated,WORKGROUP\SERVER002$ (S-1-5-18),,Target: SERVER002\DefaultAccount (S-1-5-21-3962163828-2803415714-1403596700-503),SubjectLogonId: 0x3E7,CallerProcessName: C:\Program Files\Malwarebytes\Anti-Malware\MBAMService.exe,CallerProcessId: 0xC34,,,,False,D:\benign_log_combined_latest_used_actually\new_benign\security_32761.evtx,Audit success,0,"{""EventData"":{""Data"":[{""@Name"":""TargetUserName"",""#text"":""DefaultAccount""},{""@Name"":""TargetDomainName"",""#text"":""SERVER002""},{""@Name"":""TargetSid"",""#text"":""S-1-5-21-3962163828-2803415714-1403596700-503""},{""@Name"":""SubjectUserSid"",""#text"":""S-1-5-18""},{""@Name"":""SubjectUserName"",""#text"":""SERVER002$""},{""@Name"":""SubjectDomainName"",""#text"":""WORKGROUP""},{""@Name"":""SubjectLogonId"",""#text"":""0x3E7""},{""@Name"":""CallerProcessId"",""#text"":""0xC34""},{""@Name"":""CallerProcessName"",""#text"":""C:\\Program Files\\Malwarebytes\\Anti-Malware\\MBAMService.exe""}]}}"
15382,83543,2025-04-30 19:20:17.6945149,4798,LogAlways,Microsoft-Windows-Security-Auditing,Security,676,720,Server002,148,,A user's local group membership was enumerated,WORKGROUP\SERVER002$ (S-1-5-18),,Target: SERVER002\Guest (S-1-5-21-3962163828-2803415714-1403596700-501),SubjectLogonId: 0x3E7,CallerProcessName: C:\Program Files\Malwarebytes\Anti-Malware\MBAMService.exe,CallerProcessId: 0xC34,,,,False,D:\benign_log_combined_latest_used_actually\new_benign\security_32761.evtx,Audit success,0,"{""EventData"":{""Data"":[{""@Name"":""TargetUserName"",""#text"":""Guest""},{""@Name"":""TargetDomainName"",""#text"":""SERVER002""},{""@Name"":""TargetSid"",""#text"":""S-1-5-21-3962163828-2803415714-1403596700-501""},{""@Name"":""SubjectUserSid"",""#text"":""S-1-5-18""},{""@Name"":""SubjectUserName"",""#text"":""SERVER002$""},{""@Name"":""SubjectDomainName"",""#text"":""WORKGROUP""},{""@Name"":""SubjectLogonId"",""#text"":""0x3E7""},{""@Name"":""CallerProcessId"",""#text"":""0xC34""},{""@Name"":""CallerProcessName"",""#text"":""C:\\Program Files\\Malwarebytes\\Anti-Malware\\MBAMService.exe""}]}}"
15383,83544,2025-04-30 19:20:17.6949634,4798,LogAlways,Microsoft-Windows-Security-Auditing,Security,676,720,Server002,148,,A user's local group membership was enumerated,WORKGROUP\SERVER002$ (S-1-5-18),,Target: SERVER002\lplui (S-1-5-21-3962163828-2803415714-1403596700-1001),SubjectLogonId: 0x3E7,CallerProcessName: C:\Program Files\Malwarebytes\Anti-Malware\MBAMService.exe,CallerProcessId: 0xC34,,,,False,D:\benign_log_combined_latest_used_actually\new_benign\security_32761.evtx,Audit success,0,"{""EventData"":{""Data"":[{""@Name"":""TargetUserName"",""#text"":""lplui""},{""@Name"":""TargetDomainName"",""#text"":""SERVER002""},{""@Name"":""TargetSid"",""#text"":""S-1-5-21-3962163828-2803415714-1403596700-1001""},{""@Name"":""SubjectUserSid"",""#text"":""S-1-5-18""},{""@Name"":""SubjectUserName"",""#text"":""SERVER002$""},{""@Name"":""SubjectDomainName"",""#text"":""WORKGROUP""},{""@Name"":""SubjectLogonId"",""#text"":""0x3E7""},{""@Name"":""CallerProcessId"",""#text"":""0xC34""},{""@Name"":""CallerProcessName"",""#text"":""C:\\Program Files\\Malwarebytes\\Anti-Malware\\MBAMService.exe""}]}}"
15384,83545,2025-04-30 19:20:17.6951689,4798,LogAlways,Microsoft-Windows-Security-Auditing,Security,676,720,Server002,148,,A user's local group membership was enumerated,WORKGROUP\SERVER002$ (S-1-5-18),,Target: SERVER002\sshd (S-1-5-21-3962163828-2803415714-1403596700-1002),SubjectLogonId: 0x3E7,CallerProcessName: C:\Program Files\Malwarebytes\Anti-Malware\MBAMService.exe,CallerProcessId: 0xC34,,,,False,D:\benign_log_combined_latest_used_actually\new_benign\security_32761.evtx,Audit success,0,"{""EventData"":{""Data"":[{""@Name"":""TargetUserName"",""#text"":""sshd""},{""@Name"":""TargetDomainName"",""#text"":""SERVER002""},{""@Name"":""TargetSid"",""#text"":""S-1-5-21-3962163828-2803415714-1403596700-1002""},{""@Name"":""SubjectUserSid"",""#text"":""S-1-5-18""},{""@Name"":""SubjectUserName"",""#text"":""SERVER002$""},{""@Name"":""SubjectDomainName"",""#text"":""WORKGROUP""},{""@Name"":""SubjectLogonId"",""#text"":""0x3E7""},{""@Name"":""CallerProcessId"",""#text"":""0xC34""},{""@Name"":""CallerProcessName"",""#text"":""C:\\Program Files\\Malwarebytes\\Anti-Malware\\MBAMService.exe""}]}}"
15385,83546,2025-04-30 19:20:17.6953685,4798,LogAlways,Microsoft-Windows-Security-Auditing,Security,676,720,Server002,148,,A user's local group membership was enumerated,WORKGROUP\SERVER002$ (S-1-5-18),,Target: SERVER002\testing (S-1-5-21-3962163828-2803415714-1403596700-1005),SubjectLogonId: 0x3E7,CallerProcessName: C:\Program Files\Malwarebytes\Anti-Malware\MBAMService.exe,CallerProcessId: 0xC34,,,,False,D:\benign_log_combined_latest_used_actually\new_benign\security_32761.evtx,Audit success,0,"{""EventData"":{""Data"":[{""@Name"":""TargetUserName"",""#text"":""testing""},{""@Name"":""TargetDomainName"",""#text"":""SERVER002""},{""@Name"":""TargetSid"",""#text"":""S-1-5-21-3962163828-2803415714-1403596700-1005""},{""@Name"":""SubjectUserSid"",""#text"":""S-1-5-18""},{""@Name"":""SubjectUserName"",""#text"":""SERVER002$""},{""@Name"":""SubjectDomainName"",""#text"":""WORKGROUP""},{""@Name"":""SubjectLogonId"",""#text"":""0x3E7""},{""@Name"":""CallerProcessId"",""#text"":""0xC34""},{""@Name"":""CallerProcessName"",""#text"":""C:\\Program Files\\Malwarebytes\\Anti-Malware\\MBAMService.exe""}]}}"
15386,83547,2025-04-30 19:20:17.6955328,4798,LogAlways,Microsoft-Windows-Security-Auditing,Security,676,720,Server002,148,,A user's local group membership was enumerated,WORKGROUP\SERVER002$ (S-1-5-18),,Target: SERVER002\WDAGUtilityAccount (S-1-5-21-3962163828-2803415714-1403596700-504),SubjectLogonId: 0x3E7,CallerProcessName: C:\Program Files\Malwarebytes\Anti-Malware\MBAMService.exe,CallerProcessId: 0xC34,,,,False,D:\benign_log_combined_latest_used_actually\new_benign\security_32761.evtx,Audit success,0,"{""EventData"":{""Data"":[{""@Name"":""TargetUserName"",""#text"":""WDAGUtilityAccount""},{""@Name"":""TargetDomainName"",""#text"":""SERVER002""},{""@Name"":""TargetSid"",""#text"":""S-1-5-21-3962163828-2803415714-1403596700-504""},{""@Name"":""SubjectUserSid"",""#text"":""S-1-5-18""},{""@Name"":""SubjectUserName"",""#text"":""SERVER002$""},{""@Name"":""SubjectDomainName"",""#text"":""WORKGROUP""},{""@Name"":""SubjectLogonId"",""#text"":""0x3E7""},{""@Name"":""CallerProcessId"",""#text"":""0xC34""},{""@Name"":""CallerProcessName"",""#text"":""C:\\Program Files\\Malwarebytes\\Anti-Malware\\MBAMService.exe""}]}}"
