22606,90767,2025-05-02 10:30:59.5573025,5379,LogAlways,Microsoft-Windows-Security-Auditing,Security,688,2772,Server002,218,,Credential Manager credentials were read,lplui,,SID: S-1-5-21-3962163828-2803415714-1403596700-1001,Domain: SERVER002,LogonID: 0x39737,CountOfCredentialsReturned: 1,,ActivityID: 1168e054-bb50-0000-2de1-681150bbdb01,MicrosoftAccount:user=lpluigi44@gmail.com,False,D:\benign_log_combined_latest_used_actually\new_benign\security_32761.evtx,Audit success,0,"{""EventData"":{""Data"":[{""@Name"":""SubjectUserSid"",""#text"":""S-1-5-21-3962163828-2803415714-1403596700-1001""},{""@Name"":""SubjectUserName"",""#text"":""lplui""},{""@Name"":""SubjectDomainName"",""#text"":""SERVER002""},{""@Name"":""SubjectLogonId"",""#text"":""0x39737""},{""@Name"":""TargetName"",""#text"":""MicrosoftAccount:user=lpluigi44@gmail.com""},{""@Name"":""Type"",""#text"":""0""},{""@Name"":""CountOfCredentialsReturned"",""#text"":""1""},{""@Name"":""ReadOperation"",""#text"":""%%8100""},{""@Name"":""ReturnCode"",""#text"":""0""},{""@Name"":""ProcessCreationTime"",""#text"":""2025-05-02 10:30:58.8113389""},{""@Name"":""ClientProcessId"",""#text"":""1036""}]}}"
22607,90768,2025-05-02 10:30:59.5577907,5379,LogAlways,Microsoft-Windows-Security-Auditing,Security,688,2772,Server002,218,,Credential Manager credentials were read,lplui,,SID: S-1-5-21-3962163828-2803415714-1403596700-1001,Domain: SERVER002,LogonID: 0x39737,CountOfCredentialsReturned: 1,,ActivityID: 1168e054-bb50-0000-2de1-681150bbdb01,MicrosoftAccount:user=lpluigi44@gmail.com,False,D:\benign_log_combined_latest_used_actually\new_benign\security_32761.evtx,Audit success,0,"{""EventData"":{""Data"":[{""@Name"":""SubjectUserSid"",""#text"":""S-1-5-21-3962163828-2803415714-1403596700-1001""},{""@Name"":""SubjectUserName"",""#text"":""lplui""},{""@Name"":""SubjectDomainName"",""#text"":""SERVER002""},{""@Name"":""SubjectLogonId"",""#text"":""0x39737""},{""@Name"":""TargetName"",""#text"":""MicrosoftAccount:user=lpluigi44@gmail.com""},{""@Name"":""Type"",""#text"":""0""},{""@Name"":""CountOfCredentialsReturned"",""#text"":""1""},{""@Name"":""ReadOperation"",""#text"":""%%8100""},{""@Name"":""ReturnCode"",""#text"":""0""},{""@Name"":""ProcessCreationTime"",""#text"":""2025-05-02 10:30:58.8113389""},{""@Name"":""ClientProcessId"",""#text"":""1036""}]}}"
22608,90769,2025-05-02 10:30:59.5583965,5379,LogAlways,Microsoft-Windows-Security-Auditing,Security,688,2772,Server002,218,,Credential Manager credentials were read,lplui,,SID: S-1-5-21-3962163828-2803415714-1403596700-1001,Domain: SERVER002,LogonID: 0x39737,CountOfCredentialsReturned: 1,,ActivityID: 1168e054-bb50-0000-2de1-681150bbdb01,MicrosoftAccount:user=lpluigi44@gmail.com,False,D:\benign_log_combined_latest_used_actually\new_benign\security_32761.evtx,Audit success,0,"{""EventData"":{""Data"":[{""@Name"":""SubjectUserSid"",""#text"":""S-1-5-21-3962163828-2803415714-1403596700-1001""},{""@Name"":""SubjectUserName"",""#text"":""lplui""},{""@Name"":""SubjectDomainName"",""#text"":""SERVER002""},{""@Name"":""SubjectLogonId"",""#text"":""0x39737""},{""@Name"":""TargetName"",""#text"":""MicrosoftAccount:user=lpluigi44@gmail.com""},{""@Name"":""Type"",""#text"":""0""},{""@Name"":""CountOfCredentialsReturned"",""#text"":""1""},{""@Name"":""ReadOperation"",""#text"":""%%8100""},{""@Name"":""ReturnCode"",""#text"":""0""},{""@Name"":""ProcessCreationTime"",""#text"":""2025-05-02 10:30:58.8113389""},{""@Name"":""ClientProcessId"",""#text"":""1036""}]}}"
22609,90770,2025-05-02 10:30:59.5588078,5379,LogAlways,Microsoft-Windows-Security-Auditing,Security,688,2772,Server002,218,,Credential Manager credentials were read,lplui,,SID: S-1-5-21-3962163828-2803415714-1403596700-1001,Domain: SERVER002,LogonID: 0x39737,CountOfCredentialsReturned: 1,,ActivityID: 1168e054-bb50-0000-2de1-681150bbdb01,MicrosoftAccount:user=lpluigi44@gmail.com,False,D:\benign_log_combined_latest_used_actually\new_benign\security_32761.evtx,Audit success,0,"{""EventData"":{""Data"":[{""@Name"":""SubjectUserSid"",""#text"":""S-1-5-21-3962163828-2803415714-1403596700-1001""},{""@Name"":""SubjectUserName"",""#text"":""lplui""},{""@Name"":""SubjectDomainName"",""#text"":""SERVER002""},{""@Name"":""SubjectLogonId"",""#text"":""0x39737""},{""@Name"":""TargetName"",""#text"":""MicrosoftAccount:user=lpluigi44@gmail.com""},{""@Name"":""Type"",""#text"":""0""},{""@Name"":""CountOfCredentialsReturned"",""#text"":""1""},{""@Name"":""ReadOperation"",""#text"":""%%8100""},{""@Name"":""ReturnCode"",""#text"":""0""},{""@Name"":""ProcessCreationTime"",""#text"":""2025-05-02 10:30:58.8113389""},{""@Name"":""ClientProcessId"",""#text"":""1036""}]}}"
22610,90771,2025-05-02 10:30:59.5593294,5379,LogAlways,Microsoft-Windows-Security-Auditing,Security,688,2772,Server002,218,,Credential Manager credentials were read,lplui,,SID: S-1-5-21-3962163828-2803415714-1403596700-1001,Domain: SERVER002,LogonID: 0x39737,CountOfCredentialsReturned: 1,,ActivityID: 1168e054-bb50-0000-2de1-681150bbdb01,MicrosoftAccount:user=lpluigi44@gmail.com,False,D:\benign_log_combined_latest_used_actually\new_benign\security_32761.evtx,Audit success,0,"{""EventData"":{""Data"":[{""@Name"":""SubjectUserSid"",""#text"":""S-1-5-21-3962163828-2803415714-1403596700-1001""},{""@Name"":""SubjectUserName"",""#text"":""lplui""},{""@Name"":""SubjectDomainName"",""#text"":""SERVER002""},{""@Name"":""SubjectLogonId"",""#text"":""0x39737""},{""@Name"":""TargetName"",""#text"":""MicrosoftAccount:user=lpluigi44@gmail.com""},{""@Name"":""Type"",""#text"":""0""},{""@Name"":""CountOfCredentialsReturned"",""#text"":""1""},{""@Name"":""ReadOperation"",""#text"":""%%8100""},{""@Name"":""ReturnCode"",""#text"":""0""},{""@Name"":""ProcessCreationTime"",""#text"":""2025-05-02 10:30:58.8113389""},{""@Name"":""ClientProcessId"",""#text"":""1036""}]}}"
22611,90772,2025-05-02 10:30:59.5598467,5379,LogAlways,Microsoft-Windows-Security-Auditing,Security,688,2772,Server002,218,,Credential Manager credentials were read,lplui,,SID: S-1-5-21-3962163828-2803415714-1403596700-1001,Domain: SERVER002,LogonID: 0x39737,CountOfCredentialsReturned: 1,,ActivityID: 1168e054-bb50-0000-2de1-681150bbdb01,MicrosoftAccount:user=lpluigi44@gmail.com,False,D:\benign_log_combined_latest_used_actually\new_benign\security_32761.evtx,Audit success,0,"{""EventData"":{""Data"":[{""@Name"":""SubjectUserSid"",""#text"":""S-1-5-21-3962163828-2803415714-1403596700-1001""},{""@Name"":""SubjectUserName"",""#text"":""lplui""},{""@Name"":""SubjectDomainName"",""#text"":""SERVER002""},{""@Name"":""SubjectLogonId"",""#text"":""0x39737""},{""@Name"":""TargetName"",""#text"":""MicrosoftAccount:user=lpluigi44@gmail.com""},{""@Name"":""Type"",""#text"":""0""},{""@Name"":""CountOfCredentialsReturned"",""#text"":""1""},{""@Name"":""ReadOperation"",""#text"":""%%8100""},{""@Name"":""ReturnCode"",""#text"":""0""},{""@Name"":""ProcessCreationTime"",""#text"":""2025-05-02 10:30:58.8113389""},{""@Name"":""ClientProcessId"",""#text"":""1036""}]}}"
22612,90773,2025-05-02 10:30:59.5603471,5379,LogAlways,Microsoft-Windows-Security-Auditing,Security,688,2772,Server002,218,,Credential Manager credentials were read,lplui,,SID: S-1-5-21-3962163828-2803415714-1403596700-1001,Domain: SERVER002,LogonID: 0x39737,CountOfCredentialsReturned: 1,,ActivityID: 1168e054-bb50-0000-2de1-681150bbdb01,MicrosoftAccount:user=lpluigi44@gmail.com,False,D:\benign_log_combined_latest_used_actually\new_benign\security_32761.evtx,Audit success,0,"{""EventData"":{""Data"":[{""@Name"":""SubjectUserSid"",""#text"":""S-1-5-21-3962163828-2803415714-1403596700-1001""},{""@Name"":""SubjectUserName"",""#text"":""lplui""},{""@Name"":""SubjectDomainName"",""#text"":""SERVER002""},{""@Name"":""SubjectLogonId"",""#text"":""0x39737""},{""@Name"":""TargetName"",""#text"":""MicrosoftAccount:user=lpluigi44@gmail.com""},{""@Name"":""Type"",""#text"":""0""},{""@Name"":""CountOfCredentialsReturned"",""#text"":""1""},{""@Name"":""ReadOperation"",""#text"":""%%8100""},{""@Name"":""ReturnCode"",""#text"":""0""},{""@Name"":""ProcessCreationTime"",""#text"":""2025-05-02 10:30:58.8113389""},{""@Name"":""ClientProcessId"",""#text"":""1036""}]}}"
22613,90774,2025-05-02 10:30:59.5608029,5379,LogAlways,Microsoft-Windows-Security-Auditing,Security,688,2772,Server002,218,,Credential Manager credentials were read,lplui,,SID: S-1-5-21-3962163828-2803415714-1403596700-1001,Domain: SERVER002,LogonID: 0x39737,CountOfCredentialsReturned: 1,,ActivityID: 1168e054-bb50-0000-2de1-681150bbdb01,MicrosoftAccount:user=lpluigi44@gmail.com,False,D:\benign_log_combined_latest_used_actually\new_benign\security_32761.evtx,Audit success,0,"{""EventData"":{""Data"":[{""@Name"":""SubjectUserSid"",""#text"":""S-1-5-21-3962163828-2803415714-1403596700-1001""},{""@Name"":""SubjectUserName"",""#text"":""lplui""},{""@Name"":""SubjectDomainName"",""#text"":""SERVER002""},{""@Name"":""SubjectLogonId"",""#text"":""0x39737""},{""@Name"":""TargetName"",""#text"":""MicrosoftAccount:user=lpluigi44@gmail.com""},{""@Name"":""Type"",""#text"":""0""},{""@Name"":""CountOfCredentialsReturned"",""#text"":""1""},{""@Name"":""ReadOperation"",""#text"":""%%8100""},{""@Name"":""ReturnCode"",""#text"":""0""},{""@Name"":""ProcessCreationTime"",""#text"":""2025-05-02 10:30:58.8113389""},{""@Name"":""ClientProcessId"",""#text"":""1036""}]}}"
22614,90775,2025-05-02 10:31:05.3160056,4798,LogAlways,Microsoft-Windows-Security-Auditing,Security,688,2772,Server002,218,,A user's local group membership was enumerated,WORKGROUP\SERVER002$ (S-1-5-18),,Target: SERVER002\Administrator (S-1-5-21-3962163828-2803415714-1403596700-500),SubjectLogonId: 0x3E7,CallerProcessName: C:\Program Files\Malwarebytes\Anti-Malware\MBAMService.exe,CallerProcessId: 0xC90,,,,False,D:\benign_log_combined_latest_used_actually\new_benign\security_32761.evtx,Audit success,0,"{""EventData"":{""Data"":[{""@Name"":""TargetUserName"",""#text"":""Administrator""},{""@Name"":""TargetDomainName"",""#text"":""SERVER002""},{""@Name"":""TargetSid"",""#text"":""S-1-5-21-3962163828-2803415714-1403596700-500""},{""@Name"":""SubjectUserSid"",""#text"":""S-1-5-18""},{""@Name"":""SubjectUserName"",""#text"":""SERVER002$""},{""@Name"":""SubjectDomainName"",""#text"":""WORKGROUP""},{""@Name"":""SubjectLogonId"",""#text"":""0x3E7""},{""@Name"":""CallerProcessId"",""#text"":""0xC90""},{""@Name"":""CallerProcessName"",""#text"":""C:\\Program Files\\Malwarebytes\\Anti-Malware\\MBAMService.exe""}]}}"
22615,90776,2025-05-02 10:31:05.3185850,4798,LogAlways,Microsoft-Windows-Security-Auditing,Security,688,2772,Server002,218,,A user's local group membership was enumerated,WORKGROUP\SERVER002$ (S-1-5-18),,Target: SERVER002\admin_test (S-1-5-21-3962163828-2803415714-1403596700-1006),SubjectLogonId: 0x3E7,CallerProcessName: C:\Program Files\Malwarebytes\Anti-Malware\MBAMService.exe,CallerProcessId: 0xC90,,,,False,D:\benign_log_combined_latest_used_actually\new_benign\security_32761.evtx,Audit success,0,"{""EventData"":{""Data"":[{""@Name"":""TargetUserName"",""#text"":""admin_test""},{""@Name"":""TargetDomainName"",""#text"":""SERVER002""},{""@Name"":""TargetSid"",""#text"":""S-1-5-21-3962163828-2803415714-1403596700-1006""},{""@Name"":""SubjectUserSid"",""#text"":""S-1-5-18""},{""@Name"":""SubjectUserName"",""#text"":""SERVER002$""},{""@Name"":""SubjectDomainName"",""#text"":""WORKGROUP""},{""@Name"":""SubjectLogonId"",""#text"":""0x3E7""},{""@Name"":""CallerProcessId"",""#text"":""0xC90""},{""@Name"":""CallerProcessName"",""#text"":""C:\\Program Files\\Malwarebytes\\Anti-Malware\\MBAMService.exe""}]}}"
22616,90777,2025-05-02 10:31:05.3188867,4798,LogAlways,Microsoft-Windows-Security-Auditing,Security,688,2772,Server002,218,,A user's local group membership was enumerated,WORKGROUP\SERVER002$ (S-1-5-18),,Target: SERVER002\DefaultAccount (S-1-5-21-3962163828-2803415714-1403596700-503),SubjectLogonId: 0x3E7,CallerProcessName: C:\Program Files\Malwarebytes\Anti-Malware\MBAMService.exe,CallerProcessId: 0xC90,,,,False,D:\benign_log_combined_latest_used_actually\new_benign\security_32761.evtx,Audit success,0,"{""EventData"":{""Data"":[{""@Name"":""TargetUserName"",""#text"":""DefaultAccount""},{""@Name"":""TargetDomainName"",""#text"":""SERVER002""},{""@Name"":""TargetSid"",""#text"":""S-1-5-21-3962163828-2803415714-1403596700-503""},{""@Name"":""SubjectUserSid"",""#text"":""S-1-5-18""},{""@Name"":""SubjectUserName"",""#text"":""SERVER002$""},{""@Name"":""SubjectDomainName"",""#text"":""WORKGROUP""},{""@Name"":""SubjectLogonId"",""#text"":""0x3E7""},{""@Name"":""CallerProcessId"",""#text"":""0xC90""},{""@Name"":""CallerProcessName"",""#text"":""C:\\Program Files\\Malwarebytes\\Anti-Malware\\MBAMService.exe""}]}}"
22617,90778,2025-05-02 10:31:05.3191604,4798,LogAlways,Microsoft-Windows-Security-Auditing,Security,688,2772,Server002,218,,A user's local group membership was enumerated,WORKGROUP\SERVER002$ (S-1-5-18),,Target: SERVER002\Guest (S-1-5-21-3962163828-2803415714-1403596700-501),SubjectLogonId: 0x3E7,CallerProcessName: C:\Program Files\Malwarebytes\Anti-Malware\MBAMService.exe,CallerProcessId: 0xC90,,,,False,D:\benign_log_combined_latest_used_actually\new_benign\security_32761.evtx,Audit success,0,"{""EventData"":{""Data"":[{""@Name"":""TargetUserName"",""#text"":""Guest""},{""@Name"":""TargetDomainName"",""#text"":""SERVER002""},{""@Name"":""TargetSid"",""#text"":""S-1-5-21-3962163828-2803415714-1403596700-501""},{""@Name"":""SubjectUserSid"",""#text"":""S-1-5-18""},{""@Name"":""SubjectUserName"",""#text"":""SERVER002$""},{""@Name"":""SubjectDomainName"",""#text"":""WORKGROUP""},{""@Name"":""SubjectLogonId"",""#text"":""0x3E7""},{""@Name"":""CallerProcessId"",""#text"":""0xC90""},{""@Name"":""CallerProcessName"",""#text"":""C:\\Program Files\\Malwarebytes\\Anti-Malware\\MBAMService.exe""}]}}"
22618,90779,2025-05-02 10:31:05.3194788,4798,LogAlways,Microsoft-Windows-Security-Auditing,Security,688,2772,Server002,218,,A user's local group membership was enumerated,WORKGROUP\SERVER002$ (S-1-5-18),,Target: SERVER002\lplui (S-1-5-21-3962163828-2803415714-1403596700-1001),SubjectLogonId: 0x3E7,CallerProcessName: C:\Program Files\Malwarebytes\Anti-Malware\MBAMService.exe,CallerProcessId: 0xC90,,,,False,D:\benign_log_combined_latest_used_actually\new_benign\security_32761.evtx,Audit success,0,"{""EventData"":{""Data"":[{""@Name"":""TargetUserName"",""#text"":""lplui""},{""@Name"":""TargetDomainName"",""#text"":""SERVER002""},{""@Name"":""TargetSid"",""#text"":""S-1-5-21-3962163828-2803415714-1403596700-1001""},{""@Name"":""SubjectUserSid"",""#text"":""S-1-5-18""},{""@Name"":""SubjectUserName"",""#text"":""SERVER002$""},{""@Name"":""SubjectDomainName"",""#text"":""WORKGROUP""},{""@Name"":""SubjectLogonId"",""#text"":""0x3E7""},{""@Name"":""CallerProcessId"",""#text"":""0xC90""},{""@Name"":""CallerProcessName"",""#text"":""C:\\Program Files\\Malwarebytes\\Anti-Malware\\MBAMService.exe""}]}}"
22619,90780,2025-05-02 10:31:05.3197541,4798,LogAlways,Microsoft-Windows-Security-Auditing,Security,688,2772,Server002,218,,A user's local group membership was enumerated,WORKGROUP\SERVER002$ (S-1-5-18),,Target: SERVER002\sshd (S-1-5-21-3962163828-2803415714-1403596700-1002),SubjectLogonId: 0x3E7,CallerProcessName: C:\Program Files\Malwarebytes\Anti-Malware\MBAMService.exe,CallerProcessId: 0xC90,,,,False,D:\benign_log_combined_latest_used_actually\new_benign\security_32761.evtx,Audit success,0,"{""EventData"":{""Data"":[{""@Name"":""TargetUserName"",""#text"":""sshd""},{""@Name"":""TargetDomainName"",""#text"":""SERVER002""},{""@Name"":""TargetSid"",""#text"":""S-1-5-21-3962163828-2803415714-1403596700-1002""},{""@Name"":""SubjectUserSid"",""#text"":""S-1-5-18""},{""@Name"":""SubjectUserName"",""#text"":""SERVER002$""},{""@Name"":""SubjectDomainName"",""#text"":""WORKGROUP""},{""@Name"":""SubjectLogonId"",""#text"":""0x3E7""},{""@Name"":""CallerProcessId"",""#text"":""0xC90""},{""@Name"":""CallerProcessName"",""#text"":""C:\\Program Files\\Malwarebytes\\Anti-Malware\\MBAMService.exe""}]}}"
22620,90781,2025-05-02 10:31:05.3199385,4798,LogAlways,Microsoft-Windows-Security-Auditing,Security,688,2772,Server002,218,,A user's local group membership was enumerated,WORKGROUP\SERVER002$ (S-1-5-18),,Target: SERVER002\testing (S-1-5-21-3962163828-2803415714-1403596700-1005),SubjectLogonId: 0x3E7,CallerProcessName: C:\Program Files\Malwarebytes\Anti-Malware\MBAMService.exe,CallerProcessId: 0xC90,,,,False,D:\benign_log_combined_latest_used_actually\new_benign\security_32761.evtx,Audit success,0,"{""EventData"":{""Data"":[{""@Name"":""TargetUserName"",""#text"":""testing""},{""@Name"":""TargetDomainName"",""#text"":""SERVER002""},{""@Name"":""TargetSid"",""#text"":""S-1-5-21-3962163828-2803415714-1403596700-1005""},{""@Name"":""SubjectUserSid"",""#text"":""S-1-5-18""},{""@Name"":""SubjectUserName"",""#text"":""SERVER002$""},{""@Name"":""SubjectDomainName"",""#text"":""WORKGROUP""},{""@Name"":""SubjectLogonId"",""#text"":""0x3E7""},{""@Name"":""CallerProcessId"",""#text"":""0xC90""},{""@Name"":""CallerProcessName"",""#text"":""C:\\Program Files\\Malwarebytes\\Anti-Malware\\MBAMService.exe""}]}}"
22621,90782,2025-05-02 10:31:05.3201185,4798,LogAlways,Microsoft-Windows-Security-Auditing,Security,688,2772,Server002,218,,A user's local group membership was enumerated,WORKGROUP\SERVER002$ (S-1-5-18),,Target: SERVER002\WDAGUtilityAccount (S-1-5-21-3962163828-2803415714-1403596700-504),SubjectLogonId: 0x3E7,CallerProcessName: C:\Program Files\Malwarebytes\Anti-Malware\MBAMService.exe,CallerProcessId: 0xC90,,,,False,D:\benign_log_combined_latest_used_actually\new_benign\security_32761.evtx,Audit success,0,"{""EventData"":{""Data"":[{""@Name"":""TargetUserName"",""#text"":""WDAGUtilityAccount""},{""@Name"":""TargetDomainName"",""#text"":""SERVER002""},{""@Name"":""TargetSid"",""#text"":""S-1-5-21-3962163828-2803415714-1403596700-504""},{""@Name"":""SubjectUserSid"",""#text"":""S-1-5-18""},{""@Name"":""SubjectUserName"",""#text"":""SERVER002$""},{""@Name"":""SubjectDomainName"",""#text"":""WORKGROUP""},{""@Name"":""SubjectLogonId"",""#text"":""0x3E7""},{""@Name"":""CallerProcessId"",""#text"":""0xC90""},{""@Name"":""CallerProcessName"",""#text"":""C:\\Program Files\\Malwarebytes\\Anti-Malware\\MBAMService.exe""}]}}"
22622,90783,2025-05-02 10:31:05.3212848,4798,LogAlways,Microsoft-Windows-Security-Auditing,Security,688,2772,Server002,218,,A user's local group membership was enumerated,WORKGROUP\SERVER002$ (S-1-5-18),,Target: SERVER002\admin_test (S-1-5-21-3962163828-2803415714-1403596700-1006),SubjectLogonId: 0x3E7,CallerProcessName: C:\Program Files\Malwarebytes\Anti-Malware\MBAMService.exe,CallerProcessId: 0xC90,,,,False,D:\benign_log_combined_latest_used_actually\new_benign\security_32761.evtx,Audit success,0,"{""EventData"":{""Data"":[{""@Name"":""TargetUserName"",""#text"":""admin_test""},{""@Name"":""TargetDomainName"",""#text"":""SERVER002""},{""@Name"":""TargetSid"",""#text"":""S-1-5-21-3962163828-2803415714-1403596700-1006""},{""@Name"":""SubjectUserSid"",""#text"":""S-1-5-18""},{""@Name"":""SubjectUserName"",""#text"":""SERVER002$""},{""@Name"":""SubjectDomainName"",""#text"":""WORKGROUP""},{""@Name"":""SubjectLogonId"",""#text"":""0x3E7""},{""@Name"":""CallerProcessId"",""#text"":""0xC90""},{""@Name"":""CallerProcessName"",""#text"":""C:\\Program Files\\Malwarebytes\\Anti-Malware\\MBAMService.exe""}]}}"
22623,90784,2025-05-02 10:31:05.3220938,4798,LogAlways,Microsoft-Windows-Security-Auditing,Security,688,2772,Server002,218,,A user's local group membership was enumerated,WORKGROUP\SERVER002$ (S-1-5-18),,Target: SERVER002\DefaultAccount (S-1-5-21-3962163828-2803415714-1403596700-503),SubjectLogonId: 0x3E7,CallerProcessName: C:\Program Files\Malwarebytes\Anti-Malware\MBAMService.exe,CallerProcessId: 0xC90,,,,False,D:\benign_log_combined_latest_used_actually\new_benign\security_32761.evtx,Audit success,0,"{""EventData"":{""Data"":[{""@Name"":""TargetUserName"",""#text"":""DefaultAccount""},{""@Name"":""TargetDomainName"",""#text"":""SERVER002""},{""@Name"":""TargetSid"",""#text"":""S-1-5-21-3962163828-2803415714-1403596700-503""},{""@Name"":""SubjectUserSid"",""#text"":""S-1-5-18""},{""@Name"":""SubjectUserName"",""#text"":""SERVER002$""},{""@Name"":""SubjectDomainName"",""#text"":""WORKGROUP""},{""@Name"":""SubjectLogonId"",""#text"":""0x3E7""},{""@Name"":""CallerProcessId"",""#text"":""0xC90""},{""@Name"":""CallerProcessName"",""#text"":""C:\\Program Files\\Malwarebytes\\Anti-Malware\\MBAMService.exe""}]}}"
22624,90785,2025-05-02 10:31:05.3232389,4798,LogAlways,Microsoft-Windows-Security-Auditing,Security,688,2772,Server002,218,,A user's local group membership was enumerated,WORKGROUP\SERVER002$ (S-1-5-18),,Target: SERVER002\lplui (S-1-5-21-3962163828-2803415714-1403596700-1001),SubjectLogonId: 0x3E7,CallerProcessName: C:\Program Files\Malwarebytes\Anti-Malware\MBAMService.exe,CallerProcessId: 0xC90,,,,False,D:\benign_log_combined_latest_used_actually\new_benign\security_32761.evtx,Audit success,0,"{""EventData"":{""Data"":[{""@Name"":""TargetUserName"",""#text"":""lplui""},{""@Name"":""TargetDomainName"",""#text"":""SERVER002""},{""@Name"":""TargetSid"",""#text"":""S-1-5-21-3962163828-2803415714-1403596700-1001""},{""@Name"":""SubjectUserSid"",""#text"":""S-1-5-18""},{""@Name"":""SubjectUserName"",""#text"":""SERVER002$""},{""@Name"":""SubjectDomainName"",""#text"":""WORKGROUP""},{""@Name"":""SubjectLogonId"",""#text"":""0x3E7""},{""@Name"":""CallerProcessId"",""#text"":""0xC90""},{""@Name"":""CallerProcessName"",""#text"":""C:\\Program Files\\Malwarebytes\\Anti-Malware\\MBAMService.exe""}]}}"
22625,90786,2025-05-02 10:31:05.3243661,4798,LogAlways,Microsoft-Windows-Security-Auditing,Security,688,2772,Server002,218,,A user's local group membership was enumerated,WORKGROUP\SERVER002$ (S-1-5-18),,Target: SERVER002\sshd (S-1-5-21-3962163828-2803415714-1403596700-1002),SubjectLogonId: 0x3E7,CallerProcessName: C:\Program Files\Malwarebytes\Anti-Malware\MBAMService.exe,CallerProcessId: 0xC90,,,,False,D:\benign_log_combined_latest_used_actually\new_benign\security_32761.evtx,Audit success,0,"{""EventData"":{""Data"":[{""@Name"":""TargetUserName"",""#text"":""sshd""},{""@Name"":""TargetDomainName"",""#text"":""SERVER002""},{""@Name"":""TargetSid"",""#text"":""S-1-5-21-3962163828-2803415714-1403596700-1002""},{""@Name"":""SubjectUserSid"",""#text"":""S-1-5-18""},{""@Name"":""SubjectUserName"",""#text"":""SERVER002$""},{""@Name"":""SubjectDomainName"",""#text"":""WORKGROUP""},{""@Name"":""SubjectLogonId"",""#text"":""0x3E7""},{""@Name"":""CallerProcessId"",""#text"":""0xC90""},{""@Name"":""CallerProcessName"",""#text"":""C:\\Program Files\\Malwarebytes\\Anti-Malware\\MBAMService.exe""}]}}"
22626,90787,2025-05-02 10:31:05.3249961,4798,LogAlways,Microsoft-Windows-Security-Auditing,Security,688,736,Server002,219,,A user's local group membership was enumerated,WORKGROUP\SERVER002$ (S-1-5-18),,Target: SERVER002\testing (S-1-5-21-3962163828-2803415714-1403596700-1005),SubjectLogonId: 0x3E7,CallerProcessName: C:\Program Files\Malwarebytes\Anti-Malware\MBAMService.exe,CallerProcessId: 0xC90,,,,False,D:\benign_log_combined_latest_used_actually\new_benign\security_32761.evtx,Audit success,0,"{""EventData"":{""Data"":[{""@Name"":""TargetUserName"",""#text"":""testing""},{""@Name"":""TargetDomainName"",""#text"":""SERVER002""},{""@Name"":""TargetSid"",""#text"":""S-1-5-21-3962163828-2803415714-1403596700-1005""},{""@Name"":""SubjectUserSid"",""#text"":""S-1-5-18""},{""@Name"":""SubjectUserName"",""#text"":""SERVER002$""},{""@Name"":""SubjectDomainName"",""#text"":""WORKGROUP""},{""@Name"":""SubjectLogonId"",""#text"":""0x3E7""},{""@Name"":""CallerProcessId"",""#text"":""0xC90""},{""@Name"":""CallerProcessName"",""#text"":""C:\\Program Files\\Malwarebytes\\Anti-Malware\\MBAMService.exe""}]}}"
22627,90788,2025-05-02 10:31:05.3258916,4798,LogAlways,Microsoft-Windows-Security-Auditing,Security,688,736,Server002,219,,A user's local group membership was enumerated,WORKGROUP\SERVER002$ (S-1-5-18),,Target: SERVER002\WDAGUtilityAccount (S-1-5-21-3962163828-2803415714-1403596700-504),SubjectLogonId: 0x3E7,CallerProcessName: C:\Program Files\Malwarebytes\Anti-Malware\MBAMService.exe,CallerProcessId: 0xC90,,,,False,D:\benign_log_combined_latest_used_actually\new_benign\security_32761.evtx,Audit success,592,"{""EventData"":{""Data"":[{""@Name"":""TargetUserName"",""#text"":""WDAGUtilityAccount""},{""@Name"":""TargetDomainName"",""#text"":""SERVER002""},{""@Name"":""TargetSid"",""#text"":""S-1-5-21-3962163828-2803415714-1403596700-504""},{""@Name"":""SubjectUserSid"",""#text"":""S-1-5-18""},{""@Name"":""SubjectUserName"",""#text"":""SERVER002$""},{""@Name"":""SubjectDomainName"",""#text"":""WORKGROUP""},{""@Name"":""SubjectLogonId"",""#text"":""0x3E7""},{""@Name"":""CallerProcessId"",""#text"":""0xC90""},{""@Name"":""CallerProcessName"",""#text"":""C:\\Program Files\\Malwarebytes\\Anti-Malware\\MBAMService.exe""}]}}"
22628,90789,2025-05-02 10:35:54.7129864,4798,LogAlways,Microsoft-Windows-Security-Auditing,Security,688,736,Server002,219,,A user's local group membership was enumerated,WORKGROUP\SERVER002$ (S-1-5-18),,Target: SERVER002\Administrator (S-1-5-21-3962163828-2803415714-1403596700-500),SubjectLogonId: 0x3E7,CallerProcessName: C:\Program Files\Malwarebytes\Anti-Malware\MBAMService.exe,CallerProcessId: 0xC90,,,,False,D:\benign_log_combined_latest_used_actually\new_benign\security_32761.evtx,Audit success,0,"{""EventData"":{""Data"":[{""@Name"":""TargetUserName"",""#text"":""Administrator""},{""@Name"":""TargetDomainName"",""#text"":""SERVER002""},{""@Name"":""TargetSid"",""#text"":""S-1-5-21-3962163828-2803415714-1403596700-500""},{""@Name"":""SubjectUserSid"",""#text"":""S-1-5-18""},{""@Name"":""SubjectUserName"",""#text"":""SERVER002$""},{""@Name"":""SubjectDomainName"",""#text"":""WORKGROUP""},{""@Name"":""SubjectLogonId"",""#text"":""0x3E7""},{""@Name"":""CallerProcessId"",""#text"":""0xC90""},{""@Name"":""CallerProcessName"",""#text"":""C:\\Program Files\\Malwarebytes\\Anti-Malware\\MBAMService.exe""}]}}"
22629,90790,2025-05-02 10:35:54.7131829,4798,LogAlways,Microsoft-Windows-Security-Auditing,Security,688,736,Server002,219,,A user's local group membership was enumerated,WORKGROUP\SERVER002$ (S-1-5-18),,Target: SERVER002\admin_test (S-1-5-21-3962163828-2803415714-1403596700-1006),SubjectLogonId: 0x3E7,CallerProcessName: C:\Program Files\Malwarebytes\Anti-Malware\MBAMService.exe,CallerProcessId: 0xC90,,,,False,D:\benign_log_combined_latest_used_actually\new_benign\security_32761.evtx,Audit success,0,"{""EventData"":{""Data"":[{""@Name"":""TargetUserName"",""#text"":""admin_test""},{""@Name"":""TargetDomainName"",""#text"":""SERVER002""},{""@Name"":""TargetSid"",""#text"":""S-1-5-21-3962163828-2803415714-1403596700-1006""},{""@Name"":""SubjectUserSid"",""#text"":""S-1-5-18""},{""@Name"":""SubjectUserName"",""#text"":""SERVER002$""},{""@Name"":""SubjectDomainName"",""#text"":""WORKGROUP""},{""@Name"":""SubjectLogonId"",""#text"":""0x3E7""},{""@Name"":""CallerProcessId"",""#text"":""0xC90""},{""@Name"":""CallerProcessName"",""#text"":""C:\\Program Files\\Malwarebytes\\Anti-Malware\\MBAMService.exe""}]}}"
22630,90791,2025-05-02 10:35:54.7133133,4798,LogAlways,Microsoft-Windows-Security-Auditing,Security,688,736,Server002,219,,A user's local group membership was enumerated,WORKGROUP\SERVER002$ (S-1-5-18),,Target: SERVER002\DefaultAccount (S-1-5-21-3962163828-2803415714-1403596700-503),SubjectLogonId: 0x3E7,CallerProcessName: C:\Program Files\Malwarebytes\Anti-Malware\MBAMService.exe,CallerProcessId: 0xC90,,,,False,D:\benign_log_combined_latest_used_actually\new_benign\security_32761.evtx,Audit success,0,"{""EventData"":{""Data"":[{""@Name"":""TargetUserName"",""#text"":""DefaultAccount""},{""@Name"":""TargetDomainName"",""#text"":""SERVER002""},{""@Name"":""TargetSid"",""#text"":""S-1-5-21-3962163828-2803415714-1403596700-503""},{""@Name"":""SubjectUserSid"",""#text"":""S-1-5-18""},{""@Name"":""SubjectUserName"",""#text"":""SERVER002$""},{""@Name"":""SubjectDomainName"",""#text"":""WORKGROUP""},{""@Name"":""SubjectLogonId"",""#text"":""0x3E7""},{""@Name"":""CallerProcessId"",""#text"":""0xC90""},{""@Name"":""CallerProcessName"",""#text"":""C:\\Program Files\\Malwarebytes\\Anti-Malware\\MBAMService.exe""}]}}"
22631,90792,2025-05-02 10:35:54.7135702,4798,LogAlways,Microsoft-Windows-Security-Auditing,Security,688,736,Server002,219,,A user's local group membership was enumerated,WORKGROUP\SERVER002$ (S-1-5-18),,Target: SERVER002\Guest (S-1-5-21-3962163828-2803415714-1403596700-501),SubjectLogonId: 0x3E7,CallerProcessName: C:\Program Files\Malwarebytes\Anti-Malware\MBAMService.exe,CallerProcessId: 0xC90,,,,False,D:\benign_log_combined_latest_used_actually\new_benign\security_32761.evtx,Audit success,0,"{""EventData"":{""Data"":[{""@Name"":""TargetUserName"",""#text"":""Guest""},{""@Name"":""TargetDomainName"",""#text"":""SERVER002""},{""@Name"":""TargetSid"",""#text"":""S-1-5-21-3962163828-2803415714-1403596700-501""},{""@Name"":""SubjectUserSid"",""#text"":""S-1-5-18""},{""@Name"":""SubjectUserName"",""#text"":""SERVER002$""},{""@Name"":""SubjectDomainName"",""#text"":""WORKGROUP""},{""@Name"":""SubjectLogonId"",""#text"":""0x3E7""},{""@Name"":""CallerProcessId"",""#text"":""0xC90""},{""@Name"":""CallerProcessName"",""#text"":""C:\\Program Files\\Malwarebytes\\Anti-Malware\\MBAMService.exe""}]}}"
22632,90793,2025-05-02 10:35:54.7137269,4798,LogAlways,Microsoft-Windows-Security-Auditing,Security,688,736,Server002,219,,A user's local group membership was enumerated,WORKGROUP\SERVER002$ (S-1-5-18),,Target: SERVER002\lplui (S-1-5-21-3962163828-2803415714-1403596700-1001),SubjectLogonId: 0x3E7,CallerProcessName: C:\Program Files\Malwarebytes\Anti-Malware\MBAMService.exe,CallerProcessId: 0xC90,,,,False,D:\benign_log_combined_latest_used_actually\new_benign\security_32761.evtx,Audit success,0,"{""EventData"":{""Data"":[{""@Name"":""TargetUserName"",""#text"":""lplui""},{""@Name"":""TargetDomainName"",""#text"":""SERVER002""},{""@Name"":""TargetSid"",""#text"":""S-1-5-21-3962163828-2803415714-1403596700-1001""},{""@Name"":""SubjectUserSid"",""#text"":""S-1-5-18""},{""@Name"":""SubjectUserName"",""#text"":""SERVER002$""},{""@Name"":""SubjectDomainName"",""#text"":""WORKGROUP""},{""@Name"":""SubjectLogonId"",""#text"":""0x3E7""},{""@Name"":""CallerProcessId"",""#text"":""0xC90""},{""@Name"":""CallerProcessName"",""#text"":""C:\\Program Files\\Malwarebytes\\Anti-Malware\\MBAMService.exe""}]}}"
22633,90794,2025-05-02 10:35:54.7138593,4798,LogAlways,Microsoft-Windows-Security-Auditing,Security,688,736,Server002,219,,A user's local group membership was enumerated,WORKGROUP\SERVER002$ (S-1-5-18),,Target: SERVER002\sshd (S-1-5-21-3962163828-2803415714-1403596700-1002),SubjectLogonId: 0x3E7,CallerProcessName: C:\Program Files\Malwarebytes\Anti-Malware\MBAMService.exe,CallerProcessId: 0xC90,,,,False,D:\benign_log_combined_latest_used_actually\new_benign\security_32761.evtx,Audit success,0,"{""EventData"":{""Data"":[{""@Name"":""TargetUserName"",""#text"":""sshd""},{""@Name"":""TargetDomainName"",""#text"":""SERVER002""},{""@Name"":""TargetSid"",""#text"":""S-1-5-21-3962163828-2803415714-1403596700-1002""},{""@Name"":""SubjectUserSid"",""#text"":""S-1-5-18""},{""@Name"":""SubjectUserName"",""#text"":""SERVER002$""},{""@Name"":""SubjectDomainName"",""#text"":""WORKGROUP""},{""@Name"":""SubjectLogonId"",""#text"":""0x3E7""},{""@Name"":""CallerProcessId"",""#text"":""0xC90""},{""@Name"":""CallerProcessName"",""#text"":""C:\\Program Files\\Malwarebytes\\Anti-Malware\\MBAMService.exe""}]}}"
22634,90795,2025-05-02 10:35:54.7139909,4798,LogAlways,Microsoft-Windows-Security-Auditing,Security,688,736,Server002,219,,A user's local group membership was enumerated,WORKGROUP\SERVER002$ (S-1-5-18),,Target: SERVER002\testing (S-1-5-21-3962163828-2803415714-1403596700-1005),SubjectLogonId: 0x3E7,CallerProcessName: C:\Program Files\Malwarebytes\Anti-Malware\MBAMService.exe,CallerProcessId: 0xC90,,,,False,D:\benign_log_combined_latest_used_actually\new_benign\security_32761.evtx,Audit success,0,"{""EventData"":{""Data"":[{""@Name"":""TargetUserName"",""#text"":""testing""},{""@Name"":""TargetDomainName"",""#text"":""SERVER002""},{""@Name"":""TargetSid"",""#text"":""S-1-5-21-3962163828-2803415714-1403596700-1005""},{""@Name"":""SubjectUserSid"",""#text"":""S-1-5-18""},{""@Name"":""SubjectUserName"",""#text"":""SERVER002$""},{""@Name"":""SubjectDomainName"",""#text"":""WORKGROUP""},{""@Name"":""SubjectLogonId"",""#text"":""0x3E7""},{""@Name"":""CallerProcessId"",""#text"":""0xC90""},{""@Name"":""CallerProcessName"",""#text"":""C:\\Program Files\\Malwarebytes\\Anti-Malware\\MBAMService.exe""}]}}"
22635,90796,2025-05-02 10:35:54.7141205,4798,LogAlways,Microsoft-Windows-Security-Auditing,Security,688,736,Server002,219,,A user's local group membership was enumerated,WORKGROUP\SERVER002$ (S-1-5-18),,Target: SERVER002\WDAGUtilityAccount (S-1-5-21-3962163828-2803415714-1403596700-504),SubjectLogonId: 0x3E7,CallerProcessName: C:\Program Files\Malwarebytes\Anti-Malware\MBAMService.exe,CallerProcessId: 0xC90,,,,False,D:\benign_log_combined_latest_used_actually\new_benign\security_32761.evtx,Audit success,0,"{""EventData"":{""Data"":[{""@Name"":""TargetUserName"",""#text"":""WDAGUtilityAccount""},{""@Name"":""TargetDomainName"",""#text"":""SERVER002""},{""@Name"":""TargetSid"",""#text"":""S-1-5-21-3962163828-2803415714-1403596700-504""},{""@Name"":""SubjectUserSid"",""#text"":""S-1-5-18""},{""@Name"":""SubjectUserName"",""#text"":""SERVER002$""},{""@Name"":""SubjectDomainName"",""#text"":""WORKGROUP""},{""@Name"":""SubjectLogonId"",""#text"":""0x3E7""},{""@Name"":""CallerProcessId"",""#text"":""0xC90""},{""@Name"":""CallerProcessName"",""#text"":""C:\\Program Files\\Malwarebytes\\Anti-Malware\\MBAMService.exe""}]}}"
22636,90797,2025-05-02 10:35:54.7149077,4798,LogAlways,Microsoft-Windows-Security-Auditing,Security,688,736,Server002,219,,A user's local group membership was enumerated,WORKGROUP\SERVER002$ (S-1-5-18),,Target: SERVER002\admin_test (S-1-5-21-3962163828-2803415714-1403596700-1006),SubjectLogonId: 0x3E7,CallerProcessName: C:\Program Files\Malwarebytes\Anti-Malware\MBAMService.exe,CallerProcessId: 0xC90,,,,False,D:\benign_log_combined_latest_used_actually\new_benign\security_32761.evtx,Audit success,0,"{""EventData"":{""Data"":[{""@Name"":""TargetUserName"",""#text"":""admin_test""},{""@Name"":""TargetDomainName"",""#text"":""SERVER002""},{""@Name"":""TargetSid"",""#text"":""S-1-5-21-3962163828-2803415714-1403596700-1006""},{""@Name"":""SubjectUserSid"",""#text"":""S-1-5-18""},{""@Name"":""SubjectUserName"",""#text"":""SERVER002$""},{""@Name"":""SubjectDomainName"",""#text"":""WORKGROUP""},{""@Name"":""SubjectLogonId"",""#text"":""0x3E7""},{""@Name"":""CallerProcessId"",""#text"":""0xC90""},{""@Name"":""CallerProcessName"",""#text"":""C:\\Program Files\\Malwarebytes\\Anti-Malware\\MBAMService.exe""}]}}"
22637,90798,2025-05-02 10:35:54.7159841,4798,LogAlways,Microsoft-Windows-Security-Auditing,Security,688,736,Server002,219,,A user's local group membership was enumerated,WORKGROUP\SERVER002$ (S-1-5-18),,Target: SERVER002\DefaultAccount (S-1-5-21-3962163828-2803415714-1403596700-503),SubjectLogonId: 0x3E7,CallerProcessName: C:\Program Files\Malwarebytes\Anti-Malware\MBAMService.exe,CallerProcessId: 0xC90,,,,False,D:\benign_log_combined_latest_used_actually\new_benign\security_32761.evtx,Audit success,0,"{""EventData"":{""Data"":[{""@Name"":""TargetUserName"",""#text"":""DefaultAccount""},{""@Name"":""TargetDomainName"",""#text"":""SERVER002""},{""@Name"":""TargetSid"",""#text"":""S-1-5-21-3962163828-2803415714-1403596700-503""},{""@Name"":""SubjectUserSid"",""#text"":""S-1-5-18""},{""@Name"":""SubjectUserName"",""#text"":""SERVER002$""},{""@Name"":""SubjectDomainName"",""#text"":""WORKGROUP""},{""@Name"":""SubjectLogonId"",""#text"":""0x3E7""},{""@Name"":""CallerProcessId"",""#text"":""0xC90""},{""@Name"":""CallerProcessName"",""#text"":""C:\\Program Files\\Malwarebytes\\Anti-Malware\\MBAMService.exe""}]}}"
22638,90799,2025-05-02 10:35:54.7166607,4798,LogAlways,Microsoft-Windows-Security-Auditing,Security,688,736,Server002,219,,A user's local group membership was enumerated,WORKGROUP\SERVER002$ (S-1-5-18),,Target: SERVER002\lplui (S-1-5-21-3962163828-2803415714-1403596700-1001),SubjectLogonId: 0x3E7,CallerProcessName: C:\Program Files\Malwarebytes\Anti-Malware\MBAMService.exe,CallerProcessId: 0xC90,,,,False,D:\benign_log_combined_latest_used_actually\new_benign\security_32761.evtx,Audit success,0,"{""EventData"":{""Data"":[{""@Name"":""TargetUserName"",""#text"":""lplui""},{""@Name"":""TargetDomainName"",""#text"":""SERVER002""},{""@Name"":""TargetSid"",""#text"":""S-1-5-21-3962163828-2803415714-1403596700-1001""},{""@Name"":""SubjectUserSid"",""#text"":""S-1-5-18""},{""@Name"":""SubjectUserName"",""#text"":""SERVER002$""},{""@Name"":""SubjectDomainName"",""#text"":""WORKGROUP""},{""@Name"":""SubjectLogonId"",""#text"":""0x3E7""},{""@Name"":""CallerProcessId"",""#text"":""0xC90""},{""@Name"":""CallerProcessName"",""#text"":""C:\\Program Files\\Malwarebytes\\Anti-Malware\\MBAMService.exe""}]}}"
22639,90800,2025-05-02 10:35:54.7171412,4798,LogAlways,Microsoft-Windows-Security-Auditing,Security,688,736,Server002,219,,A user's local group membership was enumerated,WORKGROUP\SERVER002$ (S-1-5-18),,Target: SERVER002\sshd (S-1-5-21-3962163828-2803415714-1403596700-1002),SubjectLogonId: 0x3E7,CallerProcessName: C:\Program Files\Malwarebytes\Anti-Malware\MBAMService.exe,CallerProcessId: 0xC90,,,,False,D:\benign_log_combined_latest_used_actually\new_benign\security_32761.evtx,Audit success,0,"{""EventData"":{""Data"":[{""@Name"":""TargetUserName"",""#text"":""sshd""},{""@Name"":""TargetDomainName"",""#text"":""SERVER002""},{""@Name"":""TargetSid"",""#text"":""S-1-5-21-3962163828-2803415714-1403596700-1002""},{""@Name"":""SubjectUserSid"",""#text"":""S-1-5-18""},{""@Name"":""SubjectUserName"",""#text"":""SERVER002$""},{""@Name"":""SubjectDomainName"",""#text"":""WORKGROUP""},{""@Name"":""SubjectLogonId"",""#text"":""0x3E7""},{""@Name"":""CallerProcessId"",""#text"":""0xC90""},{""@Name"":""CallerProcessName"",""#text"":""C:\\Program Files\\Malwarebytes\\Anti-Malware\\MBAMService.exe""}]}}"
22640,90801,2025-05-02 10:35:54.7175618,4798,LogAlways,Microsoft-Windows-Security-Auditing,Security,688,736,Server002,219,,A user's local group membership was enumerated,WORKGROUP\SERVER002$ (S-1-5-18),,Target: SERVER002\testing (S-1-5-21-3962163828-2803415714-1403596700-1005),SubjectLogonId: 0x3E7,CallerProcessName: C:\Program Files\Malwarebytes\Anti-Malware\MBAMService.exe,CallerProcessId: 0xC90,,,,False,D:\benign_log_combined_latest_used_actually\new_benign\security_32761.evtx,Audit success,0,"{""EventData"":{""Data"":[{""@Name"":""TargetUserName"",""#text"":""testing""},{""@Name"":""TargetDomainName"",""#text"":""SERVER002""},{""@Name"":""TargetSid"",""#text"":""S-1-5-21-3962163828-2803415714-1403596700-1005""},{""@Name"":""SubjectUserSid"",""#text"":""S-1-5-18""},{""@Name"":""SubjectUserName"",""#text"":""SERVER002$""},{""@Name"":""SubjectDomainName"",""#text"":""WORKGROUP""},{""@Name"":""SubjectLogonId"",""#text"":""0x3E7""},{""@Name"":""CallerProcessId"",""#text"":""0xC90""},{""@Name"":""CallerProcessName"",""#text"":""C:\\Program Files\\Malwarebytes\\Anti-Malware\\MBAMService.exe""}]}}"
22641,90802,2025-05-02 10:35:54.7180393,4798,LogAlways,Microsoft-Windows-Security-Auditing,Security,688,736,Server002,219,,A user's local group membership was enumerated,WORKGROUP\SERVER002$ (S-1-5-18),,Target: SERVER002\WDAGUtilityAccount (S-1-5-21-3962163828-2803415714-1403596700-504),SubjectLogonId: 0x3E7,CallerProcessName: C:\Program Files\Malwarebytes\Anti-Malware\MBAMService.exe,CallerProcessId: 0xC90,,,,False,D:\benign_log_combined_latest_used_actually\new_benign\security_32761.evtx,Audit success,592,"{""EventData"":{""Data"":[{""@Name"":""TargetUserName"",""#text"":""WDAGUtilityAccount""},{""@Name"":""TargetDomainName"",""#text"":""SERVER002""},{""@Name"":""TargetSid"",""#text"":""S-1-5-21-3962163828-2803415714-1403596700-504""},{""@Name"":""SubjectUserSid"",""#text"":""S-1-5-18""},{""@Name"":""SubjectUserName"",""#text"":""SERVER002$""},{""@Name"":""SubjectDomainName"",""#text"":""WORKGROUP""},{""@Name"":""SubjectLogonId"",""#text"":""0x3E7""},{""@Name"":""CallerProcessId"",""#text"":""0xC90""},{""@Name"":""CallerProcessName"",""#text"":""C:\\Program Files\\Malwarebytes\\Anti-Malware\\MBAMService.exe""}]}}"
22642,90803,2025-05-02 10:40:49.1609224,4798,LogAlways,Microsoft-Windows-Security-Auditing,Security,688,736,Server002,219,,A user's local group membership was enumerated,WORKGROUP\SERVER002$ (S-1-5-18),,Target: SERVER002\Administrator (S-1-5-21-3962163828-2803415714-1403596700-500),SubjectLogonId: 0x3E7,CallerProcessName: C:\Program Files\Malwarebytes\Anti-Malware\MBAMService.exe,CallerProcessId: 0xC90,,,,False,D:\benign_log_combined_latest_used_actually\new_benign\security_32761.evtx,Audit success,0,"{""EventData"":{""Data"":[{""@Name"":""TargetUserName"",""#text"":""Administrator""},{""@Name"":""TargetDomainName"",""#text"":""SERVER002""},{""@Name"":""TargetSid"",""#text"":""S-1-5-21-3962163828-2803415714-1403596700-500""},{""@Name"":""SubjectUserSid"",""#text"":""S-1-5-18""},{""@Name"":""SubjectUserName"",""#text"":""SERVER002$""},{""@Name"":""SubjectDomainName"",""#text"":""WORKGROUP""},{""@Name"":""SubjectLogonId"",""#text"":""0x3E7""},{""@Name"":""CallerProcessId"",""#text"":""0xC90""},{""@Name"":""CallerProcessName"",""#text"":""C:\\Program Files\\Malwarebytes\\Anti-Malware\\MBAMService.exe""}]}}"
22643,90804,2025-05-02 10:40:49.1612181,4798,LogAlways,Microsoft-Windows-Security-Auditing,Security,688,736,Server002,219,,A user's local group membership was enumerated,WORKGROUP\SERVER002$ (S-1-5-18),,Target: SERVER002\admin_test (S-1-5-21-3962163828-2803415714-1403596700-1006),SubjectLogonId: 0x3E7,CallerProcessName: C:\Program Files\Malwarebytes\Anti-Malware\MBAMService.exe,CallerProcessId: 0xC90,,,,False,D:\benign_log_combined_latest_used_actually\new_benign\security_32761.evtx,Audit success,0,"{""EventData"":{""Data"":[{""@Name"":""TargetUserName"",""#text"":""admin_test""},{""@Name"":""TargetDomainName"",""#text"":""SERVER002""},{""@Name"":""TargetSid"",""#text"":""S-1-5-21-3962163828-2803415714-1403596700-1006""},{""@Name"":""SubjectUserSid"",""#text"":""S-1-5-18""},{""@Name"":""SubjectUserName"",""#text"":""SERVER002$""},{""@Name"":""SubjectDomainName"",""#text"":""WORKGROUP""},{""@Name"":""SubjectLogonId"",""#text"":""0x3E7""},{""@Name"":""CallerProcessId"",""#text"":""0xC90""},{""@Name"":""CallerProcessName"",""#text"":""C:\\Program Files\\Malwarebytes\\Anti-Malware\\MBAMService.exe""}]}}"
22644,90805,2025-05-02 10:40:49.1614023,4798,LogAlways,Microsoft-Windows-Security-Auditing,Security,688,736,Server002,219,,A user's local group membership was enumerated,WORKGROUP\SERVER002$ (S-1-5-18),,Target: SERVER002\DefaultAccount (S-1-5-21-3962163828-2803415714-1403596700-503),SubjectLogonId: 0x3E7,CallerProcessName: C:\Program Files\Malwarebytes\Anti-Malware\MBAMService.exe,CallerProcessId: 0xC90,,,,False,D:\benign_log_combined_latest_used_actually\new_benign\security_32761.evtx,Audit success,0,"{""EventData"":{""Data"":[{""@Name"":""TargetUserName"",""#text"":""DefaultAccount""},{""@Name"":""TargetDomainName"",""#text"":""SERVER002""},{""@Name"":""TargetSid"",""#text"":""S-1-5-21-3962163828-2803415714-1403596700-503""},{""@Name"":""SubjectUserSid"",""#text"":""S-1-5-18""},{""@Name"":""SubjectUserName"",""#text"":""SERVER002$""},{""@Name"":""SubjectDomainName"",""#text"":""WORKGROUP""},{""@Name"":""SubjectLogonId"",""#text"":""0x3E7""},{""@Name"":""CallerProcessId"",""#text"":""0xC90""},{""@Name"":""CallerProcessName"",""#text"":""C:\\Program Files\\Malwarebytes\\Anti-Malware\\MBAMService.exe""}]}}"
22645,90806,2025-05-02 10:40:49.1616094,4798,LogAlways,Microsoft-Windows-Security-Auditing,Security,688,2772,Server002,219,,A user's local group membership was enumerated,WORKGROUP\SERVER002$ (S-1-5-18),,Target: SERVER002\Guest (S-1-5-21-3962163828-2803415714-1403596700-501),SubjectLogonId: 0x3E7,CallerProcessName: C:\Program Files\Malwarebytes\Anti-Malware\MBAMService.exe,CallerProcessId: 0xC90,,,,False,D:\benign_log_combined_latest_used_actually\new_benign\security_32761.evtx,Audit success,0,"{""EventData"":{""Data"":[{""@Name"":""TargetUserName"",""#text"":""Guest""},{""@Name"":""TargetDomainName"",""#text"":""SERVER002""},{""@Name"":""TargetSid"",""#text"":""S-1-5-21-3962163828-2803415714-1403596700-501""},{""@Name"":""SubjectUserSid"",""#text"":""S-1-5-18""},{""@Name"":""SubjectUserName"",""#text"":""SERVER002$""},{""@Name"":""SubjectDomainName"",""#text"":""WORKGROUP""},{""@Name"":""SubjectLogonId"",""#text"":""0x3E7""},{""@Name"":""CallerProcessId"",""#text"":""0xC90""},{""@Name"":""CallerProcessName"",""#text"":""C:\\Program Files\\Malwarebytes\\Anti-Malware\\MBAMService.exe""}]}}"
22646,90807,2025-05-02 10:40:49.1618055,4798,LogAlways,Microsoft-Windows-Security-Auditing,Security,688,2772,Server002,219,,A user's local group membership was enumerated,WORKGROUP\SERVER002$ (S-1-5-18),,Target: SERVER002\lplui (S-1-5-21-3962163828-2803415714-1403596700-1001),SubjectLogonId: 0x3E7,CallerProcessName: C:\Program Files\Malwarebytes\Anti-Malware\MBAMService.exe,CallerProcessId: 0xC90,,,,False,D:\benign_log_combined_latest_used_actually\new_benign\security_32761.evtx,Audit success,0,"{""EventData"":{""Data"":[{""@Name"":""TargetUserName"",""#text"":""lplui""},{""@Name"":""TargetDomainName"",""#text"":""SERVER002""},{""@Name"":""TargetSid"",""#text"":""S-1-5-21-3962163828-2803415714-1403596700-1001""},{""@Name"":""SubjectUserSid"",""#text"":""S-1-5-18""},{""@Name"":""SubjectUserName"",""#text"":""SERVER002$""},{""@Name"":""SubjectDomainName"",""#text"":""WORKGROUP""},{""@Name"":""SubjectLogonId"",""#text"":""0x3E7""},{""@Name"":""CallerProcessId"",""#text"":""0xC90""},{""@Name"":""CallerProcessName"",""#text"":""C:\\Program Files\\Malwarebytes\\Anti-Malware\\MBAMService.exe""}]}}"
