11272,79433,2025-04-30 08:10:12.7624851,4624,LogAlways,Microsoft-Windows-Security-Auditing,Security,676,2120,Server002,109,,Successful logon,WORKGROUP\SERVER002$,SERVER002 (-),Target: MicrosoftAccount\lpluigi44@gmail.com,LogonType 7,LogonId: 0xA7D31,AuthenticationPackageName: Negotiate,LogonProcessName: Negotiat,,C:\Windows\System32\lsass.exe,False,D:\benign_log_combined_latest_used_actually\new_benign\security_32761.evtx,Audit success,0,"{""EventData"":{""Data"":[{""@Name"":""SubjectUserSid"",""#text"":""S-1-5-18""},{""@Name"":""SubjectUserName"",""#text"":""SERVER002$""},{""@Name"":""SubjectDomainName"",""#text"":""WORKGROUP""},{""@Name"":""SubjectLogonId"",""#text"":""0x3E7""},{""@Name"":""TargetUserSid"",""#text"":""S-1-5-21-3962163828-2803415714-1403596700-1001""},{""@Name"":""TargetUserName"",""#text"":""lpluigi44@gmail.com""},{""@Name"":""TargetDomainName"",""#text"":""MicrosoftAccount""},{""@Name"":""TargetLogonId"",""#text"":""0xA7D31""},{""@Name"":""LogonType"",""#text"":""7""},{""@Name"":""LogonProcessName"",""#text"":""Negotiat""},{""@Name"":""AuthenticationPackageName"",""#text"":""Negotiate""},{""@Name"":""WorkstationName"",""#text"":""SERVER002""},{""@Name"":""LogonGuid"",""#text"":""00000000-0000-0000-0000-000000000000""},{""@Name"":""TransmittedServices"",""#text"":""-""},{""@Name"":""LmPackageName"",""#text"":""-""},{""@Name"":""KeyLength"",""#text"":""0""},{""@Name"":""ProcessId"",""#text"":""0x2A4""},{""@Name"":""ProcessName"",""#text"":""C:\\Windows\\System32\\lsass.exe""},{""@Name"":""IpAddress"",""#text"":""-""},{""@Name"":""IpPort"",""#text"":""-""},{""@Name"":""ImpersonationLevel"",""#text"":""%%1833""},{""@Name"":""RestrictedAdminMode"",""#text"":""-""},{""@Name"":""TargetOutboundUserName"",""#text"":""-""},{""@Name"":""TargetOutboundDomainName"",""#text"":""-""},{""@Name"":""VirtualAccount"",""#text"":""%%1843""},{""@Name"":""TargetLinkedLogonId"",""#text"":""0xA7E1A""},{""@Name"":""ElevatedToken"",""#text"":""%%1842""}]}}"
11273,79434,2025-04-30 08:10:12.7624991,4624,LogAlways,Microsoft-Windows-Security-Auditing,Security,676,2120,Server002,109,,Successful logon,WORKGROUP\SERVER002$,SERVER002 (-),Target: MicrosoftAccount\lpluigi44@gmail.com,LogonType 7,LogonId: 0xA7E1A,AuthenticationPackageName: Negotiate,LogonProcessName: Negotiat,,C:\Windows\System32\lsass.exe,False,D:\benign_log_combined_latest_used_actually\new_benign\security_32761.evtx,Audit success,0,"{""EventData"":{""Data"":[{""@Name"":""SubjectUserSid"",""#text"":""S-1-5-18""},{""@Name"":""SubjectUserName"",""#text"":""SERVER002$""},{""@Name"":""SubjectDomainName"",""#text"":""WORKGROUP""},{""@Name"":""SubjectLogonId"",""#text"":""0x3E7""},{""@Name"":""TargetUserSid"",""#text"":""S-1-5-21-3962163828-2803415714-1403596700-1001""},{""@Name"":""TargetUserName"",""#text"":""lpluigi44@gmail.com""},{""@Name"":""TargetDomainName"",""#text"":""MicrosoftAccount""},{""@Name"":""TargetLogonId"",""#text"":""0xA7E1A""},{""@Name"":""LogonType"",""#text"":""7""},{""@Name"":""LogonProcessName"",""#text"":""Negotiat""},{""@Name"":""AuthenticationPackageName"",""#text"":""Negotiate""},{""@Name"":""WorkstationName"",""#text"":""SERVER002""},{""@Name"":""LogonGuid"",""#text"":""00000000-0000-0000-0000-000000000000""},{""@Name"":""TransmittedServices"",""#text"":""-""},{""@Name"":""LmPackageName"",""#text"":""-""},{""@Name"":""KeyLength"",""#text"":""0""},{""@Name"":""ProcessId"",""#text"":""0x2A4""},{""@Name"":""ProcessName"",""#text"":""C:\\Windows\\System32\\lsass.exe""},{""@Name"":""IpAddress"",""#text"":""-""},{""@Name"":""IpPort"",""#text"":""-""},{""@Name"":""ImpersonationLevel"",""#text"":""%%1833""},{""@Name"":""RestrictedAdminMode"",""#text"":""-""},{""@Name"":""TargetOutboundUserName"",""#text"":""-""},{""@Name"":""TargetOutboundDomainName"",""#text"":""-""},{""@Name"":""VirtualAccount"",""#text"":""%%1843""},{""@Name"":""TargetLinkedLogonId"",""#text"":""0xA7D31""},{""@Name"":""ElevatedToken"",""#text"":""%%1843""}]}}"
11274,79435,2025-04-30 08:10:12.7625031,4672,LogAlways,Microsoft-Windows-Security-Auditing,Security,676,2120,Server002,109,,Administrative logon,MicrosoftAccount\lpluigi44@gmail.com (S-1-5-21-3962163828-2803415714-1403596700-1001),,"PrivilegeList: SeSecurityPrivilege, SeTakeOwnershipPrivilege, SeLoadDriverPrivilege, SeBackupPrivilege, SeRestorePrivilege, SeDebugPrivilege, SeSystemEnvironmentPrivilege, SeImpersonatePrivilege, SeDelegateSessionUserImpersonatePrivilege",LogonId: 0xA7D31,,,,,,False,D:\benign_log_combined_latest_used_actually\new_benign\security_32761.evtx,Audit success,0,"{""EventData"":{""Data"":[{""@Name"":""SubjectUserSid"",""#text"":""S-1-5-21-3962163828-2803415714-1403596700-1001""},{""@Name"":""SubjectUserName"",""#text"":""lpluigi44@gmail.com""},{""@Name"":""SubjectDomainName"",""#text"":""MicrosoftAccount""},{""@Name"":""SubjectLogonId"",""#text"":""0xA7D31""},{""@Name"":""PrivilegeList"",""#text"":""SeSecurityPrivilege, SeTakeOwnershipPrivilege, SeLoadDriverPrivilege, SeBackupPrivilege, SeRestorePrivilege, SeDebugPrivilege, SeSystemEnvironmentPrivilege, SeImpersonatePrivilege, SeDelegateSessionUserImpersonatePrivilege""}]}}"
11275,79436,2025-04-30 08:10:12.7630718,4634,LogAlways,Microsoft-Windows-Security-Auditing,Security,676,732,Server002,109,,An account was logged off,,,Target: SERVER002\lplui,LogonType 2,LogonId: 0xA0978,,,,,False,D:\benign_log_combined_latest_used_actually\new_benign\security_32761.evtx,Audit success,0,"{""EventData"":{""Data"":[{""@Name"":""TargetUserSid"",""#text"":""S-1-5-21-3962163828-2803415714-1403596700-1001""},{""@Name"":""TargetUserName"",""#text"":""lplui""},{""@Name"":""TargetDomainName"",""#text"":""SERVER002""},{""@Name"":""TargetLogonId"",""#text"":""0xA0978""},{""@Name"":""LogonType"",""#text"":""2""}]}}"
