15082,83243,2025-04-30 19:06:13.6966891,5379,LogAlways,Microsoft-Windows-Security-Auditing,Security,676,720,Server002,146,,Credential Manager credentials were read,lplui,,SID: S-1-5-21-3962163828-2803415714-1403596700-1001,Domain: SERVER002,LogonID: 0x3D79D,CountOfCredentialsReturned: 1,,ActivityID: f10ad359-b9b7-0000-75d4-0af1b7b9db01,MicrosoftAccount:user=lpluigi44@gmail.com,False,D:\benign_log_combined_latest_used_actually\new_benign\security_32761.evtx,Audit success,0,"{""EventData"":{""Data"":[{""@Name"":""SubjectUserSid"",""#text"":""S-1-5-21-3962163828-2803415714-1403596700-1001""},{""@Name"":""SubjectUserName"",""#text"":""lplui""},{""@Name"":""SubjectDomainName"",""#text"":""SERVER002""},{""@Name"":""SubjectLogonId"",""#text"":""0x3D79D""},{""@Name"":""TargetName"",""#text"":""MicrosoftAccount:user=lpluigi44@gmail.com""},{""@Name"":""Type"",""#text"":""0""},{""@Name"":""CountOfCredentialsReturned"",""#text"":""1""},{""@Name"":""ReadOperation"",""#text"":""%%8100""},{""@Name"":""ReturnCode"",""#text"":""0""},{""@Name"":""ProcessCreationTime"",""#text"":""2025-04-30 19:05:25.0967229""},{""@Name"":""ClientProcessId"",""#text"":""2212""}]}}"
15083,83244,2025-04-30 19:06:13.6970566,5379,LogAlways,Microsoft-Windows-Security-Auditing,Security,676,720,Server002,146,,Credential Manager credentials were read,lplui,,SID: S-1-5-21-3962163828-2803415714-1403596700-1001,Domain: SERVER002,LogonID: 0x3D79D,CountOfCredentialsReturned: 1,,ActivityID: f10ad359-b9b7-0000-75d4-0af1b7b9db01,MicrosoftAccount:user=lpluigi44@gmail.com,False,D:\benign_log_combined_latest_used_actually\new_benign\security_32761.evtx,Audit success,0,"{""EventData"":{""Data"":[{""@Name"":""SubjectUserSid"",""#text"":""S-1-5-21-3962163828-2803415714-1403596700-1001""},{""@Name"":""SubjectUserName"",""#text"":""lplui""},{""@Name"":""SubjectDomainName"",""#text"":""SERVER002""},{""@Name"":""SubjectLogonId"",""#text"":""0x3D79D""},{""@Name"":""TargetName"",""#text"":""MicrosoftAccount:user=lpluigi44@gmail.com""},{""@Name"":""Type"",""#text"":""0""},{""@Name"":""CountOfCredentialsReturned"",""#text"":""1""},{""@Name"":""ReadOperation"",""#text"":""%%8100""},{""@Name"":""ReturnCode"",""#text"":""0""},{""@Name"":""ProcessCreationTime"",""#text"":""2025-04-30 19:05:25.0967229""},{""@Name"":""ClientProcessId"",""#text"":""2212""}]}}"
15084,83245,2025-04-30 19:06:13.6973299,5379,LogAlways,Microsoft-Windows-Security-Auditing,Security,676,720,Server002,146,,Credential Manager credentials were read,lplui,,SID: S-1-5-21-3962163828-2803415714-1403596700-1001,Domain: SERVER002,LogonID: 0x3D79D,CountOfCredentialsReturned: 1,,ActivityID: f10ad359-b9b7-0000-75d4-0af1b7b9db01,MicrosoftAccount:user=lpluigi44@gmail.com,False,D:\benign_log_combined_latest_used_actually\new_benign\security_32761.evtx,Audit success,0,"{""EventData"":{""Data"":[{""@Name"":""SubjectUserSid"",""#text"":""S-1-5-21-3962163828-2803415714-1403596700-1001""},{""@Name"":""SubjectUserName"",""#text"":""lplui""},{""@Name"":""SubjectDomainName"",""#text"":""SERVER002""},{""@Name"":""SubjectLogonId"",""#text"":""0x3D79D""},{""@Name"":""TargetName"",""#text"":""MicrosoftAccount:user=lpluigi44@gmail.com""},{""@Name"":""Type"",""#text"":""0""},{""@Name"":""CountOfCredentialsReturned"",""#text"":""1""},{""@Name"":""ReadOperation"",""#text"":""%%8100""},{""@Name"":""ReturnCode"",""#text"":""0""},{""@Name"":""ProcessCreationTime"",""#text"":""2025-04-30 19:05:25.0967229""},{""@Name"":""ClientProcessId"",""#text"":""2212""}]}}"
15085,83246,2025-04-30 19:06:13.6976522,5379,LogAlways,Microsoft-Windows-Security-Auditing,Security,676,720,Server002,146,,Credential Manager credentials were read,lplui,,SID: S-1-5-21-3962163828-2803415714-1403596700-1001,Domain: SERVER002,LogonID: 0x3D79D,CountOfCredentialsReturned: 1,,ActivityID: f10ad359-b9b7-0000-75d4-0af1b7b9db01,MicrosoftAccount:user=lpluigi44@gmail.com,False,D:\benign_log_combined_latest_used_actually\new_benign\security_32761.evtx,Audit success,0,"{""EventData"":{""Data"":[{""@Name"":""SubjectUserSid"",""#text"":""S-1-5-21-3962163828-2803415714-1403596700-1001""},{""@Name"":""SubjectUserName"",""#text"":""lplui""},{""@Name"":""SubjectDomainName"",""#text"":""SERVER002""},{""@Name"":""SubjectLogonId"",""#text"":""0x3D79D""},{""@Name"":""TargetName"",""#text"":""MicrosoftAccount:user=lpluigi44@gmail.com""},{""@Name"":""Type"",""#text"":""0""},{""@Name"":""CountOfCredentialsReturned"",""#text"":""1""},{""@Name"":""ReadOperation"",""#text"":""%%8100""},{""@Name"":""ReturnCode"",""#text"":""0""},{""@Name"":""ProcessCreationTime"",""#text"":""2025-04-30 19:05:25.0967229""},{""@Name"":""ClientProcessId"",""#text"":""2212""}]}}"
15086,83247,2025-04-30 19:06:13.6979100,5379,LogAlways,Microsoft-Windows-Security-Auditing,Security,676,720,Server002,146,,Credential Manager credentials were read,lplui,,SID: S-1-5-21-3962163828-2803415714-1403596700-1001,Domain: SERVER002,LogonID: 0x3D79D,CountOfCredentialsReturned: 1,,ActivityID: f10ad359-b9b7-0000-75d4-0af1b7b9db01,MicrosoftAccount:user=lpluigi44@gmail.com,False,D:\benign_log_combined_latest_used_actually\new_benign\security_32761.evtx,Audit success,0,"{""EventData"":{""Data"":[{""@Name"":""SubjectUserSid"",""#text"":""S-1-5-21-3962163828-2803415714-1403596700-1001""},{""@Name"":""SubjectUserName"",""#text"":""lplui""},{""@Name"":""SubjectDomainName"",""#text"":""SERVER002""},{""@Name"":""SubjectLogonId"",""#text"":""0x3D79D""},{""@Name"":""TargetName"",""#text"":""MicrosoftAccount:user=lpluigi44@gmail.com""},{""@Name"":""Type"",""#text"":""0""},{""@Name"":""CountOfCredentialsReturned"",""#text"":""1""},{""@Name"":""ReadOperation"",""#text"":""%%8100""},{""@Name"":""ReturnCode"",""#text"":""0""},{""@Name"":""ProcessCreationTime"",""#text"":""2025-04-30 19:05:25.0967229""},{""@Name"":""ClientProcessId"",""#text"":""2212""}]}}"
15087,83248,2025-04-30 19:06:13.6982801,5379,LogAlways,Microsoft-Windows-Security-Auditing,Security,676,720,Server002,146,,Credential Manager credentials were read,lplui,,SID: S-1-5-21-3962163828-2803415714-1403596700-1001,Domain: SERVER002,LogonID: 0x3D79D,CountOfCredentialsReturned: 1,,ActivityID: f10ad359-b9b7-0000-75d4-0af1b7b9db01,MicrosoftAccount:user=lpluigi44@gmail.com,False,D:\benign_log_combined_latest_used_actually\new_benign\security_32761.evtx,Audit success,0,"{""EventData"":{""Data"":[{""@Name"":""SubjectUserSid"",""#text"":""S-1-5-21-3962163828-2803415714-1403596700-1001""},{""@Name"":""SubjectUserName"",""#text"":""lplui""},{""@Name"":""SubjectDomainName"",""#text"":""SERVER002""},{""@Name"":""SubjectLogonId"",""#text"":""0x3D79D""},{""@Name"":""TargetName"",""#text"":""MicrosoftAccount:user=lpluigi44@gmail.com""},{""@Name"":""Type"",""#text"":""0""},{""@Name"":""CountOfCredentialsReturned"",""#text"":""1""},{""@Name"":""ReadOperation"",""#text"":""%%8100""},{""@Name"":""ReturnCode"",""#text"":""0""},{""@Name"":""ProcessCreationTime"",""#text"":""2025-04-30 19:05:25.0967229""},{""@Name"":""ClientProcessId"",""#text"":""2212""}]}}"
15088,83249,2025-04-30 19:06:13.6985933,5379,LogAlways,Microsoft-Windows-Security-Auditing,Security,676,720,Server002,146,,Credential Manager credentials were read,lplui,,SID: S-1-5-21-3962163828-2803415714-1403596700-1001,Domain: SERVER002,LogonID: 0x3D79D,CountOfCredentialsReturned: 1,,ActivityID: f10ad359-b9b7-0000-75d4-0af1b7b9db01,MicrosoftAccount:user=lpluigi44@gmail.com,False,D:\benign_log_combined_latest_used_actually\new_benign\security_32761.evtx,Audit success,0,"{""EventData"":{""Data"":[{""@Name"":""SubjectUserSid"",""#text"":""S-1-5-21-3962163828-2803415714-1403596700-1001""},{""@Name"":""SubjectUserName"",""#text"":""lplui""},{""@Name"":""SubjectDomainName"",""#text"":""SERVER002""},{""@Name"":""SubjectLogonId"",""#text"":""0x3D79D""},{""@Name"":""TargetName"",""#text"":""MicrosoftAccount:user=lpluigi44@gmail.com""},{""@Name"":""Type"",""#text"":""0""},{""@Name"":""CountOfCredentialsReturned"",""#text"":""1""},{""@Name"":""ReadOperation"",""#text"":""%%8100""},{""@Name"":""ReturnCode"",""#text"":""0""},{""@Name"":""ProcessCreationTime"",""#text"":""2025-04-30 19:05:25.0967229""},{""@Name"":""ClientProcessId"",""#text"":""2212""}]}}"
15089,83250,2025-04-30 19:06:13.6990053,5379,LogAlways,Microsoft-Windows-Security-Auditing,Security,676,720,Server002,146,,Credential Manager credentials were read,lplui,,SID: S-1-5-21-3962163828-2803415714-1403596700-1001,Domain: SERVER002,LogonID: 0x3D79D,CountOfCredentialsReturned: 1,,ActivityID: f10ad359-b9b7-0000-75d4-0af1b7b9db01,MicrosoftAccount:user=lpluigi44@gmail.com,False,D:\benign_log_combined_latest_used_actually\new_benign\security_32761.evtx,Audit success,0,"{""EventData"":{""Data"":[{""@Name"":""SubjectUserSid"",""#text"":""S-1-5-21-3962163828-2803415714-1403596700-1001""},{""@Name"":""SubjectUserName"",""#text"":""lplui""},{""@Name"":""SubjectDomainName"",""#text"":""SERVER002""},{""@Name"":""SubjectLogonId"",""#text"":""0x3D79D""},{""@Name"":""TargetName"",""#text"":""MicrosoftAccount:user=lpluigi44@gmail.com""},{""@Name"":""Type"",""#text"":""0""},{""@Name"":""CountOfCredentialsReturned"",""#text"":""1""},{""@Name"":""ReadOperation"",""#text"":""%%8100""},{""@Name"":""ReturnCode"",""#text"":""0""},{""@Name"":""ProcessCreationTime"",""#text"":""2025-04-30 19:05:25.0967229""},{""@Name"":""ClientProcessId"",""#text"":""2212""}]}}"
15090,83251,2025-04-30 19:06:13.7388181,5379,LogAlways,Microsoft-Windows-Security-Auditing,Security,676,720,Server002,146,,Credential Manager credentials were read,lplui,,SID: S-1-5-21-3962163828-2803415714-1403596700-1001,Domain: SERVER002,LogonID: 0x3D79D,CountOfCredentialsReturned: 1,,ActivityID: f10ad359-b9b7-0000-75d4-0af1b7b9db01,MicrosoftAccount:user=lpluigi44@gmail.com,False,D:\benign_log_combined_latest_used_actually\new_benign\security_32761.evtx,Audit success,0,"{""EventData"":{""Data"":[{""@Name"":""SubjectUserSid"",""#text"":""S-1-5-21-3962163828-2803415714-1403596700-1001""},{""@Name"":""SubjectUserName"",""#text"":""lplui""},{""@Name"":""SubjectDomainName"",""#text"":""SERVER002""},{""@Name"":""SubjectLogonId"",""#text"":""0x3D79D""},{""@Name"":""TargetName"",""#text"":""MicrosoftAccount:user=lpluigi44@gmail.com""},{""@Name"":""Type"",""#text"":""0""},{""@Name"":""CountOfCredentialsReturned"",""#text"":""1""},{""@Name"":""ReadOperation"",""#text"":""%%8100""},{""@Name"":""ReturnCode"",""#text"":""0""},{""@Name"":""ProcessCreationTime"",""#text"":""2025-04-30 19:05:25.0967229""},{""@Name"":""ClientProcessId"",""#text"":""2212""}]}}"
15091,83252,2025-04-30 19:06:13.7396245,5379,LogAlways,Microsoft-Windows-Security-Auditing,Security,676,2660,Server002,146,,Credential Manager credentials were read,lplui,,SID: S-1-5-21-3962163828-2803415714-1403596700-1001,Domain: SERVER002,LogonID: 0x3D79D,CountOfCredentialsReturned: 1,,ActivityID: f10ad359-b9b7-0000-75d4-0af1b7b9db01,MicrosoftAccount:user=lpluigi44@gmail.com,False,D:\benign_log_combined_latest_used_actually\new_benign\security_32761.evtx,Audit success,0,"{""EventData"":{""Data"":[{""@Name"":""SubjectUserSid"",""#text"":""S-1-5-21-3962163828-2803415714-1403596700-1001""},{""@Name"":""SubjectUserName"",""#text"":""lplui""},{""@Name"":""SubjectDomainName"",""#text"":""SERVER002""},{""@Name"":""SubjectLogonId"",""#text"":""0x3D79D""},{""@Name"":""TargetName"",""#text"":""MicrosoftAccount:user=lpluigi44@gmail.com""},{""@Name"":""Type"",""#text"":""0""},{""@Name"":""CountOfCredentialsReturned"",""#text"":""1""},{""@Name"":""ReadOperation"",""#text"":""%%8100""},{""@Name"":""ReturnCode"",""#text"":""0""},{""@Name"":""ProcessCreationTime"",""#text"":""2025-04-30 19:05:25.0967229""},{""@Name"":""ClientProcessId"",""#text"":""2212""}]}}"
15092,83253,2025-04-30 19:06:13.7400376,5379,LogAlways,Microsoft-Windows-Security-Auditing,Security,676,720,Server002,146,,Credential Manager credentials were read,lplui,,SID: S-1-5-21-3962163828-2803415714-1403596700-1001,Domain: SERVER002,LogonID: 0x3D79D,CountOfCredentialsReturned: 1,,ActivityID: f10ad359-b9b7-0000-75d4-0af1b7b9db01,MicrosoftAccount:user=lpluigi44@gmail.com,False,D:\benign_log_combined_latest_used_actually\new_benign\security_32761.evtx,Audit success,0,"{""EventData"":{""Data"":[{""@Name"":""SubjectUserSid"",""#text"":""S-1-5-21-3962163828-2803415714-1403596700-1001""},{""@Name"":""SubjectUserName"",""#text"":""lplui""},{""@Name"":""SubjectDomainName"",""#text"":""SERVER002""},{""@Name"":""SubjectLogonId"",""#text"":""0x3D79D""},{""@Name"":""TargetName"",""#text"":""MicrosoftAccount:user=lpluigi44@gmail.com""},{""@Name"":""Type"",""#text"":""0""},{""@Name"":""CountOfCredentialsReturned"",""#text"":""1""},{""@Name"":""ReadOperation"",""#text"":""%%8100""},{""@Name"":""ReturnCode"",""#text"":""0""},{""@Name"":""ProcessCreationTime"",""#text"":""2025-04-30 19:05:25.0967229""},{""@Name"":""ClientProcessId"",""#text"":""2212""}]}}"
15093,83254,2025-04-30 19:06:13.7403115,5379,LogAlways,Microsoft-Windows-Security-Auditing,Security,676,720,Server002,146,,Credential Manager credentials were read,lplui,,SID: S-1-5-21-3962163828-2803415714-1403596700-1001,Domain: SERVER002,LogonID: 0x3D79D,CountOfCredentialsReturned: 1,,ActivityID: f10ad359-b9b7-0000-75d4-0af1b7b9db01,MicrosoftAccount:user=lpluigi44@gmail.com,False,D:\benign_log_combined_latest_used_actually\new_benign\security_32761.evtx,Audit success,0,"{""EventData"":{""Data"":[{""@Name"":""SubjectUserSid"",""#text"":""S-1-5-21-3962163828-2803415714-1403596700-1001""},{""@Name"":""SubjectUserName"",""#text"":""lplui""},{""@Name"":""SubjectDomainName"",""#text"":""SERVER002""},{""@Name"":""SubjectLogonId"",""#text"":""0x3D79D""},{""@Name"":""TargetName"",""#text"":""MicrosoftAccount:user=lpluigi44@gmail.com""},{""@Name"":""Type"",""#text"":""0""},{""@Name"":""CountOfCredentialsReturned"",""#text"":""1""},{""@Name"":""ReadOperation"",""#text"":""%%8100""},{""@Name"":""ReturnCode"",""#text"":""0""},{""@Name"":""ProcessCreationTime"",""#text"":""2025-04-30 19:05:25.0967229""},{""@Name"":""ClientProcessId"",""#text"":""2212""}]}}"
