40962,59114,2025-05-01 17:45:33.5345203,1,Info,Microsoft-Windows-Sysmon,Microsoft-Windows-Sysmon/Operational,2632,4140,Server002,759,S-1-5-18,Process creation,SERVER002\lplui,,"ProcessID: 9244, ProcessGUID: dbf410b3-b33d-6813-580c-000000004400",RuleName: -,SHA256=579DFCED8F02A7E1E6E8DF10C400117D3127EAD7231776A1E467EB507261E920,ParentProcess: C:\Windows\System32\svchost.exe,"ParentProcessID: 784, ParentProcessGUID: dbf410b3-f6dc-6811-0d00-000000004400",ParentCommandLine: C:\Windows\system32\svchost.exe -k DcomLaunch -p,C:\Windows\System32\RuntimeBroker.exe -Embedding,False,D:\benign_log_combined_latest_used_actually\new_benign\sysmon_48113.evtx,Classic,0,"{""EventData"":{""Data"":[{""@Name"":""RuleName"",""#text"":""-""},{""@Name"":""UtcTime"",""#text"":""2025-05-01 17:45:33.532""},{""@Name"":""ProcessGuid"",""#text"":""dbf410b3-b33d-6813-580c-000000004400""},{""@Name"":""ProcessId"",""#text"":""9244""},{""@Name"":""Image"",""#text"":""C:\\Windows\\System32\\RuntimeBroker.exe""},{""@Name"":""FileVersion"",""#text"":""10.0.19041.4355 (WinBuild.160101.0800)""},{""@Name"":""Description"",""#text"":""Runtime Broker""},{""@Name"":""Product"",""#text"":""Microsoft® Windows® Operating System""},{""@Name"":""Company"",""#text"":""Microsoft Corporation""},{""@Name"":""OriginalFileName"",""#text"":""RuntimeBroker.exe""},{""@Name"":""CommandLine"",""#text"":""C:\\Windows\\System32\\RuntimeBroker.exe -Embedding""},{""@Name"":""CurrentDirectory"",""#text"":""C:\\Windows\\system32\\""},{""@Name"":""User"",""#text"":""SERVER002\\lplui""},{""@Name"":""LogonGuid"",""#text"":""dbf410b3-dac5-6811-9dd7-030000000000""},{""@Name"":""LogonId"",""#text"":""0x3D79D""},{""@Name"":""TerminalSessionId"",""#text"":""1""},{""@Name"":""IntegrityLevel"",""#text"":""Medium""},{""@Name"":""Hashes"",""#text"":""SHA256=579DFCED8F02A7E1E6E8DF10C400117D3127EAD7231776A1E467EB507261E920""},{""@Name"":""ParentProcessGuid"",""#text"":""dbf410b3-f6dc-6811-0d00-000000004400""},{""@Name"":""ParentProcessId"",""#text"":""784""},{""@Name"":""ParentImage"",""#text"":""C:\\Windows\\System32\\svchost.exe""},{""@Name"":""ParentCommandLine"",""#text"":""C:\\Windows\\system32\\svchost.exe -k DcomLaunch -p""},{""@Name"":""ParentUser"",""#text"":""NT AUTHORITY\\SYSTEM""}]}}"
40963,59115,2025-05-01 17:45:33.6416331,5,Info,Microsoft-Windows-Sysmon,Microsoft-Windows-Sysmon/Operational,2632,4140,Server002,759,S-1-5-18,Process terminated,SERVER002\lplui,,"ProcessID: 2820, ProcessGUID: dbf410b3-b33d-6813-570c-000000004400",,,,,,C:\Windows\System32\backgroundTaskHost.exe,False,D:\benign_log_combined_latest_used_actually\new_benign\sysmon_48113.evtx,Classic,0,"{""EventData"":{""Data"":[{""@Name"":""RuleName"",""#text"":""-""},{""@Name"":""UtcTime"",""#text"":""2025-05-01 17:45:33.637""},{""@Name"":""ProcessGuid"",""#text"":""dbf410b3-b33d-6813-570c-000000004400""},{""@Name"":""ProcessId"",""#text"":""2820""},{""@Name"":""Image"",""#text"":""C:\\Windows\\System32\\backgroundTaskHost.exe""},{""@Name"":""User"",""#text"":""SERVER002\\lplui""}]}}"
40964,59116,2025-05-01 17:45:34.4146241,1,Info,Microsoft-Windows-Sysmon,Microsoft-Windows-Sysmon/Operational,2632,4140,Server002,759,S-1-5-18,Process creation,NT AUTHORITY\NETWORK SERVICE,,"ProcessID: 9372, ProcessGUID: dbf410b3-b33e-6813-590c-000000004400",RuleName: -,SHA256=F107A70BC849DA8C0CBB8D8C0839B5123AE6FFF2814E7D12692254F3DA3D9755,ParentProcess: C:\Windows\System32\services.exe,"ParentProcessID: 668, ParentProcessGUID: dbf410b3-f6db-6811-0b00-000000004400",ParentCommandLine: C:\Windows\system32\services.exe,C:\Windows\system32\sppsvc.exe,False,D:\benign_log_combined_latest_used_actually\new_benign\sysmon_48113.evtx,Classic,0,"{""EventData"":{""Data"":[{""@Name"":""RuleName"",""#text"":""-""},{""@Name"":""UtcTime"",""#text"":""2025-05-01 17:45:34.411""},{""@Name"":""ProcessGuid"",""#text"":""dbf410b3-b33e-6813-590c-000000004400""},{""@Name"":""ProcessId"",""#text"":""9372""},{""@Name"":""Image"",""#text"":""C:\\Windows\\System32\\sppsvc.exe""},{""@Name"":""FileVersion"",""#text"":""10.0.19041.5737 (WinBuild.160101.0800)""},{""@Name"":""Description"",""#text"":""Microsoft Software Protection Platform Service""},{""@Name"":""Product"",""#text"":""Microsoft® Windows® Operating System""},{""@Name"":""Company"",""#text"":""Microsoft Corporation""},{""@Name"":""OriginalFileName"",""#text"":""sppsvc.exe""},{""@Name"":""CommandLine"",""#text"":""C:\\Windows\\system32\\sppsvc.exe""},{""@Name"":""CurrentDirectory"",""#text"":""C:\\Windows""},{""@Name"":""User"",""#text"":""NT AUTHORITY\\NETWORK SERVICE""},{""@Name"":""LogonGuid"",""#text"":""dbf410b3-f6dc-6811-e403-000000000000""},{""@Name"":""LogonId"",""#text"":""0x3E4""},{""@Name"":""TerminalSessionId"",""#text"":""0""},{""@Name"":""IntegrityLevel"",""#text"":""System""},{""@Name"":""Hashes"",""#text"":""SHA256=F107A70BC849DA8C0CBB8D8C0839B5123AE6FFF2814E7D12692254F3DA3D9755""},{""@Name"":""ParentProcessGuid"",""#text"":""dbf410b3-f6db-6811-0b00-000000004400""},{""@Name"":""ParentProcessId"",""#text"":""668""},{""@Name"":""ParentImage"",""#text"":""C:\\Windows\\System32\\services.exe""},{""@Name"":""ParentCommandLine"",""#text"":""C:\\Windows\\system32\\services.exe""},{""@Name"":""ParentUser"",""#text"":""NT AUTHORITY\\SYSTEM""}]}}"
40965,59117,2025-05-01 17:45:34.7432908,1,Info,Microsoft-Windows-Sysmon,Microsoft-Windows-Sysmon/Operational,2632,4140,Server002,759,S-1-5-18,Process creation,NT AUTHORITY\SYSTEM,,"ProcessID: 1888, ProcessGUID: dbf410b3-b33e-6813-5a0c-000000004400",RuleName: -,SHA256=3BE579BF1AC4C97EF571F022FF123E212CC5F1CA1575BF656C2E4C5A637B99DE,ParentProcess: C:\Windows\System32\svchost.exe,"ParentProcessID: 1176, ParentProcessGUID: dbf410b3-f6dc-6811-1a00-000000004400",ParentCommandLine: C:\Windows\system32\svchost.exe -k netsvcs -p -s Schedule,"""C:\Program Files (x86)\BraveSoftware\Update\BraveUpdate.exe"" /ua /installsource scheduler",False,D:\benign_log_combined_latest_used_actually\new_benign\sysmon_48113.evtx,Classic,0,"{""EventData"":{""Data"":[{""@Name"":""RuleName"",""#text"":""-""},{""@Name"":""UtcTime"",""#text"":""2025-05-01 17:45:34.740""},{""@Name"":""ProcessGuid"",""#text"":""dbf410b3-b33e-6813-5a0c-000000004400""},{""@Name"":""ProcessId"",""#text"":""1888""},{""@Name"":""Image"",""#text"":""C:\\Program Files (x86)\\BraveSoftware\\Update\\BraveUpdate.exe""},{""@Name"":""FileVersion"",""#text"":""1.3.361.151""},{""@Name"":""Description"",""#text"":""BraveSoftware Update""},{""@Name"":""Product"",""#text"":""BraveSoftware Update""},{""@Name"":""Company"",""#text"":""BraveSoftware Inc.""},{""@Name"":""OriginalFileName"",""#text"":""BraveUpdate.exe""},{""@Name"":""CommandLine"",""#text"":""\""C:\\Program Files (x86)\\BraveSoftware\\Update\\BraveUpdate.exe\"" /ua /installsource scheduler""},{""@Name"":""CurrentDirectory"",""#text"":""C:\\Windows\\system32\\""},{""@Name"":""User"",""#text"":""NT AUTHORITY\\SYSTEM""},{""@Name"":""LogonGuid"",""#text"":""dbf410b3-f6db-6811-e703-000000000000""},{""@Name"":""LogonId"",""#text"":""0x3E7""},{""@Name"":""TerminalSessionId"",""#text"":""0""},{""@Name"":""IntegrityLevel"",""#text"":""System""},{""@Name"":""Hashes"",""#text"":""SHA256=3BE579BF1AC4C97EF571F022FF123E212CC5F1CA1575BF656C2E4C5A637B99DE""},{""@Name"":""ParentProcessGuid"",""#text"":""dbf410b3-f6dc-6811-1a00-000000004400""},{""@Name"":""ParentProcessId"",""#text"":""1176""},{""@Name"":""ParentImage"",""#text"":""C:\\Windows\\System32\\svchost.exe""},{""@Name"":""ParentCommandLine"",""#text"":""C:\\Windows\\system32\\svchost.exe -k netsvcs -p -s Schedule""},{""@Name"":""ParentUser"",""#text"":""NT AUTHORITY\\SYSTEM""}]}}"
40966,59118,2025-05-01 17:45:34.8094897,1,Info,Microsoft-Windows-Sysmon,Microsoft-Windows-Sysmon/Operational,2632,4140,Server002,759,S-1-5-18,Process creation,SERVER002\lplui,,"ProcessID: 8796, ProcessGUID: dbf410b3-b33e-6813-5b0c-000000004400",RuleName: -,SHA256=7077CBF56490C86FC74C0CC6C0379AB679F06A066E71906AD23458F664836449,ParentProcess: C:\Windows\System32\svchost.exe,"ParentProcessID: 784, ParentProcessGUID: dbf410b3-f6dc-6811-0d00-000000004400",ParentCommandLine: C:\Windows\system32\svchost.exe -k DcomLaunch -p,"""C:\Windows\system32\backgroundTaskHost.exe"" -ServerName:App.AppXnme9zjyebb2xnyygh6q9ev6p5d234br2.mca",False,D:\benign_log_combined_latest_used_actually\new_benign\sysmon_48113.evtx,Classic,0,"{""EventData"":{""Data"":[{""@Name"":""RuleName"",""#text"":""-""},{""@Name"":""UtcTime"",""#text"":""2025-05-01 17:45:34.806""},{""@Name"":""ProcessGuid"",""#text"":""dbf410b3-b33e-6813-5b0c-000000004400""},{""@Name"":""ProcessId"",""#text"":""8796""},{""@Name"":""Image"",""#text"":""C:\\Windows\\System32\\backgroundTaskHost.exe""},{""@Name"":""FileVersion"",""#text"":""10.0.19041.3636 (WinBuild.160101.0800)""},{""@Name"":""Description"",""#text"":""Background Task Host""},{""@Name"":""Product"",""#text"":""Microsoft® Windows® Operating System""},{""@Name"":""Company"",""#text"":""Microsoft Corporation""},{""@Name"":""OriginalFileName"",""#text"":""backgroundTaskHost.exe""},{""@Name"":""CommandLine"",""#text"":""\""C:\\Windows\\system32\\backgroundTaskHost.exe\"" -ServerName:App.AppXnme9zjyebb2xnyygh6q9ev6p5d234br2.mca""},{""@Name"":""CurrentDirectory"",""#text"":""C:\\Program Files\\WindowsApps\\Microsoft.Todos_2.143.2921.0_x64__8wekyb3d8bbwe\\""},{""@Name"":""User"",""#text"":""SERVER002\\lplui""},{""@Name"":""LogonGuid"",""#text"":""dbf410b3-dac5-6811-9dd7-030000000000""},{""@Name"":""LogonId"",""#text"":""0x3D79D""},{""@Name"":""TerminalSessionId"",""#text"":""1""},{""@Name"":""IntegrityLevel"",""#text"":""AppContainer""},{""@Name"":""Hashes"",""#text"":""SHA256=7077CBF56490C86FC74C0CC6C0379AB679F06A066E71906AD23458F664836449""},{""@Name"":""ParentProcessGuid"",""#text"":""dbf410b3-f6dc-6811-0d00-000000004400""},{""@Name"":""ParentProcessId"",""#text"":""784""},{""@Name"":""ParentImage"",""#text"":""C:\\Windows\\System32\\svchost.exe""},{""@Name"":""ParentCommandLine"",""#text"":""C:\\Windows\\system32\\svchost.exe -k DcomLaunch -p""},{""@Name"":""ParentUser"",""#text"":""NT AUTHORITY\\SYSTEM""}]}}"
40967,59119,2025-05-01 17:45:34.8780151,5,Info,Microsoft-Windows-Sysmon,Microsoft-Windows-Sysmon/Operational,2632,4140,Server002,759,S-1-5-18,Process terminated,NT AUTHORITY\SYSTEM,,"ProcessID: 1888, ProcessGUID: dbf410b3-b33e-6813-5a0c-000000004400",,,,,,C:\Program Files (x86)\BraveSoftware\Update\BraveUpdate.exe,False,D:\benign_log_combined_latest_used_actually\new_benign\sysmon_48113.evtx,Classic,0,"{""EventData"":{""Data"":[{""@Name"":""RuleName"",""#text"":""-""},{""@Name"":""UtcTime"",""#text"":""2025-05-01 17:45:34.870""},{""@Name"":""ProcessGuid"",""#text"":""dbf410b3-b33e-6813-5a0c-000000004400""},{""@Name"":""ProcessId"",""#text"":""1888""},{""@Name"":""Image"",""#text"":""C:\\Program Files (x86)\\BraveSoftware\\Update\\BraveUpdate.exe""},{""@Name"":""User"",""#text"":""NT AUTHORITY\\SYSTEM""}]}}"
40968,59120,2025-05-01 17:45:34.9526714,5,Info,Microsoft-Windows-Sysmon,Microsoft-Windows-Sysmon/Operational,2632,4140,Server002,759,S-1-5-18,Process terminated,NT AUTHORITY\SYSTEM,,"ProcessID: 9596, ProcessGUID: dbf410b3-b33d-6813-550c-000000004400",,,,,,C:\Windows\System32\taskhostw.exe,False,D:\benign_log_combined_latest_used_actually\new_benign\sysmon_48113.evtx,Classic,0,"{""EventData"":{""Data"":[{""@Name"":""RuleName"",""#text"":""-""},{""@Name"":""UtcTime"",""#text"":""2025-05-01 17:45:34.950""},{""@Name"":""ProcessGuid"",""#text"":""dbf410b3-b33d-6813-550c-000000004400""},{""@Name"":""ProcessId"",""#text"":""9596""},{""@Name"":""Image"",""#text"":""C:\\Windows\\System32\\taskhostw.exe""},{""@Name"":""User"",""#text"":""NT AUTHORITY\\SYSTEM""}]}}"
40969,59121,2025-05-01 17:45:35.0307306,1,Info,Microsoft-Windows-Sysmon,Microsoft-Windows-Sysmon/Operational,2632,4140,Server002,759,S-1-5-18,Process creation,SERVER002\lplui,,"ProcessID: 6900, ProcessGUID: dbf410b3-b33f-6813-5c0c-000000004400",RuleName: -,SHA256=579DFCED8F02A7E1E6E8DF10C400117D3127EAD7231776A1E467EB507261E920,ParentProcess: C:\Windows\System32\svchost.exe,"ParentProcessID: 784, ParentProcessGUID: dbf410b3-f6dc-6811-0d00-000000004400",ParentCommandLine: C:\Windows\system32\svchost.exe -k DcomLaunch -p,C:\Windows\System32\RuntimeBroker.exe -Embedding,False,D:\benign_log_combined_latest_used_actually\new_benign\sysmon_48113.evtx,Classic,0,"{""EventData"":{""Data"":[{""@Name"":""RuleName"",""#text"":""-""},{""@Name"":""UtcTime"",""#text"":""2025-05-01 17:45:35.029""},{""@Name"":""ProcessGuid"",""#text"":""dbf410b3-b33f-6813-5c0c-000000004400""},{""@Name"":""ProcessId"",""#text"":""6900""},{""@Name"":""Image"",""#text"":""C:\\Windows\\System32\\RuntimeBroker.exe""},{""@Name"":""FileVersion"",""#text"":""10.0.19041.4355 (WinBuild.160101.0800)""},{""@Name"":""Description"",""#text"":""Runtime Broker""},{""@Name"":""Product"",""#text"":""Microsoft® Windows® Operating System""},{""@Name"":""Company"",""#text"":""Microsoft Corporation""},{""@Name"":""OriginalFileName"",""#text"":""RuntimeBroker.exe""},{""@Name"":""CommandLine"",""#text"":""C:\\Windows\\System32\\RuntimeBroker.exe -Embedding""},{""@Name"":""CurrentDirectory"",""#text"":""C:\\Windows\\system32\\""},{""@Name"":""User"",""#text"":""SERVER002\\lplui""},{""@Name"":""LogonGuid"",""#text"":""dbf410b3-dac5-6811-9dd7-030000000000""},{""@Name"":""LogonId"",""#text"":""0x3D79D""},{""@Name"":""TerminalSessionId"",""#text"":""1""},{""@Name"":""IntegrityLevel"",""#text"":""Medium""},{""@Name"":""Hashes"",""#text"":""SHA256=579DFCED8F02A7E1E6E8DF10C400117D3127EAD7231776A1E467EB507261E920""},{""@Name"":""ParentProcessGuid"",""#text"":""dbf410b3-f6dc-6811-0d00-000000004400""},{""@Name"":""ParentProcessId"",""#text"":""784""},{""@Name"":""ParentImage"",""#text"":""C:\\Windows\\System32\\svchost.exe""},{""@Name"":""ParentCommandLine"",""#text"":""C:\\Windows\\system32\\svchost.exe -k DcomLaunch -p""},{""@Name"":""ParentUser"",""#text"":""NT AUTHORITY\\SYSTEM""}]}}"
40970,59122,2025-05-01 17:45:35.1662175,1,Info,Microsoft-Windows-Sysmon,Microsoft-Windows-Sysmon/Operational,2632,4140,Server002,759,S-1-5-18,Process creation,NT AUTHORITY\SYSTEM,,"ProcessID: 12564, ProcessGUID: dbf410b3-b33f-6813-5d0c-000000004400",RuleName: -,SHA256=6FC3BF1FDFD76860BE782554F8D25BD32F108DB934D70F4253F1E5F23522E503,ParentProcess: C:\Windows\System32\services.exe,"ParentProcessID: 668, ParentProcessGUID: dbf410b3-f6db-6811-0b00-000000004400",ParentCommandLine: C:\Windows\system32\services.exe,C:\Windows\System32\svchost.exe -k wsappx -p -s ClipSVC,False,D:\benign_log_combined_latest_used_actually\new_benign\sysmon_48113.evtx,Classic,0,"{""EventData"":{""Data"":[{""@Name"":""RuleName"",""#text"":""-""},{""@Name"":""UtcTime"",""#text"":""2025-05-01 17:45:35.164""},{""@Name"":""ProcessGuid"",""#text"":""dbf410b3-b33f-6813-5d0c-000000004400""},{""@Name"":""ProcessId"",""#text"":""12564""},{""@Name"":""Image"",""#text"":""C:\\Windows\\System32\\svchost.exe""},{""@Name"":""FileVersion"",""#text"":""10.0.19041.4355 (WinBuild.160101.0800)""},{""@Name"":""Description"",""#text"":""Host Process for Windows Services""},{""@Name"":""Product"",""#text"":""Microsoft® Windows® Operating System""},{""@Name"":""Company"",""#text"":""Microsoft Corporation""},{""@Name"":""OriginalFileName"",""#text"":""svchost.exe""},{""@Name"":""CommandLine"",""#text"":""C:\\Windows\\System32\\svchost.exe -k wsappx -p -s ClipSVC""},{""@Name"":""CurrentDirectory"",""#text"":""C:\\Windows\\system32\\""},{""@Name"":""User"",""#text"":""NT AUTHORITY\\SYSTEM""},{""@Name"":""LogonGuid"",""#text"":""dbf410b3-f6db-6811-e703-000000000000""},{""@Name"":""LogonId"",""#text"":""0x3E7""},{""@Name"":""TerminalSessionId"",""#text"":""0""},{""@Name"":""IntegrityLevel"",""#text"":""System""},{""@Name"":""Hashes"",""#text"":""SHA256=6FC3BF1FDFD76860BE782554F8D25BD32F108DB934D70F4253F1E5F23522E503""},{""@Name"":""ParentProcessGuid"",""#text"":""dbf410b3-f6db-6811-0b00-000000004400""},{""@Name"":""ParentProcessId"",""#text"":""668""},{""@Name"":""ParentImage"",""#text"":""C:\\Windows\\System32\\services.exe""},{""@Name"":""ParentCommandLine"",""#text"":""C:\\Windows\\system32\\services.exe""},{""@Name"":""ParentUser"",""#text"":""NT AUTHORITY\\SYSTEM""}]}}"
40971,59123,2025-05-01 17:46:02.1944390,5,Info,Microsoft-Windows-Sysmon,Microsoft-Windows-Sysmon/Operational,2632,4140,Server002,759,S-1-5-18,Process terminated,NT AUTHORITY\NETWORK SERVICE,,"ProcessID: 9372, ProcessGUID: dbf410b3-b33e-6813-590c-000000004400",,,,,,C:\Windows\System32\sppsvc.exe,False,D:\benign_log_combined_latest_used_actually\new_benign\sysmon_48113.evtx,Classic,0,"{""EventData"":{""Data"":[{""@Name"":""RuleName"",""#text"":""-""},{""@Name"":""UtcTime"",""#text"":""2025-05-01 17:46:02.184""},{""@Name"":""ProcessGuid"",""#text"":""dbf410b3-b33e-6813-590c-000000004400""},{""@Name"":""ProcessId"",""#text"":""9372""},{""@Name"":""Image"",""#text"":""C:\\Windows\\System32\\sppsvc.exe""},{""@Name"":""User"",""#text"":""NT AUTHORITY\\NETWORK SERVICE""}]}}"
40972,59124,2025-05-01 17:46:11.5733670,5,Info,Microsoft-Windows-Sysmon,Microsoft-Windows-Sysmon/Operational,2632,4140,Server002,759,S-1-5-18,Process terminated,SERVER002\lplui,,"ProcessID: 9244, ProcessGUID: dbf410b3-b33d-6813-580c-000000004400",,,,,,C:\Windows\System32\RuntimeBroker.exe,False,D:\benign_log_combined_latest_used_actually\new_benign\sysmon_48113.evtx,Classic,0,"{""EventData"":{""Data"":[{""@Name"":""RuleName"",""#text"":""-""},{""@Name"":""UtcTime"",""#text"":""2025-05-01 17:46:11.569""},{""@Name"":""ProcessGuid"",""#text"":""dbf410b3-b33d-6813-580c-000000004400""},{""@Name"":""ProcessId"",""#text"":""9244""},{""@Name"":""Image"",""#text"":""C:\\Windows\\System32\\RuntimeBroker.exe""},{""@Name"":""User"",""#text"":""SERVER002\\lplui""}]}}"
40973,59125,2025-05-01 17:46:41.5331185,5,Info,Microsoft-Windows-Sysmon,Microsoft-Windows-Sysmon/Operational,2632,4140,Server002,759,S-1-5-18,Process terminated,SERVER002\lplui,,"ProcessID: 8796, ProcessGUID: dbf410b3-b33e-6813-5b0c-000000004400",,,,,,C:\Windows\System32\backgroundTaskHost.exe,False,D:\benign_log_combined_latest_used_actually\new_benign\sysmon_48113.evtx,Classic,0,"{""EventData"":{""Data"":[{""@Name"":""RuleName"",""#text"":""-""},{""@Name"":""UtcTime"",""#text"":""2025-05-01 17:46:41.527""},{""@Name"":""ProcessGuid"",""#text"":""dbf410b3-b33e-6813-5b0c-000000004400""},{""@Name"":""ProcessId"",""#text"":""8796""},{""@Name"":""Image"",""#text"":""C:\\Windows\\System32\\backgroundTaskHost.exe""},{""@Name"":""User"",""#text"":""SERVER002\\lplui""}]}}"
40974,59126,2025-05-01 17:47:22.2396000,1,Info,Microsoft-Windows-Sysmon,Microsoft-Windows-Sysmon/Operational,2632,4140,Server002,759,S-1-5-18,Process creation,SERVER002\lplui,,"ProcessID: 9920, ProcessGUID: dbf410b3-b3aa-6813-5e0c-000000004400",RuleName: -,SHA256=7077CBF56490C86FC74C0CC6C0379AB679F06A066E71906AD23458F664836449,ParentProcess: C:\Windows\System32\svchost.exe,"ParentProcessID: 784, ParentProcessGUID: dbf410b3-f6dc-6811-0d00-000000004400",ParentCommandLine: C:\Windows\system32\svchost.exe -k DcomLaunch -p,"""C:\Windows\system32\backgroundTaskHost.exe"" -ServerName:ShellFeedsUI.AppXnj65k2d1a1rnztt2t2nng5ctmk3e76pn.mca",False,D:\benign_log_combined_latest_used_actually\new_benign\sysmon_48113.evtx,Classic,0,"{""EventData"":{""Data"":[{""@Name"":""RuleName"",""#text"":""-""},{""@Name"":""UtcTime"",""#text"":""2025-05-01 17:47:22.219""},{""@Name"":""ProcessGuid"",""#text"":""dbf410b3-b3aa-6813-5e0c-000000004400""},{""@Name"":""ProcessId"",""#text"":""9920""},{""@Name"":""Image"",""#text"":""C:\\Windows\\System32\\backgroundTaskHost.exe""},{""@Name"":""FileVersion"",""#text"":""10.0.19041.3636 (WinBuild.160101.0800)""},{""@Name"":""Description"",""#text"":""Background Task Host""},{""@Name"":""Product"",""#text"":""Microsoft® Windows® Operating System""},{""@Name"":""Company"",""#text"":""Microsoft Corporation""},{""@Name"":""OriginalFileName"",""#text"":""backgroundTaskHost.exe""},{""@Name"":""CommandLine"",""#text"":""\""C:\\Windows\\system32\\backgroundTaskHost.exe\"" -ServerName:ShellFeedsUI.AppXnj65k2d1a1rnztt2t2nng5ctmk3e76pn.mca""},{""@Name"":""CurrentDirectory"",""#text"":""C:\\Windows\\SystemApps\\Microsoft.Windows.Search_cw5n1h2txyewy\\""},{""@Name"":""User"",""#text"":""SERVER002\\lplui""},{""@Name"":""LogonGuid"",""#text"":""dbf410b3-dac5-6811-9dd7-030000000000""},{""@Name"":""LogonId"",""#text"":""0x3D79D""},{""@Name"":""TerminalSessionId"",""#text"":""1""},{""@Name"":""IntegrityLevel"",""#text"":""AppContainer""},{""@Name"":""Hashes"",""#text"":""SHA256=7077CBF56490C86FC74C0CC6C0379AB679F06A066E71906AD23458F664836449""},{""@Name"":""ParentProcessGuid"",""#text"":""dbf410b3-f6dc-6811-0d00-000000004400""},{""@Name"":""ParentProcessId"",""#text"":""784""},{""@Name"":""ParentImage"",""#text"":""C:\\Windows\\System32\\svchost.exe""},{""@Name"":""ParentCommandLine"",""#text"":""C:\\Windows\\system32\\svchost.exe -k DcomLaunch -p""},{""@Name"":""ParentUser"",""#text"":""NT AUTHORITY\\SYSTEM""}]}}"
40975,59127,2025-05-01 17:47:22.2747077,1,Info,Microsoft-Windows-Sysmon,Microsoft-Windows-Sysmon/Operational,2632,4140,Server002,759,S-1-5-18,Process creation,SERVER002\lplui,,"ProcessID: 5724, ProcessGUID: dbf410b3-b3aa-6813-5f0c-000000004400",RuleName: -,SHA256=7077CBF56490C86FC74C0CC6C0379AB679F06A066E71906AD23458F664836449,ParentProcess: C:\Windows\System32\svchost.exe,"ParentProcessID: 784, ParentProcessGUID: dbf410b3-f6dc-6811-0d00-000000004400",ParentCommandLine: C:\Windows\system32\svchost.exe -k DcomLaunch -p,"""C:\Windows\system32\backgroundTaskHost.exe"" -ServerName:App.AppXpybpk6fj2fe0gb0jan49e6dncngk3pa1.mca",False,D:\benign_log_combined_latest_used_actually\new_benign\sysmon_48113.evtx,Classic,0,"{""EventData"":{""Data"":[{""@Name"":""RuleName"",""#text"":""-""},{""@Name"":""UtcTime"",""#text"":""2025-05-01 17:47:22.271""},{""@Name"":""ProcessGuid"",""#text"":""dbf410b3-b3aa-6813-5f0c-000000004400""},{""@Name"":""ProcessId"",""#text"":""5724""},{""@Name"":""Image"",""#text"":""C:\\Windows\\System32\\backgroundTaskHost.exe""},{""@Name"":""FileVersion"",""#text"":""10.0.19041.3636 (WinBuild.160101.0800)""},{""@Name"":""Description"",""#text"":""Background Task Host""},{""@Name"":""Product"",""#text"":""Microsoft® Windows® Operating System""},{""@Name"":""Company"",""#text"":""Microsoft Corporation""},{""@Name"":""OriginalFileName"",""#text"":""backgroundTaskHost.exe""},{""@Name"":""CommandLine"",""#text"":""\""C:\\Windows\\system32\\backgroundTaskHost.exe\"" -ServerName:App.AppXpybpk6fj2fe0gb0jan49e6dncngk3pa1.mca""},{""@Name"":""CurrentDirectory"",""#text"":""C:\\Program Files\\WindowsApps\\Microsoft.StorePurchaseApp_22503.1401.2.0_x64__8wekyb3d8bbwe\\""},{""@Name"":""User"",""#text"":""SERVER002\\lplui""},{""@Name"":""LogonGuid"",""#text"":""dbf410b3-dac5-6811-9dd7-030000000000""},{""@Name"":""LogonId"",""#text"":""0x3D79D""},{""@Name"":""TerminalSessionId"",""#text"":""1""},{""@Name"":""IntegrityLevel"",""#text"":""AppContainer""},{""@Name"":""Hashes"",""#text"":""SHA256=7077CBF56490C86FC74C0CC6C0379AB679F06A066E71906AD23458F664836449""},{""@Name"":""ParentProcessGuid"",""#text"":""dbf410b3-f6dc-6811-0d00-000000004400""},{""@Name"":""ParentProcessId"",""#text"":""784""},{""@Name"":""ParentImage"",""#text"":""C:\\Windows\\System32\\svchost.exe""},{""@Name"":""ParentCommandLine"",""#text"":""C:\\Windows\\system32\\svchost.exe -k DcomLaunch -p""},{""@Name"":""ParentUser"",""#text"":""NT AUTHORITY\\SYSTEM""}]}}"
40976,59128,2025-05-01 17:47:22.4286607,1,Info,Microsoft-Windows-Sysmon,Microsoft-Windows-Sysmon/Operational,2632,4140,Server002,759,S-1-5-18,Process creation,SERVER002\lplui,,"ProcessID: 8344, ProcessGUID: dbf410b3-b3aa-6813-600c-000000004400",RuleName: -,SHA256=7077CBF56490C86FC74C0CC6C0379AB679F06A066E71906AD23458F664836449,ParentProcess: C:\Windows\System32\svchost.exe,"ParentProcessID: 784, ParentProcessGUID: dbf410b3-f6dc-6811-0d00-000000004400",ParentCommandLine: C:\Windows\system32\svchost.exe -k DcomLaunch -p,"""C:\Windows\system32\backgroundTaskHost.exe"" -ServerName:App.AppXxw3e32mpkfkfbh0tznpwwqfw96t0tfx6.mca",False,D:\benign_log_combined_latest_used_actually\new_benign\sysmon_48113.evtx,Classic,0,"{""EventData"":{""Data"":[{""@Name"":""RuleName"",""#text"":""-""},{""@Name"":""UtcTime"",""#text"":""2025-05-01 17:47:22.382""},{""@Name"":""ProcessGuid"",""#text"":""dbf410b3-b3aa-6813-600c-000000004400""},{""@Name"":""ProcessId"",""#text"":""8344""},{""@Name"":""Image"",""#text"":""C:\\Windows\\System32\\backgroundTaskHost.exe""},{""@Name"":""FileVersion"",""#text"":""10.0.19041.3636 (WinBuild.160101.0800)""},{""@Name"":""Description"",""#text"":""Background Task Host""},{""@Name"":""Product"",""#text"":""Microsoft® Windows® Operating System""},{""@Name"":""Company"",""#text"":""Microsoft Corporation""},{""@Name"":""OriginalFileName"",""#text"":""backgroundTaskHost.exe""},{""@Name"":""CommandLine"",""#text"":""\""C:\\Windows\\system32\\backgroundTaskHost.exe\"" -ServerName:App.AppXxw3e32mpkfkfbh0tznpwwqfw96t0tfx6.mca""},{""@Name"":""CurrentDirectory"",""#text"":""C:\\Windows\\SystemApps\\NcsiUwpApp_8wekyb3d8bbwe\\""},{""@Name"":""User"",""#text"":""SERVER002\\lplui""},{""@Name"":""LogonGuid"",""#text"":""dbf410b3-dac5-6811-9dd7-030000000000""},{""@Name"":""LogonId"",""#text"":""0x3D79D""},{""@Name"":""TerminalSessionId"",""#text"":""1""},{""@Name"":""IntegrityLevel"",""#text"":""AppContainer""},{""@Name"":""Hashes"",""#text"":""SHA256=7077CBF56490C86FC74C0CC6C0379AB679F06A066E71906AD23458F664836449""},{""@Name"":""ParentProcessGuid"",""#text"":""dbf410b3-f6dc-6811-0d00-000000004400""},{""@Name"":""ParentProcessId"",""#text"":""784""},{""@Name"":""ParentImage"",""#text"":""C:\\Windows\\System32\\svchost.exe""},{""@Name"":""ParentCommandLine"",""#text"":""C:\\Windows\\system32\\svchost.exe -k DcomLaunch -p""},{""@Name"":""ParentUser"",""#text"":""NT AUTHORITY\\SYSTEM""}]}}"
40977,59129,2025-05-01 17:47:22.4300582,1,Info,Microsoft-Windows-Sysmon,Microsoft-Windows-Sysmon/Operational,2632,4140,Server002,759,S-1-5-18,Process creation,SERVER002\lplui,,"ProcessID: 6784, ProcessGUID: dbf410b3-b3aa-6813-610c-000000004400",RuleName: -,SHA256=7077CBF56490C86FC74C0CC6C0379AB679F06A066E71906AD23458F664836449,ParentProcess: C:\Windows\System32\svchost.exe,"ParentProcessID: 784, ParentProcessGUID: dbf410b3-f6dc-6811-0d00-000000004400",ParentCommandLine: C:\Windows\system32\svchost.exe -k DcomLaunch -p,"""C:\Windows\system32\backgroundTaskHost.exe"" -ServerName:App.AppXe9cvj1thv1hmcw0cs98xm3r97tyzy2xs.mca",False,D:\benign_log_combined_latest_used_actually\new_benign\sysmon_48113.evtx,Classic,0,"{""EventData"":{""Data"":[{""@Name"":""RuleName"",""#text"":""-""},{""@Name"":""UtcTime"",""#text"":""2025-05-01 17:47:22.383""},{""@Name"":""ProcessGuid"",""#text"":""dbf410b3-b3aa-6813-610c-000000004400""},{""@Name"":""ProcessId"",""#text"":""6784""},{""@Name"":""Image"",""#text"":""C:\\Windows\\System32\\backgroundTaskHost.exe""},{""@Name"":""FileVersion"",""#text"":""10.0.19041.3636 (WinBuild.160101.0800)""},{""@Name"":""Description"",""#text"":""Background Task Host""},{""@Name"":""Product"",""#text"":""Microsoft® Windows® Operating System""},{""@Name"":""Company"",""#text"":""Microsoft Corporation""},{""@Name"":""OriginalFileName"",""#text"":""backgroundTaskHost.exe""},{""@Name"":""CommandLine"",""#text"":""\""C:\\Windows\\system32\\backgroundTaskHost.exe\"" -ServerName:App.AppXe9cvj1thv1hmcw0cs98xm3r97tyzy2xs.mca""},{""@Name"":""CurrentDirectory"",""#text"":""C:\\Program Files\\WindowsApps\\Microsoft.WindowsStore_22503.1401.6.0_x64__8wekyb3d8bbwe\\""},{""@Name"":""User"",""#text"":""SERVER002\\lplui""},{""@Name"":""LogonGuid"",""#text"":""dbf410b3-dac5-6811-9dd7-030000000000""},{""@Name"":""LogonId"",""#text"":""0x3D79D""},{""@Name"":""TerminalSessionId"",""#text"":""1""},{""@Name"":""IntegrityLevel"",""#text"":""AppContainer""},{""@Name"":""Hashes"",""#text"":""SHA256=7077CBF56490C86FC74C0CC6C0379AB679F06A066E71906AD23458F664836449""},{""@Name"":""ParentProcessGuid"",""#text"":""dbf410b3-f6dc-6811-0d00-000000004400""},{""@Name"":""ParentProcessId"",""#text"":""784""},{""@Name"":""ParentImage"",""#text"":""C:\\Windows\\System32\\svchost.exe""},{""@Name"":""ParentCommandLine"",""#text"":""C:\\Windows\\system32\\svchost.exe -k DcomLaunch -p""},{""@Name"":""ParentUser"",""#text"":""NT AUTHORITY\\SYSTEM""}]}}"
40978,59130,2025-05-01 17:47:22.4446972,1,Info,Microsoft-Windows-Sysmon,Microsoft-Windows-Sysmon/Operational,2632,4140,Server002,759,S-1-5-18,Process creation,SERVER002\lplui,,"ProcessID: 6448, ProcessGUID: dbf410b3-b3aa-6813-620c-000000004400",RuleName: -,SHA256=9033FD12029FEDEEC44032E2C574A68A87D2963B5F6D731D1F0C9EB93AFD63B1,ParentProcess: C:\Windows\System32\svchost.exe,"ParentProcessID: 784, ParentProcessGUID: dbf410b3-f6dc-6811-0d00-000000004400",ParentCommandLine: C:\Windows\system32\svchost.exe -k DcomLaunch -p,"""C:\Program Files\WindowsApps\microsoft.windowscommunicationsapps_16005.14326.22342.0_x64__8wekyb3d8bbwe\HxTsr.exe"" -ServerName:Hx.IPC.Server",False,D:\benign_log_combined_latest_used_actually\new_benign\sysmon_48113.evtx,Classic,0,"{""EventData"":{""Data"":[{""@Name"":""RuleName"",""#text"":""-""},{""@Name"":""UtcTime"",""#text"":""2025-05-01 17:47:22.435""},{""@Name"":""ProcessGuid"",""#text"":""dbf410b3-b3aa-6813-620c-000000004400""},{""@Name"":""ProcessId"",""#text"":""6448""},{""@Name"":""Image"",""#text"":""C:\\Program Files\\WindowsApps\\microsoft.windowscommunicationsapps_16005.14326.22342.0_x64__8wekyb3d8bbwe\\HxTsr.exe""},{""@Name"":""FileVersion"",""#text"":""16.0.14326.22342""},{""@Name"":""Description"",""#text"":""Microsoft Outlook Communications""},{""@Name"":""Product"",""#text"":""Microsoft Office""},{""@Name"":""Company"",""#text"":""Microsoft Corporation""},{""@Name"":""OriginalFileName"",""#text"":""HxTsr.exe""},{""@Name"":""CommandLine"",""#text"":""\""C:\\Program Files\\WindowsApps\\microsoft.windowscommunicationsapps_16005.14326.22342.0_x64__8wekyb3d8bbwe\\HxTsr.exe\"" -ServerName:Hx.IPC.Server""},{""@Name"":""CurrentDirectory"",""#text"":""C:\\Program Files\\WindowsApps\\microsoft.windowscommunicationsapps_16005.14326.22342.0_x64__8wekyb3d8bbwe\\""},{""@Name"":""User"",""#text"":""SERVER002\\lplui""},{""@Name"":""LogonGuid"",""#text"":""dbf410b3-dac5-6811-9dd7-030000000000""},{""@Name"":""LogonId"",""#text"":""0x3D79D""},{""@Name"":""TerminalSessionId"",""#text"":""1""},{""@Name"":""IntegrityLevel"",""#text"":""AppContainer""},{""@Name"":""Hashes"",""#text"":""SHA256=9033FD12029FEDEEC44032E2C574A68A87D2963B5F6D731D1F0C9EB93AFD63B1""},{""@Name"":""ParentProcessGuid"",""#text"":""dbf410b3-f6dc-6811-0d00-000000004400""},{""@Name"":""ParentProcessId"",""#text"":""784""},{""@Name"":""ParentImage"",""#text"":""C:\\Windows\\System32\\svchost.exe""},{""@Name"":""ParentCommandLine"",""#text"":""C:\\Windows\\system32\\svchost.exe -k DcomLaunch -p""},{""@Name"":""ParentUser"",""#text"":""NT AUTHORITY\\SYSTEM""}]}}"
40979,59131,2025-05-01 17:47:22.5673841,5,Info,Microsoft-Windows-Sysmon,Microsoft-Windows-Sysmon/Operational,2632,4140,Server002,759,S-1-5-18,Process terminated,SERVER002\lplui,,"ProcessID: 6900, ProcessGUID: dbf410b3-b33f-6813-5c0c-000000004400",,,,,,C:\Windows\System32\RuntimeBroker.exe,False,D:\benign_log_combined_latest_used_actually\new_benign\sysmon_48113.evtx,Classic,0,"{""EventData"":{""Data"":[{""@Name"":""RuleName"",""#text"":""-""},{""@Name"":""UtcTime"",""#text"":""2025-05-01 17:47:22.561""},{""@Name"":""ProcessGuid"",""#text"":""dbf410b3-b33f-6813-5c0c-000000004400""},{""@Name"":""ProcessId"",""#text"":""6900""},{""@Name"":""Image"",""#text"":""C:\\Windows\\System32\\RuntimeBroker.exe""},{""@Name"":""User"",""#text"":""SERVER002\\lplui""}]}}"
40980,59132,2025-05-01 17:47:23.7695405,1,Info,Microsoft-Windows-Sysmon,Microsoft-Windows-Sysmon/Operational,2632,4140,Server002,759,S-1-5-18,Process creation,NT AUTHORITY\LOCAL SERVICE,,"ProcessID: 10476, ProcessGUID: dbf410b3-b3ab-6813-630c-000000004400",RuleName: -,SHA256=5F01E190AE925A42EE12B9336AA1EBE7CDAF2A7DB4E606EBFA0DCDB8E9DBB0C7,ParentProcess: C:\Windows\System32\svchost.exe,"ParentProcessID: 8652, ParentProcessGUID: dbf410b3-db8c-6811-3301-000000004400",ParentCommandLine: C:\Windows\System32\svchost.exe -k LocalServiceNetworkRestricted -p,C:\Windows\system32\AUDIODG.EXE 0x578 0x57c,False,D:\benign_log_combined_latest_used_actually\new_benign\sysmon_48113.evtx,Classic,0,"{""EventData"":{""Data"":[{""@Name"":""RuleName"",""#text"":""-""},{""@Name"":""UtcTime"",""#text"":""2025-05-01 17:47:23.730""},{""@Name"":""ProcessGuid"",""#text"":""dbf410b3-b3ab-6813-630c-000000004400""},{""@Name"":""ProcessId"",""#text"":""10476""},{""@Name"":""Image"",""#text"":""C:\\Windows\\System32\\audiodg.exe""},{""@Name"":""FileVersion"",""#text"":""10.0.19041.4717 (WinBuild.160101.0800)""},{""@Name"":""Description"",""#text"":""Windows Audio Device Graph Isolation ""},{""@Name"":""Product"",""#text"":""Microsoft® Windows® Operating System""},{""@Name"":""Company"",""#text"":""Microsoft Corporation""},{""@Name"":""OriginalFileName"",""#text"":""audioadg.exe""},{""@Name"":""CommandLine"",""#text"":""C:\\Windows\\system32\\AUDIODG.EXE 0x578 0x57c""},{""@Name"":""CurrentDirectory"",""#text"":""C:\\Windows\\system32\\""},{""@Name"":""User"",""#text"":""NT AUTHORITY\\LOCAL SERVICE""},{""@Name"":""LogonGuid"",""#text"":""dbf410b3-f6dc-6811-e503-000000000000""},{""@Name"":""LogonId"",""#text"":""0x3E5""},{""@Name"":""TerminalSessionId"",""#text"":""0""},{""@Name"":""IntegrityLevel"",""#text"":""System""},{""@Name"":""Hashes"",""#text"":""SHA256=5F01E190AE925A42EE12B9336AA1EBE7CDAF2A7DB4E606EBFA0DCDB8E9DBB0C7""},{""@Name"":""ParentProcessGuid"",""#text"":""dbf410b3-db8c-6811-3301-000000004400""},{""@Name"":""ParentProcessId"",""#text"":""8652""},{""@Name"":""ParentImage"",""#text"":""C:\\Windows\\System32\\svchost.exe""},{""@Name"":""ParentCommandLine"",""#text"":""C:\\Windows\\System32\\svchost.exe -k LocalServiceNetworkRestricted -p""},{""@Name"":""ParentUser"",""#text"":""NT AUTHORITY\\LOCAL SERVICE""}]}}"
40981,59133,2025-05-01 17:47:25.5646305,5,Info,Microsoft-Windows-Sysmon,Microsoft-Windows-Sysmon/Operational,2632,4140,Server002,759,S-1-5-18,Process terminated,SERVER002\lplui,,"ProcessID: 3060, ProcessGUID: dbf410b3-a0ff-6813-bd0b-000000004400",,,,,,C:\Program Files\BraveSoftware\Brave-Browser\Application\brave.exe,False,D:\benign_log_combined_latest_used_actually\new_benign\sysmon_48113.evtx,Classic,0,"{""EventData"":{""Data"":[{""@Name"":""RuleName"",""#text"":""-""},{""@Name"":""UtcTime"",""#text"":""2025-05-01 17:47:25.562""},{""@Name"":""ProcessGuid"",""#text"":""dbf410b3-a0ff-6813-bd0b-000000004400""},{""@Name"":""ProcessId"",""#text"":""3060""},{""@Name"":""Image"",""#text"":""C:\\Program Files\\BraveSoftware\\Brave-Browser\\Application\\brave.exe""},{""@Name"":""User"",""#text"":""SERVER002\\lplui""}]}}"
40982,59134,2025-05-01 17:47:29.8348564,1,Info,Microsoft-Windows-Sysmon,Microsoft-Windows-Sysmon/Operational,2632,4140,Server002,759,S-1-5-18,Process creation,SERVER002\lplui,,"ProcessID: 10408, ProcessGUID: dbf410b3-b3b1-6813-640c-000000004400",RuleName: -,SHA256=579DFCED8F02A7E1E6E8DF10C400117D3127EAD7231776A1E467EB507261E920,ParentProcess: C:\Windows\System32\svchost.exe,"ParentProcessID: 784, ParentProcessGUID: dbf410b3-f6dc-6811-0d00-000000004400",ParentCommandLine: C:\Windows\system32\svchost.exe -k DcomLaunch -p,C:\Windows\System32\RuntimeBroker.exe -Embedding,False,D:\benign_log_combined_latest_used_actually\new_benign\sysmon_48113.evtx,Classic,0,"{""EventData"":{""Data"":[{""@Name"":""RuleName"",""#text"":""-""},{""@Name"":""UtcTime"",""#text"":""2025-05-01 17:47:29.827""},{""@Name"":""ProcessGuid"",""#text"":""dbf410b3-b3b1-6813-640c-000000004400""},{""@Name"":""ProcessId"",""#text"":""10408""},{""@Name"":""Image"",""#text"":""C:\\Windows\\System32\\RuntimeBroker.exe""},{""@Name"":""FileVersion"",""#text"":""10.0.19041.4355 (WinBuild.160101.0800)""},{""@Name"":""Description"",""#text"":""Runtime Broker""},{""@Name"":""Product"",""#text"":""Microsoft® Windows® Operating System""},{""@Name"":""Company"",""#text"":""Microsoft Corporation""},{""@Name"":""OriginalFileName"",""#text"":""RuntimeBroker.exe""},{""@Name"":""CommandLine"",""#text"":""C:\\Windows\\System32\\RuntimeBroker.exe -Embedding""},{""@Name"":""CurrentDirectory"",""#text"":""C:\\Windows\\system32\\""},{""@Name"":""User"",""#text"":""SERVER002\\lplui""},{""@Name"":""LogonGuid"",""#text"":""dbf410b3-dac5-6811-9dd7-030000000000""},{""@Name"":""LogonId"",""#text"":""0x3D79D""},{""@Name"":""TerminalSessionId"",""#text"":""1""},{""@Name"":""IntegrityLevel"",""#text"":""Medium""},{""@Name"":""Hashes"",""#text"":""SHA256=579DFCED8F02A7E1E6E8DF10C400117D3127EAD7231776A1E467EB507261E920""},{""@Name"":""ParentProcessGuid"",""#text"":""dbf410b3-f6dc-6811-0d00-000000004400""},{""@Name"":""ParentProcessId"",""#text"":""784""},{""@Name"":""ParentImage"",""#text"":""C:\\Windows\\System32\\svchost.exe""},{""@Name"":""ParentCommandLine"",""#text"":""C:\\Windows\\system32\\svchost.exe -k DcomLaunch -p""},{""@Name"":""ParentUser"",""#text"":""NT AUTHORITY\\SYSTEM""}]}}"
40983,59135,2025-05-01 17:47:33.7399731,1,Info,Microsoft-Windows-Sysmon,Microsoft-Windows-Sysmon/Operational,2632,4140,Server002,759,S-1-5-18,Process creation,SERVER002\lplui,,"ProcessID: 1912, ProcessGUID: dbf410b3-b3b5-6813-650c-000000004400",RuleName: -,SHA256=579DFCED8F02A7E1E6E8DF10C400117D3127EAD7231776A1E467EB507261E920,ParentProcess: C:\Windows\System32\svchost.exe,"ParentProcessID: 784, ParentProcessGUID: dbf410b3-f6dc-6811-0d00-000000004400",ParentCommandLine: C:\Windows\system32\svchost.exe -k DcomLaunch -p,C:\Windows\System32\RuntimeBroker.exe -Embedding,False,D:\benign_log_combined_latest_used_actually\new_benign\sysmon_48113.evtx,Classic,0,"{""EventData"":{""Data"":[{""@Name"":""RuleName"",""#text"":""-""},{""@Name"":""UtcTime"",""#text"":""2025-05-01 17:47:33.725""},{""@Name"":""ProcessGuid"",""#text"":""dbf410b3-b3b5-6813-650c-000000004400""},{""@Name"":""ProcessId"",""#text"":""1912""},{""@Name"":""Image"",""#text"":""C:\\Windows\\System32\\RuntimeBroker.exe""},{""@Name"":""FileVersion"",""#text"":""10.0.19041.4355 (WinBuild.160101.0800)""},{""@Name"":""Description"",""#text"":""Runtime Broker""},{""@Name"":""Product"",""#text"":""Microsoft® Windows® Operating System""},{""@Name"":""Company"",""#text"":""Microsoft Corporation""},{""@Name"":""OriginalFileName"",""#text"":""RuntimeBroker.exe""},{""@Name"":""CommandLine"",""#text"":""C:\\Windows\\System32\\RuntimeBroker.exe -Embedding""},{""@Name"":""CurrentDirectory"",""#text"":""C:\\Windows\\system32\\""},{""@Name"":""User"",""#text"":""SERVER002\\lplui""},{""@Name"":""LogonGuid"",""#text"":""dbf410b3-dac5-6811-9dd7-030000000000""},{""@Name"":""LogonId"",""#text"":""0x3D79D""},{""@Name"":""TerminalSessionId"",""#text"":""1""},{""@Name"":""IntegrityLevel"",""#text"":""Medium""},{""@Name"":""Hashes"",""#text"":""SHA256=579DFCED8F02A7E1E6E8DF10C400117D3127EAD7231776A1E467EB507261E920""},{""@Name"":""ParentProcessGuid"",""#text"":""dbf410b3-f6dc-6811-0d00-000000004400""},{""@Name"":""ParentProcessId"",""#text"":""784""},{""@Name"":""ParentImage"",""#text"":""C:\\Windows\\System32\\svchost.exe""},{""@Name"":""ParentCommandLine"",""#text"":""C:\\Windows\\system32\\svchost.exe -k DcomLaunch -p""},{""@Name"":""ParentUser"",""#text"":""NT AUTHORITY\\SYSTEM""}]}}"
40984,59136,2025-05-01 17:47:34.9720332,1,Info,Microsoft-Windows-Sysmon,Microsoft-Windows-Sysmon/Operational,2632,4140,Server002,759,S-1-5-18,Process creation,SERVER002\lplui,,"ProcessID: 192, ProcessGUID: dbf410b3-b3b6-6813-660c-000000004400",RuleName: -,SHA256=579DFCED8F02A7E1E6E8DF10C400117D3127EAD7231776A1E467EB507261E920,ParentProcess: C:\Windows\System32\svchost.exe,"ParentProcessID: 784, ParentProcessGUID: dbf410b3-f6dc-6811-0d00-000000004400",ParentCommandLine: C:\Windows\system32\svchost.exe -k DcomLaunch -p,C:\Windows\System32\RuntimeBroker.exe -Embedding,False,D:\benign_log_combined_latest_used_actually\new_benign\sysmon_48113.evtx,Classic,0,"{""EventData"":{""Data"":[{""@Name"":""RuleName"",""#text"":""-""},{""@Name"":""UtcTime"",""#text"":""2025-05-01 17:47:34.951""},{""@Name"":""ProcessGuid"",""#text"":""dbf410b3-b3b6-6813-660c-000000004400""},{""@Name"":""ProcessId"",""#text"":""192""},{""@Name"":""Image"",""#text"":""C:\\Windows\\System32\\RuntimeBroker.exe""},{""@Name"":""FileVersion"",""#text"":""10.0.19041.4355 (WinBuild.160101.0800)""},{""@Name"":""Description"",""#text"":""Runtime Broker""},{""@Name"":""Product"",""#text"":""Microsoft® Windows® Operating System""},{""@Name"":""Company"",""#text"":""Microsoft Corporation""},{""@Name"":""OriginalFileName"",""#text"":""RuntimeBroker.exe""},{""@Name"":""CommandLine"",""#text"":""C:\\Windows\\System32\\RuntimeBroker.exe -Embedding""},{""@Name"":""CurrentDirectory"",""#text"":""C:\\Windows\\system32\\""},{""@Name"":""User"",""#text"":""SERVER002\\lplui""},{""@Name"":""LogonGuid"",""#text"":""dbf410b3-dac5-6811-9dd7-030000000000""},{""@Name"":""LogonId"",""#text"":""0x3D79D""},{""@Name"":""TerminalSessionId"",""#text"":""1""},{""@Name"":""IntegrityLevel"",""#text"":""Medium""},{""@Name"":""Hashes"",""#text"":""SHA256=579DFCED8F02A7E1E6E8DF10C400117D3127EAD7231776A1E467EB507261E920""},{""@Name"":""ParentProcessGuid"",""#text"":""dbf410b3-f6dc-6811-0d00-000000004400""},{""@Name"":""ParentProcessId"",""#text"":""784""},{""@Name"":""ParentImage"",""#text"":""C:\\Windows\\System32\\svchost.exe""},{""@Name"":""ParentCommandLine"",""#text"":""C:\\Windows\\system32\\svchost.exe -k DcomLaunch -p""},{""@Name"":""ParentUser"",""#text"":""NT AUTHORITY\\SYSTEM""}]}}"
40985,59137,2025-05-01 17:47:37.6187307,1,Info,Microsoft-Windows-Sysmon,Microsoft-Windows-Sysmon/Operational,2632,4140,Server002,759,S-1-5-18,Process creation,SERVER002\lplui,,"ProcessID: 13000, ProcessGUID: dbf410b3-b3b9-6813-670c-000000004400",RuleName: -,SHA256=7077CBF56490C86FC74C0CC6C0379AB679F06A066E71906AD23458F664836449,ParentProcess: C:\Windows\System32\svchost.exe,"ParentProcessID: 784, ParentProcessGUID: dbf410b3-f6dc-6811-0d00-000000004400",ParentCommandLine: C:\Windows\system32\svchost.exe -k DcomLaunch -p,"""C:\Windows\system32\BackgroundTaskHost.exe"" -ServerName:BackgroundTaskHost.WebAccountProvider",False,D:\benign_log_combined_latest_used_actually\new_benign\sysmon_48113.evtx,Classic,0,"{""EventData"":{""Data"":[{""@Name"":""RuleName"",""#text"":""-""},{""@Name"":""UtcTime"",""#text"":""2025-05-01 17:47:37.608""},{""@Name"":""ProcessGuid"",""#text"":""dbf410b3-b3b9-6813-670c-000000004400""},{""@Name"":""ProcessId"",""#text"":""13000""},{""@Name"":""Image"",""#text"":""C:\\Windows\\System32\\backgroundTaskHost.exe""},{""@Name"":""FileVersion"",""#text"":""10.0.19041.3636 (WinBuild.160101.0800)""},{""@Name"":""Description"",""#text"":""Background Task Host""},{""@Name"":""Product"",""#text"":""Microsoft® Windows® Operating System""},{""@Name"":""Company"",""#text"":""Microsoft Corporation""},{""@Name"":""OriginalFileName"",""#text"":""backgroundTaskHost.exe""},{""@Name"":""CommandLine"",""#text"":""\""C:\\Windows\\system32\\BackgroundTaskHost.exe\"" -ServerName:BackgroundTaskHost.WebAccountProvider""},{""@Name"":""CurrentDirectory"",""#text"":""C:\\Windows\\SystemApps\\Microsoft.AAD.BrokerPlugin_cw5n1h2txyewy\\""},{""@Name"":""User"",""#text"":""SERVER002\\lplui""},{""@Name"":""LogonGuid"",""#text"":""dbf410b3-dac5-6811-9dd7-030000000000""},{""@Name"":""LogonId"",""#text"":""0x3D79D""},{""@Name"":""TerminalSessionId"",""#text"":""1""},{""@Name"":""IntegrityLevel"",""#text"":""AppContainer""},{""@Name"":""Hashes"",""#text"":""SHA256=7077CBF56490C86FC74C0CC6C0379AB679F06A066E71906AD23458F664836449""},{""@Name"":""ParentProcessGuid"",""#text"":""dbf410b3-f6dc-6811-0d00-000000004400""},{""@Name"":""ParentProcessId"",""#text"":""784""},{""@Name"":""ParentImage"",""#text"":""C:\\Windows\\System32\\svchost.exe""},{""@Name"":""ParentCommandLine"",""#text"":""C:\\Windows\\system32\\svchost.exe -k DcomLaunch -p""},{""@Name"":""ParentUser"",""#text"":""NT AUTHORITY\\SYSTEM""}]}}"
40986,59138,2025-05-01 17:47:37.9137982,5,Info,Microsoft-Windows-Sysmon,Microsoft-Windows-Sysmon/Operational,2632,4140,Server002,759,S-1-5-18,Process terminated,SERVER002\lplui,,"ProcessID: 13000, ProcessGUID: dbf410b3-b3b9-6813-670c-000000004400",,,,,,C:\Windows\System32\backgroundTaskHost.exe,False,D:\benign_log_combined_latest_used_actually\new_benign\sysmon_48113.evtx,Classic,0,"{""EventData"":{""Data"":[{""@Name"":""RuleName"",""#text"":""-""},{""@Name"":""UtcTime"",""#text"":""2025-05-01 17:47:37.911""},{""@Name"":""ProcessGuid"",""#text"":""dbf410b3-b3b9-6813-670c-000000004400""},{""@Name"":""ProcessId"",""#text"":""13000""},{""@Name"":""Image"",""#text"":""C:\\Windows\\System32\\backgroundTaskHost.exe""},{""@Name"":""User"",""#text"":""SERVER002\\lplui""}]}}"
40987,59139,2025-05-01 17:47:38.2504462,1,Info,Microsoft-Windows-Sysmon,Microsoft-Windows-Sysmon/Operational,2632,4140,Server002,759,S-1-5-18,Process creation,NT AUTHORITY\SYSTEM,,"ProcessID: 8200, ProcessGUID: dbf410b3-b3ba-6813-680c-000000004400",RuleName: -,SHA256=6FC3BF1FDFD76860BE782554F8D25BD32F108DB934D70F4253F1E5F23522E503,ParentProcess: C:\Windows\System32\services.exe,"ParentProcessID: 668, ParentProcessGUID: dbf410b3-f6db-6811-0b00-000000004400",ParentCommandLine: C:\Windows\system32\services.exe,C:\Windows\system32\svchost.exe -k netsvcs -p -s gpsvc,False,D:\benign_log_combined_latest_used_actually\new_benign\sysmon_48113.evtx,Classic,0,"{""EventData"":{""Data"":[{""@Name"":""RuleName"",""#text"":""-""},{""@Name"":""UtcTime"",""#text"":""2025-05-01 17:47:38.241""},{""@Name"":""ProcessGuid"",""#text"":""dbf410b3-b3ba-6813-680c-000000004400""},{""@Name"":""ProcessId"",""#text"":""8200""},{""@Name"":""Image"",""#text"":""C:\\Windows\\System32\\svchost.exe""},{""@Name"":""FileVersion"",""#text"":""10.0.19041.4355 (WinBuild.160101.0800)""},{""@Name"":""Description"",""#text"":""Host Process for Windows Services""},{""@Name"":""Product"",""#text"":""Microsoft® Windows® Operating System""},{""@Name"":""Company"",""#text"":""Microsoft Corporation""},{""@Name"":""OriginalFileName"",""#text"":""svchost.exe""},{""@Name"":""CommandLine"",""#text"":""C:\\Windows\\system32\\svchost.exe -k netsvcs -p -s gpsvc""},{""@Name"":""CurrentDirectory"",""#text"":""C:\\Windows\\system32\\""},{""@Name"":""User"",""#text"":""NT AUTHORITY\\SYSTEM""},{""@Name"":""LogonGuid"",""#text"":""dbf410b3-f6db-6811-e703-000000000000""},{""@Name"":""LogonId"",""#text"":""0x3E7""},{""@Name"":""TerminalSessionId"",""#text"":""0""},{""@Name"":""IntegrityLevel"",""#text"":""System""},{""@Name"":""Hashes"",""#text"":""SHA256=6FC3BF1FDFD76860BE782554F8D25BD32F108DB934D70F4253F1E5F23522E503""},{""@Name"":""ParentProcessGuid"",""#text"":""dbf410b3-f6db-6811-0b00-000000004400""},{""@Name"":""ParentProcessId"",""#text"":""668""},{""@Name"":""ParentImage"",""#text"":""C:\\Windows\\System32\\services.exe""},{""@Name"":""ParentCommandLine"",""#text"":""C:\\Windows\\system32\\services.exe""},{""@Name"":""ParentUser"",""#text"":""NT AUTHORITY\\SYSTEM""}]}}"
40988,59140,2025-05-01 17:48:10.6740023,5,Info,Microsoft-Windows-Sysmon,Microsoft-Windows-Sysmon/Operational,2632,4140,Server002,759,S-1-5-18,Process terminated,SERVER002\lplui,,"ProcessID: 6448, ProcessGUID: dbf410b3-b3aa-6813-620c-000000004400",,,,,,C:\Program Files\WindowsApps\microsoft.windowscommunicationsapps_16005.14326.22342.0_x64__8wekyb3d8bbwe\HxTsr.exe,False,D:\benign_log_combined_latest_used_actually\new_benign\sysmon_48113.evtx,Classic,0,"{""EventData"":{""Data"":[{""@Name"":""RuleName"",""#text"":""-""},{""@Name"":""UtcTime"",""#text"":""2025-05-01 17:48:10.673""},{""@Name"":""ProcessGuid"",""#text"":""dbf410b3-b3aa-6813-620c-000000004400""},{""@Name"":""ProcessId"",""#text"":""6448""},{""@Name"":""Image"",""#text"":""C:\\Program Files\\WindowsApps\\microsoft.windowscommunicationsapps_16005.14326.22342.0_x64__8wekyb3d8bbwe\\HxTsr.exe""},{""@Name"":""User"",""#text"":""SERVER002\\lplui""}]}}"
40989,59141,2025-05-01 17:48:42.1427273,5,Info,Microsoft-Windows-Sysmon,Microsoft-Windows-Sysmon/Operational,2632,4140,Server002,759,S-1-5-18,Process terminated,SERVER002\lplui,,"ProcessID: 8344, ProcessGUID: dbf410b3-b3aa-6813-600c-000000004400",,,,,,C:\Windows\System32\backgroundTaskHost.exe,False,D:\benign_log_combined_latest_used_actually\new_benign\sysmon_48113.evtx,Classic,0,"{""EventData"":{""Data"":[{""@Name"":""RuleName"",""#text"":""-""},{""@Name"":""UtcTime"",""#text"":""2025-05-01 17:48:42.140""},{""@Name"":""ProcessGuid"",""#text"":""dbf410b3-b3aa-6813-600c-000000004400""},{""@Name"":""ProcessId"",""#text"":""8344""},{""@Name"":""Image"",""#text"":""C:\\Windows\\System32\\backgroundTaskHost.exe""},{""@Name"":""User"",""#text"":""SERVER002\\lplui""}]}}"
40990,59142,2025-05-01 17:48:49.2744861,5,Info,Microsoft-Windows-Sysmon,Microsoft-Windows-Sysmon/Operational,2632,4140,Server002,759,S-1-5-18,Process terminated,SERVER002\lplui,,"ProcessID: 5724, ProcessGUID: dbf410b3-b3aa-6813-5f0c-000000004400",,,,,,C:\Windows\System32\backgroundTaskHost.exe,False,D:\benign_log_combined_latest_used_actually\new_benign\sysmon_48113.evtx,Classic,0,"{""EventData"":{""Data"":[{""@Name"":""RuleName"",""#text"":""-""},{""@Name"":""UtcTime"",""#text"":""2025-05-01 17:48:49.272""},{""@Name"":""ProcessGuid"",""#text"":""dbf410b3-b3aa-6813-5f0c-000000004400""},{""@Name"":""ProcessId"",""#text"":""5724""},{""@Name"":""Image"",""#text"":""C:\\Windows\\System32\\backgroundTaskHost.exe""},{""@Name"":""User"",""#text"":""SERVER002\\lplui""}]}}"
