10765,28917,2025-04-17 16:44:09.2338265,1,Info,Microsoft-Windows-Sysmon,Microsoft-Windows-Sysmon/Operational,3096,4472,Server002,209,S-1-5-18,Process creation,SERVER002\lplui,,"ProcessID: 12000, ProcessGUID: dbf410b3-2fd7-6801-fa08-000000003d00",RuleName: -,SHA256=C8081A749E80FE9CA91EA495B765EAE0CB850513558AB106FC29FB0D3816616C,ParentProcess: C:\Program Files (x86)\Microsoft\Edge\Application\msedge.exe,"ParentProcessID: 6820, ParentProcessGUID: dbf410b3-2fca-6801-dd08-000000003d00","ParentCommandLine: ""C:\Program Files (x86)\Microsoft\Edge\Application\msedge.exe"" --no-startup-window","""C:\Program Files (x86)\Microsoft\Edge\Application\msedge.exe"" --type=renderer --pdf-upsell-enabled --video-capture-use-gpu-memory-buffer --lang=en-GB --js-flags=--ms-user-locale= --device-scale-factor=1 --num-raster-threads=1 --renderer-client-id=10 --time-ticks-at-unix-epoch=-1744871925396547 --launch-time-ticks=36320002896 --always-read-main-dll --field-trial-handle=3052,i,3737202358083202955,17917214667511187207,262144 --variations-seed-version --mojo-platform-channel-handle=5596 /prefetch:1",False,D:\benign_log_combined_latest_used_actually\new_benign\sysmon_48113.evtx,Classic,0,"{""EventData"":{""Data"":[{""@Name"":""RuleName"",""#text"":""-""},{""@Name"":""UtcTime"",""#text"":""2025-04-17 16:44:07.792""},{""@Name"":""ProcessGuid"",""#text"":""dbf410b3-2fd7-6801-fa08-000000003d00""},{""@Name"":""ProcessId"",""#text"":""12000""},{""@Name"":""Image"",""#text"":""C:\\Program Files (x86)\\Microsoft\\Edge\\Application\\msedge.exe""},{""@Name"":""FileVersion"",""#text"":""135.0.3179.73""},{""@Name"":""Description"",""#text"":""Microsoft Edge""},{""@Name"":""Product"",""#text"":""Microsoft Edge""},{""@Name"":""Company"",""#text"":""Microsoft Corporation""},{""@Name"":""OriginalFileName"",""#text"":""msedge.exe""},{""@Name"":""CommandLine"",""#text"":""\""C:\\Program Files (x86)\\Microsoft\\Edge\\Application\\msedge.exe\"" --type=renderer --pdf-upsell-enabled --video-capture-use-gpu-memory-buffer --lang=en-GB --js-flags=--ms-user-locale= --device-scale-factor=1 --num-raster-threads=1 --renderer-client-id=10 --time-ticks-at-unix-epoch=-1744871925396547 --launch-time-ticks=36320002896 --always-read-main-dll --field-trial-handle=3052,i,3737202358083202955,17917214667511187207,262144 --variations-seed-version --mojo-platform-channel-handle=5596 /prefetch:1""},{""@Name"":""CurrentDirectory"",""#text"":""C:\\Program Files (x86)\\Microsoft\\Edge\\Application\\135.0.3179.73\\""},{""@Name"":""User"",""#text"":""SERVER002\\lplui""},{""@Name"":""LogonGuid"",""#text"":""dbf410b3-a213-6800-27dd-020000000000""},{""@Name"":""LogonId"",""#text"":""0x2DD27""},{""@Name"":""TerminalSessionId"",""#text"":""1""},{""@Name"":""IntegrityLevel"",""#text"":""AppContainer""},{""@Name"":""Hashes"",""#text"":""SHA256=C8081A749E80FE9CA91EA495B765EAE0CB850513558AB106FC29FB0D3816616C""},{""@Name"":""ParentProcessGuid"",""#text"":""dbf410b3-2fca-6801-dd08-000000003d00""},{""@Name"":""ParentProcessId"",""#text"":""6820""},{""@Name"":""ParentImage"",""#text"":""C:\\Program Files (x86)\\Microsoft\\Edge\\Application\\msedge.exe""},{""@Name"":""ParentCommandLine"",""#text"":""\""C:\\Program Files (x86)\\Microsoft\\Edge\\Application\\msedge.exe\"" --no-startup-window""},{""@Name"":""ParentUser"",""#text"":""SERVER002\\lplui""}]}}"
10766,28918,2025-04-17 16:44:09.8704678,1,Info,Microsoft-Windows-Sysmon,Microsoft-Windows-Sysmon/Operational,3096,4472,Server002,209,S-1-5-18,Process creation,SERVER002\lplui,,"ProcessID: 8736, ProcessGUID: dbf410b3-2fd7-6801-fb08-000000003d00",RuleName: -,SHA256=C8081A749E80FE9CA91EA495B765EAE0CB850513558AB106FC29FB0D3816616C,ParentProcess: C:\Program Files (x86)\Microsoft\Edge\Application\msedge.exe,"ParentProcessID: 6820, ParentProcessGUID: dbf410b3-2fca-6801-dd08-000000003d00","ParentCommandLine: ""C:\Program Files (x86)\Microsoft\Edge\Application\msedge.exe"" --no-startup-window","""C:\Program Files (x86)\Microsoft\Edge\Application\msedge.exe"" --type=renderer --instant-process --pdf-upsell-enabled --video-capture-use-gpu-memory-buffer --lang=en-GB --js-flags=--ms-user-locale= --device-scale-factor=1 --num-raster-threads=1 --renderer-client-id=9 --time-ticks-at-unix-epoch=-1744871925396547 --launch-time-ticks=36320004832 --always-read-main-dll --field-trial-handle=3052,i,3737202358083202955,17917214667511187207,262144 --variations-seed-version --mojo-platform-channel-handle=5600 /prefetch:1",False,D:\benign_log_combined_latest_used_actually\new_benign\sysmon_48113.evtx,Classic,0,"{""EventData"":{""Data"":[{""@Name"":""RuleName"",""#text"":""-""},{""@Name"":""UtcTime"",""#text"":""2025-04-17 16:44:07.817""},{""@Name"":""ProcessGuid"",""#text"":""dbf410b3-2fd7-6801-fb08-000000003d00""},{""@Name"":""ProcessId"",""#text"":""8736""},{""@Name"":""Image"",""#text"":""C:\\Program Files (x86)\\Microsoft\\Edge\\Application\\msedge.exe""},{""@Name"":""FileVersion"",""#text"":""135.0.3179.73""},{""@Name"":""Description"",""#text"":""Microsoft Edge""},{""@Name"":""Product"",""#text"":""Microsoft Edge""},{""@Name"":""Company"",""#text"":""Microsoft Corporation""},{""@Name"":""OriginalFileName"",""#text"":""msedge.exe""},{""@Name"":""CommandLine"",""#text"":""\""C:\\Program Files (x86)\\Microsoft\\Edge\\Application\\msedge.exe\"" --type=renderer --instant-process --pdf-upsell-enabled --video-capture-use-gpu-memory-buffer --lang=en-GB --js-flags=--ms-user-locale= --device-scale-factor=1 --num-raster-threads=1 --renderer-client-id=9 --time-ticks-at-unix-epoch=-1744871925396547 --launch-time-ticks=36320004832 --always-read-main-dll --field-trial-handle=3052,i,3737202358083202955,17917214667511187207,262144 --variations-seed-version --mojo-platform-channel-handle=5600 /prefetch:1""},{""@Name"":""CurrentDirectory"",""#text"":""C:\\Program Files (x86)\\Microsoft\\Edge\\Application\\135.0.3179.73\\""},{""@Name"":""User"",""#text"":""SERVER002\\lplui""},{""@Name"":""LogonGuid"",""#text"":""dbf410b3-a213-6800-27dd-020000000000""},{""@Name"":""LogonId"",""#text"":""0x2DD27""},{""@Name"":""TerminalSessionId"",""#text"":""1""},{""@Name"":""IntegrityLevel"",""#text"":""AppContainer""},{""@Name"":""Hashes"",""#text"":""SHA256=C8081A749E80FE9CA91EA495B765EAE0CB850513558AB106FC29FB0D3816616C""},{""@Name"":""ParentProcessGuid"",""#text"":""dbf410b3-2fca-6801-dd08-000000003d00""},{""@Name"":""ParentProcessId"",""#text"":""6820""},{""@Name"":""ParentImage"",""#text"":""C:\\Program Files (x86)\\Microsoft\\Edge\\Application\\msedge.exe""},{""@Name"":""ParentCommandLine"",""#text"":""\""C:\\Program Files (x86)\\Microsoft\\Edge\\Application\\msedge.exe\"" --no-startup-window""},{""@Name"":""ParentUser"",""#text"":""SERVER002\\lplui""}]}}"
10767,28919,2025-04-17 16:44:09.8705364,5,Info,Microsoft-Windows-Sysmon,Microsoft-Windows-Sysmon/Operational,3096,4472,Server002,209,S-1-5-18,Process terminated,SERVER002\lplui,,"ProcessID: 12036, ProcessGUID: dbf410b3-2fd5-6801-f508-000000003d00",,,,,,C:\Program Files (x86)\Microsoft\Edge\Application\msedge.exe,False,D:\benign_log_combined_latest_used_actually\new_benign\sysmon_48113.evtx,Classic,0,"{""EventData"":{""Data"":[{""@Name"":""RuleName"",""#text"":""-""},{""@Name"":""UtcTime"",""#text"":""2025-04-17 16:44:09.440""},{""@Name"":""ProcessGuid"",""#text"":""dbf410b3-2fd5-6801-f508-000000003d00""},{""@Name"":""ProcessId"",""#text"":""12036""},{""@Name"":""Image"",""#text"":""C:\\Program Files (x86)\\Microsoft\\Edge\\Application\\msedge.exe""},{""@Name"":""User"",""#text"":""SERVER002\\lplui""}]}}"
10768,28920,2025-04-17 16:44:11.2243565,5,Info,Microsoft-Windows-Sysmon,Microsoft-Windows-Sysmon/Operational,3096,4472,Server002,209,S-1-5-18,Process terminated,SERVER002\lplui,,"ProcessID: 6876, ProcessGUID: dbf410b3-fac9-6800-3605-000000003d00",,,,,,C:\Program Files (x86)\Microsoft\Edge\Application\msedge.exe,False,D:\benign_log_combined_latest_used_actually\new_benign\sysmon_48113.evtx,Classic,0,"{""EventData"":{""Data"":[{""@Name"":""RuleName"",""#text"":""-""},{""@Name"":""UtcTime"",""#text"":""2025-04-17 16:44:11.008""},{""@Name"":""ProcessGuid"",""#text"":""dbf410b3-fac9-6800-3605-000000003d00""},{""@Name"":""ProcessId"",""#text"":""6876""},{""@Name"":""Image"",""#text"":""C:\\Program Files (x86)\\Microsoft\\Edge\\Application\\msedge.exe""},{""@Name"":""User"",""#text"":""SERVER002\\lplui""}]}}"
10769,28921,2025-04-17 16:44:12.7917889,1,Info,Microsoft-Windows-Sysmon,Microsoft-Windows-Sysmon/Operational,3096,4472,Server002,209,S-1-5-18,Process creation,SERVER002\lplui,,"ProcessID: 892, ProcessGUID: dbf410b3-2fdb-6801-fd08-000000003d00",RuleName: -,SHA256=C8081A749E80FE9CA91EA495B765EAE0CB850513558AB106FC29FB0D3816616C,ParentProcess: C:\Program Files (x86)\Microsoft\Edge\Application\msedge.exe,"ParentProcessID: 6820, ParentProcessGUID: dbf410b3-2fca-6801-dd08-000000003d00","ParentCommandLine: ""C:\Program Files (x86)\Microsoft\Edge\Application\msedge.exe"" --no-startup-window","""C:\Program Files (x86)\Microsoft\Edge\Application\msedge.exe"" --type=utility --utility-sub-type=entity_extraction_service.mojom.Extractor --lang=en-GB --service-sandbox-type=entity_extraction --onnx-enabled-for-ee --always-read-main-dll --field-trial-handle=3052,i,3737202358083202955,17917214667511187207,262144 --variations-seed-version --mojo-platform-channel-handle=5988 /prefetch:8",False,D:\benign_log_combined_latest_used_actually\new_benign\sysmon_48113.evtx,Classic,0,"{""EventData"":{""Data"":[{""@Name"":""RuleName"",""#text"":""-""},{""@Name"":""UtcTime"",""#text"":""2025-04-17 16:44:11.031""},{""@Name"":""ProcessGuid"",""#text"":""dbf410b3-2fdb-6801-fd08-000000003d00""},{""@Name"":""ProcessId"",""#text"":""892""},{""@Name"":""Image"",""#text"":""C:\\Program Files (x86)\\Microsoft\\Edge\\Application\\msedge.exe""},{""@Name"":""FileVersion"",""#text"":""135.0.3179.73""},{""@Name"":""Description"",""#text"":""Microsoft Edge""},{""@Name"":""Product"",""#text"":""Microsoft Edge""},{""@Name"":""Company"",""#text"":""Microsoft Corporation""},{""@Name"":""OriginalFileName"",""#text"":""msedge.exe""},{""@Name"":""CommandLine"",""#text"":""\""C:\\Program Files (x86)\\Microsoft\\Edge\\Application\\msedge.exe\"" --type=utility --utility-sub-type=entity_extraction_service.mojom.Extractor --lang=en-GB --service-sandbox-type=entity_extraction --onnx-enabled-for-ee --always-read-main-dll --field-trial-handle=3052,i,3737202358083202955,17917214667511187207,262144 --variations-seed-version --mojo-platform-channel-handle=5988 /prefetch:8""},{""@Name"":""CurrentDirectory"",""#text"":""C:\\Program Files (x86)\\Microsoft\\Edge\\Application\\135.0.3179.73\\""},{""@Name"":""User"",""#text"":""SERVER002\\lplui""},{""@Name"":""LogonGuid"",""#text"":""dbf410b3-a213-6800-27dd-020000000000""},{""@Name"":""LogonId"",""#text"":""0x2DD27""},{""@Name"":""TerminalSessionId"",""#text"":""1""},{""@Name"":""IntegrityLevel"",""#text"":""Low""},{""@Name"":""Hashes"",""#text"":""SHA256=C8081A749E80FE9CA91EA495B765EAE0CB850513558AB106FC29FB0D3816616C""},{""@Name"":""ParentProcessGuid"",""#text"":""dbf410b3-2fca-6801-dd08-000000003d00""},{""@Name"":""ParentProcessId"",""#text"":""6820""},{""@Name"":""ParentImage"",""#text"":""C:\\Program Files (x86)\\Microsoft\\Edge\\Application\\msedge.exe""},{""@Name"":""ParentCommandLine"",""#text"":""\""C:\\Program Files (x86)\\Microsoft\\Edge\\Application\\msedge.exe\"" --no-startup-window""},{""@Name"":""ParentUser"",""#text"":""SERVER002\\lplui""}]}}"
10770,28922,2025-04-17 16:44:12.7923901,1,Info,Microsoft-Windows-Sysmon,Microsoft-Windows-Sysmon/Operational,3096,4472,Server002,209,S-1-5-18,Process creation,SERVER002\lplui,,"ProcessID: 9600, ProcessGUID: dbf410b3-2fdb-6801-fc08-000000003d00",RuleName: -,SHA256=C8081A749E80FE9CA91EA495B765EAE0CB850513558AB106FC29FB0D3816616C,ParentProcess: C:\Program Files (x86)\Microsoft\Edge\Application\msedge.exe,"ParentProcessID: 6820, ParentProcessGUID: dbf410b3-2fca-6801-dd08-000000003d00","ParentCommandLine: ""C:\Program Files (x86)\Microsoft\Edge\Application\msedge.exe"" --no-startup-window","""C:\Program Files (x86)\Microsoft\Edge\Application\msedge.exe"" --type=utility --utility-sub-type=asset_store.mojom.AssetStoreService --lang=en-GB --service-sandbox-type=asset_store_service --always-read-main-dll --field-trial-handle=3052,i,3737202358083202955,17917214667511187207,262144 --variations-seed-version --mojo-platform-channel-handle=5944 /prefetch:8",False,D:\benign_log_combined_latest_used_actually\new_benign\sysmon_48113.evtx,Classic,0,"{""EventData"":{""Data"":[{""@Name"":""RuleName"",""#text"":""-""},{""@Name"":""UtcTime"",""#text"":""2025-04-17 16:44:11.024""},{""@Name"":""ProcessGuid"",""#text"":""dbf410b3-2fdb-6801-fc08-000000003d00""},{""@Name"":""ProcessId"",""#text"":""9600""},{""@Name"":""Image"",""#text"":""C:\\Program Files (x86)\\Microsoft\\Edge\\Application\\msedge.exe""},{""@Name"":""FileVersion"",""#text"":""135.0.3179.73""},{""@Name"":""Description"",""#text"":""Microsoft Edge""},{""@Name"":""Product"",""#text"":""Microsoft Edge""},{""@Name"":""Company"",""#text"":""Microsoft Corporation""},{""@Name"":""OriginalFileName"",""#text"":""msedge.exe""},{""@Name"":""CommandLine"",""#text"":""\""C:\\Program Files (x86)\\Microsoft\\Edge\\Application\\msedge.exe\"" --type=utility --utility-sub-type=asset_store.mojom.AssetStoreService --lang=en-GB --service-sandbox-type=asset_store_service --always-read-main-dll --field-trial-handle=3052,i,3737202358083202955,17917214667511187207,262144 --variations-seed-version --mojo-platform-channel-handle=5944 /prefetch:8""},{""@Name"":""CurrentDirectory"",""#text"":""C:\\Program Files (x86)\\Microsoft\\Edge\\Application\\135.0.3179.73\\""},{""@Name"":""User"",""#text"":""SERVER002\\lplui""},{""@Name"":""LogonGuid"",""#text"":""dbf410b3-a213-6800-27dd-020000000000""},{""@Name"":""LogonId"",""#text"":""0x2DD27""},{""@Name"":""TerminalSessionId"",""#text"":""1""},{""@Name"":""IntegrityLevel"",""#text"":""Low""},{""@Name"":""Hashes"",""#text"":""SHA256=C8081A749E80FE9CA91EA495B765EAE0CB850513558AB106FC29FB0D3816616C""},{""@Name"":""ParentProcessGuid"",""#text"":""dbf410b3-2fca-6801-dd08-000000003d00""},{""@Name"":""ParentProcessId"",""#text"":""6820""},{""@Name"":""ParentImage"",""#text"":""C:\\Program Files (x86)\\Microsoft\\Edge\\Application\\msedge.exe""},{""@Name"":""ParentCommandLine"",""#text"":""\""C:\\Program Files (x86)\\Microsoft\\Edge\\Application\\msedge.exe\"" --no-startup-window""},{""@Name"":""ParentUser"",""#text"":""SERVER002\\lplui""}]}}"
10771,28923,2025-04-17 16:44:13.1660700,1,Info,Microsoft-Windows-Sysmon,Microsoft-Windows-Sysmon/Operational,3096,4472,Server002,209,S-1-5-18,Process creation,SERVER002\lplui,,"ProcessID: 9744, ProcessGUID: dbf410b3-2fdc-6801-fe08-000000003d00",RuleName: -,SHA256=C8081A749E80FE9CA91EA495B765EAE0CB850513558AB106FC29FB0D3816616C,ParentProcess: C:\Program Files (x86)\Microsoft\Edge\Application\msedge.exe,"ParentProcessID: 6820, ParentProcessGUID: dbf410b3-2fca-6801-dd08-000000003d00","ParentCommandLine: ""C:\Program Files (x86)\Microsoft\Edge\Application\msedge.exe"" --no-startup-window","""C:\Program Files (x86)\Microsoft\Edge\Application\msedge.exe"" --type=renderer --pdf-upsell-enabled --disable-gpu-compositing --video-capture-use-gpu-memory-buffer --lang=en-GB --js-flags=--ms-user-locale= --device-scale-factor=1 --num-raster-threads=1 --renderer-client-id=13 --time-ticks-at-unix-epoch=-1744871925396547 --launch-time-ticks=36321653420 --always-read-main-dll --field-trial-handle=3052,i,3737202358083202955,17917214667511187207,262144 --variations-seed-version --mojo-platform-channel-handle=6020 /prefetch:1",False,D:\benign_log_combined_latest_used_actually\new_benign\sysmon_48113.evtx,Classic,0,"{""EventData"":{""Data"":[{""@Name"":""RuleName"",""#text"":""-""},{""@Name"":""UtcTime"",""#text"":""2025-04-17 16:44:12.695""},{""@Name"":""ProcessGuid"",""#text"":""dbf410b3-2fdc-6801-fe08-000000003d00""},{""@Name"":""ProcessId"",""#text"":""9744""},{""@Name"":""Image"",""#text"":""C:\\Program Files (x86)\\Microsoft\\Edge\\Application\\msedge.exe""},{""@Name"":""FileVersion"",""#text"":""135.0.3179.73""},{""@Name"":""Description"",""#text"":""Microsoft Edge""},{""@Name"":""Product"",""#text"":""Microsoft Edge""},{""@Name"":""Company"",""#text"":""Microsoft Corporation""},{""@Name"":""OriginalFileName"",""#text"":""msedge.exe""},{""@Name"":""CommandLine"",""#text"":""\""C:\\Program Files (x86)\\Microsoft\\Edge\\Application\\msedge.exe\"" --type=renderer --pdf-upsell-enabled --disable-gpu-compositing --video-capture-use-gpu-memory-buffer --lang=en-GB --js-flags=--ms-user-locale= --device-scale-factor=1 --num-raster-threads=1 --renderer-client-id=13 --time-ticks-at-unix-epoch=-1744871925396547 --launch-time-ticks=36321653420 --always-read-main-dll --field-trial-handle=3052,i,3737202358083202955,17917214667511187207,262144 --variations-seed-version --mojo-platform-channel-handle=6020 /prefetch:1""},{""@Name"":""CurrentDirectory"",""#text"":""C:\\Program Files (x86)\\Microsoft\\Edge\\Application\\135.0.3179.73\\""},{""@Name"":""User"",""#text"":""SERVER002\\lplui""},{""@Name"":""LogonGuid"",""#text"":""dbf410b3-a213-6800-27dd-020000000000""},{""@Name"":""LogonId"",""#text"":""0x2DD27""},{""@Name"":""TerminalSessionId"",""#text"":""1""},{""@Name"":""IntegrityLevel"",""#text"":""AppContainer""},{""@Name"":""Hashes"",""#text"":""SHA256=C8081A749E80FE9CA91EA495B765EAE0CB850513558AB106FC29FB0D3816616C""},{""@Name"":""ParentProcessGuid"",""#text"":""dbf410b3-2fca-6801-dd08-000000003d00""},{""@Name"":""ParentProcessId"",""#text"":""6820""},{""@Name"":""ParentImage"",""#text"":""C:\\Program Files (x86)\\Microsoft\\Edge\\Application\\msedge.exe""},{""@Name"":""ParentCommandLine"",""#text"":""\""C:\\Program Files (x86)\\Microsoft\\Edge\\Application\\msedge.exe\"" --no-startup-window""},{""@Name"":""ParentUser"",""#text"":""SERVER002\\lplui""}]}}"
10772,28924,2025-04-17 16:44:18.2903059,5,Info,Microsoft-Windows-Sysmon,Microsoft-Windows-Sysmon/Operational,3096,4472,Server002,209,S-1-5-18,Process terminated,NT AUTHORITY\SYSTEM,,"ProcessID: 916, ProcessGUID: dbf410b3-2df7-6801-dc07-000000003d00",,,,,,C:\Windows\WinSxS\amd64_microsoft-windows-servicingstack_31bf3856ad364e35_10.0.19041.5676_none_7dfafd007c9b4e44\TiWorker.exe,False,D:\benign_log_combined_latest_used_actually\new_benign\sysmon_48113.evtx,Classic,0,"{""EventData"":{""Data"":[{""@Name"":""RuleName"",""#text"":""-""},{""@Name"":""UtcTime"",""#text"":""2025-04-17 16:44:18.066""},{""@Name"":""ProcessGuid"",""#text"":""dbf410b3-2df7-6801-dc07-000000003d00""},{""@Name"":""ProcessId"",""#text"":""916""},{""@Name"":""Image"",""#text"":""C:\\Windows\\WinSxS\\amd64_microsoft-windows-servicingstack_31bf3856ad364e35_10.0.19041.5676_none_7dfafd007c9b4e44\\TiWorker.exe""},{""@Name"":""User"",""#text"":""NT AUTHORITY\\SYSTEM""}]}}"
10773,28925,2025-04-17 16:44:18.9157031,1,Info,Microsoft-Windows-Sysmon,Microsoft-Windows-Sysmon/Operational,3096,4472,Server002,209,S-1-5-18,Process creation,SERVER002\lplui,,"ProcessID: 284, ProcessGUID: dbf410b3-2fe2-6801-ff08-000000003d00",RuleName: -,SHA256=EB01554FECE2DF194F20D4D586932E26BF322C74A3FD964212C28586A5C7B352,ParentProcess: C:\Program Files\BraveSoftware\Brave-Browser\Application\brave.exe,"ParentProcessID: 11380, ParentProcessGUID: dbf410b3-2fd0-6801-ea08-000000003d00","ParentCommandLine: ""C:\Program Files\BraveSoftware\Brave-Browser\Application\brave.exe"" ","""C:\Program Files\BraveSoftware\Brave-Browser\Application\brave.exe"" --type=renderer --enable-distillability-service --origin-trial-public-key=bYUKPJoPnCxeNvu72j4EmPuK7tr1PAC7SHh8ld9Mw3E=,fMS4mpO6buLQ/QMd+zJmxzty/VQ6B1EUZqoCU04zoRU= --start-stack-profiler --disable-gpu-compositing --video-capture-use-gpu-memory-buffer --lang=en-GB --device-scale-factor=1 --num-raster-threads=1 --renderer-client-id=12 --time-ticks-at-unix-epoch=-1744871926384611 --launch-time-ticks=36328415354 --field-trial-handle=1940,i,6509637817472130043,7939642510481974206,262144 --variations-seed-version=main@e5408414389b8e453b72d0bf3b08b8847782f0f5 --mojo-platform-channel-handle=5092 /prefetch:1",False,D:\benign_log_combined_latest_used_actually\new_benign\sysmon_48113.evtx,Classic,0,"{""EventData"":{""Data"":[{""@Name"":""RuleName"",""#text"":""-""},{""@Name"":""UtcTime"",""#text"":""2025-04-17 16:44:18.133""},{""@Name"":""ProcessGuid"",""#text"":""dbf410b3-2fe2-6801-ff08-000000003d00""},{""@Name"":""ProcessId"",""#text"":""284""},{""@Name"":""Image"",""#text"":""C:\\Program Files\\BraveSoftware\\Brave-Browser\\Application\\brave.exe""},{""@Name"":""FileVersion"",""#text"":""135.1.77.100""},{""@Name"":""Description"",""#text"":""Brave Browser""},{""@Name"":""Product"",""#text"":""Brave Browser""},{""@Name"":""Company"",""#text"":""Brave Software, Inc.""},{""@Name"":""OriginalFileName"",""#text"":""brave.exe""},{""@Name"":""CommandLine"",""#text"":""\""C:\\Program Files\\BraveSoftware\\Brave-Browser\\Application\\brave.exe\"" --type=renderer --enable-distillability-service --origin-trial-public-key=bYUKPJoPnCxeNvu72j4EmPuK7tr1PAC7SHh8ld9Mw3E=,fMS4mpO6buLQ/QMd+zJmxzty/VQ6B1EUZqoCU04zoRU= --start-stack-profiler --disable-gpu-compositing --video-capture-use-gpu-memory-buffer --lang=en-GB --device-scale-factor=1 --num-raster-threads=1 --renderer-client-id=12 --time-ticks-at-unix-epoch=-1744871926384611 --launch-time-ticks=36328415354 --field-trial-handle=1940,i,6509637817472130043,7939642510481974206,262144 --variations-seed-version=main@e5408414389b8e453b72d0bf3b08b8847782f0f5 --mojo-platform-channel-handle=5092 /prefetch:1""},{""@Name"":""CurrentDirectory"",""#text"":""C:\\Program Files\\BraveSoftware\\Brave-Browser\\Application\\135.1.77.100\\""},{""@Name"":""User"",""#text"":""SERVER002\\lplui""},{""@Name"":""LogonGuid"",""#text"":""dbf410b3-a213-6800-27dd-020000000000""},{""@Name"":""LogonId"",""#text"":""0x2DD27""},{""@Name"":""TerminalSessionId"",""#text"":""1""},{""@Name"":""IntegrityLevel"",""#text"":""Low""},{""@Name"":""Hashes"",""#text"":""SHA256=EB01554FECE2DF194F20D4D586932E26BF322C74A3FD964212C28586A5C7B352""},{""@Name"":""ParentProcessGuid"",""#text"":""dbf410b3-2fd0-6801-ea08-000000003d00""},{""@Name"":""ParentProcessId"",""#text"":""11380""},{""@Name"":""ParentImage"",""#text"":""C:\\Program Files\\BraveSoftware\\Brave-Browser\\Application\\brave.exe""},{""@Name"":""ParentCommandLine"",""#text"":""\""C:\\Program Files\\BraveSoftware\\Brave-Browser\\Application\\brave.exe\"" ""},{""@Name"":""ParentUser"",""#text"":""SERVER002\\lplui""}]}}"
10774,28926,2025-04-17 16:44:22.8685908,5,Info,Microsoft-Windows-Sysmon,Microsoft-Windows-Sysmon/Operational,3096,4472,Server002,209,S-1-5-18,Process terminated,NT AUTHORITY\SYSTEM,,"ProcessID: 13076, ProcessGUID: dbf410b3-2df7-6801-db07-000000003d00",,,,,,C:\Windows\servicing\TrustedInstaller.exe,False,D:\benign_log_combined_latest_used_actually\new_benign\sysmon_48113.evtx,Classic,0,"{""EventData"":{""Data"":[{""@Name"":""RuleName"",""#text"":""-""},{""@Name"":""UtcTime"",""#text"":""2025-04-17 16:44:22.813""},{""@Name"":""ProcessGuid"",""#text"":""dbf410b3-2df7-6801-db07-000000003d00""},{""@Name"":""ProcessId"",""#text"":""13076""},{""@Name"":""Image"",""#text"":""C:\\Windows\\servicing\\TrustedInstaller.exe""},{""@Name"":""User"",""#text"":""NT AUTHORITY\\SYSTEM""}]}}"
10775,28927,2025-04-17 16:44:24.9935364,1,Info,Microsoft-Windows-Sysmon,Microsoft-Windows-Sysmon/Operational,3096,4472,Server002,209,S-1-5-18,Process creation,SERVER002\lplui,,"ProcessID: 7776, ProcessGUID: dbf410b3-2fe7-6801-0009-000000003d00",RuleName: -,SHA256=EB01554FECE2DF194F20D4D586932E26BF322C74A3FD964212C28586A5C7B352,ParentProcess: C:\Program Files\BraveSoftware\Brave-Browser\Application\brave.exe,"ParentProcessID: 11380, ParentProcessGUID: dbf410b3-2fd0-6801-ea08-000000003d00","ParentCommandLine: ""C:\Program Files\BraveSoftware\Brave-Browser\Application\brave.exe"" ","""C:\Program Files\BraveSoftware\Brave-Browser\Application\brave.exe"" --type=utility --utility-sub-type=chrome.mojom.ProcessorMetrics --lang=en-GB --service-sandbox-type=none --field-trial-handle=1940,i,6509637817472130043,7939642510481974206,262144 --variations-seed-version=main@e5408414389b8e453b72d0bf3b08b8847782f0f5 --mojo-platform-channel-handle=5392 /prefetch:8",False,D:\benign_log_combined_latest_used_actually\new_benign\sysmon_48113.evtx,Classic,0,"{""EventData"":{""Data"":[{""@Name"":""RuleName"",""#text"":""-""},{""@Name"":""UtcTime"",""#text"":""2025-04-17 16:44:23.045""},{""@Name"":""ProcessGuid"",""#text"":""dbf410b3-2fe7-6801-0009-000000003d00""},{""@Name"":""ProcessId"",""#text"":""7776""},{""@Name"":""Image"",""#text"":""C:\\Program Files\\BraveSoftware\\Brave-Browser\\Application\\brave.exe""},{""@Name"":""FileVersion"",""#text"":""135.1.77.100""},{""@Name"":""Description"",""#text"":""Brave Browser""},{""@Name"":""Product"",""#text"":""Brave Browser""},{""@Name"":""Company"",""#text"":""Brave Software, Inc.""},{""@Name"":""OriginalFileName"",""#text"":""brave.exe""},{""@Name"":""CommandLine"",""#text"":""\""C:\\Program Files\\BraveSoftware\\Brave-Browser\\Application\\brave.exe\"" --type=utility --utility-sub-type=chrome.mojom.ProcessorMetrics --lang=en-GB --service-sandbox-type=none --field-trial-handle=1940,i,6509637817472130043,7939642510481974206,262144 --variations-seed-version=main@e5408414389b8e453b72d0bf3b08b8847782f0f5 --mojo-platform-channel-handle=5392 /prefetch:8""},{""@Name"":""CurrentDirectory"",""#text"":""C:\\Program Files\\BraveSoftware\\Brave-Browser\\Application\\135.1.77.100\\""},{""@Name"":""User"",""#text"":""SERVER002\\lplui""},{""@Name"":""LogonGuid"",""#text"":""dbf410b3-a213-6800-27dd-020000000000""},{""@Name"":""LogonId"",""#text"":""0x2DD27""},{""@Name"":""TerminalSessionId"",""#text"":""1""},{""@Name"":""IntegrityLevel"",""#text"":""Medium""},{""@Name"":""Hashes"",""#text"":""SHA256=EB01554FECE2DF194F20D4D586932E26BF322C74A3FD964212C28586A5C7B352""},{""@Name"":""ParentProcessGuid"",""#text"":""dbf410b3-2fd0-6801-ea08-000000003d00""},{""@Name"":""ParentProcessId"",""#text"":""11380""},{""@Name"":""ParentImage"",""#text"":""C:\\Program Files\\BraveSoftware\\Brave-Browser\\Application\\brave.exe""},{""@Name"":""ParentCommandLine"",""#text"":""\""C:\\Program Files\\BraveSoftware\\Brave-Browser\\Application\\brave.exe\"" ""},{""@Name"":""ParentUser"",""#text"":""SERVER002\\lplui""}]}}"
10776,28928,2025-04-17 16:44:32.2737460,1,Info,Microsoft-Windows-Sysmon,Microsoft-Windows-Sysmon/Operational,3096,4472,Server002,209,S-1-5-18,Process creation,NT AUTHORITY\NETWORK SERVICE,,"ProcessID: 7380, ProcessGUID: dbf410b3-2fef-6801-0109-000000003d00",RuleName: -,SHA256=8BBDEAD7357AF7BF0EFE397F9FD7E0EC578755EB8BDBAA65AE4F28EF00087AD5,ParentProcess: C:\Windows\System32\svchost.exe,"ParentProcessID: 764, ParentProcessGUID: dbf410b3-be2b-6800-0d00-000000003d00",ParentCommandLine: C:\Windows\system32\svchost.exe -k DcomLaunch -p,C:\Windows\system32\wbem\wmiprvse.exe -secured -Embedding,False,D:\benign_log_combined_latest_used_actually\new_benign\sysmon_48113.evtx,Classic,0,"{""EventData"":{""Data"":[{""@Name"":""RuleName"",""#text"":""-""},{""@Name"":""UtcTime"",""#text"":""2025-04-17 16:44:31.875""},{""@Name"":""ProcessGuid"",""#text"":""dbf410b3-2fef-6801-0109-000000003d00""},{""@Name"":""ProcessId"",""#text"":""7380""},{""@Name"":""Image"",""#text"":""C:\\Windows\\System32\\wbem\\WmiPrvSE.exe""},{""@Name"":""FileVersion"",""#text"":""10.0.19041.3636 (WinBuild.160101.0800)""},{""@Name"":""Description"",""#text"":""WMI Provider Host""},{""@Name"":""Product"",""#text"":""Microsoft® Windows® Operating System""},{""@Name"":""Company"",""#text"":""Microsoft Corporation""},{""@Name"":""OriginalFileName"",""#text"":""Wmiprvse.exe""},{""@Name"":""CommandLine"",""#text"":""C:\\Windows\\system32\\wbem\\wmiprvse.exe -secured -Embedding""},{""@Name"":""CurrentDirectory"",""#text"":""C:\\Windows\\system32\\""},{""@Name"":""User"",""#text"":""NT AUTHORITY\\NETWORK SERVICE""},{""@Name"":""LogonGuid"",""#text"":""dbf410b3-be2b-6800-e403-000000000000""},{""@Name"":""LogonId"",""#text"":""0x3E4""},{""@Name"":""TerminalSessionId"",""#text"":""0""},{""@Name"":""IntegrityLevel"",""#text"":""System""},{""@Name"":""Hashes"",""#text"":""SHA256=8BBDEAD7357AF7BF0EFE397F9FD7E0EC578755EB8BDBAA65AE4F28EF00087AD5""},{""@Name"":""ParentProcessGuid"",""#text"":""dbf410b3-be2b-6800-0d00-000000003d00""},{""@Name"":""ParentProcessId"",""#text"":""764""},{""@Name"":""ParentImage"",""#text"":""C:\\Windows\\System32\\svchost.exe""},{""@Name"":""ParentCommandLine"",""#text"":""C:\\Windows\\system32\\svchost.exe -k DcomLaunch -p""},{""@Name"":""ParentUser"",""#text"":""NT AUTHORITY\\SYSTEM""}]}}"
10777,28929,2025-04-17 16:44:33.2142674,1,Info,Microsoft-Windows-Sysmon,Microsoft-Windows-Sysmon/Operational,3096,4472,Server002,209,S-1-5-18,Process creation,SERVER002\lplui,,"ProcessID: 10808, ProcessGUID: dbf410b3-2ff0-6801-0309-000000003d00",RuleName: -,SHA256=C8081A749E80FE9CA91EA495B765EAE0CB850513558AB106FC29FB0D3816616C,ParentProcess: C:\Program Files (x86)\Microsoft\Edge\Application\msedge.exe,"ParentProcessID: 6820, ParentProcessGUID: dbf410b3-2fca-6801-dd08-000000003d00","ParentCommandLine: ""C:\Program Files (x86)\Microsoft\Edge\Application\msedge.exe"" --no-startup-window","""C:\Program Files (x86)\Microsoft\Edge\Application\msedge.exe"" --type=utility --utility-sub-type=chrome.mojom.UtilWin --lang=en-GB --service-sandbox-type=none --message-loop-type-ui --always-read-main-dll --field-trial-handle=3052,i,3737202358083202955,17917214667511187207,262144 --variations-seed-version --mojo-platform-channel-handle=6896 /prefetch:8",False,D:\benign_log_combined_latest_used_actually\new_benign\sysmon_48113.evtx,Classic,0,"{""EventData"":{""Data"":[{""@Name"":""RuleName"",""#text"":""-""},{""@Name"":""UtcTime"",""#text"":""2025-04-17 16:44:32.819""},{""@Name"":""ProcessGuid"",""#text"":""dbf410b3-2ff0-6801-0309-000000003d00""},{""@Name"":""ProcessId"",""#text"":""10808""},{""@Name"":""Image"",""#text"":""C:\\Program Files (x86)\\Microsoft\\Edge\\Application\\msedge.exe""},{""@Name"":""FileVersion"",""#text"":""135.0.3179.73""},{""@Name"":""Description"",""#text"":""Microsoft Edge""},{""@Name"":""Product"",""#text"":""Microsoft Edge""},{""@Name"":""Company"",""#text"":""Microsoft Corporation""},{""@Name"":""OriginalFileName"",""#text"":""msedge.exe""},{""@Name"":""CommandLine"",""#text"":""\""C:\\Program Files (x86)\\Microsoft\\Edge\\Application\\msedge.exe\"" --type=utility --utility-sub-type=chrome.mojom.UtilWin --lang=en-GB --service-sandbox-type=none --message-loop-type-ui --always-read-main-dll --field-trial-handle=3052,i,3737202358083202955,17917214667511187207,262144 --variations-seed-version --mojo-platform-channel-handle=6896 /prefetch:8""},{""@Name"":""CurrentDirectory"",""#text"":""C:\\Program Files (x86)\\Microsoft\\Edge\\Application\\135.0.3179.73\\""},{""@Name"":""User"",""#text"":""SERVER002\\lplui""},{""@Name"":""LogonGuid"",""#text"":""dbf410b3-a213-6800-27dd-020000000000""},{""@Name"":""LogonId"",""#text"":""0x2DD27""},{""@Name"":""TerminalSessionId"",""#text"":""1""},{""@Name"":""IntegrityLevel"",""#text"":""Medium""},{""@Name"":""Hashes"",""#text"":""SHA256=C8081A749E80FE9CA91EA495B765EAE0CB850513558AB106FC29FB0D3816616C""},{""@Name"":""ParentProcessGuid"",""#text"":""dbf410b3-2fca-6801-dd08-000000003d00""},{""@Name"":""ParentProcessId"",""#text"":""6820""},{""@Name"":""ParentImage"",""#text"":""C:\\Program Files (x86)\\Microsoft\\Edge\\Application\\msedge.exe""},{""@Name"":""ParentCommandLine"",""#text"":""\""C:\\Program Files (x86)\\Microsoft\\Edge\\Application\\msedge.exe\"" --no-startup-window""},{""@Name"":""ParentUser"",""#text"":""SERVER002\\lplui""}]}}"
10778,28930,2025-04-17 16:44:33.2155192,1,Info,Microsoft-Windows-Sysmon,Microsoft-Windows-Sysmon/Operational,3096,4472,Server002,209,S-1-5-18,Process creation,SERVER002\lplui,,"ProcessID: 4100, ProcessGUID: dbf410b3-2ff0-6801-0209-000000003d00",RuleName: -,SHA256=C8081A749E80FE9CA91EA495B765EAE0CB850513558AB106FC29FB0D3816616C,ParentProcess: C:\Program Files (x86)\Microsoft\Edge\Application\msedge.exe,"ParentProcessID: 6820, ParentProcessGUID: dbf410b3-2fca-6801-dd08-000000003d00","ParentCommandLine: ""C:\Program Files (x86)\Microsoft\Edge\Application\msedge.exe"" --no-startup-window","""C:\Program Files (x86)\Microsoft\Edge\Application\msedge.exe"" --type=renderer --pdf-upsell-enabled --disable-gpu-compositing --video-capture-use-gpu-memory-buffer --lang=en-GB --js-flags=--ms-user-locale= --device-scale-factor=1 --num-raster-threads=1 --renderer-client-id=14 --time-ticks-at-unix-epoch=-1744871925396547 --launch-time-ticks=36338734047 --always-read-main-dll --field-trial-handle=3052,i,3737202358083202955,17917214667511187207,262144 --variations-seed-version --mojo-platform-channel-handle=5916 /prefetch:1",False,D:\benign_log_combined_latest_used_actually\new_benign\sysmon_48113.evtx,Classic,0,"{""EventData"":{""Data"":[{""@Name"":""RuleName"",""#text"":""-""},{""@Name"":""UtcTime"",""#text"":""2025-04-17 16:44:32.656""},{""@Name"":""ProcessGuid"",""#text"":""dbf410b3-2ff0-6801-0209-000000003d00""},{""@Name"":""ProcessId"",""#text"":""4100""},{""@Name"":""Image"",""#text"":""C:\\Program Files (x86)\\Microsoft\\Edge\\Application\\msedge.exe""},{""@Name"":""FileVersion"",""#text"":""135.0.3179.73""},{""@Name"":""Description"",""#text"":""Microsoft Edge""},{""@Name"":""Product"",""#text"":""Microsoft Edge""},{""@Name"":""Company"",""#text"":""Microsoft Corporation""},{""@Name"":""OriginalFileName"",""#text"":""msedge.exe""},{""@Name"":""CommandLine"",""#text"":""\""C:\\Program Files (x86)\\Microsoft\\Edge\\Application\\msedge.exe\"" --type=renderer --pdf-upsell-enabled --disable-gpu-compositing --video-capture-use-gpu-memory-buffer --lang=en-GB --js-flags=--ms-user-locale= --device-scale-factor=1 --num-raster-threads=1 --renderer-client-id=14 --time-ticks-at-unix-epoch=-1744871925396547 --launch-time-ticks=36338734047 --always-read-main-dll --field-trial-handle=3052,i,3737202358083202955,17917214667511187207,262144 --variations-seed-version --mojo-platform-channel-handle=5916 /prefetch:1""},{""@Name"":""CurrentDirectory"",""#text"":""C:\\Program Files (x86)\\Microsoft\\Edge\\Application\\135.0.3179.73\\""},{""@Name"":""User"",""#text"":""SERVER002\\lplui""},{""@Name"":""LogonGuid"",""#text"":""dbf410b3-a213-6800-27dd-020000000000""},{""@Name"":""LogonId"",""#text"":""0x2DD27""},{""@Name"":""TerminalSessionId"",""#text"":""1""},{""@Name"":""IntegrityLevel"",""#text"":""AppContainer""},{""@Name"":""Hashes"",""#text"":""SHA256=C8081A749E80FE9CA91EA495B765EAE0CB850513558AB106FC29FB0D3816616C""},{""@Name"":""ParentProcessGuid"",""#text"":""dbf410b3-2fca-6801-dd08-000000003d00""},{""@Name"":""ParentProcessId"",""#text"":""6820""},{""@Name"":""ParentImage"",""#text"":""C:\\Program Files (x86)\\Microsoft\\Edge\\Application\\msedge.exe""},{""@Name"":""ParentCommandLine"",""#text"":""\""C:\\Program Files (x86)\\Microsoft\\Edge\\Application\\msedge.exe\"" --no-startup-window""},{""@Name"":""ParentUser"",""#text"":""SERVER002\\lplui""}]}}"
10779,28931,2025-04-17 16:44:34.6480043,1,Info,Microsoft-Windows-Sysmon,Microsoft-Windows-Sysmon/Operational,3096,4472,Server002,209,S-1-5-18,Process creation,SERVER002\lplui,,"ProcessID: 7916, ProcessGUID: dbf410b3-2ff1-6801-0409-000000003d00",RuleName: -,SHA256=C8081A749E80FE9CA91EA495B765EAE0CB850513558AB106FC29FB0D3816616C,ParentProcess: C:\Program Files (x86)\Microsoft\Edge\Application\msedge.exe,"ParentProcessID: 6820, ParentProcessGUID: dbf410b3-2fca-6801-dd08-000000003d00","ParentCommandLine: ""C:\Program Files (x86)\Microsoft\Edge\Application\msedge.exe"" --no-startup-window","""C:\Program Files (x86)\Microsoft\Edge\Application\msedge.exe"" --type=utility --utility-sub-type=chrome.mojom.UtilWin --lang=en-GB --service-sandbox-type=none --message-loop-type-ui --always-read-main-dll --field-trial-handle=3052,i,3737202358083202955,17917214667511187207,262144 --variations-seed-version --mojo-platform-channel-handle=6872 /prefetch:8",False,D:\benign_log_combined_latest_used_actually\new_benign\sysmon_48113.evtx,Classic,0,"{""EventData"":{""Data"":[{""@Name"":""RuleName"",""#text"":""-""},{""@Name"":""UtcTime"",""#text"":""2025-04-17 16:44:33.071""},{""@Name"":""ProcessGuid"",""#text"":""dbf410b3-2ff1-6801-0409-000000003d00""},{""@Name"":""ProcessId"",""#text"":""7916""},{""@Name"":""Image"",""#text"":""C:\\Program Files (x86)\\Microsoft\\Edge\\Application\\msedge.exe""},{""@Name"":""FileVersion"",""#text"":""135.0.3179.73""},{""@Name"":""Description"",""#text"":""Microsoft Edge""},{""@Name"":""Product"",""#text"":""Microsoft Edge""},{""@Name"":""Company"",""#text"":""Microsoft Corporation""},{""@Name"":""OriginalFileName"",""#text"":""msedge.exe""},{""@Name"":""CommandLine"",""#text"":""\""C:\\Program Files (x86)\\Microsoft\\Edge\\Application\\msedge.exe\"" --type=utility --utility-sub-type=chrome.mojom.UtilWin --lang=en-GB --service-sandbox-type=none --message-loop-type-ui --always-read-main-dll --field-trial-handle=3052,i,3737202358083202955,17917214667511187207,262144 --variations-seed-version --mojo-platform-channel-handle=6872 /prefetch:8""},{""@Name"":""CurrentDirectory"",""#text"":""C:\\Program Files (x86)\\Microsoft\\Edge\\Application\\135.0.3179.73\\""},{""@Name"":""User"",""#text"":""SERVER002\\lplui""},{""@Name"":""LogonGuid"",""#text"":""dbf410b3-a213-6800-27dd-020000000000""},{""@Name"":""LogonId"",""#text"":""0x2DD27""},{""@Name"":""TerminalSessionId"",""#text"":""1""},{""@Name"":""IntegrityLevel"",""#text"":""Medium""},{""@Name"":""Hashes"",""#text"":""SHA256=C8081A749E80FE9CA91EA495B765EAE0CB850513558AB106FC29FB0D3816616C""},{""@Name"":""ParentProcessGuid"",""#text"":""dbf410b3-2fca-6801-dd08-000000003d00""},{""@Name"":""ParentProcessId"",""#text"":""6820""},{""@Name"":""ParentImage"",""#text"":""C:\\Program Files (x86)\\Microsoft\\Edge\\Application\\msedge.exe""},{""@Name"":""ParentCommandLine"",""#text"":""\""C:\\Program Files (x86)\\Microsoft\\Edge\\Application\\msedge.exe\"" --no-startup-window""},{""@Name"":""ParentUser"",""#text"":""SERVER002\\lplui""}]}}"
10780,28932,2025-04-17 16:44:36.6032706,1,Info,Microsoft-Windows-Sysmon,Microsoft-Windows-Sysmon/Operational,3096,4472,Server002,209,S-1-5-18,Process creation,SERVER002\lplui,,"ProcessID: 8628, ProcessGUID: dbf410b3-2ff2-6801-0509-000000003d00",RuleName: -,SHA256=7077CBF56490C86FC74C0CC6C0379AB679F06A066E71906AD23458F664836449,ParentProcess: C:\Windows\System32\svchost.exe,"ParentProcessID: 764, ParentProcessGUID: dbf410b3-be2b-6800-0d00-000000003d00",ParentCommandLine: C:\Windows\system32\svchost.exe -k DcomLaunch -p,"""C:\Windows\system32\backgroundTaskHost.exe"" -ServerName:App.AppXmtcan0h2tfbfy7k9kn8hbxb6dmzz1zh0.mca",False,D:\benign_log_combined_latest_used_actually\new_benign\sysmon_48113.evtx,Classic,0,"{""EventData"":{""Data"":[{""@Name"":""RuleName"",""#text"":""-""},{""@Name"":""UtcTime"",""#text"":""2025-04-17 16:44:34.206""},{""@Name"":""ProcessGuid"",""#text"":""dbf410b3-2ff2-6801-0509-000000003d00""},{""@Name"":""ProcessId"",""#text"":""8628""},{""@Name"":""Image"",""#text"":""C:\\Windows\\System32\\backgroundTaskHost.exe""},{""@Name"":""FileVersion"",""#text"":""10.0.19041.3636 (WinBuild.160101.0800)""},{""@Name"":""Description"",""#text"":""Background Task Host""},{""@Name"":""Product"",""#text"":""Microsoft® Windows® Operating System""},{""@Name"":""Company"",""#text"":""Microsoft Corporation""},{""@Name"":""OriginalFileName"",""#text"":""backgroundTaskHost.exe""},{""@Name"":""CommandLine"",""#text"":""\""C:\\Windows\\system32\\backgroundTaskHost.exe\"" -ServerName:App.AppXmtcan0h2tfbfy7k9kn8hbxb6dmzz1zh0.mca""},{""@Name"":""CurrentDirectory"",""#text"":""C:\\Windows\\SystemApps\\Microsoft.Windows.ContentDeliveryManager_cw5n1h2txyewy\\""},{""@Name"":""User"",""#text"":""SERVER002\\lplui""},{""@Name"":""LogonGuid"",""#text"":""dbf410b3-a213-6800-27dd-020000000000""},{""@Name"":""LogonId"",""#text"":""0x2DD27""},{""@Name"":""TerminalSessionId"",""#text"":""1""},{""@Name"":""IntegrityLevel"",""#text"":""AppContainer""},{""@Name"":""Hashes"",""#text"":""SHA256=7077CBF56490C86FC74C0CC6C0379AB679F06A066E71906AD23458F664836449""},{""@Name"":""ParentProcessGuid"",""#text"":""dbf410b3-be2b-6800-0d00-000000003d00""},{""@Name"":""ParentProcessId"",""#text"":""764""},{""@Name"":""ParentImage"",""#text"":""C:\\Windows\\System32\\svchost.exe""},{""@Name"":""ParentCommandLine"",""#text"":""C:\\Windows\\system32\\svchost.exe -k DcomLaunch -p""},{""@Name"":""ParentUser"",""#text"":""NT AUTHORITY\\SYSTEM""}]}}"
10781,28933,2025-04-17 16:44:39.2571132,1,Info,Microsoft-Windows-Sysmon,Microsoft-Windows-Sysmon/Operational,3096,4472,Server002,209,S-1-5-18,Process creation,SERVER002\lplui,,"ProcessID: 3352, ProcessGUID: dbf410b3-2ff4-6801-0609-000000003d00",RuleName: -,SHA256=C8081A749E80FE9CA91EA495B765EAE0CB850513558AB106FC29FB0D3816616C,ParentProcess: C:\Program Files (x86)\Microsoft\Edge\Application\msedge.exe,"ParentProcessID: 6820, ParentProcessGUID: dbf410b3-2fca-6801-dd08-000000003d00","ParentCommandLine: ""C:\Program Files (x86)\Microsoft\Edge\Application\msedge.exe"" --no-startup-window","""C:\Program Files (x86)\Microsoft\Edge\Application\msedge.exe"" --type=utility --utility-sub-type=chrome.mojom.UtilWin --lang=en-GB --service-sandbox-type=none --message-loop-type-ui --always-read-main-dll --field-trial-handle=3052,i,3737202358083202955,17917214667511187207,262144 --variations-seed-version --mojo-platform-channel-handle=6916 /prefetch:8",False,D:\benign_log_combined_latest_used_actually\new_benign\sysmon_48113.evtx,Classic,0,"{""EventData"":{""Data"":[{""@Name"":""RuleName"",""#text"":""-""},{""@Name"":""UtcTime"",""#text"":""2025-04-17 16:44:36.647""},{""@Name"":""ProcessGuid"",""#text"":""dbf410b3-2ff4-6801-0609-000000003d00""},{""@Name"":""ProcessId"",""#text"":""3352""},{""@Name"":""Image"",""#text"":""C:\\Program Files (x86)\\Microsoft\\Edge\\Application\\msedge.exe""},{""@Name"":""FileVersion"",""#text"":""135.0.3179.73""},{""@Name"":""Description"",""#text"":""Microsoft Edge""},{""@Name"":""Product"",""#text"":""Microsoft Edge""},{""@Name"":""Company"",""#text"":""Microsoft Corporation""},{""@Name"":""OriginalFileName"",""#text"":""msedge.exe""},{""@Name"":""CommandLine"",""#text"":""\""C:\\Program Files (x86)\\Microsoft\\Edge\\Application\\msedge.exe\"" --type=utility --utility-sub-type=chrome.mojom.UtilWin --lang=en-GB --service-sandbox-type=none --message-loop-type-ui --always-read-main-dll --field-trial-handle=3052,i,3737202358083202955,17917214667511187207,262144 --variations-seed-version --mojo-platform-channel-handle=6916 /prefetch:8""},{""@Name"":""CurrentDirectory"",""#text"":""C:\\Program Files (x86)\\Microsoft\\Edge\\Application\\135.0.3179.73\\""},{""@Name"":""User"",""#text"":""SERVER002\\lplui""},{""@Name"":""LogonGuid"",""#text"":""dbf410b3-a213-6800-27dd-020000000000""},{""@Name"":""LogonId"",""#text"":""0x2DD27""},{""@Name"":""TerminalSessionId"",""#text"":""1""},{""@Name"":""IntegrityLevel"",""#text"":""Medium""},{""@Name"":""Hashes"",""#text"":""SHA256=C8081A749E80FE9CA91EA495B765EAE0CB850513558AB106FC29FB0D3816616C""},{""@Name"":""ParentProcessGuid"",""#text"":""dbf410b3-2fca-6801-dd08-000000003d00""},{""@Name"":""ParentProcessId"",""#text"":""6820""},{""@Name"":""ParentImage"",""#text"":""C:\\Program Files (x86)\\Microsoft\\Edge\\Application\\msedge.exe""},{""@Name"":""ParentCommandLine"",""#text"":""\""C:\\Program Files (x86)\\Microsoft\\Edge\\Application\\msedge.exe\"" --no-startup-window""},{""@Name"":""ParentUser"",""#text"":""SERVER002\\lplui""}]}}"
10782,28934,2025-04-17 16:44:41.9466983,5,Info,Microsoft-Windows-Sysmon,Microsoft-Windows-Sysmon/Operational,3096,4472,Server002,209,S-1-5-18,Process terminated,SERVER002\lplui,,"ProcessID: 9744, ProcessGUID: dbf410b3-2fdc-6801-fe08-000000003d00",,,,,,C:\Program Files (x86)\Microsoft\Edge\Application\msedge.exe,False,D:\benign_log_combined_latest_used_actually\new_benign\sysmon_48113.evtx,Classic,0,"{""EventData"":{""Data"":[{""@Name"":""RuleName"",""#text"":""-""},{""@Name"":""UtcTime"",""#text"":""2025-04-17 16:44:40.324""},{""@Name"":""ProcessGuid"",""#text"":""dbf410b3-2fdc-6801-fe08-000000003d00""},{""@Name"":""ProcessId"",""#text"":""9744""},{""@Name"":""Image"",""#text"":""C:\\Program Files (x86)\\Microsoft\\Edge\\Application\\msedge.exe""},{""@Name"":""User"",""#text"":""SERVER002\\lplui""}]}}"
10783,28935,2025-04-17 16:44:43.9607244,1,Info,Microsoft-Windows-Sysmon,Microsoft-Windows-Sysmon/Operational,3096,4472,Server002,209,S-1-5-18,Process creation,SERVER002\lplui,,"ProcessID: 7636, ProcessGUID: dbf410b3-2ffa-6801-0709-000000003d00",RuleName: -,SHA256=EB01554FECE2DF194F20D4D586932E26BF322C74A3FD964212C28586A5C7B352,ParentProcess: C:\Program Files\BraveSoftware\Brave-Browser\Application\brave.exe,"ParentProcessID: 11380, ParentProcessGUID: dbf410b3-2fd0-6801-ea08-000000003d00","ParentCommandLine: ""C:\Program Files\BraveSoftware\Brave-Browser\Application\brave.exe"" ","""C:\Program Files\BraveSoftware\Brave-Browser\Application\brave.exe"" --type=utility --utility-sub-type=audio.mojom.AudioService --lang=en-GB --service-sandbox-type=audio --field-trial-handle=1940,i,6509637817472130043,7939642510481974206,262144 --variations-seed-version=main@e5408414389b8e453b72d0bf3b08b8847782f0f5 --mojo-platform-channel-handle=6052 /prefetch:8",False,D:\benign_log_combined_latest_used_actually\new_benign\sysmon_48113.evtx,Classic,0,"{""EventData"":{""Data"":[{""@Name"":""RuleName"",""#text"":""-""},{""@Name"":""UtcTime"",""#text"":""2025-04-17 16:44:42.219""},{""@Name"":""ProcessGuid"",""#text"":""dbf410b3-2ffa-6801-0709-000000003d00""},{""@Name"":""ProcessId"",""#text"":""7636""},{""@Name"":""Image"",""#text"":""C:\\Program Files\\BraveSoftware\\Brave-Browser\\Application\\brave.exe""},{""@Name"":""FileVersion"",""#text"":""135.1.77.100""},{""@Name"":""Description"",""#text"":""Brave Browser""},{""@Name"":""Product"",""#text"":""Brave Browser""},{""@Name"":""Company"",""#text"":""Brave Software, Inc.""},{""@Name"":""OriginalFileName"",""#text"":""brave.exe""},{""@Name"":""CommandLine"",""#text"":""\""C:\\Program Files\\BraveSoftware\\Brave-Browser\\Application\\brave.exe\"" --type=utility --utility-sub-type=audio.mojom.AudioService --lang=en-GB --service-sandbox-type=audio --field-trial-handle=1940,i,6509637817472130043,7939642510481974206,262144 --variations-seed-version=main@e5408414389b8e453b72d0bf3b08b8847782f0f5 --mojo-platform-channel-handle=6052 /prefetch:8""},{""@Name"":""CurrentDirectory"",""#text"":""C:\\Program Files\\BraveSoftware\\Brave-Browser\\Application\\135.1.77.100\\""},{""@Name"":""User"",""#text"":""SERVER002\\lplui""},{""@Name"":""LogonGuid"",""#text"":""dbf410b3-a213-6800-27dd-020000000000""},{""@Name"":""LogonId"",""#text"":""0x2DD27""},{""@Name"":""TerminalSessionId"",""#text"":""1""},{""@Name"":""IntegrityLevel"",""#text"":""Low""},{""@Name"":""Hashes"",""#text"":""SHA256=EB01554FECE2DF194F20D4D586932E26BF322C74A3FD964212C28586A5C7B352""},{""@Name"":""ParentProcessGuid"",""#text"":""dbf410b3-2fd0-6801-ea08-000000003d00""},{""@Name"":""ParentProcessId"",""#text"":""11380""},{""@Name"":""ParentImage"",""#text"":""C:\\Program Files\\BraveSoftware\\Brave-Browser\\Application\\brave.exe""},{""@Name"":""ParentCommandLine"",""#text"":""\""C:\\Program Files\\BraveSoftware\\Brave-Browser\\Application\\brave.exe\"" ""},{""@Name"":""ParentUser"",""#text"":""SERVER002\\lplui""}]}}"
