23023,91184,2025-05-02 12:21:05.9274447,4798,LogAlways,Microsoft-Windows-Security-Auditing,Security,688,2772,Server002,222,,A user's local group membership was enumerated,WORKGROUP\SERVER002$ (S-1-5-18),,Target: SERVER002\Administrator (S-1-5-21-3962163828-2803415714-1403596700-500),SubjectLogonId: 0x3E7,CallerProcessName: C:\Program Files\Malwarebytes\Anti-Malware\MBAMService.exe,CallerProcessId: 0xC90,,,,False,D:\benign_log_combined_latest_used_actually\new_benign\security_32761.evtx,Audit success,0,"{""EventData"":{""Data"":[{""@Name"":""TargetUserName"",""#text"":""Administrator""},{""@Name"":""TargetDomainName"",""#text"":""SERVER002""},{""@Name"":""TargetSid"",""#text"":""S-1-5-21-3962163828-2803415714-1403596700-500""},{""@Name"":""SubjectUserSid"",""#text"":""S-1-5-18""},{""@Name"":""SubjectUserName"",""#text"":""SERVER002$""},{""@Name"":""SubjectDomainName"",""#text"":""WORKGROUP""},{""@Name"":""SubjectLogonId"",""#text"":""0x3E7""},{""@Name"":""CallerProcessId"",""#text"":""0xC90""},{""@Name"":""CallerProcessName"",""#text"":""C:\\Program Files\\Malwarebytes\\Anti-Malware\\MBAMService.exe""}]}}"
23024,91185,2025-05-02 12:21:05.9290177,4798,LogAlways,Microsoft-Windows-Security-Auditing,Security,688,2772,Server002,222,,A user's local group membership was enumerated,WORKGROUP\SERVER002$ (S-1-5-18),,Target: SERVER002\admin_test (S-1-5-21-3962163828-2803415714-1403596700-1006),SubjectLogonId: 0x3E7,CallerProcessName: C:\Program Files\Malwarebytes\Anti-Malware\MBAMService.exe,CallerProcessId: 0xC90,,,,False,D:\benign_log_combined_latest_used_actually\new_benign\security_32761.evtx,Audit success,0,"{""EventData"":{""Data"":[{""@Name"":""TargetUserName"",""#text"":""admin_test""},{""@Name"":""TargetDomainName"",""#text"":""SERVER002""},{""@Name"":""TargetSid"",""#text"":""S-1-5-21-3962163828-2803415714-1403596700-1006""},{""@Name"":""SubjectUserSid"",""#text"":""S-1-5-18""},{""@Name"":""SubjectUserName"",""#text"":""SERVER002$""},{""@Name"":""SubjectDomainName"",""#text"":""WORKGROUP""},{""@Name"":""SubjectLogonId"",""#text"":""0x3E7""},{""@Name"":""CallerProcessId"",""#text"":""0xC90""},{""@Name"":""CallerProcessName"",""#text"":""C:\\Program Files\\Malwarebytes\\Anti-Malware\\MBAMService.exe""}]}}"
23025,91186,2025-05-02 12:21:05.9301965,4798,LogAlways,Microsoft-Windows-Security-Auditing,Security,688,2772,Server002,222,,A user's local group membership was enumerated,WORKGROUP\SERVER002$ (S-1-5-18),,Target: SERVER002\DefaultAccount (S-1-5-21-3962163828-2803415714-1403596700-503),SubjectLogonId: 0x3E7,CallerProcessName: C:\Program Files\Malwarebytes\Anti-Malware\MBAMService.exe,CallerProcessId: 0xC90,,,,False,D:\benign_log_combined_latest_used_actually\new_benign\security_32761.evtx,Audit success,0,"{""EventData"":{""Data"":[{""@Name"":""TargetUserName"",""#text"":""DefaultAccount""},{""@Name"":""TargetDomainName"",""#text"":""SERVER002""},{""@Name"":""TargetSid"",""#text"":""S-1-5-21-3962163828-2803415714-1403596700-503""},{""@Name"":""SubjectUserSid"",""#text"":""S-1-5-18""},{""@Name"":""SubjectUserName"",""#text"":""SERVER002$""},{""@Name"":""SubjectDomainName"",""#text"":""WORKGROUP""},{""@Name"":""SubjectLogonId"",""#text"":""0x3E7""},{""@Name"":""CallerProcessId"",""#text"":""0xC90""},{""@Name"":""CallerProcessName"",""#text"":""C:\\Program Files\\Malwarebytes\\Anti-Malware\\MBAMService.exe""}]}}"
23026,91187,2025-05-02 12:21:05.9304004,4798,LogAlways,Microsoft-Windows-Security-Auditing,Security,688,2772,Server002,222,,A user's local group membership was enumerated,WORKGROUP\SERVER002$ (S-1-5-18),,Target: SERVER002\Guest (S-1-5-21-3962163828-2803415714-1403596700-501),SubjectLogonId: 0x3E7,CallerProcessName: C:\Program Files\Malwarebytes\Anti-Malware\MBAMService.exe,CallerProcessId: 0xC90,,,,False,D:\benign_log_combined_latest_used_actually\new_benign\security_32761.evtx,Audit success,0,"{""EventData"":{""Data"":[{""@Name"":""TargetUserName"",""#text"":""Guest""},{""@Name"":""TargetDomainName"",""#text"":""SERVER002""},{""@Name"":""TargetSid"",""#text"":""S-1-5-21-3962163828-2803415714-1403596700-501""},{""@Name"":""SubjectUserSid"",""#text"":""S-1-5-18""},{""@Name"":""SubjectUserName"",""#text"":""SERVER002$""},{""@Name"":""SubjectDomainName"",""#text"":""WORKGROUP""},{""@Name"":""SubjectLogonId"",""#text"":""0x3E7""},{""@Name"":""CallerProcessId"",""#text"":""0xC90""},{""@Name"":""CallerProcessName"",""#text"":""C:\\Program Files\\Malwarebytes\\Anti-Malware\\MBAMService.exe""}]}}"
23027,91188,2025-05-02 12:21:05.9308252,4798,LogAlways,Microsoft-Windows-Security-Auditing,Security,688,2772,Server002,222,,A user's local group membership was enumerated,WORKGROUP\SERVER002$ (S-1-5-18),,Target: SERVER002\lplui (S-1-5-21-3962163828-2803415714-1403596700-1001),SubjectLogonId: 0x3E7,CallerProcessName: C:\Program Files\Malwarebytes\Anti-Malware\MBAMService.exe,CallerProcessId: 0xC90,,,,False,D:\benign_log_combined_latest_used_actually\new_benign\security_32761.evtx,Audit success,0,"{""EventData"":{""Data"":[{""@Name"":""TargetUserName"",""#text"":""lplui""},{""@Name"":""TargetDomainName"",""#text"":""SERVER002""},{""@Name"":""TargetSid"",""#text"":""S-1-5-21-3962163828-2803415714-1403596700-1001""},{""@Name"":""SubjectUserSid"",""#text"":""S-1-5-18""},{""@Name"":""SubjectUserName"",""#text"":""SERVER002$""},{""@Name"":""SubjectDomainName"",""#text"":""WORKGROUP""},{""@Name"":""SubjectLogonId"",""#text"":""0x3E7""},{""@Name"":""CallerProcessId"",""#text"":""0xC90""},{""@Name"":""CallerProcessName"",""#text"":""C:\\Program Files\\Malwarebytes\\Anti-Malware\\MBAMService.exe""}]}}"
23028,91189,2025-05-02 12:21:05.9310683,4798,LogAlways,Microsoft-Windows-Security-Auditing,Security,688,2772,Server002,222,,A user's local group membership was enumerated,WORKGROUP\SERVER002$ (S-1-5-18),,Target: SERVER002\sshd (S-1-5-21-3962163828-2803415714-1403596700-1002),SubjectLogonId: 0x3E7,CallerProcessName: C:\Program Files\Malwarebytes\Anti-Malware\MBAMService.exe,CallerProcessId: 0xC90,,,,False,D:\benign_log_combined_latest_used_actually\new_benign\security_32761.evtx,Audit success,0,"{""EventData"":{""Data"":[{""@Name"":""TargetUserName"",""#text"":""sshd""},{""@Name"":""TargetDomainName"",""#text"":""SERVER002""},{""@Name"":""TargetSid"",""#text"":""S-1-5-21-3962163828-2803415714-1403596700-1002""},{""@Name"":""SubjectUserSid"",""#text"":""S-1-5-18""},{""@Name"":""SubjectUserName"",""#text"":""SERVER002$""},{""@Name"":""SubjectDomainName"",""#text"":""WORKGROUP""},{""@Name"":""SubjectLogonId"",""#text"":""0x3E7""},{""@Name"":""CallerProcessId"",""#text"":""0xC90""},{""@Name"":""CallerProcessName"",""#text"":""C:\\Program Files\\Malwarebytes\\Anti-Malware\\MBAMService.exe""}]}}"
23029,91190,2025-05-02 12:21:05.9312701,4798,LogAlways,Microsoft-Windows-Security-Auditing,Security,688,2772,Server002,222,,A user's local group membership was enumerated,WORKGROUP\SERVER002$ (S-1-5-18),,Target: SERVER002\testing (S-1-5-21-3962163828-2803415714-1403596700-1005),SubjectLogonId: 0x3E7,CallerProcessName: C:\Program Files\Malwarebytes\Anti-Malware\MBAMService.exe,CallerProcessId: 0xC90,,,,False,D:\benign_log_combined_latest_used_actually\new_benign\security_32761.evtx,Audit success,0,"{""EventData"":{""Data"":[{""@Name"":""TargetUserName"",""#text"":""testing""},{""@Name"":""TargetDomainName"",""#text"":""SERVER002""},{""@Name"":""TargetSid"",""#text"":""S-1-5-21-3962163828-2803415714-1403596700-1005""},{""@Name"":""SubjectUserSid"",""#text"":""S-1-5-18""},{""@Name"":""SubjectUserName"",""#text"":""SERVER002$""},{""@Name"":""SubjectDomainName"",""#text"":""WORKGROUP""},{""@Name"":""SubjectLogonId"",""#text"":""0x3E7""},{""@Name"":""CallerProcessId"",""#text"":""0xC90""},{""@Name"":""CallerProcessName"",""#text"":""C:\\Program Files\\Malwarebytes\\Anti-Malware\\MBAMService.exe""}]}}"
23030,91191,2025-05-02 12:21:05.9314781,4798,LogAlways,Microsoft-Windows-Security-Auditing,Security,688,2772,Server002,222,,A user's local group membership was enumerated,WORKGROUP\SERVER002$ (S-1-5-18),,Target: SERVER002\WDAGUtilityAccount (S-1-5-21-3962163828-2803415714-1403596700-504),SubjectLogonId: 0x3E7,CallerProcessName: C:\Program Files\Malwarebytes\Anti-Malware\MBAMService.exe,CallerProcessId: 0xC90,,,,False,D:\benign_log_combined_latest_used_actually\new_benign\security_32761.evtx,Audit success,0,"{""EventData"":{""Data"":[{""@Name"":""TargetUserName"",""#text"":""WDAGUtilityAccount""},{""@Name"":""TargetDomainName"",""#text"":""SERVER002""},{""@Name"":""TargetSid"",""#text"":""S-1-5-21-3962163828-2803415714-1403596700-504""},{""@Name"":""SubjectUserSid"",""#text"":""S-1-5-18""},{""@Name"":""SubjectUserName"",""#text"":""SERVER002$""},{""@Name"":""SubjectDomainName"",""#text"":""WORKGROUP""},{""@Name"":""SubjectLogonId"",""#text"":""0x3E7""},{""@Name"":""CallerProcessId"",""#text"":""0xC90""},{""@Name"":""CallerProcessName"",""#text"":""C:\\Program Files\\Malwarebytes\\Anti-Malware\\MBAMService.exe""}]}}"
23031,91192,2025-05-02 12:21:05.9326976,4798,LogAlways,Microsoft-Windows-Security-Auditing,Security,688,2772,Server002,222,,A user's local group membership was enumerated,WORKGROUP\SERVER002$ (S-1-5-18),,Target: SERVER002\admin_test (S-1-5-21-3962163828-2803415714-1403596700-1006),SubjectLogonId: 0x3E7,CallerProcessName: C:\Program Files\Malwarebytes\Anti-Malware\MBAMService.exe,CallerProcessId: 0xC90,,,,False,D:\benign_log_combined_latest_used_actually\new_benign\security_32761.evtx,Audit success,0,"{""EventData"":{""Data"":[{""@Name"":""TargetUserName"",""#text"":""admin_test""},{""@Name"":""TargetDomainName"",""#text"":""SERVER002""},{""@Name"":""TargetSid"",""#text"":""S-1-5-21-3962163828-2803415714-1403596700-1006""},{""@Name"":""SubjectUserSid"",""#text"":""S-1-5-18""},{""@Name"":""SubjectUserName"",""#text"":""SERVER002$""},{""@Name"":""SubjectDomainName"",""#text"":""WORKGROUP""},{""@Name"":""SubjectLogonId"",""#text"":""0x3E7""},{""@Name"":""CallerProcessId"",""#text"":""0xC90""},{""@Name"":""CallerProcessName"",""#text"":""C:\\Program Files\\Malwarebytes\\Anti-Malware\\MBAMService.exe""}]}}"
23032,91193,2025-05-02 12:21:05.9340584,4798,LogAlways,Microsoft-Windows-Security-Auditing,Security,688,2772,Server002,222,,A user's local group membership was enumerated,WORKGROUP\SERVER002$ (S-1-5-18),,Target: SERVER002\DefaultAccount (S-1-5-21-3962163828-2803415714-1403596700-503),SubjectLogonId: 0x3E7,CallerProcessName: C:\Program Files\Malwarebytes\Anti-Malware\MBAMService.exe,CallerProcessId: 0xC90,,,,False,D:\benign_log_combined_latest_used_actually\new_benign\security_32761.evtx,Audit success,0,"{""EventData"":{""Data"":[{""@Name"":""TargetUserName"",""#text"":""DefaultAccount""},{""@Name"":""TargetDomainName"",""#text"":""SERVER002""},{""@Name"":""TargetSid"",""#text"":""S-1-5-21-3962163828-2803415714-1403596700-503""},{""@Name"":""SubjectUserSid"",""#text"":""S-1-5-18""},{""@Name"":""SubjectUserName"",""#text"":""SERVER002$""},{""@Name"":""SubjectDomainName"",""#text"":""WORKGROUP""},{""@Name"":""SubjectLogonId"",""#text"":""0x3E7""},{""@Name"":""CallerProcessId"",""#text"":""0xC90""},{""@Name"":""CallerProcessName"",""#text"":""C:\\Program Files\\Malwarebytes\\Anti-Malware\\MBAMService.exe""}]}}"
23033,91194,2025-05-02 12:21:05.9357143,4798,LogAlways,Microsoft-Windows-Security-Auditing,Security,688,2772,Server002,222,,A user's local group membership was enumerated,WORKGROUP\SERVER002$ (S-1-5-18),,Target: SERVER002\lplui (S-1-5-21-3962163828-2803415714-1403596700-1001),SubjectLogonId: 0x3E7,CallerProcessName: C:\Program Files\Malwarebytes\Anti-Malware\MBAMService.exe,CallerProcessId: 0xC90,,,,False,D:\benign_log_combined_latest_used_actually\new_benign\security_32761.evtx,Audit success,0,"{""EventData"":{""Data"":[{""@Name"":""TargetUserName"",""#text"":""lplui""},{""@Name"":""TargetDomainName"",""#text"":""SERVER002""},{""@Name"":""TargetSid"",""#text"":""S-1-5-21-3962163828-2803415714-1403596700-1001""},{""@Name"":""SubjectUserSid"",""#text"":""S-1-5-18""},{""@Name"":""SubjectUserName"",""#text"":""SERVER002$""},{""@Name"":""SubjectDomainName"",""#text"":""WORKGROUP""},{""@Name"":""SubjectLogonId"",""#text"":""0x3E7""},{""@Name"":""CallerProcessId"",""#text"":""0xC90""},{""@Name"":""CallerProcessName"",""#text"":""C:\\Program Files\\Malwarebytes\\Anti-Malware\\MBAMService.exe""}]}}"
23034,91195,2025-05-02 12:21:05.9364180,4798,LogAlways,Microsoft-Windows-Security-Auditing,Security,688,2772,Server002,222,,A user's local group membership was enumerated,WORKGROUP\SERVER002$ (S-1-5-18),,Target: SERVER002\sshd (S-1-5-21-3962163828-2803415714-1403596700-1002),SubjectLogonId: 0x3E7,CallerProcessName: C:\Program Files\Malwarebytes\Anti-Malware\MBAMService.exe,CallerProcessId: 0xC90,,,,False,D:\benign_log_combined_latest_used_actually\new_benign\security_32761.evtx,Audit success,0,"{""EventData"":{""Data"":[{""@Name"":""TargetUserName"",""#text"":""sshd""},{""@Name"":""TargetDomainName"",""#text"":""SERVER002""},{""@Name"":""TargetSid"",""#text"":""S-1-5-21-3962163828-2803415714-1403596700-1002""},{""@Name"":""SubjectUserSid"",""#text"":""S-1-5-18""},{""@Name"":""SubjectUserName"",""#text"":""SERVER002$""},{""@Name"":""SubjectDomainName"",""#text"":""WORKGROUP""},{""@Name"":""SubjectLogonId"",""#text"":""0x3E7""},{""@Name"":""CallerProcessId"",""#text"":""0xC90""},{""@Name"":""CallerProcessName"",""#text"":""C:\\Program Files\\Malwarebytes\\Anti-Malware\\MBAMService.exe""}]}}"
23035,91196,2025-05-02 12:21:05.9370094,4798,LogAlways,Microsoft-Windows-Security-Auditing,Security,688,2772,Server002,222,,A user's local group membership was enumerated,WORKGROUP\SERVER002$ (S-1-5-18),,Target: SERVER002\testing (S-1-5-21-3962163828-2803415714-1403596700-1005),SubjectLogonId: 0x3E7,CallerProcessName: C:\Program Files\Malwarebytes\Anti-Malware\MBAMService.exe,CallerProcessId: 0xC90,,,,False,D:\benign_log_combined_latest_used_actually\new_benign\security_32761.evtx,Audit success,0,"{""EventData"":{""Data"":[{""@Name"":""TargetUserName"",""#text"":""testing""},{""@Name"":""TargetDomainName"",""#text"":""SERVER002""},{""@Name"":""TargetSid"",""#text"":""S-1-5-21-3962163828-2803415714-1403596700-1005""},{""@Name"":""SubjectUserSid"",""#text"":""S-1-5-18""},{""@Name"":""SubjectUserName"",""#text"":""SERVER002$""},{""@Name"":""SubjectDomainName"",""#text"":""WORKGROUP""},{""@Name"":""SubjectLogonId"",""#text"":""0x3E7""},{""@Name"":""CallerProcessId"",""#text"":""0xC90""},{""@Name"":""CallerProcessName"",""#text"":""C:\\Program Files\\Malwarebytes\\Anti-Malware\\MBAMService.exe""}]}}"
23036,91197,2025-05-02 12:21:05.9376932,4798,LogAlways,Microsoft-Windows-Security-Auditing,Security,688,2772,Server002,222,,A user's local group membership was enumerated,WORKGROUP\SERVER002$ (S-1-5-18),,Target: SERVER002\WDAGUtilityAccount (S-1-5-21-3962163828-2803415714-1403596700-504),SubjectLogonId: 0x3E7,CallerProcessName: C:\Program Files\Malwarebytes\Anti-Malware\MBAMService.exe,CallerProcessId: 0xC90,,,,False,D:\benign_log_combined_latest_used_actually\new_benign\security_32761.evtx,Audit success,0,"{""EventData"":{""Data"":[{""@Name"":""TargetUserName"",""#text"":""WDAGUtilityAccount""},{""@Name"":""TargetDomainName"",""#text"":""SERVER002""},{""@Name"":""TargetSid"",""#text"":""S-1-5-21-3962163828-2803415714-1403596700-504""},{""@Name"":""SubjectUserSid"",""#text"":""S-1-5-18""},{""@Name"":""SubjectUserName"",""#text"":""SERVER002$""},{""@Name"":""SubjectDomainName"",""#text"":""WORKGROUP""},{""@Name"":""SubjectLogonId"",""#text"":""0x3E7""},{""@Name"":""CallerProcessId"",""#text"":""0xC90""},{""@Name"":""CallerProcessName"",""#text"":""C:\\Program Files\\Malwarebytes\\Anti-Malware\\MBAMService.exe""}]}}"
23037,91198,2025-05-02 12:25:55.5383490,4798,LogAlways,Microsoft-Windows-Security-Auditing,Security,688,6396,Server002,222,,A user's local group membership was enumerated,WORKGROUP\SERVER002$ (S-1-5-18),,Target: SERVER002\Administrator (S-1-5-21-3962163828-2803415714-1403596700-500),SubjectLogonId: 0x3E7,CallerProcessName: C:\Program Files\Malwarebytes\Anti-Malware\MBAMService.exe,CallerProcessId: 0xC90,,,,False,D:\benign_log_combined_latest_used_actually\new_benign\security_32761.evtx,Audit success,0,"{""EventData"":{""Data"":[{""@Name"":""TargetUserName"",""#text"":""Administrator""},{""@Name"":""TargetDomainName"",""#text"":""SERVER002""},{""@Name"":""TargetSid"",""#text"":""S-1-5-21-3962163828-2803415714-1403596700-500""},{""@Name"":""SubjectUserSid"",""#text"":""S-1-5-18""},{""@Name"":""SubjectUserName"",""#text"":""SERVER002$""},{""@Name"":""SubjectDomainName"",""#text"":""WORKGROUP""},{""@Name"":""SubjectLogonId"",""#text"":""0x3E7""},{""@Name"":""CallerProcessId"",""#text"":""0xC90""},{""@Name"":""CallerProcessName"",""#text"":""C:\\Program Files\\Malwarebytes\\Anti-Malware\\MBAMService.exe""}]}}"
23038,91199,2025-05-02 12:25:55.5387345,4798,LogAlways,Microsoft-Windows-Security-Auditing,Security,688,6396,Server002,223,,A user's local group membership was enumerated,WORKGROUP\SERVER002$ (S-1-5-18),,Target: SERVER002\admin_test (S-1-5-21-3962163828-2803415714-1403596700-1006),SubjectLogonId: 0x3E7,CallerProcessName: C:\Program Files\Malwarebytes\Anti-Malware\MBAMService.exe,CallerProcessId: 0xC90,,,,False,D:\benign_log_combined_latest_used_actually\new_benign\security_32761.evtx,Audit success,0,"{""EventData"":{""Data"":[{""@Name"":""TargetUserName"",""#text"":""admin_test""},{""@Name"":""TargetDomainName"",""#text"":""SERVER002""},{""@Name"":""TargetSid"",""#text"":""S-1-5-21-3962163828-2803415714-1403596700-1006""},{""@Name"":""SubjectUserSid"",""#text"":""S-1-5-18""},{""@Name"":""SubjectUserName"",""#text"":""SERVER002$""},{""@Name"":""SubjectDomainName"",""#text"":""WORKGROUP""},{""@Name"":""SubjectLogonId"",""#text"":""0x3E7""},{""@Name"":""CallerProcessId"",""#text"":""0xC90""},{""@Name"":""CallerProcessName"",""#text"":""C:\\Program Files\\Malwarebytes\\Anti-Malware\\MBAMService.exe""}]}}"
23039,91200,2025-05-02 12:25:55.5389314,4798,LogAlways,Microsoft-Windows-Security-Auditing,Security,688,6396,Server002,223,,A user's local group membership was enumerated,WORKGROUP\SERVER002$ (S-1-5-18),,Target: SERVER002\DefaultAccount (S-1-5-21-3962163828-2803415714-1403596700-503),SubjectLogonId: 0x3E7,CallerProcessName: C:\Program Files\Malwarebytes\Anti-Malware\MBAMService.exe,CallerProcessId: 0xC90,,,,False,D:\benign_log_combined_latest_used_actually\new_benign\security_32761.evtx,Audit success,0,"{""EventData"":{""Data"":[{""@Name"":""TargetUserName"",""#text"":""DefaultAccount""},{""@Name"":""TargetDomainName"",""#text"":""SERVER002""},{""@Name"":""TargetSid"",""#text"":""S-1-5-21-3962163828-2803415714-1403596700-503""},{""@Name"":""SubjectUserSid"",""#text"":""S-1-5-18""},{""@Name"":""SubjectUserName"",""#text"":""SERVER002$""},{""@Name"":""SubjectDomainName"",""#text"":""WORKGROUP""},{""@Name"":""SubjectLogonId"",""#text"":""0x3E7""},{""@Name"":""CallerProcessId"",""#text"":""0xC90""},{""@Name"":""CallerProcessName"",""#text"":""C:\\Program Files\\Malwarebytes\\Anti-Malware\\MBAMService.exe""}]}}"
23040,91201,2025-05-02 12:25:55.5391251,4798,LogAlways,Microsoft-Windows-Security-Auditing,Security,688,6396,Server002,223,,A user's local group membership was enumerated,WORKGROUP\SERVER002$ (S-1-5-18),,Target: SERVER002\Guest (S-1-5-21-3962163828-2803415714-1403596700-501),SubjectLogonId: 0x3E7,CallerProcessName: C:\Program Files\Malwarebytes\Anti-Malware\MBAMService.exe,CallerProcessId: 0xC90,,,,False,D:\benign_log_combined_latest_used_actually\new_benign\security_32761.evtx,Audit success,568,"{""EventData"":{""Data"":[{""@Name"":""TargetUserName"",""#text"":""Guest""},{""@Name"":""TargetDomainName"",""#text"":""SERVER002""},{""@Name"":""TargetSid"",""#text"":""S-1-5-21-3962163828-2803415714-1403596700-501""},{""@Name"":""SubjectUserSid"",""#text"":""S-1-5-18""},{""@Name"":""SubjectUserName"",""#text"":""SERVER002$""},{""@Name"":""SubjectDomainName"",""#text"":""WORKGROUP""},{""@Name"":""SubjectLogonId"",""#text"":""0x3E7""},{""@Name"":""CallerProcessId"",""#text"":""0xC90""},{""@Name"":""CallerProcessName"",""#text"":""C:\\Program Files\\Malwarebytes\\Anti-Malware\\MBAMService.exe""}]}}"
23041,91202,2025-05-02 12:25:55.5393266,4798,LogAlways,Microsoft-Windows-Security-Auditing,Security,688,6396,Server002,223,,A user's local group membership was enumerated,WORKGROUP\SERVER002$ (S-1-5-18),,Target: SERVER002\lplui (S-1-5-21-3962163828-2803415714-1403596700-1001),SubjectLogonId: 0x3E7,CallerProcessName: C:\Program Files\Malwarebytes\Anti-Malware\MBAMService.exe,CallerProcessId: 0xC90,,,,False,D:\benign_log_combined_latest_used_actually\new_benign\security_32761.evtx,Audit success,0,"{""EventData"":{""Data"":[{""@Name"":""TargetUserName"",""#text"":""lplui""},{""@Name"":""TargetDomainName"",""#text"":""SERVER002""},{""@Name"":""TargetSid"",""#text"":""S-1-5-21-3962163828-2803415714-1403596700-1001""},{""@Name"":""SubjectUserSid"",""#text"":""S-1-5-18""},{""@Name"":""SubjectUserName"",""#text"":""SERVER002$""},{""@Name"":""SubjectDomainName"",""#text"":""WORKGROUP""},{""@Name"":""SubjectLogonId"",""#text"":""0x3E7""},{""@Name"":""CallerProcessId"",""#text"":""0xC90""},{""@Name"":""CallerProcessName"",""#text"":""C:\\Program Files\\Malwarebytes\\Anti-Malware\\MBAMService.exe""}]}}"
23042,91203,2025-05-02 12:25:55.5395320,4798,LogAlways,Microsoft-Windows-Security-Auditing,Security,688,6396,Server002,223,,A user's local group membership was enumerated,WORKGROUP\SERVER002$ (S-1-5-18),,Target: SERVER002\sshd (S-1-5-21-3962163828-2803415714-1403596700-1002),SubjectLogonId: 0x3E7,CallerProcessName: C:\Program Files\Malwarebytes\Anti-Malware\MBAMService.exe,CallerProcessId: 0xC90,,,,False,D:\benign_log_combined_latest_used_actually\new_benign\security_32761.evtx,Audit success,0,"{""EventData"":{""Data"":[{""@Name"":""TargetUserName"",""#text"":""sshd""},{""@Name"":""TargetDomainName"",""#text"":""SERVER002""},{""@Name"":""TargetSid"",""#text"":""S-1-5-21-3962163828-2803415714-1403596700-1002""},{""@Name"":""SubjectUserSid"",""#text"":""S-1-5-18""},{""@Name"":""SubjectUserName"",""#text"":""SERVER002$""},{""@Name"":""SubjectDomainName"",""#text"":""WORKGROUP""},{""@Name"":""SubjectLogonId"",""#text"":""0x3E7""},{""@Name"":""CallerProcessId"",""#text"":""0xC90""},{""@Name"":""CallerProcessName"",""#text"":""C:\\Program Files\\Malwarebytes\\Anti-Malware\\MBAMService.exe""}]}}"
23043,91204,2025-05-02 12:25:55.5397252,4798,LogAlways,Microsoft-Windows-Security-Auditing,Security,688,6396,Server002,223,,A user's local group membership was enumerated,WORKGROUP\SERVER002$ (S-1-5-18),,Target: SERVER002\testing (S-1-5-21-3962163828-2803415714-1403596700-1005),SubjectLogonId: 0x3E7,CallerProcessName: C:\Program Files\Malwarebytes\Anti-Malware\MBAMService.exe,CallerProcessId: 0xC90,,,,False,D:\benign_log_combined_latest_used_actually\new_benign\security_32761.evtx,Audit success,0,"{""EventData"":{""Data"":[{""@Name"":""TargetUserName"",""#text"":""testing""},{""@Name"":""TargetDomainName"",""#text"":""SERVER002""},{""@Name"":""TargetSid"",""#text"":""S-1-5-21-3962163828-2803415714-1403596700-1005""},{""@Name"":""SubjectUserSid"",""#text"":""S-1-5-18""},{""@Name"":""SubjectUserName"",""#text"":""SERVER002$""},{""@Name"":""SubjectDomainName"",""#text"":""WORKGROUP""},{""@Name"":""SubjectLogonId"",""#text"":""0x3E7""},{""@Name"":""CallerProcessId"",""#text"":""0xC90""},{""@Name"":""CallerProcessName"",""#text"":""C:\\Program Files\\Malwarebytes\\Anti-Malware\\MBAMService.exe""}]}}"
23044,91205,2025-05-02 12:25:55.5399299,4798,LogAlways,Microsoft-Windows-Security-Auditing,Security,688,6396,Server002,223,,A user's local group membership was enumerated,WORKGROUP\SERVER002$ (S-1-5-18),,Target: SERVER002\WDAGUtilityAccount (S-1-5-21-3962163828-2803415714-1403596700-504),SubjectLogonId: 0x3E7,CallerProcessName: C:\Program Files\Malwarebytes\Anti-Malware\MBAMService.exe,CallerProcessId: 0xC90,,,,False,D:\benign_log_combined_latest_used_actually\new_benign\security_32761.evtx,Audit success,592,"{""EventData"":{""Data"":[{""@Name"":""TargetUserName"",""#text"":""WDAGUtilityAccount""},{""@Name"":""TargetDomainName"",""#text"":""SERVER002""},{""@Name"":""TargetSid"",""#text"":""S-1-5-21-3962163828-2803415714-1403596700-504""},{""@Name"":""SubjectUserSid"",""#text"":""S-1-5-18""},{""@Name"":""SubjectUserName"",""#text"":""SERVER002$""},{""@Name"":""SubjectDomainName"",""#text"":""WORKGROUP""},{""@Name"":""SubjectLogonId"",""#text"":""0x3E7""},{""@Name"":""CallerProcessId"",""#text"":""0xC90""},{""@Name"":""CallerProcessName"",""#text"":""C:\\Program Files\\Malwarebytes\\Anti-Malware\\MBAMService.exe""}]}}"
23045,91206,2025-05-02 12:25:55.5408648,4798,LogAlways,Microsoft-Windows-Security-Auditing,Security,688,6396,Server002,223,,A user's local group membership was enumerated,WORKGROUP\SERVER002$ (S-1-5-18),,Target: SERVER002\admin_test (S-1-5-21-3962163828-2803415714-1403596700-1006),SubjectLogonId: 0x3E7,CallerProcessName: C:\Program Files\Malwarebytes\Anti-Malware\MBAMService.exe,CallerProcessId: 0xC90,,,,False,D:\benign_log_combined_latest_used_actually\new_benign\security_32761.evtx,Audit success,0,"{""EventData"":{""Data"":[{""@Name"":""TargetUserName"",""#text"":""admin_test""},{""@Name"":""TargetDomainName"",""#text"":""SERVER002""},{""@Name"":""TargetSid"",""#text"":""S-1-5-21-3962163828-2803415714-1403596700-1006""},{""@Name"":""SubjectUserSid"",""#text"":""S-1-5-18""},{""@Name"":""SubjectUserName"",""#text"":""SERVER002$""},{""@Name"":""SubjectDomainName"",""#text"":""WORKGROUP""},{""@Name"":""SubjectLogonId"",""#text"":""0x3E7""},{""@Name"":""CallerProcessId"",""#text"":""0xC90""},{""@Name"":""CallerProcessName"",""#text"":""C:\\Program Files\\Malwarebytes\\Anti-Malware\\MBAMService.exe""}]}}"
23046,91207,2025-05-02 12:25:55.5415549,4798,LogAlways,Microsoft-Windows-Security-Auditing,Security,688,6396,Server002,223,,A user's local group membership was enumerated,WORKGROUP\SERVER002$ (S-1-5-18),,Target: SERVER002\DefaultAccount (S-1-5-21-3962163828-2803415714-1403596700-503),SubjectLogonId: 0x3E7,CallerProcessName: C:\Program Files\Malwarebytes\Anti-Malware\MBAMService.exe,CallerProcessId: 0xC90,,,,False,D:\benign_log_combined_latest_used_actually\new_benign\security_32761.evtx,Audit success,584,"{""EventData"":{""Data"":[{""@Name"":""TargetUserName"",""#text"":""DefaultAccount""},{""@Name"":""TargetDomainName"",""#text"":""SERVER002""},{""@Name"":""TargetSid"",""#text"":""S-1-5-21-3962163828-2803415714-1403596700-503""},{""@Name"":""SubjectUserSid"",""#text"":""S-1-5-18""},{""@Name"":""SubjectUserName"",""#text"":""SERVER002$""},{""@Name"":""SubjectDomainName"",""#text"":""WORKGROUP""},{""@Name"":""SubjectLogonId"",""#text"":""0x3E7""},{""@Name"":""CallerProcessId"",""#text"":""0xC90""},{""@Name"":""CallerProcessName"",""#text"":""C:\\Program Files\\Malwarebytes\\Anti-Malware\\MBAMService.exe""}]}}"
23047,91208,2025-05-02 12:25:55.5433030,4798,LogAlways,Microsoft-Windows-Security-Auditing,Security,688,2772,Server002,223,,A user's local group membership was enumerated,WORKGROUP\SERVER002$ (S-1-5-18),,Target: SERVER002\lplui (S-1-5-21-3962163828-2803415714-1403596700-1001),SubjectLogonId: 0x3E7,CallerProcessName: C:\Program Files\Malwarebytes\Anti-Malware\MBAMService.exe,CallerProcessId: 0xC90,,,,False,D:\benign_log_combined_latest_used_actually\new_benign\security_32761.evtx,Audit success,0,"{""EventData"":{""Data"":[{""@Name"":""TargetUserName"",""#text"":""lplui""},{""@Name"":""TargetDomainName"",""#text"":""SERVER002""},{""@Name"":""TargetSid"",""#text"":""S-1-5-21-3962163828-2803415714-1403596700-1001""},{""@Name"":""SubjectUserSid"",""#text"":""S-1-5-18""},{""@Name"":""SubjectUserName"",""#text"":""SERVER002$""},{""@Name"":""SubjectDomainName"",""#text"":""WORKGROUP""},{""@Name"":""SubjectLogonId"",""#text"":""0x3E7""},{""@Name"":""CallerProcessId"",""#text"":""0xC90""},{""@Name"":""CallerProcessName"",""#text"":""C:\\Program Files\\Malwarebytes\\Anti-Malware\\MBAMService.exe""}]}}"
23048,91209,2025-05-02 12:25:55.5439986,4798,LogAlways,Microsoft-Windows-Security-Auditing,Security,688,2772,Server002,223,,A user's local group membership was enumerated,WORKGROUP\SERVER002$ (S-1-5-18),,Target: SERVER002\sshd (S-1-5-21-3962163828-2803415714-1403596700-1002),SubjectLogonId: 0x3E7,CallerProcessName: C:\Program Files\Malwarebytes\Anti-Malware\MBAMService.exe,CallerProcessId: 0xC90,,,,False,D:\benign_log_combined_latest_used_actually\new_benign\security_32761.evtx,Audit success,0,"{""EventData"":{""Data"":[{""@Name"":""TargetUserName"",""#text"":""sshd""},{""@Name"":""TargetDomainName"",""#text"":""SERVER002""},{""@Name"":""TargetSid"",""#text"":""S-1-5-21-3962163828-2803415714-1403596700-1002""},{""@Name"":""SubjectUserSid"",""#text"":""S-1-5-18""},{""@Name"":""SubjectUserName"",""#text"":""SERVER002$""},{""@Name"":""SubjectDomainName"",""#text"":""WORKGROUP""},{""@Name"":""SubjectLogonId"",""#text"":""0x3E7""},{""@Name"":""CallerProcessId"",""#text"":""0xC90""},{""@Name"":""CallerProcessName"",""#text"":""C:\\Program Files\\Malwarebytes\\Anti-Malware\\MBAMService.exe""}]}}"
23049,91210,2025-05-02 12:25:55.5446046,4798,LogAlways,Microsoft-Windows-Security-Auditing,Security,688,2772,Server002,223,,A user's local group membership was enumerated,WORKGROUP\SERVER002$ (S-1-5-18),,Target: SERVER002\testing (S-1-5-21-3962163828-2803415714-1403596700-1005),SubjectLogonId: 0x3E7,CallerProcessName: C:\Program Files\Malwarebytes\Anti-Malware\MBAMService.exe,CallerProcessId: 0xC90,,,,False,D:\benign_log_combined_latest_used_actually\new_benign\security_32761.evtx,Audit success,0,"{""EventData"":{""Data"":[{""@Name"":""TargetUserName"",""#text"":""testing""},{""@Name"":""TargetDomainName"",""#text"":""SERVER002""},{""@Name"":""TargetSid"",""#text"":""S-1-5-21-3962163828-2803415714-1403596700-1005""},{""@Name"":""SubjectUserSid"",""#text"":""S-1-5-18""},{""@Name"":""SubjectUserName"",""#text"":""SERVER002$""},{""@Name"":""SubjectDomainName"",""#text"":""WORKGROUP""},{""@Name"":""SubjectLogonId"",""#text"":""0x3E7""},{""@Name"":""CallerProcessId"",""#text"":""0xC90""},{""@Name"":""CallerProcessName"",""#text"":""C:\\Program Files\\Malwarebytes\\Anti-Malware\\MBAMService.exe""}]}}"
23050,91211,2025-05-02 12:25:55.5453728,4798,LogAlways,Microsoft-Windows-Security-Auditing,Security,688,2772,Server002,223,,A user's local group membership was enumerated,WORKGROUP\SERVER002$ (S-1-5-18),,Target: SERVER002\WDAGUtilityAccount (S-1-5-21-3962163828-2803415714-1403596700-504),SubjectLogonId: 0x3E7,CallerProcessName: C:\Program Files\Malwarebytes\Anti-Malware\MBAMService.exe,CallerProcessId: 0xC90,,,,False,D:\benign_log_combined_latest_used_actually\new_benign\security_32761.evtx,Audit success,0,"{""EventData"":{""Data"":[{""@Name"":""TargetUserName"",""#text"":""WDAGUtilityAccount""},{""@Name"":""TargetDomainName"",""#text"":""SERVER002""},{""@Name"":""TargetSid"",""#text"":""S-1-5-21-3962163828-2803415714-1403596700-504""},{""@Name"":""SubjectUserSid"",""#text"":""S-1-5-18""},{""@Name"":""SubjectUserName"",""#text"":""SERVER002$""},{""@Name"":""SubjectDomainName"",""#text"":""WORKGROUP""},{""@Name"":""SubjectLogonId"",""#text"":""0x3E7""},{""@Name"":""CallerProcessId"",""#text"":""0xC90""},{""@Name"":""CallerProcessName"",""#text"":""C:\\Program Files\\Malwarebytes\\Anti-Malware\\MBAMService.exe""}]}}"
23051,91212,2025-05-02 12:30:49.6412435,4798,LogAlways,Microsoft-Windows-Security-Auditing,Security,688,736,Server002,223,,A user's local group membership was enumerated,WORKGROUP\SERVER002$ (S-1-5-18),,Target: SERVER002\Administrator (S-1-5-21-3962163828-2803415714-1403596700-500),SubjectLogonId: 0x3E7,CallerProcessName: C:\Program Files\Malwarebytes\Anti-Malware\MBAMService.exe,CallerProcessId: 0xC90,,,,False,D:\benign_log_combined_latest_used_actually\new_benign\security_32761.evtx,Audit success,0,"{""EventData"":{""Data"":[{""@Name"":""TargetUserName"",""#text"":""Administrator""},{""@Name"":""TargetDomainName"",""#text"":""SERVER002""},{""@Name"":""TargetSid"",""#text"":""S-1-5-21-3962163828-2803415714-1403596700-500""},{""@Name"":""SubjectUserSid"",""#text"":""S-1-5-18""},{""@Name"":""SubjectUserName"",""#text"":""SERVER002$""},{""@Name"":""SubjectDomainName"",""#text"":""WORKGROUP""},{""@Name"":""SubjectLogonId"",""#text"":""0x3E7""},{""@Name"":""CallerProcessId"",""#text"":""0xC90""},{""@Name"":""CallerProcessName"",""#text"":""C:\\Program Files\\Malwarebytes\\Anti-Malware\\MBAMService.exe""}]}}"
23052,91213,2025-05-02 12:30:49.6414530,4798,LogAlways,Microsoft-Windows-Security-Auditing,Security,688,736,Server002,223,,A user's local group membership was enumerated,WORKGROUP\SERVER002$ (S-1-5-18),,Target: SERVER002\admin_test (S-1-5-21-3962163828-2803415714-1403596700-1006),SubjectLogonId: 0x3E7,CallerProcessName: C:\Program Files\Malwarebytes\Anti-Malware\MBAMService.exe,CallerProcessId: 0xC90,,,,False,D:\benign_log_combined_latest_used_actually\new_benign\security_32761.evtx,Audit success,0,"{""EventData"":{""Data"":[{""@Name"":""TargetUserName"",""#text"":""admin_test""},{""@Name"":""TargetDomainName"",""#text"":""SERVER002""},{""@Name"":""TargetSid"",""#text"":""S-1-5-21-3962163828-2803415714-1403596700-1006""},{""@Name"":""SubjectUserSid"",""#text"":""S-1-5-18""},{""@Name"":""SubjectUserName"",""#text"":""SERVER002$""},{""@Name"":""SubjectDomainName"",""#text"":""WORKGROUP""},{""@Name"":""SubjectLogonId"",""#text"":""0x3E7""},{""@Name"":""CallerProcessId"",""#text"":""0xC90""},{""@Name"":""CallerProcessName"",""#text"":""C:\\Program Files\\Malwarebytes\\Anti-Malware\\MBAMService.exe""}]}}"
23053,91214,2025-05-02 12:30:49.6415864,4798,LogAlways,Microsoft-Windows-Security-Auditing,Security,688,736,Server002,223,,A user's local group membership was enumerated,WORKGROUP\SERVER002$ (S-1-5-18),,Target: SERVER002\DefaultAccount (S-1-5-21-3962163828-2803415714-1403596700-503),SubjectLogonId: 0x3E7,CallerProcessName: C:\Program Files\Malwarebytes\Anti-Malware\MBAMService.exe,CallerProcessId: 0xC90,,,,False,D:\benign_log_combined_latest_used_actually\new_benign\security_32761.evtx,Audit success,0,"{""EventData"":{""Data"":[{""@Name"":""TargetUserName"",""#text"":""DefaultAccount""},{""@Name"":""TargetDomainName"",""#text"":""SERVER002""},{""@Name"":""TargetSid"",""#text"":""S-1-5-21-3962163828-2803415714-1403596700-503""},{""@Name"":""SubjectUserSid"",""#text"":""S-1-5-18""},{""@Name"":""SubjectUserName"",""#text"":""SERVER002$""},{""@Name"":""SubjectDomainName"",""#text"":""WORKGROUP""},{""@Name"":""SubjectLogonId"",""#text"":""0x3E7""},{""@Name"":""CallerProcessId"",""#text"":""0xC90""},{""@Name"":""CallerProcessName"",""#text"":""C:\\Program Files\\Malwarebytes\\Anti-Malware\\MBAMService.exe""}]}}"
23054,91215,2025-05-02 12:30:49.6417132,4798,LogAlways,Microsoft-Windows-Security-Auditing,Security,688,736,Server002,223,,A user's local group membership was enumerated,WORKGROUP\SERVER002$ (S-1-5-18),,Target: SERVER002\Guest (S-1-5-21-3962163828-2803415714-1403596700-501),SubjectLogonId: 0x3E7,CallerProcessName: C:\Program Files\Malwarebytes\Anti-Malware\MBAMService.exe,CallerProcessId: 0xC90,,,,False,D:\benign_log_combined_latest_used_actually\new_benign\security_32761.evtx,Audit success,568,"{""EventData"":{""Data"":[{""@Name"":""TargetUserName"",""#text"":""Guest""},{""@Name"":""TargetDomainName"",""#text"":""SERVER002""},{""@Name"":""TargetSid"",""#text"":""S-1-5-21-3962163828-2803415714-1403596700-501""},{""@Name"":""SubjectUserSid"",""#text"":""S-1-5-18""},{""@Name"":""SubjectUserName"",""#text"":""SERVER002$""},{""@Name"":""SubjectDomainName"",""#text"":""WORKGROUP""},{""@Name"":""SubjectLogonId"",""#text"":""0x3E7""},{""@Name"":""CallerProcessId"",""#text"":""0xC90""},{""@Name"":""CallerProcessName"",""#text"":""C:\\Program Files\\Malwarebytes\\Anti-Malware\\MBAMService.exe""}]}}"
23055,91216,2025-05-02 12:30:49.6418539,4798,LogAlways,Microsoft-Windows-Security-Auditing,Security,688,736,Server002,223,,A user's local group membership was enumerated,WORKGROUP\SERVER002$ (S-1-5-18),,Target: SERVER002\lplui (S-1-5-21-3962163828-2803415714-1403596700-1001),SubjectLogonId: 0x3E7,CallerProcessName: C:\Program Files\Malwarebytes\Anti-Malware\MBAMService.exe,CallerProcessId: 0xC90,,,,False,D:\benign_log_combined_latest_used_actually\new_benign\security_32761.evtx,Audit success,0,"{""EventData"":{""Data"":[{""@Name"":""TargetUserName"",""#text"":""lplui""},{""@Name"":""TargetDomainName"",""#text"":""SERVER002""},{""@Name"":""TargetSid"",""#text"":""S-1-5-21-3962163828-2803415714-1403596700-1001""},{""@Name"":""SubjectUserSid"",""#text"":""S-1-5-18""},{""@Name"":""SubjectUserName"",""#text"":""SERVER002$""},{""@Name"":""SubjectDomainName"",""#text"":""WORKGROUP""},{""@Name"":""SubjectLogonId"",""#text"":""0x3E7""},{""@Name"":""CallerProcessId"",""#text"":""0xC90""},{""@Name"":""CallerProcessName"",""#text"":""C:\\Program Files\\Malwarebytes\\Anti-Malware\\MBAMService.exe""}]}}"
23056,91217,2025-05-02 12:30:49.6419878,4798,LogAlways,Microsoft-Windows-Security-Auditing,Security,688,736,Server002,223,,A user's local group membership was enumerated,WORKGROUP\SERVER002$ (S-1-5-18),,Target: SERVER002\sshd (S-1-5-21-3962163828-2803415714-1403596700-1002),SubjectLogonId: 0x3E7,CallerProcessName: C:\Program Files\Malwarebytes\Anti-Malware\MBAMService.exe,CallerProcessId: 0xC90,,,,False,D:\benign_log_combined_latest_used_actually\new_benign\security_32761.evtx,Audit success,0,"{""EventData"":{""Data"":[{""@Name"":""TargetUserName"",""#text"":""sshd""},{""@Name"":""TargetDomainName"",""#text"":""SERVER002""},{""@Name"":""TargetSid"",""#text"":""S-1-5-21-3962163828-2803415714-1403596700-1002""},{""@Name"":""SubjectUserSid"",""#text"":""S-1-5-18""},{""@Name"":""SubjectUserName"",""#text"":""SERVER002$""},{""@Name"":""SubjectDomainName"",""#text"":""WORKGROUP""},{""@Name"":""SubjectLogonId"",""#text"":""0x3E7""},{""@Name"":""CallerProcessId"",""#text"":""0xC90""},{""@Name"":""CallerProcessName"",""#text"":""C:\\Program Files\\Malwarebytes\\Anti-Malware\\MBAMService.exe""}]}}"
23057,91218,2025-05-02 12:30:49.6421482,4798,LogAlways,Microsoft-Windows-Security-Auditing,Security,688,736,Server002,223,,A user's local group membership was enumerated,WORKGROUP\SERVER002$ (S-1-5-18),,Target: SERVER002\testing (S-1-5-21-3962163828-2803415714-1403596700-1005),SubjectLogonId: 0x3E7,CallerProcessName: C:\Program Files\Malwarebytes\Anti-Malware\MBAMService.exe,CallerProcessId: 0xC90,,,,False,D:\benign_log_combined_latest_used_actually\new_benign\security_32761.evtx,Audit success,0,"{""EventData"":{""Data"":[{""@Name"":""TargetUserName"",""#text"":""testing""},{""@Name"":""TargetDomainName"",""#text"":""SERVER002""},{""@Name"":""TargetSid"",""#text"":""S-1-5-21-3962163828-2803415714-1403596700-1005""},{""@Name"":""SubjectUserSid"",""#text"":""S-1-5-18""},{""@Name"":""SubjectUserName"",""#text"":""SERVER002$""},{""@Name"":""SubjectDomainName"",""#text"":""WORKGROUP""},{""@Name"":""SubjectLogonId"",""#text"":""0x3E7""},{""@Name"":""CallerProcessId"",""#text"":""0xC90""},{""@Name"":""CallerProcessName"",""#text"":""C:\\Program Files\\Malwarebytes\\Anti-Malware\\MBAMService.exe""}]}}"
23058,91219,2025-05-02 12:30:49.6423154,4798,LogAlways,Microsoft-Windows-Security-Auditing,Security,688,736,Server002,223,,A user's local group membership was enumerated,WORKGROUP\SERVER002$ (S-1-5-18),,Target: SERVER002\WDAGUtilityAccount (S-1-5-21-3962163828-2803415714-1403596700-504),SubjectLogonId: 0x3E7,CallerProcessName: C:\Program Files\Malwarebytes\Anti-Malware\MBAMService.exe,CallerProcessId: 0xC90,,,,False,D:\benign_log_combined_latest_used_actually\new_benign\security_32761.evtx,Audit success,592,"{""EventData"":{""Data"":[{""@Name"":""TargetUserName"",""#text"":""WDAGUtilityAccount""},{""@Name"":""TargetDomainName"",""#text"":""SERVER002""},{""@Name"":""TargetSid"",""#text"":""S-1-5-21-3962163828-2803415714-1403596700-504""},{""@Name"":""SubjectUserSid"",""#text"":""S-1-5-18""},{""@Name"":""SubjectUserName"",""#text"":""SERVER002$""},{""@Name"":""SubjectDomainName"",""#text"":""WORKGROUP""},{""@Name"":""SubjectLogonId"",""#text"":""0x3E7""},{""@Name"":""CallerProcessId"",""#text"":""0xC90""},{""@Name"":""CallerProcessName"",""#text"":""C:\\Program Files\\Malwarebytes\\Anti-Malware\\MBAMService.exe""}]}}"
23059,91220,2025-05-02 12:30:49.6429875,4798,LogAlways,Microsoft-Windows-Security-Auditing,Security,688,736,Server002,223,,A user's local group membership was enumerated,WORKGROUP\SERVER002$ (S-1-5-18),,Target: SERVER002\admin_test (S-1-5-21-3962163828-2803415714-1403596700-1006),SubjectLogonId: 0x3E7,CallerProcessName: C:\Program Files\Malwarebytes\Anti-Malware\MBAMService.exe,CallerProcessId: 0xC90,,,,False,D:\benign_log_combined_latest_used_actually\new_benign\security_32761.evtx,Audit success,0,"{""EventData"":{""Data"":[{""@Name"":""TargetUserName"",""#text"":""admin_test""},{""@Name"":""TargetDomainName"",""#text"":""SERVER002""},{""@Name"":""TargetSid"",""#text"":""S-1-5-21-3962163828-2803415714-1403596700-1006""},{""@Name"":""SubjectUserSid"",""#text"":""S-1-5-18""},{""@Name"":""SubjectUserName"",""#text"":""SERVER002$""},{""@Name"":""SubjectDomainName"",""#text"":""WORKGROUP""},{""@Name"":""SubjectLogonId"",""#text"":""0x3E7""},{""@Name"":""CallerProcessId"",""#text"":""0xC90""},{""@Name"":""CallerProcessName"",""#text"":""C:\\Program Files\\Malwarebytes\\Anti-Malware\\MBAMService.exe""}]}}"
23060,91221,2025-05-02 12:30:49.6436638,4798,LogAlways,Microsoft-Windows-Security-Auditing,Security,688,736,Server002,223,,A user's local group membership was enumerated,WORKGROUP\SERVER002$ (S-1-5-18),,Target: SERVER002\DefaultAccount (S-1-5-21-3962163828-2803415714-1403596700-503),SubjectLogonId: 0x3E7,CallerProcessName: C:\Program Files\Malwarebytes\Anti-Malware\MBAMService.exe,CallerProcessId: 0xC90,,,,False,D:\benign_log_combined_latest_used_actually\new_benign\security_32761.evtx,Audit success,584,"{""EventData"":{""Data"":[{""@Name"":""TargetUserName"",""#text"":""DefaultAccount""},{""@Name"":""TargetDomainName"",""#text"":""SERVER002""},{""@Name"":""TargetSid"",""#text"":""S-1-5-21-3962163828-2803415714-1403596700-503""},{""@Name"":""SubjectUserSid"",""#text"":""S-1-5-18""},{""@Name"":""SubjectUserName"",""#text"":""SERVER002$""},{""@Name"":""SubjectDomainName"",""#text"":""WORKGROUP""},{""@Name"":""SubjectLogonId"",""#text"":""0x3E7""},{""@Name"":""CallerProcessId"",""#text"":""0xC90""},{""@Name"":""CallerProcessName"",""#text"":""C:\\Program Files\\Malwarebytes\\Anti-Malware\\MBAMService.exe""}]}}"
23061,91222,2025-05-02 12:30:49.6443284,4798,LogAlways,Microsoft-Windows-Security-Auditing,Security,688,736,Server002,223,,A user's local group membership was enumerated,WORKGROUP\SERVER002$ (S-1-5-18),,Target: SERVER002\lplui (S-1-5-21-3962163828-2803415714-1403596700-1001),SubjectLogonId: 0x3E7,CallerProcessName: C:\Program Files\Malwarebytes\Anti-Malware\MBAMService.exe,CallerProcessId: 0xC90,,,,False,D:\benign_log_combined_latest_used_actually\new_benign\security_32761.evtx,Audit success,0,"{""EventData"":{""Data"":[{""@Name"":""TargetUserName"",""#text"":""lplui""},{""@Name"":""TargetDomainName"",""#text"":""SERVER002""},{""@Name"":""TargetSid"",""#text"":""S-1-5-21-3962163828-2803415714-1403596700-1001""},{""@Name"":""SubjectUserSid"",""#text"":""S-1-5-18""},{""@Name"":""SubjectUserName"",""#text"":""SERVER002$""},{""@Name"":""SubjectDomainName"",""#text"":""WORKGROUP""},{""@Name"":""SubjectLogonId"",""#text"":""0x3E7""},{""@Name"":""CallerProcessId"",""#text"":""0xC90""},{""@Name"":""CallerProcessName"",""#text"":""C:\\Program Files\\Malwarebytes\\Anti-Malware\\MBAMService.exe""}]}}"
