{"Event":{"System":{"Provider":{"@Name":"Microsoft-Windows-Eventlog","@Guid":"{fc65ddd8-d6ef-4962-83d5-6e5cfe9ce148}"},"EventID":"1102","Version":"1","Level":"4","Task":"104","Opcode":"0","Keywords":"0x4020000000000000","TimeCreated":{"@SystemTime":"2024-10-28 11:13:57.9287314"},"EventRecordID":"30348","Correlation":null,"Execution":{"@ProcessID":"1064","@ThreadID":"1268"},"Channel":"Security","Computer":"Server002","Security":null},"UserData":{"LogFileCleared":{"SubjectUserSid":"S-1-5-21-3962163828-2803415714-1403596700-1006","SubjectUserName":"admin_test","SubjectDomainName":"SERVER002","SubjectLogonId":"0x139DD6","ClientProcessId":"6092","ClientProcessStartKey":"16044073672507600"}}}}
{"Event":{"System":{"Provider":{"@Name":"Microsoft-Windows-Security-Auditing","@Guid":"54849625-5478-4994-a5ba-3e3b0328c30d"},"EventID":"4616","Version":"1","Level":"0","Task":"12288","Opcode":"0","Keywords":"0x8020000000000000","TimeCreated":{"@SystemTime":"2024-10-28 11:13:57.5081466"},"EventRecordID":"30349","Correlation":null,"Execution":{"@ProcessID":"4","@ThreadID":"276"},"Channel":"Security","Computer":"Server002","Security":null},"EventData":{"Data":[{"@Name":"SubjectUserSid","#text":"S-1-5-19"},{"@Name":"SubjectUserName","#text":"LOCAL SERVICE"},{"@Name":"SubjectDomainName","#text":"NT AUTHORITY"},{"@Name":"SubjectLogonId","#text":"0x3E5"},{"@Name":"PreviousTime","#text":"2024-10-28 11:14:04.5048141"},{"@Name":"NewTime","#text":"2024-10-28 11:13:57.5070445"},{"@Name":"ProcessId","#text":"0x13BC"},{"@Name":"ProcessName","#text":"C:\\Windows\\System32\\svchost.exe"}]}}}
{"Event":{"System":{"Provider":{"@Name":"Microsoft-Windows-Security-Auditing","@Guid":"54849625-5478-4994-a5ba-3e3b0328c30d"},"EventID":"4616","Version":"1","Level":"0","Task":"12288","Opcode":"0","Keywords":"0x8020000000000000","TimeCreated":{"@SystemTime":"2024-10-28 11:13:57.5101031"},"EventRecordID":"30350","Correlation":null,"Execution":{"@ProcessID":"4","@ThreadID":"276"},"Channel":"Security","Computer":"Server002","Security":null},"EventData":{"Data":[{"@Name":"SubjectUserSid","#text":"S-1-5-19"},{"@Name":"SubjectUserName","#text":"LOCAL SERVICE"},{"@Name":"SubjectDomainName","#text":"NT AUTHORITY"},{"@Name":"SubjectLogonId","#text":"0x3E5"},{"@Name":"PreviousTime","#text":"2024-10-28 11:13:57.5070445"},{"@Name":"NewTime","#text":"2024-10-28 11:13:57.5093288"},{"@Name":"ProcessId","#text":"0x13BC"},{"@Name":"ProcessName","#text":"C:\\Windows\\System32\\svchost.exe"}]}}}
{"Event":{"System":{"Provider":{"@Name":"Microsoft-Windows-Security-Auditing","@Guid":"54849625-5478-4994-a5ba-3e3b0328c30d"},"EventID":"4634","Version":"0","Level":"0","Task":"12545","Opcode":"0","Keywords":"0x8020000000000000","TimeCreated":{"@SystemTime":"2024-10-28 11:13:58.0366233"},"EventRecordID":"30351","Correlation":null,"Execution":{"@ProcessID":"676","@ThreadID":"5360"},"Channel":"Security","Computer":"Server002","Security":null},"EventData":{"Data":[{"@Name":"TargetUserSid","#text":"S-1-5-21-3962163828-2803415714-1403596700-1006"},{"@Name":"TargetUserName","#text":"admin_test"},{"@Name":"TargetDomainName","#text":"SERVER002"},{"@Name":"TargetLogonId","#text":"0x13BB6E"},{"@Name":"LogonType","#text":"3"}]}}}
{"Event":{"System":{"Provider":{"@Name":"Microsoft-Windows-Security-Auditing","@Guid":"54849625-5478-4994-a5ba-3e3b0328c30d"},"EventID":"4672","Version":"0","Level":"0","Task":"12548","Opcode":"0","Keywords":"0x8020000000000000","TimeCreated":{"@SystemTime":"2024-10-28 11:13:58.0429627"},"EventRecordID":"30352","Correlation":{"@ActivityID":"7e37eb87-2932-0000-78ec-377e3229db01"},"Execution":{"@ProcessID":"676","@ThreadID":"720"},"Channel":"Security","Computer":"Server002","Security":null},"EventData":{"Data":[{"@Name":"SubjectUserSid","#text":"S-1-5-21-3962163828-2803415714-1403596700-1006"},{"@Name":"SubjectUserName","#text":"admin_test"},{"@Name":"SubjectDomainName","#text":"SERVER002"},{"@Name":"SubjectLogonId","#text":"0x13E141"},{"@Name":"PrivilegeList","#text":"SeSecurityPrivilege, SeBackupPrivilege, SeRestorePrivilege, SeTakeOwnershipPrivilege, SeDebugPrivilege, SeSystemEnvironmentPrivilege, SeLoadDriverPrivilege, SeImpersonatePrivilege, SeDelegateSessionUserImpersonatePrivilege"}]}}}
{"Event":{"System":{"Provider":{"@Name":"Microsoft-Windows-Security-Auditing","@Guid":"54849625-5478-4994-a5ba-3e3b0328c30d"},"EventID":"4624","Version":"2","Level":"0","Task":"12544","Opcode":"0","Keywords":"0x8020000000000000","TimeCreated":{"@SystemTime":"2024-10-28 11:13:58.0432558"},"EventRecordID":"30353","Correlation":{"@ActivityID":"7e37eb87-2932-0000-78ec-377e3229db01"},"Execution":{"@ProcessID":"676","@ThreadID":"720"},"Channel":"Security","Computer":"Server002","Security":null},"EventData":{"Data":[{"@Name":"SubjectUserSid","#text":"S-1-0-0"},{"@Name":"SubjectUserName","#text":"-"},{"@Name":"SubjectDomainName","#text":"-"},{"@Name":"SubjectLogonId","#text":"0x0"},{"@Name":"TargetUserSid","#text":"S-1-5-21-3962163828-2803415714-1403596700-1006"},{"@Name":"TargetUserName","#text":"admin_test"},{"@Name":"TargetDomainName","#text":"SERVER002"},{"@Name":"TargetLogonId","#text":"0x13E141"},{"@Name":"LogonType","#text":"3"},{"@Name":"LogonProcessName","#text":"NtLmSsp "},{"@Name":"AuthenticationPackageName","#text":"NTLM"},{"@Name":"WorkstationName","#text":"DESKTOP-3HL5B2P"},{"@Name":"LogonGuid","#text":"00000000-0000-0000-0000-000000000000"},{"@Name":"TransmittedServices","#text":"-"},{"@Name":"LmPackageName","#text":"NTLM V2"},{"@Name":"KeyLength","#text":"128"},{"@Name":"ProcessId","#text":"0x0"},{"@Name":"ProcessName","#text":"-"},{"@Name":"IpAddress","#text":"fe80::e3b5:5371:12a8:9c77"},{"@Name":"IpPort","#text":"53055"},{"@Name":"ImpersonationLevel","#text":"%%1833"},{"@Name":"RestrictedAdminMode","#text":"-"},{"@Name":"TargetOutboundUserName","#text":"-"},{"@Name":"TargetOutboundDomainName","#text":"-"},{"@Name":"VirtualAccount","#text":"%%1843"},{"@Name":"TargetLinkedLogonId","#text":"0x0"},{"@Name":"ElevatedToken","#text":"%%1842"}]}}}
{"Event":{"System":{"Provider":{"@Name":"Microsoft-Windows-Security-Auditing","@Guid":"54849625-5478-4994-a5ba-3e3b0328c30d"},"EventID":"4672","Version":"0","Level":"0","Task":"12548","Opcode":"0","Keywords":"0x8020000000000000","TimeCreated":{"@SystemTime":"2024-10-28 11:13:58.0994023"},"EventRecordID":"30354","Correlation":{"@ActivityID":"7e37eb87-2932-0000-78ec-377e3229db01"},"Execution":{"@ProcessID":"676","@ThreadID":"720"},"Channel":"Security","Computer":"Server002","Security":null},"EventData":{"Data":[{"@Name":"SubjectUserSid","#text":"S-1-5-21-3962163828-2803415714-1403596700-1006"},{"@Name":"SubjectUserName","#text":"admin_test"},{"@Name":"SubjectDomainName","#text":"SERVER002"},{"@Name":"SubjectLogonId","#text":"0x13E246"},{"@Name":"PrivilegeList","#text":"SeSecurityPrivilege, SeBackupPrivilege, SeRestorePrivilege, SeTakeOwnershipPrivilege, SeDebugPrivilege, SeSystemEnvironmentPrivilege, SeLoadDriverPrivilege, SeImpersonatePrivilege, SeDelegateSessionUserImpersonatePrivilege"}]}}}
{"Event":{"System":{"Provider":{"@Name":"Microsoft-Windows-Security-Auditing","@Guid":"54849625-5478-4994-a5ba-3e3b0328c30d"},"EventID":"4624","Version":"2","Level":"0","Task":"12544","Opcode":"0","Keywords":"0x8020000000000000","TimeCreated":{"@SystemTime":"2024-10-28 11:13:58.0995334"},"EventRecordID":"30355","Correlation":{"@ActivityID":"7e37eb87-2932-0000-78ec-377e3229db01"},"Execution":{"@ProcessID":"676","@ThreadID":"720"},"Channel":"Security","Computer":"Server002","Security":null},"EventData":{"Data":[{"@Name":"SubjectUserSid","#text":"S-1-0-0"},{"@Name":"SubjectUserName","#text":"-"},{"@Name":"SubjectDomainName","#text":"-"},{"@Name":"SubjectLogonId","#text":"0x0"},{"@Name":"TargetUserSid","#text":"S-1-5-21-3962163828-2803415714-1403596700-1006"},{"@Name":"TargetUserName","#text":"admin_test"},{"@Name":"TargetDomainName","#text":"SERVER002"},{"@Name":"TargetLogonId","#text":"0x13E246"},{"@Name":"LogonType","#text":"3"},{"@Name":"LogonProcessName","#text":"NtLmSsp "},{"@Name":"AuthenticationPackageName","#text":"NTLM"},{"@Name":"WorkstationName","#text":"DESKTOP-3HL5B2P"},{"@Name":"LogonGuid","#text":"00000000-0000-0000-0000-000000000000"},{"@Name":"TransmittedServices","#text":"-"},{"@Name":"LmPackageName","#text":"NTLM V2"},{"@Name":"KeyLength","#text":"128"},{"@Name":"ProcessId","#text":"0x0"},{"@Name":"ProcessName","#text":"-"},{"@Name":"IpAddress","#text":"192.168.0.102"},{"@Name":"IpPort","#text":"53056"},{"@Name":"ImpersonationLevel","#text":"%%1833"},{"@Name":"RestrictedAdminMode","#text":"-"},{"@Name":"TargetOutboundUserName","#text":"-"},{"@Name":"TargetOutboundDomainName","#text":"-"},{"@Name":"VirtualAccount","#text":"%%1843"},{"@Name":"TargetLinkedLogonId","#text":"0x0"},{"@Name":"ElevatedToken","#text":"%%1842"}]}}}
{"Event":{"System":{"Provider":{"@Name":"Microsoft-Windows-Security-Auditing","@Guid":"54849625-5478-4994-a5ba-3e3b0328c30d"},"EventID":"4719","Version":"1","Level":"0","Task":"13568","Opcode":"0","Keywords":"0x8020000000000000","TimeCreated":{"@SystemTime":"2024-10-28 11:13:58.8445765"},"EventRecordID":"30356","Correlation":{"@ActivityID":"7e37eb87-2932-0000-78ec-377e3229db01"},"Execution":{"@ProcessID":"676","@ThreadID":"720"},"Channel":"Security","Computer":"Server002","Security":null},"EventData":{"Data":[{"@Name":"SubjectUserSid","#text":"S-1-5-21-3962163828-2803415714-1403596700-1006"},{"@Name":"SubjectUserName","#text":"admin_test"},{"@Name":"SubjectDomainName","#text":"SERVER002"},{"@Name":"SubjectLogonId","#text":"0x139DD6"},{"@Name":"CategoryId","#text":"%%8272"},{"@Name":"SubcategoryId","#text":"%%12288"},{"@Name":"SubcategoryGuid","#text":"0cce9210-69ae-11d9-bed3-505054503030"},{"@Name":"AuditPolicyChanges","#text":"%%8448"},{"@Name":"ClientProcessId","#text":"5688"},{"@Name":"ClientProcessStartKey","#text":"16044073672507610"}]}}}
{"Event":{"System":{"Provider":{"@Name":"Microsoft-Windows-Security-Auditing","@Guid":"54849625-5478-4994-a5ba-3e3b0328c30d"},"EventID":"4719","Version":"1","Level":"0","Task":"13568","Opcode":"0","Keywords":"0x8020000000000000","TimeCreated":{"@SystemTime":"2024-10-28 11:13:58.8456375"},"EventRecordID":"30357","Correlation":{"@ActivityID":"7e37eb87-2932-0000-78ec-377e3229db01"},"Execution":{"@ProcessID":"676","@ThreadID":"720"},"Channel":"Security","Computer":"Server002","Security":null},"EventData":{"Data":[{"@Name":"SubjectUserSid","#text":"S-1-5-21-3962163828-2803415714-1403596700-1006"},{"@Name":"SubjectUserName","#text":"admin_test"},{"@Name":"SubjectDomainName","#text":"SERVER002"},{"@Name":"SubjectLogonId","#text":"0x139DD6"},{"@Name":"CategoryId","#text":"%%8272"},{"@Name":"SubcategoryId","#text":"%%12290"},{"@Name":"SubcategoryGuid","#text":"0cce9212-69ae-11d9-bed3-505054503030"},{"@Name":"AuditPolicyChanges","#text":"%%8448, %%8450"},{"@Name":"ClientProcessId","#text":"5688"},{"@Name":"ClientProcessStartKey","#text":"16044073672507610"}]}}}
{"Event":{"System":{"Provider":{"@Name":"Microsoft-Windows-Security-Auditing","@Guid":"54849625-5478-4994-a5ba-3e3b0328c30d"},"EventID":"4719","Version":"1","Level":"0","Task":"13568","Opcode":"0","Keywords":"0x8020000000000000","TimeCreated":{"@SystemTime":"2024-10-28 11:13:58.8456468"},"EventRecordID":"30358","Correlation":{"@ActivityID":"7e37eb87-2932-0000-78ec-377e3229db01"},"Execution":{"@ProcessID":"676","@ThreadID":"720"},"Channel":"Security","Computer":"Server002","Security":null},"EventData":{"Data":[{"@Name":"SubjectUserSid","#text":"S-1-5-21-3962163828-2803415714-1403596700-1006"},{"@Name":"SubjectUserName","#text":"admin_test"},{"@Name":"SubjectDomainName","#text":"SERVER002"},{"@Name":"SubjectLogonId","#text":"0x139DD6"},{"@Name":"CategoryId","#text":"%%8272"},{"@Name":"SubcategoryId","#text":"%%12292"},{"@Name":"SubcategoryGuid","#text":"0cce9214-69ae-11d9-bed3-505054503030"},{"@Name":"AuditPolicyChanges","#text":"%%8448, %%8450"},{"@Name":"ClientProcessId","#text":"5688"},{"@Name":"ClientProcessStartKey","#text":"16044073672507610"}]}}}
{"Event":{"System":{"Provider":{"@Name":"Microsoft-Windows-Security-Auditing","@Guid":"54849625-5478-4994-a5ba-3e3b0328c30d"},"EventID":"4719","Version":"1","Level":"0","Task":"13568","Opcode":"0","Keywords":"0x8020000000000000","TimeCreated":{"@SystemTime":"2024-10-28 11:13:58.8456530"},"EventRecordID":"30359","Correlation":{"@ActivityID":"7e37eb87-2932-0000-78ec-377e3229db01"},"Execution":{"@ProcessID":"676","@ThreadID":"720"},"Channel":"Security","Computer":"Server002","Security":null},"EventData":{"Data":[{"@Name":"SubjectUserSid","#text":"S-1-5-21-3962163828-2803415714-1403596700-1006"},{"@Name":"SubjectUserName","#text":"admin_test"},{"@Name":"SubjectDomainName","#text":"SERVER002"},{"@Name":"SubjectLogonId","#text":"0x139DD6"},{"@Name":"CategoryId","#text":"%%8273"},{"@Name":"SubcategoryId","#text":"%%12544"},{"@Name":"SubcategoryGuid","#text":"0cce9215-69ae-11d9-bed3-505054503030"},{"@Name":"AuditPolicyChanges","#text":"%%8448, %%8450"},{"@Name":"ClientProcessId","#text":"5688"},{"@Name":"ClientProcessStartKey","#text":"16044073672507610"}]}}}
{"Event":{"System":{"Provider":{"@Name":"Microsoft-Windows-Security-Auditing","@Guid":"54849625-5478-4994-a5ba-3e3b0328c30d"},"EventID":"4719","Version":"1","Level":"0","Task":"13568","Opcode":"0","Keywords":"0x8020000000000000","TimeCreated":{"@SystemTime":"2024-10-28 11:13:58.8456586"},"EventRecordID":"30360","Correlation":{"@ActivityID":"7e37eb87-2932-0000-78ec-377e3229db01"},"Execution":{"@ProcessID":"676","@ThreadID":"720"},"Channel":"Security","Computer":"Server002","Security":null},"EventData":{"Data":[{"@Name":"SubjectUserSid","#text":"S-1-5-21-3962163828-2803415714-1403596700-1006"},{"@Name":"SubjectUserName","#text":"admin_test"},{"@Name":"SubjectDomainName","#text":"SERVER002"},{"@Name":"SubjectLogonId","#text":"0x139DD6"},{"@Name":"CategoryId","#text":"%%8273"},{"@Name":"SubcategoryId","#text":"%%12545"},{"@Name":"SubcategoryGuid","#text":"0cce9216-69ae-11d9-bed3-505054503030"},{"@Name":"AuditPolicyChanges","#text":"%%8448"},{"@Name":"ClientProcessId","#text":"5688"},{"@Name":"ClientProcessStartKey","#text":"16044073672507610"}]}}}
{"Event":{"System":{"Provider":{"@Name":"Microsoft-Windows-Security-Auditing","@Guid":"54849625-5478-4994-a5ba-3e3b0328c30d"},"EventID":"4719","Version":"1","Level":"0","Task":"13568","Opcode":"0","Keywords":"0x8020000000000000","TimeCreated":{"@SystemTime":"2024-10-28 11:13:58.8456642"},"EventRecordID":"30361","Correlation":{"@ActivityID":"7e37eb87-2932-0000-78ec-377e3229db01"},"Execution":{"@ProcessID":"676","@ThreadID":"720"},"Channel":"Security","Computer":"Server002","Security":null},"EventData":{"Data":[{"@Name":"SubjectUserSid","#text":"S-1-5-21-3962163828-2803415714-1403596700-1006"},{"@Name":"SubjectUserName","#text":"admin_test"},{"@Name":"SubjectDomainName","#text":"SERVER002"},{"@Name":"SubjectLogonId","#text":"0x139DD6"},{"@Name":"CategoryId","#text":"%%8273"},{"@Name":"SubcategoryId","#text":"%%12546"},{"@Name":"SubcategoryGuid","#text":"0cce9217-69ae-11d9-bed3-505054503030"},{"@Name":"AuditPolicyChanges","#text":"%%8448"},{"@Name":"ClientProcessId","#text":"5688"},{"@Name":"ClientProcessStartKey","#text":"16044073672507610"}]}}}
{"Event":{"System":{"Provider":{"@Name":"Microsoft-Windows-Security-Auditing","@Guid":"54849625-5478-4994-a5ba-3e3b0328c30d"},"EventID":"4719","Version":"1","Level":"0","Task":"13568","Opcode":"0","Keywords":"0x8020000000000000","TimeCreated":{"@SystemTime":"2024-10-28 11:13:58.8456698"},"EventRecordID":"30362","Correlation":{"@ActivityID":"7e37eb87-2932-0000-78ec-377e3229db01"},"Execution":{"@ProcessID":"676","@ThreadID":"720"},"Channel":"Security","Computer":"Server002","Security":null},"EventData":{"Data":[{"@Name":"SubjectUserSid","#text":"S-1-5-21-3962163828-2803415714-1403596700-1006"},{"@Name":"SubjectUserName","#text":"admin_test"},{"@Name":"SubjectDomainName","#text":"SERVER002"},{"@Name":"SubjectLogonId","#text":"0x139DD6"},{"@Name":"CategoryId","#text":"%%8273"},{"@Name":"SubcategoryId","#text":"%%12548"},{"@Name":"SubcategoryGuid","#text":"0cce921b-69ae-11d9-bed3-505054503030"},{"@Name":"AuditPolicyChanges","#text":"%%8448"},{"@Name":"ClientProcessId","#text":"5688"},{"@Name":"ClientProcessStartKey","#text":"16044073672507610"}]}}}
{"Event":{"System":{"Provider":{"@Name":"Microsoft-Windows-Security-Auditing","@Guid":"54849625-5478-4994-a5ba-3e3b0328c30d"},"EventID":"4719","Version":"1","Level":"0","Task":"13568","Opcode":"0","Keywords":"0x8020000000000000","TimeCreated":{"@SystemTime":"2024-10-28 11:13:58.8456758"},"EventRecordID":"30363","Correlation":{"@ActivityID":"7e37eb87-2932-0000-78ec-377e3229db01"},"Execution":{"@ProcessID":"676","@ThreadID":"720"},"Channel":"Security","Computer":"Server002","Security":null},"EventData":{"Data":[{"@Name":"SubjectUserSid","#text":"S-1-5-21-3962163828-2803415714-1403596700-1006"},{"@Name":"SubjectUserName","#text":"admin_test"},{"@Name":"SubjectDomainName","#text":"SERVER002"},{"@Name":"SubjectLogonId","#text":"0x139DD6"},{"@Name":"CategoryId","#text":"%%8273"},{"@Name":"SubcategoryId","#text":"%%12552"},{"@Name":"SubcategoryGuid","#text":"0cce9243-69ae-11d9-bed3-505054503030"},{"@Name":"AuditPolicyChanges","#text":"%%8448, %%8450"},{"@Name":"ClientProcessId","#text":"5688"},{"@Name":"ClientProcessStartKey","#text":"16044073672507610"}]}}}
{"Event":{"System":{"Provider":{"@Name":"Microsoft-Windows-Security-Auditing","@Guid":"54849625-5478-4994-a5ba-3e3b0328c30d"},"EventID":"4719","Version":"1","Level":"0","Task":"13568","Opcode":"0","Keywords":"0x8020000000000000","TimeCreated":{"@SystemTime":"2024-10-28 11:13:58.8456816"},"EventRecordID":"30364","Correlation":{"@ActivityID":"7e37eb87-2932-0000-78ec-377e3229db01"},"Execution":{"@ProcessID":"676","@ThreadID":"720"},"Channel":"Security","Computer":"Server002","Security":null},"EventData":{"Data":[{"@Name":"SubjectUserSid","#text":"S-1-5-21-3962163828-2803415714-1403596700-1006"},{"@Name":"SubjectUserName","#text":"admin_test"},{"@Name":"SubjectDomainName","#text":"SERVER002"},{"@Name":"SubjectLogonId","#text":"0x139DD6"},{"@Name":"CategoryId","#text":"%%8277"},{"@Name":"SubcategoryId","#text":"%%13568"},{"@Name":"SubcategoryGuid","#text":"0cce922f-69ae-11d9-bed3-505054503030"},{"@Name":"AuditPolicyChanges","#text":"%%8448"},{"@Name":"ClientProcessId","#text":"5688"},{"@Name":"ClientProcessStartKey","#text":"16044073672507610"}]}}}
{"Event":{"System":{"Provider":{"@Name":"Microsoft-Windows-Security-Auditing","@Guid":"54849625-5478-4994-a5ba-3e3b0328c30d"},"EventID":"4719","Version":"1","Level":"0","Task":"13568","Opcode":"0","Keywords":"0x8020000000000000","TimeCreated":{"@SystemTime":"2024-10-28 11:13:58.8456869"},"EventRecordID":"30365","Correlation":{"@ActivityID":"7e37eb87-2932-0000-78ec-377e3229db01"},"Execution":{"@ProcessID":"676","@ThreadID":"720"},"Channel":"Security","Computer":"Server002","Security":null},"EventData":{"Data":[{"@Name":"SubjectUserSid","#text":"S-1-5-21-3962163828-2803415714-1403596700-1006"},{"@Name":"SubjectUserName","#text":"admin_test"},{"@Name":"SubjectDomainName","#text":"SERVER002"},{"@Name":"SubjectLogonId","#text":"0x139DD6"},{"@Name":"CategoryId","#text":"%%8277"},{"@Name":"SubcategoryId","#text":"%%13569"},{"@Name":"SubcategoryGuid","#text":"0cce9230-69ae-11d9-bed3-505054503030"},{"@Name":"AuditPolicyChanges","#text":"%%8448"},{"@Name":"ClientProcessId","#text":"5688"},{"@Name":"ClientProcessStartKey","#text":"16044073672507610"}]}}}
{"Event":{"System":{"Provider":{"@Name":"Microsoft-Windows-Security-Auditing","@Guid":"54849625-5478-4994-a5ba-3e3b0328c30d"},"EventID":"4719","Version":"1","Level":"0","Task":"13568","Opcode":"0","Keywords":"0x8020000000000000","TimeCreated":{"@SystemTime":"2024-10-28 11:13:58.8456923"},"EventRecordID":"30366","Correlation":{"@ActivityID":"7e37eb87-2932-0000-78ec-377e3229db01"},"Execution":{"@ProcessID":"676","@ThreadID":"720"},"Channel":"Security","Computer":"Server002","Security":null},"EventData":{"Data":[{"@Name":"SubjectUserSid","#text":"S-1-5-21-3962163828-2803415714-1403596700-1006"},{"@Name":"SubjectUserName","#text":"admin_test"},{"@Name":"SubjectDomainName","#text":"SERVER002"},{"@Name":"SubjectLogonId","#text":"0x139DD6"},{"@Name":"CategoryId","#text":"%%8278"},{"@Name":"SubcategoryId","#text":"%%13824"},{"@Name":"SubcategoryGuid","#text":"0cce9235-69ae-11d9-bed3-505054503030"},{"@Name":"AuditPolicyChanges","#text":"%%8448"},{"@Name":"ClientProcessId","#text":"5688"},{"@Name":"ClientProcessStartKey","#text":"16044073672507610"}]}}}
{"Event":{"System":{"Provider":{"@Name":"Microsoft-Windows-Security-Auditing","@Guid":"54849625-5478-4994-a5ba-3e3b0328c30d"},"EventID":"4719","Version":"1","Level":"0","Task":"13568","Opcode":"0","Keywords":"0x8020000000000000","TimeCreated":{"@SystemTime":"2024-10-28 11:13:58.8456977"},"EventRecordID":"30367","Correlation":{"@ActivityID":"7e37eb87-2932-0000-78ec-377e3229db01"},"Execution":{"@ProcessID":"676","@ThreadID":"720"},"Channel":"Security","Computer":"Server002","Security":null},"EventData":{"Data":[{"@Name":"SubjectUserSid","#text":"S-1-5-21-3962163828-2803415714-1403596700-1006"},{"@Name":"SubjectUserName","#text":"admin_test"},{"@Name":"SubjectDomainName","#text":"SERVER002"},{"@Name":"SubjectLogonId","#text":"0x139DD6"},{"@Name":"CategoryId","#text":"%%8278"},{"@Name":"SubcategoryId","#text":"%%13826"},{"@Name":"SubcategoryGuid","#text":"0cce9237-69ae-11d9-bed3-505054503030"},{"@Name":"AuditPolicyChanges","#text":"%%8448"},{"@Name":"ClientProcessId","#text":"5688"},{"@Name":"ClientProcessStartKey","#text":"16044073672507610"}]}}}
