{"Event":{"System":{"Provider":{"@Name":"Microsoft-Windows-Sysmon","@Guid":"5770385f-c22a-43e0-bf4c-06f5698ffbd9"},"EventID":"1","Version":"5","Level":"4","Task":"1","Opcode":"0","Keywords":"0x8000000000000000","TimeCreated":{"@SystemTime":"2024-10-28 16:04:48.8430343"},"EventRecordID":"18013","Correlation":null,"Execution":{"@ProcessID":"3080","@ThreadID":"3892"},"Channel":"Microsoft-Windows-Sysmon/Operational","Computer":"Server002","Security":{"@UserID":"S-1-5-18"}},"EventData":{"Data":[{"@Name":"RuleName","#text":"-"},{"@Name":"UtcTime","#text":"2024-10-28 16:04:48.840"},{"@Name":"ProcessGuid","#text":"dbf410b3-b620-671f-dc00-000000003900"},{"@Name":"ProcessId","#text":"5112"},{"@Name":"Image","#text":"C:\\Program Files (x86)\\Microsoft\\EdgeUpdate\\1.3.195.27\\MicrosoftEdgeUpdateComRegisterShell64.exe"},{"@Name":"FileVersion","#text":"1.3.195.27"},{"@Name":"Description","#text":"Microsoft Edge Update COM Registration Helper"},{"@Name":"Product","#text":"Microsoft Edge Update"},{"@Name":"Company","#text":"Microsoft Corporation"},{"@Name":"OriginalFileName","#text":"MicrosoftEdgeUpdateComRegisterShell64.exe"},{"@Name":"CommandLine","#text":"\"C:\\Program Files (x86)\\Microsoft\\EdgeUpdate\\1.3.195.27\\MicrosoftEdgeUpdateComRegisterShell64.exe\"   "},{"@Name":"CurrentDirectory","#text":"C:\\Program Files (x86)\\Microsoft\\EdgeUpdate\\1.3.195.27\\"},{"@Name":"User","#text":"NT AUTHORITY\\SYSTEM"},{"@Name":"LogonGuid","#text":"dbf410b3-c38e-671f-e703-000000000000"},{"@Name":"LogonId","#text":"0x3E7"},{"@Name":"TerminalSessionId","#text":"0"},{"@Name":"IntegrityLevel","#text":"System"},{"@Name":"Hashes","#text":"SHA256=4BF5A07C3801A248B6C38715F733E0264A04F7A95038006FD346D454D4ECC07C"},{"@Name":"ParentProcessGuid","#text":"dbf410b3-b620-671f-da00-000000003900"},{"@Name":"ParentProcessId","#text":"3136"},{"@Name":"ParentImage","#text":"C:\\Program Files (x86)\\Microsoft\\EdgeUpdate\\MicrosoftEdgeUpdate.exe"},{"@Name":"ParentCommandLine","#text":"\"C:\\Program Files (x86)\\Microsoft\\EdgeUpdate\\MicrosoftEdgeUpdate.exe\" /regserver"},{"@Name":"ParentUser","#text":"NT AUTHORITY\\SYSTEM"}]}}}
{"Event":{"System":{"Provider":{"@Name":"Microsoft-Windows-Sysmon","@Guid":"5770385f-c22a-43e0-bf4c-06f5698ffbd9"},"EventID":"5","Version":"3","Level":"4","Task":"5","Opcode":"0","Keywords":"0x8000000000000000","TimeCreated":{"@SystemTime":"2024-10-28 16:04:48.8959899"},"EventRecordID":"18014","Correlation":null,"Execution":{"@ProcessID":"3080","@ThreadID":"3892"},"Channel":"Microsoft-Windows-Sysmon/Operational","Computer":"Server002","Security":{"@UserID":"S-1-5-18"}},"EventData":{"Data":[{"@Name":"RuleName","#text":"-"},{"@Name":"UtcTime","#text":"2024-10-28 16:04:48.881"},{"@Name":"ProcessGuid","#text":"dbf410b3-b620-671f-dc00-000000003900"},{"@Name":"ProcessId","#text":"5112"},{"@Name":"Image","#text":"C:\\Program Files (x86)\\Microsoft\\EdgeUpdate\\1.3.195.27\\MicrosoftEdgeUpdateComRegisterShell64.exe"},{"@Name":"User","#text":"NT AUTHORITY\\SYSTEM"}]}}}
{"Event":{"System":{"Provider":{"@Name":"Microsoft-Windows-Sysmon","@Guid":"5770385f-c22a-43e0-bf4c-06f5698ffbd9"},"EventID":"1","Version":"5","Level":"4","Task":"1","Opcode":"0","Keywords":"0x8000000000000000","TimeCreated":{"@SystemTime":"2024-10-28 16:04:48.9386431"},"EventRecordID":"18015","Correlation":null,"Execution":{"@ProcessID":"3080","@ThreadID":"3892"},"Channel":"Microsoft-Windows-Sysmon/Operational","Computer":"Server002","Security":{"@UserID":"S-1-5-18"}},"EventData":{"Data":[{"@Name":"RuleName","#text":"-"},{"@Name":"UtcTime","#text":"2024-10-28 16:04:48.933"},{"@Name":"ProcessGuid","#text":"dbf410b3-b620-671f-dd00-000000003900"},{"@Name":"ProcessId","#text":"2980"},{"@Name":"Image","#text":"C:\\Program Files (x86)\\Microsoft\\EdgeUpdate\\1.3.195.27\\MicrosoftEdgeUpdateComRegisterShell64.exe"},{"@Name":"FileVersion","#text":"1.3.195.27"},{"@Name":"Description","#text":"Microsoft Edge Update COM Registration Helper"},{"@Name":"Product","#text":"Microsoft Edge Update"},{"@Name":"Company","#text":"Microsoft Corporation"},{"@Name":"OriginalFileName","#text":"MicrosoftEdgeUpdateComRegisterShell64.exe"},{"@Name":"CommandLine","#text":"\"C:\\Program Files (x86)\\Microsoft\\EdgeUpdate\\1.3.195.27\\MicrosoftEdgeUpdateComRegisterShell64.exe\"   "},{"@Name":"CurrentDirectory","#text":"C:\\Program Files (x86)\\Microsoft\\EdgeUpdate\\1.3.195.27\\"},{"@Name":"User","#text":"NT AUTHORITY\\SYSTEM"},{"@Name":"LogonGuid","#text":"dbf410b3-c38e-671f-e703-000000000000"},{"@Name":"LogonId","#text":"0x3E7"},{"@Name":"TerminalSessionId","#text":"0"},{"@Name":"IntegrityLevel","#text":"System"},{"@Name":"Hashes","#text":"SHA256=4BF5A07C3801A248B6C38715F733E0264A04F7A95038006FD346D454D4ECC07C"},{"@Name":"ParentProcessGuid","#text":"dbf410b3-b620-671f-da00-000000003900"},{"@Name":"ParentProcessId","#text":"3136"},{"@Name":"ParentImage","#text":"C:\\Program Files (x86)\\Microsoft\\EdgeUpdate\\MicrosoftEdgeUpdate.exe"},{"@Name":"ParentCommandLine","#text":"\"C:\\Program Files (x86)\\Microsoft\\EdgeUpdate\\MicrosoftEdgeUpdate.exe\" /regserver"},{"@Name":"ParentUser","#text":"NT AUTHORITY\\SYSTEM"}]}}}
{"Event":{"System":{"Provider":{"@Name":"Microsoft-Windows-Sysmon","@Guid":"5770385f-c22a-43e0-bf4c-06f5698ffbd9"},"EventID":"5","Version":"3","Level":"4","Task":"5","Opcode":"0","Keywords":"0x8000000000000000","TimeCreated":{"@SystemTime":"2024-10-28 16:04:48.9976527"},"EventRecordID":"18016","Correlation":null,"Execution":{"@ProcessID":"3080","@ThreadID":"3892"},"Channel":"Microsoft-Windows-Sysmon/Operational","Computer":"Server002","Security":{"@UserID":"S-1-5-18"}},"EventData":{"Data":[{"@Name":"RuleName","#text":"-"},{"@Name":"UtcTime","#text":"2024-10-28 16:04:48.981"},{"@Name":"ProcessGuid","#text":"dbf410b3-b620-671f-dd00-000000003900"},{"@Name":"ProcessId","#text":"2980"},{"@Name":"Image","#text":"C:\\Program Files (x86)\\Microsoft\\EdgeUpdate\\1.3.195.27\\MicrosoftEdgeUpdateComRegisterShell64.exe"},{"@Name":"User","#text":"NT AUTHORITY\\SYSTEM"}]}}}
{"Event":{"System":{"Provider":{"@Name":"Microsoft-Windows-Sysmon","@Guid":"5770385f-c22a-43e0-bf4c-06f5698ffbd9"},"EventID":"5","Version":"3","Level":"4","Task":"5","Opcode":"0","Keywords":"0x8000000000000000","TimeCreated":{"@SystemTime":"2024-10-28 16:04:49.0609636"},"EventRecordID":"18017","Correlation":null,"Execution":{"@ProcessID":"3080","@ThreadID":"3892"},"Channel":"Microsoft-Windows-Sysmon/Operational","Computer":"Server002","Security":{"@UserID":"S-1-5-18"}},"EventData":{"Data":[{"@Name":"RuleName","#text":"-"},{"@Name":"UtcTime","#text":"2024-10-28 16:04:49.053"},{"@Name":"ProcessGuid","#text":"dbf410b3-b620-671f-da00-000000003900"},{"@Name":"ProcessId","#text":"3136"},{"@Name":"Image","#text":"C:\\Program Files (x86)\\Microsoft\\EdgeUpdate\\MicrosoftEdgeUpdate.exe"},{"@Name":"User","#text":"NT AUTHORITY\\SYSTEM"}]}}}
{"Event":{"System":{"Provider":{"@Name":"Microsoft-Windows-Sysmon","@Guid":"5770385f-c22a-43e0-bf4c-06f5698ffbd9"},"EventID":"1","Version":"5","Level":"4","Task":"1","Opcode":"0","Keywords":"0x8000000000000000","TimeCreated":{"@SystemTime":"2024-10-28 16:04:49.2250515"},"EventRecordID":"18018","Correlation":null,"Execution":{"@ProcessID":"3080","@ThreadID":"3892"},"Channel":"Microsoft-Windows-Sysmon/Operational","Computer":"Server002","Security":{"@UserID":"S-1-5-18"}},"EventData":{"Data":[{"@Name":"RuleName","#text":"-"},{"@Name":"UtcTime","#text":"2024-10-28 16:04:49.220"},{"@Name":"ProcessGuid","#text":"dbf410b3-b621-671f-de00-000000003900"},{"@Name":"ProcessId","#text":"4956"},{"@Name":"Image","#text":"C:\\Program Files (x86)\\Microsoft\\EdgeUpdate\\MicrosoftEdgeUpdate.exe"},{"@Name":"FileVersion","#text":"1.3.147.37"},{"@Name":"Description","#text":"Microsoft Edge Update"},{"@Name":"Product","#text":"Microsoft Edge Update"},{"@Name":"Company","#text":"Microsoft Corporation"},{"@Name":"OriginalFileName","#text":"msedgeupdate.dll"},{"@Name":"CommandLine","#text":"\"C:\\Program Files (x86)\\Microsoft\\EdgeUpdate\\MicrosoftEdgeUpdate.exe\" /svc"},{"@Name":"CurrentDirectory","#text":"C:\\Windows\\system32\\"},{"@Name":"User","#text":"NT AUTHORITY\\SYSTEM"},{"@Name":"LogonGuid","#text":"dbf410b3-c38e-671f-e703-000000000000"},{"@Name":"LogonId","#text":"0x3E7"},{"@Name":"TerminalSessionId","#text":"0"},{"@Name":"IntegrityLevel","#text":"System"},{"@Name":"Hashes","#text":"SHA256=3096D8E82917A9B73F322F4B1743E52E9B0C8B3C5933A957E73E29D6973CDD5B"},{"@Name":"ParentProcessGuid","#text":"00000000-0000-0000-0000-000000000000"},{"@Name":"ParentProcessId","#text":"664"},{"@Name":"ParentImage","#text":"-"},{"@Name":"ParentCommandLine","#text":"-"},{"@Name":"ParentUser","#text":"-"}]}}}
{"Event":{"System":{"Provider":{"@Name":"Microsoft-Windows-Sysmon","@Guid":"5770385f-c22a-43e0-bf4c-06f5698ffbd9"},"EventID":"1","Version":"5","Level":"4","Task":"1","Opcode":"0","Keywords":"0x8000000000000000","TimeCreated":{"@SystemTime":"2024-10-28 16:04:49.3270659"},"EventRecordID":"18019","Correlation":null,"Execution":{"@ProcessID":"3080","@ThreadID":"3892"},"Channel":"Microsoft-Windows-Sysmon/Operational","Computer":"Server002","Security":{"@UserID":"S-1-5-18"}},"EventData":{"Data":[{"@Name":"RuleName","#text":"-"},{"@Name":"UtcTime","#text":"2024-10-28 16:04:49.323"},{"@Name":"ProcessGuid","#text":"dbf410b3-b621-671f-df00-000000003900"},{"@Name":"ProcessId","#text":"4920"},{"@Name":"Image","#text":"C:\\Program Files (x86)\\Microsoft\\EdgeUpdate\\MicrosoftEdgeUpdate.exe"},{"@Name":"FileVersion","#text":"1.3.147.37"},{"@Name":"Description","#text":"Microsoft Edge Update"},{"@Name":"Product","#text":"Microsoft Edge Update"},{"@Name":"Company","#text":"Microsoft Corporation"},{"@Name":"OriginalFileName","#text":"msedgeupdate.dll"},{"@Name":"CommandLine","#text":"\"C:\\Program Files (x86)\\Microsoft\\EdgeUpdate\\MicrosoftEdgeUpdate.exe\" /c"},{"@Name":"CurrentDirectory","#text":"C:\\Program Files (x86)\\Microsoft\\EdgeUpdate\\1.3.195.27\\"},{"@Name":"User","#text":"NT AUTHORITY\\SYSTEM"},{"@Name":"LogonGuid","#text":"dbf410b3-c38e-671f-e703-000000000000"},{"@Name":"LogonId","#text":"0x3E7"},{"@Name":"TerminalSessionId","#text":"0"},{"@Name":"IntegrityLevel","#text":"System"},{"@Name":"Hashes","#text":"SHA256=3096D8E82917A9B73F322F4B1743E52E9B0C8B3C5933A957E73E29D6973CDD5B"},{"@Name":"ParentProcessGuid","#text":"dbf410b3-b621-671f-de00-000000003900"},{"@Name":"ParentProcessId","#text":"4956"},{"@Name":"ParentImage","#text":"C:\\Program Files (x86)\\Microsoft\\EdgeUpdate\\MicrosoftEdgeUpdate.exe"},{"@Name":"ParentCommandLine","#text":"\"C:\\Program Files (x86)\\Microsoft\\EdgeUpdate\\MicrosoftEdgeUpdate.exe\" /svc"},{"@Name":"ParentUser","#text":"NT AUTHORITY\\SYSTEM"}]}}}
{"Event":{"System":{"Provider":{"@Name":"Microsoft-Windows-Sysmon","@Guid":"5770385f-c22a-43e0-bf4c-06f5698ffbd9"},"EventID":"5","Version":"3","Level":"4","Task":"5","Opcode":"0","Keywords":"0x8000000000000000","TimeCreated":{"@SystemTime":"2024-10-28 16:04:49.3364544"},"EventRecordID":"18020","Correlation":null,"Execution":{"@ProcessID":"3080","@ThreadID":"3892"},"Channel":"Microsoft-Windows-Sysmon/Operational","Computer":"Server002","Security":{"@UserID":"S-1-5-18"}},"EventData":{"Data":[{"@Name":"RuleName","#text":"-"},{"@Name":"UtcTime","#text":"2024-10-28 16:04:49.316"},{"@Name":"ProcessGuid","#text":"dbf410b3-b621-671f-de00-000000003900"},{"@Name":"ProcessId","#text":"4956"},{"@Name":"Image","#text":"C:\\Program Files (x86)\\Microsoft\\EdgeUpdate\\MicrosoftEdgeUpdate.exe"},{"@Name":"User","#text":"NT AUTHORITY\\SYSTEM"}]}}}
{"Event":{"System":{"Provider":{"@Name":"Microsoft-Windows-Sysmon","@Guid":"5770385f-c22a-43e0-bf4c-06f5698ffbd9"},"EventID":"1","Version":"5","Level":"4","Task":"1","Opcode":"0","Keywords":"0x8000000000000000","TimeCreated":{"@SystemTime":"2024-10-28 16:04:49.4255695"},"EventRecordID":"18021","Correlation":null,"Execution":{"@ProcessID":"3080","@ThreadID":"3892"},"Channel":"Microsoft-Windows-Sysmon/Operational","Computer":"Server002","Security":{"@UserID":"S-1-5-18"}},"EventData":{"Data":[{"@Name":"RuleName","#text":"-"},{"@Name":"UtcTime","#text":"2024-10-28 16:04:49.421"},{"@Name":"ProcessGuid","#text":"dbf410b3-b621-671f-e000-000000003900"},{"@Name":"ProcessId","#text":"6256"},{"@Name":"Image","#text":"C:\\Program Files (x86)\\Microsoft\\EdgeUpdate\\MicrosoftEdgeUpdate.exe"},{"@Name":"FileVersion","#text":"1.3.147.37"},{"@Name":"Description","#text":"Microsoft Edge Update"},{"@Name":"Product","#text":"Microsoft Edge Update"},{"@Name":"Company","#text":"Microsoft Corporation"},{"@Name":"OriginalFileName","#text":"msedgeupdate.dll"},{"@Name":"CommandLine","#text":"\"C:\\Program Files (x86)\\Microsoft\\EdgeUpdate\\MicrosoftEdgeUpdate.exe\" /ua /installsource core"},{"@Name":"CurrentDirectory","#text":"C:\\Program Files (x86)\\Microsoft\\EdgeUpdate\\1.3.195.27\\"},{"@Name":"User","#text":"NT AUTHORITY\\SYSTEM"},{"@Name":"LogonGuid","#text":"dbf410b3-c38e-671f-e703-000000000000"},{"@Name":"LogonId","#text":"0x3E7"},{"@Name":"TerminalSessionId","#text":"0"},{"@Name":"IntegrityLevel","#text":"System"},{"@Name":"Hashes","#text":"SHA256=3096D8E82917A9B73F322F4B1743E52E9B0C8B3C5933A957E73E29D6973CDD5B"},{"@Name":"ParentProcessGuid","#text":"dbf410b3-b621-671f-df00-000000003900"},{"@Name":"ParentProcessId","#text":"4920"},{"@Name":"ParentImage","#text":"C:\\Program Files (x86)\\Microsoft\\EdgeUpdate\\MicrosoftEdgeUpdate.exe"},{"@Name":"ParentCommandLine","#text":"\"C:\\Program Files (x86)\\Microsoft\\EdgeUpdate\\MicrosoftEdgeUpdate.exe\" /c"},{"@Name":"ParentUser","#text":"NT AUTHORITY\\SYSTEM"}]}}}

{"Event":{"System":{"Provider":{"@Name":"Microsoft-Windows-Sysmon","@Guid":"5770385f-c22a-43e0-bf4c-06f5698ffbd9"},"EventID":"5","Version":"3","Level":"4","Task":"5","Opcode":"0","Keywords":"0x8000000000000000","TimeCreated":{"@SystemTime":"2024-10-28 16:04:49.8569967"},"EventRecordID":"18023","Correlation":null,"Execution":{"@ProcessID":"3080","@ThreadID":"3892"},"Channel":"Microsoft-Windows-Sysmon/Operational","Computer":"Server002","Security":{"@UserID":"S-1-5-18"}},"EventData":{"Data":[{"@Name":"RuleName","#text":"-"},{"@Name":"UtcTime","#text":"2024-10-28 16:04:49.844"},{"@Name":"ProcessGuid","#text":"dbf410b3-b621-671f-e100-000000003900"},{"@Name":"ProcessId","#text":"4076"},{"@Name":"Image","#text":"C:\\Program Files (x86)\\Microsoft\\EdgeUpdate\\MicrosoftEdgeUpdate.exe"},{"@Name":"User","#text":"NT AUTHORITY\\SYSTEM"}]}}}
{"Event":{"System":{"Provider":{"@Name":"Microsoft-Windows-Sysmon","@Guid":"5770385f-c22a-43e0-bf4c-06f5698ffbd9"},"EventID":"5","Version":"3","Level":"4","Task":"5","Opcode":"0","Keywords":"0x8000000000000000","TimeCreated":{"@SystemTime":"2024-10-28 16:04:49.8711973"},"EventRecordID":"18024","Correlation":null,"Execution":{"@ProcessID":"3080","@ThreadID":"3892"},"Channel":"Microsoft-Windows-Sysmon/Operational","Computer":"Server002","Security":{"@UserID":"S-1-5-18"}},"EventData":{"Data":[{"@Name":"RuleName","#text":"-"},{"@Name":"UtcTime","#text":"2024-10-28 16:04:49.863"},{"@Name":"ProcessGuid","#text":"dbf410b3-b61f-671f-d800-000000003900"},{"@Name":"ProcessId","#text":"1632"},{"@Name":"Image","#text":"C:\\Program Files (x86)\\Microsoft\\Temp\\EUD46D.tmp\\MicrosoftEdgeUpdate.exe"},{"@Name":"User","#text":"NT AUTHORITY\\SYSTEM"}]}}}
{"Event":{"System":{"Provider":{"@Name":"Microsoft-Windows-Sysmon","@Guid":"5770385f-c22a-43e0-bf4c-06f5698ffbd9"},"EventID":"5","Version":"3","Level":"4","Task":"5","Opcode":"0","Keywords":"0x8000000000000000","TimeCreated":{"@SystemTime":"2024-10-28 16:04:49.8841820"},"EventRecordID":"18025","Correlation":null,"Execution":{"@ProcessID":"3080","@ThreadID":"3892"},"Channel":"Microsoft-Windows-Sysmon/Operational","Computer":"Server002","Security":{"@UserID":"S-1-5-18"}},"EventData":{"Data":[{"@Name":"RuleName","#text":"-"},{"@Name":"UtcTime","#text":"2024-10-28 16:04:49.863"},{"@Name":"ProcessGuid","#text":"dbf410b3-b61e-671f-d600-000000003900"},{"@Name":"ProcessId","#text":"6580"},{"@Name":"Image","#text":"C:\\Program Files (x86)\\Microsoft\\EdgeUpdate\\Install\\{7E1778F1-EFF7-4D62-B470-22D45B531BCB}\\MicrosoftEdgeUpdateSetup_X86_1.3.195.27.exe"},{"@Name":"User","#text":"NT AUTHORITY\\SYSTEM"}]}}}
{"Event":{"System":{"Provider":{"@Name":"Microsoft-Windows-Sysmon","@Guid":"5770385f-c22a-43e0-bf4c-06f5698ffbd9"},"EventID":"5","Version":"3","Level":"4","Task":"5","Opcode":"0","Keywords":"0x8000000000000000","TimeCreated":{"@SystemTime":"2024-10-28 16:05:05.3038475"},"EventRecordID":"18026","Correlation":null,"Execution":{"@ProcessID":"3080","@ThreadID":"3892"},"Channel":"Microsoft-Windows-Sysmon/Operational","Computer":"Server002","Security":{"@UserID":"S-1-5-18"}},"EventData":{"Data":[{"@Name":"RuleName","#text":"-"},{"@Name":"UtcTime","#text":"2024-10-28 16:05:05.285"},{"@Name":"ProcessGuid","#text":"dbf410b3-b592-671f-8a00-000000003900"},{"@Name":"ProcessId","#text":"5396"},{"@Name":"Image","#text":"C:\\Windows\\WinSxS\\amd64_microsoft-windows-servicingstack_31bf3856ad364e35_10.0.19041.4950_none_7dd913727cb4d87c\\TiWorker.exe"},{"@Name":"User","#text":"NT AUTHORITY\\SYSTEM"}]}}}
{"Event":{"System":{"Provider":{"@Name":"Microsoft-Windows-Sysmon","@Guid":"5770385f-c22a-43e0-bf4c-06f5698ffbd9"},"EventID":"5","Version":"3","Level":"4","Task":"5","Opcode":"0","Keywords":"0x8000000000000000","TimeCreated":{"@SystemTime":"2024-10-28 16:05:05.3245368"},"EventRecordID":"18027","Correlation":null,"Execution":{"@ProcessID":"3080","@ThreadID":"3892"},"Channel":"Microsoft-Windows-Sysmon/Operational","Computer":"Server002","Security":{"@UserID":"S-1-5-18"}},"EventData":{"Data":[{"@Name":"RuleName","#text":"-"},{"@Name":"UtcTime","#text":"2024-10-28 16:05:05.308"},{"@Name":"ProcessGuid","#text":"dbf410b3-b592-671f-8800-000000003900"},{"@Name":"ProcessId","#text":"5348"},{"@Name":"Image","#text":"C:\\Windows\\servicing\\TrustedInstaller.exe"},{"@Name":"User","#text":"NT AUTHORITY\\SYSTEM"}]}}}
