{"Event":{"System":{"Provider":{"@Name":"Microsoft-Windows-Sysmon","@Guid":"5770385f-c22a-43e0-bf4c-06f5698ffbd9"},"EventID":"1","Version":"5","Level":"4","Task":"1","Opcode":"0","Keywords":"0x8000000000000000","TimeCreated":{"@SystemTime":"2024-10-21 12:17:29.9770050"},"EventRecordID":"17979","Correlation":null,"Execution":{"@ProcessID":"2924","@ThreadID":"2376"},"Channel":"Microsoft-Windows-Sysmon/Operational","Computer":"Server002","Security":{"@UserID":"S-1-5-18"}},"EventData":{"Data":[{"@Name":"RuleName","#text":"-"},{"@Name":"UtcTime","#text":"2024-10-21 12:17:29.921"},{"@Name":"ProcessGuid","#text":"dbf410b3-4659-6716-d200-000000003900"},{"@Name":"ProcessId","#text":"4284"},{"@Name":"Image","#text":"C:\\Program Files (x86)\\Microsoft\\Edge\\Application\\msedge.exe"},{"@Name":"FileVersion","#text":"129.0.2792.89"},{"@Name":"Description","#text":"Microsoft Edge"},{"@Name":"Product","#text":"Microsoft Edge"},{"@Name":"Company","#text":"Microsoft Corporation"},{"@Name":"OriginalFileName","#text":"msedge.exe"},{"@Name":"CommandLine","#text":"\"C:\\Program Files (x86)\\Microsoft\\Edge\\Application\\msedge.exe\" --type=utility --utility-sub-type=data_decoder.mojom.DataDecoderService --lang=en-GB --service-sandbox-type=service --string-annotations=is-enterprise-managed=no --field-trial-handle=4304,i,7152511113697268665,5800335004466524530,262144 --variations-seed-version --mojo-platform-channel-handle=4808 /prefetch:8"},{"@Name":"CurrentDirectory","#text":"C:\\Program Files (x86)\\Microsoft\\Edge\\Application\\129.0.2792.89\\"},{"@Name":"User","#text":"SERVER002\\admin_test"},{"@Name":"LogonGuid","#text":"dbf410b3-464c-6716-7b81-080000000000"},{"@Name":"LogonId","#text":"0x8817B"},{"@Name":"TerminalSessionId","#text":"0"},{"@Name":"IntegrityLevel","#text":"Low"},{"@Name":"Hashes","#text":"SHA256=FD300307D340216E8F8CE0EA52BF5E97121A39CA165F8133072B5D06319CD661"},{"@Name":"ParentProcessGuid","#text":"dbf410b3-4657-6716-ca00-000000003900"},{"@Name":"ParentProcessId","#text":"4856"},{"@Name":"ParentImage","#text":"C:\\Program Files (x86)\\Microsoft\\Edge\\Application\\msedge.exe"},{"@Name":"ParentCommandLine","#text":"\"C:\\Program Files (x86)\\Microsoft\\Edge\\Application\\msedge.exe\" --single-argument C:\\Users\\ADMIN_~1\\AppData\\Local\\Temp\\file\\data.006\\bin\\data_006_remote.html"},{"@Name":"ParentUser","#text":"SERVER002\\admin_test"}]}}}
{"Event":{"System":{"Provider":{"@Name":"Microsoft-Windows-Sysmon","@Guid":"5770385f-c22a-43e0-bf4c-06f5698ffbd9"},"EventID":"1","Version":"5","Level":"4","Task":"1","Opcode":"0","Keywords":"0x8000000000000000","TimeCreated":{"@SystemTime":"2024-10-21 12:17:30.2301293"},"EventRecordID":"17980","Correlation":null,"Execution":{"@ProcessID":"2924","@ThreadID":"2376"},"Channel":"Microsoft-Windows-Sysmon/Operational","Computer":"Server002","Security":{"@UserID":"S-1-5-18"}},"EventData":{"Data":[{"@Name":"RuleName","#text":"-"},{"@Name":"UtcTime","#text":"2024-10-21 12:17:30.137"},{"@Name":"ProcessGuid","#text":"dbf410b3-465a-6716-d300-000000003900"},{"@Name":"ProcessId","#text":"4420"},{"@Name":"Image","#text":"C:\\Program Files (x86)\\Microsoft\\Edge\\Application\\msedge.exe"},{"@Name":"FileVersion","#text":"129.0.2792.89"},{"@Name":"Description","#text":"Microsoft Edge"},{"@Name":"Product","#text":"Microsoft Edge"},{"@Name":"Company","#text":"Microsoft Corporation"},{"@Name":"OriginalFileName","#text":"msedge.exe"},{"@Name":"CommandLine","#text":"\"C:\\Program Files (x86)\\Microsoft\\Edge\\Application\\msedge.exe\" --type=renderer --string-annotations=is-enterprise-managed=no --disable-gpu-compositing --video-capture-use-gpu-memory-buffer --lang=en-GB --js-flags=--ms-user-locale= --device-scale-factor=1 --num-raster-threads=1 --renderer-client-id=8 --time-ticks-at-unix-epoch=-1729512877856338 --launch-time-ticks=172075457 --field-trial-handle=4316,i,7152511113697268665,5800335004466524530,262144 --variations-seed-version --mojo-platform-channel-handle=4872 /prefetch:1"},{"@Name":"CurrentDirectory","#text":"C:\\Program Files (x86)\\Microsoft\\Edge\\Application\\129.0.2792.89\\"},{"@Name":"User","#text":"SERVER002\\admin_test"},{"@Name":"LogonGuid","#text":"dbf410b3-464c-6716-7b81-080000000000"},{"@Name":"LogonId","#text":"0x8817B"},{"@Name":"TerminalSessionId","#text":"0"},{"@Name":"IntegrityLevel","#text":"AppContainer"},{"@Name":"Hashes","#text":"SHA256=FD300307D340216E8F8CE0EA52BF5E97121A39CA165F8133072B5D06319CD661"},{"@Name":"ParentProcessGuid","#text":"dbf410b3-4657-6716-ca00-000000003900"},{"@Name":"ParentProcessId","#text":"4856"},{"@Name":"ParentImage","#text":"C:\\Program Files (x86)\\Microsoft\\Edge\\Application\\msedge.exe"},{"@Name":"ParentCommandLine","#text":"\"C:\\Program Files (x86)\\Microsoft\\Edge\\Application\\msedge.exe\" --single-argument C:\\Users\\ADMIN_~1\\AppData\\Local\\Temp\\file\\data.006\\bin\\data_006_remote.html"},{"@Name":"ParentUser","#text":"SERVER002\\admin_test"}]}}}
{"Event":{"System":{"Provider":{"@Name":"Microsoft-Windows-Sysmon","@Guid":"5770385f-c22a-43e0-bf4c-06f5698ffbd9"},"EventID":"5","Version":"3","Level":"4","Task":"5","Opcode":"0","Keywords":"0x8000000000000000","TimeCreated":{"@SystemTime":"2024-10-21 12:17:31.8470917"},"EventRecordID":"17981","Correlation":null,"Execution":{"@ProcessID":"2924","@ThreadID":"2376"},"Channel":"Microsoft-Windows-Sysmon/Operational","Computer":"Server002","Security":{"@UserID":"S-1-5-18"}},"EventData":{"Data":[{"@Name":"RuleName","#text":"-"},{"@Name":"UtcTime","#text":"2024-10-21 12:17:31.836"},{"@Name":"ProcessGuid","#text":"dbf410b3-4659-6716-d200-000000003900"},{"@Name":"ProcessId","#text":"4284"},{"@Name":"Image","#text":"C:\\Program Files (x86)\\Microsoft\\Edge\\Application\\msedge.exe"},{"@Name":"User","#text":"SERVER002\\admin_test"}]}}}
{"Event":{"System":{"Provider":{"@Name":"Microsoft-Windows-Sysmon","@Guid":"5770385f-c22a-43e0-bf4c-06f5698ffbd9"},"EventID":"1","Version":"5","Level":"4","Task":"1","Opcode":"0","Keywords":"0x8000000000000000","TimeCreated":{"@SystemTime":"2024-10-21 12:17:33.4102459"},"EventRecordID":"17982","Correlation":null,"Execution":{"@ProcessID":"2924","@ThreadID":"2376"},"Channel":"Microsoft-Windows-Sysmon/Operational","Computer":"Server002","Security":{"@UserID":"S-1-5-18"}},"EventData":{"Data":[{"@Name":"RuleName","#text":"-"},{"@Name":"UtcTime","#text":"2024-10-21 12:17:33.376"},{"@Name":"ProcessGuid","#text":"dbf410b3-465d-6716-d400-000000003900"},{"@Name":"ProcessId","#text":"3356"},{"@Name":"Image","#text":"C:\\Program Files (x86)\\Microsoft\\Edge\\Application\\msedge.exe"},{"@Name":"FileVersion","#text":"129.0.2792.89"},{"@Name":"Description","#text":"Microsoft Edge"},{"@Name":"Product","#text":"Microsoft Edge"},{"@Name":"Company","#text":"Microsoft Corporation"},{"@Name":"OriginalFileName","#text":"msedge.exe"},{"@Name":"CommandLine","#text":"\"C:\\Program Files (x86)\\Microsoft\\Edge\\Application\\msedge.exe\" --type=utility --utility-sub-type=asset_store.mojom.AssetStoreService --lang=en-GB --service-sandbox-type=asset_store_service --string-annotations=is-enterprise-managed=no --field-trial-handle=5288,i,7152511113697268665,5800335004466524530,262144 --variations-seed-version --mojo-platform-channel-handle=5316 /prefetch:8"},{"@Name":"CurrentDirectory","#text":"C:\\Program Files (x86)\\Microsoft\\Edge\\Application\\129.0.2792.89\\"},{"@Name":"User","#text":"SERVER002\\admin_test"},{"@Name":"LogonGuid","#text":"dbf410b3-464c-6716-7b81-080000000000"},{"@Name":"LogonId","#text":"0x8817B"},{"@Name":"TerminalSessionId","#text":"0"},{"@Name":"IntegrityLevel","#text":"Low"},{"@Name":"Hashes","#text":"SHA256=FD300307D340216E8F8CE0EA52BF5E97121A39CA165F8133072B5D06319CD661"},{"@Name":"ParentProcessGuid","#text":"dbf410b3-4657-6716-ca00-000000003900"},{"@Name":"ParentProcessId","#text":"4856"},{"@Name":"ParentImage","#text":"C:\\Program Files (x86)\\Microsoft\\Edge\\Application\\msedge.exe"},{"@Name":"ParentCommandLine","#text":"\"C:\\Program Files (x86)\\Microsoft\\Edge\\Application\\msedge.exe\" --single-argument C:\\Users\\ADMIN_~1\\AppData\\Local\\Temp\\file\\data.006\\bin\\data_006_remote.html"},{"@Name":"ParentUser","#text":"SERVER002\\admin_test"}]}}}
{"Event":{"System":{"Provider":{"@Name":"Microsoft-Windows-Sysmon","@Guid":"5770385f-c22a-43e0-bf4c-06f5698ffbd9"},"EventID":"1","Version":"5","Level":"4","Task":"1","Opcode":"0","Keywords":"0x8000000000000000","TimeCreated":{"@SystemTime":"2024-10-21 12:17:33.4106027"},"EventRecordID":"17983","Correlation":null,"Execution":{"@ProcessID":"2924","@ThreadID":"2376"},"Channel":"Microsoft-Windows-Sysmon/Operational","Computer":"Server002","Security":{"@UserID":"S-1-5-18"}},"EventData":{"Data":[{"@Name":"RuleName","#text":"-"},{"@Name":"UtcTime","#text":"2024-10-21 12:17:33.401"},{"@Name":"ProcessGuid","#text":"dbf410b3-465d-6716-d500-000000003900"},{"@Name":"ProcessId","#text":"3300"},{"@Name":"Image","#text":"C:\\Program Files (x86)\\Microsoft\\Edge\\Application\\msedge.exe"},{"@Name":"FileVersion","#text":"129.0.2792.89"},{"@Name":"Description","#text":"Microsoft Edge"},{"@Name":"Product","#text":"Microsoft Edge"},{"@Name":"Company","#text":"Microsoft Corporation"},{"@Name":"OriginalFileName","#text":"msedge.exe"},{"@Name":"CommandLine","#text":"\"C:\\Program Files (x86)\\Microsoft\\Edge\\Application\\msedge.exe\" --type=utility --utility-sub-type=entity_extraction_service.mojom.Extractor --lang=en-GB --service-sandbox-type=entity_extraction --onnx-enabled-for-ee --string-annotations=is-enterprise-managed=no --field-trial-handle=5296,i,7152511113697268665,5800335004466524530,262144 --variations-seed-version --mojo-platform-channel-handle=5508 /prefetch:8"},{"@Name":"CurrentDirectory","#text":"C:\\Program Files (x86)\\Microsoft\\Edge\\Application\\129.0.2792.89\\"},{"@Name":"User","#text":"SERVER002\\admin_test"},{"@Name":"LogonGuid","#text":"dbf410b3-464c-6716-7b81-080000000000"},{"@Name":"LogonId","#text":"0x8817B"},{"@Name":"TerminalSessionId","#text":"0"},{"@Name":"IntegrityLevel","#text":"Low"},{"@Name":"Hashes","#text":"SHA256=FD300307D340216E8F8CE0EA52BF5E97121A39CA165F8133072B5D06319CD661"},{"@Name":"ParentProcessGuid","#text":"dbf410b3-4657-6716-ca00-000000003900"},{"@Name":"ParentProcessId","#text":"4856"},{"@Name":"ParentImage","#text":"C:\\Program Files (x86)\\Microsoft\\Edge\\Application\\msedge.exe"},{"@Name":"ParentCommandLine","#text":"\"C:\\Program Files (x86)\\Microsoft\\Edge\\Application\\msedge.exe\" --single-argument C:\\Users\\ADMIN_~1\\AppData\\Local\\Temp\\file\\data.006\\bin\\data_006_remote.html"},{"@Name":"ParentUser","#text":"SERVER002\\admin_test"}]}}}
{"Event":{"System":{"Provider":{"@Name":"Microsoft-Windows-Sysmon","@Guid":"5770385f-c22a-43e0-bf4c-06f5698ffbd9"},"EventID":"1","Version":"5","Level":"4","Task":"1","Opcode":"0","Keywords":"0x8000000000000000","TimeCreated":{"@SystemTime":"2024-10-21 12:17:33.4752884"},"EventRecordID":"17984","Correlation":null,"Execution":{"@ProcessID":"2924","@ThreadID":"2376"},"Channel":"Microsoft-Windows-Sysmon/Operational","Computer":"Server002","Security":{"@UserID":"S-1-5-18"}},"EventData":{"Data":[{"@Name":"RuleName","#text":"-"},{"@Name":"UtcTime","#text":"2024-10-21 12:17:33.424"},{"@Name":"ProcessGuid","#text":"dbf410b3-465d-6716-d600-000000003900"},{"@Name":"ProcessId","#text":"6028"},{"@Name":"Image","#text":"C:\\Program Files (x86)\\Microsoft\\Edge\\Application\\msedge.exe"},{"@Name":"FileVersion","#text":"129.0.2792.89"},{"@Name":"Description","#text":"Microsoft Edge"},{"@Name":"Product","#text":"Microsoft Edge"},{"@Name":"Company","#text":"Microsoft Corporation"},{"@Name":"OriginalFileName","#text":"msedge.exe"},{"@Name":"CommandLine","#text":"\"C:\\Program Files (x86)\\Microsoft\\Edge\\Application\\msedge.exe\" --type=utility --utility-sub-type=data_decoder.mojom.DataDecoderService --lang=en-GB --service-sandbox-type=service --string-annotations=is-enterprise-managed=no --field-trial-handle=5364,i,7152511113697268665,5800335004466524530,262144 --variations-seed-version --mojo-platform-channel-handle=5660 /prefetch:8"},{"@Name":"CurrentDirectory","#text":"C:\\Program Files (x86)\\Microsoft\\Edge\\Application\\129.0.2792.89\\"},{"@Name":"User","#text":"SERVER002\\admin_test"},{"@Name":"LogonGuid","#text":"dbf410b3-464c-6716-7b81-080000000000"},{"@Name":"LogonId","#text":"0x8817B"},{"@Name":"TerminalSessionId","#text":"0"},{"@Name":"IntegrityLevel","#text":"Low"},{"@Name":"Hashes","#text":"SHA256=FD300307D340216E8F8CE0EA52BF5E97121A39CA165F8133072B5D06319CD661"},{"@Name":"ParentProcessGuid","#text":"dbf410b3-4657-6716-ca00-000000003900"},{"@Name":"ParentProcessId","#text":"4856"},{"@Name":"ParentImage","#text":"C:\\Program Files (x86)\\Microsoft\\Edge\\Application\\msedge.exe"},{"@Name":"ParentCommandLine","#text":"\"C:\\Program Files (x86)\\Microsoft\\Edge\\Application\\msedge.exe\" --single-argument C:\\Users\\ADMIN_~1\\AppData\\Local\\Temp\\file\\data.006\\bin\\data_006_remote.html"},{"@Name":"ParentUser","#text":"SERVER002\\admin_test"}]}}}
{"Event":{"System":{"Provider":{"@Name":"Microsoft-Windows-Sysmon","@Guid":"5770385f-c22a-43e0-bf4c-06f5698ffbd9"},"EventID":"5","Version":"3","Level":"4","Task":"5","Opcode":"0","Keywords":"0x8000000000000000","TimeCreated":{"@SystemTime":"2024-10-21 12:17:33.9876721"},"EventRecordID":"17985","Correlation":null,"Execution":{"@ProcessID":"2924","@ThreadID":"2376"},"Channel":"Microsoft-Windows-Sysmon/Operational","Computer":"Server002","Security":{"@UserID":"S-1-5-18"}},"EventData":{"Data":[{"@Name":"RuleName","#text":"-"},{"@Name":"UtcTime","#text":"2024-10-21 12:17:33.984"},{"@Name":"ProcessGuid","#text":"dbf410b3-465d-6716-d600-000000003900"},{"@Name":"ProcessId","#text":"6028"},{"@Name":"Image","#text":"C:\\Program Files (x86)\\Microsoft\\Edge\\Application\\msedge.exe"},{"@Name":"User","#text":"SERVER002\\admin_test"}]}}}
{"Event":{"System":{"Provider":{"@Name":"Microsoft-Windows-Sysmon","@Guid":"5770385f-c22a-43e0-bf4c-06f5698ffbd9"},"EventID":"5","Version":"3","Level":"4","Task":"5","Opcode":"0","Keywords":"0x8000000000000000","TimeCreated":{"@SystemTime":"2024-10-21 12:17:34.9758535"},"EventRecordID":"17986","Correlation":null,"Execution":{"@ProcessID":"2924","@ThreadID":"2376"},"Channel":"Microsoft-Windows-Sysmon/Operational","Computer":"Server002","Security":{"@UserID":"S-1-5-18"}},"EventData":{"Data":[{"@Name":"RuleName","#text":"-"},{"@Name":"UtcTime","#text":"2024-10-21 12:17:34.974"},{"@Name":"ProcessGuid","#text":"dbf410b3-4659-6716-d100-000000003900"},{"@Name":"ProcessId","#text":"3296"},{"@Name":"Image","#text":"C:\\Program Files (x86)\\Microsoft\\Edge\\Application\\msedge.exe"},{"@Name":"User","#text":"SERVER002\\admin_test"}]}}}
{"Event":{"System":{"Provider":{"@Name":"Microsoft-Windows-Sysmon","@Guid":"5770385f-c22a-43e0-bf4c-06f5698ffbd9"},"EventID":"5","Version":"3","Level":"4","Task":"5","Opcode":"0","Keywords":"0x8000000000000000","TimeCreated":{"@SystemTime":"2024-10-21 12:17:35.0440395"},"EventRecordID":"17987","Correlation":null,"Execution":{"@ProcessID":"2924","@ThreadID":"2376"},"Channel":"Microsoft-Windows-Sysmon/Operational","Computer":"Server002","Security":{"@UserID":"S-1-5-18"}},"EventData":{"Data":[{"@Name":"RuleName","#text":"-"},{"@Name":"UtcTime","#text":"2024-10-21 12:17:35.043"},{"@Name":"ProcessGuid","#text":"dbf410b3-464a-6716-9900-000000003900"},{"@Name":"ProcessId","#text":"2780"},{"@Name":"Image","#text":"C:\\Windows\\System32\\taskhostw.exe"},{"@Name":"User","#text":"NT AUTHORITY\\SYSTEM"}]}}}
{"Event":{"System":{"Provider":{"@Name":"Microsoft-Windows-Sysmon","@Guid":"5770385f-c22a-43e0-bf4c-06f5698ffbd9"},"EventID":"1","Version":"5","Level":"4","Task":"1","Opcode":"0","Keywords":"0x8000000000000000","TimeCreated":{"@SystemTime":"2024-10-21 12:17:37.6107450"},"EventRecordID":"17988","Correlation":null,"Execution":{"@ProcessID":"2924","@ThreadID":"2376"},"Channel":"Microsoft-Windows-Sysmon/Operational","Computer":"Server002","Security":{"@UserID":"S-1-5-18"}},"EventData":{"Data":[{"@Name":"RuleName","#text":"-"},{"@Name":"UtcTime","#text":"2024-10-21 12:17:37.576"},{"@Name":"ProcessGuid","#text":"dbf410b3-4661-6716-d700-000000003900"},{"@Name":"ProcessId","#text":"6028"},{"@Name":"Image","#text":"C:\\Program Files (x86)\\Microsoft\\Edge\\Application\\129.0.2792.89\\identity_helper.exe"},{"@Name":"FileVersion","#text":"129.0.2792.89"},{"@Name":"Description","#text":"PWA Identity Proxy Host"},{"@Name":"Product","#text":"Microsoft Edge"},{"@Name":"Company","#text":"Microsoft Corporation"},{"@Name":"OriginalFileName","#text":"identity_helper.exe"},{"@Name":"CommandLine","#text":"\"C:\\Program Files (x86)\\Microsoft\\Edge\\Application\\129.0.2792.89\\identity_helper.exe\" --type=utility --utility-sub-type=winrt_app_id.mojom.WinrtAppIdService --lang=en-GB --service-sandbox-type=none --string-annotations=is-enterprise-managed=no --field-trial-handle=5688,i,7152511113697268665,5800335004466524530,262144 --variations-seed-version --mojo-platform-channel-handle=4124 /prefetch:8"},{"@Name":"CurrentDirectory","#text":"C:\\Program Files (x86)\\Microsoft\\Edge\\Application\\129.0.2792.89\\"},{"@Name":"User","#text":"SERVER002\\admin_test"},{"@Name":"LogonGuid","#text":"dbf410b3-464c-6716-7b81-080000000000"},{"@Name":"LogonId","#text":"0x8817B"},{"@Name":"TerminalSessionId","#text":"0"},{"@Name":"IntegrityLevel","#text":"High"},{"@Name":"Hashes","#text":"SHA256=2CDF8E08CEDF772520C3479FFE8072242413A59A2BB0AE3D66201E5A61C98276"},{"@Name":"ParentProcessGuid","#text":"dbf410b3-4657-6716-ca00-000000003900"},{"@Name":"ParentProcessId","#text":"4856"},{"@Name":"ParentImage","#text":"C:\\Program Files (x86)\\Microsoft\\Edge\\Application\\msedge.exe"},{"@Name":"ParentCommandLine","#text":"\"C:\\Program Files (x86)\\Microsoft\\Edge\\Application\\msedge.exe\" --single-argument C:\\Users\\ADMIN_~1\\AppData\\Local\\Temp\\file\\data.006\\bin\\data_006_remote.html"},{"@Name":"ParentUser","#text":"SERVER002\\admin_test"}]}}}
{"Event":{"System":{"Provider":{"@Name":"Microsoft-Windows-Sysmon","@Guid":"5770385f-c22a-43e0-bf4c-06f5698ffbd9"},"EventID":"1","Version":"5","Level":"4","Task":"1","Opcode":"0","Keywords":"0x8000000000000000","TimeCreated":{"@SystemTime":"2024-10-21 12:17:37.6724440"},"EventRecordID":"17989","Correlation":null,"Execution":{"@ProcessID":"2924","@ThreadID":"2376"},"Channel":"Microsoft-Windows-Sysmon/Operational","Computer":"Server002","Security":{"@UserID":"S-1-5-18"}},"EventData":{"Data":[{"@Name":"RuleName","#text":"-"},{"@Name":"UtcTime","#text":"2024-10-21 12:17:37.654"},{"@Name":"ProcessGuid","#text":"dbf410b3-4661-6716-d800-000000003900"},{"@Name":"ProcessId","#text":"6128"},{"@Name":"Image","#text":"C:\\Windows\\System32\\svchost.exe"},{"@Name":"FileVersion","#text":"10.0.19041.4355 (WinBuild.160101.0800)"},{"@Name":"Description","#text":"Host Process for Windows Services"},{"@Name":"Product","#text":"Microsoft® Windows® Operating System"},{"@Name":"Company","#text":"Microsoft Corporation"},{"@Name":"OriginalFileName","#text":"svchost.exe"},{"@Name":"CommandLine","#text":"C:\\Windows\\system32\\svchost.exe -k netsvcs -p -s Appinfo"},{"@Name":"CurrentDirectory","#text":"C:\\Windows\\system32\\"},{"@Name":"User","#text":"NT AUTHORITY\\SYSTEM"},{"@Name":"LogonGuid","#text":"dbf410b3-61fc-6716-e703-000000000000"},{"@Name":"LogonId","#text":"0x3E7"},{"@Name":"TerminalSessionId","#text":"0"},{"@Name":"IntegrityLevel","#text":"System"},{"@Name":"Hashes","#text":"SHA256=6FC3BF1FDFD76860BE782554F8D25BD32F108DB934D70F4253F1E5F23522E503"},{"@Name":"ParentProcessGuid","#text":"00000000-0000-0000-0000-000000000000"},{"@Name":"ParentProcessId","#text":"660"},{"@Name":"ParentImage","#text":"-"},{"@Name":"ParentCommandLine","#text":"-"},{"@Name":"ParentUser","#text":"-"}]}}}
{"Event":{"System":{"Provider":{"@Name":"Microsoft-Windows-Sysmon","@Guid":"5770385f-c22a-43e0-bf4c-06f5698ffbd9"},"EventID":"5","Version":"3","Level":"4","Task":"5","Opcode":"0","Keywords":"0x8000000000000000","TimeCreated":{"@SystemTime":"2024-10-21 12:17:37.8972205"},"EventRecordID":"17990","Correlation":null,"Execution":{"@ProcessID":"2924","@ThreadID":"2376"},"Channel":"Microsoft-Windows-Sysmon/Operational","Computer":"Server002","Security":{"@UserID":"S-1-5-18"}},"EventData":{"Data":[{"@Name":"RuleName","#text":"-"},{"@Name":"UtcTime","#text":"2024-10-21 12:17:37.889"},{"@Name":"ProcessGuid","#text":"dbf410b3-4661-6716-d700-000000003900"},{"@Name":"ProcessId","#text":"6028"},{"@Name":"Image","#text":"C:\\Program Files (x86)\\Microsoft\\Edge\\Application\\129.0.2792.89\\identity_helper.exe"},{"@Name":"User","#text":"SERVER002\\admin_test"}]}}}
{"Event":{"System":{"Provider":{"@Name":"Microsoft-Windows-Sysmon","@Guid":"5770385f-c22a-43e0-bf4c-06f5698ffbd9"},"EventID":"1","Version":"5","Level":"4","Task":"1","Opcode":"0","Keywords":"0x8000000000000000","TimeCreated":{"@SystemTime":"2024-10-21 12:17:37.9158827"},"EventRecordID":"17991","Correlation":null,"Execution":{"@ProcessID":"2924","@ThreadID":"2376"},"Channel":"Microsoft-Windows-Sysmon/Operational","Computer":"Server002","Security":{"@UserID":"S-1-5-18"}},"EventData":{"Data":[{"@Name":"RuleName","#text":"-"},{"@Name":"UtcTime","#text":"2024-10-21 12:17:37.906"},{"@Name":"ProcessGuid","#text":"dbf410b3-4661-6716-d900-000000003900"},{"@Name":"ProcessId","#text":"4216"},{"@Name":"Image","#text":"C:\\Program Files (x86)\\Microsoft\\Edge\\Application\\129.0.2792.89\\identity_helper.exe"},{"@Name":"FileVersion","#text":"129.0.2792.89"},{"@Name":"Description","#text":"PWA Identity Proxy Host"},{"@Name":"Product","#text":"Microsoft Edge"},{"@Name":"Company","#text":"Microsoft Corporation"},{"@Name":"OriginalFileName","#text":"identity_helper.exe"},{"@Name":"CommandLine","#text":"\"C:\\Program Files (x86)\\Microsoft\\Edge\\Application\\129.0.2792.89\\identity_helper.exe\" --type=utility --utility-sub-type=winrt_app_id.mojom.WinrtAppIdService --lang=en-GB --service-sandbox-type=none --string-annotations=is-enterprise-managed=no --field-trial-handle=5688,i,7152511113697268665,5800335004466524530,262144 --variations-seed-version --mojo-platform-channel-handle=4124 /prefetch:8"},{"@Name":"CurrentDirectory","#text":"C:\\Program Files (x86)\\Microsoft\\Edge\\Application\\129.0.2792.89\\"},{"@Name":"User","#text":"SERVER002\\admin_test"},{"@Name":"LogonGuid","#text":"dbf410b3-464c-6716-7b81-080000000000"},{"@Name":"LogonId","#text":"0x8817B"},{"@Name":"TerminalSessionId","#text":"0"},{"@Name":"IntegrityLevel","#text":"High"},{"@Name":"Hashes","#text":"SHA256=2CDF8E08CEDF772520C3479FFE8072242413A59A2BB0AE3D66201E5A61C98276"},{"@Name":"ParentProcessGuid","#text":"dbf410b3-4657-6716-ca00-000000003900"},{"@Name":"ParentProcessId","#text":"4856"},{"@Name":"ParentImage","#text":"C:\\Program Files (x86)\\Microsoft\\Edge\\Application\\msedge.exe"},{"@Name":"ParentCommandLine","#text":"\"C:\\Program Files (x86)\\Microsoft\\Edge\\Application\\msedge.exe\" --single-argument C:\\Users\\ADMIN_~1\\AppData\\Local\\Temp\\file\\data.006\\bin\\data_006_remote.html"},{"@Name":"ParentUser","#text":"SERVER002\\admin_test"}]}}}
{"Event":{"System":{"Provider":{"@Name":"Microsoft-Windows-Sysmon","@Guid":"5770385f-c22a-43e0-bf4c-06f5698ffbd9"},"EventID":"1","Version":"5","Level":"4","Task":"1","Opcode":"0","Keywords":"0x8000000000000000","TimeCreated":{"@SystemTime":"2024-10-21 12:17:47.1925256"},"EventRecordID":"17992","Correlation":null,"Execution":{"@ProcessID":"2924","@ThreadID":"2376"},"Channel":"Microsoft-Windows-Sysmon/Operational","Computer":"Server002","Security":{"@UserID":"S-1-5-18"}},"EventData":{"Data":[{"@Name":"RuleName","#text":"-"},{"@Name":"UtcTime","#text":"2024-10-21 12:17:47.185"},{"@Name":"ProcessGuid","#text":"dbf410b3-466b-6716-da00-000000003900"},{"@Name":"ProcessId","#text":"4148"},{"@Name":"Image","#text":"C:\\Program Files (x86)\\Microsoft\\Edge\\Application\\msedge.exe"},{"@Name":"FileVersion","#text":"129.0.2792.89"},{"@Name":"Description","#text":"Microsoft Edge"},{"@Name":"Product","#text":"Microsoft Edge"},{"@Name":"Company","#text":"Microsoft Corporation"},{"@Name":"OriginalFileName","#text":"msedge.exe"},{"@Name":"CommandLine","#text":"\"C:\\Program Files (x86)\\Microsoft\\Edge\\Application\\msedge.exe\" --type=utility --utility-sub-type=data_decoder.mojom.DataDecoderService --lang=en-GB --service-sandbox-type=service --string-annotations=is-enterprise-managed=no --field-trial-handle=5716,i,7152511113697268665,5800335004466524530,262144 --variations-seed-version --mojo-platform-channel-handle=6048 /prefetch:8"},{"@Name":"CurrentDirectory","#text":"C:\\Program Files (x86)\\Microsoft\\Edge\\Application\\129.0.2792.89\\"},{"@Name":"User","#text":"SERVER002\\admin_test"},{"@Name":"LogonGuid","#text":"dbf410b3-464c-6716-7b81-080000000000"},{"@Name":"LogonId","#text":"0x8817B"},{"@Name":"TerminalSessionId","#text":"0"},{"@Name":"IntegrityLevel","#text":"Low"},{"@Name":"Hashes","#text":"SHA256=FD300307D340216E8F8CE0EA52BF5E97121A39CA165F8133072B5D06319CD661"},{"@Name":"ParentProcessGuid","#text":"dbf410b3-4657-6716-ca00-000000003900"},{"@Name":"ParentProcessId","#text":"4856"},{"@Name":"ParentImage","#text":"C:\\Program Files (x86)\\Microsoft\\Edge\\Application\\msedge.exe"},{"@Name":"ParentCommandLine","#text":"\"C:\\Program Files (x86)\\Microsoft\\Edge\\Application\\msedge.exe\" --single-argument C:\\Users\\ADMIN_~1\\AppData\\Local\\Temp\\file\\data.006\\bin\\data_006_remote.html"},{"@Name":"ParentUser","#text":"SERVER002\\admin_test"}]}}}
{"Event":{"System":{"Provider":{"@Name":"Microsoft-Windows-Sysmon","@Guid":"5770385f-c22a-43e0-bf4c-06f5698ffbd9"},"EventID":"5","Version":"3","Level":"4","Task":"5","Opcode":"0","Keywords":"0x8000000000000000","TimeCreated":{"@SystemTime":"2024-10-21 12:17:47.3133041"},"EventRecordID":"17993","Correlation":null,"Execution":{"@ProcessID":"2924","@ThreadID":"2376"},"Channel":"Microsoft-Windows-Sysmon/Operational","Computer":"Server002","Security":{"@UserID":"S-1-5-18"}},"EventData":{"Data":[{"@Name":"RuleName","#text":"-"},{"@Name":"UtcTime","#text":"2024-10-21 12:17:47.281"},{"@Name":"ProcessGuid","#text":"dbf410b3-466b-6716-da00-000000003900"},{"@Name":"ProcessId","#text":"4148"},{"@Name":"Image","#text":"C:\\Program Files (x86)\\Microsoft\\Edge\\Application\\msedge.exe"},{"@Name":"User","#text":"SERVER002\\admin_test"}]}}}
{"Event":{"System":{"Provider":{"@Name":"Microsoft-Windows-Sysmon","@Guid":"5770385f-c22a-43e0-bf4c-06f5698ffbd9"},"EventID":"5","Version":"3","Level":"4","Task":"5","Opcode":"0","Keywords":"0x8000000000000000","TimeCreated":{"@SystemTime":"2024-10-21 12:17:47.6299272"},"EventRecordID":"17994","Correlation":null,"Execution":{"@ProcessID":"2924","@ThreadID":"2376"},"Channel":"Microsoft-Windows-Sysmon/Operational","Computer":"Server002","Security":{"@UserID":"S-1-5-18"}},"EventData":{"Data":[{"@Name":"RuleName","#text":"-"},{"@Name":"UtcTime","#text":"2024-10-21 12:17:47.627"},{"@Name":"ProcessGuid","#text":"dbf410b3-4648-6716-8900-000000003900"},{"@Name":"ProcessId","#text":"916"},{"@Name":"Image","#text":"C:\\Windows\\System32\\svchost.exe"},{"@Name":"User","#text":"NT AUTHORITY\\SYSTEM"}]}}}
{"Event":{"System":{"Provider":{"@Name":"Microsoft-Windows-Sysmon","@Guid":"5770385f-c22a-43e0-bf4c-06f5698ffbd9"},"EventID":"1","Version":"5","Level":"4","Task":"1","Opcode":"0","Keywords":"0x8000000000000000","TimeCreated":{"@SystemTime":"2024-10-21 12:17:48.7377474"},"EventRecordID":"17995","Correlation":null,"Execution":{"@ProcessID":"2924","@ThreadID":"2376"},"Channel":"Microsoft-Windows-Sysmon/Operational","Computer":"Server002","Security":{"@UserID":"S-1-5-18"}},"EventData":{"Data":[{"@Name":"RuleName","#text":"-"},{"@Name":"UtcTime","#text":"2024-10-21 12:17:48.729"},{"@Name":"ProcessGuid","#text":"dbf410b3-466c-6716-db00-000000003900"},{"@Name":"ProcessId","#text":"6108"},{"@Name":"Image","#text":"C:\\Program Files (x86)\\Microsoft\\Edge\\Application\\msedge.exe"},{"@Name":"FileVersion","#text":"129.0.2792.89"},{"@Name":"Description","#text":"Microsoft Edge"},{"@Name":"Product","#text":"Microsoft Edge"},{"@Name":"Company","#text":"Microsoft Corporation"},{"@Name":"OriginalFileName","#text":"msedge.exe"},{"@Name":"CommandLine","#text":"\"C:\\Program Files (x86)\\Microsoft\\Edge\\Application\\msedge.exe\" --type=utility --utility-sub-type=data_decoder.mojom.DataDecoderService --lang=en-GB --service-sandbox-type=service --string-annotations=is-enterprise-managed=no --field-trial-handle=6092,i,7152511113697268665,5800335004466524530,262144 --variations-seed-version --mojo-platform-channel-handle=6212 /prefetch:8"},{"@Name":"CurrentDirectory","#text":"C:\\Program Files (x86)\\Microsoft\\Edge\\Application\\129.0.2792.89\\"},{"@Name":"User","#text":"SERVER002\\admin_test"},{"@Name":"LogonGuid","#text":"dbf410b3-464c-6716-7b81-080000000000"},{"@Name":"LogonId","#text":"0x8817B"},{"@Name":"TerminalSessionId","#text":"0"},{"@Name":"IntegrityLevel","#text":"Low"},{"@Name":"Hashes","#text":"SHA256=FD300307D340216E8F8CE0EA52BF5E97121A39CA165F8133072B5D06319CD661"},{"@Name":"ParentProcessGuid","#text":"dbf410b3-4657-6716-ca00-000000003900"},{"@Name":"ParentProcessId","#text":"4856"},{"@Name":"ParentImage","#text":"C:\\Program Files (x86)\\Microsoft\\Edge\\Application\\msedge.exe"},{"@Name":"ParentCommandLine","#text":"\"C:\\Program Files (x86)\\Microsoft\\Edge\\Application\\msedge.exe\" --single-argument C:\\Users\\ADMIN_~1\\AppData\\Local\\Temp\\file\\data.006\\bin\\data_006_remote.html"},{"@Name":"ParentUser","#text":"SERVER002\\admin_test"}]}}}
{"Event":{"System":{"Provider":{"@Name":"Microsoft-Windows-Sysmon","@Guid":"5770385f-c22a-43e0-bf4c-06f5698ffbd9"},"EventID":"1","Version":"5","Level":"4","Task":"1","Opcode":"0","Keywords":"0x8000000000000000","TimeCreated":{"@SystemTime":"2024-10-21 12:17:48.7803870"},"EventRecordID":"17996","Correlation":null,"Execution":{"@ProcessID":"2924","@ThreadID":"2376"},"Channel":"Microsoft-Windows-Sysmon/Operational","Computer":"Server002","Security":{"@UserID":"S-1-5-18"}},"EventData":{"Data":[{"@Name":"RuleName","#text":"-"},{"@Name":"UtcTime","#text":"2024-10-21 12:17:48.764"},{"@Name":"ProcessGuid","#text":"dbf410b3-466c-6716-dc00-000000003900"},{"@Name":"ProcessId","#text":"6028"},{"@Name":"Image","#text":"C:\\Program Files (x86)\\Microsoft\\Edge\\Application\\msedge.exe"},{"@Name":"FileVersion","#text":"129.0.2792.89"},{"@Name":"Description","#text":"Microsoft Edge"},{"@Name":"Product","#text":"Microsoft Edge"},{"@Name":"Company","#text":"Microsoft Corporation"},{"@Name":"OriginalFileName","#text":"msedge.exe"},{"@Name":"CommandLine","#text":"\"C:\\Program Files (x86)\\Microsoft\\Edge\\Application\\msedge.exe\" --type=utility --utility-sub-type=data_decoder.mojom.DataDecoderService --lang=en-GB --service-sandbox-type=service --string-annotations=is-enterprise-managed=no --field-trial-handle=6244,i,7152511113697268665,5800335004466524530,262144 --variations-seed-version --mojo-platform-channel-handle=6256 /prefetch:8"},{"@Name":"CurrentDirectory","#text":"C:\\Program Files (x86)\\Microsoft\\Edge\\Application\\129.0.2792.89\\"},{"@Name":"User","#text":"SERVER002\\admin_test"},{"@Name":"LogonGuid","#text":"dbf410b3-464c-6716-7b81-080000000000"},{"@Name":"LogonId","#text":"0x8817B"},{"@Name":"TerminalSessionId","#text":"0"},{"@Name":"IntegrityLevel","#text":"Low"},{"@Name":"Hashes","#text":"SHA256=FD300307D340216E8F8CE0EA52BF5E97121A39CA165F8133072B5D06319CD661"},{"@Name":"ParentProcessGuid","#text":"dbf410b3-4657-6716-ca00-000000003900"},{"@Name":"ParentProcessId","#text":"4856"},{"@Name":"ParentImage","#text":"C:\\Program Files (x86)\\Microsoft\\Edge\\Application\\msedge.exe"},{"@Name":"ParentCommandLine","#text":"\"C:\\Program Files (x86)\\Microsoft\\Edge\\Application\\msedge.exe\" --single-argument C:\\Users\\ADMIN_~1\\AppData\\Local\\Temp\\file\\data.006\\bin\\data_006_remote.html"},{"@Name":"ParentUser","#text":"SERVER002\\admin_test"}]}}}
{"Event":{"System":{"Provider":{"@Name":"Microsoft-Windows-Sysmon","@Guid":"5770385f-c22a-43e0-bf4c-06f5698ffbd9"},"EventID":"5","Version":"3","Level":"4","Task":"5","Opcode":"0","Keywords":"0x8000000000000000","TimeCreated":{"@SystemTime":"2024-10-21 12:17:48.8140140"},"EventRecordID":"17997","Correlation":null,"Execution":{"@ProcessID":"2924","@ThreadID":"2376"},"Channel":"Microsoft-Windows-Sysmon/Operational","Computer":"Server002","Security":{"@UserID":"S-1-5-18"}},"EventData":{"Data":[{"@Name":"RuleName","#text":"-"},{"@Name":"UtcTime","#text":"2024-10-21 12:17:48.796"},{"@Name":"ProcessGuid","#text":"dbf410b3-466c-6716-db00-000000003900"},{"@Name":"ProcessId","#text":"6108"},{"@Name":"Image","#text":"C:\\Program Files (x86)\\Microsoft\\Edge\\Application\\msedge.exe"},{"@Name":"User","#text":"SERVER002\\admin_test"}]}}}
{"Event":{"System":{"Provider":{"@Name":"Microsoft-Windows-Sysmon","@Guid":"5770385f-c22a-43e0-bf4c-06f5698ffbd9"},"EventID":"1","Version":"5","Level":"4","Task":"1","Opcode":"0","Keywords":"0x8000000000000000","TimeCreated":{"@SystemTime":"2024-10-21 12:17:49.1031503"},"EventRecordID":"17998","Correlation":null,"Execution":{"@ProcessID":"2924","@ThreadID":"2376"},"Channel":"Microsoft-Windows-Sysmon/Operational","Computer":"Server002","Security":{"@UserID":"S-1-5-18"}},"EventData":{"Data":[{"@Name":"RuleName","#text":"-"},{"@Name":"UtcTime","#text":"2024-10-21 12:17:49.095"},{"@Name":"ProcessGuid","#text":"dbf410b3-466d-6716-dd00-000000003900"},{"@Name":"ProcessId","#text":"3424"},{"@Name":"Image","#text":"C:\\Program Files (x86)\\Microsoft\\Edge\\Application\\msedge.exe"},{"@Name":"FileVersion","#text":"129.0.2792.89"},{"@Name":"Description","#text":"Microsoft Edge"},{"@Name":"Product","#text":"Microsoft Edge"},{"@Name":"Company","#text":"Microsoft Corporation"},{"@Name":"OriginalFileName","#text":"msedge.exe"},{"@Name":"CommandLine","#text":"\"C:\\Program Files (x86)\\Microsoft\\Edge\\Application\\msedge.exe\" --type=utility --utility-sub-type=data_decoder.mojom.DataDecoderService --lang=en-GB --service-sandbox-type=service --string-annotations=is-enterprise-managed=no --field-trial-handle=5080,i,7152511113697268665,5800335004466524530,262144 --variations-seed-version --mojo-platform-channel-handle=6248 /prefetch:8"},{"@Name":"CurrentDirectory","#text":"C:\\Program Files (x86)\\Microsoft\\Edge\\Application\\129.0.2792.89\\"},{"@Name":"User","#text":"SERVER002\\admin_test"},{"@Name":"LogonGuid","#text":"dbf410b3-464c-6716-7b81-080000000000"},{"@Name":"LogonId","#text":"0x8817B"},{"@Name":"TerminalSessionId","#text":"0"},{"@Name":"IntegrityLevel","#text":"Low"},{"@Name":"Hashes","#text":"SHA256=FD300307D340216E8F8CE0EA52BF5E97121A39CA165F8133072B5D06319CD661"},{"@Name":"ParentProcessGuid","#text":"dbf410b3-4657-6716-ca00-000000003900"},{"@Name":"ParentProcessId","#text":"4856"},{"@Name":"ParentImage","#text":"C:\\Program Files (x86)\\Microsoft\\Edge\\Application\\msedge.exe"},{"@Name":"ParentCommandLine","#text":"\"C:\\Program Files (x86)\\Microsoft\\Edge\\Application\\msedge.exe\" --single-argument C:\\Users\\ADMIN_~1\\AppData\\Local\\Temp\\file\\data.006\\bin\\data_006_remote.html"},{"@Name":"ParentUser","#text":"SERVER002\\admin_test"}]}}}
{"Event":{"System":{"Provider":{"@Name":"Microsoft-Windows-Sysmon","@Guid":"5770385f-c22a-43e0-bf4c-06f5698ffbd9"},"EventID":"5","Version":"3","Level":"4","Task":"5","Opcode":"0","Keywords":"0x8000000000000000","TimeCreated":{"@SystemTime":"2024-10-21 12:17:49.3515135"},"EventRecordID":"17999","Correlation":null,"Execution":{"@ProcessID":"2924","@ThreadID":"2376"},"Channel":"Microsoft-Windows-Sysmon/Operational","Computer":"Server002","Security":{"@UserID":"S-1-5-18"}},"EventData":{"Data":[{"@Name":"RuleName","#text":"-"},{"@Name":"UtcTime","#text":"2024-10-21 12:17:49.350"},{"@Name":"ProcessGuid","#text":"dbf410b3-466c-6716-dc00-000000003900"},{"@Name":"ProcessId","#text":"6028"},{"@Name":"Image","#text":"C:\\Program Files (x86)\\Microsoft\\Edge\\Application\\msedge.exe"},{"@Name":"User","#text":"SERVER002\\admin_test"}]}}}
{"Event":{"System":{"Provider":{"@Name":"Microsoft-Windows-Sysmon","@Guid":"5770385f-c22a-43e0-bf4c-06f5698ffbd9"},"EventID":"1","Version":"5","Level":"4","Task":"1","Opcode":"0","Keywords":"0x8000000000000000","TimeCreated":{"@SystemTime":"2024-10-21 12:17:49.3639787"},"EventRecordID":"18000","Correlation":null,"Execution":{"@ProcessID":"2924","@ThreadID":"2376"},"Channel":"Microsoft-Windows-Sysmon/Operational","Computer":"Server002","Security":{"@UserID":"S-1-5-18"}},"EventData":{"Data":[{"@Name":"RuleName","#text":"-"},{"@Name":"UtcTime","#text":"2024-10-21 12:17:49.355"},{"@Name":"ProcessGuid","#text":"dbf410b3-466d-6716-de00-000000003900"},{"@Name":"ProcessId","#text":"1796"},{"@Name":"Image","#text":"C:\\Program Files (x86)\\Microsoft\\Edge\\Application\\msedge.exe"},{"@Name":"FileVersion","#text":"129.0.2792.89"},{"@Name":"Description","#text":"Microsoft Edge"},{"@Name":"Product","#text":"Microsoft Edge"},{"@Name":"Company","#text":"Microsoft Corporation"},{"@Name":"OriginalFileName","#text":"msedge.exe"},{"@Name":"CommandLine","#text":"\"C:\\Program Files (x86)\\Microsoft\\Edge\\Application\\msedge.exe\" --type=utility --utility-sub-type=data_decoder.mojom.DataDecoderService --lang=en-GB --service-sandbox-type=service --string-annotations=is-enterprise-managed=no --field-trial-handle=5704,i,7152511113697268665,5800335004466524530,262144 --variations-seed-version --mojo-platform-channel-handle=6208 /prefetch:8"},{"@Name":"CurrentDirectory","#text":"C:\\Program Files (x86)\\Microsoft\\Edge\\Application\\129.0.2792.89\\"},{"@Name":"User","#text":"SERVER002\\admin_test"},{"@Name":"LogonGuid","#text":"dbf410b3-464c-6716-7b81-080000000000"},{"@Name":"LogonId","#text":"0x8817B"},{"@Name":"TerminalSessionId","#text":"0"},{"@Name":"IntegrityLevel","#text":"Low"},{"@Name":"Hashes","#text":"SHA256=FD300307D340216E8F8CE0EA52BF5E97121A39CA165F8133072B5D06319CD661"},{"@Name":"ParentProcessGuid","#text":"dbf410b3-4657-6716-ca00-000000003900"},{"@Name":"ParentProcessId","#text":"4856"},{"@Name":"ParentImage","#text":"C:\\Program Files (x86)\\Microsoft\\Edge\\Application\\msedge.exe"},{"@Name":"ParentCommandLine","#text":"\"C:\\Program Files (x86)\\Microsoft\\Edge\\Application\\msedge.exe\" --single-argument C:\\Users\\ADMIN_~1\\AppData\\Local\\Temp\\file\\data.006\\bin\\data_006_remote.html"},{"@Name":"ParentUser","#text":"SERVER002\\admin_test"}]}}}
{"Event":{"System":{"Provider":{"@Name":"Microsoft-Windows-Sysmon","@Guid":"5770385f-c22a-43e0-bf4c-06f5698ffbd9"},"EventID":"5","Version":"3","Level":"4","Task":"5","Opcode":"0","Keywords":"0x8000000000000000","TimeCreated":{"@SystemTime":"2024-10-21 12:17:49.5165396"},"EventRecordID":"18001","Correlation":null,"Execution":{"@ProcessID":"2924","@ThreadID":"2376"},"Channel":"Microsoft-Windows-Sysmon/Operational","Computer":"Server002","Security":{"@UserID":"S-1-5-18"}},"EventData":{"Data":[{"@Name":"RuleName","#text":"-"},{"@Name":"UtcTime","#text":"2024-10-21 12:17:49.514"},{"@Name":"ProcessGuid","#text":"dbf410b3-466d-6716-dd00-000000003900"},{"@Name":"ProcessId","#text":"3424"},{"@Name":"Image","#text":"C:\\Program Files (x86)\\Microsoft\\Edge\\Application\\msedge.exe"},{"@Name":"User","#text":"SERVER002\\admin_test"}]}}}
{"Event":{"System":{"Provider":{"@Name":"Microsoft-Windows-Sysmon","@Guid":"5770385f-c22a-43e0-bf4c-06f5698ffbd9"},"EventID":"5","Version":"3","Level":"4","Task":"5","Opcode":"0","Keywords":"0x8000000000000000","TimeCreated":{"@SystemTime":"2024-10-21 12:17:49.5187028"},"EventRecordID":"18002","Correlation":null,"Execution":{"@ProcessID":"2924","@ThreadID":"2376"},"Channel":"Microsoft-Windows-Sysmon/Operational","Computer":"Server002","Security":{"@UserID":"S-1-5-18"}},"EventData":{"Data":[{"@Name":"RuleName","#text":"-"},{"@Name":"UtcTime","#text":"2024-10-21 12:17:49.517"},{"@Name":"ProcessGuid","#text":"dbf410b3-466d-6716-de00-000000003900"},{"@Name":"ProcessId","#text":"1796"},{"@Name":"Image","#text":"C:\\Program Files (x86)\\Microsoft\\Edge\\Application\\msedge.exe"},{"@Name":"User","#text":"SERVER002\\admin_test"}]}}}
{"Event":{"System":{"Provider":{"@Name":"Microsoft-Windows-Sysmon","@Guid":"5770385f-c22a-43e0-bf4c-06f5698ffbd9"},"EventID":"1","Version":"5","Level":"4","Task":"1","Opcode":"0","Keywords":"0x8000000000000000","TimeCreated":{"@SystemTime":"2024-10-21 12:17:53.9338821"},"EventRecordID":"18003","Correlation":null,"Execution":{"@ProcessID":"2924","@ThreadID":"2376"},"Channel":"Microsoft-Windows-Sysmon/Operational","Computer":"Server002","Security":{"@UserID":"S-1-5-18"}},"EventData":{"Data":[{"@Name":"RuleName","#text":"-"},{"@Name":"UtcTime","#text":"2024-10-21 12:17:53.603"},{"@Name":"ProcessGuid","#text":"dbf410b3-4671-6716-df00-000000003900"},{"@Name":"ProcessId","#text":"3548"},{"@Name":"Image","#text":"C:\\Program Files (x86)\\Microsoft\\EdgeUpdate\\Install\\{2073F588-95F3-497D-986A-54AED40BF61A}\\MicrosoftEdge_X64_130.0.2849.46_129.0.2792.89.exe"},{"@Name":"FileVersion","#text":"130.0.2849.46"},{"@Name":"Description","#text":"Microsoft Edge Installer"},{"@Name":"Product","#text":"Microsoft Edge Installer"},{"@Name":"Company","#text":"Microsoft Corporation"},{"@Name":"OriginalFileName","#text":"mini_installer.exe"},{"@Name":"CommandLine","#text":"\"C:\\Program Files (x86)\\Microsoft\\EdgeUpdate\\Install\\{2073F588-95F3-497D-986A-54AED40BF61A}\\MicrosoftEdge_X64_130.0.2849.46_129.0.2792.89.exe\" --msedge --verbose-logging --do-not-launch-msedge --system-level --channel=stable"},{"@Name":"CurrentDirectory","#text":"C:\\Program Files (x86)\\Microsoft\\EdgeUpdate\\1.3.195.25\\"},{"@Name":"User","#text":"NT AUTHORITY\\SYSTEM"},{"@Name":"LogonGuid","#text":"dbf410b3-61fc-6716-e703-000000000000"},{"@Name":"LogonId","#text":"0x3E7"},{"@Name":"TerminalSessionId","#text":"0"},{"@Name":"IntegrityLevel","#text":"System"},{"@Name":"Hashes","#text":"SHA256=27DD0F70CBF37ADAD4FC717022B6D51F9E14478AFBC9CFFB5174356B253F2555"},{"@Name":"ParentProcessGuid","#text":"dbf410b3-464b-6716-9e00-000000003900"},{"@Name":"ParentProcessId","#text":"5400"},{"@Name":"ParentImage","#text":"C:\\Program Files (x86)\\Microsoft\\EdgeUpdate\\MicrosoftEdgeUpdate.exe"},{"@Name":"ParentCommandLine","#text":"\"C:\\Program Files (x86)\\Microsoft\\EdgeUpdate\\MicrosoftEdgeUpdate.exe\" /svc"},{"@Name":"ParentUser","#text":"NT AUTHORITY\\SYSTEM"}]}}}
{"Event":{"System":{"Provider":{"@Name":"Microsoft-Windows-Sysmon","@Guid":"5770385f-c22a-43e0-bf4c-06f5698ffbd9"},"EventID":"1","Version":"5","Level":"4","Task":"1","Opcode":"0","Keywords":"0x8000000000000000","TimeCreated":{"@SystemTime":"2024-10-21 12:17:55.0559151"},"EventRecordID":"18004","Correlation":null,"Execution":{"@ProcessID":"2924","@ThreadID":"2376"},"Channel":"Microsoft-Windows-Sysmon/Operational","Computer":"Server002","Security":{"@UserID":"S-1-5-18"}},"EventData":{"Data":[{"@Name":"RuleName","#text":"-"},{"@Name":"UtcTime","#text":"2024-10-21 12:17:54.873"},{"@Name":"ProcessGuid","#text":"dbf410b3-4672-6716-e000-000000003900"},{"@Name":"ProcessId","#text":"2876"},{"@Name":"Image","#text":"C:\\Program Files (x86)\\Microsoft\\EdgeUpdate\\Install\\{2073F588-95F3-497D-986A-54AED40BF61A}\\EDGEMITMP_27FD3.tmp\\setup.exe"},{"@Name":"FileVersion","#text":"130.0.2849.46"},{"@Name":"Description","#text":"Microsoft Edge Installer"},{"@Name":"Product","#text":"Microsoft Edge Installer"},{"@Name":"Company","#text":"Microsoft Corporation"},{"@Name":"OriginalFileName","#text":"setup.exe"},{"@Name":"CommandLine","#text":"\"C:\\Program Files (x86)\\Microsoft\\EdgeUpdate\\Install\\{2073F588-95F3-497D-986A-54AED40BF61A}\\EDGEMITMP_27FD3.tmp\\setup.exe\" --install-archive=\"C:\\Program Files (x86)\\Microsoft\\EdgeUpdate\\Install\\{2073F588-95F3-497D-986A-54AED40BF61A}\\MicrosoftEdge_X64_130.0.2849.46_129.0.2792.89.exe\" --previous-version=\"129.0.2792.89\" --msedge --verbose-logging --do-not-launch-msedge --system-level --channel=stable"},{"@Name":"CurrentDirectory","#text":"C:\\Program Files (x86)\\Microsoft\\EdgeUpdate\\1.3.195.25\\"},{"@Name":"User","#text":"NT AUTHORITY\\SYSTEM"},{"@Name":"LogonGuid","#text":"dbf410b3-61fc-6716-e703-000000000000"},{"@Name":"LogonId","#text":"0x3E7"},{"@Name":"TerminalSessionId","#text":"0"},{"@Name":"IntegrityLevel","#text":"System"},{"@Name":"Hashes","#text":"SHA256=EC095CA709A06E6EED6E0A34F25719B51DCAC330A9E9C7F65A53807FCD8D2085"},{"@Name":"ParentProcessGuid","#text":"dbf410b3-4671-6716-df00-000000003900"},{"@Name":"ParentProcessId","#text":"3548"},{"@Name":"ParentImage","#text":"C:\\Program Files (x86)\\Microsoft\\EdgeUpdate\\Install\\{2073F588-95F3-497D-986A-54AED40BF61A}\\MicrosoftEdge_X64_130.0.2849.46_129.0.2792.89.exe"},{"@Name":"ParentCommandLine","#text":"\"C:\\Program Files (x86)\\Microsoft\\EdgeUpdate\\Install\\{2073F588-95F3-497D-986A-54AED40BF61A}\\MicrosoftEdge_X64_130.0.2849.46_129.0.2792.89.exe\" --msedge --verbose-logging --do-not-launch-msedge --system-level --channel=stable"},{"@Name":"ParentUser","#text":"NT AUTHORITY\\SYSTEM"}]}}}
{"Event":{"System":{"Provider":{"@Name":"Microsoft-Windows-Sysmon","@Guid":"5770385f-c22a-43e0-bf4c-06f5698ffbd9"},"EventID":"1","Version":"5","Level":"4","Task":"1","Opcode":"0","Keywords":"0x8000000000000000","TimeCreated":{"@SystemTime":"2024-10-21 12:17:55.2704474"},"EventRecordID":"18005","Correlation":null,"Execution":{"@ProcessID":"2924","@ThreadID":"2376"},"Channel":"Microsoft-Windows-Sysmon/Operational","Computer":"Server002","Security":{"@UserID":"S-1-5-18"}},"EventData":{"Data":[{"@Name":"RuleName","#text":"-"},{"@Name":"UtcTime","#text":"2024-10-21 12:17:55.234"},{"@Name":"ProcessGuid","#text":"dbf410b3-4673-6716-e100-000000003900"},{"@Name":"ProcessId","#text":"5068"},{"@Name":"Image","#text":"C:\\Program Files (x86)\\Microsoft\\EdgeUpdate\\Install\\{2073F588-95F3-497D-986A-54AED40BF61A}\\EDGEMITMP_27FD3.tmp\\setup.exe"},{"@Name":"FileVersion","#text":"130.0.2849.46"},{"@Name":"Description","#text":"Microsoft Edge Installer"},{"@Name":"Product","#text":"Microsoft Edge Installer"},{"@Name":"Company","#text":"Microsoft Corporation"},{"@Name":"OriginalFileName","#text":"setup.exe"},{"@Name":"CommandLine","#text":"\"C:\\Program Files (x86)\\Microsoft\\EdgeUpdate\\Install\\{2073F588-95F3-497D-986A-54AED40BF61A}\\EDGEMITMP_27FD3.tmp\\setup.exe\" --type=crashpad-handler /prefetch:4 --monitor-self-annotation=ptype=crashpad-handler --database=C:\\Windows\\SystemTemp\\MsEdgeCrashpad --annotation=IsOfficialBuild=1 --annotation=channel= --annotation=chromium-version=130.0.6723.59 \"--annotation=exe=C:\\Program Files (x86)\\Microsoft\\EdgeUpdate\\Install\\{2073F588-95F3-497D-986A-54AED40BF61A}\\EDGEMITMP_27FD3.tmp\\setup.exe\" --annotation=plat=Win64 --annotation=prod=Edge --annotation=ver=130.0.2849.46 --initial-client-data=0x23c,0x240,0x244,0x218,0x248,0x7ff7f8421730,0x7ff7f842173c,0x7ff7f8421748"},{"@Name":"CurrentDirectory","#text":"C:\\Program Files (x86)\\Microsoft\\EdgeUpdate\\1.3.195.25\\"},{"@Name":"User","#text":"NT AUTHORITY\\SYSTEM"},{"@Name":"LogonGuid","#text":"dbf410b3-61fc-6716-e703-000000000000"},{"@Name":"LogonId","#text":"0x3E7"},{"@Name":"TerminalSessionId","#text":"0"},{"@Name":"IntegrityLevel","#text":"System"},{"@Name":"Hashes","#text":"SHA256=EC095CA709A06E6EED6E0A34F25719B51DCAC330A9E9C7F65A53807FCD8D2085"},{"@Name":"ParentProcessGuid","#text":"dbf410b3-4672-6716-e000-000000003900"},{"@Name":"ParentProcessId","#text":"2876"},{"@Name":"ParentImage","#text":"C:\\Program Files (x86)\\Microsoft\\EdgeUpdate\\Install\\{2073F588-95F3-497D-986A-54AED40BF61A}\\EDGEMITMP_27FD3.tmp\\setup.exe"},{"@Name":"ParentCommandLine","#text":"\"C:\\Program Files (x86)\\Microsoft\\EdgeUpdate\\Install\\{2073F588-95F3-497D-986A-54AED40BF61A}\\EDGEMITMP_27FD3.tmp\\setup.exe\" --install-archive=\"C:\\Program Files (x86)\\Microsoft\\EdgeUpdate\\Install\\{2073F588-95F3-497D-986A-54AED40BF61A}\\MicrosoftEdge_X64_130.0.2849.46_129.0.2792.89.exe\" --previous-version=\"129.0.2792.89\" --msedge --verbose-logging --do-not-launch-msedge --system-level --channel=stable"},{"@Name":"ParentUser","#text":"NT AUTHORITY\\SYSTEM"}]}}}
