{"Event":{"System":{"Provider":{"@Name":"Microsoft-Windows-Sysmon","@Guid":"5770385f-c22a-43e0-bf4c-06f5698ffbd9"},"EventID":"1","Version":"5","Level":"4","Task":"1","Opcode":"0","Keywords":"0x8000000000000000","TimeCreated":{"@SystemTime":"2024-10-23 14:16:06.6206932"},"EventRecordID":"17950","Correlation":null,"Execution":{"@ProcessID":"3044","@ThreadID":"3976"},"Channel":"Microsoft-Windows-Sysmon/Operational","Computer":"Server002","Security":{"@UserID":"S-1-5-18"}},"EventData":{"Data":[{"@Name":"RuleName","#text":"-"},{"@Name":"UtcTime","#text":"2024-10-23 14:16:06.616"},{"@Name":"ProcessGuid","#text":"dbf410b3-0526-6719-bd00-000000003900"},{"@Name":"ProcessId","#text":"2144"},{"@Name":"Image","#text":"C:\\Windows\\System32\\wevtutil.exe"},{"@Name":"FileVersion","#text":"10.0.19041.3636 (WinBuild.160101.0800)"},{"@Name":"Description","#text":"Eventing Command Line Utility"},{"@Name":"Product","#text":"Microsoft® Windows® Operating System"},{"@Name":"Company","#text":"Microsoft Corporation"},{"@Name":"OriginalFileName","#text":"wevtutil.exe"},{"@Name":"CommandLine","#text":"\"C:\\Windows\\system32\\wevtutil.exe\" cl Microsoft-Windows-Sysmon/Operational"},{"@Name":"CurrentDirectory","#text":"C:\\Users\\admin_test\\Documents\\"},{"@Name":"User","#text":"SERVER002\\admin_test"},{"@Name":"LogonGuid","#text":"dbf410b3-0517-6719-e18f-130000000000"},{"@Name":"LogonId","#text":"0x138FE1"},{"@Name":"TerminalSessionId","#text":"0"},{"@Name":"IntegrityLevel","#text":"High"},{"@Name":"Hashes","#text":"SHA256=5293A95BE8F320A3AF6D8C1D5E937F13D0EE2925B9B13538487DEC0181EF5432"},{"@Name":"ParentProcessGuid","#text":"dbf410b3-0517-6719-b800-000000003900"},{"@Name":"ParentProcessId","#text":"564"},{"@Name":"ParentImage","#text":"C:\\Windows\\System32\\wsmprovhost.exe"},{"@Name":"ParentCommandLine","#text":"C:\\Windows\\system32\\wsmprovhost.exe -Embedding"},{"@Name":"ParentUser","#text":"SERVER002\\admin_test"}]}}}
{"Event":{"System":{"Provider":{"@Name":"Microsoft-Windows-Sysmon","@Guid":"5770385f-c22a-43e0-bf4c-06f5698ffbd9"},"EventID":"1","Version":"5","Level":"4","Task":"1","Opcode":"0","Keywords":"0x8000000000000000","TimeCreated":{"@SystemTime":"2024-10-23 14:16:06.6915962"},"EventRecordID":"17951","Correlation":null,"Execution":{"@ProcessID":"3044","@ThreadID":"3976"},"Channel":"Microsoft-Windows-Sysmon/Operational","Computer":"Server002","Security":{"@UserID":"S-1-5-18"}},"EventData":{"Data":[{"@Name":"RuleName","#text":"-"},{"@Name":"UtcTime","#text":"2024-10-23 14:16:06.689"},{"@Name":"ProcessGuid","#text":"dbf410b3-0526-6719-be00-000000003900"},{"@Name":"ProcessId","#text":"2276"},{"@Name":"Image","#text":"C:\\Windows\\System32\\conhost.exe"},{"@Name":"FileVersion","#text":"10.0.19041.4355 (WinBuild.160101.0800)"},{"@Name":"Description","#text":"Console Window Host"},{"@Name":"Product","#text":"Microsoft® Windows® Operating System"},{"@Name":"Company","#text":"Microsoft Corporation"},{"@Name":"OriginalFileName","#text":"CONHOST.EXE"},{"@Name":"CommandLine","#text":"\\??\\C:\\Windows\\system32\\conhost.exe 0xffffffff -ForceV1"},{"@Name":"CurrentDirectory","#text":"C:\\Windows"},{"@Name":"User","#text":"SERVER002\\admin_test"},{"@Name":"LogonGuid","#text":"dbf410b3-0517-6719-e18f-130000000000"},{"@Name":"LogonId","#text":"0x138FE1"},{"@Name":"TerminalSessionId","#text":"0"},{"@Name":"IntegrityLevel","#text":"High"},{"@Name":"Hashes","#text":"SHA256=CC0A60CD15FA21E54615E46CD0F10CFBE86F496DC64D14B31D9F3B415D120EE1"},{"@Name":"ParentProcessGuid","#text":"dbf410b3-0526-6719-bd00-000000003900"},{"@Name":"ParentProcessId","#text":"2144"},{"@Name":"ParentImage","#text":"C:\\Windows\\System32\\wevtutil.exe"},{"@Name":"ParentCommandLine","#text":"\"C:\\Windows\\system32\\wevtutil.exe\" cl Microsoft-Windows-Sysmon/Operational"},{"@Name":"ParentUser","#text":"SERVER002\\admin_test"}]}}}
{"Event":{"System":{"Provider":{"@Name":"Microsoft-Windows-Sysmon","@Guid":"5770385f-c22a-43e0-bf4c-06f5698ffbd9"},"EventID":"5","Version":"3","Level":"4","Task":"5","Opcode":"0","Keywords":"0x8000000000000000","TimeCreated":{"@SystemTime":"2024-10-23 14:16:06.7875740"},"EventRecordID":"17952","Correlation":null,"Execution":{"@ProcessID":"3044","@ThreadID":"3976"},"Channel":"Microsoft-Windows-Sysmon/Operational","Computer":"Server002","Security":{"@UserID":"S-1-5-18"}},"EventData":{"Data":[{"@Name":"RuleName","#text":"-"},{"@Name":"UtcTime","#text":"2024-10-23 14:16:06.782"},{"@Name":"ProcessGuid","#text":"dbf410b3-0526-6719-bd00-000000003900"},{"@Name":"ProcessId","#text":"2144"},{"@Name":"Image","#text":"C:\\Windows\\System32\\wevtutil.exe"},{"@Name":"User","#text":"SERVER002\\admin_test"}]}}}
{"Event":{"System":{"Provider":{"@Name":"Microsoft-Windows-Sysmon","@Guid":"5770385f-c22a-43e0-bf4c-06f5698ffbd9"},"EventID":"5","Version":"3","Level":"4","Task":"5","Opcode":"0","Keywords":"0x8000000000000000","TimeCreated":{"@SystemTime":"2024-10-23 14:16:06.7909458"},"EventRecordID":"17953","Correlation":null,"Execution":{"@ProcessID":"3044","@ThreadID":"3976"},"Channel":"Microsoft-Windows-Sysmon/Operational","Computer":"Server002","Security":{"@UserID":"S-1-5-18"}},"EventData":{"Data":[{"@Name":"RuleName","#text":"-"},{"@Name":"UtcTime","#text":"2024-10-23 14:16:06.782"},{"@Name":"ProcessGuid","#text":"dbf410b3-0526-6719-be00-000000003900"},{"@Name":"ProcessId","#text":"2276"},{"@Name":"Image","#text":"C:\\Windows\\System32\\conhost.exe"},{"@Name":"User","#text":"SERVER002\\admin_test"}]}}}
{"Event":{"System":{"Provider":{"@Name":"Microsoft-Windows-Sysmon","@Guid":"5770385f-c22a-43e0-bf4c-06f5698ffbd9"},"EventID":"1","Version":"5","Level":"4","Task":"1","Opcode":"0","Keywords":"0x8000000000000000","TimeCreated":{"@SystemTime":"2024-10-23 14:16:06.7974794"},"EventRecordID":"17954","Correlation":null,"Execution":{"@ProcessID":"3044","@ThreadID":"3976"},"Channel":"Microsoft-Windows-Sysmon/Operational","Computer":"Server002","Security":{"@UserID":"S-1-5-18"}},"EventData":{"Data":[{"@Name":"RuleName","#text":"-"},{"@Name":"UtcTime","#text":"2024-10-23 14:16:06.793"},{"@Name":"ProcessGuid","#text":"dbf410b3-0526-6719-bf00-000000003900"},{"@Name":"ProcessId","#text":"6988"},{"@Name":"Image","#text":"C:\\Windows\\System32\\wevtutil.exe"},{"@Name":"FileVersion","#text":"10.0.19041.3636 (WinBuild.160101.0800)"},{"@Name":"Description","#text":"Eventing Command Line Utility"},{"@Name":"Product","#text":"Microsoft® Windows® Operating System"},{"@Name":"Company","#text":"Microsoft Corporation"},{"@Name":"OriginalFileName","#text":"wevtutil.exe"},{"@Name":"CommandLine","#text":"\"C:\\Windows\\system32\\wevtutil.exe\" cl Application"},{"@Name":"CurrentDirectory","#text":"C:\\Users\\admin_test\\Documents\\"},{"@Name":"User","#text":"SERVER002\\admin_test"},{"@Name":"LogonGuid","#text":"dbf410b3-0517-6719-e18f-130000000000"},{"@Name":"LogonId","#text":"0x138FE1"},{"@Name":"TerminalSessionId","#text":"0"},{"@Name":"IntegrityLevel","#text":"High"},{"@Name":"Hashes","#text":"SHA256=5293A95BE8F320A3AF6D8C1D5E937F13D0EE2925B9B13538487DEC0181EF5432"},{"@Name":"ParentProcessGuid","#text":"dbf410b3-0517-6719-b800-000000003900"},{"@Name":"ParentProcessId","#text":"564"},{"@Name":"ParentImage","#text":"C:\\Windows\\System32\\wsmprovhost.exe"},{"@Name":"ParentCommandLine","#text":"C:\\Windows\\system32\\wsmprovhost.exe -Embedding"},{"@Name":"ParentUser","#text":"SERVER002\\admin_test"}]}}}
{"Event":{"System":{"Provider":{"@Name":"Microsoft-Windows-Sysmon","@Guid":"5770385f-c22a-43e0-bf4c-06f5698ffbd9"},"EventID":"1","Version":"5","Level":"4","Task":"1","Opcode":"0","Keywords":"0x8000000000000000","TimeCreated":{"@SystemTime":"2024-10-23 14:16:06.8041058"},"EventRecordID":"17955","Correlation":null,"Execution":{"@ProcessID":"3044","@ThreadID":"3976"},"Channel":"Microsoft-Windows-Sysmon/Operational","Computer":"Server002","Security":{"@UserID":"S-1-5-18"}},"EventData":{"Data":[{"@Name":"RuleName","#text":"-"},{"@Name":"UtcTime","#text":"2024-10-23 14:16:06.800"},{"@Name":"ProcessGuid","#text":"dbf410b3-0526-6719-c000-000000003900"},{"@Name":"ProcessId","#text":"6916"},{"@Name":"Image","#text":"C:\\Windows\\System32\\conhost.exe"},{"@Name":"FileVersion","#text":"10.0.19041.4355 (WinBuild.160101.0800)"},{"@Name":"Description","#text":"Console Window Host"},{"@Name":"Product","#text":"Microsoft® Windows® Operating System"},{"@Name":"Company","#text":"Microsoft Corporation"},{"@Name":"OriginalFileName","#text":"CONHOST.EXE"},{"@Name":"CommandLine","#text":"\\??\\C:\\Windows\\system32\\conhost.exe 0xffffffff -ForceV1"},{"@Name":"CurrentDirectory","#text":"C:\\Windows"},{"@Name":"User","#text":"SERVER002\\admin_test"},{"@Name":"LogonGuid","#text":"dbf410b3-0517-6719-e18f-130000000000"},{"@Name":"LogonId","#text":"0x138FE1"},{"@Name":"TerminalSessionId","#text":"0"},{"@Name":"IntegrityLevel","#text":"High"},{"@Name":"Hashes","#text":"SHA256=CC0A60CD15FA21E54615E46CD0F10CFBE86F496DC64D14B31D9F3B415D120EE1"},{"@Name":"ParentProcessGuid","#text":"dbf410b3-0526-6719-bf00-000000003900"},{"@Name":"ParentProcessId","#text":"6988"},{"@Name":"ParentImage","#text":"C:\\Windows\\System32\\wevtutil.exe"},{"@Name":"ParentCommandLine","#text":"\"C:\\Windows\\system32\\wevtutil.exe\" cl Application"},{"@Name":"ParentUser","#text":"SERVER002\\admin_test"}]}}}
{"Event":{"System":{"Provider":{"@Name":"Microsoft-Windows-Sysmon","@Guid":"5770385f-c22a-43e0-bf4c-06f5698ffbd9"},"EventID":"5","Version":"3","Level":"4","Task":"5","Opcode":"0","Keywords":"0x8000000000000000","TimeCreated":{"@SystemTime":"2024-10-23 14:16:06.8661441"},"EventRecordID":"17956","Correlation":null,"Execution":{"@ProcessID":"3044","@ThreadID":"3976"},"Channel":"Microsoft-Windows-Sysmon/Operational","Computer":"Server002","Security":{"@UserID":"S-1-5-18"}},"EventData":{"Data":[{"@Name":"RuleName","#text":"-"},{"@Name":"UtcTime","#text":"2024-10-23 14:16:06.860"},{"@Name":"ProcessGuid","#text":"dbf410b3-0526-6719-bf00-000000003900"},{"@Name":"ProcessId","#text":"6988"},{"@Name":"Image","#text":"C:\\Windows\\System32\\wevtutil.exe"},{"@Name":"User","#text":"SERVER002\\admin_test"}]}}}
{"Event":{"System":{"Provider":{"@Name":"Microsoft-Windows-Sysmon","@Guid":"5770385f-c22a-43e0-bf4c-06f5698ffbd9"},"EventID":"5","Version":"3","Level":"4","Task":"5","Opcode":"0","Keywords":"0x8000000000000000","TimeCreated":{"@SystemTime":"2024-10-23 14:16:06.8693443"},"EventRecordID":"17957","Correlation":null,"Execution":{"@ProcessID":"3044","@ThreadID":"3976"},"Channel":"Microsoft-Windows-Sysmon/Operational","Computer":"Server002","Security":{"@UserID":"S-1-5-18"}},"EventData":{"Data":[{"@Name":"RuleName","#text":"-"},{"@Name":"UtcTime","#text":"2024-10-23 14:16:06.860"},{"@Name":"ProcessGuid","#text":"dbf410b3-0526-6719-c000-000000003900"},{"@Name":"ProcessId","#text":"6916"},{"@Name":"Image","#text":"C:\\Windows\\System32\\conhost.exe"},{"@Name":"User","#text":"SERVER002\\admin_test"}]}}}
{"Event":{"System":{"Provider":{"@Name":"Microsoft-Windows-Sysmon","@Guid":"5770385f-c22a-43e0-bf4c-06f5698ffbd9"},"EventID":"1","Version":"5","Level":"4","Task":"1","Opcode":"0","Keywords":"0x8000000000000000","TimeCreated":{"@SystemTime":"2024-10-23 14:16:06.8839167"},"EventRecordID":"17958","Correlation":null,"Execution":{"@ProcessID":"3044","@ThreadID":"3976"},"Channel":"Microsoft-Windows-Sysmon/Operational","Computer":"Server002","Security":{"@UserID":"S-1-5-18"}},"EventData":{"Data":[{"@Name":"RuleName","#text":"-"},{"@Name":"UtcTime","#text":"2024-10-23 14:16:06.870"},{"@Name":"ProcessGuid","#text":"dbf410b3-0526-6719-c100-000000003900"},{"@Name":"ProcessId","#text":"2872"},{"@Name":"Image","#text":"C:\\Windows\\System32\\wevtutil.exe"},{"@Name":"FileVersion","#text":"10.0.19041.3636 (WinBuild.160101.0800)"},{"@Name":"Description","#text":"Eventing Command Line Utility"},{"@Name":"Product","#text":"Microsoft® Windows® Operating System"},{"@Name":"Company","#text":"Microsoft Corporation"},{"@Name":"OriginalFileName","#text":"wevtutil.exe"},{"@Name":"CommandLine","#text":"\"C:\\Windows\\system32\\wevtutil.exe\" cl System"},{"@Name":"CurrentDirectory","#text":"C:\\Users\\admin_test\\Documents\\"},{"@Name":"User","#text":"SERVER002\\admin_test"},{"@Name":"LogonGuid","#text":"dbf410b3-0517-6719-e18f-130000000000"},{"@Name":"LogonId","#text":"0x138FE1"},{"@Name":"TerminalSessionId","#text":"0"},{"@Name":"IntegrityLevel","#text":"High"},{"@Name":"Hashes","#text":"SHA256=5293A95BE8F320A3AF6D8C1D5E937F13D0EE2925B9B13538487DEC0181EF5432"},{"@Name":"ParentProcessGuid","#text":"dbf410b3-0517-6719-b800-000000003900"},{"@Name":"ParentProcessId","#text":"564"},{"@Name":"ParentImage","#text":"C:\\Windows\\System32\\wsmprovhost.exe"},{"@Name":"ParentCommandLine","#text":"C:\\Windows\\system32\\wsmprovhost.exe -Embedding"},{"@Name":"ParentUser","#text":"SERVER002\\admin_test"}]}}}
{"Event":{"System":{"Provider":{"@Name":"Microsoft-Windows-Sysmon","@Guid":"5770385f-c22a-43e0-bf4c-06f5698ffbd9"},"EventID":"1","Version":"5","Level":"4","Task":"1","Opcode":"0","Keywords":"0x8000000000000000","TimeCreated":{"@SystemTime":"2024-10-23 14:16:06.8925996"},"EventRecordID":"17959","Correlation":null,"Execution":{"@ProcessID":"3044","@ThreadID":"3976"},"Channel":"Microsoft-Windows-Sysmon/Operational","Computer":"Server002","Security":{"@UserID":"S-1-5-18"}},"EventData":{"Data":[{"@Name":"RuleName","#text":"-"},{"@Name":"UtcTime","#text":"2024-10-23 14:16:06.886"},{"@Name":"ProcessGuid","#text":"dbf410b3-0526-6719-c200-000000003900"},{"@Name":"ProcessId","#text":"2920"},{"@Name":"Image","#text":"C:\\Windows\\System32\\conhost.exe"},{"@Name":"FileVersion","#text":"10.0.19041.4355 (WinBuild.160101.0800)"},{"@Name":"Description","#text":"Console Window Host"},{"@Name":"Product","#text":"Microsoft® Windows® Operating System"},{"@Name":"Company","#text":"Microsoft Corporation"},{"@Name":"OriginalFileName","#text":"CONHOST.EXE"},{"@Name":"CommandLine","#text":"\\??\\C:\\Windows\\system32\\conhost.exe 0xffffffff -ForceV1"},{"@Name":"CurrentDirectory","#text":"C:\\Windows"},{"@Name":"User","#text":"SERVER002\\admin_test"},{"@Name":"LogonGuid","#text":"dbf410b3-0517-6719-e18f-130000000000"},{"@Name":"LogonId","#text":"0x138FE1"},{"@Name":"TerminalSessionId","#text":"0"},{"@Name":"IntegrityLevel","#text":"High"},{"@Name":"Hashes","#text":"SHA256=CC0A60CD15FA21E54615E46CD0F10CFBE86F496DC64D14B31D9F3B415D120EE1"},{"@Name":"ParentProcessGuid","#text":"dbf410b3-0526-6719-c100-000000003900"},{"@Name":"ParentProcessId","#text":"2872"},{"@Name":"ParentImage","#text":"C:\\Windows\\System32\\wevtutil.exe"},{"@Name":"ParentCommandLine","#text":"\"C:\\Windows\\system32\\wevtutil.exe\" cl System"},{"@Name":"ParentUser","#text":"SERVER002\\admin_test"}]}}}
{"Event":{"System":{"Provider":{"@Name":"Microsoft-Windows-Sysmon","@Guid":"5770385f-c22a-43e0-bf4c-06f5698ffbd9"},"EventID":"5","Version":"3","Level":"4","Task":"5","Opcode":"0","Keywords":"0x8000000000000000","TimeCreated":{"@SystemTime":"2024-10-23 14:16:06.9881616"},"EventRecordID":"17960","Correlation":null,"Execution":{"@ProcessID":"3044","@ThreadID":"3976"},"Channel":"Microsoft-Windows-Sysmon/Operational","Computer":"Server002","Security":{"@UserID":"S-1-5-18"}},"EventData":{"Data":[{"@Name":"RuleName","#text":"-"},{"@Name":"UtcTime","#text":"2024-10-23 14:16:06.985"},{"@Name":"ProcessGuid","#text":"dbf410b3-0526-6719-c100-000000003900"},{"@Name":"ProcessId","#text":"2872"},{"@Name":"Image","#text":"C:\\Windows\\System32\\wevtutil.exe"},{"@Name":"User","#text":"SERVER002\\admin_test"}]}}}
{"Event":{"System":{"Provider":{"@Name":"Microsoft-Windows-Sysmon","@Guid":"5770385f-c22a-43e0-bf4c-06f5698ffbd9"},"EventID":"5","Version":"3","Level":"4","Task":"5","Opcode":"0","Keywords":"0x8000000000000000","TimeCreated":{"@SystemTime":"2024-10-23 14:16:06.9908813"},"EventRecordID":"17961","Correlation":null,"Execution":{"@ProcessID":"3044","@ThreadID":"3976"},"Channel":"Microsoft-Windows-Sysmon/Operational","Computer":"Server002","Security":{"@UserID":"S-1-5-18"}},"EventData":{"Data":[{"@Name":"RuleName","#text":"-"},{"@Name":"UtcTime","#text":"2024-10-23 14:16:06.985"},{"@Name":"ProcessGuid","#text":"dbf410b3-0526-6719-c200-000000003900"},{"@Name":"ProcessId","#text":"2920"},{"@Name":"Image","#text":"C:\\Windows\\System32\\conhost.exe"},{"@Name":"User","#text":"SERVER002\\admin_test"}]}}}
{"Event":{"System":{"Provider":{"@Name":"Microsoft-Windows-Sysmon","@Guid":"5770385f-c22a-43e0-bf4c-06f5698ffbd9"},"EventID":"1","Version":"5","Level":"4","Task":"1","Opcode":"0","Keywords":"0x8000000000000000","TimeCreated":{"@SystemTime":"2024-10-23 14:16:06.9985190"},"EventRecordID":"17962","Correlation":null,"Execution":{"@ProcessID":"3044","@ThreadID":"3976"},"Channel":"Microsoft-Windows-Sysmon/Operational","Computer":"Server002","Security":{"@UserID":"S-1-5-18"}},"EventData":{"Data":[{"@Name":"RuleName","#text":"-"},{"@Name":"UtcTime","#text":"2024-10-23 14:16:06.994"},{"@Name":"ProcessGuid","#text":"dbf410b3-0526-6719-c300-000000003900"},{"@Name":"ProcessId","#text":"7004"},{"@Name":"Image","#text":"C:\\Windows\\System32\\wevtutil.exe"},{"@Name":"FileVersion","#text":"10.0.19041.3636 (WinBuild.160101.0800)"},{"@Name":"Description","#text":"Eventing Command Line Utility"},{"@Name":"Product","#text":"Microsoft® Windows® Operating System"},{"@Name":"Company","#text":"Microsoft Corporation"},{"@Name":"OriginalFileName","#text":"wevtutil.exe"},{"@Name":"CommandLine","#text":"\"C:\\Windows\\system32\\wevtutil.exe\" cl Security"},{"@Name":"CurrentDirectory","#text":"C:\\Users\\admin_test\\Documents\\"},{"@Name":"User","#text":"SERVER002\\admin_test"},{"@Name":"LogonGuid","#text":"dbf410b3-0517-6719-e18f-130000000000"},{"@Name":"LogonId","#text":"0x138FE1"},{"@Name":"TerminalSessionId","#text":"0"},{"@Name":"IntegrityLevel","#text":"High"},{"@Name":"Hashes","#text":"SHA256=5293A95BE8F320A3AF6D8C1D5E937F13D0EE2925B9B13538487DEC0181EF5432"},{"@Name":"ParentProcessGuid","#text":"dbf410b3-0517-6719-b800-000000003900"},{"@Name":"ParentProcessId","#text":"564"},{"@Name":"ParentImage","#text":"C:\\Windows\\System32\\wsmprovhost.exe"},{"@Name":"ParentCommandLine","#text":"C:\\Windows\\system32\\wsmprovhost.exe -Embedding"},{"@Name":"ParentUser","#text":"SERVER002\\admin_test"}]}}}
{"Event":{"System":{"Provider":{"@Name":"Microsoft-Windows-Sysmon","@Guid":"5770385f-c22a-43e0-bf4c-06f5698ffbd9"},"EventID":"1","Version":"5","Level":"4","Task":"1","Opcode":"0","Keywords":"0x8000000000000000","TimeCreated":{"@SystemTime":"2024-10-23 14:16:07.0051012"},"EventRecordID":"17963","Correlation":null,"Execution":{"@ProcessID":"3044","@ThreadID":"3976"},"Channel":"Microsoft-Windows-Sysmon/Operational","Computer":"Server002","Security":{"@UserID":"S-1-5-18"}},"EventData":{"Data":[{"@Name":"RuleName","#text":"-"},{"@Name":"UtcTime","#text":"2024-10-23 14:16:07.001"},{"@Name":"ProcessGuid","#text":"dbf410b3-0527-6719-c400-000000003900"},{"@Name":"ProcessId","#text":"7012"},{"@Name":"Image","#text":"C:\\Windows\\System32\\conhost.exe"},{"@Name":"FileVersion","#text":"10.0.19041.4355 (WinBuild.160101.0800)"},{"@Name":"Description","#text":"Console Window Host"},{"@Name":"Product","#text":"Microsoft® Windows® Operating System"},{"@Name":"Company","#text":"Microsoft Corporation"},{"@Name":"OriginalFileName","#text":"CONHOST.EXE"},{"@Name":"CommandLine","#text":"\\??\\C:\\Windows\\system32\\conhost.exe 0xffffffff -ForceV1"},{"@Name":"CurrentDirectory","#text":"C:\\Windows"},{"@Name":"User","#text":"SERVER002\\admin_test"},{"@Name":"LogonGuid","#text":"dbf410b3-0517-6719-e18f-130000000000"},{"@Name":"LogonId","#text":"0x138FE1"},{"@Name":"TerminalSessionId","#text":"0"},{"@Name":"IntegrityLevel","#text":"High"},{"@Name":"Hashes","#text":"SHA256=CC0A60CD15FA21E54615E46CD0F10CFBE86F496DC64D14B31D9F3B415D120EE1"},{"@Name":"ParentProcessGuid","#text":"dbf410b3-0526-6719-c300-000000003900"},{"@Name":"ParentProcessId","#text":"7004"},{"@Name":"ParentImage","#text":"C:\\Windows\\System32\\wevtutil.exe"},{"@Name":"ParentCommandLine","#text":"\"C:\\Windows\\system32\\wevtutil.exe\" cl Security"},{"@Name":"ParentUser","#text":"SERVER002\\admin_test"}]}}}
{"Event":{"System":{"Provider":{"@Name":"Microsoft-Windows-Sysmon","@Guid":"5770385f-c22a-43e0-bf4c-06f5698ffbd9"},"EventID":"5","Version":"3","Level":"4","Task":"5","Opcode":"0","Keywords":"0x8000000000000000","TimeCreated":{"@SystemTime":"2024-10-23 14:16:07.0592124"},"EventRecordID":"17964","Correlation":null,"Execution":{"@ProcessID":"3044","@ThreadID":"3976"},"Channel":"Microsoft-Windows-Sysmon/Operational","Computer":"Server002","Security":{"@UserID":"S-1-5-18"}},"EventData":{"Data":[{"@Name":"RuleName","#text":"-"},{"@Name":"UtcTime","#text":"2024-10-23 14:16:07.048"},{"@Name":"ProcessGuid","#text":"dbf410b3-0526-6719-c300-000000003900"},{"@Name":"ProcessId","#text":"7004"},{"@Name":"Image","#text":"C:\\Windows\\System32\\wevtutil.exe"},{"@Name":"User","#text":"SERVER002\\admin_test"}]}}}
{"Event":{"System":{"Provider":{"@Name":"Microsoft-Windows-Sysmon","@Guid":"5770385f-c22a-43e0-bf4c-06f5698ffbd9"},"EventID":"5","Version":"3","Level":"4","Task":"5","Opcode":"0","Keywords":"0x8000000000000000","TimeCreated":{"@SystemTime":"2024-10-23 14:16:07.0623405"},"EventRecordID":"17965","Correlation":null,"Execution":{"@ProcessID":"3044","@ThreadID":"3976"},"Channel":"Microsoft-Windows-Sysmon/Operational","Computer":"Server002","Security":{"@UserID":"S-1-5-18"}},"EventData":{"Data":[{"@Name":"RuleName","#text":"-"},{"@Name":"UtcTime","#text":"2024-10-23 14:16:07.048"},{"@Name":"ProcessGuid","#text":"dbf410b3-0527-6719-c400-000000003900"},{"@Name":"ProcessId","#text":"7012"},{"@Name":"Image","#text":"C:\\Windows\\System32\\conhost.exe"},{"@Name":"User","#text":"SERVER002\\admin_test"}]}}}
{"Event":{"System":{"Provider":{"@Name":"Microsoft-Windows-Sysmon","@Guid":"5770385f-c22a-43e0-bf4c-06f5698ffbd9"},"EventID":"1","Version":"5","Level":"4","Task":"1","Opcode":"0","Keywords":"0x8000000000000000","TimeCreated":{"@SystemTime":"2024-10-23 14:16:07.0691465"},"EventRecordID":"17966","Correlation":null,"Execution":{"@ProcessID":"3044","@ThreadID":"3976"},"Channel":"Microsoft-Windows-Sysmon/Operational","Computer":"Server002","Security":{"@UserID":"S-1-5-18"}},"EventData":{"Data":[{"@Name":"RuleName","#text":"-"},{"@Name":"UtcTime","#text":"2024-10-23 14:16:07.064"},{"@Name":"ProcessGuid","#text":"dbf410b3-0527-6719-c500-000000003900"},{"@Name":"ProcessId","#text":"3236"},{"@Name":"Image","#text":"C:\\Windows\\System32\\wevtutil.exe"},{"@Name":"FileVersion","#text":"10.0.19041.3636 (WinBuild.160101.0800)"},{"@Name":"Description","#text":"Eventing Command Line Utility"},{"@Name":"Product","#text":"Microsoft® Windows® Operating System"},{"@Name":"Company","#text":"Microsoft Corporation"},{"@Name":"OriginalFileName","#text":"wevtutil.exe"},{"@Name":"CommandLine","#text":"\"C:\\Windows\\system32\\wevtutil.exe\" cl \"Windows PowerShell\""},{"@Name":"CurrentDirectory","#text":"C:\\Users\\admin_test\\Documents\\"},{"@Name":"User","#text":"SERVER002\\admin_test"},{"@Name":"LogonGuid","#text":"dbf410b3-0517-6719-e18f-130000000000"},{"@Name":"LogonId","#text":"0x138FE1"},{"@Name":"TerminalSessionId","#text":"0"},{"@Name":"IntegrityLevel","#text":"High"},{"@Name":"Hashes","#text":"SHA256=5293A95BE8F320A3AF6D8C1D5E937F13D0EE2925B9B13538487DEC0181EF5432"},{"@Name":"ParentProcessGuid","#text":"dbf410b3-0517-6719-b800-000000003900"},{"@Name":"ParentProcessId","#text":"564"},{"@Name":"ParentImage","#text":"C:\\Windows\\System32\\wsmprovhost.exe"},{"@Name":"ParentCommandLine","#text":"C:\\Windows\\system32\\wsmprovhost.exe -Embedding"},{"@Name":"ParentUser","#text":"SERVER002\\admin_test"}]}}}
{"Event":{"System":{"Provider":{"@Name":"Microsoft-Windows-Sysmon","@Guid":"5770385f-c22a-43e0-bf4c-06f5698ffbd9"},"EventID":"1","Version":"5","Level":"4","Task":"1","Opcode":"0","Keywords":"0x8000000000000000","TimeCreated":{"@SystemTime":"2024-10-23 14:16:07.0733733"},"EventRecordID":"17967","Correlation":null,"Execution":{"@ProcessID":"3044","@ThreadID":"3976"},"Channel":"Microsoft-Windows-Sysmon/Operational","Computer":"Server002","Security":{"@UserID":"S-1-5-18"}},"EventData":{"Data":[{"@Name":"RuleName","#text":"-"},{"@Name":"UtcTime","#text":"2024-10-23 14:16:07.069"},{"@Name":"ProcessGuid","#text":"dbf410b3-0527-6719-c600-000000003900"},{"@Name":"ProcessId","#text":"6688"},{"@Name":"Image","#text":"C:\\Windows\\System32\\conhost.exe"},{"@Name":"FileVersion","#text":"10.0.19041.4355 (WinBuild.160101.0800)"},{"@Name":"Description","#text":"Console Window Host"},{"@Name":"Product","#text":"Microsoft® Windows® Operating System"},{"@Name":"Company","#text":"Microsoft Corporation"},{"@Name":"OriginalFileName","#text":"CONHOST.EXE"},{"@Name":"CommandLine","#text":"\\??\\C:\\Windows\\system32\\conhost.exe 0xffffffff -ForceV1"},{"@Name":"CurrentDirectory","#text":"C:\\Windows"},{"@Name":"User","#text":"SERVER002\\admin_test"},{"@Name":"LogonGuid","#text":"dbf410b3-0517-6719-e18f-130000000000"},{"@Name":"LogonId","#text":"0x138FE1"},{"@Name":"TerminalSessionId","#text":"0"},{"@Name":"IntegrityLevel","#text":"High"},{"@Name":"Hashes","#text":"SHA256=CC0A60CD15FA21E54615E46CD0F10CFBE86F496DC64D14B31D9F3B415D120EE1"},{"@Name":"ParentProcessGuid","#text":"dbf410b3-0527-6719-c500-000000003900"},{"@Name":"ParentProcessId","#text":"3236"},{"@Name":"ParentImage","#text":"C:\\Windows\\System32\\wevtutil.exe"},{"@Name":"ParentCommandLine","#text":"\"C:\\Windows\\system32\\wevtutil.exe\" cl \"Windows PowerShell\""},{"@Name":"ParentUser","#text":"SERVER002\\admin_test"}]}}}
{"Event":{"System":{"Provider":{"@Name":"Microsoft-Windows-Sysmon","@Guid":"5770385f-c22a-43e0-bf4c-06f5698ffbd9"},"EventID":"5","Version":"3","Level":"4","Task":"5","Opcode":"0","Keywords":"0x8000000000000000","TimeCreated":{"@SystemTime":"2024-10-23 14:16:07.1399685"},"EventRecordID":"17968","Correlation":null,"Execution":{"@ProcessID":"3044","@ThreadID":"3976"},"Channel":"Microsoft-Windows-Sysmon/Operational","Computer":"Server002","Security":{"@UserID":"S-1-5-18"}},"EventData":{"Data":[{"@Name":"RuleName","#text":"-"},{"@Name":"UtcTime","#text":"2024-10-23 14:16:07.138"},{"@Name":"ProcessGuid","#text":"dbf410b3-0527-6719-c500-000000003900"},{"@Name":"ProcessId","#text":"3236"},{"@Name":"Image","#text":"C:\\Windows\\System32\\wevtutil.exe"},{"@Name":"User","#text":"SERVER002\\admin_test"}]}}}
{"Event":{"System":{"Provider":{"@Name":"Microsoft-Windows-Sysmon","@Guid":"5770385f-c22a-43e0-bf4c-06f5698ffbd9"},"EventID":"5","Version":"3","Level":"4","Task":"5","Opcode":"0","Keywords":"0x8000000000000000","TimeCreated":{"@SystemTime":"2024-10-23 14:16:07.1457772"},"EventRecordID":"17969","Correlation":null,"Execution":{"@ProcessID":"3044","@ThreadID":"3976"},"Channel":"Microsoft-Windows-Sysmon/Operational","Computer":"Server002","Security":{"@UserID":"S-1-5-18"}},"EventData":{"Data":[{"@Name":"RuleName","#text":"-"},{"@Name":"UtcTime","#text":"2024-10-23 14:16:07.142"},{"@Name":"ProcessGuid","#text":"dbf410b3-0527-6719-c600-000000003900"},{"@Name":"ProcessId","#text":"6688"},{"@Name":"Image","#text":"C:\\Windows\\System32\\conhost.exe"},{"@Name":"User","#text":"SERVER002\\admin_test"}]}}}
{"Event":{"System":{"Provider":{"@Name":"Microsoft-Windows-Sysmon","@Guid":"5770385f-c22a-43e0-bf4c-06f5698ffbd9"},"EventID":"1","Version":"5","Level":"4","Task":"1","Opcode":"0","Keywords":"0x8000000000000000","TimeCreated":{"@SystemTime":"2024-10-23 14:16:07.1931462"},"EventRecordID":"17970","Correlation":null,"Execution":{"@ProcessID":"3044","@ThreadID":"3976"},"Channel":"Microsoft-Windows-Sysmon/Operational","Computer":"Server002","Security":{"@UserID":"S-1-5-18"}},"EventData":{"Data":[{"@Name":"RuleName","#text":"-"},{"@Name":"UtcTime","#text":"2024-10-23 14:16:07.188"},{"@Name":"ProcessGuid","#text":"dbf410b3-0527-6719-c700-000000003900"},{"@Name":"ProcessId","#text":"6628"},{"@Name":"Image","#text":"C:\\Windows\\System32\\HOSTNAME.EXE"},{"@Name":"FileVersion","#text":"10.0.19041.1 (WinBuild.160101.0800)"},{"@Name":"Description","#text":"Hostname APP"},{"@Name":"Product","#text":"Microsoft® Windows® Operating System"},{"@Name":"Company","#text":"Microsoft Corporation"},{"@Name":"OriginalFileName","#text":"hostname.exe"},{"@Name":"CommandLine","#text":"\"C:\\Windows\\system32\\HOSTNAME.EXE\""},{"@Name":"CurrentDirectory","#text":"C:\\Users\\admin_test\\Documents\\"},{"@Name":"User","#text":"SERVER002\\admin_test"},{"@Name":"LogonGuid","#text":"dbf410b3-0517-6719-e18f-130000000000"},{"@Name":"LogonId","#text":"0x138FE1"},{"@Name":"TerminalSessionId","#text":"0"},{"@Name":"IntegrityLevel","#text":"High"},{"@Name":"Hashes","#text":"SHA256=A90C3FB350A11C6F6A6EFA9607987D924D1DE65E09CA9FAF2E0E0E00531EE335"},{"@Name":"ParentProcessGuid","#text":"dbf410b3-0517-6719-b800-000000003900"},{"@Name":"ParentProcessId","#text":"564"},{"@Name":"ParentImage","#text":"C:\\Windows\\System32\\wsmprovhost.exe"},{"@Name":"ParentCommandLine","#text":"C:\\Windows\\system32\\wsmprovhost.exe -Embedding"},{"@Name":"ParentUser","#text":"SERVER002\\admin_test"}]}}}
{"Event":{"System":{"Provider":{"@Name":"Microsoft-Windows-Sysmon","@Guid":"5770385f-c22a-43e0-bf4c-06f5698ffbd9"},"EventID":"1","Version":"5","Level":"4","Task":"1","Opcode":"0","Keywords":"0x8000000000000000","TimeCreated":{"@SystemTime":"2024-10-23 14:16:07.2001278"},"EventRecordID":"17971","Correlation":null,"Execution":{"@ProcessID":"3044","@ThreadID":"3976"},"Channel":"Microsoft-Windows-Sysmon/Operational","Computer":"Server002","Security":{"@UserID":"S-1-5-18"}},"EventData":{"Data":[{"@Name":"RuleName","#text":"-"},{"@Name":"UtcTime","#text":"2024-10-23 14:16:07.196"},{"@Name":"ProcessGuid","#text":"dbf410b3-0527-6719-c800-000000003900"},{"@Name":"ProcessId","#text":"6660"},{"@Name":"Image","#text":"C:\\Windows\\System32\\conhost.exe"},{"@Name":"FileVersion","#text":"10.0.19041.4355 (WinBuild.160101.0800)"},{"@Name":"Description","#text":"Console Window Host"},{"@Name":"Product","#text":"Microsoft® Windows® Operating System"},{"@Name":"Company","#text":"Microsoft Corporation"},{"@Name":"OriginalFileName","#text":"CONHOST.EXE"},{"@Name":"CommandLine","#text":"\\??\\C:\\Windows\\system32\\conhost.exe 0xffffffff -ForceV1"},{"@Name":"CurrentDirectory","#text":"C:\\Windows"},{"@Name":"User","#text":"SERVER002\\admin_test"},{"@Name":"LogonGuid","#text":"dbf410b3-0517-6719-e18f-130000000000"},{"@Name":"LogonId","#text":"0x138FE1"},{"@Name":"TerminalSessionId","#text":"0"},{"@Name":"IntegrityLevel","#text":"High"},{"@Name":"Hashes","#text":"SHA256=CC0A60CD15FA21E54615E46CD0F10CFBE86F496DC64D14B31D9F3B415D120EE1"},{"@Name":"ParentProcessGuid","#text":"dbf410b3-0527-6719-c700-000000003900"},{"@Name":"ParentProcessId","#text":"6628"},{"@Name":"ParentImage","#text":"C:\\Windows\\System32\\HOSTNAME.EXE"},{"@Name":"ParentCommandLine","#text":"\"C:\\Windows\\system32\\HOSTNAME.EXE\""},{"@Name":"ParentUser","#text":"SERVER002\\admin_test"}]}}}
{"Event":{"System":{"Provider":{"@Name":"Microsoft-Windows-Sysmon","@Guid":"5770385f-c22a-43e0-bf4c-06f5698ffbd9"},"EventID":"5","Version":"3","Level":"4","Task":"5","Opcode":"0","Keywords":"0x8000000000000000","TimeCreated":{"@SystemTime":"2024-10-23 14:16:07.2549342"},"EventRecordID":"17972","Correlation":null,"Execution":{"@ProcessID":"3044","@ThreadID":"3976"},"Channel":"Microsoft-Windows-Sysmon/Operational","Computer":"Server002","Security":{"@UserID":"S-1-5-18"}},"EventData":{"Data":[{"@Name":"RuleName","#text":"-"},{"@Name":"UtcTime","#text":"2024-10-23 14:16:07.251"},{"@Name":"ProcessGuid","#text":"dbf410b3-0527-6719-c700-000000003900"},{"@Name":"ProcessId","#text":"6628"},{"@Name":"Image","#text":"C:\\Windows\\System32\\HOSTNAME.EXE"},{"@Name":"User","#text":"SERVER002\\admin_test"}]}}}
{"Event":{"System":{"Provider":{"@Name":"Microsoft-Windows-Sysmon","@Guid":"5770385f-c22a-43e0-bf4c-06f5698ffbd9"},"EventID":"5","Version":"3","Level":"4","Task":"5","Opcode":"0","Keywords":"0x8000000000000000","TimeCreated":{"@SystemTime":"2024-10-23 14:16:07.2602222"},"EventRecordID":"17973","Correlation":null,"Execution":{"@ProcessID":"3044","@ThreadID":"3976"},"Channel":"Microsoft-Windows-Sysmon/Operational","Computer":"Server002","Security":{"@UserID":"S-1-5-18"}},"EventData":{"Data":[{"@Name":"RuleName","#text":"-"},{"@Name":"UtcTime","#text":"2024-10-23 14:16:07.251"},{"@Name":"ProcessGuid","#text":"dbf410b3-0527-6719-c800-000000003900"},{"@Name":"ProcessId","#text":"6660"},{"@Name":"Image","#text":"C:\\Windows\\System32\\conhost.exe"},{"@Name":"User","#text":"SERVER002\\admin_test"}]}}}
{"Event":{"System":{"Provider":{"@Name":"Microsoft-Windows-Sysmon","@Guid":"5770385f-c22a-43e0-bf4c-06f5698ffbd9"},"EventID":"1","Version":"5","Level":"4","Task":"1","Opcode":"0","Keywords":"0x8000000000000000","TimeCreated":{"@SystemTime":"2024-10-23 14:16:07.2624539"},"EventRecordID":"17974","Correlation":null,"Execution":{"@ProcessID":"3044","@ThreadID":"3976"},"Channel":"Microsoft-Windows-Sysmon/Operational","Computer":"Server002","Security":{"@UserID":"S-1-5-18"}},"EventData":{"Data":[{"@Name":"RuleName","#text":"-"},{"@Name":"UtcTime","#text":"2024-10-23 14:16:07.259"},{"@Name":"ProcessGuid","#text":"dbf410b3-0527-6719-c900-000000003900"},{"@Name":"ProcessId","#text":"5896"},{"@Name":"Image","#text":"C:\\Windows\\System32\\whoami.exe"},{"@Name":"FileVersion","#text":"10.0.19041.1 (WinBuild.160101.0800)"},{"@Name":"Description","#text":"whoami - displays logged on user information"},{"@Name":"Product","#text":"Microsoft® Windows® Operating System"},{"@Name":"Company","#text":"Microsoft Corporation"},{"@Name":"OriginalFileName","#text":"whoami.exe"},{"@Name":"CommandLine","#text":"\"C:\\Windows\\system32\\whoami.exe\""},{"@Name":"CurrentDirectory","#text":"C:\\Users\\admin_test\\Documents\\"},{"@Name":"User","#text":"SERVER002\\admin_test"},{"@Name":"LogonGuid","#text":"dbf410b3-0517-6719-e18f-130000000000"},{"@Name":"LogonId","#text":"0x138FE1"},{"@Name":"TerminalSessionId","#text":"0"},{"@Name":"IntegrityLevel","#text":"High"},{"@Name":"Hashes","#text":"SHA256=1D4902A04D99E8CCBFE7085E63155955FEE397449D386453F6C452AE407B8743"},{"@Name":"ParentProcessGuid","#text":"dbf410b3-0517-6719-b800-000000003900"},{"@Name":"ParentProcessId","#text":"564"},{"@Name":"ParentImage","#text":"C:\\Windows\\System32\\wsmprovhost.exe"},{"@Name":"ParentCommandLine","#text":"C:\\Windows\\system32\\wsmprovhost.exe -Embedding"},{"@Name":"ParentUser","#text":"SERVER002\\admin_test"}]}}}
{"Event":{"System":{"Provider":{"@Name":"Microsoft-Windows-Sysmon","@Guid":"5770385f-c22a-43e0-bf4c-06f5698ffbd9"},"EventID":"1","Version":"5","Level":"4","Task":"1","Opcode":"0","Keywords":"0x8000000000000000","TimeCreated":{"@SystemTime":"2024-10-23 14:16:07.2700525"},"EventRecordID":"17975","Correlation":null,"Execution":{"@ProcessID":"3044","@ThreadID":"3976"},"Channel":"Microsoft-Windows-Sysmon/Operational","Computer":"Server002","Security":{"@UserID":"S-1-5-18"}},"EventData":{"Data":[{"@Name":"RuleName","#text":"-"},{"@Name":"UtcTime","#text":"2024-10-23 14:16:07.265"},{"@Name":"ProcessGuid","#text":"dbf410b3-0527-6719-ca00-000000003900"},{"@Name":"ProcessId","#text":"5496"},{"@Name":"Image","#text":"C:\\Windows\\System32\\conhost.exe"},{"@Name":"FileVersion","#text":"10.0.19041.4355 (WinBuild.160101.0800)"},{"@Name":"Description","#text":"Console Window Host"},{"@Name":"Product","#text":"Microsoft® Windows® Operating System"},{"@Name":"Company","#text":"Microsoft Corporation"},{"@Name":"OriginalFileName","#text":"CONHOST.EXE"},{"@Name":"CommandLine","#text":"\\??\\C:\\Windows\\system32\\conhost.exe 0xffffffff -ForceV1"},{"@Name":"CurrentDirectory","#text":"C:\\Windows"},{"@Name":"User","#text":"SERVER002\\admin_test"},{"@Name":"LogonGuid","#text":"dbf410b3-0517-6719-e18f-130000000000"},{"@Name":"LogonId","#text":"0x138FE1"},{"@Name":"TerminalSessionId","#text":"0"},{"@Name":"IntegrityLevel","#text":"High"},{"@Name":"Hashes","#text":"SHA256=CC0A60CD15FA21E54615E46CD0F10CFBE86F496DC64D14B31D9F3B415D120EE1"},{"@Name":"ParentProcessGuid","#text":"dbf410b3-0527-6719-c900-000000003900"},{"@Name":"ParentProcessId","#text":"5896"},{"@Name":"ParentImage","#text":"C:\\Windows\\System32\\whoami.exe"},{"@Name":"ParentCommandLine","#text":"\"C:\\Windows\\system32\\whoami.exe\""},{"@Name":"ParentUser","#text":"SERVER002\\admin_test"}]}}}
{"Event":{"System":{"Provider":{"@Name":"Microsoft-Windows-Sysmon","@Guid":"5770385f-c22a-43e0-bf4c-06f5698ffbd9"},"EventID":"5","Version":"3","Level":"4","Task":"5","Opcode":"0","Keywords":"0x8000000000000000","TimeCreated":{"@SystemTime":"2024-10-23 14:16:07.3157496"},"EventRecordID":"17976","Correlation":null,"Execution":{"@ProcessID":"3044","@ThreadID":"3976"},"Channel":"Microsoft-Windows-Sysmon/Operational","Computer":"Server002","Security":{"@UserID":"S-1-5-18"}},"EventData":{"Data":[{"@Name":"RuleName","#text":"-"},{"@Name":"UtcTime","#text":"2024-10-23 14:16:07.306"},{"@Name":"ProcessGuid","#text":"dbf410b3-0527-6719-c900-000000003900"},{"@Name":"ProcessId","#text":"5896"},{"@Name":"Image","#text":"C:\\Windows\\System32\\whoami.exe"},{"@Name":"User","#text":"SERVER002\\admin_test"}]}}}
{"Event":{"System":{"Provider":{"@Name":"Microsoft-Windows-Sysmon","@Guid":"5770385f-c22a-43e0-bf4c-06f5698ffbd9"},"EventID":"5","Version":"3","Level":"4","Task":"5","Opcode":"0","Keywords":"0x8000000000000000","TimeCreated":{"@SystemTime":"2024-10-23 14:16:07.3206170"},"EventRecordID":"17977","Correlation":null,"Execution":{"@ProcessID":"3044","@ThreadID":"3976"},"Channel":"Microsoft-Windows-Sysmon/Operational","Computer":"Server002","Security":{"@UserID":"S-1-5-18"}},"EventData":{"Data":[{"@Name":"RuleName","#text":"-"},{"@Name":"UtcTime","#text":"2024-10-23 14:16:07.316"},{"@Name":"ProcessGuid","#text":"dbf410b3-0527-6719-ca00-000000003900"},{"@Name":"ProcessId","#text":"5496"},{"@Name":"Image","#text":"C:\\Windows\\System32\\conhost.exe"},{"@Name":"User","#text":"SERVER002\\admin_test"}]}}}
{"Event":{"System":{"Provider":{"@Name":"Microsoft-Windows-Sysmon","@Guid":"5770385f-c22a-43e0-bf4c-06f5698ffbd9"},"EventID":"1","Version":"5","Level":"4","Task":"1","Opcode":"0","Keywords":"0x8000000000000000","TimeCreated":{"@SystemTime":"2024-10-23 14:16:07.6655901"},"EventRecordID":"17978","Correlation":null,"Execution":{"@ProcessID":"3044","@ThreadID":"3976"},"Channel":"Microsoft-Windows-Sysmon/Operational","Computer":"Server002","Security":{"@UserID":"S-1-5-18"}},"EventData":{"Data":[{"@Name":"RuleName","#text":"-"},{"@Name":"UtcTime","#text":"2024-10-23 14:16:07.655"},{"@Name":"ProcessGuid","#text":"dbf410b3-0527-6719-cb00-000000003900"},{"@Name":"ProcessId","#text":"6724"},{"@Name":"Image","#text":"C:\\Windows\\System32\\WindowsPowerShell\\v1.0\\powershell.exe"},{"@Name":"FileVersion","#text":"10.0.19041.3996 (WinBuild.160101.0800)"},{"@Name":"Description","#text":"Windows PowerShell"},{"@Name":"Product","#text":"Microsoft® Windows® Operating System"},{"@Name":"Company","#text":"Microsoft Corporation"},{"@Name":"OriginalFileName","#text":"PowerShell.EXE"},{"@Name":"CommandLine","#text":"\"powershell.exe\" &amp; {Remove-Item (Get-PSReadlineOption).HistorySavePath}"},{"@Name":"CurrentDirectory","#text":"C:\\Users\\ADMIN_~1\\AppData\\Local\\Temp\\"},{"@Name":"User","#text":"SERVER002\\admin_test"},{"@Name":"LogonGuid","#text":"dbf410b3-0517-6719-e18f-130000000000"},{"@Name":"LogonId","#text":"0x138FE1"},{"@Name":"TerminalSessionId","#text":"0"},{"@Name":"IntegrityLevel","#text":"High"},{"@Name":"Hashes","#text":"SHA256=9785001B0DCF755EDDB8AF294A373C0B87B2498660F724E76C4D53F9C217C7A3"},{"@Name":"ParentProcessGuid","#text":"dbf410b3-0517-6719-b800-000000003900"},{"@Name":"ParentProcessId","#text":"564"},{"@Name":"ParentImage","#text":"C:\\Windows\\System32\\wsmprovhost.exe"},{"@Name":"ParentCommandLine","#text":"C:\\Windows\\system32\\wsmprovhost.exe -Embedding"},{"@Name":"ParentUser","#text":"SERVER002\\admin_test"}]}}}
{"Event":{"System":{"Provider":{"@Name":"Microsoft-Windows-Sysmon","@Guid":"5770385f-c22a-43e0-bf4c-06f5698ffbd9"},"EventID":"1","Version":"5","Level":"4","Task":"1","Opcode":"0","Keywords":"0x8000000000000000","TimeCreated":{"@SystemTime":"2024-10-23 14:16:07.7561844"},"EventRecordID":"17979","Correlation":null,"Execution":{"@ProcessID":"3044","@ThreadID":"3976"},"Channel":"Microsoft-Windows-Sysmon/Operational","Computer":"Server002","Security":{"@UserID":"S-1-5-18"}},"EventData":{"Data":[{"@Name":"RuleName","#text":"-"},{"@Name":"UtcTime","#text":"2024-10-23 14:16:07.752"},{"@Name":"ProcessGuid","#text":"dbf410b3-0527-6719-cc00-000000003900"},{"@Name":"ProcessId","#text":"5668"},{"@Name":"Image","#text":"C:\\Windows\\System32\\conhost.exe"},{"@Name":"FileVersion","#text":"10.0.19041.4355 (WinBuild.160101.0800)"},{"@Name":"Description","#text":"Console Window Host"},{"@Name":"Product","#text":"Microsoft® Windows® Operating System"},{"@Name":"Company","#text":"Microsoft Corporation"},{"@Name":"OriginalFileName","#text":"CONHOST.EXE"},{"@Name":"CommandLine","#text":"\\??\\C:\\Windows\\system32\\conhost.exe 0xffffffff -ForceV1"},{"@Name":"CurrentDirectory","#text":"C:\\Windows"},{"@Name":"User","#text":"SERVER002\\admin_test"},{"@Name":"LogonGuid","#text":"dbf410b3-0517-6719-e18f-130000000000"},{"@Name":"LogonId","#text":"0x138FE1"},{"@Name":"TerminalSessionId","#text":"0"},{"@Name":"IntegrityLevel","#text":"High"},{"@Name":"Hashes","#text":"SHA256=CC0A60CD15FA21E54615E46CD0F10CFBE86F496DC64D14B31D9F3B415D120EE1"},{"@Name":"ParentProcessGuid","#text":"dbf410b3-0527-6719-cb00-000000003900"},{"@Name":"ParentProcessId","#text":"6724"},{"@Name":"ParentImage","#text":"C:\\Windows\\System32\\WindowsPowerShell\\v1.0\\powershell.exe"},{"@Name":"ParentCommandLine","#text":"\"powershell.exe\" &amp; {Remove-Item (Get-PSReadlineOption).HistorySavePath}"},{"@Name":"ParentUser","#text":"SERVER002\\admin_test"}]}}}
{"Event":{"System":{"Provider":{"@Name":"Microsoft-Windows-Sysmon","@Guid":"5770385f-c22a-43e0-bf4c-06f5698ffbd9"},"EventID":"5","Version":"3","Level":"4","Task":"5","Opcode":"0","Keywords":"0x8000000000000000","TimeCreated":{"@SystemTime":"2024-10-23 14:16:10.5086851"},"EventRecordID":"17980","Correlation":null,"Execution":{"@ProcessID":"3044","@ThreadID":"3976"},"Channel":"Microsoft-Windows-Sysmon/Operational","Computer":"Server002","Security":{"@UserID":"S-1-5-18"}},"EventData":{"Data":[{"@Name":"RuleName","#text":"-"},{"@Name":"UtcTime","#text":"2024-10-23 14:16:10.507"},{"@Name":"ProcessGuid","#text":"dbf410b3-0527-6719-cb00-000000003900"},{"@Name":"ProcessId","#text":"6724"},{"@Name":"Image","#text":"C:\\Windows\\System32\\WindowsPowerShell\\v1.0\\powershell.exe"},{"@Name":"User","#text":"SERVER002\\admin_test"}]}}}
{"Event":{"System":{"Provider":{"@Name":"Microsoft-Windows-Sysmon","@Guid":"5770385f-c22a-43e0-bf4c-06f5698ffbd9"},"EventID":"5","Version":"3","Level":"4","Task":"5","Opcode":"0","Keywords":"0x8000000000000000","TimeCreated":{"@SystemTime":"2024-10-23 14:16:10.5162697"},"EventRecordID":"17981","Correlation":null,"Execution":{"@ProcessID":"3044","@ThreadID":"3976"},"Channel":"Microsoft-Windows-Sysmon/Operational","Computer":"Server002","Security":{"@UserID":"S-1-5-18"}},"EventData":{"Data":[{"@Name":"RuleName","#text":"-"},{"@Name":"UtcTime","#text":"2024-10-23 14:16:10.507"},{"@Name":"ProcessGuid","#text":"dbf410b3-0527-6719-cc00-000000003900"},{"@Name":"ProcessId","#text":"5668"},{"@Name":"Image","#text":"C:\\Windows\\System32\\conhost.exe"},{"@Name":"User","#text":"SERVER002\\admin_test"}]}}}
{"Event":{"System":{"Provider":{"@Name":"Microsoft-Windows-Sysmon","@Guid":"5770385f-c22a-43e0-bf4c-06f5698ffbd9"},"EventID":"5","Version":"3","Level":"4","Task":"5","Opcode":"0","Keywords":"0x8000000000000000","TimeCreated":{"@SystemTime":"2024-10-23 14:16:17.3176942"},"EventRecordID":"17982","Correlation":null,"Execution":{"@ProcessID":"3044","@ThreadID":"3976"},"Channel":"Microsoft-Windows-Sysmon/Operational","Computer":"Server002","Security":{"@UserID":"S-1-5-18"}},"EventData":{"Data":[{"@Name":"RuleName","#text":"-"},{"@Name":"UtcTime","#text":"2024-10-23 14:16:17.317"},{"@Name":"ProcessGuid","#text":"dbf410b3-04ae-6719-8a00-000000003900"},{"@Name":"ProcessId","#text":"5364"},{"@Name":"Image","#text":"C:\\Windows\\WinSxS\\amd64_microsoft-windows-servicingstack_31bf3856ad364e35_10.0.19041.4950_none_7dd913727cb4d87c\\TiWorker.exe"},{"@Name":"User","#text":"NT AUTHORITY\\SYSTEM"}]}}}
{"Event":{"System":{"Provider":{"@Name":"Microsoft-Windows-Sysmon","@Guid":"5770385f-c22a-43e0-bf4c-06f5698ffbd9"},"EventID":"5","Version":"3","Level":"4","Task":"5","Opcode":"0","Keywords":"0x8000000000000000","TimeCreated":{"@SystemTime":"2024-10-23 14:16:17.3337519"},"EventRecordID":"17983","Correlation":null,"Execution":{"@ProcessID":"3044","@ThreadID":"3976"},"Channel":"Microsoft-Windows-Sysmon/Operational","Computer":"Server002","Security":{"@UserID":"S-1-5-18"}},"EventData":{"Data":[{"@Name":"RuleName","#text":"-"},{"@Name":"UtcTime","#text":"2024-10-23 14:16:17.329"},{"@Name":"ProcessGuid","#text":"dbf410b3-04ad-6719-8900-000000003900"},{"@Name":"ProcessId","#text":"5328"},{"@Name":"Image","#text":"C:\\Windows\\servicing\\TrustedInstaller.exe"},{"@Name":"User","#text":"NT AUTHORITY\\SYSTEM"}]}}}
{"Event":{"System":{"Provider":{"@Name":"Microsoft-Windows-Sysmon","@Guid":"5770385f-c22a-43e0-bf4c-06f5698ffbd9"},"EventID":"5","Version":"3","Level":"4","Task":"5","Opcode":"0","Keywords":"0x8000000000000000","TimeCreated":{"@SystemTime":"2024-10-23 14:16:17.9257701"},"EventRecordID":"17984","Correlation":null,"Execution":{"@ProcessID":"3044","@ThreadID":"3976"},"Channel":"Microsoft-Windows-Sysmon/Operational","Computer":"Server002","Security":{"@UserID":"S-1-5-18"}},"EventData":{"Data":[{"@Name":"RuleName","#text":"-"},{"@Name":"UtcTime","#text":"2024-10-23 14:16:17.922"},{"@Name":"ProcessGuid","#text":"dbf410b3-0510-6719-b400-000000003900"},{"@Name":"ProcessId","#text":"6352"},{"@Name":"Image","#text":"C:\\Windows\\System32\\sppsvc.exe"},{"@Name":"User","#text":"NT AUTHORITY\\NETWORK SERVICE"}]}}}
{"Event":{"System":{"Provider":{"@Name":"Microsoft-Windows-Sysmon","@Guid":"5770385f-c22a-43e0-bf4c-06f5698ffbd9"},"EventID":"5","Version":"3","Level":"4","Task":"5","Opcode":"0","Keywords":"0x8000000000000000","TimeCreated":{"@SystemTime":"2024-10-23 14:16:18.4507378"},"EventRecordID":"17985","Correlation":null,"Execution":{"@ProcessID":"3044","@ThreadID":"3976"},"Channel":"Microsoft-Windows-Sysmon/Operational","Computer":"Server002","Security":{"@UserID":"S-1-5-18"}},"EventData":{"Data":[{"@Name":"RuleName","#text":"-"},{"@Name":"UtcTime","#text":"2024-10-23 14:16:18.449"},{"@Name":"ProcessGuid","#text":"dbf410b3-04ac-6719-8400-000000003900"},{"@Name":"ProcessId","#text":"1656"},{"@Name":"Image","#text":"C:\\Windows\\System32\\wbem\\WmiPrvSE.exe"},{"@Name":"User","#text":"NT AUTHORITY\\NETWORK SERVICE"}]}}}
