

{"Event":{"System":{"Provider":{"@Name":"Microsoft-Windows-Sysmon","@Guid":"5770385f-c22a-43e0-bf4c-06f5698ffbd9"},"EventID":"1","Version":"5","Level":"4","Task":"1","Opcode":"0","Keywords":"0x8000000000000000","TimeCreated":{"@SystemTime":"2024-10-21 13:22:59.4421472"},"EventRecordID":"17921","Correlation":null,"Execution":{"@ProcessID":"3048","@ThreadID":"3936"},"Channel":"Microsoft-Windows-Sysmon/Operational","Computer":"Server002","Security":{"@UserID":"S-1-5-18"}},"EventData":{"Data":[{"@Name":"RuleName","#text":"-"},{"@Name":"UtcTime","#text":"2024-10-21 13:22:59.435"},{"@Name":"ProcessGuid","#text":"dbf410b3-55b3-6716-b100-000000003900"},{"@Name":"ProcessId","#text":"5784"},{"@Name":"Image","#text":"C:\\Windows\\System32\\wbem\\WmiPrvSE.exe"},{"@Name":"FileVersion","#text":"10.0.19041.3636 (WinBuild.160101.0800)"},{"@Name":"Description","#text":"WMI Provider Host"},{"@Name":"Product","#text":"Microsoft® Windows® Operating System"},{"@Name":"Company","#text":"Microsoft Corporation"},{"@Name":"OriginalFileName","#text":"Wmiprvse.exe"},{"@Name":"CommandLine","#text":"C:\\Windows\\system32\\wbem\\wmiprvse.exe -Embedding"},{"@Name":"CurrentDirectory","#text":"C:\\Windows\\system32\\"},{"@Name":"User","#text":"NT AUTHORITY\\SYSTEM"},{"@Name":"LogonGuid","#text":"dbf410b3-715c-6716-e703-000000000000"},{"@Name":"LogonId","#text":"0x3E7"},{"@Name":"TerminalSessionId","#text":"0"},{"@Name":"IntegrityLevel","#text":"System"},{"@Name":"Hashes","#text":"SHA256=8BBDEAD7357AF7BF0EFE397F9FD7E0EC578755EB8BDBAA65AE4F28EF00087AD5"},{"@Name":"ParentProcessGuid","#text":"00000000-0000-0000-0000-000000000000"},{"@Name":"ParentProcessId","#text":"776"},{"@Name":"ParentImage","#text":"-"},{"@Name":"ParentCommandLine","#text":"-"},{"@Name":"ParentUser","#text":"-"}]}}}
{"Event":{"System":{"Provider":{"@Name":"Microsoft-Windows-Sysmon","@Guid":"5770385f-c22a-43e0-bf4c-06f5698ffbd9"},"EventID":"5","Version":"3","Level":"4","Task":"5","Opcode":"0","Keywords":"0x8000000000000000","TimeCreated":{"@SystemTime":"2024-10-21 13:22:59.4843922"},"EventRecordID":"17922","Correlation":null,"Execution":{"@ProcessID":"3048","@ThreadID":"3936"},"Channel":"Microsoft-Windows-Sysmon/Operational","Computer":"Server002","Security":{"@UserID":"S-1-5-18"}},"EventData":{"Data":[{"@Name":"RuleName","#text":"-"},{"@Name":"UtcTime","#text":"2024-10-21 13:22:59.478"},{"@Name":"ProcessGuid","#text":"dbf410b3-55b3-6716-af00-000000003900"},{"@Name":"ProcessId","#text":"2260"},{"@Name":"Image","#text":"C:\\Windows\\System32\\wevtutil.exe"},{"@Name":"User","#text":"SERVER002\\admin_test"}]}}}

{"Event":{"System":{"Provider":{"@Name":"Microsoft-Windows-Sysmon","@Guid":"5770385f-c22a-43e0-bf4c-06f5698ffbd9"},"EventID":"5","Version":"3","Level":"4","Task":"5","Opcode":"0","Keywords":"0x8000000000000000","TimeCreated":{"@SystemTime":"2024-10-21 13:22:59.4974351"},"EventRecordID":"17924","Correlation":null,"Execution":{"@ProcessID":"3048","@ThreadID":"3936"},"Channel":"Microsoft-Windows-Sysmon/Operational","Computer":"Server002","Security":{"@UserID":"S-1-5-18"}},"EventData":{"Data":[{"@Name":"RuleName","#text":"-"},{"@Name":"UtcTime","#text":"2024-10-21 13:22:59.489"},{"@Name":"ProcessGuid","#text":"dbf410b3-55b3-6716-b000-000000003900"},{"@Name":"ProcessId","#text":"5468"},{"@Name":"Image","#text":"C:\\Windows\\System32\\conhost.exe"},{"@Name":"User","#text":"SERVER002\\admin_test"}]}}}

{"Event":{"System":{"Provider":{"@Name":"Microsoft-Windows-Sysmon","@Guid":"5770385f-c22a-43e0-bf4c-06f5698ffbd9"},"EventID":"5","Version":"3","Level":"4","Task":"5","Opcode":"0","Keywords":"0x8000000000000000","TimeCreated":{"@SystemTime":"2024-10-21 13:22:59.5469929"},"EventRecordID":"17926","Correlation":null,"Execution":{"@ProcessID":"3048","@ThreadID":"3936"},"Channel":"Microsoft-Windows-Sysmon/Operational","Computer":"Server002","Security":{"@UserID":"S-1-5-18"}},"EventData":{"Data":[{"@Name":"RuleName","#text":"-"},{"@Name":"UtcTime","#text":"2024-10-21 13:22:59.540"},{"@Name":"ProcessGuid","#text":"dbf410b3-55b3-6716-b200-000000003900"},{"@Name":"ProcessId","#text":"404"},{"@Name":"Image","#text":"C:\\Windows\\System32\\wevtutil.exe"},{"@Name":"User","#text":"SERVER002\\admin_test"}]}}}

{"Event":{"System":{"Provider":{"@Name":"Microsoft-Windows-Sysmon","@Guid":"5770385f-c22a-43e0-bf4c-06f5698ffbd9"},"EventID":"5","Version":"3","Level":"4","Task":"5","Opcode":"0","Keywords":"0x8000000000000000","TimeCreated":{"@SystemTime":"2024-10-21 13:22:59.5534090"},"EventRecordID":"17928","Correlation":null,"Execution":{"@ProcessID":"3048","@ThreadID":"3936"},"Channel":"Microsoft-Windows-Sysmon/Operational","Computer":"Server002","Security":{"@UserID":"S-1-5-18"}},"EventData":{"Data":[{"@Name":"RuleName","#text":"-"},{"@Name":"UtcTime","#text":"2024-10-21 13:22:59.540"},{"@Name":"ProcessGuid","#text":"dbf410b3-55b3-6716-b300-000000003900"},{"@Name":"ProcessId","#text":"1608"},{"@Name":"Image","#text":"C:\\Windows\\System32\\conhost.exe"},{"@Name":"User","#text":"SERVER002\\admin_test"}]}}}

{"Event":{"System":{"Provider":{"@Name":"Microsoft-Windows-Sysmon","@Guid":"5770385f-c22a-43e0-bf4c-06f5698ffbd9"},"EventID":"5","Version":"3","Level":"4","Task":"5","Opcode":"0","Keywords":"0x8000000000000000","TimeCreated":{"@SystemTime":"2024-10-21 13:22:59.5879957"},"EventRecordID":"17930","Correlation":null,"Execution":{"@ProcessID":"3048","@ThreadID":"3936"},"Channel":"Microsoft-Windows-Sysmon/Operational","Computer":"Server002","Security":{"@UserID":"S-1-5-18"}},"EventData":{"Data":[{"@Name":"RuleName","#text":"-"},{"@Name":"UtcTime","#text":"2024-10-21 13:22:59.583"},{"@Name":"ProcessGuid","#text":"dbf410b3-55b3-6716-b400-000000003900"},{"@Name":"ProcessId","#text":"3468"},{"@Name":"Image","#text":"C:\\Windows\\System32\\wevtutil.exe"},{"@Name":"User","#text":"SERVER002\\admin_test"}]}}}
{"Event":{"System":{"Provider":{"@Name":"Microsoft-Windows-Sysmon","@Guid":"5770385f-c22a-43e0-bf4c-06f5698ffbd9"},"EventID":"5","Version":"3","Level":"4","Task":"5","Opcode":"0","Keywords":"0x8000000000000000","TimeCreated":{"@SystemTime":"2024-10-21 13:22:59.5905440"},"EventRecordID":"17931","Correlation":null,"Execution":{"@ProcessID":"3048","@ThreadID":"3936"},"Channel":"Microsoft-Windows-Sysmon/Operational","Computer":"Server002","Security":{"@UserID":"S-1-5-18"}},"EventData":{"Data":[{"@Name":"RuleName","#text":"-"},{"@Name":"UtcTime","#text":"2024-10-21 13:22:59.588"},{"@Name":"ProcessGuid","#text":"dbf410b3-55b3-6716-b500-000000003900"},{"@Name":"ProcessId","#text":"2176"},{"@Name":"Image","#text":"C:\\Windows\\System32\\conhost.exe"},{"@Name":"User","#text":"SERVER002\\admin_test"}]}}}


{"Event":{"System":{"Provider":{"@Name":"Microsoft-Windows-Sysmon","@Guid":"5770385f-c22a-43e0-bf4c-06f5698ffbd9"},"EventID":"5","Version":"3","Level":"4","Task":"5","Opcode":"0","Keywords":"0x8000000000000000","TimeCreated":{"@SystemTime":"2024-10-21 13:22:59.6342017"},"EventRecordID":"17934","Correlation":null,"Execution":{"@ProcessID":"3048","@ThreadID":"3936"},"Channel":"Microsoft-Windows-Sysmon/Operational","Computer":"Server002","Security":{"@UserID":"S-1-5-18"}},"EventData":{"Data":[{"@Name":"RuleName","#text":"-"},{"@Name":"UtcTime","#text":"2024-10-21 13:22:59.630"},{"@Name":"ProcessGuid","#text":"dbf410b3-55b3-6716-b600-000000003900"},{"@Name":"ProcessId","#text":"3296"},{"@Name":"Image","#text":"C:\\Windows\\System32\\wevtutil.exe"},{"@Name":"User","#text":"SERVER002\\admin_test"}]}}}
{"Event":{"System":{"Provider":{"@Name":"Microsoft-Windows-Sysmon","@Guid":"5770385f-c22a-43e0-bf4c-06f5698ffbd9"},"EventID":"5","Version":"3","Level":"4","Task":"5","Opcode":"0","Keywords":"0x8000000000000000","TimeCreated":{"@SystemTime":"2024-10-21 13:22:59.6356884"},"EventRecordID":"17935","Correlation":null,"Execution":{"@ProcessID":"3048","@ThreadID":"3936"},"Channel":"Microsoft-Windows-Sysmon/Operational","Computer":"Server002","Security":{"@UserID":"S-1-5-18"}},"EventData":{"Data":[{"@Name":"RuleName","#text":"-"},{"@Name":"UtcTime","#text":"2024-10-21 13:22:59.634"},{"@Name":"ProcessGuid","#text":"dbf410b3-55b3-6716-b700-000000003900"},{"@Name":"ProcessId","#text":"2216"},{"@Name":"Image","#text":"C:\\Windows\\System32\\conhost.exe"},{"@Name":"User","#text":"SERVER002\\admin_test"}]}}}


{"Event":{"System":{"Provider":{"@Name":"Microsoft-Windows-Sysmon","@Guid":"5770385f-c22a-43e0-bf4c-06f5698ffbd9"},"EventID":"5","Version":"3","Level":"4","Task":"5","Opcode":"0","Keywords":"0x8000000000000000","TimeCreated":{"@SystemTime":"2024-10-21 13:22:59.7109019"},"EventRecordID":"17938","Correlation":null,"Execution":{"@ProcessID":"3048","@ThreadID":"3936"},"Channel":"Microsoft-Windows-Sysmon/Operational","Computer":"Server002","Security":{"@UserID":"S-1-5-18"}},"EventData":{"Data":[{"@Name":"RuleName","#text":"-"},{"@Name":"UtcTime","#text":"2024-10-21 13:22:59.681"},{"@Name":"ProcessGuid","#text":"dbf410b3-55b3-6716-b800-000000003900"},{"@Name":"ProcessId","#text":"764"},{"@Name":"Image","#text":"C:\\Windows\\System32\\wevtutil.exe"},{"@Name":"User","#text":"SERVER002\\admin_test"}]}}}
{"Event":{"System":{"Provider":{"@Name":"Microsoft-Windows-Sysmon","@Guid":"5770385f-c22a-43e0-bf4c-06f5698ffbd9"},"EventID":"5","Version":"3","Level":"4","Task":"5","Opcode":"0","Keywords":"0x8000000000000000","TimeCreated":{"@SystemTime":"2024-10-21 13:22:59.7132796"},"EventRecordID":"17939","Correlation":null,"Execution":{"@ProcessID":"3048","@ThreadID":"3936"},"Channel":"Microsoft-Windows-Sysmon/Operational","Computer":"Server002","Security":{"@UserID":"S-1-5-18"}},"EventData":{"Data":[{"@Name":"RuleName","#text":"-"},{"@Name":"UtcTime","#text":"2024-10-21 13:22:59.712"},{"@Name":"ProcessGuid","#text":"dbf410b3-55b3-6716-b900-000000003900"},{"@Name":"ProcessId","#text":"4104"},{"@Name":"Image","#text":"C:\\Windows\\System32\\conhost.exe"},{"@Name":"User","#text":"SERVER002\\admin_test"}]}}}
{"Event":{"System":{"Provider":{"@Name":"Microsoft-Windows-Sysmon","@Guid":"5770385f-c22a-43e0-bf4c-06f5698ffbd9"},"EventID":"1","Version":"5","Level":"4","Task":"1","Opcode":"0","Keywords":"0x8000000000000000","TimeCreated":{"@SystemTime":"2024-10-21 13:22:59.7419250"},"EventRecordID":"17940","Correlation":null,"Execution":{"@ProcessID":"3048","@ThreadID":"3936"},"Channel":"Microsoft-Windows-Sysmon/Operational","Computer":"Server002","Security":{"@UserID":"S-1-5-18"}},"EventData":{"Data":[{"@Name":"RuleName","#text":"-"},{"@Name":"UtcTime","#text":"2024-10-21 13:22:59.740"},{"@Name":"ProcessGuid","#text":"dbf410b3-55b3-6716-ba00-000000003900"},{"@Name":"ProcessId","#text":"1652"},{"@Name":"Image","#text":"C:\\Windows\\System32\\HOSTNAME.EXE"},{"@Name":"FileVersion","#text":"10.0.19041.1 (WinBuild.160101.0800)"},{"@Name":"Description","#text":"Hostname APP"},{"@Name":"Product","#text":"Microsoft® Windows® Operating System"},{"@Name":"Company","#text":"Microsoft Corporation"},{"@Name":"OriginalFileName","#text":"hostname.exe"},{"@Name":"CommandLine","#text":"\"C:\\Windows\\system32\\HOSTNAME.EXE\""},{"@Name":"CurrentDirectory","#text":"C:\\Users\\admin_test\\Documents\\"},{"@Name":"User","#text":"SERVER002\\admin_test"},{"@Name":"LogonGuid","#text":"dbf410b3-55af-6716-32db-090000000000"},{"@Name":"LogonId","#text":"0x9DB32"},{"@Name":"TerminalSessionId","#text":"0"},{"@Name":"IntegrityLevel","#text":"High"},{"@Name":"Hashes","#text":"SHA256=A90C3FB350A11C6F6A6EFA9607987D924D1DE65E09CA9FAF2E0E0E00531EE335"},{"@Name":"ParentProcessGuid","#text":"dbf410b3-55b0-6716-aa00-000000003900"},{"@Name":"ParentProcessId","#text":"1756"},{"@Name":"ParentImage","#text":"C:\\Windows\\System32\\wsmprovhost.exe"},{"@Name":"ParentCommandLine","#text":"C:\\Windows\\system32\\wsmprovhost.exe -Embedding"},{"@Name":"ParentUser","#text":"SERVER002\\admin_test"}]}}}
{"Event":{"System":{"Provider":{"@Name":"Microsoft-Windows-Sysmon","@Guid":"5770385f-c22a-43e0-bf4c-06f5698ffbd9"},"EventID":"1","Version":"5","Level":"4","Task":"1","Opcode":"0","Keywords":"0x8000000000000000","TimeCreated":{"@SystemTime":"2024-10-21 13:22:59.7449418"},"EventRecordID":"17941","Correlation":null,"Execution":{"@ProcessID":"3048","@ThreadID":"3936"},"Channel":"Microsoft-Windows-Sysmon/Operational","Computer":"Server002","Security":{"@UserID":"S-1-5-18"}},"EventData":{"Data":[{"@Name":"RuleName","#text":"-"},{"@Name":"UtcTime","#text":"2024-10-21 13:22:59.743"},{"@Name":"ProcessGuid","#text":"dbf410b3-55b3-6716-bb00-000000003900"},{"@Name":"ProcessId","#text":"2172"},{"@Name":"Image","#text":"C:\\Windows\\System32\\conhost.exe"},{"@Name":"FileVersion","#text":"10.0.19041.4355 (WinBuild.160101.0800)"},{"@Name":"Description","#text":"Console Window Host"},{"@Name":"Product","#text":"Microsoft® Windows® Operating System"},{"@Name":"Company","#text":"Microsoft Corporation"},{"@Name":"OriginalFileName","#text":"CONHOST.EXE"},{"@Name":"CommandLine","#text":"\\??\\C:\\Windows\\system32\\conhost.exe 0xffffffff -ForceV1"},{"@Name":"CurrentDirectory","#text":"C:\\Windows"},{"@Name":"User","#text":"SERVER002\\admin_test"},{"@Name":"LogonGuid","#text":"dbf410b3-55af-6716-32db-090000000000"},{"@Name":"LogonId","#text":"0x9DB32"},{"@Name":"TerminalSessionId","#text":"0"},{"@Name":"IntegrityLevel","#text":"High"},{"@Name":"Hashes","#text":"SHA256=CC0A60CD15FA21E54615E46CD0F10CFBE86F496DC64D14B31D9F3B415D120EE1"},{"@Name":"ParentProcessGuid","#text":"dbf410b3-55b3-6716-ba00-000000003900"},{"@Name":"ParentProcessId","#text":"1652"},{"@Name":"ParentImage","#text":"C:\\Windows\\System32\\HOSTNAME.EXE"},{"@Name":"ParentCommandLine","#text":"\"C:\\Windows\\system32\\HOSTNAME.EXE\""},{"@Name":"ParentUser","#text":"SERVER002\\admin_test"}]}}}
{"Event":{"System":{"Provider":{"@Name":"Microsoft-Windows-Sysmon","@Guid":"5770385f-c22a-43e0-bf4c-06f5698ffbd9"},"EventID":"5","Version":"3","Level":"4","Task":"5","Opcode":"0","Keywords":"0x8000000000000000","TimeCreated":{"@SystemTime":"2024-10-21 13:22:59.7714942"},"EventRecordID":"17942","Correlation":null,"Execution":{"@ProcessID":"3048","@ThreadID":"3936"},"Channel":"Microsoft-Windows-Sysmon/Operational","Computer":"Server002","Security":{"@UserID":"S-1-5-18"}},"EventData":{"Data":[{"@Name":"RuleName","#text":"-"},{"@Name":"UtcTime","#text":"2024-10-21 13:22:59.764"},{"@Name":"ProcessGuid","#text":"dbf410b3-55b3-6716-ba00-000000003900"},{"@Name":"ProcessId","#text":"1652"},{"@Name":"Image","#text":"C:\\Windows\\System32\\HOSTNAME.EXE"},{"@Name":"User","#text":"SERVER002\\admin_test"}]}}}
{"Event":{"System":{"Provider":{"@Name":"Microsoft-Windows-Sysmon","@Guid":"5770385f-c22a-43e0-bf4c-06f5698ffbd9"},"EventID":"5","Version":"3","Level":"4","Task":"5","Opcode":"0","Keywords":"0x8000000000000000","TimeCreated":{"@SystemTime":"2024-10-21 13:22:59.7739096"},"EventRecordID":"17943","Correlation":null,"Execution":{"@ProcessID":"3048","@ThreadID":"3936"},"Channel":"Microsoft-Windows-Sysmon/Operational","Computer":"Server002","Security":{"@UserID":"S-1-5-18"}},"EventData":{"Data":[{"@Name":"RuleName","#text":"-"},{"@Name":"UtcTime","#text":"2024-10-21 13:22:59.772"},{"@Name":"ProcessGuid","#text":"dbf410b3-55b3-6716-bb00-000000003900"},{"@Name":"ProcessId","#text":"2172"},{"@Name":"Image","#text":"C:\\Windows\\System32\\conhost.exe"},{"@Name":"User","#text":"SERVER002\\admin_test"}]}}}
{"Event":{"System":{"Provider":{"@Name":"Microsoft-Windows-Sysmon","@Guid":"5770385f-c22a-43e0-bf4c-06f5698ffbd9"},"EventID":"1","Version":"5","Level":"4","Task":"1","Opcode":"0","Keywords":"0x8000000000000000","TimeCreated":{"@SystemTime":"2024-10-21 13:22:59.7758067"},"EventRecordID":"17944","Correlation":null,"Execution":{"@ProcessID":"3048","@ThreadID":"3936"},"Channel":"Microsoft-Windows-Sysmon/Operational","Computer":"Server002","Security":{"@UserID":"S-1-5-18"}},"EventData":{"Data":[{"@Name":"RuleName","#text":"-"},{"@Name":"UtcTime","#text":"2024-10-21 13:22:59.774"},{"@Name":"ProcessGuid","#text":"dbf410b3-55b3-6716-bc00-000000003900"},{"@Name":"ProcessId","#text":"920"},{"@Name":"Image","#text":"C:\\Windows\\System32\\whoami.exe"},{"@Name":"FileVersion","#text":"10.0.19041.1 (WinBuild.160101.0800)"},{"@Name":"Description","#text":"whoami - displays logged on user information"},{"@Name":"Product","#text":"Microsoft® Windows® Operating System"},{"@Name":"Company","#text":"Microsoft Corporation"},{"@Name":"OriginalFileName","#text":"whoami.exe"},{"@Name":"CommandLine","#text":"\"C:\\Windows\\system32\\whoami.exe\""},{"@Name":"CurrentDirectory","#text":"C:\\Users\\admin_test\\Documents\\"},{"@Name":"User","#text":"SERVER002\\admin_test"},{"@Name":"LogonGuid","#text":"dbf410b3-55af-6716-32db-090000000000"},{"@Name":"LogonId","#text":"0x9DB32"},{"@Name":"TerminalSessionId","#text":"0"},{"@Name":"IntegrityLevel","#text":"High"},{"@Name":"Hashes","#text":"SHA256=1D4902A04D99E8CCBFE7085E63155955FEE397449D386453F6C452AE407B8743"},{"@Name":"ParentProcessGuid","#text":"dbf410b3-55b0-6716-aa00-000000003900"},{"@Name":"ParentProcessId","#text":"1756"},{"@Name":"ParentImage","#text":"C:\\Windows\\System32\\wsmprovhost.exe"},{"@Name":"ParentCommandLine","#text":"C:\\Windows\\system32\\wsmprovhost.exe -Embedding"},{"@Name":"ParentUser","#text":"SERVER002\\admin_test"}]}}}
{"Event":{"System":{"Provider":{"@Name":"Microsoft-Windows-Sysmon","@Guid":"5770385f-c22a-43e0-bf4c-06f5698ffbd9"},"EventID":"1","Version":"5","Level":"4","Task":"1","Opcode":"0","Keywords":"0x8000000000000000","TimeCreated":{"@SystemTime":"2024-10-21 13:22:59.7796306"},"EventRecordID":"17945","Correlation":null,"Execution":{"@ProcessID":"3048","@ThreadID":"3936"},"Channel":"Microsoft-Windows-Sysmon/Operational","Computer":"Server002","Security":{"@UserID":"S-1-5-18"}},"EventData":{"Data":[{"@Name":"RuleName","#text":"-"},{"@Name":"UtcTime","#text":"2024-10-21 13:22:59.777"},{"@Name":"ProcessGuid","#text":"dbf410b3-55b3-6716-bd00-000000003900"},{"@Name":"ProcessId","#text":"4324"},{"@Name":"Image","#text":"C:\\Windows\\System32\\conhost.exe"},{"@Name":"FileVersion","#text":"10.0.19041.4355 (WinBuild.160101.0800)"},{"@Name":"Description","#text":"Console Window Host"},{"@Name":"Product","#text":"Microsoft® Windows® Operating System"},{"@Name":"Company","#text":"Microsoft Corporation"},{"@Name":"OriginalFileName","#text":"CONHOST.EXE"},{"@Name":"CommandLine","#text":"\\??\\C:\\Windows\\system32\\conhost.exe 0xffffffff -ForceV1"},{"@Name":"CurrentDirectory","#text":"C:\\Windows"},{"@Name":"User","#text":"SERVER002\\admin_test"},{"@Name":"LogonGuid","#text":"dbf410b3-55af-6716-32db-090000000000"},{"@Name":"LogonId","#text":"0x9DB32"},{"@Name":"TerminalSessionId","#text":"0"},{"@Name":"IntegrityLevel","#text":"High"},{"@Name":"Hashes","#text":"SHA256=CC0A60CD15FA21E54615E46CD0F10CFBE86F496DC64D14B31D9F3B415D120EE1"},{"@Name":"ParentProcessGuid","#text":"dbf410b3-55b3-6716-bc00-000000003900"},{"@Name":"ParentProcessId","#text":"920"},{"@Name":"ParentImage","#text":"C:\\Windows\\System32\\whoami.exe"},{"@Name":"ParentCommandLine","#text":"\"C:\\Windows\\system32\\whoami.exe\""},{"@Name":"ParentUser","#text":"SERVER002\\admin_test"}]}}}
{"Event":{"System":{"Provider":{"@Name":"Microsoft-Windows-Sysmon","@Guid":"5770385f-c22a-43e0-bf4c-06f5698ffbd9"},"EventID":"5","Version":"3","Level":"4","Task":"5","Opcode":"0","Keywords":"0x8000000000000000","TimeCreated":{"@SystemTime":"2024-10-21 13:22:59.8090271"},"EventRecordID":"17946","Correlation":null,"Execution":{"@ProcessID":"3048","@ThreadID":"3936"},"Channel":"Microsoft-Windows-Sysmon/Operational","Computer":"Server002","Security":{"@UserID":"S-1-5-18"}},"EventData":{"Data":[{"@Name":"RuleName","#text":"-"},{"@Name":"UtcTime","#text":"2024-10-21 13:22:59.808"},{"@Name":"ProcessGuid","#text":"dbf410b3-55b3-6716-bc00-000000003900"},{"@Name":"ProcessId","#text":"920"},{"@Name":"Image","#text":"C:\\Windows\\System32\\whoami.exe"},{"@Name":"User","#text":"SERVER002\\admin_test"}]}}}
{"Event":{"System":{"Provider":{"@Name":"Microsoft-Windows-Sysmon","@Guid":"5770385f-c22a-43e0-bf4c-06f5698ffbd9"},"EventID":"5","Version":"3","Level":"4","Task":"5","Opcode":"0","Keywords":"0x8000000000000000","TimeCreated":{"@SystemTime":"2024-10-21 13:22:59.8118666"},"EventRecordID":"17947","Correlation":null,"Execution":{"@ProcessID":"3048","@ThreadID":"3936"},"Channel":"Microsoft-Windows-Sysmon/Operational","Computer":"Server002","Security":{"@UserID":"S-1-5-18"}},"EventData":{"Data":[{"@Name":"RuleName","#text":"-"},{"@Name":"UtcTime","#text":"2024-10-21 13:22:59.810"},{"@Name":"ProcessGuid","#text":"dbf410b3-55b3-6716-bd00-000000003900"},{"@Name":"ProcessId","#text":"4324"},{"@Name":"Image","#text":"C:\\Windows\\System32\\conhost.exe"},{"@Name":"User","#text":"SERVER002\\admin_test"}]}}}
{"Event":{"System":{"Provider":{"@Name":"Microsoft-Windows-Sysmon","@Guid":"5770385f-c22a-43e0-bf4c-06f5698ffbd9"},"EventID":"1","Version":"5","Level":"4","Task":"1","Opcode":"0","Keywords":"0x8000000000000000","TimeCreated":{"@SystemTime":"2024-10-21 13:23:00.0234546"},"EventRecordID":"17948","Correlation":null,"Execution":{"@ProcessID":"3048","@ThreadID":"3936"},"Channel":"Microsoft-Windows-Sysmon/Operational","Computer":"Server002","Security":{"@UserID":"S-1-5-18"}},"EventData":{"Data":[{"@Name":"RuleName","#text":"-"},{"@Name":"UtcTime","#text":"2024-10-21 13:23:00.018"},{"@Name":"ProcessGuid","#text":"dbf410b3-55b4-6716-be00-000000003900"},{"@Name":"ProcessId","#text":"1384"},{"@Name":"Image","#text":"C:\\Windows\\System32\\cmd.exe"},{"@Name":"FileVersion","#text":"10.0.19041.4355 (WinBuild.160101.0800)"},{"@Name":"Description","#text":"Windows Command Processor"},{"@Name":"Product","#text":"Microsoft® Windows® Operating System"},{"@Name":"Company","#text":"Microsoft Corporation"},{"@Name":"OriginalFileName","#text":"Cmd.Exe"},{"@Name":"CommandLine","#text":"\"cmd.exe\" /c copy C:\\Windows\\System32\\cmd.exe C:\\lsm.exe &amp; C:\\lsm.exe /c echo data.003 &gt; C:\\data.003.txt"},{"@Name":"CurrentDirectory","#text":"C:\\Users\\ADMIN_~1\\AppData\\Local\\Temp\\"},{"@Name":"User","#text":"SERVER002\\admin_test"},{"@Name":"LogonGuid","#text":"dbf410b3-55af-6716-32db-090000000000"},{"@Name":"LogonId","#text":"0x9DB32"},{"@Name":"TerminalSessionId","#text":"0"},{"@Name":"IntegrityLevel","#text":"High"},{"@Name":"Hashes","#text":"SHA256=BADF4752413CB0CBDC03FB95820CA167F0CDC63B597CCDB5EF43111180E088B0"},{"@Name":"ParentProcessGuid","#text":"dbf410b3-55b0-6716-aa00-000000003900"},{"@Name":"ParentProcessId","#text":"1756"},{"@Name":"ParentImage","#text":"C:\\Windows\\System32\\wsmprovhost.exe"},{"@Name":"ParentCommandLine","#text":"C:\\Windows\\system32\\wsmprovhost.exe -Embedding"},{"@Name":"ParentUser","#text":"SERVER002\\admin_test"}]}}}
{"Event":{"System":{"Provider":{"@Name":"Microsoft-Windows-Sysmon","@Guid":"5770385f-c22a-43e0-bf4c-06f5698ffbd9"},"EventID":"1","Version":"5","Level":"4","Task":"1","Opcode":"0","Keywords":"0x8000000000000000","TimeCreated":{"@SystemTime":"2024-10-21 13:23:00.0329008"},"EventRecordID":"17949","Correlation":null,"Execution":{"@ProcessID":"3048","@ThreadID":"3936"},"Channel":"Microsoft-Windows-Sysmon/Operational","Computer":"Server002","Security":{"@UserID":"S-1-5-18"}},"EventData":{"Data":[{"@Name":"RuleName","#text":"-"},{"@Name":"UtcTime","#text":"2024-10-21 13:23:00.024"},{"@Name":"ProcessGuid","#text":"dbf410b3-55b4-6716-bf00-000000003900"},{"@Name":"ProcessId","#text":"1304"},{"@Name":"Image","#text":"C:\\Windows\\System32\\conhost.exe"},{"@Name":"FileVersion","#text":"10.0.19041.4355 (WinBuild.160101.0800)"},{"@Name":"Description","#text":"Console Window Host"},{"@Name":"Product","#text":"Microsoft® Windows® Operating System"},{"@Name":"Company","#text":"Microsoft Corporation"},{"@Name":"OriginalFileName","#text":"CONHOST.EXE"},{"@Name":"CommandLine","#text":"\\??\\C:\\Windows\\system32\\conhost.exe 0xffffffff -ForceV1"},{"@Name":"CurrentDirectory","#text":"C:\\Windows"},{"@Name":"User","#text":"SERVER002\\admin_test"},{"@Name":"LogonGuid","#text":"dbf410b3-55af-6716-32db-090000000000"},{"@Name":"LogonId","#text":"0x9DB32"},{"@Name":"TerminalSessionId","#text":"0"},{"@Name":"IntegrityLevel","#text":"High"},{"@Name":"Hashes","#text":"SHA256=CC0A60CD15FA21E54615E46CD0F10CFBE86F496DC64D14B31D9F3B415D120EE1"},{"@Name":"ParentProcessGuid","#text":"dbf410b3-55b4-6716-be00-000000003900"},{"@Name":"ParentProcessId","#text":"1384"},{"@Name":"ParentImage","#text":"C:\\Windows\\System32\\cmd.exe"},{"@Name":"ParentCommandLine","#text":"\"cmd.exe\" /c copy C:\\Windows\\System32\\cmd.exe C:\\lsm.exe &amp; C:\\lsm.exe /c echo data.003 &gt; C:\\data.003.txt"},{"@Name":"ParentUser","#text":"SERVER002\\admin_test"}]}}}
{"Event":{"System":{"Provider":{"@Name":"Microsoft-Windows-Sysmon","@Guid":"5770385f-c22a-43e0-bf4c-06f5698ffbd9"},"EventID":"1","Version":"5","Level":"4","Task":"1","Opcode":"0","Keywords":"0x8000000000000000","TimeCreated":{"@SystemTime":"2024-10-21 13:23:00.0885208"},"EventRecordID":"17950","Correlation":null,"Execution":{"@ProcessID":"3048","@ThreadID":"3936"},"Channel":"Microsoft-Windows-Sysmon/Operational","Computer":"Server002","Security":{"@UserID":"S-1-5-18"}},"EventData":{"Data":[{"@Name":"RuleName","#text":"-"},{"@Name":"UtcTime","#text":"2024-10-21 13:23:00.081"},{"@Name":"ProcessGuid","#text":"dbf410b3-55b4-6716-c000-000000003900"},{"@Name":"ProcessId","#text":"2720"},{"@Name":"Image","#text":"C:\\lsm.exe"},{"@Name":"FileVersion","#text":"10.0.19041.4355 (WinBuild.160101.0800)"},{"@Name":"Description","#text":"Windows Command Processor"},{"@Name":"Product","#text":"Microsoft® Windows® Operating System"},{"@Name":"Company","#text":"Microsoft Corporation"},{"@Name":"OriginalFileName","#text":"Cmd.Exe"},{"@Name":"CommandLine","#text":"C:\\lsm.exe  /c echo data.003 "},{"@Name":"CurrentDirectory","#text":"C:\\Users\\ADMIN_~1\\AppData\\Local\\Temp\\"},{"@Name":"User","#text":"SERVER002\\admin_test"},{"@Name":"LogonGuid","#text":"dbf410b3-55af-6716-32db-090000000000"},{"@Name":"LogonId","#text":"0x9DB32"},{"@Name":"TerminalSessionId","#text":"0"},{"@Name":"IntegrityLevel","#text":"High"},{"@Name":"Hashes","#text":"SHA256=BADF4752413CB0CBDC03FB95820CA167F0CDC63B597CCDB5EF43111180E088B0"},{"@Name":"ParentProcessGuid","#text":"dbf410b3-55b4-6716-be00-000000003900"},{"@Name":"ParentProcessId","#text":"1384"},{"@Name":"ParentImage","#text":"C:\\Windows\\System32\\cmd.exe"},{"@Name":"ParentCommandLine","#text":"\"cmd.exe\" /c copy C:\\Windows\\System32\\cmd.exe C:\\lsm.exe &amp; C:\\lsm.exe /c echo data.003 &gt; C:\\data.003.txt"},{"@Name":"ParentUser","#text":"SERVER002\\admin_test"}]}}}
{"Event":{"System":{"Provider":{"@Name":"Microsoft-Windows-Sysmon","@Guid":"5770385f-c22a-43e0-bf4c-06f5698ffbd9"},"EventID":"5","Version":"3","Level":"4","Task":"5","Opcode":"0","Keywords":"0x8000000000000000","TimeCreated":{"@SystemTime":"2024-10-21 13:23:00.0995342"},"EventRecordID":"17951","Correlation":null,"Execution":{"@ProcessID":"3048","@ThreadID":"3936"},"Channel":"Microsoft-Windows-Sysmon/Operational","Computer":"Server002","Security":{"@UserID":"S-1-5-18"}},"EventData":{"Data":[{"@Name":"RuleName","#text":"-"},{"@Name":"UtcTime","#text":"2024-10-21 13:23:00.095"},{"@Name":"ProcessGuid","#text":"dbf410b3-55b4-6716-c000-000000003900"},{"@Name":"ProcessId","#text":"2720"},{"@Name":"Image","#text":"C:\\lsm.exe"},{"@Name":"User","#text":"SERVER002\\admin_test"}]}}}
{"Event":{"System":{"Provider":{"@Name":"Microsoft-Windows-Sysmon","@Guid":"5770385f-c22a-43e0-bf4c-06f5698ffbd9"},"EventID":"5","Version":"3","Level":"4","Task":"5","Opcode":"0","Keywords":"0x8000000000000000","TimeCreated":{"@SystemTime":"2024-10-21 13:23:00.1030326"},"EventRecordID":"17952","Correlation":null,"Execution":{"@ProcessID":"3048","@ThreadID":"3936"},"Channel":"Microsoft-Windows-Sysmon/Operational","Computer":"Server002","Security":{"@UserID":"S-1-5-18"}},"EventData":{"Data":[{"@Name":"RuleName","#text":"-"},{"@Name":"UtcTime","#text":"2024-10-21 13:23:00.102"},{"@Name":"ProcessGuid","#text":"dbf410b3-55b4-6716-be00-000000003900"},{"@Name":"ProcessId","#text":"1384"},{"@Name":"Image","#text":"C:\\Windows\\System32\\cmd.exe"},{"@Name":"User","#text":"SERVER002\\admin_test"}]}}}
{"Event":{"System":{"Provider":{"@Name":"Microsoft-Windows-Sysmon","@Guid":"5770385f-c22a-43e0-bf4c-06f5698ffbd9"},"EventID":"5","Version":"3","Level":"4","Task":"5","Opcode":"0","Keywords":"0x8000000000000000","TimeCreated":{"@SystemTime":"2024-10-21 13:23:00.1117063"},"EventRecordID":"17953","Correlation":null,"Execution":{"@ProcessID":"3048","@ThreadID":"3936"},"Channel":"Microsoft-Windows-Sysmon/Operational","Computer":"Server002","Security":{"@UserID":"S-1-5-18"}},"EventData":{"Data":[{"@Name":"RuleName","#text":"-"},{"@Name":"UtcTime","#text":"2024-10-21 13:23:00.103"},{"@Name":"ProcessGuid","#text":"dbf410b3-55b4-6716-bf00-000000003900"},{"@Name":"ProcessId","#text":"1304"},{"@Name":"Image","#text":"C:\\Windows\\System32\\conhost.exe"},{"@Name":"User","#text":"SERVER002\\admin_test"}]}}}
{"Event":{"System":{"Provider":{"@Name":"Microsoft-Windows-Sysmon","@Guid":"5770385f-c22a-43e0-bf4c-06f5698ffbd9"},"EventID":"5","Version":"3","Level":"4","Task":"5","Opcode":"0","Keywords":"0x8000000000000000","TimeCreated":{"@SystemTime":"2024-10-21 13:23:01.2221287"},"EventRecordID":"17954","Correlation":null,"Execution":{"@ProcessID":"3048","@ThreadID":"3936"},"Channel":"Microsoft-Windows-Sysmon/Operational","Computer":"Server002","Security":{"@UserID":"S-1-5-18"}},"EventData":{"Data":[{"@Name":"RuleName","#text":"-"},{"@Name":"UtcTime","#text":"2024-10-21 13:23:01.218"},{"@Name":"ProcessGuid","#text":"dbf410b3-55aa-6716-9700-000000003900"},{"@Name":"ProcessId","#text":"5288"},{"@Name":"Image","#text":"C:\\Windows\\System32\\taskhostw.exe"},{"@Name":"User","#text":"NT AUTHORITY\\SYSTEM"}]}}}
{"Event":{"System":{"Provider":{"@Name":"Microsoft-Windows-Sysmon","@Guid":"5770385f-c22a-43e0-bf4c-06f5698ffbd9"},"EventID":"1","Version":"5","Level":"4","Task":"1","Opcode":"0","Keywords":"0x8000000000000000","TimeCreated":{"@SystemTime":"2024-10-21 13:23:07.3144565"},"EventRecordID":"17955","Correlation":null,"Execution":{"@ProcessID":"3048","@ThreadID":"3936"},"Channel":"Microsoft-Windows-Sysmon/Operational","Computer":"Server002","Security":{"@UserID":"S-1-5-18"}},"EventData":{"Data":[{"@Name":"RuleName","#text":"-"},{"@Name":"UtcTime","#text":"2024-10-21 13:23:07.312"},{"@Name":"ProcessGuid","#text":"dbf410b3-55bb-6716-c100-000000003900"},{"@Name":"ProcessId","#text":"1964"},{"@Name":"Image","#text":"C:\\Program Files (x86)\\Microsoft\\EdgeUpdate\\MicrosoftEdgeUpdate.exe"},{"@Name":"FileVersion","#text":"1.3.147.37"},{"@Name":"Description","#text":"Microsoft Edge Update"},{"@Name":"Product","#text":"Microsoft Edge Update"},{"@Name":"Company","#text":"Microsoft Corporation"},{"@Name":"OriginalFileName","#text":"msedgeupdate.dll"},{"@Name":"CommandLine","#text":"\"C:\\Program Files (x86)\\Microsoft\\EdgeUpdate\\MicrosoftEdgeUpdate.exe\" /svc"},{"@Name":"CurrentDirectory","#text":"C:\\Windows\\system32\\"},{"@Name":"User","#text":"NT AUTHORITY\\SYSTEM"},{"@Name":"LogonGuid","#text":"dbf410b3-715c-6716-e703-000000000000"},{"@Name":"LogonId","#text":"0x3E7"},{"@Name":"TerminalSessionId","#text":"0"},{"@Name":"IntegrityLevel","#text":"System"},{"@Name":"Hashes","#text":"SHA256=3096D8E82917A9B73F322F4B1743E52E9B0C8B3C5933A957E73E29D6973CDD5B"},{"@Name":"ParentProcessGuid","#text":"00000000-0000-0000-0000-000000000000"},{"@Name":"ParentProcessId","#text":"660"},{"@Name":"ParentImage","#text":"-"},{"@Name":"ParentCommandLine","#text":"-"},{"@Name":"ParentUser","#text":"-"}]}}}
{"Event":{"System":{"Provider":{"@Name":"Microsoft-Windows-Sysmon","@Guid":"5770385f-c22a-43e0-bf4c-06f5698ffbd9"},"EventID":"5","Version":"3","Level":"4","Task":"5","Opcode":"0","Keywords":"0x8000000000000000","TimeCreated":{"@SystemTime":"2024-10-21 13:23:15.4563544"},"EventRecordID":"17956","Correlation":null,"Execution":{"@ProcessID":"3048","@ThreadID":"3936"},"Channel":"Microsoft-Windows-Sysmon/Operational","Computer":"Server002","Security":{"@UserID":"S-1-5-18"}},"EventData":{"Data":[{"@Name":"RuleName","#text":"-"},{"@Name":"UtcTime","#text":"2024-10-21 13:23:15.450"},{"@Name":"ProcessGuid","#text":"dbf410b3-55a7-6716-8700-000000003900"},{"@Name":"ProcessId","#text":"5700"},{"@Name":"Image","#text":"C:\\Windows\\System32\\svchost.exe"},{"@Name":"User","#text":"NT AUTHORITY\\SYSTEM"}]}}}
{"Event":{"System":{"Provider":{"@Name":"Microsoft-Windows-Sysmon","@Guid":"5770385f-c22a-43e0-bf4c-06f5698ffbd9"},"EventID":"1","Version":"5","Level":"4","Task":"1","Opcode":"0","Keywords":"0x8000000000000000","TimeCreated":{"@SystemTime":"2024-10-21 13:23:16.2741449"},"EventRecordID":"17957","Correlation":null,"Execution":{"@ProcessID":"3048","@ThreadID":"3936"},"Channel":"Microsoft-Windows-Sysmon/Operational","Computer":"Server002","Security":{"@UserID":"S-1-5-18"}},"EventData":{"Data":[{"@Name":"RuleName","#text":"-"},{"@Name":"UtcTime","#text":"2024-10-21 13:23:16.271"},{"@Name":"ProcessGuid","#text":"dbf410b3-55c4-6716-c200-000000003900"},{"@Name":"ProcessId","#text":"3272"},{"@Name":"Image","#text":"C:\\Windows\\System32\\wuauclt.exe"},{"@Name":"FileVersion","#text":"10.0.19041.4597 (WinBuild.160101.0800)"},{"@Name":"Description","#text":"Windows Update"},{"@Name":"Product","#text":"Microsoft® Windows® Operating System"},{"@Name":"Company","#text":"Microsoft Corporation"},{"@Name":"OriginalFileName","#text":"wuauclt.exe"},{"@Name":"CommandLine","#text":"\"C:\\Windows\\system32\\wuauclt.exe\" /UpdateDeploymentProvider UpdateDeploymentProvider.dll /ClassId 38a7bcae-c957-4287-8479-25081678e76e /RunHandlerComServer"},{"@Name":"CurrentDirectory","#text":"C:\\Windows\\system32\\"},{"@Name":"User","#text":"NT AUTHORITY\\SYSTEM"},{"@Name":"LogonGuid","#text":"dbf410b3-715c-6716-e703-000000000000"},{"@Name":"LogonId","#text":"0x3E7"},{"@Name":"TerminalSessionId","#text":"0"},{"@Name":"IntegrityLevel","#text":"System"},{"@Name":"Hashes","#text":"SHA256=1060450D47F4EB5D4FF85B60BFBE51C9522C5063B2D5A8A87EACBCF25C81C246"},{"@Name":"ParentProcessGuid","#text":"dbf410b3-55a9-6716-9300-000000003900"},{"@Name":"ParentProcessId","#text":"4268"},{"@Name":"ParentImage","#text":"C:\\Windows\\System32\\MoUsoCoreWorker.exe"},{"@Name":"ParentCommandLine","#text":"C:\\Windows\\System32\\mousocoreworker.exe -Embedding"},{"@Name":"ParentUser","#text":"NT AUTHORITY\\SYSTEM"}]}}}
{"Event":{"System":{"Provider":{"@Name":"Microsoft-Windows-Sysmon","@Guid":"5770385f-c22a-43e0-bf4c-06f5698ffbd9"},"EventID":"1","Version":"5","Level":"4","Task":"1","Opcode":"0","Keywords":"0x8000000000000000","TimeCreated":{"@SystemTime":"2024-10-21 13:23:16.7906519"},"EventRecordID":"17958","Correlation":null,"Execution":{"@ProcessID":"3048","@ThreadID":"3936"},"Channel":"Microsoft-Windows-Sysmon/Operational","Computer":"Server002","Security":{"@UserID":"S-1-5-18"}},"EventData":{"Data":[{"@Name":"RuleName","#text":"-"},{"@Name":"UtcTime","#text":"2024-10-21 13:23:16.719"},{"@Name":"ProcessGuid","#text":"dbf410b3-55c4-6716-c300-000000003900"},{"@Name":"ProcessId","#text":"4300"},{"@Name":"Image","#text":"C:\\Windows\\SoftwareDistribution\\Download\\Install\\AM_Delta.exe"},{"@Name":"FileVersion","#text":"1.419.626.0"},{"@Name":"Description","#text":"AntiMalware Definition Update"},{"@Name":"Product","#text":"Microsoft Malware Protection"},{"@Name":"Company","#text":"Microsoft Corporation"},{"@Name":"OriginalFileName","#text":"AM_Delta.exe"},{"@Name":"CommandLine","#text":"\"C:\\Windows\\SoftwareDistribution\\Download\\Install\\AM_Delta.exe\" WD /q"},{"@Name":"CurrentDirectory","#text":"C:\\Windows\\SoftwareDistribution\\Download\\Install\\"},{"@Name":"User","#text":"NT AUTHORITY\\SYSTEM"},{"@Name":"LogonGuid","#text":"dbf410b3-715c-6716-e703-000000000000"},{"@Name":"LogonId","#text":"0x3E7"},{"@Name":"TerminalSessionId","#text":"0"},{"@Name":"IntegrityLevel","#text":"System"},{"@Name":"Hashes","#text":"SHA256=605958AEB6BBE7834C0C21BCC76932837FC741DFDA897156E74F145637FAE90B"},{"@Name":"ParentProcessGuid","#text":"dbf410b3-55c4-6716-c200-000000003900"},{"@Name":"ParentProcessId","#text":"3272"},{"@Name":"ParentImage","#text":"C:\\Windows\\System32\\wuauclt.exe"},{"@Name":"ParentCommandLine","#text":"\"C:\\Windows\\system32\\wuauclt.exe\" /UpdateDeploymentProvider UpdateDeploymentProvider.dll /ClassId 38a7bcae-c957-4287-8479-25081678e76e /RunHandlerComServer"},{"@Name":"ParentUser","#text":"NT AUTHORITY\\SYSTEM"}]}}}
{"Event":{"System":{"Provider":{"@Name":"Microsoft-Windows-Sysmon","@Guid":"5770385f-c22a-43e0-bf4c-06f5698ffbd9"},"EventID":"1","Version":"5","Level":"4","Task":"1","Opcode":"0","Keywords":"0x8000000000000000","TimeCreated":{"@SystemTime":"2024-10-21 13:23:16.8599197"},"EventRecordID":"17959","Correlation":null,"Execution":{"@ProcessID":"3048","@ThreadID":"3936"},"Channel":"Microsoft-Windows-Sysmon/Operational","Computer":"Server002","Security":{"@UserID":"S-1-5-18"}},"EventData":{"Data":[{"@Name":"RuleName","#text":"-"},{"@Name":"UtcTime","#text":"2024-10-21 13:23:16.849"},{"@Name":"ProcessGuid","#text":"dbf410b3-55c4-6716-c400-000000003900"},{"@Name":"ProcessId","#text":"3548"},{"@Name":"Image","#text":"C:\\Windows\\System32\\MpSigStub.exe"},{"@Name":"FileVersion","#text":"1.1.24010.2001 (7122f19e8a45ed98fbe41ea0bdadf251e45717f9)"},{"@Name":"Description","#text":"Microsoft Malware Protection Signature Update Stub"},{"@Name":"Product","#text":"Microsoft Malware Protection"},{"@Name":"Company","#text":"Microsoft Corporation"},{"@Name":"OriginalFileName","#text":"MpSigStub.exe"},{"@Name":"CommandLine","#text":"C:\\Windows\\system32\\MpSigStub.exe /stub 1.1.24010.2001 /file 1.419.626.0 /MpWUStub /program C:\\Windows\\SoftwareDistribution\\Download\\Install\\AM_Delta.exe WD /q"},{"@Name":"CurrentDirectory","#text":"C:\\Windows\\system32\\"},{"@Name":"User","#text":"NT AUTHORITY\\SYSTEM"},{"@Name":"LogonGuid","#text":"dbf410b3-715c-6716-e703-000000000000"},{"@Name":"LogonId","#text":"0x3E7"},{"@Name":"TerminalSessionId","#text":"0"},{"@Name":"IntegrityLevel","#text":"System"},{"@Name":"Hashes","#text":"SHA256=071B0D3A08503A8B88AEEDA1D20F371A563377028F6E252DC66CCE60AB8F823E"},{"@Name":"ParentProcessGuid","#text":"dbf410b3-55c4-6716-c200-000000003900"},{"@Name":"ParentProcessId","#text":"3272"},{"@Name":"ParentImage","#text":"C:\\Windows\\System32\\wuauclt.exe"},{"@Name":"ParentCommandLine","#text":"\"C:\\Windows\\system32\\wuauclt.exe\" /UpdateDeploymentProvider UpdateDeploymentProvider.dll /ClassId 38a7bcae-c957-4287-8479-25081678e76e /RunHandlerComServer"},{"@Name":"ParentUser","#text":"NT AUTHORITY\\SYSTEM"}]}}}
