{"Event":{"System":{"Provider":{"@Name":"Microsoft-Windows-Sysmon","@Guid":"5770385f-c22a-43e0-bf4c-06f5698ffbd9"},"EventID":"5","Version":"3","Level":"4","Task":"5","Opcode":"0","Keywords":"0x8000000000000000","TimeCreated":{"@SystemTime":"2024-10-27 20:34:16.1271456"},"EventRecordID":"18025","Correlation":null,"Execution":{"@ProcessID":"2788","@ThreadID":"3944"},"Channel":"Microsoft-Windows-Sysmon/Operational","Computer":"Server002","Security":{"@UserID":"S-1-5-18"}},"EventData":{"Data":[{"@Name":"RuleName","#text":"-"},{"@Name":"UtcTime","#text":"2024-10-27 20:34:16.112"},{"@Name":"ProcessGuid","#text":"dbf410b3-a3c8-671e-e200-000000003900"},{"@Name":"ProcessId","#text":"1824"},{"@Name":"Image","#text":"C:\\Program Files (x86)\\Microsoft\\EdgeUpdate\\MicrosoftEdgeUpdate.exe"},{"@Name":"User","#text":"NT AUTHORITY\\SYSTEM"}]}}}
{"Event":{"System":{"Provider":{"@Name":"Microsoft-Windows-Sysmon","@Guid":"5770385f-c22a-43e0-bf4c-06f5698ffbd9"},"EventID":"1","Version":"5","Level":"4","Task":"1","Opcode":"0","Keywords":"0x8000000000000000","TimeCreated":{"@SystemTime":"2024-10-27 20:34:16.1580834"},"EventRecordID":"18026","Correlation":null,"Execution":{"@ProcessID":"2788","@ThreadID":"3944"},"Channel":"Microsoft-Windows-Sysmon/Operational","Computer":"Server002","Security":{"@UserID":"S-1-5-18"}},"EventData":{"Data":[{"@Name":"RuleName","#text":"-"},{"@Name":"UtcTime","#text":"2024-10-27 20:34:16.153"},{"@Name":"ProcessGuid","#text":"dbf410b3-a3c8-671e-e400-000000003900"},{"@Name":"ProcessId","#text":"640"},{"@Name":"Image","#text":"C:\\Program Files (x86)\\Microsoft\\EdgeUpdate\\MicrosoftEdgeUpdate.exe"},{"@Name":"FileVersion","#text":"1.3.147.37"},{"@Name":"Description","#text":"Microsoft Edge Update"},{"@Name":"Product","#text":"Microsoft Edge Update"},{"@Name":"Company","#text":"Microsoft Corporation"},{"@Name":"OriginalFileName","#text":"msedgeupdate.dll"},{"@Name":"CommandLine","#text":"\"C:\\Program Files (x86)\\Microsoft\\EdgeUpdate\\MicrosoftEdgeUpdate.exe\" /ua /installsource core"},{"@Name":"CurrentDirectory","#text":"C:\\Program Files (x86)\\Microsoft\\EdgeUpdate\\1.3.195.27\\"},{"@Name":"User","#text":"NT AUTHORITY\\SYSTEM"},{"@Name":"LogonGuid","#text":"dbf410b3-b13c-671e-e703-000000000000"},{"@Name":"LogonId","#text":"0x3E7"},{"@Name":"TerminalSessionId","#text":"0"},{"@Name":"IntegrityLevel","#text":"System"},{"@Name":"Hashes","#text":"SHA256=3096D8E82917A9B73F322F4B1743E52E9B0C8B3C5933A957E73E29D6973CDD5B"},{"@Name":"ParentProcessGuid","#text":"dbf410b3-a3c8-671e-e300-000000003900"},{"@Name":"ParentProcessId","#text":"4276"},{"@Name":"ParentImage","#text":"C:\\Program Files (x86)\\Microsoft\\EdgeUpdate\\MicrosoftEdgeUpdate.exe"},{"@Name":"ParentCommandLine","#text":"\"C:\\Program Files (x86)\\Microsoft\\EdgeUpdate\\MicrosoftEdgeUpdate.exe\" /c"},{"@Name":"ParentUser","#text":"NT AUTHORITY\\SYSTEM"}]}}}

{"Event":{"System":{"Provider":{"@Name":"Microsoft-Windows-Sysmon","@Guid":"5770385f-c22a-43e0-bf4c-06f5698ffbd9"},"EventID":"5","Version":"3","Level":"4","Task":"5","Opcode":"0","Keywords":"0x8000000000000000","TimeCreated":{"@SystemTime":"2024-10-27 20:34:16.7860146"},"EventRecordID":"18028","Correlation":null,"Execution":{"@ProcessID":"2788","@ThreadID":"3944"},"Channel":"Microsoft-Windows-Sysmon/Operational","Computer":"Server002","Security":{"@UserID":"S-1-5-18"}},"EventData":{"Data":[{"@Name":"RuleName","#text":"-"},{"@Name":"UtcTime","#text":"2024-10-27 20:34:16.782"},{"@Name":"ProcessGuid","#text":"dbf410b3-a3c8-671e-e500-000000003900"},{"@Name":"ProcessId","#text":"1528"},{"@Name":"Image","#text":"C:\\Program Files (x86)\\Microsoft\\EdgeUpdate\\MicrosoftEdgeUpdate.exe"},{"@Name":"User","#text":"NT AUTHORITY\\SYSTEM"}]}}}
{"Event":{"System":{"Provider":{"@Name":"Microsoft-Windows-Sysmon","@Guid":"5770385f-c22a-43e0-bf4c-06f5698ffbd9"},"EventID":"5","Version":"3","Level":"4","Task":"5","Opcode":"0","Keywords":"0x8000000000000000","TimeCreated":{"@SystemTime":"2024-10-27 20:34:16.8045982"},"EventRecordID":"18029","Correlation":null,"Execution":{"@ProcessID":"2788","@ThreadID":"3944"},"Channel":"Microsoft-Windows-Sysmon/Operational","Computer":"Server002","Security":{"@UserID":"S-1-5-18"}},"EventData":{"Data":[{"@Name":"RuleName","#text":"-"},{"@Name":"UtcTime","#text":"2024-10-27 20:34:16.801"},{"@Name":"ProcessGuid","#text":"dbf410b3-a3c2-671e-dc00-000000003900"},{"@Name":"ProcessId","#text":"2936"},{"@Name":"Image","#text":"C:\\Program Files (x86)\\Microsoft\\Temp\\EU84F5.tmp\\MicrosoftEdgeUpdate.exe"},{"@Name":"User","#text":"NT AUTHORITY\\SYSTEM"}]}}}
{"Event":{"System":{"Provider":{"@Name":"Microsoft-Windows-Sysmon","@Guid":"5770385f-c22a-43e0-bf4c-06f5698ffbd9"},"EventID":"5","Version":"3","Level":"4","Task":"5","Opcode":"0","Keywords":"0x8000000000000000","TimeCreated":{"@SystemTime":"2024-10-27 20:34:16.8234163"},"EventRecordID":"18030","Correlation":null,"Execution":{"@ProcessID":"2788","@ThreadID":"3944"},"Channel":"Microsoft-Windows-Sysmon/Operational","Computer":"Server002","Security":{"@UserID":"S-1-5-18"}},"EventData":{"Data":[{"@Name":"RuleName","#text":"-"},{"@Name":"UtcTime","#text":"2024-10-27 20:34:16.817"},{"@Name":"ProcessGuid","#text":"dbf410b3-a3b9-671e-c600-000000003900"},{"@Name":"ProcessId","#text":"5744"},{"@Name":"Image","#text":"C:\\Program Files (x86)\\Microsoft\\EdgeUpdate\\Install\\{E50C2292-E6A6-4E9C-8163-F91FDA8D64FD}\\MicrosoftEdgeUpdateSetup_X86_1.3.195.27.exe"},{"@Name":"User","#text":"NT AUTHORITY\\SYSTEM"}]}}}
{"Event":{"System":{"Provider":{"@Name":"Microsoft-Windows-Sysmon","@Guid":"5770385f-c22a-43e0-bf4c-06f5698ffbd9"},"EventID":"5","Version":"3","Level":"4","Task":"5","Opcode":"0","Keywords":"0x8000000000000000","TimeCreated":{"@SystemTime":"2024-10-27 20:34:20.0942447"},"EventRecordID":"18031","Correlation":null,"Execution":{"@ProcessID":"2788","@ThreadID":"3944"},"Channel":"Microsoft-Windows-Sysmon/Operational","Computer":"Server002","Security":{"@UserID":"S-1-5-18"}},"EventData":{"Data":[{"@Name":"RuleName","#text":"-"},{"@Name":"UtcTime","#text":"2024-10-27 20:34:20.090"},{"@Name":"ProcessGuid","#text":"dbf410b3-a33e-671e-8a00-000000003900"},{"@Name":"ProcessId","#text":"5436"},{"@Name":"Image","#text":"C:\\Windows\\WinSxS\\amd64_microsoft-windows-servicingstack_31bf3856ad364e35_10.0.19041.4950_none_7dd913727cb4d87c\\TiWorker.exe"},{"@Name":"User","#text":"NT AUTHORITY\\SYSTEM"}]}}}
{"Event":{"System":{"Provider":{"@Name":"Microsoft-Windows-Sysmon","@Guid":"5770385f-c22a-43e0-bf4c-06f5698ffbd9"},"EventID":"5","Version":"3","Level":"4","Task":"5","Opcode":"0","Keywords":"0x8000000000000000","TimeCreated":{"@SystemTime":"2024-10-27 20:34:20.1126537"},"EventRecordID":"18032","Correlation":null,"Execution":{"@ProcessID":"2788","@ThreadID":"3944"},"Channel":"Microsoft-Windows-Sysmon/Operational","Computer":"Server002","Security":{"@UserID":"S-1-5-18"}},"EventData":{"Data":[{"@Name":"RuleName","#text":"-"},{"@Name":"UtcTime","#text":"2024-10-27 20:34:20.109"},{"@Name":"ProcessGuid","#text":"dbf410b3-a33d-671e-8700-000000003900"},{"@Name":"ProcessId","#text":"5280"},{"@Name":"Image","#text":"C:\\Windows\\servicing\\TrustedInstaller.exe"},{"@Name":"User","#text":"NT AUTHORITY\\SYSTEM"}]}}}
{"Event":{"System":{"Provider":{"@Name":"Microsoft-Windows-Sysmon","@Guid":"5770385f-c22a-43e0-bf4c-06f5698ffbd9"},"EventID":"1","Version":"5","Level":"4","Task":"1","Opcode":"0","Keywords":"0x8000000000000000","TimeCreated":{"@SystemTime":"2024-10-27 20:34:43.0692064"},"EventRecordID":"18033","Correlation":null,"Execution":{"@ProcessID":"2788","@ThreadID":"3944"},"Channel":"Microsoft-Windows-Sysmon/Operational","Computer":"Server002","Security":{"@UserID":"S-1-5-18"}},"EventData":{"Data":[{"@Name":"RuleName","#text":"-"},{"@Name":"UtcTime","#text":"2024-10-27 20:34:43.005"},{"@Name":"ProcessGuid","#text":"dbf410b3-a3e3-671e-e600-000000003900"},{"@Name":"ProcessId","#text":"2756"},{"@Name":"Image","#text":"C:\\Windows\\System32\\taskhostw.exe"},{"@Name":"FileVersion","#text":"10.0.19041.4474 (WinBuild.160101.0800)"},{"@Name":"Description","#text":"Host Process for Windows Tasks"},{"@Name":"Product","#text":"Microsoft® Windows® Operating System"},{"@Name":"Company","#text":"Microsoft Corporation"},{"@Name":"OriginalFileName","#text":"taskhostw.exe"},{"@Name":"CommandLine","#text":"taskhostw.exe SBServicing"},{"@Name":"CurrentDirectory","#text":"C:\\Windows\\system32\\"},{"@Name":"User","#text":"NT AUTHORITY\\SYSTEM"},{"@Name":"LogonGuid","#text":"dbf410b3-b13c-671e-e703-000000000000"},{"@Name":"LogonId","#text":"0x3E7"},{"@Name":"TerminalSessionId","#text":"0"},{"@Name":"IntegrityLevel","#text":"System"},{"@Name":"Hashes","#text":"SHA256=1C7B7E7026EF8307BF33AFDADF1D49E7C1EE4C829260B4F6988185D22D7BCC3A"},{"@Name":"ParentProcessGuid","#text":"00000000-0000-0000-0000-000000000000"},{"@Name":"ParentProcessId","#text":"1340"},{"@Name":"ParentImage","#text":"-"},{"@Name":"ParentCommandLine","#text":"-"},{"@Name":"ParentUser","#text":"-"}]}}}
{"Event":{"System":{"Provider":{"@Name":"Microsoft-Windows-Sysmon","@Guid":"5770385f-c22a-43e0-bf4c-06f5698ffbd9"},"EventID":"1","Version":"5","Level":"4","Task":"1","Opcode":"0","Keywords":"0x8000000000000000","TimeCreated":{"@SystemTime":"2024-10-27 20:34:43.0742598"},"EventRecordID":"18034","Correlation":null,"Execution":{"@ProcessID":"2788","@ThreadID":"3944"},"Channel":"Microsoft-Windows-Sysmon/Operational","Computer":"Server002","Security":{"@UserID":"S-1-5-18"}},"EventData":{"Data":[{"@Name":"RuleName","#text":"-"},{"@Name":"UtcTime","#text":"2024-10-27 20:34:43.048"},{"@Name":"ProcessGuid","#text":"dbf410b3-a3e3-671e-e800-000000003900"},{"@Name":"ProcessId","#text":"5004"},{"@Name":"Image","#text":"C:\\Windows\\System32\\wermgr.exe"},{"@Name":"FileVersion","#text":"10.0.19041.4355 (WinBuild.160101.0800)"},{"@Name":"Description","#text":"Windows Problem Reporting"},{"@Name":"Product","#text":"Microsoft® Windows® Operating System"},{"@Name":"Company","#text":"Microsoft Corporation"},{"@Name":"OriginalFileName","#text":"WerMgr"},{"@Name":"CommandLine","#text":"\"C:\\Windows\\system32\\wermgr.exe\" -upload"},{"@Name":"CurrentDirectory","#text":"C:\\Windows\\system32\\"},{"@Name":"User","#text":"NT AUTHORITY\\SYSTEM"},{"@Name":"LogonGuid","#text":"dbf410b3-b13c-671e-e703-000000000000"},{"@Name":"LogonId","#text":"0x3E7"},{"@Name":"TerminalSessionId","#text":"0"},{"@Name":"IntegrityLevel","#text":"System"},{"@Name":"Hashes","#text":"SHA256=757A6B10BC3560BECBA2B94182D4EEE82DB6D0F049D3298DA8F5F3D19D69217D"},{"@Name":"ParentProcessGuid","#text":"00000000-0000-0000-0000-000000000000"},{"@Name":"ParentProcessId","#text":"1340"},{"@Name":"ParentImage","#text":"-"},{"@Name":"ParentCommandLine","#text":"-"},{"@Name":"ParentUser","#text":"-"}]}}}
{"Event":{"System":{"Provider":{"@Name":"Microsoft-Windows-Sysmon","@Guid":"5770385f-c22a-43e0-bf4c-06f5698ffbd9"},"EventID":"1","Version":"5","Level":"4","Task":"1","Opcode":"0","Keywords":"0x8000000000000000","TimeCreated":{"@SystemTime":"2024-10-27 20:34:43.0760298"},"EventRecordID":"18035","Correlation":null,"Execution":{"@ProcessID":"2788","@ThreadID":"3944"},"Channel":"Microsoft-Windows-Sysmon/Operational","Computer":"Server002","Security":{"@UserID":"S-1-5-18"}},"EventData":{"Data":[{"@Name":"RuleName","#text":"-"},{"@Name":"UtcTime","#text":"2024-10-27 20:34:43.040"},{"@Name":"ProcessGuid","#text":"dbf410b3-a3e3-671e-e700-000000003900"},{"@Name":"ProcessId","#text":"3064"},{"@Name":"Image","#text":"C:\\Windows\\System32\\DeviceCensus.exe"},{"@Name":"FileVersion","#text":"10.0.19041.4957 (WinBuild.160101.0800)"},{"@Name":"Description","#text":"Device Census"},{"@Name":"Product","#text":"Microsoft® Windows® Operating System"},{"@Name":"Company","#text":"Microsoft Corporation"},{"@Name":"OriginalFileName","#text":"DeviceCensus.exe"},{"@Name":"CommandLine","#text":"\"C:\\Windows\\system32\\devicecensus.exe\" SystemCxt"},{"@Name":"CurrentDirectory","#text":"C:\\Windows\\system32\\"},{"@Name":"User","#text":"NT AUTHORITY\\SYSTEM"},{"@Name":"LogonGuid","#text":"dbf410b3-b13c-671e-e703-000000000000"},{"@Name":"LogonId","#text":"0x3E7"},{"@Name":"TerminalSessionId","#text":"0"},{"@Name":"IntegrityLevel","#text":"System"},{"@Name":"Hashes","#text":"SHA256=38FFA0A7ABF3389C250BCEFFA47F08799CB59E36BB167AE405219F7A127F705C"},{"@Name":"ParentProcessGuid","#text":"00000000-0000-0000-0000-000000000000"},{"@Name":"ParentProcessId","#text":"1340"},{"@Name":"ParentImage","#text":"-"},{"@Name":"ParentCommandLine","#text":"-"},{"@Name":"ParentUser","#text":"-"}]}}}
{"Event":{"System":{"Provider":{"@Name":"Microsoft-Windows-Sysmon","@Guid":"5770385f-c22a-43e0-bf4c-06f5698ffbd9"},"EventID":"1","Version":"5","Level":"4","Task":"1","Opcode":"0","Keywords":"0x8000000000000000","TimeCreated":{"@SystemTime":"2024-10-27 20:34:43.0991783"},"EventRecordID":"18036","Correlation":null,"Execution":{"@ProcessID":"2788","@ThreadID":"3944"},"Channel":"Microsoft-Windows-Sysmon/Operational","Computer":"Server002","Security":{"@UserID":"S-1-5-18"}},"EventData":{"Data":[{"@Name":"RuleName","#text":"-"},{"@Name":"UtcTime","#text":"2024-10-27 20:34:43.084"},{"@Name":"ProcessGuid","#text":"dbf410b3-a3e3-671e-ea00-000000003900"},{"@Name":"ProcessId","#text":"1880"},{"@Name":"Image","#text":"C:\\Windows\\System32\\MusNotification.exe"},{"@Name":"FileVersion","#text":"10.0.19041.4717 (WinBuild.160101.0800)"},{"@Name":"Description","#text":"MusNotificationBroker"},{"@Name":"Product","#text":"Microsoft® Windows® Operating System"},{"@Name":"Company","#text":"Microsoft Corporation"},{"@Name":"OriginalFileName","#text":"MusNotification.exe"},{"@Name":"CommandLine","#text":"\"C:\\Windows\\system32\\MusNotification.exe\""},{"@Name":"CurrentDirectory","#text":"C:\\Windows\\system32\\"},{"@Name":"User","#text":"NT AUTHORITY\\SYSTEM"},{"@Name":"LogonGuid","#text":"dbf410b3-b13c-671e-e703-000000000000"},{"@Name":"LogonId","#text":"0x3E7"},{"@Name":"TerminalSessionId","#text":"0"},{"@Name":"IntegrityLevel","#text":"System"},{"@Name":"Hashes","#text":"SHA256=CCBE71E523A622C701327203FBE43411015EC62210B7B69BCDB4F3669AE96BB3"},{"@Name":"ParentProcessGuid","#text":"00000000-0000-0000-0000-000000000000"},{"@Name":"ParentProcessId","#text":"1340"},{"@Name":"ParentImage","#text":"-"},{"@Name":"ParentCommandLine","#text":"-"},{"@Name":"ParentUser","#text":"-"}]}}}
{"Event":{"System":{"Provider":{"@Name":"Microsoft-Windows-Sysmon","@Guid":"5770385f-c22a-43e0-bf4c-06f5698ffbd9"},"EventID":"1","Version":"5","Level":"4","Task":"1","Opcode":"0","Keywords":"0x8000000000000000","TimeCreated":{"@SystemTime":"2024-10-27 20:34:43.1057173"},"EventRecordID":"18037","Correlation":null,"Execution":{"@ProcessID":"2788","@ThreadID":"3944"},"Channel":"Microsoft-Windows-Sysmon/Operational","Computer":"Server002","Security":{"@UserID":"S-1-5-18"}},"EventData":{"Data":[{"@Name":"RuleName","#text":"-"},{"@Name":"UtcTime","#text":"2024-10-27 20:34:43.081"},{"@Name":"ProcessGuid","#text":"dbf410b3-a3e3-671e-e900-000000003900"},{"@Name":"ProcessId","#text":"1944"},{"@Name":"Image","#text":"C:\\Windows\\System32\\CompatTelRunner.exe"},{"@Name":"FileVersion","#text":"10.0.19041.4957 (WinBuild.160101.0800)"},{"@Name":"Description","#text":"Microsoft Compatibility Telemetry"},{"@Name":"Product","#text":"Microsoft® Windows® Operating System"},{"@Name":"Company","#text":"Microsoft Corporation"},{"@Name":"OriginalFileName","#text":"CompatTelRunner.exe"},{"@Name":"CommandLine","#text":"\"C:\\Windows\\system32\\compattelrunner.exe\""},{"@Name":"CurrentDirectory","#text":"C:\\Windows\\system32\\"},{"@Name":"User","#text":"NT AUTHORITY\\SYSTEM"},{"@Name":"LogonGuid","#text":"dbf410b3-b13c-671e-e703-000000000000"},{"@Name":"LogonId","#text":"0x3E7"},{"@Name":"TerminalSessionId","#text":"0"},{"@Name":"IntegrityLevel","#text":"System"},{"@Name":"Hashes","#text":"SHA256=5CCA3A57852EE2176D5EF24307BEEC478567C5BA729CB02469230568B309CB18"},{"@Name":"ParentProcessGuid","#text":"00000000-0000-0000-0000-000000000000"},{"@Name":"ParentProcessId","#text":"1340"},{"@Name":"ParentImage","#text":"-"},{"@Name":"ParentCommandLine","#text":"-"},{"@Name":"ParentUser","#text":"-"}]}}}
{"Event":{"System":{"Provider":{"@Name":"Microsoft-Windows-Sysmon","@Guid":"5770385f-c22a-43e0-bf4c-06f5698ffbd9"},"EventID":"1","Version":"5","Level":"4","Task":"1","Opcode":"0","Keywords":"0x8000000000000000","TimeCreated":{"@SystemTime":"2024-10-27 20:34:43.1129489"},"EventRecordID":"18038","Correlation":null,"Execution":{"@ProcessID":"2788","@ThreadID":"3944"},"Channel":"Microsoft-Windows-Sysmon/Operational","Computer":"Server002","Security":{"@UserID":"S-1-5-18"}},"EventData":{"Data":[{"@Name":"RuleName","#text":"-"},{"@Name":"UtcTime","#text":"2024-10-27 20:34:43.108"},{"@Name":"ProcessGuid","#text":"dbf410b3-a3e3-671e-eb00-000000003900"},{"@Name":"ProcessId","#text":"6300"},{"@Name":"Image","#text":"C:\\Windows\\System32\\UsoClient.exe"},{"@Name":"FileVersion","#text":"10.0.19041.4355 (WinBuild.160101.0800)"},{"@Name":"Description","#text":"UsoClient"},{"@Name":"Product","#text":"Microsoft® Windows® Operating System"},{"@Name":"Company","#text":"Microsoft Corporation"},{"@Name":"OriginalFileName","#text":"UsoClient"},{"@Name":"CommandLine","#text":"\"C:\\Windows\\system32\\usoclient.exe\" StartScan"},{"@Name":"CurrentDirectory","#text":"C:\\Windows\\system32\\"},{"@Name":"User","#text":"NT AUTHORITY\\SYSTEM"},{"@Name":"LogonGuid","#text":"dbf410b3-b13c-671e-e703-000000000000"},{"@Name":"LogonId","#text":"0x3E7"},{"@Name":"TerminalSessionId","#text":"0"},{"@Name":"IntegrityLevel","#text":"System"},{"@Name":"Hashes","#text":"SHA256=31319D4828921F1AD81EA9B730C981F7EB13B2C79C0CFB363D7F51A13E9A87DA"},{"@Name":"ParentProcessGuid","#text":"00000000-0000-0000-0000-000000000000"},{"@Name":"ParentProcessId","#text":"1340"},{"@Name":"ParentImage","#text":"-"},{"@Name":"ParentCommandLine","#text":"-"},{"@Name":"ParentUser","#text":"-"}]}}}
{"Event":{"System":{"Provider":{"@Name":"Microsoft-Windows-Sysmon","@Guid":"5770385f-c22a-43e0-bf4c-06f5698ffbd9"},"EventID":"1","Version":"5","Level":"4","Task":"1","Opcode":"0","Keywords":"0x8000000000000000","TimeCreated":{"@SystemTime":"2024-10-27 20:34:43.1575972"},"EventRecordID":"18039","Correlation":null,"Execution":{"@ProcessID":"2788","@ThreadID":"3944"},"Channel":"Microsoft-Windows-Sysmon/Operational","Computer":"Server002","Security":{"@UserID":"S-1-5-18"}},"EventData":{"Data":[{"@Name":"RuleName","#text":"-"},{"@Name":"UtcTime","#text":"2024-10-27 20:34:43.142"},{"@Name":"ProcessGuid","#text":"dbf410b3-a3e3-671e-ef00-000000003900"},{"@Name":"ProcessId","#text":"1672"},{"@Name":"Image","#text":"C:\\Windows\\System32\\sc.exe"},{"@Name":"FileVersion","#text":"10.0.19041.1 (WinBuild.160101.0800)"},{"@Name":"Description","#text":"Service Control Manager Configuration Tool"},{"@Name":"Product","#text":"Microsoft® Windows® Operating System"},{"@Name":"Company","#text":"Microsoft Corporation"},{"@Name":"OriginalFileName","#text":"sc.exe"},{"@Name":"CommandLine","#text":"\"C:\\Windows\\system32\\sc.exe\" start wuauserv"},{"@Name":"CurrentDirectory","#text":"C:\\Windows\\system32\\"},{"@Name":"User","#text":"NT AUTHORITY\\SYSTEM"},{"@Name":"LogonGuid","#text":"dbf410b3-b13c-671e-e703-000000000000"},{"@Name":"LogonId","#text":"0x3E7"},{"@Name":"TerminalSessionId","#text":"0"},{"@Name":"IntegrityLevel","#text":"System"},{"@Name":"Hashes","#text":"SHA256=41F067C3A11B02FE39947F9EBA68AE5C7CB5BD1872A6009A4CD1506554A9ABA9"},{"@Name":"ParentProcessGuid","#text":"00000000-0000-0000-0000-000000000000"},{"@Name":"ParentProcessId","#text":"1340"},{"@Name":"ParentImage","#text":"-"},{"@Name":"ParentCommandLine","#text":"-"},{"@Name":"ParentUser","#text":"-"}]}}}
{"Event":{"System":{"Provider":{"@Name":"Microsoft-Windows-Sysmon","@Guid":"5770385f-c22a-43e0-bf4c-06f5698ffbd9"},"EventID":"1","Version":"5","Level":"4","Task":"1","Opcode":"0","Keywords":"0x8000000000000000","TimeCreated":{"@SystemTime":"2024-10-27 20:34:43.1594775"},"EventRecordID":"18040","Correlation":null,"Execution":{"@ProcessID":"2788","@ThreadID":"3944"},"Channel":"Microsoft-Windows-Sysmon/Operational","Computer":"Server002","Security":{"@UserID":"S-1-5-18"}},"EventData":{"Data":[{"@Name":"RuleName","#text":"-"},{"@Name":"UtcTime","#text":"2024-10-27 20:34:43.127"},{"@Name":"ProcessGuid","#text":"dbf410b3-a3e3-671e-ec00-000000003900"},{"@Name":"ProcessId","#text":"6280"},{"@Name":"Image","#text":"C:\\Windows\\System32\\wsqmcons.exe"},{"@Name":"FileVersion","#text":"10.0.19041.4355 (WinBuild.160101.0800)"},{"@Name":"Description","#text":"Windows SQM Consolidator"},{"@Name":"Product","#text":"Microsoft® Windows® Operating System"},{"@Name":"Company","#text":"Microsoft Corporation"},{"@Name":"OriginalFileName","#text":"wsqmcons.exe"},{"@Name":"CommandLine","#text":"\"C:\\Windows\\System32\\wsqmcons.exe\""},{"@Name":"CurrentDirectory","#text":"C:\\Windows\\system32\\"},{"@Name":"User","#text":"NT AUTHORITY\\SYSTEM"},{"@Name":"LogonGuid","#text":"dbf410b3-b13c-671e-e703-000000000000"},{"@Name":"LogonId","#text":"0x3E7"},{"@Name":"TerminalSessionId","#text":"0"},{"@Name":"IntegrityLevel","#text":"System"},{"@Name":"Hashes","#text":"SHA256=8D407371F9F340F4EB2FE48EE563EBF5707488A7524473B781EE1D05A2168C26"},{"@Name":"ParentProcessGuid","#text":"00000000-0000-0000-0000-000000000000"},{"@Name":"ParentProcessId","#text":"1340"},{"@Name":"ParentImage","#text":"-"},{"@Name":"ParentCommandLine","#text":"-"},{"@Name":"ParentUser","#text":"-"}]}}}
{"Event":{"System":{"Provider":{"@Name":"Microsoft-Windows-Sysmon","@Guid":"5770385f-c22a-43e0-bf4c-06f5698ffbd9"},"EventID":"1","Version":"5","Level":"4","Task":"1","Opcode":"0","Keywords":"0x8000000000000000","TimeCreated":{"@SystemTime":"2024-10-27 20:34:43.1600365"},"EventRecordID":"18041","Correlation":null,"Execution":{"@ProcessID":"2788","@ThreadID":"3944"},"Channel":"Microsoft-Windows-Sysmon/Operational","Computer":"Server002","Security":{"@UserID":"S-1-5-18"}},"EventData":{"Data":[{"@Name":"RuleName","#text":"-"},{"@Name":"UtcTime","#text":"2024-10-27 20:34:43.138"},{"@Name":"ProcessGuid","#text":"dbf410b3-a3e3-671e-ee00-000000003900"},{"@Name":"ProcessId","#text":"6180"},{"@Name":"Image","#text":"C:\\Windows\\System32\\rundll32.exe"},{"@Name":"FileVersion","#text":"10.0.19041.4648 (WinBuild.160101.0800)"},{"@Name":"Description","#text":"Windows host process (Rundll32)"},{"@Name":"Product","#text":"Microsoft® Windows® Operating System"},{"@Name":"Company","#text":"Microsoft Corporation"},{"@Name":"OriginalFileName","#text":"RUNDLL32.EXE"},{"@Name":"CommandLine","#text":"\"C:\\Windows\\system32\\rundll32.exe\" C:\\Windows\\system32\\PcaSvc.dll,PcaPatchSdbTask"},{"@Name":"CurrentDirectory","#text":"C:\\Windows\\system32\\"},{"@Name":"User","#text":"NT AUTHORITY\\SYSTEM"},{"@Name":"LogonGuid","#text":"dbf410b3-b13c-671e-e703-000000000000"},{"@Name":"LogonId","#text":"0x3E7"},{"@Name":"TerminalSessionId","#text":"0"},{"@Name":"IntegrityLevel","#text":"System"},{"@Name":"Hashes","#text":"SHA256=770832DA77324F205306B4D89C02BA2B98DCE87207A82D4BF9B1D076608862D6"},{"@Name":"ParentProcessGuid","#text":"00000000-0000-0000-0000-000000000000"},{"@Name":"ParentProcessId","#text":"1340"},{"@Name":"ParentImage","#text":"-"},{"@Name":"ParentCommandLine","#text":"-"},{"@Name":"ParentUser","#text":"-"}]}}}
{"Event":{"System":{"Provider":{"@Name":"Microsoft-Windows-Sysmon","@Guid":"5770385f-c22a-43e0-bf4c-06f5698ffbd9"},"EventID":"1","Version":"5","Level":"4","Task":"1","Opcode":"0","Keywords":"0x8000000000000000","TimeCreated":{"@SystemTime":"2024-10-27 20:34:43.1604216"},"EventRecordID":"18042","Correlation":null,"Execution":{"@ProcessID":"2788","@ThreadID":"3944"},"Channel":"Microsoft-Windows-Sysmon/Operational","Computer":"Server002","Security":{"@UserID":"S-1-5-18"}},"EventData":{"Data":[{"@Name":"RuleName","#text":"-"},{"@Name":"UtcTime","#text":"2024-10-27 20:34:43.137"},{"@Name":"ProcessGuid","#text":"dbf410b3-a3e3-671e-ed00-000000003900"},{"@Name":"ProcessId","#text":"828"},{"@Name":"Image","#text":"C:\\Windows\\System32\\sc.exe"},{"@Name":"FileVersion","#text":"10.0.19041.1 (WinBuild.160101.0800)"},{"@Name":"Description","#text":"Service Control Manager Configuration Tool"},{"@Name":"Product","#text":"Microsoft® Windows® Operating System"},{"@Name":"Company","#text":"Microsoft Corporation"},{"@Name":"OriginalFileName","#text":"sc.exe"},{"@Name":"CommandLine","#text":"\"C:\\Windows\\system32\\sc.exe\" start pushtoinstall registration"},{"@Name":"CurrentDirectory","#text":"C:\\Windows\\system32\\"},{"@Name":"User","#text":"NT AUTHORITY\\SYSTEM"},{"@Name":"LogonGuid","#text":"dbf410b3-b13c-671e-e703-000000000000"},{"@Name":"LogonId","#text":"0x3E7"},{"@Name":"TerminalSessionId","#text":"0"},{"@Name":"IntegrityLevel","#text":"System"},{"@Name":"Hashes","#text":"SHA256=41F067C3A11B02FE39947F9EBA68AE5C7CB5BD1872A6009A4CD1506554A9ABA9"},{"@Name":"ParentProcessGuid","#text":"00000000-0000-0000-0000-000000000000"},{"@Name":"ParentProcessId","#text":"1340"},{"@Name":"ParentImage","#text":"-"},{"@Name":"ParentCommandLine","#text":"-"},{"@Name":"ParentUser","#text":"-"}]}}}
{"Event":{"System":{"Provider":{"@Name":"Microsoft-Windows-Sysmon","@Guid":"5770385f-c22a-43e0-bf4c-06f5698ffbd9"},"EventID":"1","Version":"5","Level":"4","Task":"1","Opcode":"0","Keywords":"0x8000000000000000","TimeCreated":{"@SystemTime":"2024-10-27 20:34:43.2103094"},"EventRecordID":"18043","Correlation":null,"Execution":{"@ProcessID":"2788","@ThreadID":"3944"},"Channel":"Microsoft-Windows-Sysmon/Operational","Computer":"Server002","Security":{"@UserID":"S-1-5-18"}},"EventData":{"Data":[{"@Name":"RuleName","#text":"-"},{"@Name":"UtcTime","#text":"2024-10-27 20:34:43.203"},{"@Name":"ProcessGuid","#text":"dbf410b3-a3e3-671e-f000-000000003900"},{"@Name":"ProcessId","#text":"1732"},{"@Name":"Image","#text":"C:\\Program Files\\RUXIM\\PLUGScheduler.exe"},{"@Name":"FileVersion","#text":"10.0.19041.5067 (WinBuild.160101.0800)"},{"@Name":"Description","#text":"Windows Update LifeCycle Component Scheduler"},{"@Name":"Product","#text":"Microsoft® Windows® Operating System"},{"@Name":"Company","#text":"Microsoft Corporation"},{"@Name":"OriginalFileName","#text":"PLUGScheduler.exe"},{"@Name":"CommandLine","#text":"\"C:\\Program Files\\RUXIM\\PLUGscheduler.exe\""},{"@Name":"CurrentDirectory","#text":"C:\\Program Files\\RUXIM\\"},{"@Name":"User","#text":"NT AUTHORITY\\SYSTEM"},{"@Name":"LogonGuid","#text":"dbf410b3-b13c-671e-e703-000000000000"},{"@Name":"LogonId","#text":"0x3E7"},{"@Name":"TerminalSessionId","#text":"0"},{"@Name":"IntegrityLevel","#text":"System"},{"@Name":"Hashes","#text":"SHA256=EFFBA0E62C1D7669BEC25853BF0B8E3DD7C7EA0A35DDEAE5622426EE139048F2"},{"@Name":"ParentProcessGuid","#text":"00000000-0000-0000-0000-000000000000"},{"@Name":"ParentProcessId","#text":"1340"},{"@Name":"ParentImage","#text":"-"},{"@Name":"ParentCommandLine","#text":"-"},{"@Name":"ParentUser","#text":"-"}]}}}
{"Event":{"System":{"Provider":{"@Name":"Microsoft-Windows-Sysmon","@Guid":"5770385f-c22a-43e0-bf4c-06f5698ffbd9"},"EventID":"1","Version":"5","Level":"4","Task":"1","Opcode":"0","Keywords":"0x8000000000000000","TimeCreated":{"@SystemTime":"2024-10-27 20:34:43.2637754"},"EventRecordID":"18044","Correlation":null,"Execution":{"@ProcessID":"2788","@ThreadID":"3944"},"Channel":"Microsoft-Windows-Sysmon/Operational","Computer":"Server002","Security":{"@UserID":"S-1-5-18"}},"EventData":{"Data":[{"@Name":"RuleName","#text":"-"},{"@Name":"UtcTime","#text":"2024-10-27 20:34:43.253"},{"@Name":"ProcessGuid","#text":"dbf410b3-a3e3-671e-f100-000000003900"},{"@Name":"ProcessId","#text":"1932"},{"@Name":"Image","#text":"C:\\Windows\\System32\\conhost.exe"},{"@Name":"FileVersion","#text":"10.0.19041.4355 (WinBuild.160101.0800)"},{"@Name":"Description","#text":"Console Window Host"},{"@Name":"Product","#text":"Microsoft® Windows® Operating System"},{"@Name":"Company","#text":"Microsoft Corporation"},{"@Name":"OriginalFileName","#text":"CONHOST.EXE"},{"@Name":"CommandLine","#text":"\\??\\C:\\Windows\\system32\\conhost.exe 0xffffffff -ForceV1"},{"@Name":"CurrentDirectory","#text":"C:\\Windows"},{"@Name":"User","#text":"NT AUTHORITY\\SYSTEM"},{"@Name":"LogonGuid","#text":"dbf410b3-b13c-671e-e703-000000000000"},{"@Name":"LogonId","#text":"0x3E7"},{"@Name":"TerminalSessionId","#text":"0"},{"@Name":"IntegrityLevel","#text":"System"},{"@Name":"Hashes","#text":"SHA256=CC0A60CD15FA21E54615E46CD0F10CFBE86F496DC64D14B31D9F3B415D120EE1"},{"@Name":"ParentProcessGuid","#text":"dbf410b3-a3e3-671e-e900-000000003900"},{"@Name":"ParentProcessId","#text":"1944"},{"@Name":"ParentImage","#text":"C:\\Windows\\System32\\CompatTelRunner.exe"},{"@Name":"ParentCommandLine","#text":"\"C:\\Windows\\system32\\compattelrunner.exe\""},{"@Name":"ParentUser","#text":"NT AUTHORITY\\SYSTEM"}]}}}
{"Event":{"System":{"Provider":{"@Name":"Microsoft-Windows-Sysmon","@Guid":"5770385f-c22a-43e0-bf4c-06f5698ffbd9"},"EventID":"1","Version":"5","Level":"4","Task":"1","Opcode":"0","Keywords":"0x8000000000000000","TimeCreated":{"@SystemTime":"2024-10-27 20:34:43.3494298"},"EventRecordID":"18045","Correlation":null,"Execution":{"@ProcessID":"2788","@ThreadID":"3944"},"Channel":"Microsoft-Windows-Sysmon/Operational","Computer":"Server002","Security":{"@UserID":"S-1-5-18"}},"EventData":{"Data":[{"@Name":"RuleName","#text":"-"},{"@Name":"UtcTime","#text":"2024-10-27 20:34:43.338"},{"@Name":"ProcessGuid","#text":"dbf410b3-a3e3-671e-f300-000000003900"},{"@Name":"ProcessId","#text":"3332"},{"@Name":"Image","#text":"C:\\Windows\\System32\\conhost.exe"},{"@Name":"FileVersion","#text":"10.0.19041.4355 (WinBuild.160101.0800)"},{"@Name":"Description","#text":"Console Window Host"},{"@Name":"Product","#text":"Microsoft® Windows® Operating System"},{"@Name":"Company","#text":"Microsoft Corporation"},{"@Name":"OriginalFileName","#text":"CONHOST.EXE"},{"@Name":"CommandLine","#text":"\\??\\C:\\Windows\\system32\\conhost.exe 0xffffffff -ForceV1"},{"@Name":"CurrentDirectory","#text":"C:\\Windows"},{"@Name":"User","#text":"NT AUTHORITY\\SYSTEM"},{"@Name":"LogonGuid","#text":"dbf410b3-b13c-671e-e703-000000000000"},{"@Name":"LogonId","#text":"0x3E7"},{"@Name":"TerminalSessionId","#text":"0"},{"@Name":"IntegrityLevel","#text":"System"},{"@Name":"Hashes","#text":"SHA256=CC0A60CD15FA21E54615E46CD0F10CFBE86F496DC64D14B31D9F3B415D120EE1"},{"@Name":"ParentProcessGuid","#text":"dbf410b3-a3e3-671e-ed00-000000003900"},{"@Name":"ParentProcessId","#text":"828"},{"@Name":"ParentImage","#text":"C:\\Windows\\System32\\sc.exe"},{"@Name":"ParentCommandLine","#text":"\"C:\\Windows\\system32\\sc.exe\" start pushtoinstall registration"},{"@Name":"ParentUser","#text":"NT AUTHORITY\\SYSTEM"}]}}}
{"Event":{"System":{"Provider":{"@Name":"Microsoft-Windows-Sysmon","@Guid":"5770385f-c22a-43e0-bf4c-06f5698ffbd9"},"EventID":"1","Version":"5","Level":"4","Task":"1","Opcode":"0","Keywords":"0x8000000000000000","TimeCreated":{"@SystemTime":"2024-10-27 20:34:43.5115762"},"EventRecordID":"18046","Correlation":null,"Execution":{"@ProcessID":"2788","@ThreadID":"3944"},"Channel":"Microsoft-Windows-Sysmon/Operational","Computer":"Server002","Security":{"@UserID":"S-1-5-18"}},"EventData":{"Data":[{"@Name":"RuleName","#text":"-"},{"@Name":"UtcTime","#text":"2024-10-27 20:34:43.285"},{"@Name":"ProcessGuid","#text":"dbf410b3-a3e3-671e-f200-000000003900"},{"@Name":"ProcessId","#text":"2208"},{"@Name":"Image","#text":"C:\\Windows\\System32\\conhost.exe"},{"@Name":"FileVersion","#text":"10.0.19041.4355 (WinBuild.160101.0800)"},{"@Name":"Description","#text":"Console Window Host"},{"@Name":"Product","#text":"Microsoft® Windows® Operating System"},{"@Name":"Company","#text":"Microsoft Corporation"},{"@Name":"OriginalFileName","#text":"CONHOST.EXE"},{"@Name":"CommandLine","#text":"\\??\\C:\\Windows\\system32\\conhost.exe 0xffffffff -ForceV1"},{"@Name":"CurrentDirectory","#text":"C:\\Windows"},{"@Name":"User","#text":"NT AUTHORITY\\SYSTEM"},{"@Name":"LogonGuid","#text":"dbf410b3-b13c-671e-e703-000000000000"},{"@Name":"LogonId","#text":"0x3E7"},{"@Name":"TerminalSessionId","#text":"0"},{"@Name":"IntegrityLevel","#text":"System"},{"@Name":"Hashes","#text":"SHA256=CC0A60CD15FA21E54615E46CD0F10CFBE86F496DC64D14B31D9F3B415D120EE1"},{"@Name":"ParentProcessGuid","#text":"dbf410b3-a3e3-671e-ef00-000000003900"},{"@Name":"ParentProcessId","#text":"1672"},{"@Name":"ParentImage","#text":"C:\\Windows\\System32\\sc.exe"},{"@Name":"ParentCommandLine","#text":"\"C:\\Windows\\system32\\sc.exe\" start wuauserv"},{"@Name":"ParentUser","#text":"NT AUTHORITY\\SYSTEM"}]}}}
{"Event":{"System":{"Provider":{"@Name":"Microsoft-Windows-Sysmon","@Guid":"5770385f-c22a-43e0-bf4c-06f5698ffbd9"},"EventID":"5","Version":"3","Level":"4","Task":"5","Opcode":"0","Keywords":"0x8000000000000000","TimeCreated":{"@SystemTime":"2024-10-27 20:34:43.5434045"},"EventRecordID":"18047","Correlation":null,"Execution":{"@ProcessID":"2788","@ThreadID":"3944"},"Channel":"Microsoft-Windows-Sysmon/Operational","Computer":"Server002","Security":{"@UserID":"S-1-5-18"}},"EventData":{"Data":[{"@Name":"RuleName","#text":"-"},{"@Name":"UtcTime","#text":"2024-10-27 20:34:43.539"},{"@Name":"ProcessGuid","#text":"dbf410b3-a3e3-671e-ec00-000000003900"},{"@Name":"ProcessId","#text":"6280"},{"@Name":"Image","#text":"C:\\Windows\\System32\\wsqmcons.exe"},{"@Name":"User","#text":"NT AUTHORITY\\SYSTEM"}]}}}
{"Event":{"System":{"Provider":{"@Name":"Microsoft-Windows-Sysmon","@Guid":"5770385f-c22a-43e0-bf4c-06f5698ffbd9"},"EventID":"5","Version":"3","Level":"4","Task":"5","Opcode":"0","Keywords":"0x8000000000000000","TimeCreated":{"@SystemTime":"2024-10-27 20:34:43.6469550"},"EventRecordID":"18048","Correlation":null,"Execution":{"@ProcessID":"2788","@ThreadID":"3944"},"Channel":"Microsoft-Windows-Sysmon/Operational","Computer":"Server002","Security":{"@UserID":"S-1-5-18"}},"EventData":{"Data":[{"@Name":"RuleName","#text":"-"},{"@Name":"UtcTime","#text":"2024-10-27 20:34:43.634"},{"@Name":"ProcessGuid","#text":"dbf410b3-a3e3-671e-ee00-000000003900"},{"@Name":"ProcessId","#text":"6180"},{"@Name":"Image","#text":"C:\\Windows\\System32\\rundll32.exe"},{"@Name":"User","#text":"NT AUTHORITY\\SYSTEM"}]}}}
{"Event":{"System":{"Provider":{"@Name":"Microsoft-Windows-Sysmon","@Guid":"5770385f-c22a-43e0-bf4c-06f5698ffbd9"},"EventID":"1","Version":"5","Level":"4","Task":"1","Opcode":"0","Keywords":"0x8000000000000000","TimeCreated":{"@SystemTime":"2024-10-27 20:34:43.6545911"},"EventRecordID":"18049","Correlation":null,"Execution":{"@ProcessID":"2788","@ThreadID":"3944"},"Channel":"Microsoft-Windows-Sysmon/Operational","Computer":"Server002","Security":{"@UserID":"S-1-5-18"}},"EventData":{"Data":[{"@Name":"RuleName","#text":"-"},{"@Name":"UtcTime","#text":"2024-10-27 20:34:43.492"},{"@Name":"ProcessGuid","#text":"dbf410b3-a3e3-671e-f400-000000003900"},{"@Name":"ProcessId","#text":"4112"},{"@Name":"Image","#text":"C:\\Program Files\\RUXIM\\RUXIMICS.exe"},{"@Name":"FileVersion","#text":"10.0.19041.5067 (WinBuild.160101.0800)"},{"@Name":"Description","#text":"Reusable UX Interaction Manager"},{"@Name":"Product","#text":"Microsoft® Windows® Operating System"},{"@Name":"Company","#text":"Microsoft Corporation"},{"@Name":"OriginalFileName","#text":"RUXIMICS.exe"},{"@Name":"CommandLine","#text":"%%ProgramFiles%%\\RUXIM\\RUXIMICS.EXE /onlyloadcampaigns"},{"@Name":"CurrentDirectory","#text":"C:\\Program Files\\RUXIM\\"},{"@Name":"User","#text":"NT AUTHORITY\\SYSTEM"},{"@Name":"LogonGuid","#text":"dbf410b3-b13c-671e-e703-000000000000"},{"@Name":"LogonId","#text":"0x3E7"},{"@Name":"TerminalSessionId","#text":"0"},{"@Name":"IntegrityLevel","#text":"System"},{"@Name":"Hashes","#text":"SHA256=3BDD8C774071B82A08629F271D14A8FB0C096A3C279E797377E034B03A217949"},{"@Name":"ParentProcessGuid","#text":"dbf410b3-a3e3-671e-f000-000000003900"},{"@Name":"ParentProcessId","#text":"1732"},{"@Name":"ParentImage","#text":"C:\\Program Files\\RUXIM\\PLUGScheduler.exe"},{"@Name":"ParentCommandLine","#text":"\"C:\\Program Files\\RUXIM\\PLUGscheduler.exe\""},{"@Name":"ParentUser","#text":"NT AUTHORITY\\SYSTEM"}]}}}
{"Event":{"System":{"Provider":{"@Name":"Microsoft-Windows-Sysmon","@Guid":"5770385f-c22a-43e0-bf4c-06f5698ffbd9"},"EventID":"1","Version":"5","Level":"4","Task":"1","Opcode":"0","Keywords":"0x8000000000000000","TimeCreated":{"@SystemTime":"2024-10-27 20:34:43.6753022"},"EventRecordID":"18050","Correlation":null,"Execution":{"@ProcessID":"2788","@ThreadID":"3944"},"Channel":"Microsoft-Windows-Sysmon/Operational","Computer":"Server002","Security":{"@UserID":"S-1-5-18"}},"EventData":{"Data":[{"@Name":"RuleName","#text":"-"},{"@Name":"UtcTime","#text":"2024-10-27 20:34:43.671"},{"@Name":"ProcessGuid","#text":"dbf410b3-a3e3-671e-f500-000000003900"},{"@Name":"ProcessId","#text":"2980"},{"@Name":"Image","#text":"C:\\Windows\\System32\\svchost.exe"},{"@Name":"FileVersion","#text":"10.0.19041.4355 (WinBuild.160101.0800)"},{"@Name":"Description","#text":"Host Process for Windows Services"},{"@Name":"Product","#text":"Microsoft® Windows® Operating System"},{"@Name":"Company","#text":"Microsoft Corporation"},{"@Name":"OriginalFileName","#text":"svchost.exe"},{"@Name":"CommandLine","#text":"C:\\Windows\\system32\\svchost.exe -k wusvcs -p -s WaaSMedicSvc"},{"@Name":"CurrentDirectory","#text":"C:\\Windows\\system32\\"},{"@Name":"User","#text":"NT AUTHORITY\\SYSTEM"},{"@Name":"LogonGuid","#text":"dbf410b3-b13c-671e-e703-000000000000"},{"@Name":"LogonId","#text":"0x3E7"},{"@Name":"TerminalSessionId","#text":"0"},{"@Name":"IntegrityLevel","#text":"System"},{"@Name":"Hashes","#text":"SHA256=6FC3BF1FDFD76860BE782554F8D25BD32F108DB934D70F4253F1E5F23522E503"},{"@Name":"ParentProcessGuid","#text":"00000000-0000-0000-0000-000000000000"},{"@Name":"ParentProcessId","#text":"660"},{"@Name":"ParentImage","#text":"-"},{"@Name":"ParentCommandLine","#text":"-"},{"@Name":"ParentUser","#text":"-"}]}}}
{"Event":{"System":{"Provider":{"@Name":"Microsoft-Windows-Sysmon","@Guid":"5770385f-c22a-43e0-bf4c-06f5698ffbd9"},"EventID":"1","Version":"5","Level":"4","Task":"1","Opcode":"0","Keywords":"0x8000000000000000","TimeCreated":{"@SystemTime":"2024-10-27 20:34:43.7009930"},"EventRecordID":"18051","Correlation":null,"Execution":{"@ProcessID":"2788","@ThreadID":"3944"},"Channel":"Microsoft-Windows-Sysmon/Operational","Computer":"Server002","Security":{"@UserID":"S-1-5-18"}},"EventData":{"Data":[{"@Name":"RuleName","#text":"-"},{"@Name":"UtcTime","#text":"2024-10-27 20:34:43.695"},{"@Name":"ProcessGuid","#text":"dbf410b3-a3e3-671e-f600-000000003900"},{"@Name":"ProcessId","#text":"2672"},{"@Name":"Image","#text":"C:\\Windows\\System32\\sppsvc.exe"},{"@Name":"FileVersion","#text":"10.0.19041.5007 (WinBuild.160101.0800)"},{"@Name":"Description","#text":"Microsoft Software Protection Platform Service"},{"@Name":"Product","#text":"Microsoft® Windows® Operating System"},{"@Name":"Company","#text":"Microsoft Corporation"},{"@Name":"OriginalFileName","#text":"sppsvc.exe"},{"@Name":"CommandLine","#text":"C:\\Windows\\system32\\sppsvc.exe"},{"@Name":"CurrentDirectory","#text":"C:\\Windows"},{"@Name":"User","#text":"NT AUTHORITY\\NETWORK SERVICE"},{"@Name":"LogonGuid","#text":"dbf410b3-b13d-671e-e403-000000000000"},{"@Name":"LogonId","#text":"0x3E4"},{"@Name":"TerminalSessionId","#text":"0"},{"@Name":"IntegrityLevel","#text":"System"},{"@Name":"Hashes","#text":"SHA256=CCDB3D236BA9BA6D263C7D035A65E7866324EF3B505CAF4B8E197FE4FDEF67E1"},{"@Name":"ParentProcessGuid","#text":"00000000-0000-0000-0000-000000000000"},{"@Name":"ParentProcessId","#text":"660"},{"@Name":"ParentImage","#text":"-"},{"@Name":"ParentCommandLine","#text":"-"},{"@Name":"ParentUser","#text":"-"}]}}}
{"Event":{"System":{"Provider":{"@Name":"Microsoft-Windows-Sysmon","@Guid":"5770385f-c22a-43e0-bf4c-06f5698ffbd9"},"EventID":"5","Version":"3","Level":"4","Task":"5","Opcode":"0","Keywords":"0x8000000000000000","TimeCreated":{"@SystemTime":"2024-10-27 20:34:44.0578766"},"EventRecordID":"18052","Correlation":null,"Execution":{"@ProcessID":"2788","@ThreadID":"3944"},"Channel":"Microsoft-Windows-Sysmon/Operational","Computer":"Server002","Security":{"@UserID":"S-1-5-18"}},"EventData":{"Data":[{"@Name":"RuleName","#text":"-"},{"@Name":"UtcTime","#text":"2024-10-27 20:34:44.041"},{"@Name":"ProcessGuid","#text":"dbf410b3-a3e3-671e-eb00-000000003900"},{"@Name":"ProcessId","#text":"6300"},{"@Name":"Image","#text":"C:\\Windows\\System32\\UsoClient.exe"},{"@Name":"User","#text":"NT AUTHORITY\\SYSTEM"}]}}}
{"Event":{"System":{"Provider":{"@Name":"Microsoft-Windows-Sysmon","@Guid":"5770385f-c22a-43e0-bf4c-06f5698ffbd9"},"EventID":"5","Version":"3","Level":"4","Task":"5","Opcode":"0","Keywords":"0x8000000000000000","TimeCreated":{"@SystemTime":"2024-10-27 20:34:44.2972649"},"EventRecordID":"18053","Correlation":null,"Execution":{"@ProcessID":"2788","@ThreadID":"3944"},"Channel":"Microsoft-Windows-Sysmon/Operational","Computer":"Server002","Security":{"@UserID":"S-1-5-18"}},"EventData":{"Data":[{"@Name":"RuleName","#text":"-"},{"@Name":"UtcTime","#text":"2024-10-27 20:34:44.296"},{"@Name":"ProcessGuid","#text":"dbf410b3-a3e3-671e-e800-000000003900"},{"@Name":"ProcessId","#text":"5004"},{"@Name":"Image","#text":"C:\\Windows\\System32\\wermgr.exe"},{"@Name":"User","#text":"NT AUTHORITY\\SYSTEM"}]}}}
{"Event":{"System":{"Provider":{"@Name":"Microsoft-Windows-Sysmon","@Guid":"5770385f-c22a-43e0-bf4c-06f5698ffbd9"},"EventID":"1","Version":"5","Level":"4","Task":"1","Opcode":"0","Keywords":"0x8000000000000000","TimeCreated":{"@SystemTime":"2024-10-27 20:34:44.3041760"},"EventRecordID":"18054","Correlation":null,"Execution":{"@ProcessID":"2788","@ThreadID":"3944"},"Channel":"Microsoft-Windows-Sysmon/Operational","Computer":"Server002","Security":{"@UserID":"S-1-5-18"}},"EventData":{"Data":[{"@Name":"RuleName","#text":"-"},{"@Name":"UtcTime","#text":"2024-10-27 20:34:44.296"},{"@Name":"ProcessGuid","#text":"dbf410b3-a3e4-671e-f700-000000003900"},{"@Name":"ProcessId","#text":"4428"},{"@Name":"Image","#text":"C:\\Windows\\System32\\svchost.exe"},{"@Name":"FileVersion","#text":"10.0.19041.4355 (WinBuild.160101.0800)"},{"@Name":"Description","#text":"Host Process for Windows Services"},{"@Name":"Product","#text":"Microsoft® Windows® Operating System"},{"@Name":"Company","#text":"Microsoft Corporation"},{"@Name":"OriginalFileName","#text":"svchost.exe"},{"@Name":"CommandLine","#text":"C:\\Windows\\System32\\svchost.exe -k netsvcs -p -s PushToInstall"},{"@Name":"CurrentDirectory","#text":"C:\\Windows\\system32\\"},{"@Name":"User","#text":"NT AUTHORITY\\SYSTEM"},{"@Name":"LogonGuid","#text":"dbf410b3-b13c-671e-e703-000000000000"},{"@Name":"LogonId","#text":"0x3E7"},{"@Name":"TerminalSessionId","#text":"0"},{"@Name":"IntegrityLevel","#text":"System"},{"@Name":"Hashes","#text":"SHA256=6FC3BF1FDFD76860BE782554F8D25BD32F108DB934D70F4253F1E5F23522E503"},{"@Name":"ParentProcessGuid","#text":"00000000-0000-0000-0000-000000000000"},{"@Name":"ParentProcessId","#text":"660"},{"@Name":"ParentImage","#text":"-"},{"@Name":"ParentCommandLine","#text":"-"},{"@Name":"ParentUser","#text":"-"}]}}}
{"Event":{"System":{"Provider":{"@Name":"Microsoft-Windows-Sysmon","@Guid":"5770385f-c22a-43e0-bf4c-06f5698ffbd9"},"EventID":"5","Version":"3","Level":"4","Task":"5","Opcode":"0","Keywords":"0x8000000000000000","TimeCreated":{"@SystemTime":"2024-10-27 20:34:44.5685256"},"EventRecordID":"18055","Correlation":null,"Execution":{"@ProcessID":"2788","@ThreadID":"3944"},"Channel":"Microsoft-Windows-Sysmon/Operational","Computer":"Server002","Security":{"@UserID":"S-1-5-18"}},"EventData":{"Data":[{"@Name":"RuleName","#text":"-"},{"@Name":"UtcTime","#text":"2024-10-27 20:34:44.555"},{"@Name":"ProcessGuid","#text":"dbf410b3-a3e3-671e-ef00-000000003900"},{"@Name":"ProcessId","#text":"1672"},{"@Name":"Image","#text":"C:\\Windows\\System32\\sc.exe"},{"@Name":"User","#text":"NT AUTHORITY\\SYSTEM"}]}}}
{"Event":{"System":{"Provider":{"@Name":"Microsoft-Windows-Sysmon","@Guid":"5770385f-c22a-43e0-bf4c-06f5698ffbd9"},"EventID":"5","Version":"3","Level":"4","Task":"5","Opcode":"0","Keywords":"0x8000000000000000","TimeCreated":{"@SystemTime":"2024-10-27 20:34:44.5697529"},"EventRecordID":"18056","Correlation":null,"Execution":{"@ProcessID":"2788","@ThreadID":"3944"},"Channel":"Microsoft-Windows-Sysmon/Operational","Computer":"Server002","Security":{"@UserID":"S-1-5-18"}},"EventData":{"Data":[{"@Name":"RuleName","#text":"-"},{"@Name":"UtcTime","#text":"2024-10-27 20:34:44.555"},{"@Name":"ProcessGuid","#text":"dbf410b3-a3e3-671e-ed00-000000003900"},{"@Name":"ProcessId","#text":"828"},{"@Name":"Image","#text":"C:\\Windows\\System32\\sc.exe"},{"@Name":"User","#text":"NT AUTHORITY\\SYSTEM"}]}}}
{"Event":{"System":{"Provider":{"@Name":"Microsoft-Windows-Sysmon","@Guid":"5770385f-c22a-43e0-bf4c-06f5698ffbd9"},"EventID":"5","Version":"3","Level":"4","Task":"5","Opcode":"0","Keywords":"0x8000000000000000","TimeCreated":{"@SystemTime":"2024-10-27 20:34:44.7492917"},"EventRecordID":"18057","Correlation":null,"Execution":{"@ProcessID":"2788","@ThreadID":"3944"},"Channel":"Microsoft-Windows-Sysmon/Operational","Computer":"Server002","Security":{"@UserID":"S-1-5-18"}},"EventData":{"Data":[{"@Name":"RuleName","#text":"-"},{"@Name":"UtcTime","#text":"2024-10-27 20:34:44.732"},{"@Name":"ProcessGuid","#text":"dbf410b3-a3e3-671e-f300-000000003900"},{"@Name":"ProcessId","#text":"3332"},{"@Name":"Image","#text":"C:\\Windows\\System32\\conhost.exe"},{"@Name":"User","#text":"NT AUTHORITY\\SYSTEM"}]}}}
{"Event":{"System":{"Provider":{"@Name":"Microsoft-Windows-Sysmon","@Guid":"5770385f-c22a-43e0-bf4c-06f5698ffbd9"},"EventID":"5","Version":"3","Level":"4","Task":"5","Opcode":"0","Keywords":"0x8000000000000000","TimeCreated":{"@SystemTime":"2024-10-27 20:34:44.7554306"},"EventRecordID":"18058","Correlation":null,"Execution":{"@ProcessID":"2788","@ThreadID":"3944"},"Channel":"Microsoft-Windows-Sysmon/Operational","Computer":"Server002","Security":{"@UserID":"S-1-5-18"}},"EventData":{"Data":[{"@Name":"RuleName","#text":"-"},{"@Name":"UtcTime","#text":"2024-10-27 20:34:44.732"},{"@Name":"ProcessGuid","#text":"dbf410b3-a3e3-671e-f200-000000003900"},{"@Name":"ProcessId","#text":"2208"},{"@Name":"Image","#text":"C:\\Windows\\System32\\conhost.exe"},{"@Name":"User","#text":"NT AUTHORITY\\SYSTEM"}]}}}
{"Event":{"System":{"Provider":{"@Name":"Microsoft-Windows-Sysmon","@Guid":"5770385f-c22a-43e0-bf4c-06f5698ffbd9"},"EventID":"1","Version":"5","Level":"4","Task":"1","Opcode":"0","Keywords":"0x8000000000000000","TimeCreated":{"@SystemTime":"2024-10-27 20:34:44.8715895"},"EventRecordID":"18059","Correlation":null,"Execution":{"@ProcessID":"2788","@ThreadID":"3944"},"Channel":"Microsoft-Windows-Sysmon/Operational","Computer":"Server002","Security":{"@UserID":"S-1-5-18"}},"EventData":{"Data":[{"@Name":"RuleName","#text":"-"},{"@Name":"UtcTime","#text":"2024-10-27 20:34:44.864"},{"@Name":"ProcessGuid","#text":"dbf410b3-a3e4-671e-f800-000000003900"},{"@Name":"ProcessId","#text":"1592"},{"@Name":"Image","#text":"C:\\Windows\\System32\\wbem\\WmiPrvSE.exe"},{"@Name":"FileVersion","#text":"10.0.19041.3636 (WinBuild.160101.0800)"},{"@Name":"Description","#text":"WMI Provider Host"},{"@Name":"Product","#text":"Microsoft® Windows® Operating System"},{"@Name":"Company","#text":"Microsoft Corporation"},{"@Name":"OriginalFileName","#text":"Wmiprvse.exe"},{"@Name":"CommandLine","#text":"C:\\Windows\\system32\\wbem\\wmiprvse.exe -Embedding"},{"@Name":"CurrentDirectory","#text":"C:\\Windows\\system32\\"},{"@Name":"User","#text":"NT AUTHORITY\\SYSTEM"},{"@Name":"LogonGuid","#text":"dbf410b3-b13c-671e-e703-000000000000"},{"@Name":"LogonId","#text":"0x3E7"},{"@Name":"TerminalSessionId","#text":"0"},{"@Name":"IntegrityLevel","#text":"System"},{"@Name":"Hashes","#text":"SHA256=8BBDEAD7357AF7BF0EFE397F9FD7E0EC578755EB8BDBAA65AE4F28EF00087AD5"},{"@Name":"ParentProcessGuid","#text":"00000000-0000-0000-0000-000000000000"},{"@Name":"ParentProcessId","#text":"776"},{"@Name":"ParentImage","#text":"-"},{"@Name":"ParentCommandLine","#text":"-"},{"@Name":"ParentUser","#text":"-"}]}}}
{"Event":{"System":{"Provider":{"@Name":"Microsoft-Windows-Sysmon","@Guid":"5770385f-c22a-43e0-bf4c-06f5698ffbd9"},"EventID":"5","Version":"3","Level":"4","Task":"5","Opcode":"0","Keywords":"0x8000000000000000","TimeCreated":{"@SystemTime":"2024-10-27 20:34:45.0166127"},"EventRecordID":"18060","Correlation":null,"Execution":{"@ProcessID":"2788","@ThreadID":"3944"},"Channel":"Microsoft-Windows-Sysmon/Operational","Computer":"Server002","Security":{"@UserID":"S-1-5-18"}},"EventData":{"Data":[{"@Name":"RuleName","#text":"-"},{"@Name":"UtcTime","#text":"2024-10-27 20:34:45.008"},{"@Name":"ProcessGuid","#text":"dbf410b3-a3e3-671e-ea00-000000003900"},{"@Name":"ProcessId","#text":"1880"},{"@Name":"Image","#text":"C:\\Windows\\System32\\MusNotification.exe"},{"@Name":"User","#text":"NT AUTHORITY\\SYSTEM"}]}}}
