{"Event":{"System":{"Provider":{"@Name":"Microsoft-Windows-Sysmon","@Guid":"5770385f-c22a-43e0-bf4c-06f5698ffbd9"},"EventID":"5","Version":"3","Level":"4","Task":"5","Opcode":"0","Keywords":"0x8000000000000000","TimeCreated":{"@SystemTime":"2024-10-22 17:09:03.1201776"},"EventRecordID":"17964","Correlation":null,"Execution":{"@ProcessID":"2580","@ThreadID":"3268"},"Channel":"Microsoft-Windows-Sysmon/Operational","Computer":"Server002","Security":{"@UserID":"S-1-5-18"}},"EventData":{"Data":[{"@Name":"RuleName","#text":"-"},{"@Name":"UtcTime","#text":"2024-10-22 17:09:03.117"},{"@Name":"ProcessGuid","#text":"dbf410b3-dc2b-6717-c100-000000003900"},{"@Name":"ProcessId","#text":"5076"},{"@Name":"Image","#text":"C:\\Windows\\System32\\WindowsPowerShell\\v1.0\\powershell.exe"},{"@Name":"User","#text":"SERVER002\\admin_test"}]}}}
{"Event":{"System":{"Provider":{"@Name":"Microsoft-Windows-Sysmon","@Guid":"5770385f-c22a-43e0-bf4c-06f5698ffbd9"},"EventID":"5","Version":"3","Level":"4","Task":"5","Opcode":"0","Keywords":"0x8000000000000000","TimeCreated":{"@SystemTime":"2024-10-22 17:09:03.1241122"},"EventRecordID":"17965","Correlation":null,"Execution":{"@ProcessID":"2580","@ThreadID":"3268"},"Channel":"Microsoft-Windows-Sysmon/Operational","Computer":"Server002","Security":{"@UserID":"S-1-5-18"}},"EventData":{"Data":[{"@Name":"RuleName","#text":"-"},{"@Name":"UtcTime","#text":"2024-10-22 17:09:03.117"},{"@Name":"ProcessGuid","#text":"dbf410b3-dc2b-6717-c200-000000003900"},{"@Name":"ProcessId","#text":"2676"},{"@Name":"Image","#text":"C:\\Windows\\System32\\conhost.exe"},{"@Name":"User","#text":"SERVER002\\admin_test"}]}}}


{"Event":{"System":{"Provider":{"@Name":"Microsoft-Windows-Sysmon","@Guid":"5770385f-c22a-43e0-bf4c-06f5698ffbd9"},"EventID":"5","Version":"3","Level":"4","Task":"5","Opcode":"0","Keywords":"0x8000000000000000","TimeCreated":{"@SystemTime":"2024-10-22 17:09:03.5003548"},"EventRecordID":"17968","Correlation":null,"Execution":{"@ProcessID":"2580","@ThreadID":"3268"},"Channel":"Microsoft-Windows-Sysmon/Operational","Computer":"Server002","Security":{"@UserID":"S-1-5-18"}},"EventData":{"Data":[{"@Name":"RuleName","#text":"-"},{"@Name":"UtcTime","#text":"2024-10-22 17:09:03.483"},{"@Name":"ProcessGuid","#text":"dbf410b3-dc2f-6717-c300-000000003900"},{"@Name":"ProcessId","#text":"4164"},{"@Name":"Image","#text":"C:\\Windows\\System32\\wevtutil.exe"},{"@Name":"User","#text":"SERVER002\\admin_test"}]}}}
{"Event":{"System":{"Provider":{"@Name":"Microsoft-Windows-Sysmon","@Guid":"5770385f-c22a-43e0-bf4c-06f5698ffbd9"},"EventID":"5","Version":"3","Level":"4","Task":"5","Opcode":"0","Keywords":"0x8000000000000000","TimeCreated":{"@SystemTime":"2024-10-22 17:09:03.5048468"},"EventRecordID":"17969","Correlation":null,"Execution":{"@ProcessID":"2580","@ThreadID":"3268"},"Channel":"Microsoft-Windows-Sysmon/Operational","Computer":"Server002","Security":{"@UserID":"S-1-5-18"}},"EventData":{"Data":[{"@Name":"RuleName","#text":"-"},{"@Name":"UtcTime","#text":"2024-10-22 17:09:03.483"},{"@Name":"ProcessGuid","#text":"dbf410b3-dc2f-6717-c400-000000003900"},{"@Name":"ProcessId","#text":"5584"},{"@Name":"Image","#text":"C:\\Windows\\System32\\conhost.exe"},{"@Name":"User","#text":"SERVER002\\admin_test"}]}}}


{"Event":{"System":{"Provider":{"@Name":"Microsoft-Windows-Sysmon","@Guid":"5770385f-c22a-43e0-bf4c-06f5698ffbd9"},"EventID":"5","Version":"3","Level":"4","Task":"5","Opcode":"0","Keywords":"0x8000000000000000","TimeCreated":{"@SystemTime":"2024-10-22 17:09:03.6347411"},"EventRecordID":"17972","Correlation":null,"Execution":{"@ProcessID":"2580","@ThreadID":"3268"},"Channel":"Microsoft-Windows-Sysmon/Operational","Computer":"Server002","Security":{"@UserID":"S-1-5-18"}},"EventData":{"Data":[{"@Name":"RuleName","#text":"-"},{"@Name":"UtcTime","#text":"2024-10-22 17:09:03.620"},{"@Name":"ProcessGuid","#text":"dbf410b3-dc2f-6717-c500-000000003900"},{"@Name":"ProcessId","#text":"2648"},{"@Name":"Image","#text":"C:\\Windows\\System32\\wevtutil.exe"},{"@Name":"User","#text":"SERVER002\\admin_test"}]}}}
{"Event":{"System":{"Provider":{"@Name":"Microsoft-Windows-Sysmon","@Guid":"5770385f-c22a-43e0-bf4c-06f5698ffbd9"},"EventID":"5","Version":"3","Level":"4","Task":"5","Opcode":"0","Keywords":"0x8000000000000000","TimeCreated":{"@SystemTime":"2024-10-22 17:09:03.6414678"},"EventRecordID":"17973","Correlation":null,"Execution":{"@ProcessID":"2580","@ThreadID":"3268"},"Channel":"Microsoft-Windows-Sysmon/Operational","Computer":"Server002","Security":{"@UserID":"S-1-5-18"}},"EventData":{"Data":[{"@Name":"RuleName","#text":"-"},{"@Name":"UtcTime","#text":"2024-10-22 17:09:03.620"},{"@Name":"ProcessGuid","#text":"dbf410b3-dc2f-6717-c600-000000003900"},{"@Name":"ProcessId","#text":"2188"},{"@Name":"Image","#text":"C:\\Windows\\System32\\conhost.exe"},{"@Name":"User","#text":"SERVER002\\admin_test"}]}}}


{"Event":{"System":{"Provider":{"@Name":"Microsoft-Windows-Sysmon","@Guid":"5770385f-c22a-43e0-bf4c-06f5698ffbd9"},"EventID":"5","Version":"3","Level":"4","Task":"5","Opcode":"0","Keywords":"0x8000000000000000","TimeCreated":{"@SystemTime":"2024-10-22 17:09:03.7570586"},"EventRecordID":"17976","Correlation":null,"Execution":{"@ProcessID":"2580","@ThreadID":"3268"},"Channel":"Microsoft-Windows-Sysmon/Operational","Computer":"Server002","Security":{"@UserID":"S-1-5-18"}},"EventData":{"Data":[{"@Name":"RuleName","#text":"-"},{"@Name":"UtcTime","#text":"2024-10-22 17:09:03.736"},{"@Name":"ProcessGuid","#text":"dbf410b3-dc2f-6717-c700-000000003900"},{"@Name":"ProcessId","#text":"3664"},{"@Name":"Image","#text":"C:\\Windows\\System32\\wevtutil.exe"},{"@Name":"User","#text":"SERVER002\\admin_test"}]}}}
{"Event":{"System":{"Provider":{"@Name":"Microsoft-Windows-Sysmon","@Guid":"5770385f-c22a-43e0-bf4c-06f5698ffbd9"},"EventID":"5","Version":"3","Level":"4","Task":"5","Opcode":"0","Keywords":"0x8000000000000000","TimeCreated":{"@SystemTime":"2024-10-22 17:09:03.7669696"},"EventRecordID":"17977","Correlation":null,"Execution":{"@ProcessID":"2580","@ThreadID":"3268"},"Channel":"Microsoft-Windows-Sysmon/Operational","Computer":"Server002","Security":{"@UserID":"S-1-5-18"}},"EventData":{"Data":[{"@Name":"RuleName","#text":"-"},{"@Name":"UtcTime","#text":"2024-10-22 17:09:03.759"},{"@Name":"ProcessGuid","#text":"dbf410b3-dc2f-6717-c800-000000003900"},{"@Name":"ProcessId","#text":"3500"},{"@Name":"Image","#text":"C:\\Windows\\System32\\conhost.exe"},{"@Name":"User","#text":"SERVER002\\admin_test"}]}}}


{"Event":{"System":{"Provider":{"@Name":"Microsoft-Windows-Sysmon","@Guid":"5770385f-c22a-43e0-bf4c-06f5698ffbd9"},"EventID":"5","Version":"3","Level":"4","Task":"5","Opcode":"0","Keywords":"0x8000000000000000","TimeCreated":{"@SystemTime":"2024-10-22 17:09:03.9313699"},"EventRecordID":"17980","Correlation":null,"Execution":{"@ProcessID":"2580","@ThreadID":"3268"},"Channel":"Microsoft-Windows-Sysmon/Operational","Computer":"Server002","Security":{"@UserID":"S-1-5-18"}},"EventData":{"Data":[{"@Name":"RuleName","#text":"-"},{"@Name":"UtcTime","#text":"2024-10-22 17:09:03.917"},{"@Name":"ProcessGuid","#text":"dbf410b3-dc2f-6717-c900-000000003900"},{"@Name":"ProcessId","#text":"1112"},{"@Name":"Image","#text":"C:\\Windows\\System32\\wevtutil.exe"},{"@Name":"User","#text":"SERVER002\\admin_test"}]}}}
{"Event":{"System":{"Provider":{"@Name":"Microsoft-Windows-Sysmon","@Guid":"5770385f-c22a-43e0-bf4c-06f5698ffbd9"},"EventID":"5","Version":"3","Level":"4","Task":"5","Opcode":"0","Keywords":"0x8000000000000000","TimeCreated":{"@SystemTime":"2024-10-22 17:09:03.9425320"},"EventRecordID":"17981","Correlation":null,"Execution":{"@ProcessID":"2580","@ThreadID":"3268"},"Channel":"Microsoft-Windows-Sysmon/Operational","Computer":"Server002","Security":{"@UserID":"S-1-5-18"}},"EventData":{"Data":[{"@Name":"RuleName","#text":"-"},{"@Name":"UtcTime","#text":"2024-10-22 17:09:03.917"},{"@Name":"ProcessGuid","#text":"dbf410b3-dc2f-6717-ca00-000000003900"},{"@Name":"ProcessId","#text":"2360"},{"@Name":"Image","#text":"C:\\Windows\\System32\\conhost.exe"},{"@Name":"User","#text":"SERVER002\\admin_test"}]}}}


{"Event":{"System":{"Provider":{"@Name":"Microsoft-Windows-Sysmon","@Guid":"5770385f-c22a-43e0-bf4c-06f5698ffbd9"},"EventID":"5","Version":"3","Level":"4","Task":"5","Opcode":"0","Keywords":"0x8000000000000000","TimeCreated":{"@SystemTime":"2024-10-22 17:09:04.0764022"},"EventRecordID":"17984","Correlation":null,"Execution":{"@ProcessID":"2580","@ThreadID":"3268"},"Channel":"Microsoft-Windows-Sysmon/Operational","Computer":"Server002","Security":{"@UserID":"S-1-5-18"}},"EventData":{"Data":[{"@Name":"RuleName","#text":"-"},{"@Name":"UtcTime","#text":"2024-10-22 17:09:04.075"},{"@Name":"ProcessGuid","#text":"dbf410b3-dc2f-6717-cb00-000000003900"},{"@Name":"ProcessId","#text":"2380"},{"@Name":"Image","#text":"C:\\Windows\\System32\\wevtutil.exe"},{"@Name":"User","#text":"SERVER002\\admin_test"}]}}}
{"Event":{"System":{"Provider":{"@Name":"Microsoft-Windows-Sysmon","@Guid":"5770385f-c22a-43e0-bf4c-06f5698ffbd9"},"EventID":"5","Version":"3","Level":"4","Task":"5","Opcode":"0","Keywords":"0x8000000000000000","TimeCreated":{"@SystemTime":"2024-10-22 17:09:04.0819628"},"EventRecordID":"17985","Correlation":null,"Execution":{"@ProcessID":"2580","@ThreadID":"3268"},"Channel":"Microsoft-Windows-Sysmon/Operational","Computer":"Server002","Security":{"@UserID":"S-1-5-18"}},"EventData":{"Data":[{"@Name":"RuleName","#text":"-"},{"@Name":"UtcTime","#text":"2024-10-22 17:09:04.077"},{"@Name":"ProcessGuid","#text":"dbf410b3-dc2f-6717-cc00-000000003900"},{"@Name":"ProcessId","#text":"2864"},{"@Name":"Image","#text":"C:\\Windows\\System32\\conhost.exe"},{"@Name":"User","#text":"SERVER002\\admin_test"}]}}}
{"Event":{"System":{"Provider":{"@Name":"Microsoft-Windows-Sysmon","@Guid":"5770385f-c22a-43e0-bf4c-06f5698ffbd9"},"EventID":"1","Version":"5","Level":"4","Task":"1","Opcode":"0","Keywords":"0x8000000000000000","TimeCreated":{"@SystemTime":"2024-10-22 17:09:04.1550618"},"EventRecordID":"17986","Correlation":null,"Execution":{"@ProcessID":"2580","@ThreadID":"3268"},"Channel":"Microsoft-Windows-Sysmon/Operational","Computer":"Server002","Security":{"@UserID":"S-1-5-18"}},"EventData":{"Data":[{"@Name":"RuleName","#text":"-"},{"@Name":"UtcTime","#text":"2024-10-22 17:09:04.150"},{"@Name":"ProcessGuid","#text":"dbf410b3-dc30-6717-cd00-000000003900"},{"@Name":"ProcessId","#text":"2740"},{"@Name":"Image","#text":"C:\\Windows\\System32\\HOSTNAME.EXE"},{"@Name":"FileVersion","#text":"10.0.19041.1 (WinBuild.160101.0800)"},{"@Name":"Description","#text":"Hostname APP"},{"@Name":"Product","#text":"Microsoft® Windows® Operating System"},{"@Name":"Company","#text":"Microsoft Corporation"},{"@Name":"OriginalFileName","#text":"hostname.exe"},{"@Name":"CommandLine","#text":"\"C:\\Windows\\system32\\HOSTNAME.EXE\""},{"@Name":"CurrentDirectory","#text":"C:\\Users\\admin_test\\Documents\\"},{"@Name":"User","#text":"SERVER002\\admin_test"},{"@Name":"LogonGuid","#text":"dbf410b3-dc06-6717-5dca-110000000000"},{"@Name":"LogonId","#text":"0x11CA5D"},{"@Name":"TerminalSessionId","#text":"0"},{"@Name":"IntegrityLevel","#text":"High"},{"@Name":"Hashes","#text":"SHA256=A90C3FB350A11C6F6A6EFA9607987D924D1DE65E09CA9FAF2E0E0E00531EE335"},{"@Name":"ParentProcessGuid","#text":"dbf410b3-dc07-6717-b000-000000003900"},{"@Name":"ParentProcessId","#text":"5100"},{"@Name":"ParentImage","#text":"C:\\Windows\\System32\\wsmprovhost.exe"},{"@Name":"ParentCommandLine","#text":"C:\\Windows\\system32\\wsmprovhost.exe -Embedding"},{"@Name":"ParentUser","#text":"SERVER002\\admin_test"}]}}}
{"Event":{"System":{"Provider":{"@Name":"Microsoft-Windows-Sysmon","@Guid":"5770385f-c22a-43e0-bf4c-06f5698ffbd9"},"EventID":"1","Version":"5","Level":"4","Task":"1","Opcode":"0","Keywords":"0x8000000000000000","TimeCreated":{"@SystemTime":"2024-10-22 17:09:04.1661640"},"EventRecordID":"17987","Correlation":null,"Execution":{"@ProcessID":"2580","@ThreadID":"3268"},"Channel":"Microsoft-Windows-Sysmon/Operational","Computer":"Server002","Security":{"@UserID":"S-1-5-18"}},"EventData":{"Data":[{"@Name":"RuleName","#text":"-"},{"@Name":"UtcTime","#text":"2024-10-22 17:09:04.162"},{"@Name":"ProcessGuid","#text":"dbf410b3-dc30-6717-ce00-000000003900"},{"@Name":"ProcessId","#text":"2444"},{"@Name":"Image","#text":"C:\\Windows\\System32\\conhost.exe"},{"@Name":"FileVersion","#text":"10.0.19041.4355 (WinBuild.160101.0800)"},{"@Name":"Description","#text":"Console Window Host"},{"@Name":"Product","#text":"Microsoft® Windows® Operating System"},{"@Name":"Company","#text":"Microsoft Corporation"},{"@Name":"OriginalFileName","#text":"CONHOST.EXE"},{"@Name":"CommandLine","#text":"\\??\\C:\\Windows\\system32\\conhost.exe 0xffffffff -ForceV1"},{"@Name":"CurrentDirectory","#text":"C:\\Windows"},{"@Name":"User","#text":"SERVER002\\admin_test"},{"@Name":"LogonGuid","#text":"dbf410b3-dc06-6717-5dca-110000000000"},{"@Name":"LogonId","#text":"0x11CA5D"},{"@Name":"TerminalSessionId","#text":"0"},{"@Name":"IntegrityLevel","#text":"High"},{"@Name":"Hashes","#text":"SHA256=CC0A60CD15FA21E54615E46CD0F10CFBE86F496DC64D14B31D9F3B415D120EE1"},{"@Name":"ParentProcessGuid","#text":"dbf410b3-dc30-6717-cd00-000000003900"},{"@Name":"ParentProcessId","#text":"2740"},{"@Name":"ParentImage","#text":"C:\\Windows\\System32\\HOSTNAME.EXE"},{"@Name":"ParentCommandLine","#text":"\"C:\\Windows\\system32\\HOSTNAME.EXE\""},{"@Name":"ParentUser","#text":"SERVER002\\admin_test"}]}}}
{"Event":{"System":{"Provider":{"@Name":"Microsoft-Windows-Sysmon","@Guid":"5770385f-c22a-43e0-bf4c-06f5698ffbd9"},"EventID":"5","Version":"3","Level":"4","Task":"5","Opcode":"0","Keywords":"0x8000000000000000","TimeCreated":{"@SystemTime":"2024-10-22 17:09:04.2363692"},"EventRecordID":"17988","Correlation":null,"Execution":{"@ProcessID":"2580","@ThreadID":"3268"},"Channel":"Microsoft-Windows-Sysmon/Operational","Computer":"Server002","Security":{"@UserID":"S-1-5-18"}},"EventData":{"Data":[{"@Name":"RuleName","#text":"-"},{"@Name":"UtcTime","#text":"2024-10-22 17:09:04.216"},{"@Name":"ProcessGuid","#text":"dbf410b3-dc30-6717-cd00-000000003900"},{"@Name":"ProcessId","#text":"2740"},{"@Name":"Image","#text":"C:\\Windows\\System32\\HOSTNAME.EXE"},{"@Name":"User","#text":"SERVER002\\admin_test"}]}}}
{"Event":{"System":{"Provider":{"@Name":"Microsoft-Windows-Sysmon","@Guid":"5770385f-c22a-43e0-bf4c-06f5698ffbd9"},"EventID":"5","Version":"3","Level":"4","Task":"5","Opcode":"0","Keywords":"0x8000000000000000","TimeCreated":{"@SystemTime":"2024-10-22 17:09:04.2425641"},"EventRecordID":"17989","Correlation":null,"Execution":{"@ProcessID":"2580","@ThreadID":"3268"},"Channel":"Microsoft-Windows-Sysmon/Operational","Computer":"Server002","Security":{"@UserID":"S-1-5-18"}},"EventData":{"Data":[{"@Name":"RuleName","#text":"-"},{"@Name":"UtcTime","#text":"2024-10-22 17:09:04.239"},{"@Name":"ProcessGuid","#text":"dbf410b3-dc30-6717-ce00-000000003900"},{"@Name":"ProcessId","#text":"2444"},{"@Name":"Image","#text":"C:\\Windows\\System32\\conhost.exe"},{"@Name":"User","#text":"SERVER002\\admin_test"}]}}}
{"Event":{"System":{"Provider":{"@Name":"Microsoft-Windows-Sysmon","@Guid":"5770385f-c22a-43e0-bf4c-06f5698ffbd9"},"EventID":"1","Version":"5","Level":"4","Task":"1","Opcode":"0","Keywords":"0x8000000000000000","TimeCreated":{"@SystemTime":"2024-10-22 17:09:04.2492452"},"EventRecordID":"17990","Correlation":null,"Execution":{"@ProcessID":"2580","@ThreadID":"3268"},"Channel":"Microsoft-Windows-Sysmon/Operational","Computer":"Server002","Security":{"@UserID":"S-1-5-18"}},"EventData":{"Data":[{"@Name":"RuleName","#text":"-"},{"@Name":"UtcTime","#text":"2024-10-22 17:09:04.245"},{"@Name":"ProcessGuid","#text":"dbf410b3-dc30-6717-cf00-000000003900"},{"@Name":"ProcessId","#text":"5376"},{"@Name":"Image","#text":"C:\\Windows\\System32\\whoami.exe"},{"@Name":"FileVersion","#text":"10.0.19041.1 (WinBuild.160101.0800)"},{"@Name":"Description","#text":"whoami - displays logged on user information"},{"@Name":"Product","#text":"Microsoft® Windows® Operating System"},{"@Name":"Company","#text":"Microsoft Corporation"},{"@Name":"OriginalFileName","#text":"whoami.exe"},{"@Name":"CommandLine","#text":"\"C:\\Windows\\system32\\whoami.exe\""},{"@Name":"CurrentDirectory","#text":"C:\\Users\\admin_test\\Documents\\"},{"@Name":"User","#text":"SERVER002\\admin_test"},{"@Name":"LogonGuid","#text":"dbf410b3-dc06-6717-5dca-110000000000"},{"@Name":"LogonId","#text":"0x11CA5D"},{"@Name":"TerminalSessionId","#text":"0"},{"@Name":"IntegrityLevel","#text":"High"},{"@Name":"Hashes","#text":"SHA256=1D4902A04D99E8CCBFE7085E63155955FEE397449D386453F6C452AE407B8743"},{"@Name":"ParentProcessGuid","#text":"dbf410b3-dc07-6717-b000-000000003900"},{"@Name":"ParentProcessId","#text":"5100"},{"@Name":"ParentImage","#text":"C:\\Windows\\System32\\wsmprovhost.exe"},{"@Name":"ParentCommandLine","#text":"C:\\Windows\\system32\\wsmprovhost.exe -Embedding"},{"@Name":"ParentUser","#text":"SERVER002\\admin_test"}]}}}
{"Event":{"System":{"Provider":{"@Name":"Microsoft-Windows-Sysmon","@Guid":"5770385f-c22a-43e0-bf4c-06f5698ffbd9"},"EventID":"1","Version":"5","Level":"4","Task":"1","Opcode":"0","Keywords":"0x8000000000000000","TimeCreated":{"@SystemTime":"2024-10-22 17:09:04.2596297"},"EventRecordID":"17991","Correlation":null,"Execution":{"@ProcessID":"2580","@ThreadID":"3268"},"Channel":"Microsoft-Windows-Sysmon/Operational","Computer":"Server002","Security":{"@UserID":"S-1-5-18"}},"EventData":{"Data":[{"@Name":"RuleName","#text":"-"},{"@Name":"UtcTime","#text":"2024-10-22 17:09:04.254"},{"@Name":"ProcessGuid","#text":"dbf410b3-dc30-6717-d000-000000003900"},{"@Name":"ProcessId","#text":"5500"},{"@Name":"Image","#text":"C:\\Windows\\System32\\conhost.exe"},{"@Name":"FileVersion","#text":"10.0.19041.4355 (WinBuild.160101.0800)"},{"@Name":"Description","#text":"Console Window Host"},{"@Name":"Product","#text":"Microsoft® Windows® Operating System"},{"@Name":"Company","#text":"Microsoft Corporation"},{"@Name":"OriginalFileName","#text":"CONHOST.EXE"},{"@Name":"CommandLine","#text":"\\??\\C:\\Windows\\system32\\conhost.exe 0xffffffff -ForceV1"},{"@Name":"CurrentDirectory","#text":"C:\\Windows"},{"@Name":"User","#text":"SERVER002\\admin_test"},{"@Name":"LogonGuid","#text":"dbf410b3-dc06-6717-5dca-110000000000"},{"@Name":"LogonId","#text":"0x11CA5D"},{"@Name":"TerminalSessionId","#text":"0"},{"@Name":"IntegrityLevel","#text":"High"},{"@Name":"Hashes","#text":"SHA256=CC0A60CD15FA21E54615E46CD0F10CFBE86F496DC64D14B31D9F3B415D120EE1"},{"@Name":"ParentProcessGuid","#text":"dbf410b3-dc30-6717-cf00-000000003900"},{"@Name":"ParentProcessId","#text":"5376"},{"@Name":"ParentImage","#text":"C:\\Windows\\System32\\whoami.exe"},{"@Name":"ParentCommandLine","#text":"\"C:\\Windows\\system32\\whoami.exe\""},{"@Name":"ParentUser","#text":"SERVER002\\admin_test"}]}}}
{"Event":{"System":{"Provider":{"@Name":"Microsoft-Windows-Sysmon","@Guid":"5770385f-c22a-43e0-bf4c-06f5698ffbd9"},"EventID":"5","Version":"3","Level":"4","Task":"5","Opcode":"0","Keywords":"0x8000000000000000","TimeCreated":{"@SystemTime":"2024-10-22 17:09:04.3641043"},"EventRecordID":"17992","Correlation":null,"Execution":{"@ProcessID":"2580","@ThreadID":"3268"},"Channel":"Microsoft-Windows-Sysmon/Operational","Computer":"Server002","Security":{"@UserID":"S-1-5-18"}},"EventData":{"Data":[{"@Name":"RuleName","#text":"-"},{"@Name":"UtcTime","#text":"2024-10-22 17:09:04.358"},{"@Name":"ProcessGuid","#text":"dbf410b3-dc30-6717-cf00-000000003900"},{"@Name":"ProcessId","#text":"5376"},{"@Name":"Image","#text":"C:\\Windows\\System32\\whoami.exe"},{"@Name":"User","#text":"SERVER002\\admin_test"}]}}}
{"Event":{"System":{"Provider":{"@Name":"Microsoft-Windows-Sysmon","@Guid":"5770385f-c22a-43e0-bf4c-06f5698ffbd9"},"EventID":"5","Version":"3","Level":"4","Task":"5","Opcode":"0","Keywords":"0x8000000000000000","TimeCreated":{"@SystemTime":"2024-10-22 17:09:04.3723367"},"EventRecordID":"17993","Correlation":null,"Execution":{"@ProcessID":"2580","@ThreadID":"3268"},"Channel":"Microsoft-Windows-Sysmon/Operational","Computer":"Server002","Security":{"@UserID":"S-1-5-18"}},"EventData":{"Data":[{"@Name":"RuleName","#text":"-"},{"@Name":"UtcTime","#text":"2024-10-22 17:09:04.358"},{"@Name":"ProcessGuid","#text":"dbf410b3-dc30-6717-d000-000000003900"},{"@Name":"ProcessId","#text":"5500"},{"@Name":"Image","#text":"C:\\Windows\\System32\\conhost.exe"},{"@Name":"User","#text":"SERVER002\\admin_test"}]}}}
{"Event":{"System":{"Provider":{"@Name":"Microsoft-Windows-Sysmon","@Guid":"5770385f-c22a-43e0-bf4c-06f5698ffbd9"},"EventID":"1","Version":"5","Level":"4","Task":"1","Opcode":"0","Keywords":"0x8000000000000000","TimeCreated":{"@SystemTime":"2024-10-22 17:09:04.6492337"},"EventRecordID":"17994","Correlation":null,"Execution":{"@ProcessID":"2580","@ThreadID":"3268"},"Channel":"Microsoft-Windows-Sysmon/Operational","Computer":"Server002","Security":{"@UserID":"S-1-5-18"}},"EventData":{"Data":[{"@Name":"RuleName","#text":"-"},{"@Name":"UtcTime","#text":"2024-10-22 17:09:04.629"},{"@Name":"ProcessGuid","#text":"dbf410b3-dc30-6717-d100-000000003900"},{"@Name":"ProcessId","#text":"6048"},{"@Name":"Image","#text":"C:\\Windows\\System32\\cmd.exe"},{"@Name":"FileVersion","#text":"10.0.19041.4355 (WinBuild.160101.0800)"},{"@Name":"Description","#text":"Windows Command Processor"},{"@Name":"Product","#text":"Microsoft® Windows® Operating System"},{"@Name":"Company","#text":"Microsoft Corporation"},{"@Name":"OriginalFileName","#text":"Cmd.Exe"},{"@Name":"CommandLine","#text":"\"cmd.exe\" /c \"C:\\Users\\ADMIN_~1\\AppData\\Local\\Temp\\file\\..\\Externalfiles\\PsExec.exe\" \\\\localhost -accepteula -s \"cmd.exe\" &amp; \"C:\\Users\\ADMIN_~1\\AppData\\Local\\Temp\\file\\..\\Externalfiles\\GhostTask.exe\" \\\\localhost add lilghostie \"cmd.exe\" \"/c notepad.exe\" $env:USERDOMAIN + '\\' + $env:USERNAME logon"},{"@Name":"CurrentDirectory","#text":"C:\\Users\\ADMIN_~1\\AppData\\Local\\Temp\\"},{"@Name":"User","#text":"SERVER002\\admin_test"},{"@Name":"LogonGuid","#text":"dbf410b3-dc06-6717-5dca-110000000000"},{"@Name":"LogonId","#text":"0x11CA5D"},{"@Name":"TerminalSessionId","#text":"0"},{"@Name":"IntegrityLevel","#text":"High"},{"@Name":"Hashes","#text":"SHA256=BADF4752413CB0CBDC03FB95820CA167F0CDC63B597CCDB5EF43111180E088B0"},{"@Name":"ParentProcessGuid","#text":"dbf410b3-dc07-6717-b000-000000003900"},{"@Name":"ParentProcessId","#text":"5100"},{"@Name":"ParentImage","#text":"C:\\Windows\\System32\\wsmprovhost.exe"},{"@Name":"ParentCommandLine","#text":"C:\\Windows\\system32\\wsmprovhost.exe -Embedding"},{"@Name":"ParentUser","#text":"SERVER002\\admin_test"}]}}}
{"Event":{"System":{"Provider":{"@Name":"Microsoft-Windows-Sysmon","@Guid":"5770385f-c22a-43e0-bf4c-06f5698ffbd9"},"EventID":"1","Version":"5","Level":"4","Task":"1","Opcode":"0","Keywords":"0x8000000000000000","TimeCreated":{"@SystemTime":"2024-10-22 17:09:04.6862061"},"EventRecordID":"17995","Correlation":null,"Execution":{"@ProcessID":"2580","@ThreadID":"3268"},"Channel":"Microsoft-Windows-Sysmon/Operational","Computer":"Server002","Security":{"@UserID":"S-1-5-18"}},"EventData":{"Data":[{"@Name":"RuleName","#text":"-"},{"@Name":"UtcTime","#text":"2024-10-22 17:09:04.680"},{"@Name":"ProcessGuid","#text":"dbf410b3-dc30-6717-d200-000000003900"},{"@Name":"ProcessId","#text":"2736"},{"@Name":"Image","#text":"C:\\Windows\\System32\\conhost.exe"},{"@Name":"FileVersion","#text":"10.0.19041.4355 (WinBuild.160101.0800)"},{"@Name":"Description","#text":"Console Window Host"},{"@Name":"Product","#text":"Microsoft® Windows® Operating System"},{"@Name":"Company","#text":"Microsoft Corporation"},{"@Name":"OriginalFileName","#text":"CONHOST.EXE"},{"@Name":"CommandLine","#text":"\\??\\C:\\Windows\\system32\\conhost.exe 0xffffffff -ForceV1"},{"@Name":"CurrentDirectory","#text":"C:\\Windows"},{"@Name":"User","#text":"SERVER002\\admin_test"},{"@Name":"LogonGuid","#text":"dbf410b3-dc06-6717-5dca-110000000000"},{"@Name":"LogonId","#text":"0x11CA5D"},{"@Name":"TerminalSessionId","#text":"0"},{"@Name":"IntegrityLevel","#text":"High"},{"@Name":"Hashes","#text":"SHA256=CC0A60CD15FA21E54615E46CD0F10CFBE86F496DC64D14B31D9F3B415D120EE1"},{"@Name":"ParentProcessGuid","#text":"dbf410b3-dc30-6717-d100-000000003900"},{"@Name":"ParentProcessId","#text":"6048"},{"@Name":"ParentImage","#text":"C:\\Windows\\System32\\cmd.exe"},{"@Name":"ParentCommandLine","#text":"\"cmd.exe\" /c \"C:\\Users\\ADMIN_~1\\AppData\\Local\\Temp\\file\\..\\Externalfiles\\PsExec.exe\" \\\\localhost -accepteula -s \"cmd.exe\" &amp; \"C:\\Users\\ADMIN_~1\\AppData\\Local\\Temp\\file\\..\\Externalfiles\\GhostTask.exe\" \\\\localhost add lilghostie \"cmd.exe\" \"/c notepad.exe\" $env:USERDOMAIN + '\\' + $env:USERNAME logon"},{"@Name":"ParentUser","#text":"SERVER002\\admin_test"}]}}}
{"Event":{"System":{"Provider":{"@Name":"Microsoft-Windows-Sysmon","@Guid":"5770385f-c22a-43e0-bf4c-06f5698ffbd9"},"EventID":"5","Version":"3","Level":"4","Task":"5","Opcode":"0","Keywords":"0x8000000000000000","TimeCreated":{"@SystemTime":"2024-10-22 17:09:04.7525097"},"EventRecordID":"17996","Correlation":null,"Execution":{"@ProcessID":"2580","@ThreadID":"3268"},"Channel":"Microsoft-Windows-Sysmon/Operational","Computer":"Server002","Security":{"@UserID":"S-1-5-18"}},"EventData":{"Data":[{"@Name":"RuleName","#text":"-"},{"@Name":"UtcTime","#text":"2024-10-22 17:09:04.744"},{"@Name":"ProcessGuid","#text":"dbf410b3-dc30-6717-d100-000000003900"},{"@Name":"ProcessId","#text":"6048"},{"@Name":"Image","#text":"C:\\Windows\\System32\\cmd.exe"},{"@Name":"User","#text":"SERVER002\\admin_test"}]}}}
{"Event":{"System":{"Provider":{"@Name":"Microsoft-Windows-Sysmon","@Guid":"5770385f-c22a-43e0-bf4c-06f5698ffbd9"},"EventID":"5","Version":"3","Level":"4","Task":"5","Opcode":"0","Keywords":"0x8000000000000000","TimeCreated":{"@SystemTime":"2024-10-22 17:09:04.7564918"},"EventRecordID":"17997","Correlation":null,"Execution":{"@ProcessID":"2580","@ThreadID":"3268"},"Channel":"Microsoft-Windows-Sysmon/Operational","Computer":"Server002","Security":{"@UserID":"S-1-5-18"}},"EventData":{"Data":[{"@Name":"RuleName","#text":"-"},{"@Name":"UtcTime","#text":"2024-10-22 17:09:04.744"},{"@Name":"ProcessGuid","#text":"dbf410b3-dc30-6717-d200-000000003900"},{"@Name":"ProcessId","#text":"2736"},{"@Name":"Image","#text":"C:\\Windows\\System32\\conhost.exe"},{"@Name":"User","#text":"SERVER002\\admin_test"}]}}}
{"Event":{"System":{"Provider":{"@Name":"Microsoft-Windows-Sysmon","@Guid":"5770385f-c22a-43e0-bf4c-06f5698ffbd9"},"EventID":"5","Version":"3","Level":"4","Task":"5","Opcode":"0","Keywords":"0x8000000000000000","TimeCreated":{"@SystemTime":"2024-10-22 17:09:06.2800840"},"EventRecordID":"17998","Correlation":null,"Execution":{"@ProcessID":"2580","@ThreadID":"3268"},"Channel":"Microsoft-Windows-Sysmon/Operational","Computer":"Server002","Security":{"@UserID":"S-1-5-18"}},"EventData":{"Data":[{"@Name":"RuleName","#text":"-"},{"@Name":"UtcTime","#text":"2024-10-22 17:09:06.274"},{"@Name":"ProcessGuid","#text":"dbf410b3-db99-6717-8100-000000003900"},{"@Name":"ProcessId","#text":"4828"},{"@Name":"Image","#text":"C:\\Windows\\System32\\wbem\\WmiPrvSE.exe"},{"@Name":"User","#text":"NT AUTHORITY\\NETWORK SERVICE"}]}}}
{"Event":{"System":{"Provider":{"@Name":"Microsoft-Windows-Sysmon","@Guid":"5770385f-c22a-43e0-bf4c-06f5698ffbd9"},"EventID":"1","Version":"5","Level":"4","Task":"1","Opcode":"0","Keywords":"0x8000000000000000","TimeCreated":{"@SystemTime":"2024-10-22 17:09:36.5932907"},"EventRecordID":"17999","Correlation":null,"Execution":{"@ProcessID":"2580","@ThreadID":"3268"},"Channel":"Microsoft-Windows-Sysmon/Operational","Computer":"Server002","Security":{"@UserID":"S-1-5-18"}},"EventData":{"Data":[{"@Name":"RuleName","#text":"-"},{"@Name":"UtcTime","#text":"2024-10-22 17:09:36.504"},{"@Name":"ProcessGuid","#text":"dbf410b3-dc50-6717-d300-000000003900"},{"@Name":"ProcessId","#text":"3392"},{"@Name":"Image","#text":"C:\\Windows\\System32\\taskhostw.exe"},{"@Name":"FileVersion","#text":"10.0.19041.4474 (WinBuild.160101.0800)"},{"@Name":"Description","#text":"Host Process for Windows Tasks"},{"@Name":"Product","#text":"Microsoft® Windows® Operating System"},{"@Name":"Company","#text":"Microsoft Corporation"},{"@Name":"OriginalFileName","#text":"taskhostw.exe"},{"@Name":"CommandLine","#text":"taskhostw.exe"},{"@Name":"CurrentDirectory","#text":"C:\\Windows\\system32\\"},{"@Name":"User","#text":"NT AUTHORITY\\SYSTEM"},{"@Name":"LogonGuid","#text":"dbf410b3-f7a5-6717-e703-000000000000"},{"@Name":"LogonId","#text":"0x3E7"},{"@Name":"TerminalSessionId","#text":"0"},{"@Name":"IntegrityLevel","#text":"System"},{"@Name":"Hashes","#text":"SHA256=1C7B7E7026EF8307BF33AFDADF1D49E7C1EE4C829260B4F6988185D22D7BCC3A"},{"@Name":"ParentProcessGuid","#text":"00000000-0000-0000-0000-000000000000"},{"@Name":"ParentProcessId","#text":"1188"},{"@Name":"ParentImage","#text":"-"},{"@Name":"ParentCommandLine","#text":"-"},{"@Name":"ParentUser","#text":"-"}]}}}
{"Event":{"System":{"Provider":{"@Name":"Microsoft-Windows-Sysmon","@Guid":"5770385f-c22a-43e0-bf4c-06f5698ffbd9"},"EventID":"1","Version":"5","Level":"4","Task":"1","Opcode":"0","Keywords":"0x8000000000000000","TimeCreated":{"@SystemTime":"2024-10-22 17:09:36.5938208"},"EventRecordID":"18000","Correlation":null,"Execution":{"@ProcessID":"2580","@ThreadID":"3268"},"Channel":"Microsoft-Windows-Sysmon/Operational","Computer":"Server002","Security":{"@UserID":"S-1-5-18"}},"EventData":{"Data":[{"@Name":"RuleName","#text":"-"},{"@Name":"UtcTime","#text":"2024-10-22 17:09:36.582"},{"@Name":"ProcessGuid","#text":"dbf410b3-dc50-6717-d400-000000003900"},{"@Name":"ProcessId","#text":"3432"},{"@Name":"Image","#text":"C:\\Windows\\System32\\wermgr.exe"},{"@Name":"FileVersion","#text":"10.0.19041.4355 (WinBuild.160101.0800)"},{"@Name":"Description","#text":"Windows Problem Reporting"},{"@Name":"Product","#text":"Microsoft® Windows® Operating System"},{"@Name":"Company","#text":"Microsoft Corporation"},{"@Name":"OriginalFileName","#text":"WerMgr"},{"@Name":"CommandLine","#text":"\"C:\\Windows\\system32\\wermgr.exe\" -upload"},{"@Name":"CurrentDirectory","#text":"C:\\Windows\\system32\\"},{"@Name":"User","#text":"NT AUTHORITY\\SYSTEM"},{"@Name":"LogonGuid","#text":"dbf410b3-f7a5-6717-e703-000000000000"},{"@Name":"LogonId","#text":"0x3E7"},{"@Name":"TerminalSessionId","#text":"0"},{"@Name":"IntegrityLevel","#text":"System"},{"@Name":"Hashes","#text":"SHA256=757A6B10BC3560BECBA2B94182D4EEE82DB6D0F049D3298DA8F5F3D19D69217D"},{"@Name":"ParentProcessGuid","#text":"00000000-0000-0000-0000-000000000000"},{"@Name":"ParentProcessId","#text":"1188"},{"@Name":"ParentImage","#text":"-"},{"@Name":"ParentCommandLine","#text":"-"},{"@Name":"ParentUser","#text":"-"}]}}}
{"Event":{"System":{"Provider":{"@Name":"Microsoft-Windows-Sysmon","@Guid":"5770385f-c22a-43e0-bf4c-06f5698ffbd9"},"EventID":"5","Version":"3","Level":"4","Task":"5","Opcode":"0","Keywords":"0x8000000000000000","TimeCreated":{"@SystemTime":"2024-10-22 17:09:38.2683003"},"EventRecordID":"18001","Correlation":null,"Execution":{"@ProcessID":"2580","@ThreadID":"3268"},"Channel":"Microsoft-Windows-Sysmon/Operational","Computer":"Server002","Security":{"@UserID":"S-1-5-18"}},"EventData":{"Data":[{"@Name":"RuleName","#text":"-"},{"@Name":"UtcTime","#text":"2024-10-22 17:09:38.241"},{"@Name":"ProcessGuid","#text":"dbf410b3-dc50-6717-d300-000000003900"},{"@Name":"ProcessId","#text":"3392"},{"@Name":"Image","#text":"C:\\Windows\\System32\\taskhostw.exe"},{"@Name":"User","#text":"NT AUTHORITY\\SYSTEM"}]}}}
{"Event":{"System":{"Provider":{"@Name":"Microsoft-Windows-Sysmon","@Guid":"5770385f-c22a-43e0-bf4c-06f5698ffbd9"},"EventID":"5","Version":"3","Level":"4","Task":"5","Opcode":"0","Keywords":"0x8000000000000000","TimeCreated":{"@SystemTime":"2024-10-22 17:09:38.7095096"},"EventRecordID":"18002","Correlation":null,"Execution":{"@ProcessID":"2580","@ThreadID":"3268"},"Channel":"Microsoft-Windows-Sysmon/Operational","Computer":"Server002","Security":{"@UserID":"S-1-5-18"}},"EventData":{"Data":[{"@Name":"RuleName","#text":"-"},{"@Name":"UtcTime","#text":"2024-10-22 17:09:38.682"},{"@Name":"ProcessGuid","#text":"dbf410b3-dc50-6717-d400-000000003900"},{"@Name":"ProcessId","#text":"3432"},{"@Name":"Image","#text":"C:\\Windows\\System32\\wermgr.exe"},{"@Name":"User","#text":"NT AUTHORITY\\SYSTEM"}]}}}
{"Event":{"System":{"Provider":{"@Name":"Microsoft-Windows-Sysmon","@Guid":"5770385f-c22a-43e0-bf4c-06f5698ffbd9"},"EventID":"1","Version":"5","Level":"4","Task":"1","Opcode":"0","Keywords":"0x8000000000000000","TimeCreated":{"@SystemTime":"2024-10-22 17:09:39.7719151"},"EventRecordID":"18003","Correlation":null,"Execution":{"@ProcessID":"2580","@ThreadID":"3268"},"Channel":"Microsoft-Windows-Sysmon/Operational","Computer":"Server002","Security":{"@UserID":"S-1-5-18"}},"EventData":{"Data":[{"@Name":"RuleName","#text":"-"},{"@Name":"UtcTime","#text":"2024-10-22 17:09:39.362"},{"@Name":"ProcessGuid","#text":"dbf410b3-dc53-6717-d500-000000003900"},{"@Name":"ProcessId","#text":"6004"},{"@Name":"Image","#text":"C:\\Program Files (x86)\\Microsoft\\EdgeUpdate\\Install\\{63ED169E-027C-45C2-AE97-83C8090CFDEF}\\MicrosoftEdge_X64_130.0.2849.46_129.0.2792.89.exe"},{"@Name":"FileVersion","#text":"130.0.2849.46"},{"@Name":"Description","#text":"Microsoft Edge Installer"},{"@Name":"Product","#text":"Microsoft Edge Installer"},{"@Name":"Company","#text":"Microsoft Corporation"},{"@Name":"OriginalFileName","#text":"mini_installer.exe"},{"@Name":"CommandLine","#text":"\"C:\\Program Files (x86)\\Microsoft\\EdgeUpdate\\Install\\{63ED169E-027C-45C2-AE97-83C8090CFDEF}\\MicrosoftEdge_X64_130.0.2849.46_129.0.2792.89.exe\" --msedge --verbose-logging --do-not-launch-msedge --system-level --channel=stable"},{"@Name":"CurrentDirectory","#text":"C:\\Program Files (x86)\\Microsoft\\EdgeUpdate\\1.3.195.25\\"},{"@Name":"User","#text":"NT AUTHORITY\\SYSTEM"},{"@Name":"LogonGuid","#text":"dbf410b3-f7a5-6717-e703-000000000000"},{"@Name":"LogonId","#text":"0x3E7"},{"@Name":"TerminalSessionId","#text":"0"},{"@Name":"IntegrityLevel","#text":"System"},{"@Name":"Hashes","#text":"SHA256=27DD0F70CBF37ADAD4FC717022B6D51F9E14478AFBC9CFFB5174356B253F2555"},{"@Name":"ParentProcessGuid","#text":"dbf410b3-dbff-6717-b900-000000003900"},{"@Name":"ParentProcessId","#text":"5256"},{"@Name":"ParentImage","#text":"C:\\Program Files (x86)\\Microsoft\\EdgeUpdate\\MicrosoftEdgeUpdate.exe"},{"@Name":"ParentCommandLine","#text":"\"C:\\Program Files (x86)\\Microsoft\\EdgeUpdate\\MicrosoftEdgeUpdate.exe\" /svc"},{"@Name":"ParentUser","#text":"NT AUTHORITY\\SYSTEM"}]}}}
{"Event":{"System":{"Provider":{"@Name":"Microsoft-Windows-Sysmon","@Guid":"5770385f-c22a-43e0-bf4c-06f5698ffbd9"},"EventID":"1","Version":"5","Level":"4","Task":"1","Opcode":"0","Keywords":"0x8000000000000000","TimeCreated":{"@SystemTime":"2024-10-22 17:09:40.4651532"},"EventRecordID":"18004","Correlation":null,"Execution":{"@ProcessID":"2580","@ThreadID":"3268"},"Channel":"Microsoft-Windows-Sysmon/Operational","Computer":"Server002","Security":{"@UserID":"S-1-5-18"}},"EventData":{"Data":[{"@Name":"RuleName","#text":"-"},{"@Name":"UtcTime","#text":"2024-10-22 17:09:40.384"},{"@Name":"ProcessGuid","#text":"dbf410b3-dc54-6717-d600-000000003900"},{"@Name":"ProcessId","#text":"5644"},{"@Name":"Image","#text":"C:\\Program Files (x86)\\Microsoft\\EdgeUpdate\\Install\\{63ED169E-027C-45C2-AE97-83C8090CFDEF}\\EDGEMITMP_7F551.tmp\\setup.exe"},{"@Name":"FileVersion","#text":"130.0.2849.46"},{"@Name":"Description","#text":"Microsoft Edge Installer"},{"@Name":"Product","#text":"Microsoft Edge Installer"},{"@Name":"Company","#text":"Microsoft Corporation"},{"@Name":"OriginalFileName","#text":"setup.exe"},{"@Name":"CommandLine","#text":"\"C:\\Program Files (x86)\\Microsoft\\EdgeUpdate\\Install\\{63ED169E-027C-45C2-AE97-83C8090CFDEF}\\EDGEMITMP_7F551.tmp\\setup.exe\" --install-archive=\"C:\\Program Files (x86)\\Microsoft\\EdgeUpdate\\Install\\{63ED169E-027C-45C2-AE97-83C8090CFDEF}\\MicrosoftEdge_X64_130.0.2849.46_129.0.2792.89.exe\" --previous-version=\"129.0.2792.89\" --msedge --verbose-logging --do-not-launch-msedge --system-level --channel=stable"},{"@Name":"CurrentDirectory","#text":"C:\\Program Files (x86)\\Microsoft\\EdgeUpdate\\1.3.195.25\\"},{"@Name":"User","#text":"NT AUTHORITY\\SYSTEM"},{"@Name":"LogonGuid","#text":"dbf410b3-f7a5-6717-e703-000000000000"},{"@Name":"LogonId","#text":"0x3E7"},{"@Name":"TerminalSessionId","#text":"0"},{"@Name":"IntegrityLevel","#text":"System"},{"@Name":"Hashes","#text":"SHA256=EC095CA709A06E6EED6E0A34F25719B51DCAC330A9E9C7F65A53807FCD8D2085"},{"@Name":"ParentProcessGuid","#text":"dbf410b3-dc53-6717-d500-000000003900"},{"@Name":"ParentProcessId","#text":"6004"},{"@Name":"ParentImage","#text":"C:\\Program Files (x86)\\Microsoft\\EdgeUpdate\\Install\\{63ED169E-027C-45C2-AE97-83C8090CFDEF}\\MicrosoftEdge_X64_130.0.2849.46_129.0.2792.89.exe"},{"@Name":"ParentCommandLine","#text":"\"C:\\Program Files (x86)\\Microsoft\\EdgeUpdate\\Install\\{63ED169E-027C-45C2-AE97-83C8090CFDEF}\\MicrosoftEdge_X64_130.0.2849.46_129.0.2792.89.exe\" --msedge --verbose-logging --do-not-launch-msedge --system-level --channel=stable"},{"@Name":"ParentUser","#text":"NT AUTHORITY\\SYSTEM"}]}}}
{"Event":{"System":{"Provider":{"@Name":"Microsoft-Windows-Sysmon","@Guid":"5770385f-c22a-43e0-bf4c-06f5698ffbd9"},"EventID":"1","Version":"5","Level":"4","Task":"1","Opcode":"0","Keywords":"0x8000000000000000","TimeCreated":{"@SystemTime":"2024-10-22 17:09:40.6525603"},"EventRecordID":"18005","Correlation":null,"Execution":{"@ProcessID":"2580","@ThreadID":"3268"},"Channel":"Microsoft-Windows-Sysmon/Operational","Computer":"Server002","Security":{"@UserID":"S-1-5-18"}},"EventData":{"Data":[{"@Name":"RuleName","#text":"-"},{"@Name":"UtcTime","#text":"2024-10-22 17:09:40.645"},{"@Name":"ProcessGuid","#text":"dbf410b3-dc54-6717-d700-000000003900"},{"@Name":"ProcessId","#text":"5620"},{"@Name":"Image","#text":"C:\\Program Files (x86)\\Microsoft\\EdgeUpdate\\Install\\{63ED169E-027C-45C2-AE97-83C8090CFDEF}\\EDGEMITMP_7F551.tmp\\setup.exe"},{"@Name":"FileVersion","#text":"130.0.2849.46"},{"@Name":"Description","#text":"Microsoft Edge Installer"},{"@Name":"Product","#text":"Microsoft Edge Installer"},{"@Name":"Company","#text":"Microsoft Corporation"},{"@Name":"OriginalFileName","#text":"setup.exe"},{"@Name":"CommandLine","#text":"\"C:\\Program Files (x86)\\Microsoft\\EdgeUpdate\\Install\\{63ED169E-027C-45C2-AE97-83C8090CFDEF}\\EDGEMITMP_7F551.tmp\\setup.exe\" --type=crashpad-handler /prefetch:4 --monitor-self-annotation=ptype=crashpad-handler --database=C:\\Windows\\SystemTemp\\MsEdgeCrashpad --annotation=IsOfficialBuild=1 --annotation=channel= --annotation=chromium-version=130.0.6723.59 \"--annotation=exe=C:\\Program Files (x86)\\Microsoft\\EdgeUpdate\\Install\\{63ED169E-027C-45C2-AE97-83C8090CFDEF}\\EDGEMITMP_7F551.tmp\\setup.exe\" --annotation=plat=Win64 --annotation=prod=Edge --annotation=ver=130.0.2849.46 --initial-client-data=0x18c,0x188,0x184,0x258,0x170,0x7ff6f6701730,0x7ff6f670173c,0x7ff6f6701748"},{"@Name":"CurrentDirectory","#text":"C:\\Program Files (x86)\\Microsoft\\EdgeUpdate\\1.3.195.25\\"},{"@Name":"User","#text":"NT AUTHORITY\\SYSTEM"},{"@Name":"LogonGuid","#text":"dbf410b3-f7a5-6717-e703-000000000000"},{"@Name":"LogonId","#text":"0x3E7"},{"@Name":"TerminalSessionId","#text":"0"},{"@Name":"IntegrityLevel","#text":"System"},{"@Name":"Hashes","#text":"SHA256=EC095CA709A06E6EED6E0A34F25719B51DCAC330A9E9C7F65A53807FCD8D2085"},{"@Name":"ParentProcessGuid","#text":"dbf410b3-dc54-6717-d600-000000003900"},{"@Name":"ParentProcessId","#text":"5644"},{"@Name":"ParentImage","#text":"C:\\Program Files (x86)\\Microsoft\\EdgeUpdate\\Install\\{63ED169E-027C-45C2-AE97-83C8090CFDEF}\\EDGEMITMP_7F551.tmp\\setup.exe"},{"@Name":"ParentCommandLine","#text":"\"C:\\Program Files (x86)\\Microsoft\\EdgeUpdate\\Install\\{63ED169E-027C-45C2-AE97-83C8090CFDEF}\\EDGEMITMP_7F551.tmp\\setup.exe\" --install-archive=\"C:\\Program Files (x86)\\Microsoft\\EdgeUpdate\\Install\\{63ED169E-027C-45C2-AE97-83C8090CFDEF}\\MicrosoftEdge_X64_130.0.2849.46_129.0.2792.89.exe\" --previous-version=\"129.0.2792.89\" --msedge --verbose-logging --do-not-launch-msedge --system-level --channel=stable"},{"@Name":"ParentUser","#text":"NT AUTHORITY\\SYSTEM"}]}}}
