{"Event":{"System":{"Provider":{"@Name":"Microsoft-Windows-Security-Auditing","@Guid":"54849625-5478-4994-a5ba-3e3b0328c30d"},"EventID":"5379","Version":"0","Level":"0","Task":"13824","Opcode":"0","Keywords":"0x8020000000000000","TimeCreated":{"@SystemTime":"2024-10-26 20:10:06.9785512"},"EventRecordID":"30398","Correlation":{"@ActivityID":"332d26c8-27f3-0000-bd27-2d33f327db01"},"Execution":{"@ProcessID":"664","@ThreadID":"776"},"Channel":"Security","Computer":"Server002","Security":null},"EventData":{"Data":[{"@Name":"SubjectUserSid","#text":"S-1-5-18"},{"@Name":"SubjectUserName","#text":"SERVER002$"},{"@Name":"SubjectDomainName","#text":"WORKGROUP"},{"@Name":"SubjectLogonId","#text":"0x3E7"},{"@Name":"TargetName","#text":"WindowsLive:(token):name=02txoixylodcstop;serviceuri=*"},{"@Name":"Type","#text":"0"},{"@Name":"CountOfCredentialsReturned","#text":"0"},{"@Name":"ReadOperation","#text":"%%8100"},{"@Name":"ReturnCode","#text":"3221226021"},{"@Name":"ProcessCreationTime","#text":"2024-10-26 20:09:59.2684313"},{"@Name":"ClientProcessId","#text":"792"}]}}}
{"Event":{"System":{"Provider":{"@Name":"Microsoft-Windows-Security-Auditing","@Guid":"54849625-5478-4994-a5ba-3e3b0328c30d"},"EventID":"5379","Version":"0","Level":"0","Task":"13824","Opcode":"0","Keywords":"0x8020000000000000","TimeCreated":{"@SystemTime":"2024-10-26 20:10:06.9790912"},"EventRecordID":"30399","Correlation":{"@ActivityID":"332d26c8-27f3-0000-bd27-2d33f327db01"},"Execution":{"@ProcessID":"664","@ThreadID":"776"},"Channel":"Security","Computer":"Server002","Security":null},"EventData":{"Data":[{"@Name":"SubjectUserSid","#text":"S-1-5-18"},{"@Name":"SubjectUserName","#text":"SERVER002$"},{"@Name":"SubjectDomainName","#text":"WORKGROUP"},{"@Name":"SubjectLogonId","#text":"0x3E7"},{"@Name":"TargetName","#text":"WindowsLive:(cert):name=02txoixylodcstop;serviceuri=*"},{"@Name":"Type","#text":"0"},{"@Name":"CountOfCredentialsReturned","#text":"0"},{"@Name":"ReadOperation","#text":"%%8100"},{"@Name":"ReturnCode","#text":"3221226021"},{"@Name":"ProcessCreationTime","#text":"2024-10-26 20:09:59.2684313"},{"@Name":"ClientProcessId","#text":"792"}]}}}
{"Event":{"System":{"Provider":{"@Name":"Microsoft-Windows-Security-Auditing","@Guid":"54849625-5478-4994-a5ba-3e3b0328c30d"},"EventID":"5379","Version":"0","Level":"0","Task":"13824","Opcode":"0","Keywords":"0x8020000000000000","TimeCreated":{"@SystemTime":"2024-10-26 20:10:08.1908310"},"EventRecordID":"30400","Correlation":{"@ActivityID":"332d26c8-27f3-0000-bd27-2d33f327db01"},"Execution":{"@ProcessID":"664","@ThreadID":"776"},"Channel":"Security","Computer":"Server002","Security":null},"EventData":{"Data":[{"@Name":"SubjectUserSid","#text":"S-1-5-18"},{"@Name":"SubjectUserName","#text":"SERVER002$"},{"@Name":"SubjectDomainName","#text":"WORKGROUP"},{"@Name":"SubjectLogonId","#text":"0x3E7"},{"@Name":"TargetName","#text":"MicrosoftAccount:user=02txoixylodcstop"},{"@Name":"Type","#text":"0"},{"@Name":"CountOfCredentialsReturned","#text":"0"},{"@Name":"ReadOperation","#text":"%%8100"},{"@Name":"ReturnCode","#text":"3221226021"},{"@Name":"ProcessCreationTime","#text":"2024-10-26 20:09:59.2684313"},{"@Name":"ClientProcessId","#text":"792"}]}}}
{"Event":{"System":{"Provider":{"@Name":"Microsoft-Windows-Security-Auditing","@Guid":"54849625-5478-4994-a5ba-3e3b0328c30d"},"EventID":"5379","Version":"0","Level":"0","Task":"13824","Opcode":"0","Keywords":"0x8020000000000000","TimeCreated":{"@SystemTime":"2024-10-26 20:10:08.1913653"},"EventRecordID":"30401","Correlation":{"@ActivityID":"332d26c8-27f3-0000-bd27-2d33f327db01"},"Execution":{"@ProcessID":"664","@ThreadID":"776"},"Channel":"Security","Computer":"Server002","Security":null},"EventData":{"Data":[{"@Name":"SubjectUserSid","#text":"S-1-5-18"},{"@Name":"SubjectUserName","#text":"SERVER002$"},{"@Name":"SubjectDomainName","#text":"WORKGROUP"},{"@Name":"SubjectLogonId","#text":"0x3E7"},{"@Name":"TargetName","#text":"MicrosoftAccount:user=02txoixylodcstop"},{"@Name":"Type","#text":"0"},{"@Name":"CountOfCredentialsReturned","#text":"0"},{"@Name":"ReadOperation","#text":"%%8100"},{"@Name":"ReturnCode","#text":"3221226021"},{"@Name":"ProcessCreationTime","#text":"2024-10-26 20:09:59.2684313"},{"@Name":"ClientProcessId","#text":"792"}]}}}
{"Event":{"System":{"Provider":{"@Name":"Microsoft-Windows-Security-Auditing","@Guid":"54849625-5478-4994-a5ba-3e3b0328c30d"},"EventID":"5379","Version":"0","Level":"0","Task":"13824","Opcode":"0","Keywords":"0x8020000000000000","TimeCreated":{"@SystemTime":"2024-10-26 20:10:08.1937091"},"EventRecordID":"30402","Correlation":{"@ActivityID":"332d26c8-27f3-0000-bd27-2d33f327db01"},"Execution":{"@ProcessID":"664","@ThreadID":"776"},"Channel":"Security","Computer":"Server002","Security":null},"EventData":{"Data":[{"@Name":"SubjectUserSid","#text":"S-1-5-18"},{"@Name":"SubjectUserName","#text":"SERVER002$"},{"@Name":"SubjectDomainName","#text":"WORKGROUP"},{"@Name":"SubjectLogonId","#text":"0x3E7"},{"@Name":"TargetName","#text":"MicrosoftAccount:user=02txoixylodcstop"},{"@Name":"Type","#text":"0"},{"@Name":"CountOfCredentialsReturned","#text":"0"},{"@Name":"ReadOperation","#text":"%%8100"},{"@Name":"ReturnCode","#text":"3221226021"},{"@Name":"ProcessCreationTime","#text":"2024-10-26 20:09:59.2684313"},{"@Name":"ClientProcessId","#text":"792"}]}}}
{"Event":{"System":{"Provider":{"@Name":"Microsoft-Windows-Security-Auditing","@Guid":"54849625-5478-4994-a5ba-3e3b0328c30d"},"EventID":"5379","Version":"0","Level":"0","Task":"13824","Opcode":"0","Keywords":"0x8020000000000000","TimeCreated":{"@SystemTime":"2024-10-26 20:10:08.1937605"},"EventRecordID":"30403","Correlation":{"@ActivityID":"332d26c8-27f3-0000-bd27-2d33f327db01"},"Execution":{"@ProcessID":"664","@ThreadID":"776"},"Channel":"Security","Computer":"Server002","Security":null},"EventData":{"Data":[{"@Name":"SubjectUserSid","#text":"S-1-5-18"},{"@Name":"SubjectUserName","#text":"SERVER002$"},{"@Name":"SubjectDomainName","#text":"WORKGROUP"},{"@Name":"SubjectLogonId","#text":"0x3E7"},{"@Name":"TargetName","#text":"MicrosoftAccount:user=02txoixylodcstop"},{"@Name":"Type","#text":"0"},{"@Name":"CountOfCredentialsReturned","#text":"0"},{"@Name":"ReadOperation","#text":"%%8100"},{"@Name":"ReturnCode","#text":"3221226021"},{"@Name":"ProcessCreationTime","#text":"2024-10-26 20:09:59.2684313"},{"@Name":"ClientProcessId","#text":"792"}]}}}
{"Event":{"System":{"Provider":{"@Name":"Microsoft-Windows-Security-Auditing","@Guid":"54849625-5478-4994-a5ba-3e3b0328c30d"},"EventID":"4798","Version":"0","Level":"0","Task":"13824","Opcode":"0","Keywords":"0x8020000000000000","TimeCreated":{"@SystemTime":"2024-10-26 20:10:08.7279800"},"EventRecordID":"30404","Correlation":{"@ActivityID":"332d26c8-27f3-0000-bd27-2d33f327db01"},"Execution":{"@ProcessID":"664","@ThreadID":"776"},"Channel":"Security","Computer":"Server002","Security":null},"EventData":{"Data":[{"@Name":"TargetUserName","#text":"Administrator"},{"@Name":"TargetDomainName","#text":"SERVER002"},{"@Name":"TargetSid","#text":"S-1-5-21-3962163828-2803415714-1403596700-500"},{"@Name":"SubjectUserSid","#text":"S-1-5-18"},{"@Name":"SubjectUserName","#text":"SERVER002$"},{"@Name":"SubjectDomainName","#text":"WORKGROUP"},{"@Name":"SubjectLogonId","#text":"0x3E7"},{"@Name":"CallerProcessId","#text":"0x1B68"},{"@Name":"CallerProcessName","#text":"C:\\Windows\\System32\\taskhostw.exe"}]}}}
{"Event":{"System":{"Provider":{"@Name":"Microsoft-Windows-Security-Auditing","@Guid":"54849625-5478-4994-a5ba-3e3b0328c30d"},"EventID":"4798","Version":"0","Level":"0","Task":"13824","Opcode":"0","Keywords":"0x8020000000000000","TimeCreated":{"@SystemTime":"2024-10-26 20:10:08.7284267"},"EventRecordID":"30405","Correlation":{"@ActivityID":"332d26c8-27f3-0000-bd27-2d33f327db01"},"Execution":{"@ProcessID":"664","@ThreadID":"776"},"Channel":"Security","Computer":"Server002","Security":null},"EventData":{"Data":[{"@Name":"TargetUserName","#text":"admin_test"},{"@Name":"TargetDomainName","#text":"SERVER002"},{"@Name":"TargetSid","#text":"S-1-5-21-3962163828-2803415714-1403596700-1006"},{"@Name":"SubjectUserSid","#text":"S-1-5-18"},{"@Name":"SubjectUserName","#text":"SERVER002$"},{"@Name":"SubjectDomainName","#text":"WORKGROUP"},{"@Name":"SubjectLogonId","#text":"0x3E7"},{"@Name":"CallerProcessId","#text":"0x1B68"},{"@Name":"CallerProcessName","#text":"C:\\Windows\\System32\\taskhostw.exe"}]}}}
{"Event":{"System":{"Provider":{"@Name":"Microsoft-Windows-Security-Auditing","@Guid":"54849625-5478-4994-a5ba-3e3b0328c30d"},"EventID":"4798","Version":"0","Level":"0","Task":"13824","Opcode":"0","Keywords":"0x8020000000000000","TimeCreated":{"@SystemTime":"2024-10-26 20:10:08.7287628"},"EventRecordID":"30406","Correlation":{"@ActivityID":"332d26c8-27f3-0000-bd27-2d33f327db01"},"Execution":{"@ProcessID":"664","@ThreadID":"776"},"Channel":"Security","Computer":"Server002","Security":null},"EventData":{"Data":[{"@Name":"TargetUserName","#text":"DefaultAccount"},{"@Name":"TargetDomainName","#text":"SERVER002"},{"@Name":"TargetSid","#text":"S-1-5-21-3962163828-2803415714-1403596700-503"},{"@Name":"SubjectUserSid","#text":"S-1-5-18"},{"@Name":"SubjectUserName","#text":"SERVER002$"},{"@Name":"SubjectDomainName","#text":"WORKGROUP"},{"@Name":"SubjectLogonId","#text":"0x3E7"},{"@Name":"CallerProcessId","#text":"0x1B68"},{"@Name":"CallerProcessName","#text":"C:\\Windows\\System32\\taskhostw.exe"}]}}}
{"Event":{"System":{"Provider":{"@Name":"Microsoft-Windows-Security-Auditing","@Guid":"54849625-5478-4994-a5ba-3e3b0328c30d"},"EventID":"4798","Version":"0","Level":"0","Task":"13824","Opcode":"0","Keywords":"0x8020000000000000","TimeCreated":{"@SystemTime":"2024-10-26 20:10:08.7295151"},"EventRecordID":"30407","Correlation":{"@ActivityID":"332d26c8-27f3-0000-bd27-2d33f327db01"},"Execution":{"@ProcessID":"664","@ThreadID":"776"},"Channel":"Security","Computer":"Server002","Security":null},"EventData":{"Data":[{"@Name":"TargetUserName","#text":"Guest"},{"@Name":"TargetDomainName","#text":"SERVER002"},{"@Name":"TargetSid","#text":"S-1-5-21-3962163828-2803415714-1403596700-501"},{"@Name":"SubjectUserSid","#text":"S-1-5-18"},{"@Name":"SubjectUserName","#text":"SERVER002$"},{"@Name":"SubjectDomainName","#text":"WORKGROUP"},{"@Name":"SubjectLogonId","#text":"0x3E7"},{"@Name":"CallerProcessId","#text":"0x1B68"},{"@Name":"CallerProcessName","#text":"C:\\Windows\\System32\\taskhostw.exe"}]}}}
{"Event":{"System":{"Provider":{"@Name":"Microsoft-Windows-Security-Auditing","@Guid":"54849625-5478-4994-a5ba-3e3b0328c30d"},"EventID":"4798","Version":"0","Level":"0","Task":"13824","Opcode":"0","Keywords":"0x8020000000000000","TimeCreated":{"@SystemTime":"2024-10-26 20:10:08.7300745"},"EventRecordID":"30408","Correlation":{"@ActivityID":"332d26c8-27f3-0000-bd27-2d33f327db01"},"Execution":{"@ProcessID":"664","@ThreadID":"776"},"Channel":"Security","Computer":"Server002","Security":null},"EventData":{"Data":[{"@Name":"TargetUserName","#text":"lplui"},{"@Name":"TargetDomainName","#text":"SERVER002"},{"@Name":"TargetSid","#text":"S-1-5-21-3962163828-2803415714-1403596700-1001"},{"@Name":"SubjectUserSid","#text":"S-1-5-18"},{"@Name":"SubjectUserName","#text":"SERVER002$"},{"@Name":"SubjectDomainName","#text":"WORKGROUP"},{"@Name":"SubjectLogonId","#text":"0x3E7"},{"@Name":"CallerProcessId","#text":"0x1B68"},{"@Name":"CallerProcessName","#text":"C:\\Windows\\System32\\taskhostw.exe"}]}}}
{"Event":{"System":{"Provider":{"@Name":"Microsoft-Windows-Security-Auditing","@Guid":"54849625-5478-4994-a5ba-3e3b0328c30d"},"EventID":"4672","Version":"0","Level":"0","Task":"12548","Opcode":"0","Keywords":"0x8020000000000000","TimeCreated":{"@SystemTime":"2024-10-26 20:10:16.3759809"},"EventRecordID":"30409","Correlation":{"@ActivityID":"332d26c8-27f3-0000-bd27-2d33f327db01"},"Execution":{"@ProcessID":"664","@ThreadID":"776"},"Channel":"Security","Computer":"Server002","Security":null},"EventData":{"Data":[{"@Name":"SubjectUserSid","#text":"S-1-5-21-3962163828-2803415714-1403596700-1006"},{"@Name":"SubjectUserName","#text":"admin_test"},{"@Name":"SubjectDomainName","#text":"SERVER002"},{"@Name":"SubjectLogonId","#text":"0x2732A4"},{"@Name":"PrivilegeList","#text":"SeSecurityPrivilege, SeBackupPrivilege, SeRestorePrivilege, SeTakeOwnershipPrivilege, SeDebugPrivilege, SeSystemEnvironmentPrivilege, SeLoadDriverPrivilege, SeImpersonatePrivilege, SeDelegateSessionUserImpersonatePrivilege"}]}}}
{"Event":{"System":{"Provider":{"@Name":"Microsoft-Windows-Security-Auditing","@Guid":"54849625-5478-4994-a5ba-3e3b0328c30d"},"EventID":"4624","Version":"2","Level":"0","Task":"12544","Opcode":"0","Keywords":"0x8020000000000000","TimeCreated":{"@SystemTime":"2024-10-26 20:10:16.3760337"},"EventRecordID":"30410","Correlation":{"@ActivityID":"332d26c8-27f3-0000-bd27-2d33f327db01"},"Execution":{"@ProcessID":"664","@ThreadID":"776"},"Channel":"Security","Computer":"Server002","Security":null},"EventData":{"Data":[{"@Name":"SubjectUserSid","#text":"S-1-0-0"},{"@Name":"SubjectUserName","#text":"-"},{"@Name":"SubjectDomainName","#text":"-"},{"@Name":"SubjectLogonId","#text":"0x0"},{"@Name":"TargetUserSid","#text":"S-1-5-21-3962163828-2803415714-1403596700-1006"},{"@Name":"TargetUserName","#text":"admin_test"},{"@Name":"TargetDomainName","#text":"SERVER002"},{"@Name":"TargetLogonId","#text":"0x2732A4"},{"@Name":"LogonType","#text":"3"},{"@Name":"LogonProcessName","#text":"NtLmSsp "},{"@Name":"AuthenticationPackageName","#text":"NTLM"},{"@Name":"WorkstationName","#text":"DESKTOP-3HL5B2P"},{"@Name":"LogonGuid","#text":"00000000-0000-0000-0000-000000000000"},{"@Name":"TransmittedServices","#text":"-"},{"@Name":"LmPackageName","#text":"NTLM V2"},{"@Name":"KeyLength","#text":"128"},{"@Name":"ProcessId","#text":"0x0"},{"@Name":"ProcessName","#text":"-"},{"@Name":"IpAddress","#text":"192.168.0.102"},{"@Name":"IpPort","#text":"62454"},{"@Name":"ImpersonationLevel","#text":"%%1833"},{"@Name":"RestrictedAdminMode","#text":"-"},{"@Name":"TargetOutboundUserName","#text":"-"},{"@Name":"TargetOutboundDomainName","#text":"-"},{"@Name":"VirtualAccount","#text":"%%1843"},{"@Name":"TargetLinkedLogonId","#text":"0x0"},{"@Name":"ElevatedToken","#text":"%%1842"}]}}}
{"Event":{"System":{"Provider":{"@Name":"Microsoft-Windows-Security-Auditing","@Guid":"54849625-5478-4994-a5ba-3e3b0328c30d"},"EventID":"4634","Version":"0","Level":"0","Task":"12545","Opcode":"0","Keywords":"0x8020000000000000","TimeCreated":{"@SystemTime":"2024-10-26 20:10:51.6049576"},"EventRecordID":"30411","Correlation":null,"Execution":{"@ProcessID":"664","@ThreadID":"1700"},"Channel":"Security","Computer":"Server002","Security":null},"EventData":{"Data":[{"@Name":"TargetUserSid","#text":"S-1-5-21-3962163828-2803415714-1403596700-1006"},{"@Name":"TargetUserName","#text":"admin_test"},{"@Name":"TargetDomainName","#text":"SERVER002"},{"@Name":"TargetLogonId","#text":"0x13B4C9"},{"@Name":"LogonType","#text":"3"}]}}}
{"Event":{"System":{"Provider":{"@Name":"Microsoft-Windows-Security-Auditing","@Guid":"54849625-5478-4994-a5ba-3e3b0328c30d"},"EventID":"4672","Version":"0","Level":"0","Task":"12548","Opcode":"0","Keywords":"0x8020000000000000","TimeCreated":{"@SystemTime":"2024-10-26 20:10:51.6091842"},"EventRecordID":"30412","Correlation":{"@ActivityID":"332d26c8-27f3-0000-bd27-2d33f327db01"},"Execution":{"@ProcessID":"664","@ThreadID":"776"},"Channel":"Security","Computer":"Server002","Security":null},"EventData":{"Data":[{"@Name":"SubjectUserSid","#text":"S-1-5-21-3962163828-2803415714-1403596700-1006"},{"@Name":"SubjectUserName","#text":"admin_test"},{"@Name":"SubjectDomainName","#text":"SERVER002"},{"@Name":"SubjectLogonId","#text":"0x2C76B7"},{"@Name":"PrivilegeList","#text":"SeSecurityPrivilege, SeBackupPrivilege, SeRestorePrivilege, SeTakeOwnershipPrivilege, SeDebugPrivilege, SeSystemEnvironmentPrivilege, SeLoadDriverPrivilege, SeImpersonatePrivilege, SeDelegateSessionUserImpersonatePrivilege"}]}}}
{"Event":{"System":{"Provider":{"@Name":"Microsoft-Windows-Security-Auditing","@Guid":"54849625-5478-4994-a5ba-3e3b0328c30d"},"EventID":"4624","Version":"2","Level":"0","Task":"12544","Opcode":"0","Keywords":"0x8020000000000000","TimeCreated":{"@SystemTime":"2024-10-26 20:10:51.6094960"},"EventRecordID":"30413","Correlation":{"@ActivityID":"332d26c8-27f3-0000-bd27-2d33f327db01"},"Execution":{"@ProcessID":"664","@ThreadID":"776"},"Channel":"Security","Computer":"Server002","Security":null},"EventData":{"Data":[{"@Name":"SubjectUserSid","#text":"S-1-0-0"},{"@Name":"SubjectUserName","#text":"-"},{"@Name":"SubjectDomainName","#text":"-"},{"@Name":"SubjectLogonId","#text":"0x0"},{"@Name":"TargetUserSid","#text":"S-1-5-21-3962163828-2803415714-1403596700-1006"},{"@Name":"TargetUserName","#text":"admin_test"},{"@Name":"TargetDomainName","#text":"SERVER002"},{"@Name":"TargetLogonId","#text":"0x2C76B7"},{"@Name":"LogonType","#text":"3"},{"@Name":"LogonProcessName","#text":"NtLmSsp "},{"@Name":"AuthenticationPackageName","#text":"NTLM"},{"@Name":"WorkstationName","#text":"DESKTOP-3HL5B2P"},{"@Name":"LogonGuid","#text":"00000000-0000-0000-0000-000000000000"},{"@Name":"TransmittedServices","#text":"-"},{"@Name":"LmPackageName","#text":"NTLM V2"},{"@Name":"KeyLength","#text":"128"},{"@Name":"ProcessId","#text":"0x0"},{"@Name":"ProcessName","#text":"-"},{"@Name":"IpAddress","#text":"192.168.0.102"},{"@Name":"IpPort","#text":"62435"},{"@Name":"ImpersonationLevel","#text":"%%1833"},{"@Name":"RestrictedAdminMode","#text":"-"},{"@Name":"TargetOutboundUserName","#text":"-"},{"@Name":"TargetOutboundDomainName","#text":"-"},{"@Name":"VirtualAccount","#text":"%%1843"},{"@Name":"TargetLinkedLogonId","#text":"0x0"},{"@Name":"ElevatedToken","#text":"%%1842"}]}}}
