{"Event":{"System":{"Provider":{"@Name":"PowerShell"},"EventID":{"@Qualifiers":"0","#text":"600"},"Version":"0","Level":"4","Task":"6","Opcode":"0","Keywords":"0x80000000000000","TimeCreated":{"@SystemTime":"2024-10-21 12:13:58.7525366"},"EventRecordID":"1067","Correlation":null,"Execution":{"@ProcessID":"0","@ThreadID":"0"},"Channel":"Windows PowerShell","Computer":"Server002","Security":null},"EventData":{"Data":"Registry, Started, \tProviderName=Registry\r\n\tNewProviderState=Started\r\n\r\n\tSequenceNumber=1\r\n\r\n\tHostName=ConsoleHost\r\n\tHostVersion=5.1.19041.5007\r\n\tHostId=567eae98-b1ba-489e-8934-c0928ad74ab0\r\n\tHostApplication=powershell.exe &amp; {Invoke-Expression \"C:\\Users\\ADMIN_~1\\AppData\\Local\\Temp\\AtomicRedTeam\\T1027.004\\bin\\T1027.004_DynamicCompile.exe\"}\r\n\tEngineVersion=\r\n\tRunspaceId=\r\n\tPipelineId=\r\n\tCommandName=\r\n\tCommandType=\r\n\tScriptName=\r\n\tCommandPath=\r\n\tCommandLine=","Binary":""}}}
{"Event":{"System":{"Provider":{"@Name":"PowerShell"},"EventID":{"@Qualifiers":"0","#text":"600"},"Version":"0","Level":"4","Task":"6","Opcode":"0","Keywords":"0x80000000000000","TimeCreated":{"@SystemTime":"2024-10-21 12:13:58.7525366"},"EventRecordID":"1068","Correlation":null,"Execution":{"@ProcessID":"0","@ThreadID":"0"},"Channel":"Windows PowerShell","Computer":"Server002","Security":null},"EventData":{"Data":"Alias, Started, \tProviderName=Alias\r\n\tNewProviderState=Started\r\n\r\n\tSequenceNumber=3\r\n\r\n\tHostName=ConsoleHost\r\n\tHostVersion=5.1.19041.5007\r\n\tHostId=567eae98-b1ba-489e-8934-c0928ad74ab0\r\n\tHostApplication=powershell.exe &amp; {Invoke-Expression \"C:\\Users\\ADMIN_~1\\AppData\\Local\\Temp\\AtomicRedTeam\\T1027.004\\bin\\T1027.004_DynamicCompile.exe\"}\r\n\tEngineVersion=\r\n\tRunspaceId=\r\n\tPipelineId=\r\n\tCommandName=\r\n\tCommandType=\r\n\tScriptName=\r\n\tCommandPath=\r\n\tCommandLine=","Binary":""}}}
{"Event":{"System":{"Provider":{"@Name":"PowerShell"},"EventID":{"@Qualifiers":"0","#text":"600"},"Version":"0","Level":"4","Task":"6","Opcode":"0","Keywords":"0x80000000000000","TimeCreated":{"@SystemTime":"2024-10-21 12:13:58.7755581"},"EventRecordID":"1069","Correlation":null,"Execution":{"@ProcessID":"0","@ThreadID":"0"},"Channel":"Windows PowerShell","Computer":"Server002","Security":null},"EventData":{"Data":"Environment, Started, \tProviderName=Environment\r\n\tNewProviderState=Started\r\n\r\n\tSequenceNumber=5\r\n\r\n\tHostName=ConsoleHost\r\n\tHostVersion=5.1.19041.5007\r\n\tHostId=567eae98-b1ba-489e-8934-c0928ad74ab0\r\n\tHostApplication=powershell.exe &amp; {Invoke-Expression \"C:\\Users\\ADMIN_~1\\AppData\\Local\\Temp\\AtomicRedTeam\\T1027.004\\bin\\T1027.004_DynamicCompile.exe\"}\r\n\tEngineVersion=\r\n\tRunspaceId=\r\n\tPipelineId=\r\n\tCommandName=\r\n\tCommandType=\r\n\tScriptName=\r\n\tCommandPath=\r\n\tCommandLine=","Binary":""}}}
{"Event":{"System":{"Provider":{"@Name":"PowerShell"},"EventID":{"@Qualifiers":"0","#text":"600"},"Version":"0","Level":"4","Task":"6","Opcode":"0","Keywords":"0x80000000000000","TimeCreated":{"@SystemTime":"2024-10-21 12:13:58.7755581"},"EventRecordID":"1070","Correlation":null,"Execution":{"@ProcessID":"0","@ThreadID":"0"},"Channel":"Windows PowerShell","Computer":"Server002","Security":null},"EventData":{"Data":"FileSystem, Started, \tProviderName=FileSystem\r\n\tNewProviderState=Started\r\n\r\n\tSequenceNumber=7\r\n\r\n\tHostName=ConsoleHost\r\n\tHostVersion=5.1.19041.5007\r\n\tHostId=567eae98-b1ba-489e-8934-c0928ad74ab0\r\n\tHostApplication=powershell.exe &amp; {Invoke-Expression \"C:\\Users\\ADMIN_~1\\AppData\\Local\\Temp\\AtomicRedTeam\\T1027.004\\bin\\T1027.004_DynamicCompile.exe\"}\r\n\tEngineVersion=\r\n\tRunspaceId=\r\n\tPipelineId=\r\n\tCommandName=\r\n\tCommandType=\r\n\tScriptName=\r\n\tCommandPath=\r\n\tCommandLine=","Binary":""}}}
{"Event":{"System":{"Provider":{"@Name":"PowerShell"},"EventID":{"@Qualifiers":"0","#text":"600"},"Version":"0","Level":"4","Task":"6","Opcode":"0","Keywords":"0x80000000000000","TimeCreated":{"@SystemTime":"2024-10-21 12:13:58.7755581"},"EventRecordID":"1071","Correlation":null,"Execution":{"@ProcessID":"0","@ThreadID":"0"},"Channel":"Windows PowerShell","Computer":"Server002","Security":null},"EventData":{"Data":"Function, Started, \tProviderName=Function\r\n\tNewProviderState=Started\r\n\r\n\tSequenceNumber=9\r\n\r\n\tHostName=ConsoleHost\r\n\tHostVersion=5.1.19041.5007\r\n\tHostId=567eae98-b1ba-489e-8934-c0928ad74ab0\r\n\tHostApplication=powershell.exe &amp; {Invoke-Expression \"C:\\Users\\ADMIN_~1\\AppData\\Local\\Temp\\AtomicRedTeam\\T1027.004\\bin\\T1027.004_DynamicCompile.exe\"}\r\n\tEngineVersion=\r\n\tRunspaceId=\r\n\tPipelineId=\r\n\tCommandName=\r\n\tCommandType=\r\n\tScriptName=\r\n\tCommandPath=\r\n\tCommandLine=","Binary":""}}}
{"Event":{"System":{"Provider":{"@Name":"PowerShell"},"EventID":{"@Qualifiers":"0","#text":"600"},"Version":"0","Level":"4","Task":"6","Opcode":"0","Keywords":"0x80000000000000","TimeCreated":{"@SystemTime":"2024-10-21 12:13:58.7928616"},"EventRecordID":"1072","Correlation":null,"Execution":{"@ProcessID":"0","@ThreadID":"0"},"Channel":"Windows PowerShell","Computer":"Server002","Security":null},"EventData":{"Data":"Variable, Started, \tProviderName=Variable\r\n\tNewProviderState=Started\r\n\r\n\tSequenceNumber=11\r\n\r\n\tHostName=ConsoleHost\r\n\tHostVersion=5.1.19041.5007\r\n\tHostId=567eae98-b1ba-489e-8934-c0928ad74ab0\r\n\tHostApplication=powershell.exe &amp; {Invoke-Expression \"C:\\Users\\ADMIN_~1\\AppData\\Local\\Temp\\AtomicRedTeam\\T1027.004\\bin\\T1027.004_DynamicCompile.exe\"}\r\n\tEngineVersion=\r\n\tRunspaceId=\r\n\tPipelineId=\r\n\tCommandName=\r\n\tCommandType=\r\n\tScriptName=\r\n\tCommandPath=\r\n\tCommandLine=","Binary":""}}}
{"Event":{"System":{"Provider":{"@Name":"PowerShell"},"EventID":{"@Qualifiers":"0","#text":"400"},"Version":"0","Level":"4","Task":"4","Opcode":"0","Keywords":"0x80000000000000","TimeCreated":{"@SystemTime":"2024-10-21 12:13:59.1332300"},"EventRecordID":"1073","Correlation":null,"Execution":{"@ProcessID":"0","@ThreadID":"0"},"Channel":"Windows PowerShell","Computer":"Server002","Security":null},"EventData":{"Data":"Available, None, \tNewEngineState=Available\r\n\tPreviousEngineState=None\r\n\r\n\tSequenceNumber=13\r\n\r\n\tHostName=ConsoleHost\r\n\tHostVersion=5.1.19041.5007\r\n\tHostId=567eae98-b1ba-489e-8934-c0928ad74ab0\r\n\tHostApplication=powershell.exe &amp; {Invoke-Expression \"C:\\Users\\ADMIN_~1\\AppData\\Local\\Temp\\AtomicRedTeam\\T1027.004\\bin\\T1027.004_DynamicCompile.exe\"}\r\n\tEngineVersion=5.1.19041.5007\r\n\tRunspaceId=5102b130-18c2-41d6-868d-11db2d37d6ce\r\n\tPipelineId=\r\n\tCommandName=\r\n\tCommandType=\r\n\tScriptName=\r\n\tCommandPath=\r\n\tCommandLine=","Binary":""}}}
{"Event":{"System":{"Provider":{"@Name":"PowerShell"},"EventID":{"@Qualifiers":"0","#text":"403"},"Version":"0","Level":"4","Task":"4","Opcode":"0","Keywords":"0x80000000000000","TimeCreated":{"@SystemTime":"2024-10-21 12:14:00.4647529"},"EventRecordID":"1074","Correlation":null,"Execution":{"@ProcessID":"0","@ThreadID":"0"},"Channel":"Windows PowerShell","Computer":"Server002","Security":null},"EventData":{"Data":"Stopped, Available, \tNewEngineState=Stopped\r\n\tPreviousEngineState=Available\r\n\r\n\tSequenceNumber=15\r\n\r\n\tHostName=ConsoleHost\r\n\tHostVersion=5.1.19041.5007\r\n\tHostId=567eae98-b1ba-489e-8934-c0928ad74ab0\r\n\tHostApplication=powershell.exe &amp; {Invoke-Expression \"C:\\Users\\ADMIN_~1\\AppData\\Local\\Temp\\AtomicRedTeam\\T1027.004\\bin\\T1027.004_DynamicCompile.exe\"}\r\n\tEngineVersion=5.1.19041.5007\r\n\tRunspaceId=5102b130-18c2-41d6-868d-11db2d37d6ce\r\n\tPipelineId=\r\n\tCommandName=\r\n\tCommandType=\r\n\tScriptName=\r\n\tCommandPath=\r\n\tCommandLine=","Binary":""}}}
