{"Event":{"System":{"Provider":{"@Name":"PowerShell"},"EventID":{"@Qualifiers":"0","#text":"600"},"Version":"0","Level":"4","Task":"6","Opcode":"0","Keywords":"0x80000000000000","TimeCreated":{"@SystemTime":"2024-10-20 17:58:14.3629695"},"EventRecordID":"1067","Correlation":null,"Execution":{"@ProcessID":"0","@ThreadID":"0"},"Channel":"Windows PowerShell","Computer":"Server002","Security":null},"EventData":{"Data":"Registry, Started, \tProviderName=Registry\r\n\tNewProviderState=Started\r\n\r\n\tSequenceNumber=1\r\n\r\n\tHostName=ConsoleHost\r\n\tHostVersion=5.1.19041.5007\r\n\tHostId=4660e137-0b10-4ba8-a998-27321c1cfe6a\r\n\tHostApplication=powershell.exe &amp; {$exePath = resolve-path \"$env:ProgramFiles\\dotnet\\shared\\Microsoft.NETCore.App\\5*\\script.exe\"\r\n&amp; \"$exePath\" -u -f $env:Temp\\dotnet-lsass.dmp (Get-Process lsass).id}\r\n\tEngineVersion=\r\n\tRunspaceId=\r\n\tPipelineId=\r\n\tCommandName=\r\n\tCommandType=\r\n\tScriptName=\r\n\tCommandPath=\r\n\tCommandLine=","Binary":""}}}
{"Event":{"System":{"Provider":{"@Name":"PowerShell"},"EventID":{"@Qualifiers":"0","#text":"600"},"Version":"0","Level":"4","Task":"6","Opcode":"0","Keywords":"0x80000000000000","TimeCreated":{"@SystemTime":"2024-10-20 17:58:14.3770854"},"EventRecordID":"1068","Correlation":null,"Execution":{"@ProcessID":"0","@ThreadID":"0"},"Channel":"Windows PowerShell","Computer":"Server002","Security":null},"EventData":{"Data":"Alias, Started, \tProviderName=Alias\r\n\tNewProviderState=Started\r\n\r\n\tSequenceNumber=3\r\n\r\n\tHostName=ConsoleHost\r\n\tHostVersion=5.1.19041.5007\r\n\tHostId=4660e137-0b10-4ba8-a998-27321c1cfe6a\r\n\tHostApplication=powershell.exe &amp; {$exePath = resolve-path \"$env:ProgramFiles\\dotnet\\shared\\Microsoft.NETCore.App\\5*\\script.exe\"\r\n&amp; \"$exePath\" -u -f $env:Temp\\dotnet-lsass.dmp (Get-Process lsass).id}\r\n\tEngineVersion=\r\n\tRunspaceId=\r\n\tPipelineId=\r\n\tCommandName=\r\n\tCommandType=\r\n\tScriptName=\r\n\tCommandPath=\r\n\tCommandLine=","Binary":""}}}
{"Event":{"System":{"Provider":{"@Name":"PowerShell"},"EventID":{"@Qualifiers":"0","#text":"600"},"Version":"0","Level":"4","Task":"6","Opcode":"0","Keywords":"0x80000000000000","TimeCreated":{"@SystemTime":"2024-10-20 17:58:14.3770854"},"EventRecordID":"1069","Correlation":null,"Execution":{"@ProcessID":"0","@ThreadID":"0"},"Channel":"Windows PowerShell","Computer":"Server002","Security":null},"EventData":{"Data":"Environment, Started, \tProviderName=Environment\r\n\tNewProviderState=Started\r\n\r\n\tSequenceNumber=5\r\n\r\n\tHostName=ConsoleHost\r\n\tHostVersion=5.1.19041.5007\r\n\tHostId=4660e137-0b10-4ba8-a998-27321c1cfe6a\r\n\tHostApplication=powershell.exe &amp; {$exePath = resolve-path \"$env:ProgramFiles\\dotnet\\shared\\Microsoft.NETCore.App\\5*\\script.exe\"\r\n&amp; \"$exePath\" -u -f $env:Temp\\dotnet-lsass.dmp (Get-Process lsass).id}\r\n\tEngineVersion=\r\n\tRunspaceId=\r\n\tPipelineId=\r\n\tCommandName=\r\n\tCommandType=\r\n\tScriptName=\r\n\tCommandPath=\r\n\tCommandLine=","Binary":""}}}
{"Event":{"System":{"Provider":{"@Name":"PowerShell"},"EventID":{"@Qualifiers":"0","#text":"600"},"Version":"0","Level":"4","Task":"6","Opcode":"0","Keywords":"0x80000000000000","TimeCreated":{"@SystemTime":"2024-10-20 17:58:14.3770854"},"EventRecordID":"1070","Correlation":null,"Execution":{"@ProcessID":"0","@ThreadID":"0"},"Channel":"Windows PowerShell","Computer":"Server002","Security":null},"EventData":{"Data":"FileSystem, Started, \tProviderName=FileSystem\r\n\tNewProviderState=Started\r\n\r\n\tSequenceNumber=7\r\n\r\n\tHostName=ConsoleHost\r\n\tHostVersion=5.1.19041.5007\r\n\tHostId=4660e137-0b10-4ba8-a998-27321c1cfe6a\r\n\tHostApplication=powershell.exe &amp; {$exePath = resolve-path \"$env:ProgramFiles\\dotnet\\shared\\Microsoft.NETCore.App\\5*\\script.exe\"\r\n&amp; \"$exePath\" -u -f $env:Temp\\dotnet-lsass.dmp (Get-Process lsass).id}\r\n\tEngineVersion=\r\n\tRunspaceId=\r\n\tPipelineId=\r\n\tCommandName=\r\n\tCommandType=\r\n\tScriptName=\r\n\tCommandPath=\r\n\tCommandLine=","Binary":""}}}
{"Event":{"System":{"Provider":{"@Name":"PowerShell"},"EventID":{"@Qualifiers":"0","#text":"600"},"Version":"0","Level":"4","Task":"6","Opcode":"0","Keywords":"0x80000000000000","TimeCreated":{"@SystemTime":"2024-10-20 17:58:14.3770854"},"EventRecordID":"1071","Correlation":null,"Execution":{"@ProcessID":"0","@ThreadID":"0"},"Channel":"Windows PowerShell","Computer":"Server002","Security":null},"EventData":{"Data":"Function, Started, \tProviderName=Function\r\n\tNewProviderState=Started\r\n\r\n\tSequenceNumber=9\r\n\r\n\tHostName=ConsoleHost\r\n\tHostVersion=5.1.19041.5007\r\n\tHostId=4660e137-0b10-4ba8-a998-27321c1cfe6a\r\n\tHostApplication=powershell.exe &amp; {$exePath = resolve-path \"$env:ProgramFiles\\dotnet\\shared\\Microsoft.NETCore.App\\5*\\script.exe\"\r\n&amp; \"$exePath\" -u -f $env:Temp\\dotnet-lsass.dmp (Get-Process lsass).id}\r\n\tEngineVersion=\r\n\tRunspaceId=\r\n\tPipelineId=\r\n\tCommandName=\r\n\tCommandType=\r\n\tScriptName=\r\n\tCommandPath=\r\n\tCommandLine=","Binary":""}}}
{"Event":{"System":{"Provider":{"@Name":"PowerShell"},"EventID":{"@Qualifiers":"0","#text":"600"},"Version":"0","Level":"4","Task":"6","Opcode":"0","Keywords":"0x80000000000000","TimeCreated":{"@SystemTime":"2024-10-20 17:58:14.3770854"},"EventRecordID":"1072","Correlation":null,"Execution":{"@ProcessID":"0","@ThreadID":"0"},"Channel":"Windows PowerShell","Computer":"Server002","Security":null},"EventData":{"Data":"Variable, Started, \tProviderName=Variable\r\n\tNewProviderState=Started\r\n\r\n\tSequenceNumber=11\r\n\r\n\tHostName=ConsoleHost\r\n\tHostVersion=5.1.19041.5007\r\n\tHostId=4660e137-0b10-4ba8-a998-27321c1cfe6a\r\n\tHostApplication=powershell.exe &amp; {$exePath = resolve-path \"$env:ProgramFiles\\dotnet\\shared\\Microsoft.NETCore.App\\5*\\script.exe\"\r\n&amp; \"$exePath\" -u -f $env:Temp\\dotnet-lsass.dmp (Get-Process lsass).id}\r\n\tEngineVersion=\r\n\tRunspaceId=\r\n\tPipelineId=\r\n\tCommandName=\r\n\tCommandType=\r\n\tScriptName=\r\n\tCommandPath=\r\n\tCommandLine=","Binary":""}}}
{"Event":{"System":{"Provider":{"@Name":"PowerShell"},"EventID":{"@Qualifiers":"0","#text":"400"},"Version":"0","Level":"4","Task":"4","Opcode":"0","Keywords":"0x80000000000000","TimeCreated":{"@SystemTime":"2024-10-20 17:58:14.7292223"},"EventRecordID":"1073","Correlation":null,"Execution":{"@ProcessID":"0","@ThreadID":"0"},"Channel":"Windows PowerShell","Computer":"Server002","Security":null},"EventData":{"Data":"Available, None, \tNewEngineState=Available\r\n\tPreviousEngineState=None\r\n\r\n\tSequenceNumber=13\r\n\r\n\tHostName=ConsoleHost\r\n\tHostVersion=5.1.19041.5007\r\n\tHostId=4660e137-0b10-4ba8-a998-27321c1cfe6a\r\n\tHostApplication=powershell.exe &amp; {$exePath = resolve-path \"$env:ProgramFiles\\dotnet\\shared\\Microsoft.NETCore.App\\5*\\script.exe\"\r\n&amp; \"$exePath\" -u -f $env:Temp\\dotnet-lsass.dmp (Get-Process lsass).id}\r\n\tEngineVersion=5.1.19041.5007\r\n\tRunspaceId=bb47de56-7791-45c2-a7f5-81fc8d060d93\r\n\tPipelineId=\r\n\tCommandName=\r\n\tCommandType=\r\n\tScriptName=\r\n\tCommandPath=\r\n\tCommandLine=","Binary":""}}}
{"Event":{"System":{"Provider":{"@Name":"PowerShell"},"EventID":{"@Qualifiers":"0","#text":"403"},"Version":"0","Level":"4","Task":"4","Opcode":"0","Keywords":"0x80000000000000","TimeCreated":{"@SystemTime":"2024-10-20 17:58:16.2472817"},"EventRecordID":"1074","Correlation":null,"Execution":{"@ProcessID":"0","@ThreadID":"0"},"Channel":"Windows PowerShell","Computer":"Server002","Security":null},"EventData":{"Data":"Stopped, Available, \tNewEngineState=Stopped\r\n\tPreviousEngineState=Available\r\n\r\n\tSequenceNumber=15\r\n\r\n\tHostName=ConsoleHost\r\n\tHostVersion=5.1.19041.5007\r\n\tHostId=4660e137-0b10-4ba8-a998-27321c1cfe6a\r\n\tHostApplication=powershell.exe &amp; {$exePath = resolve-path \"$env:ProgramFiles\\dotnet\\shared\\Microsoft.NETCore.App\\5*\\script.exe\"\r\n&amp; \"$exePath\" -u -f $env:Temp\\dotnet-lsass.dmp (Get-Process lsass).id}\r\n\tEngineVersion=5.1.19041.5007\r\n\tRunspaceId=bb47de56-7791-45c2-a7f5-81fc8d060d93\r\n\tPipelineId=\r\n\tCommandName=\r\n\tCommandType=\r\n\tScriptName=\r\n\tCommandPath=\r\n\tCommandLine=","Binary":""}}}
