{"Event":{"System":{"Provider":{"@Name":"PowerShell"},"EventID":{"@Qualifiers":"0","#text":"600"},"Version":"0","Level":"4","Task":"6","Opcode":"0","Keywords":"0x80000000000000","TimeCreated":{"@SystemTime":"2024-10-27 15:29:57.7856099"},"EventRecordID":"1043","Correlation":null,"Execution":{"@ProcessID":"0","@ThreadID":"0"},"Channel":"Windows PowerShell","Computer":"Server002","Security":null},"EventData":{"Data":"Registry, Started, \tProviderName=Registry\r\n\tNewProviderState=Started\r\n\r\n\tSequenceNumber=1\r\n\r\n\tHostName=ConsoleHost\r\n\tHostVersion=5.1.19041.5007\r\n\tHostId=4ed43211-714e-4038-a81f-99ad2be0040d\r\n\tHostApplication=powershell.exe &amp; {Copy-Item \"C:\\Users\\ADMIN_~1\\AppData\\Local\\Temp\\AtomicRedTeam\\T1547.001\\src\\batstartup.bat\" \"$env:APPDATA\\Microsoft\\Windows\\Start Menu\\Programs\\Startup\\batstartup.bat\"\r\nCopy-Item \"C:\\Users\\ADMIN_~1\\AppData\\Local\\Temp\\AtomicRedTeam\\T1547.001\\src\\batstartup.bat\" \"C:\\ProgramData\\Microsoft\\Windows\\Start Menu\\Programs\\StartUp\\batstartup.bat\"\r\nStart-Process \"$env:APPDATA\\Microsoft\\Windows\\Start Menu\\Programs\\Startup\\batstartup.bat\"\r\nStart-Process \"C:\\ProgramData\\Microsoft\\Windows\\Start Menu\\Programs\\StartUp\\batstartup.bat\"}\r\n\tEngineVersion=\r\n\tRunspaceId=\r\n\tPipelineId=\r\n\tCommandName=\r\n\tCommandType=\r\n\tScriptName=\r\n\tCommandPath=\r\n\tCommandLine=","Binary":""}}}
{"Event":{"System":{"Provider":{"@Name":"PowerShell"},"EventID":{"@Qualifiers":"0","#text":"600"},"Version":"0","Level":"4","Task":"6","Opcode":"0","Keywords":"0x80000000000000","TimeCreated":{"@SystemTime":"2024-10-27 15:29:57.7856099"},"EventRecordID":"1044","Correlation":null,"Execution":{"@ProcessID":"0","@ThreadID":"0"},"Channel":"Windows PowerShell","Computer":"Server002","Security":null},"EventData":{"Data":"Alias, Started, \tProviderName=Alias\r\n\tNewProviderState=Started\r\n\r\n\tSequenceNumber=3\r\n\r\n\tHostName=ConsoleHost\r\n\tHostVersion=5.1.19041.5007\r\n\tHostId=4ed43211-714e-4038-a81f-99ad2be0040d\r\n\tHostApplication=powershell.exe &amp; {Copy-Item \"C:\\Users\\ADMIN_~1\\AppData\\Local\\Temp\\AtomicRedTeam\\T1547.001\\src\\batstartup.bat\" \"$env:APPDATA\\Microsoft\\Windows\\Start Menu\\Programs\\Startup\\batstartup.bat\"\r\nCopy-Item \"C:\\Users\\ADMIN_~1\\AppData\\Local\\Temp\\AtomicRedTeam\\T1547.001\\src\\batstartup.bat\" \"C:\\ProgramData\\Microsoft\\Windows\\Start Menu\\Programs\\StartUp\\batstartup.bat\"\r\nStart-Process \"$env:APPDATA\\Microsoft\\Windows\\Start Menu\\Programs\\Startup\\batstartup.bat\"\r\nStart-Process \"C:\\ProgramData\\Microsoft\\Windows\\Start Menu\\Programs\\StartUp\\batstartup.bat\"}\r\n\tEngineVersion=\r\n\tRunspaceId=\r\n\tPipelineId=\r\n\tCommandName=\r\n\tCommandType=\r\n\tScriptName=\r\n\tCommandPath=\r\n\tCommandLine=","Binary":""}}}
{"Event":{"System":{"Provider":{"@Name":"PowerShell"},"EventID":{"@Qualifiers":"0","#text":"600"},"Version":"0","Level":"4","Task":"6","Opcode":"0","Keywords":"0x80000000000000","TimeCreated":{"@SystemTime":"2024-10-27 15:29:57.7913332"},"EventRecordID":"1045","Correlation":null,"Execution":{"@ProcessID":"0","@ThreadID":"0"},"Channel":"Windows PowerShell","Computer":"Server002","Security":null},"EventData":{"Data":"Environment, Started, \tProviderName=Environment\r\n\tNewProviderState=Started\r\n\r\n\tSequenceNumber=5\r\n\r\n\tHostName=ConsoleHost\r\n\tHostVersion=5.1.19041.5007\r\n\tHostId=4ed43211-714e-4038-a81f-99ad2be0040d\r\n\tHostApplication=powershell.exe &amp; {Copy-Item \"C:\\Users\\ADMIN_~1\\AppData\\Local\\Temp\\AtomicRedTeam\\T1547.001\\src\\batstartup.bat\" \"$env:APPDATA\\Microsoft\\Windows\\Start Menu\\Programs\\Startup\\batstartup.bat\"\r\nCopy-Item \"C:\\Users\\ADMIN_~1\\AppData\\Local\\Temp\\AtomicRedTeam\\T1547.001\\src\\batstartup.bat\" \"C:\\ProgramData\\Microsoft\\Windows\\Start Menu\\Programs\\StartUp\\batstartup.bat\"\r\nStart-Process \"$env:APPDATA\\Microsoft\\Windows\\Start Menu\\Programs\\Startup\\batstartup.bat\"\r\nStart-Process \"C:\\ProgramData\\Microsoft\\Windows\\Start Menu\\Programs\\StartUp\\batstartup.bat\"}\r\n\tEngineVersion=\r\n\tRunspaceId=\r\n\tPipelineId=\r\n\tCommandName=\r\n\tCommandType=\r\n\tScriptName=\r\n\tCommandPath=\r\n\tCommandLine=","Binary":""}}}
{"Event":{"System":{"Provider":{"@Name":"PowerShell"},"EventID":{"@Qualifiers":"0","#text":"600"},"Version":"0","Level":"4","Task":"6","Opcode":"0","Keywords":"0x80000000000000","TimeCreated":{"@SystemTime":"2024-10-27 15:29:57.8011744"},"EventRecordID":"1046","Correlation":null,"Execution":{"@ProcessID":"0","@ThreadID":"0"},"Channel":"Windows PowerShell","Computer":"Server002","Security":null},"EventData":{"Data":"FileSystem, Started, \tProviderName=FileSystem\r\n\tNewProviderState=Started\r\n\r\n\tSequenceNumber=7\r\n\r\n\tHostName=ConsoleHost\r\n\tHostVersion=5.1.19041.5007\r\n\tHostId=4ed43211-714e-4038-a81f-99ad2be0040d\r\n\tHostApplication=powershell.exe &amp; {Copy-Item \"C:\\Users\\ADMIN_~1\\AppData\\Local\\Temp\\AtomicRedTeam\\T1547.001\\src\\batstartup.bat\" \"$env:APPDATA\\Microsoft\\Windows\\Start Menu\\Programs\\Startup\\batstartup.bat\"\r\nCopy-Item \"C:\\Users\\ADMIN_~1\\AppData\\Local\\Temp\\AtomicRedTeam\\T1547.001\\src\\batstartup.bat\" \"C:\\ProgramData\\Microsoft\\Windows\\Start Menu\\Programs\\StartUp\\batstartup.bat\"\r\nStart-Process \"$env:APPDATA\\Microsoft\\Windows\\Start Menu\\Programs\\Startup\\batstartup.bat\"\r\nStart-Process \"C:\\ProgramData\\Microsoft\\Windows\\Start Menu\\Programs\\StartUp\\batstartup.bat\"}\r\n\tEngineVersion=\r\n\tRunspaceId=\r\n\tPipelineId=\r\n\tCommandName=\r\n\tCommandType=\r\n\tScriptName=\r\n\tCommandPath=\r\n\tCommandLine=","Binary":""}}}
{"Event":{"System":{"Provider":{"@Name":"PowerShell"},"EventID":{"@Qualifiers":"0","#text":"600"},"Version":"0","Level":"4","Task":"6","Opcode":"0","Keywords":"0x80000000000000","TimeCreated":{"@SystemTime":"2024-10-27 15:29:57.8051469"},"EventRecordID":"1047","Correlation":null,"Execution":{"@ProcessID":"0","@ThreadID":"0"},"Channel":"Windows PowerShell","Computer":"Server002","Security":null},"EventData":{"Data":"Function, Started, \tProviderName=Function\r\n\tNewProviderState=Started\r\n\r\n\tSequenceNumber=9\r\n\r\n\tHostName=ConsoleHost\r\n\tHostVersion=5.1.19041.5007\r\n\tHostId=4ed43211-714e-4038-a81f-99ad2be0040d\r\n\tHostApplication=powershell.exe &amp; {Copy-Item \"C:\\Users\\ADMIN_~1\\AppData\\Local\\Temp\\AtomicRedTeam\\T1547.001\\src\\batstartup.bat\" \"$env:APPDATA\\Microsoft\\Windows\\Start Menu\\Programs\\Startup\\batstartup.bat\"\r\nCopy-Item \"C:\\Users\\ADMIN_~1\\AppData\\Local\\Temp\\AtomicRedTeam\\T1547.001\\src\\batstartup.bat\" \"C:\\ProgramData\\Microsoft\\Windows\\Start Menu\\Programs\\StartUp\\batstartup.bat\"\r\nStart-Process \"$env:APPDATA\\Microsoft\\Windows\\Start Menu\\Programs\\Startup\\batstartup.bat\"\r\nStart-Process \"C:\\ProgramData\\Microsoft\\Windows\\Start Menu\\Programs\\StartUp\\batstartup.bat\"}\r\n\tEngineVersion=\r\n\tRunspaceId=\r\n\tPipelineId=\r\n\tCommandName=\r\n\tCommandType=\r\n\tScriptName=\r\n\tCommandPath=\r\n\tCommandLine=","Binary":""}}}
{"Event":{"System":{"Provider":{"@Name":"PowerShell"},"EventID":{"@Qualifiers":"0","#text":"600"},"Version":"0","Level":"4","Task":"6","Opcode":"0","Keywords":"0x80000000000000","TimeCreated":{"@SystemTime":"2024-10-27 15:29:57.8051469"},"EventRecordID":"1048","Correlation":null,"Execution":{"@ProcessID":"0","@ThreadID":"0"},"Channel":"Windows PowerShell","Computer":"Server002","Security":null},"EventData":{"Data":"Variable, Started, \tProviderName=Variable\r\n\tNewProviderState=Started\r\n\r\n\tSequenceNumber=11\r\n\r\n\tHostName=ConsoleHost\r\n\tHostVersion=5.1.19041.5007\r\n\tHostId=4ed43211-714e-4038-a81f-99ad2be0040d\r\n\tHostApplication=powershell.exe &amp; {Copy-Item \"C:\\Users\\ADMIN_~1\\AppData\\Local\\Temp\\AtomicRedTeam\\T1547.001\\src\\batstartup.bat\" \"$env:APPDATA\\Microsoft\\Windows\\Start Menu\\Programs\\Startup\\batstartup.bat\"\r\nCopy-Item \"C:\\Users\\ADMIN_~1\\AppData\\Local\\Temp\\AtomicRedTeam\\T1547.001\\src\\batstartup.bat\" \"C:\\ProgramData\\Microsoft\\Windows\\Start Menu\\Programs\\StartUp\\batstartup.bat\"\r\nStart-Process \"$env:APPDATA\\Microsoft\\Windows\\Start Menu\\Programs\\Startup\\batstartup.bat\"\r\nStart-Process \"C:\\ProgramData\\Microsoft\\Windows\\Start Menu\\Programs\\StartUp\\batstartup.bat\"}\r\n\tEngineVersion=\r\n\tRunspaceId=\r\n\tPipelineId=\r\n\tCommandName=\r\n\tCommandType=\r\n\tScriptName=\r\n\tCommandPath=\r\n\tCommandLine=","Binary":""}}}
{"Event":{"System":{"Provider":{"@Name":"PowerShell"},"EventID":{"@Qualifiers":"0","#text":"400"},"Version":"0","Level":"4","Task":"4","Opcode":"0","Keywords":"0x80000000000000","TimeCreated":{"@SystemTime":"2024-10-27 15:29:57.9027311"},"EventRecordID":"1049","Correlation":null,"Execution":{"@ProcessID":"0","@ThreadID":"0"},"Channel":"Windows PowerShell","Computer":"Server002","Security":null},"EventData":{"Data":"Available, None, \tNewEngineState=Available\r\n\tPreviousEngineState=None\r\n\r\n\tSequenceNumber=13\r\n\r\n\tHostName=ConsoleHost\r\n\tHostVersion=5.1.19041.5007\r\n\tHostId=4ed43211-714e-4038-a81f-99ad2be0040d\r\n\tHostApplication=powershell.exe &amp; {Copy-Item \"C:\\Users\\ADMIN_~1\\AppData\\Local\\Temp\\AtomicRedTeam\\T1547.001\\src\\batstartup.bat\" \"$env:APPDATA\\Microsoft\\Windows\\Start Menu\\Programs\\Startup\\batstartup.bat\"\r\nCopy-Item \"C:\\Users\\ADMIN_~1\\AppData\\Local\\Temp\\AtomicRedTeam\\T1547.001\\src\\batstartup.bat\" \"C:\\ProgramData\\Microsoft\\Windows\\Start Menu\\Programs\\StartUp\\batstartup.bat\"\r\nStart-Process \"$env:APPDATA\\Microsoft\\Windows\\Start Menu\\Programs\\Startup\\batstartup.bat\"\r\nStart-Process \"C:\\ProgramData\\Microsoft\\Windows\\Start Menu\\Programs\\StartUp\\batstartup.bat\"}\r\n\tEngineVersion=5.1.19041.5007\r\n\tRunspaceId=66cbfc15-b278-4ece-8b96-81e3b8c8f9b6\r\n\tPipelineId=\r\n\tCommandName=\r\n\tCommandType=\r\n\tScriptName=\r\n\tCommandPath=\r\n\tCommandLine=","Binary":""}}}
{"Event":{"System":{"Provider":{"@Name":"PowerShell"},"EventID":{"@Qualifiers":"0","#text":"403"},"Version":"0","Level":"4","Task":"4","Opcode":"0","Keywords":"0x80000000000000","TimeCreated":{"@SystemTime":"2024-10-27 15:29:58.7099553"},"EventRecordID":"1050","Correlation":null,"Execution":{"@ProcessID":"0","@ThreadID":"0"},"Channel":"Windows PowerShell","Computer":"Server002","Security":null},"EventData":{"Data":"Stopped, Available, \tNewEngineState=Stopped\r\n\tPreviousEngineState=Available\r\n\r\n\tSequenceNumber=17\r\n\r\n\tHostName=ConsoleHost\r\n\tHostVersion=5.1.19041.5007\r\n\tHostId=4ed43211-714e-4038-a81f-99ad2be0040d\r\n\tHostApplication=powershell.exe &amp; {Copy-Item \"C:\\Users\\ADMIN_~1\\AppData\\Local\\Temp\\AtomicRedTeam\\T1547.001\\src\\batstartup.bat\" \"$env:APPDATA\\Microsoft\\Windows\\Start Menu\\Programs\\Startup\\batstartup.bat\"\r\nCopy-Item \"C:\\Users\\ADMIN_~1\\AppData\\Local\\Temp\\AtomicRedTeam\\T1547.001\\src\\batstartup.bat\" \"C:\\ProgramData\\Microsoft\\Windows\\Start Menu\\Programs\\StartUp\\batstartup.bat\"\r\nStart-Process \"$env:APPDATA\\Microsoft\\Windows\\Start Menu\\Programs\\Startup\\batstartup.bat\"\r\nStart-Process \"C:\\ProgramData\\Microsoft\\Windows\\Start Menu\\Programs\\StartUp\\batstartup.bat\"}\r\n\tEngineVersion=5.1.19041.5007\r\n\tRunspaceId=66cbfc15-b278-4ece-8b96-81e3b8c8f9b6\r\n\tPipelineId=\r\n\tCommandName=\r\n\tCommandType=\r\n\tScriptName=\r\n\tCommandPath=\r\n\tCommandLine=","Binary":""}}}
