{"Event":{"System":{"Provider":{"@Name":"Microsoft-Windows-Sysmon","@Guid":"5770385f-c22a-43e0-bf4c-06f5698ffbd9"},"EventID":"5","Version":"3","Level":"4","Task":"5","Opcode":"0","Keywords":"0x8000000000000000","TimeCreated":{"@SystemTime":"2024-10-26 17:13:22.2071880"},"EventRecordID":"17988","Correlation":null,"Execution":{"@ProcessID":"3156","@ThreadID":"4008"},"Channel":"Microsoft-Windows-Sysmon/Operational","Computer":"Server002","Security":{"@UserID":"S-1-5-18"}},"EventData":{"Data":[{"@Name":"RuleName","#text":"-"},{"@Name":"UtcTime","#text":"2024-10-26 17:13:22.167"},{"@Name":"ProcessGuid","#text":"dbf410b3-2331-671d-d100-000000003900"},{"@Name":"ProcessId","#text":"6636"},{"@Name":"Image","#text":"C:\\Windows\\SysWOW64\\msiexec.exe"},{"@Name":"User","#text":"SERVER002\\admin_test"}]}}}
{"Event":{"System":{"Provider":{"@Name":"Microsoft-Windows-Sysmon","@Guid":"5770385f-c22a-43e0-bf4c-06f5698ffbd9"},"EventID":"1","Version":"5","Level":"4","Task":"1","Opcode":"0","Keywords":"0x8000000000000000","TimeCreated":{"@SystemTime":"2024-10-26 17:13:22.5716418"},"EventRecordID":"17989","Correlation":null,"Execution":{"@ProcessID":"3156","@ThreadID":"4008"},"Channel":"Microsoft-Windows-Sysmon/Operational","Computer":"Server002","Security":{"@UserID":"S-1-5-18"}},"EventData":{"Data":[{"@Name":"RuleName","#text":"-"},{"@Name":"UtcTime","#text":"2024-10-26 17:13:22.549"},{"@Name":"ProcessGuid","#text":"dbf410b3-2332-671d-d200-000000003900"},{"@Name":"ProcessId","#text":"5584"},{"@Name":"Image","#text":"C:\\Users\\admin_test\\AppData\\Local\\GoToAssist Remote Support Expert\\g2ax_expert_combined_dll_core_win32_x86_1702.exe"},{"@Name":"FileVersion","#text":"4.8 Build 1702"},{"@Name":"Description","#text":"GoToAssist"},{"@Name":"Product","#text":"GoToAssist"},{"@Name":"Company","#text":"LogMeIn, Inc."},{"@Name":"OriginalFileName","#text":"GoToAssist Remote Support.exe"},{"@Name":"CommandLine","#text":"\"C:\\Users\\admin_test\\AppData\\Local\\GoToAssist Remote Support Expert\\g2ax_expert_combined_dll_core_win32_x86_1702.exe\" \"/Action Default\" \"/Build 1702\" \"/Debug On\" \"/EGWAddress 3.218.246.74,52.55.102.23\" \"/EGWDNS egw1.express.gotoassist.com\" \"/EGWPort 8200,80,443\" \"/Language en_US\" \"/LogLevel Normal\" \"/ResourceDll g2ax_expert_resource_win32_x86_en_US.dll\" \"/ServiceAllowed Yes\" \"/StartAsService Yes\" \"/Stat On\" \"/StatDb On\" \"/UninstallService No\" \"/colClientUiReadyEvent Global\\2D0C42F5-73A9-453D-AABE-41CB2CECFA1B\" \"/locale en_US\" \"/sessionTrackingId e0-FaCddxmtMoX8_cY4czssnTeGvy83i\""},{"@Name":"CurrentDirectory","#text":"C:\\Users\\admin_test\\AppData\\Local\\GoToAssist Remote Support Expert\\"},{"@Name":"User","#text":"SERVER002\\admin_test"},{"@Name":"LogonGuid","#text":"dbf410b3-2327-671d-91de-120000000000"},{"@Name":"LogonId","#text":"0x12DE91"},{"@Name":"TerminalSessionId","#text":"0"},{"@Name":"IntegrityLevel","#text":"High"},{"@Name":"Hashes","#text":"SHA256=0DB5CC40EE41D2BA148720097AA58BEEC26F41530DA25E424F9C10B6323C0B2D"},{"@Name":"ParentProcessGuid","#text":"dbf410b3-232e-671d-cf00-000000003900"},{"@Name":"ParentProcessId","#text":"7072"},{"@Name":"ParentImage","#text":"C:\\Users\\admin_test\\Downloads\\GoToAssist.exe"},{"@Name":"ParentCommandLine","#text":"\"C:\\Users\\admin_test\\Downloads\\GoToAssist.exe\" /S "},{"@Name":"ParentUser","#text":"SERVER002\\admin_test"}]}}}
{"Event":{"System":{"Provider":{"@Name":"Microsoft-Windows-Sysmon","@Guid":"5770385f-c22a-43e0-bf4c-06f5698ffbd9"},"EventID":"1","Version":"5","Level":"4","Task":"1","Opcode":"0","Keywords":"0x8000000000000000","TimeCreated":{"@SystemTime":"2024-10-26 17:13:23.3422477"},"EventRecordID":"17990","Correlation":null,"Execution":{"@ProcessID":"3156","@ThreadID":"4008"},"Channel":"Microsoft-Windows-Sysmon/Operational","Computer":"Server002","Security":{"@UserID":"S-1-5-18"}},"EventData":{"Data":[{"@Name":"RuleName","#text":"-"},{"@Name":"UtcTime","#text":"2024-10-26 17:13:23.203"},{"@Name":"ProcessGuid","#text":"dbf410b3-2333-671d-d300-000000003900"},{"@Name":"ProcessId","#text":"5728"},{"@Name":"Image","#text":"C:\\Users\\ADMIN_~1\\AppData\\Local\\Temp\\LogMeInInc\\GoToAssist Remote Support Expert\\1702\\g2aA493.tmp\\g2ax_installerexpert.exe"},{"@Name":"FileVersion","#text":"4.8 Build 1702"},{"@Name":"Description","#text":"GoToAssist"},{"@Name":"Product","#text":"GoToAssist"},{"@Name":"Company","#text":"LogMeIn, Inc."},{"@Name":"OriginalFileName","#text":"GoToAssist Remote Support.exe"},{"@Name":"CommandLine","#text":"\"C:\\Users\\ADMIN_~1\\AppData\\Local\\Temp\\LogMeInInc\\GoToAssist Remote Support Expert\\1702\\g2aA493.tmp\\g2ax_installerexpert.exe \" \"/Action Default\" \"/Build 1702\" \"/Debug On\" \"/EGWAddress 3.218.246.74,52.55.102.23\" \"/EGWDNS egw1.express.gotoassist.com\" \"/EGWPort 8200,80,443\" \"/Language en_US\" \"/LoaderPath C:\\Users\\admin_test\\AppData\\Local\\GoToAssist Remote Support Expert\\g2ax_expert_combined_dll_core_win32_x86_1702.exe\" \"/LogLevel Normal\" \"/LogPath C:\\Users\\ADMIN_~1\\AppData\\Local\\Temp\\LogMeInLogs\\GoToAssist Remote Support Expert\\1702\\20241026_181323\\\" \"/ResourceDll g2ax_expert_resource_win32_x86_en_US.dll\" \"/RestartReason Start\" \"/ServiceAllowed Yes\" \"/StartAsService Yes\" \"/Stat On\" \"/StatDb On\" \"/UninstallService No\" \"/colClientUiReadyEvent Global\\2D0C42F5-73A9-453D-AABE-41CB2CECFA1B\" \"/locale en_US\" \"/sessionTrackingId e0-FaCddxmtMoX8_cY4czssnTeGvy83i\""},{"@Name":"CurrentDirectory","#text":"C:\\Users\\ADMIN_~1\\AppData\\Local\\Temp\\LogMeInInc\\GoToAssist Remote Support Expert\\1702\\g2aA493.tmp\\"},{"@Name":"User","#text":"SERVER002\\admin_test"},{"@Name":"LogonGuid","#text":"dbf410b3-2327-671d-91de-120000000000"},{"@Name":"LogonId","#text":"0x12DE91"},{"@Name":"TerminalSessionId","#text":"0"},{"@Name":"IntegrityLevel","#text":"High"},{"@Name":"Hashes","#text":"SHA256=F5CFC449095104529B490B8FE6015B9F77FD83E4A1B378D8DC091C24AE5A95DC"},{"@Name":"ParentProcessGuid","#text":"dbf410b3-2332-671d-d200-000000003900"},{"@Name":"ParentProcessId","#text":"5584"},{"@Name":"ParentImage","#text":"C:\\Users\\admin_test\\AppData\\Local\\GoToAssist Remote Support Expert\\g2ax_expert_combined_dll_core_win32_x86_1702.exe"},{"@Name":"ParentCommandLine","#text":"\"C:\\Users\\admin_test\\AppData\\Local\\GoToAssist Remote Support Expert\\g2ax_expert_combined_dll_core_win32_x86_1702.exe\" \"/Action Default\" \"/Build 1702\" \"/Debug On\" \"/EGWAddress 3.218.246.74,52.55.102.23\" \"/EGWDNS egw1.express.gotoassist.com\" \"/EGWPort 8200,80,443\" \"/Language en_US\" \"/LogLevel Normal\" \"/ResourceDll g2ax_expert_resource_win32_x86_en_US.dll\" \"/ServiceAllowed Yes\" \"/StartAsService Yes\" \"/Stat On\" \"/StatDb On\" \"/UninstallService No\" \"/colClientUiReadyEvent Global\\2D0C42F5-73A9-453D-AABE-41CB2CECFA1B\" \"/locale en_US\" \"/sessionTrackingId e0-FaCddxmtMoX8_cY4czssnTeGvy83i\""},{"@Name":"ParentUser","#text":"SERVER002\\admin_test"}]}}}
{"Event":{"System":{"Provider":{"@Name":"Microsoft-Windows-Sysmon","@Guid":"5770385f-c22a-43e0-bf4c-06f5698ffbd9"},"EventID":"5","Version":"3","Level":"4","Task":"5","Opcode":"0","Keywords":"0x8000000000000000","TimeCreated":{"@SystemTime":"2024-10-26 17:13:23.4556984"},"EventRecordID":"17991","Correlation":null,"Execution":{"@ProcessID":"3156","@ThreadID":"4008"},"Channel":"Microsoft-Windows-Sysmon/Operational","Computer":"Server002","Security":{"@UserID":"S-1-5-18"}},"EventData":{"Data":[{"@Name":"RuleName","#text":"-"},{"@Name":"UtcTime","#text":"2024-10-26 17:13:23.380"},{"@Name":"ProcessGuid","#text":"dbf410b3-231a-671d-b500-000000003900"},{"@Name":"ProcessId","#text":"4368"},{"@Name":"Image","#text":"C:\\Windows\\System32\\sppsvc.exe"},{"@Name":"User","#text":"NT AUTHORITY\\NETWORK SERVICE"}]}}}
{"Event":{"System":{"Provider":{"@Name":"Microsoft-Windows-Sysmon","@Guid":"5770385f-c22a-43e0-bf4c-06f5698ffbd9"},"EventID":"1","Version":"5","Level":"4","Task":"1","Opcode":"0","Keywords":"0x8000000000000000","TimeCreated":{"@SystemTime":"2024-10-26 17:13:24.2436313"},"EventRecordID":"17992","Correlation":null,"Execution":{"@ProcessID":"3156","@ThreadID":"4008"},"Channel":"Microsoft-Windows-Sysmon/Operational","Computer":"Server002","Security":{"@UserID":"S-1-5-18"}},"EventData":{"Data":[{"@Name":"RuleName","#text":"-"},{"@Name":"UtcTime","#text":"2024-10-26 17:13:24.234"},{"@Name":"ProcessGuid","#text":"dbf410b3-2334-671d-d400-000000003900"},{"@Name":"ProcessId","#text":"6056"},{"@Name":"Image","#text":"C:\\Program Files (x86)\\GoToAssist Remote Support Expert\\1702\\g2ax_start.exe"},{"@Name":"FileVersion","#text":"4.8 Build 1702"},{"@Name":"Description","#text":"GoToAssist"},{"@Name":"Product","#text":"GoToAssist"},{"@Name":"Company","#text":"LogMeIn, Inc."},{"@Name":"OriginalFileName","#text":"GoToAssist Remote Support.exe"},{"@Name":"CommandLine","#text":"\"C:\\Program Files (x86)\\GoToAssist Remote Support Expert\\1702\\g2ax_start.exe\" \"/Action Default\" \"/Build 1702\" \"/Debug On\" \"/EGWAddress 3.218.246.74,52.55.102.23\" \"/EGWDNS egw1.express.gotoassist.com\" \"/EGWPort 8200,80,443\" \"/Language en_US\" \"/LoaderPath C:\\Users\\admin_test\\AppData\\Local\\GoToAssist Remote Support Expert\\g2ax_expert_combined_dll_core_win32_x86_1702.exe\" \"/LogLevel Normal\" \"/LogPath C:\\Users\\ADMIN_~1\\AppData\\Local\\Temp\\LogMeInLogs\\GoToAssist Remote Support Expert\\1702\\20241026_181323\\\" \"/ResourceDll g2ax_expert_resource_win32_x86_en_US.dll\" \"/RestartReason Start\" \"/ServiceAllowed Yes\" \"/StartAsService Yes\" \"/Stat On\" \"/StatDb On\" \"/UninstallService No\" \"/colClientUiReadyEvent Global\\2D0C42F5-73A9-453D-AABE-41CB2CECFA1B\" \"/locale en_US\" \"/sessionTrackingId e0-FaCddxmtMoX8_cY4czssnTeGvy83i\""},{"@Name":"CurrentDirectory","#text":"C:\\Program Files (x86)\\GoToAssist Remote Support Expert\\1702\\"},{"@Name":"User","#text":"SERVER002\\admin_test"},{"@Name":"LogonGuid","#text":"dbf410b3-2327-671d-91de-120000000000"},{"@Name":"LogonId","#text":"0x12DE91"},{"@Name":"TerminalSessionId","#text":"0"},{"@Name":"IntegrityLevel","#text":"High"},{"@Name":"Hashes","#text":"SHA256=F5CFC449095104529B490B8FE6015B9F77FD83E4A1B378D8DC091C24AE5A95DC"},{"@Name":"ParentProcessGuid","#text":"dbf410b3-2333-671d-d300-000000003900"},{"@Name":"ParentProcessId","#text":"5728"},{"@Name":"ParentImage","#text":"C:\\Users\\ADMIN_~1\\AppData\\Local\\Temp\\LogMeInInc\\GoToAssist Remote Support Expert\\1702\\g2aA493.tmp\\g2ax_installerexpert.exe"},{"@Name":"ParentCommandLine","#text":"\"C:\\Users\\ADMIN_~1\\AppData\\Local\\Temp\\LogMeInInc\\GoToAssist Remote Support Expert\\1702\\g2aA493.tmp\\g2ax_installerexpert.exe \" \"/Action Default\" \"/Build 1702\" \"/Debug On\" \"/EGWAddress 3.218.246.74,52.55.102.23\" \"/EGWDNS egw1.express.gotoassist.com\" \"/EGWPort 8200,80,443\" \"/Language en_US\" \"/LoaderPath C:\\Users\\admin_test\\AppData\\Local\\GoToAssist Remote Support Expert\\g2ax_expert_combined_dll_core_win32_x86_1702.exe\" \"/LogLevel Normal\" \"/LogPath C:\\Users\\ADMIN_~1\\AppData\\Local\\Temp\\LogMeInLogs\\GoToAssist Remote Support Expert\\1702\\20241026_181323\\\" \"/ResourceDll g2ax_expert_resource_win32_x86_en_US.dll\" \"/RestartReason Start\" \"/ServiceAllowed Yes\" \"/StartAsService Yes\" \"/Stat On\" \"/StatDb On\" \"/UninstallService No\" \"/colClientUiReadyEvent Global\\2D0C42F5-73A9-453D-AABE-41CB2CECFA1B\" \"/locale en_US\" \"/sessionTrackingId e0-FaCddxmtMoX8_cY4czssnTeGvy83i\""},{"@Name":"ParentUser","#text":"SERVER002\\admin_test"}]}}}
{"Event":{"System":{"Provider":{"@Name":"Microsoft-Windows-Sysmon","@Guid":"5770385f-c22a-43e0-bf4c-06f5698ffbd9"},"EventID":"5","Version":"3","Level":"4","Task":"5","Opcode":"0","Keywords":"0x8000000000000000","TimeCreated":{"@SystemTime":"2024-10-26 17:13:24.2564388"},"EventRecordID":"17993","Correlation":null,"Execution":{"@ProcessID":"3156","@ThreadID":"4008"},"Channel":"Microsoft-Windows-Sysmon/Operational","Computer":"Server002","Security":{"@UserID":"S-1-5-18"}},"EventData":{"Data":[{"@Name":"RuleName","#text":"-"},{"@Name":"UtcTime","#text":"2024-10-26 17:13:24.241"},{"@Name":"ProcessGuid","#text":"dbf410b3-2333-671d-d300-000000003900"},{"@Name":"ProcessId","#text":"5728"},{"@Name":"Image","#text":"C:\\Users\\ADMIN_~1\\AppData\\Local\\Temp\\LogMeInInc\\GoToAssist Remote Support Expert\\1702\\g2aA493.tmp\\g2ax_installerexpert.exe"},{"@Name":"User","#text":"SERVER002\\admin_test"}]}}}
{"Event":{"System":{"Provider":{"@Name":"Microsoft-Windows-Sysmon","@Guid":"5770385f-c22a-43e0-bf4c-06f5698ffbd9"},"EventID":"1","Version":"5","Level":"4","Task":"1","Opcode":"0","Keywords":"0x8000000000000000","TimeCreated":{"@SystemTime":"2024-10-26 17:13:24.8342579"},"EventRecordID":"17994","Correlation":null,"Execution":{"@ProcessID":"3156","@ThreadID":"4008"},"Channel":"Microsoft-Windows-Sysmon/Operational","Computer":"Server002","Security":{"@UserID":"S-1-5-18"}},"EventData":{"Data":[{"@Name":"RuleName","#text":"-"},{"@Name":"UtcTime","#text":"2024-10-26 17:13:24.813"},{"@Name":"ProcessGuid","#text":"dbf410b3-2334-671d-d500-000000003900"},{"@Name":"ProcessId","#text":"1384"},{"@Name":"Image","#text":"C:\\Windows\\System32\\SearchProtocolHost.exe"},{"@Name":"FileVersion","#text":"7.0.19041.4957 (WinBuild.160101.0800)"},{"@Name":"Description","#text":"Microsoft Windows Search Protocol Host"},{"@Name":"Product","#text":"Windows® Search"},{"@Name":"Company","#text":"Microsoft Corporation"},{"@Name":"OriginalFileName","#text":"SearchProtocolHost.exe"},{"@Name":"CommandLine","#text":"\"C:\\Windows\\system32\\SearchProtocolHost.exe\" Global\\UsGthrFltPipeMssGthrPipe1_ Global\\UsGthrCtrlFltPipeMssGthrPipe1 1 -2147483646 \"Software\\Microsoft\\Windows Search\" \"Mozilla/4.0 (compatible; MSIE 6.0; Windows NT; MS Search 4.0 Robot)\" \"C:\\ProgramData\\Microsoft\\Search\\Data\\Temp\\usgthrsvc\" \"DownLevelDaemon\" "},{"@Name":"CurrentDirectory","#text":"C:\\Windows\\system32\\"},{"@Name":"User","#text":"NT AUTHORITY\\SYSTEM"},{"@Name":"LogonGuid","#text":"dbf410b3-3eb8-671d-e703-000000000000"},{"@Name":"LogonId","#text":"0x3E7"},{"@Name":"TerminalSessionId","#text":"0"},{"@Name":"IntegrityLevel","#text":"System"},{"@Name":"Hashes","#text":"SHA256=AC305745A33BEFE9C24BD3FFA8E3533EC129D7188F6E92872D290B57D9169861"},{"@Name":"ParentProcessGuid","#text":"dbf410b3-229f-671d-5a00-000000003900"},{"@Name":"ParentProcessId","#text":"3880"},{"@Name":"ParentImage","#text":"C:\\Windows\\System32\\SearchIndexer.exe"},{"@Name":"ParentCommandLine","#text":"C:\\Windows\\system32\\SearchIndexer.exe /Embedding"},{"@Name":"ParentUser","#text":"NT AUTHORITY\\SYSTEM"}]}}}
{"Event":{"System":{"Provider":{"@Name":"Microsoft-Windows-Sysmon","@Guid":"5770385f-c22a-43e0-bf4c-06f5698ffbd9"},"EventID":"1","Version":"5","Level":"4","Task":"1","Opcode":"0","Keywords":"0x8000000000000000","TimeCreated":{"@SystemTime":"2024-10-26 17:13:24.9662145"},"EventRecordID":"17995","Correlation":null,"Execution":{"@ProcessID":"3156","@ThreadID":"4008"},"Channel":"Microsoft-Windows-Sysmon/Operational","Computer":"Server002","Security":{"@UserID":"S-1-5-18"}},"EventData":{"Data":[{"@Name":"RuleName","#text":"-"},{"@Name":"UtcTime","#text":"2024-10-26 17:13:24.939"},{"@Name":"ProcessGuid","#text":"dbf410b3-2334-671d-d600-000000003900"},{"@Name":"ProcessId","#text":"4988"},{"@Name":"Image","#text":"C:\\Windows\\System32\\SearchFilterHost.exe"},{"@Name":"FileVersion","#text":"7.0.19041.4957 (WinBuild.160101.0800)"},{"@Name":"Description","#text":"Microsoft Windows Search Filter Host"},{"@Name":"Product","#text":"Windows® Search"},{"@Name":"Company","#text":"Microsoft Corporation"},{"@Name":"OriginalFileName","#text":"SearchFilterHost.exe"},{"@Name":"CommandLine","#text":"\"C:\\Windows\\system32\\SearchFilterHost.exe\" 0 820 824 832 8192 828 808 "},{"@Name":"CurrentDirectory","#text":"C:\\Windows\\system32\\"},{"@Name":"User","#text":"NT AUTHORITY\\SYSTEM"},{"@Name":"LogonGuid","#text":"dbf410b3-3eb8-671d-e703-000000000000"},{"@Name":"LogonId","#text":"0x3E7"},{"@Name":"TerminalSessionId","#text":"0"},{"@Name":"IntegrityLevel","#text":"Medium"},{"@Name":"Hashes","#text":"SHA256=51B765CFACFD28FAA00C5AC464DA1B4798DB30DF279B58F0128AEC297F752740"},{"@Name":"ParentProcessGuid","#text":"dbf410b3-229f-671d-5a00-000000003900"},{"@Name":"ParentProcessId","#text":"3880"},{"@Name":"ParentImage","#text":"C:\\Windows\\System32\\SearchIndexer.exe"},{"@Name":"ParentCommandLine","#text":"C:\\Windows\\system32\\SearchIndexer.exe /Embedding"},{"@Name":"ParentUser","#text":"NT AUTHORITY\\SYSTEM"}]}}}
{"Event":{"System":{"Provider":{"@Name":"Microsoft-Windows-Sysmon","@Guid":"5770385f-c22a-43e0-bf4c-06f5698ffbd9"},"EventID":"1","Version":"5","Level":"4","Task":"1","Opcode":"0","Keywords":"0x8000000000000000","TimeCreated":{"@SystemTime":"2024-10-26 17:13:25.0184938"},"EventRecordID":"17996","Correlation":null,"Execution":{"@ProcessID":"3156","@ThreadID":"4008"},"Channel":"Microsoft-Windows-Sysmon/Operational","Computer":"Server002","Security":{"@UserID":"S-1-5-18"}},"EventData":{"Data":[{"@Name":"RuleName","#text":"-"},{"@Name":"UtcTime","#text":"2024-10-26 17:13:25.002"},{"@Name":"ProcessGuid","#text":"dbf410b3-2335-671d-d700-000000003900"},{"@Name":"ProcessId","#text":"3964"},{"@Name":"Image","#text":"C:\\Program Files (x86)\\GoToAssist Remote Support Expert\\1702\\g2ax_comm_expert.exe"},{"@Name":"FileVersion","#text":"4.8 Build 1702"},{"@Name":"Description","#text":"GoToAssist"},{"@Name":"Product","#text":"GoToAssist"},{"@Name":"Company","#text":"LogMeIn, Inc."},{"@Name":"OriginalFileName","#text":"GoToAssist Remote Support.exe"},{"@Name":"CommandLine","#text":"\"C:\\Program Files (x86)\\GoToAssist Remote Support Expert\\1702\\g2ax_comm_expert.exe\" \"Action=Default&amp;Build=1702&amp;colClientUiReadyEvent=Global\\2D0C42F5-73A9-453D-AABE-41CB2CECFA1B&amp;Debug=On&amp;Digest=71c703ea85154a4e246a04c6b40dedc1&amp;EGWAddress=3.218.246.74,52.55.102.23&amp;EGWDNS=egw1.express.gotoassist.com&amp;EGWPort=8200,80,443&amp;Language=en_US&amp;LoaderPath=C:\\Program Files (x86)\\GoToAssist Remote Support Expert\\1702\\g2ax_start.exe&amp;locale=en_US&amp;LogLevel=Normal&amp;LogName=C:\\Users\\ADMIN_~1\\AppData\\Local\\Temp\\LogMeInLogs\\GoToAssist Remote Support Expert\\1702\\20241026_181323\\GoToAssist Remote Support Expert.log&amp;LogPath=C:\\Users\\ADMIN_~1\\AppData\\Local\\Temp\\LogMeInLogs\\GoToAssist Remote Support Expert\\1702\\20241026_181323\\&amp;ResourceDll=g2ax_expert_resource_win32_x86_en_US.dll&amp;RestartReason=Start&amp;ServiceAllowed=Yes&amp;sessionTrackingId=e0-FaCddxmtMoX8_cY4czssnTeGvy83i&amp;StartAsService=Yes&amp;Stat=On&amp;StatDb=On&amp;UninstallService=No&amp;UniqueId=17a8\""},{"@Name":"CurrentDirectory","#text":"C:\\Program Files (x86)\\GoToAssist Remote Support Expert\\1702\\"},{"@Name":"User","#text":"SERVER002\\admin_test"},{"@Name":"LogonGuid","#text":"dbf410b3-2327-671d-91de-120000000000"},{"@Name":"LogonId","#text":"0x12DE91"},{"@Name":"TerminalSessionId","#text":"0"},{"@Name":"IntegrityLevel","#text":"High"},{"@Name":"Hashes","#text":"SHA256=F5CFC449095104529B490B8FE6015B9F77FD83E4A1B378D8DC091C24AE5A95DC"},{"@Name":"ParentProcessGuid","#text":"dbf410b3-2334-671d-d400-000000003900"},{"@Name":"ParentProcessId","#text":"6056"},{"@Name":"ParentImage","#text":"C:\\Program Files (x86)\\GoToAssist Remote Support Expert\\1702\\g2ax_start.exe"},{"@Name":"ParentCommandLine","#text":"\"C:\\Program Files (x86)\\GoToAssist Remote Support Expert\\1702\\g2ax_start.exe\" \"/Action Default\" \"/Build 1702\" \"/Debug On\" \"/EGWAddress 3.218.246.74,52.55.102.23\" \"/EGWDNS egw1.express.gotoassist.com\" \"/EGWPort 8200,80,443\" \"/Language en_US\" \"/LoaderPath C:\\Users\\admin_test\\AppData\\Local\\GoToAssist Remote Support Expert\\g2ax_expert_combined_dll_core_win32_x86_1702.exe\" \"/LogLevel Normal\" \"/LogPath C:\\Users\\ADMIN_~1\\AppData\\Local\\Temp\\LogMeInLogs\\GoToAssist Remote Support Expert\\1702\\20241026_181323\\\" \"/ResourceDll g2ax_expert_resource_win32_x86_en_US.dll\" \"/RestartReason Start\" \"/ServiceAllowed Yes\" \"/StartAsService Yes\" \"/Stat On\" \"/StatDb On\" \"/UninstallService No\" \"/colClientUiReadyEvent Global\\2D0C42F5-73A9-453D-AABE-41CB2CECFA1B\" \"/locale en_US\" \"/sessionTrackingId e0-FaCddxmtMoX8_cY4czssnTeGvy83i\""},{"@Name":"ParentUser","#text":"SERVER002\\admin_test"}]}}}
{"Event":{"System":{"Provider":{"@Name":"Microsoft-Windows-Sysmon","@Guid":"5770385f-c22a-43e0-bf4c-06f5698ffbd9"},"EventID":"1","Version":"5","Level":"4","Task":"1","Opcode":"0","Keywords":"0x8000000000000000","TimeCreated":{"@SystemTime":"2024-10-26 17:13:25.4563801"},"EventRecordID":"17997","Correlation":null,"Execution":{"@ProcessID":"3156","@ThreadID":"4008"},"Channel":"Microsoft-Windows-Sysmon/Operational","Computer":"Server002","Security":{"@UserID":"S-1-5-18"}},"EventData":{"Data":[{"@Name":"RuleName","#text":"-"},{"@Name":"UtcTime","#text":"2024-10-26 17:13:25.451"},{"@Name":"ProcessGuid","#text":"dbf410b3-2335-671d-d800-000000003900"},{"@Name":"ProcessId","#text":"6184"},{"@Name":"Image","#text":"C:\\Windows\\System32\\wbem\\WmiPrvSE.exe"},{"@Name":"FileVersion","#text":"10.0.19041.3636 (WinBuild.160101.0800)"},{"@Name":"Description","#text":"WMI Provider Host"},{"@Name":"Product","#text":"Microsoft® Windows® Operating System"},{"@Name":"Company","#text":"Microsoft Corporation"},{"@Name":"OriginalFileName","#text":"Wmiprvse.exe"},{"@Name":"CommandLine","#text":"C:\\Windows\\system32\\wbem\\wmiprvse.exe -Embedding"},{"@Name":"CurrentDirectory","#text":"C:\\Windows\\system32\\"},{"@Name":"User","#text":"NT AUTHORITY\\SYSTEM"},{"@Name":"LogonGuid","#text":"dbf410b3-3eb8-671d-e703-000000000000"},{"@Name":"LogonId","#text":"0x3E7"},{"@Name":"TerminalSessionId","#text":"0"},{"@Name":"IntegrityLevel","#text":"System"},{"@Name":"Hashes","#text":"SHA256=8BBDEAD7357AF7BF0EFE397F9FD7E0EC578755EB8BDBAA65AE4F28EF00087AD5"},{"@Name":"ParentProcessGuid","#text":"00000000-0000-0000-0000-000000000000"},{"@Name":"ParentProcessId","#text":"780"},{"@Name":"ParentImage","#text":"-"},{"@Name":"ParentCommandLine","#text":"-"},{"@Name":"ParentUser","#text":"-"}]}}}
{"Event":{"System":{"Provider":{"@Name":"Microsoft-Windows-Sysmon","@Guid":"5770385f-c22a-43e0-bf4c-06f5698ffbd9"},"EventID":"1","Version":"5","Level":"4","Task":"1","Opcode":"0","Keywords":"0x8000000000000000","TimeCreated":{"@SystemTime":"2024-10-26 17:13:25.5013364"},"EventRecordID":"17998","Correlation":null,"Execution":{"@ProcessID":"3156","@ThreadID":"4008"},"Channel":"Microsoft-Windows-Sysmon/Operational","Computer":"Server002","Security":{"@UserID":"S-1-5-18"}},"EventData":{"Data":[{"@Name":"RuleName","#text":"-"},{"@Name":"UtcTime","#text":"2024-10-26 17:13:25.476"},{"@Name":"ProcessGuid","#text":"dbf410b3-2335-671d-d900-000000003900"},{"@Name":"ProcessId","#text":"5416"},{"@Name":"Image","#text":"C:\\Program Files (x86)\\GoToAssist Remote Support Expert\\1702\\g2ax_user_expert.exe"},{"@Name":"FileVersion","#text":"4.8 Build 1702"},{"@Name":"Description","#text":"GoToAssist"},{"@Name":"Product","#text":"GoToAssist"},{"@Name":"Company","#text":"LogMeIn, Inc."},{"@Name":"OriginalFileName","#text":"GoToAssist Remote Support.exe"},{"@Name":"CommandLine","#text":"\"C:\\Program Files (x86)\\GoToAssist Remote Support Expert\\1702\\g2ax_user_expert.exe\" \"StartID={167CB61D-2C8A-46D5-ADE4-0A8D95EB45FB}&amp;ResourceDll=g2ax_expert_resource_win32_x86_en_US.dll&amp;Debug=On&amp;Stat=On&amp;StatDb=On&amp;Index=0\""},{"@Name":"CurrentDirectory","#text":"C:\\Program Files (x86)\\GoToAssist Remote Support Expert\\1702\\"},{"@Name":"User","#text":"SERVER002\\admin_test"},{"@Name":"LogonGuid","#text":"dbf410b3-2327-671d-91de-120000000000"},{"@Name":"LogonId","#text":"0x12DE91"},{"@Name":"TerminalSessionId","#text":"0"},{"@Name":"IntegrityLevel","#text":"High"},{"@Name":"Hashes","#text":"SHA256=F5CFC449095104529B490B8FE6015B9F77FD83E4A1B378D8DC091C24AE5A95DC"},{"@Name":"ParentProcessGuid","#text":"dbf410b3-2335-671d-d700-000000003900"},{"@Name":"ParentProcessId","#text":"3964"},{"@Name":"ParentImage","#text":"C:\\Program Files (x86)\\GoToAssist Remote Support Expert\\1702\\g2ax_comm_expert.exe"},{"@Name":"ParentCommandLine","#text":"\"C:\\Program Files (x86)\\GoToAssist Remote Support Expert\\1702\\g2ax_comm_expert.exe\" \"Action=Default&amp;Build=1702&amp;colClientUiReadyEvent=Global\\2D0C42F5-73A9-453D-AABE-41CB2CECFA1B&amp;Debug=On&amp;Digest=71c703ea85154a4e246a04c6b40dedc1&amp;EGWAddress=3.218.246.74,52.55.102.23&amp;EGWDNS=egw1.express.gotoassist.com&amp;EGWPort=8200,80,443&amp;Language=en_US&amp;LoaderPath=C:\\Program Files (x86)\\GoToAssist Remote Support Expert\\1702\\g2ax_start.exe&amp;locale=en_US&amp;LogLevel=Normal&amp;LogName=C:\\Users\\ADMIN_~1\\AppData\\Local\\Temp\\LogMeInLogs\\GoToAssist Remote Support Expert\\1702\\20241026_181323\\GoToAssist Remote Support Expert.log&amp;LogPath=C:\\Users\\ADMIN_~1\\AppData\\Local\\Temp\\LogMeInLogs\\GoToAssist Remote Support Expert\\1702\\20241026_181323\\&amp;ResourceDll=g2ax_expert_resource_win32_x86_en_US.dll&amp;RestartReason=Start&amp;ServiceAllowed=Yes&amp;sessionTrackingId=e0-FaCddxmtMoX8_cY4czssnTeGvy83i&amp;StartAsService=Yes&amp;Stat=On&amp;StatDb=On&amp;UninstallService=No&amp;UniqueId=17a8\""},{"@Name":"ParentUser","#text":"SERVER002\\admin_test"}]}}}
{"Event":{"System":{"Provider":{"@Name":"Microsoft-Windows-Sysmon","@Guid":"5770385f-c22a-43e0-bf4c-06f5698ffbd9"},"EventID":"5","Version":"3","Level":"4","Task":"5","Opcode":"0","Keywords":"0x8000000000000000","TimeCreated":{"@SystemTime":"2024-10-26 17:13:25.6379444"},"EventRecordID":"17999","Correlation":null,"Execution":{"@ProcessID":"3156","@ThreadID":"4008"},"Channel":"Microsoft-Windows-Sysmon/Operational","Computer":"Server002","Security":{"@UserID":"S-1-5-18"}},"EventData":{"Data":[{"@Name":"RuleName","#text":"-"},{"@Name":"UtcTime","#text":"2024-10-26 17:13:25.614"},{"@Name":"ProcessGuid","#text":"dbf410b3-2332-671d-d200-000000003900"},{"@Name":"ProcessId","#text":"5584"},{"@Name":"Image","#text":"C:\\Users\\admin_test\\AppData\\Local\\GoToAssist Remote Support Expert\\g2ax_expert_combined_dll_core_win32_x86_1702.exe"},{"@Name":"User","#text":"SERVER002\\admin_test"}]}}}
{"Event":{"System":{"Provider":{"@Name":"Microsoft-Windows-Sysmon","@Guid":"5770385f-c22a-43e0-bf4c-06f5698ffbd9"},"EventID":"1","Version":"5","Level":"4","Task":"1","Opcode":"0","Keywords":"0x8000000000000000","TimeCreated":{"@SystemTime":"2024-10-26 17:13:26.0861489"},"EventRecordID":"18000","Correlation":null,"Execution":{"@ProcessID":"3156","@ThreadID":"4008"},"Channel":"Microsoft-Windows-Sysmon/Operational","Computer":"Server002","Security":{"@UserID":"S-1-5-18"}},"EventData":{"Data":[{"@Name":"RuleName","#text":"-"},{"@Name":"UtcTime","#text":"2024-10-26 17:13:26.026"},{"@Name":"ProcessGuid","#text":"dbf410b3-2336-671d-da00-000000003900"},{"@Name":"ProcessId","#text":"6992"},{"@Name":"Image","#text":"C:\\Windows\\SysWOW64\\cmd.exe"},{"@Name":"FileVersion","#text":"10.0.19041.4355 (WinBuild.160101.0800)"},{"@Name":"Description","#text":"Windows Command Processor"},{"@Name":"Product","#text":"Microsoft® Windows® Operating System"},{"@Name":"Company","#text":"Microsoft Corporation"},{"@Name":"OriginalFileName","#text":"Cmd.Exe"},{"@Name":"CommandLine","#text":"C:\\Windows\\system32\\cmd.exe /c \"\"C:\\Users\\ADMIN_~1\\AppData\\Local\\Temp\\7CB88C9E-F6E4-43AF-A316-D272BE603162.bat\" \"C:\\Users\\admin_test\\Downloads\\GoToAssist.exe\"\""},{"@Name":"CurrentDirectory","#text":"C:\\Users\\ADMIN_~1\\AppData\\Local\\Temp\\"},{"@Name":"User","#text":"SERVER002\\admin_test"},{"@Name":"LogonGuid","#text":"dbf410b3-2327-671d-91de-120000000000"},{"@Name":"LogonId","#text":"0x12DE91"},{"@Name":"TerminalSessionId","#text":"0"},{"@Name":"IntegrityLevel","#text":"High"},{"@Name":"Hashes","#text":"SHA256=36FFFAB256A48C6FB76A4D1199193195E7707E9019414AC87572C3DBC810BC6C"},{"@Name":"ParentProcessGuid","#text":"dbf410b3-232e-671d-cf00-000000003900"},{"@Name":"ParentProcessId","#text":"7072"},{"@Name":"ParentImage","#text":"C:\\Users\\admin_test\\Downloads\\GoToAssist.exe"},{"@Name":"ParentCommandLine","#text":"\"C:\\Users\\admin_test\\Downloads\\GoToAssist.exe\" /S "},{"@Name":"ParentUser","#text":"SERVER002\\admin_test"}]}}}
{"Event":{"System":{"Provider":{"@Name":"Microsoft-Windows-Sysmon","@Guid":"5770385f-c22a-43e0-bf4c-06f5698ffbd9"},"EventID":"5","Version":"3","Level":"4","Task":"5","Opcode":"0","Keywords":"0x8000000000000000","TimeCreated":{"@SystemTime":"2024-10-26 17:13:26.0949556"},"EventRecordID":"18001","Correlation":null,"Execution":{"@ProcessID":"3156","@ThreadID":"4008"},"Channel":"Microsoft-Windows-Sysmon/Operational","Computer":"Server002","Security":{"@UserID":"S-1-5-18"}},"EventData":{"Data":[{"@Name":"RuleName","#text":"-"},{"@Name":"UtcTime","#text":"2024-10-26 17:13:26.081"},{"@Name":"ProcessGuid","#text":"dbf410b3-232e-671d-cf00-000000003900"},{"@Name":"ProcessId","#text":"7072"},{"@Name":"Image","#text":"C:\\Users\\admin_test\\Downloads\\GoToAssist.exe"},{"@Name":"User","#text":"SERVER002\\admin_test"}]}}}
{"Event":{"System":{"Provider":{"@Name":"Microsoft-Windows-Sysmon","@Guid":"5770385f-c22a-43e0-bf4c-06f5698ffbd9"},"EventID":"1","Version":"5","Level":"4","Task":"1","Opcode":"0","Keywords":"0x8000000000000000","TimeCreated":{"@SystemTime":"2024-10-26 17:13:26.1055484"},"EventRecordID":"18002","Correlation":null,"Execution":{"@ProcessID":"3156","@ThreadID":"4008"},"Channel":"Microsoft-Windows-Sysmon/Operational","Computer":"Server002","Security":{"@UserID":"S-1-5-18"}},"EventData":{"Data":[{"@Name":"RuleName","#text":"-"},{"@Name":"UtcTime","#text":"2024-10-26 17:13:26.092"},{"@Name":"ProcessGuid","#text":"dbf410b3-2336-671d-db00-000000003900"},{"@Name":"ProcessId","#text":"2516"},{"@Name":"Image","#text":"C:\\Windows\\System32\\conhost.exe"},{"@Name":"FileVersion","#text":"10.0.19041.4355 (WinBuild.160101.0800)"},{"@Name":"Description","#text":"Console Window Host"},{"@Name":"Product","#text":"Microsoft® Windows® Operating System"},{"@Name":"Company","#text":"Microsoft Corporation"},{"@Name":"OriginalFileName","#text":"CONHOST.EXE"},{"@Name":"CommandLine","#text":"\\??\\C:\\Windows\\system32\\conhost.exe 0xffffffff -ForceV1"},{"@Name":"CurrentDirectory","#text":"C:\\Windows"},{"@Name":"User","#text":"SERVER002\\admin_test"},{"@Name":"LogonGuid","#text":"dbf410b3-2327-671d-91de-120000000000"},{"@Name":"LogonId","#text":"0x12DE91"},{"@Name":"TerminalSessionId","#text":"0"},{"@Name":"IntegrityLevel","#text":"High"},{"@Name":"Hashes","#text":"SHA256=CC0A60CD15FA21E54615E46CD0F10CFBE86F496DC64D14B31D9F3B415D120EE1"},{"@Name":"ParentProcessGuid","#text":"dbf410b3-2336-671d-da00-000000003900"},{"@Name":"ParentProcessId","#text":"6992"},{"@Name":"ParentImage","#text":"C:\\Windows\\SysWOW64\\cmd.exe"},{"@Name":"ParentCommandLine","#text":"C:\\Windows\\system32\\cmd.exe /c \"\"C:\\Users\\ADMIN_~1\\AppData\\Local\\Temp\\7CB88C9E-F6E4-43AF-A316-D272BE603162.bat\" \"C:\\Users\\admin_test\\Downloads\\GoToAssist.exe\"\""},{"@Name":"ParentUser","#text":"SERVER002\\admin_test"}]}}}
{"Event":{"System":{"Provider":{"@Name":"Microsoft-Windows-Sysmon","@Guid":"5770385f-c22a-43e0-bf4c-06f5698ffbd9"},"EventID":"5","Version":"3","Level":"4","Task":"5","Opcode":"0","Keywords":"0x8000000000000000","TimeCreated":{"@SystemTime":"2024-10-26 17:13:26.4656184"},"EventRecordID":"18003","Correlation":null,"Execution":{"@ProcessID":"3156","@ThreadID":"4008"},"Channel":"Microsoft-Windows-Sysmon/Operational","Computer":"Server002","Security":{"@UserID":"S-1-5-18"}},"EventData":{"Data":[{"@Name":"RuleName","#text":"-"},{"@Name":"UtcTime","#text":"2024-10-26 17:13:26.444"},{"@Name":"ProcessGuid","#text":"dbf410b3-2336-671d-da00-000000003900"},{"@Name":"ProcessId","#text":"6992"},{"@Name":"Image","#text":"C:\\Windows\\SysWOW64\\cmd.exe"},{"@Name":"User","#text":"SERVER002\\admin_test"}]}}}
{"Event":{"System":{"Provider":{"@Name":"Microsoft-Windows-Sysmon","@Guid":"5770385f-c22a-43e0-bf4c-06f5698ffbd9"},"EventID":"5","Version":"3","Level":"4","Task":"5","Opcode":"0","Keywords":"0x8000000000000000","TimeCreated":{"@SystemTime":"2024-10-26 17:13:26.4695109"},"EventRecordID":"18004","Correlation":null,"Execution":{"@ProcessID":"3156","@ThreadID":"4008"},"Channel":"Microsoft-Windows-Sysmon/Operational","Computer":"Server002","Security":{"@UserID":"S-1-5-18"}},"EventData":{"Data":[{"@Name":"RuleName","#text":"-"},{"@Name":"UtcTime","#text":"2024-10-26 17:13:26.463"},{"@Name":"ProcessGuid","#text":"dbf410b3-2336-671d-db00-000000003900"},{"@Name":"ProcessId","#text":"2516"},{"@Name":"Image","#text":"C:\\Windows\\System32\\conhost.exe"},{"@Name":"User","#text":"SERVER002\\admin_test"}]}}}
{"Event":{"System":{"Provider":{"@Name":"Microsoft-Windows-Sysmon","@Guid":"5770385f-c22a-43e0-bf4c-06f5698ffbd9"},"EventID":"1","Version":"5","Level":"4","Task":"1","Opcode":"0","Keywords":"0x8000000000000000","TimeCreated":{"@SystemTime":"2024-10-26 17:13:29.0139074"},"EventRecordID":"18005","Correlation":null,"Execution":{"@ProcessID":"3156","@ThreadID":"4008"},"Channel":"Microsoft-Windows-Sysmon/Operational","Computer":"Server002","Security":{"@UserID":"S-1-5-18"}},"EventData":{"Data":[{"@Name":"RuleName","#text":"-"},{"@Name":"UtcTime","#text":"2024-10-26 17:13:28.994"},{"@Name":"ProcessGuid","#text":"dbf410b3-2338-671d-dc00-000000003900"},{"@Name":"ProcessId","#text":"1576"},{"@Name":"Image","#text":"C:\\Program Files (x86)\\GoToAssist Remote Support Expert\\1702\\g2ax_session_expert.exe"},{"@Name":"FileVersion","#text":"4.8 Build 1702"},{"@Name":"Description","#text":"GoToAssist"},{"@Name":"Product","#text":"GoToAssist"},{"@Name":"Company","#text":"LogMeIn, Inc."},{"@Name":"OriginalFileName","#text":"GoToAssist Remote Support.exe"},{"@Name":"CommandLine","#text":"\"C:\\Program Files (x86)\\GoToAssist Remote Support Expert\\1702\\g2ax_session_expert.exe\" \"StartID={88C91318-8C6D-4ACF-A14C-9661B6C66E7A}&amp;ResourceDll=g2ax_expert_resource_win32_x86_en_US.dll&amp;Debug=On&amp;Stat=On&amp;StatDb=On&amp;Index=1\""},{"@Name":"CurrentDirectory","#text":"C:\\Program Files (x86)\\GoToAssist Remote Support Expert\\1702\\"},{"@Name":"User","#text":"SERVER002\\admin_test"},{"@Name":"LogonGuid","#text":"dbf410b3-2327-671d-91de-120000000000"},{"@Name":"LogonId","#text":"0x12DE91"},{"@Name":"TerminalSessionId","#text":"0"},{"@Name":"IntegrityLevel","#text":"High"},{"@Name":"Hashes","#text":"SHA256=F5CFC449095104529B490B8FE6015B9F77FD83E4A1B378D8DC091C24AE5A95DC"},{"@Name":"ParentProcessGuid","#text":"dbf410b3-2335-671d-d700-000000003900"},{"@Name":"ParentProcessId","#text":"3964"},{"@Name":"ParentImage","#text":"C:\\Program Files (x86)\\GoToAssist Remote Support Expert\\1702\\g2ax_comm_expert.exe"},{"@Name":"ParentCommandLine","#text":"\"C:\\Program Files (x86)\\GoToAssist Remote Support Expert\\1702\\g2ax_comm_expert.exe\" \"Action=Default&amp;Build=1702&amp;colClientUiReadyEvent=Global\\2D0C42F5-73A9-453D-AABE-41CB2CECFA1B&amp;Debug=On&amp;Digest=71c703ea85154a4e246a04c6b40dedc1&amp;EGWAddress=3.218.246.74,52.55.102.23&amp;EGWDNS=egw1.express.gotoassist.com&amp;EGWPort=8200,80,443&amp;Language=en_US&amp;LoaderPath=C:\\Program Files (x86)\\GoToAssist Remote Support Expert\\1702\\g2ax_start.exe&amp;locale=en_US&amp;LogLevel=Normal&amp;LogName=C:\\Users\\ADMIN_~1\\AppData\\Local\\Temp\\LogMeInLogs\\GoToAssist Remote Support Expert\\1702\\20241026_181323\\GoToAssist Remote Support Expert.log&amp;LogPath=C:\\Users\\ADMIN_~1\\AppData\\Local\\Temp\\LogMeInLogs\\GoToAssist Remote Support Expert\\1702\\20241026_181323\\&amp;ResourceDll=g2ax_expert_resource_win32_x86_en_US.dll&amp;RestartReason=Start&amp;ServiceAllowed=Yes&amp;sessionTrackingId=e0-FaCddxmtMoX8_cY4czssnTeGvy83i&amp;StartAsService=Yes&amp;Stat=On&amp;StatDb=On&amp;UninstallService=No&amp;UniqueId=17a8\""},{"@Name":"ParentUser","#text":"SERVER002\\admin_test"}]}}}
{"Event":{"System":{"Provider":{"@Name":"Microsoft-Windows-Sysmon","@Guid":"5770385f-c22a-43e0-bf4c-06f5698ffbd9"},"EventID":"1","Version":"5","Level":"4","Task":"1","Opcode":"0","Keywords":"0x8000000000000000","TimeCreated":{"@SystemTime":"2024-10-26 17:13:31.2431125"},"EventRecordID":"18006","Correlation":null,"Execution":{"@ProcessID":"3156","@ThreadID":"4008"},"Channel":"Microsoft-Windows-Sysmon/Operational","Computer":"Server002","Security":{"@UserID":"S-1-5-18"}},"EventData":{"Data":[{"@Name":"RuleName","#text":"-"},{"@Name":"UtcTime","#text":"2024-10-26 17:13:31.210"},{"@Name":"ProcessGuid","#text":"dbf410b3-233b-671d-dd00-000000003900"},{"@Name":"ProcessId","#text":"4232"},{"@Name":"Image","#text":"C:\\Program Files (x86)\\Microsoft\\EdgeUpdate\\Install\\{B7833C33-2466-4DBF-8D52-4B6506441831}\\MicrosoftEdgeUpdateSetup_X86_1.3.195.27.exe"},{"@Name":"FileVersion","#text":"1.3.195.27"},{"@Name":"Description","#text":"Microsoft Edge Update Setup"},{"@Name":"Product","#text":"Microsoft Edge Update"},{"@Name":"Company","#text":"Microsoft Corporation"},{"@Name":"OriginalFileName","#text":"MicrosoftEdgeUpdateSetup.exe"},{"@Name":"CommandLine","#text":"\"C:\\Program Files (x86)\\Microsoft\\EdgeUpdate\\Install\\{B7833C33-2466-4DBF-8D52-4B6506441831}\\MicrosoftEdgeUpdateSetup_X86_1.3.195.27.exe\" /update /sessionid \"{EA5AB168-8482-4A73-8B96-7184FF1F8AEF}\""},{"@Name":"CurrentDirectory","#text":"C:\\Program Files (x86)\\Microsoft\\EdgeUpdate\\1.3.195.25\\"},{"@Name":"User","#text":"NT AUTHORITY\\SYSTEM"},{"@Name":"LogonGuid","#text":"dbf410b3-3eb8-671d-e703-000000000000"},{"@Name":"LogonId","#text":"0x3E7"},{"@Name":"TerminalSessionId","#text":"0"},{"@Name":"IntegrityLevel","#text":"System"},{"@Name":"Hashes","#text":"SHA256=0A72666092EAD1E76DF637ADD3C76CE00F7F2DB1F3E2A8AF092D8BBE2F4CD91E"},{"@Name":"ParentProcessGuid","#text":"dbf410b3-232e-671d-ce00-000000003900"},{"@Name":"ParentProcessId","#text":"5464"},{"@Name":"ParentImage","#text":"C:\\Program Files (x86)\\Microsoft\\EdgeUpdate\\MicrosoftEdgeUpdate.exe"},{"@Name":"ParentCommandLine","#text":"\"C:\\Program Files (x86)\\Microsoft\\EdgeUpdate\\MicrosoftEdgeUpdate.exe\" /svc"},{"@Name":"ParentUser","#text":"NT AUTHORITY\\SYSTEM"}]}}}

{"Event":{"System":{"Provider":{"@Name":"Microsoft-Windows-Sysmon","@Guid":"5770385f-c22a-43e0-bf4c-06f5698ffbd9"},"EventID":"5","Version":"3","Level":"4","Task":"5","Opcode":"0","Keywords":"0x8000000000000000","TimeCreated":{"@SystemTime":"2024-10-26 17:13:32.1840413"},"EventRecordID":"18008","Correlation":null,"Execution":{"@ProcessID":"3156","@ThreadID":"4008"},"Channel":"Microsoft-Windows-Sysmon/Operational","Computer":"Server002","Security":{"@UserID":"S-1-5-18"}},"EventData":{"Data":[{"@Name":"RuleName","#text":"-"},{"@Name":"UtcTime","#text":"2024-10-26 17:13:32.170"},{"@Name":"ProcessGuid","#text":"dbf410b3-233b-671d-de00-000000003900"},{"@Name":"ProcessId","#text":"1112"},{"@Name":"Image","#text":"C:\\Program Files (x86)\\Microsoft\\EdgeUpdate\\MicrosoftEdgeUpdate.exe"},{"@Name":"User","#text":"NT AUTHORITY\\SYSTEM"}]}}}
{"Event":{"System":{"Provider":{"@Name":"Microsoft-Windows-Sysmon","@Guid":"5770385f-c22a-43e0-bf4c-06f5698ffbd9"},"EventID":"5","Version":"3","Level":"4","Task":"5","Opcode":"0","Keywords":"0x8000000000000000","TimeCreated":{"@SystemTime":"2024-10-26 17:13:32.2008106"},"EventRecordID":"18009","Correlation":null,"Execution":{"@ProcessID":"3156","@ThreadID":"4008"},"Channel":"Microsoft-Windows-Sysmon/Operational","Computer":"Server002","Security":{"@UserID":"S-1-5-18"}},"EventData":{"Data":[{"@Name":"RuleName","#text":"-"},{"@Name":"UtcTime","#text":"2024-10-26 17:13:32.186"},{"@Name":"ProcessGuid","#text":"dbf410b3-232e-671d-ce00-000000003900"},{"@Name":"ProcessId","#text":"5464"},{"@Name":"Image","#text":"C:\\Program Files (x86)\\Microsoft\\EdgeUpdate\\MicrosoftEdgeUpdate.exe"},{"@Name":"User","#text":"NT AUTHORITY\\SYSTEM"}]}}}
{"Event":{"System":{"Provider":{"@Name":"Microsoft-Windows-Sysmon","@Guid":"5770385f-c22a-43e0-bf4c-06f5698ffbd9"},"EventID":"5","Version":"3","Level":"4","Task":"5","Opcode":"0","Keywords":"0x8000000000000000","TimeCreated":{"@SystemTime":"2024-10-26 17:13:32.5545764"},"EventRecordID":"18010","Correlation":null,"Execution":{"@ProcessID":"3156","@ThreadID":"4008"},"Channel":"Microsoft-Windows-Sysmon/Operational","Computer":"Server002","Security":{"@UserID":"S-1-5-18"}},"EventData":{"Data":[{"@Name":"RuleName","#text":"-"},{"@Name":"UtcTime","#text":"2024-10-26 17:13:32.545"},{"@Name":"ProcessGuid","#text":"dbf410b3-2319-671d-b200-000000003900"},{"@Name":"ProcessId","#text":"6656"},{"@Name":"Image","#text":"C:\\Program Files (x86)\\Microsoft\\EdgeUpdate\\MicrosoftEdgeUpdate.exe"},{"@Name":"User","#text":"NT AUTHORITY\\SYSTEM"}]}}}
{"Event":{"System":{"Provider":{"@Name":"Microsoft-Windows-Sysmon","@Guid":"5770385f-c22a-43e0-bf4c-06f5698ffbd9"},"EventID":"5","Version":"3","Level":"4","Task":"5","Opcode":"0","Keywords":"0x8000000000000000","TimeCreated":{"@SystemTime":"2024-10-26 17:13:33.5040615"},"EventRecordID":"18011","Correlation":null,"Execution":{"@ProcessID":"3156","@ThreadID":"4008"},"Channel":"Microsoft-Windows-Sysmon/Operational","Computer":"Server002","Security":{"@UserID":"S-1-5-18"}},"EventData":{"Data":[{"@Name":"RuleName","#text":"-"},{"@Name":"UtcTime","#text":"2024-10-26 17:13:33.490"},{"@Name":"ProcessGuid","#text":"dbf410b3-22a9-671d-8900-000000003900"},{"@Name":"ProcessId","#text":"5376"},{"@Name":"Image","#text":"C:\\Windows\\servicing\\TrustedInstaller.exe"},{"@Name":"User","#text":"NT AUTHORITY\\SYSTEM"}]}}}
{"Event":{"System":{"Provider":{"@Name":"Microsoft-Windows-Sysmon","@Guid":"5770385f-c22a-43e0-bf4c-06f5698ffbd9"},"EventID":"5","Version":"3","Level":"4","Task":"5","Opcode":"0","Keywords":"0x8000000000000000","TimeCreated":{"@SystemTime":"2024-10-26 17:13:33.5279733"},"EventRecordID":"18012","Correlation":null,"Execution":{"@ProcessID":"3156","@ThreadID":"4008"},"Channel":"Microsoft-Windows-Sysmon/Operational","Computer":"Server002","Security":{"@UserID":"S-1-5-18"}},"EventData":{"Data":[{"@Name":"RuleName","#text":"-"},{"@Name":"UtcTime","#text":"2024-10-26 17:13:33.512"},{"@Name":"ProcessGuid","#text":"dbf410b3-22aa-671d-8a00-000000003900"},{"@Name":"ProcessId","#text":"5420"},{"@Name":"Image","#text":"C:\\Windows\\WinSxS\\amd64_microsoft-windows-servicingstack_31bf3856ad364e35_10.0.19041.4950_none_7dd913727cb4d87c\\TiWorker.exe"},{"@Name":"User","#text":"NT AUTHORITY\\SYSTEM"}]}}}
{"Event":{"System":{"Provider":{"@Name":"Microsoft-Windows-Sysmon","@Guid":"5770385f-c22a-43e0-bf4c-06f5698ffbd9"},"EventID":"1","Version":"5","Level":"4","Task":"1","Opcode":"0","Keywords":"0x8000000000000000","TimeCreated":{"@SystemTime":"2024-10-26 17:13:33.6027960"},"EventRecordID":"18013","Correlation":null,"Execution":{"@ProcessID":"3156","@ThreadID":"4008"},"Channel":"Microsoft-Windows-Sysmon/Operational","Computer":"Server002","Security":{"@UserID":"S-1-5-18"}},"EventData":{"Data":[{"@Name":"RuleName","#text":"-"},{"@Name":"UtcTime","#text":"2024-10-26 17:13:33.595"},{"@Name":"ProcessGuid","#text":"dbf410b3-233d-671d-df00-000000003900"},{"@Name":"ProcessId","#text":"6008"},{"@Name":"Image","#text":"C:\\Program Files (x86)\\Microsoft\\Temp\\EUC1DF.tmp\\MicrosoftEdgeUpdate.exe"},{"@Name":"FileVersion","#text":"1.3.195.27"},{"@Name":"Description","#text":"Microsoft Edge Update"},{"@Name":"Product","#text":"Microsoft Edge Update"},{"@Name":"Company","#text":"Microsoft Corporation"},{"@Name":"OriginalFileName","#text":"msedgeupdate.dll"},{"@Name":"CommandLine","#text":"\"C:\\Program Files (x86)\\Microsoft\\Temp\\EUC1DF.tmp\\MicrosoftEdgeUpdate.exe\" /update /sessionid \"{EA5AB168-8482-4A73-8B96-7184FF1F8AEF}\""},{"@Name":"CurrentDirectory","#text":"C:\\Program Files (x86)\\Microsoft\\EdgeUpdate\\1.3.195.25\\"},{"@Name":"User","#text":"NT AUTHORITY\\SYSTEM"},{"@Name":"LogonGuid","#text":"dbf410b3-3eb8-671d-e703-000000000000"},{"@Name":"LogonId","#text":"0x3E7"},{"@Name":"TerminalSessionId","#text":"0"},{"@Name":"IntegrityLevel","#text":"System"},{"@Name":"Hashes","#text":"SHA256=4EFCC591343962C4E518E94B9265AB444CA07423254EF7B2828C9478E9A88F5C"},{"@Name":"ParentProcessGuid","#text":"dbf410b3-233b-671d-dd00-000000003900"},{"@Name":"ParentProcessId","#text":"4232"},{"@Name":"ParentImage","#text":"C:\\Program Files (x86)\\Microsoft\\EdgeUpdate\\Install\\{B7833C33-2466-4DBF-8D52-4B6506441831}\\MicrosoftEdgeUpdateSetup_X86_1.3.195.27.exe"},{"@Name":"ParentCommandLine","#text":"\"C:\\Program Files (x86)\\Microsoft\\EdgeUpdate\\Install\\{B7833C33-2466-4DBF-8D52-4B6506441831}\\MicrosoftEdgeUpdateSetup_X86_1.3.195.27.exe\" /update /sessionid \"{EA5AB168-8482-4A73-8B96-7184FF1F8AEF}\""},{"@Name":"ParentUser","#text":"NT AUTHORITY\\SYSTEM"}]}}}
{"Event":{"System":{"Provider":{"@Name":"Microsoft-Windows-Sysmon","@Guid":"5770385f-c22a-43e0-bf4c-06f5698ffbd9"},"EventID":"5","Version":"3","Level":"4","Task":"5","Opcode":"0","Keywords":"0x8000000000000000","TimeCreated":{"@SystemTime":"2024-10-26 17:13:33.8044173"},"EventRecordID":"18014","Correlation":null,"Execution":{"@ProcessID":"3156","@ThreadID":"4008"},"Channel":"Microsoft-Windows-Sysmon/Operational","Computer":"Server002","Security":{"@UserID":"S-1-5-18"}},"EventData":{"Data":[{"@Name":"RuleName","#text":"-"},{"@Name":"UtcTime","#text":"2024-10-26 17:13:33.789"},{"@Name":"ProcessGuid","#text":"dbf410b3-2319-671d-b100-000000003900"},{"@Name":"ProcessId","#text":"6616"},{"@Name":"Image","#text":"C:\\Program Files (x86)\\Microsoft\\EdgeUpdate\\MicrosoftEdgeUpdate.exe"},{"@Name":"User","#text":"NT AUTHORITY\\SYSTEM"}]}}}
{"Event":{"System":{"Provider":{"@Name":"Microsoft-Windows-Sysmon","@Guid":"5770385f-c22a-43e0-bf4c-06f5698ffbd9"},"EventID":"1","Version":"5","Level":"4","Task":"1","Opcode":"0","Keywords":"0x8000000000000000","TimeCreated":{"@SystemTime":"2024-10-26 17:13:34.1670184"},"EventRecordID":"18015","Correlation":null,"Execution":{"@ProcessID":"3156","@ThreadID":"4008"},"Channel":"Microsoft-Windows-Sysmon/Operational","Computer":"Server002","Security":{"@UserID":"S-1-5-18"}},"EventData":{"Data":[{"@Name":"RuleName","#text":"-"},{"@Name":"UtcTime","#text":"2024-10-26 17:13:34.163"},{"@Name":"ProcessGuid","#text":"dbf410b3-233e-671d-e000-000000003900"},{"@Name":"ProcessId","#text":"1936"},{"@Name":"Image","#text":"C:\\Program Files (x86)\\Microsoft\\EdgeUpdate\\MicrosoftEdgeUpdate.exe"},{"@Name":"FileVersion","#text":"1.3.147.37"},{"@Name":"Description","#text":"Microsoft Edge Update"},{"@Name":"Product","#text":"Microsoft Edge Update"},{"@Name":"Company","#text":"Microsoft Corporation"},{"@Name":"OriginalFileName","#text":"msedgeupdate.dll"},{"@Name":"CommandLine","#text":"\"C:\\Program Files (x86)\\Microsoft\\EdgeUpdate\\MicrosoftEdgeUpdate.exe\" /regsvc"},{"@Name":"CurrentDirectory","#text":"C:\\Program Files (x86)\\Microsoft\\Temp\\EUC1DF.tmp\\"},{"@Name":"User","#text":"NT AUTHORITY\\SYSTEM"},{"@Name":"LogonGuid","#text":"dbf410b3-3eb8-671d-e703-000000000000"},{"@Name":"LogonId","#text":"0x3E7"},{"@Name":"TerminalSessionId","#text":"0"},{"@Name":"IntegrityLevel","#text":"System"},{"@Name":"Hashes","#text":"SHA256=3096D8E82917A9B73F322F4B1743E52E9B0C8B3C5933A957E73E29D6973CDD5B"},{"@Name":"ParentProcessGuid","#text":"dbf410b3-233d-671d-df00-000000003900"},{"@Name":"ParentProcessId","#text":"6008"},{"@Name":"ParentImage","#text":"C:\\Program Files (x86)\\Microsoft\\Temp\\EUC1DF.tmp\\MicrosoftEdgeUpdate.exe"},{"@Name":"ParentCommandLine","#text":"\"C:\\Program Files (x86)\\Microsoft\\Temp\\EUC1DF.tmp\\MicrosoftEdgeUpdate.exe\" /update /sessionid \"{EA5AB168-8482-4A73-8B96-7184FF1F8AEF}\""},{"@Name":"ParentUser","#text":"NT AUTHORITY\\SYSTEM"}]}}}
{"Event":{"System":{"Provider":{"@Name":"Microsoft-Windows-Sysmon","@Guid":"5770385f-c22a-43e0-bf4c-06f5698ffbd9"},"EventID":"5","Version":"3","Level":"4","Task":"5","Opcode":"0","Keywords":"0x8000000000000000","TimeCreated":{"@SystemTime":"2024-10-26 17:13:34.2605169"},"EventRecordID":"18016","Correlation":null,"Execution":{"@ProcessID":"3156","@ThreadID":"4008"},"Channel":"Microsoft-Windows-Sysmon/Operational","Computer":"Server002","Security":{"@UserID":"S-1-5-18"}},"EventData":{"Data":[{"@Name":"RuleName","#text":"-"},{"@Name":"UtcTime","#text":"2024-10-26 17:13:34.250"},{"@Name":"ProcessGuid","#text":"dbf410b3-233e-671d-e000-000000003900"},{"@Name":"ProcessId","#text":"1936"},{"@Name":"Image","#text":"C:\\Program Files (x86)\\Microsoft\\EdgeUpdate\\MicrosoftEdgeUpdate.exe"},{"@Name":"User","#text":"NT AUTHORITY\\SYSTEM"}]}}}
