{"Event":{"System":{"Provider":{"@Name":"PowerShell"},"EventID":{"@Qualifiers":"0","#text":"600"},"Version":"0","Level":"4","Task":"6","Opcode":"0","Keywords":"0x80000000000000","TimeCreated":{"@SystemTime":"2024-10-27 14:45:11.5038038"},"EventRecordID":"1043","Correlation":null,"Execution":{"@ProcessID":"0","@ThreadID":"0"},"Channel":"Windows PowerShell","Computer":"Server002","Security":null},"EventData":{"Data":"Registry, Started, \tProviderName=Registry\r\n\tNewProviderState=Started\r\n\r\n\tSequenceNumber=1\r\n\r\n\tHostName=ConsoleHost\r\n\tHostVersion=5.1.19041.5007\r\n\tHostId=9193ab42-3423-4224-bf55-5bbfa4db8319\r\n\tHostApplication=powershell.exe &amp; {$Name = \"GlobalFlag\"\r\n$Value = \"512\"\r\n$registryPath = \"HKLM:\\SOFTWARE\\Microsoft\\Windows NT\\CurrentVersion\\Image File Execution Options\\whoami.exe\"\r\nNew-Item -Path $registryPath -Force\r\nNew-ItemProperty -Path $registryPath -Name $Name -Value $Value -PropertyType DWord -Force\r\n$Name = \"ReportingMode\"\r\n$Value = \"1\"\r\n$SilentProcessExit = \"HKLM:\\SOFTWARE\\Microsoft\\Windows NT\\CurrentVersion\\SilentProcessExit\\whoami.exe\"\r\nNew-Item -Path $SilentProcessExit -Force\r\nNew-ItemProperty -Path $SilentProcessExit -Name $Name -Value $Value -PropertyType DWord -Force \r\n\r\n$Name = \"MonitorProcess\"\r\n$Value = \"cmd.exe /c calc.exe\"\r\nNew-ItemProperty -Path $SilentProcessExit -Name $Name -Value $Value -PropertyType String -Force\r\nStart-Process whoami.exe}\r\n\tEngineVersion=\r\n\tRunspaceId=\r\n\tPipelineId=\r\n\tCommandName=\r\n\tCommandType=\r\n\tScriptName=\r\n\tCommandPath=\r\n\tCommandLine=","Binary":""}}}
{"Event":{"System":{"Provider":{"@Name":"PowerShell"},"EventID":{"@Qualifiers":"0","#text":"600"},"Version":"0","Level":"4","Task":"6","Opcode":"0","Keywords":"0x80000000000000","TimeCreated":{"@SystemTime":"2024-10-27 14:45:11.5038038"},"EventRecordID":"1044","Correlation":null,"Execution":{"@ProcessID":"0","@ThreadID":"0"},"Channel":"Windows PowerShell","Computer":"Server002","Security":null},"EventData":{"Data":"Alias, Started, \tProviderName=Alias\r\n\tNewProviderState=Started\r\n\r\n\tSequenceNumber=3\r\n\r\n\tHostName=ConsoleHost\r\n\tHostVersion=5.1.19041.5007\r\n\tHostId=9193ab42-3423-4224-bf55-5bbfa4db8319\r\n\tHostApplication=powershell.exe &amp; {$Name = \"GlobalFlag\"\r\n$Value = \"512\"\r\n$registryPath = \"HKLM:\\SOFTWARE\\Microsoft\\Windows NT\\CurrentVersion\\Image File Execution Options\\whoami.exe\"\r\nNew-Item -Path $registryPath -Force\r\nNew-ItemProperty -Path $registryPath -Name $Name -Value $Value -PropertyType DWord -Force\r\n$Name = \"ReportingMode\"\r\n$Value = \"1\"\r\n$SilentProcessExit = \"HKLM:\\SOFTWARE\\Microsoft\\Windows NT\\CurrentVersion\\SilentProcessExit\\whoami.exe\"\r\nNew-Item -Path $SilentProcessExit -Force\r\nNew-ItemProperty -Path $SilentProcessExit -Name $Name -Value $Value -PropertyType DWord -Force \r\n\r\n$Name = \"MonitorProcess\"\r\n$Value = \"cmd.exe /c calc.exe\"\r\nNew-ItemProperty -Path $SilentProcessExit -Name $Name -Value $Value -PropertyType String -Force\r\nStart-Process whoami.exe}\r\n\tEngineVersion=\r\n\tRunspaceId=\r\n\tPipelineId=\r\n\tCommandName=\r\n\tCommandType=\r\n\tScriptName=\r\n\tCommandPath=\r\n\tCommandLine=","Binary":""}}}
{"Event":{"System":{"Provider":{"@Name":"PowerShell"},"EventID":{"@Qualifiers":"0","#text":"600"},"Version":"0","Level":"4","Task":"6","Opcode":"0","Keywords":"0x80000000000000","TimeCreated":{"@SystemTime":"2024-10-27 14:45:11.5135917"},"EventRecordID":"1045","Correlation":null,"Execution":{"@ProcessID":"0","@ThreadID":"0"},"Channel":"Windows PowerShell","Computer":"Server002","Security":null},"EventData":{"Data":"Environment, Started, \tProviderName=Environment\r\n\tNewProviderState=Started\r\n\r\n\tSequenceNumber=5\r\n\r\n\tHostName=ConsoleHost\r\n\tHostVersion=5.1.19041.5007\r\n\tHostId=9193ab42-3423-4224-bf55-5bbfa4db8319\r\n\tHostApplication=powershell.exe &amp; {$Name = \"GlobalFlag\"\r\n$Value = \"512\"\r\n$registryPath = \"HKLM:\\SOFTWARE\\Microsoft\\Windows NT\\CurrentVersion\\Image File Execution Options\\whoami.exe\"\r\nNew-Item -Path $registryPath -Force\r\nNew-ItemProperty -Path $registryPath -Name $Name -Value $Value -PropertyType DWord -Force\r\n$Name = \"ReportingMode\"\r\n$Value = \"1\"\r\n$SilentProcessExit = \"HKLM:\\SOFTWARE\\Microsoft\\Windows NT\\CurrentVersion\\SilentProcessExit\\whoami.exe\"\r\nNew-Item -Path $SilentProcessExit -Force\r\nNew-ItemProperty -Path $SilentProcessExit -Name $Name -Value $Value -PropertyType DWord -Force \r\n\r\n$Name = \"MonitorProcess\"\r\n$Value = \"cmd.exe /c calc.exe\"\r\nNew-ItemProperty -Path $SilentProcessExit -Name $Name -Value $Value -PropertyType String -Force\r\nStart-Process whoami.exe}\r\n\tEngineVersion=\r\n\tRunspaceId=\r\n\tPipelineId=\r\n\tCommandName=\r\n\tCommandType=\r\n\tScriptName=\r\n\tCommandPath=\r\n\tCommandLine=","Binary":""}}}
{"Event":{"System":{"Provider":{"@Name":"PowerShell"},"EventID":{"@Qualifiers":"0","#text":"600"},"Version":"0","Level":"4","Task":"6","Opcode":"0","Keywords":"0x80000000000000","TimeCreated":{"@SystemTime":"2024-10-27 14:45:11.5204215"},"EventRecordID":"1046","Correlation":null,"Execution":{"@ProcessID":"0","@ThreadID":"0"},"Channel":"Windows PowerShell","Computer":"Server002","Security":null},"EventData":{"Data":"FileSystem, Started, \tProviderName=FileSystem\r\n\tNewProviderState=Started\r\n\r\n\tSequenceNumber=7\r\n\r\n\tHostName=ConsoleHost\r\n\tHostVersion=5.1.19041.5007\r\n\tHostId=9193ab42-3423-4224-bf55-5bbfa4db8319\r\n\tHostApplication=powershell.exe &amp; {$Name = \"GlobalFlag\"\r\n$Value = \"512\"\r\n$registryPath = \"HKLM:\\SOFTWARE\\Microsoft\\Windows NT\\CurrentVersion\\Image File Execution Options\\whoami.exe\"\r\nNew-Item -Path $registryPath -Force\r\nNew-ItemProperty -Path $registryPath -Name $Name -Value $Value -PropertyType DWord -Force\r\n$Name = \"ReportingMode\"\r\n$Value = \"1\"\r\n$SilentProcessExit = \"HKLM:\\SOFTWARE\\Microsoft\\Windows NT\\CurrentVersion\\SilentProcessExit\\whoami.exe\"\r\nNew-Item -Path $SilentProcessExit -Force\r\nNew-ItemProperty -Path $SilentProcessExit -Name $Name -Value $Value -PropertyType DWord -Force \r\n\r\n$Name = \"MonitorProcess\"\r\n$Value = \"cmd.exe /c calc.exe\"\r\nNew-ItemProperty -Path $SilentProcessExit -Name $Name -Value $Value -PropertyType String -Force\r\nStart-Process whoami.exe}\r\n\tEngineVersion=\r\n\tRunspaceId=\r\n\tPipelineId=\r\n\tCommandName=\r\n\tCommandType=\r\n\tScriptName=\r\n\tCommandPath=\r\n\tCommandLine=","Binary":""}}}
{"Event":{"System":{"Provider":{"@Name":"PowerShell"},"EventID":{"@Qualifiers":"0","#text":"600"},"Version":"0","Level":"4","Task":"6","Opcode":"0","Keywords":"0x80000000000000","TimeCreated":{"@SystemTime":"2024-10-27 14:45:11.5204215"},"EventRecordID":"1047","Correlation":null,"Execution":{"@ProcessID":"0","@ThreadID":"0"},"Channel":"Windows PowerShell","Computer":"Server002","Security":null},"EventData":{"Data":"Function, Started, \tProviderName=Function\r\n\tNewProviderState=Started\r\n\r\n\tSequenceNumber=9\r\n\r\n\tHostName=ConsoleHost\r\n\tHostVersion=5.1.19041.5007\r\n\tHostId=9193ab42-3423-4224-bf55-5bbfa4db8319\r\n\tHostApplication=powershell.exe &amp; {$Name = \"GlobalFlag\"\r\n$Value = \"512\"\r\n$registryPath = \"HKLM:\\SOFTWARE\\Microsoft\\Windows NT\\CurrentVersion\\Image File Execution Options\\whoami.exe\"\r\nNew-Item -Path $registryPath -Force\r\nNew-ItemProperty -Path $registryPath -Name $Name -Value $Value -PropertyType DWord -Force\r\n$Name = \"ReportingMode\"\r\n$Value = \"1\"\r\n$SilentProcessExit = \"HKLM:\\SOFTWARE\\Microsoft\\Windows NT\\CurrentVersion\\SilentProcessExit\\whoami.exe\"\r\nNew-Item -Path $SilentProcessExit -Force\r\nNew-ItemProperty -Path $SilentProcessExit -Name $Name -Value $Value -PropertyType DWord -Force \r\n\r\n$Name = \"MonitorProcess\"\r\n$Value = \"cmd.exe /c calc.exe\"\r\nNew-ItemProperty -Path $SilentProcessExit -Name $Name -Value $Value -PropertyType String -Force\r\nStart-Process whoami.exe}\r\n\tEngineVersion=\r\n\tRunspaceId=\r\n\tPipelineId=\r\n\tCommandName=\r\n\tCommandType=\r\n\tScriptName=\r\n\tCommandPath=\r\n\tCommandLine=","Binary":""}}}
{"Event":{"System":{"Provider":{"@Name":"PowerShell"},"EventID":{"@Qualifiers":"0","#text":"600"},"Version":"0","Level":"4","Task":"6","Opcode":"0","Keywords":"0x80000000000000","TimeCreated":{"@SystemTime":"2024-10-27 14:45:11.5286432"},"EventRecordID":"1048","Correlation":null,"Execution":{"@ProcessID":"0","@ThreadID":"0"},"Channel":"Windows PowerShell","Computer":"Server002","Security":null},"EventData":{"Data":"Variable, Started, \tProviderName=Variable\r\n\tNewProviderState=Started\r\n\r\n\tSequenceNumber=11\r\n\r\n\tHostName=ConsoleHost\r\n\tHostVersion=5.1.19041.5007\r\n\tHostId=9193ab42-3423-4224-bf55-5bbfa4db8319\r\n\tHostApplication=powershell.exe &amp; {$Name = \"GlobalFlag\"\r\n$Value = \"512\"\r\n$registryPath = \"HKLM:\\SOFTWARE\\Microsoft\\Windows NT\\CurrentVersion\\Image File Execution Options\\whoami.exe\"\r\nNew-Item -Path $registryPath -Force\r\nNew-ItemProperty -Path $registryPath -Name $Name -Value $Value -PropertyType DWord -Force\r\n$Name = \"ReportingMode\"\r\n$Value = \"1\"\r\n$SilentProcessExit = \"HKLM:\\SOFTWARE\\Microsoft\\Windows NT\\CurrentVersion\\SilentProcessExit\\whoami.exe\"\r\nNew-Item -Path $SilentProcessExit -Force\r\nNew-ItemProperty -Path $SilentProcessExit -Name $Name -Value $Value -PropertyType DWord -Force \r\n\r\n$Name = \"MonitorProcess\"\r\n$Value = \"cmd.exe /c calc.exe\"\r\nNew-ItemProperty -Path $SilentProcessExit -Name $Name -Value $Value -PropertyType String -Force\r\nStart-Process whoami.exe}\r\n\tEngineVersion=\r\n\tRunspaceId=\r\n\tPipelineId=\r\n\tCommandName=\r\n\tCommandType=\r\n\tScriptName=\r\n\tCommandPath=\r\n\tCommandLine=","Binary":""}}}
{"Event":{"System":{"Provider":{"@Name":"PowerShell"},"EventID":{"@Qualifiers":"0","#text":"400"},"Version":"0","Level":"4","Task":"4","Opcode":"0","Keywords":"0x80000000000000","TimeCreated":{"@SystemTime":"2024-10-27 14:45:11.6601398"},"EventRecordID":"1049","Correlation":null,"Execution":{"@ProcessID":"0","@ThreadID":"0"},"Channel":"Windows PowerShell","Computer":"Server002","Security":null},"EventData":{"Data":"Available, None, \tNewEngineState=Available\r\n\tPreviousEngineState=None\r\n\r\n\tSequenceNumber=13\r\n\r\n\tHostName=ConsoleHost\r\n\tHostVersion=5.1.19041.5007\r\n\tHostId=9193ab42-3423-4224-bf55-5bbfa4db8319\r\n\tHostApplication=powershell.exe &amp; {$Name = \"GlobalFlag\"\r\n$Value = \"512\"\r\n$registryPath = \"HKLM:\\SOFTWARE\\Microsoft\\Windows NT\\CurrentVersion\\Image File Execution Options\\whoami.exe\"\r\nNew-Item -Path $registryPath -Force\r\nNew-ItemProperty -Path $registryPath -Name $Name -Value $Value -PropertyType DWord -Force\r\n$Name = \"ReportingMode\"\r\n$Value = \"1\"\r\n$SilentProcessExit = \"HKLM:\\SOFTWARE\\Microsoft\\Windows NT\\CurrentVersion\\SilentProcessExit\\whoami.exe\"\r\nNew-Item -Path $SilentProcessExit -Force\r\nNew-ItemProperty -Path $SilentProcessExit -Name $Name -Value $Value -PropertyType DWord -Force \r\n\r\n$Name = \"MonitorProcess\"\r\n$Value = \"cmd.exe /c calc.exe\"\r\nNew-ItemProperty -Path $SilentProcessExit -Name $Name -Value $Value -PropertyType String -Force\r\nStart-Process whoami.exe}\r\n\tEngineVersion=5.1.19041.5007\r\n\tRunspaceId=744c6e5f-2de8-4836-b340-4721b370d082\r\n\tPipelineId=\r\n\tCommandName=\r\n\tCommandType=\r\n\tScriptName=\r\n\tCommandPath=\r\n\tCommandLine=","Binary":""}}}
{"Event":{"System":{"Provider":{"@Name":"PowerShell"},"EventID":{"@Qualifiers":"0","#text":"403"},"Version":"0","Level":"4","Task":"4","Opcode":"0","Keywords":"0x80000000000000","TimeCreated":{"@SystemTime":"2024-10-27 14:45:13.4896385"},"EventRecordID":"1050","Correlation":null,"Execution":{"@ProcessID":"0","@ThreadID":"0"},"Channel":"Windows PowerShell","Computer":"Server002","Security":null},"EventData":{"Data":"Stopped, Available, \tNewEngineState=Stopped\r\n\tPreviousEngineState=Available\r\n\r\n\tSequenceNumber=15\r\n\r\n\tHostName=ConsoleHost\r\n\tHostVersion=5.1.19041.5007\r\n\tHostId=9193ab42-3423-4224-bf55-5bbfa4db8319\r\n\tHostApplication=powershell.exe &amp; {$Name = \"GlobalFlag\"\r\n$Value = \"512\"\r\n$registryPath = \"HKLM:\\SOFTWARE\\Microsoft\\Windows NT\\CurrentVersion\\Image File Execution Options\\whoami.exe\"\r\nNew-Item -Path $registryPath -Force\r\nNew-ItemProperty -Path $registryPath -Name $Name -Value $Value -PropertyType DWord -Force\r\n$Name = \"ReportingMode\"\r\n$Value = \"1\"\r\n$SilentProcessExit = \"HKLM:\\SOFTWARE\\Microsoft\\Windows NT\\CurrentVersion\\SilentProcessExit\\whoami.exe\"\r\nNew-Item -Path $SilentProcessExit -Force\r\nNew-ItemProperty -Path $SilentProcessExit -Name $Name -Value $Value -PropertyType DWord -Force \r\n\r\n$Name = \"MonitorProcess\"\r\n$Value = \"cmd.exe /c calc.exe\"\r\nNew-ItemProperty -Path $SilentProcessExit -Name $Name -Value $Value -PropertyType String -Force\r\nStart-Process whoami.exe}\r\n\tEngineVersion=5.1.19041.5007\r\n\tRunspaceId=744c6e5f-2de8-4836-b340-4721b370d082\r\n\tPipelineId=\r\n\tCommandName=\r\n\tCommandType=\r\n\tScriptName=\r\n\tCommandPath=\r\n\tCommandLine=","Binary":""}}}
