{"Event":{"System":{"Provider":{"@Name":"Microsoft-Windows-Sysmon","@Guid":"5770385f-c22a-43e0-bf4c-06f5698ffbd9"},"EventID":"5","Version":"3","Level":"4","Task":"5","Opcode":"0","Keywords":"0x8000000000000000","TimeCreated":{"@SystemTime":"2024-10-22 15:09:31.5973684"},"EventRecordID":"17975","Correlation":null,"Execution":{"@ProcessID":"2076","@ThreadID":"3832"},"Channel":"Microsoft-Windows-Sysmon/Operational","Computer":"Server002","Security":{"@UserID":"S-1-5-18"}},"EventData":{"Data":[{"@Name":"RuleName","#text":"-"},{"@Name":"UtcTime","#text":"2024-10-22 15:09:31.589"},{"@Name":"ProcessGuid","#text":"dbf410b3-c02b-6717-c500-000000003900"},{"@Name":"ProcessId","#text":"3256"},{"@Name":"Image","#text":"C:\\Windows\\System32\\cmd.exe"},{"@Name":"User","#text":"SERVER002\\admin_test"}]}}}
{"Event":{"System":{"Provider":{"@Name":"Microsoft-Windows-Sysmon","@Guid":"5770385f-c22a-43e0-bf4c-06f5698ffbd9"},"EventID":"5","Version":"3","Level":"4","Task":"5","Opcode":"0","Keywords":"0x8000000000000000","TimeCreated":{"@SystemTime":"2024-10-22 15:09:31.5991866"},"EventRecordID":"17976","Correlation":null,"Execution":{"@ProcessID":"2076","@ThreadID":"3832"},"Channel":"Microsoft-Windows-Sysmon/Operational","Computer":"Server002","Security":{"@UserID":"S-1-5-18"}},"EventData":{"Data":[{"@Name":"RuleName","#text":"-"},{"@Name":"UtcTime","#text":"2024-10-22 15:09:31.589"},{"@Name":"ProcessGuid","#text":"dbf410b3-c02b-6717-c600-000000003900"},{"@Name":"ProcessId","#text":"4724"},{"@Name":"Image","#text":"C:\\Windows\\System32\\conhost.exe"},{"@Name":"User","#text":"SERVER002\\admin_test"}]}}}
{"Event":{"System":{"Provider":{"@Name":"Microsoft-Windows-Sysmon","@Guid":"5770385f-c22a-43e0-bf4c-06f5698ffbd9"},"EventID":"5","Version":"3","Level":"4","Task":"5","Opcode":"0","Keywords":"0x8000000000000000","TimeCreated":{"@SystemTime":"2024-10-22 15:09:39.3521203"},"EventRecordID":"17977","Correlation":null,"Execution":{"@ProcessID":"2076","@ThreadID":"3832"},"Channel":"Microsoft-Windows-Sysmon/Operational","Computer":"Server002","Security":{"@UserID":"S-1-5-18"}},"EventData":{"Data":[{"@Name":"RuleName","#text":"-"},{"@Name":"UtcTime","#text":"2024-10-22 15:09:39.349"},{"@Name":"ProcessGuid","#text":"dbf410b3-c02e-6717-ad00-000000003900"},{"@Name":"ProcessId","#text":"1556"},{"@Name":"Image","#text":"C:\\Windows\\System32\\sppsvc.exe"},{"@Name":"User","#text":"NT AUTHORITY\\NETWORK SERVICE"}]}}}
{"Event":{"System":{"Provider":{"@Name":"Microsoft-Windows-Sysmon","@Guid":"5770385f-c22a-43e0-bf4c-06f5698ffbd9"},"EventID":"5","Version":"3","Level":"4","Task":"5","Opcode":"0","Keywords":"0x8000000000000000","TimeCreated":{"@SystemTime":"2024-10-22 15:09:48.8585297"},"EventRecordID":"17978","Correlation":null,"Execution":{"@ProcessID":"2076","@ThreadID":"3832"},"Channel":"Microsoft-Windows-Sysmon/Operational","Computer":"Server002","Security":{"@UserID":"S-1-5-18"}},"EventData":{"Data":[{"@Name":"RuleName","#text":"-"},{"@Name":"UtcTime","#text":"2024-10-22 15:09:48.851"},{"@Name":"ProcessGuid","#text":"dbf410b3-bfc3-6717-8600-000000003900"},{"@Name":"ProcessId","#text":"5100"},{"@Name":"Image","#text":"C:\\Windows\\WinSxS\\amd64_microsoft-windows-servicingstack_31bf3856ad364e35_10.0.19041.4950_none_7dd913727cb4d87c\\TiWorker.exe"},{"@Name":"User","#text":"NT AUTHORITY\\SYSTEM"}]}}}
{"Event":{"System":{"Provider":{"@Name":"Microsoft-Windows-Sysmon","@Guid":"5770385f-c22a-43e0-bf4c-06f5698ffbd9"},"EventID":"5","Version":"3","Level":"4","Task":"5","Opcode":"0","Keywords":"0x8000000000000000","TimeCreated":{"@SystemTime":"2024-10-22 15:09:49.2234245"},"EventRecordID":"17979","Correlation":null,"Execution":{"@ProcessID":"2076","@ThreadID":"3832"},"Channel":"Microsoft-Windows-Sysmon/Operational","Computer":"Server002","Security":{"@UserID":"S-1-5-18"}},"EventData":{"Data":[{"@Name":"RuleName","#text":"-"},{"@Name":"UtcTime","#text":"2024-10-22 15:09:49.218"},{"@Name":"ProcessGuid","#text":"dbf410b3-bfc2-6717-8400-000000003900"},{"@Name":"ProcessId","#text":"5036"},{"@Name":"Image","#text":"C:\\Windows\\servicing\\TrustedInstaller.exe"},{"@Name":"User","#text":"NT AUTHORITY\\SYSTEM"}]}}}
{"Event":{"System":{"Provider":{"@Name":"Microsoft-Windows-Sysmon","@Guid":"5770385f-c22a-43e0-bf4c-06f5698ffbd9"},"EventID":"1","Version":"5","Level":"4","Task":"1","Opcode":"0","Keywords":"0x8000000000000000","TimeCreated":{"@SystemTime":"2024-10-22 15:09:49.8830273"},"EventRecordID":"17980","Correlation":null,"Execution":{"@ProcessID":"2076","@ThreadID":"3832"},"Channel":"Microsoft-Windows-Sysmon/Operational","Computer":"Server002","Security":{"@UserID":"S-1-5-18"}},"EventData":{"Data":[{"@Name":"RuleName","#text":"-"},{"@Name":"UtcTime","#text":"2024-10-22 15:09:49.580"},{"@Name":"ProcessGuid","#text":"dbf410b3-c03d-6717-ca00-000000003900"},{"@Name":"ProcessId","#text":"2376"},{"@Name":"Image","#text":"C:\\Program Files (x86)\\Microsoft\\EdgeUpdate\\Install\\{C696B720-54FD-4F1D-BC3B-EDE28D019570}\\MicrosoftEdge_X64_130.0.2849.46_129.0.2792.89.exe"},{"@Name":"FileVersion","#text":"130.0.2849.46"},{"@Name":"Description","#text":"Microsoft Edge Installer"},{"@Name":"Product","#text":"Microsoft Edge Installer"},{"@Name":"Company","#text":"Microsoft Corporation"},{"@Name":"OriginalFileName","#text":"mini_installer.exe"},{"@Name":"CommandLine","#text":"\"C:\\Program Files (x86)\\Microsoft\\EdgeUpdate\\Install\\{C696B720-54FD-4F1D-BC3B-EDE28D019570}\\MicrosoftEdge_X64_130.0.2849.46_129.0.2792.89.exe\" --msedge --verbose-logging --do-not-launch-msedge --system-level --channel=stable"},{"@Name":"CurrentDirectory","#text":"C:\\Program Files (x86)\\Microsoft\\EdgeUpdate\\1.3.195.25\\"},{"@Name":"User","#text":"NT AUTHORITY\\SYSTEM"},{"@Name":"LogonGuid","#text":"dbf410b3-dbcd-6717-e703-000000000000"},{"@Name":"LogonId","#text":"0x3E7"},{"@Name":"TerminalSessionId","#text":"0"},{"@Name":"IntegrityLevel","#text":"System"},{"@Name":"Hashes","#text":"SHA256=27DD0F70CBF37ADAD4FC717022B6D51F9E14478AFBC9CFFB5174356B253F2555"},{"@Name":"ParentProcessGuid","#text":"dbf410b3-c038-6717-b100-000000003900"},{"@Name":"ParentProcessId","#text":"3388"},{"@Name":"ParentImage","#text":"C:\\Program Files (x86)\\Microsoft\\EdgeUpdate\\MicrosoftEdgeUpdate.exe"},{"@Name":"ParentCommandLine","#text":"\"C:\\Program Files (x86)\\Microsoft\\EdgeUpdate\\MicrosoftEdgeUpdate.exe\" /svc"},{"@Name":"ParentUser","#text":"NT AUTHORITY\\SYSTEM"}]}}}
{"Event":{"System":{"Provider":{"@Name":"Microsoft-Windows-Sysmon","@Guid":"5770385f-c22a-43e0-bf4c-06f5698ffbd9"},"EventID":"1","Version":"5","Level":"4","Task":"1","Opcode":"0","Keywords":"0x8000000000000000","TimeCreated":{"@SystemTime":"2024-10-22 15:09:50.3028921"},"EventRecordID":"17981","Correlation":null,"Execution":{"@ProcessID":"2076","@ThreadID":"3832"},"Channel":"Microsoft-Windows-Sysmon/Operational","Computer":"Server002","Security":{"@UserID":"S-1-5-18"}},"EventData":{"Data":[{"@Name":"RuleName","#text":"-"},{"@Name":"UtcTime","#text":"2024-10-22 15:09:50.248"},{"@Name":"ProcessGuid","#text":"dbf410b3-c03e-6717-cb00-000000003900"},{"@Name":"ProcessId","#text":"752"},{"@Name":"Image","#text":"C:\\Program Files (x86)\\Microsoft\\EdgeUpdate\\Install\\{C696B720-54FD-4F1D-BC3B-EDE28D019570}\\EDGEMITMP_E06B4.tmp\\setup.exe"},{"@Name":"FileVersion","#text":"130.0.2849.46"},{"@Name":"Description","#text":"Microsoft Edge Installer"},{"@Name":"Product","#text":"Microsoft Edge Installer"},{"@Name":"Company","#text":"Microsoft Corporation"},{"@Name":"OriginalFileName","#text":"setup.exe"},{"@Name":"CommandLine","#text":"\"C:\\Program Files (x86)\\Microsoft\\EdgeUpdate\\Install\\{C696B720-54FD-4F1D-BC3B-EDE28D019570}\\EDGEMITMP_E06B4.tmp\\setup.exe\" --install-archive=\"C:\\Program Files (x86)\\Microsoft\\EdgeUpdate\\Install\\{C696B720-54FD-4F1D-BC3B-EDE28D019570}\\MicrosoftEdge_X64_130.0.2849.46_129.0.2792.89.exe\" --previous-version=\"129.0.2792.89\" --msedge --verbose-logging --do-not-launch-msedge --system-level --channel=stable"},{"@Name":"CurrentDirectory","#text":"C:\\Program Files (x86)\\Microsoft\\EdgeUpdate\\1.3.195.25\\"},{"@Name":"User","#text":"NT AUTHORITY\\SYSTEM"},{"@Name":"LogonGuid","#text":"dbf410b3-dbcd-6717-e703-000000000000"},{"@Name":"LogonId","#text":"0x3E7"},{"@Name":"TerminalSessionId","#text":"0"},{"@Name":"IntegrityLevel","#text":"System"},{"@Name":"Hashes","#text":"SHA256=EC095CA709A06E6EED6E0A34F25719B51DCAC330A9E9C7F65A53807FCD8D2085"},{"@Name":"ParentProcessGuid","#text":"dbf410b3-c03d-6717-ca00-000000003900"},{"@Name":"ParentProcessId","#text":"2376"},{"@Name":"ParentImage","#text":"C:\\Program Files (x86)\\Microsoft\\EdgeUpdate\\Install\\{C696B720-54FD-4F1D-BC3B-EDE28D019570}\\MicrosoftEdge_X64_130.0.2849.46_129.0.2792.89.exe"},{"@Name":"ParentCommandLine","#text":"\"C:\\Program Files (x86)\\Microsoft\\EdgeUpdate\\Install\\{C696B720-54FD-4F1D-BC3B-EDE28D019570}\\MicrosoftEdge_X64_130.0.2849.46_129.0.2792.89.exe\" --msedge --verbose-logging --do-not-launch-msedge --system-level --channel=stable"},{"@Name":"ParentUser","#text":"NT AUTHORITY\\SYSTEM"}]}}}
{"Event":{"System":{"Provider":{"@Name":"Microsoft-Windows-Sysmon","@Guid":"5770385f-c22a-43e0-bf4c-06f5698ffbd9"},"EventID":"1","Version":"5","Level":"4","Task":"1","Opcode":"0","Keywords":"0x8000000000000000","TimeCreated":{"@SystemTime":"2024-10-22 15:09:50.4205603"},"EventRecordID":"17982","Correlation":null,"Execution":{"@ProcessID":"2076","@ThreadID":"3832"},"Channel":"Microsoft-Windows-Sysmon/Operational","Computer":"Server002","Security":{"@UserID":"S-1-5-18"}},"EventData":{"Data":[{"@Name":"RuleName","#text":"-"},{"@Name":"UtcTime","#text":"2024-10-22 15:09:50.417"},{"@Name":"ProcessGuid","#text":"dbf410b3-c03e-6717-cc00-000000003900"},{"@Name":"ProcessId","#text":"5856"},{"@Name":"Image","#text":"C:\\Program Files (x86)\\Microsoft\\EdgeUpdate\\Install\\{C696B720-54FD-4F1D-BC3B-EDE28D019570}\\EDGEMITMP_E06B4.tmp\\setup.exe"},{"@Name":"FileVersion","#text":"130.0.2849.46"},{"@Name":"Description","#text":"Microsoft Edge Installer"},{"@Name":"Product","#text":"Microsoft Edge Installer"},{"@Name":"Company","#text":"Microsoft Corporation"},{"@Name":"OriginalFileName","#text":"setup.exe"},{"@Name":"CommandLine","#text":"\"C:\\Program Files (x86)\\Microsoft\\EdgeUpdate\\Install\\{C696B720-54FD-4F1D-BC3B-EDE28D019570}\\EDGEMITMP_E06B4.tmp\\setup.exe\" --type=crashpad-handler /prefetch:4 --monitor-self-annotation=ptype=crashpad-handler --database=C:\\Windows\\SystemTemp\\MsEdgeCrashpad --annotation=IsOfficialBuild=1 --annotation=channel= --annotation=chromium-version=130.0.6723.59 \"--annotation=exe=C:\\Program Files (x86)\\Microsoft\\EdgeUpdate\\Install\\{C696B720-54FD-4F1D-BC3B-EDE28D019570}\\EDGEMITMP_E06B4.tmp\\setup.exe\" --annotation=plat=Win64 --annotation=prod=Edge --annotation=ver=130.0.2849.46 --initial-client-data=0x240,0x244,0x248,0x23c,0x24c,0x7ff74fa51730,0x7ff74fa5173c,0x7ff74fa51748"},{"@Name":"CurrentDirectory","#text":"C:\\Program Files (x86)\\Microsoft\\EdgeUpdate\\1.3.195.25\\"},{"@Name":"User","#text":"NT AUTHORITY\\SYSTEM"},{"@Name":"LogonGuid","#text":"dbf410b3-dbcd-6717-e703-000000000000"},{"@Name":"LogonId","#text":"0x3E7"},{"@Name":"TerminalSessionId","#text":"0"},{"@Name":"IntegrityLevel","#text":"System"},{"@Name":"Hashes","#text":"SHA256=EC095CA709A06E6EED6E0A34F25719B51DCAC330A9E9C7F65A53807FCD8D2085"},{"@Name":"ParentProcessGuid","#text":"dbf410b3-c03e-6717-cb00-000000003900"},{"@Name":"ParentProcessId","#text":"752"},{"@Name":"ParentImage","#text":"C:\\Program Files (x86)\\Microsoft\\EdgeUpdate\\Install\\{C696B720-54FD-4F1D-BC3B-EDE28D019570}\\EDGEMITMP_E06B4.tmp\\setup.exe"},{"@Name":"ParentCommandLine","#text":"\"C:\\Program Files (x86)\\Microsoft\\EdgeUpdate\\Install\\{C696B720-54FD-4F1D-BC3B-EDE28D019570}\\EDGEMITMP_E06B4.tmp\\setup.exe\" --install-archive=\"C:\\Program Files (x86)\\Microsoft\\EdgeUpdate\\Install\\{C696B720-54FD-4F1D-BC3B-EDE28D019570}\\MicrosoftEdge_X64_130.0.2849.46_129.0.2792.89.exe\" --previous-version=\"129.0.2792.89\" --msedge --verbose-logging --do-not-launch-msedge --system-level --channel=stable"},{"@Name":"ParentUser","#text":"NT AUTHORITY\\SYSTEM"}]}}}
