{"Event":{"System":{"Provider":{"@Name":"MsiInstaller"},"EventID":{"@Qualifiers":"0","#text":"11707"},"Version":"0","Level":"4","Task":"0","Opcode":"0","Keywords":"0x80000000000000","TimeCreated":{"@SystemTime":"2024-10-23 15:58:22.3081137"},"EventRecordID":"2390","Correlation":null,"Execution":{"@ProcessID":"0","@ThreadID":"0"},"Channel":"Application","Computer":"Server002","Security":{"@UserID":"S-1-5-21-3962163828-2803415714-1403596700-1006"}},"EventData":{"Data":"Product: PDQ Deploy -- Installation completed successfully., (NULL), (NULL), (NULL), (NULL), (NULL)","Binary":"7B-35-46-32-46-42-43-43-36-2D-37-45-30-41-2D-34-44-37-39-2D-38-43-43-43-2D-32-36-41-34-34-35-34-42-41-35-44-42-7D"}}}
{"Event":{"System":{"Provider":{"@Name":"MsiInstaller"},"EventID":{"@Qualifiers":"0","#text":"1033"},"Version":"0","Level":"4","Task":"0","Opcode":"0","Keywords":"0x80000000000000","TimeCreated":{"@SystemTime":"2024-10-23 15:58:22.3081137"},"EventRecordID":"2391","Correlation":null,"Execution":{"@ProcessID":"0","@ThreadID":"0"},"Channel":"Application","Computer":"Server002","Security":{"@UserID":"S-1-5-21-3962163828-2803415714-1403596700-1006"}},"EventData":{"Data":"PDQ Deploy, 19.3.350.0, 1033, 0, PDQ.com, (NULL)","Binary":"7B-35-46-32-46-42-43-43-36-2D-37-45-30-41-2D-34-44-37-39-2D-38-43-43-43-2D-32-36-41-34-34-35-34-42-41-35-44-42-7D-30-30-30-30-33-39-66-63-32-62-30-33-36-38-61-35-36-37-63-31-34-35-35-38-32-37-65-38-61-32-34-64-32-39-65-33-30-30-30-30-30-39-30-34"}}}
{"Event":{"System":{"Provider":{"@Name":"MsiInstaller"},"EventID":{"@Qualifiers":"0","#text":"1042"},"Version":"0","Level":"4","Task":"0","Opcode":"0","Keywords":"0x80000000000000","TimeCreated":{"@SystemTime":"2024-10-23 15:58:22.5711224"},"EventRecordID":"2392","Correlation":null,"Execution":{"@ProcessID":"0","@ThreadID":"0"},"Channel":"Application","Computer":"Server002","Security":{"@UserID":"S-1-5-18"}},"EventData":{"Data":"C:\\Windows\\Downloaded Installations\\Admin Arsenal\\PDQ Deploy\\19.3.350.0\\PDQDeploy.msi, 5596, (NULL), (NULL), (NULL), (NULL)","Binary":""}}}
{"Event":{"System":{"Provider":{"@Name":"Microsoft-Windows-RestartManager","@Guid":"0888e5ef-9b98-4695-979d-e92ce4247224"},"EventID":"10001","Version":"0","Level":"4","Task":"0","Opcode":"0","Keywords":"0x8000000000000000","TimeCreated":{"@SystemTime":"2024-10-23 15:58:22.5599527"},"EventRecordID":"2393","Correlation":null,"Execution":{"@ProcessID":"6388","@ThreadID":"5936"},"Channel":"Application","Computer":"Server002","Security":{"@UserID":"S-1-5-21-3962163828-2803415714-1403596700-1006"}},"UserData":{"RmSessionEvent":{"RmSessionId":"0","UTCStartTime":"2024-10-23 15:58:16.0108787"}}}}
