{"Event":{"System":{"Provider":{"@Name":"PowerShell"},"EventID":{"@Qualifiers":"0","#text":"600"},"Version":"0","Level":"4","Task":"6","Opcode":"0","Keywords":"0x80000000000000","TimeCreated":{"@SystemTime":"2024-10-23 18:31:57.0683148"},"EventRecordID":"1043","Correlation":null,"Execution":{"@ProcessID":"0","@ThreadID":"0"},"Channel":"Windows PowerShell","Computer":"Server002","Security":null},"EventData":{"Data":"Registry, Started, \tProviderName=Registry\r\n\tNewProviderState=Started\r\n\r\n\tSequenceNumber=1\r\n\r\n\tHostName=ConsoleHost\r\n\tHostVersion=5.1.19041.5007\r\n\tHostId=0a369c67-c8fc-4200-9ae2-2aaa93290227\r\n\tHostApplication=C:\\Windows\\System32\\WindowsPowerShell\\v1.0\\powershell.exe -command $net_adapter=(Get-NetAdapter -IncludeHidden); $output= ($net_adapter); $output += ($net_adapter | fl *); $output += (Get-NetAdapterAdvancedProperty | fl); $net_adapter_bindings=(Get-NetAdapterBinding -IncludeHidden); $output += ($net_adapter_bindings); $output += ($net_adapter_bindings | fl); $output += (Get-NetIpConfiguration -Detailed); $output += (Get-DnsClientNrptPolicy); $output += (Resolve-DnsName bing.com); $output += (ping bing.com -4); $output += (ping bing.com -6); $output += (Test-NetConnection bing.com -InformationLevel Detailed); $output += (Test-NetConnection bing.com -InformationLevel Detailed -CommonTCPPort HTTP); $output += (Get-NetRoute); $output += (Get-NetIPaddress); $output += (Get-NetLbfoTeam); $output += (Get-Service -Name:VMMS); $output += (Get-VMSwitch); $output += (Get-VMNetworkAdapter -all); $output += (Get-DnsClientNrptPolicy); $output += (Get-WindowsOptionalFeature -Online); $output += (Get-Service | fl); $pnp_devices = (Get-PnpDevice); $output += ($pnp_devices); $output += ($pnp_devices | Get-PnpDeviceProperty -KeyName DEVPKEY_Device_InstanceId,DEVPKEY_Device_DevNodeStatus,DEVPKEY_Device_ProblemCode); $output | Out-File config\\PowershellInfo.log\r\n\tEngineVersion=\r\n\tRunspaceId=\r\n\tPipelineId=\r\n\tCommandName=\r\n\tCommandType=\r\n\tScriptName=\r\n\tCommandPath=\r\n\tCommandLine=","Binary":""}}}
{"Event":{"System":{"Provider":{"@Name":"PowerShell"},"EventID":{"@Qualifiers":"0","#text":"600"},"Version":"0","Level":"4","Task":"6","Opcode":"0","Keywords":"0x80000000000000","TimeCreated":{"@SystemTime":"2024-10-23 18:31:57.0683148"},"EventRecordID":"1044","Correlation":null,"Execution":{"@ProcessID":"0","@ThreadID":"0"},"Channel":"Windows PowerShell","Computer":"Server002","Security":null},"EventData":{"Data":"Alias, Started, \tProviderName=Alias\r\n\tNewProviderState=Started\r\n\r\n\tSequenceNumber=3\r\n\r\n\tHostName=ConsoleHost\r\n\tHostVersion=5.1.19041.5007\r\n\tHostId=0a369c67-c8fc-4200-9ae2-2aaa93290227\r\n\tHostApplication=C:\\Windows\\System32\\WindowsPowerShell\\v1.0\\powershell.exe -command $net_adapter=(Get-NetAdapter -IncludeHidden); $output= ($net_adapter); $output += ($net_adapter | fl *); $output += (Get-NetAdapterAdvancedProperty | fl); $net_adapter_bindings=(Get-NetAdapterBinding -IncludeHidden); $output += ($net_adapter_bindings); $output += ($net_adapter_bindings | fl); $output += (Get-NetIpConfiguration -Detailed); $output += (Get-DnsClientNrptPolicy); $output += (Resolve-DnsName bing.com); $output += (ping bing.com -4); $output += (ping bing.com -6); $output += (Test-NetConnection bing.com -InformationLevel Detailed); $output += (Test-NetConnection bing.com -InformationLevel Detailed -CommonTCPPort HTTP); $output += (Get-NetRoute); $output += (Get-NetIPaddress); $output += (Get-NetLbfoTeam); $output += (Get-Service -Name:VMMS); $output += (Get-VMSwitch); $output += (Get-VMNetworkAdapter -all); $output += (Get-DnsClientNrptPolicy); $output += (Get-WindowsOptionalFeature -Online); $output += (Get-Service | fl); $pnp_devices = (Get-PnpDevice); $output += ($pnp_devices); $output += ($pnp_devices | Get-PnpDeviceProperty -KeyName DEVPKEY_Device_InstanceId,DEVPKEY_Device_DevNodeStatus,DEVPKEY_Device_ProblemCode); $output | Out-File config\\PowershellInfo.log\r\n\tEngineVersion=\r\n\tRunspaceId=\r\n\tPipelineId=\r\n\tCommandName=\r\n\tCommandType=\r\n\tScriptName=\r\n\tCommandPath=\r\n\tCommandLine=","Binary":""}}}
{"Event":{"System":{"Provider":{"@Name":"PowerShell"},"EventID":{"@Qualifiers":"0","#text":"600"},"Version":"0","Level":"4","Task":"6","Opcode":"0","Keywords":"0x80000000000000","TimeCreated":{"@SystemTime":"2024-10-23 18:31:57.0683148"},"EventRecordID":"1045","Correlation":null,"Execution":{"@ProcessID":"0","@ThreadID":"0"},"Channel":"Windows PowerShell","Computer":"Server002","Security":null},"EventData":{"Data":"Environment, Started, \tProviderName=Environment\r\n\tNewProviderState=Started\r\n\r\n\tSequenceNumber=5\r\n\r\n\tHostName=ConsoleHost\r\n\tHostVersion=5.1.19041.5007\r\n\tHostId=0a369c67-c8fc-4200-9ae2-2aaa93290227\r\n\tHostApplication=C:\\Windows\\System32\\WindowsPowerShell\\v1.0\\powershell.exe -command $net_adapter=(Get-NetAdapter -IncludeHidden); $output= ($net_adapter); $output += ($net_adapter | fl *); $output += (Get-NetAdapterAdvancedProperty | fl); $net_adapter_bindings=(Get-NetAdapterBinding -IncludeHidden); $output += ($net_adapter_bindings); $output += ($net_adapter_bindings | fl); $output += (Get-NetIpConfiguration -Detailed); $output += (Get-DnsClientNrptPolicy); $output += (Resolve-DnsName bing.com); $output += (ping bing.com -4); $output += (ping bing.com -6); $output += (Test-NetConnection bing.com -InformationLevel Detailed); $output += (Test-NetConnection bing.com -InformationLevel Detailed -CommonTCPPort HTTP); $output += (Get-NetRoute); $output += (Get-NetIPaddress); $output += (Get-NetLbfoTeam); $output += (Get-Service -Name:VMMS); $output += (Get-VMSwitch); $output += (Get-VMNetworkAdapter -all); $output += (Get-DnsClientNrptPolicy); $output += (Get-WindowsOptionalFeature -Online); $output += (Get-Service | fl); $pnp_devices = (Get-PnpDevice); $output += ($pnp_devices); $output += ($pnp_devices | Get-PnpDeviceProperty -KeyName DEVPKEY_Device_InstanceId,DEVPKEY_Device_DevNodeStatus,DEVPKEY_Device_ProblemCode); $output | Out-File config\\PowershellInfo.log\r\n\tEngineVersion=\r\n\tRunspaceId=\r\n\tPipelineId=\r\n\tCommandName=\r\n\tCommandType=\r\n\tScriptName=\r\n\tCommandPath=\r\n\tCommandLine=","Binary":""}}}
{"Event":{"System":{"Provider":{"@Name":"PowerShell"},"EventID":{"@Qualifiers":"0","#text":"600"},"Version":"0","Level":"4","Task":"6","Opcode":"0","Keywords":"0x80000000000000","TimeCreated":{"@SystemTime":"2024-10-23 18:31:57.0683148"},"EventRecordID":"1046","Correlation":null,"Execution":{"@ProcessID":"0","@ThreadID":"0"},"Channel":"Windows PowerShell","Computer":"Server002","Security":null},"EventData":{"Data":"FileSystem, Started, \tProviderName=FileSystem\r\n\tNewProviderState=Started\r\n\r\n\tSequenceNumber=7\r\n\r\n\tHostName=ConsoleHost\r\n\tHostVersion=5.1.19041.5007\r\n\tHostId=0a369c67-c8fc-4200-9ae2-2aaa93290227\r\n\tHostApplication=C:\\Windows\\System32\\WindowsPowerShell\\v1.0\\powershell.exe -command $net_adapter=(Get-NetAdapter -IncludeHidden); $output= ($net_adapter); $output += ($net_adapter | fl *); $output += (Get-NetAdapterAdvancedProperty | fl); $net_adapter_bindings=(Get-NetAdapterBinding -IncludeHidden); $output += ($net_adapter_bindings); $output += ($net_adapter_bindings | fl); $output += (Get-NetIpConfiguration -Detailed); $output += (Get-DnsClientNrptPolicy); $output += (Resolve-DnsName bing.com); $output += (ping bing.com -4); $output += (ping bing.com -6); $output += (Test-NetConnection bing.com -InformationLevel Detailed); $output += (Test-NetConnection bing.com -InformationLevel Detailed -CommonTCPPort HTTP); $output += (Get-NetRoute); $output += (Get-NetIPaddress); $output += (Get-NetLbfoTeam); $output += (Get-Service -Name:VMMS); $output += (Get-VMSwitch); $output += (Get-VMNetworkAdapter -all); $output += (Get-DnsClientNrptPolicy); $output += (Get-WindowsOptionalFeature -Online); $output += (Get-Service | fl); $pnp_devices = (Get-PnpDevice); $output += ($pnp_devices); $output += ($pnp_devices | Get-PnpDeviceProperty -KeyName DEVPKEY_Device_InstanceId,DEVPKEY_Device_DevNodeStatus,DEVPKEY_Device_ProblemCode); $output | Out-File config\\PowershellInfo.log\r\n\tEngineVersion=\r\n\tRunspaceId=\r\n\tPipelineId=\r\n\tCommandName=\r\n\tCommandType=\r\n\tScriptName=\r\n\tCommandPath=\r\n\tCommandLine=","Binary":""}}}
{"Event":{"System":{"Provider":{"@Name":"PowerShell"},"EventID":{"@Qualifiers":"0","#text":"600"},"Version":"0","Level":"4","Task":"6","Opcode":"0","Keywords":"0x80000000000000","TimeCreated":{"@SystemTime":"2024-10-23 18:31:57.0683148"},"EventRecordID":"1047","Correlation":null,"Execution":{"@ProcessID":"0","@ThreadID":"0"},"Channel":"Windows PowerShell","Computer":"Server002","Security":null},"EventData":{"Data":"Function, Started, \tProviderName=Function\r\n\tNewProviderState=Started\r\n\r\n\tSequenceNumber=9\r\n\r\n\tHostName=ConsoleHost\r\n\tHostVersion=5.1.19041.5007\r\n\tHostId=0a369c67-c8fc-4200-9ae2-2aaa93290227\r\n\tHostApplication=C:\\Windows\\System32\\WindowsPowerShell\\v1.0\\powershell.exe -command $net_adapter=(Get-NetAdapter -IncludeHidden); $output= ($net_adapter); $output += ($net_adapter | fl *); $output += (Get-NetAdapterAdvancedProperty | fl); $net_adapter_bindings=(Get-NetAdapterBinding -IncludeHidden); $output += ($net_adapter_bindings); $output += ($net_adapter_bindings | fl); $output += (Get-NetIpConfiguration -Detailed); $output += (Get-DnsClientNrptPolicy); $output += (Resolve-DnsName bing.com); $output += (ping bing.com -4); $output += (ping bing.com -6); $output += (Test-NetConnection bing.com -InformationLevel Detailed); $output += (Test-NetConnection bing.com -InformationLevel Detailed -CommonTCPPort HTTP); $output += (Get-NetRoute); $output += (Get-NetIPaddress); $output += (Get-NetLbfoTeam); $output += (Get-Service -Name:VMMS); $output += (Get-VMSwitch); $output += (Get-VMNetworkAdapter -all); $output += (Get-DnsClientNrptPolicy); $output += (Get-WindowsOptionalFeature -Online); $output += (Get-Service | fl); $pnp_devices = (Get-PnpDevice); $output += ($pnp_devices); $output += ($pnp_devices | Get-PnpDeviceProperty -KeyName DEVPKEY_Device_InstanceId,DEVPKEY_Device_DevNodeStatus,DEVPKEY_Device_ProblemCode); $output | Out-File config\\PowershellInfo.log\r\n\tEngineVersion=\r\n\tRunspaceId=\r\n\tPipelineId=\r\n\tCommandName=\r\n\tCommandType=\r\n\tScriptName=\r\n\tCommandPath=\r\n\tCommandLine=","Binary":""}}}
{"Event":{"System":{"Provider":{"@Name":"PowerShell"},"EventID":{"@Qualifiers":"0","#text":"600"},"Version":"0","Level":"4","Task":"6","Opcode":"0","Keywords":"0x80000000000000","TimeCreated":{"@SystemTime":"2024-10-23 18:31:57.0683148"},"EventRecordID":"1048","Correlation":null,"Execution":{"@ProcessID":"0","@ThreadID":"0"},"Channel":"Windows PowerShell","Computer":"Server002","Security":null},"EventData":{"Data":"Variable, Started, \tProviderName=Variable\r\n\tNewProviderState=Started\r\n\r\n\tSequenceNumber=11\r\n\r\n\tHostName=ConsoleHost\r\n\tHostVersion=5.1.19041.5007\r\n\tHostId=0a369c67-c8fc-4200-9ae2-2aaa93290227\r\n\tHostApplication=C:\\Windows\\System32\\WindowsPowerShell\\v1.0\\powershell.exe -command $net_adapter=(Get-NetAdapter -IncludeHidden); $output= ($net_adapter); $output += ($net_adapter | fl *); $output += (Get-NetAdapterAdvancedProperty | fl); $net_adapter_bindings=(Get-NetAdapterBinding -IncludeHidden); $output += ($net_adapter_bindings); $output += ($net_adapter_bindings | fl); $output += (Get-NetIpConfiguration -Detailed); $output += (Get-DnsClientNrptPolicy); $output += (Resolve-DnsName bing.com); $output += (ping bing.com -4); $output += (ping bing.com -6); $output += (Test-NetConnection bing.com -InformationLevel Detailed); $output += (Test-NetConnection bing.com -InformationLevel Detailed -CommonTCPPort HTTP); $output += (Get-NetRoute); $output += (Get-NetIPaddress); $output += (Get-NetLbfoTeam); $output += (Get-Service -Name:VMMS); $output += (Get-VMSwitch); $output += (Get-VMNetworkAdapter -all); $output += (Get-DnsClientNrptPolicy); $output += (Get-WindowsOptionalFeature -Online); $output += (Get-Service | fl); $pnp_devices = (Get-PnpDevice); $output += ($pnp_devices); $output += ($pnp_devices | Get-PnpDeviceProperty -KeyName DEVPKEY_Device_InstanceId,DEVPKEY_Device_DevNodeStatus,DEVPKEY_Device_ProblemCode); $output | Out-File config\\PowershellInfo.log\r\n\tEngineVersion=\r\n\tRunspaceId=\r\n\tPipelineId=\r\n\tCommandName=\r\n\tCommandType=\r\n\tScriptName=\r\n\tCommandPath=\r\n\tCommandLine=","Binary":""}}}
{"Event":{"System":{"Provider":{"@Name":"PowerShell"},"EventID":{"@Qualifiers":"0","#text":"400"},"Version":"0","Level":"4","Task":"4","Opcode":"0","Keywords":"0x80000000000000","TimeCreated":{"@SystemTime":"2024-10-23 18:31:57.0917689"},"EventRecordID":"1049","Correlation":null,"Execution":{"@ProcessID":"0","@ThreadID":"0"},"Channel":"Windows PowerShell","Computer":"Server002","Security":null},"EventData":{"Data":"Available, None, \tNewEngineState=Available\r\n\tPreviousEngineState=None\r\n\r\n\tSequenceNumber=13\r\n\r\n\tHostName=ConsoleHost\r\n\tHostVersion=5.1.19041.5007\r\n\tHostId=0a369c67-c8fc-4200-9ae2-2aaa93290227\r\n\tHostApplication=C:\\Windows\\System32\\WindowsPowerShell\\v1.0\\powershell.exe -command $net_adapter=(Get-NetAdapter -IncludeHidden); $output= ($net_adapter); $output += ($net_adapter | fl *); $output += (Get-NetAdapterAdvancedProperty | fl); $net_adapter_bindings=(Get-NetAdapterBinding -IncludeHidden); $output += ($net_adapter_bindings); $output += ($net_adapter_bindings | fl); $output += (Get-NetIpConfiguration -Detailed); $output += (Get-DnsClientNrptPolicy); $output += (Resolve-DnsName bing.com); $output += (ping bing.com -4); $output += (ping bing.com -6); $output += (Test-NetConnection bing.com -InformationLevel Detailed); $output += (Test-NetConnection bing.com -InformationLevel Detailed -CommonTCPPort HTTP); $output += (Get-NetRoute); $output += (Get-NetIPaddress); $output += (Get-NetLbfoTeam); $output += (Get-Service -Name:VMMS); $output += (Get-VMSwitch); $output += (Get-VMNetworkAdapter -all); $output += (Get-DnsClientNrptPolicy); $output += (Get-WindowsOptionalFeature -Online); $output += (Get-Service | fl); $pnp_devices = (Get-PnpDevice); $output += ($pnp_devices); $output += ($pnp_devices | Get-PnpDeviceProperty -KeyName DEVPKEY_Device_InstanceId,DEVPKEY_Device_DevNodeStatus,DEVPKEY_Device_ProblemCode); $output | Out-File config\\PowershellInfo.log\r\n\tEngineVersion=5.1.19041.5007\r\n\tRunspaceId=a5935887-d149-46d3-9e09-56687c186044\r\n\tPipelineId=\r\n\tCommandName=\r\n\tCommandType=\r\n\tScriptName=\r\n\tCommandPath=\r\n\tCommandLine=","Binary":""}}}
{"Event":{"System":{"Provider":{"@Name":"PowerShell"},"EventID":{"@Qualifiers":"0","#text":"403"},"Version":"0","Level":"4","Task":"4","Opcode":"0","Keywords":"0x80000000000000","TimeCreated":{"@SystemTime":"2024-10-23 18:32:21.8536625"},"EventRecordID":"1050","Correlation":null,"Execution":{"@ProcessID":"0","@ThreadID":"0"},"Channel":"Windows PowerShell","Computer":"Server002","Security":null},"EventData":{"Data":"Stopped, Available, \tNewEngineState=Stopped\r\n\tPreviousEngineState=Available\r\n\r\n\tSequenceNumber=15\r\n\r\n\tHostName=ConsoleHost\r\n\tHostVersion=5.1.19041.5007\r\n\tHostId=0a369c67-c8fc-4200-9ae2-2aaa93290227\r\n\tHostApplication=C:\\Windows\\System32\\WindowsPowerShell\\v1.0\\powershell.exe -command $net_adapter=(Get-NetAdapter -IncludeHidden); $output= ($net_adapter); $output += ($net_adapter | fl *); $output += (Get-NetAdapterAdvancedProperty | fl); $net_adapter_bindings=(Get-NetAdapterBinding -IncludeHidden); $output += ($net_adapter_bindings); $output += ($net_adapter_bindings | fl); $output += (Get-NetIpConfiguration -Detailed); $output += (Get-DnsClientNrptPolicy); $output += (Resolve-DnsName bing.com); $output += (ping bing.com -4); $output += (ping bing.com -6); $output += (Test-NetConnection bing.com -InformationLevel Detailed); $output += (Test-NetConnection bing.com -InformationLevel Detailed -CommonTCPPort HTTP); $output += (Get-NetRoute); $output += (Get-NetIPaddress); $output += (Get-NetLbfoTeam); $output += (Get-Service -Name:VMMS); $output += (Get-VMSwitch); $output += (Get-VMNetworkAdapter -all); $output += (Get-DnsClientNrptPolicy); $output += (Get-WindowsOptionalFeature -Online); $output += (Get-Service | fl); $pnp_devices = (Get-PnpDevice); $output += ($pnp_devices); $output += ($pnp_devices | Get-PnpDeviceProperty -KeyName DEVPKEY_Device_InstanceId,DEVPKEY_Device_DevNodeStatus,DEVPKEY_Device_ProblemCode); $output | Out-File config\\PowershellInfo.log\r\n\tEngineVersion=5.1.19041.5007\r\n\tRunspaceId=a5935887-d149-46d3-9e09-56687c186044\r\n\tPipelineId=\r\n\tCommandName=\r\n\tCommandType=\r\n\tScriptName=\r\n\tCommandPath=\r\n\tCommandLine=","Binary":""}}}
