{"Event":{"System":{"Provider":{"@Name":"Microsoft-Windows-Eventlog","@Guid":"{fc65ddd8-d6ef-4962-83d5-6e5cfe9ce148}"},"EventID":"104","Version":"1","Level":"4","Task":"104","Opcode":"0","Keywords":"0x8000000000000000","TimeCreated":{"@SystemTime":"2024-10-23 16:29:53.5361952"},"EventRecordID":"3572","Correlation":null,"Execution":{"@ProcessID":"1168","@ThreadID":"1252"},"Channel":"System","Computer":"Server002","Security":{"@UserID":"S-1-5-21-3962163828-2803415714-1403596700-1006"}},"UserData":{"LogFileCleared":{"SubjectUserName":"admin_test","SubjectDomainName":"SERVER002","Channel":"System","BackupPath":"","ClientProcessId":"5960","ClientProcessStartKey":"16044073672507604"}}}}
{"Event":{"System":{"Provider":{"@Name":"Microsoft-Windows-Eventlog","@Guid":"{fc65ddd8-d6ef-4962-83d5-6e5cfe9ce148}"},"EventID":"104","Version":"1","Level":"4","Task":"104","Opcode":"0","Keywords":"0x8000000000000000","TimeCreated":{"@SystemTime":"2024-10-23 16:29:53.6916601"},"EventRecordID":"3573","Correlation":null,"Execution":{"@ProcessID":"1168","@ThreadID":"1808"},"Channel":"System","Computer":"Server002","Security":{"@UserID":"S-1-5-21-3962163828-2803415714-1403596700-1006"}},"UserData":{"LogFileCleared":{"SubjectUserName":"admin_test","SubjectDomainName":"SERVER002","Channel":"Windows PowerShell","BackupPath":"","ClientProcessId":"1720","ClientProcessStartKey":"16044073672507608"}}}}
{"Event":{"System":{"Provider":{"@Name":"Service Control Manager","@Guid":"{555908d1-a6d7-4695-8e1e-26931d2012f4}","@EventSourceName":"Service Control Manager"},"EventID":{"@Qualifiers":"16384","#text":"7045"},"Version":"0","Level":"4","Task":"0","Opcode":"0","Keywords":"0x8080000000000000","TimeCreated":{"@SystemTime":"2024-10-23 16:29:54.5423315"},"EventRecordID":"3574","Correlation":null,"Execution":{"@ProcessID":"668","@ThreadID":"3804"},"Channel":"System","Computer":"Server002","Security":{"@UserID":"S-1-5-21-3962163828-2803415714-1403596700-1006"}},"EventData":{"Data":[{"@Name":"ServiceName","#text":"PSEXESVC"},{"@Name":"ImagePath","#text":"%SystemRoot%\\PSEXESVC.exe"},{"@Name":"ServiceType","#text":"user mode service"},{"@Name":"StartType","#text":"demand start"},{"@Name":"AccountName","#text":"LocalSystem"}]}}}
