{"Event":{"System":{"Provider":{"@Name":"Microsoft-Windows-Sysmon","@Guid":"5770385f-c22a-43e0-bf4c-06f5698ffbd9"},"EventID":"5","Version":"3","Level":"4","Task":"5","Opcode":"0","Keywords":"0x8000000000000000","TimeCreated":{"@SystemTime":"2024-10-26 13:28:16.6754723"},"EventRecordID":"17965","Correlation":null,"Execution":{"@ProcessID":"2992","@ThreadID":"3996"},"Channel":"Microsoft-Windows-Sysmon/Operational","Computer":"Server002","Security":{"@UserID":"S-1-5-18"}},"EventData":{"Data":[{"@Name":"RuleName","#text":"-"},{"@Name":"UtcTime","#text":"2024-10-26 13:28:16.670"},{"@Name":"ProcessGuid","#text":"dbf410b3-ee73-671c-c400-000000003900"},{"@Name":"ProcessId","#text":"3024"},{"@Name":"Image","#text":"C:\\Windows\\System32\\WindowsPowerShell\\v1.0\\powershell.exe"},{"@Name":"User","#text":"SERVER002\\admin_test"}]}}}
{"Event":{"System":{"Provider":{"@Name":"Microsoft-Windows-Sysmon","@Guid":"5770385f-c22a-43e0-bf4c-06f5698ffbd9"},"EventID":"5","Version":"3","Level":"4","Task":"5","Opcode":"0","Keywords":"0x8000000000000000","TimeCreated":{"@SystemTime":"2024-10-26 13:28:16.6787685"},"EventRecordID":"17966","Correlation":null,"Execution":{"@ProcessID":"2992","@ThreadID":"3996"},"Channel":"Microsoft-Windows-Sysmon/Operational","Computer":"Server002","Security":{"@UserID":"S-1-5-18"}},"EventData":{"Data":[{"@Name":"RuleName","#text":"-"},{"@Name":"UtcTime","#text":"2024-10-26 13:28:16.670"},{"@Name":"ProcessGuid","#text":"dbf410b3-ee73-671c-c500-000000003900"},{"@Name":"ProcessId","#text":"3028"},{"@Name":"Image","#text":"C:\\Windows\\system32\\conhost.exe"},{"@Name":"User","#text":"SERVER002\\admin_test"}]}}}










{"Event":{"System":{"Provider":{"@Name":"Microsoft-Windows-Sysmon","@Guid":"5770385f-c22a-43e0-bf4c-06f5698ffbd9"},"EventID":"1","Version":"5","Level":"4","Task":"1","Opcode":"0","Keywords":"0x8000000000000000","TimeCreated":{"@SystemTime":"2024-10-26 13:28:17.2740518"},"EventRecordID":"17987","Correlation":null,"Execution":{"@ProcessID":"2992","@ThreadID":"3996"},"Channel":"Microsoft-Windows-Sysmon/Operational","Computer":"Server002","Security":{"@UserID":"S-1-5-18"}},"EventData":{"Data":[{"@Name":"RuleName","#text":"-"},{"@Name":"UtcTime","#text":"2024-10-26 13:28:17.270"},{"@Name":"ProcessGuid","#text":"dbf410b3-ee71-671c-d000-000000003900"},{"@Name":"ProcessId","#text":"4124"},{"@Name":"Image","#text":"C:\\Windows\\System32\\HOSTNAME.EXE"},{"@Name":"FileVersion","#text":"10.0.19041.1 (WinBuild.160101.0800)"},{"@Name":"Description","#text":"Hostname APP"},{"@Name":"Product","#text":"Microsoft® Windows® Operating System"},{"@Name":"Company","#text":"Microsoft Corporation"},{"@Name":"OriginalFileName","#text":"hostname.exe"},{"@Name":"CommandLine","#text":"\"C:\\Windows\\system32\\HOSTNAME.EXE\""},{"@Name":"CurrentDirectory","#text":"C:\\Users\\admin_test\\Documents\\"},{"@Name":"User","#text":"SERVER002\\admin_test"},{"@Name":"LogonGuid","#text":"dbf410b3-ee69-671c-7567-130000000000"},{"@Name":"LogonId","#text":"0x136775"},{"@Name":"TerminalSessionId","#text":"0"},{"@Name":"IntegrityLevel","#text":"High"},{"@Name":"Hashes","#text":"SHA256=A90C3FB350A11C6F6A6EFA9607987D924D1DE65E09CA9FAF2E0E0E00531EE335"},{"@Name":"ParentProcessGuid","#text":"dbf410b3-ee6a-671c-b800-000000003900"},{"@Name":"ParentProcessId","#text":"4876"},{"@Name":"ParentImage","#text":"C:\\Windows\\System32\\wsmprovhost.exe"},{"@Name":"ParentCommandLine","#text":"C:\\Windows\\system32\\wsmprovhost.exe -Embedding"},{"@Name":"ParentUser","#text":"SERVER002\\admin_test"}]}}}
{"Event":{"System":{"Provider":{"@Name":"Microsoft-Windows-Sysmon","@Guid":"5770385f-c22a-43e0-bf4c-06f5698ffbd9"},"EventID":"1","Version":"5","Level":"4","Task":"1","Opcode":"0","Keywords":"0x8000000000000000","TimeCreated":{"@SystemTime":"2024-10-26 13:28:17.2788333"},"EventRecordID":"17988","Correlation":null,"Execution":{"@ProcessID":"2992","@ThreadID":"3996"},"Channel":"Microsoft-Windows-Sysmon/Operational","Computer":"Server002","Security":{"@UserID":"S-1-5-18"}},"EventData":{"Data":[{"@Name":"RuleName","#text":"-"},{"@Name":"UtcTime","#text":"2024-10-26 13:28:17.275"},{"@Name":"ProcessGuid","#text":"dbf410b3-ee71-671c-d100-000000003900"},{"@Name":"ProcessId","#text":"5304"},{"@Name":"Image","#text":"C:\\Windows\\System32\\conhost.exe"},{"@Name":"FileVersion","#text":"10.0.19041.4355 (WinBuild.160101.0800)"},{"@Name":"Description","#text":"Console Window Host"},{"@Name":"Product","#text":"Microsoft® Windows® Operating System"},{"@Name":"Company","#text":"Microsoft Corporation"},{"@Name":"OriginalFileName","#text":"CONHOST.EXE"},{"@Name":"CommandLine","#text":"\\??\\C:\\Windows\\system32\\conhost.exe 0xffffffff -ForceV1"},{"@Name":"CurrentDirectory","#text":"C:\\Windows"},{"@Name":"User","#text":"SERVER002\\admin_test"},{"@Name":"LogonGuid","#text":"dbf410b3-ee69-671c-7567-130000000000"},{"@Name":"LogonId","#text":"0x136775"},{"@Name":"TerminalSessionId","#text":"0"},{"@Name":"IntegrityLevel","#text":"High"},{"@Name":"Hashes","#text":"SHA256=CC0A60CD15FA21E54615E46CD0F10CFBE86F496DC64D14B31D9F3B415D120EE1"},{"@Name":"ParentProcessGuid","#text":"dbf410b3-ee71-671c-d000-000000003900"},{"@Name":"ParentProcessId","#text":"4124"},{"@Name":"ParentImage","#text":"C:\\Windows\\System32\\HOSTNAME.EXE"},{"@Name":"ParentCommandLine","#text":"\"C:\\Windows\\system32\\HOSTNAME.EXE\""},{"@Name":"ParentUser","#text":"SERVER002\\admin_test"}]}}}
{"Event":{"System":{"Provider":{"@Name":"Microsoft-Windows-Sysmon","@Guid":"5770385f-c22a-43e0-bf4c-06f5698ffbd9"},"EventID":"5","Version":"3","Level":"4","Task":"5","Opcode":"0","Keywords":"0x8000000000000000","TimeCreated":{"@SystemTime":"2024-10-26 13:28:17.3274279"},"EventRecordID":"17989","Correlation":null,"Execution":{"@ProcessID":"2992","@ThreadID":"3996"},"Channel":"Microsoft-Windows-Sysmon/Operational","Computer":"Server002","Security":{"@UserID":"S-1-5-18"}},"EventData":{"Data":[{"@Name":"RuleName","#text":"-"},{"@Name":"UtcTime","#text":"2024-10-26 13:28:17.326"},{"@Name":"ProcessGuid","#text":"dbf410b3-ee71-671c-d000-000000003900"},{"@Name":"ProcessId","#text":"4124"},{"@Name":"Image","#text":"C:\\Windows\\System32\\HOSTNAME.EXE"},{"@Name":"User","#text":"SERVER002\\admin_test"}]}}}
{"Event":{"System":{"Provider":{"@Name":"Microsoft-Windows-Sysmon","@Guid":"5770385f-c22a-43e0-bf4c-06f5698ffbd9"},"EventID":"5","Version":"3","Level":"4","Task":"5","Opcode":"0","Keywords":"0x8000000000000000","TimeCreated":{"@SystemTime":"2024-10-26 13:28:17.3303190"},"EventRecordID":"17990","Correlation":null,"Execution":{"@ProcessID":"2992","@ThreadID":"3996"},"Channel":"Microsoft-Windows-Sysmon/Operational","Computer":"Server002","Security":{"@UserID":"S-1-5-18"}},"EventData":{"Data":[{"@Name":"RuleName","#text":"-"},{"@Name":"UtcTime","#text":"2024-10-26 13:28:17.326"},{"@Name":"ProcessGuid","#text":"dbf410b3-ee71-671c-d100-000000003900"},{"@Name":"ProcessId","#text":"5304"},{"@Name":"Image","#text":"C:\\Windows\\System32\\conhost.exe"},{"@Name":"User","#text":"SERVER002\\admin_test"}]}}}
{"Event":{"System":{"Provider":{"@Name":"Microsoft-Windows-Sysmon","@Guid":"5770385f-c22a-43e0-bf4c-06f5698ffbd9"},"EventID":"1","Version":"5","Level":"4","Task":"1","Opcode":"0","Keywords":"0x8000000000000000","TimeCreated":{"@SystemTime":"2024-10-26 13:28:17.3336245"},"EventRecordID":"17991","Correlation":null,"Execution":{"@ProcessID":"2992","@ThreadID":"3996"},"Channel":"Microsoft-Windows-Sysmon/Operational","Computer":"Server002","Security":{"@UserID":"S-1-5-18"}},"EventData":{"Data":[{"@Name":"RuleName","#text":"-"},{"@Name":"UtcTime","#text":"2024-10-26 13:28:17.330"},{"@Name":"ProcessGuid","#text":"dbf410b3-ee71-671c-d200-000000003900"},{"@Name":"ProcessId","#text":"5572"},{"@Name":"Image","#text":"C:\\Windows\\System32\\whoami.exe"},{"@Name":"FileVersion","#text":"10.0.19041.1 (WinBuild.160101.0800)"},{"@Name":"Description","#text":"whoami - displays logged on user information"},{"@Name":"Product","#text":"Microsoft® Windows® Operating System"},{"@Name":"Company","#text":"Microsoft Corporation"},{"@Name":"OriginalFileName","#text":"whoami.exe"},{"@Name":"CommandLine","#text":"\"C:\\Windows\\system32\\whoami.exe\""},{"@Name":"CurrentDirectory","#text":"C:\\Users\\admin_test\\Documents\\"},{"@Name":"User","#text":"SERVER002\\admin_test"},{"@Name":"LogonGuid","#text":"dbf410b3-ee69-671c-7567-130000000000"},{"@Name":"LogonId","#text":"0x136775"},{"@Name":"TerminalSessionId","#text":"0"},{"@Name":"IntegrityLevel","#text":"High"},{"@Name":"Hashes","#text":"SHA256=1D4902A04D99E8CCBFE7085E63155955FEE397449D386453F6C452AE407B8743"},{"@Name":"ParentProcessGuid","#text":"dbf410b3-ee6a-671c-b800-000000003900"},{"@Name":"ParentProcessId","#text":"4876"},{"@Name":"ParentImage","#text":"C:\\Windows\\System32\\wsmprovhost.exe"},{"@Name":"ParentCommandLine","#text":"C:\\Windows\\system32\\wsmprovhost.exe -Embedding"},{"@Name":"ParentUser","#text":"SERVER002\\admin_test"}]}}}
{"Event":{"System":{"Provider":{"@Name":"Microsoft-Windows-Sysmon","@Guid":"5770385f-c22a-43e0-bf4c-06f5698ffbd9"},"EventID":"1","Version":"5","Level":"4","Task":"1","Opcode":"0","Keywords":"0x8000000000000000","TimeCreated":{"@SystemTime":"2024-10-26 13:28:17.3388405"},"EventRecordID":"17992","Correlation":null,"Execution":{"@ProcessID":"2992","@ThreadID":"3996"},"Channel":"Microsoft-Windows-Sysmon/Operational","Computer":"Server002","Security":{"@UserID":"S-1-5-18"}},"EventData":{"Data":[{"@Name":"RuleName","#text":"-"},{"@Name":"UtcTime","#text":"2024-10-26 13:28:17.336"},{"@Name":"ProcessGuid","#text":"dbf410b3-ee71-671c-d300-000000003900"},{"@Name":"ProcessId","#text":"2648"},{"@Name":"Image","#text":"C:\\Windows\\System32\\conhost.exe"},{"@Name":"FileVersion","#text":"10.0.19041.4355 (WinBuild.160101.0800)"},{"@Name":"Description","#text":"Console Window Host"},{"@Name":"Product","#text":"Microsoft® Windows® Operating System"},{"@Name":"Company","#text":"Microsoft Corporation"},{"@Name":"OriginalFileName","#text":"CONHOST.EXE"},{"@Name":"CommandLine","#text":"\\??\\C:\\Windows\\system32\\conhost.exe 0xffffffff -ForceV1"},{"@Name":"CurrentDirectory","#text":"C:\\Windows"},{"@Name":"User","#text":"SERVER002\\admin_test"},{"@Name":"LogonGuid","#text":"dbf410b3-ee69-671c-7567-130000000000"},{"@Name":"LogonId","#text":"0x136775"},{"@Name":"TerminalSessionId","#text":"0"},{"@Name":"IntegrityLevel","#text":"High"},{"@Name":"Hashes","#text":"SHA256=CC0A60CD15FA21E54615E46CD0F10CFBE86F496DC64D14B31D9F3B415D120EE1"},{"@Name":"ParentProcessGuid","#text":"dbf410b3-ee71-671c-d200-000000003900"},{"@Name":"ParentProcessId","#text":"5572"},{"@Name":"ParentImage","#text":"C:\\Windows\\System32\\whoami.exe"},{"@Name":"ParentCommandLine","#text":"\"C:\\Windows\\system32\\whoami.exe\""},{"@Name":"ParentUser","#text":"SERVER002\\admin_test"}]}}}
{"Event":{"System":{"Provider":{"@Name":"Microsoft-Windows-Sysmon","@Guid":"5770385f-c22a-43e0-bf4c-06f5698ffbd9"},"EventID":"5","Version":"3","Level":"4","Task":"5","Opcode":"0","Keywords":"0x8000000000000000","TimeCreated":{"@SystemTime":"2024-10-26 13:28:17.3913678"},"EventRecordID":"17993","Correlation":null,"Execution":{"@ProcessID":"2992","@ThreadID":"3996"},"Channel":"Microsoft-Windows-Sysmon/Operational","Computer":"Server002","Security":{"@UserID":"S-1-5-18"}},"EventData":{"Data":[{"@Name":"RuleName","#text":"-"},{"@Name":"UtcTime","#text":"2024-10-26 13:28:17.389"},{"@Name":"ProcessGuid","#text":"dbf410b3-ee71-671c-d200-000000003900"},{"@Name":"ProcessId","#text":"5572"},{"@Name":"Image","#text":"C:\\Windows\\System32\\whoami.exe"},{"@Name":"User","#text":"SERVER002\\admin_test"}]}}}
{"Event":{"System":{"Provider":{"@Name":"Microsoft-Windows-Sysmon","@Guid":"5770385f-c22a-43e0-bf4c-06f5698ffbd9"},"EventID":"5","Version":"3","Level":"4","Task":"5","Opcode":"0","Keywords":"0x8000000000000000","TimeCreated":{"@SystemTime":"2024-10-26 13:28:17.3952720"},"EventRecordID":"17994","Correlation":null,"Execution":{"@ProcessID":"2992","@ThreadID":"3996"},"Channel":"Microsoft-Windows-Sysmon/Operational","Computer":"Server002","Security":{"@UserID":"S-1-5-18"}},"EventData":{"Data":[{"@Name":"RuleName","#text":"-"},{"@Name":"UtcTime","#text":"2024-10-26 13:28:17.389"},{"@Name":"ProcessGuid","#text":"dbf410b3-ee71-671c-d300-000000003900"},{"@Name":"ProcessId","#text":"2648"},{"@Name":"Image","#text":"C:\\Windows\\System32\\conhost.exe"},{"@Name":"User","#text":"SERVER002\\admin_test"}]}}}
{"Event":{"System":{"Provider":{"@Name":"Microsoft-Windows-Sysmon","@Guid":"5770385f-c22a-43e0-bf4c-06f5698ffbd9"},"EventID":"1","Version":"5","Level":"4","Task":"1","Opcode":"0","Keywords":"0x8000000000000000","TimeCreated":{"@SystemTime":"2024-10-26 13:28:17.5688286"},"EventRecordID":"17995","Correlation":null,"Execution":{"@ProcessID":"2992","@ThreadID":"3996"},"Channel":"Microsoft-Windows-Sysmon/Operational","Computer":"Server002","Security":{"@UserID":"S-1-5-18"}},"EventData":{"Data":[{"@Name":"RuleName","#text":"-"},{"@Name":"UtcTime","#text":"2024-10-26 13:28:17.560"},{"@Name":"ProcessGuid","#text":"dbf410b3-ee71-671c-d400-000000003900"},{"@Name":"ProcessId","#text":"5924"},{"@Name":"Image","#text":"C:\\Windows\\System32\\WindowsPowerShell\\v1.0\\powershell.exe"},{"@Name":"FileVersion","#text":"10.0.19041.3996 (WinBuild.160101.0800)"},{"@Name":"Description","#text":"Windows PowerShell"},{"@Name":"Product","#text":"Microsoft® Windows® Operating System"},{"@Name":"Company","#text":"Microsoft Corporation"},{"@Name":"OriginalFileName","#text":"PowerShell.EXE"},{"@Name":"CommandLine","#text":"\"powershell.exe\" &amp; {# Import the required test harness function, Invoke-BuildAndInvokeInstallUtilAssembly, . \\\"\"C:\\Users\\ADMIN_~1\\AppData\\Local\\Temp\\file\\data.004\\src\\InstallUtilTestHarness.ps1\\\"\", $InstallerAssemblyDir = \\\"\"$Env:TEMP\\\\\"\", $InstallerAssemblyFileName = \\\"\"data.004.dll\\\"\", $InstallerAssemblyFullPath = Join-Path -Path $InstallerAssemblyDir -ChildPath $InstallerAssemblyFileName, $CommandLine = \\\"\"/logfile= /logtoconsole=false `\\\"\"$InstallerAssemblyFullPath`\\\"\"\\\"\", $ExpectedOutput = 'Constructor_', $TestArgs = @{,     OutputAssemblyDirectory = $InstallerAssemblyDir,     OutputAssemblyFileName = $InstallerAssemblyFileName,     InvocationMethod = 'Executable',     CommandLine = $CommandLine, }, $ActualOutput = Invoke-BuildAndInvokeInstallUtilAssembly @TestArgs -MinimumViableAssembly, if ($ActualOutput -ne $ExpectedOutput) {,     throw @\\\"\", InstallUtil class constructor execution test failure. Installer assembly execution output did not match the expected output., Expected: $ExpectedOutput, Actual: $ActualOutput, \\\"\"@, }}"},{"@Name":"CurrentDirectory","#text":"C:\\Users\\ADMIN_~1\\AppData\\Local\\Temp\\"},{"@Name":"User","#text":"SERVER002\\admin_test"},{"@Name":"LogonGuid","#text":"dbf410b3-ee69-671c-7567-130000000000"},{"@Name":"LogonId","#text":"0x136775"},{"@Name":"TerminalSessionId","#text":"0"},{"@Name":"IntegrityLevel","#text":"High"},{"@Name":"Hashes","#text":"SHA256=9785001B0DCF755EDDB8AF294A373C0B87B2498660F724E76C4D53F9C217C7A3"},{"@Name":"ParentProcessGuid","#text":"dbf410b3-ee6a-671c-b800-000000003900"},{"@Name":"ParentProcessId","#text":"4876"},{"@Name":"ParentImage","#text":"C:\\Windows\\System32\\wsmprovhost.exe"},{"@Name":"ParentCommandLine","#text":"C:\\Windows\\system32\\wsmprovhost.exe -Embedding"},{"@Name":"ParentUser","#text":"SERVER002\\admin_test"}]}}}
{"Event":{"System":{"Provider":{"@Name":"Microsoft-Windows-Sysmon","@Guid":"5770385f-c22a-43e0-bf4c-06f5698ffbd9"},"EventID":"1","Version":"5","Level":"4","Task":"1","Opcode":"0","Keywords":"0x8000000000000000","TimeCreated":{"@SystemTime":"2024-10-26 13:28:17.5731484"},"EventRecordID":"17996","Correlation":null,"Execution":{"@ProcessID":"2992","@ThreadID":"3996"},"Channel":"Microsoft-Windows-Sysmon/Operational","Computer":"Server002","Security":{"@UserID":"S-1-5-18"}},"EventData":{"Data":[{"@Name":"RuleName","#text":"-"},{"@Name":"UtcTime","#text":"2024-10-26 13:28:17.570"},{"@Name":"ProcessGuid","#text":"dbf410b3-ee71-671c-d500-000000003900"},{"@Name":"ProcessId","#text":"2400"},{"@Name":"Image","#text":"C:\\Windows\\System32\\conhost.exe"},{"@Name":"FileVersion","#text":"10.0.19041.4355 (WinBuild.160101.0800)"},{"@Name":"Description","#text":"Console Window Host"},{"@Name":"Product","#text":"Microsoft® Windows® Operating System"},{"@Name":"Company","#text":"Microsoft Corporation"},{"@Name":"OriginalFileName","#text":"CONHOST.EXE"},{"@Name":"CommandLine","#text":"\\??\\C:\\Windows\\system32\\conhost.exe 0xffffffff -ForceV1"},{"@Name":"CurrentDirectory","#text":"C:\\Windows"},{"@Name":"User","#text":"SERVER002\\admin_test"},{"@Name":"LogonGuid","#text":"dbf410b3-ee69-671c-7567-130000000000"},{"@Name":"LogonId","#text":"0x136775"},{"@Name":"TerminalSessionId","#text":"0"},{"@Name":"IntegrityLevel","#text":"High"},{"@Name":"Hashes","#text":"SHA256=CC0A60CD15FA21E54615E46CD0F10CFBE86F496DC64D14B31D9F3B415D120EE1"},{"@Name":"ParentProcessGuid","#text":"dbf410b3-ee71-671c-d400-000000003900"},{"@Name":"ParentProcessId","#text":"5924"},{"@Name":"ParentImage","#text":"C:\\Windows\\System32\\WindowsPowerShell\\v1.0\\powershell.exe"},{"@Name":"ParentCommandLine","#text":"\"powershell.exe\" &amp; {# Import the required test harness function, Invoke-BuildAndInvokeInstallUtilAssembly, . \\\"\"C:\\Users\\ADMIN_~1\\AppData\\Local\\Temp\\file\\data.004\\src\\InstallUtilTestHarness.ps1\\\"\", $InstallerAssemblyDir = \\\"\"$Env:TEMP\\\\\"\", $InstallerAssemblyFileName = \\\"\"data.004.dll\\\"\", $InstallerAssemblyFullPath = Join-Path -Path $InstallerAssemblyDir -ChildPath $InstallerAssemblyFileName, $CommandLine = \\\"\"/logfile= /logtoconsole=false `\\\"\"$InstallerAssemblyFullPath`\\\"\"\\\"\", $ExpectedOutput = 'Constructor_', $TestArgs = @{,     OutputAssemblyDirectory = $InstallerAssemblyDir,     OutputAssemblyFileName = $InstallerAssemblyFileName,     InvocationMethod = 'Executable',     CommandLine = $CommandLine, }, $ActualOutput = Invoke-BuildAndInvokeInstallUtilAssembly @TestArgs -MinimumViableAssembly, if ($ActualOutput -ne $ExpectedOutput) {,     throw @\\\"\", InstallUtil class constructor execution test failure. Installer assembly execution output did not match the expected output., Expected: $ExpectedOutput, Actual: $ActualOutput, \\\"\"@, }}"},{"@Name":"ParentUser","#text":"SERVER002\\admin_test"}]}}}
{"Event":{"System":{"Provider":{"@Name":"Microsoft-Windows-Sysmon","@Guid":"5770385f-c22a-43e0-bf4c-06f5698ffbd9"},"EventID":"5","Version":"3","Level":"4","Task":"5","Opcode":"0","Keywords":"0x8000000000000000","TimeCreated":{"@SystemTime":"2024-10-26 13:28:18.8452643"},"EventRecordID":"17997","Correlation":null,"Execution":{"@ProcessID":"2992","@ThreadID":"3996"},"Channel":"Microsoft-Windows-Sysmon/Operational","Computer":"Server002","Security":{"@UserID":"S-1-5-18"}},"EventData":{"Data":[{"@Name":"RuleName","#text":"-"},{"@Name":"UtcTime","#text":"2024-10-26 13:28:18.824"},{"@Name":"ProcessGuid","#text":"dbf410b3-edfe-671c-9900-000000003900"},{"@Name":"ProcessId","#text":"6152"},{"@Name":"Image","#text":"C:\\Windows\\System32\\svchost.exe"},{"@Name":"User","#text":"NT AUTHORITY\\SYSTEM"}]}}}
{"Event":{"System":{"Provider":{"@Name":"Microsoft-Windows-Sysmon","@Guid":"5770385f-c22a-43e0-bf4c-06f5698ffbd9"},"EventID":"1","Version":"5","Level":"4","Task":"1","Opcode":"0","Keywords":"0x8000000000000000","TimeCreated":{"@SystemTime":"2024-10-26 13:28:19.8538822"},"EventRecordID":"17998","Correlation":null,"Execution":{"@ProcessID":"2992","@ThreadID":"3996"},"Channel":"Microsoft-Windows-Sysmon/Operational","Computer":"Server002","Security":{"@UserID":"S-1-5-18"}},"EventData":{"Data":[{"@Name":"RuleName","#text":"-"},{"@Name":"UtcTime","#text":"2024-10-26 13:28:19.823"},{"@Name":"ProcessGuid","#text":"dbf410b3-ee73-671c-d600-000000003900"},{"@Name":"ProcessId","#text":"6336"},{"@Name":"Image","#text":"C:\\Program Files (x86)\\Microsoft\\Temp\\EU697E.tmp\\MicrosoftEdgeUpdate.exe"},{"@Name":"FileVersion","#text":"1.3.195.27"},{"@Name":"Description","#text":"Microsoft Edge Update"},{"@Name":"Product","#text":"Microsoft Edge Update"},{"@Name":"Company","#text":"Microsoft Corporation"},{"@Name":"OriginalFileName","#text":"msedgeupdate.dll"},{"@Name":"CommandLine","#text":"\"C:\\Program Files (x86)\\Microsoft\\Temp\\EU697E.tmp\\MicrosoftEdgeUpdate.exe\" /update /sessionid \"{1971B1B4-5168-4FC7-AC8C-4862584C99DA}\""},{"@Name":"CurrentDirectory","#text":"C:\\Program Files (x86)\\Microsoft\\EdgeUpdate\\1.3.195.25\\"},{"@Name":"User","#text":"NT AUTHORITY\\SYSTEM"},{"@Name":"LogonGuid","#text":"dbf410b3-0a04-671d-e703-000000000000"},{"@Name":"LogonId","#text":"0x3E7"},{"@Name":"TerminalSessionId","#text":"0"},{"@Name":"IntegrityLevel","#text":"System"},{"@Name":"Hashes","#text":"SHA256=4EFCC591343962C4E518E94B9265AB444CA07423254EF7B2828C9478E9A88F5C"},{"@Name":"ParentProcessGuid","#text":"dbf410b3-ee72-671c-c200-000000003900"},{"@Name":"ParentProcessId","#text":"2120"},{"@Name":"ParentImage","#text":"C:\\Program Files (x86)\\Microsoft\\EdgeUpdate\\Install\\{C6DB5A15-8B28-40D1-9C9A-280B9081D59D}\\MicrosoftEdgeUpdateSetup_X86_1.3.195.27.exe"},{"@Name":"ParentCommandLine","#text":"\"C:\\Program Files (x86)\\Microsoft\\EdgeUpdate\\Install\\{C6DB5A15-8B28-40D1-9C9A-280B9081D59D}\\MicrosoftEdgeUpdateSetup_X86_1.3.195.27.exe\" /update /sessionid \"{1971B1B4-5168-4FC7-AC8C-4862584C99DA}\""},{"@Name":"ParentUser","#text":"NT AUTHORITY\\SYSTEM"}]}}}
{"Event":{"System":{"Provider":{"@Name":"Microsoft-Windows-Sysmon","@Guid":"5770385f-c22a-43e0-bf4c-06f5698ffbd9"},"EventID":"1","Version":"5","Level":"4","Task":"1","Opcode":"0","Keywords":"0x8000000000000000","TimeCreated":{"@SystemTime":"2024-10-26 13:28:19.9491601"},"EventRecordID":"17999","Correlation":null,"Execution":{"@ProcessID":"2992","@ThreadID":"3996"},"Channel":"Microsoft-Windows-Sysmon/Operational","Computer":"Server002","Security":{"@UserID":"S-1-5-18"}},"EventData":{"Data":[{"@Name":"RuleName","#text":"-"},{"@Name":"UtcTime","#text":"2024-10-26 13:28:19.936"},{"@Name":"ProcessGuid","#text":"dbf410b3-ee73-671c-d700-000000003900"},{"@Name":"ProcessId","#text":"6384"},{"@Name":"Image","#text":"C:\\Windows\\Microsoft.NET\\Framework64\\v4.0.30319\\csc.exe"},{"@Name":"FileVersion","#text":"4.8.9232.0 built by: NET481REL1LAST_C"},{"@Name":"Description","#text":"Visual C# Command Line Compiler"},{"@Name":"Product","#text":"Microsoft® .NET Framework"},{"@Name":"Company","#text":"Microsoft Corporation"},{"@Name":"OriginalFileName","#text":"csc.exe"},{"@Name":"CommandLine","#text":"\"C:\\Windows\\Microsoft.NET\\Framework64\\v4.0.30319\\csc.exe\" /noconfig /fullpaths @\"C:\\Users\\admin_test\\AppData\\Local\\Temp\\t31b51ze\\t31b51ze.cmdline\""},{"@Name":"CurrentDirectory","#text":"C:\\Users\\admin_test\\AppData\\Local\\Temp\\"},{"@Name":"User","#text":"SERVER002\\admin_test"},{"@Name":"LogonGuid","#text":"dbf410b3-ee69-671c-7567-130000000000"},{"@Name":"LogonId","#text":"0x136775"},{"@Name":"TerminalSessionId","#text":"0"},{"@Name":"IntegrityLevel","#text":"High"},{"@Name":"Hashes","#text":"SHA256=AAE1DB57F898CA8BDA18590C56F86CED6D0EAD80C22033B76FDFE9119706F116"},{"@Name":"ParentProcessGuid","#text":"dbf410b3-ee71-671c-d400-000000003900"},{"@Name":"ParentProcessId","#text":"5924"},{"@Name":"ParentImage","#text":"C:\\Windows\\System32\\WindowsPowerShell\\v1.0\\powershell.exe"},{"@Name":"ParentCommandLine","#text":"\"powershell.exe\" &amp; {# Import the required test harness function, Invoke-BuildAndInvokeInstallUtilAssembly, . \\\"\"C:\\Users\\ADMIN_~1\\AppData\\Local\\Temp\\file\\data.004\\src\\InstallUtilTestHarness.ps1\\\"\", $InstallerAssemblyDir = \\\"\"$Env:TEMP\\\\\"\", $InstallerAssemblyFileName = \\\"\"data.004.dll\\\"\", $InstallerAssemblyFullPath = Join-Path -Path $InstallerAssemblyDir -ChildPath $InstallerAssemblyFileName, $CommandLine = \\\"\"/logfile= /logtoconsole=false `\\\"\"$InstallerAssemblyFullPath`\\\"\"\\\"\", $ExpectedOutput = 'Constructor_', $TestArgs = @{,     OutputAssemblyDirectory = $InstallerAssemblyDir,     OutputAssemblyFileName = $InstallerAssemblyFileName,     InvocationMethod = 'Executable',     CommandLine = $CommandLine, }, $ActualOutput = Invoke-BuildAndInvokeInstallUtilAssembly @TestArgs -MinimumViableAssembly, if ($ActualOutput -ne $ExpectedOutput) {,     throw @\\\"\", InstallUtil class constructor execution test failure. Installer assembly execution output did not match the expected output., Expected: $ExpectedOutput, Actual: $ActualOutput, \\\"\"@, }}"},{"@Name":"ParentUser","#text":"SERVER002\\admin_test"}]}}}
{"Event":{"System":{"Provider":{"@Name":"Microsoft-Windows-Sysmon","@Guid":"5770385f-c22a-43e0-bf4c-06f5698ffbd9"},"EventID":"1","Version":"5","Level":"4","Task":"1","Opcode":"0","Keywords":"0x8000000000000000","TimeCreated":{"@SystemTime":"2024-10-26 13:28:20.2131341"},"EventRecordID":"18000","Correlation":null,"Execution":{"@ProcessID":"2992","@ThreadID":"3996"},"Channel":"Microsoft-Windows-Sysmon/Operational","Computer":"Server002","Security":{"@UserID":"S-1-5-18"}},"EventData":{"Data":[{"@Name":"RuleName","#text":"-"},{"@Name":"UtcTime","#text":"2024-10-26 13:28:20.208"},{"@Name":"ProcessGuid","#text":"dbf410b3-ee74-671c-d800-000000003900"},{"@Name":"ProcessId","#text":"1748"},{"@Name":"Image","#text":"C:\\Windows\\Microsoft.NET\\Framework64\\v4.0.30319\\cvtres.exe"},{"@Name":"FileVersion","#text":"14.32.31326.0"},{"@Name":"Description","#text":"Microsoft® Resource File To COFF Object Conversion Utility"},{"@Name":"Product","#text":"Microsoft® .NET Framework"},{"@Name":"Company","#text":"Microsoft Corporation"},{"@Name":"OriginalFileName","#text":"CVTRES.EXE"},{"@Name":"CommandLine","#text":"C:\\Windows\\Microsoft.NET\\Framework64\\v4.0.30319\\cvtres.exe /NOLOGO /READONLY /MACHINE:IX86 \"/OUT:C:\\Users\\ADMIN_~1\\AppData\\Local\\Temp\\RES80CE.tmp\" \"c:\\Users\\admin_test\\AppData\\Local\\Temp\\CSCC078B8778C7F4254AB8B397E9DF236A.TMP\""},{"@Name":"CurrentDirectory","#text":"C:\\Users\\admin_test\\AppData\\Local\\Temp\\"},{"@Name":"User","#text":"SERVER002\\admin_test"},{"@Name":"LogonGuid","#text":"dbf410b3-ee69-671c-7567-130000000000"},{"@Name":"LogonId","#text":"0x136775"},{"@Name":"TerminalSessionId","#text":"0"},{"@Name":"IntegrityLevel","#text":"High"},{"@Name":"Hashes","#text":"SHA256=FD3EF1B4C91B2E85CCD05724A7CD527A3A27D7D549B0DCDB70D3D78BE120C560"},{"@Name":"ParentProcessGuid","#text":"dbf410b3-ee73-671c-d700-000000003900"},{"@Name":"ParentProcessId","#text":"6384"},{"@Name":"ParentImage","#text":"C:\\Windows\\Microsoft.NET\\Framework64\\v4.0.30319\\csc.exe"},{"@Name":"ParentCommandLine","#text":"\"C:\\Windows\\Microsoft.NET\\Framework64\\v4.0.30319\\csc.exe\" /noconfig /fullpaths @\"C:\\Users\\admin_test\\AppData\\Local\\Temp\\t31b51ze\\t31b51ze.cmdline\""},{"@Name":"ParentUser","#text":"SERVER002\\admin_test"}]}}}
{"Event":{"System":{"Provider":{"@Name":"Microsoft-Windows-Sysmon","@Guid":"5770385f-c22a-43e0-bf4c-06f5698ffbd9"},"EventID":"5","Version":"3","Level":"4","Task":"5","Opcode":"0","Keywords":"0x8000000000000000","TimeCreated":{"@SystemTime":"2024-10-26 13:28:20.2452847"},"EventRecordID":"18001","Correlation":null,"Execution":{"@ProcessID":"2992","@ThreadID":"3996"},"Channel":"Microsoft-Windows-Sysmon/Operational","Computer":"Server002","Security":{"@UserID":"S-1-5-18"}},"EventData":{"Data":[{"@Name":"RuleName","#text":"-"},{"@Name":"UtcTime","#text":"2024-10-26 13:28:20.229"},{"@Name":"ProcessGuid","#text":"dbf410b3-ee74-671c-d800-000000003900"},{"@Name":"ProcessId","#text":"1748"},{"@Name":"Image","#text":"C:\\Windows\\Microsoft.NET\\Framework64\\v4.0.30319\\cvtres.exe"},{"@Name":"User","#text":"SERVER002\\admin_test"}]}}}
{"Event":{"System":{"Provider":{"@Name":"Microsoft-Windows-Sysmon","@Guid":"5770385f-c22a-43e0-bf4c-06f5698ffbd9"},"EventID":"5","Version":"3","Level":"4","Task":"5","Opcode":"0","Keywords":"0x8000000000000000","TimeCreated":{"@SystemTime":"2024-10-26 13:28:20.2549929"},"EventRecordID":"18002","Correlation":null,"Execution":{"@ProcessID":"2992","@ThreadID":"3996"},"Channel":"Microsoft-Windows-Sysmon/Operational","Computer":"Server002","Security":{"@UserID":"S-1-5-18"}},"EventData":{"Data":[{"@Name":"RuleName","#text":"-"},{"@Name":"UtcTime","#text":"2024-10-26 13:28:20.248"},{"@Name":"ProcessGuid","#text":"dbf410b3-ee73-671c-d700-000000003900"},{"@Name":"ProcessId","#text":"6384"},{"@Name":"Image","#text":"C:\\Windows\\Microsoft.NET\\Framework64\\v4.0.30319\\csc.exe"},{"@Name":"User","#text":"SERVER002\\admin_test"}]}}}
{"Event":{"System":{"Provider":{"@Name":"Microsoft-Windows-Sysmon","@Guid":"5770385f-c22a-43e0-bf4c-06f5698ffbd9"},"EventID":"1","Version":"5","Level":"4","Task":"1","Opcode":"0","Keywords":"0x8000000000000000","TimeCreated":{"@SystemTime":"2024-10-26 13:28:20.2992994"},"EventRecordID":"18003","Correlation":null,"Execution":{"@ProcessID":"2992","@ThreadID":"3996"},"Channel":"Microsoft-Windows-Sysmon/Operational","Computer":"Server002","Security":{"@UserID":"S-1-5-18"}},"EventData":{"Data":[{"@Name":"RuleName","#text":"-"},{"@Name":"UtcTime","#text":"2024-10-26 13:28:20.295"},{"@Name":"ProcessGuid","#text":"dbf410b3-ee74-671c-d900-000000003900"},{"@Name":"ProcessId","#text":"4372"},{"@Name":"Image","#text":"C:\\Windows\\Microsoft.NET\\Framework64\\v4.0.30319\\csc.exe"},{"@Name":"FileVersion","#text":"4.8.9232.0 built by: NET481REL1LAST_C"},{"@Name":"Description","#text":"Visual C# Command Line Compiler"},{"@Name":"Product","#text":"Microsoft® .NET Framework"},{"@Name":"Company","#text":"Microsoft Corporation"},{"@Name":"OriginalFileName","#text":"csc.exe"},{"@Name":"CommandLine","#text":"\"C:\\Windows\\Microsoft.NET\\Framework64\\v4.0.30319\\csc.exe\" /noconfig /fullpaths @\"C:\\Users\\admin_test\\AppData\\Local\\Temp\\e34mnsru\\e34mnsru.cmdline\""},{"@Name":"CurrentDirectory","#text":"C:\\Users\\admin_test\\AppData\\Local\\Temp\\"},{"@Name":"User","#text":"SERVER002\\admin_test"},{"@Name":"LogonGuid","#text":"dbf410b3-ee69-671c-7567-130000000000"},{"@Name":"LogonId","#text":"0x136775"},{"@Name":"TerminalSessionId","#text":"0"},{"@Name":"IntegrityLevel","#text":"High"},{"@Name":"Hashes","#text":"SHA256=AAE1DB57F898CA8BDA18590C56F86CED6D0EAD80C22033B76FDFE9119706F116"},{"@Name":"ParentProcessGuid","#text":"dbf410b3-ee71-671c-d400-000000003900"},{"@Name":"ParentProcessId","#text":"5924"},{"@Name":"ParentImage","#text":"C:\\Windows\\System32\\WindowsPowerShell\\v1.0\\powershell.exe"},{"@Name":"ParentCommandLine","#text":"\"powershell.exe\" &amp; {# Import the required test harness function, Invoke-BuildAndInvokeInstallUtilAssembly, . \\\"\"C:\\Users\\ADMIN_~1\\AppData\\Local\\Temp\\file\\data.004\\src\\InstallUtilTestHarness.ps1\\\"\", $InstallerAssemblyDir = \\\"\"$Env:TEMP\\\\\"\", $InstallerAssemblyFileName = \\\"\"data.004.dll\\\"\", $InstallerAssemblyFullPath = Join-Path -Path $InstallerAssemblyDir -ChildPath $InstallerAssemblyFileName, $CommandLine = \\\"\"/logfile= /logtoconsole=false `\\\"\"$InstallerAssemblyFullPath`\\\"\"\\\"\", $ExpectedOutput = 'Constructor_', $TestArgs = @{,     OutputAssemblyDirectory = $InstallerAssemblyDir,     OutputAssemblyFileName = $InstallerAssemblyFileName,     InvocationMethod = 'Executable',     CommandLine = $CommandLine, }, $ActualOutput = Invoke-BuildAndInvokeInstallUtilAssembly @TestArgs -MinimumViableAssembly, if ($ActualOutput -ne $ExpectedOutput) {,     throw @\\\"\", InstallUtil class constructor execution test failure. Installer assembly execution output did not match the expected output., Expected: $ExpectedOutput, Actual: $ActualOutput, \\\"\"@, }}"},{"@Name":"ParentUser","#text":"SERVER002\\admin_test"}]}}}
{"Event":{"System":{"Provider":{"@Name":"Microsoft-Windows-Sysmon","@Guid":"5770385f-c22a-43e0-bf4c-06f5698ffbd9"},"EventID":"1","Version":"5","Level":"4","Task":"1","Opcode":"0","Keywords":"0x8000000000000000","TimeCreated":{"@SystemTime":"2024-10-26 13:28:20.3770086"},"EventRecordID":"18004","Correlation":null,"Execution":{"@ProcessID":"2992","@ThreadID":"3996"},"Channel":"Microsoft-Windows-Sysmon/Operational","Computer":"Server002","Security":{"@UserID":"S-1-5-18"}},"EventData":{"Data":[{"@Name":"RuleName","#text":"-"},{"@Name":"UtcTime","#text":"2024-10-26 13:28:20.373"},{"@Name":"ProcessGuid","#text":"dbf410b3-ee74-671c-da00-000000003900"},{"@Name":"ProcessId","#text":"7072"},{"@Name":"Image","#text":"C:\\Windows\\Microsoft.NET\\Framework64\\v4.0.30319\\cvtres.exe"},{"@Name":"FileVersion","#text":"14.32.31326.0"},{"@Name":"Description","#text":"Microsoft® Resource File To COFF Object Conversion Utility"},{"@Name":"Product","#text":"Microsoft® .NET Framework"},{"@Name":"Company","#text":"Microsoft Corporation"},{"@Name":"OriginalFileName","#text":"CVTRES.EXE"},{"@Name":"CommandLine","#text":"C:\\Windows\\Microsoft.NET\\Framework64\\v4.0.30319\\cvtres.exe /NOLOGO /READONLY /MACHINE:IX86 \"/OUT:C:\\Users\\ADMIN_~1\\AppData\\Local\\Temp\\RES818A.tmp\" \"c:\\Users\\admin_test\\AppData\\Local\\Temp\\e34mnsru\\CSCC642B83B996D438F8711651579D7ED6A.TMP\""},{"@Name":"CurrentDirectory","#text":"C:\\Users\\admin_test\\AppData\\Local\\Temp\\"},{"@Name":"User","#text":"SERVER002\\admin_test"},{"@Name":"LogonGuid","#text":"dbf410b3-ee69-671c-7567-130000000000"},{"@Name":"LogonId","#text":"0x136775"},{"@Name":"TerminalSessionId","#text":"0"},{"@Name":"IntegrityLevel","#text":"High"},{"@Name":"Hashes","#text":"SHA256=FD3EF1B4C91B2E85CCD05724A7CD527A3A27D7D549B0DCDB70D3D78BE120C560"},{"@Name":"ParentProcessGuid","#text":"dbf410b3-ee74-671c-d900-000000003900"},{"@Name":"ParentProcessId","#text":"4372"},{"@Name":"ParentImage","#text":"C:\\Windows\\Microsoft.NET\\Framework64\\v4.0.30319\\csc.exe"},{"@Name":"ParentCommandLine","#text":"\"C:\\Windows\\Microsoft.NET\\Framework64\\v4.0.30319\\csc.exe\" /noconfig /fullpaths @\"C:\\Users\\admin_test\\AppData\\Local\\Temp\\e34mnsru\\e34mnsru.cmdline\""},{"@Name":"ParentUser","#text":"SERVER002\\admin_test"}]}}}
{"Event":{"System":{"Provider":{"@Name":"Microsoft-Windows-Sysmon","@Guid":"5770385f-c22a-43e0-bf4c-06f5698ffbd9"},"EventID":"5","Version":"3","Level":"4","Task":"5","Opcode":"0","Keywords":"0x8000000000000000","TimeCreated":{"@SystemTime":"2024-10-26 13:28:20.3937212"},"EventRecordID":"18005","Correlation":null,"Execution":{"@ProcessID":"2992","@ThreadID":"3996"},"Channel":"Microsoft-Windows-Sysmon/Operational","Computer":"Server002","Security":{"@UserID":"S-1-5-18"}},"EventData":{"Data":[{"@Name":"RuleName","#text":"-"},{"@Name":"UtcTime","#text":"2024-10-26 13:28:20.392"},{"@Name":"ProcessGuid","#text":"dbf410b3-ee74-671c-da00-000000003900"},{"@Name":"ProcessId","#text":"7072"},{"@Name":"Image","#text":"C:\\Windows\\Microsoft.NET\\Framework64\\v4.0.30319\\cvtres.exe"},{"@Name":"User","#text":"SERVER002\\admin_test"}]}}}
{"Event":{"System":{"Provider":{"@Name":"Microsoft-Windows-Sysmon","@Guid":"5770385f-c22a-43e0-bf4c-06f5698ffbd9"},"EventID":"5","Version":"3","Level":"4","Task":"5","Opcode":"0","Keywords":"0x8000000000000000","TimeCreated":{"@SystemTime":"2024-10-26 13:28:20.3995866"},"EventRecordID":"18006","Correlation":null,"Execution":{"@ProcessID":"2992","@ThreadID":"3996"},"Channel":"Microsoft-Windows-Sysmon/Operational","Computer":"Server002","Security":{"@UserID":"S-1-5-18"}},"EventData":{"Data":[{"@Name":"RuleName","#text":"-"},{"@Name":"UtcTime","#text":"2024-10-26 13:28:20.392"},{"@Name":"ProcessGuid","#text":"dbf410b3-ee74-671c-d900-000000003900"},{"@Name":"ProcessId","#text":"4372"},{"@Name":"Image","#text":"C:\\Windows\\Microsoft.NET\\Framework64\\v4.0.30319\\csc.exe"},{"@Name":"User","#text":"SERVER002\\admin_test"}]}}}
{"Event":{"System":{"Provider":{"@Name":"Microsoft-Windows-Sysmon","@Guid":"5770385f-c22a-43e0-bf4c-06f5698ffbd9"},"EventID":"1","Version":"5","Level":"4","Task":"1","Opcode":"0","Keywords":"0x8000000000000000","TimeCreated":{"@SystemTime":"2024-10-26 13:28:20.5176762"},"EventRecordID":"18007","Correlation":null,"Execution":{"@ProcessID":"2992","@ThreadID":"3996"},"Channel":"Microsoft-Windows-Sysmon/Operational","Computer":"Server002","Security":{"@UserID":"S-1-5-18"}},"EventData":{"Data":[{"@Name":"RuleName","#text":"-"},{"@Name":"UtcTime","#text":"2024-10-26 13:28:20.512"},{"@Name":"ProcessGuid","#text":"dbf410b3-ee74-671c-db00-000000003900"},{"@Name":"ProcessId","#text":"7076"},{"@Name":"Image","#text":"C:\\Windows\\Microsoft.NET\\Framework64\\v4.0.30319\\InstallUtil.exe"},{"@Name":"FileVersion","#text":"4.8.9037.0 built by: NET481REL1"},{"@Name":"Description","#text":".NET Framework installation utility"},{"@Name":"Product","#text":"Microsoft® .NET Framework"},{"@Name":"Company","#text":"Microsoft Corporation"},{"@Name":"OriginalFileName","#text":"InstallUtil.exe"},{"@Name":"CommandLine","#text":"\"C:\\Windows\\Microsoft.NET\\Framework64\\v4.0.30319\\InstallUtil.exe\" /logfile= /logtoconsole=false C:\\Users\\ADMIN_~1\\AppData\\Local\\Temp\\data.004.dll "},{"@Name":"CurrentDirectory","#text":"C:\\Users\\admin_test\\AppData\\Local\\Temp\\"},{"@Name":"User","#text":"SERVER002\\admin_test"},{"@Name":"LogonGuid","#text":"dbf410b3-ee69-671c-7567-130000000000"},{"@Name":"LogonId","#text":"0x136775"},{"@Name":"TerminalSessionId","#text":"0"},{"@Name":"IntegrityLevel","#text":"High"},{"@Name":"Hashes","#text":"SHA256=E5ECA0841C12C61EF4E7DACFF79AE823D27728B8C1EB387AC7525ABD9980335E"},{"@Name":"ParentProcessGuid","#text":"dbf410b3-ee71-671c-d400-000000003900"},{"@Name":"ParentProcessId","#text":"5924"},{"@Name":"ParentImage","#text":"C:\\Windows\\System32\\WindowsPowerShell\\v1.0\\powershell.exe"},{"@Name":"ParentCommandLine","#text":"\"powershell.exe\" &amp; {# Import the required test harness function, Invoke-BuildAndInvokeInstallUtilAssembly, . \\\"\"C:\\Users\\ADMIN_~1\\AppData\\Local\\Temp\\file\\data.004\\src\\InstallUtilTestHarness.ps1\\\"\", $InstallerAssemblyDir = \\\"\"$Env:TEMP\\\\\"\", $InstallerAssemblyFileName = \\\"\"data.004.dll\\\"\", $InstallerAssemblyFullPath = Join-Path -Path $InstallerAssemblyDir -ChildPath $InstallerAssemblyFileName, $CommandLine = \\\"\"/logfile= /logtoconsole=false `\\\"\"$InstallerAssemblyFullPath`\\\"\"\\\"\", $ExpectedOutput = 'Constructor_', $TestArgs = @{,     OutputAssemblyDirectory = $InstallerAssemblyDir,     OutputAssemblyFileName = $InstallerAssemblyFileName,     InvocationMethod = 'Executable',     CommandLine = $CommandLine, }, $ActualOutput = Invoke-BuildAndInvokeInstallUtilAssembly @TestArgs -MinimumViableAssembly, if ($ActualOutput -ne $ExpectedOutput) {,     throw @\\\"\", InstallUtil class constructor execution test failure. Installer assembly execution output did not match the expected output., Expected: $ExpectedOutput, Actual: $ActualOutput, \\\"\"@, }}"},{"@Name":"ParentUser","#text":"SERVER002\\admin_test"}]}}}
{"Event":{"System":{"Provider":{"@Name":"Microsoft-Windows-Sysmon","@Guid":"5770385f-c22a-43e0-bf4c-06f5698ffbd9"},"EventID":"5","Version":"3","Level":"4","Task":"5","Opcode":"0","Keywords":"0x8000000000000000","TimeCreated":{"@SystemTime":"2024-10-26 13:28:20.7083234"},"EventRecordID":"18008","Correlation":null,"Execution":{"@ProcessID":"2992","@ThreadID":"3996"},"Channel":"Microsoft-Windows-Sysmon/Operational","Computer":"Server002","Security":{"@UserID":"S-1-5-18"}},"EventData":{"Data":[{"@Name":"RuleName","#text":"-"},{"@Name":"UtcTime","#text":"2024-10-26 13:28:20.706"},{"@Name":"ProcessGuid","#text":"dbf410b3-ee64-671c-b000-000000003900"},{"@Name":"ProcessId","#text":"1084"},{"@Name":"Image","#text":"C:\\Program Files (x86)\\Microsoft\\EdgeUpdate\\MicrosoftEdgeUpdate.exe"},{"@Name":"User","#text":"NT AUTHORITY\\SYSTEM"}]}}}
{"Event":{"System":{"Provider":{"@Name":"Microsoft-Windows-Sysmon","@Guid":"5770385f-c22a-43e0-bf4c-06f5698ffbd9"},"EventID":"5","Version":"3","Level":"4","Task":"5","Opcode":"0","Keywords":"0x8000000000000000","TimeCreated":{"@SystemTime":"2024-10-26 13:28:20.8372424"},"EventRecordID":"18009","Correlation":null,"Execution":{"@ProcessID":"2992","@ThreadID":"3996"},"Channel":"Microsoft-Windows-Sysmon/Operational","Computer":"Server002","Security":{"@UserID":"S-1-5-18"}},"EventData":{"Data":[{"@Name":"RuleName","#text":"-"},{"@Name":"UtcTime","#text":"2024-10-26 13:28:20.835"},{"@Name":"ProcessGuid","#text":"dbf410b3-ee74-671c-db00-000000003900"},{"@Name":"ProcessId","#text":"7076"},{"@Name":"Image","#text":"C:\\Windows\\Microsoft.NET\\Framework64\\v4.0.30319\\InstallUtil.exe"},{"@Name":"User","#text":"SERVER002\\admin_test"}]}}}
{"Event":{"System":{"Provider":{"@Name":"Microsoft-Windows-Sysmon","@Guid":"5770385f-c22a-43e0-bf4c-06f5698ffbd9"},"EventID":"1","Version":"5","Level":"4","Task":"1","Opcode":"0","Keywords":"0x8000000000000000","TimeCreated":{"@SystemTime":"2024-10-26 13:28:21.1173096"},"EventRecordID":"18010","Correlation":null,"Execution":{"@ProcessID":"2992","@ThreadID":"3996"},"Channel":"Microsoft-Windows-Sysmon/Operational","Computer":"Server002","Security":{"@UserID":"S-1-5-18"}},"EventData":{"Data":[{"@Name":"RuleName","#text":"-"},{"@Name":"UtcTime","#text":"2024-10-26 13:28:21.112"},{"@Name":"ProcessGuid","#text":"dbf410b3-ee75-671c-dc00-000000003900"},{"@Name":"ProcessId","#text":"2384"},{"@Name":"Image","#text":"C:\\Program Files (x86)\\Microsoft\\EdgeUpdate\\MicrosoftEdgeUpdate.exe"},{"@Name":"FileVersion","#text":"1.3.147.37"},{"@Name":"Description","#text":"Microsoft Edge Update"},{"@Name":"Product","#text":"Microsoft Edge Update"},{"@Name":"Company","#text":"Microsoft Corporation"},{"@Name":"OriginalFileName","#text":"msedgeupdate.dll"},{"@Name":"CommandLine","#text":"\"C:\\Program Files (x86)\\Microsoft\\EdgeUpdate\\MicrosoftEdgeUpdate.exe\" /regsvc"},{"@Name":"CurrentDirectory","#text":"C:\\Program Files (x86)\\Microsoft\\Temp\\EU697E.tmp\\"},{"@Name":"User","#text":"NT AUTHORITY\\SYSTEM"},{"@Name":"LogonGuid","#text":"dbf410b3-0a04-671d-e703-000000000000"},{"@Name":"LogonId","#text":"0x3E7"},{"@Name":"TerminalSessionId","#text":"0"},{"@Name":"IntegrityLevel","#text":"System"},{"@Name":"Hashes","#text":"SHA256=3096D8E82917A9B73F322F4B1743E52E9B0C8B3C5933A957E73E29D6973CDD5B"},{"@Name":"ParentProcessGuid","#text":"dbf410b3-ee73-671c-d600-000000003900"},{"@Name":"ParentProcessId","#text":"6336"},{"@Name":"ParentImage","#text":"C:\\Program Files (x86)\\Microsoft\\Temp\\EU697E.tmp\\MicrosoftEdgeUpdate.exe"},{"@Name":"ParentCommandLine","#text":"\"C:\\Program Files (x86)\\Microsoft\\Temp\\EU697E.tmp\\MicrosoftEdgeUpdate.exe\" /update /sessionid \"{1971B1B4-5168-4FC7-AC8C-4862584C99DA}\""},{"@Name":"ParentUser","#text":"NT AUTHORITY\\SYSTEM"}]}}}
{"Event":{"System":{"Provider":{"@Name":"Microsoft-Windows-Sysmon","@Guid":"5770385f-c22a-43e0-bf4c-06f5698ffbd9"},"EventID":"5","Version":"3","Level":"4","Task":"5","Opcode":"0","Keywords":"0x8000000000000000","TimeCreated":{"@SystemTime":"2024-10-26 13:28:21.2804492"},"EventRecordID":"18011","Correlation":null,"Execution":{"@ProcessID":"2992","@ThreadID":"3996"},"Channel":"Microsoft-Windows-Sysmon/Operational","Computer":"Server002","Security":{"@UserID":"S-1-5-18"}},"EventData":{"Data":[{"@Name":"RuleName","#text":"-"},{"@Name":"UtcTime","#text":"2024-10-26 13:28:21.276"},{"@Name":"ProcessGuid","#text":"dbf410b3-ee75-671c-dc00-000000003900"},{"@Name":"ProcessId","#text":"2384"},{"@Name":"Image","#text":"C:\\Program Files (x86)\\Microsoft\\EdgeUpdate\\MicrosoftEdgeUpdate.exe"},{"@Name":"User","#text":"NT AUTHORITY\\SYSTEM"}]}}}
{"Event":{"System":{"Provider":{"@Name":"Microsoft-Windows-Sysmon","@Guid":"5770385f-c22a-43e0-bf4c-06f5698ffbd9"},"EventID":"1","Version":"5","Level":"4","Task":"1","Opcode":"0","Keywords":"0x8000000000000000","TimeCreated":{"@SystemTime":"2024-10-26 13:28:21.3623811"},"EventRecordID":"18012","Correlation":null,"Execution":{"@ProcessID":"2992","@ThreadID":"3996"},"Channel":"Microsoft-Windows-Sysmon/Operational","Computer":"Server002","Security":{"@UserID":"S-1-5-18"}},"EventData":{"Data":[{"@Name":"RuleName","#text":"-"},{"@Name":"UtcTime","#text":"2024-10-26 13:28:21.358"},{"@Name":"ProcessGuid","#text":"dbf410b3-ee75-671c-dd00-000000003900"},{"@Name":"ProcessId","#text":"3200"},{"@Name":"Image","#text":"C:\\Program Files (x86)\\Microsoft\\EdgeUpdate\\MicrosoftEdgeUpdate.exe"},{"@Name":"FileVersion","#text":"1.3.147.37"},{"@Name":"Description","#text":"Microsoft Edge Update"},{"@Name":"Product","#text":"Microsoft Edge Update"},{"@Name":"Company","#text":"Microsoft Corporation"},{"@Name":"OriginalFileName","#text":"msedgeupdate.dll"},{"@Name":"CommandLine","#text":"\"C:\\Program Files (x86)\\Microsoft\\EdgeUpdate\\MicrosoftEdgeUpdate.exe\" /regserver"},{"@Name":"CurrentDirectory","#text":"C:\\Program Files (x86)\\Microsoft\\Temp\\EU697E.tmp\\"},{"@Name":"User","#text":"NT AUTHORITY\\SYSTEM"},{"@Name":"LogonGuid","#text":"dbf410b3-0a04-671d-e703-000000000000"},{"@Name":"LogonId","#text":"0x3E7"},{"@Name":"TerminalSessionId","#text":"0"},{"@Name":"IntegrityLevel","#text":"System"},{"@Name":"Hashes","#text":"SHA256=3096D8E82917A9B73F322F4B1743E52E9B0C8B3C5933A957E73E29D6973CDD5B"},{"@Name":"ParentProcessGuid","#text":"dbf410b3-ee73-671c-d600-000000003900"},{"@Name":"ParentProcessId","#text":"6336"},{"@Name":"ParentImage","#text":"C:\\Program Files (x86)\\Microsoft\\Temp\\EU697E.tmp\\MicrosoftEdgeUpdate.exe"},{"@Name":"ParentCommandLine","#text":"\"C:\\Program Files (x86)\\Microsoft\\Temp\\EU697E.tmp\\MicrosoftEdgeUpdate.exe\" /update /sessionid \"{1971B1B4-5168-4FC7-AC8C-4862584C99DA}\""},{"@Name":"ParentUser","#text":"NT AUTHORITY\\SYSTEM"}]}}}
{"Event":{"System":{"Provider":{"@Name":"Microsoft-Windows-Sysmon","@Guid":"5770385f-c22a-43e0-bf4c-06f5698ffbd9"},"EventID":"1","Version":"5","Level":"4","Task":"1","Opcode":"0","Keywords":"0x8000000000000000","TimeCreated":{"@SystemTime":"2024-10-26 13:28:21.4369193"},"EventRecordID":"18013","Correlation":null,"Execution":{"@ProcessID":"2992","@ThreadID":"3996"},"Channel":"Microsoft-Windows-Sysmon/Operational","Computer":"Server002","Security":{"@UserID":"S-1-5-18"}},"EventData":{"Data":[{"@Name":"RuleName","#text":"-"},{"@Name":"UtcTime","#text":"2024-10-26 13:28:21.429"},{"@Name":"ProcessGuid","#text":"dbf410b3-ee75-671c-de00-000000003900"},{"@Name":"ProcessId","#text":"5148"},{"@Name":"Image","#text":"C:\\Program Files (x86)\\Microsoft\\EdgeUpdate\\1.3.195.27\\MicrosoftEdgeUpdateComRegisterShell64.exe"},{"@Name":"FileVersion","#text":"1.3.195.27"},{"@Name":"Description","#text":"Microsoft Edge Update COM Registration Helper"},{"@Name":"Product","#text":"Microsoft Edge Update"},{"@Name":"Company","#text":"Microsoft Corporation"},{"@Name":"OriginalFileName","#text":"MicrosoftEdgeUpdateComRegisterShell64.exe"},{"@Name":"CommandLine","#text":"\"C:\\Program Files (x86)\\Microsoft\\EdgeUpdate\\1.3.195.27\\MicrosoftEdgeUpdateComRegisterShell64.exe\"   "},{"@Name":"CurrentDirectory","#text":"C:\\Program Files (x86)\\Microsoft\\EdgeUpdate\\1.3.195.27\\"},{"@Name":"User","#text":"NT AUTHORITY\\SYSTEM"},{"@Name":"LogonGuid","#text":"dbf410b3-0a04-671d-e703-000000000000"},{"@Name":"LogonId","#text":"0x3E7"},{"@Name":"TerminalSessionId","#text":"0"},{"@Name":"IntegrityLevel","#text":"System"},{"@Name":"Hashes","#text":"SHA256=4BF5A07C3801A248B6C38715F733E0264A04F7A95038006FD346D454D4ECC07C"},{"@Name":"ParentProcessGuid","#text":"dbf410b3-ee75-671c-dd00-000000003900"},{"@Name":"ParentProcessId","#text":"3200"},{"@Name":"ParentImage","#text":"C:\\Program Files (x86)\\Microsoft\\EdgeUpdate\\MicrosoftEdgeUpdate.exe"},{"@Name":"ParentCommandLine","#text":"\"C:\\Program Files (x86)\\Microsoft\\EdgeUpdate\\MicrosoftEdgeUpdate.exe\" /regserver"},{"@Name":"ParentUser","#text":"NT AUTHORITY\\SYSTEM"}]}}}
{"Event":{"System":{"Provider":{"@Name":"Microsoft-Windows-Sysmon","@Guid":"5770385f-c22a-43e0-bf4c-06f5698ffbd9"},"EventID":"5","Version":"3","Level":"4","Task":"5","Opcode":"0","Keywords":"0x8000000000000000","TimeCreated":{"@SystemTime":"2024-10-26 13:28:21.5688382"},"EventRecordID":"18014","Correlation":null,"Execution":{"@ProcessID":"2992","@ThreadID":"3996"},"Channel":"Microsoft-Windows-Sysmon/Operational","Computer":"Server002","Security":{"@UserID":"S-1-5-18"}},"EventData":{"Data":[{"@Name":"RuleName","#text":"-"},{"@Name":"UtcTime","#text":"2024-10-26 13:28:21.530"},{"@Name":"ProcessGuid","#text":"dbf410b3-ee75-671c-de00-000000003900"},{"@Name":"ProcessId","#text":"5148"},{"@Name":"Image","#text":"C:\\Program Files (x86)\\Microsoft\\EdgeUpdate\\1.3.195.27\\MicrosoftEdgeUpdateComRegisterShell64.exe"},{"@Name":"User","#text":"NT AUTHORITY\\SYSTEM"}]}}}
{"Event":{"System":{"Provider":{"@Name":"Microsoft-Windows-Sysmon","@Guid":"5770385f-c22a-43e0-bf4c-06f5698ffbd9"},"EventID":"5","Version":"3","Level":"4","Task":"5","Opcode":"0","Keywords":"0x8000000000000000","TimeCreated":{"@SystemTime":"2024-10-26 13:28:21.6028321"},"EventRecordID":"18015","Correlation":null,"Execution":{"@ProcessID":"2992","@ThreadID":"3996"},"Channel":"Microsoft-Windows-Sysmon/Operational","Computer":"Server002","Security":{"@UserID":"S-1-5-18"}},"EventData":{"Data":[{"@Name":"RuleName","#text":"-"},{"@Name":"UtcTime","#text":"2024-10-26 13:28:21.590"},{"@Name":"ProcessGuid","#text":"dbf410b3-ee71-671c-d400-000000003900"},{"@Name":"ProcessId","#text":"5924"},{"@Name":"Image","#text":"C:\\Windows\\System32\\WindowsPowerShell\\v1.0\\powershell.exe"},{"@Name":"User","#text":"SERVER002\\admin_test"}]}}}
{"Event":{"System":{"Provider":{"@Name":"Microsoft-Windows-Sysmon","@Guid":"5770385f-c22a-43e0-bf4c-06f5698ffbd9"},"EventID":"5","Version":"3","Level":"4","Task":"5","Opcode":"0","Keywords":"0x8000000000000000","TimeCreated":{"@SystemTime":"2024-10-26 13:28:21.6069121"},"EventRecordID":"18016","Correlation":null,"Execution":{"@ProcessID":"2992","@ThreadID":"3996"},"Channel":"Microsoft-Windows-Sysmon/Operational","Computer":"Server002","Security":{"@UserID":"S-1-5-18"}},"EventData":{"Data":[{"@Name":"RuleName","#text":"-"},{"@Name":"UtcTime","#text":"2024-10-26 13:28:21.590"},{"@Name":"ProcessGuid","#text":"dbf410b3-ee71-671c-d500-000000003900"},{"@Name":"ProcessId","#text":"2400"},{"@Name":"Image","#text":"C:\\Windows\\System32\\conhost.exe"},{"@Name":"User","#text":"SERVER002\\admin_test"}]}}}
