{"Event":{"System":{"Provider":{"@Name":"PowerShell"},"EventID":{"@Qualifiers":"0","#text":"600"},"Version":"0","Level":"4","Task":"6","Opcode":"0","Keywords":"0x80000000000000","TimeCreated":{"@SystemTime":"2024-10-26 19:37:10.6614829"},"EventRecordID":"1043","Correlation":null,"Execution":{"@ProcessID":"0","@ThreadID":"0"},"Channel":"Windows PowerShell","Computer":"Server002","Security":null},"EventData":{"Data":"Registry, Started, \tProviderName=Registry\r\n\tNewProviderState=Started\r\n\r\n\tSequenceNumber=1\r\n\r\n\tHostName=ConsoleHost\r\n\tHostVersion=5.1.19041.5007\r\n\tHostId=4a792c4b-a855-4e78-99ef-da87f1b88fad\r\n\tHostApplication=powershell.exe &amp; {1..100 | ForEach-Object { $out = new-object byte[] 1073741; (new-object Random).NextBytes($out); [IO.File]::WriteAllBytes(\"c:\\test.$_.akira\", $out) }\r\necho \"Hi friends\" &gt;&gt; $env:Userprofile\\Desktop\\akira_readme.txt\r\necho \"\" &gt;&gt; $env:Userprofile\\Desktop\\akira_readme.txt\r\necho \"Whatever who you are and what your title is if you' re reading this it means the internal infrastructure of your company is fully or partially dead, all your backups - virtual, physical - everything that we managed to reach - are completely removed. Moreover, we have taken a great amount of your corporate data prior to encryption  Well, for now let's keep all the tears and resentment to ourselves and try to build a constructive dialogue. We're fully aware of what damage we caused by locking your internal sources. At the moment. you have to know: \" &gt;&gt; $env:Userprofile\\Desktop\\akira_readme.txt\r\necho \"1. Dealing with us you will save A LOT due to we are not interested in ruining your financially. We will study in depth your finance, bank income statements, your savings, investments etc. and present our reasonable demand to you. If you have an active cyber insurance, let us know and we will guide you how to properly use it. Also, dragging out the negotiation process will lead to failing of a deal\" &gt;&gt; $env:Userprofile\\Desktop\\akira_readme.txt\r\necho \"2. Paying us you save your TIME, MONEY, EFFORTS and be back on track within 24 hours approximately. Our decryptor works properly on any files or systems, so you will be able to check it by requesting a test decryption service from the beginning of our conversation. [f you decide to recover on your own, keep in mind that you can permanently lose access to some files or accidently corrupt them — in this case we won't be able to help.  \" &gt;&gt; $env:Userprofile\\Desktop\\akira_readme.txt\r\necho \"3. The security report or the exclusive first-hand information that you will receive upon reaching an agreement is of a great value, since NO full audit of your network will show you the vulnerabilities that we' ve managed to detect and used in order to get into. identify backup solutions and upload your data.\" &gt;&gt; $env:Userprofile\\Desktop\\akira_readme.txt\r\necho \"4. As for your data, if we fail to agree, we will try to sell personal information/trade secrets/databases/source codes — generally speaking, everything that has a value on the darkmarket - to multiple threat actors at ones.\" &gt;&gt; $env:Userprofile\\Desktop\\akira_readme.txt\r\necho \"Then all of this will be published in our blog -\" &gt;&gt; $env:Userprofile\\Desktop\\akira_readme.txt\r\necho \"\" &gt;&gt; $env:Userprofile\\Desktop\\akira_readme.txt\r\necho \"https://akira.onion\" &gt;&gt; $env:Userprofile\\Desktop\\akira_readme.txt\r\necho \"\" &gt;&gt; $env:Userprofile\\Desktop\\akira_readme.txt\r\necho \"5. We're more than negotiable and will definitely find the way to settle this quickly and reach an agreement which will satisfy both of us\" &gt;&gt; $env:Userprofile\\Desktop\\akira_readme.txt\r\necho \"\" &gt;&gt; $env:Userprofile\\Desktop\\akira_readme.txt\r\necho \"If you' re indeed interested in our assistance and the services we provide you can reach out to us following simple instructions:\" &gt;&gt; $env:Userprofile\\Desktop\\akira_readme.txt\r\necho \"\" &gt;&gt; $env:Userprofile\\Desktop\\akira_readme.txt\r\necho \"1. Install TOR Browser to get access to our chat room - https://www.torproject.org/download/.\" &gt;&gt; $env:Userprofile\\Desktop\\akira_readme.txt\r\necho \"2. Paste this link — https://akira.onion\" &gt;&gt; $env:Userprofile\\Desktop\\akira_readme.txt\r\necho \"3. Use this code - - to log into our chat.\" &gt;&gt; $env:Userprofile\\Desktop\\akira_readme.txt\r\necho \"\" &gt;&gt; $env:Userprofile\\Desktop\\akira_readme.txt\r\necho \"Keep in mind that the faster you will get in touch, the less damage we cause\" &gt;&gt; $env:Userprofile\\Desktop\\akira_readme.txt}\r\n\tEngineVersion=\r\n\tRunspaceId=\r\n\tPipelineId=\r\n\tCommandName=\r\n\tCommandType=\r\n\tScriptName=\r\n\tCommandPath=\r\n\tCommandLine=","Binary":""}}}
{"Event":{"System":{"Provider":{"@Name":"PowerShell"},"EventID":{"@Qualifiers":"0","#text":"600"},"Version":"0","Level":"4","Task":"6","Opcode":"0","Keywords":"0x80000000000000","TimeCreated":{"@SystemTime":"2024-10-26 19:37:10.6746838"},"EventRecordID":"1044","Correlation":null,"Execution":{"@ProcessID":"0","@ThreadID":"0"},"Channel":"Windows PowerShell","Computer":"Server002","Security":null},"EventData":{"Data":"Alias, Started, \tProviderName=Alias\r\n\tNewProviderState=Started\r\n\r\n\tSequenceNumber=3\r\n\r\n\tHostName=ConsoleHost\r\n\tHostVersion=5.1.19041.5007\r\n\tHostId=4a792c4b-a855-4e78-99ef-da87f1b88fad\r\n\tHostApplication=powershell.exe &amp; {1..100 | ForEach-Object { $out = new-object byte[] 1073741; (new-object Random).NextBytes($out); [IO.File]::WriteAllBytes(\"c:\\test.$_.akira\", $out) }\r\necho \"Hi friends\" &gt;&gt; $env:Userprofile\\Desktop\\akira_readme.txt\r\necho \"\" &gt;&gt; $env:Userprofile\\Desktop\\akira_readme.txt\r\necho \"Whatever who you are and what your title is if you' re reading this it means the internal infrastructure of your company is fully or partially dead, all your backups - virtual, physical - everything that we managed to reach - are completely removed. Moreover, we have taken a great amount of your corporate data prior to encryption  Well, for now let's keep all the tears and resentment to ourselves and try to build a constructive dialogue. We're fully aware of what damage we caused by locking your internal sources. At the moment. you have to know: \" &gt;&gt; $env:Userprofile\\Desktop\\akira_readme.txt\r\necho \"1. Dealing with us you will save A LOT due to we are not interested in ruining your financially. We will study in depth your finance, bank income statements, your savings, investments etc. and present our reasonable demand to you. If you have an active cyber insurance, let us know and we will guide you how to properly use it. Also, dragging out the negotiation process will lead to failing of a deal\" &gt;&gt; $env:Userprofile\\Desktop\\akira_readme.txt\r\necho \"2. Paying us you save your TIME, MONEY, EFFORTS and be back on track within 24 hours approximately. Our decryptor works properly on any files or systems, so you will be able to check it by requesting a test decryption service from the beginning of our conversation. [f you decide to recover on your own, keep in mind that you can permanently lose access to some files or accidently corrupt them — in this case we won't be able to help.  \" &gt;&gt; $env:Userprofile\\Desktop\\akira_readme.txt\r\necho \"3. The security report or the exclusive first-hand information that you will receive upon reaching an agreement is of a great value, since NO full audit of your network will show you the vulnerabilities that we' ve managed to detect and used in order to get into. identify backup solutions and upload your data.\" &gt;&gt; $env:Userprofile\\Desktop\\akira_readme.txt\r\necho \"4. As for your data, if we fail to agree, we will try to sell personal information/trade secrets/databases/source codes — generally speaking, everything that has a value on the darkmarket - to multiple threat actors at ones.\" &gt;&gt; $env:Userprofile\\Desktop\\akira_readme.txt\r\necho \"Then all of this will be published in our blog -\" &gt;&gt; $env:Userprofile\\Desktop\\akira_readme.txt\r\necho \"\" &gt;&gt; $env:Userprofile\\Desktop\\akira_readme.txt\r\necho \"https://akira.onion\" &gt;&gt; $env:Userprofile\\Desktop\\akira_readme.txt\r\necho \"\" &gt;&gt; $env:Userprofile\\Desktop\\akira_readme.txt\r\necho \"5. We're more than negotiable and will definitely find the way to settle this quickly and reach an agreement which will satisfy both of us\" &gt;&gt; $env:Userprofile\\Desktop\\akira_readme.txt\r\necho \"\" &gt;&gt; $env:Userprofile\\Desktop\\akira_readme.txt\r\necho \"If you' re indeed interested in our assistance and the services we provide you can reach out to us following simple instructions:\" &gt;&gt; $env:Userprofile\\Desktop\\akira_readme.txt\r\necho \"\" &gt;&gt; $env:Userprofile\\Desktop\\akira_readme.txt\r\necho \"1. Install TOR Browser to get access to our chat room - https://www.torproject.org/download/.\" &gt;&gt; $env:Userprofile\\Desktop\\akira_readme.txt\r\necho \"2. Paste this link — https://akira.onion\" &gt;&gt; $env:Userprofile\\Desktop\\akira_readme.txt\r\necho \"3. Use this code - - to log into our chat.\" &gt;&gt; $env:Userprofile\\Desktop\\akira_readme.txt\r\necho \"\" &gt;&gt; $env:Userprofile\\Desktop\\akira_readme.txt\r\necho \"Keep in mind that the faster you will get in touch, the less damage we cause\" &gt;&gt; $env:Userprofile\\Desktop\\akira_readme.txt}\r\n\tEngineVersion=\r\n\tRunspaceId=\r\n\tPipelineId=\r\n\tCommandName=\r\n\tCommandType=\r\n\tScriptName=\r\n\tCommandPath=\r\n\tCommandLine=","Binary":""}}}
{"Event":{"System":{"Provider":{"@Name":"PowerShell"},"EventID":{"@Qualifiers":"0","#text":"600"},"Version":"0","Level":"4","Task":"6","Opcode":"0","Keywords":"0x80000000000000","TimeCreated":{"@SystemTime":"2024-10-26 19:37:10.6746838"},"EventRecordID":"1045","Correlation":null,"Execution":{"@ProcessID":"0","@ThreadID":"0"},"Channel":"Windows PowerShell","Computer":"Server002","Security":null},"EventData":{"Data":"Environment, Started, \tProviderName=Environment\r\n\tNewProviderState=Started\r\n\r\n\tSequenceNumber=5\r\n\r\n\tHostName=ConsoleHost\r\n\tHostVersion=5.1.19041.5007\r\n\tHostId=4a792c4b-a855-4e78-99ef-da87f1b88fad\r\n\tHostApplication=powershell.exe &amp; {1..100 | ForEach-Object { $out = new-object byte[] 1073741; (new-object Random).NextBytes($out); [IO.File]::WriteAllBytes(\"c:\\test.$_.akira\", $out) }\r\necho \"Hi friends\" &gt;&gt; $env:Userprofile\\Desktop\\akira_readme.txt\r\necho \"\" &gt;&gt; $env:Userprofile\\Desktop\\akira_readme.txt\r\necho \"Whatever who you are and what your title is if you' re reading this it means the internal infrastructure of your company is fully or partially dead, all your backups - virtual, physical - everything that we managed to reach - are completely removed. Moreover, we have taken a great amount of your corporate data prior to encryption  Well, for now let's keep all the tears and resentment to ourselves and try to build a constructive dialogue. We're fully aware of what damage we caused by locking your internal sources. At the moment. you have to know: \" &gt;&gt; $env:Userprofile\\Desktop\\akira_readme.txt\r\necho \"1. Dealing with us you will save A LOT due to we are not interested in ruining your financially. We will study in depth your finance, bank income statements, your savings, investments etc. and present our reasonable demand to you. If you have an active cyber insurance, let us know and we will guide you how to properly use it. Also, dragging out the negotiation process will lead to failing of a deal\" &gt;&gt; $env:Userprofile\\Desktop\\akira_readme.txt\r\necho \"2. Paying us you save your TIME, MONEY, EFFORTS and be back on track within 24 hours approximately. Our decryptor works properly on any files or systems, so you will be able to check it by requesting a test decryption service from the beginning of our conversation. [f you decide to recover on your own, keep in mind that you can permanently lose access to some files or accidently corrupt them — in this case we won't be able to help.  \" &gt;&gt; $env:Userprofile\\Desktop\\akira_readme.txt\r\necho \"3. The security report or the exclusive first-hand information that you will receive upon reaching an agreement is of a great value, since NO full audit of your network will show you the vulnerabilities that we' ve managed to detect and used in order to get into. identify backup solutions and upload your data.\" &gt;&gt; $env:Userprofile\\Desktop\\akira_readme.txt\r\necho \"4. As for your data, if we fail to agree, we will try to sell personal information/trade secrets/databases/source codes — generally speaking, everything that has a value on the darkmarket - to multiple threat actors at ones.\" &gt;&gt; $env:Userprofile\\Desktop\\akira_readme.txt\r\necho \"Then all of this will be published in our blog -\" &gt;&gt; $env:Userprofile\\Desktop\\akira_readme.txt\r\necho \"\" &gt;&gt; $env:Userprofile\\Desktop\\akira_readme.txt\r\necho \"https://akira.onion\" &gt;&gt; $env:Userprofile\\Desktop\\akira_readme.txt\r\necho \"\" &gt;&gt; $env:Userprofile\\Desktop\\akira_readme.txt\r\necho \"5. We're more than negotiable and will definitely find the way to settle this quickly and reach an agreement which will satisfy both of us\" &gt;&gt; $env:Userprofile\\Desktop\\akira_readme.txt\r\necho \"\" &gt;&gt; $env:Userprofile\\Desktop\\akira_readme.txt\r\necho \"If you' re indeed interested in our assistance and the services we provide you can reach out to us following simple instructions:\" &gt;&gt; $env:Userprofile\\Desktop\\akira_readme.txt\r\necho \"\" &gt;&gt; $env:Userprofile\\Desktop\\akira_readme.txt\r\necho \"1. Install TOR Browser to get access to our chat room - https://www.torproject.org/download/.\" &gt;&gt; $env:Userprofile\\Desktop\\akira_readme.txt\r\necho \"2. Paste this link — https://akira.onion\" &gt;&gt; $env:Userprofile\\Desktop\\akira_readme.txt\r\necho \"3. Use this code - - to log into our chat.\" &gt;&gt; $env:Userprofile\\Desktop\\akira_readme.txt\r\necho \"\" &gt;&gt; $env:Userprofile\\Desktop\\akira_readme.txt\r\necho \"Keep in mind that the faster you will get in touch, the less damage we cause\" &gt;&gt; $env:Userprofile\\Desktop\\akira_readme.txt}\r\n\tEngineVersion=\r\n\tRunspaceId=\r\n\tPipelineId=\r\n\tCommandName=\r\n\tCommandType=\r\n\tScriptName=\r\n\tCommandPath=\r\n\tCommandLine=","Binary":""}}}
{"Event":{"System":{"Provider":{"@Name":"PowerShell"},"EventID":{"@Qualifiers":"0","#text":"600"},"Version":"0","Level":"4","Task":"6","Opcode":"0","Keywords":"0x80000000000000","TimeCreated":{"@SystemTime":"2024-10-26 19:37:10.6746838"},"EventRecordID":"1046","Correlation":null,"Execution":{"@ProcessID":"0","@ThreadID":"0"},"Channel":"Windows PowerShell","Computer":"Server002","Security":null},"EventData":{"Data":"FileSystem, Started, \tProviderName=FileSystem\r\n\tNewProviderState=Started\r\n\r\n\tSequenceNumber=7\r\n\r\n\tHostName=ConsoleHost\r\n\tHostVersion=5.1.19041.5007\r\n\tHostId=4a792c4b-a855-4e78-99ef-da87f1b88fad\r\n\tHostApplication=powershell.exe &amp; {1..100 | ForEach-Object { $out = new-object byte[] 1073741; (new-object Random).NextBytes($out); [IO.File]::WriteAllBytes(\"c:\\test.$_.akira\", $out) }\r\necho \"Hi friends\" &gt;&gt; $env:Userprofile\\Desktop\\akira_readme.txt\r\necho \"\" &gt;&gt; $env:Userprofile\\Desktop\\akira_readme.txt\r\necho \"Whatever who you are and what your title is if you' re reading this it means the internal infrastructure of your company is fully or partially dead, all your backups - virtual, physical - everything that we managed to reach - are completely removed. Moreover, we have taken a great amount of your corporate data prior to encryption  Well, for now let's keep all the tears and resentment to ourselves and try to build a constructive dialogue. We're fully aware of what damage we caused by locking your internal sources. At the moment. you have to know: \" &gt;&gt; $env:Userprofile\\Desktop\\akira_readme.txt\r\necho \"1. Dealing with us you will save A LOT due to we are not interested in ruining your financially. We will study in depth your finance, bank income statements, your savings, investments etc. and present our reasonable demand to you. If you have an active cyber insurance, let us know and we will guide you how to properly use it. Also, dragging out the negotiation process will lead to failing of a deal\" &gt;&gt; $env:Userprofile\\Desktop\\akira_readme.txt\r\necho \"2. Paying us you save your TIME, MONEY, EFFORTS and be back on track within 24 hours approximately. Our decryptor works properly on any files or systems, so you will be able to check it by requesting a test decryption service from the beginning of our conversation. [f you decide to recover on your own, keep in mind that you can permanently lose access to some files or accidently corrupt them — in this case we won't be able to help.  \" &gt;&gt; $env:Userprofile\\Desktop\\akira_readme.txt\r\necho \"3. The security report or the exclusive first-hand information that you will receive upon reaching an agreement is of a great value, since NO full audit of your network will show you the vulnerabilities that we' ve managed to detect and used in order to get into. identify backup solutions and upload your data.\" &gt;&gt; $env:Userprofile\\Desktop\\akira_readme.txt\r\necho \"4. As for your data, if we fail to agree, we will try to sell personal information/trade secrets/databases/source codes — generally speaking, everything that has a value on the darkmarket - to multiple threat actors at ones.\" &gt;&gt; $env:Userprofile\\Desktop\\akira_readme.txt\r\necho \"Then all of this will be published in our blog -\" &gt;&gt; $env:Userprofile\\Desktop\\akira_readme.txt\r\necho \"\" &gt;&gt; $env:Userprofile\\Desktop\\akira_readme.txt\r\necho \"https://akira.onion\" &gt;&gt; $env:Userprofile\\Desktop\\akira_readme.txt\r\necho \"\" &gt;&gt; $env:Userprofile\\Desktop\\akira_readme.txt\r\necho \"5. We're more than negotiable and will definitely find the way to settle this quickly and reach an agreement which will satisfy both of us\" &gt;&gt; $env:Userprofile\\Desktop\\akira_readme.txt\r\necho \"\" &gt;&gt; $env:Userprofile\\Desktop\\akira_readme.txt\r\necho \"If you' re indeed interested in our assistance and the services we provide you can reach out to us following simple instructions:\" &gt;&gt; $env:Userprofile\\Desktop\\akira_readme.txt\r\necho \"\" &gt;&gt; $env:Userprofile\\Desktop\\akira_readme.txt\r\necho \"1. Install TOR Browser to get access to our chat room - https://www.torproject.org/download/.\" &gt;&gt; $env:Userprofile\\Desktop\\akira_readme.txt\r\necho \"2. Paste this link — https://akira.onion\" &gt;&gt; $env:Userprofile\\Desktop\\akira_readme.txt\r\necho \"3. Use this code - - to log into our chat.\" &gt;&gt; $env:Userprofile\\Desktop\\akira_readme.txt\r\necho \"\" &gt;&gt; $env:Userprofile\\Desktop\\akira_readme.txt\r\necho \"Keep in mind that the faster you will get in touch, the less damage we cause\" &gt;&gt; $env:Userprofile\\Desktop\\akira_readme.txt}\r\n\tEngineVersion=\r\n\tRunspaceId=\r\n\tPipelineId=\r\n\tCommandName=\r\n\tCommandType=\r\n\tScriptName=\r\n\tCommandPath=\r\n\tCommandLine=","Binary":""}}}
{"Event":{"System":{"Provider":{"@Name":"PowerShell"},"EventID":{"@Qualifiers":"0","#text":"600"},"Version":"0","Level":"4","Task":"6","Opcode":"0","Keywords":"0x80000000000000","TimeCreated":{"@SystemTime":"2024-10-26 19:37:10.6746838"},"EventRecordID":"1047","Correlation":null,"Execution":{"@ProcessID":"0","@ThreadID":"0"},"Channel":"Windows PowerShell","Computer":"Server002","Security":null},"EventData":{"Data":"Function, Started, \tProviderName=Function\r\n\tNewProviderState=Started\r\n\r\n\tSequenceNumber=9\r\n\r\n\tHostName=ConsoleHost\r\n\tHostVersion=5.1.19041.5007\r\n\tHostId=4a792c4b-a855-4e78-99ef-da87f1b88fad\r\n\tHostApplication=powershell.exe &amp; {1..100 | ForEach-Object { $out = new-object byte[] 1073741; (new-object Random).NextBytes($out); [IO.File]::WriteAllBytes(\"c:\\test.$_.akira\", $out) }\r\necho \"Hi friends\" &gt;&gt; $env:Userprofile\\Desktop\\akira_readme.txt\r\necho \"\" &gt;&gt; $env:Userprofile\\Desktop\\akira_readme.txt\r\necho \"Whatever who you are and what your title is if you' re reading this it means the internal infrastructure of your company is fully or partially dead, all your backups - virtual, physical - everything that we managed to reach - are completely removed. Moreover, we have taken a great amount of your corporate data prior to encryption  Well, for now let's keep all the tears and resentment to ourselves and try to build a constructive dialogue. We're fully aware of what damage we caused by locking your internal sources. At the moment. you have to know: \" &gt;&gt; $env:Userprofile\\Desktop\\akira_readme.txt\r\necho \"1. Dealing with us you will save A LOT due to we are not interested in ruining your financially. We will study in depth your finance, bank income statements, your savings, investments etc. and present our reasonable demand to you. If you have an active cyber insurance, let us know and we will guide you how to properly use it. Also, dragging out the negotiation process will lead to failing of a deal\" &gt;&gt; $env:Userprofile\\Desktop\\akira_readme.txt\r\necho \"2. Paying us you save your TIME, MONEY, EFFORTS and be back on track within 24 hours approximately. Our decryptor works properly on any files or systems, so you will be able to check it by requesting a test decryption service from the beginning of our conversation. [f you decide to recover on your own, keep in mind that you can permanently lose access to some files or accidently corrupt them — in this case we won't be able to help.  \" &gt;&gt; $env:Userprofile\\Desktop\\akira_readme.txt\r\necho \"3. The security report or the exclusive first-hand information that you will receive upon reaching an agreement is of a great value, since NO full audit of your network will show you the vulnerabilities that we' ve managed to detect and used in order to get into. identify backup solutions and upload your data.\" &gt;&gt; $env:Userprofile\\Desktop\\akira_readme.txt\r\necho \"4. As for your data, if we fail to agree, we will try to sell personal information/trade secrets/databases/source codes — generally speaking, everything that has a value on the darkmarket - to multiple threat actors at ones.\" &gt;&gt; $env:Userprofile\\Desktop\\akira_readme.txt\r\necho \"Then all of this will be published in our blog -\" &gt;&gt; $env:Userprofile\\Desktop\\akira_readme.txt\r\necho \"\" &gt;&gt; $env:Userprofile\\Desktop\\akira_readme.txt\r\necho \"https://akira.onion\" &gt;&gt; $env:Userprofile\\Desktop\\akira_readme.txt\r\necho \"\" &gt;&gt; $env:Userprofile\\Desktop\\akira_readme.txt\r\necho \"5. We're more than negotiable and will definitely find the way to settle this quickly and reach an agreement which will satisfy both of us\" &gt;&gt; $env:Userprofile\\Desktop\\akira_readme.txt\r\necho \"\" &gt;&gt; $env:Userprofile\\Desktop\\akira_readme.txt\r\necho \"If you' re indeed interested in our assistance and the services we provide you can reach out to us following simple instructions:\" &gt;&gt; $env:Userprofile\\Desktop\\akira_readme.txt\r\necho \"\" &gt;&gt; $env:Userprofile\\Desktop\\akira_readme.txt\r\necho \"1. Install TOR Browser to get access to our chat room - https://www.torproject.org/download/.\" &gt;&gt; $env:Userprofile\\Desktop\\akira_readme.txt\r\necho \"2. Paste this link — https://akira.onion\" &gt;&gt; $env:Userprofile\\Desktop\\akira_readme.txt\r\necho \"3. Use this code - - to log into our chat.\" &gt;&gt; $env:Userprofile\\Desktop\\akira_readme.txt\r\necho \"\" &gt;&gt; $env:Userprofile\\Desktop\\akira_readme.txt\r\necho \"Keep in mind that the faster you will get in touch, the less damage we cause\" &gt;&gt; $env:Userprofile\\Desktop\\akira_readme.txt}\r\n\tEngineVersion=\r\n\tRunspaceId=\r\n\tPipelineId=\r\n\tCommandName=\r\n\tCommandType=\r\n\tScriptName=\r\n\tCommandPath=\r\n\tCommandLine=","Binary":""}}}
{"Event":{"System":{"Provider":{"@Name":"PowerShell"},"EventID":{"@Qualifiers":"0","#text":"600"},"Version":"0","Level":"4","Task":"6","Opcode":"0","Keywords":"0x80000000000000","TimeCreated":{"@SystemTime":"2024-10-26 19:37:10.6746838"},"EventRecordID":"1048","Correlation":null,"Execution":{"@ProcessID":"0","@ThreadID":"0"},"Channel":"Windows PowerShell","Computer":"Server002","Security":null},"EventData":{"Data":"Variable, Started, \tProviderName=Variable\r\n\tNewProviderState=Started\r\n\r\n\tSequenceNumber=11\r\n\r\n\tHostName=ConsoleHost\r\n\tHostVersion=5.1.19041.5007\r\n\tHostId=4a792c4b-a855-4e78-99ef-da87f1b88fad\r\n\tHostApplication=powershell.exe &amp; {1..100 | ForEach-Object { $out = new-object byte[] 1073741; (new-object Random).NextBytes($out); [IO.File]::WriteAllBytes(\"c:\\test.$_.akira\", $out) }\r\necho \"Hi friends\" &gt;&gt; $env:Userprofile\\Desktop\\akira_readme.txt\r\necho \"\" &gt;&gt; $env:Userprofile\\Desktop\\akira_readme.txt\r\necho \"Whatever who you are and what your title is if you' re reading this it means the internal infrastructure of your company is fully or partially dead, all your backups - virtual, physical - everything that we managed to reach - are completely removed. Moreover, we have taken a great amount of your corporate data prior to encryption  Well, for now let's keep all the tears and resentment to ourselves and try to build a constructive dialogue. We're fully aware of what damage we caused by locking your internal sources. At the moment. you have to know: \" &gt;&gt; $env:Userprofile\\Desktop\\akira_readme.txt\r\necho \"1. Dealing with us you will save A LOT due to we are not interested in ruining your financially. We will study in depth your finance, bank income statements, your savings, investments etc. and present our reasonable demand to you. If you have an active cyber insurance, let us know and we will guide you how to properly use it. Also, dragging out the negotiation process will lead to failing of a deal\" &gt;&gt; $env:Userprofile\\Desktop\\akira_readme.txt\r\necho \"2. Paying us you save your TIME, MONEY, EFFORTS and be back on track within 24 hours approximately. Our decryptor works properly on any files or systems, so you will be able to check it by requesting a test decryption service from the beginning of our conversation. [f you decide to recover on your own, keep in mind that you can permanently lose access to some files or accidently corrupt them — in this case we won't be able to help.  \" &gt;&gt; $env:Userprofile\\Desktop\\akira_readme.txt\r\necho \"3. The security report or the exclusive first-hand information that you will receive upon reaching an agreement is of a great value, since NO full audit of your network will show you the vulnerabilities that we' ve managed to detect and used in order to get into. identify backup solutions and upload your data.\" &gt;&gt; $env:Userprofile\\Desktop\\akira_readme.txt\r\necho \"4. As for your data, if we fail to agree, we will try to sell personal information/trade secrets/databases/source codes — generally speaking, everything that has a value on the darkmarket - to multiple threat actors at ones.\" &gt;&gt; $env:Userprofile\\Desktop\\akira_readme.txt\r\necho \"Then all of this will be published in our blog -\" &gt;&gt; $env:Userprofile\\Desktop\\akira_readme.txt\r\necho \"\" &gt;&gt; $env:Userprofile\\Desktop\\akira_readme.txt\r\necho \"https://akira.onion\" &gt;&gt; $env:Userprofile\\Desktop\\akira_readme.txt\r\necho \"\" &gt;&gt; $env:Userprofile\\Desktop\\akira_readme.txt\r\necho \"5. We're more than negotiable and will definitely find the way to settle this quickly and reach an agreement which will satisfy both of us\" &gt;&gt; $env:Userprofile\\Desktop\\akira_readme.txt\r\necho \"\" &gt;&gt; $env:Userprofile\\Desktop\\akira_readme.txt\r\necho \"If you' re indeed interested in our assistance and the services we provide you can reach out to us following simple instructions:\" &gt;&gt; $env:Userprofile\\Desktop\\akira_readme.txt\r\necho \"\" &gt;&gt; $env:Userprofile\\Desktop\\akira_readme.txt\r\necho \"1. Install TOR Browser to get access to our chat room - https://www.torproject.org/download/.\" &gt;&gt; $env:Userprofile\\Desktop\\akira_readme.txt\r\necho \"2. Paste this link — https://akira.onion\" &gt;&gt; $env:Userprofile\\Desktop\\akira_readme.txt\r\necho \"3. Use this code - - to log into our chat.\" &gt;&gt; $env:Userprofile\\Desktop\\akira_readme.txt\r\necho \"\" &gt;&gt; $env:Userprofile\\Desktop\\akira_readme.txt\r\necho \"Keep in mind that the faster you will get in touch, the less damage we cause\" &gt;&gt; $env:Userprofile\\Desktop\\akira_readme.txt}\r\n\tEngineVersion=\r\n\tRunspaceId=\r\n\tPipelineId=\r\n\tCommandName=\r\n\tCommandType=\r\n\tScriptName=\r\n\tCommandPath=\r\n\tCommandLine=","Binary":""}}}
{"Event":{"System":{"Provider":{"@Name":"PowerShell"},"EventID":{"@Qualifiers":"0","#text":"400"},"Version":"0","Level":"4","Task":"4","Opcode":"0","Keywords":"0x80000000000000","TimeCreated":{"@SystemTime":"2024-10-26 19:37:10.7114343"},"EventRecordID":"1049","Correlation":null,"Execution":{"@ProcessID":"0","@ThreadID":"0"},"Channel":"Windows PowerShell","Computer":"Server002","Security":null},"EventData":{"Data":"Available, None, \tNewEngineState=Available\r\n\tPreviousEngineState=None\r\n\r\n\tSequenceNumber=13\r\n\r\n\tHostName=ConsoleHost\r\n\tHostVersion=5.1.19041.5007\r\n\tHostId=4a792c4b-a855-4e78-99ef-da87f1b88fad\r\n\tHostApplication=powershell.exe &amp; {1..100 | ForEach-Object { $out = new-object byte[] 1073741; (new-object Random).NextBytes($out); [IO.File]::WriteAllBytes(\"c:\\test.$_.akira\", $out) }\r\necho \"Hi friends\" &gt;&gt; $env:Userprofile\\Desktop\\akira_readme.txt\r\necho \"\" &gt;&gt; $env:Userprofile\\Desktop\\akira_readme.txt\r\necho \"Whatever who you are and what your title is if you' re reading this it means the internal infrastructure of your company is fully or partially dead, all your backups - virtual, physical - everything that we managed to reach - are completely removed. Moreover, we have taken a great amount of your corporate data prior to encryption  Well, for now let's keep all the tears and resentment to ourselves and try to build a constructive dialogue. We're fully aware of what damage we caused by locking your internal sources. At the moment. you have to know: \" &gt;&gt; $env:Userprofile\\Desktop\\akira_readme.txt\r\necho \"1. Dealing with us you will save A LOT due to we are not interested in ruining your financially. We will study in depth your finance, bank income statements, your savings, investments etc. and present our reasonable demand to you. If you have an active cyber insurance, let us know and we will guide you how to properly use it. Also, dragging out the negotiation process will lead to failing of a deal\" &gt;&gt; $env:Userprofile\\Desktop\\akira_readme.txt\r\necho \"2. Paying us you save your TIME, MONEY, EFFORTS and be back on track within 24 hours approximately. Our decryptor works properly on any files or systems, so you will be able to check it by requesting a test decryption service from the beginning of our conversation. [f you decide to recover on your own, keep in mind that you can permanently lose access to some files or accidently corrupt them — in this case we won't be able to help.  \" &gt;&gt; $env:Userprofile\\Desktop\\akira_readme.txt\r\necho \"3. The security report or the exclusive first-hand information that you will receive upon reaching an agreement is of a great value, since NO full audit of your network will show you the vulnerabilities that we' ve managed to detect and used in order to get into. identify backup solutions and upload your data.\" &gt;&gt; $env:Userprofile\\Desktop\\akira_readme.txt\r\necho \"4. As for your data, if we fail to agree, we will try to sell personal information/trade secrets/databases/source codes — generally speaking, everything that has a value on the darkmarket - to multiple threat actors at ones.\" &gt;&gt; $env:Userprofile\\Desktop\\akira_readme.txt\r\necho \"Then all of this will be published in our blog -\" &gt;&gt; $env:Userprofile\\Desktop\\akira_readme.txt\r\necho \"\" &gt;&gt; $env:Userprofile\\Desktop\\akira_readme.txt\r\necho \"https://akira.onion\" &gt;&gt; $env:Userprofile\\Desktop\\akira_readme.txt\r\necho \"\" &gt;&gt; $env:Userprofile\\Desktop\\akira_readme.txt\r\necho \"5. We're more than negotiable and will definitely find the way to settle this quickly and reach an agreement which will satisfy both of us\" &gt;&gt; $env:Userprofile\\Desktop\\akira_readme.txt\r\necho \"\" &gt;&gt; $env:Userprofile\\Desktop\\akira_readme.txt\r\necho \"If you' re indeed interested in our assistance and the services we provide you can reach out to us following simple instructions:\" &gt;&gt; $env:Userprofile\\Desktop\\akira_readme.txt\r\necho \"\" &gt;&gt; $env:Userprofile\\Desktop\\akira_readme.txt\r\necho \"1. Install TOR Browser to get access to our chat room - https://www.torproject.org/download/.\" &gt;&gt; $env:Userprofile\\Desktop\\akira_readme.txt\r\necho \"2. Paste this link — https://akira.onion\" &gt;&gt; $env:Userprofile\\Desktop\\akira_readme.txt\r\necho \"3. Use this code - - to log into our chat.\" &gt;&gt; $env:Userprofile\\Desktop\\akira_readme.txt\r\necho \"\" &gt;&gt; $env:Userprofile\\Desktop\\akira_readme.txt\r\necho \"Keep in mind that the faster you will get in touch, the less damage we cause\" &gt;&gt; $env:Userprofile\\Desktop\\akira_readme.txt}\r\n\tEngineVersion=5.1.19041.5007\r\n\tRunspaceId=dddf4f32-e528-488c-ae38-5d7c57e31e09\r\n\tPipelineId=\r\n\tCommandName=\r\n\tCommandType=\r\n\tScriptName=\r\n\tCommandPath=\r\n\tCommandLine=","Binary":""}}}
{"Event":{"System":{"Provider":{"@Name":"PowerShell"},"EventID":{"@Qualifiers":"0","#text":"403"},"Version":"0","Level":"4","Task":"4","Opcode":"0","Keywords":"0x80000000000000","TimeCreated":{"@SystemTime":"2024-10-26 19:37:11.6871485"},"EventRecordID":"1050","Correlation":null,"Execution":{"@ProcessID":"0","@ThreadID":"0"},"Channel":"Windows PowerShell","Computer":"Server002","Security":null},"EventData":{"Data":"Stopped, Available, \tNewEngineState=Stopped\r\n\tPreviousEngineState=Available\r\n\r\n\tSequenceNumber=15\r\n\r\n\tHostName=ConsoleHost\r\n\tHostVersion=5.1.19041.5007\r\n\tHostId=4a792c4b-a855-4e78-99ef-da87f1b88fad\r\n\tHostApplication=powershell.exe &amp; {1..100 | ForEach-Object { $out = new-object byte[] 1073741; (new-object Random).NextBytes($out); [IO.File]::WriteAllBytes(\"c:\\test.$_.akira\", $out) }\r\necho \"Hi friends\" &gt;&gt; $env:Userprofile\\Desktop\\akira_readme.txt\r\necho \"\" &gt;&gt; $env:Userprofile\\Desktop\\akira_readme.txt\r\necho \"Whatever who you are and what your title is if you' re reading this it means the internal infrastructure of your company is fully or partially dead, all your backups - virtual, physical - everything that we managed to reach - are completely removed. Moreover, we have taken a great amount of your corporate data prior to encryption  Well, for now let's keep all the tears and resentment to ourselves and try to build a constructive dialogue. We're fully aware of what damage we caused by locking your internal sources. At the moment. you have to know: \" &gt;&gt; $env:Userprofile\\Desktop\\akira_readme.txt\r\necho \"1. Dealing with us you will save A LOT due to we are not interested in ruining your financially. We will study in depth your finance, bank income statements, your savings, investments etc. and present our reasonable demand to you. If you have an active cyber insurance, let us know and we will guide you how to properly use it. Also, dragging out the negotiation process will lead to failing of a deal\" &gt;&gt; $env:Userprofile\\Desktop\\akira_readme.txt\r\necho \"2. Paying us you save your TIME, MONEY, EFFORTS and be back on track within 24 hours approximately. Our decryptor works properly on any files or systems, so you will be able to check it by requesting a test decryption service from the beginning of our conversation. [f you decide to recover on your own, keep in mind that you can permanently lose access to some files or accidently corrupt them — in this case we won't be able to help.  \" &gt;&gt; $env:Userprofile\\Desktop\\akira_readme.txt\r\necho \"3. The security report or the exclusive first-hand information that you will receive upon reaching an agreement is of a great value, since NO full audit of your network will show you the vulnerabilities that we' ve managed to detect and used in order to get into. identify backup solutions and upload your data.\" &gt;&gt; $env:Userprofile\\Desktop\\akira_readme.txt\r\necho \"4. As for your data, if we fail to agree, we will try to sell personal information/trade secrets/databases/source codes — generally speaking, everything that has a value on the darkmarket - to multiple threat actors at ones.\" &gt;&gt; $env:Userprofile\\Desktop\\akira_readme.txt\r\necho \"Then all of this will be published in our blog -\" &gt;&gt; $env:Userprofile\\Desktop\\akira_readme.txt\r\necho \"\" &gt;&gt; $env:Userprofile\\Desktop\\akira_readme.txt\r\necho \"https://akira.onion\" &gt;&gt; $env:Userprofile\\Desktop\\akira_readme.txt\r\necho \"\" &gt;&gt; $env:Userprofile\\Desktop\\akira_readme.txt\r\necho \"5. We're more than negotiable and will definitely find the way to settle this quickly and reach an agreement which will satisfy both of us\" &gt;&gt; $env:Userprofile\\Desktop\\akira_readme.txt\r\necho \"\" &gt;&gt; $env:Userprofile\\Desktop\\akira_readme.txt\r\necho \"If you' re indeed interested in our assistance and the services we provide you can reach out to us following simple instructions:\" &gt;&gt; $env:Userprofile\\Desktop\\akira_readme.txt\r\necho \"\" &gt;&gt; $env:Userprofile\\Desktop\\akira_readme.txt\r\necho \"1. Install TOR Browser to get access to our chat room - https://www.torproject.org/download/.\" &gt;&gt; $env:Userprofile\\Desktop\\akira_readme.txt\r\necho \"2. Paste this link — https://akira.onion\" &gt;&gt; $env:Userprofile\\Desktop\\akira_readme.txt\r\necho \"3. Use this code - - to log into our chat.\" &gt;&gt; $env:Userprofile\\Desktop\\akira_readme.txt\r\necho \"\" &gt;&gt; $env:Userprofile\\Desktop\\akira_readme.txt\r\necho \"Keep in mind that the faster you will get in touch, the less damage we cause\" &gt;&gt; $env:Userprofile\\Desktop\\akira_readme.txt}\r\n\tEngineVersion=5.1.19041.5007\r\n\tRunspaceId=dddf4f32-e528-488c-ae38-5d7c57e31e09\r\n\tPipelineId=\r\n\tCommandName=\r\n\tCommandType=\r\n\tScriptName=\r\n\tCommandPath=\r\n\tCommandLine=","Binary":""}}}
