

{"Event":{"System":{"Provider":{"@Name":"Microsoft-Windows-Sysmon","@Guid":"5770385f-c22a-43e0-bf4c-06f5698ffbd9"},"EventID":"5","Version":"3","Level":"4","Task":"5","Opcode":"0","Keywords":"0x8000000000000000","TimeCreated":{"@SystemTime":"2024-10-25 16:37:52.7075003"},"EventRecordID":"17957","Correlation":null,"Execution":{"@ProcessID":"2840","@ThreadID":"1296"},"Channel":"Microsoft-Windows-Sysmon/Operational","Computer":"Server002","Security":{"@UserID":"S-1-5-18"}},"EventData":{"Data":[{"@Name":"RuleName","#text":"-"},{"@Name":"UtcTime","#text":"2024-10-25 16:37:52.701"},{"@Name":"ProcessGuid","#text":"dbf410b3-c960-671b-c000-000000003900"},{"@Name":"ProcessId","#text":"2664"},{"@Name":"Image","#text":"C:\\Windows\\System32\\wevtutil.exe"},{"@Name":"User","#text":"SERVER002\\admin_test"}]}}}
{"Event":{"System":{"Provider":{"@Name":"Microsoft-Windows-Sysmon","@Guid":"5770385f-c22a-43e0-bf4c-06f5698ffbd9"},"EventID":"5","Version":"3","Level":"4","Task":"5","Opcode":"0","Keywords":"0x8000000000000000","TimeCreated":{"@SystemTime":"2024-10-25 16:37:52.7108237"},"EventRecordID":"17958","Correlation":null,"Execution":{"@ProcessID":"2840","@ThreadID":"1296"},"Channel":"Microsoft-Windows-Sysmon/Operational","Computer":"Server002","Security":{"@UserID":"S-1-5-18"}},"EventData":{"Data":[{"@Name":"RuleName","#text":"-"},{"@Name":"UtcTime","#text":"2024-10-25 16:37:52.701"},{"@Name":"ProcessGuid","#text":"dbf410b3-c960-671b-c100-000000003900"},{"@Name":"ProcessId","#text":"2804"},{"@Name":"Image","#text":"C:\\Windows\\System32\\conhost.exe"},{"@Name":"User","#text":"SERVER002\\admin_test"}]}}}


{"Event":{"System":{"Provider":{"@Name":"Microsoft-Windows-Sysmon","@Guid":"5770385f-c22a-43e0-bf4c-06f5698ffbd9"},"EventID":"5","Version":"3","Level":"4","Task":"5","Opcode":"0","Keywords":"0x8000000000000000","TimeCreated":{"@SystemTime":"2024-10-25 16:37:52.7921382"},"EventRecordID":"17961","Correlation":null,"Execution":{"@ProcessID":"2840","@ThreadID":"1296"},"Channel":"Microsoft-Windows-Sysmon/Operational","Computer":"Server002","Security":{"@UserID":"S-1-5-18"}},"EventData":{"Data":[{"@Name":"RuleName","#text":"-"},{"@Name":"UtcTime","#text":"2024-10-25 16:37:52.764"},{"@Name":"ProcessGuid","#text":"dbf410b3-c960-671b-c200-000000003900"},{"@Name":"ProcessId","#text":"3060"},{"@Name":"Image","#text":"C:\\Windows\\System32\\wevtutil.exe"},{"@Name":"User","#text":"SERVER002\\admin_test"}]}}}
{"Event":{"System":{"Provider":{"@Name":"Microsoft-Windows-Sysmon","@Guid":"5770385f-c22a-43e0-bf4c-06f5698ffbd9"},"EventID":"5","Version":"3","Level":"4","Task":"5","Opcode":"0","Keywords":"0x8000000000000000","TimeCreated":{"@SystemTime":"2024-10-25 16:37:52.7975264"},"EventRecordID":"17962","Correlation":null,"Execution":{"@ProcessID":"2840","@ThreadID":"1296"},"Channel":"Microsoft-Windows-Sysmon/Operational","Computer":"Server002","Security":{"@UserID":"S-1-5-18"}},"EventData":{"Data":[{"@Name":"RuleName","#text":"-"},{"@Name":"UtcTime","#text":"2024-10-25 16:37:52.795"},{"@Name":"ProcessGuid","#text":"dbf410b3-c960-671b-c300-000000003900"},{"@Name":"ProcessId","#text":"3100"},{"@Name":"Image","#text":"C:\\Windows\\System32\\conhost.exe"},{"@Name":"User","#text":"SERVER002\\admin_test"}]}}}


{"Event":{"System":{"Provider":{"@Name":"Microsoft-Windows-Sysmon","@Guid":"5770385f-c22a-43e0-bf4c-06f5698ffbd9"},"EventID":"5","Version":"3","Level":"4","Task":"5","Opcode":"0","Keywords":"0x8000000000000000","TimeCreated":{"@SystemTime":"2024-10-25 16:37:52.8621268"},"EventRecordID":"17965","Correlation":null,"Execution":{"@ProcessID":"2840","@ThreadID":"1296"},"Channel":"Microsoft-Windows-Sysmon/Operational","Computer":"Server002","Security":{"@UserID":"S-1-5-18"}},"EventData":{"Data":[{"@Name":"RuleName","#text":"-"},{"@Name":"UtcTime","#text":"2024-10-25 16:37:52.860"},{"@Name":"ProcessGuid","#text":"dbf410b3-c960-671b-c400-000000003900"},{"@Name":"ProcessId","#text":"3952"},{"@Name":"Image","#text":"C:\\Windows\\System32\\wevtutil.exe"},{"@Name":"User","#text":"SERVER002\\admin_test"}]}}}
{"Event":{"System":{"Provider":{"@Name":"Microsoft-Windows-Sysmon","@Guid":"5770385f-c22a-43e0-bf4c-06f5698ffbd9"},"EventID":"5","Version":"3","Level":"4","Task":"5","Opcode":"0","Keywords":"0x8000000000000000","TimeCreated":{"@SystemTime":"2024-10-25 16:37:52.8658939"},"EventRecordID":"17966","Correlation":null,"Execution":{"@ProcessID":"2840","@ThreadID":"1296"},"Channel":"Microsoft-Windows-Sysmon/Operational","Computer":"Server002","Security":{"@UserID":"S-1-5-18"}},"EventData":{"Data":[{"@Name":"RuleName","#text":"-"},{"@Name":"UtcTime","#text":"2024-10-25 16:37:52.860"},{"@Name":"ProcessGuid","#text":"dbf410b3-c960-671b-c500-000000003900"},{"@Name":"ProcessId","#text":"4044"},{"@Name":"Image","#text":"C:\\Windows\\System32\\conhost.exe"},{"@Name":"User","#text":"SERVER002\\admin_test"}]}}}


{"Event":{"System":{"Provider":{"@Name":"Microsoft-Windows-Sysmon","@Guid":"5770385f-c22a-43e0-bf4c-06f5698ffbd9"},"EventID":"5","Version":"3","Level":"4","Task":"5","Opcode":"0","Keywords":"0x8000000000000000","TimeCreated":{"@SystemTime":"2024-10-25 16:37:52.9467350"},"EventRecordID":"17969","Correlation":null,"Execution":{"@ProcessID":"2840","@ThreadID":"1296"},"Channel":"Microsoft-Windows-Sysmon/Operational","Computer":"Server002","Security":{"@UserID":"S-1-5-18"}},"EventData":{"Data":[{"@Name":"RuleName","#text":"-"},{"@Name":"UtcTime","#text":"2024-10-25 16:37:52.936"},{"@Name":"ProcessGuid","#text":"dbf410b3-c960-671b-c600-000000003900"},{"@Name":"ProcessId","#text":"6924"},{"@Name":"Image","#text":"C:\\Windows\\System32\\wevtutil.exe"},{"@Name":"User","#text":"SERVER002\\admin_test"}]}}}
{"Event":{"System":{"Provider":{"@Name":"Microsoft-Windows-Sysmon","@Guid":"5770385f-c22a-43e0-bf4c-06f5698ffbd9"},"EventID":"5","Version":"3","Level":"4","Task":"5","Opcode":"0","Keywords":"0x8000000000000000","TimeCreated":{"@SystemTime":"2024-10-25 16:37:52.9527019"},"EventRecordID":"17970","Correlation":null,"Execution":{"@ProcessID":"2840","@ThreadID":"1296"},"Channel":"Microsoft-Windows-Sysmon/Operational","Computer":"Server002","Security":{"@UserID":"S-1-5-18"}},"EventData":{"Data":[{"@Name":"RuleName","#text":"-"},{"@Name":"UtcTime","#text":"2024-10-25 16:37:52.951"},{"@Name":"ProcessGuid","#text":"dbf410b3-c960-671b-c700-000000003900"},{"@Name":"ProcessId","#text":"4180"},{"@Name":"Image","#text":"C:\\Windows\\System32\\conhost.exe"},{"@Name":"User","#text":"SERVER002\\admin_test"}]}}}


{"Event":{"System":{"Provider":{"@Name":"Microsoft-Windows-Sysmon","@Guid":"5770385f-c22a-43e0-bf4c-06f5698ffbd9"},"EventID":"5","Version":"3","Level":"4","Task":"5","Opcode":"0","Keywords":"0x8000000000000000","TimeCreated":{"@SystemTime":"2024-10-25 16:37:53.0314477"},"EventRecordID":"17973","Correlation":null,"Execution":{"@ProcessID":"2840","@ThreadID":"1296"},"Channel":"Microsoft-Windows-Sysmon/Operational","Computer":"Server002","Security":{"@UserID":"S-1-5-18"}},"EventData":{"Data":[{"@Name":"RuleName","#text":"-"},{"@Name":"UtcTime","#text":"2024-10-25 16:37:53.020"},{"@Name":"ProcessGuid","#text":"dbf410b3-c960-671b-c800-000000003900"},{"@Name":"ProcessId","#text":"3304"},{"@Name":"Image","#text":"C:\\Windows\\System32\\wevtutil.exe"},{"@Name":"User","#text":"SERVER002\\admin_test"}]}}}
{"Event":{"System":{"Provider":{"@Name":"Microsoft-Windows-Sysmon","@Guid":"5770385f-c22a-43e0-bf4c-06f5698ffbd9"},"EventID":"5","Version":"3","Level":"4","Task":"5","Opcode":"0","Keywords":"0x8000000000000000","TimeCreated":{"@SystemTime":"2024-10-25 16:37:53.0356716"},"EventRecordID":"17974","Correlation":null,"Execution":{"@ProcessID":"2840","@ThreadID":"1296"},"Channel":"Microsoft-Windows-Sysmon/Operational","Computer":"Server002","Security":{"@UserID":"S-1-5-18"}},"EventData":{"Data":[{"@Name":"RuleName","#text":"-"},{"@Name":"UtcTime","#text":"2024-10-25 16:37:53.032"},{"@Name":"ProcessGuid","#text":"dbf410b3-c960-671b-c900-000000003900"},{"@Name":"ProcessId","#text":"1972"},{"@Name":"Image","#text":"C:\\Windows\\System32\\conhost.exe"},{"@Name":"User","#text":"SERVER002\\admin_test"}]}}}
{"Event":{"System":{"Provider":{"@Name":"Microsoft-Windows-Sysmon","@Guid":"5770385f-c22a-43e0-bf4c-06f5698ffbd9"},"EventID":"1","Version":"5","Level":"4","Task":"1","Opcode":"0","Keywords":"0x8000000000000000","TimeCreated":{"@SystemTime":"2024-10-25 16:37:53.0896358"},"EventRecordID":"17975","Correlation":null,"Execution":{"@ProcessID":"2840","@ThreadID":"1296"},"Channel":"Microsoft-Windows-Sysmon/Operational","Computer":"Server002","Security":{"@UserID":"S-1-5-18"}},"EventData":{"Data":[{"@Name":"RuleName","#text":"-"},{"@Name":"UtcTime","#text":"2024-10-25 16:37:53.085"},{"@Name":"ProcessGuid","#text":"dbf410b3-c961-671b-ca00-000000003900"},{"@Name":"ProcessId","#text":"2116"},{"@Name":"Image","#text":"C:\\Windows\\System32\\HOSTNAME.EXE"},{"@Name":"FileVersion","#text":"10.0.19041.1 (WinBuild.160101.0800)"},{"@Name":"Description","#text":"Hostname APP"},{"@Name":"Product","#text":"Microsoft® Windows® Operating System"},{"@Name":"Company","#text":"Microsoft Corporation"},{"@Name":"OriginalFileName","#text":"hostname.exe"},{"@Name":"CommandLine","#text":"\"C:\\Windows\\system32\\HOSTNAME.EXE\""},{"@Name":"CurrentDirectory","#text":"C:\\Users\\admin_test\\Documents\\"},{"@Name":"User","#text":"SERVER002\\admin_test"},{"@Name":"LogonGuid","#text":"dbf410b3-c94d-671b-9ff6-120000000000"},{"@Name":"LogonId","#text":"0x12F69F"},{"@Name":"TerminalSessionId","#text":"0"},{"@Name":"IntegrityLevel","#text":"High"},{"@Name":"Hashes","#text":"SHA256=A90C3FB350A11C6F6A6EFA9607987D924D1DE65E09CA9FAF2E0E0E00531EE335"},{"@Name":"ParentProcessGuid","#text":"dbf410b3-c94d-671b-bb00-000000003900"},{"@Name":"ParentProcessId","#text":"1180"},{"@Name":"ParentImage","#text":"C:\\Windows\\System32\\wsmprovhost.exe"},{"@Name":"ParentCommandLine","#text":"C:\\Windows\\system32\\wsmprovhost.exe -Embedding"},{"@Name":"ParentUser","#text":"SERVER002\\admin_test"}]}}}
{"Event":{"System":{"Provider":{"@Name":"Microsoft-Windows-Sysmon","@Guid":"5770385f-c22a-43e0-bf4c-06f5698ffbd9"},"EventID":"1","Version":"5","Level":"4","Task":"1","Opcode":"0","Keywords":"0x8000000000000000","TimeCreated":{"@SystemTime":"2024-10-25 16:37:53.0960570"},"EventRecordID":"17976","Correlation":null,"Execution":{"@ProcessID":"2840","@ThreadID":"1296"},"Channel":"Microsoft-Windows-Sysmon/Operational","Computer":"Server002","Security":{"@UserID":"S-1-5-18"}},"EventData":{"Data":[{"@Name":"RuleName","#text":"-"},{"@Name":"UtcTime","#text":"2024-10-25 16:37:53.090"},{"@Name":"ProcessGuid","#text":"dbf410b3-c961-671b-cb00-000000003900"},{"@Name":"ProcessId","#text":"2144"},{"@Name":"Image","#text":"C:\\Windows\\System32\\conhost.exe"},{"@Name":"FileVersion","#text":"10.0.19041.4355 (WinBuild.160101.0800)"},{"@Name":"Description","#text":"Console Window Host"},{"@Name":"Product","#text":"Microsoft® Windows® Operating System"},{"@Name":"Company","#text":"Microsoft Corporation"},{"@Name":"OriginalFileName","#text":"CONHOST.EXE"},{"@Name":"CommandLine","#text":"\\??\\C:\\Windows\\system32\\conhost.exe 0xffffffff -ForceV1"},{"@Name":"CurrentDirectory","#text":"C:\\Windows"},{"@Name":"User","#text":"SERVER002\\admin_test"},{"@Name":"LogonGuid","#text":"dbf410b3-c94d-671b-9ff6-120000000000"},{"@Name":"LogonId","#text":"0x12F69F"},{"@Name":"TerminalSessionId","#text":"0"},{"@Name":"IntegrityLevel","#text":"High"},{"@Name":"Hashes","#text":"SHA256=CC0A60CD15FA21E54615E46CD0F10CFBE86F496DC64D14B31D9F3B415D120EE1"},{"@Name":"ParentProcessGuid","#text":"dbf410b3-c961-671b-ca00-000000003900"},{"@Name":"ParentProcessId","#text":"2116"},{"@Name":"ParentImage","#text":"C:\\Windows\\System32\\HOSTNAME.EXE"},{"@Name":"ParentCommandLine","#text":"\"C:\\Windows\\system32\\HOSTNAME.EXE\""},{"@Name":"ParentUser","#text":"SERVER002\\admin_test"}]}}}
{"Event":{"System":{"Provider":{"@Name":"Microsoft-Windows-Sysmon","@Guid":"5770385f-c22a-43e0-bf4c-06f5698ffbd9"},"EventID":"5","Version":"3","Level":"4","Task":"5","Opcode":"0","Keywords":"0x8000000000000000","TimeCreated":{"@SystemTime":"2024-10-25 16:37:53.1481508"},"EventRecordID":"17977","Correlation":null,"Execution":{"@ProcessID":"2840","@ThreadID":"1296"},"Channel":"Microsoft-Windows-Sysmon/Operational","Computer":"Server002","Security":{"@UserID":"S-1-5-18"}},"EventData":{"Data":[{"@Name":"RuleName","#text":"-"},{"@Name":"UtcTime","#text":"2024-10-25 16:37:53.139"},{"@Name":"ProcessGuid","#text":"dbf410b3-c961-671b-ca00-000000003900"},{"@Name":"ProcessId","#text":"2116"},{"@Name":"Image","#text":"C:\\Windows\\System32\\HOSTNAME.EXE"},{"@Name":"User","#text":"SERVER002\\admin_test"}]}}}
{"Event":{"System":{"Provider":{"@Name":"Microsoft-Windows-Sysmon","@Guid":"5770385f-c22a-43e0-bf4c-06f5698ffbd9"},"EventID":"5","Version":"3","Level":"4","Task":"5","Opcode":"0","Keywords":"0x8000000000000000","TimeCreated":{"@SystemTime":"2024-10-25 16:37:53.1527952"},"EventRecordID":"17978","Correlation":null,"Execution":{"@ProcessID":"2840","@ThreadID":"1296"},"Channel":"Microsoft-Windows-Sysmon/Operational","Computer":"Server002","Security":{"@UserID":"S-1-5-18"}},"EventData":{"Data":[{"@Name":"RuleName","#text":"-"},{"@Name":"UtcTime","#text":"2024-10-25 16:37:53.149"},{"@Name":"ProcessGuid","#text":"dbf410b3-c961-671b-cb00-000000003900"},{"@Name":"ProcessId","#text":"2144"},{"@Name":"Image","#text":"C:\\Windows\\System32\\conhost.exe"},{"@Name":"User","#text":"SERVER002\\admin_test"}]}}}
{"Event":{"System":{"Provider":{"@Name":"Microsoft-Windows-Sysmon","@Guid":"5770385f-c22a-43e0-bf4c-06f5698ffbd9"},"EventID":"1","Version":"5","Level":"4","Task":"1","Opcode":"0","Keywords":"0x8000000000000000","TimeCreated":{"@SystemTime":"2024-10-25 16:37:53.1569232"},"EventRecordID":"17979","Correlation":null,"Execution":{"@ProcessID":"2840","@ThreadID":"1296"},"Channel":"Microsoft-Windows-Sysmon/Operational","Computer":"Server002","Security":{"@UserID":"S-1-5-18"}},"EventData":{"Data":[{"@Name":"RuleName","#text":"-"},{"@Name":"UtcTime","#text":"2024-10-25 16:37:53.152"},{"@Name":"ProcessGuid","#text":"dbf410b3-c961-671b-cc00-000000003900"},{"@Name":"ProcessId","#text":"4068"},{"@Name":"Image","#text":"C:\\Windows\\System32\\whoami.exe"},{"@Name":"FileVersion","#text":"10.0.19041.1 (WinBuild.160101.0800)"},{"@Name":"Description","#text":"whoami - displays logged on user information"},{"@Name":"Product","#text":"Microsoft® Windows® Operating System"},{"@Name":"Company","#text":"Microsoft Corporation"},{"@Name":"OriginalFileName","#text":"whoami.exe"},{"@Name":"CommandLine","#text":"\"C:\\Windows\\system32\\whoami.exe\""},{"@Name":"CurrentDirectory","#text":"C:\\Users\\admin_test\\Documents\\"},{"@Name":"User","#text":"SERVER002\\admin_test"},{"@Name":"LogonGuid","#text":"dbf410b3-c94d-671b-9ff6-120000000000"},{"@Name":"LogonId","#text":"0x12F69F"},{"@Name":"TerminalSessionId","#text":"0"},{"@Name":"IntegrityLevel","#text":"High"},{"@Name":"Hashes","#text":"SHA256=1D4902A04D99E8CCBFE7085E63155955FEE397449D386453F6C452AE407B8743"},{"@Name":"ParentProcessGuid","#text":"dbf410b3-c94d-671b-bb00-000000003900"},{"@Name":"ParentProcessId","#text":"1180"},{"@Name":"ParentImage","#text":"C:\\Windows\\System32\\wsmprovhost.exe"},{"@Name":"ParentCommandLine","#text":"C:\\Windows\\system32\\wsmprovhost.exe -Embedding"},{"@Name":"ParentUser","#text":"SERVER002\\admin_test"}]}}}
{"Event":{"System":{"Provider":{"@Name":"Microsoft-Windows-Sysmon","@Guid":"5770385f-c22a-43e0-bf4c-06f5698ffbd9"},"EventID":"1","Version":"5","Level":"4","Task":"1","Opcode":"0","Keywords":"0x8000000000000000","TimeCreated":{"@SystemTime":"2024-10-25 16:37:53.1616181"},"EventRecordID":"17980","Correlation":null,"Execution":{"@ProcessID":"2840","@ThreadID":"1296"},"Channel":"Microsoft-Windows-Sysmon/Operational","Computer":"Server002","Security":{"@UserID":"S-1-5-18"}},"EventData":{"Data":[{"@Name":"RuleName","#text":"-"},{"@Name":"UtcTime","#text":"2024-10-25 16:37:53.158"},{"@Name":"ProcessGuid","#text":"dbf410b3-c961-671b-cd00-000000003900"},{"@Name":"ProcessId","#text":"4488"},{"@Name":"Image","#text":"C:\\Windows\\System32\\conhost.exe"},{"@Name":"FileVersion","#text":"10.0.19041.4355 (WinBuild.160101.0800)"},{"@Name":"Description","#text":"Console Window Host"},{"@Name":"Product","#text":"Microsoft® Windows® Operating System"},{"@Name":"Company","#text":"Microsoft Corporation"},{"@Name":"OriginalFileName","#text":"CONHOST.EXE"},{"@Name":"CommandLine","#text":"\\??\\C:\\Windows\\system32\\conhost.exe 0xffffffff -ForceV1"},{"@Name":"CurrentDirectory","#text":"C:\\Windows"},{"@Name":"User","#text":"SERVER002\\admin_test"},{"@Name":"LogonGuid","#text":"dbf410b3-c94d-671b-9ff6-120000000000"},{"@Name":"LogonId","#text":"0x12F69F"},{"@Name":"TerminalSessionId","#text":"0"},{"@Name":"IntegrityLevel","#text":"High"},{"@Name":"Hashes","#text":"SHA256=CC0A60CD15FA21E54615E46CD0F10CFBE86F496DC64D14B31D9F3B415D120EE1"},{"@Name":"ParentProcessGuid","#text":"dbf410b3-c961-671b-cc00-000000003900"},{"@Name":"ParentProcessId","#text":"4068"},{"@Name":"ParentImage","#text":"C:\\Windows\\System32\\whoami.exe"},{"@Name":"ParentCommandLine","#text":"\"C:\\Windows\\system32\\whoami.exe\""},{"@Name":"ParentUser","#text":"SERVER002\\admin_test"}]}}}
{"Event":{"System":{"Provider":{"@Name":"Microsoft-Windows-Sysmon","@Guid":"5770385f-c22a-43e0-bf4c-06f5698ffbd9"},"EventID":"5","Version":"3","Level":"4","Task":"5","Opcode":"0","Keywords":"0x8000000000000000","TimeCreated":{"@SystemTime":"2024-10-25 16:37:53.2189466"},"EventRecordID":"17981","Correlation":null,"Execution":{"@ProcessID":"2840","@ThreadID":"1296"},"Channel":"Microsoft-Windows-Sysmon/Operational","Computer":"Server002","Security":{"@UserID":"S-1-5-18"}},"EventData":{"Data":[{"@Name":"RuleName","#text":"-"},{"@Name":"UtcTime","#text":"2024-10-25 16:37:53.217"},{"@Name":"ProcessGuid","#text":"dbf410b3-c961-671b-cc00-000000003900"},{"@Name":"ProcessId","#text":"4068"},{"@Name":"Image","#text":"C:\\Windows\\System32\\whoami.exe"},{"@Name":"User","#text":"SERVER002\\admin_test"}]}}}
{"Event":{"System":{"Provider":{"@Name":"Microsoft-Windows-Sysmon","@Guid":"5770385f-c22a-43e0-bf4c-06f5698ffbd9"},"EventID":"5","Version":"3","Level":"4","Task":"5","Opcode":"0","Keywords":"0x8000000000000000","TimeCreated":{"@SystemTime":"2024-10-25 16:37:53.2212781"},"EventRecordID":"17982","Correlation":null,"Execution":{"@ProcessID":"2840","@ThreadID":"1296"},"Channel":"Microsoft-Windows-Sysmon/Operational","Computer":"Server002","Security":{"@UserID":"S-1-5-18"}},"EventData":{"Data":[{"@Name":"RuleName","#text":"-"},{"@Name":"UtcTime","#text":"2024-10-25 16:37:53.217"},{"@Name":"ProcessGuid","#text":"dbf410b3-c961-671b-cd00-000000003900"},{"@Name":"ProcessId","#text":"4488"},{"@Name":"Image","#text":"C:\\Windows\\System32\\conhost.exe"},{"@Name":"User","#text":"SERVER002\\admin_test"}]}}}
{"Event":{"System":{"Provider":{"@Name":"Microsoft-Windows-Sysmon","@Guid":"5770385f-c22a-43e0-bf4c-06f5698ffbd9"},"EventID":"1","Version":"5","Level":"4","Task":"1","Opcode":"0","Keywords":"0x8000000000000000","TimeCreated":{"@SystemTime":"2024-10-25 16:37:53.5424092"},"EventRecordID":"17983","Correlation":null,"Execution":{"@ProcessID":"2840","@ThreadID":"1296"},"Channel":"Microsoft-Windows-Sysmon/Operational","Computer":"Server002","Security":{"@UserID":"S-1-5-18"}},"EventData":{"Data":[{"@Name":"RuleName","#text":"-"},{"@Name":"UtcTime","#text":"2024-10-25 16:37:53.530"},{"@Name":"ProcessGuid","#text":"dbf410b3-c961-671b-ce00-000000003900"},{"@Name":"ProcessId","#text":"5056"},{"@Name":"Image","#text":"C:\\Windows\\System32\\WindowsPowerShell\\v1.0\\powershell.exe"},{"@Name":"FileVersion","#text":"10.0.19041.3996 (WinBuild.160101.0800)"},{"@Name":"Description","#text":"Windows PowerShell"},{"@Name":"Product","#text":"Microsoft® Windows® Operating System"},{"@Name":"Company","#text":"Microsoft Corporation"},{"@Name":"OriginalFileName","#text":"PowerShell.EXE"},{"@Name":"CommandLine","#text":"\"powershell.exe\" &amp; {# Chromium, $chromium =  \\\"\"https://commondatastorage.googleapis.com/chromium-browser-snapshots/Win_x64/1153778/chrome-win.zip\\\"\", # uBlock Origin Lite to test side-loading, $extension = \\\"\"https://github.com/gorhill/uBlock/releases/download/uBOLite_0.1.23.6055/uBOLite_0.1.23.6055.chromium.mv3.zip\\\"\", Set-Location \\\"\"$env:TEMP\\\"\", Set-Variable ProgressPreference SilentlyContinue, Invoke-WebRequest -URI $chromium -OutFile \\\"\"$env:TEMP\\chrome.zip\\\"\", Invoke-WebRequest -URI $extension -OutFile \\\"\"$env:TEMP\\extension.zip\\\"\", Expand-Archive chrome.zip -DestinationPath \\\"\"$env:TEMP\\\"\" -Force, Expand-Archive extension.zip -Force, Start-Process .\\chrome-win\\chrome.exe --load-extension=\\\"\"$env:TEMP\\extension\\\\\"\" -PassThru}"},{"@Name":"CurrentDirectory","#text":"C:\\Users\\ADMIN_~1\\AppData\\Local\\Temp\\"},{"@Name":"User","#text":"SERVER002\\admin_test"},{"@Name":"LogonGuid","#text":"dbf410b3-c94d-671b-9ff6-120000000000"},{"@Name":"LogonId","#text":"0x12F69F"},{"@Name":"TerminalSessionId","#text":"0"},{"@Name":"IntegrityLevel","#text":"High"},{"@Name":"Hashes","#text":"SHA256=9785001B0DCF755EDDB8AF294A373C0B87B2498660F724E76C4D53F9C217C7A3"},{"@Name":"ParentProcessGuid","#text":"dbf410b3-c94d-671b-bb00-000000003900"},{"@Name":"ParentProcessId","#text":"1180"},{"@Name":"ParentImage","#text":"C:\\Windows\\System32\\wsmprovhost.exe"},{"@Name":"ParentCommandLine","#text":"C:\\Windows\\system32\\wsmprovhost.exe -Embedding"},{"@Name":"ParentUser","#text":"SERVER002\\admin_test"}]}}}
{"Event":{"System":{"Provider":{"@Name":"Microsoft-Windows-Sysmon","@Guid":"5770385f-c22a-43e0-bf4c-06f5698ffbd9"},"EventID":"1","Version":"5","Level":"4","Task":"1","Opcode":"0","Keywords":"0x8000000000000000","TimeCreated":{"@SystemTime":"2024-10-25 16:37:53.6496652"},"EventRecordID":"17984","Correlation":null,"Execution":{"@ProcessID":"2840","@ThreadID":"1296"},"Channel":"Microsoft-Windows-Sysmon/Operational","Computer":"Server002","Security":{"@UserID":"S-1-5-18"}},"EventData":{"Data":[{"@Name":"RuleName","#text":"-"},{"@Name":"UtcTime","#text":"2024-10-25 16:37:53.642"},{"@Name":"ProcessGuid","#text":"dbf410b3-c961-671b-cf00-000000003900"},{"@Name":"ProcessId","#text":"5112"},{"@Name":"Image","#text":"C:\\Windows\\System32\\conhost.exe"},{"@Name":"FileVersion","#text":"10.0.19041.4355 (WinBuild.160101.0800)"},{"@Name":"Description","#text":"Console Window Host"},{"@Name":"Product","#text":"Microsoft® Windows® Operating System"},{"@Name":"Company","#text":"Microsoft Corporation"},{"@Name":"OriginalFileName","#text":"CONHOST.EXE"},{"@Name":"CommandLine","#text":"\\??\\C:\\Windows\\system32\\conhost.exe 0xffffffff -ForceV1"},{"@Name":"CurrentDirectory","#text":"C:\\Windows"},{"@Name":"User","#text":"SERVER002\\admin_test"},{"@Name":"LogonGuid","#text":"dbf410b3-c94d-671b-9ff6-120000000000"},{"@Name":"LogonId","#text":"0x12F69F"},{"@Name":"TerminalSessionId","#text":"0"},{"@Name":"IntegrityLevel","#text":"High"},{"@Name":"Hashes","#text":"SHA256=CC0A60CD15FA21E54615E46CD0F10CFBE86F496DC64D14B31D9F3B415D120EE1"},{"@Name":"ParentProcessGuid","#text":"dbf410b3-c961-671b-ce00-000000003900"},{"@Name":"ParentProcessId","#text":"5056"},{"@Name":"ParentImage","#text":"C:\\Windows\\System32\\WindowsPowerShell\\v1.0\\powershell.exe"},{"@Name":"ParentCommandLine","#text":"\"powershell.exe\" &amp; {# Chromium, $chromium =  \\\"\"https://commondatastorage.googleapis.com/chromium-browser-snapshots/Win_x64/1153778/chrome-win.zip\\\"\", # uBlock Origin Lite to test side-loading, $extension = \\\"\"https://github.com/gorhill/uBlock/releases/download/uBOLite_0.1.23.6055/uBOLite_0.1.23.6055.chromium.mv3.zip\\\"\", Set-Location \\\"\"$env:TEMP\\\"\", Set-Variable ProgressPreference SilentlyContinue, Invoke-WebRequest -URI $chromium -OutFile \\\"\"$env:TEMP\\chrome.zip\\\"\", Invoke-WebRequest -URI $extension -OutFile \\\"\"$env:TEMP\\extension.zip\\\"\", Expand-Archive chrome.zip -DestinationPath \\\"\"$env:TEMP\\\"\" -Force, Expand-Archive extension.zip -Force, Start-Process .\\chrome-win\\chrome.exe --load-extension=\\\"\"$env:TEMP\\extension\\\\\"\" -PassThru}"},{"@Name":"ParentUser","#text":"SERVER002\\admin_test"}]}}}
{"Event":{"System":{"Provider":{"@Name":"Microsoft-Windows-Sysmon","@Guid":"5770385f-c22a-43e0-bf4c-06f5698ffbd9"},"EventID":"5","Version":"3","Level":"4","Task":"5","Opcode":"0","Keywords":"0x8000000000000000","TimeCreated":{"@SystemTime":"2024-10-25 16:38:00.7100612"},"EventRecordID":"17985","Correlation":null,"Execution":{"@ProcessID":"2840","@ThreadID":"1296"},"Channel":"Microsoft-Windows-Sysmon/Operational","Computer":"Server002","Security":{"@UserID":"S-1-5-18"}},"EventData":{"Data":[{"@Name":"RuleName","#text":"-"},{"@Name":"UtcTime","#text":"2024-10-25 16:38:00.706"},{"@Name":"ProcessGuid","#text":"dbf410b3-c930-671b-ae00-000000003900"},{"@Name":"ProcessId","#text":"6836"},{"@Name":"Image","#text":"C:\\Windows\\System32\\svchost.exe"},{"@Name":"User","#text":"NT AUTHORITY\\SYSTEM"}]}}}
{"Event":{"System":{"Provider":{"@Name":"Microsoft-Windows-Sysmon","@Guid":"5770385f-c22a-43e0-bf4c-06f5698ffbd9"},"EventID":"5","Version":"3","Level":"4","Task":"5","Opcode":"0","Keywords":"0x8000000000000000","TimeCreated":{"@SystemTime":"2024-10-25 16:38:03.8554909"},"EventRecordID":"17986","Correlation":null,"Execution":{"@ProcessID":"2840","@ThreadID":"1296"},"Channel":"Microsoft-Windows-Sysmon/Operational","Computer":"Server002","Security":{"@UserID":"S-1-5-18"}},"EventData":{"Data":[{"@Name":"RuleName","#text":"-"},{"@Name":"UtcTime","#text":"2024-10-25 16:38:03.853"},{"@Name":"ProcessGuid","#text":"dbf410b3-c945-671b-b700-000000003900"},{"@Name":"ProcessId","#text":"5364"},{"@Name":"Image","#text":"C:\\Windows\\System32\\sppsvc.exe"},{"@Name":"User","#text":"NT AUTHORITY\\NETWORK SERVICE"}]}}}
{"Event":{"System":{"Provider":{"@Name":"Microsoft-Windows-Sysmon","@Guid":"5770385f-c22a-43e0-bf4c-06f5698ffbd9"},"EventID":"1","Version":"5","Level":"4","Task":"1","Opcode":"0","Keywords":"0x8000000000000000","TimeCreated":{"@SystemTime":"2024-10-25 16:38:04.1189187"},"EventRecordID":"17987","Correlation":null,"Execution":{"@ProcessID":"2840","@ThreadID":"1296"},"Channel":"Microsoft-Windows-Sysmon/Operational","Computer":"Server002","Security":{"@UserID":"S-1-5-18"}},"EventData":{"Data":[{"@Name":"RuleName","#text":"-"},{"@Name":"UtcTime","#text":"2024-10-25 16:38:04.114"},{"@Name":"ProcessGuid","#text":"dbf410b3-c96c-671b-d000-000000003900"},{"@Name":"ProcessId","#text":"2576"},{"@Name":"Image","#text":"C:\\Program Files (x86)\\Microsoft\\EdgeUpdate\\MicrosoftEdgeUpdate.exe"},{"@Name":"FileVersion","#text":"1.3.147.37"},{"@Name":"Description","#text":"Microsoft Edge Update"},{"@Name":"Product","#text":"Microsoft Edge Update"},{"@Name":"Company","#text":"Microsoft Corporation"},{"@Name":"OriginalFileName","#text":"msedgeupdate.dll"},{"@Name":"CommandLine","#text":"\"C:\\Program Files (x86)\\Microsoft\\EdgeUpdate\\MicrosoftEdgeUpdate.exe\" /svc"},{"@Name":"CurrentDirectory","#text":"C:\\Windows\\system32\\"},{"@Name":"User","#text":"NT AUTHORITY\\SYSTEM"},{"@Name":"LogonGuid","#text":"dbf410b3-e4f9-671b-e703-000000000000"},{"@Name":"LogonId","#text":"0x3E7"},{"@Name":"TerminalSessionId","#text":"0"},{"@Name":"IntegrityLevel","#text":"System"},{"@Name":"Hashes","#text":"SHA256=3096D8E82917A9B73F322F4B1743E52E9B0C8B3C5933A957E73E29D6973CDD5B"},{"@Name":"ParentProcessGuid","#text":"00000000-0000-0000-0000-000000000000"},{"@Name":"ParentProcessId","#text":"660"},{"@Name":"ParentImage","#text":"-"},{"@Name":"ParentCommandLine","#text":"-"},{"@Name":"ParentUser","#text":"-"}]}}}
{"Event":{"System":{"Provider":{"@Name":"Microsoft-Windows-Sysmon","@Guid":"5770385f-c22a-43e0-bf4c-06f5698ffbd9"},"EventID":"1","Version":"5","Level":"4","Task":"1","Opcode":"0","Keywords":"0x8000000000000000","TimeCreated":{"@SystemTime":"2024-10-25 16:38:19.9505356"},"EventRecordID":"17988","Correlation":null,"Execution":{"@ProcessID":"2840","@ThreadID":"1296"},"Channel":"Microsoft-Windows-Sysmon/Operational","Computer":"Server002","Security":{"@UserID":"S-1-5-18"}},"EventData":{"Data":[{"@Name":"RuleName","#text":"-"},{"@Name":"UtcTime","#text":"2024-10-25 16:38:19.932"},{"@Name":"ProcessGuid","#text":"dbf410b3-c97b-671b-d100-000000003900"},{"@Name":"ProcessId","#text":"2540"},{"@Name":"Image","#text":"C:\\Program Files (x86)\\Microsoft\\EdgeUpdate\\Install\\{166AA107-88A3-448E-8F15-DBADEEC1D083}\\MicrosoftEdgeUpdateSetup_X86_1.3.195.27.exe"},{"@Name":"FileVersion","#text":"1.3.195.27"},{"@Name":"Description","#text":"Microsoft Edge Update Setup"},{"@Name":"Product","#text":"Microsoft Edge Update"},{"@Name":"Company","#text":"Microsoft Corporation"},{"@Name":"OriginalFileName","#text":"MicrosoftEdgeUpdateSetup.exe"},{"@Name":"CommandLine","#text":"\"C:\\Program Files (x86)\\Microsoft\\EdgeUpdate\\Install\\{166AA107-88A3-448E-8F15-DBADEEC1D083}\\MicrosoftEdgeUpdateSetup_X86_1.3.195.27.exe\" /update /sessionid \"{058A2C1D-4857-4538-BA08-0EDDA031B508}\""},{"@Name":"CurrentDirectory","#text":"C:\\Program Files (x86)\\Microsoft\\EdgeUpdate\\1.3.195.25\\"},{"@Name":"User","#text":"NT AUTHORITY\\SYSTEM"},{"@Name":"LogonGuid","#text":"dbf410b3-e4f9-671b-e703-000000000000"},{"@Name":"LogonId","#text":"0x3E7"},{"@Name":"TerminalSessionId","#text":"0"},{"@Name":"IntegrityLevel","#text":"System"},{"@Name":"Hashes","#text":"SHA256=0A72666092EAD1E76DF637ADD3C76CE00F7F2DB1F3E2A8AF092D8BBE2F4CD91E"},{"@Name":"ParentProcessGuid","#text":"dbf410b3-c96c-671b-d000-000000003900"},{"@Name":"ParentProcessId","#text":"2576"},{"@Name":"ParentImage","#text":"C:\\Program Files (x86)\\Microsoft\\EdgeUpdate\\MicrosoftEdgeUpdate.exe"},{"@Name":"ParentCommandLine","#text":"\"C:\\Program Files (x86)\\Microsoft\\EdgeUpdate\\MicrosoftEdgeUpdate.exe\" /svc"},{"@Name":"ParentUser","#text":"NT AUTHORITY\\SYSTEM"}]}}}

{"Event":{"System":{"Provider":{"@Name":"Microsoft-Windows-Sysmon","@Guid":"5770385f-c22a-43e0-bf4c-06f5698ffbd9"},"EventID":"5","Version":"3","Level":"4","Task":"5","Opcode":"0","Keywords":"0x8000000000000000","TimeCreated":{"@SystemTime":"2024-10-25 16:38:21.5304697"},"EventRecordID":"17990","Correlation":null,"Execution":{"@ProcessID":"2840","@ThreadID":"1296"},"Channel":"Microsoft-Windows-Sysmon/Operational","Computer":"Server002","Security":{"@UserID":"S-1-5-18"}},"EventData":{"Data":[{"@Name":"RuleName","#text":"-"},{"@Name":"UtcTime","#text":"2024-10-25 16:38:21.507"},{"@Name":"ProcessGuid","#text":"dbf410b3-c97c-671b-d200-000000003900"},{"@Name":"ProcessId","#text":"5816"},{"@Name":"Image","#text":"C:\\Program Files (x86)\\Microsoft\\EdgeUpdate\\MicrosoftEdgeUpdate.exe"},{"@Name":"User","#text":"NT AUTHORITY\\SYSTEM"}]}}}
{"Event":{"System":{"Provider":{"@Name":"Microsoft-Windows-Sysmon","@Guid":"5770385f-c22a-43e0-bf4c-06f5698ffbd9"},"EventID":"5","Version":"3","Level":"4","Task":"5","Opcode":"0","Keywords":"0x8000000000000000","TimeCreated":{"@SystemTime":"2024-10-25 16:38:21.5474370"},"EventRecordID":"17991","Correlation":null,"Execution":{"@ProcessID":"2840","@ThreadID":"1296"},"Channel":"Microsoft-Windows-Sysmon/Operational","Computer":"Server002","Security":{"@UserID":"S-1-5-18"}},"EventData":{"Data":[{"@Name":"RuleName","#text":"-"},{"@Name":"UtcTime","#text":"2024-10-25 16:38:21.537"},{"@Name":"ProcessGuid","#text":"dbf410b3-c96c-671b-d000-000000003900"},{"@Name":"ProcessId","#text":"2576"},{"@Name":"Image","#text":"C:\\Program Files (x86)\\Microsoft\\EdgeUpdate\\MicrosoftEdgeUpdate.exe"},{"@Name":"User","#text":"NT AUTHORITY\\SYSTEM"}]}}}
{"Event":{"System":{"Provider":{"@Name":"Microsoft-Windows-Sysmon","@Guid":"5770385f-c22a-43e0-bf4c-06f5698ffbd9"},"EventID":"5","Version":"3","Level":"4","Task":"5","Opcode":"0","Keywords":"0x8000000000000000","TimeCreated":{"@SystemTime":"2024-10-25 16:38:24.4811476"},"EventRecordID":"17992","Correlation":null,"Execution":{"@ProcessID":"2840","@ThreadID":"1296"},"Channel":"Microsoft-Windows-Sysmon/Operational","Computer":"Server002","Security":{"@UserID":"S-1-5-18"}},"EventData":{"Data":[{"@Name":"RuleName","#text":"-"},{"@Name":"UtcTime","#text":"2024-10-25 16:38:24.478"},{"@Name":"ProcessGuid","#text":"dbf410b3-c945-671b-b400-000000003900"},{"@Name":"ProcessId","#text":"4816"},{"@Name":"Image","#text":"C:\\Program Files (x86)\\Microsoft\\EdgeUpdate\\MicrosoftEdgeUpdate.exe"},{"@Name":"User","#text":"NT AUTHORITY\\SYSTEM"}]}}}
{"Event":{"System":{"Provider":{"@Name":"Microsoft-Windows-Sysmon","@Guid":"5770385f-c22a-43e0-bf4c-06f5698ffbd9"},"EventID":"1","Version":"5","Level":"4","Task":"1","Opcode":"0","Keywords":"0x8000000000000000","TimeCreated":{"@SystemTime":"2024-10-25 16:38:28.6875661"},"EventRecordID":"17993","Correlation":null,"Execution":{"@ProcessID":"2840","@ThreadID":"1296"},"Channel":"Microsoft-Windows-Sysmon/Operational","Computer":"Server002","Security":{"@UserID":"S-1-5-18"}},"EventData":{"Data":[{"@Name":"RuleName","#text":"-"},{"@Name":"UtcTime","#text":"2024-10-25 16:38:28.667"},{"@Name":"ProcessGuid","#text":"dbf410b3-c984-671b-d300-000000003900"},{"@Name":"ProcessId","#text":"1532"},{"@Name":"Image","#text":"C:\\Program Files (x86)\\Microsoft\\Temp\\EU512.tmp\\MicrosoftEdgeUpdate.exe"},{"@Name":"FileVersion","#text":"1.3.195.27"},{"@Name":"Description","#text":"Microsoft Edge Update"},{"@Name":"Product","#text":"Microsoft Edge Update"},{"@Name":"Company","#text":"Microsoft Corporation"},{"@Name":"OriginalFileName","#text":"msedgeupdate.dll"},{"@Name":"CommandLine","#text":"\"C:\\Program Files (x86)\\Microsoft\\Temp\\EU512.tmp\\MicrosoftEdgeUpdate.exe\" /update /sessionid \"{058A2C1D-4857-4538-BA08-0EDDA031B508}\""},{"@Name":"CurrentDirectory","#text":"C:\\Program Files (x86)\\Microsoft\\EdgeUpdate\\1.3.195.25\\"},{"@Name":"User","#text":"NT AUTHORITY\\SYSTEM"},{"@Name":"LogonGuid","#text":"dbf410b3-e4f9-671b-e703-000000000000"},{"@Name":"LogonId","#text":"0x3E7"},{"@Name":"TerminalSessionId","#text":"0"},{"@Name":"IntegrityLevel","#text":"System"},{"@Name":"Hashes","#text":"SHA256=4EFCC591343962C4E518E94B9265AB444CA07423254EF7B2828C9478E9A88F5C"},{"@Name":"ParentProcessGuid","#text":"dbf410b3-c97b-671b-d100-000000003900"},{"@Name":"ParentProcessId","#text":"2540"},{"@Name":"ParentImage","#text":"C:\\Program Files (x86)\\Microsoft\\EdgeUpdate\\Install\\{166AA107-88A3-448E-8F15-DBADEEC1D083}\\MicrosoftEdgeUpdateSetup_X86_1.3.195.27.exe"},{"@Name":"ParentCommandLine","#text":"\"C:\\Program Files (x86)\\Microsoft\\EdgeUpdate\\Install\\{166AA107-88A3-448E-8F15-DBADEEC1D083}\\MicrosoftEdgeUpdateSetup_X86_1.3.195.27.exe\" /update /sessionid \"{058A2C1D-4857-4538-BA08-0EDDA031B508}\""},{"@Name":"ParentUser","#text":"NT AUTHORITY\\SYSTEM"}]}}}
{"Event":{"System":{"Provider":{"@Name":"Microsoft-Windows-Sysmon","@Guid":"5770385f-c22a-43e0-bf4c-06f5698ffbd9"},"EventID":"1","Version":"5","Level":"4","Task":"1","Opcode":"0","Keywords":"0x8000000000000000","TimeCreated":{"@SystemTime":"2024-10-25 16:38:29.7133063"},"EventRecordID":"17994","Correlation":null,"Execution":{"@ProcessID":"2840","@ThreadID":"1296"},"Channel":"Microsoft-Windows-Sysmon/Operational","Computer":"Server002","Security":{"@UserID":"S-1-5-18"}},"EventData":{"Data":[{"@Name":"RuleName","#text":"-"},{"@Name":"UtcTime","#text":"2024-10-25 16:38:29.695"},{"@Name":"ProcessGuid","#text":"dbf410b3-c985-671b-d400-000000003900"},{"@Name":"ProcessId","#text":"6180"},{"@Name":"Image","#text":"C:\\Users\\admin_test\\AppData\\Local\\Temp\\chrome-win\\chrome.exe"},{"@Name":"FileVersion","#text":"116.0.5816.0"},{"@Name":"Description","#text":"Chromium"},{"@Name":"Product","#text":"Chromium"},{"@Name":"Company","#text":"The Chromium Authors"},{"@Name":"OriginalFileName","#text":"chrome.exe"},{"@Name":"CommandLine","#text":"\"C:\\Users\\admin_test\\AppData\\Local\\Temp\\chrome-win\\chrome.exe\" --load-extension=C:\\Users\\ADMIN_~1\\AppData\\Local\\Temp\\extension\\ "},{"@Name":"CurrentDirectory","#text":"C:\\Users\\admin_test\\AppData\\Local\\Temp\\"},{"@Name":"User","#text":"SERVER002\\admin_test"},{"@Name":"LogonGuid","#text":"dbf410b3-c94d-671b-9ff6-120000000000"},{"@Name":"LogonId","#text":"0x12F69F"},{"@Name":"TerminalSessionId","#text":"0"},{"@Name":"IntegrityLevel","#text":"High"},{"@Name":"Hashes","#text":"SHA256=D7C9B99AA403C0E629086E8E4ACF6438A5489FE9070DC22D6B033D759414FB76"},{"@Name":"ParentProcessGuid","#text":"dbf410b3-c961-671b-ce00-000000003900"},{"@Name":"ParentProcessId","#text":"5056"},{"@Name":"ParentImage","#text":"C:\\Windows\\System32\\WindowsPowerShell\\v1.0\\powershell.exe"},{"@Name":"ParentCommandLine","#text":"\"powershell.exe\" &amp; {# Chromium, $chromium =  \\\"\"https://commondatastorage.googleapis.com/chromium-browser-snapshots/Win_x64/1153778/chrome-win.zip\\\"\", # uBlock Origin Lite to test side-loading, $extension = \\\"\"https://github.com/gorhill/uBlock/releases/download/uBOLite_0.1.23.6055/uBOLite_0.1.23.6055.chromium.mv3.zip\\\"\", Set-Location \\\"\"$env:TEMP\\\"\", Set-Variable ProgressPreference SilentlyContinue, Invoke-WebRequest -URI $chromium -OutFile \\\"\"$env:TEMP\\chrome.zip\\\"\", Invoke-WebRequest -URI $extension -OutFile \\\"\"$env:TEMP\\extension.zip\\\"\", Expand-Archive chrome.zip -DestinationPath \\\"\"$env:TEMP\\\"\" -Force, Expand-Archive extension.zip -Force, Start-Process .\\chrome-win\\chrome.exe --load-extension=\\\"\"$env:TEMP\\extension\\\\\"\" -PassThru}"},{"@Name":"ParentUser","#text":"SERVER002\\admin_test"}]}}}
{"Event":{"System":{"Provider":{"@Name":"Microsoft-Windows-Sysmon","@Guid":"5770385f-c22a-43e0-bf4c-06f5698ffbd9"},"EventID":"1","Version":"5","Level":"4","Task":"1","Opcode":"0","Keywords":"0x8000000000000000","TimeCreated":{"@SystemTime":"2024-10-25 16:38:30.0010778"},"EventRecordID":"17995","Correlation":null,"Execution":{"@ProcessID":"2840","@ThreadID":"1296"},"Channel":"Microsoft-Windows-Sysmon/Operational","Computer":"Server002","Security":{"@UserID":"S-1-5-18"}},"EventData":{"Data":[{"@Name":"RuleName","#text":"-"},{"@Name":"UtcTime","#text":"2024-10-25 16:38:29.996"},{"@Name":"ProcessGuid","#text":"dbf410b3-c985-671b-d500-000000003900"},{"@Name":"ProcessId","#text":"6892"},{"@Name":"Image","#text":"C:\\Users\\admin_test\\AppData\\Local\\Temp\\chrome-win\\chrome.exe"},{"@Name":"FileVersion","#text":"116.0.5816.0"},{"@Name":"Description","#text":"Chromium"},{"@Name":"Product","#text":"Chromium"},{"@Name":"Company","#text":"The Chromium Authors"},{"@Name":"OriginalFileName","#text":"chrome.exe"},{"@Name":"CommandLine","#text":"C:\\Users\\admin_test\\AppData\\Local\\Temp\\chrome-win\\chrome.exe --type=crashpad-handler \"--user-data-dir=C:\\Users\\admin_test\\AppData\\Local\\Chromium\\User Data\" /prefetch:7 --monitor-self --monitor-self-argument=--type=crashpad-handler \"--monitor-self-argument=--user-data-dir=C:\\Users\\admin_test\\AppData\\Local\\Chromium\\User Data\" --monitor-self-argument=/prefetch:7 --monitor-self-annotation=ptype=crashpad-handler \"--database=C:\\Users\\admin_test\\AppData\\Local\\Chromium\\User Data\\Crashpad\" --annotation=plat=Win64 --annotation=prod=Chromium --annotation=ver=116.0.5816.0-devel --initial-client-data=0x128,0x12c,0x130,0x104,0x134,0x7ff81049caf0,0x7ff81049cb00,0x7ff81049cb10"},{"@Name":"CurrentDirectory","#text":"C:\\Users\\admin_test\\AppData\\Local\\Temp\\chrome-win\\"},{"@Name":"User","#text":"SERVER002\\admin_test"},{"@Name":"LogonGuid","#text":"dbf410b3-c94d-671b-9ff6-120000000000"},{"@Name":"LogonId","#text":"0x12F69F"},{"@Name":"TerminalSessionId","#text":"0"},{"@Name":"IntegrityLevel","#text":"High"},{"@Name":"Hashes","#text":"SHA256=D7C9B99AA403C0E629086E8E4ACF6438A5489FE9070DC22D6B033D759414FB76"},{"@Name":"ParentProcessGuid","#text":"dbf410b3-c985-671b-d400-000000003900"},{"@Name":"ParentProcessId","#text":"6180"},{"@Name":"ParentImage","#text":"C:\\Users\\admin_test\\AppData\\Local\\Temp\\chrome-win\\chrome.exe"},{"@Name":"ParentCommandLine","#text":"\"C:\\Users\\admin_test\\AppData\\Local\\Temp\\chrome-win\\chrome.exe\" --load-extension=C:\\Users\\ADMIN_~1\\AppData\\Local\\Temp\\extension\\ "},{"@Name":"ParentUser","#text":"SERVER002\\admin_test"}]}}}
{"Event":{"System":{"Provider":{"@Name":"Microsoft-Windows-Sysmon","@Guid":"5770385f-c22a-43e0-bf4c-06f5698ffbd9"},"EventID":"1","Version":"5","Level":"4","Task":"1","Opcode":"0","Keywords":"0x8000000000000000","TimeCreated":{"@SystemTime":"2024-10-25 16:38:30.5706244"},"EventRecordID":"17996","Correlation":null,"Execution":{"@ProcessID":"2840","@ThreadID":"1296"},"Channel":"Microsoft-Windows-Sysmon/Operational","Computer":"Server002","Security":{"@UserID":"S-1-5-18"}},"EventData":{"Data":[{"@Name":"RuleName","#text":"-"},{"@Name":"UtcTime","#text":"2024-10-25 16:38:30.559"},{"@Name":"ProcessGuid","#text":"dbf410b3-c986-671b-d600-000000003900"},{"@Name":"ProcessId","#text":"6816"},{"@Name":"Image","#text":"C:\\Users\\admin_test\\AppData\\Local\\Temp\\chrome-win\\chrome.exe"},{"@Name":"FileVersion","#text":"116.0.5816.0"},{"@Name":"Description","#text":"Chromium"},{"@Name":"Product","#text":"Chromium"},{"@Name":"Company","#text":"The Chromium Authors"},{"@Name":"OriginalFileName","#text":"chrome.exe"},{"@Name":"CommandLine","#text":"C:\\Users\\admin_test\\AppData\\Local\\Temp\\chrome-win\\chrome.exe --type=crashpad-handler \"--user-data-dir=C:\\Users\\admin_test\\AppData\\Local\\Chromium\\User Data\" /prefetch:7 --no-periodic-tasks --monitor-self-annotation=ptype=crashpad-handler \"--database=C:\\Users\\admin_test\\AppData\\Local\\Chromium\\User Data\\Crashpad\" --annotation=plat=Win64 --annotation=prod=Chromium --annotation=ver=116.0.5816.0-devel --initial-client-data=0x198,0x19c,0x1a0,0x174,0x1a4,0x7ff70d2fee90,0x7ff70d2feea0,0x7ff70d2feeb0"},{"@Name":"CurrentDirectory","#text":"C:\\Users\\admin_test\\AppData\\Local\\Temp\\chrome-win\\"},{"@Name":"User","#text":"SERVER002\\admin_test"},{"@Name":"LogonGuid","#text":"dbf410b3-c94d-671b-9ff6-120000000000"},{"@Name":"LogonId","#text":"0x12F69F"},{"@Name":"TerminalSessionId","#text":"0"},{"@Name":"IntegrityLevel","#text":"High"},{"@Name":"Hashes","#text":"SHA256=D7C9B99AA403C0E629086E8E4ACF6438A5489FE9070DC22D6B033D759414FB76"},{"@Name":"ParentProcessGuid","#text":"dbf410b3-c985-671b-d500-000000003900"},{"@Name":"ParentProcessId","#text":"6892"},{"@Name":"ParentImage","#text":"C:\\Users\\admin_test\\AppData\\Local\\Temp\\chrome-win\\chrome.exe"},{"@Name":"ParentCommandLine","#text":"C:\\Users\\admin_test\\AppData\\Local\\Temp\\chrome-win\\chrome.exe --type=crashpad-handler \"--user-data-dir=C:\\Users\\admin_test\\AppData\\Local\\Chromium\\User Data\" /prefetch:7 --monitor-self --monitor-self-argument=--type=crashpad-handler \"--monitor-self-argument=--user-data-dir=C:\\Users\\admin_test\\AppData\\Local\\Chromium\\User Data\" --monitor-self-argument=/prefetch:7 --monitor-self-annotation=ptype=crashpad-handler \"--database=C:\\Users\\admin_test\\AppData\\Local\\Chromium\\User Data\\Crashpad\" --annotation=plat=Win64 --annotation=prod=Chromium --annotation=ver=116.0.5816.0-devel --initial-client-data=0x128,0x12c,0x130,0x104,0x134,0x7ff81049caf0,0x7ff81049cb00,0x7ff81049cb10"},{"@Name":"ParentUser","#text":"SERVER002\\admin_test"}]}}}
{"Event":{"System":{"Provider":{"@Name":"Microsoft-Windows-Sysmon","@Guid":"5770385f-c22a-43e0-bf4c-06f5698ffbd9"},"EventID":"5","Version":"3","Level":"4","Task":"5","Opcode":"0","Keywords":"0x8000000000000000","TimeCreated":{"@SystemTime":"2024-10-25 16:38:30.5877333"},"EventRecordID":"17997","Correlation":null,"Execution":{"@ProcessID":"2840","@ThreadID":"1296"},"Channel":"Microsoft-Windows-Sysmon/Operational","Computer":"Server002","Security":{"@UserID":"S-1-5-18"}},"EventData":{"Data":[{"@Name":"RuleName","#text":"-"},{"@Name":"UtcTime","#text":"2024-10-25 16:38:30.580"},{"@Name":"ProcessGuid","#text":"dbf410b3-c986-671b-d600-000000003900"},{"@Name":"ProcessId","#text":"6816"},{"@Name":"Image","#text":"C:\\Users\\admin_test\\AppData\\Local\\Temp\\chrome-win\\chrome.exe"},{"@Name":"User","#text":"SERVER002\\admin_test"}]}}}
{"Event":{"System":{"Provider":{"@Name":"Microsoft-Windows-Sysmon","@Guid":"5770385f-c22a-43e0-bf4c-06f5698ffbd9"},"EventID":"5","Version":"3","Level":"4","Task":"5","Opcode":"0","Keywords":"0x8000000000000000","TimeCreated":{"@SystemTime":"2024-10-25 16:38:30.5993465"},"EventRecordID":"17998","Correlation":null,"Execution":{"@ProcessID":"2840","@ThreadID":"1296"},"Channel":"Microsoft-Windows-Sysmon/Operational","Computer":"Server002","Security":{"@UserID":"S-1-5-18"}},"EventData":{"Data":[{"@Name":"RuleName","#text":"-"},{"@Name":"UtcTime","#text":"2024-10-25 16:38:30.580"},{"@Name":"ProcessGuid","#text":"dbf410b3-c985-671b-d500-000000003900"},{"@Name":"ProcessId","#text":"6892"},{"@Name":"Image","#text":"C:\\Users\\admin_test\\AppData\\Local\\Temp\\chrome-win\\chrome.exe"},{"@Name":"User","#text":"SERVER002\\admin_test"}]}}}
{"Event":{"System":{"Provider":{"@Name":"Microsoft-Windows-Sysmon","@Guid":"5770385f-c22a-43e0-bf4c-06f5698ffbd9"},"EventID":"5","Version":"3","Level":"4","Task":"5","Opcode":"0","Keywords":"0x8000000000000000","TimeCreated":{"@SystemTime":"2024-10-25 16:38:30.9178281"},"EventRecordID":"17999","Correlation":null,"Execution":{"@ProcessID":"2840","@ThreadID":"1296"},"Channel":"Microsoft-Windows-Sysmon/Operational","Computer":"Server002","Security":{"@UserID":"S-1-5-18"}},"EventData":{"Data":[{"@Name":"RuleName","#text":"-"},{"@Name":"UtcTime","#text":"2024-10-25 16:38:30.907"},{"@Name":"ProcessGuid","#text":"dbf410b3-c8e9-671b-8b00-000000003900"},{"@Name":"ProcessId","#text":"5400"},{"@Name":"Image","#text":"C:\\Windows\\WinSxS\\amd64_microsoft-windows-servicingstack_31bf3856ad364e35_10.0.19041.4950_none_7dd913727cb4d87c\\TiWorker.exe"},{"@Name":"User","#text":"NT AUTHORITY\\SYSTEM"}]}}}
{"Event":{"System":{"Provider":{"@Name":"Microsoft-Windows-Sysmon","@Guid":"5770385f-c22a-43e0-bf4c-06f5698ffbd9"},"EventID":"5","Version":"3","Level":"4","Task":"5","Opcode":"0","Keywords":"0x8000000000000000","TimeCreated":{"@SystemTime":"2024-10-25 16:38:31.1542189"},"EventRecordID":"18000","Correlation":null,"Execution":{"@ProcessID":"2840","@ThreadID":"1296"},"Channel":"Microsoft-Windows-Sysmon/Operational","Computer":"Server002","Security":{"@UserID":"S-1-5-18"}},"EventData":{"Data":[{"@Name":"RuleName","#text":"-"},{"@Name":"UtcTime","#text":"2024-10-25 16:38:31.144"},{"@Name":"ProcessGuid","#text":"dbf410b3-c8e8-671b-8900-000000003900"},{"@Name":"ProcessId","#text":"5320"},{"@Name":"Image","#text":"C:\\Windows\\servicing\\TrustedInstaller.exe"},{"@Name":"User","#text":"NT AUTHORITY\\SYSTEM"}]}}}
{"Event":{"System":{"Provider":{"@Name":"Microsoft-Windows-Sysmon","@Guid":"5770385f-c22a-43e0-bf4c-06f5698ffbd9"},"EventID":"5","Version":"3","Level":"4","Task":"5","Opcode":"0","Keywords":"0x8000000000000000","TimeCreated":{"@SystemTime":"2024-10-25 16:38:31.7800872"},"EventRecordID":"18001","Correlation":null,"Execution":{"@ProcessID":"2840","@ThreadID":"1296"},"Channel":"Microsoft-Windows-Sysmon/Operational","Computer":"Server002","Security":{"@UserID":"S-1-5-18"}},"EventData":{"Data":[{"@Name":"RuleName","#text":"-"},{"@Name":"UtcTime","#text":"2024-10-25 16:38:31.759"},{"@Name":"ProcessGuid","#text":"dbf410b3-c961-671b-ce00-000000003900"},{"@Name":"ProcessId","#text":"5056"},{"@Name":"Image","#text":"C:\\Windows\\System32\\WindowsPowerShell\\v1.0\\powershell.exe"},{"@Name":"User","#text":"SERVER002\\admin_test"}]}}}
{"Event":{"System":{"Provider":{"@Name":"Microsoft-Windows-Sysmon","@Guid":"5770385f-c22a-43e0-bf4c-06f5698ffbd9"},"EventID":"5","Version":"3","Level":"4","Task":"5","Opcode":"0","Keywords":"0x8000000000000000","TimeCreated":{"@SystemTime":"2024-10-25 16:38:31.7858340"},"EventRecordID":"18002","Correlation":null,"Execution":{"@ProcessID":"2840","@ThreadID":"1296"},"Channel":"Microsoft-Windows-Sysmon/Operational","Computer":"Server002","Security":{"@UserID":"S-1-5-18"}},"EventData":{"Data":[{"@Name":"RuleName","#text":"-"},{"@Name":"UtcTime","#text":"2024-10-25 16:38:31.782"},{"@Name":"ProcessGuid","#text":"dbf410b3-c961-671b-cf00-000000003900"},{"@Name":"ProcessId","#text":"5112"},{"@Name":"Image","#text":"C:\\Windows\\System32\\conhost.exe"},{"@Name":"User","#text":"SERVER002\\admin_test"}]}}}
{"Event":{"System":{"Provider":{"@Name":"Microsoft-Windows-Sysmon","@Guid":"5770385f-c22a-43e0-bf4c-06f5698ffbd9"},"EventID":"5","Version":"3","Level":"4","Task":"5","Opcode":"0","Keywords":"0x8000000000000000","TimeCreated":{"@SystemTime":"2024-10-25 16:38:31.9469666"},"EventRecordID":"18003","Correlation":null,"Execution":{"@ProcessID":"2840","@ThreadID":"1296"},"Channel":"Microsoft-Windows-Sysmon/Operational","Computer":"Server002","Security":{"@UserID":"S-1-5-18"}},"EventData":{"Data":[{"@Name":"RuleName","#text":"-"},{"@Name":"UtcTime","#text":"2024-10-25 16:38:31.935"},{"@Name":"ProcessGuid","#text":"dbf410b3-c945-671b-b300-000000003900"},{"@Name":"ProcessId","#text":"4716"},{"@Name":"Image","#text":"C:\\Program Files (x86)\\Microsoft\\EdgeUpdate\\MicrosoftEdgeUpdate.exe"},{"@Name":"User","#text":"NT AUTHORITY\\SYSTEM"}]}}}
