{"Event":{"System":{"Provider":{"@Name":"Microsoft-Windows-Sysmon","@Guid":"5770385f-c22a-43e0-bf4c-06f5698ffbd9"},"EventID":"5","Version":"3","Level":"4","Task":"5","Opcode":"0","Keywords":"100","TimeCreated":{"@SystemTime":"2025-05-02 08:51:24.1825079"},"EventRecordID":"60047","Correlation":null,"Execution":{"@ProcessID":"2488","@ThreadID":"4156"},"Channel":"Microsoft-Windows-Sysmon/Operational","Computer":"Server002","Security":{"@UserID":"S-1-5-18"}},"EventData":{"Data":[{"@Name":"RuleName","#text":"-"},{"@Name":"UtcTime","#text":"2025-05-02 08:51:24.082"},{"@Name":"ProcessGuid","#text":"dbf410b3-878a-6814-6200-000000004500"},{"@Name":"ProcessId","#text":"4580"},{"@Name":"Image","#text":"C:\Windows\System32\wevtutil.exe"},{"@Name":"User","#text":"NT AUTHORITY\SYSTEM"}]}}}
{"Event":{"System":{"Provider":{"@Name":"Microsoft-Windows-Sysmon","@Guid":"5770385f-c22a-43e0-bf4c-06f5698ffbd9"},"EventID":"1","Version":"5","Level":"4","Task":"1","Opcode":"0","Keywords":"100","TimeCreated":{"@SystemTime":"2025-05-02 08:51:24.3464230"},"EventRecordID":"60048","Correlation":null,"Execution":{"@ProcessID":"2488","@ThreadID":"4156"},"Channel":"Microsoft-Windows-Sysmon/Operational","Computer":"Server002","Security":{"@UserID":"S-1-5-18"}},"EventData":{"Data":[{"@Name":"RuleName","#text":"-"},{"@Name":"UtcTime","#text":"2025-05-02 08:51:24.297"},{"@Name":"ProcessGuid","#text":"dbf410b3-878c-6814-6600-000000004500"},{"@Name":"ProcessId","#text":"4828"},{"@Name":"Image","#text":"C:\Windows\System32\wevtutil.exe"},{"@Name":"FileVersion","#text":"10.0.19041.5369 (WinBuild.160101.0800)"},{"@Name":"Description","#text":"Eventing Command Line Utility"},{"@Name":"Product","#text":"Microsoft® Windows® Operating System"},{"@Name":"Company","#text":"Microsoft Corporation"},{"@Name":"OriginalFileName","#text":"wevtutil.exe"},{"@Name":"CommandLine","#text":"C:\Windows\system32\wevtutil.exe install-manifest \"C:\ProgramData\Microsoft\Windows Defender\Platform\4.18.25030.2-0\Microsoft-Windows-Windows Defender.man\" \"/resourceFilePath:C:\ProgramData\Microsoft\Windows Defender\Platform\4.18.25030.2-0\MpEvMsg.dll\" \"/messageFilePath:C:\ProgramData\Microsoft\Windows Defender\Platform\4.18.25030.2-0\MpEvMsg.dll\" \"/parameterFilePath:C:\ProgramData\Microsoft\Windows Defender\Platform\4.18.25030.2-0\MpEvMsg.dll\""},{"@Name":"CurrentDirectory","#text":"C:\Windows\system32\"},{"@Name":"User","#text":"NT AUTHORITY\SYSTEM"},{"@Name":"LogonGuid","#text":"dbf410b3-a39d-6814-e703-000000000000"},{"@Name":"LogonId","#text":"0x3E7"},{"@Name":"TerminalSessionId","#text":"0"},{"@Name":"IntegrityLevel","#text":"System"},{"@Name":"Hashes","#text":"SHA256=6EB98491FA6A7B19BBA56EADEA1390CA598FA19220FA1D787FC2F0A3631CC341"},{"@Name":"ParentProcessGuid","#text":"dbf410b3-8784-6814-4d00-000000004500"},{"@Name":"ParentProcessId","#text":"1604"},{"@Name":"ParentImage","#text":"C:\ProgramData\Microsoft\Windows Defender\Platform\4.18.25030.2-0\MsMpEng.exe"},{"@Name":"ParentCommandLine","#text":"\"C:\ProgramData\Microsoft\Windows Defender\Platform\4.18.25030.2-0\MsMpEng.exe\""},{"@Name":"ParentUser","#text":"NT AUTHORITY\SYSTEM"}]}}}
{"Event":{"System":{"Provider":{"@Name":"Microsoft-Windows-Sysmon","@Guid":"5770385f-c22a-43e0-bf4c-06f5698ffbd9"},"EventID":"5","Version":"3","Level":"4","Task":"5","Opcode":"0","Keywords":"100","TimeCreated":{"@SystemTime":"2025-05-02 08:51:24.3464613"},"EventRecordID":"60049","Correlation":null,"Execution":{"@ProcessID":"2488","@ThreadID":"4156"},"Channel":"Microsoft-Windows-Sysmon/Operational","Computer":"Server002","Security":{"@UserID":"S-1-5-18"}},"EventData":{"Data":[{"@Name":"RuleName","#text":"-"},{"@Name":"UtcTime","#text":"2025-05-02 08:51:24.303"},{"@Name":"ProcessGuid","#text":"dbf410b3-878a-6814-6300-000000004500"},{"@Name":"ProcessId","#text":"4596"},{"@Name":"Image","#text":"C:\Windows\System32\conhost.exe"},{"@Name":"User","#text":"NT AUTHORITY\SYSTEM"}]}}}
{"Event":{"System":{"Provider":{"@Name":"Microsoft-Windows-Sysmon","@Guid":"5770385f-c22a-43e0-bf4c-06f5698ffbd9"},"EventID":"1","Version":"5","Level":"4","Task":"1","Opcode":"0","Keywords":"100","TimeCreated":{"@SystemTime":"2025-05-02 08:51:24.3491320"},"EventRecordID":"60050","Correlation":null,"Execution":{"@ProcessID":"2488","@ThreadID":"4156"},"Channel":"Microsoft-Windows-Sysmon/Operational","Computer":"Server002","Security":{"@UserID":"S-1-5-18"}},"EventData":{"Data":[{"@Name":"RuleName","#text":"-"},{"@Name":"UtcTime","#text":"2025-05-02 08:51:24.348"},{"@Name":"ProcessGuid","#text":"dbf410b3-878c-6814-6700-000000004500"},{"@Name":"ProcessId","#text":"4868"},{"@Name":"Image","#text":"C:\Windows\System32\conhost.exe"},{"@Name":"FileVersion","#text":"10.0.19041.5198 (WinBuild.160101.0800)"},{"@Name":"Description","#text":"Console Window Host"},{"@Name":"Product","#text":"Microsoft® Windows® Operating System"},{"@Name":"Company","#text":"Microsoft Corporation"},{"@Name":"OriginalFileName","#text":"CONHOST.EXE"},{"@Name":"CommandLine","#text":"\??\C:\Windows\system32\conhost.exe 0xffffffff -ForceV1"},{"@Name":"CurrentDirectory","#text":"C:\Windows"},{"@Name":"User","#text":"NT AUTHORITY\SYSTEM"},{"@Name":"LogonGuid","#text":"dbf410b3-a39d-6814-e703-000000000000"},{"@Name":"LogonId","#text":"0x3E7"},{"@Name":"TerminalSessionId","#text":"0"},{"@Name":"IntegrityLevel","#text":"System"},{"@Name":"Hashes","#text":"SHA256=B02EE54FB2EC69673386D41119EE8ED083A6EAB3BFCA6AA2155D20CE68EF8963"},{"@Name":"ParentProcessGuid","#text":"dbf410b3-878c-6814-6600-000000004500"},{"@Name":"ParentProcessId","#text":"4828"},{"@Name":"ParentImage","#text":"C:\Windows\System32\wevtutil.exe"},{"@Name":"ParentCommandLine","#text":"C:\Windows\system32\wevtutil.exe install-manifest \"C:\ProgramData\Microsoft\Windows Defender\Platform\4.18.25030.2-0\Microsoft-Windows-Windows Defender.man\" \"/resourceFilePath:C:\ProgramData\Microsoft\Windows Defender\Platform\4.18.25030.2-0\MpEvMsg.dll\" \"/messageFilePath:C:\ProgramData\Microsoft\Windows Defender\Platform\4.18.25030.2-0\MpEvMsg.dll\" \"/parameterFilePath:C:\ProgramData\Microsoft\Windows Defender\Platform\4.18.25030.2-0\MpEvMsg.dll\""},{"@Name":"ParentUser","#text":"NT AUTHORITY\SYSTEM"}]}}}
{"Event":{"System":{"Provider":{"@Name":"Microsoft-Windows-Sysmon","@Guid":"5770385f-c22a-43e0-bf4c-06f5698ffbd9"},"EventID":"1","Version":"5","Level":"4","Task":"1","Opcode":"0","Keywords":"100","TimeCreated":{"@SystemTime":"2025-05-02 08:51:25.2528273"},"EventRecordID":"60051","Correlation":null,"Execution":{"@ProcessID":"2488","@ThreadID":"4156"},"Channel":"Microsoft-Windows-Sysmon/Operational","Computer":"Server002","Security":{"@UserID":"S-1-5-18"}},"EventData":{"Data":[{"@Name":"RuleName","#text":"-"},{"@Name":"UtcTime","#text":"2025-05-02 08:51:25.070"},{"@Name":"ProcessGuid","#text":"dbf410b3-878d-6814-6800-000000004500"},{"@Name":"ProcessId","#text":"5056"},{"@Name":"Image","#text":"C:\Windows\System32\sihost.exe"},{"@Name":"FileVersion","#text":"10.0.19041.4355 (WinBuild.160101.0800)"},{"@Name":"Description","#text":"Shell Infrastructure Host"},{"@Name":"Product","#text":"Microsoft® Windows® Operating System"},{"@Name":"Company","#text":"Microsoft Corporation"},{"@Name":"OriginalFileName","#text":"sihost.exe"},{"@Name":"CommandLine","#text":"sihost.exe"},{"@Name":"CurrentDirectory","#text":"C:\Windows\system32\"},{"@Name":"User","#text":"SERVER002\lplui"},{"@Name":"LogonGuid","#text":"dbf410b3-8789-6814-3797-030000000000"},{"@Name":"LogonId","#text":"0x39737"},{"@Name":"TerminalSessionId","#text":"1"},{"@Name":"IntegrityLevel","#text":"Medium"},{"@Name":"Hashes","#text":"SHA256=62EBF6076ACAA11199A26D8FB8828FE0A0DE7A5551DC1ECD684E771C2FCCB7FA"},{"@Name":"ParentProcessGuid","#text":"00000000-0000-0000-0000-000000000000"},{"@Name":"ParentProcessId","#text":"1460"},{"@Name":"ParentImage","#text":"-"},{"@Name":"ParentCommandLine","#text":"-"},{"@Name":"ParentUser","#text":"-"}]}}}
{"Event":{"System":{"Provider":{"@Name":"Microsoft-Windows-Sysmon","@Guid":"5770385f-c22a-43e0-bf4c-06f5698ffbd9"},"EventID":"1","Version":"5","Level":"4","Task":"1","Opcode":"0","Keywords":"100","TimeCreated":{"@SystemTime":"2025-05-02 08:51:25.4046162"},"EventRecordID":"60052","Correlation":null,"Execution":{"@ProcessID":"2488","@ThreadID":"4156"},"Channel":"Microsoft-Windows-Sysmon/Operational","Computer":"Server002","Security":{"@UserID":"S-1-5-18"}},"EventData":{"Data":[{"@Name":"RuleName","#text":"-"},{"@Name":"UtcTime","#text":"2025-05-02 08:51:25.317"},{"@Name":"ProcessGuid","#text":"dbf410b3-878d-6814-6900-000000004500"},{"@Name":"ProcessId","#text":"5084"},{"@Name":"Image","#text":"C:\Windows\System32\svchost.exe"},{"@Name":"FileVersion","#text":"10.0.19041.4355 (WinBuild.160101.0800)"},{"@Name":"Description","#text":"Host Process for Windows Services"},{"@Name":"Product","#text":"Microsoft® Windows® Operating System"},{"@Name":"Company","#text":"Microsoft Corporation"},{"@Name":"OriginalFileName","#text":"svchost.exe"},{"@Name":"CommandLine","#text":"C:\Windows\system32\svchost.exe -k UnistackSvcGroup -s CDPUserSvc"},{"@Name":"CurrentDirectory","#text":"C:\Windows\system32\"},{"@Name":"User","#text":"SERVER002\lplui"},{"@Name":"LogonGuid","#text":"dbf410b3-8789-6814-3797-030000000000"},{"@Name":"LogonId","#text":"0x39737"},{"@Name":"TerminalSessionId","#text":"1"},{"@Name":"IntegrityLevel","#text":"Medium"},{"@Name":"Hashes","#text":"SHA256=6FC3BF1FDFD76860BE782554F8D25BD32F108DB934D70F4253F1E5F23522E503"},{"@Name":"ParentProcessGuid","#text":"00000000-0000-0000-0000-000000000000"},{"@Name":"ParentProcessId","#text":"676"},{"@Name":"ParentImage","#text":"-"},{"@Name":"ParentCommandLine","#text":"-"},{"@Name":"ParentUser","#text":"-"}]}}}
{"Event":{"System":{"Provider":{"@Name":"Microsoft-Windows-Sysmon","@Guid":"5770385f-c22a-43e0-bf4c-06f5698ffbd9"},"EventID":"1","Version":"5","Level":"4","Task":"1","Opcode":"0","Keywords":"100","TimeCreated":{"@SystemTime":"2025-05-02 08:51:25.5946585"},"EventRecordID":"60053","Correlation":null,"Execution":{"@ProcessID":"2488","@ThreadID":"4156"},"Channel":"Microsoft-Windows-Sysmon/Operational","Computer":"Server002","Security":{"@UserID":"S-1-5-18"}},"EventData":{"Data":[{"@Name":"RuleName","#text":"-"},{"@Name":"UtcTime","#text":"2025-05-02 08:51:25.503"},{"@Name":"ProcessGuid","#text":"dbf410b3-878d-6814-6a00-000000004500"},{"@Name":"ProcessId","#text":"5116"},{"@Name":"Image","#text":"C:\Windows\System32\svchost.exe"},{"@Name":"FileVersion","#text":"10.0.19041.4355 (WinBuild.160101.0800)"},{"@Name":"Description","#text":"Host Process for Windows Services"},{"@Name":"Product","#text":"Microsoft® Windows® Operating System"},{"@Name":"Company","#text":"Microsoft Corporation"},{"@Name":"OriginalFileName","#text":"svchost.exe"},{"@Name":"CommandLine","#text":"C:\Windows\system32\svchost.exe -k UnistackSvcGroup -s WpnUserService"},{"@Name":"CurrentDirectory","#text":"C:\Windows\system32\"},{"@Name":"User","#text":"SERVER002\lplui"},{"@Name":"LogonGuid","#text":"dbf410b3-8789-6814-3797-030000000000"},{"@Name":"LogonId","#text":"0x39737"},{"@Name":"TerminalSessionId","#text":"1"},{"@Name":"IntegrityLevel","#text":"Medium"},{"@Name":"Hashes","#text":"SHA256=6FC3BF1FDFD76860BE782554F8D25BD32F108DB934D70F4253F1E5F23522E503"},{"@Name":"ParentProcessGuid","#text":"00000000-0000-0000-0000-000000000000"},{"@Name":"ParentProcessId","#text":"676"},{"@Name":"ParentImage","#text":"-"},{"@Name":"ParentCommandLine","#text":"-"},{"@Name":"ParentUser","#text":"-"}]}}}
{"Event":{"System":{"Provider":{"@Name":"Microsoft-Windows-Sysmon","@Guid":"5770385f-c22a-43e0-bf4c-06f5698ffbd9"},"EventID":"1","Version":"5","Level":"4","Task":"1","Opcode":"0","Keywords":"100","TimeCreated":{"@SystemTime":"2025-05-02 08:51:26.1802271"},"EventRecordID":"60054","Correlation":null,"Execution":{"@ProcessID":"2488","@ThreadID":"4156"},"Channel":"Microsoft-Windows-Sysmon/Operational","Computer":"Server002","Security":{"@UserID":"S-1-5-18"}},"EventData":{"Data":[{"@Name":"RuleName","#text":"-"},{"@Name":"UtcTime","#text":"2025-05-02 08:51:26.092"},{"@Name":"ProcessGuid","#text":"dbf410b3-878e-6814-6b00-000000004500"},{"@Name":"ProcessId","#text":"4448"},{"@Name":"Image","#text":"C:\Windows\System32\taskhostw.exe"},{"@Name":"FileVersion","#text":"10.0.19041.4474 (WinBuild.160101.0800)"},{"@Name":"Description","#text":"Host Process for Windows Tasks"},{"@Name":"Product","#text":"Microsoft® Windows® Operating System"},{"@Name":"Company","#text":"Microsoft Corporation"},{"@Name":"OriginalFileName","#text":"taskhostw.exe"},{"@Name":"CommandLine","#text":"taskhostw.exe USER"},{"@Name":"CurrentDirectory","#text":"C:\Windows\system32\"},{"@Name":"User","#text":"SERVER002\lplui"},{"@Name":"LogonGuid","#text":"dbf410b3-8789-6814-3797-030000000000"},{"@Name":"LogonId","#text":"0x39737"},{"@Name":"TerminalSessionId","#text":"1"},{"@Name":"IntegrityLevel","#text":"Medium"},{"@Name":"Hashes","#text":"SHA256=1C7B7E7026EF8307BF33AFDADF1D49E7C1EE4C829260B4F6988185D22D7BCC3A"},{"@Name":"ParentProcessGuid","#text":"00000000-0000-0000-0000-000000000000"},{"@Name":"ParentProcessId","#text":"1140"},{"@Name":"ParentImage","#text":"-"},{"@Name":"ParentCommandLine","#text":"-"},{"@Name":"ParentUser","#text":"-"}]}}}
{"Event":{"System":{"Provider":{"@Name":"Microsoft-Windows-Sysmon","@Guid":"5770385f-c22a-43e0-bf4c-06f5698ffbd9"},"EventID":"1","Version":"5","Level":"4","Task":"1","Opcode":"0","Keywords":"100","TimeCreated":{"@SystemTime":"2025-05-02 08:51:26.1806109"},"EventRecordID":"60055","Correlation":null,"Execution":{"@ProcessID":"2488","@ThreadID":"4156"},"Channel":"Microsoft-Windows-Sysmon/Operational","Computer":"Server002","Security":{"@UserID":"S-1-5-18"}},"EventData":{"Data":[{"@Name":"RuleName","#text":"-"},{"@Name":"UtcTime","#text":"2025-05-02 08:51:26.110"},{"@Name":"ProcessGuid","#text":"dbf410b3-878e-6814-6c00-000000004500"},{"@Name":"ProcessId","#text":"4380"},{"@Name":"Image","#text":"C:\Program Files (x86)\BraveSoftware\Update\BraveUpdate.exe"},{"@Name":"FileVersion","#text":"1.3.361.151"},{"@Name":"Description","#text":"BraveSoftware Update"},{"@Name":"Product","#text":"BraveSoftware Update"},{"@Name":"Company","#text":"BraveSoftware Inc."},{"@Name":"OriginalFileName","#text":"BraveUpdate.exe"},{"@Name":"CommandLine","#text":"\"C:\Program Files (x86)\BraveSoftware\Update\BraveUpdate.exe\" /c"},{"@Name":"CurrentDirectory","#text":"C:\Windows\system32\"},{"@Name":"User","#text":"NT AUTHORITY\SYSTEM"},{"@Name":"LogonGuid","#text":"dbf410b3-a39d-6814-e703-000000000000"},{"@Name":"LogonId","#text":"0x3E7"},{"@Name":"TerminalSessionId","#text":"0"},{"@Name":"IntegrityLevel","#text":"System"},{"@Name":"Hashes","#text":"SHA256=3BE579BF1AC4C97EF571F022FF123E212CC5F1CA1575BF656C2E4C5A637B99DE"},{"@Name":"ParentProcessGuid","#text":"00000000-0000-0000-0000-000000000000"},{"@Name":"ParentProcessId","#text":"1140"},{"@Name":"ParentImage","#text":"-"},{"@Name":"ParentCommandLine","#text":"-"},{"@Name":"ParentUser","#text":"-"}]}}}
{"Event":{"System":{"Provider":{"@Name":"Microsoft-Windows-Sysmon","@Guid":"5770385f-c22a-43e0-bf4c-06f5698ffbd9"},"EventID":"1","Version":"5","Level":"4","Task":"1","Opcode":"0","Keywords":"100","TimeCreated":{"@SystemTime":"2025-05-02 08:51:26.1811468"},"EventRecordID":"60056","Correlation":null,"Execution":{"@ProcessID":"2488","@ThreadID":"4156"},"Channel":"Microsoft-Windows-Sysmon/Operational","Computer":"Server002","Security":{"@UserID":"S-1-5-18"}},"EventData":{"Data":[{"@Name":"RuleName","#text":"-"},{"@Name":"UtcTime","#text":"2025-05-02 08:51:26.133"},{"@Name":"ProcessGuid","#text":"dbf410b3-878e-6814-6d00-000000004500"},{"@Name":"ProcessId","#text":"4572"},{"@Name":"Image","#text":"C:\Windows\System32\taskhostw.exe"},{"@Name":"FileVersion","#text":"10.0.19041.4474 (WinBuild.160101.0800)"},{"@Name":"Description","#text":"Host Process for Windows Tasks"},{"@Name":"Product","#text":"Microsoft® Windows® Operating System"},{"@Name":"Company","#text":"Microsoft Corporation"},{"@Name":"OriginalFileName","#text":"taskhostw.exe"},{"@Name":"CommandLine","#text":"taskhostw.exe"},{"@Name":"CurrentDirectory","#text":"C:\Windows\system32\"},{"@Name":"User","#text":"SERVER002\lplui"},{"@Name":"LogonGuid","#text":"dbf410b3-8789-6814-c28c-030000000000"},{"@Name":"LogonId","#text":"0x38CC2"},{"@Name":"TerminalSessionId","#text":"1"},{"@Name":"IntegrityLevel","#text":"High"},{"@Name":"Hashes","#text":"SHA256=1C7B7E7026EF8307BF33AFDADF1D49E7C1EE4C829260B4F6988185D22D7BCC3A"},{"@Name":"ParentProcessGuid","#text":"00000000-0000-0000-0000-000000000000"},{"@Name":"ParentProcessId","#text":"1140"},{"@Name":"ParentImage","#text":"-"},{"@Name":"ParentCommandLine","#text":"-"},{"@Name":"ParentUser","#text":"-"}]}}}
{"Event":{"System":{"Provider":{"@Name":"Microsoft-Windows-Sysmon","@Guid":"5770385f-c22a-43e0-bf4c-06f5698ffbd9"},"EventID":"1","Version":"5","Level":"4","Task":"1","Opcode":"0","Keywords":"100","TimeCreated":{"@SystemTime":"2025-05-02 08:51:26.1814742"},"EventRecordID":"60057","Correlation":null,"Execution":{"@ProcessID":"2488","@ThreadID":"4156"},"Channel":"Microsoft-Windows-Sysmon/Operational","Computer":"Server002","Security":{"@UserID":"S-1-5-18"}},"EventData":{"Data":[{"@Name":"RuleName","#text":"-"},{"@Name":"UtcTime","#text":"2025-05-02 08:51:26.169"},{"@Name":"ProcessGuid","#text":"dbf410b3-878e-6814-6e00-000000004500"},{"@Name":"ProcessId","#text":"4440"},{"@Name":"Image","#text":"C:\Program Files (x86)\Microsoft Office\root\vfs\ProgramFilesCommonX86\Microsoft Shared\Office16\opushutil.exe"},{"@Name":"FileVersion","#text":"16.0.18623.20208"},{"@Name":"Description","#text":"Office Push Notifications Utility Assembly"},{"@Name":"Product","#text":"Office Push Notifications Utility"},{"@Name":"Company","#text":"Microsoft Corporation"},{"@Name":"OriginalFileName","#text":"opushutil.exe"},{"@Name":"CommandLine","#text":"\"C:\Program Files (x86)\Microsoft Office\root\vfs\ProgramFilesCommonx86\Microsoft Shared\Office16\opushutil.exe\" /pushregistration"},{"@Name":"CurrentDirectory","#text":"C:\Windows\system32\"},{"@Name":"User","#text":"SERVER002\lplui"},{"@Name":"LogonGuid","#text":"dbf410b3-8789-6814-3797-030000000000"},{"@Name":"LogonId","#text":"0x39737"},{"@Name":"TerminalSessionId","#text":"1"},{"@Name":"IntegrityLevel","#text":"Medium"},{"@Name":"Hashes","#text":"SHA256=9039D2E03E3325B84CCAF9B2C015042E91F51453F6BD0EE3D67109FF05271B71"},{"@Name":"ParentProcessGuid","#text":"00000000-0000-0000-0000-000000000000"},{"@Name":"ParentProcessId","#text":"1140"},{"@Name":"ParentImage","#text":"-"},{"@Name":"ParentCommandLine","#text":"-"},{"@Name":"ParentUser","#text":"-"}]}}}
{"Event":{"System":{"Provider":{"@Name":"Microsoft-Windows-Sysmon","@Guid":"5770385f-c22a-43e0-bf4c-06f5698ffbd9"},"EventID":"1","Version":"5","Level":"4","Task":"1","Opcode":"0","Keywords":"100","TimeCreated":{"@SystemTime":"2025-05-02 08:51:26.2871342"},"EventRecordID":"60058","Correlation":null,"Execution":{"@ProcessID":"2488","@ThreadID":"4156"},"Channel":"Microsoft-Windows-Sysmon/Operational","Computer":"Server002","Security":{"@UserID":"S-1-5-18"}},"EventData":{"Data":[{"@Name":"RuleName","#text":"-"},{"@Name":"UtcTime","#text":"2025-05-02 08:51:26.197"},{"@Name":"ProcessGuid","#text":"dbf410b3-878e-6814-6f00-000000004500"},{"@Name":"ProcessId","#text":"4424"},{"@Name":"Image","#text":"C:\Windows\System32\taskhostw.exe"},{"@Name":"FileVersion","#text":"10.0.19041.4474 (WinBuild.160101.0800)"},{"@Name":"Description","#text":"Host Process for Windows Tasks"},{"@Name":"Product","#text":"Microsoft® Windows® Operating System"},{"@Name":"Company","#text":"Microsoft Corporation"},{"@Name":"OriginalFileName","#text":"taskhostw.exe"},{"@Name":"CommandLine","#text":"taskhostw.exe {222A245B-E637-4AE9-A93F-A59CA119A75E}"},{"@Name":"CurrentDirectory","#text":"C:\Windows\system32\"},{"@Name":"User","#text":"SERVER002\lplui"},{"@Name":"LogonGuid","#text":"dbf410b3-8789-6814-3797-030000000000"},{"@Name":"LogonId","#text":"0x39737"},{"@Name":"TerminalSessionId","#text":"1"},{"@Name":"IntegrityLevel","#text":"Medium"},{"@Name":"Hashes","#text":"SHA256=1C7B7E7026EF8307BF33AFDADF1D49E7C1EE4C829260B4F6988185D22D7BCC3A"},{"@Name":"ParentProcessGuid","#text":"00000000-0000-0000-0000-000000000000"},{"@Name":"ParentProcessId","#text":"1140"},{"@Name":"ParentImage","#text":"-"},{"@Name":"ParentCommandLine","#text":"-"},{"@Name":"ParentUser","#text":"-"}]}}}
{"Event":{"System":{"Provider":{"@Name":"Microsoft-Windows-Sysmon","@Guid":"5770385f-c22a-43e0-bf4c-06f5698ffbd9"},"EventID":"1","Version":"5","Level":"4","Task":"1","Opcode":"0","Keywords":"100","TimeCreated":{"@SystemTime":"2025-05-02 08:51:26.2877915"},"EventRecordID":"60059","Correlation":null,"Execution":{"@ProcessID":"2488","@ThreadID":"4156"},"Channel":"Microsoft-Windows-Sysmon/Operational","Computer":"Server002","Security":{"@UserID":"S-1-5-18"}},"EventData":{"Data":[{"@Name":"RuleName","#text":"-"},{"@Name":"UtcTime","#text":"2025-05-02 08:51:26.209"},{"@Name":"ProcessGuid","#text":"dbf410b3-878e-6814-7000-000000004500"},{"@Name":"ProcessId","#text":"3560"},{"@Name":"Image","#text":"C:\Program Files (x86)\Microsoft\EdgeUpdate\MicrosoftEdgeUpdate.exe"},{"@Name":"FileVersion","#text":"1.3.147.37"},{"@Name":"Description","#text":"Microsoft Edge Update"},{"@Name":"Product","#text":"Microsoft Edge Update"},{"@Name":"Company","#text":"Microsoft Corporation"},{"@Name":"OriginalFileName","#text":"msedgeupdate.dll"},{"@Name":"CommandLine","#text":"\"C:\Program Files (x86)\Microsoft\EdgeUpdate\MicrosoftEdgeUpdate.exe\" /c"},{"@Name":"CurrentDirectory","#text":"C:\Windows\system32\"},{"@Name":"User","#text":"NT AUTHORITY\SYSTEM"},{"@Name":"LogonGuid","#text":"dbf410b3-a39d-6814-e703-000000000000"},{"@Name":"LogonId","#text":"0x3E7"},{"@Name":"TerminalSessionId","#text":"0"},{"@Name":"IntegrityLevel","#text":"System"},{"@Name":"Hashes","#text":"SHA256=3096D8E82917A9B73F322F4B1743E52E9B0C8B3C5933A957E73E29D6973CDD5B"},{"@Name":"ParentProcessGuid","#text":"00000000-0000-0000-0000-000000000000"},{"@Name":"ParentProcessId","#text":"1140"},{"@Name":"ParentImage","#text":"-"},{"@Name":"ParentCommandLine","#text":"-"},{"@Name":"ParentUser","#text":"-"}]}}}
{"Event":{"System":{"Provider":{"@Name":"Microsoft-Windows-Sysmon","@Guid":"5770385f-c22a-43e0-bf4c-06f5698ffbd9"},"EventID":"1","Version":"5","Level":"4","Task":"1","Opcode":"0","Keywords":"100","TimeCreated":{"@SystemTime":"2025-05-02 08:51:26.4271753"},"EventRecordID":"60060","Correlation":null,"Execution":{"@ProcessID":"2488","@ThreadID":"4156"},"Channel":"Microsoft-Windows-Sysmon/Operational","Computer":"Server002","Security":{"@UserID":"S-1-5-18"}},"EventData":{"Data":[{"@Name":"RuleName","#text":"-"},{"@Name":"UtcTime","#text":"2025-05-02 08:51:26.359"},{"@Name":"ProcessGuid","#text":"dbf410b3-878e-6814-7100-000000004500"},{"@Name":"ProcessId","#text":"64"},{"@Name":"Image","#text":"C:\Windows\System32\svchost.exe"},{"@Name":"FileVersion","#text":"10.0.19041.4355 (WinBuild.160101.0800)"},{"@Name":"Description","#text":"Host Process for Windows Services"},{"@Name":"Product","#text":"Microsoft® Windows® Operating System"},{"@Name":"Company","#text":"Microsoft Corporation"},{"@Name":"OriginalFileName","#text":"svchost.exe"},{"@Name":"CommandLine","#text":"C:\Windows\system32\svchost.exe -k netsvcs -p -s Appinfo"},{"@Name":"CurrentDirectory","#text":"C:\Windows\system32\"},{"@Name":"User","#text":"NT AUTHORITY\SYSTEM"},{"@Name":"LogonGuid","#text":"dbf410b3-a39d-6814-e703-000000000000"},{"@Name":"LogonId","#text":"0x3E7"},{"@Name":"TerminalSessionId","#text":"0"},{"@Name":"IntegrityLevel","#text":"System"},{"@Name":"Hashes","#text":"SHA256=6FC3BF1FDFD76860BE782554F8D25BD32F108DB934D70F4253F1E5F23522E503"},{"@Name":"ParentProcessGuid","#text":"00000000-0000-0000-0000-000000000000"},{"@Name":"ParentProcessId","#text":"676"},{"@Name":"ParentImage","#text":"-"},{"@Name":"ParentCommandLine","#text":"-"},{"@Name":"ParentUser","#text":"-"}]}}}
{"Event":{"System":{"Provider":{"@Name":"Microsoft-Windows-Sysmon","@Guid":"5770385f-c22a-43e0-bf4c-06f5698ffbd9"},"EventID":"5","Version":"3","Level":"4","Task":"5","Opcode":"0","Keywords":"100","TimeCreated":{"@SystemTime":"2025-05-02 08:51:26.5049363"},"EventRecordID":"60061","Correlation":null,"Execution":{"@ProcessID":"2488","@ThreadID":"4156"},"Channel":"Microsoft-Windows-Sysmon/Operational","Computer":"Server002","Security":{"@UserID":"S-1-5-18"}},"EventData":{"Data":[{"@Name":"RuleName","#text":"-"},{"@Name":"UtcTime","#text":"2025-05-02 08:51:26.473"},{"@Name":"ProcessGuid","#text":"dbf410b3-878c-6814-6600-000000004500"},{"@Name":"ProcessId","#text":"4828"},{"@Name":"Image","#text":"C:\Windows\System32\wevtutil.exe"},{"@Name":"User","#text":"NT AUTHORITY\SYSTEM"}]}}}
{"Event":{"System":{"Provider":{"@Name":"Microsoft-Windows-Sysmon","@Guid":"5770385f-c22a-43e0-bf4c-06f5698ffbd9"},"EventID":"5","Version":"3","Level":"4","Task":"5","Opcode":"0","Keywords":"100","TimeCreated":{"@SystemTime":"2025-05-02 08:51:26.5750191"},"EventRecordID":"60062","Correlation":null,"Execution":{"@ProcessID":"2488","@ThreadID":"4156"},"Channel":"Microsoft-Windows-Sysmon/Operational","Computer":"Server002","Security":{"@UserID":"S-1-5-18"}},"EventData":{"Data":[{"@Name":"RuleName","#text":"-"},{"@Name":"UtcTime","#text":"2025-05-02 08:51:26.535"},{"@Name":"ProcessGuid","#text":"dbf410b3-878c-6814-6700-000000004500"},{"@Name":"ProcessId","#text":"4868"},{"@Name":"Image","#text":"C:\Windows\System32\conhost.exe"},{"@Name":"User","#text":"NT AUTHORITY\SYSTEM"}]}}}
{"Event":{"System":{"Provider":{"@Name":"Microsoft-Windows-Sysmon","@Guid":"5770385f-c22a-43e0-bf4c-06f5698ffbd9"},"EventID":"1","Version":"5","Level":"4","Task":"1","Opcode":"0","Keywords":"100","TimeCreated":{"@SystemTime":"2025-05-02 08:51:26.6320862"},"EventRecordID":"60063","Correlation":null,"Execution":{"@ProcessID":"2488","@ThreadID":"4156"},"Channel":"Microsoft-Windows-Sysmon/Operational","Computer":"Server002","Security":{"@UserID":"S-1-5-18"}},"EventData":{"Data":[{"@Name":"RuleName","#text":"-"},{"@Name":"UtcTime","#text":"2025-05-02 08:51:26.579"},{"@Name":"ProcessGuid","#text":"dbf410b3-878e-6814-7200-000000004500"},{"@Name":"ProcessId","#text":"4872"},{"@Name":"Image","#text":"C:\Windows\System32\svchost.exe"},{"@Name":"FileVersion","#text":"10.0.19041.4355 (WinBuild.160101.0800)"},{"@Name":"Description","#text":"Host Process for Windows Services"},{"@Name":"Product","#text":"Microsoft® Windows® Operating System"},{"@Name":"Company","#text":"Microsoft Corporation"},{"@Name":"OriginalFileName","#text":"svchost.exe"},{"@Name":"CommandLine","#text":"C:\Windows\system32\svchost.exe -k netsvcs -p -s TokenBroker"},{"@Name":"CurrentDirectory","#text":"C:\Windows\system32\"},{"@Name":"User","#text":"NT AUTHORITY\SYSTEM"},{"@Name":"LogonGuid","#text":"dbf410b3-a39d-6814-e703-000000000000"},{"@Name":"LogonId","#text":"0x3E7"},{"@Name":"TerminalSessionId","#text":"0"},{"@Name":"IntegrityLevel","#text":"System"},{"@Name":"Hashes","#text":"SHA256=6FC3BF1FDFD76860BE782554F8D25BD32F108DB934D70F4253F1E5F23522E503"},{"@Name":"ParentProcessGuid","#text":"00000000-0000-0000-0000-000000000000"},{"@Name":"ParentProcessId","#text":"676"},{"@Name":"ParentImage","#text":"-"},{"@Name":"ParentCommandLine","#text":"-"},{"@Name":"ParentUser","#text":"-"}]}}}
{"Event":{"System":{"Provider":{"@Name":"Microsoft-Windows-Sysmon","@Guid":"5770385f-c22a-43e0-bf4c-06f5698ffbd9"},"EventID":"1","Version":"5","Level":"4","Task":"1","Opcode":"0","Keywords":"100","TimeCreated":{"@SystemTime":"2025-05-02 08:51:26.6458658"},"EventRecordID":"60064","Correlation":null,"Execution":{"@ProcessID":"2488","@ThreadID":"4156"},"Channel":"Microsoft-Windows-Sysmon/Operational","Computer":"Server002","Security":{"@UserID":"S-1-5-18"}},"EventData":{"Data":[{"@Name":"RuleName","#text":"-"},{"@Name":"UtcTime","#text":"2025-05-02 08:51:26.645"},{"@Name":"ProcessGuid","#text":"dbf410b3-878e-6814-7300-000000004500"},{"@Name":"ProcessId","#text":"4356"},{"@Name":"Image","#text":"C:\Windows\System32\wevtutil.exe"},{"@Name":"FileVersion","#text":"10.0.19041.5369 (WinBuild.160101.0800)"},{"@Name":"Description","#text":"Eventing Command Line Utility"},{"@Name":"Product","#text":"Microsoft® Windows® Operating System"},{"@Name":"Company","#text":"Microsoft Corporation"},{"@Name":"OriginalFileName","#text":"wevtutil.exe"},{"@Name":"CommandLine","#text":"C:\Windows\system32\wevtutil.exe uninstall-manifest \"C:\ProgramData\Microsoft\Windows Defender\Platform\4.18.25030.2-0\Microsoft-Antimalware-Service.man\""},{"@Name":"CurrentDirectory","#text":"C:\Windows\system32\"},{"@Name":"User","#text":"NT AUTHORITY\SYSTEM"},{"@Name":"LogonGuid","#text":"dbf410b3-a39d-6814-e703-000000000000"},{"@Name":"LogonId","#text":"0x3E7"},{"@Name":"TerminalSessionId","#text":"0"},{"@Name":"IntegrityLevel","#text":"System"},{"@Name":"Hashes","#text":"SHA256=6EB98491FA6A7B19BBA56EADEA1390CA598FA19220FA1D787FC2F0A3631CC341"},{"@Name":"ParentProcessGuid","#text":"dbf410b3-8784-6814-4d00-000000004500"},{"@Name":"ParentProcessId","#text":"1604"},{"@Name":"ParentImage","#text":"C:\ProgramData\Microsoft\Windows Defender\Platform\4.18.25030.2-0\MsMpEng.exe"},{"@Name":"ParentCommandLine","#text":"\"C:\ProgramData\Microsoft\Windows Defender\Platform\4.18.25030.2-0\MsMpEng.exe\""},{"@Name":"ParentUser","#text":"NT AUTHORITY\SYSTEM"}]}}}
{"Event":{"System":{"Provider":{"@Name":"Microsoft-Windows-Sysmon","@Guid":"5770385f-c22a-43e0-bf4c-06f5698ffbd9"},"EventID":"1","Version":"5","Level":"4","Task":"1","Opcode":"0","Keywords":"100","TimeCreated":{"@SystemTime":"2025-05-02 08:51:26.7148337"},"EventRecordID":"60065","Correlation":null,"Execution":{"@ProcessID":"2488","@ThreadID":"4156"},"Channel":"Microsoft-Windows-Sysmon/Operational","Computer":"Server002","Security":{"@UserID":"S-1-5-18"}},"EventData":{"Data":[{"@Name":"RuleName","#text":"-"},{"@Name":"UtcTime","#text":"2025-05-02 08:51:26.665"},{"@Name":"ProcessGuid","#text":"dbf410b3-878e-6814-7400-000000004500"},{"@Name":"ProcessId","#text":"5032"},{"@Name":"Image","#text":"C:\Windows\System32\conhost.exe"},{"@Name":"FileVersion","#text":"10.0.19041.5198 (WinBuild.160101.0800)"},{"@Name":"Description","#text":"Console Window Host"},{"@Name":"Product","#text":"Microsoft® Windows® Operating System"},{"@Name":"Company","#text":"Microsoft Corporation"},{"@Name":"OriginalFileName","#text":"CONHOST.EXE"},{"@Name":"CommandLine","#text":"\??\C:\Windows\system32\conhost.exe 0xffffffff -ForceV1"},{"@Name":"CurrentDirectory","#text":"C:\Windows"},{"@Name":"User","#text":"NT AUTHORITY\SYSTEM"},{"@Name":"LogonGuid","#text":"dbf410b3-a39d-6814-e703-000000000000"},{"@Name":"LogonId","#text":"0x3E7"},{"@Name":"TerminalSessionId","#text":"0"},{"@Name":"IntegrityLevel","#text":"System"},{"@Name":"Hashes","#text":"SHA256=B02EE54FB2EC69673386D41119EE8ED083A6EAB3BFCA6AA2155D20CE68EF8963"},{"@Name":"ParentProcessGuid","#text":"dbf410b3-878e-6814-7300-000000004500"},{"@Name":"ParentProcessId","#text":"4356"},{"@Name":"ParentImage","#text":"C:\Windows\System32\wevtutil.exe"},{"@Name":"ParentCommandLine","#text":"C:\Windows\system32\wevtutil.exe uninstall-manifest \"C:\ProgramData\Microsoft\Windows Defender\Platform\4.18.25030.2-0\Microsoft-Antimalware-Service.man\""},{"@Name":"ParentUser","#text":"NT AUTHORITY\SYSTEM"}]}}}
{"Event":{"System":{"Provider":{"@Name":"Microsoft-Windows-Sysmon","@Guid":"5770385f-c22a-43e0-bf4c-06f5698ffbd9"},"EventID":"1","Version":"5","Level":"4","Task":"1","Opcode":"0","Keywords":"100","TimeCreated":{"@SystemTime":"2025-05-02 08:51:27.1973317"},"EventRecordID":"60066","Correlation":null,"Execution":{"@ProcessID":"2488","@ThreadID":"4156"},"Channel":"Microsoft-Windows-Sysmon/Operational","Computer":"Server002","Security":{"@UserID":"S-1-5-18"}},"EventData":{"Data":[{"@Name":"RuleName","#text":"-"},{"@Name":"UtcTime","#text":"2025-05-02 08:51:27.149"},{"@Name":"ProcessGuid","#text":"dbf410b3-878f-6814-7500-000000004500"},{"@Name":"ProcessId","#text":"5260"},{"@Name":"Image","#text":"C:\Windows\System32\svchost.exe"},{"@Name":"FileVersion","#text":"10.0.19041.4355 (WinBuild.160101.0800)"},{"@Name":"Description","#text":"Host Process for Windows Services"},{"@Name":"Product","#text":"Microsoft® Windows® Operating System"},{"@Name":"Company","#text":"Microsoft Corporation"},{"@Name":"OriginalFileName","#text":"svchost.exe"},{"@Name":"CommandLine","#text":"C:\Windows\System32\svchost.exe -k LocalSystemNetworkRestricted -p -s TabletInputService"},{"@Name":"CurrentDirectory","#text":"C:\Windows\system32\"},{"@Name":"User","#text":"NT AUTHORITY\SYSTEM"},{"@Name":"LogonGuid","#text":"dbf410b3-a39d-6814-e703-000000000000"},{"@Name":"LogonId","#text":"0x3E7"},{"@Name":"TerminalSessionId","#text":"0"},{"@Name":"IntegrityLevel","#text":"System"},{"@Name":"Hashes","#text":"SHA256=6FC3BF1FDFD76860BE782554F8D25BD32F108DB934D70F4253F1E5F23522E503"},{"@Name":"ParentProcessGuid","#text":"00000000-0000-0000-0000-000000000000"},{"@Name":"ParentProcessId","#text":"676"},{"@Name":"ParentImage","#text":"-"},{"@Name":"ParentCommandLine","#text":"-"},{"@Name":"ParentUser","#text":"-"}]}}}
{"Event":{"System":{"Provider":{"@Name":"Microsoft-Windows-Sysmon","@Guid":"5770385f-c22a-43e0-bf4c-06f5698ffbd9"},"EventID":"5","Version":"3","Level":"4","Task":"5","Opcode":"0","Keywords":"100","TimeCreated":{"@SystemTime":"2025-05-02 08:51:27.6175528"},"EventRecordID":"60067","Correlation":null,"Execution":{"@ProcessID":"2488","@ThreadID":"4156"},"Channel":"Microsoft-Windows-Sysmon/Operational","Computer":"Server002","Security":{"@UserID":"S-1-5-18"}},"EventData":{"Data":[{"@Name":"RuleName","#text":"-"},{"@Name":"UtcTime","#text":"2025-05-02 08:51:27.493"},{"@Name":"ProcessGuid","#text":"dbf410b3-878e-6814-7300-000000004500"},{"@Name":"ProcessId","#text":"4356"},{"@Name":"Image","#text":"C:\Windows\System32\wevtutil.exe"},{"@Name":"User","#text":"NT AUTHORITY\SYSTEM"}]}}}
{"Event":{"System":{"Provider":{"@Name":"Microsoft-Windows-Sysmon","@Guid":"5770385f-c22a-43e0-bf4c-06f5698ffbd9"},"EventID":"5","Version":"3","Level":"4","Task":"5","Opcode":"0","Keywords":"100","TimeCreated":{"@SystemTime":"2025-05-02 08:51:27.6175901"},"EventRecordID":"60068","Correlation":null,"Execution":{"@ProcessID":"2488","@ThreadID":"4156"},"Channel":"Microsoft-Windows-Sysmon/Operational","Computer":"Server002","Security":{"@UserID":"S-1-5-18"}},"EventData":{"Data":[{"@Name":"RuleName","#text":"-"},{"@Name":"UtcTime","#text":"2025-05-02 08:51:27.598"},{"@Name":"ProcessGuid","#text":"dbf410b3-878e-6814-6e00-000000004500"},{"@Name":"ProcessId","#text":"4440"},{"@Name":"Image","#text":"C:\Program Files (x86)\Microsoft Office\root\vfs\ProgramFilesCommonX86\Microsoft Shared\Office16\opushutil.exe"},{"@Name":"User","#text":"SERVER002\lplui"}]}}}
{"Event":{"System":{"Provider":{"@Name":"Microsoft-Windows-Sysmon","@Guid":"5770385f-c22a-43e0-bf4c-06f5698ffbd9"},"EventID":"1","Version":"5","Level":"4","Task":"1","Opcode":"0","Keywords":"100","TimeCreated":{"@SystemTime":"2025-05-02 08:51:27.7079340"},"EventRecordID":"60069","Correlation":null,"Execution":{"@ProcessID":"2488","@ThreadID":"4156"},"Channel":"Microsoft-Windows-Sysmon/Operational","Computer":"Server002","Security":{"@UserID":"S-1-5-18"}},"EventData":{"Data":[{"@Name":"RuleName","#text":"-"},{"@Name":"UtcTime","#text":"2025-05-02 08:51:27.660"},{"@Name":"ProcessGuid","#text":"dbf410b3-878f-6814-7600-000000004500"},{"@Name":"ProcessId","#text":"5396"},{"@Name":"Image","#text":"C:\Program Files (x86)\Microsoft\EdgeUpdate\MicrosoftEdgeUpdate.exe"},{"@Name":"FileVersion","#text":"1.3.147.37"},{"@Name":"Description","#text":"Microsoft Edge Update"},{"@Name":"Product","#text":"Microsoft Edge Update"},{"@Name":"Company","#text":"Microsoft Corporation"},{"@Name":"OriginalFileName","#text":"msedgeupdate.dll"},{"@Name":"CommandLine","#text":"\"C:\Program Files (x86)\Microsoft\EdgeUpdate\MicrosoftEdgeUpdate.exe\" /ua /installsource core"},{"@Name":"CurrentDirectory","#text":"C:\Program Files (x86)\Microsoft\EdgeUpdate\1.3.195.49\"},{"@Name":"User","#text":"NT AUTHORITY\SYSTEM"},{"@Name":"LogonGuid","#text":"dbf410b3-a39d-6814-e703-000000000000"},{"@Name":"LogonId","#text":"0x3E7"},{"@Name":"TerminalSessionId","#text":"0"},{"@Name":"IntegrityLevel","#text":"System"},{"@Name":"Hashes","#text":"SHA256=3096D8E82917A9B73F322F4B1743E52E9B0C8B3C5933A957E73E29D6973CDD5B"},{"@Name":"ParentProcessGuid","#text":"dbf410b3-878e-6814-7000-000000004500"},{"@Name":"ParentProcessId","#text":"3560"},{"@Name":"ParentImage","#text":"C:\Program Files (x86)\Microsoft\EdgeUpdate\MicrosoftEdgeUpdate.exe"},{"@Name":"ParentCommandLine","#text":"\"C:\Program Files (x86)\Microsoft\EdgeUpdate\MicrosoftEdgeUpdate.exe\" /c"},{"@Name":"ParentUser","#text":"NT AUTHORITY\SYSTEM"}]}}}
{"Event":{"System":{"Provider":{"@Name":"Microsoft-Windows-Sysmon","@Guid":"5770385f-c22a-43e0-bf4c-06f5698ffbd9"},"EventID":"5","Version":"3","Level":"4","Task":"5","Opcode":"0","Keywords":"100","TimeCreated":{"@SystemTime":"2025-05-02 08:51:27.7079776"},"EventRecordID":"60070","Correlation":null,"Execution":{"@ProcessID":"2488","@ThreadID":"4156"},"Channel":"Microsoft-Windows-Sysmon/Operational","Computer":"Server002","Security":{"@UserID":"S-1-5-18"}},"EventData":{"Data":[{"@Name":"RuleName","#text":"-"},{"@Name":"UtcTime","#text":"2025-05-02 08:51:27.663"},{"@Name":"ProcessGuid","#text":"dbf410b3-878e-6814-7400-000000004500"},{"@Name":"ProcessId","#text":"5032"},{"@Name":"Image","#text":"C:\Windows\System32\conhost.exe"},{"@Name":"User","#text":"NT AUTHORITY\SYSTEM"}]}}}
{"Event":{"System":{"Provider":{"@Name":"Microsoft-Windows-Sysmon","@Guid":"5770385f-c22a-43e0-bf4c-06f5698ffbd9"},"EventID":"1","Version":"5","Level":"4","Task":"1","Opcode":"0","Keywords":"100","TimeCreated":{"@SystemTime":"2025-05-02 08:51:27.8224366"},"EventRecordID":"60071","Correlation":null,"Execution":{"@ProcessID":"2488","@ThreadID":"4156"},"Channel":"Microsoft-Windows-Sysmon/Operational","Computer":"Server002","Security":{"@UserID":"S-1-5-18"}},"EventData":{"Data":[{"@Name":"RuleName","#text":"-"},{"@Name":"UtcTime","#text":"2025-05-02 08:51:27.671"},{"@Name":"ProcessGuid","#text":"dbf410b3-878f-6814-7700-000000004500"},{"@Name":"ProcessId","#text":"5408"},{"@Name":"Image","#text":"C:\Windows\System32\wevtutil.exe"},{"@Name":"FileVersion","#text":"10.0.19041.5369 (WinBuild.160101.0800)"},{"@Name":"Description","#text":"Eventing Command Line Utility"},{"@Name":"Product","#text":"Microsoft® Windows® Operating System"},{"@Name":"Company","#text":"Microsoft Corporation"},{"@Name":"OriginalFileName","#text":"wevtutil.exe"},{"@Name":"CommandLine","#text":"C:\Windows\system32\wevtutil.exe install-manifest \"C:\ProgramData\Microsoft\Windows Defender\Platform\4.18.25030.2-0\Microsoft-Antimalware-Service.man\" \"/resourceFilePath:C:\ProgramData\Microsoft\Windows Defender\Platform\4.18.25030.2-0\MpSvc.dll\" \"/messageFilePath:C:\ProgramData\Microsoft\Windows Defender\Platform\4.18.25030.2-0\MpSvc.dll\" \"/parameterFilePath:C:\ProgramData\Microsoft\Windows Defender\Platform\4.18.25030.2-0\MpSvc.dll\""},{"@Name":"CurrentDirectory","#text":"C:\Windows\system32\"},{"@Name":"User","#text":"NT AUTHORITY\SYSTEM"},{"@Name":"LogonGuid","#text":"dbf410b3-a39d-6814-e703-000000000000"},{"@Name":"LogonId","#text":"0x3E7"},{"@Name":"TerminalSessionId","#text":"0"},{"@Name":"IntegrityLevel","#text":"System"},{"@Name":"Hashes","#text":"SHA256=6EB98491FA6A7B19BBA56EADEA1390CA598FA19220FA1D787FC2F0A3631CC341"},{"@Name":"ParentProcessGuid","#text":"dbf410b3-8784-6814-4d00-000000004500"},{"@Name":"ParentProcessId","#text":"1604"},{"@Name":"ParentImage","#text":"C:\ProgramData\Microsoft\Windows Defender\Platform\4.18.25030.2-0\MsMpEng.exe"},{"@Name":"ParentCommandLine","#text":"\"C:\ProgramData\Microsoft\Windows Defender\Platform\4.18.25030.2-0\MsMpEng.exe\""},{"@Name":"ParentUser","#text":"NT AUTHORITY\SYSTEM"}]}}}
{"Event":{"System":{"Provider":{"@Name":"Microsoft-Windows-Sysmon","@Guid":"5770385f-c22a-43e0-bf4c-06f5698ffbd9"},"EventID":"1","Version":"5","Level":"4","Task":"1","Opcode":"0","Keywords":"100","TimeCreated":{"@SystemTime":"2025-05-02 08:51:27.8425197"},"EventRecordID":"60072","Correlation":null,"Execution":{"@ProcessID":"2488","@ThreadID":"4156"},"Channel":"Microsoft-Windows-Sysmon/Operational","Computer":"Server002","Security":{"@UserID":"S-1-5-18"}},"EventData":{"Data":[{"@Name":"RuleName","#text":"-"},{"@Name":"UtcTime","#text":"2025-05-02 08:51:27.719"},{"@Name":"ProcessGuid","#text":"dbf410b3-878f-6814-7800-000000004500"},{"@Name":"ProcessId","#text":"5440"},{"@Name":"Image","#text":"C:\Program Files (x86)\Microsoft Office\root\vfs\ProgramFilesCommonX86\Microsoft Shared\Office16\opushutil.exe"},{"@Name":"FileVersion","#text":"16.0.18623.20208"},{"@Name":"Description","#text":"Office Push Notifications Utility Assembly"},{"@Name":"Product","#text":"Office Push Notifications Utility"},{"@Name":"Company","#text":"Microsoft Corporation"},{"@Name":"OriginalFileName","#text":"opushutil.exe"},{"@Name":"CommandLine","#text":"\"C:\Program Files (x86)\Microsoft Office\root\vfs\ProgramFilesCommonx86\Microsoft Shared\Office16\opushutil.exe\" /pushregistration"},{"@Name":"CurrentDirectory","#text":"C:\Windows\system32\"},{"@Name":"User","#text":"SERVER002\lplui"},{"@Name":"LogonGuid","#text":"dbf410b3-8789-6814-3797-030000000000"},{"@Name":"LogonId","#text":"0x39737"},{"@Name":"TerminalSessionId","#text":"1"},{"@Name":"IntegrityLevel","#text":"Medium"},{"@Name":"Hashes","#text":"SHA256=9039D2E03E3325B84CCAF9B2C015042E91F51453F6BD0EE3D67109FF05271B71"},{"@Name":"ParentProcessGuid","#text":"00000000-0000-0000-0000-000000000000"},{"@Name":"ParentProcessId","#text":"1140"},{"@Name":"ParentImage","#text":"-"},{"@Name":"ParentCommandLine","#text":"-"},{"@Name":"ParentUser","#text":"-"}]}}}
{"Event":{"System":{"Provider":{"@Name":"Microsoft-Windows-Sysmon","@Guid":"5770385f-c22a-43e0-bf4c-06f5698ffbd9"},"EventID":"1","Version":"5","Level":"4","Task":"1","Opcode":"0","Keywords":"100","TimeCreated":{"@SystemTime":"2025-05-02 08:51:27.8612751"},"EventRecordID":"60073","Correlation":null,"Execution":{"@ProcessID":"2488","@ThreadID":"4156"},"Channel":"Microsoft-Windows-Sysmon/Operational","Computer":"Server002","Security":{"@UserID":"S-1-5-18"}},"EventData":{"Data":[{"@Name":"RuleName","#text":"-"},{"@Name":"UtcTime","#text":"2025-05-02 08:51:27.847"},{"@Name":"ProcessGuid","#text":"dbf410b3-878f-6814-7900-000000004500"},{"@Name":"ProcessId","#text":"5476"},{"@Name":"Image","#text":"C:\Windows\System32\SppExtComObj.Exe"},{"@Name":"FileVersion","#text":"10.0.19041.5737 (WinBuild.160101.0800)"},{"@Name":"Description","#text":"KMS Connection Broker"},{"@Name":"Product","#text":"Microsoft® Windows® Operating System"},{"@Name":"Company","#text":"Microsoft Corporation"},{"@Name":"OriginalFileName","#text":"SppExtComObj.exe"},{"@Name":"CommandLine","#text":"C:\Windows\system32\SppExtComObj.exe -Embedding"},{"@Name":"CurrentDirectory","#text":"C:\Windows\system32\"},{"@Name":"User","#text":"NT AUTHORITY\NETWORK SERVICE"},{"@Name":"LogonGuid","#text":"dbf410b3-a39f-6814-e403-000000000000"},{"@Name":"LogonId","#text":"0x3E4"},{"@Name":"TerminalSessionId","#text":"0"},{"@Name":"IntegrityLevel","#text":"System"},{"@Name":"Hashes","#text":"SHA256=EA1C41E13C5535102F86D97BB349052230FE4D952CC36ECC2689F770A14EDFF7"},{"@Name":"ParentProcessGuid","#text":"00000000-0000-0000-0000-000000000000"},{"@Name":"ParentProcessId","#text":"800"},{"@Name":"ParentImage","#text":"-"},{"@Name":"ParentCommandLine","#text":"-"},{"@Name":"ParentUser","#text":"-"}]}}}
{"Event":{"System":{"Provider":{"@Name":"Microsoft-Windows-Sysmon","@Guid":"5770385f-c22a-43e0-bf4c-06f5698ffbd9"},"EventID":"1","Version":"5","Level":"4","Task":"1","Opcode":"0","Keywords":"100","TimeCreated":{"@SystemTime":"2025-05-02 08:51:28.0650559"},"EventRecordID":"60074","Correlation":null,"Execution":{"@ProcessID":"2488","@ThreadID":"4156"},"Channel":"Microsoft-Windows-Sysmon/Operational","Computer":"Server002","Security":{"@UserID":"S-1-5-18"}},"EventData":{"Data":[{"@Name":"RuleName","#text":"-"},{"@Name":"UtcTime","#text":"2025-05-02 08:51:27.936"},{"@Name":"ProcessGuid","#text":"dbf410b3-878f-6814-7a00-000000004500"},{"@Name":"ProcessId","#text":"5496"},{"@Name":"Image","#text":"C:\Windows\System32\conhost.exe"},{"@Name":"FileVersion","#text":"10.0.19041.5198 (WinBuild.160101.0800)"},{"@Name":"Description","#text":"Console Window Host"},{"@Name":"Product","#text":"Microsoft® Windows® Operating System"},{"@Name":"Company","#text":"Microsoft Corporation"},{"@Name":"OriginalFileName","#text":"CONHOST.EXE"},{"@Name":"CommandLine","#text":"\??\C:\Windows\system32\conhost.exe 0xffffffff -ForceV1"},{"@Name":"CurrentDirectory","#text":"C:\Windows"},{"@Name":"User","#text":"NT AUTHORITY\SYSTEM"},{"@Name":"LogonGuid","#text":"dbf410b3-a39d-6814-e703-000000000000"},{"@Name":"LogonId","#text":"0x3E7"},{"@Name":"TerminalSessionId","#text":"0"},{"@Name":"IntegrityLevel","#text":"System"},{"@Name":"Hashes","#text":"SHA256=B02EE54FB2EC69673386D41119EE8ED083A6EAB3BFCA6AA2155D20CE68EF8963"},{"@Name":"ParentProcessGuid","#text":"dbf410b3-878f-6814-7700-000000004500"},{"@Name":"ParentProcessId","#text":"5408"},{"@Name":"ParentImage","#text":"C:\Windows\System32\wevtutil.exe"},{"@Name":"ParentCommandLine","#text":"C:\Windows\system32\wevtutil.exe install-manifest \"C:\ProgramData\Microsoft\Windows Defender\Platform\4.18.25030.2-0\Microsoft-Antimalware-Service.man\" \"/resourceFilePath:C:\ProgramData\Microsoft\Windows Defender\Platform\4.18.25030.2-0\MpSvc.dll\" \"/messageFilePath:C:\ProgramData\Microsoft\Windows Defender\Platform\4.18.25030.2-0\MpSvc.dll\" \"/parameterFilePath:C:\ProgramData\Microsoft\Windows Defender\Platform\4.18.25030.2-0\MpSvc.dll\""},{"@Name":"ParentUser","#text":"NT AUTHORITY\SYSTEM"}]}}}
{"Event":{"System":{"Provider":{"@Name":"Microsoft-Windows-Sysmon","@Guid":"5770385f-c22a-43e0-bf4c-06f5698ffbd9"},"EventID":"1","Version":"5","Level":"4","Task":"1","Opcode":"0","Keywords":"100","TimeCreated":{"@SystemTime":"2025-05-02 08:51:28.2460810"},"EventRecordID":"60075","Correlation":null,"Execution":{"@ProcessID":"2488","@ThreadID":"4156"},"Channel":"Microsoft-Windows-Sysmon/Operational","Computer":"Server002","Security":{"@UserID":"S-1-5-18"}},"EventData":{"Data":[{"@Name":"RuleName","#text":"-"},{"@Name":"UtcTime","#text":"2025-05-02 08:51:28.121"},{"@Name":"ProcessGuid","#text":"dbf410b3-8790-6814-7b00-000000004500"},{"@Name":"ProcessId","#text":"5528"},{"@Name":"Image","#text":"C:\Windows\System32\ctfmon.exe"},{"@Name":"FileVersion","#text":"10.0.19041.1 (WinBuild.160101.0800)"},{"@Name":"Description","#text":"CTF Loader"},{"@Name":"Product","#text":"Microsoft® Windows® Operating System"},{"@Name":"Company","#text":"Microsoft Corporation"},{"@Name":"OriginalFileName","#text":"CTFMON.EXE"},{"@Name":"CommandLine","#text":"\"ctfmon.exe\""},{"@Name":"CurrentDirectory","#text":"C:\Windows\system32\"},{"@Name":"User","#text":"SERVER002\lplui"},{"@Name":"LogonGuid","#text":"dbf410b3-8789-6814-3797-030000000000"},{"@Name":"LogonId","#text":"0x39737"},{"@Name":"TerminalSessionId","#text":"1"},{"@Name":"IntegrityLevel","#text":"High"},{"@Name":"Hashes","#text":"SHA256=484FED5F039F429ED933931BA607B7EFDA7D1A343D79CFAB60910E1843147012"},{"@Name":"ParentProcessGuid","#text":"dbf410b3-878f-6814-7500-000000004500"},{"@Name":"ParentProcessId","#text":"5260"},{"@Name":"ParentImage","#text":"C:\Windows\System32\svchost.exe"},{"@Name":"ParentCommandLine","#text":"C:\Windows\System32\svchost.exe -k LocalSystemNetworkRestricted -p -s TabletInputService"},{"@Name":"ParentUser","#text":"NT AUTHORITY\SYSTEM"}]}}}
{"Event":{"System":{"Provider":{"@Name":"Microsoft-Windows-Sysmon","@Guid":"5770385f-c22a-43e0-bf4c-06f5698ffbd9"},"EventID":"1","Version":"5","Level":"4","Task":"1","Opcode":"0","Keywords":"100","TimeCreated":{"@SystemTime":"2025-05-02 08:51:28.9520919"},"EventRecordID":"60076","Correlation":null,"Execution":{"@ProcessID":"2488","@ThreadID":"4156"},"Channel":"Microsoft-Windows-Sysmon/Operational","Computer":"Server002","Security":{"@UserID":"S-1-5-18"}},"EventData":{"Data":[{"@Name":"RuleName","#text":"-"},{"@Name":"UtcTime","#text":"2025-05-02 08:51:28.856"},{"@Name":"ProcessGuid","#text":"dbf410b3-8790-6814-7c00-000000004500"},{"@Name":"ProcessId","#text":"5752"},{"@Name":"Image","#text":"C:\Windows\System32\AggregatorHost.exe"},{"@Name":"FileVersion","#text":"-"},{"@Name":"Description","#text":"-"},{"@Name":"Product","#text":"-"},{"@Name":"Company","#text":"-"},{"@Name":"OriginalFileName","#text":"-"},{"@Name":"CommandLine","#text":"AggregatorHost.exe"},{"@Name":"CurrentDirectory","#text":"C:\Windows\system32\"},{"@Name":"User","#text":"NT AUTHORITY\SYSTEM"},{"@Name":"LogonGuid","#text":"dbf410b3-a39d-6814-e703-000000000000"},{"@Name":"LogonId","#text":"0x3E7"},{"@Name":"TerminalSessionId","#text":"0"},{"@Name":"IntegrityLevel","#text":"System"},{"@Name":"Hashes","#text":"SHA256=1C6EDD79B90445702D7996081ADBD5AE0BF804D839C535D28B5E609F10F81052"},{"@Name":"ParentProcessGuid","#text":"dbf410b3-8784-6814-4400-000000004500"},{"@Name":"ParentProcessId","#text":"2944"},{"@Name":"ParentImage","#text":"C:\Windows\System32\svchost.exe"},{"@Name":"ParentCommandLine","#text":"C:\Windows\System32\svchost.exe -k utcsvc -p"},{"@Name":"ParentUser","#text":"NT AUTHORITY\SYSTEM"}]}}}
