{"Event":{"System":{"Provider":{"@Name":"Microsoft-Windows-Sysmon","@Guid":"5770385f-c22a-43e0-bf4c-06f5698ffbd9"},"EventID":"1","Version":"5","Level":"4","Task":"1","Opcode":"0","Keywords":"0x8000000000000000","TimeCreated":{"@SystemTime":"2025-04-16 17:35:14.1683190"},"EventRecordID":"21504","Correlation":null,"Execution":{"@ProcessID":"3004","@ThreadID":"3384"},"Channel":"Microsoft-Windows-Sysmon/Operational","Computer":"Server002","Security":{"@UserID":"S-1-5-18"}},"EventData":{"Data":[{"@Name":"RuleName","#text":"-"},{"@Name":"UtcTime","#text":"2025-04-16 17:35:14.155"},{"@Name":"ProcessGuid","#text":"dbf410b3-ea52-67ff-d507-000000003900"},{"@Name":"ProcessId","#text":"7464"},{"@Name":"Image","#text":"C:\Windows\Microsoft.NET\Framework64\v4.0.30319\mscorsvw.exe"},{"@Name":"FileVersion","#text":"4.8.9093.0 built by: NET481REL1LAST_C"},{"@Name":"Description","#text":".NET Runtime Optimization Service"},{"@Name":"Product","#text":"Microsoft® .NET Framework"},{"@Name":"Company","#text":"Microsoft Corporation"},{"@Name":"OriginalFileName","#text":"mscorsvw.exe"},{"@Name":"CommandLine","#text":"C:\Windows\Microsoft.NET\Framework64\v4.0.30319\mscorsvw.exe -StartupEvent 404 -InterruptEvent 0 -NGENProcess 35c -Pipe 468 -Comment \"NGen Worker Process\""},{"@Name":"CurrentDirectory","#text":"C:\Windows\system32\"},{"@Name":"User","#text":"NT AUTHORITY\SYSTEM"},{"@Name":"LogonGuid","#text":"dbf410b3-e84c-67ff-e703-000000000000"},{"@Name":"LogonId","#text":"0x3E7"},{"@Name":"TerminalSessionId","#text":"0"},{"@Name":"IntegrityLevel","#text":"System"},{"@Name":"Hashes","#text":"SHA256=B63825D9B79213568CB57A52A7D607D8F9D7481EC5A0B260A6ACE9F2FCD8F507"},{"@Name":"ParentProcessGuid","#text":"dbf410b3-e9e0-67ff-5e07-000000003900"},{"@Name":"ParentProcessId","#text":"5008"},{"@Name":"ParentImage","#text":"C:\Windows\Microsoft.NET\Framework64\v4.0.30319\ngen.exe"},{"@Name":"ParentCommandLine","#text":"\"C:\Windows\Microsoft.NET\Framework64\v4.0.30319\ngen.exe\" ExecuteQueuedItems /LegacyServiceBehavior"},{"@Name":"ParentUser","#text":"NT AUTHORITY\SYSTEM"}]}}}
{"Event":{"System":{"Provider":{"@Name":"Microsoft-Windows-Sysmon","@Guid":"5770385f-c22a-43e0-bf4c-06f5698ffbd9"},"EventID":"5","Version":"3","Level":"4","Task":"5","Opcode":"0","Keywords":"0x8000000000000000","TimeCreated":{"@SystemTime":"2025-04-16 17:35:14.1710278"},"EventRecordID":"21505","Correlation":null,"Execution":{"@ProcessID":"3004","@ThreadID":"3384"},"Channel":"Microsoft-Windows-Sysmon/Operational","Computer":"Server002","Security":{"@UserID":"S-1-5-18"}},"EventData":{"Data":[{"@Name":"RuleName","#text":"-"},{"@Name":"UtcTime","#text":"2025-04-16 17:35:14.170"},{"@Name":"ProcessGuid","#text":"dbf410b3-ea51-67ff-d407-000000003900"},{"@Name":"ProcessId","#text":"10276"},{"@Name":"Image","#text":"C:\Windows\Microsoft.NET\Framework64\v4.0.30319\mscorsvw.exe"},{"@Name":"User","#text":"NT AUTHORITY\SYSTEM"}]}}}
{"Event":{"System":{"Provider":{"@Name":"Microsoft-Windows-Sysmon","@Guid":"5770385f-c22a-43e0-bf4c-06f5698ffbd9"},"EventID":"5","Version":"3","Level":"4","Task":"5","Opcode":"0","Keywords":"0x8000000000000000","TimeCreated":{"@SystemTime":"2025-04-16 17:35:14.4533117"},"EventRecordID":"21506","Correlation":null,"Execution":{"@ProcessID":"3004","@ThreadID":"3384"},"Channel":"Microsoft-Windows-Sysmon/Operational","Computer":"Server002","Security":{"@UserID":"S-1-5-18"}},"EventData":{"Data":[{"@Name":"RuleName","#text":"-"},{"@Name":"UtcTime","#text":"2025-04-16 17:35:14.452"},{"@Name":"ProcessGuid","#text":"dbf410b3-ea52-67ff-d507-000000003900"},{"@Name":"ProcessId","#text":"7464"},{"@Name":"Image","#text":"C:\Windows\Microsoft.NET\Framework64\v4.0.30319\mscorsvw.exe"},{"@Name":"User","#text":"NT AUTHORITY\SYSTEM"}]}}}
{"Event":{"System":{"Provider":{"@Name":"Microsoft-Windows-Sysmon","@Guid":"5770385f-c22a-43e0-bf4c-06f5698ffbd9"},"EventID":"1","Version":"5","Level":"4","Task":"1","Opcode":"0","Keywords":"0x8000000000000000","TimeCreated":{"@SystemTime":"2025-04-16 17:35:14.4615508"},"EventRecordID":"21507","Correlation":null,"Execution":{"@ProcessID":"3004","@ThreadID":"3384"},"Channel":"Microsoft-Windows-Sysmon/Operational","Computer":"Server002","Security":{"@UserID":"S-1-5-18"}},"EventData":{"Data":[{"@Name":"RuleName","#text":"-"},{"@Name":"UtcTime","#text":"2025-04-16 17:35:14.449"},{"@Name":"ProcessGuid","#text":"dbf410b3-ea52-67ff-d607-000000003900"},{"@Name":"ProcessId","#text":"1712"},{"@Name":"Image","#text":"C:\Windows\Microsoft.NET\Framework64\v4.0.30319\mscorsvw.exe"},{"@Name":"FileVersion","#text":"4.8.9093.0 built by: NET481REL1LAST_C"},{"@Name":"Description","#text":".NET Runtime Optimization Service"},{"@Name":"Product","#text":"Microsoft® .NET Framework"},{"@Name":"Company","#text":"Microsoft Corporation"},{"@Name":"OriginalFileName","#text":"mscorsvw.exe"},{"@Name":"CommandLine","#text":"C:\Windows\Microsoft.NET\Framework64\v4.0.30319\mscorsvw.exe -StartupEvent 478 -InterruptEvent 0 -NGENProcess 4a4 -Pipe 40c -Comment \"NGen Worker Process\""},{"@Name":"CurrentDirectory","#text":"C:\Windows\system32\"},{"@Name":"User","#text":"NT AUTHORITY\SYSTEM"},{"@Name":"LogonGuid","#text":"dbf410b3-e84c-67ff-e703-000000000000"},{"@Name":"LogonId","#text":"0x3E7"},{"@Name":"TerminalSessionId","#text":"0"},{"@Name":"IntegrityLevel","#text":"System"},{"@Name":"Hashes","#text":"SHA256=B63825D9B79213568CB57A52A7D607D8F9D7481EC5A0B260A6ACE9F2FCD8F507"},{"@Name":"ParentProcessGuid","#text":"dbf410b3-e9e0-67ff-5e07-000000003900"},{"@Name":"ParentProcessId","#text":"5008"},{"@Name":"ParentImage","#text":"C:\Windows\Microsoft.NET\Framework64\v4.0.30319\ngen.exe"},{"@Name":"ParentCommandLine","#text":"\"C:\Windows\Microsoft.NET\Framework64\v4.0.30319\ngen.exe\" ExecuteQueuedItems /LegacyServiceBehavior"},{"@Name":"ParentUser","#text":"NT AUTHORITY\SYSTEM"}]}}}
{"Event":{"System":{"Provider":{"@Name":"Microsoft-Windows-Sysmon","@Guid":"5770385f-c22a-43e0-bf4c-06f5698ffbd9"},"EventID":"5","Version":"3","Level":"4","Task":"5","Opcode":"0","Keywords":"0x8000000000000000","TimeCreated":{"@SystemTime":"2025-04-16 17:35:14.8524661"},"EventRecordID":"21508","Correlation":null,"Execution":{"@ProcessID":"3004","@ThreadID":"3384"},"Channel":"Microsoft-Windows-Sysmon/Operational","Computer":"Server002","Security":{"@UserID":"S-1-5-18"}},"EventData":{"Data":[{"@Name":"RuleName","#text":"-"},{"@Name":"UtcTime","#text":"2025-04-16 17:35:14.852"},{"@Name":"ProcessGuid","#text":"dbf410b3-ea52-67ff-d607-000000003900"},{"@Name":"ProcessId","#text":"1712"},{"@Name":"Image","#text":"C:\Windows\Microsoft.NET\Framework64\v4.0.30319\mscorsvw.exe"},{"@Name":"User","#text":"NT AUTHORITY\SYSTEM"}]}}}
{"Event":{"System":{"Provider":{"@Name":"Microsoft-Windows-Sysmon","@Guid":"5770385f-c22a-43e0-bf4c-06f5698ffbd9"},"EventID":"1","Version":"5","Level":"4","Task":"1","Opcode":"0","Keywords":"0x8000000000000000","TimeCreated":{"@SystemTime":"2025-04-16 17:35:14.8550733"},"EventRecordID":"21509","Correlation":null,"Execution":{"@ProcessID":"3004","@ThreadID":"3384"},"Channel":"Microsoft-Windows-Sysmon/Operational","Computer":"Server002","Security":{"@UserID":"S-1-5-18"}},"EventData":{"Data":[{"@Name":"RuleName","#text":"-"},{"@Name":"UtcTime","#text":"2025-04-16 17:35:14.836"},{"@Name":"ProcessGuid","#text":"dbf410b3-ea52-67ff-d707-000000003900"},{"@Name":"ProcessId","#text":"1564"},{"@Name":"Image","#text":"C:\Windows\Microsoft.NET\Framework64\v4.0.30319\mscorsvw.exe"},{"@Name":"FileVersion","#text":"4.8.9093.0 built by: NET481REL1LAST_C"},{"@Name":"Description","#text":".NET Runtime Optimization Service"},{"@Name":"Product","#text":"Microsoft® .NET Framework"},{"@Name":"Company","#text":"Microsoft Corporation"},{"@Name":"OriginalFileName","#text":"mscorsvw.exe"},{"@Name":"CommandLine","#text":"C:\Windows\Microsoft.NET\Framework64\v4.0.30319\mscorsvw.exe -StartupEvent 478 -InterruptEvent 0 -NGENProcess 474 -Pipe 4a0 -Comment \"NGen Worker Process\""},{"@Name":"CurrentDirectory","#text":"C:\Windows\system32\"},{"@Name":"User","#text":"NT AUTHORITY\SYSTEM"},{"@Name":"LogonGuid","#text":"dbf410b3-e84c-67ff-e703-000000000000"},{"@Name":"LogonId","#text":"0x3E7"},{"@Name":"TerminalSessionId","#text":"0"},{"@Name":"IntegrityLevel","#text":"System"},{"@Name":"Hashes","#text":"SHA256=B63825D9B79213568CB57A52A7D607D8F9D7481EC5A0B260A6ACE9F2FCD8F507"},{"@Name":"ParentProcessGuid","#text":"dbf410b3-e9e0-67ff-5e07-000000003900"},{"@Name":"ParentProcessId","#text":"5008"},{"@Name":"ParentImage","#text":"C:\Windows\Microsoft.NET\Framework64\v4.0.30319\ngen.exe"},{"@Name":"ParentCommandLine","#text":"\"C:\Windows\Microsoft.NET\Framework64\v4.0.30319\ngen.exe\" ExecuteQueuedItems /LegacyServiceBehavior"},{"@Name":"ParentUser","#text":"NT AUTHORITY\SYSTEM"}]}}}
{"Event":{"System":{"Provider":{"@Name":"Microsoft-Windows-Sysmon","@Guid":"5770385f-c22a-43e0-bf4c-06f5698ffbd9"},"EventID":"5","Version":"3","Level":"4","Task":"5","Opcode":"0","Keywords":"0x8000000000000000","TimeCreated":{"@SystemTime":"2025-04-16 17:35:15.0921445"},"EventRecordID":"21510","Correlation":null,"Execution":{"@ProcessID":"3004","@ThreadID":"3384"},"Channel":"Microsoft-Windows-Sysmon/Operational","Computer":"Server002","Security":{"@UserID":"S-1-5-18"}},"EventData":{"Data":[{"@Name":"RuleName","#text":"-"},{"@Name":"UtcTime","#text":"2025-04-16 17:35:15.091"},{"@Name":"ProcessGuid","#text":"dbf410b3-ea52-67ff-d707-000000003900"},{"@Name":"ProcessId","#text":"1564"},{"@Name":"Image","#text":"C:\Windows\Microsoft.NET\Framework64\v4.0.30319\mscorsvw.exe"},{"@Name":"User","#text":"NT AUTHORITY\SYSTEM"}]}}}
{"Event":{"System":{"Provider":{"@Name":"Microsoft-Windows-Sysmon","@Guid":"5770385f-c22a-43e0-bf4c-06f5698ffbd9"},"EventID":"1","Version":"5","Level":"4","Task":"1","Opcode":"0","Keywords":"0x8000000000000000","TimeCreated":{"@SystemTime":"2025-04-16 17:35:15.1051291"},"EventRecordID":"21511","Correlation":null,"Execution":{"@ProcessID":"3004","@ThreadID":"3384"},"Channel":"Microsoft-Windows-Sysmon/Operational","Computer":"Server002","Security":{"@UserID":"S-1-5-18"}},"EventData":{"Data":[{"@Name":"RuleName","#text":"-"},{"@Name":"UtcTime","#text":"2025-04-16 17:35:15.090"},{"@Name":"ProcessGuid","#text":"dbf410b3-ea53-67ff-d807-000000003900"},{"@Name":"ProcessId","#text":"10856"},{"@Name":"Image","#text":"C:\Windows\Microsoft.NET\Framework64\v4.0.30319\mscorsvw.exe"},{"@Name":"FileVersion","#text":"4.8.9093.0 built by: NET481REL1LAST_C"},{"@Name":"Description","#text":".NET Runtime Optimization Service"},{"@Name":"Product","#text":"Microsoft® .NET Framework"},{"@Name":"Company","#text":"Microsoft Corporation"},{"@Name":"OriginalFileName","#text":"mscorsvw.exe"},{"@Name":"CommandLine","#text":"C:\Windows\Microsoft.NET\Framework64\v4.0.30319\mscorsvw.exe -StartupEvent 49c -InterruptEvent 0 -NGENProcess 474 -Pipe 430 -Comment \"NGen Worker Process\""},{"@Name":"CurrentDirectory","#text":"C:\Windows\system32\"},{"@Name":"User","#text":"NT AUTHORITY\SYSTEM"},{"@Name":"LogonGuid","#text":"dbf410b3-e84c-67ff-e703-000000000000"},{"@Name":"LogonId","#text":"0x3E7"},{"@Name":"TerminalSessionId","#text":"0"},{"@Name":"IntegrityLevel","#text":"System"},{"@Name":"Hashes","#text":"SHA256=B63825D9B79213568CB57A52A7D607D8F9D7481EC5A0B260A6ACE9F2FCD8F507"},{"@Name":"ParentProcessGuid","#text":"dbf410b3-e9e0-67ff-5e07-000000003900"},{"@Name":"ParentProcessId","#text":"5008"},{"@Name":"ParentImage","#text":"C:\Windows\Microsoft.NET\Framework64\v4.0.30319\ngen.exe"},{"@Name":"ParentCommandLine","#text":"\"C:\Windows\Microsoft.NET\Framework64\v4.0.30319\ngen.exe\" ExecuteQueuedItems /LegacyServiceBehavior"},{"@Name":"ParentUser","#text":"NT AUTHORITY\SYSTEM"}]}}}
{"Event":{"System":{"Provider":{"@Name":"Microsoft-Windows-Sysmon","@Guid":"5770385f-c22a-43e0-bf4c-06f5698ffbd9"},"EventID":"1","Version":"5","Level":"4","Task":"1","Opcode":"0","Keywords":"0x8000000000000000","TimeCreated":{"@SystemTime":"2025-04-16 17:35:15.4313587"},"EventRecordID":"21512","Correlation":null,"Execution":{"@ProcessID":"3004","@ThreadID":"3384"},"Channel":"Microsoft-Windows-Sysmon/Operational","Computer":"Server002","Security":{"@UserID":"S-1-5-18"}},"EventData":{"Data":[{"@Name":"RuleName","#text":"-"},{"@Name":"UtcTime","#text":"2025-04-16 17:35:15.416"},{"@Name":"ProcessGuid","#text":"dbf410b3-ea53-67ff-d907-000000003900"},{"@Name":"ProcessId","#text":"6368"},{"@Name":"Image","#text":"C:\Windows\Microsoft.NET\Framework64\v4.0.30319\mscorsvw.exe"},{"@Name":"FileVersion","#text":"4.8.9093.0 built by: NET481REL1LAST_C"},{"@Name":"Description","#text":".NET Runtime Optimization Service"},{"@Name":"Product","#text":"Microsoft® .NET Framework"},{"@Name":"Company","#text":"Microsoft Corporation"},{"@Name":"OriginalFileName","#text":"mscorsvw.exe"},{"@Name":"CommandLine","#text":"C:\Windows\Microsoft.NET\Framework64\v4.0.30319\mscorsvw.exe -StartupEvent 4ac -InterruptEvent 0 -NGENProcess 4c0 -Pipe 4b0 -Comment \"NGen Worker Process\""},{"@Name":"CurrentDirectory","#text":"C:\Windows\system32\"},{"@Name":"User","#text":"NT AUTHORITY\SYSTEM"},{"@Name":"LogonGuid","#text":"dbf410b3-e84c-67ff-e703-000000000000"},{"@Name":"LogonId","#text":"0x3E7"},{"@Name":"TerminalSessionId","#text":"0"},{"@Name":"IntegrityLevel","#text":"System"},{"@Name":"Hashes","#text":"SHA256=B63825D9B79213568CB57A52A7D607D8F9D7481EC5A0B260A6ACE9F2FCD8F507"},{"@Name":"ParentProcessGuid","#text":"dbf410b3-e9e0-67ff-5e07-000000003900"},{"@Name":"ParentProcessId","#text":"5008"},{"@Name":"ParentImage","#text":"C:\Windows\Microsoft.NET\Framework64\v4.0.30319\ngen.exe"},{"@Name":"ParentCommandLine","#text":"\"C:\Windows\Microsoft.NET\Framework64\v4.0.30319\ngen.exe\" ExecuteQueuedItems /LegacyServiceBehavior"},{"@Name":"ParentUser","#text":"NT AUTHORITY\SYSTEM"}]}}}
{"Event":{"System":{"Provider":{"@Name":"Microsoft-Windows-Sysmon","@Guid":"5770385f-c22a-43e0-bf4c-06f5698ffbd9"},"EventID":"5","Version":"3","Level":"4","Task":"5","Opcode":"0","Keywords":"0x8000000000000000","TimeCreated":{"@SystemTime":"2025-04-16 17:35:15.4330061"},"EventRecordID":"21513","Correlation":null,"Execution":{"@ProcessID":"3004","@ThreadID":"3384"},"Channel":"Microsoft-Windows-Sysmon/Operational","Computer":"Server002","Security":{"@UserID":"S-1-5-18"}},"EventData":{"Data":[{"@Name":"RuleName","#text":"-"},{"@Name":"UtcTime","#text":"2025-04-16 17:35:15.432"},{"@Name":"ProcessGuid","#text":"dbf410b3-ea53-67ff-d807-000000003900"},{"@Name":"ProcessId","#text":"10856"},{"@Name":"Image","#text":"C:\Windows\Microsoft.NET\Framework64\v4.0.30319\mscorsvw.exe"},{"@Name":"User","#text":"NT AUTHORITY\SYSTEM"}]}}}
{"Event":{"System":{"Provider":{"@Name":"Microsoft-Windows-Sysmon","@Guid":"5770385f-c22a-43e0-bf4c-06f5698ffbd9"},"EventID":"1","Version":"5","Level":"4","Task":"1","Opcode":"0","Keywords":"0x8000000000000000","TimeCreated":{"@SystemTime":"2025-04-16 17:35:15.9399224"},"EventRecordID":"21514","Correlation":null,"Execution":{"@ProcessID":"3004","@ThreadID":"3384"},"Channel":"Microsoft-Windows-Sysmon/Operational","Computer":"Server002","Security":{"@UserID":"S-1-5-18"}},"EventData":{"Data":[{"@Name":"RuleName","#text":"-"},{"@Name":"UtcTime","#text":"2025-04-16 17:35:15.914"},{"@Name":"ProcessGuid","#text":"dbf410b3-ea53-67ff-da07-000000003900"},{"@Name":"ProcessId","#text":"6868"},{"@Name":"Image","#text":"C:\Windows\Microsoft.NET\Framework64\v4.0.30319\mscorsvw.exe"},{"@Name":"FileVersion","#text":"4.8.9093.0 built by: NET481REL1LAST_C"},{"@Name":"Description","#text":".NET Runtime Optimization Service"},{"@Name":"Product","#text":"Microsoft® .NET Framework"},{"@Name":"Company","#text":"Microsoft Corporation"},{"@Name":"OriginalFileName","#text":"mscorsvw.exe"},{"@Name":"CommandLine","#text":"C:\Windows\Microsoft.NET\Framework64\v4.0.30319\mscorsvw.exe -StartupEvent 4b4 -InterruptEvent 0 -NGENProcess 4c8 -Pipe 4d0 -Comment \"NGen Worker Process\""},{"@Name":"CurrentDirectory","#text":"C:\Windows\system32\"},{"@Name":"User","#text":"NT AUTHORITY\SYSTEM"},{"@Name":"LogonGuid","#text":"dbf410b3-e84c-67ff-e703-000000000000"},{"@Name":"LogonId","#text":"0x3E7"},{"@Name":"TerminalSessionId","#text":"0"},{"@Name":"IntegrityLevel","#text":"System"},{"@Name":"Hashes","#text":"SHA256=B63825D9B79213568CB57A52A7D607D8F9D7481EC5A0B260A6ACE9F2FCD8F507"},{"@Name":"ParentProcessGuid","#text":"dbf410b3-e9e0-67ff-5e07-000000003900"},{"@Name":"ParentProcessId","#text":"5008"},{"@Name":"ParentImage","#text":"C:\Windows\Microsoft.NET\Framework64\v4.0.30319\ngen.exe"},{"@Name":"ParentCommandLine","#text":"\"C:\Windows\Microsoft.NET\Framework64\v4.0.30319\ngen.exe\" ExecuteQueuedItems /LegacyServiceBehavior"},{"@Name":"ParentUser","#text":"NT AUTHORITY\SYSTEM"}]}}}
{"Event":{"System":{"Provider":{"@Name":"Microsoft-Windows-Sysmon","@Guid":"5770385f-c22a-43e0-bf4c-06f5698ffbd9"},"EventID":"5","Version":"3","Level":"4","Task":"5","Opcode":"0","Keywords":"0x8000000000000000","TimeCreated":{"@SystemTime":"2025-04-16 17:35:15.9399714"},"EventRecordID":"21515","Correlation":null,"Execution":{"@ProcessID":"3004","@ThreadID":"3384"},"Channel":"Microsoft-Windows-Sysmon/Operational","Computer":"Server002","Security":{"@UserID":"S-1-5-18"}},"EventData":{"Data":[{"@Name":"RuleName","#text":"-"},{"@Name":"UtcTime","#text":"2025-04-16 17:35:15.939"},{"@Name":"ProcessGuid","#text":"dbf410b3-ea53-67ff-d907-000000003900"},{"@Name":"ProcessId","#text":"6368"},{"@Name":"Image","#text":"C:\Windows\Microsoft.NET\Framework64\v4.0.30319\mscorsvw.exe"},{"@Name":"User","#text":"NT AUTHORITY\SYSTEM"}]}}}
{"Event":{"System":{"Provider":{"@Name":"Microsoft-Windows-Sysmon","@Guid":"5770385f-c22a-43e0-bf4c-06f5698ffbd9"},"EventID":"1","Version":"5","Level":"4","Task":"1","Opcode":"0","Keywords":"0x8000000000000000","TimeCreated":{"@SystemTime":"2025-04-16 17:35:17.6874703"},"EventRecordID":"21516","Correlation":null,"Execution":{"@ProcessID":"3004","@ThreadID":"3384"},"Channel":"Microsoft-Windows-Sysmon/Operational","Computer":"Server002","Security":{"@UserID":"S-1-5-18"}},"EventData":{"Data":[{"@Name":"RuleName","#text":"-"},{"@Name":"UtcTime","#text":"2025-04-16 17:35:17.666"},{"@Name":"ProcessGuid","#text":"dbf410b3-ea55-67ff-db07-000000003900"},{"@Name":"ProcessId","#text":"6044"},{"@Name":"Image","#text":"C:\Windows\Microsoft.NET\Framework64\v4.0.30319\mscorsvw.exe"},{"@Name":"FileVersion","#text":"4.8.9093.0 built by: NET481REL1LAST_C"},{"@Name":"Description","#text":".NET Runtime Optimization Service"},{"@Name":"Product","#text":"Microsoft® .NET Framework"},{"@Name":"Company","#text":"Microsoft Corporation"},{"@Name":"OriginalFileName","#text":"mscorsvw.exe"},{"@Name":"CommandLine","#text":"C:\Windows\Microsoft.NET\Framework64\v4.0.30319\mscorsvw.exe -StartupEvent 4d8 -InterruptEvent 0 -NGENProcess 4e0 -Pipe 4cc -Comment \"NGen Worker Process\""},{"@Name":"CurrentDirectory","#text":"C:\Windows\system32\"},{"@Name":"User","#text":"NT AUTHORITY\SYSTEM"},{"@Name":"LogonGuid","#text":"dbf410b3-e84c-67ff-e703-000000000000"},{"@Name":"LogonId","#text":"0x3E7"},{"@Name":"TerminalSessionId","#text":"0"},{"@Name":"IntegrityLevel","#text":"System"},{"@Name":"Hashes","#text":"SHA256=B63825D9B79213568CB57A52A7D607D8F9D7481EC5A0B260A6ACE9F2FCD8F507"},{"@Name":"ParentProcessGuid","#text":"dbf410b3-e9e0-67ff-5e07-000000003900"},{"@Name":"ParentProcessId","#text":"5008"},{"@Name":"ParentImage","#text":"C:\Windows\Microsoft.NET\Framework64\v4.0.30319\ngen.exe"},{"@Name":"ParentCommandLine","#text":"\"C:\Windows\Microsoft.NET\Framework64\v4.0.30319\ngen.exe\" ExecuteQueuedItems /LegacyServiceBehavior"},{"@Name":"ParentUser","#text":"NT AUTHORITY\SYSTEM"}]}}}
{"Event":{"System":{"Provider":{"@Name":"Microsoft-Windows-Sysmon","@Guid":"5770385f-c22a-43e0-bf4c-06f5698ffbd9"},"EventID":"5","Version":"3","Level":"4","Task":"5","Opcode":"0","Keywords":"0x8000000000000000","TimeCreated":{"@SystemTime":"2025-04-16 17:35:17.6892067"},"EventRecordID":"21517","Correlation":null,"Execution":{"@ProcessID":"3004","@ThreadID":"3384"},"Channel":"Microsoft-Windows-Sysmon/Operational","Computer":"Server002","Security":{"@UserID":"S-1-5-18"}},"EventData":{"Data":[{"@Name":"RuleName","#text":"-"},{"@Name":"UtcTime","#text":"2025-04-16 17:35:17.678"},{"@Name":"ProcessGuid","#text":"dbf410b3-ea53-67ff-da07-000000003900"},{"@Name":"ProcessId","#text":"6868"},{"@Name":"Image","#text":"C:\Windows\Microsoft.NET\Framework64\v4.0.30319\mscorsvw.exe"},{"@Name":"User","#text":"NT AUTHORITY\SYSTEM"}]}}}
{"Event":{"System":{"Provider":{"@Name":"Microsoft-Windows-Sysmon","@Guid":"5770385f-c22a-43e0-bf4c-06f5698ffbd9"},"EventID":"1","Version":"5","Level":"4","Task":"1","Opcode":"0","Keywords":"0x8000000000000000","TimeCreated":{"@SystemTime":"2025-04-16 17:35:18.1487835"},"EventRecordID":"21518","Correlation":null,"Execution":{"@ProcessID":"3004","@ThreadID":"3384"},"Channel":"Microsoft-Windows-Sysmon/Operational","Computer":"Server002","Security":{"@UserID":"S-1-5-18"}},"EventData":{"Data":[{"@Name":"RuleName","#text":"-"},{"@Name":"UtcTime","#text":"2025-04-16 17:35:18.141"},{"@Name":"ProcessGuid","#text":"dbf410b3-ea56-67ff-dc07-000000003900"},{"@Name":"ProcessId","#text":"9788"},{"@Name":"Image","#text":"C:\Windows\Microsoft.NET\Framework64\v4.0.30319\mscorsvw.exe"},{"@Name":"FileVersion","#text":"4.8.9093.0 built by: NET481REL1LAST_C"},{"@Name":"Description","#text":".NET Runtime Optimization Service"},{"@Name":"Product","#text":"Microsoft® .NET Framework"},{"@Name":"Company","#text":"Microsoft Corporation"},{"@Name":"OriginalFileName","#text":"mscorsvw.exe"},{"@Name":"CommandLine","#text":"C:\Windows\Microsoft.NET\Framework64\v4.0.30319\mscorsvw.exe -StartupEvent 4c0 -InterruptEvent 0 -NGENProcess 4bc -Pipe 4ac -Comment \"NGen Worker Process\""},{"@Name":"CurrentDirectory","#text":"C:\Windows\system32\"},{"@Name":"User","#text":"NT AUTHORITY\SYSTEM"},{"@Name":"LogonGuid","#text":"dbf410b3-e84c-67ff-e703-000000000000"},{"@Name":"LogonId","#text":"0x3E7"},{"@Name":"TerminalSessionId","#text":"0"},{"@Name":"IntegrityLevel","#text":"System"},{"@Name":"Hashes","#text":"SHA256=B63825D9B79213568CB57A52A7D607D8F9D7481EC5A0B260A6ACE9F2FCD8F507"},{"@Name":"ParentProcessGuid","#text":"dbf410b3-e9e0-67ff-5e07-000000003900"},{"@Name":"ParentProcessId","#text":"5008"},{"@Name":"ParentImage","#text":"C:\Windows\Microsoft.NET\Framework64\v4.0.30319\ngen.exe"},{"@Name":"ParentCommandLine","#text":"\"C:\Windows\Microsoft.NET\Framework64\v4.0.30319\ngen.exe\" ExecuteQueuedItems /LegacyServiceBehavior"},{"@Name":"ParentUser","#text":"NT AUTHORITY\SYSTEM"}]}}}
{"Event":{"System":{"Provider":{"@Name":"Microsoft-Windows-Sysmon","@Guid":"5770385f-c22a-43e0-bf4c-06f5698ffbd9"},"EventID":"5","Version":"3","Level":"4","Task":"5","Opcode":"0","Keywords":"0x8000000000000000","TimeCreated":{"@SystemTime":"2025-04-16 17:35:18.1515366"},"EventRecordID":"21519","Correlation":null,"Execution":{"@ProcessID":"3004","@ThreadID":"3384"},"Channel":"Microsoft-Windows-Sysmon/Operational","Computer":"Server002","Security":{"@UserID":"S-1-5-18"}},"EventData":{"Data":[{"@Name":"RuleName","#text":"-"},{"@Name":"UtcTime","#text":"2025-04-16 17:35:18.150"},{"@Name":"ProcessGuid","#text":"dbf410b3-ea55-67ff-db07-000000003900"},{"@Name":"ProcessId","#text":"6044"},{"@Name":"Image","#text":"C:\Windows\Microsoft.NET\Framework64\v4.0.30319\mscorsvw.exe"},{"@Name":"User","#text":"NT AUTHORITY\SYSTEM"}]}}}
{"Event":{"System":{"Provider":{"@Name":"Microsoft-Windows-Sysmon","@Guid":"5770385f-c22a-43e0-bf4c-06f5698ffbd9"},"EventID":"5","Version":"3","Level":"4","Task":"5","Opcode":"0","Keywords":"0x8000000000000000","TimeCreated":{"@SystemTime":"2025-04-16 17:35:18.5527817"},"EventRecordID":"21520","Correlation":null,"Execution":{"@ProcessID":"3004","@ThreadID":"3384"},"Channel":"Microsoft-Windows-Sysmon/Operational","Computer":"Server002","Security":{"@UserID":"S-1-5-18"}},"EventData":{"Data":[{"@Name":"RuleName","#text":"-"},{"@Name":"UtcTime","#text":"2025-04-16 17:35:18.551"},{"@Name":"ProcessGuid","#text":"dbf410b3-ea56-67ff-dc07-000000003900"},{"@Name":"ProcessId","#text":"9788"},{"@Name":"Image","#text":"C:\Windows\Microsoft.NET\Framework64\v4.0.30319\mscorsvw.exe"},{"@Name":"User","#text":"NT AUTHORITY\SYSTEM"}]}}}
{"Event":{"System":{"Provider":{"@Name":"Microsoft-Windows-Sysmon","@Guid":"5770385f-c22a-43e0-bf4c-06f5698ffbd9"},"EventID":"1","Version":"5","Level":"4","Task":"1","Opcode":"0","Keywords":"0x8000000000000000","TimeCreated":{"@SystemTime":"2025-04-16 17:35:18.5765267"},"EventRecordID":"21521","Correlation":null,"Execution":{"@ProcessID":"3004","@ThreadID":"3384"},"Channel":"Microsoft-Windows-Sysmon/Operational","Computer":"Server002","Security":{"@UserID":"S-1-5-18"}},"EventData":{"Data":[{"@Name":"RuleName","#text":"-"},{"@Name":"UtcTime","#text":"2025-04-16 17:35:18.555"},{"@Name":"ProcessGuid","#text":"dbf410b3-ea56-67ff-dd07-000000003900"},{"@Name":"ProcessId","#text":"6372"},{"@Name":"Image","#text":"C:\Windows\Microsoft.NET\Framework64\v4.0.30319\mscorsvw.exe"},{"@Name":"FileVersion","#text":"4.8.9093.0 built by: NET481REL1LAST_C"},{"@Name":"Description","#text":".NET Runtime Optimization Service"},{"@Name":"Product","#text":"Microsoft® .NET Framework"},{"@Name":"Company","#text":"Microsoft Corporation"},{"@Name":"OriginalFileName","#text":"mscorsvw.exe"},{"@Name":"CommandLine","#text":"C:\Windows\Microsoft.NET\Framework64\v4.0.30319\mscorsvw.exe -StartupEvent 4e0 -InterruptEvent 0 -NGENProcess 474 -Pipe 49c -Comment \"NGen Worker Process\""},{"@Name":"CurrentDirectory","#text":"C:\Windows\system32\"},{"@Name":"User","#text":"NT AUTHORITY\SYSTEM"},{"@Name":"LogonGuid","#text":"dbf410b3-e84c-67ff-e703-000000000000"},{"@Name":"LogonId","#text":"0x3E7"},{"@Name":"TerminalSessionId","#text":"0"},{"@Name":"IntegrityLevel","#text":"System"},{"@Name":"Hashes","#text":"SHA256=B63825D9B79213568CB57A52A7D607D8F9D7481EC5A0B260A6ACE9F2FCD8F507"},{"@Name":"ParentProcessGuid","#text":"dbf410b3-e9e0-67ff-5e07-000000003900"},{"@Name":"ParentProcessId","#text":"5008"},{"@Name":"ParentImage","#text":"C:\Windows\Microsoft.NET\Framework64\v4.0.30319\ngen.exe"},{"@Name":"ParentCommandLine","#text":"\"C:\Windows\Microsoft.NET\Framework64\v4.0.30319\ngen.exe\" ExecuteQueuedItems /LegacyServiceBehavior"},{"@Name":"ParentUser","#text":"NT AUTHORITY\SYSTEM"}]}}}
{"Event":{"System":{"Provider":{"@Name":"Microsoft-Windows-Sysmon","@Guid":"5770385f-c22a-43e0-bf4c-06f5698ffbd9"},"EventID":"5","Version":"3","Level":"4","Task":"5","Opcode":"0","Keywords":"0x8000000000000000","TimeCreated":{"@SystemTime":"2025-04-16 17:35:18.8662747"},"EventRecordID":"21522","Correlation":null,"Execution":{"@ProcessID":"3004","@ThreadID":"3384"},"Channel":"Microsoft-Windows-Sysmon/Operational","Computer":"Server002","Security":{"@UserID":"S-1-5-18"}},"EventData":{"Data":[{"@Name":"RuleName","#text":"-"},{"@Name":"UtcTime","#text":"2025-04-16 17:35:18.865"},{"@Name":"ProcessGuid","#text":"dbf410b3-ea56-67ff-dd07-000000003900"},{"@Name":"ProcessId","#text":"6372"},{"@Name":"Image","#text":"C:\Windows\Microsoft.NET\Framework64\v4.0.30319\mscorsvw.exe"},{"@Name":"User","#text":"NT AUTHORITY\SYSTEM"}]}}}
{"Event":{"System":{"Provider":{"@Name":"Microsoft-Windows-Sysmon","@Guid":"5770385f-c22a-43e0-bf4c-06f5698ffbd9"},"EventID":"1","Version":"5","Level":"4","Task":"1","Opcode":"0","Keywords":"0x8000000000000000","TimeCreated":{"@SystemTime":"2025-04-16 17:35:18.8726934"},"EventRecordID":"21523","Correlation":null,"Execution":{"@ProcessID":"3004","@ThreadID":"3384"},"Channel":"Microsoft-Windows-Sysmon/Operational","Computer":"Server002","Security":{"@UserID":"S-1-5-18"}},"EventData":{"Data":[{"@Name":"RuleName","#text":"-"},{"@Name":"UtcTime","#text":"2025-04-16 17:35:18.865"},{"@Name":"ProcessGuid","#text":"dbf410b3-ea56-67ff-de07-000000003900"},{"@Name":"ProcessId","#text":"11164"},{"@Name":"Image","#text":"C:\Windows\Microsoft.NET\Framework64\v4.0.30319\mscorsvw.exe"},{"@Name":"FileVersion","#text":"4.8.9093.0 built by: NET481REL1LAST_C"},{"@Name":"Description","#text":".NET Runtime Optimization Service"},{"@Name":"Product","#text":"Microsoft® .NET Framework"},{"@Name":"Company","#text":"Microsoft Corporation"},{"@Name":"OriginalFileName","#text":"mscorsvw.exe"},{"@Name":"CommandLine","#text":"C:\Windows\Microsoft.NET\Framework64\v4.0.30319\mscorsvw.exe -StartupEvent 4d8 -InterruptEvent 0 -NGENProcess 4c8 -Pipe 474 -Comment \"NGen Worker Process\""},{"@Name":"CurrentDirectory","#text":"C:\Windows\system32\"},{"@Name":"User","#text":"NT AUTHORITY\SYSTEM"},{"@Name":"LogonGuid","#text":"dbf410b3-e84c-67ff-e703-000000000000"},{"@Name":"LogonId","#text":"0x3E7"},{"@Name":"TerminalSessionId","#text":"0"},{"@Name":"IntegrityLevel","#text":"System"},{"@Name":"Hashes","#text":"SHA256=B63825D9B79213568CB57A52A7D607D8F9D7481EC5A0B260A6ACE9F2FCD8F507"},{"@Name":"ParentProcessGuid","#text":"dbf410b3-e9e0-67ff-5e07-000000003900"},{"@Name":"ParentProcessId","#text":"5008"},{"@Name":"ParentImage","#text":"C:\Windows\Microsoft.NET\Framework64\v4.0.30319\ngen.exe"},{"@Name":"ParentCommandLine","#text":"\"C:\Windows\Microsoft.NET\Framework64\v4.0.30319\ngen.exe\" ExecuteQueuedItems /LegacyServiceBehavior"},{"@Name":"ParentUser","#text":"NT AUTHORITY\SYSTEM"}]}}}
{"Event":{"System":{"Provider":{"@Name":"Microsoft-Windows-Sysmon","@Guid":"5770385f-c22a-43e0-bf4c-06f5698ffbd9"},"EventID":"1","Version":"5","Level":"4","Task":"1","Opcode":"0","Keywords":"0x8000000000000000","TimeCreated":{"@SystemTime":"2025-04-16 17:35:19.2042313"},"EventRecordID":"21524","Correlation":null,"Execution":{"@ProcessID":"3004","@ThreadID":"3384"},"Channel":"Microsoft-Windows-Sysmon/Operational","Computer":"Server002","Security":{"@UserID":"S-1-5-18"}},"EventData":{"Data":[{"@Name":"RuleName","#text":"-"},{"@Name":"UtcTime","#text":"2025-04-16 17:35:19.178"},{"@Name":"ProcessGuid","#text":"dbf410b3-ea57-67ff-df07-000000003900"},{"@Name":"ProcessId","#text":"4136"},{"@Name":"Image","#text":"C:\Windows\Microsoft.NET\Framework64\v4.0.30319\mscorsvw.exe"},{"@Name":"FileVersion","#text":"4.8.9093.0 built by: NET481REL1LAST_C"},{"@Name":"Description","#text":".NET Runtime Optimization Service"},{"@Name":"Product","#text":"Microsoft® .NET Framework"},{"@Name":"Company","#text":"Microsoft Corporation"},{"@Name":"OriginalFileName","#text":"mscorsvw.exe"},{"@Name":"CommandLine","#text":"C:\Windows\Microsoft.NET\Framework64\v4.0.30319\mscorsvw.exe -StartupEvent 4f8 -InterruptEvent 0 -NGENProcess 4ec -Pipe 4f4 -Comment \"NGen Worker Process\""},{"@Name":"CurrentDirectory","#text":"C:\Windows\system32\"},{"@Name":"User","#text":"NT AUTHORITY\SYSTEM"},{"@Name":"LogonGuid","#text":"dbf410b3-e84c-67ff-e703-000000000000"},{"@Name":"LogonId","#text":"0x3E7"},{"@Name":"TerminalSessionId","#text":"0"},{"@Name":"IntegrityLevel","#text":"System"},{"@Name":"Hashes","#text":"SHA256=B63825D9B79213568CB57A52A7D607D8F9D7481EC5A0B260A6ACE9F2FCD8F507"},{"@Name":"ParentProcessGuid","#text":"dbf410b3-e9e0-67ff-5e07-000000003900"},{"@Name":"ParentProcessId","#text":"5008"},{"@Name":"ParentImage","#text":"C:\Windows\Microsoft.NET\Framework64\v4.0.30319\ngen.exe"},{"@Name":"ParentCommandLine","#text":"\"C:\Windows\Microsoft.NET\Framework64\v4.0.30319\ngen.exe\" ExecuteQueuedItems /LegacyServiceBehavior"},{"@Name":"ParentUser","#text":"NT AUTHORITY\SYSTEM"}]}}}
{"Event":{"System":{"Provider":{"@Name":"Microsoft-Windows-Sysmon","@Guid":"5770385f-c22a-43e0-bf4c-06f5698ffbd9"},"EventID":"5","Version":"3","Level":"4","Task":"5","Opcode":"0","Keywords":"0x8000000000000000","TimeCreated":{"@SystemTime":"2025-04-16 17:35:19.2100779"},"EventRecordID":"21525","Correlation":null,"Execution":{"@ProcessID":"3004","@ThreadID":"3384"},"Channel":"Microsoft-Windows-Sysmon/Operational","Computer":"Server002","Security":{"@UserID":"S-1-5-18"}},"EventData":{"Data":[{"@Name":"RuleName","#text":"-"},{"@Name":"UtcTime","#text":"2025-04-16 17:35:19.209"},{"@Name":"ProcessGuid","#text":"dbf410b3-ea56-67ff-de07-000000003900"},{"@Name":"ProcessId","#text":"11164"},{"@Name":"Image","#text":"C:\Windows\Microsoft.NET\Framework64\v4.0.30319\mscorsvw.exe"},{"@Name":"User","#text":"NT AUTHORITY\SYSTEM"}]}}}
{"Event":{"System":{"Provider":{"@Name":"Microsoft-Windows-Sysmon","@Guid":"5770385f-c22a-43e0-bf4c-06f5698ffbd9"},"EventID":"5","Version":"3","Level":"4","Task":"5","Opcode":"0","Keywords":"0x8000000000000000","TimeCreated":{"@SystemTime":"2025-04-16 17:35:19.4294197"},"EventRecordID":"21526","Correlation":null,"Execution":{"@ProcessID":"3004","@ThreadID":"3384"},"Channel":"Microsoft-Windows-Sysmon/Operational","Computer":"Server002","Security":{"@UserID":"S-1-5-18"}},"EventData":{"Data":[{"@Name":"RuleName","#text":"-"},{"@Name":"UtcTime","#text":"2025-04-16 17:35:19.429"},{"@Name":"ProcessGuid","#text":"dbf410b3-ea57-67ff-df07-000000003900"},{"@Name":"ProcessId","#text":"4136"},{"@Name":"Image","#text":"C:\Windows\Microsoft.NET\Framework64\v4.0.30319\mscorsvw.exe"},{"@Name":"User","#text":"NT AUTHORITY\SYSTEM"}]}}}
{"Event":{"System":{"Provider":{"@Name":"Microsoft-Windows-Sysmon","@Guid":"5770385f-c22a-43e0-bf4c-06f5698ffbd9"},"EventID":"1","Version":"5","Level":"4","Task":"1","Opcode":"0","Keywords":"0x8000000000000000","TimeCreated":{"@SystemTime":"2025-04-16 17:35:19.4346462"},"EventRecordID":"21527","Correlation":null,"Execution":{"@ProcessID":"3004","@ThreadID":"3384"},"Channel":"Microsoft-Windows-Sysmon/Operational","Computer":"Server002","Security":{"@UserID":"S-1-5-18"}},"EventData":{"Data":[{"@Name":"RuleName","#text":"-"},{"@Name":"UtcTime","#text":"2025-04-16 17:35:19.428"},{"@Name":"ProcessGuid","#text":"dbf410b3-ea57-67ff-e007-000000003900"},{"@Name":"ProcessId","#text":"7460"},{"@Name":"Image","#text":"C:\Windows\Microsoft.NET\Framework64\v4.0.30319\mscorsvw.exe"},{"@Name":"FileVersion","#text":"4.8.9093.0 built by: NET481REL1LAST_C"},{"@Name":"Description","#text":".NET Runtime Optimization Service"},{"@Name":"Product","#text":"Microsoft® .NET Framework"},{"@Name":"Company","#text":"Microsoft Corporation"},{"@Name":"OriginalFileName","#text":"mscorsvw.exe"},{"@Name":"CommandLine","#text":"C:\Windows\Microsoft.NET\Framework64\v4.0.30319\mscorsvw.exe -StartupEvent 4bc -InterruptEvent 0 -NGENProcess 4ec -Pipe 4e8 -Comment \"NGen Worker Process\""},{"@Name":"CurrentDirectory","#text":"C:\Windows\system32\"},{"@Name":"User","#text":"NT AUTHORITY\SYSTEM"},{"@Name":"LogonGuid","#text":"dbf410b3-e84c-67ff-e703-000000000000"},{"@Name":"LogonId","#text":"0x3E7"},{"@Name":"TerminalSessionId","#text":"0"},{"@Name":"IntegrityLevel","#text":"System"},{"@Name":"Hashes","#text":"SHA256=B63825D9B79213568CB57A52A7D607D8F9D7481EC5A0B260A6ACE9F2FCD8F507"},{"@Name":"ParentProcessGuid","#text":"dbf410b3-e9e0-67ff-5e07-000000003900"},{"@Name":"ParentProcessId","#text":"5008"},{"@Name":"ParentImage","#text":"C:\Windows\Microsoft.NET\Framework64\v4.0.30319\ngen.exe"},{"@Name":"ParentCommandLine","#text":"\"C:\Windows\Microsoft.NET\Framework64\v4.0.30319\ngen.exe\" ExecuteQueuedItems /LegacyServiceBehavior"},{"@Name":"ParentUser","#text":"NT AUTHORITY\SYSTEM"}]}}}
{"Event":{"System":{"Provider":{"@Name":"Microsoft-Windows-Sysmon","@Guid":"5770385f-c22a-43e0-bf4c-06f5698ffbd9"},"EventID":"5","Version":"3","Level":"4","Task":"5","Opcode":"0","Keywords":"0x8000000000000000","TimeCreated":{"@SystemTime":"2025-04-16 17:35:20.3888904"},"EventRecordID":"21528","Correlation":null,"Execution":{"@ProcessID":"3004","@ThreadID":"3384"},"Channel":"Microsoft-Windows-Sysmon/Operational","Computer":"Server002","Security":{"@UserID":"S-1-5-18"}},"EventData":{"Data":[{"@Name":"RuleName","#text":"-"},{"@Name":"UtcTime","#text":"2025-04-16 17:35:20.388"},{"@Name":"ProcessGuid","#text":"dbf410b3-ea57-67ff-e007-000000003900"},{"@Name":"ProcessId","#text":"7460"},{"@Name":"Image","#text":"C:\Windows\Microsoft.NET\Framework64\v4.0.30319\mscorsvw.exe"},{"@Name":"User","#text":"NT AUTHORITY\SYSTEM"}]}}}
{"Event":{"System":{"Provider":{"@Name":"Microsoft-Windows-Sysmon","@Guid":"5770385f-c22a-43e0-bf4c-06f5698ffbd9"},"EventID":"1","Version":"5","Level":"4","Task":"1","Opcode":"0","Keywords":"0x8000000000000000","TimeCreated":{"@SystemTime":"2025-04-16 17:35:20.3961285"},"EventRecordID":"21529","Correlation":null,"Execution":{"@ProcessID":"3004","@ThreadID":"3384"},"Channel":"Microsoft-Windows-Sysmon/Operational","Computer":"Server002","Security":{"@UserID":"S-1-5-18"}},"EventData":{"Data":[{"@Name":"RuleName","#text":"-"},{"@Name":"UtcTime","#text":"2025-04-16 17:35:20.389"},{"@Name":"ProcessGuid","#text":"dbf410b3-ea58-67ff-e107-000000003900"},{"@Name":"ProcessId","#text":"10552"},{"@Name":"Image","#text":"C:\Windows\Microsoft.NET\Framework64\v4.0.30319\mscorsvw.exe"},{"@Name":"FileVersion","#text":"4.8.9093.0 built by: NET481REL1LAST_C"},{"@Name":"Description","#text":".NET Runtime Optimization Service"},{"@Name":"Product","#text":"Microsoft® .NET Framework"},{"@Name":"Company","#text":"Microsoft Corporation"},{"@Name":"OriginalFileName","#text":"mscorsvw.exe"},{"@Name":"CommandLine","#text":"C:\Windows\Microsoft.NET\Framework64\v4.0.30319\mscorsvw.exe -StartupEvent 4b0 -InterruptEvent 0 -NGENProcess 504 -Pipe 500 -Comment \"NGen Worker Process\""},{"@Name":"CurrentDirectory","#text":"C:\Windows\system32\"},{"@Name":"User","#text":"NT AUTHORITY\SYSTEM"},{"@Name":"LogonGuid","#text":"dbf410b3-e84c-67ff-e703-000000000000"},{"@Name":"LogonId","#text":"0x3E7"},{"@Name":"TerminalSessionId","#text":"0"},{"@Name":"IntegrityLevel","#text":"System"},{"@Name":"Hashes","#text":"SHA256=B63825D9B79213568CB57A52A7D607D8F9D7481EC5A0B260A6ACE9F2FCD8F507"},{"@Name":"ParentProcessGuid","#text":"dbf410b3-e9e0-67ff-5e07-000000003900"},{"@Name":"ParentProcessId","#text":"5008"},{"@Name":"ParentImage","#text":"C:\Windows\Microsoft.NET\Framework64\v4.0.30319\ngen.exe"},{"@Name":"ParentCommandLine","#text":"\"C:\Windows\Microsoft.NET\Framework64\v4.0.30319\ngen.exe\" ExecuteQueuedItems /LegacyServiceBehavior"},{"@Name":"ParentUser","#text":"NT AUTHORITY\SYSTEM"}]}}}
{"Event":{"System":{"Provider":{"@Name":"Microsoft-Windows-Sysmon","@Guid":"5770385f-c22a-43e0-bf4c-06f5698ffbd9"},"EventID":"5","Version":"3","Level":"4","Task":"5","Opcode":"0","Keywords":"0x8000000000000000","TimeCreated":{"@SystemTime":"2025-04-16 17:35:20.7308732"},"EventRecordID":"21530","Correlation":null,"Execution":{"@ProcessID":"3004","@ThreadID":"3384"},"Channel":"Microsoft-Windows-Sysmon/Operational","Computer":"Server002","Security":{"@UserID":"S-1-5-18"}},"EventData":{"Data":[{"@Name":"RuleName","#text":"-"},{"@Name":"UtcTime","#text":"2025-04-16 17:35:20.730"},{"@Name":"ProcessGuid","#text":"dbf410b3-ea58-67ff-e107-000000003900"},{"@Name":"ProcessId","#text":"10552"},{"@Name":"Image","#text":"C:\Windows\Microsoft.NET\Framework64\v4.0.30319\mscorsvw.exe"},{"@Name":"User","#text":"NT AUTHORITY\SYSTEM"}]}}}
{"Event":{"System":{"Provider":{"@Name":"Microsoft-Windows-Sysmon","@Guid":"5770385f-c22a-43e0-bf4c-06f5698ffbd9"},"EventID":"1","Version":"5","Level":"4","Task":"1","Opcode":"0","Keywords":"0x8000000000000000","TimeCreated":{"@SystemTime":"2025-04-16 17:35:20.7439668"},"EventRecordID":"21531","Correlation":null,"Execution":{"@ProcessID":"3004","@ThreadID":"3384"},"Channel":"Microsoft-Windows-Sysmon/Operational","Computer":"Server002","Security":{"@UserID":"S-1-5-18"}},"EventData":{"Data":[{"@Name":"RuleName","#text":"-"},{"@Name":"UtcTime","#text":"2025-04-16 17:35:20.730"},{"@Name":"ProcessGuid","#text":"dbf410b3-ea58-67ff-e207-000000003900"},{"@Name":"ProcessId","#text":"8076"},{"@Name":"Image","#text":"C:\Windows\Microsoft.NET\Framework64\v4.0.30319\mscorsvw.exe"},{"@Name":"FileVersion","#text":"4.8.9093.0 built by: NET481REL1LAST_C"},{"@Name":"Description","#text":".NET Runtime Optimization Service"},{"@Name":"Product","#text":"Microsoft® .NET Framework"},{"@Name":"Company","#text":"Microsoft Corporation"},{"@Name":"OriginalFileName","#text":"mscorsvw.exe"},{"@Name":"CommandLine","#text":"C:\Windows\Microsoft.NET\Framework64\v4.0.30319\mscorsvw.exe -StartupEvent 4c8 -InterruptEvent 0 -NGENProcess 4c0 -Pipe 4d8 -Comment \"NGen Worker Process\""},{"@Name":"CurrentDirectory","#text":"C:\Windows\system32\"},{"@Name":"User","#text":"NT AUTHORITY\SYSTEM"},{"@Name":"LogonGuid","#text":"dbf410b3-e84c-67ff-e703-000000000000"},{"@Name":"LogonId","#text":"0x3E7"},{"@Name":"TerminalSessionId","#text":"0"},{"@Name":"IntegrityLevel","#text":"System"},{"@Name":"Hashes","#text":"SHA256=B63825D9B79213568CB57A52A7D607D8F9D7481EC5A0B260A6ACE9F2FCD8F507"},{"@Name":"ParentProcessGuid","#text":"dbf410b3-e9e0-67ff-5e07-000000003900"},{"@Name":"ParentProcessId","#text":"5008"},{"@Name":"ParentImage","#text":"C:\Windows\Microsoft.NET\Framework64\v4.0.30319\ngen.exe"},{"@Name":"ParentCommandLine","#text":"\"C:\Windows\Microsoft.NET\Framework64\v4.0.30319\ngen.exe\" ExecuteQueuedItems /LegacyServiceBehavior"},{"@Name":"ParentUser","#text":"NT AUTHORITY\SYSTEM"}]}}}
{"Event":{"System":{"Provider":{"@Name":"Microsoft-Windows-Sysmon","@Guid":"5770385f-c22a-43e0-bf4c-06f5698ffbd9"},"EventID":"5","Version":"3","Level":"4","Task":"5","Opcode":"0","Keywords":"0x8000000000000000","TimeCreated":{"@SystemTime":"2025-04-16 17:35:21.6188550"},"EventRecordID":"21532","Correlation":null,"Execution":{"@ProcessID":"3004","@ThreadID":"3384"},"Channel":"Microsoft-Windows-Sysmon/Operational","Computer":"Server002","Security":{"@UserID":"S-1-5-18"}},"EventData":{"Data":[{"@Name":"RuleName","#text":"-"},{"@Name":"UtcTime","#text":"2025-04-16 17:35:21.617"},{"@Name":"ProcessGuid","#text":"dbf410b3-ea58-67ff-e207-000000003900"},{"@Name":"ProcessId","#text":"8076"},{"@Name":"Image","#text":"C:\Windows\Microsoft.NET\Framework64\v4.0.30319\mscorsvw.exe"},{"@Name":"User","#text":"NT AUTHORITY\SYSTEM"}]}}}
{"Event":{"System":{"Provider":{"@Name":"Microsoft-Windows-Sysmon","@Guid":"5770385f-c22a-43e0-bf4c-06f5698ffbd9"},"EventID":"1","Version":"5","Level":"4","Task":"1","Opcode":"0","Keywords":"0x8000000000000000","TimeCreated":{"@SystemTime":"2025-04-16 17:35:21.6302209"},"EventRecordID":"21533","Correlation":null,"Execution":{"@ProcessID":"3004","@ThreadID":"3384"},"Channel":"Microsoft-Windows-Sysmon/Operational","Computer":"Server002","Security":{"@UserID":"S-1-5-18"}},"EventData":{"Data":[{"@Name":"RuleName","#text":"-"},{"@Name":"UtcTime","#text":"2025-04-16 17:35:21.618"},{"@Name":"ProcessGuid","#text":"dbf410b3-ea59-67ff-e307-000000003900"},{"@Name":"ProcessId","#text":"9776"},{"@Name":"Image","#text":"C:\Windows\Microsoft.NET\Framework64\v4.0.30319\mscorsvw.exe"},{"@Name":"FileVersion","#text":"4.8.9093.0 built by: NET481REL1LAST_C"},{"@Name":"Description","#text":".NET Runtime Optimization Service"},{"@Name":"Product","#text":"Microsoft® .NET Framework"},{"@Name":"Company","#text":"Microsoft Corporation"},{"@Name":"OriginalFileName","#text":"mscorsvw.exe"},{"@Name":"CommandLine","#text":"C:\Windows\Microsoft.NET\Framework64\v4.0.30319\mscorsvw.exe -StartupEvent 4c8 -InterruptEvent 0 -NGENProcess 504 -Pipe 4b8 -Comment \"NGen Worker Process\""},{"@Name":"CurrentDirectory","#text":"C:\Windows\system32\"},{"@Name":"User","#text":"NT AUTHORITY\SYSTEM"},{"@Name":"LogonGuid","#text":"dbf410b3-e84c-67ff-e703-000000000000"},{"@Name":"LogonId","#text":"0x3E7"},{"@Name":"TerminalSessionId","#text":"0"},{"@Name":"IntegrityLevel","#text":"System"},{"@Name":"Hashes","#text":"SHA256=B63825D9B79213568CB57A52A7D607D8F9D7481EC5A0B260A6ACE9F2FCD8F507"},{"@Name":"ParentProcessGuid","#text":"dbf410b3-e9e0-67ff-5e07-000000003900"},{"@Name":"ParentProcessId","#text":"5008"},{"@Name":"ParentImage","#text":"C:\Windows\Microsoft.NET\Framework64\v4.0.30319\ngen.exe"},{"@Name":"ParentCommandLine","#text":"\"C:\Windows\Microsoft.NET\Framework64\v4.0.30319\ngen.exe\" ExecuteQueuedItems /LegacyServiceBehavior"},{"@Name":"ParentUser","#text":"NT AUTHORITY\SYSTEM"}]}}}
{"Event":{"System":{"Provider":{"@Name":"Microsoft-Windows-Sysmon","@Guid":"5770385f-c22a-43e0-bf4c-06f5698ffbd9"},"EventID":"1","Version":"5","Level":"4","Task":"1","Opcode":"0","Keywords":"0x8000000000000000","TimeCreated":{"@SystemTime":"2025-04-16 17:35:21.8496981"},"EventRecordID":"21534","Correlation":null,"Execution":{"@ProcessID":"3004","@ThreadID":"3384"},"Channel":"Microsoft-Windows-Sysmon/Operational","Computer":"Server002","Security":{"@UserID":"S-1-5-18"}},"EventData":{"Data":[{"@Name":"RuleName","#text":"-"},{"@Name":"UtcTime","#text":"2025-04-16 17:35:21.820"},{"@Name":"ProcessGuid","#text":"dbf410b3-ea59-67ff-e407-000000003900"},{"@Name":"ProcessId","#text":"7332"},{"@Name":"Image","#text":"C:\Windows\Microsoft.NET\Framework64\v4.0.30319\mscorsvw.exe"},{"@Name":"FileVersion","#text":"4.8.9093.0 built by: NET481REL1LAST_C"},{"@Name":"Description","#text":".NET Runtime Optimization Service"},{"@Name":"Product","#text":"Microsoft® .NET Framework"},{"@Name":"Company","#text":"Microsoft Corporation"},{"@Name":"OriginalFileName","#text":"mscorsvw.exe"},{"@Name":"CommandLine","#text":"C:\Windows\Microsoft.NET\Framework64\v4.0.30319\mscorsvw.exe -StartupEvent 4dc -InterruptEvent 0 -NGENProcess 420 -Pipe 478 -Comment \"NGen Worker Process\""},{"@Name":"CurrentDirectory","#text":"C:\Windows\system32\"},{"@Name":"User","#text":"NT AUTHORITY\SYSTEM"},{"@Name":"LogonGuid","#text":"dbf410b3-e84c-67ff-e703-000000000000"},{"@Name":"LogonId","#text":"0x3E7"},{"@Name":"TerminalSessionId","#text":"0"},{"@Name":"IntegrityLevel","#text":"System"},{"@Name":"Hashes","#text":"SHA256=B63825D9B79213568CB57A52A7D607D8F9D7481EC5A0B260A6ACE9F2FCD8F507"},{"@Name":"ParentProcessGuid","#text":"dbf410b3-e9e0-67ff-5e07-000000003900"},{"@Name":"ParentProcessId","#text":"5008"},{"@Name":"ParentImage","#text":"C:\Windows\Microsoft.NET\Framework64\v4.0.30319\ngen.exe"},{"@Name":"ParentCommandLine","#text":"\"C:\Windows\Microsoft.NET\Framework64\v4.0.30319\ngen.exe\" ExecuteQueuedItems /LegacyServiceBehavior"},{"@Name":"ParentUser","#text":"NT AUTHORITY\SYSTEM"}]}}}
{"Event":{"System":{"Provider":{"@Name":"Microsoft-Windows-Sysmon","@Guid":"5770385f-c22a-43e0-bf4c-06f5698ffbd9"},"EventID":"5","Version":"3","Level":"4","Task":"5","Opcode":"0","Keywords":"0x8000000000000000","TimeCreated":{"@SystemTime":"2025-04-16 17:35:21.8497411"},"EventRecordID":"21535","Correlation":null,"Execution":{"@ProcessID":"3004","@ThreadID":"3384"},"Channel":"Microsoft-Windows-Sysmon/Operational","Computer":"Server002","Security":{"@UserID":"S-1-5-18"}},"EventData":{"Data":[{"@Name":"RuleName","#text":"-"},{"@Name":"UtcTime","#text":"2025-04-16 17:35:21.848"},{"@Name":"ProcessGuid","#text":"dbf410b3-ea59-67ff-e307-000000003900"},{"@Name":"ProcessId","#text":"9776"},{"@Name":"Image","#text":"C:\Windows\Microsoft.NET\Framework64\v4.0.30319\mscorsvw.exe"},{"@Name":"User","#text":"NT AUTHORITY\SYSTEM"}]}}}
{"Event":{"System":{"Provider":{"@Name":"Microsoft-Windows-Sysmon","@Guid":"5770385f-c22a-43e0-bf4c-06f5698ffbd9"},"EventID":"1","Version":"5","Level":"4","Task":"1","Opcode":"0","Keywords":"0x8000000000000000","TimeCreated":{"@SystemTime":"2025-04-16 17:35:22.1326391"},"EventRecordID":"21536","Correlation":null,"Execution":{"@ProcessID":"3004","@ThreadID":"3384"},"Channel":"Microsoft-Windows-Sysmon/Operational","Computer":"Server002","Security":{"@UserID":"S-1-5-18"}},"EventData":{"Data":[{"@Name":"RuleName","#text":"-"},{"@Name":"UtcTime","#text":"2025-04-16 17:35:22.120"},{"@Name":"ProcessGuid","#text":"dbf410b3-ea5a-67ff-e507-000000003900"},{"@Name":"ProcessId","#text":"4864"},{"@Name":"Image","#text":"C:\Windows\Microsoft.NET\Framework64\v4.0.30319\mscorsvw.exe"},{"@Name":"FileVersion","#text":"4.8.9093.0 built by: NET481REL1LAST_C"},{"@Name":"Description","#text":".NET Runtime Optimization Service"},{"@Name":"Product","#text":"Microsoft® .NET Framework"},{"@Name":"Company","#text":"Microsoft Corporation"},{"@Name":"OriginalFileName","#text":"mscorsvw.exe"},{"@Name":"CommandLine","#text":"C:\Windows\Microsoft.NET\Framework64\v4.0.30319\mscorsvw.exe -StartupEvent 420 -InterruptEvent 0 -NGENProcess 4e0 -Pipe 4dc -Comment \"NGen Worker Process\""},{"@Name":"CurrentDirectory","#text":"C:\Windows\system32\"},{"@Name":"User","#text":"NT AUTHORITY\SYSTEM"},{"@Name":"LogonGuid","#text":"dbf410b3-e84c-67ff-e703-000000000000"},{"@Name":"LogonId","#text":"0x3E7"},{"@Name":"TerminalSessionId","#text":"0"},{"@Name":"IntegrityLevel","#text":"System"},{"@Name":"Hashes","#text":"SHA256=B63825D9B79213568CB57A52A7D607D8F9D7481EC5A0B260A6ACE9F2FCD8F507"},{"@Name":"ParentProcessGuid","#text":"dbf410b3-e9e0-67ff-5e07-000000003900"},{"@Name":"ParentProcessId","#text":"5008"},{"@Name":"ParentImage","#text":"C:\Windows\Microsoft.NET\Framework64\v4.0.30319\ngen.exe"},{"@Name":"ParentCommandLine","#text":"\"C:\Windows\Microsoft.NET\Framework64\v4.0.30319\ngen.exe\" ExecuteQueuedItems /LegacyServiceBehavior"},{"@Name":"ParentUser","#text":"NT AUTHORITY\SYSTEM"}]}}}
{"Event":{"System":{"Provider":{"@Name":"Microsoft-Windows-Sysmon","@Guid":"5770385f-c22a-43e0-bf4c-06f5698ffbd9"},"EventID":"5","Version":"3","Level":"4","Task":"5","Opcode":"0","Keywords":"0x8000000000000000","TimeCreated":{"@SystemTime":"2025-04-16 17:35:22.1367471"},"EventRecordID":"21537","Correlation":null,"Execution":{"@ProcessID":"3004","@ThreadID":"3384"},"Channel":"Microsoft-Windows-Sysmon/Operational","Computer":"Server002","Security":{"@UserID":"S-1-5-18"}},"EventData":{"Data":[{"@Name":"RuleName","#text":"-"},{"@Name":"UtcTime","#text":"2025-04-16 17:35:22.136"},{"@Name":"ProcessGuid","#text":"dbf410b3-ea59-67ff-e407-000000003900"},{"@Name":"ProcessId","#text":"7332"},{"@Name":"Image","#text":"C:\Windows\Microsoft.NET\Framework64\v4.0.30319\mscorsvw.exe"},{"@Name":"User","#text":"NT AUTHORITY\SYSTEM"}]}}}
