{"Event":{"System":{"Provider":{"@Name":"Microsoft-Windows-WindowsUpdateClient","@Guid":"945a8954-c147-4acd-923f-40c45405a658"},"EventID":"43","Version":"1","Level":"4","Task":"1","Opcode":"13","Keywords":"12008","TimeCreated":{"@SystemTime":"2025-04-16 16:59:04.0021386"},"EventRecordID":"3822","Correlation":null,"Execution":{"@ProcessID":"4400","@ThreadID":"10624"},"Channel":"System","Computer":"Server002","Security":{"@UserID":"S-1-5-18"}},"EventData":{"Data":[{"@Name":"updateTitle","#text":"9NBLGGH4QGHW-Microsoft.MicrosoftStickyNotes"},{"@Name":"updateGuid","#text":"f523659e-240d-4689-b2ea-645e036f83d4"},{"@Name":"updateRevisionNumber","#text":"1"}]}}}
{"Event":{"System":{"Provider":{"@Name":"Microsoft-Windows-WindowsUpdateClient","@Guid":"945a8954-c147-4acd-923f-40c45405a658"},"EventID":"19","Version":"1","Level":"4","Task":"1","Opcode":"13","Keywords":"118","TimeCreated":{"@SystemTime":"2025-04-16 16:59:09.1368832"},"EventRecordID":"3823","Correlation":null,"Execution":{"@ProcessID":"4400","@ThreadID":"9916"},"Channel":"System","Computer":"Server002","Security":{"@UserID":"S-1-5-18"}},"EventData":{"Data":[{"@Name":"updateTitle","#text":"Windows Malicious Software Removal Tool x64 - v5.132 (KB890830)"},{"@Name":"updateGuid","#text":"193134c5-466d-4762-8633-762e6c70bf6f"},{"@Name":"updateRevisionNumber","#text":"200"},{"@Name":"serviceGuid","#text":"9482f4b4-e343-43b6-b170-9a65bc822c77"}]}}}
{"Event":{"System":{"Provider":{"@Name":"Microsoft-Windows-WindowsUpdateClient","@Guid":"945a8954-c147-4acd-923f-40c45405a658"},"EventID":"19","Version":"1","Level":"4","Task":"1","Opcode":"13","Keywords":"118","TimeCreated":{"@SystemTime":"2025-04-16 16:59:11.1280524"},"EventRecordID":"3824","Correlation":{"@ActivityID":"9d8150b0-aef4-0001-3f1d-889df4aedb01"},"Execution":{"@ProcessID":"4400","@ThreadID":"10624"},"Channel":"System","Computer":"Server002","Security":{"@UserID":"S-1-5-18"}},"EventData":{"Data":[{"@Name":"updateTitle","#text":"9NBLGGH4QGHW-Microsoft.MicrosoftStickyNotes"},{"@Name":"updateGuid","#text":"f523659e-240d-4689-b2ea-645e036f83d4"},{"@Name":"updateRevisionNumber","#text":"1"},{"@Name":"serviceGuid","#text":"855e8a7c-ecb4-4ca3-b045-1dfa50104289"}]}}}
{"Event":{"System":{"Provider":{"@Name":"Microsoft-Windows-WindowsUpdateClient","@Guid":"945a8954-c147-4acd-923f-40c45405a658"},"EventID":"43","Version":"1","Level":"4","Task":"1","Opcode":"13","Keywords":"12008","TimeCreated":{"@SystemTime":"2025-04-16 16:59:11.3923429"},"EventRecordID":"3825","Correlation":null,"Execution":{"@ProcessID":"4400","@ThreadID":"9776"},"Channel":"System","Computer":"Server002","Security":{"@UserID":"S-1-5-18"}},"EventData":{"Data":[{"@Name":"updateTitle","#text":"2025-04 Cumulative Update for .NET Framework 3.5, 4.8 and 4.8.1 for Windows 10 Version 22H2 for x64 (KB5055683)"},{"@Name":"updateGuid","#text":"69a23358-8c82-4887-abdc-30c2351e3f4a"},{"@Name":"updateRevisionNumber","#text":"200"}]}}}
{"Event":{"System":{"Provider":{"@Name":"Microsoft-Windows-Kernel-General","@Guid":"a68ca8b7-004f-d7b6-a698-07e2de0f1f5d"},"EventID":"16","Version":"0","Level":"4","Task":"0","Opcode":"0","Keywords":"100","TimeCreated":{"@SystemTime":"2025-04-16 16:59:12.6394305"},"EventRecordID":"3826","Correlation":null,"Execution":{"@ProcessID":"704","@ThreadID":"6796"},"Channel":"System","Computer":"Server002","Security":{"@UserID":"S-1-5-18"}},"EventData":{"Data":[{"@Name":"HiveNameLength","#text":"132"},{"@Name":"HiveName","#text":"\??\C:\ProgramData\Microsoft\Windows\AppRepository\Packages\Microsoft.WindowsMaps_11.2411.7.0_x64__8wekyb3d8bbwe\ActivationStore.dat"},{"@Name":"KeysUpdated","#text":"0"},{"@Name":"DirtyPages","#text":"0"}]}}}
{"Event":{"System":{"Provider":{"@Name":"Service Control Manager","@Guid":"{555908d1-a6d7-4695-8e1e-26931d2012f4}","@EventSourceName":"Service Control Manager"},"EventID":{"@Qualifiers":"16384","#text":"7040"},"Version":"0","Level":"4","Task":"0","Opcode":"0","Keywords":"0x8080000000000000","TimeCreated":{"@SystemTime":"2025-04-16 16:59:13.0056537"},"EventRecordID":"3827","Correlation":null,"Execution":{"@ProcessID":"676","@ThreadID":"4824"},"Channel":"System","Computer":"Server002","Security":{"@UserID":"S-1-5-18"}},"EventData":{"Data":[{"@Name":"param1","#text":"Windows Modules Installer"},{"@Name":"param2","#text":"demand start"},{"@Name":"param3","#text":"auto start"},{"@Name":"param4","#text":"TrustedInstaller"}]}}}
{"Event":{"System":{"Provider":{"@Name":"Microsoft-Windows-WindowsUpdateClient","@Guid":"945a8954-c147-4acd-923f-40c45405a658"},"EventID":"44","Version":"1","Level":"4","Task":"1","Opcode":"12","Keywords":"12004","TimeCreated":{"@SystemTime":"2025-04-16 16:59:21.5454517"},"EventRecordID":"3828","Correlation":null,"Execution":{"@ProcessID":"4400","@ThreadID":"7980"},"Channel":"System","Computer":"Server002","Security":{"@UserID":"S-1-5-18"}},"EventData":{"Data":[{"@Name":"updateTitle","#text":"9NBLGGH3FRZM-Microsoft.VCLibs.140.00"},{"@Name":"updateGuid","#text":"7c4b0956-b3f1-40ac-a633-668abc5d6af2"},{"@Name":"updateRevisionNumber","#text":"1"}]}}}
{"Event":{"System":{"Provider":{"@Name":"Microsoft-Windows-WindowsUpdateClient","@Guid":"945a8954-c147-4acd-923f-40c45405a658"},"EventID":"44","Version":"1","Level":"4","Task":"1","Opcode":"12","Keywords":"12004","TimeCreated":{"@SystemTime":"2025-04-16 16:59:21.5454524"},"EventRecordID":"3829","Correlation":null,"Execution":{"@ProcessID":"4400","@ThreadID":"7980"},"Channel":"System","Computer":"Server002","Security":{"@UserID":"S-1-5-18"}},"EventData":{"Data":[{"@Name":"updateTitle","#text":"9WZDNCRFJ3Q2-Microsoft.BingWeather"},{"@Name":"updateGuid","#text":"6c06eb91-84aa-414f-a430-068feabcbadd"},{"@Name":"updateRevisionNumber","#text":"1"}]}}}
{"Event":{"System":{"Provider":{"@Name":"Microsoft-Windows-WindowsUpdateClient","@Guid":"945a8954-c147-4acd-923f-40c45405a658"},"EventID":"43","Version":"1","Level":"4","Task":"1","Opcode":"13","Keywords":"12008","TimeCreated":{"@SystemTime":"2025-04-16 16:59:21.5458366"},"EventRecordID":"3830","Correlation":null,"Execution":{"@ProcessID":"4400","@ThreadID":"3496"},"Channel":"System","Computer":"Server002","Security":{"@UserID":"S-1-5-18"}},"EventData":{"Data":[{"@Name":"updateTitle","#text":"9WZDNCRDTBVB-MICROSOFT.WINDOWSMAPS"},{"@Name":"updateGuid","#text":"a8006e50-adee-4ce0-a5c4-099f80d19fc0"},{"@Name":"updateRevisionNumber","#text":"1"}]}}}
{"Event":{"System":{"Provider":{"@Name":"Microsoft-Windows-WindowsUpdateClient","@Guid":"945a8954-c147-4acd-923f-40c45405a658"},"EventID":"44","Version":"1","Level":"4","Task":"1","Opcode":"12","Keywords":"12004","TimeCreated":{"@SystemTime":"2025-04-16 16:59:29.1106160"},"EventRecordID":"3831","Correlation":{"@ActivityID":"9d8150b0-aef4-0000-0f82-859df4aedb01"},"Execution":{"@ProcessID":"4400","@ThreadID":"3496"},"Channel":"System","Computer":"Server002","Security":{"@UserID":"S-1-5-18"}},"EventData":{"Data":[{"@Name":"updateTitle","#text":"9PLL735RFDSM-Microsoft.NET.Native.Runtime.2.2"},{"@Name":"updateGuid","#text":"9c137291-4059-4cb8-b650-12b07bbe1da1"},{"@Name":"updateRevisionNumber","#text":"1"}]}}}
{"Event":{"System":{"Provider":{"@Name":"Microsoft-Windows-WindowsUpdateClient","@Guid":"945a8954-c147-4acd-923f-40c45405a658"},"EventID":"44","Version":"1","Level":"4","Task":"1","Opcode":"12","Keywords":"12004","TimeCreated":{"@SystemTime":"2025-04-16 16:59:29.1106174"},"EventRecordID":"3832","Correlation":{"@ActivityID":"9d8150b0-aef4-0000-0f82-859df4aedb01"},"Execution":{"@ProcessID":"4400","@ThreadID":"3496"},"Channel":"System","Computer":"Server002","Security":{"@UserID":"S-1-5-18"}},"EventData":{"Data":[{"@Name":"updateTitle","#text":"9WZDNCRFJ3Q2-Microsoft.BingWeather"},{"@Name":"updateGuid","#text":"6c06eb91-84aa-414f-a430-068feabcbadd"},{"@Name":"updateRevisionNumber","#text":"1"}]}}}
{"Event":{"System":{"Provider":{"@Name":"Microsoft-Windows-WindowsUpdateClient","@Guid":"945a8954-c147-4acd-923f-40c45405a658"},"EventID":"19","Version":"1","Level":"4","Task":"1","Opcode":"13","Keywords":"118","TimeCreated":{"@SystemTime":"2025-04-16 16:59:29.1106195"},"EventRecordID":"3833","Correlation":{"@ActivityID":"9d8150b0-aef4-0000-0f82-859df4aedb01"},"Execution":{"@ProcessID":"4400","@ThreadID":"3496"},"Channel":"System","Computer":"Server002","Security":{"@UserID":"S-1-5-18"}},"EventData":{"Data":[{"@Name":"updateTitle","#text":"9WZDNCRDTBVB-MICROSOFT.WINDOWSMAPS"},{"@Name":"updateGuid","#text":"a8006e50-adee-4ce0-a5c4-099f80d19fc0"},{"@Name":"updateRevisionNumber","#text":"1"},{"@Name":"serviceGuid","#text":"855e8a7c-ecb4-4ca3-b045-1dfa50104289"}]}}}
