{"Event":{"System":{"Provider":{"@Name":"Microsoft-Windows-Sysmon","@Guid":"5770385f-c22a-43e0-bf4c-06f5698ffbd9"},"EventID":"1","Version":"5","Level":"4","Task":"1","Opcode":"0","Keywords":"10000","TimeCreated":{"@SystemTime":"2025-04-23 19:16:20.1443434"},"EventRecordID":"45647","Correlation":null,"Execution":{"@ProcessID":"3244","@ThreadID":"3828"},"Channel":"Microsoft-Windows-Sysmon/Operational","Computer":"Server002","Security":{"@UserID":"S-1-5-18"}},"EventData":{"Data":[{"@Name":"RuleName","#text":"-"},{"@Name":"UtcTime","#text":"2025-04-23 19:16:20.140"},{"@Name":"ProcessGuid","#text":"dbf410b3-3c84-6809-7703-000000004100"},{"@Name":"ProcessId","#text":"3672"},{"@Name":"Image","#text":"C:\Windows\System32\conhost.exe"},{"@Name":"FileVersion","#text":"10.0.19041.5198 (WinBuild.160101.0800)"},{"@Name":"Description","#text":"Console Window Host"},{"@Name":"Product","#text":"Microsoft® Windows® Operating System"},{"@Name":"Company","#text":"Microsoft Corporation"},{"@Name":"OriginalFileName","#text":"CONHOST.EXE"},{"@Name":"CommandLine","#text":"\??\C:\Windows\system32\conhost.exe 0xffffffff -ForceV1"},{"@Name":"CurrentDirectory","#text":"C:\Windows"},{"@Name":"User","#text":"NT AUTHORITY\SYSTEM"},{"@Name":"LogonGuid","#text":"dbf410b3-38ed-6809-e703-000000000000"},{"@Name":"LogonId","#text":"0x3E7"},{"@Name":"TerminalSessionId","#text":"0"},{"@Name":"IntegrityLevel","#text":"System"},{"@Name":"Hashes","#text":"SHA256=B02EE54FB2EC69673386D41119EE8ED083A6EAB3BFCA6AA2155D20CE68EF8963"},{"@Name":"ParentProcessGuid","#text":"dbf410b3-3c84-6809-7603-000000004100"},{"@Name":"ParentProcessId","#text":"1652"},{"@Name":"ParentImage","#text":"C:\Windows\System32\WinSAT.exe"},{"@Name":"ParentCommandLine","#text":"\"C:\Windows\system32\winsat.exe\" disk -wsswap"},{"@Name":"ParentUser","#text":"NT AUTHORITY\SYSTEM"}]}}}
{"Event":{"System":{"Provider":{"@Name":"Microsoft-Windows-Sysmon","@Guid":"5770385f-c22a-43e0-bf4c-06f5698ffbd9"},"EventID":"5","Version":"3","Level":"4","Task":"5","Opcode":"0","Keywords":"10000","TimeCreated":{"@SystemTime":"2025-04-23 19:16:21.1970835"},"EventRecordID":"45648","Correlation":null,"Execution":{"@ProcessID":"3244","@ThreadID":"3828"},"Channel":"Microsoft-Windows-Sysmon/Operational","Computer":"Server002","Security":{"@UserID":"S-1-5-18"}},"EventData":{"Data":[{"@Name":"RuleName","#text":"-"},{"@Name":"UtcTime","#text":"2025-04-23 19:16:21.195"},{"@Name":"ProcessGuid","#text":"dbf410b3-3c84-6809-7603-000000004100"},{"@Name":"ProcessId","#text":"1652"},{"@Name":"Image","#text":"C:\Windows\System32\WinSAT.exe"},{"@Name":"User","#text":"NT AUTHORITY\SYSTEM"}]}}}
{"Event":{"System":{"Provider":{"@Name":"Microsoft-Windows-Sysmon","@Guid":"5770385f-c22a-43e0-bf4c-06f5698ffbd9"},"EventID":"5","Version":"3","Level":"4","Task":"5","Opcode":"0","Keywords":"10000","TimeCreated":{"@SystemTime":"2025-04-23 19:16:21.2032760"},"EventRecordID":"45649","Correlation":null,"Execution":{"@ProcessID":"3244","@ThreadID":"3828"},"Channel":"Microsoft-Windows-Sysmon/Operational","Computer":"Server002","Security":{"@UserID":"S-1-5-18"}},"EventData":{"Data":[{"@Name":"RuleName","#text":"-"},{"@Name":"UtcTime","#text":"2025-04-23 19:16:21.196"},{"@Name":"ProcessGuid","#text":"dbf410b3-3c84-6809-7703-000000004100"},{"@Name":"ProcessId","#text":"3672"},{"@Name":"Image","#text":"C:\Windows\System32\conhost.exe"},{"@Name":"User","#text":"NT AUTHORITY\SYSTEM"}]}}}
{"Event":{"System":{"Provider":{"@Name":"Microsoft-Windows-Sysmon","@Guid":"5770385f-c22a-43e0-bf4c-06f5698ffbd9"},"EventID":"5","Version":"3","Level":"4","Task":"5","Opcode":"0","Keywords":"10000","TimeCreated":{"@SystemTime":"2025-04-23 19:16:21.2113876"},"EventRecordID":"45650","Correlation":null,"Execution":{"@ProcessID":"3244","@ThreadID":"3828"},"Channel":"Microsoft-Windows-Sysmon/Operational","Computer":"Server002","Security":{"@UserID":"S-1-5-18"}},"EventData":{"Data":[{"@Name":"RuleName","#text":"-"},{"@Name":"UtcTime","#text":"2025-04-23 19:16:21.196"},{"@Name":"ProcessGuid","#text":"dbf410b3-3c84-6809-7503-000000004100"},{"@Name":"ProcessId","#text":"2544"},{"@Name":"Image","#text":"C:\Windows\System32\rundll32.exe"},{"@Name":"User","#text":"NT AUTHORITY\SYSTEM"}]}}}
{"Event":{"System":{"Provider":{"@Name":"Microsoft-Windows-Sysmon","@Guid":"5770385f-c22a-43e0-bf4c-06f5698ffbd9"},"EventID":"1","Version":"5","Level":"4","Task":"1","Opcode":"0","Keywords":"10000","TimeCreated":{"@SystemTime":"2025-04-23 19:16:21.6175805"},"EventRecordID":"45651","Correlation":null,"Execution":{"@ProcessID":"3244","@ThreadID":"3828"},"Channel":"Microsoft-Windows-Sysmon/Operational","Computer":"Server002","Security":{"@UserID":"S-1-5-18"}},"EventData":{"Data":[{"@Name":"RuleName","#text":"-"},{"@Name":"UtcTime","#text":"2025-04-23 19:16:21.613"},{"@Name":"ProcessGuid","#text":"dbf410b3-3c85-6809-7803-000000004100"},{"@Name":"ProcessId","#text":"10912"},{"@Name":"Image","#text":"C:\Windows\System32\sppsvc.exe"},{"@Name":"FileVersion","#text":"10.0.19041.5737 (WinBuild.160101.0800)"},{"@Name":"Description","#text":"Microsoft SPP"},{"@Name":"Product","#text":"Microsoft® Windows® Operating System"},{"@Name":"Company","#text":"Microsoft Corporation"},{"@Name":"OriginalFileName","#text":"sppsvc.exe"},{"@Name":"CommandLine","#text":"C:\Windows\system32\sppsvc.exe"},{"@Name":"CurrentDirectory","#text":"C:\Windows"},{"@Name":"User","#text":"NT AUTHORITY\NETWORK SERVICE"},{"@Name":"LogonGuid","#text":"dbf410b3-38ef-6809-e403-000000000000"},{"@Name":"LogonId","#text":"0x3E4"},{"@Name":"TerminalSessionId","#text":"0"},{"@Name":"IntegrityLevel","#text":"System"},{"@Name":"Hashes","#text":"SHA256=F107A70BC849DA8C0CBB8D8C0839B5123AE6FFF2814E7D12692254F3DA3D9755"},{"@Name":"ParentProcessGuid","#text":"dbf410b3-38ed-6809-0b00-000000004100"},{"@Name":"ParentProcessId","#text":"656"},{"@Name":"ParentImage","#text":"C:\Windows\System32\services.exe"},{"@Name":"ParentCommandLine","#text":"C:\Windows\system32\services.exe"},{"@Name":"ParentUser","#text":"NT AUTHORITY\SYSTEM"}]}}}
{"Event":{"System":{"Provider":{"@Name":"Microsoft-Windows-Sysmon","@Guid":"5770385f-c22a-43e0-bf4c-06f5698ffbd9"},"EventID":"1","Version":"5","Level":"4","Task":"1","Opcode":"0","Keywords":"10000","TimeCreated":{"@SystemTime":"2025-04-23 19:16:21.9281065"},"EventRecordID":"45652","Correlation":null,"Execution":{"@ProcessID":"3244","@ThreadID":"3828"},"Channel":"Microsoft-Windows-Sysmon/Operational","Computer":"Server002","Security":{"@UserID":"S-1-5-18"}},"EventData":{"Data":[{"@Name":"RuleName","#text":"-"},{"@Name":"UtcTime","#text":"2025-04-23 19:16:21.922"},{"@Name":"ProcessGuid","#text":"dbf410b3-3c85-6809-7903-000000004100"},{"@Name":"ProcessId","#text":"9068"},{"@Name":"Image","#text":"C:\Windows\System32\taskhostw.exe"},{"@Name":"FileVersion","#text":"10.0.19041.4474 (WinBuild.160101.0800)"},{"@Name":"Description","#text":"Host Process for Windows Tasks"},{"@Name":"Product","#text":"Microsoft® Windows® Operating System"},{"@Name":"Company","#text":"Microsoft Corporation"},{"@Name":"OriginalFileName","#text":"taskhostw.exe"},{"@Name":"CommandLine","#text":"taskhostw.exe"},{"@Name":"CurrentDirectory","#text":"C:\Windows\system32\"},{"@Name":"User","#text":"NT AUTHORITY\SYSTEM"},{"@Name":"LogonGuid","#text":"dbf410b3-38ed-6809-e703-000000000000"},{"@Name":"LogonId","#text":"0x3E7"},{"@Name":"TerminalSessionId","#text":"0"},{"@Name":"IntegrityLevel","#text":"System"},{"@Name":"Hashes","#text":"SHA256=1C7B7E7026EF8307BF33AFDADF1D49E7C1EE4C829260B4F6988185D22D7BCC3A"},{"@Name":"ParentProcessGuid","#text":"dbf410b3-38f0-6809-2100-000000004100"},{"@Name":"ParentProcessId","#text":"1476"},{"@Name":"ParentImage","#text":"C:\Windows\System32\svchost.exe"},{"@Name":"ParentCommandLine","#text":"C:\Windows\system32\svchost.exe -k netsvcs -p -s Schedule"},{"@Name":"ParentUser","#text":"NT AUTHORITY\SYSTEM"}]}}}
{"Event":{"System":{"Provider":{"@Name":"Microsoft-Windows-Sysmon","@Guid":"5770385f-c22a-43e0-bf4c-06f5698ffbd9"},"EventID":"1","Version":"5","Level":"4","Task":"1","Opcode":"0","Keywords":"10000","TimeCreated":{"@SystemTime":"2025-04-23 19:16:23.2228602"},"EventRecordID":"45653","Correlation":null,"Execution":{"@ProcessID":"3244","@ThreadID":"3828"},"Channel":"Microsoft-Windows-Sysmon/Operational","Computer":"Server002","Security":{"@UserID":"S-1-5-18"}},"EventData":{"Data":[{"@Name":"RuleName","#text":"-"},{"@Name":"UtcTime","#text":"2025-04-23 19:16:23.218"},{"@Name":"ProcessGuid","#text":"dbf410b3-3c87-6809-7a03-000000004100"},{"@Name":"ProcessId","#text":"8052"},{"@Name":"Image","#text":"C:\Windows\System32\svchost.exe"},{"@Name":"FileVersion","#text":"10.0.19041.4355 (WinBuild.160101.0800)"},{"@Name":"Description","#text":"Host Process for Windows Services"},{"@Name":"Product","#text":"Microsoft® Windows® Operating System"},{"@Name":"Company","#text":"Microsoft Corporation"},{"@Name":"OriginalFileName","#text":"svchost.exe"},{"@Name":"CommandLine","#text":"C:\Windows\System32\svchost.exe -k WerSvcGroup"},{"@Name":"CurrentDirectory","#text":"C:\Windows\system32\"},{"@Name":"User","#text":"NT AUTHORITY\SYSTEM"},{"@Name":"LogonGuid","#text":"dbf410b3-38ed-6809-e703-000000000000"},{"@Name":"LogonId","#text":"0x3E7"},{"@Name":"TerminalSessionId","#text":"0"},{"@Name":"IntegrityLevel","#text":"System"},{"@Name":"Hashes","#text":"SHA256=6FC3BF1FDFD76860BE782554F8D25BD32F108DB934D70F4253F1E5F23522E503"},{"@Name":"ParentProcessGuid","#text":"dbf410b3-38ed-6809-0b00-000000004100"},{"@Name":"ParentProcessId","#text":"656"},{"@Name":"ParentImage","#text":"C:\Windows\System32\services.exe"},{"@Name":"ParentCommandLine","#text":"C:\Windows\system32\services.exe"},{"@Name":"ParentUser","#text":"NT AUTHORITY\SYSTEM"}]}}}
{"Event":{"System":{"Provider":{"@Name":"Microsoft-Windows-Sysmon","@Guid":"5770385f-c22a-43e0-bf4c-06f5698ffbd9"},"EventID":"1","Version":"5","Level":"4","Task":"1","Opcode":"0","Keywords":"10000","TimeCreated":{"@SystemTime":"2025-04-23 19:16:23.4676107"},"EventRecordID":"45654","Correlation":null,"Execution":{"@ProcessID":"3244","@ThreadID":"3828"},"Channel":"Microsoft-Windows-Sysmon/Operational","Computer":"Server002","Security":{"@UserID":"S-1-5-18"}},"EventData":{"Data":[{"@Name":"RuleName","#text":"-"},{"@Name":"UtcTime","#text":"2025-04-23 19:16:23.462"},{"@Name":"ProcessGuid","#text":"dbf410b3-3c87-6809-7b03-000000004100"},{"@Name":"ProcessId","#text":"4568"},{"@Name":"Image","#text":"C:\Windows\System32\wermgr.exe"},{"@Name":"FileVersion","#text":"10.0.19041.4355 (WinBuild.160101.0800)"},{"@Name":"Description","#text":"Windows Problem Reporting"},{"@Name":"Product","#text":"Microsoft® Windows® Operating System"},{"@Name":"Company","#text":"Microsoft Corporation"},{"@Name":"OriginalFileName","#text":"WerMgr"},{"@Name":"CommandLine","#text":"\"C:\Windows\system32\wermgr.exe\" -upload"},{"@Name":"CurrentDirectory","#text":"C:\Windows\system32\"},{"@Name":"User","#text":"NT AUTHORITY\SYSTEM"},{"@Name":"LogonGuid","#text":"dbf410b3-38ed-6809-e703-000000000000"},{"@Name":"LogonId","#text":"0x3E7"},{"@Name":"TerminalSessionId","#text":"0"},{"@Name":"IntegrityLevel","#text":"System"},{"@Name":"Hashes","#text":"SHA256=757A6B10BC3560BECBA2B94182D4EEE82DB6D0F049D3298DA8F5F3D19D69217D"},{"@Name":"ParentProcessGuid","#text":"dbf410b3-38f0-6809-2100-000000004100"},{"@Name":"ParentProcessId","#text":"1476"},{"@Name":"ParentImage","#text":"C:\Windows\System32\svchost.exe"},{"@Name":"ParentCommandLine","#text":"C:\Windows\system32\svchost.exe -k netsvcs -p -s Schedule"},{"@Name":"ParentUser","#text":"NT AUTHORITY\SYSTEM"}]}}}
{"Event":{"System":{"Provider":{"@Name":"Microsoft-Windows-Sysmon","@Guid":"5770385f-c22a-43e0-bf4c-06f5698ffbd9"},"EventID":"5","Version":"3","Level":"4","Task":"5","Opcode":"0","Keywords":"10000","TimeCreated":{"@SystemTime":"2025-04-23 19:16:24.6426781"},"EventRecordID":"45655","Correlation":null,"Execution":{"@ProcessID":"3244","@ThreadID":"3828"},"Channel":"Microsoft-Windows-Sysmon/Operational","Computer":"Server002","Security":{"@UserID":"S-1-5-18"}},"EventData":{"Data":[{"@Name":"RuleName","#text":"-"},{"@Name":"UtcTime","#text":"2025-04-23 19:16:24.623"},{"@Name":"ProcessGuid","#text":"dbf410b3-3c87-6809-7b03-000000004100"},{"@Name":"ProcessId","#text":"4568"},{"@Name":"Image","#text":"C:\Windows\System32\wermgr.exe"},{"@Name":"User","#text":"NT AUTHORITY\SYSTEM"}]}}}
{"Event":{"System":{"Provider":{"@Name":"Microsoft-Windows-Sysmon","@Guid":"5770385f-c22a-43e0-bf4c-06f5698ffbd9"},"EventID":"5","Version":"3","Level":"4","Task":"5","Opcode":"0","Keywords":"10000","TimeCreated":{"@SystemTime":"2025-04-23 19:16:32.9759752"},"EventRecordID":"45656","Correlation":null,"Execution":{"@ProcessID":"3244","@ThreadID":"3828"},"Channel":"Microsoft-Windows-Sysmon/Operational","Computer":"Server002","Security":{"@UserID":"S-1-5-18"}},"EventData":{"Data":[{"@Name":"RuleName","#text":"-"},{"@Name":"UtcTime","#text":"2025-04-23 19:16:32.974"},{"@Name":"ProcessGuid","#text":"dbf410b3-3c73-6809-1203-000000004100"},{"@Name":"ProcessId","#text":"8952"},{"@Name":"Image","#text":"C:\Windows\System32\RuntimeBroker.exe"},{"@Name":"User","#text":"SERVER002\lplui"}]}}}
