{"Event":{"System":{"Provider":{"@Name":"Microsoft-Windows-User Profiles Service","@Guid":"89b1e9f0-5aff-44a6-9b44-0a07a7ce5845"},"EventID":"1531","Version":"0","Level":"4","Task":"0","Opcode":"0","Keywords":"0x8000000000000000","TimeCreated":{"@SystemTime":"2025-04-22 15:51:21.5151749"},"EventRecordID":"3462","Correlation":null,"Execution":{"@ProcessID":"1288","@ThreadID":"1340"},"Channel":"Application","Computer":"Server002","Security":{"@UserID":"S-1-5-18"}},"EventData":""}}
{"Event":{"System":{"Provider":{"@Name":"WMI","@Guid":"1edeee53-0afe-4609-b846-d8c0b2075b1f"},"EventID":"5615","Version":"2","Level":"4","Task":"0","Opcode":"0","Keywords":"0x8000000000000000","TimeCreated":{"@SystemTime":"2025-04-22 13:51:26.6283100"},"EventRecordID":"3463","Correlation":null,"Execution":{"@ProcessID":"2828","@ThreadID":"2272"},"Channel":"Application","Computer":"Server002","Security":{"@UserID":"S-1-5-18"}},"EventData":""}}
{"Event":{"System":{"Provider":{"@Name":"WMI","@Guid":"1edeee53-0afe-4609-b846-d8c0b2075b1f"},"EventID":"5617","Version":"2","Level":"4","Task":"0","Opcode":"0","Keywords":"0x8000000000000000","TimeCreated":{"@SystemTime":"2025-04-22 13:51:27.8101096"},"EventRecordID":"3464","Correlation":null,"Execution":{"@ProcessID":"2828","@ThreadID":"3112"},"Channel":"Application","Computer":"Server002","Security":{"@UserID":"S-1-5-18"}},"EventData":""}}
{"Event":{"System":{"Provider":{"@Name":"ESENT"},"EventID":{"@Qualifiers":"0","#text":"102"},"Version":"0","Level":"4","Task":"1","Opcode":"0","Keywords":"0x80000000000000","TimeCreated":{"@SystemTime":"2025-04-22 13:51:29.8277365"},"EventRecordID":"3465","Correlation":null,"Execution":{"@ProcessID":"0","@ThreadID":"0"},"Channel":"Application","Computer":"Server002","Security":null},"EventData":{"Data":"SearchIndexer, 2964,P,98, Windows: , 0, 10, 00, 19045, 0000","Binary":""}}}
{"Event":{"System":{"Provider":{"@Name":"ESENT"},"EventID":{"@Qualifiers":"0","#text":"105"},"Version":"0","Level":"4","Task":"1","Opcode":"0","Keywords":"0x80000000000000","TimeCreated":{"@SystemTime":"2025-04-22 13:51:29.9192238"},"EventRecordID":"3466","Correlation":null,"Execution":{"@ProcessID":"0","@ThreadID":"0"},"Channel":"Application","Computer":"Server002","Security":null},"EventData":{"Data":"SearchIndexer, 2964,D,0, Windows: , 0, 0, [1] 0.002003 +J(0) +M(C:0K, Fs:224, WS:876K # 876K, PF:5012K # 5012K, P:5012K)[2] 0.002788 +J(0) +M(C:0K, Fs:110, WS:440K # 440K, PF:388K # 388K, P:388K)[3] 0.001176 +J(0) +M(C:0K, Fs:12, WS:44K # 44K, PF:68K # 68K, P:68K)[4] 0.000093 +J(0) +M(C:0K, Fs:24, WS:96K # 96K, PF:348K # 348K, P:348K)[5] 0.000946 +J(0) +M(C:0K, Fs:11, WS:44K # 44K, PF:20K # 20K, P:20K)[6] 0.006194 +J(0) +M(C:0K, Fs:25, WS:100K # 100K, PF:16K # 16K, P:16K)[7] 0.082350 -0.077561 (2) WT +J(0) +M(C:0K, Fs:272, WS:1084K # 1084K, PF:1028K # 1028K, P:1028K)[8] -[9] -[10] -[11] -[12] -[13] 0.009467 -0.000190 (1) WT +J(CM:0, PgRf:0, Rd:0/0, Dy:0/0, Lg:616/1) +M(C:0K, Fs:12, WS:-988K # 20K, PF:-1024K # 12K, P:-1024K)[14] 0.000015 +J(0) +M(C:0K, Fs:1, WS:4K # 0K, PF:0K # 0K, P:0K)[15] 0.000054 +J(0) +M(C:0K, Fs:64, WS:256K # 0K, PF:64K # 0K, P:64K)[16] 0.000264 +J(0) +M(C:0K, Fs:3, WS:4K # 0K, PF:0K # 0K, P:0K).","Binary":""}}}
{"Event":{"System":{"Provider":{"@Name":"ESENT"},"EventID":{"@Qualifiers":"0","#text":"326"},"Version":"0","Level":"4","Task":"1","Opcode":"0","Keywords":"0x80000000000000","TimeCreated":{"@SystemTime":"2025-04-22 13:51:30.2627246"},"EventRecordID":"3467","Correlation":null,"Execution":{"@ProcessID":"0","@ThreadID":"0"},"Channel":"Application","Computer":"Server002","Security":null},"EventData":{"Data":"SearchIndexer, 2964,D,50, Windows: , 1, C:\ProgramData\Microsoft\Search\Data\Applications\Windows\Windows.edb, 0, [1] 0.000002 +J(0) +M(C:0K, Fs:1, WS:4K # 0K, PF:0K # 0K, P:0K)[2] 0.000339 -0.000108 (1) WT +J(0) +M(C:0K, Fs:26, WS:40K # 0K, PF:32K # 0K, P:32K)[3] 0.157126 -0.150929 (6) WT +J(CM:0, PgRf:0, Rd:0/0, Dy:0/0, Lg:3480/2) +M(C:0K, Fs:41, WS:124K # 0K, PF:144K # 0K, P:144K)[4] 0.000128 +J(0) +M(C:0K, Fs:1, WS:4K # 0K, PF:0K # 0K, P:0K)[5] -[6] -[7] -[8] 0.001316 -0.000976 (2) CM +J(CM:2, PgRf:2, Rd:14/2, Dy:0/0, Lg:54/1) +M(C:0K, Fs:48, WS:188K # 0K, PF:684K # 0K, P:684K)[9] 0.182724 -0.000580 (5) CM -0.181397 (3) WT +J(CM:5, PgRf:23, Rd:0/5, Dy:0/0, Lg:0/0) +M(C:0K, Fs:71, WS:284K # 0K, PF:256K # 160K, P:256K)[10] 0.000104 -0.000043 (1) CM +J(CM:1, PgRf:40, Rd:0/1, Dy:0/0, Lg:0/0) +M(C:0K, Fs:9, WS:36K # 28K, PF:96K # 96K, P:96K)[11] 0.000618 +J(CM:0, PgRf:1, Rd:0/0, Dy:0/0, Lg:0/0) +M(C:0K, Fs:2, WS:8K # 8K, PF:0K # 0K, P:0K)[12] 0.001196 +J(CM:0, PgRf:42, Rd:0/0, Dy:0/0, Lg:0/0) +M(C:0K, Fs:3, WS:12K # 12K, PF:0K # 0K, P:0K)[13] 0.000002 +J(0)[14] 0.0 +J(0)[15] 0.000004 +J(CM:0, PgRf:1, Rd:0/0, Dy:0/0, Lg:0/0)., 0 0, lgposAttach = 0000007D:0011:0268,dbv = 1568.110.240","Binary":""}}}
{"Event":{"System":{"Provider":{"@Name":"Microsoft-Windows-Search","@Guid":"{CA4E628D-8567-4896-AB6B-835B221F373F}","@EventSourceName":"Windows Search Service"},"EventID":{"@Qualifiers":"16384","#text":"1003"},"Version":"0","Level":"4","Task":"1","Opcode":"0","Keywords":"0x80000000000000","TimeCreated":{"@SystemTime":"2025-04-22 13:51:31.7938270"},"EventRecordID":"3468","Correlation":null,"Execution":{"@ProcessID":"0","@ThreadID":"0"},"Channel":"Application","Computer":"Server002","Security":null},"EventData":{"Data":{"@Name":"ExtraInfo","#text":", "}}}}
{"Event":{"System":{"Provider":{"@Name":"Microsoft-Windows-Winlogon","@Guid":"{DBE9B383-7CF3-4331-91CC-A3CB16A3B538}","@EventSourceName":"Wlclntfy"},"EventID":{"@Qualifiers":"32768","#text":"6003"},"Version":"0","Level":"4","Task":"0","Opcode":"0","Keywords":"0x80000000000000","TimeCreated":{"@SystemTime":"2025-04-22 13:51:33.1375259"},"EventRecordID":"3469","Correlation":null,"Execution":{"@ProcessID":"0","@ThreadID":"0"},"Channel":"Application","Computer":"Server002","Security":null},"EventData":{"Data":"SessionEnv","Binary":"D9-06-00-00"}}}
{"Event":{"System":{"Provider":{"@Name":"Microsoft-Windows-User Profiles Service","@Guid":"89b1e9f0-5aff-44a6-9b44-0a07a7ce5845"},"EventID":"1508","Version":"0","Level":"2","Task":"0","Opcode":"0","Keywords":"0x8000000000000000","TimeCreated":{"@SystemTime":"2025-04-22 13:51:33.3285799"},"EventRecordID":"3470","Correlation":null,"Execution":{"@ProcessID":"1288","@ThreadID":"1372"},"Channel":"Application","Computer":"Server002","Security":{"@UserID":"S-1-5-18"}},"EventData":{"@Name":"EVENT_REGLOADKEYFAILED","Data":[{"@Name":"Error","#text":"The process cannot access the file because it is being used by another process., "},{"@Name":"File","#text":"C:\Users\lplui\AppData\Local\Microsoft\WindowsUsrClass.dat"}]}}}
{"Event":{"System":{"Provider":{"@Name":"Microsoft-Windows-User Profiles Service","@Guid":"89b1e9f0-5aff-44a6-9b44-0a07a7ce5845"},"EventID":"1509","Version":"0","Level":"4","Task":"0","Opcode":"0","Keywords":"0x8000000000000000","TimeCreated":{"@SystemTime":"2025-04-22 13:51:33.3305525"},"EventRecordID":"3471","Correlation":null,"Execution":{"@ProcessID":"1288","@ThreadID":"1372"},"Channel":"Application","Computer":"Server002","Security":{"@UserID":"S-1-5-18"}},"EventData":{"Data":[{"@Name":"File","#text":"C:\Users\lplui\AppData\Local\Microsoft\WindowsUsrClass.dat"},{"@Name":"Status","#text":"3221225539"},{"@Name":"MachineKeys","#text":"BCD00000000, "},{"@Name":"UserKeys"}]}}}
{"Event":{"System":{"Provider":{"@Name":"Microsoft-Windows-User Profiles Service","@Guid":"89b1e9f0-5aff-44a6-9b44-0a07a7ce5845"},"EventID":"1542","Version":"0","Level":"2","Task":"0","Opcode":"0","Keywords":"0x8000000000000000","TimeCreated":{"@SystemTime":"2025-04-22 13:51:33.3359688"},"EventRecordID":"3472","Correlation":null,"Execution":{"@ProcessID":"1288","@ThreadID":"1372"},"Channel":"Application","Computer":"Server002","Security":{"@UserID":"S-1-5-18"}},"EventData":{"Data":{"@Name":"Error","#text":"The process cannot access the file because it is being used by another process., "}}}}
{"Event":{"System":{"Provider":{"@Name":"Microsoft-Windows-User Profiles Service","@Guid":"89b1e9f0-5aff-44a6-9b44-0a07a7ce5845"},"EventID":"1515","Version":"0","Level":"2","Task":"0","Opcode":"0","Keywords":"0x8000000000000000","TimeCreated":{"@SystemTime":"2025-04-22 13:51:33.3676449"},"EventRecordID":"3473","Correlation":null,"Execution":{"@ProcessID":"1288","@ThreadID":"1372"},"Channel":"Application","Computer":"Server002","Security":{"@UserID":"S-1-5-21-3962163828-2803415714-1403596700-1001"}},"EventData":""}}
{"Event":{"System":{"Provider":{"@Name":"Microsoft-Windows-User Profiles Service","@Guid":"89b1e9f0-5aff-44a6-9b44-0a07a7ce5845"},"EventID":"1511","Version":"0","Level":"2","Task":"0","Opcode":"0","Keywords":"0x8000000000000000","TimeCreated":{"@SystemTime":"2025-04-22 13:51:33.3688261"},"EventRecordID":"3474","Correlation":null,"Execution":{"@ProcessID":"1288","@ThreadID":"1372"},"Channel":"Application","Computer":"Server002","Security":{"@UserID":"S-1-5-21-3962163828-2803415714-1403596700-1001"}},"EventData":""}}
{"Event":{"System":{"Provider":{"@Name":"Microsoft-Windows-Winlogon","@Guid":"{DBE9B383-7CF3-4331-91CC-A3CB16A3B538}","@EventSourceName":"Wlclntfy"},"EventID":{"@Qualifiers":"32768","#text":"6000"},"Version":"0","Level":"4","Task":"0","Opcode":"0","Keywords":"0x80000000000000","TimeCreated":{"@SystemTime":"2025-04-22 13:51:39.3421093"},"EventRecordID":"3475","Correlation":null,"Execution":{"@ProcessID":"0","@ThreadID":"0"},"Channel":"Application","Computer":"Server002","Security":null},"EventData":{"Data":"SessionEnv","Binary":"D9-06-00-00"}}}
{"Event":{"System":{"Provider":{"@Name":"SPP","@Guid":"1","@EventSourceName":"SPP"},"EventID":{"@Qualifiers":"16384","#text":"900"},"Version":"0","Level":"4","Task":"0","Opcode":"0","Keywords":"0x80000000000000","TimeCreated":{"@SystemTime":"2025-04-22 13:51:40.8098053"},"EventRecordID":"3476","Correlation":null,"Execution":{"@ProcessID":"0","@ThreadID":"0"},"Channel":"Application","Computer":"Server002","Security":null},"EventData":{"Data":"TriggerStarted:6","Binary":""}}}
{"Event":{"System":{"Provider":{"@Name":"SPP","@Guid":"1","@EventSourceName":"SPP"},"EventID":{"@Qualifiers":"49152","#text":"16394"},"Version":"0","Level":"4","Task":"0","Opcode":"0","Keywords":"0x80000000000000","TimeCreated":{"@SystemTime":"2025-04-22 13:51:41.4814654"},"EventRecordID":"3477","Correlation":null,"Execution":{"@ProcessID":"0","@ThreadID":"0"},"Channel":"Application","Computer":"Server002","Security":null},"EventData":{"Data":"","Binary":""}}}
{"Event":{"System":{"Provider":{"@Name":"SPP","@Guid":"1","@EventSourceName":"SPP"},"EventID":{"@Qualifiers":"16384","#text":"1066"},"Version":"0","Level":"4","Task":"0","Opcode":"0","Keywords":"0x80000000000000","TimeCreated":{"@SystemTime":"2025-04-22 13:51:41.6243391"},"EventRecordID":"3478","Correlation":null,"Execution":{"@ProcessID":"0","@ThreadID":"0"},"Channel":"Application","Computer":"Server002","Security":null},"EventData":{"Data":"C:\Windows\system32\sppwinob.dll, msft:spp/windowsfunctionality/agent/7.0, 0x00000000, 0x00000000C:\Windows\system32\sppobjs.dll, msft:rm/algorithm/inherited/1.0, 0x00000000, 0x00000000C:\Windows\system32\sppobjs.dll, msft:rm/algorithm/phone/1.0, 0x00000000, 0x00000000C:\Windows\system32\sppobjs.dll, msft:rm/algorithm/pkey/detect, 0x00000000, 0x00000000C:\Windows\system32\sppobjs.dll, msft:spp/ActionScheduler/1.0, 0x00000000, 0x00000000C:\Windows\system32\sppobjs.dll, msft:spp/TaskScheduler/1.0, 0x00000000, 0x00000000C:\Windows\system32\sppobjs.dll, msft:spp/statecollector/pkey, 0x00000000, 0x00000000C:\Windows\system32\sppobjs.dll, msft:spp/volume/services/kms/1.0, 0x00000000, 0x00000000C:\Windows\system32\sppobjs.dll, msft:spp/volume/services/kms/activationinfo/1.0, 0x00000000, 0x00000000","Binary":""}}}
{"Event":{"System":{"Provider":{"@Name":"SPP","@Guid":"1","@EventSourceName":"SPP"},"EventID":{"@Qualifiers":"16384","#text":"1003"},"Version":"0","Level":"4","Task":"0","Opcode":"0","Keywords":"0x80000000000000","TimeCreated":{"@SystemTime":"2025-04-22 13:51:43.1380195"},"EventRecordID":"3479","Correlation":null,"Execution":{"@ProcessID":"0","@ThreadID":"0"},"Channel":"Application","Computer":"Server002","Security":null},"EventData":{"Data":"1, 1: 0567073a-7d74-403b-b2d5-6b35da372d8d, 1, 0 [(0 [0xC004F014, 0, 0], [])(1 )(2 )(3 )]2: 1b750385-9fe2-49a8-ab55-149d0546395b, 1, 0 [(0 [0xC004F014, 0, 0], [])(1 )(2 )(3 )]3: 1d873132-f09f-4eb2-bf5a-2e4fb48935e8, 1, 0 [(0 [0xC004F014, 0, 0], [])(1 )(2 )(3 )]4: 1, 1, 1 [(0 )(1 )(2 [0xC004E003, 0, 0], [( 1 0xC004F034)( 1 0xC004F034)])(3 [0x00000000, 0, 0], [( 6 0xC004F009 0 0)( 1 0x00000000)( 6 0xC004F009 0 0)( 10 0x00000000 msft:rm/algorithm/flags/1.0)( 11 0x00000000 0xC004F034)])]5: 30d469c6-a78f-4476-b5c8-af78d5b6a5fb, 1, 0 [(0 [0xC004F014, 0, 0], [])(1 )(2 )(3 )]6: 3ae2cc14-ab2d-41f4-972f-5e20142771dc, 1, 0 [(0 [0xC004F014, 0, 0], [])(1 )(2 )(3 )]7: 4002e33a-524c-4100-8108-131a0d42c0ea, 1, 0 [(0 [0xC004F014, 0, 0], [])(1 )(2 )(3 )]8: 411b3d4f-be6d-4a06-baaa-9cabfc256cae, 1, 0 [(0 [0xC004F014, 0, 0], [])(1 )(2 )(3 )]9: 58e97c99-f377-4ef1-81d5-4ad5522b5fd8, 1, 0 [(0 [0xC004F014, 0, 0], [])(1 )(2 )(3 )]10: 653098ee-780d-4863-8cf2-d18399ce413b, 1, 0 [(0 [0xC004F014, 0, 0], [])(1 )(2 )(3 )]11: 71f411ae-7b4b-41bd-b68c-c519c499f950, 1, 0 [(0 [0xC004F014, 0, 0], [])(1 )(2 )(3 )]12: 74436dbb-cc17-46de-867f-14906ba4a938, 1, 0 [(0 [0xC004F014, 0, 0], [])(1 )(2 )(3 )]13: 8a292df8-d653-4057-8133-a0701792f912, 1, 0 [(0 [0xC004F014, 0, 0], [])(1 )(2 )(3 )]14: 8db63db6-4f8f-46d6-a448-66444faaaa72, 1, 0 [(0 [0xC004F014, 0, 0], [])(1 )(2 )(3 )]15: b0f8a518-2c58-4eb8-9319-084f0eb4ddc4, 1, 0 [(0 [0xC004F014, 0, 0], [])(1 )(2 )(3 )]16: cd918a57-a41b-4c82-8dce-1a538e221a83, 1, 0 [(0 [0xC004F014, 0, 0], [])(1 )(2 )(3 )]17: da9621af-f086-4244-b563-18611e51aa1a, 1, 0 [(0 [0xC004F014, 0, 0], [])(1 )(2 )(3 )]18: e371d89a-73e8-4b24-a7ff-23a3641dd18e, 1, 0 [(0 [0xC004F014, 0, 0], [])(1 )(2 )(3 )]19: ed799377-74b8-4989-a244-14d082e65972, 1, 0 [(0 [0xC004F014, 0, 0], [])(1 )(2 )(3 )]20: 0427ae42-b454-442d-b69a-d938b6a3bcdc, 0, 0 [0xC004F055]21: 0b533b5e-08b6-44f9-b885-c2de291ba456, 0, 0 [0xC004F055]22: 0c2ce8ac-7989-4e40-b934-068d8d71dd72, 0, 0 [0xC004F055]23: 1043add5-23b1-4afb-9a0f-64343c8f3f8d, 0, 0 [0xC004F055]24: 14240489-7c2d-42ee-a167-4913ca4672da, 0, 0 [0xC004F055]25: 1d9c9529-17be-48f7-bba5-a16ed636cfcb, 0, 0 [0xC004F055]26: 2bd41139-19ec-49e9-8271-db6f9fe0052d, 0, 0 [0xC004F055]27: 4acda200-3f2b-4b73-9839-f3603f99e7cd, 0, 0 [0xC004F055]28: 4dac5a0c-5709-4595-a32c-14a56a4a6b31, 0, 0 [0xC004F055]29: 5f1b1317-625e-4b1c-8d22-4bd93e3ae14e, 0, 0 [0xC004F055]30: 75863c7d-946f-4ff2-a07c-5551dedd1e15, 0, 0 [0xC004F055]31: 7b76ee02-0a75-4f08-85d5-bd0feadad0c0, 0, 0 [0xC004F055]32: 83d49986-add3-41d7-ba33-87c7bfb5c0fb, 0, 0 [0xC004F055]33: 84b9b0fc-b69d-42a6-a21d-9e0ce4125f7e, 0, 0 [0xC004F055]34: 8fe12eb1-a7ab-4410-83fb-9f6dbcb4a574, 0, 0 [0xC004F055]35: 909aa75d-43ee-413c-9030-c62e43287cf8, 0, 0 [0xC004F055]36: a6da5617-cb89-4acb-beb5-ccdbb871c922, 0, 0 [0xC004F055]37: a9fa3c71-7f63-4ea0-94be-1de2eab0a4d1, 0, 0 [0xC004F055]38: b705d67e-527a-4f11-b904-7be441066a22, 0, 0 [0xC004F055]39: b8527af1-5389-447c-9a88-2d1691ea33d3, 0, 0 [0xC004F055]40: e5fbdd17-c03d-4bed-9567-c60dee82f47e, 0, 0 [0xC004F055]41: ed6568de-daeb-4b01-9c4a-5f89018125d8, 0, 0 [0xC004F055]42: f520e45e-7413-4a34-a497-d2765967d094, 0, 0 [0xC004F055]43: f69e2d51-3bbd-4ddf-8da7-a145e9dca597, 0, 0 [0xC004F055]","Binary":""}}}
{"Event":{"System":{"Provider":{"@Name":"SPP","@Guid":"1","@EventSourceName":"SPP"},"EventID":{"@Qualifiers":"16384","#text":"902"},"Version":"0","Level":"0","Task":"0","Opcode":"0","Keywords":"0x80000000000000","TimeCreated":{"@SystemTime":"2025-04-22 13:51:43.4524070"},"EventRecordID":"3480","Correlation":null,"Execution":{"@ProcessID":"0","@ThreadID":"0"},"Channel":"Application","Computer":"Server002","Security":null},"EventData":{"Data":"10.0.19041.5737","Binary":""}}}
{"Event":{"System":{"Provider":{"@Name":"SPP","@Guid":"1","@EventSourceName":"SPP"},"EventID":{"@Qualifiers":"16384","#text":"1003"},"Version":"0","Level":"4","Task":"0","Opcode":"0","Keywords":"0x80000000000000","TimeCreated":{"@SystemTime":"2025-04-22 13:51:57.9727973"},"EventRecordID":"3481","Correlation":null,"Execution":{"@ProcessID":"0","@ThreadID":"0"},"Channel":"Application","Computer":"Server002","Security":null},"EventData":{"Data":"1, 1: 0567073a-7d74-403b-b2d5-6b35da372d8d, 1, 0 [(0 [0xC004F014, 0, 0], [])(1 )(2 )(3 )]2: 1b750385-9fe2-49a8-ab55-149d0546395b, 1, 0 [(0 [0xC004F014, 0, 0], [])(1 )(2 )(3 )]3: 1d873132-f09f-4eb2-bf5a-2e4fb48935e8, 1, 0 [(0 [0xC004F014, 0, 0], [])(1 )(2 )(3 )]4: 1, 1, 1 [(0 )(1 )(2 [0xC004E003, 0, 0], [( 1 0xC004F034)( 1 0xC004F034)])(3 [0x00000000, 0, 0], [( 6 0xC004F009 0 0)( 1 0x00000000)( 6 0xC004F009 0 0)( 10 0x00000000 msft:rm/algorithm/flags/1.0)( 11 0x00000000 0xC004F034)])]5: 30d469c6-a78f-4476-b5c8-af78d5b6a5fb, 1, 0 [(0 [0xC004F014, 0, 0], [])(1 )(2 )(3 )]6: 3ae2cc14-ab2d-41f4-972f-5e20142771dc, 1, 0 [(0 [0xC004F014, 0, 0], [])(1 )(2 )(3 )]7: 4002e33a-524c-4100-8108-131a0d42c0ea, 1, 0 [(0 [0xC004F014, 0, 0], [])(1 )(2 )(3 )]8: 411b3d4f-be6d-4a06-baaa-9cabfc256cae, 1, 0 [(0 [0xC004F014, 0, 0], [])(1 )(2 )(3 )]9: 58e97c99-f377-4ef1-81d5-4ad5522b5fd8, 1, 0 [(0 [0xC004F014, 0, 0], [])(1 )(2 )(3 )]10: 653098ee-780d-4863-8cf2-d18399ce413b, 1, 0 [(0 [0xC004F014, 0, 0], [])(1 )(2 )(3 )]11: 71f411ae-7b4b-41bd-b68c-c519c499f950, 1, 0 [(0 [0xC004F014, 0, 0], [])(1 )(2 )(3 )]12: 74436dbb-cc17-46de-867f-14906ba4a938, 1, 0 [(0 [0xC004F014, 0, 0], [])(1 )(2 )(3 )]13: 8a292df8-d653-4057-8133-a0701792f912, 1, 0 [(0 [0xC004F014, 0, 0], [])(1 )(2 )(3 )]14: 8db63db6-4f8f-46d6-a448-66444faaaa72, 1, 0 [(0 [0xC004F014, 0, 0], [])(1 )(2 )(3 )]15: b0f8a518-2c58-4eb8-9319-084f0eb4ddc4, 1, 0 [(0 [0xC004F014, 0, 0], [])(1 )(2 )(3 )]16: cd918a57-a41b-4c82-8dce-1a538e221a83, 1, 0 [(0 [0xC004F014, 0, 0], [])(1 )(2 )(3 )]17: da9621af-f086-4244-b563-18611e51aa1a, 1, 0 [(0 [0xC004F014, 0, 0], [])(1 )(2 )(3 )]18: e371d89a-73e8-4b24-a7ff-23a3641dd18e, 1, 0 [(0 [0xC004F014, 0, 0], [])(1 )(2 )(3 )]19: ed799377-74b8-4989-a244-14d082e65972, 1, 0 [(0 [0xC004F014, 0, 0], [])(1 )(2 )(3 )]20: 0427ae42-b454-442d-b69a-d938b6a3bcdc, 0, 0 [0xC004F055]21: 0b533b5e-08b6-44f9-b885-c2de291ba456, 0, 0 [0xC004F055]22: 0c2ce8ac-7989-4e40-b934-068d8d71dd72, 0, 0 [0xC004F055]23: 1043add5-23b1-4afb-9a0f-64343c8f3f8d, 0, 0 [0xC004F055]24: 14240489-7c2d-42ee-a167-4913ca4672da, 0, 0 [0xC004F055]25: 1d9c9529-17be-48f7-bba5-a16ed636cfcb, 0, 0 [0xC004F055]26: 2bd41139-19ec-49e9-8271-db6f9fe0052d, 0, 0 [0xC004F055]27: 4acda200-3f2b-4b73-9839-f3603f99e7cd, 0, 0 [0xC004F055]28: 4dac5a0c-5709-4595-a32c-14a56a4a6b31, 0, 0 [0xC004F055]29: 5f1b1317-625e-4b1c-8d22-4bd93e3ae14e, 0, 0 [0xC004F055]30: 75863c7d-946f-4ff2-a07c-5551dedd1e15, 0, 0 [0xC004F055]31: 7b76ee02-0a75-4f08-85d5-bd0feadad0c0, 0, 0 [0xC004F055]32: 83d49986-add3-41d7-ba33-87c7bfb5c0fb, 0, 0 [0xC004F055]33: 84b9b0fc-b69d-42a6-a21d-9e0ce4125f7e, 0, 0 [0xC004F055]34: 8fe12eb1-a7ab-4410-83fb-9f6dbcb4a574, 0, 0 [0xC004F055]35: 909aa75d-43ee-413c-9030-c62e43287cf8, 0, 0 [0xC004F055]36: a6da5617-cb89-4acb-beb5-ccdbb871c922, 0, 0 [0xC004F055]37: a9fa3c71-7f63-4ea0-94be-1de2eab0a4d1, 0, 0 [0xC004F055]38: b705d67e-527a-4f11-b904-7be441066a22, 0, 0 [0xC004F055]39: b8527af1-5389-447c-9a88-2d1691ea33d3, 0, 0 [0xC004F055]40: e5fbdd17-c03d-4bed-9567-c60dee82f47e, 0, 0 [0xC004F055]41: ed6568de-daeb-4b01-9c4a-5f89018125d8, 0, 0 [0xC004F055]42: f520e45e-7413-4a34-a497-d2765967d094, 0, 0 [0xC004F055]43: f69e2d51-3bbd-4ddf-8da7-a145e9dca597, 0, 0 [0xC004F055]","Binary":""}}}
{"Event":{"System":{"Provider":{"@Name":"SPP","@Guid":"1","@EventSourceName":"SPP"},"EventID":{"@Qualifiers":"49152","#text":"8198"},"Version":"0","Level":"2","Task":"0","Opcode":"0","Keywords":"0x80000000000000","TimeCreated":{"@SystemTime":"2025-04-22 13:51:58.2158663"},"EventRecordID":"3482","Correlation":null,"Execution":{"@ProcessID":"0","@ThreadID":"0"},"Channel":"Application","Computer":"Server002","Security":null},"EventData":{"Data":"hr=0x80004005, RuleId=1;Action=AutoActivate;AppId=1;SkuId=1;NotificationInterval=1440;Trigger=UserLogon;SessionId=1","Binary":""}}}
{"Event":{"System":{"Provider":{"@Name":"SPP","@Guid":"1","@EventSourceName":"SPP"},"EventID":{"@Qualifiers":"16384","#text":"1003"},"Version":"0","Level":"4","Task":"0","Opcode":"0","Keywords":"0x80000000000000","TimeCreated":{"@SystemTime":"2025-04-22 13:52:20.1562534"},"EventRecordID":"3483","Correlation":null,"Execution":{"@ProcessID":"0","@ThreadID":"0"},"Channel":"Application","Computer":"Server002","Security":null},"EventData":{"Data":"1, 1: 0567073a-7d74-403b-b2d5-6b35da372d8d, 1, 0 [(0 [0xC004F014, 0, 0], [])(1 )(2 )(3 )]2: 1b750385-9fe2-49a8-ab55-149d0546395b, 1, 0 [(0 [0xC004F014, 0, 0], [])(1 )(2 )(3 )]3: 1d873132-f09f-4eb2-bf5a-2e4fb48935e8, 1, 0 [(0 [0xC004F014, 0, 0], [])(1 )(2 )(3 )]4: 1, 1, 1 [(0 )(1 )(2 [0xC004E003, 0, 0], [( 1 0xC004F034)( 1 0xC004F034)])(3 [0x00000000, 0, 0], [( 6 0xC004F009 0 0)( 1 0x00000000)( 6 0xC004F009 0 0)( 10 0x00000000 msft:rm/algorithm/flags/1.0)( 11 0x00000000 0xC004F034)])]5: 30d469c6-a78f-4476-b5c8-af78d5b6a5fb, 1, 0 [(0 [0xC004F014, 0, 0], [])(1 )(2 )(3 )]6: 3ae2cc14-ab2d-41f4-972f-5e20142771dc, 1, 0 [(0 [0xC004F014, 0, 0], [])(1 )(2 )(3 )]7: 4002e33a-524c-4100-8108-131a0d42c0ea, 1, 0 [(0 [0xC004F014, 0, 0], [])(1 )(2 )(3 )]8: 411b3d4f-be6d-4a06-baaa-9cabfc256cae, 1, 0 [(0 [0xC004F014, 0, 0], [])(1 )(2 )(3 )]9: 58e97c99-f377-4ef1-81d5-4ad5522b5fd8, 1, 0 [(0 [0xC004F014, 0, 0], [])(1 )(2 )(3 )]10: 653098ee-780d-4863-8cf2-d18399ce413b, 1, 0 [(0 [0xC004F014, 0, 0], [])(1 )(2 )(3 )]11: 71f411ae-7b4b-41bd-b68c-c519c499f950, 1, 0 [(0 [0xC004F014, 0, 0], [])(1 )(2 )(3 )]12: 74436dbb-cc17-46de-867f-14906ba4a938, 1, 0 [(0 [0xC004F014, 0, 0], [])(1 )(2 )(3 )]13: 8a292df8-d653-4057-8133-a0701792f912, 1, 0 [(0 [0xC004F014, 0, 0], [])(1 )(2 )(3 )]14: 8db63db6-4f8f-46d6-a448-66444faaaa72, 1, 0 [(0 [0xC004F014, 0, 0], [])(1 )(2 )(3 )]15: b0f8a518-2c58-4eb8-9319-084f0eb4ddc4, 1, 0 [(0 [0xC004F014, 0, 0], [])(1 )(2 )(3 )]16: cd918a57-a41b-4c82-8dce-1a538e221a83, 1, 0 [(0 [0xC004F014, 0, 0], [])(1 )(2 )(3 )]17: da9621af-f086-4244-b563-18611e51aa1a, 1, 0 [(0 [0xC004F014, 0, 0], [])(1 )(2 )(3 )]18: e371d89a-73e8-4b24-a7ff-23a3641dd18e, 1, 0 [(0 [0xC004F014, 0, 0], [])(1 )(2 )(3 )]19: ed799377-74b8-4989-a244-14d082e65972, 1, 0 [(0 [0xC004F014, 0, 0], [])(1 )(2 )(3 )]20: 0427ae42-b454-442d-b69a-d938b6a3bcdc, 0, 0 [0xC004F055]21: 0b533b5e-08b6-44f9-b885-c2de291ba456, 0, 0 [0xC004F055]22: 0c2ce8ac-7989-4e40-b934-068d8d71dd72, 0, 0 [0xC004F055]23: 1043add5-23b1-4afb-9a0f-64343c8f3f8d, 0, 0 [0xC004F055]24: 14240489-7c2d-42ee-a167-4913ca4672da, 0, 0 [0xC004F055]25: 1d9c9529-17be-48f7-bba5-a16ed636cfcb, 0, 0 [0xC004F055]26: 2bd41139-19ec-49e9-8271-db6f9fe0052d, 0, 0 [0xC004F055]27: 4acda200-3f2b-4b73-9839-f3603f99e7cd, 0, 0 [0xC004F055]28: 4dac5a0c-5709-4595-a32c-14a56a4a6b31, 0, 0 [0xC004F055]29: 5f1b1317-625e-4b1c-8d22-4bd93e3ae14e, 0, 0 [0xC004F055]30: 75863c7d-946f-4ff2-a07c-5551dedd1e15, 0, 0 [0xC004F055]31: 7b76ee02-0a75-4f08-85d5-bd0feadad0c0, 0, 0 [0xC004F055]32: 83d49986-add3-41d7-ba33-87c7bfb5c0fb, 0, 0 [0xC004F055]33: 84b9b0fc-b69d-42a6-a21d-9e0ce4125f7e, 0, 0 [0xC004F055]34: 8fe12eb1-a7ab-4410-83fb-9f6dbcb4a574, 0, 0 [0xC004F055]35: 909aa75d-43ee-413c-9030-c62e43287cf8, 0, 0 [0xC004F055]36: a6da5617-cb89-4acb-beb5-ccdbb871c922, 0, 0 [0xC004F055]37: a9fa3c71-7f63-4ea0-94be-1de2eab0a4d1, 0, 0 [0xC004F055]38: b705d67e-527a-4f11-b904-7be441066a22, 0, 0 [0xC004F055]39: b8527af1-5389-447c-9a88-2d1691ea33d3, 0, 0 [0xC004F055]40: e5fbdd17-c03d-4bed-9567-c60dee82f47e, 0, 0 [0xC004F055]41: ed6568de-daeb-4b01-9c4a-5f89018125d8, 0, 0 [0xC004F055]42: f520e45e-7413-4a34-a497-d2765967d094, 0, 0 [0xC004F055]43: f69e2d51-3bbd-4ddf-8da7-a145e9dca597, 0, 0 [0xC004F055]","Binary":""}}}
{"Event":{"System":{"Provider":{"@Name":"SPP","@Guid":"1","@EventSourceName":"SPP"},"EventID":{"@Qualifiers":"49152","#text":"8198"},"Version":"0","Level":"2","Task":"0","Opcode":"0","Keywords":"0x80000000000000","TimeCreated":{"@SystemTime":"2025-04-22 13:52:20.2028457"},"EventRecordID":"3484","Correlation":null,"Execution":{"@ProcessID":"0","@ThreadID":"0"},"Channel":"Application","Computer":"Server002","Security":null},"EventData":{"Data":"hr=0x80004005, RuleId=1;Action=AutoActivate;AppId=1;SkuId=1;NotificationInterval=1440;Trigger=NetworkAvailable","Binary":""}}}
{"Event":{"System":{"Provider":{"@Name":"edgeupdate"},"EventID":{"@Qualifiers":"0","#text":"0"},"Version":"0","Level":"4","Task":"0","Opcode":"0","Keywords":"0x80000000000000","TimeCreated":{"@SystemTime":"2025-04-22 13:52:37.3817709"},"EventRecordID":"3485","Correlation":null,"Execution":{"@ProcessID":"0","@ThreadID":"0"},"Channel":"Application","Computer":"Server002","Security":null},"EventData":{"Data":"Service stopped","Binary":""}}}
{"Event":{"System":{"Provider":{"@Name":"Microsoft-Windows-Winlogon","@Guid":"{DBE9B383-7CF3-4331-91CC-A3CB16A3B538}","@EventSourceName":"Wlclntfy"},"EventID":{"@Qualifiers":"32768","#text":"6000"},"Version":"0","Level":"4","Task":"0","Opcode":"0","Keywords":"0x80000000000000","TimeCreated":{"@SystemTime":"2025-04-22 13:53:16.6106404"},"EventRecordID":"3486","Correlation":null,"Execution":{"@ProcessID":"0","@ThreadID":"0"},"Channel":"Application","Computer":"Server002","Security":null},"EventData":{"Data":"WSearch","Binary":"D9-06-00-00"}}}
{"Event":{"System":{"Provider":{"@Name":"Microsoft-Windows-Winlogon","@Guid":"{DBE9B383-7CF3-4331-91CC-A3CB16A3B538}","@EventSourceName":"Wlclntfy"},"EventID":{"@Qualifiers":"32768","#text":"6000"},"Version":"0","Level":"4","Task":"0","Opcode":"0","Keywords":"0x80000000000000","TimeCreated":{"@SystemTime":"2025-04-22 13:53:16.6405902"},"EventRecordID":"3487","Correlation":null,"Execution":{"@ProcessID":"0","@ThreadID":"0"},"Channel":"Application","Computer":"Server002","Security":null},"EventData":{"Data":"SessionEnv","Binary":"D9-06-00-00"}}}
{"Event":{"System":{"Provider":{"@Name":"Desktop Window Manager"},"EventID":{"@Qualifiers":"16384","#text":"9027"},"Version":"0","Level":"4","Task":"0","Opcode":"0","Keywords":"0x80000000000000","TimeCreated":{"@SystemTime":"2025-04-22 13:53:18.0485185"},"EventRecordID":"3488","Correlation":null,"Execution":{"@ProcessID":"0","@ThreadID":"0"},"Channel":"Application","Computer":"Server002","Security":null},"EventData":{"Data":"","Binary":""}}}
{"Event":{"System":{"Provider":{"@Name":"brave"},"EventID":{"@Qualifiers":"0","#text":"0"},"Version":"0","Level":"4","Task":"0","Opcode":"0","Keywords":"0x80000000000000","TimeCreated":{"@SystemTime":"2025-04-22 13:53:27.7181923"},"EventRecordID":"3489","Correlation":null,"Execution":{"@ProcessID":"0","@ThreadID":"0"},"Channel":"Application","Computer":"Server002","Security":null},"EventData":{"Data":"Service stopped","Binary":""}}}
{"Event":{"System":{"Provider":{"@Name":"edgeupdate"},"EventID":{"@Qualifiers":"0","#text":"0"},"Version":"0","Level":"4","Task":"0","Opcode":"0","Keywords":"0x80000000000000","TimeCreated":{"@SystemTime":"2025-04-22 13:53:28.1342557"},"EventRecordID":"3490","Correlation":null,"Execution":{"@ProcessID":"0","@ThreadID":"0"},"Channel":"Application","Computer":"Server002","Security":null},"EventData":{"Data":"Service stopped","Binary":""}}}
{"Event":{"System":{"Provider":{"@Name":"SecurityCenter"},"EventID":{"@Qualifiers":"0","#text":"1"},"Version":"0","Level":"4","Task":"0","Opcode":"0","Keywords":"0x80000000000000","TimeCreated":{"@SystemTime":"2025-04-22 13:53:29.2929658"},"EventRecordID":"3491","Correlation":null,"Execution":{"@ProcessID":"0","@ThreadID":"0"},"Channel":"Application","Computer":"Server002","Security":null},"EventData":{"Data":"","Binary":""}}}
{"Event":{"System":{"Provider":{"@Name":"SecurityCenter"},"EventID":{"@Qualifiers":"0","#text":"15"},"Version":"0","Level":"4","Task":"0","Opcode":"0","Keywords":"0x80000000000000","TimeCreated":{"@SystemTime":"2025-04-22 13:53:29.3487453"},"EventRecordID":"3492","Correlation":null,"Execution":{"@ProcessID":"0","@ThreadID":"0"},"Channel":"Application","Computer":"Server002","Security":null},"EventData":{"Data":"Malwarebytes, SECURITY_PRODUCT_STATE_ON","Binary":""}}}
{"Event":{"System":{"Provider":{"@Name":"SecurityCenter"},"EventID":{"@Qualifiers":"0","#text":"15"},"Version":"0","Level":"4","Task":"0","Opcode":"0","Keywords":"0x80000000000000","TimeCreated":{"@SystemTime":"2025-04-22 13:53:29.9635654"},"EventRecordID":"3493","Correlation":null,"Execution":{"@ProcessID":"0","@ThreadID":"0"},"Channel":"Application","Computer":"Server002","Security":null},"EventData":{"Data":"Malwarebytes, SECURITY_PRODUCT_STATE_ON","Binary":""}}}
{"Event":{"System":{"Provider":{"@Name":"SPP","@Guid":"1","@EventSourceName":"SPP"},"EventID":{"@Qualifiers":"16384","#text":"16384"},"Version":"0","Level":"4","Task":"0","Opcode":"0","Keywords":"0x80000000000000","TimeCreated":{"@SystemTime":"2025-04-22 13:53:42.8314387"},"EventRecordID":"3494","Correlation":null,"Execution":{"@ProcessID":"0","@ThreadID":"0"},"Channel":"Application","Computer":"Server002","Security":null},"EventData":{"Data":"2025-04-23T13:51:42Z, RulesEngine","Binary":""}}}
{"Event":{"System":{"Provider":{"@Name":"SPP","@Guid":"1","@EventSourceName":"SPP"},"EventID":{"@Qualifiers":"16384","#text":"903"},"Version":"0","Level":"0","Task":"0","Opcode":"0","Keywords":"0x80000000000000","TimeCreated":{"@SystemTime":"2025-04-22 13:53:42.8350974"},"EventRecordID":"3495","Correlation":null,"Execution":{"@ProcessID":"0","@ThreadID":"0"},"Channel":"Application","Computer":"Server002","Security":null},"EventData":{"Data":"","Binary":""}}}
{"Event":{"System":{"Provider":{"@Name":"SPP","@Guid":"1","@EventSourceName":"SPP"},"EventID":{"@Qualifiers":"49152","#text":"16394"},"Version":"0","Level":"4","Task":"0","Opcode":"0","Keywords":"0x80000000000000","TimeCreated":{"@SystemTime":"2025-04-22 13:54:16.4779689"},"EventRecordID":"3496","Correlation":null,"Execution":{"@ProcessID":"0","@ThreadID":"0"},"Channel":"Application","Computer":"Server002","Security":null},"EventData":{"Data":"","Binary":""}}}
{"Event":{"System":{"Provider":{"@Name":"SPP","@Guid":"1","@EventSourceName":"SPP"},"EventID":{"@Qualifiers":"16384","#text":"16384"},"Version":"0","Level":"4","Task":"0","Opcode":"0","Keywords":"0x80000000000000","TimeCreated":{"@SystemTime":"2025-04-22 13:55:18.3003014"},"EventRecordID":"3497","Correlation":null,"Execution":{"@ProcessID":"0","@ThreadID":"0"},"Channel":"Application","Computer":"Server002","Security":null},"EventData":{"Data":"2025-04-23T13:51:18Z, RulesEngine","Binary":""}}}
{"Event":{"System":{"Provider":{"@Name":"Microsoft-Windows-RestartManager","@Guid":"0888e5ef-9b98-4695-979d-e92ce4247224"},"EventID":"10000","Version":"0","Level":"4","Task":"0","Opcode":"0","Keywords":"0x8000000000000000","TimeCreated":{"@SystemTime":"2025-04-22 13:55:35.0683225"},"EventRecordID":"3498","Correlation":null,"Execution":{"@ProcessID":"8204","@ThreadID":"9124"},"Channel":"Application","Computer":"Server002","Security":{"@UserID":"S-1-5-18"}},"UserData":{"RmSessionEvent":{"RmSessionId":"0","UTCStartTime":"2025-04-22 13:55:35.0629543"}}}}
{"Event":{"System":{"Provider":{"@Name":"Microsoft-Windows-RestartManager","@Guid":"0888e5ef-9b98-4695-979d-e92ce4247224"},"EventID":"10001","Version":"0","Level":"4","Task":"0","Opcode":"0","Keywords":"0x8000000000000000","TimeCreated":{"@SystemTime":"2025-04-22 13:55:58.4834300"},"EventRecordID":"3499","Correlation":null,"Execution":{"@ProcessID":"8204","@ThreadID":"9124"},"Channel":"Application","Computer":"Server002","Security":{"@UserID":"S-1-5-18"}},"UserData":{"RmSessionEvent":{"RmSessionId":"0","UTCStartTime":"2025-04-22 13:55:35.0629543"}}}}
{"Event":{"System":{"Provider":{"@Name":"Microsoft-Windows-RestartManager","@Guid":"0888e5ef-9b98-4695-979d-e92ce4247224"},"EventID":"10000","Version":"0","Level":"4","Task":"0","Opcode":"0","Keywords":"0x8000000000000000","TimeCreated":{"@SystemTime":"2025-04-22 13:55:58.4851329"},"EventRecordID":"3500","Correlation":null,"Execution":{"@ProcessID":"8204","@ThreadID":"9124"},"Channel":"Application","Computer":"Server002","Security":{"@UserID":"S-1-5-18"}},"UserData":{"RmSessionEvent":{"RmSessionId":"0","UTCStartTime":"2025-04-22 13:55:58.4657109"}}}}
{"Event":{"System":{"Provider":{"@Name":"Microsoft-Windows-RestartManager","@Guid":"0888e5ef-9b98-4695-979d-e92ce4247224"},"EventID":"10001","Version":"0","Level":"4","Task":"0","Opcode":"0","Keywords":"0x8000000000000000","TimeCreated":{"@SystemTime":"2025-04-22 13:55:58.6725016"},"EventRecordID":"3501","Correlation":null,"Execution":{"@ProcessID":"8204","@ThreadID":"9124"},"Channel":"Application","Computer":"Server002","Security":{"@UserID":"S-1-5-18"}},"UserData":{"RmSessionEvent":{"RmSessionId":"0","UTCStartTime":"2025-04-22 13:55:58.4657109"}}}}
{"Event":{"System":{"Provider":{"@Name":"SPP","@Guid":"1","@EventSourceName":"SPP"},"EventID":{"@Qualifiers":"49152","#text":"16394"},"Version":"0","Level":"4","Task":"0","Opcode":"0","Keywords":"0x80000000000000","TimeCreated":{"@SystemTime":"2025-04-22 13:56:04.4121126"},"EventRecordID":"3502","Correlation":null,"Execution":{"@ProcessID":"0","@ThreadID":"0"},"Channel":"Application","Computer":"Server002","Security":null},"EventData":{"Data":"","Binary":""}}}
{"Event":{"System":{"Provider":{"@Name":"Microsoft-Windows-RestartManager","@Guid":"0888e5ef-9b98-4695-979d-e92ce4247224"},"EventID":"10000","Version":"0","Level":"4","Task":"0","Opcode":"0","Keywords":"0x8000000000000000","TimeCreated":{"@SystemTime":"2025-04-22 13:56:26.1546302"},"EventRecordID":"3503","Correlation":null,"Execution":{"@ProcessID":"8204","@ThreadID":"400"},"Channel":"Application","Computer":"Server002","Security":{"@UserID":"S-1-5-18"}},"UserData":{"RmSessionEvent":{"RmSessionId":"0","UTCStartTime":"2025-04-22 13:56:26.1363920"}}}}
{"Event":{"System":{"Provider":{"@Name":"SPP","@Guid":"1","@EventSourceName":"SPP"},"EventID":{"@Qualifiers":"16384","#text":"1004"},"Version":"0","Level":"4","Task":"0","Opcode":"0","Keywords":"0x80000000000000","TimeCreated":{"@SystemTime":"2025-04-22 13:56:28.7552186"},"EventRecordID":"3504","Correlation":null,"Execution":{"@ProcessID":"0","@ThreadID":"0"},"Channel":"Application","Computer":"Server002","Security":null},"EventData":{"Data":"XrML 2.1 License - Product Key Configuration, 6040a6e7-445d-4609-b6c4-8a66b709cb54","Binary":""}}}
{"Event":{"System":{"Provider":{"@Name":"SPP","@Guid":"1","@EventSourceName":"SPP"},"EventID":{"@Qualifiers":"16384","#text":"1004"},"Version":"0","Level":"4","Task":"0","Opcode":"0","Keywords":"0x80000000000000","TimeCreated":{"@SystemTime":"2025-04-22 13:56:28.7552186"},"EventRecordID":"3505","Correlation":null,"Execution":{"@ProcessID":"0","@ThreadID":"0"},"Channel":"Application","Computer":"Server002","Security":null},"EventData":{"Data":"XrML 2.1 License - Product Key Configuration, dc6454b3-ceba-4e40-b6cc-26afb8fe8fa6","Binary":""}}}
{"Event":{"System":{"Provider":{"@Name":"SPP","@Guid":"1","@EventSourceName":"SPP"},"EventID":{"@Qualifiers":"16384","#text":"1004"},"Version":"0","Level":"4","Task":"0","Opcode":"0","Keywords":"0x80000000000000","TimeCreated":{"@SystemTime":"2025-04-22 13:56:28.9345233"},"EventRecordID":"3506","Correlation":null,"Execution":{"@ProcessID":"0","@ThreadID":"0"},"Channel":"Application","Computer":"Server002","Security":null},"EventData":{"Data":"client-issuance-root Issuance License, 7cbeb41c-1778-47f2-aa36-51a5a618f716","Binary":""}}}
{"Event":{"System":{"Provider":{"@Name":"SPP","@Guid":"1","@EventSourceName":"SPP"},"EventID":{"@Qualifiers":"16384","#text":"1004"},"Version":"0","Level":"4","Task":"0","Opcode":"0","Keywords":"0x80000000000000","TimeCreated":{"@SystemTime":"2025-04-22 13:56:28.9345233"},"EventRecordID":"3507","Correlation":null,"Execution":{"@ProcessID":"0","@ThreadID":"0"},"Channel":"Application","Computer":"Server002","Security":null},"EventData":{"Data":"client-issuance-stil Issuance License, 285583cd-fc43-4806-ace6-d247b7edd434","Binary":""}}}
{"Event":{"System":{"Provider":{"@Name":"SPP","@Guid":"1","@EventSourceName":"SPP"},"EventID":{"@Qualifiers":"16384","#text":"1004"},"Version":"0","Level":"4","Task":"0","Opcode":"0","Keywords":"0x80000000000000","TimeCreated":{"@SystemTime":"2025-04-22 13:56:29.0585999"},"EventRecordID":"3508","Correlation":null,"Execution":{"@ProcessID":"0","@ThreadID":"0"},"Channel":"Application","Computer":"Server002","Security":null},"EventData":{"Data":"client-issuance-ul Issuance License, ce939c0e-53f7-4011-a286-78b6975fa5f0","Binary":""}}}
{"Event":{"System":{"Provider":{"@Name":"SPP","@Guid":"1","@EventSourceName":"SPP"},"EventID":{"@Qualifiers":"16384","#text":"1004"},"Version":"0","Level":"4","Task":"0","Opcode":"0","Keywords":"0x80000000000000","TimeCreated":{"@SystemTime":"2025-04-22 13:56:29.1035881"},"EventRecordID":"3509","Correlation":null,"Execution":{"@ProcessID":"0","@ThreadID":"0"},"Channel":"Application","Computer":"Server002","Security":null},"EventData":{"Data":"client-issuance-ul-oob Issuance License, 7209e8e3-cce2-49dd-8f6e-2cc8a611f202","Binary":""}}}
{"Event":{"System":{"Provider":{"@Name":"SPP","@Guid":"1","@EventSourceName":"SPP"},"EventID":{"@Qualifiers":"16384","#text":"1004"},"Version":"0","Level":"4","Task":"0","Opcode":"0","Keywords":"0x80000000000000","TimeCreated":{"@SystemTime":"2025-04-22 13:56:29.1035881"},"EventRecordID":"3510","Correlation":null,"Execution":{"@ProcessID":"0","@ThreadID":"0"},"Channel":"Application","Computer":"Server002","Security":null},"EventData":{"Data":"client-issuance-root-bridge-test Issuance License, 7256a55f-e989-4e06-b2c2-c527f49e4527","Binary":""}}}
{"Event":{"System":{"Provider":{"@Name":"SPP","@Guid":"1","@EventSourceName":"SPP"},"EventID":{"@Qualifiers":"16384","#text":"1004"},"Version":"0","Level":"4","Task":"0","Opcode":"0","Keywords":"0x80000000000000","TimeCreated":{"@SystemTime":"2025-04-22 13:56:29.1816240"},"EventRecordID":"3511","Correlation":null,"Execution":{"@ProcessID":"0","@ThreadID":"0"},"Channel":"Application","Computer":"Server002","Security":null},"EventData":{"Data":"client-issuance-bridge-office Issuance License, 4d4a5396-01a7-4ae5-9973-b53bb1af5c30","Binary":""}}}
{"Event":{"System":{"Provider":{"@Name":"SPP","@Guid":"1","@EventSourceName":"SPP"},"EventID":{"@Qualifiers":"16384","#text":"1004"},"Version":"0","Level":"4","Task":"0","Opcode":"0","Keywords":"0x80000000000000","TimeCreated":{"@SystemTime":"2025-04-22 13:56:29.1816240"},"EventRecordID":"3512","Correlation":null,"Execution":{"@ProcessID":"0","@ThreadID":"0"},"Channel":"Application","Computer":"Server002","Security":null},"EventData":{"Data":"Office 24 UL oob License (Public), 8697a68b-bed6-44f0-b0ea-fd9b8ff44644","Binary":""}}}
{"Event":{"System":{"Provider":{"@Name":"SPP","@Guid":"1","@EventSourceName":"SPP"},"EventID":{"@Qualifiers":"16384","#text":"1004"},"Version":"0","Level":"4","Task":"0","Opcode":"0","Keywords":"0x80000000000000","TimeCreated":{"@SystemTime":"2025-04-22 13:56:29.1816240"},"EventRecordID":"3513","Correlation":null,"Execution":{"@ProcessID":"0","@ThreadID":"0"},"Channel":"Application","Computer":"Server002","Security":null},"EventData":{"Data":"Office 24 UL oob License (Private), d0123f03-1f23-4fc2-a73a-320ca16197cb","Binary":""}}}
{"Event":{"System":{"Provider":{"@Name":"SPP","@Guid":"1","@EventSourceName":"SPP"},"EventID":{"@Qualifiers":"16384","#text":"1004"},"Version":"0","Level":"4","Task":"0","Opcode":"0","Keywords":"0x80000000000000","TimeCreated":{"@SystemTime":"2025-04-22 13:56:29.1816240"},"EventRecordID":"3514","Correlation":null,"Execution":{"@ProcessID":"0","@ThreadID":"0"},"Channel":"Application","Computer":"Server002","Security":null},"EventData":{"Data":"OfficeA2D2C78E-2E0B-4214-8098-D5D13E718DC5 PPD License, 70927ae0-f30d-c6f4-8a11-8739588e2559","Binary":""}}}
{"Event":{"System":{"Provider":{"@Name":"SPP","@Guid":"1","@EventSourceName":"SPP"},"EventID":{"@Qualifiers":"16384","#text":"1004"},"Version":"0","Level":"4","Task":"0","Opcode":"0","Keywords":"0x80000000000000","TimeCreated":{"@SystemTime":"2025-04-22 13:56:29.1816240"},"EventRecordID":"3515","Correlation":null,"Execution":{"@ProcessID":"0","@ThreadID":"0"},"Channel":"Application","Computer":"Server002","Security":null},"EventData":{"Data":"Office 24 Publishing License (Public), a563d107-7370-41c0-b06d-5a36a9e6b9f9","Binary":""}}}
{"Event":{"System":{"Provider":{"@Name":"SPP","@Guid":"1","@EventSourceName":"SPP"},"EventID":{"@Qualifiers":"16384","#text":"1004"},"Version":"0","Level":"4","Task":"0","Opcode":"0","Keywords":"0x80000000000000","TimeCreated":{"@SystemTime":"2025-04-22 13:56:29.1816240"},"EventRecordID":"3516","Correlation":null,"Execution":{"@ProcessID":"0","@ThreadID":"0"},"Channel":"Application","Computer":"Server002","Security":null},"EventData":{"Data":"Office 24 Publishing License (Private), 5366cadd-e113-4cac-bf82-aa35e2ef3eca","Binary":""}}}
{"Event":{"System":{"Provider":{"@Name":"SPP","@Guid":"1","@EventSourceName":"SPP"},"EventID":{"@Qualifiers":"16384","#text":"1004"},"Version":"0","Level":"4","Task":"0","Opcode":"0","Keywords":"0x80000000000000","TimeCreated":{"@SystemTime":"2025-04-22 13:56:29.1816240"},"EventRecordID":"3517","Correlation":null,"Execution":{"@ProcessID":"0","@ThreadID":"0"},"Channel":"Application","Computer":"Server002","Security":null},"EventData":{"Data":"Office 24 UL phone License (Public), dcb1c80d-575b-463a-a12f-b9b2a281a4a2","Binary":""}}}
{"Event":{"System":{"Provider":{"@Name":"SPP","@Guid":"1","@EventSourceName":"SPP"},"EventID":{"@Qualifiers":"16384","#text":"1004"},"Version":"0","Level":"4","Task":"0","Opcode":"0","Keywords":"0x80000000000000","TimeCreated":{"@SystemTime":"2025-04-22 13:56:29.1816240"},"EventRecordID":"3518","Correlation":null,"Execution":{"@ProcessID":"0","@ThreadID":"0"},"Channel":"Application","Computer":"Server002","Security":null},"EventData":{"Data":"Office 24 UL phone License (Private), 4465c91f-5d03-4234-a75d-db7d4ee705bb","Binary":""}}}
{"Event":{"System":{"Provider":{"@Name":"SPP","@Guid":"1","@EventSourceName":"SPP"},"EventID":{"@Qualifiers":"16384","#text":"1004"},"Version":"0","Level":"4","Task":"0","Opcode":"0","Keywords":"0x80000000000000","TimeCreated":{"@SystemTime":"2025-04-22 13:56:29.4363387"},"EventRecordID":"3519","Correlation":null,"Execution":{"@ProcessID":"0","@ThreadID":"0"},"Channel":"Application","Computer":"Server002","Security":null},"EventData":{"Data":"Office 24 UL oob License (Public), b668ab1e-ba28-4e5f-a77f-6ae4695781eb","Binary":""}}}
{"Event":{"System":{"Provider":{"@Name":"SPP","@Guid":"1","@EventSourceName":"SPP"},"EventID":{"@Qualifiers":"16384","#text":"1004"},"Version":"0","Level":"4","Task":"0","Opcode":"0","Keywords":"0x80000000000000","TimeCreated":{"@SystemTime":"2025-04-22 13:56:29.4363387"},"EventRecordID":"3520","Correlation":null,"Execution":{"@ProcessID":"0","@ThreadID":"0"},"Channel":"Application","Computer":"Server002","Security":null},"EventData":{"Data":"Office 24 UL oob License (Private), dbe77171-7e62-4964-a850-791e17a7ab92","Binary":""}}}
{"Event":{"System":{"Provider":{"@Name":"SPP","@Guid":"1","@EventSourceName":"SPP"},"EventID":{"@Qualifiers":"16384","#text":"1004"},"Version":"0","Level":"4","Task":"0","Opcode":"0","Keywords":"0x80000000000000","TimeCreated":{"@SystemTime":"2025-04-22 13:56:29.5271891"},"EventRecordID":"3521","Correlation":null,"Execution":{"@ProcessID":"0","@ThreadID":"0"},"Channel":"Application","Computer":"Server002","Security":null},"EventData":{"Data":"OfficeB20512CC-D17C-465D-BB49-C4143C367AEE PPD License, ff4eb4be-cf54-bc5b-f738-cbd4c6adf05b","Binary":""}}}
{"Event":{"System":{"Provider":{"@Name":"SPP","@Guid":"1","@EventSourceName":"SPP"},"EventID":{"@Qualifiers":"16384","#text":"1004"},"Version":"0","Level":"4","Task":"0","Opcode":"0","Keywords":"0x80000000000000","TimeCreated":{"@SystemTime":"2025-04-22 13:56:29.5271891"},"EventRecordID":"3522","Correlation":null,"Execution":{"@ProcessID":"0","@ThreadID":"0"},"Channel":"Application","Computer":"Server002","Security":null},"EventData":{"Data":"Office 24 Publishing License (Public), 2543aa8e-c0e4-4813-aa56-e6c9578aba49","Binary":""}}}
{"Event":{"System":{"Provider":{"@Name":"SPP","@Guid":"1","@EventSourceName":"SPP"},"EventID":{"@Qualifiers":"16384","#text":"1004"},"Version":"0","Level":"4","Task":"0","Opcode":"0","Keywords":"0x80000000000000","TimeCreated":{"@SystemTime":"2025-04-22 13:56:29.5271891"},"EventRecordID":"3523","Correlation":null,"Execution":{"@ProcessID":"0","@ThreadID":"0"},"Channel":"Application","Computer":"Server002","Security":null},"EventData":{"Data":"Office 24 Publishing License (Private), 7453812b-3f4a-4077-9bc7-08f1e05dfae8","Binary":""}}}
{"Event":{"System":{"Provider":{"@Name":"SPP","@Guid":"1","@EventSourceName":"SPP"},"EventID":{"@Qualifiers":"16384","#text":"1004"},"Version":"0","Level":"4","Task":"0","Opcode":"0","Keywords":"0x80000000000000","TimeCreated":{"@SystemTime":"2025-04-22 13:56:29.5271891"},"EventRecordID":"3524","Correlation":null,"Execution":{"@ProcessID":"0","@ThreadID":"0"},"Channel":"Application","Computer":"Server002","Security":null},"EventData":{"Data":"Office 24 UL phone License (Public), 01a98dd4-7d91-4535-901c-8e35df4ff5ed","Binary":""}}}
{"Event":{"System":{"Provider":{"@Name":"SPP","@Guid":"1","@EventSourceName":"SPP"},"EventID":{"@Qualifiers":"16384","#text":"1004"},"Version":"0","Level":"4","Task":"0","Opcode":"0","Keywords":"0x80000000000000","TimeCreated":{"@SystemTime":"2025-04-22 13:56:29.5271891"},"EventRecordID":"3525","Correlation":null,"Execution":{"@ProcessID":"0","@ThreadID":"0"},"Channel":"Application","Computer":"Server002","Security":null},"EventData":{"Data":"Office 24 UL phone License (Private), cd008d3d-776f-4f21-a260-d91af706068c","Binary":""}}}
{"Event":{"System":{"Provider":{"@Name":"SPP","@Guid":"1","@EventSourceName":"SPP"},"EventID":{"@Qualifiers":"16384","#text":"1004"},"Version":"0","Level":"4","Task":"0","Opcode":"0","Keywords":"0x80000000000000","TimeCreated":{"@SystemTime":"2025-04-22 13:56:29.7210412"},"EventRecordID":"3526","Correlation":null,"Execution":{"@ProcessID":"0","@ThreadID":"0"},"Channel":"Application","Computer":"Server002","Security":null},"EventData":{"Data":"Office 24 UL oob License (Public), 00a3f8b6-b5ec-4779-9818-aaff454e0030","Binary":""}}}
{"Event":{"System":{"Provider":{"@Name":"SPP","@Guid":"1","@EventSourceName":"SPP"},"EventID":{"@Qualifiers":"16384","#text":"1004"},"Version":"0","Level":"4","Task":"0","Opcode":"0","Keywords":"0x80000000000000","TimeCreated":{"@SystemTime":"2025-04-22 13:56:29.7210412"},"EventRecordID":"3527","Correlation":null,"Execution":{"@ProcessID":"0","@ThreadID":"0"},"Channel":"Application","Computer":"Server002","Security":null},"EventData":{"Data":"Office 24 UL oob License (Private), baadcab4-b702-47d4-9303-bdba2376aeb0","Binary":""}}}
{"Event":{"System":{"Provider":{"@Name":"SPP","@Guid":"1","@EventSourceName":"SPP"},"EventID":{"@Qualifiers":"16384","#text":"1004"},"Version":"0","Level":"4","Task":"0","Opcode":"0","Keywords":"0x80000000000000","TimeCreated":{"@SystemTime":"2025-04-22 13:56:29.7210412"},"EventRecordID":"3528","Correlation":null,"Execution":{"@ProcessID":"0","@ThreadID":"0"},"Channel":"Application","Computer":"Server002","Security":null},"EventData":{"Data":"Office885F83E0-5E18-4199-B8BE-56697D0DEBFB PPD License, 4a9a0817-315c-ba36-ae99-72827d5765de","Binary":""}}}
{"Event":{"System":{"Provider":{"@Name":"ESENT"},"EventID":{"@Qualifiers":"0","#text":"103"},"Version":"0","Level":"4","Task":"1","Opcode":"0","Keywords":"0x80000000000000","TimeCreated":{"@SystemTime":"2025-04-22 13:56:53.2130620"},"EventRecordID":"3529","Correlation":null,"Execution":{"@ProcessID":"0","@ThreadID":"0"},"Channel":"Application","Computer":"Server002","Security":null},"EventData":{"Data":"SearchIndexer, 2964,T,97, Windows: , 0, [1] 0.000005 +J(0) +M(C:0K, Fs:2, WS:8K # 0K, PF:0K # 0K, P:0K)[2] 0.000018 +J(0) +M(C:0K, Fs:1, WS:4K # 0K, PF:0K # 0K, P:0K)[3] 0.014074 -0.007056 (3) CM +J(CM:3, PgRf:58, Rd:0/3, Dy:4/368, Lg:13304/206) +M(C:0K, Fs:60, WS:-8K # 0K, PF:-156K # 0K, P:-156K)[4] 0.000005 +J(0)[5] 0.081143 -0.057728 (7) WT +J(CM:69, PgRf:0, Rd:0/69, Dy:0/0, Lg:0/0) +M(C:0K, Fs:396, WS:188K # 0K, PF:0K # 0K, P:0K)[6] 0.000844 +J(0) +M(C:0K, Fs:1, WS:-3232K # 0K, PF:-3660K # 0K, P:-3660K)[7] 0.000009 +J(0)[8] 0.014998 -0.004328 (10) WT +J(CM:0, PgRf:0, Rd:0/0, Dy:0/0, Lg:2592/2) +M(C:0K, Fs:33, WS:32K # 0K, PF:8K # 0K, P:8K)[9] 0.001254 -0.001223 (1) WT +J(CM:0, PgRf:0, Rd:0/0, Dy:0/0, Lg:66/1) +M(C:0K, Fs:1, WS:4K # 0K, PF:0K # 0K, P:0K)[10] 0.000003 +J(0)[11] 0.003239 -0.000460 (2) WT +J(0)[12] 0.000042 +J(0) +M(C:0K, Fs:1, WS:0K # 0K, PF:-4K # 0K, P:-4K)[13] 0.000655 +J(0)[14] 0.000033 +J(0) +M(C:0K, Fs:0, WS:-260K # 0K, PF:-268K # 0K, P:-268K)[15] 0.000002 +J(0)., 0","Binary":""}}}
{"Event":{"System":{"Provider":{"@Name":"Microsoft-Windows-Search","@Guid":"{CA4E628D-8567-4896-AB6B-835B221F373F}","@EventSourceName":"Windows Search Service"},"EventID":{"@Qualifiers":"16384","#text":"1013"},"Version":"0","Level":"4","Task":"1","Opcode":"0","Keywords":"0x80000000000000","TimeCreated":{"@SystemTime":"2025-04-22 13:56:53.2761869"},"EventRecordID":"3530","Correlation":null,"Execution":{"@ProcessID":"0","@ThreadID":"0"},"Channel":"Application","Computer":"Server002","Security":null},"EventData":{"Data":{"@Name":"ExtraInfo","#text":", "}}}}
{"Event":{"System":{"Provider":{"@Name":"ESENT"},"EventID":{"@Qualifiers":"0","#text":"102"},"Version":"0","Level":"4","Task":"1","Opcode":"0","Keywords":"0x80000000000000","TimeCreated":{"@SystemTime":"2025-04-22 13:56:58.7684565"},"EventRecordID":"3531","Correlation":null,"Execution":{"@ProcessID":"0","@ThreadID":"0"},"Channel":"Application","Computer":"Server002","Security":null},"EventData":{"Data":"SearchIndexer, 9900,P,98, Windows: , 0, 10, 00, 19045, 0000","Binary":""}}}
