{"Event":{"System":{"Provider":{"@Name":"Microsoft-Windows-Sysmon","@Guid":"5770385f-c22a-43e0-bf4c-06f5698ffbd9"},"EventID":"1","Version":"5","Level":"4","Task":"1","Opcode":"0","Keywords":"100","TimeCreated":{"@SystemTime":"2025-04-17 16:51:30.3627252"},"EventRecordID":"29127","Correlation":null,"Execution":{"@ProcessID":"3096","@ThreadID":"4472"},"Channel":"Microsoft-Windows-Sysmon/Operational","Computer":"Server002","Security":{"@UserID":"S-1-5-18"}},"EventData":{"Data":[{"@Name":"RuleName","#text":"-"},{"@Name":"UtcTime","#text":"2025-04-17 16:51:30.347"},{"@Name":"ProcessGuid","#text":"dbf410b3-3192-6801-6c09-000000003d00"},{"@Name":"ProcessId","#text":"4612"},{"@Name":"Image","#text":"C:\Windows\Microsoft.NET\Framework64\v4.0.30319\mscorsvw.exe"},{"@Name":"FileVersion","#text":"4.8.9093.0 built by: NET481REL1LAST_C"},{"@Name":"Description","#text":".NET Runtime Optimization Service"},{"@Name":"Product","#text":"Microsoft® .NET Framework"},{"@Name":"Company","#text":"Microsoft Corporation"},{"@Name":"OriginalFileName","#text":"mscorsvw.exe"},{"@Name":"CommandLine","#text":"C:\Windows\Microsoft.NET\Framework64\v4.0.30319\mscorsvw.exe -StartupEvent 304 -InterruptEvent 0 -NGENProcess 2b4 -Pipe 300 -Comment \"NGen Worker Process\""},{"@Name":"CurrentDirectory","#text":"C:\Windows\system32\"},{"@Name":"User","#text":"NT AUTHORITY\SYSTEM"},{"@Name":"LogonGuid","#text":"dbf410b3-be2a-6800-e703-000000000000"},{"@Name":"LogonId","#text":"0x3E7"},{"@Name":"TerminalSessionId","#text":"0"},{"@Name":"IntegrityLevel","#text":"System"},{"@Name":"Hashes","#text":"SHA256=B63825D9B79213568CB57A52A7D607D8F9D7481EC5A0B260A6ACE9F2FCD8F507"},{"@Name":"ParentProcessGuid","#text":"dbf410b3-314a-6801-4e09-000000003d00"},{"@Name":"ParentProcessId","#text":"10480"},{"@Name":"ParentImage","#text":"C:\Windows\Microsoft.NET\Framework64\v4.0.30319\ngen.exe"},{"@Name":"ParentCommandLine","#text":"\"C:\Windows\Microsoft.NET\Framework64\v4.0.30319\ngen.exe\" ExecuteQueuedItems /LegacyServiceBehavior"},{"@Name":"ParentUser","#text":"NT AUTHORITY\SYSTEM"}]}}}
{"Event":{"System":{"Provider":{"@Name":"Microsoft-Windows-Sysmon","@Guid":"5770385f-c22a-43e0-bf4c-06f5698ffbd9"},"EventID":"5","Version":"3","Level":"4","Task":"5","Opcode":"0","Keywords":"100","TimeCreated":{"@SystemTime":"2025-04-17 16:51:30.4310033"},"EventRecordID":"29128","Correlation":null,"Execution":{"@ProcessID":"3096","@ThreadID":"4472"},"Channel":"Microsoft-Windows-Sysmon/Operational","Computer":"Server002","Security":{"@UserID":"S-1-5-18"}},"EventData":{"Data":[{"@Name":"RuleName","#text":"-"},{"@Name":"UtcTime","#text":"2025-04-17 16:51:30.430"},{"@Name":"ProcessGuid","#text":"dbf410b3-3187-6801-6b09-000000003d00"},{"@Name":"ProcessId","#text":"4652"},{"@Name":"Image","#text":"C:\Windows\Microsoft.NET\Framework64\v4.0.30319\mscorsvw.exe"},{"@Name":"User","#text":"NT AUTHORITY\SYSTEM"}]}}}
{"Event":{"System":{"Provider":{"@Name":"Microsoft-Windows-Sysmon","@Guid":"5770385f-c22a-43e0-bf4c-06f5698ffbd9"},"EventID":"1","Version":"5","Level":"4","Task":"1","Opcode":"0","Keywords":"100","TimeCreated":{"@SystemTime":"2025-04-17 16:51:32.3251612"},"EventRecordID":"29129","Correlation":null,"Execution":{"@ProcessID":"3096","@ThreadID":"4472"},"Channel":"Microsoft-Windows-Sysmon/Operational","Computer":"Server002","Security":{"@UserID":"S-1-5-18"}},"EventData":{"Data":[{"@Name":"RuleName","#text":"-"},{"@Name":"UtcTime","#text":"2025-04-17 16:51:32.298"},{"@Name":"ProcessGuid","#text":"dbf410b3-3194-6801-6d09-000000003d00"},{"@Name":"ProcessId","#text":"1952"},{"@Name":"Image","#text":"C:\Windows\Microsoft.NET\Framework64\v4.0.30319\mscorsvw.exe"},{"@Name":"FileVersion","#text":"4.8.9093.0 built by: NET481REL1LAST_C"},{"@Name":"Description","#text":".NET Runtime Optimization Service"},{"@Name":"Product","#text":"Microsoft® .NET Framework"},{"@Name":"Company","#text":"Microsoft Corporation"},{"@Name":"OriginalFileName","#text":"mscorsvw.exe"},{"@Name":"CommandLine","#text":"C:\Windows\Microsoft.NET\Framework64\v4.0.30319\mscorsvw.exe -StartupEvent 2f8 -InterruptEvent 0 -NGENProcess 1dc -Pipe 2c4 -Comment \"NGen Worker Process\""},{"@Name":"CurrentDirectory","#text":"C:\Windows\system32\"},{"@Name":"User","#text":"NT AUTHORITY\SYSTEM"},{"@Name":"LogonGuid","#text":"dbf410b3-be2a-6800-e703-000000000000"},{"@Name":"LogonId","#text":"0x3E7"},{"@Name":"TerminalSessionId","#text":"0"},{"@Name":"IntegrityLevel","#text":"System"},{"@Name":"Hashes","#text":"SHA256=B63825D9B79213568CB57A52A7D607D8F9D7481EC5A0B260A6ACE9F2FCD8F507"},{"@Name":"ParentProcessGuid","#text":"dbf410b3-314a-6801-4e09-000000003d00"},{"@Name":"ParentProcessId","#text":"10480"},{"@Name":"ParentImage","#text":"C:\Windows\Microsoft.NET\Framework64\v4.0.30319\ngen.exe"},{"@Name":"ParentCommandLine","#text":"\"C:\Windows\Microsoft.NET\Framework64\v4.0.30319\ngen.exe\" ExecuteQueuedItems /LegacyServiceBehavior"},{"@Name":"ParentUser","#text":"NT AUTHORITY\SYSTEM"}]}}}
{"Event":{"System":{"Provider":{"@Name":"Microsoft-Windows-Sysmon","@Guid":"5770385f-c22a-43e0-bf4c-06f5698ffbd9"},"EventID":"5","Version":"3","Level":"4","Task":"5","Opcode":"0","Keywords":"100","TimeCreated":{"@SystemTime":"2025-04-17 16:51:32.4612602"},"EventRecordID":"29130","Correlation":null,"Execution":{"@ProcessID":"3096","@ThreadID":"4472"},"Channel":"Microsoft-Windows-Sysmon/Operational","Computer":"Server002","Security":{"@UserID":"S-1-5-18"}},"EventData":{"Data":[{"@Name":"RuleName","#text":"-"},{"@Name":"UtcTime","#text":"2025-04-17 16:51:32.460"},{"@Name":"ProcessGuid","#text":"dbf410b3-3192-6801-6c09-000000003d00"},{"@Name":"ProcessId","#text":"4612"},{"@Name":"Image","#text":"C:\Windows\Microsoft.NET\Framework64\v4.0.30319\mscorsvw.exe"},{"@Name":"User","#text":"NT AUTHORITY\SYSTEM"}]}}}
{"Event":{"System":{"Provider":{"@Name":"Microsoft-Windows-Sysmon","@Guid":"5770385f-c22a-43e0-bf4c-06f5698ffbd9"},"EventID":"1","Version":"5","Level":"4","Task":"1","Opcode":"0","Keywords":"100","TimeCreated":{"@SystemTime":"2025-04-17 16:51:44.9316292"},"EventRecordID":"29131","Correlation":null,"Execution":{"@ProcessID":"3096","@ThreadID":"4472"},"Channel":"Microsoft-Windows-Sysmon/Operational","Computer":"Server002","Security":{"@UserID":"S-1-5-18"}},"EventData":{"Data":[{"@Name":"RuleName","#text":"-"},{"@Name":"UtcTime","#text":"2025-04-17 16:51:44.902"},{"@Name":"ProcessGuid","#text":"dbf410b3-31a0-6801-6e09-000000003d00"},{"@Name":"ProcessId","#text":"9428"},{"@Name":"Image","#text":"C:\Windows\Microsoft.NET\Framework64\v4.0.30319\mscorsvw.exe"},{"@Name":"FileVersion","#text":"4.8.9093.0 built by: NET481REL1LAST_C"},{"@Name":"Description","#text":".NET Runtime Optimization Service"},{"@Name":"Product","#text":"Microsoft® .NET Framework"},{"@Name":"Company","#text":"Microsoft Corporation"},{"@Name":"OriginalFileName","#text":"mscorsvw.exe"},{"@Name":"CommandLine","#text":"C:\Windows\Microsoft.NET\Framework64\v4.0.30319\mscorsvw.exe -StartupEvent 2c0 -InterruptEvent 0 -NGENProcess 2e4 -Pipe 1e8 -Comment \"NGen Worker Process\""},{"@Name":"CurrentDirectory","#text":"C:\Windows\system32\"},{"@Name":"User","#text":"NT AUTHORITY\SYSTEM"},{"@Name":"LogonGuid","#text":"dbf410b3-be2a-6800-e703-000000000000"},{"@Name":"LogonId","#text":"0x3E7"},{"@Name":"TerminalSessionId","#text":"0"},{"@Name":"IntegrityLevel","#text":"System"},{"@Name":"Hashes","#text":"SHA256=B63825D9B79213568CB57A52A7D607D8F9D7481EC5A0B260A6ACE9F2FCD8F507"},{"@Name":"ParentProcessGuid","#text":"dbf410b3-314a-6801-4e09-000000003d00"},{"@Name":"ParentProcessId","#text":"10480"},{"@Name":"ParentImage","#text":"C:\Windows\Microsoft.NET\Framework64\v4.0.30319\ngen.exe"},{"@Name":"ParentCommandLine","#text":"\"C:\Windows\Microsoft.NET\Framework64\v4.0.30319\ngen.exe\" ExecuteQueuedItems /LegacyServiceBehavior"},{"@Name":"ParentUser","#text":"NT AUTHORITY\SYSTEM"}]}}}
{"Event":{"System":{"Provider":{"@Name":"Microsoft-Windows-Sysmon","@Guid":"5770385f-c22a-43e0-bf4c-06f5698ffbd9"},"EventID":"5","Version":"3","Level":"4","Task":"5","Opcode":"0","Keywords":"100","TimeCreated":{"@SystemTime":"2025-04-17 16:51:44.9854656"},"EventRecordID":"29132","Correlation":null,"Execution":{"@ProcessID":"3096","@ThreadID":"4472"},"Channel":"Microsoft-Windows-Sysmon/Operational","Computer":"Server002","Security":{"@UserID":"S-1-5-18"}},"EventData":{"Data":[{"@Name":"RuleName","#text":"-"},{"@Name":"UtcTime","#text":"2025-04-17 16:51:44.983"},{"@Name":"ProcessGuid","#text":"dbf410b3-3194-6801-6d09-000000003d00"},{"@Name":"ProcessId","#text":"1952"},{"@Name":"Image","#text":"C:\Windows\Microsoft.NET\Framework64\v4.0.30319\mscorsvw.exe"},{"@Name":"User","#text":"NT AUTHORITY\SYSTEM"}]}}}
{"Event":{"System":{"Provider":{"@Name":"Microsoft-Windows-Sysmon","@Guid":"5770385f-c22a-43e0-bf4c-06f5698ffbd9"},"EventID":"1","Version":"5","Level":"4","Task":"1","Opcode":"0","Keywords":"100","TimeCreated":{"@SystemTime":"2025-04-17 16:51:46.5442399"},"EventRecordID":"29133","Correlation":null,"Execution":{"@ProcessID":"3096","@ThreadID":"4472"},"Channel":"Microsoft-Windows-Sysmon/Operational","Computer":"Server002","Security":{"@UserID":"S-1-5-18"}},"EventData":{"Data":[{"@Name":"RuleName","#text":"-"},{"@Name":"UtcTime","#text":"2025-04-17 16:51:46.299"},{"@Name":"ProcessGuid","#text":"dbf410b3-31a2-6801-6f09-000000003d00"},{"@Name":"ProcessId","#text":"8516"},{"@Name":"Image","#text":"C:\Windows\Microsoft.NET\Framework64\v4.0.30319\mscorsvw.exe"},{"@Name":"FileVersion","#text":"4.8.9093.0 built by: NET481REL1LAST_C"},{"@Name":"Description","#text":".NET Runtime Optimization Service"},{"@Name":"Product","#text":"Microsoft® .NET Framework"},{"@Name":"Company","#text":"Microsoft Corporation"},{"@Name":"OriginalFileName","#text":"mscorsvw.exe"},{"@Name":"CommandLine","#text":"C:\Windows\Microsoft.NET\Framework64\v4.0.30319\mscorsvw.exe -StartupEvent 2a8 -InterruptEvent 0 -NGENProcess 2c0 -Pipe 1dc -Comment \"NGen Worker Process\""},{"@Name":"CurrentDirectory","#text":"C:\Windows\system32\"},{"@Name":"User","#text":"NT AUTHORITY\SYSTEM"},{"@Name":"LogonGuid","#text":"dbf410b3-be2a-6800-e703-000000000000"},{"@Name":"LogonId","#text":"0x3E7"},{"@Name":"TerminalSessionId","#text":"0"},{"@Name":"IntegrityLevel","#text":"System"},{"@Name":"Hashes","#text":"SHA256=B63825D9B79213568CB57A52A7D607D8F9D7481EC5A0B260A6ACE9F2FCD8F507"},{"@Name":"ParentProcessGuid","#text":"dbf410b3-314a-6801-4e09-000000003d00"},{"@Name":"ParentProcessId","#text":"10480"},{"@Name":"ParentImage","#text":"C:\Windows\Microsoft.NET\Framework64\v4.0.30319\ngen.exe"},{"@Name":"ParentCommandLine","#text":"\"C:\Windows\Microsoft.NET\Framework64\v4.0.30319\ngen.exe\" ExecuteQueuedItems /LegacyServiceBehavior"},{"@Name":"ParentUser","#text":"NT AUTHORITY\SYSTEM"}]}}}
{"Event":{"System":{"Provider":{"@Name":"Microsoft-Windows-Sysmon","@Guid":"5770385f-c22a-43e0-bf4c-06f5698ffbd9"},"EventID":"5","Version":"3","Level":"4","Task":"5","Opcode":"0","Keywords":"100","TimeCreated":{"@SystemTime":"2025-04-17 16:51:46.6274617"},"EventRecordID":"29134","Correlation":null,"Execution":{"@ProcessID":"3096","@ThreadID":"4472"},"Channel":"Microsoft-Windows-Sysmon/Operational","Computer":"Server002","Security":{"@UserID":"S-1-5-18"}},"EventData":{"Data":[{"@Name":"RuleName","#text":"-"},{"@Name":"UtcTime","#text":"2025-04-17 16:51:46.627"},{"@Name":"ProcessGuid","#text":"dbf410b3-31a0-6801-6e09-000000003d00"},{"@Name":"ProcessId","#text":"9428"},{"@Name":"Image","#text":"C:\Windows\Microsoft.NET\Framework64\v4.0.30319\mscorsvw.exe"},{"@Name":"User","#text":"NT AUTHORITY\SYSTEM"}]}}}
{"Event":{"System":{"Provider":{"@Name":"Microsoft-Windows-Sysmon","@Guid":"5770385f-c22a-43e0-bf4c-06f5698ffbd9"},"EventID":"1","Version":"5","Level":"4","Task":"1","Opcode":"0","Keywords":"100","TimeCreated":{"@SystemTime":"2025-04-17 16:51:49.6624339"},"EventRecordID":"29135","Correlation":null,"Execution":{"@ProcessID":"3096","@ThreadID":"4472"},"Channel":"Microsoft-Windows-Sysmon/Operational","Computer":"Server002","Security":{"@UserID":"S-1-5-18"}},"EventData":{"Data":[{"@Name":"RuleName","#text":"-"},{"@Name":"UtcTime","#text":"2025-04-17 16:51:49.629"},{"@Name":"ProcessGuid","#text":"dbf410b3-31a5-6801-7009-000000003d00"},{"@Name":"ProcessId","#text":"368"},{"@Name":"Image","#text":"C:\Windows\Microsoft.NET\Framework64\v4.0.30319\mscorsvw.exe"},{"@Name":"FileVersion","#text":"4.8.9093.0 built by: NET481REL1LAST_C"},{"@Name":"Description","#text":".NET Runtime Optimization Service"},{"@Name":"Product","#text":"Microsoft® .NET Framework"},{"@Name":"Company","#text":"Microsoft Corporation"},{"@Name":"OriginalFileName","#text":"mscorsvw.exe"},{"@Name":"CommandLine","#text":"C:\Windows\Microsoft.NET\Framework64\v4.0.30319\mscorsvw.exe -StartupEvent 318 -InterruptEvent 0 -NGENProcess 244 -Pipe 1e8 -Comment \"NGen Worker Process\""},{"@Name":"CurrentDirectory","#text":"C:\Windows\system32\"},{"@Name":"User","#text":"NT AUTHORITY\SYSTEM"},{"@Name":"LogonGuid","#text":"dbf410b3-be2a-6800-e703-000000000000"},{"@Name":"LogonId","#text":"0x3E7"},{"@Name":"TerminalSessionId","#text":"0"},{"@Name":"IntegrityLevel","#text":"System"},{"@Name":"Hashes","#text":"SHA256=B63825D9B79213568CB57A52A7D607D8F9D7481EC5A0B260A6ACE9F2FCD8F507"},{"@Name":"ParentProcessGuid","#text":"dbf410b3-314a-6801-4e09-000000003d00"},{"@Name":"ParentProcessId","#text":"10480"},{"@Name":"ParentImage","#text":"C:\Windows\Microsoft.NET\Framework64\v4.0.30319\ngen.exe"},{"@Name":"ParentCommandLine","#text":"\"C:\Windows\Microsoft.NET\Framework64\v4.0.30319\ngen.exe\" ExecuteQueuedItems /LegacyServiceBehavior"},{"@Name":"ParentUser","#text":"NT AUTHORITY\SYSTEM"}]}}}
{"Event":{"System":{"Provider":{"@Name":"Microsoft-Windows-Sysmon","@Guid":"5770385f-c22a-43e0-bf4c-06f5698ffbd9"},"EventID":"5","Version":"3","Level":"4","Task":"5","Opcode":"0","Keywords":"100","TimeCreated":{"@SystemTime":"2025-04-17 16:51:49.8789005"},"EventRecordID":"29136","Correlation":null,"Execution":{"@ProcessID":"3096","@ThreadID":"4472"},"Channel":"Microsoft-Windows-Sysmon/Operational","Computer":"Server002","Security":{"@UserID":"S-1-5-18"}},"EventData":{"Data":[{"@Name":"RuleName","#text":"-"},{"@Name":"UtcTime","#text":"2025-04-17 16:51:49.877"},{"@Name":"ProcessGuid","#text":"dbf410b3-31a2-6801-6f09-000000003d00"},{"@Name":"ProcessId","#text":"8516"},{"@Name":"Image","#text":"C:\Windows\Microsoft.NET\Framework64\v4.0.30319\mscorsvw.exe"},{"@Name":"User","#text":"NT AUTHORITY\SYSTEM"}]}}}
{"Event":{"System":{"Provider":{"@Name":"Microsoft-Windows-Sysmon","@Guid":"5770385f-c22a-43e0-bf4c-06f5698ffbd9"},"EventID":"1","Version":"5","Level":"4","Task":"1","Opcode":"0","Keywords":"100","TimeCreated":{"@SystemTime":"2025-04-17 16:51:59.8080135"},"EventRecordID":"29137","Correlation":null,"Execution":{"@ProcessID":"3096","@ThreadID":"4472"},"Channel":"Microsoft-Windows-Sysmon/Operational","Computer":"Server002","Security":{"@UserID":"S-1-5-18"}},"EventData":{"Data":[{"@Name":"RuleName","#text":"-"},{"@Name":"UtcTime","#text":"2025-04-17 16:51:59.781"},{"@Name":"ProcessGuid","#text":"dbf410b3-31af-6801-7109-000000003d00"},{"@Name":"ProcessId","#text":"5528"},{"@Name":"Image","#text":"C:\Windows\Microsoft.NET\Framework64\v4.0.30319\mscorsvw.exe"},{"@Name":"FileVersion","#text":"4.8.9093.0 built by: NET481REL1LAST_C"},{"@Name":"Description","#text":".NET Runtime Optimization Service"},{"@Name":"Product","#text":"Microsoft® .NET Framework"},{"@Name":"Company","#text":"Microsoft Corporation"},{"@Name":"OriginalFileName","#text":"mscorsvw.exe"},{"@Name":"CommandLine","#text":"C:\Windows\Microsoft.NET\Framework64\v4.0.30319\mscorsvw.exe -StartupEvent 31c -InterruptEvent 0 -NGENProcess 308 -Pipe 310 -Comment \"NGen Worker Process\""},{"@Name":"CurrentDirectory","#text":"C:\Windows\system32\"},{"@Name":"User","#text":"NT AUTHORITY\SYSTEM"},{"@Name":"LogonGuid","#text":"dbf410b3-be2a-6800-e703-000000000000"},{"@Name":"LogonId","#text":"0x3E7"},{"@Name":"TerminalSessionId","#text":"0"},{"@Name":"IntegrityLevel","#text":"System"},{"@Name":"Hashes","#text":"SHA256=B63825D9B79213568CB57A52A7D607D8F9D7481EC5A0B260A6ACE9F2FCD8F507"},{"@Name":"ParentProcessGuid","#text":"dbf410b3-314a-6801-4e09-000000003d00"},{"@Name":"ParentProcessId","#text":"10480"},{"@Name":"ParentImage","#text":"C:\Windows\Microsoft.NET\Framework64\v4.0.30319\ngen.exe"},{"@Name":"ParentCommandLine","#text":"\"C:\Windows\Microsoft.NET\Framework64\v4.0.30319\ngen.exe\" ExecuteQueuedItems /LegacyServiceBehavior"},{"@Name":"ParentUser","#text":"NT AUTHORITY\SYSTEM"}]}}}
{"Event":{"System":{"Provider":{"@Name":"Microsoft-Windows-Sysmon","@Guid":"5770385f-c22a-43e0-bf4c-06f5698ffbd9"},"EventID":"5","Version":"3","Level":"4","Task":"5","Opcode":"0","Keywords":"100","TimeCreated":{"@SystemTime":"2025-04-17 16:51:59.9784266"},"EventRecordID":"29138","Correlation":null,"Execution":{"@ProcessID":"3096","@ThreadID":"4472"},"Channel":"Microsoft-Windows-Sysmon/Operational","Computer":"Server002","Security":{"@UserID":"S-1-5-18"}},"EventData":{"Data":[{"@Name":"RuleName","#text":"-"},{"@Name":"UtcTime","#text":"2025-04-17 16:51:59.976"},{"@Name":"ProcessGuid","#text":"dbf410b3-3154-6801-5009-000000003d00"},{"@Name":"ProcessId","#text":"4576"},{"@Name":"Image","#text":"C:\Windows\System32\wbem\WmiPrvSE.exe"},{"@Name":"User","#text":"NT AUTHORITY\NETWORK SERVICE"}]}}}
{"Event":{"System":{"Provider":{"@Name":"Microsoft-Windows-Sysmon","@Guid":"5770385f-c22a-43e0-bf4c-06f5698ffbd9"},"EventID":"5","Version":"3","Level":"4","Task":"5","Opcode":"0","Keywords":"100","TimeCreated":{"@SystemTime":"2025-04-17 16:52:00.3701944"},"EventRecordID":"29139","Correlation":null,"Execution":{"@ProcessID":"3096","@ThreadID":"4472"},"Channel":"Microsoft-Windows-Sysmon/Operational","Computer":"Server002","Security":{"@UserID":"S-1-5-18"}},"EventData":{"Data":[{"@Name":"RuleName","#text":"-"},{"@Name":"UtcTime","#text":"2025-04-17 16:52:00.369"},{"@Name":"ProcessGuid","#text":"dbf410b3-31a5-6801-7009-000000003d00"},{"@Name":"ProcessId","#text":"368"},{"@Name":"Image","#text":"C:\Windows\Microsoft.NET\Framework64\v4.0.30319\mscorsvw.exe"},{"@Name":"User","#text":"NT AUTHORITY\SYSTEM"}]}}}
