{"Event":{"System":{"Provider":{"@Name":"Microsoft-Windows-DistributedCOM","@Guid":"{1B562E86-B7AA-4131-BADC-B6F3A001407E}","@EventSourceName":"DCOM"},"EventID":{"@Qualifiers":"0","#text":"10016"},"Version":"0","Level":"3","Task":"0","Opcode":"0","Keywords":"0x8080000000000000","TimeCreated":{"@SystemTime":"2025-04-30 19:05:24.4059231"},"EventRecordID":"5494","Correlation":{"@ActivityID":"b6a8be3e-1612-4059-b8c8-9a62ba4c0721"},"Execution":{"@ProcessID":"908","@ThreadID":"10744"},"Channel":"System","Computer":"Server002","Security":{"@UserID":"S-1-5-20"}},"EventData":{"Data":[{"@Name":"param1","#text":"machine-default"},{"@Name":"param2","#text":"Local"},{"@Name":"param3","#text":"Activation"},{"@Name":"param4","#text":"{F87B28F1-DA9A-4F35-8EC0-800EFCF26B83}"},{"@Name":"param5","#text":"{0868DC9B-D9A2-4F64-9362-133CEA201299}"},{"@Name":"param6","#text":"NT AUTHORITY"},{"@Name":"param7","#text":"NETWORK SERVICE"},{"@Name":"param8","#text":"S-1-5-20"},{"@Name":"param9","#text":"LocalHost (Using LRPC)"},{"@Name":"param10","#text":"Unavailable"},{"@Name":"param11","#text":"Unavailable"}]}}}
{"Event":{"System":{"Provider":{"@Name":"Microsoft-Windows-Kernel-General","@Guid":"a68ca8b7-004f-d7b6-a698-07e2de0f1f5d"},"EventID":"16","Version":"0","Level":"4","Task":"0","Opcode":"0","Keywords":"100","TimeCreated":{"@SystemTime":"2025-04-30 19:05:45.1061161"},"EventRecordID":"5495","Correlation":null,"Execution":{"@ProcessID":"12000","@ThreadID":"6028"},"Channel":"System","Computer":"Server002","Security":{"@UserID":"S-1-5-18"}},"EventData":{"Data":[{"@Name":"HiveNameLength","#text":"113"},{"@Name":"HiveName","#text":"\??\C:\Users\lplui\AppData\Local\Packages\microsoft.windowscommunicationsapps_8wekyb3d8bbwe\Settings\settings.dat"},{"@Name":"KeysUpdated","#text":"22"},{"@Name":"DirtyPages","#text":"3"}]}}}
{"Event":{"System":{"Provider":{"@Name":"Service Control Manager","@Guid":"{555908d1-a6d7-4695-8e1e-26931d2012f4}","@EventSourceName":"Service Control Manager"},"EventID":{"@Qualifiers":"16384","#text":"7040"},"Version":"0","Level":"4","Task":"0","Opcode":"0","Keywords":"0x8080000000000000","TimeCreated":{"@SystemTime":"2025-04-30 19:10:24.5055384"},"EventRecordID":"5496","Correlation":null,"Execution":{"@ProcessID":"668","@ThreadID":"2044"},"Channel":"System","Computer":"Server002","Security":{"@UserID":"S-1-5-18"}},"EventData":{"Data":[{"@Name":"param1","#text":"Background Intelligent Transfer Service"},{"@Name":"param2","#text":"auto start"},{"@Name":"param3","#text":"demand start"},{"@Name":"param4","#text":"BITS"}]}}}
{"Event":{"System":{"Provider":{"@Name":"Microsoft-Windows-Kernel-Power","@Guid":"331c3b3a-2005-44c2-ac5e-77220c37d6b4"},"EventID":"105","Version":"1","Level":"4","Task":"100","Opcode":"0","Keywords":"10404","TimeCreated":{"@SystemTime":"2025-04-30 19:19:17.1621515"},"EventRecordID":"5497","Correlation":null,"Execution":{"@ProcessID":"4","@ThreadID":"7388"},"Channel":"System","Computer":"Server002","Security":{"@UserID":"S-1-5-18"}},"EventData":{"Data":[{"@Name":"AcOnline","#text":"False"},{"@Name":"RemainingCapacity","#text":"47500"},{"@Name":"FullChargeCapacity","#text":"50000"}]}}}
{"Event":{"System":{"Provider":{"@Name":"Microsoft-Windows-Kernel-Power","@Guid":"331c3b3a-2005-44c2-ac5e-77220c37d6b4"},"EventID":"105","Version":"1","Level":"4","Task":"100","Opcode":"0","Keywords":"10404","TimeCreated":{"@SystemTime":"2025-04-30 20:33:16.3142475"},"EventRecordID":"5498","Correlation":null,"Execution":{"@ProcessID":"4","@ThreadID":"2856"},"Channel":"System","Computer":"Server002","Security":{"@UserID":"S-1-5-18"}},"EventData":{"Data":[{"@Name":"AcOnline","#text":"True"},{"@Name":"RemainingCapacity","#text":"30500"},{"@Name":"FullChargeCapacity","#text":"50000"}]}}}
{"Event":{"System":{"Provider":{"@Name":"Microsoft-Windows-Kernel-General","@Guid":"a68ca8b7-004f-d7b6-a698-07e2de0f1f5d"},"EventID":"16","Version":"0","Level":"4","Task":"0","Opcode":"0","Keywords":"100","TimeCreated":{"@SystemTime":"2025-04-30 20:45:26.6512469"},"EventRecordID":"5499","Correlation":null,"Execution":{"@ProcessID":"12888","@ThreadID":"12040"},"Channel":"System","Computer":"Server002","Security":{"@UserID":"S-1-5-18"}},"EventData":{"Data":[{"@Name":"HiveNameLength","#text":"93"},{"@Name":"HiveName","#text":"\??\C:\Users\lplui\AppData\Local\Packages\Microsoft.Todos_8wekyb3d8bbwe\Settings\settings.dat"},{"@Name":"KeysUpdated","#text":"15"},{"@Name":"DirtyPages","#text":"2"}]}}}
{"Event":{"System":{"Provider":{"@Name":"Microsoft-Windows-Kernel-General","@Guid":"a68ca8b7-004f-d7b6-a698-07e2de0f1f5d"},"EventID":"16","Version":"0","Level":"4","Task":"0","Opcode":"0","Keywords":"100","TimeCreated":{"@SystemTime":"2025-04-30 21:05:20.7461057"},"EventRecordID":"5500","Correlation":null,"Execution":{"@ProcessID":"10784","@ThreadID":"6992"},"Channel":"System","Computer":"Server002","Security":{"@UserID":"S-1-5-18"}},"EventData":{"Data":[{"@Name":"HiveNameLength","#text":"97"},{"@Name":"HiveName","#text":"\??\C:\Users\lplui\AppData\Local\Packages\Microsoft.YourPhone_8wekyb3d8bbwe\Settings\settings.dat"},{"@Name":"KeysUpdated","#text":"46"},{"@Name":"DirtyPages","#text":"5"}]}}}
{"Event":{"System":{"Provider":{"@Name":"Microsoft-Windows-Kernel-General","@Guid":"a68ca8b7-004f-d7b6-a698-07e2de0f1f5d"},"EventID":"1","Version":"2","Level":"4","Task":"5","Opcode":"0","Keywords":"110","TimeCreated":{"@SystemTime":"2025-04-30 22:11:27.5001760"},"EventRecordID":"5501","Correlation":null,"Execution":{"@ProcessID":"4","@ThreadID":"13252"},"Channel":"System","Computer":"Server002","Security":{"@UserID":"S-1-5-18"}},"EventData":{"Data":[{"@Name":"NewTime","#text":"2025-04-30 22:11:27.5000000"},{"@Name":"OldTime","#text":"2025-05-01 00:10:49.9799597"},{"@Name":"Reason","#text":"2"},{"@Name":"ProcessName"},{"@Name":"ProcessID","#text":"4"}]}}}
{"Event":{"System":{"Provider":{"@Name":"Microsoft-Windows-Kernel-General","@Guid":"a68ca8b7-004f-d7b6-a698-07e2de0f1f5d"},"EventID":"1","Version":"2","Level":"4","Task":"5","Opcode":"0","Keywords":"110","TimeCreated":{"@SystemTime":"2025-04-30 22:11:27.5016561"},"EventRecordID":"5502","Correlation":null,"Execution":{"@ProcessID":"4","@ThreadID":"11676"},"Channel":"System","Computer":"Server002","Security":{"@UserID":"S-1-5-18"}},"EventData":{"Data":[{"@Name":"NewTime","#text":"2025-04-30 22:11:27.5000000"},{"@Name":"OldTime","#text":"2025-05-01 00:11:53.7036057"},{"@Name":"Reason","#text":"2"},{"@Name":"ProcessName"},{"@Name":"ProcessID","#text":"4"}]}}}
{"Event":{"System":{"Provider":{"@Name":"Microsoft-Windows-Kernel-General","@Guid":"a68ca8b7-004f-d7b6-a698-07e2de0f1f5d"},"EventID":"1","Version":"2","Level":"4","Task":"5","Opcode":"0","Keywords":"110","TimeCreated":{"@SystemTime":"2025-04-30 22:11:27.5002552"},"EventRecordID":"5503","Correlation":null,"Execution":{"@ProcessID":"4","@ThreadID":"11676"},"Channel":"System","Computer":"Server002","Security":{"@UserID":"S-1-5-18"}},"EventData":{"Data":[{"@Name":"NewTime","#text":"2025-04-30 22:11:27.5000000"},{"@Name":"OldTime","#text":"2025-05-01 00:12:11.5840229"},{"@Name":"Reason","#text":"2"},{"@Name":"ProcessName"},{"@Name":"ProcessID","#text":"4"}]}}}
{"Event":{"System":{"Provider":{"@Name":"Microsoft-Windows-Kernel-General","@Guid":"a68ca8b7-004f-d7b6-a698-07e2de0f1f5d"},"EventID":"24","Version":"0","Level":"4","Task":"11","Opcode":"0","Keywords":"110","TimeCreated":{"@SystemTime":"2025-05-01 04:12:01.9057019"},"EventRecordID":"5504","Correlation":null,"Execution":{"@ProcessID":"1704","@ThreadID":"1784"},"Channel":"System","Computer":"Server002","Security":{"@UserID":"S-1-5-18"}},"EventData":{"Data":[{"@Name":"ExitReason","#text":"0"},{"@Name":"CurrentBias","#text":"-60"},{"@Name":"CurrentTimeZoneID","#text":"2"},{"@Name":"TimeZoneInfoCacheUpdated","#text":"0"},{"@Name":"FirstRefresh","#text":"0"}]}}}
{"Event":{"System":{"Provider":{"@Name":"Microsoft-Windows-Kernel-General","@Guid":"a68ca8b7-004f-d7b6-a698-07e2de0f1f5d"},"EventID":"1","Version":"2","Level":"4","Task":"5","Opcode":"0","Keywords":"110","TimeCreated":{"@SystemTime":"2025-05-01 04:12:01.9061865"},"EventRecordID":"5505","Correlation":null,"Execution":{"@ProcessID":"1704","@ThreadID":"1784"},"Channel":"System","Computer":"Server002","Security":{"@UserID":"S-1-5-18"}},"EventData":{"Data":[{"@Name":"NewTime","#text":"2025-05-01 04:12:01.8950000"},{"@Name":"OldTime","#text":"2025-04-30 22:11:29.0036947"},{"@Name":"Reason","#text":"1"},{"@Name":"ProcessName","#text":"\Device\HarddiskVolume2\Windows\System32\VBoxService.exe"},{"@Name":"ProcessID","#text":"1704"}]}}}
{"Event":{"System":{"Provider":{"@Name":"Server"},"EventID":{"@Qualifiers":"49152","#text":"2505"},"Version":"0","Level":"2","Task":"0","Opcode":"0","Keywords":"1","TimeCreated":{"@SystemTime":"2025-05-01 04:12:07.2047566"},"EventRecordID":"5506","Correlation":null,"Execution":{"@ProcessID":"0","@ThreadID":"0"},"Channel":"System","Computer":"Server002","Security":null},"EventData":{"Data":"\Device\NetBT_Tcpip_{E0D123C5-E234-4BC2-8484-36AB28AB6C67}","Binary":"34-00-00-00"}}}
{"Event":{"System":{"Provider":{"@Name":"Microsoft-Windows-Time-Service","@Guid":"06edcfeb-0fd0-4e53-acca-a6f8bbf81bcb"},"EventID":"37","Version":"0","Level":"4","Task":"0","Opcode":"0","Keywords":"100","TimeCreated":{"@SystemTime":"2025-05-01 04:12:18.1809091"},"EventRecordID":"5507","Correlation":null,"Execution":{"@ProcessID":"6672","@ThreadID":"4056"},"Channel":"System","Computer":"Server002","Security":{"@UserID":"S-1-5-19"}},"EventData":{"@Name":"TMP_EVENT_TIME_SOURCE_REACHABLE","Data":{"@Name":"TimeSource","#text":"time.windows.com,0x9 (ntp.m|0x9|0.0.0.0:123-&gt;104.40.149.189:123)"}}}}
{"Event":{"System":{"Provider":{"@Name":"Microsoft-Windows-Kernel-General","@Guid":"a68ca8b7-004f-d7b6-a698-07e2de0f1f5d"},"EventID":"24","Version":"0","Level":"4","Task":"11","Opcode":"0","Keywords":"110","TimeCreated":{"@SystemTime":"2025-05-01 04:12:07.4418771"},"EventRecordID":"5508","Correlation":null,"Execution":{"@ProcessID":"6672","@ThreadID":"8384"},"Channel":"System","Computer":"Server002","Security":{"@UserID":"S-1-5-19"}},"EventData":{"Data":[{"@Name":"ExitReason","#text":"0"},{"@Name":"CurrentBias","#text":"-60"},{"@Name":"CurrentTimeZoneID","#text":"2"},{"@Name":"TimeZoneInfoCacheUpdated","#text":"0"},{"@Name":"FirstRefresh","#text":"0"}]}}}
{"Event":{"System":{"Provider":{"@Name":"Microsoft-Windows-Kernel-General","@Guid":"a68ca8b7-004f-d7b6-a698-07e2de0f1f5d"},"EventID":"1","Version":"2","Level":"4","Task":"5","Opcode":"0","Keywords":"110","TimeCreated":{"@SystemTime":"2025-05-01 04:12:07.4424989"},"EventRecordID":"5509","Correlation":null,"Execution":{"@ProcessID":"6672","@ThreadID":"8384"},"Channel":"System","Computer":"Server002","Security":{"@UserID":"S-1-5-19"}},"EventData":{"Data":[{"@Name":"NewTime","#text":"2025-05-01 04:12:07.4412961"},{"@Name":"OldTime","#text":"2025-05-01 04:12:18.6605541"},{"@Name":"Reason","#text":"1"},{"@Name":"ProcessName","#text":"\Device\HarddiskVolume2\Windows\System32\svchost.exe"},{"@Name":"ProcessID","#text":"6672"}]}}}
{"Event":{"System":{"Provider":{"@Name":"Microsoft-Windows-Kernel-General","@Guid":"a68ca8b7-004f-d7b6-a698-07e2de0f1f5d"},"EventID":"24","Version":"0","Level":"4","Task":"11","Opcode":"0","Keywords":"110","TimeCreated":{"@SystemTime":"2025-05-01 04:12:07.4448597"},"EventRecordID":"5510","Correlation":null,"Execution":{"@ProcessID":"6672","@ThreadID":"8384"},"Channel":"System","Computer":"Server002","Security":{"@UserID":"S-1-5-19"}},"EventData":{"Data":[{"@Name":"ExitReason","#text":"0"},{"@Name":"CurrentBias","#text":"-60"},{"@Name":"CurrentTimeZoneID","#text":"2"},{"@Name":"TimeZoneInfoCacheUpdated","#text":"0"},{"@Name":"FirstRefresh","#text":"0"}]}}}
{"Event":{"System":{"Provider":{"@Name":"Microsoft-Windows-Kernel-General","@Guid":"a68ca8b7-004f-d7b6-a698-07e2de0f1f5d"},"EventID":"1","Version":"2","Level":"4","Task":"5","Opcode":"0","Keywords":"110","TimeCreated":{"@SystemTime":"2025-05-01 04:12:07.4450311"},"EventRecordID":"5511","Correlation":null,"Execution":{"@ProcessID":"6672","@ThreadID":"8384"},"Channel":"System","Computer":"Server002","Security":{"@UserID":"S-1-5-19"}},"EventData":{"Data":[{"@Name":"NewTime","#text":"2025-05-01 04:12:07.4445828"},{"@Name":"OldTime","#text":"2025-05-01 04:12:07.4448668"},{"@Name":"Reason","#text":"1"},{"@Name":"ProcessName","#text":"\Device\HarddiskVolume2\Windows\System32\svchost.exe"},{"@Name":"ProcessID","#text":"6672"}]}}}
{"Event":{"System":{"Provider":{"@Name":"Microsoft-Windows-DistributedCOM","@Guid":"{1B562E86-B7AA-4131-BADC-B6F3A001407E}","@EventSourceName":"DCOM"},"EventID":{"@Qualifiers":"0","#text":"10016"},"Version":"0","Level":"3","Task":"0","Opcode":"0","Keywords":"0x8080000000000000","TimeCreated":{"@SystemTime":"2025-05-01 04:14:20.0756801"},"EventRecordID":"5512","Correlation":{"@ActivityID":"8c507cd5-c885-4b87-a43f-0dd44d8e2bf6"},"Execution":{"@ProcessID":"908","@ThreadID":"11932"},"Channel":"System","Computer":"Server002","Security":{"@UserID":"S-1-5-20"}},"EventData":{"Data":[{"@Name":"param1","#text":"machine-default"},{"@Name":"param2","#text":"Local"},{"@Name":"param3","#text":"Activation"},{"@Name":"param4","#text":"{F87B28F1-DA9A-4F35-8EC0-800EFCF26B83}"},{"@Name":"param5","#text":"{0868DC9B-D9A2-4F64-9362-133CEA201299}"},{"@Name":"param6","#text":"NT AUTHORITY"},{"@Name":"param7","#text":"NETWORK SERVICE"},{"@Name":"param8","#text":"S-1-5-20"},{"@Name":"param9","#text":"LocalHost (Using LRPC)"},{"@Name":"param10","#text":"Unavailable"},{"@Name":"param11","#text":"Unavailable"}]}}}
{"Event":{"System":{"Provider":{"@Name":"Microsoft-Windows-Kernel-General","@Guid":"a68ca8b7-004f-d7b6-a698-07e2de0f1f5d"},"EventID":"16","Version":"0","Level":"4","Task":"0","Opcode":"0","Keywords":"100","TimeCreated":{"@SystemTime":"2025-05-01 04:18:35.2452532"},"EventRecordID":"5513","Correlation":null,"Execution":{"@ProcessID":"4","@ThreadID":"6408"},"Channel":"System","Computer":"Server002","Security":{"@UserID":"S-1-5-18"}},"EventData":{"Data":[{"@Name":"HiveNameLength","#text":"35"},{"@Name":"HiveName","#text":"\SystemRoot\System32\config\DRIVERS"},{"@Name":"KeysUpdated","#text":"21284"},{"@Name":"DirtyPages","#text":"963"}]}}}
{"Event":{"System":{"Provider":{"@Name":"Service Control Manager","@Guid":"{555908d1-a6d7-4695-8e1e-26931d2012f4}","@EventSourceName":"Service Control Manager"},"EventID":{"@Qualifiers":"16384","#text":"7040"},"Version":"0","Level":"4","Task":"0","Opcode":"0","Keywords":"0x8080000000000000","TimeCreated":{"@SystemTime":"2025-05-01 05:06:42.3798408"},"EventRecordID":"5514","Correlation":null,"Execution":{"@ProcessID":"668","@ThreadID":"1464"},"Channel":"System","Computer":"Server002","Security":{"@UserID":"S-1-5-18"}},"EventData":{"Data":[{"@Name":"param1","#text":"Background Intelligent Transfer Service"},{"@Name":"param2","#text":"demand start"},{"@Name":"param3","#text":"auto start"},{"@Name":"param4","#text":"BITS"}]}}}
{"Event":{"System":{"Provider":{"@Name":"Service Control Manager","@Guid":"{555908d1-a6d7-4695-8e1e-26931d2012f4}","@EventSourceName":"Service Control Manager"},"EventID":{"@Qualifiers":"16384","#text":"7040"},"Version":"0","Level":"4","Task":"0","Opcode":"0","Keywords":"0x8080000000000000","TimeCreated":{"@SystemTime":"2025-05-01 05:09:32.0812397"},"EventRecordID":"5515","Correlation":null,"Execution":{"@ProcessID":"668","@ThreadID":"12336"},"Channel":"System","Computer":"Server002","Security":{"@UserID":"S-1-5-18"}},"EventData":{"Data":[{"@Name":"param1","#text":"Background Intelligent Transfer Service"},{"@Name":"param2","#text":"auto start"},{"@Name":"param3","#text":"demand start"},{"@Name":"param4","#text":"BITS"}]}}}
{"Event":{"System":{"Provider":{"@Name":"Microsoft-Windows-Kernel-General","@Guid":"a68ca8b7-004f-d7b6-a698-07e2de0f1f5d"},"EventID":"16","Version":"0","Level":"4","Task":"0","Opcode":"0","Keywords":"100","TimeCreated":{"@SystemTime":"2025-05-01 05:14:51.7793392"},"EventRecordID":"5516","Correlation":null,"Execution":{"@ProcessID":"11356","@ThreadID":"8360"},"Channel":"System","Computer":"Server002","Security":{"@UserID":"S-1-5-18"}},"EventData":{"Data":[{"@Name":"HiveNameLength","#text":"41"},{"@Name":"HiveName","#text":"\??\C:\Windows\System32\config\COMPONENTS"},{"@Name":"KeysUpdated","#text":"67113"},{"@Name":"DirtyPages","#text":"8206"}]}}}
{"Event":{"System":{"Provider":{"@Name":"Microsoft-Windows-WindowsUpdateClient","@Guid":"945a8954-c147-4acd-923f-40c45405a658"},"EventID":"44","Version":"1","Level":"4","Task":"1","Opcode":"12","Keywords":"12004","TimeCreated":{"@SystemTime":"2025-05-01 06:08:51.5762364"},"EventRecordID":"5517","Correlation":null,"Execution":{"@ProcessID":"10600","@ThreadID":"8216"},"Channel":"System","Computer":"Server002","Security":{"@UserID":"S-1-5-18"}},"EventData":{"Data":[{"@Name":"updateTitle","#text":"9PMMSR1CGPWG-Microsoft.HEIFImageExtension"},{"@Name":"updateGuid","#text":"20f868f0-14e3-4097-bdd9-e0140e0385e3"},{"@Name":"updateRevisionNumber","#text":"1"}]}}}
{"Event":{"System":{"Provider":{"@Name":"Microsoft-Windows-WindowsUpdateClient","@Guid":"945a8954-c147-4acd-923f-40c45405a658"},"EventID":"44","Version":"1","Level":"4","Task":"1","Opcode":"12","Keywords":"12004","TimeCreated":{"@SystemTime":"2025-05-01 06:08:51.5831371"},"EventRecordID":"5518","Correlation":null,"Execution":{"@ProcessID":"10600","@ThreadID":"8216"},"Channel":"System","Computer":"Server002","Security":{"@UserID":"S-1-5-18"}},"EventData":{"Data":[{"@Name":"updateTitle","#text":"9NBLGGH5FV99-Microsoft.MSPaint"},{"@Name":"updateGuid","#text":"482f5813-8c6c-47bd-bb85-903ae056357e"},{"@Name":"updateRevisionNumber","#text":"1"}]}}}
{"Event":{"System":{"Provider":{"@Name":"Microsoft-Windows-WindowsUpdateClient","@Guid":"945a8954-c147-4acd-923f-40c45405a658"},"EventID":"44","Version":"1","Level":"4","Task":"1","Opcode":"12","Keywords":"12004","TimeCreated":{"@SystemTime":"2025-05-01 06:08:51.5831388"},"EventRecordID":"5519","Correlation":null,"Execution":{"@ProcessID":"10600","@ThreadID":"8216"},"Channel":"System","Computer":"Server002","Security":{"@UserID":"S-1-5-18"}},"EventData":{"Data":[{"@Name":"updateTitle","#text":"9NBLGGH3FRZM-Microsoft.VCLibs.140.00"},{"@Name":"updateGuid","#text":"7c4b0956-b3f1-40ac-a633-668abc5d6af2"},{"@Name":"updateRevisionNumber","#text":"1"}]}}}
{"Event":{"System":{"Provider":{"@Name":"Microsoft-Windows-WindowsUpdateClient","@Guid":"945a8954-c147-4acd-923f-40c45405a658"},"EventID":"44","Version":"1","Level":"4","Task":"1","Opcode":"12","Keywords":"12004","TimeCreated":{"@SystemTime":"2025-05-01 06:08:51.5831407"},"EventRecordID":"5520","Correlation":null,"Execution":{"@ProcessID":"10600","@ThreadID":"8216"},"Channel":"System","Computer":"Server002","Security":{"@UserID":"S-1-5-18"}},"EventData":{"Data":[{"@Name":"updateTitle","#text":"9NBLGGH4R32N-Microsoft.WindowsFeedbackHub"},{"@Name":"updateGuid","#text":"03b0b872-2037-4d6a-bd0c-66956ac59f78"},{"@Name":"updateRevisionNumber","#text":"1"}]}}}
{"Event":{"System":{"Provider":{"@Name":"Microsoft-Windows-WindowsUpdateClient","@Guid":"945a8954-c147-4acd-923f-40c45405a658"},"EventID":"44","Version":"1","Level":"4","Task":"1","Opcode":"12","Keywords":"12004","TimeCreated":{"@SystemTime":"2025-05-01 06:08:51.5831427"},"EventRecordID":"5521","Correlation":null,"Execution":{"@ProcessID":"10600","@ThreadID":"8216"},"Channel":"System","Computer":"Server002","Security":{"@UserID":"S-1-5-18"}},"EventData":{"Data":[{"@Name":"updateTitle","#text":"9NBLGGH4R32N-Microsoft.WindowsFeedbackHub"},{"@Name":"updateGuid","#text":"03b0b872-2037-4d6a-bd0c-66956ac59f78"},{"@Name":"updateRevisionNumber","#text":"1"}]}}}
{"Event":{"System":{"Provider":{"@Name":"Microsoft-Windows-WindowsUpdateClient","@Guid":"945a8954-c147-4acd-923f-40c45405a658"},"EventID":"44","Version":"1","Level":"4","Task":"1","Opcode":"12","Keywords":"12004","TimeCreated":{"@SystemTime":"2025-05-01 06:08:51.5831440"},"EventRecordID":"5522","Correlation":null,"Execution":{"@ProcessID":"10600","@ThreadID":"8216"},"Channel":"System","Computer":"Server002","Security":{"@UserID":"S-1-5-18"}},"EventData":{"Data":[{"@Name":"updateTitle","#text":"9PLL735RFDSM-Microsoft.NET.Native.Runtime.2.2"},{"@Name":"updateGuid","#text":"9c137291-4059-4cb8-b650-12b07bbe1da1"},{"@Name":"updateRevisionNumber","#text":"1"}]}}}
{"Event":{"System":{"Provider":{"@Name":"Microsoft-Windows-WindowsUpdateClient","@Guid":"945a8954-c147-4acd-923f-40c45405a658"},"EventID":"44","Version":"1","Level":"4","Task":"1","Opcode":"12","Keywords":"12004","TimeCreated":{"@SystemTime":"2025-05-01 06:08:52.3927090"},"EventRecordID":"5523","Correlation":null,"Execution":{"@ProcessID":"10600","@ThreadID":"8216"},"Channel":"System","Computer":"Server002","Security":{"@UserID":"S-1-5-18"}},"EventData":{"Data":[{"@Name":"updateTitle","#text":"9MW2LKJ0TPJF-Microsoft.NET.Native.Framework.2.2"},{"@Name":"updateGuid","#text":"bfa7d40d-2cdf-4c15-98cf-85c847517da3"},{"@Name":"updateRevisionNumber","#text":"1"}]}}}
{"Event":{"System":{"Provider":{"@Name":"Microsoft-Windows-WindowsUpdateClient","@Guid":"945a8954-c147-4acd-923f-40c45405a658"},"EventID":"44","Version":"1","Level":"4","Task":"1","Opcode":"12","Keywords":"12004","TimeCreated":{"@SystemTime":"2025-05-01 06:08:52.3927112"},"EventRecordID":"5524","Correlation":null,"Execution":{"@ProcessID":"10600","@ThreadID":"8216"},"Channel":"System","Computer":"Server002","Security":{"@UserID":"S-1-5-18"}},"EventData":{"Data":[{"@Name":"updateTitle","#text":"9NBLGGH4R32N-Microsoft.WindowsFeedbackHub"},{"@Name":"updateGuid","#text":"03b0b872-2037-4d6a-bd0c-66956ac59f78"},{"@Name":"updateRevisionNumber","#text":"1"}]}}}
{"Event":{"System":{"Provider":{"@Name":"Microsoft-Windows-WindowsUpdateClient","@Guid":"945a8954-c147-4acd-923f-40c45405a658"},"EventID":"44","Version":"1","Level":"4","Task":"1","Opcode":"12","Keywords":"12004","TimeCreated":{"@SystemTime":"2025-05-01 06:08:52.3927127"},"EventRecordID":"5525","Correlation":null,"Execution":{"@ProcessID":"10600","@ThreadID":"8216"},"Channel":"System","Computer":"Server002","Security":{"@UserID":"S-1-5-18"}},"EventData":{"Data":[{"@Name":"updateTitle","#text":"9NBLGGH4RV3K-Microsoft.VCLibs.140.00.UWPDesktop"},{"@Name":"updateGuid","#text":"fcdd3b59-f41c-4595-b36b-245bacb749e8"},{"@Name":"updateRevisionNumber","#text":"1"}]}}}
{"Event":{"System":{"Provider":{"@Name":"Microsoft-Windows-WindowsUpdateClient","@Guid":"945a8954-c147-4acd-923f-40c45405a658"},"EventID":"44","Version":"1","Level":"4","Task":"1","Opcode":"12","Keywords":"12004","TimeCreated":{"@SystemTime":"2025-05-01 06:08:52.3927139"},"EventRecordID":"5526","Correlation":null,"Execution":{"@ProcessID":"10600","@ThreadID":"8216"},"Channel":"System","Computer":"Server002","Security":{"@UserID":"S-1-5-18"}},"EventData":{"Data":[{"@Name":"updateTitle","#text":"9NBLGGH4R32N-Microsoft.WindowsFeedbackHub"},{"@Name":"updateGuid","#text":"03b0b872-2037-4d6a-bd0c-66956ac59f78"},{"@Name":"updateRevisionNumber","#text":"1"}]}}}
{"Event":{"System":{"Provider":{"@Name":"Microsoft-Windows-WindowsUpdateClient","@Guid":"945a8954-c147-4acd-923f-40c45405a658"},"EventID":"44","Version":"1","Level":"4","Task":"1","Opcode":"12","Keywords":"12004","TimeCreated":{"@SystemTime":"2025-05-01 06:08:52.3927155"},"EventRecordID":"5527","Correlation":null,"Execution":{"@ProcessID":"10600","@ThreadID":"8216"},"Channel":"System","Computer":"Server002","Security":{"@UserID":"S-1-5-18"}},"EventData":{"Data":[{"@Name":"updateTitle","#text":"9NBLGGH4R32N-Microsoft.WindowsFeedbackHub"},{"@Name":"updateGuid","#text":"03b0b872-2037-4d6a-bd0c-66956ac59f78"},{"@Name":"updateRevisionNumber","#text":"1"}]}}}
{"Event":{"System":{"Provider":{"@Name":"Microsoft-Windows-WindowsUpdateClient","@Guid":"945a8954-c147-4acd-923f-40c45405a658"},"EventID":"44","Version":"1","Level":"4","Task":"1","Opcode":"12","Keywords":"12004","TimeCreated":{"@SystemTime":"2025-05-01 06:09:09.0349925"},"EventRecordID":"5528","Correlation":null,"Execution":{"@ProcessID":"10600","@ThreadID":"8216"},"Channel":"System","Computer":"Server002","Security":{"@UserID":"S-1-5-18"}},"EventData":{"Data":[{"@Name":"updateTitle","#text":"9NBLGGH5FV99-Microsoft.MSPaint"},{"@Name":"updateGuid","#text":"482f5813-8c6c-47bd-bb85-903ae056357e"},{"@Name":"updateRevisionNumber","#text":"1"}]}}}
{"Event":{"System":{"Provider":{"@Name":"Microsoft-Windows-WindowsUpdateClient","@Guid":"945a8954-c147-4acd-923f-40c45405a658"},"EventID":"44","Version":"1","Level":"4","Task":"1","Opcode":"12","Keywords":"12004","TimeCreated":{"@SystemTime":"2025-05-01 06:09:09.0349944"},"EventRecordID":"5529","Correlation":null,"Execution":{"@ProcessID":"10600","@ThreadID":"8216"},"Channel":"System","Computer":"Server002","Security":{"@UserID":"S-1-5-18"}},"EventData":{"Data":[{"@Name":"updateTitle","#text":"9NBLGGH4R32N-Microsoft.WindowsFeedbackHub"},{"@Name":"updateGuid","#text":"03b0b872-2037-4d6a-bd0c-66956ac59f78"},{"@Name":"updateRevisionNumber","#text":"1"}]}}}
{"Event":{"System":{"Provider":{"@Name":"Microsoft-Windows-WindowsUpdateClient","@Guid":"945a8954-c147-4acd-923f-40c45405a658"},"EventID":"44","Version":"1","Level":"4","Task":"1","Opcode":"12","Keywords":"12004","TimeCreated":{"@SystemTime":"2025-05-01 06:09:09.0349956"},"EventRecordID":"5530","Correlation":null,"Execution":{"@ProcessID":"10600","@ThreadID":"8216"},"Channel":"System","Computer":"Server002","Security":{"@UserID":"S-1-5-18"}},"EventData":{"Data":[{"@Name":"updateTitle","#text":"9NSTH9KHZDLQ-Microsoft.UI.Xaml.2.8"},{"@Name":"updateGuid","#text":"6b5369f2-d415-4daf-a500-1b864dc84dec"},{"@Name":"updateRevisionNumber","#text":"1"}]}}}
{"Event":{"System":{"Provider":{"@Name":"Microsoft-Windows-WindowsUpdateClient","@Guid":"945a8954-c147-4acd-923f-40c45405a658"},"EventID":"44","Version":"1","Level":"4","Task":"1","Opcode":"12","Keywords":"12004","TimeCreated":{"@SystemTime":"2025-05-01 06:09:16.2347886"},"EventRecordID":"5531","Correlation":null,"Execution":{"@ProcessID":"10600","@ThreadID":"8216"},"Channel":"System","Computer":"Server002","Security":{"@UserID":"S-1-5-18"}},"EventData":{"Data":[{"@Name":"updateTitle","#text":"9NBLGGH4R32N-Microsoft.WindowsFeedbackHub"},{"@Name":"updateGuid","#text":"03b0b872-2037-4d6a-bd0c-66956ac59f78"},{"@Name":"updateRevisionNumber","#text":"1"}]}}}
{"Event":{"System":{"Provider":{"@Name":"Microsoft-Windows-WindowsUpdateClient","@Guid":"945a8954-c147-4acd-923f-40c45405a658"},"EventID":"44","Version":"1","Level":"4","Task":"1","Opcode":"12","Keywords":"12004","TimeCreated":{"@SystemTime":"2025-05-01 06:09:16.2347906"},"EventRecordID":"5532","Correlation":null,"Execution":{"@ProcessID":"10600","@ThreadID":"8216"},"Channel":"System","Computer":"Server002","Security":{"@UserID":"S-1-5-18"}},"EventData":{"Data":[{"@Name":"updateTitle","#text":"9NSTH9KHZDLQ-Microsoft.UI.Xaml.2.8"},{"@Name":"updateGuid","#text":"6b5369f2-d415-4daf-a500-1b864dc84dec"},{"@Name":"updateRevisionNumber","#text":"1"}]}}}
{"Event":{"System":{"Provider":{"@Name":"Microsoft-Windows-WindowsUpdateClient","@Guid":"945a8954-c147-4acd-923f-40c45405a658"},"EventID":"44","Version":"1","Level":"4","Task":"1","Opcode":"12","Keywords":"12004","TimeCreated":{"@SystemTime":"2025-05-01 06:09:41.9099738"},"EventRecordID":"5533","Correlation":null,"Execution":{"@ProcessID":"10600","@ThreadID":"8216"},"Channel":"System","Computer":"Server002","Security":{"@UserID":"S-1-5-18"}},"EventData":{"Data":[{"@Name":"updateTitle","#text":"9NBLGGH3FRZM-Microsoft.VCLibs.140.00"},{"@Name":"updateGuid","#text":"7c4b0956-b3f1-40ac-a633-668abc5d6af2"},{"@Name":"updateRevisionNumber","#text":"1"}]}}}
{"Event":{"System":{"Provider":{"@Name":"Microsoft-Windows-WindowsUpdateClient","@Guid":"945a8954-c147-4acd-923f-40c45405a658"},"EventID":"44","Version":"1","Level":"4","Task":"1","Opcode":"12","Keywords":"12004","TimeCreated":{"@SystemTime":"2025-05-01 06:09:41.9099755"},"EventRecordID":"5534","Correlation":null,"Execution":{"@ProcessID":"10600","@ThreadID":"8216"},"Channel":"System","Computer":"Server002","Security":{"@UserID":"S-1-5-18"}},"EventData":{"Data":[{"@Name":"updateTitle","#text":"9NBLGGH4R32N-Microsoft.WindowsFeedbackHub"},{"@Name":"updateGuid","#text":"03b0b872-2037-4d6a-bd0c-66956ac59f78"},{"@Name":"updateRevisionNumber","#text":"1"}]}}}
{"Event":{"System":{"Provider":{"@Name":"Microsoft-Windows-WindowsUpdateClient","@Guid":"945a8954-c147-4acd-923f-40c45405a658"},"EventID":"44","Version":"1","Level":"4","Task":"1","Opcode":"12","Keywords":"12004","TimeCreated":{"@SystemTime":"2025-05-01 06:09:50.2607670"},"EventRecordID":"5535","Correlation":null,"Execution":{"@ProcessID":"10600","@ThreadID":"8216"},"Channel":"System","Computer":"Server002","Security":{"@UserID":"S-1-5-18"}},"EventData":{"Data":[{"@Name":"updateTitle","#text":"9NBLGGH3FRZM-Microsoft.VCLibs.140.00"},{"@Name":"updateGuid","#text":"7c4b0956-b3f1-40ac-a633-668abc5d6af2"},{"@Name":"updateRevisionNumber","#text":"1"}]}}}
{"Event":{"System":{"Provider":{"@Name":"Microsoft-Windows-WindowsUpdateClient","@Guid":"945a8954-c147-4acd-923f-40c45405a658"},"EventID":"44","Version":"1","Level":"4","Task":"1","Opcode":"12","Keywords":"12004","TimeCreated":{"@SystemTime":"2025-05-01 06:09:50.2607689"},"EventRecordID":"5536","Correlation":null,"Execution":{"@ProcessID":"10600","@ThreadID":"8216"},"Channel":"System","Computer":"Server002","Security":{"@UserID":"S-1-5-18"}},"EventData":{"Data":[{"@Name":"updateTitle","#text":"9NBLGGH4R32N-Microsoft.WindowsFeedbackHub"},{"@Name":"updateGuid","#text":"03b0b872-2037-4d6a-bd0c-66956ac59f78"},{"@Name":"updateRevisionNumber","#text":"1"}]}}}
{"Event":{"System":{"Provider":{"@Name":"Microsoft-Windows-WindowsUpdateClient","@Guid":"945a8954-c147-4acd-923f-40c45405a658"},"EventID":"44","Version":"1","Level":"4","Task":"1","Opcode":"12","Keywords":"12004","TimeCreated":{"@SystemTime":"2025-05-01 06:09:50.2607702"},"EventRecordID":"5537","Correlation":null,"Execution":{"@ProcessID":"10600","@ThreadID":"8216"},"Channel":"System","Computer":"Server002","Security":{"@UserID":"S-1-5-18"}},"EventData":{"Data":[{"@Name":"updateTitle","#text":"9WZDNCRFHVQM-MICROSOFT.WINDOWSCOMMUNICATIONSAPPS"},{"@Name":"updateGuid","#text":"eed672e2-110c-440f-b647-310b467a4890"},{"@Name":"updateRevisionNumber","#text":"1"}]}}}
{"Event":{"System":{"Provider":{"@Name":"Microsoft-Windows-WindowsUpdateClient","@Guid":"945a8954-c147-4acd-923f-40c45405a658"},"EventID":"43","Version":"1","Level":"4","Task":"1","Opcode":"13","Keywords":"12008","TimeCreated":{"@SystemTime":"2025-05-01 06:10:15.0676513"},"EventRecordID":"5538","Correlation":null,"Execution":{"@ProcessID":"10600","@ThreadID":"3480"},"Channel":"System","Computer":"Server002","Security":{"@UserID":"S-1-5-18"}},"EventData":{"Data":[{"@Name":"updateTitle","#text":"9PMMSR1CGPWG-Microsoft.HEIFImageExtension"},{"@Name":"updateGuid","#text":"20f868f0-14e3-4097-bdd9-e0140e0385e3"},{"@Name":"updateRevisionNumber","#text":"1"}]}}}
{"Event":{"System":{"Provider":{"@Name":"Microsoft-Windows-WindowsUpdateClient","@Guid":"945a8954-c147-4acd-923f-40c45405a658"},"EventID":"44","Version":"1","Level":"4","Task":"1","Opcode":"12","Keywords":"12004","TimeCreated":{"@SystemTime":"2025-05-01 06:10:15.6234824"},"EventRecordID":"5539","Correlation":null,"Execution":{"@ProcessID":"10600","@ThreadID":"8216"},"Channel":"System","Computer":"Server002","Security":{"@UserID":"S-1-5-18"}},"EventData":{"Data":[{"@Name":"updateTitle","#text":"9NFFX4SZZ23L-Microsoft.549981C3F5F10"},{"@Name":"updateGuid","#text":"bd9ab7f6-d463-4c47-b356-5d2bd6a54ffc"},{"@Name":"updateRevisionNumber","#text":"1"}]}}}
{"Event":{"System":{"Provider":{"@Name":"Microsoft-Windows-WindowsUpdateClient","@Guid":"945a8954-c147-4acd-923f-40c45405a658"},"EventID":"44","Version":"1","Level":"4","Task":"1","Opcode":"12","Keywords":"12004","TimeCreated":{"@SystemTime":"2025-05-01 06:10:15.6234843"},"EventRecordID":"5540","Correlation":null,"Execution":{"@ProcessID":"10600","@ThreadID":"8216"},"Channel":"System","Computer":"Server002","Security":{"@UserID":"S-1-5-18"}},"EventData":{"Data":[{"@Name":"updateTitle","#text":"9PLL735RFDSM-Microsoft.NET.Native.Runtime.2.2"},{"@Name":"updateGuid","#text":"9c137291-4059-4cb8-b650-12b07bbe1da1"},{"@Name":"updateRevisionNumber","#text":"1"}]}}}
{"Event":{"System":{"Provider":{"@Name":"Microsoft-Windows-WindowsUpdateClient","@Guid":"945a8954-c147-4acd-923f-40c45405a658"},"EventID":"44","Version":"1","Level":"4","Task":"1","Opcode":"12","Keywords":"12004","TimeCreated":{"@SystemTime":"2025-05-01 06:10:15.6234856"},"EventRecordID":"5541","Correlation":null,"Execution":{"@ProcessID":"10600","@ThreadID":"8216"},"Channel":"System","Computer":"Server002","Security":{"@UserID":"S-1-5-18"}},"EventData":{"Data":[{"@Name":"updateTitle","#text":"9NFFX4SZZ23L-Microsoft.549981C3F5F10"},{"@Name":"updateGuid","#text":"bd9ab7f6-d463-4c47-b356-5d2bd6a54ffc"},{"@Name":"updateRevisionNumber","#text":"1"}]}}}
{"Event":{"System":{"Provider":{"@Name":"Microsoft-Windows-WindowsUpdateClient","@Guid":"945a8954-c147-4acd-923f-40c45405a658"},"EventID":"44","Version":"1","Level":"4","Task":"1","Opcode":"12","Keywords":"12004","TimeCreated":{"@SystemTime":"2025-05-01 06:10:15.6234870"},"EventRecordID":"5542","Correlation":null,"Execution":{"@ProcessID":"10600","@ThreadID":"8216"},"Channel":"System","Computer":"Server002","Security":{"@UserID":"S-1-5-18"}},"EventData":{"Data":[{"@Name":"updateTitle","#text":"9MW2LKJ0TPJF-Microsoft.NET.Native.Framework.2.2"},{"@Name":"updateGuid","#text":"bfa7d40d-2cdf-4c15-98cf-85c847517da3"},{"@Name":"updateRevisionNumber","#text":"1"}]}}}
{"Event":{"System":{"Provider":{"@Name":"Microsoft-Windows-WindowsUpdateClient","@Guid":"945a8954-c147-4acd-923f-40c45405a658"},"EventID":"44","Version":"1","Level":"4","Task":"1","Opcode":"12","Keywords":"12004","TimeCreated":{"@SystemTime":"2025-05-01 06:10:15.6234880"},"EventRecordID":"5543","Correlation":null,"Execution":{"@ProcessID":"10600","@ThreadID":"8216"},"Channel":"System","Computer":"Server002","Security":{"@UserID":"S-1-5-18"}},"EventData":{"Data":[{"@Name":"updateTitle","#text":"9NFFX4SZZ23L-Microsoft.549981C3F5F10"},{"@Name":"updateGuid","#text":"bd9ab7f6-d463-4c47-b356-5d2bd6a54ffc"},{"@Name":"updateRevisionNumber","#text":"1"}]}}}
{"Event":{"System":{"Provider":{"@Name":"Microsoft-Windows-Kernel-General","@Guid":"a68ca8b7-004f-d7b6-a698-07e2de0f1f5d"},"EventID":"16","Version":"0","Level":"4","Task":"0","Opcode":"0","Keywords":"100","TimeCreated":{"@SystemTime":"2025-05-01 06:10:15.7152021"},"EventRecordID":"5544","Correlation":null,"Execution":{"@ProcessID":"11816","@ThreadID":"13268"},"Channel":"System","Computer":"Server002","Security":{"@UserID":"S-1-5-21-3962163828-2803415714-1403596700-1001"}},"EventData":{"Data":[{"@Name":"HiveNameLength","#text":"106"},{"@Name":"HiveName","#text":"\??\C:\Users\lplui\AppData\Local\Packages\Microsoft.HEIFImageExtension_8wekyb3d8bbwe\Settings\settings.dat"},{"@Name":"KeysUpdated","#text":"1"},{"@Name":"DirtyPages","#text":"1"}]}}}
{"Event":{"System":{"Provider":{"@Name":"Microsoft-Windows-WindowsUpdateClient","@Guid":"945a8954-c147-4acd-923f-40c45405a658"},"EventID":"44","Version":"1","Level":"4","Task":"1","Opcode":"12","Keywords":"12004","TimeCreated":{"@SystemTime":"2025-05-01 06:10:17.2061879"},"EventRecordID":"5545","Correlation":{"@ActivityID":"f10ad359-b9b7-0000-6999-0cf1b7b9db01"},"Execution":{"@ProcessID":"10600","@ThreadID":"3480"},"Channel":"System","Computer":"Server002","Security":{"@UserID":"S-1-5-18"}},"EventData":{"Data":[{"@Name":"updateTitle","#text":"9NBLGGH3FRZM-Microsoft.VCLibs.140.00"},{"@Name":"updateGuid","#text":"7c4b0956-b3f1-40ac-a633-668abc5d6af2"},{"@Name":"updateRevisionNumber","#text":"1"}]}}}
{"Event":{"System":{"Provider":{"@Name":"Microsoft-Windows-WindowsUpdateClient","@Guid":"945a8954-c147-4acd-923f-40c45405a658"},"EventID":"44","Version":"1","Level":"4","Task":"1","Opcode":"12","Keywords":"12004","TimeCreated":{"@SystemTime":"2025-05-01 06:10:17.2061888"},"EventRecordID":"5546","Correlation":{"@ActivityID":"f10ad359-b9b7-0000-6999-0cf1b7b9db01"},"Execution":{"@ProcessID":"10600","@ThreadID":"3480"},"Channel":"System","Computer":"Server002","Security":{"@UserID":"S-1-5-18"}},"EventData":{"Data":[{"@Name":"updateTitle","#text":"9WZDNCRFJ3PR-MICROSOFT.WINDOWSALARMS"},{"@Name":"updateGuid","#text":"956cd5a3-5d32-4972-8e6b-29c90b712ea5"},{"@Name":"updateRevisionNumber","#text":"1"}]}}}
{"Event":{"System":{"Provider":{"@Name":"Microsoft-Windows-WindowsUpdateClient","@Guid":"945a8954-c147-4acd-923f-40c45405a658"},"EventID":"44","Version":"1","Level":"4","Task":"1","Opcode":"12","Keywords":"12004","TimeCreated":{"@SystemTime":"2025-05-01 06:10:17.2061903"},"EventRecordID":"5547","Correlation":{"@ActivityID":"f10ad359-b9b7-0000-6999-0cf1b7b9db01"},"Execution":{"@ProcessID":"10600","@ThreadID":"3480"},"Channel":"System","Computer":"Server002","Security":{"@UserID":"S-1-5-18"}},"EventData":{"Data":[{"@Name":"updateTitle","#text":"9NFFX4SZZ23L-Microsoft.549981C3F5F10"},{"@Name":"updateGuid","#text":"bd9ab7f6-d463-4c47-b356-5d2bd6a54ffc"},{"@Name":"updateRevisionNumber","#text":"1"}]}}}
{"Event":{"System":{"Provider":{"@Name":"Microsoft-Windows-WindowsUpdateClient","@Guid":"945a8954-c147-4acd-923f-40c45405a658"},"EventID":"44","Version":"1","Level":"4","Task":"1","Opcode":"12","Keywords":"12004","TimeCreated":{"@SystemTime":"2025-05-01 06:10:17.2061910"},"EventRecordID":"5548","Correlation":{"@ActivityID":"f10ad359-b9b7-0000-6999-0cf1b7b9db01"},"Execution":{"@ProcessID":"10600","@ThreadID":"3480"},"Channel":"System","Computer":"Server002","Security":{"@UserID":"S-1-5-18"}},"EventData":{"Data":[{"@Name":"updateTitle","#text":"9NBLGGH4RV3K-Microsoft.VCLibs.140.00.UWPDesktop"},{"@Name":"updateGuid","#text":"fcdd3b59-f41c-4595-b36b-245bacb749e8"},{"@Name":"updateRevisionNumber","#text":"1"}]}}}
{"Event":{"System":{"Provider":{"@Name":"Microsoft-Windows-WindowsUpdateClient","@Guid":"945a8954-c147-4acd-923f-40c45405a658"},"EventID":"44","Version":"1","Level":"4","Task":"1","Opcode":"12","Keywords":"12004","TimeCreated":{"@SystemTime":"2025-05-01 06:10:17.2062635"},"EventRecordID":"5549","Correlation":{"@ActivityID":"f10ad359-b9b7-0000-6999-0cf1b7b9db01"},"Execution":{"@ProcessID":"10600","@ThreadID":"3480"},"Channel":"System","Computer":"Server002","Security":{"@UserID":"S-1-5-18"}},"EventData":{"Data":[{"@Name":"updateTitle","#text":"9WZDNCRFJ3PR-MICROSOFT.WINDOWSALARMS"},{"@Name":"updateGuid","#text":"956cd5a3-5d32-4972-8e6b-29c90b712ea5"},{"@Name":"updateRevisionNumber","#text":"1"}]}}}
{"Event":{"System":{"Provider":{"@Name":"Microsoft-Windows-WindowsUpdateClient","@Guid":"945a8954-c147-4acd-923f-40c45405a658"},"EventID":"44","Version":"1","Level":"4","Task":"1","Opcode":"12","Keywords":"12004","TimeCreated":{"@SystemTime":"2025-05-01 06:10:17.2062642"},"EventRecordID":"5550","Correlation":{"@ActivityID":"f10ad359-b9b7-0000-6999-0cf1b7b9db01"},"Execution":{"@ProcessID":"10600","@ThreadID":"3480"},"Channel":"System","Computer":"Server002","Security":{"@UserID":"S-1-5-18"}},"EventData":{"Data":[{"@Name":"updateTitle","#text":"9NFFX4SZZ23L-Microsoft.549981C3F5F10"},{"@Name":"updateGuid","#text":"bd9ab7f6-d463-4c47-b356-5d2bd6a54ffc"},{"@Name":"updateRevisionNumber","#text":"1"}]}}}
{"Event":{"System":{"Provider":{"@Name":"Microsoft-Windows-WindowsUpdateClient","@Guid":"945a8954-c147-4acd-923f-40c45405a658"},"EventID":"19","Version":"1","Level":"4","Task":"1","Opcode":"13","Keywords":"118","TimeCreated":{"@SystemTime":"2025-05-01 06:10:17.2062652"},"EventRecordID":"5551","Correlation":{"@ActivityID":"f10ad359-b9b7-0000-6999-0cf1b7b9db01"},"Execution":{"@ProcessID":"10600","@ThreadID":"3480"},"Channel":"System","Computer":"Server002","Security":{"@UserID":"S-1-5-18"}},"EventData":{"Data":[{"@Name":"updateTitle","#text":"9PMMSR1CGPWG-Microsoft.HEIFImageExtension"},{"@Name":"updateGuid","#text":"20f868f0-14e3-4097-bdd9-e0140e0385e3"},{"@Name":"updateRevisionNumber","#text":"1"},{"@Name":"serviceGuid","#text":"855e8a7c-ecb4-4ca3-b045-1dfa50104289"}]}}}
{"Event":{"System":{"Provider":{"@Name":"Microsoft-Windows-WindowsUpdateClient","@Guid":"945a8954-c147-4acd-923f-40c45405a658"},"EventID":"44","Version":"1","Level":"4","Task":"1","Opcode":"12","Keywords":"12004","TimeCreated":{"@SystemTime":"2025-05-01 06:10:25.5914054"},"EventRecordID":"5552","Correlation":null,"Execution":{"@ProcessID":"10600","@ThreadID":"8216"},"Channel":"System","Computer":"Server002","Security":{"@UserID":"S-1-5-18"}},"EventData":{"Data":[{"@Name":"updateTitle","#text":"9NH2SW16MQ7F-Microsoft.WindowsAppRuntime.1.5"},{"@Name":"updateGuid","#text":"9e7b6034-6a40-4f49-ba32-0d77661c32a5"},{"@Name":"updateRevisionNumber","#text":"1"}]}}}
{"Event":{"System":{"Provider":{"@Name":"Microsoft-Windows-WindowsUpdateClient","@Guid":"945a8954-c147-4acd-923f-40c45405a658"},"EventID":"44","Version":"1","Level":"4","Task":"1","Opcode":"12","Keywords":"12004","TimeCreated":{"@SystemTime":"2025-05-01 06:10:25.5914068"},"EventRecordID":"5553","Correlation":null,"Execution":{"@ProcessID":"10600","@ThreadID":"8216"},"Channel":"System","Computer":"Server002","Security":{"@UserID":"S-1-5-18"}},"EventData":{"Data":[{"@Name":"updateTitle","#text":"9WZDNCRFJ3PR-MICROSOFT.WINDOWSALARMS"},{"@Name":"updateGuid","#text":"956cd5a3-5d32-4972-8e6b-29c90b712ea5"},{"@Name":"updateRevisionNumber","#text":"1"}]}}}
{"Event":{"System":{"Provider":{"@Name":"Microsoft-Windows-WindowsUpdateClient","@Guid":"945a8954-c147-4acd-923f-40c45405a658"},"EventID":"44","Version":"1","Level":"4","Task":"1","Opcode":"12","Keywords":"12004","TimeCreated":{"@SystemTime":"2025-05-01 06:10:54.8268122"},"EventRecordID":"5554","Correlation":null,"Execution":{"@ProcessID":"10600","@ThreadID":"8216"},"Channel":"System","Computer":"Server002","Security":{"@UserID":"S-1-5-18"}},"EventData":{"Data":[{"@Name":"updateTitle","#text":"9NH2SW16MQ7F-Microsoft.WindowsAppRuntime.1.5"},{"@Name":"updateGuid","#text":"9e7b6034-6a40-4f49-ba32-0d77661c32a5"},{"@Name":"updateRevisionNumber","#text":"1"}]}}}
{"Event":{"System":{"Provider":{"@Name":"Microsoft-Windows-WindowsUpdateClient","@Guid":"945a8954-c147-4acd-923f-40c45405a658"},"EventID":"44","Version":"1","Level":"4","Task":"1","Opcode":"12","Keywords":"12004","TimeCreated":{"@SystemTime":"2025-05-01 06:10:54.8268140"},"EventRecordID":"5555","Correlation":null,"Execution":{"@ProcessID":"10600","@ThreadID":"8216"},"Channel":"System","Computer":"Server002","Security":{"@UserID":"S-1-5-18"}},"EventData":{"Data":[{"@Name":"updateTitle","#text":"9WZDNCRFJ3PR-MICROSOFT.WINDOWSALARMS"},{"@Name":"updateGuid","#text":"956cd5a3-5d32-4972-8e6b-29c90b712ea5"},{"@Name":"updateRevisionNumber","#text":"1"}]}}}
{"Event":{"System":{"Provider":{"@Name":"Microsoft-Windows-WindowsUpdateClient","@Guid":"945a8954-c147-4acd-923f-40c45405a658"},"EventID":"44","Version":"1","Level":"4","Task":"1","Opcode":"12","Keywords":"12004","TimeCreated":{"@SystemTime":"2025-05-01 06:10:54.8268156"},"EventRecordID":"5556","Correlation":null,"Execution":{"@ProcessID":"10600","@ThreadID":"8216"},"Channel":"System","Computer":"Server002","Security":{"@UserID":"S-1-5-18"}},"EventData":{"Data":[{"@Name":"updateTitle","#text":"9NKSQGP7F2NH-5319275A.WhatsAppDesktop"},{"@Name":"updateGuid","#text":"5ee68d6e-49db-429c-9088-e144f71db09f"},{"@Name":"updateRevisionNumber","#text":"1"}]}}}
{"Event":{"System":{"Provider":{"@Name":"Microsoft-Windows-WindowsUpdateClient","@Guid":"945a8954-c147-4acd-923f-40c45405a658"},"EventID":"44","Version":"1","Level":"4","Task":"1","Opcode":"12","Keywords":"12004","TimeCreated":{"@SystemTime":"2025-05-01 06:10:54.8268166"},"EventRecordID":"5557","Correlation":null,"Execution":{"@ProcessID":"10600","@ThreadID":"8216"},"Channel":"System","Computer":"Server002","Security":{"@UserID":"S-1-5-18"}},"EventData":{"Data":[{"@Name":"updateTitle","#text":"9WZDNCRFJ3PR-MICROSOFT.WINDOWSALARMS"},{"@Name":"updateGuid","#text":"956cd5a3-5d32-4972-8e6b-29c90b712ea5"},{"@Name":"updateRevisionNumber","#text":"1"}]}}}
{"Event":{"System":{"Provider":{"@Name":"Microsoft-Windows-WindowsUpdateClient","@Guid":"945a8954-c147-4acd-923f-40c45405a658"},"EventID":"44","Version":"1","Level":"4","Task":"1","Opcode":"12","Keywords":"12004","TimeCreated":{"@SystemTime":"2025-05-01 06:10:54.8268178"},"EventRecordID":"5558","Correlation":null,"Execution":{"@ProcessID":"10600","@ThreadID":"8216"},"Channel":"System","Computer":"Server002","Security":{"@UserID":"S-1-5-18"}},"EventData":{"Data":[{"@Name":"updateTitle","#text":"9NSTH9KHZDLQ-Microsoft.UI.Xaml.2.8"},{"@Name":"updateGuid","#text":"6b5369f2-d415-4daf-a500-1b864dc84dec"},{"@Name":"updateRevisionNumber","#text":"1"}]}}}
{"Event":{"System":{"Provider":{"@Name":"Microsoft-Windows-WindowsUpdateClient","@Guid":"945a8954-c147-4acd-923f-40c45405a658"},"EventID":"44","Version":"1","Level":"4","Task":"1","Opcode":"12","Keywords":"12004","TimeCreated":{"@SystemTime":"2025-05-01 06:10:54.8289167"},"EventRecordID":"5559","Correlation":null,"Execution":{"@ProcessID":"10600","@ThreadID":"8216"},"Channel":"System","Computer":"Server002","Security":{"@UserID":"S-1-5-18"}},"EventData":{"Data":[{"@Name":"updateTitle","#text":"9WZDNCRFJ3PR-MICROSOFT.WINDOWSALARMS"},{"@Name":"updateGuid","#text":"956cd5a3-5d32-4972-8e6b-29c90b712ea5"},{"@Name":"updateRevisionNumber","#text":"1"}]}}}
{"Event":{"System":{"Provider":{"@Name":"Microsoft-Windows-WindowsUpdateClient","@Guid":"945a8954-c147-4acd-923f-40c45405a658"},"EventID":"44","Version":"1","Level":"4","Task":"1","Opcode":"12","Keywords":"12004","TimeCreated":{"@SystemTime":"2025-05-01 06:10:54.8289182"},"EventRecordID":"5560","Correlation":null,"Execution":{"@ProcessID":"10600","@ThreadID":"8216"},"Channel":"System","Computer":"Server002","Security":{"@UserID":"S-1-5-18"}},"EventData":{"Data":[{"@Name":"updateTitle","#text":"9NKSQGP7F2NH-5319275A.WhatsAppDesktop"},{"@Name":"updateGuid","#text":"5ee68d6e-49db-429c-9088-e144f71db09f"},{"@Name":"updateRevisionNumber","#text":"1"}]}}}
{"Event":{"System":{"Provider":{"@Name":"Microsoft-Windows-WindowsUpdateClient","@Guid":"945a8954-c147-4acd-923f-40c45405a658"},"EventID":"44","Version":"1","Level":"4","Task":"1","Opcode":"12","Keywords":"12004","TimeCreated":{"@SystemTime":"2025-05-01 06:10:57.4900462"},"EventRecordID":"5561","Correlation":null,"Execution":{"@ProcessID":"10600","@ThreadID":"8216"},"Channel":"System","Computer":"Server002","Security":{"@UserID":"S-1-5-18"}},"EventData":{"Data":[{"@Name":"updateTitle","#text":"9NKSQGP7F2NH-5319275A.WhatsAppDesktop"},{"@Name":"updateGuid","#text":"5ee68d6e-49db-429c-9088-e144f71db09f"},{"@Name":"updateRevisionNumber","#text":"1"}]}}}
{"Event":{"System":{"Provider":{"@Name":"Microsoft-Windows-WindowsUpdateClient","@Guid":"945a8954-c147-4acd-923f-40c45405a658"},"EventID":"44","Version":"1","Level":"4","Task":"1","Opcode":"12","Keywords":"12004","TimeCreated":{"@SystemTime":"2025-05-01 06:11:00.7505205"},"EventRecordID":"5562","Correlation":null,"Execution":{"@ProcessID":"10600","@ThreadID":"8216"},"Channel":"System","Computer":"Server002","Security":{"@UserID":"S-1-5-18"}},"EventData":{"Data":[{"@Name":"updateTitle","#text":"9PLL735RFDSM-Microsoft.NET.Native.Runtime.2.2"},{"@Name":"updateGuid","#text":"9c137291-4059-4cb8-b650-12b07bbe1da1"},{"@Name":"updateRevisionNumber","#text":"1"}]}}}
{"Event":{"System":{"Provider":{"@Name":"Microsoft-Windows-WindowsUpdateClient","@Guid":"945a8954-c147-4acd-923f-40c45405a658"},"EventID":"44","Version":"1","Level":"4","Task":"1","Opcode":"12","Keywords":"12004","TimeCreated":{"@SystemTime":"2025-05-01 06:11:00.7505227"},"EventRecordID":"5563","Correlation":null,"Execution":{"@ProcessID":"10600","@ThreadID":"8216"},"Channel":"System","Computer":"Server002","Security":{"@UserID":"S-1-5-18"}},"EventData":{"Data":[{"@Name":"updateTitle","#text":"9WZDNCRFJ3PR-MICROSOFT.WINDOWSALARMS"},{"@Name":"updateGuid","#text":"956cd5a3-5d32-4972-8e6b-29c90b712ea5"},{"@Name":"updateRevisionNumber","#text":"1"}]}}}
{"Event":{"System":{"Provider":{"@Name":"Microsoft-Windows-WindowsUpdateClient","@Guid":"945a8954-c147-4acd-923f-40c45405a658"},"EventID":"44","Version":"1","Level":"4","Task":"1","Opcode":"12","Keywords":"12004","TimeCreated":{"@SystemTime":"2025-05-01 06:11:00.7505239"},"EventRecordID":"5564","Correlation":null,"Execution":{"@ProcessID":"10600","@ThreadID":"8216"},"Channel":"System","Computer":"Server002","Security":{"@UserID":"S-1-5-18"}},"EventData":{"Data":[{"@Name":"updateTitle","#text":"9NFFX4SZZ23L-Microsoft.549981C3F5F10"},{"@Name":"updateGuid","#text":"bd9ab7f6-d463-4c47-b356-5d2bd6a54ffc"},{"@Name":"updateRevisionNumber","#text":"1"}]}}}
{"Event":{"System":{"Provider":{"@Name":"Microsoft-Windows-WindowsUpdateClient","@Guid":"945a8954-c147-4acd-923f-40c45405a658"},"EventID":"44","Version":"1","Level":"4","Task":"1","Opcode":"12","Keywords":"12004","TimeCreated":{"@SystemTime":"2025-05-01 06:11:03.4739482"},"EventRecordID":"5565","Correlation":null,"Execution":{"@ProcessID":"10600","@ThreadID":"8216"},"Channel":"System","Computer":"Server002","Security":{"@UserID":"S-1-5-18"}},"EventData":{"Data":[{"@Name":"updateTitle","#text":"9MW2LKJ0TPJF-Microsoft.NET.Native.Framework.2.2"},{"@Name":"updateGuid","#text":"bfa7d40d-2cdf-4c15-98cf-85c847517da3"},{"@Name":"updateRevisionNumber","#text":"1"}]}}}
{"Event":{"System":{"Provider":{"@Name":"Microsoft-Windows-WindowsUpdateClient","@Guid":"945a8954-c147-4acd-923f-40c45405a658"},"EventID":"44","Version":"1","Level":"4","Task":"1","Opcode":"12","Keywords":"12004","TimeCreated":{"@SystemTime":"2025-05-01 06:11:08.4544379"},"EventRecordID":"5566","Correlation":null,"Execution":{"@ProcessID":"10600","@ThreadID":"8216"},"Channel":"System","Computer":"Server002","Security":{"@UserID":"S-1-5-18"}},"EventData":{"Data":[{"@Name":"updateTitle","#text":"9NKSQGP7F2NH-5319275A.WhatsAppDesktop"},{"@Name":"updateGuid","#text":"5ee68d6e-49db-429c-9088-e144f71db09f"},{"@Name":"updateRevisionNumber","#text":"1"}]}}}
