{"Event":{"System":{"Provider":{"@Name":"Microsoft-Windows-Security-Auditing","@Guid":"54849625-5478-4994-a5ba-3e3b0328c30d"},"EventID":"4798","Version":"0","Level":"0","Task":"13824","Opcode":"0","Keywords":"0x8020000000000000","TimeCreated":{"@SystemTime":"2025-05-03 05:35:40.6008757"},"EventRecordID":"95144","Correlation":{"@ActivityID":"1168e054-bb50-0000-2de1-681150bbdb01"},"Execution":{"@ProcessID":"688","@ThreadID":"10832"},"Channel":"Security","Computer":"Server002","Security":null},"EventData":{"Data":[{"@Name":"TargetUserName","#text":"testing"},{"@Name":"TargetDomainName","#text":"SERVER002"},{"@Name":"TargetSid","#text":"S-1-5-21-3962163828-2803415714-1403596700-1005"},{"@Name":"SubjectUserSid","#text":"S-1-5-18"},{"@Name":"SubjectUserName","#text":"SERVER002$"},{"@Name":"SubjectDomainName","#text":"WORKGROUP"},{"@Name":"SubjectLogonId","#text":"0x3E7"},{"@Name":"CallerProcessId","#text":"0xC90"},{"@Name":"CallerProcessName","#text":"C:\Program Files\Malwarebytes\Anti-Malware\MBAMService.exe"}]}}}
{"Event":{"System":{"Provider":{"@Name":"Microsoft-Windows-Security-Auditing","@Guid":"54849625-5478-4994-a5ba-3e3b0328c30d"},"EventID":"4798","Version":"0","Level":"0","Task":"13824","Opcode":"0","Keywords":"0x8020000000000000","TimeCreated":{"@SystemTime":"2025-05-03 05:35:40.6018993"},"EventRecordID":"95145","Correlation":{"@ActivityID":"1168e054-bb50-0000-2de1-681150bbdb01"},"Execution":{"@ProcessID":"688","@ThreadID":"10832"},"Channel":"Security","Computer":"Server002","Security":null},"EventData":{"Data":[{"@Name":"TargetUserName","#text":"WDAGUtilityAccount"},{"@Name":"TargetDomainName","#text":"SERVER002"},{"@Name":"TargetSid","#text":"S-1-5-21-3962163828-2803415714-1403596700-504"},{"@Name":"SubjectUserSid","#text":"S-1-5-18"},{"@Name":"SubjectUserName","#text":"SERVER002$"},{"@Name":"SubjectDomainName","#text":"WORKGROUP"},{"@Name":"SubjectLogonId","#text":"0x3E7"},{"@Name":"CallerProcessId","#text":"0xC90"},{"@Name":"CallerProcessName","#text":"C:\Program Files\Malwarebytes\Anti-Malware\MBAMService.exe"}]}}}
{"Event":{"System":{"Provider":{"@Name":"Microsoft-Windows-Security-Auditing","@Guid":"54849625-5478-4994-a5ba-3e3b0328c30d"},"EventID":"4799","Version":"0","Level":"0","Task":"13826","Opcode":"0","Keywords":"0x8020000000000000","TimeCreated":{"@SystemTime":"2025-05-03 05:37:26.3826103"},"EventRecordID":"95146","Correlation":{"@ActivityID":"1168e054-bb50-0000-2de1-681150bbdb01"},"Execution":{"@ProcessID":"688","@ThreadID":"10832"},"Channel":"Security","Computer":"Server002","Security":null},"EventData":{"Data":[{"@Name":"TargetUserName","#text":"Administrators"},{"@Name":"TargetDomainName","#text":"Builtin"},{"@Name":"TargetSid","#text":"S-1-5-32-544"},{"@Name":"SubjectUserSid","#text":"S-1-5-21-3962163828-2803415714-1403596700-1001"},{"@Name":"SubjectUserName","#text":"lplui"},{"@Name":"SubjectDomainName","#text":"SERVER002"},{"@Name":"SubjectLogonId","#text":"0x39737"},{"@Name":"CallerProcessId","#text":"0xFB4"},{"@Name":"CallerProcessName","#text":"C:\Windows\System32\RuntimeBroker.exe"}]}}}
{"Event":{"System":{"Provider":{"@Name":"Microsoft-Windows-Security-Auditing","@Guid":"54849625-5478-4994-a5ba-3e3b0328c30d"},"EventID":"4799","Version":"0","Level":"0","Task":"13826","Opcode":"0","Keywords":"0x8020000000000000","TimeCreated":{"@SystemTime":"2025-05-03 05:37:26.3859945"},"EventRecordID":"95147","Correlation":{"@ActivityID":"1168e054-bb50-0000-2de1-681150bbdb01"},"Execution":{"@ProcessID":"688","@ThreadID":"10832"},"Channel":"Security","Computer":"Server002","Security":null},"EventData":{"Data":[{"@Name":"TargetUserName","#text":"Administrators"},{"@Name":"TargetDomainName","#text":"Builtin"},{"@Name":"TargetSid","#text":"S-1-5-32-544"},{"@Name":"SubjectUserSid","#text":"S-1-5-21-3962163828-2803415714-1403596700-1001"},{"@Name":"SubjectUserName","#text":"lplui"},{"@Name":"SubjectDomainName","#text":"SERVER002"},{"@Name":"SubjectLogonId","#text":"0x39737"},{"@Name":"CallerProcessId","#text":"0xFB4"},{"@Name":"CallerProcessName","#text":"C:\Windows\System32\RuntimeBroker.exe"}]}}}
{"Event":{"System":{"Provider":{"@Name":"Microsoft-Windows-Security-Auditing","@Guid":"54849625-5478-4994-a5ba-3e3b0328c30d"},"EventID":"4799","Version":"0","Level":"0","Task":"13826","Opcode":"0","Keywords":"0x8020000000000000","TimeCreated":{"@SystemTime":"2025-05-03 05:37:26.3905844"},"EventRecordID":"95148","Correlation":{"@ActivityID":"1168e054-bb50-0000-2de1-681150bbdb01"},"Execution":{"@ProcessID":"688","@ThreadID":"10832"},"Channel":"Security","Computer":"Server002","Security":null},"EventData":{"Data":[{"@Name":"TargetUserName","#text":"Administrators"},{"@Name":"TargetDomainName","#text":"Builtin"},{"@Name":"TargetSid","#text":"S-1-5-32-544"},{"@Name":"SubjectUserSid","#text":"S-1-5-21-3962163828-2803415714-1403596700-1001"},{"@Name":"SubjectUserName","#text":"lplui"},{"@Name":"SubjectDomainName","#text":"SERVER002"},{"@Name":"SubjectLogonId","#text":"0x39737"},{"@Name":"CallerProcessId","#text":"0xFB4"},{"@Name":"CallerProcessName","#text":"C:\Windows\System32\RuntimeBroker.exe"}]}}}
{"Event":{"System":{"Provider":{"@Name":"Microsoft-Windows-Security-Auditing","@Guid":"54849625-5478-4994-a5ba-3e3b0328c30d"},"EventID":"4799","Version":"0","Level":"0","Task":"13826","Opcode":"0","Keywords":"0x8020000000000000","TimeCreated":{"@SystemTime":"2025-05-03 05:37:26.3943510"},"EventRecordID":"95149","Correlation":{"@ActivityID":"1168e054-bb50-0000-2de1-681150bbdb01"},"Execution":{"@ProcessID":"688","@ThreadID":"10832"},"Channel":"Security","Computer":"Server002","Security":null},"EventData":{"Data":[{"@Name":"TargetUserName","#text":"Administrators"},{"@Name":"TargetDomainName","#text":"Builtin"},{"@Name":"TargetSid","#text":"S-1-5-32-544"},{"@Name":"SubjectUserSid","#text":"S-1-5-21-3962163828-2803415714-1403596700-1001"},{"@Name":"SubjectUserName","#text":"lplui"},{"@Name":"SubjectDomainName","#text":"SERVER002"},{"@Name":"SubjectLogonId","#text":"0x39737"},{"@Name":"CallerProcessId","#text":"0xFB4"},{"@Name":"CallerProcessName","#text":"C:\Windows\System32\RuntimeBroker.exe"}]}}}
{"Event":{"System":{"Provider":{"@Name":"Microsoft-Windows-Security-Auditing","@Guid":"54849625-5478-4994-a5ba-3e3b0328c30d"},"EventID":"4624","Version":"2","Level":"0","Task":"12544","Opcode":"0","Keywords":"0x8020000000000000","TimeCreated":{"@SystemTime":"2025-05-03 05:39:00.0557528"},"EventRecordID":"95150","Correlation":{"@ActivityID":"1168e054-bb50-0000-2de1-681150bbdb01"},"Execution":{"@ProcessID":"688","@ThreadID":"10832"},"Channel":"Security","Computer":"Server002","Security":null},"EventData":{"Data":[{"@Name":"SubjectUserSid","#text":"S-1-5-18"},{"@Name":"SubjectUserName","#text":"SERVER002$"},{"@Name":"SubjectDomainName","#text":"WORKGROUP"},{"@Name":"SubjectLogonId","#text":"0x3E7"},{"@Name":"TargetUserSid","#text":"S-1-5-18"},{"@Name":"TargetUserName","#text":"SYSTEM"},{"@Name":"TargetDomainName","#text":"NT AUTHORITY"},{"@Name":"TargetLogonId","#text":"0x3E7"},{"@Name":"LogonType","#text":"5"},{"@Name":"LogonProcessName","#text":"Advapi"},{"@Name":"AuthenticationPackageName","#text":"Negotiate"},{"@Name":"WorkstationName","#text":"-"},{"@Name":"LogonGuid","#text":"00000000-0000-0000-0000-000000000000"},{"@Name":"TransmittedServices","#text":"-"},{"@Name":"LmPackageName","#text":"-"},{"@Name":"KeyLength","#text":"0"},{"@Name":"ProcessId","#text":"0x2A4"},{"@Name":"ProcessName","#text":"C:\Windows\System32\services.exe"},{"@Name":"IpAddress","#text":"-"},{"@Name":"IpPort","#text":"-"},{"@Name":"ImpersonationLevel","#text":"%%1833"},{"@Name":"RestrictedAdminMode","#text":"-"},{"@Name":"TargetOutboundUserName","#text":"-"},{"@Name":"TargetOutboundDomainName","#text":"-"},{"@Name":"VirtualAccount","#text":"%%1843"},{"@Name":"TargetLinkedLogonId","#text":"0x0"},{"@Name":"ElevatedToken","#text":"%%1842"}]}}}
{"Event":{"System":{"Provider":{"@Name":"Microsoft-Windows-Security-Auditing","@Guid":"54849625-5478-4994-a5ba-3e3b0328c30d"},"EventID":"4672","Version":"0","Level":"0","Task":"12548","Opcode":"0","Keywords":"0x8020000000000000","TimeCreated":{"@SystemTime":"2025-05-03 05:39:00.0557590"},"EventRecordID":"95151","Correlation":{"@ActivityID":"1168e054-bb50-0000-2de1-681150bbdb01"},"Execution":{"@ProcessID":"688","@ThreadID":"10832"},"Channel":"Security","Computer":"Server002","Security":null},"EventData":{"Data":[{"@Name":"SubjectUserSid","#text":"S-1-5-18"},{"@Name":"SubjectUserName","#text":"SYSTEM"},{"@Name":"SubjectDomainName","#text":"NT AUTHORITY"},{"@Name":"SubjectLogonId","#text":"0x3E7"},{"@Name":"PrivilegeList","#text":"SeAssignPrimaryTokenPrivilege, SeTcbPrivilege, SeSecurityPrivilege, SeTakeOwnershipPrivilege, SeLoadDriverPrivilege, SeBackupPrivilege, SeRestorePrivilege, SeDebugPrivilege, SeAuditPrivilege, SeSystemEnvironmentPrivilege, SeImpersonatePrivilege, SeDelegateSessionUserImpersonatePrivilege"}]}}}
{"Event":{"System":{"Provider":{"@Name":"Microsoft-Windows-Security-Auditing","@Guid":"54849625-5478-4994-a5ba-3e3b0328c30d"},"EventID":"5379","Version":"0","Level":"0","Task":"13824","Opcode":"0","Keywords":"0x8020000000000000","TimeCreated":{"@SystemTime":"2025-05-03 05:39:00.2226843"},"EventRecordID":"95152","Correlation":{"@ActivityID":"1168e054-bb50-0000-2de1-681150bbdb01"},"Execution":{"@ProcessID":"688","@ThreadID":"7728"},"Channel":"Security","Computer":"Server002","Security":null},"EventData":{"Data":[{"@Name":"SubjectUserSid","#text":"S-1-5-18"},{"@Name":"SubjectUserName","#text":"SERVER002$"},{"@Name":"SubjectDomainName","#text":"WORKGROUP"},{"@Name":"SubjectLogonId","#text":"0x3E7"},{"@Name":"TargetName","#text":"WindowsLive:(token):name=02dsuvqsngyzxykp;serviceuri=*"},{"@Name":"Type","#text":"0"},{"@Name":"CountOfCredentialsReturned","#text":"0"},{"@Name":"ReadOperation","#text":"%%8100"},{"@Name":"ReturnCode","#text":"3221226021"},{"@Name":"ProcessCreationTime","#text":"2025-05-03 05:39:00.0572313"},{"@Name":"ClientProcessId","#text":"11772"}]}}}
{"Event":{"System":{"Provider":{"@Name":"Microsoft-Windows-Security-Auditing","@Guid":"54849625-5478-4994-a5ba-3e3b0328c30d"},"EventID":"5379","Version":"0","Level":"0","Task":"13824","Opcode":"0","Keywords":"0x8020000000000000","TimeCreated":{"@SystemTime":"2025-05-03 05:39:00.2233521"},"EventRecordID":"95153","Correlation":{"@ActivityID":"1168e054-bb50-0000-2de1-681150bbdb01"},"Execution":{"@ProcessID":"688","@ThreadID":"7728"},"Channel":"Security","Computer":"Server002","Security":null},"EventData":{"Data":[{"@Name":"SubjectUserSid","#text":"S-1-5-18"},{"@Name":"SubjectUserName","#text":"SERVER002$"},{"@Name":"SubjectDomainName","#text":"WORKGROUP"},{"@Name":"SubjectLogonId","#text":"0x3E7"},{"@Name":"TargetName","#text":"WindowsLive:(cert):name=02dsuvqsngyzxykp;serviceuri=*"},{"@Name":"Type","#text":"0"},{"@Name":"CountOfCredentialsReturned","#text":"0"},{"@Name":"ReadOperation","#text":"%%8100"},{"@Name":"ReturnCode","#text":"3221226021"},{"@Name":"ProcessCreationTime","#text":"2025-05-03 05:39:00.0572313"},{"@Name":"ClientProcessId","#text":"11772"}]}}}
{"Event":{"System":{"Provider":{"@Name":"Microsoft-Windows-Security-Auditing","@Guid":"54849625-5478-4994-a5ba-3e3b0328c30d"},"EventID":"5379","Version":"0","Level":"0","Task":"13824","Opcode":"0","Keywords":"0x8020000000000000","TimeCreated":{"@SystemTime":"2025-05-03 05:39:00.2234001"},"EventRecordID":"95154","Correlation":{"@ActivityID":"1168e054-bb50-0000-2de1-681150bbdb01"},"Execution":{"@ProcessID":"688","@ThreadID":"7728"},"Channel":"Security","Computer":"Server002","Security":null},"EventData":{"Data":[{"@Name":"SubjectUserSid","#text":"S-1-5-18"},{"@Name":"SubjectUserName","#text":"SERVER002$"},{"@Name":"SubjectDomainName","#text":"WORKGROUP"},{"@Name":"SubjectLogonId","#text":"0x3E7"},{"@Name":"TargetName","#text":"WindowsLive:target=virtualapp/didlogical"},{"@Name":"Type","#text":"0"},{"@Name":"CountOfCredentialsReturned","#text":"1"},{"@Name":"ReadOperation","#text":"%%8100"},{"@Name":"ReturnCode","#text":"0"},{"@Name":"ProcessCreationTime","#text":"2025-05-03 05:39:00.0572313"},{"@Name":"ClientProcessId","#text":"11772"}]}}}
{"Event":{"System":{"Provider":{"@Name":"Microsoft-Windows-Security-Auditing","@Guid":"54849625-5478-4994-a5ba-3e3b0328c30d"},"EventID":"5379","Version":"0","Level":"0","Task":"13824","Opcode":"0","Keywords":"0x8020000000000000","TimeCreated":{"@SystemTime":"2025-05-03 05:39:00.2300314"},"EventRecordID":"95155","Correlation":{"@ActivityID":"1168e054-bb50-0000-2de1-681150bbdb01"},"Execution":{"@ProcessID":"688","@ThreadID":"7728"},"Channel":"Security","Computer":"Server002","Security":null},"EventData":{"Data":[{"@Name":"SubjectUserSid","#text":"S-1-5-21-3962163828-2803415714-1403596700-1001"},{"@Name":"SubjectUserName","#text":"lplui"},{"@Name":"SubjectDomainName","#text":"SERVER002"},{"@Name":"SubjectLogonId","#text":"0x39737"},{"@Name":"TargetName","#text":"WindowsLive:(token):name=02ofrizxnslvvfxc;serviceuri=*"},{"@Name":"Type","#text":"0"},{"@Name":"CountOfCredentialsReturned","#text":"0"},{"@Name":"ReadOperation","#text":"%%8100"},{"@Name":"ReturnCode","#text":"3221226021"},{"@Name":"ProcessCreationTime","#text":"2025-05-03 05:39:00.0572313"},{"@Name":"ClientProcessId","#text":"11772"}]}}}
{"Event":{"System":{"Provider":{"@Name":"Microsoft-Windows-Security-Auditing","@Guid":"54849625-5478-4994-a5ba-3e3b0328c30d"},"EventID":"5379","Version":"0","Level":"0","Task":"13824","Opcode":"0","Keywords":"0x8020000000000000","TimeCreated":{"@SystemTime":"2025-05-03 05:39:00.2302084"},"EventRecordID":"95156","Correlation":{"@ActivityID":"1168e054-bb50-0000-2de1-681150bbdb01"},"Execution":{"@ProcessID":"688","@ThreadID":"7728"},"Channel":"Security","Computer":"Server002","Security":null},"EventData":{"Data":[{"@Name":"SubjectUserSid","#text":"S-1-5-21-3962163828-2803415714-1403596700-1001"},{"@Name":"SubjectUserName","#text":"lplui"},{"@Name":"SubjectDomainName","#text":"SERVER002"},{"@Name":"SubjectLogonId","#text":"0x39737"},{"@Name":"TargetName","#text":"WindowsLive:(cert):name=02ofrizxnslvvfxc;serviceuri=*"},{"@Name":"Type","#text":"0"},{"@Name":"CountOfCredentialsReturned","#text":"0"},{"@Name":"ReadOperation","#text":"%%8100"},{"@Name":"ReturnCode","#text":"3221226021"},{"@Name":"ProcessCreationTime","#text":"2025-05-03 05:39:00.0572313"},{"@Name":"ClientProcessId","#text":"11772"}]}}}
{"Event":{"System":{"Provider":{"@Name":"Microsoft-Windows-Security-Auditing","@Guid":"54849625-5478-4994-a5ba-3e3b0328c30d"},"EventID":"5379","Version":"0","Level":"0","Task":"13824","Opcode":"0","Keywords":"0x8020000000000000","TimeCreated":{"@SystemTime":"2025-05-03 05:39:00.2302511"},"EventRecordID":"95157","Correlation":{"@ActivityID":"1168e054-bb50-0000-2de1-681150bbdb01"},"Execution":{"@ProcessID":"688","@ThreadID":"7728"},"Channel":"Security","Computer":"Server002","Security":null},"EventData":{"Data":[{"@Name":"SubjectUserSid","#text":"S-1-5-21-3962163828-2803415714-1403596700-1001"},{"@Name":"SubjectUserName","#text":"lplui"},{"@Name":"SubjectDomainName","#text":"SERVER002"},{"@Name":"SubjectLogonId","#text":"0x39737"},{"@Name":"TargetName","#text":"WindowsLive:target=virtualapp/didlogical"},{"@Name":"Type","#text":"0"},{"@Name":"CountOfCredentialsReturned","#text":"1"},{"@Name":"ReadOperation","#text":"%%8100"},{"@Name":"ReturnCode","#text":"0"},{"@Name":"ProcessCreationTime","#text":"2025-05-03 05:39:00.0572313"},{"@Name":"ClientProcessId","#text":"11772"}]}}}
{"Event":{"System":{"Provider":{"@Name":"Microsoft-Windows-Security-Auditing","@Guid":"54849625-5478-4994-a5ba-3e3b0328c30d"},"EventID":"5379","Version":"0","Level":"0","Task":"13824","Opcode":"0","Keywords":"0x8020000000000000","TimeCreated":{"@SystemTime":"2025-05-03 05:39:00.2320721"},"EventRecordID":"95158","Correlation":{"@ActivityID":"1168e054-bb50-0000-2de1-681150bbdb01"},"Execution":{"@ProcessID":"688","@ThreadID":"7728"},"Channel":"Security","Computer":"Server002","Security":null},"EventData":{"Data":[{"@Name":"SubjectUserSid","#text":"S-1-5-21-3962163828-2803415714-1403596700-1001"},{"@Name":"SubjectUserName","#text":"lplui"},{"@Name":"SubjectDomainName","#text":"SERVER002"},{"@Name":"SubjectLogonId","#text":"0x39737"},{"@Name":"TargetName","#text":"MicrosoftAccount:user=lpluigi44@gmail.com"},{"@Name":"Type","#text":"0"},{"@Name":"CountOfCredentialsReturned","#text":"1"},{"@Name":"ReadOperation","#text":"%%8100"},{"@Name":"ReturnCode","#text":"0"},{"@Name":"ProcessCreationTime","#text":"2025-05-03 05:39:00.0572313"},{"@Name":"ClientProcessId","#text":"11772"}]}}}
{"Event":{"System":{"Provider":{"@Name":"Microsoft-Windows-Security-Auditing","@Guid":"54849625-5478-4994-a5ba-3e3b0328c30d"},"EventID":"5379","Version":"0","Level":"0","Task":"13824","Opcode":"0","Keywords":"0x8020000000000000","TimeCreated":{"@SystemTime":"2025-05-03 05:39:00.2334297"},"EventRecordID":"95159","Correlation":{"@ActivityID":"1168e054-bb50-0000-2de1-681150bbdb01"},"Execution":{"@ProcessID":"688","@ThreadID":"7728"},"Channel":"Security","Computer":"Server002","Security":null},"EventData":{"Data":[{"@Name":"SubjectUserSid","#text":"S-1-5-21-3962163828-2803415714-1403596700-1001"},{"@Name":"SubjectUserName","#text":"lplui"},{"@Name":"SubjectDomainName","#text":"SERVER002"},{"@Name":"SubjectLogonId","#text":"0x39737"},{"@Name":"TargetName","#text":"WindowsLive:(token):name=lpluigi44@gmail.com;serviceuri=*"},{"@Name":"Type","#text":"0"},{"@Name":"CountOfCredentialsReturned","#text":"0"},{"@Name":"ReadOperation","#text":"%%8100"},{"@Name":"ReturnCode","#text":"3221226021"},{"@Name":"ProcessCreationTime","#text":"2025-05-03 05:39:00.0572313"},{"@Name":"ClientProcessId","#text":"11772"}]}}}
{"Event":{"System":{"Provider":{"@Name":"Microsoft-Windows-Security-Auditing","@Guid":"54849625-5478-4994-a5ba-3e3b0328c30d"},"EventID":"5379","Version":"0","Level":"0","Task":"13824","Opcode":"0","Keywords":"0x8020000000000000","TimeCreated":{"@SystemTime":"2025-05-03 05:39:00.2334744"},"EventRecordID":"95160","Correlation":{"@ActivityID":"1168e054-bb50-0000-2de1-681150bbdb01"},"Execution":{"@ProcessID":"688","@ThreadID":"7728"},"Channel":"Security","Computer":"Server002","Security":null},"EventData":{"Data":[{"@Name":"SubjectUserSid","#text":"S-1-5-21-3962163828-2803415714-1403596700-1001"},{"@Name":"SubjectUserName","#text":"lplui"},{"@Name":"SubjectDomainName","#text":"SERVER002"},{"@Name":"SubjectLogonId","#text":"0x39737"},{"@Name":"TargetName","#text":"WindowsLive:(cert):name=lpluigi44@gmail.com;serviceuri=*"},{"@Name":"Type","#text":"0"},{"@Name":"CountOfCredentialsReturned","#text":"0"},{"@Name":"ReadOperation","#text":"%%8100"},{"@Name":"ReturnCode","#text":"3221226021"},{"@Name":"ProcessCreationTime","#text":"2025-05-03 05:39:00.0572313"},{"@Name":"ClientProcessId","#text":"11772"}]}}}
{"Event":{"System":{"Provider":{"@Name":"Microsoft-Windows-Security-Auditing","@Guid":"54849625-5478-4994-a5ba-3e3b0328c30d"},"EventID":"4624","Version":"2","Level":"0","Task":"12544","Opcode":"0","Keywords":"0x8020000000000000","TimeCreated":{"@SystemTime":"2025-05-03 05:39:02.8590154"},"EventRecordID":"95161","Correlation":{"@ActivityID":"1168e054-bb50-0000-2de1-681150bbdb01"},"Execution":{"@ProcessID":"688","@ThreadID":"736"},"Channel":"Security","Computer":"Server002","Security":null},"EventData":{"Data":[{"@Name":"SubjectUserSid","#text":"S-1-5-18"},{"@Name":"SubjectUserName","#text":"SERVER002$"},{"@Name":"SubjectDomainName","#text":"WORKGROUP"},{"@Name":"SubjectLogonId","#text":"0x3E7"},{"@Name":"TargetUserSid","#text":"S-1-5-18"},{"@Name":"TargetUserName","#text":"SYSTEM"},{"@Name":"TargetDomainName","#text":"NT AUTHORITY"},{"@Name":"TargetLogonId","#text":"0x3E7"},{"@Name":"LogonType","#text":"5"},{"@Name":"LogonProcessName","#text":"Advapi"},{"@Name":"AuthenticationPackageName","#text":"Negotiate"},{"@Name":"WorkstationName","#text":"-"},{"@Name":"LogonGuid","#text":"00000000-0000-0000-0000-000000000000"},{"@Name":"TransmittedServices","#text":"-"},{"@Name":"LmPackageName","#text":"-"},{"@Name":"KeyLength","#text":"0"},{"@Name":"ProcessId","#text":"0x2A4"},{"@Name":"ProcessName","#text":"C:\Windows\System32\services.exe"},{"@Name":"IpAddress","#text":"-"},{"@Name":"IpPort","#text":"-"},{"@Name":"ImpersonationLevel","#text":"%%1833"},{"@Name":"RestrictedAdminMode","#text":"-"},{"@Name":"TargetOutboundUserName","#text":"-"},{"@Name":"TargetOutboundDomainName","#text":"-"},{"@Name":"VirtualAccount","#text":"%%1843"},{"@Name":"TargetLinkedLogonId","#text":"0x0"},{"@Name":"ElevatedToken","#text":"%%1842"}]}}}
{"Event":{"System":{"Provider":{"@Name":"Microsoft-Windows-Security-Auditing","@Guid":"54849625-5478-4994-a5ba-3e3b0328c30d"},"EventID":"4672","Version":"0","Level":"0","Task":"12548","Opcode":"0","Keywords":"0x8020000000000000","TimeCreated":{"@SystemTime":"2025-05-03 05:39:02.8590211"},"EventRecordID":"95162","Correlation":{"@ActivityID":"1168e054-bb50-0000-2de1-681150bbdb01"},"Execution":{"@ProcessID":"688","@ThreadID":"736"},"Channel":"Security","Computer":"Server002","Security":null},"EventData":{"Data":[{"@Name":"SubjectUserSid","#text":"S-1-5-18"},{"@Name":"SubjectUserName","#text":"SYSTEM"},{"@Name":"SubjectDomainName","#text":"NT AUTHORITY"},{"@Name":"SubjectLogonId","#text":"0x3E7"},{"@Name":"PrivilegeList","#text":"SeAssignPrimaryTokenPrivilege, SeTcbPrivilege, SeSecurityPrivilege, SeTakeOwnershipPrivilege, SeLoadDriverPrivilege, SeBackupPrivilege, SeRestorePrivilege, SeDebugPrivilege, SeAuditPrivilege, SeSystemEnvironmentPrivilege, SeImpersonatePrivilege, SeDelegateSessionUserImpersonatePrivilege"}]}}}
{"Event":{"System":{"Provider":{"@Name":"Microsoft-Windows-Security-Auditing","@Guid":"54849625-5478-4994-a5ba-3e3b0328c30d"},"EventID":"4798","Version":"0","Level":"0","Task":"13824","Opcode":"0","Keywords":"0x8020000000000000","TimeCreated":{"@SystemTime":"2025-05-03 05:40:41.0539687"},"EventRecordID":"95163","Correlation":{"@ActivityID":"1168e054-bb50-0000-2de1-681150bbdb01"},"Execution":{"@ProcessID":"688","@ThreadID":"10832"},"Channel":"Security","Computer":"Server002","Security":null},"EventData":{"Data":[{"@Name":"TargetUserName","#text":"Administrator"},{"@Name":"TargetDomainName","#text":"SERVER002"},{"@Name":"TargetSid","#text":"S-1-5-21-3962163828-2803415714-1403596700-500"},{"@Name":"SubjectUserSid","#text":"S-1-5-18"},{"@Name":"SubjectUserName","#text":"SERVER002$"},{"@Name":"SubjectDomainName","#text":"WORKGROUP"},{"@Name":"SubjectLogonId","#text":"0x3E7"},{"@Name":"CallerProcessId","#text":"0xC90"},{"@Name":"CallerProcessName","#text":"C:\Program Files\Malwarebytes\Anti-Malware\MBAMService.exe"}]}}}
{"Event":{"System":{"Provider":{"@Name":"Microsoft-Windows-Security-Auditing","@Guid":"54849625-5478-4994-a5ba-3e3b0328c30d"},"EventID":"4798","Version":"0","Level":"0","Task":"13824","Opcode":"0","Keywords":"0x8020000000000000","TimeCreated":{"@SystemTime":"2025-05-03 05:40:41.0544133"},"EventRecordID":"95164","Correlation":{"@ActivityID":"1168e054-bb50-0000-2de1-681150bbdb01"},"Execution":{"@ProcessID":"688","@ThreadID":"10832"},"Channel":"Security","Computer":"Server002","Security":null},"EventData":{"Data":[{"@Name":"TargetUserName","#text":"admin_test"},{"@Name":"TargetDomainName","#text":"SERVER002"},{"@Name":"TargetSid","#text":"S-1-5-21-3962163828-2803415714-1403596700-1006"},{"@Name":"SubjectUserSid","#text":"S-1-5-18"},{"@Name":"SubjectUserName","#text":"SERVER002$"},{"@Name":"SubjectDomainName","#text":"WORKGROUP"},{"@Name":"SubjectLogonId","#text":"0x3E7"},{"@Name":"CallerProcessId","#text":"0xC90"},{"@Name":"CallerProcessName","#text":"C:\Program Files\Malwarebytes\Anti-Malware\MBAMService.exe"}]}}}
{"Event":{"System":{"Provider":{"@Name":"Microsoft-Windows-Security-Auditing","@Guid":"54849625-5478-4994-a5ba-3e3b0328c30d"},"EventID":"4798","Version":"0","Level":"0","Task":"13824","Opcode":"0","Keywords":"0x8020000000000000","TimeCreated":{"@SystemTime":"2025-05-03 05:40:41.0547784"},"EventRecordID":"95165","Correlation":{"@ActivityID":"1168e054-bb50-0000-2de1-681150bbdb01"},"Execution":{"@ProcessID":"688","@ThreadID":"10832"},"Channel":"Security","Computer":"Server002","Security":null},"EventData":{"Data":[{"@Name":"TargetUserName","#text":"DefaultAccount"},{"@Name":"TargetDomainName","#text":"SERVER002"},{"@Name":"TargetSid","#text":"S-1-5-21-3962163828-2803415714-1403596700-503"},{"@Name":"SubjectUserSid","#text":"S-1-5-18"},{"@Name":"SubjectUserName","#text":"SERVER002$"},{"@Name":"SubjectDomainName","#text":"WORKGROUP"},{"@Name":"SubjectLogonId","#text":"0x3E7"},{"@Name":"CallerProcessId","#text":"0xC90"},{"@Name":"CallerProcessName","#text":"C:\Program Files\Malwarebytes\Anti-Malware\MBAMService.exe"}]}}}
{"Event":{"System":{"Provider":{"@Name":"Microsoft-Windows-Security-Auditing","@Guid":"54849625-5478-4994-a5ba-3e3b0328c30d"},"EventID":"4798","Version":"0","Level":"0","Task":"13824","Opcode":"0","Keywords":"0x8020000000000000","TimeCreated":{"@SystemTime":"2025-05-03 05:40:41.0551022"},"EventRecordID":"95166","Correlation":{"@ActivityID":"1168e054-bb50-0000-2de1-681150bbdb01"},"Execution":{"@ProcessID":"688","@ThreadID":"10832"},"Channel":"Security","Computer":"Server002","Security":null},"EventData":{"Data":[{"@Name":"TargetUserName","#text":"Guest"},{"@Name":"TargetDomainName","#text":"SERVER002"},{"@Name":"TargetSid","#text":"S-1-5-21-3962163828-2803415714-1403596700-501"},{"@Name":"SubjectUserSid","#text":"S-1-5-18"},{"@Name":"SubjectUserName","#text":"SERVER002$"},{"@Name":"SubjectDomainName","#text":"WORKGROUP"},{"@Name":"SubjectLogonId","#text":"0x3E7"},{"@Name":"CallerProcessId","#text":"0xC90"},{"@Name":"CallerProcessName","#text":"C:\Program Files\Malwarebytes\Anti-Malware\MBAMService.exe"}]}}}
{"Event":{"System":{"Provider":{"@Name":"Microsoft-Windows-Security-Auditing","@Guid":"54849625-5478-4994-a5ba-3e3b0328c30d"},"EventID":"4798","Version":"0","Level":"0","Task":"13824","Opcode":"0","Keywords":"0x8020000000000000","TimeCreated":{"@SystemTime":"2025-05-03 05:40:41.0554285"},"EventRecordID":"95167","Correlation":{"@ActivityID":"1168e054-bb50-0000-2de1-681150bbdb01"},"Execution":{"@ProcessID":"688","@ThreadID":"10832"},"Channel":"Security","Computer":"Server002","Security":null},"EventData":{"Data":[{"@Name":"TargetUserName","#text":"lplui"},{"@Name":"TargetDomainName","#text":"SERVER002"},{"@Name":"TargetSid","#text":"S-1-5-21-3962163828-2803415714-1403596700-1001"},{"@Name":"SubjectUserSid","#text":"S-1-5-18"},{"@Name":"SubjectUserName","#text":"SERVER002$"},{"@Name":"SubjectDomainName","#text":"WORKGROUP"},{"@Name":"SubjectLogonId","#text":"0x3E7"},{"@Name":"CallerProcessId","#text":"0xC90"},{"@Name":"CallerProcessName","#text":"C:\Program Files\Malwarebytes\Anti-Malware\MBAMService.exe"}]}}}
{"Event":{"System":{"Provider":{"@Name":"Microsoft-Windows-Security-Auditing","@Guid":"54849625-5478-4994-a5ba-3e3b0328c30d"},"EventID":"4798","Version":"0","Level":"0","Task":"13824","Opcode":"0","Keywords":"0x8020000000000000","TimeCreated":{"@SystemTime":"2025-05-03 05:40:41.0557881"},"EventRecordID":"95168","Correlation":{"@ActivityID":"1168e054-bb50-0000-2de1-681150bbdb01"},"Execution":{"@ProcessID":"688","@ThreadID":"10832"},"Channel":"Security","Computer":"Server002","Security":null},"EventData":{"Data":[{"@Name":"TargetUserName","#text":"sshd"},{"@Name":"TargetDomainName","#text":"SERVER002"},{"@Name":"TargetSid","#text":"S-1-5-21-3962163828-2803415714-1403596700-1002"},{"@Name":"SubjectUserSid","#text":"S-1-5-18"},{"@Name":"SubjectUserName","#text":"SERVER002$"},{"@Name":"SubjectDomainName","#text":"WORKGROUP"},{"@Name":"SubjectLogonId","#text":"0x3E7"},{"@Name":"CallerProcessId","#text":"0xC90"},{"@Name":"CallerProcessName","#text":"C:\Program Files\Malwarebytes\Anti-Malware\MBAMService.exe"}]}}}
{"Event":{"System":{"Provider":{"@Name":"Microsoft-Windows-Security-Auditing","@Guid":"54849625-5478-4994-a5ba-3e3b0328c30d"},"EventID":"4798","Version":"0","Level":"0","Task":"13824","Opcode":"0","Keywords":"0x8020000000000000","TimeCreated":{"@SystemTime":"2025-05-03 05:40:41.0561599"},"EventRecordID":"95169","Correlation":{"@ActivityID":"1168e054-bb50-0000-2de1-681150bbdb01"},"Execution":{"@ProcessID":"688","@ThreadID":"10832"},"Channel":"Security","Computer":"Server002","Security":null},"EventData":{"Data":[{"@Name":"TargetUserName","#text":"testing"},{"@Name":"TargetDomainName","#text":"SERVER002"},{"@Name":"TargetSid","#text":"S-1-5-21-3962163828-2803415714-1403596700-1005"},{"@Name":"SubjectUserSid","#text":"S-1-5-18"},{"@Name":"SubjectUserName","#text":"SERVER002$"},{"@Name":"SubjectDomainName","#text":"WORKGROUP"},{"@Name":"SubjectLogonId","#text":"0x3E7"},{"@Name":"CallerProcessId","#text":"0xC90"},{"@Name":"CallerProcessName","#text":"C:\Program Files\Malwarebytes\Anti-Malware\MBAMService.exe"}]}}}
{"Event":{"System":{"Provider":{"@Name":"Microsoft-Windows-Security-Auditing","@Guid":"54849625-5478-4994-a5ba-3e3b0328c30d"},"EventID":"4798","Version":"0","Level":"0","Task":"13824","Opcode":"0","Keywords":"0x8020000000000000","TimeCreated":{"@SystemTime":"2025-05-03 05:40:41.0564852"},"EventRecordID":"95170","Correlation":{"@ActivityID":"1168e054-bb50-0000-2de1-681150bbdb01"},"Execution":{"@ProcessID":"688","@ThreadID":"10832"},"Channel":"Security","Computer":"Server002","Security":null},"EventData":{"Data":[{"@Name":"TargetUserName","#text":"WDAGUtilityAccount"},{"@Name":"TargetDomainName","#text":"SERVER002"},{"@Name":"TargetSid","#text":"S-1-5-21-3962163828-2803415714-1403596700-504"},{"@Name":"SubjectUserSid","#text":"S-1-5-18"},{"@Name":"SubjectUserName","#text":"SERVER002$"},{"@Name":"SubjectDomainName","#text":"WORKGROUP"},{"@Name":"SubjectLogonId","#text":"0x3E7"},{"@Name":"CallerProcessId","#text":"0xC90"},{"@Name":"CallerProcessName","#text":"C:\Program Files\Malwarebytes\Anti-Malware\MBAMService.exe"}]}}}
{"Event":{"System":{"Provider":{"@Name":"Microsoft-Windows-Security-Auditing","@Guid":"54849625-5478-4994-a5ba-3e3b0328c30d"},"EventID":"4798","Version":"0","Level":"0","Task":"13824","Opcode":"0","Keywords":"0x8020000000000000","TimeCreated":{"@SystemTime":"2025-05-03 05:40:41.0577434"},"EventRecordID":"95171","Correlation":{"@ActivityID":"1168e054-bb50-0000-2de1-681150bbdb01"},"Execution":{"@ProcessID":"688","@ThreadID":"10832"},"Channel":"Security","Computer":"Server002","Security":null},"EventData":{"Data":[{"@Name":"TargetUserName","#text":"admin_test"},{"@Name":"TargetDomainName","#text":"SERVER002"},{"@Name":"TargetSid","#text":"S-1-5-21-3962163828-2803415714-1403596700-1006"},{"@Name":"SubjectUserSid","#text":"S-1-5-18"},{"@Name":"SubjectUserName","#text":"SERVER002$"},{"@Name":"SubjectDomainName","#text":"WORKGROUP"},{"@Name":"SubjectLogonId","#text":"0x3E7"},{"@Name":"CallerProcessId","#text":"0xC90"},{"@Name":"CallerProcessName","#text":"C:\Program Files\Malwarebytes\Anti-Malware\MBAMService.exe"}]}}}
{"Event":{"System":{"Provider":{"@Name":"Microsoft-Windows-Security-Auditing","@Guid":"54849625-5478-4994-a5ba-3e3b0328c30d"},"EventID":"4798","Version":"0","Level":"0","Task":"13824","Opcode":"0","Keywords":"0x8020000000000000","TimeCreated":{"@SystemTime":"2025-05-03 05:40:41.0654061"},"EventRecordID":"95172","Correlation":{"@ActivityID":"1168e054-bb50-0000-2de1-681150bbdb01"},"Execution":{"@ProcessID":"688","@ThreadID":"10832"},"Channel":"Security","Computer":"Server002","Security":null},"EventData":{"Data":[{"@Name":"TargetUserName","#text":"DefaultAccount"},{"@Name":"TargetDomainName","#text":"SERVER002"},{"@Name":"TargetSid","#text":"S-1-5-21-3962163828-2803415714-1403596700-503"},{"@Name":"SubjectUserSid","#text":"S-1-5-18"},{"@Name":"SubjectUserName","#text":"SERVER002$"},{"@Name":"SubjectDomainName","#text":"WORKGROUP"},{"@Name":"SubjectLogonId","#text":"0x3E7"},{"@Name":"CallerProcessId","#text":"0xC90"},{"@Name":"CallerProcessName","#text":"C:\Program Files\Malwarebytes\Anti-Malware\MBAMService.exe"}]}}}
{"Event":{"System":{"Provider":{"@Name":"Microsoft-Windows-Security-Auditing","@Guid":"54849625-5478-4994-a5ba-3e3b0328c30d"},"EventID":"4798","Version":"0","Level":"0","Task":"13824","Opcode":"0","Keywords":"0x8020000000000000","TimeCreated":{"@SystemTime":"2025-05-03 05:40:41.0674056"},"EventRecordID":"95173","Correlation":{"@ActivityID":"1168e054-bb50-0000-2de1-681150bbdb01"},"Execution":{"@ProcessID":"688","@ThreadID":"10832"},"Channel":"Security","Computer":"Server002","Security":null},"EventData":{"Data":[{"@Name":"TargetUserName","#text":"lplui"},{"@Name":"TargetDomainName","#text":"SERVER002"},{"@Name":"TargetSid","#text":"S-1-5-21-3962163828-2803415714-1403596700-1001"},{"@Name":"SubjectUserSid","#text":"S-1-5-18"},{"@Name":"SubjectUserName","#text":"SERVER002$"},{"@Name":"SubjectDomainName","#text":"WORKGROUP"},{"@Name":"SubjectLogonId","#text":"0x3E7"},{"@Name":"CallerProcessId","#text":"0xC90"},{"@Name":"CallerProcessName","#text":"C:\Program Files\Malwarebytes\Anti-Malware\MBAMService.exe"}]}}}
{"Event":{"System":{"Provider":{"@Name":"Microsoft-Windows-Security-Auditing","@Guid":"54849625-5478-4994-a5ba-3e3b0328c30d"},"EventID":"4798","Version":"0","Level":"0","Task":"13824","Opcode":"0","Keywords":"0x8020000000000000","TimeCreated":{"@SystemTime":"2025-05-03 05:40:41.0681931"},"EventRecordID":"95174","Correlation":{"@ActivityID":"1168e054-bb50-0000-2de1-681150bbdb01"},"Execution":{"@ProcessID":"688","@ThreadID":"10832"},"Channel":"Security","Computer":"Server002","Security":null},"EventData":{"Data":[{"@Name":"TargetUserName","#text":"sshd"},{"@Name":"TargetDomainName","#text":"SERVER002"},{"@Name":"TargetSid","#text":"S-1-5-21-3962163828-2803415714-1403596700-1002"},{"@Name":"SubjectUserSid","#text":"S-1-5-18"},{"@Name":"SubjectUserName","#text":"SERVER002$"},{"@Name":"SubjectDomainName","#text":"WORKGROUP"},{"@Name":"SubjectLogonId","#text":"0x3E7"},{"@Name":"CallerProcessId","#text":"0xC90"},{"@Name":"CallerProcessName","#text":"C:\Program Files\Malwarebytes\Anti-Malware\MBAMService.exe"}]}}}
{"Event":{"System":{"Provider":{"@Name":"Microsoft-Windows-Security-Auditing","@Guid":"54849625-5478-4994-a5ba-3e3b0328c30d"},"EventID":"4798","Version":"0","Level":"0","Task":"13824","Opcode":"0","Keywords":"0x8020000000000000","TimeCreated":{"@SystemTime":"2025-05-03 05:40:41.0688939"},"EventRecordID":"95175","Correlation":{"@ActivityID":"1168e054-bb50-0000-2de1-681150bbdb01"},"Execution":{"@ProcessID":"688","@ThreadID":"10832"},"Channel":"Security","Computer":"Server002","Security":null},"EventData":{"Data":[{"@Name":"TargetUserName","#text":"testing"},{"@Name":"TargetDomainName","#text":"SERVER002"},{"@Name":"TargetSid","#text":"S-1-5-21-3962163828-2803415714-1403596700-1005"},{"@Name":"SubjectUserSid","#text":"S-1-5-18"},{"@Name":"SubjectUserName","#text":"SERVER002$"},{"@Name":"SubjectDomainName","#text":"WORKGROUP"},{"@Name":"SubjectLogonId","#text":"0x3E7"},{"@Name":"CallerProcessId","#text":"0xC90"},{"@Name":"CallerProcessName","#text":"C:\Program Files\Malwarebytes\Anti-Malware\MBAMService.exe"}]}}}
{"Event":{"System":{"Provider":{"@Name":"Microsoft-Windows-Security-Auditing","@Guid":"54849625-5478-4994-a5ba-3e3b0328c30d"},"EventID":"4798","Version":"0","Level":"0","Task":"13824","Opcode":"0","Keywords":"0x8020000000000000","TimeCreated":{"@SystemTime":"2025-05-03 05:40:41.0701995"},"EventRecordID":"95176","Correlation":{"@ActivityID":"1168e054-bb50-0000-2de1-681150bbdb01"},"Execution":{"@ProcessID":"688","@ThreadID":"10832"},"Channel":"Security","Computer":"Server002","Security":null},"EventData":{"Data":[{"@Name":"TargetUserName","#text":"WDAGUtilityAccount"},{"@Name":"TargetDomainName","#text":"SERVER002"},{"@Name":"TargetSid","#text":"S-1-5-21-3962163828-2803415714-1403596700-504"},{"@Name":"SubjectUserSid","#text":"S-1-5-18"},{"@Name":"SubjectUserName","#text":"SERVER002$"},{"@Name":"SubjectDomainName","#text":"WORKGROUP"},{"@Name":"SubjectLogonId","#text":"0x3E7"},{"@Name":"CallerProcessId","#text":"0xC90"},{"@Name":"CallerProcessName","#text":"C:\Program Files\Malwarebytes\Anti-Malware\MBAMService.exe"}]}}}
{"Event":{"System":{"Provider":{"@Name":"Microsoft-Windows-Security-Auditing","@Guid":"54849625-5478-4994-a5ba-3e3b0328c30d"},"EventID":"4624","Version":"2","Level":"0","Task":"12544","Opcode":"0","Keywords":"0x8020000000000000","TimeCreated":{"@SystemTime":"2025-05-03 05:40:56.3451878"},"EventRecordID":"95177","Correlation":{"@ActivityID":"1168e054-bb50-0000-2de1-681150bbdb01"},"Execution":{"@ProcessID":"688","@ThreadID":"736"},"Channel":"Security","Computer":"Server002","Security":null},"EventData":{"Data":[{"@Name":"SubjectUserSid","#text":"S-1-5-18"},{"@Name":"SubjectUserName","#text":"SERVER002$"},{"@Name":"SubjectDomainName","#text":"WORKGROUP"},{"@Name":"SubjectLogonId","#text":"0x3E7"},{"@Name":"TargetUserSid","#text":"S-1-5-18"},{"@Name":"TargetUserName","#text":"SYSTEM"},{"@Name":"TargetDomainName","#text":"NT AUTHORITY"},{"@Name":"TargetLogonId","#text":"0x3E7"},{"@Name":"LogonType","#text":"5"},{"@Name":"LogonProcessName","#text":"Advapi"},{"@Name":"AuthenticationPackageName","#text":"Negotiate"},{"@Name":"WorkstationName","#text":"-"},{"@Name":"LogonGuid","#text":"00000000-0000-0000-0000-000000000000"},{"@Name":"TransmittedServices","#text":"-"},{"@Name":"LmPackageName","#text":"-"},{"@Name":"KeyLength","#text":"0"},{"@Name":"ProcessId","#text":"0x2A4"},{"@Name":"ProcessName","#text":"C:\Windows\System32\services.exe"},{"@Name":"IpAddress","#text":"-"},{"@Name":"IpPort","#text":"-"},{"@Name":"ImpersonationLevel","#text":"%%1833"},{"@Name":"RestrictedAdminMode","#text":"-"},{"@Name":"TargetOutboundUserName","#text":"-"},{"@Name":"TargetOutboundDomainName","#text":"-"},{"@Name":"VirtualAccount","#text":"%%1843"},{"@Name":"TargetLinkedLogonId","#text":"0x0"},{"@Name":"ElevatedToken","#text":"%%1842"}]}}}
{"Event":{"System":{"Provider":{"@Name":"Microsoft-Windows-Security-Auditing","@Guid":"54849625-5478-4994-a5ba-3e3b0328c30d"},"EventID":"4672","Version":"0","Level":"0","Task":"12548","Opcode":"0","Keywords":"0x8020000000000000","TimeCreated":{"@SystemTime":"2025-05-03 05:40:56.3451975"},"EventRecordID":"95178","Correlation":{"@ActivityID":"1168e054-bb50-0000-2de1-681150bbdb01"},"Execution":{"@ProcessID":"688","@ThreadID":"736"},"Channel":"Security","Computer":"Server002","Security":null},"EventData":{"Data":[{"@Name":"SubjectUserSid","#text":"S-1-5-18"},{"@Name":"SubjectUserName","#text":"SYSTEM"},{"@Name":"SubjectDomainName","#text":"NT AUTHORITY"},{"@Name":"SubjectLogonId","#text":"0x3E7"},{"@Name":"PrivilegeList","#text":"SeAssignPrimaryTokenPrivilege, SeTcbPrivilege, SeSecurityPrivilege, SeTakeOwnershipPrivilege, SeLoadDriverPrivilege, SeBackupPrivilege, SeRestorePrivilege, SeDebugPrivilege, SeAuditPrivilege, SeSystemEnvironmentPrivilege, SeImpersonatePrivilege, SeDelegateSessionUserImpersonatePrivilege"}]}}}
{"Event":{"System":{"Provider":{"@Name":"Microsoft-Windows-Security-Auditing","@Guid":"54849625-5478-4994-a5ba-3e3b0328c30d"},"EventID":"4798","Version":"0","Level":"0","Task":"13824","Opcode":"0","Keywords":"0x8020000000000000","TimeCreated":{"@SystemTime":"2025-05-03 05:45:37.2892641"},"EventRecordID":"95179","Correlation":{"@ActivityID":"1168e054-bb50-0000-2de1-681150bbdb01"},"Execution":{"@ProcessID":"688","@ThreadID":"736"},"Channel":"Security","Computer":"Server002","Security":null},"EventData":{"Data":[{"@Name":"TargetUserName","#text":"Administrator"},{"@Name":"TargetDomainName","#text":"SERVER002"},{"@Name":"TargetSid","#text":"S-1-5-21-3962163828-2803415714-1403596700-500"},{"@Name":"SubjectUserSid","#text":"S-1-5-18"},{"@Name":"SubjectUserName","#text":"SERVER002$"},{"@Name":"SubjectDomainName","#text":"WORKGROUP"},{"@Name":"SubjectLogonId","#text":"0x3E7"},{"@Name":"CallerProcessId","#text":"0xC90"},{"@Name":"CallerProcessName","#text":"C:\Program Files\Malwarebytes\Anti-Malware\MBAMService.exe"}]}}}
{"Event":{"System":{"Provider":{"@Name":"Microsoft-Windows-Security-Auditing","@Guid":"54849625-5478-4994-a5ba-3e3b0328c30d"},"EventID":"4798","Version":"0","Level":"0","Task":"13824","Opcode":"0","Keywords":"0x8020000000000000","TimeCreated":{"@SystemTime":"2025-05-03 05:45:37.2895372"},"EventRecordID":"95180","Correlation":{"@ActivityID":"1168e054-bb50-0000-2de1-681150bbdb01"},"Execution":{"@ProcessID":"688","@ThreadID":"736"},"Channel":"Security","Computer":"Server002","Security":null},"EventData":{"Data":[{"@Name":"TargetUserName","#text":"admin_test"},{"@Name":"TargetDomainName","#text":"SERVER002"},{"@Name":"TargetSid","#text":"S-1-5-21-3962163828-2803415714-1403596700-1006"},{"@Name":"SubjectUserSid","#text":"S-1-5-18"},{"@Name":"SubjectUserName","#text":"SERVER002$"},{"@Name":"SubjectDomainName","#text":"WORKGROUP"},{"@Name":"SubjectLogonId","#text":"0x3E7"},{"@Name":"CallerProcessId","#text":"0xC90"},{"@Name":"CallerProcessName","#text":"C:\Program Files\Malwarebytes\Anti-Malware\MBAMService.exe"}]}}}
{"Event":{"System":{"Provider":{"@Name":"Microsoft-Windows-Security-Auditing","@Guid":"54849625-5478-4994-a5ba-3e3b0328c30d"},"EventID":"4798","Version":"0","Level":"0","Task":"13824","Opcode":"0","Keywords":"0x8020000000000000","TimeCreated":{"@SystemTime":"2025-05-03 05:45:37.2896843"},"EventRecordID":"95181","Correlation":{"@ActivityID":"1168e054-bb50-0000-2de1-681150bbdb01"},"Execution":{"@ProcessID":"688","@ThreadID":"736"},"Channel":"Security","Computer":"Server002","Security":null},"EventData":{"Data":[{"@Name":"TargetUserName","#text":"DefaultAccount"},{"@Name":"TargetDomainName","#text":"SERVER002"},{"@Name":"TargetSid","#text":"S-1-5-21-3962163828-2803415714-1403596700-503"},{"@Name":"SubjectUserSid","#text":"S-1-5-18"},{"@Name":"SubjectUserName","#text":"SERVER002$"},{"@Name":"SubjectDomainName","#text":"WORKGROUP"},{"@Name":"SubjectLogonId","#text":"0x3E7"},{"@Name":"CallerProcessId","#text":"0xC90"},{"@Name":"CallerProcessName","#text":"C:\Program Files\Malwarebytes\Anti-Malware\MBAMService.exe"}]}}}
{"Event":{"System":{"Provider":{"@Name":"Microsoft-Windows-Security-Auditing","@Guid":"54849625-5478-4994-a5ba-3e3b0328c30d"},"EventID":"4798","Version":"0","Level":"0","Task":"13824","Opcode":"0","Keywords":"0x8020000000000000","TimeCreated":{"@SystemTime":"2025-05-03 05:45:37.2898216"},"EventRecordID":"95182","Correlation":{"@ActivityID":"1168e054-bb50-0000-2de1-681150bbdb01"},"Execution":{"@ProcessID":"688","@ThreadID":"736"},"Channel":"Security","Computer":"Server002","Security":null},"EventData":{"Data":[{"@Name":"TargetUserName","#text":"Guest"},{"@Name":"TargetDomainName","#text":"SERVER002"},{"@Name":"TargetSid","#text":"S-1-5-21-3962163828-2803415714-1403596700-501"},{"@Name":"SubjectUserSid","#text":"S-1-5-18"},{"@Name":"SubjectUserName","#text":"SERVER002$"},{"@Name":"SubjectDomainName","#text":"WORKGROUP"},{"@Name":"SubjectLogonId","#text":"0x3E7"},{"@Name":"CallerProcessId","#text":"0xC90"},{"@Name":"CallerProcessName","#text":"C:\Program Files\Malwarebytes\Anti-Malware\MBAMService.exe"}]}}}
{"Event":{"System":{"Provider":{"@Name":"Microsoft-Windows-Security-Auditing","@Guid":"54849625-5478-4994-a5ba-3e3b0328c30d"},"EventID":"4798","Version":"0","Level":"0","Task":"13824","Opcode":"0","Keywords":"0x8020000000000000","TimeCreated":{"@SystemTime":"2025-05-03 05:45:37.2899733"},"EventRecordID":"95183","Correlation":{"@ActivityID":"1168e054-bb50-0000-2de1-681150bbdb01"},"Execution":{"@ProcessID":"688","@ThreadID":"736"},"Channel":"Security","Computer":"Server002","Security":null},"EventData":{"Data":[{"@Name":"TargetUserName","#text":"lplui"},{"@Name":"TargetDomainName","#text":"SERVER002"},{"@Name":"TargetSid","#text":"S-1-5-21-3962163828-2803415714-1403596700-1001"},{"@Name":"SubjectUserSid","#text":"S-1-5-18"},{"@Name":"SubjectUserName","#text":"SERVER002$"},{"@Name":"SubjectDomainName","#text":"WORKGROUP"},{"@Name":"SubjectLogonId","#text":"0x3E7"},{"@Name":"CallerProcessId","#text":"0xC90"},{"@Name":"CallerProcessName","#text":"C:\Program Files\Malwarebytes\Anti-Malware\MBAMService.exe"}]}}}
{"Event":{"System":{"Provider":{"@Name":"Microsoft-Windows-Security-Auditing","@Guid":"54849625-5478-4994-a5ba-3e3b0328c30d"},"EventID":"4798","Version":"0","Level":"0","Task":"13824","Opcode":"0","Keywords":"0x8020000000000000","TimeCreated":{"@SystemTime":"2025-05-03 05:45:37.2901216"},"EventRecordID":"95184","Correlation":{"@ActivityID":"1168e054-bb50-0000-2de1-681150bbdb01"},"Execution":{"@ProcessID":"688","@ThreadID":"736"},"Channel":"Security","Computer":"Server002","Security":null},"EventData":{"Data":[{"@Name":"TargetUserName","#text":"sshd"},{"@Name":"TargetDomainName","#text":"SERVER002"},{"@Name":"TargetSid","#text":"S-1-5-21-3962163828-2803415714-1403596700-1002"},{"@Name":"SubjectUserSid","#text":"S-1-5-18"},{"@Name":"SubjectUserName","#text":"SERVER002$"},{"@Name":"SubjectDomainName","#text":"WORKGROUP"},{"@Name":"SubjectLogonId","#text":"0x3E7"},{"@Name":"CallerProcessId","#text":"0xC90"},{"@Name":"CallerProcessName","#text":"C:\Program Files\Malwarebytes\Anti-Malware\MBAMService.exe"}]}}}
{"Event":{"System":{"Provider":{"@Name":"Microsoft-Windows-Security-Auditing","@Guid":"54849625-5478-4994-a5ba-3e3b0328c30d"},"EventID":"4798","Version":"0","Level":"0","Task":"13824","Opcode":"0","Keywords":"0x8020000000000000","TimeCreated":{"@SystemTime":"2025-05-03 05:45:37.2903201"},"EventRecordID":"95185","Correlation":{"@ActivityID":"1168e054-bb50-0000-2de1-681150bbdb01"},"Execution":{"@ProcessID":"688","@ThreadID":"736"},"Channel":"Security","Computer":"Server002","Security":null},"EventData":{"Data":[{"@Name":"TargetUserName","#text":"testing"},{"@Name":"TargetDomainName","#text":"SERVER002"},{"@Name":"TargetSid","#text":"S-1-5-21-3962163828-2803415714-1403596700-1005"},{"@Name":"SubjectUserSid","#text":"S-1-5-18"},{"@Name":"SubjectUserName","#text":"SERVER002$"},{"@Name":"SubjectDomainName","#text":"WORKGROUP"},{"@Name":"SubjectLogonId","#text":"0x3E7"},{"@Name":"CallerProcessId","#text":"0xC90"},{"@Name":"CallerProcessName","#text":"C:\Program Files\Malwarebytes\Anti-Malware\MBAMService.exe"}]}}}
{"Event":{"System":{"Provider":{"@Name":"Microsoft-Windows-Security-Auditing","@Guid":"54849625-5478-4994-a5ba-3e3b0328c30d"},"EventID":"4798","Version":"0","Level":"0","Task":"13824","Opcode":"0","Keywords":"0x8020000000000000","TimeCreated":{"@SystemTime":"2025-05-03 05:45:37.2904692"},"EventRecordID":"95186","Correlation":{"@ActivityID":"1168e054-bb50-0000-2de1-681150bbdb01"},"Execution":{"@ProcessID":"688","@ThreadID":"736"},"Channel":"Security","Computer":"Server002","Security":null},"EventData":{"Data":[{"@Name":"TargetUserName","#text":"WDAGUtilityAccount"},{"@Name":"TargetDomainName","#text":"SERVER002"},{"@Name":"TargetSid","#text":"S-1-5-21-3962163828-2803415714-1403596700-504"},{"@Name":"SubjectUserSid","#text":"S-1-5-18"},{"@Name":"SubjectUserName","#text":"SERVER002$"},{"@Name":"SubjectDomainName","#text":"WORKGROUP"},{"@Name":"SubjectLogonId","#text":"0x3E7"},{"@Name":"CallerProcessId","#text":"0xC90"},{"@Name":"CallerProcessName","#text":"C:\Program Files\Malwarebytes\Anti-Malware\MBAMService.exe"}]}}}
{"Event":{"System":{"Provider":{"@Name":"Microsoft-Windows-Security-Auditing","@Guid":"54849625-5478-4994-a5ba-3e3b0328c30d"},"EventID":"4798","Version":"0","Level":"0","Task":"13824","Opcode":"0","Keywords":"0x8020000000000000","TimeCreated":{"@SystemTime":"2025-05-03 05:45:37.2911858"},"EventRecordID":"95187","Correlation":{"@ActivityID":"1168e054-bb50-0000-2de1-681150bbdb01"},"Execution":{"@ProcessID":"688","@ThreadID":"736"},"Channel":"Security","Computer":"Server002","Security":null},"EventData":{"Data":[{"@Name":"TargetUserName","#text":"admin_test"},{"@Name":"TargetDomainName","#text":"SERVER002"},{"@Name":"TargetSid","#text":"S-1-5-21-3962163828-2803415714-1403596700-1006"},{"@Name":"SubjectUserSid","#text":"S-1-5-18"},{"@Name":"SubjectUserName","#text":"SERVER002$"},{"@Name":"SubjectDomainName","#text":"WORKGROUP"},{"@Name":"SubjectLogonId","#text":"0x3E7"},{"@Name":"CallerProcessId","#text":"0xC90"},{"@Name":"CallerProcessName","#text":"C:\Program Files\Malwarebytes\Anti-Malware\MBAMService.exe"}]}}}
{"Event":{"System":{"Provider":{"@Name":"Microsoft-Windows-Security-Auditing","@Guid":"54849625-5478-4994-a5ba-3e3b0328c30d"},"EventID":"4798","Version":"0","Level":"0","Task":"13824","Opcode":"0","Keywords":"0x8020000000000000","TimeCreated":{"@SystemTime":"2025-05-03 05:45:37.2919311"},"EventRecordID":"95188","Correlation":{"@ActivityID":"1168e054-bb50-0000-2de1-681150bbdb01"},"Execution":{"@ProcessID":"688","@ThreadID":"736"},"Channel":"Security","Computer":"Server002","Security":null},"EventData":{"Data":[{"@Name":"TargetUserName","#text":"DefaultAccount"},{"@Name":"TargetDomainName","#text":"SERVER002"},{"@Name":"TargetSid","#text":"S-1-5-21-3962163828-2803415714-1403596700-503"},{"@Name":"SubjectUserSid","#text":"S-1-5-18"},{"@Name":"SubjectUserName","#text":"SERVER002$"},{"@Name":"SubjectDomainName","#text":"WORKGROUP"},{"@Name":"SubjectLogonId","#text":"0x3E7"},{"@Name":"CallerProcessId","#text":"0xC90"},{"@Name":"CallerProcessName","#text":"C:\Program Files\Malwarebytes\Anti-Malware\MBAMService.exe"}]}}}
{"Event":{"System":{"Provider":{"@Name":"Microsoft-Windows-Security-Auditing","@Guid":"54849625-5478-4994-a5ba-3e3b0328c30d"},"EventID":"4798","Version":"0","Level":"0","Task":"13824","Opcode":"0","Keywords":"0x8020000000000000","TimeCreated":{"@SystemTime":"2025-05-03 05:45:37.2926174"},"EventRecordID":"95189","Correlation":{"@ActivityID":"1168e054-bb50-0000-2de1-681150bbdb01"},"Execution":{"@ProcessID":"688","@ThreadID":"736"},"Channel":"Security","Computer":"Server002","Security":null},"EventData":{"Data":[{"@Name":"TargetUserName","#text":"lplui"},{"@Name":"TargetDomainName","#text":"SERVER002"},{"@Name":"TargetSid","#text":"S-1-5-21-3962163828-2803415714-1403596700-1001"},{"@Name":"SubjectUserSid","#text":"S-1-5-18"},{"@Name":"SubjectUserName","#text":"SERVER002$"},{"@Name":"SubjectDomainName","#text":"WORKGROUP"},{"@Name":"SubjectLogonId","#text":"0x3E7"},{"@Name":"CallerProcessId","#text":"0xC90"},{"@Name":"CallerProcessName","#text":"C:\Program Files\Malwarebytes\Anti-Malware\MBAMService.exe"}]}}}
