{"Event":{"System":{"Provider":{"@Name":"Microsoft-Windows-Sysmon","@Guid":"5770385f-c22a-43e0-bf4c-06f5698ffbd9"},"EventID":"5","Version":"3","Level":"4","Task":"5","Opcode":"0","Keywords":"10000","TimeCreated":{"@SystemTime":"2025-04-23 19:14:46.6434706"},"EventRecordID":"45028","Correlation":null,"Execution":{"@ProcessID":"3244","@ThreadID":"3828"},"Channel":"Microsoft-Windows-Sysmon/Operational","Computer":"Server002","Security":{"@UserID":"S-1-5-18"}},"EventData":{"Data":[{"@Name":"RuleName","#text":"-"},{"@Name":"UtcTime","#text":"2025-04-23 19:14:46.642"},{"@Name":"ProcessGuid","#text":"dbf410b3-3c26-6809-4302-000000004100"},{"@Name":"ProcessId","#text":"6968"},{"@Name":"Image","#text":"C:\Windows\Microsoft.NET\Framework64\v4.0.30319\mscorsvw.exe"},{"@Name":"User","#text":"NT AUTHORITY\SYSTEM"}]}}}
{"Event":{"System":{"Provider":{"@Name":"Microsoft-Windows-Sysmon","@Guid":"5770385f-c22a-43e0-bf4c-06f5698ffbd9"},"EventID":"1","Version":"5","Level":"4","Task":"1","Opcode":"0","Keywords":"10000","TimeCreated":{"@SystemTime":"2025-04-23 19:14:48.1749217"},"EventRecordID":"45029","Correlation":null,"Execution":{"@ProcessID":"3244","@ThreadID":"3828"},"Channel":"Microsoft-Windows-Sysmon/Operational","Computer":"Server002","Security":{"@UserID":"S-1-5-18"}},"EventData":{"Data":[{"@Name":"RuleName","#text":"-"},{"@Name":"UtcTime","#text":"2025-04-23 19:14:48.158"},{"@Name":"ProcessGuid","#text":"dbf410b3-3c28-6809-4502-000000004100"},{"@Name":"ProcessId","#text":"8340"},{"@Name":"Image","#text":"C:\Windows\Microsoft.NET\Framework64\v4.0.30319\mscorsvw.exe"},{"@Name":"FileVersion","#text":"4.8.9093.0 built by: NET481REL1LAST_C"},{"@Name":"Description","#text":".NET Runtime Optimization Service"},{"@Name":"Product","#text":"Microsoft® .NET Framework"},{"@Name":"Company","#text":"Microsoft Corporation"},{"@Name":"OriginalFileName","#text":"mscorsvw.exe"},{"@Name":"CommandLine","#text":"C:\Windows\Microsoft.NET\Framework64\v4.0.30319\mscorsvw.exe -StartupEvent 388 -InterruptEvent 0 -NGENProcess 2b0 -Pipe 338 -Comment \"NGen Worker Process\""},{"@Name":"CurrentDirectory","#text":"C:\Windows\system32\"},{"@Name":"User","#text":"NT AUTHORITY\SYSTEM"},{"@Name":"LogonGuid","#text":"dbf410b3-38ed-6809-e703-000000000000"},{"@Name":"LogonId","#text":"0x3E7"},{"@Name":"TerminalSessionId","#text":"0"},{"@Name":"IntegrityLevel","#text":"System"},{"@Name":"Hashes","#text":"SHA256=B63825D9B79213568CB57A52A7D607D8F9D7481EC5A0B260A6ACE9F2FCD8F507"},{"@Name":"ParentProcessGuid","#text":"dbf410b3-3b97-6809-f101-000000004100"},{"@Name":"ParentProcessId","#text":"3180"},{"@Name":"ParentImage","#text":"C:\Windows\Microsoft.NET\Framework64\v4.0.30319\ngen.exe"},{"@Name":"ParentCommandLine","#text":"\"C:\Windows\Microsoft.NET\Framework64\v4.0.30319\ngen.exe\" ExecuteQueuedItems /LegacyServiceBehavior"},{"@Name":"ParentUser","#text":"NT AUTHORITY\SYSTEM"}]}}}
{"Event":{"System":{"Provider":{"@Name":"Microsoft-Windows-Sysmon","@Guid":"5770385f-c22a-43e0-bf4c-06f5698ffbd9"},"EventID":"5","Version":"3","Level":"4","Task":"5","Opcode":"0","Keywords":"10000","TimeCreated":{"@SystemTime":"2025-04-23 19:14:48.1840510"},"EventRecordID":"45030","Correlation":null,"Execution":{"@ProcessID":"3244","@ThreadID":"3828"},"Channel":"Microsoft-Windows-Sysmon/Operational","Computer":"Server002","Security":{"@UserID":"S-1-5-18"}},"EventData":{"Data":[{"@Name":"RuleName","#text":"-"},{"@Name":"UtcTime","#text":"2025-04-23 19:14:48.179"},{"@Name":"ProcessGuid","#text":"dbf410b3-3c26-6809-4402-000000004100"},{"@Name":"ProcessId","#text":"1564"},{"@Name":"Image","#text":"C:\Windows\Microsoft.NET\Framework64\v4.0.30319\mscorsvw.exe"},{"@Name":"User","#text":"NT AUTHORITY\SYSTEM"}]}}}
{"Event":{"System":{"Provider":{"@Name":"Microsoft-Windows-Sysmon","@Guid":"5770385f-c22a-43e0-bf4c-06f5698ffbd9"},"EventID":"1","Version":"5","Level":"4","Task":"1","Opcode":"0","Keywords":"10000","TimeCreated":{"@SystemTime":"2025-04-23 19:14:48.5263183"},"EventRecordID":"45031","Correlation":null,"Execution":{"@ProcessID":"3244","@ThreadID":"3828"},"Channel":"Microsoft-Windows-Sysmon/Operational","Computer":"Server002","Security":{"@UserID":"S-1-5-18"}},"EventData":{"Data":[{"@Name":"RuleName","#text":"-"},{"@Name":"UtcTime","#text":"2025-04-23 19:14:48.514"},{"@Name":"ProcessGuid","#text":"dbf410b3-3c28-6809-4602-000000004100"},{"@Name":"ProcessId","#text":"9236"},{"@Name":"Image","#text":"C:\Windows\Microsoft.NET\Framework64\v4.0.30319\mscorsvw.exe"},{"@Name":"FileVersion","#text":"4.8.9093.0 built by: NET481REL1LAST_C"},{"@Name":"Description","#text":".NET Runtime Optimization Service"},{"@Name":"Product","#text":"Microsoft® .NET Framework"},{"@Name":"Company","#text":"Microsoft Corporation"},{"@Name":"OriginalFileName","#text":"mscorsvw.exe"},{"@Name":"CommandLine","#text":"C:\Windows\Microsoft.NET\Framework64\v4.0.30319\mscorsvw.exe -StartupEvent 3ac -InterruptEvent 0 -NGENProcess 3a4 -Pipe 38c -Comment \"NGen Worker Process\""},{"@Name":"CurrentDirectory","#text":"C:\Windows\system32\"},{"@Name":"User","#text":"NT AUTHORITY\SYSTEM"},{"@Name":"LogonGuid","#text":"dbf410b3-38ed-6809-e703-000000000000"},{"@Name":"LogonId","#text":"0x3E7"},{"@Name":"TerminalSessionId","#text":"0"},{"@Name":"IntegrityLevel","#text":"System"},{"@Name":"Hashes","#text":"SHA256=B63825D9B79213568CB57A52A7D607D8F9D7481EC5A0B260A6ACE9F2FCD8F507"},{"@Name":"ParentProcessGuid","#text":"dbf410b3-3b97-6809-f101-000000004100"},{"@Name":"ParentProcessId","#text":"3180"},{"@Name":"ParentImage","#text":"C:\Windows\Microsoft.NET\Framework64\v4.0.30319\ngen.exe"},{"@Name":"ParentCommandLine","#text":"\"C:\Windows\Microsoft.NET\Framework64\v4.0.30319\ngen.exe\" ExecuteQueuedItems /LegacyServiceBehavior"},{"@Name":"ParentUser","#text":"NT AUTHORITY\SYSTEM"}]}}}
{"Event":{"System":{"Provider":{"@Name":"Microsoft-Windows-Sysmon","@Guid":"5770385f-c22a-43e0-bf4c-06f5698ffbd9"},"EventID":"5","Version":"3","Level":"4","Task":"5","Opcode":"0","Keywords":"10000","TimeCreated":{"@SystemTime":"2025-04-23 19:14:48.5299691"},"EventRecordID":"45032","Correlation":null,"Execution":{"@ProcessID":"3244","@ThreadID":"3828"},"Channel":"Microsoft-Windows-Sysmon/Operational","Computer":"Server002","Security":{"@UserID":"S-1-5-18"}},"EventData":{"Data":[{"@Name":"RuleName","#text":"-"},{"@Name":"UtcTime","#text":"2025-04-23 19:14:48.516"},{"@Name":"ProcessGuid","#text":"dbf410b3-3c28-6809-4502-000000004100"},{"@Name":"ProcessId","#text":"8340"},{"@Name":"Image","#text":"C:\Windows\Microsoft.NET\Framework64\v4.0.30319\mscorsvw.exe"},{"@Name":"User","#text":"NT AUTHORITY\SYSTEM"}]}}}
{"Event":{"System":{"Provider":{"@Name":"Microsoft-Windows-Sysmon","@Guid":"5770385f-c22a-43e0-bf4c-06f5698ffbd9"},"EventID":"5","Version":"3","Level":"4","Task":"5","Opcode":"0","Keywords":"10000","TimeCreated":{"@SystemTime":"2025-04-23 19:14:50.1245479"},"EventRecordID":"45033","Correlation":null,"Execution":{"@ProcessID":"3244","@ThreadID":"3828"},"Channel":"Microsoft-Windows-Sysmon/Operational","Computer":"Server002","Security":{"@UserID":"S-1-5-18"}},"EventData":{"Data":[{"@Name":"RuleName","#text":"-"},{"@Name":"UtcTime","#text":"2025-04-23 19:14:50.120"},{"@Name":"ProcessGuid","#text":"dbf410b3-3c04-6809-2b02-000000004100"},{"@Name":"ProcessId","#text":"536"},{"@Name":"Image","#text":"C:\Windows\System32\rundll32.exe"},{"@Name":"User","#text":"SERVER002\lplui"}]}}}
{"Event":{"System":{"Provider":{"@Name":"Microsoft-Windows-Sysmon","@Guid":"5770385f-c22a-43e0-bf4c-06f5698ffbd9"},"EventID":"1","Version":"5","Level":"4","Task":"1","Opcode":"0","Keywords":"10000","TimeCreated":{"@SystemTime":"2025-04-23 19:14:50.2911493"},"EventRecordID":"45034","Correlation":null,"Execution":{"@ProcessID":"3244","@ThreadID":"3828"},"Channel":"Microsoft-Windows-Sysmon/Operational","Computer":"Server002","Security":{"@UserID":"S-1-5-18"}},"EventData":{"Data":[{"@Name":"RuleName","#text":"-"},{"@Name":"UtcTime","#text":"2025-04-23 19:14:50.280"},{"@Name":"ProcessGuid","#text":"dbf410b3-3c2a-6809-4702-000000004100"},{"@Name":"ProcessId","#text":"9080"},{"@Name":"Image","#text":"C:\Windows\Microsoft.NET\Framework64\v4.0.30319\mscorsvw.exe"},{"@Name":"FileVersion","#text":"4.8.9093.0 built by: NET481REL1LAST_C"},{"@Name":"Description","#text":".NET Runtime Optimization Service"},{"@Name":"Product","#text":"Microsoft® .NET Framework"},{"@Name":"Company","#text":"Microsoft Corporation"},{"@Name":"OriginalFileName","#text":"mscorsvw.exe"},{"@Name":"CommandLine","#text":"C:\Windows\Microsoft.NET\Framework64\v4.0.30319\mscorsvw.exe -StartupEvent 2b0 -InterruptEvent 0 -NGENProcess 3e8 -Pipe 3e0 -Comment \"NGen Worker Process\""},{"@Name":"CurrentDirectory","#text":"C:\Windows\system32\"},{"@Name":"User","#text":"NT AUTHORITY\SYSTEM"},{"@Name":"LogonGuid","#text":"dbf410b3-38ed-6809-e703-000000000000"},{"@Name":"LogonId","#text":"0x3E7"},{"@Name":"TerminalSessionId","#text":"0"},{"@Name":"IntegrityLevel","#text":"System"},{"@Name":"Hashes","#text":"SHA256=B63825D9B79213568CB57A52A7D607D8F9D7481EC5A0B260A6ACE9F2FCD8F507"},{"@Name":"ParentProcessGuid","#text":"dbf410b3-3b97-6809-f101-000000004100"},{"@Name":"ParentProcessId","#text":"3180"},{"@Name":"ParentImage","#text":"C:\Windows\Microsoft.NET\Framework64\v4.0.30319\ngen.exe"},{"@Name":"ParentCommandLine","#text":"\"C:\Windows\Microsoft.NET\Framework64\v4.0.30319\ngen.exe\" ExecuteQueuedItems /LegacyServiceBehavior"},{"@Name":"ParentUser","#text":"NT AUTHORITY\SYSTEM"}]}}}
{"Event":{"System":{"Provider":{"@Name":"Microsoft-Windows-Sysmon","@Guid":"5770385f-c22a-43e0-bf4c-06f5698ffbd9"},"EventID":"5","Version":"3","Level":"4","Task":"5","Opcode":"0","Keywords":"10000","TimeCreated":{"@SystemTime":"2025-04-23 19:14:50.2965638"},"EventRecordID":"45035","Correlation":null,"Execution":{"@ProcessID":"3244","@ThreadID":"3828"},"Channel":"Microsoft-Windows-Sysmon/Operational","Computer":"Server002","Security":{"@UserID":"S-1-5-18"}},"EventData":{"Data":[{"@Name":"RuleName","#text":"-"},{"@Name":"UtcTime","#text":"2025-04-23 19:14:50.291"},{"@Name":"ProcessGuid","#text":"dbf410b3-3c28-6809-4602-000000004100"},{"@Name":"ProcessId","#text":"9236"},{"@Name":"Image","#text":"C:\Windows\Microsoft.NET\Framework64\v4.0.30319\mscorsvw.exe"},{"@Name":"User","#text":"NT AUTHORITY\SYSTEM"}]}}}
{"Event":{"System":{"Provider":{"@Name":"Microsoft-Windows-Sysmon","@Guid":"5770385f-c22a-43e0-bf4c-06f5698ffbd9"},"EventID":"5","Version":"3","Level":"4","Task":"5","Opcode":"0","Keywords":"10000","TimeCreated":{"@SystemTime":"2025-04-23 19:14:50.4905637"},"EventRecordID":"45036","Correlation":null,"Execution":{"@ProcessID":"3244","@ThreadID":"3828"},"Channel":"Microsoft-Windows-Sysmon/Operational","Computer":"Server002","Security":{"@UserID":"S-1-5-18"}},"EventData":{"Data":[{"@Name":"RuleName","#text":"-"},{"@Name":"UtcTime","#text":"2025-04-23 19:14:50.488"},{"@Name":"ProcessGuid","#text":"dbf410b3-3c2a-6809-4702-000000004100"},{"@Name":"ProcessId","#text":"9080"},{"@Name":"Image","#text":"C:\Windows\Microsoft.NET\Framework64\v4.0.30319\mscorsvw.exe"},{"@Name":"User","#text":"NT AUTHORITY\SYSTEM"}]}}}
{"Event":{"System":{"Provider":{"@Name":"Microsoft-Windows-Sysmon","@Guid":"5770385f-c22a-43e0-bf4c-06f5698ffbd9"},"EventID":"1","Version":"5","Level":"4","Task":"1","Opcode":"0","Keywords":"10000","TimeCreated":{"@SystemTime":"2025-04-23 19:14:50.4965949"},"EventRecordID":"45037","Correlation":null,"Execution":{"@ProcessID":"3244","@ThreadID":"3828"},"Channel":"Microsoft-Windows-Sysmon/Operational","Computer":"Server002","Security":{"@UserID":"S-1-5-18"}},"EventData":{"Data":[{"@Name":"RuleName","#text":"-"},{"@Name":"UtcTime","#text":"2025-04-23 19:14:50.485"},{"@Name":"ProcessGuid","#text":"dbf410b3-3c2a-6809-4802-000000004100"},{"@Name":"ProcessId","#text":"6988"},{"@Name":"Image","#text":"C:\Windows\Microsoft.NET\Framework64\v4.0.30319\mscorsvw.exe"},{"@Name":"FileVersion","#text":"4.8.9093.0 built by: NET481REL1LAST_C"},{"@Name":"Description","#text":".NET Runtime Optimization Service"},{"@Name":"Product","#text":"Microsoft® .NET Framework"},{"@Name":"Company","#text":"Microsoft Corporation"},{"@Name":"OriginalFileName","#text":"mscorsvw.exe"},{"@Name":"CommandLine","#text":"C:\Windows\Microsoft.NET\Framework64\v4.0.30319\mscorsvw.exe -StartupEvent 3ac -InterruptEvent 0 -NGENProcess 3a8 -Pipe 3e8 -Comment \"NGen Worker Process\""},{"@Name":"CurrentDirectory","#text":"C:\Windows\system32\"},{"@Name":"User","#text":"NT AUTHORITY\SYSTEM"},{"@Name":"LogonGuid","#text":"dbf410b3-38ed-6809-e703-000000000000"},{"@Name":"LogonId","#text":"0x3E7"},{"@Name":"TerminalSessionId","#text":"0"},{"@Name":"IntegrityLevel","#text":"System"},{"@Name":"Hashes","#text":"SHA256=B63825D9B79213568CB57A52A7D607D8F9D7481EC5A0B260A6ACE9F2FCD8F507"},{"@Name":"ParentProcessGuid","#text":"dbf410b3-3b97-6809-f101-000000004100"},{"@Name":"ParentProcessId","#text":"3180"},{"@Name":"ParentImage","#text":"C:\Windows\Microsoft.NET\Framework64\v4.0.30319\ngen.exe"},{"@Name":"ParentCommandLine","#text":"\"C:\Windows\Microsoft.NET\Framework64\v4.0.30319\ngen.exe\" ExecuteQueuedItems /LegacyServiceBehavior"},{"@Name":"ParentUser","#text":"NT AUTHORITY\SYSTEM"}]}}}
{"Event":{"System":{"Provider":{"@Name":"Microsoft-Windows-Sysmon","@Guid":"5770385f-c22a-43e0-bf4c-06f5698ffbd9"},"EventID":"1","Version":"5","Level":"4","Task":"1","Opcode":"0","Keywords":"10000","TimeCreated":{"@SystemTime":"2025-04-23 19:14:50.7200488"},"EventRecordID":"45038","Correlation":null,"Execution":{"@ProcessID":"3244","@ThreadID":"3828"},"Channel":"Microsoft-Windows-Sysmon/Operational","Computer":"Server002","Security":{"@UserID":"S-1-5-18"}},"EventData":{"Data":[{"@Name":"RuleName","#text":"-"},{"@Name":"UtcTime","#text":"2025-04-23 19:14:50.711"},{"@Name":"ProcessGuid","#text":"dbf410b3-3c2a-6809-4902-000000004100"},{"@Name":"ProcessId","#text":"6308"},{"@Name":"Image","#text":"C:\Windows\Microsoft.NET\Framework64\v4.0.30319\mscorsvw.exe"},{"@Name":"FileVersion","#text":"4.8.9093.0 built by: NET481REL1LAST_C"},{"@Name":"Description","#text":".NET Runtime Optimization Service"},{"@Name":"Product","#text":"Microsoft® .NET Framework"},{"@Name":"Company","#text":"Microsoft Corporation"},{"@Name":"OriginalFileName","#text":"mscorsvw.exe"},{"@Name":"CommandLine","#text":"C:\Windows\Microsoft.NET\Framework64\v4.0.30319\mscorsvw.exe -StartupEvent 390 -InterruptEvent 0 -NGENProcess 3a4 -Pipe 388 -Comment \"NGen Worker Process\""},{"@Name":"CurrentDirectory","#text":"C:\Windows\system32\"},{"@Name":"User","#text":"NT AUTHORITY\SYSTEM"},{"@Name":"LogonGuid","#text":"dbf410b3-38ed-6809-e703-000000000000"},{"@Name":"LogonId","#text":"0x3E7"},{"@Name":"TerminalSessionId","#text":"0"},{"@Name":"IntegrityLevel","#text":"System"},{"@Name":"Hashes","#text":"SHA256=B63825D9B79213568CB57A52A7D607D8F9D7481EC5A0B260A6ACE9F2FCD8F507"},{"@Name":"ParentProcessGuid","#text":"dbf410b3-3b97-6809-f101-000000004100"},{"@Name":"ParentProcessId","#text":"3180"},{"@Name":"ParentImage","#text":"C:\Windows\Microsoft.NET\Framework64\v4.0.30319\ngen.exe"},{"@Name":"ParentCommandLine","#text":"\"C:\Windows\Microsoft.NET\Framework64\v4.0.30319\ngen.exe\" ExecuteQueuedItems /LegacyServiceBehavior"},{"@Name":"ParentUser","#text":"NT AUTHORITY\SYSTEM"}]}}}
{"Event":{"System":{"Provider":{"@Name":"Microsoft-Windows-Sysmon","@Guid":"5770385f-c22a-43e0-bf4c-06f5698ffbd9"},"EventID":"5","Version":"3","Level":"4","Task":"5","Opcode":"0","Keywords":"10000","TimeCreated":{"@SystemTime":"2025-04-23 19:14:50.7219746"},"EventRecordID":"45039","Correlation":null,"Execution":{"@ProcessID":"3244","@ThreadID":"3828"},"Channel":"Microsoft-Windows-Sysmon/Operational","Computer":"Server002","Security":{"@UserID":"S-1-5-18"}},"EventData":{"Data":[{"@Name":"RuleName","#text":"-"},{"@Name":"UtcTime","#text":"2025-04-23 19:14:50.710"},{"@Name":"ProcessGuid","#text":"dbf410b3-3c2a-6809-4802-000000004100"},{"@Name":"ProcessId","#text":"6988"},{"@Name":"Image","#text":"C:\Windows\Microsoft.NET\Framework64\v4.0.30319\mscorsvw.exe"},{"@Name":"User","#text":"NT AUTHORITY\SYSTEM"}]}}}
{"Event":{"System":{"Provider":{"@Name":"Microsoft-Windows-Sysmon","@Guid":"5770385f-c22a-43e0-bf4c-06f5698ffbd9"},"EventID":"1","Version":"5","Level":"4","Task":"1","Opcode":"0","Keywords":"10000","TimeCreated":{"@SystemTime":"2025-04-23 19:14:51.1341002"},"EventRecordID":"45040","Correlation":null,"Execution":{"@ProcessID":"3244","@ThreadID":"3828"},"Channel":"Microsoft-Windows-Sysmon/Operational","Computer":"Server002","Security":{"@UserID":"S-1-5-18"}},"EventData":{"Data":[{"@Name":"RuleName","#text":"-"},{"@Name":"UtcTime","#text":"2025-04-23 19:14:51.116"},{"@Name":"ProcessGuid","#text":"dbf410b3-3c2b-6809-4a02-000000004100"},{"@Name":"ProcessId","#text":"7880"},{"@Name":"Image","#text":"C:\Windows\System32\dllhost.exe"},{"@Name":"FileVersion","#text":"10.0.19041.3636 (WinBuild.160101.0800)"},{"@Name":"Description","#text":"COM Surrogate"},{"@Name":"Product","#text":"Microsoft® Windows® Operating System"},{"@Name":"Company","#text":"Microsoft Corporation"},{"@Name":"OriginalFileName","#text":"dllhost.exe"},{"@Name":"CommandLine","#text":"C:\Windows\system32\DllHost.exe /Processid:{AB8902B4-09CA-4BB6-B78D-A8F59079A8D5}"},{"@Name":"CurrentDirectory","#text":"C:\Windows\system32\"},{"@Name":"User","#text":"SERVER002\lplui"},{"@Name":"LogonGuid","#text":"dbf410b3-38f9-6809-b1f5-030000000000"},{"@Name":"LogonId","#text":"0x3F5B1"},{"@Name":"TerminalSessionId","#text":"1"},{"@Name":"IntegrityLevel","#text":"Medium"},{"@Name":"Hashes","#text":"SHA256=0309834D40475CCD5A88C48F7FF5EC62E5C6798900357DD83665C3D0345124E0"},{"@Name":"ParentProcessGuid","#text":"dbf410b3-38ef-6809-0d00-000000004100"},{"@Name":"ParentProcessId","#text":"776"},{"@Name":"ParentImage","#text":"C:\Windows\System32\svchost.exe"},{"@Name":"ParentCommandLine","#text":"C:\Windows\system32\svchost.exe -k DcomLaunch -p"},{"@Name":"ParentUser","#text":"NT AUTHORITY\SYSTEM"}]}}}
{"Event":{"System":{"Provider":{"@Name":"Microsoft-Windows-Sysmon","@Guid":"5770385f-c22a-43e0-bf4c-06f5698ffbd9"},"EventID":"1","Version":"5","Level":"4","Task":"1","Opcode":"0","Keywords":"10000","TimeCreated":{"@SystemTime":"2025-04-23 19:14:51.4341492"},"EventRecordID":"45041","Correlation":null,"Execution":{"@ProcessID":"3244","@ThreadID":"3828"},"Channel":"Microsoft-Windows-Sysmon/Operational","Computer":"Server002","Security":{"@UserID":"S-1-5-18"}},"EventData":{"Data":[{"@Name":"RuleName","#text":"-"},{"@Name":"UtcTime","#text":"2025-04-23 19:14:51.420"},{"@Name":"ProcessGuid","#text":"dbf410b3-3c2b-6809-4b02-000000004100"},{"@Name":"ProcessId","#text":"8604"},{"@Name":"Image","#text":"C:\Windows\Microsoft.NET\Framework64\v4.0.30319\mscorsvw.exe"},{"@Name":"FileVersion","#text":"4.8.9093.0 built by: NET481REL1LAST_C"},{"@Name":"Description","#text":".NET Runtime Optimization Service"},{"@Name":"Product","#text":"Microsoft® .NET Framework"},{"@Name":"Company","#text":"Microsoft Corporation"},{"@Name":"OriginalFileName","#text":"mscorsvw.exe"},{"@Name":"CommandLine","#text":"C:\Windows\Microsoft.NET\Framework64\v4.0.30319\mscorsvw.exe -StartupEvent 394 -InterruptEvent 0 -NGENProcess 3f8 -Pipe 310 -Comment \"NGen Worker Process\""},{"@Name":"CurrentDirectory","#text":"C:\Windows\system32\"},{"@Name":"User","#text":"NT AUTHORITY\SYSTEM"},{"@Name":"LogonGuid","#text":"dbf410b3-38ed-6809-e703-000000000000"},{"@Name":"LogonId","#text":"0x3E7"},{"@Name":"TerminalSessionId","#text":"0"},{"@Name":"IntegrityLevel","#text":"System"},{"@Name":"Hashes","#text":"SHA256=B63825D9B79213568CB57A52A7D607D8F9D7481EC5A0B260A6ACE9F2FCD8F507"},{"@Name":"ParentProcessGuid","#text":"dbf410b3-3b97-6809-f101-000000004100"},{"@Name":"ParentProcessId","#text":"3180"},{"@Name":"ParentImage","#text":"C:\Windows\Microsoft.NET\Framework64\v4.0.30319\ngen.exe"},{"@Name":"ParentCommandLine","#text":"\"C:\Windows\Microsoft.NET\Framework64\v4.0.30319\ngen.exe\" ExecuteQueuedItems /LegacyServiceBehavior"},{"@Name":"ParentUser","#text":"NT AUTHORITY\SYSTEM"}]}}}
{"Event":{"System":{"Provider":{"@Name":"Microsoft-Windows-Sysmon","@Guid":"5770385f-c22a-43e0-bf4c-06f5698ffbd9"},"EventID":"5","Version":"3","Level":"4","Task":"5","Opcode":"0","Keywords":"10000","TimeCreated":{"@SystemTime":"2025-04-23 19:14:51.4537747"},"EventRecordID":"45042","Correlation":null,"Execution":{"@ProcessID":"3244","@ThreadID":"3828"},"Channel":"Microsoft-Windows-Sysmon/Operational","Computer":"Server002","Security":{"@UserID":"S-1-5-18"}},"EventData":{"Data":[{"@Name":"RuleName","#text":"-"},{"@Name":"UtcTime","#text":"2025-04-23 19:14:51.449"},{"@Name":"ProcessGuid","#text":"dbf410b3-3c2a-6809-4902-000000004100"},{"@Name":"ProcessId","#text":"6308"},{"@Name":"Image","#text":"C:\Windows\Microsoft.NET\Framework64\v4.0.30319\mscorsvw.exe"},{"@Name":"User","#text":"NT AUTHORITY\SYSTEM"}]}}}
{"Event":{"System":{"Provider":{"@Name":"Microsoft-Windows-Sysmon","@Guid":"5770385f-c22a-43e0-bf4c-06f5698ffbd9"},"EventID":"1","Version":"5","Level":"4","Task":"1","Opcode":"0","Keywords":"10000","TimeCreated":{"@SystemTime":"2025-04-23 19:14:51.8382088"},"EventRecordID":"45043","Correlation":null,"Execution":{"@ProcessID":"3244","@ThreadID":"3828"},"Channel":"Microsoft-Windows-Sysmon/Operational","Computer":"Server002","Security":{"@UserID":"S-1-5-18"}},"EventData":{"Data":[{"@Name":"RuleName","#text":"-"},{"@Name":"UtcTime","#text":"2025-04-23 19:14:51.830"},{"@Name":"ProcessGuid","#text":"dbf410b3-3c2b-6809-4c02-000000004100"},{"@Name":"ProcessId","#text":"10048"},{"@Name":"Image","#text":"C:\Windows\Microsoft.NET\Framework64\v4.0.30319\mscorsvw.exe"},{"@Name":"FileVersion","#text":"4.8.9093.0 built by: NET481REL1LAST_C"},{"@Name":"Description","#text":".NET Runtime Optimization Service"},{"@Name":"Product","#text":"Microsoft® .NET Framework"},{"@Name":"Company","#text":"Microsoft Corporation"},{"@Name":"OriginalFileName","#text":"mscorsvw.exe"},{"@Name":"CommandLine","#text":"C:\Windows\Microsoft.NET\Framework64\v4.0.30319\mscorsvw.exe -StartupEvent 404 -InterruptEvent 0 -NGENProcess 3a8 -Pipe 3f8 -Comment \"NGen Worker Process\""},{"@Name":"CurrentDirectory","#text":"C:\Windows\system32\"},{"@Name":"User","#text":"NT AUTHORITY\SYSTEM"},{"@Name":"LogonGuid","#text":"dbf410b3-38ed-6809-e703-000000000000"},{"@Name":"LogonId","#text":"0x3E7"},{"@Name":"TerminalSessionId","#text":"0"},{"@Name":"IntegrityLevel","#text":"System"},{"@Name":"Hashes","#text":"SHA256=B63825D9B79213568CB57A52A7D607D8F9D7481EC5A0B260A6ACE9F2FCD8F507"},{"@Name":"ParentProcessGuid","#text":"dbf410b3-3b97-6809-f101-000000004100"},{"@Name":"ParentProcessId","#text":"3180"},{"@Name":"ParentImage","#text":"C:\Windows\Microsoft.NET\Framework64\v4.0.30319\ngen.exe"},{"@Name":"ParentCommandLine","#text":"\"C:\Windows\Microsoft.NET\Framework64\v4.0.30319\ngen.exe\" ExecuteQueuedItems /LegacyServiceBehavior"},{"@Name":"ParentUser","#text":"NT AUTHORITY\SYSTEM"}]}}}
{"Event":{"System":{"Provider":{"@Name":"Microsoft-Windows-Sysmon","@Guid":"5770385f-c22a-43e0-bf4c-06f5698ffbd9"},"EventID":"5","Version":"3","Level":"4","Task":"5","Opcode":"0","Keywords":"10000","TimeCreated":{"@SystemTime":"2025-04-23 19:14:51.8398924"},"EventRecordID":"45044","Correlation":null,"Execution":{"@ProcessID":"3244","@ThreadID":"3828"},"Channel":"Microsoft-Windows-Sysmon/Operational","Computer":"Server002","Security":{"@UserID":"S-1-5-18"}},"EventData":{"Data":[{"@Name":"RuleName","#text":"-"},{"@Name":"UtcTime","#text":"2025-04-23 19:14:51.828"},{"@Name":"ProcessGuid","#text":"dbf410b3-3c2b-6809-4b02-000000004100"},{"@Name":"ProcessId","#text":"8604"},{"@Name":"Image","#text":"C:\Windows\Microsoft.NET\Framework64\v4.0.30319\mscorsvw.exe"},{"@Name":"User","#text":"NT AUTHORITY\SYSTEM"}]}}}
{"Event":{"System":{"Provider":{"@Name":"Microsoft-Windows-Sysmon","@Guid":"5770385f-c22a-43e0-bf4c-06f5698ffbd9"},"EventID":"1","Version":"5","Level":"4","Task":"1","Opcode":"0","Keywords":"10000","TimeCreated":{"@SystemTime":"2025-04-23 19:14:52.1076916"},"EventRecordID":"45045","Correlation":null,"Execution":{"@ProcessID":"3244","@ThreadID":"3828"},"Channel":"Microsoft-Windows-Sysmon/Operational","Computer":"Server002","Security":{"@UserID":"S-1-5-18"}},"EventData":{"Data":[{"@Name":"RuleName","#text":"-"},{"@Name":"UtcTime","#text":"2025-04-23 19:14:52.099"},{"@Name":"ProcessGuid","#text":"dbf410b3-3c2c-6809-4d02-000000004100"},{"@Name":"ProcessId","#text":"2488"},{"@Name":"Image","#text":"C:\Windows\Microsoft.NET\Framework64\v4.0.30319\mscorsvw.exe"},{"@Name":"FileVersion","#text":"4.8.9093.0 built by: NET481REL1LAST_C"},{"@Name":"Description","#text":".NET Runtime Optimization Service"},{"@Name":"Product","#text":"Microsoft® .NET Framework"},{"@Name":"Company","#text":"Microsoft Corporation"},{"@Name":"OriginalFileName","#text":"mscorsvw.exe"},{"@Name":"CommandLine","#text":"C:\Windows\Microsoft.NET\Framework64\v4.0.30319\mscorsvw.exe -StartupEvent 404 -InterruptEvent 0 -NGENProcess 3a8 -Pipe 414 -Comment \"NGen Worker Process\""},{"@Name":"CurrentDirectory","#text":"C:\Windows\system32\"},{"@Name":"User","#text":"NT AUTHORITY\SYSTEM"},{"@Name":"LogonGuid","#text":"dbf410b3-38ed-6809-e703-000000000000"},{"@Name":"LogonId","#text":"0x3E7"},{"@Name":"TerminalSessionId","#text":"0"},{"@Name":"IntegrityLevel","#text":"System"},{"@Name":"Hashes","#text":"SHA256=B63825D9B79213568CB57A52A7D607D8F9D7481EC5A0B260A6ACE9F2FCD8F507"},{"@Name":"ParentProcessGuid","#text":"dbf410b3-3b97-6809-f101-000000004100"},{"@Name":"ParentProcessId","#text":"3180"},{"@Name":"ParentImage","#text":"C:\Windows\Microsoft.NET\Framework64\v4.0.30319\ngen.exe"},{"@Name":"ParentCommandLine","#text":"\"C:\Windows\Microsoft.NET\Framework64\v4.0.30319\ngen.exe\" ExecuteQueuedItems /LegacyServiceBehavior"},{"@Name":"ParentUser","#text":"NT AUTHORITY\SYSTEM"}]}}}
{"Event":{"System":{"Provider":{"@Name":"Microsoft-Windows-Sysmon","@Guid":"5770385f-c22a-43e0-bf4c-06f5698ffbd9"},"EventID":"5","Version":"3","Level":"4","Task":"5","Opcode":"0","Keywords":"10000","TimeCreated":{"@SystemTime":"2025-04-23 19:14:52.1096531"},"EventRecordID":"45046","Correlation":null,"Execution":{"@ProcessID":"3244","@ThreadID":"3828"},"Channel":"Microsoft-Windows-Sysmon/Operational","Computer":"Server002","Security":{"@UserID":"S-1-5-18"}},"EventData":{"Data":[{"@Name":"RuleName","#text":"-"},{"@Name":"UtcTime","#text":"2025-04-23 19:14:52.104"},{"@Name":"ProcessGuid","#text":"dbf410b3-3c2b-6809-4c02-000000004100"},{"@Name":"ProcessId","#text":"10048"},{"@Name":"Image","#text":"C:\Windows\Microsoft.NET\Framework64\v4.0.30319\mscorsvw.exe"},{"@Name":"User","#text":"NT AUTHORITY\SYSTEM"}]}}}
{"Event":{"System":{"Provider":{"@Name":"Microsoft-Windows-Sysmon","@Guid":"5770385f-c22a-43e0-bf4c-06f5698ffbd9"},"EventID":"1","Version":"5","Level":"4","Task":"1","Opcode":"0","Keywords":"10000","TimeCreated":{"@SystemTime":"2025-04-23 19:14:52.6602832"},"EventRecordID":"45047","Correlation":null,"Execution":{"@ProcessID":"3244","@ThreadID":"3828"},"Channel":"Microsoft-Windows-Sysmon/Operational","Computer":"Server002","Security":{"@UserID":"S-1-5-18"}},"EventData":{"Data":[{"@Name":"RuleName","#text":"-"},{"@Name":"UtcTime","#text":"2025-04-23 19:14:52.647"},{"@Name":"ProcessGuid","#text":"dbf410b3-3c2c-6809-4e02-000000004100"},{"@Name":"ProcessId","#text":"2668"},{"@Name":"Image","#text":"C:\Windows\Microsoft.NET\Framework64\v4.0.30319\mscorsvw.exe"},{"@Name":"FileVersion","#text":"4.8.9093.0 built by: NET481REL1LAST_C"},{"@Name":"Description","#text":".NET Runtime Optimization Service"},{"@Name":"Product","#text":"Microsoft® .NET Framework"},{"@Name":"Company","#text":"Microsoft Corporation"},{"@Name":"OriginalFileName","#text":"mscorsvw.exe"},{"@Name":"CommandLine","#text":"C:\Windows\Microsoft.NET\Framework64\v4.0.30319\mscorsvw.exe -StartupEvent 420 -InterruptEvent 0 -NGENProcess 42c -Pipe 41c -Comment \"NGen Worker Process\""},{"@Name":"CurrentDirectory","#text":"C:\Windows\system32\"},{"@Name":"User","#text":"NT AUTHORITY\SYSTEM"},{"@Name":"LogonGuid","#text":"dbf410b3-38ed-6809-e703-000000000000"},{"@Name":"LogonId","#text":"0x3E7"},{"@Name":"TerminalSessionId","#text":"0"},{"@Name":"IntegrityLevel","#text":"System"},{"@Name":"Hashes","#text":"SHA256=B63825D9B79213568CB57A52A7D607D8F9D7481EC5A0B260A6ACE9F2FCD8F507"},{"@Name":"ParentProcessGuid","#text":"dbf410b3-3b97-6809-f101-000000004100"},{"@Name":"ParentProcessId","#text":"3180"},{"@Name":"ParentImage","#text":"C:\Windows\Microsoft.NET\Framework64\v4.0.30319\ngen.exe"},{"@Name":"ParentCommandLine","#text":"\"C:\Windows\Microsoft.NET\Framework64\v4.0.30319\ngen.exe\" ExecuteQueuedItems /LegacyServiceBehavior"},{"@Name":"ParentUser","#text":"NT AUTHORITY\SYSTEM"}]}}}
{"Event":{"System":{"Provider":{"@Name":"Microsoft-Windows-Sysmon","@Guid":"5770385f-c22a-43e0-bf4c-06f5698ffbd9"},"EventID":"5","Version":"3","Level":"4","Task":"5","Opcode":"0","Keywords":"10000","TimeCreated":{"@SystemTime":"2025-04-23 19:14:52.6674563"},"EventRecordID":"45048","Correlation":null,"Execution":{"@ProcessID":"3244","@ThreadID":"3828"},"Channel":"Microsoft-Windows-Sysmon/Operational","Computer":"Server002","Security":{"@UserID":"S-1-5-18"}},"EventData":{"Data":[{"@Name":"RuleName","#text":"-"},{"@Name":"UtcTime","#text":"2025-04-23 19:14:52.665"},{"@Name":"ProcessGuid","#text":"dbf410b3-3c2c-6809-4d02-000000004100"},{"@Name":"ProcessId","#text":"2488"},{"@Name":"Image","#text":"C:\Windows\Microsoft.NET\Framework64\v4.0.30319\mscorsvw.exe"},{"@Name":"User","#text":"NT AUTHORITY\SYSTEM"}]}}}
{"Event":{"System":{"Provider":{"@Name":"Microsoft-Windows-Sysmon","@Guid":"5770385f-c22a-43e0-bf4c-06f5698ffbd9"},"EventID":"1","Version":"5","Level":"4","Task":"1","Opcode":"0","Keywords":"10000","TimeCreated":{"@SystemTime":"2025-04-23 19:14:52.8521203"},"EventRecordID":"45049","Correlation":null,"Execution":{"@ProcessID":"3244","@ThreadID":"3828"},"Channel":"Microsoft-Windows-Sysmon/Operational","Computer":"Server002","Security":{"@UserID":"S-1-5-18"}},"EventData":{"Data":[{"@Name":"RuleName","#text":"-"},{"@Name":"UtcTime","#text":"2025-04-23 19:14:52.844"},{"@Name":"ProcessGuid","#text":"dbf410b3-3c2c-6809-4f02-000000004100"},{"@Name":"ProcessId","#text":"3936"},{"@Name":"Image","#text":"C:\Windows\Microsoft.NET\Framework64\v4.0.30319\mscorsvw.exe"},{"@Name":"FileVersion","#text":"4.8.9093.0 built by: NET481REL1LAST_C"},{"@Name":"Description","#text":".NET Runtime Optimization Service"},{"@Name":"Product","#text":"Microsoft® .NET Framework"},{"@Name":"Company","#text":"Microsoft Corporation"},{"@Name":"OriginalFileName","#text":"mscorsvw.exe"},{"@Name":"CommandLine","#text":"C:\Windows\Microsoft.NET\Framework64\v4.0.30319\mscorsvw.exe -StartupEvent 430 -InterruptEvent 0 -NGENProcess 40c -Pipe 418 -Comment \"NGen Worker Process\""},{"@Name":"CurrentDirectory","#text":"C:\Windows\system32\"},{"@Name":"User","#text":"NT AUTHORITY\SYSTEM"},{"@Name":"LogonGuid","#text":"dbf410b3-38ed-6809-e703-000000000000"},{"@Name":"LogonId","#text":"0x3E7"},{"@Name":"TerminalSessionId","#text":"0"},{"@Name":"IntegrityLevel","#text":"System"},{"@Name":"Hashes","#text":"SHA256=B63825D9B79213568CB57A52A7D607D8F9D7481EC5A0B260A6ACE9F2FCD8F507"},{"@Name":"ParentProcessGuid","#text":"dbf410b3-3b97-6809-f101-000000004100"},{"@Name":"ParentProcessId","#text":"3180"},{"@Name":"ParentImage","#text":"C:\Windows\Microsoft.NET\Framework64\v4.0.30319\ngen.exe"},{"@Name":"ParentCommandLine","#text":"\"C:\Windows\Microsoft.NET\Framework64\v4.0.30319\ngen.exe\" ExecuteQueuedItems /LegacyServiceBehavior"},{"@Name":"ParentUser","#text":"NT AUTHORITY\SYSTEM"}]}}}
{"Event":{"System":{"Provider":{"@Name":"Microsoft-Windows-Sysmon","@Guid":"5770385f-c22a-43e0-bf4c-06f5698ffbd9"},"EventID":"5","Version":"3","Level":"4","Task":"5","Opcode":"0","Keywords":"10000","TimeCreated":{"@SystemTime":"2025-04-23 19:14:52.8544154"},"EventRecordID":"45050","Correlation":null,"Execution":{"@ProcessID":"3244","@ThreadID":"3828"},"Channel":"Microsoft-Windows-Sysmon/Operational","Computer":"Server002","Security":{"@UserID":"S-1-5-18"}},"EventData":{"Data":[{"@Name":"RuleName","#text":"-"},{"@Name":"UtcTime","#text":"2025-04-23 19:14:52.841"},{"@Name":"ProcessGuid","#text":"dbf410b3-3c2c-6809-4e02-000000004100"},{"@Name":"ProcessId","#text":"2668"},{"@Name":"Image","#text":"C:\Windows\Microsoft.NET\Framework64\v4.0.30319\mscorsvw.exe"},{"@Name":"User","#text":"NT AUTHORITY\SYSTEM"}]}}}
{"Event":{"System":{"Provider":{"@Name":"Microsoft-Windows-Sysmon","@Guid":"5770385f-c22a-43e0-bf4c-06f5698ffbd9"},"EventID":"5","Version":"3","Level":"4","Task":"5","Opcode":"0","Keywords":"10000","TimeCreated":{"@SystemTime":"2025-04-23 19:14:53.0858903"},"EventRecordID":"45051","Correlation":null,"Execution":{"@ProcessID":"3244","@ThreadID":"3828"},"Channel":"Microsoft-Windows-Sysmon/Operational","Computer":"Server002","Security":{"@UserID":"S-1-5-18"}},"EventData":{"Data":[{"@Name":"RuleName","#text":"-"},{"@Name":"UtcTime","#text":"2025-04-23 19:14:53.072"},{"@Name":"ProcessGuid","#text":"dbf410b3-3c2c-6809-4f02-000000004100"},{"@Name":"ProcessId","#text":"3936"},{"@Name":"Image","#text":"C:\Windows\Microsoft.NET\Framework64\v4.0.30319\mscorsvw.exe"},{"@Name":"User","#text":"NT AUTHORITY\SYSTEM"}]}}}
{"Event":{"System":{"Provider":{"@Name":"Microsoft-Windows-Sysmon","@Guid":"5770385f-c22a-43e0-bf4c-06f5698ffbd9"},"EventID":"1","Version":"5","Level":"4","Task":"1","Opcode":"0","Keywords":"10000","TimeCreated":{"@SystemTime":"2025-04-23 19:14:53.0870481"},"EventRecordID":"45052","Correlation":null,"Execution":{"@ProcessID":"3244","@ThreadID":"3828"},"Channel":"Microsoft-Windows-Sysmon/Operational","Computer":"Server002","Security":{"@UserID":"S-1-5-18"}},"EventData":{"Data":[{"@Name":"RuleName","#text":"-"},{"@Name":"UtcTime","#text":"2025-04-23 19:14:53.077"},{"@Name":"ProcessGuid","#text":"dbf410b3-3c2d-6809-5002-000000004100"},{"@Name":"ProcessId","#text":"9260"},{"@Name":"Image","#text":"C:\Windows\Microsoft.NET\Framework64\v4.0.30319\mscorsvw.exe"},{"@Name":"FileVersion","#text":"4.8.9093.0 built by: NET481REL1LAST_C"},{"@Name":"Description","#text":".NET Runtime Optimization Service"},{"@Name":"Product","#text":"Microsoft® .NET Framework"},{"@Name":"Company","#text":"Microsoft Corporation"},{"@Name":"OriginalFileName","#text":"mscorsvw.exe"},{"@Name":"CommandLine","#text":"C:\Windows\Microsoft.NET\Framework64\v4.0.30319\mscorsvw.exe -StartupEvent 430 -InterruptEvent 0 -NGENProcess 43c -Pipe 438 -Comment \"NGen Worker Process\""},{"@Name":"CurrentDirectory","#text":"C:\Windows\system32\"},{"@Name":"User","#text":"NT AUTHORITY\SYSTEM"},{"@Name":"LogonGuid","#text":"dbf410b3-38ed-6809-e703-000000000000"},{"@Name":"LogonId","#text":"0x3E7"},{"@Name":"TerminalSessionId","#text":"0"},{"@Name":"IntegrityLevel","#text":"System"},{"@Name":"Hashes","#text":"SHA256=B63825D9B79213568CB57A52A7D607D8F9D7481EC5A0B260A6ACE9F2FCD8F507"},{"@Name":"ParentProcessGuid","#text":"dbf410b3-3b97-6809-f101-000000004100"},{"@Name":"ParentProcessId","#text":"3180"},{"@Name":"ParentImage","#text":"C:\Windows\Microsoft.NET\Framework64\v4.0.30319\ngen.exe"},{"@Name":"ParentCommandLine","#text":"\"C:\Windows\Microsoft.NET\Framework64\v4.0.30319\ngen.exe\" ExecuteQueuedItems /LegacyServiceBehavior"},{"@Name":"ParentUser","#text":"NT AUTHORITY\SYSTEM"}]}}}
{"Event":{"System":{"Provider":{"@Name":"Microsoft-Windows-Sysmon","@Guid":"5770385f-c22a-43e0-bf4c-06f5698ffbd9"},"EventID":"1","Version":"5","Level":"4","Task":"1","Opcode":"0","Keywords":"10000","TimeCreated":{"@SystemTime":"2025-04-23 19:14:53.3126231"},"EventRecordID":"45053","Correlation":null,"Execution":{"@ProcessID":"3244","@ThreadID":"3828"},"Channel":"Microsoft-Windows-Sysmon/Operational","Computer":"Server002","Security":{"@UserID":"S-1-5-18"}},"EventData":{"Data":[{"@Name":"RuleName","#text":"-"},{"@Name":"UtcTime","#text":"2025-04-23 19:14:53.294"},{"@Name":"ProcessGuid","#text":"dbf410b3-3c2d-6809-5102-000000004100"},{"@Name":"ProcessId","#text":"1364"},{"@Name":"Image","#text":"C:\Windows\Microsoft.NET\Framework64\v4.0.30319\mscorsvw.exe"},{"@Name":"FileVersion","#text":"4.8.9093.0 built by: NET481REL1LAST_C"},{"@Name":"Description","#text":".NET Runtime Optimization Service"},{"@Name":"Product","#text":"Microsoft® .NET Framework"},{"@Name":"Company","#text":"Microsoft Corporation"},{"@Name":"OriginalFileName","#text":"mscorsvw.exe"},{"@Name":"CommandLine","#text":"C:\Windows\Microsoft.NET\Framework64\v4.0.30319\mscorsvw.exe -StartupEvent 3a8 -InterruptEvent 0 -NGENProcess 404 -Pipe 428 -Comment \"NGen Worker Process\""},{"@Name":"CurrentDirectory","#text":"C:\Windows\system32\"},{"@Name":"User","#text":"NT AUTHORITY\SYSTEM"},{"@Name":"LogonGuid","#text":"dbf410b3-38ed-6809-e703-000000000000"},{"@Name":"LogonId","#text":"0x3E7"},{"@Name":"TerminalSessionId","#text":"0"},{"@Name":"IntegrityLevel","#text":"System"},{"@Name":"Hashes","#text":"SHA256=B63825D9B79213568CB57A52A7D607D8F9D7481EC5A0B260A6ACE9F2FCD8F507"},{"@Name":"ParentProcessGuid","#text":"dbf410b3-3b97-6809-f101-000000004100"},{"@Name":"ParentProcessId","#text":"3180"},{"@Name":"ParentImage","#text":"C:\Windows\Microsoft.NET\Framework64\v4.0.30319\ngen.exe"},{"@Name":"ParentCommandLine","#text":"\"C:\Windows\Microsoft.NET\Framework64\v4.0.30319\ngen.exe\" ExecuteQueuedItems /LegacyServiceBehavior"},{"@Name":"ParentUser","#text":"NT AUTHORITY\SYSTEM"}]}}}
{"Event":{"System":{"Provider":{"@Name":"Microsoft-Windows-Sysmon","@Guid":"5770385f-c22a-43e0-bf4c-06f5698ffbd9"},"EventID":"5","Version":"3","Level":"4","Task":"5","Opcode":"0","Keywords":"10000","TimeCreated":{"@SystemTime":"2025-04-23 19:14:53.3131253"},"EventRecordID":"45054","Correlation":null,"Execution":{"@ProcessID":"3244","@ThreadID":"3828"},"Channel":"Microsoft-Windows-Sysmon/Operational","Computer":"Server002","Security":{"@UserID":"S-1-5-18"}},"EventData":{"Data":[{"@Name":"RuleName","#text":"-"},{"@Name":"UtcTime","#text":"2025-04-23 19:14:53.304"},{"@Name":"ProcessGuid","#text":"dbf410b3-3c2d-6809-5002-000000004100"},{"@Name":"ProcessId","#text":"9260"},{"@Name":"Image","#text":"C:\Windows\Microsoft.NET\Framework64\v4.0.30319\mscorsvw.exe"},{"@Name":"User","#text":"NT AUTHORITY\SYSTEM"}]}}}
{"Event":{"System":{"Provider":{"@Name":"Microsoft-Windows-Sysmon","@Guid":"5770385f-c22a-43e0-bf4c-06f5698ffbd9"},"EventID":"1","Version":"5","Level":"4","Task":"1","Opcode":"0","Keywords":"10000","TimeCreated":{"@SystemTime":"2025-04-23 19:14:53.9410891"},"EventRecordID":"45055","Correlation":null,"Execution":{"@ProcessID":"3244","@ThreadID":"3828"},"Channel":"Microsoft-Windows-Sysmon/Operational","Computer":"Server002","Security":{"@UserID":"S-1-5-18"}},"EventData":{"Data":[{"@Name":"RuleName","#text":"-"},{"@Name":"UtcTime","#text":"2025-04-23 19:14:53.931"},{"@Name":"ProcessGuid","#text":"dbf410b3-3c2d-6809-5202-000000004100"},{"@Name":"ProcessId","#text":"2480"},{"@Name":"Image","#text":"C:\Windows\Microsoft.NET\Framework64\v4.0.30319\mscorsvw.exe"},{"@Name":"FileVersion","#text":"4.8.9093.0 built by: NET481REL1LAST_C"},{"@Name":"Description","#text":".NET Runtime Optimization Service"},{"@Name":"Product","#text":"Microsoft® .NET Framework"},{"@Name":"Company","#text":"Microsoft Corporation"},{"@Name":"OriginalFileName","#text":"mscorsvw.exe"},{"@Name":"CommandLine","#text":"C:\Windows\Microsoft.NET\Framework64\v4.0.30319\mscorsvw.exe -StartupEvent 434 -InterruptEvent 0 -NGENProcess 420 -Pipe 430 -Comment \"NGen Worker Process\""},{"@Name":"CurrentDirectory","#text":"C:\Windows\system32\"},{"@Name":"User","#text":"NT AUTHORITY\SYSTEM"},{"@Name":"LogonGuid","#text":"dbf410b3-38ed-6809-e703-000000000000"},{"@Name":"LogonId","#text":"0x3E7"},{"@Name":"TerminalSessionId","#text":"0"},{"@Name":"IntegrityLevel","#text":"System"},{"@Name":"Hashes","#text":"SHA256=B63825D9B79213568CB57A52A7D607D8F9D7481EC5A0B260A6ACE9F2FCD8F507"},{"@Name":"ParentProcessGuid","#text":"dbf410b3-3b97-6809-f101-000000004100"},{"@Name":"ParentProcessId","#text":"3180"},{"@Name":"ParentImage","#text":"C:\Windows\Microsoft.NET\Framework64\v4.0.30319\ngen.exe"},{"@Name":"ParentCommandLine","#text":"\"C:\Windows\Microsoft.NET\Framework64\v4.0.30319\ngen.exe\" ExecuteQueuedItems /LegacyServiceBehavior"},{"@Name":"ParentUser","#text":"NT AUTHORITY\SYSTEM"}]}}}
{"Event":{"System":{"Provider":{"@Name":"Microsoft-Windows-Sysmon","@Guid":"5770385f-c22a-43e0-bf4c-06f5698ffbd9"},"EventID":"5","Version":"3","Level":"4","Task":"5","Opcode":"0","Keywords":"10000","TimeCreated":{"@SystemTime":"2025-04-23 19:14:53.9431714"},"EventRecordID":"45056","Correlation":null,"Execution":{"@ProcessID":"3244","@ThreadID":"3828"},"Channel":"Microsoft-Windows-Sysmon/Operational","Computer":"Server002","Security":{"@UserID":"S-1-5-18"}},"EventData":{"Data":[{"@Name":"RuleName","#text":"-"},{"@Name":"UtcTime","#text":"2025-04-23 19:14:53.937"},{"@Name":"ProcessGuid","#text":"dbf410b3-3c2d-6809-5102-000000004100"},{"@Name":"ProcessId","#text":"1364"},{"@Name":"Image","#text":"C:\Windows\Microsoft.NET\Framework64\v4.0.30319\mscorsvw.exe"},{"@Name":"User","#text":"NT AUTHORITY\SYSTEM"}]}}}
{"Event":{"System":{"Provider":{"@Name":"Microsoft-Windows-Sysmon","@Guid":"5770385f-c22a-43e0-bf4c-06f5698ffbd9"},"EventID":"1","Version":"5","Level":"4","Task":"1","Opcode":"0","Keywords":"10000","TimeCreated":{"@SystemTime":"2025-04-23 19:14:54.2299164"},"EventRecordID":"45057","Correlation":null,"Execution":{"@ProcessID":"3244","@ThreadID":"3828"},"Channel":"Microsoft-Windows-Sysmon/Operational","Computer":"Server002","Security":{"@UserID":"S-1-5-18"}},"EventData":{"Data":[{"@Name":"RuleName","#text":"-"},{"@Name":"UtcTime","#text":"2025-04-23 19:14:54.216"},{"@Name":"ProcessGuid","#text":"dbf410b3-3c2e-6809-5302-000000004100"},{"@Name":"ProcessId","#text":"5444"},{"@Name":"Image","#text":"C:\Windows\Microsoft.NET\Framework64\v4.0.30319\mscorsvw.exe"},{"@Name":"FileVersion","#text":"4.8.9093.0 built by: NET481REL1LAST_C"},{"@Name":"Description","#text":".NET Runtime Optimization Service"},{"@Name":"Product","#text":"Microsoft® .NET Framework"},{"@Name":"Company","#text":"Microsoft Corporation"},{"@Name":"OriginalFileName","#text":"mscorsvw.exe"},{"@Name":"CommandLine","#text":"C:\Windows\Microsoft.NET\Framework64\v4.0.30319\mscorsvw.exe -StartupEvent 3a8 -InterruptEvent 0 -NGENProcess 420 -Pipe 43c -Comment \"NGen Worker Process\""},{"@Name":"CurrentDirectory","#text":"C:\Windows\system32\"},{"@Name":"User","#text":"NT AUTHORITY\SYSTEM"},{"@Name":"LogonGuid","#text":"dbf410b3-38ed-6809-e703-000000000000"},{"@Name":"LogonId","#text":"0x3E7"},{"@Name":"TerminalSessionId","#text":"0"},{"@Name":"IntegrityLevel","#text":"System"},{"@Name":"Hashes","#text":"SHA256=B63825D9B79213568CB57A52A7D607D8F9D7481EC5A0B260A6ACE9F2FCD8F507"},{"@Name":"ParentProcessGuid","#text":"dbf410b3-3b97-6809-f101-000000004100"},{"@Name":"ParentProcessId","#text":"3180"},{"@Name":"ParentImage","#text":"C:\Windows\Microsoft.NET\Framework64\v4.0.30319\ngen.exe"},{"@Name":"ParentCommandLine","#text":"\"C:\Windows\Microsoft.NET\Framework64\v4.0.30319\ngen.exe\" ExecuteQueuedItems /LegacyServiceBehavior"},{"@Name":"ParentUser","#text":"NT AUTHORITY\SYSTEM"}]}}}
{"Event":{"System":{"Provider":{"@Name":"Microsoft-Windows-Sysmon","@Guid":"5770385f-c22a-43e0-bf4c-06f5698ffbd9"},"EventID":"5","Version":"3","Level":"4","Task":"5","Opcode":"0","Keywords":"10000","TimeCreated":{"@SystemTime":"2025-04-23 19:14:54.2315260"},"EventRecordID":"45058","Correlation":null,"Execution":{"@ProcessID":"3244","@ThreadID":"3828"},"Channel":"Microsoft-Windows-Sysmon/Operational","Computer":"Server002","Security":{"@UserID":"S-1-5-18"}},"EventData":{"Data":[{"@Name":"RuleName","#text":"-"},{"@Name":"UtcTime","#text":"2025-04-23 19:14:54.224"},{"@Name":"ProcessGuid","#text":"dbf410b3-3c2d-6809-5202-000000004100"},{"@Name":"ProcessId","#text":"2480"},{"@Name":"Image","#text":"C:\Windows\Microsoft.NET\Framework64\v4.0.30319\mscorsvw.exe"},{"@Name":"User","#text":"NT AUTHORITY\SYSTEM"}]}}}
{"Event":{"System":{"Provider":{"@Name":"Microsoft-Windows-Sysmon","@Guid":"5770385f-c22a-43e0-bf4c-06f5698ffbd9"},"EventID":"1","Version":"5","Level":"4","Task":"1","Opcode":"0","Keywords":"10000","TimeCreated":{"@SystemTime":"2025-04-23 19:14:55.8071003"},"EventRecordID":"45059","Correlation":null,"Execution":{"@ProcessID":"3244","@ThreadID":"3828"},"Channel":"Microsoft-Windows-Sysmon/Operational","Computer":"Server002","Security":{"@UserID":"S-1-5-18"}},"EventData":{"Data":[{"@Name":"RuleName","#text":"-"},{"@Name":"UtcTime","#text":"2025-04-23 19:14:55.764"},{"@Name":"ProcessGuid","#text":"dbf410b3-3c2f-6809-5402-000000004100"},{"@Name":"ProcessId","#text":"6592"},{"@Name":"Image","#text":"C:\Windows\Microsoft.NET\Framework64\v4.0.30319\mscorsvw.exe"},{"@Name":"FileVersion","#text":"4.8.9093.0 built by: NET481REL1LAST_C"},{"@Name":"Description","#text":".NET Runtime Optimization Service"},{"@Name":"Product","#text":"Microsoft® .NET Framework"},{"@Name":"Company","#text":"Microsoft Corporation"},{"@Name":"OriginalFileName","#text":"mscorsvw.exe"},{"@Name":"CommandLine","#text":"C:\Windows\Microsoft.NET\Framework64\v4.0.30319\mscorsvw.exe -StartupEvent 404 -InterruptEvent 0 -NGENProcess 3b8 -Pipe 3f0 -Comment \"NGen Worker Process\""},{"@Name":"CurrentDirectory","#text":"C:\Windows\system32\"},{"@Name":"User","#text":"NT AUTHORITY\SYSTEM"},{"@Name":"LogonGuid","#text":"dbf410b3-38ed-6809-e703-000000000000"},{"@Name":"LogonId","#text":"0x3E7"},{"@Name":"TerminalSessionId","#text":"0"},{"@Name":"IntegrityLevel","#text":"System"},{"@Name":"Hashes","#text":"SHA256=B63825D9B79213568CB57A52A7D607D8F9D7481EC5A0B260A6ACE9F2FCD8F507"},{"@Name":"ParentProcessGuid","#text":"dbf410b3-3b97-6809-f101-000000004100"},{"@Name":"ParentProcessId","#text":"3180"},{"@Name":"ParentImage","#text":"C:\Windows\Microsoft.NET\Framework64\v4.0.30319\ngen.exe"},{"@Name":"ParentCommandLine","#text":"\"C:\Windows\Microsoft.NET\Framework64\v4.0.30319\ngen.exe\" ExecuteQueuedItems /LegacyServiceBehavior"},{"@Name":"ParentUser","#text":"NT AUTHORITY\SYSTEM"}]}}}
{"Event":{"System":{"Provider":{"@Name":"Microsoft-Windows-Sysmon","@Guid":"5770385f-c22a-43e0-bf4c-06f5698ffbd9"},"EventID":"5","Version":"3","Level":"4","Task":"5","Opcode":"0","Keywords":"10000","TimeCreated":{"@SystemTime":"2025-04-23 19:14:55.8089512"},"EventRecordID":"45060","Correlation":null,"Execution":{"@ProcessID":"3244","@ThreadID":"3828"},"Channel":"Microsoft-Windows-Sysmon/Operational","Computer":"Server002","Security":{"@UserID":"S-1-5-18"}},"EventData":{"Data":[{"@Name":"RuleName","#text":"-"},{"@Name":"UtcTime","#text":"2025-04-23 19:14:55.795"},{"@Name":"ProcessGuid","#text":"dbf410b3-3c2e-6809-5302-000000004100"},{"@Name":"ProcessId","#text":"5444"},{"@Name":"Image","#text":"C:\Windows\Microsoft.NET\Framework64\v4.0.30319\mscorsvw.exe"},{"@Name":"User","#text":"NT AUTHORITY\SYSTEM"}]}}}
{"Event":{"System":{"Provider":{"@Name":"Microsoft-Windows-Sysmon","@Guid":"5770385f-c22a-43e0-bf4c-06f5698ffbd9"},"EventID":"1","Version":"5","Level":"4","Task":"1","Opcode":"0","Keywords":"10000","TimeCreated":{"@SystemTime":"2025-04-23 19:14:56.8346281"},"EventRecordID":"45061","Correlation":null,"Execution":{"@ProcessID":"3244","@ThreadID":"3828"},"Channel":"Microsoft-Windows-Sysmon/Operational","Computer":"Server002","Security":{"@UserID":"S-1-5-18"}},"EventData":{"Data":[{"@Name":"RuleName","#text":"-"},{"@Name":"UtcTime","#text":"2025-04-23 19:14:56.578"},{"@Name":"ProcessGuid","#text":"dbf410b3-3c30-6809-5502-000000004100"},{"@Name":"ProcessId","#text":"7480"},{"@Name":"Image","#text":"C:\Windows\Microsoft.NET\Framework64\v4.0.30319\mscorsvw.exe"},{"@Name":"FileVersion","#text":"4.8.9093.0 built by: NET481REL1LAST_C"},{"@Name":"Description","#text":".NET Runtime Optimization Service"},{"@Name":"Product","#text":"Microsoft® .NET Framework"},{"@Name":"Company","#text":"Microsoft Corporation"},{"@Name":"OriginalFileName","#text":"mscorsvw.exe"},{"@Name":"CommandLine","#text":"C:\Windows\Microsoft.NET\Framework64\v4.0.30319\mscorsvw.exe -StartupEvent 404 -InterruptEvent 0 -NGENProcess 40c -Pipe 408 -Comment \"NGen Worker Process\""},{"@Name":"CurrentDirectory","#text":"C:\Windows\system32\"},{"@Name":"User","#text":"NT AUTHORITY\SYSTEM"},{"@Name":"LogonGuid","#text":"dbf410b3-38ed-6809-e703-000000000000"},{"@Name":"LogonId","#text":"0x3E7"},{"@Name":"TerminalSessionId","#text":"0"},{"@Name":"IntegrityLevel","#text":"System"},{"@Name":"Hashes","#text":"SHA256=B63825D9B79213568CB57A52A7D607D8F9D7481EC5A0B260A6ACE9F2FCD8F507"},{"@Name":"ParentProcessGuid","#text":"dbf410b3-3b97-6809-f101-000000004100"},{"@Name":"ParentProcessId","#text":"3180"},{"@Name":"ParentImage","#text":"C:\Windows\Microsoft.NET\Framework64\v4.0.30319\ngen.exe"},{"@Name":"ParentCommandLine","#text":"\"C:\Windows\Microsoft.NET\Framework64\v4.0.30319\ngen.exe\" ExecuteQueuedItems /LegacyServiceBehavior"},{"@Name":"ParentUser","#text":"NT AUTHORITY\SYSTEM"}]}}}
{"Event":{"System":{"Provider":{"@Name":"Microsoft-Windows-Sysmon","@Guid":"5770385f-c22a-43e0-bf4c-06f5698ffbd9"},"EventID":"5","Version":"3","Level":"4","Task":"5","Opcode":"0","Keywords":"10000","TimeCreated":{"@SystemTime":"2025-04-23 19:14:56.8369311"},"EventRecordID":"45062","Correlation":null,"Execution":{"@ProcessID":"3244","@ThreadID":"3828"},"Channel":"Microsoft-Windows-Sysmon/Operational","Computer":"Server002","Security":{"@UserID":"S-1-5-18"}},"EventData":{"Data":[{"@Name":"RuleName","#text":"-"},{"@Name":"UtcTime","#text":"2025-04-23 19:14:56.828"},{"@Name":"ProcessGuid","#text":"dbf410b3-3c2f-6809-5402-000000004100"},{"@Name":"ProcessId","#text":"6592"},{"@Name":"Image","#text":"C:\Windows\Microsoft.NET\Framework64\v4.0.30319\mscorsvw.exe"},{"@Name":"User","#text":"NT AUTHORITY\SYSTEM"}]}}}
