{"Event":{"System":{"Provider":{"@Name":"Microsoft-Windows-Security-Auditing","@Guid":"54849625-5478-4994-a5ba-3e3b0328c30d"},"EventID":"4798","Version":"0","Level":"0","Task":"13824","Opcode":"0","Keywords":"0x8020000000000000","TimeCreated":{"@SystemTime":"2025-06-22 21:19:07.9154944"},"EventRecordID":"100871","Correlation":{"@ActivityID":"57082e39-e3c5-0000-d02e-0857c5e3db01"},"Execution":{"@ProcessID":"692","@ThreadID":"2960"},"Channel":"Security","Computer":"Server002","Security":null},"EventData":{"Data":[{"@Name":"TargetUserName","#text":"Administrator"},{"@Name":"TargetDomainName","#text":"SERVER002"},{"@Name":"TargetSid","#text":"S-1-5-21-3962163828-2803415714-1403596700-500"},{"@Name":"SubjectUserSid","#text":"S-1-5-18"},{"@Name":"SubjectUserName","#text":"SERVER002$"},{"@Name":"SubjectDomainName","#text":"WORKGROUP"},{"@Name":"SubjectLogonId","#text":"0x3E7"},{"@Name":"CallerProcessId","#text":"0x1F10"},{"@Name":"CallerProcessName","#text":"C:\Program Files\Malwarebytes\Anti-Malware\MBAMService.exe"}]}}}
{"Event":{"System":{"Provider":{"@Name":"Microsoft-Windows-Security-Auditing","@Guid":"54849625-5478-4994-a5ba-3e3b0328c30d"},"EventID":"4798","Version":"0","Level":"0","Task":"13824","Opcode":"0","Keywords":"0x8020000000000000","TimeCreated":{"@SystemTime":"2025-06-22 21:19:07.9157147"},"EventRecordID":"100872","Correlation":{"@ActivityID":"57082e39-e3c5-0000-d02e-0857c5e3db01"},"Execution":{"@ProcessID":"692","@ThreadID":"2960"},"Channel":"Security","Computer":"Server002","Security":null},"EventData":{"Data":[{"@Name":"TargetUserName","#text":"admin_test"},{"@Name":"TargetDomainName","#text":"SERVER002"},{"@Name":"TargetSid","#text":"S-1-5-21-3962163828-2803415714-1403596700-1006"},{"@Name":"SubjectUserSid","#text":"S-1-5-18"},{"@Name":"SubjectUserName","#text":"SERVER002$"},{"@Name":"SubjectDomainName","#text":"WORKGROUP"},{"@Name":"SubjectLogonId","#text":"0x3E7"},{"@Name":"CallerProcessId","#text":"0x1F10"},{"@Name":"CallerProcessName","#text":"C:\Program Files\Malwarebytes\Anti-Malware\MBAMService.exe"}]}}}
{"Event":{"System":{"Provider":{"@Name":"Microsoft-Windows-Security-Auditing","@Guid":"54849625-5478-4994-a5ba-3e3b0328c30d"},"EventID":"4798","Version":"0","Level":"0","Task":"13824","Opcode":"0","Keywords":"0x8020000000000000","TimeCreated":{"@SystemTime":"2025-06-22 21:19:07.9158837"},"EventRecordID":"100873","Correlation":{"@ActivityID":"57082e39-e3c5-0000-d02e-0857c5e3db01"},"Execution":{"@ProcessID":"692","@ThreadID":"2960"},"Channel":"Security","Computer":"Server002","Security":null},"EventData":{"Data":[{"@Name":"TargetUserName","#text":"DefaultAccount"},{"@Name":"TargetDomainName","#text":"SERVER002"},{"@Name":"TargetSid","#text":"S-1-5-21-3962163828-2803415714-1403596700-503"},{"@Name":"SubjectUserSid","#text":"S-1-5-18"},{"@Name":"SubjectUserName","#text":"SERVER002$"},{"@Name":"SubjectDomainName","#text":"WORKGROUP"},{"@Name":"SubjectLogonId","#text":"0x3E7"},{"@Name":"CallerProcessId","#text":"0x1F10"},{"@Name":"CallerProcessName","#text":"C:\Program Files\Malwarebytes\Anti-Malware\MBAMService.exe"}]}}}
{"Event":{"System":{"Provider":{"@Name":"Microsoft-Windows-Security-Auditing","@Guid":"54849625-5478-4994-a5ba-3e3b0328c30d"},"EventID":"4798","Version":"0","Level":"0","Task":"13824","Opcode":"0","Keywords":"0x8020000000000000","TimeCreated":{"@SystemTime":"2025-06-22 21:19:07.9160531"},"EventRecordID":"100874","Correlation":{"@ActivityID":"57082e39-e3c5-0000-d02e-0857c5e3db01"},"Execution":{"@ProcessID":"692","@ThreadID":"2960"},"Channel":"Security","Computer":"Server002","Security":null},"EventData":{"Data":[{"@Name":"TargetUserName","#text":"Guest"},{"@Name":"TargetDomainName","#text":"SERVER002"},{"@Name":"TargetSid","#text":"S-1-5-21-3962163828-2803415714-1403596700-501"},{"@Name":"SubjectUserSid","#text":"S-1-5-18"},{"@Name":"SubjectUserName","#text":"SERVER002$"},{"@Name":"SubjectDomainName","#text":"WORKGROUP"},{"@Name":"SubjectLogonId","#text":"0x3E7"},{"@Name":"CallerProcessId","#text":"0x1F10"},{"@Name":"CallerProcessName","#text":"C:\Program Files\Malwarebytes\Anti-Malware\MBAMService.exe"}]}}}
{"Event":{"System":{"Provider":{"@Name":"Microsoft-Windows-Security-Auditing","@Guid":"54849625-5478-4994-a5ba-3e3b0328c30d"},"EventID":"4798","Version":"0","Level":"0","Task":"13824","Opcode":"0","Keywords":"0x8020000000000000","TimeCreated":{"@SystemTime":"2025-06-22 21:19:07.9162521"},"EventRecordID":"100875","Correlation":{"@ActivityID":"57082e39-e3c5-0000-d02e-0857c5e3db01"},"Execution":{"@ProcessID":"692","@ThreadID":"2960"},"Channel":"Security","Computer":"Server002","Security":null},"EventData":{"Data":[{"@Name":"TargetUserName","#text":"lplui"},{"@Name":"TargetDomainName","#text":"SERVER002"},{"@Name":"TargetSid","#text":"S-1-5-21-3962163828-2803415714-1403596700-1001"},{"@Name":"SubjectUserSid","#text":"S-1-5-18"},{"@Name":"SubjectUserName","#text":"SERVER002$"},{"@Name":"SubjectDomainName","#text":"WORKGROUP"},{"@Name":"SubjectLogonId","#text":"0x3E7"},{"@Name":"CallerProcessId","#text":"0x1F10"},{"@Name":"CallerProcessName","#text":"C:\Program Files\Malwarebytes\Anti-Malware\MBAMService.exe"}]}}}
{"Event":{"System":{"Provider":{"@Name":"Microsoft-Windows-Security-Auditing","@Guid":"54849625-5478-4994-a5ba-3e3b0328c30d"},"EventID":"4798","Version":"0","Level":"0","Task":"13824","Opcode":"0","Keywords":"0x8020000000000000","TimeCreated":{"@SystemTime":"2025-06-22 21:19:07.9164368"},"EventRecordID":"100876","Correlation":{"@ActivityID":"57082e39-e3c5-0000-d02e-0857c5e3db01"},"Execution":{"@ProcessID":"692","@ThreadID":"2960"},"Channel":"Security","Computer":"Server002","Security":null},"EventData":{"Data":[{"@Name":"TargetUserName","#text":"sshd"},{"@Name":"TargetDomainName","#text":"SERVER002"},{"@Name":"TargetSid","#text":"S-1-5-21-3962163828-2803415714-1403596700-1002"},{"@Name":"SubjectUserSid","#text":"S-1-5-18"},{"@Name":"SubjectUserName","#text":"SERVER002$"},{"@Name":"SubjectDomainName","#text":"WORKGROUP"},{"@Name":"SubjectLogonId","#text":"0x3E7"},{"@Name":"CallerProcessId","#text":"0x1F10"},{"@Name":"CallerProcessName","#text":"C:\Program Files\Malwarebytes\Anti-Malware\MBAMService.exe"}]}}}
{"Event":{"System":{"Provider":{"@Name":"Microsoft-Windows-Security-Auditing","@Guid":"54849625-5478-4994-a5ba-3e3b0328c30d"},"EventID":"4798","Version":"0","Level":"0","Task":"13824","Opcode":"0","Keywords":"0x8020000000000000","TimeCreated":{"@SystemTime":"2025-06-22 21:19:07.9166073"},"EventRecordID":"100877","Correlation":{"@ActivityID":"57082e39-e3c5-0000-d02e-0857c5e3db01"},"Execution":{"@ProcessID":"692","@ThreadID":"2960"},"Channel":"Security","Computer":"Server002","Security":null},"EventData":{"Data":[{"@Name":"TargetUserName","#text":"testing"},{"@Name":"TargetDomainName","#text":"SERVER002"},{"@Name":"TargetSid","#text":"S-1-5-21-3962163828-2803415714-1403596700-1005"},{"@Name":"SubjectUserSid","#text":"S-1-5-18"},{"@Name":"SubjectUserName","#text":"SERVER002$"},{"@Name":"SubjectDomainName","#text":"WORKGROUP"},{"@Name":"SubjectLogonId","#text":"0x3E7"},{"@Name":"CallerProcessId","#text":"0x1F10"},{"@Name":"CallerProcessName","#text":"C:\Program Files\Malwarebytes\Anti-Malware\MBAMService.exe"}]}}}
{"Event":{"System":{"Provider":{"@Name":"Microsoft-Windows-Security-Auditing","@Guid":"54849625-5478-4994-a5ba-3e3b0328c30d"},"EventID":"4798","Version":"0","Level":"0","Task":"13824","Opcode":"0","Keywords":"0x8020000000000000","TimeCreated":{"@SystemTime":"2025-06-22 21:19:07.9167755"},"EventRecordID":"100878","Correlation":{"@ActivityID":"57082e39-e3c5-0000-d02e-0857c5e3db01"},"Execution":{"@ProcessID":"692","@ThreadID":"2960"},"Channel":"Security","Computer":"Server002","Security":null},"EventData":{"Data":[{"@Name":"TargetUserName","#text":"WDAGUtilityAccount"},{"@Name":"TargetDomainName","#text":"SERVER002"},{"@Name":"TargetSid","#text":"S-1-5-21-3962163828-2803415714-1403596700-504"},{"@Name":"SubjectUserSid","#text":"S-1-5-18"},{"@Name":"SubjectUserName","#text":"SERVER002$"},{"@Name":"SubjectDomainName","#text":"WORKGROUP"},{"@Name":"SubjectLogonId","#text":"0x3E7"},{"@Name":"CallerProcessId","#text":"0x1F10"},{"@Name":"CallerProcessName","#text":"C:\Program Files\Malwarebytes\Anti-Malware\MBAMService.exe"}]}}}
{"Event":{"System":{"Provider":{"@Name":"Microsoft-Windows-Security-Auditing","@Guid":"54849625-5478-4994-a5ba-3e3b0328c30d"},"EventID":"4798","Version":"0","Level":"0","Task":"13824","Opcode":"0","Keywords":"0x8020000000000000","TimeCreated":{"@SystemTime":"2025-06-22 21:19:07.9175337"},"EventRecordID":"100879","Correlation":{"@ActivityID":"57082e39-e3c5-0000-d02e-0857c5e3db01"},"Execution":{"@ProcessID":"692","@ThreadID":"2960"},"Channel":"Security","Computer":"Server002","Security":null},"EventData":{"Data":[{"@Name":"TargetUserName","#text":"admin_test"},{"@Name":"TargetDomainName","#text":"SERVER002"},{"@Name":"TargetSid","#text":"S-1-5-21-3962163828-2803415714-1403596700-1006"},{"@Name":"SubjectUserSid","#text":"S-1-5-18"},{"@Name":"SubjectUserName","#text":"SERVER002$"},{"@Name":"SubjectDomainName","#text":"WORKGROUP"},{"@Name":"SubjectLogonId","#text":"0x3E7"},{"@Name":"CallerProcessId","#text":"0x1F10"},{"@Name":"CallerProcessName","#text":"C:\Program Files\Malwarebytes\Anti-Malware\MBAMService.exe"}]}}}
{"Event":{"System":{"Provider":{"@Name":"Microsoft-Windows-Security-Auditing","@Guid":"54849625-5478-4994-a5ba-3e3b0328c30d"},"EventID":"4798","Version":"0","Level":"0","Task":"13824","Opcode":"0","Keywords":"0x8020000000000000","TimeCreated":{"@SystemTime":"2025-06-22 21:19:07.9180818"},"EventRecordID":"100880","Correlation":{"@ActivityID":"57082e39-e3c5-0000-d02e-0857c5e3db01"},"Execution":{"@ProcessID":"692","@ThreadID":"2960"},"Channel":"Security","Computer":"Server002","Security":null},"EventData":{"Data":[{"@Name":"TargetUserName","#text":"DefaultAccount"},{"@Name":"TargetDomainName","#text":"SERVER002"},{"@Name":"TargetSid","#text":"S-1-5-21-3962163828-2803415714-1403596700-503"},{"@Name":"SubjectUserSid","#text":"S-1-5-18"},{"@Name":"SubjectUserName","#text":"SERVER002$"},{"@Name":"SubjectDomainName","#text":"WORKGROUP"},{"@Name":"SubjectLogonId","#text":"0x3E7"},{"@Name":"CallerProcessId","#text":"0x1F10"},{"@Name":"CallerProcessName","#text":"C:\Program Files\Malwarebytes\Anti-Malware\MBAMService.exe"}]}}}
{"Event":{"System":{"Provider":{"@Name":"Microsoft-Windows-Security-Auditing","@Guid":"54849625-5478-4994-a5ba-3e3b0328c30d"},"EventID":"4798","Version":"0","Level":"0","Task":"13824","Opcode":"0","Keywords":"0x8020000000000000","TimeCreated":{"@SystemTime":"2025-06-22 21:19:07.9187675"},"EventRecordID":"100881","Correlation":{"@ActivityID":"57082e39-e3c5-0000-d02e-0857c5e3db01"},"Execution":{"@ProcessID":"692","@ThreadID":"2960"},"Channel":"Security","Computer":"Server002","Security":null},"EventData":{"Data":[{"@Name":"TargetUserName","#text":"lplui"},{"@Name":"TargetDomainName","#text":"SERVER002"},{"@Name":"TargetSid","#text":"S-1-5-21-3962163828-2803415714-1403596700-1001"},{"@Name":"SubjectUserSid","#text":"S-1-5-18"},{"@Name":"SubjectUserName","#text":"SERVER002$"},{"@Name":"SubjectDomainName","#text":"WORKGROUP"},{"@Name":"SubjectLogonId","#text":"0x3E7"},{"@Name":"CallerProcessId","#text":"0x1F10"},{"@Name":"CallerProcessName","#text":"C:\Program Files\Malwarebytes\Anti-Malware\MBAMService.exe"}]}}}
{"Event":{"System":{"Provider":{"@Name":"Microsoft-Windows-Security-Auditing","@Guid":"54849625-5478-4994-a5ba-3e3b0328c30d"},"EventID":"4798","Version":"0","Level":"0","Task":"13824","Opcode":"0","Keywords":"0x8020000000000000","TimeCreated":{"@SystemTime":"2025-06-22 21:19:07.9202626"},"EventRecordID":"100882","Correlation":{"@ActivityID":"57082e39-e3c5-0000-d02e-0857c5e3db01"},"Execution":{"@ProcessID":"692","@ThreadID":"2960"},"Channel":"Security","Computer":"Server002","Security":null},"EventData":{"Data":[{"@Name":"TargetUserName","#text":"sshd"},{"@Name":"TargetDomainName","#text":"SERVER002"},{"@Name":"TargetSid","#text":"S-1-5-21-3962163828-2803415714-1403596700-1002"},{"@Name":"SubjectUserSid","#text":"S-1-5-18"},{"@Name":"SubjectUserName","#text":"SERVER002$"},{"@Name":"SubjectDomainName","#text":"WORKGROUP"},{"@Name":"SubjectLogonId","#text":"0x3E7"},{"@Name":"CallerProcessId","#text":"0x1F10"},{"@Name":"CallerProcessName","#text":"C:\Program Files\Malwarebytes\Anti-Malware\MBAMService.exe"}]}}}
{"Event":{"System":{"Provider":{"@Name":"Microsoft-Windows-Security-Auditing","@Guid":"54849625-5478-4994-a5ba-3e3b0328c30d"},"EventID":"4798","Version":"0","Level":"0","Task":"13824","Opcode":"0","Keywords":"0x8020000000000000","TimeCreated":{"@SystemTime":"2025-06-22 21:19:07.9207759"},"EventRecordID":"100883","Correlation":{"@ActivityID":"57082e39-e3c5-0000-d02e-0857c5e3db01"},"Execution":{"@ProcessID":"692","@ThreadID":"2960"},"Channel":"Security","Computer":"Server002","Security":null},"EventData":{"Data":[{"@Name":"TargetUserName","#text":"testing"},{"@Name":"TargetDomainName","#text":"SERVER002"},{"@Name":"TargetSid","#text":"S-1-5-21-3962163828-2803415714-1403596700-1005"},{"@Name":"SubjectUserSid","#text":"S-1-5-18"},{"@Name":"SubjectUserName","#text":"SERVER002$"},{"@Name":"SubjectDomainName","#text":"WORKGROUP"},{"@Name":"SubjectLogonId","#text":"0x3E7"},{"@Name":"CallerProcessId","#text":"0x1F10"},{"@Name":"CallerProcessName","#text":"C:\Program Files\Malwarebytes\Anti-Malware\MBAMService.exe"}]}}}
{"Event":{"System":{"Provider":{"@Name":"Microsoft-Windows-Security-Auditing","@Guid":"54849625-5478-4994-a5ba-3e3b0328c30d"},"EventID":"4798","Version":"0","Level":"0","Task":"13824","Opcode":"0","Keywords":"0x8020000000000000","TimeCreated":{"@SystemTime":"2025-06-22 21:19:07.9213534"},"EventRecordID":"100884","Correlation":{"@ActivityID":"57082e39-e3c5-0000-d02e-0857c5e3db01"},"Execution":{"@ProcessID":"692","@ThreadID":"2960"},"Channel":"Security","Computer":"Server002","Security":null},"EventData":{"Data":[{"@Name":"TargetUserName","#text":"WDAGUtilityAccount"},{"@Name":"TargetDomainName","#text":"SERVER002"},{"@Name":"TargetSid","#text":"S-1-5-21-3962163828-2803415714-1403596700-504"},{"@Name":"SubjectUserSid","#text":"S-1-5-18"},{"@Name":"SubjectUserName","#text":"SERVER002$"},{"@Name":"SubjectDomainName","#text":"WORKGROUP"},{"@Name":"SubjectLogonId","#text":"0x3E7"},{"@Name":"CallerProcessId","#text":"0x1F10"},{"@Name":"CallerProcessName","#text":"C:\Program Files\Malwarebytes\Anti-Malware\MBAMService.exe"}]}}}
{"Event":{"System":{"Provider":{"@Name":"Microsoft-Windows-Security-Auditing","@Guid":"54849625-5478-4994-a5ba-3e3b0328c30d"},"EventID":"4624","Version":"2","Level":"0","Task":"12544","Opcode":"0","Keywords":"0x8020000000000000","TimeCreated":{"@SystemTime":"2025-06-22 21:24:38.7337082"},"EventRecordID":"100885","Correlation":{"@ActivityID":"57082e39-e3c5-0000-d02e-0857c5e3db01"},"Execution":{"@ProcessID":"692","@ThreadID":"2960"},"Channel":"Security","Computer":"Server002","Security":null},"EventData":{"Data":[{"@Name":"SubjectUserSid","#text":"S-1-5-18"},{"@Name":"SubjectUserName","#text":"SERVER002$"},{"@Name":"SubjectDomainName","#text":"WORKGROUP"},{"@Name":"SubjectLogonId","#text":"0x3E7"},{"@Name":"TargetUserSid","#text":"S-1-5-18"},{"@Name":"TargetUserName","#text":"SYSTEM"},{"@Name":"TargetDomainName","#text":"NT AUTHORITY"},{"@Name":"TargetLogonId","#text":"0x3E7"},{"@Name":"LogonType","#text":"5"},{"@Name":"LogonProcessName","#text":"Advapi"},{"@Name":"AuthenticationPackageName","#text":"Negotiate"},{"@Name":"WorkstationName","#text":"-"},{"@Name":"LogonGuid","#text":"00000000-0000-0000-0000-000000000000"},{"@Name":"TransmittedServices","#text":"-"},{"@Name":"LmPackageName","#text":"-"},{"@Name":"KeyLength","#text":"0"},{"@Name":"ProcessId","#text":"0x2A4"},{"@Name":"ProcessName","#text":"C:\Windows\System32\services.exe"},{"@Name":"IpAddress","#text":"-"},{"@Name":"IpPort","#text":"-"},{"@Name":"ImpersonationLevel","#text":"%%1833"},{"@Name":"RestrictedAdminMode","#text":"-"},{"@Name":"TargetOutboundUserName","#text":"-"},{"@Name":"TargetOutboundDomainName","#text":"-"},{"@Name":"VirtualAccount","#text":"%%1843"},{"@Name":"TargetLinkedLogonId","#text":"0x0"},{"@Name":"ElevatedToken","#text":"%%1842"}]}}}
{"Event":{"System":{"Provider":{"@Name":"Microsoft-Windows-Security-Auditing","@Guid":"54849625-5478-4994-a5ba-3e3b0328c30d"},"EventID":"4672","Version":"0","Level":"0","Task":"12548","Opcode":"0","Keywords":"0x8020000000000000","TimeCreated":{"@SystemTime":"2025-06-22 21:24:38.7337131"},"EventRecordID":"100886","Correlation":{"@ActivityID":"57082e39-e3c5-0000-d02e-0857c5e3db01"},"Execution":{"@ProcessID":"692","@ThreadID":"2960"},"Channel":"Security","Computer":"Server002","Security":null},"EventData":{"Data":[{"@Name":"SubjectUserSid","#text":"S-1-5-18"},{"@Name":"SubjectUserName","#text":"SYSTEM"},{"@Name":"SubjectDomainName","#text":"NT AUTHORITY"},{"@Name":"SubjectLogonId","#text":"0x3E7"},{"@Name":"PrivilegeList","#text":"SeAssignPrimaryTokenPrivilege, SeTcbPrivilege, SeSecurityPrivilege, SeTakeOwnershipPrivilege, SeLoadDriverPrivilege, SeBackupPrivilege, SeRestorePrivilege, SeDebugPrivilege, SeAuditPrivilege, SeSystemEnvironmentPrivilege, SeImpersonatePrivilege, SeDelegateSessionUserImpersonatePrivilege"}]}}}
{"Event":{"System":{"Provider":{"@Name":"Microsoft-Windows-Security-Auditing","@Guid":"54849625-5478-4994-a5ba-3e3b0328c30d"},"EventID":"4798","Version":"0","Level":"0","Task":"13824","Opcode":"0","Keywords":"0x8020000000000000","TimeCreated":{"@SystemTime":"2025-06-22 21:24:39.8500459"},"EventRecordID":"100887","Correlation":{"@ActivityID":"57082e39-e3c5-0000-d02e-0857c5e3db01"},"Execution":{"@ProcessID":"692","@ThreadID":"7404"},"Channel":"Security","Computer":"Server002","Security":null},"EventData":{"Data":[{"@Name":"TargetUserName","#text":"Administrator"},{"@Name":"TargetDomainName","#text":"SERVER002"},{"@Name":"TargetSid","#text":"S-1-5-21-3962163828-2803415714-1403596700-500"},{"@Name":"SubjectUserSid","#text":"S-1-5-18"},{"@Name":"SubjectUserName","#text":"SERVER002$"},{"@Name":"SubjectDomainName","#text":"WORKGROUP"},{"@Name":"SubjectLogonId","#text":"0x3E7"},{"@Name":"CallerProcessId","#text":"0x1F10"},{"@Name":"CallerProcessName","#text":"C:\Program Files\Malwarebytes\Anti-Malware\MBAMService.exe"}]}}}
{"Event":{"System":{"Provider":{"@Name":"Microsoft-Windows-Security-Auditing","@Guid":"54849625-5478-4994-a5ba-3e3b0328c30d"},"EventID":"4798","Version":"0","Level":"0","Task":"13824","Opcode":"0","Keywords":"0x8020000000000000","TimeCreated":{"@SystemTime":"2025-06-22 21:24:39.8504288"},"EventRecordID":"100888","Correlation":{"@ActivityID":"57082e39-e3c5-0000-d02e-0857c5e3db01"},"Execution":{"@ProcessID":"692","@ThreadID":"7404"},"Channel":"Security","Computer":"Server002","Security":null},"EventData":{"Data":[{"@Name":"TargetUserName","#text":"admin_test"},{"@Name":"TargetDomainName","#text":"SERVER002"},{"@Name":"TargetSid","#text":"S-1-5-21-3962163828-2803415714-1403596700-1006"},{"@Name":"SubjectUserSid","#text":"S-1-5-18"},{"@Name":"SubjectUserName","#text":"SERVER002$"},{"@Name":"SubjectDomainName","#text":"WORKGROUP"},{"@Name":"SubjectLogonId","#text":"0x3E7"},{"@Name":"CallerProcessId","#text":"0x1F10"},{"@Name":"CallerProcessName","#text":"C:\Program Files\Malwarebytes\Anti-Malware\MBAMService.exe"}]}}}
{"Event":{"System":{"Provider":{"@Name":"Microsoft-Windows-Security-Auditing","@Guid":"54849625-5478-4994-a5ba-3e3b0328c30d"},"EventID":"4798","Version":"0","Level":"0","Task":"13824","Opcode":"0","Keywords":"0x8020000000000000","TimeCreated":{"@SystemTime":"2025-06-22 21:24:39.8511420"},"EventRecordID":"100889","Correlation":{"@ActivityID":"57082e39-e3c5-0000-d02e-0857c5e3db01"},"Execution":{"@ProcessID":"692","@ThreadID":"7404"},"Channel":"Security","Computer":"Server002","Security":null},"EventData":{"Data":[{"@Name":"TargetUserName","#text":"DefaultAccount"},{"@Name":"TargetDomainName","#text":"SERVER002"},{"@Name":"TargetSid","#text":"S-1-5-21-3962163828-2803415714-1403596700-503"},{"@Name":"SubjectUserSid","#text":"S-1-5-18"},{"@Name":"SubjectUserName","#text":"SERVER002$"},{"@Name":"SubjectDomainName","#text":"WORKGROUP"},{"@Name":"SubjectLogonId","#text":"0x3E7"},{"@Name":"CallerProcessId","#text":"0x1F10"},{"@Name":"CallerProcessName","#text":"C:\Program Files\Malwarebytes\Anti-Malware\MBAMService.exe"}]}}}
{"Event":{"System":{"Provider":{"@Name":"Microsoft-Windows-Security-Auditing","@Guid":"54849625-5478-4994-a5ba-3e3b0328c30d"},"EventID":"4798","Version":"0","Level":"0","Task":"13824","Opcode":"0","Keywords":"0x8020000000000000","TimeCreated":{"@SystemTime":"2025-06-22 21:24:39.8519515"},"EventRecordID":"100890","Correlation":{"@ActivityID":"57082e39-e3c5-0000-d02e-0857c5e3db01"},"Execution":{"@ProcessID":"692","@ThreadID":"7404"},"Channel":"Security","Computer":"Server002","Security":null},"EventData":{"Data":[{"@Name":"TargetUserName","#text":"Guest"},{"@Name":"TargetDomainName","#text":"SERVER002"},{"@Name":"TargetSid","#text":"S-1-5-21-3962163828-2803415714-1403596700-501"},{"@Name":"SubjectUserSid","#text":"S-1-5-18"},{"@Name":"SubjectUserName","#text":"SERVER002$"},{"@Name":"SubjectDomainName","#text":"WORKGROUP"},{"@Name":"SubjectLogonId","#text":"0x3E7"},{"@Name":"CallerProcessId","#text":"0x1F10"},{"@Name":"CallerProcessName","#text":"C:\Program Files\Malwarebytes\Anti-Malware\MBAMService.exe"}]}}}
{"Event":{"System":{"Provider":{"@Name":"Microsoft-Windows-Security-Auditing","@Guid":"54849625-5478-4994-a5ba-3e3b0328c30d"},"EventID":"4798","Version":"0","Level":"0","Task":"13824","Opcode":"0","Keywords":"0x8020000000000000","TimeCreated":{"@SystemTime":"2025-06-22 21:24:39.8521522"},"EventRecordID":"100891","Correlation":{"@ActivityID":"57082e39-e3c5-0000-d02e-0857c5e3db01"},"Execution":{"@ProcessID":"692","@ThreadID":"7404"},"Channel":"Security","Computer":"Server002","Security":null},"EventData":{"Data":[{"@Name":"TargetUserName","#text":"lplui"},{"@Name":"TargetDomainName","#text":"SERVER002"},{"@Name":"TargetSid","#text":"S-1-5-21-3962163828-2803415714-1403596700-1001"},{"@Name":"SubjectUserSid","#text":"S-1-5-18"},{"@Name":"SubjectUserName","#text":"SERVER002$"},{"@Name":"SubjectDomainName","#text":"WORKGROUP"},{"@Name":"SubjectLogonId","#text":"0x3E7"},{"@Name":"CallerProcessId","#text":"0x1F10"},{"@Name":"CallerProcessName","#text":"C:\Program Files\Malwarebytes\Anti-Malware\MBAMService.exe"}]}}}
{"Event":{"System":{"Provider":{"@Name":"Microsoft-Windows-Security-Auditing","@Guid":"54849625-5478-4994-a5ba-3e3b0328c30d"},"EventID":"4798","Version":"0","Level":"0","Task":"13824","Opcode":"0","Keywords":"0x8020000000000000","TimeCreated":{"@SystemTime":"2025-06-22 21:24:39.8523057"},"EventRecordID":"100892","Correlation":{"@ActivityID":"57082e39-e3c5-0000-d02e-0857c5e3db01"},"Execution":{"@ProcessID":"692","@ThreadID":"7404"},"Channel":"Security","Computer":"Server002","Security":null},"EventData":{"Data":[{"@Name":"TargetUserName","#text":"sshd"},{"@Name":"TargetDomainName","#text":"SERVER002"},{"@Name":"TargetSid","#text":"S-1-5-21-3962163828-2803415714-1403596700-1002"},{"@Name":"SubjectUserSid","#text":"S-1-5-18"},{"@Name":"SubjectUserName","#text":"SERVER002$"},{"@Name":"SubjectDomainName","#text":"WORKGROUP"},{"@Name":"SubjectLogonId","#text":"0x3E7"},{"@Name":"CallerProcessId","#text":"0x1F10"},{"@Name":"CallerProcessName","#text":"C:\Program Files\Malwarebytes\Anti-Malware\MBAMService.exe"}]}}}
{"Event":{"System":{"Provider":{"@Name":"Microsoft-Windows-Security-Auditing","@Guid":"54849625-5478-4994-a5ba-3e3b0328c30d"},"EventID":"4798","Version":"0","Level":"0","Task":"13824","Opcode":"0","Keywords":"0x8020000000000000","TimeCreated":{"@SystemTime":"2025-06-22 21:24:39.8524491"},"EventRecordID":"100893","Correlation":{"@ActivityID":"57082e39-e3c5-0000-d02e-0857c5e3db01"},"Execution":{"@ProcessID":"692","@ThreadID":"7404"},"Channel":"Security","Computer":"Server002","Security":null},"EventData":{"Data":[{"@Name":"TargetUserName","#text":"testing"},{"@Name":"TargetDomainName","#text":"SERVER002"},{"@Name":"TargetSid","#text":"S-1-5-21-3962163828-2803415714-1403596700-1005"},{"@Name":"SubjectUserSid","#text":"S-1-5-18"},{"@Name":"SubjectUserName","#text":"SERVER002$"},{"@Name":"SubjectDomainName","#text":"WORKGROUP"},{"@Name":"SubjectLogonId","#text":"0x3E7"},{"@Name":"CallerProcessId","#text":"0x1F10"},{"@Name":"CallerProcessName","#text":"C:\Program Files\Malwarebytes\Anti-Malware\MBAMService.exe"}]}}}
{"Event":{"System":{"Provider":{"@Name":"Microsoft-Windows-Security-Auditing","@Guid":"54849625-5478-4994-a5ba-3e3b0328c30d"},"EventID":"4798","Version":"0","Level":"0","Task":"13824","Opcode":"0","Keywords":"0x8020000000000000","TimeCreated":{"@SystemTime":"2025-06-22 21:24:39.8526095"},"EventRecordID":"100894","Correlation":{"@ActivityID":"57082e39-e3c5-0000-d02e-0857c5e3db01"},"Execution":{"@ProcessID":"692","@ThreadID":"7404"},"Channel":"Security","Computer":"Server002","Security":null},"EventData":{"Data":[{"@Name":"TargetUserName","#text":"WDAGUtilityAccount"},{"@Name":"TargetDomainName","#text":"SERVER002"},{"@Name":"TargetSid","#text":"S-1-5-21-3962163828-2803415714-1403596700-504"},{"@Name":"SubjectUserSid","#text":"S-1-5-18"},{"@Name":"SubjectUserName","#text":"SERVER002$"},{"@Name":"SubjectDomainName","#text":"WORKGROUP"},{"@Name":"SubjectLogonId","#text":"0x3E7"},{"@Name":"CallerProcessId","#text":"0x1F10"},{"@Name":"CallerProcessName","#text":"C:\Program Files\Malwarebytes\Anti-Malware\MBAMService.exe"}]}}}
{"Event":{"System":{"Provider":{"@Name":"Microsoft-Windows-Security-Auditing","@Guid":"54849625-5478-4994-a5ba-3e3b0328c30d"},"EventID":"4798","Version":"0","Level":"0","Task":"13824","Opcode":"0","Keywords":"0x8020000000000000","TimeCreated":{"@SystemTime":"2025-06-22 21:24:39.8556769"},"EventRecordID":"100895","Correlation":{"@ActivityID":"57082e39-e3c5-0000-d02e-0857c5e3db01"},"Execution":{"@ProcessID":"692","@ThreadID":"7404"},"Channel":"Security","Computer":"Server002","Security":null},"EventData":{"Data":[{"@Name":"TargetUserName","#text":"admin_test"},{"@Name":"TargetDomainName","#text":"SERVER002"},{"@Name":"TargetSid","#text":"S-1-5-21-3962163828-2803415714-1403596700-1006"},{"@Name":"SubjectUserSid","#text":"S-1-5-18"},{"@Name":"SubjectUserName","#text":"SERVER002$"},{"@Name":"SubjectDomainName","#text":"WORKGROUP"},{"@Name":"SubjectLogonId","#text":"0x3E7"},{"@Name":"CallerProcessId","#text":"0x1F10"},{"@Name":"CallerProcessName","#text":"C:\Program Files\Malwarebytes\Anti-Malware\MBAMService.exe"}]}}}
{"Event":{"System":{"Provider":{"@Name":"Microsoft-Windows-Security-Auditing","@Guid":"54849625-5478-4994-a5ba-3e3b0328c30d"},"EventID":"4798","Version":"0","Level":"0","Task":"13824","Opcode":"0","Keywords":"0x8020000000000000","TimeCreated":{"@SystemTime":"2025-06-22 21:24:39.8563093"},"EventRecordID":"100896","Correlation":{"@ActivityID":"57082e39-e3c5-0000-d02e-0857c5e3db01"},"Execution":{"@ProcessID":"692","@ThreadID":"7404"},"Channel":"Security","Computer":"Server002","Security":null},"EventData":{"Data":[{"@Name":"TargetUserName","#text":"DefaultAccount"},{"@Name":"TargetDomainName","#text":"SERVER002"},{"@Name":"TargetSid","#text":"S-1-5-21-3962163828-2803415714-1403596700-503"},{"@Name":"SubjectUserSid","#text":"S-1-5-18"},{"@Name":"SubjectUserName","#text":"SERVER002$"},{"@Name":"SubjectDomainName","#text":"WORKGROUP"},{"@Name":"SubjectLogonId","#text":"0x3E7"},{"@Name":"CallerProcessId","#text":"0x1F10"},{"@Name":"CallerProcessName","#text":"C:\Program Files\Malwarebytes\Anti-Malware\MBAMService.exe"}]}}}
{"Event":{"System":{"Provider":{"@Name":"Microsoft-Windows-Security-Auditing","@Guid":"54849625-5478-4994-a5ba-3e3b0328c30d"},"EventID":"4798","Version":"0","Level":"0","Task":"13824","Opcode":"0","Keywords":"0x8020000000000000","TimeCreated":{"@SystemTime":"2025-06-22 21:24:39.8569613"},"EventRecordID":"100897","Correlation":{"@ActivityID":"57082e39-e3c5-0000-d02e-0857c5e3db01"},"Execution":{"@ProcessID":"692","@ThreadID":"7404"},"Channel":"Security","Computer":"Server002","Security":null},"EventData":{"Data":[{"@Name":"TargetUserName","#text":"lplui"},{"@Name":"TargetDomainName","#text":"SERVER002"},{"@Name":"TargetSid","#text":"S-1-5-21-3962163828-2803415714-1403596700-1001"},{"@Name":"SubjectUserSid","#text":"S-1-5-18"},{"@Name":"SubjectUserName","#text":"SERVER002$"},{"@Name":"SubjectDomainName","#text":"WORKGROUP"},{"@Name":"SubjectLogonId","#text":"0x3E7"},{"@Name":"CallerProcessId","#text":"0x1F10"},{"@Name":"CallerProcessName","#text":"C:\Program Files\Malwarebytes\Anti-Malware\MBAMService.exe"}]}}}
{"Event":{"System":{"Provider":{"@Name":"Microsoft-Windows-Security-Auditing","@Guid":"54849625-5478-4994-a5ba-3e3b0328c30d"},"EventID":"4798","Version":"0","Level":"0","Task":"13824","Opcode":"0","Keywords":"0x8020000000000000","TimeCreated":{"@SystemTime":"2025-06-22 21:24:39.8675612"},"EventRecordID":"100898","Correlation":{"@ActivityID":"57082e39-e3c5-0000-d02e-0857c5e3db01"},"Execution":{"@ProcessID":"692","@ThreadID":"7404"},"Channel":"Security","Computer":"Server002","Security":null},"EventData":{"Data":[{"@Name":"TargetUserName","#text":"sshd"},{"@Name":"TargetDomainName","#text":"SERVER002"},{"@Name":"TargetSid","#text":"S-1-5-21-3962163828-2803415714-1403596700-1002"},{"@Name":"SubjectUserSid","#text":"S-1-5-18"},{"@Name":"SubjectUserName","#text":"SERVER002$"},{"@Name":"SubjectDomainName","#text":"WORKGROUP"},{"@Name":"SubjectLogonId","#text":"0x3E7"},{"@Name":"CallerProcessId","#text":"0x1F10"},{"@Name":"CallerProcessName","#text":"C:\Program Files\Malwarebytes\Anti-Malware\MBAMService.exe"}]}}}
{"Event":{"System":{"Provider":{"@Name":"Microsoft-Windows-Security-Auditing","@Guid":"54849625-5478-4994-a5ba-3e3b0328c30d"},"EventID":"4798","Version":"0","Level":"0","Task":"13824","Opcode":"0","Keywords":"0x8020000000000000","TimeCreated":{"@SystemTime":"2025-06-22 21:24:39.8693562"},"EventRecordID":"100899","Correlation":{"@ActivityID":"57082e39-e3c5-0000-d02e-0857c5e3db01"},"Execution":{"@ProcessID":"692","@ThreadID":"7404"},"Channel":"Security","Computer":"Server002","Security":null},"EventData":{"Data":[{"@Name":"TargetUserName","#text":"testing"},{"@Name":"TargetDomainName","#text":"SERVER002"},{"@Name":"TargetSid","#text":"S-1-5-21-3962163828-2803415714-1403596700-1005"},{"@Name":"SubjectUserSid","#text":"S-1-5-18"},{"@Name":"SubjectUserName","#text":"SERVER002$"},{"@Name":"SubjectDomainName","#text":"WORKGROUP"},{"@Name":"SubjectLogonId","#text":"0x3E7"},{"@Name":"CallerProcessId","#text":"0x1F10"},{"@Name":"CallerProcessName","#text":"C:\Program Files\Malwarebytes\Anti-Malware\MBAMService.exe"}]}}}
{"Event":{"System":{"Provider":{"@Name":"Microsoft-Windows-Security-Auditing","@Guid":"54849625-5478-4994-a5ba-3e3b0328c30d"},"EventID":"4798","Version":"0","Level":"0","Task":"13824","Opcode":"0","Keywords":"0x8020000000000000","TimeCreated":{"@SystemTime":"2025-06-22 21:24:39.8699162"},"EventRecordID":"100900","Correlation":{"@ActivityID":"57082e39-e3c5-0000-d02e-0857c5e3db01"},"Execution":{"@ProcessID":"692","@ThreadID":"7404"},"Channel":"Security","Computer":"Server002","Security":null},"EventData":{"Data":[{"@Name":"TargetUserName","#text":"WDAGUtilityAccount"},{"@Name":"TargetDomainName","#text":"SERVER002"},{"@Name":"TargetSid","#text":"S-1-5-21-3962163828-2803415714-1403596700-504"},{"@Name":"SubjectUserSid","#text":"S-1-5-18"},{"@Name":"SubjectUserName","#text":"SERVER002$"},{"@Name":"SubjectDomainName","#text":"WORKGROUP"},{"@Name":"SubjectLogonId","#text":"0x3E7"},{"@Name":"CallerProcessId","#text":"0x1F10"},{"@Name":"CallerProcessName","#text":"C:\Program Files\Malwarebytes\Anti-Malware\MBAMService.exe"}]}}}
{"Event":{"System":{"Provider":{"@Name":"Microsoft-Windows-Security-Auditing","@Guid":"54849625-5478-4994-a5ba-3e3b0328c30d"},"EventID":"4624","Version":"2","Level":"0","Task":"12544","Opcode":"0","Keywords":"0x8020000000000000","TimeCreated":{"@SystemTime":"2025-06-22 21:24:39.9128866"},"EventRecordID":"100901","Correlation":{"@ActivityID":"57082e39-e3c5-0000-d02e-0857c5e3db01"},"Execution":{"@ProcessID":"692","@ThreadID":"7404"},"Channel":"Security","Computer":"Server002","Security":null},"EventData":{"Data":[{"@Name":"SubjectUserSid","#text":"S-1-5-18"},{"@Name":"SubjectUserName","#text":"SERVER002$"},{"@Name":"SubjectDomainName","#text":"WORKGROUP"},{"@Name":"SubjectLogonId","#text":"0x3E7"},{"@Name":"TargetUserSid","#text":"S-1-5-18"},{"@Name":"TargetUserName","#text":"SYSTEM"},{"@Name":"TargetDomainName","#text":"NT AUTHORITY"},{"@Name":"TargetLogonId","#text":"0x3E7"},{"@Name":"LogonType","#text":"5"},{"@Name":"LogonProcessName","#text":"Advapi"},{"@Name":"AuthenticationPackageName","#text":"Negotiate"},{"@Name":"WorkstationName","#text":"-"},{"@Name":"LogonGuid","#text":"00000000-0000-0000-0000-000000000000"},{"@Name":"TransmittedServices","#text":"-"},{"@Name":"LmPackageName","#text":"-"},{"@Name":"KeyLength","#text":"0"},{"@Name":"ProcessId","#text":"0x2A4"},{"@Name":"ProcessName","#text":"C:\Windows\System32\services.exe"},{"@Name":"IpAddress","#text":"-"},{"@Name":"IpPort","#text":"-"},{"@Name":"ImpersonationLevel","#text":"%%1833"},{"@Name":"RestrictedAdminMode","#text":"-"},{"@Name":"TargetOutboundUserName","#text":"-"},{"@Name":"TargetOutboundDomainName","#text":"-"},{"@Name":"VirtualAccount","#text":"%%1843"},{"@Name":"TargetLinkedLogonId","#text":"0x0"},{"@Name":"ElevatedToken","#text":"%%1842"}]}}}
{"Event":{"System":{"Provider":{"@Name":"Microsoft-Windows-Security-Auditing","@Guid":"54849625-5478-4994-a5ba-3e3b0328c30d"},"EventID":"4672","Version":"0","Level":"0","Task":"12548","Opcode":"0","Keywords":"0x8020000000000000","TimeCreated":{"@SystemTime":"2025-06-22 21:24:39.9128904"},"EventRecordID":"100902","Correlation":{"@ActivityID":"57082e39-e3c5-0000-d02e-0857c5e3db01"},"Execution":{"@ProcessID":"692","@ThreadID":"7404"},"Channel":"Security","Computer":"Server002","Security":null},"EventData":{"Data":[{"@Name":"SubjectUserSid","#text":"S-1-5-18"},{"@Name":"SubjectUserName","#text":"SYSTEM"},{"@Name":"SubjectDomainName","#text":"NT AUTHORITY"},{"@Name":"SubjectLogonId","#text":"0x3E7"},{"@Name":"PrivilegeList","#text":"SeAssignPrimaryTokenPrivilege, SeTcbPrivilege, SeSecurityPrivilege, SeTakeOwnershipPrivilege, SeLoadDriverPrivilege, SeBackupPrivilege, SeRestorePrivilege, SeDebugPrivilege, SeAuditPrivilege, SeSystemEnvironmentPrivilege, SeImpersonatePrivilege, SeDelegateSessionUserImpersonatePrivilege"}]}}}
{"Event":{"System":{"Provider":{"@Name":"Microsoft-Windows-Security-Auditing","@Guid":"54849625-5478-4994-a5ba-3e3b0328c30d"},"EventID":"4799","Version":"0","Level":"0","Task":"13826","Opcode":"0","Keywords":"0x8020000000000000","TimeCreated":{"@SystemTime":"2025-06-22 21:25:53.2206419"},"EventRecordID":"100903","Correlation":{"@ActivityID":"57082e39-e3c5-0000-d02e-0857c5e3db01"},"Execution":{"@ProcessID":"692","@ThreadID":"10360"},"Channel":"Security","Computer":"Server002","Security":null},"EventData":{"Data":[{"@Name":"TargetUserName","#text":"Administrators"},{"@Name":"TargetDomainName","#text":"Builtin"},{"@Name":"TargetSid","#text":"S-1-5-32-544"},{"@Name":"SubjectUserSid","#text":"S-1-5-21-3962163828-2803415714-1403596700-1001"},{"@Name":"SubjectUserName","#text":"lplui"},{"@Name":"SubjectDomainName","#text":"SERVER002"},{"@Name":"SubjectLogonId","#text":"0x3699E"},{"@Name":"CallerProcessId","#text":"0xD50"},{"@Name":"CallerProcessName","#text":"C:\Windows\System32\taskhostw.exe"}]}}}
{"Event":{"System":{"Provider":{"@Name":"Microsoft-Windows-Security-Auditing","@Guid":"54849625-5478-4994-a5ba-3e3b0328c30d"},"EventID":"4797","Version":"0","Level":"0","Task":"13824","Opcode":"0","Keywords":"0x8020000000000000","TimeCreated":{"@SystemTime":"2025-06-22 21:26:22.1670146"},"EventRecordID":"100904","Correlation":{"@ActivityID":"57082e39-e3c5-0000-d02e-0857c5e3db01"},"Execution":{"@ProcessID":"692","@ThreadID":"7404"},"Channel":"Security","Computer":"Server002","Security":null},"EventData":{"Data":[{"@Name":"SubjectUserSid","#text":"S-1-5-21-3962163828-2803415714-1403596700-1001"},{"@Name":"SubjectUserName","#text":"lplui"},{"@Name":"SubjectDomainName","#text":"SERVER002"},{"@Name":"SubjectLogonId","#text":"0x36A60"},{"@Name":"Workstation","#text":"SERVER002"},{"@Name":"TargetUserName","#text":"Administrator"},{"@Name":"TargetDomainName","#text":"SERVER002"}]}}}
{"Event":{"System":{"Provider":{"@Name":"Microsoft-Windows-Security-Auditing","@Guid":"54849625-5478-4994-a5ba-3e3b0328c30d"},"EventID":"4797","Version":"0","Level":"0","Task":"13824","Opcode":"0","Keywords":"0x8020000000000000","TimeCreated":{"@SystemTime":"2025-06-22 21:26:22.1720571"},"EventRecordID":"100905","Correlation":{"@ActivityID":"57082e39-e3c5-0000-d02e-0857c5e3db01"},"Execution":{"@ProcessID":"692","@ThreadID":"7404"},"Channel":"Security","Computer":"Server002","Security":null},"EventData":{"Data":[{"@Name":"SubjectUserSid","#text":"S-1-5-21-3962163828-2803415714-1403596700-1001"},{"@Name":"SubjectUserName","#text":"lplui"},{"@Name":"SubjectDomainName","#text":"SERVER002"},{"@Name":"SubjectLogonId","#text":"0x36A60"},{"@Name":"Workstation","#text":"SERVER002"},{"@Name":"TargetUserName","#text":"admin_test"},{"@Name":"TargetDomainName","#text":"SERVER002"}]}}}
{"Event":{"System":{"Provider":{"@Name":"Microsoft-Windows-Security-Auditing","@Guid":"54849625-5478-4994-a5ba-3e3b0328c30d"},"EventID":"4797","Version":"0","Level":"0","Task":"13824","Opcode":"0","Keywords":"0x8020000000000000","TimeCreated":{"@SystemTime":"2025-06-22 21:26:22.2627027"},"EventRecordID":"100906","Correlation":{"@ActivityID":"57082e39-e3c5-0000-d02e-0857c5e3db01"},"Execution":{"@ProcessID":"692","@ThreadID":"7404"},"Channel":"Security","Computer":"Server002","Security":null},"EventData":{"Data":[{"@Name":"SubjectUserSid","#text":"S-1-5-21-3962163828-2803415714-1403596700-1001"},{"@Name":"SubjectUserName","#text":"lplui"},{"@Name":"SubjectDomainName","#text":"SERVER002"},{"@Name":"SubjectLogonId","#text":"0x36A60"},{"@Name":"Workstation","#text":"SERVER002"},{"@Name":"TargetUserName","#text":"DefaultAccount"},{"@Name":"TargetDomainName","#text":"SERVER002"}]}}}
{"Event":{"System":{"Provider":{"@Name":"Microsoft-Windows-Security-Auditing","@Guid":"54849625-5478-4994-a5ba-3e3b0328c30d"},"EventID":"4797","Version":"0","Level":"0","Task":"13824","Opcode":"0","Keywords":"0x8020000000000000","TimeCreated":{"@SystemTime":"2025-06-22 21:26:22.2647892"},"EventRecordID":"100907","Correlation":{"@ActivityID":"57082e39-e3c5-0000-d02e-0857c5e3db01"},"Execution":{"@ProcessID":"692","@ThreadID":"7404"},"Channel":"Security","Computer":"Server002","Security":null},"EventData":{"Data":[{"@Name":"SubjectUserSid","#text":"S-1-5-21-3962163828-2803415714-1403596700-1001"},{"@Name":"SubjectUserName","#text":"lplui"},{"@Name":"SubjectDomainName","#text":"SERVER002"},{"@Name":"SubjectLogonId","#text":"0x36A60"},{"@Name":"Workstation","#text":"SERVER002"},{"@Name":"TargetUserName","#text":"Guest"},{"@Name":"TargetDomainName","#text":"SERVER002"}]}}}
{"Event":{"System":{"Provider":{"@Name":"Microsoft-Windows-Security-Auditing","@Guid":"54849625-5478-4994-a5ba-3e3b0328c30d"},"EventID":"4797","Version":"0","Level":"0","Task":"13824","Opcode":"0","Keywords":"0x8020000000000000","TimeCreated":{"@SystemTime":"2025-06-22 21:26:22.2753639"},"EventRecordID":"100908","Correlation":{"@ActivityID":"57082e39-e3c5-0000-d02e-0857c5e3db01"},"Execution":{"@ProcessID":"692","@ThreadID":"10360"},"Channel":"Security","Computer":"Server002","Security":null},"EventData":{"Data":[{"@Name":"SubjectUserSid","#text":"S-1-5-21-3962163828-2803415714-1403596700-1001"},{"@Name":"SubjectUserName","#text":"lplui"},{"@Name":"SubjectDomainName","#text":"SERVER002"},{"@Name":"SubjectLogonId","#text":"0x36A60"},{"@Name":"Workstation","#text":"SERVER002"},{"@Name":"TargetUserName","#text":"sshd"},{"@Name":"TargetDomainName","#text":"SERVER002"}]}}}
{"Event":{"System":{"Provider":{"@Name":"Microsoft-Windows-Security-Auditing","@Guid":"54849625-5478-4994-a5ba-3e3b0328c30d"},"EventID":"4797","Version":"0","Level":"0","Task":"13824","Opcode":"0","Keywords":"0x8020000000000000","TimeCreated":{"@SystemTime":"2025-06-22 21:26:22.2768246"},"EventRecordID":"100909","Correlation":{"@ActivityID":"57082e39-e3c5-0000-d02e-0857c5e3db01"},"Execution":{"@ProcessID":"692","@ThreadID":"10360"},"Channel":"Security","Computer":"Server002","Security":null},"EventData":{"Data":[{"@Name":"SubjectUserSid","#text":"S-1-5-21-3962163828-2803415714-1403596700-1001"},{"@Name":"SubjectUserName","#text":"lplui"},{"@Name":"SubjectDomainName","#text":"SERVER002"},{"@Name":"SubjectLogonId","#text":"0x36A60"},{"@Name":"Workstation","#text":"SERVER002"},{"@Name":"TargetUserName","#text":"testing"},{"@Name":"TargetDomainName","#text":"SERVER002"}]}}}
{"Event":{"System":{"Provider":{"@Name":"Microsoft-Windows-Security-Auditing","@Guid":"54849625-5478-4994-a5ba-3e3b0328c30d"},"EventID":"4797","Version":"0","Level":"0","Task":"13824","Opcode":"0","Keywords":"0x8020000000000000","TimeCreated":{"@SystemTime":"2025-06-22 21:26:22.2778860"},"EventRecordID":"100910","Correlation":{"@ActivityID":"57082e39-e3c5-0000-d02e-0857c5e3db01"},"Execution":{"@ProcessID":"692","@ThreadID":"10360"},"Channel":"Security","Computer":"Server002","Security":null},"EventData":{"Data":[{"@Name":"SubjectUserSid","#text":"S-1-5-21-3962163828-2803415714-1403596700-1001"},{"@Name":"SubjectUserName","#text":"lplui"},{"@Name":"SubjectDomainName","#text":"SERVER002"},{"@Name":"SubjectLogonId","#text":"0x36A60"},{"@Name":"Workstation","#text":"SERVER002"},{"@Name":"TargetUserName","#text":"WDAGUtilityAccount"},{"@Name":"TargetDomainName","#text":"SERVER002"}]}}}
{"Event":{"System":{"Provider":{"@Name":"Microsoft-Windows-Security-Auditing","@Guid":"54849625-5478-4994-a5ba-3e3b0328c30d"},"EventID":"4624","Version":"2","Level":"0","Task":"12544","Opcode":"0","Keywords":"0x8020000000000000","TimeCreated":{"@SystemTime":"2025-06-22 21:26:22.3362766"},"EventRecordID":"100911","Correlation":{"@ActivityID":"57082e39-e3c5-0000-d02e-0857c5e3db01"},"Execution":{"@ProcessID":"692","@ThreadID":"10360"},"Channel":"Security","Computer":"Server002","Security":null},"EventData":{"Data":[{"@Name":"SubjectUserSid","#text":"S-1-5-18"},{"@Name":"SubjectUserName","#text":"SERVER002$"},{"@Name":"SubjectDomainName","#text":"WORKGROUP"},{"@Name":"SubjectLogonId","#text":"0x3E7"},{"@Name":"TargetUserSid","#text":"S-1-5-18"},{"@Name":"TargetUserName","#text":"SYSTEM"},{"@Name":"TargetDomainName","#text":"NT AUTHORITY"},{"@Name":"TargetLogonId","#text":"0x3E7"},{"@Name":"LogonType","#text":"5"},{"@Name":"LogonProcessName","#text":"Advapi"},{"@Name":"AuthenticationPackageName","#text":"Negotiate"},{"@Name":"WorkstationName","#text":"-"},{"@Name":"LogonGuid","#text":"00000000-0000-0000-0000-000000000000"},{"@Name":"TransmittedServices","#text":"-"},{"@Name":"LmPackageName","#text":"-"},{"@Name":"KeyLength","#text":"0"},{"@Name":"ProcessId","#text":"0x2A4"},{"@Name":"ProcessName","#text":"C:\Windows\System32\services.exe"},{"@Name":"IpAddress","#text":"-"},{"@Name":"IpPort","#text":"-"},{"@Name":"ImpersonationLevel","#text":"%%1833"},{"@Name":"RestrictedAdminMode","#text":"-"},{"@Name":"TargetOutboundUserName","#text":"-"},{"@Name":"TargetOutboundDomainName","#text":"-"},{"@Name":"VirtualAccount","#text":"%%1843"},{"@Name":"TargetLinkedLogonId","#text":"0x0"},{"@Name":"ElevatedToken","#text":"%%1842"}]}}}
{"Event":{"System":{"Provider":{"@Name":"Microsoft-Windows-Security-Auditing","@Guid":"54849625-5478-4994-a5ba-3e3b0328c30d"},"EventID":"4672","Version":"0","Level":"0","Task":"12548","Opcode":"0","Keywords":"0x8020000000000000","TimeCreated":{"@SystemTime":"2025-06-22 21:26:22.3362827"},"EventRecordID":"100912","Correlation":{"@ActivityID":"57082e39-e3c5-0000-d02e-0857c5e3db01"},"Execution":{"@ProcessID":"692","@ThreadID":"10360"},"Channel":"Security","Computer":"Server002","Security":null},"EventData":{"Data":[{"@Name":"SubjectUserSid","#text":"S-1-5-18"},{"@Name":"SubjectUserName","#text":"SYSTEM"},{"@Name":"SubjectDomainName","#text":"NT AUTHORITY"},{"@Name":"SubjectLogonId","#text":"0x3E7"},{"@Name":"PrivilegeList","#text":"SeAssignPrimaryTokenPrivilege, SeTcbPrivilege, SeSecurityPrivilege, SeTakeOwnershipPrivilege, SeLoadDriverPrivilege, SeBackupPrivilege, SeRestorePrivilege, SeDebugPrivilege, SeAuditPrivilege, SeSystemEnvironmentPrivilege, SeImpersonatePrivilege, SeDelegateSessionUserImpersonatePrivilege"}]}}}
{"Event":{"System":{"Provider":{"@Name":"Microsoft-Windows-Security-Auditing","@Guid":"54849625-5478-4994-a5ba-3e3b0328c30d"},"EventID":"4798","Version":"0","Level":"0","Task":"13824","Opcode":"0","Keywords":"0x8020000000000000","TimeCreated":{"@SystemTime":"2025-06-22 21:26:22.7610031"},"EventRecordID":"100913","Correlation":{"@ActivityID":"57082e39-e3c5-0000-d02e-0857c5e3db01"},"Execution":{"@ProcessID":"692","@ThreadID":"10360"},"Channel":"Security","Computer":"Server002","Security":null},"EventData":{"Data":[{"@Name":"TargetUserName","#text":"lplui"},{"@Name":"TargetDomainName","#text":"SERVER002"},{"@Name":"TargetSid","#text":"S-1-5-21-3962163828-2803415714-1403596700-1001"},{"@Name":"SubjectUserSid","#text":"S-1-5-21-3962163828-2803415714-1403596700-1001"},{"@Name":"SubjectUserName","#text":"lplui"},{"@Name":"SubjectDomainName","#text":"SERVER002"},{"@Name":"SubjectLogonId","#text":"0x36A60"},{"@Name":"CallerProcessId","#text":"0xE38"},{"@Name":"CallerProcessName","#text":"C:\Windows\explorer.exe"}]}}}
{"Event":{"System":{"Provider":{"@Name":"Microsoft-Windows-Security-Auditing","@Guid":"54849625-5478-4994-a5ba-3e3b0328c30d"},"EventID":"5379","Version":"0","Level":"0","Task":"13824","Opcode":"0","Keywords":"0x8020000000000000","TimeCreated":{"@SystemTime":"2025-06-22 21:26:22.7839837"},"EventRecordID":"100914","Correlation":{"@ActivityID":"57082e39-e3c5-0000-d02e-0857c5e3db01"},"Execution":{"@ProcessID":"692","@ThreadID":"10360"},"Channel":"Security","Computer":"Server002","Security":null},"EventData":{"Data":[{"@Name":"SubjectUserSid","#text":"S-1-5-18"},{"@Name":"SubjectUserName","#text":"SERVER002$"},{"@Name":"SubjectDomainName","#text":"WORKGROUP"},{"@Name":"SubjectLogonId","#text":"0x3E7"},{"@Name":"TargetName","#text":"WindowsLive:(token):name=02dsuvqsngyzxykp;serviceuri=*"},{"@Name":"Type","#text":"0"},{"@Name":"CountOfCredentialsReturned","#text":"0"},{"@Name":"ReadOperation","#text":"%%8100"},{"@Name":"ReturnCode","#text":"3221226021"},{"@Name":"ProcessCreationTime","#text":"2025-06-22 21:26:22.3402799"},{"@Name":"ClientProcessId","#text":"9932"}]}}}
{"Event":{"System":{"Provider":{"@Name":"Microsoft-Windows-Security-Auditing","@Guid":"54849625-5478-4994-a5ba-3e3b0328c30d"},"EventID":"5379","Version":"0","Level":"0","Task":"13824","Opcode":"0","Keywords":"0x8020000000000000","TimeCreated":{"@SystemTime":"2025-06-22 21:26:22.7848641"},"EventRecordID":"100915","Correlation":{"@ActivityID":"57082e39-e3c5-0000-d02e-0857c5e3db01"},"Execution":{"@ProcessID":"692","@ThreadID":"10360"},"Channel":"Security","Computer":"Server002","Security":null},"EventData":{"Data":[{"@Name":"SubjectUserSid","#text":"S-1-5-18"},{"@Name":"SubjectUserName","#text":"SERVER002$"},{"@Name":"SubjectDomainName","#text":"WORKGROUP"},{"@Name":"SubjectLogonId","#text":"0x3E7"},{"@Name":"TargetName","#text":"WindowsLive:(cert):name=02dsuvqsngyzxykp;serviceuri=*"},{"@Name":"Type","#text":"0"},{"@Name":"CountOfCredentialsReturned","#text":"0"},{"@Name":"ReadOperation","#text":"%%8100"},{"@Name":"ReturnCode","#text":"3221226021"},{"@Name":"ProcessCreationTime","#text":"2025-06-22 21:26:22.3402799"},{"@Name":"ClientProcessId","#text":"9932"}]}}}
{"Event":{"System":{"Provider":{"@Name":"Microsoft-Windows-Security-Auditing","@Guid":"54849625-5478-4994-a5ba-3e3b0328c30d"},"EventID":"5379","Version":"0","Level":"0","Task":"13824","Opcode":"0","Keywords":"0x8020000000000000","TimeCreated":{"@SystemTime":"2025-06-22 21:26:22.7849268"},"EventRecordID":"100916","Correlation":{"@ActivityID":"57082e39-e3c5-0000-d02e-0857c5e3db01"},"Execution":{"@ProcessID":"692","@ThreadID":"10360"},"Channel":"Security","Computer":"Server002","Security":null},"EventData":{"Data":[{"@Name":"SubjectUserSid","#text":"S-1-5-18"},{"@Name":"SubjectUserName","#text":"SERVER002$"},{"@Name":"SubjectDomainName","#text":"WORKGROUP"},{"@Name":"SubjectLogonId","#text":"0x3E7"},{"@Name":"TargetName","#text":"WindowsLive:target=virtualapp/didlogical"},{"@Name":"Type","#text":"0"},{"@Name":"CountOfCredentialsReturned","#text":"1"},{"@Name":"ReadOperation","#text":"%%8100"},{"@Name":"ReturnCode","#text":"0"},{"@Name":"ProcessCreationTime","#text":"2025-06-22 21:26:22.3402799"},{"@Name":"ClientProcessId","#text":"9932"}]}}}
{"Event":{"System":{"Provider":{"@Name":"Microsoft-Windows-Security-Auditing","@Guid":"54849625-5478-4994-a5ba-3e3b0328c30d"},"EventID":"5379","Version":"0","Level":"0","Task":"13824","Opcode":"0","Keywords":"0x8020000000000000","TimeCreated":{"@SystemTime":"2025-06-22 21:26:22.7918910"},"EventRecordID":"100917","Correlation":{"@ActivityID":"57082e39-e3c5-0000-d02e-0857c5e3db01"},"Execution":{"@ProcessID":"692","@ThreadID":"10360"},"Channel":"Security","Computer":"Server002","Security":null},"EventData":{"Data":[{"@Name":"SubjectUserSid","#text":"S-1-5-21-3962163828-2803415714-1403596700-1001"},{"@Name":"SubjectUserName","#text":"lplui"},{"@Name":"SubjectDomainName","#text":"SERVER002"},{"@Name":"SubjectLogonId","#text":"0x36A60"},{"@Name":"TargetName","#text":"WindowsLive:(token):name=02ofrizxnslvvfxc;serviceuri=*"},{"@Name":"Type","#text":"0"},{"@Name":"CountOfCredentialsReturned","#text":"0"},{"@Name":"ReadOperation","#text":"%%8100"},{"@Name":"ReturnCode","#text":"3221226021"},{"@Name":"ProcessCreationTime","#text":"2025-06-22 21:26:22.3402799"},{"@Name":"ClientProcessId","#text":"9932"}]}}}
