{"Event":{"System":{"Provider":{"@Name":"Microsoft-Windows-Security-Auditing","@Guid":"54849625-5478-4994-a5ba-3e3b0328c30d"},"EventID":"5379","Version":"0","Level":"0","Task":"13824","Opcode":"0","Keywords":"0x8020000000000000","TimeCreated":{"@SystemTime":"2025-05-02 15:10:53.4556323"},"EventRecordID":"92533","Correlation":{"@ActivityID":"1168e054-bb50-0000-2de1-681150bbdb01"},"Execution":{"@ProcessID":"688","@ThreadID":"5868"},"Channel":"Security","Computer":"Server002","Security":null},"EventData":{"Data":[{"@Name":"SubjectUserSid","#text":"S-1-5-90-0-1"},{"@Name":"SubjectUserName","#text":"DWM-1"},{"@Name":"SubjectDomainName","#text":"Window Manager"},{"@Name":"SubjectLogonId","#text":"0x12DFCC4"},{"@Name":"TargetName","#text":"WindowsLive:(cert):name=02cvzbqfhnsmmymt;serviceuri=*"},{"@Name":"Type","#text":"0"},{"@Name":"CountOfCredentialsReturned","#text":"0"},{"@Name":"ReadOperation","#text":"%%8100"},{"@Name":"ReturnCode","#text":"3221226021"},{"@Name":"ProcessCreationTime","#text":"2025-05-02 15:10:53.3380460"},{"@Name":"ClientProcessId","#text":"6604"}]}}}
{"Event":{"System":{"Provider":{"@Name":"Microsoft-Windows-Security-Auditing","@Guid":"54849625-5478-4994-a5ba-3e3b0328c30d"},"EventID":"5379","Version":"0","Level":"0","Task":"13824","Opcode":"0","Keywords":"0x8020000000000000","TimeCreated":{"@SystemTime":"2025-05-02 15:10:53.4556839"},"EventRecordID":"92534","Correlation":{"@ActivityID":"1168e054-bb50-0000-2de1-681150bbdb01"},"Execution":{"@ProcessID":"688","@ThreadID":"5868"},"Channel":"Security","Computer":"Server002","Security":null},"EventData":{"Data":[{"@Name":"SubjectUserSid","#text":"S-1-5-90-0-1"},{"@Name":"SubjectUserName","#text":"DWM-1"},{"@Name":"SubjectDomainName","#text":"Window Manager"},{"@Name":"SubjectLogonId","#text":"0x12DFCC4"},{"@Name":"TargetName","#text":"WindowsLive:target=virtualapp/didlogical"},{"@Name":"Type","#text":"0"},{"@Name":"CountOfCredentialsReturned","#text":"0"},{"@Name":"ReadOperation","#text":"%%8100"},{"@Name":"ReturnCode","#text":"3221226021"},{"@Name":"ProcessCreationTime","#text":"2025-05-02 15:10:53.3380460"},{"@Name":"ClientProcessId","#text":"6604"}]}}}
{"Event":{"System":{"Provider":{"@Name":"Microsoft-Windows-Security-Auditing","@Guid":"54849625-5478-4994-a5ba-3e3b0328c30d"},"EventID":"5379","Version":"0","Level":"0","Task":"13824","Opcode":"0","Keywords":"0x8020000000000000","TimeCreated":{"@SystemTime":"2025-05-02 15:10:53.4807792"},"EventRecordID":"92535","Correlation":{"@ActivityID":"1168e054-bb50-0000-2de1-681150bbdb01"},"Execution":{"@ProcessID":"688","@ThreadID":"5868"},"Channel":"Security","Computer":"Server002","Security":null},"EventData":{"Data":[{"@Name":"SubjectUserSid","#text":"S-1-5-21-3962163828-2803415714-1403596700-1001"},{"@Name":"SubjectUserName","#text":"lplui"},{"@Name":"SubjectDomainName","#text":"SERVER002"},{"@Name":"SubjectLogonId","#text":"0x39737"},{"@Name":"TargetName","#text":"WindowsLive:(token):name=02ofrizxnslvvfxc;serviceuri=*"},{"@Name":"Type","#text":"0"},{"@Name":"CountOfCredentialsReturned","#text":"0"},{"@Name":"ReadOperation","#text":"%%8100"},{"@Name":"ReturnCode","#text":"3221226021"},{"@Name":"ProcessCreationTime","#text":"2025-05-02 15:10:53.3380460"},{"@Name":"ClientProcessId","#text":"6604"}]}}}
{"Event":{"System":{"Provider":{"@Name":"Microsoft-Windows-Security-Auditing","@Guid":"54849625-5478-4994-a5ba-3e3b0328c30d"},"EventID":"5379","Version":"0","Level":"0","Task":"13824","Opcode":"0","Keywords":"0x8020000000000000","TimeCreated":{"@SystemTime":"2025-05-02 15:10:53.4809501"},"EventRecordID":"92536","Correlation":{"@ActivityID":"1168e054-bb50-0000-2de1-681150bbdb01"},"Execution":{"@ProcessID":"688","@ThreadID":"5868"},"Channel":"Security","Computer":"Server002","Security":null},"EventData":{"Data":[{"@Name":"SubjectUserSid","#text":"S-1-5-21-3962163828-2803415714-1403596700-1001"},{"@Name":"SubjectUserName","#text":"lplui"},{"@Name":"SubjectDomainName","#text":"SERVER002"},{"@Name":"SubjectLogonId","#text":"0x39737"},{"@Name":"TargetName","#text":"WindowsLive:(cert):name=02ofrizxnslvvfxc;serviceuri=*"},{"@Name":"Type","#text":"0"},{"@Name":"CountOfCredentialsReturned","#text":"0"},{"@Name":"ReadOperation","#text":"%%8100"},{"@Name":"ReturnCode","#text":"3221226021"},{"@Name":"ProcessCreationTime","#text":"2025-05-02 15:10:53.3380460"},{"@Name":"ClientProcessId","#text":"6604"}]}}}
{"Event":{"System":{"Provider":{"@Name":"Microsoft-Windows-Security-Auditing","@Guid":"54849625-5478-4994-a5ba-3e3b0328c30d"},"EventID":"5379","Version":"0","Level":"0","Task":"13824","Opcode":"0","Keywords":"0x8020000000000000","TimeCreated":{"@SystemTime":"2025-05-02 15:10:53.4809965"},"EventRecordID":"92537","Correlation":{"@ActivityID":"1168e054-bb50-0000-2de1-681150bbdb01"},"Execution":{"@ProcessID":"688","@ThreadID":"5868"},"Channel":"Security","Computer":"Server002","Security":null},"EventData":{"Data":[{"@Name":"SubjectUserSid","#text":"S-1-5-21-3962163828-2803415714-1403596700-1001"},{"@Name":"SubjectUserName","#text":"lplui"},{"@Name":"SubjectDomainName","#text":"SERVER002"},{"@Name":"SubjectLogonId","#text":"0x39737"},{"@Name":"TargetName","#text":"WindowsLive:target=virtualapp/didlogical"},{"@Name":"Type","#text":"0"},{"@Name":"CountOfCredentialsReturned","#text":"1"},{"@Name":"ReadOperation","#text":"%%8100"},{"@Name":"ReturnCode","#text":"0"},{"@Name":"ProcessCreationTime","#text":"2025-05-02 15:10:53.3380460"},{"@Name":"ClientProcessId","#text":"6604"}]}}}
{"Event":{"System":{"Provider":{"@Name":"Microsoft-Windows-Security-Auditing","@Guid":"54849625-5478-4994-a5ba-3e3b0328c30d"},"EventID":"5379","Version":"0","Level":"0","Task":"13824","Opcode":"0","Keywords":"0x8020000000000000","TimeCreated":{"@SystemTime":"2025-05-02 15:10:53.4831308"},"EventRecordID":"92538","Correlation":{"@ActivityID":"1168e054-bb50-0000-2de1-681150bbdb01"},"Execution":{"@ProcessID":"688","@ThreadID":"5868"},"Channel":"Security","Computer":"Server002","Security":null},"EventData":{"Data":[{"@Name":"SubjectUserSid","#text":"S-1-5-21-3962163828-2803415714-1403596700-1001"},{"@Name":"SubjectUserName","#text":"lplui"},{"@Name":"SubjectDomainName","#text":"SERVER002"},{"@Name":"SubjectLogonId","#text":"0x39737"},{"@Name":"TargetName","#text":"MicrosoftAccount:user=lpluigi44@gmail.com"},{"@Name":"Type","#text":"0"},{"@Name":"CountOfCredentialsReturned","#text":"1"},{"@Name":"ReadOperation","#text":"%%8100"},{"@Name":"ReturnCode","#text":"0"},{"@Name":"ProcessCreationTime","#text":"2025-05-02 15:10:53.3380460"},{"@Name":"ClientProcessId","#text":"6604"}]}}}
{"Event":{"System":{"Provider":{"@Name":"Microsoft-Windows-Security-Auditing","@Guid":"54849625-5478-4994-a5ba-3e3b0328c30d"},"EventID":"5379","Version":"0","Level":"0","Task":"13824","Opcode":"0","Keywords":"0x8020000000000000","TimeCreated":{"@SystemTime":"2025-05-02 15:10:53.4903452"},"EventRecordID":"92539","Correlation":{"@ActivityID":"1168e054-bb50-0000-2de1-681150bbdb01"},"Execution":{"@ProcessID":"688","@ThreadID":"5868"},"Channel":"Security","Computer":"Server002","Security":null},"EventData":{"Data":[{"@Name":"SubjectUserSid","#text":"S-1-5-21-3962163828-2803415714-1403596700-1001"},{"@Name":"SubjectUserName","#text":"lplui"},{"@Name":"SubjectDomainName","#text":"SERVER002"},{"@Name":"SubjectLogonId","#text":"0x39737"},{"@Name":"TargetName","#text":"WindowsLive:(token):name=lpluigi44@gmail.com;serviceuri=*"},{"@Name":"Type","#text":"0"},{"@Name":"CountOfCredentialsReturned","#text":"0"},{"@Name":"ReadOperation","#text":"%%8100"},{"@Name":"ReturnCode","#text":"3221226021"},{"@Name":"ProcessCreationTime","#text":"2025-05-02 15:10:53.3380460"},{"@Name":"ClientProcessId","#text":"6604"}]}}}
{"Event":{"System":{"Provider":{"@Name":"Microsoft-Windows-Security-Auditing","@Guid":"54849625-5478-4994-a5ba-3e3b0328c30d"},"EventID":"5379","Version":"0","Level":"0","Task":"13824","Opcode":"0","Keywords":"0x8020000000000000","TimeCreated":{"@SystemTime":"2025-05-02 15:10:53.4904011"},"EventRecordID":"92540","Correlation":{"@ActivityID":"1168e054-bb50-0000-2de1-681150bbdb01"},"Execution":{"@ProcessID":"688","@ThreadID":"5868"},"Channel":"Security","Computer":"Server002","Security":null},"EventData":{"Data":[{"@Name":"SubjectUserSid","#text":"S-1-5-21-3962163828-2803415714-1403596700-1001"},{"@Name":"SubjectUserName","#text":"lplui"},{"@Name":"SubjectDomainName","#text":"SERVER002"},{"@Name":"SubjectLogonId","#text":"0x39737"},{"@Name":"TargetName","#text":"WindowsLive:(cert):name=lpluigi44@gmail.com;serviceuri=*"},{"@Name":"Type","#text":"0"},{"@Name":"CountOfCredentialsReturned","#text":"0"},{"@Name":"ReadOperation","#text":"%%8100"},{"@Name":"ReturnCode","#text":"3221226021"},{"@Name":"ProcessCreationTime","#text":"2025-05-02 15:10:53.3380460"},{"@Name":"ClientProcessId","#text":"6604"}]}}}
{"Event":{"System":{"Provider":{"@Name":"Microsoft-Windows-Security-Auditing","@Guid":"54849625-5478-4994-a5ba-3e3b0328c30d"},"EventID":"5379","Version":"0","Level":"0","Task":"13824","Opcode":"0","Keywords":"0x8020000000000000","TimeCreated":{"@SystemTime":"2025-05-02 15:10:54.5076044"},"EventRecordID":"92541","Correlation":{"@ActivityID":"1168e054-bb50-0000-2de1-681150bbdb01"},"Execution":{"@ProcessID":"688","@ThreadID":"5868"},"Channel":"Security","Computer":"Server002","Security":null},"EventData":{"Data":[{"@Name":"SubjectUserSid","#text":"S-1-5-90-0-1"},{"@Name":"SubjectUserName","#text":"DWM-1"},{"@Name":"SubjectDomainName","#text":"Window Manager"},{"@Name":"SubjectLogonId","#text":"0x12DFCC4"},{"@Name":"TargetName","#text":"MicrosoftAccount:user=02cvzbqfhnsmmymt"},{"@Name":"Type","#text":"0"},{"@Name":"CountOfCredentialsReturned","#text":"0"},{"@Name":"ReadOperation","#text":"%%8100"},{"@Name":"ReturnCode","#text":"3221226021"},{"@Name":"ProcessCreationTime","#text":"2025-05-02 15:10:53.3380460"},{"@Name":"ClientProcessId","#text":"6604"}]}}}
{"Event":{"System":{"Provider":{"@Name":"Microsoft-Windows-Security-Auditing","@Guid":"54849625-5478-4994-a5ba-3e3b0328c30d"},"EventID":"5058","Version":"1","Level":"0","Task":"12292","Opcode":"0","Keywords":"0x8020000000000000","TimeCreated":{"@SystemTime":"2025-05-02 15:10:54.5132201"},"EventRecordID":"92542","Correlation":{"@ActivityID":"1168e054-bb50-0000-2de1-681150bbdb01"},"Execution":{"@ProcessID":"688","@ThreadID":"5868"},"Channel":"Security","Computer":"Server002","Security":null},"EventData":{"Data":[{"@Name":"SubjectUserSid","#text":"S-1-5-18"},{"@Name":"SubjectUserName","#text":"SERVER002$"},{"@Name":"SubjectDomainName","#text":"WORKGROUP"},{"@Name":"SubjectLogonId","#text":"0x3E7"},{"@Name":"ClientProcessId","#text":"6604"},{"@Name":"ClientCreationTime","#text":"2025-05-02 15:10:53.3380460"},{"@Name":"ProviderName","#text":"Microsoft Software Key Storage Provider"},{"@Name":"AlgorithmName","#text":"UNKNOWN"},{"@Name":"KeyName","#text":"fbe07282-5d1a-1e0f-8759-8713dcffa98e"},{"@Name":"KeyType","#text":"%%2500"},{"@Name":"KeyFilePath","#text":"C:\ProgramData\Microsoft\Crypto\SystemKeys\b24026b41c85d5ae37684f34e1f11c86_dbf410b3-ef0e-4152-ad61-2d9c7d03536d"},{"@Name":"Operation","#text":"%%2458"},{"@Name":"ReturnCode","#text":"0x0"}]}}}
{"Event":{"System":{"Provider":{"@Name":"Microsoft-Windows-Security-Auditing","@Guid":"54849625-5478-4994-a5ba-3e3b0328c30d"},"EventID":"5061","Version":"0","Level":"0","Task":"12290","Opcode":"0","Keywords":"0x8020000000000000","TimeCreated":{"@SystemTime":"2025-05-02 15:10:54.5138385"},"EventRecordID":"92543","Correlation":{"@ActivityID":"1168e054-bb50-0000-2de1-681150bbdb01"},"Execution":{"@ProcessID":"688","@ThreadID":"5868"},"Channel":"Security","Computer":"Server002","Security":null},"EventData":{"Data":[{"@Name":"SubjectUserSid","#text":"S-1-5-18"},{"@Name":"SubjectUserName","#text":"SERVER002$"},{"@Name":"SubjectDomainName","#text":"WORKGROUP"},{"@Name":"SubjectLogonId","#text":"0x3E7"},{"@Name":"ProviderName","#text":"Microsoft Software Key Storage Provider"},{"@Name":"AlgorithmName","#text":"RSA"},{"@Name":"KeyName","#text":"fbe07282-5d1a-1e0f-8759-8713dcffa98e"},{"@Name":"KeyType","#text":"%%2500"},{"@Name":"Operation","#text":"%%2480"},{"@Name":"ReturnCode","#text":"0x0"}]}}}
{"Event":{"System":{"Provider":{"@Name":"Microsoft-Windows-Security-Auditing","@Guid":"54849625-5478-4994-a5ba-3e3b0328c30d"},"EventID":"5379","Version":"0","Level":"0","Task":"13824","Opcode":"0","Keywords":"0x8020000000000000","TimeCreated":{"@SystemTime":"2025-05-02 15:10:54.5203944"},"EventRecordID":"92544","Correlation":{"@ActivityID":"1168e054-bb50-0000-2de1-681150bbdb01"},"Execution":{"@ProcessID":"688","@ThreadID":"5868"},"Channel":"Security","Computer":"Server002","Security":null},"EventData":{"Data":[{"@Name":"SubjectUserSid","#text":"S-1-5-90-0-1"},{"@Name":"SubjectUserName","#text":"DWM-1"},{"@Name":"SubjectDomainName","#text":"Window Manager"},{"@Name":"SubjectLogonId","#text":"0x12DFCC4"},{"@Name":"TargetName","#text":"MicrosoftAccount:user=02cvzbqfhnsmmymt"},{"@Name":"Type","#text":"1"},{"@Name":"CountOfCredentialsReturned","#text":"1"},{"@Name":"ReadOperation","#text":"%%8099"},{"@Name":"ReturnCode","#text":"3221226021"},{"@Name":"ProcessCreationTime","#text":"2025-05-02 15:10:53.3380460"},{"@Name":"ClientProcessId","#text":"6604"}]}}}
{"Event":{"System":{"Provider":{"@Name":"Microsoft-Windows-Security-Auditing","@Guid":"54849625-5478-4994-a5ba-3e3b0328c30d"},"EventID":"5379","Version":"0","Level":"0","Task":"13824","Opcode":"0","Keywords":"0x8020000000000000","TimeCreated":{"@SystemTime":"2025-05-02 15:10:54.5245198"},"EventRecordID":"92545","Correlation":{"@ActivityID":"1168e054-bb50-0000-2de1-681150bbdb01"},"Execution":{"@ProcessID":"688","@ThreadID":"5868"},"Channel":"Security","Computer":"Server002","Security":null},"EventData":{"Data":[{"@Name":"SubjectUserSid","#text":"S-1-5-90-0-1"},{"@Name":"SubjectUserName","#text":"DWM-1"},{"@Name":"SubjectDomainName","#text":"Window Manager"},{"@Name":"SubjectLogonId","#text":"0x12DFCC4"},{"@Name":"TargetName","#text":"MicrosoftAccount:user=02cvzbqfhnsmmymt"},{"@Name":"Type","#text":"0"},{"@Name":"CountOfCredentialsReturned","#text":"0"},{"@Name":"ReadOperation","#text":"%%8100"},{"@Name":"ReturnCode","#text":"3221226021"},{"@Name":"ProcessCreationTime","#text":"2025-05-02 15:10:53.3380460"},{"@Name":"ClientProcessId","#text":"6604"}]}}}
{"Event":{"System":{"Provider":{"@Name":"Microsoft-Windows-Security-Auditing","@Guid":"54849625-5478-4994-a5ba-3e3b0328c30d"},"EventID":"5379","Version":"0","Level":"0","Task":"13824","Opcode":"0","Keywords":"0x8020000000000000","TimeCreated":{"@SystemTime":"2025-05-02 15:10:54.5258349"},"EventRecordID":"92546","Correlation":{"@ActivityID":"1168e054-bb50-0000-2de1-681150bbdb01"},"Execution":{"@ProcessID":"688","@ThreadID":"5868"},"Channel":"Security","Computer":"Server002","Security":null},"EventData":{"Data":[{"@Name":"SubjectUserSid","#text":"S-1-5-90-0-1"},{"@Name":"SubjectUserName","#text":"DWM-1"},{"@Name":"SubjectDomainName","#text":"Window Manager"},{"@Name":"SubjectLogonId","#text":"0x12DFCC4"},{"@Name":"TargetName","#text":"WindowsLive:target=virtualapp/didlogical"},{"@Name":"Type","#text":"0"},{"@Name":"CountOfCredentialsReturned","#text":"0"},{"@Name":"ReadOperation","#text":"%%8100"},{"@Name":"ReturnCode","#text":"3221226021"},{"@Name":"ProcessCreationTime","#text":"2025-05-02 15:10:53.3380460"},{"@Name":"ClientProcessId","#text":"6604"}]}}}
{"Event":{"System":{"Provider":{"@Name":"Microsoft-Windows-Security-Auditing","@Guid":"54849625-5478-4994-a5ba-3e3b0328c30d"},"EventID":"5379","Version":"0","Level":"0","Task":"13824","Opcode":"0","Keywords":"0x8020000000000000","TimeCreated":{"@SystemTime":"2025-05-02 15:10:54.5302874"},"EventRecordID":"92547","Correlation":{"@ActivityID":"1168e054-bb50-0000-2de1-681150bbdb01"},"Execution":{"@ProcessID":"688","@ThreadID":"5160"},"Channel":"Security","Computer":"Server002","Security":null},"EventData":{"Data":[{"@Name":"SubjectUserSid","#text":"S-1-5-90-0-1"},{"@Name":"SubjectUserName","#text":"DWM-1"},{"@Name":"SubjectDomainName","#text":"Window Manager"},{"@Name":"SubjectLogonId","#text":"0x12DFCC4"},{"@Name":"TargetName","#text":"WindowsLive:target=virtualapp/didlogical"},{"@Name":"Type","#text":"0"},{"@Name":"CountOfCredentialsReturned","#text":"0"},{"@Name":"ReadOperation","#text":"%%8100"},{"@Name":"ReturnCode","#text":"3221226021"},{"@Name":"ProcessCreationTime","#text":"2025-05-02 15:10:53.3380460"},{"@Name":"ClientProcessId","#text":"6604"}]}}}
{"Event":{"System":{"Provider":{"@Name":"Microsoft-Windows-Security-Auditing","@Guid":"54849625-5478-4994-a5ba-3e3b0328c30d"},"EventID":"4648","Version":"0","Level":"0","Task":"12544","Opcode":"0","Keywords":"0x8020000000000000","TimeCreated":{"@SystemTime":"2025-05-02 15:10:55.8113116"},"EventRecordID":"92548","Correlation":{"@ActivityID":"1168e054-bb50-0000-2de1-681150bbdb01"},"Execution":{"@ProcessID":"688","@ThreadID":"736"},"Channel":"Security","Computer":"Server002","Security":null},"EventData":{"Data":[{"@Name":"SubjectUserSid","#text":"S-1-5-18"},{"@Name":"SubjectUserName","#text":"SERVER002$"},{"@Name":"SubjectDomainName","#text":"WORKGROUP"},{"@Name":"SubjectLogonId","#text":"0x3E7"},{"@Name":"LogonGuid","#text":"00000000-0000-0000-0000-000000000000"},{"@Name":"TargetUserName","#text":"DWM-1"},{"@Name":"TargetDomainName","#text":"Window Manager"},{"@Name":"TargetLogonGuid","#text":"00000000-0000-0000-0000-000000000000"},{"@Name":"TargetServerName","#text":"localhost"},{"@Name":"TargetInfo","#text":"localhost"},{"@Name":"ProcessId","#text":"0x268"},{"@Name":"ProcessName","#text":"C:\Windows\System32\winlogon.exe"},{"@Name":"IpAddress","#text":"-"},{"@Name":"IpPort","#text":"-"}]}}}
{"Event":{"System":{"Provider":{"@Name":"Microsoft-Windows-Security-Auditing","@Guid":"54849625-5478-4994-a5ba-3e3b0328c30d"},"EventID":"4624","Version":"2","Level":"0","Task":"12544","Opcode":"0","Keywords":"0x8020000000000000","TimeCreated":{"@SystemTime":"2025-05-02 15:10:55.8113267"},"EventRecordID":"92549","Correlation":{"@ActivityID":"1168e054-bb50-0000-2de1-681150bbdb01"},"Execution":{"@ProcessID":"688","@ThreadID":"736"},"Channel":"Security","Computer":"Server002","Security":null},"EventData":{"Data":[{"@Name":"SubjectUserSid","#text":"S-1-5-18"},{"@Name":"SubjectUserName","#text":"SERVER002$"},{"@Name":"SubjectDomainName","#text":"WORKGROUP"},{"@Name":"SubjectLogonId","#text":"0x3E7"},{"@Name":"TargetUserSid","#text":"S-1-5-90-0-1"},{"@Name":"TargetUserName","#text":"DWM-1"},{"@Name":"TargetDomainName","#text":"Window Manager"},{"@Name":"TargetLogonId","#text":"0x1332E47"},{"@Name":"LogonType","#text":"2"},{"@Name":"LogonProcessName","#text":"Advapi"},{"@Name":"AuthenticationPackageName","#text":"Negotiate"},{"@Name":"WorkstationName","#text":"-"},{"@Name":"LogonGuid","#text":"00000000-0000-0000-0000-000000000000"},{"@Name":"TransmittedServices","#text":"-"},{"@Name":"LmPackageName","#text":"-"},{"@Name":"KeyLength","#text":"0"},{"@Name":"ProcessId","#text":"0x268"},{"@Name":"ProcessName","#text":"C:\Windows\System32\winlogon.exe"},{"@Name":"IpAddress","#text":"-"},{"@Name":"IpPort","#text":"-"},{"@Name":"ImpersonationLevel","#text":"%%1833"},{"@Name":"RestrictedAdminMode","#text":"-"},{"@Name":"TargetOutboundUserName","#text":"-"},{"@Name":"TargetOutboundDomainName","#text":"-"},{"@Name":"VirtualAccount","#text":"%%1842"},{"@Name":"TargetLinkedLogonId","#text":"0x1332EE1"},{"@Name":"ElevatedToken","#text":"%%1842"}]}}}
{"Event":{"System":{"Provider":{"@Name":"Microsoft-Windows-Security-Auditing","@Guid":"54849625-5478-4994-a5ba-3e3b0328c30d"},"EventID":"4624","Version":"2","Level":"0","Task":"12544","Opcode":"0","Keywords":"0x8020000000000000","TimeCreated":{"@SystemTime":"2025-05-02 15:10:55.8113399"},"EventRecordID":"92550","Correlation":{"@ActivityID":"1168e054-bb50-0000-2de1-681150bbdb01"},"Execution":{"@ProcessID":"688","@ThreadID":"736"},"Channel":"Security","Computer":"Server002","Security":null},"EventData":{"Data":[{"@Name":"SubjectUserSid","#text":"S-1-5-18"},{"@Name":"SubjectUserName","#text":"SERVER002$"},{"@Name":"SubjectDomainName","#text":"WORKGROUP"},{"@Name":"SubjectLogonId","#text":"0x3E7"},{"@Name":"TargetUserSid","#text":"S-1-5-90-0-1"},{"@Name":"TargetUserName","#text":"DWM-1"},{"@Name":"TargetDomainName","#text":"Window Manager"},{"@Name":"TargetLogonId","#text":"0x1332EE1"},{"@Name":"LogonType","#text":"2"},{"@Name":"LogonProcessName","#text":"Advapi"},{"@Name":"AuthenticationPackageName","#text":"Negotiate"},{"@Name":"WorkstationName","#text":"-"},{"@Name":"LogonGuid","#text":"00000000-0000-0000-0000-000000000000"},{"@Name":"TransmittedServices","#text":"-"},{"@Name":"LmPackageName","#text":"-"},{"@Name":"KeyLength","#text":"0"},{"@Name":"ProcessId","#text":"0x268"},{"@Name":"ProcessName","#text":"C:\Windows\System32\winlogon.exe"},{"@Name":"IpAddress","#text":"-"},{"@Name":"IpPort","#text":"-"},{"@Name":"ImpersonationLevel","#text":"%%1833"},{"@Name":"RestrictedAdminMode","#text":"-"},{"@Name":"TargetOutboundUserName","#text":"-"},{"@Name":"TargetOutboundDomainName","#text":"-"},{"@Name":"VirtualAccount","#text":"%%1842"},{"@Name":"TargetLinkedLogonId","#text":"0x1332E47"},{"@Name":"ElevatedToken","#text":"%%1843"}]}}}
{"Event":{"System":{"Provider":{"@Name":"Microsoft-Windows-Security-Auditing","@Guid":"54849625-5478-4994-a5ba-3e3b0328c30d"},"EventID":"4672","Version":"0","Level":"0","Task":"12548","Opcode":"0","Keywords":"0x8020000000000000","TimeCreated":{"@SystemTime":"2025-05-02 15:10:55.8113445"},"EventRecordID":"92551","Correlation":{"@ActivityID":"1168e054-bb50-0000-2de1-681150bbdb01"},"Execution":{"@ProcessID":"688","@ThreadID":"736"},"Channel":"Security","Computer":"Server002","Security":null},"EventData":{"Data":[{"@Name":"SubjectUserSid","#text":"S-1-5-90-0-1"},{"@Name":"SubjectUserName","#text":"DWM-1"},{"@Name":"SubjectDomainName","#text":"Window Manager"},{"@Name":"SubjectLogonId","#text":"0x1332E47"},{"@Name":"PrivilegeList","#text":"SeAssignPrimaryTokenPrivilege, SeAuditPrivilege, SeImpersonatePrivilege"}]}}}
{"Event":{"System":{"Provider":{"@Name":"Microsoft-Windows-Security-Auditing","@Guid":"54849625-5478-4994-a5ba-3e3b0328c30d"},"EventID":"4672","Version":"0","Level":"0","Task":"12548","Opcode":"0","Keywords":"0x8020000000000000","TimeCreated":{"@SystemTime":"2025-05-02 15:10:55.8113459"},"EventRecordID":"92552","Correlation":{"@ActivityID":"1168e054-bb50-0000-2de1-681150bbdb01"},"Execution":{"@ProcessID":"688","@ThreadID":"736"},"Channel":"Security","Computer":"Server002","Security":null},"EventData":{"Data":[{"@Name":"SubjectUserSid","#text":"S-1-5-90-0-1"},{"@Name":"SubjectUserName","#text":"DWM-1"},{"@Name":"SubjectDomainName","#text":"Window Manager"},{"@Name":"SubjectLogonId","#text":"0x1332EE1"},{"@Name":"PrivilegeList","#text":"SeAssignPrimaryTokenPrivilege, SeAuditPrivilege"}]}}}
{"Event":{"System":{"Provider":{"@Name":"Microsoft-Windows-Security-Auditing","@Guid":"54849625-5478-4994-a5ba-3e3b0328c30d"},"EventID":"5379","Version":"0","Level":"0","Task":"13824","Opcode":"0","Keywords":"0x8020000000000000","TimeCreated":{"@SystemTime":"2025-05-02 15:10:57.1778620"},"EventRecordID":"92553","Correlation":{"@ActivityID":"1168e054-bb50-0000-2de1-681150bbdb01"},"Execution":{"@ProcessID":"688","@ThreadID":"736"},"Channel":"Security","Computer":"Server002","Security":null},"EventData":{"Data":[{"@Name":"SubjectUserSid","#text":"S-1-5-90-0-1"},{"@Name":"SubjectUserName","#text":"DWM-1"},{"@Name":"SubjectDomainName","#text":"Window Manager"},{"@Name":"SubjectLogonId","#text":"0x1332EE1"},{"@Name":"TargetName","#text":"WindowsLive:(token):name=02iqqvzllaodosot;serviceuri=*"},{"@Name":"Type","#text":"0"},{"@Name":"CountOfCredentialsReturned","#text":"0"},{"@Name":"ReadOperation","#text":"%%8100"},{"@Name":"ReturnCode","#text":"3221226021"},{"@Name":"ProcessCreationTime","#text":"2025-05-02 15:10:53.3380460"},{"@Name":"ClientProcessId","#text":"6604"}]}}}
{"Event":{"System":{"Provider":{"@Name":"Microsoft-Windows-Security-Auditing","@Guid":"54849625-5478-4994-a5ba-3e3b0328c30d"},"EventID":"5379","Version":"0","Level":"0","Task":"13824","Opcode":"0","Keywords":"0x8020000000000000","TimeCreated":{"@SystemTime":"2025-05-02 15:10:57.1783063"},"EventRecordID":"92554","Correlation":{"@ActivityID":"1168e054-bb50-0000-2de1-681150bbdb01"},"Execution":{"@ProcessID":"688","@ThreadID":"736"},"Channel":"Security","Computer":"Server002","Security":null},"EventData":{"Data":[{"@Name":"SubjectUserSid","#text":"S-1-5-90-0-1"},{"@Name":"SubjectUserName","#text":"DWM-1"},{"@Name":"SubjectDomainName","#text":"Window Manager"},{"@Name":"SubjectLogonId","#text":"0x1332EE1"},{"@Name":"TargetName","#text":"WindowsLive:(cert):name=02iqqvzllaodosot;serviceuri=*"},{"@Name":"Type","#text":"0"},{"@Name":"CountOfCredentialsReturned","#text":"0"},{"@Name":"ReadOperation","#text":"%%8100"},{"@Name":"ReturnCode","#text":"3221226021"},{"@Name":"ProcessCreationTime","#text":"2025-05-02 15:10:53.3380460"},{"@Name":"ClientProcessId","#text":"6604"}]}}}
{"Event":{"System":{"Provider":{"@Name":"Microsoft-Windows-Security-Auditing","@Guid":"54849625-5478-4994-a5ba-3e3b0328c30d"},"EventID":"5379","Version":"0","Level":"0","Task":"13824","Opcode":"0","Keywords":"0x8020000000000000","TimeCreated":{"@SystemTime":"2025-05-02 15:10:57.1783587"},"EventRecordID":"92555","Correlation":{"@ActivityID":"1168e054-bb50-0000-2de1-681150bbdb01"},"Execution":{"@ProcessID":"688","@ThreadID":"736"},"Channel":"Security","Computer":"Server002","Security":null},"EventData":{"Data":[{"@Name":"SubjectUserSid","#text":"S-1-5-90-0-1"},{"@Name":"SubjectUserName","#text":"DWM-1"},{"@Name":"SubjectDomainName","#text":"Window Manager"},{"@Name":"SubjectLogonId","#text":"0x1332EE1"},{"@Name":"TargetName","#text":"WindowsLive:target=virtualapp/didlogical"},{"@Name":"Type","#text":"0"},{"@Name":"CountOfCredentialsReturned","#text":"0"},{"@Name":"ReadOperation","#text":"%%8100"},{"@Name":"ReturnCode","#text":"3221226021"},{"@Name":"ProcessCreationTime","#text":"2025-05-02 15:10:53.3380460"},{"@Name":"ClientProcessId","#text":"6604"}]}}}
{"Event":{"System":{"Provider":{"@Name":"Microsoft-Windows-Security-Auditing","@Guid":"54849625-5478-4994-a5ba-3e3b0328c30d"},"EventID":"5379","Version":"0","Level":"0","Task":"13824","Opcode":"0","Keywords":"0x8020000000000000","TimeCreated":{"@SystemTime":"2025-05-02 15:10:57.6375345"},"EventRecordID":"92556","Correlation":{"@ActivityID":"1168e054-bb50-0000-2de1-681150bbdb01"},"Execution":{"@ProcessID":"688","@ThreadID":"736"},"Channel":"Security","Computer":"Server002","Security":null},"EventData":{"Data":[{"@Name":"SubjectUserSid","#text":"S-1-5-90-0-1"},{"@Name":"SubjectUserName","#text":"DWM-1"},{"@Name":"SubjectDomainName","#text":"Window Manager"},{"@Name":"SubjectLogonId","#text":"0x1332EE1"},{"@Name":"TargetName","#text":"MicrosoftAccount:user=02iqqvzllaodosot"},{"@Name":"Type","#text":"0"},{"@Name":"CountOfCredentialsReturned","#text":"0"},{"@Name":"ReadOperation","#text":"%%8100"},{"@Name":"ReturnCode","#text":"3221226021"},{"@Name":"ProcessCreationTime","#text":"2025-05-02 15:10:53.3380460"},{"@Name":"ClientProcessId","#text":"6604"}]}}}
{"Event":{"System":{"Provider":{"@Name":"Microsoft-Windows-Security-Auditing","@Guid":"54849625-5478-4994-a5ba-3e3b0328c30d"},"EventID":"5058","Version":"1","Level":"0","Task":"12292","Opcode":"0","Keywords":"0x8020000000000000","TimeCreated":{"@SystemTime":"2025-05-02 15:10:57.6414111"},"EventRecordID":"92557","Correlation":{"@ActivityID":"1168e054-bb50-0000-2de1-681150bbdb01"},"Execution":{"@ProcessID":"688","@ThreadID":"736"},"Channel":"Security","Computer":"Server002","Security":null},"EventData":{"Data":[{"@Name":"SubjectUserSid","#text":"S-1-5-18"},{"@Name":"SubjectUserName","#text":"SERVER002$"},{"@Name":"SubjectDomainName","#text":"WORKGROUP"},{"@Name":"SubjectLogonId","#text":"0x3E7"},{"@Name":"ClientProcessId","#text":"6604"},{"@Name":"ClientCreationTime","#text":"2025-05-02 15:10:53.3380460"},{"@Name":"ProviderName","#text":"Microsoft Software Key Storage Provider"},{"@Name":"AlgorithmName","#text":"UNKNOWN"},{"@Name":"KeyName","#text":"fbe07282-5d1a-1e0f-8759-8713dcffa98e"},{"@Name":"KeyType","#text":"%%2500"},{"@Name":"KeyFilePath","#text":"C:\ProgramData\Microsoft\Crypto\SystemKeys\b24026b41c85d5ae37684f34e1f11c86_dbf410b3-ef0e-4152-ad61-2d9c7d03536d"},{"@Name":"Operation","#text":"%%2458"},{"@Name":"ReturnCode","#text":"0x0"}]}}}
{"Event":{"System":{"Provider":{"@Name":"Microsoft-Windows-Security-Auditing","@Guid":"54849625-5478-4994-a5ba-3e3b0328c30d"},"EventID":"5061","Version":"0","Level":"0","Task":"12290","Opcode":"0","Keywords":"0x8020000000000000","TimeCreated":{"@SystemTime":"2025-05-02 15:10:57.6416688"},"EventRecordID":"92558","Correlation":{"@ActivityID":"1168e054-bb50-0000-2de1-681150bbdb01"},"Execution":{"@ProcessID":"688","@ThreadID":"736"},"Channel":"Security","Computer":"Server002","Security":null},"EventData":{"Data":[{"@Name":"SubjectUserSid","#text":"S-1-5-18"},{"@Name":"SubjectUserName","#text":"SERVER002$"},{"@Name":"SubjectDomainName","#text":"WORKGROUP"},{"@Name":"SubjectLogonId","#text":"0x3E7"},{"@Name":"ProviderName","#text":"Microsoft Software Key Storage Provider"},{"@Name":"AlgorithmName","#text":"RSA"},{"@Name":"KeyName","#text":"fbe07282-5d1a-1e0f-8759-8713dcffa98e"},{"@Name":"KeyType","#text":"%%2500"},{"@Name":"Operation","#text":"%%2480"},{"@Name":"ReturnCode","#text":"0x0"}]}}}
{"Event":{"System":{"Provider":{"@Name":"Microsoft-Windows-Security-Auditing","@Guid":"54849625-5478-4994-a5ba-3e3b0328c30d"},"EventID":"5379","Version":"0","Level":"0","Task":"13824","Opcode":"0","Keywords":"0x8020000000000000","TimeCreated":{"@SystemTime":"2025-05-02 15:10:57.6498084"},"EventRecordID":"92559","Correlation":{"@ActivityID":"1168e054-bb50-0000-2de1-681150bbdb01"},"Execution":{"@ProcessID":"688","@ThreadID":"736"},"Channel":"Security","Computer":"Server002","Security":null},"EventData":{"Data":[{"@Name":"SubjectUserSid","#text":"S-1-5-90-0-1"},{"@Name":"SubjectUserName","#text":"DWM-1"},{"@Name":"SubjectDomainName","#text":"Window Manager"},{"@Name":"SubjectLogonId","#text":"0x1332EE1"},{"@Name":"TargetName","#text":"MicrosoftAccount:user=02iqqvzllaodosot"},{"@Name":"Type","#text":"1"},{"@Name":"CountOfCredentialsReturned","#text":"1"},{"@Name":"ReadOperation","#text":"%%8099"},{"@Name":"ReturnCode","#text":"3221226021"},{"@Name":"ProcessCreationTime","#text":"2025-05-02 15:10:53.3380460"},{"@Name":"ClientProcessId","#text":"6604"}]}}}
{"Event":{"System":{"Provider":{"@Name":"Microsoft-Windows-Security-Auditing","@Guid":"54849625-5478-4994-a5ba-3e3b0328c30d"},"EventID":"5379","Version":"0","Level":"0","Task":"13824","Opcode":"0","Keywords":"0x8020000000000000","TimeCreated":{"@SystemTime":"2025-05-02 15:10:57.6563850"},"EventRecordID":"92560","Correlation":{"@ActivityID":"1168e054-bb50-0000-2de1-681150bbdb01"},"Execution":{"@ProcessID":"688","@ThreadID":"736"},"Channel":"Security","Computer":"Server002","Security":null},"EventData":{"Data":[{"@Name":"SubjectUserSid","#text":"S-1-5-90-0-1"},{"@Name":"SubjectUserName","#text":"DWM-1"},{"@Name":"SubjectDomainName","#text":"Window Manager"},{"@Name":"SubjectLogonId","#text":"0x1332EE1"},{"@Name":"TargetName","#text":"MicrosoftAccount:user=02iqqvzllaodosot"},{"@Name":"Type","#text":"0"},{"@Name":"CountOfCredentialsReturned","#text":"0"},{"@Name":"ReadOperation","#text":"%%8100"},{"@Name":"ReturnCode","#text":"3221226021"},{"@Name":"ProcessCreationTime","#text":"2025-05-02 15:10:53.3380460"},{"@Name":"ClientProcessId","#text":"6604"}]}}}
{"Event":{"System":{"Provider":{"@Name":"Microsoft-Windows-Security-Auditing","@Guid":"54849625-5478-4994-a5ba-3e3b0328c30d"},"EventID":"5379","Version":"0","Level":"0","Task":"13824","Opcode":"0","Keywords":"0x8020000000000000","TimeCreated":{"@SystemTime":"2025-05-02 15:10:57.6570154"},"EventRecordID":"92561","Correlation":{"@ActivityID":"1168e054-bb50-0000-2de1-681150bbdb01"},"Execution":{"@ProcessID":"688","@ThreadID":"736"},"Channel":"Security","Computer":"Server002","Security":null},"EventData":{"Data":[{"@Name":"SubjectUserSid","#text":"S-1-5-90-0-1"},{"@Name":"SubjectUserName","#text":"DWM-1"},{"@Name":"SubjectDomainName","#text":"Window Manager"},{"@Name":"SubjectLogonId","#text":"0x1332EE1"},{"@Name":"TargetName","#text":"WindowsLive:target=virtualapp/didlogical"},{"@Name":"Type","#text":"0"},{"@Name":"CountOfCredentialsReturned","#text":"0"},{"@Name":"ReadOperation","#text":"%%8100"},{"@Name":"ReturnCode","#text":"3221226021"},{"@Name":"ProcessCreationTime","#text":"2025-05-02 15:10:53.3380460"},{"@Name":"ClientProcessId","#text":"6604"}]}}}
{"Event":{"System":{"Provider":{"@Name":"Microsoft-Windows-Security-Auditing","@Guid":"54849625-5478-4994-a5ba-3e3b0328c30d"},"EventID":"5379","Version":"0","Level":"0","Task":"13824","Opcode":"0","Keywords":"0x8020000000000000","TimeCreated":{"@SystemTime":"2025-05-02 15:10:57.6611815"},"EventRecordID":"92562","Correlation":{"@ActivityID":"1168e054-bb50-0000-2de1-681150bbdb01"},"Execution":{"@ProcessID":"688","@ThreadID":"736"},"Channel":"Security","Computer":"Server002","Security":null},"EventData":{"Data":[{"@Name":"SubjectUserSid","#text":"S-1-5-90-0-1"},{"@Name":"SubjectUserName","#text":"DWM-1"},{"@Name":"SubjectDomainName","#text":"Window Manager"},{"@Name":"SubjectLogonId","#text":"0x1332EE1"},{"@Name":"TargetName","#text":"WindowsLive:target=virtualapp/didlogical"},{"@Name":"Type","#text":"0"},{"@Name":"CountOfCredentialsReturned","#text":"0"},{"@Name":"ReadOperation","#text":"%%8100"},{"@Name":"ReturnCode","#text":"3221226021"},{"@Name":"ProcessCreationTime","#text":"2025-05-02 15:10:53.3380460"},{"@Name":"ClientProcessId","#text":"6604"}]}}}
{"Event":{"System":{"Provider":{"@Name":"Microsoft-Windows-Security-Auditing","@Guid":"54849625-5478-4994-a5ba-3e3b0328c30d"},"EventID":"4648","Version":"0","Level":"0","Task":"12544","Opcode":"0","Keywords":"0x8020000000000000","TimeCreated":{"@SystemTime":"2025-05-02 15:10:58.8532218"},"EventRecordID":"92563","Correlation":{"@ActivityID":"1168e054-bb50-0000-2de1-681150bbdb01"},"Execution":{"@ProcessID":"688","@ThreadID":"5868"},"Channel":"Security","Computer":"Server002","Security":null},"EventData":{"Data":[{"@Name":"SubjectUserSid","#text":"S-1-5-18"},{"@Name":"SubjectUserName","#text":"SERVER002$"},{"@Name":"SubjectDomainName","#text":"WORKGROUP"},{"@Name":"SubjectLogonId","#text":"0x3E7"},{"@Name":"LogonGuid","#text":"00000000-0000-0000-0000-000000000000"},{"@Name":"TargetUserName","#text":"DWM-1"},{"@Name":"TargetDomainName","#text":"Window Manager"},{"@Name":"TargetLogonGuid","#text":"00000000-0000-0000-0000-000000000000"},{"@Name":"TargetServerName","#text":"localhost"},{"@Name":"TargetInfo","#text":"localhost"},{"@Name":"ProcessId","#text":"0x268"},{"@Name":"ProcessName","#text":"C:\Windows\System32\winlogon.exe"},{"@Name":"IpAddress","#text":"-"},{"@Name":"IpPort","#text":"-"}]}}}
{"Event":{"System":{"Provider":{"@Name":"Microsoft-Windows-Security-Auditing","@Guid":"54849625-5478-4994-a5ba-3e3b0328c30d"},"EventID":"4624","Version":"2","Level":"0","Task":"12544","Opcode":"0","Keywords":"0x8020000000000000","TimeCreated":{"@SystemTime":"2025-05-02 15:10:58.8532351"},"EventRecordID":"92564","Correlation":{"@ActivityID":"1168e054-bb50-0000-2de1-681150bbdb01"},"Execution":{"@ProcessID":"688","@ThreadID":"5868"},"Channel":"Security","Computer":"Server002","Security":null},"EventData":{"Data":[{"@Name":"SubjectUserSid","#text":"S-1-5-18"},{"@Name":"SubjectUserName","#text":"SERVER002$"},{"@Name":"SubjectDomainName","#text":"WORKGROUP"},{"@Name":"SubjectLogonId","#text":"0x3E7"},{"@Name":"TargetUserSid","#text":"S-1-5-90-0-1"},{"@Name":"TargetUserName","#text":"DWM-1"},{"@Name":"TargetDomainName","#text":"Window Manager"},{"@Name":"TargetLogonId","#text":"0x133B495"},{"@Name":"LogonType","#text":"2"},{"@Name":"LogonProcessName","#text":"Advapi"},{"@Name":"AuthenticationPackageName","#text":"Negotiate"},{"@Name":"WorkstationName","#text":"-"},{"@Name":"LogonGuid","#text":"00000000-0000-0000-0000-000000000000"},{"@Name":"TransmittedServices","#text":"-"},{"@Name":"LmPackageName","#text":"-"},{"@Name":"KeyLength","#text":"0"},{"@Name":"ProcessId","#text":"0x268"},{"@Name":"ProcessName","#text":"C:\Windows\System32\winlogon.exe"},{"@Name":"IpAddress","#text":"-"},{"@Name":"IpPort","#text":"-"},{"@Name":"ImpersonationLevel","#text":"%%1833"},{"@Name":"RestrictedAdminMode","#text":"-"},{"@Name":"TargetOutboundUserName","#text":"-"},{"@Name":"TargetOutboundDomainName","#text":"-"},{"@Name":"VirtualAccount","#text":"%%1842"},{"@Name":"TargetLinkedLogonId","#text":"0x133B4A5"},{"@Name":"ElevatedToken","#text":"%%1842"}]}}}
{"Event":{"System":{"Provider":{"@Name":"Microsoft-Windows-Security-Auditing","@Guid":"54849625-5478-4994-a5ba-3e3b0328c30d"},"EventID":"4624","Version":"2","Level":"0","Task":"12544","Opcode":"0","Keywords":"0x8020000000000000","TimeCreated":{"@SystemTime":"2025-05-02 15:10:58.8532464"},"EventRecordID":"92565","Correlation":{"@ActivityID":"1168e054-bb50-0000-2de1-681150bbdb01"},"Execution":{"@ProcessID":"688","@ThreadID":"5868"},"Channel":"Security","Computer":"Server002","Security":null},"EventData":{"Data":[{"@Name":"SubjectUserSid","#text":"S-1-5-18"},{"@Name":"SubjectUserName","#text":"SERVER002$"},{"@Name":"SubjectDomainName","#text":"WORKGROUP"},{"@Name":"SubjectLogonId","#text":"0x3E7"},{"@Name":"TargetUserSid","#text":"S-1-5-90-0-1"},{"@Name":"TargetUserName","#text":"DWM-1"},{"@Name":"TargetDomainName","#text":"Window Manager"},{"@Name":"TargetLogonId","#text":"0x133B4A5"},{"@Name":"LogonType","#text":"2"},{"@Name":"LogonProcessName","#text":"Advapi"},{"@Name":"AuthenticationPackageName","#text":"Negotiate"},{"@Name":"WorkstationName","#text":"-"},{"@Name":"LogonGuid","#text":"00000000-0000-0000-0000-000000000000"},{"@Name":"TransmittedServices","#text":"-"},{"@Name":"LmPackageName","#text":"-"},{"@Name":"KeyLength","#text":"0"},{"@Name":"ProcessId","#text":"0x268"},{"@Name":"ProcessName","#text":"C:\Windows\System32\winlogon.exe"},{"@Name":"IpAddress","#text":"-"},{"@Name":"IpPort","#text":"-"},{"@Name":"ImpersonationLevel","#text":"%%1833"},{"@Name":"RestrictedAdminMode","#text":"-"},{"@Name":"TargetOutboundUserName","#text":"-"},{"@Name":"TargetOutboundDomainName","#text":"-"},{"@Name":"VirtualAccount","#text":"%%1842"},{"@Name":"TargetLinkedLogonId","#text":"0x133B495"},{"@Name":"ElevatedToken","#text":"%%1843"}]}}}
{"Event":{"System":{"Provider":{"@Name":"Microsoft-Windows-Security-Auditing","@Guid":"54849625-5478-4994-a5ba-3e3b0328c30d"},"EventID":"4672","Version":"0","Level":"0","Task":"12548","Opcode":"0","Keywords":"0x8020000000000000","TimeCreated":{"@SystemTime":"2025-05-02 15:10:58.8532504"},"EventRecordID":"92566","Correlation":{"@ActivityID":"1168e054-bb50-0000-2de1-681150bbdb01"},"Execution":{"@ProcessID":"688","@ThreadID":"5868"},"Channel":"Security","Computer":"Server002","Security":null},"EventData":{"Data":[{"@Name":"SubjectUserSid","#text":"S-1-5-90-0-1"},{"@Name":"SubjectUserName","#text":"DWM-1"},{"@Name":"SubjectDomainName","#text":"Window Manager"},{"@Name":"SubjectLogonId","#text":"0x133B495"},{"@Name":"PrivilegeList","#text":"SeAssignPrimaryTokenPrivilege, SeAuditPrivilege, SeImpersonatePrivilege"}]}}}
{"Event":{"System":{"Provider":{"@Name":"Microsoft-Windows-Security-Auditing","@Guid":"54849625-5478-4994-a5ba-3e3b0328c30d"},"EventID":"4672","Version":"0","Level":"0","Task":"12548","Opcode":"0","Keywords":"0x8020000000000000","TimeCreated":{"@SystemTime":"2025-05-02 15:10:58.8532518"},"EventRecordID":"92567","Correlation":{"@ActivityID":"1168e054-bb50-0000-2de1-681150bbdb01"},"Execution":{"@ProcessID":"688","@ThreadID":"5868"},"Channel":"Security","Computer":"Server002","Security":null},"EventData":{"Data":[{"@Name":"SubjectUserSid","#text":"S-1-5-90-0-1"},{"@Name":"SubjectUserName","#text":"DWM-1"},{"@Name":"SubjectDomainName","#text":"Window Manager"},{"@Name":"SubjectLogonId","#text":"0x133B4A5"},{"@Name":"PrivilegeList","#text":"SeAssignPrimaryTokenPrivilege, SeAuditPrivilege"}]}}}
{"Event":{"System":{"Provider":{"@Name":"Microsoft-Windows-Security-Auditing","@Guid":"54849625-5478-4994-a5ba-3e3b0328c30d"},"EventID":"4634","Version":"0","Level":"0","Task":"12545","Opcode":"0","Keywords":"0x8020000000000000","TimeCreated":{"@SystemTime":"2025-05-02 15:10:58.8645381"},"EventRecordID":"92568","Correlation":null,"Execution":{"@ProcessID":"688","@ThreadID":"5868"},"Channel":"Security","Computer":"Server002","Security":null},"EventData":{"Data":[{"@Name":"TargetUserSid","#text":"S-1-5-90-0-1"},{"@Name":"TargetUserName","#text":"DWM-1"},{"@Name":"TargetDomainName","#text":"Window Manager"},{"@Name":"TargetLogonId","#text":"0x1332EE1"},{"@Name":"LogonType","#text":"2"}]}}}
{"Event":{"System":{"Provider":{"@Name":"Microsoft-Windows-Security-Auditing","@Guid":"54849625-5478-4994-a5ba-3e3b0328c30d"},"EventID":"4634","Version":"0","Level":"0","Task":"12545","Opcode":"0","Keywords":"0x8020000000000000","TimeCreated":{"@SystemTime":"2025-05-02 15:10:58.8648874"},"EventRecordID":"92569","Correlation":null,"Execution":{"@ProcessID":"688","@ThreadID":"5868"},"Channel":"Security","Computer":"Server002","Security":null},"EventData":{"Data":[{"@Name":"TargetUserSid","#text":"S-1-5-90-0-1"},{"@Name":"TargetUserName","#text":"DWM-1"},{"@Name":"TargetDomainName","#text":"Window Manager"},{"@Name":"TargetLogonId","#text":"0x1332E47"},{"@Name":"LogonType","#text":"2"}]}}}
{"Event":{"System":{"Provider":{"@Name":"Microsoft-Windows-Security-Auditing","@Guid":"54849625-5478-4994-a5ba-3e3b0328c30d"},"EventID":"4798","Version":"0","Level":"0","Task":"13824","Opcode":"0","Keywords":"0x8020000000000000","TimeCreated":{"@SystemTime":"2025-05-02 15:11:35.5733031"},"EventRecordID":"92570","Correlation":{"@ActivityID":"1168e054-bb50-0000-2de1-681150bbdb01"},"Execution":{"@ProcessID":"688","@ThreadID":"5160"},"Channel":"Security","Computer":"Server002","Security":null},"EventData":{"Data":[{"@Name":"TargetUserName","#text":"Administrator"},{"@Name":"TargetDomainName","#text":"SERVER002"},{"@Name":"TargetSid","#text":"S-1-5-21-3962163828-2803415714-1403596700-500"},{"@Name":"SubjectUserSid","#text":"S-1-5-18"},{"@Name":"SubjectUserName","#text":"SERVER002$"},{"@Name":"SubjectDomainName","#text":"WORKGROUP"},{"@Name":"SubjectLogonId","#text":"0x3E7"},{"@Name":"CallerProcessId","#text":"0xC90"},{"@Name":"CallerProcessName","#text":"C:\Program Files\Malwarebytes\Anti-Malware\MBAMService.exe"}]}}}
