{"Event":{"System":{"Provider":{"@Name":"Microsoft-Windows-Sysmon","@Guid":"5770385f-c22a-43e0-bf4c-06f5698ffbd9"},"EventID":"1","Version":"5","Level":"4","Task":"1","Opcode":"0","Keywords":"100","TimeCreated":{"@SystemTime":"2025-05-01 20:54:07.5370351"},"EventRecordID":"59755","Correlation":null,"Execution":{"@ProcessID":"2632","@ThreadID":"4140"},"Channel":"Microsoft-Windows-Sysmon/Operational","Computer":"Server002","Security":{"@UserID":"S-1-5-18"}},"EventData":{"Data":[{"@Name":"RuleName","#text":"-"},{"@Name":"UtcTime","#text":"2025-05-01 20:54:07.521"},{"@Name":"ProcessGuid","#text":"dbf410b3-df6f-6813-9f0d-000000004400"},{"@Name":"ProcessId","#text":"10320"},{"@Name":"Image","#text":"C:\Program Files (x86)\BraveSoftware\Update\Install\{1300F9D6-5B21-4685-9485-74394139634E}\CR_1F351.tmp\setup.exe"},{"@Name":"FileVersion","#text":"136.1.78.94"},{"@Name":"Description","#text":"Brave Installer"},{"@Name":"Product","#text":"Brave Installer"},{"@Name":"Company","#text":"Brave Software, Inc."},{"@Name":"OriginalFileName","#text":"-"},{"@Name":"CommandLine","#text":"\"C:\Program Files (x86)\BraveSoftware\Update\Install\{1300F9D6-5B21-4685-9485-74394139634E}\CR_1F351.tmp\setup.exe\" --system-level --verbose-logging --create-shortcuts=2 --install-level=1"},{"@Name":"CurrentDirectory","#text":"C:\Program Files (x86)\BraveSoftware\Update\1.3.361.151\"},{"@Name":"User","#text":"NT AUTHORITY\SYSTEM"},{"@Name":"LogonGuid","#text":"dbf410b3-f6db-6811-e703-000000000000"},{"@Name":"LogonId","#text":"0x3E7"},{"@Name":"TerminalSessionId","#text":"0"},{"@Name":"IntegrityLevel","#text":"System"},{"@Name":"Hashes","#text":"SHA256=1C968DB32E9F940C280AC99B2AC935DB81E82F1A70A87657AD8D27D7884D58B3"},{"@Name":"ParentProcessGuid","#text":"dbf410b3-dead-6813-980d-000000004400"},{"@Name":"ParentProcessId","#text":"11356"},{"@Name":"ParentImage","#text":"C:\Program Files (x86)\BraveSoftware\Update\Install\{1300F9D6-5B21-4685-9485-74394139634E}\CR_1F351.tmp\setup.exe"},{"@Name":"ParentCommandLine","#text":"\"C:\Program Files (x86)\BraveSoftware\Update\Install\{1300F9D6-5B21-4685-9485-74394139634E}\CR_1F351.tmp\setup.exe\" --install-archive=\"C:\Program Files (x86)\BraveSoftware\Update\Install\{1300F9D6-5B21-4685-9485-74394139634E}\CR_1F351.tmp\CHROME_PATCH.PACKED.7Z\" "},{"@Name":"ParentUser","#text":"NT AUTHORITY\SYSTEM"}]}}}
{"Event":{"System":{"Provider":{"@Name":"Microsoft-Windows-Sysmon","@Guid":"5770385f-c22a-43e0-bf4c-06f5698ffbd9"},"EventID":"1","Version":"5","Level":"4","Task":"1","Opcode":"0","Keywords":"100","TimeCreated":{"@SystemTime":"2025-05-01 20:54:07.7622038"},"EventRecordID":"59756","Correlation":null,"Execution":{"@ProcessID":"2632","@ThreadID":"4140"},"Channel":"Microsoft-Windows-Sysmon/Operational","Computer":"Server002","Security":{"@UserID":"S-1-5-18"}},"EventData":{"Data":[{"@Name":"RuleName","#text":"-"},{"@Name":"UtcTime","#text":"2025-05-01 20:54:07.737"},{"@Name":"ProcessGuid","#text":"dbf410b3-df6f-6813-a00d-000000004400"},{"@Name":"ProcessId","#text":"6956"},{"@Name":"Image","#text":"C:\Program Files (x86)\BraveSoftware\Update\Install\{1300F9D6-5B21-4685-9485-74394139634E}\CR_1F351.tmp\setup.exe"},{"@Name":"FileVersion","#text":"136.1.78.94"},{"@Name":"Description","#text":"Brave Installer"},{"@Name":"Product","#text":"Brave Installer"},{"@Name":"Company","#text":"Brave Software, Inc."},{"@Name":"OriginalFileName","#text":"-"},{"@Name":"CommandLine","#text":"\"C:\Program Files (x86)\BraveSoftware\Update\Install\{1300F9D6-5B21-4685-9485-74394139634E}\CR_1F351.tmp\setup.exe\" --type=crashpad-handler /prefetch:4 --monitor-self-annotation=ptype=crashpad-handler --database=C:\Windows\SystemTemp\Crashpad --url=https://cr.brave.com --annotation=plat=Win64 --annotation=prod=Brave --annotation=ver=136.1.78.94 --initial-client-data=0x29c,0x2a0,0x2a4,0x278,0x2a8,0x7ff63e703178,0x7ff63e703184,0x7ff63e703190"},{"@Name":"CurrentDirectory","#text":"C:\Program Files (x86)\BraveSoftware\Update\1.3.361.151\"},{"@Name":"User","#text":"NT AUTHORITY\SYSTEM"},{"@Name":"LogonGuid","#text":"dbf410b3-f6db-6811-e703-000000000000"},{"@Name":"LogonId","#text":"0x3E7"},{"@Name":"TerminalSessionId","#text":"0"},{"@Name":"IntegrityLevel","#text":"System"},{"@Name":"Hashes","#text":"SHA256=1C968DB32E9F940C280AC99B2AC935DB81E82F1A70A87657AD8D27D7884D58B3"},{"@Name":"ParentProcessGuid","#text":"dbf410b3-df6f-6813-9f0d-000000004400"},{"@Name":"ParentProcessId","#text":"10320"},{"@Name":"ParentImage","#text":"C:\Program Files (x86)\BraveSoftware\Update\Install\{1300F9D6-5B21-4685-9485-74394139634E}\CR_1F351.tmp\setup.exe"},{"@Name":"ParentCommandLine","#text":"\"C:\Program Files (x86)\BraveSoftware\Update\Install\{1300F9D6-5B21-4685-9485-74394139634E}\CR_1F351.tmp\setup.exe\" --system-level --verbose-logging --create-shortcuts=2 --install-level=1"},{"@Name":"ParentUser","#text":"NT AUTHORITY\SYSTEM"}]}}}
{"Event":{"System":{"Provider":{"@Name":"Microsoft-Windows-Sysmon","@Guid":"5770385f-c22a-43e0-bf4c-06f5698ffbd9"},"EventID":"5","Version":"3","Level":"4","Task":"5","Opcode":"0","Keywords":"100","TimeCreated":{"@SystemTime":"2025-05-01 20:54:08.5437028"},"EventRecordID":"59757","Correlation":null,"Execution":{"@ProcessID":"2632","@ThreadID":"4140"},"Channel":"Microsoft-Windows-Sysmon/Operational","Computer":"Server002","Security":{"@UserID":"S-1-5-18"}},"EventData":{"Data":[{"@Name":"RuleName","#text":"-"},{"@Name":"UtcTime","#text":"2025-05-01 20:54:08.542"},{"@Name":"ProcessGuid","#text":"dbf410b3-df6f-6813-9f0d-000000004400"},{"@Name":"ProcessId","#text":"10320"},{"@Name":"Image","#text":"C:\Program Files (x86)\BraveSoftware\Update\Install\{1300F9D6-5B21-4685-9485-74394139634E}\CR_1F351.tmp\setup.exe"},{"@Name":"User","#text":"NT AUTHORITY\SYSTEM"}]}}}
{"Event":{"System":{"Provider":{"@Name":"Microsoft-Windows-Sysmon","@Guid":"5770385f-c22a-43e0-bf4c-06f5698ffbd9"},"EventID":"5","Version":"3","Level":"4","Task":"5","Opcode":"0","Keywords":"100","TimeCreated":{"@SystemTime":"2025-05-01 20:54:08.5778414"},"EventRecordID":"59758","Correlation":null,"Execution":{"@ProcessID":"2632","@ThreadID":"4140"},"Channel":"Microsoft-Windows-Sysmon/Operational","Computer":"Server002","Security":{"@UserID":"S-1-5-18"}},"EventData":{"Data":[{"@Name":"RuleName","#text":"-"},{"@Name":"UtcTime","#text":"2025-05-01 20:54:08.576"},{"@Name":"ProcessGuid","#text":"dbf410b3-df6f-6813-a00d-000000004400"},{"@Name":"ProcessId","#text":"6956"},{"@Name":"Image","#text":"C:\Program Files (x86)\BraveSoftware\Update\Install\{1300F9D6-5B21-4685-9485-74394139634E}\CR_1F351.tmp\setup.exe"},{"@Name":"User","#text":"NT AUTHORITY\SYSTEM"}]}}}
{"Event":{"System":{"Provider":{"@Name":"Microsoft-Windows-Sysmon","@Guid":"5770385f-c22a-43e0-bf4c-06f5698ffbd9"},"EventID":"5","Version":"3","Level":"4","Task":"5","Opcode":"0","Keywords":"100","TimeCreated":{"@SystemTime":"2025-05-01 20:54:08.8517961"},"EventRecordID":"59759","Correlation":null,"Execution":{"@ProcessID":"2632","@ThreadID":"4140"},"Channel":"Microsoft-Windows-Sysmon/Operational","Computer":"Server002","Security":{"@UserID":"S-1-5-18"}},"EventData":{"Data":[{"@Name":"RuleName","#text":"-"},{"@Name":"UtcTime","#text":"2025-05-01 20:54:08.843"},{"@Name":"ProcessGuid","#text":"dbf410b3-dead-6813-980d-000000004400"},{"@Name":"ProcessId","#text":"11356"},{"@Name":"Image","#text":"C:\Program Files (x86)\BraveSoftware\Update\Install\{1300F9D6-5B21-4685-9485-74394139634E}\CR_1F351.tmp\setup.exe"},{"@Name":"User","#text":"NT AUTHORITY\SYSTEM"}]}}}
{"Event":{"System":{"Provider":{"@Name":"Microsoft-Windows-Sysmon","@Guid":"5770385f-c22a-43e0-bf4c-06f5698ffbd9"},"EventID":"5","Version":"3","Level":"4","Task":"5","Opcode":"0","Keywords":"100","TimeCreated":{"@SystemTime":"2025-05-01 20:54:08.8691978"},"EventRecordID":"59760","Correlation":null,"Execution":{"@ProcessID":"2632","@ThreadID":"4140"},"Channel":"Microsoft-Windows-Sysmon/Operational","Computer":"Server002","Security":{"@UserID":"S-1-5-18"}},"EventData":{"Data":[{"@Name":"RuleName","#text":"-"},{"@Name":"UtcTime","#text":"2025-05-01 20:54:08.868"},{"@Name":"ProcessGuid","#text":"dbf410b3-deae-6813-990d-000000004400"},{"@Name":"ProcessId","#text":"8108"},{"@Name":"Image","#text":"C:\Program Files (x86)\BraveSoftware\Update\Install\{1300F9D6-5B21-4685-9485-74394139634E}\CR_1F351.tmp\setup.exe"},{"@Name":"User","#text":"NT AUTHORITY\SYSTEM"}]}}}
{"Event":{"System":{"Provider":{"@Name":"Microsoft-Windows-Sysmon","@Guid":"5770385f-c22a-43e0-bf4c-06f5698ffbd9"},"EventID":"5","Version":"3","Level":"4","Task":"5","Opcode":"0","Keywords":"100","TimeCreated":{"@SystemTime":"2025-05-01 20:54:08.9601385"},"EventRecordID":"59761","Correlation":null,"Execution":{"@ProcessID":"2632","@ThreadID":"4140"},"Channel":"Microsoft-Windows-Sysmon/Operational","Computer":"Server002","Security":{"@UserID":"S-1-5-18"}},"EventData":{"Data":[{"@Name":"RuleName","#text":"-"},{"@Name":"UtcTime","#text":"2025-05-01 20:54:08.959"},{"@Name":"ProcessGuid","#text":"dbf410b3-dea9-6813-950d-000000004400"},{"@Name":"ProcessId","#text":"5320"},{"@Name":"Image","#text":"C:\Program Files (x86)\BraveSoftware\Update\Install\{1300F9D6-5B21-4685-9485-74394139634E}\brave_installer-delta-x64.exe"},{"@Name":"User","#text":"NT AUTHORITY\SYSTEM"}]}}}
{"Event":{"System":{"Provider":{"@Name":"Microsoft-Windows-Sysmon","@Guid":"5770385f-c22a-43e0-bf4c-06f5698ffbd9"},"EventID":"1","Version":"5","Level":"4","Task":"1","Opcode":"0","Keywords":"100","TimeCreated":{"@SystemTime":"2025-05-01 20:54:08.9737335"},"EventRecordID":"59762","Correlation":null,"Execution":{"@ProcessID":"2632","@ThreadID":"4140"},"Channel":"Microsoft-Windows-Sysmon/Operational","Computer":"Server002","Security":{"@UserID":"S-1-5-18"}},"EventData":{"Data":[{"@Name":"RuleName","#text":"-"},{"@Name":"UtcTime","#text":"2025-05-01 20:54:08.969"},{"@Name":"ProcessGuid","#text":"dbf410b3-df70-6813-a10d-000000004400"},{"@Name":"ProcessId","#text":"11488"},{"@Name":"Image","#text":"C:\Program Files (x86)\BraveSoftware\Update\1.3.361.151\BraveCrashHandler.exe"},{"@Name":"FileVersion","#text":"1.3.361.151"},{"@Name":"Description","#text":"BraveSoftware Update"},{"@Name":"Product","#text":"BraveSoftware Update"},{"@Name":"Company","#text":"BraveSoftware Inc."},{"@Name":"OriginalFileName","#text":"BraveUpdate.exe"},{"@Name":"CommandLine","#text":"\"C:\Program Files (x86)\BraveSoftware\Update\1.3.361.151\BraveCrashHandler.exe\""},{"@Name":"CurrentDirectory","#text":"C:\Program Files (x86)\BraveSoftware\Update\1.3.361.151\"},{"@Name":"User","#text":"NT AUTHORITY\SYSTEM"},{"@Name":"LogonGuid","#text":"dbf410b3-f6db-6811-e703-000000000000"},{"@Name":"LogonId","#text":"0x3E7"},{"@Name":"TerminalSessionId","#text":"0"},{"@Name":"IntegrityLevel","#text":"System"},{"@Name":"Hashes","#text":"SHA256=546EB4102D9835E0E8B836BBD0E1382FD72E61C96ED323134A4E2B877A7A67A1"},{"@Name":"ParentProcessGuid","#text":"dbf410b3-de9f-6813-940d-000000004400"},{"@Name":"ParentProcessId","#text":"5360"},{"@Name":"ParentImage","#text":"C:\Program Files (x86)\BraveSoftware\Update\BraveUpdate.exe"},{"@Name":"ParentCommandLine","#text":"\"C:\Program Files (x86)\BraveSoftware\Update\BraveUpdate.exe\" /svc"},{"@Name":"ParentUser","#text":"NT AUTHORITY\SYSTEM"}]}}}
{"Event":{"System":{"Provider":{"@Name":"Microsoft-Windows-Sysmon","@Guid":"5770385f-c22a-43e0-bf4c-06f5698ffbd9"},"EventID":"1","Version":"5","Level":"4","Task":"1","Opcode":"0","Keywords":"100","TimeCreated":{"@SystemTime":"2025-05-01 20:54:08.9840907"},"EventRecordID":"59763","Correlation":null,"Execution":{"@ProcessID":"2632","@ThreadID":"4140"},"Channel":"Microsoft-Windows-Sysmon/Operational","Computer":"Server002","Security":{"@UserID":"S-1-5-18"}},"EventData":{"Data":[{"@Name":"RuleName","#text":"-"},{"@Name":"UtcTime","#text":"2025-05-01 20:54:08.981"},{"@Name":"ProcessGuid","#text":"dbf410b3-df70-6813-a20d-000000004400"},{"@Name":"ProcessId","#text":"9052"},{"@Name":"Image","#text":"C:\Program Files (x86)\BraveSoftware\Update\1.3.361.151\BraveCrashHandler64.exe"},{"@Name":"FileVersion","#text":"1.3.361.151"},{"@Name":"Description","#text":"BraveSoftware Update"},{"@Name":"Product","#text":"BraveSoftware Update"},{"@Name":"Company","#text":"BraveSoftware Inc."},{"@Name":"OriginalFileName","#text":"BraveUpdate.exe"},{"@Name":"CommandLine","#text":"\"C:\Program Files (x86)\BraveSoftware\Update\1.3.361.151\BraveCrashHandler64.exe\""},{"@Name":"CurrentDirectory","#text":"C:\Program Files (x86)\BraveSoftware\Update\1.3.361.151\"},{"@Name":"User","#text":"NT AUTHORITY\SYSTEM"},{"@Name":"LogonGuid","#text":"dbf410b3-f6db-6811-e703-000000000000"},{"@Name":"LogonId","#text":"0x3E7"},{"@Name":"TerminalSessionId","#text":"0"},{"@Name":"IntegrityLevel","#text":"System"},{"@Name":"Hashes","#text":"SHA256=0664AB1D6B8DCFDE6AA34B00313B4DCBF1B18B78FEADE8FFA49D53BC93EAAED5"},{"@Name":"ParentProcessGuid","#text":"dbf410b3-de9f-6813-940d-000000004400"},{"@Name":"ParentProcessId","#text":"5360"},{"@Name":"ParentImage","#text":"C:\Program Files (x86)\BraveSoftware\Update\BraveUpdate.exe"},{"@Name":"ParentCommandLine","#text":"\"C:\Program Files (x86)\BraveSoftware\Update\BraveUpdate.exe\" /svc"},{"@Name":"ParentUser","#text":"NT AUTHORITY\SYSTEM"}]}}}
{"Event":{"System":{"Provider":{"@Name":"Microsoft-Windows-Sysmon","@Guid":"5770385f-c22a-43e0-bf4c-06f5698ffbd9"},"EventID":"5","Version":"3","Level":"4","Task":"5","Opcode":"0","Keywords":"100","TimeCreated":{"@SystemTime":"2025-05-01 20:54:09.1491079"},"EventRecordID":"59764","Correlation":null,"Execution":{"@ProcessID":"2632","@ThreadID":"4140"},"Channel":"Microsoft-Windows-Sysmon/Operational","Computer":"Server002","Security":{"@UserID":"S-1-5-18"}},"EventData":{"Data":[{"@Name":"RuleName","#text":"-"},{"@Name":"UtcTime","#text":"2025-05-01 20:54:09.144"},{"@Name":"ProcessGuid","#text":"dbf410b3-df70-6813-a20d-000000004400"},{"@Name":"ProcessId","#text":"9052"},{"@Name":"Image","#text":"C:\Program Files (x86)\BraveSoftware\Update\1.3.361.151\BraveCrashHandler64.exe"},{"@Name":"User","#text":"NT AUTHORITY\SYSTEM"}]}}}
{"Event":{"System":{"Provider":{"@Name":"Microsoft-Windows-Sysmon","@Guid":"5770385f-c22a-43e0-bf4c-06f5698ffbd9"},"EventID":"5","Version":"3","Level":"4","Task":"5","Opcode":"0","Keywords":"100","TimeCreated":{"@SystemTime":"2025-05-01 20:54:09.2050500"},"EventRecordID":"59765","Correlation":null,"Execution":{"@ProcessID":"2632","@ThreadID":"4140"},"Channel":"Microsoft-Windows-Sysmon/Operational","Computer":"Server002","Security":{"@UserID":"S-1-5-18"}},"EventData":{"Data":[{"@Name":"RuleName","#text":"-"},{"@Name":"UtcTime","#text":"2025-05-01 20:54:09.202"},{"@Name":"ProcessGuid","#text":"dbf410b3-df70-6813-a10d-000000004400"},{"@Name":"ProcessId","#text":"11488"},{"@Name":"Image","#text":"C:\Program Files (x86)\BraveSoftware\Update\1.3.361.151\BraveCrashHandler.exe"},{"@Name":"User","#text":"NT AUTHORITY\SYSTEM"}]}}}
{"Event":{"System":{"Provider":{"@Name":"Microsoft-Windows-Sysmon","@Guid":"5770385f-c22a-43e0-bf4c-06f5698ffbd9"},"EventID":"1","Version":"5","Level":"4","Task":"1","Opcode":"0","Keywords":"100","TimeCreated":{"@SystemTime":"2025-05-01 20:54:09.2535846"},"EventRecordID":"59766","Correlation":null,"Execution":{"@ProcessID":"2632","@ThreadID":"4140"},"Channel":"Microsoft-Windows-Sysmon/Operational","Computer":"Server002","Security":{"@UserID":"S-1-5-18"}},"EventData":{"Data":[{"@Name":"RuleName","#text":"-"},{"@Name":"UtcTime","#text":"2025-05-01 20:54:09.214"},{"@Name":"ProcessGuid","#text":"dbf410b3-df71-6813-a30d-000000004400"},{"@Name":"ProcessId","#text":"4668"},{"@Name":"Image","#text":"C:\Program Files (x86)\BraveSoftware\Update\BraveUpdate.exe"},{"@Name":"FileVersion","#text":"1.3.361.151"},{"@Name":"Description","#text":"BraveSoftware Update"},{"@Name":"Product","#text":"BraveSoftware Update"},{"@Name":"Company","#text":"BraveSoftware Inc."},{"@Name":"OriginalFileName","#text":"BraveUpdate.exe"},{"@Name":"CommandLine","#text":"\"C:\Program Files (x86)\BraveSoftware\Update\BraveUpdate.exe\" /ping PD94bWwgdmVyc2lvbj0iMS4wIiBlbmNvZGluZz0iVVRGLTgiPz48cmVxdWVzdCBwcm90b2NvbD0iMy4wIiB1cGRhdGVyPSJPbWFoYSIgdXBkYXRlcnZlcnNpb249IjEuMy4zNjEuMTUxIiBzaGVsbF92ZXJzaW9uPSIxLjMuMzYxLjE1MSIgaXNtYWNoaW5lPSIxIiBzZXNzaW9uaWQ9IntEQjRDMTdCNy04QTMxLTQ3NzAtODc0NS1DQkVCOUM5MjlCMDl9IiB1c2VyaWQ9IntGNjE4NzNEQy02REYxLTQyMDItQjcwQy1DRjc3QjQzODU1RTV9IiBpbnN0YWxsc291cmNlPSJzY2hlZHVsZXIiIHRlc3Rzb3VyY2U9ImF1dG8iIHJlcXVlc3RpZD0ie0M0OTc0QTQzLUZCQ0ItNEFCNy1CNTBFLUU2MEI5NkZFQzI4Q30iIGRlZHVwPSJjciIgZG9tYWluam9pbmVkPSIwIj48aHcgcGh5c21lbW9yeT0iNCIgc3NlPSIxIiBzc2UyPSIxIiBzc2UzPSIxIiBzc3NlMz0iMSIgc3NlNDE9IjEiIHNzZTQyPSIxIiBhdng9IjAiLz48b3MgcGxhdGZvcm09IndpbiIgdmVyc2lvbj0iMTAuMC4xOTA0NS41NzM3IiBzcD0iIiBhcmNoPSJ4NjQiLz48YXBwIGFwcGlkPSJ7QUZFNkE0NjItQzU3NC00QjhBLUFGNDMtNENDNjBERjQ1NjNCfSIgdmVyc2lvbj0iMTM1LjEuNzcuMTAxIiBuZXh0dmVyc2lvbj0iMTM2LjEuNzguOTQiIGFwPSJyZWxlYXNlIiBsYW5nPSIiIGJyYW5kPSJHR0xTIiBjbGllbnQ9IiIgaW5zdGFsbGFnZT0iMTUiIGluc3RhbGxkYXRlPSI2Njc4Ij48ZXZlbnQgZXZlbnR0eXBlPSIxMiIgZXZlbnRyZXN1bHQ9IjEiIGVycm9yY29kZT0iMCIgZXh0cmFjb2RlMT0iMCIvPjxldmVudCBldmVudHR5cGU9IjEzIiBldmVudHJlc3VsdD0iMSIgZXJyb3Jjb2RlPSIwIiBleHRyYWNvZGUxPSIwIi8-PGV2ZW50IGV2ZW50dHlwZT0iMTQiIGV2ZW50cmVzdWx0PSIxIiBlcnJvcmNvZGU9IjAiIGV4dHJhY29kZTE9IjAiIGRvd25sb2FkZXI9Indpbmh0dHAiIHVybD0iaHR0cHM6Ly91cGRhdGVzLWNkbi5icmF2ZXNvZnR3YXJlLmNvbS9kZWx0YS9CcmF2ZS1SZWxlYXNlL3JlbGVhc2Uvd2luLzEzNi4xLjc4Ljk0LzEzNS4xLjc3LjEwMS94NjQvYnJhdmVfaW5zdGFsbGVyLWRlbHRhLXg2NC5leGUiIGRvd25sb2FkZWQ9IjM0MTYwNjU2IiB0b3RhbD0iMzQxNjA2NTYiIGRvd25sb2FkX3RpbWVfbXM9IjU3MjAiLz48ZXZlbnQgZXZlbnR0eXBlPSIxNCIgZXZlbnRyZXN1bHQ9IjEiIGVycm9yY29kZT0iMCIgZXh0cmFjb2RlMT0iMCIvPjxldmVudCBldmVudHR5cGU9IjE1IiBldmVudHJlc3VsdD0iMSIgZXJyb3Jjb2RlPSIwIiBleHRyYWNvZGUxPSIwIi8-PGV2ZW50IGV2ZW50dHlwZT0iMyIgZXZlbnRyZXN1bHQ9IjEiIGVycm9yY29kZT0iMCIgZXh0cmFjb2RlMT0iMTk2NjA5IiBzb3VyY2VfdXJsX2luZGV4PSIwIiB1cGRhdGVfY2hlY2tfdGltZV9tcz0iMzA3IiBkb3dubG9hZF90aW1lX21zPSI3MDk5IiBkb3dubG9hZGVkPSIzNDE2MDY1NiIgdG90YWw9IjM0MTYwNjU2IiBpbnN0YWxsX3RpbWVfbXM9IjIwMDY5MyIvPjwvYXBwPjwvcmVxdWVzdD4"},{"@Name":"CurrentDirectory","#text":"C:\Program Files (x86)\BraveSoftware\Update\1.3.361.151\"},{"@Name":"User","#text":"NT AUTHORITY\SYSTEM"},{"@Name":"LogonGuid","#text":"dbf410b3-f6db-6811-e703-000000000000"},{"@Name":"LogonId","#text":"0x3E7"},{"@Name":"TerminalSessionId","#text":"0"},{"@Name":"IntegrityLevel","#text":"System"},{"@Name":"Hashes","#text":"SHA256=3BE579BF1AC4C97EF571F022FF123E212CC5F1CA1575BF656C2E4C5A637B99DE"},{"@Name":"ParentProcessGuid","#text":"dbf410b3-de9f-6813-940d-000000004400"},{"@Name":"ParentProcessId","#text":"5360"},{"@Name":"ParentImage","#text":"C:\Program Files (x86)\BraveSoftware\Update\BraveUpdate.exe"},{"@Name":"ParentCommandLine","#text":"\"C:\Program Files (x86)\BraveSoftware\Update\BraveUpdate.exe\" /svc"},{"@Name":"ParentUser","#text":"NT AUTHORITY\SYSTEM"}]}}}
