{"Event":{"System":{"Provider":{"@Name":"Microsoft-Windows-Sysmon","@Guid":"5770385f-c22a-43e0-bf4c-06f5698ffbd9"},"EventID":"1","Version":"5","Level":"4","Task":"1","Opcode":"0","Keywords":"0x8000000000000000","TimeCreated":{"@SystemTime":"2025-04-16 21:04:28.2146643"},"EventRecordID":"24326","Correlation":null,"Execution":{"@ProcessID":"3196","@ThreadID":"4432"},"Channel":"Microsoft-Windows-Sysmon/Operational","Computer":"Server002","Security":{"@UserID":"S-1-5-18"}},"EventData":{"Data":[{"@Name":"RuleName","#text":"-"},{"@Name":"UtcTime","#text":"2025-04-16 21:04:28.171"},{"@Name":"ProcessGuid","#text":"dbf410b3-1b5c-6800-9a03-000000003c00"},{"@Name":"ProcessId","#text":"8584"},{"@Name":"Image","#text":"C:\Program Files\Microsoft OneDrive\25.056.0324.0003\FileCoAuth.exe"},{"@Name":"FileVersion","#text":"25.056.0324.0003"},{"@Name":"Description","#text":"Microsoft OneDriveFile Co-Authoring Executable"},{"@Name":"Product","#text":"Microsoft OneDrive"},{"@Name":"Company","#text":"Microsoft Corporation"},{"@Name":"OriginalFileName","#text":"FileCoAuth.exe"},{"@Name":"CommandLine","#text":"\"C:\Program Files\Microsoft OneDrive\25.056.0324.0003\FileCoAuth.exe\" -Embedding"},{"@Name":"CurrentDirectory","#text":"C:\Windows\system32\"},{"@Name":"User","#text":"SERVER002\lplui"},{"@Name":"LogonGuid","#text":"dbf410b3-0a15-6800-4b61-200000000000"},{"@Name":"LogonId","#text":"0x20614B"},{"@Name":"TerminalSessionId","#text":"1"},{"@Name":"IntegrityLevel","#text":"Medium"},{"@Name":"Hashes","#text":"SHA256=01F5B2DA53636896A67EDDBCD399789A5C0952D727775B1133287E6883DEDFD5"},{"@Name":"ParentProcessGuid","#text":"dbf410b3-0888-6800-0d00-000000003c00"},{"@Name":"ParentProcessId","#text":"764"},{"@Name":"ParentImage","#text":"C:\Windows\System32\svchost.exe"},{"@Name":"ParentCommandLine","#text":"C:\Windows\system32\svchost.exe -k DcomLaunch -p"},{"@Name":"ParentUser","#text":"NT AUTHORITY\SYSTEM"}]}}}
{"Event":{"System":{"Provider":{"@Name":"Microsoft-Windows-Sysmon","@Guid":"5770385f-c22a-43e0-bf4c-06f5698ffbd9"},"EventID":"1","Version":"5","Level":"4","Task":"1","Opcode":"0","Keywords":"0x8000000000000000","TimeCreated":{"@SystemTime":"2025-04-16 21:04:28.3497283"},"EventRecordID":"24327","Correlation":null,"Execution":{"@ProcessID":"3196","@ThreadID":"4432"},"Channel":"Microsoft-Windows-Sysmon/Operational","Computer":"Server002","Security":{"@UserID":"S-1-5-18"}},"EventData":{"Data":[{"@Name":"RuleName","#text":"-"},{"@Name":"UtcTime","#text":"2025-04-16 21:04:28.240"},{"@Name":"ProcessGuid","#text":"dbf410b3-1b5c-6800-9b03-000000003c00"},{"@Name":"ProcessId","#text":"6808"},{"@Name":"Image","#text":"C:\Windows\System32\svchost.exe"},{"@Name":"FileVersion","#text":"10.0.19041.4355 (WinBuild.160101.0800)"},{"@Name":"Description","#text":"Host Process for Windows Services"},{"@Name":"Product","#text":"Microsoft® Windows® Operating System"},{"@Name":"Company","#text":"Microsoft Corporation"},{"@Name":"OriginalFileName","#text":"svchost.exe"},{"@Name":"CommandLine","#text":"C:\Windows\System32\svchost.exe -k netsvcs -p -s BITS"},{"@Name":"CurrentDirectory","#text":"C:\Windows\system32\"},{"@Name":"User","#text":"NT AUTHORITY\SYSTEM"},{"@Name":"LogonGuid","#text":"dbf410b3-0887-6800-e703-000000000000"},{"@Name":"LogonId","#text":"0x3E7"},{"@Name":"TerminalSessionId","#text":"0"},{"@Name":"IntegrityLevel","#text":"System"},{"@Name":"Hashes","#text":"SHA256=6FC3BF1FDFD76860BE782554F8D25BD32F108DB934D70F4253F1E5F23522E503"},{"@Name":"ParentProcessGuid","#text":"dbf410b3-0887-6800-0b00-000000003c00"},{"@Name":"ParentProcessId","#text":"648"},{"@Name":"ParentImage","#text":"C:\Windows\System32\services.exe"},{"@Name":"ParentCommandLine","#text":"C:\Windows\system32\services.exe"},{"@Name":"ParentUser","#text":"NT AUTHORITY\SYSTEM"}]}}}
{"Event":{"System":{"Provider":{"@Name":"Microsoft-Windows-Sysmon","@Guid":"5770385f-c22a-43e0-bf4c-06f5698ffbd9"},"EventID":"1","Version":"5","Level":"4","Task":"1","Opcode":"0","Keywords":"0x8000000000000000","TimeCreated":{"@SystemTime":"2025-04-16 21:04:30.3779126"},"EventRecordID":"24328","Correlation":null,"Execution":{"@ProcessID":"3196","@ThreadID":"4432"},"Channel":"Microsoft-Windows-Sysmon/Operational","Computer":"Server002","Security":{"@UserID":"S-1-5-18"}},"EventData":{"Data":[{"@Name":"RuleName","#text":"-"},{"@Name":"UtcTime","#text":"2025-04-16 21:04:30.320"},{"@Name":"ProcessGuid","#text":"dbf410b3-1b5e-6800-9c03-000000003c00"},{"@Name":"ProcessId","#text":"6180"},{"@Name":"Image","#text":"C:\Windows\System32\backgroundTaskHost.exe"},{"@Name":"FileVersion","#text":"10.0.19041.3636 (WinBuild.160101.0800)"},{"@Name":"Description","#text":"Background Task Host"},{"@Name":"Product","#text":"Microsoft® Windows® Operating System"},{"@Name":"Company","#text":"Microsoft Corporation"},{"@Name":"OriginalFileName","#text":"backgroundTaskHost.exe"},{"@Name":"CommandLine","#text":"\"C:\Windows\system32\BackgroundTaskHost.exe\" -ServerName:BackgroundTaskHost.WebAccountProvider"},{"@Name":"CurrentDirectory","#text":"C:\Windows\SystemApps\Microsoft.AAD.BrokerPlugin_cw5n1h2txyewy\"},{"@Name":"User","#text":"SERVER002\lplui"},{"@Name":"LogonGuid","#text":"dbf410b3-0a15-6800-4b61-200000000000"},{"@Name":"LogonId","#text":"0x20614B"},{"@Name":"TerminalSessionId","#text":"1"},{"@Name":"IntegrityLevel","#text":"AppContainer"},{"@Name":"Hashes","#text":"SHA256=7077CBF56490C86FC74C0CC6C0379AB679F06A066E71906AD23458F664836449"},{"@Name":"ParentProcessGuid","#text":"dbf410b3-0888-6800-0d00-000000003c00"},{"@Name":"ParentProcessId","#text":"764"},{"@Name":"ParentImage","#text":"C:\Windows\System32\svchost.exe"},{"@Name":"ParentCommandLine","#text":"C:\Windows\system32\svchost.exe -k DcomLaunch -p"},{"@Name":"ParentUser","#text":"NT AUTHORITY\SYSTEM"}]}}}
{"Event":{"System":{"Provider":{"@Name":"Microsoft-Windows-Sysmon","@Guid":"5770385f-c22a-43e0-bf4c-06f5698ffbd9"},"EventID":"5","Version":"3","Level":"4","Task":"5","Opcode":"0","Keywords":"0x8000000000000000","TimeCreated":{"@SystemTime":"2025-04-16 21:04:31.4584329"},"EventRecordID":"24329","Correlation":null,"Execution":{"@ProcessID":"3196","@ThreadID":"4432"},"Channel":"Microsoft-Windows-Sysmon/Operational","Computer":"Server002","Security":{"@UserID":"S-1-5-18"}},"EventData":{"Data":[{"@Name":"RuleName","#text":"-"},{"@Name":"UtcTime","#text":"2025-04-16 21:04:31.426"},{"@Name":"ProcessGuid","#text":"dbf410b3-1b5e-6800-9c03-000000003c00"},{"@Name":"ProcessId","#text":"6180"},{"@Name":"Image","#text":"C:\Windows\System32\backgroundTaskHost.exe"},{"@Name":"User","#text":"SERVER002\lplui"}]}}}
{"Event":{"System":{"Provider":{"@Name":"Microsoft-Windows-Sysmon","@Guid":"5770385f-c22a-43e0-bf4c-06f5698ffbd9"},"EventID":"1","Version":"5","Level":"4","Task":"1","Opcode":"0","Keywords":"0x8000000000000000","TimeCreated":{"@SystemTime":"2025-04-16 21:04:32.8552274"},"EventRecordID":"24330","Correlation":null,"Execution":{"@ProcessID":"3196","@ThreadID":"4432"},"Channel":"Microsoft-Windows-Sysmon/Operational","Computer":"Server002","Security":{"@UserID":"S-1-5-18"}},"EventData":{"Data":[{"@Name":"RuleName","#text":"-"},{"@Name":"UtcTime","#text":"2025-04-16 21:04:32.833"},{"@Name":"ProcessGuid","#text":"dbf410b3-1b60-6800-9d03-000000003c00"},{"@Name":"ProcessId","#text":"6972"},{"@Name":"Image","#text":"C:\Windows\System32\LogonUI.exe"},{"@Name":"FileVersion","#text":"10.0.19041.1 (WinBuild.160101.0800)"},{"@Name":"Description","#text":"Windows Logon User Interface Host"},{"@Name":"Product","#text":"Microsoft® Windows® Operating System"},{"@Name":"Company","#text":"Microsoft Corporation"},{"@Name":"OriginalFileName","#text":"logonui.exe"},{"@Name":"CommandLine","#text":"\"LogonUI.exe\" /flags:0x4 /state0:0xa32cd855 /state1:0x41c64e6d"},{"@Name":"CurrentDirectory","#text":"C:\Windows\system32\"},{"@Name":"User","#text":"NT AUTHORITY\SYSTEM"},{"@Name":"LogonGuid","#text":"dbf410b3-0887-6800-e703-000000000000"},{"@Name":"LogonId","#text":"0x3E7"},{"@Name":"TerminalSessionId","#text":"1"},{"@Name":"IntegrityLevel","#text":"System"},{"@Name":"Hashes","#text":"SHA256=CF01E46C146699F6C0E3DD447043F59BC9438DBBCB9563AF6C60EBC6D82727F2"},{"@Name":"ParentProcessGuid","#text":"dbf410b3-0887-6800-0a00-000000003c00"},{"@Name":"ParentProcessId","#text":"604"},{"@Name":"ParentImage","#text":"C:\Windows\System32\winlogon.exe"},{"@Name":"ParentCommandLine","#text":"winlogon.exe"},{"@Name":"ParentUser","#text":"NT AUTHORITY\SYSTEM"}]}}}
{"Event":{"System":{"Provider":{"@Name":"Microsoft-Windows-Sysmon","@Guid":"5770385f-c22a-43e0-bf4c-06f5698ffbd9"},"EventID":"5","Version":"3","Level":"4","Task":"5","Opcode":"0","Keywords":"0x8000000000000000","TimeCreated":{"@SystemTime":"2025-04-16 21:04:33.7629357"},"EventRecordID":"24331","Correlation":null,"Execution":{"@ProcessID":"3196","@ThreadID":"4432"},"Channel":"Microsoft-Windows-Sysmon/Operational","Computer":"Server002","Security":{"@UserID":"S-1-5-18"}},"EventData":{"Data":[{"@Name":"RuleName","#text":"-"},{"@Name":"UtcTime","#text":"2025-04-16 21:04:33.754"},{"@Name":"ProcessGuid","#text":"dbf410b3-1875-6800-4603-000000003c00"},{"@Name":"ProcessId","#text":"10256"},{"@Name":"Image","#text":"C:\Windows\System32\audiodg.exe"},{"@Name":"User","#text":"NT AUTHORITY\LOCAL SERVICE"}]}}}
{"Event":{"System":{"Provider":{"@Name":"Microsoft-Windows-Sysmon","@Guid":"5770385f-c22a-43e0-bf4c-06f5698ffbd9"},"EventID":"5","Version":"3","Level":"4","Task":"5","Opcode":"0","Keywords":"0x8000000000000000","TimeCreated":{"@SystemTime":"2025-04-16 21:04:34.0012225"},"EventRecordID":"24332","Correlation":null,"Execution":{"@ProcessID":"3196","@ThreadID":"4432"},"Channel":"Microsoft-Windows-Sysmon/Operational","Computer":"Server002","Security":{"@UserID":"S-1-5-18"}},"EventData":{"Data":[{"@Name":"RuleName","#text":"-"},{"@Name":"UtcTime","#text":"2025-04-16 21:04:33.931"},{"@Name":"ProcessGuid","#text":"dbf410b3-0a3d-6800-6401-000000003c00"},{"@Name":"ProcessId","#text":"5888"},{"@Name":"Image","#text":"C:\Windows\System32\SecurityHealthSystray.exe"},{"@Name":"User","#text":"SERVER002\lplui"}]}}}
{"Event":{"System":{"Provider":{"@Name":"Microsoft-Windows-Sysmon","@Guid":"5770385f-c22a-43e0-bf4c-06f5698ffbd9"},"EventID":"5","Version":"3","Level":"4","Task":"5","Opcode":"0","Keywords":"0x8000000000000000","TimeCreated":{"@SystemTime":"2025-04-16 21:04:34.0013839"},"EventRecordID":"24333","Correlation":null,"Execution":{"@ProcessID":"3196","@ThreadID":"4432"},"Channel":"Microsoft-Windows-Sysmon/Operational","Computer":"Server002","Security":{"@UserID":"S-1-5-18"}},"EventData":{"Data":[{"@Name":"RuleName","#text":"-"},{"@Name":"UtcTime","#text":"2025-04-16 21:04:33.957"},{"@Name":"ProcessGuid","#text":"dbf410b3-187d-6800-5403-000000003c00"},{"@Name":"ProcessId","#text":"3616"},{"@Name":"Image","#text":"C:\Windows\System32\cmd.exe"},{"@Name":"User","#text":"SERVER002\lplui"}]}}}
{"Event":{"System":{"Provider":{"@Name":"Microsoft-Windows-Sysmon","@Guid":"5770385f-c22a-43e0-bf4c-06f5698ffbd9"},"EventID":"5","Version":"3","Level":"4","Task":"5","Opcode":"0","Keywords":"0x8000000000000000","TimeCreated":{"@SystemTime":"2025-04-16 21:04:34.0014032"},"EventRecordID":"24334","Correlation":null,"Execution":{"@ProcessID":"3196","@ThreadID":"4432"},"Channel":"Microsoft-Windows-Sysmon/Operational","Computer":"Server002","Security":{"@UserID":"S-1-5-18"}},"EventData":{"Data":[{"@Name":"RuleName","#text":"-"},{"@Name":"UtcTime","#text":"2025-04-16 21:04:33.961"},{"@Name":"ProcessGuid","#text":"dbf410b3-187e-6800-5603-000000003c00"},{"@Name":"ProcessId","#text":"3220"},{"@Name":"Image","#text":"C:\Program Files\Malwarebytes\Anti-Malware\MbamBgNativeMsg.exe"},{"@Name":"User","#text":"SERVER002\lplui"}]}}}
{"Event":{"System":{"Provider":{"@Name":"Microsoft-Windows-Sysmon","@Guid":"5770385f-c22a-43e0-bf4c-06f5698ffbd9"},"EventID":"5","Version":"3","Level":"4","Task":"5","Opcode":"0","Keywords":"0x8000000000000000","TimeCreated":{"@SystemTime":"2025-04-16 21:04:34.1574591"},"EventRecordID":"24335","Correlation":null,"Execution":{"@ProcessID":"3196","@ThreadID":"4432"},"Channel":"Microsoft-Windows-Sysmon/Operational","Computer":"Server002","Security":{"@UserID":"S-1-5-18"}},"EventData":{"Data":[{"@Name":"RuleName","#text":"-"},{"@Name":"UtcTime","#text":"2025-04-16 21:04:34.029"},{"@Name":"ProcessGuid","#text":"dbf410b3-1b5c-6800-9a03-000000003c00"},{"@Name":"ProcessId","#text":"8584"},{"@Name":"Image","#text":"C:\Program Files\Microsoft OneDrive\25.056.0324.0003\FileCoAuth.exe"},{"@Name":"User","#text":"SERVER002\lplui"}]}}}
{"Event":{"System":{"Provider":{"@Name":"Microsoft-Windows-Sysmon","@Guid":"5770385f-c22a-43e0-bf4c-06f5698ffbd9"},"EventID":"5","Version":"3","Level":"4","Task":"5","Opcode":"0","Keywords":"0x8000000000000000","TimeCreated":{"@SystemTime":"2025-04-16 21:04:34.1575497"},"EventRecordID":"24336","Correlation":null,"Execution":{"@ProcessID":"3196","@ThreadID":"4432"},"Channel":"Microsoft-Windows-Sysmon/Operational","Computer":"Server002","Security":{"@UserID":"S-1-5-18"}},"EventData":{"Data":[{"@Name":"RuleName","#text":"-"},{"@Name":"UtcTime","#text":"2025-04-16 21:04:34.031"},{"@Name":"ProcessGuid","#text":"dbf410b3-0acb-6800-c001-000000003c00"},{"@Name":"ProcessId","#text":"8412"},{"@Name":"Image","#text":"C:\Windows\System32\oobe\UserOOBEBroker.exe"},{"@Name":"User","#text":"SERVER002\lplui"}]}}}
{"Event":{"System":{"Provider":{"@Name":"Microsoft-Windows-Sysmon","@Guid":"5770385f-c22a-43e0-bf4c-06f5698ffbd9"},"EventID":"5","Version":"3","Level":"4","Task":"5","Opcode":"0","Keywords":"0x8000000000000000","TimeCreated":{"@SystemTime":"2025-04-16 21:04:34.1587228"},"EventRecordID":"24337","Correlation":null,"Execution":{"@ProcessID":"3196","@ThreadID":"4432"},"Channel":"Microsoft-Windows-Sysmon/Operational","Computer":"Server002","Security":{"@UserID":"S-1-5-18"}},"EventData":{"Data":[{"@Name":"RuleName","#text":"-"},{"@Name":"UtcTime","#text":"2025-04-16 21:04:34.066"},{"@Name":"ProcessGuid","#text":"dbf410b3-0a3e-6800-6801-000000003c00"},{"@Name":"ProcessId","#text":"7448"},{"@Name":"Image","#text":"C:\Windows\System32\VBoxTray.exe"},{"@Name":"User","#text":"SERVER002\lplui"}]}}}
{"Event":{"System":{"Provider":{"@Name":"Microsoft-Windows-Sysmon","@Guid":"5770385f-c22a-43e0-bf4c-06f5698ffbd9"},"EventID":"5","Version":"3","Level":"4","Task":"5","Opcode":"0","Keywords":"0x8000000000000000","TimeCreated":{"@SystemTime":"2025-04-16 21:04:34.4572259"},"EventRecordID":"24338","Correlation":null,"Execution":{"@ProcessID":"3196","@ThreadID":"4432"},"Channel":"Microsoft-Windows-Sysmon/Operational","Computer":"Server002","Security":{"@UserID":"S-1-5-18"}},"EventData":{"Data":[{"@Name":"RuleName","#text":"-"},{"@Name":"UtcTime","#text":"2025-04-16 21:04:34.316"},{"@Name":"ProcessGuid","#text":"dbf410b3-1866-6800-3803-000000003c00"},{"@Name":"ProcessId","#text":"1848"},{"@Name":"Image","#text":"C:\Program Files\BraveSoftware\Brave-Browser\Application\brave.exe"},{"@Name":"User","#text":"SERVER002\lplui"}]}}}
{"Event":{"System":{"Provider":{"@Name":"Microsoft-Windows-Sysmon","@Guid":"5770385f-c22a-43e0-bf4c-06f5698ffbd9"},"EventID":"5","Version":"3","Level":"4","Task":"5","Opcode":"0","Keywords":"0x8000000000000000","TimeCreated":{"@SystemTime":"2025-04-16 21:04:34.6041266"},"EventRecordID":"24339","Correlation":null,"Execution":{"@ProcessID":"3196","@ThreadID":"4432"},"Channel":"Microsoft-Windows-Sysmon/Operational","Computer":"Server002","Security":{"@UserID":"S-1-5-18"}},"EventData":{"Data":[{"@Name":"RuleName","#text":"-"},{"@Name":"UtcTime","#text":"2025-04-16 21:04:34.480"},{"@Name":"ProcessGuid","#text":"dbf410b3-187d-6800-5503-000000003c00"},{"@Name":"ProcessId","#text":"10748"},{"@Name":"Image","#text":"C:\Windows\System32\conhost.exe"},{"@Name":"User","#text":"SERVER002\lplui"}]}}}
{"Event":{"System":{"Provider":{"@Name":"Microsoft-Windows-Sysmon","@Guid":"5770385f-c22a-43e0-bf4c-06f5698ffbd9"},"EventID":"5","Version":"3","Level":"4","Task":"5","Opcode":"0","Keywords":"0x8000000000000000","TimeCreated":{"@SystemTime":"2025-04-16 21:04:34.7323955"},"EventRecordID":"24340","Correlation":null,"Execution":{"@ProcessID":"3196","@ThreadID":"4432"},"Channel":"Microsoft-Windows-Sysmon/Operational","Computer":"Server002","Security":{"@UserID":"S-1-5-18"}},"EventData":{"Data":[{"@Name":"RuleName","#text":"-"},{"@Name":"UtcTime","#text":"2025-04-16 21:04:34.726"},{"@Name":"ProcessGuid","#text":"dbf410b3-0a15-6800-1b01-000000003c00"},{"@Name":"ProcessId","#text":"924"},{"@Name":"Image","#text":"C:\Program Files\Malwarebytes\Anti-Malware\Malwarebytes.exe"},{"@Name":"User","#text":"SERVER002\lplui"}]}}}
{"Event":{"System":{"Provider":{"@Name":"Microsoft-Windows-Sysmon","@Guid":"5770385f-c22a-43e0-bf4c-06f5698ffbd9"},"EventID":"5","Version":"3","Level":"4","Task":"5","Opcode":"0","Keywords":"0x8000000000000000","TimeCreated":{"@SystemTime":"2025-04-16 21:04:34.9003924"},"EventRecordID":"24341","Correlation":null,"Execution":{"@ProcessID":"3196","@ThreadID":"4432"},"Channel":"Microsoft-Windows-Sysmon/Operational","Computer":"Server002","Security":{"@UserID":"S-1-5-18"}},"EventData":{"Data":[{"@Name":"RuleName","#text":"-"},{"@Name":"UtcTime","#text":"2025-04-16 21:04:34.899"},{"@Name":"ProcessGuid","#text":"dbf410b3-1861-6800-3303-000000003c00"},{"@Name":"ProcessId","#text":"10800"},{"@Name":"Image","#text":"C:\Program Files\BraveSoftware\Brave-Browser\Application\brave.exe"},{"@Name":"User","#text":"SERVER002\lplui"}]}}}
{"Event":{"System":{"Provider":{"@Name":"Microsoft-Windows-Sysmon","@Guid":"5770385f-c22a-43e0-bf4c-06f5698ffbd9"},"EventID":"5","Version":"3","Level":"4","Task":"5","Opcode":"0","Keywords":"0x8000000000000000","TimeCreated":{"@SystemTime":"2025-04-16 21:04:34.9192343"},"EventRecordID":"24342","Correlation":null,"Execution":{"@ProcessID":"3196","@ThreadID":"4432"},"Channel":"Microsoft-Windows-Sysmon/Operational","Computer":"Server002","Security":{"@UserID":"S-1-5-18"}},"EventData":{"Data":[{"@Name":"RuleName","#text":"-"},{"@Name":"UtcTime","#text":"2025-04-16 21:04:34.918"},{"@Name":"ProcessGuid","#text":"dbf410b3-1869-6800-3d03-000000003c00"},{"@Name":"ProcessId","#text":"11840"},{"@Name":"Image","#text":"C:\Program Files (x86)\Microsoft\Edge\Application\msedge.exe"},{"@Name":"User","#text":"SERVER002\lplui"}]}}}
{"Event":{"System":{"Provider":{"@Name":"Microsoft-Windows-Sysmon","@Guid":"5770385f-c22a-43e0-bf4c-06f5698ffbd9"},"EventID":"5","Version":"3","Level":"4","Task":"5","Opcode":"0","Keywords":"0x8000000000000000","TimeCreated":{"@SystemTime":"2025-04-16 21:04:35.0866645"},"EventRecordID":"24343","Correlation":null,"Execution":{"@ProcessID":"3196","@ThreadID":"4432"},"Channel":"Microsoft-Windows-Sysmon/Operational","Computer":"Server002","Security":{"@UserID":"S-1-5-18"}},"EventData":{"Data":[{"@Name":"RuleName","#text":"-"},{"@Name":"UtcTime","#text":"2025-04-16 21:04:35.083"},{"@Name":"ProcessGuid","#text":"dbf410b3-186f-6800-4203-000000003c00"},{"@Name":"ProcessId","#text":"5996"},{"@Name":"Image","#text":"C:\Program Files (x86)\Microsoft\Edge\Application\msedge.exe"},{"@Name":"User","#text":"SERVER002\lplui"}]}}}
{"Event":{"System":{"Provider":{"@Name":"Microsoft-Windows-Sysmon","@Guid":"5770385f-c22a-43e0-bf4c-06f5698ffbd9"},"EventID":"5","Version":"3","Level":"4","Task":"5","Opcode":"0","Keywords":"0x8000000000000000","TimeCreated":{"@SystemTime":"2025-04-16 21:04:35.1429922"},"EventRecordID":"24344","Correlation":null,"Execution":{"@ProcessID":"3196","@ThreadID":"4432"},"Channel":"Microsoft-Windows-Sysmon/Operational","Computer":"Server002","Security":{"@UserID":"S-1-5-18"}},"EventData":{"Data":[{"@Name":"RuleName","#text":"-"},{"@Name":"UtcTime","#text":"2025-04-16 21:04:35.137"},{"@Name":"ProcessGuid","#text":"dbf410b3-1865-6800-3603-000000003c00"},{"@Name":"ProcessId","#text":"288"},{"@Name":"Image","#text":"C:\Program Files\BraveSoftware\Brave-Browser\Application\brave.exe"},{"@Name":"User","#text":"SERVER002\lplui"}]}}}
{"Event":{"System":{"Provider":{"@Name":"Microsoft-Windows-Sysmon","@Guid":"5770385f-c22a-43e0-bf4c-06f5698ffbd9"},"EventID":"5","Version":"3","Level":"4","Task":"5","Opcode":"0","Keywords":"0x8000000000000000","TimeCreated":{"@SystemTime":"2025-04-16 21:04:35.1961828"},"EventRecordID":"24345","Correlation":null,"Execution":{"@ProcessID":"3196","@ThreadID":"4432"},"Channel":"Microsoft-Windows-Sysmon/Operational","Computer":"Server002","Security":{"@UserID":"S-1-5-18"}},"EventData":{"Data":[{"@Name":"RuleName","#text":"-"},{"@Name":"UtcTime","#text":"2025-04-16 21:04:35.184"},{"@Name":"ProcessGuid","#text":"dbf410b3-1873-6800-4403-000000003c00"},{"@Name":"ProcessId","#text":"2216"},{"@Name":"Image","#text":"C:\Program Files\BraveSoftware\Brave-Browser\Application\brave.exe"},{"@Name":"User","#text":"SERVER002\lplui"}]}}}
{"Event":{"System":{"Provider":{"@Name":"Microsoft-Windows-Sysmon","@Guid":"5770385f-c22a-43e0-bf4c-06f5698ffbd9"},"EventID":"5","Version":"3","Level":"4","Task":"5","Opcode":"0","Keywords":"0x8000000000000000","TimeCreated":{"@SystemTime":"2025-04-16 21:04:35.2387924"},"EventRecordID":"24346","Correlation":null,"Execution":{"@ProcessID":"3196","@ThreadID":"4432"},"Channel":"Microsoft-Windows-Sysmon/Operational","Computer":"Server002","Security":{"@UserID":"S-1-5-18"}},"EventData":{"Data":[{"@Name":"RuleName","#text":"-"},{"@Name":"UtcTime","#text":"2025-04-16 21:04:35.230"},{"@Name":"ProcessGuid","#text":"dbf410b3-186e-6800-4003-000000003c00"},{"@Name":"ProcessId","#text":"8160"},{"@Name":"Image","#text":"C:\Program Files (x86)\Microsoft\Edge\Application\msedge.exe"},{"@Name":"User","#text":"SERVER002\lplui"}]}}}
{"Event":{"System":{"Provider":{"@Name":"Microsoft-Windows-Sysmon","@Guid":"5770385f-c22a-43e0-bf4c-06f5698ffbd9"},"EventID":"5","Version":"3","Level":"4","Task":"5","Opcode":"0","Keywords":"0x8000000000000000","TimeCreated":{"@SystemTime":"2025-04-16 21:04:35.2613695"},"EventRecordID":"24347","Correlation":null,"Execution":{"@ProcessID":"3196","@ThreadID":"4432"},"Channel":"Microsoft-Windows-Sysmon/Operational","Computer":"Server002","Security":{"@UserID":"S-1-5-18"}},"EventData":{"Data":[{"@Name":"RuleName","#text":"-"},{"@Name":"UtcTime","#text":"2025-04-16 21:04:35.254"},{"@Name":"ProcessGuid","#text":"dbf410b3-1865-6800-3503-000000003c00"},{"@Name":"ProcessId","#text":"1700"},{"@Name":"Image","#text":"C:\Program Files\BraveSoftware\Brave-Browser\Application\brave.exe"},{"@Name":"User","#text":"SERVER002\lplui"}]}}}
{"Event":{"System":{"Provider":{"@Name":"Microsoft-Windows-Sysmon","@Guid":"5770385f-c22a-43e0-bf4c-06f5698ffbd9"},"EventID":"5","Version":"3","Level":"4","Task":"5","Opcode":"0","Keywords":"0x8000000000000000","TimeCreated":{"@SystemTime":"2025-04-16 21:04:35.2629553"},"EventRecordID":"24348","Correlation":null,"Execution":{"@ProcessID":"3196","@ThreadID":"4432"},"Channel":"Microsoft-Windows-Sysmon/Operational","Computer":"Server002","Security":{"@UserID":"S-1-5-18"}},"EventData":{"Data":[{"@Name":"RuleName","#text":"-"},{"@Name":"UtcTime","#text":"2025-04-16 21:04:35.254"},{"@Name":"ProcessGuid","#text":"dbf410b3-186e-6800-3f03-000000003c00"},{"@Name":"ProcessId","#text":"11992"},{"@Name":"Image","#text":"C:\Program Files (x86)\Microsoft\Edge\Application\msedge.exe"},{"@Name":"User","#text":"SERVER002\lplui"}]}}}
{"Event":{"System":{"Provider":{"@Name":"Microsoft-Windows-Sysmon","@Guid":"5770385f-c22a-43e0-bf4c-06f5698ffbd9"},"EventID":"5","Version":"3","Level":"4","Task":"5","Opcode":"0","Keywords":"0x8000000000000000","TimeCreated":{"@SystemTime":"2025-04-16 21:04:35.2640791"},"EventRecordID":"24349","Correlation":null,"Execution":{"@ProcessID":"3196","@ThreadID":"4432"},"Channel":"Microsoft-Windows-Sysmon/Operational","Computer":"Server002","Security":{"@UserID":"S-1-5-18"}},"EventData":{"Data":[{"@Name":"RuleName","#text":"-"},{"@Name":"UtcTime","#text":"2025-04-16 21:04:35.254"},{"@Name":"ProcessGuid","#text":"dbf410b3-1866-6800-3903-000000003c00"},{"@Name":"ProcessId","#text":"1084"},{"@Name":"Image","#text":"C:\Program Files\BraveSoftware\Brave-Browser\Application\brave.exe"},{"@Name":"User","#text":"SERVER002\lplui"}]}}}
{"Event":{"System":{"Provider":{"@Name":"Microsoft-Windows-Sysmon","@Guid":"5770385f-c22a-43e0-bf4c-06f5698ffbd9"},"EventID":"5","Version":"3","Level":"4","Task":"5","Opcode":"0","Keywords":"0x8000000000000000","TimeCreated":{"@SystemTime":"2025-04-16 21:04:35.2649328"},"EventRecordID":"24350","Correlation":null,"Execution":{"@ProcessID":"3196","@ThreadID":"4432"},"Channel":"Microsoft-Windows-Sysmon/Operational","Computer":"Server002","Security":{"@UserID":"S-1-5-18"}},"EventData":{"Data":[{"@Name":"RuleName","#text":"-"},{"@Name":"UtcTime","#text":"2025-04-16 21:04:35.254"},{"@Name":"ProcessGuid","#text":"dbf410b3-1866-6800-3b03-000000003c00"},{"@Name":"ProcessId","#text":"5892"},{"@Name":"Image","#text":"C:\Program Files\BraveSoftware\Brave-Browser\Application\brave.exe"},{"@Name":"User","#text":"SERVER002\lplui"}]}}}
{"Event":{"System":{"Provider":{"@Name":"Microsoft-Windows-Sysmon","@Guid":"5770385f-c22a-43e0-bf4c-06f5698ffbd9"},"EventID":"5","Version":"3","Level":"4","Task":"5","Opcode":"0","Keywords":"0x8000000000000000","TimeCreated":{"@SystemTime":"2025-04-16 21:04:35.3589731"},"EventRecordID":"24351","Correlation":null,"Execution":{"@ProcessID":"3196","@ThreadID":"4432"},"Channel":"Microsoft-Windows-Sysmon/Operational","Computer":"Server002","Security":{"@UserID":"S-1-5-18"}},"EventData":{"Data":[{"@Name":"RuleName","#text":"-"},{"@Name":"UtcTime","#text":"2025-04-16 21:04:35.348"},{"@Name":"ProcessGuid","#text":"dbf410b3-18fd-6800-6d03-000000003c00"},{"@Name":"ProcessId","#text":"10648"},{"@Name":"Image","#text":"C:\Program Files\BraveSoftware\Brave-Browser\Application\brave.exe"},{"@Name":"User","#text":"SERVER002\lplui"}]}}}
{"Event":{"System":{"Provider":{"@Name":"Microsoft-Windows-Sysmon","@Guid":"5770385f-c22a-43e0-bf4c-06f5698ffbd9"},"EventID":"5","Version":"3","Level":"4","Task":"5","Opcode":"0","Keywords":"0x8000000000000000","TimeCreated":{"@SystemTime":"2025-04-16 21:04:35.5796700"},"EventRecordID":"24352","Correlation":null,"Execution":{"@ProcessID":"3196","@ThreadID":"4432"},"Channel":"Microsoft-Windows-Sysmon/Operational","Computer":"Server002","Security":{"@UserID":"S-1-5-18"}},"EventData":{"Data":[{"@Name":"RuleName","#text":"-"},{"@Name":"UtcTime","#text":"2025-04-16 21:04:35.566"},{"@Name":"ProcessGuid","#text":"dbf410b3-0af0-6800-c701-000000003c00"},{"@Name":"ProcessId","#text":"6500"},{"@Name":"Image","#text":"C:\Windows\System32\mmc.exe"},{"@Name":"User","#text":"SERVER002\lplui"}]}}}
{"Event":{"System":{"Provider":{"@Name":"Microsoft-Windows-Sysmon","@Guid":"5770385f-c22a-43e0-bf4c-06f5698ffbd9"},"EventID":"5","Version":"3","Level":"4","Task":"5","Opcode":"0","Keywords":"0x8000000000000000","TimeCreated":{"@SystemTime":"2025-04-16 21:04:35.6405208"},"EventRecordID":"24353","Correlation":null,"Execution":{"@ProcessID":"3196","@ThreadID":"4432"},"Channel":"Microsoft-Windows-Sysmon/Operational","Computer":"Server002","Security":{"@UserID":"S-1-5-18"}},"EventData":{"Data":[{"@Name":"RuleName","#text":"-"},{"@Name":"UtcTime","#text":"2025-04-16 21:04:35.629"},{"@Name":"ProcessGuid","#text":"dbf410b3-0a32-6800-5201-000000003c00"},{"@Name":"ProcessId","#text":"7952"},{"@Name":"Image","#text":"C:\Windows\System32\dllhost.exe"},{"@Name":"User","#text":"SERVER002\lplui"}]}}}
{"Event":{"System":{"Provider":{"@Name":"Microsoft-Windows-Sysmon","@Guid":"5770385f-c22a-43e0-bf4c-06f5698ffbd9"},"EventID":"5","Version":"3","Level":"4","Task":"5","Opcode":"0","Keywords":"0x8000000000000000","TimeCreated":{"@SystemTime":"2025-04-16 21:04:36.2614476"},"EventRecordID":"24354","Correlation":null,"Execution":{"@ProcessID":"3196","@ThreadID":"4432"},"Channel":"Microsoft-Windows-Sysmon/Operational","Computer":"Server002","Security":{"@UserID":"S-1-5-18"}},"EventData":{"Data":[{"@Name":"RuleName","#text":"-"},{"@Name":"UtcTime","#text":"2025-04-16 21:04:36.260"},{"@Name":"ProcessGuid","#text":"dbf410b3-18fb-6800-6c03-000000003c00"},{"@Name":"ProcessId","#text":"3248"},{"@Name":"Image","#text":"C:\Program Files\BraveSoftware\Brave-Browser\Application\brave.exe"},{"@Name":"User","#text":"SERVER002\lplui"}]}}}
{"Event":{"System":{"Provider":{"@Name":"Microsoft-Windows-Sysmon","@Guid":"5770385f-c22a-43e0-bf4c-06f5698ffbd9"},"EventID":"5","Version":"3","Level":"4","Task":"5","Opcode":"0","Keywords":"0x8000000000000000","TimeCreated":{"@SystemTime":"2025-04-16 21:04:36.2728355"},"EventRecordID":"24355","Correlation":null,"Execution":{"@ProcessID":"3196","@ThreadID":"4432"},"Channel":"Microsoft-Windows-Sysmon/Operational","Computer":"Server002","Security":{"@UserID":"S-1-5-18"}},"EventData":{"Data":[{"@Name":"RuleName","#text":"-"},{"@Name":"UtcTime","#text":"2025-04-16 21:04:36.271"},{"@Name":"ProcessGuid","#text":"dbf410b3-1870-6800-4303-000000003c00"},{"@Name":"ProcessId","#text":"6208"},{"@Name":"Image","#text":"C:\Program Files (x86)\Microsoft\Edge\Application\msedge.exe"},{"@Name":"User","#text":"SERVER002\lplui"}]}}}
{"Event":{"System":{"Provider":{"@Name":"Microsoft-Windows-Sysmon","@Guid":"5770385f-c22a-43e0-bf4c-06f5698ffbd9"},"EventID":"5","Version":"3","Level":"4","Task":"5","Opcode":"0","Keywords":"0x8000000000000000","TimeCreated":{"@SystemTime":"2025-04-16 21:04:36.3234293"},"EventRecordID":"24356","Correlation":null,"Execution":{"@ProcessID":"3196","@ThreadID":"4432"},"Channel":"Microsoft-Windows-Sysmon/Operational","Computer":"Server002","Security":{"@UserID":"S-1-5-18"}},"EventData":{"Data":[{"@Name":"RuleName","#text":"-"},{"@Name":"UtcTime","#text":"2025-04-16 21:04:36.308"},{"@Name":"ProcessGuid","#text":"dbf410b3-1862-6800-3403-000000003c00"},{"@Name":"ProcessId","#text":"952"},{"@Name":"Image","#text":"C:\Program Files\BraveSoftware\Brave-Browser\Application\brave.exe"},{"@Name":"User","#text":"SERVER002\lplui"}]}}}
{"Event":{"System":{"Provider":{"@Name":"Microsoft-Windows-Sysmon","@Guid":"5770385f-c22a-43e0-bf4c-06f5698ffbd9"},"EventID":"5","Version":"3","Level":"4","Task":"5","Opcode":"0","Keywords":"0x8000000000000000","TimeCreated":{"@SystemTime":"2025-04-16 21:04:36.3900136"},"EventRecordID":"24357","Correlation":null,"Execution":{"@ProcessID":"3196","@ThreadID":"4432"},"Channel":"Microsoft-Windows-Sysmon/Operational","Computer":"Server002","Security":{"@UserID":"S-1-5-18"}},"EventData":{"Data":[{"@Name":"RuleName","#text":"-"},{"@Name":"UtcTime","#text":"2025-04-16 21:04:36.388"},{"@Name":"ProcessGuid","#text":"dbf410b3-186a-6800-3e03-000000003c00"},{"@Name":"ProcessId","#text":"9116"},{"@Name":"Image","#text":"C:\Program Files (x86)\Microsoft\Edge\Application\msedge.exe"},{"@Name":"User","#text":"SERVER002\lplui"}]}}}
{"Event":{"System":{"Provider":{"@Name":"Microsoft-Windows-Sysmon","@Guid":"5770385f-c22a-43e0-bf4c-06f5698ffbd9"},"EventID":"5","Version":"3","Level":"4","Task":"5","Opcode":"0","Keywords":"0x8000000000000000","TimeCreated":{"@SystemTime":"2025-04-16 21:04:43.2089161"},"EventRecordID":"24358","Correlation":null,"Execution":{"@ProcessID":"3196","@ThreadID":"4432"},"Channel":"Microsoft-Windows-Sysmon/Operational","Computer":"Server002","Security":{"@UserID":"S-1-5-18"}},"EventData":{"Data":[{"@Name":"RuleName","#text":"-"},{"@Name":"UtcTime","#text":"2025-04-16 21:04:43.206"},{"@Name":"ProcessGuid","#text":"dbf410b3-0bcc-6800-de01-000000003c00"},{"@Name":"ProcessId","#text":"7928"},{"@Name":"Image","#text":"C:\Program Files (x86)\Microsoft\EdgeWebView\Application\135.0.3179.73\msedgewebview2.exe"},{"@Name":"User","#text":"SERVER002\lplui"}]}}}
{"Event":{"System":{"Provider":{"@Name":"Microsoft-Windows-Sysmon","@Guid":"5770385f-c22a-43e0-bf4c-06f5698ffbd9"},"EventID":"5","Version":"3","Level":"4","Task":"5","Opcode":"0","Keywords":"0x8000000000000000","TimeCreated":{"@SystemTime":"2025-04-16 21:04:43.2140310"},"EventRecordID":"24359","Correlation":null,"Execution":{"@ProcessID":"3196","@ThreadID":"4432"},"Channel":"Microsoft-Windows-Sysmon/Operational","Computer":"Server002","Security":{"@UserID":"S-1-5-18"}},"EventData":{"Data":[{"@Name":"RuleName","#text":"-"},{"@Name":"UtcTime","#text":"2025-04-16 21:04:43.212"},{"@Name":"ProcessGuid","#text":"dbf410b3-0bcc-6800-dd01-000000003c00"},{"@Name":"ProcessId","#text":"6064"},{"@Name":"Image","#text":"C:\Program Files (x86)\Microsoft\EdgeWebView\Application\135.0.3179.73\msedgewebview2.exe"},{"@Name":"User","#text":"SERVER002\lplui"}]}}}
{"Event":{"System":{"Provider":{"@Name":"Microsoft-Windows-Sysmon","@Guid":"5770385f-c22a-43e0-bf4c-06f5698ffbd9"},"EventID":"5","Version":"3","Level":"4","Task":"5","Opcode":"0","Keywords":"0x8000000000000000","TimeCreated":{"@SystemTime":"2025-04-16 21:04:44.3868626"},"EventRecordID":"24360","Correlation":null,"Execution":{"@ProcessID":"3196","@ThreadID":"4432"},"Channel":"Microsoft-Windows-Sysmon/Operational","Computer":"Server002","Security":{"@UserID":"S-1-5-18"}},"EventData":{"Data":[{"@Name":"RuleName","#text":"-"},{"@Name":"UtcTime","#text":"2025-04-16 21:04:44.371"},{"@Name":"ProcessGuid","#text":"dbf410b3-0a86-6800-ac01-000000003c00"},{"@Name":"ProcessId","#text":"4420"},{"@Name":"Image","#text":"C:\Program Files\Microsoft OneDrive\OneDrive.exe"},{"@Name":"User","#text":"SERVER002\lplui"}]}}}
{"Event":{"System":{"Provider":{"@Name":"Microsoft-Windows-Sysmon","@Guid":"5770385f-c22a-43e0-bf4c-06f5698ffbd9"},"EventID":"5","Version":"3","Level":"4","Task":"5","Opcode":"0","Keywords":"0x8000000000000000","TimeCreated":{"@SystemTime":"2025-04-16 21:04:44.6456687"},"EventRecordID":"24361","Correlation":null,"Execution":{"@ProcessID":"3196","@ThreadID":"4432"},"Channel":"Microsoft-Windows-Sysmon/Operational","Computer":"Server002","Security":{"@UserID":"S-1-5-18"}},"EventData":{"Data":[{"@Name":"RuleName","#text":"-"},{"@Name":"UtcTime","#text":"2025-04-16 21:04:44.626"},{"@Name":"ProcessGuid","#text":"dbf410b3-1899-6800-6303-000000003c00"},{"@Name":"ProcessId","#text":"8124"},{"@Name":"Image","#text":"C:\Program Files\WindowsApps\Microsoft.BingWeather_4.54.63007.0_x64__8wekyb3d8bbwe\Microsoft.Msn.Weather.exe"},{"@Name":"User","#text":"SERVER002\lplui"}]}}}
{"Event":{"System":{"Provider":{"@Name":"Microsoft-Windows-Sysmon","@Guid":"5770385f-c22a-43e0-bf4c-06f5698ffbd9"},"EventID":"5","Version":"3","Level":"4","Task":"5","Opcode":"0","Keywords":"0x8000000000000000","TimeCreated":{"@SystemTime":"2025-04-16 21:04:44.6790459"},"EventRecordID":"24362","Correlation":null,"Execution":{"@ProcessID":"3196","@ThreadID":"4432"},"Channel":"Microsoft-Windows-Sysmon/Operational","Computer":"Server002","Security":{"@UserID":"S-1-5-18"}},"EventData":{"Data":[{"@Name":"RuleName","#text":"-"},{"@Name":"UtcTime","#text":"2025-04-16 21:04:44.664"},{"@Name":"ProcessGuid","#text":"dbf410b3-0bcc-6800-da01-000000003c00"},{"@Name":"ProcessId","#text":"6232"},{"@Name":"Image","#text":"C:\Program Files (x86)\Microsoft\EdgeWebView\Application\135.0.3179.73\msedgewebview2.exe"},{"@Name":"User","#text":"SERVER002\lplui"}]}}}
{"Event":{"System":{"Provider":{"@Name":"Microsoft-Windows-Sysmon","@Guid":"5770385f-c22a-43e0-bf4c-06f5698ffbd9"},"EventID":"5","Version":"3","Level":"4","Task":"5","Opcode":"0","Keywords":"0x8000000000000000","TimeCreated":{"@SystemTime":"2025-04-16 21:04:44.6791053"},"EventRecordID":"24363","Correlation":null,"Execution":{"@ProcessID":"3196","@ThreadID":"4432"},"Channel":"Microsoft-Windows-Sysmon/Operational","Computer":"Server002","Security":{"@UserID":"S-1-5-18"}},"EventData":{"Data":[{"@Name":"RuleName","#text":"-"},{"@Name":"UtcTime","#text":"2025-04-16 21:04:44.664"},{"@Name":"ProcessGuid","#text":"dbf410b3-0bca-6800-d701-000000003c00"},{"@Name":"ProcessId","#text":"2300"},{"@Name":"Image","#text":"C:\Windows\SystemApps\Microsoft.Windows.Search_cw5n1h2txyewy\SearchApp.exe"},{"@Name":"User","#text":"SERVER002\lplui"}]}}}
{"Event":{"System":{"Provider":{"@Name":"Microsoft-Windows-Sysmon","@Guid":"5770385f-c22a-43e0-bf4c-06f5698ffbd9"},"EventID":"5","Version":"3","Level":"4","Task":"5","Opcode":"0","Keywords":"0x8000000000000000","TimeCreated":{"@SystemTime":"2025-04-16 21:04:44.6791387"},"EventRecordID":"24364","Correlation":null,"Execution":{"@ProcessID":"3196","@ThreadID":"4432"},"Channel":"Microsoft-Windows-Sysmon/Operational","Computer":"Server002","Security":{"@UserID":"S-1-5-18"}},"EventData":{"Data":[{"@Name":"RuleName","#text":"-"},{"@Name":"UtcTime","#text":"2025-04-16 21:04:44.676"},{"@Name":"ProcessGuid","#text":"dbf410b3-1061-6800-2902-000000003c00"},{"@Name":"ProcessId","#text":"8184"},{"@Name":"Image","#text":"C:\Windows\SystemApps\ShellExperienceHost_cw5n1h2txyewy\ShellExperienceHost.exe"},{"@Name":"User","#text":"SERVER002\lplui"}]}}}
{"Event":{"System":{"Provider":{"@Name":"Microsoft-Windows-Sysmon","@Guid":"5770385f-c22a-43e0-bf4c-06f5698ffbd9"},"EventID":"5","Version":"3","Level":"4","Task":"5","Opcode":"0","Keywords":"0x8000000000000000","TimeCreated":{"@SystemTime":"2025-04-16 21:04:44.7435848"},"EventRecordID":"24365","Correlation":null,"Execution":{"@ProcessID":"3196","@ThreadID":"4432"},"Channel":"Microsoft-Windows-Sysmon/Operational","Computer":"Server002","Security":{"@UserID":"S-1-5-18"}},"EventData":{"Data":[{"@Name":"RuleName","#text":"-"},{"@Name":"UtcTime","#text":"2025-04-16 21:04:44.723"},{"@Name":"ProcessGuid","#text":"dbf410b3-0ac7-6800-bc01-000000003c00"},{"@Name":"ProcessId","#text":"6476"},{"@Name":"Image","#text":"C:\Windows\ImmersiveControlPanel\SystemSettings.exe"},{"@Name":"User","#text":"SERVER002\lplui"}]}}}
{"Event":{"System":{"Provider":{"@Name":"Microsoft-Windows-Sysmon","@Guid":"5770385f-c22a-43e0-bf4c-06f5698ffbd9"},"EventID":"5","Version":"3","Level":"4","Task":"5","Opcode":"0","Keywords":"0x8000000000000000","TimeCreated":{"@SystemTime":"2025-04-16 21:04:44.7786039"},"EventRecordID":"24366","Correlation":null,"Execution":{"@ProcessID":"3196","@ThreadID":"4432"},"Channel":"Microsoft-Windows-Sysmon/Operational","Computer":"Server002","Security":{"@UserID":"S-1-5-18"}},"EventData":{"Data":[{"@Name":"RuleName","#text":"-"},{"@Name":"UtcTime","#text":"2025-04-16 21:04:44.770"},{"@Name":"ProcessGuid","#text":"dbf410b3-1880-6800-5a03-000000003c00"},{"@Name":"ProcessId","#text":"1360"},{"@Name":"Image","#text":"C:\Program Files\WindowsApps\5319275A.WhatsAppDesktop_2.2514.4.0_x64__cv1g1gvanyjgm\WhatsApp.exe"},{"@Name":"User","#text":"SERVER002\lplui"}]}}}
{"Event":{"System":{"Provider":{"@Name":"Microsoft-Windows-Sysmon","@Guid":"5770385f-c22a-43e0-bf4c-06f5698ffbd9"},"EventID":"5","Version":"3","Level":"4","Task":"5","Opcode":"0","Keywords":"0x8000000000000000","TimeCreated":{"@SystemTime":"2025-04-16 21:04:44.9363662"},"EventRecordID":"24367","Correlation":null,"Execution":{"@ProcessID":"3196","@ThreadID":"4432"},"Channel":"Microsoft-Windows-Sysmon/Operational","Computer":"Server002","Security":{"@UserID":"S-1-5-18"}},"EventData":{"Data":[{"@Name":"RuleName","#text":"-"},{"@Name":"UtcTime","#text":"2025-04-16 21:04:44.872"},{"@Name":"ProcessGuid","#text":"dbf410b3-0bcc-6800-db01-000000003c00"},{"@Name":"ProcessId","#text":"8100"},{"@Name":"Image","#text":"C:\Program Files (x86)\Microsoft\EdgeWebView\Application\135.0.3179.73\msedgewebview2.exe"},{"@Name":"User","#text":"SERVER002\lplui"}]}}}
{"Event":{"System":{"Provider":{"@Name":"Microsoft-Windows-Sysmon","@Guid":"5770385f-c22a-43e0-bf4c-06f5698ffbd9"},"EventID":"5","Version":"3","Level":"4","Task":"5","Opcode":"0","Keywords":"0x8000000000000000","TimeCreated":{"@SystemTime":"2025-04-16 21:04:44.9365480"},"EventRecordID":"24368","Correlation":null,"Execution":{"@ProcessID":"3196","@ThreadID":"4432"},"Channel":"Microsoft-Windows-Sysmon/Operational","Computer":"Server002","Security":{"@UserID":"S-1-5-18"}},"EventData":{"Data":[{"@Name":"RuleName","#text":"-"},{"@Name":"UtcTime","#text":"2025-04-16 21:04:44.911"},{"@Name":"ProcessGuid","#text":"dbf410b3-0bcb-6800-d901-000000003c00"},{"@Name":"ProcessId","#text":"8980"},{"@Name":"Image","#text":"C:\Program Files (x86)\Microsoft\EdgeWebView\Application\135.0.3179.73\msedgewebview2.exe"},{"@Name":"User","#text":"SERVER002\lplui"}]}}}
{"Event":{"System":{"Provider":{"@Name":"Microsoft-Windows-Sysmon","@Guid":"5770385f-c22a-43e0-bf4c-06f5698ffbd9"},"EventID":"5","Version":"3","Level":"4","Task":"5","Opcode":"0","Keywords":"0x8000000000000000","TimeCreated":{"@SystemTime":"2025-04-16 21:04:44.9365741"},"EventRecordID":"24369","Correlation":null,"Execution":{"@ProcessID":"3196","@ThreadID":"4432"},"Channel":"Microsoft-Windows-Sysmon/Operational","Computer":"Server002","Security":{"@UserID":"S-1-5-18"}},"EventData":{"Data":[{"@Name":"RuleName","#text":"-"},{"@Name":"UtcTime","#text":"2025-04-16 21:04:44.930"},{"@Name":"ProcessGuid","#text":"dbf410b3-0bcc-6800-dc01-000000003c00"},{"@Name":"ProcessId","#text":"5068"},{"@Name":"Image","#text":"C:\Program Files (x86)\Microsoft\EdgeWebView\Application\135.0.3179.73\msedgewebview2.exe"},{"@Name":"User","#text":"SERVER002\lplui"}]}}}
{"Event":{"System":{"Provider":{"@Name":"Microsoft-Windows-Sysmon","@Guid":"5770385f-c22a-43e0-bf4c-06f5698ffbd9"},"EventID":"1","Version":"5","Level":"4","Task":"1","Opcode":"0","Keywords":"0x8000000000000000","TimeCreated":{"@SystemTime":"2025-04-16 21:04:44.9648832"},"EventRecordID":"24370","Correlation":null,"Execution":{"@ProcessID":"3196","@ThreadID":"4432"},"Channel":"Microsoft-Windows-Sysmon/Operational","Computer":"Server002","Security":{"@UserID":"S-1-5-18"}},"EventData":{"Data":[{"@Name":"RuleName","#text":"-"},{"@Name":"UtcTime","#text":"2025-04-16 21:04:44.865"},{"@Name":"ProcessGuid","#text":"dbf410b3-1b6c-6800-9e03-000000003c00"},{"@Name":"ProcessId","#text":"11440"},{"@Name":"Image","#text":"C:\Windows\System32\svchost.exe"},{"@Name":"FileVersion","#text":"10.0.19041.4355 (WinBuild.160101.0800)"},{"@Name":"Description","#text":"Host Process for Windows Services"},{"@Name":"Product","#text":"Microsoft® Windows® Operating System"},{"@Name":"Company","#text":"Microsoft Corporation"},{"@Name":"OriginalFileName","#text":"svchost.exe"},{"@Name":"CommandLine","#text":"C:\Windows\System32\svchost.exe -k wsappx -p -s ClipSVC"},{"@Name":"CurrentDirectory","#text":"C:\Windows\system32\"},{"@Name":"User","#text":"NT AUTHORITY\SYSTEM"},{"@Name":"LogonGuid","#text":"dbf410b3-0887-6800-e703-000000000000"},{"@Name":"LogonId","#text":"0x3E7"},{"@Name":"TerminalSessionId","#text":"0"},{"@Name":"IntegrityLevel","#text":"System"},{"@Name":"Hashes","#text":"SHA256=6FC3BF1FDFD76860BE782554F8D25BD32F108DB934D70F4253F1E5F23522E503"},{"@Name":"ParentProcessGuid","#text":"dbf410b3-0887-6800-0b00-000000003c00"},{"@Name":"ParentProcessId","#text":"648"},{"@Name":"ParentImage","#text":"C:\Windows\System32\services.exe"},{"@Name":"ParentCommandLine","#text":"C:\Windows\system32\services.exe"},{"@Name":"ParentUser","#text":"NT AUTHORITY\SYSTEM"}]}}}
{"Event":{"System":{"Provider":{"@Name":"Microsoft-Windows-Sysmon","@Guid":"5770385f-c22a-43e0-bf4c-06f5698ffbd9"},"EventID":"5","Version":"3","Level":"4","Task":"5","Opcode":"0","Keywords":"0x8000000000000000","TimeCreated":{"@SystemTime":"2025-04-16 21:04:44.9649391"},"EventRecordID":"24371","Correlation":null,"Execution":{"@ProcessID":"3196","@ThreadID":"4432"},"Channel":"Microsoft-Windows-Sysmon/Operational","Computer":"Server002","Security":{"@UserID":"S-1-5-18"}},"EventData":{"Data":[{"@Name":"RuleName","#text":"-"},{"@Name":"UtcTime","#text":"2025-04-16 21:04:44.945"},{"@Name":"ProcessGuid","#text":"dbf410b3-0a18-6800-3001-000000003c00"},{"@Name":"ProcessId","#text":"5380"},{"@Name":"Image","#text":"C:\Windows\explorer.exe"},{"@Name":"User","#text":"SERVER002\lplui"}]}}}
{"Event":{"System":{"Provider":{"@Name":"Microsoft-Windows-Sysmon","@Guid":"5770385f-c22a-43e0-bf4c-06f5698ffbd9"},"EventID":"5","Version":"3","Level":"4","Task":"5","Opcode":"0","Keywords":"0x8000000000000000","TimeCreated":{"@SystemTime":"2025-04-16 21:04:45.2817605"},"EventRecordID":"24372","Correlation":null,"Execution":{"@ProcessID":"3196","@ThreadID":"4432"},"Channel":"Microsoft-Windows-Sysmon/Operational","Computer":"Server002","Security":{"@UserID":"S-1-5-18"}},"EventData":{"Data":[{"@Name":"RuleName","#text":"-"},{"@Name":"UtcTime","#text":"2025-04-16 21:04:45.184"},{"@Name":"ProcessGuid","#text":"dbf410b3-0a17-6800-2c01-000000003c00"},{"@Name":"ProcessId","#text":"3296"},{"@Name":"Image","#text":"C:\Windows\System32\ctfmon.exe"},{"@Name":"User","#text":"SERVER002\lplui"}]}}}
{"Event":{"System":{"Provider":{"@Name":"Microsoft-Windows-Sysmon","@Guid":"5770385f-c22a-43e0-bf4c-06f5698ffbd9"},"EventID":"5","Version":"3","Level":"4","Task":"5","Opcode":"0","Keywords":"0x8000000000000000","TimeCreated":{"@SystemTime":"2025-04-16 21:04:45.2818123"},"EventRecordID":"24373","Correlation":null,"Execution":{"@ProcessID":"3196","@ThreadID":"4432"},"Channel":"Microsoft-Windows-Sysmon/Operational","Computer":"Server002","Security":{"@UserID":"S-1-5-18"}},"EventData":{"Data":[{"@Name":"RuleName","#text":"-"},{"@Name":"UtcTime","#text":"2025-04-16 21:04:45.239"},{"@Name":"ProcessGuid","#text":"dbf410b3-0a15-6800-1c01-000000003c00"},{"@Name":"ProcessId","#text":"6092"},{"@Name":"Image","#text":"C:\Windows\System32\sihost.exe"},{"@Name":"User","#text":"SERVER002\lplui"}]}}}
{"Event":{"System":{"Provider":{"@Name":"Microsoft-Windows-Sysmon","@Guid":"5770385f-c22a-43e0-bf4c-06f5698ffbd9"},"EventID":"5","Version":"3","Level":"4","Task":"5","Opcode":"0","Keywords":"0x8000000000000000","TimeCreated":{"@SystemTime":"2025-04-16 21:04:45.2818288"},"EventRecordID":"24374","Correlation":null,"Execution":{"@ProcessID":"3196","@ThreadID":"4432"},"Channel":"Microsoft-Windows-Sysmon/Operational","Computer":"Server002","Security":{"@UserID":"S-1-5-18"}},"EventData":{"Data":[{"@Name":"RuleName","#text":"-"},{"@Name":"UtcTime","#text":"2025-04-16 21:04:45.250"},{"@Name":"ProcessGuid","#text":"dbf410b3-0a2a-6800-4801-000000003c00"},{"@Name":"ProcessId","#text":"6888"},{"@Name":"Image","#text":"C:\Windows\SystemApps\Microsoft.Windows.StartMenuExperienceHost_cw5n1h2txyewy\StartMenuExperienceHost.exe"},{"@Name":"User","#text":"SERVER002\lplui"}]}}}
{"Event":{"System":{"Provider":{"@Name":"Microsoft-Windows-Sysmon","@Guid":"5770385f-c22a-43e0-bf4c-06f5698ffbd9"},"EventID":"5","Version":"3","Level":"4","Task":"5","Opcode":"0","Keywords":"0x8000000000000000","TimeCreated":{"@SystemTime":"2025-04-16 21:04:45.2818436"},"EventRecordID":"24375","Correlation":null,"Execution":{"@ProcessID":"3196","@ThreadID":"4432"},"Channel":"Microsoft-Windows-Sysmon/Operational","Computer":"Server002","Security":{"@UserID":"S-1-5-18"}},"EventData":{"Data":[{"@Name":"RuleName","#text":"-"},{"@Name":"UtcTime","#text":"2025-04-16 21:04:45.278"},{"@Name":"ProcessGuid","#text":"dbf410b3-0a31-6800-5001-000000003c00"},{"@Name":"ProcessId","#text":"7832"},{"@Name":"Image","#text":"C:\Windows\System32\RuntimeBroker.exe"},{"@Name":"User","#text":"SERVER002\lplui"}]}}}
{"Event":{"System":{"Provider":{"@Name":"Microsoft-Windows-Sysmon","@Guid":"5770385f-c22a-43e0-bf4c-06f5698ffbd9"},"EventID":"5","Version":"3","Level":"4","Task":"5","Opcode":"0","Keywords":"0x8000000000000000","TimeCreated":{"@SystemTime":"2025-04-16 21:04:45.3261242"},"EventRecordID":"24376","Correlation":null,"Execution":{"@ProcessID":"3196","@ThreadID":"4432"},"Channel":"Microsoft-Windows-Sysmon/Operational","Computer":"Server002","Security":{"@UserID":"S-1-5-18"}},"EventData":{"Data":[{"@Name":"RuleName","#text":"-"},{"@Name":"UtcTime","#text":"2025-04-16 21:04:45.285"},{"@Name":"ProcessGuid","#text":"dbf410b3-0ac7-6800-bb01-000000003c00"},{"@Name":"ProcessId","#text":"7944"},{"@Name":"Image","#text":"C:\Windows\System32\ApplicationFrameHost.exe"},{"@Name":"User","#text":"SERVER002\lplui"}]}}}
{"Event":{"System":{"Provider":{"@Name":"Microsoft-Windows-Sysmon","@Guid":"5770385f-c22a-43e0-bf4c-06f5698ffbd9"},"EventID":"5","Version":"3","Level":"4","Task":"5","Opcode":"0","Keywords":"0x8000000000000000","TimeCreated":{"@SystemTime":"2025-04-16 21:04:45.3264741"},"EventRecordID":"24377","Correlation":null,"Execution":{"@ProcessID":"3196","@ThreadID":"4432"},"Channel":"Microsoft-Windows-Sysmon/Operational","Computer":"Server002","Security":{"@UserID":"S-1-5-18"}},"EventData":{"Data":[{"@Name":"RuleName","#text":"-"},{"@Name":"UtcTime","#text":"2025-04-16 21:04:45.305"},{"@Name":"ProcessGuid","#text":"dbf410b3-0a2c-6800-4a01-000000003c00"},{"@Name":"ProcessId","#text":"5420"},{"@Name":"Image","#text":"C:\Windows\SystemApps\Microsoft.Windows.Search_cw5n1h2txyewy\SearchApp.exe"},{"@Name":"User","#text":"SERVER002\lplui"}]}}}
{"Event":{"System":{"Provider":{"@Name":"Microsoft-Windows-Sysmon","@Guid":"5770385f-c22a-43e0-bf4c-06f5698ffbd9"},"EventID":"5","Version":"3","Level":"4","Task":"5","Opcode":"0","Keywords":"0x8000000000000000","TimeCreated":{"@SystemTime":"2025-04-16 21:04:45.4928116"},"EventRecordID":"24378","Correlation":null,"Execution":{"@ProcessID":"3196","@ThreadID":"4432"},"Channel":"Microsoft-Windows-Sysmon/Operational","Computer":"Server002","Security":{"@UserID":"S-1-5-18"}},"EventData":{"Data":[{"@Name":"RuleName","#text":"-"},{"@Name":"UtcTime","#text":"2025-04-16 21:04:45.473"},{"@Name":"ProcessGuid","#text":"dbf410b3-0a51-6800-9001-000000003c00"},{"@Name":"ProcessId","#text":"9632"},{"@Name":"Image","#text":"C:\Windows\SystemApps\MicrosoftWindows.Client.CBS_cw5n1h2txyewy\TextInputHost.exe"},{"@Name":"User","#text":"SERVER002\lplui"}]}}}
{"Event":{"System":{"Provider":{"@Name":"Microsoft-Windows-Sysmon","@Guid":"5770385f-c22a-43e0-bf4c-06f5698ffbd9"},"EventID":"5","Version":"3","Level":"4","Task":"5","Opcode":"0","Keywords":"0x8000000000000000","TimeCreated":{"@SystemTime":"2025-04-16 21:04:45.6116168"},"EventRecordID":"24379","Correlation":null,"Execution":{"@ProcessID":"3196","@ThreadID":"4432"},"Channel":"Microsoft-Windows-Sysmon/Operational","Computer":"Server002","Security":{"@UserID":"S-1-5-18"}},"EventData":{"Data":[{"@Name":"RuleName","#text":"-"},{"@Name":"UtcTime","#text":"2025-04-16 21:04:45.608"},{"@Name":"ProcessGuid","#text":"dbf410b3-0a16-6800-2301-000000003c00"},{"@Name":"ProcessId","#text":"4060"},{"@Name":"Image","#text":"C:\Windows\System32\taskhostw.exe"},{"@Name":"User","#text":"SERVER002\lplui"}]}}}
