{"Event":{"System":{"Provider":{"@Name":"Microsoft-Windows-WindowsUpdateClient","@Guid":"945a8954-c147-4acd-923f-40c45405a658"},"EventID":"44","Version":"1","Level":"4","Task":"1","Opcode":"12","Keywords":"12004","TimeCreated":{"@SystemTime":"2025-04-29 14:12:13.5188986"},"EventRecordID":"5328","Correlation":null,"Execution":{"@ProcessID":"6116","@ThreadID":"12520"},"Channel":"System","Computer":"Server002","Security":{"@UserID":"S-1-5-18"}},"EventData":{"Data":[{"@Name":"updateTitle","#text":"9WZDNCRDTBVB-MICROSOFT.WINDOWSMAPS"},{"@Name":"updateGuid","#text":"811a76ce-f3ee-481a-9d98-9280f9d977b2"},{"@Name":"updateRevisionNumber","#text":"1"}]}}}
{"Event":{"System":{"Provider":{"@Name":"Microsoft-Windows-WindowsUpdateClient","@Guid":"945a8954-c147-4acd-923f-40c45405a658"},"EventID":"44","Version":"1","Level":"4","Task":"1","Opcode":"12","Keywords":"12004","TimeCreated":{"@SystemTime":"2025-04-29 14:12:13.5188998"},"EventRecordID":"5329","Correlation":null,"Execution":{"@ProcessID":"6116","@ThreadID":"12520"},"Channel":"System","Computer":"Server002","Security":{"@UserID":"S-1-5-18"}},"EventData":{"Data":[{"@Name":"updateTitle","#text":"9NHT9RB2F4HD-Microsoft.Copilot"},{"@Name":"updateGuid","#text":"a98c88e8-648f-42cc-a333-1cf8f7d9c0a9"},{"@Name":"updateRevisionNumber","#text":"1"}]}}}
{"Event":{"System":{"Provider":{"@Name":"Microsoft-Windows-WindowsUpdateClient","@Guid":"945a8954-c147-4acd-923f-40c45405a658"},"EventID":"44","Version":"1","Level":"4","Task":"1","Opcode":"12","Keywords":"12004","TimeCreated":{"@SystemTime":"2025-04-29 14:12:13.5189008"},"EventRecordID":"5330","Correlation":null,"Execution":{"@ProcessID":"6116","@ThreadID":"12520"},"Channel":"System","Computer":"Server002","Security":{"@UserID":"S-1-5-18"}},"EventData":{"Data":[{"@Name":"updateTitle","#text":"9NCBCSZSJRSB-SpotifyAB.SpotifyMusic"},{"@Name":"updateGuid","#text":"48cd61fb-7653-4f3c-a5cc-595c7859f62e"},{"@Name":"updateRevisionNumber","#text":"1"}]}}}
{"Event":{"System":{"Provider":{"@Name":"Microsoft-Windows-Kernel-General","@Guid":"a68ca8b7-004f-d7b6-a698-07e2de0f1f5d"},"EventID":"16","Version":"0","Level":"4","Task":"0","Opcode":"0","Keywords":"100","TimeCreated":{"@SystemTime":"2025-04-29 14:12:40.5997808"},"EventRecordID":"5331","Correlation":null,"Execution":{"@ProcessID":"8808","@ThreadID":"5864"},"Channel":"System","Computer":"Server002","Security":{"@UserID":"S-1-5-18"}},"EventData":{"Data":[{"@Name":"HiveNameLength","#text":"132"},{"@Name":"HiveName","#text":"\??\C:\ProgramData\Microsoft\Windows\AppRepository\Packages\Microsoft.WindowsMaps_11.2503.1.0_x64__8wekyb3d8bbwe\ActivationStore.dat"},{"@Name":"KeysUpdated","#text":"0"},{"@Name":"DirtyPages","#text":"0"}]}}}
{"Event":{"System":{"Provider":{"@Name":"Microsoft-Windows-WindowsUpdateClient","@Guid":"945a8954-c147-4acd-923f-40c45405a658"},"EventID":"43","Version":"1","Level":"4","Task":"1","Opcode":"13","Keywords":"12008","TimeCreated":{"@SystemTime":"2025-04-29 14:12:46.5448780"},"EventRecordID":"5332","Correlation":null,"Execution":{"@ProcessID":"6116","@ThreadID":"232"},"Channel":"System","Computer":"Server002","Security":{"@UserID":"S-1-5-18"}},"EventData":{"Data":[{"@Name":"updateTitle","#text":"9WZDNCRDTBVB-MICROSOFT.WINDOWSMAPS"},{"@Name":"updateGuid","#text":"811a76ce-f3ee-481a-9d98-9280f9d977b2"},{"@Name":"updateRevisionNumber","#text":"1"}]}}}
{"Event":{"System":{"Provider":{"@Name":"Microsoft-Windows-Kernel-General","@Guid":"a68ca8b7-004f-d7b6-a698-07e2de0f1f5d"},"EventID":"16","Version":"0","Level":"4","Task":"0","Opcode":"0","Keywords":"100","TimeCreated":{"@SystemTime":"2025-04-29 14:12:47.2293639"},"EventRecordID":"5333","Correlation":null,"Execution":{"@ProcessID":"8808","@ThreadID":"5864"},"Channel":"System","Computer":"Server002","Security":{"@UserID":"S-1-5-21-3962163828-2803415714-1403596700-1001"}},"EventData":{"Data":[{"@Name":"HiveNameLength","#text":"99"},{"@Name":"HiveName","#text":"\??\C:\Users\lplui\AppData\Local\Packages\Microsoft.WindowsMaps_8wekyb3d8bbwe\Settings\settings.dat"},{"@Name":"KeysUpdated","#text":"1"},{"@Name":"DirtyPages","#text":"1"}]}}}
{"Event":{"System":{"Provider":{"@Name":"Microsoft-Windows-WindowsUpdateClient","@Guid":"945a8954-c147-4acd-923f-40c45405a658"},"EventID":"19","Version":"1","Level":"4","Task":"1","Opcode":"13","Keywords":"118","TimeCreated":{"@SystemTime":"2025-04-29 14:12:49.7738810"},"EventRecordID":"5334","Correlation":{"@ActivityID":"03272f8f-b900-0001-606a-290300b9db01"},"Execution":{"@ProcessID":"6116","@ThreadID":"232"},"Channel":"System","Computer":"Server002","Security":{"@UserID":"S-1-5-18"}},"EventData":{"Data":[{"@Name":"updateTitle","#text":"9WZDNCRDTBVB-MICROSOFT.WINDOWSMAPS"},{"@Name":"updateGuid","#text":"811a76ce-f3ee-481a-9d98-9280f9d977b2"},{"@Name":"updateRevisionNumber","#text":"1"},{"@Name":"serviceGuid","#text":"855e8a7c-ecb4-4ca3-b045-1dfa50104289"}]}}}
{"Event":{"System":{"Provider":{"@Name":"Microsoft-Windows-WindowsUpdateClient","@Guid":"945a8954-c147-4acd-923f-40c45405a658"},"EventID":"44","Version":"1","Level":"4","Task":"1","Opcode":"12","Keywords":"12004","TimeCreated":{"@SystemTime":"2025-04-29 14:13:01.4561225"},"EventRecordID":"5335","Correlation":null,"Execution":{"@ProcessID":"6116","@ThreadID":"12520"},"Channel":"System","Computer":"Server002","Security":{"@UserID":"S-1-5-18"}},"EventData":{"Data":[{"@Name":"updateTitle","#text":"9PLL735RFDSM-Microsoft.NET.Native.Runtime.2.2"},{"@Name":"updateGuid","#text":"9c137291-4059-4cb8-b650-12b07bbe1da1"},{"@Name":"updateRevisionNumber","#text":"1"}]}}}
{"Event":{"System":{"Provider":{"@Name":"Microsoft-Windows-WindowsUpdateClient","@Guid":"945a8954-c147-4acd-923f-40c45405a658"},"EventID":"44","Version":"1","Level":"4","Task":"1","Opcode":"12","Keywords":"12004","TimeCreated":{"@SystemTime":"2025-04-29 14:13:01.4561241"},"EventRecordID":"5336","Correlation":null,"Execution":{"@ProcessID":"6116","@ThreadID":"12520"},"Channel":"System","Computer":"Server002","Security":{"@UserID":"S-1-5-18"}},"EventData":{"Data":[{"@Name":"updateTitle","#text":"9NFFX4SZZ23L-Microsoft.549981C3F5F10"},{"@Name":"updateGuid","#text":"bd9ab7f6-d463-4c47-b356-5d2bd6a54ffc"},{"@Name":"updateRevisionNumber","#text":"1"}]}}}
{"Event":{"System":{"Provider":{"@Name":"Microsoft-Windows-WindowsUpdateClient","@Guid":"945a8954-c147-4acd-923f-40c45405a658"},"EventID":"44","Version":"1","Level":"4","Task":"1","Opcode":"12","Keywords":"12004","TimeCreated":{"@SystemTime":"2025-04-29 14:13:01.4562279"},"EventRecordID":"5337","Correlation":null,"Execution":{"@ProcessID":"6116","@ThreadID":"12520"},"Channel":"System","Computer":"Server002","Security":{"@UserID":"S-1-5-18"}},"EventData":{"Data":[{"@Name":"updateTitle","#text":"9NBLGGH3FRZM-Microsoft.VCLibs.140.00"},{"@Name":"updateGuid","#text":"7c4b0956-b3f1-40ac-a633-668abc5d6af2"},{"@Name":"updateRevisionNumber","#text":"1"}]}}}
{"Event":{"System":{"Provider":{"@Name":"Microsoft-Windows-WindowsUpdateClient","@Guid":"945a8954-c147-4acd-923f-40c45405a658"},"EventID":"44","Version":"1","Level":"4","Task":"1","Opcode":"12","Keywords":"12004","TimeCreated":{"@SystemTime":"2025-04-29 14:13:01.4562287"},"EventRecordID":"5338","Correlation":null,"Execution":{"@ProcessID":"6116","@ThreadID":"12520"},"Channel":"System","Computer":"Server002","Security":{"@UserID":"S-1-5-18"}},"EventData":{"Data":[{"@Name":"updateTitle","#text":"9NHT9RB2F4HD-Microsoft.Copilot"},{"@Name":"updateGuid","#text":"a98c88e8-648f-42cc-a333-1cf8f7d9c0a9"},{"@Name":"updateRevisionNumber","#text":"1"}]}}}
{"Event":{"System":{"Provider":{"@Name":"Microsoft-Windows-WindowsUpdateClient","@Guid":"945a8954-c147-4acd-923f-40c45405a658"},"EventID":"44","Version":"1","Level":"4","Task":"1","Opcode":"12","Keywords":"12004","TimeCreated":{"@SystemTime":"2025-04-29 14:13:01.4562294"},"EventRecordID":"5339","Correlation":null,"Execution":{"@ProcessID":"6116","@ThreadID":"12520"},"Channel":"System","Computer":"Server002","Security":{"@UserID":"S-1-5-18"}},"EventData":{"Data":[{"@Name":"updateTitle","#text":"9NFFX4SZZ23L-Microsoft.549981C3F5F10"},{"@Name":"updateGuid","#text":"bd9ab7f6-d463-4c47-b356-5d2bd6a54ffc"},{"@Name":"updateRevisionNumber","#text":"1"}]}}}
{"Event":{"System":{"Provider":{"@Name":"Microsoft-Windows-WindowsUpdateClient","@Guid":"945a8954-c147-4acd-923f-40c45405a658"},"EventID":"44","Version":"1","Level":"4","Task":"1","Opcode":"12","Keywords":"12004","TimeCreated":{"@SystemTime":"2025-04-29 14:13:01.4562302"},"EventRecordID":"5340","Correlation":null,"Execution":{"@ProcessID":"6116","@ThreadID":"12520"},"Channel":"System","Computer":"Server002","Security":{"@UserID":"S-1-5-18"}},"EventData":{"Data":[{"@Name":"updateTitle","#text":"9NCBCSZSJRSB-SpotifyAB.SpotifyMusic"},{"@Name":"updateGuid","#text":"48cd61fb-7653-4f3c-a5cc-595c7859f62e"},{"@Name":"updateRevisionNumber","#text":"1"}]}}}
{"Event":{"System":{"Provider":{"@Name":"Microsoft-Windows-WindowsUpdateClient","@Guid":"945a8954-c147-4acd-923f-40c45405a658"},"EventID":"44","Version":"1","Level":"4","Task":"1","Opcode":"12","Keywords":"12004","TimeCreated":{"@SystemTime":"2025-04-29 14:13:01.4562310"},"EventRecordID":"5341","Correlation":null,"Execution":{"@ProcessID":"6116","@ThreadID":"12520"},"Channel":"System","Computer":"Server002","Security":{"@UserID":"S-1-5-18"}},"EventData":{"Data":[{"@Name":"updateTitle","#text":"9MW2LKJ0TPJF-Microsoft.NET.Native.Framework.2.2"},{"@Name":"updateGuid","#text":"bfa7d40d-2cdf-4c15-98cf-85c847517da3"},{"@Name":"updateRevisionNumber","#text":"1"}]}}}
{"Event":{"System":{"Provider":{"@Name":"Microsoft-Windows-WindowsUpdateClient","@Guid":"945a8954-c147-4acd-923f-40c45405a658"},"EventID":"44","Version":"1","Level":"4","Task":"1","Opcode":"12","Keywords":"12004","TimeCreated":{"@SystemTime":"2025-04-29 14:13:01.4563386"},"EventRecordID":"5342","Correlation":null,"Execution":{"@ProcessID":"6116","@ThreadID":"12520"},"Channel":"System","Computer":"Server002","Security":{"@UserID":"S-1-5-18"}},"EventData":{"Data":[{"@Name":"updateTitle","#text":"9NFFX4SZZ23L-Microsoft.549981C3F5F10"},{"@Name":"updateGuid","#text":"bd9ab7f6-d463-4c47-b356-5d2bd6a54ffc"},{"@Name":"updateRevisionNumber","#text":"1"}]}}}
{"Event":{"System":{"Provider":{"@Name":"Microsoft-Windows-WindowsUpdateClient","@Guid":"945a8954-c147-4acd-923f-40c45405a658"},"EventID":"44","Version":"1","Level":"4","Task":"1","Opcode":"12","Keywords":"12004","TimeCreated":{"@SystemTime":"2025-04-29 14:13:01.4563396"},"EventRecordID":"5343","Correlation":null,"Execution":{"@ProcessID":"6116","@ThreadID":"12520"},"Channel":"System","Computer":"Server002","Security":{"@UserID":"S-1-5-18"}},"EventData":{"Data":[{"@Name":"updateTitle","#text":"9NBLGGH4RV3K-Microsoft.VCLibs.140.00.UWPDesktop"},{"@Name":"updateGuid","#text":"fcdd3b59-f41c-4595-b36b-245bacb749e8"},{"@Name":"updateRevisionNumber","#text":"1"}]}}}
{"Event":{"System":{"Provider":{"@Name":"Microsoft-Windows-WindowsUpdateClient","@Guid":"945a8954-c147-4acd-923f-40c45405a658"},"EventID":"44","Version":"1","Level":"4","Task":"1","Opcode":"12","Keywords":"12004","TimeCreated":{"@SystemTime":"2025-04-29 14:13:01.4563404"},"EventRecordID":"5344","Correlation":null,"Execution":{"@ProcessID":"6116","@ThreadID":"12520"},"Channel":"System","Computer":"Server002","Security":{"@UserID":"S-1-5-18"}},"EventData":{"Data":[{"@Name":"updateTitle","#text":"9NHT9RB2F4HD-Microsoft.Copilot"},{"@Name":"updateGuid","#text":"a98c88e8-648f-42cc-a333-1cf8f7d9c0a9"},{"@Name":"updateRevisionNumber","#text":"1"}]}}}
{"Event":{"System":{"Provider":{"@Name":"Microsoft-Windows-WindowsUpdateClient","@Guid":"945a8954-c147-4acd-923f-40c45405a658"},"EventID":"44","Version":"1","Level":"4","Task":"1","Opcode":"12","Keywords":"12004","TimeCreated":{"@SystemTime":"2025-04-29 14:13:01.4563411"},"EventRecordID":"5345","Correlation":null,"Execution":{"@ProcessID":"6116","@ThreadID":"12520"},"Channel":"System","Computer":"Server002","Security":{"@UserID":"S-1-5-18"}},"EventData":{"Data":[{"@Name":"updateTitle","#text":"9NFFX4SZZ23L-Microsoft.549981C3F5F10"},{"@Name":"updateGuid","#text":"bd9ab7f6-d463-4c47-b356-5d2bd6a54ffc"},{"@Name":"updateRevisionNumber","#text":"1"}]}}}
{"Event":{"System":{"Provider":{"@Name":"Microsoft-Windows-WindowsUpdateClient","@Guid":"945a8954-c147-4acd-923f-40c45405a658"},"EventID":"44","Version":"1","Level":"4","Task":"1","Opcode":"12","Keywords":"12004","TimeCreated":{"@SystemTime":"2025-04-29 14:13:01.4563418"},"EventRecordID":"5346","Correlation":null,"Execution":{"@ProcessID":"6116","@ThreadID":"12520"},"Channel":"System","Computer":"Server002","Security":{"@UserID":"S-1-5-18"}},"EventData":{"Data":[{"@Name":"updateTitle","#text":"9NCBCSZSJRSB-SpotifyAB.SpotifyMusic"},{"@Name":"updateGuid","#text":"48cd61fb-7653-4f3c-a5cc-595c7859f62e"},{"@Name":"updateRevisionNumber","#text":"1"}]}}}
{"Event":{"System":{"Provider":{"@Name":"Microsoft-Windows-Kernel-General","@Guid":"a68ca8b7-004f-d7b6-a698-07e2de0f1f5d"},"EventID":"16","Version":"0","Level":"4","Task":"0","Opcode":"0","Keywords":"100","TimeCreated":{"@SystemTime":"2025-04-29 14:13:33.6637030"},"EventRecordID":"5347","Correlation":null,"Execution":{"@ProcessID":"8808","@ThreadID":"12076"},"Channel":"System","Computer":"Server002","Security":{"@UserID":"S-1-5-18"}},"EventData":{"Data":[{"@Name":"HiveNameLength","#text":"130"},{"@Name":"HiveName","#text":"\??\C:\ProgramData\Microsoft\Windows\AppRepository\Packages\Microsoft.Copilot_1.25041.128.0_x64__8wekyb3d8bbwe\ActivationStore.dat"},{"@Name":"KeysUpdated","#text":"0"},{"@Name":"DirtyPages","#text":"0"}]}}}
{"Event":{"System":{"Provider":{"@Name":"Microsoft-Windows-WindowsUpdateClient","@Guid":"945a8954-c147-4acd-923f-40c45405a658"},"EventID":"44","Version":"1","Level":"4","Task":"1","Opcode":"12","Keywords":"12004","TimeCreated":{"@SystemTime":"2025-04-29 14:13:37.8012454"},"EventRecordID":"5348","Correlation":null,"Execution":{"@ProcessID":"6116","@ThreadID":"12520"},"Channel":"System","Computer":"Server002","Security":{"@UserID":"S-1-5-18"}},"EventData":{"Data":[{"@Name":"updateTitle","#text":"9NHT9RB2F4HD-Microsoft.Copilot"},{"@Name":"updateGuid","#text":"a98c88e8-648f-42cc-a333-1cf8f7d9c0a9"},{"@Name":"updateRevisionNumber","#text":"1"}]}}}
{"Event":{"System":{"Provider":{"@Name":"Microsoft-Windows-WindowsUpdateClient","@Guid":"945a8954-c147-4acd-923f-40c45405a658"},"EventID":"44","Version":"1","Level":"4","Task":"1","Opcode":"12","Keywords":"12004","TimeCreated":{"@SystemTime":"2025-04-29 14:13:42.8086475"},"EventRecordID":"5349","Correlation":null,"Execution":{"@ProcessID":"6116","@ThreadID":"12520"},"Channel":"System","Computer":"Server002","Security":{"@UserID":"S-1-5-18"}},"EventData":{"Data":[{"@Name":"updateTitle","#text":"9NCBCSZSJRSB-SpotifyAB.SpotifyMusic"},{"@Name":"updateGuid","#text":"48cd61fb-7653-4f3c-a5cc-595c7859f62e"},{"@Name":"updateRevisionNumber","#text":"1"}]}}}
{"Event":{"System":{"Provider":{"@Name":"Microsoft-Windows-WindowsUpdateClient","@Guid":"945a8954-c147-4acd-923f-40c45405a658"},"EventID":"43","Version":"1","Level":"4","Task":"1","Opcode":"13","Keywords":"12008","TimeCreated":{"@SystemTime":"2025-04-29 14:13:48.3983984"},"EventRecordID":"5350","Correlation":null,"Execution":{"@ProcessID":"6116","@ThreadID":"3832"},"Channel":"System","Computer":"Server002","Security":{"@UserID":"S-1-5-18"}},"EventData":{"Data":[{"@Name":"updateTitle","#text":"9NHT9RB2F4HD-Microsoft.Copilot"},{"@Name":"updateGuid","#text":"a98c88e8-648f-42cc-a333-1cf8f7d9c0a9"},{"@Name":"updateRevisionNumber","#text":"1"}]}}}
{"Event":{"System":{"Provider":{"@Name":"Microsoft-Windows-WindowsUpdateClient","@Guid":"945a8954-c147-4acd-923f-40c45405a658"},"EventID":"20","Version":"1","Level":"2","Task":"1","Opcode":"13","Keywords":"128","TimeCreated":{"@SystemTime":"2025-04-29 14:13:49.3777176"},"EventRecordID":"5351","Correlation":{"@ActivityID":"03272f8f-b900-0001-6d73-290300b9db01"},"Execution":{"@ProcessID":"6116","@ThreadID":"3832"},"Channel":"System","Computer":"Server002","Security":{"@UserID":"S-1-5-18"}},"EventData":{"Data":[{"@Name":"errorCode","#text":"0x80073D02"},{"@Name":"updateTitle","#text":"9NHT9RB2F4HD-Microsoft.Copilot"},{"@Name":"updateGuid","#text":"a98c88e8-648f-42cc-a333-1cf8f7d9c0a9"},{"@Name":"updateRevisionNumber","#text":"1"},{"@Name":"serviceGuid","#text":"855e8a7c-ecb4-4ca3-b045-1dfa50104289"}]}}}
{"Event":{"System":{"Provider":{"@Name":"Microsoft-Windows-Kernel-General","@Guid":"a68ca8b7-004f-d7b6-a698-07e2de0f1f5d"},"EventID":"16","Version":"0","Level":"4","Task":"0","Opcode":"0","Keywords":"100","TimeCreated":{"@SystemTime":"2025-04-29 14:14:15.8666442"},"EventRecordID":"5352","Correlation":null,"Execution":{"@ProcessID":"8808","@ThreadID":"12752"},"Channel":"System","Computer":"Server002","Security":{"@UserID":"S-1-5-18"}},"EventData":{"Data":[{"@Name":"HiveNameLength","#text":"133"},{"@Name":"HiveName","#text":"\??\C:\ProgramData\Microsoft\Windows\AppRepository\Packages\SpotifyAB.SpotifyMusic_1.262.580.0_x64__zpdnekdrzrea0\ActivationStore.dat"},{"@Name":"KeysUpdated","#text":"0"},{"@Name":"DirtyPages","#text":"0"}]}}}
{"Event":{"System":{"Provider":{"@Name":"Microsoft-Windows-WindowsUpdateClient","@Guid":"945a8954-c147-4acd-923f-40c45405a658"},"EventID":"43","Version":"1","Level":"4","Task":"1","Opcode":"13","Keywords":"12008","TimeCreated":{"@SystemTime":"2025-04-29 14:14:19.4363160"},"EventRecordID":"5353","Correlation":null,"Execution":{"@ProcessID":"6116","@ThreadID":"10112"},"Channel":"System","Computer":"Server002","Security":{"@UserID":"S-1-5-18"}},"EventData":{"Data":[{"@Name":"updateTitle","#text":"9NCBCSZSJRSB-SpotifyAB.SpotifyMusic"},{"@Name":"updateGuid","#text":"48cd61fb-7653-4f3c-a5cc-595c7859f62e"},{"@Name":"updateRevisionNumber","#text":"1"}]}}}
{"Event":{"System":{"Provider":{"@Name":"Microsoft-Windows-Kernel-General","@Guid":"a68ca8b7-004f-d7b6-a698-07e2de0f1f5d"},"EventID":"16","Version":"0","Level":"4","Task":"0","Opcode":"0","Keywords":"100","TimeCreated":{"@SystemTime":"2025-04-29 14:14:19.8495881"},"EventRecordID":"5354","Correlation":null,"Execution":{"@ProcessID":"8808","@ThreadID":"12752"},"Channel":"System","Computer":"Server002","Security":{"@UserID":"S-1-5-21-3962163828-2803415714-1403596700-1001"}},"EventData":{"Data":[{"@Name":"HiveNameLength","#text":"100"},{"@Name":"HiveName","#text":"\??\C:\Users\lplui\AppData\Local\Packages\SpotifyAB.SpotifyMusic_zpdnekdrzrea0\Settings\settings.dat"},{"@Name":"KeysUpdated","#text":"3"},{"@Name":"DirtyPages","#text":"1"}]}}}
{"Event":{"System":{"Provider":{"@Name":"Microsoft-Windows-WindowsUpdateClient","@Guid":"945a8954-c147-4acd-923f-40c45405a658"},"EventID":"19","Version":"1","Level":"4","Task":"1","Opcode":"13","Keywords":"118","TimeCreated":{"@SystemTime":"2025-04-29 14:14:22.9540176"},"EventRecordID":"5355","Correlation":{"@ActivityID":"03272f8f-b900-0001-5377-290300b9db01"},"Execution":{"@ProcessID":"6116","@ThreadID":"10112"},"Channel":"System","Computer":"Server002","Security":{"@UserID":"S-1-5-18"}},"EventData":{"Data":[{"@Name":"updateTitle","#text":"9NCBCSZSJRSB-SpotifyAB.SpotifyMusic"},{"@Name":"updateGuid","#text":"48cd61fb-7653-4f3c-a5cc-595c7859f62e"},{"@Name":"updateRevisionNumber","#text":"1"},{"@Name":"serviceGuid","#text":"855e8a7c-ecb4-4ca3-b045-1dfa50104289"}]}}}
{"Event":{"System":{"Provider":{"@Name":"Microsoft-Windows-DistributedCOM","@Guid":"{1B562E86-B7AA-4131-BADC-B6F3A001407E}","@EventSourceName":"DCOM"},"EventID":{"@Qualifiers":"0","#text":"10016"},"Version":"0","Level":"3","Task":"0","Opcode":"0","Keywords":"0x8080000000000000","TimeCreated":{"@SystemTime":"2025-04-29 14:15:33.6294740"},"EventRecordID":"5356","Correlation":{"@ActivityID":"c09f43ca-1854-4670-8d8d-5a80308f68df"},"Execution":{"@ProcessID":"908","@ThreadID":"5040"},"Channel":"System","Computer":"Server002","Security":{"@UserID":"S-1-5-21-3962163828-2803415714-1403596700-1001"}},"EventData":{"Data":[{"@Name":"param1","#text":"machine-default"},{"@Name":"param2","#text":"Local"},{"@Name":"param3","#text":"Activation"},{"@Name":"param4","#text":"{C2F03A33-21F5-47FA-B4BB-156362A2F239}"},{"@Name":"param5","#text":"{316CDED5-E4AE-4B15-9113-7055D84DCC97}"},{"@Name":"param6","#text":"SERVER002"},{"@Name":"param7","#text":"lplui"},{"@Name":"param8","#text":"S-1-5-21-3962163828-2803415714-1403596700-1001"},{"@Name":"param9","#text":"LocalHost (Using LRPC)"},{"@Name":"param10","#text":"Microsoft.Windows.ShellExperienceHost_10.0.19041.5072_neutral_neutral_cw5n1h2txyewy"},{"@Name":"param11","#text":"S-1-15-2-155514346-2573954481-755741238-1654018636-1233331829-3075935687-2861478708"}]}}}
{"Event":{"System":{"Provider":{"@Name":"Service Control Manager","@Guid":"{555908d1-a6d7-4695-8e1e-26931d2012f4}","@EventSourceName":"Service Control Manager"},"EventID":{"@Qualifiers":"16384","#text":"7040"},"Version":"0","Level":"4","Task":"0","Opcode":"0","Keywords":"0x8080000000000000","TimeCreated":{"@SystemTime":"2025-04-29 15:10:21.6137356"},"EventRecordID":"5357","Correlation":null,"Execution":{"@ProcessID":"672","@ThreadID":"12832"},"Channel":"System","Computer":"Server002","Security":{"@UserID":"S-1-5-18"}},"EventData":{"Data":[{"@Name":"param1","#text":"Background Intelligent Transfer Service"},{"@Name":"param2","#text":"demand start"},{"@Name":"param3","#text":"auto start"},{"@Name":"param4","#text":"BITS"}]}}}
{"Event":{"System":{"Provider":{"@Name":"Microsoft-Windows-Kernel-General","@Guid":"a68ca8b7-004f-d7b6-a698-07e2de0f1f5d"},"EventID":"16","Version":"0","Level":"4","Task":"0","Opcode":"0","Keywords":"100","TimeCreated":{"@SystemTime":"2025-04-29 15:11:26.2831823"},"EventRecordID":"5358","Correlation":null,"Execution":{"@ProcessID":"12392","@ThreadID":"12152"},"Channel":"System","Computer":"Server002","Security":{"@UserID":"S-1-5-18"}},"EventData":{"Data":[{"@Name":"HiveNameLength","#text":"31"},{"@Name":"HiveName","#text":"\??\C:\Users\testing\NTUSER.DAT"},{"@Name":"KeysUpdated","#text":"61"},{"@Name":"DirtyPages","#text":"23"}]}}}
{"Event":{"System":{"Provider":{"@Name":"Microsoft-Windows-Kernel-General","@Guid":"a68ca8b7-004f-d7b6-a698-07e2de0f1f5d"},"EventID":"16","Version":"0","Level":"4","Task":"0","Opcode":"0","Keywords":"100","TimeCreated":{"@SystemTime":"2025-04-29 15:11:26.3382780"},"EventRecordID":"5359","Correlation":null,"Execution":{"@ProcessID":"12392","@ThreadID":"12152"},"Channel":"System","Computer":"Server002","Security":{"@UserID":"S-1-5-18"}},"EventData":{"Data":[{"@Name":"HiveNameLength","#text":"65"},{"@Name":"HiveName","#text":"\??\C:\Users\testing\AppData\Local\Microsoft\Windows\UsrClass.dat"},{"@Name":"KeysUpdated","#text":"32"},{"@Name":"DirtyPages","#text":"10"}]}}}
{"Event":{"System":{"Provider":{"@Name":"Microsoft-Windows-Kernel-General","@Guid":"a68ca8b7-004f-d7b6-a698-07e2de0f1f5d"},"EventID":"16","Version":"0","Level":"4","Task":"0","Opcode":"0","Keywords":"100","TimeCreated":{"@SystemTime":"2025-04-29 15:11:26.6191146"},"EventRecordID":"5360","Correlation":null,"Execution":{"@ProcessID":"12392","@ThreadID":"12152"},"Channel":"System","Computer":"Server002","Security":{"@UserID":"S-1-5-18"}},"EventData":{"Data":[{"@Name":"HiveNameLength","#text":"34"},{"@Name":"HiveName","#text":"\??\C:\Users\admin_test\NTUSER.DAT"},{"@Name":"KeysUpdated","#text":"44"},{"@Name":"DirtyPages","#text":"23"}]}}}
{"Event":{"System":{"Provider":{"@Name":"Microsoft-Windows-Kernel-General","@Guid":"a68ca8b7-004f-d7b6-a698-07e2de0f1f5d"},"EventID":"16","Version":"0","Level":"4","Task":"0","Opcode":"0","Keywords":"100","TimeCreated":{"@SystemTime":"2025-04-29 15:11:26.6796826"},"EventRecordID":"5361","Correlation":null,"Execution":{"@ProcessID":"12392","@ThreadID":"12152"},"Channel":"System","Computer":"Server002","Security":{"@UserID":"S-1-5-18"}},"EventData":{"Data":[{"@Name":"HiveNameLength","#text":"68"},{"@Name":"HiveName","#text":"\??\C:\Users\admin_test\AppData\Local\Microsoft\Windows\UsrClass.dat"},{"@Name":"KeysUpdated","#text":"26"},{"@Name":"DirtyPages","#text":"9"}]}}}
{"Event":{"System":{"Provider":{"@Name":"Microsoft-Windows-Kernel-General","@Guid":"a68ca8b7-004f-d7b6-a698-07e2de0f1f5d"},"EventID":"16","Version":"0","Level":"4","Task":"0","Opcode":"0","Keywords":"100","TimeCreated":{"@SystemTime":"2025-04-29 15:11:26.9548208"},"EventRecordID":"5362","Correlation":null,"Execution":{"@ProcessID":"12392","@ThreadID":"12152"},"Channel":"System","Computer":"Server002","Security":{"@UserID":"S-1-5-18"}},"EventData":{"Data":[{"@Name":"HiveNameLength","#text":"31"},{"@Name":"HiveName","#text":"\??\C:\Users\Default\NTUSER.DAT"},{"@Name":"KeysUpdated","#text":"42"},{"@Name":"DirtyPages","#text":"6"}]}}}
{"Event":{"System":{"Provider":{"@Name":"Service Control Manager","@Guid":"{555908d1-a6d7-4695-8e1e-26931d2012f4}","@EventSourceName":"Service Control Manager"},"EventID":{"@Qualifiers":"16384","#text":"7040"},"Version":"0","Level":"4","Task":"0","Opcode":"0","Keywords":"0x8080000000000000","TimeCreated":{"@SystemTime":"2025-04-29 15:13:54.4644379"},"EventRecordID":"5363","Correlation":null,"Execution":{"@ProcessID":"672","@ThreadID":"12832"},"Channel":"System","Computer":"Server002","Security":{"@UserID":"S-1-5-18"}},"EventData":{"Data":[{"@Name":"param1","#text":"Background Intelligent Transfer Service"},{"@Name":"param2","#text":"auto start"},{"@Name":"param3","#text":"demand start"},{"@Name":"param4","#text":"BITS"}]}}}
{"Event":{"System":{"Provider":{"@Name":"Service Control Manager","@Guid":"{555908d1-a6d7-4695-8e1e-26931d2012f4}","@EventSourceName":"Service Control Manager"},"EventID":{"@Qualifiers":"16384","#text":"7040"},"Version":"0","Level":"4","Task":"0","Opcode":"0","Keywords":"0x8080000000000000","TimeCreated":{"@SystemTime":"2025-04-29 16:11:28.7559847"},"EventRecordID":"5364","Correlation":null,"Execution":{"@ProcessID":"672","@ThreadID":"9124"},"Channel":"System","Computer":"Server002","Security":{"@UserID":"S-1-5-18"}},"EventData":{"Data":[{"@Name":"param1","#text":"Background Intelligent Transfer Service"},{"@Name":"param2","#text":"demand start"},{"@Name":"param3","#text":"auto start"},{"@Name":"param4","#text":"BITS"}]}}}
{"Event":{"System":{"Provider":{"@Name":"Service Control Manager","@Guid":"{555908d1-a6d7-4695-8e1e-26931d2012f4}","@EventSourceName":"Service Control Manager"},"EventID":{"@Qualifiers":"16384","#text":"7040"},"Version":"0","Level":"4","Task":"0","Opcode":"0","Keywords":"0x8080000000000000","TimeCreated":{"@SystemTime":"2025-04-29 16:13:30.4618763"},"EventRecordID":"5365","Correlation":null,"Execution":{"@ProcessID":"672","@ThreadID":"10164"},"Channel":"System","Computer":"Server002","Security":{"@UserID":"S-1-5-18"}},"EventData":{"Data":[{"@Name":"param1","#text":"Background Intelligent Transfer Service"},{"@Name":"param2","#text":"auto start"},{"@Name":"param3","#text":"demand start"},{"@Name":"param4","#text":"BITS"}]}}}
{"Event":{"System":{"Provider":{"@Name":"Service Control Manager","@Guid":"{555908d1-a6d7-4695-8e1e-26931d2012f4}","@EventSourceName":"Service Control Manager"},"EventID":{"@Qualifiers":"16384","#text":"7040"},"Version":"0","Level":"4","Task":"0","Opcode":"0","Keywords":"0x8080000000000000","TimeCreated":{"@SystemTime":"2025-04-29 20:16:44.9918818"},"EventRecordID":"5366","Correlation":null,"Execution":{"@ProcessID":"672","@ThreadID":"7224"},"Channel":"System","Computer":"Server002","Security":{"@UserID":"S-1-5-18"}},"EventData":{"Data":[{"@Name":"param1","#text":"Background Intelligent Transfer Service"},{"@Name":"param2","#text":"demand start"},{"@Name":"param3","#text":"auto start"},{"@Name":"param4","#text":"BITS"}]}}}
{"Event":{"System":{"Provider":{"@Name":"Service Control Manager","@Guid":"{555908d1-a6d7-4695-8e1e-26931d2012f4}","@EventSourceName":"Service Control Manager"},"EventID":{"@Qualifiers":"16384","#text":"7040"},"Version":"0","Level":"4","Task":"0","Opcode":"0","Keywords":"0x8080000000000000","TimeCreated":{"@SystemTime":"2025-04-29 20:19:38.7774225"},"EventRecordID":"5367","Correlation":null,"Execution":{"@ProcessID":"672","@ThreadID":"7224"},"Channel":"System","Computer":"Server002","Security":{"@UserID":"S-1-5-18"}},"EventData":{"Data":[{"@Name":"param1","#text":"Background Intelligent Transfer Service"},{"@Name":"param2","#text":"auto start"},{"@Name":"param3","#text":"demand start"},{"@Name":"param4","#text":"BITS"}]}}}
{"Event":{"System":{"Provider":{"@Name":"Microsoft-Windows-DNS-Client","@Guid":"1c95126e-7eea-49a9-a3fe-a378b03ddb4d"},"EventID":"1014","Version":"0","Level":"3","Task":"1014","Opcode":"0","Keywords":"0x4000000010000000","TimeCreated":{"@SystemTime":"2025-04-29 21:28:05.8246067"},"EventRecordID":"5368","Correlation":null,"Execution":{"@ProcessID":"2228","@ThreadID":"11712"},"Channel":"System","Computer":"Server002","Security":{"@UserID":"S-1-5-20"}},"EventData":{"Data":[{"@Name":"QueryName","#text":"rr5---sn-5goeen7y.googlevideo.com"},{"@Name":"AddressLength","#text":"128"},{"@Name":"Address","#text":"02-00-00-00-C0-A8-00-01-00-00-00-00-00-00-00-00-00-00-00-00-00-00-00-00-00-00-00-00-00-00-00-00-00-00-00-00-00-00-00-00-00-00-00-00-00-00-00-00-00-00-00-00-00-00-00-00-00-00-00-00-00-00-00-00-00-00-00-00-00-00-00-00-00-00-00-00-00-00-00-00-00-00-00-00-00-00-00-00-00-00-00-00-00-00-00-00-00-00-00-00-00-00-00-00-00-00-00-00-00-00-00-00-00-00-00-00-00-00-00-00-00-00-00-00-00-00-00-00"}]}}}
{"Event":{"System":{"Provider":{"@Name":"User32","@Guid":"{b0aa8734-56f7-41cc-b2f4-de228e98b946}","@EventSourceName":"User32"},"EventID":{"@Qualifiers":"32768","#text":"1074"},"Version":"0","Level":"4","Task":"0","Opcode":"0","Keywords":"0x8080000000000000","TimeCreated":{"@SystemTime":"2025-04-29 21:44:55.0666761"},"EventRecordID":"5369","Correlation":null,"Execution":{"@ProcessID":"456","@ThreadID":"1076"},"Channel":"System","Computer":"Server002","Security":{"@UserID":"S-1-5-21-3962163828-2803415714-1403596700-1001"}},"EventData":{"Data":[{"@Name":"param1","#text":"C:\Windows\System32\RuntimeBroker.exe (SERVER002)"},{"@Name":"param2","#text":"SERVER002"},{"@Name":"param3","#text":"Other (Unplanned)"},{"@Name":"param4","#text":"0x0"},{"@Name":"param5","#text":"power off"},{"@Name":"param6"},{"@Name":"param7","#text":"SERVER002\lplui"}]}}}
{"Event":{"System":{"Provider":{"@Name":"Microsoft-Windows-DistributedCOM","@Guid":"{1B562E86-B7AA-4131-BADC-B6F3A001407E}","@EventSourceName":"DCOM"},"EventID":{"@Qualifiers":"0","#text":"10010"},"Version":"0","Level":"2","Task":"0","Opcode":"0","Keywords":"0x8080000000000000","TimeCreated":{"@SystemTime":"2025-04-29 21:45:01.7176320"},"EventRecordID":"5370","Correlation":{"@ActivityID":"cdf44c00-ec1d-495e-855c-e6186c30cee0"},"Execution":{"@ProcessID":"908","@ThreadID":"12872"},"Channel":"System","Computer":"Server002","Security":{"@UserID":"S-1-5-21-3962163828-2803415714-1403596700-1001"}},"EventData":{"Data":{"@Name":"param1","#text":"{2593F8B9-4EAF-457C-B68A-50F6B8EA6B54}"}}}}
{"Event":{"System":{"Provider":{"@Name":"Microsoft-Windows-DistributedCOM","@Guid":"{1B562E86-B7AA-4131-BADC-B6F3A001407E}","@EventSourceName":"DCOM"},"EventID":{"@Qualifiers":"0","#text":"10010"},"Version":"0","Level":"2","Task":"0","Opcode":"0","Keywords":"0x8080000000000000","TimeCreated":{"@SystemTime":"2025-04-29 21:45:04.7584940"},"EventRecordID":"5371","Correlation":{"@ActivityID":"d2256991-ae32-4b13-ba4c-b62a3a1d55a2"},"Execution":{"@ProcessID":"908","@ThreadID":"12872"},"Channel":"System","Computer":"Server002","Security":{"@UserID":"S-1-5-21-3962163828-2803415714-1403596700-1001"}},"EventData":{"Data":{"@Name":"param1","#text":"{283EDD52-69B2-473D-BEB6-2C0B4C01FD73}"}}}}
{"Event":{"System":{"Provider":{"@Name":"Microsoft-Windows-DistributedCOM","@Guid":"{1B562E86-B7AA-4131-BADC-B6F3A001407E}","@EventSourceName":"DCOM"},"EventID":{"@Qualifiers":"0","#text":"10010"},"Version":"0","Level":"2","Task":"0","Opcode":"0","Keywords":"0x8080000000000000","TimeCreated":{"@SystemTime":"2025-04-29 21:45:05.0150731"},"EventRecordID":"5372","Correlation":{"@ActivityID":"55434702-767b-4059-a36a-b01b239176fa"},"Execution":{"@ProcessID":"908","@ThreadID":"12872"},"Channel":"System","Computer":"Server002","Security":{"@UserID":"S-1-5-21-3962163828-2803415714-1403596700-1001"}},"EventData":{"Data":{"@Name":"param1","#text":"{283EDD52-69B2-473D-BEB6-2C0B4C01FD73}"}}}}
{"Event":{"System":{"Provider":{"@Name":"Microsoft-Windows-DistributedCOM","@Guid":"{1B562E86-B7AA-4131-BADC-B6F3A001407E}","@EventSourceName":"DCOM"},"EventID":{"@Qualifiers":"0","#text":"10010"},"Version":"0","Level":"2","Task":"0","Opcode":"0","Keywords":"0x8080000000000000","TimeCreated":{"@SystemTime":"2025-04-29 21:45:05.2422664"},"EventRecordID":"5373","Correlation":{"@ActivityID":"a3a228c0-9ab6-46a7-bf5d-1fd2fd83ea10"},"Execution":{"@ProcessID":"908","@ThreadID":"12872"},"Channel":"System","Computer":"Server002","Security":{"@UserID":"S-1-5-21-3962163828-2803415714-1403596700-1001"}},"EventData":{"Data":{"@Name":"param1","#text":"{283EDD52-69B2-473D-BEB6-2C0B4C01FD73}"}}}}
{"Event":{"System":{"Provider":{"@Name":"Microsoft-Windows-Winlogon","@Guid":"dbe9b383-7cf3-4331-91cc-a3cb16a3b538"},"EventID":"7002","Version":"0","Level":"4","Task":"1102","Opcode":"0","Keywords":"0x2000200000000000","TimeCreated":{"@SystemTime":"2025-04-29 21:45:08.3100639"},"EventRecordID":"5374","Correlation":null,"Execution":{"@ProcessID":"604","@ThreadID":"9472"},"Channel":"System","Computer":"Server002","Security":{"@UserID":"S-1-5-18"}},"EventData":{"Data":[{"@Name":"TSId","#text":"1"},{"@Name":"UserSid","#text":"S-1-5-21-3962163828-2803415714-1403596700-1001"}]}}}
{"Event":{"System":{"Provider":{"@Name":"Microsoft-Windows-FilterManager","@Guid":"f3c5e28e-63f6-49c7-a204-e48a1bc4b09d"},"EventID":"1","Version":"0","Level":"4","Task":"0","Opcode":"0","Keywords":"100","TimeCreated":{"@SystemTime":"2025-04-29 21:45:09.3343824"},"EventRecordID":"5375","Correlation":null,"Execution":{"@ProcessID":"4","@ThreadID":"8500"},"Channel":"System","Computer":"Server002","Security":{"@UserID":"S-1-5-18"}},"EventData":{"Data":[{"@Name":"FinalStatus","#text":"0x0"},{"@Name":"DeviceVersionMajor","#text":"10"},{"@Name":"DeviceVersionMinor","#text":"0"},{"@Name":"DeviceNameLength","#text":"10"},{"@Name":"DeviceName","#text":"MBAMFarflt"},{"@Name":"DeviceTime","#text":"2025-02-20 21:16:59.0000000"}]}}}
{"Event":{"System":{"Provider":{"@Name":"Microsoft-Windows-FilterManager","@Guid":"f3c5e28e-63f6-49c7-a204-e48a1bc4b09d"},"EventID":"1","Version":"0","Level":"4","Task":"0","Opcode":"0","Keywords":"100","TimeCreated":{"@SystemTime":"2025-04-29 21:45:09.6955526"},"EventRecordID":"5376","Correlation":null,"Execution":{"@ProcessID":"4","@ThreadID":"844"},"Channel":"System","Computer":"Server002","Security":{"@UserID":"S-1-5-18"}},"EventData":{"Data":[{"@Name":"FinalStatus","#text":"0x0"},{"@Name":"DeviceVersionMajor","#text":"10"},{"@Name":"DeviceVersionMinor","#text":"0"},{"@Name":"DeviceNameLength","#text":"14"},{"@Name":"DeviceName","#text":"MBAMProtection"},{"@Name":"DeviceTime","#text":"2024-10-29 21:38:46.0000000"}]}}}
{"Event":{"System":{"Provider":{"@Name":"Microsoft-Windows-DistributedCOM","@Guid":"{1B562E86-B7AA-4131-BADC-B6F3A001407E}","@EventSourceName":"DCOM"},"EventID":{"@Qualifiers":"0","#text":"10005"},"Version":"0","Level":"2","Task":"0","Opcode":"0","Keywords":"0x8080000000000000","TimeCreated":{"@SystemTime":"2025-04-29 21:45:10.4985647"},"EventRecordID":"5377","Correlation":{"@ActivityID":"4ab74be1-963f-442a-9a54-fd88db71a203"},"Execution":{"@ProcessID":"808","@ThreadID":"5780"},"Channel":"System","Computer":"Server002","Security":{"@UserID":"S-1-5-18"}},"EventData":{"Data":[{"@Name":"param1","#text":"1115"},{"@Name":"param2","#text":"wuauserv"},{"@Name":"param3","#text":"Unavailable"},{"@Name":"param4","#text":"{E60687F7-01A1-40AA-86AC-DB1CBF673334}"}]}}}
{"Event":{"System":{"Provider":{"@Name":"Microsoft-Windows-DistributedCOM","@Guid":"{1B562E86-B7AA-4131-BADC-B6F3A001407E}","@EventSourceName":"DCOM"},"EventID":{"@Qualifiers":"0","#text":"10005"},"Version":"0","Level":"2","Task":"0","Opcode":"0","Keywords":"0x8080000000000000","TimeCreated":{"@SystemTime":"2025-04-29 21:45:10.4985647"},"EventRecordID":"5378","Correlation":{"@ActivityID":"53b7d022-df83-49dc-b092-a7f30c258070"},"Execution":{"@ProcessID":"808","@ThreadID":"5780"},"Channel":"System","Computer":"Server002","Security":{"@UserID":"S-1-5-18"}},"EventData":{"Data":[{"@Name":"param1","#text":"1115"},{"@Name":"param2","#text":"wuauserv"},{"@Name":"param3","#text":"Unavailable"},{"@Name":"param4","#text":"{E60687F7-01A1-40AA-86AC-DB1CBF673334}"}]}}}
{"Event":{"System":{"Provider":{"@Name":"Microsoft-Windows-DistributedCOM","@Guid":"{1B562E86-B7AA-4131-BADC-B6F3A001407E}","@EventSourceName":"DCOM"},"EventID":{"@Qualifiers":"0","#text":"10005"},"Version":"0","Level":"2","Task":"0","Opcode":"0","Keywords":"0x8080000000000000","TimeCreated":{"@SystemTime":"2025-04-29 21:45:10.6348961"},"EventRecordID":"5379","Correlation":{"@ActivityID":"fa22c6be-4b1c-49b5-8b5d-b286bcf3a11f"},"Execution":{"@ProcessID":"808","@ThreadID":"5780"},"Channel":"System","Computer":"Server002","Security":{"@UserID":"S-1-5-18"}},"EventData":{"Data":[{"@Name":"param1","#text":"1115"},{"@Name":"param2","#text":"wuauserv"},{"@Name":"param3","#text":"Unavailable"},{"@Name":"param4","#text":"{E60687F7-01A1-40AA-86AC-DB1CBF673334}"}]}}}
{"Event":{"System":{"Provider":{"@Name":"Microsoft-Windows-DistributedCOM","@Guid":"{1B562E86-B7AA-4131-BADC-B6F3A001407E}","@EventSourceName":"DCOM"},"EventID":{"@Qualifiers":"0","#text":"10005"},"Version":"0","Level":"2","Task":"0","Opcode":"0","Keywords":"0x8080000000000000","TimeCreated":{"@SystemTime":"2025-04-29 21:45:10.6404400"},"EventRecordID":"5380","Correlation":{"@ActivityID":"1f9c015a-5c04-4b7c-bf05-bfbf85531fe8"},"Execution":{"@ProcessID":"808","@ThreadID":"5780"},"Channel":"System","Computer":"Server002","Security":{"@UserID":"S-1-5-18"}},"EventData":{"Data":[{"@Name":"param1","#text":"1115"},{"@Name":"param2","#text":"wuauserv"},{"@Name":"param3","#text":"Unavailable"},{"@Name":"param4","#text":"{E60687F7-01A1-40AA-86AC-DB1CBF673334}"}]}}}
{"Event":{"System":{"Provider":{"@Name":"Microsoft-Windows-WinRM","@Guid":"{A7975C8F-AC13-49F1-87DA-5A984A4AB417}","@EventSourceName":"WinRM"},"EventID":{"@Qualifiers":"7","#text":"10149"},"Version":"0","Level":"3","Task":"0","Opcode":"0","Keywords":"1","TimeCreated":{"@SystemTime":"2025-04-29 21:45:30.7708674"},"EventRecordID":"5381","Correlation":null,"Execution":{"@ProcessID":"0","@ThreadID":"0"},"Channel":"System","Computer":"Server002","Security":null},"EventData":{"@Name":"Stopped Listening"}}}
{"Event":{"System":{"Provider":{"@Name":"EventLog"},"EventID":{"@Qualifiers":"32768","#text":"6006"},"Version":"0","Level":"4","Task":"0","Opcode":"0","Keywords":"1","TimeCreated":{"@SystemTime":"2025-04-29 21:45:30.9998796"},"EventRecordID":"5382","Correlation":null,"Execution":{"@ProcessID":"0","@ThreadID":"0"},"Channel":"System","Computer":"Server002","Security":null},"EventData":{"Data":"","Binary":"01-00-00-00-E1-E3-FF-FF"}}}
{"Event":{"System":{"Provider":{"@Name":"Service Control Manager","@Guid":"{555908d1-a6d7-4695-8e1e-26931d2012f4}","@EventSourceName":"Service Control Manager"},"EventID":{"@Qualifiers":"49152","#text":"7034"},"Version":"0","Level":"2","Task":"0","Opcode":"0","Keywords":"0x8080000000000000","TimeCreated":{"@SystemTime":"2025-04-29 21:45:30.5879850"},"EventRecordID":"5383","Correlation":null,"Execution":{"@ProcessID":"672","@ThreadID":"5620"},"Channel":"System","Computer":"Server002","Security":null},"EventData":{"Data":[{"@Name":"param1","#text":"OpenSSH SSH Server"},{"@Name":"param2","#text":"1"}],"Binary":"73-00-73-00-68-00-64-00-00-00"}}}
{"Event":{"System":{"Provider":{"@Name":"Microsoft-Windows-Dhcp-Client","@Guid":"15a7a4f8-0072-4eab-abad-f98a4d666aed"},"EventID":"50104","Version":"0","Level":"4","Task":"4","Opcode":"129","Keywords":"0x2000000000000000","TimeCreated":{"@SystemTime":"2025-04-29 21:45:30.8334566"},"EventRecordID":"5384","Correlation":null,"Execution":{"@ProcessID":"1412","@ThreadID":"1416"},"Channel":"System","Computer":"Server002","Security":{"@UserID":"S-1-5-19"}},"EventData":""}}
{"Event":{"System":{"Provider":{"@Name":"Microsoft-Windows-Dhcp-Client","@Guid":"15a7a4f8-0072-4eab-abad-f98a4d666aed"},"EventID":"50105","Version":"0","Level":"4","Task":"4","Opcode":"129","Keywords":"0x2000000000000000","TimeCreated":{"@SystemTime":"2025-04-29 21:45:30.8357314"},"EventRecordID":"5385","Correlation":null,"Execution":{"@ProcessID":"1412","@ThreadID":"1452"},"Channel":"System","Computer":"Server002","Security":{"@UserID":"S-1-5-19"}},"EventData":""}}
{"Event":{"System":{"Provider":{"@Name":"Microsoft-Windows-DHCPv6-Client","@Guid":"6a1f2b00-6a90-4c38-95a5-5cab3b056778"},"EventID":"51047","Version":"0","Level":"4","Task":"4","Opcode":"63","Keywords":"0x2000000000000000","TimeCreated":{"@SystemTime":"2025-04-29 21:45:30.9523564"},"EventRecordID":"5386","Correlation":null,"Execution":{"@ProcessID":"1412","@ThreadID":"1520"},"Channel":"System","Computer":"Server002","Security":{"@UserID":"S-1-5-19"}},"EventData":{"Data":{"@Name":"DwordVal","#text":"1"}}}}
{"Event":{"System":{"Provider":{"@Name":"Microsoft-Windows-DHCPv6-Client","@Guid":"6a1f2b00-6a90-4c38-95a5-5cab3b056778"},"EventID":"51057","Version":"0","Level":"4","Task":"4","Opcode":"104","Keywords":"0x2000000000000000","TimeCreated":{"@SystemTime":"2025-04-29 21:45:30.9532465"},"EventRecordID":"5387","Correlation":null,"Execution":{"@ProcessID":"1412","@ThreadID":"1520"},"Channel":"System","Computer":"Server002","Security":{"@UserID":"S-1-5-19"}},"EventData":{"Data":{"@Name":"DwordVal","#text":"1"}}}}
{"Event":{"System":{"Provider":{"@Name":"Microsoft-Windows-DHCPv6-Client","@Guid":"6a1f2b00-6a90-4c38-95a5-5cab3b056778"},"EventID":"51057","Version":"0","Level":"4","Task":"4","Opcode":"104","Keywords":"0x2000000000000000","TimeCreated":{"@SystemTime":"2025-04-29 21:45:30.9544132"},"EventRecordID":"5388","Correlation":null,"Execution":{"@ProcessID":"1412","@ThreadID":"1520"},"Channel":"System","Computer":"Server002","Security":{"@UserID":"S-1-5-19"}},"EventData":{"Data":{"@Name":"DwordVal","#text":"1"}}}}
{"Event":{"System":{"Provider":{"@Name":"Microsoft-Windows-Dhcp-Client","@Guid":"15a7a4f8-0072-4eab-abad-f98a4d666aed"},"EventID":"50106","Version":"0","Level":"4","Task":"4","Opcode":"129","Keywords":"0x2000000000000000","TimeCreated":{"@SystemTime":"2025-04-29 21:45:31.0557274"},"EventRecordID":"5389","Correlation":null,"Execution":{"@ProcessID":"1412","@ThreadID":"1452"},"Channel":"System","Computer":"Server002","Security":{"@UserID":"S-1-5-19"}},"EventData":""}}
{"Event":{"System":{"Provider":{"@Name":"Microsoft-Windows-Dhcp-Client","@Guid":"15a7a4f8-0072-4eab-abad-f98a4d666aed"},"EventID":"50037","Version":"0","Level":"4","Task":"4","Opcode":"69","Keywords":"0x2000000000000000","TimeCreated":{"@SystemTime":"2025-04-29 21:45:31.0557400"},"EventRecordID":"5390","Correlation":null,"Execution":{"@ProcessID":"1412","@ThreadID":"1452"},"Channel":"System","Computer":"Server002","Security":{"@UserID":"S-1-5-19"}},"EventData":{"Data":{"@Name":"DwordVal","#text":"1"}}}}
{"Event":{"System":{"Provider":{"@Name":"EventLog"},"EventID":{"@Qualifiers":"32768","#text":"6009"},"Version":"0","Level":"4","Task":"0","Opcode":"0","Keywords":"1","TimeCreated":{"@SystemTime":"2025-04-30 10:09:32.8800646"},"EventRecordID":"5391","Correlation":null,"Execution":{"@ProcessID":"0","@ThreadID":"0"},"Channel":"System","Computer":"Server002","Security":null},"EventData":{"Data":"10.00., 19045, Multiprocessor Free, 0","Binary":""}}}
{"Event":{"System":{"Provider":{"@Name":"EventLog"},"EventID":{"@Qualifiers":"32768","#text":"6005"},"Version":"0","Level":"4","Task":"0","Opcode":"0","Keywords":"1","TimeCreated":{"@SystemTime":"2025-04-30 10:09:32.8800646"},"EventRecordID":"5392","Correlation":null,"Execution":{"@ProcessID":"0","@ThreadID":"0"},"Channel":"System","Computer":"Server002","Security":null},"EventData":{"Data":"","Binary":"E9-07-04-00-03-00-1E-00-0A-00-09-00-20-00-70-03-00-00-00-00-00-00-00-00"}}}
{"Event":{"System":{"Provider":{"@Name":"EventLog"},"EventID":{"@Qualifiers":"32768","#text":"6013"},"Version":"0","Level":"4","Task":"0","Opcode":"0","Keywords":"1","TimeCreated":{"@SystemTime":"2025-04-30 10:09:32.8950532"},"EventRecordID":"5393","Correlation":null,"Execution":{"@ProcessID":"0","@ThreadID":"0"},"Channel":"System","Computer":"Server002","Security":null},"EventData":{"Data":"12, 60, 0 GMT Standard Time","Binary":"31-00-2E-00-31-00-00-00-30-00-00-00-57-00-69-00-6E-00-64-00-6F-00-77-00-73-00-20-00-31-00-30-00-20-00-48-00-6F-00-6D-00-65-00-00-00-31-00-30-00-2E-00-30-00-2E-00-31-00-39-00-30-00-34-00-35-00-20-00-42-00-75-00-69-00-6C-00-64-00-20-00-31-00-39-00-30-00-34-00-35-00-20-00-20-00-00-00-4D-00-75-00-6C-00-74-00-69-00-70-00-72-00-6F-00-63-00-65-00-73-00-73-00-6F-00-72-00-20-00-46-00-72-00-65-00-65-00-00-00-31-00-39-00-30-00-34-00-31-00-2E-00-76-00-62-00-5F-00-72-00-65-00-6C-00-65-00-61-00-73-00-65-00-2E-00-31-00-39-00-31-00-32-00-30-00-36-00-2D-00-31-00-34-00-30-00-36-00-00-00-36-00-36-00-37-00-64-00-37-00-35-00-64-00-33-00-00-00-4E-00-6F-00-74-00-20-00-41-00-76-00-61-00-69-00-6C-00-61-00-62-00-6C-00-65-00-00-00-4E-00-6F-00-74-00-20-00-41-00-76-00-61-00-69-00-6C-00-61-00-62-00-6C-00-65-00-00-00-39-00-00-00-32-00-00-00-34-00-30-00-39-00-36-00-00-00-38-00-30-00-39-00-00-00-53-00-65-00-72-00-76-00-65-00-72-00-30-00-30-00-32-00-00-00-00-00"}}}
{"Event":{"System":{"Provider":{"@Name":"Microsoft-Windows-Kernel-Power","@Guid":"331c3b3a-2005-44c2-ac5e-77220c37d6b4"},"EventID":"109","Version":"0","Level":"4","Task":"103","Opcode":"0","Keywords":"0x8000400000000404","TimeCreated":{"@SystemTime":"2025-04-29 21:45:33.7980249"},"EventRecordID":"5394","Correlation":null,"Execution":{"@ProcessID":"532","@ThreadID":"536"},"Channel":"System","Computer":"Server002","Security":null},"EventData":{"Data":[{"@Name":"ShutdownActionType","#text":"6"},{"@Name":"ShutdownEventCode","#text":"0"},{"@Name":"ShutdownReason","#text":"5"}]}}}
{"Event":{"System":{"Provider":{"@Name":"Microsoft-Windows-Kernel-General","@Guid":"a68ca8b7-004f-d7b6-a698-07e2de0f1f5d"},"EventID":"13","Version":"0","Level":"4","Task":"2","Opcode":"0","Keywords":"180","TimeCreated":{"@SystemTime":"2025-04-29 21:45:37.2240749"},"EventRecordID":"5395","Correlation":null,"Execution":{"@ProcessID":"4","@ThreadID":"12036"},"Channel":"System","Computer":"Server002","Security":null},"EventData":{"Data":{"@Name":"StopTime","#text":"2025-04-29 21:45:37.2240728"}}}}
{"Event":{"System":{"Provider":{"@Name":"Microsoft-Windows-Kernel-General","@Guid":"a68ca8b7-004f-d7b6-a698-07e2de0f1f5d"},"EventID":"12","Version":"0","Level":"4","Task":"1","Opcode":"0","Keywords":"180","TimeCreated":{"@SystemTime":"2025-04-30 10:09:21.2271114"},"EventRecordID":"5396","Correlation":null,"Execution":{"@ProcessID":"4","@ThreadID":"8"},"Channel":"System","Computer":"Server002","Security":{"@UserID":"S-1-5-18"}},"EventData":{"Data":[{"@Name":"MajorVersion","#text":"10"},{"@Name":"MinorVersion","#text":"0"},{"@Name":"BuildVersion","#text":"19041"},{"@Name":"QfeVersion","#text":"5737"},{"@Name":"ServiceVersion","#text":"0"},{"@Name":"BootMode","#text":"0"},{"@Name":"StartTime","#text":"2025-04-30 10:09:20.5000000"}]}}}
{"Event":{"System":{"Provider":{"@Name":"Microsoft-Windows-Kernel-Boot","@Guid":"15ca44ff-4d7a-4baa-bba5-0998955e531e"},"EventID":"153","Version":"0","Level":"4","Task":"62","Opcode":"0","Keywords":"100","TimeCreated":{"@SystemTime":"2025-04-30 10:09:21.2271489"},"EventRecordID":"5397","Correlation":null,"Execution":{"@ProcessID":"4","@ThreadID":"8"},"Channel":"System","Computer":"Server002","Security":{"@UserID":"S-1-5-18"}},"EventData":{"Data":[{"@Name":"Status","#text":"0"},{"@Name":"EnableDisableReason","#text":"0"},{"@Name":"VsmPolicy","#text":"0"}]}}}
{"Event":{"System":{"Provider":{"@Name":"Microsoft-Windows-Kernel-Boot","@Guid":"15ca44ff-4d7a-4baa-bba5-0998955e531e"},"EventID":"20","Version":"1","Level":"4","Task":"31","Opcode":"0","Keywords":"100","TimeCreated":{"@SystemTime":"2025-04-30 10:09:21.2274781"},"EventRecordID":"5398","Correlation":null,"Execution":{"@ProcessID":"4","@ThreadID":"8"},"Channel":"System","Computer":"Server002","Security":{"@UserID":"S-1-5-18"}},"EventData":{"Data":[{"@Name":"LastShutdownGood","#text":"True"},{"@Name":"LastBootGood","#text":"True"},{"@Name":"LastBootId","#text":"67"},{"@Name":"BootStatusPolicy","#text":"2"}]}}}
{"Event":{"System":{"Provider":{"@Name":"Microsoft-Windows-Kernel-Boot","@Guid":"15ca44ff-4d7a-4baa-bba5-0998955e531e"},"EventID":"25","Version":"0","Level":"4","Task":"32","Opcode":"0","Keywords":"100","TimeCreated":{"@SystemTime":"2025-04-30 10:09:21.2275038"},"EventRecordID":"5399","Correlation":null,"Execution":{"@ProcessID":"4","@ThreadID":"8"},"Channel":"System","Computer":"Server002","Security":{"@UserID":"S-1-5-18"}},"EventData":{"Data":{"@Name":"BootMenuPolicy","#text":"1"}}}}
{"Event":{"System":{"Provider":{"@Name":"Microsoft-Windows-Kernel-Boot","@Guid":"15ca44ff-4d7a-4baa-bba5-0998955e531e"},"EventID":"27","Version":"1","Level":"4","Task":"33","Opcode":"0","Keywords":"100","TimeCreated":{"@SystemTime":"2025-04-30 10:09:21.2275041"},"EventRecordID":"5400","Correlation":null,"Execution":{"@ProcessID":"4","@ThreadID":"8"},"Channel":"System","Computer":"Server002","Security":{"@UserID":"S-1-5-18"}},"EventData":{"Data":[{"@Name":"BootType","#text":"0"},{"@Name":"LoadOptions","#text":" NOEXECUTE=OPTIN"}]}}}
{"Event":{"System":{"Provider":{"@Name":"Microsoft-Windows-Kernel-Boot","@Guid":"15ca44ff-4d7a-4baa-bba5-0998955e531e"},"EventID":"18","Version":"0","Level":"4","Task":"57","Opcode":"0","Keywords":"100","TimeCreated":{"@SystemTime":"2025-04-30 10:09:21.2275085"},"EventRecordID":"5401","Correlation":null,"Execution":{"@ProcessID":"4","@ThreadID":"8"},"Channel":"System","Computer":"Server002","Security":{"@UserID":"S-1-5-18"}},"EventData":{"Data":{"@Name":"EntryCount","#text":"1"}}}}
