{"Event":{"System":{"Provider":{"@Name":"Microsoft-Windows-Sysmon","@Guid":"5770385f-c22a-43e0-bf4c-06f5698ffbd9"},"EventID":"1","Version":"5","Level":"4","Task":"1","Opcode":"0","Keywords":"100","TimeCreated":{"@SystemTime":"2025-05-03 09:59:13.8949075"},"EventRecordID":"63253","Correlation":null,"Execution":{"@ProcessID":"2488","@ThreadID":"4156"},"Channel":"Microsoft-Windows-Sysmon/Operational","Computer":"Server002","Security":{"@UserID":"S-1-5-18"}},"EventData":{"Data":[{"@Name":"RuleName","#text":"-"},{"@Name":"UtcTime","#text":"2025-05-03 09:59:13.552"},{"@Name":"ProcessGuid","#text":"dbf410b3-e8f1-6815-ea06-000000004500"},{"@Name":"ProcessId","#text":"13676"},{"@Name":"Image","#text":"C:\Windows\System32\svchost.exe"},{"@Name":"FileVersion","#text":"10.0.19041.4355 (WinBuild.160101.0800)"},{"@Name":"Description","#text":"Host Process for Windows Services"},{"@Name":"Product","#text":"Microsoft® Windows® Operating System"},{"@Name":"Company","#text":"Microsoft Corporation"},{"@Name":"OriginalFileName","#text":"svchost.exe"},{"@Name":"CommandLine","#text":"C:\Windows\System32\svchost.exe -k netsvcs -p -s PushToInstall"},{"@Name":"CurrentDirectory","#text":"C:\Windows\system32\"},{"@Name":"User","#text":"NT AUTHORITY\SYSTEM"},{"@Name":"LogonGuid","#text":"dbf410b3-a39d-6814-e703-000000000000"},{"@Name":"LogonId","#text":"0x3E7"},{"@Name":"TerminalSessionId","#text":"0"},{"@Name":"IntegrityLevel","#text":"System"},{"@Name":"Hashes","#text":"SHA256=6FC3BF1FDFD76860BE782554F8D25BD32F108DB934D70F4253F1E5F23522E503"},{"@Name":"ParentProcessGuid","#text":"dbf410b3-a39d-6814-0b00-000000004500"},{"@Name":"ParentProcessId","#text":"676"},{"@Name":"ParentImage","#text":"C:\Windows\System32\services.exe"},{"@Name":"ParentCommandLine","#text":"C:\Windows\system32\services.exe"},{"@Name":"ParentUser","#text":"NT AUTHORITY\SYSTEM"}]}}}
{"Event":{"System":{"Provider":{"@Name":"Microsoft-Windows-Sysmon","@Guid":"5770385f-c22a-43e0-bf4c-06f5698ffbd9"},"EventID":"5","Version":"3","Level":"4","Task":"5","Opcode":"0","Keywords":"100","TimeCreated":{"@SystemTime":"2025-05-03 09:59:17.6876874"},"EventRecordID":"63254","Correlation":null,"Execution":{"@ProcessID":"2488","@ThreadID":"4156"},"Channel":"Microsoft-Windows-Sysmon/Operational","Computer":"Server002","Security":{"@UserID":"S-1-5-18"}},"EventData":{"Data":[{"@Name":"RuleName","#text":"-"},{"@Name":"UtcTime","#text":"2025-05-03 09:59:17.559"},{"@Name":"ProcessGuid","#text":"dbf410b3-e8df-6815-e706-000000004500"},{"@Name":"ProcessId","#text":"12484"},{"@Name":"Image","#text":"C:\Windows\System32\backgroundTaskHost.exe"},{"@Name":"User","#text":"SERVER002\lplui"}]}}}
{"Event":{"System":{"Provider":{"@Name":"Microsoft-Windows-Sysmon","@Guid":"5770385f-c22a-43e0-bf4c-06f5698ffbd9"},"EventID":"1","Version":"5","Level":"4","Task":"1","Opcode":"0","Keywords":"100","TimeCreated":{"@SystemTime":"2025-05-03 09:59:18.2172893"},"EventRecordID":"63255","Correlation":null,"Execution":{"@ProcessID":"2488","@ThreadID":"4156"},"Channel":"Microsoft-Windows-Sysmon/Operational","Computer":"Server002","Security":{"@UserID":"S-1-5-18"}},"EventData":{"Data":[{"@Name":"RuleName","#text":"-"},{"@Name":"UtcTime","#text":"2025-05-03 09:59:18.129"},{"@Name":"ProcessGuid","#text":"dbf410b3-e8f6-6815-eb06-000000004500"},{"@Name":"ProcessId","#text":"13828"},{"@Name":"Image","#text":"C:\Program Files\BraveSoftware\Brave-Browser\Application\brave.exe"},{"@Name":"FileVersion","#text":"136.1.78.94"},{"@Name":"Description","#text":"Brave Browser"},{"@Name":"Product","#text":"Brave Browser"},{"@Name":"Company","#text":"Brave Software, Inc."},{"@Name":"OriginalFileName","#text":"brave.exe"},{"@Name":"CommandLine","#text":"\"C:\Program Files\BraveSoftware\Brave-Browser\Application\brave.exe\" --type=utility --utility-sub-type=patch.mojom.FilePatcher --lang=en-GB --service-sandbox-type=service --field-trial-handle=2152,i,414383358165923903,7500814195527958954,262144 --variations-seed-version=main@c7badf07d553100a28da9722517041a2bb170f8e --mojo-platform-channel-handle=7840 /prefetch:8"},{"@Name":"CurrentDirectory","#text":"C:\Program Files\BraveSoftware\Brave-Browser\Application\136.1.78.94\"},{"@Name":"User","#text":"SERVER002\lplui"},{"@Name":"LogonGuid","#text":"dbf410b3-8789-6814-3797-030000000000"},{"@Name":"LogonId","#text":"0x39737"},{"@Name":"TerminalSessionId","#text":"1"},{"@Name":"IntegrityLevel","#text":"Low"},{"@Name":"Hashes","#text":"SHA256=D9D8ACF4DBC502F6B39E3EEB58F0862458D324606B187518AFADEAD80D87F936"},{"@Name":"ParentProcessGuid","#text":"dbf410b3-d99b-6814-2702-000000004500"},{"@Name":"ParentProcessId","#text":"5960"},{"@Name":"ParentImage","#text":"C:\Program Files\BraveSoftware\Brave-Browser\Application\brave.exe"},{"@Name":"ParentCommandLine","#text":"\"C:\Program Files\BraveSoftware\Brave-Browser\Application\brave.exe\" --disable-domain-reliability --enable-dom-distiller --enable-distillability-service --origin-trial-public-key=bYUKPJoPnCxeNvu72j4EmPuK7tr1PAC7SHh8ld9Mw3E=,fMS4mpO6buLQ/QMd+zJmxzty/VQ6B1EUZqoCU04zoRU= --lso-url=https://no-thanks.invalid --sync-url=https://sync-v2.brave.com/v2 --variations-server-url=https://variations.brave.com/seed --variations-insecure-server-url=https://variations.brave.com/seed --flag-switches-begin --flag-switches-end --component-updater=url-source=https://go-updater.brave.com/extensions"},{"@Name":"ParentUser","#text":"SERVER002\lplui"}]}}}
{"Event":{"System":{"Provider":{"@Name":"Microsoft-Windows-Sysmon","@Guid":"5770385f-c22a-43e0-bf4c-06f5698ffbd9"},"EventID":"1","Version":"5","Level":"4","Task":"1","Opcode":"0","Keywords":"100","TimeCreated":{"@SystemTime":"2025-05-03 09:59:19.9372474"},"EventRecordID":"63256","Correlation":null,"Execution":{"@ProcessID":"2488","@ThreadID":"4156"},"Channel":"Microsoft-Windows-Sysmon/Operational","Computer":"Server002","Security":{"@UserID":"S-1-5-18"}},"EventData":{"Data":[{"@Name":"RuleName","#text":"-"},{"@Name":"UtcTime","#text":"2025-05-03 09:59:19.881"},{"@Name":"ProcessGuid","#text":"dbf410b3-e8f7-6815-ec06-000000004500"},{"@Name":"ProcessId","#text":"13892"},{"@Name":"Image","#text":"C:\Windows\System32\backgroundTaskHost.exe"},{"@Name":"FileVersion","#text":"10.0.19041.3636 (WinBuild.160101.0800)"},{"@Name":"Description","#text":"Background Task Host"},{"@Name":"Product","#text":"Microsoft® Windows® Operating System"},{"@Name":"Company","#text":"Microsoft Corporation"},{"@Name":"OriginalFileName","#text":"backgroundTaskHost.exe"},{"@Name":"CommandLine","#text":"\"C:\Windows\system32\BackgroundTaskHost.exe\" -ServerName:BackgroundTaskHost.WebAccountProvider"},{"@Name":"CurrentDirectory","#text":"C:\Windows\SystemApps\Microsoft.AAD.BrokerPlugin_cw5n1h2txyewy\"},{"@Name":"User","#text":"SERVER002\lplui"},{"@Name":"LogonGuid","#text":"dbf410b3-8789-6814-3797-030000000000"},{"@Name":"LogonId","#text":"0x39737"},{"@Name":"TerminalSessionId","#text":"1"},{"@Name":"IntegrityLevel","#text":"AppContainer"},{"@Name":"Hashes","#text":"SHA256=7077CBF56490C86FC74C0CC6C0379AB679F06A066E71906AD23458F664836449"},{"@Name":"ParentProcessGuid","#text":"dbf410b3-a39e-6814-0d00-000000004500"},{"@Name":"ParentProcessId","#text":"800"},{"@Name":"ParentImage","#text":"C:\Windows\System32\svchost.exe"},{"@Name":"ParentCommandLine","#text":"C:\Windows\system32\svchost.exe -k DcomLaunch -p"},{"@Name":"ParentUser","#text":"NT AUTHORITY\SYSTEM"}]}}}
{"Event":{"System":{"Provider":{"@Name":"Microsoft-Windows-Sysmon","@Guid":"5770385f-c22a-43e0-bf4c-06f5698ffbd9"},"EventID":"1","Version":"5","Level":"4","Task":"1","Opcode":"0","Keywords":"100","TimeCreated":{"@SystemTime":"2025-05-03 09:59:20.1993946"},"EventRecordID":"63257","Correlation":null,"Execution":{"@ProcessID":"2488","@ThreadID":"4156"},"Channel":"Microsoft-Windows-Sysmon/Operational","Computer":"Server002","Security":{"@UserID":"S-1-5-18"}},"EventData":{"Data":[{"@Name":"RuleName","#text":"-"},{"@Name":"UtcTime","#text":"2025-05-03 09:59:20.090"},{"@Name":"ProcessGuid","#text":"dbf410b3-e8f8-6815-ed06-000000004500"},{"@Name":"ProcessId","#text":"13904"},{"@Name":"Image","#text":"C:\Windows\System32\mmc.exe"},{"@Name":"FileVersion","#text":"10.0.19041.5737 (WinBuild.160101.0800)"},{"@Name":"Description","#text":"Microsoft Management Console"},{"@Name":"Product","#text":"Microsoft® Windows® Operating System"},{"@Name":"Company","#text":"Microsoft Corporation"},{"@Name":"OriginalFileName","#text":"mmc.exe"},{"@Name":"CommandLine","#text":"\"C:\Windows\system32\mmc.exe\" \"C:\Windows\system32\eventvwr.msc\" /s"},{"@Name":"CurrentDirectory","#text":"C:\Windows\system32\"},{"@Name":"User","#text":"SERVER002\lplui"},{"@Name":"LogonGuid","#text":"dbf410b3-8789-6814-3797-030000000000"},{"@Name":"LogonId","#text":"0x39737"},{"@Name":"TerminalSessionId","#text":"1"},{"@Name":"IntegrityLevel","#text":"Medium"},{"@Name":"Hashes","#text":"SHA256=86DE54017DBADA7F64E311317E1AB2833C44453E9D89F151BB0D196FD7382CB0"},{"@Name":"ParentProcessGuid","#text":"dbf410b3-8791-6814-8200-000000004500"},{"@Name":"ParentProcessId","#text":"6044"},{"@Name":"ParentImage","#text":"C:\Windows\explorer.exe"},{"@Name":"ParentCommandLine","#text":"C:\Windows\Explorer.EXE"},{"@Name":"ParentUser","#text":"SERVER002\lplui"}]}}}
{"Event":{"System":{"Provider":{"@Name":"Microsoft-Windows-Sysmon","@Guid":"5770385f-c22a-43e0-bf4c-06f5698ffbd9"},"EventID":"5","Version":"3","Level":"4","Task":"5","Opcode":"0","Keywords":"100","TimeCreated":{"@SystemTime":"2025-05-03 09:59:20.6313256"},"EventRecordID":"63258","Correlation":null,"Execution":{"@ProcessID":"2488","@ThreadID":"4156"},"Channel":"Microsoft-Windows-Sysmon/Operational","Computer":"Server002","Security":{"@UserID":"S-1-5-18"}},"EventData":{"Data":[{"@Name":"RuleName","#text":"-"},{"@Name":"UtcTime","#text":"2025-05-03 09:59:20.467"},{"@Name":"ProcessGuid","#text":"dbf410b3-e8f8-6815-ed06-000000004500"},{"@Name":"ProcessId","#text":"13904"},{"@Name":"Image","#text":"C:\Windows\System32\mmc.exe"},{"@Name":"User","#text":"SERVER002\lplui"}]}}}
{"Event":{"System":{"Provider":{"@Name":"Microsoft-Windows-Sysmon","@Guid":"5770385f-c22a-43e0-bf4c-06f5698ffbd9"},"EventID":"1","Version":"5","Level":"4","Task":"1","Opcode":"0","Keywords":"100","TimeCreated":{"@SystemTime":"2025-05-03 09:59:21.4296932"},"EventRecordID":"63259","Correlation":null,"Execution":{"@ProcessID":"2488","@ThreadID":"4156"},"Channel":"Microsoft-Windows-Sysmon/Operational","Computer":"Server002","Security":{"@UserID":"S-1-5-18"}},"EventData":{"Data":[{"@Name":"RuleName","#text":"-"},{"@Name":"UtcTime","#text":"2025-05-03 09:59:21.294"},{"@Name":"ProcessGuid","#text":"dbf410b3-e8f9-6815-ee06-000000004500"},{"@Name":"ProcessId","#text":"13992"},{"@Name":"Image","#text":"C:\Windows\System32\consent.exe"},{"@Name":"FileVersion","#text":"10.0.19041.4355 (WinBuild.160101.0800)"},{"@Name":"Description","#text":"Consent UI for administrative applications"},{"@Name":"Product","#text":"Microsoft® Windows® Operating System"},{"@Name":"Company","#text":"Microsoft Corporation"},{"@Name":"OriginalFileName","#text":"consent.exe"},{"@Name":"CommandLine","#text":"consent.exe 64 426 00000274412D8C60"},{"@Name":"CurrentDirectory","#text":"C:\Windows\system32\"},{"@Name":"User","#text":"NT AUTHORITY\SYSTEM"},{"@Name":"LogonGuid","#text":"dbf410b3-a39d-6814-e703-000000000000"},{"@Name":"LogonId","#text":"0x3E7"},{"@Name":"TerminalSessionId","#text":"1"},{"@Name":"IntegrityLevel","#text":"System"},{"@Name":"Hashes","#text":"SHA256=26DE462FC57F7F99CB5105AB6278594B6390F4EC8DAF3CF400DB46EA60538312"},{"@Name":"ParentProcessGuid","#text":"dbf410b3-878e-6814-7100-000000004500"},{"@Name":"ParentProcessId","#text":"64"},{"@Name":"ParentImage","#text":"C:\Windows\System32\svchost.exe"},{"@Name":"ParentCommandLine","#text":"C:\Windows\system32\svchost.exe -k netsvcs -p -s Appinfo"},{"@Name":"ParentUser","#text":"NT AUTHORITY\SYSTEM"}]}}}
{"Event":{"System":{"Provider":{"@Name":"Microsoft-Windows-Sysmon","@Guid":"5770385f-c22a-43e0-bf4c-06f5698ffbd9"},"EventID":"1","Version":"5","Level":"4","Task":"1","Opcode":"0","Keywords":"100","TimeCreated":{"@SystemTime":"2025-05-03 09:59:22.7995295"},"EventRecordID":"63260","Correlation":null,"Execution":{"@ProcessID":"2488","@ThreadID":"4156"},"Channel":"Microsoft-Windows-Sysmon/Operational","Computer":"Server002","Security":{"@UserID":"S-1-5-18"}},"EventData":{"Data":[{"@Name":"RuleName","#text":"-"},{"@Name":"UtcTime","#text":"2025-05-03 09:59:22.706"},{"@Name":"ProcessGuid","#text":"dbf410b3-e8fa-6815-ef06-000000004500"},{"@Name":"ProcessId","#text":"14020"},{"@Name":"Image","#text":"C:\Windows\System32\SppExtComObj.Exe"},{"@Name":"FileVersion","#text":"10.0.19041.5737 (WinBuild.160101.0800)"},{"@Name":"Description","#text":"KMS Connection Broker"},{"@Name":"Product","#text":"Microsoft® Windows® Operating System"},{"@Name":"Company","#text":"Microsoft Corporation"},{"@Name":"OriginalFileName","#text":"SppExtComObj.exe"},{"@Name":"CommandLine","#text":"C:\Windows\system32\SppExtComObj.exe -Embedding"},{"@Name":"CurrentDirectory","#text":"C:\Windows\system32\"},{"@Name":"User","#text":"NT AUTHORITY\NETWORK SERVICE"},{"@Name":"LogonGuid","#text":"dbf410b3-a39f-6814-e403-000000000000"},{"@Name":"LogonId","#text":"0x3E4"},{"@Name":"TerminalSessionId","#text":"0"},{"@Name":"IntegrityLevel","#text":"System"},{"@Name":"Hashes","#text":"SHA256=EA1C41E13C5535102F86D97BB349052230FE4D952CC36ECC2689F770A14EDFF7"},{"@Name":"ParentProcessGuid","#text":"dbf410b3-a39e-6814-0d00-000000004500"},{"@Name":"ParentProcessId","#text":"800"},{"@Name":"ParentImage","#text":"C:\Windows\System32\svchost.exe"},{"@Name":"ParentCommandLine","#text":"C:\Windows\system32\svchost.exe -k DcomLaunch -p"},{"@Name":"ParentUser","#text":"NT AUTHORITY\SYSTEM"}]}}}
{"Event":{"System":{"Provider":{"@Name":"Microsoft-Windows-Sysmon","@Guid":"5770385f-c22a-43e0-bf4c-06f5698ffbd9"},"EventID":"1","Version":"5","Level":"4","Task":"1","Opcode":"0","Keywords":"100","TimeCreated":{"@SystemTime":"2025-05-03 09:59:26.7305198"},"EventRecordID":"63261","Correlation":null,"Execution":{"@ProcessID":"2488","@ThreadID":"4156"},"Channel":"Microsoft-Windows-Sysmon/Operational","Computer":"Server002","Security":{"@UserID":"S-1-5-18"}},"EventData":{"Data":[{"@Name":"RuleName","#text":"-"},{"@Name":"UtcTime","#text":"2025-05-03 09:59:26.656"},{"@Name":"ProcessGuid","#text":"dbf410b3-e8fe-6815-f006-000000004500"},{"@Name":"ProcessId","#text":"14200"},{"@Name":"Image","#text":"C:\Windows\System32\slui.exe"},{"@Name":"FileVersion","#text":"10.0.19041.5072 (WinBuild.160101.0800)"},{"@Name":"Description","#text":"Windows Activation Client"},{"@Name":"Product","#text":"Microsoft® Windows® Operating System"},{"@Name":"Company","#text":"Microsoft Corporation"},{"@Name":"OriginalFileName","#text":"slui.exe"},{"@Name":"CommandLine","#text":"\"C:\Windows\System32\SLUI.exe\" RuleId=1;Action=AutoActivate;AppId=1;SkuId=1;NotificationInterval=1440;Trigger=NetworkAvailable"},{"@Name":"CurrentDirectory","#text":"C:\Windows\system32\"},{"@Name":"User","#text":"NT AUTHORITY\NETWORK SERVICE"},{"@Name":"LogonGuid","#text":"dbf410b3-a39f-6814-e403-000000000000"},{"@Name":"LogonId","#text":"0x3E4"},{"@Name":"TerminalSessionId","#text":"0"},{"@Name":"IntegrityLevel","#text":"System"},{"@Name":"Hashes","#text":"SHA256=4BFC794FAD51B9BAA675C81B6B51BB982D3F803323196EBBC8FD5F16359F4B52"},{"@Name":"ParentProcessGuid","#text":"dbf410b3-e8fa-6815-ef06-000000004500"},{"@Name":"ParentProcessId","#text":"14020"},{"@Name":"ParentImage","#text":"C:\Windows\System32\SppExtComObj.Exe"},{"@Name":"ParentCommandLine","#text":"C:\Windows\system32\SppExtComObj.exe -Embedding"},{"@Name":"ParentUser","#text":"NT AUTHORITY\NETWORK SERVICE"}]}}}
{"Event":{"System":{"Provider":{"@Name":"Microsoft-Windows-Sysmon","@Guid":"5770385f-c22a-43e0-bf4c-06f5698ffbd9"},"EventID":"1","Version":"5","Level":"4","Task":"1","Opcode":"0","Keywords":"100","TimeCreated":{"@SystemTime":"2025-05-03 09:59:28.8941592"},"EventRecordID":"63262","Correlation":null,"Execution":{"@ProcessID":"2488","@ThreadID":"4156"},"Channel":"Microsoft-Windows-Sysmon/Operational","Computer":"Server002","Security":{"@UserID":"S-1-5-18"}},"EventData":{"Data":[{"@Name":"RuleName","#text":"-"},{"@Name":"UtcTime","#text":"2025-05-03 09:59:28.722"},{"@Name":"ProcessGuid","#text":"dbf410b3-e900-6815-f106-000000004500"},{"@Name":"ProcessId","#text":"1552"},{"@Name":"Image","#text":"C:\Windows\System32\dllhost.exe"},{"@Name":"FileVersion","#text":"10.0.19041.3636 (WinBuild.160101.0800)"},{"@Name":"Description","#text":"COM Surrogate"},{"@Name":"Product","#text":"Microsoft® Windows® Operating System"},{"@Name":"Company","#text":"Microsoft Corporation"},{"@Name":"OriginalFileName","#text":"dllhost.exe"},{"@Name":"CommandLine","#text":"C:\Windows\system32\DllHost.exe /Processid:{AB8902B4-09CA-4BB6-B78D-A8F59079A8D5}"},{"@Name":"CurrentDirectory","#text":"C:\Windows\system32\"},{"@Name":"User","#text":"SERVER002\lplui"},{"@Name":"LogonGuid","#text":"dbf410b3-8789-6814-3797-030000000000"},{"@Name":"LogonId","#text":"0x39737"},{"@Name":"TerminalSessionId","#text":"1"},{"@Name":"IntegrityLevel","#text":"Medium"},{"@Name":"Hashes","#text":"SHA256=0309834D40475CCD5A88C48F7FF5EC62E5C6798900357DD83665C3D0345124E0"},{"@Name":"ParentProcessGuid","#text":"dbf410b3-a39e-6814-0d00-000000004500"},{"@Name":"ParentProcessId","#text":"800"},{"@Name":"ParentImage","#text":"C:\Windows\System32\svchost.exe"},{"@Name":"ParentCommandLine","#text":"C:\Windows\system32\svchost.exe -k DcomLaunch -p"},{"@Name":"ParentUser","#text":"NT AUTHORITY\SYSTEM"}]}}}
{"Event":{"System":{"Provider":{"@Name":"Microsoft-Windows-Sysmon","@Guid":"5770385f-c22a-43e0-bf4c-06f5698ffbd9"},"EventID":"5","Version":"3","Level":"4","Task":"5","Opcode":"0","Keywords":"100","TimeCreated":{"@SystemTime":"2025-05-03 09:59:29.0751632"},"EventRecordID":"63263","Correlation":null,"Execution":{"@ProcessID":"2488","@ThreadID":"4156"},"Channel":"Microsoft-Windows-Sysmon/Operational","Computer":"Server002","Security":{"@UserID":"S-1-5-18"}},"EventData":{"Data":[{"@Name":"RuleName","#text":"-"},{"@Name":"UtcTime","#text":"2025-05-03 09:59:29.070"},{"@Name":"ProcessGuid","#text":"dbf410b3-e8f9-6815-ee06-000000004500"},{"@Name":"ProcessId","#text":"13992"},{"@Name":"Image","#text":"C:\Windows\System32\consent.exe"},{"@Name":"User","#text":"NT AUTHORITY\SYSTEM"}]}}}
{"Event":{"System":{"Provider":{"@Name":"Microsoft-Windows-Sysmon","@Guid":"5770385f-c22a-43e0-bf4c-06f5698ffbd9"},"EventID":"1","Version":"5","Level":"4","Task":"1","Opcode":"0","Keywords":"100","TimeCreated":{"@SystemTime":"2025-05-03 09:59:29.4468977"},"EventRecordID":"63264","Correlation":null,"Execution":{"@ProcessID":"2488","@ThreadID":"4156"},"Channel":"Microsoft-Windows-Sysmon/Operational","Computer":"Server002","Security":{"@UserID":"S-1-5-18"}},"EventData":{"Data":[{"@Name":"RuleName","#text":"-"},{"@Name":"UtcTime","#text":"2025-05-03 09:59:29.377"},{"@Name":"ProcessGuid","#text":"dbf410b3-e901-6815-f206-000000004500"},{"@Name":"ProcessId","#text":"12728"},{"@Name":"Image","#text":"C:\Windows\System32\mmc.exe"},{"@Name":"FileVersion","#text":"10.0.19041.5737 (WinBuild.160101.0800)"},{"@Name":"Description","#text":"Microsoft Management Console"},{"@Name":"Product","#text":"Microsoft® Windows® Operating System"},{"@Name":"Company","#text":"Microsoft Corporation"},{"@Name":"OriginalFileName","#text":"mmc.exe"},{"@Name":"CommandLine","#text":"\"C:\Windows\system32\mmc.exe\" \"C:\Windows\system32\eventvwr.msc\" /s"},{"@Name":"CurrentDirectory","#text":"C:\Windows\system32\"},{"@Name":"User","#text":"SERVER002\lplui"},{"@Name":"LogonGuid","#text":"dbf410b3-8789-6814-c28c-030000000000"},{"@Name":"LogonId","#text":"0x38CC2"},{"@Name":"TerminalSessionId","#text":"1"},{"@Name":"IntegrityLevel","#text":"High"},{"@Name":"Hashes","#text":"SHA256=86DE54017DBADA7F64E311317E1AB2833C44453E9D89F151BB0D196FD7382CB0"},{"@Name":"ParentProcessGuid","#text":"dbf410b3-8791-6814-8200-000000004500"},{"@Name":"ParentProcessId","#text":"6044"},{"@Name":"ParentImage","#text":"C:\Windows\explorer.exe"},{"@Name":"ParentCommandLine","#text":"C:\Windows\Explorer.EXE"},{"@Name":"ParentUser","#text":"SERVER002\lplui"}]}}}
{"Event":{"System":{"Provider":{"@Name":"Microsoft-Windows-Sysmon","@Guid":"5770385f-c22a-43e0-bf4c-06f5698ffbd9"},"EventID":"5","Version":"3","Level":"4","Task":"5","Opcode":"0","Keywords":"100","TimeCreated":{"@SystemTime":"2025-05-03 09:59:29.7721700"},"EventRecordID":"63265","Correlation":null,"Execution":{"@ProcessID":"2488","@ThreadID":"4156"},"Channel":"Microsoft-Windows-Sysmon/Operational","Computer":"Server002","Security":{"@UserID":"S-1-5-18"}},"EventData":{"Data":[{"@Name":"RuleName","#text":"-"},{"@Name":"UtcTime","#text":"2025-05-03 09:59:29.757"},{"@Name":"ProcessGuid","#text":"dbf410b3-e8af-6815-c106-000000004500"},{"@Name":"ProcessId","#text":"5072"},{"@Name":"Image","#text":"C:\Windows\System32\sc.exe"},{"@Name":"User","#text":"NT AUTHORITY\SYSTEM"}]}}}
{"Event":{"System":{"Provider":{"@Name":"Microsoft-Windows-Sysmon","@Guid":"5770385f-c22a-43e0-bf4c-06f5698ffbd9"},"EventID":"5","Version":"3","Level":"4","Task":"5","Opcode":"0","Keywords":"100","TimeCreated":{"@SystemTime":"2025-05-03 09:59:31.2302936"},"EventRecordID":"63266","Correlation":null,"Execution":{"@ProcessID":"2488","@ThreadID":"4156"},"Channel":"Microsoft-Windows-Sysmon/Operational","Computer":"Server002","Security":{"@UserID":"S-1-5-18"}},"EventData":{"Data":[{"@Name":"RuleName","#text":"-"},{"@Name":"UtcTime","#text":"2025-05-03 09:59:31.019"},{"@Name":"ProcessGuid","#text":"dbf410b3-e8f7-6815-ec06-000000004500"},{"@Name":"ProcessId","#text":"13892"},{"@Name":"Image","#text":"C:\Windows\System32\backgroundTaskHost.exe"},{"@Name":"User","#text":"SERVER002\lplui"}]}}}
{"Event":{"System":{"Provider":{"@Name":"Microsoft-Windows-Sysmon","@Guid":"5770385f-c22a-43e0-bf4c-06f5698ffbd9"},"EventID":"5","Version":"3","Level":"4","Task":"5","Opcode":"0","Keywords":"100","TimeCreated":{"@SystemTime":"2025-05-03 09:59:33.5462146"},"EventRecordID":"63267","Correlation":null,"Execution":{"@ProcessID":"2488","@ThreadID":"4156"},"Channel":"Microsoft-Windows-Sysmon/Operational","Computer":"Server002","Security":{"@UserID":"S-1-5-18"}},"EventData":{"Data":[{"@Name":"RuleName","#text":"-"},{"@Name":"UtcTime","#text":"2025-05-03 09:59:33.482"},{"@Name":"ProcessGuid","#text":"dbf410b3-e8b1-6815-c506-000000004500"},{"@Name":"ProcessId","#text":"10220"},{"@Name":"Image","#text":"C:\Windows\System32\taskhostw.exe"},{"@Name":"User","#text":"NT AUTHORITY\NETWORK SERVICE"}]}}}
{"Event":{"System":{"Provider":{"@Name":"Microsoft-Windows-Sysmon","@Guid":"5770385f-c22a-43e0-bf4c-06f5698ffbd9"},"EventID":"5","Version":"3","Level":"4","Task":"5","Opcode":"0","Keywords":"100","TimeCreated":{"@SystemTime":"2025-05-03 09:59:34.5505021"},"EventRecordID":"63268","Correlation":null,"Execution":{"@ProcessID":"2488","@ThreadID":"4156"},"Channel":"Microsoft-Windows-Sysmon/Operational","Computer":"Server002","Security":{"@UserID":"S-1-5-18"}},"EventData":{"Data":[{"@Name":"RuleName","#text":"-"},{"@Name":"UtcTime","#text":"2025-05-03 09:59:34.484"},{"@Name":"ProcessGuid","#text":"dbf410b3-e900-6815-f106-000000004500"},{"@Name":"ProcessId","#text":"1552"},{"@Name":"Image","#text":"C:\Windows\System32\dllhost.exe"},{"@Name":"User","#text":"SERVER002\lplui"}]}}}
{"Event":{"System":{"Provider":{"@Name":"Microsoft-Windows-Sysmon","@Guid":"5770385f-c22a-43e0-bf4c-06f5698ffbd9"},"EventID":"5","Version":"3","Level":"4","Task":"5","Opcode":"0","Keywords":"100","TimeCreated":{"@SystemTime":"2025-05-03 09:59:35.9854766"},"EventRecordID":"63269","Correlation":null,"Execution":{"@ProcessID":"2488","@ThreadID":"4156"},"Channel":"Microsoft-Windows-Sysmon/Operational","Computer":"Server002","Security":{"@UserID":"S-1-5-18"}},"EventData":{"Data":[{"@Name":"RuleName","#text":"-"},{"@Name":"UtcTime","#text":"2025-05-03 09:59:35.893"},{"@Name":"ProcessGuid","#text":"dbf410b3-e8f1-6815-ea06-000000004500"},{"@Name":"ProcessId","#text":"13676"},{"@Name":"Image","#text":"C:\Windows\System32\svchost.exe"},{"@Name":"User","#text":"NT AUTHORITY\SYSTEM"}]}}}
{"Event":{"System":{"Provider":{"@Name":"Microsoft-Windows-Sysmon","@Guid":"5770385f-c22a-43e0-bf4c-06f5698ffbd9"},"EventID":"1","Version":"5","Level":"4","Task":"1","Opcode":"0","Keywords":"100","TimeCreated":{"@SystemTime":"2025-05-03 09:59:37.0529986"},"EventRecordID":"63270","Correlation":null,"Execution":{"@ProcessID":"2488","@ThreadID":"4156"},"Channel":"Microsoft-Windows-Sysmon/Operational","Computer":"Server002","Security":{"@UserID":"S-1-5-18"}},"EventData":{"Data":[{"@Name":"RuleName","#text":"-"},{"@Name":"UtcTime","#text":"2025-05-03 09:59:37.012"},{"@Name":"ProcessGuid","#text":"dbf410b3-e909-6815-f306-000000004500"},{"@Name":"ProcessId","#text":"14060"},{"@Name":"Image","#text":"C:\Windows\System32\RuntimeBroker.exe"},{"@Name":"FileVersion","#text":"10.0.19041.4355 (WinBuild.160101.0800)"},{"@Name":"Description","#text":"Runtime Broker"},{"@Name":"Product","#text":"Microsoft® Windows® Operating System"},{"@Name":"Company","#text":"Microsoft Corporation"},{"@Name":"OriginalFileName","#text":"RuntimeBroker.exe"},{"@Name":"CommandLine","#text":"C:\Windows\System32\RuntimeBroker.exe -Embedding"},{"@Name":"CurrentDirectory","#text":"C:\Windows\system32\"},{"@Name":"User","#text":"SERVER002\lplui"},{"@Name":"LogonGuid","#text":"dbf410b3-8789-6814-3797-030000000000"},{"@Name":"LogonId","#text":"0x39737"},{"@Name":"TerminalSessionId","#text":"1"},{"@Name":"IntegrityLevel","#text":"Medium"},{"@Name":"Hashes","#text":"SHA256=579DFCED8F02A7E1E6E8DF10C400117D3127EAD7231776A1E467EB507261E920"},{"@Name":"ParentProcessGuid","#text":"dbf410b3-a39e-6814-0d00-000000004500"},{"@Name":"ParentProcessId","#text":"800"},{"@Name":"ParentImage","#text":"C:\Windows\System32\svchost.exe"},{"@Name":"ParentCommandLine","#text":"C:\Windows\system32\svchost.exe -k DcomLaunch -p"},{"@Name":"ParentUser","#text":"NT AUTHORITY\SYSTEM"}]}}}
{"Event":{"System":{"Provider":{"@Name":"Microsoft-Windows-Sysmon","@Guid":"5770385f-c22a-43e0-bf4c-06f5698ffbd9"},"EventID":"5","Version":"3","Level":"4","Task":"5","Opcode":"0","Keywords":"100","TimeCreated":{"@SystemTime":"2025-05-03 09:59:37.7540502"},"EventRecordID":"63271","Correlation":null,"Execution":{"@ProcessID":"2488","@ThreadID":"4156"},"Channel":"Microsoft-Windows-Sysmon/Operational","Computer":"Server002","Security":{"@UserID":"S-1-5-18"}},"EventData":{"Data":[{"@Name":"RuleName","#text":"-"},{"@Name":"UtcTime","#text":"2025-05-03 09:59:37.738"},{"@Name":"ProcessGuid","#text":"dbf410b3-e8fe-6815-f006-000000004500"},{"@Name":"ProcessId","#text":"14200"},{"@Name":"Image","#text":"C:\Windows\System32\slui.exe"},{"@Name":"User","#text":"NT AUTHORITY\NETWORK SERVICE"}]}}}
{"Event":{"System":{"Provider":{"@Name":"Microsoft-Windows-Sysmon","@Guid":"5770385f-c22a-43e0-bf4c-06f5698ffbd9"},"EventID":"1","Version":"5","Level":"4","Task":"1","Opcode":"0","Keywords":"100","TimeCreated":{"@SystemTime":"2025-05-03 09:59:38.1562014"},"EventRecordID":"63272","Correlation":null,"Execution":{"@ProcessID":"2488","@ThreadID":"4156"},"Channel":"Microsoft-Windows-Sysmon/Operational","Computer":"Server002","Security":{"@UserID":"S-1-5-18"}},"EventData":{"Data":[{"@Name":"RuleName","#text":"-"},{"@Name":"UtcTime","#text":"2025-05-03 09:59:37.805"},{"@Name":"ProcessGuid","#text":"dbf410b3-e909-6815-f406-000000004500"},{"@Name":"ProcessId","#text":"11764"},{"@Name":"Image","#text":"C:\Windows\System32\backgroundTaskHost.exe"},{"@Name":"FileVersion","#text":"10.0.19041.3636 (WinBuild.160101.0800)"},{"@Name":"Description","#text":"Background Task Host"},{"@Name":"Product","#text":"Microsoft® Windows® Operating System"},{"@Name":"Company","#text":"Microsoft Corporation"},{"@Name":"OriginalFileName","#text":"backgroundTaskHost.exe"},{"@Name":"CommandLine","#text":"\"C:\Windows\system32\BackgroundTaskHost.exe\" -ServerName:BackgroundTaskHost.WebAccountProvider"},{"@Name":"CurrentDirectory","#text":"C:\Windows\SystemApps\Microsoft.AAD.BrokerPlugin_cw5n1h2txyewy\"},{"@Name":"User","#text":"SERVER002\lplui"},{"@Name":"LogonGuid","#text":"dbf410b3-8789-6814-3797-030000000000"},{"@Name":"LogonId","#text":"0x39737"},{"@Name":"TerminalSessionId","#text":"1"},{"@Name":"IntegrityLevel","#text":"AppContainer"},{"@Name":"Hashes","#text":"SHA256=7077CBF56490C86FC74C0CC6C0379AB679F06A066E71906AD23458F664836449"},{"@Name":"ParentProcessGuid","#text":"dbf410b3-a39e-6814-0d00-000000004500"},{"@Name":"ParentProcessId","#text":"800"},{"@Name":"ParentImage","#text":"C:\Windows\System32\svchost.exe"},{"@Name":"ParentCommandLine","#text":"C:\Windows\system32\svchost.exe -k DcomLaunch -p"},{"@Name":"ParentUser","#text":"NT AUTHORITY\SYSTEM"}]}}}
{"Event":{"System":{"Provider":{"@Name":"Microsoft-Windows-Sysmon","@Guid":"5770385f-c22a-43e0-bf4c-06f5698ffbd9"},"EventID":"1","Version":"5","Level":"4","Task":"1","Opcode":"0","Keywords":"100","TimeCreated":{"@SystemTime":"2025-05-03 09:59:38.5679693"},"EventRecordID":"63273","Correlation":null,"Execution":{"@ProcessID":"2488","@ThreadID":"4156"},"Channel":"Microsoft-Windows-Sysmon/Operational","Computer":"Server002","Security":{"@UserID":"S-1-5-18"}},"EventData":{"Data":[{"@Name":"RuleName","#text":"-"},{"@Name":"UtcTime","#text":"2025-05-03 09:59:38.254"},{"@Name":"ProcessGuid","#text":"dbf410b3-e90a-6815-f506-000000004500"},{"@Name":"ProcessId","#text":"14288"},{"@Name":"Image","#text":"C:\Program Files (x86)\BraveSoftware\Update\BraveUpdate.exe"},{"@Name":"FileVersion","#text":"1.3.361.151"},{"@Name":"Description","#text":"BraveSoftware Update"},{"@Name":"Product","#text":"BraveSoftware Update"},{"@Name":"Company","#text":"BraveSoftware Inc."},{"@Name":"OriginalFileName","#text":"BraveUpdate.exe"},{"@Name":"CommandLine","#text":"\"C:\Program Files (x86)\BraveSoftware\Update\BraveUpdate.exe\" /svc"},{"@Name":"CurrentDirectory","#text":"C:\Windows\system32\"},{"@Name":"User","#text":"NT AUTHORITY\SYSTEM"},{"@Name":"LogonGuid","#text":"dbf410b3-a39d-6814-e703-000000000000"},{"@Name":"LogonId","#text":"0x3E7"},{"@Name":"TerminalSessionId","#text":"0"},{"@Name":"IntegrityLevel","#text":"System"},{"@Name":"Hashes","#text":"SHA256=3BE579BF1AC4C97EF571F022FF123E212CC5F1CA1575BF656C2E4C5A637B99DE"},{"@Name":"ParentProcessGuid","#text":"dbf410b3-a39d-6814-0b00-000000004500"},{"@Name":"ParentProcessId","#text":"676"},{"@Name":"ParentImage","#text":"C:\Windows\System32\services.exe"},{"@Name":"ParentCommandLine","#text":"C:\Windows\system32\services.exe"},{"@Name":"ParentUser","#text":"NT AUTHORITY\SYSTEM"}]}}}
{"Event":{"System":{"Provider":{"@Name":"Microsoft-Windows-Sysmon","@Guid":"5770385f-c22a-43e0-bf4c-06f5698ffbd9"},"EventID":"1","Version":"5","Level":"4","Task":"1","Opcode":"0","Keywords":"100","TimeCreated":{"@SystemTime":"2025-05-03 09:59:40.1239472"},"EventRecordID":"63274","Correlation":null,"Execution":{"@ProcessID":"2488","@ThreadID":"4156"},"Channel":"Microsoft-Windows-Sysmon/Operational","Computer":"Server002","Security":{"@UserID":"S-1-5-18"}},"EventData":{"Data":[{"@Name":"RuleName","#text":"-"},{"@Name":"UtcTime","#text":"2025-05-03 09:59:40.087"},{"@Name":"ProcessGuid","#text":"dbf410b3-e90c-6815-f606-000000004500"},{"@Name":"ProcessId","#text":"14000"},{"@Name":"Image","#text":"C:\Windows\System32\RuntimeBroker.exe"},{"@Name":"FileVersion","#text":"10.0.19041.4355 (WinBuild.160101.0800)"},{"@Name":"Description","#text":"Runtime Broker"},{"@Name":"Product","#text":"Microsoft® Windows® Operating System"},{"@Name":"Company","#text":"Microsoft Corporation"},{"@Name":"OriginalFileName","#text":"RuntimeBroker.exe"},{"@Name":"CommandLine","#text":"C:\Windows\System32\RuntimeBroker.exe -Embedding"},{"@Name":"CurrentDirectory","#text":"C:\Windows\system32\"},{"@Name":"User","#text":"SERVER002\lplui"},{"@Name":"LogonGuid","#text":"dbf410b3-8789-6814-3797-030000000000"},{"@Name":"LogonId","#text":"0x39737"},{"@Name":"TerminalSessionId","#text":"1"},{"@Name":"IntegrityLevel","#text":"Medium"},{"@Name":"Hashes","#text":"SHA256=579DFCED8F02A7E1E6E8DF10C400117D3127EAD7231776A1E467EB507261E920"},{"@Name":"ParentProcessGuid","#text":"dbf410b3-a39e-6814-0d00-000000004500"},{"@Name":"ParentProcessId","#text":"800"},{"@Name":"ParentImage","#text":"C:\Windows\System32\svchost.exe"},{"@Name":"ParentCommandLine","#text":"C:\Windows\system32\svchost.exe -k DcomLaunch -p"},{"@Name":"ParentUser","#text":"NT AUTHORITY\SYSTEM"}]}}}
{"Event":{"System":{"Provider":{"@Name":"Microsoft-Windows-Sysmon","@Guid":"5770385f-c22a-43e0-bf4c-06f5698ffbd9"},"EventID":"5","Version":"3","Level":"4","Task":"5","Opcode":"0","Keywords":"100","TimeCreated":{"@SystemTime":"2025-05-03 09:59:41.4970838"},"EventRecordID":"63275","Correlation":null,"Execution":{"@ProcessID":"2488","@ThreadID":"4156"},"Channel":"Microsoft-Windows-Sysmon/Operational","Computer":"Server002","Security":{"@UserID":"S-1-5-18"}},"EventData":{"Data":[{"@Name":"RuleName","#text":"-"},{"@Name":"UtcTime","#text":"2025-05-03 09:59:41.477"},{"@Name":"ProcessGuid","#text":"dbf410b3-e909-6815-f406-000000004500"},{"@Name":"ProcessId","#text":"11764"},{"@Name":"Image","#text":"C:\Windows\System32\backgroundTaskHost.exe"},{"@Name":"User","#text":"SERVER002\lplui"}]}}}
{"Event":{"System":{"Provider":{"@Name":"Microsoft-Windows-Sysmon","@Guid":"5770385f-c22a-43e0-bf4c-06f5698ffbd9"},"EventID":"5","Version":"3","Level":"4","Task":"5","Opcode":"0","Keywords":"100","TimeCreated":{"@SystemTime":"2025-05-03 09:59:43.7321599"},"EventRecordID":"63276","Correlation":null,"Execution":{"@ProcessID":"2488","@ThreadID":"4156"},"Channel":"Microsoft-Windows-Sysmon/Operational","Computer":"Server002","Security":{"@UserID":"S-1-5-18"}},"EventData":{"Data":[{"@Name":"RuleName","#text":"-"},{"@Name":"UtcTime","#text":"2025-05-03 09:59:43.693"},{"@Name":"ProcessGuid","#text":"dbf410b3-e8af-6815-c206-000000004500"},{"@Name":"ProcessId","#text":"6560"},{"@Name":"Image","#text":"C:\Windows\System32\wermgr.exe"},{"@Name":"User","#text":"NT AUTHORITY\SYSTEM"}]}}}
{"Event":{"System":{"Provider":{"@Name":"Microsoft-Windows-Sysmon","@Guid":"5770385f-c22a-43e0-bf4c-06f5698ffbd9"},"EventID":"5","Version":"3","Level":"4","Task":"5","Opcode":"0","Keywords":"100","TimeCreated":{"@SystemTime":"2025-05-03 09:59:44.4562073"},"EventRecordID":"63277","Correlation":null,"Execution":{"@ProcessID":"2488","@ThreadID":"4156"},"Channel":"Microsoft-Windows-Sysmon/Operational","Computer":"Server002","Security":{"@UserID":"S-1-5-18"}},"EventData":{"Data":[{"@Name":"RuleName","#text":"-"},{"@Name":"UtcTime","#text":"2025-05-03 09:59:44.455"},{"@Name":"ProcessGuid","#text":"dbf410b3-e8b8-6815-cc06-000000004500"},{"@Name":"ProcessId","#text":"5152"},{"@Name":"Image","#text":"C:\Windows\System32\conhost.exe"},{"@Name":"User","#text":"NT AUTHORITY\SYSTEM"}]}}}
{"Event":{"System":{"Provider":{"@Name":"Microsoft-Windows-Sysmon","@Guid":"5770385f-c22a-43e0-bf4c-06f5698ffbd9"},"EventID":"5","Version":"3","Level":"4","Task":"5","Opcode":"0","Keywords":"100","TimeCreated":{"@SystemTime":"2025-05-03 09:59:46.6299472"},"EventRecordID":"63278","Correlation":null,"Execution":{"@ProcessID":"2488","@ThreadID":"4156"},"Channel":"Microsoft-Windows-Sysmon/Operational","Computer":"Server002","Security":{"@UserID":"S-1-5-18"}},"EventData":{"Data":[{"@Name":"RuleName","#text":"-"},{"@Name":"UtcTime","#text":"2025-05-03 09:59:46.621"},{"@Name":"ProcessGuid","#text":"dbf410b3-e8ae-6815-bd06-000000004500"},{"@Name":"ProcessId","#text":"11648"},{"@Name":"Image","#text":"C:\Windows\System32\MoUsoCoreWorker.exe"},{"@Name":"User","#text":"NT AUTHORITY\SYSTEM"}]}}}
{"Event":{"System":{"Provider":{"@Name":"Microsoft-Windows-Sysmon","@Guid":"5770385f-c22a-43e0-bf4c-06f5698ffbd9"},"EventID":"5","Version":"3","Level":"4","Task":"5","Opcode":"0","Keywords":"100","TimeCreated":{"@SystemTime":"2025-05-03 09:59:46.6781771"},"EventRecordID":"63279","Correlation":null,"Execution":{"@ProcessID":"2488","@ThreadID":"4156"},"Channel":"Microsoft-Windows-Sysmon/Operational","Computer":"Server002","Security":{"@UserID":"S-1-5-18"}},"EventData":{"Data":[{"@Name":"RuleName","#text":"-"},{"@Name":"UtcTime","#text":"2025-05-03 09:59:46.671"},{"@Name":"ProcessGuid","#text":"dbf410b3-e8ce-6815-de06-000000004500"},{"@Name":"ProcessId","#text":"11536"},{"@Name":"Image","#text":"C:\Program Files\BraveSoftware\Brave-Browser\Application\brave.exe"},{"@Name":"User","#text":"SERVER002\lplui"}]}}}
{"Event":{"System":{"Provider":{"@Name":"Microsoft-Windows-Sysmon","@Guid":"5770385f-c22a-43e0-bf4c-06f5698ffbd9"},"EventID":"1","Version":"5","Level":"4","Task":"1","Opcode":"0","Keywords":"100","TimeCreated":{"@SystemTime":"2025-05-03 09:59:46.9895056"},"EventRecordID":"63280","Correlation":null,"Execution":{"@ProcessID":"2488","@ThreadID":"4156"},"Channel":"Microsoft-Windows-Sysmon/Operational","Computer":"Server002","Security":{"@UserID":"S-1-5-18"}},"EventData":{"Data":[{"@Name":"RuleName","#text":"-"},{"@Name":"UtcTime","#text":"2025-05-03 09:59:46.977"},{"@Name":"ProcessGuid","#text":"dbf410b3-e912-6815-f706-000000004500"},{"@Name":"ProcessId","#text":"13880"},{"@Name":"Image","#text":"C:\Program Files\BraveSoftware\Brave-Browser\Application\brave.exe"},{"@Name":"FileVersion","#text":"136.1.78.94"},{"@Name":"Description","#text":"Brave Browser"},{"@Name":"Product","#text":"Brave Browser"},{"@Name":"Company","#text":"Brave Software, Inc."},{"@Name":"OriginalFileName","#text":"brave.exe"},{"@Name":"CommandLine","#text":"\"C:\Program Files\BraveSoftware\Brave-Browser\Application\brave.exe\" --type=utility --utility-sub-type=unzip.mojom.Unzipper --lang=en-GB --service-sandbox-type=service --field-trial-handle=2152,i,414383358165923903,7500814195527958954,262144 --variations-seed-version=main@c7badf07d553100a28da9722517041a2bb170f8e --mojo-platform-channel-handle=5928 /prefetch:8"},{"@Name":"CurrentDirectory","#text":"C:\Program Files\BraveSoftware\Brave-Browser\Application\136.1.78.94\"},{"@Name":"User","#text":"SERVER002\lplui"},{"@Name":"LogonGuid","#text":"dbf410b3-8789-6814-3797-030000000000"},{"@Name":"LogonId","#text":"0x39737"},{"@Name":"TerminalSessionId","#text":"1"},{"@Name":"IntegrityLevel","#text":"Low"},{"@Name":"Hashes","#text":"SHA256=D9D8ACF4DBC502F6B39E3EEB58F0862458D324606B187518AFADEAD80D87F936"},{"@Name":"ParentProcessGuid","#text":"dbf410b3-d99b-6814-2702-000000004500"},{"@Name":"ParentProcessId","#text":"5960"},{"@Name":"ParentImage","#text":"C:\Program Files\BraveSoftware\Brave-Browser\Application\brave.exe"},{"@Name":"ParentCommandLine","#text":"\"C:\Program Files\BraveSoftware\Brave-Browser\Application\brave.exe\" --disable-domain-reliability --enable-dom-distiller --enable-distillability-service --origin-trial-public-key=bYUKPJoPnCxeNvu72j4EmPuK7tr1PAC7SHh8ld9Mw3E=,fMS4mpO6buLQ/QMd+zJmxzty/VQ6B1EUZqoCU04zoRU= --lso-url=https://no-thanks.invalid --sync-url=https://sync-v2.brave.com/v2 --variations-server-url=https://variations.brave.com/seed --variations-insecure-server-url=https://variations.brave.com/seed --flag-switches-begin --flag-switches-end --component-updater=url-source=https://go-updater.brave.com/extensions"},{"@Name":"ParentUser","#text":"SERVER002\lplui"}]}}}
{"Event":{"System":{"Provider":{"@Name":"Microsoft-Windows-Sysmon","@Guid":"5770385f-c22a-43e0-bf4c-06f5698ffbd9"},"EventID":"1","Version":"5","Level":"4","Task":"1","Opcode":"0","Keywords":"100","TimeCreated":{"@SystemTime":"2025-05-03 09:59:48.6951622"},"EventRecordID":"63281","Correlation":null,"Execution":{"@ProcessID":"2488","@ThreadID":"4156"},"Channel":"Microsoft-Windows-Sysmon/Operational","Computer":"Server002","Security":{"@UserID":"S-1-5-18"}},"EventData":{"Data":[{"@Name":"RuleName","#text":"-"},{"@Name":"UtcTime","#text":"2025-05-03 09:59:48.681"},{"@Name":"ProcessGuid","#text":"dbf410b3-e914-6815-f806-000000004500"},{"@Name":"ProcessId","#text":"6724"},{"@Name":"Image","#text":"C:\Program Files\BraveSoftware\Brave-Browser\Application\brave.exe"},{"@Name":"FileVersion","#text":"136.1.78.94"},{"@Name":"Description","#text":"Brave Browser"},{"@Name":"Product","#text":"Brave Browser"},{"@Name":"Company","#text":"Brave Software, Inc."},{"@Name":"OriginalFileName","#text":"brave.exe"},{"@Name":"CommandLine","#text":"\"C:\Program Files\BraveSoftware\Brave-Browser\Application\brave.exe\" --type=utility --utility-sub-type=patch.mojom.FilePatcher --lang=en-GB --service-sandbox-type=service --field-trial-handle=2152,i,414383358165923903,7500814195527958954,262144 --variations-seed-version=main@c7badf07d553100a28da9722517041a2bb170f8e --mojo-platform-channel-handle=7392 /prefetch:8"},{"@Name":"CurrentDirectory","#text":"C:\Program Files\BraveSoftware\Brave-Browser\Application\136.1.78.94\"},{"@Name":"User","#text":"SERVER002\lplui"},{"@Name":"LogonGuid","#text":"dbf410b3-8789-6814-3797-030000000000"},{"@Name":"LogonId","#text":"0x39737"},{"@Name":"TerminalSessionId","#text":"1"},{"@Name":"IntegrityLevel","#text":"Low"},{"@Name":"Hashes","#text":"SHA256=D9D8ACF4DBC502F6B39E3EEB58F0862458D324606B187518AFADEAD80D87F936"},{"@Name":"ParentProcessGuid","#text":"dbf410b3-d99b-6814-2702-000000004500"},{"@Name":"ParentProcessId","#text":"5960"},{"@Name":"ParentImage","#text":"C:\Program Files\BraveSoftware\Brave-Browser\Application\brave.exe"},{"@Name":"ParentCommandLine","#text":"\"C:\Program Files\BraveSoftware\Brave-Browser\Application\brave.exe\" --disable-domain-reliability --enable-dom-distiller --enable-distillability-service --origin-trial-public-key=bYUKPJoPnCxeNvu72j4EmPuK7tr1PAC7SHh8ld9Mw3E=,fMS4mpO6buLQ/QMd+zJmxzty/VQ6B1EUZqoCU04zoRU= --lso-url=https://no-thanks.invalid --sync-url=https://sync-v2.brave.com/v2 --variations-server-url=https://variations.brave.com/seed --variations-insecure-server-url=https://variations.brave.com/seed --flag-switches-begin --flag-switches-end --component-updater=url-source=https://go-updater.brave.com/extensions"},{"@Name":"ParentUser","#text":"SERVER002\lplui"}]}}}
{"Event":{"System":{"Provider":{"@Name":"Microsoft-Windows-Sysmon","@Guid":"5770385f-c22a-43e0-bf4c-06f5698ffbd9"},"EventID":"1","Version":"5","Level":"4","Task":"1","Opcode":"0","Keywords":"100","TimeCreated":{"@SystemTime":"2025-05-03 09:59:49.3809999"},"EventRecordID":"63282","Correlation":null,"Execution":{"@ProcessID":"2488","@ThreadID":"4156"},"Channel":"Microsoft-Windows-Sysmon/Operational","Computer":"Server002","Security":{"@UserID":"S-1-5-18"}},"EventData":{"Data":[{"@Name":"RuleName","#text":"-"},{"@Name":"UtcTime","#text":"2025-05-03 09:59:49.333"},{"@Name":"ProcessGuid","#text":"dbf410b3-e915-6815-f906-000000004500"},{"@Name":"ProcessId","#text":"13316"},{"@Name":"Image","#text":"C:\Program Files\BraveSoftware\Brave-Browser\Application\brave.exe"},{"@Name":"FileVersion","#text":"136.1.78.94"},{"@Name":"Description","#text":"Brave Browser"},{"@Name":"Product","#text":"Brave Browser"},{"@Name":"Company","#text":"Brave Software, Inc."},{"@Name":"OriginalFileName","#text":"brave.exe"},{"@Name":"CommandLine","#text":"\"C:\Program Files\BraveSoftware\Brave-Browser\Application\brave.exe\" --type=utility --utility-sub-type=unzip.mojom.Unzipper --lang=en-GB --service-sandbox-type=service --field-trial-handle=2152,i,414383358165923903,7500814195527958954,262144 --variations-seed-version=main@c7badf07d553100a28da9722517041a2bb170f8e --mojo-platform-channel-handle=8144 /prefetch:8"},{"@Name":"CurrentDirectory","#text":"C:\Program Files\BraveSoftware\Brave-Browser\Application\136.1.78.94\"},{"@Name":"User","#text":"SERVER002\lplui"},{"@Name":"LogonGuid","#text":"dbf410b3-8789-6814-3797-030000000000"},{"@Name":"LogonId","#text":"0x39737"},{"@Name":"TerminalSessionId","#text":"1"},{"@Name":"IntegrityLevel","#text":"Low"},{"@Name":"Hashes","#text":"SHA256=D9D8ACF4DBC502F6B39E3EEB58F0862458D324606B187518AFADEAD80D87F936"},{"@Name":"ParentProcessGuid","#text":"dbf410b3-d99b-6814-2702-000000004500"},{"@Name":"ParentProcessId","#text":"5960"},{"@Name":"ParentImage","#text":"C:\Program Files\BraveSoftware\Brave-Browser\Application\brave.exe"},{"@Name":"ParentCommandLine","#text":"\"C:\Program Files\BraveSoftware\Brave-Browser\Application\brave.exe\" --disable-domain-reliability --enable-dom-distiller --enable-distillability-service --origin-trial-public-key=bYUKPJoPnCxeNvu72j4EmPuK7tr1PAC7SHh8ld9Mw3E=,fMS4mpO6buLQ/QMd+zJmxzty/VQ6B1EUZqoCU04zoRU= --lso-url=https://no-thanks.invalid --sync-url=https://sync-v2.brave.com/v2 --variations-server-url=https://variations.brave.com/seed --variations-insecure-server-url=https://variations.brave.com/seed --flag-switches-begin --flag-switches-end --component-updater=url-source=https://go-updater.brave.com/extensions"},{"@Name":"ParentUser","#text":"SERVER002\lplui"}]}}}
{"Event":{"System":{"Provider":{"@Name":"Microsoft-Windows-Sysmon","@Guid":"5770385f-c22a-43e0-bf4c-06f5698ffbd9"},"EventID":"5","Version":"3","Level":"4","Task":"5","Opcode":"0","Keywords":"100","TimeCreated":{"@SystemTime":"2025-05-03 09:59:49.4948343"},"EventRecordID":"63283","Correlation":null,"Execution":{"@ProcessID":"2488","@ThreadID":"4156"},"Channel":"Microsoft-Windows-Sysmon/Operational","Computer":"Server002","Security":{"@UserID":"S-1-5-18"}},"EventData":{"Data":[{"@Name":"RuleName","#text":"-"},{"@Name":"UtcTime","#text":"2025-05-03 09:59:49.484"},{"@Name":"ProcessGuid","#text":"dbf410b3-c507-6815-a106-000000004500"},{"@Name":"ProcessId","#text":"6388"},{"@Name":"Image","#text":"C:\Windows\System32\svchost.exe"},{"@Name":"User","#text":"NT AUTHORITY\SYSTEM"}]}}}
{"Event":{"System":{"Provider":{"@Name":"Microsoft-Windows-Sysmon","@Guid":"5770385f-c22a-43e0-bf4c-06f5698ffbd9"},"EventID":"5","Version":"3","Level":"4","Task":"5","Opcode":"0","Keywords":"100","TimeCreated":{"@SystemTime":"2025-05-03 09:59:51.1644814"},"EventRecordID":"63284","Correlation":null,"Execution":{"@ProcessID":"2488","@ThreadID":"4156"},"Channel":"Microsoft-Windows-Sysmon/Operational","Computer":"Server002","Security":{"@UserID":"S-1-5-18"}},"EventData":{"Data":[{"@Name":"RuleName","#text":"-"},{"@Name":"UtcTime","#text":"2025-05-03 09:59:51.164"},{"@Name":"ProcessGuid","#text":"dbf410b3-e8f6-6815-eb06-000000004500"},{"@Name":"ProcessId","#text":"13828"},{"@Name":"Image","#text":"C:\Program Files\BraveSoftware\Brave-Browser\Application\brave.exe"},{"@Name":"User","#text":"SERVER002\lplui"}]}}}
{"Event":{"System":{"Provider":{"@Name":"Microsoft-Windows-Sysmon","@Guid":"5770385f-c22a-43e0-bf4c-06f5698ffbd9"},"EventID":"5","Version":"3","Level":"4","Task":"5","Opcode":"0","Keywords":"100","TimeCreated":{"@SystemTime":"2025-05-03 09:59:51.1661596"},"EventRecordID":"63285","Correlation":null,"Execution":{"@ProcessID":"2488","@ThreadID":"4156"},"Channel":"Microsoft-Windows-Sysmon/Operational","Computer":"Server002","Security":{"@UserID":"S-1-5-18"}},"EventData":{"Data":[{"@Name":"RuleName","#text":"-"},{"@Name":"UtcTime","#text":"2025-05-03 09:59:51.165"},{"@Name":"ProcessGuid","#text":"dbf410b3-e912-6815-f706-000000004500"},{"@Name":"ProcessId","#text":"13880"},{"@Name":"Image","#text":"C:\Program Files\BraveSoftware\Brave-Browser\Application\brave.exe"},{"@Name":"User","#text":"SERVER002\lplui"}]}}}
{"Event":{"System":{"Provider":{"@Name":"Microsoft-Windows-Sysmon","@Guid":"5770385f-c22a-43e0-bf4c-06f5698ffbd9"},"EventID":"5","Version":"3","Level":"4","Task":"5","Opcode":"0","Keywords":"100","TimeCreated":{"@SystemTime":"2025-05-03 09:59:51.1670263"},"EventRecordID":"63286","Correlation":null,"Execution":{"@ProcessID":"2488","@ThreadID":"4156"},"Channel":"Microsoft-Windows-Sysmon/Operational","Computer":"Server002","Security":{"@UserID":"S-1-5-18"}},"EventData":{"Data":[{"@Name":"RuleName","#text":"-"},{"@Name":"UtcTime","#text":"2025-05-03 09:59:51.166"},{"@Name":"ProcessGuid","#text":"dbf410b3-e914-6815-f806-000000004500"},{"@Name":"ProcessId","#text":"6724"},{"@Name":"Image","#text":"C:\Program Files\BraveSoftware\Brave-Browser\Application\brave.exe"},{"@Name":"User","#text":"SERVER002\lplui"}]}}}
{"Event":{"System":{"Provider":{"@Name":"Microsoft-Windows-Sysmon","@Guid":"5770385f-c22a-43e0-bf4c-06f5698ffbd9"},"EventID":"5","Version":"3","Level":"4","Task":"5","Opcode":"0","Keywords":"100","TimeCreated":{"@SystemTime":"2025-05-03 09:59:51.1676943"},"EventRecordID":"63287","Correlation":null,"Execution":{"@ProcessID":"2488","@ThreadID":"4156"},"Channel":"Microsoft-Windows-Sysmon/Operational","Computer":"Server002","Security":{"@UserID":"S-1-5-18"}},"EventData":{"Data":[{"@Name":"RuleName","#text":"-"},{"@Name":"UtcTime","#text":"2025-05-03 09:59:51.167"},{"@Name":"ProcessGuid","#text":"dbf410b3-e915-6815-f906-000000004500"},{"@Name":"ProcessId","#text":"13316"},{"@Name":"Image","#text":"C:\Program Files\BraveSoftware\Brave-Browser\Application\brave.exe"},{"@Name":"User","#text":"SERVER002\lplui"}]}}}
{"Event":{"System":{"Provider":{"@Name":"Microsoft-Windows-Sysmon","@Guid":"5770385f-c22a-43e0-bf4c-06f5698ffbd9"},"EventID":"5","Version":"3","Level":"4","Task":"5","Opcode":"0","Keywords":"100","TimeCreated":{"@SystemTime":"2025-05-03 09:59:53.9398266"},"EventRecordID":"63288","Correlation":null,"Execution":{"@ProcessID":"2488","@ThreadID":"4156"},"Channel":"Microsoft-Windows-Sysmon/Operational","Computer":"Server002","Security":{"@UserID":"S-1-5-18"}},"EventData":{"Data":[{"@Name":"RuleName","#text":"-"},{"@Name":"UtcTime","#text":"2025-05-03 09:59:53.932"},{"@Name":"ProcessGuid","#text":"dbf410b3-e8cc-6815-db06-000000004500"},{"@Name":"ProcessId","#text":"11468"},{"@Name":"Image","#text":"C:\Windows\System32\backgroundTaskHost.exe"},{"@Name":"User","#text":"SERVER002\lplui"}]}}}
