{"Event":{"System":{"Provider":{"@Name":"Microsoft-Windows-Sysmon","@Guid":"5770385f-c22a-43e0-bf4c-06f5698ffbd9"},"EventID":"1","Version":"5","Level":"4","Task":"1","Opcode":"0","Keywords":"100","TimeCreated":{"@SystemTime":"2025-05-03 15:36:24.8919579"},"EventRecordID":"64288","Correlation":null,"Execution":{"@ProcessID":"2488","@ThreadID":"4156"},"Channel":"Microsoft-Windows-Sysmon/Operational","Computer":"Server002","Security":{"@UserID":"S-1-5-18"}},"EventData":{"Data":[{"@Name":"RuleName","#text":"-"},{"@Name":"UtcTime","#text":"2025-05-03 15:36:24.886"},{"@Name":"ProcessGuid","#text":"dbf410b3-37f8-6816-e508-000000004500"},{"@Name":"ProcessId","#text":"3240"},{"@Name":"Image","#text":"C:\Program Files (x86)\Microsoft\EdgeUpdate\MicrosoftEdgeUpdate.exe"},{"@Name":"FileVersion","#text":"1.3.147.37"},{"@Name":"Description","#text":"Microsoft Edge Update"},{"@Name":"Product","#text":"Microsoft Edge Update"},{"@Name":"Company","#text":"Microsoft Corporation"},{"@Name":"OriginalFileName","#text":"msedgeupdate.dll"},{"@Name":"CommandLine","#text":"\"C:\Program Files (x86)\Microsoft\EdgeUpdate\MicrosoftEdgeUpdate.exe\" /ua /installsource scheduler"},{"@Name":"CurrentDirectory","#text":"C:\Windows\system32\"},{"@Name":"User","#text":"NT AUTHORITY\SYSTEM"},{"@Name":"LogonGuid","#text":"dbf410b3-a39d-6814-e703-000000000000"},{"@Name":"LogonId","#text":"0x3E7"},{"@Name":"TerminalSessionId","#text":"0"},{"@Name":"IntegrityLevel","#text":"System"},{"@Name":"Hashes","#text":"SHA256=3096D8E82917A9B73F322F4B1743E52E9B0C8B3C5933A957E73E29D6973CDD5B"},{"@Name":"ParentProcessGuid","#text":"dbf410b3-a3a0-6814-1900-000000004500"},{"@Name":"ParentProcessId","#text":"1140"},{"@Name":"ParentImage","#text":"C:\Windows\System32\svchost.exe"},{"@Name":"ParentCommandLine","#text":"C:\Windows\system32\svchost.exe -k netsvcs -p -s Schedule"},{"@Name":"ParentUser","#text":"NT AUTHORITY\SYSTEM"}]}}}
{"Event":{"System":{"Provider":{"@Name":"Microsoft-Windows-Sysmon","@Guid":"5770385f-c22a-43e0-bf4c-06f5698ffbd9"},"EventID":"1","Version":"5","Level":"4","Task":"1","Opcode":"0","Keywords":"100","TimeCreated":{"@SystemTime":"2025-05-03 15:37:09.2255111"},"EventRecordID":"64289","Correlation":null,"Execution":{"@ProcessID":"2488","@ThreadID":"4156"},"Channel":"Microsoft-Windows-Sysmon/Operational","Computer":"Server002","Security":{"@UserID":"S-1-5-18"}},"EventData":{"Data":[{"@Name":"RuleName","#text":"-"},{"@Name":"UtcTime","#text":"2025-05-03 15:37:09.221"},{"@Name":"ProcessGuid","#text":"dbf410b3-3825-6816-e608-000000004500"},{"@Name":"ProcessId","#text":"12480"},{"@Name":"Image","#text":"C:\Program Files (x86)\Microsoft\EdgeUpdate\MicrosoftEdgeUpdate.exe"},{"@Name":"FileVersion","#text":"1.3.147.37"},{"@Name":"Description","#text":"Microsoft Edge Update"},{"@Name":"Product","#text":"Microsoft Edge Update"},{"@Name":"Company","#text":"Microsoft Corporation"},{"@Name":"OriginalFileName","#text":"msedgeupdate.dll"},{"@Name":"CommandLine","#text":"\"C:\Program Files (x86)\Microsoft\EdgeUpdate\MicrosoftEdgeUpdate.exe\" /svc"},{"@Name":"CurrentDirectory","#text":"C:\Windows\system32\"},{"@Name":"User","#text":"NT AUTHORITY\SYSTEM"},{"@Name":"LogonGuid","#text":"dbf410b3-a39d-6814-e703-000000000000"},{"@Name":"LogonId","#text":"0x3E7"},{"@Name":"TerminalSessionId","#text":"0"},{"@Name":"IntegrityLevel","#text":"System"},{"@Name":"Hashes","#text":"SHA256=3096D8E82917A9B73F322F4B1743E52E9B0C8B3C5933A957E73E29D6973CDD5B"},{"@Name":"ParentProcessGuid","#text":"dbf410b3-a39d-6814-0b00-000000004500"},{"@Name":"ParentProcessId","#text":"676"},{"@Name":"ParentImage","#text":"C:\Windows\System32\services.exe"},{"@Name":"ParentCommandLine","#text":"C:\Windows\system32\services.exe"},{"@Name":"ParentUser","#text":"NT AUTHORITY\SYSTEM"}]}}}
{"Event":{"System":{"Provider":{"@Name":"Microsoft-Windows-Sysmon","@Guid":"5770385f-c22a-43e0-bf4c-06f5698ffbd9"},"EventID":"1","Version":"5","Level":"4","Task":"1","Opcode":"0","Keywords":"100","TimeCreated":{"@SystemTime":"2025-05-03 15:37:25.3993669"},"EventRecordID":"64290","Correlation":null,"Execution":{"@ProcessID":"2488","@ThreadID":"4156"},"Channel":"Microsoft-Windows-Sysmon/Operational","Computer":"Server002","Security":{"@UserID":"S-1-5-18"}},"EventData":{"Data":[{"@Name":"RuleName","#text":"-"},{"@Name":"UtcTime","#text":"2025-05-03 15:37:25.204"},{"@Name":"ProcessGuid","#text":"dbf410b3-3835-6816-e708-000000004500"},{"@Name":"ProcessId","#text":"8964"},{"@Name":"Image","#text":"C:\Program Files (x86)\Microsoft\EdgeUpdate\Install\{070A4D4A-81D3-4D1A-AED3-F477A4D4B748}\MicrosoftEdge_X64_136.0.3240.50_135.0.3179.98.exe"},{"@Name":"FileVersion","#text":"136.0.3240.50"},{"@Name":"Description","#text":"Microsoft Edge Installer"},{"@Name":"Product","#text":"Microsoft Edge Installer"},{"@Name":"Company","#text":"Microsoft Corporation"},{"@Name":"OriginalFileName","#text":"mini_installer.exe"},{"@Name":"CommandLine","#text":"\"C:\Program Files (x86)\Microsoft\EdgeUpdate\Install\{070A4D4A-81D3-4D1A-AED3-F477A4D4B748}\MicrosoftEdge_X64_136.0.3240.50_135.0.3179.98.exe\" --msedge --verbose-logging --do-not-launch-msedge --system-level --channel=stable"},{"@Name":"CurrentDirectory","#text":"C:\Program Files (x86)\Microsoft\EdgeUpdate\1.3.195.49\"},{"@Name":"User","#text":"NT AUTHORITY\SYSTEM"},{"@Name":"LogonGuid","#text":"dbf410b3-a39d-6814-e703-000000000000"},{"@Name":"LogonId","#text":"0x3E7"},{"@Name":"TerminalSessionId","#text":"0"},{"@Name":"IntegrityLevel","#text":"System"},{"@Name":"Hashes","#text":"SHA256=17A626FA27E62DD3D135B4EA03DCB71D034FB4CB441138F4BF99FFB11E602DD0"},{"@Name":"ParentProcessGuid","#text":"dbf410b3-3825-6816-e608-000000004500"},{"@Name":"ParentProcessId","#text":"12480"},{"@Name":"ParentImage","#text":"C:\Program Files (x86)\Microsoft\EdgeUpdate\MicrosoftEdgeUpdate.exe"},{"@Name":"ParentCommandLine","#text":"\"C:\Program Files (x86)\Microsoft\EdgeUpdate\MicrosoftEdgeUpdate.exe\" /svc"},{"@Name":"ParentUser","#text":"NT AUTHORITY\SYSTEM"}]}}}
{"Event":{"System":{"Provider":{"@Name":"Microsoft-Windows-Sysmon","@Guid":"5770385f-c22a-43e0-bf4c-06f5698ffbd9"},"EventID":"1","Version":"5","Level":"4","Task":"1","Opcode":"0","Keywords":"100","TimeCreated":{"@SystemTime":"2025-05-03 15:37:25.6944562"},"EventRecordID":"64291","Correlation":null,"Execution":{"@ProcessID":"2488","@ThreadID":"4156"},"Channel":"Microsoft-Windows-Sysmon/Operational","Computer":"Server002","Security":{"@UserID":"S-1-5-18"}},"EventData":{"Data":[{"@Name":"RuleName","#text":"-"},{"@Name":"UtcTime","#text":"2025-05-03 15:37:25.667"},{"@Name":"ProcessGuid","#text":"dbf410b3-3835-6816-e808-000000004500"},{"@Name":"ProcessId","#text":"11880"},{"@Name":"Image","#text":"C:\Program Files (x86)\Microsoft\EdgeUpdate\Install\{070A4D4A-81D3-4D1A-AED3-F477A4D4B748}\EDGEMITMP_35E4E.tmp\setup.exe"},{"@Name":"FileVersion","#text":"136.0.3240.50"},{"@Name":"Description","#text":"Microsoft Edge Installer"},{"@Name":"Product","#text":"Microsoft Edge Installer"},{"@Name":"Company","#text":"Microsoft Corporation"},{"@Name":"OriginalFileName","#text":"setup.exe"},{"@Name":"CommandLine","#text":"\"C:\Program Files (x86)\Microsoft\EdgeUpdate\Install\{070A4D4A-81D3-4D1A-AED3-F477A4D4B748}\EDGEMITMP_35E4E.tmp\setup.exe\" --install-archive=\"C:\Program Files (x86)\Microsoft\EdgeUpdate\Install\{070A4D4A-81D3-4D1A-AED3-F477A4D4B748}\MicrosoftEdge_X64_136.0.3240.50_135.0.3179.98.exe\" --previous-version=\"135.0.3179.98\" --msedge --verbose-logging --do-not-launch-msedge --system-level --channel=stable"},{"@Name":"CurrentDirectory","#text":"C:\Program Files (x86)\Microsoft\EdgeUpdate\1.3.195.49\"},{"@Name":"User","#text":"NT AUTHORITY\SYSTEM"},{"@Name":"LogonGuid","#text":"dbf410b3-a39d-6814-e703-000000000000"},{"@Name":"LogonId","#text":"0x3E7"},{"@Name":"TerminalSessionId","#text":"0"},{"@Name":"IntegrityLevel","#text":"System"},{"@Name":"Hashes","#text":"SHA256=709217C864A99505B95682C376A02FAA81EE14D2E00E1F80E9E1B9952FE61DCE"},{"@Name":"ParentProcessGuid","#text":"dbf410b3-3835-6816-e708-000000004500"},{"@Name":"ParentProcessId","#text":"8964"},{"@Name":"ParentImage","#text":"C:\Program Files (x86)\Microsoft\EdgeUpdate\Install\{070A4D4A-81D3-4D1A-AED3-F477A4D4B748}\MicrosoftEdge_X64_136.0.3240.50_135.0.3179.98.exe"},{"@Name":"ParentCommandLine","#text":"\"C:\Program Files (x86)\Microsoft\EdgeUpdate\Install\{070A4D4A-81D3-4D1A-AED3-F477A4D4B748}\MicrosoftEdge_X64_136.0.3240.50_135.0.3179.98.exe\" --msedge --verbose-logging --do-not-launch-msedge --system-level --channel=stable"},{"@Name":"ParentUser","#text":"NT AUTHORITY\SYSTEM"}]}}}
{"Event":{"System":{"Provider":{"@Name":"Microsoft-Windows-Sysmon","@Guid":"5770385f-c22a-43e0-bf4c-06f5698ffbd9"},"EventID":"1","Version":"5","Level":"4","Task":"1","Opcode":"0","Keywords":"100","TimeCreated":{"@SystemTime":"2025-05-03 15:37:25.7590767"},"EventRecordID":"64292","Correlation":null,"Execution":{"@ProcessID":"2488","@ThreadID":"4156"},"Channel":"Microsoft-Windows-Sysmon/Operational","Computer":"Server002","Security":{"@UserID":"S-1-5-18"}},"EventData":{"Data":[{"@Name":"RuleName","#text":"-"},{"@Name":"UtcTime","#text":"2025-05-03 15:37:25.756"},{"@Name":"ProcessGuid","#text":"dbf410b3-3835-6816-e908-000000004500"},{"@Name":"ProcessId","#text":"10920"},{"@Name":"Image","#text":"C:\Program Files (x86)\Microsoft\EdgeUpdate\Install\{070A4D4A-81D3-4D1A-AED3-F477A4D4B748}\EDGEMITMP_35E4E.tmp\setup.exe"},{"@Name":"FileVersion","#text":"136.0.3240.50"},{"@Name":"Description","#text":"Microsoft Edge Installer"},{"@Name":"Product","#text":"Microsoft Edge Installer"},{"@Name":"Company","#text":"Microsoft Corporation"},{"@Name":"OriginalFileName","#text":"setup.exe"},{"@Name":"CommandLine","#text":"\"C:\Program Files (x86)\Microsoft\EdgeUpdate\Install\{070A4D4A-81D3-4D1A-AED3-F477A4D4B748}\EDGEMITMP_35E4E.tmp\setup.exe\" --type=crashpad-handler /prefetch:4 --monitor-self-annotation=ptype=crashpad-handler --database=C:\Windows\SystemTemp\MsEdgeCrashpad --annotation=IsOfficialBuild=1 --annotation=channel= --annotation=chromium-version=136.0.7103.49 \"--annotation=exe=C:\Program Files (x86)\Microsoft\EdgeUpdate\Install\{070A4D4A-81D3-4D1A-AED3-F477A4D4B748}\EDGEMITMP_35E4E.tmp\setup.exe\" --annotation=plat=Win64 --annotation=prod=Edge --annotation=ver=136.0.3240.50 --initial-client-data=0x23c,0x240,0x244,0x218,0x248,0x7ff66fc6f3e8,0x7ff66fc6f3f4,0x7ff66fc6f400"},{"@Name":"CurrentDirectory","#text":"C:\Program Files (x86)\Microsoft\EdgeUpdate\1.3.195.49\"},{"@Name":"User","#text":"NT AUTHORITY\SYSTEM"},{"@Name":"LogonGuid","#text":"dbf410b3-a39d-6814-e703-000000000000"},{"@Name":"LogonId","#text":"0x3E7"},{"@Name":"TerminalSessionId","#text":"0"},{"@Name":"IntegrityLevel","#text":"System"},{"@Name":"Hashes","#text":"SHA256=709217C864A99505B95682C376A02FAA81EE14D2E00E1F80E9E1B9952FE61DCE"},{"@Name":"ParentProcessGuid","#text":"dbf410b3-3835-6816-e808-000000004500"},{"@Name":"ParentProcessId","#text":"11880"},{"@Name":"ParentImage","#text":"C:\Program Files (x86)\Microsoft\EdgeUpdate\Install\{070A4D4A-81D3-4D1A-AED3-F477A4D4B748}\EDGEMITMP_35E4E.tmp\setup.exe"},{"@Name":"ParentCommandLine","#text":"\"C:\Program Files (x86)\Microsoft\EdgeUpdate\Install\{070A4D4A-81D3-4D1A-AED3-F477A4D4B748}\EDGEMITMP_35E4E.tmp\setup.exe\" --install-archive=\"C:\Program Files (x86)\Microsoft\EdgeUpdate\Install\{070A4D4A-81D3-4D1A-AED3-F477A4D4B748}\MicrosoftEdge_X64_136.0.3240.50_135.0.3179.98.exe\" --previous-version=\"135.0.3179.98\" --msedge --verbose-logging --do-not-launch-msedge --system-level --channel=stable"},{"@Name":"ParentUser","#text":"NT AUTHORITY\SYSTEM"}]}}}
{"Event":{"System":{"Provider":{"@Name":"Microsoft-Windows-Sysmon","@Guid":"5770385f-c22a-43e0-bf4c-06f5698ffbd9"},"EventID":"1","Version":"5","Level":"4","Task":"1","Opcode":"0","Keywords":"100","TimeCreated":{"@SystemTime":"2025-05-03 15:37:28.7576517"},"EventRecordID":"64293","Correlation":null,"Execution":{"@ProcessID":"2488","@ThreadID":"4156"},"Channel":"Microsoft-Windows-Sysmon/Operational","Computer":"Server002","Security":{"@UserID":"S-1-5-18"}},"EventData":{"Data":[{"@Name":"RuleName","#text":"-"},{"@Name":"UtcTime","#text":"2025-05-03 15:37:28.755"},{"@Name":"ProcessGuid","#text":"dbf410b3-3838-6816-ea08-000000004500"},{"@Name":"ProcessId","#text":"2592"},{"@Name":"Image","#text":"C:\Windows\System32\svchost.exe"},{"@Name":"FileVersion","#text":"10.0.19041.4355 (WinBuild.160101.0800)"},{"@Name":"Description","#text":"Host Process for Windows Services"},{"@Name":"Product","#text":"Microsoft® Windows® Operating System"},{"@Name":"Company","#text":"Microsoft Corporation"},{"@Name":"OriginalFileName","#text":"svchost.exe"},{"@Name":"CommandLine","#text":"C:\Windows\system32\svchost.exe -k wsappx -p -s AppXSvc"},{"@Name":"CurrentDirectory","#text":"C:\Windows\system32\"},{"@Name":"User","#text":"NT AUTHORITY\SYSTEM"},{"@Name":"LogonGuid","#text":"dbf410b3-a39d-6814-e703-000000000000"},{"@Name":"LogonId","#text":"0x3E7"},{"@Name":"TerminalSessionId","#text":"0"},{"@Name":"IntegrityLevel","#text":"System"},{"@Name":"Hashes","#text":"SHA256=6FC3BF1FDFD76860BE782554F8D25BD32F108DB934D70F4253F1E5F23522E503"},{"@Name":"ParentProcessGuid","#text":"dbf410b3-a39d-6814-0b00-000000004500"},{"@Name":"ParentProcessId","#text":"676"},{"@Name":"ParentImage","#text":"C:\Windows\System32\services.exe"},{"@Name":"ParentCommandLine","#text":"C:\Windows\system32\services.exe"},{"@Name":"ParentUser","#text":"NT AUTHORITY\SYSTEM"}]}}}
{"Event":{"System":{"Provider":{"@Name":"Microsoft-Windows-Sysmon","@Guid":"5770385f-c22a-43e0-bf4c-06f5698ffbd9"},"EventID":"1","Version":"5","Level":"4","Task":"1","Opcode":"0","Keywords":"100","TimeCreated":{"@SystemTime":"2025-05-03 15:37:28.9653153"},"EventRecordID":"64294","Correlation":null,"Execution":{"@ProcessID":"2488","@ThreadID":"4156"},"Channel":"Microsoft-Windows-Sysmon/Operational","Computer":"Server002","Security":{"@UserID":"S-1-5-18"}},"EventData":{"Data":[{"@Name":"RuleName","#text":"-"},{"@Name":"UtcTime","#text":"2025-05-03 15:37:28.961"},{"@Name":"ProcessGuid","#text":"dbf410b3-3838-6816-eb08-000000004500"},{"@Name":"ProcessId","#text":"12776"},{"@Name":"Image","#text":"C:\Windows\System32\backgroundTaskHost.exe"},{"@Name":"FileVersion","#text":"10.0.19041.3636 (WinBuild.160101.0800)"},{"@Name":"Description","#text":"Background Task Host"},{"@Name":"Product","#text":"Microsoft® Windows® Operating System"},{"@Name":"Company","#text":"Microsoft Corporation"},{"@Name":"OriginalFileName","#text":"backgroundTaskHost.exe"},{"@Name":"CommandLine","#text":"\"C:\Windows\system32\backgroundTaskHost.exe\" -ServerName:Global.Accounts.AppXqe94epy97qwa6w3j6w132e8zvcs117nd.mca"},{"@Name":"CurrentDirectory","#text":"C:\Windows\SystemApps\MicrosoftWindows.Client.CBS_cw5n1h2txyewy\"},{"@Name":"User","#text":"SERVER002\lplui"},{"@Name":"LogonGuid","#text":"dbf410b3-8789-6814-3797-030000000000"},{"@Name":"LogonId","#text":"0x39737"},{"@Name":"TerminalSessionId","#text":"1"},{"@Name":"IntegrityLevel","#text":"AppContainer"},{"@Name":"Hashes","#text":"SHA256=7077CBF56490C86FC74C0CC6C0379AB679F06A066E71906AD23458F664836449"},{"@Name":"ParentProcessGuid","#text":"dbf410b3-a39e-6814-0d00-000000004500"},{"@Name":"ParentProcessId","#text":"800"},{"@Name":"ParentImage","#text":"C:\Windows\System32\svchost.exe"},{"@Name":"ParentCommandLine","#text":"C:\Windows\system32\svchost.exe -k DcomLaunch -p"},{"@Name":"ParentUser","#text":"NT AUTHORITY\SYSTEM"}]}}}
{"Event":{"System":{"Provider":{"@Name":"Microsoft-Windows-Sysmon","@Guid":"5770385f-c22a-43e0-bf4c-06f5698ffbd9"},"EventID":"1","Version":"5","Level":"4","Task":"1","Opcode":"0","Keywords":"100","TimeCreated":{"@SystemTime":"2025-05-03 15:37:29.0623320"},"EventRecordID":"64295","Correlation":null,"Execution":{"@ProcessID":"2488","@ThreadID":"4156"},"Channel":"Microsoft-Windows-Sysmon/Operational","Computer":"Server002","Security":{"@UserID":"S-1-5-18"}},"EventData":{"Data":[{"@Name":"RuleName","#text":"-"},{"@Name":"UtcTime","#text":"2025-05-03 15:37:29.059"},{"@Name":"ProcessGuid","#text":"dbf410b3-3839-6816-ec08-000000004500"},{"@Name":"ProcessId","#text":"7780"},{"@Name":"Image","#text":"C:\Windows\System32\RuntimeBroker.exe"},{"@Name":"FileVersion","#text":"10.0.19041.4355 (WinBuild.160101.0800)"},{"@Name":"Description","#text":"Runtime Broker"},{"@Name":"Product","#text":"Microsoft® Windows® Operating System"},{"@Name":"Company","#text":"Microsoft Corporation"},{"@Name":"OriginalFileName","#text":"RuntimeBroker.exe"},{"@Name":"CommandLine","#text":"C:\Windows\System32\RuntimeBroker.exe -Embedding"},{"@Name":"CurrentDirectory","#text":"C:\Windows\system32\"},{"@Name":"User","#text":"SERVER002\lplui"},{"@Name":"LogonGuid","#text":"dbf410b3-8789-6814-3797-030000000000"},{"@Name":"LogonId","#text":"0x39737"},{"@Name":"TerminalSessionId","#text":"1"},{"@Name":"IntegrityLevel","#text":"Medium"},{"@Name":"Hashes","#text":"SHA256=579DFCED8F02A7E1E6E8DF10C400117D3127EAD7231776A1E467EB507261E920"},{"@Name":"ParentProcessGuid","#text":"dbf410b3-a39e-6814-0d00-000000004500"},{"@Name":"ParentProcessId","#text":"800"},{"@Name":"ParentImage","#text":"C:\Windows\System32\svchost.exe"},{"@Name":"ParentCommandLine","#text":"C:\Windows\system32\svchost.exe -k DcomLaunch -p"},{"@Name":"ParentUser","#text":"NT AUTHORITY\SYSTEM"}]}}}
{"Event":{"System":{"Provider":{"@Name":"Microsoft-Windows-Sysmon","@Guid":"5770385f-c22a-43e0-bf4c-06f5698ffbd9"},"EventID":"1","Version":"5","Level":"4","Task":"1","Opcode":"0","Keywords":"100","TimeCreated":{"@SystemTime":"2025-05-03 15:37:35.7790787"},"EventRecordID":"64296","Correlation":null,"Execution":{"@ProcessID":"2488","@ThreadID":"4156"},"Channel":"Microsoft-Windows-Sysmon/Operational","Computer":"Server002","Security":{"@UserID":"S-1-5-18"}},"EventData":{"Data":[{"@Name":"RuleName","#text":"-"},{"@Name":"UtcTime","#text":"2025-05-03 15:37:35.757"},{"@Name":"ProcessGuid","#text":"dbf410b3-383f-6816-ed08-000000004500"},{"@Name":"ProcessId","#text":"12720"},{"@Name":"Image","#text":"C:\Program Files\Microsoft OneDrive\25.065.0406.0002\FileCoAuth.exe"},{"@Name":"FileVersion","#text":"25.065.0406.0002"},{"@Name":"Description","#text":"Microsoft OneDriveFile Co-Authoring Executable"},{"@Name":"Product","#text":"Microsoft OneDrive"},{"@Name":"Company","#text":"Microsoft Corporation"},{"@Name":"OriginalFileName","#text":"FileCoAuth.exe"},{"@Name":"CommandLine","#text":"\"C:\Program Files\Microsoft OneDrive\25.065.0406.0002\FileCoAuth.exe\" -Embedding"},{"@Name":"CurrentDirectory","#text":"C:\Windows\system32\"},{"@Name":"User","#text":"SERVER002\lplui"},{"@Name":"LogonGuid","#text":"dbf410b3-8789-6814-3797-030000000000"},{"@Name":"LogonId","#text":"0x39737"},{"@Name":"TerminalSessionId","#text":"1"},{"@Name":"IntegrityLevel","#text":"Medium"},{"@Name":"Hashes","#text":"SHA256=B7B20F19DE611698C5CAE2677B63494A5C61CB74179012E1C63C7F7EB3ECC6AF"},{"@Name":"ParentProcessGuid","#text":"dbf410b3-a39e-6814-0d00-000000004500"},{"@Name":"ParentProcessId","#text":"800"},{"@Name":"ParentImage","#text":"C:\Windows\System32\svchost.exe"},{"@Name":"ParentCommandLine","#text":"C:\Windows\system32\svchost.exe -k DcomLaunch -p"},{"@Name":"ParentUser","#text":"NT AUTHORITY\SYSTEM"}]}}}
{"Event":{"System":{"Provider":{"@Name":"Microsoft-Windows-Sysmon","@Guid":"5770385f-c22a-43e0-bf4c-06f5698ffbd9"},"EventID":"5","Version":"3","Level":"4","Task":"5","Opcode":"0","Keywords":"100","TimeCreated":{"@SystemTime":"2025-05-03 15:37:38.9403086"},"EventRecordID":"64297","Correlation":null,"Execution":{"@ProcessID":"2488","@ThreadID":"4156"},"Channel":"Microsoft-Windows-Sysmon/Operational","Computer":"Server002","Security":{"@UserID":"S-1-5-18"}},"EventData":{"Data":[{"@Name":"RuleName","#text":"-"},{"@Name":"UtcTime","#text":"2025-05-03 15:37:38.935"},{"@Name":"ProcessGuid","#text":"dbf410b3-35f4-6816-e208-000000004500"},{"@Name":"ProcessId","#text":"3336"},{"@Name":"Image","#text":"C:\Windows\System32\svchost.exe"},{"@Name":"User","#text":"NT AUTHORITY\SYSTEM"}]}}}
{"Event":{"System":{"Provider":{"@Name":"Microsoft-Windows-Sysmon","@Guid":"5770385f-c22a-43e0-bf4c-06f5698ffbd9"},"EventID":"5","Version":"3","Level":"4","Task":"5","Opcode":"0","Keywords":"100","TimeCreated":{"@SystemTime":"2025-05-03 15:37:45.4482742"},"EventRecordID":"64298","Correlation":null,"Execution":{"@ProcessID":"2488","@ThreadID":"4156"},"Channel":"Microsoft-Windows-Sysmon/Operational","Computer":"Server002","Security":{"@UserID":"S-1-5-18"}},"EventData":{"Data":[{"@Name":"RuleName","#text":"-"},{"@Name":"UtcTime","#text":"2025-05-03 15:37:45.446"},{"@Name":"ProcessGuid","#text":"dbf410b3-383f-6816-ed08-000000004500"},{"@Name":"ProcessId","#text":"12720"},{"@Name":"Image","#text":"C:\Program Files\Microsoft OneDrive\25.065.0406.0002\FileCoAuth.exe"},{"@Name":"User","#text":"SERVER002\lplui"}]}}}
{"Event":{"System":{"Provider":{"@Name":"Microsoft-Windows-Sysmon","@Guid":"5770385f-c22a-43e0-bf4c-06f5698ffbd9"},"EventID":"1","Version":"5","Level":"4","Task":"1","Opcode":"0","Keywords":"100","TimeCreated":{"@SystemTime":"2025-05-03 15:37:55.8777031"},"EventRecordID":"64299","Correlation":null,"Execution":{"@ProcessID":"2488","@ThreadID":"4156"},"Channel":"Microsoft-Windows-Sysmon/Operational","Computer":"Server002","Security":{"@UserID":"S-1-5-18"}},"EventData":{"Data":[{"@Name":"RuleName","#text":"-"},{"@Name":"UtcTime","#text":"2025-05-03 15:37:55.875"},{"@Name":"ProcessGuid","#text":"dbf410b3-3853-6816-ee08-000000004500"},{"@Name":"ProcessId","#text":"6180"},{"@Name":"Image","#text":"C:\Windows\System32\MoUsoCoreWorker.exe"},{"@Name":"FileVersion","#text":"10.0.19041.5678 (WinBuild.160101.0800)"},{"@Name":"Description","#text":"MoUSO Core Worker Process"},{"@Name":"Product","#text":"Microsoft® Windows® Operating System"},{"@Name":"Company","#text":"Microsoft Corporation"},{"@Name":"OriginalFileName","#text":"MoUSOCoreWorker.exe"},{"@Name":"CommandLine","#text":"C:\Windows\System32\mousocoreworker.exe -Embedding"},{"@Name":"CurrentDirectory","#text":"C:\Windows\system32\"},{"@Name":"User","#text":"NT AUTHORITY\SYSTEM"},{"@Name":"LogonGuid","#text":"dbf410b3-a39d-6814-e703-000000000000"},{"@Name":"LogonId","#text":"0x3E7"},{"@Name":"TerminalSessionId","#text":"0"},{"@Name":"IntegrityLevel","#text":"System"},{"@Name":"Hashes","#text":"SHA256=235882DE2347DB7A4CE2BBD7599B5D8D56C93A8BC18207DBEE7173B9BAD068FE"},{"@Name":"ParentProcessGuid","#text":"dbf410b3-a39e-6814-0d00-000000004500"},{"@Name":"ParentProcessId","#text":"800"},{"@Name":"ParentImage","#text":"C:\Windows\System32\svchost.exe"},{"@Name":"ParentCommandLine","#text":"C:\Windows\system32\svchost.exe -k DcomLaunch -p"},{"@Name":"ParentUser","#text":"NT AUTHORITY\SYSTEM"}]}}}
{"Event":{"System":{"Provider":{"@Name":"Microsoft-Windows-Sysmon","@Guid":"5770385f-c22a-43e0-bf4c-06f5698ffbd9"},"EventID":"5","Version":"3","Level":"4","Task":"5","Opcode":"0","Keywords":"100","TimeCreated":{"@SystemTime":"2025-05-03 15:38:13.2721503"},"EventRecordID":"64300","Correlation":null,"Execution":{"@ProcessID":"2488","@ThreadID":"4156"},"Channel":"Microsoft-Windows-Sysmon/Operational","Computer":"Server002","Security":{"@UserID":"S-1-5-18"}},"EventData":{"Data":[{"@Name":"RuleName","#text":"-"},{"@Name":"UtcTime","#text":"2025-05-03 15:38:13.270"},{"@Name":"ProcessGuid","#text":"dbf410b3-3838-6816-eb08-000000004500"},{"@Name":"ProcessId","#text":"12776"},{"@Name":"Image","#text":"C:\Windows\System32\backgroundTaskHost.exe"},{"@Name":"User","#text":"SERVER002\lplui"}]}}}
{"Event":{"System":{"Provider":{"@Name":"Microsoft-Windows-Sysmon","@Guid":"5770385f-c22a-43e0-bf4c-06f5698ffbd9"},"EventID":"5","Version":"3","Level":"4","Task":"5","Opcode":"0","Keywords":"100","TimeCreated":{"@SystemTime":"2025-05-03 15:38:39.7019447"},"EventRecordID":"64301","Correlation":null,"Execution":{"@ProcessID":"2488","@ThreadID":"4156"},"Channel":"Microsoft-Windows-Sysmon/Operational","Computer":"Server002","Security":{"@UserID":"S-1-5-18"}},"EventData":{"Data":[{"@Name":"RuleName","#text":"-"},{"@Name":"UtcTime","#text":"2025-05-03 15:38:39.698"},{"@Name":"ProcessGuid","#text":"dbf410b3-3839-6816-ec08-000000004500"},{"@Name":"ProcessId","#text":"7780"},{"@Name":"Image","#text":"C:\Windows\System32\RuntimeBroker.exe"},{"@Name":"User","#text":"SERVER002\lplui"}]}}}
{"Event":{"System":{"Provider":{"@Name":"Microsoft-Windows-Sysmon","@Guid":"5770385f-c22a-43e0-bf4c-06f5698ffbd9"},"EventID":"5","Version":"3","Level":"4","Task":"5","Opcode":"0","Keywords":"100","TimeCreated":{"@SystemTime":"2025-05-03 15:38:46.9591518"},"EventRecordID":"64302","Correlation":null,"Execution":{"@ProcessID":"2488","@ThreadID":"4156"},"Channel":"Microsoft-Windows-Sysmon/Operational","Computer":"Server002","Security":{"@UserID":"S-1-5-18"}},"EventData":{"Data":[{"@Name":"RuleName","#text":"-"},{"@Name":"UtcTime","#text":"2025-05-03 15:38:46.950"},{"@Name":"ProcessGuid","#text":"dbf410b3-3853-6816-ee08-000000004500"},{"@Name":"ProcessId","#text":"6180"},{"@Name":"Image","#text":"C:\Windows\System32\MoUsoCoreWorker.exe"},{"@Name":"User","#text":"NT AUTHORITY\SYSTEM"}]}}}
{"Event":{"System":{"Provider":{"@Name":"Microsoft-Windows-Sysmon","@Guid":"5770385f-c22a-43e0-bf4c-06f5698ffbd9"},"EventID":"1","Version":"5","Level":"4","Task":"1","Opcode":"0","Keywords":"100","TimeCreated":{"@SystemTime":"2025-05-03 15:40:54.9240699"},"EventRecordID":"64303","Correlation":null,"Execution":{"@ProcessID":"2488","@ThreadID":"4156"},"Channel":"Microsoft-Windows-Sysmon/Operational","Computer":"Server002","Security":{"@UserID":"S-1-5-18"}},"EventData":{"Data":[{"@Name":"RuleName","#text":"-"},{"@Name":"UtcTime","#text":"2025-05-03 15:40:54.894"},{"@Name":"ProcessGuid","#text":"dbf410b3-3906-6816-ef08-000000004500"},{"@Name":"ProcessId","#text":"10984"},{"@Name":"Image","#text":"C:\Windows\System32\svchost.exe"},{"@Name":"FileVersion","#text":"10.0.19041.4355 (WinBuild.160101.0800)"},{"@Name":"Description","#text":"Host Process for Windows Services"},{"@Name":"Product","#text":"Microsoft® Windows® Operating System"},{"@Name":"Company","#text":"Microsoft Corporation"},{"@Name":"OriginalFileName","#text":"svchost.exe"},{"@Name":"CommandLine","#text":"C:\Windows\System32\svchost.exe -k netsvcs -p -s Browser"},{"@Name":"CurrentDirectory","#text":"C:\Windows\system32\"},{"@Name":"User","#text":"NT AUTHORITY\SYSTEM"},{"@Name":"LogonGuid","#text":"dbf410b3-a39d-6814-e703-000000000000"},{"@Name":"LogonId","#text":"0x3E7"},{"@Name":"TerminalSessionId","#text":"0"},{"@Name":"IntegrityLevel","#text":"System"},{"@Name":"Hashes","#text":"SHA256=6FC3BF1FDFD76860BE782554F8D25BD32F108DB934D70F4253F1E5F23522E503"},{"@Name":"ParentProcessGuid","#text":"dbf410b3-a39d-6814-0b00-000000004500"},{"@Name":"ParentProcessId","#text":"676"},{"@Name":"ParentImage","#text":"C:\Windows\System32\services.exe"},{"@Name":"ParentCommandLine","#text":"C:\Windows\system32\services.exe"},{"@Name":"ParentUser","#text":"NT AUTHORITY\SYSTEM"}]}}}
{"Event":{"System":{"Provider":{"@Name":"Microsoft-Windows-Sysmon","@Guid":"5770385f-c22a-43e0-bf4c-06f5698ffbd9"},"EventID":"1","Version":"5","Level":"4","Task":"1","Opcode":"0","Keywords":"100","TimeCreated":{"@SystemTime":"2025-05-03 15:40:56.5709331"},"EventRecordID":"64304","Correlation":null,"Execution":{"@ProcessID":"2488","@ThreadID":"4156"},"Channel":"Microsoft-Windows-Sysmon/Operational","Computer":"Server002","Security":{"@UserID":"S-1-5-18"}},"EventData":{"Data":[{"@Name":"RuleName","#text":"-"},{"@Name":"UtcTime","#text":"2025-05-03 15:40:56.558"},{"@Name":"ProcessGuid","#text":"dbf410b3-3908-6816-f008-000000004500"},{"@Name":"ProcessId","#text":"14312"},{"@Name":"Image","#text":"C:\Program Files\WindowsApps\Microsoft.DesktopAppInstaller_1.25.390.0_x64__8wekyb3d8bbwe\WindowsPackageManagerServer.exe"},{"@Name":"FileVersion","#text":"-"},{"@Name":"Description","#text":"-"},{"@Name":"Product","#text":"-"},{"@Name":"Company","#text":"-"},{"@Name":"OriginalFileName","#text":"-"},{"@Name":"CommandLine","#text":"\"C:\Program Files\WindowsApps\Microsoft.DesktopAppInstaller_1.25.390.0_x64__8wekyb3d8bbwe\WindowsPackageManagerServer.exe\" -Embedding"},{"@Name":"CurrentDirectory","#text":"C:\Windows\system32\"},{"@Name":"User","#text":"SERVER002\lplui"},{"@Name":"LogonGuid","#text":"dbf410b3-8789-6814-3797-030000000000"},{"@Name":"LogonId","#text":"0x39737"},{"@Name":"TerminalSessionId","#text":"1"},{"@Name":"IntegrityLevel","#text":"Medium"},{"@Name":"Hashes","#text":"SHA256=5532B0C9317ED597327A38EB27CAB15739977D4056920020852FCC079430BFC0"},{"@Name":"ParentProcessGuid","#text":"dbf410b3-a39e-6814-0d00-000000004500"},{"@Name":"ParentProcessId","#text":"800"},{"@Name":"ParentImage","#text":"C:\Windows\System32\svchost.exe"},{"@Name":"ParentCommandLine","#text":"C:\Windows\system32\svchost.exe -k DcomLaunch -p"},{"@Name":"ParentUser","#text":"NT AUTHORITY\SYSTEM"}]}}}
{"Event":{"System":{"Provider":{"@Name":"Microsoft-Windows-Sysmon","@Guid":"5770385f-c22a-43e0-bf4c-06f5698ffbd9"},"EventID":"1","Version":"5","Level":"4","Task":"1","Opcode":"0","Keywords":"100","TimeCreated":{"@SystemTime":"2025-05-03 15:40:57.5639490"},"EventRecordID":"64305","Correlation":null,"Execution":{"@ProcessID":"2488","@ThreadID":"4156"},"Channel":"Microsoft-Windows-Sysmon/Operational","Computer":"Server002","Security":{"@UserID":"S-1-5-18"}},"EventData":{"Data":[{"@Name":"RuleName","#text":"-"},{"@Name":"UtcTime","#text":"2025-05-03 15:40:57.559"},{"@Name":"ProcessGuid","#text":"dbf410b3-3909-6816-f108-000000004500"},{"@Name":"ProcessId","#text":"11500"},{"@Name":"Image","#text":"C:\Program Files (x86)\Microsoft\EdgeUpdate\Install\{070A4D4A-81D3-4D1A-AED3-F477A4D4B748}\EDGEMITMP_35E4E.tmp\setup.exe"},{"@Name":"FileVersion","#text":"136.0.3240.50"},{"@Name":"Description","#text":"Microsoft Edge Installer"},{"@Name":"Product","#text":"Microsoft Edge Installer"},{"@Name":"Company","#text":"Microsoft Corporation"},{"@Name":"OriginalFileName","#text":"setup.exe"},{"@Name":"CommandLine","#text":"\"C:\Program Files (x86)\Microsoft\EdgeUpdate\Install\{070A4D4A-81D3-4D1A-AED3-F477A4D4B748}\EDGEMITMP_35E4E.tmp\setup.exe\" --msedge --channel=stable --system-level --verbose-logging --create-shortcuts=2 --install-level=1"},{"@Name":"CurrentDirectory","#text":"C:\Program Files (x86)\Microsoft\EdgeUpdate\1.3.195.49\"},{"@Name":"User","#text":"NT AUTHORITY\SYSTEM"},{"@Name":"LogonGuid","#text":"dbf410b3-a39d-6814-e703-000000000000"},{"@Name":"LogonId","#text":"0x3E7"},{"@Name":"TerminalSessionId","#text":"0"},{"@Name":"IntegrityLevel","#text":"System"},{"@Name":"Hashes","#text":"SHA256=709217C864A99505B95682C376A02FAA81EE14D2E00E1F80E9E1B9952FE61DCE"},{"@Name":"ParentProcessGuid","#text":"dbf410b3-3835-6816-e808-000000004500"},{"@Name":"ParentProcessId","#text":"11880"},{"@Name":"ParentImage","#text":"C:\Program Files (x86)\Microsoft\EdgeUpdate\Install\{070A4D4A-81D3-4D1A-AED3-F477A4D4B748}\EDGEMITMP_35E4E.tmp\setup.exe"},{"@Name":"ParentCommandLine","#text":"\"C:\Program Files (x86)\Microsoft\EdgeUpdate\Install\{070A4D4A-81D3-4D1A-AED3-F477A4D4B748}\EDGEMITMP_35E4E.tmp\setup.exe\" --install-archive=\"C:\Program Files (x86)\Microsoft\EdgeUpdate\Install\{070A4D4A-81D3-4D1A-AED3-F477A4D4B748}\MicrosoftEdge_X64_136.0.3240.50_135.0.3179.98.exe\" --previous-version=\"135.0.3179.98\" --msedge --verbose-logging --do-not-launch-msedge --system-level --channel=stable"},{"@Name":"ParentUser","#text":"NT AUTHORITY\SYSTEM"}]}}}
{"Event":{"System":{"Provider":{"@Name":"Microsoft-Windows-Sysmon","@Guid":"5770385f-c22a-43e0-bf4c-06f5698ffbd9"},"EventID":"1","Version":"5","Level":"4","Task":"1","Opcode":"0","Keywords":"100","TimeCreated":{"@SystemTime":"2025-05-03 15:40:57.7636609"},"EventRecordID":"64306","Correlation":null,"Execution":{"@ProcessID":"2488","@ThreadID":"4156"},"Channel":"Microsoft-Windows-Sysmon/Operational","Computer":"Server002","Security":{"@UserID":"S-1-5-18"}},"EventData":{"Data":[{"@Name":"RuleName","#text":"-"},{"@Name":"UtcTime","#text":"2025-05-03 15:40:57.757"},{"@Name":"ProcessGuid","#text":"dbf410b3-3909-6816-f208-000000004500"},{"@Name":"ProcessId","#text":"12816"},{"@Name":"Image","#text":"C:\Program Files (x86)\Microsoft\EdgeUpdate\Install\{070A4D4A-81D3-4D1A-AED3-F477A4D4B748}\EDGEMITMP_35E4E.tmp\setup.exe"},{"@Name":"FileVersion","#text":"136.0.3240.50"},{"@Name":"Description","#text":"Microsoft Edge Installer"},{"@Name":"Product","#text":"Microsoft Edge Installer"},{"@Name":"Company","#text":"Microsoft Corporation"},{"@Name":"OriginalFileName","#text":"setup.exe"},{"@Name":"CommandLine","#text":"\"C:\Program Files (x86)\Microsoft\EdgeUpdate\Install\{070A4D4A-81D3-4D1A-AED3-F477A4D4B748}\EDGEMITMP_35E4E.tmp\setup.exe\" --type=crashpad-handler /prefetch:4 --monitor-self-annotation=ptype=crashpad-handler --database=C:\Windows\SystemTemp\MsEdgeCrashpad --annotation=IsOfficialBuild=1 --annotation=channel= --annotation=chromium-version=136.0.7103.49 \"--annotation=exe=C:\Program Files (x86)\Microsoft\EdgeUpdate\Install\{070A4D4A-81D3-4D1A-AED3-F477A4D4B748}\EDGEMITMP_35E4E.tmp\setup.exe\" --annotation=plat=Win64 --annotation=prod=Edge --annotation=ver=136.0.3240.50 --initial-client-data=0x23c,0x240,0x244,0x218,0x248,0x7ff66fc6f3e8,0x7ff66fc6f3f4,0x7ff66fc6f400"},{"@Name":"CurrentDirectory","#text":"C:\Program Files (x86)\Microsoft\EdgeUpdate\1.3.195.49\"},{"@Name":"User","#text":"NT AUTHORITY\SYSTEM"},{"@Name":"LogonGuid","#text":"dbf410b3-a39d-6814-e703-000000000000"},{"@Name":"LogonId","#text":"0x3E7"},{"@Name":"TerminalSessionId","#text":"0"},{"@Name":"IntegrityLevel","#text":"System"},{"@Name":"Hashes","#text":"SHA256=709217C864A99505B95682C376A02FAA81EE14D2E00E1F80E9E1B9952FE61DCE"},{"@Name":"ParentProcessGuid","#text":"dbf410b3-3909-6816-f108-000000004500"},{"@Name":"ParentProcessId","#text":"11500"},{"@Name":"ParentImage","#text":"C:\Program Files (x86)\Microsoft\EdgeUpdate\Install\{070A4D4A-81D3-4D1A-AED3-F477A4D4B748}\EDGEMITMP_35E4E.tmp\setup.exe"},{"@Name":"ParentCommandLine","#text":"\"C:\Program Files (x86)\Microsoft\EdgeUpdate\Install\{070A4D4A-81D3-4D1A-AED3-F477A4D4B748}\EDGEMITMP_35E4E.tmp\setup.exe\" --msedge --channel=stable --system-level --verbose-logging --create-shortcuts=2 --install-level=1"},{"@Name":"ParentUser","#text":"NT AUTHORITY\SYSTEM"}]}}}
{"Event":{"System":{"Provider":{"@Name":"Microsoft-Windows-Sysmon","@Guid":"5770385f-c22a-43e0-bf4c-06f5698ffbd9"},"EventID":"5","Version":"3","Level":"4","Task":"5","Opcode":"0","Keywords":"100","TimeCreated":{"@SystemTime":"2025-05-03 15:40:58.7815574"},"EventRecordID":"64307","Correlation":null,"Execution":{"@ProcessID":"2488","@ThreadID":"4156"},"Channel":"Microsoft-Windows-Sysmon/Operational","Computer":"Server002","Security":{"@UserID":"S-1-5-18"}},"EventData":{"Data":[{"@Name":"RuleName","#text":"-"},{"@Name":"UtcTime","#text":"2025-05-03 15:40:58.777"},{"@Name":"ProcessGuid","#text":"dbf410b3-3909-6816-f108-000000004500"},{"@Name":"ProcessId","#text":"11500"},{"@Name":"Image","#text":"C:\Program Files (x86)\Microsoft\EdgeUpdate\Install\{070A4D4A-81D3-4D1A-AED3-F477A4D4B748}\EDGEMITMP_35E4E.tmp\setup.exe"},{"@Name":"User","#text":"NT AUTHORITY\SYSTEM"}]}}}
{"Event":{"System":{"Provider":{"@Name":"Microsoft-Windows-Sysmon","@Guid":"5770385f-c22a-43e0-bf4c-06f5698ffbd9"},"EventID":"5","Version":"3","Level":"4","Task":"5","Opcode":"0","Keywords":"100","TimeCreated":{"@SystemTime":"2025-05-03 15:40:58.8011110"},"EventRecordID":"64308","Correlation":null,"Execution":{"@ProcessID":"2488","@ThreadID":"4156"},"Channel":"Microsoft-Windows-Sysmon/Operational","Computer":"Server002","Security":{"@UserID":"S-1-5-18"}},"EventData":{"Data":[{"@Name":"RuleName","#text":"-"},{"@Name":"UtcTime","#text":"2025-05-03 15:40:58.798"},{"@Name":"ProcessGuid","#text":"dbf410b3-3909-6816-f208-000000004500"},{"@Name":"ProcessId","#text":"12816"},{"@Name":"Image","#text":"C:\Program Files (x86)\Microsoft\EdgeUpdate\Install\{070A4D4A-81D3-4D1A-AED3-F477A4D4B748}\EDGEMITMP_35E4E.tmp\setup.exe"},{"@Name":"User","#text":"NT AUTHORITY\SYSTEM"}]}}}
{"Event":{"System":{"Provider":{"@Name":"Microsoft-Windows-Sysmon","@Guid":"5770385f-c22a-43e0-bf4c-06f5698ffbd9"},"EventID":"5","Version":"3","Level":"4","Task":"5","Opcode":"0","Keywords":"100","TimeCreated":{"@SystemTime":"2025-05-03 15:40:58.9616116"},"EventRecordID":"64309","Correlation":null,"Execution":{"@ProcessID":"2488","@ThreadID":"4156"},"Channel":"Microsoft-Windows-Sysmon/Operational","Computer":"Server002","Security":{"@UserID":"S-1-5-18"}},"EventData":{"Data":[{"@Name":"RuleName","#text":"-"},{"@Name":"UtcTime","#text":"2025-05-03 15:40:58.946"},{"@Name":"ProcessGuid","#text":"dbf410b3-3908-6816-f008-000000004500"},{"@Name":"ProcessId","#text":"14312"},{"@Name":"Image","#text":"C:\Program Files\WindowsApps\Microsoft.DesktopAppInstaller_1.25.390.0_x64__8wekyb3d8bbwe\WindowsPackageManagerServer.exe"},{"@Name":"User","#text":"SERVER002\lplui"}]}}}
{"Event":{"System":{"Provider":{"@Name":"Microsoft-Windows-Sysmon","@Guid":"5770385f-c22a-43e0-bf4c-06f5698ffbd9"},"EventID":"1","Version":"5","Level":"4","Task":"1","Opcode":"0","Keywords":"100","TimeCreated":{"@SystemTime":"2025-05-03 15:40:59.0590560"},"EventRecordID":"64310","Correlation":null,"Execution":{"@ProcessID":"2488","@ThreadID":"4156"},"Channel":"Microsoft-Windows-Sysmon/Operational","Computer":"Server002","Security":{"@UserID":"S-1-5-18"}},"EventData":{"Data":[{"@Name":"RuleName","#text":"-"},{"@Name":"UtcTime","#text":"2025-05-03 15:40:59.052"},{"@Name":"ProcessGuid","#text":"dbf410b3-390b-6816-f308-000000004500"},{"@Name":"ProcessId","#text":"12420"},{"@Name":"Image","#text":"C:\Windows\System32\svchost.exe"},{"@Name":"FileVersion","#text":"10.0.19041.4355 (WinBuild.160101.0800)"},{"@Name":"Description","#text":"Host Process for Windows Services"},{"@Name":"Product","#text":"Microsoft® Windows® Operating System"},{"@Name":"Company","#text":"Microsoft Corporation"},{"@Name":"OriginalFileName","#text":"svchost.exe"},{"@Name":"CommandLine","#text":"C:\Windows\system32\svchost.exe -k netsvcs -p -s gpsvc"},{"@Name":"CurrentDirectory","#text":"C:\Windows\system32\"},{"@Name":"User","#text":"NT AUTHORITY\SYSTEM"},{"@Name":"LogonGuid","#text":"dbf410b3-a39d-6814-e703-000000000000"},{"@Name":"LogonId","#text":"0x3E7"},{"@Name":"TerminalSessionId","#text":"0"},{"@Name":"IntegrityLevel","#text":"System"},{"@Name":"Hashes","#text":"SHA256=6FC3BF1FDFD76860BE782554F8D25BD32F108DB934D70F4253F1E5F23522E503"},{"@Name":"ParentProcessGuid","#text":"dbf410b3-a39d-6814-0b00-000000004500"},{"@Name":"ParentProcessId","#text":"676"},{"@Name":"ParentImage","#text":"C:\Windows\System32\services.exe"},{"@Name":"ParentCommandLine","#text":"C:\Windows\system32\services.exe"},{"@Name":"ParentUser","#text":"NT AUTHORITY\SYSTEM"}]}}}
{"Event":{"System":{"Provider":{"@Name":"Microsoft-Windows-Sysmon","@Guid":"5770385f-c22a-43e0-bf4c-06f5698ffbd9"},"EventID":"1","Version":"5","Level":"4","Task":"1","Opcode":"0","Keywords":"100","TimeCreated":{"@SystemTime":"2025-05-03 15:40:59.3669358"},"EventRecordID":"64311","Correlation":null,"Execution":{"@ProcessID":"2488","@ThreadID":"4156"},"Channel":"Microsoft-Windows-Sysmon/Operational","Computer":"Server002","Security":{"@UserID":"S-1-5-18"}},"EventData":{"Data":[{"@Name":"RuleName","#text":"-"},{"@Name":"UtcTime","#text":"2025-05-03 15:40:59.321"},{"@Name":"ProcessGuid","#text":"dbf410b3-390b-6816-f408-000000004500"},{"@Name":"ProcessId","#text":"12528"},{"@Name":"Image","#text":"C:\Program Files (x86)\Microsoft\Edge\Application\136.0.3240.50\Installer\setup.exe"},{"@Name":"FileVersion","#text":"136.0.3240.50"},{"@Name":"Description","#text":"Microsoft Edge Installer"},{"@Name":"Product","#text":"Microsoft Edge Installer"},{"@Name":"Company","#text":"Microsoft Corporation"},{"@Name":"OriginalFileName","#text":"setup.exe"},{"@Name":"CommandLine","#text":"\"C:\Program Files (x86)\Microsoft\Edge\Application\136.0.3240.50\Installer\setup.exe\" --msedge --channel=stable --remove-deprecated-packages --verbose-logging --system-level"},{"@Name":"CurrentDirectory","#text":"C:\Program Files (x86)\Microsoft\EdgeUpdate\1.3.195.49\"},{"@Name":"User","#text":"NT AUTHORITY\SYSTEM"},{"@Name":"LogonGuid","#text":"dbf410b3-a39d-6814-e703-000000000000"},{"@Name":"LogonId","#text":"0x3E7"},{"@Name":"TerminalSessionId","#text":"0"},{"@Name":"IntegrityLevel","#text":"System"},{"@Name":"Hashes","#text":"SHA256=709217C864A99505B95682C376A02FAA81EE14D2E00E1F80E9E1B9952FE61DCE"},{"@Name":"ParentProcessGuid","#text":"dbf410b3-3835-6816-e808-000000004500"},{"@Name":"ParentProcessId","#text":"11880"},{"@Name":"ParentImage","#text":"C:\Program Files (x86)\Microsoft\EdgeUpdate\Install\{070A4D4A-81D3-4D1A-AED3-F477A4D4B748}\EDGEMITMP_35E4E.tmp\setup.exe"},{"@Name":"ParentCommandLine","#text":"\"C:\Program Files (x86)\Microsoft\EdgeUpdate\Install\{070A4D4A-81D3-4D1A-AED3-F477A4D4B748}\EDGEMITMP_35E4E.tmp\setup.exe\" --install-archive=\"C:\Program Files (x86)\Microsoft\EdgeUpdate\Install\{070A4D4A-81D3-4D1A-AED3-F477A4D4B748}\MicrosoftEdge_X64_136.0.3240.50_135.0.3179.98.exe\" --previous-version=\"135.0.3179.98\" --msedge --verbose-logging --do-not-launch-msedge --system-level --channel=stable"},{"@Name":"ParentUser","#text":"NT AUTHORITY\SYSTEM"}]}}}
{"Event":{"System":{"Provider":{"@Name":"Microsoft-Windows-Sysmon","@Guid":"5770385f-c22a-43e0-bf4c-06f5698ffbd9"},"EventID":"1","Version":"5","Level":"4","Task":"1","Opcode":"0","Keywords":"100","TimeCreated":{"@SystemTime":"2025-05-03 15:40:59.3982422"},"EventRecordID":"64312","Correlation":null,"Execution":{"@ProcessID":"2488","@ThreadID":"4156"},"Channel":"Microsoft-Windows-Sysmon/Operational","Computer":"Server002","Security":{"@UserID":"S-1-5-18"}},"EventData":{"Data":[{"@Name":"RuleName","#text":"-"},{"@Name":"UtcTime","#text":"2025-05-03 15:40:59.387"},{"@Name":"ProcessGuid","#text":"dbf410b3-390b-6816-f508-000000004500"},{"@Name":"ProcessId","#text":"8956"},{"@Name":"Image","#text":"C:\Program Files (x86)\Microsoft\Edge\Application\136.0.3240.50\Installer\setup.exe"},{"@Name":"FileVersion","#text":"136.0.3240.50"},{"@Name":"Description","#text":"Microsoft Edge Installer"},{"@Name":"Product","#text":"Microsoft Edge Installer"},{"@Name":"Company","#text":"Microsoft Corporation"},{"@Name":"OriginalFileName","#text":"setup.exe"},{"@Name":"CommandLine","#text":"\"C:\Program Files (x86)\Microsoft\Edge\Application\136.0.3240.50\Installer\setup.exe\" --msedge --channel=stable --update-game-assist-package --verbose-logging --system-level"},{"@Name":"CurrentDirectory","#text":"C:\Program Files (x86)\Microsoft\EdgeUpdate\1.3.195.49\"},{"@Name":"User","#text":"NT AUTHORITY\SYSTEM"},{"@Name":"LogonGuid","#text":"dbf410b3-a39d-6814-e703-000000000000"},{"@Name":"LogonId","#text":"0x3E7"},{"@Name":"TerminalSessionId","#text":"0"},{"@Name":"IntegrityLevel","#text":"System"},{"@Name":"Hashes","#text":"SHA256=709217C864A99505B95682C376A02FAA81EE14D2E00E1F80E9E1B9952FE61DCE"},{"@Name":"ParentProcessGuid","#text":"dbf410b3-3835-6816-e808-000000004500"},{"@Name":"ParentProcessId","#text":"11880"},{"@Name":"ParentImage","#text":"C:\Program Files (x86)\Microsoft\EdgeUpdate\Install\{070A4D4A-81D3-4D1A-AED3-F477A4D4B748}\EDGEMITMP_35E4E.tmp\setup.exe"},{"@Name":"ParentCommandLine","#text":"\"C:\Program Files (x86)\Microsoft\EdgeUpdate\Install\{070A4D4A-81D3-4D1A-AED3-F477A4D4B748}\EDGEMITMP_35E4E.tmp\setup.exe\" --install-archive=\"C:\Program Files (x86)\Microsoft\EdgeUpdate\Install\{070A4D4A-81D3-4D1A-AED3-F477A4D4B748}\MicrosoftEdge_X64_136.0.3240.50_135.0.3179.98.exe\" --previous-version=\"135.0.3179.98\" --msedge --verbose-logging --do-not-launch-msedge --system-level --channel=stable"},{"@Name":"ParentUser","#text":"NT AUTHORITY\SYSTEM"}]}}}
{"Event":{"System":{"Provider":{"@Name":"Microsoft-Windows-Sysmon","@Guid":"5770385f-c22a-43e0-bf4c-06f5698ffbd9"},"EventID":"1","Version":"5","Level":"4","Task":"1","Opcode":"0","Keywords":"100","TimeCreated":{"@SystemTime":"2025-05-03 15:40:59.4922238"},"EventRecordID":"64313","Correlation":null,"Execution":{"@ProcessID":"2488","@ThreadID":"4156"},"Channel":"Microsoft-Windows-Sysmon/Operational","Computer":"Server002","Security":{"@UserID":"S-1-5-18"}},"EventData":{"Data":[{"@Name":"RuleName","#text":"-"},{"@Name":"UtcTime","#text":"2025-05-03 15:40:59.471"},{"@Name":"ProcessGuid","#text":"dbf410b3-390b-6816-f608-000000004500"},{"@Name":"ProcessId","#text":"9272"},{"@Name":"Image","#text":"C:\Program Files (x86)\Microsoft\Edge\Application\136.0.3240.50\Installer\setup.exe"},{"@Name":"FileVersion","#text":"136.0.3240.50"},{"@Name":"Description","#text":"Microsoft Edge Installer"},{"@Name":"Product","#text":"Microsoft Edge Installer"},{"@Name":"Company","#text":"Microsoft Corporation"},{"@Name":"OriginalFileName","#text":"setup.exe"},{"@Name":"CommandLine","#text":"\"C:\Program Files (x86)\Microsoft\Edge\Application\136.0.3240.50\Installer\setup.exe\" --type=crashpad-handler /prefetch:4 --monitor-self-annotation=ptype=crashpad-handler --database=C:\Windows\SystemTemp\MsEdgeCrashpad --annotation=IsOfficialBuild=1 --annotation=channel= --annotation=chromium-version=136.0.7103.49 \"--annotation=exe=C:\Program Files (x86)\Microsoft\Edge\Application\136.0.3240.50\Installer\setup.exe\" --annotation=plat=Win64 --annotation=prod=Edge --annotation=ver=136.0.3240.50 --initial-client-data=0x244,0x248,0x24c,0x220,0x250,0x7ff6d5fbf3e8,0x7ff6d5fbf3f4,0x7ff6d5fbf400"},{"@Name":"CurrentDirectory","#text":"C:\Program Files (x86)\Microsoft\EdgeUpdate\1.3.195.49\"},{"@Name":"User","#text":"NT AUTHORITY\SYSTEM"},{"@Name":"LogonGuid","#text":"dbf410b3-a39d-6814-e703-000000000000"},{"@Name":"LogonId","#text":"0x3E7"},{"@Name":"TerminalSessionId","#text":"0"},{"@Name":"IntegrityLevel","#text":"System"},{"@Name":"Hashes","#text":"SHA256=709217C864A99505B95682C376A02FAA81EE14D2E00E1F80E9E1B9952FE61DCE"},{"@Name":"ParentProcessGuid","#text":"dbf410b3-390b-6816-f408-000000004500"},{"@Name":"ParentProcessId","#text":"12528"},{"@Name":"ParentImage","#text":"C:\Program Files (x86)\Microsoft\Edge\Application\136.0.3240.50\Installer\setup.exe"},{"@Name":"ParentCommandLine","#text":"\"C:\Program Files (x86)\Microsoft\Edge\Application\136.0.3240.50\Installer\setup.exe\" --msedge --channel=stable --remove-deprecated-packages --verbose-logging --system-level"},{"@Name":"ParentUser","#text":"NT AUTHORITY\SYSTEM"}]}}}
{"Event":{"System":{"Provider":{"@Name":"Microsoft-Windows-Sysmon","@Guid":"5770385f-c22a-43e0-bf4c-06f5698ffbd9"},"EventID":"1","Version":"5","Level":"4","Task":"1","Opcode":"0","Keywords":"100","TimeCreated":{"@SystemTime":"2025-05-03 15:40:59.5056688"},"EventRecordID":"64314","Correlation":null,"Execution":{"@ProcessID":"2488","@ThreadID":"4156"},"Channel":"Microsoft-Windows-Sysmon/Operational","Computer":"Server002","Security":{"@UserID":"S-1-5-18"}},"EventData":{"Data":[{"@Name":"RuleName","#text":"-"},{"@Name":"UtcTime","#text":"2025-05-03 15:40:59.489"},{"@Name":"ProcessGuid","#text":"dbf410b3-390b-6816-f708-000000004500"},{"@Name":"ProcessId","#text":"9560"},{"@Name":"Image","#text":"C:\Program Files (x86)\Microsoft\Edge\Application\136.0.3240.50\Installer\setup.exe"},{"@Name":"FileVersion","#text":"136.0.3240.50"},{"@Name":"Description","#text":"Microsoft Edge Installer"},{"@Name":"Product","#text":"Microsoft Edge Installer"},{"@Name":"Company","#text":"Microsoft Corporation"},{"@Name":"OriginalFileName","#text":"setup.exe"},{"@Name":"CommandLine","#text":"\"C:\Program Files (x86)\Microsoft\Edge\Application\136.0.3240.50\Installer\setup.exe\" --type=crashpad-handler /prefetch:4 --monitor-self-annotation=ptype=crashpad-handler --database=C:\Windows\SystemTemp\MsEdgeCrashpad --annotation=IsOfficialBuild=1 --annotation=channel= --annotation=chromium-version=136.0.7103.49 \"--annotation=exe=C:\Program Files (x86)\Microsoft\Edge\Application\136.0.3240.50\Installer\setup.exe\" --annotation=plat=Win64 --annotation=prod=Edge --annotation=ver=136.0.3240.50 --initial-client-data=0x280,0x284,0x288,0x25c,0x28c,0x7ff6d5fbf3e8,0x7ff6d5fbf3f4,0x7ff6d5fbf400"},{"@Name":"CurrentDirectory","#text":"C:\Program Files (x86)\Microsoft\EdgeUpdate\1.3.195.49\"},{"@Name":"User","#text":"NT AUTHORITY\SYSTEM"},{"@Name":"LogonGuid","#text":"dbf410b3-a39d-6814-e703-000000000000"},{"@Name":"LogonId","#text":"0x3E7"},{"@Name":"TerminalSessionId","#text":"0"},{"@Name":"IntegrityLevel","#text":"System"},{"@Name":"Hashes","#text":"SHA256=709217C864A99505B95682C376A02FAA81EE14D2E00E1F80E9E1B9952FE61DCE"},{"@Name":"ParentProcessGuid","#text":"dbf410b3-390b-6816-f508-000000004500"},{"@Name":"ParentProcessId","#text":"8956"},{"@Name":"ParentImage","#text":"C:\Program Files (x86)\Microsoft\Edge\Application\136.0.3240.50\Installer\setup.exe"},{"@Name":"ParentCommandLine","#text":"\"C:\Program Files (x86)\Microsoft\Edge\Application\136.0.3240.50\Installer\setup.exe\" --msedge --channel=stable --update-game-assist-package --verbose-logging --system-level"},{"@Name":"ParentUser","#text":"NT AUTHORITY\SYSTEM"}]}}}
{"Event":{"System":{"Provider":{"@Name":"Microsoft-Windows-Sysmon","@Guid":"5770385f-c22a-43e0-bf4c-06f5698ffbd9"},"EventID":"5","Version":"3","Level":"4","Task":"5","Opcode":"0","Keywords":"100","TimeCreated":{"@SystemTime":"2025-05-03 15:40:59.5627596"},"EventRecordID":"64315","Correlation":null,"Execution":{"@ProcessID":"2488","@ThreadID":"4156"},"Channel":"Microsoft-Windows-Sysmon/Operational","Computer":"Server002","Security":{"@UserID":"S-1-5-18"}},"EventData":{"Data":[{"@Name":"RuleName","#text":"-"},{"@Name":"UtcTime","#text":"2025-05-03 15:40:59.557"},{"@Name":"ProcessGuid","#text":"dbf410b3-3835-6816-e808-000000004500"},{"@Name":"ProcessId","#text":"11880"},{"@Name":"Image","#text":"C:\Program Files (x86)\Microsoft\EdgeUpdate\Install\{070A4D4A-81D3-4D1A-AED3-F477A4D4B748}\EDGEMITMP_35E4E.tmp\setup.exe"},{"@Name":"User","#text":"NT AUTHORITY\SYSTEM"}]}}}
