{"Event":{"System":{"Provider":{"@Name":"Microsoft-Windows-Sysmon","@Guid":"5770385f-c22a-43e0-bf4c-06f5698ffbd9"},"EventID":"1","Version":"5","Level":"4","Task":"1","Opcode":"0","Keywords":"100","TimeCreated":{"@SystemTime":"2025-06-22 20:51:36.3409192"},"EventRecordID":"65456","Correlation":null,"Execution":{"@ProcessID":"3320","@ThreadID":"4124"},"Channel":"Microsoft-Windows-Sysmon/Operational","Computer":"Server002","Security":{"@UserID":"S-1-5-18"}},"EventData":{"Data":[{"@Name":"RuleName","#text":"-"},{"@Name":"UtcTime","#text":"2025-06-22 20:51:36.326"},{"@Name":"ProcessGuid","#text":"dbf410b3-6cd8-6858-ea01-000000004600"},{"@Name":"ProcessId","#text":"1172"},{"@Name":"Image","#text":"C:\Windows\System32\rundll32.exe"},{"@Name":"FileVersion","#text":"10.0.19041.4648 (WinBuild.160101.0800)"},{"@Name":"Description","#text":"Windows host process (Rundll32)"},{"@Name":"Product","#text":"Microsoft® Windows® Operating System"},{"@Name":"Company","#text":"Microsoft Corporation"},{"@Name":"OriginalFileName","#text":"RUNDLL32.EXE"},{"@Name":"CommandLine","#text":"rundll32.exe AppXDeploymentExtensions.OneCore.dll,ShellRefresh"},{"@Name":"CurrentDirectory","#text":"C:\Windows\system32\"},{"@Name":"User","#text":"SERVER002\lplui"},{"@Name":"LogonGuid","#text":"dbf410b3-682d-6858-606a-030000000000"},{"@Name":"LogonId","#text":"0x36A60"},{"@Name":"TerminalSessionId","#text":"1"},{"@Name":"IntegrityLevel","#text":"Medium"},{"@Name":"Hashes","#text":"SHA256=770832DA77324F205306B4D89C02BA2B98DCE87207A82D4BF9B1D076608862D6"},{"@Name":"ParentProcessGuid","#text":"dbf410b3-682e-6858-6500-000000004600"},{"@Name":"ParentProcessId","#text":"4372"},{"@Name":"ParentImage","#text":"C:\Windows\System32\svchost.exe"},{"@Name":"ParentCommandLine","#text":"C:\Windows\system32\svchost.exe -k wsappx -p -s AppXSvc"},{"@Name":"ParentUser","#text":"NT AUTHORITY\SYSTEM"}]}}}
{"Event":{"System":{"Provider":{"@Name":"Microsoft-Windows-Sysmon","@Guid":"5770385f-c22a-43e0-bf4c-06f5698ffbd9"},"EventID":"5","Version":"3","Level":"4","Task":"5","Opcode":"0","Keywords":"100","TimeCreated":{"@SystemTime":"2025-06-22 20:51:43.3910340"},"EventRecordID":"65457","Correlation":null,"Execution":{"@ProcessID":"3320","@ThreadID":"4124"},"Channel":"Microsoft-Windows-Sysmon/Operational","Computer":"Server002","Security":{"@UserID":"S-1-5-18"}},"EventData":{"Data":[{"@Name":"RuleName","#text":"-"},{"@Name":"UtcTime","#text":"2025-06-22 20:51:43.383"},{"@Name":"ProcessGuid","#text":"dbf410b3-6bf4-6858-d501-000000004600"},{"@Name":"ProcessId","#text":"9156"},{"@Name":"Image","#text":"C:\Windows\System32\svchost.exe"},{"@Name":"User","#text":"NT AUTHORITY\SYSTEM"}]}}}
{"Event":{"System":{"Provider":{"@Name":"Microsoft-Windows-Sysmon","@Guid":"5770385f-c22a-43e0-bf4c-06f5698ffbd9"},"EventID":"5","Version":"3","Level":"4","Task":"5","Opcode":"0","Keywords":"100","TimeCreated":{"@SystemTime":"2025-06-22 20:51:48.2501956"},"EventRecordID":"65458","Correlation":null,"Execution":{"@ProcessID":"3320","@ThreadID":"4124"},"Channel":"Microsoft-Windows-Sysmon/Operational","Computer":"Server002","Security":{"@UserID":"S-1-5-18"}},"EventData":{"Data":[{"@Name":"RuleName","#text":"-"},{"@Name":"UtcTime","#text":"2025-06-22 20:51:48.229"},{"@Name":"ProcessGuid","#text":"dbf410b3-6cd8-6858-ea01-000000004600"},{"@Name":"ProcessId","#text":"1172"},{"@Name":"Image","#text":"C:\Windows\System32\rundll32.exe"},{"@Name":"User","#text":"SERVER002\lplui"}]}}}
{"Event":{"System":{"Provider":{"@Name":"Microsoft-Windows-Sysmon","@Guid":"5770385f-c22a-43e0-bf4c-06f5698ffbd9"},"EventID":"1","Version":"5","Level":"4","Task":"1","Opcode":"0","Keywords":"100","TimeCreated":{"@SystemTime":"2025-06-22 20:51:49.2023102"},"EventRecordID":"65459","Correlation":null,"Execution":{"@ProcessID":"3320","@ThreadID":"4124"},"Channel":"Microsoft-Windows-Sysmon/Operational","Computer":"Server002","Security":{"@UserID":"S-1-5-18"}},"EventData":{"Data":[{"@Name":"RuleName","#text":"-"},{"@Name":"UtcTime","#text":"2025-06-22 20:51:49.168"},{"@Name":"ProcessGuid","#text":"dbf410b3-6ce5-6858-eb01-000000004600"},{"@Name":"ProcessId","#text":"4452"},{"@Name":"Image","#text":"C:\Windows\System32\dllhost.exe"},{"@Name":"FileVersion","#text":"10.0.19041.3636 (WinBuild.160101.0800)"},{"@Name":"Description","#text":"COM Surrogate"},{"@Name":"Product","#text":"Microsoft® Windows® Operating System"},{"@Name":"Company","#text":"Microsoft Corporation"},{"@Name":"OriginalFileName","#text":"dllhost.exe"},{"@Name":"CommandLine","#text":"C:\Windows\system32\DllHost.exe /Processid:{AB8902B4-09CA-4BB6-B78D-A8F59079A8D5}"},{"@Name":"CurrentDirectory","#text":"C:\Windows\system32\"},{"@Name":"User","#text":"SERVER002\lplui"},{"@Name":"LogonGuid","#text":"dbf410b3-682d-6858-606a-030000000000"},{"@Name":"LogonId","#text":"0x36A60"},{"@Name":"TerminalSessionId","#text":"1"},{"@Name":"IntegrityLevel","#text":"Medium"},{"@Name":"Hashes","#text":"SHA256=0309834D40475CCD5A88C48F7FF5EC62E5C6798900357DD83665C3D0345124E0"},{"@Name":"ParentProcessGuid","#text":"00000000-0000-0000-0000-000000000000"},{"@Name":"ParentProcessId","#text":"796"},{"@Name":"ParentImage","#text":"-"},{"@Name":"ParentCommandLine","#text":"-"},{"@Name":"ParentUser","#text":"-"}]}}}
{"Event":{"System":{"Provider":{"@Name":"Microsoft-Windows-Sysmon","@Guid":"5770385f-c22a-43e0-bf4c-06f5698ffbd9"},"EventID":"1","Version":"5","Level":"4","Task":"1","Opcode":"0","Keywords":"100","TimeCreated":{"@SystemTime":"2025-06-22 20:51:55.7621026"},"EventRecordID":"65460","Correlation":null,"Execution":{"@ProcessID":"3320","@ThreadID":"4124"},"Channel":"Microsoft-Windows-Sysmon/Operational","Computer":"Server002","Security":{"@UserID":"S-1-5-18"}},"EventData":{"Data":[{"@Name":"RuleName","#text":"-"},{"@Name":"UtcTime","#text":"2025-06-22 20:51:55.757"},{"@Name":"ProcessGuid","#text":"dbf410b3-6ceb-6858-ec01-000000004600"},{"@Name":"ProcessId","#text":"8780"},{"@Name":"Image","#text":"C:\Windows\System32\BackgroundTransferHost.exe"},{"@Name":"FileVersion","#text":"10.0.19041.3636 (WinBuild.160101.0800)"},{"@Name":"Description","#text":"Download/Upload Host"},{"@Name":"Product","#text":"Microsoft® Windows® Operating System"},{"@Name":"Company","#text":"Microsoft Corporation"},{"@Name":"OriginalFileName","#text":"BackgroundTransferHost.exe"},{"@Name":"CommandLine","#text":"\"BackgroundTransferHost.exe\" -ServerName:BackgroundTransferHost.1"},{"@Name":"CurrentDirectory","#text":"C:\Windows\SystemApps\Microsoft.Windows.ContentDeliveryManager_cw5n1h2txyewy\"},{"@Name":"User","#text":"SERVER002\lplui"},{"@Name":"LogonGuid","#text":"dbf410b3-682d-6858-606a-030000000000"},{"@Name":"LogonId","#text":"0x36A60"},{"@Name":"TerminalSessionId","#text":"1"},{"@Name":"IntegrityLevel","#text":"AppContainer"},{"@Name":"Hashes","#text":"SHA256=397E4A972D6665DC9C96DF4161C2A3E268F78590FB09048B0C19F3B5D3DD9A8A"},{"@Name":"ParentProcessGuid","#text":"00000000-0000-0000-0000-000000000000"},{"@Name":"ParentProcessId","#text":"796"},{"@Name":"ParentImage","#text":"-"},{"@Name":"ParentCommandLine","#text":"-"},{"@Name":"ParentUser","#text":"-"}]}}}
{"Event":{"System":{"Provider":{"@Name":"Microsoft-Windows-Sysmon","@Guid":"5770385f-c22a-43e0-bf4c-06f5698ffbd9"},"EventID":"5","Version":"3","Level":"4","Task":"5","Opcode":"0","Keywords":"100","TimeCreated":{"@SystemTime":"2025-06-22 20:51:56.0412085"},"EventRecordID":"65461","Correlation":null,"Execution":{"@ProcessID":"3320","@ThreadID":"4124"},"Channel":"Microsoft-Windows-Sysmon/Operational","Computer":"Server002","Security":{"@UserID":"S-1-5-18"}},"EventData":{"Data":[{"@Name":"RuleName","#text":"-"},{"@Name":"UtcTime","#text":"2025-06-22 20:51:56.034"},{"@Name":"ProcessGuid","#text":"dbf410b3-6ceb-6858-ec01-000000004600"},{"@Name":"ProcessId","#text":"8780"},{"@Name":"Image","#text":"C:\Windows\System32\BackgroundTransferHost.exe"},{"@Name":"User","#text":"SERVER002\lplui"}]}}}
{"Event":{"System":{"Provider":{"@Name":"Microsoft-Windows-Sysmon","@Guid":"5770385f-c22a-43e0-bf4c-06f5698ffbd9"},"EventID":"5","Version":"3","Level":"4","Task":"5","Opcode":"0","Keywords":"100","TimeCreated":{"@SystemTime":"2025-06-22 20:51:56.1697792"},"EventRecordID":"65462","Correlation":null,"Execution":{"@ProcessID":"3320","@ThreadID":"4124"},"Channel":"Microsoft-Windows-Sysmon/Operational","Computer":"Server002","Security":{"@UserID":"S-1-5-18"}},"EventData":{"Data":[{"@Name":"RuleName","#text":"-"},{"@Name":"UtcTime","#text":"2025-06-22 20:51:56.146"},{"@Name":"ProcessGuid","#text":"dbf410b3-6ce5-6858-eb01-000000004600"},{"@Name":"ProcessId","#text":"4452"},{"@Name":"Image","#text":"C:\Windows\System32\dllhost.exe"},{"@Name":"User","#text":"SERVER002\lplui"}]}}}
{"Event":{"System":{"Provider":{"@Name":"Microsoft-Windows-Sysmon","@Guid":"5770385f-c22a-43e0-bf4c-06f5698ffbd9"},"EventID":"1","Version":"5","Level":"4","Task":"1","Opcode":"0","Keywords":"100","TimeCreated":{"@SystemTime":"2025-06-22 20:51:57.4290071"},"EventRecordID":"65463","Correlation":null,"Execution":{"@ProcessID":"3320","@ThreadID":"4124"},"Channel":"Microsoft-Windows-Sysmon/Operational","Computer":"Server002","Security":{"@UserID":"S-1-5-18"}},"EventData":{"Data":[{"@Name":"RuleName","#text":"-"},{"@Name":"UtcTime","#text":"2025-06-22 20:51:57.425"},{"@Name":"ProcessGuid","#text":"dbf410b3-6ced-6858-ed01-000000004600"},{"@Name":"ProcessId","#text":"7404"},{"@Name":"Image","#text":"C:\Windows\System32\BackgroundTransferHost.exe"},{"@Name":"FileVersion","#text":"10.0.19041.3636 (WinBuild.160101.0800)"},{"@Name":"Description","#text":"Download/Upload Host"},{"@Name":"Product","#text":"Microsoft® Windows® Operating System"},{"@Name":"Company","#text":"Microsoft Corporation"},{"@Name":"OriginalFileName","#text":"BackgroundTransferHost.exe"},{"@Name":"CommandLine","#text":"\"BackgroundTransferHost.exe\" -ServerName:BackgroundTransferHost.1"},{"@Name":"CurrentDirectory","#text":"C:\Windows\SystemApps\Microsoft.Windows.ContentDeliveryManager_cw5n1h2txyewy\"},{"@Name":"User","#text":"SERVER002\lplui"},{"@Name":"LogonGuid","#text":"dbf410b3-682d-6858-606a-030000000000"},{"@Name":"LogonId","#text":"0x36A60"},{"@Name":"TerminalSessionId","#text":"1"},{"@Name":"IntegrityLevel","#text":"AppContainer"},{"@Name":"Hashes","#text":"SHA256=397E4A972D6665DC9C96DF4161C2A3E268F78590FB09048B0C19F3B5D3DD9A8A"},{"@Name":"ParentProcessGuid","#text":"00000000-0000-0000-0000-000000000000"},{"@Name":"ParentProcessId","#text":"796"},{"@Name":"ParentImage","#text":"-"},{"@Name":"ParentCommandLine","#text":"-"},{"@Name":"ParentUser","#text":"-"}]}}}
{"Event":{"System":{"Provider":{"@Name":"Microsoft-Windows-Sysmon","@Guid":"5770385f-c22a-43e0-bf4c-06f5698ffbd9"},"EventID":"5","Version":"3","Level":"4","Task":"5","Opcode":"0","Keywords":"100","TimeCreated":{"@SystemTime":"2025-06-22 20:51:59.8875516"},"EventRecordID":"65464","Correlation":null,"Execution":{"@ProcessID":"3320","@ThreadID":"4124"},"Channel":"Microsoft-Windows-Sysmon/Operational","Computer":"Server002","Security":{"@UserID":"S-1-5-18"}},"EventData":{"Data":[{"@Name":"RuleName","#text":"-"},{"@Name":"UtcTime","#text":"2025-06-22 20:51:59.867"},{"@Name":"ProcessGuid","#text":"dbf410b3-695d-6858-6301-000000004600"},{"@Name":"ProcessId","#text":"2260"},{"@Name":"Image","#text":"C:\Windows\System32\backgroundTaskHost.exe"},{"@Name":"User","#text":"SERVER002\lplui"}]}}}
{"Event":{"System":{"Provider":{"@Name":"Microsoft-Windows-Sysmon","@Guid":"5770385f-c22a-43e0-bf4c-06f5698ffbd9"},"EventID":"5","Version":"3","Level":"4","Task":"5","Opcode":"0","Keywords":"100","TimeCreated":{"@SystemTime":"2025-06-22 20:52:02.2316461"},"EventRecordID":"65465","Correlation":null,"Execution":{"@ProcessID":"3320","@ThreadID":"4124"},"Channel":"Microsoft-Windows-Sysmon/Operational","Computer":"Server002","Security":{"@UserID":"S-1-5-18"}},"EventData":{"Data":[{"@Name":"RuleName","#text":"-"},{"@Name":"UtcTime","#text":"2025-06-22 20:52:02.209"},{"@Name":"ProcessGuid","#text":"dbf410b3-6ccc-6858-e901-000000004600"},{"@Name":"ProcessId","#text":"10008"},{"@Name":"Image","#text":"C:\Windows\System32\sppsvc.exe"},{"@Name":"User","#text":"NT AUTHORITY\NETWORK SERVICE"}]}}}
{"Event":{"System":{"Provider":{"@Name":"Microsoft-Windows-Sysmon","@Guid":"5770385f-c22a-43e0-bf4c-06f5698ffbd9"},"EventID":"1","Version":"5","Level":"4","Task":"1","Opcode":"0","Keywords":"100","TimeCreated":{"@SystemTime":"2025-06-22 20:52:05.3413991"},"EventRecordID":"65466","Correlation":null,"Execution":{"@ProcessID":"3320","@ThreadID":"4124"},"Channel":"Microsoft-Windows-Sysmon/Operational","Computer":"Server002","Security":{"@UserID":"S-1-5-18"}},"EventData":{"Data":[{"@Name":"RuleName","#text":"-"},{"@Name":"UtcTime","#text":"2025-06-22 20:52:05.337"},{"@Name":"ProcessGuid","#text":"dbf410b3-6cf5-6858-ee01-000000004600"},{"@Name":"ProcessId","#text":"4928"},{"@Name":"Image","#text":"C:\Windows\System32\backgroundTaskHost.exe"},{"@Name":"FileVersion","#text":"10.0.19041.3636 (WinBuild.160101.0800)"},{"@Name":"Description","#text":"Background Task Host"},{"@Name":"Product","#text":"Microsoft® Windows® Operating System"},{"@Name":"Company","#text":"Microsoft Corporation"},{"@Name":"OriginalFileName","#text":"backgroundTaskHost.exe"},{"@Name":"CommandLine","#text":"\"C:\Windows\system32\backgroundTaskHost.exe\" -ServerName:App.AppXmtcan0h2tfbfy7k9kn8hbxb6dmzz1zh0.mca"},{"@Name":"CurrentDirectory","#text":"C:\Windows\SystemApps\Microsoft.Windows.ContentDeliveryManager_cw5n1h2txyewy\"},{"@Name":"User","#text":"SERVER002\lplui"},{"@Name":"LogonGuid","#text":"dbf410b3-682d-6858-606a-030000000000"},{"@Name":"LogonId","#text":"0x36A60"},{"@Name":"TerminalSessionId","#text":"1"},{"@Name":"IntegrityLevel","#text":"AppContainer"},{"@Name":"Hashes","#text":"SHA256=7077CBF56490C86FC74C0CC6C0379AB679F06A066E71906AD23458F664836449"},{"@Name":"ParentProcessGuid","#text":"00000000-0000-0000-0000-000000000000"},{"@Name":"ParentProcessId","#text":"796"},{"@Name":"ParentImage","#text":"-"},{"@Name":"ParentCommandLine","#text":"-"},{"@Name":"ParentUser","#text":"-"}]}}}
{"Event":{"System":{"Provider":{"@Name":"Microsoft-Windows-Sysmon","@Guid":"5770385f-c22a-43e0-bf4c-06f5698ffbd9"},"EventID":"5","Version":"3","Level":"4","Task":"5","Opcode":"0","Keywords":"100","TimeCreated":{"@SystemTime":"2025-06-22 20:52:05.9582005"},"EventRecordID":"65467","Correlation":null,"Execution":{"@ProcessID":"3320","@ThreadID":"4124"},"Channel":"Microsoft-Windows-Sysmon/Operational","Computer":"Server002","Security":{"@UserID":"S-1-5-18"}},"EventData":{"Data":[{"@Name":"RuleName","#text":"-"},{"@Name":"UtcTime","#text":"2025-06-22 20:52:05.919"},{"@Name":"ProcessGuid","#text":"dbf410b3-6ced-6858-ed01-000000004600"},{"@Name":"ProcessId","#text":"7404"},{"@Name":"Image","#text":"C:\Windows\System32\BackgroundTransferHost.exe"},{"@Name":"User","#text":"SERVER002\lplui"}]}}}
{"Event":{"System":{"Provider":{"@Name":"Microsoft-Windows-Sysmon","@Guid":"5770385f-c22a-43e0-bf4c-06f5698ffbd9"},"EventID":"1","Version":"5","Level":"4","Task":"1","Opcode":"0","Keywords":"100","TimeCreated":{"@SystemTime":"2025-06-22 20:52:31.7788886"},"EventRecordID":"65468","Correlation":null,"Execution":{"@ProcessID":"3320","@ThreadID":"4124"},"Channel":"Microsoft-Windows-Sysmon/Operational","Computer":"Server002","Security":{"@UserID":"S-1-5-18"}},"EventData":{"Data":[{"@Name":"RuleName","#text":"-"},{"@Name":"UtcTime","#text":"2025-06-22 20:52:31.771"},{"@Name":"ProcessGuid","#text":"dbf410b3-6d0f-6858-ef01-000000004600"},{"@Name":"ProcessId","#text":"7648"},{"@Name":"Image","#text":"C:\Windows\System32\RuntimeBroker.exe"},{"@Name":"FileVersion","#text":"10.0.19041.4355 (WinBuild.160101.0800)"},{"@Name":"Description","#text":"Runtime Broker"},{"@Name":"Product","#text":"Microsoft® Windows® Operating System"},{"@Name":"Company","#text":"Microsoft Corporation"},{"@Name":"OriginalFileName","#text":"RuntimeBroker.exe"},{"@Name":"CommandLine","#text":"C:\Windows\System32\RuntimeBroker.exe -Embedding"},{"@Name":"CurrentDirectory","#text":"C:\Windows\system32\"},{"@Name":"User","#text":"SERVER002\lplui"},{"@Name":"LogonGuid","#text":"dbf410b3-682d-6858-606a-030000000000"},{"@Name":"LogonId","#text":"0x36A60"},{"@Name":"TerminalSessionId","#text":"1"},{"@Name":"IntegrityLevel","#text":"Medium"},{"@Name":"Hashes","#text":"SHA256=579DFCED8F02A7E1E6E8DF10C400117D3127EAD7231776A1E467EB507261E920"},{"@Name":"ParentProcessGuid","#text":"00000000-0000-0000-0000-000000000000"},{"@Name":"ParentProcessId","#text":"796"},{"@Name":"ParentImage","#text":"-"},{"@Name":"ParentCommandLine","#text":"-"},{"@Name":"ParentUser","#text":"-"}]}}}
{"Event":{"System":{"Provider":{"@Name":"Microsoft-Windows-Sysmon","@Guid":"5770385f-c22a-43e0-bf4c-06f5698ffbd9"},"EventID":"1","Version":"5","Level":"4","Task":"1","Opcode":"0","Keywords":"100","TimeCreated":{"@SystemTime":"2025-06-22 20:52:32.1394101"},"EventRecordID":"65469","Correlation":null,"Execution":{"@ProcessID":"3320","@ThreadID":"4124"},"Channel":"Microsoft-Windows-Sysmon/Operational","Computer":"Server002","Security":{"@UserID":"S-1-5-18"}},"EventData":{"Data":[{"@Name":"RuleName","#text":"-"},{"@Name":"UtcTime","#text":"2025-06-22 20:52:32.133"},{"@Name":"ProcessGuid","#text":"dbf410b3-6d10-6858-f001-000000004600"},{"@Name":"ProcessId","#text":"4972"},{"@Name":"Image","#text":"C:\Windows\System32\BackgroundTransferHost.exe"},{"@Name":"FileVersion","#text":"10.0.19041.3636 (WinBuild.160101.0800)"},{"@Name":"Description","#text":"Download/Upload Host"},{"@Name":"Product","#text":"Microsoft® Windows® Operating System"},{"@Name":"Company","#text":"Microsoft Corporation"},{"@Name":"OriginalFileName","#text":"BackgroundTransferHost.exe"},{"@Name":"CommandLine","#text":"\"BackgroundTransferHost.exe\" -ServerName:BackgroundTransferHost.1"},{"@Name":"CurrentDirectory","#text":"C:\Windows\SystemApps\Microsoft.Windows.ContentDeliveryManager_cw5n1h2txyewy\"},{"@Name":"User","#text":"SERVER002\lplui"},{"@Name":"LogonGuid","#text":"dbf410b3-682d-6858-606a-030000000000"},{"@Name":"LogonId","#text":"0x36A60"},{"@Name":"TerminalSessionId","#text":"1"},{"@Name":"IntegrityLevel","#text":"AppContainer"},{"@Name":"Hashes","#text":"SHA256=397E4A972D6665DC9C96DF4161C2A3E268F78590FB09048B0C19F3B5D3DD9A8A"},{"@Name":"ParentProcessGuid","#text":"00000000-0000-0000-0000-000000000000"},{"@Name":"ParentProcessId","#text":"796"},{"@Name":"ParentImage","#text":"-"},{"@Name":"ParentCommandLine","#text":"-"},{"@Name":"ParentUser","#text":"-"}]}}}
{"Event":{"System":{"Provider":{"@Name":"Microsoft-Windows-Sysmon","@Guid":"5770385f-c22a-43e0-bf4c-06f5698ffbd9"},"EventID":"5","Version":"3","Level":"4","Task":"5","Opcode":"0","Keywords":"100","TimeCreated":{"@SystemTime":"2025-06-22 20:52:32.7102862"},"EventRecordID":"65470","Correlation":null,"Execution":{"@ProcessID":"3320","@ThreadID":"4124"},"Channel":"Microsoft-Windows-Sysmon/Operational","Computer":"Server002","Security":{"@UserID":"S-1-5-18"}},"EventData":{"Data":[{"@Name":"RuleName","#text":"-"},{"@Name":"UtcTime","#text":"2025-06-22 20:52:32.698"},{"@Name":"ProcessGuid","#text":"dbf410b3-6d10-6858-f001-000000004600"},{"@Name":"ProcessId","#text":"4972"},{"@Name":"Image","#text":"C:\Windows\System32\BackgroundTransferHost.exe"},{"@Name":"User","#text":"SERVER002\lplui"}]}}}
{"Event":{"System":{"Provider":{"@Name":"Microsoft-Windows-Sysmon","@Guid":"5770385f-c22a-43e0-bf4c-06f5698ffbd9"},"EventID":"5","Version":"3","Level":"4","Task":"5","Opcode":"0","Keywords":"100","TimeCreated":{"@SystemTime":"2025-06-22 20:52:32.7931648"},"EventRecordID":"65471","Correlation":null,"Execution":{"@ProcessID":"3320","@ThreadID":"4124"},"Channel":"Microsoft-Windows-Sysmon/Operational","Computer":"Server002","Security":{"@UserID":"S-1-5-18"}},"EventData":{"Data":[{"@Name":"RuleName","#text":"-"},{"@Name":"UtcTime","#text":"2025-06-22 20:52:32.781"},{"@Name":"ProcessGuid","#text":"dbf410b3-695d-6858-6601-000000004600"},{"@Name":"ProcessId","#text":"10904"},{"@Name":"Image","#text":"C:\Program Files\WindowsApps\microsoft.windowscommunicationsapps_16005.14326.22342.0_x64__8wekyb3d8bbwe\HxTsr.exe"},{"@Name":"User","#text":"SERVER002\lplui"}]}}}
{"Event":{"System":{"Provider":{"@Name":"Microsoft-Windows-Sysmon","@Guid":"5770385f-c22a-43e0-bf4c-06f5698ffbd9"},"EventID":"5","Version":"3","Level":"4","Task":"5","Opcode":"0","Keywords":"100","TimeCreated":{"@SystemTime":"2025-06-22 20:52:45.5872101"},"EventRecordID":"65472","Correlation":null,"Execution":{"@ProcessID":"3320","@ThreadID":"4124"},"Channel":"Microsoft-Windows-Sysmon/Operational","Computer":"Server002","Security":{"@UserID":"S-1-5-18"}},"EventData":{"Data":[{"@Name":"RuleName","#text":"-"},{"@Name":"UtcTime","#text":"2025-06-22 20:52:45.575"},{"@Name":"ProcessGuid","#text":"dbf410b3-6ab6-6858-b001-000000004600"},{"@Name":"ProcessId","#text":"3548"},{"@Name":"Image","#text":"C:\Windows\System32\svchost.exe"},{"@Name":"User","#text":"NT AUTHORITY\SYSTEM"}]}}}
{"Event":{"System":{"Provider":{"@Name":"Microsoft-Windows-Sysmon","@Guid":"5770385f-c22a-43e0-bf4c-06f5698ffbd9"},"EventID":"5","Version":"3","Level":"4","Task":"5","Opcode":"0","Keywords":"100","TimeCreated":{"@SystemTime":"2025-06-22 20:52:58.0916756"},"EventRecordID":"65473","Correlation":null,"Execution":{"@ProcessID":"3320","@ThreadID":"4124"},"Channel":"Microsoft-Windows-Sysmon/Operational","Computer":"Server002","Security":{"@UserID":"S-1-5-18"}},"EventData":{"Data":[{"@Name":"RuleName","#text":"-"},{"@Name":"UtcTime","#text":"2025-06-22 20:52:58.052"},{"@Name":"ProcessGuid","#text":"dbf410b3-6968-6858-6d01-000000004600"},{"@Name":"ProcessId","#text":"2020"},{"@Name":"Image","#text":"C:\Windows\System32\RuntimeBroker.exe"},{"@Name":"User","#text":"SERVER002\lplui"}]}}}
{"Event":{"System":{"Provider":{"@Name":"Microsoft-Windows-Sysmon","@Guid":"5770385f-c22a-43e0-bf4c-06f5698ffbd9"},"EventID":"1","Version":"5","Level":"4","Task":"1","Opcode":"0","Keywords":"100","TimeCreated":{"@SystemTime":"2025-06-22 20:53:52.6745328"},"EventRecordID":"65474","Correlation":null,"Execution":{"@ProcessID":"3320","@ThreadID":"4124"},"Channel":"Microsoft-Windows-Sysmon/Operational","Computer":"Server002","Security":{"@UserID":"S-1-5-18"}},"EventData":{"Data":[{"@Name":"RuleName","#text":"-"},{"@Name":"UtcTime","#text":"2025-06-22 20:53:52.635"},{"@Name":"ProcessGuid","#text":"dbf410b3-6d60-6858-f101-000000004600"},{"@Name":"ProcessId","#text":"4500"},{"@Name":"Image","#text":"C:\Windows\System32\backgroundTaskHost.exe"},{"@Name":"FileVersion","#text":"10.0.19041.3636 (WinBuild.160101.0800)"},{"@Name":"Description","#text":"Background Task Host"},{"@Name":"Product","#text":"Microsoft® Windows® Operating System"},{"@Name":"Company","#text":"Microsoft Corporation"},{"@Name":"OriginalFileName","#text":"backgroundTaskHost.exe"},{"@Name":"CommandLine","#text":"\"C:\Windows\system32\BackgroundTaskHost.exe\" -ServerName:BackgroundTaskHost.WebAccountProvider"},{"@Name":"CurrentDirectory","#text":"C:\Windows\SystemApps\Microsoft.AAD.BrokerPlugin_cw5n1h2txyewy\"},{"@Name":"User","#text":"SERVER002\lplui"},{"@Name":"LogonGuid","#text":"dbf410b3-682d-6858-606a-030000000000"},{"@Name":"LogonId","#text":"0x36A60"},{"@Name":"TerminalSessionId","#text":"1"},{"@Name":"IntegrityLevel","#text":"AppContainer"},{"@Name":"Hashes","#text":"SHA256=7077CBF56490C86FC74C0CC6C0379AB679F06A066E71906AD23458F664836449"},{"@Name":"ParentProcessGuid","#text":"00000000-0000-0000-0000-000000000000"},{"@Name":"ParentProcessId","#text":"796"},{"@Name":"ParentImage","#text":"-"},{"@Name":"ParentCommandLine","#text":"-"},{"@Name":"ParentUser","#text":"-"}]}}}
{"Event":{"System":{"Provider":{"@Name":"Microsoft-Windows-Sysmon","@Guid":"5770385f-c22a-43e0-bf4c-06f5698ffbd9"},"EventID":"1","Version":"5","Level":"4","Task":"1","Opcode":"0","Keywords":"100","TimeCreated":{"@SystemTime":"2025-06-22 20:54:14.5334322"},"EventRecordID":"65475","Correlation":null,"Execution":{"@ProcessID":"3320","@ThreadID":"4124"},"Channel":"Microsoft-Windows-Sysmon/Operational","Computer":"Server002","Security":{"@UserID":"S-1-5-18"}},"EventData":{"Data":[{"@Name":"RuleName","#text":"-"},{"@Name":"UtcTime","#text":"2025-06-22 20:54:14.520"},{"@Name":"ProcessGuid","#text":"dbf410b3-6d76-6858-f201-000000004600"},{"@Name":"ProcessId","#text":"11024"},{"@Name":"Image","#text":"C:\Windows\System32\svchost.exe"},{"@Name":"FileVersion","#text":"10.0.19041.4355 (WinBuild.160101.0800)"},{"@Name":"Description","#text":"Host Process for Windows Services"},{"@Name":"Product","#text":"Microsoft® Windows® Operating System"},{"@Name":"Company","#text":"Microsoft Corporation"},{"@Name":"OriginalFileName","#text":"svchost.exe"},{"@Name":"CommandLine","#text":"C:\Windows\System32\svchost.exe -k netsvcs -p -s Browser"},{"@Name":"CurrentDirectory","#text":"C:\Windows\system32\"},{"@Name":"User","#text":"NT AUTHORITY\SYSTEM"},{"@Name":"LogonGuid","#text":"dbf410b3-8443-6858-e703-000000000000"},{"@Name":"LogonId","#text":"0x3E7"},{"@Name":"TerminalSessionId","#text":"0"},{"@Name":"IntegrityLevel","#text":"System"},{"@Name":"Hashes","#text":"SHA256=6FC3BF1FDFD76860BE782554F8D25BD32F108DB934D70F4253F1E5F23522E503"},{"@Name":"ParentProcessGuid","#text":"00000000-0000-0000-0000-000000000000"},{"@Name":"ParentProcessId","#text":"676"},{"@Name":"ParentImage","#text":"-"},{"@Name":"ParentCommandLine","#text":"-"},{"@Name":"ParentUser","#text":"-"}]}}}
{"Event":{"System":{"Provider":{"@Name":"Microsoft-Windows-Sysmon","@Guid":"5770385f-c22a-43e0-bf4c-06f5698ffbd9"},"EventID":"1","Version":"5","Level":"4","Task":"1","Opcode":"0","Keywords":"100","TimeCreated":{"@SystemTime":"2025-06-22 20:54:15.2895392"},"EventRecordID":"65476","Correlation":null,"Execution":{"@ProcessID":"3320","@ThreadID":"4124"},"Channel":"Microsoft-Windows-Sysmon/Operational","Computer":"Server002","Security":{"@UserID":"S-1-5-18"}},"EventData":{"Data":[{"@Name":"RuleName","#text":"-"},{"@Name":"UtcTime","#text":"2025-06-22 20:54:15.273"},{"@Name":"ProcessGuid","#text":"dbf410b3-6d77-6858-f301-000000004600"},{"@Name":"ProcessId","#text":"1176"},{"@Name":"Image","#text":"C:\Program Files (x86)\Microsoft\EdgeUpdate\Install\{4EC0B2AB-BA3C-4EC4-9BC0-73FFBB74EEDA}\EDGEMITMP_97DED.tmp\setup.exe"},{"@Name":"FileVersion","#text":"137.0.3296.93"},{"@Name":"Description","#text":"Microsoft Edge Installer"},{"@Name":"Product","#text":"Microsoft Edge Installer"},{"@Name":"Company","#text":"Microsoft Corporation"},{"@Name":"OriginalFileName","#text":"setup.exe"},{"@Name":"CommandLine","#text":"\"C:\Program Files (x86)\Microsoft\EdgeUpdate\Install\{4EC0B2AB-BA3C-4EC4-9BC0-73FFBB74EEDA}\EDGEMITMP_97DED.tmp\setup.exe\" --msedge --channel=stable --system-level --verbose-logging --create-shortcuts=2 --install-level=1"},{"@Name":"CurrentDirectory","#text":"C:\Program Files (x86)\Microsoft\EdgeUpdate\1.3.195.61\"},{"@Name":"User","#text":"NT AUTHORITY\SYSTEM"},{"@Name":"LogonGuid","#text":"dbf410b3-8443-6858-e703-000000000000"},{"@Name":"LogonId","#text":"0x3E7"},{"@Name":"TerminalSessionId","#text":"0"},{"@Name":"IntegrityLevel","#text":"System"},{"@Name":"Hashes","#text":"SHA256=FA353874D2B2917FDD236D036EB97F10EF9937B0A0E7321FF1B304A3F0E04521"},{"@Name":"ParentProcessGuid","#text":"dbf410b3-695f-6858-6801-000000004600"},{"@Name":"ParentProcessId","#text":"3908"},{"@Name":"ParentImage","#text":"C:\Program Files (x86)\Microsoft\EdgeUpdate\Install\{4EC0B2AB-BA3C-4EC4-9BC0-73FFBB74EEDA}\EDGEMITMP_97DED.tmp\setup.exe"},{"@Name":"ParentCommandLine","#text":"\"C:\Program Files (x86)\Microsoft\EdgeUpdate\Install\{4EC0B2AB-BA3C-4EC4-9BC0-73FFBB74EEDA}\EDGEMITMP_97DED.tmp\setup.exe\" --install-archive=\"C:\Program Files (x86)\Microsoft\EdgeUpdate\Install\{4EC0B2AB-BA3C-4EC4-9BC0-73FFBB74EEDA}\MicrosoftEdge_X64_137.0.3296.93_136.0.3240.50.exe\" --previous-version=\"136.0.3240.50\" --msedge --verbose-logging --do-not-launch-msedge --system-level --channel=stable"},{"@Name":"ParentUser","#text":"NT AUTHORITY\SYSTEM"}]}}}
{"Event":{"System":{"Provider":{"@Name":"Microsoft-Windows-Sysmon","@Guid":"5770385f-c22a-43e0-bf4c-06f5698ffbd9"},"EventID":"1","Version":"5","Level":"4","Task":"1","Opcode":"0","Keywords":"100","TimeCreated":{"@SystemTime":"2025-06-22 20:54:15.3836881"},"EventRecordID":"65477","Correlation":null,"Execution":{"@ProcessID":"3320","@ThreadID":"4124"},"Channel":"Microsoft-Windows-Sysmon/Operational","Computer":"Server002","Security":{"@UserID":"S-1-5-18"}},"EventData":{"Data":[{"@Name":"RuleName","#text":"-"},{"@Name":"UtcTime","#text":"2025-06-22 20:54:15.373"},{"@Name":"ProcessGuid","#text":"dbf410b3-6d77-6858-f401-000000004600"},{"@Name":"ProcessId","#text":"9160"},{"@Name":"Image","#text":"C:\Program Files (x86)\Microsoft\EdgeUpdate\Install\{4EC0B2AB-BA3C-4EC4-9BC0-73FFBB74EEDA}\EDGEMITMP_97DED.tmp\setup.exe"},{"@Name":"FileVersion","#text":"137.0.3296.93"},{"@Name":"Description","#text":"Microsoft Edge Installer"},{"@Name":"Product","#text":"Microsoft Edge Installer"},{"@Name":"Company","#text":"Microsoft Corporation"},{"@Name":"OriginalFileName","#text":"setup.exe"},{"@Name":"CommandLine","#text":"\"C:\Program Files (x86)\Microsoft\EdgeUpdate\Install\{4EC0B2AB-BA3C-4EC4-9BC0-73FFBB74EEDA}\EDGEMITMP_97DED.tmp\setup.exe\" --type=crashpad-handler /prefetch:4 --monitor-self-annotation=ptype=crashpad-handler --database=C:\Windows\SystemTemp\MsEdgeCrashpad --annotation=IsOfficialBuild=1 --annotation=channel= --annotation=chromium-version=137.0.7151.120 \"--annotation=exe=C:\Program Files (x86)\Microsoft\EdgeUpdate\Install\{4EC0B2AB-BA3C-4EC4-9BC0-73FFBB74EEDA}\EDGEMITMP_97DED.tmp\setup.exe\" --annotation=plat=Win64 --annotation=prod=Edge --annotation=ver=137.0.3296.93 --initial-client-data=0x238,0x23c,0x240,0x214,0x244,0x7ff6f53053f8,0x7ff6f5305404,0x7ff6f5305410"},{"@Name":"CurrentDirectory","#text":"C:\Program Files (x86)\Microsoft\EdgeUpdate\1.3.195.61\"},{"@Name":"User","#text":"NT AUTHORITY\SYSTEM"},{"@Name":"LogonGuid","#text":"dbf410b3-8443-6858-e703-000000000000"},{"@Name":"LogonId","#text":"0x3E7"},{"@Name":"TerminalSessionId","#text":"0"},{"@Name":"IntegrityLevel","#text":"System"},{"@Name":"Hashes","#text":"SHA256=FA353874D2B2917FDD236D036EB97F10EF9937B0A0E7321FF1B304A3F0E04521"},{"@Name":"ParentProcessGuid","#text":"dbf410b3-6d77-6858-f301-000000004600"},{"@Name":"ParentProcessId","#text":"1176"},{"@Name":"ParentImage","#text":"C:\Program Files (x86)\Microsoft\EdgeUpdate\Install\{4EC0B2AB-BA3C-4EC4-9BC0-73FFBB74EEDA}\EDGEMITMP_97DED.tmp\setup.exe"},{"@Name":"ParentCommandLine","#text":"\"C:\Program Files (x86)\Microsoft\EdgeUpdate\Install\{4EC0B2AB-BA3C-4EC4-9BC0-73FFBB74EEDA}\EDGEMITMP_97DED.tmp\setup.exe\" --msedge --channel=stable --system-level --verbose-logging --create-shortcuts=2 --install-level=1"},{"@Name":"ParentUser","#text":"NT AUTHORITY\SYSTEM"}]}}}
{"Event":{"System":{"Provider":{"@Name":"Microsoft-Windows-Sysmon","@Guid":"5770385f-c22a-43e0-bf4c-06f5698ffbd9"},"EventID":"5","Version":"3","Level":"4","Task":"5","Opcode":"0","Keywords":"100","TimeCreated":{"@SystemTime":"2025-06-22 20:54:15.9107952"},"EventRecordID":"65478","Correlation":null,"Execution":{"@ProcessID":"3320","@ThreadID":"4124"},"Channel":"Microsoft-Windows-Sysmon/Operational","Computer":"Server002","Security":{"@UserID":"S-1-5-18"}},"EventData":{"Data":[{"@Name":"RuleName","#text":"-"},{"@Name":"UtcTime","#text":"2025-06-22 20:54:15.894"},{"@Name":"ProcessGuid","#text":"dbf410b3-6d77-6858-f301-000000004600"},{"@Name":"ProcessId","#text":"1176"},{"@Name":"Image","#text":"C:\Program Files (x86)\Microsoft\EdgeUpdate\Install\{4EC0B2AB-BA3C-4EC4-9BC0-73FFBB74EEDA}\EDGEMITMP_97DED.tmp\setup.exe"},{"@Name":"User","#text":"NT AUTHORITY\SYSTEM"}]}}}
{"Event":{"System":{"Provider":{"@Name":"Microsoft-Windows-Sysmon","@Guid":"5770385f-c22a-43e0-bf4c-06f5698ffbd9"},"EventID":"5","Version":"3","Level":"4","Task":"5","Opcode":"0","Keywords":"100","TimeCreated":{"@SystemTime":"2025-06-22 20:54:16.0194958"},"EventRecordID":"65479","Correlation":null,"Execution":{"@ProcessID":"3320","@ThreadID":"4124"},"Channel":"Microsoft-Windows-Sysmon/Operational","Computer":"Server002","Security":{"@UserID":"S-1-5-18"}},"EventData":{"Data":[{"@Name":"RuleName","#text":"-"},{"@Name":"UtcTime","#text":"2025-06-22 20:54:15.967"},{"@Name":"ProcessGuid","#text":"dbf410b3-6d77-6858-f401-000000004600"},{"@Name":"ProcessId","#text":"9160"},{"@Name":"Image","#text":"C:\Program Files (x86)\Microsoft\EdgeUpdate\Install\{4EC0B2AB-BA3C-4EC4-9BC0-73FFBB74EEDA}\EDGEMITMP_97DED.tmp\setup.exe"},{"@Name":"User","#text":"NT AUTHORITY\SYSTEM"}]}}}
{"Event":{"System":{"Provider":{"@Name":"Microsoft-Windows-Sysmon","@Guid":"5770385f-c22a-43e0-bf4c-06f5698ffbd9"},"EventID":"1","Version":"5","Level":"4","Task":"1","Opcode":"0","Keywords":"100","TimeCreated":{"@SystemTime":"2025-06-22 20:54:16.1214367"},"EventRecordID":"65480","Correlation":null,"Execution":{"@ProcessID":"3320","@ThreadID":"4124"},"Channel":"Microsoft-Windows-Sysmon/Operational","Computer":"Server002","Security":{"@UserID":"S-1-5-18"}},"EventData":{"Data":[{"@Name":"RuleName","#text":"-"},{"@Name":"UtcTime","#text":"2025-06-22 20:54:16.042"},{"@Name":"ProcessGuid","#text":"dbf410b3-6d78-6858-f501-000000004600"},{"@Name":"ProcessId","#text":"8760"},{"@Name":"Image","#text":"C:\Program Files (x86)\Microsoft\Edge\Application\137.0.3296.93\Installer\setup.exe"},{"@Name":"FileVersion","#text":"137.0.3296.93"},{"@Name":"Description","#text":"Microsoft Edge Installer"},{"@Name":"Product","#text":"Microsoft Edge Installer"},{"@Name":"Company","#text":"Microsoft Corporation"},{"@Name":"OriginalFileName","#text":"setup.exe"},{"@Name":"CommandLine","#text":"\"C:\Program Files (x86)\Microsoft\Edge\Application\137.0.3296.93\Installer\setup.exe\" --msedge --channel=stable --register-package-identity --verbose-logging --system-level"},{"@Name":"CurrentDirectory","#text":"C:\Program Files (x86)\Microsoft\Edge\Application\137.0.3296.93\Installer\"},{"@Name":"User","#text":"NT AUTHORITY\SYSTEM"},{"@Name":"LogonGuid","#text":"dbf410b3-8443-6858-e703-000000000000"},{"@Name":"LogonId","#text":"0x3E7"},{"@Name":"TerminalSessionId","#text":"0"},{"@Name":"IntegrityLevel","#text":"System"},{"@Name":"Hashes","#text":"SHA256=FA353874D2B2917FDD236D036EB97F10EF9937B0A0E7321FF1B304A3F0E04521"},{"@Name":"ParentProcessGuid","#text":"dbf410b3-695f-6858-6801-000000004600"},{"@Name":"ParentProcessId","#text":"3908"},{"@Name":"ParentImage","#text":"C:\Program Files (x86)\Microsoft\EdgeUpdate\Install\{4EC0B2AB-BA3C-4EC4-9BC0-73FFBB74EEDA}\EDGEMITMP_97DED.tmp\setup.exe"},{"@Name":"ParentCommandLine","#text":"\"C:\Program Files (x86)\Microsoft\EdgeUpdate\Install\{4EC0B2AB-BA3C-4EC4-9BC0-73FFBB74EEDA}\EDGEMITMP_97DED.tmp\setup.exe\" --install-archive=\"C:\Program Files (x86)\Microsoft\EdgeUpdate\Install\{4EC0B2AB-BA3C-4EC4-9BC0-73FFBB74EEDA}\MicrosoftEdge_X64_137.0.3296.93_136.0.3240.50.exe\" --previous-version=\"136.0.3240.50\" --msedge --verbose-logging --do-not-launch-msedge --system-level --channel=stable"},{"@Name":"ParentUser","#text":"NT AUTHORITY\SYSTEM"}]}}}
{"Event":{"System":{"Provider":{"@Name":"Microsoft-Windows-Sysmon","@Guid":"5770385f-c22a-43e0-bf4c-06f5698ffbd9"},"EventID":"1","Version":"5","Level":"4","Task":"1","Opcode":"0","Keywords":"100","TimeCreated":{"@SystemTime":"2025-06-22 20:54:16.1217954"},"EventRecordID":"65481","Correlation":null,"Execution":{"@ProcessID":"3320","@ThreadID":"4124"},"Channel":"Microsoft-Windows-Sysmon/Operational","Computer":"Server002","Security":{"@UserID":"S-1-5-18"}},"EventData":{"Data":[{"@Name":"RuleName","#text":"-"},{"@Name":"UtcTime","#text":"2025-06-22 20:54:16.103"},{"@Name":"ProcessGuid","#text":"dbf410b3-6d78-6858-f601-000000004600"},{"@Name":"ProcessId","#text":"10112"},{"@Name":"Image","#text":"C:\Program Files (x86)\Microsoft\Edge\Application\137.0.3296.93\Installer\setup.exe"},{"@Name":"FileVersion","#text":"137.0.3296.93"},{"@Name":"Description","#text":"Microsoft Edge Installer"},{"@Name":"Product","#text":"Microsoft Edge Installer"},{"@Name":"Company","#text":"Microsoft Corporation"},{"@Name":"OriginalFileName","#text":"setup.exe"},{"@Name":"CommandLine","#text":"\"C:\Program Files (x86)\Microsoft\Edge\Application\137.0.3296.93\Installer\setup.exe\" --msedge --channel=stable --remove-deprecated-packages --verbose-logging --system-level"},{"@Name":"CurrentDirectory","#text":"C:\Program Files (x86)\Microsoft\EdgeUpdate\1.3.195.61\"},{"@Name":"User","#text":"NT AUTHORITY\SYSTEM"},{"@Name":"LogonGuid","#text":"dbf410b3-8443-6858-e703-000000000000"},{"@Name":"LogonId","#text":"0x3E7"},{"@Name":"TerminalSessionId","#text":"0"},{"@Name":"IntegrityLevel","#text":"System"},{"@Name":"Hashes","#text":"SHA256=FA353874D2B2917FDD236D036EB97F10EF9937B0A0E7321FF1B304A3F0E04521"},{"@Name":"ParentProcessGuid","#text":"dbf410b3-695f-6858-6801-000000004600"},{"@Name":"ParentProcessId","#text":"3908"},{"@Name":"ParentImage","#text":"C:\Program Files (x86)\Microsoft\EdgeUpdate\Install\{4EC0B2AB-BA3C-4EC4-9BC0-73FFBB74EEDA}\EDGEMITMP_97DED.tmp\setup.exe"},{"@Name":"ParentCommandLine","#text":"\"C:\Program Files (x86)\Microsoft\EdgeUpdate\Install\{4EC0B2AB-BA3C-4EC4-9BC0-73FFBB74EEDA}\EDGEMITMP_97DED.tmp\setup.exe\" --install-archive=\"C:\Program Files (x86)\Microsoft\EdgeUpdate\Install\{4EC0B2AB-BA3C-4EC4-9BC0-73FFBB74EEDA}\MicrosoftEdge_X64_137.0.3296.93_136.0.3240.50.exe\" --previous-version=\"136.0.3240.50\" --msedge --verbose-logging --do-not-launch-msedge --system-level --channel=stable"},{"@Name":"ParentUser","#text":"NT AUTHORITY\SYSTEM"}]}}}
{"Event":{"System":{"Provider":{"@Name":"Microsoft-Windows-Sysmon","@Guid":"5770385f-c22a-43e0-bf4c-06f5698ffbd9"},"EventID":"1","Version":"5","Level":"4","Task":"1","Opcode":"0","Keywords":"100","TimeCreated":{"@SystemTime":"2025-06-22 20:54:16.1223571"},"EventRecordID":"65482","Correlation":null,"Execution":{"@ProcessID":"3320","@ThreadID":"4124"},"Channel":"Microsoft-Windows-Sysmon/Operational","Computer":"Server002","Security":{"@UserID":"S-1-5-18"}},"EventData":{"Data":[{"@Name":"RuleName","#text":"-"},{"@Name":"UtcTime","#text":"2025-06-22 20:54:16.111"},{"@Name":"ProcessGuid","#text":"dbf410b3-6d78-6858-f701-000000004600"},{"@Name":"ProcessId","#text":"6776"},{"@Name":"Image","#text":"C:\Program Files (x86)\Microsoft\Edge\Application\137.0.3296.93\Installer\setup.exe"},{"@Name":"FileVersion","#text":"137.0.3296.93"},{"@Name":"Description","#text":"Microsoft Edge Installer"},{"@Name":"Product","#text":"Microsoft Edge Installer"},{"@Name":"Company","#text":"Microsoft Corporation"},{"@Name":"OriginalFileName","#text":"setup.exe"},{"@Name":"CommandLine","#text":"\"C:\Program Files (x86)\Microsoft\Edge\Application\137.0.3296.93\Installer\setup.exe\" --msedge --channel=stable --install-update-game-assist-package --verbose-logging --system-level"},{"@Name":"CurrentDirectory","#text":"C:\Program Files (x86)\Microsoft\EdgeUpdate\1.3.195.61\"},{"@Name":"User","#text":"NT AUTHORITY\SYSTEM"},{"@Name":"LogonGuid","#text":"dbf410b3-8443-6858-e703-000000000000"},{"@Name":"LogonId","#text":"0x3E7"},{"@Name":"TerminalSessionId","#text":"0"},{"@Name":"IntegrityLevel","#text":"System"},{"@Name":"Hashes","#text":"SHA256=FA353874D2B2917FDD236D036EB97F10EF9937B0A0E7321FF1B304A3F0E04521"},{"@Name":"ParentProcessGuid","#text":"dbf410b3-695f-6858-6801-000000004600"},{"@Name":"ParentProcessId","#text":"3908"},{"@Name":"ParentImage","#text":"C:\Program Files (x86)\Microsoft\EdgeUpdate\Install\{4EC0B2AB-BA3C-4EC4-9BC0-73FFBB74EEDA}\EDGEMITMP_97DED.tmp\setup.exe"},{"@Name":"ParentCommandLine","#text":"\"C:\Program Files (x86)\Microsoft\EdgeUpdate\Install\{4EC0B2AB-BA3C-4EC4-9BC0-73FFBB74EEDA}\EDGEMITMP_97DED.tmp\setup.exe\" --install-archive=\"C:\Program Files (x86)\Microsoft\EdgeUpdate\Install\{4EC0B2AB-BA3C-4EC4-9BC0-73FFBB74EEDA}\MicrosoftEdge_X64_137.0.3296.93_136.0.3240.50.exe\" --previous-version=\"136.0.3240.50\" --msedge --verbose-logging --do-not-launch-msedge --system-level --channel=stable"},{"@Name":"ParentUser","#text":"NT AUTHORITY\SYSTEM"}]}}}
{"Event":{"System":{"Provider":{"@Name":"Microsoft-Windows-Sysmon","@Guid":"5770385f-c22a-43e0-bf4c-06f5698ffbd9"},"EventID":"1","Version":"5","Level":"4","Task":"1","Opcode":"0","Keywords":"100","TimeCreated":{"@SystemTime":"2025-06-22 20:54:16.1486676"},"EventRecordID":"65483","Correlation":null,"Execution":{"@ProcessID":"3320","@ThreadID":"4124"},"Channel":"Microsoft-Windows-Sysmon/Operational","Computer":"Server002","Security":{"@UserID":"S-1-5-18"}},"EventData":{"Data":[{"@Name":"RuleName","#text":"-"},{"@Name":"UtcTime","#text":"2025-06-22 20:54:16.144"},{"@Name":"ProcessGuid","#text":"dbf410b3-6d78-6858-f801-000000004600"},{"@Name":"ProcessId","#text":"4304"},{"@Name":"Image","#text":"C:\Program Files (x86)\Microsoft\Edge\Application\137.0.3296.93\Installer\setup.exe"},{"@Name":"FileVersion","#text":"137.0.3296.93"},{"@Name":"Description","#text":"Microsoft Edge Installer"},{"@Name":"Product","#text":"Microsoft Edge Installer"},{"@Name":"Company","#text":"Microsoft Corporation"},{"@Name":"OriginalFileName","#text":"setup.exe"},{"@Name":"CommandLine","#text":"\"C:\Program Files (x86)\Microsoft\Edge\Application\137.0.3296.93\Installer\setup.exe\" --type=crashpad-handler /prefetch:4 --monitor-self-annotation=ptype=crashpad-handler --database=C:\Windows\SystemTemp\MsEdgeCrashpad --annotation=IsOfficialBuild=1 --annotation=channel= --annotation=chromium-version=137.0.7151.120 \"--annotation=exe=C:\Program Files (x86)\Microsoft\Edge\Application\137.0.3296.93\Installer\setup.exe\" --annotation=plat=Win64 --annotation=prod=Edge --annotation=ver=137.0.3296.93 --initial-client-data=0x238,0x23c,0x240,0x214,0x244,0x7ff62c3c53f8,0x7ff62c3c5404,0x7ff62c3c5410"},{"@Name":"CurrentDirectory","#text":"C:\Program Files (x86)\Microsoft\Edge\Application\137.0.3296.93\Installer\"},{"@Name":"User","#text":"NT AUTHORITY\SYSTEM"},{"@Name":"LogonGuid","#text":"dbf410b3-8443-6858-e703-000000000000"},{"@Name":"LogonId","#text":"0x3E7"},{"@Name":"TerminalSessionId","#text":"0"},{"@Name":"IntegrityLevel","#text":"System"},{"@Name":"Hashes","#text":"SHA256=FA353874D2B2917FDD236D036EB97F10EF9937B0A0E7321FF1B304A3F0E04521"},{"@Name":"ParentProcessGuid","#text":"dbf410b3-6d78-6858-f501-000000004600"},{"@Name":"ParentProcessId","#text":"8760"},{"@Name":"ParentImage","#text":"C:\Program Files (x86)\Microsoft\Edge\Application\137.0.3296.93\Installer\setup.exe"},{"@Name":"ParentCommandLine","#text":"\"C:\Program Files (x86)\Microsoft\Edge\Application\137.0.3296.93\Installer\setup.exe\" --msedge --channel=stable --register-package-identity --verbose-logging --system-level"},{"@Name":"ParentUser","#text":"NT AUTHORITY\SYSTEM"}]}}}
{"Event":{"System":{"Provider":{"@Name":"Microsoft-Windows-Sysmon","@Guid":"5770385f-c22a-43e0-bf4c-06f5698ffbd9"},"EventID":"1","Version":"5","Level":"4","Task":"1","Opcode":"0","Keywords":"100","TimeCreated":{"@SystemTime":"2025-06-22 20:54:16.2064727"},"EventRecordID":"65484","Correlation":null,"Execution":{"@ProcessID":"3320","@ThreadID":"4124"},"Channel":"Microsoft-Windows-Sysmon/Operational","Computer":"Server002","Security":{"@UserID":"S-1-5-18"}},"EventData":{"Data":[{"@Name":"RuleName","#text":"-"},{"@Name":"UtcTime","#text":"2025-06-22 20:54:16.168"},{"@Name":"ProcessGuid","#text":"dbf410b3-6d78-6858-f901-000000004600"},{"@Name":"ProcessId","#text":"8304"},{"@Name":"Image","#text":"C:\Program Files (x86)\Microsoft\Edge\Application\137.0.3296.93\Installer\setup.exe"},{"@Name":"FileVersion","#text":"137.0.3296.93"},{"@Name":"Description","#text":"Microsoft Edge Installer"},{"@Name":"Product","#text":"Microsoft Edge Installer"},{"@Name":"Company","#text":"Microsoft Corporation"},{"@Name":"OriginalFileName","#text":"setup.exe"},{"@Name":"CommandLine","#text":"\"C:\Program Files (x86)\Microsoft\Edge\Application\137.0.3296.93\Installer\setup.exe\" --type=crashpad-handler /prefetch:4 --monitor-self-annotation=ptype=crashpad-handler --database=C:\Windows\SystemTemp\MsEdgeCrashpad --annotation=IsOfficialBuild=1 --annotation=channel= --annotation=chromium-version=137.0.7151.120 \"--annotation=exe=C:\Program Files (x86)\Microsoft\Edge\Application\137.0.3296.93\Installer\setup.exe\" --annotation=plat=Win64 --annotation=prod=Edge --annotation=ver=137.0.3296.93 --initial-client-data=0x238,0x23c,0x240,0x214,0x244,0x7ff62c3c53f8,0x7ff62c3c5404,0x7ff62c3c5410"},{"@Name":"CurrentDirectory","#text":"C:\Program Files (x86)\Microsoft\EdgeUpdate\1.3.195.61\"},{"@Name":"User","#text":"NT AUTHORITY\SYSTEM"},{"@Name":"LogonGuid","#text":"dbf410b3-8443-6858-e703-000000000000"},{"@Name":"LogonId","#text":"0x3E7"},{"@Name":"TerminalSessionId","#text":"0"},{"@Name":"IntegrityLevel","#text":"System"},{"@Name":"Hashes","#text":"SHA256=FA353874D2B2917FDD236D036EB97F10EF9937B0A0E7321FF1B304A3F0E04521"},{"@Name":"ParentProcessGuid","#text":"dbf410b3-6d78-6858-f601-000000004600"},{"@Name":"ParentProcessId","#text":"10112"},{"@Name":"ParentImage","#text":"C:\Program Files (x86)\Microsoft\Edge\Application\137.0.3296.93\Installer\setup.exe"},{"@Name":"ParentCommandLine","#text":"\"C:\Program Files (x86)\Microsoft\Edge\Application\137.0.3296.93\Installer\setup.exe\" --msedge --channel=stable --remove-deprecated-packages --verbose-logging --system-level"},{"@Name":"ParentUser","#text":"NT AUTHORITY\SYSTEM"}]}}}
{"Event":{"System":{"Provider":{"@Name":"Microsoft-Windows-Sysmon","@Guid":"5770385f-c22a-43e0-bf4c-06f5698ffbd9"},"EventID":"1","Version":"5","Level":"4","Task":"1","Opcode":"0","Keywords":"100","TimeCreated":{"@SystemTime":"2025-06-22 20:54:16.2069430"},"EventRecordID":"65485","Correlation":null,"Execution":{"@ProcessID":"3320","@ThreadID":"4124"},"Channel":"Microsoft-Windows-Sysmon/Operational","Computer":"Server002","Security":{"@UserID":"S-1-5-18"}},"EventData":{"Data":[{"@Name":"RuleName","#text":"-"},{"@Name":"UtcTime","#text":"2025-06-22 20:54:16.184"},{"@Name":"ProcessGuid","#text":"dbf410b3-6d78-6858-fa01-000000004600"},{"@Name":"ProcessId","#text":"7048"},{"@Name":"Image","#text":"C:\Program Files (x86)\Microsoft\Edge\Application\137.0.3296.93\Installer\setup.exe"},{"@Name":"FileVersion","#text":"137.0.3296.93"},{"@Name":"Description","#text":"Microsoft Edge Installer"},{"@Name":"Product","#text":"Microsoft Edge Installer"},{"@Name":"Company","#text":"Microsoft Corporation"},{"@Name":"OriginalFileName","#text":"setup.exe"},{"@Name":"CommandLine","#text":"\"C:\Program Files (x86)\Microsoft\Edge\Application\137.0.3296.93\Installer\setup.exe\" --type=crashpad-handler /prefetch:4 --monitor-self-annotation=ptype=crashpad-handler --database=C:\Windows\SystemTemp\MsEdgeCrashpad --annotation=IsOfficialBuild=1 --annotation=channel= --annotation=chromium-version=137.0.7151.120 \"--annotation=exe=C:\Program Files (x86)\Microsoft\Edge\Application\137.0.3296.93\Installer\setup.exe\" --annotation=plat=Win64 --annotation=prod=Edge --annotation=ver=137.0.3296.93 --initial-client-data=0x238,0x23c,0x240,0x214,0x244,0x7ff62c3c53f8,0x7ff62c3c5404,0x7ff62c3c5410"},{"@Name":"CurrentDirectory","#text":"C:\Program Files (x86)\Microsoft\EdgeUpdate\1.3.195.61\"},{"@Name":"User","#text":"NT AUTHORITY\SYSTEM"},{"@Name":"LogonGuid","#text":"dbf410b3-8443-6858-e703-000000000000"},{"@Name":"LogonId","#text":"0x3E7"},{"@Name":"TerminalSessionId","#text":"0"},{"@Name":"IntegrityLevel","#text":"System"},{"@Name":"Hashes","#text":"SHA256=FA353874D2B2917FDD236D036EB97F10EF9937B0A0E7321FF1B304A3F0E04521"},{"@Name":"ParentProcessGuid","#text":"dbf410b3-6d78-6858-f701-000000004600"},{"@Name":"ParentProcessId","#text":"6776"},{"@Name":"ParentImage","#text":"C:\Program Files (x86)\Microsoft\Edge\Application\137.0.3296.93\Installer\setup.exe"},{"@Name":"ParentCommandLine","#text":"\"C:\Program Files (x86)\Microsoft\Edge\Application\137.0.3296.93\Installer\setup.exe\" --msedge --channel=stable --install-update-game-assist-package --verbose-logging --system-level"},{"@Name":"ParentUser","#text":"NT AUTHORITY\SYSTEM"}]}}}
{"Event":{"System":{"Provider":{"@Name":"Microsoft-Windows-Sysmon","@Guid":"5770385f-c22a-43e0-bf4c-06f5698ffbd9"},"EventID":"5","Version":"3","Level":"4","Task":"5","Opcode":"0","Keywords":"100","TimeCreated":{"@SystemTime":"2025-06-22 20:54:16.4277968"},"EventRecordID":"65486","Correlation":null,"Execution":{"@ProcessID":"3320","@ThreadID":"4124"},"Channel":"Microsoft-Windows-Sysmon/Operational","Computer":"Server002","Security":{"@UserID":"S-1-5-18"}},"EventData":{"Data":[{"@Name":"RuleName","#text":"-"},{"@Name":"UtcTime","#text":"2025-06-22 20:54:16.325"},{"@Name":"ProcessGuid","#text":"dbf410b3-695f-6858-6801-000000004600"},{"@Name":"ProcessId","#text":"3908"},{"@Name":"Image","#text":"C:\Program Files (x86)\Microsoft\EdgeUpdate\Install\{4EC0B2AB-BA3C-4EC4-9BC0-73FFBB74EEDA}\EDGEMITMP_97DED.tmp\setup.exe"},{"@Name":"User","#text":"NT AUTHORITY\SYSTEM"}]}}}
{"Event":{"System":{"Provider":{"@Name":"Microsoft-Windows-Sysmon","@Guid":"5770385f-c22a-43e0-bf4c-06f5698ffbd9"},"EventID":"5","Version":"3","Level":"4","Task":"5","Opcode":"0","Keywords":"100","TimeCreated":{"@SystemTime":"2025-06-22 20:54:16.6555720"},"EventRecordID":"65487","Correlation":null,"Execution":{"@ProcessID":"3320","@ThreadID":"4124"},"Channel":"Microsoft-Windows-Sysmon/Operational","Computer":"Server002","Security":{"@UserID":"S-1-5-18"}},"EventData":{"Data":[{"@Name":"RuleName","#text":"-"},{"@Name":"UtcTime","#text":"2025-06-22 20:54:16.438"},{"@Name":"ProcessGuid","#text":"dbf410b3-6d78-6858-f501-000000004600"},{"@Name":"ProcessId","#text":"8760"},{"@Name":"Image","#text":"C:\Program Files (x86)\Microsoft\Edge\Application\137.0.3296.93\Installer\setup.exe"},{"@Name":"User","#text":"NT AUTHORITY\SYSTEM"}]}}}
