{"Event":{"System":{"Provider":{"@Name":"Microsoft-Windows-Sysmon","@Guid":"5770385f-c22a-43e0-bf4c-06f5698ffbd9"},"EventID":"5","Version":"3","Level":"4","Task":"5","Opcode":"0","Keywords":"10000","TimeCreated":{"@SystemTime":"2025-04-18 10:21:24.1449529"},"EventRecordID":"31006","Correlation":null,"Execution":{"@ProcessID":"3112","@ThreadID":"4188"},"Channel":"Microsoft-Windows-Sysmon/Operational","Computer":"Server002","Security":{"@UserID":"S-1-5-18"}},"EventData":{"Data":[{"@Name":"RuleName","#text":"-"},{"@Name":"UtcTime","#text":"2025-04-18 10:21:24.144"},{"@Name":"ProcessGuid","#text":"dbf410b3-2677-6802-f001-000000003e00"},{"@Name":"ProcessId","#text":"12324"},{"@Name":"Image","#text":"C:\Windows\System32\svchost.exe"},{"@Name":"User","#text":"NT AUTHORITY\SYSTEM"}]}}}
{"Event":{"System":{"Provider":{"@Name":"Microsoft-Windows-Sysmon","@Guid":"5770385f-c22a-43e0-bf4c-06f5698ffbd9"},"EventID":"1","Version":"5","Level":"4","Task":"1","Opcode":"0","Keywords":"10000","TimeCreated":{"@SystemTime":"2025-04-18 10:22:15.7006170"},"EventRecordID":"31007","Correlation":null,"Execution":{"@ProcessID":"3112","@ThreadID":"4188"},"Channel":"Microsoft-Windows-Sysmon/Operational","Computer":"Server002","Security":{"@UserID":"S-1-5-18"}},"EventData":{"Data":[{"@Name":"RuleName","#text":"-"},{"@Name":"UtcTime","#text":"2025-04-18 10:22:15.694"},{"@Name":"ProcessGuid","#text":"dbf410b3-27d7-6802-fa01-000000003e00"},{"@Name":"ProcessId","#text":"11556"},{"@Name":"Image","#text":"C:\Program Files\Microsoft OneDrive\25.056.0324.0003\FileCoAuth.exe"},{"@Name":"FileVersion","#text":"25.056.0324.0003"},{"@Name":"Description","#text":"Microsoft OneDriveFile Co-Authoring Executable"},{"@Name":"Product","#text":"Microsoft OneDrive"},{"@Name":"Company","#text":"Microsoft Corporation"},{"@Name":"OriginalFileName","#text":"FileCoAuth.exe"},{"@Name":"CommandLine","#text":"\"C:\Program Files\Microsoft OneDrive\25.056.0324.0003\FileCoAuth.exe\" -Embedding"},{"@Name":"CurrentDirectory","#text":"C:\Windows\system32\"},{"@Name":"User","#text":"SERVER002\lplui"},{"@Name":"LogonGuid","#text":"dbf410b3-1bf3-6802-b583-030000000000"},{"@Name":"LogonId","#text":"0x383B5"},{"@Name":"TerminalSessionId","#text":"1"},{"@Name":"IntegrityLevel","#text":"Medium"},{"@Name":"Hashes","#text":"SHA256=01F5B2DA53636896A67EDDBCD399789A5C0952D727775B1133287E6883DEDFD5"},{"@Name":"ParentProcessGuid","#text":"00000000-0000-0000-0000-000000000000"},{"@Name":"ParentProcessId","#text":"792"},{"@Name":"ParentImage","#text":"-"},{"@Name":"ParentCommandLine","#text":"-"},{"@Name":"ParentUser","#text":"-"}]}}}
{"Event":{"System":{"Provider":{"@Name":"Microsoft-Windows-Sysmon","@Guid":"5770385f-c22a-43e0-bf4c-06f5698ffbd9"},"EventID":"5","Version":"3","Level":"4","Task":"5","Opcode":"0","Keywords":"10000","TimeCreated":{"@SystemTime":"2025-04-18 10:22:21.9914120"},"EventRecordID":"31008","Correlation":null,"Execution":{"@ProcessID":"3112","@ThreadID":"4188"},"Channel":"Microsoft-Windows-Sysmon/Operational","Computer":"Server002","Security":{"@UserID":"S-1-5-18"}},"EventData":{"Data":[{"@Name":"RuleName","#text":"-"},{"@Name":"UtcTime","#text":"2025-04-18 10:22:21.989"},{"@Name":"ProcessGuid","#text":"dbf410b3-27d7-6802-fa01-000000003e00"},{"@Name":"ProcessId","#text":"11556"},{"@Name":"Image","#text":"C:\Program Files\Microsoft OneDrive\25.056.0324.0003\FileCoAuth.exe"},{"@Name":"User","#text":"SERVER002\lplui"}]}}}
{"Event":{"System":{"Provider":{"@Name":"Microsoft-Windows-Sysmon","@Guid":"5770385f-c22a-43e0-bf4c-06f5698ffbd9"},"EventID":"5","Version":"3","Level":"4","Task":"5","Opcode":"0","Keywords":"10000","TimeCreated":{"@SystemTime":"2025-04-18 10:22:24.2500574"},"EventRecordID":"31009","Correlation":null,"Execution":{"@ProcessID":"3112","@ThreadID":"4188"},"Channel":"Microsoft-Windows-Sysmon/Operational","Computer":"Server002","Security":{"@UserID":"S-1-5-18"}},"EventData":{"Data":[{"@Name":"RuleName","#text":"-"},{"@Name":"UtcTime","#text":"2025-04-18 10:22:24.249"},{"@Name":"ProcessGuid","#text":"dbf410b3-2677-6802-f301-000000003e00"},{"@Name":"ProcessId","#text":"11948"},{"@Name":"Image","#text":"C:\Windows\System32\svchost.exe"},{"@Name":"User","#text":"NT AUTHORITY\SYSTEM"}]}}}
{"Event":{"System":{"Provider":{"@Name":"Microsoft-Windows-Sysmon","@Guid":"5770385f-c22a-43e0-bf4c-06f5698ffbd9"},"EventID":"5","Version":"3","Level":"4","Task":"5","Opcode":"0","Keywords":"10000","TimeCreated":{"@SystemTime":"2025-04-18 10:24:59.7369107"},"EventRecordID":"31010","Correlation":null,"Execution":{"@ProcessID":"3112","@ThreadID":"4188"},"Channel":"Microsoft-Windows-Sysmon/Operational","Computer":"Server002","Security":{"@UserID":"S-1-5-18"}},"EventData":{"Data":[{"@Name":"RuleName","#text":"-"},{"@Name":"UtcTime","#text":"2025-04-18 10:24:59.736"},{"@Name":"ProcessGuid","#text":"dbf410b3-2677-6802-ef01-000000003e00"},{"@Name":"ProcessId","#text":"6812"},{"@Name":"Image","#text":"C:\Windows\System32\svchost.exe"},{"@Name":"User","#text":"NT AUTHORITY\SYSTEM"}]}}}
{"Event":{"System":{"Provider":{"@Name":"Microsoft-Windows-Sysmon","@Guid":"5770385f-c22a-43e0-bf4c-06f5698ffbd9"},"EventID":"5","Version":"3","Level":"4","Task":"5","Opcode":"0","Keywords":"10000","TimeCreated":{"@SystemTime":"2025-04-18 10:27:45.4419942"},"EventRecordID":"31011","Correlation":null,"Execution":{"@ProcessID":"3112","@ThreadID":"4188"},"Channel":"Microsoft-Windows-Sysmon/Operational","Computer":"Server002","Security":{"@UserID":"S-1-5-18"}},"EventData":{"Data":[{"@Name":"RuleName","#text":"-"},{"@Name":"UtcTime","#text":"2025-04-18 10:27:45.439"},{"@Name":"ProcessGuid","#text":"dbf410b3-26c9-6802-f701-000000003e00"},{"@Name":"ProcessId","#text":"6392"},{"@Name":"Image","#text":"C:\Windows\System32\svchost.exe"},{"@Name":"User","#text":"NT AUTHORITY\SYSTEM"}]}}}
{"Event":{"System":{"Provider":{"@Name":"Microsoft-Windows-Sysmon","@Guid":"5770385f-c22a-43e0-bf4c-06f5698ffbd9"},"EventID":"1","Version":"5","Level":"4","Task":"1","Opcode":"0","Keywords":"10000","TimeCreated":{"@SystemTime":"2025-04-18 10:30:00.3229933"},"EventRecordID":"31012","Correlation":null,"Execution":{"@ProcessID":"3112","@ThreadID":"4188"},"Channel":"Microsoft-Windows-Sysmon/Operational","Computer":"Server002","Security":{"@UserID":"S-1-5-18"}},"EventData":{"Data":[{"@Name":"RuleName","#text":"-"},{"@Name":"UtcTime","#text":"2025-04-18 10:30:00.314"},{"@Name":"ProcessGuid","#text":"dbf410b3-29a8-6802-fb01-000000003e00"},{"@Name":"ProcessId","#text":"8028"},{"@Name":"Image","#text":"C:\Program Files (x86)\Microsoft Office\root\Office16\SDXHelper.exe"},{"@Name":"FileVersion","#text":"16.0.18623.20178"},{"@Name":"Description","#text":"Microsoft Office SDX Helper"},{"@Name":"Product","#text":"Microsoft Office"},{"@Name":"Company","#text":"Microsoft Corporation"},{"@Name":"OriginalFileName","#text":"SDXHELPER.EXE"},{"@Name":"CommandLine","#text":"\"C:\Program Files (x86)\Microsoft Office\root\Office16\sdxhelper.exe\" /prewarm"},{"@Name":"CurrentDirectory","#text":"C:\Windows\system32\"},{"@Name":"User","#text":"SERVER002\lplui"},{"@Name":"LogonGuid","#text":"dbf410b3-1bf3-6802-b583-030000000000"},{"@Name":"LogonId","#text":"0x383B5"},{"@Name":"TerminalSessionId","#text":"1"},{"@Name":"IntegrityLevel","#text":"Medium"},{"@Name":"Hashes","#text":"SHA256=295626D4534CBC765B65AE6629478809084286E68D64D844E8A4B86E025C03ED"},{"@Name":"ParentProcessGuid","#text":"00000000-0000-0000-0000-000000000000"},{"@Name":"ParentProcessId","#text":"1144"},{"@Name":"ParentImage","#text":"-"},{"@Name":"ParentCommandLine","#text":"-"},{"@Name":"ParentUser","#text":"-"}]}}}
{"Event":{"System":{"Provider":{"@Name":"Microsoft-Windows-Sysmon","@Guid":"5770385f-c22a-43e0-bf4c-06f5698ffbd9"},"EventID":"1","Version":"5","Level":"4","Task":"1","Opcode":"0","Keywords":"10000","TimeCreated":{"@SystemTime":"2025-04-18 10:30:00.7129985"},"EventRecordID":"31013","Correlation":null,"Execution":{"@ProcessID":"3112","@ThreadID":"4188"},"Channel":"Microsoft-Windows-Sysmon/Operational","Computer":"Server002","Security":{"@UserID":"S-1-5-18"}},"EventData":{"Data":[{"@Name":"RuleName","#text":"-"},{"@Name":"UtcTime","#text":"2025-04-18 10:30:00.704"},{"@Name":"ProcessGuid","#text":"dbf410b3-29a8-6802-fc01-000000003e00"},{"@Name":"ProcessId","#text":"3892"},{"@Name":"Image","#text":"C:\Program Files (x86)\Microsoft Office\root\Office16\SDXHelper.exe"},{"@Name":"FileVersion","#text":"16.0.18623.20178"},{"@Name":"Description","#text":"Microsoft Office SDX Helper"},{"@Name":"Product","#text":"Microsoft Office"},{"@Name":"Company","#text":"Microsoft Corporation"},{"@Name":"OriginalFileName","#text":"SDXHELPER.EXE"},{"@Name":"CommandLine","#text":"\"C:\Program Files (x86)\Microsoft Office\Root\Office16\SDXHelper.exe\" -Embedding"},{"@Name":"CurrentDirectory","#text":"C:\Windows\system32\"},{"@Name":"User","#text":"SERVER002\lplui"},{"@Name":"LogonGuid","#text":"dbf410b3-1bf3-6802-b583-030000000000"},{"@Name":"LogonId","#text":"0x383B5"},{"@Name":"TerminalSessionId","#text":"1"},{"@Name":"IntegrityLevel","#text":"Medium"},{"@Name":"Hashes","#text":"SHA256=295626D4534CBC765B65AE6629478809084286E68D64D844E8A4B86E025C03ED"},{"@Name":"ParentProcessGuid","#text":"00000000-0000-0000-0000-000000000000"},{"@Name":"ParentProcessId","#text":"792"},{"@Name":"ParentImage","#text":"-"},{"@Name":"ParentCommandLine","#text":"-"},{"@Name":"ParentUser","#text":"-"}]}}}
{"Event":{"System":{"Provider":{"@Name":"Microsoft-Windows-Sysmon","@Guid":"5770385f-c22a-43e0-bf4c-06f5698ffbd9"},"EventID":"5","Version":"3","Level":"4","Task":"5","Opcode":"0","Keywords":"10000","TimeCreated":{"@SystemTime":"2025-04-18 10:30:03.5534165"},"EventRecordID":"31014","Correlation":null,"Execution":{"@ProcessID":"3112","@ThreadID":"4188"},"Channel":"Microsoft-Windows-Sysmon/Operational","Computer":"Server002","Security":{"@UserID":"S-1-5-18"}},"EventData":{"Data":[{"@Name":"RuleName","#text":"-"},{"@Name":"UtcTime","#text":"2025-04-18 10:30:03.552"},{"@Name":"ProcessGuid","#text":"dbf410b3-29a8-6802-fb01-000000003e00"},{"@Name":"ProcessId","#text":"8028"},{"@Name":"Image","#text":"C:\Program Files (x86)\Microsoft Office\root\Office16\SDXHelper.exe"},{"@Name":"User","#text":"SERVER002\lplui"}]}}}
{"Event":{"System":{"Provider":{"@Name":"Microsoft-Windows-Sysmon","@Guid":"5770385f-c22a-43e0-bf4c-06f5698ffbd9"},"EventID":"5","Version":"3","Level":"4","Task":"5","Opcode":"0","Keywords":"10000","TimeCreated":{"@SystemTime":"2025-04-18 10:30:27.0525814"},"EventRecordID":"31015","Correlation":null,"Execution":{"@ProcessID":"3112","@ThreadID":"4188"},"Channel":"Microsoft-Windows-Sysmon/Operational","Computer":"Server002","Security":{"@UserID":"S-1-5-18"}},"EventData":{"Data":[{"@Name":"RuleName","#text":"-"},{"@Name":"UtcTime","#text":"2025-04-18 10:30:27.052"},{"@Name":"ProcessGuid","#text":"dbf410b3-29a8-6802-fc01-000000003e00"},{"@Name":"ProcessId","#text":"3892"},{"@Name":"Image","#text":"C:\Program Files (x86)\Microsoft Office\root\Office16\SDXHelper.exe"},{"@Name":"User","#text":"SERVER002\lplui"}]}}}
{"Event":{"System":{"Provider":{"@Name":"Microsoft-Windows-Sysmon","@Guid":"5770385f-c22a-43e0-bf4c-06f5698ffbd9"},"EventID":"1","Version":"5","Level":"4","Task":"1","Opcode":"0","Keywords":"10000","TimeCreated":{"@SystemTime":"2025-04-18 10:31:23.3653960"},"EventRecordID":"31016","Correlation":null,"Execution":{"@ProcessID":"3112","@ThreadID":"4188"},"Channel":"Microsoft-Windows-Sysmon/Operational","Computer":"Server002","Security":{"@UserID":"S-1-5-18"}},"EventData":{"Data":[{"@Name":"RuleName","#text":"-"},{"@Name":"UtcTime","#text":"2025-04-18 10:31:23.345"},{"@Name":"ProcessGuid","#text":"dbf410b3-29fb-6802-fd01-000000003e00"},{"@Name":"ProcessId","#text":"5684"},{"@Name":"Image","#text":"C:\Windows\System32\svchost.exe"},{"@Name":"FileVersion","#text":"10.0.19041.4355 (WinBuild.160101.0800)"},{"@Name":"Description","#text":"Host Process for Windows Services"},{"@Name":"Product","#text":"Microsoft® Windows® Operating System"},{"@Name":"Company","#text":"Microsoft Corporation"},{"@Name":"OriginalFileName","#text":"svchost.exe"},{"@Name":"CommandLine","#text":"C:\Windows\system32\svchost.exe -k wsappx -p -s AppXSvc"},{"@Name":"CurrentDirectory","#text":"C:\Windows\system32\"},{"@Name":"User","#text":"NT AUTHORITY\SYSTEM"},{"@Name":"LogonGuid","#text":"dbf410b3-3809-6802-e703-000000000000"},{"@Name":"LogonId","#text":"0x3E7"},{"@Name":"TerminalSessionId","#text":"0"},{"@Name":"IntegrityLevel","#text":"System"},{"@Name":"Hashes","#text":"SHA256=6FC3BF1FDFD76860BE782554F8D25BD32F108DB934D70F4253F1E5F23522E503"},{"@Name":"ParentProcessGuid","#text":"00000000-0000-0000-0000-000000000000"},{"@Name":"ParentProcessId","#text":"672"},{"@Name":"ParentImage","#text":"-"},{"@Name":"ParentCommandLine","#text":"-"},{"@Name":"ParentUser","#text":"-"}]}}}
{"Event":{"System":{"Provider":{"@Name":"Microsoft-Windows-Sysmon","@Guid":"5770385f-c22a-43e0-bf4c-06f5698ffbd9"},"EventID":"1","Version":"5","Level":"4","Task":"1","Opcode":"0","Keywords":"10000","TimeCreated":{"@SystemTime":"2025-04-18 10:31:23.6216186"},"EventRecordID":"31017","Correlation":null,"Execution":{"@ProcessID":"3112","@ThreadID":"4188"},"Channel":"Microsoft-Windows-Sysmon/Operational","Computer":"Server002","Security":{"@UserID":"S-1-5-18"}},"EventData":{"Data":[{"@Name":"RuleName","#text":"-"},{"@Name":"UtcTime","#text":"2025-04-18 10:31:23.590"},{"@Name":"ProcessGuid","#text":"dbf410b3-29fb-6802-fe01-000000003e00"},{"@Name":"ProcessId","#text":"11076"},{"@Name":"Image","#text":"C:\Windows\System32\backgroundTaskHost.exe"},{"@Name":"FileVersion","#text":"10.0.19041.3636 (WinBuild.160101.0800)"},{"@Name":"Description","#text":"Background Task Host"},{"@Name":"Product","#text":"Microsoft® Windows® Operating System"},{"@Name":"Company","#text":"Microsoft Corporation"},{"@Name":"OriginalFileName","#text":"backgroundTaskHost.exe"},{"@Name":"CommandLine","#text":"\"C:\Windows\system32\backgroundTaskHost.exe\" -ServerName:App.AppXnme9zjyebb2xnyygh6q9ev6p5d234br2.mca"},{"@Name":"CurrentDirectory","#text":"C:\Program Files\WindowsApps\Microsoft.Todos_2.143.2921.0_x64__8wekyb3d8bbwe\"},{"@Name":"User","#text":"SERVER002\lplui"},{"@Name":"LogonGuid","#text":"dbf410b3-1bf3-6802-b583-030000000000"},{"@Name":"LogonId","#text":"0x383B5"},{"@Name":"TerminalSessionId","#text":"1"},{"@Name":"IntegrityLevel","#text":"AppContainer"},{"@Name":"Hashes","#text":"SHA256=7077CBF56490C86FC74C0CC6C0379AB679F06A066E71906AD23458F664836449"},{"@Name":"ParentProcessGuid","#text":"00000000-0000-0000-0000-000000000000"},{"@Name":"ParentProcessId","#text":"792"},{"@Name":"ParentImage","#text":"-"},{"@Name":"ParentCommandLine","#text":"-"},{"@Name":"ParentUser","#text":"-"}]}}}
{"Event":{"System":{"Provider":{"@Name":"Microsoft-Windows-Sysmon","@Guid":"5770385f-c22a-43e0-bf4c-06f5698ffbd9"},"EventID":"1","Version":"5","Level":"4","Task":"1","Opcode":"0","Keywords":"10000","TimeCreated":{"@SystemTime":"2025-04-18 10:31:23.6416414"},"EventRecordID":"31018","Correlation":null,"Execution":{"@ProcessID":"3112","@ThreadID":"4188"},"Channel":"Microsoft-Windows-Sysmon/Operational","Computer":"Server002","Security":{"@UserID":"S-1-5-18"}},"EventData":{"Data":[{"@Name":"RuleName","#text":"-"},{"@Name":"UtcTime","#text":"2025-04-18 10:31:23.620"},{"@Name":"ProcessGuid","#text":"dbf410b3-29fb-6802-ff01-000000003e00"},{"@Name":"ProcessId","#text":"13044"},{"@Name":"Image","#text":"C:\Windows\System32\backgroundTaskHost.exe"},{"@Name":"FileVersion","#text":"10.0.19041.3636 (WinBuild.160101.0800)"},{"@Name":"Description","#text":"Background Task Host"},{"@Name":"Product","#text":"Microsoft® Windows® Operating System"},{"@Name":"Company","#text":"Microsoft Corporation"},{"@Name":"OriginalFileName","#text":"backgroundTaskHost.exe"},{"@Name":"CommandLine","#text":"\"C:\Windows\system32\backgroundTaskHost.exe\" -ServerName:Global.Accounts.AppXqe94epy97qwa6w3j6w132e8zvcs117nd.mca"},{"@Name":"CurrentDirectory","#text":"C:\Windows\SystemApps\MicrosoftWindows.Client.CBS_cw5n1h2txyewy\"},{"@Name":"User","#text":"SERVER002\lplui"},{"@Name":"LogonGuid","#text":"dbf410b3-1bf3-6802-b583-030000000000"},{"@Name":"LogonId","#text":"0x383B5"},{"@Name":"TerminalSessionId","#text":"1"},{"@Name":"IntegrityLevel","#text":"AppContainer"},{"@Name":"Hashes","#text":"SHA256=7077CBF56490C86FC74C0CC6C0379AB679F06A066E71906AD23458F664836449"},{"@Name":"ParentProcessGuid","#text":"00000000-0000-0000-0000-000000000000"},{"@Name":"ParentProcessId","#text":"792"},{"@Name":"ParentImage","#text":"-"},{"@Name":"ParentCommandLine","#text":"-"},{"@Name":"ParentUser","#text":"-"}]}}}
{"Event":{"System":{"Provider":{"@Name":"Microsoft-Windows-Sysmon","@Guid":"5770385f-c22a-43e0-bf4c-06f5698ffbd9"},"EventID":"1","Version":"5","Level":"4","Task":"1","Opcode":"0","Keywords":"10000","TimeCreated":{"@SystemTime":"2025-04-18 10:31:24.3027636"},"EventRecordID":"31019","Correlation":null,"Execution":{"@ProcessID":"3112","@ThreadID":"4188"},"Channel":"Microsoft-Windows-Sysmon/Operational","Computer":"Server002","Security":{"@UserID":"S-1-5-18"}},"EventData":{"Data":[{"@Name":"RuleName","#text":"-"},{"@Name":"UtcTime","#text":"2025-04-18 10:31:24.278"},{"@Name":"ProcessGuid","#text":"dbf410b3-29fc-6802-0002-000000003e00"},{"@Name":"ProcessId","#text":"6336"},{"@Name":"Image","#text":"C:\Windows\System32\RuntimeBroker.exe"},{"@Name":"FileVersion","#text":"10.0.19041.4355 (WinBuild.160101.0800)"},{"@Name":"Description","#text":"Runtime Broker"},{"@Name":"Product","#text":"Microsoft® Windows® Operating System"},{"@Name":"Company","#text":"Microsoft Corporation"},{"@Name":"OriginalFileName","#text":"RuntimeBroker.exe"},{"@Name":"CommandLine","#text":"C:\Windows\System32\RuntimeBroker.exe -Embedding"},{"@Name":"CurrentDirectory","#text":"C:\Windows\system32\"},{"@Name":"User","#text":"SERVER002\lplui"},{"@Name":"LogonGuid","#text":"dbf410b3-1bf3-6802-b583-030000000000"},{"@Name":"LogonId","#text":"0x383B5"},{"@Name":"TerminalSessionId","#text":"1"},{"@Name":"IntegrityLevel","#text":"Medium"},{"@Name":"Hashes","#text":"SHA256=579DFCED8F02A7E1E6E8DF10C400117D3127EAD7231776A1E467EB507261E920"},{"@Name":"ParentProcessGuid","#text":"00000000-0000-0000-0000-000000000000"},{"@Name":"ParentProcessId","#text":"792"},{"@Name":"ParentImage","#text":"-"},{"@Name":"ParentCommandLine","#text":"-"},{"@Name":"ParentUser","#text":"-"}]}}}
{"Event":{"System":{"Provider":{"@Name":"Microsoft-Windows-Sysmon","@Guid":"5770385f-c22a-43e0-bf4c-06f5698ffbd9"},"EventID":"1","Version":"5","Level":"4","Task":"1","Opcode":"0","Keywords":"10000","TimeCreated":{"@SystemTime":"2025-04-18 10:31:27.4913403"},"EventRecordID":"31020","Correlation":null,"Execution":{"@ProcessID":"3112","@ThreadID":"4188"},"Channel":"Microsoft-Windows-Sysmon/Operational","Computer":"Server002","Security":{"@UserID":"S-1-5-18"}},"EventData":{"Data":[{"@Name":"RuleName","#text":"-"},{"@Name":"UtcTime","#text":"2025-04-18 10:31:27.474"},{"@Name":"ProcessGuid","#text":"dbf410b3-29ff-6802-0102-000000003e00"},{"@Name":"ProcessId","#text":"2520"},{"@Name":"Image","#text":"C:\Windows\System32\RuntimeBroker.exe"},{"@Name":"FileVersion","#text":"10.0.19041.4355 (WinBuild.160101.0800)"},{"@Name":"Description","#text":"Runtime Broker"},{"@Name":"Product","#text":"Microsoft® Windows® Operating System"},{"@Name":"Company","#text":"Microsoft Corporation"},{"@Name":"OriginalFileName","#text":"RuntimeBroker.exe"},{"@Name":"CommandLine","#text":"C:\Windows\System32\RuntimeBroker.exe -Embedding"},{"@Name":"CurrentDirectory","#text":"C:\Windows\system32\"},{"@Name":"User","#text":"SERVER002\lplui"},{"@Name":"LogonGuid","#text":"dbf410b3-1bf3-6802-b583-030000000000"},{"@Name":"LogonId","#text":"0x383B5"},{"@Name":"TerminalSessionId","#text":"1"},{"@Name":"IntegrityLevel","#text":"Medium"},{"@Name":"Hashes","#text":"SHA256=579DFCED8F02A7E1E6E8DF10C400117D3127EAD7231776A1E467EB507261E920"},{"@Name":"ParentProcessGuid","#text":"00000000-0000-0000-0000-000000000000"},{"@Name":"ParentProcessId","#text":"792"},{"@Name":"ParentImage","#text":"-"},{"@Name":"ParentCommandLine","#text":"-"},{"@Name":"ParentUser","#text":"-"}]}}}
{"Event":{"System":{"Provider":{"@Name":"Microsoft-Windows-Sysmon","@Guid":"5770385f-c22a-43e0-bf4c-06f5698ffbd9"},"EventID":"1","Version":"5","Level":"4","Task":"1","Opcode":"0","Keywords":"10000","TimeCreated":{"@SystemTime":"2025-04-18 10:31:28.1142593"},"EventRecordID":"31021","Correlation":null,"Execution":{"@ProcessID":"3112","@ThreadID":"4188"},"Channel":"Microsoft-Windows-Sysmon/Operational","Computer":"Server002","Security":{"@UserID":"S-1-5-18"}},"EventData":{"Data":[{"@Name":"RuleName","#text":"-"},{"@Name":"UtcTime","#text":"2025-04-18 10:31:28.101"},{"@Name":"ProcessGuid","#text":"dbf410b3-2a00-6802-0202-000000003e00"},{"@Name":"ProcessId","#text":"12884"},{"@Name":"Image","#text":"C:\Windows\System32\svchost.exe"},{"@Name":"FileVersion","#text":"10.0.19041.4355 (WinBuild.160101.0800)"},{"@Name":"Description","#text":"Host Process for Windows Services"},{"@Name":"Product","#text":"Microsoft® Windows® Operating System"},{"@Name":"Company","#text":"Microsoft Corporation"},{"@Name":"OriginalFileName","#text":"svchost.exe"},{"@Name":"CommandLine","#text":"C:\Windows\System32\svchost.exe -k wsappx -p -s ClipSVC"},{"@Name":"CurrentDirectory","#text":"C:\Windows\system32\"},{"@Name":"User","#text":"NT AUTHORITY\SYSTEM"},{"@Name":"LogonGuid","#text":"dbf410b3-3809-6802-e703-000000000000"},{"@Name":"LogonId","#text":"0x3E7"},{"@Name":"TerminalSessionId","#text":"0"},{"@Name":"IntegrityLevel","#text":"System"},{"@Name":"Hashes","#text":"SHA256=6FC3BF1FDFD76860BE782554F8D25BD32F108DB934D70F4253F1E5F23522E503"},{"@Name":"ParentProcessGuid","#text":"00000000-0000-0000-0000-000000000000"},{"@Name":"ParentProcessId","#text":"672"},{"@Name":"ParentImage","#text":"-"},{"@Name":"ParentCommandLine","#text":"-"},{"@Name":"ParentUser","#text":"-"}]}}}
{"Event":{"System":{"Provider":{"@Name":"Microsoft-Windows-Sysmon","@Guid":"5770385f-c22a-43e0-bf4c-06f5698ffbd9"},"EventID":"1","Version":"5","Level":"4","Task":"1","Opcode":"0","Keywords":"10000","TimeCreated":{"@SystemTime":"2025-04-18 10:32:15.7062688"},"EventRecordID":"31022","Correlation":null,"Execution":{"@ProcessID":"3112","@ThreadID":"4188"},"Channel":"Microsoft-Windows-Sysmon/Operational","Computer":"Server002","Security":{"@UserID":"S-1-5-18"}},"EventData":{"Data":[{"@Name":"RuleName","#text":"-"},{"@Name":"UtcTime","#text":"2025-04-18 10:32:15.697"},{"@Name":"ProcessGuid","#text":"dbf410b3-2a2f-6802-0302-000000003e00"},{"@Name":"ProcessId","#text":"10928"},{"@Name":"Image","#text":"C:\Program Files\Microsoft OneDrive\25.056.0324.0003\FileCoAuth.exe"},{"@Name":"FileVersion","#text":"25.056.0324.0003"},{"@Name":"Description","#text":"Microsoft OneDriveFile Co-Authoring Executable"},{"@Name":"Product","#text":"Microsoft OneDrive"},{"@Name":"Company","#text":"Microsoft Corporation"},{"@Name":"OriginalFileName","#text":"FileCoAuth.exe"},{"@Name":"CommandLine","#text":"\"C:\Program Files\Microsoft OneDrive\25.056.0324.0003\FileCoAuth.exe\" -Embedding"},{"@Name":"CurrentDirectory","#text":"C:\Windows\system32\"},{"@Name":"User","#text":"SERVER002\lplui"},{"@Name":"LogonGuid","#text":"dbf410b3-1bf3-6802-b583-030000000000"},{"@Name":"LogonId","#text":"0x383B5"},{"@Name":"TerminalSessionId","#text":"1"},{"@Name":"IntegrityLevel","#text":"Medium"},{"@Name":"Hashes","#text":"SHA256=01F5B2DA53636896A67EDDBCD399789A5C0952D727775B1133287E6883DEDFD5"},{"@Name":"ParentProcessGuid","#text":"00000000-0000-0000-0000-000000000000"},{"@Name":"ParentProcessId","#text":"792"},{"@Name":"ParentImage","#text":"-"},{"@Name":"ParentCommandLine","#text":"-"},{"@Name":"ParentUser","#text":"-"}]}}}
{"Event":{"System":{"Provider":{"@Name":"Microsoft-Windows-Sysmon","@Guid":"5770385f-c22a-43e0-bf4c-06f5698ffbd9"},"EventID":"5","Version":"3","Level":"4","Task":"5","Opcode":"0","Keywords":"10000","TimeCreated":{"@SystemTime":"2025-04-18 10:32:23.2394106"},"EventRecordID":"31023","Correlation":null,"Execution":{"@ProcessID":"3112","@ThreadID":"4188"},"Channel":"Microsoft-Windows-Sysmon/Operational","Computer":"Server002","Security":{"@UserID":"S-1-5-18"}},"EventData":{"Data":[{"@Name":"RuleName","#text":"-"},{"@Name":"UtcTime","#text":"2025-04-18 10:32:23.234"},{"@Name":"ProcessGuid","#text":"dbf410b3-2a2f-6802-0302-000000003e00"},{"@Name":"ProcessId","#text":"10928"},{"@Name":"Image","#text":"C:\Program Files\Microsoft OneDrive\25.056.0324.0003\FileCoAuth.exe"},{"@Name":"User","#text":"SERVER002\lplui"}]}}}
{"Event":{"System":{"Provider":{"@Name":"Microsoft-Windows-Sysmon","@Guid":"5770385f-c22a-43e0-bf4c-06f5698ffbd9"},"EventID":"5","Version":"3","Level":"4","Task":"5","Opcode":"0","Keywords":"10000","TimeCreated":{"@SystemTime":"2025-04-18 10:32:25.0026838"},"EventRecordID":"31024","Correlation":null,"Execution":{"@ProcessID":"3112","@ThreadID":"4188"},"Channel":"Microsoft-Windows-Sysmon/Operational","Computer":"Server002","Security":{"@UserID":"S-1-5-18"}},"EventData":{"Data":[{"@Name":"RuleName","#text":"-"},{"@Name":"UtcTime","#text":"2025-04-18 10:32:25.000"},{"@Name":"ProcessGuid","#text":"dbf410b3-29fb-6802-ff01-000000003e00"},{"@Name":"ProcessId","#text":"13044"},{"@Name":"Image","#text":"C:\Windows\System32\backgroundTaskHost.exe"},{"@Name":"User","#text":"SERVER002\lplui"}]}}}
{"Event":{"System":{"Provider":{"@Name":"Microsoft-Windows-Sysmon","@Guid":"5770385f-c22a-43e0-bf4c-06f5698ffbd9"},"EventID":"5","Version":"3","Level":"4","Task":"5","Opcode":"0","Keywords":"10000","TimeCreated":{"@SystemTime":"2025-04-18 10:32:31.9387312"},"EventRecordID":"31025","Correlation":null,"Execution":{"@ProcessID":"3112","@ThreadID":"4188"},"Channel":"Microsoft-Windows-Sysmon/Operational","Computer":"Server002","Security":{"@UserID":"S-1-5-18"}},"EventData":{"Data":[{"@Name":"RuleName","#text":"-"},{"@Name":"UtcTime","#text":"2025-04-18 10:32:31.936"},{"@Name":"ProcessGuid","#text":"dbf410b3-29fb-6802-fe01-000000003e00"},{"@Name":"ProcessId","#text":"11076"},{"@Name":"Image","#text":"C:\Windows\System32\backgroundTaskHost.exe"},{"@Name":"User","#text":"SERVER002\lplui"}]}}}
{"Event":{"System":{"Provider":{"@Name":"Microsoft-Windows-Sysmon","@Guid":"5770385f-c22a-43e0-bf4c-06f5698ffbd9"},"EventID":"1","Version":"5","Level":"4","Task":"1","Opcode":"0","Keywords":"10000","TimeCreated":{"@SystemTime":"2025-04-18 10:32:45.5037920"},"EventRecordID":"31026","Correlation":null,"Execution":{"@ProcessID":"3112","@ThreadID":"4188"},"Channel":"Microsoft-Windows-Sysmon/Operational","Computer":"Server002","Security":{"@UserID":"S-1-5-18"}},"EventData":{"Data":[{"@Name":"RuleName","#text":"-"},{"@Name":"UtcTime","#text":"2025-04-18 10:32:45.494"},{"@Name":"ProcessGuid","#text":"dbf410b3-2a4d-6802-0402-000000003e00"},{"@Name":"ProcessId","#text":"2336"},{"@Name":"Image","#text":"C:\Windows\System32\svchost.exe"},{"@Name":"FileVersion","#text":"10.0.19041.4355 (WinBuild.160101.0800)"},{"@Name":"Description","#text":"Host Process for Windows Services"},{"@Name":"Product","#text":"Microsoft® Windows® Operating System"},{"@Name":"Company","#text":"Microsoft Corporation"},{"@Name":"OriginalFileName","#text":"svchost.exe"},{"@Name":"CommandLine","#text":"C:\Windows\system32\svchost.exe -k netsvcs -p -s gpsvc"},{"@Name":"CurrentDirectory","#text":"C:\Windows\system32\"},{"@Name":"User","#text":"NT AUTHORITY\SYSTEM"},{"@Name":"LogonGuid","#text":"dbf410b3-3809-6802-e703-000000000000"},{"@Name":"LogonId","#text":"0x3E7"},{"@Name":"TerminalSessionId","#text":"0"},{"@Name":"IntegrityLevel","#text":"System"},{"@Name":"Hashes","#text":"SHA256=6FC3BF1FDFD76860BE782554F8D25BD32F108DB934D70F4253F1E5F23522E503"},{"@Name":"ParentProcessGuid","#text":"00000000-0000-0000-0000-000000000000"},{"@Name":"ParentProcessId","#text":"672"},{"@Name":"ParentImage","#text":"-"},{"@Name":"ParentCommandLine","#text":"-"},{"@Name":"ParentUser","#text":"-"}]}}}
{"Event":{"System":{"Provider":{"@Name":"Microsoft-Windows-Sysmon","@Guid":"5770385f-c22a-43e0-bf4c-06f5698ffbd9"},"EventID":"5","Version":"3","Level":"4","Task":"5","Opcode":"0","Keywords":"10000","TimeCreated":{"@SystemTime":"2025-04-18 10:32:55.0242053"},"EventRecordID":"31027","Correlation":null,"Execution":{"@ProcessID":"3112","@ThreadID":"4188"},"Channel":"Microsoft-Windows-Sysmon/Operational","Computer":"Server002","Security":{"@UserID":"S-1-5-18"}},"EventData":{"Data":[{"@Name":"RuleName","#text":"-"},{"@Name":"UtcTime","#text":"2025-04-18 10:32:55.023"},{"@Name":"ProcessGuid","#text":"dbf410b3-29fc-6802-0002-000000003e00"},{"@Name":"ProcessId","#text":"6336"},{"@Name":"Image","#text":"C:\Windows\System32\RuntimeBroker.exe"},{"@Name":"User","#text":"SERVER002\lplui"}]}}}
{"Event":{"System":{"Provider":{"@Name":"Microsoft-Windows-Sysmon","@Guid":"5770385f-c22a-43e0-bf4c-06f5698ffbd9"},"EventID":"5","Version":"3","Level":"4","Task":"5","Opcode":"0","Keywords":"10000","TimeCreated":{"@SystemTime":"2025-04-18 10:33:01.9530181"},"EventRecordID":"31028","Correlation":null,"Execution":{"@ProcessID":"3112","@ThreadID":"4188"},"Channel":"Microsoft-Windows-Sysmon/Operational","Computer":"Server002","Security":{"@UserID":"S-1-5-18"}},"EventData":{"Data":[{"@Name":"RuleName","#text":"-"},{"@Name":"UtcTime","#text":"2025-04-18 10:33:01.952"},{"@Name":"ProcessGuid","#text":"dbf410b3-29ff-6802-0102-000000003e00"},{"@Name":"ProcessId","#text":"2520"},{"@Name":"Image","#text":"C:\Windows\System32\RuntimeBroker.exe"},{"@Name":"User","#text":"SERVER002\lplui"}]}}}
{"Event":{"System":{"Provider":{"@Name":"Microsoft-Windows-Sysmon","@Guid":"5770385f-c22a-43e0-bf4c-06f5698ffbd9"},"EventID":"1","Version":"5","Level":"4","Task":"1","Opcode":"0","Keywords":"10000","TimeCreated":{"@SystemTime":"2025-04-18 10:33:28.1356600"},"EventRecordID":"31029","Correlation":null,"Execution":{"@ProcessID":"3112","@ThreadID":"4188"},"Channel":"Microsoft-Windows-Sysmon/Operational","Computer":"Server002","Security":{"@UserID":"S-1-5-18"}},"EventData":{"Data":[{"@Name":"RuleName","#text":"-"},{"@Name":"UtcTime","#text":"2025-04-18 10:33:28.125"},{"@Name":"ProcessGuid","#text":"dbf410b3-2a78-6802-0502-000000003e00"},{"@Name":"ProcessId","#text":"3164"},{"@Name":"Image","#text":"C:\Windows\System32\backgroundTaskHost.exe"},{"@Name":"FileVersion","#text":"10.0.19041.3636 (WinBuild.160101.0800)"},{"@Name":"Description","#text":"Background Task Host"},{"@Name":"Product","#text":"Microsoft® Windows® Operating System"},{"@Name":"Company","#text":"Microsoft Corporation"},{"@Name":"OriginalFileName","#text":"backgroundTaskHost.exe"},{"@Name":"CommandLine","#text":"\"C:\Windows\system32\BackgroundTaskHost.exe\" -ServerName:BackgroundTaskHost.WebAccountProvider"},{"@Name":"CurrentDirectory","#text":"C:\Windows\SystemApps\Microsoft.AAD.BrokerPlugin_cw5n1h2txyewy\"},{"@Name":"User","#text":"SERVER002\lplui"},{"@Name":"LogonGuid","#text":"dbf410b3-1bf3-6802-b583-030000000000"},{"@Name":"LogonId","#text":"0x383B5"},{"@Name":"TerminalSessionId","#text":"1"},{"@Name":"IntegrityLevel","#text":"AppContainer"},{"@Name":"Hashes","#text":"SHA256=7077CBF56490C86FC74C0CC6C0379AB679F06A066E71906AD23458F664836449"},{"@Name":"ParentProcessGuid","#text":"00000000-0000-0000-0000-000000000000"},{"@Name":"ParentProcessId","#text":"792"},{"@Name":"ParentImage","#text":"-"},{"@Name":"ParentCommandLine","#text":"-"},{"@Name":"ParentUser","#text":"-"}]}}}
{"Event":{"System":{"Provider":{"@Name":"Microsoft-Windows-Sysmon","@Guid":"5770385f-c22a-43e0-bf4c-06f5698ffbd9"},"EventID":"5","Version":"3","Level":"4","Task":"5","Opcode":"0","Keywords":"10000","TimeCreated":{"@SystemTime":"2025-04-18 10:33:28.4346169"},"EventRecordID":"31030","Correlation":null,"Execution":{"@ProcessID":"3112","@ThreadID":"4188"},"Channel":"Microsoft-Windows-Sysmon/Operational","Computer":"Server002","Security":{"@UserID":"S-1-5-18"}},"EventData":{"Data":[{"@Name":"RuleName","#text":"-"},{"@Name":"UtcTime","#text":"2025-04-18 10:33:28.433"},{"@Name":"ProcessGuid","#text":"dbf410b3-2a78-6802-0502-000000003e00"},{"@Name":"ProcessId","#text":"3164"},{"@Name":"Image","#text":"C:\Windows\System32\backgroundTaskHost.exe"},{"@Name":"User","#text":"SERVER002\lplui"}]}}}
{"Event":{"System":{"Provider":{"@Name":"Microsoft-Windows-Sysmon","@Guid":"5770385f-c22a-43e0-bf4c-06f5698ffbd9"},"EventID":"1","Version":"5","Level":"4","Task":"1","Opcode":"0","Keywords":"10000","TimeCreated":{"@SystemTime":"2025-04-18 10:34:54.2556562"},"EventRecordID":"31031","Correlation":null,"Execution":{"@ProcessID":"3112","@ThreadID":"4188"},"Channel":"Microsoft-Windows-Sysmon/Operational","Computer":"Server002","Security":{"@UserID":"S-1-5-18"}},"EventData":{"Data":[{"@Name":"RuleName","#text":"-"},{"@Name":"UtcTime","#text":"2025-04-18 10:34:52.371"},{"@Name":"ProcessGuid","#text":"dbf410b3-2acc-6802-0602-000000003e00"},{"@Name":"ProcessId","#text":"6196"},{"@Name":"Image","#text":"C:\Program Files (x86)\Microsoft\EdgeWebView\Application\135.0.3179.73\msedgewebview2.exe"},{"@Name":"FileVersion","#text":"135.0.3179.73"},{"@Name":"Description","#text":"Microsoft Edge WebView2"},{"@Name":"Product","#text":"Microsoft Edge WebView2"},{"@Name":"Company","#text":"Microsoft Corporation"},{"@Name":"OriginalFileName","#text":"msedgewebview2.exe"},{"@Name":"CommandLine","#text":"\"C:\Program Files (x86)\Microsoft\EdgeWebView\Application\135.0.3179.73\msedgewebview2.exe\" --type=gpu-process --disable-gpu-sandbox --use-gl=disabled --gpu-vendor-id=5140 --gpu-device-id=140 --gpu-sub-system-id=0 --gpu-revision=0 --gpu-driver-version=10.0.19041.4355 --noerrdialogs --user-data-dir=\"C:\Users\lplui\AppData\Local\Packages\Microsoft.Windows.Search_cw5n1h2txyewy\LocalState\EBWebView\" --webview-exe-name=SearchApp.exe --webview-exe-version=10.0.19041.5678 --embedded-browser-webview=1 --gpu-preferences=UAAAAAAAAADoAAAEAAAAAAAAAAAAAAAAAABgAAEAAAAAAAAAAAAAAAAAAABCAAAAAAAAAAAAAAAAAAAAAAAAABAAAAAAAAAAEAAAAAAAAAAIAAAAAAAAAAgAAAAAAAAA --always-read-main-dll --field-trial-handle=1904,i,15810228229526393305,11132326482811768555,262144 --enable-features=ForceSWDCompWhenDCompFallbackRequired,msAggressiveCacheTrimming,msCustomDataPartition,msEmbeddedBrowserVisualHosting,msWebView2NoTabForScreenShare,msWebViewAppLifeCycleWorkaround --disable-features=BackForwardCache,BackgroundTabLoadingFromPerformanceManager,CloseOmniboxPopupOnInactiveAreaClick,CollectAVProductsInfo,CollectCodeIntegrityInfo,EnableHangWatcher,FilterAdsOnAbusiveSites,GetWifiProtocol,LoginDetection,MediaFoundationCameraUsageMonitoring,PreconnectToSearch,SafetyHub,SegmentationPlatform,SpareRendererForSitePerProcess,Ukm,WebPayments,msAITrackerClassification,msAbydosForWindowlessWV2,msAffirmVirtualCard,msAllowChromeWebstore,msAllowMSAPrtSSOForNonMSAProfile,msApplicationGuard,msAskBeforeClosingMultipleTabs,msAutoToggleAADPrtSSOForNonAADProfile,msAutofillEdgeCoupons,msAutofillEdgeCouponsAutoApply,msAutofillEdgeServiceRequest,msAutomaticTabFreeze,msBrowserSettingsSupported,msCoarseGeolocationService,msDataProtection,msDesktopMode,msDesktopRewards,msDisableVariationsSeedFetchThrottling,msEEProactiveHistory,msETFOffstoreExtensionFileDataCollection,msETFPasswordTheftDNRActionSignals,msEdgeAdPlatformUI,msEdgeAddWebCapturetoCollections,msEdgeAutofillAdvancedSuggestionsBasic,msEdgeAutofillOneClickAutocomplete,msEdgeAutofillSaveGSPR100InDb,msEdgeAutofillShowDeployedPassword,msEdgeAutofillSs,msEdgeBrowserEssentialsShowUpdateSection,msEdgeCloudConfigService,msEdgeCloudConfigServiceV2,msEdgeCohorts,msEdgeCollectionsPrismExperiment1,msEdgeCollectionsPrismOverallMigration,msEdgeComposeNext,msEdgeEnableNurturingFramework,msEdgeEnclavePrefsBasic,msEdgeEnclavePrefsNotification,msEdgeFaviconService,msEdgeHJTelemetry,msEdgeHubAppSkype,msEdgeImageEditorUI,msEdgeLinkDoctor,msEdgeMouseGestureDefaultEnabled,msEdgeMouseGestureSupported,msEdgeNewDeviceFre,msEdgeOnRampFRE,msEdgeOnRampImport,msEdgePDFCMHighlightUX,msEdgePasswordIris,msEdgePasswordIrisSaveBubble,msEdgeProngPersonalization,msEdgeReadingView,msEdgeRose,msEdgeSendTabToSelf,msEdgeSettingsImport,msEdgeSettingsImportV2,msEdgeShoppingPersistentStorage,msEdgeShoppingUI,msEdgeSmartFind,msEdgeSuperDragDefaultEnabled,msEdgeSuperDragDropSupported,msEdgeTipping,msEdgeTranslate,msEdgeUseCaptivePortalService,msEdgeWebContentFilteringFeedback,msEdgeWorkSearchBanner,msEnableCustomJobMemoryLimitsOnXbox,msEnableMIPForPDF,msEnablePdfUpsell,msEnableThirdPartyScanning,msEnableWebSignInCta,msEnableWebToBrowserSignIn,msEndpointDlp,msEntityExtraction,msExtensionTelemetryFramework,msExternalTaskManager,msFileSystemAccessDirectoryIterationBlocklistCheck,msForceBrowserSignIn,msForeignSessionsPage,msGeolocationAccessService,msGeolocationOSLocationPermissionFallback,msGeolocationSQMService,msGeolocationService,msGrowthInfraLaunchSourceLogging,msGuidedSwitchAllowed,msHubPinPersist,msImplicitSignin,msIrm,msIrmv2,msKlarnaVirtualCard,msLoadStatistics,msLogIsEdgePinnedToTaskbarOnLaunch,msMIPCrossTenantPdfViewSupport,msMdatpWebSiteDlp,msNotificationPermissionForPWA,msOnHoverSearchInSidebar,msOpenOfficeDocumentsInWebViewer,msPasswordBreachDetection,msPdfAnnotationsVisibility,msPdfDataRecovery,msPdfDigitalSignatureRead,msPdfFreeText,msPdfFreeTextForCJK,msPdfHighlightMode,msPdfInking,msPdfKeyphraseSupport,msPdfOOUI,msPdfPopupMarkerRenderer,msPdfShare,msPdfSharedLibrary,msPdfTextNote,msPdfTextNoteMoreMenu,msPdfThumbnailCache,msPdfUnderside,msPdfViewRestore,msPersonalizationUMA,msPriceComparison,msPrintInWebView2,msPromptDefaultHandlerForPDF,msReactiveSearch,msReadAloud,msReadAloudPdf,msRedirectToShoreline,msRevokeExtensions,msSaasDlp,msShoppingTrigger,msShorelineSearch,msShorelineSearchFindOnPageWebUI,msShowOfflineGameEntrance,msShowReadAloudIconInAddressBar,msShowUXForAADPrtSSOForNonAADProfile,msSuspendMessageForNewSessionWhenHavingPendingNavigation,msSyncEdgeCollections,msTabResourceStats,msTokenizationAutofillInlineEnabled,msTouchMode,msTriggeringSignalGenerator,msUserUnderstanding,msVideoSuperResolutionUI,msWalletBuyNow,msWalletCheckout,msWalletDiagnosticDataLogger,msWalletHubEntry,msWalletHubIntlP3,msWalletPartialCard,msWalletPasswordCategorization,msWalletPasswordCategorizationPlatformExpansion,msWalletTokenizationCardMetadata,msWalletTokenizedAutofill,msWebAssist,msWebAssistHistorySearchService,msWebOOUI,msWindowsTaskManager,msWindowsUserActivities,msZipPayVirtualCard --variations-seed-version --mojo-platform-channel-handle=4232 /prefetch:8"},{"@Name":"CurrentDirectory","#text":"C:\Windows\SystemApps\Microsoft.Windows.Search_cw5n1h2txyewy\"},{"@Name":"User","#text":"SERVER002\lplui"},{"@Name":"LogonGuid","#text":"dbf410b3-1bf3-6802-b583-030000000000"},{"@Name":"LogonId","#text":"0x383B5"},{"@Name":"TerminalSessionId","#text":"1"},{"@Name":"IntegrityLevel","#text":"AppContainer"},{"@Name":"Hashes","#text":"SHA256=CAC0C6BCF930583D89F01CE0C0C1CA8EB760740D760A06725C5265A400100872"},{"@Name":"ParentProcessGuid","#text":"dbf410b3-1dc5-6802-6d01-000000003e00"},{"@Name":"ParentProcessId","#text":"10436"},{"@Name":"ParentImage","#text":"C:\Program Files (x86)\Microsoft\EdgeWebView\Application\135.0.3179.73\msedgewebview2.exe"},{"@Name":"ParentCommandLine","#text":"\"C:\Program Files (x86)\Microsoft\EdgeWebView\Application\135.0.3179.73\msedgewebview2.exe\" --embedded-browser-webview=1 --webview-exe-name=SearchApp.exe --webview-exe-version=10.0.19041.5678 --user-data-dir=\"C:\Users\lplui\AppData\Local\Packages\Microsoft.Windows.Search_cw5n1h2txyewy\LocalState\EBWebView\" --noerrdialogs --enable-features=msEmbeddedBrowserVisualHosting --lang=en-GB --mojo-named-platform-channel-pipe=11784.9616.882978509192383350"},{"@Name":"ParentUser","#text":"SERVER002\lplui"}]}}}
{"Event":{"System":{"Provider":{"@Name":"Microsoft-Windows-Sysmon","@Guid":"5770385f-c22a-43e0-bf4c-06f5698ffbd9"},"EventID":"1","Version":"5","Level":"4","Task":"1","Opcode":"0","Keywords":"10000","TimeCreated":{"@SystemTime":"2025-04-18 10:34:55.0221692"},"EventRecordID":"31032","Correlation":null,"Execution":{"@ProcessID":"3112","@ThreadID":"4188"},"Channel":"Microsoft-Windows-Sysmon/Operational","Computer":"Server002","Security":{"@UserID":"S-1-5-18"}},"EventData":{"Data":[{"@Name":"RuleName","#text":"-"},{"@Name":"UtcTime","#text":"2025-04-18 10:34:53.917"},{"@Name":"ProcessGuid","#text":"dbf410b3-2acd-6802-0702-000000003e00"},{"@Name":"ProcessId","#text":"11020"},{"@Name":"Image","#text":"C:\Windows\System32\backgroundTaskHost.exe"},{"@Name":"FileVersion","#text":"10.0.19041.3636 (WinBuild.160101.0800)"},{"@Name":"Description","#text":"Background Task Host"},{"@Name":"Product","#text":"Microsoft® Windows® Operating System"},{"@Name":"Company","#text":"Microsoft Corporation"},{"@Name":"OriginalFileName","#text":"backgroundTaskHost.exe"},{"@Name":"CommandLine","#text":"\"C:\Windows\system32\backgroundTaskHost.exe\" -ServerName:ShellFeedsUI.AppXnj65k2d1a1rnztt2t2nng5ctmk3e76pn.mca"},{"@Name":"CurrentDirectory","#text":"C:\Windows\SystemApps\Microsoft.Windows.Search_cw5n1h2txyewy\"},{"@Name":"User","#text":"SERVER002\lplui"},{"@Name":"LogonGuid","#text":"dbf410b3-1bf3-6802-b583-030000000000"},{"@Name":"LogonId","#text":"0x383B5"},{"@Name":"TerminalSessionId","#text":"1"},{"@Name":"IntegrityLevel","#text":"AppContainer"},{"@Name":"Hashes","#text":"SHA256=7077CBF56490C86FC74C0CC6C0379AB679F06A066E71906AD23458F664836449"},{"@Name":"ParentProcessGuid","#text":"00000000-0000-0000-0000-000000000000"},{"@Name":"ParentProcessId","#text":"792"},{"@Name":"ParentImage","#text":"-"},{"@Name":"ParentCommandLine","#text":"-"},{"@Name":"ParentUser","#text":"-"}]}}}
{"Event":{"System":{"Provider":{"@Name":"Microsoft-Windows-Sysmon","@Guid":"5770385f-c22a-43e0-bf4c-06f5698ffbd9"},"EventID":"1","Version":"5","Level":"4","Task":"1","Opcode":"0","Keywords":"10000","TimeCreated":{"@SystemTime":"2025-04-18 10:34:55.0248702"},"EventRecordID":"31033","Correlation":null,"Execution":{"@ProcessID":"3112","@ThreadID":"4188"},"Channel":"Microsoft-Windows-Sysmon/Operational","Computer":"Server002","Security":{"@UserID":"S-1-5-18"}},"EventData":{"Data":[{"@Name":"RuleName","#text":"-"},{"@Name":"UtcTime","#text":"2025-04-18 10:34:54.027"},{"@Name":"ProcessGuid","#text":"dbf410b3-2ace-6802-0802-000000003e00"},{"@Name":"ProcessId","#text":"4460"},{"@Name":"Image","#text":"C:\Program Files\WindowsApps\microsoft.windowscommunicationsapps_16005.14326.22342.0_x64__8wekyb3d8bbwe\HxTsr.exe"},{"@Name":"FileVersion","#text":"16.0.14326.22342"},{"@Name":"Description","#text":"Microsoft Outlook Communications"},{"@Name":"Product","#text":"Microsoft Office"},{"@Name":"Company","#text":"Microsoft Corporation"},{"@Name":"OriginalFileName","#text":"HxTsr.exe"},{"@Name":"CommandLine","#text":"\"C:\Program Files\WindowsApps\microsoft.windowscommunicationsapps_16005.14326.22342.0_x64__8wekyb3d8bbwe\HxTsr.exe\" -ServerName:Hx.IPC.Server"},{"@Name":"CurrentDirectory","#text":"C:\Program Files\WindowsApps\microsoft.windowscommunicationsapps_16005.14326.22342.0_x64__8wekyb3d8bbwe\"},{"@Name":"User","#text":"SERVER002\lplui"},{"@Name":"LogonGuid","#text":"dbf410b3-1bf3-6802-b583-030000000000"},{"@Name":"LogonId","#text":"0x383B5"},{"@Name":"TerminalSessionId","#text":"1"},{"@Name":"IntegrityLevel","#text":"AppContainer"},{"@Name":"Hashes","#text":"SHA256=9033FD12029FEDEEC44032E2C574A68A87D2963B5F6D731D1F0C9EB93AFD63B1"},{"@Name":"ParentProcessGuid","#text":"00000000-0000-0000-0000-000000000000"},{"@Name":"ParentProcessId","#text":"792"},{"@Name":"ParentImage","#text":"-"},{"@Name":"ParentCommandLine","#text":"-"},{"@Name":"ParentUser","#text":"-"}]}}}
{"Event":{"System":{"Provider":{"@Name":"Microsoft-Windows-Sysmon","@Guid":"5770385f-c22a-43e0-bf4c-06f5698ffbd9"},"EventID":"1","Version":"5","Level":"4","Task":"1","Opcode":"0","Keywords":"10000","TimeCreated":{"@SystemTime":"2025-04-18 10:34:55.0259170"},"EventRecordID":"31034","Correlation":null,"Execution":{"@ProcessID":"3112","@ThreadID":"4188"},"Channel":"Microsoft-Windows-Sysmon/Operational","Computer":"Server002","Security":{"@UserID":"S-1-5-18"}},"EventData":{"Data":[{"@Name":"RuleName","#text":"-"},{"@Name":"UtcTime","#text":"2025-04-18 10:34:54.448"},{"@Name":"ProcessGuid","#text":"dbf410b3-2ace-6802-0902-000000003e00"},{"@Name":"ProcessId","#text":"5448"},{"@Name":"Image","#text":"C:\Windows\System32\backgroundTaskHost.exe"},{"@Name":"FileVersion","#text":"10.0.19041.3636 (WinBuild.160101.0800)"},{"@Name":"Description","#text":"Background Task Host"},{"@Name":"Product","#text":"Microsoft® Windows® Operating System"},{"@Name":"Company","#text":"Microsoft Corporation"},{"@Name":"OriginalFileName","#text":"backgroundTaskHost.exe"},{"@Name":"CommandLine","#text":"\"C:\Windows\system32\backgroundTaskHost.exe\" -ServerName:Microsoft.MicrosoftOfficeHub.AppX54h2e8jwdm50fj5ha8987vz1etpx7czd.mca"},{"@Name":"CurrentDirectory","#text":"C:\Program Files\WindowsApps\Microsoft.MicrosoftOfficeHub_18.2409.1102.0_x64__8wekyb3d8bbwe\"},{"@Name":"User","#text":"SERVER002\lplui"},{"@Name":"LogonGuid","#text":"dbf410b3-1bf3-6802-b583-030000000000"},{"@Name":"LogonId","#text":"0x383B5"},{"@Name":"TerminalSessionId","#text":"1"},{"@Name":"IntegrityLevel","#text":"AppContainer"},{"@Name":"Hashes","#text":"SHA256=7077CBF56490C86FC74C0CC6C0379AB679F06A066E71906AD23458F664836449"},{"@Name":"ParentProcessGuid","#text":"00000000-0000-0000-0000-000000000000"},{"@Name":"ParentProcessId","#text":"792"},{"@Name":"ParentImage","#text":"-"},{"@Name":"ParentCommandLine","#text":"-"},{"@Name":"ParentUser","#text":"-"}]}}}
{"Event":{"System":{"Provider":{"@Name":"Microsoft-Windows-Sysmon","@Guid":"5770385f-c22a-43e0-bf4c-06f5698ffbd9"},"EventID":"5","Version":"3","Level":"4","Task":"5","Opcode":"0","Keywords":"10000","TimeCreated":{"@SystemTime":"2025-04-18 10:34:56.3883051"},"EventRecordID":"31035","Correlation":null,"Execution":{"@ProcessID":"3112","@ThreadID":"4188"},"Channel":"Microsoft-Windows-Sysmon/Operational","Computer":"Server002","Security":{"@UserID":"S-1-5-18"}},"EventData":{"Data":[{"@Name":"RuleName","#text":"-"},{"@Name":"UtcTime","#text":"2025-04-18 10:34:56.171"},{"@Name":"ProcessGuid","#text":"dbf410b3-1c32-6802-cc00-000000003e00"},{"@Name":"ProcessId","#text":"4544"},{"@Name":"Image","#text":"C:\Program Files\BraveSoftware\Brave-Browser\Application\brave.exe"},{"@Name":"User","#text":"SERVER002\lplui"}]}}}
{"Event":{"System":{"Provider":{"@Name":"Microsoft-Windows-Sysmon","@Guid":"5770385f-c22a-43e0-bf4c-06f5698ffbd9"},"EventID":"1","Version":"5","Level":"4","Task":"1","Opcode":"0","Keywords":"10000","TimeCreated":{"@SystemTime":"2025-04-18 10:34:56.7107301"},"EventRecordID":"31036","Correlation":null,"Execution":{"@ProcessID":"3112","@ThreadID":"4188"},"Channel":"Microsoft-Windows-Sysmon/Operational","Computer":"Server002","Security":{"@UserID":"S-1-5-18"}},"EventData":{"Data":[{"@Name":"RuleName","#text":"-"},{"@Name":"UtcTime","#text":"2025-04-18 10:34:56.394"},{"@Name":"ProcessGuid","#text":"dbf410b3-2ad0-6802-0a02-000000003e00"},{"@Name":"ProcessId","#text":"12956"},{"@Name":"Image","#text":"C:\Windows\System32\backgroundTaskHost.exe"},{"@Name":"FileVersion","#text":"10.0.19041.3636 (WinBuild.160101.0800)"},{"@Name":"Description","#text":"Background Task Host"},{"@Name":"Product","#text":"Microsoft® Windows® Operating System"},{"@Name":"Company","#text":"Microsoft Corporation"},{"@Name":"OriginalFileName","#text":"backgroundTaskHost.exe"},{"@Name":"CommandLine","#text":"\"C:\Windows\system32\backgroundTaskHost.exe\" -ServerName:App.AppXfkd8mejksk4ancwf4vtyhmkvtzn1jcbs.mca"},{"@Name":"CurrentDirectory","#text":"C:\Program Files\WindowsApps\Microsoft.YourPhone_1.25031.60.0_x64__8wekyb3d8bbwe\"},{"@Name":"User","#text":"SERVER002\lplui"},{"@Name":"LogonGuid","#text":"dbf410b3-1bf3-6802-b583-030000000000"},{"@Name":"LogonId","#text":"0x383B5"},{"@Name":"TerminalSessionId","#text":"1"},{"@Name":"IntegrityLevel","#text":"AppContainer"},{"@Name":"Hashes","#text":"SHA256=7077CBF56490C86FC74C0CC6C0379AB679F06A066E71906AD23458F664836449"},{"@Name":"ParentProcessGuid","#text":"00000000-0000-0000-0000-000000000000"},{"@Name":"ParentProcessId","#text":"792"},{"@Name":"ParentImage","#text":"-"},{"@Name":"ParentCommandLine","#text":"-"},{"@Name":"ParentUser","#text":"-"}]}}}
{"Event":{"System":{"Provider":{"@Name":"Microsoft-Windows-Sysmon","@Guid":"5770385f-c22a-43e0-bf4c-06f5698ffbd9"},"EventID":"1","Version":"5","Level":"4","Task":"1","Opcode":"0","Keywords":"10000","TimeCreated":{"@SystemTime":"2025-04-18 10:34:58.1346682"},"EventRecordID":"31037","Correlation":null,"Execution":{"@ProcessID":"3112","@ThreadID":"4188"},"Channel":"Microsoft-Windows-Sysmon/Operational","Computer":"Server002","Security":{"@UserID":"S-1-5-18"}},"EventData":{"Data":[{"@Name":"RuleName","#text":"-"},{"@Name":"UtcTime","#text":"2025-04-18 10:34:57.789"},{"@Name":"ProcessGuid","#text":"dbf410b3-2ad1-6802-0b02-000000003e00"},{"@Name":"ProcessId","#text":"10272"},{"@Name":"Image","#text":"C:\Windows\System32\svchost.exe"},{"@Name":"FileVersion","#text":"10.0.19041.4355 (WinBuild.160101.0800)"},{"@Name":"Description","#text":"Host Process for Windows Services"},{"@Name":"Product","#text":"Microsoft® Windows® Operating System"},{"@Name":"Company","#text":"Microsoft Corporation"},{"@Name":"OriginalFileName","#text":"svchost.exe"},{"@Name":"CommandLine","#text":"C:\Windows\system32\svchost.exe -k appmodel -p -s camsvc"},{"@Name":"CurrentDirectory","#text":"C:\Windows\system32\"},{"@Name":"User","#text":"NT AUTHORITY\SYSTEM"},{"@Name":"LogonGuid","#text":"dbf410b3-3809-6802-e703-000000000000"},{"@Name":"LogonId","#text":"0x3E7"},{"@Name":"TerminalSessionId","#text":"0"},{"@Name":"IntegrityLevel","#text":"System"},{"@Name":"Hashes","#text":"SHA256=6FC3BF1FDFD76860BE782554F8D25BD32F108DB934D70F4253F1E5F23522E503"},{"@Name":"ParentProcessGuid","#text":"00000000-0000-0000-0000-000000000000"},{"@Name":"ParentProcessId","#text":"672"},{"@Name":"ParentImage","#text":"-"},{"@Name":"ParentCommandLine","#text":"-"},{"@Name":"ParentUser","#text":"-"}]}}}
