{"Event":{"System":{"Provider":{"@Name":"Microsoft-Windows-Sysmon","@Guid":"5770385f-c22a-43e0-bf4c-06f5698ffbd9"},"EventID":"1","Version":"5","Level":"4","Task":"1","Opcode":"0","Keywords":"10000","TimeCreated":{"@SystemTime":"2025-04-24 16:14:21.2967597"},"EventRecordID":"48051","Correlation":null,"Execution":{"@ProcessID":"3376","@ThreadID":"4548"},"Channel":"Microsoft-Windows-Sysmon/Operational","Computer":"Server002","Security":{"@UserID":"S-1-5-18"}},"EventData":{"Data":[{"@Name":"RuleName","#text":"-"},{"@Name":"UtcTime","#text":"2025-04-24 16:14:21.287"},{"@Name":"ProcessGuid","#text":"dbf410b3-635d-680a-4204-000000004200"},{"@Name":"ProcessId","#text":"9304"},{"@Name":"Image","#text":"C:\Windows\System32\backgroundTaskHost.exe"},{"@Name":"FileVersion","#text":"10.0.19041.3636 (WinBuild.160101.0800)"},{"@Name":"Description","#text":"Background Task Host"},{"@Name":"Product","#text":"Microsoft® Windows® Operating System"},{"@Name":"Company","#text":"Microsoft Corporation"},{"@Name":"OriginalFileName","#text":"backgroundTaskHost.exe"},{"@Name":"CommandLine","#text":"\"C:\Windows\system32\BackgroundTaskHost.exe\" -ServerName:BackgroundTaskHost.WebAccountProvider"},{"@Name":"CurrentDirectory","#text":"C:\Windows\SystemApps\Microsoft.AAD.BrokerPlugin_cw5n1h2txyewy\"},{"@Name":"User","#text":"SERVER002\lplui"},{"@Name":"LogonGuid","#text":"dbf410b3-00e5-680a-5594-500000000000"},{"@Name":"LogonId","#text":"0x509455"},{"@Name":"TerminalSessionId","#text":"1"},{"@Name":"IntegrityLevel","#text":"AppContainer"},{"@Name":"Hashes","#text":"SHA256=7077CBF56490C86FC74C0CC6C0379AB679F06A066E71906AD23458F664836449"},{"@Name":"ParentProcessGuid","#text":"dbf410b3-0efb-680a-0d00-000000004200"},{"@Name":"ParentProcessId","#text":"780"},{"@Name":"ParentImage","#text":"C:\Windows\System32\svchost.exe"},{"@Name":"ParentCommandLine","#text":"C:\Windows\system32\svchost.exe -k DcomLaunch -p"},{"@Name":"ParentUser","#text":"NT AUTHORITY\SYSTEM"}]}}}
{"Event":{"System":{"Provider":{"@Name":"Microsoft-Windows-Sysmon","@Guid":"5770385f-c22a-43e0-bf4c-06f5698ffbd9"},"EventID":"5","Version":"3","Level":"4","Task":"5","Opcode":"0","Keywords":"10000","TimeCreated":{"@SystemTime":"2025-04-24 16:14:21.4056477"},"EventRecordID":"48052","Correlation":null,"Execution":{"@ProcessID":"3376","@ThreadID":"4548"},"Channel":"Microsoft-Windows-Sysmon/Operational","Computer":"Server002","Security":{"@UserID":"S-1-5-18"}},"EventData":{"Data":[{"@Name":"RuleName","#text":"-"},{"@Name":"UtcTime","#text":"2025-04-24 16:14:21.398"},{"@Name":"ProcessGuid","#text":"dbf410b3-635b-680a-3e04-000000004200"},{"@Name":"ProcessId","#text":"3480"},{"@Name":"Image","#text":"C:\Program Files\WindowsApps\microsoft.windowscommunicationsapps_16005.14326.22342.0_x64__8wekyb3d8bbwe\HxTsr.exe"},{"@Name":"User","#text":"SERVER002\lplui"}]}}}
{"Event":{"System":{"Provider":{"@Name":"Microsoft-Windows-Sysmon","@Guid":"5770385f-c22a-43e0-bf4c-06f5698ffbd9"},"EventID":"1","Version":"5","Level":"4","Task":"1","Opcode":"0","Keywords":"10000","TimeCreated":{"@SystemTime":"2025-04-24 16:14:21.9157396"},"EventRecordID":"48053","Correlation":null,"Execution":{"@ProcessID":"3376","@ThreadID":"4548"},"Channel":"Microsoft-Windows-Sysmon/Operational","Computer":"Server002","Security":{"@UserID":"S-1-5-18"}},"EventData":{"Data":[{"@Name":"RuleName","#text":"-"},{"@Name":"UtcTime","#text":"2025-04-24 16:14:21.907"},{"@Name":"ProcessGuid","#text":"dbf410b3-635d-680a-4304-000000004200"},{"@Name":"ProcessId","#text":"12272"},{"@Name":"Image","#text":"C:\Windows\System32\RuntimeBroker.exe"},{"@Name":"FileVersion","#text":"10.0.19041.4355 (WinBuild.160101.0800)"},{"@Name":"Description","#text":"Runtime Broker"},{"@Name":"Product","#text":"Microsoft® Windows® Operating System"},{"@Name":"Company","#text":"Microsoft Corporation"},{"@Name":"OriginalFileName","#text":"RuntimeBroker.exe"},{"@Name":"CommandLine","#text":"C:\Windows\System32\RuntimeBroker.exe -Embedding"},{"@Name":"CurrentDirectory","#text":"C:\Windows\system32\"},{"@Name":"User","#text":"SERVER002\lplui"},{"@Name":"LogonGuid","#text":"dbf410b3-00e5-680a-5594-500000000000"},{"@Name":"LogonId","#text":"0x509455"},{"@Name":"TerminalSessionId","#text":"1"},{"@Name":"IntegrityLevel","#text":"Medium"},{"@Name":"Hashes","#text":"SHA256=579DFCED8F02A7E1E6E8DF10C400117D3127EAD7231776A1E467EB507261E920"},{"@Name":"ParentProcessGuid","#text":"dbf410b3-0efb-680a-0d00-000000004200"},{"@Name":"ParentProcessId","#text":"780"},{"@Name":"ParentImage","#text":"C:\Windows\System32\svchost.exe"},{"@Name":"ParentCommandLine","#text":"C:\Windows\system32\svchost.exe -k DcomLaunch -p"},{"@Name":"ParentUser","#text":"NT AUTHORITY\SYSTEM"}]}}}
{"Event":{"System":{"Provider":{"@Name":"Microsoft-Windows-Sysmon","@Guid":"5770385f-c22a-43e0-bf4c-06f5698ffbd9"},"EventID":"5","Version":"3","Level":"4","Task":"5","Opcode":"0","Keywords":"10000","TimeCreated":{"@SystemTime":"2025-04-24 16:14:22.3442214"},"EventRecordID":"48054","Correlation":null,"Execution":{"@ProcessID":"3376","@ThreadID":"4548"},"Channel":"Microsoft-Windows-Sysmon/Operational","Computer":"Server002","Security":{"@UserID":"S-1-5-18"}},"EventData":{"Data":[{"@Name":"RuleName","#text":"-"},{"@Name":"UtcTime","#text":"2025-04-24 16:14:22.342"},{"@Name":"ProcessGuid","#text":"dbf410b3-635d-680a-4204-000000004200"},{"@Name":"ProcessId","#text":"9304"},{"@Name":"Image","#text":"C:\Windows\System32\backgroundTaskHost.exe"},{"@Name":"User","#text":"SERVER002\lplui"}]}}}
{"Event":{"System":{"Provider":{"@Name":"Microsoft-Windows-Sysmon","@Guid":"5770385f-c22a-43e0-bf4c-06f5698ffbd9"},"EventID":"1","Version":"5","Level":"4","Task":"1","Opcode":"0","Keywords":"10000","TimeCreated":{"@SystemTime":"2025-04-24 16:14:33.3840454"},"EventRecordID":"48055","Correlation":null,"Execution":{"@ProcessID":"3376","@ThreadID":"4548"},"Channel":"Microsoft-Windows-Sysmon/Operational","Computer":"Server002","Security":{"@UserID":"S-1-5-18"}},"EventData":{"Data":[{"@Name":"RuleName","#text":"-"},{"@Name":"UtcTime","#text":"2025-04-24 16:14:33.345"},{"@Name":"ProcessGuid","#text":"dbf410b3-6369-680a-4404-000000004200"},{"@Name":"ProcessId","#text":"10892"},{"@Name":"Image","#text":"C:\Windows\System32\taskhostw.exe"},{"@Name":"FileVersion","#text":"10.0.19041.4474 (WinBuild.160101.0800)"},{"@Name":"Description","#text":"Host Process for Windows Tasks"},{"@Name":"Product","#text":"Microsoft® Windows® Operating System"},{"@Name":"Company","#text":"Microsoft Corporation"},{"@Name":"OriginalFileName","#text":"taskhostw.exe"},{"@Name":"CommandLine","#text":"taskhostw.exe SYSTEM"},{"@Name":"CurrentDirectory","#text":"C:\Windows\system32\"},{"@Name":"User","#text":"NT AUTHORITY\SYSTEM"},{"@Name":"LogonGuid","#text":"dbf410b3-0efb-680a-e703-000000000000"},{"@Name":"LogonId","#text":"0x3E7"},{"@Name":"TerminalSessionId","#text":"0"},{"@Name":"IntegrityLevel","#text":"System"},{"@Name":"Hashes","#text":"SHA256=1C7B7E7026EF8307BF33AFDADF1D49E7C1EE4C829260B4F6988185D22D7BCC3A"},{"@Name":"ParentProcessGuid","#text":"dbf410b3-0efc-680a-1e00-000000004200"},{"@Name":"ParentProcessId","#text":"1372"},{"@Name":"ParentImage","#text":"C:\Windows\System32\svchost.exe"},{"@Name":"ParentCommandLine","#text":"C:\Windows\system32\svchost.exe -k netsvcs -p -s Schedule"},{"@Name":"ParentUser","#text":"NT AUTHORITY\SYSTEM"}]}}}
{"Event":{"System":{"Provider":{"@Name":"Microsoft-Windows-Sysmon","@Guid":"5770385f-c22a-43e0-bf4c-06f5698ffbd9"},"EventID":"5","Version":"3","Level":"4","Task":"5","Opcode":"0","Keywords":"10000","TimeCreated":{"@SystemTime":"2025-04-24 16:14:33.8568767"},"EventRecordID":"48056","Correlation":null,"Execution":{"@ProcessID":"3376","@ThreadID":"4548"},"Channel":"Microsoft-Windows-Sysmon/Operational","Computer":"Server002","Security":{"@UserID":"S-1-5-18"}},"EventData":{"Data":[{"@Name":"RuleName","#text":"-"},{"@Name":"UtcTime","#text":"2025-04-24 16:14:33.856"},{"@Name":"ProcessGuid","#text":"dbf410b3-6369-680a-4404-000000004200"},{"@Name":"ProcessId","#text":"10892"},{"@Name":"Image","#text":"C:\Windows\System32\taskhostw.exe"},{"@Name":"User","#text":"NT AUTHORITY\SYSTEM"}]}}}
{"Event":{"System":{"Provider":{"@Name":"Microsoft-Windows-Sysmon","@Guid":"5770385f-c22a-43e0-bf4c-06f5698ffbd9"},"EventID":"5","Version":"3","Level":"4","Task":"5","Opcode":"0","Keywords":"10000","TimeCreated":{"@SystemTime":"2025-04-24 16:14:35.3946648"},"EventRecordID":"48057","Correlation":null,"Execution":{"@ProcessID":"3376","@ThreadID":"4548"},"Channel":"Microsoft-Windows-Sysmon/Operational","Computer":"Server002","Security":{"@UserID":"S-1-5-18"}},"EventData":{"Data":[{"@Name":"RuleName","#text":"-"},{"@Name":"UtcTime","#text":"2025-04-24 16:14:35.393"},{"@Name":"ProcessGuid","#text":"dbf410b3-623f-680a-3c04-000000004200"},{"@Name":"ProcessId","#text":"992"},{"@Name":"Image","#text":"C:\Windows\System32\svchost.exe"},{"@Name":"User","#text":"NT AUTHORITY\SYSTEM"}]}}}
{"Event":{"System":{"Provider":{"@Name":"Microsoft-Windows-Sysmon","@Guid":"5770385f-c22a-43e0-bf4c-06f5698ffbd9"},"EventID":"5","Version":"3","Level":"4","Task":"5","Opcode":"0","Keywords":"10000","TimeCreated":{"@SystemTime":"2025-04-24 16:14:43.7577094"},"EventRecordID":"48058","Correlation":null,"Execution":{"@ProcessID":"3376","@ThreadID":"4548"},"Channel":"Microsoft-Windows-Sysmon/Operational","Computer":"Server002","Security":{"@UserID":"S-1-5-18"}},"EventData":{"Data":[{"@Name":"RuleName","#text":"-"},{"@Name":"UtcTime","#text":"2025-04-24 16:14:43.756"},{"@Name":"ProcessGuid","#text":"dbf410b3-635b-680a-3f04-000000004200"},{"@Name":"ProcessId","#text":"4140"},{"@Name":"Image","#text":"C:\Windows\System32\backgroundTaskHost.exe"},{"@Name":"User","#text":"SERVER002\lplui"}]}}}
{"Event":{"System":{"Provider":{"@Name":"Microsoft-Windows-Sysmon","@Guid":"5770385f-c22a-43e0-bf4c-06f5698ffbd9"},"EventID":"1","Version":"5","Level":"4","Task":"1","Opcode":"0","Keywords":"10000","TimeCreated":{"@SystemTime":"2025-04-24 16:14:53.9428747"},"EventRecordID":"48059","Correlation":null,"Execution":{"@ProcessID":"3376","@ThreadID":"4548"},"Channel":"Microsoft-Windows-Sysmon/Operational","Computer":"Server002","Security":{"@UserID":"S-1-5-18"}},"EventData":{"Data":[{"@Name":"RuleName","#text":"-"},{"@Name":"UtcTime","#text":"2025-04-24 16:14:53.931"},{"@Name":"ProcessGuid","#text":"dbf410b3-637d-680a-4504-000000004200"},{"@Name":"ProcessId","#text":"7936"},{"@Name":"Image","#text":"C:\Windows\System32\MoUsoCoreWorker.exe"},{"@Name":"FileVersion","#text":"10.0.19041.5678 (WinBuild.160101.0800)"},{"@Name":"Description","#text":"MoUSO Core Worker Process"},{"@Name":"Product","#text":"Microsoft® Windows® Operating System"},{"@Name":"Company","#text":"Microsoft Corporation"},{"@Name":"OriginalFileName","#text":"MoUSOCoreWorker.exe"},{"@Name":"CommandLine","#text":"C:\Windows\System32\mousocoreworker.exe -Embedding"},{"@Name":"CurrentDirectory","#text":"C:\Windows\system32\"},{"@Name":"User","#text":"NT AUTHORITY\SYSTEM"},{"@Name":"LogonGuid","#text":"dbf410b3-0efb-680a-e703-000000000000"},{"@Name":"LogonId","#text":"0x3E7"},{"@Name":"TerminalSessionId","#text":"0"},{"@Name":"IntegrityLevel","#text":"System"},{"@Name":"Hashes","#text":"SHA256=235882DE2347DB7A4CE2BBD7599B5D8D56C93A8BC18207DBEE7173B9BAD068FE"},{"@Name":"ParentProcessGuid","#text":"dbf410b3-0efb-680a-0d00-000000004200"},{"@Name":"ParentProcessId","#text":"780"},{"@Name":"ParentImage","#text":"C:\Windows\System32\svchost.exe"},{"@Name":"ParentCommandLine","#text":"C:\Windows\system32\svchost.exe -k DcomLaunch -p"},{"@Name":"ParentUser","#text":"NT AUTHORITY\SYSTEM"}]}}}
{"Event":{"System":{"Provider":{"@Name":"Microsoft-Windows-Sysmon","@Guid":"5770385f-c22a-43e0-bf4c-06f5698ffbd9"},"EventID":"5","Version":"3","Level":"4","Task":"5","Opcode":"0","Keywords":"10000","TimeCreated":{"@SystemTime":"2025-04-24 16:15:07.3850255"},"EventRecordID":"48060","Correlation":null,"Execution":{"@ProcessID":"3376","@ThreadID":"4548"},"Channel":"Microsoft-Windows-Sysmon/Operational","Computer":"Server002","Security":{"@UserID":"S-1-5-18"}},"EventData":{"Data":[{"@Name":"RuleName","#text":"-"},{"@Name":"UtcTime","#text":"2025-04-24 16:15:07.384"},{"@Name":"ProcessGuid","#text":"dbf410b3-635d-680a-4304-000000004200"},{"@Name":"ProcessId","#text":"12272"},{"@Name":"Image","#text":"C:\Windows\System32\RuntimeBroker.exe"},{"@Name":"User","#text":"SERVER002\lplui"}]}}}
{"Event":{"System":{"Provider":{"@Name":"Microsoft-Windows-Sysmon","@Guid":"5770385f-c22a-43e0-bf4c-06f5698ffbd9"},"EventID":"5","Version":"3","Level":"4","Task":"5","Opcode":"0","Keywords":"10000","TimeCreated":{"@SystemTime":"2025-04-24 16:15:07.4011927"},"EventRecordID":"48061","Correlation":null,"Execution":{"@ProcessID":"3376","@ThreadID":"4548"},"Channel":"Microsoft-Windows-Sysmon/Operational","Computer":"Server002","Security":{"@UserID":"S-1-5-18"}},"EventData":{"Data":[{"@Name":"RuleName","#text":"-"},{"@Name":"UtcTime","#text":"2025-04-24 16:15:07.400"},{"@Name":"ProcessGuid","#text":"dbf410b3-635b-680a-4004-000000004200"},{"@Name":"ProcessId","#text":"10108"},{"@Name":"Image","#text":"C:\Windows\System32\RuntimeBroker.exe"},{"@Name":"User","#text":"SERVER002\lplui"}]}}}
{"Event":{"System":{"Provider":{"@Name":"Microsoft-Windows-Sysmon","@Guid":"5770385f-c22a-43e0-bf4c-06f5698ffbd9"},"EventID":"1","Version":"5","Level":"4","Task":"1","Opcode":"0","Keywords":"10000","TimeCreated":{"@SystemTime":"2025-04-24 16:15:10.8753195"},"EventRecordID":"48062","Correlation":null,"Execution":{"@ProcessID":"3376","@ThreadID":"4548"},"Channel":"Microsoft-Windows-Sysmon/Operational","Computer":"Server002","Security":{"@UserID":"S-1-5-18"}},"EventData":{"Data":[{"@Name":"RuleName","#text":"-"},{"@Name":"UtcTime","#text":"2025-04-24 16:15:10.866"},{"@Name":"ProcessGuid","#text":"dbf410b3-638e-680a-4604-000000004200"},{"@Name":"ProcessId","#text":"9984"},{"@Name":"Image","#text":"C:\Windows\System32\backgroundTaskHost.exe"},{"@Name":"FileVersion","#text":"10.0.19041.3636 (WinBuild.160101.0800)"},{"@Name":"Description","#text":"Background Task Host"},{"@Name":"Product","#text":"Microsoft® Windows® Operating System"},{"@Name":"Company","#text":"Microsoft Corporation"},{"@Name":"OriginalFileName","#text":"backgroundTaskHost.exe"},{"@Name":"CommandLine","#text":"\"C:\Windows\system32\backgroundTaskHost.exe\" -ServerName:App.AppXmtcan0h2tfbfy7k9kn8hbxb6dmzz1zh0.mca"},{"@Name":"CurrentDirectory","#text":"C:\Windows\SystemApps\Microsoft.Windows.ContentDeliveryManager_cw5n1h2txyewy\"},{"@Name":"User","#text":"SERVER002\lplui"},{"@Name":"LogonGuid","#text":"dbf410b3-00e5-680a-5594-500000000000"},{"@Name":"LogonId","#text":"0x509455"},{"@Name":"TerminalSessionId","#text":"1"},{"@Name":"IntegrityLevel","#text":"AppContainer"},{"@Name":"Hashes","#text":"SHA256=7077CBF56490C86FC74C0CC6C0379AB679F06A066E71906AD23458F664836449"},{"@Name":"ParentProcessGuid","#text":"dbf410b3-0efb-680a-0d00-000000004200"},{"@Name":"ParentProcessId","#text":"780"},{"@Name":"ParentImage","#text":"C:\Windows\System32\svchost.exe"},{"@Name":"ParentCommandLine","#text":"C:\Windows\system32\svchost.exe -k DcomLaunch -p"},{"@Name":"ParentUser","#text":"NT AUTHORITY\SYSTEM"}]}}}
{"Event":{"System":{"Provider":{"@Name":"Microsoft-Windows-Sysmon","@Guid":"5770385f-c22a-43e0-bf4c-06f5698ffbd9"},"EventID":"5","Version":"3","Level":"4","Task":"5","Opcode":"0","Keywords":"10000","TimeCreated":{"@SystemTime":"2025-04-24 16:15:11.1942557"},"EventRecordID":"48063","Correlation":null,"Execution":{"@ProcessID":"3376","@ThreadID":"4548"},"Channel":"Microsoft-Windows-Sysmon/Operational","Computer":"Server002","Security":{"@UserID":"S-1-5-18"}},"EventData":{"Data":[{"@Name":"RuleName","#text":"-"},{"@Name":"UtcTime","#text":"2025-04-24 16:15:11.193"},{"@Name":"ProcessGuid","#text":"dbf410b3-638e-680a-4604-000000004200"},{"@Name":"ProcessId","#text":"9984"},{"@Name":"Image","#text":"C:\Windows\System32\backgroundTaskHost.exe"},{"@Name":"User","#text":"SERVER002\lplui"}]}}}
