{"Event":{"System":{"Provider":{"@Name":"SPP","@Guid":"1","@EventSourceName":"SPP"},"EventID":{"@Qualifiers":"16384","#text":"16384"},"Version":"0","Level":"4","Task":"0","Opcode":"0","Keywords":"100","TimeCreated":{"@SystemTime":"2025-06-22 20:34:07.6090149"},"EventRecordID":"4956","Correlation":null,"Execution":{"@ProcessID":"0","@ThreadID":"0"},"Channel":"Application","Computer":"Server002","Security":null},"EventData":{"Data":"2025-06-23T20:32:07Z, RulesEngine","Binary":""}}}
{"Event":{"System":{"Provider":{"@Name":"SPP","@Guid":"1","@EventSourceName":"SPP"},"EventID":{"@Qualifiers":"16384","#text":"903"},"Version":"0","Level":"0","Task":"0","Opcode":"0","Keywords":"100","TimeCreated":{"@SystemTime":"2025-06-22 20:34:07.6870224"},"EventRecordID":"4957","Correlation":null,"Execution":{"@ProcessID":"0","@ThreadID":"0"},"Channel":"Application","Computer":"Server002","Security":null},"EventData":{"Data":"","Binary":""}}}
{"Event":{"System":{"Provider":{"@Name":"SecurityCenter"},"EventID":{"@Qualifiers":"0","#text":"1"},"Version":"0","Level":"4","Task":"0","Opcode":"0","Keywords":"100","TimeCreated":{"@SystemTime":"2025-06-22 20:34:09.7211858"},"EventRecordID":"4958","Correlation":null,"Execution":{"@ProcessID":"0","@ThreadID":"0"},"Channel":"Application","Computer":"Server002","Security":null},"EventData":{"Data":"","Binary":""}}}
{"Event":{"System":{"Provider":{"@Name":"SecurityCenter"},"EventID":{"@Qualifiers":"0","#text":"15"},"Version":"0","Level":"4","Task":"0","Opcode":"0","Keywords":"100","TimeCreated":{"@SystemTime":"2025-06-22 20:34:02.8531395"},"EventRecordID":"4959","Correlation":null,"Execution":{"@ProcessID":"0","@ThreadID":"0"},"Channel":"Application","Computer":"Server002","Security":null},"EventData":{"Data":"Windows Defender, SECURITY_PRODUCT_STATE_ON","Binary":""}}}
{"Event":{"System":{"Provider":{"@Name":"SPP","@Guid":"1","@EventSourceName":"SPP"},"EventID":{"@Qualifiers":"49152","#text":"16394"},"Version":"0","Level":"4","Task":"0","Opcode":"0","Keywords":"100","TimeCreated":{"@SystemTime":"2025-06-22 20:34:06.4778781"},"EventRecordID":"4960","Correlation":null,"Execution":{"@ProcessID":"0","@ThreadID":"0"},"Channel":"Application","Computer":"Server002","Security":null},"EventData":{"Data":"","Binary":""}}}
{"Event":{"System":{"Provider":{"@Name":"edgeupdate"},"EventID":{"@Qualifiers":"0","#text":"0"},"Version":"0","Level":"4","Task":"0","Opcode":"0","Keywords":"100","TimeCreated":{"@SystemTime":"2025-06-22 20:34:57.6224033"},"EventRecordID":"4961","Correlation":null,"Execution":{"@ProcessID":"0","@ThreadID":"0"},"Channel":"Application","Computer":"Server002","Security":null},"EventData":{"Data":"Service stopped","Binary":""}}}
{"Event":{"System":{"Provider":{"@Name":"SPP","@Guid":"1","@EventSourceName":"SPP"},"EventID":{"@Qualifiers":"16384","#text":"16384"},"Version":"0","Level":"4","Task":"0","Opcode":"0","Keywords":"100","TimeCreated":{"@SystemTime":"2025-06-22 20:35:52.4075939"},"EventRecordID":"4962","Correlation":null,"Execution":{"@ProcessID":"0","@ThreadID":"0"},"Channel":"Application","Computer":"Server002","Security":null},"EventData":{"Data":"2025-06-23T20:32:52Z, RulesEngine","Binary":""}}}
{"Event":{"System":{"Provider":{"@Name":"SPP","@Guid":"1","@EventSourceName":"SPP"},"EventID":{"@Qualifiers":"49152","#text":"16394"},"Version":"0","Level":"4","Task":"0","Opcode":"0","Keywords":"100","TimeCreated":{"@SystemTime":"2025-06-22 20:35:54.7981823"},"EventRecordID":"4963","Correlation":null,"Execution":{"@ProcessID":"0","@ThreadID":"0"},"Channel":"Application","Computer":"Server002","Security":null},"EventData":{"Data":"","Binary":""}}}
{"Event":{"System":{"Provider":{"@Name":"SPP","@Guid":"1","@EventSourceName":"SPP"},"EventID":{"@Qualifiers":"16384","#text":"16384"},"Version":"0","Level":"4","Task":"0","Opcode":"0","Keywords":"100","TimeCreated":{"@SystemTime":"2025-06-22 20:36:16.3754064"},"EventRecordID":"4964","Correlation":null,"Execution":{"@ProcessID":"0","@ThreadID":"0"},"Channel":"Application","Computer":"Server002","Security":null},"EventData":{"Data":"2025-06-23T20:32:16Z, RulesEngine","Binary":""}}}
{"Event":{"System":{"Provider":{"@Name":"SPP","@Guid":"1","@EventSourceName":"SPP"},"EventID":{"@Qualifiers":"49152","#text":"16394"},"Version":"0","Level":"4","Task":"0","Opcode":"0","Keywords":"100","TimeCreated":{"@SystemTime":"2025-06-22 20:36:35.1139994"},"EventRecordID":"4965","Correlation":null,"Execution":{"@ProcessID":"0","@ThreadID":"0"},"Channel":"Application","Computer":"Server002","Security":null},"EventData":{"Data":"","Binary":""}}}
{"Event":{"System":{"Provider":{"@Name":"SecurityCenter"},"EventID":{"@Qualifiers":"0","#text":"15"},"Version":"0","Level":"4","Task":"0","Opcode":"0","Keywords":"100","TimeCreated":{"@SystemTime":"2025-06-22 20:37:35.8057954"},"EventRecordID":"4966","Correlation":null,"Execution":{"@ProcessID":"0","@ThreadID":"0"},"Channel":"Application","Computer":"Server002","Security":null},"EventData":{"Data":"Windows Defender, SECURITY_PRODUCT_STATE_ON","Binary":""}}}
{"Event":{"System":{"Provider":{"@Name":"Application Error"},"EventID":{"@Qualifiers":"0","#text":"1000"},"Version":"0","Level":"2","Task":"100","Opcode":"0","Keywords":"100","TimeCreated":{"@SystemTime":"2025-06-22 20:40:41.7697500"},"EventRecordID":"4967","Correlation":null,"Execution":{"@ProcessID":"0","@ThreadID":"0"},"Channel":"Application","Computer":"Server002","Security":null},"EventData":{"Data":"dwm.exe, 10.0.19041.4355, 6564cf4e, unknown, 0.0.0.0, 00000000, 8898009b, 0000000000000000, 1658, 01dbe3b4af0e9f35, C:\Windows\system32\dwm.exe, unknown, ea8e55b5-9c6b-411e-ac3a-4283475bc92d","Binary":""}}}
{"Event":{"System":{"Provider":{"@Name":"Windows Error Reporting"},"EventID":{"@Qualifiers":"0","#text":"1001"},"Version":"0","Level":"4","Task":"0","Opcode":"0","Keywords":"100","TimeCreated":{"@SystemTime":"2025-06-22 20:40:51.6492738"},"EventRecordID":"4968","Correlation":null,"Execution":{"@ProcessID":"0","@ThreadID":"0"},"Channel":"Application","Computer":"Server002","Security":null},"EventData":{"Data":"2128837646485783167, 4, APPCRASH, Not available, 0, dwm.exe, 10.0.19041.4355, 6564cf4e, StackHash_c424, 0.0.0.0, 00000000, 8898009b, PCH_8C_FROM_ntdll+0x00000000000A1E1F, ?\C:\ProgramData\Microsoft\Windows\WER\Temp\WERCF4F.tmp.dmp?\C:\ProgramData\Microsoft\Windows\WER\Temp\WERD21F.tmp.WERInternalMetadata.xml?\C:\ProgramData\Microsoft\Windows\WER\Temp\WERD433.tmp.xml?\C:\ProgramData\Microsoft\Windows\WER\Temp\WERD49E.tmp.csv?\C:\ProgramData\Microsoft\Windows\WER\Temp\WERD5A9.tmp.txt, ?\C:\ProgramData\Microsoft\Windows\WER\ReportArchive\AppCrash_dwm.exe_cb237a7d598be2f19e2ff45d8ab31ba478b0d5_fed57774_93d040e1-0b5f-4e4a-8492-8d31f39b6eae, 0, ea8e55b5-9c6b-411e-ac3a-4283475bc92d, 268435456, 5cf7e4b228f057d03d8b268f7743827f, 0","Binary":""}}}
{"Event":{"System":{"Provider":{"@Name":"Dwminit"},"EventID":{"@Qualifiers":"32770","#text":"0"},"Version":"0","Level":"3","Task":"0","Opcode":"0","Keywords":"100","TimeCreated":{"@SystemTime":"2025-06-22 20:40:52.4807915"},"EventRecordID":"4969","Correlation":null,"Execution":{"@ProcessID":"0","@ThreadID":"0"},"Channel":"Application","Computer":"Server002","Security":null},"EventData":{"Data":"0x8898009b, 1, VirtualBox Graphics Adapter (WDDM)","Binary":""}}}
{"Event":{"System":{"Provider":{"@Name":"Desktop Window Manager"},"EventID":{"@Qualifiers":"16384","#text":"9027"},"Version":"0","Level":"4","Task":"0","Opcode":"0","Keywords":"100","TimeCreated":{"@SystemTime":"2025-06-22 20:40:53.3516521"},"EventRecordID":"4970","Correlation":null,"Execution":{"@ProcessID":"0","@ThreadID":"0"},"Channel":"Application","Computer":"Server002","Security":null},"EventData":{"Data":"","Binary":""}}}
{"Event":{"System":{"Provider":{"@Name":"SPP","@Guid":"1","@EventSourceName":"SPP"},"EventID":{"@Qualifiers":"16384","#text":"16384"},"Version":"0","Level":"4","Task":"0","Opcode":"0","Keywords":"100","TimeCreated":{"@SystemTime":"2025-06-22 20:41:59.3294619"},"EventRecordID":"4971","Correlation":null,"Execution":{"@ProcessID":"0","@ThreadID":"0"},"Channel":"Application","Computer":"Server002","Security":null},"EventData":{"Data":"2025-06-23T20:31:59Z, RulesEngine","Binary":""}}}
{"Event":{"System":{"Provider":{"@Name":"SPP","@Guid":"1","@EventSourceName":"SPP"},"EventID":{"@Qualifiers":"49152","#text":"16394"},"Version":"0","Level":"4","Task":"0","Opcode":"0","Keywords":"100","TimeCreated":{"@SystemTime":"2025-06-22 20:42:07.2308403"},"EventRecordID":"4972","Correlation":null,"Execution":{"@ProcessID":"0","@ThreadID":"0"},"Channel":"Application","Computer":"Server002","Security":null},"EventData":{"Data":"","Binary":""}}}
{"Event":{"System":{"Provider":{"@Name":"ESENT"},"EventID":{"@Qualifiers":"0","#text":"901"},"Version":"0","Level":"4","Task":"1","Opcode":"0","Keywords":"100","TimeCreated":{"@SystemTime":"2025-06-22 20:42:11.8152051"},"EventRecordID":"4973","Correlation":null,"Execution":{"@ProcessID":"0","@ThreadID":"0"},"Channel":"Application","Computer":"Server002","Security":null},"EventData":{"Data":"svchost, 2352,G,0, PV: 10.0.19045.0 SV: 10.0.19045.0 GLE: 5 ERR: -261(bf.cxx:24419): osdisk.cxx(5742), ESENT[10.0.19045.0] RETAIL RTM MBCS, FirewallTag:SmallDurationLargerThan35MinTruncation","Binary":""}}}
{"Event":{"System":{"Provider":{"@Name":"ESENT"},"EventID":{"@Qualifiers":"0","#text":"901"},"Version":"0","Level":"4","Task":"1","Opcode":"0","Keywords":"100","TimeCreated":{"@SystemTime":"2025-06-22 20:42:23.6659099"},"EventRecordID":"4974","Correlation":null,"Execution":{"@ProcessID":"0","@ThreadID":"0"},"Channel":"Application","Computer":"Server002","Security":null},"EventData":{"Data":"svchost, 2352,G,0, PV: 10.0.19045.0 SV: 10.0.19045.0 GLE: 997 ERR: -261(bf.cxx:24419): osdisk.cxx(5742), ESENT[10.0.19045.0] RETAIL RTM MBCS, FirewallTag:SmallDurationLargerThan35MinTruncation","Binary":""}}}
{"Event":{"System":{"Provider":{"@Name":"SecurityCenter"},"EventID":{"@Qualifiers":"0","#text":"15"},"Version":"0","Level":"4","Task":"0","Opcode":"0","Keywords":"100","TimeCreated":{"@SystemTime":"2025-06-22 20:42:27.2440979"},"EventRecordID":"4975","Correlation":null,"Execution":{"@ProcessID":"0","@ThreadID":"0"},"Channel":"Application","Computer":"Server002","Security":null},"EventData":{"Data":"Windows Defender, SECURITY_PRODUCT_STATE_ON","Binary":""}}}
{"Event":{"System":{"Provider":{"@Name":"SecurityCenter"},"EventID":{"@Qualifiers":"0","#text":"15"},"Version":"0","Level":"4","Task":"0","Opcode":"0","Keywords":"100","TimeCreated":{"@SystemTime":"2025-06-22 20:42:39.2577599"},"EventRecordID":"4976","Correlation":null,"Execution":{"@ProcessID":"0","@ThreadID":"0"},"Channel":"Application","Computer":"Server002","Security":null},"EventData":{"Data":"Windows Defender, SECURITY_PRODUCT_STATE_ON","Binary":""}}}
{"Event":{"System":{"Provider":{"@Name":"SPP","@Guid":"1","@EventSourceName":"SPP"},"EventID":{"@Qualifiers":"16384","#text":"16384"},"Version":"0","Level":"4","Task":"0","Opcode":"0","Keywords":"100","TimeCreated":{"@SystemTime":"2025-06-22 20:43:23.9708145"},"EventRecordID":"4977","Correlation":null,"Execution":{"@ProcessID":"0","@ThreadID":"0"},"Channel":"Application","Computer":"Server002","Security":null},"EventData":{"Data":"2025-06-23T20:32:23Z, RulesEngine","Binary":""}}}
{"Event":{"System":{"Provider":{"@Name":"SPP","@Guid":"1","@EventSourceName":"SPP"},"EventID":{"@Qualifiers":"49152","#text":"16394"},"Version":"0","Level":"4","Task":"0","Opcode":"0","Keywords":"100","TimeCreated":{"@SystemTime":"2025-06-22 20:44:44.9343979"},"EventRecordID":"4978","Correlation":null,"Execution":{"@ProcessID":"0","@ThreadID":"0"},"Channel":"Application","Computer":"Server002","Security":null},"EventData":{"Data":"","Binary":""}}}
{"Event":{"System":{"Provider":{"@Name":"VSS"},"EventID":{"@Qualifiers":"0","#text":"8224"},"Version":"0","Level":"4","Task":"0","Opcode":"0","Keywords":"100","TimeCreated":{"@SystemTime":"2025-06-22 20:44:45.2705096"},"EventRecordID":"4979","Correlation":null,"Execution":{"@ProcessID":"0","@ThreadID":"0"},"Channel":"Application","Computer":"Server002","Security":null},"EventData":{"Data":"","Binary":"2D-20-43-6F-64-65-3A-20-20-43-4F-52-53-56-43-43-30-30-30-30-30-37-37-34-2D-20-43-61-6C-6C-3A-20-20-43-4F-52-53-56-43-43-30-30-30-30-30-37-35-36-2D-20-50-49-44-3A-20-20-30-30-30-31-30-36-30-34-2D-20-54-49-44-3A-20-20-30-30-30-30-31-39-30-34-2D-20-43-4D-44-3A-20-20-43-3A-5C-57-69-6E-64-6F-77-73-5C-73-79-73-74-65-6D-33-32-5C-76-73-73-76-63-2E-65-78-65-20-20-20-2D-20-55-73-65-72-3A-20-4E-61-6D-65-3A-20-4E-54-20-41-55-54-48-4F-52-49-54-59-5C-53-59-53-54-45-4D-2C-20-53-49-44-3A-53-2D-31-2D-35-2D-31-38-20"}}}
{"Event":{"System":{"Provider":{"@Name":"SPP","@Guid":"1","@EventSourceName":"SPP"},"EventID":{"@Qualifiers":"16384","#text":"16384"},"Version":"0","Level":"4","Task":"0","Opcode":"0","Keywords":"100","TimeCreated":{"@SystemTime":"2025-06-22 20:45:16.0247171"},"EventRecordID":"4980","Correlation":null,"Execution":{"@ProcessID":"0","@ThreadID":"0"},"Channel":"Application","Computer":"Server002","Security":null},"EventData":{"Data":"2025-06-23T20:32:15Z, RulesEngine","Binary":""}}}
{"Event":{"System":{"Provider":{"@Name":"SPP","@Guid":"1","@EventSourceName":"SPP"},"EventID":{"@Qualifiers":"49152","#text":"16394"},"Version":"0","Level":"4","Task":"0","Opcode":"0","Keywords":"100","TimeCreated":{"@SystemTime":"2025-06-22 20:45:23.4680856"},"EventRecordID":"4981","Correlation":null,"Execution":{"@ProcessID":"0","@ThreadID":"0"},"Channel":"Application","Computer":"Server002","Security":null},"EventData":{"Data":"","Binary":""}}}
{"Event":{"System":{"Provider":{"@Name":"SPP","@Guid":"1","@EventSourceName":"SPP"},"EventID":{"@Qualifiers":"16384","#text":"16384"},"Version":"0","Level":"4","Task":"0","Opcode":"0","Keywords":"100","TimeCreated":{"@SystemTime":"2025-06-22 20:46:39.4285852"},"EventRecordID":"4982","Correlation":null,"Execution":{"@ProcessID":"0","@ThreadID":"0"},"Channel":"Application","Computer":"Server002","Security":null},"EventData":{"Data":"2025-06-23T20:32:39Z, RulesEngine","Binary":""}}}
{"Event":{"System":{"Provider":{"@Name":"SPP","@Guid":"1","@EventSourceName":"SPP"},"EventID":{"@Qualifiers":"49152","#text":"16394"},"Version":"0","Level":"4","Task":"0","Opcode":"0","Keywords":"100","TimeCreated":{"@SystemTime":"2025-06-22 20:46:46.2475444"},"EventRecordID":"4983","Correlation":null,"Execution":{"@ProcessID":"0","@ThreadID":"0"},"Channel":"Application","Computer":"Server002","Security":null},"EventData":{"Data":"","Binary":""}}}
{"Event":{"System":{"Provider":{"@Name":"Microsoft-Windows-RestartManager","@Guid":"0888e5ef-9b98-4695-979d-e92ce4247224"},"EventID":"10000","Version":"0","Level":"4","Task":"0","Opcode":"0","Keywords":"10000","TimeCreated":{"@SystemTime":"2025-06-22 20:48:04.9709697"},"EventRecordID":"4984","Correlation":null,"Execution":{"@ProcessID":"2140","@ThreadID":"2036"},"Channel":"Application","Computer":"Server002","Security":{"@UserID":"S-1-5-18"}},"UserData":{"RmSessionEvent":{"RmSessionId":"0","UTCStartTime":"2025-06-22 20:48:04.9620939"}}}}
{"Event":{"System":{"Provider":{"@Name":"Microsoft-Windows-RestartManager","@Guid":"0888e5ef-9b98-4695-979d-e92ce4247224"},"EventID":"10001","Version":"0","Level":"4","Task":"0","Opcode":"0","Keywords":"10000","TimeCreated":{"@SystemTime":"2025-06-22 20:48:05.6302779"},"EventRecordID":"4985","Correlation":null,"Execution":{"@ProcessID":"2140","@ThreadID":"2036"},"Channel":"Application","Computer":"Server002","Security":{"@UserID":"S-1-5-18"}},"UserData":{"RmSessionEvent":{"RmSessionId":"0","UTCStartTime":"2025-06-22 20:48:04.9620939"}}}}
{"Event":{"System":{"Provider":{"@Name":"Microsoft-Windows-RestartManager","@Guid":"0888e5ef-9b98-4695-979d-e92ce4247224"},"EventID":"10000","Version":"0","Level":"4","Task":"0","Opcode":"0","Keywords":"10000","TimeCreated":{"@SystemTime":"2025-06-22 20:48:05.6340835"},"EventRecordID":"4986","Correlation":null,"Execution":{"@ProcessID":"2140","@ThreadID":"2036"},"Channel":"Application","Computer":"Server002","Security":{"@UserID":"S-1-5-18"}},"UserData":{"RmSessionEvent":{"RmSessionId":"0","UTCStartTime":"2025-06-22 20:48:05.6107205"}}}}
{"Event":{"System":{"Provider":{"@Name":"SPP","@Guid":"1","@EventSourceName":"SPP"},"EventID":{"@Qualifiers":"16384","#text":"16384"},"Version":"0","Level":"4","Task":"0","Opcode":"0","Keywords":"100","TimeCreated":{"@SystemTime":"2025-06-22 20:50:54.9554390"},"EventRecordID":"4987","Correlation":null,"Execution":{"@ProcessID":"0","@ThreadID":"0"},"Channel":"Application","Computer":"Server002","Security":null},"EventData":{"Data":"2025-06-23T20:32:54Z, RulesEngine","Binary":""}}}
{"Event":{"System":{"Provider":{"@Name":"SPP","@Guid":"1","@EventSourceName":"SPP"},"EventID":{"@Qualifiers":"49152","#text":"16394"},"Version":"0","Level":"4","Task":"0","Opcode":"0","Keywords":"100","TimeCreated":{"@SystemTime":"2025-06-22 20:51:24.5821378"},"EventRecordID":"4988","Correlation":null,"Execution":{"@ProcessID":"0","@ThreadID":"0"},"Channel":"Application","Computer":"Server002","Security":null},"EventData":{"Data":"","Binary":""}}}
{"Event":{"System":{"Provider":{"@Name":"SPP","@Guid":"1","@EventSourceName":"SPP"},"EventID":{"@Qualifiers":"16384","#text":"16384"},"Version":"0","Level":"4","Task":"0","Opcode":"0","Keywords":"100","TimeCreated":{"@SystemTime":"2025-06-22 20:52:02.1768084"},"EventRecordID":"4989","Correlation":null,"Execution":{"@ProcessID":"0","@ThreadID":"0"},"Channel":"Application","Computer":"Server002","Security":null},"EventData":{"Data":"2025-06-23T20:32:02Z, RulesEngine","Binary":""}}}
{"Event":{"System":{"Provider":{"@Name":"SPP","@Guid":"1","@EventSourceName":"SPP"},"EventID":{"@Qualifiers":"49152","#text":"16394"},"Version":"0","Level":"4","Task":"0","Opcode":"0","Keywords":"100","TimeCreated":{"@SystemTime":"2025-06-22 20:54:25.0414633"},"EventRecordID":"4990","Correlation":null,"Execution":{"@ProcessID":"0","@ThreadID":"0"},"Channel":"Application","Computer":"Server002","Security":null},"EventData":{"Data":"","Binary":""}}}
{"Event":{"System":{"Provider":{"@Name":"SPP","@Guid":"1","@EventSourceName":"SPP"},"EventID":{"@Qualifiers":"16384","#text":"16384"},"Version":"0","Level":"4","Task":"0","Opcode":"0","Keywords":"100","TimeCreated":{"@SystemTime":"2025-06-22 20:54:56.4438511"},"EventRecordID":"4991","Correlation":null,"Execution":{"@ProcessID":"0","@ThreadID":"0"},"Channel":"Application","Computer":"Server002","Security":null},"EventData":{"Data":"2025-06-23T20:32:56Z, RulesEngine","Binary":""}}}
{"Event":{"System":{"Provider":{"@Name":"SPP","@Guid":"1","@EventSourceName":"SPP"},"EventID":{"@Qualifiers":"49152","#text":"16394"},"Version":"0","Level":"4","Task":"0","Opcode":"0","Keywords":"100","TimeCreated":{"@SystemTime":"2025-06-22 20:55:18.8974774"},"EventRecordID":"4992","Correlation":null,"Execution":{"@ProcessID":"0","@ThreadID":"0"},"Channel":"Application","Computer":"Server002","Security":null},"EventData":{"Data":"","Binary":""}}}
{"Event":{"System":{"Provider":{"@Name":"SPP","@Guid":"1","@EventSourceName":"SPP"},"EventID":{"@Qualifiers":"16384","#text":"16384"},"Version":"0","Level":"4","Task":"0","Opcode":"0","Keywords":"100","TimeCreated":{"@SystemTime":"2025-06-22 20:55:44.6765479"},"EventRecordID":"4993","Correlation":null,"Execution":{"@ProcessID":"0","@ThreadID":"0"},"Channel":"Application","Computer":"Server002","Security":null},"EventData":{"Data":"2025-06-23T20:32:44Z, RulesEngine","Binary":""}}}
{"Event":{"System":{"Provider":{"@Name":"SecurityCenter"},"EventID":{"@Qualifiers":"0","#text":"15"},"Version":"0","Level":"4","Task":"0","Opcode":"0","Keywords":"100","TimeCreated":{"@SystemTime":"2025-06-22 20:56:53.6195676"},"EventRecordID":"4994","Correlation":null,"Execution":{"@ProcessID":"0","@ThreadID":"0"},"Channel":"Application","Computer":"Server002","Security":null},"EventData":{"Data":"Windows Defender, SECURITY_PRODUCT_STATE_ON","Binary":""}}}
{"Event":{"System":{"Provider":{"@Name":"SecurityCenter"},"EventID":{"@Qualifiers":"0","#text":"15"},"Version":"0","Level":"4","Task":"0","Opcode":"0","Keywords":"100","TimeCreated":{"@SystemTime":"2025-06-22 20:56:57.9817030"},"EventRecordID":"4995","Correlation":null,"Execution":{"@ProcessID":"0","@ThreadID":"0"},"Channel":"Application","Computer":"Server002","Security":null},"EventData":{"Data":"Windows Defender, SECURITY_PRODUCT_STATE_ON","Binary":""}}}
{"Event":{"System":{"Provider":{"@Name":"SecurityCenter"},"EventID":{"@Qualifiers":"0","#text":"15"},"Version":"0","Level":"4","Task":"0","Opcode":"0","Keywords":"100","TimeCreated":{"@SystemTime":"2025-06-22 20:57:00.0801368"},"EventRecordID":"4996","Correlation":null,"Execution":{"@ProcessID":"0","@ThreadID":"0"},"Channel":"Application","Computer":"Server002","Security":null},"EventData":{"Data":"Windows Defender, SECURITY_PRODUCT_STATE_ON","Binary":""}}}
{"Event":{"System":{"Provider":{"@Name":"Microsoft-Windows-RestartManager","@Guid":"0888e5ef-9b98-4695-979d-e92ce4247224"},"EventID":"10001","Version":"0","Level":"4","Task":"0","Opcode":"0","Keywords":"10000","TimeCreated":{"@SystemTime":"2025-06-22 20:57:10.5380018"},"EventRecordID":"4997","Correlation":null,"Execution":{"@ProcessID":"2140","@ThreadID":"2036"},"Channel":"Application","Computer":"Server002","Security":{"@UserID":"S-1-5-18"}},"UserData":{"RmSessionEvent":{"RmSessionId":"0","UTCStartTime":"2025-06-22 20:48:05.6107205"}}}}
{"Event":{"System":{"Provider":{"@Name":"Microsoft-Windows-RestartManager","@Guid":"0888e5ef-9b98-4695-979d-e92ce4247224"},"EventID":"10000","Version":"0","Level":"4","Task":"0","Opcode":"0","Keywords":"10000","TimeCreated":{"@SystemTime":"2025-06-22 20:57:10.5386786"},"EventRecordID":"4998","Correlation":null,"Execution":{"@ProcessID":"2140","@ThreadID":"2036"},"Channel":"Application","Computer":"Server002","Security":{"@UserID":"S-1-5-18"}},"UserData":{"RmSessionEvent":{"RmSessionId":"0","UTCStartTime":"2025-06-22 20:57:10.5272860"}}}}
{"Event":{"System":{"Provider":{"@Name":"Microsoft-Windows-RestartManager","@Guid":"0888e5ef-9b98-4695-979d-e92ce4247224"},"EventID":"10001","Version":"0","Level":"4","Task":"0","Opcode":"0","Keywords":"10000","TimeCreated":{"@SystemTime":"2025-06-22 20:57:15.3737421"},"EventRecordID":"4999","Correlation":null,"Execution":{"@ProcessID":"2140","@ThreadID":"2036"},"Channel":"Application","Computer":"Server002","Security":{"@UserID":"S-1-5-18"}},"UserData":{"RmSessionEvent":{"RmSessionId":"0","UTCStartTime":"2025-06-22 20:57:10.5272860"}}}}
{"Event":{"System":{"Provider":{"@Name":"SPP","@Guid":"1","@EventSourceName":"SPP"},"EventID":{"@Qualifiers":"49152","#text":"16394"},"Version":"0","Level":"4","Task":"0","Opcode":"0","Keywords":"100","TimeCreated":{"@SystemTime":"2025-06-22 20:57:25.3444171"},"EventRecordID":"5000","Correlation":null,"Execution":{"@ProcessID":"0","@ThreadID":"0"},"Channel":"Application","Computer":"Server002","Security":null},"EventData":{"Data":"","Binary":""}}}
{"Event":{"System":{"Provider":{"@Name":"Microsoft-Windows-RestartManager","@Guid":"0888e5ef-9b98-4695-979d-e92ce4247224"},"EventID":"10000","Version":"0","Level":"4","Task":"0","Opcode":"0","Keywords":"10000","TimeCreated":{"@SystemTime":"2025-06-22 20:57:25.8884801"},"EventRecordID":"5001","Correlation":null,"Execution":{"@ProcessID":"3016","@ThreadID":"2680"},"Channel":"Application","Computer":"Server002","Security":{"@UserID":"S-1-5-21-3962163828-2803415714-1403596700-1001"}},"UserData":{"RmSessionEvent":{"RmSessionId":"1","UTCStartTime":"2025-06-22 20:57:25.8791145"}}}}
{"Event":{"System":{"Provider":{"@Name":"Microsoft-Windows-RestartManager","@Guid":"0888e5ef-9b98-4695-979d-e92ce4247224"},"EventID":"10006","Version":"0","Level":"2","Task":"0","Opcode":"0","Keywords":"10000","TimeCreated":{"@SystemTime":"2025-06-22 20:58:02.5614466"},"EventRecordID":"5002","Correlation":null,"Execution":{"@ProcessID":"3016","@ThreadID":"2680"},"Channel":"Application","Computer":"Server002","Security":{"@UserID":"S-1-5-21-3962163828-2803415714-1403596700-1001"}},"UserData":{"RmApplicationEvent":{"RmSessionId":"1","FullPath":"C:\Program Files (x86)\Microsoft Office\root\vfs\ProgramFilesCommonX86\Microsoft Shared\Office16\opushutil.exe","DisplayName":"Office Push Notifications Utility Assembly","AppVersion":"0","AppType":"2","TSSessionId":"1","Status":"17","Pid":"9548","nFiles":"4","Files":{"File":"C:\ProgramData\Microsoft\Office\ClickToRunPackageLocker, C:\Program Files (x86)\Microsoft Office\root\Client\C2R32.dll, C:\Program Files (x86)\Microsoft Office\root\Office16\C2R32.dll, C:\Program Files (x86)\Microsoft Office\root\vfs\ProgramFilesCommonX86\Microsoft Shared\Office16\C2R32.dll"}}}}}
{"Event":{"System":{"Provider":{"@Name":"Microsoft-Windows-RestartManager","@Guid":"0888e5ef-9b98-4695-979d-e92ce4247224"},"EventID":"10002","Version":"0","Level":"4","Task":"0","Opcode":"0","Keywords":"10000","TimeCreated":{"@SystemTime":"2025-06-22 20:58:09.9863060"},"EventRecordID":"5003","Correlation":null,"Execution":{"@ProcessID":"3016","@ThreadID":"2680"},"Channel":"Application","Computer":"Server002","Security":{"@UserID":"S-1-5-21-3962163828-2803415714-1403596700-1001"}},"UserData":{"RmApplicationEvent":{"RmSessionId":"1","FullPath":"C:\Program Files (x86)\Microsoft Office\root\vfs\ProgramFilesCommonX86\Microsoft Shared\Office16\opushutil.exe","DisplayName":"Office Push Notifications Utility Assembly","AppVersion":"0","AppType":"2","TSSessionId":"1","Status":"2","Pid":"9548","nFiles":"4","Files":{"File":"C:\ProgramData\Microsoft\Office\ClickToRunPackageLocker, C:\Program Files (x86)\Microsoft Office\root\Client\C2R32.dll, C:\Program Files (x86)\Microsoft Office\root\Office16\C2R32.dll, C:\Program Files (x86)\Microsoft Office\root\vfs\ProgramFilesCommonX86\Microsoft Shared\Office16\C2R32.dll"}}}}}
{"Event":{"System":{"Provider":{"@Name":"SPP","@Guid":"1","@EventSourceName":"SPP"},"EventID":{"@Qualifiers":"16384","#text":"16384"},"Version":"0","Level":"4","Task":"0","Opcode":"0","Keywords":"100","TimeCreated":{"@SystemTime":"2025-06-22 20:58:17.6607163"},"EventRecordID":"5004","Correlation":null,"Execution":{"@ProcessID":"0","@ThreadID":"0"},"Channel":"Application","Computer":"Server002","Security":null},"EventData":{"Data":"2025-06-23T20:32:17Z, RulesEngine","Binary":""}}}
{"Event":{"System":{"Provider":{"@Name":"Microsoft-Windows-RestartManager","@Guid":"0888e5ef-9b98-4695-979d-e92ce4247224"},"EventID":"10005","Version":"0","Level":"4","Task":"0","Opcode":"0","Keywords":"10000","TimeCreated":{"@SystemTime":"2025-06-22 20:58:58.6708772"},"EventRecordID":"5005","Correlation":null,"Execution":{"@ProcessID":"3016","@ThreadID":"2680"},"Channel":"Application","Computer":"Server002","Security":{"@UserID":"S-1-5-21-3962163828-2803415714-1403596700-1001"}},"UserData":{"RmRestartEvent":{"RmSessionId":"1","nApplications":"2","Applications":{"Application":"Office Push Notifications Utility Assembly, OfficeClickToRun.exe"},"RebootReasons":"3"}}}}
{"Event":{"System":{"Provider":{"@Name":"SPP","@Guid":"1","@EventSourceName":"SPP"},"EventID":{"@Qualifiers":"49152","#text":"16394"},"Version":"0","Level":"4","Task":"0","Opcode":"0","Keywords":"100","TimeCreated":{"@SystemTime":"2025-06-22 20:59:03.4562598"},"EventRecordID":"5006","Correlation":null,"Execution":{"@ProcessID":"0","@ThreadID":"0"},"Channel":"Application","Computer":"Server002","Security":null},"EventData":{"Data":"","Binary":""}}}
{"Event":{"System":{"Provider":{"@Name":"SPP","@Guid":"1","@EventSourceName":"SPP"},"EventID":{"@Qualifiers":"16384","#text":"1004"},"Version":"0","Level":"4","Task":"0","Opcode":"0","Keywords":"100","TimeCreated":{"@SystemTime":"2025-06-22 20:59:04.6043117"},"EventRecordID":"5007","Correlation":null,"Execution":{"@ProcessID":"0","@ThreadID":"0"},"Channel":"Application","Computer":"Server002","Security":null},"EventData":{"Data":"XrML 2.1 License - Product Key Configuration, 6040a6e7-445d-4609-b6c4-8a66b709cb54","Binary":""}}}
{"Event":{"System":{"Provider":{"@Name":"SPP","@Guid":"1","@EventSourceName":"SPP"},"EventID":{"@Qualifiers":"16384","#text":"1004"},"Version":"0","Level":"4","Task":"0","Opcode":"0","Keywords":"100","TimeCreated":{"@SystemTime":"2025-06-22 20:59:04.9638988"},"EventRecordID":"5008","Correlation":null,"Execution":{"@ProcessID":"0","@ThreadID":"0"},"Channel":"Application","Computer":"Server002","Security":null},"EventData":{"Data":"XrML 2.1 License - Product Key Configuration, dc6454b3-ceba-4e40-b6cc-26afb8fe8fa6","Binary":""}}}
{"Event":{"System":{"Provider":{"@Name":"SPP","@Guid":"1","@EventSourceName":"SPP"},"EventID":{"@Qualifiers":"16384","#text":"1004"},"Version":"0","Level":"4","Task":"0","Opcode":"0","Keywords":"100","TimeCreated":{"@SystemTime":"2025-06-22 20:59:05.0691111"},"EventRecordID":"5009","Correlation":null,"Execution":{"@ProcessID":"0","@ThreadID":"0"},"Channel":"Application","Computer":"Server002","Security":null},"EventData":{"Data":"client-issuance-root Issuance License, 7cbeb41c-1778-47f2-aa36-51a5a618f716","Binary":""}}}
{"Event":{"System":{"Provider":{"@Name":"SPP","@Guid":"1","@EventSourceName":"SPP"},"EventID":{"@Qualifiers":"16384","#text":"1004"},"Version":"0","Level":"4","Task":"0","Opcode":"0","Keywords":"100","TimeCreated":{"@SystemTime":"2025-06-22 20:59:05.2349499"},"EventRecordID":"5010","Correlation":null,"Execution":{"@ProcessID":"0","@ThreadID":"0"},"Channel":"Application","Computer":"Server002","Security":null},"EventData":{"Data":"client-issuance-stil Issuance License, 285583cd-fc43-4806-ace6-d247b7edd434","Binary":""}}}
{"Event":{"System":{"Provider":{"@Name":"SPP","@Guid":"1","@EventSourceName":"SPP"},"EventID":{"@Qualifiers":"16384","#text":"1004"},"Version":"0","Level":"4","Task":"0","Opcode":"0","Keywords":"100","TimeCreated":{"@SystemTime":"2025-06-22 20:59:05.3772592"},"EventRecordID":"5011","Correlation":null,"Execution":{"@ProcessID":"0","@ThreadID":"0"},"Channel":"Application","Computer":"Server002","Security":null},"EventData":{"Data":"client-issuance-ul Issuance License, ce939c0e-53f7-4011-a286-78b6975fa5f0","Binary":""}}}
{"Event":{"System":{"Provider":{"@Name":"SPP","@Guid":"1","@EventSourceName":"SPP"},"EventID":{"@Qualifiers":"16384","#text":"1004"},"Version":"0","Level":"4","Task":"0","Opcode":"0","Keywords":"100","TimeCreated":{"@SystemTime":"2025-06-22 20:59:05.4723505"},"EventRecordID":"5012","Correlation":null,"Execution":{"@ProcessID":"0","@ThreadID":"0"},"Channel":"Application","Computer":"Server002","Security":null},"EventData":{"Data":"client-issuance-ul-oob Issuance License, 7209e8e3-cce2-49dd-8f6e-2cc8a611f202","Binary":""}}}
{"Event":{"System":{"Provider":{"@Name":"SPP","@Guid":"1","@EventSourceName":"SPP"},"EventID":{"@Qualifiers":"16384","#text":"1004"},"Version":"0","Level":"4","Task":"0","Opcode":"0","Keywords":"100","TimeCreated":{"@SystemTime":"2025-06-22 20:59:05.5657974"},"EventRecordID":"5013","Correlation":null,"Execution":{"@ProcessID":"0","@ThreadID":"0"},"Channel":"Application","Computer":"Server002","Security":null},"EventData":{"Data":"client-issuance-root-bridge-test Issuance License, 7256a55f-e989-4e06-b2c2-c527f49e4527","Binary":""}}}
{"Event":{"System":{"Provider":{"@Name":"SPP","@Guid":"1","@EventSourceName":"SPP"},"EventID":{"@Qualifiers":"16384","#text":"1004"},"Version":"0","Level":"4","Task":"0","Opcode":"0","Keywords":"100","TimeCreated":{"@SystemTime":"2025-06-22 20:59:05.6413852"},"EventRecordID":"5014","Correlation":null,"Execution":{"@ProcessID":"0","@ThreadID":"0"},"Channel":"Application","Computer":"Server002","Security":null},"EventData":{"Data":"client-issuance-bridge-office Issuance License, 4d4a5396-01a7-4ae5-9973-b53bb1af5c30","Binary":""}}}
{"Event":{"System":{"Provider":{"@Name":"SPP","@Guid":"1","@EventSourceName":"SPP"},"EventID":{"@Qualifiers":"16384","#text":"1004"},"Version":"0","Level":"4","Task":"0","Opcode":"0","Keywords":"100","TimeCreated":{"@SystemTime":"2025-06-22 20:59:05.7824918"},"EventRecordID":"5015","Correlation":null,"Execution":{"@ProcessID":"0","@ThreadID":"0"},"Channel":"Application","Computer":"Server002","Security":null},"EventData":{"Data":"Office 24 UL oob License (Public), 549df20d-1b09-4dba-be70-2a7a41df8187","Binary":""}}}
{"Event":{"System":{"Provider":{"@Name":"SPP","@Guid":"1","@EventSourceName":"SPP"},"EventID":{"@Qualifiers":"16384","#text":"1004"},"Version":"0","Level":"4","Task":"0","Opcode":"0","Keywords":"100","TimeCreated":{"@SystemTime":"2025-06-22 20:59:05.7824918"},"EventRecordID":"5016","Correlation":null,"Execution":{"@ProcessID":"0","@ThreadID":"0"},"Channel":"Application","Computer":"Server002","Security":null},"EventData":{"Data":"Office 24 UL oob License (Private), a1665f33-019a-457a-b679-e8d783993e03","Binary":""}}}
{"Event":{"System":{"Provider":{"@Name":"SPP","@Guid":"1","@EventSourceName":"SPP"},"EventID":{"@Qualifiers":"16384","#text":"1004"},"Version":"0","Level":"4","Task":"0","Opcode":"0","Keywords":"100","TimeCreated":{"@SystemTime":"2025-06-22 20:59:06.0140567"},"EventRecordID":"5017","Correlation":null,"Execution":{"@ProcessID":"0","@ThreadID":"0"},"Channel":"Application","Computer":"Server002","Security":null},"EventData":{"Data":"OfficeA2D2C78E-2E0B-4214-8098-D5D13E718DC5 PPD License, 70927ae0-f30d-c6f4-8a11-8739588e2559","Binary":""}}}
{"Event":{"System":{"Provider":{"@Name":"SPP","@Guid":"1","@EventSourceName":"SPP"},"EventID":{"@Qualifiers":"16384","#text":"1004"},"Version":"0","Level":"4","Task":"0","Opcode":"0","Keywords":"100","TimeCreated":{"@SystemTime":"2025-06-22 20:59:06.1212220"},"EventRecordID":"5018","Correlation":null,"Execution":{"@ProcessID":"0","@ThreadID":"0"},"Channel":"Application","Computer":"Server002","Security":null},"EventData":{"Data":"Office 24 Publishing License (Public), 9224a324-1632-4c03-8b9c-4d4359bd283c","Binary":""}}}
{"Event":{"System":{"Provider":{"@Name":"SPP","@Guid":"1","@EventSourceName":"SPP"},"EventID":{"@Qualifiers":"16384","#text":"1004"},"Version":"0","Level":"4","Task":"0","Opcode":"0","Keywords":"100","TimeCreated":{"@SystemTime":"2025-06-22 20:59:06.1212220"},"EventRecordID":"5019","Correlation":null,"Execution":{"@ProcessID":"0","@ThreadID":"0"},"Channel":"Application","Computer":"Server002","Security":null},"EventData":{"Data":"Office 24 Publishing License (Private), 764dc078-f473-4ac0-84fc-f9b721b4dd97","Binary":""}}}
{"Event":{"System":{"Provider":{"@Name":"SPP","@Guid":"1","@EventSourceName":"SPP"},"EventID":{"@Qualifiers":"16384","#text":"1004"},"Version":"0","Level":"4","Task":"0","Opcode":"0","Keywords":"100","TimeCreated":{"@SystemTime":"2025-06-22 20:59:06.2852856"},"EventRecordID":"5020","Correlation":null,"Execution":{"@ProcessID":"0","@ThreadID":"0"},"Channel":"Application","Computer":"Server002","Security":null},"EventData":{"Data":"Office 24 UL phone License (Public), f266e14d-6254-4899-a1df-7c8830a4dbee","Binary":""}}}
{"Event":{"System":{"Provider":{"@Name":"SPP","@Guid":"1","@EventSourceName":"SPP"},"EventID":{"@Qualifiers":"16384","#text":"1004"},"Version":"0","Level":"4","Task":"0","Opcode":"0","Keywords":"100","TimeCreated":{"@SystemTime":"2025-06-22 20:59:06.2852856"},"EventRecordID":"5021","Correlation":null,"Execution":{"@ProcessID":"0","@ThreadID":"0"},"Channel":"Application","Computer":"Server002","Security":null},"EventData":{"Data":"Office 24 UL phone License (Private), 296f4609-52db-4d76-a113-77e0ae945165","Binary":""}}}
{"Event":{"System":{"Provider":{"@Name":"SPP","@Guid":"1","@EventSourceName":"SPP"},"EventID":{"@Qualifiers":"16384","#text":"1004"},"Version":"0","Level":"4","Task":"0","Opcode":"0","Keywords":"100","TimeCreated":{"@SystemTime":"2025-06-22 20:59:06.3572534"},"EventRecordID":"5022","Correlation":null,"Execution":{"@ProcessID":"0","@ThreadID":"0"},"Channel":"Application","Computer":"Server002","Security":null},"EventData":{"Data":"Office 24 UL oob License (Public), 4447b98e-5c92-40c8-8e28-3aba2606feb1","Binary":""}}}
{"Event":{"System":{"Provider":{"@Name":"SPP","@Guid":"1","@EventSourceName":"SPP"},"EventID":{"@Qualifiers":"16384","#text":"1004"},"Version":"0","Level":"4","Task":"0","Opcode":"0","Keywords":"100","TimeCreated":{"@SystemTime":"2025-06-22 20:59:06.3572534"},"EventRecordID":"5023","Correlation":null,"Execution":{"@ProcessID":"0","@ThreadID":"0"},"Channel":"Application","Computer":"Server002","Security":null},"EventData":{"Data":"Office 24 UL oob License (Private), 93cc6b34-f02d-4104-9e68-0d2a3a07068a","Binary":""}}}
{"Event":{"System":{"Provider":{"@Name":"SPP","@Guid":"1","@EventSourceName":"SPP"},"EventID":{"@Qualifiers":"16384","#text":"1004"},"Version":"0","Level":"4","Task":"0","Opcode":"0","Keywords":"100","TimeCreated":{"@SystemTime":"2025-06-22 20:59:06.5495050"},"EventRecordID":"5024","Correlation":null,"Execution":{"@ProcessID":"0","@ThreadID":"0"},"Channel":"Application","Computer":"Server002","Security":null},"EventData":{"Data":"OfficeB20512CC-D17C-465D-BB49-C4143C367AEE PPD License, ff4eb4be-cf54-bc5b-f738-cbd4c6adf05b","Binary":""}}}
{"Event":{"System":{"Provider":{"@Name":"SPP","@Guid":"1","@EventSourceName":"SPP"},"EventID":{"@Qualifiers":"16384","#text":"1004"},"Version":"0","Level":"4","Task":"0","Opcode":"0","Keywords":"100","TimeCreated":{"@SystemTime":"2025-06-22 20:59:06.6041965"},"EventRecordID":"5025","Correlation":null,"Execution":{"@ProcessID":"0","@ThreadID":"0"},"Channel":"Application","Computer":"Server002","Security":null},"EventData":{"Data":"Office 24 Publishing License (Public), 49e23f0c-4ecd-4adf-b083-e051ab47870a","Binary":""}}}
{"Event":{"System":{"Provider":{"@Name":"SPP","@Guid":"1","@EventSourceName":"SPP"},"EventID":{"@Qualifiers":"16384","#text":"1004"},"Version":"0","Level":"4","Task":"0","Opcode":"0","Keywords":"100","TimeCreated":{"@SystemTime":"2025-06-22 20:59:06.6041965"},"EventRecordID":"5026","Correlation":null,"Execution":{"@ProcessID":"0","@ThreadID":"0"},"Channel":"Application","Computer":"Server002","Security":null},"EventData":{"Data":"Office 24 Publishing License (Private), 8704f52d-f30b-41eb-8b14-887d5b6479e4","Binary":""}}}
{"Event":{"System":{"Provider":{"@Name":"SPP","@Guid":"1","@EventSourceName":"SPP"},"EventID":{"@Qualifiers":"16384","#text":"1004"},"Version":"0","Level":"4","Task":"0","Opcode":"0","Keywords":"100","TimeCreated":{"@SystemTime":"2025-06-22 20:59:06.8282361"},"EventRecordID":"5027","Correlation":null,"Execution":{"@ProcessID":"0","@ThreadID":"0"},"Channel":"Application","Computer":"Server002","Security":null},"EventData":{"Data":"Office 24 UL phone License (Public), a70d1cf8-df3a-499a-83f7-1582b75e6663","Binary":""}}}
{"Event":{"System":{"Provider":{"@Name":"SPP","@Guid":"1","@EventSourceName":"SPP"},"EventID":{"@Qualifiers":"16384","#text":"1004"},"Version":"0","Level":"4","Task":"0","Opcode":"0","Keywords":"100","TimeCreated":{"@SystemTime":"2025-06-22 20:59:06.8282361"},"EventRecordID":"5028","Correlation":null,"Execution":{"@ProcessID":"0","@ThreadID":"0"},"Channel":"Application","Computer":"Server002","Security":null},"EventData":{"Data":"Office 24 UL phone License (Private), 5f8f9279-916a-411c-9d97-28626ea912a9","Binary":""}}}
{"Event":{"System":{"Provider":{"@Name":"SPP","@Guid":"1","@EventSourceName":"SPP"},"EventID":{"@Qualifiers":"16384","#text":"1004"},"Version":"0","Level":"4","Task":"0","Opcode":"0","Keywords":"100","TimeCreated":{"@SystemTime":"2025-06-22 20:59:06.9024095"},"EventRecordID":"5029","Correlation":null,"Execution":{"@ProcessID":"0","@ThreadID":"0"},"Channel":"Application","Computer":"Server002","Security":null},"EventData":{"Data":"Office 24 UL oob License (Public), 7bb1a04c-2209-459a-a780-b83f4b1a5a38","Binary":""}}}
{"Event":{"System":{"Provider":{"@Name":"SPP","@Guid":"1","@EventSourceName":"SPP"},"EventID":{"@Qualifiers":"16384","#text":"1004"},"Version":"0","Level":"4","Task":"0","Opcode":"0","Keywords":"100","TimeCreated":{"@SystemTime":"2025-06-22 20:59:06.9024095"},"EventRecordID":"5030","Correlation":null,"Execution":{"@ProcessID":"0","@ThreadID":"0"},"Channel":"Application","Computer":"Server002","Security":null},"EventData":{"Data":"Office 24 UL oob License (Private), b1a6de64-725e-4ec1-99e0-d38cebb7a162","Binary":""}}}
{"Event":{"System":{"Provider":{"@Name":"SPP","@Guid":"1","@EventSourceName":"SPP"},"EventID":{"@Qualifiers":"16384","#text":"1004"},"Version":"0","Level":"4","Task":"0","Opcode":"0","Keywords":"100","TimeCreated":{"@SystemTime":"2025-06-22 20:59:06.9913197"},"EventRecordID":"5031","Correlation":null,"Execution":{"@ProcessID":"0","@ThreadID":"0"},"Channel":"Application","Computer":"Server002","Security":null},"EventData":{"Data":"Office885F83E0-5E18-4199-B8BE-56697D0DEBFB PPD License, 4a9a0817-315c-ba36-ae99-72827d5765de","Binary":""}}}
{"Event":{"System":{"Provider":{"@Name":"Microsoft-Windows-RestartManager","@Guid":"0888e5ef-9b98-4695-979d-e92ce4247224"},"EventID":"10000","Version":"0","Level":"4","Task":"0","Opcode":"0","Keywords":"10000","TimeCreated":{"@SystemTime":"2025-06-22 20:59:25.1560558"},"EventRecordID":"5032","Correlation":null,"Execution":{"@ProcessID":"3016","@ThreadID":"2680"},"Channel":"Application","Computer":"Server002","Security":{"@UserID":"S-1-5-21-3962163828-2803415714-1403596700-1001"}},"UserData":{"RmSessionEvent":{"RmSessionId":"1","UTCStartTime":"2025-06-22 20:59:25.0101396"}}}}
{"Event":{"System":{"Provider":{"@Name":"SPP","@Guid":"1","@EventSourceName":"SPP"},"EventID":{"@Qualifiers":"16384","#text":"16384"},"Version":"0","Level":"4","Task":"0","Opcode":"0","Keywords":"100","TimeCreated":{"@SystemTime":"2025-06-22 20:59:42.2835435"},"EventRecordID":"5033","Correlation":null,"Execution":{"@ProcessID":"0","@ThreadID":"0"},"Channel":"Application","Computer":"Server002","Security":null},"EventData":{"Data":"2025-06-23T20:32:42Z, RulesEngine","Binary":""}}}
{"Event":{"System":{"Provider":{"@Name":"Microsoft-Windows-Search","@Guid":"{CA4E628D-8567-4896-AB6B-835B221F373F}","@EventSourceName":"Windows Search Service"},"EventID":{"@Qualifiers":"16384","#text":"1013"},"Version":"0","Level":"4","Task":"1","Opcode":"0","Keywords":"100","TimeCreated":{"@SystemTime":"2025-06-22 20:59:42.5256799"},"EventRecordID":"5034","Correlation":null,"Execution":{"@ProcessID":"0","@ThreadID":"0"},"Channel":"Application","Computer":"Server002","Security":null},"EventData":{"Data":{"@Name":"ExtraInfo","#text":", "}}}}
{"Event":{"System":{"Provider":{"@Name":"ESENT"},"EventID":{"@Qualifiers":"0","#text":"103"},"Version":"0","Level":"4","Task":"1","Opcode":"0","Keywords":"100","TimeCreated":{"@SystemTime":"2025-06-22 20:59:42.7368638"},"EventRecordID":"5035","Correlation":null,"Execution":{"@ProcessID":"0","@ThreadID":"0"},"Channel":"Application","Computer":"Server002","Security":null},"EventData":{"Data":"SearchIndexer, 4364,T,97, Windows: , 0, [1] 0.000008 +J(0) +M(C:0K, Fs:2, WS:8K # 0K, PF:0K # 0K, P:0K)[2] 0.000010 +J(0) +M(C:0K, Fs:1, WS:4K # 0K, PF:0K # 0K, P:0K)[3] 0.000039 +J(0) +M(C:0K, Fs:1, WS:4K # 0K, PF:0K # 0K, P:0K)[4] 0.000001 +J(0)[5] 0.147910 -0.000001 (51) CM -0.123607 (8) WT +J(CM:51, PgRf:0, Rd:0/51, Dy:0/0, Lg:0/0) +M(C:0K, Fs:332, WS:312K # 0K, PF:0K # 0K, P:0K)[6] 0.000816 +J(0) +M(C:0K, Fs:1, WS:-3368K # 0K, PF:-3968K # 0K, P:-3968K)[7] 0.000010 +J(0)[8] 0.015460 -0.007362 (12) WT +J(CM:0, PgRf:0, Rd:0/0, Dy:0/0, Lg:1266/2) +M(C:0K, Fs:33, WS:-172K # 0K, PF:-548K # 0K, P:-548K)[9] 0.001411 -0.000841 (2) WT +J(CM:0, PgRf:0, Rd:0/0, Dy:0/0, Lg:66/1) +M(C:0K, Fs:1, WS:4K # 0K, PF:0K # 0K, P:0K)[10] 0.000003 +J(0)[11] 0.002708 -0.001021 (2) WT +J(0)[12] 0.000172 +J(0) +M(C:0K, Fs:1, WS:0K # 0K, PF:-4K # 0K, P:-4K)[13] 0.000512 +J(0)[14] 0.000046 +J(0) +M(C:0K, Fs:0, WS:-244K # 0K, PF:-252K # 0K, P:-252K)[15] 0.000002 +J(0)., 0","Binary":""}}}
{"Event":{"System":{"Provider":{"@Name":"ESENT"},"EventID":{"@Qualifiers":"0","#text":"102"},"Version":"0","Level":"4","Task":"1","Opcode":"0","Keywords":"100","TimeCreated":{"@SystemTime":"2025-06-22 20:59:44.9072820"},"EventRecordID":"5036","Correlation":null,"Execution":{"@ProcessID":"0","@ThreadID":"0"},"Channel":"Application","Computer":"Server002","Security":null},"EventData":{"Data":"SearchIndexer, 3476,P,98, Windows: , 0, 10, 00, 19045, 0000","Binary":""}}}
{"Event":{"System":{"Provider":{"@Name":"ESENT"},"EventID":{"@Qualifiers":"0","#text":"105"},"Version":"0","Level":"4","Task":"1","Opcode":"0","Keywords":"100","TimeCreated":{"@SystemTime":"2025-06-22 20:59:44.9349003"},"EventRecordID":"5037","Correlation":null,"Execution":{"@ProcessID":"0","@ThreadID":"0"},"Channel":"Application","Computer":"Server002","Security":null},"EventData":{"Data":"SearchIndexer, 3476,D,0, Windows: , 0, 0, [1] 0.001420 +J(0) +M(C:0K, Fs:224, WS:880K # 880K, PF:5008K # 5008K, P:5008K)[2] 0.000284 +J(0) +M(C:0K, Fs:109, WS:436K # 436K, PF:388K # 388K, P:388K)[3] 0.006017 +J(0) +M(C:0K, Fs:12, WS:44K # 44K, PF:68K # 68K, P:68K)[4] 0.000422 +J(0) +M(C:0K, Fs:25, WS:100K # 100K, PF:356K # 356K, P:356K)[5] 0.000948 +J(0) +M(C:0K, Fs:9, WS:36K # 36K, PF:20K # 20K, P:20K)[6] 0.004981 +J(0) +M(C:0K, Fs:26, WS:100K # 100K, PF:12K # 12K, P:12K)[7] 0.008921 -0.006287 (2) WT +J(0) +M(C:0K, Fs:274, WS:1096K # 1096K, PF:1028K # 1028K, P:1028K)[8] -[9] -[10] -[11] -[12] -[13] 0.008847 +J(CM:0, PgRf:0, Rd:0/0, Dy:0/0, Lg:616/1) +M(C:0K, Fs:11, WS:-988K # 24K, PF:-1020K # 12K, P:-1020K)[14] 0.000023 +J(0) +M(C:0K, Fs:2, WS:8K # 0K, PF:4K # 0K, P:4K)[15] 0.000090 +J(0) +M(C:0K, Fs:64, WS:256K # 0K, PF:64K # 0K, P:64K)[16] 0.000368 -0.000001 (1) WT +J(0) +M(C:0K, Fs:3, WS:4K # 0K, PF:0K # 0K, P:0K).","Binary":""}}}
{"Event":{"System":{"Provider":{"@Name":"ESENT"},"EventID":{"@Qualifiers":"0","#text":"326"},"Version":"0","Level":"4","Task":"1","Opcode":"0","Keywords":"100","TimeCreated":{"@SystemTime":"2025-06-22 20:59:45.0018176"},"EventRecordID":"5038","Correlation":null,"Execution":{"@ProcessID":"0","@ThreadID":"0"},"Channel":"Application","Computer":"Server002","Security":null},"EventData":{"Data":"SearchIndexer, 3476,D,50, Windows: , 1, C:\ProgramData\Microsoft\Search\Data\Applications\Windows\Windows.edb, 0, [1] 0.000004 +J(0) +M(C:0K, Fs:1, WS:4K # 0K, PF:0K # 0K, P:0K)[2] 0.000458 -0.000001 (1) WT +J(0) +M(C:0K, Fs:26, WS:40K # 0K, PF:32K # 0K, P:32K)[3] 0.012005 -0.005491 (5) WT +J(CM:0, PgRf:0, Rd:0/0, Dy:0/0, Lg:3480/2) +M(C:0K, Fs:41, WS:128K # 0K, PF:140K # 0K, P:140K)[4] 0.000599 +J(0) +M(C:0K, Fs:1, WS:4K # 0K, PF:0K # 0K, P:0K)[5] -[6] -[7] -[8] 0.006500 -0.004704 (2) CM +J(CM:2, PgRf:2, Rd:14/2, Dy:0/0, Lg:54/1) +M(C:0K, Fs:47, WS:188K # 0K, PF:680K # 0K, P:680K)[9] 0.036092 -0.001695 (5) CM -0.033958 (1) WT +J(CM:5, PgRf:23, Rd:0/5, Dy:0/0, Lg:0/0) +M(C:0K, Fs:71, WS:284K # 0K, PF:256K # 152K, P:256K)[10] 0.003697 -0.003584 (1) CM +J(CM:1, PgRf:40, Rd:0/1, Dy:0/0, Lg:0/0) +M(C:0K, Fs:9, WS:36K # 28K, PF:96K # 96K, P:96K)[11] 0.000016 +J(CM:0, PgRf:1, Rd:0/0, Dy:0/0, Lg:0/0) +M(C:0K, Fs:2, WS:8K # 8K, PF:0K # 0K, P:0K)[12] 0.000033 +J(CM:0, PgRf:42, Rd:0/0, Dy:0/0, Lg:0/0) +M(C:0K, Fs:3, WS:12K # 12K, PF:0K # 0K, P:0K)[13] 0.0 +J(0)[14] 0.0 +J(0)[15] 0.000003 +J(CM:0, PgRf:1, Rd:0/0, Dy:0/0, Lg:0/0)., 0 0, lgposAttach = 00000082:00A6:0268,dbv = 1568.110.240","Binary":""}}}
