{"Event":{"System":{"Provider":{"@Name":"Microsoft-Windows-Sysmon","@Guid":"5770385f-c22a-43e0-bf4c-06f5698ffbd9"},"EventID":"1","Version":"5","Level":"4","Task":"1","Opcode":"0","Keywords":"10000","TimeCreated":{"@SystemTime":"2025-04-23 19:16:09.9109322"},"EventRecordID":"45525","Correlation":null,"Execution":{"@ProcessID":"3244","@ThreadID":"3828"},"Channel":"Microsoft-Windows-Sysmon/Operational","Computer":"Server002","Security":{"@UserID":"S-1-5-18"}},"EventData":{"Data":[{"@Name":"RuleName","#text":"-"},{"@Name":"UtcTime","#text":"2025-04-23 19:16:09.905"},{"@Name":"ProcessGuid","#text":"dbf410b3-3c79-6809-3c03-000000004100"},{"@Name":"ProcessId","#text":"9928"},{"@Name":"Image","#text":"C:\Windows\Microsoft.NET\Framework\v4.0.30319\mscorsvw.exe"},{"@Name":"FileVersion","#text":"4.8.9093.0 built by: NET481REL1LAST_C"},{"@Name":"Description","#text":".NET Runtime Optimization Service"},{"@Name":"Product","#text":"Microsoft® .NET Framework"},{"@Name":"Company","#text":"Microsoft Corporation"},{"@Name":"OriginalFileName","#text":"mscorsvw.exe"},{"@Name":"CommandLine","#text":"C:\Windows\Microsoft.NET\Framework\v4.0.30319\mscorsvw.exe -StartupEvent 4a0 -InterruptEvent 0 -NGENProcess 49c -Pipe 444 -Comment \"NGen Worker Process\""},{"@Name":"CurrentDirectory","#text":"C:\Windows\system32\"},{"@Name":"User","#text":"NT AUTHORITY\SYSTEM"},{"@Name":"LogonGuid","#text":"dbf410b3-38ed-6809-e703-000000000000"},{"@Name":"LogonId","#text":"0x3E7"},{"@Name":"TerminalSessionId","#text":"0"},{"@Name":"IntegrityLevel","#text":"System"},{"@Name":"Hashes","#text":"SHA256=0F5305796FA4135C338C80B8529EEE9C38FFB938BCF89984B0CDC77B9673DD75"},{"@Name":"ParentProcessGuid","#text":"dbf410b3-3b99-6809-f201-000000004100"},{"@Name":"ParentProcessId","#text":"9808"},{"@Name":"ParentImage","#text":"C:\Windows\Microsoft.NET\Framework\v4.0.30319\ngen.exe"},{"@Name":"ParentCommandLine","#text":"\"C:\Windows\Microsoft.NET\Framework\v4.0.30319\ngen.exe\" ExecuteQueuedItems /LegacyServiceBehavior"},{"@Name":"ParentUser","#text":"NT AUTHORITY\SYSTEM"}]}}}
{"Event":{"System":{"Provider":{"@Name":"Microsoft-Windows-Sysmon","@Guid":"5770385f-c22a-43e0-bf4c-06f5698ffbd9"},"EventID":"5","Version":"3","Level":"4","Task":"5","Opcode":"0","Keywords":"10000","TimeCreated":{"@SystemTime":"2025-04-23 19:16:09.9131814"},"EventRecordID":"45526","Correlation":null,"Execution":{"@ProcessID":"3244","@ThreadID":"3828"},"Channel":"Microsoft-Windows-Sysmon/Operational","Computer":"Server002","Security":{"@UserID":"S-1-5-18"}},"EventData":{"Data":[{"@Name":"RuleName","#text":"-"},{"@Name":"UtcTime","#text":"2025-04-23 19:16:09.887"},{"@Name":"ProcessGuid","#text":"dbf410b3-3c79-6809-3b03-000000004100"},{"@Name":"ProcessId","#text":"968"},{"@Name":"Image","#text":"C:\Windows\Microsoft.NET\Framework\v4.0.30319\mscorsvw.exe"},{"@Name":"User","#text":"NT AUTHORITY\SYSTEM"}]}}}
{"Event":{"System":{"Provider":{"@Name":"Microsoft-Windows-Sysmon","@Guid":"5770385f-c22a-43e0-bf4c-06f5698ffbd9"},"EventID":"1","Version":"5","Level":"4","Task":"1","Opcode":"0","Keywords":"10000","TimeCreated":{"@SystemTime":"2025-04-23 19:16:09.9985063"},"EventRecordID":"45527","Correlation":null,"Execution":{"@ProcessID":"3244","@ThreadID":"3828"},"Channel":"Microsoft-Windows-Sysmon/Operational","Computer":"Server002","Security":{"@UserID":"S-1-5-18"}},"EventData":{"Data":[{"@Name":"RuleName","#text":"-"},{"@Name":"UtcTime","#text":"2025-04-23 19:16:09.994"},{"@Name":"ProcessGuid","#text":"dbf410b3-3c79-6809-3d03-000000004100"},{"@Name":"ProcessId","#text":"10196"},{"@Name":"Image","#text":"C:\Windows\System32\svchost.exe"},{"@Name":"FileVersion","#text":"10.0.19041.4355 (WinBuild.160101.0800)"},{"@Name":"Description","#text":"Host Process for Windows Services"},{"@Name":"Product","#text":"Microsoft® Windows® Operating System"},{"@Name":"Company","#text":"Microsoft Corporation"},{"@Name":"OriginalFileName","#text":"svchost.exe"},{"@Name":"CommandLine","#text":"C:\Windows\system32\svchost.exe -k wusvcs -p -s WaaSMedicSvc"},{"@Name":"CurrentDirectory","#text":"C:\Windows\system32\"},{"@Name":"User","#text":"NT AUTHORITY\SYSTEM"},{"@Name":"LogonGuid","#text":"dbf410b3-38ed-6809-e703-000000000000"},{"@Name":"LogonId","#text":"0x3E7"},{"@Name":"TerminalSessionId","#text":"0"},{"@Name":"IntegrityLevel","#text":"System"},{"@Name":"Hashes","#text":"SHA256=6FC3BF1FDFD76860BE782554F8D25BD32F108DB934D70F4253F1E5F23522E503"},{"@Name":"ParentProcessGuid","#text":"dbf410b3-38ed-6809-0b00-000000004100"},{"@Name":"ParentProcessId","#text":"656"},{"@Name":"ParentImage","#text":"C:\Windows\System32\services.exe"},{"@Name":"ParentCommandLine","#text":"C:\Windows\system32\services.exe"},{"@Name":"ParentUser","#text":"NT AUTHORITY\SYSTEM"}]}}}
{"Event":{"System":{"Provider":{"@Name":"Microsoft-Windows-Sysmon","@Guid":"5770385f-c22a-43e0-bf4c-06f5698ffbd9"},"EventID":"1","Version":"5","Level":"4","Task":"1","Opcode":"0","Keywords":"10000","TimeCreated":{"@SystemTime":"2025-04-23 19:16:10.0296158"},"EventRecordID":"45528","Correlation":null,"Execution":{"@ProcessID":"3244","@ThreadID":"3828"},"Channel":"Microsoft-Windows-Sysmon/Operational","Computer":"Server002","Security":{"@UserID":"S-1-5-18"}},"EventData":{"Data":[{"@Name":"RuleName","#text":"-"},{"@Name":"UtcTime","#text":"2025-04-23 19:16:10.019"},{"@Name":"ProcessGuid","#text":"dbf410b3-3c7a-6809-3e03-000000004100"},{"@Name":"ProcessId","#text":"10096"},{"@Name":"Image","#text":"C:\Windows\Microsoft.NET\Framework\v4.0.30319\mscorsvw.exe"},{"@Name":"FileVersion","#text":"4.8.9093.0 built by: NET481REL1LAST_C"},{"@Name":"Description","#text":".NET Runtime Optimization Service"},{"@Name":"Product","#text":"Microsoft® .NET Framework"},{"@Name":"Company","#text":"Microsoft Corporation"},{"@Name":"OriginalFileName","#text":"mscorsvw.exe"},{"@Name":"CommandLine","#text":"C:\Windows\Microsoft.NET\Framework\v4.0.30319\mscorsvw.exe -StartupEvent 45c -InterruptEvent 0 -NGENProcess 4a4 -Pipe 480 -Comment \"NGen Worker Process\""},{"@Name":"CurrentDirectory","#text":"C:\Windows\system32\"},{"@Name":"User","#text":"NT AUTHORITY\SYSTEM"},{"@Name":"LogonGuid","#text":"dbf410b3-38ed-6809-e703-000000000000"},{"@Name":"LogonId","#text":"0x3E7"},{"@Name":"TerminalSessionId","#text":"0"},{"@Name":"IntegrityLevel","#text":"System"},{"@Name":"Hashes","#text":"SHA256=0F5305796FA4135C338C80B8529EEE9C38FFB938BCF89984B0CDC77B9673DD75"},{"@Name":"ParentProcessGuid","#text":"dbf410b3-3b99-6809-f201-000000004100"},{"@Name":"ParentProcessId","#text":"9808"},{"@Name":"ParentImage","#text":"C:\Windows\Microsoft.NET\Framework\v4.0.30319\ngen.exe"},{"@Name":"ParentCommandLine","#text":"\"C:\Windows\Microsoft.NET\Framework\v4.0.30319\ngen.exe\" ExecuteQueuedItems /LegacyServiceBehavior"},{"@Name":"ParentUser","#text":"NT AUTHORITY\SYSTEM"}]}}}
{"Event":{"System":{"Provider":{"@Name":"Microsoft-Windows-Sysmon","@Guid":"5770385f-c22a-43e0-bf4c-06f5698ffbd9"},"EventID":"5","Version":"3","Level":"4","Task":"5","Opcode":"0","Keywords":"10000","TimeCreated":{"@SystemTime":"2025-04-23 19:16:10.0326133"},"EventRecordID":"45529","Correlation":null,"Execution":{"@ProcessID":"3244","@ThreadID":"3828"},"Channel":"Microsoft-Windows-Sysmon/Operational","Computer":"Server002","Security":{"@UserID":"S-1-5-18"}},"EventData":{"Data":[{"@Name":"RuleName","#text":"-"},{"@Name":"UtcTime","#text":"2025-04-23 19:16:10.032"},{"@Name":"ProcessGuid","#text":"dbf410b3-3c79-6809-3c03-000000004100"},{"@Name":"ProcessId","#text":"9928"},{"@Name":"Image","#text":"C:\Windows\Microsoft.NET\Framework\v4.0.30319\mscorsvw.exe"},{"@Name":"User","#text":"NT AUTHORITY\SYSTEM"}]}}}
{"Event":{"System":{"Provider":{"@Name":"Microsoft-Windows-Sysmon","@Guid":"5770385f-c22a-43e0-bf4c-06f5698ffbd9"},"EventID":"1","Version":"5","Level":"4","Task":"1","Opcode":"0","Keywords":"10000","TimeCreated":{"@SystemTime":"2025-04-23 19:16:10.1098468"},"EventRecordID":"45530","Correlation":null,"Execution":{"@ProcessID":"3244","@ThreadID":"3828"},"Channel":"Microsoft-Windows-Sysmon/Operational","Computer":"Server002","Security":{"@UserID":"S-1-5-18"}},"EventData":{"Data":[{"@Name":"RuleName","#text":"-"},{"@Name":"UtcTime","#text":"2025-04-23 19:16:10.104"},{"@Name":"ProcessGuid","#text":"dbf410b3-3c7a-6809-3f03-000000004100"},{"@Name":"ProcessId","#text":"4044"},{"@Name":"Image","#text":"C:\Windows\Microsoft.NET\Framework\v4.0.30319\mscorsvw.exe"},{"@Name":"FileVersion","#text":"4.8.9093.0 built by: NET481REL1LAST_C"},{"@Name":"Description","#text":".NET Runtime Optimization Service"},{"@Name":"Product","#text":"Microsoft® .NET Framework"},{"@Name":"Company","#text":"Microsoft Corporation"},{"@Name":"OriginalFileName","#text":"mscorsvw.exe"},{"@Name":"CommandLine","#text":"C:\Windows\Microsoft.NET\Framework\v4.0.30319\mscorsvw.exe -StartupEvent 498 -InterruptEvent 0 -NGENProcess 3dc -Pipe 4ac -Comment \"NGen Worker Process\""},{"@Name":"CurrentDirectory","#text":"C:\Windows\system32\"},{"@Name":"User","#text":"NT AUTHORITY\SYSTEM"},{"@Name":"LogonGuid","#text":"dbf410b3-38ed-6809-e703-000000000000"},{"@Name":"LogonId","#text":"0x3E7"},{"@Name":"TerminalSessionId","#text":"0"},{"@Name":"IntegrityLevel","#text":"System"},{"@Name":"Hashes","#text":"SHA256=0F5305796FA4135C338C80B8529EEE9C38FFB938BCF89984B0CDC77B9673DD75"},{"@Name":"ParentProcessGuid","#text":"dbf410b3-3b99-6809-f201-000000004100"},{"@Name":"ParentProcessId","#text":"9808"},{"@Name":"ParentImage","#text":"C:\Windows\Microsoft.NET\Framework\v4.0.30319\ngen.exe"},{"@Name":"ParentCommandLine","#text":"\"C:\Windows\Microsoft.NET\Framework\v4.0.30319\ngen.exe\" ExecuteQueuedItems /LegacyServiceBehavior"},{"@Name":"ParentUser","#text":"NT AUTHORITY\SYSTEM"}]}}}
{"Event":{"System":{"Provider":{"@Name":"Microsoft-Windows-Sysmon","@Guid":"5770385f-c22a-43e0-bf4c-06f5698ffbd9"},"EventID":"5","Version":"3","Level":"4","Task":"5","Opcode":"0","Keywords":"10000","TimeCreated":{"@SystemTime":"2025-04-23 19:16:10.1107598"},"EventRecordID":"45531","Correlation":null,"Execution":{"@ProcessID":"3244","@ThreadID":"3828"},"Channel":"Microsoft-Windows-Sysmon/Operational","Computer":"Server002","Security":{"@UserID":"S-1-5-18"}},"EventData":{"Data":[{"@Name":"RuleName","#text":"-"},{"@Name":"UtcTime","#text":"2025-04-23 19:16:10.105"},{"@Name":"ProcessGuid","#text":"dbf410b3-3c7a-6809-3e03-000000004100"},{"@Name":"ProcessId","#text":"10096"},{"@Name":"Image","#text":"C:\Windows\Microsoft.NET\Framework\v4.0.30319\mscorsvw.exe"},{"@Name":"User","#text":"NT AUTHORITY\SYSTEM"}]}}}
{"Event":{"System":{"Provider":{"@Name":"Microsoft-Windows-Sysmon","@Guid":"5770385f-c22a-43e0-bf4c-06f5698ffbd9"},"EventID":"5","Version":"3","Level":"4","Task":"5","Opcode":"0","Keywords":"10000","TimeCreated":{"@SystemTime":"2025-04-23 19:16:10.1759256"},"EventRecordID":"45532","Correlation":null,"Execution":{"@ProcessID":"3244","@ThreadID":"3828"},"Channel":"Microsoft-Windows-Sysmon/Operational","Computer":"Server002","Security":{"@UserID":"S-1-5-18"}},"EventData":{"Data":[{"@Name":"RuleName","#text":"-"},{"@Name":"UtcTime","#text":"2025-04-23 19:16:10.155"},{"@Name":"ProcessGuid","#text":"dbf410b3-3c7a-6809-3f03-000000004100"},{"@Name":"ProcessId","#text":"4044"},{"@Name":"Image","#text":"C:\Windows\Microsoft.NET\Framework\v4.0.30319\mscorsvw.exe"},{"@Name":"User","#text":"NT AUTHORITY\SYSTEM"}]}}}
{"Event":{"System":{"Provider":{"@Name":"Microsoft-Windows-Sysmon","@Guid":"5770385f-c22a-43e0-bf4c-06f5698ffbd9"},"EventID":"1","Version":"5","Level":"4","Task":"1","Opcode":"0","Keywords":"10000","TimeCreated":{"@SystemTime":"2025-04-23 19:16:10.1772859"},"EventRecordID":"45533","Correlation":null,"Execution":{"@ProcessID":"3244","@ThreadID":"3828"},"Channel":"Microsoft-Windows-Sysmon/Operational","Computer":"Server002","Security":{"@UserID":"S-1-5-18"}},"EventData":{"Data":[{"@Name":"RuleName","#text":"-"},{"@Name":"UtcTime","#text":"2025-04-23 19:16:10.153"},{"@Name":"ProcessGuid","#text":"dbf410b3-3c7a-6809-4003-000000004100"},{"@Name":"ProcessId","#text":"2968"},{"@Name":"Image","#text":"C:\Windows\Microsoft.NET\Framework\v4.0.30319\mscorsvw.exe"},{"@Name":"FileVersion","#text":"4.8.9093.0 built by: NET481REL1LAST_C"},{"@Name":"Description","#text":".NET Runtime Optimization Service"},{"@Name":"Product","#text":"Microsoft® .NET Framework"},{"@Name":"Company","#text":"Microsoft Corporation"},{"@Name":"OriginalFileName","#text":"mscorsvw.exe"},{"@Name":"CommandLine","#text":"C:\Windows\Microsoft.NET\Framework\v4.0.30319\mscorsvw.exe -StartupEvent 45c -InterruptEvent 0 -NGENProcess 498 -Pipe 4b8 -Comment \"NGen Worker Process\""},{"@Name":"CurrentDirectory","#text":"C:\Windows\system32\"},{"@Name":"User","#text":"NT AUTHORITY\SYSTEM"},{"@Name":"LogonGuid","#text":"dbf410b3-38ed-6809-e703-000000000000"},{"@Name":"LogonId","#text":"0x3E7"},{"@Name":"TerminalSessionId","#text":"0"},{"@Name":"IntegrityLevel","#text":"System"},{"@Name":"Hashes","#text":"SHA256=0F5305796FA4135C338C80B8529EEE9C38FFB938BCF89984B0CDC77B9673DD75"},{"@Name":"ParentProcessGuid","#text":"dbf410b3-3b99-6809-f201-000000004100"},{"@Name":"ParentProcessId","#text":"9808"},{"@Name":"ParentImage","#text":"C:\Windows\Microsoft.NET\Framework\v4.0.30319\ngen.exe"},{"@Name":"ParentCommandLine","#text":"\"C:\Windows\Microsoft.NET\Framework\v4.0.30319\ngen.exe\" ExecuteQueuedItems /LegacyServiceBehavior"},{"@Name":"ParentUser","#text":"NT AUTHORITY\SYSTEM"}]}}}
{"Event":{"System":{"Provider":{"@Name":"Microsoft-Windows-Sysmon","@Guid":"5770385f-c22a-43e0-bf4c-06f5698ffbd9"},"EventID":"5","Version":"3","Level":"4","Task":"5","Opcode":"0","Keywords":"10000","TimeCreated":{"@SystemTime":"2025-04-23 19:16:10.2453831"},"EventRecordID":"45534","Correlation":null,"Execution":{"@ProcessID":"3244","@ThreadID":"3828"},"Channel":"Microsoft-Windows-Sysmon/Operational","Computer":"Server002","Security":{"@UserID":"S-1-5-18"}},"EventData":{"Data":[{"@Name":"RuleName","#text":"-"},{"@Name":"UtcTime","#text":"2025-04-23 19:16:10.241"},{"@Name":"ProcessGuid","#text":"dbf410b3-3c7a-6809-4003-000000004100"},{"@Name":"ProcessId","#text":"2968"},{"@Name":"Image","#text":"C:\Windows\Microsoft.NET\Framework\v4.0.30319\mscorsvw.exe"},{"@Name":"User","#text":"NT AUTHORITY\SYSTEM"}]}}}
{"Event":{"System":{"Provider":{"@Name":"Microsoft-Windows-Sysmon","@Guid":"5770385f-c22a-43e0-bf4c-06f5698ffbd9"},"EventID":"1","Version":"5","Level":"4","Task":"1","Opcode":"0","Keywords":"10000","TimeCreated":{"@SystemTime":"2025-04-23 19:16:10.2459341"},"EventRecordID":"45535","Correlation":null,"Execution":{"@ProcessID":"3244","@ThreadID":"3828"},"Channel":"Microsoft-Windows-Sysmon/Operational","Computer":"Server002","Security":{"@UserID":"S-1-5-18"}},"EventData":{"Data":[{"@Name":"RuleName","#text":"-"},{"@Name":"UtcTime","#text":"2025-04-23 19:16:10.242"},{"@Name":"ProcessGuid","#text":"dbf410b3-3c7a-6809-4103-000000004100"},{"@Name":"ProcessId","#text":"10232"},{"@Name":"Image","#text":"C:\Windows\Microsoft.NET\Framework\v4.0.30319\mscorsvw.exe"},{"@Name":"FileVersion","#text":"4.8.9093.0 built by: NET481REL1LAST_C"},{"@Name":"Description","#text":".NET Runtime Optimization Service"},{"@Name":"Product","#text":"Microsoft® .NET Framework"},{"@Name":"Company","#text":"Microsoft Corporation"},{"@Name":"OriginalFileName","#text":"mscorsvw.exe"},{"@Name":"CommandLine","#text":"C:\Windows\Microsoft.NET\Framework\v4.0.30319\mscorsvw.exe -StartupEvent 4a4 -InterruptEvent 0 -NGENProcess 4c0 -Pipe 49c -Comment \"NGen Worker Process\""},{"@Name":"CurrentDirectory","#text":"C:\Windows\system32\"},{"@Name":"User","#text":"NT AUTHORITY\SYSTEM"},{"@Name":"LogonGuid","#text":"dbf410b3-38ed-6809-e703-000000000000"},{"@Name":"LogonId","#text":"0x3E7"},{"@Name":"TerminalSessionId","#text":"0"},{"@Name":"IntegrityLevel","#text":"System"},{"@Name":"Hashes","#text":"SHA256=0F5305796FA4135C338C80B8529EEE9C38FFB938BCF89984B0CDC77B9673DD75"},{"@Name":"ParentProcessGuid","#text":"dbf410b3-3b99-6809-f201-000000004100"},{"@Name":"ParentProcessId","#text":"9808"},{"@Name":"ParentImage","#text":"C:\Windows\Microsoft.NET\Framework\v4.0.30319\ngen.exe"},{"@Name":"ParentCommandLine","#text":"\"C:\Windows\Microsoft.NET\Framework\v4.0.30319\ngen.exe\" ExecuteQueuedItems /LegacyServiceBehavior"},{"@Name":"ParentUser","#text":"NT AUTHORITY\SYSTEM"}]}}}
{"Event":{"System":{"Provider":{"@Name":"Microsoft-Windows-Sysmon","@Guid":"5770385f-c22a-43e0-bf4c-06f5698ffbd9"},"EventID":"5","Version":"3","Level":"4","Task":"5","Opcode":"0","Keywords":"10000","TimeCreated":{"@SystemTime":"2025-04-23 19:16:10.3076875"},"EventRecordID":"45536","Correlation":null,"Execution":{"@ProcessID":"3244","@ThreadID":"3828"},"Channel":"Microsoft-Windows-Sysmon/Operational","Computer":"Server002","Security":{"@UserID":"S-1-5-18"}},"EventData":{"Data":[{"@Name":"RuleName","#text":"-"},{"@Name":"UtcTime","#text":"2025-04-23 19:16:10.305"},{"@Name":"ProcessGuid","#text":"dbf410b3-3c7a-6809-4103-000000004100"},{"@Name":"ProcessId","#text":"10232"},{"@Name":"Image","#text":"C:\Windows\Microsoft.NET\Framework\v4.0.30319\mscorsvw.exe"},{"@Name":"User","#text":"NT AUTHORITY\SYSTEM"}]}}}
{"Event":{"System":{"Provider":{"@Name":"Microsoft-Windows-Sysmon","@Guid":"5770385f-c22a-43e0-bf4c-06f5698ffbd9"},"EventID":"1","Version":"5","Level":"4","Task":"1","Opcode":"0","Keywords":"10000","TimeCreated":{"@SystemTime":"2025-04-23 19:16:10.3149622"},"EventRecordID":"45537","Correlation":null,"Execution":{"@ProcessID":"3244","@ThreadID":"3828"},"Channel":"Microsoft-Windows-Sysmon/Operational","Computer":"Server002","Security":{"@UserID":"S-1-5-18"}},"EventData":{"Data":[{"@Name":"RuleName","#text":"-"},{"@Name":"UtcTime","#text":"2025-04-23 19:16:10.308"},{"@Name":"ProcessGuid","#text":"dbf410b3-3c7a-6809-4203-000000004100"},{"@Name":"ProcessId","#text":"3380"},{"@Name":"Image","#text":"C:\Windows\Microsoft.NET\Framework\v4.0.30319\mscorsvw.exe"},{"@Name":"FileVersion","#text":"4.8.9093.0 built by: NET481REL1LAST_C"},{"@Name":"Description","#text":".NET Runtime Optimization Service"},{"@Name":"Product","#text":"Microsoft® .NET Framework"},{"@Name":"Company","#text":"Microsoft Corporation"},{"@Name":"OriginalFileName","#text":"mscorsvw.exe"},{"@Name":"CommandLine","#text":"C:\Windows\Microsoft.NET\Framework\v4.0.30319\mscorsvw.exe -StartupEvent 4a4 -InterruptEvent 0 -NGENProcess 4a8 -Pipe 4c0 -Comment \"NGen Worker Process\""},{"@Name":"CurrentDirectory","#text":"C:\Windows\system32\"},{"@Name":"User","#text":"NT AUTHORITY\SYSTEM"},{"@Name":"LogonGuid","#text":"dbf410b3-38ed-6809-e703-000000000000"},{"@Name":"LogonId","#text":"0x3E7"},{"@Name":"TerminalSessionId","#text":"0"},{"@Name":"IntegrityLevel","#text":"System"},{"@Name":"Hashes","#text":"SHA256=0F5305796FA4135C338C80B8529EEE9C38FFB938BCF89984B0CDC77B9673DD75"},{"@Name":"ParentProcessGuid","#text":"dbf410b3-3b99-6809-f201-000000004100"},{"@Name":"ParentProcessId","#text":"9808"},{"@Name":"ParentImage","#text":"C:\Windows\Microsoft.NET\Framework\v4.0.30319\ngen.exe"},{"@Name":"ParentCommandLine","#text":"\"C:\Windows\Microsoft.NET\Framework\v4.0.30319\ngen.exe\" ExecuteQueuedItems /LegacyServiceBehavior"},{"@Name":"ParentUser","#text":"NT AUTHORITY\SYSTEM"}]}}}
{"Event":{"System":{"Provider":{"@Name":"Microsoft-Windows-Sysmon","@Guid":"5770385f-c22a-43e0-bf4c-06f5698ffbd9"},"EventID":"5","Version":"3","Level":"4","Task":"5","Opcode":"0","Keywords":"10000","TimeCreated":{"@SystemTime":"2025-04-23 19:16:10.3873618"},"EventRecordID":"45538","Correlation":null,"Execution":{"@ProcessID":"3244","@ThreadID":"3828"},"Channel":"Microsoft-Windows-Sysmon/Operational","Computer":"Server002","Security":{"@UserID":"S-1-5-18"}},"EventData":{"Data":[{"@Name":"RuleName","#text":"-"},{"@Name":"UtcTime","#text":"2025-04-23 19:16:10.382"},{"@Name":"ProcessGuid","#text":"dbf410b3-3c7a-6809-4203-000000004100"},{"@Name":"ProcessId","#text":"3380"},{"@Name":"Image","#text":"C:\Windows\Microsoft.NET\Framework\v4.0.30319\mscorsvw.exe"},{"@Name":"User","#text":"NT AUTHORITY\SYSTEM"}]}}}
{"Event":{"System":{"Provider":{"@Name":"Microsoft-Windows-Sysmon","@Guid":"5770385f-c22a-43e0-bf4c-06f5698ffbd9"},"EventID":"1","Version":"5","Level":"4","Task":"1","Opcode":"0","Keywords":"10000","TimeCreated":{"@SystemTime":"2025-04-23 19:16:10.3924497"},"EventRecordID":"45539","Correlation":null,"Execution":{"@ProcessID":"3244","@ThreadID":"3828"},"Channel":"Microsoft-Windows-Sysmon/Operational","Computer":"Server002","Security":{"@UserID":"S-1-5-18"}},"EventData":{"Data":[{"@Name":"RuleName","#text":"-"},{"@Name":"UtcTime","#text":"2025-04-23 19:16:10.386"},{"@Name":"ProcessGuid","#text":"dbf410b3-3c7a-6809-4303-000000004100"},{"@Name":"ProcessId","#text":"5604"},{"@Name":"Image","#text":"C:\Windows\Microsoft.NET\Framework\v4.0.30319\mscorsvw.exe"},{"@Name":"FileVersion","#text":"4.8.9093.0 built by: NET481REL1LAST_C"},{"@Name":"Description","#text":".NET Runtime Optimization Service"},{"@Name":"Product","#text":"Microsoft® .NET Framework"},{"@Name":"Company","#text":"Microsoft Corporation"},{"@Name":"OriginalFileName","#text":"mscorsvw.exe"},{"@Name":"CommandLine","#text":"C:\Windows\Microsoft.NET\Framework\v4.0.30319\mscorsvw.exe -StartupEvent 45c -InterruptEvent 0 -NGENProcess 4a8 -Pipe 498 -Comment \"NGen Worker Process\""},{"@Name":"CurrentDirectory","#text":"C:\Windows\system32\"},{"@Name":"User","#text":"NT AUTHORITY\SYSTEM"},{"@Name":"LogonGuid","#text":"dbf410b3-38ed-6809-e703-000000000000"},{"@Name":"LogonId","#text":"0x3E7"},{"@Name":"TerminalSessionId","#text":"0"},{"@Name":"IntegrityLevel","#text":"System"},{"@Name":"Hashes","#text":"SHA256=0F5305796FA4135C338C80B8529EEE9C38FFB938BCF89984B0CDC77B9673DD75"},{"@Name":"ParentProcessGuid","#text":"dbf410b3-3b99-6809-f201-000000004100"},{"@Name":"ParentProcessId","#text":"9808"},{"@Name":"ParentImage","#text":"C:\Windows\Microsoft.NET\Framework\v4.0.30319\ngen.exe"},{"@Name":"ParentCommandLine","#text":"\"C:\Windows\Microsoft.NET\Framework\v4.0.30319\ngen.exe\" ExecuteQueuedItems /LegacyServiceBehavior"},{"@Name":"ParentUser","#text":"NT AUTHORITY\SYSTEM"}]}}}
{"Event":{"System":{"Provider":{"@Name":"Microsoft-Windows-Sysmon","@Guid":"5770385f-c22a-43e0-bf4c-06f5698ffbd9"},"EventID":"5","Version":"3","Level":"4","Task":"5","Opcode":"0","Keywords":"10000","TimeCreated":{"@SystemTime":"2025-04-23 19:16:10.4512372"},"EventRecordID":"45540","Correlation":null,"Execution":{"@ProcessID":"3244","@ThreadID":"3828"},"Channel":"Microsoft-Windows-Sysmon/Operational","Computer":"Server002","Security":{"@UserID":"S-1-5-18"}},"EventData":{"Data":[{"@Name":"RuleName","#text":"-"},{"@Name":"UtcTime","#text":"2025-04-23 19:16:10.450"},{"@Name":"ProcessGuid","#text":"dbf410b3-3c7a-6809-4303-000000004100"},{"@Name":"ProcessId","#text":"5604"},{"@Name":"Image","#text":"C:\Windows\Microsoft.NET\Framework\v4.0.30319\mscorsvw.exe"},{"@Name":"User","#text":"NT AUTHORITY\SYSTEM"}]}}}
{"Event":{"System":{"Provider":{"@Name":"Microsoft-Windows-Sysmon","@Guid":"5770385f-c22a-43e0-bf4c-06f5698ffbd9"},"EventID":"1","Version":"5","Level":"4","Task":"1","Opcode":"0","Keywords":"10000","TimeCreated":{"@SystemTime":"2025-04-23 19:16:10.4578225"},"EventRecordID":"45541","Correlation":null,"Execution":{"@ProcessID":"3244","@ThreadID":"3828"},"Channel":"Microsoft-Windows-Sysmon/Operational","Computer":"Server002","Security":{"@UserID":"S-1-5-18"}},"EventData":{"Data":[{"@Name":"RuleName","#text":"-"},{"@Name":"UtcTime","#text":"2025-04-23 19:16:10.449"},{"@Name":"ProcessGuid","#text":"dbf410b3-3c7a-6809-4403-000000004100"},{"@Name":"ProcessId","#text":"7904"},{"@Name":"Image","#text":"C:\Windows\Microsoft.NET\Framework\v4.0.30319\mscorsvw.exe"},{"@Name":"FileVersion","#text":"4.8.9093.0 built by: NET481REL1LAST_C"},{"@Name":"Description","#text":".NET Runtime Optimization Service"},{"@Name":"Product","#text":"Microsoft® .NET Framework"},{"@Name":"Company","#text":"Microsoft Corporation"},{"@Name":"OriginalFileName","#text":"mscorsvw.exe"},{"@Name":"CommandLine","#text":"C:\Windows\Microsoft.NET\Framework\v4.0.30319\mscorsvw.exe -StartupEvent 4bc -InterruptEvent 0 -NGENProcess 494 -Pipe 468 -Comment \"NGen Worker Process\""},{"@Name":"CurrentDirectory","#text":"C:\Windows\system32\"},{"@Name":"User","#text":"NT AUTHORITY\SYSTEM"},{"@Name":"LogonGuid","#text":"dbf410b3-38ed-6809-e703-000000000000"},{"@Name":"LogonId","#text":"0x3E7"},{"@Name":"TerminalSessionId","#text":"0"},{"@Name":"IntegrityLevel","#text":"System"},{"@Name":"Hashes","#text":"SHA256=0F5305796FA4135C338C80B8529EEE9C38FFB938BCF89984B0CDC77B9673DD75"},{"@Name":"ParentProcessGuid","#text":"dbf410b3-3b99-6809-f201-000000004100"},{"@Name":"ParentProcessId","#text":"9808"},{"@Name":"ParentImage","#text":"C:\Windows\Microsoft.NET\Framework\v4.0.30319\ngen.exe"},{"@Name":"ParentCommandLine","#text":"\"C:\Windows\Microsoft.NET\Framework\v4.0.30319\ngen.exe\" ExecuteQueuedItems /LegacyServiceBehavior"},{"@Name":"ParentUser","#text":"NT AUTHORITY\SYSTEM"}]}}}
{"Event":{"System":{"Provider":{"@Name":"Microsoft-Windows-Sysmon","@Guid":"5770385f-c22a-43e0-bf4c-06f5698ffbd9"},"EventID":"5","Version":"3","Level":"4","Task":"5","Opcode":"0","Keywords":"10000","TimeCreated":{"@SystemTime":"2025-04-23 19:16:10.5197140"},"EventRecordID":"45542","Correlation":null,"Execution":{"@ProcessID":"3244","@ThreadID":"3828"},"Channel":"Microsoft-Windows-Sysmon/Operational","Computer":"Server002","Security":{"@UserID":"S-1-5-18"}},"EventData":{"Data":[{"@Name":"RuleName","#text":"-"},{"@Name":"UtcTime","#text":"2025-04-23 19:16:10.517"},{"@Name":"ProcessGuid","#text":"dbf410b3-3c7a-6809-4403-000000004100"},{"@Name":"ProcessId","#text":"7904"},{"@Name":"Image","#text":"C:\Windows\Microsoft.NET\Framework\v4.0.30319\mscorsvw.exe"},{"@Name":"User","#text":"NT AUTHORITY\SYSTEM"}]}}}
{"Event":{"System":{"Provider":{"@Name":"Microsoft-Windows-Sysmon","@Guid":"5770385f-c22a-43e0-bf4c-06f5698ffbd9"},"EventID":"1","Version":"5","Level":"4","Task":"1","Opcode":"0","Keywords":"10000","TimeCreated":{"@SystemTime":"2025-04-23 19:16:10.5230312"},"EventRecordID":"45543","Correlation":null,"Execution":{"@ProcessID":"3244","@ThreadID":"3828"},"Channel":"Microsoft-Windows-Sysmon/Operational","Computer":"Server002","Security":{"@UserID":"S-1-5-18"}},"EventData":{"Data":[{"@Name":"RuleName","#text":"-"},{"@Name":"UtcTime","#text":"2025-04-23 19:16:10.519"},{"@Name":"ProcessGuid","#text":"dbf410b3-3c7a-6809-4503-000000004100"},{"@Name":"ProcessId","#text":"2036"},{"@Name":"Image","#text":"C:\Windows\Microsoft.NET\Framework\v4.0.30319\mscorsvw.exe"},{"@Name":"FileVersion","#text":"4.8.9093.0 built by: NET481REL1LAST_C"},{"@Name":"Description","#text":".NET Runtime Optimization Service"},{"@Name":"Product","#text":"Microsoft® .NET Framework"},{"@Name":"Company","#text":"Microsoft Corporation"},{"@Name":"OriginalFileName","#text":"mscorsvw.exe"},{"@Name":"CommandLine","#text":"C:\Windows\Microsoft.NET\Framework\v4.0.30319\mscorsvw.exe -StartupEvent 498 -InterruptEvent 0 -NGENProcess 4c4 -Pipe 4b4 -Comment \"NGen Worker Process\""},{"@Name":"CurrentDirectory","#text":"C:\Windows\system32\"},{"@Name":"User","#text":"NT AUTHORITY\SYSTEM"},{"@Name":"LogonGuid","#text":"dbf410b3-38ed-6809-e703-000000000000"},{"@Name":"LogonId","#text":"0x3E7"},{"@Name":"TerminalSessionId","#text":"0"},{"@Name":"IntegrityLevel","#text":"System"},{"@Name":"Hashes","#text":"SHA256=0F5305796FA4135C338C80B8529EEE9C38FFB938BCF89984B0CDC77B9673DD75"},{"@Name":"ParentProcessGuid","#text":"dbf410b3-3b99-6809-f201-000000004100"},{"@Name":"ParentProcessId","#text":"9808"},{"@Name":"ParentImage","#text":"C:\Windows\Microsoft.NET\Framework\v4.0.30319\ngen.exe"},{"@Name":"ParentCommandLine","#text":"\"C:\Windows\Microsoft.NET\Framework\v4.0.30319\ngen.exe\" ExecuteQueuedItems /LegacyServiceBehavior"},{"@Name":"ParentUser","#text":"NT AUTHORITY\SYSTEM"}]}}}
{"Event":{"System":{"Provider":{"@Name":"Microsoft-Windows-Sysmon","@Guid":"5770385f-c22a-43e0-bf4c-06f5698ffbd9"},"EventID":"5","Version":"3","Level":"4","Task":"5","Opcode":"0","Keywords":"10000","TimeCreated":{"@SystemTime":"2025-04-23 19:16:10.5977850"},"EventRecordID":"45544","Correlation":null,"Execution":{"@ProcessID":"3244","@ThreadID":"3828"},"Channel":"Microsoft-Windows-Sysmon/Operational","Computer":"Server002","Security":{"@UserID":"S-1-5-18"}},"EventData":{"Data":[{"@Name":"RuleName","#text":"-"},{"@Name":"UtcTime","#text":"2025-04-23 19:16:10.596"},{"@Name":"ProcessGuid","#text":"dbf410b3-3c7a-6809-4503-000000004100"},{"@Name":"ProcessId","#text":"2036"},{"@Name":"Image","#text":"C:\Windows\Microsoft.NET\Framework\v4.0.30319\mscorsvw.exe"},{"@Name":"User","#text":"NT AUTHORITY\SYSTEM"}]}}}
{"Event":{"System":{"Provider":{"@Name":"Microsoft-Windows-Sysmon","@Guid":"5770385f-c22a-43e0-bf4c-06f5698ffbd9"},"EventID":"1","Version":"5","Level":"4","Task":"1","Opcode":"0","Keywords":"10000","TimeCreated":{"@SystemTime":"2025-04-23 19:16:10.6042969"},"EventRecordID":"45545","Correlation":null,"Execution":{"@ProcessID":"3244","@ThreadID":"3828"},"Channel":"Microsoft-Windows-Sysmon/Operational","Computer":"Server002","Security":{"@UserID":"S-1-5-18"}},"EventData":{"Data":[{"@Name":"RuleName","#text":"-"},{"@Name":"UtcTime","#text":"2025-04-23 19:16:10.596"},{"@Name":"ProcessGuid","#text":"dbf410b3-3c7a-6809-4603-000000004100"},{"@Name":"ProcessId","#text":"6604"},{"@Name":"Image","#text":"C:\Windows\Microsoft.NET\Framework\v4.0.30319\mscorsvw.exe"},{"@Name":"FileVersion","#text":"4.8.9093.0 built by: NET481REL1LAST_C"},{"@Name":"Description","#text":".NET Runtime Optimization Service"},{"@Name":"Product","#text":"Microsoft® .NET Framework"},{"@Name":"Company","#text":"Microsoft Corporation"},{"@Name":"OriginalFileName","#text":"mscorsvw.exe"},{"@Name":"CommandLine","#text":"C:\Windows\Microsoft.NET\Framework\v4.0.30319\mscorsvw.exe -StartupEvent 4a8 -InterruptEvent 0 -NGENProcess 4a4 -Pipe 45c -Comment \"NGen Worker Process\""},{"@Name":"CurrentDirectory","#text":"C:\Windows\system32\"},{"@Name":"User","#text":"NT AUTHORITY\SYSTEM"},{"@Name":"LogonGuid","#text":"dbf410b3-38ed-6809-e703-000000000000"},{"@Name":"LogonId","#text":"0x3E7"},{"@Name":"TerminalSessionId","#text":"0"},{"@Name":"IntegrityLevel","#text":"System"},{"@Name":"Hashes","#text":"SHA256=0F5305796FA4135C338C80B8529EEE9C38FFB938BCF89984B0CDC77B9673DD75"},{"@Name":"ParentProcessGuid","#text":"dbf410b3-3b99-6809-f201-000000004100"},{"@Name":"ParentProcessId","#text":"9808"},{"@Name":"ParentImage","#text":"C:\Windows\Microsoft.NET\Framework\v4.0.30319\ngen.exe"},{"@Name":"ParentCommandLine","#text":"\"C:\Windows\Microsoft.NET\Framework\v4.0.30319\ngen.exe\" ExecuteQueuedItems /LegacyServiceBehavior"},{"@Name":"ParentUser","#text":"NT AUTHORITY\SYSTEM"}]}}}
{"Event":{"System":{"Provider":{"@Name":"Microsoft-Windows-Sysmon","@Guid":"5770385f-c22a-43e0-bf4c-06f5698ffbd9"},"EventID":"5","Version":"3","Level":"4","Task":"5","Opcode":"0","Keywords":"10000","TimeCreated":{"@SystemTime":"2025-04-23 19:16:10.6823397"},"EventRecordID":"45546","Correlation":null,"Execution":{"@ProcessID":"3244","@ThreadID":"3828"},"Channel":"Microsoft-Windows-Sysmon/Operational","Computer":"Server002","Security":{"@UserID":"S-1-5-18"}},"EventData":{"Data":[{"@Name":"RuleName","#text":"-"},{"@Name":"UtcTime","#text":"2025-04-23 19:16:10.680"},{"@Name":"ProcessGuid","#text":"dbf410b3-3c7a-6809-4603-000000004100"},{"@Name":"ProcessId","#text":"6604"},{"@Name":"Image","#text":"C:\Windows\Microsoft.NET\Framework\v4.0.30319\mscorsvw.exe"},{"@Name":"User","#text":"NT AUTHORITY\SYSTEM"}]}}}
{"Event":{"System":{"Provider":{"@Name":"Microsoft-Windows-Sysmon","@Guid":"5770385f-c22a-43e0-bf4c-06f5698ffbd9"},"EventID":"1","Version":"5","Level":"4","Task":"1","Opcode":"0","Keywords":"10000","TimeCreated":{"@SystemTime":"2025-04-23 19:16:10.6828945"},"EventRecordID":"45547","Correlation":null,"Execution":{"@ProcessID":"3244","@ThreadID":"3828"},"Channel":"Microsoft-Windows-Sysmon/Operational","Computer":"Server002","Security":{"@UserID":"S-1-5-18"}},"EventData":{"Data":[{"@Name":"RuleName","#text":"-"},{"@Name":"UtcTime","#text":"2025-04-23 19:16:10.679"},{"@Name":"ProcessGuid","#text":"dbf410b3-3c7a-6809-4703-000000004100"},{"@Name":"ProcessId","#text":"1736"},{"@Name":"Image","#text":"C:\Windows\Microsoft.NET\Framework\v4.0.30319\mscorsvw.exe"},{"@Name":"FileVersion","#text":"4.8.9093.0 built by: NET481REL1LAST_C"},{"@Name":"Description","#text":".NET Runtime Optimization Service"},{"@Name":"Product","#text":"Microsoft® .NET Framework"},{"@Name":"Company","#text":"Microsoft Corporation"},{"@Name":"OriginalFileName","#text":"mscorsvw.exe"},{"@Name":"CommandLine","#text":"C:\Windows\Microsoft.NET\Framework\v4.0.30319\mscorsvw.exe -StartupEvent 404 -InterruptEvent 0 -NGENProcess 448 -Pipe 458 -Comment \"NGen Worker Process\""},{"@Name":"CurrentDirectory","#text":"C:\Windows\system32\"},{"@Name":"User","#text":"NT AUTHORITY\SYSTEM"},{"@Name":"LogonGuid","#text":"dbf410b3-38ed-6809-e703-000000000000"},{"@Name":"LogonId","#text":"0x3E7"},{"@Name":"TerminalSessionId","#text":"0"},{"@Name":"IntegrityLevel","#text":"System"},{"@Name":"Hashes","#text":"SHA256=0F5305796FA4135C338C80B8529EEE9C38FFB938BCF89984B0CDC77B9673DD75"},{"@Name":"ParentProcessGuid","#text":"dbf410b3-3b99-6809-f201-000000004100"},{"@Name":"ParentProcessId","#text":"9808"},{"@Name":"ParentImage","#text":"C:\Windows\Microsoft.NET\Framework\v4.0.30319\ngen.exe"},{"@Name":"ParentCommandLine","#text":"\"C:\Windows\Microsoft.NET\Framework\v4.0.30319\ngen.exe\" ExecuteQueuedItems /LegacyServiceBehavior"},{"@Name":"ParentUser","#text":"NT AUTHORITY\SYSTEM"}]}}}
{"Event":{"System":{"Provider":{"@Name":"Microsoft-Windows-Sysmon","@Guid":"5770385f-c22a-43e0-bf4c-06f5698ffbd9"},"EventID":"5","Version":"3","Level":"4","Task":"5","Opcode":"0","Keywords":"10000","TimeCreated":{"@SystemTime":"2025-04-23 19:16:10.7568211"},"EventRecordID":"45548","Correlation":null,"Execution":{"@ProcessID":"3244","@ThreadID":"3828"},"Channel":"Microsoft-Windows-Sysmon/Operational","Computer":"Server002","Security":{"@UserID":"S-1-5-18"}},"EventData":{"Data":[{"@Name":"RuleName","#text":"-"},{"@Name":"UtcTime","#text":"2025-04-23 19:16:10.756"},{"@Name":"ProcessGuid","#text":"dbf410b3-3c7a-6809-4703-000000004100"},{"@Name":"ProcessId","#text":"1736"},{"@Name":"Image","#text":"C:\Windows\Microsoft.NET\Framework\v4.0.30319\mscorsvw.exe"},{"@Name":"User","#text":"NT AUTHORITY\SYSTEM"}]}}}
{"Event":{"System":{"Provider":{"@Name":"Microsoft-Windows-Sysmon","@Guid":"5770385f-c22a-43e0-bf4c-06f5698ffbd9"},"EventID":"1","Version":"5","Level":"4","Task":"1","Opcode":"0","Keywords":"10000","TimeCreated":{"@SystemTime":"2025-04-23 19:16:10.7622287"},"EventRecordID":"45549","Correlation":null,"Execution":{"@ProcessID":"3244","@ThreadID":"3828"},"Channel":"Microsoft-Windows-Sysmon/Operational","Computer":"Server002","Security":{"@UserID":"S-1-5-18"}},"EventData":{"Data":[{"@Name":"RuleName","#text":"-"},{"@Name":"UtcTime","#text":"2025-04-23 19:16:10.758"},{"@Name":"ProcessGuid","#text":"dbf410b3-3c7a-6809-4803-000000004100"},{"@Name":"ProcessId","#text":"7404"},{"@Name":"Image","#text":"C:\Windows\Microsoft.NET\Framework\v4.0.30319\mscorsvw.exe"},{"@Name":"FileVersion","#text":"4.8.9093.0 built by: NET481REL1LAST_C"},{"@Name":"Description","#text":".NET Runtime Optimization Service"},{"@Name":"Product","#text":"Microsoft® .NET Framework"},{"@Name":"Company","#text":"Microsoft Corporation"},{"@Name":"OriginalFileName","#text":"mscorsvw.exe"},{"@Name":"CommandLine","#text":"C:\Windows\Microsoft.NET\Framework\v4.0.30319\mscorsvw.exe -StartupEvent 4c8 -InterruptEvent 0 -NGENProcess 3dc -Pipe 4b0 -Comment \"NGen Worker Process\""},{"@Name":"CurrentDirectory","#text":"C:\Windows\system32\"},{"@Name":"User","#text":"NT AUTHORITY\SYSTEM"},{"@Name":"LogonGuid","#text":"dbf410b3-38ed-6809-e703-000000000000"},{"@Name":"LogonId","#text":"0x3E7"},{"@Name":"TerminalSessionId","#text":"0"},{"@Name":"IntegrityLevel","#text":"System"},{"@Name":"Hashes","#text":"SHA256=0F5305796FA4135C338C80B8529EEE9C38FFB938BCF89984B0CDC77B9673DD75"},{"@Name":"ParentProcessGuid","#text":"dbf410b3-3b99-6809-f201-000000004100"},{"@Name":"ParentProcessId","#text":"9808"},{"@Name":"ParentImage","#text":"C:\Windows\Microsoft.NET\Framework\v4.0.30319\ngen.exe"},{"@Name":"ParentCommandLine","#text":"\"C:\Windows\Microsoft.NET\Framework\v4.0.30319\ngen.exe\" ExecuteQueuedItems /LegacyServiceBehavior"},{"@Name":"ParentUser","#text":"NT AUTHORITY\SYSTEM"}]}}}
{"Event":{"System":{"Provider":{"@Name":"Microsoft-Windows-Sysmon","@Guid":"5770385f-c22a-43e0-bf4c-06f5698ffbd9"},"EventID":"5","Version":"3","Level":"4","Task":"5","Opcode":"0","Keywords":"10000","TimeCreated":{"@SystemTime":"2025-04-23 19:16:10.8353422"},"EventRecordID":"45550","Correlation":null,"Execution":{"@ProcessID":"3244","@ThreadID":"3828"},"Channel":"Microsoft-Windows-Sysmon/Operational","Computer":"Server002","Security":{"@UserID":"S-1-5-18"}},"EventData":{"Data":[{"@Name":"RuleName","#text":"-"},{"@Name":"UtcTime","#text":"2025-04-23 19:16:10.830"},{"@Name":"ProcessGuid","#text":"dbf410b3-3c7a-6809-4803-000000004100"},{"@Name":"ProcessId","#text":"7404"},{"@Name":"Image","#text":"C:\Windows\Microsoft.NET\Framework\v4.0.30319\mscorsvw.exe"},{"@Name":"User","#text":"NT AUTHORITY\SYSTEM"}]}}}
{"Event":{"System":{"Provider":{"@Name":"Microsoft-Windows-Sysmon","@Guid":"5770385f-c22a-43e0-bf4c-06f5698ffbd9"},"EventID":"1","Version":"5","Level":"4","Task":"1","Opcode":"0","Keywords":"10000","TimeCreated":{"@SystemTime":"2025-04-23 19:16:10.8388737"},"EventRecordID":"45551","Correlation":null,"Execution":{"@ProcessID":"3244","@ThreadID":"3828"},"Channel":"Microsoft-Windows-Sysmon/Operational","Computer":"Server002","Security":{"@UserID":"S-1-5-18"}},"EventData":{"Data":[{"@Name":"RuleName","#text":"-"},{"@Name":"UtcTime","#text":"2025-04-23 19:16:10.835"},{"@Name":"ProcessGuid","#text":"dbf410b3-3c7a-6809-4903-000000004100"},{"@Name":"ProcessId","#text":"6172"},{"@Name":"Image","#text":"C:\Windows\Microsoft.NET\Framework\v4.0.30319\mscorsvw.exe"},{"@Name":"FileVersion","#text":"4.8.9093.0 built by: NET481REL1LAST_C"},{"@Name":"Description","#text":".NET Runtime Optimization Service"},{"@Name":"Product","#text":"Microsoft® .NET Framework"},{"@Name":"Company","#text":"Microsoft Corporation"},{"@Name":"OriginalFileName","#text":"mscorsvw.exe"},{"@Name":"CommandLine","#text":"C:\Windows\Microsoft.NET\Framework\v4.0.30319\mscorsvw.exe -StartupEvent 4a4 -InterruptEvent 0 -NGENProcess 494 -Pipe 3dc -Comment \"NGen Worker Process\""},{"@Name":"CurrentDirectory","#text":"C:\Windows\system32\"},{"@Name":"User","#text":"NT AUTHORITY\SYSTEM"},{"@Name":"LogonGuid","#text":"dbf410b3-38ed-6809-e703-000000000000"},{"@Name":"LogonId","#text":"0x3E7"},{"@Name":"TerminalSessionId","#text":"0"},{"@Name":"IntegrityLevel","#text":"System"},{"@Name":"Hashes","#text":"SHA256=0F5305796FA4135C338C80B8529EEE9C38FFB938BCF89984B0CDC77B9673DD75"},{"@Name":"ParentProcessGuid","#text":"dbf410b3-3b99-6809-f201-000000004100"},{"@Name":"ParentProcessId","#text":"9808"},{"@Name":"ParentImage","#text":"C:\Windows\Microsoft.NET\Framework\v4.0.30319\ngen.exe"},{"@Name":"ParentCommandLine","#text":"\"C:\Windows\Microsoft.NET\Framework\v4.0.30319\ngen.exe\" ExecuteQueuedItems /LegacyServiceBehavior"},{"@Name":"ParentUser","#text":"NT AUTHORITY\SYSTEM"}]}}}
{"Event":{"System":{"Provider":{"@Name":"Microsoft-Windows-Sysmon","@Guid":"5770385f-c22a-43e0-bf4c-06f5698ffbd9"},"EventID":"1","Version":"5","Level":"4","Task":"1","Opcode":"0","Keywords":"10000","TimeCreated":{"@SystemTime":"2025-04-23 19:16:10.9098740"},"EventRecordID":"45552","Correlation":null,"Execution":{"@ProcessID":"3244","@ThreadID":"3828"},"Channel":"Microsoft-Windows-Sysmon/Operational","Computer":"Server002","Security":{"@UserID":"S-1-5-18"}},"EventData":{"Data":[{"@Name":"RuleName","#text":"-"},{"@Name":"UtcTime","#text":"2025-04-23 19:16:10.906"},{"@Name":"ProcessGuid","#text":"dbf410b3-3c7a-6809-4a03-000000004100"},{"@Name":"ProcessId","#text":"10640"},{"@Name":"Image","#text":"C:\Windows\Microsoft.NET\Framework\v4.0.30319\mscorsvw.exe"},{"@Name":"FileVersion","#text":"4.8.9093.0 built by: NET481REL1LAST_C"},{"@Name":"Description","#text":".NET Runtime Optimization Service"},{"@Name":"Product","#text":"Microsoft® .NET Framework"},{"@Name":"Company","#text":"Microsoft Corporation"},{"@Name":"OriginalFileName","#text":"mscorsvw.exe"},{"@Name":"CommandLine","#text":"C:\Windows\Microsoft.NET\Framework\v4.0.30319\mscorsvw.exe -StartupEvent 4c8 -InterruptEvent 0 -NGENProcess 4a4 -Pipe 4e4 -Comment \"NGen Worker Process\""},{"@Name":"CurrentDirectory","#text":"C:\Windows\system32\"},{"@Name":"User","#text":"NT AUTHORITY\SYSTEM"},{"@Name":"LogonGuid","#text":"dbf410b3-38ed-6809-e703-000000000000"},{"@Name":"LogonId","#text":"0x3E7"},{"@Name":"TerminalSessionId","#text":"0"},{"@Name":"IntegrityLevel","#text":"System"},{"@Name":"Hashes","#text":"SHA256=0F5305796FA4135C338C80B8529EEE9C38FFB938BCF89984B0CDC77B9673DD75"},{"@Name":"ParentProcessGuid","#text":"dbf410b3-3b99-6809-f201-000000004100"},{"@Name":"ParentProcessId","#text":"9808"},{"@Name":"ParentImage","#text":"C:\Windows\Microsoft.NET\Framework\v4.0.30319\ngen.exe"},{"@Name":"ParentCommandLine","#text":"\"C:\Windows\Microsoft.NET\Framework\v4.0.30319\ngen.exe\" ExecuteQueuedItems /LegacyServiceBehavior"},{"@Name":"ParentUser","#text":"NT AUTHORITY\SYSTEM"}]}}}
{"Event":{"System":{"Provider":{"@Name":"Microsoft-Windows-Sysmon","@Guid":"5770385f-c22a-43e0-bf4c-06f5698ffbd9"},"EventID":"5","Version":"3","Level":"4","Task":"5","Opcode":"0","Keywords":"10000","TimeCreated":{"@SystemTime":"2025-04-23 19:16:10.9107853"},"EventRecordID":"45553","Correlation":null,"Execution":{"@ProcessID":"3244","@ThreadID":"3828"},"Channel":"Microsoft-Windows-Sysmon/Operational","Computer":"Server002","Security":{"@UserID":"S-1-5-18"}},"EventData":{"Data":[{"@Name":"RuleName","#text":"-"},{"@Name":"UtcTime","#text":"2025-04-23 19:16:10.903"},{"@Name":"ProcessGuid","#text":"dbf410b3-3c7a-6809-4903-000000004100"},{"@Name":"ProcessId","#text":"6172"},{"@Name":"Image","#text":"C:\Windows\Microsoft.NET\Framework\v4.0.30319\mscorsvw.exe"},{"@Name":"User","#text":"NT AUTHORITY\SYSTEM"}]}}}
{"Event":{"System":{"Provider":{"@Name":"Microsoft-Windows-Sysmon","@Guid":"5770385f-c22a-43e0-bf4c-06f5698ffbd9"},"EventID":"5","Version":"3","Level":"4","Task":"5","Opcode":"0","Keywords":"10000","TimeCreated":{"@SystemTime":"2025-04-23 19:16:10.9842046"},"EventRecordID":"45554","Correlation":null,"Execution":{"@ProcessID":"3244","@ThreadID":"3828"},"Channel":"Microsoft-Windows-Sysmon/Operational","Computer":"Server002","Security":{"@UserID":"S-1-5-18"}},"EventData":{"Data":[{"@Name":"RuleName","#text":"-"},{"@Name":"UtcTime","#text":"2025-04-23 19:16:10.980"},{"@Name":"ProcessGuid","#text":"dbf410b3-3c7a-6809-4a03-000000004100"},{"@Name":"ProcessId","#text":"10640"},{"@Name":"Image","#text":"C:\Windows\Microsoft.NET\Framework\v4.0.30319\mscorsvw.exe"},{"@Name":"User","#text":"NT AUTHORITY\SYSTEM"}]}}}
{"Event":{"System":{"Provider":{"@Name":"Microsoft-Windows-Sysmon","@Guid":"5770385f-c22a-43e0-bf4c-06f5698ffbd9"},"EventID":"1","Version":"5","Level":"4","Task":"1","Opcode":"0","Keywords":"10000","TimeCreated":{"@SystemTime":"2025-04-23 19:16:10.9908163"},"EventRecordID":"45555","Correlation":null,"Execution":{"@ProcessID":"3244","@ThreadID":"3828"},"Channel":"Microsoft-Windows-Sysmon/Operational","Computer":"Server002","Security":{"@UserID":"S-1-5-18"}},"EventData":{"Data":[{"@Name":"RuleName","#text":"-"},{"@Name":"UtcTime","#text":"2025-04-23 19:16:10.984"},{"@Name":"ProcessGuid","#text":"dbf410b3-3c7a-6809-4b03-000000004100"},{"@Name":"ProcessId","#text":"10912"},{"@Name":"Image","#text":"C:\Windows\Microsoft.NET\Framework\v4.0.30319\mscorsvw.exe"},{"@Name":"FileVersion","#text":"4.8.9093.0 built by: NET481REL1LAST_C"},{"@Name":"Description","#text":".NET Runtime Optimization Service"},{"@Name":"Product","#text":"Microsoft® .NET Framework"},{"@Name":"Company","#text":"Microsoft Corporation"},{"@Name":"OriginalFileName","#text":"mscorsvw.exe"},{"@Name":"CommandLine","#text":"C:\Windows\Microsoft.NET\Framework\v4.0.30319\mscorsvw.exe -StartupEvent 478 -InterruptEvent 0 -NGENProcess 4c8 -Pipe 48c -Comment \"NGen Worker Process\""},{"@Name":"CurrentDirectory","#text":"C:\Windows\system32\"},{"@Name":"User","#text":"NT AUTHORITY\SYSTEM"},{"@Name":"LogonGuid","#text":"dbf410b3-38ed-6809-e703-000000000000"},{"@Name":"LogonId","#text":"0x3E7"},{"@Name":"TerminalSessionId","#text":"0"},{"@Name":"IntegrityLevel","#text":"System"},{"@Name":"Hashes","#text":"SHA256=0F5305796FA4135C338C80B8529EEE9C38FFB938BCF89984B0CDC77B9673DD75"},{"@Name":"ParentProcessGuid","#text":"dbf410b3-3b99-6809-f201-000000004100"},{"@Name":"ParentProcessId","#text":"9808"},{"@Name":"ParentImage","#text":"C:\Windows\Microsoft.NET\Framework\v4.0.30319\ngen.exe"},{"@Name":"ParentCommandLine","#text":"\"C:\Windows\Microsoft.NET\Framework\v4.0.30319\ngen.exe\" ExecuteQueuedItems /LegacyServiceBehavior"},{"@Name":"ParentUser","#text":"NT AUTHORITY\SYSTEM"}]}}}
{"Event":{"System":{"Provider":{"@Name":"Microsoft-Windows-Sysmon","@Guid":"5770385f-c22a-43e0-bf4c-06f5698ffbd9"},"EventID":"5","Version":"3","Level":"4","Task":"5","Opcode":"0","Keywords":"10000","TimeCreated":{"@SystemTime":"2025-04-23 19:16:11.0625748"},"EventRecordID":"45556","Correlation":null,"Execution":{"@ProcessID":"3244","@ThreadID":"3828"},"Channel":"Microsoft-Windows-Sysmon/Operational","Computer":"Server002","Security":{"@UserID":"S-1-5-18"}},"EventData":{"Data":[{"@Name":"RuleName","#text":"-"},{"@Name":"UtcTime","#text":"2025-04-23 19:16:11.060"},{"@Name":"ProcessGuid","#text":"dbf410b3-3c7a-6809-4b03-000000004100"},{"@Name":"ProcessId","#text":"10912"},{"@Name":"Image","#text":"C:\Windows\Microsoft.NET\Framework\v4.0.30319\mscorsvw.exe"},{"@Name":"User","#text":"NT AUTHORITY\SYSTEM"}]}}}
{"Event":{"System":{"Provider":{"@Name":"Microsoft-Windows-Sysmon","@Guid":"5770385f-c22a-43e0-bf4c-06f5698ffbd9"},"EventID":"1","Version":"5","Level":"4","Task":"1","Opcode":"0","Keywords":"10000","TimeCreated":{"@SystemTime":"2025-04-23 19:16:11.0660237"},"EventRecordID":"45557","Correlation":null,"Execution":{"@ProcessID":"3244","@ThreadID":"3828"},"Channel":"Microsoft-Windows-Sysmon/Operational","Computer":"Server002","Security":{"@UserID":"S-1-5-18"}},"EventData":{"Data":[{"@Name":"RuleName","#text":"-"},{"@Name":"UtcTime","#text":"2025-04-23 19:16:11.061"},{"@Name":"ProcessGuid","#text":"dbf410b3-3c7b-6809-4c03-000000004100"},{"@Name":"ProcessId","#text":"3800"},{"@Name":"Image","#text":"C:\Windows\Microsoft.NET\Framework\v4.0.30319\mscorsvw.exe"},{"@Name":"FileVersion","#text":"4.8.9093.0 built by: NET481REL1LAST_C"},{"@Name":"Description","#text":".NET Runtime Optimization Service"},{"@Name":"Product","#text":"Microsoft® .NET Framework"},{"@Name":"Company","#text":"Microsoft Corporation"},{"@Name":"OriginalFileName","#text":"mscorsvw.exe"},{"@Name":"CommandLine","#text":"C:\Windows\Microsoft.NET\Framework\v4.0.30319\mscorsvw.exe -StartupEvent 4a4 -InterruptEvent 0 -NGENProcess 478 -Pipe 4bc -Comment \"NGen Worker Process\""},{"@Name":"CurrentDirectory","#text":"C:\Windows\system32\"},{"@Name":"User","#text":"NT AUTHORITY\SYSTEM"},{"@Name":"LogonGuid","#text":"dbf410b3-38ed-6809-e703-000000000000"},{"@Name":"LogonId","#text":"0x3E7"},{"@Name":"TerminalSessionId","#text":"0"},{"@Name":"IntegrityLevel","#text":"System"},{"@Name":"Hashes","#text":"SHA256=0F5305796FA4135C338C80B8529EEE9C38FFB938BCF89984B0CDC77B9673DD75"},{"@Name":"ParentProcessGuid","#text":"dbf410b3-3b99-6809-f201-000000004100"},{"@Name":"ParentProcessId","#text":"9808"},{"@Name":"ParentImage","#text":"C:\Windows\Microsoft.NET\Framework\v4.0.30319\ngen.exe"},{"@Name":"ParentCommandLine","#text":"\"C:\Windows\Microsoft.NET\Framework\v4.0.30319\ngen.exe\" ExecuteQueuedItems /LegacyServiceBehavior"},{"@Name":"ParentUser","#text":"NT AUTHORITY\SYSTEM"}]}}}
{"Event":{"System":{"Provider":{"@Name":"Microsoft-Windows-Sysmon","@Guid":"5770385f-c22a-43e0-bf4c-06f5698ffbd9"},"EventID":"1","Version":"5","Level":"4","Task":"1","Opcode":"0","Keywords":"10000","TimeCreated":{"@SystemTime":"2025-04-23 19:16:11.1384963"},"EventRecordID":"45558","Correlation":null,"Execution":{"@ProcessID":"3244","@ThreadID":"3828"},"Channel":"Microsoft-Windows-Sysmon/Operational","Computer":"Server002","Security":{"@UserID":"S-1-5-18"}},"EventData":{"Data":[{"@Name":"RuleName","#text":"-"},{"@Name":"UtcTime","#text":"2025-04-23 19:16:11.117"},{"@Name":"ProcessGuid","#text":"dbf410b3-3c7b-6809-4d03-000000004100"},{"@Name":"ProcessId","#text":"6780"},{"@Name":"Image","#text":"C:\Windows\Microsoft.NET\Framework\v4.0.30319\mscorsvw.exe"},{"@Name":"FileVersion","#text":"4.8.9093.0 built by: NET481REL1LAST_C"},{"@Name":"Description","#text":".NET Runtime Optimization Service"},{"@Name":"Product","#text":"Microsoft® .NET Framework"},{"@Name":"Company","#text":"Microsoft Corporation"},{"@Name":"OriginalFileName","#text":"mscorsvw.exe"},{"@Name":"CommandLine","#text":"C:\Windows\Microsoft.NET\Framework\v4.0.30319\mscorsvw.exe -StartupEvent 478 -InterruptEvent 0 -NGENProcess 490 -Pipe 4a4 -Comment \"NGen Worker Process\""},{"@Name":"CurrentDirectory","#text":"C:\Windows\system32\"},{"@Name":"User","#text":"NT AUTHORITY\SYSTEM"},{"@Name":"LogonGuid","#text":"dbf410b3-38ed-6809-e703-000000000000"},{"@Name":"LogonId","#text":"0x3E7"},{"@Name":"TerminalSessionId","#text":"0"},{"@Name":"IntegrityLevel","#text":"System"},{"@Name":"Hashes","#text":"SHA256=0F5305796FA4135C338C80B8529EEE9C38FFB938BCF89984B0CDC77B9673DD75"},{"@Name":"ParentProcessGuid","#text":"dbf410b3-3b99-6809-f201-000000004100"},{"@Name":"ParentProcessId","#text":"9808"},{"@Name":"ParentImage","#text":"C:\Windows\Microsoft.NET\Framework\v4.0.30319\ngen.exe"},{"@Name":"ParentCommandLine","#text":"\"C:\Windows\Microsoft.NET\Framework\v4.0.30319\ngen.exe\" ExecuteQueuedItems /LegacyServiceBehavior"},{"@Name":"ParentUser","#text":"NT AUTHORITY\SYSTEM"}]}}}
