{"Event":{"System":{"Provider":{"@Name":"Desktop Window Manager"},"EventID":{"@Qualifiers":"16384","#text":"9027"},"Version":"0","Level":"4","Task":"0","Opcode":"0","Keywords":"1","TimeCreated":{"@SystemTime":"2025-04-23 15:54:08.8797298"},"EventRecordID":"3877","Correlation":null,"Execution":{"@ProcessID":"0","@ThreadID":"0"},"Channel":"Application","Computer":"Server002","Security":null},"EventData":{"Data":"","Binary":""}}}
{"Event":{"System":{"Provider":{"@Name":"Application Error"},"EventID":{"@Qualifiers":"0","#text":"1000"},"Version":"0","Level":"2","Task":"100","Opcode":"0","Keywords":"1","TimeCreated":{"@SystemTime":"2025-04-23 15:55:03.9278535"},"EventRecordID":"3878","Correlation":null,"Execution":{"@ProcessID":"0","@ThreadID":"0"},"Channel":"Application","Computer":"Server002","Security":null},"EventData":{"Data":"dwm.exe, 10.0.19041.4355, 6564cf4e, unknown, 0.0.0.0, 00000000, 8898009b, 0000000000000000, 3178, 01dbb467f2d78243, C:\Windows\system32\dwm.exe, unknown, ff02545b-85e5-4413-91dd-1cd23928b5b2","Binary":""}}}
{"Event":{"System":{"Provider":{"@Name":"Windows Error Reporting"},"EventID":{"@Qualifiers":"0","#text":"1001"},"Version":"0","Level":"4","Task":"0","Opcode":"0","Keywords":"1","TimeCreated":{"@SystemTime":"2025-04-23 15:55:06.4218178"},"EventRecordID":"3879","Correlation":null,"Execution":{"@ProcessID":"0","@ThreadID":"0"},"Channel":"Application","Computer":"Server002","Security":null},"EventData":{"Data":"2128837646485783167, 4, APPCRASH, Not available, 0, dwm.exe, 10.0.19041.4355, 6564cf4e, StackHash_c424, 0.0.0.0, 00000000, 8898009b, PCH_33_FROM_ntdll+0x00000000000A1E1F, ?\C:\ProgramData\Microsoft\Windows\WER\Temp\WERF13F.tmp.dmp?\C:\ProgramData\Microsoft\Windows\WER\Temp\WERF1DC.tmp.WERInternalMetadata.xml?\C:\ProgramData\Microsoft\Windows\WER\Temp\WERF24B.tmp.xml?\C:\ProgramData\Microsoft\Windows\WER\Temp\WERF25C.tmp.csv?\C:\ProgramData\Microsoft\Windows\WER\Temp\WERF27C.tmp.txt, ?\C:\ProgramData\Microsoft\Windows\WER\ReportArchive\AppCrash_dwm.exe_91b3146bf97640bdec1550bdc39ae1ac48d1cd8_fed57774_63fe8d82-f7dc-4215-bb7f-497a3588e61c, 0, ff02545b-85e5-4413-91dd-1cd23928b5b2, 268435456, 5cf7e4b228f057d03d8b268f7743827f, 0","Binary":""}}}
{"Event":{"System":{"Provider":{"@Name":"Dwminit"},"EventID":{"@Qualifiers":"32770","#text":"0"},"Version":"0","Level":"3","Task":"0","Opcode":"0","Keywords":"1","TimeCreated":{"@SystemTime":"2025-04-23 15:55:06.5779744"},"EventRecordID":"3880","Correlation":null,"Execution":{"@ProcessID":"0","@ThreadID":"0"},"Channel":"Application","Computer":"Server002","Security":null},"EventData":{"Data":"0x8898009b, 2, VirtualBox Graphics Adapter (WDDM)","Binary":""}}}
{"Event":{"System":{"Provider":{"@Name":"Desktop Window Manager"},"EventID":{"@Qualifiers":"16384","#text":"9027"},"Version":"0","Level":"4","Task":"0","Opcode":"0","Keywords":"1","TimeCreated":{"@SystemTime":"2025-04-23 15:55:06.7369930"},"EventRecordID":"3881","Correlation":null,"Execution":{"@ProcessID":"0","@ThreadID":"0"},"Channel":"Application","Computer":"Server002","Security":null},"EventData":{"Data":"","Binary":""}}}
{"Event":{"System":{"Provider":{"@Name":"Application Error"},"EventID":{"@Qualifiers":"0","#text":"1000"},"Version":"0","Level":"2","Task":"100","Opcode":"0","Keywords":"1","TimeCreated":{"@SystemTime":"2025-04-23 15:55:57.6674750"},"EventRecordID":"3882","Correlation":null,"Execution":{"@ProcessID":"0","@ThreadID":"0"},"Channel":"Application","Computer":"Server002","Security":null},"EventData":{"Data":"dwm.exe, 10.0.19041.4355, 6564cf4e, unknown, 0.0.0.0, 00000000, 8898009b, 0000000000000000, 18c8, 01dbb4681561ddee, C:\Windows\system32\dwm.exe, unknown, 9a8bfebe-dca2-4e52-a073-ab23bd5fc589","Binary":""}}}
{"Event":{"System":{"Provider":{"@Name":"Windows Error Reporting"},"EventID":{"@Qualifiers":"0","#text":"1001"},"Version":"0","Level":"4","Task":"0","Opcode":"0","Keywords":"1","TimeCreated":{"@SystemTime":"2025-04-23 15:55:59.6615741"},"EventRecordID":"3883","Correlation":null,"Execution":{"@ProcessID":"0","@ThreadID":"0"},"Channel":"Application","Computer":"Server002","Security":null},"EventData":{"Data":"2128837646485783167, 4, APPCRASH, Not available, 0, dwm.exe, 10.0.19041.4355, 6564cf4e, StackHash_c424, 0.0.0.0, 00000000, 8898009b, PCH_33_FROM_ntdll+0x00000000000A1E1F, ?\C:\ProgramData\Microsoft\Windows\WER\Temp\WERC335.tmp.dmp?\C:\ProgramData\Microsoft\Windows\WER\Temp\WERC3E2.tmp.WERInternalMetadata.xml?\C:\ProgramData\Microsoft\Windows\WER\Temp\WERC450.tmp.xml?\C:\ProgramData\Microsoft\Windows\WER\Temp\WERC464.tmp.csv?\C:\ProgramData\Microsoft\Windows\WER\Temp\WERC494.tmp.txt, ?\C:\ProgramData\Microsoft\Windows\WER\ReportArchive\AppCrash_dwm.exe_91b3146bf97640bdec1550bdc39ae1ac48d1cd8_fed57774_a7510ee2-a692-4794-8037-ac58cf6f9224, 0, 9a8bfebe-dca2-4e52-a073-ab23bd5fc589, 268435456, 5cf7e4b228f057d03d8b268f7743827f, 0","Binary":""}}}
{"Event":{"System":{"Provider":{"@Name":"Dwminit"},"EventID":{"@Qualifiers":"32770","#text":"0"},"Version":"0","Level":"3","Task":"0","Opcode":"0","Keywords":"1","TimeCreated":{"@SystemTime":"2025-04-23 15:55:59.8715187"},"EventRecordID":"3884","Correlation":null,"Execution":{"@ProcessID":"0","@ThreadID":"0"},"Channel":"Application","Computer":"Server002","Security":null},"EventData":{"Data":"0x8898009b, 1, VirtualBox Graphics Adapter (WDDM)","Binary":""}}}
{"Event":{"System":{"Provider":{"@Name":"Desktop Window Manager"},"EventID":{"@Qualifiers":"16384","#text":"9027"},"Version":"0","Level":"4","Task":"0","Opcode":"0","Keywords":"1","TimeCreated":{"@SystemTime":"2025-04-23 15:56:00.0454046"},"EventRecordID":"3885","Correlation":null,"Execution":{"@ProcessID":"0","@ThreadID":"0"},"Channel":"Application","Computer":"Server002","Security":null},"EventData":{"Data":"","Binary":""}}}
{"Event":{"System":{"Provider":{"@Name":"Application Error"},"EventID":{"@Qualifiers":"0","#text":"1000"},"Version":"0","Level":"2","Task":"100","Opcode":"0","Keywords":"1","TimeCreated":{"@SystemTime":"2025-04-23 15:56:17.7247816"},"EventRecordID":"3886","Correlation":null,"Execution":{"@ProcessID":"0","@ThreadID":"0"},"Channel":"Application","Computer":"Server002","Security":null},"EventData":{"Data":"dwm.exe, 10.0.19041.4355, 6564cf4e, unknown, 0.0.0.0, 00000000, 8898009b, 0000000000000000, 7cc, 01dbb4683524ced9, C:\Windows\system32\dwm.exe, unknown, 10ff95dc-120d-43dc-96b7-627838c78a42","Binary":""}}}
{"Event":{"System":{"Provider":{"@Name":"Windows Error Reporting"},"EventID":{"@Qualifiers":"0","#text":"1001"},"Version":"0","Level":"4","Task":"0","Opcode":"0","Keywords":"1","TimeCreated":{"@SystemTime":"2025-04-23 15:56:22.9799751"},"EventRecordID":"3887","Correlation":null,"Execution":{"@ProcessID":"0","@ThreadID":"0"},"Channel":"Application","Computer":"Server002","Security":null},"EventData":{"Data":"2128837646485783167, 4, APPCRASH, Not available, 0, dwm.exe, 10.0.19041.4355, 6564cf4e, StackHash_c424, 0.0.0.0, 00000000, 8898009b, PCH_33_FROM_ntdll+0x00000000000A1E1F, ?\C:\ProgramData\Microsoft\Windows\WER\Temp\WER1193.tmp.dmp?\C:\ProgramData\Microsoft\Windows\WER\Temp\WER1221.tmp.WERInternalMetadata.xml?\C:\ProgramData\Microsoft\Windows\WER\Temp\WER128F.tmp.xml?\C:\ProgramData\Microsoft\Windows\WER\Temp\WER12A5.tmp.csv?\C:\ProgramData\Microsoft\Windows\WER\Temp\WER12C5.tmp.txt, ?\C:\ProgramData\Microsoft\Windows\WER\ReportArchive\AppCrash_dwm.exe_91b3146bf97640bdec1550bdc39ae1ac48d1cd8_fed57774_f5f56be2-8cd8-4cf7-84ec-95880eb6a7ce, 0, 10ff95dc-120d-43dc-96b7-627838c78a42, 268435456, 5cf7e4b228f057d03d8b268f7743827f, 0","Binary":""}}}
{"Event":{"System":{"Provider":{"@Name":"Dwminit"},"EventID":{"@Qualifiers":"32770","#text":"0"},"Version":"0","Level":"3","Task":"0","Opcode":"0","Keywords":"1","TimeCreated":{"@SystemTime":"2025-04-23 15:56:23.1434161"},"EventRecordID":"3888","Correlation":null,"Execution":{"@ProcessID":"0","@ThreadID":"0"},"Channel":"Application","Computer":"Server002","Security":null},"EventData":{"Data":"0x8898009b, 2, VirtualBox Graphics Adapter (WDDM)","Binary":""}}}
{"Event":{"System":{"Provider":{"@Name":"Desktop Window Manager"},"EventID":{"@Qualifiers":"16384","#text":"9027"},"Version":"0","Level":"4","Task":"0","Opcode":"0","Keywords":"1","TimeCreated":{"@SystemTime":"2025-04-23 15:56:23.3075372"},"EventRecordID":"3889","Correlation":null,"Execution":{"@ProcessID":"0","@ThreadID":"0"},"Channel":"Application","Computer":"Server002","Security":null},"EventData":{"Data":"","Binary":""}}}
{"Event":{"System":{"Provider":{"@Name":"Application Error"},"EventID":{"@Qualifiers":"0","#text":"1000"},"Version":"0","Level":"2","Task":"100","Opcode":"0","Keywords":"1","TimeCreated":{"@SystemTime":"2025-04-23 15:56:42.1744422"},"EventRecordID":"3890","Correlation":null,"Execution":{"@ProcessID":"0","@ThreadID":"0"},"Channel":"Application","Computer":"Server002","Security":null},"EventData":{"Data":"dwm.exe, 10.0.19041.4355, 6564cf4e, unknown, 0.0.0.0, 00000000, 8898009b, 0000000000000000, 1558, 01dbb46843046370, C:\Windows\system32\dwm.exe, unknown, bbaebbec-45c8-438d-944d-51a7cf2be76e","Binary":""}}}
{"Event":{"System":{"Provider":{"@Name":"Windows Error Reporting"},"EventID":{"@Qualifiers":"0","#text":"1001"},"Version":"0","Level":"4","Task":"0","Opcode":"0","Keywords":"1","TimeCreated":{"@SystemTime":"2025-04-23 15:56:44.0913411"},"EventRecordID":"3891","Correlation":null,"Execution":{"@ProcessID":"0","@ThreadID":"0"},"Channel":"Application","Computer":"Server002","Security":null},"EventData":{"Data":"2128837646485783167, 4, APPCRASH, Not available, 0, dwm.exe, 10.0.19041.4355, 6564cf4e, StackHash_c424, 0.0.0.0, 00000000, 8898009b, PCH_33_FROM_ntdll+0x00000000000A1E1F, ?\C:\ProgramData\Microsoft\Windows\WER\Temp\WER7119.tmp.dmp?\C:\ProgramData\Microsoft\Windows\WER\Temp\WER71B6.tmp.WERInternalMetadata.xml?\C:\ProgramData\Microsoft\Windows\WER\Temp\WER7224.tmp.xml?\C:\ProgramData\Microsoft\Windows\WER\Temp\WER723C.tmp.csv?\C:\ProgramData\Microsoft\Windows\WER\Temp\WER725C.tmp.txt, ?\C:\ProgramData\Microsoft\Windows\WER\ReportArchive\AppCrash_dwm.exe_91b3146bf97640bdec1550bdc39ae1ac48d1cd8_fed57774_e5a1615a-6339-4d1c-bc91-38018e26cc8f, 0, bbaebbec-45c8-438d-944d-51a7cf2be76e, 268435456, 5cf7e4b228f057d03d8b268f7743827f, 0","Binary":""}}}
{"Event":{"System":{"Provider":{"@Name":"Dwminit"},"EventID":{"@Qualifiers":"32770","#text":"0"},"Version":"0","Level":"3","Task":"0","Opcode":"0","Keywords":"1","TimeCreated":{"@SystemTime":"2025-04-23 15:56:44.2953424"},"EventRecordID":"3892","Correlation":null,"Execution":{"@ProcessID":"0","@ThreadID":"0"},"Channel":"Application","Computer":"Server002","Security":null},"EventData":{"Data":"0x8898009b, 3, VirtualBox Graphics Adapter (WDDM)","Binary":""}}}
{"Event":{"System":{"Provider":{"@Name":"Desktop Window Manager"},"EventID":{"@Qualifiers":"16384","#text":"9027"},"Version":"0","Level":"4","Task":"0","Opcode":"0","Keywords":"1","TimeCreated":{"@SystemTime":"2025-04-23 15:56:44.4459881"},"EventRecordID":"3893","Correlation":null,"Execution":{"@ProcessID":"0","@ThreadID":"0"},"Channel":"Application","Computer":"Server002","Security":null},"EventData":{"Data":"","Binary":""}}}
{"Event":{"System":{"Provider":{"@Name":"Application Error"},"EventID":{"@Qualifiers":"0","#text":"1000"},"Version":"0","Level":"2","Task":"100","Opcode":"0","Keywords":"1","TimeCreated":{"@SystemTime":"2025-04-23 15:56:57.6742785"},"EventRecordID":"3894","Correlation":null,"Execution":{"@ProcessID":"0","@ThreadID":"0"},"Channel":"Application","Computer":"Server002","Security":null},"EventData":{"Data":"dwm.exe, 10.0.19041.4355, 6564cf4e, unknown, 0.0.0.0, 00000000, 8898009b, 0000000000000000, 908, 01dbb4684f9f7781, C:\Windows\system32\dwm.exe, unknown, b4a3f2cb-8ef6-48d1-9e0a-917c510e7f5e","Binary":""}}}
{"Event":{"System":{"Provider":{"@Name":"Windows Error Reporting"},"EventID":{"@Qualifiers":"0","#text":"1001"},"Version":"0","Level":"4","Task":"0","Opcode":"0","Keywords":"1","TimeCreated":{"@SystemTime":"2025-04-23 15:56:59.6440600"},"EventRecordID":"3895","Correlation":null,"Execution":{"@ProcessID":"0","@ThreadID":"0"},"Channel":"Application","Computer":"Server002","Security":null},"EventData":{"Data":"2128837646485783167, 4, APPCRASH, Not available, 0, dwm.exe, 10.0.19041.4355, 6564cf4e, StackHash_c424, 0.0.0.0, 00000000, 8898009b, PCH_33_FROM_ntdll+0x00000000000A1E1F, ?\C:\ProgramData\Microsoft\Windows\WER\Temp\WERADA5.tmp.dmp?\C:\ProgramData\Microsoft\Windows\WER\Temp\WERAE32.tmp.WERInternalMetadata.xml?\C:\ProgramData\Microsoft\Windows\WER\Temp\WERAEA1.tmp.xml?\C:\ProgramData\Microsoft\Windows\WER\Temp\WERAEBA.tmp.csv?\C:\ProgramData\Microsoft\Windows\WER\Temp\WERAEDA.tmp.txt, ?\C:\ProgramData\Microsoft\Windows\WER\ReportArchive\AppCrash_dwm.exe_91b3146bf97640bdec1550bdc39ae1ac48d1cd8_fed57774_3d694a4d-35dd-43b8-ab06-12b23692c007, 0, b4a3f2cb-8ef6-48d1-9e0a-917c510e7f5e, 268435456, 5cf7e4b228f057d03d8b268f7743827f, 0","Binary":""}}}
{"Event":{"System":{"Provider":{"@Name":"Dwminit"},"EventID":{"@Qualifiers":"32770","#text":"0"},"Version":"0","Level":"3","Task":"0","Opcode":"0","Keywords":"1","TimeCreated":{"@SystemTime":"2025-04-23 15:56:59.8275339"},"EventRecordID":"3896","Correlation":null,"Execution":{"@ProcessID":"0","@ThreadID":"0"},"Channel":"Application","Computer":"Server002","Security":null},"EventData":{"Data":"0x8898009b, 4, VirtualBox Graphics Adapter (WDDM)","Binary":""}}}
{"Event":{"System":{"Provider":{"@Name":"Desktop Window Manager"},"EventID":{"@Qualifiers":"16384","#text":"9027"},"Version":"0","Level":"4","Task":"0","Opcode":"0","Keywords":"1","TimeCreated":{"@SystemTime":"2025-04-23 15:56:59.9834902"},"EventRecordID":"3897","Correlation":null,"Execution":{"@ProcessID":"0","@ThreadID":"0"},"Channel":"Application","Computer":"Server002","Security":null},"EventData":{"Data":"","Binary":""}}}
{"Event":{"System":{"Provider":{"@Name":"Application Error"},"EventID":{"@Qualifiers":"0","#text":"1000"},"Version":"0","Level":"2","Task":"100","Opcode":"0","Keywords":"1","TimeCreated":{"@SystemTime":"2025-04-23 15:57:42.2876917"},"EventRecordID":"3898","Correlation":null,"Execution":{"@ProcessID":"0","@ThreadID":"0"},"Channel":"Application","Computer":"Server002","Security":null},"EventData":{"Data":"dwm.exe, 10.0.19041.4355, 6564cf4e, unknown, 0.0.0.0, 00000000, 8898009b, 0000000000000000, 2cc8, 01dbb46858e14386, C:\Windows\system32\dwm.exe, unknown, 11ad90a3-788e-4254-93c0-4cab6bcd29b5","Binary":""}}}
{"Event":{"System":{"Provider":{"@Name":"Windows Error Reporting"},"EventID":{"@Qualifiers":"0","#text":"1001"},"Version":"0","Level":"4","Task":"0","Opcode":"0","Keywords":"1","TimeCreated":{"@SystemTime":"2025-04-23 15:57:44.4916593"},"EventRecordID":"3899","Correlation":null,"Execution":{"@ProcessID":"0","@ThreadID":"0"},"Channel":"Application","Computer":"Server002","Security":null},"EventData":{"Data":"2128837646485783167, 4, APPCRASH, Not available, 0, dwm.exe, 10.0.19041.4355, 6564cf4e, StackHash_c424, 0.0.0.0, 00000000, 8898009b, PCH_33_FROM_ntdll+0x00000000000A1E1F, ?\C:\ProgramData\Microsoft\Windows\WER\Temp\WER5BF6.tmp.dmp?\C:\ProgramData\Microsoft\Windows\WER\Temp\WER5CA2.tmp.WERInternalMetadata.xml?\C:\ProgramData\Microsoft\Windows\WER\Temp\WER5D20.tmp.xml?\C:\ProgramData\Microsoft\Windows\WER\Temp\WER5D2C.tmp.csv?\C:\ProgramData\Microsoft\Windows\WER\Temp\WER5D5C.tmp.txt, ?\C:\ProgramData\Microsoft\Windows\WER\ReportArchive\AppCrash_dwm.exe_91b3146bf97640bdec1550bdc39ae1ac48d1cd8_fed57774_3f45c32d-ec08-4599-968f-e754428bb5f6, 0, 11ad90a3-788e-4254-93c0-4cab6bcd29b5, 268435456, 5cf7e4b228f057d03d8b268f7743827f, 0","Binary":""}}}
{"Event":{"System":{"Provider":{"@Name":"Dwminit"},"EventID":{"@Qualifiers":"32770","#text":"0"},"Version":"0","Level":"3","Task":"0","Opcode":"0","Keywords":"1","TimeCreated":{"@SystemTime":"2025-04-23 15:57:44.6451523"},"EventRecordID":"3900","Correlation":null,"Execution":{"@ProcessID":"0","@ThreadID":"0"},"Channel":"Application","Computer":"Server002","Security":null},"EventData":{"Data":"0x8898009b, 1, VirtualBox Graphics Adapter (WDDM)","Binary":""}}}
{"Event":{"System":{"Provider":{"@Name":"Desktop Window Manager"},"EventID":{"@Qualifiers":"16384","#text":"9027"},"Version":"0","Level":"4","Task":"0","Opcode":"0","Keywords":"1","TimeCreated":{"@SystemTime":"2025-04-23 15:57:44.8517696"},"EventRecordID":"3901","Correlation":null,"Execution":{"@ProcessID":"0","@ThreadID":"0"},"Channel":"Application","Computer":"Server002","Security":null},"EventData":{"Data":"","Binary":""}}}
{"Event":{"System":{"Provider":{"@Name":"Application Error"},"EventID":{"@Qualifiers":"0","#text":"1000"},"Version":"0","Level":"2","Task":"100","Opcode":"0","Keywords":"1","TimeCreated":{"@SystemTime":"2025-04-23 15:59:02.0033260"},"EventRecordID":"3902","Correlation":null,"Execution":{"@ProcessID":"0","@ThreadID":"0"},"Channel":"Application","Computer":"Server002","Security":null},"EventData":{"Data":"dwm.exe, 10.0.19041.4355, 6564cf4e, unknown, 0.0.0.0, 00000000, 8898009b, 0000000000000000, a68, 01dbb4687398631d, C:\Windows\system32\dwm.exe, unknown, 59961862-72ec-41e0-a2af-1671c5b1af89","Binary":""}}}
{"Event":{"System":{"Provider":{"@Name":"Windows Error Reporting"},"EventID":{"@Qualifiers":"0","#text":"1001"},"Version":"0","Level":"4","Task":"0","Opcode":"0","Keywords":"1","TimeCreated":{"@SystemTime":"2025-04-23 15:59:03.9564300"},"EventRecordID":"3903","Correlation":null,"Execution":{"@ProcessID":"0","@ThreadID":"0"},"Channel":"Application","Computer":"Server002","Security":null},"EventData":{"Data":"2128837646485783167, 4, APPCRASH, Not available, 0, dwm.exe, 10.0.19041.4355, 6564cf4e, StackHash_c424, 0.0.0.0, 00000000, 8898009b, PCH_33_FROM_ntdll+0x00000000000A1E1F, ?\C:\ProgramData\Microsoft\Windows\WER\Temp\WER933D.tmp.dmp?\C:\ProgramData\Microsoft\Windows\WER\Temp\WER93DA.tmp.WERInternalMetadata.xml?\C:\ProgramData\Microsoft\Windows\WER\Temp\WER9449.tmp.xml?\C:\ProgramData\Microsoft\Windows\WER\Temp\WER9466.tmp.csv?\C:\ProgramData\Microsoft\Windows\WER\Temp\WER9496.tmp.txt, ?\C:\ProgramData\Microsoft\Windows\WER\ReportArchive\AppCrash_dwm.exe_91b3146bf97640bdec1550bdc39ae1ac48d1cd8_fed57774_5ab5d6dc-555b-4022-b386-25de4538a786, 0, 59961862-72ec-41e0-a2af-1671c5b1af89, 268435456, 5cf7e4b228f057d03d8b268f7743827f, 0","Binary":""}}}
{"Event":{"System":{"Provider":{"@Name":"Dwminit"},"EventID":{"@Qualifiers":"32770","#text":"0"},"Version":"0","Level":"3","Task":"0","Opcode":"0","Keywords":"1","TimeCreated":{"@SystemTime":"2025-04-23 15:59:04.1185059"},"EventRecordID":"3904","Correlation":null,"Execution":{"@ProcessID":"0","@ThreadID":"0"},"Channel":"Application","Computer":"Server002","Security":null},"EventData":{"Data":"0x8898009b, 1, VirtualBox Graphics Adapter (WDDM)","Binary":""}}}
{"Event":{"System":{"Provider":{"@Name":"Desktop Window Manager"},"EventID":{"@Qualifiers":"16384","#text":"9027"},"Version":"0","Level":"4","Task":"0","Opcode":"0","Keywords":"1","TimeCreated":{"@SystemTime":"2025-04-23 15:59:04.2610101"},"EventRecordID":"3905","Correlation":null,"Execution":{"@ProcessID":"0","@ThreadID":"0"},"Channel":"Application","Computer":"Server002","Security":null},"EventData":{"Data":"","Binary":""}}}
{"Event":{"System":{"Provider":{"@Name":"Application Error"},"EventID":{"@Qualifiers":"0","#text":"1000"},"Version":"0","Level":"2","Task":"100","Opcode":"0","Keywords":"1","TimeCreated":{"@SystemTime":"2025-04-23 16:00:15.6744222"},"EventRecordID":"3906","Correlation":null,"Execution":{"@ProcessID":"0","@ThreadID":"0"},"Channel":"Application","Computer":"Server002","Security":null},"EventData":{"Data":"dwm.exe, 10.0.19041.4355, 6564cf4e, unknown, 0.0.0.0, 00000000, 8898009b, 0000000000000000, 2db4, 01dbb468a2f6c3e1, C:\Windows\system32\dwm.exe, unknown, 49a3289b-257a-495f-bb2b-1481c6607ec6","Binary":""}}}
{"Event":{"System":{"Provider":{"@Name":"Windows Error Reporting"},"EventID":{"@Qualifiers":"0","#text":"1001"},"Version":"0","Level":"4","Task":"0","Opcode":"0","Keywords":"1","TimeCreated":{"@SystemTime":"2025-04-23 16:00:18.8831341"},"EventRecordID":"3907","Correlation":null,"Execution":{"@ProcessID":"0","@ThreadID":"0"},"Channel":"Application","Computer":"Server002","Security":null},"EventData":{"Data":"2128837646485783167, 4, APPCRASH, Not available, 0, dwm.exe, 10.0.19041.4355, 6564cf4e, StackHash_c424, 0.0.0.0, 00000000, 8898009b, PCH_33_FROM_ntdll+0x00000000000A1E1F, ?\C:\ProgramData\Microsoft\Windows\WER\Temp\WERB315.tmp.dmp?\C:\ProgramData\Microsoft\Windows\WER\Temp\WERB3C1.tmp.WERInternalMetadata.xml?\C:\ProgramData\Microsoft\Windows\WER\Temp\WERB430.tmp.xml?\C:\ProgramData\Microsoft\Windows\WER\Temp\WERB44F.tmp.csv?\C:\ProgramData\Microsoft\Windows\WER\Temp\WERB470.tmp.txt, ?\C:\ProgramData\Microsoft\Windows\WER\ReportArchive\AppCrash_dwm.exe_91b3146bf97640bdec1550bdc39ae1ac48d1cd8_fed57774_aa239fe8-764b-4617-bb73-67022c5d89ea, 0, 49a3289b-257a-495f-bb2b-1481c6607ec6, 268435456, 5cf7e4b228f057d03d8b268f7743827f, 0","Binary":""}}}
{"Event":{"System":{"Provider":{"@Name":"Dwminit"},"EventID":{"@Qualifiers":"32770","#text":"0"},"Version":"0","Level":"3","Task":"0","Opcode":"0","Keywords":"1","TimeCreated":{"@SystemTime":"2025-04-23 16:00:19.0456846"},"EventRecordID":"3908","Correlation":null,"Execution":{"@ProcessID":"0","@ThreadID":"0"},"Channel":"Application","Computer":"Server002","Security":null},"EventData":{"Data":"0x8898009b, 1, VirtualBox Graphics Adapter (WDDM)","Binary":""}}}
{"Event":{"System":{"Provider":{"@Name":"Desktop Window Manager"},"EventID":{"@Qualifiers":"16384","#text":"9027"},"Version":"0","Level":"4","Task":"0","Opcode":"0","Keywords":"1","TimeCreated":{"@SystemTime":"2025-04-23 16:00:19.2447448"},"EventRecordID":"3909","Correlation":null,"Execution":{"@ProcessID":"0","@ThreadID":"0"},"Channel":"Application","Computer":"Server002","Security":null},"EventData":{"Data":"","Binary":""}}}
{"Event":{"System":{"Provider":{"@Name":"Application Error"},"EventID":{"@Qualifiers":"0","#text":"1000"},"Version":"0","Level":"2","Task":"100","Opcode":"0","Keywords":"1","TimeCreated":{"@SystemTime":"2025-04-23 16:00:19.7270057"},"EventRecordID":"3910","Correlation":null,"Execution":{"@ProcessID":"0","@ThreadID":"0"},"Channel":"Application","Computer":"Server002","Security":null},"EventData":{"Data":"dwm.exe, 10.0.19041.4355, 6564cf4e, unknown, 0.0.0.0, 00000000, 8898009b, 0000000000000000, 32c, 01dbb468cf9fd2b1, C:\Windows\system32\dwm.exe, unknown, c91ecb9b-3fe3-4fd3-82ba-6a619efc87fa","Binary":""}}}
{"Event":{"System":{"Provider":{"@Name":"Windows Error Reporting"},"EventID":{"@Qualifiers":"0","#text":"1001"},"Version":"0","Level":"4","Task":"0","Opcode":"0","Keywords":"1","TimeCreated":{"@SystemTime":"2025-04-23 16:00:21.8683146"},"EventRecordID":"3911","Correlation":null,"Execution":{"@ProcessID":"0","@ThreadID":"0"},"Channel":"Application","Computer":"Server002","Security":null},"EventData":{"Data":"2128837646485783167, 4, APPCRASH, Not available, 0, dwm.exe, 10.0.19041.4355, 6564cf4e, StackHash_c424, 0.0.0.0, 00000000, 8898009b, PCH_33_FROM_ntdll+0x00000000000A1E1F, ?\C:\ProgramData\Microsoft\Windows\WER\Temp\WERC2E3.tmp.dmp?\C:\ProgramData\Microsoft\Windows\WER\Temp\WERC381.tmp.WERInternalMetadata.xml?\C:\ProgramData\Microsoft\Windows\WER\Temp\WERC3FF.tmp.xml?\C:\ProgramData\Microsoft\Windows\WER\Temp\WERC420.tmp.csv?\C:\ProgramData\Microsoft\Windows\WER\Temp\WERC441.tmp.txt, ?\C:\ProgramData\Microsoft\Windows\WER\ReportArchive\AppCrash_dwm.exe_91b3146bf97640bdec1550bdc39ae1ac48d1cd8_fed57774_39050dc7-02b3-4a81-bda3-e641d37e94cc, 0, c91ecb9b-3fe3-4fd3-82ba-6a619efc87fa, 268435456, 5cf7e4b228f057d03d8b268f7743827f, 0","Binary":""}}}
{"Event":{"System":{"Provider":{"@Name":"Dwminit"},"EventID":{"@Qualifiers":"32770","#text":"0"},"Version":"0","Level":"3","Task":"0","Opcode":"0","Keywords":"1","TimeCreated":{"@SystemTime":"2025-04-23 16:00:21.9609291"},"EventRecordID":"3912","Correlation":null,"Execution":{"@ProcessID":"0","@ThreadID":"0"},"Channel":"Application","Computer":"Server002","Security":null},"EventData":{"Data":"0x8898009b, 2, VirtualBox Graphics Adapter (WDDM)","Binary":""}}}
{"Event":{"System":{"Provider":{"@Name":"Desktop Window Manager"},"EventID":{"@Qualifiers":"16384","#text":"9027"},"Version":"0","Level":"4","Task":"0","Opcode":"0","Keywords":"1","TimeCreated":{"@SystemTime":"2025-04-23 16:00:22.0296708"},"EventRecordID":"3913","Correlation":null,"Execution":{"@ProcessID":"0","@ThreadID":"0"},"Channel":"Application","Computer":"Server002","Security":null},"EventData":{"Data":"","Binary":""}}}
{"Event":{"System":{"Provider":{"@Name":"Application Error"},"EventID":{"@Qualifiers":"0","#text":"1000"},"Version":"0","Level":"2","Task":"100","Opcode":"0","Keywords":"1","TimeCreated":{"@SystemTime":"2025-04-23 16:00:24.0155628"},"EventRecordID":"3914","Correlation":null,"Execution":{"@ProcessID":"0","@ThreadID":"0"},"Channel":"Application","Computer":"Server002","Security":null},"EventData":{"Data":"dwm.exe, 10.0.19041.4355, 6564cf4e, unknown, 0.0.0.0, 00000000, 8898009b, 0000000000000000, 6b0, 01dbb468d15c06d2, C:\Windows\system32\dwm.exe, unknown, c18bf5f9-a251-46c6-9b04-c6243c551ab1","Binary":""}}}
{"Event":{"System":{"Provider":{"@Name":"Windows Error Reporting"},"EventID":{"@Qualifiers":"0","#text":"1001"},"Version":"0","Level":"4","Task":"0","Opcode":"0","Keywords":"1","TimeCreated":{"@SystemTime":"2025-04-23 16:00:31.2056307"},"EventRecordID":"3915","Correlation":null,"Execution":{"@ProcessID":"0","@ThreadID":"0"},"Channel":"Application","Computer":"Server002","Security":null},"EventData":{"Data":"0, APPCRASH, Not available, 0, dwm.exe, 10.0.19041.4355, 6564cf4e, StackHash_c424, 0.0.0.0, 00000000, 8898009b, PCH_33_FROM_ntdll+0x00000000000A1E1F, ?\C:\ProgramData\Microsoft\Windows\WER\ReportQueue\AppCrash_dwm.exe_91b3146bf97640bdec1550bdc39ae1ac48d1cd8_fed57774_d3a6e593-82e1-49c1-976f-c95e365f427f, 0, c18bf5f9-a251-46c6-9b04-c6243c551ab1, 100, 0","Binary":""}}}
{"Event":{"System":{"Provider":{"@Name":"Dwminit"},"EventID":{"@Qualifiers":"32770","#text":"0"},"Version":"0","Level":"3","Task":"0","Opcode":"0","Keywords":"1","TimeCreated":{"@SystemTime":"2025-04-23 16:00:31.3579492"},"EventRecordID":"3916","Correlation":null,"Execution":{"@ProcessID":"0","@ThreadID":"0"},"Channel":"Application","Computer":"Server002","Security":null},"EventData":{"Data":"0x000000ff, 3, VirtualBox Graphics Adapter (WDDM)","Binary":""}}}
{"Event":{"System":{"Provider":{"@Name":"Desktop Window Manager"},"EventID":{"@Qualifiers":"16384","#text":"9027"},"Version":"0","Level":"4","Task":"0","Opcode":"0","Keywords":"1","TimeCreated":{"@SystemTime":"2025-04-23 16:00:31.5134054"},"EventRecordID":"3917","Correlation":null,"Execution":{"@ProcessID":"0","@ThreadID":"0"},"Channel":"Application","Computer":"Server002","Security":null},"EventData":{"Data":"","Binary":""}}}
{"Event":{"System":{"Provider":{"@Name":"Windows Error Reporting"},"EventID":{"@Qualifiers":"0","#text":"1001"},"Version":"0","Level":"4","Task":"0","Opcode":"0","Keywords":"1","TimeCreated":{"@SystemTime":"2025-04-23 16:00:32.9988326"},"EventRecordID":"3918","Correlation":null,"Execution":{"@ProcessID":"0","@ThreadID":"0"},"Channel":"Application","Computer":"Server002","Security":null},"EventData":{"Data":"2128837646485783167, 4, APPCRASH, Not available, 0, dwm.exe, 10.0.19041.4355, 6564cf4e, StackHash_c424, 0.0.0.0, 00000000, 8898009b, PCH_33_FROM_ntdll+0x00000000000A1E1F, ?\C:\ProgramData\Microsoft\Windows\WER\Temp\WERF202.tmp.WERInternalMetadata.xml, ?\C:\ProgramData\Microsoft\Windows\WER\ReportArchive\AppCrash_dwm.exe_91b3146bf97640bdec1550bdc39ae1ac48d1cd8_fed57774_d3a6e593-82e1-49c1-976f-c95e365f427f, 0, c18bf5f9-a251-46c6-9b04-c6243c551ab1, 268435552, 5cf7e4b228f057d03d8b268f7743827f, 0","Binary":""}}}
{"Event":{"System":{"Provider":{"@Name":"Application Error"},"EventID":{"@Qualifiers":"0","#text":"1000"},"Version":"0","Level":"2","Task":"100","Opcode":"0","Keywords":"1","TimeCreated":{"@SystemTime":"2025-04-23 16:02:20.3826028"},"EventRecordID":"3919","Correlation":null,"Execution":{"@ProcessID":"0","@ThreadID":"0"},"Channel":"Application","Computer":"Server002","Security":null},"EventData":{"Data":"dwm.exe, 10.0.19041.4355, 6564cf4e, unknown, 0.0.0.0, 00000000, 8898009b, 0000000000000000, 2dcc, 01dbb468d6f7db4c, C:\Windows\system32\dwm.exe, unknown, b79063f6-93f6-46b8-b630-ac1a6ebae28b","Binary":""}}}
{"Event":{"System":{"Provider":{"@Name":"Windows Error Reporting"},"EventID":{"@Qualifiers":"0","#text":"1001"},"Version":"0","Level":"4","Task":"0","Opcode":"0","Keywords":"1","TimeCreated":{"@SystemTime":"2025-04-23 16:02:22.8233829"},"EventRecordID":"3920","Correlation":null,"Execution":{"@ProcessID":"0","@ThreadID":"0"},"Channel":"Application","Computer":"Server002","Security":null},"EventData":{"Data":"2128837646485783167, 4, APPCRASH, Not available, 0, dwm.exe, 10.0.19041.4355, 6564cf4e, StackHash_c424, 0.0.0.0, 00000000, 8898009b, PCH_33_FROM_ntdll+0x00000000000A1E1F, ?\C:\ProgramData\Microsoft\Windows\WER\Temp\WER9A34.tmp.dmp?\C:\ProgramData\Microsoft\Windows\WER\Temp\WER9AD1.tmp.WERInternalMetadata.xml?\C:\ProgramData\Microsoft\Windows\WER\Temp\WER9B3F.tmp.xml?\C:\ProgramData\Microsoft\Windows\WER\Temp\WER9B65.tmp.csv?\C:\ProgramData\Microsoft\Windows\WER\Temp\WER9BA4.tmp.txt, ?\C:\ProgramData\Microsoft\Windows\WER\ReportArchive\AppCrash_dwm.exe_91b3146bf97640bdec1550bdc39ae1ac48d1cd8_fed57774_bfad9ac6-9bd3-49fa-ad8f-7922d37853eb, 0, b79063f6-93f6-46b8-b630-ac1a6ebae28b, 268435456, 5cf7e4b228f057d03d8b268f7743827f, 0","Binary":""}}}
{"Event":{"System":{"Provider":{"@Name":"Dwminit"},"EventID":{"@Qualifiers":"32770","#text":"0"},"Version":"0","Level":"3","Task":"0","Opcode":"0","Keywords":"1","TimeCreated":{"@SystemTime":"2025-04-23 16:02:22.9933136"},"EventRecordID":"3921","Correlation":null,"Execution":{"@ProcessID":"0","@ThreadID":"0"},"Channel":"Application","Computer":"Server002","Security":null},"EventData":{"Data":"0x8898009b, 1, VirtualBox Graphics Adapter (WDDM)","Binary":""}}}
{"Event":{"System":{"Provider":{"@Name":"Desktop Window Manager"},"EventID":{"@Qualifiers":"16384","#text":"9027"},"Version":"0","Level":"4","Task":"0","Opcode":"0","Keywords":"1","TimeCreated":{"@SystemTime":"2025-04-23 16:02:23.1772361"},"EventRecordID":"3922","Correlation":null,"Execution":{"@ProcessID":"0","@ThreadID":"0"},"Channel":"Application","Computer":"Server002","Security":null},"EventData":{"Data":"","Binary":""}}}
{"Event":{"System":{"Provider":{"@Name":"Application Error"},"EventID":{"@Qualifiers":"0","#text":"1000"},"Version":"0","Level":"2","Task":"100","Opcode":"0","Keywords":"1","TimeCreated":{"@SystemTime":"2025-04-23 16:02:28.8672707"},"EventRecordID":"3923","Correlation":null,"Execution":{"@ProcessID":"0","@ThreadID":"0"},"Channel":"Application","Computer":"Server002","Security":null},"EventData":{"Data":"dwm.exe, 10.0.19041.4355, 6564cf4e, unknown, 0.0.0.0, 00000000, 8898009b, 0000000000000000, 174c, 01dbb46919817680, C:\Windows\system32\dwm.exe, unknown, a73d9a4a-3c00-4e4d-8809-8a62abb22933","Binary":""}}}
{"Event":{"System":{"Provider":{"@Name":"Windows Error Reporting"},"EventID":{"@Qualifiers":"0","#text":"1001"},"Version":"0","Level":"4","Task":"0","Opcode":"0","Keywords":"1","TimeCreated":{"@SystemTime":"2025-04-23 16:02:31.5731467"},"EventRecordID":"3924","Correlation":null,"Execution":{"@ProcessID":"0","@ThreadID":"0"},"Channel":"Application","Computer":"Server002","Security":null},"EventData":{"Data":"2128837646485783167, 4, APPCRASH, Not available, 0, dwm.exe, 10.0.19041.4355, 6564cf4e, StackHash_c424, 0.0.0.0, 00000000, 8898009b, PCH_33_FROM_ntdll+0x00000000000A1E1F, ?\C:\ProgramData\Microsoft\Windows\WER\Temp\WERBB58.tmp.dmp?\C:\ProgramData\Microsoft\Windows\WER\Temp\WERBBF5.tmp.WERInternalMetadata.xml?\C:\ProgramData\Microsoft\Windows\WER\Temp\WERBC64.tmp.xml?\C:\ProgramData\Microsoft\Windows\WER\Temp\WERBC8B.tmp.csv?\C:\ProgramData\Microsoft\Windows\WER\Temp\WERBCAC.tmp.txt, ?\C:\ProgramData\Microsoft\Windows\WER\ReportArchive\AppCrash_dwm.exe_91b3146bf97640bdec1550bdc39ae1ac48d1cd8_fed57774_d2c61e45-9bb4-49ce-8793-0a34302b234a, 0, a73d9a4a-3c00-4e4d-8809-8a62abb22933, 268435456, 5cf7e4b228f057d03d8b268f7743827f, 0","Binary":""}}}
{"Event":{"System":{"Provider":{"@Name":"Dwminit"},"EventID":{"@Qualifiers":"32770","#text":"0"},"Version":"0","Level":"3","Task":"0","Opcode":"0","Keywords":"1","TimeCreated":{"@SystemTime":"2025-04-23 16:02:31.7731274"},"EventRecordID":"3925","Correlation":null,"Execution":{"@ProcessID":"0","@ThreadID":"0"},"Channel":"Application","Computer":"Server002","Security":null},"EventData":{"Data":"0x8898009b, 2, VirtualBox Graphics Adapter (WDDM)","Binary":""}}}
{"Event":{"System":{"Provider":{"@Name":"Desktop Window Manager"},"EventID":{"@Qualifiers":"16384","#text":"9027"},"Version":"0","Level":"4","Task":"0","Opcode":"0","Keywords":"1","TimeCreated":{"@SystemTime":"2025-04-23 16:02:31.9110323"},"EventRecordID":"3926","Correlation":null,"Execution":{"@ProcessID":"0","@ThreadID":"0"},"Channel":"Application","Computer":"Server002","Security":null},"EventData":{"Data":"","Binary":""}}}
{"Event":{"System":{"Provider":{"@Name":"Application Error"},"EventID":{"@Qualifiers":"0","#text":"1000"},"Version":"0","Level":"2","Task":"100","Opcode":"0","Keywords":"1","TimeCreated":{"@SystemTime":"2025-04-23 16:04:45.0165266"},"EventRecordID":"3927","Correlation":null,"Execution":{"@ProcessID":"0","@ThreadID":"0"},"Channel":"Application","Computer":"Server002","Security":null},"EventData":{"Data":"dwm.exe, 10.0.19041.4355, 6564cf4e, unknown, 0.0.0.0, 00000000, 8898009b, 0000000000000000, 804, 01dbb4691ebcb0db, C:\Windows\system32\dwm.exe, unknown, 3fb5a799-f40f-4f29-a73c-598f1ee294cd","Binary":""}}}
{"Event":{"System":{"Provider":{"@Name":"Windows Error Reporting"},"EventID":{"@Qualifiers":"0","#text":"1001"},"Version":"0","Level":"4","Task":"0","Opcode":"0","Keywords":"1","TimeCreated":{"@SystemTime":"2025-04-23 16:04:48.0865489"},"EventRecordID":"3928","Correlation":null,"Execution":{"@ProcessID":"0","@ThreadID":"0"},"Channel":"Application","Computer":"Server002","Security":null},"EventData":{"Data":"2128837646485783167, 4, APPCRASH, Not available, 0, dwm.exe, 10.0.19041.4355, 6564cf4e, StackHash_c424, 0.0.0.0, 00000000, 8898009b, PCH_33_FROM_ntdll+0x00000000000A1E1F, ?\C:\ProgramData\Microsoft\Windows\WER\Temp\WERCF34.tmp.dmp?\C:\ProgramData\Microsoft\Windows\WER\Temp\WERCFC2.tmp.WERInternalMetadata.xml?\C:\ProgramData\Microsoft\Windows\WER\Temp\WERD040.tmp.xml?\C:\ProgramData\Microsoft\Windows\WER\Temp\WERD04E.tmp.csv?\C:\ProgramData\Microsoft\Windows\WER\Temp\WERD06E.tmp.txt, ?\C:\ProgramData\Microsoft\Windows\WER\ReportArchive\AppCrash_dwm.exe_91b3146bf97640bdec1550bdc39ae1ac48d1cd8_fed57774_285397d1-8b0f-4ae3-a545-f9cde9299bdd, 0, 3fb5a799-f40f-4f29-a73c-598f1ee294cd, 268435456, 5cf7e4b228f057d03d8b268f7743827f, 0","Binary":""}}}
{"Event":{"System":{"Provider":{"@Name":"Dwminit"},"EventID":{"@Qualifiers":"32770","#text":"0"},"Version":"0","Level":"3","Task":"0","Opcode":"0","Keywords":"1","TimeCreated":{"@SystemTime":"2025-04-23 16:04:48.2616126"},"EventRecordID":"3929","Correlation":null,"Execution":{"@ProcessID":"0","@ThreadID":"0"},"Channel":"Application","Computer":"Server002","Security":null},"EventData":{"Data":"0x8898009b, 1, VirtualBox Graphics Adapter (WDDM)","Binary":""}}}
{"Event":{"System":{"Provider":{"@Name":"Desktop Window Manager"},"EventID":{"@Qualifiers":"16384","#text":"9027"},"Version":"0","Level":"4","Task":"0","Opcode":"0","Keywords":"1","TimeCreated":{"@SystemTime":"2025-04-23 16:04:48.4129535"},"EventRecordID":"3930","Correlation":null,"Execution":{"@ProcessID":"0","@ThreadID":"0"},"Channel":"Application","Computer":"Server002","Security":null},"EventData":{"Data":"","Binary":""}}}
{"Event":{"System":{"Provider":{"@Name":"Application Error"},"EventID":{"@Qualifiers":"0","#text":"1000"},"Version":"0","Level":"2","Task":"100","Opcode":"0","Keywords":"1","TimeCreated":{"@SystemTime":"2025-04-23 16:07:48.6242025"},"EventRecordID":"3931","Correlation":null,"Execution":{"@ProcessID":"0","@ThreadID":"0"},"Channel":"Application","Computer":"Server002","Security":null},"EventData":{"Data":"dwm.exe, 10.0.19041.4355, 6564cf4e, unknown, 0.0.0.0, 00000000, 8898009b, 0000000000000000, 1bfc, 01dbb4697017f720, C:\Windows\system32\dwm.exe, unknown, b13e3145-076d-414d-b852-0f1e70b62966","Binary":""}}}
{"Event":{"System":{"Provider":{"@Name":"Windows Error Reporting"},"EventID":{"@Qualifiers":"0","#text":"1001"},"Version":"0","Level":"4","Task":"0","Opcode":"0","Keywords":"1","TimeCreated":{"@SystemTime":"2025-04-23 16:07:51.0945700"},"EventRecordID":"3932","Correlation":null,"Execution":{"@ProcessID":"0","@ThreadID":"0"},"Channel":"Application","Computer":"Server002","Security":null},"EventData":{"Data":"2128837646485783167, 4, APPCRASH, Not available, 0, dwm.exe, 10.0.19041.4355, 6564cf4e, StackHash_c424, 0.0.0.0, 00000000, 8898009b, PCH_33_FROM_ntdll+0x00000000000A1E1F, ?\C:\ProgramData\Microsoft\Windows\WER\Temp\WER9C6E.tmp.dmp?\C:\ProgramData\Microsoft\Windows\WER\Temp\WER9CEC.tmp.WERInternalMetadata.xml?\C:\ProgramData\Microsoft\Windows\WER\Temp\WER9D6A.tmp.xml?\C:\ProgramData\Microsoft\Windows\WER\Temp\WER9D77.tmp.csv?\C:\ProgramData\Microsoft\Windows\WER\Temp\WER9D98.tmp.txt, ?\C:\ProgramData\Microsoft\Windows\WER\ReportArchive\AppCrash_dwm.exe_91b3146bf97640bdec1550bdc39ae1ac48d1cd8_fed57774_c6654520-ab9f-413b-bd42-be0f0341000c, 0, b13e3145-076d-414d-b852-0f1e70b62966, 268435456, 5cf7e4b228f057d03d8b268f7743827f, 0","Binary":""}}}
{"Event":{"System":{"Provider":{"@Name":"Dwminit"},"EventID":{"@Qualifiers":"32770","#text":"0"},"Version":"0","Level":"3","Task":"0","Opcode":"0","Keywords":"1","TimeCreated":{"@SystemTime":"2025-04-23 16:07:51.2645070"},"EventRecordID":"3933","Correlation":null,"Execution":{"@ProcessID":"0","@ThreadID":"0"},"Channel":"Application","Computer":"Server002","Security":null},"EventData":{"Data":"0x8898009b, 1, VirtualBox Graphics Adapter (WDDM)","Binary":""}}}
{"Event":{"System":{"Provider":{"@Name":"Desktop Window Manager"},"EventID":{"@Qualifiers":"16384","#text":"9027"},"Version":"0","Level":"4","Task":"0","Opcode":"0","Keywords":"1","TimeCreated":{"@SystemTime":"2025-04-23 16:07:51.4179820"},"EventRecordID":"3934","Correlation":null,"Execution":{"@ProcessID":"0","@ThreadID":"0"},"Channel":"Application","Computer":"Server002","Security":null},"EventData":{"Data":"","Binary":""}}}
{"Event":{"System":{"Provider":{"@Name":"Application Error"},"EventID":{"@Qualifiers":"0","#text":"1000"},"Version":"0","Level":"2","Task":"100","Opcode":"0","Keywords":"1","TimeCreated":{"@SystemTime":"2025-04-23 16:08:27.4283526"},"EventRecordID":"3935","Correlation":null,"Execution":{"@ProcessID":"0","@ThreadID":"0"},"Channel":"Application","Computer":"Server002","Security":null},"EventData":{"Data":"dwm.exe, 10.0.19041.4355, 6564cf4e, unknown, 0.0.0.0, 00000000, 8898009b, 0000000000000000, 10b0, 01dbb469dd2c1e45, C:\Windows\system32\dwm.exe, unknown, 311c75d2-6ae0-4e73-9a1d-b0e00e2053a8","Binary":""}}}
{"Event":{"System":{"Provider":{"@Name":"Windows Error Reporting"},"EventID":{"@Qualifiers":"0","#text":"1001"},"Version":"0","Level":"4","Task":"0","Opcode":"0","Keywords":"1","TimeCreated":{"@SystemTime":"2025-04-23 16:08:29.8363986"},"EventRecordID":"3936","Correlation":null,"Execution":{"@ProcessID":"0","@ThreadID":"0"},"Channel":"Application","Computer":"Server002","Security":null},"EventData":{"Data":"2128837646485783167, 4, APPCRASH, Not available, 0, dwm.exe, 10.0.19041.4355, 6564cf4e, StackHash_c424, 0.0.0.0, 00000000, 8898009b, PCH_33_FROM_ntdll+0x00000000000A1E1F, ?\C:\ProgramData\Microsoft\Windows\WER\Temp\WER3458.tmp.dmp?\C:\ProgramData\Microsoft\Windows\WER\Temp\WER3505.tmp.WERInternalMetadata.xml?\C:\ProgramData\Microsoft\Windows\WER\Temp\WER3574.tmp.xml?\C:\ProgramData\Microsoft\Windows\WER\Temp\WER3583.tmp.csv?\C:\ProgramData\Microsoft\Windows\WER\Temp\WER35B3.tmp.txt, ?\C:\ProgramData\Microsoft\Windows\WER\ReportArchive\AppCrash_dwm.exe_91b3146bf97640bdec1550bdc39ae1ac48d1cd8_fed57774_6f441a90-3b93-4cb4-93cc-a9ccdbc2ef4a, 0, 311c75d2-6ae0-4e73-9a1d-b0e00e2053a8, 268435456, 5cf7e4b228f057d03d8b268f7743827f, 0","Binary":""}}}
{"Event":{"System":{"Provider":{"@Name":"Dwminit"},"EventID":{"@Qualifiers":"32770","#text":"0"},"Version":"0","Level":"3","Task":"0","Opcode":"0","Keywords":"1","TimeCreated":{"@SystemTime":"2025-04-23 16:08:30.0187945"},"EventRecordID":"3937","Correlation":null,"Execution":{"@ProcessID":"0","@ThreadID":"0"},"Channel":"Application","Computer":"Server002","Security":null},"EventData":{"Data":"0x8898009b, 2, VirtualBox Graphics Adapter (WDDM)","Binary":""}}}
{"Event":{"System":{"Provider":{"@Name":"Desktop Window Manager"},"EventID":{"@Qualifiers":"16384","#text":"9027"},"Version":"0","Level":"4","Task":"0","Opcode":"0","Keywords":"1","TimeCreated":{"@SystemTime":"2025-04-23 16:08:30.1850651"},"EventRecordID":"3938","Correlation":null,"Execution":{"@ProcessID":"0","@ThreadID":"0"},"Channel":"Application","Computer":"Server002","Security":null},"EventData":{"Data":"","Binary":""}}}
{"Event":{"System":{"Provider":{"@Name":"Application Error"},"EventID":{"@Qualifiers":"0","#text":"1000"},"Version":"0","Level":"2","Task":"100","Opcode":"0","Keywords":"1","TimeCreated":{"@SystemTime":"2025-04-23 16:09:43.4299644"},"EventRecordID":"3939","Correlation":null,"Execution":{"@ProcessID":"0","@ThreadID":"0"},"Channel":"Application","Computer":"Server002","Security":null},"EventData":{"Data":"dwm.exe, 10.0.19041.4355, 6564cf4e, unknown, 0.0.0.0, 00000000, 8898009b, 0000000000000000, ed4, 01dbb469f444b295, C:\Windows\system32\dwm.exe, unknown, f571521b-9901-4c9e-99aa-1abb8590a372","Binary":""}}}
{"Event":{"System":{"Provider":{"@Name":"Windows Error Reporting"},"EventID":{"@Qualifiers":"0","#text":"1001"},"Version":"0","Level":"4","Task":"0","Opcode":"0","Keywords":"1","TimeCreated":{"@SystemTime":"2025-04-23 16:09:45.3279644"},"EventRecordID":"3940","Correlation":null,"Execution":{"@ProcessID":"0","@ThreadID":"0"},"Channel":"Application","Computer":"Server002","Security":null},"EventData":{"Data":"2128837646485783167, 4, APPCRASH, Not available, 0, dwm.exe, 10.0.19041.4355, 6564cf4e, StackHash_c424, 0.0.0.0, 00000000, 8898009b, PCH_33_FROM_ntdll+0x00000000000A1E1F, ?\C:\ProgramData\Microsoft\Windows\WER\Temp\WER5CDB.tmp.dmp?\C:\ProgramData\Microsoft\Windows\WER\Temp\WER5D78.tmp.WERInternalMetadata.xml?\C:\ProgramData\Microsoft\Windows\WER\Temp\WER5DE6.tmp.xml?\C:\ProgramData\Microsoft\Windows\WER\Temp\WER5DF8.tmp.csv?\C:\ProgramData\Microsoft\Windows\WER\Temp\WER5E28.tmp.txt, ?\C:\ProgramData\Microsoft\Windows\WER\ReportArchive\AppCrash_dwm.exe_91b3146bf97640bdec1550bdc39ae1ac48d1cd8_fed57774_d03a5820-8e9d-4f62-bc66-064640414771, 0, f571521b-9901-4c9e-99aa-1abb8590a372, 268435456, 5cf7e4b228f057d03d8b268f7743827f, 0","Binary":""}}}
{"Event":{"System":{"Provider":{"@Name":"Dwminit"},"EventID":{"@Qualifiers":"32770","#text":"0"},"Version":"0","Level":"3","Task":"0","Opcode":"0","Keywords":"1","TimeCreated":{"@SystemTime":"2025-04-23 16:09:45.5142664"},"EventRecordID":"3941","Correlation":null,"Execution":{"@ProcessID":"0","@ThreadID":"0"},"Channel":"Application","Computer":"Server002","Security":null},"EventData":{"Data":"0x8898009b, 1, VirtualBox Graphics Adapter (WDDM)","Binary":""}}}
{"Event":{"System":{"Provider":{"@Name":"Desktop Window Manager"},"EventID":{"@Qualifiers":"16384","#text":"9027"},"Version":"0","Level":"4","Task":"0","Opcode":"0","Keywords":"1","TimeCreated":{"@SystemTime":"2025-04-23 16:09:45.6881840"},"EventRecordID":"3942","Correlation":null,"Execution":{"@ProcessID":"0","@ThreadID":"0"},"Channel":"Application","Computer":"Server002","Security":null},"EventData":{"Data":"","Binary":""}}}
{"Event":{"System":{"Provider":{"@Name":"Application Error"},"EventID":{"@Qualifiers":"0","#text":"1000"},"Version":"0","Level":"2","Task":"100","Opcode":"0","Keywords":"1","TimeCreated":{"@SystemTime":"2025-04-23 16:10:31.6719545"},"EventRecordID":"3943","Correlation":null,"Execution":{"@ProcessID":"0","@ThreadID":"0"},"Channel":"Application","Computer":"Server002","Security":null},"EventData":{"Data":"dwm.exe, 10.0.19041.4355, 6564cf4e, unknown, 0.0.0.0, 00000000, 8898009b, 0000000000000000, 2594, 01dbb46a214401d9, C:\Windows\system32\dwm.exe, unknown, 41ac54f3-0626-4976-be44-8aeb3dc6328e","Binary":""}}}
{"Event":{"System":{"Provider":{"@Name":"Windows Error Reporting"},"EventID":{"@Qualifiers":"0","#text":"1001"},"Version":"0","Level":"4","Task":"0","Opcode":"0","Keywords":"1","TimeCreated":{"@SystemTime":"2025-04-23 16:10:34.0527237"},"EventRecordID":"3944","Correlation":null,"Execution":{"@ProcessID":"0","@ThreadID":"0"},"Channel":"Application","Computer":"Server002","Security":null},"EventData":{"Data":"2128837646485783167, 4, APPCRASH, Not available, 0, dwm.exe, 10.0.19041.4355, 6564cf4e, StackHash_c424, 0.0.0.0, 00000000, 8898009b, PCH_33_FROM_ntdll+0x00000000000A1E1F, ?\C:\ProgramData\Microsoft\Windows\WER\Temp\WER1964.tmp.dmp?\C:\ProgramData\Microsoft\Windows\WER\Temp\WER19F2.tmp.WERInternalMetadata.xml?\C:\ProgramData\Microsoft\Windows\WER\Temp\WER1A70.tmp.xml?\C:\ProgramData\Microsoft\Windows\WER\Temp\WER1A83.tmp.csv?\C:\ProgramData\Microsoft\Windows\WER\Temp\WER1AA4.tmp.txt, ?\C:\ProgramData\Microsoft\Windows\WER\ReportArchive\AppCrash_dwm.exe_91b3146bf97640bdec1550bdc39ae1ac48d1cd8_fed57774_2e3917c4-5a5e-44c6-ab8c-5731ca1a8adb, 0, 41ac54f3-0626-4976-be44-8aeb3dc6328e, 268435456, 5cf7e4b228f057d03d8b268f7743827f, 0","Binary":""}}}
{"Event":{"System":{"Provider":{"@Name":"Dwminit"},"EventID":{"@Qualifiers":"32770","#text":"0"},"Version":"0","Level":"3","Task":"0","Opcode":"0","Keywords":"1","TimeCreated":{"@SystemTime":"2025-04-23 16:10:34.2031778"},"EventRecordID":"3945","Correlation":null,"Execution":{"@ProcessID":"0","@ThreadID":"0"},"Channel":"Application","Computer":"Server002","Security":null},"EventData":{"Data":"0x8898009b, 2, VirtualBox Graphics Adapter (WDDM)","Binary":""}}}
{"Event":{"System":{"Provider":{"@Name":"Desktop Window Manager"},"EventID":{"@Qualifiers":"16384","#text":"9027"},"Version":"0","Level":"4","Task":"0","Opcode":"0","Keywords":"1","TimeCreated":{"@SystemTime":"2025-04-23 16:10:34.3873618"},"EventRecordID":"3946","Correlation":null,"Execution":{"@ProcessID":"0","@ThreadID":"0"},"Channel":"Application","Computer":"Server002","Security":null},"EventData":{"Data":"","Binary":""}}}
{"Event":{"System":{"Provider":{"@Name":"Application Error"},"EventID":{"@Qualifiers":"0","#text":"1000"},"Version":"0","Level":"2","Task":"100","Opcode":"0","Keywords":"1","TimeCreated":{"@SystemTime":"2025-04-23 16:10:59.2532785"},"EventRecordID":"3947","Correlation":null,"Execution":{"@ProcessID":"0","@ThreadID":"0"},"Channel":"Application","Computer":"Server002","Security":null},"EventData":{"Data":"dwm.exe, 10.0.19041.4355, 6564cf4e, unknown, 0.0.0.0, 00000000, 8898009b, 0000000000000000, 3070, 01dbb46a3e4afacb, C:\Windows\system32\dwm.exe, unknown, 11d0f02c-d911-484c-a64e-b34aa8b50d63","Binary":""}}}
{"Event":{"System":{"Provider":{"@Name":"Windows Error Reporting"},"EventID":{"@Qualifiers":"0","#text":"1001"},"Version":"0","Level":"4","Task":"0","Opcode":"0","Keywords":"1","TimeCreated":{"@SystemTime":"2025-04-23 16:11:01.5307207"},"EventRecordID":"3948","Correlation":null,"Execution":{"@ProcessID":"0","@ThreadID":"0"},"Channel":"Application","Computer":"Server002","Security":null},"EventData":{"Data":"2128837646485783167, 4, APPCRASH, Not available, 0, dwm.exe, 10.0.19041.4355, 6564cf4e, StackHash_c424, 0.0.0.0, 00000000, 8898009b, PCH_33_FROM_ntdll+0x00000000000A1E1F, ?\C:\ProgramData\Microsoft\Windows\WER\Temp\WER851E.tmp.dmp?\C:\ProgramData\Microsoft\Windows\WER\Temp\WER85AC.tmp.WERInternalMetadata.xml?\C:\ProgramData\Microsoft\Windows\WER\Temp\WER863A.tmp.xml?\C:\ProgramData\Microsoft\Windows\WER\Temp\WER864F.tmp.csv?\C:\ProgramData\Microsoft\Windows\WER\Temp\WER867F.tmp.txt, ?\C:\ProgramData\Microsoft\Windows\WER\ReportArchive\AppCrash_dwm.exe_91b3146bf97640bdec1550bdc39ae1ac48d1cd8_fed57774_55cc5b7b-ff0c-4cdb-9bd6-e0500e933331, 0, 11d0f02c-d911-484c-a64e-b34aa8b50d63, 268435456, 5cf7e4b228f057d03d8b268f7743827f, 0","Binary":""}}}
{"Event":{"System":{"Provider":{"@Name":"Dwminit"},"EventID":{"@Qualifiers":"32770","#text":"0"},"Version":"0","Level":"3","Task":"0","Opcode":"0","Keywords":"1","TimeCreated":{"@SystemTime":"2025-04-23 16:11:01.7133858"},"EventRecordID":"3949","Correlation":null,"Execution":{"@ProcessID":"0","@ThreadID":"0"},"Channel":"Application","Computer":"Server002","Security":null},"EventData":{"Data":"0x8898009b, 1, VirtualBox Graphics Adapter (WDDM)","Binary":""}}}
{"Event":{"System":{"Provider":{"@Name":"Desktop Window Manager"},"EventID":{"@Qualifiers":"16384","#text":"9027"},"Version":"0","Level":"4","Task":"0","Opcode":"0","Keywords":"1","TimeCreated":{"@SystemTime":"2025-04-23 16:11:01.8539036"},"EventRecordID":"3950","Correlation":null,"Execution":{"@ProcessID":"0","@ThreadID":"0"},"Channel":"Application","Computer":"Server002","Security":null},"EventData":{"Data":"","Binary":""}}}
{"Event":{"System":{"Provider":{"@Name":"Application Error"},"EventID":{"@Qualifiers":"0","#text":"1000"},"Version":"0","Level":"2","Task":"100","Opcode":"0","Keywords":"1","TimeCreated":{"@SystemTime":"2025-04-23 16:11:49.2580398"},"EventRecordID":"3951","Correlation":null,"Execution":{"@ProcessID":"0","@ThreadID":"0"},"Channel":"Application","Computer":"Server002","Security":null},"EventData":{"Data":"dwm.exe, 10.0.19041.4355, 6564cf4e, unknown, 0.0.0.0, 00000000, 8898009b, 0000000000000000, 2c2c, 01dbb46a4eaf3b14, C:\Windows\system32\dwm.exe, unknown, c9ff02ad-a0f6-4c15-89f1-a1b7a43f6d51","Binary":""}}}
