{"Event":{"System":{"Provider":{"@Name":"Microsoft-Windows-Sysmon","@Guid":"5770385f-c22a-43e0-bf4c-06f5698ffbd9"},"EventID":"1","Version":"5","Level":"4","Task":"1","Opcode":"0","Keywords":"100","TimeCreated":{"@SystemTime":"2025-04-29 10:40:44.5909100"},"EventRecordID":"50253","Correlation":null,"Execution":{"@ProcessID":"2744","@ThreadID":"704"},"Channel":"Microsoft-Windows-Sysmon/Operational","Computer":"Server002","Security":{"@UserID":"S-1-5-18"}},"EventData":{"Data":[{"@Name":"RuleName","#text":"-"},{"@Name":"UtcTime","#text":"2025-04-29 10:40:44.545"},{"@Name":"ProcessGuid","#text":"dbf410b3-acac-6810-2e02-000000004300"},{"@Name":"ProcessId","#text":"816"},{"@Name":"Image","#text":"C:\Windows\System32\svchost.exe"},{"@Name":"FileVersion","#text":"10.0.19041.4355 (WinBuild.160101.0800)"},{"@Name":"Description","#text":"Host Process for Windows Services"},{"@Name":"Product","#text":"Microsoft® Windows® Operating System"},{"@Name":"Company","#text":"Microsoft Corporation"},{"@Name":"OriginalFileName","#text":"svchost.exe"},{"@Name":"CommandLine","#text":"C:\Windows\System32\svchost.exe -k netsvcs -p -s Browser"},{"@Name":"CurrentDirectory","#text":"C:\Windows\system32\"},{"@Name":"User","#text":"NT AUTHORITY\SYSTEM"},{"@Name":"LogonGuid","#text":"dbf410b3-c246-6810-e703-000000000000"},{"@Name":"LogonId","#text":"0x3E7"},{"@Name":"TerminalSessionId","#text":"0"},{"@Name":"IntegrityLevel","#text":"System"},{"@Name":"Hashes","#text":"SHA256=6FC3BF1FDFD76860BE782554F8D25BD32F108DB934D70F4253F1E5F23522E503"},{"@Name":"ParentProcessGuid","#text":"00000000-0000-0000-0000-000000000000"},{"@Name":"ParentProcessId","#text":"672"},{"@Name":"ParentImage","#text":"-"},{"@Name":"ParentCommandLine","#text":"-"},{"@Name":"ParentUser","#text":"-"}]}}}
{"Event":{"System":{"Provider":{"@Name":"Microsoft-Windows-Sysmon","@Guid":"5770385f-c22a-43e0-bf4c-06f5698ffbd9"},"EventID":"1","Version":"5","Level":"4","Task":"1","Opcode":"0","Keywords":"100","TimeCreated":{"@SystemTime":"2025-04-29 10:40:45.7662437"},"EventRecordID":"50254","Correlation":null,"Execution":{"@ProcessID":"2744","@ThreadID":"704"},"Channel":"Microsoft-Windows-Sysmon/Operational","Computer":"Server002","Security":{"@UserID":"S-1-5-18"}},"EventData":{"Data":[{"@Name":"RuleName","#text":"-"},{"@Name":"UtcTime","#text":"2025-04-29 10:40:45.746"},{"@Name":"ProcessGuid","#text":"dbf410b3-acad-6810-2f02-000000004300"},{"@Name":"ProcessId","#text":"4048"},{"@Name":"Image","#text":"C:\Program Files\WindowsApps\Microsoft.DesktopAppInstaller_1.25.390.0_x64__8wekyb3d8bbwe\WindowsPackageManagerServer.exe"},{"@Name":"FileVersion","#text":"-"},{"@Name":"Description","#text":"-"},{"@Name":"Product","#text":"-"},{"@Name":"Company","#text":"-"},{"@Name":"OriginalFileName","#text":"-"},{"@Name":"CommandLine","#text":"\"C:\Program Files\WindowsApps\Microsoft.DesktopAppInstaller_1.25.390.0_x64__8wekyb3d8bbwe\WindowsPackageManagerServer.exe\" -Embedding"},{"@Name":"CurrentDirectory","#text":"C:\Windows\system32\"},{"@Name":"User","#text":"SERVER002\lplui"},{"@Name":"LogonGuid","#text":"dbf410b3-a62f-6810-44c9-030000000000"},{"@Name":"LogonId","#text":"0x3C944"},{"@Name":"TerminalSessionId","#text":"1"},{"@Name":"IntegrityLevel","#text":"Medium"},{"@Name":"Hashes","#text":"SHA256=5532B0C9317ED597327A38EB27CAB15739977D4056920020852FCC079430BFC0"},{"@Name":"ParentProcessGuid","#text":"00000000-0000-0000-0000-000000000000"},{"@Name":"ParentProcessId","#text":"808"},{"@Name":"ParentImage","#text":"-"},{"@Name":"ParentCommandLine","#text":"-"},{"@Name":"ParentUser","#text":"-"}]}}}
{"Event":{"System":{"Provider":{"@Name":"Microsoft-Windows-Sysmon","@Guid":"5770385f-c22a-43e0-bf4c-06f5698ffbd9"},"EventID":"1","Version":"5","Level":"4","Task":"1","Opcode":"0","Keywords":"100","TimeCreated":{"@SystemTime":"2025-04-29 10:40:47.8035474"},"EventRecordID":"50255","Correlation":null,"Execution":{"@ProcessID":"2744","@ThreadID":"704"},"Channel":"Microsoft-Windows-Sysmon/Operational","Computer":"Server002","Security":{"@UserID":"S-1-5-18"}},"EventData":{"Data":[{"@Name":"RuleName","#text":"-"},{"@Name":"UtcTime","#text":"2025-04-29 10:40:46.668"},{"@Name":"ProcessGuid","#text":"dbf410b3-acae-6810-3002-000000004300"},{"@Name":"ProcessId","#text":"5932"},{"@Name":"Image","#text":"C:\Program Files (x86)\Microsoft\EdgeWebView\Application\135.0.3179.98\Installer\setup.exe"},{"@Name":"FileVersion","#text":"135.0.3179.98"},{"@Name":"Description","#text":"Microsoft Edge Installer"},{"@Name":"Product","#text":"Microsoft Edge Installer"},{"@Name":"Company","#text":"Microsoft Corporation"},{"@Name":"OriginalFileName","#text":"setup.exe"},{"@Name":"CommandLine","#text":"\"C:\Program Files (x86)\Microsoft\EdgeWebView\Application\135.0.3179.98\Installer\setup.exe\" --msedgewebview --delete-old-versions --system-level --verbose-logging"},{"@Name":"CurrentDirectory","#text":"C:\Program Files (x86)\Microsoft\EdgeWebView\Application\135.0.3179.98\Installer\"},{"@Name":"User","#text":"NT AUTHORITY\SYSTEM"},{"@Name":"LogonGuid","#text":"dbf410b3-c246-6810-e703-000000000000"},{"@Name":"LogonId","#text":"0x3E7"},{"@Name":"TerminalSessionId","#text":"0"},{"@Name":"IntegrityLevel","#text":"System"},{"@Name":"Hashes","#text":"SHA256=AA0C6B9FCFBB724A2B64CD6DEAA182D706F17178F824A4521C0CDE6FC0BC691D"},{"@Name":"ParentProcessGuid","#text":"dbf410b3-ac63-6810-2b02-000000004300"},{"@Name":"ParentProcessId","#text":"12076"},{"@Name":"ParentImage","#text":"C:\Program Files (x86)\Microsoft\EdgeUpdate\Install\{9CB9405D-66A2-4D7B-98F8-CC54C0991CD7}\EDGEMITMP_DA15A.tmp\setup.exe"},{"@Name":"ParentCommandLine","#text":"\"C:\Program Files (x86)\Microsoft\EdgeUpdate\Install\{9CB9405D-66A2-4D7B-98F8-CC54C0991CD7}\EDGEMITMP_DA15A.tmp\setup.exe\" --install-archive=\"C:\Program Files (x86)\Microsoft\EdgeUpdate\Install\{9CB9405D-66A2-4D7B-98F8-CC54C0991CD7}\MicrosoftEdge_X64_135.0.3179.98_135.0.3179.85.exe\" --previous-version=\"135.0.3179.85\" --msedgewebview --verbose-logging --do-not-launch-msedge --system-level"},{"@Name":"ParentUser","#text":"NT AUTHORITY\SYSTEM"}]}}}
{"Event":{"System":{"Provider":{"@Name":"Microsoft-Windows-Sysmon","@Guid":"5770385f-c22a-43e0-bf4c-06f5698ffbd9"},"EventID":"5","Version":"3","Level":"4","Task":"5","Opcode":"0","Keywords":"100","TimeCreated":{"@SystemTime":"2025-04-29 10:40:48.5170394"},"EventRecordID":"50256","Correlation":null,"Execution":{"@ProcessID":"2744","@ThreadID":"704"},"Channel":"Microsoft-Windows-Sysmon/Operational","Computer":"Server002","Security":{"@UserID":"S-1-5-18"}},"EventData":{"Data":[{"@Name":"RuleName","#text":"-"},{"@Name":"UtcTime","#text":"2025-04-29 10:40:48.493"},{"@Name":"ProcessGuid","#text":"dbf410b3-acad-6810-2f02-000000004300"},{"@Name":"ProcessId","#text":"4048"},{"@Name":"Image","#text":"C:\Program Files\WindowsApps\Microsoft.DesktopAppInstaller_1.25.390.0_x64__8wekyb3d8bbwe\WindowsPackageManagerServer.exe"},{"@Name":"User","#text":"SERVER002\lplui"}]}}}
{"Event":{"System":{"Provider":{"@Name":"Microsoft-Windows-Sysmon","@Guid":"5770385f-c22a-43e0-bf4c-06f5698ffbd9"},"EventID":"1","Version":"5","Level":"4","Task":"1","Opcode":"0","Keywords":"100","TimeCreated":{"@SystemTime":"2025-04-29 10:40:48.9351012"},"EventRecordID":"50257","Correlation":null,"Execution":{"@ProcessID":"2744","@ThreadID":"704"},"Channel":"Microsoft-Windows-Sysmon/Operational","Computer":"Server002","Security":{"@UserID":"S-1-5-18"}},"EventData":{"Data":[{"@Name":"RuleName","#text":"-"},{"@Name":"UtcTime","#text":"2025-04-29 10:40:48.909"},{"@Name":"ProcessGuid","#text":"dbf410b3-acb0-6810-3102-000000004300"},{"@Name":"ProcessId","#text":"13196"},{"@Name":"Image","#text":"C:\Program Files (x86)\Microsoft\EdgeWebView\Application\135.0.3179.98\Installer\setup.exe"},{"@Name":"FileVersion","#text":"135.0.3179.98"},{"@Name":"Description","#text":"Microsoft Edge Installer"},{"@Name":"Product","#text":"Microsoft Edge Installer"},{"@Name":"Company","#text":"Microsoft Corporation"},{"@Name":"OriginalFileName","#text":"setup.exe"},{"@Name":"CommandLine","#text":"\"C:\Program Files (x86)\Microsoft\EdgeWebView\Application\135.0.3179.98\Installer\setup.exe\" --type=crashpad-handler /prefetch:4 --monitor-self-annotation=ptype=crashpad-handler --database=C:\Windows\SystemTemp\MsEdgeCrashpad --annotation=IsOfficialBuild=1 --annotation=channel= --annotation=chromium-version=135.0.7049.115 \"--annotation=exe=C:\Program Files (x86)\Microsoft\EdgeWebView\Application\135.0.3179.98\Installer\setup.exe\" --annotation=plat=Win64 --annotation=prod=Edge --annotation=ver=135.0.3179.98 --initial-client-data=0x248,0x24c,0x250,0x224,0x254,0x7ff75d407608,0x7ff75d407614,0x7ff75d407620"},{"@Name":"CurrentDirectory","#text":"C:\Program Files (x86)\Microsoft\EdgeWebView\Application\135.0.3179.98\Installer\"},{"@Name":"User","#text":"NT AUTHORITY\SYSTEM"},{"@Name":"LogonGuid","#text":"dbf410b3-c246-6810-e703-000000000000"},{"@Name":"LogonId","#text":"0x3E7"},{"@Name":"TerminalSessionId","#text":"0"},{"@Name":"IntegrityLevel","#text":"System"},{"@Name":"Hashes","#text":"SHA256=AA0C6B9FCFBB724A2B64CD6DEAA182D706F17178F824A4521C0CDE6FC0BC691D"},{"@Name":"ParentProcessGuid","#text":"dbf410b3-acae-6810-3002-000000004300"},{"@Name":"ParentProcessId","#text":"5932"},{"@Name":"ParentImage","#text":"C:\Program Files (x86)\Microsoft\EdgeWebView\Application\135.0.3179.98\Installer\setup.exe"},{"@Name":"ParentCommandLine","#text":"\"C:\Program Files (x86)\Microsoft\EdgeWebView\Application\135.0.3179.98\Installer\setup.exe\" --msedgewebview --delete-old-versions --system-level --verbose-logging"},{"@Name":"ParentUser","#text":"NT AUTHORITY\SYSTEM"}]}}}
{"Event":{"System":{"Provider":{"@Name":"Microsoft-Windows-Sysmon","@Guid":"5770385f-c22a-43e0-bf4c-06f5698ffbd9"},"EventID":"5","Version":"3","Level":"4","Task":"5","Opcode":"0","Keywords":"100","TimeCreated":{"@SystemTime":"2025-04-29 10:40:49.2969478"},"EventRecordID":"50258","Correlation":null,"Execution":{"@ProcessID":"2744","@ThreadID":"704"},"Channel":"Microsoft-Windows-Sysmon/Operational","Computer":"Server002","Security":{"@UserID":"S-1-5-18"}},"EventData":{"Data":[{"@Name":"RuleName","#text":"-"},{"@Name":"UtcTime","#text":"2025-04-29 10:40:49.296"},{"@Name":"ProcessGuid","#text":"dbf410b3-ac63-6810-2b02-000000004300"},{"@Name":"ProcessId","#text":"12076"},{"@Name":"Image","#text":"C:\Program Files (x86)\Microsoft\EdgeUpdate\Install\{9CB9405D-66A2-4D7B-98F8-CC54C0991CD7}\EDGEMITMP_DA15A.tmp\setup.exe"},{"@Name":"User","#text":"NT AUTHORITY\SYSTEM"}]}}}
{"Event":{"System":{"Provider":{"@Name":"Microsoft-Windows-Sysmon","@Guid":"5770385f-c22a-43e0-bf4c-06f5698ffbd9"},"EventID":"5","Version":"3","Level":"4","Task":"5","Opcode":"0","Keywords":"100","TimeCreated":{"@SystemTime":"2025-04-29 10:40:49.3573033"},"EventRecordID":"50259","Correlation":null,"Execution":{"@ProcessID":"2744","@ThreadID":"704"},"Channel":"Microsoft-Windows-Sysmon/Operational","Computer":"Server002","Security":{"@UserID":"S-1-5-18"}},"EventData":{"Data":[{"@Name":"RuleName","#text":"-"},{"@Name":"UtcTime","#text":"2025-04-29 10:40:49.355"},{"@Name":"ProcessGuid","#text":"dbf410b3-ac65-6810-2c02-000000004300"},{"@Name":"ProcessId","#text":"1928"},{"@Name":"Image","#text":"C:\Program Files (x86)\Microsoft\EdgeUpdate\Install\{9CB9405D-66A2-4D7B-98F8-CC54C0991CD7}\EDGEMITMP_DA15A.tmp\setup.exe"},{"@Name":"User","#text":"NT AUTHORITY\SYSTEM"}]}}}
{"Event":{"System":{"Provider":{"@Name":"Microsoft-Windows-Sysmon","@Guid":"5770385f-c22a-43e0-bf4c-06f5698ffbd9"},"EventID":"5","Version":"3","Level":"4","Task":"5","Opcode":"0","Keywords":"100","TimeCreated":{"@SystemTime":"2025-04-29 10:41:05.2117167"},"EventRecordID":"50260","Correlation":null,"Execution":{"@ProcessID":"2744","@ThreadID":"704"},"Channel":"Microsoft-Windows-Sysmon/Operational","Computer":"Server002","Security":{"@UserID":"S-1-5-18"}},"EventData":{"Data":[{"@Name":"RuleName","#text":"-"},{"@Name":"UtcTime","#text":"2025-04-29 10:41:05.208"},{"@Name":"ProcessGuid","#text":"dbf410b3-ac43-6810-2402-000000004300"},{"@Name":"ProcessId","#text":"4840"},{"@Name":"Image","#text":"C:\Windows\System32\SearchProtocolHost.exe"},{"@Name":"User","#text":"NT AUTHORITY\SYSTEM"}]}}}
{"Event":{"System":{"Provider":{"@Name":"Microsoft-Windows-Sysmon","@Guid":"5770385f-c22a-43e0-bf4c-06f5698ffbd9"},"EventID":"5","Version":"3","Level":"4","Task":"5","Opcode":"0","Keywords":"100","TimeCreated":{"@SystemTime":"2025-04-29 10:41:05.2255781"},"EventRecordID":"50261","Correlation":null,"Execution":{"@ProcessID":"2744","@ThreadID":"704"},"Channel":"Microsoft-Windows-Sysmon/Operational","Computer":"Server002","Security":{"@UserID":"S-1-5-18"}},"EventData":{"Data":[{"@Name":"RuleName","#text":"-"},{"@Name":"UtcTime","#text":"2025-04-29 10:41:05.223"},{"@Name":"ProcessGuid","#text":"dbf410b3-ac44-6810-2502-000000004300"},{"@Name":"ProcessId","#text":"11756"},{"@Name":"Image","#text":"C:\Windows\System32\SearchFilterHost.exe"},{"@Name":"User","#text":"NT AUTHORITY\SYSTEM"}]}}}
{"Event":{"System":{"Provider":{"@Name":"Microsoft-Windows-Sysmon","@Guid":"5770385f-c22a-43e0-bf4c-06f5698ffbd9"},"EventID":"5","Version":"3","Level":"4","Task":"5","Opcode":"0","Keywords":"100","TimeCreated":{"@SystemTime":"2025-04-29 10:41:06.0064041"},"EventRecordID":"50262","Correlation":null,"Execution":{"@ProcessID":"2744","@ThreadID":"704"},"Channel":"Microsoft-Windows-Sysmon/Operational","Computer":"Server002","Security":{"@UserID":"S-1-5-18"}},"EventData":{"Data":[{"@Name":"RuleName","#text":"-"},{"@Name":"UtcTime","#text":"2025-04-29 10:41:06.005"},{"@Name":"ProcessGuid","#text":"dbf410b3-ac61-6810-2a02-000000004300"},{"@Name":"ProcessId","#text":"5576"},{"@Name":"Image","#text":"C:\Program Files (x86)\Microsoft\EdgeUpdate\Install\{9CB9405D-66A2-4D7B-98F8-CC54C0991CD7}\MicrosoftEdge_X64_135.0.3179.98_135.0.3179.85.exe"},{"@Name":"User","#text":"NT AUTHORITY\SYSTEM"}]}}}
{"Event":{"System":{"Provider":{"@Name":"Microsoft-Windows-Sysmon","@Guid":"5770385f-c22a-43e0-bf4c-06f5698ffbd9"},"EventID":"1","Version":"5","Level":"4","Task":"1","Opcode":"0","Keywords":"100","TimeCreated":{"@SystemTime":"2025-04-29 10:41:06.4035184"},"EventRecordID":"50263","Correlation":null,"Execution":{"@ProcessID":"2744","@ThreadID":"704"},"Channel":"Microsoft-Windows-Sysmon/Operational","Computer":"Server002","Security":{"@UserID":"S-1-5-18"}},"EventData":{"Data":[{"@Name":"RuleName","#text":"-"},{"@Name":"UtcTime","#text":"2025-04-29 10:41:06.288"},{"@Name":"ProcessGuid","#text":"dbf410b3-acc2-6810-3202-000000004300"},{"@Name":"ProcessId","#text":"10436"},{"@Name":"Image","#text":"C:\Program Files (x86)\Microsoft\EdgeUpdate\MicrosoftEdgeUpdate.exe"},{"@Name":"FileVersion","#text":"1.3.147.37"},{"@Name":"Description","#text":"Microsoft Edge Update"},{"@Name":"Product","#text":"Microsoft Edge Update"},{"@Name":"Company","#text":"Microsoft Corporation"},{"@Name":"OriginalFileName","#text":"msedgeupdate.dll"},{"@Name":"CommandLine","#text":"\"C:\Program Files (x86)\Microsoft\EdgeUpdate\MicrosoftEdgeUpdate.exe\" /ping PD94bWwgdmVyc2lvbj0iMS4wIiBlbmNvZGluZz0iVVRGLTgiPz48cmVxdWVzdCBwcm90b2NvbD0iMy4wIiB1cGRhdGVyPSJPbWFoYSIgdXBkYXRlcnZlcnNpb249IjEuMy4xOTUuNDkiIHNoZWxsX3ZlcnNpb249IjEuMy4xNDcuMzciIGlzbWFjaGluZT0iMSIgc2Vzc2lvbmlkPSJ7QkUxMEE3MDEtRkFBNS00ODIxLTk3NjQtMzQ0QUEzOUU4OEJFfSIgdXNlcmlkPSJ7REVBM0RCMzktMkE4Ri00QjE4LTlDOEUtQjU0MjBCNjFEN0ExfSIgaW5zdGFsbHNvdXJjZT0iY29yZSIgcmVxdWVzdGlkPSJ7N0UxQjFFNTctNzk4RS00NUVFLTg0NzQtQzY0NDgzNzQ5MTI4fSIgZGVkdXA9ImNyIiBkb21haW5qb2luZWQ9IjAiPjxodyBsb2dpY2FsX2NwdXM9IjIiIHBoeXNtZW1vcnk9IjQiIGRpc2tfdHlwZT0iMSIgc3NlPSIxIiBzc2UyPSIxIiBzc2UzPSIxIiBzc3NlMz0iMSIgc3NlNDE9IjEiIHNzZTQyPSIxIiBhdng9IjAiLz48b3MgcGxhdGZvcm09IndpbiIgdmVyc2lvbj0iMTAuMC4xOTA0NS41NzM3IiBzcD0iIiBhcmNoPSJ4NjQiIHByb2R1Y3RfdHlwZT0iMTAxIiBpc193aXA9IjAiIGlzX2luX2xvY2tkb3duX21vZGU9IjAiLz48b2VtIHByb2R1Y3RfbWFudWZhY3R1cmVyPSJpbm5vdGVrIEdtYkgiIHByb2R1Y3RfbmFtZT0iVmlydHVhbEJveCIvPjxleHAgZXRhZz0iJnF1b3Q7cjQ1MnQxK2syVGdxL0hYemp2Rk5CUmhvcEJXUjlzYmpYeHFlVURIOXVYMD0mcXVvdDsiLz48YXBwIGFwcGlkPSJ7RjNDNEZFMDAtRUZENS00MDNCLTk1NjktMzk4QTIwRjFCQTRBfSIgdmVyc2lvbj0iMS4zLjE5NS40OSIgbmV4dHZlcnNpb249IiIgbGFuZz0iIiBicmFuZD0iSU5CWCIgY2xpZW50PSIiIGV4cGVyaW1lbnRzPSJJc09uSW50ZXJ2YWxDb21tYW5kc0FsbG93ZWQ9JTVCJTIyLXRhcmdldF9kZXYlMjAtbWluX2Jyb3dzZXJfdmVyc2lvbl9jYW5hcnlfZGV2JTIwMTMxLjAuMjg3MS4wJTIyJTVEIiBpbnN0YWxsYWdlPSIzMDUiIGNvaG9ydD0icnJmQDAuMTMiPjx1cGRhdGVjaGVjay8-PHBpbmcgcj0iNSIgcmQ9IjY2ODgiIHBpbmdfZnJlc2huZXNzPSJ7QzcxOTQ5MDctRjk1Ni00MzZGLUI3NUQtNUY1MTVGNTUwN0ZFfSIvPjwvYXBwPjxhcHAgYXBwaWQ9Ins1NkVCMThGOC1CMDA4LTRDQkQtQjZEMi04Qzk3RkU3RTkwNjJ9IiB2ZXJzaW9uPSIxMzUuMC4zMTc5Ljg1IiBuZXh0dmVyc2lvbj0iMTM1LjAuMzE3OS45OCIgbGFuZz0iIiBicmFuZD0iSU5CWCIgY2xpZW50PSIiIGV4cGVyaW1lbnRzPSJjb25zZW50PWZhbHNlIiBpbnN0YWxsYWdlPSIzMDUiIGNvaG9ydD0icnJmQDAuNjAiIG9vYmVfaW5zdGFsbF90aW1lPSIxMzM2Mzk3MTg2MDcxNzU5MDAiIHVwZGF0ZV9jb3VudD0iNyIgaXNfcGlubmVkX3N5c3RlbT0idHJ1ZSIgbGFzdF9sYXVuY2hfY291bnQ9IjEiIGxhc3RfbGF1bmNoX3RpbWU9IjEzMzkwMzk1MzQyOTEzNDMwMCIgZmlyc3RfZnJlX3NlZW5fdGltZT0iMTMzNjM5NzI5NzgxMjE1NjUwIiBmaXJzdF9mcmVfc2Vlbl92ZXJzaW9uPSIxMjYuMC4yNTkyLjY4Ij48dXBkYXRlY2hlY2svPjxldmVudCBldmVudHR5cGU9IjEyIiBldmVudHJlc3VsdD0iMSIgZXJyb3Jjb2RlPSIwIiBleHRyYWNvZGUxPSIwIiBzeXN0ZW1fdXB0aW1lX3RpY2tzPSIyNDA2NTE3ODcxIiBkb25lX2JlZm9yZV9vb2JlX2NvbXBsZXRlPSIwIi8-PGV2ZW50IGV2ZW50dHlwZT0iMTMiIGV2ZW50cmVzdWx0PSIxIiBlcnJvcmNvZGU9IjAiIGV4dHJhY29kZTE9IjAiIHN5c3RlbV91cHRpbWVfdGlja3M9IjI0MDcyMjU3MDIiIGRvbmVfYmVmb3JlX29vYmVfY29tcGxldGU9IjAiLz48ZXZlbnQgZXZlbnR0eXBlPSIxNCIgZXZlbnRyZXN1bHQ9IjEiIGVycm9yY29kZT0iMCIgZXh0cmFjb2RlMT0iMCIgc3lzdGVtX3VwdGltZV90aWNrcz0iOTIzMTIyNDIwOCIgc291cmNlX3VybF9pbmRleD0iMCIgZG9uZV9iZWZvcmVfb29iZV9jb21wbGV0ZT0iMCIgZG93bmxvYWRlcj0iZG8iIHVybD0iaHR0cDovL21zZWRnZS5iLnRsdS5kbC5kZWxpdmVyeS5tcC5taWNyb3NvZnQuY29tL2ZpbGVzdHJlYW1pbmdzZXJ2aWNlL2ZpbGVzL2JmNjgwNWI1LTFiYzItNGJhZi1iOThhLTllMGIyZTU3MjA2MT9QMT0xNzQ2NTI2NTkyJmFtcDtQMj00MDQmYW1wO1AzPTImYW1wO1A0PWFDMXVXYnd3MDZpMHRSTnU5YjNzTyUyZjQ5cDFRNm5tU1Ywb0FlQkRoRk9LQTBteVZsMjJ0ZVNaaE1QcWhCUkNaTUpnSzBTTmV1TTZicWtVcW12WE95NXclM2QlM2QiIHNlcnZlcl9pcF9oaW50PSIiIGNkbl9jaWQ9Ii0xIiBjZG5fY2NjPSIiIGNkbl9tc2VkZ2VfcmVmPSIiIGNkbl9henVyZV9yZWZfb3JpZ2luX3NoaWVsZD0iIiBjZG5fY2FjaGU9IiIgY2RuX3AzcD0iIiBkb3dubG9hZGVkPSIxMTU4OTcxMiIgdG90YWw9IjExNTg5NzEyIiBkb3dubG9hZF90aW1lX21zPSI2Nzc5MTQiLz48ZXZlbnQgZXZlbnR0eXBlPSIxNCIgZXZlbnRyZXN1bHQ9IjEiIGVycm9yY29kZT0iMCIgZXh0cmFjb2RlMT0iMCIgc3lzdGVtX3VwdGltZV90aWNrcz0iOTIzMTc1MzkxOCIgc291cmNlX3VybF9pbmRleD0iMCIgZG9uZV9iZWZvcmVfb29iZV9jb21wbGV0ZT0iMCIvPjxldmVudCBldmVudHR5cGU9IjE1IiBldmVudHJlc3VsdD0iMSIgZXJyb3Jjb2RlPSIwIiBleHRyYWNvZGUxPSIwIiBzeXN0ZW1fdXB0aW1lX3RpY2tzPSI5MjM4ODYxNzQ0IiBkb25lX2JlZm9yZV9vb2JlX2NvbXBsZXRlPSIwIi8-PGV2ZW50IGV2ZW50dHlwZT0iMyIgZXZlbnRyZXN1bHQ9IjEiIGVycm9yY29kZT0iMCIgZXh0cmFjb2RlMT0iMTk2NzU3IiBzeXN0ZW1fdXB0aW1lX3RpY2tzPSIxNjAzMDEzODc1MCIgc291cmNlX3VybF9pbmRleD0iMCIgZG9uZV9iZWZvcmVfb29iZV9jb21wbGV0ZT0iMCIgdXBkYXRlX2NoZWNrX3RpbWVfbXM9IjE5Mzc3IiBkb3dubG9hZF90aW1lX21zPSI2ODE1NzAiIGRvd25sb2FkZWQ9IjExNTg5NzEyIiB0b3RhbD0iMTE1ODk3MTIiIHBhY2thZ2VfY2FjaGVfcmVzdWx0PSIwIiBpbnN0YWxsX3RpbWVfbXM9IjY3OTA5OSIvPjxwaW5nIGFjdGl2ZT0iMSIgYT0iNSIgcj0iNSIgYWQ9IjY2ODgiIHJkPSI2Njg4IiBwaW5nX2ZyZXNobmVzcz0ie0ZBQUNDRjEzLTFBQ0QtNEZBNi04MTJCLTU0NkZDRDcwMzRBNn0iLz48L2FwcD48YXBwIGFwcGlkPSJ7RjMwMTcyMjYtRkUyQS00Mjk1LThCREYtMDBDM0E5QTdFNEM1fSIgdmVyc2lvbj0iMTM1LjAuMzE3OS44NSIgbmV4dHZlcnNpb249IjEzNS4wLjMxNzkuOTgiIGxhbmc9IiIgYnJhbmQ9IkVVV1YiIGNsaWVudD0iIiBleHBlcmltZW50cz0iY29uc2VudD1mYWxzZSIgaW5zdGFsbGFnZT0iMzA1IiBpbnN0YWxsZGF0ZT0iNjM4NCIgY29ob3J0PSJycmZAMC4zMiIgdXBkYXRlX2NvdW50PSI3IiBsYXN0X2xhdW5jaF9jb3VudD0iMSIgbGFzdF9sYXVuY2hfdGltZT0iMTMzODk5Njc0MzQ2NzU5MzUwIj48dXBkYXRlY2hlY2svPjxldmVudCBldmVudHR5cGU9IjEyIiBldmVudHJlc3VsdD0iMSIgZXJyb3Jjb2RlPSIwIiBleHRyYWNvZGUxPSIwIiBzeXN0ZW1fdXB0aW1lX3RpY2tzPSIyNDA2NjA1MDEyIiBkb25lX2JlZm9yZV9vb2JlX2NvbXBsZXRlPSIwIi8-PGV2ZW50IGV2ZW50dHlwZT0iMTMiIGV2ZW50cmVzdWx0PSIxIiBlcnJvcmNvZGU9IjAiIGV4dHJhY29kZTE9IjAiIHN5c3RlbV91cHRpbWVfdGlja3M9IjE2MDMwMzcxNzkyIiBkb25lX2JlZm9yZV9vb2JlX2NvbXBsZXRlPSIwIi8-PGV2ZW50IGV2ZW50dHlwZT0iMTQiIGV2ZW50cmVzdWx0PSIxIiBlcnJvcmNvZGU9IjAiIGV4dHJhY29kZTE9IjAiIHN5c3RlbV91cHRpbWVfdGlja3M9IjE2MDM5NzEzODA2IiBkb25lX2JlZm9yZV9vb2JlX2NvbXBsZXRlPSIwIi8-PGV2ZW50IGV2ZW50dHlwZT0iMTUiIGV2ZW50cmVzdWx0PSIxIiBlcnJvcmNvZGU9IjAiIGV4dHJhY29kZTE9IjAiIHN5c3RlbV91cHRpbWVfdGlja3M9IjE2MDQ3NDMzMDgyIiBkb25lX2JlZm9yZV9vb2JlX2NvbXBsZXRlPSIwIi8-PGV2ZW50IGV2ZW50dHlwZT0iMyIgZXZlbnRyZXN1bHQ9IjEiIGVycm9yY29kZT0iMCIgZXh0cmFjb2RlMT0iMTk2NzU3IiBzeXN0ZW1fdXB0aW1lX3RpY2tzPSIxNzAyMDg5NjMwMiIgZG9uZV9iZWZvcmVfb29iZV9jb21wbGV0ZT0iMCIgdXBkYXRlX2NoZWNrX3RpbWVfbXM9IjE5MzgzIiBkb3dubG9hZGVkPSIxMTU4OTcxMiIgdG90YWw9IjExNTg5NzEyIiBwYWNrYWdlX2NhY2hlX3Jlc3VsdD0iMiIgaW5zdGFsbF90aW1lX21zPSI5NzMzMiIvPjxwaW5nIGFjdGl2ZT0iMCIgcj0iNSIgcmQ9IjY2ODgiIHBpbmdfZnJlc2huZXNzPSJ7QTY0NDNGOUUtOEZERi00ODM0LTgzNkEtQTIyNDk0QUUzQzY3fSIvPjwvYXBwPjwvcmVxdWVzdD4"},{"@Name":"CurrentDirectory","#text":"C:\Program Files (x86)\Microsoft\EdgeUpdate\1.3.195.49\"},{"@Name":"User","#text":"NT AUTHORITY\SYSTEM"},{"@Name":"LogonGuid","#text":"dbf410b3-c246-6810-e703-000000000000"},{"@Name":"LogonId","#text":"0x3E7"},{"@Name":"TerminalSessionId","#text":"0"},{"@Name":"IntegrityLevel","#text":"System"},{"@Name":"Hashes","#text":"SHA256=3096D8E82917A9B73F322F4B1743E52E9B0C8B3C5933A957E73E29D6973CDD5B"},{"@Name":"ParentProcessGuid","#text":"dbf410b3-a6bb-6810-1201-000000004300"},{"@Name":"ParentProcessId","#text":"11240"},{"@Name":"ParentImage","#text":"C:\Program Files (x86)\Microsoft\EdgeUpdate\MicrosoftEdgeUpdate.exe"},{"@Name":"ParentCommandLine","#text":"\"C:\Program Files (x86)\Microsoft\EdgeUpdate\MicrosoftEdgeUpdate.exe\" /svc"},{"@Name":"ParentUser","#text":"NT AUTHORITY\SYSTEM"}]}}}
{"Event":{"System":{"Provider":{"@Name":"Microsoft-Windows-Sysmon","@Guid":"5770385f-c22a-43e0-bf4c-06f5698ffbd9"},"EventID":"5","Version":"3","Level":"4","Task":"5","Opcode":"0","Keywords":"100","TimeCreated":{"@SystemTime":"2025-04-29 10:41:07.4873552"},"EventRecordID":"50264","Correlation":null,"Execution":{"@ProcessID":"2744","@ThreadID":"704"},"Channel":"Microsoft-Windows-Sysmon/Operational","Computer":"Server002","Security":{"@UserID":"S-1-5-18"}},"EventData":{"Data":[{"@Name":"RuleName","#text":"-"},{"@Name":"UtcTime","#text":"2025-04-29 10:41:07.485"},{"@Name":"ProcessGuid","#text":"dbf410b3-acc2-6810-3202-000000004300"},{"@Name":"ProcessId","#text":"10436"},{"@Name":"Image","#text":"C:\Program Files (x86)\Microsoft\EdgeUpdate\MicrosoftEdgeUpdate.exe"},{"@Name":"User","#text":"NT AUTHORITY\SYSTEM"}]}}}
{"Event":{"System":{"Provider":{"@Name":"Microsoft-Windows-Sysmon","@Guid":"5770385f-c22a-43e0-bf4c-06f5698ffbd9"},"EventID":"5","Version":"3","Level":"4","Task":"5","Opcode":"0","Keywords":"100","TimeCreated":{"@SystemTime":"2025-04-29 10:41:07.6082131"},"EventRecordID":"50265","Correlation":null,"Execution":{"@ProcessID":"2744","@ThreadID":"704"},"Channel":"Microsoft-Windows-Sysmon/Operational","Computer":"Server002","Security":{"@UserID":"S-1-5-18"}},"EventData":{"Data":[{"@Name":"RuleName","#text":"-"},{"@Name":"UtcTime","#text":"2025-04-29 10:41:07.604"},{"@Name":"ProcessGuid","#text":"dbf410b3-a6bb-6810-1201-000000004300"},{"@Name":"ProcessId","#text":"11240"},{"@Name":"Image","#text":"C:\Program Files (x86)\Microsoft\EdgeUpdate\MicrosoftEdgeUpdate.exe"},{"@Name":"User","#text":"NT AUTHORITY\SYSTEM"}]}}}
{"Event":{"System":{"Provider":{"@Name":"Microsoft-Windows-Sysmon","@Guid":"5770385f-c22a-43e0-bf4c-06f5698ffbd9"},"EventID":"5","Version":"3","Level":"4","Task":"5","Opcode":"0","Keywords":"100","TimeCreated":{"@SystemTime":"2025-04-29 10:41:09.4417832"},"EventRecordID":"50266","Correlation":null,"Execution":{"@ProcessID":"2744","@ThreadID":"704"},"Channel":"Microsoft-Windows-Sysmon/Operational","Computer":"Server002","Security":{"@UserID":"S-1-5-18"}},"EventData":{"Data":[{"@Name":"RuleName","#text":"-"},{"@Name":"UtcTime","#text":"2025-04-29 10:41:09.437"},{"@Name":"ProcessGuid","#text":"dbf410b3-a63d-6810-a000-000000004300"},{"@Name":"ProcessId","#text":"6368"},{"@Name":"Image","#text":"C:\Program Files (x86)\Microsoft\EdgeUpdate\MicrosoftEdgeUpdate.exe"},{"@Name":"User","#text":"NT AUTHORITY\SYSTEM"}]}}}
{"Event":{"System":{"Provider":{"@Name":"Microsoft-Windows-Sysmon","@Guid":"5770385f-c22a-43e0-bf4c-06f5698ffbd9"},"EventID":"5","Version":"3","Level":"4","Task":"5","Opcode":"0","Keywords":"100","TimeCreated":{"@SystemTime":"2025-04-29 10:41:20.8331701"},"EventRecordID":"50267","Correlation":null,"Execution":{"@ProcessID":"2744","@ThreadID":"704"},"Channel":"Microsoft-Windows-Sysmon/Operational","Computer":"Server002","Security":{"@UserID":"S-1-5-18"}},"EventData":{"Data":[{"@Name":"RuleName","#text":"-"},{"@Name":"UtcTime","#text":"2025-04-29 10:41:20.830"},{"@Name":"ProcessGuid","#text":"dbf410b3-acac-6810-2e02-000000004300"},{"@Name":"ProcessId","#text":"816"},{"@Name":"Image","#text":"C:\Windows\System32\svchost.exe"},{"@Name":"User","#text":"NT AUTHORITY\SYSTEM"}]}}}
{"Event":{"System":{"Provider":{"@Name":"Microsoft-Windows-Sysmon","@Guid":"5770385f-c22a-43e0-bf4c-06f5698ffbd9"},"EventID":"5","Version":"3","Level":"4","Task":"5","Opcode":"0","Keywords":"100","TimeCreated":{"@SystemTime":"2025-04-29 10:41:42.9924096"},"EventRecordID":"50268","Correlation":null,"Execution":{"@ProcessID":"2744","@ThreadID":"704"},"Channel":"Microsoft-Windows-Sysmon/Operational","Computer":"Server002","Security":{"@UserID":"S-1-5-18"}},"EventData":{"Data":[{"@Name":"RuleName","#text":"-"},{"@Name":"UtcTime","#text":"2025-04-29 10:41:42.991"},{"@Name":"ProcessGuid","#text":"dbf410b3-ac40-6810-2302-000000004300"},{"@Name":"ProcessId","#text":"12140"},{"@Name":"Image","#text":"C:\Windows\System32\svchost.exe"},{"@Name":"User","#text":"NT AUTHORITY\SYSTEM"}]}}}
{"Event":{"System":{"Provider":{"@Name":"Microsoft-Windows-Sysmon","@Guid":"5770385f-c22a-43e0-bf4c-06f5698ffbd9"},"EventID":"1","Version":"5","Level":"4","Task":"1","Opcode":"0","Keywords":"100","TimeCreated":{"@SystemTime":"2025-04-29 10:42:28.1286672"},"EventRecordID":"50269","Correlation":null,"Execution":{"@ProcessID":"2744","@ThreadID":"704"},"Channel":"Microsoft-Windows-Sysmon/Operational","Computer":"Server002","Security":{"@UserID":"S-1-5-18"}},"EventData":{"Data":[{"@Name":"RuleName","#text":"-"},{"@Name":"UtcTime","#text":"2025-04-29 10:42:28.106"},{"@Name":"ProcessGuid","#text":"dbf410b3-ad14-6810-3302-000000004300"},{"@Name":"ProcessId","#text":"8856"},{"@Name":"Image","#text":"C:\Windows\System32\taskhostw.exe"},{"@Name":"FileVersion","#text":"10.0.19041.4474 (WinBuild.160101.0800)"},{"@Name":"Description","#text":"Host Process for Windows Tasks"},{"@Name":"Product","#text":"Microsoft® Windows® Operating System"},{"@Name":"Company","#text":"Microsoft Corporation"},{"@Name":"OriginalFileName","#text":"taskhostw.exe"},{"@Name":"CommandLine","#text":"taskhostw.exe -RegisterDevice -ProtectionStateChanged -FreeNetworkOnly"},{"@Name":"CurrentDirectory","#text":"C:\Windows\system32\"},{"@Name":"User","#text":"NT AUTHORITY\SYSTEM"},{"@Name":"LogonGuid","#text":"dbf410b3-c246-6810-e703-000000000000"},{"@Name":"LogonId","#text":"0x3E7"},{"@Name":"TerminalSessionId","#text":"0"},{"@Name":"IntegrityLevel","#text":"System"},{"@Name":"Hashes","#text":"SHA256=1C7B7E7026EF8307BF33AFDADF1D49E7C1EE4C829260B4F6988185D22D7BCC3A"},{"@Name":"ParentProcessGuid","#text":"00000000-0000-0000-0000-000000000000"},{"@Name":"ParentProcessId","#text":"1212"},{"@Name":"ParentImage","#text":"-"},{"@Name":"ParentCommandLine","#text":"-"},{"@Name":"ParentUser","#text":"-"}]}}}
{"Event":{"System":{"Provider":{"@Name":"Microsoft-Windows-Sysmon","@Guid":"5770385f-c22a-43e0-bf4c-06f5698ffbd9"},"EventID":"1","Version":"5","Level":"4","Task":"1","Opcode":"0","Keywords":"100","TimeCreated":{"@SystemTime":"2025-04-29 10:42:28.7072307"},"EventRecordID":"50270","Correlation":null,"Execution":{"@ProcessID":"2744","@ThreadID":"704"},"Channel":"Microsoft-Windows-Sysmon/Operational","Computer":"Server002","Security":{"@UserID":"S-1-5-18"}},"EventData":{"Data":[{"@Name":"RuleName","#text":"-"},{"@Name":"UtcTime","#text":"2025-04-29 10:42:28.686"},{"@Name":"ProcessGuid","#text":"dbf410b3-ad14-6810-3402-000000004300"},{"@Name":"ProcessId","#text":"8364"},{"@Name":"Image","#text":"C:\Windows\System32\smartscreen.exe"},{"@Name":"FileVersion","#text":"10.0.19041.5607 (WinBuild.160101.0800)"},{"@Name":"Description","#text":"Windows Defender SmartScreen"},{"@Name":"Product","#text":"Microsoft® Windows® Operating System"},{"@Name":"Company","#text":"Microsoft Corporation"},{"@Name":"OriginalFileName","#text":"smartscreen.exe"},{"@Name":"CommandLine","#text":"C:\Windows\System32\smartscreen.exe -Embedding"},{"@Name":"CurrentDirectory","#text":"C:\Windows\system32\"},{"@Name":"User","#text":"SERVER002\lplui"},{"@Name":"LogonGuid","#text":"dbf410b3-a62f-6810-44c9-030000000000"},{"@Name":"LogonId","#text":"0x3C944"},{"@Name":"TerminalSessionId","#text":"1"},{"@Name":"IntegrityLevel","#text":"Medium"},{"@Name":"Hashes","#text":"SHA256=5D4071EC8BA1DDA6AE481A69A5B2785FF6F240DA39295788ADD9CC6AD210EBE8"},{"@Name":"ParentProcessGuid","#text":"00000000-0000-0000-0000-000000000000"},{"@Name":"ParentProcessId","#text":"808"},{"@Name":"ParentImage","#text":"-"},{"@Name":"ParentCommandLine","#text":"-"},{"@Name":"ParentUser","#text":"-"}]}}}
{"Event":{"System":{"Provider":{"@Name":"Microsoft-Windows-Sysmon","@Guid":"5770385f-c22a-43e0-bf4c-06f5698ffbd9"},"EventID":"1","Version":"5","Level":"4","Task":"1","Opcode":"0","Keywords":"100","TimeCreated":{"@SystemTime":"2025-04-29 10:42:28.9849002"},"EventRecordID":"50271","Correlation":null,"Execution":{"@ProcessID":"2744","@ThreadID":"704"},"Channel":"Microsoft-Windows-Sysmon/Operational","Computer":"Server002","Security":{"@UserID":"S-1-5-18"}},"EventData":{"Data":[{"@Name":"RuleName","#text":"-"},{"@Name":"UtcTime","#text":"2025-04-29 10:42:28.954"},{"@Name":"ProcessGuid","#text":"dbf410b3-ad14-6810-3502-000000004300"},{"@Name":"ProcessId","#text":"10800"},{"@Name":"Image","#text":"C:\Windows\System32\svchost.exe"},{"@Name":"FileVersion","#text":"10.0.19041.4355 (WinBuild.160101.0800)"},{"@Name":"Description","#text":"Host Process for Windows Services"},{"@Name":"Product","#text":"Microsoft® Windows® Operating System"},{"@Name":"Company","#text":"Microsoft Corporation"},{"@Name":"OriginalFileName","#text":"svchost.exe"},{"@Name":"CommandLine","#text":"C:\Windows\system32\svchost.exe -k netsvcs -p -s wlidsvc"},{"@Name":"CurrentDirectory","#text":"C:\Windows\system32\"},{"@Name":"User","#text":"NT AUTHORITY\SYSTEM"},{"@Name":"LogonGuid","#text":"dbf410b3-c246-6810-e703-000000000000"},{"@Name":"LogonId","#text":"0x3E7"},{"@Name":"TerminalSessionId","#text":"0"},{"@Name":"IntegrityLevel","#text":"System"},{"@Name":"Hashes","#text":"SHA256=6FC3BF1FDFD76860BE782554F8D25BD32F108DB934D70F4253F1E5F23522E503"},{"@Name":"ParentProcessGuid","#text":"00000000-0000-0000-0000-000000000000"},{"@Name":"ParentProcessId","#text":"672"},{"@Name":"ParentImage","#text":"-"},{"@Name":"ParentCommandLine","#text":"-"},{"@Name":"ParentUser","#text":"-"}]}}}
{"Event":{"System":{"Provider":{"@Name":"Microsoft-Windows-Sysmon","@Guid":"5770385f-c22a-43e0-bf4c-06f5698ffbd9"},"EventID":"1","Version":"5","Level":"4","Task":"1","Opcode":"0","Keywords":"100","TimeCreated":{"@SystemTime":"2025-04-29 10:42:29.3440246"},"EventRecordID":"50272","Correlation":null,"Execution":{"@ProcessID":"2744","@ThreadID":"704"},"Channel":"Microsoft-Windows-Sysmon/Operational","Computer":"Server002","Security":{"@UserID":"S-1-5-18"}},"EventData":{"Data":[{"@Name":"RuleName","#text":"-"},{"@Name":"UtcTime","#text":"2025-04-29 10:42:29.307"},{"@Name":"ProcessGuid","#text":"dbf410b3-ad15-6810-3602-000000004300"},{"@Name":"ProcessId","#text":"6064"},{"@Name":"Image","#text":"C:\Windows\System32\wbem\WmiPrvSE.exe"},{"@Name":"FileVersion","#text":"10.0.19041.3636 (WinBuild.160101.0800)"},{"@Name":"Description","#text":"WMI Provider Host"},{"@Name":"Product","#text":"Microsoft® Windows® Operating System"},{"@Name":"Company","#text":"Microsoft Corporation"},{"@Name":"OriginalFileName","#text":"Wmiprvse.exe"},{"@Name":"CommandLine","#text":"C:\Windows\system32\wbem\wmiprvse.exe -secured -Embedding"},{"@Name":"CurrentDirectory","#text":"C:\Windows\system32\"},{"@Name":"User","#text":"NT AUTHORITY\NETWORK SERVICE"},{"@Name":"LogonGuid","#text":"dbf410b3-c246-6810-e403-000000000000"},{"@Name":"LogonId","#text":"0x3E4"},{"@Name":"TerminalSessionId","#text":"0"},{"@Name":"IntegrityLevel","#text":"System"},{"@Name":"Hashes","#text":"SHA256=8BBDEAD7357AF7BF0EFE397F9FD7E0EC578755EB8BDBAA65AE4F28EF00087AD5"},{"@Name":"ParentProcessGuid","#text":"00000000-0000-0000-0000-000000000000"},{"@Name":"ParentProcessId","#text":"808"},{"@Name":"ParentImage","#text":"-"},{"@Name":"ParentCommandLine","#text":"-"},{"@Name":"ParentUser","#text":"-"}]}}}
{"Event":{"System":{"Provider":{"@Name":"Microsoft-Windows-Sysmon","@Guid":"5770385f-c22a-43e0-bf4c-06f5698ffbd9"},"EventID":"1","Version":"5","Level":"4","Task":"1","Opcode":"0","Keywords":"100","TimeCreated":{"@SystemTime":"2025-04-29 10:42:31.9149668"},"EventRecordID":"50273","Correlation":null,"Execution":{"@ProcessID":"2744","@ThreadID":"704"},"Channel":"Microsoft-Windows-Sysmon/Operational","Computer":"Server002","Security":{"@UserID":"S-1-5-18"}},"EventData":{"Data":[{"@Name":"RuleName","#text":"-"},{"@Name":"UtcTime","#text":"2025-04-29 10:42:31.858"},{"@Name":"ProcessGuid","#text":"dbf410b3-ad17-6810-3702-000000004300"},{"@Name":"ProcessId","#text":"6192"},{"@Name":"Image","#text":"C:\Windows\servicing\TrustedInstaller.exe"},{"@Name":"FileVersion","#text":"10.0.19041.5553 (WinBuild.160101.0800)"},{"@Name":"Description","#text":"Windows Modules Installer"},{"@Name":"Product","#text":"Microsoft® Windows® Operating System"},{"@Name":"Company","#text":"Microsoft Corporation"},{"@Name":"OriginalFileName","#text":"TrustedInstaller.exe"},{"@Name":"CommandLine","#text":"C:\Windows\servicing\TrustedInstaller.exe"},{"@Name":"CurrentDirectory","#text":"C:\Windows\system32\"},{"@Name":"User","#text":"NT AUTHORITY\SYSTEM"},{"@Name":"LogonGuid","#text":"dbf410b3-c246-6810-e703-000000000000"},{"@Name":"LogonId","#text":"0x3E7"},{"@Name":"TerminalSessionId","#text":"0"},{"@Name":"IntegrityLevel","#text":"System"},{"@Name":"Hashes","#text":"SHA256=9F5297972FC777646E463D683241868E231DB0D3C2EFAD6C21E00114C4D84AB6"},{"@Name":"ParentProcessGuid","#text":"00000000-0000-0000-0000-000000000000"},{"@Name":"ParentProcessId","#text":"672"},{"@Name":"ParentImage","#text":"-"},{"@Name":"ParentCommandLine","#text":"-"},{"@Name":"ParentUser","#text":"-"}]}}}
{"Event":{"System":{"Provider":{"@Name":"Microsoft-Windows-Sysmon","@Guid":"5770385f-c22a-43e0-bf4c-06f5698ffbd9"},"EventID":"1","Version":"5","Level":"4","Task":"1","Opcode":"0","Keywords":"100","TimeCreated":{"@SystemTime":"2025-04-29 10:42:33.7831620"},"EventRecordID":"50274","Correlation":null,"Execution":{"@ProcessID":"2744","@ThreadID":"704"},"Channel":"Microsoft-Windows-Sysmon/Operational","Computer":"Server002","Security":{"@UserID":"S-1-5-18"}},"EventData":{"Data":[{"@Name":"RuleName","#text":"-"},{"@Name":"UtcTime","#text":"2025-04-29 10:42:33.752"},{"@Name":"ProcessGuid","#text":"dbf410b3-ad19-6810-3802-000000004300"},{"@Name":"ProcessId","#text":"4524"},{"@Name":"Image","#text":"C:\Windows\System32\MoUsoCoreWorker.exe"},{"@Name":"FileVersion","#text":"10.0.19041.5678 (WinBuild.160101.0800)"},{"@Name":"Description","#text":"MoUSO Core Worker Process"},{"@Name":"Product","#text":"Microsoft® Windows® Operating System"},{"@Name":"Company","#text":"Microsoft Corporation"},{"@Name":"OriginalFileName","#text":"MoUSOCoreWorker.exe"},{"@Name":"CommandLine","#text":"C:\Windows\System32\mousocoreworker.exe -Embedding"},{"@Name":"CurrentDirectory","#text":"C:\Windows\system32\"},{"@Name":"User","#text":"NT AUTHORITY\SYSTEM"},{"@Name":"LogonGuid","#text":"dbf410b3-c246-6810-e703-000000000000"},{"@Name":"LogonId","#text":"0x3E7"},{"@Name":"TerminalSessionId","#text":"0"},{"@Name":"IntegrityLevel","#text":"System"},{"@Name":"Hashes","#text":"SHA256=235882DE2347DB7A4CE2BBD7599B5D8D56C93A8BC18207DBEE7173B9BAD068FE"},{"@Name":"ParentProcessGuid","#text":"00000000-0000-0000-0000-000000000000"},{"@Name":"ParentProcessId","#text":"808"},{"@Name":"ParentImage","#text":"-"},{"@Name":"ParentCommandLine","#text":"-"},{"@Name":"ParentUser","#text":"-"}]}}}
{"Event":{"System":{"Provider":{"@Name":"Microsoft-Windows-Sysmon","@Guid":"5770385f-c22a-43e0-bf4c-06f5698ffbd9"},"EventID":"5","Version":"3","Level":"4","Task":"5","Opcode":"0","Keywords":"100","TimeCreated":{"@SystemTime":"2025-04-29 10:42:44.4109535"},"EventRecordID":"50275","Correlation":null,"Execution":{"@ProcessID":"2744","@ThreadID":"704"},"Channel":"Microsoft-Windows-Sysmon/Operational","Computer":"Server002","Security":{"@UserID":"S-1-5-18"}},"EventData":{"Data":[{"@Name":"RuleName","#text":"-"},{"@Name":"UtcTime","#text":"2025-04-29 10:42:44.410"},{"@Name":"ProcessGuid","#text":"dbf410b3-ad14-6810-3302-000000004300"},{"@Name":"ProcessId","#text":"8856"},{"@Name":"Image","#text":"C:\Windows\System32\taskhostw.exe"},{"@Name":"User","#text":"NT AUTHORITY\SYSTEM"}]}}}
{"Event":{"System":{"Provider":{"@Name":"Microsoft-Windows-Sysmon","@Guid":"5770385f-c22a-43e0-bf4c-06f5698ffbd9"},"EventID":"1","Version":"5","Level":"4","Task":"1","Opcode":"0","Keywords":"100","TimeCreated":{"@SystemTime":"2025-04-29 10:42:47.0991633"},"EventRecordID":"50276","Correlation":null,"Execution":{"@ProcessID":"2744","@ThreadID":"704"},"Channel":"Microsoft-Windows-Sysmon/Operational","Computer":"Server002","Security":{"@UserID":"S-1-5-18"}},"EventData":{"Data":[{"@Name":"RuleName","#text":"-"},{"@Name":"UtcTime","#text":"2025-04-29 10:42:47.062"},{"@Name":"ProcessGuid","#text":"dbf410b3-ad27-6810-3902-000000004300"},{"@Name":"ProcessId","#text":"3136"},{"@Name":"Image","#text":"C:\Windows\System32\SearchProtocolHost.exe"},{"@Name":"FileVersion","#text":"7.0.19041.5438 (WinBuild.160101.0800)"},{"@Name":"Description","#text":"Microsoft Windows Search Protocol Host"},{"@Name":"Product","#text":"Windows® Search"},{"@Name":"Company","#text":"Microsoft Corporation"},{"@Name":"OriginalFileName","#text":"SearchProtocolHost.exe"},{"@Name":"CommandLine","#text":"\"C:\Windows\system32\SearchProtocolHost.exe\" Global\UsGthrFltPipeMssGthrPipe4_ Global\UsGthrCtrlFltPipeMssGthrPipe4 1 -2147483646 \"Software\Microsoft\Windows Search\" \"Mozilla/4.0 (compatible; MSIE 6.0; Windows NT; MS Search 4.0 Robot)\" \"C:\ProgramData\Microsoft\Search\Data\Temp\usgthrsvc\" \"DownLevelDaemon\" "},{"@Name":"CurrentDirectory","#text":"C:\Windows\system32\"},{"@Name":"User","#text":"NT AUTHORITY\SYSTEM"},{"@Name":"LogonGuid","#text":"dbf410b3-c246-6810-e703-000000000000"},{"@Name":"LogonId","#text":"0x3E7"},{"@Name":"TerminalSessionId","#text":"0"},{"@Name":"IntegrityLevel","#text":"System"},{"@Name":"Hashes","#text":"SHA256=00235592EA2339D5064D280499448C10BB6B1E048643C14001E999E4ABF7B238"},{"@Name":"ParentProcessGuid","#text":"dbf410b3-a62e-6810-5e00-000000004300"},{"@Name":"ParentProcessId","#text":"4216"},{"@Name":"ParentImage","#text":"C:\Windows\System32\SearchIndexer.exe"},{"@Name":"ParentCommandLine","#text":"C:\Windows\system32\SearchIndexer.exe /Embedding"},{"@Name":"ParentUser","#text":"NT AUTHORITY\SYSTEM"}]}}}
{"Event":{"System":{"Provider":{"@Name":"Microsoft-Windows-Sysmon","@Guid":"5770385f-c22a-43e0-bf4c-06f5698ffbd9"},"EventID":"1","Version":"5","Level":"4","Task":"1","Opcode":"0","Keywords":"100","TimeCreated":{"@SystemTime":"2025-04-29 10:42:47.1795894"},"EventRecordID":"50277","Correlation":null,"Execution":{"@ProcessID":"2744","@ThreadID":"704"},"Channel":"Microsoft-Windows-Sysmon/Operational","Computer":"Server002","Security":{"@UserID":"S-1-5-18"}},"EventData":{"Data":[{"@Name":"RuleName","#text":"-"},{"@Name":"UtcTime","#text":"2025-04-29 10:42:47.157"},{"@Name":"ProcessGuid","#text":"dbf410b3-ad27-6810-3a02-000000004300"},{"@Name":"ProcessId","#text":"12532"},{"@Name":"Image","#text":"C:\Windows\System32\SearchFilterHost.exe"},{"@Name":"FileVersion","#text":"7.0.19041.5438 (WinBuild.160101.0800)"},{"@Name":"Description","#text":"Microsoft Windows Search Filter Host"},{"@Name":"Product","#text":"Windows® Search"},{"@Name":"Company","#text":"Microsoft Corporation"},{"@Name":"OriginalFileName","#text":"SearchFilterHost.exe"},{"@Name":"CommandLine","#text":"\"C:\Windows\system32\SearchFilterHost.exe\" 0 820 824 832 8192 828 804 "},{"@Name":"CurrentDirectory","#text":"C:\Windows\system32\"},{"@Name":"User","#text":"NT AUTHORITY\SYSTEM"},{"@Name":"LogonGuid","#text":"dbf410b3-c246-6810-e703-000000000000"},{"@Name":"LogonId","#text":"0x3E7"},{"@Name":"TerminalSessionId","#text":"0"},{"@Name":"IntegrityLevel","#text":"Medium"},{"@Name":"Hashes","#text":"SHA256=FFFBF61189993B7BDE08ABC1416A845C624E2296021B817B1BE55E8D63B2DF5E"},{"@Name":"ParentProcessGuid","#text":"dbf410b3-a62e-6810-5e00-000000004300"},{"@Name":"ParentProcessId","#text":"4216"},{"@Name":"ParentImage","#text":"C:\Windows\System32\SearchIndexer.exe"},{"@Name":"ParentCommandLine","#text":"C:\Windows\system32\SearchIndexer.exe /Embedding"},{"@Name":"ParentUser","#text":"NT AUTHORITY\SYSTEM"}]}}}
{"Event":{"System":{"Provider":{"@Name":"Microsoft-Windows-Sysmon","@Guid":"5770385f-c22a-43e0-bf4c-06f5698ffbd9"},"EventID":"1","Version":"5","Level":"4","Task":"1","Opcode":"0","Keywords":"100","TimeCreated":{"@SystemTime":"2025-04-29 10:42:56.3443731"},"EventRecordID":"50278","Correlation":null,"Execution":{"@ProcessID":"2744","@ThreadID":"704"},"Channel":"Microsoft-Windows-Sysmon/Operational","Computer":"Server002","Security":{"@UserID":"S-1-5-18"}},"EventData":{"Data":[{"@Name":"RuleName","#text":"-"},{"@Name":"UtcTime","#text":"2025-04-29 10:42:56.324"},{"@Name":"ProcessGuid","#text":"dbf410b3-ad30-6810-3b02-000000004300"},{"@Name":"ProcessId","#text":"1008"},{"@Name":"Image","#text":"C:\Windows\System32\backgroundTaskHost.exe"},{"@Name":"FileVersion","#text":"10.0.19041.3636 (WinBuild.160101.0800)"},{"@Name":"Description","#text":"Background Task Host"},{"@Name":"Product","#text":"Microsoft® Windows® Operating System"},{"@Name":"Company","#text":"Microsoft Corporation"},{"@Name":"OriginalFileName","#text":"backgroundTaskHost.exe"},{"@Name":"CommandLine","#text":"\"C:\Windows\system32\backgroundTaskHost.exe\" -ServerName:CortanaUI.AppX3bn25b6f886wmg6twh46972vprk9tnbf.mca"},{"@Name":"CurrentDirectory","#text":"C:\Windows\SystemApps\Microsoft.Windows.Search_cw5n1h2txyewy\"},{"@Name":"User","#text":"SERVER002\lplui"},{"@Name":"LogonGuid","#text":"dbf410b3-a62f-6810-44c9-030000000000"},{"@Name":"LogonId","#text":"0x3C944"},{"@Name":"TerminalSessionId","#text":"1"},{"@Name":"IntegrityLevel","#text":"AppContainer"},{"@Name":"Hashes","#text":"SHA256=7077CBF56490C86FC74C0CC6C0379AB679F06A066E71906AD23458F664836449"},{"@Name":"ParentProcessGuid","#text":"00000000-0000-0000-0000-000000000000"},{"@Name":"ParentProcessId","#text":"808"},{"@Name":"ParentImage","#text":"-"},{"@Name":"ParentCommandLine","#text":"-"},{"@Name":"ParentUser","#text":"-"}]}}}
{"Event":{"System":{"Provider":{"@Name":"Microsoft-Windows-Sysmon","@Guid":"5770385f-c22a-43e0-bf4c-06f5698ffbd9"},"EventID":"1","Version":"5","Level":"4","Task":"1","Opcode":"0","Keywords":"100","TimeCreated":{"@SystemTime":"2025-04-29 10:42:56.3555555"},"EventRecordID":"50279","Correlation":null,"Execution":{"@ProcessID":"2744","@ThreadID":"704"},"Channel":"Microsoft-Windows-Sysmon/Operational","Computer":"Server002","Security":{"@UserID":"S-1-5-18"}},"EventData":{"Data":[{"@Name":"RuleName","#text":"-"},{"@Name":"UtcTime","#text":"2025-04-29 10:42:56.338"},{"@Name":"ProcessGuid","#text":"dbf410b3-ad30-6810-3c02-000000004300"},{"@Name":"ProcessId","#text":"12556"},{"@Name":"Image","#text":"C:\Windows\System32\backgroundTaskHost.exe"},{"@Name":"FileVersion","#text":"10.0.19041.3636 (WinBuild.160101.0800)"},{"@Name":"Description","#text":"Background Task Host"},{"@Name":"Product","#text":"Microsoft® Windows® Operating System"},{"@Name":"Company","#text":"Microsoft Corporation"},{"@Name":"OriginalFileName","#text":"backgroundTaskHost.exe"},{"@Name":"CommandLine","#text":"\"C:\Windows\system32\backgroundTaskHost.exe\" -ServerName:App.AppXnme9zjyebb2xnyygh6q9ev6p5d234br2.mca"},{"@Name":"CurrentDirectory","#text":"C:\Program Files\WindowsApps\Microsoft.Todos_2.143.2921.0_x64__8wekyb3d8bbwe\"},{"@Name":"User","#text":"SERVER002\lplui"},{"@Name":"LogonGuid","#text":"dbf410b3-a62f-6810-44c9-030000000000"},{"@Name":"LogonId","#text":"0x3C944"},{"@Name":"TerminalSessionId","#text":"1"},{"@Name":"IntegrityLevel","#text":"AppContainer"},{"@Name":"Hashes","#text":"SHA256=7077CBF56490C86FC74C0CC6C0379AB679F06A066E71906AD23458F664836449"},{"@Name":"ParentProcessGuid","#text":"00000000-0000-0000-0000-000000000000"},{"@Name":"ParentProcessId","#text":"808"},{"@Name":"ParentImage","#text":"-"},{"@Name":"ParentCommandLine","#text":"-"},{"@Name":"ParentUser","#text":"-"}]}}}
{"Event":{"System":{"Provider":{"@Name":"Microsoft-Windows-Sysmon","@Guid":"5770385f-c22a-43e0-bf4c-06f5698ffbd9"},"EventID":"1","Version":"5","Level":"4","Task":"1","Opcode":"0","Keywords":"100","TimeCreated":{"@SystemTime":"2025-04-29 10:43:04.5208722"},"EventRecordID":"50280","Correlation":null,"Execution":{"@ProcessID":"2744","@ThreadID":"704"},"Channel":"Microsoft-Windows-Sysmon/Operational","Computer":"Server002","Security":{"@UserID":"S-1-5-18"}},"EventData":{"Data":[{"@Name":"RuleName","#text":"-"},{"@Name":"UtcTime","#text":"2025-04-29 10:43:04.498"},{"@Name":"ProcessGuid","#text":"dbf410b3-ad38-6810-3d02-000000004300"},{"@Name":"ProcessId","#text":"3976"},{"@Name":"Image","#text":"C:\Windows\System32\RuntimeBroker.exe"},{"@Name":"FileVersion","#text":"10.0.19041.4355 (WinBuild.160101.0800)"},{"@Name":"Description","#text":"Runtime Broker"},{"@Name":"Product","#text":"Microsoft® Windows® Operating System"},{"@Name":"Company","#text":"Microsoft Corporation"},{"@Name":"OriginalFileName","#text":"RuntimeBroker.exe"},{"@Name":"CommandLine","#text":"C:\Windows\System32\RuntimeBroker.exe -Embedding"},{"@Name":"CurrentDirectory","#text":"C:\Windows\system32\"},{"@Name":"User","#text":"SERVER002\lplui"},{"@Name":"LogonGuid","#text":"dbf410b3-a62f-6810-44c9-030000000000"},{"@Name":"LogonId","#text":"0x3C944"},{"@Name":"TerminalSessionId","#text":"1"},{"@Name":"IntegrityLevel","#text":"Medium"},{"@Name":"Hashes","#text":"SHA256=579DFCED8F02A7E1E6E8DF10C400117D3127EAD7231776A1E467EB507261E920"},{"@Name":"ParentProcessGuid","#text":"00000000-0000-0000-0000-000000000000"},{"@Name":"ParentProcessId","#text":"808"},{"@Name":"ParentImage","#text":"-"},{"@Name":"ParentCommandLine","#text":"-"},{"@Name":"ParentUser","#text":"-"}]}}}
{"Event":{"System":{"Provider":{"@Name":"Microsoft-Windows-Sysmon","@Guid":"5770385f-c22a-43e0-bf4c-06f5698ffbd9"},"EventID":"1","Version":"5","Level":"4","Task":"1","Opcode":"0","Keywords":"100","TimeCreated":{"@SystemTime":"2025-04-29 10:43:06.1113439"},"EventRecordID":"50281","Correlation":null,"Execution":{"@ProcessID":"2744","@ThreadID":"704"},"Channel":"Microsoft-Windows-Sysmon/Operational","Computer":"Server002","Security":{"@UserID":"S-1-5-18"}},"EventData":{"Data":[{"@Name":"RuleName","#text":"-"},{"@Name":"UtcTime","#text":"2025-04-29 10:43:06.025"},{"@Name":"ProcessGuid","#text":"dbf410b3-ad3a-6810-3e02-000000004300"},{"@Name":"ProcessId","#text":"5916"},{"@Name":"Image","#text":"C:\Windows\System32\svchost.exe"},{"@Name":"FileVersion","#text":"10.0.19041.4355 (WinBuild.160101.0800)"},{"@Name":"Description","#text":"Host Process for Windows Services"},{"@Name":"Product","#text":"Microsoft® Windows® Operating System"},{"@Name":"Company","#text":"Microsoft Corporation"},{"@Name":"OriginalFileName","#text":"svchost.exe"},{"@Name":"CommandLine","#text":"C:\Windows\System32\svchost.exe -k wsappx -p -s ClipSVC"},{"@Name":"CurrentDirectory","#text":"C:\Windows\system32\"},{"@Name":"User","#text":"NT AUTHORITY\SYSTEM"},{"@Name":"LogonGuid","#text":"dbf410b3-c246-6810-e703-000000000000"},{"@Name":"LogonId","#text":"0x3E7"},{"@Name":"TerminalSessionId","#text":"0"},{"@Name":"IntegrityLevel","#text":"System"},{"@Name":"Hashes","#text":"SHA256=6FC3BF1FDFD76860BE782554F8D25BD32F108DB934D70F4253F1E5F23522E503"},{"@Name":"ParentProcessGuid","#text":"00000000-0000-0000-0000-000000000000"},{"@Name":"ParentProcessId","#text":"672"},{"@Name":"ParentImage","#text":"-"},{"@Name":"ParentCommandLine","#text":"-"},{"@Name":"ParentUser","#text":"-"}]}}}
