{"Event":{"System":{"Provider":{"@Name":"Microsoft-Windows-Sysmon","@Guid":"5770385f-c22a-43e0-bf4c-06f5698ffbd9"},"EventID":"1","Version":"5","Level":"4","Task":"1","Opcode":"0","Keywords":"10000","TimeCreated":{"@SystemTime":"2025-04-23 15:47:39.5978500"},"EventRecordID":"42326","Correlation":null,"Execution":{"@ProcessID":"2976","@ThreadID":"4008"},"Channel":"Microsoft-Windows-Sysmon/Operational","Computer":"Server002","Security":{"@UserID":"S-1-5-18"}},"EventData":{"Data":[{"@Name":"RuleName","#text":"-"},{"@Name":"UtcTime","#text":"2025-04-23 15:47:39.587"},{"@Name":"ProcessGuid","#text":"dbf410b3-0b9b-6809-d005-000000004000"},{"@Name":"ProcessId","#text":"10708"},{"@Name":"Image","#text":"C:\Windows\System32\WerFault.exe"},{"@Name":"FileVersion","#text":"10.0.19041.4355 (WinBuild.160101.0800)"},{"@Name":"Description","#text":"Windows Problem Reporting"},{"@Name":"Product","#text":"Microsoft® Windows® Operating System"},{"@Name":"Company","#text":"Microsoft Corporation"},{"@Name":"OriginalFileName","#text":"WerFault.exe"},{"@Name":"CommandLine","#text":"C:\Windows\system32\WerFault.exe -u -p 9372 -s 4808"},{"@Name":"CurrentDirectory","#text":"C:\Windows\system32\"},{"@Name":"User","#text":"Window Manager\DWM-1"},{"@Name":"LogonGuid","#text":"dbf410b3-0b82-6809-ac40-a00100000000"},{"@Name":"LogonId","#text":"0x1A040AC"},{"@Name":"TerminalSessionId","#text":"1"},{"@Name":"IntegrityLevel","#text":"System"},{"@Name":"Hashes","#text":"SHA256=9A0064029CE405645241C3EABA297F6C8A554E2E899EE7E3DDFA5341B5768475"},{"@Name":"ParentProcessGuid","#text":"dbf410b3-0b82-6809-ca05-000000004000"},{"@Name":"ParentProcessId","#text":"9372"},{"@Name":"ParentImage","#text":"C:\Windows\System32\dwm.exe"},{"@Name":"ParentCommandLine","#text":"\"dwm.exe\""},{"@Name":"ParentUser","#text":"Window Manager\DWM-1"}]}}}
{"Event":{"System":{"Provider":{"@Name":"Microsoft-Windows-Sysmon","@Guid":"5770385f-c22a-43e0-bf4c-06f5698ffbd9"},"EventID":"5","Version":"3","Level":"4","Task":"5","Opcode":"0","Keywords":"10000","TimeCreated":{"@SystemTime":"2025-04-23 15:47:42.7870376"},"EventRecordID":"42327","Correlation":null,"Execution":{"@ProcessID":"2976","@ThreadID":"4008"},"Channel":"Microsoft-Windows-Sysmon/Operational","Computer":"Server002","Security":{"@UserID":"S-1-5-18"}},"EventData":{"Data":[{"@Name":"RuleName","#text":"-"},{"@Name":"UtcTime","#text":"2025-04-23 15:47:42.786"},{"@Name":"ProcessGuid","#text":"dbf410b3-0b9b-6809-d005-000000004000"},{"@Name":"ProcessId","#text":"10708"},{"@Name":"Image","#text":"C:\Windows\System32\WerFault.exe"},{"@Name":"User","#text":"Window Manager\DWM-1"}]}}}
{"Event":{"System":{"Provider":{"@Name":"Microsoft-Windows-Sysmon","@Guid":"5770385f-c22a-43e0-bf4c-06f5698ffbd9"},"EventID":"5","Version":"3","Level":"4","Task":"5","Opcode":"0","Keywords":"10000","TimeCreated":{"@SystemTime":"2025-04-23 15:47:42.9207554"},"EventRecordID":"42328","Correlation":null,"Execution":{"@ProcessID":"2976","@ThreadID":"4008"},"Channel":"Microsoft-Windows-Sysmon/Operational","Computer":"Server002","Security":{"@UserID":"S-1-5-18"}},"EventData":{"Data":[{"@Name":"RuleName","#text":"-"},{"@Name":"UtcTime","#text":"2025-04-23 15:47:42.895"},{"@Name":"ProcessGuid","#text":"dbf410b3-0b82-6809-ca05-000000004000"},{"@Name":"ProcessId","#text":"9372"},{"@Name":"Image","#text":"C:\Windows\System32\dwm.exe"},{"@Name":"User","#text":"Window Manager\DWM-1"}]}}}
{"Event":{"System":{"Provider":{"@Name":"Microsoft-Windows-Sysmon","@Guid":"5770385f-c22a-43e0-bf4c-06f5698ffbd9"},"EventID":"1","Version":"5","Level":"4","Task":"1","Opcode":"0","Keywords":"10000","TimeCreated":{"@SystemTime":"2025-04-23 15:47:42.9983143"},"EventRecordID":"42329","Correlation":null,"Execution":{"@ProcessID":"2976","@ThreadID":"4008"},"Channel":"Microsoft-Windows-Sysmon/Operational","Computer":"Server002","Security":{"@UserID":"S-1-5-18"}},"EventData":{"Data":[{"@Name":"RuleName","#text":"-"},{"@Name":"UtcTime","#text":"2025-04-23 15:47:42.973"},{"@Name":"ProcessGuid","#text":"dbf410b3-0b9e-6809-d105-000000004000"},{"@Name":"ProcessId","#text":"8980"},{"@Name":"Image","#text":"C:\Windows\System32\dwm.exe"},{"@Name":"FileVersion","#text":"10.0.19041.4355 (WinBuild.160101.0800)"},{"@Name":"Description","#text":"Desktop Window Manager"},{"@Name":"Product","#text":"Microsoft® Windows® Operating System"},{"@Name":"Company","#text":"Microsoft Corporation"},{"@Name":"OriginalFileName","#text":"dwm.exe"},{"@Name":"CommandLine","#text":"\"dwm.exe\""},{"@Name":"CurrentDirectory","#text":"C:\Windows\system32\"},{"@Name":"User","#text":"Window Manager\DWM-1"},{"@Name":"LogonGuid","#text":"dbf410b3-0b9e-6809-ea0f-a20100000000"},{"@Name":"LogonId","#text":"0x1A20FEA"},{"@Name":"TerminalSessionId","#text":"1"},{"@Name":"IntegrityLevel","#text":"System"},{"@Name":"Hashes","#text":"SHA256=DE3D734F5CC52C9B58FEDF1591C7F9AC28899E96D6834F73ECCEF9A156838756"},{"@Name":"ParentProcessGuid","#text":"dbf410b3-cfab-6808-0a00-000000004000"},{"@Name":"ParentProcessId","#text":"600"},{"@Name":"ParentImage","#text":"C:\Windows\System32\winlogon.exe"},{"@Name":"ParentCommandLine","#text":"winlogon.exe"},{"@Name":"ParentUser","#text":"NT AUTHORITY\SYSTEM"}]}}}
{"Event":{"System":{"Provider":{"@Name":"Microsoft-Windows-Sysmon","@Guid":"5770385f-c22a-43e0-bf4c-06f5698ffbd9"},"EventID":"5","Version":"3","Level":"4","Task":"5","Opcode":"0","Keywords":"10000","TimeCreated":{"@SystemTime":"2025-04-23 15:48:01.2701874"},"EventRecordID":"42330","Correlation":null,"Execution":{"@ProcessID":"2976","@ThreadID":"4008"},"Channel":"Microsoft-Windows-Sysmon/Operational","Computer":"Server002","Security":{"@UserID":"S-1-5-18"}},"EventData":{"Data":[{"@Name":"RuleName","#text":"-"},{"@Name":"UtcTime","#text":"2025-04-23 15:48:01.269"},{"@Name":"ProcessGuid","#text":"dbf410b3-0959-6809-9f05-000000004000"},{"@Name":"ProcessId","#text":"7416"},{"@Name":"Image","#text":"C:\Windows\System32\svchost.exe"},{"@Name":"User","#text":"NT AUTHORITY\SYSTEM"}]}}}
{"Event":{"System":{"Provider":{"@Name":"Microsoft-Windows-Sysmon","@Guid":"5770385f-c22a-43e0-bf4c-06f5698ffbd9"},"EventID":"1","Version":"5","Level":"4","Task":"1","Opcode":"0","Keywords":"10000","TimeCreated":{"@SystemTime":"2025-04-23 15:48:02.7377222"},"EventRecordID":"42331","Correlation":null,"Execution":{"@ProcessID":"2976","@ThreadID":"4008"},"Channel":"Microsoft-Windows-Sysmon/Operational","Computer":"Server002","Security":{"@UserID":"S-1-5-18"}},"EventData":{"Data":[{"@Name":"RuleName","#text":"-"},{"@Name":"UtcTime","#text":"2025-04-23 15:48:02.724"},{"@Name":"ProcessGuid","#text":"dbf410b3-0bb2-6809-d205-000000004000"},{"@Name":"ProcessId","#text":"9608"},{"@Name":"Image","#text":"C:\Windows\System32\WerFault.exe"},{"@Name":"FileVersion","#text":"10.0.19041.4355 (WinBuild.160101.0800)"},{"@Name":"Description","#text":"Windows Problem Reporting"},{"@Name":"Product","#text":"Microsoft® Windows® Operating System"},{"@Name":"Company","#text":"Microsoft Corporation"},{"@Name":"OriginalFileName","#text":"WerFault.exe"},{"@Name":"CommandLine","#text":"C:\Windows\system32\WerFault.exe -pss -s 512 -p 8980 -ip 8980"},{"@Name":"CurrentDirectory","#text":"C:\Windows\system32\"},{"@Name":"User","#text":"NT AUTHORITY\SYSTEM"},{"@Name":"LogonGuid","#text":"dbf410b3-cfac-6808-e703-000000000000"},{"@Name":"LogonId","#text":"0x3E7"},{"@Name":"TerminalSessionId","#text":"0"},{"@Name":"IntegrityLevel","#text":"System"},{"@Name":"Hashes","#text":"SHA256=9A0064029CE405645241C3EABA297F6C8A554E2E899EE7E3DDFA5341B5768475"},{"@Name":"ParentProcessGuid","#text":"dbf410b3-0b7f-6809-c605-000000004000"},{"@Name":"ParentProcessId","#text":"12716"},{"@Name":"ParentImage","#text":"C:\Windows\System32\svchost.exe"},{"@Name":"ParentCommandLine","#text":"C:\Windows\System32\svchost.exe -k WerSvcGroup"},{"@Name":"ParentUser","#text":"NT AUTHORITY\SYSTEM"}]}}}
{"Event":{"System":{"Provider":{"@Name":"Microsoft-Windows-Sysmon","@Guid":"5770385f-c22a-43e0-bf4c-06f5698ffbd9"},"EventID":"5","Version":"3","Level":"4","Task":"5","Opcode":"0","Keywords":"10000","TimeCreated":{"@SystemTime":"2025-04-23 15:48:02.8840282"},"EventRecordID":"42332","Correlation":null,"Execution":{"@ProcessID":"2976","@ThreadID":"4008"},"Channel":"Microsoft-Windows-Sysmon/Operational","Computer":"Server002","Security":{"@UserID":"S-1-5-18"}},"EventData":{"Data":[{"@Name":"RuleName","#text":"-"},{"@Name":"UtcTime","#text":"2025-04-23 15:48:02.882"},{"@Name":"ProcessGuid","#text":"dbf410b3-0bb2-6809-d205-000000004000"},{"@Name":"ProcessId","#text":"9608"},{"@Name":"Image","#text":"C:\Windows\System32\WerFault.exe"},{"@Name":"User","#text":"NT AUTHORITY\SYSTEM"}]}}}
{"Event":{"System":{"Provider":{"@Name":"Microsoft-Windows-Sysmon","@Guid":"5770385f-c22a-43e0-bf4c-06f5698ffbd9"},"EventID":"1","Version":"5","Level":"4","Task":"1","Opcode":"0","Keywords":"10000","TimeCreated":{"@SystemTime":"2025-04-23 15:48:02.9203196"},"EventRecordID":"42333","Correlation":null,"Execution":{"@ProcessID":"2976","@ThreadID":"4008"},"Channel":"Microsoft-Windows-Sysmon/Operational","Computer":"Server002","Security":{"@UserID":"S-1-5-18"}},"EventData":{"Data":[{"@Name":"RuleName","#text":"-"},{"@Name":"UtcTime","#text":"2025-04-23 15:48:02.912"},{"@Name":"ProcessGuid","#text":"dbf410b3-0bb2-6809-d405-000000004000"},{"@Name":"ProcessId","#text":"6812"},{"@Name":"Image","#text":"C:\Windows\System32\WerFault.exe"},{"@Name":"FileVersion","#text":"10.0.19041.4355 (WinBuild.160101.0800)"},{"@Name":"Description","#text":"Windows Problem Reporting"},{"@Name":"Product","#text":"Microsoft® Windows® Operating System"},{"@Name":"Company","#text":"Microsoft Corporation"},{"@Name":"OriginalFileName","#text":"WerFault.exe"},{"@Name":"CommandLine","#text":"C:\Windows\system32\WerFault.exe -u -p 8980 -s 4232"},{"@Name":"CurrentDirectory","#text":"C:\Windows\system32\"},{"@Name":"User","#text":"Window Manager\DWM-1"},{"@Name":"LogonGuid","#text":"dbf410b3-0b9e-6809-ea0f-a20100000000"},{"@Name":"LogonId","#text":"0x1A20FEA"},{"@Name":"TerminalSessionId","#text":"1"},{"@Name":"IntegrityLevel","#text":"System"},{"@Name":"Hashes","#text":"SHA256=9A0064029CE405645241C3EABA297F6C8A554E2E899EE7E3DDFA5341B5768475"},{"@Name":"ParentProcessGuid","#text":"dbf410b3-0b9e-6809-d105-000000004000"},{"@Name":"ParentProcessId","#text":"8980"},{"@Name":"ParentImage","#text":"C:\Windows\System32\dwm.exe"},{"@Name":"ParentCommandLine","#text":"\"dwm.exe\""},{"@Name":"ParentUser","#text":"Window Manager\DWM-1"}]}}}
{"Event":{"System":{"Provider":{"@Name":"Microsoft-Windows-Sysmon","@Guid":"5770385f-c22a-43e0-bf4c-06f5698ffbd9"},"EventID":"5","Version":"3","Level":"4","Task":"5","Opcode":"0","Keywords":"10000","TimeCreated":{"@SystemTime":"2025-04-23 15:48:06.1016063"},"EventRecordID":"42334","Correlation":null,"Execution":{"@ProcessID":"2976","@ThreadID":"4008"},"Channel":"Microsoft-Windows-Sysmon/Operational","Computer":"Server002","Security":{"@UserID":"S-1-5-18"}},"EventData":{"Data":[{"@Name":"RuleName","#text":"-"},{"@Name":"UtcTime","#text":"2025-04-23 15:48:06.096"},{"@Name":"ProcessGuid","#text":"dbf410b3-0bb2-6809-d405-000000004000"},{"@Name":"ProcessId","#text":"6812"},{"@Name":"Image","#text":"C:\Windows\System32\WerFault.exe"},{"@Name":"User","#text":"Window Manager\DWM-1"}]}}}
{"Event":{"System":{"Provider":{"@Name":"Microsoft-Windows-Sysmon","@Guid":"5770385f-c22a-43e0-bf4c-06f5698ffbd9"},"EventID":"5","Version":"3","Level":"4","Task":"5","Opcode":"0","Keywords":"10000","TimeCreated":{"@SystemTime":"2025-04-23 15:48:06.3657556"},"EventRecordID":"42335","Correlation":null,"Execution":{"@ProcessID":"2976","@ThreadID":"4008"},"Channel":"Microsoft-Windows-Sysmon/Operational","Computer":"Server002","Security":{"@UserID":"S-1-5-18"}},"EventData":{"Data":[{"@Name":"RuleName","#text":"-"},{"@Name":"UtcTime","#text":"2025-04-23 15:48:06.253"},{"@Name":"ProcessGuid","#text":"dbf410b3-0b9e-6809-d105-000000004000"},{"@Name":"ProcessId","#text":"8980"},{"@Name":"Image","#text":"C:\Windows\System32\dwm.exe"},{"@Name":"User","#text":"Window Manager\DWM-1"}]}}}
{"Event":{"System":{"Provider":{"@Name":"Microsoft-Windows-Sysmon","@Guid":"5770385f-c22a-43e0-bf4c-06f5698ffbd9"},"EventID":"1","Version":"5","Level":"4","Task":"1","Opcode":"0","Keywords":"10000","TimeCreated":{"@SystemTime":"2025-04-23 15:48:06.4252737"},"EventRecordID":"42336","Correlation":null,"Execution":{"@ProcessID":"2976","@ThreadID":"4008"},"Channel":"Microsoft-Windows-Sysmon/Operational","Computer":"Server002","Security":{"@UserID":"S-1-5-18"}},"EventData":{"Data":[{"@Name":"RuleName","#text":"-"},{"@Name":"UtcTime","#text":"2025-04-23 15:48:06.379"},{"@Name":"ProcessGuid","#text":"dbf410b3-0bb6-6809-d505-000000004000"},{"@Name":"ProcessId","#text":"9316"},{"@Name":"Image","#text":"C:\Windows\System32\dwm.exe"},{"@Name":"FileVersion","#text":"10.0.19041.4355 (WinBuild.160101.0800)"},{"@Name":"Description","#text":"Desktop Window Manager"},{"@Name":"Product","#text":"Microsoft® Windows® Operating System"},{"@Name":"Company","#text":"Microsoft Corporation"},{"@Name":"OriginalFileName","#text":"dwm.exe"},{"@Name":"CommandLine","#text":"\"dwm.exe\""},{"@Name":"CurrentDirectory","#text":"C:\Windows\system32\"},{"@Name":"User","#text":"Window Manager\DWM-1"},{"@Name":"LogonGuid","#text":"dbf410b3-0bb6-6809-c194-a20100000000"},{"@Name":"LogonId","#text":"0x1A294C1"},{"@Name":"TerminalSessionId","#text":"1"},{"@Name":"IntegrityLevel","#text":"System"},{"@Name":"Hashes","#text":"SHA256=DE3D734F5CC52C9B58FEDF1591C7F9AC28899E96D6834F73ECCEF9A156838756"},{"@Name":"ParentProcessGuid","#text":"dbf410b3-cfab-6808-0a00-000000004000"},{"@Name":"ParentProcessId","#text":"600"},{"@Name":"ParentImage","#text":"C:\Windows\System32\winlogon.exe"},{"@Name":"ParentCommandLine","#text":"winlogon.exe"},{"@Name":"ParentUser","#text":"NT AUTHORITY\SYSTEM"}]}}}
