{"Event":{"System":{"Provider":{"@Name":"Microsoft-Windows-Sysmon","@Guid":"5770385f-c22a-43e0-bf4c-06f5698ffbd9"},"EventID":"1","Version":"5","Level":"4","Task":"1","Opcode":"0","Keywords":"0x8000000000000000","TimeCreated":{"@SystemTime":"2025-04-17 06:40:11.1351726"},"EventRecordID":"24694","Correlation":null,"Execution":{"@ProcessID":"3096","@ThreadID":"4472"},"Channel":"Microsoft-Windows-Sysmon/Operational","Computer":"Server002","Security":{"@UserID":"S-1-5-18"}},"EventData":{"Data":[{"@Name":"RuleName","#text":"-"},{"@Name":"UtcTime","#text":"2025-04-17 06:40:11.130"},{"@Name":"ProcessGuid","#text":"dbf410b3-a24b-6800-a200-000000003d00"},{"@Name":"ProcessId","#text":"7116"},{"@Name":"Image","#text":"C:\Program Files (x86)\Microsoft Office\root\Office16\SDXHelper.exe"},{"@Name":"FileVersion","#text":"16.0.18623.20178"},{"@Name":"Description","#text":"Microsoft Office SDX Helper"},{"@Name":"Product","#text":"Microsoft Office"},{"@Name":"Company","#text":"Microsoft Corporation"},{"@Name":"OriginalFileName","#text":"SDXHELPER.EXE"},{"@Name":"CommandLine","#text":"\"C:\Program Files (x86)\Microsoft Office\Root\Office16\SDXHelper.exe\" -Embedding"},{"@Name":"CurrentDirectory","#text":"C:\Windows\system32\"},{"@Name":"User","#text":"SERVER002\lplui"},{"@Name":"LogonGuid","#text":"dbf410b3-a213-6800-27dd-020000000000"},{"@Name":"LogonId","#text":"0x2DD27"},{"@Name":"TerminalSessionId","#text":"1"},{"@Name":"IntegrityLevel","#text":"Medium"},{"@Name":"Hashes","#text":"SHA256=295626D4534CBC765B65AE6629478809084286E68D64D844E8A4B86E025C03ED"},{"@Name":"ParentProcessGuid","#text":"00000000-0000-0000-0000-000000000000"},{"@Name":"ParentProcessId","#text":"764"},{"@Name":"ParentImage","#text":"-"},{"@Name":"ParentCommandLine","#text":"-"},{"@Name":"ParentUser","#text":"-"}]}}}
{"Event":{"System":{"Provider":{"@Name":"Microsoft-Windows-Sysmon","@Guid":"5770385f-c22a-43e0-bf4c-06f5698ffbd9"},"EventID":"5","Version":"3","Level":"4","Task":"5","Opcode":"0","Keywords":"0x8000000000000000","TimeCreated":{"@SystemTime":"2025-04-17 06:40:11.4937774"},"EventRecordID":"24695","Correlation":null,"Execution":{"@ProcessID":"3096","@ThreadID":"4472"},"Channel":"Microsoft-Windows-Sysmon/Operational","Computer":"Server002","Security":{"@UserID":"S-1-5-18"}},"EventData":{"Data":[{"@Name":"RuleName","#text":"-"},{"@Name":"UtcTime","#text":"2025-04-17 06:40:11.480"},{"@Name":"ProcessGuid","#text":"dbf410b3-a22b-6800-8800-000000003d00"},{"@Name":"ProcessId","#text":"6952"},{"@Name":"Image","#text":"C:\Windows\System32\MusNotification.exe"},{"@Name":"User","#text":"NT AUTHORITY\SYSTEM"}]}}}
{"Event":{"System":{"Provider":{"@Name":"Microsoft-Windows-Sysmon","@Guid":"5770385f-c22a-43e0-bf4c-06f5698ffbd9"},"EventID":"5","Version":"3","Level":"4","Task":"5","Opcode":"0","Keywords":"0x8000000000000000","TimeCreated":{"@SystemTime":"2025-04-17 06:40:12.5730742"},"EventRecordID":"24696","Correlation":null,"Execution":{"@ProcessID":"3096","@ThreadID":"4472"},"Channel":"Microsoft-Windows-Sysmon/Operational","Computer":"Server002","Security":{"@UserID":"S-1-5-18"}},"EventData":{"Data":[{"@Name":"RuleName","#text":"-"},{"@Name":"UtcTime","#text":"2025-04-17 06:40:12.486"},{"@Name":"ProcessGuid","#text":"dbf410b3-be2c-6800-2400-000000003d00"},{"@Name":"ProcessId","#text":"1696"},{"@Name":"Image","#text":"C:\Windows\system32\taskhostw.exe"},{"@Name":"User","#text":"NT AUTHORITY\SYSTEM"}]}}}
{"Event":{"System":{"Provider":{"@Name":"Microsoft-Windows-Sysmon","@Guid":"5770385f-c22a-43e0-bf4c-06f5698ffbd9"},"EventID":"5","Version":"3","Level":"4","Task":"5","Opcode":"0","Keywords":"0x8000000000000000","TimeCreated":{"@SystemTime":"2025-04-17 06:40:16.2116369"},"EventRecordID":"24697","Correlation":null,"Execution":{"@ProcessID":"3096","@ThreadID":"4472"},"Channel":"Microsoft-Windows-Sysmon/Operational","Computer":"Server002","Security":{"@UserID":"S-1-5-18"}},"EventData":{"Data":[{"@Name":"RuleName","#text":"-"},{"@Name":"UtcTime","#text":"2025-04-17 06:40:16.205"},{"@Name":"ProcessGuid","#text":"dbf410b3-a241-6800-9d00-000000003d00"},{"@Name":"ProcessId","#text":"9204"},{"@Name":"Image","#text":"C:\Program Files (x86)\Microsoft Office\root\Office16\SDXHelper.exe"},{"@Name":"User","#text":"SERVER002\lplui"}]}}}
{"Event":{"System":{"Provider":{"@Name":"Microsoft-Windows-Sysmon","@Guid":"5770385f-c22a-43e0-bf4c-06f5698ffbd9"},"EventID":"5","Version":"3","Level":"4","Task":"5","Opcode":"0","Keywords":"0x8000000000000000","TimeCreated":{"@SystemTime":"2025-04-17 06:40:16.3476080"},"EventRecordID":"24698","Correlation":null,"Execution":{"@ProcessID":"3096","@ThreadID":"4472"},"Channel":"Microsoft-Windows-Sysmon/Operational","Computer":"Server002","Security":{"@UserID":"S-1-5-18"}},"EventData":{"Data":[{"@Name":"RuleName","#text":"-"},{"@Name":"UtcTime","#text":"2025-04-17 06:40:16.345"},{"@Name":"ProcessGuid","#text":"dbf410b3-a247-6800-a000-000000003d00"},{"@Name":"ProcessId","#text":"932"},{"@Name":"Image","#text":"C:\Program Files\Microsoft OneDrive\25.056.0324.0003\FileCoAuth.exe"},{"@Name":"User","#text":"SERVER002\lplui"}]}}}
{"Event":{"System":{"Provider":{"@Name":"Microsoft-Windows-Sysmon","@Guid":"5770385f-c22a-43e0-bf4c-06f5698ffbd9"},"EventID":"5","Version":"3","Level":"4","Task":"5","Opcode":"0","Keywords":"0x8000000000000000","TimeCreated":{"@SystemTime":"2025-04-17 06:40:18.6025888"},"EventRecordID":"24699","Correlation":null,"Execution":{"@ProcessID":"3096","@ThreadID":"4472"},"Channel":"Microsoft-Windows-Sysmon/Operational","Computer":"Server002","Security":{"@UserID":"S-1-5-18"}},"EventData":{"Data":[{"@Name":"RuleName","#text":"-"},{"@Name":"UtcTime","#text":"2025-04-17 06:40:18.596"},{"@Name":"ProcessGuid","#text":"dbf410b3-a21f-6800-6f00-000000003d00"},{"@Name":"ProcessId","#text":"5768"},{"@Name":"Image","#text":"C:\Program Files (x86)\Microsoft Office\root\vfs\ProgramFilesCommonX86\Microsoft Shared\Office16\opushutil.exe"},{"@Name":"User","#text":"SERVER002\lplui"}]}}}
{"Event":{"System":{"Provider":{"@Name":"Microsoft-Windows-Sysmon","@Guid":"5770385f-c22a-43e0-bf4c-06f5698ffbd9"},"EventID":"5","Version":"3","Level":"4","Task":"5","Opcode":"0","Keywords":"0x8000000000000000","TimeCreated":{"@SystemTime":"2025-04-17 06:40:23.0339407"},"EventRecordID":"24700","Correlation":null,"Execution":{"@ProcessID":"3096","@ThreadID":"4472"},"Channel":"Microsoft-Windows-Sysmon/Operational","Computer":"Server002","Security":{"@UserID":"S-1-5-18"}},"EventData":{"Data":[{"@Name":"RuleName","#text":"-"},{"@Name":"UtcTime","#text":"2025-04-17 06:40:23.018"},{"@Name":"ProcessGuid","#text":"dbf410b3-be2b-6800-1200-000000003d00"},{"@Name":"ProcessId","#text":"1000"},{"@Name":"Image","#text":"C:\Windows\system32\svchost.exe"},{"@Name":"User","#text":"NT AUTHORITY\SYSTEM"}]}}}
{"Event":{"System":{"Provider":{"@Name":"Microsoft-Windows-Sysmon","@Guid":"5770385f-c22a-43e0-bf4c-06f5698ffbd9"},"EventID":"1","Version":"5","Level":"4","Task":"1","Opcode":"0","Keywords":"0x8000000000000000","TimeCreated":{"@SystemTime":"2025-04-17 06:40:33.4975075"},"EventRecordID":"24701","Correlation":null,"Execution":{"@ProcessID":"3096","@ThreadID":"4472"},"Channel":"Microsoft-Windows-Sysmon/Operational","Computer":"Server002","Security":{"@UserID":"S-1-5-18"}},"EventData":{"Data":[{"@Name":"RuleName","#text":"-"},{"@Name":"UtcTime","#text":"2025-04-17 06:40:33.468"},{"@Name":"ProcessGuid","#text":"dbf410b3-a261-6800-a300-000000003d00"},{"@Name":"ProcessId","#text":"8960"},{"@Name":"Image","#text":"C:\Windows\System32\taskhostw.exe"},{"@Name":"FileVersion","#text":"10.0.19041.4474 (WinBuild.160101.0800)"},{"@Name":"Description","#text":"Host Process for Windows Tasks"},{"@Name":"Product","#text":"Microsoft® Windows® Operating System"},{"@Name":"Company","#text":"Microsoft Corporation"},{"@Name":"OriginalFileName","#text":"taskhostw.exe"},{"@Name":"CommandLine","#text":"taskhostw.exe $(Arg0)"},{"@Name":"CurrentDirectory","#text":"C:\Windows\system32\"},{"@Name":"User","#text":"SERVER002\lplui"},{"@Name":"LogonGuid","#text":"dbf410b3-a213-6800-87db-020000000000"},{"@Name":"LogonId","#text":"0x2DB87"},{"@Name":"TerminalSessionId","#text":"1"},{"@Name":"IntegrityLevel","#text":"High"},{"@Name":"Hashes","#text":"SHA256=1C7B7E7026EF8307BF33AFDADF1D49E7C1EE4C829260B4F6988185D22D7BCC3A"},{"@Name":"ParentProcessGuid","#text":"00000000-0000-0000-0000-000000000000"},{"@Name":"ParentProcessId","#text":"1200"},{"@Name":"ParentImage","#text":"-"},{"@Name":"ParentCommandLine","#text":"-"},{"@Name":"ParentUser","#text":"-"}]}}}
{"Event":{"System":{"Provider":{"@Name":"Microsoft-Windows-Sysmon","@Guid":"5770385f-c22a-43e0-bf4c-06f5698ffbd9"},"EventID":"5","Version":"3","Level":"4","Task":"5","Opcode":"0","Keywords":"0x8000000000000000","TimeCreated":{"@SystemTime":"2025-04-17 06:40:33.5420086"},"EventRecordID":"24702","Correlation":null,"Execution":{"@ProcessID":"3096","@ThreadID":"4472"},"Channel":"Microsoft-Windows-Sysmon/Operational","Computer":"Server002","Security":{"@UserID":"S-1-5-18"}},"EventData":{"Data":[{"@Name":"RuleName","#text":"-"},{"@Name":"UtcTime","#text":"2025-04-17 06:40:33.533"},{"@Name":"ProcessGuid","#text":"dbf410b3-a22f-6800-8d00-000000003d00"},{"@Name":"ProcessId","#text":"7312"},{"@Name":"Image","#text":"C:\Windows\System32\SppExtComObj.Exe"},{"@Name":"User","#text":"NT AUTHORITY\NETWORK SERVICE"}]}}}
{"Event":{"System":{"Provider":{"@Name":"Microsoft-Windows-Sysmon","@Guid":"5770385f-c22a-43e0-bf4c-06f5698ffbd9"},"EventID":"5","Version":"3","Level":"4","Task":"5","Opcode":"0","Keywords":"0x8000000000000000","TimeCreated":{"@SystemTime":"2025-04-17 06:40:33.5605267"},"EventRecordID":"24703","Correlation":null,"Execution":{"@ProcessID":"3096","@ThreadID":"4472"},"Channel":"Microsoft-Windows-Sysmon/Operational","Computer":"Server002","Security":{"@UserID":"S-1-5-18"}},"EventData":{"Data":[{"@Name":"RuleName","#text":"-"},{"@Name":"UtcTime","#text":"2025-04-17 06:40:33.533"},{"@Name":"ProcessGuid","#text":"dbf410b3-a220-6800-7000-000000003d00"},{"@Name":"ProcessId","#text":"5784"},{"@Name":"Image","#text":"C:\Windows\System32\sppsvc.exe"},{"@Name":"User","#text":"NT AUTHORITY\NETWORK SERVICE"}]}}}
{"Event":{"System":{"Provider":{"@Name":"Microsoft-Windows-Sysmon","@Guid":"5770385f-c22a-43e0-bf4c-06f5698ffbd9"},"EventID":"5","Version":"3","Level":"4","Task":"5","Opcode":"0","Keywords":"0x8000000000000000","TimeCreated":{"@SystemTime":"2025-04-17 06:40:33.9976107"},"EventRecordID":"24704","Correlation":null,"Execution":{"@ProcessID":"3096","@ThreadID":"4472"},"Channel":"Microsoft-Windows-Sysmon/Operational","Computer":"Server002","Security":{"@UserID":"S-1-5-18"}},"EventData":{"Data":[{"@Name":"RuleName","#text":"-"},{"@Name":"UtcTime","#text":"2025-04-17 06:40:33.993"},{"@Name":"ProcessGuid","#text":"dbf410b3-a261-6800-a300-000000003d00"},{"@Name":"ProcessId","#text":"8960"},{"@Name":"Image","#text":"C:\Windows\System32\taskhostw.exe"},{"@Name":"User","#text":"SERVER002\lplui"}]}}}
{"Event":{"System":{"Provider":{"@Name":"Microsoft-Windows-Sysmon","@Guid":"5770385f-c22a-43e0-bf4c-06f5698ffbd9"},"EventID":"5","Version":"3","Level":"4","Task":"5","Opcode":"0","Keywords":"0x8000000000000000","TimeCreated":{"@SystemTime":"2025-04-17 06:40:38.6500034"},"EventRecordID":"24705","Correlation":null,"Execution":{"@ProcessID":"3096","@ThreadID":"4472"},"Channel":"Microsoft-Windows-Sysmon/Operational","Computer":"Server002","Security":{"@UserID":"S-1-5-18"}},"EventData":{"Data":[{"@Name":"RuleName","#text":"-"},{"@Name":"UtcTime","#text":"2025-04-17 06:40:38.645"},{"@Name":"ProcessGuid","#text":"dbf410b3-a24b-6800-a200-000000003d00"},{"@Name":"ProcessId","#text":"7116"},{"@Name":"Image","#text":"C:\Program Files (x86)\Microsoft Office\root\Office16\SDXHelper.exe"},{"@Name":"User","#text":"SERVER002\lplui"}]}}}
{"Event":{"System":{"Provider":{"@Name":"Microsoft-Windows-Sysmon","@Guid":"5770385f-c22a-43e0-bf4c-06f5698ffbd9"},"EventID":"5","Version":"3","Level":"4","Task":"5","Opcode":"0","Keywords":"0x8000000000000000","TimeCreated":{"@SystemTime":"2025-04-17 06:40:40.4966780"},"EventRecordID":"24706","Correlation":null,"Execution":{"@ProcessID":"3096","@ThreadID":"4472"},"Channel":"Microsoft-Windows-Sysmon/Operational","Computer":"Server002","Security":{"@UserID":"S-1-5-18"}},"EventData":{"Data":[{"@Name":"RuleName","#text":"-"},{"@Name":"UtcTime","#text":"2025-04-17 06:40:40.485"},{"@Name":"ProcessGuid","#text":"dbf410b3-a22c-6800-8900-000000003d00"},{"@Name":"ProcessId","#text":"6556"},{"@Name":"Image","#text":"C:\Windows\System32\svchost.exe"},{"@Name":"User","#text":"NT AUTHORITY\SYSTEM"}]}}}
{"Event":{"System":{"Provider":{"@Name":"Microsoft-Windows-Sysmon","@Guid":"5770385f-c22a-43e0-bf4c-06f5698ffbd9"},"EventID":"1","Version":"5","Level":"4","Task":"1","Opcode":"0","Keywords":"0x8000000000000000","TimeCreated":{"@SystemTime":"2025-04-17 06:40:47.9358688"},"EventRecordID":"24707","Correlation":null,"Execution":{"@ProcessID":"3096","@ThreadID":"4472"},"Channel":"Microsoft-Windows-Sysmon/Operational","Computer":"Server002","Security":{"@UserID":"S-1-5-18"}},"EventData":{"Data":[{"@Name":"RuleName","#text":"-"},{"@Name":"UtcTime","#text":"2025-04-17 06:40:47.927"},{"@Name":"ProcessGuid","#text":"dbf410b3-a26f-6800-a400-000000003d00"},{"@Name":"ProcessId","#text":"2476"},{"@Name":"Image","#text":"C:\Program Files (x86)\Microsoft\EdgeUpdate\MicrosoftEdgeUpdate.exe"},{"@Name":"FileVersion","#text":"1.3.147.37"},{"@Name":"Description","#text":"Microsoft Edge Update"},{"@Name":"Product","#text":"Microsoft Edge Update"},{"@Name":"Company","#text":"Microsoft Corporation"},{"@Name":"OriginalFileName","#text":"msedgeupdate.dll"},{"@Name":"CommandLine","#text":"\"C:\Program Files (x86)\Microsoft\EdgeUpdate\MicrosoftEdgeUpdate.exe\" /svc"},{"@Name":"CurrentDirectory","#text":"C:\Windows\system32\"},{"@Name":"User","#text":"NT AUTHORITY\SYSTEM"},{"@Name":"LogonGuid","#text":"dbf410b3-be2a-6800-e703-000000000000"},{"@Name":"LogonId","#text":"0x3E7"},{"@Name":"TerminalSessionId","#text":"0"},{"@Name":"IntegrityLevel","#text":"System"},{"@Name":"Hashes","#text":"SHA256=3096D8E82917A9B73F322F4B1743E52E9B0C8B3C5933A957E73E29D6973CDD5B"},{"@Name":"ParentProcessGuid","#text":"00000000-0000-0000-0000-000000000000"},{"@Name":"ParentProcessId","#text":"648"},{"@Name":"ParentImage","#text":"-"},{"@Name":"ParentCommandLine","#text":"-"},{"@Name":"ParentUser","#text":"-"}]}}}
{"Event":{"System":{"Provider":{"@Name":"Microsoft-Windows-Sysmon","@Guid":"5770385f-c22a-43e0-bf4c-06f5698ffbd9"},"EventID":"1","Version":"5","Level":"4","Task":"1","Opcode":"0","Keywords":"0x8000000000000000","TimeCreated":{"@SystemTime":"2025-04-17 06:40:48.2111355"},"EventRecordID":"24708","Correlation":null,"Execution":{"@ProcessID":"3096","@ThreadID":"4472"},"Channel":"Microsoft-Windows-Sysmon/Operational","Computer":"Server002","Security":{"@UserID":"S-1-5-18"}},"EventData":{"Data":[{"@Name":"RuleName","#text":"-"},{"@Name":"UtcTime","#text":"2025-04-17 06:40:48.174"},{"@Name":"ProcessGuid","#text":"dbf410b3-a270-6800-a500-000000003d00"},{"@Name":"ProcessId","#text":"4056"},{"@Name":"Image","#text":"C:\Windows\ImmersiveControlPanel\SystemSettings.exe"},{"@Name":"FileVersion","#text":"10.0.19041.5737 (WinBuild.160101.0800)"},{"@Name":"Description","#text":"Settings"},{"@Name":"Product","#text":"Microsoft® Windows® Operating System"},{"@Name":"Company","#text":"Microsoft Corporation"},{"@Name":"OriginalFileName","#text":"SystemSettings.exe"},{"@Name":"CommandLine","#text":"\"C:\Windows\ImmersiveControlPanel\SystemSettings.exe\" -ServerName:microsoft.windows.immersivecontrolpanel"},{"@Name":"CurrentDirectory","#text":"C:\Windows\ImmersiveControlPanel\"},{"@Name":"User","#text":"SERVER002\lplui"},{"@Name":"LogonGuid","#text":"dbf410b3-a213-6800-27dd-020000000000"},{"@Name":"LogonId","#text":"0x2DD27"},{"@Name":"TerminalSessionId","#text":"1"},{"@Name":"IntegrityLevel","#text":"Medium"},{"@Name":"Hashes","#text":"SHA256=378260DF043F31D4E187D8CAB5142AE8E4CF0C8E9C8B3A8E91FB0FE46A8B6F7D"},{"@Name":"ParentProcessGuid","#text":"00000000-0000-0000-0000-000000000000"},{"@Name":"ParentProcessId","#text":"764"},{"@Name":"ParentImage","#text":"-"},{"@Name":"ParentCommandLine","#text":"-"},{"@Name":"ParentUser","#text":"-"}]}}}
{"Event":{"System":{"Provider":{"@Name":"Microsoft-Windows-Sysmon","@Guid":"5770385f-c22a-43e0-bf4c-06f5698ffbd9"},"EventID":"1","Version":"5","Level":"4","Task":"1","Opcode":"0","Keywords":"0x8000000000000000","TimeCreated":{"@SystemTime":"2025-04-17 06:40:48.2114350"},"EventRecordID":"24709","Correlation":null,"Execution":{"@ProcessID":"3096","@ThreadID":"4472"},"Channel":"Microsoft-Windows-Sysmon/Operational","Computer":"Server002","Security":{"@UserID":"S-1-5-18"}},"EventData":{"Data":[{"@Name":"RuleName","#text":"-"},{"@Name":"UtcTime","#text":"2025-04-17 06:40:48.179"},{"@Name":"ProcessGuid","#text":"dbf410b3-a270-6800-a600-000000003d00"},{"@Name":"ProcessId","#text":"8864"},{"@Name":"Image","#text":"C:\Windows\System32\ApplicationFrameHost.exe"},{"@Name":"FileVersion","#text":"10.0.19041.4355 (WinBuild.160101.0800)"},{"@Name":"Description","#text":"Application Frame Host"},{"@Name":"Product","#text":"Microsoft® Windows® Operating System"},{"@Name":"Company","#text":"Microsoft Corporation"},{"@Name":"OriginalFileName","#text":"ApplicationFrameHost.exe"},{"@Name":"CommandLine","#text":"C:\Windows\system32\ApplicationFrameHost.exe -Embedding"},{"@Name":"CurrentDirectory","#text":"C:\Windows\system32\"},{"@Name":"User","#text":"SERVER002\lplui"},{"@Name":"LogonGuid","#text":"dbf410b3-a213-6800-27dd-020000000000"},{"@Name":"LogonId","#text":"0x2DD27"},{"@Name":"TerminalSessionId","#text":"1"},{"@Name":"IntegrityLevel","#text":"Medium"},{"@Name":"Hashes","#text":"SHA256=67077124E4A881DBA9E4C6E65C8BB45D5AB14A429959F935F933F5824596E463"},{"@Name":"ParentProcessGuid","#text":"00000000-0000-0000-0000-000000000000"},{"@Name":"ParentProcessId","#text":"764"},{"@Name":"ParentImage","#text":"-"},{"@Name":"ParentCommandLine","#text":"-"},{"@Name":"ParentUser","#text":"-"}]}}}
{"Event":{"System":{"Provider":{"@Name":"Microsoft-Windows-Sysmon","@Guid":"5770385f-c22a-43e0-bf4c-06f5698ffbd9"},"EventID":"1","Version":"5","Level":"4","Task":"1","Opcode":"0","Keywords":"0x8000000000000000","TimeCreated":{"@SystemTime":"2025-04-17 06:40:49.2455029"},"EventRecordID":"24710","Correlation":null,"Execution":{"@ProcessID":"3096","@ThreadID":"4472"},"Channel":"Microsoft-Windows-Sysmon/Operational","Computer":"Server002","Security":{"@UserID":"S-1-5-18"}},"EventData":{"Data":[{"@Name":"RuleName","#text":"-"},{"@Name":"UtcTime","#text":"2025-04-17 06:40:49.235"},{"@Name":"ProcessGuid","#text":"dbf410b3-a271-6800-a700-000000003d00"},{"@Name":"ProcessId","#text":"3244"},{"@Name":"Image","#text":"C:\Program Files (x86)\Microsoft\EdgeUpdate\MicrosoftEdgeUpdate.exe"},{"@Name":"FileVersion","#text":"1.3.147.37"},{"@Name":"Description","#text":"Microsoft Edge Update"},{"@Name":"Product","#text":"Microsoft Edge Update"},{"@Name":"Company","#text":"Microsoft Corporation"},{"@Name":"OriginalFileName","#text":"msedgeupdate.dll"},{"@Name":"CommandLine","#text":"\"C:\Program Files (x86)\Microsoft\EdgeUpdate\MicrosoftEdgeUpdate.exe\" /ping PD94bWwgdmVyc2lvbj0iMS4wIiBlbmNvZGluZz0iVVRGLTgiPz48cmVxdWVzdCBwcm90b2NvbD0iMy4wIiB1cGRhdGVyPSJPbWFoYSIgdXBkYXRlcnZlcnNpb249IjEuMy4xOTUuNDkiIHNoZWxsX3ZlcnNpb249IjEuMy4xNDcuMzciIGlzbWFjaGluZT0iMSIgc2Vzc2lvbmlkPSJ7RUE2REJFN0EtMTRBNC00RUQ2LUE2QkQtNDkxQURFQUI0MzVFfSIgdXNlcmlkPSJ7REVBM0RCMzktMkE4Ri00QjE4LTlDOEUtQjU0MjBCNjFEN0ExfSIgaW5zdGFsbHNvdXJjZT0iY29yZSIgcmVxdWVzdGlkPSJ7QTYwMTJCNzEtRUU0OS00QkJELThENUMtOEM2QzJGNUExMTJCfSIgZGVkdXA9ImNyIiBkb21haW5qb2luZWQ9IjAiPjxodyBsb2dpY2FsX2NwdXM9IjIiIHBoeXNtZW1vcnk9IjQiIGRpc2tfdHlwZT0iMSIgc3NlPSIxIiBzc2UyPSIxIiBzc2UzPSIxIiBzc3NlMz0iMSIgc3NlNDE9IjEiIHNzZTQyPSIxIiBhdng9IjAiLz48b3MgcGxhdGZvcm09IndpbiIgdmVyc2lvbj0iMTAuMC4xOTA0NS41NzM3IiBzcD0iIiBhcmNoPSJ4NjQiIHByb2R1Y3RfdHlwZT0iMTAxIiBpc193aXA9IjAiIGlzX2luX2xvY2tkb3duX21vZGU9IjAiLz48b2VtIHByb2R1Y3RfbWFudWZhY3R1cmVyPSJpbm5vdGVrIEdtYkgiIHByb2R1Y3RfbmFtZT0iVmlydHVhbEJveCIvPjxleHAgZXRhZz0iJnF1b3Q7cjQ1MnQxK2syVGdxL0hYemp2Rk5CUmhvcEJXUjlzYmpYeHFlVURIOXVYMD0mcXVvdDsiLz48YXBwIGFwcGlkPSJ7RjNDNEZFMDAtRUZENS00MDNCLTk1NjktMzk4QTIwRjFCQTRBfSIgdmVyc2lvbj0iMS4zLjE5NS40OSIgbmV4dHZlcnNpb249IiIgbGFuZz0iIiBicmFuZD0iSU5CWCIgY2xpZW50PSIiIGV4cGVyaW1lbnRzPSJJc09uSW50ZXJ2YWxDb21tYW5kc0FsbG93ZWQ9JTVCJTIyLXRhcmdldF9kZXYlMjAtbWluX2Jyb3dzZXJfdmVyc2lvbl9jYW5hcnlfZGV2JTIwMTMxLjAuMjg3MS4wJTIyJTVEIiBpbnN0YWxsYWdlPSIyOTMiIGNvaG9ydD0icnJmQDAuMTMiPjx1cGRhdGVjaGVjay8-PHBpbmcgcj0iMSIgcmQ9IjY2ODAiIHBpbmdfZnJlc2huZXNzPSJ7MEM2RUVBODktRUI2RS00MUU1LTkzNUEtQjQyMTJCMjRGRDc1fSIvPjwvYXBwPjxhcHAgYXBwaWQ9Ins1NkVCMThGOC1CMDA4LTRDQkQtQjZEMi04Qzk3RkU3RTkwNjJ9IiB2ZXJzaW9uPSIxMzUuMC4zMTc5LjczIiBuZXh0dmVyc2lvbj0iIiBsYW5nPSIiIGJyYW5kPSJJTkJYIiBjbGllbnQ9IiIgZXhwZXJpbWVudHM9ImNvbnNlbnQ9ZmFsc2UiIGluc3RhbGxhZ2U9IjI5MyIgY29ob3J0PSJycmZAMC42MCIgb29iZV9pbnN0YWxsX3RpbWU9IjEzMzYzOTcxODYwNzE3NTkwMCIgdXBkYXRlX2NvdW50PSI2IiBpc19waW5uZWRfc3lzdGVtPSJ0cnVlIiBsYXN0X2xhdW5jaF9jb3VudD0iMSIgbGFzdF9sYXVuY2hfdGltZT0iMTMzODkzMTAzMTg0Njg0MzYwIiBmaXJzdF9mcmVfc2Vlbl90aW1lPSIxMzM2Mzk3Mjk3ODEyMTU2NTAiIGZpcnN0X2ZyZV9zZWVuX3ZlcnNpb249IjEyNi4wLjI1OTIuNjgiPjx1cGRhdGVjaGVjay8-PHBpbmcgYWN0aXZlPSIxIiBhPSIxIiByPSIxIiBhZD0iNjY4MCIgcmQ9IjY2ODAiIHBpbmdfZnJlc2huZXNzPSJ7N0NFQTdFODktMTAzRC00NkIyLUFFRDktRkE4NkU0QjAyMDdDfSIvPjwvYXBwPjxhcHAgYXBwaWQ9IntGMzAxNzIyNi1GRTJBLTQyOTUtOEJERi0wMEMzQTlBN0U0QzV9IiB2ZXJzaW9uPSIxMzUuMC4zMTc5LjczIiBuZXh0dmVyc2lvbj0iIiBsYW5nPSIiIGJyYW5kPSJFVVdWIiBjbGllbnQ9IiIgZXhwZXJpbWVudHM9ImNvbnNlbnQ9ZmFsc2UiIGluc3RhbGxhZ2U9IjI5MyIgaW5zdGFsbGRhdGU9IjYzODQiIGNvaG9ydD0icnJmQDAuMzIiIHVwZGF0ZV9jb3VudD0iNiIgbGFzdF9sYXVuY2hfY291bnQ9IjEiIGxhc3RfbGF1bmNoX3RpbWU9IjEzMzg5MzA4MjcyMDE5MDMwMCI-PHVwZGF0ZWNoZWNrLz48cGluZyBhY3RpdmU9IjEiIGE9IjIwNiIgcj0iMSIgYWQ9IjY0NzUiIHJkPSI2NjgwIiBwaW5nX2ZyZXNobmVzcz0ie0U3QzgyQkU3LTZBRDctNDYyRC1COEZBLUE5RDAxNUYxMEJDM30iLz48L2FwcD48L3JlcXVlc3Q-"},{"@Name":"CurrentDirectory","#text":"C:\Program Files (x86)\Microsoft\EdgeUpdate\1.3.195.49\"},{"@Name":"User","#text":"NT AUTHORITY\SYSTEM"},{"@Name":"LogonGuid","#text":"dbf410b3-be2a-6800-e703-000000000000"},{"@Name":"LogonId","#text":"0x3E7"},{"@Name":"TerminalSessionId","#text":"0"},{"@Name":"IntegrityLevel","#text":"System"},{"@Name":"Hashes","#text":"SHA256=3096D8E82917A9B73F322F4B1743E52E9B0C8B3C5933A957E73E29D6973CDD5B"},{"@Name":"ParentProcessGuid","#text":"dbf410b3-a26f-6800-a400-000000003d00"},{"@Name":"ParentProcessId","#text":"2476"},{"@Name":"ParentImage","#text":"C:\Program Files (x86)\Microsoft\EdgeUpdate\MicrosoftEdgeUpdate.exe"},{"@Name":"ParentCommandLine","#text":"\"C:\Program Files (x86)\Microsoft\EdgeUpdate\MicrosoftEdgeUpdate.exe\" /svc"},{"@Name":"ParentUser","#text":"NT AUTHORITY\SYSTEM"}]}}}
{"Event":{"System":{"Provider":{"@Name":"Microsoft-Windows-Sysmon","@Guid":"5770385f-c22a-43e0-bf4c-06f5698ffbd9"},"EventID":"5","Version":"3","Level":"4","Task":"5","Opcode":"0","Keywords":"0x8000000000000000","TimeCreated":{"@SystemTime":"2025-04-17 06:40:49.4132832"},"EventRecordID":"24711","Correlation":null,"Execution":{"@ProcessID":"3096","@ThreadID":"4472"},"Channel":"Microsoft-Windows-Sysmon/Operational","Computer":"Server002","Security":{"@UserID":"S-1-5-18"}},"EventData":{"Data":[{"@Name":"RuleName","#text":"-"},{"@Name":"UtcTime","#text":"2025-04-17 06:40:49.409"},{"@Name":"ProcessGuid","#text":"dbf410b3-a220-6800-7300-000000003d00"},{"@Name":"ProcessId","#text":"5944"},{"@Name":"Image","#text":"C:\Program Files (x86)\Microsoft\EdgeUpdate\MicrosoftEdgeUpdate.exe"},{"@Name":"User","#text":"NT AUTHORITY\SYSTEM"}]}}}
{"Event":{"System":{"Provider":{"@Name":"Microsoft-Windows-Sysmon","@Guid":"5770385f-c22a-43e0-bf4c-06f5698ffbd9"},"EventID":"1","Version":"5","Level":"4","Task":"1","Opcode":"0","Keywords":"0x8000000000000000","TimeCreated":{"@SystemTime":"2025-04-17 06:40:49.6223584"},"EventRecordID":"24712","Correlation":null,"Execution":{"@ProcessID":"3096","@ThreadID":"4472"},"Channel":"Microsoft-Windows-Sysmon/Operational","Computer":"Server002","Security":{"@UserID":"S-1-5-18"}},"EventData":{"Data":[{"@Name":"RuleName","#text":"-"},{"@Name":"UtcTime","#text":"2025-04-17 06:40:49.617"},{"@Name":"ProcessGuid","#text":"dbf410b3-a271-6800-a800-000000003d00"},{"@Name":"ProcessId","#text":"3872"},{"@Name":"Image","#text":"C:\Program Files\Microsoft OneDrive\25.056.0324.0003\FileCoAuth.exe"},{"@Name":"FileVersion","#text":"25.056.0324.0003"},{"@Name":"Description","#text":"Microsoft OneDriveFile Co-Authoring Executable"},{"@Name":"Product","#text":"Microsoft OneDrive"},{"@Name":"Company","#text":"Microsoft Corporation"},{"@Name":"OriginalFileName","#text":"FileCoAuth.exe"},{"@Name":"CommandLine","#text":"\"C:\Program Files\Microsoft OneDrive\25.056.0324.0003\FileCoAuth.exe\" -Embedding"},{"@Name":"CurrentDirectory","#text":"C:\Windows\system32\"},{"@Name":"User","#text":"SERVER002\lplui"},{"@Name":"LogonGuid","#text":"dbf410b3-a213-6800-27dd-020000000000"},{"@Name":"LogonId","#text":"0x2DD27"},{"@Name":"TerminalSessionId","#text":"1"},{"@Name":"IntegrityLevel","#text":"Medium"},{"@Name":"Hashes","#text":"SHA256=01F5B2DA53636896A67EDDBCD399789A5C0952D727775B1133287E6883DEDFD5"},{"@Name":"ParentProcessGuid","#text":"00000000-0000-0000-0000-000000000000"},{"@Name":"ParentProcessId","#text":"764"},{"@Name":"ParentImage","#text":"-"},{"@Name":"ParentCommandLine","#text":"-"},{"@Name":"ParentUser","#text":"-"}]}}}
{"Event":{"System":{"Provider":{"@Name":"Microsoft-Windows-Sysmon","@Guid":"5770385f-c22a-43e0-bf4c-06f5698ffbd9"},"EventID":"5","Version":"3","Level":"4","Task":"5","Opcode":"0","Keywords":"0x8000000000000000","TimeCreated":{"@SystemTime":"2025-04-17 06:40:49.6982443"},"EventRecordID":"24713","Correlation":null,"Execution":{"@ProcessID":"3096","@ThreadID":"4472"},"Channel":"Microsoft-Windows-Sysmon/Operational","Computer":"Server002","Security":{"@UserID":"S-1-5-18"}},"EventData":{"Data":[{"@Name":"RuleName","#text":"-"},{"@Name":"UtcTime","#text":"2025-04-17 06:40:49.690"},{"@Name":"ProcessGuid","#text":"dbf410b3-a271-6800-a700-000000003d00"},{"@Name":"ProcessId","#text":"3244"},{"@Name":"Image","#text":"C:\Program Files (x86)\Microsoft\EdgeUpdate\MicrosoftEdgeUpdate.exe"},{"@Name":"User","#text":"NT AUTHORITY\SYSTEM"}]}}}
{"Event":{"System":{"Provider":{"@Name":"Microsoft-Windows-Sysmon","@Guid":"5770385f-c22a-43e0-bf4c-06f5698ffbd9"},"EventID":"5","Version":"3","Level":"4","Task":"5","Opcode":"0","Keywords":"0x8000000000000000","TimeCreated":{"@SystemTime":"2025-04-17 06:40:49.7117226"},"EventRecordID":"24714","Correlation":null,"Execution":{"@ProcessID":"3096","@ThreadID":"4472"},"Channel":"Microsoft-Windows-Sysmon/Operational","Computer":"Server002","Security":{"@UserID":"S-1-5-18"}},"EventData":{"Data":[{"@Name":"RuleName","#text":"-"},{"@Name":"UtcTime","#text":"2025-04-17 06:40:49.690"},{"@Name":"ProcessGuid","#text":"dbf410b3-a26f-6800-a400-000000003d00"},{"@Name":"ProcessId","#text":"2476"},{"@Name":"Image","#text":"C:\Program Files (x86)\Microsoft\EdgeUpdate\MicrosoftEdgeUpdate.exe"},{"@Name":"User","#text":"NT AUTHORITY\SYSTEM"}]}}}
{"Event":{"System":{"Provider":{"@Name":"Microsoft-Windows-Sysmon","@Guid":"5770385f-c22a-43e0-bf4c-06f5698ffbd9"},"EventID":"5","Version":"3","Level":"4","Task":"5","Opcode":"0","Keywords":"0x8000000000000000","TimeCreated":{"@SystemTime":"2025-04-17 06:40:55.8655507"},"EventRecordID":"24715","Correlation":null,"Execution":{"@ProcessID":"3096","@ThreadID":"4472"},"Channel":"Microsoft-Windows-Sysmon/Operational","Computer":"Server002","Security":{"@UserID":"S-1-5-18"}},"EventData":{"Data":[{"@Name":"RuleName","#text":"-"},{"@Name":"UtcTime","#text":"2025-04-17 06:40:55.860"},{"@Name":"ProcessGuid","#text":"dbf410b3-a271-6800-a800-000000003d00"},{"@Name":"ProcessId","#text":"3872"},{"@Name":"Image","#text":"C:\Program Files\Microsoft OneDrive\25.056.0324.0003\FileCoAuth.exe"},{"@Name":"User","#text":"SERVER002\lplui"}]}}}
{"Event":{"System":{"Provider":{"@Name":"Microsoft-Windows-Sysmon","@Guid":"5770385f-c22a-43e0-bf4c-06f5698ffbd9"},"EventID":"1","Version":"5","Level":"4","Task":"1","Opcode":"0","Keywords":"0x8000000000000000","TimeCreated":{"@SystemTime":"2025-04-17 06:41:14.3800714"},"EventRecordID":"24716","Correlation":null,"Execution":{"@ProcessID":"3096","@ThreadID":"4472"},"Channel":"Microsoft-Windows-Sysmon/Operational","Computer":"Server002","Security":{"@UserID":"S-1-5-18"}},"EventData":{"Data":[{"@Name":"RuleName","#text":"-"},{"@Name":"UtcTime","#text":"2025-04-17 06:41:14.373"},{"@Name":"ProcessGuid","#text":"dbf410b3-a28a-6800-a900-000000003d00"},{"@Name":"ProcessId","#text":"4556"},{"@Name":"Image","#text":"C:\Windows\System32\svchost.exe"},{"@Name":"FileVersion","#text":"10.0.19041.4355 (WinBuild.160101.0800)"},{"@Name":"Description","#text":"Host Process for Windows Services"},{"@Name":"Product","#text":"Microsoft® Windows® Operating System"},{"@Name":"Company","#text":"Microsoft Corporation"},{"@Name":"OriginalFileName","#text":"svchost.exe"},{"@Name":"CommandLine","#text":"C:\Windows\System32\svchost.exe -k netsvcs -p -s BITS"},{"@Name":"CurrentDirectory","#text":"C:\Windows\system32\"},{"@Name":"User","#text":"NT AUTHORITY\SYSTEM"},{"@Name":"LogonGuid","#text":"dbf410b3-be2a-6800-e703-000000000000"},{"@Name":"LogonId","#text":"0x3E7"},{"@Name":"TerminalSessionId","#text":"0"},{"@Name":"IntegrityLevel","#text":"System"},{"@Name":"Hashes","#text":"SHA256=6FC3BF1FDFD76860BE782554F8D25BD32F108DB934D70F4253F1E5F23522E503"},{"@Name":"ParentProcessGuid","#text":"00000000-0000-0000-0000-000000000000"},{"@Name":"ParentProcessId","#text":"648"},{"@Name":"ParentImage","#text":"-"},{"@Name":"ParentCommandLine","#text":"-"},{"@Name":"ParentUser","#text":"-"}]}}}
{"Event":{"System":{"Provider":{"@Name":"Microsoft-Windows-Sysmon","@Guid":"5770385f-c22a-43e0-bf4c-06f5698ffbd9"},"EventID":"1","Version":"5","Level":"4","Task":"1","Opcode":"0","Keywords":"0x8000000000000000","TimeCreated":{"@SystemTime":"2025-04-17 06:41:14.7190531"},"EventRecordID":"24717","Correlation":null,"Execution":{"@ProcessID":"3096","@ThreadID":"4472"},"Channel":"Microsoft-Windows-Sysmon/Operational","Computer":"Server002","Security":{"@UserID":"S-1-5-18"}},"EventData":{"Data":[{"@Name":"RuleName","#text":"-"},{"@Name":"UtcTime","#text":"2025-04-17 06:41:14.712"},{"@Name":"ProcessGuid","#text":"dbf410b3-a28a-6800-aa00-000000003d00"},{"@Name":"ProcessId","#text":"8036"},{"@Name":"Image","#text":"C:\Program Files (x86)\BraveSoftware\Update\BraveUpdate.exe"},{"@Name":"FileVersion","#text":"1.3.361.151"},{"@Name":"Description","#text":"BraveSoftware Update"},{"@Name":"Product","#text":"BraveSoftware Update"},{"@Name":"Company","#text":"BraveSoftware Inc."},{"@Name":"OriginalFileName","#text":"BraveUpdate.exe"},{"@Name":"CommandLine","#text":"\"C:\Program Files (x86)\BraveSoftware\Update\BraveUpdate.exe\" /svc"},{"@Name":"CurrentDirectory","#text":"C:\Windows\system32\"},{"@Name":"User","#text":"NT AUTHORITY\SYSTEM"},{"@Name":"LogonGuid","#text":"dbf410b3-be2a-6800-e703-000000000000"},{"@Name":"LogonId","#text":"0x3E7"},{"@Name":"TerminalSessionId","#text":"0"},{"@Name":"IntegrityLevel","#text":"System"},{"@Name":"Hashes","#text":"SHA256=3BE579BF1AC4C97EF571F022FF123E212CC5F1CA1575BF656C2E4C5A637B99DE"},{"@Name":"ParentProcessGuid","#text":"00000000-0000-0000-0000-000000000000"},{"@Name":"ParentProcessId","#text":"648"},{"@Name":"ParentImage","#text":"-"},{"@Name":"ParentCommandLine","#text":"-"},{"@Name":"ParentUser","#text":"-"}]}}}
{"Event":{"System":{"Provider":{"@Name":"Microsoft-Windows-Sysmon","@Guid":"5770385f-c22a-43e0-bf4c-06f5698ffbd9"},"EventID":"1","Version":"5","Level":"4","Task":"1","Opcode":"0","Keywords":"0x8000000000000000","TimeCreated":{"@SystemTime":"2025-04-17 06:41:14.8829332"},"EventRecordID":"24718","Correlation":null,"Execution":{"@ProcessID":"3096","@ThreadID":"4472"},"Channel":"Microsoft-Windows-Sysmon/Operational","Computer":"Server002","Security":{"@UserID":"S-1-5-18"}},"EventData":{"Data":[{"@Name":"RuleName","#text":"-"},{"@Name":"UtcTime","#text":"2025-04-17 06:41:14.876"},{"@Name":"ProcessGuid","#text":"dbf410b3-a28a-6800-ab00-000000003d00"},{"@Name":"ProcessId","#text":"8004"},{"@Name":"Image","#text":"C:\Program Files (x86)\BraveSoftware\Update\BraveUpdate.exe"},{"@Name":"FileVersion","#text":"1.3.361.151"},{"@Name":"Description","#text":"BraveSoftware Update"},{"@Name":"Product","#text":"BraveSoftware Update"},{"@Name":"Company","#text":"BraveSoftware Inc."},{"@Name":"OriginalFileName","#text":"BraveUpdate.exe"},{"@Name":"CommandLine","#text":"\"C:\Program Files (x86)\BraveSoftware\Update\BraveUpdate.exe\" /c"},{"@Name":"CurrentDirectory","#text":"C:\Program Files (x86)\BraveSoftware\Update\1.3.361.151\"},{"@Name":"User","#text":"NT AUTHORITY\SYSTEM"},{"@Name":"LogonGuid","#text":"dbf410b3-be2a-6800-e703-000000000000"},{"@Name":"LogonId","#text":"0x3E7"},{"@Name":"TerminalSessionId","#text":"0"},{"@Name":"IntegrityLevel","#text":"System"},{"@Name":"Hashes","#text":"SHA256=3BE579BF1AC4C97EF571F022FF123E212CC5F1CA1575BF656C2E4C5A637B99DE"},{"@Name":"ParentProcessGuid","#text":"dbf410b3-a28a-6800-aa00-000000003d00"},{"@Name":"ParentProcessId","#text":"8036"},{"@Name":"ParentImage","#text":"C:\Program Files (x86)\BraveSoftware\Update\BraveUpdate.exe"},{"@Name":"ParentCommandLine","#text":"\"C:\Program Files (x86)\BraveSoftware\Update\BraveUpdate.exe\" /svc"},{"@Name":"ParentUser","#text":"NT AUTHORITY\SYSTEM"}]}}}
{"Event":{"System":{"Provider":{"@Name":"Microsoft-Windows-Sysmon","@Guid":"5770385f-c22a-43e0-bf4c-06f5698ffbd9"},"EventID":"5","Version":"3","Level":"4","Task":"5","Opcode":"0","Keywords":"0x8000000000000000","TimeCreated":{"@SystemTime":"2025-04-17 06:41:14.9042582"},"EventRecordID":"24719","Correlation":null,"Execution":{"@ProcessID":"3096","@ThreadID":"4472"},"Channel":"Microsoft-Windows-Sysmon/Operational","Computer":"Server002","Security":{"@UserID":"S-1-5-18"}},"EventData":{"Data":[{"@Name":"RuleName","#text":"-"},{"@Name":"UtcTime","#text":"2025-04-17 06:41:14.893"},{"@Name":"ProcessGuid","#text":"dbf410b3-a28a-6800-aa00-000000003d00"},{"@Name":"ProcessId","#text":"8036"},{"@Name":"Image","#text":"C:\Program Files (x86)\BraveSoftware\Update\BraveUpdate.exe"},{"@Name":"User","#text":"NT AUTHORITY\SYSTEM"}]}}}
{"Event":{"System":{"Provider":{"@Name":"Microsoft-Windows-Sysmon","@Guid":"5770385f-c22a-43e0-bf4c-06f5698ffbd9"},"EventID":"1","Version":"5","Level":"4","Task":"1","Opcode":"0","Keywords":"0x8000000000000000","TimeCreated":{"@SystemTime":"2025-04-17 06:41:14.9535948"},"EventRecordID":"24720","Correlation":null,"Execution":{"@ProcessID":"3096","@ThreadID":"4472"},"Channel":"Microsoft-Windows-Sysmon/Operational","Computer":"Server002","Security":{"@UserID":"S-1-5-18"}},"EventData":{"Data":[{"@Name":"RuleName","#text":"-"},{"@Name":"UtcTime","#text":"2025-04-17 06:41:14.944"},{"@Name":"ProcessGuid","#text":"dbf410b3-a28a-6800-ac00-000000003d00"},{"@Name":"ProcessId","#text":"5260"},{"@Name":"Image","#text":"C:\Program Files (x86)\Microsoft\EdgeUpdate\MicrosoftEdgeUpdate.exe"},{"@Name":"FileVersion","#text":"1.3.147.37"},{"@Name":"Description","#text":"Microsoft Edge Update"},{"@Name":"Product","#text":"Microsoft Edge Update"},{"@Name":"Company","#text":"Microsoft Corporation"},{"@Name":"OriginalFileName","#text":"msedgeupdate.dll"},{"@Name":"CommandLine","#text":"\"C:\Program Files (x86)\Microsoft\EdgeUpdate\MicrosoftEdgeUpdate.exe\" /svc"},{"@Name":"CurrentDirectory","#text":"C:\Windows\system32\"},{"@Name":"User","#text":"NT AUTHORITY\SYSTEM"},{"@Name":"LogonGuid","#text":"dbf410b3-be2a-6800-e703-000000000000"},{"@Name":"LogonId","#text":"0x3E7"},{"@Name":"TerminalSessionId","#text":"0"},{"@Name":"IntegrityLevel","#text":"System"},{"@Name":"Hashes","#text":"SHA256=3096D8E82917A9B73F322F4B1743E52E9B0C8B3C5933A957E73E29D6973CDD5B"},{"@Name":"ParentProcessGuid","#text":"00000000-0000-0000-0000-000000000000"},{"@Name":"ParentProcessId","#text":"648"},{"@Name":"ParentImage","#text":"-"},{"@Name":"ParentCommandLine","#text":"-"},{"@Name":"ParentUser","#text":"-"}]}}}
{"Event":{"System":{"Provider":{"@Name":"Microsoft-Windows-Sysmon","@Guid":"5770385f-c22a-43e0-bf4c-06f5698ffbd9"},"EventID":"1","Version":"5","Level":"4","Task":"1","Opcode":"0","Keywords":"0x8000000000000000","TimeCreated":{"@SystemTime":"2025-04-17 06:41:15.0431406"},"EventRecordID":"24721","Correlation":null,"Execution":{"@ProcessID":"3096","@ThreadID":"4472"},"Channel":"Microsoft-Windows-Sysmon/Operational","Computer":"Server002","Security":{"@UserID":"S-1-5-18"}},"EventData":{"Data":[{"@Name":"RuleName","#text":"-"},{"@Name":"UtcTime","#text":"2025-04-17 06:41:15.038"},{"@Name":"ProcessGuid","#text":"dbf410b3-a28b-6800-ad00-000000003d00"},{"@Name":"ProcessId","#text":"5456"},{"@Name":"Image","#text":"C:\Program Files (x86)\Microsoft\EdgeUpdate\MicrosoftEdgeUpdate.exe"},{"@Name":"FileVersion","#text":"1.3.147.37"},{"@Name":"Description","#text":"Microsoft Edge Update"},{"@Name":"Product","#text":"Microsoft Edge Update"},{"@Name":"Company","#text":"Microsoft Corporation"},{"@Name":"OriginalFileName","#text":"msedgeupdate.dll"},{"@Name":"CommandLine","#text":"\"C:\Program Files (x86)\Microsoft\EdgeUpdate\MicrosoftEdgeUpdate.exe\" /c"},{"@Name":"CurrentDirectory","#text":"C:\Program Files (x86)\Microsoft\EdgeUpdate\1.3.195.49\"},{"@Name":"User","#text":"NT AUTHORITY\SYSTEM"},{"@Name":"LogonGuid","#text":"dbf410b3-be2a-6800-e703-000000000000"},{"@Name":"LogonId","#text":"0x3E7"},{"@Name":"TerminalSessionId","#text":"0"},{"@Name":"IntegrityLevel","#text":"System"},{"@Name":"Hashes","#text":"SHA256=3096D8E82917A9B73F322F4B1743E52E9B0C8B3C5933A957E73E29D6973CDD5B"},{"@Name":"ParentProcessGuid","#text":"dbf410b3-a28a-6800-ac00-000000003d00"},{"@Name":"ParentProcessId","#text":"5260"},{"@Name":"ParentImage","#text":"C:\Program Files (x86)\Microsoft\EdgeUpdate\MicrosoftEdgeUpdate.exe"},{"@Name":"ParentCommandLine","#text":"\"C:\Program Files (x86)\Microsoft\EdgeUpdate\MicrosoftEdgeUpdate.exe\" /svc"},{"@Name":"ParentUser","#text":"NT AUTHORITY\SYSTEM"}]}}}
{"Event":{"System":{"Provider":{"@Name":"Microsoft-Windows-Sysmon","@Guid":"5770385f-c22a-43e0-bf4c-06f5698ffbd9"},"EventID":"5","Version":"3","Level":"4","Task":"5","Opcode":"0","Keywords":"0x8000000000000000","TimeCreated":{"@SystemTime":"2025-04-17 06:41:15.0633291"},"EventRecordID":"24722","Correlation":null,"Execution":{"@ProcessID":"3096","@ThreadID":"4472"},"Channel":"Microsoft-Windows-Sysmon/Operational","Computer":"Server002","Security":{"@UserID":"S-1-5-18"}},"EventData":{"Data":[{"@Name":"RuleName","#text":"-"},{"@Name":"UtcTime","#text":"2025-04-17 06:41:15.049"},{"@Name":"ProcessGuid","#text":"dbf410b3-a28a-6800-ac00-000000003d00"},{"@Name":"ProcessId","#text":"5260"},{"@Name":"Image","#text":"C:\Program Files (x86)\Microsoft\EdgeUpdate\MicrosoftEdgeUpdate.exe"},{"@Name":"User","#text":"NT AUTHORITY\SYSTEM"}]}}}
{"Event":{"System":{"Provider":{"@Name":"Microsoft-Windows-Sysmon","@Guid":"5770385f-c22a-43e0-bf4c-06f5698ffbd9"},"EventID":"1","Version":"5","Level":"4","Task":"1","Opcode":"0","Keywords":"0x8000000000000000","TimeCreated":{"@SystemTime":"2025-04-17 06:41:15.0988884"},"EventRecordID":"24723","Correlation":null,"Execution":{"@ProcessID":"3096","@ThreadID":"4472"},"Channel":"Microsoft-Windows-Sysmon/Operational","Computer":"Server002","Security":{"@UserID":"S-1-5-18"}},"EventData":{"Data":[{"@Name":"RuleName","#text":"-"},{"@Name":"UtcTime","#text":"2025-04-17 06:41:15.090"},{"@Name":"ProcessGuid","#text":"dbf410b3-a28b-6800-ae00-000000003d00"},{"@Name":"ProcessId","#text":"5572"},{"@Name":"Image","#text":"C:\Program Files (x86)\BraveSoftware\Update\1.3.361.151\BraveCrashHandler.exe"},{"@Name":"FileVersion","#text":"1.3.361.151"},{"@Name":"Description","#text":"BraveSoftware Update"},{"@Name":"Product","#text":"BraveSoftware Update"},{"@Name":"Company","#text":"BraveSoftware Inc."},{"@Name":"OriginalFileName","#text":"BraveUpdate.exe"},{"@Name":"CommandLine","#text":"\"C:\Program Files (x86)\BraveSoftware\Update\1.3.361.151\BraveCrashHandler.exe\""},{"@Name":"CurrentDirectory","#text":"C:\Program Files (x86)\BraveSoftware\Update\1.3.361.151\"},{"@Name":"User","#text":"NT AUTHORITY\SYSTEM"},{"@Name":"LogonGuid","#text":"dbf410b3-be2a-6800-e703-000000000000"},{"@Name":"LogonId","#text":"0x3E7"},{"@Name":"TerminalSessionId","#text":"0"},{"@Name":"IntegrityLevel","#text":"System"},{"@Name":"Hashes","#text":"SHA256=546EB4102D9835E0E8B836BBD0E1382FD72E61C96ED323134A4E2B877A7A67A1"},{"@Name":"ParentProcessGuid","#text":"dbf410b3-a28a-6800-ab00-000000003d00"},{"@Name":"ParentProcessId","#text":"8004"},{"@Name":"ParentImage","#text":"C:\Program Files (x86)\BraveSoftware\Update\BraveUpdate.exe"},{"@Name":"ParentCommandLine","#text":"\"C:\Program Files (x86)\BraveSoftware\Update\BraveUpdate.exe\" /c"},{"@Name":"ParentUser","#text":"NT AUTHORITY\SYSTEM"}]}}}
{"Event":{"System":{"Provider":{"@Name":"Microsoft-Windows-Sysmon","@Guid":"5770385f-c22a-43e0-bf4c-06f5698ffbd9"},"EventID":"5","Version":"3","Level":"4","Task":"5","Opcode":"0","Keywords":"0x8000000000000000","TimeCreated":{"@SystemTime":"2025-04-17 06:41:15.1194319"},"EventRecordID":"24724","Correlation":null,"Execution":{"@ProcessID":"3096","@ThreadID":"4472"},"Channel":"Microsoft-Windows-Sysmon/Operational","Computer":"Server002","Security":{"@UserID":"S-1-5-18"}},"EventData":{"Data":[{"@Name":"RuleName","#text":"-"},{"@Name":"UtcTime","#text":"2025-04-17 06:41:15.098"},{"@Name":"ProcessGuid","#text":"dbf410b3-a28b-6800-ad00-000000003d00"},{"@Name":"ProcessId","#text":"5456"},{"@Name":"Image","#text":"C:\Program Files (x86)\Microsoft\EdgeUpdate\MicrosoftEdgeUpdate.exe"},{"@Name":"User","#text":"NT AUTHORITY\SYSTEM"}]}}}
{"Event":{"System":{"Provider":{"@Name":"Microsoft-Windows-Sysmon","@Guid":"5770385f-c22a-43e0-bf4c-06f5698ffbd9"},"EventID":"1","Version":"5","Level":"4","Task":"1","Opcode":"0","Keywords":"0x8000000000000000","TimeCreated":{"@SystemTime":"2025-04-17 06:41:15.1696454"},"EventRecordID":"24725","Correlation":null,"Execution":{"@ProcessID":"3096","@ThreadID":"4472"},"Channel":"Microsoft-Windows-Sysmon/Operational","Computer":"Server002","Security":{"@UserID":"S-1-5-18"}},"EventData":{"Data":[{"@Name":"RuleName","#text":"-"},{"@Name":"UtcTime","#text":"2025-04-17 06:41:15.160"},{"@Name":"ProcessGuid","#text":"dbf410b3-a28b-6800-af00-000000003d00"},{"@Name":"ProcessId","#text":"5776"},{"@Name":"Image","#text":"C:\Windows\System32\svchost.exe"},{"@Name":"FileVersion","#text":"10.0.19041.4355 (WinBuild.160101.0800)"},{"@Name":"Description","#text":"Host Process for Windows Services"},{"@Name":"Product","#text":"Microsoft® Windows® Operating System"},{"@Name":"Company","#text":"Microsoft Corporation"},{"@Name":"OriginalFileName","#text":"svchost.exe"},{"@Name":"CommandLine","#text":"C:\Windows\System32\svchost.exe -k NetworkService -p"},{"@Name":"CurrentDirectory","#text":"C:\Windows\system32\"},{"@Name":"User","#text":"NT AUTHORITY\NETWORK SERVICE"},{"@Name":"LogonGuid","#text":"dbf410b3-be2b-6800-e403-000000000000"},{"@Name":"LogonId","#text":"0x3E4"},{"@Name":"TerminalSessionId","#text":"0"},{"@Name":"IntegrityLevel","#text":"System"},{"@Name":"Hashes","#text":"SHA256=6FC3BF1FDFD76860BE782554F8D25BD32F108DB934D70F4253F1E5F23522E503"},{"@Name":"ParentProcessGuid","#text":"00000000-0000-0000-0000-000000000000"},{"@Name":"ParentProcessId","#text":"648"},{"@Name":"ParentImage","#text":"-"},{"@Name":"ParentCommandLine","#text":"-"},{"@Name":"ParentUser","#text":"-"}]}}}
{"Event":{"System":{"Provider":{"@Name":"Microsoft-Windows-Sysmon","@Guid":"5770385f-c22a-43e0-bf4c-06f5698ffbd9"},"EventID":"1","Version":"5","Level":"4","Task":"1","Opcode":"0","Keywords":"0x8000000000000000","TimeCreated":{"@SystemTime":"2025-04-17 06:41:15.2096719"},"EventRecordID":"24726","Correlation":null,"Execution":{"@ProcessID":"3096","@ThreadID":"4472"},"Channel":"Microsoft-Windows-Sysmon/Operational","Computer":"Server002","Security":{"@UserID":"S-1-5-18"}},"EventData":{"Data":[{"@Name":"RuleName","#text":"-"},{"@Name":"UtcTime","#text":"2025-04-17 06:41:15.171"},{"@Name":"ProcessGuid","#text":"dbf410b3-a28b-6800-b000-000000003d00"},{"@Name":"ProcessId","#text":"5820"},{"@Name":"Image","#text":"C:\Program Files (x86)\BraveSoftware\Update\1.3.361.151\BraveCrashHandler64.exe"},{"@Name":"FileVersion","#text":"1.3.361.151"},{"@Name":"Description","#text":"BraveSoftware Update"},{"@Name":"Product","#text":"BraveSoftware Update"},{"@Name":"Company","#text":"BraveSoftware Inc."},{"@Name":"OriginalFileName","#text":"BraveUpdate.exe"},{"@Name":"CommandLine","#text":"\"C:\Program Files (x86)\BraveSoftware\Update\1.3.361.151\BraveCrashHandler64.exe\""},{"@Name":"CurrentDirectory","#text":"C:\Program Files (x86)\BraveSoftware\Update\1.3.361.151\"},{"@Name":"User","#text":"NT AUTHORITY\SYSTEM"},{"@Name":"LogonGuid","#text":"dbf410b3-be2a-6800-e703-000000000000"},{"@Name":"LogonId","#text":"0x3E7"},{"@Name":"TerminalSessionId","#text":"0"},{"@Name":"IntegrityLevel","#text":"System"},{"@Name":"Hashes","#text":"SHA256=0664AB1D6B8DCFDE6AA34B00313B4DCBF1B18B78FEADE8FFA49D53BC93EAAED5"},{"@Name":"ParentProcessGuid","#text":"dbf410b3-a28a-6800-ab00-000000003d00"},{"@Name":"ParentProcessId","#text":"8004"},{"@Name":"ParentImage","#text":"C:\Program Files (x86)\BraveSoftware\Update\BraveUpdate.exe"},{"@Name":"ParentCommandLine","#text":"\"C:\Program Files (x86)\BraveSoftware\Update\BraveUpdate.exe\" /c"},{"@Name":"ParentUser","#text":"NT AUTHORITY\SYSTEM"}]}}}
{"Event":{"System":{"Provider":{"@Name":"Microsoft-Windows-Sysmon","@Guid":"5770385f-c22a-43e0-bf4c-06f5698ffbd9"},"EventID":"5","Version":"3","Level":"4","Task":"5","Opcode":"0","Keywords":"0x8000000000000000","TimeCreated":{"@SystemTime":"2025-04-17 06:41:15.2580555"},"EventRecordID":"24727","Correlation":null,"Execution":{"@ProcessID":"3096","@ThreadID":"4472"},"Channel":"Microsoft-Windows-Sysmon/Operational","Computer":"Server002","Security":{"@UserID":"S-1-5-18"}},"EventData":{"Data":[{"@Name":"RuleName","#text":"-"},{"@Name":"UtcTime","#text":"2025-04-17 06:41:15.256"},{"@Name":"ProcessGuid","#text":"dbf410b3-a28b-6800-ae00-000000003d00"},{"@Name":"ProcessId","#text":"5572"},{"@Name":"Image","#text":"C:\Program Files (x86)\BraveSoftware\Update\1.3.361.151\BraveCrashHandler.exe"},{"@Name":"User","#text":"NT AUTHORITY\SYSTEM"}]}}}
{"Event":{"System":{"Provider":{"@Name":"Microsoft-Windows-Sysmon","@Guid":"5770385f-c22a-43e0-bf4c-06f5698ffbd9"},"EventID":"5","Version":"3","Level":"4","Task":"5","Opcode":"0","Keywords":"0x8000000000000000","TimeCreated":{"@SystemTime":"2025-04-17 06:41:15.2614189"},"EventRecordID":"24728","Correlation":null,"Execution":{"@ProcessID":"3096","@ThreadID":"4472"},"Channel":"Microsoft-Windows-Sysmon/Operational","Computer":"Server002","Security":{"@UserID":"S-1-5-18"}},"EventData":{"Data":[{"@Name":"RuleName","#text":"-"},{"@Name":"UtcTime","#text":"2025-04-17 06:41:15.256"},{"@Name":"ProcessGuid","#text":"dbf410b3-a28a-6800-ab00-000000003d00"},{"@Name":"ProcessId","#text":"8004"},{"@Name":"Image","#text":"C:\Program Files (x86)\BraveSoftware\Update\BraveUpdate.exe"},{"@Name":"User","#text":"NT AUTHORITY\SYSTEM"}]}}}
{"Event":{"System":{"Provider":{"@Name":"Microsoft-Windows-Sysmon","@Guid":"5770385f-c22a-43e0-bf4c-06f5698ffbd9"},"EventID":"5","Version":"3","Level":"4","Task":"5","Opcode":"0","Keywords":"0x8000000000000000","TimeCreated":{"@SystemTime":"2025-04-17 06:41:15.3009796"},"EventRecordID":"24729","Correlation":null,"Execution":{"@ProcessID":"3096","@ThreadID":"4472"},"Channel":"Microsoft-Windows-Sysmon/Operational","Computer":"Server002","Security":{"@UserID":"S-1-5-18"}},"EventData":{"Data":[{"@Name":"RuleName","#text":"-"},{"@Name":"UtcTime","#text":"2025-04-17 06:41:15.285"},{"@Name":"ProcessGuid","#text":"dbf410b3-a28b-6800-b000-000000003d00"},{"@Name":"ProcessId","#text":"5820"},{"@Name":"Image","#text":"C:\Program Files (x86)\BraveSoftware\Update\1.3.361.151\BraveCrashHandler64.exe"},{"@Name":"User","#text":"NT AUTHORITY\SYSTEM"}]}}}
{"Event":{"System":{"Provider":{"@Name":"Microsoft-Windows-Sysmon","@Guid":"5770385f-c22a-43e0-bf4c-06f5698ffbd9"},"EventID":"1","Version":"5","Level":"4","Task":"1","Opcode":"0","Keywords":"0x8000000000000000","TimeCreated":{"@SystemTime":"2025-04-17 06:41:15.3754580"},"EventRecordID":"24730","Correlation":null,"Execution":{"@ProcessID":"3096","@ThreadID":"4472"},"Channel":"Microsoft-Windows-Sysmon/Operational","Computer":"Server002","Security":{"@UserID":"S-1-5-18"}},"EventData":{"Data":[{"@Name":"RuleName","#text":"-"},{"@Name":"UtcTime","#text":"2025-04-17 06:41:15.347"},{"@Name":"ProcessGuid","#text":"dbf410b3-a28b-6800-b100-000000003d00"},{"@Name":"ProcessId","#text":"4028"},{"@Name":"Image","#text":"C:\Windows\System32\SgrmBroker.exe"},{"@Name":"FileVersion","#text":"10.0.19041.5678 (WinBuild.160101.0800)"},{"@Name":"Description","#text":"System Guard Runtime Monitor Broker Service"},{"@Name":"Product","#text":"Microsoft® Windows® Operating System"},{"@Name":"Company","#text":"Microsoft Corporation"},{"@Name":"OriginalFileName","#text":"SgrmBroker.exe"},{"@Name":"CommandLine","#text":"C:\Windows\system32\SgrmBroker.exe"},{"@Name":"CurrentDirectory","#text":"C:\Windows"},{"@Name":"User","#text":"NT AUTHORITY\SYSTEM"},{"@Name":"LogonGuid","#text":"dbf410b3-be2a-6800-e703-000000000000"},{"@Name":"LogonId","#text":"0x3E7"},{"@Name":"TerminalSessionId","#text":"0"},{"@Name":"IntegrityLevel","#text":"System"},{"@Name":"Hashes","#text":"SHA256=9363FCFA5F5F575DFF19595FD872E0A301ABCA6F2AB55BC7841458B1A467245F"},{"@Name":"ParentProcessGuid","#text":"00000000-0000-0000-0000-000000000000"},{"@Name":"ParentProcessId","#text":"648"},{"@Name":"ParentImage","#text":"-"},{"@Name":"ParentCommandLine","#text":"-"},{"@Name":"ParentUser","#text":"-"}]}}}
