{"Event":{"System":{"Provider":{"@Name":"Microsoft-Windows-Sysmon","@Guid":"5770385f-c22a-43e0-bf4c-06f5698ffbd9"},"EventID":"5","Version":"3","Level":"4","Task":"5","Opcode":"0","Keywords":"10000","TimeCreated":{"@SystemTime":"2025-04-22 20:21:58.1454053"},"EventRecordID":"39515","Correlation":null,"Execution":{"@ProcessID":"2984","@ThreadID":"4008"},"Channel":"Microsoft-Windows-Sysmon/Operational","Computer":"Server002","Security":{"@UserID":"S-1-5-18"}},"EventData":{"Data":[{"@Name":"RuleName","#text":"-"},{"@Name":"UtcTime","#text":"2025-04-22 20:21:58.142"},{"@Name":"ProcessGuid","#text":"dbf410b3-fa66-6807-d205-000000003f00"},{"@Name":"ProcessId","#text":"2120"},{"@Name":"Image","#text":"C:\Windows\System32\wevtutil.exe"},{"@Name":"User","#text":"NT AUTHORITY\SYSTEM"}]}}}
{"Event":{"System":{"Provider":{"@Name":"Microsoft-Windows-Sysmon","@Guid":"5770385f-c22a-43e0-bf4c-06f5698ffbd9"},"EventID":"5","Version":"3","Level":"4","Task":"5","Opcode":"0","Keywords":"10000","TimeCreated":{"@SystemTime":"2025-04-22 20:21:58.1483640"},"EventRecordID":"39516","Correlation":null,"Execution":{"@ProcessID":"2984","@ThreadID":"4008"},"Channel":"Microsoft-Windows-Sysmon/Operational","Computer":"Server002","Security":{"@UserID":"S-1-5-18"}},"EventData":{"Data":[{"@Name":"RuleName","#text":"-"},{"@Name":"UtcTime","#text":"2025-04-22 20:21:58.142"},{"@Name":"ProcessGuid","#text":"dbf410b3-fa66-6807-d305-000000003f00"},{"@Name":"ProcessId","#text":"5864"},{"@Name":"Image","#text":"C:\Windows\System32\conhost.exe"},{"@Name":"User","#text":"NT AUTHORITY\SYSTEM"}]}}}
{"Event":{"System":{"Provider":{"@Name":"Microsoft-Windows-Sysmon","@Guid":"5770385f-c22a-43e0-bf4c-06f5698ffbd9"},"EventID":"1","Version":"5","Level":"4","Task":"1","Opcode":"0","Keywords":"10000","TimeCreated":{"@SystemTime":"2025-04-22 20:21:58.1487246"},"EventRecordID":"39517","Correlation":null,"Execution":{"@ProcessID":"2984","@ThreadID":"4008"},"Channel":"Microsoft-Windows-Sysmon/Operational","Computer":"Server002","Security":{"@UserID":"S-1-5-18"}},"EventData":{"Data":[{"@Name":"RuleName","#text":"-"},{"@Name":"UtcTime","#text":"2025-04-22 20:21:58.147"},{"@Name":"ProcessGuid","#text":"dbf410b3-fa66-6807-d405-000000003f00"},{"@Name":"ProcessId","#text":"9972"},{"@Name":"Image","#text":"C:\Windows\System32\wevtutil.exe"},{"@Name":"FileVersion","#text":"10.0.19041.5369 (WinBuild.160101.0800)"},{"@Name":"Description","#text":"Eventing Command Line Utility"},{"@Name":"Product","#text":"Microsoft® Windows® Operating System"},{"@Name":"Company","#text":"Microsoft Corporation"},{"@Name":"OriginalFileName","#text":"wevtutil.exe"},{"@Name":"CommandLine","#text":"C:\Windows\system32\wevtutil.exe install-manifest \"C:\ProgramData\Microsoft\Windows Defender\Platform\4.18.24080.9-0\Microsoft-Antimalware-AMFilter.man\" \"/resourceFilePath:C:\ProgramData\Microsoft\Windows Defender\Platform\4.18.24080.9-0\Drivers\WdFilter.sys\" \"/messageFilePath:C:\ProgramData\Microsoft\Windows Defender\Platform\4.18.24080.9-0\Drivers\WdFilter.sys\" \"/parameterFilePath:C:\ProgramData\Microsoft\Windows Defender\Platform\4.18.24080.9-0\Drivers\WdFilter.sys\""},{"@Name":"CurrentDirectory","#text":"C:\Windows\system32\"},{"@Name":"User","#text":"NT AUTHORITY\SYSTEM"},{"@Name":"LogonGuid","#text":"dbf410b3-baf8-6807-e703-000000000000"},{"@Name":"LogonId","#text":"0x3E7"},{"@Name":"TerminalSessionId","#text":"0"},{"@Name":"IntegrityLevel","#text":"System"},{"@Name":"Hashes","#text":"SHA256=6EB98491FA6A7B19BBA56EADEA1390CA598FA19220FA1D787FC2F0A3631CC341"},{"@Name":"ParentProcessGuid","#text":"dbf410b3-fa65-6807-d105-000000003f00"},{"@Name":"ParentProcessId","#text":"8860"},{"@Name":"ParentImage","#text":"C:\ProgramData\Microsoft\Windows Defender\Platform\4.18.24080.9-0\MsMpEng.exe"},{"@Name":"ParentCommandLine","#text":"\"C:\ProgramData\Microsoft\Windows Defender\Platform\4.18.24080.9-0\MsMpEng.exe\""},{"@Name":"ParentUser","#text":"NT AUTHORITY\SYSTEM"}]}}}
{"Event":{"System":{"Provider":{"@Name":"Microsoft-Windows-Sysmon","@Guid":"5770385f-c22a-43e0-bf4c-06f5698ffbd9"},"EventID":"1","Version":"5","Level":"4","Task":"1","Opcode":"0","Keywords":"10000","TimeCreated":{"@SystemTime":"2025-04-22 20:21:58.1510609"},"EventRecordID":"39518","Correlation":null,"Execution":{"@ProcessID":"2984","@ThreadID":"4008"},"Channel":"Microsoft-Windows-Sysmon/Operational","Computer":"Server002","Security":{"@UserID":"S-1-5-18"}},"EventData":{"Data":[{"@Name":"RuleName","#text":"-"},{"@Name":"UtcTime","#text":"2025-04-22 20:21:58.150"},{"@Name":"ProcessGuid","#text":"dbf410b3-fa66-6807-d505-000000003f00"},{"@Name":"ProcessId","#text":"5912"},{"@Name":"Image","#text":"C:\Windows\System32\conhost.exe"},{"@Name":"FileVersion","#text":"10.0.19041.5198 (WinBuild.160101.0800)"},{"@Name":"Description","#text":"Console Window Host"},{"@Name":"Product","#text":"Microsoft® Windows® Operating System"},{"@Name":"Company","#text":"Microsoft Corporation"},{"@Name":"OriginalFileName","#text":"CONHOST.EXE"},{"@Name":"CommandLine","#text":"\??\C:\Windows\system32\conhost.exe 0xffffffff -ForceV1"},{"@Name":"CurrentDirectory","#text":"C:\Windows"},{"@Name":"User","#text":"NT AUTHORITY\SYSTEM"},{"@Name":"LogonGuid","#text":"dbf410b3-baf8-6807-e703-000000000000"},{"@Name":"LogonId","#text":"0x3E7"},{"@Name":"TerminalSessionId","#text":"0"},{"@Name":"IntegrityLevel","#text":"System"},{"@Name":"Hashes","#text":"SHA256=B02EE54FB2EC69673386D41119EE8ED083A6EAB3BFCA6AA2155D20CE68EF8963"},{"@Name":"ParentProcessGuid","#text":"dbf410b3-fa66-6807-d405-000000003f00"},{"@Name":"ParentProcessId","#text":"9972"},{"@Name":"ParentImage","#text":"C:\Windows\System32\wevtutil.exe"},{"@Name":"ParentCommandLine","#text":"C:\Windows\system32\wevtutil.exe install-manifest \"C:\ProgramData\Microsoft\Windows Defender\Platform\4.18.24080.9-0\Microsoft-Antimalware-AMFilter.man\" \"/resourceFilePath:C:\ProgramData\Microsoft\Windows Defender\Platform\4.18.24080.9-0\Drivers\WdFilter.sys\" \"/messageFilePath:C:\ProgramData\Microsoft\Windows Defender\Platform\4.18.24080.9-0\Drivers\WdFilter.sys\" \"/parameterFilePath:C:\ProgramData\Microsoft\Windows Defender\Platform\4.18.24080.9-0\Drivers\WdFilter.sys\""},{"@Name":"ParentUser","#text":"NT AUTHORITY\SYSTEM"}]}}}
{"Event":{"System":{"Provider":{"@Name":"Microsoft-Windows-Sysmon","@Guid":"5770385f-c22a-43e0-bf4c-06f5698ffbd9"},"EventID":"5","Version":"3","Level":"4","Task":"5","Opcode":"0","Keywords":"10000","TimeCreated":{"@SystemTime":"2025-04-22 20:21:58.2970920"},"EventRecordID":"39519","Correlation":null,"Execution":{"@ProcessID":"2984","@ThreadID":"4008"},"Channel":"Microsoft-Windows-Sysmon/Operational","Computer":"Server002","Security":{"@UserID":"S-1-5-18"}},"EventData":{"Data":[{"@Name":"RuleName","#text":"-"},{"@Name":"UtcTime","#text":"2025-04-22 20:21:58.294"},{"@Name":"ProcessGuid","#text":"dbf410b3-fa66-6807-d405-000000003f00"},{"@Name":"ProcessId","#text":"9972"},{"@Name":"Image","#text":"C:\Windows\System32\wevtutil.exe"},{"@Name":"User","#text":"NT AUTHORITY\SYSTEM"}]}}}
{"Event":{"System":{"Provider":{"@Name":"Microsoft-Windows-Sysmon","@Guid":"5770385f-c22a-43e0-bf4c-06f5698ffbd9"},"EventID":"5","Version":"3","Level":"4","Task":"5","Opcode":"0","Keywords":"10000","TimeCreated":{"@SystemTime":"2025-04-22 20:21:58.2999795"},"EventRecordID":"39520","Correlation":null,"Execution":{"@ProcessID":"2984","@ThreadID":"4008"},"Channel":"Microsoft-Windows-Sysmon/Operational","Computer":"Server002","Security":{"@UserID":"S-1-5-18"}},"EventData":{"Data":[{"@Name":"RuleName","#text":"-"},{"@Name":"UtcTime","#text":"2025-04-22 20:21:58.294"},{"@Name":"ProcessGuid","#text":"dbf410b3-fa66-6807-d505-000000003f00"},{"@Name":"ProcessId","#text":"5912"},{"@Name":"Image","#text":"C:\Windows\System32\conhost.exe"},{"@Name":"User","#text":"NT AUTHORITY\SYSTEM"}]}}}
{"Event":{"System":{"Provider":{"@Name":"Microsoft-Windows-Sysmon","@Guid":"5770385f-c22a-43e0-bf4c-06f5698ffbd9"},"EventID":"1","Version":"5","Level":"4","Task":"1","Opcode":"0","Keywords":"10000","TimeCreated":{"@SystemTime":"2025-04-22 20:21:58.3106021"},"EventRecordID":"39521","Correlation":null,"Execution":{"@ProcessID":"2984","@ThreadID":"4008"},"Channel":"Microsoft-Windows-Sysmon/Operational","Computer":"Server002","Security":{"@UserID":"S-1-5-18"}},"EventData":{"Data":[{"@Name":"RuleName","#text":"-"},{"@Name":"UtcTime","#text":"2025-04-22 20:21:58.309"},{"@Name":"ProcessGuid","#text":"dbf410b3-fa66-6807-d605-000000003f00"},{"@Name":"ProcessId","#text":"11268"},{"@Name":"Image","#text":"C:\Windows\System32\wevtutil.exe"},{"@Name":"FileVersion","#text":"10.0.19041.5369 (WinBuild.160101.0800)"},{"@Name":"Description","#text":"Eventing Command Line Utility"},{"@Name":"Product","#text":"Microsoft® Windows® Operating System"},{"@Name":"Company","#text":"Microsoft Corporation"},{"@Name":"OriginalFileName","#text":"wevtutil.exe"},{"@Name":"CommandLine","#text":"C:\Windows\system32\wevtutil.exe uninstall-manifest \"C:\ProgramData\Microsoft\Windows Defender\Platform\4.18.24080.9-0\Microsoft-Windows-Windows Defender.man\""},{"@Name":"CurrentDirectory","#text":"C:\Windows\system32\"},{"@Name":"User","#text":"NT AUTHORITY\SYSTEM"},{"@Name":"LogonGuid","#text":"dbf410b3-baf8-6807-e703-000000000000"},{"@Name":"LogonId","#text":"0x3E7"},{"@Name":"TerminalSessionId","#text":"0"},{"@Name":"IntegrityLevel","#text":"System"},{"@Name":"Hashes","#text":"SHA256=6EB98491FA6A7B19BBA56EADEA1390CA598FA19220FA1D787FC2F0A3631CC341"},{"@Name":"ParentProcessGuid","#text":"dbf410b3-fa65-6807-d105-000000003f00"},{"@Name":"ParentProcessId","#text":"8860"},{"@Name":"ParentImage","#text":"C:\ProgramData\Microsoft\Windows Defender\Platform\4.18.24080.9-0\MsMpEng.exe"},{"@Name":"ParentCommandLine","#text":"\"C:\ProgramData\Microsoft\Windows Defender\Platform\4.18.24080.9-0\MsMpEng.exe\""},{"@Name":"ParentUser","#text":"NT AUTHORITY\SYSTEM"}]}}}
{"Event":{"System":{"Provider":{"@Name":"Microsoft-Windows-Sysmon","@Guid":"5770385f-c22a-43e0-bf4c-06f5698ffbd9"},"EventID":"1","Version":"5","Level":"4","Task":"1","Opcode":"0","Keywords":"10000","TimeCreated":{"@SystemTime":"2025-04-22 20:21:58.3166348"},"EventRecordID":"39522","Correlation":null,"Execution":{"@ProcessID":"2984","@ThreadID":"4008"},"Channel":"Microsoft-Windows-Sysmon/Operational","Computer":"Server002","Security":{"@UserID":"S-1-5-18"}},"EventData":{"Data":[{"@Name":"RuleName","#text":"-"},{"@Name":"UtcTime","#text":"2025-04-22 20:21:58.315"},{"@Name":"ProcessGuid","#text":"dbf410b3-fa66-6807-d705-000000003f00"},{"@Name":"ProcessId","#text":"11976"},{"@Name":"Image","#text":"C:\Windows\System32\conhost.exe"},{"@Name":"FileVersion","#text":"10.0.19041.5198 (WinBuild.160101.0800)"},{"@Name":"Description","#text":"Console Window Host"},{"@Name":"Product","#text":"Microsoft® Windows® Operating System"},{"@Name":"Company","#text":"Microsoft Corporation"},{"@Name":"OriginalFileName","#text":"CONHOST.EXE"},{"@Name":"CommandLine","#text":"\??\C:\Windows\system32\conhost.exe 0xffffffff -ForceV1"},{"@Name":"CurrentDirectory","#text":"C:\Windows"},{"@Name":"User","#text":"NT AUTHORITY\SYSTEM"},{"@Name":"LogonGuid","#text":"dbf410b3-baf8-6807-e703-000000000000"},{"@Name":"LogonId","#text":"0x3E7"},{"@Name":"TerminalSessionId","#text":"0"},{"@Name":"IntegrityLevel","#text":"System"},{"@Name":"Hashes","#text":"SHA256=B02EE54FB2EC69673386D41119EE8ED083A6EAB3BFCA6AA2155D20CE68EF8963"},{"@Name":"ParentProcessGuid","#text":"dbf410b3-fa66-6807-d605-000000003f00"},{"@Name":"ParentProcessId","#text":"11268"},{"@Name":"ParentImage","#text":"C:\Windows\System32\wevtutil.exe"},{"@Name":"ParentCommandLine","#text":"C:\Windows\system32\wevtutil.exe uninstall-manifest \"C:\ProgramData\Microsoft\Windows Defender\Platform\4.18.24080.9-0\Microsoft-Windows-Windows Defender.man\""},{"@Name":"ParentUser","#text":"NT AUTHORITY\SYSTEM"}]}}}
{"Event":{"System":{"Provider":{"@Name":"Microsoft-Windows-Sysmon","@Guid":"5770385f-c22a-43e0-bf4c-06f5698ffbd9"},"EventID":"5","Version":"3","Level":"4","Task":"5","Opcode":"0","Keywords":"10000","TimeCreated":{"@SystemTime":"2025-04-22 20:21:58.5784084"},"EventRecordID":"39523","Correlation":null,"Execution":{"@ProcessID":"2984","@ThreadID":"4008"},"Channel":"Microsoft-Windows-Sysmon/Operational","Computer":"Server002","Security":{"@UserID":"S-1-5-18"}},"EventData":{"Data":[{"@Name":"RuleName","#text":"-"},{"@Name":"UtcTime","#text":"2025-04-22 20:21:58.576"},{"@Name":"ProcessGuid","#text":"dbf410b3-fa66-6807-d605-000000003f00"},{"@Name":"ProcessId","#text":"11268"},{"@Name":"Image","#text":"C:\Windows\System32\wevtutil.exe"},{"@Name":"User","#text":"NT AUTHORITY\SYSTEM"}]}}}
{"Event":{"System":{"Provider":{"@Name":"Microsoft-Windows-Sysmon","@Guid":"5770385f-c22a-43e0-bf4c-06f5698ffbd9"},"EventID":"5","Version":"3","Level":"4","Task":"5","Opcode":"0","Keywords":"10000","TimeCreated":{"@SystemTime":"2025-04-22 20:21:58.5823438"},"EventRecordID":"39524","Correlation":null,"Execution":{"@ProcessID":"2984","@ThreadID":"4008"},"Channel":"Microsoft-Windows-Sysmon/Operational","Computer":"Server002","Security":{"@UserID":"S-1-5-18"}},"EventData":{"Data":[{"@Name":"RuleName","#text":"-"},{"@Name":"UtcTime","#text":"2025-04-22 20:21:58.580"},{"@Name":"ProcessGuid","#text":"dbf410b3-fa66-6807-d705-000000003f00"},{"@Name":"ProcessId","#text":"11976"},{"@Name":"Image","#text":"C:\Windows\System32\conhost.exe"},{"@Name":"User","#text":"NT AUTHORITY\SYSTEM"}]}}}
{"Event":{"System":{"Provider":{"@Name":"Microsoft-Windows-Sysmon","@Guid":"5770385f-c22a-43e0-bf4c-06f5698ffbd9"},"EventID":"1","Version":"5","Level":"4","Task":"1","Opcode":"0","Keywords":"10000","TimeCreated":{"@SystemTime":"2025-04-22 20:21:58.5827916"},"EventRecordID":"39525","Correlation":null,"Execution":{"@ProcessID":"2984","@ThreadID":"4008"},"Channel":"Microsoft-Windows-Sysmon/Operational","Computer":"Server002","Security":{"@UserID":"S-1-5-18"}},"EventData":{"Data":[{"@Name":"RuleName","#text":"-"},{"@Name":"UtcTime","#text":"2025-04-22 20:21:58.581"},{"@Name":"ProcessGuid","#text":"dbf410b3-fa66-6807-d805-000000003f00"},{"@Name":"ProcessId","#text":"2436"},{"@Name":"Image","#text":"C:\Windows\System32\wevtutil.exe"},{"@Name":"FileVersion","#text":"10.0.19041.5369 (WinBuild.160101.0800)"},{"@Name":"Description","#text":"Eventing Command Line Utility"},{"@Name":"Product","#text":"Microsoft® Windows® Operating System"},{"@Name":"Company","#text":"Microsoft Corporation"},{"@Name":"OriginalFileName","#text":"wevtutil.exe"},{"@Name":"CommandLine","#text":"C:\Windows\system32\wevtutil.exe install-manifest \"C:\ProgramData\Microsoft\Windows Defender\Platform\4.18.24080.9-0\Microsoft-Windows-Windows Defender.man\" \"/resourceFilePath:C:\ProgramData\Microsoft\Windows Defender\Platform\4.18.24080.9-0\MpEvMsg.dll\" \"/messageFilePath:C:\ProgramData\Microsoft\Windows Defender\Platform\4.18.24080.9-0\MpEvMsg.dll\" \"/parameterFilePath:C:\ProgramData\Microsoft\Windows Defender\Platform\4.18.24080.9-0\MpEvMsg.dll\""},{"@Name":"CurrentDirectory","#text":"C:\Windows\system32\"},{"@Name":"User","#text":"NT AUTHORITY\SYSTEM"},{"@Name":"LogonGuid","#text":"dbf410b3-baf8-6807-e703-000000000000"},{"@Name":"LogonId","#text":"0x3E7"},{"@Name":"TerminalSessionId","#text":"0"},{"@Name":"IntegrityLevel","#text":"System"},{"@Name":"Hashes","#text":"SHA256=6EB98491FA6A7B19BBA56EADEA1390CA598FA19220FA1D787FC2F0A3631CC341"},{"@Name":"ParentProcessGuid","#text":"dbf410b3-fa65-6807-d105-000000003f00"},{"@Name":"ParentProcessId","#text":"8860"},{"@Name":"ParentImage","#text":"C:\ProgramData\Microsoft\Windows Defender\Platform\4.18.24080.9-0\MsMpEng.exe"},{"@Name":"ParentCommandLine","#text":"\"C:\ProgramData\Microsoft\Windows Defender\Platform\4.18.24080.9-0\MsMpEng.exe\""},{"@Name":"ParentUser","#text":"NT AUTHORITY\SYSTEM"}]}}}
{"Event":{"System":{"Provider":{"@Name":"Microsoft-Windows-Sysmon","@Guid":"5770385f-c22a-43e0-bf4c-06f5698ffbd9"},"EventID":"1","Version":"5","Level":"4","Task":"1","Opcode":"0","Keywords":"10000","TimeCreated":{"@SystemTime":"2025-04-22 20:21:58.5863893"},"EventRecordID":"39526","Correlation":null,"Execution":{"@ProcessID":"2984","@ThreadID":"4008"},"Channel":"Microsoft-Windows-Sysmon/Operational","Computer":"Server002","Security":{"@UserID":"S-1-5-18"}},"EventData":{"Data":[{"@Name":"RuleName","#text":"-"},{"@Name":"UtcTime","#text":"2025-04-22 20:21:58.585"},{"@Name":"ProcessGuid","#text":"dbf410b3-fa66-6807-d905-000000003f00"},{"@Name":"ProcessId","#text":"10896"},{"@Name":"Image","#text":"C:\Windows\System32\conhost.exe"},{"@Name":"FileVersion","#text":"10.0.19041.5198 (WinBuild.160101.0800)"},{"@Name":"Description","#text":"Console Window Host"},{"@Name":"Product","#text":"Microsoft® Windows® Operating System"},{"@Name":"Company","#text":"Microsoft Corporation"},{"@Name":"OriginalFileName","#text":"CONHOST.EXE"},{"@Name":"CommandLine","#text":"\??\C:\Windows\system32\conhost.exe 0xffffffff -ForceV1"},{"@Name":"CurrentDirectory","#text":"C:\Windows"},{"@Name":"User","#text":"NT AUTHORITY\SYSTEM"},{"@Name":"LogonGuid","#text":"dbf410b3-baf8-6807-e703-000000000000"},{"@Name":"LogonId","#text":"0x3E7"},{"@Name":"TerminalSessionId","#text":"0"},{"@Name":"IntegrityLevel","#text":"System"},{"@Name":"Hashes","#text":"SHA256=B02EE54FB2EC69673386D41119EE8ED083A6EAB3BFCA6AA2155D20CE68EF8963"},{"@Name":"ParentProcessGuid","#text":"dbf410b3-fa66-6807-d805-000000003f00"},{"@Name":"ParentProcessId","#text":"2436"},{"@Name":"ParentImage","#text":"C:\Windows\System32\wevtutil.exe"},{"@Name":"ParentCommandLine","#text":"C:\Windows\system32\wevtutil.exe install-manifest \"C:\ProgramData\Microsoft\Windows Defender\Platform\4.18.24080.9-0\Microsoft-Windows-Windows Defender.man\" \"/resourceFilePath:C:\ProgramData\Microsoft\Windows Defender\Platform\4.18.24080.9-0\MpEvMsg.dll\" \"/messageFilePath:C:\ProgramData\Microsoft\Windows Defender\Platform\4.18.24080.9-0\MpEvMsg.dll\" \"/parameterFilePath:C:\ProgramData\Microsoft\Windows Defender\Platform\4.18.24080.9-0\MpEvMsg.dll\""},{"@Name":"ParentUser","#text":"NT AUTHORITY\SYSTEM"}]}}}
{"Event":{"System":{"Provider":{"@Name":"Microsoft-Windows-Sysmon","@Guid":"5770385f-c22a-43e0-bf4c-06f5698ffbd9"},"EventID":"5","Version":"3","Level":"4","Task":"5","Opcode":"0","Keywords":"10000","TimeCreated":{"@SystemTime":"2025-04-22 20:21:58.7986991"},"EventRecordID":"39527","Correlation":null,"Execution":{"@ProcessID":"2984","@ThreadID":"4008"},"Channel":"Microsoft-Windows-Sysmon/Operational","Computer":"Server002","Security":{"@UserID":"S-1-5-18"}},"EventData":{"Data":[{"@Name":"RuleName","#text":"-"},{"@Name":"UtcTime","#text":"2025-04-22 20:21:58.714"},{"@Name":"ProcessGuid","#text":"dbf410b3-fa66-6807-d805-000000003f00"},{"@Name":"ProcessId","#text":"2436"},{"@Name":"Image","#text":"C:\Windows\System32\wevtutil.exe"},{"@Name":"User","#text":"NT AUTHORITY\SYSTEM"}]}}}
{"Event":{"System":{"Provider":{"@Name":"Microsoft-Windows-Sysmon","@Guid":"5770385f-c22a-43e0-bf4c-06f5698ffbd9"},"EventID":"5","Version":"3","Level":"4","Task":"5","Opcode":"0","Keywords":"10000","TimeCreated":{"@SystemTime":"2025-04-22 20:21:58.8033614"},"EventRecordID":"39528","Correlation":null,"Execution":{"@ProcessID":"2984","@ThreadID":"4008"},"Channel":"Microsoft-Windows-Sysmon/Operational","Computer":"Server002","Security":{"@UserID":"S-1-5-18"}},"EventData":{"Data":[{"@Name":"RuleName","#text":"-"},{"@Name":"UtcTime","#text":"2025-04-22 20:21:58.799"},{"@Name":"ProcessGuid","#text":"dbf410b3-fa66-6807-d905-000000003f00"},{"@Name":"ProcessId","#text":"10896"},{"@Name":"Image","#text":"C:\Windows\System32\conhost.exe"},{"@Name":"User","#text":"NT AUTHORITY\SYSTEM"}]}}}
{"Event":{"System":{"Provider":{"@Name":"Microsoft-Windows-Sysmon","@Guid":"5770385f-c22a-43e0-bf4c-06f5698ffbd9"},"EventID":"1","Version":"5","Level":"4","Task":"1","Opcode":"0","Keywords":"10000","TimeCreated":{"@SystemTime":"2025-04-22 20:21:58.8075895"},"EventRecordID":"39529","Correlation":null,"Execution":{"@ProcessID":"2984","@ThreadID":"4008"},"Channel":"Microsoft-Windows-Sysmon/Operational","Computer":"Server002","Security":{"@UserID":"S-1-5-18"}},"EventData":{"Data":[{"@Name":"RuleName","#text":"-"},{"@Name":"UtcTime","#text":"2025-04-22 20:21:58.805"},{"@Name":"ProcessGuid","#text":"dbf410b3-fa66-6807-da05-000000003f00"},{"@Name":"ProcessId","#text":"1956"},{"@Name":"Image","#text":"C:\Windows\System32\wevtutil.exe"},{"@Name":"FileVersion","#text":"10.0.19041.5369 (WinBuild.160101.0800)"},{"@Name":"Description","#text":"Eventing Command Line Utility"},{"@Name":"Product","#text":"Microsoft® Windows® Operating System"},{"@Name":"Company","#text":"Microsoft Corporation"},{"@Name":"OriginalFileName","#text":"wevtutil.exe"},{"@Name":"CommandLine","#text":"C:\Windows\system32\wevtutil.exe uninstall-manifest \"C:\ProgramData\Microsoft\Windows Defender\Platform\4.18.24080.9-0\Microsoft-Antimalware-Service.man\""},{"@Name":"CurrentDirectory","#text":"C:\Windows\system32\"},{"@Name":"User","#text":"NT AUTHORITY\SYSTEM"},{"@Name":"LogonGuid","#text":"dbf410b3-baf8-6807-e703-000000000000"},{"@Name":"LogonId","#text":"0x3E7"},{"@Name":"TerminalSessionId","#text":"0"},{"@Name":"IntegrityLevel","#text":"System"},{"@Name":"Hashes","#text":"SHA256=6EB98491FA6A7B19BBA56EADEA1390CA598FA19220FA1D787FC2F0A3631CC341"},{"@Name":"ParentProcessGuid","#text":"dbf410b3-fa65-6807-d105-000000003f00"},{"@Name":"ParentProcessId","#text":"8860"},{"@Name":"ParentImage","#text":"C:\ProgramData\Microsoft\Windows Defender\Platform\4.18.24080.9-0\MsMpEng.exe"},{"@Name":"ParentCommandLine","#text":"\"C:\ProgramData\Microsoft\Windows Defender\Platform\4.18.24080.9-0\MsMpEng.exe\""},{"@Name":"ParentUser","#text":"NT AUTHORITY\SYSTEM"}]}}}
{"Event":{"System":{"Provider":{"@Name":"Microsoft-Windows-Sysmon","@Guid":"5770385f-c22a-43e0-bf4c-06f5698ffbd9"},"EventID":"1","Version":"5","Level":"4","Task":"1","Opcode":"0","Keywords":"10000","TimeCreated":{"@SystemTime":"2025-04-22 20:21:58.8101100"},"EventRecordID":"39530","Correlation":null,"Execution":{"@ProcessID":"2984","@ThreadID":"4008"},"Channel":"Microsoft-Windows-Sysmon/Operational","Computer":"Server002","Security":{"@UserID":"S-1-5-18"}},"EventData":{"Data":[{"@Name":"RuleName","#text":"-"},{"@Name":"UtcTime","#text":"2025-04-22 20:21:58.809"},{"@Name":"ProcessGuid","#text":"dbf410b3-fa66-6807-db05-000000003f00"},{"@Name":"ProcessId","#text":"9908"},{"@Name":"Image","#text":"C:\Windows\System32\conhost.exe"},{"@Name":"FileVersion","#text":"10.0.19041.5198 (WinBuild.160101.0800)"},{"@Name":"Description","#text":"Console Window Host"},{"@Name":"Product","#text":"Microsoft® Windows® Operating System"},{"@Name":"Company","#text":"Microsoft Corporation"},{"@Name":"OriginalFileName","#text":"CONHOST.EXE"},{"@Name":"CommandLine","#text":"\??\C:\Windows\system32\conhost.exe 0xffffffff -ForceV1"},{"@Name":"CurrentDirectory","#text":"C:\Windows"},{"@Name":"User","#text":"NT AUTHORITY\SYSTEM"},{"@Name":"LogonGuid","#text":"dbf410b3-baf8-6807-e703-000000000000"},{"@Name":"LogonId","#text":"0x3E7"},{"@Name":"TerminalSessionId","#text":"0"},{"@Name":"IntegrityLevel","#text":"System"},{"@Name":"Hashes","#text":"SHA256=B02EE54FB2EC69673386D41119EE8ED083A6EAB3BFCA6AA2155D20CE68EF8963"},{"@Name":"ParentProcessGuid","#text":"dbf410b3-fa66-6807-da05-000000003f00"},{"@Name":"ParentProcessId","#text":"1956"},{"@Name":"ParentImage","#text":"C:\Windows\System32\wevtutil.exe"},{"@Name":"ParentCommandLine","#text":"C:\Windows\system32\wevtutil.exe uninstall-manifest \"C:\ProgramData\Microsoft\Windows Defender\Platform\4.18.24080.9-0\Microsoft-Antimalware-Service.man\""},{"@Name":"ParentUser","#text":"NT AUTHORITY\SYSTEM"}]}}}
{"Event":{"System":{"Provider":{"@Name":"Microsoft-Windows-Sysmon","@Guid":"5770385f-c22a-43e0-bf4c-06f5698ffbd9"},"EventID":"5","Version":"3","Level":"4","Task":"5","Opcode":"0","Keywords":"10000","TimeCreated":{"@SystemTime":"2025-04-22 20:21:58.8894082"},"EventRecordID":"39531","Correlation":null,"Execution":{"@ProcessID":"2984","@ThreadID":"4008"},"Channel":"Microsoft-Windows-Sysmon/Operational","Computer":"Server002","Security":{"@UserID":"S-1-5-18"}},"EventData":{"Data":[{"@Name":"RuleName","#text":"-"},{"@Name":"UtcTime","#text":"2025-04-22 20:21:58.876"},{"@Name":"ProcessGuid","#text":"dbf410b3-fa66-6807-da05-000000003f00"},{"@Name":"ProcessId","#text":"1956"},{"@Name":"Image","#text":"C:\Windows\System32\wevtutil.exe"},{"@Name":"User","#text":"NT AUTHORITY\SYSTEM"}]}}}
{"Event":{"System":{"Provider":{"@Name":"Microsoft-Windows-Sysmon","@Guid":"5770385f-c22a-43e0-bf4c-06f5698ffbd9"},"EventID":"5","Version":"3","Level":"4","Task":"5","Opcode":"0","Keywords":"10000","TimeCreated":{"@SystemTime":"2025-04-22 20:21:58.8925985"},"EventRecordID":"39532","Correlation":null,"Execution":{"@ProcessID":"2984","@ThreadID":"4008"},"Channel":"Microsoft-Windows-Sysmon/Operational","Computer":"Server002","Security":{"@UserID":"S-1-5-18"}},"EventData":{"Data":[{"@Name":"RuleName","#text":"-"},{"@Name":"UtcTime","#text":"2025-04-22 20:21:58.876"},{"@Name":"ProcessGuid","#text":"dbf410b3-fa66-6807-db05-000000003f00"},{"@Name":"ProcessId","#text":"9908"},{"@Name":"Image","#text":"C:\Windows\System32\conhost.exe"},{"@Name":"User","#text":"NT AUTHORITY\SYSTEM"}]}}}
{"Event":{"System":{"Provider":{"@Name":"Microsoft-Windows-Sysmon","@Guid":"5770385f-c22a-43e0-bf4c-06f5698ffbd9"},"EventID":"1","Version":"5","Level":"4","Task":"1","Opcode":"0","Keywords":"10000","TimeCreated":{"@SystemTime":"2025-04-22 20:21:58.8944206"},"EventRecordID":"39533","Correlation":null,"Execution":{"@ProcessID":"2984","@ThreadID":"4008"},"Channel":"Microsoft-Windows-Sysmon/Operational","Computer":"Server002","Security":{"@UserID":"S-1-5-18"}},"EventData":{"Data":[{"@Name":"RuleName","#text":"-"},{"@Name":"UtcTime","#text":"2025-04-22 20:21:58.892"},{"@Name":"ProcessGuid","#text":"dbf410b3-fa66-6807-dc05-000000003f00"},{"@Name":"ProcessId","#text":"6964"},{"@Name":"Image","#text":"C:\Windows\System32\wevtutil.exe"},{"@Name":"FileVersion","#text":"10.0.19041.5369 (WinBuild.160101.0800)"},{"@Name":"Description","#text":"Eventing Command Line Utility"},{"@Name":"Product","#text":"Microsoft® Windows® Operating System"},{"@Name":"Company","#text":"Microsoft Corporation"},{"@Name":"OriginalFileName","#text":"wevtutil.exe"},{"@Name":"CommandLine","#text":"C:\Windows\system32\wevtutil.exe install-manifest \"C:\ProgramData\Microsoft\Windows Defender\Platform\4.18.24080.9-0\Microsoft-Antimalware-Service.man\" \"/resourceFilePath:C:\ProgramData\Microsoft\Windows Defender\Platform\4.18.24080.9-0\MpSvc.dll\" \"/messageFilePath:C:\ProgramData\Microsoft\Windows Defender\Platform\4.18.24080.9-0\MpSvc.dll\" \"/parameterFilePath:C:\ProgramData\Microsoft\Windows Defender\Platform\4.18.24080.9-0\MpSvc.dll\""},{"@Name":"CurrentDirectory","#text":"C:\Windows\system32\"},{"@Name":"User","#text":"NT AUTHORITY\SYSTEM"},{"@Name":"LogonGuid","#text":"dbf410b3-baf8-6807-e703-000000000000"},{"@Name":"LogonId","#text":"0x3E7"},{"@Name":"TerminalSessionId","#text":"0"},{"@Name":"IntegrityLevel","#text":"System"},{"@Name":"Hashes","#text":"SHA256=6EB98491FA6A7B19BBA56EADEA1390CA598FA19220FA1D787FC2F0A3631CC341"},{"@Name":"ParentProcessGuid","#text":"dbf410b3-fa65-6807-d105-000000003f00"},{"@Name":"ParentProcessId","#text":"8860"},{"@Name":"ParentImage","#text":"C:\ProgramData\Microsoft\Windows Defender\Platform\4.18.24080.9-0\MsMpEng.exe"},{"@Name":"ParentCommandLine","#text":"\"C:\ProgramData\Microsoft\Windows Defender\Platform\4.18.24080.9-0\MsMpEng.exe\""},{"@Name":"ParentUser","#text":"NT AUTHORITY\SYSTEM"}]}}}
{"Event":{"System":{"Provider":{"@Name":"Microsoft-Windows-Sysmon","@Guid":"5770385f-c22a-43e0-bf4c-06f5698ffbd9"},"EventID":"1","Version":"5","Level":"4","Task":"1","Opcode":"0","Keywords":"10000","TimeCreated":{"@SystemTime":"2025-04-22 20:21:58.8984624"},"EventRecordID":"39534","Correlation":null,"Execution":{"@ProcessID":"2984","@ThreadID":"4008"},"Channel":"Microsoft-Windows-Sysmon/Operational","Computer":"Server002","Security":{"@UserID":"S-1-5-18"}},"EventData":{"Data":[{"@Name":"RuleName","#text":"-"},{"@Name":"UtcTime","#text":"2025-04-22 20:21:58.897"},{"@Name":"ProcessGuid","#text":"dbf410b3-fa66-6807-dd05-000000003f00"},{"@Name":"ProcessId","#text":"1976"},{"@Name":"Image","#text":"C:\Windows\System32\conhost.exe"},{"@Name":"FileVersion","#text":"10.0.19041.5198 (WinBuild.160101.0800)"},{"@Name":"Description","#text":"Console Window Host"},{"@Name":"Product","#text":"Microsoft® Windows® Operating System"},{"@Name":"Company","#text":"Microsoft Corporation"},{"@Name":"OriginalFileName","#text":"CONHOST.EXE"},{"@Name":"CommandLine","#text":"\??\C:\Windows\system32\conhost.exe 0xffffffff -ForceV1"},{"@Name":"CurrentDirectory","#text":"C:\Windows"},{"@Name":"User","#text":"NT AUTHORITY\SYSTEM"},{"@Name":"LogonGuid","#text":"dbf410b3-baf8-6807-e703-000000000000"},{"@Name":"LogonId","#text":"0x3E7"},{"@Name":"TerminalSessionId","#text":"0"},{"@Name":"IntegrityLevel","#text":"System"},{"@Name":"Hashes","#text":"SHA256=B02EE54FB2EC69673386D41119EE8ED083A6EAB3BFCA6AA2155D20CE68EF8963"},{"@Name":"ParentProcessGuid","#text":"dbf410b3-fa66-6807-dc05-000000003f00"},{"@Name":"ParentProcessId","#text":"6964"},{"@Name":"ParentImage","#text":"C:\Windows\System32\wevtutil.exe"},{"@Name":"ParentCommandLine","#text":"C:\Windows\system32\wevtutil.exe install-manifest \"C:\ProgramData\Microsoft\Windows Defender\Platform\4.18.24080.9-0\Microsoft-Antimalware-Service.man\" \"/resourceFilePath:C:\ProgramData\Microsoft\Windows Defender\Platform\4.18.24080.9-0\MpSvc.dll\" \"/messageFilePath:C:\ProgramData\Microsoft\Windows Defender\Platform\4.18.24080.9-0\MpSvc.dll\" \"/parameterFilePath:C:\ProgramData\Microsoft\Windows Defender\Platform\4.18.24080.9-0\MpSvc.dll\""},{"@Name":"ParentUser","#text":"NT AUTHORITY\SYSTEM"}]}}}
{"Event":{"System":{"Provider":{"@Name":"Microsoft-Windows-Sysmon","@Guid":"5770385f-c22a-43e0-bf4c-06f5698ffbd9"},"EventID":"5","Version":"3","Level":"4","Task":"5","Opcode":"0","Keywords":"10000","TimeCreated":{"@SystemTime":"2025-04-22 20:21:59.0265898"},"EventRecordID":"39535","Correlation":null,"Execution":{"@ProcessID":"2984","@ThreadID":"4008"},"Channel":"Microsoft-Windows-Sysmon/Operational","Computer":"Server002","Security":{"@UserID":"S-1-5-18"}},"EventData":{"Data":[{"@Name":"RuleName","#text":"-"},{"@Name":"UtcTime","#text":"2025-04-22 20:21:59.025"},{"@Name":"ProcessGuid","#text":"dbf410b3-fa66-6807-dc05-000000003f00"},{"@Name":"ProcessId","#text":"6964"},{"@Name":"Image","#text":"C:\Windows\System32\wevtutil.exe"},{"@Name":"User","#text":"NT AUTHORITY\SYSTEM"}]}}}
{"Event":{"System":{"Provider":{"@Name":"Microsoft-Windows-Sysmon","@Guid":"5770385f-c22a-43e0-bf4c-06f5698ffbd9"},"EventID":"5","Version":"3","Level":"4","Task":"5","Opcode":"0","Keywords":"10000","TimeCreated":{"@SystemTime":"2025-04-22 20:21:59.0306713"},"EventRecordID":"39536","Correlation":null,"Execution":{"@ProcessID":"2984","@ThreadID":"4008"},"Channel":"Microsoft-Windows-Sysmon/Operational","Computer":"Server002","Security":{"@UserID":"S-1-5-18"}},"EventData":{"Data":[{"@Name":"RuleName","#text":"-"},{"@Name":"UtcTime","#text":"2025-04-22 20:21:59.025"},{"@Name":"ProcessGuid","#text":"dbf410b3-fa66-6807-dd05-000000003f00"},{"@Name":"ProcessId","#text":"1976"},{"@Name":"Image","#text":"C:\Windows\System32\conhost.exe"},{"@Name":"User","#text":"NT AUTHORITY\SYSTEM"}]}}}
{"Event":{"System":{"Provider":{"@Name":"Microsoft-Windows-Sysmon","@Guid":"5770385f-c22a-43e0-bf4c-06f5698ffbd9"},"EventID":"1","Version":"5","Level":"4","Task":"1","Opcode":"0","Keywords":"10000","TimeCreated":{"@SystemTime":"2025-04-22 20:21:59.0310791"},"EventRecordID":"39537","Correlation":null,"Execution":{"@ProcessID":"2984","@ThreadID":"4008"},"Channel":"Microsoft-Windows-Sysmon/Operational","Computer":"Server002","Security":{"@UserID":"S-1-5-18"}},"EventData":{"Data":[{"@Name":"RuleName","#text":"-"},{"@Name":"UtcTime","#text":"2025-04-22 20:21:59.030"},{"@Name":"ProcessGuid","#text":"dbf410b3-fa67-6807-de05-000000003f00"},{"@Name":"ProcessId","#text":"8372"},{"@Name":"Image","#text":"C:\Windows\System32\wevtutil.exe"},{"@Name":"FileVersion","#text":"10.0.19041.5369 (WinBuild.160101.0800)"},{"@Name":"Description","#text":"Eventing Command Line Utility"},{"@Name":"Product","#text":"Microsoft® Windows® Operating System"},{"@Name":"Company","#text":"Microsoft Corporation"},{"@Name":"OriginalFileName","#text":"wevtutil.exe"},{"@Name":"CommandLine","#text":"C:\Windows\system32\wevtutil.exe uninstall-manifest \"C:\ProgramData\Microsoft\Windows Defender\Platform\4.18.24080.9-0\Microsoft-Antimalware-NIS.man\""},{"@Name":"CurrentDirectory","#text":"C:\Windows\system32\"},{"@Name":"User","#text":"NT AUTHORITY\SYSTEM"},{"@Name":"LogonGuid","#text":"dbf410b3-baf8-6807-e703-000000000000"},{"@Name":"LogonId","#text":"0x3E7"},{"@Name":"TerminalSessionId","#text":"0"},{"@Name":"IntegrityLevel","#text":"System"},{"@Name":"Hashes","#text":"SHA256=6EB98491FA6A7B19BBA56EADEA1390CA598FA19220FA1D787FC2F0A3631CC341"},{"@Name":"ParentProcessGuid","#text":"dbf410b3-fa65-6807-d105-000000003f00"},{"@Name":"ParentProcessId","#text":"8860"},{"@Name":"ParentImage","#text":"C:\ProgramData\Microsoft\Windows Defender\Platform\4.18.24080.9-0\MsMpEng.exe"},{"@Name":"ParentCommandLine","#text":"\"C:\ProgramData\Microsoft\Windows Defender\Platform\4.18.24080.9-0\MsMpEng.exe\""},{"@Name":"ParentUser","#text":"NT AUTHORITY\SYSTEM"}]}}}
{"Event":{"System":{"Provider":{"@Name":"Microsoft-Windows-Sysmon","@Guid":"5770385f-c22a-43e0-bf4c-06f5698ffbd9"},"EventID":"1","Version":"5","Level":"4","Task":"1","Opcode":"0","Keywords":"10000","TimeCreated":{"@SystemTime":"2025-04-22 20:21:59.0338513"},"EventRecordID":"39538","Correlation":null,"Execution":{"@ProcessID":"2984","@ThreadID":"4008"},"Channel":"Microsoft-Windows-Sysmon/Operational","Computer":"Server002","Security":{"@UserID":"S-1-5-18"}},"EventData":{"Data":[{"@Name":"RuleName","#text":"-"},{"@Name":"UtcTime","#text":"2025-04-22 20:21:59.033"},{"@Name":"ProcessGuid","#text":"dbf410b3-fa67-6807-df05-000000003f00"},{"@Name":"ProcessId","#text":"3792"},{"@Name":"Image","#text":"C:\Windows\System32\conhost.exe"},{"@Name":"FileVersion","#text":"10.0.19041.5198 (WinBuild.160101.0800)"},{"@Name":"Description","#text":"Console Window Host"},{"@Name":"Product","#text":"Microsoft® Windows® Operating System"},{"@Name":"Company","#text":"Microsoft Corporation"},{"@Name":"OriginalFileName","#text":"CONHOST.EXE"},{"@Name":"CommandLine","#text":"\??\C:\Windows\system32\conhost.exe 0xffffffff -ForceV1"},{"@Name":"CurrentDirectory","#text":"C:\Windows"},{"@Name":"User","#text":"NT AUTHORITY\SYSTEM"},{"@Name":"LogonGuid","#text":"dbf410b3-baf8-6807-e703-000000000000"},{"@Name":"LogonId","#text":"0x3E7"},{"@Name":"TerminalSessionId","#text":"0"},{"@Name":"IntegrityLevel","#text":"System"},{"@Name":"Hashes","#text":"SHA256=B02EE54FB2EC69673386D41119EE8ED083A6EAB3BFCA6AA2155D20CE68EF8963"},{"@Name":"ParentProcessGuid","#text":"dbf410b3-fa67-6807-de05-000000003f00"},{"@Name":"ParentProcessId","#text":"8372"},{"@Name":"ParentImage","#text":"C:\Windows\System32\wevtutil.exe"},{"@Name":"ParentCommandLine","#text":"C:\Windows\system32\wevtutil.exe uninstall-manifest \"C:\ProgramData\Microsoft\Windows Defender\Platform\4.18.24080.9-0\Microsoft-Antimalware-NIS.man\""},{"@Name":"ParentUser","#text":"NT AUTHORITY\SYSTEM"}]}}}
{"Event":{"System":{"Provider":{"@Name":"Microsoft-Windows-Sysmon","@Guid":"5770385f-c22a-43e0-bf4c-06f5698ffbd9"},"EventID":"5","Version":"3","Level":"4","Task":"5","Opcode":"0","Keywords":"10000","TimeCreated":{"@SystemTime":"2025-04-22 20:21:59.1074192"},"EventRecordID":"39539","Correlation":null,"Execution":{"@ProcessID":"2984","@ThreadID":"4008"},"Channel":"Microsoft-Windows-Sysmon/Operational","Computer":"Server002","Security":{"@UserID":"S-1-5-18"}},"EventData":{"Data":[{"@Name":"RuleName","#text":"-"},{"@Name":"UtcTime","#text":"2025-04-22 20:21:59.077"},{"@Name":"ProcessGuid","#text":"dbf410b3-fa67-6807-de05-000000003f00"},{"@Name":"ProcessId","#text":"8372"},{"@Name":"Image","#text":"C:\Windows\System32\wevtutil.exe"},{"@Name":"User","#text":"NT AUTHORITY\SYSTEM"}]}}}
{"Event":{"System":{"Provider":{"@Name":"Microsoft-Windows-Sysmon","@Guid":"5770385f-c22a-43e0-bf4c-06f5698ffbd9"},"EventID":"5","Version":"3","Level":"4","Task":"5","Opcode":"0","Keywords":"10000","TimeCreated":{"@SystemTime":"2025-04-22 20:21:59.1102311"},"EventRecordID":"39540","Correlation":null,"Execution":{"@ProcessID":"2984","@ThreadID":"4008"},"Channel":"Microsoft-Windows-Sysmon/Operational","Computer":"Server002","Security":{"@UserID":"S-1-5-18"}},"EventData":{"Data":[{"@Name":"RuleName","#text":"-"},{"@Name":"UtcTime","#text":"2025-04-22 20:21:59.107"},{"@Name":"ProcessGuid","#text":"dbf410b3-fa67-6807-df05-000000003f00"},{"@Name":"ProcessId","#text":"3792"},{"@Name":"Image","#text":"C:\Windows\System32\conhost.exe"},{"@Name":"User","#text":"NT AUTHORITY\SYSTEM"}]}}}
{"Event":{"System":{"Provider":{"@Name":"Microsoft-Windows-Sysmon","@Guid":"5770385f-c22a-43e0-bf4c-06f5698ffbd9"},"EventID":"1","Version":"5","Level":"4","Task":"1","Opcode":"0","Keywords":"10000","TimeCreated":{"@SystemTime":"2025-04-22 20:21:59.1122223"},"EventRecordID":"39541","Correlation":null,"Execution":{"@ProcessID":"2984","@ThreadID":"4008"},"Channel":"Microsoft-Windows-Sysmon/Operational","Computer":"Server002","Security":{"@UserID":"S-1-5-18"}},"EventData":{"Data":[{"@Name":"RuleName","#text":"-"},{"@Name":"UtcTime","#text":"2025-04-22 20:21:59.111"},{"@Name":"ProcessGuid","#text":"dbf410b3-fa67-6807-e005-000000003f00"},{"@Name":"ProcessId","#text":"1792"},{"@Name":"Image","#text":"C:\Windows\System32\wevtutil.exe"},{"@Name":"FileVersion","#text":"10.0.19041.5369 (WinBuild.160101.0800)"},{"@Name":"Description","#text":"Eventing Command Line Utility"},{"@Name":"Product","#text":"Microsoft® Windows® Operating System"},{"@Name":"Company","#text":"Microsoft Corporation"},{"@Name":"OriginalFileName","#text":"wevtutil.exe"},{"@Name":"CommandLine","#text":"C:\Windows\system32\wevtutil.exe install-manifest \"C:\ProgramData\Microsoft\Windows Defender\Platform\4.18.24080.9-0\Microsoft-Antimalware-NIS.man\" \"/resourceFilePath:C:\ProgramData\Microsoft\Windows Defender\Platform\4.18.24080.9-0\NisSrv.exe\" \"/messageFilePath:C:\ProgramData\Microsoft\Windows Defender\Platform\4.18.24080.9-0\NisSrv.exe\" \"/parameterFilePath:C:\ProgramData\Microsoft\Windows Defender\Platform\4.18.24080.9-0\NisSrv.exe\""},{"@Name":"CurrentDirectory","#text":"C:\Windows\system32\"},{"@Name":"User","#text":"NT AUTHORITY\SYSTEM"},{"@Name":"LogonGuid","#text":"dbf410b3-baf8-6807-e703-000000000000"},{"@Name":"LogonId","#text":"0x3E7"},{"@Name":"TerminalSessionId","#text":"0"},{"@Name":"IntegrityLevel","#text":"System"},{"@Name":"Hashes","#text":"SHA256=6EB98491FA6A7B19BBA56EADEA1390CA598FA19220FA1D787FC2F0A3631CC341"},{"@Name":"ParentProcessGuid","#text":"dbf410b3-fa65-6807-d105-000000003f00"},{"@Name":"ParentProcessId","#text":"8860"},{"@Name":"ParentImage","#text":"C:\ProgramData\Microsoft\Windows Defender\Platform\4.18.24080.9-0\MsMpEng.exe"},{"@Name":"ParentCommandLine","#text":"\"C:\ProgramData\Microsoft\Windows Defender\Platform\4.18.24080.9-0\MsMpEng.exe\""},{"@Name":"ParentUser","#text":"NT AUTHORITY\SYSTEM"}]}}}
{"Event":{"System":{"Provider":{"@Name":"Microsoft-Windows-Sysmon","@Guid":"5770385f-c22a-43e0-bf4c-06f5698ffbd9"},"EventID":"1","Version":"5","Level":"4","Task":"1","Opcode":"0","Keywords":"10000","TimeCreated":{"@SystemTime":"2025-04-22 20:21:59.1151092"},"EventRecordID":"39542","Correlation":null,"Execution":{"@ProcessID":"2984","@ThreadID":"4008"},"Channel":"Microsoft-Windows-Sysmon/Operational","Computer":"Server002","Security":{"@UserID":"S-1-5-18"}},"EventData":{"Data":[{"@Name":"RuleName","#text":"-"},{"@Name":"UtcTime","#text":"2025-04-22 20:21:59.114"},{"@Name":"ProcessGuid","#text":"dbf410b3-fa67-6807-e105-000000003f00"},{"@Name":"ProcessId","#text":"4732"},{"@Name":"Image","#text":"C:\Windows\System32\conhost.exe"},{"@Name":"FileVersion","#text":"10.0.19041.5198 (WinBuild.160101.0800)"},{"@Name":"Description","#text":"Console Window Host"},{"@Name":"Product","#text":"Microsoft® Windows® Operating System"},{"@Name":"Company","#text":"Microsoft Corporation"},{"@Name":"OriginalFileName","#text":"CONHOST.EXE"},{"@Name":"CommandLine","#text":"\??\C:\Windows\system32\conhost.exe 0xffffffff -ForceV1"},{"@Name":"CurrentDirectory","#text":"C:\Windows"},{"@Name":"User","#text":"NT AUTHORITY\SYSTEM"},{"@Name":"LogonGuid","#text":"dbf410b3-baf8-6807-e703-000000000000"},{"@Name":"LogonId","#text":"0x3E7"},{"@Name":"TerminalSessionId","#text":"0"},{"@Name":"IntegrityLevel","#text":"System"},{"@Name":"Hashes","#text":"SHA256=B02EE54FB2EC69673386D41119EE8ED083A6EAB3BFCA6AA2155D20CE68EF8963"},{"@Name":"ParentProcessGuid","#text":"dbf410b3-fa67-6807-e005-000000003f00"},{"@Name":"ParentProcessId","#text":"1792"},{"@Name":"ParentImage","#text":"C:\Windows\System32\wevtutil.exe"},{"@Name":"ParentCommandLine","#text":"C:\Windows\system32\wevtutil.exe install-manifest \"C:\ProgramData\Microsoft\Windows Defender\Platform\4.18.24080.9-0\Microsoft-Antimalware-NIS.man\" \"/resourceFilePath:C:\ProgramData\Microsoft\Windows Defender\Platform\4.18.24080.9-0\NisSrv.exe\" \"/messageFilePath:C:\ProgramData\Microsoft\Windows Defender\Platform\4.18.24080.9-0\NisSrv.exe\" \"/parameterFilePath:C:\ProgramData\Microsoft\Windows Defender\Platform\4.18.24080.9-0\NisSrv.exe\""},{"@Name":"ParentUser","#text":"NT AUTHORITY\SYSTEM"}]}}}
{"Event":{"System":{"Provider":{"@Name":"Microsoft-Windows-Sysmon","@Guid":"5770385f-c22a-43e0-bf4c-06f5698ffbd9"},"EventID":"5","Version":"3","Level":"4","Task":"5","Opcode":"0","Keywords":"10000","TimeCreated":{"@SystemTime":"2025-04-22 20:21:59.2270832"},"EventRecordID":"39543","Correlation":null,"Execution":{"@ProcessID":"2984","@ThreadID":"4008"},"Channel":"Microsoft-Windows-Sysmon/Operational","Computer":"Server002","Security":{"@UserID":"S-1-5-18"}},"EventData":{"Data":[{"@Name":"RuleName","#text":"-"},{"@Name":"UtcTime","#text":"2025-04-22 20:21:59.225"},{"@Name":"ProcessGuid","#text":"dbf410b3-fa67-6807-e005-000000003f00"},{"@Name":"ProcessId","#text":"1792"},{"@Name":"Image","#text":"C:\Windows\System32\wevtutil.exe"},{"@Name":"User","#text":"NT AUTHORITY\SYSTEM"}]}}}
{"Event":{"System":{"Provider":{"@Name":"Microsoft-Windows-Sysmon","@Guid":"5770385f-c22a-43e0-bf4c-06f5698ffbd9"},"EventID":"5","Version":"3","Level":"4","Task":"5","Opcode":"0","Keywords":"10000","TimeCreated":{"@SystemTime":"2025-04-22 20:21:59.2302324"},"EventRecordID":"39544","Correlation":null,"Execution":{"@ProcessID":"2984","@ThreadID":"4008"},"Channel":"Microsoft-Windows-Sysmon/Operational","Computer":"Server002","Security":{"@UserID":"S-1-5-18"}},"EventData":{"Data":[{"@Name":"RuleName","#text":"-"},{"@Name":"UtcTime","#text":"2025-04-22 20:21:59.228"},{"@Name":"ProcessGuid","#text":"dbf410b3-fa67-6807-e105-000000003f00"},{"@Name":"ProcessId","#text":"4732"},{"@Name":"Image","#text":"C:\Windows\System32\conhost.exe"},{"@Name":"User","#text":"NT AUTHORITY\SYSTEM"}]}}}
{"Event":{"System":{"Provider":{"@Name":"Microsoft-Windows-Sysmon","@Guid":"5770385f-c22a-43e0-bf4c-06f5698ffbd9"},"EventID":"1","Version":"5","Level":"4","Task":"1","Opcode":"0","Keywords":"10000","TimeCreated":{"@SystemTime":"2025-04-22 20:21:59.2325928"},"EventRecordID":"39545","Correlation":null,"Execution":{"@ProcessID":"2984","@ThreadID":"4008"},"Channel":"Microsoft-Windows-Sysmon/Operational","Computer":"Server002","Security":{"@UserID":"S-1-5-18"}},"EventData":{"Data":[{"@Name":"RuleName","#text":"-"},{"@Name":"UtcTime","#text":"2025-04-22 20:21:59.231"},{"@Name":"ProcessGuid","#text":"dbf410b3-fa67-6807-e205-000000003f00"},{"@Name":"ProcessId","#text":"7968"},{"@Name":"Image","#text":"C:\Windows\System32\wevtutil.exe"},{"@Name":"FileVersion","#text":"10.0.19041.5369 (WinBuild.160101.0800)"},{"@Name":"Description","#text":"Eventing Command Line Utility"},{"@Name":"Product","#text":"Microsoft® Windows® Operating System"},{"@Name":"Company","#text":"Microsoft Corporation"},{"@Name":"OriginalFileName","#text":"wevtutil.exe"},{"@Name":"CommandLine","#text":"C:\Windows\system32\wevtutil.exe uninstall-manifest \"C:\ProgramData\Microsoft\Windows Defender\Platform\4.18.24080.9-0\Microsoft-Antimalware-RTP.man\""},{"@Name":"CurrentDirectory","#text":"C:\Windows\system32\"},{"@Name":"User","#text":"NT AUTHORITY\SYSTEM"},{"@Name":"LogonGuid","#text":"dbf410b3-baf8-6807-e703-000000000000"},{"@Name":"LogonId","#text":"0x3E7"},{"@Name":"TerminalSessionId","#text":"0"},{"@Name":"IntegrityLevel","#text":"System"},{"@Name":"Hashes","#text":"SHA256=6EB98491FA6A7B19BBA56EADEA1390CA598FA19220FA1D787FC2F0A3631CC341"},{"@Name":"ParentProcessGuid","#text":"dbf410b3-fa65-6807-d105-000000003f00"},{"@Name":"ParentProcessId","#text":"8860"},{"@Name":"ParentImage","#text":"C:\ProgramData\Microsoft\Windows Defender\Platform\4.18.24080.9-0\MsMpEng.exe"},{"@Name":"ParentCommandLine","#text":"\"C:\ProgramData\Microsoft\Windows Defender\Platform\4.18.24080.9-0\MsMpEng.exe\""},{"@Name":"ParentUser","#text":"NT AUTHORITY\SYSTEM"}]}}}
{"Event":{"System":{"Provider":{"@Name":"Microsoft-Windows-Sysmon","@Guid":"5770385f-c22a-43e0-bf4c-06f5698ffbd9"},"EventID":"1","Version":"5","Level":"4","Task":"1","Opcode":"0","Keywords":"10000","TimeCreated":{"@SystemTime":"2025-04-22 20:21:59.2364058"},"EventRecordID":"39546","Correlation":null,"Execution":{"@ProcessID":"2984","@ThreadID":"4008"},"Channel":"Microsoft-Windows-Sysmon/Operational","Computer":"Server002","Security":{"@UserID":"S-1-5-18"}},"EventData":{"Data":[{"@Name":"RuleName","#text":"-"},{"@Name":"UtcTime","#text":"2025-04-22 20:21:59.235"},{"@Name":"ProcessGuid","#text":"dbf410b3-fa67-6807-e305-000000003f00"},{"@Name":"ProcessId","#text":"9068"},{"@Name":"Image","#text":"C:\Windows\System32\conhost.exe"},{"@Name":"FileVersion","#text":"10.0.19041.5198 (WinBuild.160101.0800)"},{"@Name":"Description","#text":"Console Window Host"},{"@Name":"Product","#text":"Microsoft® Windows® Operating System"},{"@Name":"Company","#text":"Microsoft Corporation"},{"@Name":"OriginalFileName","#text":"CONHOST.EXE"},{"@Name":"CommandLine","#text":"\??\C:\Windows\system32\conhost.exe 0xffffffff -ForceV1"},{"@Name":"CurrentDirectory","#text":"C:\Windows"},{"@Name":"User","#text":"NT AUTHORITY\SYSTEM"},{"@Name":"LogonGuid","#text":"dbf410b3-baf8-6807-e703-000000000000"},{"@Name":"LogonId","#text":"0x3E7"},{"@Name":"TerminalSessionId","#text":"0"},{"@Name":"IntegrityLevel","#text":"System"},{"@Name":"Hashes","#text":"SHA256=B02EE54FB2EC69673386D41119EE8ED083A6EAB3BFCA6AA2155D20CE68EF8963"},{"@Name":"ParentProcessGuid","#text":"dbf410b3-fa67-6807-e205-000000003f00"},{"@Name":"ParentProcessId","#text":"7968"},{"@Name":"ParentImage","#text":"C:\Windows\System32\wevtutil.exe"},{"@Name":"ParentCommandLine","#text":"C:\Windows\system32\wevtutil.exe uninstall-manifest \"C:\ProgramData\Microsoft\Windows Defender\Platform\4.18.24080.9-0\Microsoft-Antimalware-RTP.man\""},{"@Name":"ParentUser","#text":"NT AUTHORITY\SYSTEM"}]}}}
{"Event":{"System":{"Provider":{"@Name":"Microsoft-Windows-Sysmon","@Guid":"5770385f-c22a-43e0-bf4c-06f5698ffbd9"},"EventID":"5","Version":"3","Level":"4","Task":"5","Opcode":"0","Keywords":"10000","TimeCreated":{"@SystemTime":"2025-04-22 20:21:59.3231992"},"EventRecordID":"39547","Correlation":null,"Execution":{"@ProcessID":"2984","@ThreadID":"4008"},"Channel":"Microsoft-Windows-Sysmon/Operational","Computer":"Server002","Security":{"@UserID":"S-1-5-18"}},"EventData":{"Data":[{"@Name":"RuleName","#text":"-"},{"@Name":"UtcTime","#text":"2025-04-22 20:21:59.317"},{"@Name":"ProcessGuid","#text":"dbf410b3-fa67-6807-e205-000000003f00"},{"@Name":"ProcessId","#text":"7968"},{"@Name":"Image","#text":"C:\Windows\System32\wevtutil.exe"},{"@Name":"User","#text":"NT AUTHORITY\SYSTEM"}]}}}
{"Event":{"System":{"Provider":{"@Name":"Microsoft-Windows-Sysmon","@Guid":"5770385f-c22a-43e0-bf4c-06f5698ffbd9"},"EventID":"5","Version":"3","Level":"4","Task":"5","Opcode":"0","Keywords":"10000","TimeCreated":{"@SystemTime":"2025-04-22 20:21:59.3296239"},"EventRecordID":"39548","Correlation":null,"Execution":{"@ProcessID":"2984","@ThreadID":"4008"},"Channel":"Microsoft-Windows-Sysmon/Operational","Computer":"Server002","Security":{"@UserID":"S-1-5-18"}},"EventData":{"Data":[{"@Name":"RuleName","#text":"-"},{"@Name":"UtcTime","#text":"2025-04-22 20:21:59.327"},{"@Name":"ProcessGuid","#text":"dbf410b3-fa67-6807-e305-000000003f00"},{"@Name":"ProcessId","#text":"9068"},{"@Name":"Image","#text":"C:\Windows\System32\conhost.exe"},{"@Name":"User","#text":"NT AUTHORITY\SYSTEM"}]}}}
