{"Event":{"System":{"Provider":{"@Name":"Microsoft-Windows-Sysmon","@Guid":"5770385f-c22a-43e0-bf4c-06f5698ffbd9"},"EventID":"5","Version":"3","Level":"4","Task":"5","Opcode":"0","Keywords":"10000","TimeCreated":{"@SystemTime":"2025-04-21 12:01:15.4887547"},"EventRecordID":"35180","Correlation":null,"Execution":{"@ProcessID":"3112","@ThreadID":"4188"},"Channel":"Microsoft-Windows-Sysmon/Operational","Computer":"Server002","Security":{"@UserID":"S-1-5-18"}},"EventData":{"Data":[{"@Name":"RuleName","#text":"-"},{"@Name":"UtcTime","#text":"2025-04-21 12:01:15.425"},{"@Name":"ProcessGuid","#text":"dbf410b3-0ae6-6806-7f09-000000003e00"},{"@Name":"ProcessId","#text":"14032"},{"@Name":"Image","#text":"C:\Windows\System32\conhost.exe"},{"@Name":"User","#text":"SERVER002\lplui"}]}}}
{"Event":{"System":{"Provider":{"@Name":"Microsoft-Windows-Sysmon","@Guid":"5770385f-c22a-43e0-bf4c-06f5698ffbd9"},"EventID":"1","Version":"5","Level":"4","Task":"1","Opcode":"0","Keywords":"10000","TimeCreated":{"@SystemTime":"2025-04-21 12:01:19.0877252"},"EventRecordID":"35181","Correlation":null,"Execution":{"@ProcessID":"3112","@ThreadID":"4188"},"Channel":"Microsoft-Windows-Sysmon/Operational","Computer":"Server002","Security":{"@UserID":"S-1-5-18"}},"EventData":{"Data":[{"@Name":"RuleName","#text":"-"},{"@Name":"UtcTime","#text":"2025-04-21 12:01:18.968"},{"@Name":"ProcessGuid","#text":"dbf410b3-338e-6806-260a-000000003e00"},{"@Name":"ProcessId","#text":"1704"},{"@Name":"Image","#text":"C:\Program Files\Malwarebytes\Anti-Malware\ig.exe"},{"@Name":"FileVersion","#text":"1.0.4.8"},{"@Name":"Description","#text":"Malware Scanner"},{"@Name":"Product","#text":"Malwarebytes Scanner"},{"@Name":"Company","#text":"MalwareBytes"},{"@Name":"OriginalFileName","#text":"ig.exe"},{"@Name":"CommandLine","#text":"ig.exe reseed"},{"@Name":"CurrentDirectory","#text":"C:\PROGRAM FILES\MALWAREBYTES\ANTI-MALWARE\"},{"@Name":"User","#text":"SERVER002\lplui"},{"@Name":"LogonGuid","#text":"dbf410b3-1bf3-6802-b583-030000000000"},{"@Name":"LogonId","#text":"0x383B5"},{"@Name":"TerminalSessionId","#text":"1"},{"@Name":"IntegrityLevel","#text":"Low"},{"@Name":"Hashes","#text":"SHA256=0A92734D2859491BEE271BFB8C3EBD619E89EA7E80DF3F756F248C367D7A3331"},{"@Name":"ParentProcessGuid","#text":"dbf410b3-1bef-6802-5000-000000003e00"},{"@Name":"ParentProcessId","#text":"3260"},{"@Name":"ParentImage","#text":"C:\Program Files\Malwarebytes\Anti-Malware\MBAMService.exe"},{"@Name":"ParentCommandLine","#text":"\"C:\Program Files\Malwarebytes\Anti-Malware\MBAMService.exe\""},{"@Name":"ParentUser","#text":"NT AUTHORITY\SYSTEM"}]}}}
{"Event":{"System":{"Provider":{"@Name":"Microsoft-Windows-Sysmon","@Guid":"5770385f-c22a-43e0-bf4c-06f5698ffbd9"},"EventID":"5","Version":"3","Level":"4","Task":"5","Opcode":"0","Keywords":"10000","TimeCreated":{"@SystemTime":"2025-04-21 12:01:19.1058802"},"EventRecordID":"35182","Correlation":null,"Execution":{"@ProcessID":"3112","@ThreadID":"4188"},"Channel":"Microsoft-Windows-Sysmon/Operational","Computer":"Server002","Security":{"@UserID":"S-1-5-18"}},"EventData":{"Data":[{"@Name":"RuleName","#text":"-"},{"@Name":"UtcTime","#text":"2025-04-21 12:01:19.105"},{"@Name":"ProcessGuid","#text":"dbf410b3-338e-6806-260a-000000003e00"},{"@Name":"ProcessId","#text":"1704"},{"@Name":"Image","#text":"C:\Program Files\Malwarebytes\Anti-Malware\ig.exe"},{"@Name":"User","#text":"SERVER002\lplui"}]}}}
{"Event":{"System":{"Provider":{"@Name":"Microsoft-Windows-Sysmon","@Guid":"5770385f-c22a-43e0-bf4c-06f5698ffbd9"},"EventID":"1","Version":"5","Level":"4","Task":"1","Opcode":"0","Keywords":"10000","TimeCreated":{"@SystemTime":"2025-04-21 12:01:19.5209790"},"EventRecordID":"35183","Correlation":null,"Execution":{"@ProcessID":"3112","@ThreadID":"4188"},"Channel":"Microsoft-Windows-Sysmon/Operational","Computer":"Server002","Security":{"@UserID":"S-1-5-18"}},"EventData":{"Data":[{"@Name":"RuleName","#text":"-"},{"@Name":"UtcTime","#text":"2025-04-21 12:01:19.309"},{"@Name":"ProcessGuid","#text":"dbf410b3-338f-6806-270a-000000003e00"},{"@Name":"ProcessId","#text":"13712"},{"@Name":"Image","#text":"C:\Program Files\Malwarebytes\Anti-Malware\ig.exe"},{"@Name":"FileVersion","#text":"1.0.4.8"},{"@Name":"Description","#text":"Malware Scanner"},{"@Name":"Product","#text":"Malwarebytes Scanner"},{"@Name":"Company","#text":"MalwareBytes"},{"@Name":"OriginalFileName","#text":"ig.exe"},{"@Name":"CommandLine","#text":"ig.exe reseed"},{"@Name":"CurrentDirectory","#text":"C:\PROGRAM FILES\MALWAREBYTES\ANTI-MALWARE\"},{"@Name":"User","#text":"SERVER002\lplui"},{"@Name":"LogonGuid","#text":"dbf410b3-1bf3-6802-b583-030000000000"},{"@Name":"LogonId","#text":"0x383B5"},{"@Name":"TerminalSessionId","#text":"1"},{"@Name":"IntegrityLevel","#text":"Low"},{"@Name":"Hashes","#text":"SHA256=0A92734D2859491BEE271BFB8C3EBD619E89EA7E80DF3F756F248C367D7A3331"},{"@Name":"ParentProcessGuid","#text":"dbf410b3-1bef-6802-5000-000000003e00"},{"@Name":"ParentProcessId","#text":"3260"},{"@Name":"ParentImage","#text":"C:\Program Files\Malwarebytes\Anti-Malware\MBAMService.exe"},{"@Name":"ParentCommandLine","#text":"\"C:\Program Files\Malwarebytes\Anti-Malware\MBAMService.exe\""},{"@Name":"ParentUser","#text":"NT AUTHORITY\SYSTEM"}]}}}
{"Event":{"System":{"Provider":{"@Name":"Microsoft-Windows-Sysmon","@Guid":"5770385f-c22a-43e0-bf4c-06f5698ffbd9"},"EventID":"5","Version":"3","Level":"4","Task":"5","Opcode":"0","Keywords":"10000","TimeCreated":{"@SystemTime":"2025-04-21 12:01:19.5235729"},"EventRecordID":"35184","Correlation":null,"Execution":{"@ProcessID":"3112","@ThreadID":"4188"},"Channel":"Microsoft-Windows-Sysmon/Operational","Computer":"Server002","Security":{"@UserID":"S-1-5-18"}},"EventData":{"Data":[{"@Name":"RuleName","#text":"-"},{"@Name":"UtcTime","#text":"2025-04-21 12:01:19.521"},{"@Name":"ProcessGuid","#text":"dbf410b3-338f-6806-270a-000000003e00"},{"@Name":"ProcessId","#text":"13712"},{"@Name":"Image","#text":"C:\Program Files\Malwarebytes\Anti-Malware\ig.exe"},{"@Name":"User","#text":"SERVER002\lplui"}]}}}
{"Event":{"System":{"Provider":{"@Name":"Microsoft-Windows-Sysmon","@Guid":"5770385f-c22a-43e0-bf4c-06f5698ffbd9"},"EventID":"1","Version":"5","Level":"4","Task":"1","Opcode":"0","Keywords":"10000","TimeCreated":{"@SystemTime":"2025-04-21 12:01:20.9362159"},"EventRecordID":"35185","Correlation":null,"Execution":{"@ProcessID":"3112","@ThreadID":"4188"},"Channel":"Microsoft-Windows-Sysmon/Operational","Computer":"Server002","Security":{"@UserID":"S-1-5-18"}},"EventData":{"Data":[{"@Name":"RuleName","#text":"-"},{"@Name":"UtcTime","#text":"2025-04-21 12:01:19.833"},{"@Name":"ProcessGuid","#text":"dbf410b3-338f-6806-280a-000000003e00"},{"@Name":"ProcessId","#text":"3892"},{"@Name":"Image","#text":"C:\Program Files\Malwarebytes\Anti-Malware\ig.exe"},{"@Name":"FileVersion","#text":"1.0.4.8"},{"@Name":"Description","#text":"Malware Scanner"},{"@Name":"Product","#text":"Malwarebytes Scanner"},{"@Name":"Company","#text":"MalwareBytes"},{"@Name":"OriginalFileName","#text":"ig.exe"},{"@Name":"CommandLine","#text":"ig.exe reseed"},{"@Name":"CurrentDirectory","#text":"C:\PROGRAM FILES\MALWAREBYTES\ANTI-MALWARE\"},{"@Name":"User","#text":"SERVER002\lplui"},{"@Name":"LogonGuid","#text":"dbf410b3-1bf3-6802-b583-030000000000"},{"@Name":"LogonId","#text":"0x383B5"},{"@Name":"TerminalSessionId","#text":"1"},{"@Name":"IntegrityLevel","#text":"Low"},{"@Name":"Hashes","#text":"SHA256=0A92734D2859491BEE271BFB8C3EBD619E89EA7E80DF3F756F248C367D7A3331"},{"@Name":"ParentProcessGuid","#text":"dbf410b3-1bef-6802-5000-000000003e00"},{"@Name":"ParentProcessId","#text":"3260"},{"@Name":"ParentImage","#text":"C:\Program Files\Malwarebytes\Anti-Malware\MBAMService.exe"},{"@Name":"ParentCommandLine","#text":"\"C:\Program Files\Malwarebytes\Anti-Malware\MBAMService.exe\""},{"@Name":"ParentUser","#text":"NT AUTHORITY\SYSTEM"}]}}}
{"Event":{"System":{"Provider":{"@Name":"Microsoft-Windows-Sysmon","@Guid":"5770385f-c22a-43e0-bf4c-06f5698ffbd9"},"EventID":"5","Version":"3","Level":"4","Task":"5","Opcode":"0","Keywords":"10000","TimeCreated":{"@SystemTime":"2025-04-21 12:01:21.0748874"},"EventRecordID":"35186","Correlation":null,"Execution":{"@ProcessID":"3112","@ThreadID":"4188"},"Channel":"Microsoft-Windows-Sysmon/Operational","Computer":"Server002","Security":{"@UserID":"S-1-5-18"}},"EventData":{"Data":[{"@Name":"RuleName","#text":"-"},{"@Name":"UtcTime","#text":"2025-04-21 12:01:21.016"},{"@Name":"ProcessGuid","#text":"dbf410b3-338f-6806-280a-000000003e00"},{"@Name":"ProcessId","#text":"3892"},{"@Name":"Image","#text":"C:\Program Files\Malwarebytes\Anti-Malware\ig.exe"},{"@Name":"User","#text":"SERVER002\lplui"}]}}}
{"Event":{"System":{"Provider":{"@Name":"Microsoft-Windows-Sysmon","@Guid":"5770385f-c22a-43e0-bf4c-06f5698ffbd9"},"EventID":"1","Version":"5","Level":"4","Task":"1","Opcode":"0","Keywords":"10000","TimeCreated":{"@SystemTime":"2025-04-21 12:01:21.4006476"},"EventRecordID":"35187","Correlation":null,"Execution":{"@ProcessID":"3112","@ThreadID":"4188"},"Channel":"Microsoft-Windows-Sysmon/Operational","Computer":"Server002","Security":{"@UserID":"S-1-5-18"}},"EventData":{"Data":[{"@Name":"RuleName","#text":"-"},{"@Name":"UtcTime","#text":"2025-04-21 12:01:21.159"},{"@Name":"ProcessGuid","#text":"dbf410b3-3391-6806-290a-000000003e00"},{"@Name":"ProcessId","#text":"14304"},{"@Name":"Image","#text":"C:\Program Files\Malwarebytes\Anti-Malware\ig.exe"},{"@Name":"FileVersion","#text":"1.0.4.8"},{"@Name":"Description","#text":"Malware Scanner"},{"@Name":"Product","#text":"Malwarebytes Scanner"},{"@Name":"Company","#text":"MalwareBytes"},{"@Name":"OriginalFileName","#text":"ig.exe"},{"@Name":"CommandLine","#text":"ig.exe reseed"},{"@Name":"CurrentDirectory","#text":"C:\PROGRAM FILES\MALWAREBYTES\ANTI-MALWARE\"},{"@Name":"User","#text":"SERVER002\lplui"},{"@Name":"LogonGuid","#text":"dbf410b3-1bf3-6802-b583-030000000000"},{"@Name":"LogonId","#text":"0x383B5"},{"@Name":"TerminalSessionId","#text":"1"},{"@Name":"IntegrityLevel","#text":"Low"},{"@Name":"Hashes","#text":"SHA256=0A92734D2859491BEE271BFB8C3EBD619E89EA7E80DF3F756F248C367D7A3331"},{"@Name":"ParentProcessGuid","#text":"dbf410b3-1bef-6802-5000-000000003e00"},{"@Name":"ParentProcessId","#text":"3260"},{"@Name":"ParentImage","#text":"C:\Program Files\Malwarebytes\Anti-Malware\MBAMService.exe"},{"@Name":"ParentCommandLine","#text":"\"C:\Program Files\Malwarebytes\Anti-Malware\MBAMService.exe\""},{"@Name":"ParentUser","#text":"NT AUTHORITY\SYSTEM"}]}}}
{"Event":{"System":{"Provider":{"@Name":"Microsoft-Windows-Sysmon","@Guid":"5770385f-c22a-43e0-bf4c-06f5698ffbd9"},"EventID":"5","Version":"3","Level":"4","Task":"5","Opcode":"0","Keywords":"10000","TimeCreated":{"@SystemTime":"2025-04-21 12:01:21.4037815"},"EventRecordID":"35188","Correlation":null,"Execution":{"@ProcessID":"3112","@ThreadID":"4188"},"Channel":"Microsoft-Windows-Sysmon/Operational","Computer":"Server002","Security":{"@UserID":"S-1-5-18"}},"EventData":{"Data":[{"@Name":"RuleName","#text":"-"},{"@Name":"UtcTime","#text":"2025-04-21 12:01:21.402"},{"@Name":"ProcessGuid","#text":"dbf410b3-3391-6806-290a-000000003e00"},{"@Name":"ProcessId","#text":"14304"},{"@Name":"Image","#text":"C:\Program Files\Malwarebytes\Anti-Malware\ig.exe"},{"@Name":"User","#text":"SERVER002\lplui"}]}}}
{"Event":{"System":{"Provider":{"@Name":"Microsoft-Windows-Sysmon","@Guid":"5770385f-c22a-43e0-bf4c-06f5698ffbd9"},"EventID":"5","Version":"3","Level":"4","Task":"5","Opcode":"0","Keywords":"10000","TimeCreated":{"@SystemTime":"2025-04-21 12:01:22.2385068"},"EventRecordID":"35189","Correlation":null,"Execution":{"@ProcessID":"3112","@ThreadID":"4188"},"Channel":"Microsoft-Windows-Sysmon/Operational","Computer":"Server002","Security":{"@UserID":"S-1-5-18"}},"EventData":{"Data":[{"@Name":"RuleName","#text":"-"},{"@Name":"UtcTime","#text":"2025-04-21 12:01:22.172"},{"@Name":"ProcessGuid","#text":"dbf410b3-336b-6806-1a0a-000000003e00"},{"@Name":"ProcessId","#text":"5712"},{"@Name":"Image","#text":"C:\Program Files (x86)\Microsoft\Edge\Application\msedge.exe"},{"@Name":"User","#text":"SERVER002\lplui"}]}}}
{"Event":{"System":{"Provider":{"@Name":"Microsoft-Windows-Sysmon","@Guid":"5770385f-c22a-43e0-bf4c-06f5698ffbd9"},"EventID":"5","Version":"3","Level":"4","Task":"5","Opcode":"0","Keywords":"10000","TimeCreated":{"@SystemTime":"2025-04-21 12:01:22.2385617"},"EventRecordID":"35190","Correlation":null,"Execution":{"@ProcessID":"3112","@ThreadID":"4188"},"Channel":"Microsoft-Windows-Sysmon/Operational","Computer":"Server002","Security":{"@UserID":"S-1-5-18"}},"EventData":{"Data":[{"@Name":"RuleName","#text":"-"},{"@Name":"UtcTime","#text":"2025-04-21 12:01:22.174"},{"@Name":"ProcessGuid","#text":"dbf410b3-3362-6806-0a0a-000000003e00"},{"@Name":"ProcessId","#text":"7212"},{"@Name":"Image","#text":"C:\Program Files (x86)\Microsoft\Edge\Application\msedge.exe"},{"@Name":"User","#text":"SERVER002\lplui"}]}}}
{"Event":{"System":{"Provider":{"@Name":"Microsoft-Windows-Sysmon","@Guid":"5770385f-c22a-43e0-bf4c-06f5698ffbd9"},"EventID":"1","Version":"5","Level":"4","Task":"1","Opcode":"0","Keywords":"10000","TimeCreated":{"@SystemTime":"2025-04-21 12:01:22.2396227"},"EventRecordID":"35191","Correlation":null,"Execution":{"@ProcessID":"3112","@ThreadID":"4188"},"Channel":"Microsoft-Windows-Sysmon/Operational","Computer":"Server002","Security":{"@UserID":"S-1-5-18"}},"EventData":{"Data":[{"@Name":"RuleName","#text":"-"},{"@Name":"UtcTime","#text":"2025-04-21 12:01:21.499"},{"@Name":"ProcessGuid","#text":"dbf410b3-3391-6806-2a0a-000000003e00"},{"@Name":"ProcessId","#text":"7328"},{"@Name":"Image","#text":"C:\Program Files\Malwarebytes\Anti-Malware\ig.exe"},{"@Name":"FileVersion","#text":"1.0.4.8"},{"@Name":"Description","#text":"Malware Scanner"},{"@Name":"Product","#text":"Malwarebytes Scanner"},{"@Name":"Company","#text":"MalwareBytes"},{"@Name":"OriginalFileName","#text":"ig.exe"},{"@Name":"CommandLine","#text":"ig.exe reseed"},{"@Name":"CurrentDirectory","#text":"C:\PROGRAM FILES\MALWAREBYTES\ANTI-MALWARE\"},{"@Name":"User","#text":"SERVER002\lplui"},{"@Name":"LogonGuid","#text":"dbf410b3-1bf3-6802-b583-030000000000"},{"@Name":"LogonId","#text":"0x383B5"},{"@Name":"TerminalSessionId","#text":"1"},{"@Name":"IntegrityLevel","#text":"Low"},{"@Name":"Hashes","#text":"SHA256=0A92734D2859491BEE271BFB8C3EBD619E89EA7E80DF3F756F248C367D7A3331"},{"@Name":"ParentProcessGuid","#text":"dbf410b3-1bef-6802-5000-000000003e00"},{"@Name":"ParentProcessId","#text":"3260"},{"@Name":"ParentImage","#text":"C:\Program Files\Malwarebytes\Anti-Malware\MBAMService.exe"},{"@Name":"ParentCommandLine","#text":"\"C:\Program Files\Malwarebytes\Anti-Malware\MBAMService.exe\""},{"@Name":"ParentUser","#text":"NT AUTHORITY\SYSTEM"}]}}}
{"Event":{"System":{"Provider":{"@Name":"Microsoft-Windows-Sysmon","@Guid":"5770385f-c22a-43e0-bf4c-06f5698ffbd9"},"EventID":"5","Version":"3","Level":"4","Task":"5","Opcode":"0","Keywords":"10000","TimeCreated":{"@SystemTime":"2025-04-21 12:01:22.3225609"},"EventRecordID":"35192","Correlation":null,"Execution":{"@ProcessID":"3112","@ThreadID":"4188"},"Channel":"Microsoft-Windows-Sysmon/Operational","Computer":"Server002","Security":{"@UserID":"S-1-5-18"}},"EventData":{"Data":[{"@Name":"RuleName","#text":"-"},{"@Name":"UtcTime","#text":"2025-04-21 12:01:22.306"},{"@Name":"ProcessGuid","#text":"dbf410b3-3391-6806-2a0a-000000003e00"},{"@Name":"ProcessId","#text":"7328"},{"@Name":"Image","#text":"C:\Program Files\Malwarebytes\Anti-Malware\ig.exe"},{"@Name":"User","#text":"SERVER002\lplui"}]}}}
{"Event":{"System":{"Provider":{"@Name":"Microsoft-Windows-Sysmon","@Guid":"5770385f-c22a-43e0-bf4c-06f5698ffbd9"},"EventID":"1","Version":"5","Level":"4","Task":"1","Opcode":"0","Keywords":"10000","TimeCreated":{"@SystemTime":"2025-04-21 12:01:22.9116935"},"EventRecordID":"35193","Correlation":null,"Execution":{"@ProcessID":"3112","@ThreadID":"4188"},"Channel":"Microsoft-Windows-Sysmon/Operational","Computer":"Server002","Security":{"@UserID":"S-1-5-18"}},"EventData":{"Data":[{"@Name":"RuleName","#text":"-"},{"@Name":"UtcTime","#text":"2025-04-21 12:01:22.535"},{"@Name":"ProcessGuid","#text":"dbf410b3-3392-6806-2b0a-000000003e00"},{"@Name":"ProcessId","#text":"4732"},{"@Name":"Image","#text":"C:\Program Files\Malwarebytes\Anti-Malware\ig.exe"},{"@Name":"FileVersion","#text":"1.0.4.8"},{"@Name":"Description","#text":"Malware Scanner"},{"@Name":"Product","#text":"Malwarebytes Scanner"},{"@Name":"Company","#text":"MalwareBytes"},{"@Name":"OriginalFileName","#text":"ig.exe"},{"@Name":"CommandLine","#text":"ig.exe reseed"},{"@Name":"CurrentDirectory","#text":"C:\PROGRAM FILES\MALWAREBYTES\ANTI-MALWARE\"},{"@Name":"User","#text":"SERVER002\lplui"},{"@Name":"LogonGuid","#text":"dbf410b3-1bf3-6802-b583-030000000000"},{"@Name":"LogonId","#text":"0x383B5"},{"@Name":"TerminalSessionId","#text":"1"},{"@Name":"IntegrityLevel","#text":"Low"},{"@Name":"Hashes","#text":"SHA256=0A92734D2859491BEE271BFB8C3EBD619E89EA7E80DF3F756F248C367D7A3331"},{"@Name":"ParentProcessGuid","#text":"dbf410b3-1bef-6802-5000-000000003e00"},{"@Name":"ParentProcessId","#text":"3260"},{"@Name":"ParentImage","#text":"C:\Program Files\Malwarebytes\Anti-Malware\MBAMService.exe"},{"@Name":"ParentCommandLine","#text":"\"C:\Program Files\Malwarebytes\Anti-Malware\MBAMService.exe\""},{"@Name":"ParentUser","#text":"NT AUTHORITY\SYSTEM"}]}}}
{"Event":{"System":{"Provider":{"@Name":"Microsoft-Windows-Sysmon","@Guid":"5770385f-c22a-43e0-bf4c-06f5698ffbd9"},"EventID":"5","Version":"3","Level":"4","Task":"5","Opcode":"0","Keywords":"10000","TimeCreated":{"@SystemTime":"2025-04-21 12:01:22.9142721"},"EventRecordID":"35194","Correlation":null,"Execution":{"@ProcessID":"3112","@ThreadID":"4188"},"Channel":"Microsoft-Windows-Sysmon/Operational","Computer":"Server002","Security":{"@UserID":"S-1-5-18"}},"EventData":{"Data":[{"@Name":"RuleName","#text":"-"},{"@Name":"UtcTime","#text":"2025-04-21 12:01:22.909"},{"@Name":"ProcessGuid","#text":"dbf410b3-3392-6806-2b0a-000000003e00"},{"@Name":"ProcessId","#text":"4732"},{"@Name":"Image","#text":"C:\Program Files\Malwarebytes\Anti-Malware\ig.exe"},{"@Name":"User","#text":"SERVER002\lplui"}]}}}
{"Event":{"System":{"Provider":{"@Name":"Microsoft-Windows-Sysmon","@Guid":"5770385f-c22a-43e0-bf4c-06f5698ffbd9"},"EventID":"1","Version":"5","Level":"4","Task":"1","Opcode":"0","Keywords":"10000","TimeCreated":{"@SystemTime":"2025-04-21 12:01:23.5052727"},"EventRecordID":"35195","Correlation":null,"Execution":{"@ProcessID":"3112","@ThreadID":"4188"},"Channel":"Microsoft-Windows-Sysmon/Operational","Computer":"Server002","Security":{"@UserID":"S-1-5-18"}},"EventData":{"Data":[{"@Name":"RuleName","#text":"-"},{"@Name":"UtcTime","#text":"2025-04-21 12:01:23.060"},{"@Name":"ProcessGuid","#text":"dbf410b3-3393-6806-2c0a-000000003e00"},{"@Name":"ProcessId","#text":"5720"},{"@Name":"Image","#text":"C:\Program Files\Malwarebytes\Anti-Malware\ig.exe"},{"@Name":"FileVersion","#text":"1.0.4.8"},{"@Name":"Description","#text":"Malware Scanner"},{"@Name":"Product","#text":"Malwarebytes Scanner"},{"@Name":"Company","#text":"MalwareBytes"},{"@Name":"OriginalFileName","#text":"ig.exe"},{"@Name":"CommandLine","#text":"ig.exe reseed"},{"@Name":"CurrentDirectory","#text":"C:\PROGRAM FILES\MALWAREBYTES\ANTI-MALWARE\"},{"@Name":"User","#text":"SERVER002\lplui"},{"@Name":"LogonGuid","#text":"dbf410b3-1bf3-6802-b583-030000000000"},{"@Name":"LogonId","#text":"0x383B5"},{"@Name":"TerminalSessionId","#text":"1"},{"@Name":"IntegrityLevel","#text":"Low"},{"@Name":"Hashes","#text":"SHA256=0A92734D2859491BEE271BFB8C3EBD619E89EA7E80DF3F756F248C367D7A3331"},{"@Name":"ParentProcessGuid","#text":"dbf410b3-1bef-6802-5000-000000003e00"},{"@Name":"ParentProcessId","#text":"3260"},{"@Name":"ParentImage","#text":"C:\Program Files\Malwarebytes\Anti-Malware\MBAMService.exe"},{"@Name":"ParentCommandLine","#text":"\"C:\Program Files\Malwarebytes\Anti-Malware\MBAMService.exe\""},{"@Name":"ParentUser","#text":"NT AUTHORITY\SYSTEM"}]}}}
{"Event":{"System":{"Provider":{"@Name":"Microsoft-Windows-Sysmon","@Guid":"5770385f-c22a-43e0-bf4c-06f5698ffbd9"},"EventID":"5","Version":"3","Level":"4","Task":"5","Opcode":"0","Keywords":"10000","TimeCreated":{"@SystemTime":"2025-04-21 12:01:23.5104508"},"EventRecordID":"35196","Correlation":null,"Execution":{"@ProcessID":"3112","@ThreadID":"4188"},"Channel":"Microsoft-Windows-Sysmon/Operational","Computer":"Server002","Security":{"@UserID":"S-1-5-18"}},"EventData":{"Data":[{"@Name":"RuleName","#text":"-"},{"@Name":"UtcTime","#text":"2025-04-21 12:01:23.509"},{"@Name":"ProcessGuid","#text":"dbf410b3-3393-6806-2c0a-000000003e00"},{"@Name":"ProcessId","#text":"5720"},{"@Name":"Image","#text":"C:\Program Files\Malwarebytes\Anti-Malware\ig.exe"},{"@Name":"User","#text":"SERVER002\lplui"}]}}}
{"Event":{"System":{"Provider":{"@Name":"Microsoft-Windows-Sysmon","@Guid":"5770385f-c22a-43e0-bf4c-06f5698ffbd9"},"EventID":"5","Version":"3","Level":"4","Task":"5","Opcode":"0","Keywords":"10000","TimeCreated":{"@SystemTime":"2025-04-21 12:01:24.0289802"},"EventRecordID":"35197","Correlation":null,"Execution":{"@ProcessID":"3112","@ThreadID":"4188"},"Channel":"Microsoft-Windows-Sysmon/Operational","Computer":"Server002","Security":{"@UserID":"S-1-5-18"}},"EventData":{"Data":[{"@Name":"RuleName","#text":"-"},{"@Name":"UtcTime","#text":"2025-04-21 12:01:23.956"},{"@Name":"ProcessGuid","#text":"dbf410b3-0ad7-6806-7109-000000003e00"},{"@Name":"ProcessId","#text":"5400"},{"@Name":"Image","#text":"C:\Program Files (x86)\Microsoft\Edge\Application\msedge.exe"},{"@Name":"User","#text":"SERVER002\lplui"}]}}}
{"Event":{"System":{"Provider":{"@Name":"Microsoft-Windows-Sysmon","@Guid":"5770385f-c22a-43e0-bf4c-06f5698ffbd9"},"EventID":"1","Version":"5","Level":"4","Task":"1","Opcode":"0","Keywords":"10000","TimeCreated":{"@SystemTime":"2025-04-21 12:01:24.1751191"},"EventRecordID":"35198","Correlation":null,"Execution":{"@ProcessID":"3112","@ThreadID":"4188"},"Channel":"Microsoft-Windows-Sysmon/Operational","Computer":"Server002","Security":{"@UserID":"S-1-5-18"}},"EventData":{"Data":[{"@Name":"RuleName","#text":"-"},{"@Name":"UtcTime","#text":"2025-04-21 12:01:23.671"},{"@Name":"ProcessGuid","#text":"dbf410b3-3393-6806-2d0a-000000003e00"},{"@Name":"ProcessId","#text":"10172"},{"@Name":"Image","#text":"C:\Program Files\Malwarebytes\Anti-Malware\ig.exe"},{"@Name":"FileVersion","#text":"1.0.4.8"},{"@Name":"Description","#text":"Malware Scanner"},{"@Name":"Product","#text":"Malwarebytes Scanner"},{"@Name":"Company","#text":"MalwareBytes"},{"@Name":"OriginalFileName","#text":"ig.exe"},{"@Name":"CommandLine","#text":"ig.exe reseed"},{"@Name":"CurrentDirectory","#text":"C:\PROGRAM FILES\MALWAREBYTES\ANTI-MALWARE\"},{"@Name":"User","#text":"SERVER002\lplui"},{"@Name":"LogonGuid","#text":"dbf410b3-1bf3-6802-b583-030000000000"},{"@Name":"LogonId","#text":"0x383B5"},{"@Name":"TerminalSessionId","#text":"1"},{"@Name":"IntegrityLevel","#text":"Low"},{"@Name":"Hashes","#text":"SHA256=0A92734D2859491BEE271BFB8C3EBD619E89EA7E80DF3F756F248C367D7A3331"},{"@Name":"ParentProcessGuid","#text":"dbf410b3-1bef-6802-5000-000000003e00"},{"@Name":"ParentProcessId","#text":"3260"},{"@Name":"ParentImage","#text":"C:\Program Files\Malwarebytes\Anti-Malware\MBAMService.exe"},{"@Name":"ParentCommandLine","#text":"\"C:\Program Files\Malwarebytes\Anti-Malware\MBAMService.exe\""},{"@Name":"ParentUser","#text":"NT AUTHORITY\SYSTEM"}]}}}
