{"Event":{"System":{"Provider":{"@Name":"Microsoft-Windows-Sysmon","@Guid":"5770385f-c22a-43e0-bf4c-06f5698ffbd9"},"EventID":"5","Version":"3","Level":"4","Task":"5","Opcode":"0","Keywords":"100","TimeCreated":{"@SystemTime":"2025-04-30 16:09:39.6034535"},"EventRecordID":"55285","Correlation":null,"Execution":{"@ProcessID":"2632","@ThreadID":"4140"},"Channel":"Microsoft-Windows-Sysmon/Operational","Computer":"Server002","Security":{"@UserID":"S-1-5-18"}},"EventData":{"Data":[{"@Name":"RuleName","#text":"-"},{"@Name":"UtcTime","#text":"2025-04-30 16:09:39.594"},{"@Name":"ProcessGuid","#text":"dbf410b3-4b43-6812-e304-000000004400"},{"@Name":"ProcessId","#text":"7048"},{"@Name":"Image","#text":"C:\Windows\Microsoft.NET\Framework\v4.0.30319\ngen.exe"},{"@Name":"User","#text":"NT AUTHORITY\SYSTEM"}]}}}
{"Event":{"System":{"Provider":{"@Name":"Microsoft-Windows-Sysmon","@Guid":"5770385f-c22a-43e0-bf4c-06f5698ffbd9"},"EventID":"1","Version":"5","Level":"4","Task":"1","Opcode":"0","Keywords":"100","TimeCreated":{"@SystemTime":"2025-04-30 16:09:39.6220204"},"EventRecordID":"55286","Correlation":null,"Execution":{"@ProcessID":"2632","@ThreadID":"4140"},"Channel":"Microsoft-Windows-Sysmon/Operational","Computer":"Server002","Security":{"@UserID":"S-1-5-18"}},"EventData":{"Data":[{"@Name":"RuleName","#text":"-"},{"@Name":"UtcTime","#text":"2025-04-30 16:09:39.620"},{"@Name":"ProcessGuid","#text":"dbf410b3-4b43-6812-e404-000000004400"},{"@Name":"ProcessId","#text":"344"},{"@Name":"Image","#text":"C:\Windows\Microsoft.NET\Framework\v4.0.30319\ngen.exe"},{"@Name":"FileVersion","#text":"4.8.9093.0 built by: NET481REL1LAST_C"},{"@Name":"Description","#text":"Microsoft Common Language Runtime native compiler"},{"@Name":"Product","#text":"Microsoft® .NET Framework"},{"@Name":"Company","#text":"Microsoft Corporation"},{"@Name":"OriginalFileName","#text":"ngen.exe"},{"@Name":"CommandLine","#text":"\"C:\Windows\Microsoft.NET\Framework\v4.0.30319\ngen.exe\" ExecuteQueuedItems /LegacyServiceBehavior"},{"@Name":"CurrentDirectory","#text":"C:\Windows\system32\"},{"@Name":"User","#text":"NT AUTHORITY\SYSTEM"},{"@Name":"LogonGuid","#text":"dbf410b3-f6db-6811-e703-000000000000"},{"@Name":"LogonId","#text":"0x3E7"},{"@Name":"TerminalSessionId","#text":"0"},{"@Name":"IntegrityLevel","#text":"System"},{"@Name":"Hashes","#text":"SHA256=764B4BD62D6F2DAAC1D2FA28B5CDE02B0F33E0C3929C799BD009169BFCCC952C"},{"@Name":"ParentProcessGuid","#text":"dbf410b3-4b42-6812-de04-000000004400"},{"@Name":"ParentProcessId","#text":"6856"},{"@Name":"ParentImage","#text":"C:\Windows\Microsoft.NET\Framework\v4.0.30319\ngentask.exe"},{"@Name":"ParentCommandLine","#text":"\"C:\Windows\Microsoft.NET\Framework\v4.0.30319\NGenTask.exe\" /RuntimeWide /StopEvent:1004"},{"@Name":"ParentUser","#text":"NT AUTHORITY\SYSTEM"}]}}}
{"Event":{"System":{"Provider":{"@Name":"Microsoft-Windows-Sysmon","@Guid":"5770385f-c22a-43e0-bf4c-06f5698ffbd9"},"EventID":"5","Version":"3","Level":"4","Task":"5","Opcode":"0","Keywords":"100","TimeCreated":{"@SystemTime":"2025-04-30 16:09:39.7006535"},"EventRecordID":"55287","Correlation":null,"Execution":{"@ProcessID":"2632","@ThreadID":"4140"},"Channel":"Microsoft-Windows-Sysmon/Operational","Computer":"Server002","Security":{"@UserID":"S-1-5-18"}},"EventData":{"Data":[{"@Name":"RuleName","#text":"-"},{"@Name":"UtcTime","#text":"2025-04-30 16:09:39.688"},{"@Name":"ProcessGuid","#text":"dbf410b3-4b43-6812-e404-000000004400"},{"@Name":"ProcessId","#text":"344"},{"@Name":"Image","#text":"C:\Windows\Microsoft.NET\Framework\v4.0.30319\ngen.exe"},{"@Name":"User","#text":"NT AUTHORITY\SYSTEM"}]}}}
{"Event":{"System":{"Provider":{"@Name":"Microsoft-Windows-Sysmon","@Guid":"5770385f-c22a-43e0-bf4c-06f5698ffbd9"},"EventID":"1","Version":"5","Level":"4","Task":"1","Opcode":"0","Keywords":"100","TimeCreated":{"@SystemTime":"2025-04-30 16:09:40.4503400"},"EventRecordID":"55288","Correlation":null,"Execution":{"@ProcessID":"2632","@ThreadID":"4140"},"Channel":"Microsoft-Windows-Sysmon/Operational","Computer":"Server002","Security":{"@UserID":"S-1-5-18"}},"EventData":{"Data":[{"@Name":"RuleName","#text":"-"},{"@Name":"UtcTime","#text":"2025-04-30 16:09:40.436"},{"@Name":"ProcessGuid","#text":"dbf410b3-4b44-6812-e504-000000004400"},{"@Name":"ProcessId","#text":"4100"},{"@Name":"Image","#text":"C:\Windows\Microsoft.NET\Framework64\v4.0.30319\ngen.exe"},{"@Name":"FileVersion","#text":"4.8.9093.0 built by: NET481REL1LAST_C"},{"@Name":"Description","#text":"Microsoft Common Language Runtime native compiler"},{"@Name":"Product","#text":"Microsoft® .NET Framework"},{"@Name":"Company","#text":"Microsoft Corporation"},{"@Name":"OriginalFileName","#text":"ngen.exe"},{"@Name":"CommandLine","#text":"\"C:\Windows\Microsoft.NET\Framework64\v4.0.30319\ngen.exe\" install \"System.Core, Version=4.0.0.0, Culture=neutral, PublicKeyToken=b77a5c561934e089\" /NoDependencies /noroot /version:v4.0.30319 /LegacyServiceBehavior"},{"@Name":"CurrentDirectory","#text":"C:\Windows\system32\"},{"@Name":"User","#text":"NT AUTHORITY\SYSTEM"},{"@Name":"LogonGuid","#text":"dbf410b3-f6db-6811-e703-000000000000"},{"@Name":"LogonId","#text":"0x3E7"},{"@Name":"TerminalSessionId","#text":"0"},{"@Name":"IntegrityLevel","#text":"System"},{"@Name":"Hashes","#text":"SHA256=E6AEFA5D91A23AAD8E7B9A7DB0D3BE218410086AD4D73471ED260980156418C7"},{"@Name":"ParentProcessGuid","#text":"dbf410b3-4b41-6812-da04-000000004400"},{"@Name":"ParentProcessId","#text":"560"},{"@Name":"ParentImage","#text":"C:\Windows\Microsoft.NET\Framework64\v4.0.30319\ngentask.exe"},{"@Name":"ParentCommandLine","#text":"\"C:\Windows\Microsoft.NET\Framework64\v4.0.30319\NGenTask.exe\" /RuntimeWide /StopEvent:988"},{"@Name":"ParentUser","#text":"NT AUTHORITY\SYSTEM"}]}}}
{"Event":{"System":{"Provider":{"@Name":"Microsoft-Windows-Sysmon","@Guid":"5770385f-c22a-43e0-bf4c-06f5698ffbd9"},"EventID":"1","Version":"5","Level":"4","Task":"1","Opcode":"0","Keywords":"100","TimeCreated":{"@SystemTime":"2025-04-30 16:09:40.5081540"},"EventRecordID":"55289","Correlation":null,"Execution":{"@ProcessID":"2632","@ThreadID":"4140"},"Channel":"Microsoft-Windows-Sysmon/Operational","Computer":"Server002","Security":{"@UserID":"S-1-5-18"}},"EventData":{"Data":[{"@Name":"RuleName","#text":"-"},{"@Name":"UtcTime","#text":"2025-04-30 16:09:40.495"},{"@Name":"ProcessGuid","#text":"dbf410b3-4b44-6812-e604-000000004400"},{"@Name":"ProcessId","#text":"9804"},{"@Name":"Image","#text":"C:\Windows\Microsoft.NET\Framework\v4.0.30319\ngen.exe"},{"@Name":"FileVersion","#text":"4.8.9093.0 built by: NET481REL1LAST_C"},{"@Name":"Description","#text":"Microsoft Common Language Runtime native compiler"},{"@Name":"Product","#text":"Microsoft® .NET Framework"},{"@Name":"Company","#text":"Microsoft Corporation"},{"@Name":"OriginalFileName","#text":"ngen.exe"},{"@Name":"CommandLine","#text":"\"C:\Windows\Microsoft.NET\Framework\v4.0.30319\ngen.exe\" install \"System.Core, Version=4.0.0.0, Culture=neutral, PublicKeyToken=b77a5c561934e089\" /NoDependencies /noroot /version:v4.0.30319 /LegacyServiceBehavior"},{"@Name":"CurrentDirectory","#text":"C:\Windows\system32\"},{"@Name":"User","#text":"NT AUTHORITY\SYSTEM"},{"@Name":"LogonGuid","#text":"dbf410b3-f6db-6811-e703-000000000000"},{"@Name":"LogonId","#text":"0x3E7"},{"@Name":"TerminalSessionId","#text":"0"},{"@Name":"IntegrityLevel","#text":"System"},{"@Name":"Hashes","#text":"SHA256=764B4BD62D6F2DAAC1D2FA28B5CDE02B0F33E0C3929C799BD009169BFCCC952C"},{"@Name":"ParentProcessGuid","#text":"dbf410b3-4b42-6812-de04-000000004400"},{"@Name":"ParentProcessId","#text":"6856"},{"@Name":"ParentImage","#text":"C:\Windows\Microsoft.NET\Framework\v4.0.30319\ngentask.exe"},{"@Name":"ParentCommandLine","#text":"\"C:\Windows\Microsoft.NET\Framework\v4.0.30319\NGenTask.exe\" /RuntimeWide /StopEvent:1004"},{"@Name":"ParentUser","#text":"NT AUTHORITY\SYSTEM"}]}}}
{"Event":{"System":{"Provider":{"@Name":"Microsoft-Windows-Sysmon","@Guid":"5770385f-c22a-43e0-bf4c-06f5698ffbd9"},"EventID":"1","Version":"5","Level":"4","Task":"1","Opcode":"0","Keywords":"100","TimeCreated":{"@SystemTime":"2025-04-30 16:09:40.5822199"},"EventRecordID":"55290","Correlation":null,"Execution":{"@ProcessID":"2632","@ThreadID":"4140"},"Channel":"Microsoft-Windows-Sysmon/Operational","Computer":"Server002","Security":{"@UserID":"S-1-5-18"}},"EventData":{"Data":[{"@Name":"RuleName","#text":"-"},{"@Name":"UtcTime","#text":"2025-04-30 16:09:40.569"},{"@Name":"ProcessGuid","#text":"dbf410b3-4b44-6812-e704-000000004400"},{"@Name":"ProcessId","#text":"10852"},{"@Name":"Image","#text":"C:\Windows\Microsoft.NET\Framework64\v4.0.30319\mscorsvw.exe"},{"@Name":"FileVersion","#text":"4.8.9093.0 built by: NET481REL1LAST_C"},{"@Name":"Description","#text":".NET Runtime Optimization Service"},{"@Name":"Product","#text":"Microsoft® .NET Framework"},{"@Name":"Company","#text":"Microsoft Corporation"},{"@Name":"OriginalFileName","#text":"mscorsvw.exe"},{"@Name":"CommandLine","#text":"C:\Windows\Microsoft.NET\Framework64\v4.0.30319\mscorsvw.exe -StartupEvent 1e4 -InterruptEvent 0 -NGENProcess 1d0 -Pipe 1e0 -Comment \"NGen Worker Process\""},{"@Name":"CurrentDirectory","#text":"C:\Windows\system32\"},{"@Name":"User","#text":"NT AUTHORITY\SYSTEM"},{"@Name":"LogonGuid","#text":"dbf410b3-f6db-6811-e703-000000000000"},{"@Name":"LogonId","#text":"0x3E7"},{"@Name":"TerminalSessionId","#text":"0"},{"@Name":"IntegrityLevel","#text":"System"},{"@Name":"Hashes","#text":"SHA256=B63825D9B79213568CB57A52A7D607D8F9D7481EC5A0B260A6ACE9F2FCD8F507"},{"@Name":"ParentProcessGuid","#text":"dbf410b3-4b44-6812-e504-000000004400"},{"@Name":"ParentProcessId","#text":"4100"},{"@Name":"ParentImage","#text":"C:\Windows\Microsoft.NET\Framework64\v4.0.30319\ngen.exe"},{"@Name":"ParentCommandLine","#text":"\"C:\Windows\Microsoft.NET\Framework64\v4.0.30319\ngen.exe\" install \"System.Core, Version=4.0.0.0, Culture=neutral, PublicKeyToken=b77a5c561934e089\" /NoDependencies /noroot /version:v4.0.30319 /LegacyServiceBehavior"},{"@Name":"ParentUser","#text":"NT AUTHORITY\SYSTEM"}]}}}
{"Event":{"System":{"Provider":{"@Name":"Microsoft-Windows-Sysmon","@Guid":"5770385f-c22a-43e0-bf4c-06f5698ffbd9"},"EventID":"5","Version":"3","Level":"4","Task":"5","Opcode":"0","Keywords":"100","TimeCreated":{"@SystemTime":"2025-04-30 16:09:40.8200998"},"EventRecordID":"55291","Correlation":null,"Execution":{"@ProcessID":"2632","@ThreadID":"4140"},"Channel":"Microsoft-Windows-Sysmon/Operational","Computer":"Server002","Security":{"@UserID":"S-1-5-18"}},"EventData":{"Data":[{"@Name":"RuleName","#text":"-"},{"@Name":"UtcTime","#text":"2025-04-30 16:09:40.797"},{"@Name":"ProcessGuid","#text":"dbf410b3-4b44-6812-e504-000000004400"},{"@Name":"ProcessId","#text":"4100"},{"@Name":"Image","#text":"C:\Windows\Microsoft.NET\Framework64\v4.0.30319\ngen.exe"},{"@Name":"User","#text":"NT AUTHORITY\SYSTEM"}]}}}
{"Event":{"System":{"Provider":{"@Name":"Microsoft-Windows-Sysmon","@Guid":"5770385f-c22a-43e0-bf4c-06f5698ffbd9"},"EventID":"5","Version":"3","Level":"4","Task":"5","Opcode":"0","Keywords":"100","TimeCreated":{"@SystemTime":"2025-04-30 16:09:40.8301336"},"EventRecordID":"55292","Correlation":null,"Execution":{"@ProcessID":"2632","@ThreadID":"4140"},"Channel":"Microsoft-Windows-Sysmon/Operational","Computer":"Server002","Security":{"@UserID":"S-1-5-18"}},"EventData":{"Data":[{"@Name":"RuleName","#text":"-"},{"@Name":"UtcTime","#text":"2025-04-30 16:09:40.829"},{"@Name":"ProcessGuid","#text":"dbf410b3-4b44-6812-e704-000000004400"},{"@Name":"ProcessId","#text":"10852"},{"@Name":"Image","#text":"C:\Windows\Microsoft.NET\Framework64\v4.0.30319\mscorsvw.exe"},{"@Name":"User","#text":"NT AUTHORITY\SYSTEM"}]}}}
{"Event":{"System":{"Provider":{"@Name":"Microsoft-Windows-Sysmon","@Guid":"5770385f-c22a-43e0-bf4c-06f5698ffbd9"},"EventID":"1","Version":"5","Level":"4","Task":"1","Opcode":"0","Keywords":"100","TimeCreated":{"@SystemTime":"2025-04-30 16:09:40.9443807"},"EventRecordID":"55293","Correlation":null,"Execution":{"@ProcessID":"2632","@ThreadID":"4140"},"Channel":"Microsoft-Windows-Sysmon/Operational","Computer":"Server002","Security":{"@UserID":"S-1-5-18"}},"EventData":{"Data":[{"@Name":"RuleName","#text":"-"},{"@Name":"UtcTime","#text":"2025-04-30 16:09:40.933"},{"@Name":"ProcessGuid","#text":"dbf410b3-4b44-6812-e804-000000004400"},{"@Name":"ProcessId","#text":"10712"},{"@Name":"Image","#text":"C:\Windows\Microsoft.NET\Framework\v4.0.30319\mscorsvw.exe"},{"@Name":"FileVersion","#text":"4.8.9093.0 built by: NET481REL1LAST_C"},{"@Name":"Description","#text":".NET Runtime Optimization Service"},{"@Name":"Product","#text":"Microsoft® .NET Framework"},{"@Name":"Company","#text":"Microsoft Corporation"},{"@Name":"OriginalFileName","#text":"mscorsvw.exe"},{"@Name":"CommandLine","#text":"C:\Windows\Microsoft.NET\Framework\v4.0.30319\mscorsvw.exe -StartupEvent 22c -InterruptEvent 0 -NGENProcess 218 -Pipe 228 -Comment \"NGen Worker Process\""},{"@Name":"CurrentDirectory","#text":"C:\Windows\system32\"},{"@Name":"User","#text":"NT AUTHORITY\SYSTEM"},{"@Name":"LogonGuid","#text":"dbf410b3-f6db-6811-e703-000000000000"},{"@Name":"LogonId","#text":"0x3E7"},{"@Name":"TerminalSessionId","#text":"0"},{"@Name":"IntegrityLevel","#text":"System"},{"@Name":"Hashes","#text":"SHA256=0F5305796FA4135C338C80B8529EEE9C38FFB938BCF89984B0CDC77B9673DD75"},{"@Name":"ParentProcessGuid","#text":"dbf410b3-4b44-6812-e604-000000004400"},{"@Name":"ParentProcessId","#text":"9804"},{"@Name":"ParentImage","#text":"C:\Windows\Microsoft.NET\Framework\v4.0.30319\ngen.exe"},{"@Name":"ParentCommandLine","#text":"\"C:\Windows\Microsoft.NET\Framework\v4.0.30319\ngen.exe\" install \"System.Core, Version=4.0.0.0, Culture=neutral, PublicKeyToken=b77a5c561934e089\" /NoDependencies /noroot /version:v4.0.30319 /LegacyServiceBehavior"},{"@Name":"ParentUser","#text":"NT AUTHORITY\SYSTEM"}]}}}
{"Event":{"System":{"Provider":{"@Name":"Microsoft-Windows-Sysmon","@Guid":"5770385f-c22a-43e0-bf4c-06f5698ffbd9"},"EventID":"1","Version":"5","Level":"4","Task":"1","Opcode":"0","Keywords":"100","TimeCreated":{"@SystemTime":"2025-04-30 16:09:41.2592355"},"EventRecordID":"55294","Correlation":null,"Execution":{"@ProcessID":"2632","@ThreadID":"4140"},"Channel":"Microsoft-Windows-Sysmon/Operational","Computer":"Server002","Security":{"@UserID":"S-1-5-18"}},"EventData":{"Data":[{"@Name":"RuleName","#text":"-"},{"@Name":"UtcTime","#text":"2025-04-30 16:09:41.239"},{"@Name":"ProcessGuid","#text":"dbf410b3-4b45-6812-e904-000000004400"},{"@Name":"ProcessId","#text":"4068"},{"@Name":"Image","#text":"C:\Windows\Microsoft.NET\Framework64\v4.0.30319\ngentask.exe"},{"@Name":"FileVersion","#text":"4.8.9037.0 built by: NET481REL1"},{"@Name":"Description","#text":"Microsoft .NET Framework optimization service"},{"@Name":"Product","#text":"Microsoft® .NET Framework"},{"@Name":"Company","#text":"Microsoft Corporation"},{"@Name":"OriginalFileName","#text":"NGenTask.exe"},{"@Name":"CommandLine","#text":"\"C:\Windows\Microsoft.NET\Framework64\v4.0.30319\NGenTask.exe\" /StopEvent:2008"},{"@Name":"CurrentDirectory","#text":"C:\Windows\system32\"},{"@Name":"User","#text":"SERVER002\lplui"},{"@Name":"LogonGuid","#text":"dbf410b3-dac5-6811-9dd7-030000000000"},{"@Name":"LogonId","#text":"0x3D79D"},{"@Name":"TerminalSessionId","#text":"1"},{"@Name":"IntegrityLevel","#text":"Medium"},{"@Name":"Hashes","#text":"SHA256=63E0C69D9761745F85F3A744297E1D2CE3EEC79D4F0F97B000E9F5AA915D161C"},{"@Name":"ParentProcessGuid","#text":"dbf410b3-4b41-6812-da04-000000004400"},{"@Name":"ParentProcessId","#text":"560"},{"@Name":"ParentImage","#text":"C:\Windows\Microsoft.NET\Framework64\v4.0.30319\ngentask.exe"},{"@Name":"ParentCommandLine","#text":"\"C:\Windows\Microsoft.NET\Framework64\v4.0.30319\NGenTask.exe\" /RuntimeWide /StopEvent:988"},{"@Name":"ParentUser","#text":"NT AUTHORITY\SYSTEM"}]}}}
{"Event":{"System":{"Provider":{"@Name":"Microsoft-Windows-Sysmon","@Guid":"5770385f-c22a-43e0-bf4c-06f5698ffbd9"},"EventID":"1","Version":"5","Level":"4","Task":"1","Opcode":"0","Keywords":"100","TimeCreated":{"@SystemTime":"2025-04-30 16:09:41.3143233"},"EventRecordID":"55295","Correlation":null,"Execution":{"@ProcessID":"2632","@ThreadID":"4140"},"Channel":"Microsoft-Windows-Sysmon/Operational","Computer":"Server002","Security":{"@UserID":"S-1-5-18"}},"EventData":{"Data":[{"@Name":"RuleName","#text":"-"},{"@Name":"UtcTime","#text":"2025-04-30 16:09:41.308"},{"@Name":"ProcessGuid","#text":"dbf410b3-4b45-6812-ea04-000000004400"},{"@Name":"ProcessId","#text":"4688"},{"@Name":"Image","#text":"C:\Windows\System32\conhost.exe"},{"@Name":"FileVersion","#text":"10.0.19041.5198 (WinBuild.160101.0800)"},{"@Name":"Description","#text":"Console Window Host"},{"@Name":"Product","#text":"Microsoft® Windows® Operating System"},{"@Name":"Company","#text":"Microsoft Corporation"},{"@Name":"OriginalFileName","#text":"CONHOST.EXE"},{"@Name":"CommandLine","#text":"\??\C:\Windows\system32\conhost.exe 0xffffffff -ForceV1"},{"@Name":"CurrentDirectory","#text":"C:\Windows"},{"@Name":"User","#text":"SERVER002\lplui"},{"@Name":"LogonGuid","#text":"dbf410b3-dac5-6811-9dd7-030000000000"},{"@Name":"LogonId","#text":"0x3D79D"},{"@Name":"TerminalSessionId","#text":"1"},{"@Name":"IntegrityLevel","#text":"Medium"},{"@Name":"Hashes","#text":"SHA256=B02EE54FB2EC69673386D41119EE8ED083A6EAB3BFCA6AA2155D20CE68EF8963"},{"@Name":"ParentProcessGuid","#text":"dbf410b3-4b45-6812-e904-000000004400"},{"@Name":"ParentProcessId","#text":"4068"},{"@Name":"ParentImage","#text":"C:\Windows\Microsoft.NET\Framework64\v4.0.30319\ngentask.exe"},{"@Name":"ParentCommandLine","#text":"\"C:\Windows\Microsoft.NET\Framework64\v4.0.30319\NGenTask.exe\" /StopEvent:2008"},{"@Name":"ParentUser","#text":"SERVER002\lplui"}]}}}
{"Event":{"System":{"Provider":{"@Name":"Microsoft-Windows-Sysmon","@Guid":"5770385f-c22a-43e0-bf4c-06f5698ffbd9"},"EventID":"5","Version":"3","Level":"4","Task":"5","Opcode":"0","Keywords":"100","TimeCreated":{"@SystemTime":"2025-04-30 16:09:41.3256528"},"EventRecordID":"55296","Correlation":null,"Execution":{"@ProcessID":"2632","@ThreadID":"4140"},"Channel":"Microsoft-Windows-Sysmon/Operational","Computer":"Server002","Security":{"@UserID":"S-1-5-18"}},"EventData":{"Data":[{"@Name":"RuleName","#text":"-"},{"@Name":"UtcTime","#text":"2025-04-30 16:09:41.315"},{"@Name":"ProcessGuid","#text":"dbf410b3-4b44-6812-e804-000000004400"},{"@Name":"ProcessId","#text":"10712"},{"@Name":"Image","#text":"C:\Windows\Microsoft.NET\Framework\v4.0.30319\mscorsvw.exe"},{"@Name":"User","#text":"NT AUTHORITY\SYSTEM"}]}}}
{"Event":{"System":{"Provider":{"@Name":"Microsoft-Windows-Sysmon","@Guid":"5770385f-c22a-43e0-bf4c-06f5698ffbd9"},"EventID":"5","Version":"3","Level":"4","Task":"5","Opcode":"0","Keywords":"100","TimeCreated":{"@SystemTime":"2025-04-30 16:09:41.3266501"},"EventRecordID":"55297","Correlation":null,"Execution":{"@ProcessID":"2632","@ThreadID":"4140"},"Channel":"Microsoft-Windows-Sysmon/Operational","Computer":"Server002","Security":{"@UserID":"S-1-5-18"}},"EventData":{"Data":[{"@Name":"RuleName","#text":"-"},{"@Name":"UtcTime","#text":"2025-04-30 16:09:41.315"},{"@Name":"ProcessGuid","#text":"dbf410b3-4b44-6812-e604-000000004400"},{"@Name":"ProcessId","#text":"9804"},{"@Name":"Image","#text":"C:\Windows\Microsoft.NET\Framework\v4.0.30319\ngen.exe"},{"@Name":"User","#text":"NT AUTHORITY\SYSTEM"}]}}}
{"Event":{"System":{"Provider":{"@Name":"Microsoft-Windows-Sysmon","@Guid":"5770385f-c22a-43e0-bf4c-06f5698ffbd9"},"EventID":"1","Version":"5","Level":"4","Task":"1","Opcode":"0","Keywords":"100","TimeCreated":{"@SystemTime":"2025-04-30 16:09:41.5737591"},"EventRecordID":"55298","Correlation":null,"Execution":{"@ProcessID":"2632","@ThreadID":"4140"},"Channel":"Microsoft-Windows-Sysmon/Operational","Computer":"Server002","Security":{"@UserID":"S-1-5-18"}},"EventData":{"Data":[{"@Name":"RuleName","#text":"-"},{"@Name":"UtcTime","#text":"2025-04-30 16:09:41.567"},{"@Name":"ProcessGuid","#text":"dbf410b3-4b45-6812-eb04-000000004400"},{"@Name":"ProcessId","#text":"7116"},{"@Name":"Image","#text":"C:\Windows\Microsoft.NET\Framework\v4.0.30319\ngentask.exe"},{"@Name":"FileVersion","#text":"4.8.9037.0 built by: NET481REL1"},{"@Name":"Description","#text":"Microsoft .NET Framework optimization service"},{"@Name":"Product","#text":"Microsoft® .NET Framework"},{"@Name":"Company","#text":"Microsoft Corporation"},{"@Name":"OriginalFileName","#text":"NGenTask.exe"},{"@Name":"CommandLine","#text":"\"C:\Windows\Microsoft.NET\Framework\v4.0.30319\NGenTask.exe\" /StopEvent:2064"},{"@Name":"CurrentDirectory","#text":"C:\Windows\system32\"},{"@Name":"User","#text":"SERVER002\lplui"},{"@Name":"LogonGuid","#text":"dbf410b3-dac5-6811-9dd7-030000000000"},{"@Name":"LogonId","#text":"0x3D79D"},{"@Name":"TerminalSessionId","#text":"1"},{"@Name":"IntegrityLevel","#text":"Medium"},{"@Name":"Hashes","#text":"SHA256=6B63BD59BF04B307AF820F2C828B532A6FA0FEAB6328851F16AAFCAD91994B93"},{"@Name":"ParentProcessGuid","#text":"dbf410b3-4b42-6812-de04-000000004400"},{"@Name":"ParentProcessId","#text":"6856"},{"@Name":"ParentImage","#text":"C:\Windows\Microsoft.NET\Framework\v4.0.30319\ngentask.exe"},{"@Name":"ParentCommandLine","#text":"\"C:\Windows\Microsoft.NET\Framework\v4.0.30319\NGenTask.exe\" /RuntimeWide /StopEvent:1004"},{"@Name":"ParentUser","#text":"NT AUTHORITY\SYSTEM"}]}}}
{"Event":{"System":{"Provider":{"@Name":"Microsoft-Windows-Sysmon","@Guid":"5770385f-c22a-43e0-bf4c-06f5698ffbd9"},"EventID":"5","Version":"3","Level":"4","Task":"5","Opcode":"0","Keywords":"100","TimeCreated":{"@SystemTime":"2025-04-30 16:09:41.6008759"},"EventRecordID":"55299","Correlation":null,"Execution":{"@ProcessID":"2632","@ThreadID":"4140"},"Channel":"Microsoft-Windows-Sysmon/Operational","Computer":"Server002","Security":{"@UserID":"S-1-5-18"}},"EventData":{"Data":[{"@Name":"RuleName","#text":"-"},{"@Name":"UtcTime","#text":"2025-04-30 16:09:41.595"},{"@Name":"ProcessGuid","#text":"dbf410b3-4b45-6812-e904-000000004400"},{"@Name":"ProcessId","#text":"4068"},{"@Name":"Image","#text":"C:\Windows\Microsoft.NET\Framework64\v4.0.30319\ngentask.exe"},{"@Name":"User","#text":"SERVER002\lplui"}]}}}
{"Event":{"System":{"Provider":{"@Name":"Microsoft-Windows-Sysmon","@Guid":"5770385f-c22a-43e0-bf4c-06f5698ffbd9"},"EventID":"5","Version":"3","Level":"4","Task":"5","Opcode":"0","Keywords":"100","TimeCreated":{"@SystemTime":"2025-04-30 16:09:41.6057427"},"EventRecordID":"55300","Correlation":null,"Execution":{"@ProcessID":"2632","@ThreadID":"4140"},"Channel":"Microsoft-Windows-Sysmon/Operational","Computer":"Server002","Security":{"@UserID":"S-1-5-18"}},"EventData":{"Data":[{"@Name":"RuleName","#text":"-"},{"@Name":"UtcTime","#text":"2025-04-30 16:09:41.595"},{"@Name":"ProcessGuid","#text":"dbf410b3-4b45-6812-ea04-000000004400"},{"@Name":"ProcessId","#text":"4688"},{"@Name":"Image","#text":"C:\Windows\System32\conhost.exe"},{"@Name":"User","#text":"SERVER002\lplui"}]}}}
{"Event":{"System":{"Provider":{"@Name":"Microsoft-Windows-Sysmon","@Guid":"5770385f-c22a-43e0-bf4c-06f5698ffbd9"},"EventID":"5","Version":"3","Level":"4","Task":"5","Opcode":"0","Keywords":"100","TimeCreated":{"@SystemTime":"2025-04-30 16:09:41.6218008"},"EventRecordID":"55301","Correlation":null,"Execution":{"@ProcessID":"2632","@ThreadID":"4140"},"Channel":"Microsoft-Windows-Sysmon/Operational","Computer":"Server002","Security":{"@UserID":"S-1-5-18"}},"EventData":{"Data":[{"@Name":"RuleName","#text":"-"},{"@Name":"UtcTime","#text":"2025-04-30 16:09:41.617"},{"@Name":"ProcessGuid","#text":"dbf410b3-4b41-6812-da04-000000004400"},{"@Name":"ProcessId","#text":"560"},{"@Name":"Image","#text":"C:\Windows\Microsoft.NET\Framework64\v4.0.30319\ngentask.exe"},{"@Name":"User","#text":"NT AUTHORITY\SYSTEM"}]}}}
{"Event":{"System":{"Provider":{"@Name":"Microsoft-Windows-Sysmon","@Guid":"5770385f-c22a-43e0-bf4c-06f5698ffbd9"},"EventID":"5","Version":"3","Level":"4","Task":"5","Opcode":"0","Keywords":"100","TimeCreated":{"@SystemTime":"2025-04-30 16:09:41.6556987"},"EventRecordID":"55302","Correlation":null,"Execution":{"@ProcessID":"2632","@ThreadID":"4140"},"Channel":"Microsoft-Windows-Sysmon/Operational","Computer":"Server002","Security":{"@UserID":"S-1-5-18"}},"EventData":{"Data":[{"@Name":"RuleName","#text":"-"},{"@Name":"UtcTime","#text":"2025-04-30 16:09:41.643"},{"@Name":"ProcessGuid","#text":"dbf410b3-4b41-6812-db04-000000004400"},{"@Name":"ProcessId","#text":"10148"},{"@Name":"Image","#text":"C:\Windows\System32\conhost.exe"},{"@Name":"User","#text":"NT AUTHORITY\SYSTEM"}]}}}
{"Event":{"System":{"Provider":{"@Name":"Microsoft-Windows-Sysmon","@Guid":"5770385f-c22a-43e0-bf4c-06f5698ffbd9"},"EventID":"1","Version":"5","Level":"4","Task":"1","Opcode":"0","Keywords":"100","TimeCreated":{"@SystemTime":"2025-04-30 16:09:41.7169387"},"EventRecordID":"55303","Correlation":null,"Execution":{"@ProcessID":"2632","@ThreadID":"4140"},"Channel":"Microsoft-Windows-Sysmon/Operational","Computer":"Server002","Security":{"@UserID":"S-1-5-18"}},"EventData":{"Data":[{"@Name":"RuleName","#text":"-"},{"@Name":"UtcTime","#text":"2025-04-30 16:09:41.712"},{"@Name":"ProcessGuid","#text":"dbf410b3-4b45-6812-ec04-000000004400"},{"@Name":"ProcessId","#text":"7592"},{"@Name":"Image","#text":"C:\Windows\System32\conhost.exe"},{"@Name":"FileVersion","#text":"10.0.19041.5198 (WinBuild.160101.0800)"},{"@Name":"Description","#text":"Console Window Host"},{"@Name":"Product","#text":"Microsoft® Windows® Operating System"},{"@Name":"Company","#text":"Microsoft Corporation"},{"@Name":"OriginalFileName","#text":"CONHOST.EXE"},{"@Name":"CommandLine","#text":"\??\C:\Windows\system32\conhost.exe 0xffffffff -ForceV1"},{"@Name":"CurrentDirectory","#text":"C:\Windows"},{"@Name":"User","#text":"SERVER002\lplui"},{"@Name":"LogonGuid","#text":"dbf410b3-dac5-6811-9dd7-030000000000"},{"@Name":"LogonId","#text":"0x3D79D"},{"@Name":"TerminalSessionId","#text":"1"},{"@Name":"IntegrityLevel","#text":"Medium"},{"@Name":"Hashes","#text":"SHA256=B02EE54FB2EC69673386D41119EE8ED083A6EAB3BFCA6AA2155D20CE68EF8963"},{"@Name":"ParentProcessGuid","#text":"dbf410b3-4b45-6812-eb04-000000004400"},{"@Name":"ParentProcessId","#text":"7116"},{"@Name":"ParentImage","#text":"C:\Windows\Microsoft.NET\Framework\v4.0.30319\ngentask.exe"},{"@Name":"ParentCommandLine","#text":"\"C:\Windows\Microsoft.NET\Framework\v4.0.30319\NGenTask.exe\" /StopEvent:2064"},{"@Name":"ParentUser","#text":"SERVER002\lplui"}]}}}
{"Event":{"System":{"Provider":{"@Name":"Microsoft-Windows-Sysmon","@Guid":"5770385f-c22a-43e0-bf4c-06f5698ffbd9"},"EventID":"5","Version":"3","Level":"4","Task":"5","Opcode":"0","Keywords":"100","TimeCreated":{"@SystemTime":"2025-04-30 16:09:41.9593685"},"EventRecordID":"55304","Correlation":null,"Execution":{"@ProcessID":"2632","@ThreadID":"4140"},"Channel":"Microsoft-Windows-Sysmon/Operational","Computer":"Server002","Security":{"@UserID":"S-1-5-18"}},"EventData":{"Data":[{"@Name":"RuleName","#text":"-"},{"@Name":"UtcTime","#text":"2025-04-30 16:09:41.954"},{"@Name":"ProcessGuid","#text":"dbf410b3-4b45-6812-eb04-000000004400"},{"@Name":"ProcessId","#text":"7116"},{"@Name":"Image","#text":"C:\Windows\Microsoft.NET\Framework\v4.0.30319\ngentask.exe"},{"@Name":"User","#text":"SERVER002\lplui"}]}}}
{"Event":{"System":{"Provider":{"@Name":"Microsoft-Windows-Sysmon","@Guid":"5770385f-c22a-43e0-bf4c-06f5698ffbd9"},"EventID":"5","Version":"3","Level":"4","Task":"5","Opcode":"0","Keywords":"100","TimeCreated":{"@SystemTime":"2025-04-30 16:09:41.9726542"},"EventRecordID":"55305","Correlation":null,"Execution":{"@ProcessID":"2632","@ThreadID":"4140"},"Channel":"Microsoft-Windows-Sysmon/Operational","Computer":"Server002","Security":{"@UserID":"S-1-5-18"}},"EventData":{"Data":[{"@Name":"RuleName","#text":"-"},{"@Name":"UtcTime","#text":"2025-04-30 16:09:41.969"},{"@Name":"ProcessGuid","#text":"dbf410b3-4b45-6812-ec04-000000004400"},{"@Name":"ProcessId","#text":"7592"},{"@Name":"Image","#text":"C:\Windows\System32\conhost.exe"},{"@Name":"User","#text":"SERVER002\lplui"}]}}}
{"Event":{"System":{"Provider":{"@Name":"Microsoft-Windows-Sysmon","@Guid":"5770385f-c22a-43e0-bf4c-06f5698ffbd9"},"EventID":"5","Version":"3","Level":"4","Task":"5","Opcode":"0","Keywords":"100","TimeCreated":{"@SystemTime":"2025-04-30 16:09:42.0007628"},"EventRecordID":"55306","Correlation":null,"Execution":{"@ProcessID":"2632","@ThreadID":"4140"},"Channel":"Microsoft-Windows-Sysmon/Operational","Computer":"Server002","Security":{"@UserID":"S-1-5-18"}},"EventData":{"Data":[{"@Name":"RuleName","#text":"-"},{"@Name":"UtcTime","#text":"2025-04-30 16:09:41.985"},{"@Name":"ProcessGuid","#text":"dbf410b3-4b42-6812-de04-000000004400"},{"@Name":"ProcessId","#text":"6856"},{"@Name":"Image","#text":"C:\Windows\Microsoft.NET\Framework\v4.0.30319\ngentask.exe"},{"@Name":"User","#text":"NT AUTHORITY\SYSTEM"}]}}}
{"Event":{"System":{"Provider":{"@Name":"Microsoft-Windows-Sysmon","@Guid":"5770385f-c22a-43e0-bf4c-06f5698ffbd9"},"EventID":"5","Version":"3","Level":"4","Task":"5","Opcode":"0","Keywords":"100","TimeCreated":{"@SystemTime":"2025-04-30 16:09:42.0192558"},"EventRecordID":"55307","Correlation":null,"Execution":{"@ProcessID":"2632","@ThreadID":"4140"},"Channel":"Microsoft-Windows-Sysmon/Operational","Computer":"Server002","Security":{"@UserID":"S-1-5-18"}},"EventData":{"Data":[{"@Name":"RuleName","#text":"-"},{"@Name":"UtcTime","#text":"2025-04-30 16:09:42.004"},{"@Name":"ProcessGuid","#text":"dbf410b3-4b42-6812-e204-000000004400"},{"@Name":"ProcessId","#text":"7092"},{"@Name":"Image","#text":"C:\Windows\System32\conhost.exe"},{"@Name":"User","#text":"NT AUTHORITY\SYSTEM"}]}}}
{"Event":{"System":{"Provider":{"@Name":"Microsoft-Windows-Sysmon","@Guid":"5770385f-c22a-43e0-bf4c-06f5698ffbd9"},"EventID":"5","Version":"3","Level":"4","Task":"5","Opcode":"0","Keywords":"100","TimeCreated":{"@SystemTime":"2025-04-30 16:09:42.0359443"},"EventRecordID":"55308","Correlation":null,"Execution":{"@ProcessID":"2632","@ThreadID":"4140"},"Channel":"Microsoft-Windows-Sysmon/Operational","Computer":"Server002","Security":{"@UserID":"S-1-5-18"}},"EventData":{"Data":[{"@Name":"RuleName","#text":"-"},{"@Name":"UtcTime","#text":"2025-04-30 16:09:42.032"},{"@Name":"ProcessGuid","#text":"dbf410b3-4b3f-6812-ca04-000000004400"},{"@Name":"ProcessId","#text":"9816"},{"@Name":"Image","#text":"C:\Windows\System32\taskhostw.exe"},{"@Name":"User","#text":"NT AUTHORITY\SYSTEM"}]}}}
{"Event":{"System":{"Provider":{"@Name":"Microsoft-Windows-Sysmon","@Guid":"5770385f-c22a-43e0-bf4c-06f5698ffbd9"},"EventID":"1","Version":"5","Level":"4","Task":"1","Opcode":"0","Keywords":"100","TimeCreated":{"@SystemTime":"2025-04-30 16:09:42.3654332"},"EventRecordID":"55309","Correlation":null,"Execution":{"@ProcessID":"2632","@ThreadID":"4140"},"Channel":"Microsoft-Windows-Sysmon/Operational","Computer":"Server002","Security":{"@UserID":"S-1-5-18"}},"EventData":{"Data":[{"@Name":"RuleName","#text":"-"},{"@Name":"UtcTime","#text":"2025-04-30 16:09:42.327"},{"@Name":"ProcessGuid","#text":"dbf410b3-4b46-6812-ed04-000000004400"},{"@Name":"ProcessId","#text":"6392"},{"@Name":"Image","#text":"C:\Users\lplui\AppData\Local\Temp\C90D9424-47D5-4A64-8598-756303480671\DismHost.exe"},{"@Name":"FileVersion","#text":"10.0.19041.3636 (WinBuild.160101.0800)"},{"@Name":"Description","#text":"Dism Host Servicing Process"},{"@Name":"Product","#text":"Microsoft® Windows® Operating System"},{"@Name":"Company","#text":"Microsoft Corporation"},{"@Name":"OriginalFileName","#text":"DismHost.exe"},{"@Name":"CommandLine","#text":"C:\Users\lplui\AppData\Local\Temp\C90D9424-47D5-4A64-8598-756303480671\dismhost.exe {50344B00-AC3C-4F21-814F-9D5B97316646}"},{"@Name":"CurrentDirectory","#text":"C:\Windows\system32\"},{"@Name":"User","#text":"SERVER002\lplui"},{"@Name":"LogonGuid","#text":"dbf410b3-dac5-6811-24d7-030000000000"},{"@Name":"LogonId","#text":"0x3D724"},{"@Name":"TerminalSessionId","#text":"1"},{"@Name":"IntegrityLevel","#text":"High"},{"@Name":"Hashes","#text":"SHA256=E36BCF02BC11F560761E943D0FAD37417078F6CBB473F85C72FCBC89E2600C58"},{"@Name":"ParentProcessGuid","#text":"dbf410b3-4b3f-6812-d404-000000004400"},{"@Name":"ParentProcessId","#text":"10908"},{"@Name":"ParentImage","#text":"C:\Windows\System32\cleanmgr.exe"},{"@Name":"ParentCommandLine","#text":"\"C:\Windows\system32\cleanmgr.exe\" /autoclean /d C:"},{"@Name":"ParentUser","#text":"SERVER002\lplui"}]}}}
{"Event":{"System":{"Provider":{"@Name":"Microsoft-Windows-Sysmon","@Guid":"5770385f-c22a-43e0-bf4c-06f5698ffbd9"},"EventID":"1","Version":"5","Level":"4","Task":"1","Opcode":"0","Keywords":"100","TimeCreated":{"@SystemTime":"2025-04-30 16:09:43.3922066"},"EventRecordID":"55310","Correlation":null,"Execution":{"@ProcessID":"2632","@ThreadID":"4140"},"Channel":"Microsoft-Windows-Sysmon/Operational","Computer":"Server002","Security":{"@UserID":"S-1-5-18"}},"EventData":{"Data":[{"@Name":"RuleName","#text":"-"},{"@Name":"UtcTime","#text":"2025-04-30 16:09:43.386"},{"@Name":"ProcessGuid","#text":"dbf410b3-4b47-6812-ee04-000000004400"},{"@Name":"ProcessId","#text":"1608"},{"@Name":"Image","#text":"C:\Windows\servicing\TrustedInstaller.exe"},{"@Name":"FileVersion","#text":"10.0.19041.5553 (WinBuild.160101.0800)"},{"@Name":"Description","#text":"Windows Modules Installer"},{"@Name":"Product","#text":"Microsoft® Windows® Operating System"},{"@Name":"Company","#text":"Microsoft Corporation"},{"@Name":"OriginalFileName","#text":"TrustedInstaller.exe"},{"@Name":"CommandLine","#text":"C:\Windows\servicing\TrustedInstaller.exe"},{"@Name":"CurrentDirectory","#text":"C:\Windows\system32\"},{"@Name":"User","#text":"NT AUTHORITY\SYSTEM"},{"@Name":"LogonGuid","#text":"dbf410b3-f6db-6811-e703-000000000000"},{"@Name":"LogonId","#text":"0x3E7"},{"@Name":"TerminalSessionId","#text":"0"},{"@Name":"IntegrityLevel","#text":"System"},{"@Name":"Hashes","#text":"SHA256=9F5297972FC777646E463D683241868E231DB0D3C2EFAD6C21E00114C4D84AB6"},{"@Name":"ParentProcessGuid","#text":"dbf410b3-f6db-6811-0b00-000000004400"},{"@Name":"ParentProcessId","#text":"668"},{"@Name":"ParentImage","#text":"C:\Windows\System32\services.exe"},{"@Name":"ParentCommandLine","#text":"C:\Windows\system32\services.exe"},{"@Name":"ParentUser","#text":"NT AUTHORITY\SYSTEM"}]}}}
{"Event":{"System":{"Provider":{"@Name":"Microsoft-Windows-Sysmon","@Guid":"5770385f-c22a-43e0-bf4c-06f5698ffbd9"},"EventID":"1","Version":"5","Level":"4","Task":"1","Opcode":"0","Keywords":"100","TimeCreated":{"@SystemTime":"2025-04-30 16:09:44.1623910"},"EventRecordID":"55311","Correlation":null,"Execution":{"@ProcessID":"2632","@ThreadID":"4140"},"Channel":"Microsoft-Windows-Sysmon/Operational","Computer":"Server002","Security":{"@UserID":"S-1-5-18"}},"EventData":{"Data":[{"@Name":"RuleName","#text":"-"},{"@Name":"UtcTime","#text":"2025-04-30 16:09:44.158"},{"@Name":"ProcessGuid","#text":"dbf410b3-4b48-6812-ef04-000000004400"},{"@Name":"ProcessId","#text":"10244"},{"@Name":"Image","#text":"C:\Windows\WinSxS\amd64_microsoft-windows-servicingstack_31bf3856ad364e35_10.0.19041.5676_none_7dfafd007c9b4e44\TiWorker.exe"},{"@Name":"FileVersion","#text":"10.0.19041.5676 (WinBuild.160101.0800)"},{"@Name":"Description","#text":"Windows Modules Installer Worker"},{"@Name":"Product","#text":"Microsoft® Windows® Operating System"},{"@Name":"Company","#text":"Microsoft Corporation"},{"@Name":"OriginalFileName","#text":"TiWorker.exe"},{"@Name":"CommandLine","#text":"C:\Windows\winsxs\amd64_microsoft-windows-servicingstack_31bf3856ad364e35_10.0.19041.5676_none_7dfafd007c9b4e44\TiWorker.exe -Embedding"},{"@Name":"CurrentDirectory","#text":"C:\Windows\system32\"},{"@Name":"User","#text":"NT AUTHORITY\SYSTEM"},{"@Name":"LogonGuid","#text":"dbf410b3-f6db-6811-e703-000000000000"},{"@Name":"LogonId","#text":"0x3E7"},{"@Name":"TerminalSessionId","#text":"0"},{"@Name":"IntegrityLevel","#text":"System"},{"@Name":"Hashes","#text":"SHA256=882DABAFFA4F7C0502B1AD20C8D38A5EFD4AAA06ED2B4907D5F0A5700BB50A19"},{"@Name":"ParentProcessGuid","#text":"dbf410b3-f6dc-6811-0d00-000000004400"},{"@Name":"ParentProcessId","#text":"784"},{"@Name":"ParentImage","#text":"C:\Windows\System32\svchost.exe"},{"@Name":"ParentCommandLine","#text":"C:\Windows\system32\svchost.exe -k DcomLaunch -p"},{"@Name":"ParentUser","#text":"NT AUTHORITY\SYSTEM"}]}}}
{"Event":{"System":{"Provider":{"@Name":"Microsoft-Windows-Sysmon","@Guid":"5770385f-c22a-43e0-bf4c-06f5698ffbd9"},"EventID":"5","Version":"3","Level":"4","Task":"5","Opcode":"0","Keywords":"100","TimeCreated":{"@SystemTime":"2025-04-30 16:09:49.3620789"},"EventRecordID":"55312","Correlation":null,"Execution":{"@ProcessID":"2632","@ThreadID":"4140"},"Channel":"Microsoft-Windows-Sysmon/Operational","Computer":"Server002","Security":{"@UserID":"S-1-5-18"}},"EventData":{"Data":[{"@Name":"RuleName","#text":"-"},{"@Name":"UtcTime","#text":"2025-04-30 16:09:49.360"},{"@Name":"ProcessGuid","#text":"dbf410b3-4b42-6812-e104-000000004400"},{"@Name":"ProcessId","#text":"11016"},{"@Name":"Image","#text":"C:\Windows\System32\CompatTelRunner.exe"},{"@Name":"User","#text":"NT AUTHORITY\SYSTEM"}]}}}
{"Event":{"System":{"Provider":{"@Name":"Microsoft-Windows-Sysmon","@Guid":"5770385f-c22a-43e0-bf4c-06f5698ffbd9"},"EventID":"5","Version":"3","Level":"4","Task":"5","Opcode":"0","Keywords":"100","TimeCreated":{"@SystemTime":"2025-04-30 16:09:49.4017054"},"EventRecordID":"55313","Correlation":null,"Execution":{"@ProcessID":"2632","@ThreadID":"4140"},"Channel":"Microsoft-Windows-Sysmon/Operational","Computer":"Server002","Security":{"@UserID":"S-1-5-18"}},"EventData":{"Data":[{"@Name":"RuleName","#text":"-"},{"@Name":"UtcTime","#text":"2025-04-30 16:09:49.392"},{"@Name":"ProcessGuid","#text":"dbf410b3-4b3f-6812-ce04-000000004400"},{"@Name":"ProcessId","#text":"32"},{"@Name":"Image","#text":"C:\Windows\System32\CompatTelRunner.exe"},{"@Name":"User","#text":"NT AUTHORITY\SYSTEM"}]}}}
{"Event":{"System":{"Provider":{"@Name":"Microsoft-Windows-Sysmon","@Guid":"5770385f-c22a-43e0-bf4c-06f5698ffbd9"},"EventID":"5","Version":"3","Level":"4","Task":"5","Opcode":"0","Keywords":"100","TimeCreated":{"@SystemTime":"2025-04-30 16:09:49.4083509"},"EventRecordID":"55314","Correlation":null,"Execution":{"@ProcessID":"2632","@ThreadID":"4140"},"Channel":"Microsoft-Windows-Sysmon/Operational","Computer":"Server002","Security":{"@UserID":"S-1-5-18"}},"EventData":{"Data":[{"@Name":"RuleName","#text":"-"},{"@Name":"UtcTime","#text":"2025-04-30 16:09:49.406"},{"@Name":"ProcessGuid","#text":"dbf410b3-4b3f-6812-cf04-000000004400"},{"@Name":"ProcessId","#text":"10440"},{"@Name":"Image","#text":"C:\Windows\System32\conhost.exe"},{"@Name":"User","#text":"NT AUTHORITY\SYSTEM"}]}}}
{"Event":{"System":{"Provider":{"@Name":"Microsoft-Windows-Sysmon","@Guid":"5770385f-c22a-43e0-bf4c-06f5698ffbd9"},"EventID":"5","Version":"3","Level":"4","Task":"5","Opcode":"0","Keywords":"100","TimeCreated":{"@SystemTime":"2025-04-30 16:09:51.6483205"},"EventRecordID":"55315","Correlation":null,"Execution":{"@ProcessID":"2632","@ThreadID":"4140"},"Channel":"Microsoft-Windows-Sysmon/Operational","Computer":"Server002","Security":{"@UserID":"S-1-5-18"}},"EventData":{"Data":[{"@Name":"RuleName","#text":"-"},{"@Name":"UtcTime","#text":"2025-04-30 16:09:51.640"},{"@Name":"ProcessGuid","#text":"dbf410b3-4b3f-6812-c804-000000004400"},{"@Name":"ProcessId","#text":"3108"},{"@Name":"Image","#text":"C:\Windows\System32\taskhostw.exe"},{"@Name":"User","#text":"SERVER002\lplui"}]}}}
{"Event":{"System":{"Provider":{"@Name":"Microsoft-Windows-Sysmon","@Guid":"5770385f-c22a-43e0-bf4c-06f5698ffbd9"},"EventID":"1","Version":"5","Level":"4","Task":"1","Opcode":"0","Keywords":"100","TimeCreated":{"@SystemTime":"2025-04-30 16:09:51.7957823"},"EventRecordID":"55316","Correlation":null,"Execution":{"@ProcessID":"2632","@ThreadID":"4140"},"Channel":"Microsoft-Windows-Sysmon/Operational","Computer":"Server002","Security":{"@UserID":"S-1-5-18"}},"EventData":{"Data":[{"@Name":"RuleName","#text":"-"},{"@Name":"UtcTime","#text":"2025-04-30 16:09:51.790"},{"@Name":"ProcessGuid","#text":"dbf410b3-4b4f-6812-f004-000000004400"},{"@Name":"ProcessId","#text":"7568"},{"@Name":"Image","#text":"C:\Windows\System32\MoUsoCoreWorker.exe"},{"@Name":"FileVersion","#text":"10.0.19041.5678 (WinBuild.160101.0800)"},{"@Name":"Description","#text":"MoUSO Core Worker Process"},{"@Name":"Product","#text":"Microsoft® Windows® Operating System"},{"@Name":"Company","#text":"Microsoft Corporation"},{"@Name":"OriginalFileName","#text":"MoUSOCoreWorker.exe"},{"@Name":"CommandLine","#text":"C:\Windows\System32\mousocoreworker.exe -Embedding"},{"@Name":"CurrentDirectory","#text":"C:\Windows\system32\"},{"@Name":"User","#text":"NT AUTHORITY\SYSTEM"},{"@Name":"LogonGuid","#text":"dbf410b3-f6db-6811-e703-000000000000"},{"@Name":"LogonId","#text":"0x3E7"},{"@Name":"TerminalSessionId","#text":"0"},{"@Name":"IntegrityLevel","#text":"System"},{"@Name":"Hashes","#text":"SHA256=235882DE2347DB7A4CE2BBD7599B5D8D56C93A8BC18207DBEE7173B9BAD068FE"},{"@Name":"ParentProcessGuid","#text":"dbf410b3-f6dc-6811-0d00-000000004400"},{"@Name":"ParentProcessId","#text":"784"},{"@Name":"ParentImage","#text":"C:\Windows\System32\svchost.exe"},{"@Name":"ParentCommandLine","#text":"C:\Windows\system32\svchost.exe -k DcomLaunch -p"},{"@Name":"ParentUser","#text":"NT AUTHORITY\SYSTEM"}]}}}
{"Event":{"System":{"Provider":{"@Name":"Microsoft-Windows-Sysmon","@Guid":"5770385f-c22a-43e0-bf4c-06f5698ffbd9"},"EventID":"5","Version":"3","Level":"4","Task":"5","Opcode":"0","Keywords":"100","TimeCreated":{"@SystemTime":"2025-04-30 16:09:54.5215921"},"EventRecordID":"55317","Correlation":null,"Execution":{"@ProcessID":"2632","@ThreadID":"4140"},"Channel":"Microsoft-Windows-Sysmon/Operational","Computer":"Server002","Security":{"@UserID":"S-1-5-18"}},"EventData":{"Data":[{"@Name":"RuleName","#text":"-"},{"@Name":"UtcTime","#text":"2025-04-30 16:09:54.515"},{"@Name":"ProcessGuid","#text":"dbf410b3-4b46-6812-ed04-000000004400"},{"@Name":"ProcessId","#text":"6392"},{"@Name":"Image","#text":"C:\Users\lplui\AppData\Local\Temp\C90D9424-47D5-4A64-8598-756303480671\DismHost.exe"},{"@Name":"User","#text":"SERVER002\lplui"}]}}}
{"Event":{"System":{"Provider":{"@Name":"Microsoft-Windows-Sysmon","@Guid":"5770385f-c22a-43e0-bf4c-06f5698ffbd9"},"EventID":"5","Version":"3","Level":"4","Task":"5","Opcode":"0","Keywords":"100","TimeCreated":{"@SystemTime":"2025-04-30 16:09:54.6537709"},"EventRecordID":"55318","Correlation":null,"Execution":{"@ProcessID":"2632","@ThreadID":"4140"},"Channel":"Microsoft-Windows-Sysmon/Operational","Computer":"Server002","Security":{"@UserID":"S-1-5-18"}},"EventData":{"Data":[{"@Name":"RuleName","#text":"-"},{"@Name":"UtcTime","#text":"2025-04-30 16:09:54.641"},{"@Name":"ProcessGuid","#text":"dbf410b3-4b3f-6812-d404-000000004400"},{"@Name":"ProcessId","#text":"10908"},{"@Name":"Image","#text":"C:\Windows\System32\cleanmgr.exe"},{"@Name":"User","#text":"SERVER002\lplui"}]}}}
{"Event":{"System":{"Provider":{"@Name":"Microsoft-Windows-Sysmon","@Guid":"5770385f-c22a-43e0-bf4c-06f5698ffbd9"},"EventID":"1","Version":"5","Level":"4","Task":"1","Opcode":"0","Keywords":"100","TimeCreated":{"@SystemTime":"2025-04-30 16:09:55.6972363"},"EventRecordID":"55319","Correlation":null,"Execution":{"@ProcessID":"2632","@ThreadID":"4140"},"Channel":"Microsoft-Windows-Sysmon/Operational","Computer":"Server002","Security":{"@UserID":"S-1-5-18"}},"EventData":{"Data":[{"@Name":"RuleName","#text":"-"},{"@Name":"UtcTime","#text":"2025-04-30 16:09:55.692"},{"@Name":"ProcessGuid","#text":"dbf410b3-4b53-6812-f104-000000004400"},{"@Name":"ProcessId","#text":"6016"},{"@Name":"Image","#text":"C:\Windows\System32\taskhostw.exe"},{"@Name":"FileVersion","#text":"10.0.19041.4474 (WinBuild.160101.0800)"},{"@Name":"Description","#text":"Host Process for Windows Tasks"},{"@Name":"Product","#text":"Microsoft® Windows® Operating System"},{"@Name":"Company","#text":"Microsoft Corporation"},{"@Name":"OriginalFileName","#text":"taskhostw.exe"},{"@Name":"CommandLine","#text":"taskhostw.exe"},{"@Name":"CurrentDirectory","#text":"C:\Windows\system32\"},{"@Name":"User","#text":"NT AUTHORITY\SYSTEM"},{"@Name":"LogonGuid","#text":"dbf410b3-f6db-6811-e703-000000000000"},{"@Name":"LogonId","#text":"0x3E7"},{"@Name":"TerminalSessionId","#text":"0"},{"@Name":"IntegrityLevel","#text":"System"},{"@Name":"Hashes","#text":"SHA256=1C7B7E7026EF8307BF33AFDADF1D49E7C1EE4C829260B4F6988185D22D7BCC3A"},{"@Name":"ParentProcessGuid","#text":"dbf410b3-f6dc-6811-1a00-000000004400"},{"@Name":"ParentProcessId","#text":"1176"},{"@Name":"ParentImage","#text":"C:\Windows\System32\svchost.exe"},{"@Name":"ParentCommandLine","#text":"C:\Windows\system32\svchost.exe -k netsvcs -p -s Schedule"},{"@Name":"ParentUser","#text":"NT AUTHORITY\SYSTEM"}]}}}
{"Event":{"System":{"Provider":{"@Name":"Microsoft-Windows-Sysmon","@Guid":"5770385f-c22a-43e0-bf4c-06f5698ffbd9"},"EventID":"5","Version":"3","Level":"4","Task":"5","Opcode":"0","Keywords":"100","TimeCreated":{"@SystemTime":"2025-04-30 16:10:18.9478826"},"EventRecordID":"55320","Correlation":null,"Execution":{"@ProcessID":"2632","@ThreadID":"4140"},"Channel":"Microsoft-Windows-Sysmon/Operational","Computer":"Server002","Security":{"@UserID":"S-1-5-18"}},"EventData":{"Data":[{"@Name":"RuleName","#text":"-"},{"@Name":"UtcTime","#text":"2025-04-30 16:10:18.939"},{"@Name":"ProcessGuid","#text":"dbf410b3-4b42-6812-df04-000000004400"},{"@Name":"ProcessId","#text":"256"},{"@Name":"Image","#text":"C:\Windows\System32\sppsvc.exe"},{"@Name":"User","#text":"NT AUTHORITY\NETWORK SERVICE"}]}}}
{"Event":{"System":{"Provider":{"@Name":"Microsoft-Windows-Sysmon","@Guid":"5770385f-c22a-43e0-bf4c-06f5698ffbd9"},"EventID":"1","Version":"5","Level":"4","Task":"1","Opcode":"0","Keywords":"100","TimeCreated":{"@SystemTime":"2025-04-30 16:10:29.1736086"},"EventRecordID":"55321","Correlation":null,"Execution":{"@ProcessID":"2632","@ThreadID":"4140"},"Channel":"Microsoft-Windows-Sysmon/Operational","Computer":"Server002","Security":{"@UserID":"S-1-5-18"}},"EventData":{"Data":[{"@Name":"RuleName","#text":"-"},{"@Name":"UtcTime","#text":"2025-04-30 16:10:29.169"},{"@Name":"ProcessGuid","#text":"dbf410b3-4b75-6812-f204-000000004400"},{"@Name":"ProcessId","#text":"7080"},{"@Name":"Image","#text":"C:\Program Files\Microsoft OneDrive\25.065.0406.0002\FileCoAuth.exe"},{"@Name":"FileVersion","#text":"25.065.0406.0002"},{"@Name":"Description","#text":"Microsoft OneDriveFile Co-Authoring Executable"},{"@Name":"Product","#text":"Microsoft OneDrive"},{"@Name":"Company","#text":"Microsoft Corporation"},{"@Name":"OriginalFileName","#text":"FileCoAuth.exe"},{"@Name":"CommandLine","#text":"\"C:\Program Files\Microsoft OneDrive\25.065.0406.0002\FileCoAuth.exe\" -Embedding"},{"@Name":"CurrentDirectory","#text":"C:\Windows\system32\"},{"@Name":"User","#text":"SERVER002\lplui"},{"@Name":"LogonGuid","#text":"dbf410b3-dac5-6811-9dd7-030000000000"},{"@Name":"LogonId","#text":"0x3D79D"},{"@Name":"TerminalSessionId","#text":"1"},{"@Name":"IntegrityLevel","#text":"Medium"},{"@Name":"Hashes","#text":"SHA256=B7B20F19DE611698C5CAE2677B63494A5C61CB74179012E1C63C7F7EB3ECC6AF"},{"@Name":"ParentProcessGuid","#text":"dbf410b3-f6dc-6811-0d00-000000004400"},{"@Name":"ParentProcessId","#text":"784"},{"@Name":"ParentImage","#text":"C:\Windows\System32\svchost.exe"},{"@Name":"ParentCommandLine","#text":"C:\Windows\system32\svchost.exe -k DcomLaunch -p"},{"@Name":"ParentUser","#text":"NT AUTHORITY\SYSTEM"}]}}}
{"Event":{"System":{"Provider":{"@Name":"Microsoft-Windows-Sysmon","@Guid":"5770385f-c22a-43e0-bf4c-06f5698ffbd9"},"EventID":"5","Version":"3","Level":"4","Task":"5","Opcode":"0","Keywords":"100","TimeCreated":{"@SystemTime":"2025-04-30 16:10:29.3498017"},"EventRecordID":"55322","Correlation":null,"Execution":{"@ProcessID":"2632","@ThreadID":"4140"},"Channel":"Microsoft-Windows-Sysmon/Operational","Computer":"Server002","Security":{"@UserID":"S-1-5-18"}},"EventData":{"Data":[{"@Name":"RuleName","#text":"-"},{"@Name":"UtcTime","#text":"2025-04-30 16:10:29.345"},{"@Name":"ProcessGuid","#text":"dbf410b3-4b3e-6812-c004-000000004400"},{"@Name":"ProcessId","#text":"1892"},{"@Name":"Image","#text":"C:\Windows\System32\backgroundTaskHost.exe"},{"@Name":"User","#text":"SERVER002\lplui"}]}}}
{"Event":{"System":{"Provider":{"@Name":"Microsoft-Windows-Sysmon","@Guid":"5770385f-c22a-43e0-bf4c-06f5698ffbd9"},"EventID":"5","Version":"3","Level":"4","Task":"5","Opcode":"0","Keywords":"100","TimeCreated":{"@SystemTime":"2025-04-30 16:10:35.2144162"},"EventRecordID":"55323","Correlation":null,"Execution":{"@ProcessID":"2632","@ThreadID":"4140"},"Channel":"Microsoft-Windows-Sysmon/Operational","Computer":"Server002","Security":{"@UserID":"S-1-5-18"}},"EventData":{"Data":[{"@Name":"RuleName","#text":"-"},{"@Name":"UtcTime","#text":"2025-04-30 16:10:35.208"},{"@Name":"ProcessGuid","#text":"dbf410b3-4b75-6812-f204-000000004400"},{"@Name":"ProcessId","#text":"7080"},{"@Name":"Image","#text":"C:\Program Files\Microsoft OneDrive\25.065.0406.0002\FileCoAuth.exe"},{"@Name":"User","#text":"SERVER002\lplui"}]}}}
{"Event":{"System":{"Provider":{"@Name":"Microsoft-Windows-Sysmon","@Guid":"5770385f-c22a-43e0-bf4c-06f5698ffbd9"},"EventID":"5","Version":"3","Level":"4","Task":"5","Opcode":"0","Keywords":"100","TimeCreated":{"@SystemTime":"2025-04-30 16:10:36.3613022"},"EventRecordID":"55324","Correlation":null,"Execution":{"@ProcessID":"2632","@ThreadID":"4140"},"Channel":"Microsoft-Windows-Sysmon/Operational","Computer":"Server002","Security":{"@UserID":"S-1-5-18"}},"EventData":{"Data":[{"@Name":"RuleName","#text":"-"},{"@Name":"UtcTime","#text":"2025-04-30 16:10:36.360"},{"@Name":"ProcessGuid","#text":"dbf410b3-4b3e-6812-c104-000000004400"},{"@Name":"ProcessId","#text":"2660"},{"@Name":"Image","#text":"C:\Windows\System32\backgroundTaskHost.exe"},{"@Name":"User","#text":"SERVER002\lplui"}]}}}
