{"Event":{"System":{"Provider":{"@Name":"Microsoft-Windows-Sysmon","@Guid":"5770385f-c22a-43e0-bf4c-06f5698ffbd9"},"EventID":"5","Version":"3","Level":"4","Task":"5","Opcode":"0","Keywords":"10000","TimeCreated":{"@SystemTime":"2025-04-23 14:52:19.9620673"},"EventRecordID":"41922","Correlation":null,"Execution":{"@ProcessID":"2976","@ThreadID":"4008"},"Channel":"Microsoft-Windows-Sysmon/Operational","Computer":"Server002","Security":{"@UserID":"S-1-5-18"}},"EventData":{"Data":[{"@Name":"RuleName","#text":"-"},{"@Name":"UtcTime","#text":"2025-04-23 14:52:19.959"},{"@Name":"ProcessGuid","#text":"dbf410b3-fea3-6808-ed04-000000004000"},{"@Name":"ProcessId","#text":"6800"},{"@Name":"Image","#text":"C:\Windows\System32\WerFault.exe"},{"@Name":"User","#text":"NT AUTHORITY\SYSTEM"}]}}}
{"Event":{"System":{"Provider":{"@Name":"Microsoft-Windows-Sysmon","@Guid":"5770385f-c22a-43e0-bf4c-06f5698ffbd9"},"EventID":"1","Version":"5","Level":"4","Task":"1","Opcode":"0","Keywords":"10000","TimeCreated":{"@SystemTime":"2025-04-23 14:52:20.0010302"},"EventRecordID":"41923","Correlation":null,"Execution":{"@ProcessID":"2976","@ThreadID":"4008"},"Channel":"Microsoft-Windows-Sysmon/Operational","Computer":"Server002","Security":{"@UserID":"S-1-5-18"}},"EventData":{"Data":[{"@Name":"RuleName","#text":"-"},{"@Name":"UtcTime","#text":"2025-04-23 14:52:19.993"},{"@Name":"ProcessGuid","#text":"dbf410b3-fea3-6808-ef04-000000004000"},{"@Name":"ProcessId","#text":"6932"},{"@Name":"Image","#text":"C:\Windows\System32\WerFault.exe"},{"@Name":"FileVersion","#text":"10.0.19041.4355 (WinBuild.160101.0800)"},{"@Name":"Description","#text":"Windows Problem Reporting"},{"@Name":"Product","#text":"Microsoft® Windows® Operating System"},{"@Name":"Company","#text":"Microsoft Corporation"},{"@Name":"OriginalFileName","#text":"WerFault.exe"},{"@Name":"CommandLine","#text":"C:\Windows\system32\WerFault.exe -u -p 8064 -s 4112"},{"@Name":"CurrentDirectory","#text":"C:\Windows\system32\"},{"@Name":"User","#text":"Window Manager\DWM-1"},{"@Name":"LogonGuid","#text":"dbf410b3-fe90-6808-d59e-600100000000"},{"@Name":"LogonId","#text":"0x1609ED5"},{"@Name":"TerminalSessionId","#text":"1"},{"@Name":"IntegrityLevel","#text":"System"},{"@Name":"Hashes","#text":"SHA256=9A0064029CE405645241C3EABA297F6C8A554E2E899EE7E3DDFA5341B5768475"},{"@Name":"ParentProcessGuid","#text":"dbf410b3-fe90-6808-e804-000000004000"},{"@Name":"ParentProcessId","#text":"8064"},{"@Name":"ParentImage","#text":"C:\Windows\System32\dwm.exe"},{"@Name":"ParentCommandLine","#text":"\"dwm.exe\""},{"@Name":"ParentUser","#text":"Window Manager\DWM-1"}]}}}
{"Event":{"System":{"Provider":{"@Name":"Microsoft-Windows-Sysmon","@Guid":"5770385f-c22a-43e0-bf4c-06f5698ffbd9"},"EventID":"5","Version":"3","Level":"4","Task":"5","Opcode":"0","Keywords":"10000","TimeCreated":{"@SystemTime":"2025-04-23 14:52:23.0177707"},"EventRecordID":"41924","Correlation":null,"Execution":{"@ProcessID":"2976","@ThreadID":"4008"},"Channel":"Microsoft-Windows-Sysmon/Operational","Computer":"Server002","Security":{"@UserID":"S-1-5-18"}},"EventData":{"Data":[{"@Name":"RuleName","#text":"-"},{"@Name":"UtcTime","#text":"2025-04-23 14:52:23.015"},{"@Name":"ProcessGuid","#text":"dbf410b3-fea3-6808-ef04-000000004000"},{"@Name":"ProcessId","#text":"6932"},{"@Name":"Image","#text":"C:\Windows\System32\WerFault.exe"},{"@Name":"User","#text":"Window Manager\DWM-1"}]}}}
{"Event":{"System":{"Provider":{"@Name":"Microsoft-Windows-Sysmon","@Guid":"5770385f-c22a-43e0-bf4c-06f5698ffbd9"},"EventID":"5","Version":"3","Level":"4","Task":"5","Opcode":"0","Keywords":"10000","TimeCreated":{"@SystemTime":"2025-04-23 14:52:23.1955431"},"EventRecordID":"41925","Correlation":null,"Execution":{"@ProcessID":"2976","@ThreadID":"4008"},"Channel":"Microsoft-Windows-Sysmon/Operational","Computer":"Server002","Security":{"@UserID":"S-1-5-18"}},"EventData":{"Data":[{"@Name":"RuleName","#text":"-"},{"@Name":"UtcTime","#text":"2025-04-23 14:52:23.141"},{"@Name":"ProcessGuid","#text":"dbf410b3-fe90-6808-e804-000000004000"},{"@Name":"ProcessId","#text":"8064"},{"@Name":"Image","#text":"C:\Windows\System32\dwm.exe"},{"@Name":"User","#text":"Window Manager\DWM-1"}]}}}
{"Event":{"System":{"Provider":{"@Name":"Microsoft-Windows-Sysmon","@Guid":"5770385f-c22a-43e0-bf4c-06f5698ffbd9"},"EventID":"1","Version":"5","Level":"4","Task":"1","Opcode":"0","Keywords":"10000","TimeCreated":{"@SystemTime":"2025-04-23 14:52:23.2530752"},"EventRecordID":"41926","Correlation":null,"Execution":{"@ProcessID":"2976","@ThreadID":"4008"},"Channel":"Microsoft-Windows-Sysmon/Operational","Computer":"Server002","Security":{"@UserID":"S-1-5-18"}},"EventData":{"Data":[{"@Name":"RuleName","#text":"-"},{"@Name":"UtcTime","#text":"2025-04-23 14:52:23.203"},{"@Name":"ProcessGuid","#text":"dbf410b3-fea7-6808-f004-000000004000"},{"@Name":"ProcessId","#text":"11840"},{"@Name":"Image","#text":"C:\Windows\System32\dwm.exe"},{"@Name":"FileVersion","#text":"10.0.19041.4355 (WinBuild.160101.0800)"},{"@Name":"Description","#text":"Desktop Window Manager"},{"@Name":"Product","#text":"Microsoft® Windows® Operating System"},{"@Name":"Company","#text":"Microsoft Corporation"},{"@Name":"OriginalFileName","#text":"dwm.exe"},{"@Name":"CommandLine","#text":"\"dwm.exe\""},{"@Name":"CurrentDirectory","#text":"C:\Windows\system32\"},{"@Name":"User","#text":"Window Manager\DWM-1"},{"@Name":"LogonGuid","#text":"dbf410b3-fea7-6808-3ed2-620100000000"},{"@Name":"LogonId","#text":"0x162D23E"},{"@Name":"TerminalSessionId","#text":"1"},{"@Name":"IntegrityLevel","#text":"System"},{"@Name":"Hashes","#text":"SHA256=DE3D734F5CC52C9B58FEDF1591C7F9AC28899E96D6834F73ECCEF9A156838756"},{"@Name":"ParentProcessGuid","#text":"dbf410b3-cfab-6808-0a00-000000004000"},{"@Name":"ParentProcessId","#text":"600"},{"@Name":"ParentImage","#text":"C:\Windows\System32\winlogon.exe"},{"@Name":"ParentCommandLine","#text":"winlogon.exe"},{"@Name":"ParentUser","#text":"NT AUTHORITY\SYSTEM"}]}}}
{"Event":{"System":{"Provider":{"@Name":"Microsoft-Windows-Sysmon","@Guid":"5770385f-c22a-43e0-bf4c-06f5698ffbd9"},"EventID":"1","Version":"5","Level":"4","Task":"1","Opcode":"0","Keywords":"10000","TimeCreated":{"@SystemTime":"2025-04-23 14:52:25.8089453"},"EventRecordID":"41927","Correlation":null,"Execution":{"@ProcessID":"2976","@ThreadID":"4008"},"Channel":"Microsoft-Windows-Sysmon/Operational","Computer":"Server002","Security":{"@UserID":"S-1-5-18"}},"EventData":{"Data":[{"@Name":"RuleName","#text":"-"},{"@Name":"UtcTime","#text":"2025-04-23 14:52:25.796"},{"@Name":"ProcessGuid","#text":"dbf410b3-fea9-6808-f104-000000004000"},{"@Name":"ProcessId","#text":"4952"},{"@Name":"Image","#text":"C:\Windows\System32\WerFault.exe"},{"@Name":"FileVersion","#text":"10.0.19041.4355 (WinBuild.160101.0800)"},{"@Name":"Description","#text":"Windows Problem Reporting"},{"@Name":"Product","#text":"Microsoft® Windows® Operating System"},{"@Name":"Company","#text":"Microsoft Corporation"},{"@Name":"OriginalFileName","#text":"WerFault.exe"},{"@Name":"CommandLine","#text":"C:\Windows\system32\WerFault.exe -pss -s 416 -p 11840 -ip 11840"},{"@Name":"CurrentDirectory","#text":"C:\Windows\system32\"},{"@Name":"User","#text":"NT AUTHORITY\SYSTEM"},{"@Name":"LogonGuid","#text":"dbf410b3-cfac-6808-e703-000000000000"},{"@Name":"LogonId","#text":"0x3E7"},{"@Name":"TerminalSessionId","#text":"0"},{"@Name":"IntegrityLevel","#text":"System"},{"@Name":"Hashes","#text":"SHA256=9A0064029CE405645241C3EABA297F6C8A554E2E899EE7E3DDFA5341B5768475"},{"@Name":"ParentProcessGuid","#text":"dbf410b3-fe8b-6808-e304-000000004000"},{"@Name":"ParentProcessId","#text":"7500"},{"@Name":"ParentImage","#text":"C:\Windows\System32\svchost.exe"},{"@Name":"ParentCommandLine","#text":"C:\Windows\System32\svchost.exe -k WerSvcGroup"},{"@Name":"ParentUser","#text":"NT AUTHORITY\SYSTEM"}]}}}
{"Event":{"System":{"Provider":{"@Name":"Microsoft-Windows-Sysmon","@Guid":"5770385f-c22a-43e0-bf4c-06f5698ffbd9"},"EventID":"5","Version":"3","Level":"4","Task":"5","Opcode":"0","Keywords":"10000","TimeCreated":{"@SystemTime":"2025-04-23 14:52:25.9401331"},"EventRecordID":"41928","Correlation":null,"Execution":{"@ProcessID":"2976","@ThreadID":"4008"},"Channel":"Microsoft-Windows-Sysmon/Operational","Computer":"Server002","Security":{"@UserID":"S-1-5-18"}},"EventData":{"Data":[{"@Name":"RuleName","#text":"-"},{"@Name":"UtcTime","#text":"2025-04-23 14:52:25.938"},{"@Name":"ProcessGuid","#text":"dbf410b3-fea9-6808-f104-000000004000"},{"@Name":"ProcessId","#text":"4952"},{"@Name":"Image","#text":"C:\Windows\System32\WerFault.exe"},{"@Name":"User","#text":"NT AUTHORITY\SYSTEM"}]}}}
{"Event":{"System":{"Provider":{"@Name":"Microsoft-Windows-Sysmon","@Guid":"5770385f-c22a-43e0-bf4c-06f5698ffbd9"},"EventID":"1","Version":"5","Level":"4","Task":"1","Opcode":"0","Keywords":"10000","TimeCreated":{"@SystemTime":"2025-04-23 14:52:25.9751013"},"EventRecordID":"41929","Correlation":null,"Execution":{"@ProcessID":"2976","@ThreadID":"4008"},"Channel":"Microsoft-Windows-Sysmon/Operational","Computer":"Server002","Security":{"@UserID":"S-1-5-18"}},"EventData":{"Data":[{"@Name":"RuleName","#text":"-"},{"@Name":"UtcTime","#text":"2025-04-23 14:52:25.966"},{"@Name":"ProcessGuid","#text":"dbf410b3-fea9-6808-f304-000000004000"},{"@Name":"ProcessId","#text":"3936"},{"@Name":"Image","#text":"C:\Windows\System32\WerFault.exe"},{"@Name":"FileVersion","#text":"10.0.19041.4355 (WinBuild.160101.0800)"},{"@Name":"Description","#text":"Windows Problem Reporting"},{"@Name":"Product","#text":"Microsoft® Windows® Operating System"},{"@Name":"Company","#text":"Microsoft Corporation"},{"@Name":"OriginalFileName","#text":"WerFault.exe"},{"@Name":"CommandLine","#text":"C:\Windows\system32\WerFault.exe -u -p 11840 -s 3988"},{"@Name":"CurrentDirectory","#text":"C:\Windows\system32\"},{"@Name":"User","#text":"Window Manager\DWM-1"},{"@Name":"LogonGuid","#text":"dbf410b3-fea7-6808-3ed2-620100000000"},{"@Name":"LogonId","#text":"0x162D23E"},{"@Name":"TerminalSessionId","#text":"1"},{"@Name":"IntegrityLevel","#text":"System"},{"@Name":"Hashes","#text":"SHA256=9A0064029CE405645241C3EABA297F6C8A554E2E899EE7E3DDFA5341B5768475"},{"@Name":"ParentProcessGuid","#text":"dbf410b3-fea7-6808-f004-000000004000"},{"@Name":"ParentProcessId","#text":"11840"},{"@Name":"ParentImage","#text":"C:\Windows\System32\dwm.exe"},{"@Name":"ParentCommandLine","#text":"\"dwm.exe\""},{"@Name":"ParentUser","#text":"Window Manager\DWM-1"}]}}}
{"Event":{"System":{"Provider":{"@Name":"Microsoft-Windows-Sysmon","@Guid":"5770385f-c22a-43e0-bf4c-06f5698ffbd9"},"EventID":"1","Version":"5","Level":"4","Task":"1","Opcode":"0","Keywords":"10000","TimeCreated":{"@SystemTime":"2025-04-23 14:52:33.4616738"},"EventRecordID":"41930","Correlation":null,"Execution":{"@ProcessID":"2976","@ThreadID":"4008"},"Channel":"Microsoft-Windows-Sysmon/Operational","Computer":"Server002","Security":{"@UserID":"S-1-5-18"}},"EventData":{"Data":[{"@Name":"RuleName","#text":"-"},{"@Name":"UtcTime","#text":"2025-04-23 14:52:33.449"},{"@Name":"ProcessGuid","#text":"dbf410b3-feb1-6808-f404-000000004000"},{"@Name":"ProcessId","#text":"6544"},{"@Name":"Image","#text":"C:\Windows\System32\wermgr.exe"},{"@Name":"FileVersion","#text":"10.0.19041.4355 (WinBuild.160101.0800)"},{"@Name":"Description","#text":"Windows Problem Reporting"},{"@Name":"Product","#text":"Microsoft® Windows® Operating System"},{"@Name":"Company","#text":"Microsoft Corporation"},{"@Name":"OriginalFileName","#text":"WerMgr"},{"@Name":"CommandLine","#text":"\"C:\Windows\system32\wermgr.exe\" -upload"},{"@Name":"CurrentDirectory","#text":"C:\Windows\system32\"},{"@Name":"User","#text":"NT AUTHORITY\SYSTEM"},{"@Name":"LogonGuid","#text":"dbf410b3-cfac-6808-e703-000000000000"},{"@Name":"LogonId","#text":"0x3E7"},{"@Name":"TerminalSessionId","#text":"0"},{"@Name":"IntegrityLevel","#text":"System"},{"@Name":"Hashes","#text":"SHA256=757A6B10BC3560BECBA2B94182D4EEE82DB6D0F049D3298DA8F5F3D19D69217D"},{"@Name":"ParentProcessGuid","#text":"dbf410b3-cfac-6808-1900-000000004000"},{"@Name":"ParentProcessId","#text":"1136"},{"@Name":"ParentImage","#text":"C:\Windows\System32\svchost.exe"},{"@Name":"ParentCommandLine","#text":"C:\Windows\system32\svchost.exe -k netsvcs -p -s Schedule"},{"@Name":"ParentUser","#text":"NT AUTHORITY\SYSTEM"}]}}}
{"Event":{"System":{"Provider":{"@Name":"Microsoft-Windows-Sysmon","@Guid":"5770385f-c22a-43e0-bf4c-06f5698ffbd9"},"EventID":"5","Version":"3","Level":"4","Task":"5","Opcode":"0","Keywords":"10000","TimeCreated":{"@SystemTime":"2025-04-23 14:52:33.5781441"},"EventRecordID":"41931","Correlation":null,"Execution":{"@ProcessID":"2976","@ThreadID":"4008"},"Channel":"Microsoft-Windows-Sysmon/Operational","Computer":"Server002","Security":{"@UserID":"S-1-5-18"}},"EventData":{"Data":[{"@Name":"RuleName","#text":"-"},{"@Name":"UtcTime","#text":"2025-04-23 14:52:33.541"},{"@Name":"ProcessGuid","#text":"dbf410b3-fea7-6808-f004-000000004000"},{"@Name":"ProcessId","#text":"11840"},{"@Name":"Image","#text":"C:\Windows\System32\dwm.exe"},{"@Name":"User","#text":"Window Manager\DWM-1"}]}}}
{"Event":{"System":{"Provider":{"@Name":"Microsoft-Windows-Sysmon","@Guid":"5770385f-c22a-43e0-bf4c-06f5698ffbd9"},"EventID":"1","Version":"5","Level":"4","Task":"1","Opcode":"0","Keywords":"10000","TimeCreated":{"@SystemTime":"2025-04-23 14:52:33.6536891"},"EventRecordID":"41932","Correlation":null,"Execution":{"@ProcessID":"2976","@ThreadID":"4008"},"Channel":"Microsoft-Windows-Sysmon/Operational","Computer":"Server002","Security":{"@UserID":"S-1-5-18"}},"EventData":{"Data":[{"@Name":"RuleName","#text":"-"},{"@Name":"UtcTime","#text":"2025-04-23 14:52:33.611"},{"@Name":"ProcessGuid","#text":"dbf410b3-feb1-6808-f504-000000004000"},{"@Name":"ProcessId","#text":"1408"},{"@Name":"Image","#text":"C:\Windows\System32\dwm.exe"},{"@Name":"FileVersion","#text":"10.0.19041.4355 (WinBuild.160101.0800)"},{"@Name":"Description","#text":"Desktop Window Manager"},{"@Name":"Product","#text":"Microsoft® Windows® Operating System"},{"@Name":"Company","#text":"Microsoft Corporation"},{"@Name":"OriginalFileName","#text":"dwm.exe"},{"@Name":"CommandLine","#text":"\"dwm.exe\""},{"@Name":"CurrentDirectory","#text":"C:\Windows\system32\"},{"@Name":"User","#text":"Window Manager\DWM-1"},{"@Name":"LogonGuid","#text":"dbf410b3-feb1-6808-4647-630100000000"},{"@Name":"LogonId","#text":"0x1634746"},{"@Name":"TerminalSessionId","#text":"1"},{"@Name":"IntegrityLevel","#text":"System"},{"@Name":"Hashes","#text":"SHA256=DE3D734F5CC52C9B58FEDF1591C7F9AC28899E96D6834F73ECCEF9A156838756"},{"@Name":"ParentProcessGuid","#text":"dbf410b3-cfab-6808-0a00-000000004000"},{"@Name":"ParentProcessId","#text":"600"},{"@Name":"ParentImage","#text":"C:\Windows\System32\winlogon.exe"},{"@Name":"ParentCommandLine","#text":"winlogon.exe"},{"@Name":"ParentUser","#text":"NT AUTHORITY\SYSTEM"}]}}}
{"Event":{"System":{"Provider":{"@Name":"Microsoft-Windows-Sysmon","@Guid":"5770385f-c22a-43e0-bf4c-06f5698ffbd9"},"EventID":"5","Version":"3","Level":"4","Task":"5","Opcode":"0","Keywords":"10000","TimeCreated":{"@SystemTime":"2025-04-23 14:52:33.6597330"},"EventRecordID":"41933","Correlation":null,"Execution":{"@ProcessID":"2976","@ThreadID":"4008"},"Channel":"Microsoft-Windows-Sysmon/Operational","Computer":"Server002","Security":{"@UserID":"S-1-5-18"}},"EventData":{"Data":[{"@Name":"RuleName","#text":"-"},{"@Name":"UtcTime","#text":"2025-04-23 14:52:33.657"},{"@Name":"ProcessGuid","#text":"dbf410b3-fea9-6808-f304-000000004000"},{"@Name":"ProcessId","#text":"3936"},{"@Name":"Image","#text":"C:\Windows\System32\WerFault.exe"},{"@Name":"User","#text":"Window Manager\DWM-1"}]}}}
{"Event":{"System":{"Provider":{"@Name":"Microsoft-Windows-Sysmon","@Guid":"5770385f-c22a-43e0-bf4c-06f5698ffbd9"},"EventID":"5","Version":"3","Level":"4","Task":"5","Opcode":"0","Keywords":"10000","TimeCreated":{"@SystemTime":"2025-04-23 14:52:36.0881455"},"EventRecordID":"41934","Correlation":null,"Execution":{"@ProcessID":"2976","@ThreadID":"4008"},"Channel":"Microsoft-Windows-Sysmon/Operational","Computer":"Server002","Security":{"@UserID":"S-1-5-18"}},"EventData":{"Data":[{"@Name":"RuleName","#text":"-"},{"@Name":"UtcTime","#text":"2025-04-23 14:52:36.086"},{"@Name":"ProcessGuid","#text":"dbf410b3-feb1-6808-f404-000000004000"},{"@Name":"ProcessId","#text":"6544"},{"@Name":"Image","#text":"C:\Windows\System32\wermgr.exe"},{"@Name":"User","#text":"NT AUTHORITY\SYSTEM"}]}}}
{"Event":{"System":{"Provider":{"@Name":"Microsoft-Windows-Sysmon","@Guid":"5770385f-c22a-43e0-bf4c-06f5698ffbd9"},"EventID":"1","Version":"5","Level":"4","Task":"1","Opcode":"0","Keywords":"10000","TimeCreated":{"@SystemTime":"2025-04-23 14:52:57.7107251"},"EventRecordID":"41935","Correlation":null,"Execution":{"@ProcessID":"2976","@ThreadID":"4008"},"Channel":"Microsoft-Windows-Sysmon/Operational","Computer":"Server002","Security":{"@UserID":"S-1-5-18"}},"EventData":{"Data":[{"@Name":"RuleName","#text":"-"},{"@Name":"UtcTime","#text":"2025-04-23 14:52:57.694"},{"@Name":"ProcessGuid","#text":"dbf410b3-fec9-6808-f604-000000004000"},{"@Name":"ProcessId","#text":"9032"},{"@Name":"Image","#text":"C:\Windows\System32\WerFault.exe"},{"@Name":"FileVersion","#text":"10.0.19041.4355 (WinBuild.160101.0800)"},{"@Name":"Description","#text":"Windows Problem Reporting"},{"@Name":"Product","#text":"Microsoft® Windows® Operating System"},{"@Name":"Company","#text":"Microsoft Corporation"},{"@Name":"OriginalFileName","#text":"WerFault.exe"},{"@Name":"CommandLine","#text":"C:\Windows\system32\WerFault.exe -pss -s 576 -p 1408 -ip 1408"},{"@Name":"CurrentDirectory","#text":"C:\Windows\system32\"},{"@Name":"User","#text":"NT AUTHORITY\SYSTEM"},{"@Name":"LogonGuid","#text":"dbf410b3-cfac-6808-e703-000000000000"},{"@Name":"LogonId","#text":"0x3E7"},{"@Name":"TerminalSessionId","#text":"0"},{"@Name":"IntegrityLevel","#text":"System"},{"@Name":"Hashes","#text":"SHA256=9A0064029CE405645241C3EABA297F6C8A554E2E899EE7E3DDFA5341B5768475"},{"@Name":"ParentProcessGuid","#text":"dbf410b3-fe8b-6808-e304-000000004000"},{"@Name":"ParentProcessId","#text":"7500"},{"@Name":"ParentImage","#text":"C:\Windows\System32\svchost.exe"},{"@Name":"ParentCommandLine","#text":"C:\Windows\System32\svchost.exe -k WerSvcGroup"},{"@Name":"ParentUser","#text":"NT AUTHORITY\SYSTEM"}]}}}
{"Event":{"System":{"Provider":{"@Name":"Microsoft-Windows-Sysmon","@Guid":"5770385f-c22a-43e0-bf4c-06f5698ffbd9"},"EventID":"5","Version":"3","Level":"4","Task":"5","Opcode":"0","Keywords":"10000","TimeCreated":{"@SystemTime":"2025-04-23 14:52:57.8658370"},"EventRecordID":"41936","Correlation":null,"Execution":{"@ProcessID":"2976","@ThreadID":"4008"},"Channel":"Microsoft-Windows-Sysmon/Operational","Computer":"Server002","Security":{"@UserID":"S-1-5-18"}},"EventData":{"Data":[{"@Name":"RuleName","#text":"-"},{"@Name":"UtcTime","#text":"2025-04-23 14:52:57.865"},{"@Name":"ProcessGuid","#text":"dbf410b3-fec9-6808-f604-000000004000"},{"@Name":"ProcessId","#text":"9032"},{"@Name":"Image","#text":"C:\Windows\System32\WerFault.exe"},{"@Name":"User","#text":"NT AUTHORITY\SYSTEM"}]}}}
{"Event":{"System":{"Provider":{"@Name":"Microsoft-Windows-Sysmon","@Guid":"5770385f-c22a-43e0-bf4c-06f5698ffbd9"},"EventID":"1","Version":"5","Level":"4","Task":"1","Opcode":"0","Keywords":"10000","TimeCreated":{"@SystemTime":"2025-04-23 14:52:57.9128621"},"EventRecordID":"41937","Correlation":null,"Execution":{"@ProcessID":"2976","@ThreadID":"4008"},"Channel":"Microsoft-Windows-Sysmon/Operational","Computer":"Server002","Security":{"@UserID":"S-1-5-18"}},"EventData":{"Data":[{"@Name":"RuleName","#text":"-"},{"@Name":"UtcTime","#text":"2025-04-23 14:52:57.899"},{"@Name":"ProcessGuid","#text":"dbf410b3-fec9-6808-f804-000000004000"},{"@Name":"ProcessId","#text":"11588"},{"@Name":"Image","#text":"C:\Windows\System32\WerFault.exe"},{"@Name":"FileVersion","#text":"10.0.19041.4355 (WinBuild.160101.0800)"},{"@Name":"Description","#text":"Windows Problem Reporting"},{"@Name":"Product","#text":"Microsoft® Windows® Operating System"},{"@Name":"Company","#text":"Microsoft Corporation"},{"@Name":"OriginalFileName","#text":"WerFault.exe"},{"@Name":"CommandLine","#text":"C:\Windows\system32\WerFault.exe -u -p 1408 -s 3984"},{"@Name":"CurrentDirectory","#text":"C:\Windows\system32\"},{"@Name":"User","#text":"Window Manager\DWM-1"},{"@Name":"LogonGuid","#text":"dbf410b3-feb1-6808-4647-630100000000"},{"@Name":"LogonId","#text":"0x1634746"},{"@Name":"TerminalSessionId","#text":"1"},{"@Name":"IntegrityLevel","#text":"System"},{"@Name":"Hashes","#text":"SHA256=9A0064029CE405645241C3EABA297F6C8A554E2E899EE7E3DDFA5341B5768475"},{"@Name":"ParentProcessGuid","#text":"dbf410b3-feb1-6808-f504-000000004000"},{"@Name":"ParentProcessId","#text":"1408"},{"@Name":"ParentImage","#text":"C:\Windows\System32\dwm.exe"},{"@Name":"ParentCommandLine","#text":"\"dwm.exe\""},{"@Name":"ParentUser","#text":"Window Manager\DWM-1"}]}}}
{"Event":{"System":{"Provider":{"@Name":"Microsoft-Windows-Sysmon","@Guid":"5770385f-c22a-43e0-bf4c-06f5698ffbd9"},"EventID":"5","Version":"3","Level":"4","Task":"5","Opcode":"0","Keywords":"10000","TimeCreated":{"@SystemTime":"2025-04-23 14:53:04.4772787"},"EventRecordID":"41938","Correlation":null,"Execution":{"@ProcessID":"2976","@ThreadID":"4008"},"Channel":"Microsoft-Windows-Sysmon/Operational","Computer":"Server002","Security":{"@UserID":"S-1-5-18"}},"EventData":{"Data":[{"@Name":"RuleName","#text":"-"},{"@Name":"UtcTime","#text":"2025-04-23 14:53:04.476"},{"@Name":"ProcessGuid","#text":"dbf410b3-fe91-6808-e904-000000004000"},{"@Name":"ProcessId","#text":"6156"},{"@Name":"Image","#text":"C:\Windows\System32\backgroundTaskHost.exe"},{"@Name":"User","#text":"SERVER002\lplui"}]}}}
{"Event":{"System":{"Provider":{"@Name":"Microsoft-Windows-Sysmon","@Guid":"5770385f-c22a-43e0-bf4c-06f5698ffbd9"},"EventID":"5","Version":"3","Level":"4","Task":"5","Opcode":"0","Keywords":"10000","TimeCreated":{"@SystemTime":"2025-04-23 14:53:18.0130334"},"EventRecordID":"41939","Correlation":null,"Execution":{"@ProcessID":"2976","@ThreadID":"4008"},"Channel":"Microsoft-Windows-Sysmon/Operational","Computer":"Server002","Security":{"@UserID":"S-1-5-18"}},"EventData":{"Data":[{"@Name":"RuleName","#text":"-"},{"@Name":"UtcTime","#text":"2025-04-23 14:53:18.011"},{"@Name":"ProcessGuid","#text":"dbf410b3-fe9f-6808-ec04-000000004000"},{"@Name":"ProcessId","#text":"8424"},{"@Name":"Image","#text":"C:\Windows\System32\MoUsoCoreWorker.exe"},{"@Name":"User","#text":"NT AUTHORITY\SYSTEM"}]}}}
{"Event":{"System":{"Provider":{"@Name":"Microsoft-Windows-Sysmon","@Guid":"5770385f-c22a-43e0-bf4c-06f5698ffbd9"},"EventID":"5","Version":"3","Level":"4","Task":"5","Opcode":"0","Keywords":"10000","TimeCreated":{"@SystemTime":"2025-04-23 14:53:18.1222823"},"EventRecordID":"41940","Correlation":null,"Execution":{"@ProcessID":"2976","@ThreadID":"4008"},"Channel":"Microsoft-Windows-Sysmon/Operational","Computer":"Server002","Security":{"@UserID":"S-1-5-18"}},"EventData":{"Data":[{"@Name":"RuleName","#text":"-"},{"@Name":"UtcTime","#text":"2025-04-23 14:53:18.122"},{"@Name":"ProcessGuid","#text":"dbf410b3-fec9-6808-f804-000000004000"},{"@Name":"ProcessId","#text":"11588"},{"@Name":"Image","#text":"C:\Windows\System32\WerFault.exe"},{"@Name":"User","#text":"Window Manager\DWM-1"}]}}}
{"Event":{"System":{"Provider":{"@Name":"Microsoft-Windows-Sysmon","@Guid":"5770385f-c22a-43e0-bf4c-06f5698ffbd9"},"EventID":"5","Version":"3","Level":"4","Task":"5","Opcode":"0","Keywords":"10000","TimeCreated":{"@SystemTime":"2025-04-23 14:53:18.2709014"},"EventRecordID":"41941","Correlation":null,"Execution":{"@ProcessID":"2976","@ThreadID":"4008"},"Channel":"Microsoft-Windows-Sysmon/Operational","Computer":"Server002","Security":{"@UserID":"S-1-5-18"}},"EventData":{"Data":[{"@Name":"RuleName","#text":"-"},{"@Name":"UtcTime","#text":"2025-04-23 14:53:18.251"},{"@Name":"ProcessGuid","#text":"dbf410b3-feb1-6808-f504-000000004000"},{"@Name":"ProcessId","#text":"1408"},{"@Name":"Image","#text":"C:\Windows\System32\dwm.exe"},{"@Name":"User","#text":"Window Manager\DWM-1"}]}}}
{"Event":{"System":{"Provider":{"@Name":"Microsoft-Windows-Sysmon","@Guid":"5770385f-c22a-43e0-bf4c-06f5698ffbd9"},"EventID":"1","Version":"5","Level":"4","Task":"1","Opcode":"0","Keywords":"10000","TimeCreated":{"@SystemTime":"2025-04-23 14:53:18.5301972"},"EventRecordID":"41942","Correlation":null,"Execution":{"@ProcessID":"2976","@ThreadID":"4008"},"Channel":"Microsoft-Windows-Sysmon/Operational","Computer":"Server002","Security":{"@UserID":"S-1-5-18"}},"EventData":{"Data":[{"@Name":"RuleName","#text":"-"},{"@Name":"UtcTime","#text":"2025-04-23 14:53:18.442"},{"@Name":"ProcessGuid","#text":"dbf410b3-fede-6808-f904-000000004000"},{"@Name":"ProcessId","#text":"3692"},{"@Name":"Image","#text":"C:\Windows\System32\dwm.exe"},{"@Name":"FileVersion","#text":"10.0.19041.4355 (WinBuild.160101.0800)"},{"@Name":"Description","#text":"Desktop Window Manager"},{"@Name":"Product","#text":"Microsoft® Windows® Operating System"},{"@Name":"Company","#text":"Microsoft Corporation"},{"@Name":"OriginalFileName","#text":"dwm.exe"},{"@Name":"CommandLine","#text":"\"dwm.exe\""},{"@Name":"CurrentDirectory","#text":"C:\Windows\system32\"},{"@Name":"User","#text":"Window Manager\DWM-1"},{"@Name":"LogonGuid","#text":"dbf410b3-fede-6808-95fe-630100000000"},{"@Name":"LogonId","#text":"0x163FE95"},{"@Name":"TerminalSessionId","#text":"1"},{"@Name":"IntegrityLevel","#text":"System"},{"@Name":"Hashes","#text":"SHA256=DE3D734F5CC52C9B58FEDF1591C7F9AC28899E96D6834F73ECCEF9A156838756"},{"@Name":"ParentProcessGuid","#text":"dbf410b3-cfab-6808-0a00-000000004000"},{"@Name":"ParentProcessId","#text":"600"},{"@Name":"ParentImage","#text":"C:\Windows\System32\winlogon.exe"},{"@Name":"ParentCommandLine","#text":"winlogon.exe"},{"@Name":"ParentUser","#text":"NT AUTHORITY\SYSTEM"}]}}}
{"Event":{"System":{"Provider":{"@Name":"Microsoft-Windows-Sysmon","@Guid":"5770385f-c22a-43e0-bf4c-06f5698ffbd9"},"EventID":"5","Version":"3","Level":"4","Task":"5","Opcode":"0","Keywords":"10000","TimeCreated":{"@SystemTime":"2025-04-23 14:54:16.6625652"},"EventRecordID":"41943","Correlation":null,"Execution":{"@ProcessID":"2976","@ThreadID":"4008"},"Channel":"Microsoft-Windows-Sysmon/Operational","Computer":"Server002","Security":{"@UserID":"S-1-5-18"}},"EventData":{"Data":[{"@Name":"RuleName","#text":"-"},{"@Name":"UtcTime","#text":"2025-04-23 14:54:16.661"},{"@Name":"ProcessGuid","#text":"dbf410b3-fe2b-6808-da04-000000004000"},{"@Name":"ProcessId","#text":"6340"},{"@Name":"Image","#text":"C:\Windows\servicing\TrustedInstaller.exe"},{"@Name":"User","#text":"NT AUTHORITY\SYSTEM"}]}}}
{"Event":{"System":{"Provider":{"@Name":"Microsoft-Windows-Sysmon","@Guid":"5770385f-c22a-43e0-bf4c-06f5698ffbd9"},"EventID":"5","Version":"3","Level":"4","Task":"5","Opcode":"0","Keywords":"10000","TimeCreated":{"@SystemTime":"2025-04-23 14:54:16.6861924"},"EventRecordID":"41944","Correlation":null,"Execution":{"@ProcessID":"2976","@ThreadID":"4008"},"Channel":"Microsoft-Windows-Sysmon/Operational","Computer":"Server002","Security":{"@UserID":"S-1-5-18"}},"EventData":{"Data":[{"@Name":"RuleName","#text":"-"},{"@Name":"UtcTime","#text":"2025-04-23 14:54:16.685"},{"@Name":"ProcessGuid","#text":"dbf410b3-fe2c-6808-dd04-000000004000"},{"@Name":"ProcessId","#text":"2184"},{"@Name":"Image","#text":"C:\Windows\WinSxS\amd64_microsoft-windows-servicingstack_31bf3856ad364e35_10.0.19041.5676_none_7dfafd007c9b4e44\TiWorker.exe"},{"@Name":"User","#text":"NT AUTHORITY\SYSTEM"}]}}}
{"Event":{"System":{"Provider":{"@Name":"Microsoft-Windows-Sysmon","@Guid":"5770385f-c22a-43e0-bf4c-06f5698ffbd9"},"EventID":"1","Version":"5","Level":"4","Task":"1","Opcode":"0","Keywords":"10000","TimeCreated":{"@SystemTime":"2025-04-23 14:54:17.6591974"},"EventRecordID":"41945","Correlation":null,"Execution":{"@ProcessID":"2976","@ThreadID":"4008"},"Channel":"Microsoft-Windows-Sysmon/Operational","Computer":"Server002","Security":{"@UserID":"S-1-5-18"}},"EventData":{"Data":[{"@Name":"RuleName","#text":"-"},{"@Name":"UtcTime","#text":"2025-04-23 14:54:17.643"},{"@Name":"ProcessGuid","#text":"dbf410b3-ff19-6808-fa04-000000004000"},{"@Name":"ProcessId","#text":"11440"},{"@Name":"Image","#text":"C:\Windows\System32\WerFault.exe"},{"@Name":"FileVersion","#text":"10.0.19041.4355 (WinBuild.160101.0800)"},{"@Name":"Description","#text":"Windows Problem Reporting"},{"@Name":"Product","#text":"Microsoft® Windows® Operating System"},{"@Name":"Company","#text":"Microsoft Corporation"},{"@Name":"OriginalFileName","#text":"WerFault.exe"},{"@Name":"CommandLine","#text":"C:\Windows\system32\WerFault.exe -pss -s 568 -p 3692 -ip 3692"},{"@Name":"CurrentDirectory","#text":"C:\Windows\system32\"},{"@Name":"User","#text":"NT AUTHORITY\SYSTEM"},{"@Name":"LogonGuid","#text":"dbf410b3-cfac-6808-e703-000000000000"},{"@Name":"LogonId","#text":"0x3E7"},{"@Name":"TerminalSessionId","#text":"0"},{"@Name":"IntegrityLevel","#text":"System"},{"@Name":"Hashes","#text":"SHA256=9A0064029CE405645241C3EABA297F6C8A554E2E899EE7E3DDFA5341B5768475"},{"@Name":"ParentProcessGuid","#text":"dbf410b3-fe8b-6808-e304-000000004000"},{"@Name":"ParentProcessId","#text":"7500"},{"@Name":"ParentImage","#text":"C:\Windows\System32\svchost.exe"},{"@Name":"ParentCommandLine","#text":"C:\Windows\System32\svchost.exe -k WerSvcGroup"},{"@Name":"ParentUser","#text":"NT AUTHORITY\SYSTEM"}]}}}
{"Event":{"System":{"Provider":{"@Name":"Microsoft-Windows-Sysmon","@Guid":"5770385f-c22a-43e0-bf4c-06f5698ffbd9"},"EventID":"5","Version":"3","Level":"4","Task":"5","Opcode":"0","Keywords":"10000","TimeCreated":{"@SystemTime":"2025-04-23 14:54:17.8139268"},"EventRecordID":"41946","Correlation":null,"Execution":{"@ProcessID":"2976","@ThreadID":"4008"},"Channel":"Microsoft-Windows-Sysmon/Operational","Computer":"Server002","Security":{"@UserID":"S-1-5-18"}},"EventData":{"Data":[{"@Name":"RuleName","#text":"-"},{"@Name":"UtcTime","#text":"2025-04-23 14:54:17.812"},{"@Name":"ProcessGuid","#text":"dbf410b3-ff19-6808-fa04-000000004000"},{"@Name":"ProcessId","#text":"11440"},{"@Name":"Image","#text":"C:\Windows\System32\WerFault.exe"},{"@Name":"User","#text":"NT AUTHORITY\SYSTEM"}]}}}
{"Event":{"System":{"Provider":{"@Name":"Microsoft-Windows-Sysmon","@Guid":"5770385f-c22a-43e0-bf4c-06f5698ffbd9"},"EventID":"1","Version":"5","Level":"4","Task":"1","Opcode":"0","Keywords":"10000","TimeCreated":{"@SystemTime":"2025-04-23 14:54:17.8537976"},"EventRecordID":"41947","Correlation":null,"Execution":{"@ProcessID":"2976","@ThreadID":"4008"},"Channel":"Microsoft-Windows-Sysmon/Operational","Computer":"Server002","Security":{"@UserID":"S-1-5-18"}},"EventData":{"Data":[{"@Name":"RuleName","#text":"-"},{"@Name":"UtcTime","#text":"2025-04-23 14:54:17.845"},{"@Name":"ProcessGuid","#text":"dbf410b3-ff19-6808-fc04-000000004000"},{"@Name":"ProcessId","#text":"8428"},{"@Name":"Image","#text":"C:\Windows\System32\WerFault.exe"},{"@Name":"FileVersion","#text":"10.0.19041.4355 (WinBuild.160101.0800)"},{"@Name":"Description","#text":"Windows Problem Reporting"},{"@Name":"Product","#text":"Microsoft® Windows® Operating System"},{"@Name":"Company","#text":"Microsoft Corporation"},{"@Name":"OriginalFileName","#text":"WerFault.exe"},{"@Name":"CommandLine","#text":"C:\Windows\system32\WerFault.exe -u -p 3692 -s 4112"},{"@Name":"CurrentDirectory","#text":"C:\Windows\system32\"},{"@Name":"User","#text":"Window Manager\DWM-1"},{"@Name":"LogonGuid","#text":"dbf410b3-fede-6808-95fe-630100000000"},{"@Name":"LogonId","#text":"0x163FE95"},{"@Name":"TerminalSessionId","#text":"1"},{"@Name":"IntegrityLevel","#text":"System"},{"@Name":"Hashes","#text":"SHA256=9A0064029CE405645241C3EABA297F6C8A554E2E899EE7E3DDFA5341B5768475"},{"@Name":"ParentProcessGuid","#text":"dbf410b3-fede-6808-f904-000000004000"},{"@Name":"ParentProcessId","#text":"3692"},{"@Name":"ParentImage","#text":"C:\Windows\System32\dwm.exe"},{"@Name":"ParentCommandLine","#text":"\"dwm.exe\""},{"@Name":"ParentUser","#text":"Window Manager\DWM-1"}]}}}
{"Event":{"System":{"Provider":{"@Name":"Microsoft-Windows-Sysmon","@Guid":"5770385f-c22a-43e0-bf4c-06f5698ffbd9"},"EventID":"5","Version":"3","Level":"4","Task":"5","Opcode":"0","Keywords":"10000","TimeCreated":{"@SystemTime":"2025-04-23 14:54:23.7673462"},"EventRecordID":"41948","Correlation":null,"Execution":{"@ProcessID":"2976","@ThreadID":"4008"},"Channel":"Microsoft-Windows-Sysmon/Operational","Computer":"Server002","Security":{"@UserID":"S-1-5-18"}},"EventData":{"Data":[{"@Name":"RuleName","#text":"-"},{"@Name":"UtcTime","#text":"2025-04-23 14:54:23.767"},{"@Name":"ProcessGuid","#text":"dbf410b3-ff19-6808-fc04-000000004000"},{"@Name":"ProcessId","#text":"8428"},{"@Name":"Image","#text":"C:\Windows\System32\WerFault.exe"},{"@Name":"User","#text":"Window Manager\DWM-1"}]}}}
{"Event":{"System":{"Provider":{"@Name":"Microsoft-Windows-Sysmon","@Guid":"5770385f-c22a-43e0-bf4c-06f5698ffbd9"},"EventID":"5","Version":"3","Level":"4","Task":"5","Opcode":"0","Keywords":"10000","TimeCreated":{"@SystemTime":"2025-04-23 14:54:23.9553560"},"EventRecordID":"41949","Correlation":null,"Execution":{"@ProcessID":"2976","@ThreadID":"4008"},"Channel":"Microsoft-Windows-Sysmon/Operational","Computer":"Server002","Security":{"@UserID":"S-1-5-18"}},"EventData":{"Data":[{"@Name":"RuleName","#text":"-"},{"@Name":"UtcTime","#text":"2025-04-23 14:54:23.879"},{"@Name":"ProcessGuid","#text":"dbf410b3-fede-6808-f904-000000004000"},{"@Name":"ProcessId","#text":"3692"},{"@Name":"Image","#text":"C:\Windows\System32\dwm.exe"},{"@Name":"User","#text":"Window Manager\DWM-1"}]}}}
{"Event":{"System":{"Provider":{"@Name":"Microsoft-Windows-Sysmon","@Guid":"5770385f-c22a-43e0-bf4c-06f5698ffbd9"},"EventID":"1","Version":"5","Level":"4","Task":"1","Opcode":"0","Keywords":"10000","TimeCreated":{"@SystemTime":"2025-04-23 14:54:24.0230678"},"EventRecordID":"41950","Correlation":null,"Execution":{"@ProcessID":"2976","@ThreadID":"4008"},"Channel":"Microsoft-Windows-Sysmon/Operational","Computer":"Server002","Security":{"@UserID":"S-1-5-18"}},"EventData":{"Data":[{"@Name":"RuleName","#text":"-"},{"@Name":"UtcTime","#text":"2025-04-23 14:54:23.961"},{"@Name":"ProcessGuid","#text":"dbf410b3-ff1f-6808-fd04-000000004000"},{"@Name":"ProcessId","#text":"11020"},{"@Name":"Image","#text":"C:\Windows\System32\dwm.exe"},{"@Name":"FileVersion","#text":"10.0.19041.4355 (WinBuild.160101.0800)"},{"@Name":"Description","#text":"Desktop Window Manager"},{"@Name":"Product","#text":"Microsoft® Windows® Operating System"},{"@Name":"Company","#text":"Microsoft Corporation"},{"@Name":"OriginalFileName","#text":"dwm.exe"},{"@Name":"CommandLine","#text":"\"dwm.exe\""},{"@Name":"CurrentDirectory","#text":"C:\Windows\system32\"},{"@Name":"User","#text":"Window Manager\DWM-1"},{"@Name":"LogonGuid","#text":"dbf410b3-ff1f-6808-23bb-640100000000"},{"@Name":"LogonId","#text":"0x164BB23"},{"@Name":"TerminalSessionId","#text":"1"},{"@Name":"IntegrityLevel","#text":"System"},{"@Name":"Hashes","#text":"SHA256=DE3D734F5CC52C9B58FEDF1591C7F9AC28899E96D6834F73ECCEF9A156838756"},{"@Name":"ParentProcessGuid","#text":"dbf410b3-cfab-6808-0a00-000000004000"},{"@Name":"ParentProcessId","#text":"600"},{"@Name":"ParentImage","#text":"C:\Windows\System32\winlogon.exe"},{"@Name":"ParentCommandLine","#text":"winlogon.exe"},{"@Name":"ParentUser","#text":"NT AUTHORITY\SYSTEM"}]}}}
{"Event":{"System":{"Provider":{"@Name":"Microsoft-Windows-Sysmon","@Guid":"5770385f-c22a-43e0-bf4c-06f5698ffbd9"},"EventID":"5","Version":"3","Level":"4","Task":"5","Opcode":"0","Keywords":"10000","TimeCreated":{"@SystemTime":"2025-04-23 14:55:11.3253086"},"EventRecordID":"41951","Correlation":null,"Execution":{"@ProcessID":"2976","@ThreadID":"4008"},"Channel":"Microsoft-Windows-Sysmon/Operational","Computer":"Server002","Security":{"@UserID":"S-1-5-18"}},"EventData":{"Data":[{"@Name":"RuleName","#text":"-"},{"@Name":"UtcTime","#text":"2025-04-23 14:55:11.324"},{"@Name":"ProcessGuid","#text":"dbf410b3-fce7-6808-c004-000000004000"},{"@Name":"ProcessId","#text":"11632"},{"@Name":"Image","#text":"C:\Windows\System32\svchost.exe"},{"@Name":"User","#text":"NT AUTHORITY\SYSTEM"}]}}}
{"Event":{"System":{"Provider":{"@Name":"Microsoft-Windows-Sysmon","@Guid":"5770385f-c22a-43e0-bf4c-06f5698ffbd9"},"EventID":"5","Version":"3","Level":"4","Task":"5","Opcode":"0","Keywords":"10000","TimeCreated":{"@SystemTime":"2025-04-23 14:56:23.6644469"},"EventRecordID":"41952","Correlation":null,"Execution":{"@ProcessID":"2976","@ThreadID":"4008"},"Channel":"Microsoft-Windows-Sysmon/Operational","Computer":"Server002","Security":{"@UserID":"S-1-5-18"}},"EventData":{"Data":[{"@Name":"RuleName","#text":"-"},{"@Name":"UtcTime","#text":"2025-04-23 14:56:23.663"},{"@Name":"ProcessGuid","#text":"dbf410b3-fe8b-6808-e304-000000004000"},{"@Name":"ProcessId","#text":"7500"},{"@Name":"Image","#text":"C:\Windows\System32\svchost.exe"},{"@Name":"User","#text":"NT AUTHORITY\SYSTEM"}]}}}
{"Event":{"System":{"Provider":{"@Name":"Microsoft-Windows-Sysmon","@Guid":"5770385f-c22a-43e0-bf4c-06f5698ffbd9"},"EventID":"5","Version":"3","Level":"4","Task":"5","Opcode":"0","Keywords":"10000","TimeCreated":{"@SystemTime":"2025-04-23 14:57:06.0150233"},"EventRecordID":"41953","Correlation":null,"Execution":{"@ProcessID":"2976","@ThreadID":"4008"},"Channel":"Microsoft-Windows-Sysmon/Operational","Computer":"Server002","Security":{"@UserID":"S-1-5-18"}},"EventData":{"Data":[{"@Name":"RuleName","#text":"-"},{"@Name":"UtcTime","#text":"2025-04-23 14:57:06.007"},{"@Name":"ProcessGuid","#text":"dbf410b3-fce6-6808-bf04-000000004000"},{"@Name":"ProcessId","#text":"7540"},{"@Name":"Image","#text":"C:\Windows\System32\svchost.exe"},{"@Name":"User","#text":"NT AUTHORITY\SYSTEM"}]}}}
{"Event":{"System":{"Provider":{"@Name":"Microsoft-Windows-Sysmon","@Guid":"5770385f-c22a-43e0-bf4c-06f5698ffbd9"},"EventID":"5","Version":"3","Level":"4","Task":"5","Opcode":"0","Keywords":"10000","TimeCreated":{"@SystemTime":"2025-04-23 14:57:08.6575654"},"EventRecordID":"41954","Correlation":null,"Execution":{"@ProcessID":"2976","@ThreadID":"4008"},"Channel":"Microsoft-Windows-Sysmon/Operational","Computer":"Server002","Security":{"@UserID":"S-1-5-18"}},"EventData":{"Data":[{"@Name":"RuleName","#text":"-"},{"@Name":"UtcTime","#text":"2025-04-23 14:57:08.648"},{"@Name":"ProcessGuid","#text":"dbf410b3-fd0a-6808-c704-000000004000"},{"@Name":"ProcessId","#text":"9524"},{"@Name":"Image","#text":"C:\Windows\System32\svchost.exe"},{"@Name":"User","#text":"NT AUTHORITY\SYSTEM"}]}}}
{"Event":{"System":{"Provider":{"@Name":"Microsoft-Windows-Sysmon","@Guid":"5770385f-c22a-43e0-bf4c-06f5698ffbd9"},"EventID":"1","Version":"5","Level":"4","Task":"1","Opcode":"0","Keywords":"10000","TimeCreated":{"@SystemTime":"2025-04-23 14:57:15.0319624"},"EventRecordID":"41955","Correlation":null,"Execution":{"@ProcessID":"2976","@ThreadID":"4008"},"Channel":"Microsoft-Windows-Sysmon/Operational","Computer":"Server002","Security":{"@UserID":"S-1-5-18"}},"EventData":{"Data":[{"@Name":"RuleName","#text":"-"},{"@Name":"UtcTime","#text":"2025-04-23 14:57:15.019"},{"@Name":"ProcessGuid","#text":"dbf410b3-ffcb-6808-fe04-000000004000"},{"@Name":"ProcessId","#text":"4744"},{"@Name":"Image","#text":"C:\Windows\System32\MoUsoCoreWorker.exe"},{"@Name":"FileVersion","#text":"10.0.19041.5678 (WinBuild.160101.0800)"},{"@Name":"Description","#text":"MoUSO Core Worker Process"},{"@Name":"Product","#text":"Microsoft® Windows® Operating System"},{"@Name":"Company","#text":"Microsoft Corporation"},{"@Name":"OriginalFileName","#text":"MoUSOCoreWorker.exe"},{"@Name":"CommandLine","#text":"C:\Windows\System32\mousocoreworker.exe -Embedding"},{"@Name":"CurrentDirectory","#text":"C:\Windows\system32\"},{"@Name":"User","#text":"NT AUTHORITY\SYSTEM"},{"@Name":"LogonGuid","#text":"dbf410b3-cfac-6808-e703-000000000000"},{"@Name":"LogonId","#text":"0x3E7"},{"@Name":"TerminalSessionId","#text":"0"},{"@Name":"IntegrityLevel","#text":"System"},{"@Name":"Hashes","#text":"SHA256=235882DE2347DB7A4CE2BBD7599B5D8D56C93A8BC18207DBEE7173B9BAD068FE"},{"@Name":"ParentProcessGuid","#text":"dbf410b3-cfac-6808-0d00-000000004000"},{"@Name":"ParentProcessId","#text":"788"},{"@Name":"ParentImage","#text":"C:\Windows\System32\svchost.exe"},{"@Name":"ParentCommandLine","#text":"C:\Windows\system32\svchost.exe -k DcomLaunch -p"},{"@Name":"ParentUser","#text":"NT AUTHORITY\SYSTEM"}]}}}
{"Event":{"System":{"Provider":{"@Name":"Microsoft-Windows-Sysmon","@Guid":"5770385f-c22a-43e0-bf4c-06f5698ffbd9"},"EventID":"1","Version":"5","Level":"4","Task":"1","Opcode":"0","Keywords":"10000","TimeCreated":{"@SystemTime":"2025-04-23 14:57:15.1975405"},"EventRecordID":"41956","Correlation":null,"Execution":{"@ProcessID":"2976","@ThreadID":"4008"},"Channel":"Microsoft-Windows-Sysmon/Operational","Computer":"Server002","Security":{"@UserID":"S-1-5-18"}},"EventData":{"Data":[{"@Name":"RuleName","#text":"-"},{"@Name":"UtcTime","#text":"2025-04-23 14:57:15.189"},{"@Name":"ProcessGuid","#text":"dbf410b3-ffcb-6808-ff04-000000004000"},{"@Name":"ProcessId","#text":"7420"},{"@Name":"Image","#text":"C:\Windows\servicing\TrustedInstaller.exe"},{"@Name":"FileVersion","#text":"10.0.19041.5553 (WinBuild.160101.0800)"},{"@Name":"Description","#text":"Windows Modules Installer"},{"@Name":"Product","#text":"Microsoft® Windows® Operating System"},{"@Name":"Company","#text":"Microsoft Corporation"},{"@Name":"OriginalFileName","#text":"TrustedInstaller.exe"},{"@Name":"CommandLine","#text":"C:\Windows\servicing\TrustedInstaller.exe"},{"@Name":"CurrentDirectory","#text":"C:\Windows\system32\"},{"@Name":"User","#text":"NT AUTHORITY\SYSTEM"},{"@Name":"LogonGuid","#text":"dbf410b3-cfac-6808-e703-000000000000"},{"@Name":"LogonId","#text":"0x3E7"},{"@Name":"TerminalSessionId","#text":"0"},{"@Name":"IntegrityLevel","#text":"System"},{"@Name":"Hashes","#text":"SHA256=9F5297972FC777646E463D683241868E231DB0D3C2EFAD6C21E00114C4D84AB6"},{"@Name":"ParentProcessGuid","#text":"dbf410b3-cfab-6808-0b00-000000004000"},{"@Name":"ParentProcessId","#text":"672"},{"@Name":"ParentImage","#text":"C:\Windows\System32\services.exe"},{"@Name":"ParentCommandLine","#text":"C:\Windows\system32\services.exe"},{"@Name":"ParentUser","#text":"NT AUTHORITY\SYSTEM"}]}}}
{"Event":{"System":{"Provider":{"@Name":"Microsoft-Windows-Sysmon","@Guid":"5770385f-c22a-43e0-bf4c-06f5698ffbd9"},"EventID":"1","Version":"5","Level":"4","Task":"1","Opcode":"0","Keywords":"10000","TimeCreated":{"@SystemTime":"2025-04-23 14:57:15.3180597"},"EventRecordID":"41957","Correlation":null,"Execution":{"@ProcessID":"2976","@ThreadID":"4008"},"Channel":"Microsoft-Windows-Sysmon/Operational","Computer":"Server002","Security":{"@UserID":"S-1-5-18"}},"EventData":{"Data":[{"@Name":"RuleName","#text":"-"},{"@Name":"UtcTime","#text":"2025-04-23 14:57:15.312"},{"@Name":"ProcessGuid","#text":"dbf410b3-ffcb-6808-0005-000000004000"},{"@Name":"ProcessId","#text":"8276"},{"@Name":"Image","#text":"C:\Windows\WinSxS\amd64_microsoft-windows-servicingstack_31bf3856ad364e35_10.0.19041.5676_none_7dfafd007c9b4e44\TiWorker.exe"},{"@Name":"FileVersion","#text":"10.0.19041.5676 (WinBuild.160101.0800)"},{"@Name":"Description","#text":"Windows Modules Installer Worker"},{"@Name":"Product","#text":"Microsoft® Windows® Operating System"},{"@Name":"Company","#text":"Microsoft Corporation"},{"@Name":"OriginalFileName","#text":"TiWorker.exe"},{"@Name":"CommandLine","#text":"C:\Windows\winsxs\amd64_microsoft-windows-servicingstack_31bf3856ad364e35_10.0.19041.5676_none_7dfafd007c9b4e44\TiWorker.exe -Embedding"},{"@Name":"CurrentDirectory","#text":"C:\Windows\system32\"},{"@Name":"User","#text":"NT AUTHORITY\SYSTEM"},{"@Name":"LogonGuid","#text":"dbf410b3-cfac-6808-e703-000000000000"},{"@Name":"LogonId","#text":"0x3E7"},{"@Name":"TerminalSessionId","#text":"0"},{"@Name":"IntegrityLevel","#text":"System"},{"@Name":"Hashes","#text":"SHA256=882DABAFFA4F7C0502B1AD20C8D38A5EFD4AAA06ED2B4907D5F0A5700BB50A19"},{"@Name":"ParentProcessGuid","#text":"dbf410b3-cfac-6808-0d00-000000004000"},{"@Name":"ParentProcessId","#text":"788"},{"@Name":"ParentImage","#text":"C:\Windows\System32\svchost.exe"},{"@Name":"ParentCommandLine","#text":"C:\Windows\system32\svchost.exe -k DcomLaunch -p"},{"@Name":"ParentUser","#text":"NT AUTHORITY\SYSTEM"}]}}}
{"Event":{"System":{"Provider":{"@Name":"Microsoft-Windows-Sysmon","@Guid":"5770385f-c22a-43e0-bf4c-06f5698ffbd9"},"EventID":"5","Version":"3","Level":"4","Task":"5","Opcode":"0","Keywords":"10000","TimeCreated":{"@SystemTime":"2025-04-23 14:57:19.4572541"},"EventRecordID":"41958","Correlation":null,"Execution":{"@ProcessID":"2976","@ThreadID":"4008"},"Channel":"Microsoft-Windows-Sysmon/Operational","Computer":"Server002","Security":{"@UserID":"S-1-5-18"}},"EventData":{"Data":[{"@Name":"RuleName","#text":"-"},{"@Name":"UtcTime","#text":"2025-04-23 14:57:19.456"},{"@Name":"ProcessGuid","#text":"dbf410b3-fe8d-6808-e704-000000004000"},{"@Name":"ProcessId","#text":"11344"},{"@Name":"Image","#text":"C:\Windows\System32\svchost.exe"},{"@Name":"User","#text":"NT AUTHORITY\SYSTEM"}]}}}
{"Event":{"System":{"Provider":{"@Name":"Microsoft-Windows-Sysmon","@Guid":"5770385f-c22a-43e0-bf4c-06f5698ffbd9"},"EventID":"1","Version":"5","Level":"4","Task":"1","Opcode":"0","Keywords":"10000","TimeCreated":{"@SystemTime":"2025-04-23 14:57:41.5061233"},"EventRecordID":"41959","Correlation":null,"Execution":{"@ProcessID":"2976","@ThreadID":"4008"},"Channel":"Microsoft-Windows-Sysmon/Operational","Computer":"Server002","Security":{"@UserID":"S-1-5-18"}},"EventData":{"Data":[{"@Name":"RuleName","#text":"-"},{"@Name":"UtcTime","#text":"2025-04-23 14:57:41.498"},{"@Name":"ProcessGuid","#text":"dbf410b3-ffe5-6808-0105-000000004000"},{"@Name":"ProcessId","#text":"11444"},{"@Name":"Image","#text":"C:\Windows\System32\svchost.exe"},{"@Name":"FileVersion","#text":"10.0.19041.4355 (WinBuild.160101.0800)"},{"@Name":"Description","#text":"Host Process for Windows Services"},{"@Name":"Product","#text":"Microsoft® Windows® Operating System"},{"@Name":"Company","#text":"Microsoft Corporation"},{"@Name":"OriginalFileName","#text":"svchost.exe"},{"@Name":"CommandLine","#text":"C:\Windows\System32\svchost.exe -k WerSvcGroup"},{"@Name":"CurrentDirectory","#text":"C:\Windows\system32\"},{"@Name":"User","#text":"NT AUTHORITY\SYSTEM"},{"@Name":"LogonGuid","#text":"dbf410b3-cfac-6808-e703-000000000000"},{"@Name":"LogonId","#text":"0x3E7"},{"@Name":"TerminalSessionId","#text":"0"},{"@Name":"IntegrityLevel","#text":"System"},{"@Name":"Hashes","#text":"SHA256=6FC3BF1FDFD76860BE782554F8D25BD32F108DB934D70F4253F1E5F23522E503"},{"@Name":"ParentProcessGuid","#text":"dbf410b3-cfab-6808-0b00-000000004000"},{"@Name":"ParentProcessId","#text":"672"},{"@Name":"ParentImage","#text":"C:\Windows\System32\services.exe"},{"@Name":"ParentCommandLine","#text":"C:\Windows\system32\services.exe"},{"@Name":"ParentUser","#text":"NT AUTHORITY\SYSTEM"}]}}}
{"Event":{"System":{"Provider":{"@Name":"Microsoft-Windows-Sysmon","@Guid":"5770385f-c22a-43e0-bf4c-06f5698ffbd9"},"EventID":"1","Version":"5","Level":"4","Task":"1","Opcode":"0","Keywords":"10000","TimeCreated":{"@SystemTime":"2025-04-23 14:57:41.6202692"},"EventRecordID":"41960","Correlation":null,"Execution":{"@ProcessID":"2976","@ThreadID":"4008"},"Channel":"Microsoft-Windows-Sysmon/Operational","Computer":"Server002","Security":{"@UserID":"S-1-5-18"}},"EventData":{"Data":[{"@Name":"RuleName","#text":"-"},{"@Name":"UtcTime","#text":"2025-04-23 14:57:41.609"},{"@Name":"ProcessGuid","#text":"dbf410b3-ffe5-6808-0205-000000004000"},{"@Name":"ProcessId","#text":"11324"},{"@Name":"Image","#text":"C:\Windows\System32\WerFault.exe"},{"@Name":"FileVersion","#text":"10.0.19041.4355 (WinBuild.160101.0800)"},{"@Name":"Description","#text":"Windows Problem Reporting"},{"@Name":"Product","#text":"Microsoft® Windows® Operating System"},{"@Name":"Company","#text":"Microsoft Corporation"},{"@Name":"OriginalFileName","#text":"WerFault.exe"},{"@Name":"CommandLine","#text":"C:\Windows\system32\WerFault.exe -pss -s 432 -p 11020 -ip 11020"},{"@Name":"CurrentDirectory","#text":"C:\Windows\system32\"},{"@Name":"User","#text":"NT AUTHORITY\SYSTEM"},{"@Name":"LogonGuid","#text":"dbf410b3-cfac-6808-e703-000000000000"},{"@Name":"LogonId","#text":"0x3E7"},{"@Name":"TerminalSessionId","#text":"0"},{"@Name":"IntegrityLevel","#text":"System"},{"@Name":"Hashes","#text":"SHA256=9A0064029CE405645241C3EABA297F6C8A554E2E899EE7E3DDFA5341B5768475"},{"@Name":"ParentProcessGuid","#text":"dbf410b3-ffe5-6808-0105-000000004000"},{"@Name":"ParentProcessId","#text":"11444"},{"@Name":"ParentImage","#text":"C:\Windows\System32\svchost.exe"},{"@Name":"ParentCommandLine","#text":"C:\Windows\System32\svchost.exe -k WerSvcGroup"},{"@Name":"ParentUser","#text":"NT AUTHORITY\SYSTEM"}]}}}
{"Event":{"System":{"Provider":{"@Name":"Microsoft-Windows-Sysmon","@Guid":"5770385f-c22a-43e0-bf4c-06f5698ffbd9"},"EventID":"5","Version":"3","Level":"4","Task":"5","Opcode":"0","Keywords":"10000","TimeCreated":{"@SystemTime":"2025-04-23 14:57:41.7749752"},"EventRecordID":"41961","Correlation":null,"Execution":{"@ProcessID":"2976","@ThreadID":"4008"},"Channel":"Microsoft-Windows-Sysmon/Operational","Computer":"Server002","Security":{"@UserID":"S-1-5-18"}},"EventData":{"Data":[{"@Name":"RuleName","#text":"-"},{"@Name":"UtcTime","#text":"2025-04-23 14:57:41.774"},{"@Name":"ProcessGuid","#text":"dbf410b3-ffe5-6808-0205-000000004000"},{"@Name":"ProcessId","#text":"11324"},{"@Name":"Image","#text":"C:\Windows\System32\WerFault.exe"},{"@Name":"User","#text":"NT AUTHORITY\SYSTEM"}]}}}
