{"Event":{"System":{"Provider":{"@Name":"Microsoft-Windows-Sysmon","@Guid":"5770385f-c22a-43e0-bf4c-06f5698ffbd9"},"EventID":"1","Version":"5","Level":"4","Task":"1","Opcode":"0","Keywords":"10000","TimeCreated":{"@SystemTime":"2025-04-22 14:17:11.8102081"},"EventRecordID":"37628","Correlation":null,"Execution":{"@ProcessID":"2984","@ThreadID":"4008"},"Channel":"Microsoft-Windows-Sysmon/Operational","Computer":"Server002","Security":{"@UserID":"S-1-5-18"}},"EventData":{"Data":[{"@Name":"RuleName","#text":"-"},{"@Name":"UtcTime","#text":"2025-04-22 14:17:11.805"},{"@Name":"ProcessGuid","#text":"dbf410b3-a4e7-6807-3b02-000000003f00"},{"@Name":"ProcessId","#text":"1312"},{"@Name":"Image","#text":"C:\Program Files (x86)\Microsoft\EdgeWebView\Application\135.0.3179.85\msedgewebview2.exe"},{"@Name":"FileVersion","#text":"135.0.3179.85"},{"@Name":"Description","#text":"Microsoft Edge WebView2"},{"@Name":"Product","#text":"Microsoft Edge WebView2"},{"@Name":"Company","#text":"Microsoft Corporation"},{"@Name":"OriginalFileName","#text":"msedgewebview2.exe"},{"@Name":"CommandLine","#text":"\"C:\Program Files (x86)\Microsoft\EdgeWebView\Application\135.0.3179.85\msedgewebview2.exe\" --type=utility --utility-sub-type=unzip.mojom.Unzipper --lang=en-GB --service-sandbox-type=service --noerrdialogs --user-data-dir=\"C:\Users\lplui\AppData\Local\Packages\Microsoft.MicrosoftOfficeHub_8wekyb3d8bbwe\LocalState\EBWebView\" --webview-exe-name=WebViewHost.exe --webview-exe-version=18.2504.31516.0 --embedded-browser-webview=1 --embedded-browser-webview-dpi-awareness=2 --always-read-main-dll --field-trial-handle=1840,i,5360898068603937362,11411632609921560984,262144 --enable-features=ForceSWDCompWhenDCompFallbackRequired,msAggressiveCacheTrimming,msCustomDataPartition,msSingleSignOnOSForPrimaryAccountIsShared,msWebView2NoTabForScreenShare,msWindowsTaskManager --disable-features=BackForwardCache,BackgroundTabLoadingFromPerformanceManager,CloseOmniboxPopupOnInactiveAreaClick,CollectAVProductsInfo,CollectCodeIntegrityInfo,EnableHangWatcher,FilterAdsOnAbusiveSites,GetWifiProtocol,LoginDetection,MediaFoundationCameraUsageMonitoring,PreconnectToSearch,SafetyHub,SegmentationPlatform,SpareRendererForSitePerProcess,Ukm,WebPayments,msAITrackerClassification,msAbydosForWindowlessWV2,msAffirmVirtualCard,msAllowChromeWebstore,msAllowMSAPrtSSOForNonMSAProfile,msApplicationGuard,msAskBeforeClosingMultipleTabs,msAutoToggleAADPrtSSOForNonAADProfile,msAutofillEdgeCoupons,msAutofillEdgeCouponsAutoApply,msAutofillEdgeServiceRequest,msAutomaticTabFreeze,msBrowserSettingsSupported,msCoarseGeolocationService,msDataProtection,msDesktopMode,msDesktopRewards,msDisableVariationsSeedFetchThrottling,msEEProactiveHistory,msETFOffstoreExtensionFileDataCollection,msETFPasswordTheftDNRActionSignals,msEdgeAdPlatformUI,msEdgeAddWebCapturetoCollections,msEdgeAutofillAdvancedSuggestionsBasic,msEdgeAutofillOneClickAutocomplete,msEdgeAutofillSaveGSPR100InDb,msEdgeAutofillShowDeployedPassword,msEdgeAutofillSs,msEdgeBrowserEssentialsShowUpdateSection,msEdgeCloudConfigService,msEdgeCloudConfigServiceV2,msEdgeCohorts,msEdgeCollectionsPrismExperiment1,msEdgeCollectionsPrismOverallMigration,msEdgeComposeNext,msEdgeEnableNurturingFramework,msEdgeEnclavePrefsBasic,msEdgeEnclavePrefsNotification,msEdgeFaviconService,msEdgeHJTelemetry,msEdgeHubAppSkype,msEdgeImageEditorUI,msEdgeLinkDoctor,msEdgeMouseGestureDefaultEnabled,msEdgeMouseGestureSupported,msEdgeNewDeviceFre,msEdgeOnRampFRE,msEdgeOnRampImport,msEdgePDFCMHighlightUX,msEdgePasswordIris,msEdgePasswordIrisSaveBubble,msEdgeProngPersonalization,msEdgeReadingView,msEdgeRose,msEdgeSendTabToSelf,msEdgeSettingsImport,msEdgeSettingsImportV2,msEdgeShoppingPersistentStorage,msEdgeShoppingUI,msEdgeSmartFind,msEdgeSuperDragDefaultEnabled,msEdgeSuperDragDropSupported,msEdgeTipping,msEdgeTranslate,msEdgeUseCaptivePortalService,msEdgeWebContentFilteringFeedback,msEdgeWorkSearchBanner,msEnableCustomJobMemoryLimitsOnXbox,msEnableMIPForPDF,msEnablePdfUpsell,msEnableThirdPartyScanning,msEnableWebSignInCta,msEnableWebToBrowserSignIn,msEndpointDlp,msEnhancedTrackingPreventionEnabled,msEntityExtraction,msExtensionTelemetryFramework,msExternalTaskManager,msFileSystemAccessDirectoryIterationBlocklistCheck,msForceBrowserSignIn,msForeignSessionsPage,msGeolocationAccessService,msGeolocationOSLocationPermissionFallback,msGeolocationSQMService,msGeolocationService,msGrowthInfraLaunchSourceLogging,msGuidedSwitchAllowed,msHubPinPersist,msImplicitSignin,msIrm,msIrmv2,msKlarnaVirtualCard,msLoadStatistics,msLogIsEdgePinnedToTaskbarOnLaunch,msMIPCrossTenantPdfViewSupport,msMdatpWebSiteDlp,msNotificationPermissionForPWA,msOnHoverSearchInSidebar,msOpenOfficeDocumentsInWebViewer,msPasswordBreachDetection,msPdfAnnotationsVisibility,msPdfDataRecovery,msPdfDigitalSignatureRead,msPdfFreeText,msPdfFreeTextForCJK,msPdfHighlightMode,msPdfInking,msPdfKeyphraseSupport,msPdfOOUI,msPdfPopupMarkerRenderer,msPdfShare,msPdfSharedLibrary,msPdfTextNote,msPdfTextNoteMoreMenu,msPdfThumbnailCache,msPdfUnderside,msPdfViewRestore,msPersonalizationUMA,msPriceComparison,msPromptDefaultHandlerForPDF,msReactiveSearch,msReadAloud,msReadAloudPdf,msRedirectToShoreline,msRevokeExtensions,msSaasDlp,msShoppingTrigger,msShorelineSearch,msShorelineSearchFindOnPageWebUI,msShowOfflineGameEntrance,msShowReadAloudIconInAddressBar,msShowUXForAADPrtSSOForNonAADProfile,msSuspendMessageForNewSessionWhenHavingPendingNavigation,msSyncEdgeCollections,msTabResourceStats,msTokenizationAutofillInlineEnabled,msTouchMode,msTriggeringSignalGenerator,msUserUnderstanding,msVideoSuperResolutionUI,msWalletBuyNow,msWalletCheckout,msWalletDiagnosticDataLogger,msWalletHubEntry,msWalletHubIntlP3,msWalletPartialCard,msWalletPasswordCategorization,msWalletPasswordCategorizationPlatformExpansion,msWalletTokenizationCardMetadata,msWalletTokenizedAutofill,msWebAssist,msWebAssistHistorySearchService,msWebOOUI,msWindowsUserActivities,msZipPayVirtualCard --variations-seed-version --mojo-platform-channel-handle=4788 /prefetch:8"},{"@Name":"CurrentDirectory","#text":"C:\Program Files (x86)\Microsoft\EdgeWebView\Application\135.0.3179.85\"},{"@Name":"User","#text":"SERVER002\lplui"},{"@Name":"LogonGuid","#text":"dbf410b3-a3ad-6807-6a03-730000000000"},{"@Name":"LogonId","#text":"0x73036A"},{"@Name":"TerminalSessionId","#text":"2"},{"@Name":"IntegrityLevel","#text":"Low"},{"@Name":"Hashes","#text":"SHA256=F71A3E2C82658F0023CE9C74D8045E1695E0BEC770FC9B451ED7815E03A14E8E"},{"@Name":"ParentProcessGuid","#text":"dbf410b3-a3de-6807-f501-000000003f00"},{"@Name":"ParentProcessId","#text":"9948"},{"@Name":"ParentImage","#text":"C:\Program Files (x86)\Microsoft\EdgeWebView\Application\135.0.3179.85\msedgewebview2.exe"},{"@Name":"ParentCommandLine","#text":"\"C:\Program Files (x86)\Microsoft\EdgeWebView\Application\135.0.3179.85\msedgewebview2.exe\" --embedded-browser-webview=1 --webview-exe-name=WebViewHost.exe --webview-exe-version=18.2504.31516.0 --user-data-dir=\"C:\Users\lplui\AppData\Local\Packages\Microsoft.MicrosoftOfficeHub_8wekyb3d8bbwe\LocalState\EBWebView\" --noerrdialogs --embedded-browser-webview-dpi-awareness=2 --disable-features=msEnhancedTrackingPreventionEnabled --enable-features=msSingleSignOnOSForPrimaryAccountIsShared --mojo-named-platform-channel-pipe=6936.8816.8991844890735198203"},{"@Name":"ParentUser","#text":"SERVER002\lplui"}]}}}
{"Event":{"System":{"Provider":{"@Name":"Microsoft-Windows-Sysmon","@Guid":"5770385f-c22a-43e0-bf4c-06f5698ffbd9"},"EventID":"5","Version":"3","Level":"4","Task":"5","Opcode":"0","Keywords":"10000","TimeCreated":{"@SystemTime":"2025-04-22 14:17:11.9102980"},"EventRecordID":"37629","Correlation":null,"Execution":{"@ProcessID":"2984","@ThreadID":"4008"},"Channel":"Microsoft-Windows-Sysmon/Operational","Computer":"Server002","Security":{"@UserID":"S-1-5-18"}},"EventData":{"Data":[{"@Name":"RuleName","#text":"-"},{"@Name":"UtcTime","#text":"2025-04-22 14:17:11.907"},{"@Name":"ProcessGuid","#text":"dbf410b3-a4e7-6807-3b02-000000003f00"},{"@Name":"ProcessId","#text":"1312"},{"@Name":"Image","#text":"C:\Program Files (x86)\Microsoft\EdgeWebView\Application\135.0.3179.85\msedgewebview2.exe"},{"@Name":"User","#text":"SERVER002\lplui"}]}}}
{"Event":{"System":{"Provider":{"@Name":"Microsoft-Windows-Sysmon","@Guid":"5770385f-c22a-43e0-bf4c-06f5698ffbd9"},"EventID":"5","Version":"3","Level":"4","Task":"5","Opcode":"0","Keywords":"10000","TimeCreated":{"@SystemTime":"2025-04-22 14:17:17.2766495"},"EventRecordID":"37630","Correlation":null,"Execution":{"@ProcessID":"2984","@ThreadID":"4008"},"Channel":"Microsoft-Windows-Sysmon/Operational","Computer":"Server002","Security":{"@UserID":"S-1-5-18"}},"EventData":{"Data":[{"@Name":"RuleName","#text":"-"},{"@Name":"UtcTime","#text":"2025-04-22 14:17:17.275"},{"@Name":"ProcessGuid","#text":"dbf410b3-a4d8-6807-3a02-000000003f00"},{"@Name":"ProcessId","#text":"7436"},{"@Name":"Image","#text":"C:\Windows\System32\sppsvc.exe"},{"@Name":"User","#text":"NT AUTHORITY\NETWORK SERVICE"}]}}}
{"Event":{"System":{"Provider":{"@Name":"Microsoft-Windows-Sysmon","@Guid":"5770385f-c22a-43e0-bf4c-06f5698ffbd9"},"EventID":"5","Version":"3","Level":"4","Task":"5","Opcode":"0","Keywords":"10000","TimeCreated":{"@SystemTime":"2025-04-22 14:17:36.2290737"},"EventRecordID":"37631","Correlation":null,"Execution":{"@ProcessID":"2984","@ThreadID":"4008"},"Channel":"Microsoft-Windows-Sysmon/Operational","Computer":"Server002","Security":{"@UserID":"S-1-5-18"}},"EventData":{"Data":[{"@Name":"RuleName","#text":"-"},{"@Name":"UtcTime","#text":"2025-04-22 14:17:36.226"},{"@Name":"ProcessGuid","#text":"dbf410b3-a436-6807-2302-000000003f00"},{"@Name":"ProcessId","#text":"868"},{"@Name":"Image","#text":"C:\Windows\System32\RuntimeBroker.exe"},{"@Name":"User","#text":"SERVER002\lplui"}]}}}
{"Event":{"System":{"Provider":{"@Name":"Microsoft-Windows-Sysmon","@Guid":"5770385f-c22a-43e0-bf4c-06f5698ffbd9"},"EventID":"1","Version":"5","Level":"4","Task":"1","Opcode":"0","Keywords":"10000","TimeCreated":{"@SystemTime":"2025-04-22 14:18:04.4580429"},"EventRecordID":"37632","Correlation":null,"Execution":{"@ProcessID":"2984","@ThreadID":"4008"},"Channel":"Microsoft-Windows-Sysmon/Operational","Computer":"Server002","Security":{"@UserID":"S-1-5-18"}},"EventData":{"Data":[{"@Name":"RuleName","#text":"-"},{"@Name":"UtcTime","#text":"2025-04-22 14:18:04.450"},{"@Name":"ProcessGuid","#text":"dbf410b3-a51c-6807-3c02-000000003f00"},{"@Name":"ProcessId","#text":"6580"},{"@Name":"Image","#text":"C:\Windows\SystemApps\Microsoft.Windows.Search_cw5n1h2txyewy\SearchApp.exe"},{"@Name":"FileVersion","#text":"10.0.19041.5678 (WinBuild.160101.0800)"},{"@Name":"Description","#text":"Search application"},{"@Name":"Product","#text":"Microsoft® Windows® Operating System"},{"@Name":"Company","#text":"Microsoft Corporation"},{"@Name":"OriginalFileName","#text":"SearchApp.exe"},{"@Name":"CommandLine","#text":"\"C:\Windows\SystemApps\Microsoft.Windows.Search_cw5n1h2txyewy\SearchApp.exe\" -ServerName:ShellFeedsUI.AppX88fpyyrd21w8wqe62wzsjh5agex7tf1e.mca"},{"@Name":"CurrentDirectory","#text":"C:\Windows\SystemApps\Microsoft.Windows.Search_cw5n1h2txyewy\"},{"@Name":"User","#text":"SERVER002\lplui"},{"@Name":"LogonGuid","#text":"dbf410b3-a3ad-6807-6a03-730000000000"},{"@Name":"LogonId","#text":"0x73036A"},{"@Name":"TerminalSessionId","#text":"2"},{"@Name":"IntegrityLevel","#text":"AppContainer"},{"@Name":"Hashes","#text":"SHA256=044B0250B4C04FB9DE1BB5677E38FF38DC00E7C84A21C433449A4C0708797A2F"},{"@Name":"ParentProcessGuid","#text":"00000000-0000-0000-0000-000000000000"},{"@Name":"ParentProcessId","#text":"764"},{"@Name":"ParentImage","#text":"-"},{"@Name":"ParentCommandLine","#text":"-"},{"@Name":"ParentUser","#text":"-"}]}}}
{"Event":{"System":{"Provider":{"@Name":"Microsoft-Windows-Sysmon","@Guid":"5770385f-c22a-43e0-bf4c-06f5698ffbd9"},"EventID":"1","Version":"5","Level":"4","Task":"1","Opcode":"0","Keywords":"10000","TimeCreated":{"@SystemTime":"2025-04-22 14:18:05.1173106"},"EventRecordID":"37633","Correlation":null,"Execution":{"@ProcessID":"2984","@ThreadID":"4008"},"Channel":"Microsoft-Windows-Sysmon/Operational","Computer":"Server002","Security":{"@UserID":"S-1-5-18"}},"EventData":{"Data":[{"@Name":"RuleName","#text":"-"},{"@Name":"UtcTime","#text":"2025-04-22 14:18:05.097"},{"@Name":"ProcessGuid","#text":"dbf410b3-a51d-6807-3d02-000000003f00"},{"@Name":"ProcessId","#text":"4400"},{"@Name":"Image","#text":"C:\Program Files (x86)\Microsoft\EdgeWebView\Application\135.0.3179.85\msedgewebview2.exe"},{"@Name":"FileVersion","#text":"135.0.3179.85"},{"@Name":"Description","#text":"Microsoft Edge WebView2"},{"@Name":"Product","#text":"Microsoft Edge WebView2"},{"@Name":"Company","#text":"Microsoft Corporation"},{"@Name":"OriginalFileName","#text":"msedgewebview2.exe"},{"@Name":"CommandLine","#text":"\"C:\Program Files (x86)\Microsoft\EdgeWebView\Application\135.0.3179.85\msedgewebview2.exe\" --embedded-browser-webview=1 --webview-exe-name=SearchApp.exe --webview-exe-version=10.0.19041.5678 --user-data-dir=\"C:\Users\lplui\AppData\Local\Packages\Microsoft.Windows.Search_cw5n1h2txyewy\LocalState\EBWebView\" --noerrdialogs --enable-features=msEmbeddedBrowserVisualHosting --lang=en-GB --mojo-named-platform-channel-pipe=6580.5608.13978058972633629416"},{"@Name":"CurrentDirectory","#text":"C:\Windows\SystemApps\Microsoft.Windows.Search_cw5n1h2txyewy\"},{"@Name":"User","#text":"SERVER002\lplui"},{"@Name":"LogonGuid","#text":"dbf410b3-a3ad-6807-6a03-730000000000"},{"@Name":"LogonId","#text":"0x73036A"},{"@Name":"TerminalSessionId","#text":"2"},{"@Name":"IntegrityLevel","#text":"AppContainer"},{"@Name":"Hashes","#text":"SHA256=F71A3E2C82658F0023CE9C74D8045E1695E0BEC770FC9B451ED7815E03A14E8E"},{"@Name":"ParentProcessGuid","#text":"dbf410b3-a51c-6807-3c02-000000003f00"},{"@Name":"ParentProcessId","#text":"6580"},{"@Name":"ParentImage","#text":"C:\Windows\SystemApps\Microsoft.Windows.Search_cw5n1h2txyewy\SearchApp.exe"},{"@Name":"ParentCommandLine","#text":"\"C:\Windows\SystemApps\Microsoft.Windows.Search_cw5n1h2txyewy\SearchApp.exe\" -ServerName:ShellFeedsUI.AppX88fpyyrd21w8wqe62wzsjh5agex7tf1e.mca"},{"@Name":"ParentUser","#text":"SERVER002\lplui"}]}}}
{"Event":{"System":{"Provider":{"@Name":"Microsoft-Windows-Sysmon","@Guid":"5770385f-c22a-43e0-bf4c-06f5698ffbd9"},"EventID":"1","Version":"5","Level":"4","Task":"1","Opcode":"0","Keywords":"10000","TimeCreated":{"@SystemTime":"2025-04-22 14:18:05.2094129"},"EventRecordID":"37634","Correlation":null,"Execution":{"@ProcessID":"2984","@ThreadID":"4008"},"Channel":"Microsoft-Windows-Sysmon/Operational","Computer":"Server002","Security":{"@UserID":"S-1-5-18"}},"EventData":{"Data":[{"@Name":"RuleName","#text":"-"},{"@Name":"UtcTime","#text":"2025-04-22 14:18:05.178"},{"@Name":"ProcessGuid","#text":"dbf410b3-a51d-6807-3e02-000000003f00"},{"@Name":"ProcessId","#text":"8200"},{"@Name":"Image","#text":"C:\Program Files (x86)\Microsoft\EdgeWebView\Application\135.0.3179.85\msedgewebview2.exe"},{"@Name":"FileVersion","#text":"135.0.3179.85"},{"@Name":"Description","#text":"Microsoft Edge WebView2"},{"@Name":"Product","#text":"Microsoft Edge WebView2"},{"@Name":"Company","#text":"Microsoft Corporation"},{"@Name":"OriginalFileName","#text":"msedgewebview2.exe"},{"@Name":"CommandLine","#text":"\"C:\Program Files (x86)\Microsoft\EdgeWebView\Application\135.0.3179.85\msedgewebview2.exe\" --type=crashpad-handler --user-data-dir=C:\Users\lplui\AppData\Local\Packages\Microsoft.Windows.Search_cw5n1h2txyewy\LocalState\EBWebView /prefetch:4 --monitor-self-annotation=ptype=crashpad-handler --database=C:\Users\lplui\AppData\Local\Packages\Microsoft.Windows.Search_cw5n1h2txyewy\LocalState\EBWebView\Crashpad --annotation=IsOfficialBuild=1 --annotation=channel= --annotation=chromium-version=135.0.7049.96 \"--annotation=exe=C:\Program Files (x86)\Microsoft\EdgeWebView\Application\135.0.3179.85\msedgewebview2.exe\" --annotation=plat=Win64 \"--annotation=prod=Edge WebView2\" --annotation=ver=135.0.3179.85 --initial-client-data=0x174,0x178,0x17c,0x170,0x14c,0x7ffeee369240,0x7ffeee36924c,0x7ffeee369258"},{"@Name":"CurrentDirectory","#text":"C:\Windows\SystemApps\Microsoft.Windows.Search_cw5n1h2txyewy\"},{"@Name":"User","#text":"SERVER002\lplui"},{"@Name":"LogonGuid","#text":"dbf410b3-a3ad-6807-6a03-730000000000"},{"@Name":"LogonId","#text":"0x73036A"},{"@Name":"TerminalSessionId","#text":"2"},{"@Name":"IntegrityLevel","#text":"AppContainer"},{"@Name":"Hashes","#text":"SHA256=F71A3E2C82658F0023CE9C74D8045E1695E0BEC770FC9B451ED7815E03A14E8E"},{"@Name":"ParentProcessGuid","#text":"dbf410b3-a51d-6807-3d02-000000003f00"},{"@Name":"ParentProcessId","#text":"4400"},{"@Name":"ParentImage","#text":"C:\Program Files (x86)\Microsoft\EdgeWebView\Application\135.0.3179.85\msedgewebview2.exe"},{"@Name":"ParentCommandLine","#text":"\"C:\Program Files (x86)\Microsoft\EdgeWebView\Application\135.0.3179.85\msedgewebview2.exe\" --embedded-browser-webview=1 --webview-exe-name=SearchApp.exe --webview-exe-version=10.0.19041.5678 --user-data-dir=\"C:\Users\lplui\AppData\Local\Packages\Microsoft.Windows.Search_cw5n1h2txyewy\LocalState\EBWebView\" --noerrdialogs --enable-features=msEmbeddedBrowserVisualHosting --lang=en-GB --mojo-named-platform-channel-pipe=6580.5608.13978058972633629416"},{"@Name":"ParentUser","#text":"SERVER002\lplui"}]}}}
{"Event":{"System":{"Provider":{"@Name":"Microsoft-Windows-Sysmon","@Guid":"5770385f-c22a-43e0-bf4c-06f5698ffbd9"},"EventID":"1","Version":"5","Level":"4","Task":"1","Opcode":"0","Keywords":"10000","TimeCreated":{"@SystemTime":"2025-04-22 14:18:05.7267330"},"EventRecordID":"37635","Correlation":null,"Execution":{"@ProcessID":"2984","@ThreadID":"4008"},"Channel":"Microsoft-Windows-Sysmon/Operational","Computer":"Server002","Security":{"@UserID":"S-1-5-18"}},"EventData":{"Data":[{"@Name":"RuleName","#text":"-"},{"@Name":"UtcTime","#text":"2025-04-22 14:18:05.453"},{"@Name":"ProcessGuid","#text":"dbf410b3-a51d-6807-3f02-000000003f00"},{"@Name":"ProcessId","#text":"10056"},{"@Name":"Image","#text":"C:\Program Files (x86)\Microsoft\EdgeWebView\Application\135.0.3179.85\msedgewebview2.exe"},{"@Name":"FileVersion","#text":"135.0.3179.85"},{"@Name":"Description","#text":"Microsoft Edge WebView2"},{"@Name":"Product","#text":"Microsoft Edge WebView2"},{"@Name":"Company","#text":"Microsoft Corporation"},{"@Name":"OriginalFileName","#text":"msedgewebview2.exe"},{"@Name":"CommandLine","#text":"\"C:\Program Files (x86)\Microsoft\EdgeWebView\Application\135.0.3179.85\msedgewebview2.exe\" --type=gpu-process --noerrdialogs --user-data-dir=\"C:\Users\lplui\AppData\Local\Packages\Microsoft.Windows.Search_cw5n1h2txyewy\LocalState\EBWebView\" --webview-exe-name=SearchApp.exe --webview-exe-version=10.0.19041.5678 --embedded-browser-webview=1 --no-pre-read-main-dll --gpu-preferences=UAAAAAAAAADgAAAEAAAAAAAAAAAAAAAAAABgAAEAAAAAAAAAAAAAAAAAAAACAAAAAAAAAAAAAAAAAAAAAAAAABAAAAAAAAAAEAAAAAAAAAAIAAAAAAAAAAgAAAAAAAAA --always-read-main-dll --field-trial-handle=1876,i,13957976284217662058,6209495157885542435,262144 --enable-features=ForceSWDCompWhenDCompFallbackRequired,msAggressiveCacheTrimming,msCustomDataPartition,msEmbeddedBrowserVisualHosting,msWebView2NoTabForScreenShare,msWebViewAppLifeCycleWorkaround --disable-features=BackForwardCache,BackgroundTabLoadingFromPerformanceManager,CloseOmniboxPopupOnInactiveAreaClick,CollectAVProductsInfo,CollectCodeIntegrityInfo,EnableHangWatcher,FilterAdsOnAbusiveSites,GetWifiProtocol,LoginDetection,MediaFoundationCameraUsageMonitoring,PreconnectToSearch,SafetyHub,SegmentationPlatform,SpareRendererForSitePerProcess,Ukm,WebPayments,msAITrackerClassification,msAbydosForWindowlessWV2,msAffirmVirtualCard,msAllowChromeWebstore,msAllowMSAPrtSSOForNonMSAProfile,msApplicationGuard,msAskBeforeClosingMultipleTabs,msAutoToggleAADPrtSSOForNonAADProfile,msAutofillEdgeCoupons,msAutofillEdgeCouponsAutoApply,msAutofillEdgeServiceRequest,msAutomaticTabFreeze,msBrowserSettingsSupported,msCoarseGeolocationService,msDataProtection,msDesktopMode,msDesktopRewards,msDisableVariationsSeedFetchThrottling,msEEProactiveHistory,msETFOffstoreExtensionFileDataCollection,msETFPasswordTheftDNRActionSignals,msEdgeAdPlatformUI,msEdgeAddWebCapturetoCollections,msEdgeAutofillAdvancedSuggestionsBasic,msEdgeAutofillOneClickAutocomplete,msEdgeAutofillSaveGSPR100InDb,msEdgeAutofillShowDeployedPassword,msEdgeAutofillSs,msEdgeBrowserEssentialsShowUpdateSection,msEdgeCloudConfigService,msEdgeCloudConfigServiceV2,msEdgeCohorts,msEdgeCollectionsPrismExperiment1,msEdgeCollectionsPrismOverallMigration,msEdgeComposeNext,msEdgeEnableNurturingFramework,msEdgeEnclavePrefsBasic,msEdgeEnclavePrefsNotification,msEdgeFaviconService,msEdgeHJTelemetry,msEdgeHubAppSkype,msEdgeImageEditorUI,msEdgeLinkDoctor,msEdgeMouseGestureDefaultEnabled,msEdgeMouseGestureSupported,msEdgeNewDeviceFre,msEdgeOnRampFRE,msEdgeOnRampImport,msEdgePDFCMHighlightUX,msEdgePasswordIris,msEdgePasswordIrisSaveBubble,msEdgeProngPersonalization,msEdgeReadingView,msEdgeRose,msEdgeSendTabToSelf,msEdgeSettingsImport,msEdgeSettingsImportV2,msEdgeShoppingPersistentStorage,msEdgeShoppingUI,msEdgeSmartFind,msEdgeSuperDragDefaultEnabled,msEdgeSuperDragDropSupported,msEdgeTipping,msEdgeTranslate,msEdgeUseCaptivePortalService,msEdgeWebContentFilteringFeedback,msEdgeWorkSearchBanner,msEnableCustomJobMemoryLimitsOnXbox,msEnableMIPForPDF,msEnablePdfUpsell,msEnableThirdPartyScanning,msEnableWebSignInCta,msEnableWebToBrowserSignIn,msEndpointDlp,msEntityExtraction,msExtensionTelemetryFramework,msExternalTaskManager,msFileSystemAccessDirectoryIterationBlocklistCheck,msForceBrowserSignIn,msForeignSessionsPage,msGeolocationAccessService,msGeolocationOSLocationPermissionFallback,msGeolocationSQMService,msGeolocationService,msGrowthInfraLaunchSourceLogging,msGuidedSwitchAllowed,msHubPinPersist,msImplicitSignin,msIrm,msIrmv2,msKlarnaVirtualCard,msLoadStatistics,msLogIsEdgePinnedToTaskbarOnLaunch,msMIPCrossTenantPdfViewSupport,msMdatpWebSiteDlp,msNotificationPermissionForPWA,msOnHoverSearchInSidebar,msOpenOfficeDocumentsInWebViewer,msPasswordBreachDetection,msPdfAnnotationsVisibility,msPdfDataRecovery,msPdfDigitalSignatureRead,msPdfFreeText,msPdfFreeTextForCJK,msPdfHighlightMode,msPdfInking,msPdfKeyphraseSupport,msPdfOOUI,msPdfPopupMarkerRenderer,msPdfShare,msPdfSharedLibrary,msPdfTextNote,msPdfTextNoteMoreMenu,msPdfThumbnailCache,msPdfUnderside,msPdfViewRestore,msPersonalizationUMA,msPriceComparison,msPrintInWebView2,msPromptDefaultHandlerForPDF,msReactiveSearch,msReadAloud,msReadAloudPdf,msRedirectToShoreline,msRevokeExtensions,msSaasDlp,msShoppingTrigger,msShorelineSearch,msShorelineSearchFindOnPageWebUI,msShowOfflineGameEntrance,msShowReadAloudIconInAddressBar,msShowUXForAADPrtSSOForNonAADProfile,msSuspendMessageForNewSessionWhenHavingPendingNavigation,msSyncEdgeCollections,msTabResourceStats,msTokenizationAutofillInlineEnabled,msTouchMode,msTriggeringSignalGenerator,msUserUnderstanding,msVideoSuperResolutionUI,msWalletBuyNow,msWalletCheckout,msWalletDiagnosticDataLogger,msWalletHubEntry,msWalletHubIntlP3,msWalletPartialCard,msWalletPasswordCategorization,msWalletPasswordCategorizationPlatformExpansion,msWalletTokenizationCardMetadata,msWalletTokenizedAutofill,msWebAssist,msWebAssistHistorySearchService,msWebOOUI,msWindowsTaskManager,msWindowsUserActivities,msZipPayVirtualCard --variations-seed-version --mojo-platform-channel-handle=1872 /prefetch:2"},{"@Name":"CurrentDirectory","#text":"C:\Windows\SystemApps\Microsoft.Windows.Search_cw5n1h2txyewy\"},{"@Name":"User","#text":"SERVER002\lplui"},{"@Name":"LogonGuid","#text":"dbf410b3-a3ad-6807-6a03-730000000000"},{"@Name":"LogonId","#text":"0x73036A"},{"@Name":"TerminalSessionId","#text":"2"},{"@Name":"IntegrityLevel","#text":"AppContainer"},{"@Name":"Hashes","#text":"SHA256=F71A3E2C82658F0023CE9C74D8045E1695E0BEC770FC9B451ED7815E03A14E8E"},{"@Name":"ParentProcessGuid","#text":"dbf410b3-a51d-6807-3d02-000000003f00"},{"@Name":"ParentProcessId","#text":"4400"},{"@Name":"ParentImage","#text":"C:\Program Files (x86)\Microsoft\EdgeWebView\Application\135.0.3179.85\msedgewebview2.exe"},{"@Name":"ParentCommandLine","#text":"\"C:\Program Files (x86)\Microsoft\EdgeWebView\Application\135.0.3179.85\msedgewebview2.exe\" --embedded-browser-webview=1 --webview-exe-name=SearchApp.exe --webview-exe-version=10.0.19041.5678 --user-data-dir=\"C:\Users\lplui\AppData\Local\Packages\Microsoft.Windows.Search_cw5n1h2txyewy\LocalState\EBWebView\" --noerrdialogs --enable-features=msEmbeddedBrowserVisualHosting --lang=en-GB --mojo-named-platform-channel-pipe=6580.5608.13978058972633629416"},{"@Name":"ParentUser","#text":"SERVER002\lplui"}]}}}
{"Event":{"System":{"Provider":{"@Name":"Microsoft-Windows-Sysmon","@Guid":"5770385f-c22a-43e0-bf4c-06f5698ffbd9"},"EventID":"1","Version":"5","Level":"4","Task":"1","Opcode":"0","Keywords":"10000","TimeCreated":{"@SystemTime":"2025-04-22 14:18:06.0092518"},"EventRecordID":"37636","Correlation":null,"Execution":{"@ProcessID":"2984","@ThreadID":"4008"},"Channel":"Microsoft-Windows-Sysmon/Operational","Computer":"Server002","Security":{"@UserID":"S-1-5-18"}},"EventData":{"Data":[{"@Name":"RuleName","#text":"-"},{"@Name":"UtcTime","#text":"2025-04-22 14:18:05.776"},{"@Name":"ProcessGuid","#text":"dbf410b3-a51d-6807-4002-000000003f00"},{"@Name":"ProcessId","#text":"7432"},{"@Name":"Image","#text":"C:\Program Files (x86)\Microsoft\EdgeWebView\Application\135.0.3179.85\msedgewebview2.exe"},{"@Name":"FileVersion","#text":"135.0.3179.85"},{"@Name":"Description","#text":"Microsoft Edge WebView2"},{"@Name":"Product","#text":"Microsoft Edge WebView2"},{"@Name":"Company","#text":"Microsoft Corporation"},{"@Name":"OriginalFileName","#text":"msedgewebview2.exe"},{"@Name":"CommandLine","#text":"\"C:\Program Files (x86)\Microsoft\EdgeWebView\Application\135.0.3179.85\msedgewebview2.exe\" --type=utility --utility-sub-type=network.mojom.NetworkService --lang=en-GB --service-sandbox-type=none --noerrdialogs --user-data-dir=\"C:\Users\lplui\AppData\Local\Packages\Microsoft.Windows.Search_cw5n1h2txyewy\LocalState\EBWebView\" --webview-exe-name=SearchApp.exe --webview-exe-version=10.0.19041.5678 --embedded-browser-webview=1 --always-read-main-dll --field-trial-handle=1876,i,13957976284217662058,6209495157885542435,262144 --enable-features=ForceSWDCompWhenDCompFallbackRequired,msAggressiveCacheTrimming,msCustomDataPartition,msEmbeddedBrowserVisualHosting,msWebView2NoTabForScreenShare,msWebViewAppLifeCycleWorkaround --disable-features=BackForwardCache,BackgroundTabLoadingFromPerformanceManager,CloseOmniboxPopupOnInactiveAreaClick,CollectAVProductsInfo,CollectCodeIntegrityInfo,EnableHangWatcher,FilterAdsOnAbusiveSites,GetWifiProtocol,LoginDetection,MediaFoundationCameraUsageMonitoring,PreconnectToSearch,SafetyHub,SegmentationPlatform,SpareRendererForSitePerProcess,Ukm,WebPayments,msAITrackerClassification,msAbydosForWindowlessWV2,msAffirmVirtualCard,msAllowChromeWebstore,msAllowMSAPrtSSOForNonMSAProfile,msApplicationGuard,msAskBeforeClosingMultipleTabs,msAutoToggleAADPrtSSOForNonAADProfile,msAutofillEdgeCoupons,msAutofillEdgeCouponsAutoApply,msAutofillEdgeServiceRequest,msAutomaticTabFreeze,msBrowserSettingsSupported,msCoarseGeolocationService,msDataProtection,msDesktopMode,msDesktopRewards,msDisableVariationsSeedFetchThrottling,msEEProactiveHistory,msETFOffstoreExtensionFileDataCollection,msETFPasswordTheftDNRActionSignals,msEdgeAdPlatformUI,msEdgeAddWebCapturetoCollections,msEdgeAutofillAdvancedSuggestionsBasic,msEdgeAutofillOneClickAutocomplete,msEdgeAutofillSaveGSPR100InDb,msEdgeAutofillShowDeployedPassword,msEdgeAutofillSs,msEdgeBrowserEssentialsShowUpdateSection,msEdgeCloudConfigService,msEdgeCloudConfigServiceV2,msEdgeCohorts,msEdgeCollectionsPrismExperiment1,msEdgeCollectionsPrismOverallMigration,msEdgeComposeNext,msEdgeEnableNurturingFramework,msEdgeEnclavePrefsBasic,msEdgeEnclavePrefsNotification,msEdgeFaviconService,msEdgeHJTelemetry,msEdgeHubAppSkype,msEdgeImageEditorUI,msEdgeLinkDoctor,msEdgeMouseGestureDefaultEnabled,msEdgeMouseGestureSupported,msEdgeNewDeviceFre,msEdgeOnRampFRE,msEdgeOnRampImport,msEdgePDFCMHighlightUX,msEdgePasswordIris,msEdgePasswordIrisSaveBubble,msEdgeProngPersonalization,msEdgeReadingView,msEdgeRose,msEdgeSendTabToSelf,msEdgeSettingsImport,msEdgeSettingsImportV2,msEdgeShoppingPersistentStorage,msEdgeShoppingUI,msEdgeSmartFind,msEdgeSuperDragDefaultEnabled,msEdgeSuperDragDropSupported,msEdgeTipping,msEdgeTranslate,msEdgeUseCaptivePortalService,msEdgeWebContentFilteringFeedback,msEdgeWorkSearchBanner,msEnableCustomJobMemoryLimitsOnXbox,msEnableMIPForPDF,msEnablePdfUpsell,msEnableThirdPartyScanning,msEnableWebSignInCta,msEnableWebToBrowserSignIn,msEndpointDlp,msEntityExtraction,msExtensionTelemetryFramework,msExternalTaskManager,msFileSystemAccessDirectoryIterationBlocklistCheck,msForceBrowserSignIn,msForeignSessionsPage,msGeolocationAccessService,msGeolocationOSLocationPermissionFallback,msGeolocationSQMService,msGeolocationService,msGrowthInfraLaunchSourceLogging,msGuidedSwitchAllowed,msHubPinPersist,msImplicitSignin,msIrm,msIrmv2,msKlarnaVirtualCard,msLoadStatistics,msLogIsEdgePinnedToTaskbarOnLaunch,msMIPCrossTenantPdfViewSupport,msMdatpWebSiteDlp,msNotificationPermissionForPWA,msOnHoverSearchInSidebar,msOpenOfficeDocumentsInWebViewer,msPasswordBreachDetection,msPdfAnnotationsVisibility,msPdfDataRecovery,msPdfDigitalSignatureRead,msPdfFreeText,msPdfFreeTextForCJK,msPdfHighlightMode,msPdfInking,msPdfKeyphraseSupport,msPdfOOUI,msPdfPopupMarkerRenderer,msPdfShare,msPdfSharedLibrary,msPdfTextNote,msPdfTextNoteMoreMenu,msPdfThumbnailCache,msPdfUnderside,msPdfViewRestore,msPersonalizationUMA,msPriceComparison,msPrintInWebView2,msPromptDefaultHandlerForPDF,msReactiveSearch,msReadAloud,msReadAloudPdf,msRedirectToShoreline,msRevokeExtensions,msSaasDlp,msShoppingTrigger,msShorelineSearch,msShorelineSearchFindOnPageWebUI,msShowOfflineGameEntrance,msShowReadAloudIconInAddressBar,msShowUXForAADPrtSSOForNonAADProfile,msSuspendMessageForNewSessionWhenHavingPendingNavigation,msSyncEdgeCollections,msTabResourceStats,msTokenizationAutofillInlineEnabled,msTouchMode,msTriggeringSignalGenerator,msUserUnderstanding,msVideoSuperResolutionUI,msWalletBuyNow,msWalletCheckout,msWalletDiagnosticDataLogger,msWalletHubEntry,msWalletHubIntlP3,msWalletPartialCard,msWalletPasswordCategorization,msWalletPasswordCategorizationPlatformExpansion,msWalletTokenizationCardMetadata,msWalletTokenizedAutofill,msWebAssist,msWebAssistHistorySearchService,msWebOOUI,msWindowsTaskManager,msWindowsUserActivities,msZipPayVirtualCard --variations-seed-version --mojo-platform-channel-handle=2068 /prefetch:3"},{"@Name":"CurrentDirectory","#text":"C:\Windows\SystemApps\Microsoft.Windows.Search_cw5n1h2txyewy\"},{"@Name":"User","#text":"SERVER002\lplui"},{"@Name":"LogonGuid","#text":"dbf410b3-a3ad-6807-6a03-730000000000"},{"@Name":"LogonId","#text":"0x73036A"},{"@Name":"TerminalSessionId","#text":"2"},{"@Name":"IntegrityLevel","#text":"AppContainer"},{"@Name":"Hashes","#text":"SHA256=F71A3E2C82658F0023CE9C74D8045E1695E0BEC770FC9B451ED7815E03A14E8E"},{"@Name":"ParentProcessGuid","#text":"dbf410b3-a51d-6807-3d02-000000003f00"},{"@Name":"ParentProcessId","#text":"4400"},{"@Name":"ParentImage","#text":"C:\Program Files (x86)\Microsoft\EdgeWebView\Application\135.0.3179.85\msedgewebview2.exe"},{"@Name":"ParentCommandLine","#text":"\"C:\Program Files (x86)\Microsoft\EdgeWebView\Application\135.0.3179.85\msedgewebview2.exe\" --embedded-browser-webview=1 --webview-exe-name=SearchApp.exe --webview-exe-version=10.0.19041.5678 --user-data-dir=\"C:\Users\lplui\AppData\Local\Packages\Microsoft.Windows.Search_cw5n1h2txyewy\LocalState\EBWebView\" --noerrdialogs --enable-features=msEmbeddedBrowserVisualHosting --lang=en-GB --mojo-named-platform-channel-pipe=6580.5608.13978058972633629416"},{"@Name":"ParentUser","#text":"SERVER002\lplui"}]}}}
{"Event":{"System":{"Provider":{"@Name":"Microsoft-Windows-Sysmon","@Guid":"5770385f-c22a-43e0-bf4c-06f5698ffbd9"},"EventID":"1","Version":"5","Level":"4","Task":"1","Opcode":"0","Keywords":"10000","TimeCreated":{"@SystemTime":"2025-04-22 14:18:06.3099795"},"EventRecordID":"37637","Correlation":null,"Execution":{"@ProcessID":"2984","@ThreadID":"4008"},"Channel":"Microsoft-Windows-Sysmon/Operational","Computer":"Server002","Security":{"@UserID":"S-1-5-18"}},"EventData":{"Data":[{"@Name":"RuleName","#text":"-"},{"@Name":"UtcTime","#text":"2025-04-22 14:18:06.148"},{"@Name":"ProcessGuid","#text":"dbf410b3-a51e-6807-4102-000000003f00"},{"@Name":"ProcessId","#text":"5784"},{"@Name":"Image","#text":"C:\Program Files (x86)\Microsoft\EdgeWebView\Application\135.0.3179.85\msedgewebview2.exe"},{"@Name":"FileVersion","#text":"135.0.3179.85"},{"@Name":"Description","#text":"Microsoft Edge WebView2"},{"@Name":"Product","#text":"Microsoft Edge WebView2"},{"@Name":"Company","#text":"Microsoft Corporation"},{"@Name":"OriginalFileName","#text":"msedgewebview2.exe"},{"@Name":"CommandLine","#text":"\"C:\Program Files (x86)\Microsoft\EdgeWebView\Application\135.0.3179.85\msedgewebview2.exe\" --type=utility --utility-sub-type=storage.mojom.StorageService --lang=en-GB --service-sandbox-type=service --noerrdialogs --user-data-dir=\"C:\Users\lplui\AppData\Local\Packages\Microsoft.Windows.Search_cw5n1h2txyewy\LocalState\EBWebView\" --webview-exe-name=SearchApp.exe --webview-exe-version=10.0.19041.5678 --embedded-browser-webview=1 --always-read-main-dll --field-trial-handle=1876,i,13957976284217662058,6209495157885542435,262144 --enable-features=ForceSWDCompWhenDCompFallbackRequired,msAggressiveCacheTrimming,msCustomDataPartition,msEmbeddedBrowserVisualHosting,msWebView2NoTabForScreenShare,msWebViewAppLifeCycleWorkaround --disable-features=BackForwardCache,BackgroundTabLoadingFromPerformanceManager,CloseOmniboxPopupOnInactiveAreaClick,CollectAVProductsInfo,CollectCodeIntegrityInfo,EnableHangWatcher,FilterAdsOnAbusiveSites,GetWifiProtocol,LoginDetection,MediaFoundationCameraUsageMonitoring,PreconnectToSearch,SafetyHub,SegmentationPlatform,SpareRendererForSitePerProcess,Ukm,WebPayments,msAITrackerClassification,msAbydosForWindowlessWV2,msAffirmVirtualCard,msAllowChromeWebstore,msAllowMSAPrtSSOForNonMSAProfile,msApplicationGuard,msAskBeforeClosingMultipleTabs,msAutoToggleAADPrtSSOForNonAADProfile,msAutofillEdgeCoupons,msAutofillEdgeCouponsAutoApply,msAutofillEdgeServiceRequest,msAutomaticTabFreeze,msBrowserSettingsSupported,msCoarseGeolocationService,msDataProtection,msDesktopMode,msDesktopRewards,msDisableVariationsSeedFetchThrottling,msEEProactiveHistory,msETFOffstoreExtensionFileDataCollection,msETFPasswordTheftDNRActionSignals,msEdgeAdPlatformUI,msEdgeAddWebCapturetoCollections,msEdgeAutofillAdvancedSuggestionsBasic,msEdgeAutofillOneClickAutocomplete,msEdgeAutofillSaveGSPR100InDb,msEdgeAutofillShowDeployedPassword,msEdgeAutofillSs,msEdgeBrowserEssentialsShowUpdateSection,msEdgeCloudConfigService,msEdgeCloudConfigServiceV2,msEdgeCohorts,msEdgeCollectionsPrismExperiment1,msEdgeCollectionsPrismOverallMigration,msEdgeComposeNext,msEdgeEnableNurturingFramework,msEdgeEnclavePrefsBasic,msEdgeEnclavePrefsNotification,msEdgeFaviconService,msEdgeHJTelemetry,msEdgeHubAppSkype,msEdgeImageEditorUI,msEdgeLinkDoctor,msEdgeMouseGestureDefaultEnabled,msEdgeMouseGestureSupported,msEdgeNewDeviceFre,msEdgeOnRampFRE,msEdgeOnRampImport,msEdgePDFCMHighlightUX,msEdgePasswordIris,msEdgePasswordIrisSaveBubble,msEdgeProngPersonalization,msEdgeReadingView,msEdgeRose,msEdgeSendTabToSelf,msEdgeSettingsImport,msEdgeSettingsImportV2,msEdgeShoppingPersistentStorage,msEdgeShoppingUI,msEdgeSmartFind,msEdgeSuperDragDefaultEnabled,msEdgeSuperDragDropSupported,msEdgeTipping,msEdgeTranslate,msEdgeUseCaptivePortalService,msEdgeWebContentFilteringFeedback,msEdgeWorkSearchBanner,msEnableCustomJobMemoryLimitsOnXbox,msEnableMIPForPDF,msEnablePdfUpsell,msEnableThirdPartyScanning,msEnableWebSignInCta,msEnableWebToBrowserSignIn,msEndpointDlp,msEntityExtraction,msExtensionTelemetryFramework,msExternalTaskManager,msFileSystemAccessDirectoryIterationBlocklistCheck,msForceBrowserSignIn,msForeignSessionsPage,msGeolocationAccessService,msGeolocationOSLocationPermissionFallback,msGeolocationSQMService,msGeolocationService,msGrowthInfraLaunchSourceLogging,msGuidedSwitchAllowed,msHubPinPersist,msImplicitSignin,msIrm,msIrmv2,msKlarnaVirtualCard,msLoadStatistics,msLogIsEdgePinnedToTaskbarOnLaunch,msMIPCrossTenantPdfViewSupport,msMdatpWebSiteDlp,msNotificationPermissionForPWA,msOnHoverSearchInSidebar,msOpenOfficeDocumentsInWebViewer,msPasswordBreachDetection,msPdfAnnotationsVisibility,msPdfDataRecovery,msPdfDigitalSignatureRead,msPdfFreeText,msPdfFreeTextForCJK,msPdfHighlightMode,msPdfInking,msPdfKeyphraseSupport,msPdfOOUI,msPdfPopupMarkerRenderer,msPdfShare,msPdfSharedLibrary,msPdfTextNote,msPdfTextNoteMoreMenu,msPdfThumbnailCache,msPdfUnderside,msPdfViewRestore,msPersonalizationUMA,msPriceComparison,msPrintInWebView2,msPromptDefaultHandlerForPDF,msReactiveSearch,msReadAloud,msReadAloudPdf,msRedirectToShoreline,msRevokeExtensions,msSaasDlp,msShoppingTrigger,msShorelineSearch,msShorelineSearchFindOnPageWebUI,msShowOfflineGameEntrance,msShowReadAloudIconInAddressBar,msShowUXForAADPrtSSOForNonAADProfile,msSuspendMessageForNewSessionWhenHavingPendingNavigation,msSyncEdgeCollections,msTabResourceStats,msTokenizationAutofillInlineEnabled,msTouchMode,msTriggeringSignalGenerator,msUserUnderstanding,msVideoSuperResolutionUI,msWalletBuyNow,msWalletCheckout,msWalletDiagnosticDataLogger,msWalletHubEntry,msWalletHubIntlP3,msWalletPartialCard,msWalletPasswordCategorization,msWalletPasswordCategorizationPlatformExpansion,msWalletTokenizationCardMetadata,msWalletTokenizedAutofill,msWebAssist,msWebAssistHistorySearchService,msWebOOUI,msWindowsTaskManager,msWindowsUserActivities,msZipPayVirtualCard --variations-seed-version --mojo-platform-channel-handle=3152 /prefetch:8"},{"@Name":"CurrentDirectory","#text":"C:\Windows\SystemApps\Microsoft.Windows.Search_cw5n1h2txyewy\"},{"@Name":"User","#text":"SERVER002\lplui"},{"@Name":"LogonGuid","#text":"dbf410b3-a3ad-6807-6a03-730000000000"},{"@Name":"LogonId","#text":"0x73036A"},{"@Name":"TerminalSessionId","#text":"2"},{"@Name":"IntegrityLevel","#text":"AppContainer"},{"@Name":"Hashes","#text":"SHA256=F71A3E2C82658F0023CE9C74D8045E1695E0BEC770FC9B451ED7815E03A14E8E"},{"@Name":"ParentProcessGuid","#text":"dbf410b3-a51d-6807-3d02-000000003f00"},{"@Name":"ParentProcessId","#text":"4400"},{"@Name":"ParentImage","#text":"C:\Program Files (x86)\Microsoft\EdgeWebView\Application\135.0.3179.85\msedgewebview2.exe"},{"@Name":"ParentCommandLine","#text":"\"C:\Program Files (x86)\Microsoft\EdgeWebView\Application\135.0.3179.85\msedgewebview2.exe\" --embedded-browser-webview=1 --webview-exe-name=SearchApp.exe --webview-exe-version=10.0.19041.5678 --user-data-dir=\"C:\Users\lplui\AppData\Local\Packages\Microsoft.Windows.Search_cw5n1h2txyewy\LocalState\EBWebView\" --noerrdialogs --enable-features=msEmbeddedBrowserVisualHosting --lang=en-GB --mojo-named-platform-channel-pipe=6580.5608.13978058972633629416"},{"@Name":"ParentUser","#text":"SERVER002\lplui"}]}}}
{"Event":{"System":{"Provider":{"@Name":"Microsoft-Windows-Sysmon","@Guid":"5770385f-c22a-43e0-bf4c-06f5698ffbd9"},"EventID":"1","Version":"5","Level":"4","Task":"1","Opcode":"0","Keywords":"10000","TimeCreated":{"@SystemTime":"2025-04-22 14:18:06.5295079"},"EventRecordID":"37638","Correlation":null,"Execution":{"@ProcessID":"2984","@ThreadID":"4008"},"Channel":"Microsoft-Windows-Sysmon/Operational","Computer":"Server002","Security":{"@UserID":"S-1-5-18"}},"EventData":{"Data":[{"@Name":"RuleName","#text":"-"},{"@Name":"UtcTime","#text":"2025-04-22 14:18:06.325"},{"@Name":"ProcessGuid","#text":"dbf410b3-a51e-6807-4202-000000003f00"},{"@Name":"ProcessId","#text":"744"},{"@Name":"Image","#text":"C:\Program Files (x86)\Microsoft\EdgeWebView\Application\135.0.3179.85\msedgewebview2.exe"},{"@Name":"FileVersion","#text":"135.0.3179.85"},{"@Name":"Description","#text":"Microsoft Edge WebView2"},{"@Name":"Product","#text":"Microsoft Edge WebView2"},{"@Name":"Company","#text":"Microsoft Corporation"},{"@Name":"OriginalFileName","#text":"msedgewebview2.exe"},{"@Name":"CommandLine","#text":"\"C:\Program Files (x86)\Microsoft\EdgeWebView\Application\135.0.3179.85\msedgewebview2.exe\" --type=renderer --noerrdialogs --user-data-dir=\"C:\Users\lplui\AppData\Local\Packages\Microsoft.Windows.Search_cw5n1h2txyewy\LocalState\EBWebView\" --webview-exe-name=SearchApp.exe --webview-exe-version=10.0.19041.5678 --embedded-browser-webview=1 --video-capture-use-gpu-memory-buffer --lang=en-GB --device-scale-factor=1 --num-raster-threads=1 --renderer-client-id=5 --js-flags=\"--expose-gc --ms-user-locale=\" --time-ticks-at-unix-epoch=-1745329801867931 --launch-time-ticks=1684146553 --always-read-main-dll --field-trial-handle=1876,i,13957976284217662058,6209495157885542435,262144 --enable-features=ForceSWDCompWhenDCompFallbackRequired,msAggressiveCacheTrimming,msCustomDataPartition,msEmbeddedBrowserVisualHosting,msWebView2NoTabForScreenShare,msWebViewAppLifeCycleWorkaround --disable-features=BackForwardCache,BackgroundTabLoadingFromPerformanceManager,CloseOmniboxPopupOnInactiveAreaClick,CollectAVProductsInfo,CollectCodeIntegrityInfo,EnableHangWatcher,FilterAdsOnAbusiveSites,GetWifiProtocol,LoginDetection,MediaFoundationCameraUsageMonitoring,PreconnectToSearch,SafetyHub,SegmentationPlatform,SpareRendererForSitePerProcess,Ukm,WebPayments,msAITrackerClassification,msAbydosForWindowlessWV2,msAffirmVirtualCard,msAllowChromeWebstore,msAllowMSAPrtSSOForNonMSAProfile,msApplicationGuard,msAskBeforeClosingMultipleTabs,msAutoToggleAADPrtSSOForNonAADProfile,msAutofillEdgeCoupons,msAutofillEdgeCouponsAutoApply,msAutofillEdgeServiceRequest,msAutomaticTabFreeze,msBrowserSettingsSupported,msCoarseGeolocationService,msDataProtection,msDesktopMode,msDesktopRewards,msDisableVariationsSeedFetchThrottling,msEEProactiveHistory,msETFOffstoreExtensionFileDataCollection,msETFPasswordTheftDNRActionSignals,msEdgeAdPlatformUI,msEdgeAddWebCapturetoCollections,msEdgeAutofillAdvancedSuggestionsBasic,msEdgeAutofillOneClickAutocomplete,msEdgeAutofillSaveGSPR100InDb,msEdgeAutofillShowDeployedPassword,msEdgeAutofillSs,msEdgeBrowserEssentialsShowUpdateSection,msEdgeCloudConfigService,msEdgeCloudConfigServiceV2,msEdgeCohorts,msEdgeCollectionsPrismExperiment1,msEdgeCollectionsPrismOverallMigration,msEdgeComposeNext,msEdgeEnableNurturingFramework,msEdgeEnclavePrefsBasic,msEdgeEnclavePrefsNotification,msEdgeFaviconService,msEdgeHJTelemetry,msEdgeHubAppSkype,msEdgeImageEditorUI,msEdgeLinkDoctor,msEdgeMouseGestureDefaultEnabled,msEdgeMouseGestureSupported,msEdgeNewDeviceFre,msEdgeOnRampFRE,msEdgeOnRampImport,msEdgePDFCMHighlightUX,msEdgePasswordIris,msEdgePasswordIrisSaveBubble,msEdgeProngPersonalization,msEdgeReadingView,msEdgeRose,msEdgeSendTabToSelf,msEdgeSettingsImport,msEdgeSettingsImportV2,msEdgeShoppingPersistentStorage,msEdgeShoppingUI,msEdgeSmartFind,msEdgeSuperDragDefaultEnabled,msEdgeSuperDragDropSupported,msEdgeTipping,msEdgeTranslate,msEdgeUseCaptivePortalService,msEdgeWebContentFilteringFeedback,msEdgeWorkSearchBanner,msEnableCustomJobMemoryLimitsOnXbox,msEnableMIPForPDF,msEnablePdfUpsell,msEnableThirdPartyScanning,msEnableWebSignInCta,msEnableWebToBrowserSignIn,msEndpointDlp,msEntityExtraction,msExtensionTelemetryFramework,msExternalTaskManager,msFileSystemAccessDirectoryIterationBlocklistCheck,msForceBrowserSignIn,msForeignSessionsPage,msGeolocationAccessService,msGeolocationOSLocationPermissionFallback,msGeolocationSQMService,msGeolocationService,msGrowthInfraLaunchSourceLogging,msGuidedSwitchAllowed,msHubPinPersist,msImplicitSignin,msIrm,msIrmv2,msKlarnaVirtualCard,msLoadStatistics,msLogIsEdgePinnedToTaskbarOnLaunch,msMIPCrossTenantPdfViewSupport,msMdatpWebSiteDlp,msNotificationPermissionForPWA,msOnHoverSearchInSidebar,msOpenOfficeDocumentsInWebViewer,msPasswordBreachDetection,msPdfAnnotationsVisibility,msPdfDataRecovery,msPdfDigitalSignatureRead,msPdfFreeText,msPdfFreeTextForCJK,msPdfHighlightMode,msPdfInking,msPdfKeyphraseSupport,msPdfOOUI,msPdfPopupMarkerRenderer,msPdfShare,msPdfSharedLibrary,msPdfTextNote,msPdfTextNoteMoreMenu,msPdfThumbnailCache,msPdfUnderside,msPdfViewRestore,msPersonalizationUMA,msPriceComparison,msPrintInWebView2,msPromptDefaultHandlerForPDF,msReactiveSearch,msReadAloud,msReadAloudPdf,msRedirectToShoreline,msRevokeExtensions,msSaasDlp,msShoppingTrigger,msShorelineSearch,msShorelineSearchFindOnPageWebUI,msShowOfflineGameEntrance,msShowReadAloudIconInAddressBar,msShowUXForAADPrtSSOForNonAADProfile,msSuspendMessageForNewSessionWhenHavingPendingNavigation,msSyncEdgeCollections,msTabResourceStats,msTokenizationAutofillInlineEnabled,msTouchMode,msTriggeringSignalGenerator,msUserUnderstanding,msVideoSuperResolutionUI,msWalletBuyNow,msWalletCheckout,msWalletDiagnosticDataLogger,msWalletHubEntry,msWalletHubIntlP3,msWalletPartialCard,msWalletPasswordCategorization,msWalletPasswordCategorizationPlatformExpansion,msWalletTokenizationCardMetadata,msWalletTokenizedAutofill,msWebAssist,msWebAssistHistorySearchService,msWebOOUI,msWindowsTaskManager,msWindowsUserActivities,msZipPayVirtualCard --variations-seed-version --mojo-platform-channel-handle=3296 /prefetch:1"},{"@Name":"CurrentDirectory","#text":"C:\Windows\SystemApps\Microsoft.Windows.Search_cw5n1h2txyewy\"},{"@Name":"User","#text":"SERVER002\lplui"},{"@Name":"LogonGuid","#text":"dbf410b3-a3ad-6807-6a03-730000000000"},{"@Name":"LogonId","#text":"0x73036A"},{"@Name":"TerminalSessionId","#text":"2"},{"@Name":"IntegrityLevel","#text":"AppContainer"},{"@Name":"Hashes","#text":"SHA256=F71A3E2C82658F0023CE9C74D8045E1695E0BEC770FC9B451ED7815E03A14E8E"},{"@Name":"ParentProcessGuid","#text":"dbf410b3-a51d-6807-3d02-000000003f00"},{"@Name":"ParentProcessId","#text":"4400"},{"@Name":"ParentImage","#text":"C:\Program Files (x86)\Microsoft\EdgeWebView\Application\135.0.3179.85\msedgewebview2.exe"},{"@Name":"ParentCommandLine","#text":"\"C:\Program Files (x86)\Microsoft\EdgeWebView\Application\135.0.3179.85\msedgewebview2.exe\" --embedded-browser-webview=1 --webview-exe-name=SearchApp.exe --webview-exe-version=10.0.19041.5678 --user-data-dir=\"C:\Users\lplui\AppData\Local\Packages\Microsoft.Windows.Search_cw5n1h2txyewy\LocalState\EBWebView\" --noerrdialogs --enable-features=msEmbeddedBrowserVisualHosting --lang=en-GB --mojo-named-platform-channel-pipe=6580.5608.13978058972633629416"},{"@Name":"ParentUser","#text":"SERVER002\lplui"}]}}}
{"Event":{"System":{"Provider":{"@Name":"Microsoft-Windows-Sysmon","@Guid":"5770385f-c22a-43e0-bf4c-06f5698ffbd9"},"EventID":"1","Version":"5","Level":"4","Task":"1","Opcode":"0","Keywords":"10000","TimeCreated":{"@SystemTime":"2025-04-22 14:18:11.8401690"},"EventRecordID":"37639","Correlation":null,"Execution":{"@ProcessID":"2984","@ThreadID":"4008"},"Channel":"Microsoft-Windows-Sysmon/Operational","Computer":"Server002","Security":{"@UserID":"S-1-5-18"}},"EventData":{"Data":[{"@Name":"RuleName","#text":"-"},{"@Name":"UtcTime","#text":"2025-04-22 14:18:11.826"},{"@Name":"ProcessGuid","#text":"dbf410b3-a523-6807-4302-000000003f00"},{"@Name":"ProcessId","#text":"9692"},{"@Name":"Image","#text":"C:\Windows\System32\backgroundTaskHost.exe"},{"@Name":"FileVersion","#text":"10.0.19041.3636 (WinBuild.160101.0800)"},{"@Name":"Description","#text":"Background Task Host"},{"@Name":"Product","#text":"Microsoft® Windows® Operating System"},{"@Name":"Company","#text":"Microsoft Corporation"},{"@Name":"OriginalFileName","#text":"backgroundTaskHost.exe"},{"@Name":"CommandLine","#text":"\"C:\Windows\system32\BackgroundTaskHost.exe\" -ServerName:BackgroundTaskHost.WebAccountProvider"},{"@Name":"CurrentDirectory","#text":"C:\Windows\SystemApps\Microsoft.AAD.BrokerPlugin_cw5n1h2txyewy\"},{"@Name":"User","#text":"SERVER002\lplui"},{"@Name":"LogonGuid","#text":"dbf410b3-a3ad-6807-6a03-730000000000"},{"@Name":"LogonId","#text":"0x73036A"},{"@Name":"TerminalSessionId","#text":"2"},{"@Name":"IntegrityLevel","#text":"AppContainer"},{"@Name":"Hashes","#text":"SHA256=7077CBF56490C86FC74C0CC6C0379AB679F06A066E71906AD23458F664836449"},{"@Name":"ParentProcessGuid","#text":"00000000-0000-0000-0000-000000000000"},{"@Name":"ParentProcessId","#text":"764"},{"@Name":"ParentImage","#text":"-"},{"@Name":"ParentCommandLine","#text":"-"},{"@Name":"ParentUser","#text":"-"}]}}}
{"Event":{"System":{"Provider":{"@Name":"Microsoft-Windows-Sysmon","@Guid":"5770385f-c22a-43e0-bf4c-06f5698ffbd9"},"EventID":"5","Version":"3","Level":"4","Task":"5","Opcode":"0","Keywords":"10000","TimeCreated":{"@SystemTime":"2025-04-22 14:18:12.2779499"},"EventRecordID":"37640","Correlation":null,"Execution":{"@ProcessID":"2984","@ThreadID":"4008"},"Channel":"Microsoft-Windows-Sysmon/Operational","Computer":"Server002","Security":{"@UserID":"S-1-5-18"}},"EventData":{"Data":[{"@Name":"RuleName","#text":"-"},{"@Name":"UtcTime","#text":"2025-04-22 14:18:12.273"},{"@Name":"ProcessGuid","#text":"dbf410b3-a523-6807-4302-000000003f00"},{"@Name":"ProcessId","#text":"9692"},{"@Name":"Image","#text":"C:\Windows\System32\backgroundTaskHost.exe"},{"@Name":"User","#text":"SERVER002\lplui"}]}}}
