{"Event":{"System":{"Provider":{"@Name":"Microsoft-Windows-Sysmon","@Guid":"5770385f-c22a-43e0-bf4c-06f5698ffbd9"},"EventID":"5","Version":"3","Level":"4","Task":"5","Opcode":"0","Keywords":"10000","TimeCreated":{"@SystemTime":"2025-04-21 15:34:43.7716521"},"EventRecordID":"35903","Correlation":null,"Execution":{"@ProcessID":"3112","@ThreadID":"4188"},"Channel":"Microsoft-Windows-Sysmon/Operational","Computer":"Server002","Security":{"@UserID":"S-1-5-18"}},"EventData":{"Data":[{"@Name":"RuleName","#text":"-"},{"@Name":"UtcTime","#text":"2025-04-21 15:34:43.769"},{"@Name":"ProcessGuid","#text":"dbf410b3-657f-6806-720b-000000003e00"},{"@Name":"ProcessId","#text":"8932"},{"@Name":"Image","#text":"C:\Program Files (x86)\Microsoft Office\root\vfs\ProgramFilesCommonX86\Microsoft Shared\Office16\opushutil.exe"},{"@Name":"User","#text":"SERVER002\lplui"}]}}}
{"Event":{"System":{"Provider":{"@Name":"Microsoft-Windows-Sysmon","@Guid":"5770385f-c22a-43e0-bf4c-06f5698ffbd9"},"EventID":"5","Version":"3","Level":"4","Task":"5","Opcode":"0","Keywords":"10000","TimeCreated":{"@SystemTime":"2025-04-21 15:34:53.9295681"},"EventRecordID":"35904","Correlation":null,"Execution":{"@ProcessID":"3112","@ThreadID":"4188"},"Channel":"Microsoft-Windows-Sysmon/Operational","Computer":"Server002","Security":{"@UserID":"S-1-5-18"}},"EventData":{"Data":[{"@Name":"RuleName","#text":"-"},{"@Name":"UtcTime","#text":"2025-04-21 15:34:53.928"},{"@Name":"ProcessGuid","#text":"dbf410b3-657c-6806-6c0b-000000003e00"},{"@Name":"ProcessId","#text":"7556"},{"@Name":"Image","#text":"C:\Windows\System32\svchost.exe"},{"@Name":"User","#text":"NT AUTHORITY\SYSTEM"}]}}}
{"Event":{"System":{"Provider":{"@Name":"Microsoft-Windows-Sysmon","@Guid":"5770385f-c22a-43e0-bf4c-06f5698ffbd9"},"EventID":"5","Version":"3","Level":"4","Task":"5","Opcode":"0","Keywords":"10000","TimeCreated":{"@SystemTime":"2025-04-21 15:35:03.0277431"},"EventRecordID":"35905","Correlation":null,"Execution":{"@ProcessID":"3112","@ThreadID":"4188"},"Channel":"Microsoft-Windows-Sysmon/Operational","Computer":"Server002","Security":{"@UserID":"S-1-5-18"}},"EventData":{"Data":[{"@Name":"RuleName","#text":"-"},{"@Name":"UtcTime","#text":"2025-04-21 15:35:03.027"},{"@Name":"ProcessGuid","#text":"dbf410b3-658d-6806-7f0b-000000003e00"},{"@Name":"ProcessId","#text":"11288"},{"@Name":"Image","#text":"C:\Windows\System32\sppsvc.exe"},{"@Name":"User","#text":"NT AUTHORITY\NETWORK SERVICE"}]}}}
{"Event":{"System":{"Provider":{"@Name":"Microsoft-Windows-Sysmon","@Guid":"5770385f-c22a-43e0-bf4c-06f5698ffbd9"},"EventID":"1","Version":"5","Level":"4","Task":"1","Opcode":"0","Keywords":"10000","TimeCreated":{"@SystemTime":"2025-04-21 15:35:07.0126725"},"EventRecordID":"35906","Correlation":null,"Execution":{"@ProcessID":"3112","@ThreadID":"4188"},"Channel":"Microsoft-Windows-Sysmon/Operational","Computer":"Server002","Security":{"@UserID":"S-1-5-18"}},"EventData":{"Data":[{"@Name":"RuleName","#text":"-"},{"@Name":"UtcTime","#text":"2025-04-21 15:35:07.002"},{"@Name":"ProcessGuid","#text":"dbf410b3-65ab-6806-8d0b-000000003e00"},{"@Name":"ProcessId","#text":"11164"},{"@Name":"Image","#text":"C:\Program Files\WindowsApps\Microsoft.MicrosoftSolitaireCollection_4.20.9120.0_x64__8wekyb3d8bbwe\Solitaire.exe"},{"@Name":"FileVersion","#text":"-"},{"@Name":"Description","#text":"-"},{"@Name":"Product","#text":"-"},{"@Name":"Company","#text":"-"},{"@Name":"OriginalFileName","#text":"-"},{"@Name":"CommandLine","#text":"\"C:\Program Files\WindowsApps\Microsoft.MicrosoftSolitaireCollection_4.20.9120.0_x64__8wekyb3d8bbwe\Solitaire.exe\" -ServerName:App.AppXx8xn0rs58sab7mvbtxgdhw97cpm1dzhb.mca"},{"@Name":"CurrentDirectory","#text":"C:\Program Files\WindowsApps\Microsoft.MicrosoftSolitaireCollection_4.20.9120.0_x64__8wekyb3d8bbwe\"},{"@Name":"User","#text":"SERVER002\lplui"},{"@Name":"LogonGuid","#text":"dbf410b3-1bf3-6802-b583-030000000000"},{"@Name":"LogonId","#text":"0x383B5"},{"@Name":"TerminalSessionId","#text":"1"},{"@Name":"IntegrityLevel","#text":"AppContainer"},{"@Name":"Hashes","#text":"SHA256=1DE3A95EAF4B3AA59115388BF54FCC201D73DADD8EB547B084CB2736640C3EA9"},{"@Name":"ParentProcessGuid","#text":"dbf410b3-380a-6802-0d00-000000003e00"},{"@Name":"ParentProcessId","#text":"792"},{"@Name":"ParentImage","#text":"C:\Windows\System32\svchost.exe"},{"@Name":"ParentCommandLine","#text":"C:\Windows\system32\svchost.exe -k DcomLaunch -p"},{"@Name":"ParentUser","#text":"NT AUTHORITY\SYSTEM"}]}}}
{"Event":{"System":{"Provider":{"@Name":"Microsoft-Windows-Sysmon","@Guid":"5770385f-c22a-43e0-bf4c-06f5698ffbd9"},"EventID":"5","Version":"3","Level":"4","Task":"5","Opcode":"0","Keywords":"10000","TimeCreated":{"@SystemTime":"2025-04-21 15:35:07.6217930"},"EventRecordID":"35907","Correlation":null,"Execution":{"@ProcessID":"3112","@ThreadID":"4188"},"Channel":"Microsoft-Windows-Sysmon/Operational","Computer":"Server002","Security":{"@UserID":"S-1-5-18"}},"EventData":{"Data":[{"@Name":"RuleName","#text":"-"},{"@Name":"UtcTime","#text":"2025-04-21 15:35:07.620"},{"@Name":"ProcessGuid","#text":"dbf410b3-65ab-6806-8d0b-000000003e00"},{"@Name":"ProcessId","#text":"11164"},{"@Name":"Image","#text":"C:\Program Files\WindowsApps\Microsoft.MicrosoftSolitaireCollection_4.20.9120.0_x64__8wekyb3d8bbwe\Solitaire.exe"},{"@Name":"User","#text":"SERVER002\lplui"}]}}}
{"Event":{"System":{"Provider":{"@Name":"Microsoft-Windows-Sysmon","@Guid":"5770385f-c22a-43e0-bf4c-06f5698ffbd9"},"EventID":"5","Version":"3","Level":"4","Task":"5","Opcode":"0","Keywords":"10000","TimeCreated":{"@SystemTime":"2025-04-21 15:35:12.8648660"},"EventRecordID":"35908","Correlation":null,"Execution":{"@ProcessID":"3112","@ThreadID":"4188"},"Channel":"Microsoft-Windows-Sysmon/Operational","Computer":"Server002","Security":{"@UserID":"S-1-5-18"}},"EventData":{"Data":[{"@Name":"RuleName","#text":"-"},{"@Name":"UtcTime","#text":"2025-04-21 15:35:12.864"},{"@Name":"ProcessGuid","#text":"dbf410b3-658c-6806-7d0b-000000003e00"},{"@Name":"ProcessId","#text":"3416"},{"@Name":"Image","#text":"C:\Windows\System32\RuntimeBroker.exe"},{"@Name":"User","#text":"SERVER002\lplui"}]}}}
{"Event":{"System":{"Provider":{"@Name":"Microsoft-Windows-Sysmon","@Guid":"5770385f-c22a-43e0-bf4c-06f5698ffbd9"},"EventID":"5","Version":"3","Level":"4","Task":"5","Opcode":"0","Keywords":"10000","TimeCreated":{"@SystemTime":"2025-04-21 15:35:31.2970058"},"EventRecordID":"35909","Correlation":null,"Execution":{"@ProcessID":"3112","@ThreadID":"4188"},"Channel":"Microsoft-Windows-Sysmon/Operational","Computer":"Server002","Security":{"@UserID":"S-1-5-18"}},"EventData":{"Data":[{"@Name":"RuleName","#text":"-"},{"@Name":"UtcTime","#text":"2025-04-21 15:35:31.292"},{"@Name":"ProcessGuid","#text":"dbf410b3-6583-6806-790b-000000003e00"},{"@Name":"ProcessId","#text":"7148"},{"@Name":"Image","#text":"C:\Windows\System32\backgroundTaskHost.exe"},{"@Name":"User","#text":"SERVER002\lplui"}]}}}
{"Event":{"System":{"Provider":{"@Name":"Microsoft-Windows-Sysmon","@Guid":"5770385f-c22a-43e0-bf4c-06f5698ffbd9"},"EventID":"5","Version":"3","Level":"4","Task":"5","Opcode":"0","Keywords":"10000","TimeCreated":{"@SystemTime":"2025-04-21 15:35:31.2971305"},"EventRecordID":"35910","Correlation":null,"Execution":{"@ProcessID":"3112","@ThreadID":"4188"},"Channel":"Microsoft-Windows-Sysmon/Operational","Computer":"Server002","Security":{"@UserID":"S-1-5-18"}},"EventData":{"Data":[{"@Name":"RuleName","#text":"-"},{"@Name":"UtcTime","#text":"2025-04-21 15:35:31.295"},{"@Name":"ProcessGuid","#text":"dbf410b3-6582-6806-760b-000000003e00"},{"@Name":"ProcessId","#text":"13564"},{"@Name":"Image","#text":"C:\Windows\System32\backgroundTaskHost.exe"},{"@Name":"User","#text":"SERVER002\lplui"}]}}}
{"Event":{"System":{"Provider":{"@Name":"Microsoft-Windows-Sysmon","@Guid":"5770385f-c22a-43e0-bf4c-06f5698ffbd9"},"EventID":"5","Version":"3","Level":"4","Task":"5","Opcode":"0","Keywords":"10000","TimeCreated":{"@SystemTime":"2025-04-21 15:35:36.7414678"},"EventRecordID":"35911","Correlation":null,"Execution":{"@ProcessID":"3112","@ThreadID":"4188"},"Channel":"Microsoft-Windows-Sysmon/Operational","Computer":"Server002","Security":{"@UserID":"S-1-5-18"}},"EventData":{"Data":[{"@Name":"RuleName","#text":"-"},{"@Name":"UtcTime","#text":"2025-04-21 15:35:36.739"},{"@Name":"ProcessGuid","#text":"dbf410b3-6582-6806-750b-000000003e00"},{"@Name":"ProcessId","#text":"5496"},{"@Name":"Image","#text":"C:\Windows\System32\backgroundTaskHost.exe"},{"@Name":"User","#text":"SERVER002\lplui"}]}}}
{"Event":{"System":{"Provider":{"@Name":"Microsoft-Windows-Sysmon","@Guid":"5770385f-c22a-43e0-bf4c-06f5698ffbd9"},"EventID":"5","Version":"3","Level":"4","Task":"5","Opcode":"0","Keywords":"10000","TimeCreated":{"@SystemTime":"2025-04-21 15:35:47.2094403"},"EventRecordID":"35912","Correlation":null,"Execution":{"@ProcessID":"3112","@ThreadID":"4188"},"Channel":"Microsoft-Windows-Sysmon/Operational","Computer":"Server002","Security":{"@UserID":"S-1-5-18"}},"EventData":{"Data":[{"@Name":"RuleName","#text":"-"},{"@Name":"UtcTime","#text":"2025-04-21 15:35:47.207"},{"@Name":"ProcessGuid","#text":"dbf410b3-5399-6806-3e0b-000000003e00"},{"@Name":"ProcessId","#text":"3996"},{"@Name":"Image","#text":"C:\Windows\System32\wbem\WmiPrvSE.exe"},{"@Name":"User","#text":"NT AUTHORITY\NETWORK SERVICE"}]}}}
{"Event":{"System":{"Provider":{"@Name":"Microsoft-Windows-Sysmon","@Guid":"5770385f-c22a-43e0-bf4c-06f5698ffbd9"},"EventID":"5","Version":"3","Level":"4","Task":"5","Opcode":"0","Keywords":"10000","TimeCreated":{"@SystemTime":"2025-04-21 15:36:05.2452321"},"EventRecordID":"35913","Correlation":null,"Execution":{"@ProcessID":"3112","@ThreadID":"4188"},"Channel":"Microsoft-Windows-Sysmon/Operational","Computer":"Server002","Security":{"@UserID":"S-1-5-18"}},"EventData":{"Data":[{"@Name":"RuleName","#text":"-"},{"@Name":"UtcTime","#text":"2025-04-21 15:36:05.244"},{"@Name":"ProcessGuid","#text":"dbf410b3-53a5-6806-640b-000000003e00"},{"@Name":"ProcessId","#text":"10768"},{"@Name":"Image","#text":"C:\Windows\System32\RuntimeBroker.exe"},{"@Name":"User","#text":"SERVER002\lplui"}]}}}
{"Event":{"System":{"Provider":{"@Name":"Microsoft-Windows-Sysmon","@Guid":"5770385f-c22a-43e0-bf4c-06f5698ffbd9"},"EventID":"5","Version":"3","Level":"4","Task":"5","Opcode":"0","Keywords":"10000","TimeCreated":{"@SystemTime":"2025-04-21 15:36:12.4918637"},"EventRecordID":"35914","Correlation":null,"Execution":{"@ProcessID":"3112","@ThreadID":"4188"},"Channel":"Microsoft-Windows-Sysmon/Operational","Computer":"Server002","Security":{"@UserID":"S-1-5-18"}},"EventData":{"Data":[{"@Name":"RuleName","#text":"-"},{"@Name":"UtcTime","#text":"2025-04-21 15:36:12.490"},{"@Name":"ProcessGuid","#text":"dbf410b3-53a9-6806-680b-000000003e00"},{"@Name":"ProcessId","#text":"7684"},{"@Name":"Image","#text":"C:\Windows\System32\RuntimeBroker.exe"},{"@Name":"User","#text":"SERVER002\lplui"}]}}}
{"Event":{"System":{"Provider":{"@Name":"Microsoft-Windows-Sysmon","@Guid":"5770385f-c22a-43e0-bf4c-06f5698ffbd9"},"EventID":"1","Version":"5","Level":"4","Task":"1","Opcode":"0","Keywords":"10000","TimeCreated":{"@SystemTime":"2025-04-21 15:36:24.1710804"},"EventRecordID":"35915","Correlation":null,"Execution":{"@ProcessID":"3112","@ThreadID":"4188"},"Channel":"Microsoft-Windows-Sysmon/Operational","Computer":"Server002","Security":{"@UserID":"S-1-5-18"}},"EventData":{"Data":[{"@Name":"RuleName","#text":"-"},{"@Name":"UtcTime","#text":"2025-04-21 15:36:24.161"},{"@Name":"ProcessGuid","#text":"dbf410b3-65f8-6806-8e0b-000000003e00"},{"@Name":"ProcessId","#text":"8748"},{"@Name":"Image","#text":"C:\Program Files (x86)\Microsoft\EdgeUpdate\MicrosoftEdgeUpdate.exe"},{"@Name":"FileVersion","#text":"1.3.147.37"},{"@Name":"Description","#text":"Microsoft Edge Update"},{"@Name":"Product","#text":"Microsoft Edge Update"},{"@Name":"Company","#text":"Microsoft Corporation"},{"@Name":"OriginalFileName","#text":"msedgeupdate.dll"},{"@Name":"CommandLine","#text":"\"C:\Program Files (x86)\Microsoft\EdgeUpdate\MicrosoftEdgeUpdate.exe\" /ua /installsource scheduler"},{"@Name":"CurrentDirectory","#text":"C:\Windows\system32\"},{"@Name":"User","#text":"NT AUTHORITY\SYSTEM"},{"@Name":"LogonGuid","#text":"dbf410b3-3809-6802-e703-000000000000"},{"@Name":"LogonId","#text":"0x3E7"},{"@Name":"TerminalSessionId","#text":"0"},{"@Name":"IntegrityLevel","#text":"System"},{"@Name":"Hashes","#text":"SHA256=3096D8E82917A9B73F322F4B1743E52E9B0C8B3C5933A957E73E29D6973CDD5B"},{"@Name":"ParentProcessGuid","#text":"dbf410b3-380a-6802-1a00-000000003e00"},{"@Name":"ParentProcessId","#text":"1144"},{"@Name":"ParentImage","#text":"C:\Windows\System32\svchost.exe"},{"@Name":"ParentCommandLine","#text":"C:\Windows\system32\svchost.exe -k netsvcs -p -s Schedule"},{"@Name":"ParentUser","#text":"NT AUTHORITY\SYSTEM"}]}}}
{"Event":{"System":{"Provider":{"@Name":"Microsoft-Windows-Sysmon","@Guid":"5770385f-c22a-43e0-bf4c-06f5698ffbd9"},"EventID":"5","Version":"3","Level":"4","Task":"5","Opcode":"0","Keywords":"10000","TimeCreated":{"@SystemTime":"2025-04-21 15:36:24.5969439"},"EventRecordID":"35916","Correlation":null,"Execution":{"@ProcessID":"3112","@ThreadID":"4188"},"Channel":"Microsoft-Windows-Sysmon/Operational","Computer":"Server002","Security":{"@UserID":"S-1-5-18"}},"EventData":{"Data":[{"@Name":"RuleName","#text":"-"},{"@Name":"UtcTime","#text":"2025-04-21 15:36:24.596"},{"@Name":"ProcessGuid","#text":"dbf410b3-65f8-6806-8e0b-000000003e00"},{"@Name":"ProcessId","#text":"8748"},{"@Name":"Image","#text":"C:\Program Files (x86)\Microsoft\EdgeUpdate\MicrosoftEdgeUpdate.exe"},{"@Name":"User","#text":"NT AUTHORITY\SYSTEM"}]}}}
{"Event":{"System":{"Provider":{"@Name":"Microsoft-Windows-Sysmon","@Guid":"5770385f-c22a-43e0-bf4c-06f5698ffbd9"},"EventID":"5","Version":"3","Level":"4","Task":"5","Opcode":"0","Keywords":"10000","TimeCreated":{"@SystemTime":"2025-04-21 15:36:25.2368095"},"EventRecordID":"35917","Correlation":null,"Execution":{"@ProcessID":"3112","@ThreadID":"4188"},"Channel":"Microsoft-Windows-Sysmon/Operational","Computer":"Server002","Security":{"@UserID":"S-1-5-18"}},"EventData":{"Data":[{"@Name":"RuleName","#text":"-"},{"@Name":"UtcTime","#text":"2025-04-21 15:36:25.234"},{"@Name":"ProcessGuid","#text":"dbf410b3-5397-6806-3d0b-000000003e00"},{"@Name":"ProcessId","#text":"11104"},{"@Name":"Image","#text":"C:\Windows\WinSxS\amd64_microsoft-windows-servicingstack_31bf3856ad364e35_10.0.19041.5676_none_7dfafd007c9b4e44\TiWorker.exe"},{"@Name":"User","#text":"NT AUTHORITY\SYSTEM"}]}}}
{"Event":{"System":{"Provider":{"@Name":"Microsoft-Windows-Sysmon","@Guid":"5770385f-c22a-43e0-bf4c-06f5698ffbd9"},"EventID":"5","Version":"3","Level":"4","Task":"5","Opcode":"0","Keywords":"10000","TimeCreated":{"@SystemTime":"2025-04-21 15:36:25.2666590"},"EventRecordID":"35918","Correlation":null,"Execution":{"@ProcessID":"3112","@ThreadID":"4188"},"Channel":"Microsoft-Windows-Sysmon/Operational","Computer":"Server002","Security":{"@UserID":"S-1-5-18"}},"EventData":{"Data":[{"@Name":"RuleName","#text":"-"},{"@Name":"UtcTime","#text":"2025-04-21 15:36:25.265"},{"@Name":"ProcessGuid","#text":"dbf410b3-5397-6806-3c0b-000000003e00"},{"@Name":"ProcessId","#text":"9712"},{"@Name":"Image","#text":"C:\Windows\servicing\TrustedInstaller.exe"},{"@Name":"User","#text":"NT AUTHORITY\SYSTEM"}]}}}
{"Event":{"System":{"Provider":{"@Name":"Microsoft-Windows-Sysmon","@Guid":"5770385f-c22a-43e0-bf4c-06f5698ffbd9"},"EventID":"5","Version":"3","Level":"4","Task":"5","Opcode":"0","Keywords":"10000","TimeCreated":{"@SystemTime":"2025-04-21 15:37:54.6919654"},"EventRecordID":"35919","Correlation":null,"Execution":{"@ProcessID":"3112","@ThreadID":"4188"},"Channel":"Microsoft-Windows-Sysmon/Operational","Computer":"Server002","Security":{"@UserID":"S-1-5-18"}},"EventData":{"Data":[{"@Name":"RuleName","#text":"-"},{"@Name":"UtcTime","#text":"2025-04-21 15:37:54.691"},{"@Name":"ProcessGuid","#text":"dbf410b3-4c83-6806-2f0b-000000003e00"},{"@Name":"ProcessId","#text":"1548"},{"@Name":"Image","#text":"C:\Windows\System32\svchost.exe"},{"@Name":"User","#text":"NT AUTHORITY\SYSTEM"}]}}}
{"Event":{"System":{"Provider":{"@Name":"Microsoft-Windows-Sysmon","@Guid":"5770385f-c22a-43e0-bf4c-06f5698ffbd9"},"EventID":"1","Version":"5","Level":"4","Task":"1","Opcode":"0","Keywords":"10000","TimeCreated":{"@SystemTime":"2025-04-21 15:38:33.3623586"},"EventRecordID":"35920","Correlation":null,"Execution":{"@ProcessID":"3112","@ThreadID":"4188"},"Channel":"Microsoft-Windows-Sysmon/Operational","Computer":"Server002","Security":{"@UserID":"S-1-5-18"}},"EventData":{"Data":[{"@Name":"RuleName","#text":"-"},{"@Name":"UtcTime","#text":"2025-04-21 15:38:33.351"},{"@Name":"ProcessGuid","#text":"dbf410b3-6679-6806-8f0b-000000003e00"},{"@Name":"ProcessId","#text":"11216"},{"@Name":"Image","#text":"C:\Windows\System32\svchost.exe"},{"@Name":"FileVersion","#text":"10.0.19041.4355 (WinBuild.160101.0800)"},{"@Name":"Description","#text":"Host Process for Windows Services"},{"@Name":"Product","#text":"Microsoft® Windows® Operating System"},{"@Name":"Company","#text":"Microsoft Corporation"},{"@Name":"OriginalFileName","#text":"svchost.exe"},{"@Name":"CommandLine","#text":"C:\Windows\system32\svchost.exe -k appmodel -p -s camsvc"},{"@Name":"CurrentDirectory","#text":"C:\Windows\system32\"},{"@Name":"User","#text":"NT AUTHORITY\SYSTEM"},{"@Name":"LogonGuid","#text":"dbf410b3-3809-6802-e703-000000000000"},{"@Name":"LogonId","#text":"0x3E7"},{"@Name":"TerminalSessionId","#text":"0"},{"@Name":"IntegrityLevel","#text":"System"},{"@Name":"Hashes","#text":"SHA256=6FC3BF1FDFD76860BE782554F8D25BD32F108DB934D70F4253F1E5F23522E503"},{"@Name":"ParentProcessGuid","#text":"dbf410b3-3809-6802-0b00-000000003e00"},{"@Name":"ParentProcessId","#text":"672"},{"@Name":"ParentImage","#text":"C:\Windows\System32\services.exe"},{"@Name":"ParentCommandLine","#text":"C:\Windows\system32\services.exe"},{"@Name":"ParentUser","#text":"NT AUTHORITY\SYSTEM"}]}}}
{"Event":{"System":{"Provider":{"@Name":"Microsoft-Windows-Sysmon","@Guid":"5770385f-c22a-43e0-bf4c-06f5698ffbd9"},"EventID":"1","Version":"5","Level":"4","Task":"1","Opcode":"0","Keywords":"10000","TimeCreated":{"@SystemTime":"2025-04-21 15:38:34.2561704"},"EventRecordID":"35921","Correlation":null,"Execution":{"@ProcessID":"3112","@ThreadID":"4188"},"Channel":"Microsoft-Windows-Sysmon/Operational","Computer":"Server002","Security":{"@UserID":"S-1-5-18"}},"EventData":{"Data":[{"@Name":"RuleName","#text":"-"},{"@Name":"UtcTime","#text":"2025-04-21 15:38:34.092"},{"@Name":"ProcessGuid","#text":"dbf410b3-667a-6806-900b-000000003e00"},{"@Name":"ProcessId","#text":"10384"},{"@Name":"Image","#text":"C:\Windows\System32\backgroundTaskHost.exe"},{"@Name":"FileVersion","#text":"10.0.19041.3636 (WinBuild.160101.0800)"},{"@Name":"Description","#text":"Background Task Host"},{"@Name":"Product","#text":"Microsoft® Windows® Operating System"},{"@Name":"Company","#text":"Microsoft Corporation"},{"@Name":"OriginalFileName","#text":"backgroundTaskHost.exe"},{"@Name":"CommandLine","#text":"\"C:\Windows\system32\backgroundTaskHost.exe\" -ServerName:Microsoft.MicrosoftOfficeHub.AppX54h2e8jwdm50fj5ha8987vz1etpx7czd.mca"},{"@Name":"CurrentDirectory","#text":"C:\Program Files\WindowsApps\Microsoft.MicrosoftOfficeHub_18.2409.1102.0_x64__8wekyb3d8bbwe\"},{"@Name":"User","#text":"SERVER002\lplui"},{"@Name":"LogonGuid","#text":"dbf410b3-1bf3-6802-b583-030000000000"},{"@Name":"LogonId","#text":"0x383B5"},{"@Name":"TerminalSessionId","#text":"1"},{"@Name":"IntegrityLevel","#text":"AppContainer"},{"@Name":"Hashes","#text":"SHA256=7077CBF56490C86FC74C0CC6C0379AB679F06A066E71906AD23458F664836449"},{"@Name":"ParentProcessGuid","#text":"dbf410b3-380a-6802-0d00-000000003e00"},{"@Name":"ParentProcessId","#text":"792"},{"@Name":"ParentImage","#text":"C:\Windows\System32\svchost.exe"},{"@Name":"ParentCommandLine","#text":"C:\Windows\system32\svchost.exe -k DcomLaunch -p"},{"@Name":"ParentUser","#text":"NT AUTHORITY\SYSTEM"}]}}}
{"Event":{"System":{"Provider":{"@Name":"Microsoft-Windows-Sysmon","@Guid":"5770385f-c22a-43e0-bf4c-06f5698ffbd9"},"EventID":"1","Version":"5","Level":"4","Task":"1","Opcode":"0","Keywords":"10000","TimeCreated":{"@SystemTime":"2025-04-21 15:38:34.3559384"},"EventRecordID":"35922","Correlation":null,"Execution":{"@ProcessID":"3112","@ThreadID":"4188"},"Channel":"Microsoft-Windows-Sysmon/Operational","Computer":"Server002","Security":{"@UserID":"S-1-5-18"}},"EventData":{"Data":[{"@Name":"RuleName","#text":"-"},{"@Name":"UtcTime","#text":"2025-04-21 15:38:34.175"},{"@Name":"ProcessGuid","#text":"dbf410b3-667a-6806-910b-000000003e00"},{"@Name":"ProcessId","#text":"10536"},{"@Name":"Image","#text":"C:\Windows\System32\backgroundTaskHost.exe"},{"@Name":"FileVersion","#text":"10.0.19041.3636 (WinBuild.160101.0800)"},{"@Name":"Description","#text":"Background Task Host"},{"@Name":"Product","#text":"Microsoft® Windows® Operating System"},{"@Name":"Company","#text":"Microsoft Corporation"},{"@Name":"OriginalFileName","#text":"backgroundTaskHost.exe"},{"@Name":"CommandLine","#text":"\"C:\Windows\system32\backgroundTaskHost.exe\" -ServerName:ShellFeedsUI.AppXnj65k2d1a1rnztt2t2nng5ctmk3e76pn.mca"},{"@Name":"CurrentDirectory","#text":"C:\Windows\SystemApps\Microsoft.Windows.Search_cw5n1h2txyewy\"},{"@Name":"User","#text":"SERVER002\lplui"},{"@Name":"LogonGuid","#text":"dbf410b3-1bf3-6802-b583-030000000000"},{"@Name":"LogonId","#text":"0x383B5"},{"@Name":"TerminalSessionId","#text":"1"},{"@Name":"IntegrityLevel","#text":"AppContainer"},{"@Name":"Hashes","#text":"SHA256=7077CBF56490C86FC74C0CC6C0379AB679F06A066E71906AD23458F664836449"},{"@Name":"ParentProcessGuid","#text":"dbf410b3-380a-6802-0d00-000000003e00"},{"@Name":"ParentProcessId","#text":"792"},{"@Name":"ParentImage","#text":"C:\Windows\System32\svchost.exe"},{"@Name":"ParentCommandLine","#text":"C:\Windows\system32\svchost.exe -k DcomLaunch -p"},{"@Name":"ParentUser","#text":"NT AUTHORITY\SYSTEM"}]}}}
{"Event":{"System":{"Provider":{"@Name":"Microsoft-Windows-Sysmon","@Guid":"5770385f-c22a-43e0-bf4c-06f5698ffbd9"},"EventID":"1","Version":"5","Level":"4","Task":"1","Opcode":"0","Keywords":"10000","TimeCreated":{"@SystemTime":"2025-04-21 15:38:34.4741586"},"EventRecordID":"35923","Correlation":null,"Execution":{"@ProcessID":"3112","@ThreadID":"4188"},"Channel":"Microsoft-Windows-Sysmon/Operational","Computer":"Server002","Security":{"@UserID":"S-1-5-18"}},"EventData":{"Data":[{"@Name":"RuleName","#text":"-"},{"@Name":"UtcTime","#text":"2025-04-21 15:38:34.364"},{"@Name":"ProcessGuid","#text":"dbf410b3-667a-6806-920b-000000003e00"},{"@Name":"ProcessId","#text":"8732"},{"@Name":"Image","#text":"C:\Program Files\WindowsApps\microsoft.windowscommunicationsapps_16005.14326.22342.0_x64__8wekyb3d8bbwe\HxTsr.exe"},{"@Name":"FileVersion","#text":"16.0.14326.22342"},{"@Name":"Description","#text":"Microsoft Outlook Communications"},{"@Name":"Product","#text":"Microsoft Office"},{"@Name":"Company","#text":"Microsoft Corporation"},{"@Name":"OriginalFileName","#text":"HxTsr.exe"},{"@Name":"CommandLine","#text":"\"C:\Program Files\WindowsApps\microsoft.windowscommunicationsapps_16005.14326.22342.0_x64__8wekyb3d8bbwe\HxTsr.exe\" -ServerName:Hx.IPC.Server"},{"@Name":"CurrentDirectory","#text":"C:\Program Files\WindowsApps\microsoft.windowscommunicationsapps_16005.14326.22342.0_x64__8wekyb3d8bbwe\"},{"@Name":"User","#text":"SERVER002\lplui"},{"@Name":"LogonGuid","#text":"dbf410b3-1bf3-6802-b583-030000000000"},{"@Name":"LogonId","#text":"0x383B5"},{"@Name":"TerminalSessionId","#text":"1"},{"@Name":"IntegrityLevel","#text":"AppContainer"},{"@Name":"Hashes","#text":"SHA256=9033FD12029FEDEEC44032E2C574A68A87D2963B5F6D731D1F0C9EB93AFD63B1"},{"@Name":"ParentProcessGuid","#text":"dbf410b3-380a-6802-0d00-000000003e00"},{"@Name":"ParentProcessId","#text":"792"},{"@Name":"ParentImage","#text":"C:\Windows\System32\svchost.exe"},{"@Name":"ParentCommandLine","#text":"C:\Windows\system32\svchost.exe -k DcomLaunch -p"},{"@Name":"ParentUser","#text":"NT AUTHORITY\SYSTEM"}]}}}
{"Event":{"System":{"Provider":{"@Name":"Microsoft-Windows-Sysmon","@Guid":"5770385f-c22a-43e0-bf4c-06f5698ffbd9"},"EventID":"1","Version":"5","Level":"4","Task":"1","Opcode":"0","Keywords":"10000","TimeCreated":{"@SystemTime":"2025-04-21 15:38:34.7543572"},"EventRecordID":"35924","Correlation":null,"Execution":{"@ProcessID":"3112","@ThreadID":"4188"},"Channel":"Microsoft-Windows-Sysmon/Operational","Computer":"Server002","Security":{"@UserID":"S-1-5-18"}},"EventData":{"Data":[{"@Name":"RuleName","#text":"-"},{"@Name":"UtcTime","#text":"2025-04-21 15:38:34.486"},{"@Name":"ProcessGuid","#text":"dbf410b3-667a-6806-930b-000000003e00"},{"@Name":"ProcessId","#text":"6332"},{"@Name":"Image","#text":"C:\Windows\System32\backgroundTaskHost.exe"},{"@Name":"FileVersion","#text":"10.0.19041.3636 (WinBuild.160101.0800)"},{"@Name":"Description","#text":"Background Task Host"},{"@Name":"Product","#text":"Microsoft® Windows® Operating System"},{"@Name":"Company","#text":"Microsoft Corporation"},{"@Name":"OriginalFileName","#text":"backgroundTaskHost.exe"},{"@Name":"CommandLine","#text":"\"C:\Windows\system32\backgroundTaskHost.exe\" -ServerName:App.AppXxw3e32mpkfkfbh0tznpwwqfw96t0tfx6.mca"},{"@Name":"CurrentDirectory","#text":"C:\Windows\SystemApps\NcsiUwpApp_8wekyb3d8bbwe\"},{"@Name":"User","#text":"SERVER002\lplui"},{"@Name":"LogonGuid","#text":"dbf410b3-1bf3-6802-b583-030000000000"},{"@Name":"LogonId","#text":"0x383B5"},{"@Name":"TerminalSessionId","#text":"1"},{"@Name":"IntegrityLevel","#text":"AppContainer"},{"@Name":"Hashes","#text":"SHA256=7077CBF56490C86FC74C0CC6C0379AB679F06A066E71906AD23458F664836449"},{"@Name":"ParentProcessGuid","#text":"dbf410b3-380a-6802-0d00-000000003e00"},{"@Name":"ParentProcessId","#text":"792"},{"@Name":"ParentImage","#text":"C:\Windows\System32\svchost.exe"},{"@Name":"ParentCommandLine","#text":"C:\Windows\system32\svchost.exe -k DcomLaunch -p"},{"@Name":"ParentUser","#text":"NT AUTHORITY\SYSTEM"}]}}}
{"Event":{"System":{"Provider":{"@Name":"Microsoft-Windows-Sysmon","@Guid":"5770385f-c22a-43e0-bf4c-06f5698ffbd9"},"EventID":"1","Version":"5","Level":"4","Task":"1","Opcode":"0","Keywords":"10000","TimeCreated":{"@SystemTime":"2025-04-21 15:38:36.1740340"},"EventRecordID":"35925","Correlation":null,"Execution":{"@ProcessID":"3112","@ThreadID":"4188"},"Channel":"Microsoft-Windows-Sysmon/Operational","Computer":"Server002","Security":{"@UserID":"S-1-5-18"}},"EventData":{"Data":[{"@Name":"RuleName","#text":"-"},{"@Name":"UtcTime","#text":"2025-04-21 15:38:36.024"},{"@Name":"ProcessGuid","#text":"dbf410b3-667c-6806-940b-000000003e00"},{"@Name":"ProcessId","#text":"9476"},{"@Name":"Image","#text":"C:\Windows\System32\DataExchangeHost.exe"},{"@Name":"FileVersion","#text":"10.0.19041.4355 (WinBuild.160101.0800)"},{"@Name":"Description","#text":"Data Exchange Host"},{"@Name":"Product","#text":"Microsoft® Windows® Operating System"},{"@Name":"Company","#text":"Microsoft Corporation"},{"@Name":"OriginalFileName","#text":"DataExchangeHost.exe"},{"@Name":"CommandLine","#text":"C:\Windows\System32\DataExchangeHost.exe -Embedding"},{"@Name":"CurrentDirectory","#text":"C:\Windows\system32\"},{"@Name":"User","#text":"SERVER002\lplui"},{"@Name":"LogonGuid","#text":"dbf410b3-1bf3-6802-b583-030000000000"},{"@Name":"LogonId","#text":"0x383B5"},{"@Name":"TerminalSessionId","#text":"1"},{"@Name":"IntegrityLevel","#text":"Medium"},{"@Name":"Hashes","#text":"SHA256=AC19B3FA6C5E1C49357E44B1306A61FC53158AACE00113CB08D76FD8A861C113"},{"@Name":"ParentProcessGuid","#text":"dbf410b3-380a-6802-0d00-000000003e00"},{"@Name":"ParentProcessId","#text":"792"},{"@Name":"ParentImage","#text":"C:\Windows\System32\svchost.exe"},{"@Name":"ParentCommandLine","#text":"C:\Windows\system32\svchost.exe -k DcomLaunch -p"},{"@Name":"ParentUser","#text":"NT AUTHORITY\SYSTEM"}]}}}
{"Event":{"System":{"Provider":{"@Name":"Microsoft-Windows-Sysmon","@Guid":"5770385f-c22a-43e0-bf4c-06f5698ffbd9"},"EventID":"1","Version":"5","Level":"4","Task":"1","Opcode":"0","Keywords":"10000","TimeCreated":{"@SystemTime":"2025-04-21 15:38:37.8478550"},"EventRecordID":"35926","Correlation":null,"Execution":{"@ProcessID":"3112","@ThreadID":"4188"},"Channel":"Microsoft-Windows-Sysmon/Operational","Computer":"Server002","Security":{"@UserID":"S-1-5-18"}},"EventData":{"Data":[{"@Name":"RuleName","#text":"-"},{"@Name":"UtcTime","#text":"2025-04-21 15:38:37.826"},{"@Name":"ProcessGuid","#text":"dbf410b3-667d-6806-950b-000000003e00"},{"@Name":"ProcessId","#text":"7484"},{"@Name":"Image","#text":"C:\Windows\System32\dllhost.exe"},{"@Name":"FileVersion","#text":"10.0.19041.3636 (WinBuild.160101.0800)"},{"@Name":"Description","#text":"COM Surrogate"},{"@Name":"Product","#text":"Microsoft® Windows® Operating System"},{"@Name":"Company","#text":"Microsoft Corporation"},{"@Name":"OriginalFileName","#text":"dllhost.exe"},{"@Name":"CommandLine","#text":"C:\Windows\system32\DllHost.exe /Processid:{AB8902B4-09CA-4BB6-B78D-A8F59079A8D5}"},{"@Name":"CurrentDirectory","#text":"C:\Windows\system32\"},{"@Name":"User","#text":"SERVER002\lplui"},{"@Name":"LogonGuid","#text":"dbf410b3-1bf3-6802-b583-030000000000"},{"@Name":"LogonId","#text":"0x383B5"},{"@Name":"TerminalSessionId","#text":"1"},{"@Name":"IntegrityLevel","#text":"Medium"},{"@Name":"Hashes","#text":"SHA256=0309834D40475CCD5A88C48F7FF5EC62E5C6798900357DD83665C3D0345124E0"},{"@Name":"ParentProcessGuid","#text":"dbf410b3-380a-6802-0d00-000000003e00"},{"@Name":"ParentProcessId","#text":"792"},{"@Name":"ParentImage","#text":"C:\Windows\System32\svchost.exe"},{"@Name":"ParentCommandLine","#text":"C:\Windows\system32\svchost.exe -k DcomLaunch -p"},{"@Name":"ParentUser","#text":"NT AUTHORITY\SYSTEM"}]}}}
{"Event":{"System":{"Provider":{"@Name":"Microsoft-Windows-Sysmon","@Guid":"5770385f-c22a-43e0-bf4c-06f5698ffbd9"},"EventID":"1","Version":"5","Level":"4","Task":"1","Opcode":"0","Keywords":"10000","TimeCreated":{"@SystemTime":"2025-04-21 15:38:38.2244674"},"EventRecordID":"35927","Correlation":null,"Execution":{"@ProcessID":"3112","@ThreadID":"4188"},"Channel":"Microsoft-Windows-Sysmon/Operational","Computer":"Server002","Security":{"@UserID":"S-1-5-18"}},"EventData":{"Data":[{"@Name":"RuleName","#text":"-"},{"@Name":"UtcTime","#text":"2025-04-21 15:38:38.190"},{"@Name":"ProcessGuid","#text":"dbf410b3-667e-6806-960b-000000003e00"},{"@Name":"ProcessId","#text":"11160"},{"@Name":"Image","#text":"C:\Windows\System32\backgroundTaskHost.exe"},{"@Name":"FileVersion","#text":"10.0.19041.3636 (WinBuild.160101.0800)"},{"@Name":"Description","#text":"Background Task Host"},{"@Name":"Product","#text":"Microsoft® Windows® Operating System"},{"@Name":"Company","#text":"Microsoft Corporation"},{"@Name":"OriginalFileName","#text":"backgroundTaskHost.exe"},{"@Name":"CommandLine","#text":"\"C:\Windows\system32\BackgroundTaskHost.exe\" -ServerName:BackgroundTaskHost.WebAccountProvider"},{"@Name":"CurrentDirectory","#text":"C:\Windows\SystemApps\Microsoft.AAD.BrokerPlugin_cw5n1h2txyewy\"},{"@Name":"User","#text":"SERVER002\lplui"},{"@Name":"LogonGuid","#text":"dbf410b3-1bf3-6802-b583-030000000000"},{"@Name":"LogonId","#text":"0x383B5"},{"@Name":"TerminalSessionId","#text":"1"},{"@Name":"IntegrityLevel","#text":"AppContainer"},{"@Name":"Hashes","#text":"SHA256=7077CBF56490C86FC74C0CC6C0379AB679F06A066E71906AD23458F664836449"},{"@Name":"ParentProcessGuid","#text":"dbf410b3-380a-6802-0d00-000000003e00"},{"@Name":"ParentProcessId","#text":"792"},{"@Name":"ParentImage","#text":"C:\Windows\System32\svchost.exe"},{"@Name":"ParentCommandLine","#text":"C:\Windows\system32\svchost.exe -k DcomLaunch -p"},{"@Name":"ParentUser","#text":"NT AUTHORITY\SYSTEM"}]}}}
{"Event":{"System":{"Provider":{"@Name":"Microsoft-Windows-Sysmon","@Guid":"5770385f-c22a-43e0-bf4c-06f5698ffbd9"},"EventID":"5","Version":"3","Level":"4","Task":"5","Opcode":"0","Keywords":"10000","TimeCreated":{"@SystemTime":"2025-04-21 15:38:38.5440193"},"EventRecordID":"35928","Correlation":null,"Execution":{"@ProcessID":"3112","@ThreadID":"4188"},"Channel":"Microsoft-Windows-Sysmon/Operational","Computer":"Server002","Security":{"@UserID":"S-1-5-18"}},"EventData":{"Data":[{"@Name":"RuleName","#text":"-"},{"@Name":"UtcTime","#text":"2025-04-21 15:38:38.540"},{"@Name":"ProcessGuid","#text":"dbf410b3-667e-6806-960b-000000003e00"},{"@Name":"ProcessId","#text":"11160"},{"@Name":"Image","#text":"C:\Windows\System32\backgroundTaskHost.exe"},{"@Name":"User","#text":"SERVER002\lplui"}]}}}
{"Event":{"System":{"Provider":{"@Name":"Microsoft-Windows-Sysmon","@Guid":"5770385f-c22a-43e0-bf4c-06f5698ffbd9"},"EventID":"1","Version":"5","Level":"4","Task":"1","Opcode":"0","Keywords":"10000","TimeCreated":{"@SystemTime":"2025-04-21 15:38:38.8305893"},"EventRecordID":"35929","Correlation":null,"Execution":{"@ProcessID":"3112","@ThreadID":"4188"},"Channel":"Microsoft-Windows-Sysmon/Operational","Computer":"Server002","Security":{"@UserID":"S-1-5-18"}},"EventData":{"Data":[{"@Name":"RuleName","#text":"-"},{"@Name":"UtcTime","#text":"2025-04-21 15:38:38.821"},{"@Name":"ProcessGuid","#text":"dbf410b3-667e-6806-970b-000000003e00"},{"@Name":"ProcessId","#text":"7972"},{"@Name":"Image","#text":"C:\Windows\System32\smartscreen.exe"},{"@Name":"FileVersion","#text":"10.0.19041.5607 (WinBuild.160101.0800)"},{"@Name":"Description","#text":"Windows Defender SmartScreen"},{"@Name":"Product","#text":"Microsoft® Windows® Operating System"},{"@Name":"Company","#text":"Microsoft Corporation"},{"@Name":"OriginalFileName","#text":"smartscreen.exe"},{"@Name":"CommandLine","#text":"C:\Windows\System32\smartscreen.exe -Embedding"},{"@Name":"CurrentDirectory","#text":"C:\Windows\system32\"},{"@Name":"User","#text":"SERVER002\lplui"},{"@Name":"LogonGuid","#text":"dbf410b3-1bf3-6802-b583-030000000000"},{"@Name":"LogonId","#text":"0x383B5"},{"@Name":"TerminalSessionId","#text":"1"},{"@Name":"IntegrityLevel","#text":"Medium"},{"@Name":"Hashes","#text":"SHA256=5D4071EC8BA1DDA6AE481A69A5B2785FF6F240DA39295788ADD9CC6AD210EBE8"},{"@Name":"ParentProcessGuid","#text":"dbf410b3-380a-6802-0d00-000000003e00"},{"@Name":"ParentProcessId","#text":"792"},{"@Name":"ParentImage","#text":"C:\Windows\System32\svchost.exe"},{"@Name":"ParentCommandLine","#text":"C:\Windows\system32\svchost.exe -k DcomLaunch -p"},{"@Name":"ParentUser","#text":"NT AUTHORITY\SYSTEM"}]}}}
{"Event":{"System":{"Provider":{"@Name":"Microsoft-Windows-Sysmon","@Guid":"5770385f-c22a-43e0-bf4c-06f5698ffbd9"},"EventID":"1","Version":"5","Level":"4","Task":"1","Opcode":"0","Keywords":"10000","TimeCreated":{"@SystemTime":"2025-04-21 15:38:39.0445960"},"EventRecordID":"35930","Correlation":null,"Execution":{"@ProcessID":"3112","@ThreadID":"4188"},"Channel":"Microsoft-Windows-Sysmon/Operational","Computer":"Server002","Security":{"@UserID":"S-1-5-18"}},"EventData":{"Data":[{"@Name":"RuleName","#text":"-"},{"@Name":"UtcTime","#text":"2025-04-21 15:38:39.028"},{"@Name":"ProcessGuid","#text":"dbf410b3-667f-6806-980b-000000003e00"},{"@Name":"ProcessId","#text":"9740"},{"@Name":"Image","#text":"C:\Windows\System32\mmc.exe"},{"@Name":"FileVersion","#text":"10.0.19041.5737 (WinBuild.160101.0800)"},{"@Name":"Description","#text":"Microsoft Management Console"},{"@Name":"Product","#text":"Microsoft® Windows® Operating System"},{"@Name":"Company","#text":"Microsoft Corporation"},{"@Name":"OriginalFileName","#text":"mmc.exe"},{"@Name":"CommandLine","#text":"\"C:\Windows\system32\mmc.exe\" \"C:\Windows\system32\eventvwr.msc\" /s"},{"@Name":"CurrentDirectory","#text":"C:\Windows\system32\"},{"@Name":"User","#text":"SERVER002\lplui"},{"@Name":"LogonGuid","#text":"dbf410b3-1bf3-6802-b583-030000000000"},{"@Name":"LogonId","#text":"0x383B5"},{"@Name":"TerminalSessionId","#text":"1"},{"@Name":"IntegrityLevel","#text":"Medium"},{"@Name":"Hashes","#text":"SHA256=86DE54017DBADA7F64E311317E1AB2833C44453E9D89F151BB0D196FD7382CB0"},{"@Name":"ParentProcessGuid","#text":"dbf410b3-1c00-6802-8500-000000003e00"},{"@Name":"ParentProcessId","#text":"4876"},{"@Name":"ParentImage","#text":"C:\Windows\explorer.exe"},{"@Name":"ParentCommandLine","#text":"C:\Windows\Explorer.EXE"},{"@Name":"ParentUser","#text":"SERVER002\lplui"}]}}}
{"Event":{"System":{"Provider":{"@Name":"Microsoft-Windows-Sysmon","@Guid":"5770385f-c22a-43e0-bf4c-06f5698ffbd9"},"EventID":"5","Version":"3","Level":"4","Task":"5","Opcode":"0","Keywords":"10000","TimeCreated":{"@SystemTime":"2025-04-21 15:38:39.1398136"},"EventRecordID":"35931","Correlation":null,"Execution":{"@ProcessID":"3112","@ThreadID":"4188"},"Channel":"Microsoft-Windows-Sysmon/Operational","Computer":"Server002","Security":{"@UserID":"S-1-5-18"}},"EventData":{"Data":[{"@Name":"RuleName","#text":"-"},{"@Name":"UtcTime","#text":"2025-04-21 15:38:39.139"},{"@Name":"ProcessGuid","#text":"dbf410b3-667f-6806-980b-000000003e00"},{"@Name":"ProcessId","#text":"9740"},{"@Name":"Image","#text":"C:\Windows\System32\mmc.exe"},{"@Name":"User","#text":"SERVER002\lplui"}]}}}
{"Event":{"System":{"Provider":{"@Name":"Microsoft-Windows-Sysmon","@Guid":"5770385f-c22a-43e0-bf4c-06f5698ffbd9"},"EventID":"1","Version":"5","Level":"4","Task":"1","Opcode":"0","Keywords":"10000","TimeCreated":{"@SystemTime":"2025-04-21 15:38:39.3593876"},"EventRecordID":"35932","Correlation":null,"Execution":{"@ProcessID":"3112","@ThreadID":"4188"},"Channel":"Microsoft-Windows-Sysmon/Operational","Computer":"Server002","Security":{"@UserID":"S-1-5-18"}},"EventData":{"Data":[{"@Name":"RuleName","#text":"-"},{"@Name":"UtcTime","#text":"2025-04-21 15:38:39.347"},{"@Name":"ProcessGuid","#text":"dbf410b3-667f-6806-990b-000000003e00"},{"@Name":"ProcessId","#text":"12776"},{"@Name":"Image","#text":"C:\Windows\System32\consent.exe"},{"@Name":"FileVersion","#text":"10.0.19041.4355 (WinBuild.160101.0800)"},{"@Name":"Description","#text":"Consent UI for administrative applications"},{"@Name":"Product","#text":"Microsoft® Windows® Operating System"},{"@Name":"Company","#text":"Microsoft Corporation"},{"@Name":"OriginalFileName","#text":"consent.exe"},{"@Name":"CommandLine","#text":"consent.exe 5860 426 00000299542E1E20"},{"@Name":"CurrentDirectory","#text":"C:\Windows\system32\"},{"@Name":"User","#text":"NT AUTHORITY\SYSTEM"},{"@Name":"LogonGuid","#text":"dbf410b3-3809-6802-e703-000000000000"},{"@Name":"LogonId","#text":"0x3E7"},{"@Name":"TerminalSessionId","#text":"1"},{"@Name":"IntegrityLevel","#text":"System"},{"@Name":"Hashes","#text":"SHA256=26DE462FC57F7F99CB5105AB6278594B6390F4EC8DAF3CF400DB46EA60538312"},{"@Name":"ParentProcessGuid","#text":"dbf410b3-1bfd-6802-7900-000000003e00"},{"@Name":"ParentProcessId","#text":"5860"},{"@Name":"ParentImage","#text":"C:\Windows\System32\svchost.exe"},{"@Name":"ParentCommandLine","#text":"C:\Windows\system32\svchost.exe -k netsvcs -p -s Appinfo"},{"@Name":"ParentUser","#text":"NT AUTHORITY\SYSTEM"}]}}}
{"Event":{"System":{"Provider":{"@Name":"Microsoft-Windows-Sysmon","@Guid":"5770385f-c22a-43e0-bf4c-06f5698ffbd9"},"EventID":"5","Version":"3","Level":"4","Task":"5","Opcode":"0","Keywords":"10000","TimeCreated":{"@SystemTime":"2025-04-21 15:38:39.6101255"},"EventRecordID":"35933","Correlation":null,"Execution":{"@ProcessID":"3112","@ThreadID":"4188"},"Channel":"Microsoft-Windows-Sysmon/Operational","Computer":"Server002","Security":{"@UserID":"S-1-5-18"}},"EventData":{"Data":[{"@Name":"RuleName","#text":"-"},{"@Name":"UtcTime","#text":"2025-04-21 15:38:39.608"},{"@Name":"ProcessGuid","#text":"dbf410b3-667f-6806-990b-000000003e00"},{"@Name":"ProcessId","#text":"12776"},{"@Name":"Image","#text":"C:\Windows\System32\consent.exe"},{"@Name":"User","#text":"NT AUTHORITY\SYSTEM"}]}}}
{"Event":{"System":{"Provider":{"@Name":"Microsoft-Windows-Sysmon","@Guid":"5770385f-c22a-43e0-bf4c-06f5698ffbd9"},"EventID":"1","Version":"5","Level":"4","Task":"1","Opcode":"0","Keywords":"10000","TimeCreated":{"@SystemTime":"2025-04-21 15:38:39.6329484"},"EventRecordID":"35934","Correlation":null,"Execution":{"@ProcessID":"3112","@ThreadID":"4188"},"Channel":"Microsoft-Windows-Sysmon/Operational","Computer":"Server002","Security":{"@UserID":"S-1-5-18"}},"EventData":{"Data":[{"@Name":"RuleName","#text":"-"},{"@Name":"UtcTime","#text":"2025-04-21 15:38:39.623"},{"@Name":"ProcessGuid","#text":"dbf410b3-667f-6806-9a0b-000000003e00"},{"@Name":"ProcessId","#text":"7768"},{"@Name":"Image","#text":"C:\Windows\System32\mmc.exe"},{"@Name":"FileVersion","#text":"10.0.19041.5737 (WinBuild.160101.0800)"},{"@Name":"Description","#text":"Microsoft Management Console"},{"@Name":"Product","#text":"Microsoft® Windows® Operating System"},{"@Name":"Company","#text":"Microsoft Corporation"},{"@Name":"OriginalFileName","#text":"mmc.exe"},{"@Name":"CommandLine","#text":"\"C:\Windows\system32\mmc.exe\" \"C:\Windows\system32\eventvwr.msc\" /s"},{"@Name":"CurrentDirectory","#text":"C:\Windows\system32\"},{"@Name":"User","#text":"SERVER002\lplui"},{"@Name":"LogonGuid","#text":"dbf410b3-1bf3-6802-9c77-030000000000"},{"@Name":"LogonId","#text":"0x3779C"},{"@Name":"TerminalSessionId","#text":"1"},{"@Name":"IntegrityLevel","#text":"High"},{"@Name":"Hashes","#text":"SHA256=86DE54017DBADA7F64E311317E1AB2833C44453E9D89F151BB0D196FD7382CB0"},{"@Name":"ParentProcessGuid","#text":"dbf410b3-1c00-6802-8500-000000003e00"},{"@Name":"ParentProcessId","#text":"4876"},{"@Name":"ParentImage","#text":"C:\Windows\explorer.exe"},{"@Name":"ParentCommandLine","#text":"C:\Windows\Explorer.EXE"},{"@Name":"ParentUser","#text":"SERVER002\lplui"}]}}}
{"Event":{"System":{"Provider":{"@Name":"Microsoft-Windows-Sysmon","@Guid":"5770385f-c22a-43e0-bf4c-06f5698ffbd9"},"EventID":"5","Version":"3","Level":"4","Task":"5","Opcode":"0","Keywords":"10000","TimeCreated":{"@SystemTime":"2025-04-21 15:38:42.6838312"},"EventRecordID":"35935","Correlation":null,"Execution":{"@ProcessID":"3112","@ThreadID":"4188"},"Channel":"Microsoft-Windows-Sysmon/Operational","Computer":"Server002","Security":{"@UserID":"S-1-5-18"}},"EventData":{"Data":[{"@Name":"RuleName","#text":"-"},{"@Name":"UtcTime","#text":"2025-04-21 15:38:42.670"},{"@Name":"ProcessGuid","#text":"dbf410b3-667d-6806-950b-000000003e00"},{"@Name":"ProcessId","#text":"7484"},{"@Name":"Image","#text":"C:\Windows\System32\dllhost.exe"},{"@Name":"User","#text":"SERVER002\lplui"}]}}}
{"Event":{"System":{"Provider":{"@Name":"Microsoft-Windows-Sysmon","@Guid":"5770385f-c22a-43e0-bf4c-06f5698ffbd9"},"EventID":"1","Version":"5","Level":"4","Task":"1","Opcode":"0","Keywords":"10000","TimeCreated":{"@SystemTime":"2025-04-21 15:38:42.7337396"},"EventRecordID":"35936","Correlation":null,"Execution":{"@ProcessID":"3112","@ThreadID":"4188"},"Channel":"Microsoft-Windows-Sysmon/Operational","Computer":"Server002","Security":{"@UserID":"S-1-5-18"}},"EventData":{"Data":[{"@Name":"RuleName","#text":"-"},{"@Name":"UtcTime","#text":"2025-04-21 15:38:42.711"},{"@Name":"ProcessGuid","#text":"dbf410b3-6682-6806-9b0b-000000003e00"},{"@Name":"ProcessId","#text":"13376"},{"@Name":"Image","#text":"C:\Windows\System32\RuntimeBroker.exe"},{"@Name":"FileVersion","#text":"10.0.19041.4355 (WinBuild.160101.0800)"},{"@Name":"Description","#text":"Runtime Broker"},{"@Name":"Product","#text":"Microsoft® Windows® Operating System"},{"@Name":"Company","#text":"Microsoft Corporation"},{"@Name":"OriginalFileName","#text":"RuntimeBroker.exe"},{"@Name":"CommandLine","#text":"C:\Windows\System32\RuntimeBroker.exe -Embedding"},{"@Name":"CurrentDirectory","#text":"C:\Windows\system32\"},{"@Name":"User","#text":"SERVER002\lplui"},{"@Name":"LogonGuid","#text":"dbf410b3-1bf3-6802-b583-030000000000"},{"@Name":"LogonId","#text":"0x383B5"},{"@Name":"TerminalSessionId","#text":"1"},{"@Name":"IntegrityLevel","#text":"Medium"},{"@Name":"Hashes","#text":"SHA256=579DFCED8F02A7E1E6E8DF10C400117D3127EAD7231776A1E467EB507261E920"},{"@Name":"ParentProcessGuid","#text":"dbf410b3-380a-6802-0d00-000000003e00"},{"@Name":"ParentProcessId","#text":"792"},{"@Name":"ParentImage","#text":"C:\Windows\System32\svchost.exe"},{"@Name":"ParentCommandLine","#text":"C:\Windows\system32\svchost.exe -k DcomLaunch -p"},{"@Name":"ParentUser","#text":"NT AUTHORITY\SYSTEM"}]}}}
{"Event":{"System":{"Provider":{"@Name":"Microsoft-Windows-Sysmon","@Guid":"5770385f-c22a-43e0-bf4c-06f5698ffbd9"},"EventID":"1","Version":"5","Level":"4","Task":"1","Opcode":"0","Keywords":"10000","TimeCreated":{"@SystemTime":"2025-04-21 15:38:43.7143784"},"EventRecordID":"35937","Correlation":null,"Execution":{"@ProcessID":"3112","@ThreadID":"4188"},"Channel":"Microsoft-Windows-Sysmon/Operational","Computer":"Server002","Security":{"@UserID":"S-1-5-18"}},"EventData":{"Data":[{"@Name":"RuleName","#text":"-"},{"@Name":"UtcTime","#text":"2025-04-21 15:38:43.704"},{"@Name":"ProcessGuid","#text":"dbf410b3-6683-6806-9c0b-000000003e00"},{"@Name":"ProcessId","#text":"7884"},{"@Name":"Image","#text":"C:\Windows\System32\RuntimeBroker.exe"},{"@Name":"FileVersion","#text":"10.0.19041.4355 (WinBuild.160101.0800)"},{"@Name":"Description","#text":"Runtime Broker"},{"@Name":"Product","#text":"Microsoft® Windows® Operating System"},{"@Name":"Company","#text":"Microsoft Corporation"},{"@Name":"OriginalFileName","#text":"RuntimeBroker.exe"},{"@Name":"CommandLine","#text":"C:\Windows\System32\RuntimeBroker.exe -Embedding"},{"@Name":"CurrentDirectory","#text":"C:\Windows\system32\"},{"@Name":"User","#text":"SERVER002\lplui"},{"@Name":"LogonGuid","#text":"dbf410b3-1bf3-6802-b583-030000000000"},{"@Name":"LogonId","#text":"0x383B5"},{"@Name":"TerminalSessionId","#text":"1"},{"@Name":"IntegrityLevel","#text":"Medium"},{"@Name":"Hashes","#text":"SHA256=579DFCED8F02A7E1E6E8DF10C400117D3127EAD7231776A1E467EB507261E920"},{"@Name":"ParentProcessGuid","#text":"dbf410b3-380a-6802-0d00-000000003e00"},{"@Name":"ParentProcessId","#text":"792"},{"@Name":"ParentImage","#text":"C:\Windows\System32\svchost.exe"},{"@Name":"ParentCommandLine","#text":"C:\Windows\system32\svchost.exe -k DcomLaunch -p"},{"@Name":"ParentUser","#text":"NT AUTHORITY\SYSTEM"}]}}}
{"Event":{"System":{"Provider":{"@Name":"Microsoft-Windows-Sysmon","@Guid":"5770385f-c22a-43e0-bf4c-06f5698ffbd9"},"EventID":"1","Version":"5","Level":"4","Task":"1","Opcode":"0","Keywords":"10000","TimeCreated":{"@SystemTime":"2025-04-21 15:38:49.8094896"},"EventRecordID":"35938","Correlation":null,"Execution":{"@ProcessID":"3112","@ThreadID":"4188"},"Channel":"Microsoft-Windows-Sysmon/Operational","Computer":"Server002","Security":{"@UserID":"S-1-5-18"}},"EventData":{"Data":[{"@Name":"RuleName","#text":"-"},{"@Name":"UtcTime","#text":"2025-04-21 15:38:49.656"},{"@Name":"ProcessGuid","#text":"dbf410b3-6689-6806-9d0b-000000003e00"},{"@Name":"ProcessId","#text":"10848"},{"@Name":"Image","#text":"C:\Windows\System32\backgroundTaskHost.exe"},{"@Name":"FileVersion","#text":"10.0.19041.3636 (WinBuild.160101.0800)"},{"@Name":"Description","#text":"Background Task Host"},{"@Name":"Product","#text":"Microsoft® Windows® Operating System"},{"@Name":"Company","#text":"Microsoft Corporation"},{"@Name":"OriginalFileName","#text":"backgroundTaskHost.exe"},{"@Name":"CommandLine","#text":"\"C:\Windows\system32\BackgroundTaskHost.exe\" -ServerName:BackgroundTaskHost.WebAccountProvider"},{"@Name":"CurrentDirectory","#text":"C:\Windows\SystemApps\Microsoft.AAD.BrokerPlugin_cw5n1h2txyewy\"},{"@Name":"User","#text":"SERVER002\lplui"},{"@Name":"LogonGuid","#text":"dbf410b3-1bf3-6802-b583-030000000000"},{"@Name":"LogonId","#text":"0x383B5"},{"@Name":"TerminalSessionId","#text":"1"},{"@Name":"IntegrityLevel","#text":"AppContainer"},{"@Name":"Hashes","#text":"SHA256=7077CBF56490C86FC74C0CC6C0379AB679F06A066E71906AD23458F664836449"},{"@Name":"ParentProcessGuid","#text":"dbf410b3-380a-6802-0d00-000000003e00"},{"@Name":"ParentProcessId","#text":"792"},{"@Name":"ParentImage","#text":"C:\Windows\System32\svchost.exe"},{"@Name":"ParentCommandLine","#text":"C:\Windows\system32\svchost.exe -k DcomLaunch -p"},{"@Name":"ParentUser","#text":"NT AUTHORITY\SYSTEM"}]}}}
{"Event":{"System":{"Provider":{"@Name":"Microsoft-Windows-Sysmon","@Guid":"5770385f-c22a-43e0-bf4c-06f5698ffbd9"},"EventID":"5","Version":"3","Level":"4","Task":"5","Opcode":"0","Keywords":"10000","TimeCreated":{"@SystemTime":"2025-04-21 15:38:50.4192669"},"EventRecordID":"35939","Correlation":null,"Execution":{"@ProcessID":"3112","@ThreadID":"4188"},"Channel":"Microsoft-Windows-Sysmon/Operational","Computer":"Server002","Security":{"@UserID":"S-1-5-18"}},"EventData":{"Data":[{"@Name":"RuleName","#text":"-"},{"@Name":"UtcTime","#text":"2025-04-21 15:38:50.416"},{"@Name":"ProcessGuid","#text":"dbf410b3-6689-6806-9d0b-000000003e00"},{"@Name":"ProcessId","#text":"10848"},{"@Name":"Image","#text":"C:\Windows\System32\backgroundTaskHost.exe"},{"@Name":"User","#text":"SERVER002\lplui"}]}}}
