{"Event":{"System":{"Provider":{"@Name":"Microsoft-Windows-WindowsUpdateClient","@Guid":"945a8954-c147-4acd-923f-40c45405a658"},"EventID":"44","Version":"1","Level":"4","Task":"1","Opcode":"12","Keywords":"12004","TimeCreated":{"@SystemTime":"2025-04-16 16:28:43.7482997"},"EventRecordID":"3737","Correlation":null,"Execution":{"@ProcessID":"4400","@ThreadID":"5264"},"Channel":"System","Computer":"Server002","Security":{"@UserID":"S-1-5-18"}},"EventData":{"Data":[{"@Name":"updateTitle","#text":"9NSTH9KHZDLQ-Microsoft.UI.Xaml.2.8"},{"@Name":"updateGuid","#text":"6b5369f2-d415-4daf-a500-1b864dc84dec"},{"@Name":"updateRevisionNumber","#text":"1"}]}}}
{"Event":{"System":{"Provider":{"@Name":"Microsoft-Windows-WindowsUpdateClient","@Guid":"945a8954-c147-4acd-923f-40c45405a658"},"EventID":"44","Version":"1","Level":"4","Task":"1","Opcode":"12","Keywords":"12004","TimeCreated":{"@SystemTime":"2025-04-16 16:28:57.4120472"},"EventRecordID":"3738","Correlation":null,"Execution":{"@ProcessID":"4400","@ThreadID":"5264"},"Channel":"System","Computer":"Server002","Security":{"@UserID":"S-1-5-18"}},"EventData":{"Data":[{"@Name":"updateTitle","#text":"9NBLGGH4NNS1-Microsoft.DesktopAppInstaller"},{"@Name":"updateGuid","#text":"1798e345-bde9-4b9f-8cdf-2d167ed7a74b"},{"@Name":"updateRevisionNumber","#text":"1"}]}}}
{"Event":{"System":{"Provider":{"@Name":"Microsoft-Windows-WindowsUpdateClient","@Guid":"945a8954-c147-4acd-923f-40c45405a658"},"EventID":"44","Version":"1","Level":"4","Task":"1","Opcode":"12","Keywords":"12004","TimeCreated":{"@SystemTime":"2025-04-16 16:28:57.4120493"},"EventRecordID":"3739","Correlation":null,"Execution":{"@ProcessID":"4400","@ThreadID":"5264"},"Channel":"System","Computer":"Server002","Security":{"@UserID":"S-1-5-18"}},"EventData":{"Data":[{"@Name":"updateTitle","#text":"9NSTH9KHZDLQ-Microsoft.UI.Xaml.2.8"},{"@Name":"updateGuid","#text":"6b5369f2-d415-4daf-a500-1b864dc84dec"},{"@Name":"updateRevisionNumber","#text":"1"}]}}}
{"Event":{"System":{"Provider":{"@Name":"Microsoft-Windows-WindowsUpdateClient","@Guid":"945a8954-c147-4acd-923f-40c45405a658"},"EventID":"44","Version":"1","Level":"4","Task":"1","Opcode":"12","Keywords":"12004","TimeCreated":{"@SystemTime":"2025-04-16 16:28:57.4120512"},"EventRecordID":"3740","Correlation":null,"Execution":{"@ProcessID":"4400","@ThreadID":"5264"},"Channel":"System","Computer":"Server002","Security":{"@UserID":"S-1-5-18"}},"EventData":{"Data":[{"@Name":"updateTitle","#text":"9WZDNCRFJBMP-MICROSOFT.WINDOWSSTORE"},{"@Name":"updateGuid","#text":"469a0852-ebbf-4af7-8bfd-8a3d42f8c81b"},{"@Name":"updateRevisionNumber","#text":"1"}]}}}
{"Event":{"System":{"Provider":{"@Name":"Microsoft-Windows-WindowsUpdateClient","@Guid":"945a8954-c147-4acd-923f-40c45405a658"},"EventID":"44","Version":"1","Level":"4","Task":"1","Opcode":"12","Keywords":"12004","TimeCreated":{"@SystemTime":"2025-04-16 16:28:57.4310488"},"EventRecordID":"3741","Correlation":null,"Execution":{"@ProcessID":"4400","@ThreadID":"5264"},"Channel":"System","Computer":"Server002","Security":{"@UserID":"S-1-5-18"}},"EventData":{"Data":[{"@Name":"updateTitle","#text":"9NZKPSTSNW4P-Microsoft.XboxGamingOverlay"},{"@Name":"updateGuid","#text":"fcc80ca9-c34a-4950-a0d7-841d6bae40ef"},{"@Name":"updateRevisionNumber","#text":"1"}]}}}
{"Event":{"System":{"Provider":{"@Name":"Microsoft-Windows-Kernel-General","@Guid":"a68ca8b7-004f-d7b6-a698-07e2de0f1f5d"},"EventID":"16","Version":"0","Level":"4","Task":"0","Opcode":"0","Keywords":"100","TimeCreated":{"@SystemTime":"2025-04-16 16:29:14.2872980"},"EventRecordID":"3742","Correlation":null,"Execution":{"@ProcessID":"704","@ThreadID":"6796"},"Channel":"System","Computer":"Server002","Security":{"@UserID":"S-1-5-18"}},"EventData":{"Data":[{"@Name":"HiveNameLength","#text":"139"},{"@Name":"HiveName","#text":"\??\C:\ProgramData\Microsoft\Windows\AppRepository\Packages\Microsoft.XboxGamingOverlay_7.225.3271.0_x64__8wekyb3d8bbwe\ActivationStore.dat"},{"@Name":"KeysUpdated","#text":"0"},{"@Name":"DirtyPages","#text":"0"}]}}}
{"Event":{"System":{"Provider":{"@Name":"Microsoft-Windows-WindowsUpdateClient","@Guid":"945a8954-c147-4acd-923f-40c45405a658"},"EventID":"43","Version":"1","Level":"4","Task":"1","Opcode":"13","Keywords":"12008","TimeCreated":{"@SystemTime":"2025-04-16 16:29:18.8430932"},"EventRecordID":"3743","Correlation":null,"Execution":{"@ProcessID":"4400","@ThreadID":"10716"},"Channel":"System","Computer":"Server002","Security":{"@UserID":"S-1-5-18"}},"EventData":{"Data":[{"@Name":"updateTitle","#text":"9NSTH9KHZDLQ-Microsoft.UI.Xaml.2.8"},{"@Name":"updateGuid","#text":"6b5369f2-d415-4daf-a500-1b864dc84dec"},{"@Name":"updateRevisionNumber","#text":"1"}]}}}
{"Event":{"System":{"Provider":{"@Name":"Microsoft-Windows-WindowsUpdateClient","@Guid":"945a8954-c147-4acd-923f-40c45405a658"},"EventID":"19","Version":"1","Level":"4","Task":"1","Opcode":"13","Keywords":"118","TimeCreated":{"@SystemTime":"2025-04-16 16:29:22.5599669"},"EventRecordID":"3744","Correlation":{"@ActivityID":"9d8150b0-aef4-0001-055d-869df4aedb01"},"Execution":{"@ProcessID":"4400","@ThreadID":"10716"},"Channel":"System","Computer":"Server002","Security":{"@UserID":"S-1-5-18"}},"EventData":{"Data":[{"@Name":"updateTitle","#text":"9NSTH9KHZDLQ-Microsoft.UI.Xaml.2.8"},{"@Name":"updateGuid","#text":"6b5369f2-d415-4daf-a500-1b864dc84dec"},{"@Name":"updateRevisionNumber","#text":"1"},{"@Name":"serviceGuid","#text":"855e8a7c-ecb4-4ca3-b045-1dfa50104289"}]}}}
{"Event":{"System":{"Provider":{"@Name":"Microsoft-Windows-WindowsUpdateClient","@Guid":"945a8954-c147-4acd-923f-40c45405a658"},"EventID":"43","Version":"1","Level":"4","Task":"1","Opcode":"13","Keywords":"12008","TimeCreated":{"@SystemTime":"2025-04-16 16:29:22.6002404"},"EventRecordID":"3745","Correlation":{"@ActivityID":"9d8150b0-aef4-0001-055d-869df4aedb01"},"Execution":{"@ProcessID":"4400","@ThreadID":"10716"},"Channel":"System","Computer":"Server002","Security":{"@UserID":"S-1-5-18"}},"EventData":{"Data":[{"@Name":"updateTitle","#text":"9NZKPSTSNW4P-Microsoft.XboxGamingOverlay"},{"@Name":"updateGuid","#text":"fcc80ca9-c34a-4950-a0d7-841d6bae40ef"},{"@Name":"updateRevisionNumber","#text":"1"}]}}}
{"Event":{"System":{"Provider":{"@Name":"Microsoft-Windows-Kernel-General","@Guid":"a68ca8b7-004f-d7b6-a698-07e2de0f1f5d"},"EventID":"16","Version":"0","Level":"4","Task":"0","Opcode":"0","Keywords":"100","TimeCreated":{"@SystemTime":"2025-04-16 16:29:25.9542311"},"EventRecordID":"3746","Correlation":null,"Execution":{"@ProcessID":"704","@ThreadID":"6776"},"Channel":"System","Computer":"Server002","Security":{"@UserID":"S-1-5-18"}},"EventData":{"Data":[{"@Name":"HiveNameLength","#text":"137"},{"@Name":"HiveName","#text":"\??\C:\ProgramData\Microsoft\Windows\AppRepository\Packages\Microsoft.WindowsStore_22502.1401.11.0_x64__8wekyb3d8bbwe\ActivationStore.dat"},{"@Name":"KeysUpdated","#text":"0"},{"@Name":"DirtyPages","#text":"0"}]}}}
{"Event":{"System":{"Provider":{"@Name":"Microsoft-Windows-WindowsUpdateClient","@Guid":"945a8954-c147-4acd-923f-40c45405a658"},"EventID":"19","Version":"1","Level":"4","Task":"1","Opcode":"13","Keywords":"118","TimeCreated":{"@SystemTime":"2025-04-16 16:29:29.8358002"},"EventRecordID":"3747","Correlation":{"@ActivityID":"9d8150b0-aef4-0001-155d-869df4aedb01"},"Execution":{"@ProcessID":"4400","@ThreadID":"10716"},"Channel":"System","Computer":"Server002","Security":{"@UserID":"S-1-5-18"}},"EventData":{"Data":[{"@Name":"updateTitle","#text":"9NZKPSTSNW4P-Microsoft.XboxGamingOverlay"},{"@Name":"updateGuid","#text":"fcc80ca9-c34a-4950-a0d7-841d6bae40ef"},{"@Name":"updateRevisionNumber","#text":"1"},{"@Name":"serviceGuid","#text":"855e8a7c-ecb4-4ca3-b045-1dfa50104289"}]}}}
{"Event":{"System":{"Provider":{"@Name":"Microsoft-Windows-WindowsUpdateClient","@Guid":"945a8954-c147-4acd-923f-40c45405a658"},"EventID":"44","Version":"1","Level":"4","Task":"1","Opcode":"12","Keywords":"12004","TimeCreated":{"@SystemTime":"2025-04-16 16:29:31.4415291"},"EventRecordID":"3748","Correlation":null,"Execution":{"@ProcessID":"4400","@ThreadID":"5796"},"Channel":"System","Computer":"Server002","Security":{"@UserID":"S-1-5-18"}},"EventData":{"Data":[{"@Name":"updateTitle","#text":"9NBLGGH4NNS1-Microsoft.DesktopAppInstaller"},{"@Name":"updateGuid","#text":"1798e345-bde9-4b9f-8cdf-2d167ed7a74b"},{"@Name":"updateRevisionNumber","#text":"1"}]}}}
{"Event":{"System":{"Provider":{"@Name":"Microsoft-Windows-WindowsUpdateClient","@Guid":"945a8954-c147-4acd-923f-40c45405a658"},"EventID":"44","Version":"1","Level":"4","Task":"1","Opcode":"12","Keywords":"12004","TimeCreated":{"@SystemTime":"2025-04-16 16:29:31.4415303"},"EventRecordID":"3749","Correlation":null,"Execution":{"@ProcessID":"4400","@ThreadID":"5796"},"Channel":"System","Computer":"Server002","Security":{"@UserID":"S-1-5-18"}},"EventData":{"Data":[{"@Name":"updateTitle","#text":"9NBLGGH4RV3K-Microsoft.VCLibs.140.00.UWPDesktop"},{"@Name":"updateGuid","#text":"fcdd3b59-f41c-4595-b36b-245bacb749e8"},{"@Name":"updateRevisionNumber","#text":"1"}]}}}
{"Event":{"System":{"Provider":{"@Name":"Microsoft-Windows-WindowsUpdateClient","@Guid":"945a8954-c147-4acd-923f-40c45405a658"},"EventID":"43","Version":"1","Level":"4","Task":"1","Opcode":"13","Keywords":"12008","TimeCreated":{"@SystemTime":"2025-04-16 16:29:31.4415312"},"EventRecordID":"3750","Correlation":null,"Execution":{"@ProcessID":"4400","@ThreadID":"5796"},"Channel":"System","Computer":"Server002","Security":{"@UserID":"S-1-5-18"}},"EventData":{"Data":[{"@Name":"updateTitle","#text":"9WZDNCRFJBMP-MICROSOFT.WINDOWSSTORE"},{"@Name":"updateGuid","#text":"469a0852-ebbf-4af7-8bfd-8a3d42f8c81b"},{"@Name":"updateRevisionNumber","#text":"1"}]}}}
