{"Event":{"System":{"Provider":{"@Name":"Microsoft-Windows-Sysmon","@Guid":"5770385f-c22a-43e0-bf4c-06f5698ffbd9"},"EventID":"5","Version":"3","Level":"4","Task":"5","Opcode":"0","Keywords":"100","TimeCreated":{"@SystemTime":"2025-05-02 14:43:01.9905735"},"EventRecordID":"60963","Correlation":null,"Execution":{"@ProcessID":"2488","@ThreadID":"4156"},"Channel":"Microsoft-Windows-Sysmon/Operational","Computer":"Server002","Security":{"@UserID":"S-1-5-18"}},"EventData":{"Data":[{"@Name":"RuleName","#text":"-"},{"@Name":"UtcTime","#text":"2025-05-02 14:43:01.687"},{"@Name":"ProcessGuid","#text":"dbf410b3-d9e4-6814-5a02-000000004500"},{"@Name":"ProcessId","#text":"2204"},{"@Name":"Image","#text":"C:\Program Files\BraveSoftware\Brave-Browser\Application\brave.exe"},{"@Name":"User","#text":"SERVER002\lplui"}]}}}
{"Event":{"System":{"Provider":{"@Name":"Microsoft-Windows-Sysmon","@Guid":"5770385f-c22a-43e0-bf4c-06f5698ffbd9"},"EventID":"1","Version":"5","Level":"4","Task":"1","Opcode":"0","Keywords":"100","TimeCreated":{"@SystemTime":"2025-05-02 14:43:09.3558724"},"EventRecordID":"60964","Correlation":null,"Execution":{"@ProcessID":"2488","@ThreadID":"4156"},"Channel":"Microsoft-Windows-Sysmon/Operational","Computer":"Server002","Security":{"@UserID":"S-1-5-18"}},"EventData":{"Data":[{"@Name":"RuleName","#text":"-"},{"@Name":"UtcTime","#text":"2025-05-02 14:43:09.230"},{"@Name":"ProcessGuid","#text":"dbf410b3-d9fd-6814-5d02-000000004500"},{"@Name":"ProcessId","#text":"10328"},{"@Name":"Image","#text":"C:\Program Files\BraveSoftware\Brave-Browser\Application\brave.exe"},{"@Name":"FileVersion","#text":"136.1.78.94"},{"@Name":"Description","#text":"Brave Browser"},{"@Name":"Product","#text":"Brave Browser"},{"@Name":"Company","#text":"Brave Software, Inc."},{"@Name":"OriginalFileName","#text":"brave.exe"},{"@Name":"CommandLine","#text":"\"C:\Program Files\BraveSoftware\Brave-Browser\Application\brave.exe\" --type=utility --utility-sub-type=unzip.mojom.Unzipper --lang=en-GB --service-sandbox-type=service --field-trial-handle=2152,i,414383358165923903,7500814195527958954,262144 --variations-seed-version=main@c7badf07d553100a28da9722517041a2bb170f8e --mojo-platform-channel-handle=3300 /prefetch:8"},{"@Name":"CurrentDirectory","#text":"C:\Program Files\BraveSoftware\Brave-Browser\Application\136.1.78.94\"},{"@Name":"User","#text":"SERVER002\lplui"},{"@Name":"LogonGuid","#text":"dbf410b3-8789-6814-3797-030000000000"},{"@Name":"LogonId","#text":"0x39737"},{"@Name":"TerminalSessionId","#text":"1"},{"@Name":"IntegrityLevel","#text":"Low"},{"@Name":"Hashes","#text":"SHA256=D9D8ACF4DBC502F6B39E3EEB58F0862458D324606B187518AFADEAD80D87F936"},{"@Name":"ParentProcessGuid","#text":"dbf410b3-d99b-6814-2702-000000004500"},{"@Name":"ParentProcessId","#text":"5960"},{"@Name":"ParentImage","#text":"C:\Program Files\BraveSoftware\Brave-Browser\Application\brave.exe"},{"@Name":"ParentCommandLine","#text":"\"C:\Program Files\BraveSoftware\Brave-Browser\Application\brave.exe\" --disable-domain-reliability --enable-dom-distiller --enable-distillability-service --origin-trial-public-key=bYUKPJoPnCxeNvu72j4EmPuK7tr1PAC7SHh8ld9Mw3E=,fMS4mpO6buLQ/QMd+zJmxzty/VQ6B1EUZqoCU04zoRU= --lso-url=https://no-thanks.invalid --sync-url=https://sync-v2.brave.com/v2 --variations-server-url=https://variations.brave.com/seed --variations-insecure-server-url=https://variations.brave.com/seed --flag-switches-begin --flag-switches-end --component-updater=url-source=https://go-updater.brave.com/extensions"},{"@Name":"ParentUser","#text":"SERVER002\lplui"}]}}}
{"Event":{"System":{"Provider":{"@Name":"Microsoft-Windows-Sysmon","@Guid":"5770385f-c22a-43e0-bf4c-06f5698ffbd9"},"EventID":"1","Version":"5","Level":"4","Task":"1","Opcode":"0","Keywords":"100","TimeCreated":{"@SystemTime":"2025-05-02 14:43:14.0143097"},"EventRecordID":"60965","Correlation":null,"Execution":{"@ProcessID":"2488","@ThreadID":"4156"},"Channel":"Microsoft-Windows-Sysmon/Operational","Computer":"Server002","Security":{"@UserID":"S-1-5-18"}},"EventData":{"Data":[{"@Name":"RuleName","#text":"-"},{"@Name":"UtcTime","#text":"2025-05-02 14:43:13.898"},{"@Name":"ProcessGuid","#text":"dbf410b3-da01-6814-5e02-000000004500"},{"@Name":"ProcessId","#text":"10460"},{"@Name":"Image","#text":"C:\Windows\System32\dllhost.exe"},{"@Name":"FileVersion","#text":"10.0.19041.3636 (WinBuild.160101.0800)"},{"@Name":"Description","#text":"COM Surrogate"},{"@Name":"Product","#text":"Microsoft® Windows® Operating System"},{"@Name":"Company","#text":"Microsoft Corporation"},{"@Name":"OriginalFileName","#text":"dllhost.exe"},{"@Name":"CommandLine","#text":"C:\Windows\system32\DllHost.exe /Processid:{AB8902B4-09CA-4BB6-B78D-A8F59079A8D5}"},{"@Name":"CurrentDirectory","#text":"C:\Windows\system32\"},{"@Name":"User","#text":"SERVER002\lplui"},{"@Name":"LogonGuid","#text":"dbf410b3-8789-6814-3797-030000000000"},{"@Name":"LogonId","#text":"0x39737"},{"@Name":"TerminalSessionId","#text":"1"},{"@Name":"IntegrityLevel","#text":"Medium"},{"@Name":"Hashes","#text":"SHA256=0309834D40475CCD5A88C48F7FF5EC62E5C6798900357DD83665C3D0345124E0"},{"@Name":"ParentProcessGuid","#text":"dbf410b3-a39e-6814-0d00-000000004500"},{"@Name":"ParentProcessId","#text":"800"},{"@Name":"ParentImage","#text":"C:\Windows\System32\svchost.exe"},{"@Name":"ParentCommandLine","#text":"C:\Windows\system32\svchost.exe -k DcomLaunch -p"},{"@Name":"ParentUser","#text":"NT AUTHORITY\SYSTEM"}]}}}
{"Event":{"System":{"Provider":{"@Name":"Microsoft-Windows-Sysmon","@Guid":"5770385f-c22a-43e0-bf4c-06f5698ffbd9"},"EventID":"1","Version":"5","Level":"4","Task":"1","Opcode":"0","Keywords":"100","TimeCreated":{"@SystemTime":"2025-05-02 14:43:16.8579778"},"EventRecordID":"60966","Correlation":null,"Execution":{"@ProcessID":"2488","@ThreadID":"4156"},"Channel":"Microsoft-Windows-Sysmon/Operational","Computer":"Server002","Security":{"@UserID":"S-1-5-18"}},"EventData":{"Data":[{"@Name":"RuleName","#text":"-"},{"@Name":"UtcTime","#text":"2025-05-02 14:43:16.740"},{"@Name":"ProcessGuid","#text":"dbf410b3-da04-6814-5f02-000000004500"},{"@Name":"ProcessId","#text":"10520"},{"@Name":"Image","#text":"C:\Program Files\BraveSoftware\Brave-Browser\Application\brave.exe"},{"@Name":"FileVersion","#text":"136.1.78.94"},{"@Name":"Description","#text":"Brave Browser"},{"@Name":"Product","#text":"Brave Browser"},{"@Name":"Company","#text":"Brave Software, Inc."},{"@Name":"OriginalFileName","#text":"brave.exe"},{"@Name":"CommandLine","#text":"\"C:\Program Files\BraveSoftware\Brave-Browser\Application\brave.exe\" --type=utility --utility-sub-type=unzip.mojom.Unzipper --lang=en-GB --service-sandbox-type=service --field-trial-handle=2152,i,414383358165923903,7500814195527958954,262144 --variations-seed-version=main@c7badf07d553100a28da9722517041a2bb170f8e --mojo-platform-channel-handle=5804 /prefetch:8"},{"@Name":"CurrentDirectory","#text":"C:\Program Files\BraveSoftware\Brave-Browser\Application\136.1.78.94\"},{"@Name":"User","#text":"SERVER002\lplui"},{"@Name":"LogonGuid","#text":"dbf410b3-8789-6814-3797-030000000000"},{"@Name":"LogonId","#text":"0x39737"},{"@Name":"TerminalSessionId","#text":"1"},{"@Name":"IntegrityLevel","#text":"Low"},{"@Name":"Hashes","#text":"SHA256=D9D8ACF4DBC502F6B39E3EEB58F0862458D324606B187518AFADEAD80D87F936"},{"@Name":"ParentProcessGuid","#text":"dbf410b3-d99b-6814-2702-000000004500"},{"@Name":"ParentProcessId","#text":"5960"},{"@Name":"ParentImage","#text":"C:\Program Files\BraveSoftware\Brave-Browser\Application\brave.exe"},{"@Name":"ParentCommandLine","#text":"\"C:\Program Files\BraveSoftware\Brave-Browser\Application\brave.exe\" --disable-domain-reliability --enable-dom-distiller --enable-distillability-service --origin-trial-public-key=bYUKPJoPnCxeNvu72j4EmPuK7tr1PAC7SHh8ld9Mw3E=,fMS4mpO6buLQ/QMd+zJmxzty/VQ6B1EUZqoCU04zoRU= --lso-url=https://no-thanks.invalid --sync-url=https://sync-v2.brave.com/v2 --variations-server-url=https://variations.brave.com/seed --variations-insecure-server-url=https://variations.brave.com/seed --flag-switches-begin --flag-switches-end --component-updater=url-source=https://go-updater.brave.com/extensions"},{"@Name":"ParentUser","#text":"SERVER002\lplui"}]}}}
{"Event":{"System":{"Provider":{"@Name":"Microsoft-Windows-Sysmon","@Guid":"5770385f-c22a-43e0-bf4c-06f5698ffbd9"},"EventID":"5","Version":"3","Level":"4","Task":"5","Opcode":"0","Keywords":"100","TimeCreated":{"@SystemTime":"2025-05-02 14:43:19.6938621"},"EventRecordID":"60967","Correlation":null,"Execution":{"@ProcessID":"2488","@ThreadID":"4156"},"Channel":"Microsoft-Windows-Sysmon/Operational","Computer":"Server002","Security":{"@UserID":"S-1-5-18"}},"EventData":{"Data":[{"@Name":"RuleName","#text":"-"},{"@Name":"UtcTime","#text":"2025-05-02 14:43:19.500"},{"@Name":"ProcessGuid","#text":"dbf410b3-d9e8-6814-5b02-000000004500"},{"@Name":"ProcessId","#text":"8660"},{"@Name":"Image","#text":"C:\Program Files\WindowsApps\OpenAI.ChatGPT-Desktop_1.2025.112.0_x64__2p2nqsd0c76g0\app\ChatGPT.exe"},{"@Name":"User","#text":"SERVER002\lplui"}]}}}
{"Event":{"System":{"Provider":{"@Name":"Microsoft-Windows-Sysmon","@Guid":"5770385f-c22a-43e0-bf4c-06f5698ffbd9"},"EventID":"5","Version":"3","Level":"4","Task":"5","Opcode":"0","Keywords":"100","TimeCreated":{"@SystemTime":"2025-05-02 14:43:23.4150649"},"EventRecordID":"60968","Correlation":null,"Execution":{"@ProcessID":"2488","@ThreadID":"4156"},"Channel":"Microsoft-Windows-Sysmon/Operational","Computer":"Server002","Security":{"@UserID":"S-1-5-18"}},"EventData":{"Data":[{"@Name":"RuleName","#text":"-"},{"@Name":"UtcTime","#text":"2025-05-02 14:43:23.065"},{"@Name":"ProcessGuid","#text":"dbf410b3-d9fd-6814-5d02-000000004500"},{"@Name":"ProcessId","#text":"10328"},{"@Name":"Image","#text":"C:\Program Files\BraveSoftware\Brave-Browser\Application\brave.exe"},{"@Name":"User","#text":"SERVER002\lplui"}]}}}
{"Event":{"System":{"Provider":{"@Name":"Microsoft-Windows-Sysmon","@Guid":"5770385f-c22a-43e0-bf4c-06f5698ffbd9"},"EventID":"5","Version":"3","Level":"4","Task":"5","Opcode":"0","Keywords":"100","TimeCreated":{"@SystemTime":"2025-05-02 14:43:24.0578359"},"EventRecordID":"60969","Correlation":null,"Execution":{"@ProcessID":"2488","@ThreadID":"4156"},"Channel":"Microsoft-Windows-Sysmon/Operational","Computer":"Server002","Security":{"@UserID":"S-1-5-18"}},"EventData":{"Data":[{"@Name":"RuleName","#text":"-"},{"@Name":"UtcTime","#text":"2025-05-02 14:43:24.057"},{"@Name":"ProcessGuid","#text":"dbf410b3-da04-6814-5f02-000000004500"},{"@Name":"ProcessId","#text":"10520"},{"@Name":"Image","#text":"C:\Program Files\BraveSoftware\Brave-Browser\Application\brave.exe"},{"@Name":"User","#text":"SERVER002\lplui"}]}}}
{"Event":{"System":{"Provider":{"@Name":"Microsoft-Windows-Sysmon","@Guid":"5770385f-c22a-43e0-bf4c-06f5698ffbd9"},"EventID":"1","Version":"5","Level":"4","Task":"1","Opcode":"0","Keywords":"100","TimeCreated":{"@SystemTime":"2025-05-02 14:43:25.1494738"},"EventRecordID":"60970","Correlation":null,"Execution":{"@ProcessID":"2488","@ThreadID":"4156"},"Channel":"Microsoft-Windows-Sysmon/Operational","Computer":"Server002","Security":{"@UserID":"S-1-5-18"}},"EventData":{"Data":[{"@Name":"RuleName","#text":"-"},{"@Name":"UtcTime","#text":"2025-05-02 14:43:25.119"},{"@Name":"ProcessGuid","#text":"dbf410b3-da0d-6814-6002-000000004500"},{"@Name":"ProcessId","#text":"10596"},{"@Name":"Image","#text":"C:\Program Files\BraveSoftware\Brave-Browser\Application\brave.exe"},{"@Name":"FileVersion","#text":"136.1.78.94"},{"@Name":"Description","#text":"Brave Browser"},{"@Name":"Product","#text":"Brave Browser"},{"@Name":"Company","#text":"Brave Software, Inc."},{"@Name":"OriginalFileName","#text":"brave.exe"},{"@Name":"CommandLine","#text":"\"C:\Program Files\BraveSoftware\Brave-Browser\Application\brave.exe\" --type=utility --utility-sub-type=unzip.mojom.Unzipper --lang=en-GB --service-sandbox-type=service --field-trial-handle=2152,i,414383358165923903,7500814195527958954,262144 --variations-seed-version=main@c7badf07d553100a28da9722517041a2bb170f8e --mojo-platform-channel-handle=4560 /prefetch:8"},{"@Name":"CurrentDirectory","#text":"C:\Program Files\BraveSoftware\Brave-Browser\Application\136.1.78.94\"},{"@Name":"User","#text":"SERVER002\lplui"},{"@Name":"LogonGuid","#text":"dbf410b3-8789-6814-3797-030000000000"},{"@Name":"LogonId","#text":"0x39737"},{"@Name":"TerminalSessionId","#text":"1"},{"@Name":"IntegrityLevel","#text":"Low"},{"@Name":"Hashes","#text":"SHA256=D9D8ACF4DBC502F6B39E3EEB58F0862458D324606B187518AFADEAD80D87F936"},{"@Name":"ParentProcessGuid","#text":"dbf410b3-d99b-6814-2702-000000004500"},{"@Name":"ParentProcessId","#text":"5960"},{"@Name":"ParentImage","#text":"C:\Program Files\BraveSoftware\Brave-Browser\Application\brave.exe"},{"@Name":"ParentCommandLine","#text":"\"C:\Program Files\BraveSoftware\Brave-Browser\Application\brave.exe\" --disable-domain-reliability --enable-dom-distiller --enable-distillability-service --origin-trial-public-key=bYUKPJoPnCxeNvu72j4EmPuK7tr1PAC7SHh8ld9Mw3E=,fMS4mpO6buLQ/QMd+zJmxzty/VQ6B1EUZqoCU04zoRU= --lso-url=https://no-thanks.invalid --sync-url=https://sync-v2.brave.com/v2 --variations-server-url=https://variations.brave.com/seed --variations-insecure-server-url=https://variations.brave.com/seed --flag-switches-begin --flag-switches-end --component-updater=url-source=https://go-updater.brave.com/extensions"},{"@Name":"ParentUser","#text":"SERVER002\lplui"}]}}}
{"Event":{"System":{"Provider":{"@Name":"Microsoft-Windows-Sysmon","@Guid":"5770385f-c22a-43e0-bf4c-06f5698ffbd9"},"EventID":"5","Version":"3","Level":"4","Task":"5","Opcode":"0","Keywords":"100","TimeCreated":{"@SystemTime":"2025-05-02 14:43:28.9859867"},"EventRecordID":"60971","Correlation":null,"Execution":{"@ProcessID":"2488","@ThreadID":"4156"},"Channel":"Microsoft-Windows-Sysmon/Operational","Computer":"Server002","Security":{"@UserID":"S-1-5-18"}},"EventData":{"Data":[{"@Name":"RuleName","#text":"-"},{"@Name":"UtcTime","#text":"2025-05-02 14:43:28.978"},{"@Name":"ProcessGuid","#text":"dbf410b3-da01-6814-5e02-000000004500"},{"@Name":"ProcessId","#text":"10460"},{"@Name":"Image","#text":"C:\Windows\System32\dllhost.exe"},{"@Name":"User","#text":"SERVER002\lplui"}]}}}
{"Event":{"System":{"Provider":{"@Name":"Microsoft-Windows-Sysmon","@Guid":"5770385f-c22a-43e0-bf4c-06f5698ffbd9"},"EventID":"5","Version":"3","Level":"4","Task":"5","Opcode":"0","Keywords":"100","TimeCreated":{"@SystemTime":"2025-05-02 14:43:30.0060631"},"EventRecordID":"60972","Correlation":null,"Execution":{"@ProcessID":"2488","@ThreadID":"4156"},"Channel":"Microsoft-Windows-Sysmon/Operational","Computer":"Server002","Security":{"@UserID":"S-1-5-18"}},"EventData":{"Data":[{"@Name":"RuleName","#text":"-"},{"@Name":"UtcTime","#text":"2025-05-02 14:43:30.003"},{"@Name":"ProcessGuid","#text":"dbf410b3-da0d-6814-6002-000000004500"},{"@Name":"ProcessId","#text":"10596"},{"@Name":"Image","#text":"C:\Program Files\BraveSoftware\Brave-Browser\Application\brave.exe"},{"@Name":"User","#text":"SERVER002\lplui"}]}}}
{"Event":{"System":{"Provider":{"@Name":"Microsoft-Windows-Sysmon","@Guid":"5770385f-c22a-43e0-bf4c-06f5698ffbd9"},"EventID":"1","Version":"5","Level":"4","Task":"1","Opcode":"0","Keywords":"100","TimeCreated":{"@SystemTime":"2025-05-02 14:43:30.2161432"},"EventRecordID":"60973","Correlation":null,"Execution":{"@ProcessID":"2488","@ThreadID":"4156"},"Channel":"Microsoft-Windows-Sysmon/Operational","Computer":"Server002","Security":{"@UserID":"S-1-5-18"}},"EventData":{"Data":[{"@Name":"RuleName","#text":"-"},{"@Name":"UtcTime","#text":"2025-05-02 14:43:30.198"},{"@Name":"ProcessGuid","#text":"dbf410b3-da12-6814-6102-000000004500"},{"@Name":"ProcessId","#text":"10672"},{"@Name":"Image","#text":"C:\Windows\System32\RuntimeBroker.exe"},{"@Name":"FileVersion","#text":"10.0.19041.4355 (WinBuild.160101.0800)"},{"@Name":"Description","#text":"Runtime Broker"},{"@Name":"Product","#text":"Microsoft® Windows® Operating System"},{"@Name":"Company","#text":"Microsoft Corporation"},{"@Name":"OriginalFileName","#text":"RuntimeBroker.exe"},{"@Name":"CommandLine","#text":"C:\Windows\System32\RuntimeBroker.exe -Embedding"},{"@Name":"CurrentDirectory","#text":"C:\Windows\system32\"},{"@Name":"User","#text":"SERVER002\lplui"},{"@Name":"LogonGuid","#text":"dbf410b3-8789-6814-3797-030000000000"},{"@Name":"LogonId","#text":"0x39737"},{"@Name":"TerminalSessionId","#text":"1"},{"@Name":"IntegrityLevel","#text":"Medium"},{"@Name":"Hashes","#text":"SHA256=579DFCED8F02A7E1E6E8DF10C400117D3127EAD7231776A1E467EB507261E920"},{"@Name":"ParentProcessGuid","#text":"dbf410b3-a39e-6814-0d00-000000004500"},{"@Name":"ParentProcessId","#text":"800"},{"@Name":"ParentImage","#text":"C:\Windows\System32\svchost.exe"},{"@Name":"ParentCommandLine","#text":"C:\Windows\system32\svchost.exe -k DcomLaunch -p"},{"@Name":"ParentUser","#text":"NT AUTHORITY\SYSTEM"}]}}}
{"Event":{"System":{"Provider":{"@Name":"Microsoft-Windows-Sysmon","@Guid":"5770385f-c22a-43e0-bf4c-06f5698ffbd9"},"EventID":"1","Version":"5","Level":"4","Task":"1","Opcode":"0","Keywords":"100","TimeCreated":{"@SystemTime":"2025-05-02 14:43:31.3723026"},"EventRecordID":"60974","Correlation":null,"Execution":{"@ProcessID":"2488","@ThreadID":"4156"},"Channel":"Microsoft-Windows-Sysmon/Operational","Computer":"Server002","Security":{"@UserID":"S-1-5-18"}},"EventData":{"Data":[{"@Name":"RuleName","#text":"-"},{"@Name":"UtcTime","#text":"2025-05-02 14:43:31.328"},{"@Name":"ProcessGuid","#text":"dbf410b3-da13-6814-6202-000000004500"},{"@Name":"ProcessId","#text":"10708"},{"@Name":"Image","#text":"C:\Windows\System32\dllhost.exe"},{"@Name":"FileVersion","#text":"10.0.19041.3636 (WinBuild.160101.0800)"},{"@Name":"Description","#text":"COM Surrogate"},{"@Name":"Product","#text":"Microsoft® Windows® Operating System"},{"@Name":"Company","#text":"Microsoft Corporation"},{"@Name":"OriginalFileName","#text":"dllhost.exe"},{"@Name":"CommandLine","#text":"C:\Windows\system32\DllHost.exe /Processid:{AB8902B4-09CA-4BB6-B78D-A8F59079A8D5}"},{"@Name":"CurrentDirectory","#text":"C:\Windows\system32\"},{"@Name":"User","#text":"SERVER002\lplui"},{"@Name":"LogonGuid","#text":"dbf410b3-8789-6814-3797-030000000000"},{"@Name":"LogonId","#text":"0x39737"},{"@Name":"TerminalSessionId","#text":"1"},{"@Name":"IntegrityLevel","#text":"Medium"},{"@Name":"Hashes","#text":"SHA256=0309834D40475CCD5A88C48F7FF5EC62E5C6798900357DD83665C3D0345124E0"},{"@Name":"ParentProcessGuid","#text":"dbf410b3-a39e-6814-0d00-000000004500"},{"@Name":"ParentProcessId","#text":"800"},{"@Name":"ParentImage","#text":"C:\Windows\System32\svchost.exe"},{"@Name":"ParentCommandLine","#text":"C:\Windows\system32\svchost.exe -k DcomLaunch -p"},{"@Name":"ParentUser","#text":"NT AUTHORITY\SYSTEM"}]}}}
{"Event":{"System":{"Provider":{"@Name":"Microsoft-Windows-Sysmon","@Guid":"5770385f-c22a-43e0-bf4c-06f5698ffbd9"},"EventID":"1","Version":"5","Level":"4","Task":"1","Opcode":"0","Keywords":"100","TimeCreated":{"@SystemTime":"2025-05-02 14:43:45.1348191"},"EventRecordID":"60975","Correlation":null,"Execution":{"@ProcessID":"2488","@ThreadID":"4156"},"Channel":"Microsoft-Windows-Sysmon/Operational","Computer":"Server002","Security":{"@UserID":"S-1-5-18"}},"EventData":{"Data":[{"@Name":"RuleName","#text":"-"},{"@Name":"UtcTime","#text":"2025-05-02 14:43:44.919"},{"@Name":"ProcessGuid","#text":"dbf410b3-da20-6814-6302-000000004500"},{"@Name":"ProcessId","#text":"10864"},{"@Name":"Image","#text":"C:\Program Files (x86)\Microsoft\Edge\Application\msedge.exe"},{"@Name":"FileVersion","#text":"135.0.3179.98"},{"@Name":"Description","#text":"Microsoft Edge"},{"@Name":"Product","#text":"Microsoft Edge"},{"@Name":"Company","#text":"Microsoft Corporation"},{"@Name":"OriginalFileName","#text":"msedge.exe"},{"@Name":"CommandLine","#text":"\"C:\Program Files (x86)\Microsoft\Edge\Application\msedge.exe\" --type=gpu-process --disable-gpu-sandbox --use-gl=disabled --gpu-vendor-id=5140 --gpu-device-id=140 --gpu-sub-system-id=0 --gpu-revision=0 --gpu-driver-version=10.0.19041.4355 --gpu-preferences=UAAAAAAAAADoAAAEAAAAAAAAAAAAAAAAAABgAAEAAAAAAAAAAAAAAAAAAABCAAAAAAAAAAAAAAAAAAAAAAAAABAAAAAAAAAAEAAAAAAAAAAIAAAAAAAAAAgAAAAAAAAA --always-read-main-dll --field-trial-handle=2264,i,4754198591178687341,14255666294261140107,262144 --variations-seed-version --mojo-platform-channel-handle=6336 /prefetch:8"},{"@Name":"CurrentDirectory","#text":"C:\Program Files (x86)\Microsoft\Edge\Application\135.0.3179.98\"},{"@Name":"User","#text":"SERVER002\lplui"},{"@Name":"LogonGuid","#text":"dbf410b3-8789-6814-3797-030000000000"},{"@Name":"LogonId","#text":"0x39737"},{"@Name":"TerminalSessionId","#text":"1"},{"@Name":"IntegrityLevel","#text":"Medium"},{"@Name":"Hashes","#text":"SHA256=88F148D559A48AA0010691D07319CCD9723B945F6857C5D1676287C1868A84E6"},{"@Name":"ParentProcessGuid","#text":"dbf410b3-d995-6814-1102-000000004500"},{"@Name":"ParentProcessId","#text":"9660"},{"@Name":"ParentImage","#text":"C:\Program Files (x86)\Microsoft\Edge\Application\msedge.exe"},{"@Name":"ParentCommandLine","#text":"\"C:\Program Files (x86)\Microsoft\Edge\Application\msedge.exe\" --single-argument C:\Users\lplui\Desktop\sysmonconfig-export.xml"},{"@Name":"ParentUser","#text":"SERVER002\lplui"}]}}}
{"Event":{"System":{"Provider":{"@Name":"Microsoft-Windows-Sysmon","@Guid":"5770385f-c22a-43e0-bf4c-06f5698ffbd9"},"EventID":"5","Version":"3","Level":"4","Task":"5","Opcode":"0","Keywords":"100","TimeCreated":{"@SystemTime":"2025-05-02 14:43:57.2374521"},"EventRecordID":"60976","Correlation":null,"Execution":{"@ProcessID":"2488","@ThreadID":"4156"},"Channel":"Microsoft-Windows-Sysmon/Operational","Computer":"Server002","Security":{"@UserID":"S-1-5-18"}},"EventData":{"Data":[{"@Name":"RuleName","#text":"-"},{"@Name":"UtcTime","#text":"2025-05-02 14:43:57.222"},{"@Name":"ProcessGuid","#text":"dbf410b3-d9b5-6814-4d02-000000004500"},{"@Name":"ProcessId","#text":"2892"},{"@Name":"Image","#text":"C:\Windows\System32\wbem\WmiPrvSE.exe"},{"@Name":"User","#text":"NT AUTHORITY\NETWORK SERVICE"}]}}}
{"Event":{"System":{"Provider":{"@Name":"Microsoft-Windows-Sysmon","@Guid":"5770385f-c22a-43e0-bf4c-06f5698ffbd9"},"EventID":"5","Version":"3","Level":"4","Task":"5","Opcode":"0","Keywords":"100","TimeCreated":{"@SystemTime":"2025-05-02 14:43:57.5203538"},"EventRecordID":"60977","Correlation":null,"Execution":{"@ProcessID":"2488","@ThreadID":"4156"},"Channel":"Microsoft-Windows-Sysmon/Operational","Computer":"Server002","Security":{"@UserID":"S-1-5-18"}},"EventData":{"Data":[{"@Name":"RuleName","#text":"-"},{"@Name":"UtcTime","#text":"2025-05-02 14:43:57.515"},{"@Name":"ProcessGuid","#text":"dbf410b3-da20-6814-6302-000000004500"},{"@Name":"ProcessId","#text":"10864"},{"@Name":"Image","#text":"C:\Program Files (x86)\Microsoft\Edge\Application\msedge.exe"},{"@Name":"User","#text":"SERVER002\lplui"}]}}}
{"Event":{"System":{"Provider":{"@Name":"Microsoft-Windows-Sysmon","@Guid":"5770385f-c22a-43e0-bf4c-06f5698ffbd9"},"EventID":"1","Version":"5","Level":"4","Task":"1","Opcode":"0","Keywords":"100","TimeCreated":{"@SystemTime":"2025-05-02 14:43:58.7843506"},"EventRecordID":"60978","Correlation":null,"Execution":{"@ProcessID":"2488","@ThreadID":"4156"},"Channel":"Microsoft-Windows-Sysmon/Operational","Computer":"Server002","Security":{"@UserID":"S-1-5-18"}},"EventData":{"Data":[{"@Name":"RuleName","#text":"-"},{"@Name":"UtcTime","#text":"2025-05-02 14:43:58.639"},{"@Name":"ProcessGuid","#text":"dbf410b3-da2e-6814-6402-000000004500"},{"@Name":"ProcessId","#text":"10996"},{"@Name":"Image","#text":"C:\Program Files\BraveSoftware\Brave-Browser\Application\brave.exe"},{"@Name":"FileVersion","#text":"136.1.78.94"},{"@Name":"Description","#text":"Brave Browser"},{"@Name":"Product","#text":"Brave Browser"},{"@Name":"Company","#text":"Brave Software, Inc."},{"@Name":"OriginalFileName","#text":"brave.exe"},{"@Name":"CommandLine","#text":"\"C:\Program Files\BraveSoftware\Brave-Browser\Application\brave.exe\" --type=gpu-process --disable-gpu-sandbox --use-gl=disabled --gpu-vendor-id=5140 --gpu-device-id=140 --gpu-sub-system-id=0 --gpu-revision=0 --gpu-driver-version=10.0.19041.4355 --start-stack-profiler --gpu-preferences=UAAAAAAAAADoAAAEAAAAAAAAAAAAAAAAAABgAAEAAAAAAAAAAAAAAAAAAABCAAAAAAAAAAAAAAAAAAAAAAAAABAAAAAAAAAAEAAAAAAAAAAIAAAAAAAAAAgAAAAAAAAA --field-trial-handle=2152,i,414383358165923903,7500814195527958954,262144 --variations-seed-version=main@c7badf07d553100a28da9722517041a2bb170f8e --mojo-platform-channel-handle=4504 /prefetch:8"},{"@Name":"CurrentDirectory","#text":"C:\Program Files\BraveSoftware\Brave-Browser\Application\136.1.78.94\"},{"@Name":"User","#text":"SERVER002\lplui"},{"@Name":"LogonGuid","#text":"dbf410b3-8789-6814-3797-030000000000"},{"@Name":"LogonId","#text":"0x39737"},{"@Name":"TerminalSessionId","#text":"1"},{"@Name":"IntegrityLevel","#text":"Medium"},{"@Name":"Hashes","#text":"SHA256=D9D8ACF4DBC502F6B39E3EEB58F0862458D324606B187518AFADEAD80D87F936"},{"@Name":"ParentProcessGuid","#text":"dbf410b3-d99b-6814-2702-000000004500"},{"@Name":"ParentProcessId","#text":"5960"},{"@Name":"ParentImage","#text":"C:\Program Files\BraveSoftware\Brave-Browser\Application\brave.exe"},{"@Name":"ParentCommandLine","#text":"\"C:\Program Files\BraveSoftware\Brave-Browser\Application\brave.exe\" --disable-domain-reliability --enable-dom-distiller --enable-distillability-service --origin-trial-public-key=bYUKPJoPnCxeNvu72j4EmPuK7tr1PAC7SHh8ld9Mw3E=,fMS4mpO6buLQ/QMd+zJmxzty/VQ6B1EUZqoCU04zoRU= --lso-url=https://no-thanks.invalid --sync-url=https://sync-v2.brave.com/v2 --variations-server-url=https://variations.brave.com/seed --variations-insecure-server-url=https://variations.brave.com/seed --flag-switches-begin --flag-switches-end --component-updater=url-source=https://go-updater.brave.com/extensions"},{"@Name":"ParentUser","#text":"SERVER002\lplui"}]}}}
{"Event":{"System":{"Provider":{"@Name":"Microsoft-Windows-Sysmon","@Guid":"5770385f-c22a-43e0-bf4c-06f5698ffbd9"},"EventID":"5","Version":"3","Level":"4","Task":"5","Opcode":"0","Keywords":"100","TimeCreated":{"@SystemTime":"2025-05-02 14:44:04.2641075"},"EventRecordID":"60979","Correlation":null,"Execution":{"@ProcessID":"2488","@ThreadID":"4156"},"Channel":"Microsoft-Windows-Sysmon/Operational","Computer":"Server002","Security":{"@UserID":"S-1-5-18"}},"EventData":{"Data":[{"@Name":"RuleName","#text":"-"},{"@Name":"UtcTime","#text":"2025-05-02 14:44:04.263"},{"@Name":"ProcessGuid","#text":"dbf410b3-da2e-6814-6402-000000004500"},{"@Name":"ProcessId","#text":"10996"},{"@Name":"Image","#text":"C:\Program Files\BraveSoftware\Brave-Browser\Application\brave.exe"},{"@Name":"User","#text":"SERVER002\lplui"}]}}}
{"Event":{"System":{"Provider":{"@Name":"Microsoft-Windows-Sysmon","@Guid":"5770385f-c22a-43e0-bf4c-06f5698ffbd9"},"EventID":"5","Version":"3","Level":"4","Task":"5","Opcode":"0","Keywords":"100","TimeCreated":{"@SystemTime":"2025-05-02 14:44:05.2659290"},"EventRecordID":"60980","Correlation":null,"Execution":{"@ProcessID":"2488","@ThreadID":"4156"},"Channel":"Microsoft-Windows-Sysmon/Operational","Computer":"Server002","Security":{"@UserID":"S-1-5-18"}},"EventData":{"Data":[{"@Name":"RuleName","#text":"-"},{"@Name":"UtcTime","#text":"2025-05-02 14:44:05.125"},{"@Name":"ProcessGuid","#text":"dbf410b3-da13-6814-6202-000000004500"},{"@Name":"ProcessId","#text":"10708"},{"@Name":"Image","#text":"C:\Windows\System32\dllhost.exe"},{"@Name":"User","#text":"SERVER002\lplui"}]}}}
{"Event":{"System":{"Provider":{"@Name":"Microsoft-Windows-Sysmon","@Guid":"5770385f-c22a-43e0-bf4c-06f5698ffbd9"},"EventID":"1","Version":"5","Level":"4","Task":"1","Opcode":"0","Keywords":"100","TimeCreated":{"@SystemTime":"2025-05-02 14:44:09.9321018"},"EventRecordID":"60981","Correlation":null,"Execution":{"@ProcessID":"2488","@ThreadID":"4156"},"Channel":"Microsoft-Windows-Sysmon/Operational","Computer":"Server002","Security":{"@UserID":"S-1-5-18"}},"EventData":{"Data":[{"@Name":"RuleName","#text":"-"},{"@Name":"UtcTime","#text":"2025-05-02 14:44:09.770"},{"@Name":"ProcessGuid","#text":"dbf410b3-da39-6814-6502-000000004500"},{"@Name":"ProcessId","#text":"11084"},{"@Name":"Image","#text":"C:\Windows\System32\dllhost.exe"},{"@Name":"FileVersion","#text":"10.0.19041.3636 (WinBuild.160101.0800)"},{"@Name":"Description","#text":"COM Surrogate"},{"@Name":"Product","#text":"Microsoft® Windows® Operating System"},{"@Name":"Company","#text":"Microsoft Corporation"},{"@Name":"OriginalFileName","#text":"dllhost.exe"},{"@Name":"CommandLine","#text":"C:\Windows\system32\DllHost.exe /Processid:{AB8902B4-09CA-4BB6-B78D-A8F59079A8D5}"},{"@Name":"CurrentDirectory","#text":"C:\Windows\system32\"},{"@Name":"User","#text":"SERVER002\lplui"},{"@Name":"LogonGuid","#text":"dbf410b3-8789-6814-3797-030000000000"},{"@Name":"LogonId","#text":"0x39737"},{"@Name":"TerminalSessionId","#text":"1"},{"@Name":"IntegrityLevel","#text":"Medium"},{"@Name":"Hashes","#text":"SHA256=0309834D40475CCD5A88C48F7FF5EC62E5C6798900357DD83665C3D0345124E0"},{"@Name":"ParentProcessGuid","#text":"dbf410b3-a39e-6814-0d00-000000004500"},{"@Name":"ParentProcessId","#text":"800"},{"@Name":"ParentImage","#text":"C:\Windows\System32\svchost.exe"},{"@Name":"ParentCommandLine","#text":"C:\Windows\system32\svchost.exe -k DcomLaunch -p"},{"@Name":"ParentUser","#text":"NT AUTHORITY\SYSTEM"}]}}}
{"Event":{"System":{"Provider":{"@Name":"Microsoft-Windows-Sysmon","@Guid":"5770385f-c22a-43e0-bf4c-06f5698ffbd9"},"EventID":"5","Version":"3","Level":"4","Task":"5","Opcode":"0","Keywords":"100","TimeCreated":{"@SystemTime":"2025-05-02 14:44:32.5485653"},"EventRecordID":"60982","Correlation":null,"Execution":{"@ProcessID":"2488","@ThreadID":"4156"},"Channel":"Microsoft-Windows-Sysmon/Operational","Computer":"Server002","Security":{"@UserID":"S-1-5-18"}},"EventData":{"Data":[{"@Name":"RuleName","#text":"-"},{"@Name":"UtcTime","#text":"2025-05-02 14:44:32.546"},{"@Name":"ProcessGuid","#text":"dbf410b3-da39-6814-6502-000000004500"},{"@Name":"ProcessId","#text":"11084"},{"@Name":"Image","#text":"C:\Windows\System32\dllhost.exe"},{"@Name":"User","#text":"SERVER002\lplui"}]}}}
{"Event":{"System":{"Provider":{"@Name":"Microsoft-Windows-Sysmon","@Guid":"5770385f-c22a-43e0-bf4c-06f5698ffbd9"},"EventID":"1","Version":"5","Level":"4","Task":"1","Opcode":"0","Keywords":"100","TimeCreated":{"@SystemTime":"2025-05-02 14:44:35.8553393"},"EventRecordID":"60983","Correlation":null,"Execution":{"@ProcessID":"2488","@ThreadID":"4156"},"Channel":"Microsoft-Windows-Sysmon/Operational","Computer":"Server002","Security":{"@UserID":"S-1-5-18"}},"EventData":{"Data":[{"@Name":"RuleName","#text":"-"},{"@Name":"UtcTime","#text":"2025-05-02 14:44:35.842"},{"@Name":"ProcessGuid","#text":"dbf410b3-da53-6814-6602-000000004500"},{"@Name":"ProcessId","#text":"10184"},{"@Name":"Image","#text":"C:\Program Files\Microsoft OneDrive\25.065.0406.0002\FileCoAuth.exe"},{"@Name":"FileVersion","#text":"25.065.0406.0002"},{"@Name":"Description","#text":"Microsoft OneDriveFile Co-Authoring Executable"},{"@Name":"Product","#text":"Microsoft OneDrive"},{"@Name":"Company","#text":"Microsoft Corporation"},{"@Name":"OriginalFileName","#text":"FileCoAuth.exe"},{"@Name":"CommandLine","#text":"\"C:\Program Files\Microsoft OneDrive\25.065.0406.0002\FileCoAuth.exe\" -Embedding"},{"@Name":"CurrentDirectory","#text":"C:\Windows\system32\"},{"@Name":"User","#text":"SERVER002\lplui"},{"@Name":"LogonGuid","#text":"dbf410b3-8789-6814-3797-030000000000"},{"@Name":"LogonId","#text":"0x39737"},{"@Name":"TerminalSessionId","#text":"1"},{"@Name":"IntegrityLevel","#text":"Medium"},{"@Name":"Hashes","#text":"SHA256=B7B20F19DE611698C5CAE2677B63494A5C61CB74179012E1C63C7F7EB3ECC6AF"},{"@Name":"ParentProcessGuid","#text":"dbf410b3-a39e-6814-0d00-000000004500"},{"@Name":"ParentProcessId","#text":"800"},{"@Name":"ParentImage","#text":"C:\Windows\System32\svchost.exe"},{"@Name":"ParentCommandLine","#text":"C:\Windows\system32\svchost.exe -k DcomLaunch -p"},{"@Name":"ParentUser","#text":"NT AUTHORITY\SYSTEM"}]}}}
{"Event":{"System":{"Provider":{"@Name":"Microsoft-Windows-Sysmon","@Guid":"5770385f-c22a-43e0-bf4c-06f5698ffbd9"},"EventID":"5","Version":"3","Level":"4","Task":"5","Opcode":"0","Keywords":"100","TimeCreated":{"@SystemTime":"2025-05-02 14:44:44.2175242"},"EventRecordID":"60984","Correlation":null,"Execution":{"@ProcessID":"2488","@ThreadID":"4156"},"Channel":"Microsoft-Windows-Sysmon/Operational","Computer":"Server002","Security":{"@UserID":"S-1-5-18"}},"EventData":{"Data":[{"@Name":"RuleName","#text":"-"},{"@Name":"UtcTime","#text":"2025-05-02 14:44:44.215"},{"@Name":"ProcessGuid","#text":"dbf410b3-d9c9-6814-5202-000000004500"},{"@Name":"ProcessId","#text":"6356"},{"@Name":"Image","#text":"C:\Program Files (x86)\Microsoft\Edge\Application\135.0.3179.98\identity_helper.exe"},{"@Name":"User","#text":"SERVER002\lplui"}]}}}
{"Event":{"System":{"Provider":{"@Name":"Microsoft-Windows-Sysmon","@Guid":"5770385f-c22a-43e0-bf4c-06f5698ffbd9"},"EventID":"1","Version":"5","Level":"4","Task":"1","Opcode":"0","Keywords":"100","TimeCreated":{"@SystemTime":"2025-05-02 14:44:45.4658319"},"EventRecordID":"60985","Correlation":null,"Execution":{"@ProcessID":"2488","@ThreadID":"4156"},"Channel":"Microsoft-Windows-Sysmon/Operational","Computer":"Server002","Security":{"@UserID":"S-1-5-18"}},"EventData":{"Data":[{"@Name":"RuleName","#text":"-"},{"@Name":"UtcTime","#text":"2025-05-02 14:44:45.448"},{"@Name":"ProcessGuid","#text":"dbf410b3-da5d-6814-6702-000000004500"},{"@Name":"ProcessId","#text":"644"},{"@Name":"Image","#text":"C:\Windows\System32\RuntimeBroker.exe"},{"@Name":"FileVersion","#text":"10.0.19041.4355 (WinBuild.160101.0800)"},{"@Name":"Description","#text":"Runtime Broker"},{"@Name":"Product","#text":"Microsoft® Windows® Operating System"},{"@Name":"Company","#text":"Microsoft Corporation"},{"@Name":"OriginalFileName","#text":"RuntimeBroker.exe"},{"@Name":"CommandLine","#text":"C:\Windows\System32\RuntimeBroker.exe -Embedding"},{"@Name":"CurrentDirectory","#text":"C:\Windows\system32\"},{"@Name":"User","#text":"SERVER002\lplui"},{"@Name":"LogonGuid","#text":"dbf410b3-8789-6814-3797-030000000000"},{"@Name":"LogonId","#text":"0x39737"},{"@Name":"TerminalSessionId","#text":"1"},{"@Name":"IntegrityLevel","#text":"Medium"},{"@Name":"Hashes","#text":"SHA256=579DFCED8F02A7E1E6E8DF10C400117D3127EAD7231776A1E467EB507261E920"},{"@Name":"ParentProcessGuid","#text":"dbf410b3-a39e-6814-0d00-000000004500"},{"@Name":"ParentProcessId","#text":"800"},{"@Name":"ParentImage","#text":"C:\Windows\System32\svchost.exe"},{"@Name":"ParentCommandLine","#text":"C:\Windows\system32\svchost.exe -k DcomLaunch -p"},{"@Name":"ParentUser","#text":"NT AUTHORITY\SYSTEM"}]}}}
{"Event":{"System":{"Provider":{"@Name":"Microsoft-Windows-Sysmon","@Guid":"5770385f-c22a-43e0-bf4c-06f5698ffbd9"},"EventID":"5","Version":"3","Level":"4","Task":"5","Opcode":"0","Keywords":"100","TimeCreated":{"@SystemTime":"2025-05-02 14:44:46.6866532"},"EventRecordID":"60986","Correlation":null,"Execution":{"@ProcessID":"2488","@ThreadID":"4156"},"Channel":"Microsoft-Windows-Sysmon/Operational","Computer":"Server002","Security":{"@UserID":"S-1-5-18"}},"EventData":{"Data":[{"@Name":"RuleName","#text":"-"},{"@Name":"UtcTime","#text":"2025-05-02 14:44:46.686"},{"@Name":"ProcessGuid","#text":"dbf410b3-d994-6814-0a02-000000004500"},{"@Name":"ProcessId","#text":"6016"},{"@Name":"Image","#text":"C:\Program Files\WindowsApps\microsoft.windowscommunicationsapps_16005.14326.22342.0_x64__8wekyb3d8bbwe\HxTsr.exe"},{"@Name":"User","#text":"SERVER002\lplui"}]}}}
{"Event":{"System":{"Provider":{"@Name":"Microsoft-Windows-Sysmon","@Guid":"5770385f-c22a-43e0-bf4c-06f5698ffbd9"},"EventID":"1","Version":"5","Level":"4","Task":"1","Opcode":"0","Keywords":"100","TimeCreated":{"@SystemTime":"2025-05-02 14:44:47.3146586"},"EventRecordID":"60987","Correlation":null,"Execution":{"@ProcessID":"2488","@ThreadID":"4156"},"Channel":"Microsoft-Windows-Sysmon/Operational","Computer":"Server002","Security":{"@UserID":"S-1-5-18"}},"EventData":{"Data":[{"@Name":"RuleName","#text":"-"},{"@Name":"UtcTime","#text":"2025-05-02 14:44:47.277"},{"@Name":"ProcessGuid","#text":"dbf410b3-da5f-6814-6802-000000004500"},{"@Name":"ProcessId","#text":"10460"},{"@Name":"Image","#text":"C:\Program Files\WindowsApps\Microsoft.YourPhone_1.25032.76.0_x64__8wekyb3d8bbwe\PhoneExperienceHost.exe"},{"@Name":"FileVersion","#text":"1.25032.76.0"},{"@Name":"Description","#text":"Microsoft Phone Link"},{"@Name":"Product","#text":"Microsoft Phone Link"},{"@Name":"Company","#text":"Microsoft Corporation"},{"@Name":"OriginalFileName","#text":"PhoneExperienceHost.dll"},{"@Name":"CommandLine","#text":"\"C:\Program Files\WindowsApps\Microsoft.YourPhone_1.25032.76.0_x64__8wekyb3d8bbwe\PhoneExperienceHost.exe\" -ComServer:Background -Embedding"},{"@Name":"CurrentDirectory","#text":"C:\Windows\system32\"},{"@Name":"User","#text":"SERVER002\lplui"},{"@Name":"LogonGuid","#text":"dbf410b3-8789-6814-3797-030000000000"},{"@Name":"LogonId","#text":"0x39737"},{"@Name":"TerminalSessionId","#text":"1"},{"@Name":"IntegrityLevel","#text":"Medium"},{"@Name":"Hashes","#text":"SHA256=78DCF3CBAAB1E513E840BD57044B980D4DF93997597AD126258B0C1FAB619B30"},{"@Name":"ParentProcessGuid","#text":"dbf410b3-a39e-6814-0d00-000000004500"},{"@Name":"ParentProcessId","#text":"800"},{"@Name":"ParentImage","#text":"C:\Windows\System32\svchost.exe"},{"@Name":"ParentCommandLine","#text":"C:\Windows\system32\svchost.exe -k DcomLaunch -p"},{"@Name":"ParentUser","#text":"NT AUTHORITY\SYSTEM"}]}}}
{"Event":{"System":{"Provider":{"@Name":"Microsoft-Windows-Sysmon","@Guid":"5770385f-c22a-43e0-bf4c-06f5698ffbd9"},"EventID":"1","Version":"5","Level":"4","Task":"1","Opcode":"0","Keywords":"100","TimeCreated":{"@SystemTime":"2025-05-02 14:44:54.7897496"},"EventRecordID":"60988","Correlation":null,"Execution":{"@ProcessID":"2488","@ThreadID":"4156"},"Channel":"Microsoft-Windows-Sysmon/Operational","Computer":"Server002","Security":{"@UserID":"S-1-5-18"}},"EventData":{"Data":[{"@Name":"RuleName","#text":"-"},{"@Name":"UtcTime","#text":"2025-05-02 14:44:54.777"},{"@Name":"ProcessGuid","#text":"dbf410b3-da66-6814-6902-000000004500"},{"@Name":"ProcessId","#text":"7748"},{"@Name":"Image","#text":"C:\Windows\System32\RuntimeBroker.exe"},{"@Name":"FileVersion","#text":"10.0.19041.4355 (WinBuild.160101.0800)"},{"@Name":"Description","#text":"Runtime Broker"},{"@Name":"Product","#text":"Microsoft® Windows® Operating System"},{"@Name":"Company","#text":"Microsoft Corporation"},{"@Name":"OriginalFileName","#text":"RuntimeBroker.exe"},{"@Name":"CommandLine","#text":"C:\Windows\System32\RuntimeBroker.exe -Embedding"},{"@Name":"CurrentDirectory","#text":"C:\Windows\system32\"},{"@Name":"User","#text":"SERVER002\lplui"},{"@Name":"LogonGuid","#text":"dbf410b3-8789-6814-3797-030000000000"},{"@Name":"LogonId","#text":"0x39737"},{"@Name":"TerminalSessionId","#text":"1"},{"@Name":"IntegrityLevel","#text":"Medium"},{"@Name":"Hashes","#text":"SHA256=579DFCED8F02A7E1E6E8DF10C400117D3127EAD7231776A1E467EB507261E920"},{"@Name":"ParentProcessGuid","#text":"dbf410b3-a39e-6814-0d00-000000004500"},{"@Name":"ParentProcessId","#text":"800"},{"@Name":"ParentImage","#text":"C:\Windows\System32\svchost.exe"},{"@Name":"ParentCommandLine","#text":"C:\Windows\system32\svchost.exe -k DcomLaunch -p"},{"@Name":"ParentUser","#text":"NT AUTHORITY\SYSTEM"}]}}}
{"Event":{"System":{"Provider":{"@Name":"Microsoft-Windows-Sysmon","@Guid":"5770385f-c22a-43e0-bf4c-06f5698ffbd9"},"EventID":"5","Version":"3","Level":"4","Task":"5","Opcode":"0","Keywords":"100","TimeCreated":{"@SystemTime":"2025-05-02 14:44:57.8147502"},"EventRecordID":"60989","Correlation":null,"Execution":{"@ProcessID":"2488","@ThreadID":"4156"},"Channel":"Microsoft-Windows-Sysmon/Operational","Computer":"Server002","Security":{"@UserID":"S-1-5-18"}},"EventData":{"Data":[{"@Name":"RuleName","#text":"-"},{"@Name":"UtcTime","#text":"2025-05-02 14:44:57.804"},{"@Name":"ProcessGuid","#text":"dbf410b3-da53-6814-6602-000000004500"},{"@Name":"ProcessId","#text":"10184"},{"@Name":"Image","#text":"C:\Program Files\Microsoft OneDrive\25.065.0406.0002\FileCoAuth.exe"},{"@Name":"User","#text":"SERVER002\lplui"}]}}}
{"Event":{"System":{"Provider":{"@Name":"Microsoft-Windows-Sysmon","@Guid":"5770385f-c22a-43e0-bf4c-06f5698ffbd9"},"EventID":"1","Version":"5","Level":"4","Task":"1","Opcode":"0","Keywords":"100","TimeCreated":{"@SystemTime":"2025-05-02 14:44:59.8604482"},"EventRecordID":"60990","Correlation":null,"Execution":{"@ProcessID":"2488","@ThreadID":"4156"},"Channel":"Microsoft-Windows-Sysmon/Operational","Computer":"Server002","Security":{"@UserID":"S-1-5-18"}},"EventData":{"Data":[{"@Name":"RuleName","#text":"-"},{"@Name":"UtcTime","#text":"2025-05-02 14:44:59.833"},{"@Name":"ProcessGuid","#text":"dbf410b3-da6b-6814-6a02-000000004500"},{"@Name":"ProcessId","#text":"896"},{"@Name":"Image","#text":"C:\Windows\System32\svchost.exe"},{"@Name":"FileVersion","#text":"10.0.19041.4355 (WinBuild.160101.0800)"},{"@Name":"Description","#text":"Host Process for Windows Services"},{"@Name":"Product","#text":"Microsoft® Windows® Operating System"},{"@Name":"Company","#text":"Microsoft Corporation"},{"@Name":"OriginalFileName","#text":"svchost.exe"},{"@Name":"CommandLine","#text":"C:\Windows\system32\svchost.exe -k LocalSystemNetworkRestricted -p -s DevQueryBroker"},{"@Name":"CurrentDirectory","#text":"C:\Windows\system32\"},{"@Name":"User","#text":"NT AUTHORITY\SYSTEM"},{"@Name":"LogonGuid","#text":"dbf410b3-a39d-6814-e703-000000000000"},{"@Name":"LogonId","#text":"0x3E7"},{"@Name":"TerminalSessionId","#text":"0"},{"@Name":"IntegrityLevel","#text":"System"},{"@Name":"Hashes","#text":"SHA256=6FC3BF1FDFD76860BE782554F8D25BD32F108DB934D70F4253F1E5F23522E503"},{"@Name":"ParentProcessGuid","#text":"dbf410b3-a39d-6814-0b00-000000004500"},{"@Name":"ParentProcessId","#text":"676"},{"@Name":"ParentImage","#text":"C:\Windows\System32\services.exe"},{"@Name":"ParentCommandLine","#text":"C:\Windows\system32\services.exe"},{"@Name":"ParentUser","#text":"NT AUTHORITY\SYSTEM"}]}}}
{"Event":{"System":{"Provider":{"@Name":"Microsoft-Windows-Sysmon","@Guid":"5770385f-c22a-43e0-bf4c-06f5698ffbd9"},"EventID":"1","Version":"5","Level":"4","Task":"1","Opcode":"0","Keywords":"100","TimeCreated":{"@SystemTime":"2025-05-02 14:45:00.4652424"},"EventRecordID":"60991","Correlation":null,"Execution":{"@ProcessID":"2488","@ThreadID":"4156"},"Channel":"Microsoft-Windows-Sysmon/Operational","Computer":"Server002","Security":{"@UserID":"S-1-5-18"}},"EventData":{"Data":[{"@Name":"RuleName","#text":"-"},{"@Name":"UtcTime","#text":"2025-05-02 14:45:00.454"},{"@Name":"ProcessGuid","#text":"dbf410b3-da6c-6814-6b02-000000004500"},{"@Name":"ProcessId","#text":"2200"},{"@Name":"Image","#text":"C:\Windows\System32\backgroundTaskHost.exe"},{"@Name":"FileVersion","#text":"10.0.19041.3636 (WinBuild.160101.0800)"},{"@Name":"Description","#text":"Background Task Host"},{"@Name":"Product","#text":"Microsoft® Windows® Operating System"},{"@Name":"Company","#text":"Microsoft Corporation"},{"@Name":"OriginalFileName","#text":"backgroundTaskHost.exe"},{"@Name":"CommandLine","#text":"\"C:\Windows\system32\backgroundTaskHost.exe\" -ServerName:App.AppXfkd8mejksk4ancwf4vtyhmkvtzn1jcbs.mca"},{"@Name":"CurrentDirectory","#text":"C:\Program Files\WindowsApps\Microsoft.YourPhone_1.25032.76.0_x64__8wekyb3d8bbwe\"},{"@Name":"User","#text":"SERVER002\lplui"},{"@Name":"LogonGuid","#text":"dbf410b3-8789-6814-3797-030000000000"},{"@Name":"LogonId","#text":"0x39737"},{"@Name":"TerminalSessionId","#text":"1"},{"@Name":"IntegrityLevel","#text":"AppContainer"},{"@Name":"Hashes","#text":"SHA256=7077CBF56490C86FC74C0CC6C0379AB679F06A066E71906AD23458F664836449"},{"@Name":"ParentProcessGuid","#text":"dbf410b3-a39e-6814-0d00-000000004500"},{"@Name":"ParentProcessId","#text":"800"},{"@Name":"ParentImage","#text":"C:\Windows\System32\svchost.exe"},{"@Name":"ParentCommandLine","#text":"C:\Windows\system32\svchost.exe -k DcomLaunch -p"},{"@Name":"ParentUser","#text":"NT AUTHORITY\SYSTEM"}]}}}
{"Event":{"System":{"Provider":{"@Name":"Microsoft-Windows-Sysmon","@Guid":"5770385f-c22a-43e0-bf4c-06f5698ffbd9"},"EventID":"5","Version":"3","Level":"4","Task":"5","Opcode":"0","Keywords":"100","TimeCreated":{"@SystemTime":"2025-05-02 14:45:01.8258461"},"EventRecordID":"60992","Correlation":null,"Execution":{"@ProcessID":"2488","@ThreadID":"4156"},"Channel":"Microsoft-Windows-Sysmon/Operational","Computer":"Server002","Security":{"@UserID":"S-1-5-18"}},"EventData":{"Data":[{"@Name":"RuleName","#text":"-"},{"@Name":"UtcTime","#text":"2025-05-02 14:45:01.824"},{"@Name":"ProcessGuid","#text":"dbf410b3-d994-6814-0b02-000000004500"},{"@Name":"ProcessId","#text":"9540"},{"@Name":"Image","#text":"C:\Windows\System32\backgroundTaskHost.exe"},{"@Name":"User","#text":"SERVER002\lplui"}]}}}
{"Event":{"System":{"Provider":{"@Name":"Microsoft-Windows-Sysmon","@Guid":"5770385f-c22a-43e0-bf4c-06f5698ffbd9"},"EventID":"1","Version":"5","Level":"4","Task":"1","Opcode":"0","Keywords":"100","TimeCreated":{"@SystemTime":"2025-05-02 14:45:02.2122797"},"EventRecordID":"60993","Correlation":null,"Execution":{"@ProcessID":"2488","@ThreadID":"4156"},"Channel":"Microsoft-Windows-Sysmon/Operational","Computer":"Server002","Security":{"@UserID":"S-1-5-18"}},"EventData":{"Data":[{"@Name":"RuleName","#text":"-"},{"@Name":"UtcTime","#text":"2025-05-02 14:45:02.202"},{"@Name":"ProcessGuid","#text":"dbf410b3-da6e-6814-6c02-000000004500"},{"@Name":"ProcessId","#text":"2764"},{"@Name":"Image","#text":"C:\Windows\System32\backgroundTaskHost.exe"},{"@Name":"FileVersion","#text":"10.0.19041.3636 (WinBuild.160101.0800)"},{"@Name":"Description","#text":"Background Task Host"},{"@Name":"Product","#text":"Microsoft® Windows® Operating System"},{"@Name":"Company","#text":"Microsoft Corporation"},{"@Name":"OriginalFileName","#text":"backgroundTaskHost.exe"},{"@Name":"CommandLine","#text":"\"C:\Windows\system32\BackgroundTaskHost.exe\" -ServerName:BackgroundTaskHost.WebAccountProvider"},{"@Name":"CurrentDirectory","#text":"C:\Windows\SystemApps\Microsoft.AAD.BrokerPlugin_cw5n1h2txyewy\"},{"@Name":"User","#text":"SERVER002\lplui"},{"@Name":"LogonGuid","#text":"dbf410b3-8789-6814-3797-030000000000"},{"@Name":"LogonId","#text":"0x39737"},{"@Name":"TerminalSessionId","#text":"1"},{"@Name":"IntegrityLevel","#text":"AppContainer"},{"@Name":"Hashes","#text":"SHA256=7077CBF56490C86FC74C0CC6C0379AB679F06A066E71906AD23458F664836449"},{"@Name":"ParentProcessGuid","#text":"dbf410b3-a39e-6814-0d00-000000004500"},{"@Name":"ParentProcessId","#text":"800"},{"@Name":"ParentImage","#text":"C:\Windows\System32\svchost.exe"},{"@Name":"ParentCommandLine","#text":"C:\Windows\system32\svchost.exe -k DcomLaunch -p"},{"@Name":"ParentUser","#text":"NT AUTHORITY\SYSTEM"}]}}}
{"Event":{"System":{"Provider":{"@Name":"Microsoft-Windows-Sysmon","@Guid":"5770385f-c22a-43e0-bf4c-06f5698ffbd9"},"EventID":"1","Version":"5","Level":"4","Task":"1","Opcode":"0","Keywords":"100","TimeCreated":{"@SystemTime":"2025-05-02 14:45:03.3699507"},"EventRecordID":"60994","Correlation":null,"Execution":{"@ProcessID":"2488","@ThreadID":"4156"},"Channel":"Microsoft-Windows-Sysmon/Operational","Computer":"Server002","Security":{"@UserID":"S-1-5-18"}},"EventData":{"Data":[{"@Name":"RuleName","#text":"-"},{"@Name":"UtcTime","#text":"2025-05-02 14:45:03.352"},{"@Name":"ProcessGuid","#text":"dbf410b3-da6f-6814-6d02-000000004500"},{"@Name":"ProcessId","#text":"9516"},{"@Name":"Image","#text":"C:\Program Files (x86)\Microsoft\Edge\Application\msedge.exe"},{"@Name":"FileVersion","#text":"135.0.3179.98"},{"@Name":"Description","#text":"Microsoft Edge"},{"@Name":"Product","#text":"Microsoft Edge"},{"@Name":"Company","#text":"Microsoft Corporation"},{"@Name":"OriginalFileName","#text":"msedge.exe"},{"@Name":"CommandLine","#text":"\"C:\Program Files (x86)\Microsoft\Edge\Application\msedge.exe\" --type=utility --utility-sub-type=unzip.mojom.Unzipper --lang=en-GB --service-sandbox-type=service --always-read-main-dll --field-trial-handle=2264,i,4754198591178687341,14255666294261140107,262144 --variations-seed-version --mojo-platform-channel-handle=5412 /prefetch:8"},{"@Name":"CurrentDirectory","#text":"C:\Program Files (x86)\Microsoft\Edge\Application\135.0.3179.98\"},{"@Name":"User","#text":"SERVER002\lplui"},{"@Name":"LogonGuid","#text":"dbf410b3-8789-6814-3797-030000000000"},{"@Name":"LogonId","#text":"0x39737"},{"@Name":"TerminalSessionId","#text":"1"},{"@Name":"IntegrityLevel","#text":"Low"},{"@Name":"Hashes","#text":"SHA256=88F148D559A48AA0010691D07319CCD9723B945F6857C5D1676287C1868A84E6"},{"@Name":"ParentProcessGuid","#text":"dbf410b3-d995-6814-1102-000000004500"},{"@Name":"ParentProcessId","#text":"9660"},{"@Name":"ParentImage","#text":"C:\Program Files (x86)\Microsoft\Edge\Application\msedge.exe"},{"@Name":"ParentCommandLine","#text":"\"C:\Program Files (x86)\Microsoft\Edge\Application\msedge.exe\" --single-argument C:\Users\lplui\Desktop\sysmonconfig-export.xml"},{"@Name":"ParentUser","#text":"SERVER002\lplui"}]}}}
{"Event":{"System":{"Provider":{"@Name":"Microsoft-Windows-Sysmon","@Guid":"5770385f-c22a-43e0-bf4c-06f5698ffbd9"},"EventID":"5","Version":"3","Level":"4","Task":"5","Opcode":"0","Keywords":"100","TimeCreated":{"@SystemTime":"2025-05-02 14:45:07.2943133"},"EventRecordID":"60995","Correlation":null,"Execution":{"@ProcessID":"2488","@ThreadID":"4156"},"Channel":"Microsoft-Windows-Sysmon/Operational","Computer":"Server002","Security":{"@UserID":"S-1-5-18"}},"EventData":{"Data":[{"@Name":"RuleName","#text":"-"},{"@Name":"UtcTime","#text":"2025-05-02 14:45:07.292"},{"@Name":"ProcessGuid","#text":"dbf410b3-da6f-6814-6d02-000000004500"},{"@Name":"ProcessId","#text":"9516"},{"@Name":"Image","#text":"C:\Program Files (x86)\Microsoft\Edge\Application\msedge.exe"},{"@Name":"User","#text":"SERVER002\lplui"}]}}}
