{"Event":{"System":{"Provider":{"@Name":"Microsoft-Windows-WindowsUpdateClient","@Guid":"945a8954-c147-4acd-923f-40c45405a658"},"EventID":"44","Version":"1","Level":"4","Task":"1","Opcode":"12","Keywords":"12004","TimeCreated":{"@SystemTime":"2025-04-23 19:22:59.6971971"},"EventRecordID":"4996","Correlation":null,"Execution":{"@ProcessID":"6348","@ThreadID":"6940"},"Channel":"System","Computer":"Server002","Security":{"@UserID":"S-1-5-18"}},"EventData":{"Data":[{"@Name":"updateTitle","#text":"9MW2LKJ0TPJF-Microsoft.NET.Native.Framework.2.2"},{"@Name":"updateGuid","#text":"bfa7d40d-2cdf-4c15-98cf-85c847517da3"},{"@Name":"updateRevisionNumber","#text":"1"}]}}}
{"Event":{"System":{"Provider":{"@Name":"Microsoft-Windows-WindowsUpdateClient","@Guid":"945a8954-c147-4acd-923f-40c45405a658"},"EventID":"44","Version":"1","Level":"4","Task":"1","Opcode":"12","Keywords":"12004","TimeCreated":{"@SystemTime":"2025-04-23 19:22:59.6971977"},"EventRecordID":"4997","Correlation":null,"Execution":{"@ProcessID":"6348","@ThreadID":"6940"},"Channel":"System","Computer":"Server002","Security":{"@UserID":"S-1-5-18"}},"EventData":{"Data":[{"@Name":"updateTitle","#text":"9WZDNCRFHWD2-Microsoft.MicrosoftSolitaireCollection"},{"@Name":"updateGuid","#text":"c5f62a39-8c83-4ab5-8d67-55db689aacd8"},{"@Name":"updateRevisionNumber","#text":"1"}]}}}
{"Event":{"System":{"Provider":{"@Name":"Microsoft-Windows-WindowsUpdateClient","@Guid":"945a8954-c147-4acd-923f-40c45405a658"},"EventID":"44","Version":"1","Level":"4","Task":"1","Opcode":"12","Keywords":"12004","TimeCreated":{"@SystemTime":"2025-04-23 19:22:59.6971987"},"EventRecordID":"4998","Correlation":null,"Execution":{"@ProcessID":"6348","@ThreadID":"6940"},"Channel":"System","Computer":"Server002","Security":{"@UserID":"S-1-5-18"}},"EventData":{"Data":[{"@Name":"updateTitle","#text":"9WZDNCRFJ3PR-MICROSOFT.WINDOWSALARMS"},{"@Name":"updateGuid","#text":"956cd5a3-5d32-4972-8e6b-29c90b712ea5"},{"@Name":"updateRevisionNumber","#text":"1"}]}}}
{"Event":{"System":{"Provider":{"@Name":"Microsoft-Windows-WindowsUpdateClient","@Guid":"945a8954-c147-4acd-923f-40c45405a658"},"EventID":"44","Version":"1","Level":"4","Task":"1","Opcode":"12","Keywords":"12004","TimeCreated":{"@SystemTime":"2025-04-23 19:23:01.8857479"},"EventRecordID":"4999","Correlation":null,"Execution":{"@ProcessID":"6348","@ThreadID":"8652"},"Channel":"System","Computer":"Server002","Security":{"@UserID":"S-1-5-18"}},"EventData":{"Data":[{"@Name":"updateTitle","#text":"9WZDNCRFJ3P2-MICROSOFT.ZUNEVIDEO"},{"@Name":"updateGuid","#text":"a1f5042d-4087-43b8-ac6e-f0b15a89cb2f"},{"@Name":"updateRevisionNumber","#text":"1"}]}}}
{"Event":{"System":{"Provider":{"@Name":"Microsoft-Windows-WindowsUpdateClient","@Guid":"945a8954-c147-4acd-923f-40c45405a658"},"EventID":"43","Version":"1","Level":"4","Task":"1","Opcode":"13","Keywords":"12008","TimeCreated":{"@SystemTime":"2025-04-23 19:23:01.8877033"},"EventRecordID":"5000","Correlation":null,"Execution":{"@ProcessID":"6348","@ThreadID":"8652"},"Channel":"System","Computer":"Server002","Security":{"@UserID":"S-1-5-18"}},"EventData":{"Data":[{"@Name":"updateTitle","#text":"9WZDNCRFHWD2-Microsoft.MicrosoftSolitaireCollection"},{"@Name":"updateGuid","#text":"c5f62a39-8c83-4ab5-8d67-55db689aacd8"},{"@Name":"updateRevisionNumber","#text":"1"}]}}}
{"Event":{"System":{"Provider":{"@Name":"Microsoft-Windows-Kernel-General","@Guid":"a68ca8b7-004f-d7b6-a698-07e2de0f1f5d"},"EventID":"16","Version":"0","Level":"4","Task":"0","Opcode":"0","Keywords":"100","TimeCreated":{"@SystemTime":"2025-04-23 19:23:02.3506137"},"EventRecordID":"5001","Correlation":null,"Execution":{"@ProcessID":"5720","@ThreadID":"10652"},"Channel":"System","Computer":"Server002","Security":{"@UserID":"S-1-5-21-3962163828-2803415714-1403596700-1001"}},"EventData":{"Data":[{"@Name":"HiveNameLength","#text":"116"},{"@Name":"HiveName","#text":"\??\C:\Users\lplui\AppData\Local\Packages\Microsoft.MicrosoftSolitaireCollection_8wekyb3d8bbwe\Settings\settings.dat"},{"@Name":"KeysUpdated","#text":"2"},{"@Name":"DirtyPages","#text":"1"}]}}}
{"Event":{"System":{"Provider":{"@Name":"Microsoft-Windows-WindowsUpdateClient","@Guid":"945a8954-c147-4acd-923f-40c45405a658"},"EventID":"44","Version":"1","Level":"4","Task":"1","Opcode":"12","Keywords":"12004","TimeCreated":{"@SystemTime":"2025-04-23 19:23:04.0777580"},"EventRecordID":"5002","Correlation":{"@ActivityID":"056671c9-b482-0000-431f-670582b4db01"},"Execution":{"@ProcessID":"6348","@ThreadID":"8652"},"Channel":"System","Computer":"Server002","Security":{"@UserID":"S-1-5-18"}},"EventData":{"Data":[{"@Name":"updateTitle","#text":"9WZDNCRFJ3PT-MICROSOFT.ZUNEMUSIC"},{"@Name":"updateGuid","#text":"c4fd1d49-ec56-432d-84a8-84188fd4e594"},{"@Name":"updateRevisionNumber","#text":"1"}]}}}
{"Event":{"System":{"Provider":{"@Name":"Microsoft-Windows-WindowsUpdateClient","@Guid":"945a8954-c147-4acd-923f-40c45405a658"},"EventID":"44","Version":"1","Level":"4","Task":"1","Opcode":"12","Keywords":"12004","TimeCreated":{"@SystemTime":"2025-04-23 19:23:04.0777590"},"EventRecordID":"5003","Correlation":{"@ActivityID":"056671c9-b482-0000-431f-670582b4db01"},"Execution":{"@ProcessID":"6348","@ThreadID":"8652"},"Channel":"System","Computer":"Server002","Security":{"@UserID":"S-1-5-18"}},"EventData":{"Data":[{"@Name":"updateTitle","#text":"9NBLGGH3FRZM-Microsoft.VCLibs.140.00"},{"@Name":"updateGuid","#text":"7c4b0956-b3f1-40ac-a633-668abc5d6af2"},{"@Name":"updateRevisionNumber","#text":"1"}]}}}
{"Event":{"System":{"Provider":{"@Name":"Microsoft-Windows-WindowsUpdateClient","@Guid":"945a8954-c147-4acd-923f-40c45405a658"},"EventID":"44","Version":"1","Level":"4","Task":"1","Opcode":"12","Keywords":"12004","TimeCreated":{"@SystemTime":"2025-04-23 19:23:04.0777596"},"EventRecordID":"5004","Correlation":{"@ActivityID":"056671c9-b482-0000-431f-670582b4db01"},"Execution":{"@ProcessID":"6348","@ThreadID":"8652"},"Channel":"System","Computer":"Server002","Security":{"@UserID":"S-1-5-18"}},"EventData":{"Data":[{"@Name":"updateTitle","#text":"9WZDNCRFJ3PR-MICROSOFT.WINDOWSALARMS"},{"@Name":"updateGuid","#text":"956cd5a3-5d32-4972-8e6b-29c90b712ea5"},{"@Name":"updateRevisionNumber","#text":"1"}]}}}
{"Event":{"System":{"Provider":{"@Name":"Microsoft-Windows-WindowsUpdateClient","@Guid":"945a8954-c147-4acd-923f-40c45405a658"},"EventID":"44","Version":"1","Level":"4","Task":"1","Opcode":"12","Keywords":"12004","TimeCreated":{"@SystemTime":"2025-04-23 19:23:04.0777604"},"EventRecordID":"5005","Correlation":{"@ActivityID":"056671c9-b482-0000-431f-670582b4db01"},"Execution":{"@ProcessID":"6348","@ThreadID":"8652"},"Channel":"System","Computer":"Server002","Security":{"@UserID":"S-1-5-18"}},"EventData":{"Data":[{"@Name":"updateTitle","#text":"9NBLGGH4RV3K-Microsoft.VCLibs.140.00.UWPDesktop"},{"@Name":"updateGuid","#text":"fcdd3b59-f41c-4595-b36b-245bacb749e8"},{"@Name":"updateRevisionNumber","#text":"1"}]}}}
{"Event":{"System":{"Provider":{"@Name":"Microsoft-Windows-WindowsUpdateClient","@Guid":"945a8954-c147-4acd-923f-40c45405a658"},"EventID":"44","Version":"1","Level":"4","Task":"1","Opcode":"12","Keywords":"12004","TimeCreated":{"@SystemTime":"2025-04-23 19:23:04.0777610"},"EventRecordID":"5006","Correlation":{"@ActivityID":"056671c9-b482-0000-431f-670582b4db01"},"Execution":{"@ProcessID":"6348","@ThreadID":"8652"},"Channel":"System","Computer":"Server002","Security":{"@UserID":"S-1-5-18"}},"EventData":{"Data":[{"@Name":"updateTitle","#text":"9WZDNCRFJ3PR-MICROSOFT.WINDOWSALARMS"},{"@Name":"updateGuid","#text":"956cd5a3-5d32-4972-8e6b-29c90b712ea5"},{"@Name":"updateRevisionNumber","#text":"1"}]}}}
{"Event":{"System":{"Provider":{"@Name":"Microsoft-Windows-WindowsUpdateClient","@Guid":"945a8954-c147-4acd-923f-40c45405a658"},"EventID":"44","Version":"1","Level":"4","Task":"1","Opcode":"12","Keywords":"12004","TimeCreated":{"@SystemTime":"2025-04-23 19:23:04.0778327"},"EventRecordID":"5007","Correlation":{"@ActivityID":"056671c9-b482-0000-431f-670582b4db01"},"Execution":{"@ProcessID":"6348","@ThreadID":"8652"},"Channel":"System","Computer":"Server002","Security":{"@UserID":"S-1-5-18"}},"EventData":{"Data":[{"@Name":"updateTitle","#text":"9WZDNCRFJ3PT-MICROSOFT.ZUNEMUSIC"},{"@Name":"updateGuid","#text":"c4fd1d49-ec56-432d-84a8-84188fd4e594"},{"@Name":"updateRevisionNumber","#text":"1"}]}}}
{"Event":{"System":{"Provider":{"@Name":"Microsoft-Windows-WindowsUpdateClient","@Guid":"945a8954-c147-4acd-923f-40c45405a658"},"EventID":"19","Version":"1","Level":"4","Task":"1","Opcode":"13","Keywords":"118","TimeCreated":{"@SystemTime":"2025-04-23 19:23:04.0778337"},"EventRecordID":"5008","Correlation":{"@ActivityID":"056671c9-b482-0000-431f-670582b4db01"},"Execution":{"@ProcessID":"6348","@ThreadID":"8652"},"Channel":"System","Computer":"Server002","Security":{"@UserID":"S-1-5-18"}},"EventData":{"Data":[{"@Name":"updateTitle","#text":"9WZDNCRFHWD2-Microsoft.MicrosoftSolitaireCollection"},{"@Name":"updateGuid","#text":"c5f62a39-8c83-4ab5-8d67-55db689aacd8"},{"@Name":"updateRevisionNumber","#text":"1"},{"@Name":"serviceGuid","#text":"855e8a7c-ecb4-4ca3-b045-1dfa50104289"}]}}}
{"Event":{"System":{"Provider":{"@Name":"Microsoft-Windows-WindowsUpdateClient","@Guid":"945a8954-c147-4acd-923f-40c45405a658"},"EventID":"44","Version":"1","Level":"4","Task":"1","Opcode":"12","Keywords":"12004","TimeCreated":{"@SystemTime":"2025-04-23 19:23:06.4874579"},"EventRecordID":"5009","Correlation":null,"Execution":{"@ProcessID":"6348","@ThreadID":"6940"},"Channel":"System","Computer":"Server002","Security":{"@UserID":"S-1-5-18"}},"EventData":{"Data":[{"@Name":"updateTitle","#text":"9WZDNCRFJ3PT-MICROSOFT.ZUNEMUSIC"},{"@Name":"updateGuid","#text":"c4fd1d49-ec56-432d-84a8-84188fd4e594"},{"@Name":"updateRevisionNumber","#text":"1"}]}}}
{"Event":{"System":{"Provider":{"@Name":"Microsoft-Windows-WindowsUpdateClient","@Guid":"945a8954-c147-4acd-923f-40c45405a658"},"EventID":"44","Version":"1","Level":"4","Task":"1","Opcode":"12","Keywords":"12004","TimeCreated":{"@SystemTime":"2025-04-23 19:23:06.4874594"},"EventRecordID":"5010","Correlation":null,"Execution":{"@ProcessID":"6348","@ThreadID":"6940"},"Channel":"System","Computer":"Server002","Security":{"@UserID":"S-1-5-18"}},"EventData":{"Data":[{"@Name":"updateTitle","#text":"9NSTH9KHZDLQ-Microsoft.UI.Xaml.2.8"},{"@Name":"updateGuid","#text":"6b5369f2-d415-4daf-a500-1b864dc84dec"},{"@Name":"updateRevisionNumber","#text":"1"}]}}}
{"Event":{"System":{"Provider":{"@Name":"Microsoft-Windows-WindowsUpdateClient","@Guid":"945a8954-c147-4acd-923f-40c45405a658"},"EventID":"44","Version":"1","Level":"4","Task":"1","Opcode":"12","Keywords":"12004","TimeCreated":{"@SystemTime":"2025-04-23 19:24:01.9977368"},"EventRecordID":"5011","Correlation":null,"Execution":{"@ProcessID":"6348","@ThreadID":"6940"},"Channel":"System","Computer":"Server002","Security":{"@UserID":"S-1-5-18"}},"EventData":{"Data":[{"@Name":"updateTitle","#text":"9WZDNCRD29V9-MICROSOFT.MICROSOFTOFFICEHUB"},{"@Name":"updateGuid","#text":"275ccbce-82b8-4169-84c6-94ae44ae6e05"},{"@Name":"updateRevisionNumber","#text":"1"}]}}}
{"Event":{"System":{"Provider":{"@Name":"Microsoft-Windows-WindowsUpdateClient","@Guid":"945a8954-c147-4acd-923f-40c45405a658"},"EventID":"44","Version":"1","Level":"4","Task":"1","Opcode":"12","Keywords":"12004","TimeCreated":{"@SystemTime":"2025-04-23 19:24:02.9530701"},"EventRecordID":"5012","Correlation":null,"Execution":{"@ProcessID":"6348","@ThreadID":"6940"},"Channel":"System","Computer":"Server002","Security":{"@UserID":"S-1-5-18"}},"EventData":{"Data":[{"@Name":"updateTitle","#text":"9WZDNCRFJ3PT-MICROSOFT.ZUNEMUSIC"},{"@Name":"updateGuid","#text":"c4fd1d49-ec56-432d-84a8-84188fd4e594"},{"@Name":"updateRevisionNumber","#text":"1"}]}}}
{"Event":{"System":{"Provider":{"@Name":"Microsoft-Windows-WindowsUpdateClient","@Guid":"945a8954-c147-4acd-923f-40c45405a658"},"EventID":"44","Version":"1","Level":"4","Task":"1","Opcode":"12","Keywords":"12004","TimeCreated":{"@SystemTime":"2025-04-23 19:24:02.9530707"},"EventRecordID":"5013","Correlation":null,"Execution":{"@ProcessID":"6348","@ThreadID":"6940"},"Channel":"System","Computer":"Server002","Security":{"@UserID":"S-1-5-18"}},"EventData":{"Data":[{"@Name":"updateTitle","#text":"9PLL735RFDSM-Microsoft.NET.Native.Runtime.2.2"},{"@Name":"updateGuid","#text":"9c137291-4059-4cb8-b650-12b07bbe1da1"},{"@Name":"updateRevisionNumber","#text":"1"}]}}}
{"Event":{"System":{"Provider":{"@Name":"Microsoft-Windows-WindowsUpdateClient","@Guid":"945a8954-c147-4acd-923f-40c45405a658"},"EventID":"44","Version":"1","Level":"4","Task":"1","Opcode":"12","Keywords":"12004","TimeCreated":{"@SystemTime":"2025-04-23 19:24:02.9530712"},"EventRecordID":"5014","Correlation":null,"Execution":{"@ProcessID":"6348","@ThreadID":"6940"},"Channel":"System","Computer":"Server002","Security":{"@UserID":"S-1-5-18"}},"EventData":{"Data":[{"@Name":"updateTitle","#text":"9MW2LKJ0TPJF-Microsoft.NET.Native.Framework.2.2"},{"@Name":"updateGuid","#text":"bfa7d40d-2cdf-4c15-98cf-85c847517da3"},{"@Name":"updateRevisionNumber","#text":"1"}]}}}
{"Event":{"System":{"Provider":{"@Name":"Microsoft-Windows-WindowsUpdateClient","@Guid":"945a8954-c147-4acd-923f-40c45405a658"},"EventID":"44","Version":"1","Level":"4","Task":"1","Opcode":"12","Keywords":"12004","TimeCreated":{"@SystemTime":"2025-04-23 19:24:02.9530715"},"EventRecordID":"5015","Correlation":null,"Execution":{"@ProcessID":"6348","@ThreadID":"6940"},"Channel":"System","Computer":"Server002","Security":{"@UserID":"S-1-5-18"}},"EventData":{"Data":[{"@Name":"updateTitle","#text":"9WZDNCRFJ3PT-MICROSOFT.ZUNEMUSIC"},{"@Name":"updateGuid","#text":"c4fd1d49-ec56-432d-84a8-84188fd4e594"},{"@Name":"updateRevisionNumber","#text":"1"}]}}}
{"Event":{"System":{"Provider":{"@Name":"Microsoft-Windows-WindowsUpdateClient","@Guid":"945a8954-c147-4acd-923f-40c45405a658"},"EventID":"44","Version":"1","Level":"4","Task":"1","Opcode":"12","Keywords":"12004","TimeCreated":{"@SystemTime":"2025-04-23 19:24:04.8948430"},"EventRecordID":"5016","Correlation":null,"Execution":{"@ProcessID":"6348","@ThreadID":"6940"},"Channel":"System","Computer":"Server002","Security":{"@UserID":"S-1-5-18"}},"EventData":{"Data":[{"@Name":"updateTitle","#text":"9WZDNCRFJ3PT-MICROSOFT.ZUNEMUSIC"},{"@Name":"updateGuid","#text":"c4fd1d49-ec56-432d-84a8-84188fd4e594"},{"@Name":"updateRevisionNumber","#text":"1"}]}}}
{"Event":{"System":{"Provider":{"@Name":"Microsoft-Windows-WindowsUpdateClient","@Guid":"945a8954-c147-4acd-923f-40c45405a658"},"EventID":"44","Version":"1","Level":"4","Task":"1","Opcode":"12","Keywords":"12004","TimeCreated":{"@SystemTime":"2025-04-23 19:24:04.8948439"},"EventRecordID":"5017","Correlation":null,"Execution":{"@ProcessID":"6348","@ThreadID":"6940"},"Channel":"System","Computer":"Server002","Security":{"@UserID":"S-1-5-18"}},"EventData":{"Data":[{"@Name":"updateTitle","#text":"9NBLGGH3FRZM-Microsoft.VCLibs.140.00"},{"@Name":"updateGuid","#text":"7c4b0956-b3f1-40ac-a633-668abc5d6af2"},{"@Name":"updateRevisionNumber","#text":"1"}]}}}
{"Event":{"System":{"Provider":{"@Name":"Microsoft-Windows-Kernel-General","@Guid":"a68ca8b7-004f-d7b6-a698-07e2de0f1f5d"},"EventID":"16","Version":"0","Level":"4","Task":"0","Opcode":"0","Keywords":"100","TimeCreated":{"@SystemTime":"2025-04-23 19:24:09.7649960"},"EventRecordID":"5018","Correlation":null,"Execution":{"@ProcessID":"5720","@ThreadID":"2164"},"Channel":"System","Computer":"Server002","Security":{"@UserID":"S-1-5-18"}},"EventData":{"Data":[{"@Name":"HiveNameLength","#text":"130"},{"@Name":"HiveName","#text":"\??\C:\ProgramData\Microsoft\Windows\AppRepository\Packages\Microsoft.ZuneMusic_11.2503.5.0_x64__8wekyb3d8bbwe\ActivationStore.dat"},{"@Name":"KeysUpdated","#text":"0"},{"@Name":"DirtyPages","#text":"0"}]}}}
{"Event":{"System":{"Provider":{"@Name":"Microsoft-Windows-WindowsUpdateClient","@Guid":"945a8954-c147-4acd-923f-40c45405a658"},"EventID":"43","Version":"1","Level":"4","Task":"1","Opcode":"13","Keywords":"12008","TimeCreated":{"@SystemTime":"2025-04-23 19:24:11.5429424"},"EventRecordID":"5019","Correlation":null,"Execution":{"@ProcessID":"6348","@ThreadID":"7748"},"Channel":"System","Computer":"Server002","Security":{"@UserID":"S-1-5-18"}},"EventData":{"Data":[{"@Name":"updateTitle","#text":"9WZDNCRFJ3PT-MICROSOFT.ZUNEMUSIC"},{"@Name":"updateGuid","#text":"c4fd1d49-ec56-432d-84a8-84188fd4e594"},{"@Name":"updateRevisionNumber","#text":"1"}]}}}
{"Event":{"System":{"Provider":{"@Name":"Microsoft-Windows-Kernel-General","@Guid":"a68ca8b7-004f-d7b6-a698-07e2de0f1f5d"},"EventID":"16","Version":"0","Level":"4","Task":"0","Opcode":"0","Keywords":"100","TimeCreated":{"@SystemTime":"2025-04-23 19:24:11.7312928"},"EventRecordID":"5020","Correlation":null,"Execution":{"@ProcessID":"5720","@ThreadID":"2164"},"Channel":"System","Computer":"Server002","Security":{"@UserID":"S-1-5-21-3962163828-2803415714-1403596700-1001"}},"EventData":{"Data":[{"@Name":"HiveNameLength","#text":"97"},{"@Name":"HiveName","#text":"\??\C:\Users\lplui\AppData\Local\Packages\Microsoft.ZuneMusic_8wekyb3d8bbwe\Settings\settings.dat"},{"@Name":"KeysUpdated","#text":"2"},{"@Name":"DirtyPages","#text":"1"}]}}}
{"Event":{"System":{"Provider":{"@Name":"Microsoft-Windows-WindowsUpdateClient","@Guid":"945a8954-c147-4acd-923f-40c45405a658"},"EventID":"19","Version":"1","Level":"4","Task":"1","Opcode":"13","Keywords":"118","TimeCreated":{"@SystemTime":"2025-04-23 19:24:12.6403593"},"EventRecordID":"5021","Correlation":{"@ActivityID":"056671c9-b482-0001-d69f-670582b4db01"},"Execution":{"@ProcessID":"6348","@ThreadID":"7748"},"Channel":"System","Computer":"Server002","Security":{"@UserID":"S-1-5-18"}},"EventData":{"Data":[{"@Name":"updateTitle","#text":"9WZDNCRFJ3PT-MICROSOFT.ZUNEMUSIC"},{"@Name":"updateGuid","#text":"c4fd1d49-ec56-432d-84a8-84188fd4e594"},{"@Name":"updateRevisionNumber","#text":"1"},{"@Name":"serviceGuid","#text":"855e8a7c-ecb4-4ca3-b045-1dfa50104289"}]}}}
{"Event":{"System":{"Provider":{"@Name":"Microsoft-Windows-Kernel-General","@Guid":"a68ca8b7-004f-d7b6-a698-07e2de0f1f5d"},"EventID":"16","Version":"0","Level":"4","Task":"0","Opcode":"0","Keywords":"100","TimeCreated":{"@SystemTime":"2025-04-23 20:45:12.8963692"},"EventRecordID":"5022","Correlation":null,"Execution":{"@ProcessID":"1712","@ThreadID":"8812"},"Channel":"System","Computer":"Server002","Security":{"@UserID":"S-1-5-18"}},"EventData":{"Data":[{"@Name":"HiveNameLength","#text":"93"},{"@Name":"HiveName","#text":"\??\C:\Users\lplui\AppData\Local\Packages\Microsoft.Todos_8wekyb3d8bbwe\Settings\settings.dat"},{"@Name":"KeysUpdated","#text":"15"},{"@Name":"DirtyPages","#text":"2"}]}}}
{"Event":{"System":{"Provider":{"@Name":"Microsoft-Windows-Kernel-General","@Guid":"a68ca8b7-004f-d7b6-a698-07e2de0f1f5d"},"EventID":"12","Version":"0","Level":"4","Task":"1","Opcode":"0","Keywords":"180","TimeCreated":{"@SystemTime":"2025-04-24 10:14:07.2121185"},"EventRecordID":"5023","Correlation":null,"Execution":{"@ProcessID":"4","@ThreadID":"8"},"Channel":"System","Computer":"Server002","Security":{"@UserID":"S-1-5-18"}},"EventData":{"Data":[{"@Name":"MajorVersion","#text":"10"},{"@Name":"MinorVersion","#text":"0"},{"@Name":"BuildVersion","#text":"19041"},{"@Name":"QfeVersion","#text":"5737"},{"@Name":"ServiceVersion","#text":"0"},{"@Name":"BootMode","#text":"0"},{"@Name":"StartTime","#text":"2025-04-24 10:14:06.5000000"}]}}}
{"Event":{"System":{"Provider":{"@Name":"Microsoft-Windows-Kernel-Boot","@Guid":"15ca44ff-4d7a-4baa-bba5-0998955e531e"},"EventID":"153","Version":"0","Level":"4","Task":"62","Opcode":"0","Keywords":"100","TimeCreated":{"@SystemTime":"2025-04-24 10:14:07.2121636"},"EventRecordID":"5024","Correlation":null,"Execution":{"@ProcessID":"4","@ThreadID":"8"},"Channel":"System","Computer":"Server002","Security":{"@UserID":"S-1-5-18"}},"EventData":{"Data":[{"@Name":"Status","#text":"0"},{"@Name":"EnableDisableReason","#text":"0"},{"@Name":"VsmPolicy","#text":"0"}]}}}
{"Event":{"System":{"Provider":{"@Name":"Microsoft-Windows-Kernel-Boot","@Guid":"15ca44ff-4d7a-4baa-bba5-0998955e531e"},"EventID":"20","Version":"1","Level":"4","Task":"31","Opcode":"0","Keywords":"100","TimeCreated":{"@SystemTime":"2025-04-24 10:14:07.2125546"},"EventRecordID":"5025","Correlation":null,"Execution":{"@ProcessID":"4","@ThreadID":"8"},"Channel":"System","Computer":"Server002","Security":{"@UserID":"S-1-5-18"}},"EventData":{"Data":[{"@Name":"LastShutdownGood","#text":"False"},{"@Name":"LastBootGood","#text":"True"},{"@Name":"LastBootId","#text":"65"},{"@Name":"BootStatusPolicy","#text":"2"}]}}}
{"Event":{"System":{"Provider":{"@Name":"Microsoft-Windows-Kernel-Boot","@Guid":"15ca44ff-4d7a-4baa-bba5-0998955e531e"},"EventID":"25","Version":"0","Level":"4","Task":"32","Opcode":"0","Keywords":"100","TimeCreated":{"@SystemTime":"2025-04-24 10:14:07.2126143"},"EventRecordID":"5026","Correlation":null,"Execution":{"@ProcessID":"4","@ThreadID":"8"},"Channel":"System","Computer":"Server002","Security":{"@UserID":"S-1-5-18"}},"EventData":{"Data":{"@Name":"BootMenuPolicy","#text":"1"}}}}
{"Event":{"System":{"Provider":{"@Name":"Microsoft-Windows-Kernel-Boot","@Guid":"15ca44ff-4d7a-4baa-bba5-0998955e531e"},"EventID":"27","Version":"1","Level":"4","Task":"33","Opcode":"0","Keywords":"100","TimeCreated":{"@SystemTime":"2025-04-24 10:14:07.2126147"},"EventRecordID":"5027","Correlation":null,"Execution":{"@ProcessID":"4","@ThreadID":"8"},"Channel":"System","Computer":"Server002","Security":{"@UserID":"S-1-5-18"}},"EventData":{"Data":[{"@Name":"BootType","#text":"0"},{"@Name":"LoadOptions","#text":" NOEXECUTE=OPTIN"}]}}}
{"Event":{"System":{"Provider":{"@Name":"Microsoft-Windows-Kernel-Boot","@Guid":"15ca44ff-4d7a-4baa-bba5-0998955e531e"},"EventID":"18","Version":"0","Level":"4","Task":"57","Opcode":"0","Keywords":"100","TimeCreated":{"@SystemTime":"2025-04-24 10:14:07.2126191"},"EventRecordID":"5028","Correlation":null,"Execution":{"@ProcessID":"4","@ThreadID":"8"},"Channel":"System","Computer":"Server002","Security":{"@UserID":"S-1-5-18"}},"EventData":{"Data":{"@Name":"EntryCount","#text":"1"}}}}
{"Event":{"System":{"Provider":{"@Name":"Microsoft-Windows-Kernel-Boot","@Guid":"15ca44ff-4d7a-4baa-bba5-0998955e531e"},"EventID":"32","Version":"0","Level":"4","Task":"58","Opcode":"0","Keywords":"100","TimeCreated":{"@SystemTime":"2025-04-24 10:14:07.2126379"},"EventRecordID":"5029","Correlation":null,"Execution":{"@ProcessID":"4","@ThreadID":"8"},"Channel":"System","Computer":"Server002","Security":{"@UserID":"S-1-5-18"}},"EventData":{"Data":{"@Name":"BitlockerUserInputTime","#text":"0"}}}}
{"Event":{"System":{"Provider":{"@Name":"Microsoft-Windows-Kernel-General","@Guid":"a68ca8b7-004f-d7b6-a698-07e2de0f1f5d"},"EventID":"20","Version":"0","Level":"4","Task":"6","Opcode":"0","Keywords":"110","TimeCreated":{"@SystemTime":"2025-04-24 10:14:07.2170812"},"EventRecordID":"5030","Correlation":null,"Execution":{"@ProcessID":"4","@ThreadID":"8"},"Channel":"System","Computer":"Server002","Security":{"@UserID":"S-1-5-18"}},"EventData":{"Data":[{"@Name":"UpdateReason","#text":"0"},{"@Name":"EnabledNew","#text":"True"},{"@Name":"CountNew","#text":"0"},{"@Name":"CountOld","#text":"0"}]}}}
{"Event":{"System":{"Provider":{"@Name":"EventLog"},"EventID":{"@Qualifiers":"32768","#text":"6008"},"Version":"0","Level":"2","Task":"0","Opcode":"0","Keywords":"1","TimeCreated":{"@SystemTime":"2025-04-24 10:14:20.4132178"},"EventRecordID":"5031","Correlation":null,"Execution":{"@ProcessID":"0","@ThreadID":"0"},"Channel":"System","Computer":"Server002","Security":null},"EventData":{"Data":"21:20:16, ‎23/‎04/‎2025, 4771","Binary":"E9-07-04-00-03-00-17-00-15-00-14-00-10-00-56-02-E9-07-04-00-03-00-17-00-14-00-14-00-10-00-56-02-60-09-00-00-3C-00-00-00-01-00-00-00-60-09-00-00-01-00-00-00-B0-04-00-00-01-00-00-00-00-00-00-00"}}}
{"Event":{"System":{"Provider":{"@Name":"EventLog"},"EventID":{"@Qualifiers":"32768","#text":"6009"},"Version":"0","Level":"4","Task":"0","Opcode":"0","Keywords":"1","TimeCreated":{"@SystemTime":"2025-04-24 10:14:20.4132178"},"EventRecordID":"5032","Correlation":null,"Execution":{"@ProcessID":"0","@ThreadID":"0"},"Channel":"System","Computer":"Server002","Security":null},"EventData":{"Data":"10.00., 19045, Multiprocessor Free, 0","Binary":""}}}
{"Event":{"System":{"Provider":{"@Name":"EventLog"},"EventID":{"@Qualifiers":"32768","#text":"6005"},"Version":"0","Level":"4","Task":"0","Opcode":"0","Keywords":"1","TimeCreated":{"@SystemTime":"2025-04-24 10:14:20.4132178"},"EventRecordID":"5033","Correlation":null,"Execution":{"@ProcessID":"0","@ThreadID":"0"},"Channel":"System","Computer":"Server002","Security":null},"EventData":{"Data":"","Binary":"E9-07-04-00-04-00-18-00-0A-00-0E-00-14-00-9D-01-00-00-00-00-00-00-00-00"}}}
{"Event":{"System":{"Provider":{"@Name":"EventLog"},"EventID":{"@Qualifiers":"32768","#text":"6013"},"Version":"0","Level":"4","Task":"0","Opcode":"0","Keywords":"1","TimeCreated":{"@SystemTime":"2025-04-24 10:14:20.4285196"},"EventRecordID":"5034","Correlation":null,"Execution":{"@ProcessID":"0","@ThreadID":"0"},"Channel":"System","Computer":"Server002","Security":null},"EventData":{"Data":"13, 60, 0 GMT Standard Time","Binary":"31-00-2E-00-31-00-00-00-30-00-00-00-57-00-69-00-6E-00-64-00-6F-00-77-00-73-00-20-00-31-00-30-00-20-00-48-00-6F-00-6D-00-65-00-00-00-31-00-30-00-2E-00-30-00-2E-00-31-00-39-00-30-00-34-00-35-00-20-00-42-00-75-00-69-00-6C-00-64-00-20-00-31-00-39-00-30-00-34-00-35-00-20-00-20-00-00-00-4D-00-75-00-6C-00-74-00-69-00-70-00-72-00-6F-00-63-00-65-00-73-00-73-00-6F-00-72-00-20-00-46-00-72-00-65-00-65-00-00-00-31-00-39-00-30-00-34-00-31-00-2E-00-76-00-62-00-5F-00-72-00-65-00-6C-00-65-00-61-00-73-00-65-00-2E-00-31-00-39-00-31-00-32-00-30-00-36-00-2D-00-31-00-34-00-30-00-36-00-00-00-36-00-36-00-37-00-64-00-37-00-35-00-64-00-33-00-00-00-4E-00-6F-00-74-00-20-00-41-00-76-00-61-00-69-00-6C-00-61-00-62-00-6C-00-65-00-00-00-4E-00-6F-00-74-00-20-00-41-00-76-00-61-00-69-00-6C-00-61-00-62-00-6C-00-65-00-00-00-39-00-00-00-32-00-00-00-34-00-30-00-39-00-36-00-00-00-38-00-30-00-39-00-00-00-53-00-65-00-72-00-76-00-65-00-72-00-30-00-30-00-32-00-00-00-00-00"}}}
{"Event":{"System":{"Provider":{"@Name":"Microsoft-Windows-HAL","@Guid":"63d1e632-95cc-4443-9312-af927761d52a"},"EventID":"16","Version":"0","Level":"4","Task":"0","Opcode":"0","Keywords":"100","TimeCreated":{"@SystemTime":"2025-04-24 10:14:07.3031439"},"EventRecordID":"5035","Correlation":null,"Execution":{"@ProcessID":"4","@ThreadID":"8"},"Channel":"System","Computer":"Server002","Security":{"@UserID":"S-1-5-18"}},"EventData":""}}
{"Event":{"System":{"Provider":{"@Name":"Microsoft-Windows-FilterManager","@Guid":"f3c5e28e-63f6-49c7-a204-e48a1bc4b09d"},"EventID":"6","Version":"0","Level":"4","Task":"0","Opcode":"0","Keywords":"100","TimeCreated":{"@SystemTime":"2025-04-24 10:14:07.4822614"},"EventRecordID":"5036","Correlation":null,"Execution":{"@ProcessID":"4","@ThreadID":"8"},"Channel":"System","Computer":"Server002","Security":{"@UserID":"S-1-5-18"}},"EventData":{"Data":[{"@Name":"FinalStatus","#text":"0x0"},{"@Name":"DeviceVersionMajor","#text":"10"},{"@Name":"DeviceVersionMinor","#text":"0"},{"@Name":"DeviceNameLength","#text":"8"},{"@Name":"DeviceName","#text":"FileInfo"},{"@Name":"DeviceTime","#text":"2062-12-23 06:21:06.0000000"}]}}}
{"Event":{"System":{"Provider":{"@Name":"Microsoft-Windows-FilterManager","@Guid":"f3c5e28e-63f6-49c7-a204-e48a1bc4b09d"},"EventID":"6","Version":"0","Level":"4","Task":"0","Opcode":"0","Keywords":"100","TimeCreated":{"@SystemTime":"2025-04-24 10:14:07.4829155"},"EventRecordID":"5037","Correlation":null,"Execution":{"@ProcessID":"4","@ThreadID":"8"},"Channel":"System","Computer":"Server002","Security":{"@UserID":"S-1-5-18"}},"EventData":{"Data":[{"@Name":"FinalStatus","#text":"0x0"},{"@Name":"DeviceVersionMajor","#text":"10"},{"@Name":"DeviceVersionMinor","#text":"0"},{"@Name":"DeviceNameLength","#text":"3"},{"@Name":"DeviceName","#text":"Wof"},{"@Name":"DeviceTime","#text":"2090-03-16 19:56:17.0000000"}]}}}
{"Event":{"System":{"Provider":{"@Name":"Microsoft-Windows-FilterManager","@Guid":"f3c5e28e-63f6-49c7-a204-e48a1bc4b09d"},"EventID":"6","Version":"0","Level":"4","Task":"0","Opcode":"0","Keywords":"100","TimeCreated":{"@SystemTime":"2025-04-24 10:14:07.5081441"},"EventRecordID":"5038","Correlation":null,"Execution":{"@ProcessID":"4","@ThreadID":"8"},"Channel":"System","Computer":"Server002","Security":{"@UserID":"S-1-5-18"}},"EventData":{"Data":[{"@Name":"FinalStatus","#text":"0x0"},{"@Name":"DeviceVersionMajor","#text":"0"},{"@Name":"DeviceVersionMinor","#text":"0"},{"@Name":"DeviceNameLength","#text":"9"},{"@Name":"DeviceName","#text":"SysmonDrv"},{"@Name":"DeviceTime","#text":"2024-07-22 16:29:55.0000000"}]}}}
{"Event":{"System":{"Provider":{"@Name":"Microsoft-Windows-Ntfs","@Guid":"3ff37a1c-a68d-4d6e-8c9b-f79e8b16c482"},"EventID":"98","Version":"0","Level":"4","Task":"0","Opcode":"0","Keywords":"102","TimeCreated":{"@SystemTime":"2025-04-24 10:14:08.9705205"},"EventRecordID":"5039","Correlation":null,"Execution":{"@ProcessID":"4","@ThreadID":"268"},"Channel":"System","Computer":"Server002","Security":{"@UserID":"S-1-5-18"}},"EventData":{"Data":[{"@Name":"DriveName","#text":"C:"},{"@Name":"DeviceName","#text":"\Device\HarddiskVolume2"},{"@Name":"CorruptionActionState","#text":"0"}]}}}
{"Event":{"System":{"Provider":{"@Name":"Microsoft-Windows-FilterManager","@Guid":"f3c5e28e-63f6-49c7-a204-e48a1bc4b09d"},"EventID":"6","Version":"0","Level":"4","Task":"0","Opcode":"0","Keywords":"100","TimeCreated":{"@SystemTime":"2025-04-24 10:14:09.0939009"},"EventRecordID":"5040","Correlation":null,"Execution":{"@ProcessID":"4","@ThreadID":"8"},"Channel":"System","Computer":"Server002","Security":{"@UserID":"S-1-5-18"}},"EventData":{"Data":[{"@Name":"FinalStatus","#text":"0x0"},{"@Name":"DeviceVersionMajor","#text":"10"},{"@Name":"DeviceVersionMinor","#text":"0"},{"@Name":"DeviceNameLength","#text":"9"},{"@Name":"DeviceName","#text":"FileCrypt"},{"@Name":"DeviceTime","#text":"2002-03-01 12:12:42.0000000"}]}}}
{"Event":{"System":{"Provider":{"@Name":"Microsoft-Windows-FilterManager","@Guid":"f3c5e28e-63f6-49c7-a204-e48a1bc4b09d"},"EventID":"6","Version":"0","Level":"4","Task":"0","Opcode":"0","Keywords":"100","TimeCreated":{"@SystemTime":"2025-04-24 10:14:09.1064085"},"EventRecordID":"5041","Correlation":null,"Execution":{"@ProcessID":"4","@ThreadID":"8"},"Channel":"System","Computer":"Server002","Security":{"@UserID":"S-1-5-18"}},"EventData":{"Data":[{"@Name":"FinalStatus","#text":"0x0"},{"@Name":"DeviceVersionMajor","#text":"10"},{"@Name":"DeviceVersionMinor","#text":"0"},{"@Name":"DeviceNameLength","#text":"4"},{"@Name":"DeviceName","#text":"UCPD"},{"@Name":"DeviceTime","#text":"2054-12-29 18:15:19.0000000"}]}}}
{"Event":{"System":{"Provider":{"@Name":"Microsoft-Windows-FilterManager","@Guid":"f3c5e28e-63f6-49c7-a204-e48a1bc4b09d"},"EventID":"6","Version":"0","Level":"4","Task":"0","Opcode":"0","Keywords":"100","TimeCreated":{"@SystemTime":"2025-04-24 10:14:09.5264750"},"EventRecordID":"5042","Correlation":null,"Execution":{"@ProcessID":"4","@ThreadID":"8"},"Channel":"System","Computer":"Server002","Security":{"@UserID":"S-1-5-18"}},"EventData":{"Data":[{"@Name":"FinalStatus","#text":"0x0"},{"@Name":"DeviceVersionMajor","#text":"10"},{"@Name":"DeviceVersionMinor","#text":"0"},{"@Name":"DeviceNameLength","#text":"9"},{"@Name":"DeviceName","#text":"npsvctrig"},{"@Name":"DeviceTime","#text":"2025-01-06 03:41:12.0000000"}]}}}
{"Event":{"System":{"Provider":{"@Name":"Microsoft-Windows-Ntfs","@Guid":"3ff37a1c-a68d-4d6e-8c9b-f79e8b16c482"},"EventID":"98","Version":"0","Level":"4","Task":"0","Opcode":"0","Keywords":"102","TimeCreated":{"@SystemTime":"2025-04-24 10:14:09.6234022"},"EventRecordID":"5043","Correlation":null,"Execution":{"@ProcessID":"4","@ThreadID":"196"},"Channel":"System","Computer":"Server002","Security":{"@UserID":"S-1-5-18"}},"EventData":{"Data":[{"@Name":"DriveName","#text":"\?\Volume{8c181ea3-0000-0000-0000-100000000000}"},{"@Name":"DeviceName","#text":"\Device\HarddiskVolume1"},{"@Name":"CorruptionActionState","#text":"0"}]}}}
{"Event":{"System":{"Provider":{"@Name":"Microsoft-Windows-Kernel-Power","@Guid":"331c3b3a-2005-44c2-ac5e-77220c37d6b4"},"EventID":"41","Version":"8","Level":"1","Task":"63","Opcode":"0","Keywords":"0x8000400000000002","TimeCreated":{"@SystemTime":"2025-04-24 10:14:09.7007995"},"EventRecordID":"5044","Correlation":null,"Execution":{"@ProcessID":"4","@ThreadID":"8"},"Channel":"System","Computer":"Server002","Security":{"@UserID":"S-1-5-18"}},"EventData":{"Data":[{"@Name":"BugcheckCode","#text":"0"},{"@Name":"BugcheckParameter1","#text":"0x0"},{"@Name":"BugcheckParameter2","#text":"0x0"},{"@Name":"BugcheckParameter3","#text":"0x0"},{"@Name":"BugcheckParameter4","#text":"0x0"},{"@Name":"SleepInProgress","#text":"0"},{"@Name":"PowerButtonTimestamp","#text":"0"},{"@Name":"BootAppStatus","#text":"0"},{"@Name":"Checkpoint","#text":"0"},{"@Name":"ConnectedStandbyInProgress","#text":"False"},{"@Name":"SystemSleepTransitionsToOn","#text":"0"},{"@Name":"CsEntryScenarioInstanceId","#text":"0"},{"@Name":"BugcheckInfoFromEFI","#text":"False"},{"@Name":"CheckpointStatus","#text":"0"},{"@Name":"CsEntryScenarioInstanceIdV2","#text":"0"},{"@Name":"LongPowerButtonPressDetected","#text":"False"}]}}}
{"Event":{"System":{"Provider":{"@Name":"Microsoft-Windows-Kernel-Power","@Guid":"331c3b3a-2005-44c2-ac5e-77220c37d6b4"},"EventID":"172","Version":"0","Level":"4","Task":"203","Opcode":"0","Keywords":"10404","TimeCreated":{"@SystemTime":"2025-04-24 10:14:09.7025221"},"EventRecordID":"5045","Correlation":null,"Execution":{"@ProcessID":"4","@ThreadID":"332"},"Channel":"System","Computer":"Server002","Security":{"@UserID":"S-1-5-18"}},"EventData":{"Data":[{"@Name":"State","#text":"2"},{"@Name":"Reason","#text":"6"}]}}}
{"Event":{"System":{"Provider":{"@Name":"Microsoft-Windows-Kernel-Processor-Power","@Guid":"0f67e49f-fe51-4e9f-b490-6f2948cc6027"},"EventID":"55","Version":"0","Level":"4","Task":"47","Opcode":"0","Keywords":"100","TimeCreated":{"@SystemTime":"2025-04-24 10:14:10.4996542"},"EventRecordID":"5046","Correlation":null,"Execution":{"@ProcessID":"4","@ThreadID":"196"},"Channel":"System","Computer":"Server002","Security":{"@UserID":"S-1-5-18"}},"EventData":{"Data":[{"@Name":"Group","#text":"0"},{"@Name":"Number","#text":"0"},{"@Name":"IdleStateCount","#text":"1"},{"@Name":"IdleImplementation","#text":"1"},{"@Name":"NominalFrequency","#text":"2419"},{"@Name":"MaximumPerformancePercent","#text":"100"},{"@Name":"MinimumPerformancePercent","#text":"100"},{"@Name":"MinimumThrottlePercent","#text":"100"},{"@Name":"PerformanceImplementation","#text":"0"}]}}}
{"Event":{"System":{"Provider":{"@Name":"Microsoft-Windows-Kernel-Processor-Power","@Guid":"0f67e49f-fe51-4e9f-b490-6f2948cc6027"},"EventID":"55","Version":"0","Level":"4","Task":"47","Opcode":"0","Keywords":"100","TimeCreated":{"@SystemTime":"2025-04-24 10:14:10.5020793"},"EventRecordID":"5047","Correlation":null,"Execution":{"@ProcessID":"4","@ThreadID":"196"},"Channel":"System","Computer":"Server002","Security":{"@UserID":"S-1-5-18"}},"EventData":{"Data":[{"@Name":"Group","#text":"0"},{"@Name":"Number","#text":"1"},{"@Name":"IdleStateCount","#text":"1"},{"@Name":"IdleImplementation","#text":"1"},{"@Name":"NominalFrequency","#text":"2419"},{"@Name":"MaximumPerformancePercent","#text":"100"},{"@Name":"MinimumPerformancePercent","#text":"100"},{"@Name":"MinimumThrottlePercent","#text":"100"},{"@Name":"PerformanceImplementation","#text":"0"}]}}}
{"Event":{"System":{"Provider":{"@Name":"Microsoft-Windows-Kernel-Power","@Guid":"331c3b3a-2005-44c2-ac5e-77220c37d6b4"},"EventID":"521","Version":"0","Level":"4","Task":"220","Opcode":"0","Keywords":"10404","TimeCreated":{"@SystemTime":"2025-04-24 10:14:10.5957952"},"EventRecordID":"5048","Correlation":null,"Execution":{"@ProcessID":"4","@ThreadID":"332"},"Channel":"System","Computer":"Server002","Security":{"@UserID":"S-1-5-18"}},"EventData":{"Data":[{"@Name":"ValidBatteryCount","#text":"0"},{"@Name":"ErrorBatteryCount","#text":"0"},{"@Name":"AbandonedBatteryCount","#text":"0"}]}}}
{"Event":{"System":{"Provider":{"@Name":"Microsoft-Windows-Kernel-Power","@Guid":"331c3b3a-2005-44c2-ac5e-77220c37d6b4"},"EventID":"521","Version":"0","Level":"4","Task":"220","Opcode":"0","Keywords":"10404","TimeCreated":{"@SystemTime":"2025-04-24 10:14:10.5986711"},"EventRecordID":"5049","Correlation":null,"Execution":{"@ProcessID":"4","@ThreadID":"292"},"Channel":"System","Computer":"Server002","Security":{"@UserID":"S-1-5-18"}},"EventData":{"Data":[{"@Name":"ValidBatteryCount","#text":"1"},{"@Name":"ErrorBatteryCount","#text":"0"},{"@Name":"AbandonedBatteryCount","#text":"0"}]}}}
{"Event":{"System":{"Provider":{"@Name":"Microsoft-Windows-Ntfs","@Guid":"3ff37a1c-a68d-4d6e-8c9b-f79e8b16c482"},"EventID":"98","Version":"0","Level":"4","Task":"0","Opcode":"0","Keywords":"102","TimeCreated":{"@SystemTime":"2025-04-24 10:14:15.9033917"},"EventRecordID":"5050","Correlation":null,"Execution":{"@ProcessID":"4","@ThreadID":"352"},"Channel":"System","Computer":"Server002","Security":{"@UserID":"S-1-5-18"}},"EventData":{"Data":[{"@Name":"DriveName","#text":"\?\Volume{8c181ea3-0000-0000-0000-c05e0c000000}"},{"@Name":"DeviceName","#text":"\Device\HarddiskVolume3"},{"@Name":"CorruptionActionState","#text":"0"}]}}}
{"Event":{"System":{"Provider":{"@Name":"Microsoft-Windows-Kernel-General","@Guid":"a68ca8b7-004f-d7b6-a698-07e2de0f1f5d"},"EventID":"24","Version":"0","Level":"4","Task":"11","Opcode":"0","Keywords":"110","TimeCreated":{"@SystemTime":"2025-04-24 10:14:17.2996167"},"EventRecordID":"5051","Correlation":null,"Execution":{"@ProcessID":"92","@ThreadID":"424"},"Channel":"System","Computer":"Server002","Security":{"@UserID":"S-1-5-18"}},"EventData":{"Data":[{"@Name":"ExitReason","#text":"0"},{"@Name":"CurrentBias","#text":"-60"},{"@Name":"CurrentTimeZoneID","#text":"2"},{"@Name":"TimeZoneInfoCacheUpdated","#text":"0"},{"@Name":"FirstRefresh","#text":"0"}]}}}
{"Event":{"System":{"Provider":{"@Name":"Microsoft-Windows-Wininit","@Guid":"206f6dea-d3c5-4d10-bc72-989f03c8b84b"},"EventID":"14","Version":"0","Level":"4","Task":"0","Opcode":"0","Keywords":"0x4000000000000000","TimeCreated":{"@SystemTime":"2025-04-24 10:14:18.8653837"},"EventRecordID":"5052","Correlation":null,"Execution":{"@ProcessID":"524","@ThreadID":"528"},"Channel":"System","Computer":"Server002","Security":{"@UserID":"S-1-5-18"}},"EventData":{"Data":[{"@Name":"Config","#text":"0"},{"@Name":"IsTestConfig","#text":"0"}]}}}
{"Event":{"System":{"Provider":{"@Name":"Microsoft-Windows-Directory-Services-SAM","@Guid":"0d4fdc09-8c27-494a-bda0-505e4fd8adae"},"EventID":"16962","Version":"0","Level":"4","Task":"0","Opcode":"0","Keywords":"100","TimeCreated":{"@SystemTime":"2025-04-24 10:14:19.3004117"},"EventRecordID":"5053","Correlation":{"@ActivityID":"9d070c9f-b501-0000-b60d-079d01b5db01"},"Execution":{"@ProcessID":"668","@ThreadID":"672"},"Channel":"System","Computer":"Server002","Security":{"@UserID":"S-1-5-18"}},"EventData":{"@Name":"SAMMSG_RESTRICT_REMOTE_SAM_DEFAULT_SD","Data":{"@Name":"Default SD String:","#text":"O:SYG:SYD:(A;;RC;;;BA)"}}}}
{"Event":{"System":{"Provider":{"@Name":"Microsoft-Windows-Directory-Services-SAM","@Guid":"0d4fdc09-8c27-494a-bda0-505e4fd8adae"},"EventID":"16977","Version":"0","Level":"4","Task":"0","Opcode":"0","Keywords":"100","TimeCreated":{"@SystemTime":"2025-04-24 10:14:19.3137544"},"EventRecordID":"5054","Correlation":{"@ActivityID":"9d070c9f-b501-0000-b60d-079d01b5db01"},"Execution":{"@ProcessID":"668","@ThreadID":"672"},"Channel":"System","Computer":"Server002","Security":{"@UserID":"S-1-5-18"}},"EventData":{"@Name":"SAMMSG_MINPWDLEN_SETTINGS_IN_EFFECT","Data":[{"@Name":"MinimumPasswordLength","#text":"0"},{"@Name":"RelaxMinimumPasswordLengthLimits","#text":"0"},{"@Name":"MinimumPasswordLengthAudit","#text":"-1"}]}}}
{"Event":{"System":{"Provider":{"@Name":"Microsoft-Windows-Directory-Services-SAM","@Guid":"0d4fdc09-8c27-494a-bda0-505e4fd8adae"},"EventID":"16983","Version":"0","Level":"4","Task":"0","Opcode":"0","Keywords":"100","TimeCreated":{"@SystemTime":"2025-04-24 10:14:19.3137594"},"EventRecordID":"5055","Correlation":{"@ActivityID":"9d070c9f-b501-0000-b60d-079d01b5db01"},"Execution":{"@ProcessID":"668","@ThreadID":"672"},"Channel":"System","Computer":"Server002","Security":{"@UserID":"S-1-5-18"}},"EventData":{"@Name":"SAMMSG_AUDIT_LEGACY_PWD_RPC_METHODS_OFF"}}}
{"Event":{"System":{"Provider":{"@Name":"Microsoft-Windows-Dhcp-Client","@Guid":"15a7a4f8-0072-4eab-abad-f98a4d666aed"},"EventID":"50036","Version":"0","Level":"4","Task":"4","Opcode":"68","Keywords":"0x2000000000000000","TimeCreated":{"@SystemTime":"2025-04-24 10:14:20.6239854"},"EventRecordID":"5056","Correlation":null,"Execution":{"@ProcessID":"1300","@ThreadID":"1336"},"Channel":"System","Computer":"Server002","Security":{"@UserID":"S-1-5-19"}},"EventData":""}}
{"Event":{"System":{"Provider":{"@Name":"Microsoft-Windows-Dhcp-Client","@Guid":"15a7a4f8-0072-4eab-abad-f98a4d666aed"},"EventID":"50103","Version":"0","Level":"4","Task":"4","Opcode":"129","Keywords":"0x2000000000000000","TimeCreated":{"@SystemTime":"2025-04-24 10:14:20.6240211"},"EventRecordID":"5057","Correlation":null,"Execution":{"@ProcessID":"1300","@ThreadID":"1336"},"Channel":"System","Computer":"Server002","Security":{"@UserID":"S-1-5-19"}},"EventData":""}}
{"Event":{"System":{"Provider":{"@Name":"Microsoft-Windows-DHCPv6-Client","@Guid":"6a1f2b00-6a90-4c38-95a5-5cab3b056778"},"EventID":"51046","Version":"0","Level":"4","Task":"4","Opcode":"62","Keywords":"0x2000000000000000","TimeCreated":{"@SystemTime":"2025-04-24 10:14:20.6719972"},"EventRecordID":"5058","Correlation":null,"Execution":{"@ProcessID":"1300","@ThreadID":"1368"},"Channel":"System","Computer":"Server002","Security":{"@UserID":"S-1-5-19"}},"EventData":""}}
{"Event":{"System":{"Provider":{"@Name":"Microsoft-Windows-FilterManager","@Guid":"f3c5e28e-63f6-49c7-a204-e48a1bc4b09d"},"EventID":"6","Version":"0","Level":"4","Task":"0","Opcode":"0","Keywords":"100","TimeCreated":{"@SystemTime":"2025-04-24 10:14:20.7902005"},"EventRecordID":"5059","Correlation":null,"Execution":{"@ProcessID":"4","@ThreadID":"100"},"Channel":"System","Computer":"Server002","Security":{"@UserID":"S-1-5-18"}},"EventData":{"Data":[{"@Name":"FinalStatus","#text":"0x0"},{"@Name":"DeviceVersionMajor","#text":"10"},{"@Name":"DeviceVersionMinor","#text":"0"},{"@Name":"DeviceNameLength","#text":"5"},{"@Name":"DeviceName","#text":"luafv"},{"@Name":"DeviceTime","#text":"2091-08-26 19:09:08.0000000"}]}}}
{"Event":{"System":{"Provider":{"@Name":"Microsoft-Windows-FilterManager","@Guid":"f3c5e28e-63f6-49c7-a204-e48a1bc4b09d"},"EventID":"6","Version":"0","Level":"4","Task":"0","Opcode":"0","Keywords":"100","TimeCreated":{"@SystemTime":"2025-04-24 10:14:20.8161410"},"EventRecordID":"5060","Correlation":null,"Execution":{"@ProcessID":"4","@ThreadID":"284"},"Channel":"System","Computer":"Server002","Security":{"@UserID":"S-1-5-18"}},"EventData":{"Data":[{"@Name":"FinalStatus","#text":"0x0"},{"@Name":"DeviceVersionMajor","#text":"10"},{"@Name":"DeviceVersionMinor","#text":"0"},{"@Name":"DeviceNameLength","#text":"5"},{"@Name":"DeviceName","#text":"wcifs"},{"@Name":"DeviceTime","#text":"2047-08-27 06:28:50.0000000"}]}}}
{"Event":{"System":{"Provider":{"@Name":"Microsoft-Windows-FilterManager","@Guid":"f3c5e28e-63f6-49c7-a204-e48a1bc4b09d"},"EventID":"6","Version":"0","Level":"4","Task":"0","Opcode":"0","Keywords":"100","TimeCreated":{"@SystemTime":"2025-04-24 10:14:20.8819864"},"EventRecordID":"5061","Correlation":null,"Execution":{"@ProcessID":"4","@ThreadID":"196"},"Channel":"System","Computer":"Server002","Security":{"@UserID":"S-1-5-18"}},"EventData":{"Data":[{"@Name":"FinalStatus","#text":"0x0"},{"@Name":"DeviceVersionMajor","#text":"10"},{"@Name":"DeviceVersionMinor","#text":"0"},{"@Name":"DeviceNameLength","#text":"6"},{"@Name":"DeviceName","#text":"CldFlt"},{"@Name":"DeviceTime","#text":"2041-04-06 10:09:38.0000000"}]}}}
{"Event":{"System":{"Provider":{"@Name":"Microsoft-Windows-FilterManager","@Guid":"f3c5e28e-63f6-49c7-a204-e48a1bc4b09d"},"EventID":"1","Version":"0","Level":"4","Task":"0","Opcode":"0","Keywords":"100","TimeCreated":{"@SystemTime":"2025-04-24 10:14:20.8820092"},"EventRecordID":"5062","Correlation":null,"Execution":{"@ProcessID":"4","@ThreadID":"196"},"Channel":"System","Computer":"Server002","Security":{"@UserID":"S-1-5-18"}},"EventData":{"Data":[{"@Name":"FinalStatus","#text":"0x0"},{"@Name":"DeviceVersionMajor","#text":"10"},{"@Name":"DeviceVersionMinor","#text":"0"},{"@Name":"DeviceNameLength","#text":"6"},{"@Name":"DeviceName","#text":"CldFlt"},{"@Name":"DeviceTime","#text":"2041-04-06 10:09:38.0000000"}]}}}
{"Event":{"System":{"Provider":{"@Name":"Microsoft-Windows-FilterManager","@Guid":"f3c5e28e-63f6-49c7-a204-e48a1bc4b09d"},"EventID":"6","Version":"0","Level":"4","Task":"0","Opcode":"0","Keywords":"100","TimeCreated":{"@SystemTime":"2025-04-24 10:14:20.8821807"},"EventRecordID":"5063","Correlation":null,"Execution":{"@ProcessID":"4","@ThreadID":"196"},"Channel":"System","Computer":"Server002","Security":{"@UserID":"S-1-5-18"}},"EventData":{"Data":[{"@Name":"FinalStatus","#text":"0x0"},{"@Name":"DeviceVersionMajor","#text":"10"},{"@Name":"DeviceVersionMinor","#text":"0"},{"@Name":"DeviceNameLength","#text":"6"},{"@Name":"DeviceName","#text":"CldFlt"},{"@Name":"DeviceTime","#text":"2041-04-06 10:09:38.0000000"}]}}}
{"Event":{"System":{"Provider":{"@Name":"Microsoft-Windows-FilterManager","@Guid":"f3c5e28e-63f6-49c7-a204-e48a1bc4b09d"},"EventID":"6","Version":"0","Level":"4","Task":"0","Opcode":"0","Keywords":"100","TimeCreated":{"@SystemTime":"2025-04-24 10:14:20.9404293"},"EventRecordID":"5064","Correlation":null,"Execution":{"@ProcessID":"4","@ThreadID":"100"},"Channel":"System","Computer":"Server002","Security":{"@UserID":"S-1-5-18"}},"EventData":{"Data":[{"@Name":"FinalStatus","#text":"0x0"},{"@Name":"DeviceVersionMajor","#text":"10"},{"@Name":"DeviceVersionMinor","#text":"0"},{"@Name":"DeviceNameLength","#text":"10"},{"@Name":"DeviceName","#text":"storqosflt"},{"@Name":"DeviceTime","#text":"2010-08-23 14:03:45.0000000"}]}}}
{"Event":{"System":{"Provider":{"@Name":"Microsoft-Windows-FilterManager","@Guid":"f3c5e28e-63f6-49c7-a204-e48a1bc4b09d"},"EventID":"6","Version":"0","Level":"4","Task":"0","Opcode":"0","Keywords":"100","TimeCreated":{"@SystemTime":"2025-04-24 10:14:20.9623972"},"EventRecordID":"5065","Correlation":null,"Execution":{"@ProcessID":"4","@ThreadID":"100"},"Channel":"System","Computer":"Server002","Security":{"@UserID":"S-1-5-18"}},"EventData":{"Data":[{"@Name":"FinalStatus","#text":"0x0"},{"@Name":"DeviceVersionMajor","#text":"10"},{"@Name":"DeviceVersionMinor","#text":"0"},{"@Name":"DeviceNameLength","#text":"13"},{"@Name":"DeviceName","#text":"mbamchameleon"},{"@Name":"DeviceTime","#text":"2025-01-23 20:43:38.0000000"}]}}}
{"Event":{"System":{"Provider":{"@Name":"Microsoft-Windows-FilterManager","@Guid":"f3c5e28e-63f6-49c7-a204-e48a1bc4b09d"},"EventID":"6","Version":"0","Level":"4","Task":"0","Opcode":"0","Keywords":"100","TimeCreated":{"@SystemTime":"2025-04-24 10:14:21.0345660"},"EventRecordID":"5066","Correlation":null,"Execution":{"@ProcessID":"4","@ThreadID":"100"},"Channel":"System","Computer":"Server002","Security":{"@UserID":"S-1-5-18"}},"EventData":{"Data":[{"@Name":"FinalStatus","#text":"0x0"},{"@Name":"DeviceVersionMajor","#text":"10"},{"@Name":"DeviceVersionMinor","#text":"0"},{"@Name":"DeviceNameLength","#text":"7"},{"@Name":"DeviceName","#text":"bindflt"},{"@Name":"DeviceTime","#text":"2091-04-16 00:55:03.0000000"}]}}}
{"Event":{"System":{"Provider":{"@Name":"Microsoft-Windows-Kernel-General","@Guid":"a68ca8b7-004f-d7b6-a698-07e2de0f1f5d"},"EventID":"24","Version":"0","Level":"4","Task":"11","Opcode":"0","Keywords":"110","TimeCreated":{"@SystemTime":"2025-04-24 08:14:22.2811393"},"EventRecordID":"5067","Correlation":null,"Execution":{"@ProcessID":"1624","@ThreadID":"1688"},"Channel":"System","Computer":"Server002","Security":{"@UserID":"S-1-5-18"}},"EventData":{"Data":[{"@Name":"ExitReason","#text":"0"},{"@Name":"CurrentBias","#text":"-60"},{"@Name":"CurrentTimeZoneID","#text":"2"},{"@Name":"TimeZoneInfoCacheUpdated","#text":"0"},{"@Name":"FirstRefresh","#text":"0"}]}}}
{"Event":{"System":{"Provider":{"@Name":"Microsoft-Windows-Kernel-General","@Guid":"a68ca8b7-004f-d7b6-a698-07e2de0f1f5d"},"EventID":"1","Version":"2","Level":"4","Task":"5","Opcode":"0","Keywords":"110","TimeCreated":{"@SystemTime":"2025-04-24 08:14:22.2814226"},"EventRecordID":"5068","Correlation":null,"Execution":{"@ProcessID":"1624","@ThreadID":"1688"},"Channel":"System","Computer":"Server002","Security":{"@UserID":"S-1-5-18"}},"EventData":{"Data":[{"@Name":"NewTime","#text":"2025-04-24 08:14:22.2810000"},{"@Name":"OldTime","#text":"2025-04-24 10:14:21.1628351"},{"@Name":"Reason","#text":"1"},{"@Name":"ProcessName","#text":"\Device\HarddiskVolume2\Windows\System32\VBoxService.exe"},{"@Name":"ProcessID","#text":"1624"}]}}}
{"Event":{"System":{"Provider":{"@Name":"Service Control Manager","@Guid":"{555908d1-a6d7-4695-8e1e-26931d2012f4}","@EventSourceName":"Service Control Manager"},"EventID":{"@Qualifiers":"49152","#text":"7026"},"Version":"0","Level":"4","Task":"0","Opcode":"0","Keywords":"0x8080000000000000","TimeCreated":{"@SystemTime":"2025-04-24 08:14:27.6776527"},"EventRecordID":"5069","Correlation":null,"Execution":{"@ProcessID":"660","@ThreadID":"664"},"Channel":"System","Computer":"Server002","Security":null},"EventData":{"Data":{"@Name":"param1","#text":", dam"}}}}
