{"Event":{"System":{"Provider":{"@Name":"Windows Error Reporting"},"EventID":{"@Qualifiers":"0","#text":"1001"},"Version":"0","Level":"4","Task":"0","Opcode":"0","Keywords":"1","TimeCreated":{"@SystemTime":"2025-04-23 16:11:51.8975639"},"EventRecordID":"3952","Correlation":null,"Execution":{"@ProcessID":"0","@ThreadID":"0"},"Channel":"Application","Computer":"Server002","Security":null},"EventData":{"Data":"2128837646485783167, 4, APPCRASH, Not available, 0, dwm.exe, 10.0.19041.4355, 6564cf4e, StackHash_c424, 0.0.0.0, 00000000, 8898009b, PCH_33_FROM_ntdll+0x00000000000A1E1F, ?\C:\ProgramData\Microsoft\Windows\WER\Temp\WER485F.tmp.dmp?\C:\ProgramData\Microsoft\Windows\WER\Temp\WER491B.tmp.WERInternalMetadata.xml?\C:\ProgramData\Microsoft\Windows\WER\Temp\WER49A9.tmp.xml?\C:\ProgramData\Microsoft\Windows\WER\Temp\WER49C0.tmp.csv?\C:\ProgramData\Microsoft\Windows\WER\Temp\WER49F0.tmp.txt, ?\C:\ProgramData\Microsoft\Windows\WER\ReportArchive\AppCrash_dwm.exe_91b3146bf97640bdec1550bdc39ae1ac48d1cd8_fed57774_5b74047c-ee07-4f26-abec-84710bed75cc, 0, c9ff02ad-a0f6-4c15-89f1-a1b7a43f6d51, 268435456, 5cf7e4b228f057d03d8b268f7743827f, 0","Binary":""}}}
{"Event":{"System":{"Provider":{"@Name":"Dwminit"},"EventID":{"@Qualifiers":"32770","#text":"0"},"Version":"0","Level":"3","Task":"0","Opcode":"0","Keywords":"1","TimeCreated":{"@SystemTime":"2025-04-23 16:11:52.0518147"},"EventRecordID":"3953","Correlation":null,"Execution":{"@ProcessID":"0","@ThreadID":"0"},"Channel":"Application","Computer":"Server002","Security":null},"EventData":{"Data":"0x8898009b, 2, VirtualBox Graphics Adapter (WDDM)","Binary":""}}}
{"Event":{"System":{"Provider":{"@Name":"Desktop Window Manager"},"EventID":{"@Qualifiers":"16384","#text":"9027"},"Version":"0","Level":"4","Task":"0","Opcode":"0","Keywords":"1","TimeCreated":{"@SystemTime":"2025-04-23 16:11:52.2131545"},"EventRecordID":"3954","Correlation":null,"Execution":{"@ProcessID":"0","@ThreadID":"0"},"Channel":"Application","Computer":"Server002","Security":null},"EventData":{"Data":"","Binary":""}}}
{"Event":{"System":{"Provider":{"@Name":"Application Error"},"EventID":{"@Qualifiers":"0","#text":"1000"},"Version":"0","Level":"2","Task":"100","Opcode":"0","Keywords":"1","TimeCreated":{"@SystemTime":"2025-04-23 16:12:37.4805318"},"EventRecordID":"3955","Correlation":null,"Execution":{"@ProcessID":"0","@ThreadID":"0"},"Channel":"Application","Computer":"Server002","Security":null},"EventData":{"Data":"dwm.exe, 10.0.19041.4355, 6564cf4e, unknown, 0.0.0.0, 00000000, 8898009b, 0000000000000000, 1f60, 01dbb46a6cb12bbc, C:\Windows\system32\dwm.exe, unknown, 967cc39f-362e-4733-ade6-9223e2c30d29","Binary":""}}}
{"Event":{"System":{"Provider":{"@Name":"Windows Error Reporting"},"EventID":{"@Qualifiers":"0","#text":"1001"},"Version":"0","Level":"4","Task":"0","Opcode":"0","Keywords":"1","TimeCreated":{"@SystemTime":"2025-04-23 16:12:39.6219590"},"EventRecordID":"3956","Correlation":null,"Execution":{"@ProcessID":"0","@ThreadID":"0"},"Channel":"Application","Computer":"Server002","Security":null},"EventData":{"Data":"2128837646485783167, 4, APPCRASH, Not available, 0, dwm.exe, 10.0.19041.4355, 6564cf4e, StackHash_c424, 0.0.0.0, 00000000, 8898009b, PCH_33_FROM_ntdll+0x00000000000A1E1F, ?\C:\ProgramData\Microsoft\Windows\WER\Temp\WER4B9.tmp.dmp?\C:\ProgramData\Microsoft\Windows\WER\Temp\WER547.tmp.WERInternalMetadata.xml?\C:\ProgramData\Microsoft\Windows\WER\Temp\WER5D5.tmp.xml?\C:\ProgramData\Microsoft\Windows\WER\Temp\WER5DF.tmp.csv?\C:\ProgramData\Microsoft\Windows\WER\Temp\WER61E.tmp.txt, ?\C:\ProgramData\Microsoft\Windows\WER\ReportArchive\AppCrash_dwm.exe_91b3146bf97640bdec1550bdc39ae1ac48d1cd8_fed57774_8ad49e0f-1be4-48c9-842a-9c5ab41ed7d5, 0, 967cc39f-362e-4733-ade6-9223e2c30d29, 268435456, 5cf7e4b228f057d03d8b268f7743827f, 0","Binary":""}}}
{"Event":{"System":{"Provider":{"@Name":"Dwminit"},"EventID":{"@Qualifiers":"32770","#text":"0"},"Version":"0","Level":"3","Task":"0","Opcode":"0","Keywords":"1","TimeCreated":{"@SystemTime":"2025-04-23 16:12:39.7884588"},"EventRecordID":"3957","Correlation":null,"Execution":{"@ProcessID":"0","@ThreadID":"0"},"Channel":"Application","Computer":"Server002","Security":null},"EventData":{"Data":"0x8898009b, 1, VirtualBox Graphics Adapter (WDDM)","Binary":""}}}
{"Event":{"System":{"Provider":{"@Name":"Desktop Window Manager"},"EventID":{"@Qualifiers":"16384","#text":"9027"},"Version":"0","Level":"4","Task":"0","Opcode":"0","Keywords":"1","TimeCreated":{"@SystemTime":"2025-04-23 16:12:39.9404279"},"EventRecordID":"3958","Correlation":null,"Execution":{"@ProcessID":"0","@ThreadID":"0"},"Channel":"Application","Computer":"Server002","Security":null},"EventData":{"Data":"","Binary":""}}}
{"Event":{"System":{"Provider":{"@Name":"Application Error"},"EventID":{"@Qualifiers":"0","#text":"1000"},"Version":"0","Level":"2","Task":"100","Opcode":"0","Keywords":"1","TimeCreated":{"@SystemTime":"2025-04-23 16:13:48.7149809"},"EventRecordID":"3959","Correlation":null,"Execution":{"@ProcessID":"0","@ThreadID":"0"},"Channel":"Application","Computer":"Server002","Security":null},"EventData":{"Data":"dwm.exe, 10.0.19041.4355, 6564cf4e, unknown, 0.0.0.0, 00000000, 8898009b, 0000000000000000, 1d6c, 01dbb46a8925278b, C:\Windows\system32\dwm.exe, unknown, 716a59ca-f26a-4874-84db-64d5f374dcf7","Binary":""}}}
