{"Event":{"System":{"Provider":{"@Name":"Microsoft-Windows-Security-Auditing","@Guid":"54849625-5478-4994-a5ba-3e3b0328c30d"},"EventID":"4798","Version":"0","Level":"0","Task":"13824","Opcode":"0","Keywords":"0x8020000000000000","TimeCreated":{"@SystemTime":"2025-04-24 08:49:13.4181404"},"EventRecordID":"69709","Correlation":{"@ActivityID":"9d070c9f-b501-0000-b60d-079d01b5db01"},"Execution":{"@ProcessID":"668","@ThreadID":"2752"},"Channel":"Security","Computer":"Server002","Security":null},"EventData":{"Data":[{"@Name":"TargetUserName","#text":"sshd"},{"@Name":"TargetDomainName","#text":"SERVER002"},{"@Name":"TargetSid","#text":"S-1-5-21-3962163828-2803415714-1403596700-1002"},{"@Name":"SubjectUserSid","#text":"S-1-5-18"},{"@Name":"SubjectUserName","#text":"SERVER002$"},{"@Name":"SubjectDomainName","#text":"WORKGROUP"},{"@Name":"SubjectLogonId","#text":"0x3E7"},{"@Name":"CallerProcessId","#text":"0xB98"},{"@Name":"CallerProcessName","#text":"C:\Program Files\Malwarebytes\Anti-Malware\MBAMService.exe"}]}}}
{"Event":{"System":{"Provider":{"@Name":"Microsoft-Windows-Security-Auditing","@Guid":"54849625-5478-4994-a5ba-3e3b0328c30d"},"EventID":"4798","Version":"0","Level":"0","Task":"13824","Opcode":"0","Keywords":"0x8020000000000000","TimeCreated":{"@SystemTime":"2025-04-24 08:49:13.4203956"},"EventRecordID":"69710","Correlation":{"@ActivityID":"9d070c9f-b501-0000-b60d-079d01b5db01"},"Execution":{"@ProcessID":"668","@ThreadID":"2752"},"Channel":"Security","Computer":"Server002","Security":null},"EventData":{"Data":[{"@Name":"TargetUserName","#text":"testing"},{"@Name":"TargetDomainName","#text":"SERVER002"},{"@Name":"TargetSid","#text":"S-1-5-21-3962163828-2803415714-1403596700-1005"},{"@Name":"SubjectUserSid","#text":"S-1-5-18"},{"@Name":"SubjectUserName","#text":"SERVER002$"},{"@Name":"SubjectDomainName","#text":"WORKGROUP"},{"@Name":"SubjectLogonId","#text":"0x3E7"},{"@Name":"CallerProcessId","#text":"0xB98"},{"@Name":"CallerProcessName","#text":"C:\Program Files\Malwarebytes\Anti-Malware\MBAMService.exe"}]}}}
{"Event":{"System":{"Provider":{"@Name":"Microsoft-Windows-Security-Auditing","@Guid":"54849625-5478-4994-a5ba-3e3b0328c30d"},"EventID":"4798","Version":"0","Level":"0","Task":"13824","Opcode":"0","Keywords":"0x8020000000000000","TimeCreated":{"@SystemTime":"2025-04-24 08:49:13.4216709"},"EventRecordID":"69711","Correlation":{"@ActivityID":"9d070c9f-b501-0000-b60d-079d01b5db01"},"Execution":{"@ProcessID":"668","@ThreadID":"2752"},"Channel":"Security","Computer":"Server002","Security":null},"EventData":{"Data":[{"@Name":"TargetUserName","#text":"WDAGUtilityAccount"},{"@Name":"TargetDomainName","#text":"SERVER002"},{"@Name":"TargetSid","#text":"S-1-5-21-3962163828-2803415714-1403596700-504"},{"@Name":"SubjectUserSid","#text":"S-1-5-18"},{"@Name":"SubjectUserName","#text":"SERVER002$"},{"@Name":"SubjectDomainName","#text":"WORKGROUP"},{"@Name":"SubjectLogonId","#text":"0x3E7"},{"@Name":"CallerProcessId","#text":"0xB98"},{"@Name":"CallerProcessName","#text":"C:\Program Files\Malwarebytes\Anti-Malware\MBAMService.exe"}]}}}
{"Event":{"System":{"Provider":{"@Name":"Microsoft-Windows-Security-Auditing","@Guid":"54849625-5478-4994-a5ba-3e3b0328c30d"},"EventID":"4798","Version":"0","Level":"0","Task":"13824","Opcode":"0","Keywords":"0x8020000000000000","TimeCreated":{"@SystemTime":"2025-04-24 08:53:55.0569126"},"EventRecordID":"69712","Correlation":{"@ActivityID":"9d070c9f-b501-0000-b60d-079d01b5db01"},"Execution":{"@ProcessID":"668","@ThreadID":"1468"},"Channel":"Security","Computer":"Server002","Security":null},"EventData":{"Data":[{"@Name":"TargetUserName","#text":"Administrator"},{"@Name":"TargetDomainName","#text":"SERVER002"},{"@Name":"TargetSid","#text":"S-1-5-21-3962163828-2803415714-1403596700-500"},{"@Name":"SubjectUserSid","#text":"S-1-5-18"},{"@Name":"SubjectUserName","#text":"SERVER002$"},{"@Name":"SubjectDomainName","#text":"WORKGROUP"},{"@Name":"SubjectLogonId","#text":"0x3E7"},{"@Name":"CallerProcessId","#text":"0xB98"},{"@Name":"CallerProcessName","#text":"C:\Program Files\Malwarebytes\Anti-Malware\MBAMService.exe"}]}}}
{"Event":{"System":{"Provider":{"@Name":"Microsoft-Windows-Security-Auditing","@Guid":"54849625-5478-4994-a5ba-3e3b0328c30d"},"EventID":"4798","Version":"0","Level":"0","Task":"13824","Opcode":"0","Keywords":"0x8020000000000000","TimeCreated":{"@SystemTime":"2025-04-24 08:53:55.0570765"},"EventRecordID":"69713","Correlation":{"@ActivityID":"9d070c9f-b501-0000-b60d-079d01b5db01"},"Execution":{"@ProcessID":"668","@ThreadID":"1468"},"Channel":"Security","Computer":"Server002","Security":null},"EventData":{"Data":[{"@Name":"TargetUserName","#text":"admin_test"},{"@Name":"TargetDomainName","#text":"SERVER002"},{"@Name":"TargetSid","#text":"S-1-5-21-3962163828-2803415714-1403596700-1006"},{"@Name":"SubjectUserSid","#text":"S-1-5-18"},{"@Name":"SubjectUserName","#text":"SERVER002$"},{"@Name":"SubjectDomainName","#text":"WORKGROUP"},{"@Name":"SubjectLogonId","#text":"0x3E7"},{"@Name":"CallerProcessId","#text":"0xB98"},{"@Name":"CallerProcessName","#text":"C:\Program Files\Malwarebytes\Anti-Malware\MBAMService.exe"}]}}}
{"Event":{"System":{"Provider":{"@Name":"Microsoft-Windows-Security-Auditing","@Guid":"54849625-5478-4994-a5ba-3e3b0328c30d"},"EventID":"4798","Version":"0","Level":"0","Task":"13824","Opcode":"0","Keywords":"0x8020000000000000","TimeCreated":{"@SystemTime":"2025-04-24 08:53:55.0571773"},"EventRecordID":"69714","Correlation":{"@ActivityID":"9d070c9f-b501-0000-b60d-079d01b5db01"},"Execution":{"@ProcessID":"668","@ThreadID":"1468"},"Channel":"Security","Computer":"Server002","Security":null},"EventData":{"Data":[{"@Name":"TargetUserName","#text":"DefaultAccount"},{"@Name":"TargetDomainName","#text":"SERVER002"},{"@Name":"TargetSid","#text":"S-1-5-21-3962163828-2803415714-1403596700-503"},{"@Name":"SubjectUserSid","#text":"S-1-5-18"},{"@Name":"SubjectUserName","#text":"SERVER002$"},{"@Name":"SubjectDomainName","#text":"WORKGROUP"},{"@Name":"SubjectLogonId","#text":"0x3E7"},{"@Name":"CallerProcessId","#text":"0xB98"},{"@Name":"CallerProcessName","#text":"C:\Program Files\Malwarebytes\Anti-Malware\MBAMService.exe"}]}}}
{"Event":{"System":{"Provider":{"@Name":"Microsoft-Windows-Security-Auditing","@Guid":"54849625-5478-4994-a5ba-3e3b0328c30d"},"EventID":"4798","Version":"0","Level":"0","Task":"13824","Opcode":"0","Keywords":"0x8020000000000000","TimeCreated":{"@SystemTime":"2025-04-24 08:53:55.0572768"},"EventRecordID":"69715","Correlation":{"@ActivityID":"9d070c9f-b501-0000-b60d-079d01b5db01"},"Execution":{"@ProcessID":"668","@ThreadID":"1468"},"Channel":"Security","Computer":"Server002","Security":null},"EventData":{"Data":[{"@Name":"TargetUserName","#text":"Guest"},{"@Name":"TargetDomainName","#text":"SERVER002"},{"@Name":"TargetSid","#text":"S-1-5-21-3962163828-2803415714-1403596700-501"},{"@Name":"SubjectUserSid","#text":"S-1-5-18"},{"@Name":"SubjectUserName","#text":"SERVER002$"},{"@Name":"SubjectDomainName","#text":"WORKGROUP"},{"@Name":"SubjectLogonId","#text":"0x3E7"},{"@Name":"CallerProcessId","#text":"0xB98"},{"@Name":"CallerProcessName","#text":"C:\Program Files\Malwarebytes\Anti-Malware\MBAMService.exe"}]}}}
{"Event":{"System":{"Provider":{"@Name":"Microsoft-Windows-Security-Auditing","@Guid":"54849625-5478-4994-a5ba-3e3b0328c30d"},"EventID":"4798","Version":"0","Level":"0","Task":"13824","Opcode":"0","Keywords":"0x8020000000000000","TimeCreated":{"@SystemTime":"2025-04-24 08:53:55.0573847"},"EventRecordID":"69716","Correlation":{"@ActivityID":"9d070c9f-b501-0000-b60d-079d01b5db01"},"Execution":{"@ProcessID":"668","@ThreadID":"1468"},"Channel":"Security","Computer":"Server002","Security":null},"EventData":{"Data":[{"@Name":"TargetUserName","#text":"lplui"},{"@Name":"TargetDomainName","#text":"SERVER002"},{"@Name":"TargetSid","#text":"S-1-5-21-3962163828-2803415714-1403596700-1001"},{"@Name":"SubjectUserSid","#text":"S-1-5-18"},{"@Name":"SubjectUserName","#text":"SERVER002$"},{"@Name":"SubjectDomainName","#text":"WORKGROUP"},{"@Name":"SubjectLogonId","#text":"0x3E7"},{"@Name":"CallerProcessId","#text":"0xB98"},{"@Name":"CallerProcessName","#text":"C:\Program Files\Malwarebytes\Anti-Malware\MBAMService.exe"}]}}}
{"Event":{"System":{"Provider":{"@Name":"Microsoft-Windows-Security-Auditing","@Guid":"54849625-5478-4994-a5ba-3e3b0328c30d"},"EventID":"4798","Version":"0","Level":"0","Task":"13824","Opcode":"0","Keywords":"0x8020000000000000","TimeCreated":{"@SystemTime":"2025-04-24 08:53:55.0575241"},"EventRecordID":"69717","Correlation":{"@ActivityID":"9d070c9f-b501-0000-b60d-079d01b5db01"},"Execution":{"@ProcessID":"668","@ThreadID":"1468"},"Channel":"Security","Computer":"Server002","Security":null},"EventData":{"Data":[{"@Name":"TargetUserName","#text":"sshd"},{"@Name":"TargetDomainName","#text":"SERVER002"},{"@Name":"TargetSid","#text":"S-1-5-21-3962163828-2803415714-1403596700-1002"},{"@Name":"SubjectUserSid","#text":"S-1-5-18"},{"@Name":"SubjectUserName","#text":"SERVER002$"},{"@Name":"SubjectDomainName","#text":"WORKGROUP"},{"@Name":"SubjectLogonId","#text":"0x3E7"},{"@Name":"CallerProcessId","#text":"0xB98"},{"@Name":"CallerProcessName","#text":"C:\Program Files\Malwarebytes\Anti-Malware\MBAMService.exe"}]}}}
{"Event":{"System":{"Provider":{"@Name":"Microsoft-Windows-Security-Auditing","@Guid":"54849625-5478-4994-a5ba-3e3b0328c30d"},"EventID":"4798","Version":"0","Level":"0","Task":"13824","Opcode":"0","Keywords":"0x8020000000000000","TimeCreated":{"@SystemTime":"2025-04-24 08:53:55.0576468"},"EventRecordID":"69718","Correlation":{"@ActivityID":"9d070c9f-b501-0000-b60d-079d01b5db01"},"Execution":{"@ProcessID":"668","@ThreadID":"1468"},"Channel":"Security","Computer":"Server002","Security":null},"EventData":{"Data":[{"@Name":"TargetUserName","#text":"testing"},{"@Name":"TargetDomainName","#text":"SERVER002"},{"@Name":"TargetSid","#text":"S-1-5-21-3962163828-2803415714-1403596700-1005"},{"@Name":"SubjectUserSid","#text":"S-1-5-18"},{"@Name":"SubjectUserName","#text":"SERVER002$"},{"@Name":"SubjectDomainName","#text":"WORKGROUP"},{"@Name":"SubjectLogonId","#text":"0x3E7"},{"@Name":"CallerProcessId","#text":"0xB98"},{"@Name":"CallerProcessName","#text":"C:\Program Files\Malwarebytes\Anti-Malware\MBAMService.exe"}]}}}
{"Event":{"System":{"Provider":{"@Name":"Microsoft-Windows-Security-Auditing","@Guid":"54849625-5478-4994-a5ba-3e3b0328c30d"},"EventID":"4798","Version":"0","Level":"0","Task":"13824","Opcode":"0","Keywords":"0x8020000000000000","TimeCreated":{"@SystemTime":"2025-04-24 08:53:55.0577580"},"EventRecordID":"69719","Correlation":{"@ActivityID":"9d070c9f-b501-0000-b60d-079d01b5db01"},"Execution":{"@ProcessID":"668","@ThreadID":"1468"},"Channel":"Security","Computer":"Server002","Security":null},"EventData":{"Data":[{"@Name":"TargetUserName","#text":"WDAGUtilityAccount"},{"@Name":"TargetDomainName","#text":"SERVER002"},{"@Name":"TargetSid","#text":"S-1-5-21-3962163828-2803415714-1403596700-504"},{"@Name":"SubjectUserSid","#text":"S-1-5-18"},{"@Name":"SubjectUserName","#text":"SERVER002$"},{"@Name":"SubjectDomainName","#text":"WORKGROUP"},{"@Name":"SubjectLogonId","#text":"0x3E7"},{"@Name":"CallerProcessId","#text":"0xB98"},{"@Name":"CallerProcessName","#text":"C:\Program Files\Malwarebytes\Anti-Malware\MBAMService.exe"}]}}}
{"Event":{"System":{"Provider":{"@Name":"Microsoft-Windows-Security-Auditing","@Guid":"54849625-5478-4994-a5ba-3e3b0328c30d"},"EventID":"4798","Version":"0","Level":"0","Task":"13824","Opcode":"0","Keywords":"0x8020000000000000","TimeCreated":{"@SystemTime":"2025-04-24 08:53:55.0587094"},"EventRecordID":"69720","Correlation":{"@ActivityID":"9d070c9f-b501-0000-b60d-079d01b5db01"},"Execution":{"@ProcessID":"668","@ThreadID":"1468"},"Channel":"Security","Computer":"Server002","Security":null},"EventData":{"Data":[{"@Name":"TargetUserName","#text":"admin_test"},{"@Name":"TargetDomainName","#text":"SERVER002"},{"@Name":"TargetSid","#text":"S-1-5-21-3962163828-2803415714-1403596700-1006"},{"@Name":"SubjectUserSid","#text":"S-1-5-18"},{"@Name":"SubjectUserName","#text":"SERVER002$"},{"@Name":"SubjectDomainName","#text":"WORKGROUP"},{"@Name":"SubjectLogonId","#text":"0x3E7"},{"@Name":"CallerProcessId","#text":"0xB98"},{"@Name":"CallerProcessName","#text":"C:\Program Files\Malwarebytes\Anti-Malware\MBAMService.exe"}]}}}
{"Event":{"System":{"Provider":{"@Name":"Microsoft-Windows-Security-Auditing","@Guid":"54849625-5478-4994-a5ba-3e3b0328c30d"},"EventID":"4798","Version":"0","Level":"0","Task":"13824","Opcode":"0","Keywords":"0x8020000000000000","TimeCreated":{"@SystemTime":"2025-04-24 08:53:55.0590561"},"EventRecordID":"69721","Correlation":{"@ActivityID":"9d070c9f-b501-0000-b60d-079d01b5db01"},"Execution":{"@ProcessID":"668","@ThreadID":"1468"},"Channel":"Security","Computer":"Server002","Security":null},"EventData":{"Data":[{"@Name":"TargetUserName","#text":"DefaultAccount"},{"@Name":"TargetDomainName","#text":"SERVER002"},{"@Name":"TargetSid","#text":"S-1-5-21-3962163828-2803415714-1403596700-503"},{"@Name":"SubjectUserSid","#text":"S-1-5-18"},{"@Name":"SubjectUserName","#text":"SERVER002$"},{"@Name":"SubjectDomainName","#text":"WORKGROUP"},{"@Name":"SubjectLogonId","#text":"0x3E7"},{"@Name":"CallerProcessId","#text":"0xB98"},{"@Name":"CallerProcessName","#text":"C:\Program Files\Malwarebytes\Anti-Malware\MBAMService.exe"}]}}}
{"Event":{"System":{"Provider":{"@Name":"Microsoft-Windows-Security-Auditing","@Guid":"54849625-5478-4994-a5ba-3e3b0328c30d"},"EventID":"4624","Version":"2","Level":"0","Task":"12544","Opcode":"0","Keywords":"0x8020000000000000","TimeCreated":{"@SystemTime":"2025-04-24 08:53:55.0593460"},"EventRecordID":"69722","Correlation":{"@ActivityID":"9d070c9f-b501-0000-b60d-079d01b5db01"},"Execution":{"@ProcessID":"668","@ThreadID":"904"},"Channel":"Security","Computer":"Server002","Security":null},"EventData":{"Data":[{"@Name":"SubjectUserSid","#text":"S-1-5-18"},{"@Name":"SubjectUserName","#text":"SERVER002$"},{"@Name":"SubjectDomainName","#text":"WORKGROUP"},{"@Name":"SubjectLogonId","#text":"0x3E7"},{"@Name":"TargetUserSid","#text":"S-1-5-18"},{"@Name":"TargetUserName","#text":"SYSTEM"},{"@Name":"TargetDomainName","#text":"NT AUTHORITY"},{"@Name":"TargetLogonId","#text":"0x3E7"},{"@Name":"LogonType","#text":"5"},{"@Name":"LogonProcessName","#text":"Advapi"},{"@Name":"AuthenticationPackageName","#text":"Negotiate"},{"@Name":"WorkstationName","#text":"-"},{"@Name":"LogonGuid","#text":"00000000-0000-0000-0000-000000000000"},{"@Name":"TransmittedServices","#text":"-"},{"@Name":"LmPackageName","#text":"-"},{"@Name":"KeyLength","#text":"0"},{"@Name":"ProcessId","#text":"0x294"},{"@Name":"ProcessName","#text":"C:\Windows\System32\services.exe"},{"@Name":"IpAddress","#text":"-"},{"@Name":"IpPort","#text":"-"},{"@Name":"ImpersonationLevel","#text":"%%1833"},{"@Name":"RestrictedAdminMode","#text":"-"},{"@Name":"TargetOutboundUserName","#text":"-"},{"@Name":"TargetOutboundDomainName","#text":"-"},{"@Name":"VirtualAccount","#text":"%%1843"},{"@Name":"TargetLinkedLogonId","#text":"0x0"},{"@Name":"ElevatedToken","#text":"%%1842"}]}}}
{"Event":{"System":{"Provider":{"@Name":"Microsoft-Windows-Security-Auditing","@Guid":"54849625-5478-4994-a5ba-3e3b0328c30d"},"EventID":"4672","Version":"0","Level":"0","Task":"12548","Opcode":"0","Keywords":"0x8020000000000000","TimeCreated":{"@SystemTime":"2025-04-24 08:53:55.0593492"},"EventRecordID":"69723","Correlation":{"@ActivityID":"9d070c9f-b501-0000-b60d-079d01b5db01"},"Execution":{"@ProcessID":"668","@ThreadID":"904"},"Channel":"Security","Computer":"Server002","Security":null},"EventData":{"Data":[{"@Name":"SubjectUserSid","#text":"S-1-5-18"},{"@Name":"SubjectUserName","#text":"SYSTEM"},{"@Name":"SubjectDomainName","#text":"NT AUTHORITY"},{"@Name":"SubjectLogonId","#text":"0x3E7"},{"@Name":"PrivilegeList","#text":"SeAssignPrimaryTokenPrivilege, SeTcbPrivilege, SeSecurityPrivilege, SeTakeOwnershipPrivilege, SeLoadDriverPrivilege, SeBackupPrivilege, SeRestorePrivilege, SeDebugPrivilege, SeAuditPrivilege, SeSystemEnvironmentPrivilege, SeImpersonatePrivilege, SeDelegateSessionUserImpersonatePrivilege"}]}}}
{"Event":{"System":{"Provider":{"@Name":"Microsoft-Windows-Security-Auditing","@Guid":"54849625-5478-4994-a5ba-3e3b0328c30d"},"EventID":"4798","Version":"0","Level":"0","Task":"13824","Opcode":"0","Keywords":"0x8020000000000000","TimeCreated":{"@SystemTime":"2025-04-24 08:53:55.0595469"},"EventRecordID":"69724","Correlation":{"@ActivityID":"9d070c9f-b501-0000-b60d-079d01b5db01"},"Execution":{"@ProcessID":"668","@ThreadID":"1468"},"Channel":"Security","Computer":"Server002","Security":null},"EventData":{"Data":[{"@Name":"TargetUserName","#text":"lplui"},{"@Name":"TargetDomainName","#text":"SERVER002"},{"@Name":"TargetSid","#text":"S-1-5-21-3962163828-2803415714-1403596700-1001"},{"@Name":"SubjectUserSid","#text":"S-1-5-18"},{"@Name":"SubjectUserName","#text":"SERVER002$"},{"@Name":"SubjectDomainName","#text":"WORKGROUP"},{"@Name":"SubjectLogonId","#text":"0x3E7"},{"@Name":"CallerProcessId","#text":"0xB98"},{"@Name":"CallerProcessName","#text":"C:\Program Files\Malwarebytes\Anti-Malware\MBAMService.exe"}]}}}
{"Event":{"System":{"Provider":{"@Name":"Microsoft-Windows-Security-Auditing","@Guid":"54849625-5478-4994-a5ba-3e3b0328c30d"},"EventID":"4798","Version":"0","Level":"0","Task":"13824","Opcode":"0","Keywords":"0x8020000000000000","TimeCreated":{"@SystemTime":"2025-04-24 08:53:55.0599232"},"EventRecordID":"69725","Correlation":{"@ActivityID":"9d070c9f-b501-0000-b60d-079d01b5db01"},"Execution":{"@ProcessID":"668","@ThreadID":"1468"},"Channel":"Security","Computer":"Server002","Security":null},"EventData":{"Data":[{"@Name":"TargetUserName","#text":"sshd"},{"@Name":"TargetDomainName","#text":"SERVER002"},{"@Name":"TargetSid","#text":"S-1-5-21-3962163828-2803415714-1403596700-1002"},{"@Name":"SubjectUserSid","#text":"S-1-5-18"},{"@Name":"SubjectUserName","#text":"SERVER002$"},{"@Name":"SubjectDomainName","#text":"WORKGROUP"},{"@Name":"SubjectLogonId","#text":"0x3E7"},{"@Name":"CallerProcessId","#text":"0xB98"},{"@Name":"CallerProcessName","#text":"C:\Program Files\Malwarebytes\Anti-Malware\MBAMService.exe"}]}}}
{"Event":{"System":{"Provider":{"@Name":"Microsoft-Windows-Security-Auditing","@Guid":"54849625-5478-4994-a5ba-3e3b0328c30d"},"EventID":"4798","Version":"0","Level":"0","Task":"13824","Opcode":"0","Keywords":"0x8020000000000000","TimeCreated":{"@SystemTime":"2025-04-24 08:53:55.0603404"},"EventRecordID":"69726","Correlation":{"@ActivityID":"9d070c9f-b501-0000-b60d-079d01b5db01"},"Execution":{"@ProcessID":"668","@ThreadID":"1468"},"Channel":"Security","Computer":"Server002","Security":null},"EventData":{"Data":[{"@Name":"TargetUserName","#text":"testing"},{"@Name":"TargetDomainName","#text":"SERVER002"},{"@Name":"TargetSid","#text":"S-1-5-21-3962163828-2803415714-1403596700-1005"},{"@Name":"SubjectUserSid","#text":"S-1-5-18"},{"@Name":"SubjectUserName","#text":"SERVER002$"},{"@Name":"SubjectDomainName","#text":"WORKGROUP"},{"@Name":"SubjectLogonId","#text":"0x3E7"},{"@Name":"CallerProcessId","#text":"0xB98"},{"@Name":"CallerProcessName","#text":"C:\Program Files\Malwarebytes\Anti-Malware\MBAMService.exe"}]}}}
{"Event":{"System":{"Provider":{"@Name":"Microsoft-Windows-Security-Auditing","@Guid":"54849625-5478-4994-a5ba-3e3b0328c30d"},"EventID":"4798","Version":"0","Level":"0","Task":"13824","Opcode":"0","Keywords":"0x8020000000000000","TimeCreated":{"@SystemTime":"2025-04-24 08:53:55.0607973"},"EventRecordID":"69727","Correlation":{"@ActivityID":"9d070c9f-b501-0000-b60d-079d01b5db01"},"Execution":{"@ProcessID":"668","@ThreadID":"1468"},"Channel":"Security","Computer":"Server002","Security":null},"EventData":{"Data":[{"@Name":"TargetUserName","#text":"WDAGUtilityAccount"},{"@Name":"TargetDomainName","#text":"SERVER002"},{"@Name":"TargetSid","#text":"S-1-5-21-3962163828-2803415714-1403596700-504"},{"@Name":"SubjectUserSid","#text":"S-1-5-18"},{"@Name":"SubjectUserName","#text":"SERVER002$"},{"@Name":"SubjectDomainName","#text":"WORKGROUP"},{"@Name":"SubjectLogonId","#text":"0x3E7"},{"@Name":"CallerProcessId","#text":"0xB98"},{"@Name":"CallerProcessName","#text":"C:\Program Files\Malwarebytes\Anti-Malware\MBAMService.exe"}]}}}
{"Event":{"System":{"Provider":{"@Name":"Microsoft-Windows-Security-Auditing","@Guid":"54849625-5478-4994-a5ba-3e3b0328c30d"},"EventID":"4798","Version":"0","Level":"0","Task":"13824","Opcode":"0","Keywords":"0x8020000000000000","TimeCreated":{"@SystemTime":"2025-04-24 08:59:13.5615269"},"EventRecordID":"69728","Correlation":{"@ActivityID":"9d070c9f-b501-0000-b60d-079d01b5db01"},"Execution":{"@ProcessID":"668","@ThreadID":"3352"},"Channel":"Security","Computer":"Server002","Security":null},"EventData":{"Data":[{"@Name":"TargetUserName","#text":"Administrator"},{"@Name":"TargetDomainName","#text":"SERVER002"},{"@Name":"TargetSid","#text":"S-1-5-21-3962163828-2803415714-1403596700-500"},{"@Name":"SubjectUserSid","#text":"S-1-5-18"},{"@Name":"SubjectUserName","#text":"SERVER002$"},{"@Name":"SubjectDomainName","#text":"WORKGROUP"},{"@Name":"SubjectLogonId","#text":"0x3E7"},{"@Name":"CallerProcessId","#text":"0xB98"},{"@Name":"CallerProcessName","#text":"C:\Program Files\Malwarebytes\Anti-Malware\MBAMService.exe"}]}}}
{"Event":{"System":{"Provider":{"@Name":"Microsoft-Windows-Security-Auditing","@Guid":"54849625-5478-4994-a5ba-3e3b0328c30d"},"EventID":"4798","Version":"0","Level":"0","Task":"13824","Opcode":"0","Keywords":"0x8020000000000000","TimeCreated":{"@SystemTime":"2025-04-24 08:59:13.5616798"},"EventRecordID":"69729","Correlation":{"@ActivityID":"9d070c9f-b501-0000-b60d-079d01b5db01"},"Execution":{"@ProcessID":"668","@ThreadID":"3352"},"Channel":"Security","Computer":"Server002","Security":null},"EventData":{"Data":[{"@Name":"TargetUserName","#text":"admin_test"},{"@Name":"TargetDomainName","#text":"SERVER002"},{"@Name":"TargetSid","#text":"S-1-5-21-3962163828-2803415714-1403596700-1006"},{"@Name":"SubjectUserSid","#text":"S-1-5-18"},{"@Name":"SubjectUserName","#text":"SERVER002$"},{"@Name":"SubjectDomainName","#text":"WORKGROUP"},{"@Name":"SubjectLogonId","#text":"0x3E7"},{"@Name":"CallerProcessId","#text":"0xB98"},{"@Name":"CallerProcessName","#text":"C:\Program Files\Malwarebytes\Anti-Malware\MBAMService.exe"}]}}}
{"Event":{"System":{"Provider":{"@Name":"Microsoft-Windows-Security-Auditing","@Guid":"54849625-5478-4994-a5ba-3e3b0328c30d"},"EventID":"4798","Version":"0","Level":"0","Task":"13824","Opcode":"0","Keywords":"0x8020000000000000","TimeCreated":{"@SystemTime":"2025-04-24 08:59:13.5618025"},"EventRecordID":"69730","Correlation":{"@ActivityID":"9d070c9f-b501-0000-b60d-079d01b5db01"},"Execution":{"@ProcessID":"668","@ThreadID":"3352"},"Channel":"Security","Computer":"Server002","Security":null},"EventData":{"Data":[{"@Name":"TargetUserName","#text":"DefaultAccount"},{"@Name":"TargetDomainName","#text":"SERVER002"},{"@Name":"TargetSid","#text":"S-1-5-21-3962163828-2803415714-1403596700-503"},{"@Name":"SubjectUserSid","#text":"S-1-5-18"},{"@Name":"SubjectUserName","#text":"SERVER002$"},{"@Name":"SubjectDomainName","#text":"WORKGROUP"},{"@Name":"SubjectLogonId","#text":"0x3E7"},{"@Name":"CallerProcessId","#text":"0xB98"},{"@Name":"CallerProcessName","#text":"C:\Program Files\Malwarebytes\Anti-Malware\MBAMService.exe"}]}}}
{"Event":{"System":{"Provider":{"@Name":"Microsoft-Windows-Security-Auditing","@Guid":"54849625-5478-4994-a5ba-3e3b0328c30d"},"EventID":"4798","Version":"0","Level":"0","Task":"13824","Opcode":"0","Keywords":"0x8020000000000000","TimeCreated":{"@SystemTime":"2025-04-24 08:59:13.5619006"},"EventRecordID":"69731","Correlation":{"@ActivityID":"9d070c9f-b501-0000-b60d-079d01b5db01"},"Execution":{"@ProcessID":"668","@ThreadID":"3352"},"Channel":"Security","Computer":"Server002","Security":null},"EventData":{"Data":[{"@Name":"TargetUserName","#text":"Guest"},{"@Name":"TargetDomainName","#text":"SERVER002"},{"@Name":"TargetSid","#text":"S-1-5-21-3962163828-2803415714-1403596700-501"},{"@Name":"SubjectUserSid","#text":"S-1-5-18"},{"@Name":"SubjectUserName","#text":"SERVER002$"},{"@Name":"SubjectDomainName","#text":"WORKGROUP"},{"@Name":"SubjectLogonId","#text":"0x3E7"},{"@Name":"CallerProcessId","#text":"0xB98"},{"@Name":"CallerProcessName","#text":"C:\Program Files\Malwarebytes\Anti-Malware\MBAMService.exe"}]}}}
{"Event":{"System":{"Provider":{"@Name":"Microsoft-Windows-Security-Auditing","@Guid":"54849625-5478-4994-a5ba-3e3b0328c30d"},"EventID":"4798","Version":"0","Level":"0","Task":"13824","Opcode":"0","Keywords":"0x8020000000000000","TimeCreated":{"@SystemTime":"2025-04-24 08:59:13.5620179"},"EventRecordID":"69732","Correlation":{"@ActivityID":"9d070c9f-b501-0000-b60d-079d01b5db01"},"Execution":{"@ProcessID":"668","@ThreadID":"3352"},"Channel":"Security","Computer":"Server002","Security":null},"EventData":{"Data":[{"@Name":"TargetUserName","#text":"lplui"},{"@Name":"TargetDomainName","#text":"SERVER002"},{"@Name":"TargetSid","#text":"S-1-5-21-3962163828-2803415714-1403596700-1001"},{"@Name":"SubjectUserSid","#text":"S-1-5-18"},{"@Name":"SubjectUserName","#text":"SERVER002$"},{"@Name":"SubjectDomainName","#text":"WORKGROUP"},{"@Name":"SubjectLogonId","#text":"0x3E7"},{"@Name":"CallerProcessId","#text":"0xB98"},{"@Name":"CallerProcessName","#text":"C:\Program Files\Malwarebytes\Anti-Malware\MBAMService.exe"}]}}}
{"Event":{"System":{"Provider":{"@Name":"Microsoft-Windows-Security-Auditing","@Guid":"54849625-5478-4994-a5ba-3e3b0328c30d"},"EventID":"4798","Version":"0","Level":"0","Task":"13824","Opcode":"0","Keywords":"0x8020000000000000","TimeCreated":{"@SystemTime":"2025-04-24 08:59:13.5621207"},"EventRecordID":"69733","Correlation":{"@ActivityID":"9d070c9f-b501-0000-b60d-079d01b5db01"},"Execution":{"@ProcessID":"668","@ThreadID":"3352"},"Channel":"Security","Computer":"Server002","Security":null},"EventData":{"Data":[{"@Name":"TargetUserName","#text":"sshd"},{"@Name":"TargetDomainName","#text":"SERVER002"},{"@Name":"TargetSid","#text":"S-1-5-21-3962163828-2803415714-1403596700-1002"},{"@Name":"SubjectUserSid","#text":"S-1-5-18"},{"@Name":"SubjectUserName","#text":"SERVER002$"},{"@Name":"SubjectDomainName","#text":"WORKGROUP"},{"@Name":"SubjectLogonId","#text":"0x3E7"},{"@Name":"CallerProcessId","#text":"0xB98"},{"@Name":"CallerProcessName","#text":"C:\Program Files\Malwarebytes\Anti-Malware\MBAMService.exe"}]}}}
{"Event":{"System":{"Provider":{"@Name":"Microsoft-Windows-Security-Auditing","@Guid":"54849625-5478-4994-a5ba-3e3b0328c30d"},"EventID":"4798","Version":"0","Level":"0","Task":"13824","Opcode":"0","Keywords":"0x8020000000000000","TimeCreated":{"@SystemTime":"2025-04-24 08:59:13.5622578"},"EventRecordID":"69734","Correlation":{"@ActivityID":"9d070c9f-b501-0000-b60d-079d01b5db01"},"Execution":{"@ProcessID":"668","@ThreadID":"3352"},"Channel":"Security","Computer":"Server002","Security":null},"EventData":{"Data":[{"@Name":"TargetUserName","#text":"testing"},{"@Name":"TargetDomainName","#text":"SERVER002"},{"@Name":"TargetSid","#text":"S-1-5-21-3962163828-2803415714-1403596700-1005"},{"@Name":"SubjectUserSid","#text":"S-1-5-18"},{"@Name":"SubjectUserName","#text":"SERVER002$"},{"@Name":"SubjectDomainName","#text":"WORKGROUP"},{"@Name":"SubjectLogonId","#text":"0x3E7"},{"@Name":"CallerProcessId","#text":"0xB98"},{"@Name":"CallerProcessName","#text":"C:\Program Files\Malwarebytes\Anti-Malware\MBAMService.exe"}]}}}
{"Event":{"System":{"Provider":{"@Name":"Microsoft-Windows-Security-Auditing","@Guid":"54849625-5478-4994-a5ba-3e3b0328c30d"},"EventID":"4798","Version":"0","Level":"0","Task":"13824","Opcode":"0","Keywords":"0x8020000000000000","TimeCreated":{"@SystemTime":"2025-04-24 08:59:13.5623829"},"EventRecordID":"69735","Correlation":{"@ActivityID":"9d070c9f-b501-0000-b60d-079d01b5db01"},"Execution":{"@ProcessID":"668","@ThreadID":"3352"},"Channel":"Security","Computer":"Server002","Security":null},"EventData":{"Data":[{"@Name":"TargetUserName","#text":"WDAGUtilityAccount"},{"@Name":"TargetDomainName","#text":"SERVER002"},{"@Name":"TargetSid","#text":"S-1-5-21-3962163828-2803415714-1403596700-504"},{"@Name":"SubjectUserSid","#text":"S-1-5-18"},{"@Name":"SubjectUserName","#text":"SERVER002$"},{"@Name":"SubjectDomainName","#text":"WORKGROUP"},{"@Name":"SubjectLogonId","#text":"0x3E7"},{"@Name":"CallerProcessId","#text":"0xB98"},{"@Name":"CallerProcessName","#text":"C:\Program Files\Malwarebytes\Anti-Malware\MBAMService.exe"}]}}}
{"Event":{"System":{"Provider":{"@Name":"Microsoft-Windows-Security-Auditing","@Guid":"54849625-5478-4994-a5ba-3e3b0328c30d"},"EventID":"4624","Version":"2","Level":"0","Task":"12544","Opcode":"0","Keywords":"0x8020000000000000","TimeCreated":{"@SystemTime":"2025-04-24 08:59:13.5625772"},"EventRecordID":"69736","Correlation":{"@ActivityID":"9d070c9f-b501-0000-b60d-079d01b5db01"},"Execution":{"@ProcessID":"668","@ThreadID":"2140"},"Channel":"Security","Computer":"Server002","Security":null},"EventData":{"Data":[{"@Name":"SubjectUserSid","#text":"S-1-5-18"},{"@Name":"SubjectUserName","#text":"SERVER002$"},{"@Name":"SubjectDomainName","#text":"WORKGROUP"},{"@Name":"SubjectLogonId","#text":"0x3E7"},{"@Name":"TargetUserSid","#text":"S-1-5-18"},{"@Name":"TargetUserName","#text":"SYSTEM"},{"@Name":"TargetDomainName","#text":"NT AUTHORITY"},{"@Name":"TargetLogonId","#text":"0x3E7"},{"@Name":"LogonType","#text":"5"},{"@Name":"LogonProcessName","#text":"Advapi"},{"@Name":"AuthenticationPackageName","#text":"Negotiate"},{"@Name":"WorkstationName","#text":"-"},{"@Name":"LogonGuid","#text":"00000000-0000-0000-0000-000000000000"},{"@Name":"TransmittedServices","#text":"-"},{"@Name":"LmPackageName","#text":"-"},{"@Name":"KeyLength","#text":"0"},{"@Name":"ProcessId","#text":"0x294"},{"@Name":"ProcessName","#text":"C:\Windows\System32\services.exe"},{"@Name":"IpAddress","#text":"-"},{"@Name":"IpPort","#text":"-"},{"@Name":"ImpersonationLevel","#text":"%%1833"},{"@Name":"RestrictedAdminMode","#text":"-"},{"@Name":"TargetOutboundUserName","#text":"-"},{"@Name":"TargetOutboundDomainName","#text":"-"},{"@Name":"VirtualAccount","#text":"%%1843"},{"@Name":"TargetLinkedLogonId","#text":"0x0"},{"@Name":"ElevatedToken","#text":"%%1842"}]}}}
{"Event":{"System":{"Provider":{"@Name":"Microsoft-Windows-Security-Auditing","@Guid":"54849625-5478-4994-a5ba-3e3b0328c30d"},"EventID":"4672","Version":"0","Level":"0","Task":"12548","Opcode":"0","Keywords":"0x8020000000000000","TimeCreated":{"@SystemTime":"2025-04-24 08:59:13.5625802"},"EventRecordID":"69737","Correlation":{"@ActivityID":"9d070c9f-b501-0000-b60d-079d01b5db01"},"Execution":{"@ProcessID":"668","@ThreadID":"2140"},"Channel":"Security","Computer":"Server002","Security":null},"EventData":{"Data":[{"@Name":"SubjectUserSid","#text":"S-1-5-18"},{"@Name":"SubjectUserName","#text":"SYSTEM"},{"@Name":"SubjectDomainName","#text":"NT AUTHORITY"},{"@Name":"SubjectLogonId","#text":"0x3E7"},{"@Name":"PrivilegeList","#text":"SeAssignPrimaryTokenPrivilege, SeTcbPrivilege, SeSecurityPrivilege, SeTakeOwnershipPrivilege, SeLoadDriverPrivilege, SeBackupPrivilege, SeRestorePrivilege, SeDebugPrivilege, SeAuditPrivilege, SeSystemEnvironmentPrivilege, SeImpersonatePrivilege, SeDelegateSessionUserImpersonatePrivilege"}]}}}
{"Event":{"System":{"Provider":{"@Name":"Microsoft-Windows-Security-Auditing","@Guid":"54849625-5478-4994-a5ba-3e3b0328c30d"},"EventID":"4798","Version":"0","Level":"0","Task":"13824","Opcode":"0","Keywords":"0x8020000000000000","TimeCreated":{"@SystemTime":"2025-04-24 08:59:13.5629282"},"EventRecordID":"69738","Correlation":{"@ActivityID":"9d070c9f-b501-0000-b60d-079d01b5db01"},"Execution":{"@ProcessID":"668","@ThreadID":"3352"},"Channel":"Security","Computer":"Server002","Security":null},"EventData":{"Data":[{"@Name":"TargetUserName","#text":"admin_test"},{"@Name":"TargetDomainName","#text":"SERVER002"},{"@Name":"TargetSid","#text":"S-1-5-21-3962163828-2803415714-1403596700-1006"},{"@Name":"SubjectUserSid","#text":"S-1-5-18"},{"@Name":"SubjectUserName","#text":"SERVER002$"},{"@Name":"SubjectDomainName","#text":"WORKGROUP"},{"@Name":"SubjectLogonId","#text":"0x3E7"},{"@Name":"CallerProcessId","#text":"0xB98"},{"@Name":"CallerProcessName","#text":"C:\Program Files\Malwarebytes\Anti-Malware\MBAMService.exe"}]}}}
{"Event":{"System":{"Provider":{"@Name":"Microsoft-Windows-Security-Auditing","@Guid":"54849625-5478-4994-a5ba-3e3b0328c30d"},"EventID":"4798","Version":"0","Level":"0","Task":"13824","Opcode":"0","Keywords":"0x8020000000000000","TimeCreated":{"@SystemTime":"2025-04-24 08:59:13.5632719"},"EventRecordID":"69739","Correlation":{"@ActivityID":"9d070c9f-b501-0000-b60d-079d01b5db01"},"Execution":{"@ProcessID":"668","@ThreadID":"3352"},"Channel":"Security","Computer":"Server002","Security":null},"EventData":{"Data":[{"@Name":"TargetUserName","#text":"DefaultAccount"},{"@Name":"TargetDomainName","#text":"SERVER002"},{"@Name":"TargetSid","#text":"S-1-5-21-3962163828-2803415714-1403596700-503"},{"@Name":"SubjectUserSid","#text":"S-1-5-18"},{"@Name":"SubjectUserName","#text":"SERVER002$"},{"@Name":"SubjectDomainName","#text":"WORKGROUP"},{"@Name":"SubjectLogonId","#text":"0x3E7"},{"@Name":"CallerProcessId","#text":"0xB98"},{"@Name":"CallerProcessName","#text":"C:\Program Files\Malwarebytes\Anti-Malware\MBAMService.exe"}]}}}
{"Event":{"System":{"Provider":{"@Name":"Microsoft-Windows-Security-Auditing","@Guid":"54849625-5478-4994-a5ba-3e3b0328c30d"},"EventID":"4798","Version":"0","Level":"0","Task":"13824","Opcode":"0","Keywords":"0x8020000000000000","TimeCreated":{"@SystemTime":"2025-04-24 08:59:13.5639651"},"EventRecordID":"69740","Correlation":{"@ActivityID":"9d070c9f-b501-0000-b60d-079d01b5db01"},"Execution":{"@ProcessID":"668","@ThreadID":"3352"},"Channel":"Security","Computer":"Server002","Security":null},"EventData":{"Data":[{"@Name":"TargetUserName","#text":"lplui"},{"@Name":"TargetDomainName","#text":"SERVER002"},{"@Name":"TargetSid","#text":"S-1-5-21-3962163828-2803415714-1403596700-1001"},{"@Name":"SubjectUserSid","#text":"S-1-5-18"},{"@Name":"SubjectUserName","#text":"SERVER002$"},{"@Name":"SubjectDomainName","#text":"WORKGROUP"},{"@Name":"SubjectLogonId","#text":"0x3E7"},{"@Name":"CallerProcessId","#text":"0xB98"},{"@Name":"CallerProcessName","#text":"C:\Program Files\Malwarebytes\Anti-Malware\MBAMService.exe"}]}}}
{"Event":{"System":{"Provider":{"@Name":"Microsoft-Windows-Security-Auditing","@Guid":"54849625-5478-4994-a5ba-3e3b0328c30d"},"EventID":"4798","Version":"0","Level":"0","Task":"13824","Opcode":"0","Keywords":"0x8020000000000000","TimeCreated":{"@SystemTime":"2025-04-24 08:59:13.5642851"},"EventRecordID":"69741","Correlation":{"@ActivityID":"9d070c9f-b501-0000-b60d-079d01b5db01"},"Execution":{"@ProcessID":"668","@ThreadID":"3352"},"Channel":"Security","Computer":"Server002","Security":null},"EventData":{"Data":[{"@Name":"TargetUserName","#text":"sshd"},{"@Name":"TargetDomainName","#text":"SERVER002"},{"@Name":"TargetSid","#text":"S-1-5-21-3962163828-2803415714-1403596700-1002"},{"@Name":"SubjectUserSid","#text":"S-1-5-18"},{"@Name":"SubjectUserName","#text":"SERVER002$"},{"@Name":"SubjectDomainName","#text":"WORKGROUP"},{"@Name":"SubjectLogonId","#text":"0x3E7"},{"@Name":"CallerProcessId","#text":"0xB98"},{"@Name":"CallerProcessName","#text":"C:\Program Files\Malwarebytes\Anti-Malware\MBAMService.exe"}]}}}
{"Event":{"System":{"Provider":{"@Name":"Microsoft-Windows-Security-Auditing","@Guid":"54849625-5478-4994-a5ba-3e3b0328c30d"},"EventID":"4798","Version":"0","Level":"0","Task":"13824","Opcode":"0","Keywords":"0x8020000000000000","TimeCreated":{"@SystemTime":"2025-04-24 08:59:13.5646021"},"EventRecordID":"69742","Correlation":{"@ActivityID":"9d070c9f-b501-0000-b60d-079d01b5db01"},"Execution":{"@ProcessID":"668","@ThreadID":"3352"},"Channel":"Security","Computer":"Server002","Security":null},"EventData":{"Data":[{"@Name":"TargetUserName","#text":"testing"},{"@Name":"TargetDomainName","#text":"SERVER002"},{"@Name":"TargetSid","#text":"S-1-5-21-3962163828-2803415714-1403596700-1005"},{"@Name":"SubjectUserSid","#text":"S-1-5-18"},{"@Name":"SubjectUserName","#text":"SERVER002$"},{"@Name":"SubjectDomainName","#text":"WORKGROUP"},{"@Name":"SubjectLogonId","#text":"0x3E7"},{"@Name":"CallerProcessId","#text":"0xB98"},{"@Name":"CallerProcessName","#text":"C:\Program Files\Malwarebytes\Anti-Malware\MBAMService.exe"}]}}}
{"Event":{"System":{"Provider":{"@Name":"Microsoft-Windows-Security-Auditing","@Guid":"54849625-5478-4994-a5ba-3e3b0328c30d"},"EventID":"4798","Version":"0","Level":"0","Task":"13824","Opcode":"0","Keywords":"0x8020000000000000","TimeCreated":{"@SystemTime":"2025-04-24 08:59:13.5657869"},"EventRecordID":"69743","Correlation":{"@ActivityID":"9d070c9f-b501-0000-b60d-079d01b5db01"},"Execution":{"@ProcessID":"668","@ThreadID":"4744"},"Channel":"Security","Computer":"Server002","Security":null},"EventData":{"Data":[{"@Name":"TargetUserName","#text":"WDAGUtilityAccount"},{"@Name":"TargetDomainName","#text":"SERVER002"},{"@Name":"TargetSid","#text":"S-1-5-21-3962163828-2803415714-1403596700-504"},{"@Name":"SubjectUserSid","#text":"S-1-5-18"},{"@Name":"SubjectUserName","#text":"SERVER002$"},{"@Name":"SubjectDomainName","#text":"WORKGROUP"},{"@Name":"SubjectLogonId","#text":"0x3E7"},{"@Name":"CallerProcessId","#text":"0xB98"},{"@Name":"CallerProcessName","#text":"C:\Program Files\Malwarebytes\Anti-Malware\MBAMService.exe"}]}}}
{"Event":{"System":{"Provider":{"@Name":"Microsoft-Windows-Security-Auditing","@Guid":"54849625-5478-4994-a5ba-3e3b0328c30d"},"EventID":"4624","Version":"2","Level":"0","Task":"12544","Opcode":"0","Keywords":"0x8020000000000000","TimeCreated":{"@SystemTime":"2025-04-24 09:04:16.7799685"},"EventRecordID":"69744","Correlation":{"@ActivityID":"9d070c9f-b501-0000-b60d-079d01b5db01"},"Execution":{"@ProcessID":"668","@ThreadID":"4928"},"Channel":"Security","Computer":"Server002","Security":null},"EventData":{"Data":[{"@Name":"SubjectUserSid","#text":"S-1-5-18"},{"@Name":"SubjectUserName","#text":"SERVER002$"},{"@Name":"SubjectDomainName","#text":"WORKGROUP"},{"@Name":"SubjectLogonId","#text":"0x3E7"},{"@Name":"TargetUserSid","#text":"S-1-5-18"},{"@Name":"TargetUserName","#text":"SYSTEM"},{"@Name":"TargetDomainName","#text":"NT AUTHORITY"},{"@Name":"TargetLogonId","#text":"0x3E7"},{"@Name":"LogonType","#text":"5"},{"@Name":"LogonProcessName","#text":"Advapi"},{"@Name":"AuthenticationPackageName","#text":"Negotiate"},{"@Name":"WorkstationName","#text":"-"},{"@Name":"LogonGuid","#text":"00000000-0000-0000-0000-000000000000"},{"@Name":"TransmittedServices","#text":"-"},{"@Name":"LmPackageName","#text":"-"},{"@Name":"KeyLength","#text":"0"},{"@Name":"ProcessId","#text":"0x294"},{"@Name":"ProcessName","#text":"C:\Windows\System32\services.exe"},{"@Name":"IpAddress","#text":"-"},{"@Name":"IpPort","#text":"-"},{"@Name":"ImpersonationLevel","#text":"%%1833"},{"@Name":"RestrictedAdminMode","#text":"-"},{"@Name":"TargetOutboundUserName","#text":"-"},{"@Name":"TargetOutboundDomainName","#text":"-"},{"@Name":"VirtualAccount","#text":"%%1843"},{"@Name":"TargetLinkedLogonId","#text":"0x0"},{"@Name":"ElevatedToken","#text":"%%1842"}]}}}
{"Event":{"System":{"Provider":{"@Name":"Microsoft-Windows-Security-Auditing","@Guid":"54849625-5478-4994-a5ba-3e3b0328c30d"},"EventID":"4672","Version":"0","Level":"0","Task":"12548","Opcode":"0","Keywords":"0x8020000000000000","TimeCreated":{"@SystemTime":"2025-04-24 09:04:16.7799730"},"EventRecordID":"69745","Correlation":{"@ActivityID":"9d070c9f-b501-0000-b60d-079d01b5db01"},"Execution":{"@ProcessID":"668","@ThreadID":"4928"},"Channel":"Security","Computer":"Server002","Security":null},"EventData":{"Data":[{"@Name":"SubjectUserSid","#text":"S-1-5-18"},{"@Name":"SubjectUserName","#text":"SYSTEM"},{"@Name":"SubjectDomainName","#text":"NT AUTHORITY"},{"@Name":"SubjectLogonId","#text":"0x3E7"},{"@Name":"PrivilegeList","#text":"SeAssignPrimaryTokenPrivilege, SeTcbPrivilege, SeSecurityPrivilege, SeTakeOwnershipPrivilege, SeLoadDriverPrivilege, SeBackupPrivilege, SeRestorePrivilege, SeDebugPrivilege, SeAuditPrivilege, SeSystemEnvironmentPrivilege, SeImpersonatePrivilege, SeDelegateSessionUserImpersonatePrivilege"}]}}}
