{"Event":{"System":{"Provider":{"@Name":"Microsoft-Windows-Sysmon","@Guid":"5770385f-c22a-43e0-bf4c-06f5698ffbd9"},"EventID":"1","Version":"5","Level":"4","Task":"1","Opcode":"0","Keywords":"100","TimeCreated":{"@SystemTime":"2025-04-29 18:18:19.0622294"},"EventRecordID":"52252","Correlation":null,"Execution":{"@ProcessID":"2744","@ThreadID":"704"},"Channel":"Microsoft-Windows-Sysmon/Operational","Computer":"Server002","Security":{"@UserID":"S-1-5-18"}},"EventData":{"Data":[{"@Name":"RuleName","#text":"-"},{"@Name":"UtcTime","#text":"2025-04-29 18:18:18.986"},{"@Name":"ProcessGuid","#text":"dbf410b3-17ea-6811-1306-000000004300"},{"@Name":"ProcessId","#text":"2176"},{"@Name":"Image","#text":"C:\Program Files\Malwarebytes\Anti-Malware\ig.exe"},{"@Name":"FileVersion","#text":"1.0.4.8"},{"@Name":"Description","#text":"Malware Scanner"},{"@Name":"Product","#text":"Malwarebytes Scanner"},{"@Name":"Company","#text":"MalwareBytes"},{"@Name":"OriginalFileName","#text":"ig.exe"},{"@Name":"CommandLine","#text":"ig.exe reseed"},{"@Name":"CurrentDirectory","#text":"C:\PROGRAM FILES\MALWAREBYTES\ANTI-MALWARE\"},{"@Name":"User","#text":"SERVER002\lplui"},{"@Name":"LogonGuid","#text":"dbf410b3-a62f-6810-44c9-030000000000"},{"@Name":"LogonId","#text":"0x3C944"},{"@Name":"TerminalSessionId","#text":"1"},{"@Name":"IntegrityLevel","#text":"Low"},{"@Name":"Hashes","#text":"SHA256=0A92734D2859491BEE271BFB8C3EBD619E89EA7E80DF3F756F248C367D7A3331"},{"@Name":"ParentProcessGuid","#text":"dbf410b3-a62b-6810-5000-000000004300"},{"@Name":"ParentProcessId","#text":"3108"},{"@Name":"ParentImage","#text":"C:\Program Files\Malwarebytes\Anti-Malware\MBAMService.exe"},{"@Name":"ParentCommandLine","#text":"\"C:\Program Files\Malwarebytes\Anti-Malware\MBAMService.exe\""},{"@Name":"ParentUser","#text":"NT AUTHORITY\SYSTEM"}]}}}
{"Event":{"System":{"Provider":{"@Name":"Microsoft-Windows-Sysmon","@Guid":"5770385f-c22a-43e0-bf4c-06f5698ffbd9"},"EventID":"5","Version":"3","Level":"4","Task":"5","Opcode":"0","Keywords":"100","TimeCreated":{"@SystemTime":"2025-04-29 18:18:19.0637958"},"EventRecordID":"52253","Correlation":null,"Execution":{"@ProcessID":"2744","@ThreadID":"704"},"Channel":"Microsoft-Windows-Sysmon/Operational","Computer":"Server002","Security":{"@UserID":"S-1-5-18"}},"EventData":{"Data":[{"@Name":"RuleName","#text":"-"},{"@Name":"UtcTime","#text":"2025-04-29 18:18:19.058"},{"@Name":"ProcessGuid","#text":"dbf410b3-17ea-6811-1306-000000004300"},{"@Name":"ProcessId","#text":"2176"},{"@Name":"Image","#text":"C:\Program Files\Malwarebytes\Anti-Malware\ig.exe"},{"@Name":"User","#text":"SERVER002\lplui"}]}}}
{"Event":{"System":{"Provider":{"@Name":"Microsoft-Windows-Sysmon","@Guid":"5770385f-c22a-43e0-bf4c-06f5698ffbd9"},"EventID":"1","Version":"5","Level":"4","Task":"1","Opcode":"0","Keywords":"100","TimeCreated":{"@SystemTime":"2025-04-29 18:18:19.1274577"},"EventRecordID":"52254","Correlation":null,"Execution":{"@ProcessID":"2744","@ThreadID":"704"},"Channel":"Microsoft-Windows-Sysmon/Operational","Computer":"Server002","Security":{"@UserID":"S-1-5-18"}},"EventData":{"Data":[{"@Name":"RuleName","#text":"-"},{"@Name":"UtcTime","#text":"2025-04-29 18:18:19.073"},{"@Name":"ProcessGuid","#text":"dbf410b3-17eb-6811-1406-000000004300"},{"@Name":"ProcessId","#text":"11652"},{"@Name":"Image","#text":"C:\Program Files\Malwarebytes\Anti-Malware\ig.exe"},{"@Name":"FileVersion","#text":"1.0.4.8"},{"@Name":"Description","#text":"Malware Scanner"},{"@Name":"Product","#text":"Malwarebytes Scanner"},{"@Name":"Company","#text":"MalwareBytes"},{"@Name":"OriginalFileName","#text":"ig.exe"},{"@Name":"CommandLine","#text":"ig.exe reseed"},{"@Name":"CurrentDirectory","#text":"C:\PROGRAM FILES\MALWAREBYTES\ANTI-MALWARE\"},{"@Name":"User","#text":"SERVER002\lplui"},{"@Name":"LogonGuid","#text":"dbf410b3-a62f-6810-44c9-030000000000"},{"@Name":"LogonId","#text":"0x3C944"},{"@Name":"TerminalSessionId","#text":"1"},{"@Name":"IntegrityLevel","#text":"Low"},{"@Name":"Hashes","#text":"SHA256=0A92734D2859491BEE271BFB8C3EBD619E89EA7E80DF3F756F248C367D7A3331"},{"@Name":"ParentProcessGuid","#text":"dbf410b3-a62b-6810-5000-000000004300"},{"@Name":"ParentProcessId","#text":"3108"},{"@Name":"ParentImage","#text":"C:\Program Files\Malwarebytes\Anti-Malware\MBAMService.exe"},{"@Name":"ParentCommandLine","#text":"\"C:\Program Files\Malwarebytes\Anti-Malware\MBAMService.exe\""},{"@Name":"ParentUser","#text":"NT AUTHORITY\SYSTEM"}]}}}
{"Event":{"System":{"Provider":{"@Name":"Microsoft-Windows-Sysmon","@Guid":"5770385f-c22a-43e0-bf4c-06f5698ffbd9"},"EventID":"5","Version":"3","Level":"4","Task":"5","Opcode":"0","Keywords":"100","TimeCreated":{"@SystemTime":"2025-04-29 18:18:19.1289995"},"EventRecordID":"52255","Correlation":null,"Execution":{"@ProcessID":"2744","@ThreadID":"704"},"Channel":"Microsoft-Windows-Sysmon/Operational","Computer":"Server002","Security":{"@UserID":"S-1-5-18"}},"EventData":{"Data":[{"@Name":"RuleName","#text":"-"},{"@Name":"UtcTime","#text":"2025-04-29 18:18:19.124"},{"@Name":"ProcessGuid","#text":"dbf410b3-17eb-6811-1406-000000004300"},{"@Name":"ProcessId","#text":"11652"},{"@Name":"Image","#text":"C:\Program Files\Malwarebytes\Anti-Malware\ig.exe"},{"@Name":"User","#text":"SERVER002\lplui"}]}}}
{"Event":{"System":{"Provider":{"@Name":"Microsoft-Windows-Sysmon","@Guid":"5770385f-c22a-43e0-bf4c-06f5698ffbd9"},"EventID":"1","Version":"5","Level":"4","Task":"1","Opcode":"0","Keywords":"100","TimeCreated":{"@SystemTime":"2025-04-29 18:18:19.2030072"},"EventRecordID":"52256","Correlation":null,"Execution":{"@ProcessID":"2744","@ThreadID":"704"},"Channel":"Microsoft-Windows-Sysmon/Operational","Computer":"Server002","Security":{"@UserID":"S-1-5-18"}},"EventData":{"Data":[{"@Name":"RuleName","#text":"-"},{"@Name":"UtcTime","#text":"2025-04-29 18:18:19.138"},{"@Name":"ProcessGuid","#text":"dbf410b3-17eb-6811-1506-000000004300"},{"@Name":"ProcessId","#text":"8156"},{"@Name":"Image","#text":"C:\Program Files\Malwarebytes\Anti-Malware\ig.exe"},{"@Name":"FileVersion","#text":"1.0.4.8"},{"@Name":"Description","#text":"Malware Scanner"},{"@Name":"Product","#text":"Malwarebytes Scanner"},{"@Name":"Company","#text":"MalwareBytes"},{"@Name":"OriginalFileName","#text":"ig.exe"},{"@Name":"CommandLine","#text":"ig.exe reseed"},{"@Name":"CurrentDirectory","#text":"C:\PROGRAM FILES\MALWAREBYTES\ANTI-MALWARE\"},{"@Name":"User","#text":"SERVER002\lplui"},{"@Name":"LogonGuid","#text":"dbf410b3-a62f-6810-44c9-030000000000"},{"@Name":"LogonId","#text":"0x3C944"},{"@Name":"TerminalSessionId","#text":"1"},{"@Name":"IntegrityLevel","#text":"Low"},{"@Name":"Hashes","#text":"SHA256=0A92734D2859491BEE271BFB8C3EBD619E89EA7E80DF3F756F248C367D7A3331"},{"@Name":"ParentProcessGuid","#text":"dbf410b3-a62b-6810-5000-000000004300"},{"@Name":"ParentProcessId","#text":"3108"},{"@Name":"ParentImage","#text":"C:\Program Files\Malwarebytes\Anti-Malware\MBAMService.exe"},{"@Name":"ParentCommandLine","#text":"\"C:\Program Files\Malwarebytes\Anti-Malware\MBAMService.exe\""},{"@Name":"ParentUser","#text":"NT AUTHORITY\SYSTEM"}]}}}
{"Event":{"System":{"Provider":{"@Name":"Microsoft-Windows-Sysmon","@Guid":"5770385f-c22a-43e0-bf4c-06f5698ffbd9"},"EventID":"5","Version":"3","Level":"4","Task":"5","Opcode":"0","Keywords":"100","TimeCreated":{"@SystemTime":"2025-04-29 18:18:19.2046508"},"EventRecordID":"52257","Correlation":null,"Execution":{"@ProcessID":"2744","@ThreadID":"704"},"Channel":"Microsoft-Windows-Sysmon/Operational","Computer":"Server002","Security":{"@UserID":"S-1-5-18"}},"EventData":{"Data":[{"@Name":"RuleName","#text":"-"},{"@Name":"UtcTime","#text":"2025-04-29 18:18:19.201"},{"@Name":"ProcessGuid","#text":"dbf410b3-17eb-6811-1506-000000004300"},{"@Name":"ProcessId","#text":"8156"},{"@Name":"Image","#text":"C:\Program Files\Malwarebytes\Anti-Malware\ig.exe"},{"@Name":"User","#text":"SERVER002\lplui"}]}}}
{"Event":{"System":{"Provider":{"@Name":"Microsoft-Windows-Sysmon","@Guid":"5770385f-c22a-43e0-bf4c-06f5698ffbd9"},"EventID":"1","Version":"5","Level":"4","Task":"1","Opcode":"0","Keywords":"100","TimeCreated":{"@SystemTime":"2025-04-29 18:18:19.2971062"},"EventRecordID":"52258","Correlation":null,"Execution":{"@ProcessID":"2744","@ThreadID":"704"},"Channel":"Microsoft-Windows-Sysmon/Operational","Computer":"Server002","Security":{"@UserID":"S-1-5-18"}},"EventData":{"Data":[{"@Name":"RuleName","#text":"-"},{"@Name":"UtcTime","#text":"2025-04-29 18:18:19.215"},{"@Name":"ProcessGuid","#text":"dbf410b3-17eb-6811-1606-000000004300"},{"@Name":"ProcessId","#text":"6420"},{"@Name":"Image","#text":"C:\Program Files\Malwarebytes\Anti-Malware\ig.exe"},{"@Name":"FileVersion","#text":"1.0.4.8"},{"@Name":"Description","#text":"Malware Scanner"},{"@Name":"Product","#text":"Malwarebytes Scanner"},{"@Name":"Company","#text":"MalwareBytes"},{"@Name":"OriginalFileName","#text":"ig.exe"},{"@Name":"CommandLine","#text":"ig.exe reseed"},{"@Name":"CurrentDirectory","#text":"C:\PROGRAM FILES\MALWAREBYTES\ANTI-MALWARE\"},{"@Name":"User","#text":"SERVER002\lplui"},{"@Name":"LogonGuid","#text":"dbf410b3-a62f-6810-44c9-030000000000"},{"@Name":"LogonId","#text":"0x3C944"},{"@Name":"TerminalSessionId","#text":"1"},{"@Name":"IntegrityLevel","#text":"Low"},{"@Name":"Hashes","#text":"SHA256=0A92734D2859491BEE271BFB8C3EBD619E89EA7E80DF3F756F248C367D7A3331"},{"@Name":"ParentProcessGuid","#text":"dbf410b3-a62b-6810-5000-000000004300"},{"@Name":"ParentProcessId","#text":"3108"},{"@Name":"ParentImage","#text":"C:\Program Files\Malwarebytes\Anti-Malware\MBAMService.exe"},{"@Name":"ParentCommandLine","#text":"\"C:\Program Files\Malwarebytes\Anti-Malware\MBAMService.exe\""},{"@Name":"ParentUser","#text":"NT AUTHORITY\SYSTEM"}]}}}
{"Event":{"System":{"Provider":{"@Name":"Microsoft-Windows-Sysmon","@Guid":"5770385f-c22a-43e0-bf4c-06f5698ffbd9"},"EventID":"5","Version":"3","Level":"4","Task":"5","Opcode":"0","Keywords":"100","TimeCreated":{"@SystemTime":"2025-04-29 18:18:19.3032877"},"EventRecordID":"52259","Correlation":null,"Execution":{"@ProcessID":"2744","@ThreadID":"704"},"Channel":"Microsoft-Windows-Sysmon/Operational","Computer":"Server002","Security":{"@UserID":"S-1-5-18"}},"EventData":{"Data":[{"@Name":"RuleName","#text":"-"},{"@Name":"UtcTime","#text":"2025-04-29 18:18:19.300"},{"@Name":"ProcessGuid","#text":"dbf410b3-17eb-6811-1606-000000004300"},{"@Name":"ProcessId","#text":"6420"},{"@Name":"Image","#text":"C:\Program Files\Malwarebytes\Anti-Malware\ig.exe"},{"@Name":"User","#text":"SERVER002\lplui"}]}}}
{"Event":{"System":{"Provider":{"@Name":"Microsoft-Windows-Sysmon","@Guid":"5770385f-c22a-43e0-bf4c-06f5698ffbd9"},"EventID":"1","Version":"5","Level":"4","Task":"1","Opcode":"0","Keywords":"100","TimeCreated":{"@SystemTime":"2025-04-29 18:18:19.3760290"},"EventRecordID":"52260","Correlation":null,"Execution":{"@ProcessID":"2744","@ThreadID":"704"},"Channel":"Microsoft-Windows-Sysmon/Operational","Computer":"Server002","Security":{"@UserID":"S-1-5-18"}},"EventData":{"Data":[{"@Name":"RuleName","#text":"-"},{"@Name":"UtcTime","#text":"2025-04-29 18:18:19.310"},{"@Name":"ProcessGuid","#text":"dbf410b3-17eb-6811-1706-000000004300"},{"@Name":"ProcessId","#text":"3640"},{"@Name":"Image","#text":"C:\Program Files\Malwarebytes\Anti-Malware\ig.exe"},{"@Name":"FileVersion","#text":"1.0.4.8"},{"@Name":"Description","#text":"Malware Scanner"},{"@Name":"Product","#text":"Malwarebytes Scanner"},{"@Name":"Company","#text":"MalwareBytes"},{"@Name":"OriginalFileName","#text":"ig.exe"},{"@Name":"CommandLine","#text":"ig.exe reseed"},{"@Name":"CurrentDirectory","#text":"C:\PROGRAM FILES\MALWAREBYTES\ANTI-MALWARE\"},{"@Name":"User","#text":"SERVER002\lplui"},{"@Name":"LogonGuid","#text":"dbf410b3-a62f-6810-44c9-030000000000"},{"@Name":"LogonId","#text":"0x3C944"},{"@Name":"TerminalSessionId","#text":"1"},{"@Name":"IntegrityLevel","#text":"Low"},{"@Name":"Hashes","#text":"SHA256=0A92734D2859491BEE271BFB8C3EBD619E89EA7E80DF3F756F248C367D7A3331"},{"@Name":"ParentProcessGuid","#text":"dbf410b3-a62b-6810-5000-000000004300"},{"@Name":"ParentProcessId","#text":"3108"},{"@Name":"ParentImage","#text":"C:\Program Files\Malwarebytes\Anti-Malware\MBAMService.exe"},{"@Name":"ParentCommandLine","#text":"\"C:\Program Files\Malwarebytes\Anti-Malware\MBAMService.exe\""},{"@Name":"ParentUser","#text":"NT AUTHORITY\SYSTEM"}]}}}
{"Event":{"System":{"Provider":{"@Name":"Microsoft-Windows-Sysmon","@Guid":"5770385f-c22a-43e0-bf4c-06f5698ffbd9"},"EventID":"5","Version":"3","Level":"4","Task":"5","Opcode":"0","Keywords":"100","TimeCreated":{"@SystemTime":"2025-04-29 18:18:19.3815631"},"EventRecordID":"52261","Correlation":null,"Execution":{"@ProcessID":"2744","@ThreadID":"704"},"Channel":"Microsoft-Windows-Sysmon/Operational","Computer":"Server002","Security":{"@UserID":"S-1-5-18"}},"EventData":{"Data":[{"@Name":"RuleName","#text":"-"},{"@Name":"UtcTime","#text":"2025-04-29 18:18:19.377"},{"@Name":"ProcessGuid","#text":"dbf410b3-17eb-6811-1706-000000004300"},{"@Name":"ProcessId","#text":"3640"},{"@Name":"Image","#text":"C:\Program Files\Malwarebytes\Anti-Malware\ig.exe"},{"@Name":"User","#text":"SERVER002\lplui"}]}}}
{"Event":{"System":{"Provider":{"@Name":"Microsoft-Windows-Sysmon","@Guid":"5770385f-c22a-43e0-bf4c-06f5698ffbd9"},"EventID":"1","Version":"5","Level":"4","Task":"1","Opcode":"0","Keywords":"100","TimeCreated":{"@SystemTime":"2025-04-29 18:18:19.4573822"},"EventRecordID":"52262","Correlation":null,"Execution":{"@ProcessID":"2744","@ThreadID":"704"},"Channel":"Microsoft-Windows-Sysmon/Operational","Computer":"Server002","Security":{"@UserID":"S-1-5-18"}},"EventData":{"Data":[{"@Name":"RuleName","#text":"-"},{"@Name":"UtcTime","#text":"2025-04-29 18:18:19.390"},{"@Name":"ProcessGuid","#text":"dbf410b3-17eb-6811-1806-000000004300"},{"@Name":"ProcessId","#text":"3848"},{"@Name":"Image","#text":"C:\Program Files\Malwarebytes\Anti-Malware\ig.exe"},{"@Name":"FileVersion","#text":"1.0.4.8"},{"@Name":"Description","#text":"Malware Scanner"},{"@Name":"Product","#text":"Malwarebytes Scanner"},{"@Name":"Company","#text":"MalwareBytes"},{"@Name":"OriginalFileName","#text":"ig.exe"},{"@Name":"CommandLine","#text":"ig.exe reseed"},{"@Name":"CurrentDirectory","#text":"C:\PROGRAM FILES\MALWAREBYTES\ANTI-MALWARE\"},{"@Name":"User","#text":"SERVER002\lplui"},{"@Name":"LogonGuid","#text":"dbf410b3-a62f-6810-44c9-030000000000"},{"@Name":"LogonId","#text":"0x3C944"},{"@Name":"TerminalSessionId","#text":"1"},{"@Name":"IntegrityLevel","#text":"Low"},{"@Name":"Hashes","#text":"SHA256=0A92734D2859491BEE271BFB8C3EBD619E89EA7E80DF3F756F248C367D7A3331"},{"@Name":"ParentProcessGuid","#text":"dbf410b3-a62b-6810-5000-000000004300"},{"@Name":"ParentProcessId","#text":"3108"},{"@Name":"ParentImage","#text":"C:\Program Files\Malwarebytes\Anti-Malware\MBAMService.exe"},{"@Name":"ParentCommandLine","#text":"\"C:\Program Files\Malwarebytes\Anti-Malware\MBAMService.exe\""},{"@Name":"ParentUser","#text":"NT AUTHORITY\SYSTEM"}]}}}
{"Event":{"System":{"Provider":{"@Name":"Microsoft-Windows-Sysmon","@Guid":"5770385f-c22a-43e0-bf4c-06f5698ffbd9"},"EventID":"5","Version":"3","Level":"4","Task":"5","Opcode":"0","Keywords":"100","TimeCreated":{"@SystemTime":"2025-04-29 18:18:19.4589430"},"EventRecordID":"52263","Correlation":null,"Execution":{"@ProcessID":"2744","@ThreadID":"704"},"Channel":"Microsoft-Windows-Sysmon/Operational","Computer":"Server002","Security":{"@UserID":"S-1-5-18"}},"EventData":{"Data":[{"@Name":"RuleName","#text":"-"},{"@Name":"UtcTime","#text":"2025-04-29 18:18:19.455"},{"@Name":"ProcessGuid","#text":"dbf410b3-17eb-6811-1806-000000004300"},{"@Name":"ProcessId","#text":"3848"},{"@Name":"Image","#text":"C:\Program Files\Malwarebytes\Anti-Malware\ig.exe"},{"@Name":"User","#text":"SERVER002\lplui"}]}}}
{"Event":{"System":{"Provider":{"@Name":"Microsoft-Windows-Sysmon","@Guid":"5770385f-c22a-43e0-bf4c-06f5698ffbd9"},"EventID":"1","Version":"5","Level":"4","Task":"1","Opcode":"0","Keywords":"100","TimeCreated":{"@SystemTime":"2025-04-29 18:18:19.5382409"},"EventRecordID":"52264","Correlation":null,"Execution":{"@ProcessID":"2744","@ThreadID":"704"},"Channel":"Microsoft-Windows-Sysmon/Operational","Computer":"Server002","Security":{"@UserID":"S-1-5-18"}},"EventData":{"Data":[{"@Name":"RuleName","#text":"-"},{"@Name":"UtcTime","#text":"2025-04-29 18:18:19.475"},{"@Name":"ProcessGuid","#text":"dbf410b3-17eb-6811-1906-000000004300"},{"@Name":"ProcessId","#text":"10968"},{"@Name":"Image","#text":"C:\Program Files\Malwarebytes\Anti-Malware\ig.exe"},{"@Name":"FileVersion","#text":"1.0.4.8"},{"@Name":"Description","#text":"Malware Scanner"},{"@Name":"Product","#text":"Malwarebytes Scanner"},{"@Name":"Company","#text":"MalwareBytes"},{"@Name":"OriginalFileName","#text":"ig.exe"},{"@Name":"CommandLine","#text":"ig.exe reseed"},{"@Name":"CurrentDirectory","#text":"C:\PROGRAM FILES\MALWAREBYTES\ANTI-MALWARE\"},{"@Name":"User","#text":"SERVER002\lplui"},{"@Name":"LogonGuid","#text":"dbf410b3-a62f-6810-44c9-030000000000"},{"@Name":"LogonId","#text":"0x3C944"},{"@Name":"TerminalSessionId","#text":"1"},{"@Name":"IntegrityLevel","#text":"Low"},{"@Name":"Hashes","#text":"SHA256=0A92734D2859491BEE271BFB8C3EBD619E89EA7E80DF3F756F248C367D7A3331"},{"@Name":"ParentProcessGuid","#text":"dbf410b3-a62b-6810-5000-000000004300"},{"@Name":"ParentProcessId","#text":"3108"},{"@Name":"ParentImage","#text":"C:\Program Files\Malwarebytes\Anti-Malware\MBAMService.exe"},{"@Name":"ParentCommandLine","#text":"\"C:\Program Files\Malwarebytes\Anti-Malware\MBAMService.exe\""},{"@Name":"ParentUser","#text":"NT AUTHORITY\SYSTEM"}]}}}
{"Event":{"System":{"Provider":{"@Name":"Microsoft-Windows-Sysmon","@Guid":"5770385f-c22a-43e0-bf4c-06f5698ffbd9"},"EventID":"5","Version":"3","Level":"4","Task":"5","Opcode":"0","Keywords":"100","TimeCreated":{"@SystemTime":"2025-04-29 18:18:19.5382846"},"EventRecordID":"52265","Correlation":null,"Execution":{"@ProcessID":"2744","@ThreadID":"704"},"Channel":"Microsoft-Windows-Sysmon/Operational","Computer":"Server002","Security":{"@UserID":"S-1-5-18"}},"EventData":{"Data":[{"@Name":"RuleName","#text":"-"},{"@Name":"UtcTime","#text":"2025-04-29 18:18:19.536"},{"@Name":"ProcessGuid","#text":"dbf410b3-17eb-6811-1906-000000004300"},{"@Name":"ProcessId","#text":"10968"},{"@Name":"Image","#text":"C:\Program Files\Malwarebytes\Anti-Malware\ig.exe"},{"@Name":"User","#text":"SERVER002\lplui"}]}}}
{"Event":{"System":{"Provider":{"@Name":"Microsoft-Windows-Sysmon","@Guid":"5770385f-c22a-43e0-bf4c-06f5698ffbd9"},"EventID":"1","Version":"5","Level":"4","Task":"1","Opcode":"0","Keywords":"100","TimeCreated":{"@SystemTime":"2025-04-29 18:18:19.6182763"},"EventRecordID":"52266","Correlation":null,"Execution":{"@ProcessID":"2744","@ThreadID":"704"},"Channel":"Microsoft-Windows-Sysmon/Operational","Computer":"Server002","Security":{"@UserID":"S-1-5-18"}},"EventData":{"Data":[{"@Name":"RuleName","#text":"-"},{"@Name":"UtcTime","#text":"2025-04-29 18:18:19.552"},{"@Name":"ProcessGuid","#text":"dbf410b3-17eb-6811-1a06-000000004300"},{"@Name":"ProcessId","#text":"1192"},{"@Name":"Image","#text":"C:\Program Files\Malwarebytes\Anti-Malware\ig.exe"},{"@Name":"FileVersion","#text":"1.0.4.8"},{"@Name":"Description","#text":"Malware Scanner"},{"@Name":"Product","#text":"Malwarebytes Scanner"},{"@Name":"Company","#text":"MalwareBytes"},{"@Name":"OriginalFileName","#text":"ig.exe"},{"@Name":"CommandLine","#text":"ig.exe reseed"},{"@Name":"CurrentDirectory","#text":"C:\PROGRAM FILES\MALWAREBYTES\ANTI-MALWARE\"},{"@Name":"User","#text":"SERVER002\lplui"},{"@Name":"LogonGuid","#text":"dbf410b3-a62f-6810-44c9-030000000000"},{"@Name":"LogonId","#text":"0x3C944"},{"@Name":"TerminalSessionId","#text":"1"},{"@Name":"IntegrityLevel","#text":"Low"},{"@Name":"Hashes","#text":"SHA256=0A92734D2859491BEE271BFB8C3EBD619E89EA7E80DF3F756F248C367D7A3331"},{"@Name":"ParentProcessGuid","#text":"dbf410b3-a62b-6810-5000-000000004300"},{"@Name":"ParentProcessId","#text":"3108"},{"@Name":"ParentImage","#text":"C:\Program Files\Malwarebytes\Anti-Malware\MBAMService.exe"},{"@Name":"ParentCommandLine","#text":"\"C:\Program Files\Malwarebytes\Anti-Malware\MBAMService.exe\""},{"@Name":"ParentUser","#text":"NT AUTHORITY\SYSTEM"}]}}}
{"Event":{"System":{"Provider":{"@Name":"Microsoft-Windows-Sysmon","@Guid":"5770385f-c22a-43e0-bf4c-06f5698ffbd9"},"EventID":"5","Version":"3","Level":"4","Task":"5","Opcode":"0","Keywords":"100","TimeCreated":{"@SystemTime":"2025-04-29 18:18:19.6198187"},"EventRecordID":"52267","Correlation":null,"Execution":{"@ProcessID":"2744","@ThreadID":"704"},"Channel":"Microsoft-Windows-Sysmon/Operational","Computer":"Server002","Security":{"@UserID":"S-1-5-18"}},"EventData":{"Data":[{"@Name":"RuleName","#text":"-"},{"@Name":"UtcTime","#text":"2025-04-29 18:18:19.617"},{"@Name":"ProcessGuid","#text":"dbf410b3-17eb-6811-1a06-000000004300"},{"@Name":"ProcessId","#text":"1192"},{"@Name":"Image","#text":"C:\Program Files\Malwarebytes\Anti-Malware\ig.exe"},{"@Name":"User","#text":"SERVER002\lplui"}]}}}
{"Event":{"System":{"Provider":{"@Name":"Microsoft-Windows-Sysmon","@Guid":"5770385f-c22a-43e0-bf4c-06f5698ffbd9"},"EventID":"1","Version":"5","Level":"4","Task":"1","Opcode":"0","Keywords":"100","TimeCreated":{"@SystemTime":"2025-04-29 18:18:19.7039048"},"EventRecordID":"52268","Correlation":null,"Execution":{"@ProcessID":"2744","@ThreadID":"704"},"Channel":"Microsoft-Windows-Sysmon/Operational","Computer":"Server002","Security":{"@UserID":"S-1-5-18"}},"EventData":{"Data":[{"@Name":"RuleName","#text":"-"},{"@Name":"UtcTime","#text":"2025-04-29 18:18:19.630"},{"@Name":"ProcessGuid","#text":"dbf410b3-17eb-6811-1b06-000000004300"},{"@Name":"ProcessId","#text":"7956"},{"@Name":"Image","#text":"C:\Program Files\Malwarebytes\Anti-Malware\ig.exe"},{"@Name":"FileVersion","#text":"1.0.4.8"},{"@Name":"Description","#text":"Malware Scanner"},{"@Name":"Product","#text":"Malwarebytes Scanner"},{"@Name":"Company","#text":"MalwareBytes"},{"@Name":"OriginalFileName","#text":"ig.exe"},{"@Name":"CommandLine","#text":"ig.exe reseed"},{"@Name":"CurrentDirectory","#text":"C:\PROGRAM FILES\MALWAREBYTES\ANTI-MALWARE\"},{"@Name":"User","#text":"SERVER002\lplui"},{"@Name":"LogonGuid","#text":"dbf410b3-a62f-6810-44c9-030000000000"},{"@Name":"LogonId","#text":"0x3C944"},{"@Name":"TerminalSessionId","#text":"1"},{"@Name":"IntegrityLevel","#text":"Low"},{"@Name":"Hashes","#text":"SHA256=0A92734D2859491BEE271BFB8C3EBD619E89EA7E80DF3F756F248C367D7A3331"},{"@Name":"ParentProcessGuid","#text":"dbf410b3-a62b-6810-5000-000000004300"},{"@Name":"ParentProcessId","#text":"3108"},{"@Name":"ParentImage","#text":"C:\Program Files\Malwarebytes\Anti-Malware\MBAMService.exe"},{"@Name":"ParentCommandLine","#text":"\"C:\Program Files\Malwarebytes\Anti-Malware\MBAMService.exe\""},{"@Name":"ParentUser","#text":"NT AUTHORITY\SYSTEM"}]}}}
{"Event":{"System":{"Provider":{"@Name":"Microsoft-Windows-Sysmon","@Guid":"5770385f-c22a-43e0-bf4c-06f5698ffbd9"},"EventID":"5","Version":"3","Level":"4","Task":"5","Opcode":"0","Keywords":"100","TimeCreated":{"@SystemTime":"2025-04-29 18:18:19.7100135"},"EventRecordID":"52269","Correlation":null,"Execution":{"@ProcessID":"2744","@ThreadID":"704"},"Channel":"Microsoft-Windows-Sysmon/Operational","Computer":"Server002","Security":{"@UserID":"S-1-5-18"}},"EventData":{"Data":[{"@Name":"RuleName","#text":"-"},{"@Name":"UtcTime","#text":"2025-04-29 18:18:19.709"},{"@Name":"ProcessGuid","#text":"dbf410b3-17eb-6811-1b06-000000004300"},{"@Name":"ProcessId","#text":"7956"},{"@Name":"Image","#text":"C:\Program Files\Malwarebytes\Anti-Malware\ig.exe"},{"@Name":"User","#text":"SERVER002\lplui"}]}}}
{"Event":{"System":{"Provider":{"@Name":"Microsoft-Windows-Sysmon","@Guid":"5770385f-c22a-43e0-bf4c-06f5698ffbd9"},"EventID":"1","Version":"5","Level":"4","Task":"1","Opcode":"0","Keywords":"100","TimeCreated":{"@SystemTime":"2025-04-29 18:18:19.7748318"},"EventRecordID":"52270","Correlation":null,"Execution":{"@ProcessID":"2744","@ThreadID":"704"},"Channel":"Microsoft-Windows-Sysmon/Operational","Computer":"Server002","Security":{"@UserID":"S-1-5-18"}},"EventData":{"Data":[{"@Name":"RuleName","#text":"-"},{"@Name":"UtcTime","#text":"2025-04-29 18:18:19.720"},{"@Name":"ProcessGuid","#text":"dbf410b3-17eb-6811-1c06-000000004300"},{"@Name":"ProcessId","#text":"13084"},{"@Name":"Image","#text":"C:\Program Files\Malwarebytes\Anti-Malware\ig.exe"},{"@Name":"FileVersion","#text":"1.0.4.8"},{"@Name":"Description","#text":"Malware Scanner"},{"@Name":"Product","#text":"Malwarebytes Scanner"},{"@Name":"Company","#text":"MalwareBytes"},{"@Name":"OriginalFileName","#text":"ig.exe"},{"@Name":"CommandLine","#text":"ig.exe reseed"},{"@Name":"CurrentDirectory","#text":"C:\PROGRAM FILES\MALWAREBYTES\ANTI-MALWARE\"},{"@Name":"User","#text":"SERVER002\lplui"},{"@Name":"LogonGuid","#text":"dbf410b3-a62f-6810-44c9-030000000000"},{"@Name":"LogonId","#text":"0x3C944"},{"@Name":"TerminalSessionId","#text":"1"},{"@Name":"IntegrityLevel","#text":"Low"},{"@Name":"Hashes","#text":"SHA256=0A92734D2859491BEE271BFB8C3EBD619E89EA7E80DF3F756F248C367D7A3331"},{"@Name":"ParentProcessGuid","#text":"dbf410b3-a62b-6810-5000-000000004300"},{"@Name":"ParentProcessId","#text":"3108"},{"@Name":"ParentImage","#text":"C:\Program Files\Malwarebytes\Anti-Malware\MBAMService.exe"},{"@Name":"ParentCommandLine","#text":"\"C:\Program Files\Malwarebytes\Anti-Malware\MBAMService.exe\""},{"@Name":"ParentUser","#text":"NT AUTHORITY\SYSTEM"}]}}}
{"Event":{"System":{"Provider":{"@Name":"Microsoft-Windows-Sysmon","@Guid":"5770385f-c22a-43e0-bf4c-06f5698ffbd9"},"EventID":"5","Version":"3","Level":"4","Task":"5","Opcode":"0","Keywords":"100","TimeCreated":{"@SystemTime":"2025-04-29 18:18:19.7758433"},"EventRecordID":"52271","Correlation":null,"Execution":{"@ProcessID":"2744","@ThreadID":"704"},"Channel":"Microsoft-Windows-Sysmon/Operational","Computer":"Server002","Security":{"@UserID":"S-1-5-18"}},"EventData":{"Data":[{"@Name":"RuleName","#text":"-"},{"@Name":"UtcTime","#text":"2025-04-29 18:18:19.773"},{"@Name":"ProcessGuid","#text":"dbf410b3-17eb-6811-1c06-000000004300"},{"@Name":"ProcessId","#text":"13084"},{"@Name":"Image","#text":"C:\Program Files\Malwarebytes\Anti-Malware\ig.exe"},{"@Name":"User","#text":"SERVER002\lplui"}]}}}
{"Event":{"System":{"Provider":{"@Name":"Microsoft-Windows-Sysmon","@Guid":"5770385f-c22a-43e0-bf4c-06f5698ffbd9"},"EventID":"5","Version":"3","Level":"4","Task":"5","Opcode":"0","Keywords":"100","TimeCreated":{"@SystemTime":"2025-04-29 18:19:18.1183060"},"EventRecordID":"52272","Correlation":null,"Execution":{"@ProcessID":"2744","@ThreadID":"704"},"Channel":"Microsoft-Windows-Sysmon/Operational","Computer":"Server002","Security":{"@UserID":"S-1-5-18"}},"EventData":{"Data":[{"@Name":"RuleName","#text":"-"},{"@Name":"UtcTime","#text":"2025-04-29 18:19:18.104"},{"@Name":"ProcessGuid","#text":"dbf410b3-17e7-6811-0806-000000004300"},{"@Name":"ProcessId","#text":"9344"},{"@Name":"Image","#text":"C:\Windows\System32\MoUsoCoreWorker.exe"},{"@Name":"User","#text":"NT AUTHORITY\SYSTEM"}]}}}
{"Event":{"System":{"Provider":{"@Name":"Microsoft-Windows-Sysmon","@Guid":"5770385f-c22a-43e0-bf4c-06f5698ffbd9"},"EventID":"1","Version":"5","Level":"4","Task":"1","Opcode":"0","Keywords":"100","TimeCreated":{"@SystemTime":"2025-04-29 18:19:20.3988877"},"EventRecordID":"52273","Correlation":null,"Execution":{"@ProcessID":"2744","@ThreadID":"704"},"Channel":"Microsoft-Windows-Sysmon/Operational","Computer":"Server002","Security":{"@UserID":"S-1-5-18"}},"EventData":{"Data":[{"@Name":"RuleName","#text":"-"},{"@Name":"UtcTime","#text":"2025-04-29 18:19:20.376"},{"@Name":"ProcessGuid","#text":"dbf410b3-1828-6811-1d06-000000004300"},{"@Name":"ProcessId","#text":"8296"},{"@Name":"Image","#text":"C:\Program Files (x86)\Microsoft\EdgeUpdate\MicrosoftEdgeUpdate.exe"},{"@Name":"FileVersion","#text":"1.3.147.37"},{"@Name":"Description","#text":"Microsoft Edge Update"},{"@Name":"Product","#text":"Microsoft Edge Update"},{"@Name":"Company","#text":"Microsoft Corporation"},{"@Name":"OriginalFileName","#text":"msedgeupdate.dll"},{"@Name":"CommandLine","#text":"\"C:\Program Files (x86)\Microsoft\EdgeUpdate\MicrosoftEdgeUpdate.exe\" /ua /installsource core"},{"@Name":"CurrentDirectory","#text":"C:\Program Files (x86)\Microsoft\EdgeUpdate\1.3.195.49\"},{"@Name":"User","#text":"NT AUTHORITY\SYSTEM"},{"@Name":"LogonGuid","#text":"dbf410b3-c246-6810-e703-000000000000"},{"@Name":"LogonId","#text":"0x3E7"},{"@Name":"TerminalSessionId","#text":"0"},{"@Name":"IntegrityLevel","#text":"System"},{"@Name":"Hashes","#text":"SHA256=3096D8E82917A9B73F322F4B1743E52E9B0C8B3C5933A957E73E29D6973CDD5B"},{"@Name":"ParentProcessGuid","#text":"dbf410b3-a63a-6810-8a00-000000004300"},{"@Name":"ParentProcessId","#text":"5392"},{"@Name":"ParentImage","#text":"C:\Program Files (x86)\Microsoft\EdgeUpdate\MicrosoftEdgeUpdate.exe"},{"@Name":"ParentCommandLine","#text":"\"C:\Program Files (x86)\Microsoft\EdgeUpdate\MicrosoftEdgeUpdate.exe\" /c"},{"@Name":"ParentUser","#text":"NT AUTHORITY\SYSTEM"}]}}}
{"Event":{"System":{"Provider":{"@Name":"Microsoft-Windows-Sysmon","@Guid":"5770385f-c22a-43e0-bf4c-06f5698ffbd9"},"EventID":"5","Version":"3","Level":"4","Task":"5","Opcode":"0","Keywords":"100","TimeCreated":{"@SystemTime":"2025-04-29 18:19:21.3535375"},"EventRecordID":"52274","Correlation":null,"Execution":{"@ProcessID":"2744","@ThreadID":"704"},"Channel":"Microsoft-Windows-Sysmon/Operational","Computer":"Server002","Security":{"@UserID":"S-1-5-18"}},"EventData":{"Data":[{"@Name":"RuleName","#text":"-"},{"@Name":"UtcTime","#text":"2025-04-29 18:19:21.340"},{"@Name":"ProcessGuid","#text":"dbf410b3-1828-6811-1d06-000000004300"},{"@Name":"ProcessId","#text":"8296"},{"@Name":"Image","#text":"C:\Program Files (x86)\Microsoft\EdgeUpdate\MicrosoftEdgeUpdate.exe"},{"@Name":"User","#text":"NT AUTHORITY\SYSTEM"}]}}}
{"Event":{"System":{"Provider":{"@Name":"Microsoft-Windows-Sysmon","@Guid":"5770385f-c22a-43e0-bf4c-06f5698ffbd9"},"EventID":"5","Version":"3","Level":"4","Task":"5","Opcode":"0","Keywords":"100","TimeCreated":{"@SystemTime":"2025-04-29 18:19:39.3185244"},"EventRecordID":"52275","Correlation":null,"Execution":{"@ProcessID":"2744","@ThreadID":"704"},"Channel":"Microsoft-Windows-Sysmon/Operational","Computer":"Server002","Security":{"@UserID":"S-1-5-18"}},"EventData":{"Data":[{"@Name":"RuleName","#text":"-"},{"@Name":"UtcTime","#text":"2025-04-29 18:19:39.317"},{"@Name":"ProcessGuid","#text":"dbf410b3-17e0-6811-0706-000000004300"},{"@Name":"ProcessId","#text":"10436"},{"@Name":"Image","#text":"C:\Windows\System32\wbem\WmiPrvSE.exe"},{"@Name":"User","#text":"NT AUTHORITY\NETWORK SERVICE"}]}}}
{"Event":{"System":{"Provider":{"@Name":"Microsoft-Windows-Sysmon","@Guid":"5770385f-c22a-43e0-bf4c-06f5698ffbd9"},"EventID":"1","Version":"5","Level":"4","Task":"1","Opcode":"0","Keywords":"100","TimeCreated":{"@SystemTime":"2025-04-29 18:19:51.0797038"},"EventRecordID":"52276","Correlation":null,"Execution":{"@ProcessID":"2744","@ThreadID":"704"},"Channel":"Microsoft-Windows-Sysmon/Operational","Computer":"Server002","Security":{"@UserID":"S-1-5-18"}},"EventData":{"Data":[{"@Name":"RuleName","#text":"-"},{"@Name":"UtcTime","#text":"2025-04-29 18:19:51.062"},{"@Name":"ProcessGuid","#text":"dbf410b3-1847-6811-1e06-000000004300"},{"@Name":"ProcessId","#text":"7080"},{"@Name":"Image","#text":"C:\Program Files (x86)\Microsoft\Edge\Application\msedge.exe"},{"@Name":"FileVersion","#text":"135.0.3179.85"},{"@Name":"Description","#text":"Microsoft Edge"},{"@Name":"Product","#text":"Microsoft Edge"},{"@Name":"Company","#text":"Microsoft Corporation"},{"@Name":"OriginalFileName","#text":"msedge.exe"},{"@Name":"CommandLine","#text":"\"C:\Program Files (x86)\Microsoft\Edge\Application\msedge.exe\" --type=utility --utility-sub-type=asset_store.mojom.AssetStoreService --lang=en-GB --service-sandbox-type=asset_store_service --always-read-main-dll --field-trial-handle=2340,i,3635294064498370889,12665651621189422973,262144 --variations-seed-version --mojo-platform-channel-handle=7524 /prefetch:8"},{"@Name":"CurrentDirectory","#text":"C:\Program Files (x86)\Microsoft\Edge\Application\135.0.3179.85\"},{"@Name":"User","#text":"SERVER002\lplui"},{"@Name":"LogonGuid","#text":"dbf410b3-a62f-6810-44c9-030000000000"},{"@Name":"LogonId","#text":"0x3C944"},{"@Name":"TerminalSessionId","#text":"1"},{"@Name":"IntegrityLevel","#text":"Low"},{"@Name":"Hashes","#text":"SHA256=A56B12715BBAE82B63104F3C6FD50FB3B63FDC9A320AEE2DF809C5E1829B96FB"},{"@Name":"ParentProcessGuid","#text":"dbf410b3-a69c-6810-0701-000000004300"},{"@Name":"ParentProcessId","#text":"10808"},{"@Name":"ParentImage","#text":"C:\Program Files (x86)\Microsoft\Edge\Application\msedge.exe"},{"@Name":"ParentCommandLine","#text":"\"C:\Program Files (x86)\Microsoft\Edge\Application\msedge.exe\" --no-startup-window --win-session-start"},{"@Name":"ParentUser","#text":"SERVER002\lplui"}]}}}
{"Event":{"System":{"Provider":{"@Name":"Microsoft-Windows-Sysmon","@Guid":"5770385f-c22a-43e0-bf4c-06f5698ffbd9"},"EventID":"5","Version":"3","Level":"4","Task":"5","Opcode":"0","Keywords":"100","TimeCreated":{"@SystemTime":"2025-04-29 18:20:20.5717270"},"EventRecordID":"52277","Correlation":null,"Execution":{"@ProcessID":"2744","@ThreadID":"704"},"Channel":"Microsoft-Windows-Sysmon/Operational","Computer":"Server002","Security":{"@UserID":"S-1-5-18"}},"EventData":{"Data":[{"@Name":"RuleName","#text":"-"},{"@Name":"UtcTime","#text":"2025-04-29 18:20:20.571"},{"@Name":"ProcessGuid","#text":"dbf410b3-160c-6811-fa05-000000004300"},{"@Name":"ProcessId","#text":"4672"},{"@Name":"Image","#text":"C:\Windows\System32\svchost.exe"},{"@Name":"User","#text":"NT AUTHORITY\SYSTEM"}]}}}
{"Event":{"System":{"Provider":{"@Name":"Microsoft-Windows-Sysmon","@Guid":"5770385f-c22a-43e0-bf4c-06f5698ffbd9"},"EventID":"5","Version":"3","Level":"4","Task":"5","Opcode":"0","Keywords":"100","TimeCreated":{"@SystemTime":"2025-04-29 18:20:23.2964323"},"EventRecordID":"52278","Correlation":null,"Execution":{"@ProcessID":"2744","@ThreadID":"704"},"Channel":"Microsoft-Windows-Sysmon/Operational","Computer":"Server002","Security":{"@UserID":"S-1-5-18"}},"EventData":{"Data":[{"@Name":"RuleName","#text":"-"},{"@Name":"UtcTime","#text":"2025-04-29 18:20:23.295"},{"@Name":"ProcessGuid","#text":"dbf410b3-1847-6811-1e06-000000004300"},{"@Name":"ProcessId","#text":"7080"},{"@Name":"Image","#text":"C:\Program Files (x86)\Microsoft\Edge\Application\msedge.exe"},{"@Name":"User","#text":"SERVER002\lplui"}]}}}
{"Event":{"System":{"Provider":{"@Name":"Microsoft-Windows-Sysmon","@Guid":"5770385f-c22a-43e0-bf4c-06f5698ffbd9"},"EventID":"1","Version":"5","Level":"4","Task":"1","Opcode":"0","Keywords":"100","TimeCreated":{"@SystemTime":"2025-04-29 18:22:08.3198018"},"EventRecordID":"52279","Correlation":null,"Execution":{"@ProcessID":"2744","@ThreadID":"704"},"Channel":"Microsoft-Windows-Sysmon/Operational","Computer":"Server002","Security":{"@UserID":"S-1-5-18"}},"EventData":{"Data":[{"@Name":"RuleName","#text":"-"},{"@Name":"UtcTime","#text":"2025-04-29 18:22:08.300"},{"@Name":"ProcessGuid","#text":"dbf410b3-18d0-6811-1f06-000000004300"},{"@Name":"ProcessId","#text":"5748"},{"@Name":"Image","#text":"C:\Program Files\RUXIM\PLUGScheduler.exe"},{"@Name":"FileVersion","#text":"10.0.19041.5067 (WinBuild.160101.0800)"},{"@Name":"Description","#text":"Windows Update LifeCycle Component Scheduler"},{"@Name":"Product","#text":"Microsoft® Windows® Operating System"},{"@Name":"Company","#text":"Microsoft Corporation"},{"@Name":"OriginalFileName","#text":"PLUGScheduler.exe"},{"@Name":"CommandLine","#text":"\"C:\Program Files\RUXIM\PLUGscheduler.exe\""},{"@Name":"CurrentDirectory","#text":"C:\Program Files\RUXIM\"},{"@Name":"User","#text":"NT AUTHORITY\SYSTEM"},{"@Name":"LogonGuid","#text":"dbf410b3-c246-6810-e703-000000000000"},{"@Name":"LogonId","#text":"0x3E7"},{"@Name":"TerminalSessionId","#text":"0"},{"@Name":"IntegrityLevel","#text":"System"},{"@Name":"Hashes","#text":"SHA256=EFFBA0E62C1D7669BEC25853BF0B8E3DD7C7EA0A35DDEAE5622426EE139048F2"},{"@Name":"ParentProcessGuid","#text":"dbf410b3-c247-6810-1b00-000000004300"},{"@Name":"ParentProcessId","#text":"1212"},{"@Name":"ParentImage","#text":"C:\Windows\System32\svchost.exe"},{"@Name":"ParentCommandLine","#text":"C:\Windows\system32\svchost.exe -k netsvcs -p -s Schedule"},{"@Name":"ParentUser","#text":"NT AUTHORITY\SYSTEM"}]}}}
{"Event":{"System":{"Provider":{"@Name":"Microsoft-Windows-Sysmon","@Guid":"5770385f-c22a-43e0-bf4c-06f5698ffbd9"},"EventID":"1","Version":"5","Level":"4","Task":"1","Opcode":"0","Keywords":"100","TimeCreated":{"@SystemTime":"2025-04-29 18:22:08.3533220"},"EventRecordID":"52280","Correlation":null,"Execution":{"@ProcessID":"2744","@ThreadID":"704"},"Channel":"Microsoft-Windows-Sysmon/Operational","Computer":"Server002","Security":{"@UserID":"S-1-5-18"}},"EventData":{"Data":[{"@Name":"RuleName","#text":"-"},{"@Name":"UtcTime","#text":"2025-04-29 18:22:08.341"},{"@Name":"ProcessGuid","#text":"dbf410b3-18d0-6811-2006-000000004300"},{"@Name":"ProcessId","#text":"9812"},{"@Name":"Image","#text":"C:\Windows\System32\svchost.exe"},{"@Name":"FileVersion","#text":"10.0.19041.4355 (WinBuild.160101.0800)"},{"@Name":"Description","#text":"Host Process for Windows Services"},{"@Name":"Product","#text":"Microsoft® Windows® Operating System"},{"@Name":"Company","#text":"Microsoft Corporation"},{"@Name":"OriginalFileName","#text":"svchost.exe"},{"@Name":"CommandLine","#text":"C:\Windows\system32\svchost.exe -k wsappx -p -s AppXSvc"},{"@Name":"CurrentDirectory","#text":"C:\Windows\system32\"},{"@Name":"User","#text":"NT AUTHORITY\SYSTEM"},{"@Name":"LogonGuid","#text":"dbf410b3-c246-6810-e703-000000000000"},{"@Name":"LogonId","#text":"0x3E7"},{"@Name":"TerminalSessionId","#text":"0"},{"@Name":"IntegrityLevel","#text":"System"},{"@Name":"Hashes","#text":"SHA256=6FC3BF1FDFD76860BE782554F8D25BD32F108DB934D70F4253F1E5F23522E503"},{"@Name":"ParentProcessGuid","#text":"dbf410b3-c246-6810-0b00-000000004300"},{"@Name":"ParentProcessId","#text":"672"},{"@Name":"ParentImage","#text":"C:\Windows\System32\services.exe"},{"@Name":"ParentCommandLine","#text":"C:\Windows\system32\services.exe"},{"@Name":"ParentUser","#text":"NT AUTHORITY\SYSTEM"}]}}}
{"Event":{"System":{"Provider":{"@Name":"Microsoft-Windows-Sysmon","@Guid":"5770385f-c22a-43e0-bf4c-06f5698ffbd9"},"EventID":"1","Version":"5","Level":"4","Task":"1","Opcode":"0","Keywords":"100","TimeCreated":{"@SystemTime":"2025-04-29 18:22:08.8860333"},"EventRecordID":"52281","Correlation":null,"Execution":{"@ProcessID":"2744","@ThreadID":"704"},"Channel":"Microsoft-Windows-Sysmon/Operational","Computer":"Server002","Security":{"@UserID":"S-1-5-18"}},"EventData":{"Data":[{"@Name":"RuleName","#text":"-"},{"@Name":"UtcTime","#text":"2025-04-29 18:22:08.858"},{"@Name":"ProcessGuid","#text":"dbf410b3-18d0-6811-2106-000000004300"},{"@Name":"ProcessId","#text":"12764"},{"@Name":"Image","#text":"C:\Windows\System32\backgroundTaskHost.exe"},{"@Name":"FileVersion","#text":"10.0.19041.3636 (WinBuild.160101.0800)"},{"@Name":"Description","#text":"Background Task Host"},{"@Name":"Product","#text":"Microsoft® Windows® Operating System"},{"@Name":"Company","#text":"Microsoft Corporation"},{"@Name":"OriginalFileName","#text":"backgroundTaskHost.exe"},{"@Name":"CommandLine","#text":"\"C:\Windows\system32\backgroundTaskHost.exe\" -ServerName:Global.Accounts.AppXqe94epy97qwa6w3j6w132e8zvcs117nd.mca"},{"@Name":"CurrentDirectory","#text":"C:\Windows\SystemApps\MicrosoftWindows.Client.CBS_cw5n1h2txyewy\"},{"@Name":"User","#text":"SERVER002\lplui"},{"@Name":"LogonGuid","#text":"dbf410b3-a62f-6810-44c9-030000000000"},{"@Name":"LogonId","#text":"0x3C944"},{"@Name":"TerminalSessionId","#text":"1"},{"@Name":"IntegrityLevel","#text":"AppContainer"},{"@Name":"Hashes","#text":"SHA256=7077CBF56490C86FC74C0CC6C0379AB679F06A066E71906AD23458F664836449"},{"@Name":"ParentProcessGuid","#text":"dbf410b3-c246-6810-0f00-000000004300"},{"@Name":"ParentProcessId","#text":"808"},{"@Name":"ParentImage","#text":"C:\Windows\System32\svchost.exe"},{"@Name":"ParentCommandLine","#text":"C:\Windows\system32\svchost.exe -k DcomLaunch -p"},{"@Name":"ParentUser","#text":"NT AUTHORITY\SYSTEM"}]}}}
{"Event":{"System":{"Provider":{"@Name":"Microsoft-Windows-Sysmon","@Guid":"5770385f-c22a-43e0-bf4c-06f5698ffbd9"},"EventID":"5","Version":"3","Level":"4","Task":"5","Opcode":"0","Keywords":"100","TimeCreated":{"@SystemTime":"2025-04-29 18:22:09.4563169"},"EventRecordID":"52282","Correlation":null,"Execution":{"@ProcessID":"2744","@ThreadID":"704"},"Channel":"Microsoft-Windows-Sysmon/Operational","Computer":"Server002","Security":{"@UserID":"S-1-5-18"}},"EventData":{"Data":[{"@Name":"RuleName","#text":"-"},{"@Name":"UtcTime","#text":"2025-04-29 18:22:09.455"},{"@Name":"ProcessGuid","#text":"dbf410b3-18d0-6811-1f06-000000004300"},{"@Name":"ProcessId","#text":"5748"},{"@Name":"Image","#text":"C:\Program Files\RUXIM\PLUGScheduler.exe"},{"@Name":"User","#text":"NT AUTHORITY\SYSTEM"}]}}}
{"Event":{"System":{"Provider":{"@Name":"Microsoft-Windows-Sysmon","@Guid":"5770385f-c22a-43e0-bf4c-06f5698ffbd9"},"EventID":"1","Version":"5","Level":"4","Task":"1","Opcode":"0","Keywords":"100","TimeCreated":{"@SystemTime":"2025-04-29 18:22:09.9232276"},"EventRecordID":"52283","Correlation":null,"Execution":{"@ProcessID":"2744","@ThreadID":"704"},"Channel":"Microsoft-Windows-Sysmon/Operational","Computer":"Server002","Security":{"@UserID":"S-1-5-18"}},"EventData":{"Data":[{"@Name":"RuleName","#text":"-"},{"@Name":"UtcTime","#text":"2025-04-29 18:22:09.906"},{"@Name":"ProcessGuid","#text":"dbf410b3-18d1-6811-2206-000000004300"},{"@Name":"ProcessId","#text":"12416"},{"@Name":"Image","#text":"C:\Windows\System32\RuntimeBroker.exe"},{"@Name":"FileVersion","#text":"10.0.19041.4355 (WinBuild.160101.0800)"},{"@Name":"Description","#text":"Runtime Broker"},{"@Name":"Product","#text":"Microsoft® Windows® Operating System"},{"@Name":"Company","#text":"Microsoft Corporation"},{"@Name":"OriginalFileName","#text":"RuntimeBroker.exe"},{"@Name":"CommandLine","#text":"C:\Windows\System32\RuntimeBroker.exe -Embedding"},{"@Name":"CurrentDirectory","#text":"C:\Windows\system32\"},{"@Name":"User","#text":"SERVER002\lplui"},{"@Name":"LogonGuid","#text":"dbf410b3-a62f-6810-44c9-030000000000"},{"@Name":"LogonId","#text":"0x3C944"},{"@Name":"TerminalSessionId","#text":"1"},{"@Name":"IntegrityLevel","#text":"Medium"},{"@Name":"Hashes","#text":"SHA256=579DFCED8F02A7E1E6E8DF10C400117D3127EAD7231776A1E467EB507261E920"},{"@Name":"ParentProcessGuid","#text":"dbf410b3-c246-6810-0f00-000000004300"},{"@Name":"ParentProcessId","#text":"808"},{"@Name":"ParentImage","#text":"C:\Windows\System32\svchost.exe"},{"@Name":"ParentCommandLine","#text":"C:\Windows\system32\svchost.exe -k DcomLaunch -p"},{"@Name":"ParentUser","#text":"NT AUTHORITY\SYSTEM"}]}}}
{"Event":{"System":{"Provider":{"@Name":"Microsoft-Windows-Sysmon","@Guid":"5770385f-c22a-43e0-bf4c-06f5698ffbd9"},"EventID":"5","Version":"3","Level":"4","Task":"5","Opcode":"0","Keywords":"100","TimeCreated":{"@SystemTime":"2025-04-29 18:23:10.8258346"},"EventRecordID":"52284","Correlation":null,"Execution":{"@ProcessID":"2744","@ThreadID":"704"},"Channel":"Microsoft-Windows-Sysmon/Operational","Computer":"Server002","Security":{"@UserID":"S-1-5-18"}},"EventData":{"Data":[{"@Name":"RuleName","#text":"-"},{"@Name":"UtcTime","#text":"2025-04-29 18:23:10.825"},{"@Name":"ProcessGuid","#text":"dbf410b3-18d0-6811-2106-000000004300"},{"@Name":"ProcessId","#text":"12764"},{"@Name":"Image","#text":"C:\Windows\System32\backgroundTaskHost.exe"},{"@Name":"User","#text":"SERVER002\lplui"}]}}}
{"Event":{"System":{"Provider":{"@Name":"Microsoft-Windows-Sysmon","@Guid":"5770385f-c22a-43e0-bf4c-06f5698ffbd9"},"EventID":"1","Version":"5","Level":"4","Task":"1","Opcode":"0","Keywords":"100","TimeCreated":{"@SystemTime":"2025-04-29 18:23:15.2748286"},"EventRecordID":"52285","Correlation":null,"Execution":{"@ProcessID":"2744","@ThreadID":"704"},"Channel":"Microsoft-Windows-Sysmon/Operational","Computer":"Server002","Security":{"@UserID":"S-1-5-18"}},"EventData":{"Data":[{"@Name":"RuleName","#text":"-"},{"@Name":"UtcTime","#text":"2025-04-29 18:23:15.262"},{"@Name":"ProcessGuid","#text":"dbf410b3-1913-6811-2306-000000004300"},{"@Name":"ProcessId","#text":"6948"},{"@Name":"Image","#text":"C:\Windows\System32\MoUsoCoreWorker.exe"},{"@Name":"FileVersion","#text":"10.0.19041.5678 (WinBuild.160101.0800)"},{"@Name":"Description","#text":"MoUSO Core Worker Process"},{"@Name":"Product","#text":"Microsoft® Windows® Operating System"},{"@Name":"Company","#text":"Microsoft Corporation"},{"@Name":"OriginalFileName","#text":"MoUSOCoreWorker.exe"},{"@Name":"CommandLine","#text":"C:\Windows\System32\mousocoreworker.exe -Embedding"},{"@Name":"CurrentDirectory","#text":"C:\Windows\system32\"},{"@Name":"User","#text":"NT AUTHORITY\SYSTEM"},{"@Name":"LogonGuid","#text":"dbf410b3-c246-6810-e703-000000000000"},{"@Name":"LogonId","#text":"0x3E7"},{"@Name":"TerminalSessionId","#text":"0"},{"@Name":"IntegrityLevel","#text":"System"},{"@Name":"Hashes","#text":"SHA256=235882DE2347DB7A4CE2BBD7599B5D8D56C93A8BC18207DBEE7173B9BAD068FE"},{"@Name":"ParentProcessGuid","#text":"dbf410b3-c246-6810-0f00-000000004300"},{"@Name":"ParentProcessId","#text":"808"},{"@Name":"ParentImage","#text":"C:\Windows\System32\svchost.exe"},{"@Name":"ParentCommandLine","#text":"C:\Windows\system32\svchost.exe -k DcomLaunch -p"},{"@Name":"ParentUser","#text":"NT AUTHORITY\SYSTEM"}]}}}
{"Event":{"System":{"Provider":{"@Name":"Microsoft-Windows-Sysmon","@Guid":"5770385f-c22a-43e0-bf4c-06f5698ffbd9"},"EventID":"5","Version":"3","Level":"4","Task":"5","Opcode":"0","Keywords":"100","TimeCreated":{"@SystemTime":"2025-04-29 18:23:40.8479255"},"EventRecordID":"52286","Correlation":null,"Execution":{"@ProcessID":"2744","@ThreadID":"704"},"Channel":"Microsoft-Windows-Sysmon/Operational","Computer":"Server002","Security":{"@UserID":"S-1-5-18"}},"EventData":{"Data":[{"@Name":"RuleName","#text":"-"},{"@Name":"UtcTime","#text":"2025-04-29 18:23:40.846"},{"@Name":"ProcessGuid","#text":"dbf410b3-18d1-6811-2206-000000004300"},{"@Name":"ProcessId","#text":"12416"},{"@Name":"Image","#text":"C:\Windows\System32\RuntimeBroker.exe"},{"@Name":"User","#text":"SERVER002\lplui"}]}}}
{"Event":{"System":{"Provider":{"@Name":"Microsoft-Windows-Sysmon","@Guid":"5770385f-c22a-43e0-bf4c-06f5698ffbd9"},"EventID":"5","Version":"3","Level":"4","Task":"5","Opcode":"0","Keywords":"100","TimeCreated":{"@SystemTime":"2025-04-29 18:24:18.7240547"},"EventRecordID":"52287","Correlation":null,"Execution":{"@ProcessID":"2744","@ThreadID":"704"},"Channel":"Microsoft-Windows-Sysmon/Operational","Computer":"Server002","Security":{"@UserID":"S-1-5-18"}},"EventData":{"Data":[{"@Name":"RuleName","#text":"-"},{"@Name":"UtcTime","#text":"2025-04-29 18:24:18.722"},{"@Name":"ProcessGuid","#text":"dbf410b3-1913-6811-2306-000000004300"},{"@Name":"ProcessId","#text":"6948"},{"@Name":"Image","#text":"C:\Windows\System32\MoUsoCoreWorker.exe"},{"@Name":"User","#text":"NT AUTHORITY\SYSTEM"}]}}}
{"Event":{"System":{"Provider":{"@Name":"Microsoft-Windows-Sysmon","@Guid":"5770385f-c22a-43e0-bf4c-06f5698ffbd9"},"EventID":"1","Version":"5","Level":"4","Task":"1","Opcode":"0","Keywords":"100","TimeCreated":{"@SystemTime":"2025-04-29 18:24:28.5343776"},"EventRecordID":"52288","Correlation":null,"Execution":{"@ProcessID":"2744","@ThreadID":"704"},"Channel":"Microsoft-Windows-Sysmon/Operational","Computer":"Server002","Security":{"@UserID":"S-1-5-18"}},"EventData":{"Data":[{"@Name":"RuleName","#text":"-"},{"@Name":"UtcTime","#text":"2025-04-29 18:24:28.526"},{"@Name":"ProcessGuid","#text":"dbf410b3-195c-6811-2406-000000004300"},{"@Name":"ProcessId","#text":"7500"},{"@Name":"Image","#text":"C:\Program Files\Microsoft OneDrive\25.065.0406.0002\FileCoAuth.exe"},{"@Name":"FileVersion","#text":"25.065.0406.0002"},{"@Name":"Description","#text":"Microsoft OneDriveFile Co-Authoring Executable"},{"@Name":"Product","#text":"Microsoft OneDrive"},{"@Name":"Company","#text":"Microsoft Corporation"},{"@Name":"OriginalFileName","#text":"FileCoAuth.exe"},{"@Name":"CommandLine","#text":"\"C:\Program Files\Microsoft OneDrive\25.065.0406.0002\FileCoAuth.exe\" -Embedding"},{"@Name":"CurrentDirectory","#text":"C:\Windows\system32\"},{"@Name":"User","#text":"SERVER002\lplui"},{"@Name":"LogonGuid","#text":"dbf410b3-a62f-6810-44c9-030000000000"},{"@Name":"LogonId","#text":"0x3C944"},{"@Name":"TerminalSessionId","#text":"1"},{"@Name":"IntegrityLevel","#text":"Medium"},{"@Name":"Hashes","#text":"SHA256=B7B20F19DE611698C5CAE2677B63494A5C61CB74179012E1C63C7F7EB3ECC6AF"},{"@Name":"ParentProcessGuid","#text":"dbf410b3-c246-6810-0f00-000000004300"},{"@Name":"ParentProcessId","#text":"808"},{"@Name":"ParentImage","#text":"C:\Windows\System32\svchost.exe"},{"@Name":"ParentCommandLine","#text":"C:\Windows\system32\svchost.exe -k DcomLaunch -p"},{"@Name":"ParentUser","#text":"NT AUTHORITY\SYSTEM"}]}}}
{"Event":{"System":{"Provider":{"@Name":"Microsoft-Windows-Sysmon","@Guid":"5770385f-c22a-43e0-bf4c-06f5698ffbd9"},"EventID":"5","Version":"3","Level":"4","Task":"5","Opcode":"0","Keywords":"100","TimeCreated":{"@SystemTime":"2025-04-29 18:24:35.1361737"},"EventRecordID":"52289","Correlation":null,"Execution":{"@ProcessID":"2744","@ThreadID":"704"},"Channel":"Microsoft-Windows-Sysmon/Operational","Computer":"Server002","Security":{"@UserID":"S-1-5-18"}},"EventData":{"Data":[{"@Name":"RuleName","#text":"-"},{"@Name":"UtcTime","#text":"2025-04-29 18:24:35.135"},{"@Name":"ProcessGuid","#text":"dbf410b3-195c-6811-2406-000000004300"},{"@Name":"ProcessId","#text":"7500"},{"@Name":"Image","#text":"C:\Program Files\Microsoft OneDrive\25.065.0406.0002\FileCoAuth.exe"},{"@Name":"User","#text":"SERVER002\lplui"}]}}}
