{"Event":{"System":{"Provider":{"@Name":"Microsoft-Windows-Security-Auditing","@Guid":"54849625-5478-4994-a5ba-3e3b0328c30d"},"EventID":"4798","Version":"0","Level":"0","Task":"13824","Opcode":"0","Keywords":"0x8020000000000000","TimeCreated":{"@SystemTime":"2025-05-01 07:48:40.2209441"},"EventRecordID":"85018","Correlation":{"@ActivityID":"f10ad359-b9b7-0000-75d4-0af1b7b9db01"},"Execution":{"@ProcessID":"676","@ThreadID":"720"},"Channel":"Security","Computer":"Server002","Security":null},"EventData":{"Data":[{"@Name":"TargetUserName","#text":"DefaultAccount"},{"@Name":"TargetDomainName","#text":"SERVER002"},{"@Name":"TargetSid","#text":"S-1-5-21-3962163828-2803415714-1403596700-503"},{"@Name":"SubjectUserSid","#text":"S-1-5-18"},{"@Name":"SubjectUserName","#text":"SERVER002$"},{"@Name":"SubjectDomainName","#text":"WORKGROUP"},{"@Name":"SubjectLogonId","#text":"0x3E7"},{"@Name":"CallerProcessId","#text":"0xC34"},{"@Name":"CallerProcessName","#text":"C:\Program Files\Malwarebytes\Anti-Malware\MBAMService.exe"}]}}}
{"Event":{"System":{"Provider":{"@Name":"Microsoft-Windows-Security-Auditing","@Guid":"54849625-5478-4994-a5ba-3e3b0328c30d"},"EventID":"4798","Version":"0","Level":"0","Task":"13824","Opcode":"0","Keywords":"0x8020000000000000","TimeCreated":{"@SystemTime":"2025-05-01 07:48:40.2227722"},"EventRecordID":"85019","Correlation":{"@ActivityID":"f10ad359-b9b7-0000-75d4-0af1b7b9db01"},"Execution":{"@ProcessID":"676","@ThreadID":"720"},"Channel":"Security","Computer":"Server002","Security":null},"EventData":{"Data":[{"@Name":"TargetUserName","#text":"lplui"},{"@Name":"TargetDomainName","#text":"SERVER002"},{"@Name":"TargetSid","#text":"S-1-5-21-3962163828-2803415714-1403596700-1001"},{"@Name":"SubjectUserSid","#text":"S-1-5-18"},{"@Name":"SubjectUserName","#text":"SERVER002$"},{"@Name":"SubjectDomainName","#text":"WORKGROUP"},{"@Name":"SubjectLogonId","#text":"0x3E7"},{"@Name":"CallerProcessId","#text":"0xC34"},{"@Name":"CallerProcessName","#text":"C:\Program Files\Malwarebytes\Anti-Malware\MBAMService.exe"}]}}}
{"Event":{"System":{"Provider":{"@Name":"Microsoft-Windows-Security-Auditing","@Guid":"54849625-5478-4994-a5ba-3e3b0328c30d"},"EventID":"4798","Version":"0","Level":"0","Task":"13824","Opcode":"0","Keywords":"0x8020000000000000","TimeCreated":{"@SystemTime":"2025-05-01 07:48:40.2235188"},"EventRecordID":"85020","Correlation":{"@ActivityID":"f10ad359-b9b7-0000-75d4-0af1b7b9db01"},"Execution":{"@ProcessID":"676","@ThreadID":"5644"},"Channel":"Security","Computer":"Server002","Security":null},"EventData":{"Data":[{"@Name":"TargetUserName","#text":"sshd"},{"@Name":"TargetDomainName","#text":"SERVER002"},{"@Name":"TargetSid","#text":"S-1-5-21-3962163828-2803415714-1403596700-1002"},{"@Name":"SubjectUserSid","#text":"S-1-5-18"},{"@Name":"SubjectUserName","#text":"SERVER002$"},{"@Name":"SubjectDomainName","#text":"WORKGROUP"},{"@Name":"SubjectLogonId","#text":"0x3E7"},{"@Name":"CallerProcessId","#text":"0xC34"},{"@Name":"CallerProcessName","#text":"C:\Program Files\Malwarebytes\Anti-Malware\MBAMService.exe"}]}}}
{"Event":{"System":{"Provider":{"@Name":"Microsoft-Windows-Security-Auditing","@Guid":"54849625-5478-4994-a5ba-3e3b0328c30d"},"EventID":"4798","Version":"0","Level":"0","Task":"13824","Opcode":"0","Keywords":"0x8020000000000000","TimeCreated":{"@SystemTime":"2025-05-01 07:48:40.2244185"},"EventRecordID":"85021","Correlation":{"@ActivityID":"f10ad359-b9b7-0000-75d4-0af1b7b9db01"},"Execution":{"@ProcessID":"676","@ThreadID":"5644"},"Channel":"Security","Computer":"Server002","Security":null},"EventData":{"Data":[{"@Name":"TargetUserName","#text":"testing"},{"@Name":"TargetDomainName","#text":"SERVER002"},{"@Name":"TargetSid","#text":"S-1-5-21-3962163828-2803415714-1403596700-1005"},{"@Name":"SubjectUserSid","#text":"S-1-5-18"},{"@Name":"SubjectUserName","#text":"SERVER002$"},{"@Name":"SubjectDomainName","#text":"WORKGROUP"},{"@Name":"SubjectLogonId","#text":"0x3E7"},{"@Name":"CallerProcessId","#text":"0xC34"},{"@Name":"CallerProcessName","#text":"C:\Program Files\Malwarebytes\Anti-Malware\MBAMService.exe"}]}}}
{"Event":{"System":{"Provider":{"@Name":"Microsoft-Windows-Security-Auditing","@Guid":"54849625-5478-4994-a5ba-3e3b0328c30d"},"EventID":"4798","Version":"0","Level":"0","Task":"13824","Opcode":"0","Keywords":"0x8020000000000000","TimeCreated":{"@SystemTime":"2025-05-01 07:48:40.2260522"},"EventRecordID":"85022","Correlation":{"@ActivityID":"f10ad359-b9b7-0000-75d4-0af1b7b9db01"},"Execution":{"@ProcessID":"676","@ThreadID":"5644"},"Channel":"Security","Computer":"Server002","Security":null},"EventData":{"Data":[{"@Name":"TargetUserName","#text":"WDAGUtilityAccount"},{"@Name":"TargetDomainName","#text":"SERVER002"},{"@Name":"TargetSid","#text":"S-1-5-21-3962163828-2803415714-1403596700-504"},{"@Name":"SubjectUserSid","#text":"S-1-5-18"},{"@Name":"SubjectUserName","#text":"SERVER002$"},{"@Name":"SubjectDomainName","#text":"WORKGROUP"},{"@Name":"SubjectLogonId","#text":"0x3E7"},{"@Name":"CallerProcessId","#text":"0xC34"},{"@Name":"CallerProcessName","#text":"C:\Program Files\Malwarebytes\Anti-Malware\MBAMService.exe"}]}}}
{"Event":{"System":{"Provider":{"@Name":"Microsoft-Windows-Security-Auditing","@Guid":"54849625-5478-4994-a5ba-3e3b0328c30d"},"EventID":"4624","Version":"2","Level":"0","Task":"12544","Opcode":"0","Keywords":"0x8020000000000000","TimeCreated":{"@SystemTime":"2025-05-01 07:48:42.3950086"},"EventRecordID":"85023","Correlation":{"@ActivityID":"f10ad359-b9b7-0000-75d4-0af1b7b9db01"},"Execution":{"@ProcessID":"676","@ThreadID":"5644"},"Channel":"Security","Computer":"Server002","Security":null},"EventData":{"Data":[{"@Name":"SubjectUserSid","#text":"S-1-5-18"},{"@Name":"SubjectUserName","#text":"SERVER002$"},{"@Name":"SubjectDomainName","#text":"WORKGROUP"},{"@Name":"SubjectLogonId","#text":"0x3E7"},{"@Name":"TargetUserSid","#text":"S-1-5-18"},{"@Name":"TargetUserName","#text":"SYSTEM"},{"@Name":"TargetDomainName","#text":"NT AUTHORITY"},{"@Name":"TargetLogonId","#text":"0x3E7"},{"@Name":"LogonType","#text":"5"},{"@Name":"LogonProcessName","#text":"Advapi"},{"@Name":"AuthenticationPackageName","#text":"Negotiate"},{"@Name":"WorkstationName","#text":"-"},{"@Name":"LogonGuid","#text":"00000000-0000-0000-0000-000000000000"},{"@Name":"TransmittedServices","#text":"-"},{"@Name":"LmPackageName","#text":"-"},{"@Name":"KeyLength","#text":"0"},{"@Name":"ProcessId","#text":"0x29C"},{"@Name":"ProcessName","#text":"C:\Windows\System32\services.exe"},{"@Name":"IpAddress","#text":"-"},{"@Name":"IpPort","#text":"-"},{"@Name":"ImpersonationLevel","#text":"%%1833"},{"@Name":"RestrictedAdminMode","#text":"-"},{"@Name":"TargetOutboundUserName","#text":"-"},{"@Name":"TargetOutboundDomainName","#text":"-"},{"@Name":"VirtualAccount","#text":"%%1843"},{"@Name":"TargetLinkedLogonId","#text":"0x0"},{"@Name":"ElevatedToken","#text":"%%1842"}]}}}
{"Event":{"System":{"Provider":{"@Name":"Microsoft-Windows-Security-Auditing","@Guid":"54849625-5478-4994-a5ba-3e3b0328c30d"},"EventID":"4672","Version":"0","Level":"0","Task":"12548","Opcode":"0","Keywords":"0x8020000000000000","TimeCreated":{"@SystemTime":"2025-05-01 07:48:42.3950154"},"EventRecordID":"85024","Correlation":{"@ActivityID":"f10ad359-b9b7-0000-75d4-0af1b7b9db01"},"Execution":{"@ProcessID":"676","@ThreadID":"5644"},"Channel":"Security","Computer":"Server002","Security":null},"EventData":{"Data":[{"@Name":"SubjectUserSid","#text":"S-1-5-18"},{"@Name":"SubjectUserName","#text":"SYSTEM"},{"@Name":"SubjectDomainName","#text":"NT AUTHORITY"},{"@Name":"SubjectLogonId","#text":"0x3E7"},{"@Name":"PrivilegeList","#text":"SeAssignPrimaryTokenPrivilege, SeTcbPrivilege, SeSecurityPrivilege, SeTakeOwnershipPrivilege, SeLoadDriverPrivilege, SeBackupPrivilege, SeRestorePrivilege, SeDebugPrivilege, SeAuditPrivilege, SeSystemEnvironmentPrivilege, SeImpersonatePrivilege, SeDelegateSessionUserImpersonatePrivilege"}]}}}
{"Event":{"System":{"Provider":{"@Name":"Microsoft-Windows-Security-Auditing","@Guid":"54849625-5478-4994-a5ba-3e3b0328c30d"},"EventID":"5379","Version":"0","Level":"0","Task":"13824","Opcode":"0","Keywords":"0x8020000000000000","TimeCreated":{"@SystemTime":"2025-05-01 07:48:42.5507003"},"EventRecordID":"85025","Correlation":{"@ActivityID":"f10ad359-b9b7-0000-75d4-0af1b7b9db01"},"Execution":{"@ProcessID":"676","@ThreadID":"5644"},"Channel":"Security","Computer":"Server002","Security":null},"EventData":{"Data":[{"@Name":"SubjectUserSid","#text":"S-1-5-18"},{"@Name":"SubjectUserName","#text":"SERVER002$"},{"@Name":"SubjectDomainName","#text":"WORKGROUP"},{"@Name":"SubjectLogonId","#text":"0x3E7"},{"@Name":"TargetName","#text":"WindowsLive:(token):name=02dsuvqsngyzxykp;serviceuri=*"},{"@Name":"Type","#text":"0"},{"@Name":"CountOfCredentialsReturned","#text":"0"},{"@Name":"ReadOperation","#text":"%%8100"},{"@Name":"ReturnCode","#text":"3221226021"},{"@Name":"ProcessCreationTime","#text":"2025-05-01 07:48:42.3970402"},{"@Name":"ClientProcessId","#text":"10908"}]}}}
{"Event":{"System":{"Provider":{"@Name":"Microsoft-Windows-Security-Auditing","@Guid":"54849625-5478-4994-a5ba-3e3b0328c30d"},"EventID":"5379","Version":"0","Level":"0","Task":"13824","Opcode":"0","Keywords":"0x8020000000000000","TimeCreated":{"@SystemTime":"2025-05-01 07:48:42.5509532"},"EventRecordID":"85026","Correlation":{"@ActivityID":"f10ad359-b9b7-0000-75d4-0af1b7b9db01"},"Execution":{"@ProcessID":"676","@ThreadID":"5644"},"Channel":"Security","Computer":"Server002","Security":null},"EventData":{"Data":[{"@Name":"SubjectUserSid","#text":"S-1-5-18"},{"@Name":"SubjectUserName","#text":"SERVER002$"},{"@Name":"SubjectDomainName","#text":"WORKGROUP"},{"@Name":"SubjectLogonId","#text":"0x3E7"},{"@Name":"TargetName","#text":"WindowsLive:(cert):name=02dsuvqsngyzxykp;serviceuri=*"},{"@Name":"Type","#text":"0"},{"@Name":"CountOfCredentialsReturned","#text":"0"},{"@Name":"ReadOperation","#text":"%%8100"},{"@Name":"ReturnCode","#text":"3221226021"},{"@Name":"ProcessCreationTime","#text":"2025-05-01 07:48:42.3970402"},{"@Name":"ClientProcessId","#text":"10908"}]}}}
{"Event":{"System":{"Provider":{"@Name":"Microsoft-Windows-Security-Auditing","@Guid":"54849625-5478-4994-a5ba-3e3b0328c30d"},"EventID":"5379","Version":"0","Level":"0","Task":"13824","Opcode":"0","Keywords":"0x8020000000000000","TimeCreated":{"@SystemTime":"2025-05-01 07:48:42.5510003"},"EventRecordID":"85027","Correlation":{"@ActivityID":"f10ad359-b9b7-0000-75d4-0af1b7b9db01"},"Execution":{"@ProcessID":"676","@ThreadID":"5644"},"Channel":"Security","Computer":"Server002","Security":null},"EventData":{"Data":[{"@Name":"SubjectUserSid","#text":"S-1-5-18"},{"@Name":"SubjectUserName","#text":"SERVER002$"},{"@Name":"SubjectDomainName","#text":"WORKGROUP"},{"@Name":"SubjectLogonId","#text":"0x3E7"},{"@Name":"TargetName","#text":"WindowsLive:target=virtualapp/didlogical"},{"@Name":"Type","#text":"0"},{"@Name":"CountOfCredentialsReturned","#text":"1"},{"@Name":"ReadOperation","#text":"%%8100"},{"@Name":"ReturnCode","#text":"0"},{"@Name":"ProcessCreationTime","#text":"2025-05-01 07:48:42.3970402"},{"@Name":"ClientProcessId","#text":"10908"}]}}}
{"Event":{"System":{"Provider":{"@Name":"Microsoft-Windows-Security-Auditing","@Guid":"54849625-5478-4994-a5ba-3e3b0328c30d"},"EventID":"5379","Version":"0","Level":"0","Task":"13824","Opcode":"0","Keywords":"0x8020000000000000","TimeCreated":{"@SystemTime":"2025-05-01 07:48:42.5538707"},"EventRecordID":"85028","Correlation":{"@ActivityID":"f10ad359-b9b7-0000-75d4-0af1b7b9db01"},"Execution":{"@ProcessID":"676","@ThreadID":"5644"},"Channel":"Security","Computer":"Server002","Security":null},"EventData":{"Data":[{"@Name":"SubjectUserSid","#text":"S-1-5-21-3962163828-2803415714-1403596700-1001"},{"@Name":"SubjectUserName","#text":"lplui"},{"@Name":"SubjectDomainName","#text":"SERVER002"},{"@Name":"SubjectLogonId","#text":"0x3D79D"},{"@Name":"TargetName","#text":"WindowsLive:(token):name=02ofrizxnslvvfxc;serviceuri=*"},{"@Name":"Type","#text":"0"},{"@Name":"CountOfCredentialsReturned","#text":"0"},{"@Name":"ReadOperation","#text":"%%8100"},{"@Name":"ReturnCode","#text":"3221226021"},{"@Name":"ProcessCreationTime","#text":"2025-05-01 07:48:42.3970402"},{"@Name":"ClientProcessId","#text":"10908"}]}}}
{"Event":{"System":{"Provider":{"@Name":"Microsoft-Windows-Security-Auditing","@Guid":"54849625-5478-4994-a5ba-3e3b0328c30d"},"EventID":"5379","Version":"0","Level":"0","Task":"13824","Opcode":"0","Keywords":"0x8020000000000000","TimeCreated":{"@SystemTime":"2025-05-01 07:48:42.5540792"},"EventRecordID":"85029","Correlation":{"@ActivityID":"f10ad359-b9b7-0000-75d4-0af1b7b9db01"},"Execution":{"@ProcessID":"676","@ThreadID":"5644"},"Channel":"Security","Computer":"Server002","Security":null},"EventData":{"Data":[{"@Name":"SubjectUserSid","#text":"S-1-5-21-3962163828-2803415714-1403596700-1001"},{"@Name":"SubjectUserName","#text":"lplui"},{"@Name":"SubjectDomainName","#text":"SERVER002"},{"@Name":"SubjectLogonId","#text":"0x3D79D"},{"@Name":"TargetName","#text":"WindowsLive:(cert):name=02ofrizxnslvvfxc;serviceuri=*"},{"@Name":"Type","#text":"0"},{"@Name":"CountOfCredentialsReturned","#text":"0"},{"@Name":"ReadOperation","#text":"%%8100"},{"@Name":"ReturnCode","#text":"3221226021"},{"@Name":"ProcessCreationTime","#text":"2025-05-01 07:48:42.3970402"},{"@Name":"ClientProcessId","#text":"10908"}]}}}
{"Event":{"System":{"Provider":{"@Name":"Microsoft-Windows-Security-Auditing","@Guid":"54849625-5478-4994-a5ba-3e3b0328c30d"},"EventID":"5379","Version":"0","Level":"0","Task":"13824","Opcode":"0","Keywords":"0x8020000000000000","TimeCreated":{"@SystemTime":"2025-05-01 07:48:42.5541243"},"EventRecordID":"85030","Correlation":{"@ActivityID":"f10ad359-b9b7-0000-75d4-0af1b7b9db01"},"Execution":{"@ProcessID":"676","@ThreadID":"5644"},"Channel":"Security","Computer":"Server002","Security":null},"EventData":{"Data":[{"@Name":"SubjectUserSid","#text":"S-1-5-21-3962163828-2803415714-1403596700-1001"},{"@Name":"SubjectUserName","#text":"lplui"},{"@Name":"SubjectDomainName","#text":"SERVER002"},{"@Name":"SubjectLogonId","#text":"0x3D79D"},{"@Name":"TargetName","#text":"WindowsLive:target=virtualapp/didlogical"},{"@Name":"Type","#text":"0"},{"@Name":"CountOfCredentialsReturned","#text":"1"},{"@Name":"ReadOperation","#text":"%%8100"},{"@Name":"ReturnCode","#text":"0"},{"@Name":"ProcessCreationTime","#text":"2025-05-01 07:48:42.3970402"},{"@Name":"ClientProcessId","#text":"10908"}]}}}
{"Event":{"System":{"Provider":{"@Name":"Microsoft-Windows-Security-Auditing","@Guid":"54849625-5478-4994-a5ba-3e3b0328c30d"},"EventID":"5379","Version":"0","Level":"0","Task":"13824","Opcode":"0","Keywords":"0x8020000000000000","TimeCreated":{"@SystemTime":"2025-05-01 07:48:42.5555985"},"EventRecordID":"85031","Correlation":{"@ActivityID":"f10ad359-b9b7-0000-75d4-0af1b7b9db01"},"Execution":{"@ProcessID":"676","@ThreadID":"5644"},"Channel":"Security","Computer":"Server002","Security":null},"EventData":{"Data":[{"@Name":"SubjectUserSid","#text":"S-1-5-21-3962163828-2803415714-1403596700-1001"},{"@Name":"SubjectUserName","#text":"lplui"},{"@Name":"SubjectDomainName","#text":"SERVER002"},{"@Name":"SubjectLogonId","#text":"0x3D79D"},{"@Name":"TargetName","#text":"MicrosoftAccount:user=lpluigi44@gmail.com"},{"@Name":"Type","#text":"0"},{"@Name":"CountOfCredentialsReturned","#text":"1"},{"@Name":"ReadOperation","#text":"%%8100"},{"@Name":"ReturnCode","#text":"0"},{"@Name":"ProcessCreationTime","#text":"2025-05-01 07:48:42.3970402"},{"@Name":"ClientProcessId","#text":"10908"}]}}}
{"Event":{"System":{"Provider":{"@Name":"Microsoft-Windows-Security-Auditing","@Guid":"54849625-5478-4994-a5ba-3e3b0328c30d"},"EventID":"5379","Version":"0","Level":"0","Task":"13824","Opcode":"0","Keywords":"0x8020000000000000","TimeCreated":{"@SystemTime":"2025-05-01 07:48:42.5570562"},"EventRecordID":"85032","Correlation":{"@ActivityID":"f10ad359-b9b7-0000-75d4-0af1b7b9db01"},"Execution":{"@ProcessID":"676","@ThreadID":"5644"},"Channel":"Security","Computer":"Server002","Security":null},"EventData":{"Data":[{"@Name":"SubjectUserSid","#text":"S-1-5-21-3962163828-2803415714-1403596700-1001"},{"@Name":"SubjectUserName","#text":"lplui"},{"@Name":"SubjectDomainName","#text":"SERVER002"},{"@Name":"SubjectLogonId","#text":"0x3D79D"},{"@Name":"TargetName","#text":"WindowsLive:(token):name=lpluigi44@gmail.com;serviceuri=*"},{"@Name":"Type","#text":"0"},{"@Name":"CountOfCredentialsReturned","#text":"0"},{"@Name":"ReadOperation","#text":"%%8100"},{"@Name":"ReturnCode","#text":"3221226021"},{"@Name":"ProcessCreationTime","#text":"2025-05-01 07:48:42.3970402"},{"@Name":"ClientProcessId","#text":"10908"}]}}}
{"Event":{"System":{"Provider":{"@Name":"Microsoft-Windows-Security-Auditing","@Guid":"54849625-5478-4994-a5ba-3e3b0328c30d"},"EventID":"5379","Version":"0","Level":"0","Task":"13824","Opcode":"0","Keywords":"0x8020000000000000","TimeCreated":{"@SystemTime":"2025-05-01 07:48:42.5571500"},"EventRecordID":"85033","Correlation":{"@ActivityID":"f10ad359-b9b7-0000-75d4-0af1b7b9db01"},"Execution":{"@ProcessID":"676","@ThreadID":"5644"},"Channel":"Security","Computer":"Server002","Security":null},"EventData":{"Data":[{"@Name":"SubjectUserSid","#text":"S-1-5-21-3962163828-2803415714-1403596700-1001"},{"@Name":"SubjectUserName","#text":"lplui"},{"@Name":"SubjectDomainName","#text":"SERVER002"},{"@Name":"SubjectLogonId","#text":"0x3D79D"},{"@Name":"TargetName","#text":"WindowsLive:(cert):name=lpluigi44@gmail.com;serviceuri=*"},{"@Name":"Type","#text":"0"},{"@Name":"CountOfCredentialsReturned","#text":"0"},{"@Name":"ReadOperation","#text":"%%8100"},{"@Name":"ReturnCode","#text":"3221226021"},{"@Name":"ProcessCreationTime","#text":"2025-05-01 07:48:42.3970402"},{"@Name":"ClientProcessId","#text":"10908"}]}}}
{"Event":{"System":{"Provider":{"@Name":"Microsoft-Windows-Security-Auditing","@Guid":"54849625-5478-4994-a5ba-3e3b0328c30d"},"EventID":"4798","Version":"0","Level":"0","Task":"13824","Opcode":"0","Keywords":"0x8020000000000000","TimeCreated":{"@SystemTime":"2025-05-01 07:48:42.6028208"},"EventRecordID":"85034","Correlation":{"@ActivityID":"f10ad359-b9b7-0000-75d4-0af1b7b9db01"},"Execution":{"@ProcessID":"676","@ThreadID":"5644"},"Channel":"Security","Computer":"Server002","Security":null},"EventData":{"Data":[{"@Name":"TargetUserName","#text":"Administrator"},{"@Name":"TargetDomainName","#text":"SERVER002"},{"@Name":"TargetSid","#text":"S-1-5-21-3962163828-2803415714-1403596700-500"},{"@Name":"SubjectUserSid","#text":"S-1-5-18"},{"@Name":"SubjectUserName","#text":"SERVER002$"},{"@Name":"SubjectDomainName","#text":"WORKGROUP"},{"@Name":"SubjectLogonId","#text":"0x3E7"},{"@Name":"CallerProcessId","#text":"0x2864"},{"@Name":"CallerProcessName","#text":"C:\Windows\System32\taskhostw.exe"}]}}}
{"Event":{"System":{"Provider":{"@Name":"Microsoft-Windows-Security-Auditing","@Guid":"54849625-5478-4994-a5ba-3e3b0328c30d"},"EventID":"4798","Version":"0","Level":"0","Task":"13824","Opcode":"0","Keywords":"0x8020000000000000","TimeCreated":{"@SystemTime":"2025-05-01 07:48:42.6032935"},"EventRecordID":"85035","Correlation":{"@ActivityID":"f10ad359-b9b7-0000-75d4-0af1b7b9db01"},"Execution":{"@ProcessID":"676","@ThreadID":"5644"},"Channel":"Security","Computer":"Server002","Security":null},"EventData":{"Data":[{"@Name":"TargetUserName","#text":"admin_test"},{"@Name":"TargetDomainName","#text":"SERVER002"},{"@Name":"TargetSid","#text":"S-1-5-21-3962163828-2803415714-1403596700-1006"},{"@Name":"SubjectUserSid","#text":"S-1-5-18"},{"@Name":"SubjectUserName","#text":"SERVER002$"},{"@Name":"SubjectDomainName","#text":"WORKGROUP"},{"@Name":"SubjectLogonId","#text":"0x3E7"},{"@Name":"CallerProcessId","#text":"0x2864"},{"@Name":"CallerProcessName","#text":"C:\Windows\System32\taskhostw.exe"}]}}}
{"Event":{"System":{"Provider":{"@Name":"Microsoft-Windows-Security-Auditing","@Guid":"54849625-5478-4994-a5ba-3e3b0328c30d"},"EventID":"4798","Version":"0","Level":"0","Task":"13824","Opcode":"0","Keywords":"0x8020000000000000","TimeCreated":{"@SystemTime":"2025-05-01 07:48:42.6037526"},"EventRecordID":"85036","Correlation":{"@ActivityID":"f10ad359-b9b7-0000-75d4-0af1b7b9db01"},"Execution":{"@ProcessID":"676","@ThreadID":"5644"},"Channel":"Security","Computer":"Server002","Security":null},"EventData":{"Data":[{"@Name":"TargetUserName","#text":"DefaultAccount"},{"@Name":"TargetDomainName","#text":"SERVER002"},{"@Name":"TargetSid","#text":"S-1-5-21-3962163828-2803415714-1403596700-503"},{"@Name":"SubjectUserSid","#text":"S-1-5-18"},{"@Name":"SubjectUserName","#text":"SERVER002$"},{"@Name":"SubjectDomainName","#text":"WORKGROUP"},{"@Name":"SubjectLogonId","#text":"0x3E7"},{"@Name":"CallerProcessId","#text":"0x2864"},{"@Name":"CallerProcessName","#text":"C:\Windows\System32\taskhostw.exe"}]}}}
{"Event":{"System":{"Provider":{"@Name":"Microsoft-Windows-Security-Auditing","@Guid":"54849625-5478-4994-a5ba-3e3b0328c30d"},"EventID":"4798","Version":"0","Level":"0","Task":"13824","Opcode":"0","Keywords":"0x8020000000000000","TimeCreated":{"@SystemTime":"2025-05-01 07:48:42.6042466"},"EventRecordID":"85037","Correlation":{"@ActivityID":"f10ad359-b9b7-0000-75d4-0af1b7b9db01"},"Execution":{"@ProcessID":"676","@ThreadID":"5644"},"Channel":"Security","Computer":"Server002","Security":null},"EventData":{"Data":[{"@Name":"TargetUserName","#text":"Guest"},{"@Name":"TargetDomainName","#text":"SERVER002"},{"@Name":"TargetSid","#text":"S-1-5-21-3962163828-2803415714-1403596700-501"},{"@Name":"SubjectUserSid","#text":"S-1-5-18"},{"@Name":"SubjectUserName","#text":"SERVER002$"},{"@Name":"SubjectDomainName","#text":"WORKGROUP"},{"@Name":"SubjectLogonId","#text":"0x3E7"},{"@Name":"CallerProcessId","#text":"0x2864"},{"@Name":"CallerProcessName","#text":"C:\Windows\System32\taskhostw.exe"}]}}}
{"Event":{"System":{"Provider":{"@Name":"Microsoft-Windows-Security-Auditing","@Guid":"54849625-5478-4994-a5ba-3e3b0328c30d"},"EventID":"4798","Version":"0","Level":"0","Task":"13824","Opcode":"0","Keywords":"0x8020000000000000","TimeCreated":{"@SystemTime":"2025-05-01 07:48:42.6048444"},"EventRecordID":"85038","Correlation":{"@ActivityID":"f10ad359-b9b7-0000-75d4-0af1b7b9db01"},"Execution":{"@ProcessID":"676","@ThreadID":"5644"},"Channel":"Security","Computer":"Server002","Security":null},"EventData":{"Data":[{"@Name":"TargetUserName","#text":"lplui"},{"@Name":"TargetDomainName","#text":"SERVER002"},{"@Name":"TargetSid","#text":"S-1-5-21-3962163828-2803415714-1403596700-1001"},{"@Name":"SubjectUserSid","#text":"S-1-5-18"},{"@Name":"SubjectUserName","#text":"SERVER002$"},{"@Name":"SubjectDomainName","#text":"WORKGROUP"},{"@Name":"SubjectLogonId","#text":"0x3E7"},{"@Name":"CallerProcessId","#text":"0x2864"},{"@Name":"CallerProcessName","#text":"C:\Windows\System32\taskhostw.exe"}]}}}
{"Event":{"System":{"Provider":{"@Name":"Microsoft-Windows-Security-Auditing","@Guid":"54849625-5478-4994-a5ba-3e3b0328c30d"},"EventID":"4798","Version":"0","Level":"0","Task":"13824","Opcode":"0","Keywords":"0x8020000000000000","TimeCreated":{"@SystemTime":"2025-05-01 07:48:42.6105880"},"EventRecordID":"85039","Correlation":{"@ActivityID":"f10ad359-b9b7-0000-75d4-0af1b7b9db01"},"Execution":{"@ProcessID":"676","@ThreadID":"5644"},"Channel":"Security","Computer":"Server002","Security":null},"EventData":{"Data":[{"@Name":"TargetUserName","#text":"Administrator"},{"@Name":"TargetDomainName","#text":"SERVER002"},{"@Name":"TargetSid","#text":"S-1-5-21-3962163828-2803415714-1403596700-500"},{"@Name":"SubjectUserSid","#text":"S-1-5-18"},{"@Name":"SubjectUserName","#text":"SERVER002$"},{"@Name":"SubjectDomainName","#text":"WORKGROUP"},{"@Name":"SubjectLogonId","#text":"0x3E7"},{"@Name":"CallerProcessId","#text":"0x2864"},{"@Name":"CallerProcessName","#text":"C:\Windows\System32\taskhostw.exe"}]}}}
{"Event":{"System":{"Provider":{"@Name":"Microsoft-Windows-Security-Auditing","@Guid":"54849625-5478-4994-a5ba-3e3b0328c30d"},"EventID":"4798","Version":"0","Level":"0","Task":"13824","Opcode":"0","Keywords":"0x8020000000000000","TimeCreated":{"@SystemTime":"2025-05-01 07:48:42.6120850"},"EventRecordID":"85040","Correlation":{"@ActivityID":"f10ad359-b9b7-0000-75d4-0af1b7b9db01"},"Execution":{"@ProcessID":"676","@ThreadID":"5644"},"Channel":"Security","Computer":"Server002","Security":null},"EventData":{"Data":[{"@Name":"TargetUserName","#text":"admin_test"},{"@Name":"TargetDomainName","#text":"SERVER002"},{"@Name":"TargetSid","#text":"S-1-5-21-3962163828-2803415714-1403596700-1006"},{"@Name":"SubjectUserSid","#text":"S-1-5-18"},{"@Name":"SubjectUserName","#text":"SERVER002$"},{"@Name":"SubjectDomainName","#text":"WORKGROUP"},{"@Name":"SubjectLogonId","#text":"0x3E7"},{"@Name":"CallerProcessId","#text":"0x2864"},{"@Name":"CallerProcessName","#text":"C:\Windows\System32\taskhostw.exe"}]}}}
{"Event":{"System":{"Provider":{"@Name":"Microsoft-Windows-Security-Auditing","@Guid":"54849625-5478-4994-a5ba-3e3b0328c30d"},"EventID":"4798","Version":"0","Level":"0","Task":"13824","Opcode":"0","Keywords":"0x8020000000000000","TimeCreated":{"@SystemTime":"2025-05-01 07:48:42.6125853"},"EventRecordID":"85041","Correlation":{"@ActivityID":"f10ad359-b9b7-0000-75d4-0af1b7b9db01"},"Execution":{"@ProcessID":"676","@ThreadID":"5644"},"Channel":"Security","Computer":"Server002","Security":null},"EventData":{"Data":[{"@Name":"TargetUserName","#text":"DefaultAccount"},{"@Name":"TargetDomainName","#text":"SERVER002"},{"@Name":"TargetSid","#text":"S-1-5-21-3962163828-2803415714-1403596700-503"},{"@Name":"SubjectUserSid","#text":"S-1-5-18"},{"@Name":"SubjectUserName","#text":"SERVER002$"},{"@Name":"SubjectDomainName","#text":"WORKGROUP"},{"@Name":"SubjectLogonId","#text":"0x3E7"},{"@Name":"CallerProcessId","#text":"0x2864"},{"@Name":"CallerProcessName","#text":"C:\Windows\System32\taskhostw.exe"}]}}}
{"Event":{"System":{"Provider":{"@Name":"Microsoft-Windows-Security-Auditing","@Guid":"54849625-5478-4994-a5ba-3e3b0328c30d"},"EventID":"4798","Version":"0","Level":"0","Task":"13824","Opcode":"0","Keywords":"0x8020000000000000","TimeCreated":{"@SystemTime":"2025-05-01 07:48:42.6130970"},"EventRecordID":"85042","Correlation":{"@ActivityID":"f10ad359-b9b7-0000-75d4-0af1b7b9db01"},"Execution":{"@ProcessID":"676","@ThreadID":"5644"},"Channel":"Security","Computer":"Server002","Security":null},"EventData":{"Data":[{"@Name":"TargetUserName","#text":"Guest"},{"@Name":"TargetDomainName","#text":"SERVER002"},{"@Name":"TargetSid","#text":"S-1-5-21-3962163828-2803415714-1403596700-501"},{"@Name":"SubjectUserSid","#text":"S-1-5-18"},{"@Name":"SubjectUserName","#text":"SERVER002$"},{"@Name":"SubjectDomainName","#text":"WORKGROUP"},{"@Name":"SubjectLogonId","#text":"0x3E7"},{"@Name":"CallerProcessId","#text":"0x2864"},{"@Name":"CallerProcessName","#text":"C:\Windows\System32\taskhostw.exe"}]}}}
{"Event":{"System":{"Provider":{"@Name":"Microsoft-Windows-Security-Auditing","@Guid":"54849625-5478-4994-a5ba-3e3b0328c30d"},"EventID":"4798","Version":"0","Level":"0","Task":"13824","Opcode":"0","Keywords":"0x8020000000000000","TimeCreated":{"@SystemTime":"2025-05-01 07:48:42.6136119"},"EventRecordID":"85043","Correlation":{"@ActivityID":"f10ad359-b9b7-0000-75d4-0af1b7b9db01"},"Execution":{"@ProcessID":"676","@ThreadID":"5644"},"Channel":"Security","Computer":"Server002","Security":null},"EventData":{"Data":[{"@Name":"TargetUserName","#text":"lplui"},{"@Name":"TargetDomainName","#text":"SERVER002"},{"@Name":"TargetSid","#text":"S-1-5-21-3962163828-2803415714-1403596700-1001"},{"@Name":"SubjectUserSid","#text":"S-1-5-18"},{"@Name":"SubjectUserName","#text":"SERVER002$"},{"@Name":"SubjectDomainName","#text":"WORKGROUP"},{"@Name":"SubjectLogonId","#text":"0x3E7"},{"@Name":"CallerProcessId","#text":"0x2864"},{"@Name":"CallerProcessName","#text":"C:\Windows\System32\taskhostw.exe"}]}}}
{"Event":{"System":{"Provider":{"@Name":"Microsoft-Windows-Security-Auditing","@Guid":"54849625-5478-4994-a5ba-3e3b0328c30d"},"EventID":"4624","Version":"2","Level":"0","Task":"12544","Opcode":"0","Keywords":"0x8020000000000000","TimeCreated":{"@SystemTime":"2025-05-01 07:48:44.7463609"},"EventRecordID":"85044","Correlation":{"@ActivityID":"f10ad359-b9b7-0000-75d4-0af1b7b9db01"},"Execution":{"@ProcessID":"676","@ThreadID":"720"},"Channel":"Security","Computer":"Server002","Security":null},"EventData":{"Data":[{"@Name":"SubjectUserSid","#text":"S-1-5-18"},{"@Name":"SubjectUserName","#text":"SERVER002$"},{"@Name":"SubjectDomainName","#text":"WORKGROUP"},{"@Name":"SubjectLogonId","#text":"0x3E7"},{"@Name":"TargetUserSid","#text":"S-1-5-18"},{"@Name":"TargetUserName","#text":"SYSTEM"},{"@Name":"TargetDomainName","#text":"NT AUTHORITY"},{"@Name":"TargetLogonId","#text":"0x3E7"},{"@Name":"LogonType","#text":"5"},{"@Name":"LogonProcessName","#text":"Advapi"},{"@Name":"AuthenticationPackageName","#text":"Negotiate"},{"@Name":"WorkstationName","#text":"-"},{"@Name":"LogonGuid","#text":"00000000-0000-0000-0000-000000000000"},{"@Name":"TransmittedServices","#text":"-"},{"@Name":"LmPackageName","#text":"-"},{"@Name":"KeyLength","#text":"0"},{"@Name":"ProcessId","#text":"0x29C"},{"@Name":"ProcessName","#text":"C:\Windows\System32\services.exe"},{"@Name":"IpAddress","#text":"-"},{"@Name":"IpPort","#text":"-"},{"@Name":"ImpersonationLevel","#text":"%%1833"},{"@Name":"RestrictedAdminMode","#text":"-"},{"@Name":"TargetOutboundUserName","#text":"-"},{"@Name":"TargetOutboundDomainName","#text":"-"},{"@Name":"VirtualAccount","#text":"%%1843"},{"@Name":"TargetLinkedLogonId","#text":"0x0"},{"@Name":"ElevatedToken","#text":"%%1842"}]}}}
{"Event":{"System":{"Provider":{"@Name":"Microsoft-Windows-Security-Auditing","@Guid":"54849625-5478-4994-a5ba-3e3b0328c30d"},"EventID":"4672","Version":"0","Level":"0","Task":"12548","Opcode":"0","Keywords":"0x8020000000000000","TimeCreated":{"@SystemTime":"2025-05-01 07:48:44.7463676"},"EventRecordID":"85045","Correlation":{"@ActivityID":"f10ad359-b9b7-0000-75d4-0af1b7b9db01"},"Execution":{"@ProcessID":"676","@ThreadID":"720"},"Channel":"Security","Computer":"Server002","Security":null},"EventData":{"Data":[{"@Name":"SubjectUserSid","#text":"S-1-5-18"},{"@Name":"SubjectUserName","#text":"SYSTEM"},{"@Name":"SubjectDomainName","#text":"NT AUTHORITY"},{"@Name":"SubjectLogonId","#text":"0x3E7"},{"@Name":"PrivilegeList","#text":"SeAssignPrimaryTokenPrivilege, SeTcbPrivilege, SeSecurityPrivilege, SeTakeOwnershipPrivilege, SeLoadDriverPrivilege, SeBackupPrivilege, SeRestorePrivilege, SeDebugPrivilege, SeAuditPrivilege, SeSystemEnvironmentPrivilege, SeImpersonatePrivilege, SeDelegateSessionUserImpersonatePrivilege"}]}}}
{"Event":{"System":{"Provider":{"@Name":"Microsoft-Windows-Security-Auditing","@Guid":"54849625-5478-4994-a5ba-3e3b0328c30d"},"EventID":"5382","Version":"0","Level":"0","Task":"13824","Opcode":"0","Keywords":"0x8020000000000000","TimeCreated":{"@SystemTime":"2025-05-01 07:48:55.9436950"},"EventRecordID":"85046","Correlation":null,"Execution":{"@ProcessID":"676","@ThreadID":"5644"},"Channel":"Security","Computer":"Server002","Security":null},"EventData":{"Data":[{"@Name":"SubjectUserSid","#text":"S-1-5-18"},{"@Name":"SubjectUserName","#text":"SERVER002$"},{"@Name":"SubjectDomainName","#text":"WORKGROUP"},{"@Name":"SubjectLogonId","#text":"0x3E7"},{"@Name":"SchemaFriendlyName","#text":"NGC Local Accoount Logon Vault Resource Schema"},{"@Name":"Schema","#text":"1d4350a3-330d-4af9-b3ff-a927a45998ac"},{"@Name":"Resource","#text":"NGC Local Accoount Logon Vault Resource"},{"@Name":"Identity","#text":"01050000000000051500000074D229ECA2BA18A79C2FA953E9030000"},{"@Name":"PackageSid"},{"@Name":"Flags","#text":"0"},{"@Name":"ReturnCode","#text":"1168"},{"@Name":"ProcessCreationTime","#text":"2025-04-30 08:09:56.7384091"},{"@Name":"ClientProcessId","#text":"6616"}]}}}
{"Event":{"System":{"Provider":{"@Name":"Microsoft-Windows-Security-Auditing","@Guid":"54849625-5478-4994-a5ba-3e3b0328c30d"},"EventID":"4798","Version":"0","Level":"0","Task":"13824","Opcode":"0","Keywords":"0x8020000000000000","TimeCreated":{"@SystemTime":"2025-05-01 07:48:57.9018828"},"EventRecordID":"85047","Correlation":{"@ActivityID":"f10ad359-b9b7-0000-75d4-0af1b7b9db01"},"Execution":{"@ProcessID":"676","@ThreadID":"5644"},"Channel":"Security","Computer":"Server002","Security":null},"EventData":{"Data":[{"@Name":"TargetUserName","#text":"Administrator"},{"@Name":"TargetDomainName","#text":"SERVER002"},{"@Name":"TargetSid","#text":"S-1-5-21-3962163828-2803415714-1403596700-500"},{"@Name":"SubjectUserSid","#text":"S-1-5-18"},{"@Name":"SubjectUserName","#text":"SERVER002$"},{"@Name":"SubjectDomainName","#text":"WORKGROUP"},{"@Name":"SubjectLogonId","#text":"0x3E7"},{"@Name":"CallerProcessId","#text":"0x2864"},{"@Name":"CallerProcessName","#text":"C:\Windows\System32\taskhostw.exe"}]}}}
{"Event":{"System":{"Provider":{"@Name":"Microsoft-Windows-Security-Auditing","@Guid":"54849625-5478-4994-a5ba-3e3b0328c30d"},"EventID":"4798","Version":"0","Level":"0","Task":"13824","Opcode":"0","Keywords":"0x8020000000000000","TimeCreated":{"@SystemTime":"2025-05-01 07:48:57.9024532"},"EventRecordID":"85048","Correlation":{"@ActivityID":"f10ad359-b9b7-0000-75d4-0af1b7b9db01"},"Execution":{"@ProcessID":"676","@ThreadID":"5644"},"Channel":"Security","Computer":"Server002","Security":null},"EventData":{"Data":[{"@Name":"TargetUserName","#text":"admin_test"},{"@Name":"TargetDomainName","#text":"SERVER002"},{"@Name":"TargetSid","#text":"S-1-5-21-3962163828-2803415714-1403596700-1006"},{"@Name":"SubjectUserSid","#text":"S-1-5-18"},{"@Name":"SubjectUserName","#text":"SERVER002$"},{"@Name":"SubjectDomainName","#text":"WORKGROUP"},{"@Name":"SubjectLogonId","#text":"0x3E7"},{"@Name":"CallerProcessId","#text":"0x2864"},{"@Name":"CallerProcessName","#text":"C:\Windows\System32\taskhostw.exe"}]}}}
{"Event":{"System":{"Provider":{"@Name":"Microsoft-Windows-Security-Auditing","@Guid":"54849625-5478-4994-a5ba-3e3b0328c30d"},"EventID":"4798","Version":"0","Level":"0","Task":"13824","Opcode":"0","Keywords":"0x8020000000000000","TimeCreated":{"@SystemTime":"2025-05-01 07:48:57.9029766"},"EventRecordID":"85049","Correlation":{"@ActivityID":"f10ad359-b9b7-0000-75d4-0af1b7b9db01"},"Execution":{"@ProcessID":"676","@ThreadID":"5644"},"Channel":"Security","Computer":"Server002","Security":null},"EventData":{"Data":[{"@Name":"TargetUserName","#text":"DefaultAccount"},{"@Name":"TargetDomainName","#text":"SERVER002"},{"@Name":"TargetSid","#text":"S-1-5-21-3962163828-2803415714-1403596700-503"},{"@Name":"SubjectUserSid","#text":"S-1-5-18"},{"@Name":"SubjectUserName","#text":"SERVER002$"},{"@Name":"SubjectDomainName","#text":"WORKGROUP"},{"@Name":"SubjectLogonId","#text":"0x3E7"},{"@Name":"CallerProcessId","#text":"0x2864"},{"@Name":"CallerProcessName","#text":"C:\Windows\System32\taskhostw.exe"}]}}}
{"Event":{"System":{"Provider":{"@Name":"Microsoft-Windows-Security-Auditing","@Guid":"54849625-5478-4994-a5ba-3e3b0328c30d"},"EventID":"4798","Version":"0","Level":"0","Task":"13824","Opcode":"0","Keywords":"0x8020000000000000","TimeCreated":{"@SystemTime":"2025-05-01 07:48:57.9034897"},"EventRecordID":"85050","Correlation":{"@ActivityID":"f10ad359-b9b7-0000-75d4-0af1b7b9db01"},"Execution":{"@ProcessID":"676","@ThreadID":"5644"},"Channel":"Security","Computer":"Server002","Security":null},"EventData":{"Data":[{"@Name":"TargetUserName","#text":"Guest"},{"@Name":"TargetDomainName","#text":"SERVER002"},{"@Name":"TargetSid","#text":"S-1-5-21-3962163828-2803415714-1403596700-501"},{"@Name":"SubjectUserSid","#text":"S-1-5-18"},{"@Name":"SubjectUserName","#text":"SERVER002$"},{"@Name":"SubjectDomainName","#text":"WORKGROUP"},{"@Name":"SubjectLogonId","#text":"0x3E7"},{"@Name":"CallerProcessId","#text":"0x2864"},{"@Name":"CallerProcessName","#text":"C:\Windows\System32\taskhostw.exe"}]}}}
{"Event":{"System":{"Provider":{"@Name":"Microsoft-Windows-Security-Auditing","@Guid":"54849625-5478-4994-a5ba-3e3b0328c30d"},"EventID":"4798","Version":"0","Level":"0","Task":"13824","Opcode":"0","Keywords":"0x8020000000000000","TimeCreated":{"@SystemTime":"2025-05-01 07:48:57.9040117"},"EventRecordID":"85051","Correlation":{"@ActivityID":"f10ad359-b9b7-0000-75d4-0af1b7b9db01"},"Execution":{"@ProcessID":"676","@ThreadID":"5644"},"Channel":"Security","Computer":"Server002","Security":null},"EventData":{"Data":[{"@Name":"TargetUserName","#text":"lplui"},{"@Name":"TargetDomainName","#text":"SERVER002"},{"@Name":"TargetSid","#text":"S-1-5-21-3962163828-2803415714-1403596700-1001"},{"@Name":"SubjectUserSid","#text":"S-1-5-18"},{"@Name":"SubjectUserName","#text":"SERVER002$"},{"@Name":"SubjectDomainName","#text":"WORKGROUP"},{"@Name":"SubjectLogonId","#text":"0x3E7"},{"@Name":"CallerProcessId","#text":"0x2864"},{"@Name":"CallerProcessName","#text":"C:\Windows\System32\taskhostw.exe"}]}}}
{"Event":{"System":{"Provider":{"@Name":"Microsoft-Windows-Security-Auditing","@Guid":"54849625-5478-4994-a5ba-3e3b0328c30d"},"EventID":"4624","Version":"2","Level":"0","Task":"12544","Opcode":"0","Keywords":"0x8020000000000000","TimeCreated":{"@SystemTime":"2025-05-01 07:54:11.9807415"},"EventRecordID":"85052","Correlation":{"@ActivityID":"f10ad359-b9b7-0000-75d4-0af1b7b9db01"},"Execution":{"@ProcessID":"676","@ThreadID":"720"},"Channel":"Security","Computer":"Server002","Security":null},"EventData":{"Data":[{"@Name":"SubjectUserSid","#text":"S-1-5-18"},{"@Name":"SubjectUserName","#text":"SERVER002$"},{"@Name":"SubjectDomainName","#text":"WORKGROUP"},{"@Name":"SubjectLogonId","#text":"0x3E7"},{"@Name":"TargetUserSid","#text":"S-1-5-18"},{"@Name":"TargetUserName","#text":"SYSTEM"},{"@Name":"TargetDomainName","#text":"NT AUTHORITY"},{"@Name":"TargetLogonId","#text":"0x3E7"},{"@Name":"LogonType","#text":"5"},{"@Name":"LogonProcessName","#text":"Advapi"},{"@Name":"AuthenticationPackageName","#text":"Negotiate"},{"@Name":"WorkstationName","#text":"-"},{"@Name":"LogonGuid","#text":"00000000-0000-0000-0000-000000000000"},{"@Name":"TransmittedServices","#text":"-"},{"@Name":"LmPackageName","#text":"-"},{"@Name":"KeyLength","#text":"0"},{"@Name":"ProcessId","#text":"0x29C"},{"@Name":"ProcessName","#text":"C:\Windows\System32\services.exe"},{"@Name":"IpAddress","#text":"-"},{"@Name":"IpPort","#text":"-"},{"@Name":"ImpersonationLevel","#text":"%%1833"},{"@Name":"RestrictedAdminMode","#text":"-"},{"@Name":"TargetOutboundUserName","#text":"-"},{"@Name":"TargetOutboundDomainName","#text":"-"},{"@Name":"VirtualAccount","#text":"%%1843"},{"@Name":"TargetLinkedLogonId","#text":"0x0"},{"@Name":"ElevatedToken","#text":"%%1842"}]}}}
{"Event":{"System":{"Provider":{"@Name":"Microsoft-Windows-Security-Auditing","@Guid":"54849625-5478-4994-a5ba-3e3b0328c30d"},"EventID":"4672","Version":"0","Level":"0","Task":"12548","Opcode":"0","Keywords":"0x8020000000000000","TimeCreated":{"@SystemTime":"2025-05-01 07:54:11.9807499"},"EventRecordID":"85053","Correlation":{"@ActivityID":"f10ad359-b9b7-0000-75d4-0af1b7b9db01"},"Execution":{"@ProcessID":"676","@ThreadID":"720"},"Channel":"Security","Computer":"Server002","Security":null},"EventData":{"Data":[{"@Name":"SubjectUserSid","#text":"S-1-5-18"},{"@Name":"SubjectUserName","#text":"SYSTEM"},{"@Name":"SubjectDomainName","#text":"NT AUTHORITY"},{"@Name":"SubjectLogonId","#text":"0x3E7"},{"@Name":"PrivilegeList","#text":"SeAssignPrimaryTokenPrivilege, SeTcbPrivilege, SeSecurityPrivilege, SeTakeOwnershipPrivilege, SeLoadDriverPrivilege, SeBackupPrivilege, SeRestorePrivilege, SeDebugPrivilege, SeAuditPrivilege, SeSystemEnvironmentPrivilege, SeImpersonatePrivilege, SeDelegateSessionUserImpersonatePrivilege"}]}}}
{"Event":{"System":{"Provider":{"@Name":"Microsoft-Windows-Security-Auditing","@Guid":"54849625-5478-4994-a5ba-3e3b0328c30d"},"EventID":"5379","Version":"0","Level":"0","Task":"13824","Opcode":"0","Keywords":"0x8020000000000000","TimeCreated":{"@SystemTime":"2025-05-01 07:54:12.2405590"},"EventRecordID":"85054","Correlation":{"@ActivityID":"f10ad359-b9b7-0000-75d4-0af1b7b9db01"},"Execution":{"@ProcessID":"676","@ThreadID":"5300"},"Channel":"Security","Computer":"Server002","Security":null},"EventData":{"Data":[{"@Name":"SubjectUserSid","#text":"S-1-5-18"},{"@Name":"SubjectUserName","#text":"SERVER002$"},{"@Name":"SubjectDomainName","#text":"WORKGROUP"},{"@Name":"SubjectLogonId","#text":"0x3E7"},{"@Name":"TargetName","#text":"WindowsLive:(token):name=02dsuvqsngyzxykp;serviceuri=*"},{"@Name":"Type","#text":"0"},{"@Name":"CountOfCredentialsReturned","#text":"0"},{"@Name":"ReadOperation","#text":"%%8100"},{"@Name":"ReturnCode","#text":"3221226021"},{"@Name":"ProcessCreationTime","#text":"2025-05-01 07:54:11.9879681"},{"@Name":"ClientProcessId","#text":"8336"}]}}}
{"Event":{"System":{"Provider":{"@Name":"Microsoft-Windows-Security-Auditing","@Guid":"54849625-5478-4994-a5ba-3e3b0328c30d"},"EventID":"5379","Version":"0","Level":"0","Task":"13824","Opcode":"0","Keywords":"0x8020000000000000","TimeCreated":{"@SystemTime":"2025-05-01 07:54:12.2412930"},"EventRecordID":"85055","Correlation":{"@ActivityID":"f10ad359-b9b7-0000-75d4-0af1b7b9db01"},"Execution":{"@ProcessID":"676","@ThreadID":"5300"},"Channel":"Security","Computer":"Server002","Security":null},"EventData":{"Data":[{"@Name":"SubjectUserSid","#text":"S-1-5-18"},{"@Name":"SubjectUserName","#text":"SERVER002$"},{"@Name":"SubjectDomainName","#text":"WORKGROUP"},{"@Name":"SubjectLogonId","#text":"0x3E7"},{"@Name":"TargetName","#text":"WindowsLive:(cert):name=02dsuvqsngyzxykp;serviceuri=*"},{"@Name":"Type","#text":"0"},{"@Name":"CountOfCredentialsReturned","#text":"0"},{"@Name":"ReadOperation","#text":"%%8100"},{"@Name":"ReturnCode","#text":"3221226021"},{"@Name":"ProcessCreationTime","#text":"2025-05-01 07:54:11.9879681"},{"@Name":"ClientProcessId","#text":"8336"}]}}}
{"Event":{"System":{"Provider":{"@Name":"Microsoft-Windows-Security-Auditing","@Guid":"54849625-5478-4994-a5ba-3e3b0328c30d"},"EventID":"5379","Version":"0","Level":"0","Task":"13824","Opcode":"0","Keywords":"0x8020000000000000","TimeCreated":{"@SystemTime":"2025-05-01 07:54:12.2413605"},"EventRecordID":"85056","Correlation":{"@ActivityID":"f10ad359-b9b7-0000-75d4-0af1b7b9db01"},"Execution":{"@ProcessID":"676","@ThreadID":"5300"},"Channel":"Security","Computer":"Server002","Security":null},"EventData":{"Data":[{"@Name":"SubjectUserSid","#text":"S-1-5-18"},{"@Name":"SubjectUserName","#text":"SERVER002$"},{"@Name":"SubjectDomainName","#text":"WORKGROUP"},{"@Name":"SubjectLogonId","#text":"0x3E7"},{"@Name":"TargetName","#text":"WindowsLive:target=virtualapp/didlogical"},{"@Name":"Type","#text":"0"},{"@Name":"CountOfCredentialsReturned","#text":"1"},{"@Name":"ReadOperation","#text":"%%8100"},{"@Name":"ReturnCode","#text":"0"},{"@Name":"ProcessCreationTime","#text":"2025-05-01 07:54:11.9879681"},{"@Name":"ClientProcessId","#text":"8336"}]}}}
{"Event":{"System":{"Provider":{"@Name":"Microsoft-Windows-Security-Auditing","@Guid":"54849625-5478-4994-a5ba-3e3b0328c30d"},"EventID":"5379","Version":"0","Level":"0","Task":"13824","Opcode":"0","Keywords":"0x8020000000000000","TimeCreated":{"@SystemTime":"2025-05-01 07:54:12.2468577"},"EventRecordID":"85057","Correlation":{"@ActivityID":"f10ad359-b9b7-0000-75d4-0af1b7b9db01"},"Execution":{"@ProcessID":"676","@ThreadID":"5300"},"Channel":"Security","Computer":"Server002","Security":null},"EventData":{"Data":[{"@Name":"SubjectUserSid","#text":"S-1-5-21-3962163828-2803415714-1403596700-1001"},{"@Name":"SubjectUserName","#text":"lplui"},{"@Name":"SubjectDomainName","#text":"SERVER002"},{"@Name":"SubjectLogonId","#text":"0x3D79D"},{"@Name":"TargetName","#text":"WindowsLive:(token):name=02ofrizxnslvvfxc;serviceuri=*"},{"@Name":"Type","#text":"0"},{"@Name":"CountOfCredentialsReturned","#text":"0"},{"@Name":"ReadOperation","#text":"%%8100"},{"@Name":"ReturnCode","#text":"3221226021"},{"@Name":"ProcessCreationTime","#text":"2025-05-01 07:54:11.9879681"},{"@Name":"ClientProcessId","#text":"8336"}]}}}
{"Event":{"System":{"Provider":{"@Name":"Microsoft-Windows-Security-Auditing","@Guid":"54849625-5478-4994-a5ba-3e3b0328c30d"},"EventID":"5379","Version":"0","Level":"0","Task":"13824","Opcode":"0","Keywords":"0x8020000000000000","TimeCreated":{"@SystemTime":"2025-05-01 07:54:12.2471030"},"EventRecordID":"85058","Correlation":{"@ActivityID":"f10ad359-b9b7-0000-75d4-0af1b7b9db01"},"Execution":{"@ProcessID":"676","@ThreadID":"5300"},"Channel":"Security","Computer":"Server002","Security":null},"EventData":{"Data":[{"@Name":"SubjectUserSid","#text":"S-1-5-21-3962163828-2803415714-1403596700-1001"},{"@Name":"SubjectUserName","#text":"lplui"},{"@Name":"SubjectDomainName","#text":"SERVER002"},{"@Name":"SubjectLogonId","#text":"0x3D79D"},{"@Name":"TargetName","#text":"WindowsLive:(cert):name=02ofrizxnslvvfxc;serviceuri=*"},{"@Name":"Type","#text":"0"},{"@Name":"CountOfCredentialsReturned","#text":"0"},{"@Name":"ReadOperation","#text":"%%8100"},{"@Name":"ReturnCode","#text":"3221226021"},{"@Name":"ProcessCreationTime","#text":"2025-05-01 07:54:11.9879681"},{"@Name":"ClientProcessId","#text":"8336"}]}}}
{"Event":{"System":{"Provider":{"@Name":"Microsoft-Windows-Security-Auditing","@Guid":"54849625-5478-4994-a5ba-3e3b0328c30d"},"EventID":"5379","Version":"0","Level":"0","Task":"13824","Opcode":"0","Keywords":"0x8020000000000000","TimeCreated":{"@SystemTime":"2025-05-01 07:54:12.2471661"},"EventRecordID":"85059","Correlation":{"@ActivityID":"f10ad359-b9b7-0000-75d4-0af1b7b9db01"},"Execution":{"@ProcessID":"676","@ThreadID":"5300"},"Channel":"Security","Computer":"Server002","Security":null},"EventData":{"Data":[{"@Name":"SubjectUserSid","#text":"S-1-5-21-3962163828-2803415714-1403596700-1001"},{"@Name":"SubjectUserName","#text":"lplui"},{"@Name":"SubjectDomainName","#text":"SERVER002"},{"@Name":"SubjectLogonId","#text":"0x3D79D"},{"@Name":"TargetName","#text":"WindowsLive:target=virtualapp/didlogical"},{"@Name":"Type","#text":"0"},{"@Name":"CountOfCredentialsReturned","#text":"1"},{"@Name":"ReadOperation","#text":"%%8100"},{"@Name":"ReturnCode","#text":"0"},{"@Name":"ProcessCreationTime","#text":"2025-05-01 07:54:11.9879681"},{"@Name":"ClientProcessId","#text":"8336"}]}}}
{"Event":{"System":{"Provider":{"@Name":"Microsoft-Windows-Security-Auditing","@Guid":"54849625-5478-4994-a5ba-3e3b0328c30d"},"EventID":"5379","Version":"0","Level":"0","Task":"13824","Opcode":"0","Keywords":"0x8020000000000000","TimeCreated":{"@SystemTime":"2025-05-01 07:54:12.2541275"},"EventRecordID":"85060","Correlation":{"@ActivityID":"f10ad359-b9b7-0000-75d4-0af1b7b9db01"},"Execution":{"@ProcessID":"676","@ThreadID":"5300"},"Channel":"Security","Computer":"Server002","Security":null},"EventData":{"Data":[{"@Name":"SubjectUserSid","#text":"S-1-5-21-3962163828-2803415714-1403596700-1001"},{"@Name":"SubjectUserName","#text":"lplui"},{"@Name":"SubjectDomainName","#text":"SERVER002"},{"@Name":"SubjectLogonId","#text":"0x3D79D"},{"@Name":"TargetName","#text":"MicrosoftAccount:user=lpluigi44@gmail.com"},{"@Name":"Type","#text":"0"},{"@Name":"CountOfCredentialsReturned","#text":"1"},{"@Name":"ReadOperation","#text":"%%8100"},{"@Name":"ReturnCode","#text":"0"},{"@Name":"ProcessCreationTime","#text":"2025-05-01 07:54:11.9879681"},{"@Name":"ClientProcessId","#text":"8336"}]}}}
{"Event":{"System":{"Provider":{"@Name":"Microsoft-Windows-Security-Auditing","@Guid":"54849625-5478-4994-a5ba-3e3b0328c30d"},"EventID":"5379","Version":"0","Level":"0","Task":"13824","Opcode":"0","Keywords":"0x8020000000000000","TimeCreated":{"@SystemTime":"2025-05-01 07:54:12.2580343"},"EventRecordID":"85061","Correlation":{"@ActivityID":"f10ad359-b9b7-0000-75d4-0af1b7b9db01"},"Execution":{"@ProcessID":"676","@ThreadID":"5300"},"Channel":"Security","Computer":"Server002","Security":null},"EventData":{"Data":[{"@Name":"SubjectUserSid","#text":"S-1-5-21-3962163828-2803415714-1403596700-1001"},{"@Name":"SubjectUserName","#text":"lplui"},{"@Name":"SubjectDomainName","#text":"SERVER002"},{"@Name":"SubjectLogonId","#text":"0x3D79D"},{"@Name":"TargetName","#text":"WindowsLive:(token):name=lpluigi44@gmail.com;serviceuri=*"},{"@Name":"Type","#text":"0"},{"@Name":"CountOfCredentialsReturned","#text":"0"},{"@Name":"ReadOperation","#text":"%%8100"},{"@Name":"ReturnCode","#text":"3221226021"},{"@Name":"ProcessCreationTime","#text":"2025-05-01 07:54:11.9879681"},{"@Name":"ClientProcessId","#text":"8336"}]}}}
{"Event":{"System":{"Provider":{"@Name":"Microsoft-Windows-Security-Auditing","@Guid":"54849625-5478-4994-a5ba-3e3b0328c30d"},"EventID":"5379","Version":"0","Level":"0","Task":"13824","Opcode":"0","Keywords":"0x8020000000000000","TimeCreated":{"@SystemTime":"2025-05-01 07:54:12.2585633"},"EventRecordID":"85062","Correlation":{"@ActivityID":"f10ad359-b9b7-0000-75d4-0af1b7b9db01"},"Execution":{"@ProcessID":"676","@ThreadID":"5300"},"Channel":"Security","Computer":"Server002","Security":null},"EventData":{"Data":[{"@Name":"SubjectUserSid","#text":"S-1-5-21-3962163828-2803415714-1403596700-1001"},{"@Name":"SubjectUserName","#text":"lplui"},{"@Name":"SubjectDomainName","#text":"SERVER002"},{"@Name":"SubjectLogonId","#text":"0x3D79D"},{"@Name":"TargetName","#text":"WindowsLive:(cert):name=lpluigi44@gmail.com;serviceuri=*"},{"@Name":"Type","#text":"0"},{"@Name":"CountOfCredentialsReturned","#text":"0"},{"@Name":"ReadOperation","#text":"%%8100"},{"@Name":"ReturnCode","#text":"3221226021"},{"@Name":"ProcessCreationTime","#text":"2025-05-01 07:54:11.9879681"},{"@Name":"ClientProcessId","#text":"8336"}]}}}
