{"Event":{"System":{"Provider":{"@Name":"Microsoft-Windows-WindowsUpdateClient","@Guid":"945a8954-c147-4acd-923f-40c45405a658"},"EventID":"43","Version":"1","Level":"4","Task":"1","Opcode":"13","Keywords":"12008","TimeCreated":{"@SystemTime":"2025-04-29 14:11:53.6136004"},"EventRecordID":"5320","Correlation":null,"Execution":{"@ProcessID":"6116","@ThreadID":"8660"},"Channel":"System","Computer":"Server002","Security":{"@UserID":"S-1-5-18"}},"EventData":{"Data":[{"@Name":"updateTitle","#text":"9WZDNCRFJ3P2-MICROSOFT.ZUNEVIDEO"},{"@Name":"updateGuid","#text":"a1f5042d-4087-43b8-ac6e-f0b15a89cb2f"},{"@Name":"updateRevisionNumber","#text":"1"}]}}}
{"Event":{"System":{"Provider":{"@Name":"Microsoft-Windows-Kernel-General","@Guid":"a68ca8b7-004f-d7b6-a698-07e2de0f1f5d"},"EventID":"16","Version":"0","Level":"4","Task":"0","Opcode":"0","Keywords":"100","TimeCreated":{"@SystemTime":"2025-04-29 14:11:55.0823748"},"EventRecordID":"5321","Correlation":null,"Execution":{"@ProcessID":"8808","@ThreadID":"9336"},"Channel":"System","Computer":"Server002","Security":{"@UserID":"S-1-5-21-3962163828-2803415714-1403596700-1001"}},"EventData":{"Data":[{"@Name":"HiveNameLength","#text":"97"},{"@Name":"HiveName","#text":"\??\C:\Users\lplui\AppData\Local\Packages\Microsoft.ZuneVideo_8wekyb3d8bbwe\Settings\settings.dat"},{"@Name":"KeysUpdated","#text":"1"},{"@Name":"DirtyPages","#text":"1"}]}}}
{"Event":{"System":{"Provider":{"@Name":"Microsoft-Windows-WindowsUpdateClient","@Guid":"945a8954-c147-4acd-923f-40c45405a658"},"EventID":"44","Version":"1","Level":"4","Task":"1","Opcode":"12","Keywords":"12004","TimeCreated":{"@SystemTime":"2025-04-29 14:12:02.2267944"},"EventRecordID":"5322","Correlation":{"@ActivityID":"03272f8f-b900-0000-5463-280300b9db01"},"Execution":{"@ProcessID":"6116","@ThreadID":"8660"},"Channel":"System","Computer":"Server002","Security":{"@UserID":"S-1-5-18"}},"EventData":{"Data":[{"@Name":"updateTitle","#text":"9PLL735RFDSM-Microsoft.NET.Native.Runtime.2.2"},{"@Name":"updateGuid","#text":"9c137291-4059-4cb8-b650-12b07bbe1da1"},{"@Name":"updateRevisionNumber","#text":"1"}]}}}
{"Event":{"System":{"Provider":{"@Name":"Microsoft-Windows-WindowsUpdateClient","@Guid":"945a8954-c147-4acd-923f-40c45405a658"},"EventID":"44","Version":"1","Level":"4","Task":"1","Opcode":"12","Keywords":"12004","TimeCreated":{"@SystemTime":"2025-04-29 14:12:02.2267954"},"EventRecordID":"5323","Correlation":{"@ActivityID":"03272f8f-b900-0000-5463-280300b9db01"},"Execution":{"@ProcessID":"6116","@ThreadID":"8660"},"Channel":"System","Computer":"Server002","Security":{"@UserID":"S-1-5-18"}},"EventData":{"Data":[{"@Name":"updateTitle","#text":"9WZDNCRDTBVB-MICROSOFT.WINDOWSMAPS"},{"@Name":"updateGuid","#text":"811a76ce-f3ee-481a-9d98-9280f9d977b2"},{"@Name":"updateRevisionNumber","#text":"1"}]}}}
{"Event":{"System":{"Provider":{"@Name":"Microsoft-Windows-WindowsUpdateClient","@Guid":"945a8954-c147-4acd-923f-40c45405a658"},"EventID":"44","Version":"1","Level":"4","Task":"1","Opcode":"12","Keywords":"12004","TimeCreated":{"@SystemTime":"2025-04-29 14:12:02.2267967"},"EventRecordID":"5324","Correlation":{"@ActivityID":"03272f8f-b900-0000-5463-280300b9db01"},"Execution":{"@ProcessID":"6116","@ThreadID":"8660"},"Channel":"System","Computer":"Server002","Security":{"@UserID":"S-1-5-18"}},"EventData":{"Data":[{"@Name":"updateTitle","#text":"9MW2LKJ0TPJF-Microsoft.NET.Native.Framework.2.2"},{"@Name":"updateGuid","#text":"bfa7d40d-2cdf-4c15-98cf-85c847517da3"},{"@Name":"updateRevisionNumber","#text":"1"}]}}}
{"Event":{"System":{"Provider":{"@Name":"Microsoft-Windows-WindowsUpdateClient","@Guid":"945a8954-c147-4acd-923f-40c45405a658"},"EventID":"44","Version":"1","Level":"4","Task":"1","Opcode":"12","Keywords":"12004","TimeCreated":{"@SystemTime":"2025-04-29 14:12:02.2267974"},"EventRecordID":"5325","Correlation":{"@ActivityID":"03272f8f-b900-0000-5463-280300b9db01"},"Execution":{"@ProcessID":"6116","@ThreadID":"8660"},"Channel":"System","Computer":"Server002","Security":{"@UserID":"S-1-5-18"}},"EventData":{"Data":[{"@Name":"updateTitle","#text":"9WZDNCRDTBVB-MICROSOFT.WINDOWSMAPS"},{"@Name":"updateGuid","#text":"811a76ce-f3ee-481a-9d98-9280f9d977b2"},{"@Name":"updateRevisionNumber","#text":"1"}]}}}
{"Event":{"System":{"Provider":{"@Name":"Microsoft-Windows-WindowsUpdateClient","@Guid":"945a8954-c147-4acd-923f-40c45405a658"},"EventID":"19","Version":"1","Level":"4","Task":"1","Opcode":"13","Keywords":"118","TimeCreated":{"@SystemTime":"2025-04-29 14:12:02.2268499"},"EventRecordID":"5326","Correlation":{"@ActivityID":"03272f8f-b900-0000-5463-280300b9db01"},"Execution":{"@ProcessID":"6116","@ThreadID":"8660"},"Channel":"System","Computer":"Server002","Security":{"@UserID":"S-1-5-18"}},"EventData":{"Data":[{"@Name":"updateTitle","#text":"9WZDNCRFJ3P2-MICROSOFT.ZUNEVIDEO"},{"@Name":"updateGuid","#text":"a1f5042d-4087-43b8-ac6e-f0b15a89cb2f"},{"@Name":"updateRevisionNumber","#text":"1"},{"@Name":"serviceGuid","#text":"855e8a7c-ecb4-4ca3-b045-1dfa50104289"}]}}}
{"Event":{"System":{"Provider":{"@Name":"Microsoft-Windows-WindowsUpdateClient","@Guid":"945a8954-c147-4acd-923f-40c45405a658"},"EventID":"44","Version":"1","Level":"4","Task":"1","Opcode":"12","Keywords":"12004","TimeCreated":{"@SystemTime":"2025-04-29 14:12:13.5188961"},"EventRecordID":"5327","Correlation":null,"Execution":{"@ProcessID":"6116","@ThreadID":"12520"},"Channel":"System","Computer":"Server002","Security":{"@UserID":"S-1-5-18"}},"EventData":{"Data":[{"@Name":"updateTitle","#text":"9NHT9RB2F4HD-Microsoft.Copilot"},{"@Name":"updateGuid","#text":"a98c88e8-648f-42cc-a333-1cf8f7d9c0a9"},{"@Name":"updateRevisionNumber","#text":"1"}]}}}
