{"Event":{"System":{"Provider":{"@Name":"Microsoft-Windows-Dhcp-Client","@Guid":"15a7a4f8-0072-4eab-abad-f98a4d666aed"},"EventID":"50105","Version":"0","Level":"4","Task":"4","Opcode":"129","Keywords":"0x2000000000000000","TimeCreated":{"@SystemTime":"2025-04-17 19:38:00.0856365"},"EventRecordID":"4332","Correlation":null,"Execution":{"@ProcessID":"1396","@ThreadID":"1464"},"Channel":"System","Computer":"Server002","Security":{"@UserID":"S-1-5-19"}},"EventData":""}}
{"Event":{"System":{"Provider":{"@Name":"Microsoft-Windows-DHCPv6-Client","@Guid":"6a1f2b00-6a90-4c38-95a5-5cab3b056778"},"EventID":"51047","Version":"0","Level":"4","Task":"4","Opcode":"63","Keywords":"0x2000000000000000","TimeCreated":{"@SystemTime":"2025-04-17 19:38:00.2758001"},"EventRecordID":"4333","Correlation":null,"Execution":{"@ProcessID":"1396","@ThreadID":"1512"},"Channel":"System","Computer":"Server002","Security":{"@UserID":"S-1-5-19"}},"EventData":{"Data":{"@Name":"DwordVal","#text":"1"}}}}
{"Event":{"System":{"Provider":{"@Name":"Microsoft-Windows-DHCPv6-Client","@Guid":"6a1f2b00-6a90-4c38-95a5-5cab3b056778"},"EventID":"51057","Version":"0","Level":"4","Task":"4","Opcode":"104","Keywords":"0x2000000000000000","TimeCreated":{"@SystemTime":"2025-04-17 19:38:00.2758020"},"EventRecordID":"4334","Correlation":null,"Execution":{"@ProcessID":"1396","@ThreadID":"1512"},"Channel":"System","Computer":"Server002","Security":{"@UserID":"S-1-5-19"}},"EventData":{"Data":{"@Name":"DwordVal","#text":"1"}}}}
{"Event":{"System":{"Provider":{"@Name":"Microsoft-Windows-DHCPv6-Client","@Guid":"6a1f2b00-6a90-4c38-95a5-5cab3b056778"},"EventID":"51057","Version":"0","Level":"4","Task":"4","Opcode":"104","Keywords":"0x2000000000000000","TimeCreated":{"@SystemTime":"2025-04-17 19:38:00.2759565"},"EventRecordID":"4335","Correlation":null,"Execution":{"@ProcessID":"1396","@ThreadID":"1512"},"Channel":"System","Computer":"Server002","Security":{"@UserID":"S-1-5-19"}},"EventData":{"Data":{"@Name":"DwordVal","#text":"1"}}}}
{"Event":{"System":{"Provider":{"@Name":"Microsoft-Windows-Dhcp-Client","@Guid":"15a7a4f8-0072-4eab-abad-f98a4d666aed"},"EventID":"50106","Version":"0","Level":"4","Task":"4","Opcode":"129","Keywords":"0x2000000000000000","TimeCreated":{"@SystemTime":"2025-04-17 19:38:00.2962765"},"EventRecordID":"4336","Correlation":null,"Execution":{"@ProcessID":"1396","@ThreadID":"1464"},"Channel":"System","Computer":"Server002","Security":{"@UserID":"S-1-5-19"}},"EventData":""}}
{"Event":{"System":{"Provider":{"@Name":"Microsoft-Windows-Dhcp-Client","@Guid":"15a7a4f8-0072-4eab-abad-f98a4d666aed"},"EventID":"50037","Version":"0","Level":"4","Task":"4","Opcode":"69","Keywords":"0x2000000000000000","TimeCreated":{"@SystemTime":"2025-04-17 19:38:00.3829283"},"EventRecordID":"4337","Correlation":null,"Execution":{"@ProcessID":"1396","@ThreadID":"1464"},"Channel":"System","Computer":"Server002","Security":{"@UserID":"S-1-5-19"}},"EventData":{"Data":{"@Name":"DwordVal","#text":"1"}}}}
{"Event":{"System":{"Provider":{"@Name":"Microsoft-Windows-Kernel-Power","@Guid":"331c3b3a-2005-44c2-ac5e-77220c37d6b4"},"EventID":"109","Version":"0","Level":"4","Task":"103","Opcode":"0","Keywords":"0x8000400000000404","TimeCreated":{"@SystemTime":"2025-04-17 19:38:04.6622657"},"EventRecordID":"4338","Correlation":null,"Execution":{"@ProcessID":"508","@ThreadID":"512"},"Channel":"System","Computer":"Server002","Security":null},"EventData":{"Data":[{"@Name":"ShutdownActionType","#text":"6"},{"@Name":"ShutdownEventCode","#text":"0"},{"@Name":"ShutdownReason","#text":"5"}]}}}
{"Event":{"System":{"Provider":{"@Name":"Microsoft-Windows-Kernel-General","@Guid":"a68ca8b7-004f-d7b6-a698-07e2de0f1f5d"},"EventID":"13","Version":"0","Level":"4","Task":"2","Opcode":"0","Keywords":"180","TimeCreated":{"@SystemTime":"2025-04-17 19:38:09.5865177"},"EventRecordID":"4339","Correlation":null,"Execution":{"@ProcessID":"4","@ThreadID":"3948"},"Channel":"System","Computer":"Server002","Security":null},"EventData":{"Data":{"@Name":"StopTime","#text":"2025-04-17 19:38:09.5865158"}}}}
{"Event":{"System":{"Provider":{"@Name":"Microsoft-Windows-Kernel-General","@Guid":"a68ca8b7-004f-d7b6-a698-07e2de0f1f5d"},"EventID":"12","Version":"0","Level":"4","Task":"1","Opcode":"0","Keywords":"180","TimeCreated":{"@SystemTime":"2025-04-18 11:31:11.2584507"},"EventRecordID":"4340","Correlation":null,"Execution":{"@ProcessID":"4","@ThreadID":"8"},"Channel":"System","Computer":"Server002","Security":{"@UserID":"S-1-5-18"}},"EventData":{"Data":[{"@Name":"MajorVersion","#text":"10"},{"@Name":"MinorVersion","#text":"0"},{"@Name":"BuildVersion","#text":"19041"},{"@Name":"QfeVersion","#text":"5737"},{"@Name":"ServiceVersion","#text":"0"},{"@Name":"BootMode","#text":"0"},{"@Name":"StartTime","#text":"2025-04-18 11:31:10.5000000"}]}}}
{"Event":{"System":{"Provider":{"@Name":"Microsoft-Windows-Kernel-Boot","@Guid":"15ca44ff-4d7a-4baa-bba5-0998955e531e"},"EventID":"153","Version":"0","Level":"4","Task":"62","Opcode":"0","Keywords":"100","TimeCreated":{"@SystemTime":"2025-04-18 11:31:11.2584865"},"EventRecordID":"4341","Correlation":null,"Execution":{"@ProcessID":"4","@ThreadID":"8"},"Channel":"System","Computer":"Server002","Security":{"@UserID":"S-1-5-18"}},"EventData":{"Data":[{"@Name":"Status","#text":"0"},{"@Name":"EnableDisableReason","#text":"0"},{"@Name":"VsmPolicy","#text":"0"}]}}}
{"Event":{"System":{"Provider":{"@Name":"Microsoft-Windows-Kernel-Boot","@Guid":"15ca44ff-4d7a-4baa-bba5-0998955e531e"},"EventID":"20","Version":"1","Level":"4","Task":"31","Opcode":"0","Keywords":"100","TimeCreated":{"@SystemTime":"2025-04-18 11:31:11.2588549"},"EventRecordID":"4342","Correlation":null,"Execution":{"@ProcessID":"4","@ThreadID":"8"},"Channel":"System","Computer":"Server002","Security":{"@UserID":"S-1-5-18"}},"EventData":{"Data":[{"@Name":"LastShutdownGood","#text":"True"},{"@Name":"LastBootGood","#text":"True"},{"@Name":"LastBootId","#text":"61"},{"@Name":"BootStatusPolicy","#text":"2"}]}}}
{"Event":{"System":{"Provider":{"@Name":"Microsoft-Windows-Kernel-Boot","@Guid":"15ca44ff-4d7a-4baa-bba5-0998955e531e"},"EventID":"25","Version":"0","Level":"4","Task":"32","Opcode":"0","Keywords":"100","TimeCreated":{"@SystemTime":"2025-04-18 11:31:11.2588806"},"EventRecordID":"4343","Correlation":null,"Execution":{"@ProcessID":"4","@ThreadID":"8"},"Channel":"System","Computer":"Server002","Security":{"@UserID":"S-1-5-18"}},"EventData":{"Data":{"@Name":"BootMenuPolicy","#text":"1"}}}}
{"Event":{"System":{"Provider":{"@Name":"Microsoft-Windows-Kernel-Boot","@Guid":"15ca44ff-4d7a-4baa-bba5-0998955e531e"},"EventID":"27","Version":"1","Level":"4","Task":"33","Opcode":"0","Keywords":"100","TimeCreated":{"@SystemTime":"2025-04-18 11:31:11.2588809"},"EventRecordID":"4344","Correlation":null,"Execution":{"@ProcessID":"4","@ThreadID":"8"},"Channel":"System","Computer":"Server002","Security":{"@UserID":"S-1-5-18"}},"EventData":{"Data":[{"@Name":"BootType","#text":"0"},{"@Name":"LoadOptions","#text":" NOEXECUTE=OPTIN"}]}}}
{"Event":{"System":{"Provider":{"@Name":"Microsoft-Windows-Kernel-Boot","@Guid":"15ca44ff-4d7a-4baa-bba5-0998955e531e"},"EventID":"18","Version":"0","Level":"4","Task":"57","Opcode":"0","Keywords":"100","TimeCreated":{"@SystemTime":"2025-04-18 11:31:11.2588846"},"EventRecordID":"4345","Correlation":null,"Execution":{"@ProcessID":"4","@ThreadID":"8"},"Channel":"System","Computer":"Server002","Security":{"@UserID":"S-1-5-18"}},"EventData":{"Data":{"@Name":"EntryCount","#text":"1"}}}}
{"Event":{"System":{"Provider":{"@Name":"Microsoft-Windows-Kernel-Boot","@Guid":"15ca44ff-4d7a-4baa-bba5-0998955e531e"},"EventID":"32","Version":"0","Level":"4","Task":"58","Opcode":"0","Keywords":"100","TimeCreated":{"@SystemTime":"2025-04-18 11:31:11.2589073"},"EventRecordID":"4346","Correlation":null,"Execution":{"@ProcessID":"4","@ThreadID":"8"},"Channel":"System","Computer":"Server002","Security":{"@UserID":"S-1-5-18"}},"EventData":{"Data":{"@Name":"BitlockerUserInputTime","#text":"0"}}}}
{"Event":{"System":{"Provider":{"@Name":"Microsoft-Windows-Kernel-General","@Guid":"a68ca8b7-004f-d7b6-a698-07e2de0f1f5d"},"EventID":"20","Version":"0","Level":"4","Task":"6","Opcode":"0","Keywords":"110","TimeCreated":{"@SystemTime":"2025-04-18 11:31:11.2617075"},"EventRecordID":"4347","Correlation":null,"Execution":{"@ProcessID":"4","@ThreadID":"8"},"Channel":"System","Computer":"Server002","Security":{"@UserID":"S-1-5-18"}},"EventData":{"Data":[{"@Name":"UpdateReason","#text":"0"},{"@Name":"EnabledNew","#text":"True"},{"@Name":"CountNew","#text":"0"},{"@Name":"CountOld","#text":"0"}]}}}
{"Event":{"System":{"Provider":{"@Name":"Microsoft-Windows-HAL","@Guid":"63d1e632-95cc-4443-9312-af927761d52a"},"EventID":"16","Version":"0","Level":"4","Task":"0","Opcode":"0","Keywords":"100","TimeCreated":{"@SystemTime":"2025-04-18 11:31:11.3415855"},"EventRecordID":"4348","Correlation":null,"Execution":{"@ProcessID":"4","@ThreadID":"8"},"Channel":"System","Computer":"Server002","Security":{"@UserID":"S-1-5-18"}},"EventData":""}}
{"Event":{"System":{"Provider":{"@Name":"Microsoft-Windows-FilterManager","@Guid":"f3c5e28e-63f6-49c7-a204-e48a1bc4b09d"},"EventID":"6","Version":"0","Level":"4","Task":"0","Opcode":"0","Keywords":"100","TimeCreated":{"@SystemTime":"2025-04-18 11:31:11.5282537"},"EventRecordID":"4349","Correlation":null,"Execution":{"@ProcessID":"4","@ThreadID":"8"},"Channel":"System","Computer":"Server002","Security":{"@UserID":"S-1-5-18"}},"EventData":{"Data":[{"@Name":"FinalStatus","#text":"0x0"},{"@Name":"DeviceVersionMajor","#text":"10"},{"@Name":"DeviceVersionMinor","#text":"0"},{"@Name":"DeviceNameLength","#text":"8"},{"@Name":"DeviceName","#text":"FileInfo"},{"@Name":"DeviceTime","#text":"2062-12-23 06:21:06.0000000"}]}}}
{"Event":{"System":{"Provider":{"@Name":"Microsoft-Windows-FilterManager","@Guid":"f3c5e28e-63f6-49c7-a204-e48a1bc4b09d"},"EventID":"6","Version":"0","Level":"4","Task":"0","Opcode":"0","Keywords":"100","TimeCreated":{"@SystemTime":"2025-04-18 11:31:11.5286221"},"EventRecordID":"4350","Correlation":null,"Execution":{"@ProcessID":"4","@ThreadID":"8"},"Channel":"System","Computer":"Server002","Security":{"@UserID":"S-1-5-18"}},"EventData":{"Data":[{"@Name":"FinalStatus","#text":"0x0"},{"@Name":"DeviceVersionMajor","#text":"10"},{"@Name":"DeviceVersionMinor","#text":"0"},{"@Name":"DeviceNameLength","#text":"3"},{"@Name":"DeviceName","#text":"Wof"},{"@Name":"DeviceTime","#text":"2090-03-16 19:56:17.0000000"}]}}}
{"Event":{"System":{"Provider":{"@Name":"Microsoft-Windows-FilterManager","@Guid":"f3c5e28e-63f6-49c7-a204-e48a1bc4b09d"},"EventID":"6","Version":"0","Level":"4","Task":"0","Opcode":"0","Keywords":"100","TimeCreated":{"@SystemTime":"2025-04-18 11:31:11.5295662"},"EventRecordID":"4351","Correlation":null,"Execution":{"@ProcessID":"4","@ThreadID":"8"},"Channel":"System","Computer":"Server002","Security":{"@UserID":"S-1-5-18"}},"EventData":{"Data":[{"@Name":"FinalStatus","#text":"0x0"},{"@Name":"DeviceVersionMajor","#text":"10"},{"@Name":"DeviceVersionMinor","#text":"0"},{"@Name":"DeviceNameLength","#text":"8"},{"@Name":"DeviceName","#text":"WdFilter"},{"@Name":"DeviceTime","#text":"1993-12-21 16:29:16.0000000"}]}}}
{"Event":{"System":{"Provider":{"@Name":"Microsoft-Windows-FilterManager","@Guid":"f3c5e28e-63f6-49c7-a204-e48a1bc4b09d"},"EventID":"6","Version":"0","Level":"4","Task":"0","Opcode":"0","Keywords":"100","TimeCreated":{"@SystemTime":"2025-04-18 11:31:11.5571772"},"EventRecordID":"4352","Correlation":null,"Execution":{"@ProcessID":"4","@ThreadID":"8"},"Channel":"System","Computer":"Server002","Security":{"@UserID":"S-1-5-18"}},"EventData":{"Data":[{"@Name":"FinalStatus","#text":"0x0"},{"@Name":"DeviceVersionMajor","#text":"0"},{"@Name":"DeviceVersionMinor","#text":"0"},{"@Name":"DeviceNameLength","#text":"9"},{"@Name":"DeviceName","#text":"SysmonDrv"},{"@Name":"DeviceTime","#text":"2024-07-22 16:29:55.0000000"}]}}}
{"Event":{"System":{"Provider":{"@Name":"EventLog"},"EventID":{"@Qualifiers":"32768","#text":"6009"},"Version":"0","Level":"4","Task":"0","Opcode":"0","Keywords":"1","TimeCreated":{"@SystemTime":"2025-04-18 11:31:22.7938522"},"EventRecordID":"4353","Correlation":null,"Execution":{"@ProcessID":"0","@ThreadID":"0"},"Channel":"System","Computer":"Server002","Security":null},"EventData":{"Data":"10.00., 19045, Multiprocessor Free, 0","Binary":""}}}
{"Event":{"System":{"Provider":{"@Name":"EventLog"},"EventID":{"@Qualifiers":"32768","#text":"6005"},"Version":"0","Level":"4","Task":"0","Opcode":"0","Keywords":"1","TimeCreated":{"@SystemTime":"2025-04-18 11:31:22.7938522"},"EventRecordID":"4354","Correlation":null,"Execution":{"@ProcessID":"0","@ThreadID":"0"},"Channel":"System","Computer":"Server002","Security":null},"EventData":{"Data":"","Binary":"E9-07-04-00-05-00-12-00-0B-00-1F-00-16-00-19-03-00-00-00-00-00-00-00-00"}}}
{"Event":{"System":{"Provider":{"@Name":"EventLog"},"EventID":{"@Qualifiers":"32768","#text":"6013"},"Version":"0","Level":"4","Task":"0","Opcode":"0","Keywords":"1","TimeCreated":{"@SystemTime":"2025-04-18 11:31:22.7938522"},"EventRecordID":"4355","Correlation":null,"Execution":{"@ProcessID":"0","@ThreadID":"0"},"Channel":"System","Computer":"Server002","Security":null},"EventData":{"Data":"12, 60, 0 GMT Standard Time","Binary":"31-00-2E-00-31-00-00-00-30-00-00-00-57-00-69-00-6E-00-64-00-6F-00-77-00-73-00-20-00-31-00-30-00-20-00-48-00-6F-00-6D-00-65-00-00-00-31-00-30-00-2E-00-30-00-2E-00-31-00-39-00-30-00-34-00-35-00-20-00-42-00-75-00-69-00-6C-00-64-00-20-00-31-00-39-00-30-00-34-00-35-00-20-00-20-00-00-00-4D-00-75-00-6C-00-74-00-69-00-70-00-72-00-6F-00-63-00-65-00-73-00-73-00-6F-00-72-00-20-00-46-00-72-00-65-00-65-00-00-00-31-00-39-00-30-00-34-00-31-00-2E-00-76-00-62-00-5F-00-72-00-65-00-6C-00-65-00-61-00-73-00-65-00-2E-00-31-00-39-00-31-00-32-00-30-00-36-00-2D-00-31-00-34-00-30-00-36-00-00-00-36-00-36-00-37-00-64-00-37-00-35-00-64-00-33-00-00-00-4E-00-6F-00-74-00-20-00-41-00-76-00-61-00-69-00-6C-00-61-00-62-00-6C-00-65-00-00-00-4E-00-6F-00-74-00-20-00-41-00-76-00-61-00-69-00-6C-00-61-00-62-00-6C-00-65-00-00-00-39-00-00-00-32-00-00-00-34-00-30-00-39-00-36-00-00-00-38-00-30-00-39-00-00-00-53-00-65-00-72-00-76-00-65-00-72-00-30-00-30-00-32-00-00-00-00-00"}}}
{"Event":{"System":{"Provider":{"@Name":"Microsoft-Windows-Ntfs","@Guid":"3ff37a1c-a68d-4d6e-8c9b-f79e8b16c482"},"EventID":"98","Version":"0","Level":"4","Task":"0","Opcode":"0","Keywords":"102","TimeCreated":{"@SystemTime":"2025-04-18 11:31:12.6321364"},"EventRecordID":"4356","Correlation":null,"Execution":{"@ProcessID":"4","@ThreadID":"268"},"Channel":"System","Computer":"Server002","Security":{"@UserID":"S-1-5-18"}},"EventData":{"Data":[{"@Name":"DriveName","#text":"C:"},{"@Name":"DeviceName","#text":"\Device\HarddiskVolume2"},{"@Name":"CorruptionActionState","#text":"0"}]}}}
{"Event":{"System":{"Provider":{"@Name":"Microsoft-Windows-FilterManager","@Guid":"f3c5e28e-63f6-49c7-a204-e48a1bc4b09d"},"EventID":"6","Version":"0","Level":"4","Task":"0","Opcode":"0","Keywords":"100","TimeCreated":{"@SystemTime":"2025-04-18 11:31:13.0893969"},"EventRecordID":"4357","Correlation":null,"Execution":{"@ProcessID":"4","@ThreadID":"8"},"Channel":"System","Computer":"Server002","Security":{"@UserID":"S-1-5-18"}},"EventData":{"Data":[{"@Name":"FinalStatus","#text":"0x0"},{"@Name":"DeviceVersionMajor","#text":"10"},{"@Name":"DeviceVersionMinor","#text":"0"},{"@Name":"DeviceNameLength","#text":"9"},{"@Name":"DeviceName","#text":"FileCrypt"},{"@Name":"DeviceTime","#text":"2002-03-01 12:12:42.0000000"}]}}}
{"Event":{"System":{"Provider":{"@Name":"Microsoft-Windows-FilterManager","@Guid":"f3c5e28e-63f6-49c7-a204-e48a1bc4b09d"},"EventID":"6","Version":"0","Level":"4","Task":"0","Opcode":"0","Keywords":"100","TimeCreated":{"@SystemTime":"2025-04-18 11:31:13.1036341"},"EventRecordID":"4358","Correlation":null,"Execution":{"@ProcessID":"4","@ThreadID":"8"},"Channel":"System","Computer":"Server002","Security":{"@UserID":"S-1-5-18"}},"EventData":{"Data":[{"@Name":"FinalStatus","#text":"0x0"},{"@Name":"DeviceVersionMajor","#text":"10"},{"@Name":"DeviceVersionMinor","#text":"0"},{"@Name":"DeviceNameLength","#text":"4"},{"@Name":"DeviceName","#text":"UCPD"},{"@Name":"DeviceTime","#text":"2054-12-29 18:15:19.0000000"}]}}}
{"Event":{"System":{"Provider":{"@Name":"Microsoft-Windows-FilterManager","@Guid":"f3c5e28e-63f6-49c7-a204-e48a1bc4b09d"},"EventID":"6","Version":"0","Level":"4","Task":"0","Opcode":"0","Keywords":"100","TimeCreated":{"@SystemTime":"2025-04-18 11:31:13.5636024"},"EventRecordID":"4359","Correlation":null,"Execution":{"@ProcessID":"4","@ThreadID":"8"},"Channel":"System","Computer":"Server002","Security":{"@UserID":"S-1-5-18"}},"EventData":{"Data":[{"@Name":"FinalStatus","#text":"0x0"},{"@Name":"DeviceVersionMajor","#text":"10"},{"@Name":"DeviceVersionMinor","#text":"0"},{"@Name":"DeviceNameLength","#text":"9"},{"@Name":"DeviceName","#text":"npsvctrig"},{"@Name":"DeviceTime","#text":"2025-01-06 03:41:12.0000000"}]}}}
{"Event":{"System":{"Provider":{"@Name":"Microsoft-Windows-Ntfs","@Guid":"3ff37a1c-a68d-4d6e-8c9b-f79e8b16c482"},"EventID":"98","Version":"0","Level":"4","Task":"0","Opcode":"0","Keywords":"102","TimeCreated":{"@SystemTime":"2025-04-18 11:31:13.6493044"},"EventRecordID":"4360","Correlation":null,"Execution":{"@ProcessID":"4","@ThreadID":"112"},"Channel":"System","Computer":"Server002","Security":{"@UserID":"S-1-5-18"}},"EventData":{"Data":[{"@Name":"DriveName","#text":"\?\Volume{8c181ea3-0000-0000-0000-100000000000}"},{"@Name":"DeviceName","#text":"\Device\HarddiskVolume1"},{"@Name":"CorruptionActionState","#text":"0"}]}}}
{"Event":{"System":{"Provider":{"@Name":"Microsoft-Windows-Kernel-Power","@Guid":"331c3b3a-2005-44c2-ac5e-77220c37d6b4"},"EventID":"172","Version":"0","Level":"4","Task":"203","Opcode":"0","Keywords":"10404","TimeCreated":{"@SystemTime":"2025-04-18 11:31:13.7423889"},"EventRecordID":"4361","Correlation":null,"Execution":{"@ProcessID":"4","@ThreadID":"340"},"Channel":"System","Computer":"Server002","Security":{"@UserID":"S-1-5-18"}},"EventData":{"Data":[{"@Name":"State","#text":"2"},{"@Name":"Reason","#text":"6"}]}}}
{"Event":{"System":{"Provider":{"@Name":"Microsoft-Windows-Kernel-Processor-Power","@Guid":"0f67e49f-fe51-4e9f-b490-6f2948cc6027"},"EventID":"55","Version":"0","Level":"4","Task":"47","Opcode":"0","Keywords":"100","TimeCreated":{"@SystemTime":"2025-04-18 11:31:14.6642616"},"EventRecordID":"4362","Correlation":null,"Execution":{"@ProcessID":"4","@ThreadID":"268"},"Channel":"System","Computer":"Server002","Security":{"@UserID":"S-1-5-18"}},"EventData":{"Data":[{"@Name":"Group","#text":"0"},{"@Name":"Number","#text":"0"},{"@Name":"IdleStateCount","#text":"1"},{"@Name":"IdleImplementation","#text":"1"},{"@Name":"NominalFrequency","#text":"2419"},{"@Name":"MaximumPerformancePercent","#text":"100"},{"@Name":"MinimumPerformancePercent","#text":"100"},{"@Name":"MinimumThrottlePercent","#text":"100"},{"@Name":"PerformanceImplementation","#text":"0"}]}}}
{"Event":{"System":{"Provider":{"@Name":"Microsoft-Windows-Kernel-Processor-Power","@Guid":"0f67e49f-fe51-4e9f-b490-6f2948cc6027"},"EventID":"55","Version":"0","Level":"4","Task":"47","Opcode":"0","Keywords":"100","TimeCreated":{"@SystemTime":"2025-04-18 11:31:14.6679145"},"EventRecordID":"4363","Correlation":null,"Execution":{"@ProcessID":"4","@ThreadID":"268"},"Channel":"System","Computer":"Server002","Security":{"@UserID":"S-1-5-18"}},"EventData":{"Data":[{"@Name":"Group","#text":"0"},{"@Name":"Number","#text":"1"},{"@Name":"IdleStateCount","#text":"1"},{"@Name":"IdleImplementation","#text":"1"},{"@Name":"NominalFrequency","#text":"2419"},{"@Name":"MaximumPerformancePercent","#text":"100"},{"@Name":"MinimumPerformancePercent","#text":"100"},{"@Name":"MinimumThrottlePercent","#text":"100"},{"@Name":"PerformanceImplementation","#text":"0"}]}}}
{"Event":{"System":{"Provider":{"@Name":"Microsoft-Windows-Kernel-Power","@Guid":"331c3b3a-2005-44c2-ac5e-77220c37d6b4"},"EventID":"521","Version":"0","Level":"4","Task":"220","Opcode":"0","Keywords":"10404","TimeCreated":{"@SystemTime":"2025-04-18 11:31:14.7656105"},"EventRecordID":"4364","Correlation":null,"Execution":{"@ProcessID":"4","@ThreadID":"364"},"Channel":"System","Computer":"Server002","Security":{"@UserID":"S-1-5-18"}},"EventData":{"Data":[{"@Name":"ValidBatteryCount","#text":"0"},{"@Name":"ErrorBatteryCount","#text":"0"},{"@Name":"AbandonedBatteryCount","#text":"0"}]}}}
{"Event":{"System":{"Provider":{"@Name":"Microsoft-Windows-Kernel-Power","@Guid":"331c3b3a-2005-44c2-ac5e-77220c37d6b4"},"EventID":"521","Version":"0","Level":"4","Task":"220","Opcode":"0","Keywords":"10404","TimeCreated":{"@SystemTime":"2025-04-18 11:31:14.7687257"},"EventRecordID":"4365","Correlation":null,"Execution":{"@ProcessID":"4","@ThreadID":"340"},"Channel":"System","Computer":"Server002","Security":{"@UserID":"S-1-5-18"}},"EventData":{"Data":[{"@Name":"ValidBatteryCount","#text":"1"},{"@Name":"ErrorBatteryCount","#text":"0"},{"@Name":"AbandonedBatteryCount","#text":"0"}]}}}
{"Event":{"System":{"Provider":{"@Name":"Microsoft-Windows-Ntfs","@Guid":"3ff37a1c-a68d-4d6e-8c9b-f79e8b16c482"},"EventID":"98","Version":"0","Level":"4","Task":"0","Opcode":"0","Keywords":"102","TimeCreated":{"@SystemTime":"2025-04-18 11:31:20.3636087"},"EventRecordID":"4366","Correlation":null,"Execution":{"@ProcessID":"4","@ThreadID":"372"},"Channel":"System","Computer":"Server002","Security":{"@UserID":"S-1-5-18"}},"EventData":{"Data":[{"@Name":"DriveName","#text":"\?\Volume{8c181ea3-0000-0000-0000-c05e0c000000}"},{"@Name":"DeviceName","#text":"\Device\HarddiskVolume3"},{"@Name":"CorruptionActionState","#text":"0"}]}}}
{"Event":{"System":{"Provider":{"@Name":"Microsoft-Windows-Kernel-General","@Guid":"a68ca8b7-004f-d7b6-a698-07e2de0f1f5d"},"EventID":"24","Version":"0","Level":"4","Task":"11","Opcode":"0","Keywords":"110","TimeCreated":{"@SystemTime":"2025-04-18 11:31:21.2299597"},"EventRecordID":"4367","Correlation":null,"Execution":{"@ProcessID":"92","@ThreadID":"444"},"Channel":"System","Computer":"Server002","Security":{"@UserID":"S-1-5-18"}},"EventData":{"Data":[{"@Name":"ExitReason","#text":"0"},{"@Name":"CurrentBias","#text":"-60"},{"@Name":"CurrentTimeZoneID","#text":"2"},{"@Name":"TimeZoneInfoCacheUpdated","#text":"0"},{"@Name":"FirstRefresh","#text":"0"}]}}}
{"Event":{"System":{"Provider":{"@Name":"Microsoft-Windows-Wininit","@Guid":"206f6dea-d3c5-4d10-bc72-989f03c8b84b"},"EventID":"14","Version":"0","Level":"4","Task":"0","Opcode":"0","Keywords":"0x4000000000000000","TimeCreated":{"@SystemTime":"2025-04-18 11:31:21.7888705"},"EventRecordID":"4368","Correlation":null,"Execution":{"@ProcessID":"536","@ThreadID":"540"},"Channel":"System","Computer":"Server002","Security":{"@UserID":"S-1-5-18"}},"EventData":{"Data":[{"@Name":"Config","#text":"0"},{"@Name":"IsTestConfig","#text":"0"}]}}}
{"Event":{"System":{"Provider":{"@Name":"Microsoft-Windows-Directory-Services-SAM","@Guid":"0d4fdc09-8c27-494a-bda0-505e4fd8adae"},"EventID":"16962","Version":"0","Level":"4","Task":"0","Opcode":"0","Keywords":"100","TimeCreated":{"@SystemTime":"2025-04-18 11:31:22.0934052"},"EventRecordID":"4369","Correlation":{"@ActivityID":"62a2775b-b055-0000-3b78-a26255b0db01"},"Execution":{"@ProcessID":"688","@ThreadID":"692"},"Channel":"System","Computer":"Server002","Security":{"@UserID":"S-1-5-18"}},"EventData":{"@Name":"SAMMSG_RESTRICT_REMOTE_SAM_DEFAULT_SD","Data":{"@Name":"Default SD String:","#text":"O:SYG:SYD:(A;;RC;;;BA)"}}}}
{"Event":{"System":{"Provider":{"@Name":"Microsoft-Windows-Directory-Services-SAM","@Guid":"0d4fdc09-8c27-494a-bda0-505e4fd8adae"},"EventID":"16977","Version":"0","Level":"4","Task":"0","Opcode":"0","Keywords":"100","TimeCreated":{"@SystemTime":"2025-04-18 11:31:22.1088394"},"EventRecordID":"4370","Correlation":{"@ActivityID":"62a2775b-b055-0000-3b78-a26255b0db01"},"Execution":{"@ProcessID":"688","@ThreadID":"692"},"Channel":"System","Computer":"Server002","Security":{"@UserID":"S-1-5-18"}},"EventData":{"@Name":"SAMMSG_MINPWDLEN_SETTINGS_IN_EFFECT","Data":[{"@Name":"MinimumPasswordLength","#text":"0"},{"@Name":"RelaxMinimumPasswordLengthLimits","#text":"0"},{"@Name":"MinimumPasswordLengthAudit","#text":"-1"}]}}}
{"Event":{"System":{"Provider":{"@Name":"Microsoft-Windows-Directory-Services-SAM","@Guid":"0d4fdc09-8c27-494a-bda0-505e4fd8adae"},"EventID":"16983","Version":"0","Level":"4","Task":"0","Opcode":"0","Keywords":"100","TimeCreated":{"@SystemTime":"2025-04-18 11:31:22.1088521"},"EventRecordID":"4371","Correlation":{"@ActivityID":"62a2775b-b055-0000-3b78-a26255b0db01"},"Execution":{"@ProcessID":"688","@ThreadID":"692"},"Channel":"System","Computer":"Server002","Security":{"@UserID":"S-1-5-18"}},"EventData":{"@Name":"SAMMSG_AUDIT_LEGACY_PWD_RPC_METHODS_OFF"}}}
{"Event":{"System":{"Provider":{"@Name":"Microsoft-Windows-FilterManager","@Guid":"f3c5e28e-63f6-49c7-a204-e48a1bc4b09d"},"EventID":"6","Version":"0","Level":"4","Task":"0","Opcode":"0","Keywords":"100","TimeCreated":{"@SystemTime":"2025-04-18 11:31:23.1041557"},"EventRecordID":"4372","Correlation":null,"Execution":{"@ProcessID":"4","@ThreadID":"268"},"Channel":"System","Computer":"Server002","Security":{"@UserID":"S-1-5-18"}},"EventData":{"Data":[{"@Name":"FinalStatus","#text":"0x0"},{"@Name":"DeviceVersionMajor","#text":"10"},{"@Name":"DeviceVersionMinor","#text":"0"},{"@Name":"DeviceNameLength","#text":"5"},{"@Name":"DeviceName","#text":"luafv"},{"@Name":"DeviceTime","#text":"2091-08-26 19:09:08.0000000"}]}}}
{"Event":{"System":{"Provider":{"@Name":"Microsoft-Windows-FilterManager","@Guid":"f3c5e28e-63f6-49c7-a204-e48a1bc4b09d"},"EventID":"6","Version":"0","Level":"4","Task":"0","Opcode":"0","Keywords":"100","TimeCreated":{"@SystemTime":"2025-04-18 11:31:23.1451483"},"EventRecordID":"4373","Correlation":null,"Execution":{"@ProcessID":"4","@ThreadID":"364"},"Channel":"System","Computer":"Server002","Security":{"@UserID":"S-1-5-18"}},"EventData":{"Data":[{"@Name":"FinalStatus","#text":"0x0"},{"@Name":"DeviceVersionMajor","#text":"10"},{"@Name":"DeviceVersionMinor","#text":"0"},{"@Name":"DeviceNameLength","#text":"5"},{"@Name":"DeviceName","#text":"wcifs"},{"@Name":"DeviceTime","#text":"2047-08-27 06:28:50.0000000"}]}}}
{"Event":{"System":{"Provider":{"@Name":"Microsoft-Windows-FilterManager","@Guid":"f3c5e28e-63f6-49c7-a204-e48a1bc4b09d"},"EventID":"6","Version":"0","Level":"4","Task":"0","Opcode":"0","Keywords":"100","TimeCreated":{"@SystemTime":"2025-04-18 11:31:23.1820686"},"EventRecordID":"4374","Correlation":null,"Execution":{"@ProcessID":"4","@ThreadID":"364"},"Channel":"System","Computer":"Server002","Security":{"@UserID":"S-1-5-18"}},"EventData":{"Data":[{"@Name":"FinalStatus","#text":"0x0"},{"@Name":"DeviceVersionMajor","#text":"10"},{"@Name":"DeviceVersionMinor","#text":"0"},{"@Name":"DeviceNameLength","#text":"6"},{"@Name":"DeviceName","#text":"CldFlt"},{"@Name":"DeviceTime","#text":"2041-04-06 10:09:38.0000000"}]}}}
{"Event":{"System":{"Provider":{"@Name":"Microsoft-Windows-FilterManager","@Guid":"f3c5e28e-63f6-49c7-a204-e48a1bc4b09d"},"EventID":"1","Version":"0","Level":"4","Task":"0","Opcode":"0","Keywords":"100","TimeCreated":{"@SystemTime":"2025-04-18 11:31:23.1820787"},"EventRecordID":"4375","Correlation":null,"Execution":{"@ProcessID":"4","@ThreadID":"364"},"Channel":"System","Computer":"Server002","Security":{"@UserID":"S-1-5-18"}},"EventData":{"Data":[{"@Name":"FinalStatus","#text":"0x0"},{"@Name":"DeviceVersionMajor","#text":"10"},{"@Name":"DeviceVersionMinor","#text":"0"},{"@Name":"DeviceNameLength","#text":"6"},{"@Name":"DeviceName","#text":"CldFlt"},{"@Name":"DeviceTime","#text":"2041-04-06 10:09:38.0000000"}]}}}
{"Event":{"System":{"Provider":{"@Name":"Microsoft-Windows-FilterManager","@Guid":"f3c5e28e-63f6-49c7-a204-e48a1bc4b09d"},"EventID":"6","Version":"0","Level":"4","Task":"0","Opcode":"0","Keywords":"100","TimeCreated":{"@SystemTime":"2025-04-18 11:31:23.1821259"},"EventRecordID":"4376","Correlation":null,"Execution":{"@ProcessID":"4","@ThreadID":"364"},"Channel":"System","Computer":"Server002","Security":{"@UserID":"S-1-5-18"}},"EventData":{"Data":[{"@Name":"FinalStatus","#text":"0x0"},{"@Name":"DeviceVersionMajor","#text":"10"},{"@Name":"DeviceVersionMinor","#text":"0"},{"@Name":"DeviceNameLength","#text":"6"},{"@Name":"DeviceName","#text":"CldFlt"},{"@Name":"DeviceTime","#text":"2041-04-06 10:09:38.0000000"}]}}}
{"Event":{"System":{"Provider":{"@Name":"Microsoft-Windows-Dhcp-Client","@Guid":"15a7a4f8-0072-4eab-abad-f98a4d666aed"},"EventID":"50036","Version":"0","Level":"4","Task":"4","Opcode":"68","Keywords":"0x2000000000000000","TimeCreated":{"@SystemTime":"2025-04-18 11:31:23.1865957"},"EventRecordID":"4377","Correlation":null,"Execution":{"@ProcessID":"1320","@ThreadID":"1484"},"Channel":"System","Computer":"Server002","Security":{"@UserID":"S-1-5-19"}},"EventData":""}}
{"Event":{"System":{"Provider":{"@Name":"Microsoft-Windows-Dhcp-Client","@Guid":"15a7a4f8-0072-4eab-abad-f98a4d666aed"},"EventID":"50103","Version":"0","Level":"4","Task":"4","Opcode":"129","Keywords":"0x2000000000000000","TimeCreated":{"@SystemTime":"2025-04-18 11:31:23.1866264"},"EventRecordID":"4378","Correlation":null,"Execution":{"@ProcessID":"1320","@ThreadID":"1484"},"Channel":"System","Computer":"Server002","Security":{"@UserID":"S-1-5-19"}},"EventData":""}}
{"Event":{"System":{"Provider":{"@Name":"Microsoft-Windows-FilterManager","@Guid":"f3c5e28e-63f6-49c7-a204-e48a1bc4b09d"},"EventID":"6","Version":"0","Level":"4","Task":"0","Opcode":"0","Keywords":"100","TimeCreated":{"@SystemTime":"2025-04-18 11:31:23.2270039"},"EventRecordID":"4379","Correlation":null,"Execution":{"@ProcessID":"4","@ThreadID":"268"},"Channel":"System","Computer":"Server002","Security":{"@UserID":"S-1-5-18"}},"EventData":{"Data":[{"@Name":"FinalStatus","#text":"0x0"},{"@Name":"DeviceVersionMajor","#text":"10"},{"@Name":"DeviceVersionMinor","#text":"0"},{"@Name":"DeviceNameLength","#text":"10"},{"@Name":"DeviceName","#text":"storqosflt"},{"@Name":"DeviceTime","#text":"2010-08-23 14:03:45.0000000"}]}}}
{"Event":{"System":{"Provider":{"@Name":"Microsoft-Windows-FilterManager","@Guid":"f3c5e28e-63f6-49c7-a204-e48a1bc4b09d"},"EventID":"6","Version":"0","Level":"4","Task":"0","Opcode":"0","Keywords":"100","TimeCreated":{"@SystemTime":"2025-04-18 11:31:23.2569781"},"EventRecordID":"4380","Correlation":null,"Execution":{"@ProcessID":"4","@ThreadID":"340"},"Channel":"System","Computer":"Server002","Security":{"@UserID":"S-1-5-18"}},"EventData":{"Data":[{"@Name":"FinalStatus","#text":"0x0"},{"@Name":"DeviceVersionMajor","#text":"10"},{"@Name":"DeviceVersionMinor","#text":"0"},{"@Name":"DeviceNameLength","#text":"13"},{"@Name":"DeviceName","#text":"mbamchameleon"},{"@Name":"DeviceTime","#text":"2025-01-23 20:43:38.0000000"}]}}}
{"Event":{"System":{"Provider":{"@Name":"Microsoft-Windows-DHCPv6-Client","@Guid":"6a1f2b00-6a90-4c38-95a5-5cab3b056778"},"EventID":"51046","Version":"0","Level":"4","Task":"4","Opcode":"62","Keywords":"0x2000000000000000","TimeCreated":{"@SystemTime":"2025-04-18 11:31:23.2735072"},"EventRecordID":"4381","Correlation":null,"Execution":{"@ProcessID":"1320","@ThreadID":"1624"},"Channel":"System","Computer":"Server002","Security":{"@UserID":"S-1-5-19"}},"EventData":""}}
{"Event":{"System":{"Provider":{"@Name":"Microsoft-Windows-FilterManager","@Guid":"f3c5e28e-63f6-49c7-a204-e48a1bc4b09d"},"EventID":"6","Version":"0","Level":"4","Task":"0","Opcode":"0","Keywords":"100","TimeCreated":{"@SystemTime":"2025-04-18 11:31:23.3131254"},"EventRecordID":"4382","Correlation":null,"Execution":{"@ProcessID":"4","@ThreadID":"340"},"Channel":"System","Computer":"Server002","Security":{"@UserID":"S-1-5-18"}},"EventData":{"Data":[{"@Name":"FinalStatus","#text":"0x0"},{"@Name":"DeviceVersionMajor","#text":"10"},{"@Name":"DeviceVersionMinor","#text":"0"},{"@Name":"DeviceNameLength","#text":"7"},{"@Name":"DeviceName","#text":"bindflt"},{"@Name":"DeviceTime","#text":"2091-04-16 00:55:03.0000000"}]}}}
{"Event":{"System":{"Provider":{"@Name":"Microsoft-Windows-Kernel-General","@Guid":"a68ca8b7-004f-d7b6-a698-07e2de0f1f5d"},"EventID":"24","Version":"0","Level":"4","Task":"11","Opcode":"0","Keywords":"110","TimeCreated":{"@SystemTime":"2025-04-18 09:31:24.4371379"},"EventRecordID":"4383","Correlation":null,"Execution":{"@ProcessID":"1668","@ThreadID":"1816"},"Channel":"System","Computer":"Server002","Security":{"@UserID":"S-1-5-18"}},"EventData":{"Data":[{"@Name":"ExitReason","#text":"0"},{"@Name":"CurrentBias","#text":"-60"},{"@Name":"CurrentTimeZoneID","#text":"2"},{"@Name":"TimeZoneInfoCacheUpdated","#text":"0"},{"@Name":"FirstRefresh","#text":"0"}]}}}
{"Event":{"System":{"Provider":{"@Name":"Microsoft-Windows-Kernel-General","@Guid":"a68ca8b7-004f-d7b6-a698-07e2de0f1f5d"},"EventID":"1","Version":"2","Level":"4","Task":"5","Opcode":"0","Keywords":"110","TimeCreated":{"@SystemTime":"2025-04-18 09:31:24.4374768"},"EventRecordID":"4384","Correlation":null,"Execution":{"@ProcessID":"1668","@ThreadID":"1816"},"Channel":"System","Computer":"Server002","Security":{"@UserID":"S-1-5-18"}},"EventData":{"Data":[{"@Name":"NewTime","#text":"2025-04-18 09:31:24.4370000"},{"@Name":"OldTime","#text":"2025-04-18 11:31:23.5306584"},{"@Name":"Reason","#text":"1"},{"@Name":"ProcessName","#text":"\Device\HarddiskVolume2\Windows\System32\VBoxService.exe"},{"@Name":"ProcessID","#text":"1668"}]}}}
{"Event":{"System":{"Provider":{"@Name":"Service Control Manager","@Guid":"{555908d1-a6d7-4695-8e1e-26931d2012f4}","@EventSourceName":"Service Control Manager"},"EventID":{"@Qualifiers":"49152","#text":"7026"},"Version":"0","Level":"4","Task":"0","Opcode":"0","Keywords":"0x8080000000000000","TimeCreated":{"@SystemTime":"2025-04-18 09:31:28.9692917"},"EventRecordID":"4385","Correlation":null,"Execution":{"@ProcessID":"672","@ThreadID":"676"},"Channel":"System","Computer":"Server002","Security":null},"EventData":{"Data":{"@Name":"param1","#text":", dam"}}}}
{"Event":{"System":{"Provider":{"@Name":"Microsoft-Windows-Winlogon","@Guid":"dbe9b383-7cf3-4331-91cc-a3cb16a3b538"},"EventID":"7001","Version":"0","Level":"4","Task":"1101","Opcode":"0","Keywords":"0x2000200000000000","TimeCreated":{"@SystemTime":"2025-04-18 09:31:31.5299322"},"EventRecordID":"4386","Correlation":null,"Execution":{"@ProcessID":"636","@ThreadID":"752"},"Channel":"System","Computer":"Server002","Security":{"@UserID":"S-1-5-18"}},"EventData":{"Data":[{"@Name":"TSId","#text":"1"},{"@Name":"UserSid","#text":"S-1-5-21-3962163828-2803415714-1403596700-1001"}]}}}
{"Event":{"System":{"Provider":{"@Name":"Service Control Manager","@Guid":"{555908d1-a6d7-4695-8e1e-26931d2012f4}","@EventSourceName":"Service Control Manager"},"EventID":{"@Qualifiers":"16384","#text":"7045"},"Version":"0","Level":"4","Task":"0","Opcode":"0","Keywords":"0x8080000000000000","TimeCreated":{"@SystemTime":"2025-04-18 09:31:38.0691372"},"EventRecordID":"4387","Correlation":null,"Execution":{"@ProcessID":"672","@ThreadID":"760"},"Channel":"System","Computer":"Server002","Security":{"@UserID":"S-1-5-18"}},"EventData":{"Data":[{"@Name":"ServiceName","#text":"MBAMWebProtection"},{"@Name":"ImagePath","#text":"C:\Windows\system32\DRIVERS\mwac.sys"},{"@Name":"ServiceType","#text":"kernel mode driver"},{"@Name":"StartType","#text":"demand start"},{"@Name":"AccountName"}]}}}
{"Event":{"System":{"Provider":{"@Name":"Service Control Manager","@Guid":"{555908d1-a6d7-4695-8e1e-26931d2012f4}","@EventSourceName":"Service Control Manager"},"EventID":{"@Qualifiers":"16384","#text":"7045"},"Version":"0","Level":"4","Task":"0","Opcode":"0","Keywords":"0x8080000000000000","TimeCreated":{"@SystemTime":"2025-04-18 09:31:38.7645832"},"EventRecordID":"4388","Correlation":null,"Execution":{"@ProcessID":"672","@ThreadID":"760"},"Channel":"System","Computer":"Server002","Security":{"@UserID":"S-1-5-18"}},"EventData":{"Data":[{"@Name":"ServiceName","#text":"MBAMFarflt"},{"@Name":"ImagePath","#text":"C:\Windows\system32\DRIVERS\farflt.sys"},{"@Name":"ServiceType","#text":"kernel mode driver"},{"@Name":"StartType","#text":"demand start"},{"@Name":"AccountName"}]}}}
{"Event":{"System":{"Provider":{"@Name":"Microsoft-Windows-FilterManager","@Guid":"f3c5e28e-63f6-49c7-a204-e48a1bc4b09d"},"EventID":"6","Version":"0","Level":"4","Task":"0","Opcode":"0","Keywords":"100","TimeCreated":{"@SystemTime":"2025-04-18 09:31:39.3639045"},"EventRecordID":"4389","Correlation":null,"Execution":{"@ProcessID":"4","@ThreadID":"368"},"Channel":"System","Computer":"Server002","Security":{"@UserID":"S-1-5-18"}},"EventData":{"Data":[{"@Name":"FinalStatus","#text":"0x0"},{"@Name":"DeviceVersionMajor","#text":"10"},{"@Name":"DeviceVersionMinor","#text":"0"},{"@Name":"DeviceNameLength","#text":"10"},{"@Name":"DeviceName","#text":"MBAMFarflt"},{"@Name":"DeviceTime","#text":"2025-02-20 21:16:59.0000000"}]}}}
{"Event":{"System":{"Provider":{"@Name":"Service Control Manager","@Guid":"{555908d1-a6d7-4695-8e1e-26931d2012f4}","@EventSourceName":"Service Control Manager"},"EventID":{"@Qualifiers":"16384","#text":"7045"},"Version":"0","Level":"4","Task":"0","Opcode":"0","Keywords":"0x8080000000000000","TimeCreated":{"@SystemTime":"2025-04-18 09:31:43.4978994"},"EventRecordID":"4390","Correlation":null,"Execution":{"@ProcessID":"672","@ThreadID":"4608"},"Channel":"System","Computer":"Server002","Security":{"@UserID":"S-1-5-18"}},"EventData":{"Data":[{"@Name":"ServiceName","#text":"Malwarebytes Anti-Exploit"},{"@Name":"ImagePath","#text":"C:\Windows\system32\drivers\mbae64.sys"},{"@Name":"ServiceType","#text":"kernel mode driver"},{"@Name":"StartType","#text":"system start"},{"@Name":"AccountName"}]}}}
{"Event":{"System":{"Provider":{"@Name":"Service Control Manager","@Guid":"{555908d1-a6d7-4695-8e1e-26931d2012f4}","@EventSourceName":"Service Control Manager"},"EventID":{"@Qualifiers":"16384","#text":"7045"},"Version":"0","Level":"4","Task":"0","Opcode":"0","Keywords":"0x8080000000000000","TimeCreated":{"@SystemTime":"2025-04-18 09:31:48.0762443"},"EventRecordID":"4391","Correlation":null,"Execution":{"@ProcessID":"672","@ThreadID":"952"},"Channel":"System","Computer":"Server002","Security":{"@UserID":"S-1-5-18"}},"EventData":{"Data":[{"@Name":"ServiceName","#text":"MBAMProtection"},{"@Name":"ImagePath","#text":"C:\Windows\system32\DRIVERS\mbam.sys"},{"@Name":"ServiceType","#text":"kernel mode driver"},{"@Name":"StartType","#text":"demand start"},{"@Name":"AccountName"}]}}}
{"Event":{"System":{"Provider":{"@Name":"Microsoft-Windows-FilterManager","@Guid":"f3c5e28e-63f6-49c7-a204-e48a1bc4b09d"},"EventID":"6","Version":"0","Level":"4","Task":"0","Opcode":"0","Keywords":"100","TimeCreated":{"@SystemTime":"2025-04-18 09:31:48.3946107"},"EventRecordID":"4392","Correlation":null,"Execution":{"@ProcessID":"4","@ThreadID":"268"},"Channel":"System","Computer":"Server002","Security":{"@UserID":"S-1-5-18"}},"EventData":{"Data":[{"@Name":"FinalStatus","#text":"0x0"},{"@Name":"DeviceVersionMajor","#text":"10"},{"@Name":"DeviceVersionMinor","#text":"0"},{"@Name":"DeviceNameLength","#text":"14"},{"@Name":"DeviceName","#text":"MBAMProtection"},{"@Name":"DeviceTime","#text":"2024-10-29 21:38:46.0000000"}]}}}
{"Event":{"System":{"Provider":{"@Name":"Microsoft-Windows-DistributedCOM","@Guid":"{1B562E86-B7AA-4131-BADC-B6F3A001407E}","@EventSourceName":"DCOM"},"EventID":{"@Qualifiers":"0","#text":"10016"},"Version":"0","Level":"3","Task":"0","Opcode":"0","Keywords":"0x8080000000000000","TimeCreated":{"@SystemTime":"2025-04-18 09:31:56.8886176"},"EventRecordID":"4393","Correlation":{"@ActivityID":"9906342d-6578-4d9b-a101-e98c8c5460f5"},"Execution":{"@ProcessID":"908","@ThreadID":"980"},"Channel":"System","Computer":"Server002","Security":{"@UserID":"S-1-5-20"}},"EventData":{"Data":[{"@Name":"param1","#text":"machine-default"},{"@Name":"param2","#text":"Local"},{"@Name":"param3","#text":"Activation"},{"@Name":"param4","#text":"{F87B28F1-DA9A-4F35-8EC0-800EFCF26B83}"},{"@Name":"param5","#text":"{0868DC9B-D9A2-4F64-9362-133CEA201299}"},{"@Name":"param6","#text":"NT AUTHORITY"},{"@Name":"param7","#text":"NETWORK SERVICE"},{"@Name":"param8","#text":"S-1-5-20"},{"@Name":"param9","#text":"LocalHost (Using LRPC)"},{"@Name":"param10","#text":"Unavailable"},{"@Name":"param11","#text":"Unavailable"}]}}}
{"Event":{"System":{"Provider":{"@Name":"Microsoft-Windows-DistributedCOM","@Guid":"{1B562E86-B7AA-4131-BADC-B6F3A001407E}","@EventSourceName":"DCOM"},"EventID":{"@Qualifiers":"0","#text":"10016"},"Version":"0","Level":"3","Task":"0","Opcode":"0","Keywords":"0x8080000000000000","TimeCreated":{"@SystemTime":"2025-04-18 09:32:03.1454872"},"EventRecordID":"4394","Correlation":{"@ActivityID":"9adf42e5-b019-4061-b681-9d12e459e150"},"Execution":{"@ProcessID":"908","@ThreadID":"936"},"Channel":"System","Computer":"Server002","Security":{"@UserID":"S-1-5-20"}},"EventData":{"Data":[{"@Name":"param1","#text":"machine-default"},{"@Name":"param2","#text":"Local"},{"@Name":"param3","#text":"Activation"},{"@Name":"param4","#text":"{F87B28F1-DA9A-4F35-8EC0-800EFCF26B83}"},{"@Name":"param5","#text":"{0868DC9B-D9A2-4F64-9362-133CEA201299}"},{"@Name":"param6","#text":"NT AUTHORITY"},{"@Name":"param7","#text":"NETWORK SERVICE"},{"@Name":"param8","#text":"S-1-5-20"},{"@Name":"param9","#text":"LocalHost (Using LRPC)"},{"@Name":"param10","#text":"Unavailable"},{"@Name":"param11","#text":"Unavailable"}]}}}
{"Event":{"System":{"Provider":{"@Name":"Microsoft-Windows-DistributedCOM","@Guid":"{1B562E86-B7AA-4131-BADC-B6F3A001407E}","@EventSourceName":"DCOM"},"EventID":{"@Qualifiers":"0","#text":"10016"},"Version":"0","Level":"3","Task":"0","Opcode":"0","Keywords":"0x8080000000000000","TimeCreated":{"@SystemTime":"2025-04-18 09:34:04.3667053"},"EventRecordID":"4395","Correlation":{"@ActivityID":"125dfc0a-39a1-4001-85fa-bb5fe8328f8e"},"Execution":{"@ProcessID":"908","@ThreadID":"6904"},"Channel":"System","Computer":"Server002","Security":{"@UserID":"S-1-5-20"}},"EventData":{"Data":[{"@Name":"param1","#text":"machine-default"},{"@Name":"param2","#text":"Local"},{"@Name":"param3","#text":"Activation"},{"@Name":"param4","#text":"{F87B28F1-DA9A-4F35-8EC0-800EFCF26B83}"},{"@Name":"param5","#text":"{0868DC9B-D9A2-4F64-9362-133CEA201299}"},{"@Name":"param6","#text":"NT AUTHORITY"},{"@Name":"param7","#text":"NETWORK SERVICE"},{"@Name":"param8","#text":"S-1-5-20"},{"@Name":"param9","#text":"LocalHost (Using LRPC)"},{"@Name":"param10","#text":"Unavailable"},{"@Name":"param11","#text":"Unavailable"}]}}}
{"Event":{"System":{"Provider":{"@Name":"Service Control Manager","@Guid":"{555908d1-a6d7-4695-8e1e-26931d2012f4}","@EventSourceName":"Service Control Manager"},"EventID":{"@Qualifiers":"16384","#text":"7040"},"Version":"0","Level":"4","Task":"0","Opcode":"0","Keywords":"0x8080000000000000","TimeCreated":{"@SystemTime":"2025-04-18 09:34:51.9583593"},"EventRecordID":"4396","Correlation":null,"Execution":{"@ProcessID":"672","@ThreadID":"952"},"Channel":"System","Computer":"Server002","Security":{"@UserID":"S-1-5-18"}},"EventData":{"Data":[{"@Name":"param1","#text":"Background Intelligent Transfer Service"},{"@Name":"param2","#text":"demand start"},{"@Name":"param3","#text":"auto start"},{"@Name":"param4","#text":"BITS"}]}}}
{"Event":{"System":{"Provider":{"@Name":"Microsoft-Windows-DistributedCOM","@Guid":"{1B562E86-B7AA-4131-BADC-B6F3A001407E}","@EventSourceName":"DCOM"},"EventID":{"@Qualifiers":"0","#text":"10016"},"Version":"0","Level":"3","Task":"0","Opcode":"0","Keywords":"0x8080000000000000","TimeCreated":{"@SystemTime":"2025-04-18 09:35:46.0808957"},"EventRecordID":"4397","Correlation":{"@ActivityID":"ad651aac-1d11-4cfe-8017-6dd4a85c1d7c"},"Execution":{"@ProcessID":"908","@ThreadID":"1440"},"Channel":"System","Computer":"Server002","Security":{"@UserID":"S-1-5-21-3962163828-2803415714-1403596700-1001"}},"EventData":{"Data":[{"@Name":"param1","#text":"application-specific"},{"@Name":"param2","#text":"Local"},{"@Name":"param3","#text":"Launch"},{"@Name":"param4","#text":"Windows.SecurityCenter.WscCloudBackupProvider"},{"@Name":"param5","#text":"Unavailable"},{"@Name":"param6","#text":"SERVER002"},{"@Name":"param7","#text":"lplui"},{"@Name":"param8","#text":"S-1-5-21-3962163828-2803415714-1403596700-1001"},{"@Name":"param9","#text":"LocalHost (Using LRPC)"},{"@Name":"param10","#text":"Unavailable"},{"@Name":"param11","#text":"Unavailable"}]}}}
{"Event":{"System":{"Provider":{"@Name":"Microsoft-Windows-DistributedCOM","@Guid":"{1B562E86-B7AA-4131-BADC-B6F3A001407E}","@EventSourceName":"DCOM"},"EventID":{"@Qualifiers":"0","#text":"10016"},"Version":"0","Level":"3","Task":"0","Opcode":"0","Keywords":"0x8080000000000000","TimeCreated":{"@SystemTime":"2025-04-18 09:36:11.0107344"},"EventRecordID":"4398","Correlation":{"@ActivityID":"a035245c-451a-4ca6-a7b5-231d298b2df8"},"Execution":{"@ProcessID":"908","@ThreadID":"1088"},"Channel":"System","Computer":"Server002","Security":{"@UserID":"S-1-5-21-3962163828-2803415714-1403596700-1001"}},"EventData":{"Data":[{"@Name":"param1","#text":"application-specific"},{"@Name":"param2","#text":"Local"},{"@Name":"param3","#text":"Launch"},{"@Name":"param4","#text":"Windows.SecurityCenter.WscCloudBackupProvider"},{"@Name":"param5","#text":"Unavailable"},{"@Name":"param6","#text":"SERVER002"},{"@Name":"param7","#text":"lplui"},{"@Name":"param8","#text":"S-1-5-21-3962163828-2803415714-1403596700-1001"},{"@Name":"param9","#text":"LocalHost (Using LRPC)"},{"@Name":"param10","#text":"Unavailable"},{"@Name":"param11","#text":"Unavailable"}]}}}
{"Event":{"System":{"Provider":{"@Name":"Microsoft-Windows-WindowsUpdateClient","@Guid":"945a8954-c147-4acd-923f-40c45405a658"},"EventID":"44","Version":"1","Level":"4","Task":"1","Opcode":"12","Keywords":"12004","TimeCreated":{"@SystemTime":"2025-04-18 09:36:49.8312956"},"EventRecordID":"4399","Correlation":null,"Execution":{"@ProcessID":"8160","@ThreadID":"764"},"Channel":"System","Computer":"Server002","Security":{"@UserID":"S-1-5-18"}},"EventData":{"Data":[{"@Name":"updateTitle","#text":"Security Intelligence Update for Microsoft Defender Antivirus - KB2267602 (Version 1.427.316.0) - Current Channel (Broad)"},{"@Name":"updateGuid","#text":"1e0afba4-47a9-4d02-b075-a8a4a184b911"},{"@Name":"updateRevisionNumber","#text":"200"}]}}}
{"Event":{"System":{"Provider":{"@Name":"Service Control Manager","@Guid":"{555908d1-a6d7-4695-8e1e-26931d2012f4}","@EventSourceName":"Service Control Manager"},"EventID":{"@Qualifiers":"49152","#text":"7023"},"Version":"0","Level":"2","Task":"0","Opcode":"0","Keywords":"0x8080000000000000","TimeCreated":{"@SystemTime":"2025-04-18 09:37:11.5287038"},"EventRecordID":"4400","Correlation":null,"Execution":{"@ProcessID":"672","@ThreadID":"4608"},"Channel":"System","Computer":"Server002","Security":null},"EventData":{"Data":[{"@Name":"param1","#text":"System Guard Runtime Monitor Broker"},{"@Name":"param2","#text":"%%3489660935"}],"Binary":"53-00-67-00-72-00-6D-00-42-00-72-00-6F-00-6B-00-65-00-72-00-00-00"}}}
{"Event":{"System":{"Provider":{"@Name":"Microsoft-Windows-WinRM","@Guid":"{A7975C8F-AC13-49F1-87DA-5A984A4AB417}","@EventSourceName":"WinRM"},"EventID":{"@Qualifiers":"7","#text":"10148"},"Version":"0","Level":"4","Task":"0","Opcode":"0","Keywords":"1","TimeCreated":{"@SystemTime":"2025-04-18 09:38:35.3131573"},"EventRecordID":"4401","Correlation":null,"Execution":{"@ProcessID":"0","@ThreadID":"0"},"Channel":"System","Computer":"Server002","Security":null},"EventData":{"@Name":"Started Listening"}}}
{"Event":{"System":{"Provider":{"@Name":"Microsoft-Windows-WinRM","@Guid":"{A7975C8F-AC13-49F1-87DA-5A984A4AB417}","@EventSourceName":"WinRM"},"EventID":{"@Qualifiers":"7","#text":"10121"},"Version":"0","Level":"4","Task":"0","Opcode":"0","Keywords":"1","TimeCreated":{"@SystemTime":"2025-04-18 09:38:35.3797012"},"EventRecordID":"4402","Correlation":null,"Execution":{"@ProcessID":"0","@ThreadID":"0"},"Channel":"System","Computer":"Server002","Security":null},"EventData":""}}
{"Event":{"System":{"Provider":{"@Name":"Microsoft-Windows-DistributedCOM","@Guid":"{1B562E86-B7AA-4131-BADC-B6F3A001407E}","@EventSourceName":"DCOM"},"EventID":{"@Qualifiers":"0","#text":"10016"},"Version":"0","Level":"3","Task":"0","Opcode":"0","Keywords":"0x8080000000000000","TimeCreated":{"@SystemTime":"2025-04-18 09:38:36.6407814"},"EventRecordID":"4403","Correlation":{"@ActivityID":"31573cc1-e222-4375-bc16-e56a87838d5a"},"Execution":{"@ProcessID":"908","@ThreadID":"6928"},"Channel":"System","Computer":"Server002","Security":{"@UserID":"S-1-5-18"}},"EventData":{"Data":[{"@Name":"param1","#text":"application-specific"},{"@Name":"param2","#text":"Local"},{"@Name":"param3","#text":"Launch"},{"@Name":"param4","#text":"Windows.SecurityCenter.WscBrokerManager"},{"@Name":"param5","#text":"Unavailable"},{"@Name":"param6","#text":"NT AUTHORITY"},{"@Name":"param7","#text":"SYSTEM"},{"@Name":"param8","#text":"S-1-5-18"},{"@Name":"param9","#text":"LocalHost (Using LRPC)"},{"@Name":"param10","#text":"Unavailable"},{"@Name":"param11","#text":"Unavailable"}]}}}
