{"Event":{"System":{"Provider":{"@Name":"Microsoft-Windows-Sysmon","@Guid":"5770385f-c22a-43e0-bf4c-06f5698ffbd9"},"EventID":"5","Version":"3","Level":"4","Task":"5","Opcode":"0","Keywords":"10000","TimeCreated":{"@SystemTime":"2025-04-22 13:51:40.5719145"},"EventRecordID":"36776","Correlation":null,"Execution":{"@ProcessID":"2984","@ThreadID":"4008"},"Channel":"Microsoft-Windows-Sysmon/Operational","Computer":"Server002","Security":{"@UserID":"S-1-5-18"}},"EventData":{"Data":[{"@Name":"RuleName","#text":"-"},{"@Name":"UtcTime","#text":"2025-04-22 13:51:40.543"},{"@Name":"ProcessGuid","#text":"dbf410b3-9eec-6807-7500-000000003f00"},{"@Name":"ProcessId","#text":"5836"},{"@Name":"Image","#text":"C:\Program Files\Malwarebytes\Anti-Malware\ig.exe"},{"@Name":"User","#text":"SERVER002\lplui"}]}}}
{"Event":{"System":{"Provider":{"@Name":"Microsoft-Windows-Sysmon","@Guid":"5770385f-c22a-43e0-bf4c-06f5698ffbd9"},"EventID":"1","Version":"5","Level":"4","Task":"1","Opcode":"0","Keywords":"10000","TimeCreated":{"@SystemTime":"2025-04-22 13:51:40.7692993"},"EventRecordID":"36777","Correlation":null,"Execution":{"@ProcessID":"2984","@ThreadID":"4008"},"Channel":"Microsoft-Windows-Sysmon/Operational","Computer":"Server002","Security":{"@UserID":"S-1-5-18"}},"EventData":{"Data":[{"@Name":"RuleName","#text":"-"},{"@Name":"UtcTime","#text":"2025-04-22 13:51:40.637"},{"@Name":"ProcessGuid","#text":"dbf410b3-9eec-6807-7700-000000003f00"},{"@Name":"ProcessId","#text":"5916"},{"@Name":"Image","#text":"C:\Program Files\Malwarebytes\Anti-Malware\ig.exe"},{"@Name":"FileVersion","#text":"1.0.4.8"},{"@Name":"Description","#text":"Malware Scanner"},{"@Name":"Product","#text":"Malwarebytes Scanner"},{"@Name":"Company","#text":"MalwareBytes"},{"@Name":"OriginalFileName","#text":"ig.exe"},{"@Name":"CommandLine","#text":"ig.exe reseed"},{"@Name":"CurrentDirectory","#text":"C:\PROGRAM FILES\MALWAREBYTES\ANTI-MALWARE\"},{"@Name":"User","#text":"SERVER002\lplui"},{"@Name":"LogonGuid","#text":"dbf410b3-9ee4-6807-60df-030000000000"},{"@Name":"LogonId","#text":"0x3DF60"},{"@Name":"TerminalSessionId","#text":"1"},{"@Name":"IntegrityLevel","#text":"Low"},{"@Name":"Hashes","#text":"SHA256=0A92734D2859491BEE271BFB8C3EBD619E89EA7E80DF3F756F248C367D7A3331"},{"@Name":"ParentProcessGuid","#text":"dbf410b3-9ede-6807-4b00-000000003f00"},{"@Name":"ParentProcessId","#text":"2332"},{"@Name":"ParentImage","#text":"C:\Program Files\Malwarebytes\Anti-Malware\MBAMService.exe"},{"@Name":"ParentCommandLine","#text":"\"C:\Program Files\Malwarebytes\Anti-Malware\MBAMService.exe\""},{"@Name":"ParentUser","#text":"NT AUTHORITY\SYSTEM"}]}}}
{"Event":{"System":{"Provider":{"@Name":"Microsoft-Windows-Sysmon","@Guid":"5770385f-c22a-43e0-bf4c-06f5698ffbd9"},"EventID":"5","Version":"3","Level":"4","Task":"5","Opcode":"0","Keywords":"10000","TimeCreated":{"@SystemTime":"2025-04-22 13:51:40.7727696"},"EventRecordID":"36778","Correlation":null,"Execution":{"@ProcessID":"2984","@ThreadID":"4008"},"Channel":"Microsoft-Windows-Sysmon/Operational","Computer":"Server002","Security":{"@UserID":"S-1-5-18"}},"EventData":{"Data":[{"@Name":"RuleName","#text":"-"},{"@Name":"UtcTime","#text":"2025-04-22 13:51:40.751"},{"@Name":"ProcessGuid","#text":"dbf410b3-9eec-6807-7700-000000003f00"},{"@Name":"ProcessId","#text":"5916"},{"@Name":"Image","#text":"C:\Program Files\Malwarebytes\Anti-Malware\ig.exe"},{"@Name":"User","#text":"SERVER002\lplui"}]}}}
{"Event":{"System":{"Provider":{"@Name":"Microsoft-Windows-Sysmon","@Guid":"5770385f-c22a-43e0-bf4c-06f5698ffbd9"},"EventID":"1","Version":"5","Level":"4","Task":"1","Opcode":"0","Keywords":"10000","TimeCreated":{"@SystemTime":"2025-04-22 13:51:41.1797465"},"EventRecordID":"36779","Correlation":null,"Execution":{"@ProcessID":"2984","@ThreadID":"4008"},"Channel":"Microsoft-Windows-Sysmon/Operational","Computer":"Server002","Security":{"@UserID":"S-1-5-18"}},"EventData":{"Data":[{"@Name":"RuleName","#text":"-"},{"@Name":"UtcTime","#text":"2025-04-22 13:51:40.835"},{"@Name":"ProcessGuid","#text":"dbf410b3-9eec-6807-7800-000000003f00"},{"@Name":"ProcessId","#text":"5956"},{"@Name":"Image","#text":"C:\Program Files\Malwarebytes\Anti-Malware\ig.exe"},{"@Name":"FileVersion","#text":"1.0.4.8"},{"@Name":"Description","#text":"Malware Scanner"},{"@Name":"Product","#text":"Malwarebytes Scanner"},{"@Name":"Company","#text":"MalwareBytes"},{"@Name":"OriginalFileName","#text":"ig.exe"},{"@Name":"CommandLine","#text":"ig.exe reseed"},{"@Name":"CurrentDirectory","#text":"C:\PROGRAM FILES\MALWAREBYTES\ANTI-MALWARE\"},{"@Name":"User","#text":"SERVER002\lplui"},{"@Name":"LogonGuid","#text":"dbf410b3-9ee4-6807-60df-030000000000"},{"@Name":"LogonId","#text":"0x3DF60"},{"@Name":"TerminalSessionId","#text":"1"},{"@Name":"IntegrityLevel","#text":"Low"},{"@Name":"Hashes","#text":"SHA256=0A92734D2859491BEE271BFB8C3EBD619E89EA7E80DF3F756F248C367D7A3331"},{"@Name":"ParentProcessGuid","#text":"dbf410b3-9ede-6807-4b00-000000003f00"},{"@Name":"ParentProcessId","#text":"2332"},{"@Name":"ParentImage","#text":"C:\Program Files\Malwarebytes\Anti-Malware\MBAMService.exe"},{"@Name":"ParentCommandLine","#text":"\"C:\Program Files\Malwarebytes\Anti-Malware\MBAMService.exe\""},{"@Name":"ParentUser","#text":"NT AUTHORITY\SYSTEM"}]}}}
{"Event":{"System":{"Provider":{"@Name":"Microsoft-Windows-Sysmon","@Guid":"5770385f-c22a-43e0-bf4c-06f5698ffbd9"},"EventID":"5","Version":"3","Level":"4","Task":"5","Opcode":"0","Keywords":"10000","TimeCreated":{"@SystemTime":"2025-04-22 13:51:41.1896486"},"EventRecordID":"36780","Correlation":null,"Execution":{"@ProcessID":"2984","@ThreadID":"4008"},"Channel":"Microsoft-Windows-Sysmon/Operational","Computer":"Server002","Security":{"@UserID":"S-1-5-18"}},"EventData":{"Data":[{"@Name":"RuleName","#text":"-"},{"@Name":"UtcTime","#text":"2025-04-22 13:51:41.184"},{"@Name":"ProcessGuid","#text":"dbf410b3-9eec-6807-7800-000000003f00"},{"@Name":"ProcessId","#text":"5956"},{"@Name":"Image","#text":"C:\Program Files\Malwarebytes\Anti-Malware\ig.exe"},{"@Name":"User","#text":"SERVER002\lplui"}]}}}
{"Event":{"System":{"Provider":{"@Name":"Microsoft-Windows-Sysmon","@Guid":"5770385f-c22a-43e0-bf4c-06f5698ffbd9"},"EventID":"1","Version":"5","Level":"4","Task":"1","Opcode":"0","Keywords":"10000","TimeCreated":{"@SystemTime":"2025-04-22 13:51:41.6119280"},"EventRecordID":"36781","Correlation":null,"Execution":{"@ProcessID":"2984","@ThreadID":"4008"},"Channel":"Microsoft-Windows-Sysmon/Operational","Computer":"Server002","Security":{"@UserID":"S-1-5-18"}},"EventData":{"Data":[{"@Name":"RuleName","#text":"-"},{"@Name":"UtcTime","#text":"2025-04-22 13:51:41.340"},{"@Name":"ProcessGuid","#text":"dbf410b3-9eed-6807-7900-000000003f00"},{"@Name":"ProcessId","#text":"6072"},{"@Name":"Image","#text":"C:\Program Files\Malwarebytes\Anti-Malware\ig.exe"},{"@Name":"FileVersion","#text":"1.0.4.8"},{"@Name":"Description","#text":"Malware Scanner"},{"@Name":"Product","#text":"Malwarebytes Scanner"},{"@Name":"Company","#text":"MalwareBytes"},{"@Name":"OriginalFileName","#text":"ig.exe"},{"@Name":"CommandLine","#text":"ig.exe reseed"},{"@Name":"CurrentDirectory","#text":"C:\PROGRAM FILES\MALWAREBYTES\ANTI-MALWARE\"},{"@Name":"User","#text":"SERVER002\lplui"},{"@Name":"LogonGuid","#text":"dbf410b3-9ee4-6807-60df-030000000000"},{"@Name":"LogonId","#text":"0x3DF60"},{"@Name":"TerminalSessionId","#text":"1"},{"@Name":"IntegrityLevel","#text":"Low"},{"@Name":"Hashes","#text":"SHA256=0A92734D2859491BEE271BFB8C3EBD619E89EA7E80DF3F756F248C367D7A3331"},{"@Name":"ParentProcessGuid","#text":"dbf410b3-9ede-6807-4b00-000000003f00"},{"@Name":"ParentProcessId","#text":"2332"},{"@Name":"ParentImage","#text":"C:\Program Files\Malwarebytes\Anti-Malware\MBAMService.exe"},{"@Name":"ParentCommandLine","#text":"\"C:\Program Files\Malwarebytes\Anti-Malware\MBAMService.exe\""},{"@Name":"ParentUser","#text":"NT AUTHORITY\SYSTEM"}]}}}
{"Event":{"System":{"Provider":{"@Name":"Microsoft-Windows-Sysmon","@Guid":"5770385f-c22a-43e0-bf4c-06f5698ffbd9"},"EventID":"1","Version":"5","Level":"4","Task":"1","Opcode":"0","Keywords":"10000","TimeCreated":{"@SystemTime":"2025-04-22 13:51:41.6123576"},"EventRecordID":"36782","Correlation":null,"Execution":{"@ProcessID":"2984","@ThreadID":"4008"},"Channel":"Microsoft-Windows-Sysmon/Operational","Computer":"Server002","Security":{"@UserID":"S-1-5-18"}},"EventData":{"Data":[{"@Name":"RuleName","#text":"-"},{"@Name":"UtcTime","#text":"2025-04-22 13:51:41.396"},{"@Name":"ProcessGuid","#text":"dbf410b3-9eed-6807-7a00-000000003f00"},{"@Name":"ProcessId","#text":"6084"},{"@Name":"Image","#text":"C:\Program Files\Malwarebytes\Anti-Malware\Malwarebytes.exe"},{"@Name":"FileVersion","#text":"5.0.0.1163"},{"@Name":"Description","#text":"Malwarebytes"},{"@Name":"Product","#text":"Malwarebytes"},{"@Name":"Company","#text":"Malwarebytes"},{"@Name":"OriginalFileName","#text":"Malwarebytes.dll"},{"@Name":"CommandLine","#text":"\"C:\Program Files\Malwarebytes\Anti-Malware\Malwarebytes.exe\" nowindow"},{"@Name":"CurrentDirectory","#text":"C:\Program Files\Malwarebytes\Anti-Malware\"},{"@Name":"User","#text":"SERVER002\lplui"},{"@Name":"LogonGuid","#text":"dbf410b3-9ee4-6807-60df-030000000000"},{"@Name":"LogonId","#text":"0x3DF60"},{"@Name":"TerminalSessionId","#text":"1"},{"@Name":"IntegrityLevel","#text":"Medium"},{"@Name":"Hashes","#text":"SHA256=B6E4F511942639F88E6869D7F4BA247785EF4CEB74FE92C71884544E4181EB0A"},{"@Name":"ParentProcessGuid","#text":"dbf410b3-9ede-6807-4b00-000000003f00"},{"@Name":"ParentProcessId","#text":"2332"},{"@Name":"ParentImage","#text":"C:\Program Files\Malwarebytes\Anti-Malware\MBAMService.exe"},{"@Name":"ParentCommandLine","#text":"\"C:\Program Files\Malwarebytes\Anti-Malware\MBAMService.exe\""},{"@Name":"ParentUser","#text":"NT AUTHORITY\SYSTEM"}]}}}
{"Event":{"System":{"Provider":{"@Name":"Microsoft-Windows-Sysmon","@Guid":"5770385f-c22a-43e0-bf4c-06f5698ffbd9"},"EventID":"5","Version":"3","Level":"4","Task":"5","Opcode":"0","Keywords":"10000","TimeCreated":{"@SystemTime":"2025-04-22 13:51:41.6123893"},"EventRecordID":"36783","Correlation":null,"Execution":{"@ProcessID":"2984","@ThreadID":"4008"},"Channel":"Microsoft-Windows-Sysmon/Operational","Computer":"Server002","Security":{"@UserID":"S-1-5-18"}},"EventData":{"Data":[{"@Name":"RuleName","#text":"-"},{"@Name":"UtcTime","#text":"2025-04-22 13:51:41.598"},{"@Name":"ProcessGuid","#text":"dbf410b3-9eeb-6807-6c00-000000003f00"},{"@Name":"ProcessId","#text":"5524"},{"@Name":"Image","#text":"C:\Program Files (x86)\Microsoft Office\root\vfs\ProgramFilesCommonX86\Microsoft Shared\Office16\opushutil.exe"},{"@Name":"User","#text":"SERVER002\lplui"}]}}}
{"Event":{"System":{"Provider":{"@Name":"Microsoft-Windows-Sysmon","@Guid":"5770385f-c22a-43e0-bf4c-06f5698ffbd9"},"EventID":"5","Version":"3","Level":"4","Task":"5","Opcode":"0","Keywords":"10000","TimeCreated":{"@SystemTime":"2025-04-22 13:51:41.7648289"},"EventRecordID":"36784","Correlation":null,"Execution":{"@ProcessID":"2984","@ThreadID":"4008"},"Channel":"Microsoft-Windows-Sysmon/Operational","Computer":"Server002","Security":{"@UserID":"S-1-5-18"}},"EventData":{"Data":[{"@Name":"RuleName","#text":"-"},{"@Name":"UtcTime","#text":"2025-04-22 13:51:41.624"},{"@Name":"ProcessGuid","#text":"dbf410b3-9eed-6807-7900-000000003f00"},{"@Name":"ProcessId","#text":"6072"},{"@Name":"Image","#text":"C:\Program Files\Malwarebytes\Anti-Malware\ig.exe"},{"@Name":"User","#text":"SERVER002\lplui"}]}}}
{"Event":{"System":{"Provider":{"@Name":"Microsoft-Windows-Sysmon","@Guid":"5770385f-c22a-43e0-bf4c-06f5698ffbd9"},"EventID":"1","Version":"5","Level":"4","Task":"1","Opcode":"0","Keywords":"10000","TimeCreated":{"@SystemTime":"2025-04-22 13:51:41.7662302"},"EventRecordID":"36785","Correlation":null,"Execution":{"@ProcessID":"2984","@ThreadID":"4008"},"Channel":"Microsoft-Windows-Sysmon/Operational","Computer":"Server002","Security":{"@UserID":"S-1-5-18"}},"EventData":{"Data":[{"@Name":"RuleName","#text":"-"},{"@Name":"UtcTime","#text":"2025-04-22 13:51:41.650"},{"@Name":"ProcessGuid","#text":"dbf410b3-9eed-6807-7b00-000000003f00"},{"@Name":"ProcessId","#text":"6124"},{"@Name":"Image","#text":"C:\Windows\System32\userinit.exe"},{"@Name":"FileVersion","#text":"10.0.19041.4355 (WinBuild.160101.0800)"},{"@Name":"Description","#text":"Userinit Logon Application"},{"@Name":"Product","#text":"Microsoft® Windows® Operating System"},{"@Name":"Company","#text":"Microsoft Corporation"},{"@Name":"OriginalFileName","#text":"USERINIT.EXE"},{"@Name":"CommandLine","#text":"C:\Windows\system32\userinit.exe"},{"@Name":"CurrentDirectory","#text":"C:\Windows\system32\"},{"@Name":"User","#text":"SERVER002\lplui"},{"@Name":"LogonGuid","#text":"dbf410b3-9ee4-6807-60df-030000000000"},{"@Name":"LogonId","#text":"0x3DF60"},{"@Name":"TerminalSessionId","#text":"1"},{"@Name":"IntegrityLevel","#text":"Medium"},{"@Name":"Hashes","#text":"SHA256=0043369966E39C40B96C941EBE06BA53139DC314785F0D2D5D490DEF51DFB86C"},{"@Name":"ParentProcessGuid","#text":"00000000-0000-0000-0000-000000000000"},{"@Name":"ParentProcessId","#text":"584"},{"@Name":"ParentImage","#text":"-"},{"@Name":"ParentCommandLine","#text":"-"},{"@Name":"ParentUser","#text":"-"}]}}}
{"Event":{"System":{"Provider":{"@Name":"Microsoft-Windows-Sysmon","@Guid":"5770385f-c22a-43e0-bf4c-06f5698ffbd9"},"EventID":"1","Version":"5","Level":"4","Task":"1","Opcode":"0","Keywords":"10000","TimeCreated":{"@SystemTime":"2025-04-22 13:51:42.5752022"},"EventRecordID":"36786","Correlation":null,"Execution":{"@ProcessID":"2984","@ThreadID":"4008"},"Channel":"Microsoft-Windows-Sysmon/Operational","Computer":"Server002","Security":{"@UserID":"S-1-5-18"}},"EventData":{"Data":[{"@Name":"RuleName","#text":"-"},{"@Name":"UtcTime","#text":"2025-04-22 13:51:42.446"},{"@Name":"ProcessGuid","#text":"dbf410b3-9eee-6807-7d00-000000003f00"},{"@Name":"ProcessId","#text":"5292"},{"@Name":"Image","#text":"C:\Windows\System32\svchost.exe"},{"@Name":"FileVersion","#text":"10.0.19041.4355 (WinBuild.160101.0800)"},{"@Name":"Description","#text":"Host Process for Windows Services"},{"@Name":"Product","#text":"Microsoft® Windows® Operating System"},{"@Name":"Company","#text":"Microsoft Corporation"},{"@Name":"OriginalFileName","#text":"svchost.exe"},{"@Name":"CommandLine","#text":"C:\Windows\System32\svchost.exe -k LocalServiceNetworkRestricted -s RmSvc"},{"@Name":"CurrentDirectory","#text":"C:\Windows\system32\"},{"@Name":"User","#text":"NT AUTHORITY\LOCAL SERVICE"},{"@Name":"LogonGuid","#text":"dbf410b3-baf8-6807-e503-000000000000"},{"@Name":"LogonId","#text":"0x3E5"},{"@Name":"TerminalSessionId","#text":"0"},{"@Name":"IntegrityLevel","#text":"System"},{"@Name":"Hashes","#text":"SHA256=6FC3BF1FDFD76860BE782554F8D25BD32F108DB934D70F4253F1E5F23522E503"},{"@Name":"ParentProcessGuid","#text":"00000000-0000-0000-0000-000000000000"},{"@Name":"ParentProcessId","#text":"652"},{"@Name":"ParentImage","#text":"-"},{"@Name":"ParentCommandLine","#text":"-"},{"@Name":"ParentUser","#text":"-"}]}}}
{"Event":{"System":{"Provider":{"@Name":"Microsoft-Windows-Sysmon","@Guid":"5770385f-c22a-43e0-bf4c-06f5698ffbd9"},"EventID":"1","Version":"5","Level":"4","Task":"1","Opcode":"0","Keywords":"10000","TimeCreated":{"@SystemTime":"2025-04-22 13:51:42.5761024"},"EventRecordID":"36787","Correlation":null,"Execution":{"@ProcessID":"2984","@ThreadID":"4008"},"Channel":"Microsoft-Windows-Sysmon/Operational","Computer":"Server002","Security":{"@UserID":"S-1-5-18"}},"EventData":{"Data":[{"@Name":"RuleName","#text":"-"},{"@Name":"UtcTime","#text":"2025-04-22 13:51:42.092"},{"@Name":"ProcessGuid","#text":"dbf410b3-9eee-6807-7c00-000000003f00"},{"@Name":"ProcessId","#text":"5224"},{"@Name":"Image","#text":"C:\Program Files\Malwarebytes\Anti-Malware\ig.exe"},{"@Name":"FileVersion","#text":"1.0.4.8"},{"@Name":"Description","#text":"Malware Scanner"},{"@Name":"Product","#text":"Malwarebytes Scanner"},{"@Name":"Company","#text":"MalwareBytes"},{"@Name":"OriginalFileName","#text":"ig.exe"},{"@Name":"CommandLine","#text":"ig.exe reseed"},{"@Name":"CurrentDirectory","#text":"C:\PROGRAM FILES\MALWAREBYTES\ANTI-MALWARE\"},{"@Name":"User","#text":"SERVER002\lplui"},{"@Name":"LogonGuid","#text":"dbf410b3-9ee4-6807-60df-030000000000"},{"@Name":"LogonId","#text":"0x3DF60"},{"@Name":"TerminalSessionId","#text":"1"},{"@Name":"IntegrityLevel","#text":"Low"},{"@Name":"Hashes","#text":"SHA256=0A92734D2859491BEE271BFB8C3EBD619E89EA7E80DF3F756F248C367D7A3331"},{"@Name":"ParentProcessGuid","#text":"dbf410b3-9ede-6807-4b00-000000003f00"},{"@Name":"ParentProcessId","#text":"2332"},{"@Name":"ParentImage","#text":"C:\Program Files\Malwarebytes\Anti-Malware\MBAMService.exe"},{"@Name":"ParentCommandLine","#text":"\"C:\Program Files\Malwarebytes\Anti-Malware\MBAMService.exe\""},{"@Name":"ParentUser","#text":"NT AUTHORITY\SYSTEM"}]}}}
{"Event":{"System":{"Provider":{"@Name":"Microsoft-Windows-Sysmon","@Guid":"5770385f-c22a-43e0-bf4c-06f5698ffbd9"},"EventID":"5","Version":"3","Level":"4","Task":"5","Opcode":"0","Keywords":"10000","TimeCreated":{"@SystemTime":"2025-04-22 13:51:42.7295554"},"EventRecordID":"36788","Correlation":null,"Execution":{"@ProcessID":"2984","@ThreadID":"4008"},"Channel":"Microsoft-Windows-Sysmon/Operational","Computer":"Server002","Security":{"@UserID":"S-1-5-18"}},"EventData":{"Data":[{"@Name":"RuleName","#text":"-"},{"@Name":"UtcTime","#text":"2025-04-22 13:51:42.621"},{"@Name":"ProcessGuid","#text":"dbf410b3-9eee-6807-7c00-000000003f00"},{"@Name":"ProcessId","#text":"5224"},{"@Name":"Image","#text":"C:\Program Files\Malwarebytes\Anti-Malware\ig.exe"},{"@Name":"User","#text":"SERVER002\lplui"}]}}}
{"Event":{"System":{"Provider":{"@Name":"Microsoft-Windows-Sysmon","@Guid":"5770385f-c22a-43e0-bf4c-06f5698ffbd9"},"EventID":"1","Version":"5","Level":"4","Task":"1","Opcode":"0","Keywords":"10000","TimeCreated":{"@SystemTime":"2025-04-22 13:51:42.9675553"},"EventRecordID":"36789","Correlation":null,"Execution":{"@ProcessID":"2984","@ThreadID":"4008"},"Channel":"Microsoft-Windows-Sysmon/Operational","Computer":"Server002","Security":{"@UserID":"S-1-5-18"}},"EventData":{"Data":[{"@Name":"RuleName","#text":"-"},{"@Name":"UtcTime","#text":"2025-04-22 13:51:42.750"},{"@Name":"ProcessGuid","#text":"dbf410b3-9eee-6807-7f00-000000003f00"},{"@Name":"ProcessId","#text":"5176"},{"@Name":"Image","#text":"C:\Program Files\Malwarebytes\Anti-Malware\ig.exe"},{"@Name":"FileVersion","#text":"1.0.4.8"},{"@Name":"Description","#text":"Malware Scanner"},{"@Name":"Product","#text":"Malwarebytes Scanner"},{"@Name":"Company","#text":"MalwareBytes"},{"@Name":"OriginalFileName","#text":"ig.exe"},{"@Name":"CommandLine","#text":"ig.exe reseed"},{"@Name":"CurrentDirectory","#text":"C:\PROGRAM FILES\MALWAREBYTES\ANTI-MALWARE\"},{"@Name":"User","#text":"SERVER002\lplui"},{"@Name":"LogonGuid","#text":"dbf410b3-9ee4-6807-60df-030000000000"},{"@Name":"LogonId","#text":"0x3DF60"},{"@Name":"TerminalSessionId","#text":"1"},{"@Name":"IntegrityLevel","#text":"Low"},{"@Name":"Hashes","#text":"SHA256=0A92734D2859491BEE271BFB8C3EBD619E89EA7E80DF3F756F248C367D7A3331"},{"@Name":"ParentProcessGuid","#text":"dbf410b3-9ede-6807-4b00-000000003f00"},{"@Name":"ParentProcessId","#text":"2332"},{"@Name":"ParentImage","#text":"C:\Program Files\Malwarebytes\Anti-Malware\MBAMService.exe"},{"@Name":"ParentCommandLine","#text":"\"C:\Program Files\Malwarebytes\Anti-Malware\MBAMService.exe\""},{"@Name":"ParentUser","#text":"NT AUTHORITY\SYSTEM"}]}}}
{"Event":{"System":{"Provider":{"@Name":"Microsoft-Windows-Sysmon","@Guid":"5770385f-c22a-43e0-bf4c-06f5698ffbd9"},"EventID":"5","Version":"3","Level":"4","Task":"5","Opcode":"0","Keywords":"10000","TimeCreated":{"@SystemTime":"2025-04-22 13:51:42.9727708"},"EventRecordID":"36790","Correlation":null,"Execution":{"@ProcessID":"2984","@ThreadID":"4008"},"Channel":"Microsoft-Windows-Sysmon/Operational","Computer":"Server002","Security":{"@UserID":"S-1-5-18"}},"EventData":{"Data":[{"@Name":"RuleName","#text":"-"},{"@Name":"UtcTime","#text":"2025-04-22 13:51:42.969"},{"@Name":"ProcessGuid","#text":"dbf410b3-9eee-6807-7f00-000000003f00"},{"@Name":"ProcessId","#text":"5176"},{"@Name":"Image","#text":"C:\Program Files\Malwarebytes\Anti-Malware\ig.exe"},{"@Name":"User","#text":"SERVER002\lplui"}]}}}
{"Event":{"System":{"Provider":{"@Name":"Microsoft-Windows-Sysmon","@Guid":"5770385f-c22a-43e0-bf4c-06f5698ffbd9"},"EventID":"1","Version":"5","Level":"4","Task":"1","Opcode":"0","Keywords":"10000","TimeCreated":{"@SystemTime":"2025-04-22 13:51:43.2202370"},"EventRecordID":"36791","Correlation":null,"Execution":{"@ProcessID":"2984","@ThreadID":"4008"},"Channel":"Microsoft-Windows-Sysmon/Operational","Computer":"Server002","Security":{"@UserID":"S-1-5-18"}},"EventData":{"Data":[{"@Name":"RuleName","#text":"-"},{"@Name":"UtcTime","#text":"2025-04-22 13:51:42.510"},{"@Name":"ProcessGuid","#text":"dbf410b3-9eee-6807-7e00-000000003f00"},{"@Name":"ProcessId","#text":"5256"},{"@Name":"Image","#text":"C:\Windows\explorer.exe"},{"@Name":"FileVersion","#text":"10.0.19041.5678 (WinBuild.160101.0800)"},{"@Name":"Description","#text":"Windows Explorer"},{"@Name":"Product","#text":"Microsoft® Windows® Operating System"},{"@Name":"Company","#text":"Microsoft Corporation"},{"@Name":"OriginalFileName","#text":"EXPLORER.EXE"},{"@Name":"CommandLine","#text":"C:\Windows\Explorer.EXE"},{"@Name":"CurrentDirectory","#text":"C:\Windows\system32\"},{"@Name":"User","#text":"SERVER002\lplui"},{"@Name":"LogonGuid","#text":"dbf410b3-9ee4-6807-60df-030000000000"},{"@Name":"LogonId","#text":"0x3DF60"},{"@Name":"TerminalSessionId","#text":"1"},{"@Name":"IntegrityLevel","#text":"Medium"},{"@Name":"Hashes","#text":"SHA256=A7B8D6634A77B8AC872A00CF6EFB6D2F10D622E86B4547263C8041B9EE1FAED8"},{"@Name":"ParentProcessGuid","#text":"dbf410b3-9eed-6807-7b00-000000003f00"},{"@Name":"ParentProcessId","#text":"6124"},{"@Name":"ParentImage","#text":"C:\Windows\System32\userinit.exe"},{"@Name":"ParentCommandLine","#text":"C:\Windows\system32\userinit.exe"},{"@Name":"ParentUser","#text":"SERVER002\lplui"}]}}}
{"Event":{"System":{"Provider":{"@Name":"Microsoft-Windows-Sysmon","@Guid":"5770385f-c22a-43e0-bf4c-06f5698ffbd9"},"EventID":"1","Version":"5","Level":"4","Task":"1","Opcode":"0","Keywords":"10000","TimeCreated":{"@SystemTime":"2025-04-22 13:51:43.3086599"},"EventRecordID":"36792","Correlation":null,"Execution":{"@ProcessID":"2984","@ThreadID":"4008"},"Channel":"Microsoft-Windows-Sysmon/Operational","Computer":"Server002","Security":{"@UserID":"S-1-5-18"}},"EventData":{"Data":[{"@Name":"RuleName","#text":"-"},{"@Name":"UtcTime","#text":"2025-04-22 13:51:43.076"},{"@Name":"ProcessGuid","#text":"dbf410b3-9eef-6807-8000-000000003f00"},{"@Name":"ProcessId","#text":"5388"},{"@Name":"Image","#text":"C:\Program Files\Malwarebytes\Anti-Malware\ig.exe"},{"@Name":"FileVersion","#text":"1.0.4.8"},{"@Name":"Description","#text":"Malware Scanner"},{"@Name":"Product","#text":"Malwarebytes Scanner"},{"@Name":"Company","#text":"MalwareBytes"},{"@Name":"OriginalFileName","#text":"ig.exe"},{"@Name":"CommandLine","#text":"ig.exe reseed"},{"@Name":"CurrentDirectory","#text":"C:\PROGRAM FILES\MALWAREBYTES\ANTI-MALWARE\"},{"@Name":"User","#text":"SERVER002\lplui"},{"@Name":"LogonGuid","#text":"dbf410b3-9ee4-6807-60df-030000000000"},{"@Name":"LogonId","#text":"0x3DF60"},{"@Name":"TerminalSessionId","#text":"1"},{"@Name":"IntegrityLevel","#text":"Low"},{"@Name":"Hashes","#text":"SHA256=0A92734D2859491BEE271BFB8C3EBD619E89EA7E80DF3F756F248C367D7A3331"},{"@Name":"ParentProcessGuid","#text":"dbf410b3-9ede-6807-4b00-000000003f00"},{"@Name":"ParentProcessId","#text":"2332"},{"@Name":"ParentImage","#text":"C:\Program Files\Malwarebytes\Anti-Malware\MBAMService.exe"},{"@Name":"ParentCommandLine","#text":"\"C:\Program Files\Malwarebytes\Anti-Malware\MBAMService.exe\""},{"@Name":"ParentUser","#text":"NT AUTHORITY\SYSTEM"}]}}}
{"Event":{"System":{"Provider":{"@Name":"Microsoft-Windows-Sysmon","@Guid":"5770385f-c22a-43e0-bf4c-06f5698ffbd9"},"EventID":"5","Version":"3","Level":"4","Task":"5","Opcode":"0","Keywords":"10000","TimeCreated":{"@SystemTime":"2025-04-22 13:51:43.3133313"},"EventRecordID":"36793","Correlation":null,"Execution":{"@ProcessID":"2984","@ThreadID":"4008"},"Channel":"Microsoft-Windows-Sysmon/Operational","Computer":"Server002","Security":{"@UserID":"S-1-5-18"}},"EventData":{"Data":[{"@Name":"RuleName","#text":"-"},{"@Name":"UtcTime","#text":"2025-04-22 13:51:43.309"},{"@Name":"ProcessGuid","#text":"dbf410b3-9eef-6807-8000-000000003f00"},{"@Name":"ProcessId","#text":"5388"},{"@Name":"Image","#text":"C:\Program Files\Malwarebytes\Anti-Malware\ig.exe"},{"@Name":"User","#text":"SERVER002\lplui"}]}}}
{"Event":{"System":{"Provider":{"@Name":"Microsoft-Windows-Sysmon","@Guid":"5770385f-c22a-43e0-bf4c-06f5698ffbd9"},"EventID":"1","Version":"5","Level":"4","Task":"1","Opcode":"0","Keywords":"10000","TimeCreated":{"@SystemTime":"2025-04-22 13:51:43.6031805"},"EventRecordID":"36794","Correlation":null,"Execution":{"@ProcessID":"2984","@ThreadID":"4008"},"Channel":"Microsoft-Windows-Sysmon/Operational","Computer":"Server002","Security":{"@UserID":"S-1-5-18"}},"EventData":{"Data":[{"@Name":"RuleName","#text":"-"},{"@Name":"UtcTime","#text":"2025-04-22 13:51:43.396"},{"@Name":"ProcessGuid","#text":"dbf410b3-9eef-6807-8100-000000003f00"},{"@Name":"ProcessId","#text":"5684"},{"@Name":"Image","#text":"C:\Program Files\Malwarebytes\Anti-Malware\ig.exe"},{"@Name":"FileVersion","#text":"1.0.4.8"},{"@Name":"Description","#text":"Malware Scanner"},{"@Name":"Product","#text":"Malwarebytes Scanner"},{"@Name":"Company","#text":"MalwareBytes"},{"@Name":"OriginalFileName","#text":"ig.exe"},{"@Name":"CommandLine","#text":"ig.exe reseed"},{"@Name":"CurrentDirectory","#text":"C:\PROGRAM FILES\MALWAREBYTES\ANTI-MALWARE\"},{"@Name":"User","#text":"SERVER002\lplui"},{"@Name":"LogonGuid","#text":"dbf410b3-9ee4-6807-60df-030000000000"},{"@Name":"LogonId","#text":"0x3DF60"},{"@Name":"TerminalSessionId","#text":"1"},{"@Name":"IntegrityLevel","#text":"Low"},{"@Name":"Hashes","#text":"SHA256=0A92734D2859491BEE271BFB8C3EBD619E89EA7E80DF3F756F248C367D7A3331"},{"@Name":"ParentProcessGuid","#text":"dbf410b3-9ede-6807-4b00-000000003f00"},{"@Name":"ParentProcessId","#text":"2332"},{"@Name":"ParentImage","#text":"C:\Program Files\Malwarebytes\Anti-Malware\MBAMService.exe"},{"@Name":"ParentCommandLine","#text":"\"C:\Program Files\Malwarebytes\Anti-Malware\MBAMService.exe\""},{"@Name":"ParentUser","#text":"NT AUTHORITY\SYSTEM"}]}}}
{"Event":{"System":{"Provider":{"@Name":"Microsoft-Windows-Sysmon","@Guid":"5770385f-c22a-43e0-bf4c-06f5698ffbd9"},"EventID":"5","Version":"3","Level":"4","Task":"5","Opcode":"0","Keywords":"10000","TimeCreated":{"@SystemTime":"2025-04-22 13:51:43.6061230"},"EventRecordID":"36795","Correlation":null,"Execution":{"@ProcessID":"2984","@ThreadID":"4008"},"Channel":"Microsoft-Windows-Sysmon/Operational","Computer":"Server002","Security":{"@UserID":"S-1-5-18"}},"EventData":{"Data":[{"@Name":"RuleName","#text":"-"},{"@Name":"UtcTime","#text":"2025-04-22 13:51:43.559"},{"@Name":"ProcessGuid","#text":"dbf410b3-9eef-6807-8100-000000003f00"},{"@Name":"ProcessId","#text":"5684"},{"@Name":"Image","#text":"C:\Program Files\Malwarebytes\Anti-Malware\ig.exe"},{"@Name":"User","#text":"SERVER002\lplui"}]}}}
{"Event":{"System":{"Provider":{"@Name":"Microsoft-Windows-Sysmon","@Guid":"5770385f-c22a-43e0-bf4c-06f5698ffbd9"},"EventID":"1","Version":"5","Level":"4","Task":"1","Opcode":"0","Keywords":"10000","TimeCreated":{"@SystemTime":"2025-04-22 13:51:43.6905702"},"EventRecordID":"36796","Correlation":null,"Execution":{"@ProcessID":"2984","@ThreadID":"4008"},"Channel":"Microsoft-Windows-Sysmon/Operational","Computer":"Server002","Security":{"@UserID":"S-1-5-18"}},"EventData":{"Data":[{"@Name":"RuleName","#text":"-"},{"@Name":"UtcTime","#text":"2025-04-22 13:51:43.645"},{"@Name":"ProcessGuid","#text":"dbf410b3-9eef-6807-8300-000000003f00"},{"@Name":"ProcessId","#text":"5920"},{"@Name":"Image","#text":"C:\Windows\System32\svchost.exe"},{"@Name":"FileVersion","#text":"10.0.19041.4355 (WinBuild.160101.0800)"},{"@Name":"Description","#text":"Host Process for Windows Services"},{"@Name":"Product","#text":"Microsoft® Windows® Operating System"},{"@Name":"Company","#text":"Microsoft Corporation"},{"@Name":"OriginalFileName","#text":"svchost.exe"},{"@Name":"CommandLine","#text":"C:\Windows\system32\svchost.exe -k LocalSystemNetworkRestricted -p -s NgcSvc"},{"@Name":"CurrentDirectory","#text":"C:\Windows\system32\"},{"@Name":"User","#text":"NT AUTHORITY\SYSTEM"},{"@Name":"LogonGuid","#text":"dbf410b3-baf8-6807-e703-000000000000"},{"@Name":"LogonId","#text":"0x3E7"},{"@Name":"TerminalSessionId","#text":"0"},{"@Name":"IntegrityLevel","#text":"System"},{"@Name":"Hashes","#text":"SHA256=6FC3BF1FDFD76860BE782554F8D25BD32F108DB934D70F4253F1E5F23522E503"},{"@Name":"ParentProcessGuid","#text":"00000000-0000-0000-0000-000000000000"},{"@Name":"ParentProcessId","#text":"652"},{"@Name":"ParentImage","#text":"-"},{"@Name":"ParentCommandLine","#text":"-"},{"@Name":"ParentUser","#text":"-"}]}}}
{"Event":{"System":{"Provider":{"@Name":"Microsoft-Windows-Sysmon","@Guid":"5770385f-c22a-43e0-bf4c-06f5698ffbd9"},"EventID":"1","Version":"5","Level":"4","Task":"1","Opcode":"0","Keywords":"10000","TimeCreated":{"@SystemTime":"2025-04-22 13:51:43.7173354"},"EventRecordID":"36797","Correlation":null,"Execution":{"@ProcessID":"2984","@ThreadID":"4008"},"Channel":"Microsoft-Windows-Sysmon/Operational","Computer":"Server002","Security":{"@UserID":"S-1-5-18"}},"EventData":{"Data":[{"@Name":"RuleName","#text":"-"},{"@Name":"UtcTime","#text":"2025-04-22 13:51:43.613"},{"@Name":"ProcessGuid","#text":"dbf410b3-9eef-6807-8200-000000003f00"},{"@Name":"ProcessId","#text":"4004"},{"@Name":"Image","#text":"C:\Program Files\Malwarebytes\Anti-Malware\ig.exe"},{"@Name":"FileVersion","#text":"1.0.4.8"},{"@Name":"Description","#text":"Malware Scanner"},{"@Name":"Product","#text":"Malwarebytes Scanner"},{"@Name":"Company","#text":"MalwareBytes"},{"@Name":"OriginalFileName","#text":"ig.exe"},{"@Name":"CommandLine","#text":"ig.exe reseed"},{"@Name":"CurrentDirectory","#text":"C:\PROGRAM FILES\MALWAREBYTES\ANTI-MALWARE\"},{"@Name":"User","#text":"SERVER002\lplui"},{"@Name":"LogonGuid","#text":"dbf410b3-9ee4-6807-60df-030000000000"},{"@Name":"LogonId","#text":"0x3DF60"},{"@Name":"TerminalSessionId","#text":"1"},{"@Name":"IntegrityLevel","#text":"Low"},{"@Name":"Hashes","#text":"SHA256=0A92734D2859491BEE271BFB8C3EBD619E89EA7E80DF3F756F248C367D7A3331"},{"@Name":"ParentProcessGuid","#text":"dbf410b3-9ede-6807-4b00-000000003f00"},{"@Name":"ParentProcessId","#text":"2332"},{"@Name":"ParentImage","#text":"C:\Program Files\Malwarebytes\Anti-Malware\MBAMService.exe"},{"@Name":"ParentCommandLine","#text":"\"C:\Program Files\Malwarebytes\Anti-Malware\MBAMService.exe\""},{"@Name":"ParentUser","#text":"NT AUTHORITY\SYSTEM"}]}}}
{"Event":{"System":{"Provider":{"@Name":"Microsoft-Windows-Sysmon","@Guid":"5770385f-c22a-43e0-bf4c-06f5698ffbd9"},"EventID":"5","Version":"3","Level":"4","Task":"5","Opcode":"0","Keywords":"10000","TimeCreated":{"@SystemTime":"2025-04-22 13:51:43.8412993"},"EventRecordID":"36798","Correlation":null,"Execution":{"@ProcessID":"2984","@ThreadID":"4008"},"Channel":"Microsoft-Windows-Sysmon/Operational","Computer":"Server002","Security":{"@UserID":"S-1-5-18"}},"EventData":{"Data":[{"@Name":"RuleName","#text":"-"},{"@Name":"UtcTime","#text":"2025-04-22 13:51:43.766"},{"@Name":"ProcessGuid","#text":"dbf410b3-9eef-6807-8200-000000003f00"},{"@Name":"ProcessId","#text":"4004"},{"@Name":"Image","#text":"C:\Program Files\Malwarebytes\Anti-Malware\ig.exe"},{"@Name":"User","#text":"SERVER002\lplui"}]}}}
{"Event":{"System":{"Provider":{"@Name":"Microsoft-Windows-Sysmon","@Guid":"5770385f-c22a-43e0-bf4c-06f5698ffbd9"},"EventID":"1","Version":"5","Level":"4","Task":"1","Opcode":"0","Keywords":"10000","TimeCreated":{"@SystemTime":"2025-04-22 13:51:44.1656937"},"EventRecordID":"36799","Correlation":null,"Execution":{"@ProcessID":"2984","@ThreadID":"4008"},"Channel":"Microsoft-Windows-Sysmon/Operational","Computer":"Server002","Security":{"@UserID":"S-1-5-18"}},"EventData":{"Data":[{"@Name":"RuleName","#text":"-"},{"@Name":"UtcTime","#text":"2025-04-22 13:51:43.954"},{"@Name":"ProcessGuid","#text":"dbf410b3-9eef-6807-8400-000000003f00"},{"@Name":"ProcessId","#text":"5456"},{"@Name":"Image","#text":"C:\Program Files\Malwarebytes\Anti-Malware\ig.exe"},{"@Name":"FileVersion","#text":"1.0.4.8"},{"@Name":"Description","#text":"Malware Scanner"},{"@Name":"Product","#text":"Malwarebytes Scanner"},{"@Name":"Company","#text":"MalwareBytes"},{"@Name":"OriginalFileName","#text":"ig.exe"},{"@Name":"CommandLine","#text":"ig.exe reseed"},{"@Name":"CurrentDirectory","#text":"C:\PROGRAM FILES\MALWAREBYTES\ANTI-MALWARE\"},{"@Name":"User","#text":"SERVER002\lplui"},{"@Name":"LogonGuid","#text":"dbf410b3-9ee4-6807-60df-030000000000"},{"@Name":"LogonId","#text":"0x3DF60"},{"@Name":"TerminalSessionId","#text":"1"},{"@Name":"IntegrityLevel","#text":"Low"},{"@Name":"Hashes","#text":"SHA256=0A92734D2859491BEE271BFB8C3EBD619E89EA7E80DF3F756F248C367D7A3331"},{"@Name":"ParentProcessGuid","#text":"dbf410b3-9ede-6807-4b00-000000003f00"},{"@Name":"ParentProcessId","#text":"2332"},{"@Name":"ParentImage","#text":"C:\Program Files\Malwarebytes\Anti-Malware\MBAMService.exe"},{"@Name":"ParentCommandLine","#text":"\"C:\Program Files\Malwarebytes\Anti-Malware\MBAMService.exe\""},{"@Name":"ParentUser","#text":"NT AUTHORITY\SYSTEM"}]}}}
{"Event":{"System":{"Provider":{"@Name":"Microsoft-Windows-Sysmon","@Guid":"5770385f-c22a-43e0-bf4c-06f5698ffbd9"},"EventID":"5","Version":"3","Level":"4","Task":"5","Opcode":"0","Keywords":"10000","TimeCreated":{"@SystemTime":"2025-04-22 13:51:44.1678729"},"EventRecordID":"36800","Correlation":null,"Execution":{"@ProcessID":"2984","@ThreadID":"4008"},"Channel":"Microsoft-Windows-Sysmon/Operational","Computer":"Server002","Security":{"@UserID":"S-1-5-18"}},"EventData":{"Data":[{"@Name":"RuleName","#text":"-"},{"@Name":"UtcTime","#text":"2025-04-22 13:51:44.159"},{"@Name":"ProcessGuid","#text":"dbf410b3-9eef-6807-8400-000000003f00"},{"@Name":"ProcessId","#text":"5456"},{"@Name":"Image","#text":"C:\Program Files\Malwarebytes\Anti-Malware\ig.exe"},{"@Name":"User","#text":"SERVER002\lplui"}]}}}
{"Event":{"System":{"Provider":{"@Name":"Microsoft-Windows-Sysmon","@Guid":"5770385f-c22a-43e0-bf4c-06f5698ffbd9"},"EventID":"1","Version":"5","Level":"4","Task":"1","Opcode":"0","Keywords":"10000","TimeCreated":{"@SystemTime":"2025-04-22 13:51:44.1827869"},"EventRecordID":"36801","Correlation":null,"Execution":{"@ProcessID":"2984","@ThreadID":"4008"},"Channel":"Microsoft-Windows-Sysmon/Operational","Computer":"Server002","Security":{"@UserID":"S-1-5-18"}},"EventData":{"Data":[{"@Name":"RuleName","#text":"-"},{"@Name":"UtcTime","#text":"2025-04-22 13:51:44.137"},{"@Name":"ProcessGuid","#text":"dbf410b3-9ef0-6807-8500-000000003f00"},{"@Name":"ProcessId","#text":"5684"},{"@Name":"Image","#text":"C:\Windows\System32\svchost.exe"},{"@Name":"FileVersion","#text":"10.0.19041.4355 (WinBuild.160101.0800)"},{"@Name":"Description","#text":"Host Process for Windows Services"},{"@Name":"Product","#text":"Microsoft® Windows® Operating System"},{"@Name":"Company","#text":"Microsoft Corporation"},{"@Name":"OriginalFileName","#text":"svchost.exe"},{"@Name":"CommandLine","#text":"C:\Windows\System32\svchost.exe -k AppReadiness -p -s AppReadiness"},{"@Name":"CurrentDirectory","#text":"C:\Windows\system32\"},{"@Name":"User","#text":"NT AUTHORITY\SYSTEM"},{"@Name":"LogonGuid","#text":"dbf410b3-baf8-6807-e703-000000000000"},{"@Name":"LogonId","#text":"0x3E7"},{"@Name":"TerminalSessionId","#text":"0"},{"@Name":"IntegrityLevel","#text":"System"},{"@Name":"Hashes","#text":"SHA256=6FC3BF1FDFD76860BE782554F8D25BD32F108DB934D70F4253F1E5F23522E503"},{"@Name":"ParentProcessGuid","#text":"00000000-0000-0000-0000-000000000000"},{"@Name":"ParentProcessId","#text":"652"},{"@Name":"ParentImage","#text":"-"},{"@Name":"ParentCommandLine","#text":"-"},{"@Name":"ParentUser","#text":"-"}]}}}
{"Event":{"System":{"Provider":{"@Name":"Microsoft-Windows-Sysmon","@Guid":"5770385f-c22a-43e0-bf4c-06f5698ffbd9"},"EventID":"1","Version":"5","Level":"4","Task":"1","Opcode":"0","Keywords":"10000","TimeCreated":{"@SystemTime":"2025-04-22 13:51:44.4709221"},"EventRecordID":"36802","Correlation":null,"Execution":{"@ProcessID":"2984","@ThreadID":"4008"},"Channel":"Microsoft-Windows-Sysmon/Operational","Computer":"Server002","Security":{"@UserID":"S-1-5-18"}},"EventData":{"Data":[{"@Name":"RuleName","#text":"-"},{"@Name":"UtcTime","#text":"2025-04-22 13:51:44.204"},{"@Name":"ProcessGuid","#text":"dbf410b3-9ef0-6807-8600-000000003f00"},{"@Name":"ProcessId","#text":"5836"},{"@Name":"Image","#text":"C:\Program Files\Malwarebytes\Anti-Malware\ig.exe"},{"@Name":"FileVersion","#text":"1.0.4.8"},{"@Name":"Description","#text":"Malware Scanner"},{"@Name":"Product","#text":"Malwarebytes Scanner"},{"@Name":"Company","#text":"MalwareBytes"},{"@Name":"OriginalFileName","#text":"ig.exe"},{"@Name":"CommandLine","#text":"ig.exe reseed"},{"@Name":"CurrentDirectory","#text":"C:\PROGRAM FILES\MALWAREBYTES\ANTI-MALWARE\"},{"@Name":"User","#text":"SERVER002\lplui"},{"@Name":"LogonGuid","#text":"dbf410b3-9ee4-6807-60df-030000000000"},{"@Name":"LogonId","#text":"0x3DF60"},{"@Name":"TerminalSessionId","#text":"1"},{"@Name":"IntegrityLevel","#text":"Low"},{"@Name":"Hashes","#text":"SHA256=0A92734D2859491BEE271BFB8C3EBD619E89EA7E80DF3F756F248C367D7A3331"},{"@Name":"ParentProcessGuid","#text":"dbf410b3-9ede-6807-4b00-000000003f00"},{"@Name":"ParentProcessId","#text":"2332"},{"@Name":"ParentImage","#text":"C:\Program Files\Malwarebytes\Anti-Malware\MBAMService.exe"},{"@Name":"ParentCommandLine","#text":"\"C:\Program Files\Malwarebytes\Anti-Malware\MBAMService.exe\""},{"@Name":"ParentUser","#text":"NT AUTHORITY\SYSTEM"}]}}}
{"Event":{"System":{"Provider":{"@Name":"Microsoft-Windows-Sysmon","@Guid":"5770385f-c22a-43e0-bf4c-06f5698ffbd9"},"EventID":"5","Version":"3","Level":"4","Task":"5","Opcode":"0","Keywords":"10000","TimeCreated":{"@SystemTime":"2025-04-22 13:51:44.4777538"},"EventRecordID":"36803","Correlation":null,"Execution":{"@ProcessID":"2984","@ThreadID":"4008"},"Channel":"Microsoft-Windows-Sysmon/Operational","Computer":"Server002","Security":{"@UserID":"S-1-5-18"}},"EventData":{"Data":[{"@Name":"RuleName","#text":"-"},{"@Name":"UtcTime","#text":"2025-04-22 13:51:44.466"},{"@Name":"ProcessGuid","#text":"dbf410b3-9ef0-6807-8600-000000003f00"},{"@Name":"ProcessId","#text":"5836"},{"@Name":"Image","#text":"C:\Program Files\Malwarebytes\Anti-Malware\ig.exe"},{"@Name":"User","#text":"SERVER002\lplui"}]}}}
{"Event":{"System":{"Provider":{"@Name":"Microsoft-Windows-Sysmon","@Guid":"5770385f-c22a-43e0-bf4c-06f5698ffbd9"},"EventID":"1","Version":"5","Level":"4","Task":"1","Opcode":"0","Keywords":"10000","TimeCreated":{"@SystemTime":"2025-04-22 13:51:44.7365678"},"EventRecordID":"36804","Correlation":null,"Execution":{"@ProcessID":"2984","@ThreadID":"4008"},"Channel":"Microsoft-Windows-Sysmon/Operational","Computer":"Server002","Security":{"@UserID":"S-1-5-18"}},"EventData":{"Data":[{"@Name":"RuleName","#text":"-"},{"@Name":"UtcTime","#text":"2025-04-22 13:51:44.539"},{"@Name":"ProcessGuid","#text":"dbf410b3-9ef0-6807-8700-000000003f00"},{"@Name":"ProcessId","#text":"5840"},{"@Name":"Image","#text":"C:\Program Files\Malwarebytes\Anti-Malware\ig.exe"},{"@Name":"FileVersion","#text":"1.0.4.8"},{"@Name":"Description","#text":"Malware Scanner"},{"@Name":"Product","#text":"Malwarebytes Scanner"},{"@Name":"Company","#text":"MalwareBytes"},{"@Name":"OriginalFileName","#text":"ig.exe"},{"@Name":"CommandLine","#text":"ig.exe reseed"},{"@Name":"CurrentDirectory","#text":"C:\PROGRAM FILES\MALWAREBYTES\ANTI-MALWARE\"},{"@Name":"User","#text":"SERVER002\lplui"},{"@Name":"LogonGuid","#text":"dbf410b3-9ee4-6807-60df-030000000000"},{"@Name":"LogonId","#text":"0x3DF60"},{"@Name":"TerminalSessionId","#text":"1"},{"@Name":"IntegrityLevel","#text":"Low"},{"@Name":"Hashes","#text":"SHA256=0A92734D2859491BEE271BFB8C3EBD619E89EA7E80DF3F756F248C367D7A3331"},{"@Name":"ParentProcessGuid","#text":"dbf410b3-9ede-6807-4b00-000000003f00"},{"@Name":"ParentProcessId","#text":"2332"},{"@Name":"ParentImage","#text":"C:\Program Files\Malwarebytes\Anti-Malware\MBAMService.exe"},{"@Name":"ParentCommandLine","#text":"\"C:\Program Files\Malwarebytes\Anti-Malware\MBAMService.exe\""},{"@Name":"ParentUser","#text":"NT AUTHORITY\SYSTEM"}]}}}
{"Event":{"System":{"Provider":{"@Name":"Microsoft-Windows-Sysmon","@Guid":"5770385f-c22a-43e0-bf4c-06f5698ffbd9"},"EventID":"5","Version":"3","Level":"4","Task":"5","Opcode":"0","Keywords":"10000","TimeCreated":{"@SystemTime":"2025-04-22 13:51:44.7428466"},"EventRecordID":"36805","Correlation":null,"Execution":{"@ProcessID":"2984","@ThreadID":"4008"},"Channel":"Microsoft-Windows-Sysmon/Operational","Computer":"Server002","Security":{"@UserID":"S-1-5-18"}},"EventData":{"Data":[{"@Name":"RuleName","#text":"-"},{"@Name":"UtcTime","#text":"2025-04-22 13:51:44.684"},{"@Name":"ProcessGuid","#text":"dbf410b3-9ef0-6807-8700-000000003f00"},{"@Name":"ProcessId","#text":"5840"},{"@Name":"Image","#text":"C:\Program Files\Malwarebytes\Anti-Malware\ig.exe"},{"@Name":"User","#text":"SERVER002\lplui"}]}}}
{"Event":{"System":{"Provider":{"@Name":"Microsoft-Windows-Sysmon","@Guid":"5770385f-c22a-43e0-bf4c-06f5698ffbd9"},"EventID":"1","Version":"5","Level":"4","Task":"1","Opcode":"0","Keywords":"10000","TimeCreated":{"@SystemTime":"2025-04-22 13:51:45.5999430"},"EventRecordID":"36806","Correlation":null,"Execution":{"@ProcessID":"2984","@ThreadID":"4008"},"Channel":"Microsoft-Windows-Sysmon/Operational","Computer":"Server002","Security":{"@UserID":"S-1-5-18"}},"EventData":{"Data":[{"@Name":"RuleName","#text":"-"},{"@Name":"UtcTime","#text":"2025-04-22 13:51:44.669"},{"@Name":"ProcessGuid","#text":"dbf410b3-9ef0-6807-8800-000000003f00"},{"@Name":"ProcessId","#text":"6160"},{"@Name":"Image","#text":"C:\Windows\System32\svchost.exe"},{"@Name":"FileVersion","#text":"10.0.19041.4355 (WinBuild.160101.0800)"},{"@Name":"Description","#text":"Host Process for Windows Services"},{"@Name":"Product","#text":"Microsoft® Windows® Operating System"},{"@Name":"Company","#text":"Microsoft Corporation"},{"@Name":"OriginalFileName","#text":"svchost.exe"},{"@Name":"CommandLine","#text":"C:\Windows\system32\svchost.exe -k LocalServiceNetworkRestricted -p -s NgcCtnrSvc"},{"@Name":"CurrentDirectory","#text":"C:\Windows\system32\"},{"@Name":"User","#text":"NT AUTHORITY\LOCAL SERVICE"},{"@Name":"LogonGuid","#text":"dbf410b3-baf8-6807-e503-000000000000"},{"@Name":"LogonId","#text":"0x3E5"},{"@Name":"TerminalSessionId","#text":"0"},{"@Name":"IntegrityLevel","#text":"System"},{"@Name":"Hashes","#text":"SHA256=6FC3BF1FDFD76860BE782554F8D25BD32F108DB934D70F4253F1E5F23522E503"},{"@Name":"ParentProcessGuid","#text":"00000000-0000-0000-0000-000000000000"},{"@Name":"ParentProcessId","#text":"652"},{"@Name":"ParentImage","#text":"-"},{"@Name":"ParentCommandLine","#text":"-"},{"@Name":"ParentUser","#text":"-"}]}}}
{"Event":{"System":{"Provider":{"@Name":"Microsoft-Windows-Sysmon","@Guid":"5770385f-c22a-43e0-bf4c-06f5698ffbd9"},"EventID":"1","Version":"5","Level":"4","Task":"1","Opcode":"0","Keywords":"10000","TimeCreated":{"@SystemTime":"2025-04-22 13:51:45.6043661"},"EventRecordID":"36807","Correlation":null,"Execution":{"@ProcessID":"2984","@ThreadID":"4008"},"Channel":"Microsoft-Windows-Sysmon/Operational","Computer":"Server002","Security":{"@UserID":"S-1-5-18"}},"EventData":{"Data":[{"@Name":"RuleName","#text":"-"},{"@Name":"UtcTime","#text":"2025-04-22 13:51:45.006"},{"@Name":"ProcessGuid","#text":"dbf410b3-9ef1-6807-8900-000000003f00"},{"@Name":"ProcessId","#text":"6188"},{"@Name":"Image","#text":"C:\Windows\System32\svchost.exe"},{"@Name":"FileVersion","#text":"10.0.19041.4355 (WinBuild.160101.0800)"},{"@Name":"Description","#text":"Host Process for Windows Services"},{"@Name":"Product","#text":"Microsoft® Windows® Operating System"},{"@Name":"Company","#text":"Microsoft Corporation"},{"@Name":"OriginalFileName","#text":"svchost.exe"},{"@Name":"CommandLine","#text":"C:\Windows\system32\svchost.exe -k netsvcs -p -s UsoSvc"},{"@Name":"CurrentDirectory","#text":"C:\Windows\system32\"},{"@Name":"User","#text":"NT AUTHORITY\SYSTEM"},{"@Name":"LogonGuid","#text":"dbf410b3-baf8-6807-e703-000000000000"},{"@Name":"LogonId","#text":"0x3E7"},{"@Name":"TerminalSessionId","#text":"0"},{"@Name":"IntegrityLevel","#text":"System"},{"@Name":"Hashes","#text":"SHA256=6FC3BF1FDFD76860BE782554F8D25BD32F108DB934D70F4253F1E5F23522E503"},{"@Name":"ParentProcessGuid","#text":"00000000-0000-0000-0000-000000000000"},{"@Name":"ParentProcessId","#text":"652"},{"@Name":"ParentImage","#text":"-"},{"@Name":"ParentCommandLine","#text":"-"},{"@Name":"ParentUser","#text":"-"}]}}}
{"Event":{"System":{"Provider":{"@Name":"Microsoft-Windows-Sysmon","@Guid":"5770385f-c22a-43e0-bf4c-06f5698ffbd9"},"EventID":"1","Version":"5","Level":"4","Task":"1","Opcode":"0","Keywords":"10000","TimeCreated":{"@SystemTime":"2025-04-22 13:51:45.7661285"},"EventRecordID":"36808","Correlation":null,"Execution":{"@ProcessID":"2984","@ThreadID":"4008"},"Channel":"Microsoft-Windows-Sysmon/Operational","Computer":"Server002","Security":{"@UserID":"S-1-5-18"}},"EventData":{"Data":[{"@Name":"RuleName","#text":"-"},{"@Name":"UtcTime","#text":"2025-04-22 13:51:45.222"},{"@Name":"ProcessGuid","#text":"dbf410b3-9ef1-6807-8a00-000000003f00"},{"@Name":"ProcessId","#text":"6200"},{"@Name":"Image","#text":"C:\Program Files\Malwarebytes\Anti-Malware\ig.exe"},{"@Name":"FileVersion","#text":"1.0.4.8"},{"@Name":"Description","#text":"Malware Scanner"},{"@Name":"Product","#text":"Malwarebytes Scanner"},{"@Name":"Company","#text":"MalwareBytes"},{"@Name":"OriginalFileName","#text":"ig.exe"},{"@Name":"CommandLine","#text":"ig.exe reseed"},{"@Name":"CurrentDirectory","#text":"C:\PROGRAM FILES\MALWAREBYTES\ANTI-MALWARE\"},{"@Name":"User","#text":"SERVER002\lplui"},{"@Name":"LogonGuid","#text":"dbf410b3-9ee4-6807-60df-030000000000"},{"@Name":"LogonId","#text":"0x3DF60"},{"@Name":"TerminalSessionId","#text":"1"},{"@Name":"IntegrityLevel","#text":"Low"},{"@Name":"Hashes","#text":"SHA256=0A92734D2859491BEE271BFB8C3EBD619E89EA7E80DF3F756F248C367D7A3331"},{"@Name":"ParentProcessGuid","#text":"dbf410b3-9ede-6807-4b00-000000003f00"},{"@Name":"ParentProcessId","#text":"2332"},{"@Name":"ParentImage","#text":"C:\Program Files\Malwarebytes\Anti-Malware\MBAMService.exe"},{"@Name":"ParentCommandLine","#text":"\"C:\Program Files\Malwarebytes\Anti-Malware\MBAMService.exe\""},{"@Name":"ParentUser","#text":"NT AUTHORITY\SYSTEM"}]}}}
{"Event":{"System":{"Provider":{"@Name":"Microsoft-Windows-Sysmon","@Guid":"5770385f-c22a-43e0-bf4c-06f5698ffbd9"},"EventID":"5","Version":"3","Level":"4","Task":"5","Opcode":"0","Keywords":"10000","TimeCreated":{"@SystemTime":"2025-04-22 13:51:45.7673626"},"EventRecordID":"36809","Correlation":null,"Execution":{"@ProcessID":"2984","@ThreadID":"4008"},"Channel":"Microsoft-Windows-Sysmon/Operational","Computer":"Server002","Security":{"@UserID":"S-1-5-18"}},"EventData":{"Data":[{"@Name":"RuleName","#text":"-"},{"@Name":"UtcTime","#text":"2025-04-22 13:51:45.723"},{"@Name":"ProcessGuid","#text":"dbf410b3-9ef1-6807-8a00-000000003f00"},{"@Name":"ProcessId","#text":"6200"},{"@Name":"Image","#text":"C:\Program Files\Malwarebytes\Anti-Malware\ig.exe"},{"@Name":"User","#text":"SERVER002\lplui"}]}}}
{"Event":{"System":{"Provider":{"@Name":"Microsoft-Windows-Sysmon","@Guid":"5770385f-c22a-43e0-bf4c-06f5698ffbd9"},"EventID":"1","Version":"5","Level":"4","Task":"1","Opcode":"0","Keywords":"10000","TimeCreated":{"@SystemTime":"2025-04-22 13:51:46.4531678"},"EventRecordID":"36810","Correlation":null,"Execution":{"@ProcessID":"2984","@ThreadID":"4008"},"Channel":"Microsoft-Windows-Sysmon/Operational","Computer":"Server002","Security":{"@UserID":"S-1-5-18"}},"EventData":{"Data":[{"@Name":"RuleName","#text":"-"},{"@Name":"UtcTime","#text":"2025-04-22 13:51:46.191"},{"@Name":"ProcessGuid","#text":"dbf410b3-9ef2-6807-8b00-000000003f00"},{"@Name":"ProcessId","#text":"6300"},{"@Name":"Image","#text":"C:\Program Files\Malwarebytes\Anti-Malware\ig.exe"},{"@Name":"FileVersion","#text":"1.0.4.8"},{"@Name":"Description","#text":"Malware Scanner"},{"@Name":"Product","#text":"Malwarebytes Scanner"},{"@Name":"Company","#text":"MalwareBytes"},{"@Name":"OriginalFileName","#text":"ig.exe"},{"@Name":"CommandLine","#text":"ig.exe reseed"},{"@Name":"CurrentDirectory","#text":"C:\PROGRAM FILES\MALWAREBYTES\ANTI-MALWARE\"},{"@Name":"User","#text":"SERVER002\lplui"},{"@Name":"LogonGuid","#text":"dbf410b3-9ee4-6807-60df-030000000000"},{"@Name":"LogonId","#text":"0x3DF60"},{"@Name":"TerminalSessionId","#text":"1"},{"@Name":"IntegrityLevel","#text":"Low"},{"@Name":"Hashes","#text":"SHA256=0A92734D2859491BEE271BFB8C3EBD619E89EA7E80DF3F756F248C367D7A3331"},{"@Name":"ParentProcessGuid","#text":"dbf410b3-9ede-6807-4b00-000000003f00"},{"@Name":"ParentProcessId","#text":"2332"},{"@Name":"ParentImage","#text":"C:\Program Files\Malwarebytes\Anti-Malware\MBAMService.exe"},{"@Name":"ParentCommandLine","#text":"\"C:\Program Files\Malwarebytes\Anti-Malware\MBAMService.exe\""},{"@Name":"ParentUser","#text":"NT AUTHORITY\SYSTEM"}]}}}
