{"Event":{"System":{"Provider":{"@Name":"Microsoft-Windows-WindowsUpdateClient","@Guid":"945a8954-c147-4acd-923f-40c45405a658"},"EventID":"44","Version":"1","Level":"4","Task":"1","Opcode":"12","Keywords":"12004","TimeCreated":{"@SystemTime":"2025-05-01 06:11:08.4544405"},"EventRecordID":"5567","Correlation":null,"Execution":{"@ProcessID":"10600","@ThreadID":"8216"},"Channel":"System","Computer":"Server002","Security":{"@UserID":"S-1-5-18"}},"EventData":{"Data":[{"@Name":"updateTitle","#text":"9WZDNCRFJ3PR-MICROSOFT.WINDOWSALARMS"},{"@Name":"updateGuid","#text":"956cd5a3-5d32-4972-8e6b-29c90b712ea5"},{"@Name":"updateRevisionNumber","#text":"1"}]}}}
{"Event":{"System":{"Provider":{"@Name":"Microsoft-Windows-WindowsUpdateClient","@Guid":"945a8954-c147-4acd-923f-40c45405a658"},"EventID":"44","Version":"1","Level":"4","Task":"1","Opcode":"12","Keywords":"12004","TimeCreated":{"@SystemTime":"2025-05-01 06:11:08.4544417"},"EventRecordID":"5568","Correlation":null,"Execution":{"@ProcessID":"10600","@ThreadID":"8216"},"Channel":"System","Computer":"Server002","Security":{"@UserID":"S-1-5-18"}},"EventData":{"Data":[{"@Name":"updateTitle","#text":"9NFFX4SZZ23L-Microsoft.549981C3F5F10"},{"@Name":"updateGuid","#text":"bd9ab7f6-d463-4c47-b356-5d2bd6a54ffc"},{"@Name":"updateRevisionNumber","#text":"1"}]}}}
{"Event":{"System":{"Provider":{"@Name":"Microsoft-Windows-WindowsUpdateClient","@Guid":"945a8954-c147-4acd-923f-40c45405a658"},"EventID":"44","Version":"1","Level":"4","Task":"1","Opcode":"12","Keywords":"12004","TimeCreated":{"@SystemTime":"2025-05-01 06:11:08.4544438"},"EventRecordID":"5569","Correlation":null,"Execution":{"@ProcessID":"10600","@ThreadID":"8216"},"Channel":"System","Computer":"Server002","Security":{"@UserID":"S-1-5-18"}},"EventData":{"Data":[{"@Name":"updateTitle","#text":"9NBLGGH4RV3K-Microsoft.VCLibs.140.00.UWPDesktop"},{"@Name":"updateGuid","#text":"fcdd3b59-f41c-4595-b36b-245bacb749e8"},{"@Name":"updateRevisionNumber","#text":"1"}]}}}
{"Event":{"System":{"Provider":{"@Name":"Microsoft-Windows-WindowsUpdateClient","@Guid":"945a8954-c147-4acd-923f-40c45405a658"},"EventID":"44","Version":"1","Level":"4","Task":"1","Opcode":"12","Keywords":"12004","TimeCreated":{"@SystemTime":"2025-05-01 06:11:08.4544449"},"EventRecordID":"5570","Correlation":null,"Execution":{"@ProcessID":"10600","@ThreadID":"8216"},"Channel":"System","Computer":"Server002","Security":{"@UserID":"S-1-5-18"}},"EventData":{"Data":[{"@Name":"updateTitle","#text":"9NKSQGP7F2NH-5319275A.WhatsAppDesktop"},{"@Name":"updateGuid","#text":"5ee68d6e-49db-429c-9088-e144f71db09f"},{"@Name":"updateRevisionNumber","#text":"1"}]}}}
{"Event":{"System":{"Provider":{"@Name":"Microsoft-Windows-WindowsUpdateClient","@Guid":"945a8954-c147-4acd-923f-40c45405a658"},"EventID":"44","Version":"1","Level":"4","Task":"1","Opcode":"12","Keywords":"12004","TimeCreated":{"@SystemTime":"2025-05-01 06:11:08.4544460"},"EventRecordID":"5571","Correlation":null,"Execution":{"@ProcessID":"10600","@ThreadID":"8216"},"Channel":"System","Computer":"Server002","Security":{"@UserID":"S-1-5-18"}},"EventData":{"Data":[{"@Name":"updateTitle","#text":"9WZDNCRFJ3PR-MICROSOFT.WINDOWSALARMS"},{"@Name":"updateGuid","#text":"956cd5a3-5d32-4972-8e6b-29c90b712ea5"},{"@Name":"updateRevisionNumber","#text":"1"}]}}}
{"Event":{"System":{"Provider":{"@Name":"Microsoft-Windows-WindowsUpdateClient","@Guid":"945a8954-c147-4acd-923f-40c45405a658"},"EventID":"44","Version":"1","Level":"4","Task":"1","Opcode":"12","Keywords":"12004","TimeCreated":{"@SystemTime":"2025-05-01 06:11:15.3798915"},"EventRecordID":"5572","Correlation":null,"Execution":{"@ProcessID":"10600","@ThreadID":"8216"},"Channel":"System","Computer":"Server002","Security":{"@UserID":"S-1-5-18"}},"EventData":{"Data":[{"@Name":"updateTitle","#text":"9NFFX4SZZ23L-Microsoft.549981C3F5F10"},{"@Name":"updateGuid","#text":"bd9ab7f6-d463-4c47-b356-5d2bd6a54ffc"},{"@Name":"updateRevisionNumber","#text":"1"}]}}}
{"Event":{"System":{"Provider":{"@Name":"Microsoft-Windows-WindowsUpdateClient","@Guid":"945a8954-c147-4acd-923f-40c45405a658"},"EventID":"44","Version":"1","Level":"4","Task":"1","Opcode":"12","Keywords":"12004","TimeCreated":{"@SystemTime":"2025-05-01 06:11:15.3798942"},"EventRecordID":"5573","Correlation":null,"Execution":{"@ProcessID":"10600","@ThreadID":"8216"},"Channel":"System","Computer":"Server002","Security":{"@UserID":"S-1-5-18"}},"EventData":{"Data":[{"@Name":"updateTitle","#text":"9NBLGGH3FRZM-Microsoft.VCLibs.140.00"},{"@Name":"updateGuid","#text":"7c4b0956-b3f1-40ac-a633-668abc5d6af2"},{"@Name":"updateRevisionNumber","#text":"1"}]}}}
{"Event":{"System":{"Provider":{"@Name":"Microsoft-Windows-WindowsUpdateClient","@Guid":"945a8954-c147-4acd-923f-40c45405a658"},"EventID":"44","Version":"1","Level":"4","Task":"1","Opcode":"12","Keywords":"12004","TimeCreated":{"@SystemTime":"2025-05-01 06:11:15.3798965"},"EventRecordID":"5574","Correlation":null,"Execution":{"@ProcessID":"10600","@ThreadID":"8216"},"Channel":"System","Computer":"Server002","Security":{"@UserID":"S-1-5-18"}},"EventData":{"Data":[{"@Name":"updateTitle","#text":"9NKSQGP7F2NH-5319275A.WhatsAppDesktop"},{"@Name":"updateGuid","#text":"5ee68d6e-49db-429c-9088-e144f71db09f"},{"@Name":"updateRevisionNumber","#text":"1"}]}}}
{"Event":{"System":{"Provider":{"@Name":"Microsoft-Windows-WindowsUpdateClient","@Guid":"945a8954-c147-4acd-923f-40c45405a658"},"EventID":"44","Version":"1","Level":"4","Task":"1","Opcode":"12","Keywords":"12004","TimeCreated":{"@SystemTime":"2025-05-01 06:11:15.3798975"},"EventRecordID":"5575","Correlation":null,"Execution":{"@ProcessID":"10600","@ThreadID":"8216"},"Channel":"System","Computer":"Server002","Security":{"@UserID":"S-1-5-18"}},"EventData":{"Data":[{"@Name":"updateTitle","#text":"9WZDNCRFJ3PR-MICROSOFT.WINDOWSALARMS"},{"@Name":"updateGuid","#text":"956cd5a3-5d32-4972-8e6b-29c90b712ea5"},{"@Name":"updateRevisionNumber","#text":"1"}]}}}
{"Event":{"System":{"Provider":{"@Name":"Microsoft-Windows-WindowsUpdateClient","@Guid":"945a8954-c147-4acd-923f-40c45405a658"},"EventID":"44","Version":"1","Level":"4","Task":"1","Opcode":"12","Keywords":"12004","TimeCreated":{"@SystemTime":"2025-05-01 06:11:15.3798989"},"EventRecordID":"5576","Correlation":null,"Execution":{"@ProcessID":"10600","@ThreadID":"8216"},"Channel":"System","Computer":"Server002","Security":{"@UserID":"S-1-5-18"}},"EventData":{"Data":[{"@Name":"updateTitle","#text":"9NFFX4SZZ23L-Microsoft.549981C3F5F10"},{"@Name":"updateGuid","#text":"bd9ab7f6-d463-4c47-b356-5d2bd6a54ffc"},{"@Name":"updateRevisionNumber","#text":"1"}]}}}
