{"Event":{"System":{"Provider":{"@Name":"Microsoft-Windows-Sysmon","@Guid":"5770385f-c22a-43e0-bf4c-06f5698ffbd9"},"EventID":"1","Version":"5","Level":"4","Task":"1","Opcode":"0","Keywords":"0x8000000000000000","TimeCreated":{"@SystemTime":"2025-04-16 16:15:01.9641230"},"EventRecordID":"19346","Correlation":null,"Execution":{"@ProcessID":"3004","@ThreadID":"3384"},"Channel":"Microsoft-Windows-Sysmon/Operational","Computer":"Server002","Security":{"@UserID":"S-1-5-18"}},"EventData":{"Data":[{"@Name":"RuleName","#text":"-"},{"@Name":"UtcTime","#text":"2025-04-16 16:15:01.959"},{"@Name":"ProcessGuid","#text":"dbf410b3-d785-67ff-a003-000000003900"},{"@Name":"ProcessId","#text":"9700"},{"@Name":"Image","#text":"C:\Windows\System32\conhost.exe"},{"@Name":"FileVersion","#text":"10.0.19041.4355 (WinBuild.160101.0800)"},{"@Name":"Description","#text":"Console Window Host"},{"@Name":"Product","#text":"Microsoft® Windows® Operating System"},{"@Name":"Company","#text":"Microsoft Corporation"},{"@Name":"OriginalFileName","#text":"CONHOST.EXE"},{"@Name":"CommandLine","#text":"\??\C:\Windows\system32\conhost.exe 0xffffffff -ForceV1"},{"@Name":"CurrentDirectory","#text":"C:\Windows"},{"@Name":"User","#text":"NT AUTHORITY\SYSTEM"},{"@Name":"LogonGuid","#text":"dbf410b3-e84c-67ff-e703-000000000000"},{"@Name":"LogonId","#text":"0x3E7"},{"@Name":"TerminalSessionId","#text":"0"},{"@Name":"IntegrityLevel","#text":"System"},{"@Name":"Hashes","#text":"SHA256=CC0A60CD15FA21E54615E46CD0F10CFBE86F496DC64D14B31D9F3B415D120EE1"},{"@Name":"ParentProcessGuid","#text":"dbf410b3-d785-67ff-9f03-000000003900"},{"@Name":"ParentProcessId","#text":"9692"},{"@Name":"ParentImage","#text":"C:\Windows\Microsoft.NET\Framework\v4.0.30319\ngen.exe"},{"@Name":"ParentCommandLine","#text":"C:\Windows\Microsoft.NET\Framework\v4.0.30319\ngen.exe install \"Microsoft.VisualStudio.Tools.Applications.Contract.v9.0, Version=9.0.0.0, Culture=neutral, PublicKeyToken=B03F5F7F11D50A3A\" /queue:3 /NoDependencies"},{"@Name":"ParentUser","#text":"NT AUTHORITY\SYSTEM"}]}}}
{"Event":{"System":{"Provider":{"@Name":"Microsoft-Windows-Sysmon","@Guid":"5770385f-c22a-43e0-bf4c-06f5698ffbd9"},"EventID":"5","Version":"3","Level":"4","Task":"5","Opcode":"0","Keywords":"0x8000000000000000","TimeCreated":{"@SystemTime":"2025-04-16 16:15:02.1629891"},"EventRecordID":"19347","Correlation":null,"Execution":{"@ProcessID":"3004","@ThreadID":"3384"},"Channel":"Microsoft-Windows-Sysmon/Operational","Computer":"Server002","Security":{"@UserID":"S-1-5-18"}},"EventData":{"Data":[{"@Name":"RuleName","#text":"-"},{"@Name":"UtcTime","#text":"2025-04-16 16:15:02.157"},{"@Name":"ProcessGuid","#text":"dbf410b3-d785-67ff-9f03-000000003900"},{"@Name":"ProcessId","#text":"9692"},{"@Name":"Image","#text":"C:\Windows\Microsoft.NET\Framework\v4.0.30319\ngen.exe"},{"@Name":"User","#text":"NT AUTHORITY\SYSTEM"}]}}}
{"Event":{"System":{"Provider":{"@Name":"Microsoft-Windows-Sysmon","@Guid":"5770385f-c22a-43e0-bf4c-06f5698ffbd9"},"EventID":"1","Version":"5","Level":"4","Task":"1","Opcode":"0","Keywords":"0x8000000000000000","TimeCreated":{"@SystemTime":"2025-04-16 16:15:02.1986681"},"EventRecordID":"19348","Correlation":null,"Execution":{"@ProcessID":"3004","@ThreadID":"3384"},"Channel":"Microsoft-Windows-Sysmon/Operational","Computer":"Server002","Security":{"@UserID":"S-1-5-18"}},"EventData":{"Data":[{"@Name":"RuleName","#text":"-"},{"@Name":"UtcTime","#text":"2025-04-16 16:15:02.176"},{"@Name":"ProcessGuid","#text":"dbf410b3-d786-67ff-a103-000000003900"},{"@Name":"ProcessId","#text":"10192"},{"@Name":"Image","#text":"C:\Windows\Microsoft.NET\Framework64\v4.0.30319\ngen.exe"},{"@Name":"FileVersion","#text":"4.8.9093.0 built by: NET481REL1LAST_C"},{"@Name":"Description","#text":"Microsoft Common Language Runtime native compiler"},{"@Name":"Product","#text":"Microsoft® .NET Framework"},{"@Name":"Company","#text":"Microsoft Corporation"},{"@Name":"OriginalFileName","#text":"ngen.exe"},{"@Name":"CommandLine","#text":"C:\Windows\Microsoft.NET\Framework64\v4.0.30319\ngen.exe install \"Microsoft.VisualStudio.Tools.Applications.Contract.v9.0, Version=9.0.0.0, Culture=neutral, PublicKeyToken=B03F5F7F11D50A3A\" /queue:3 /NoDependencies"},{"@Name":"CurrentDirectory","#text":"C:\Windows\SysWOW64\"},{"@Name":"User","#text":"NT AUTHORITY\SYSTEM"},{"@Name":"LogonGuid","#text":"dbf410b3-e84c-67ff-e703-000000000000"},{"@Name":"LogonId","#text":"0x3E7"},{"@Name":"TerminalSessionId","#text":"0"},{"@Name":"IntegrityLevel","#text":"System"},{"@Name":"Hashes","#text":"SHA256=E6AEFA5D91A23AAD8E7B9A7DB0D3BE218410086AD4D73471ED260980156418C7"},{"@Name":"ParentProcessGuid","#text":"dbf410b3-d52c-67ff-1803-000000003900"},{"@Name":"ParentProcessId","#text":"10736"},{"@Name":"ParentImage","#text":"C:\Windows\SysWOW64\msiexec.exe"},{"@Name":"ParentCommandLine","#text":"C:\Windows\syswow64\MsiExec.exe -Embedding 736BA180042A555A884F93AEB3F4F684 E Global\MSI0000"},{"@Name":"ParentUser","#text":"NT AUTHORITY\SYSTEM"}]}}}
{"Event":{"System":{"Provider":{"@Name":"Microsoft-Windows-Sysmon","@Guid":"5770385f-c22a-43e0-bf4c-06f5698ffbd9"},"EventID":"5","Version":"3","Level":"4","Task":"5","Opcode":"0","Keywords":"0x8000000000000000","TimeCreated":{"@SystemTime":"2025-04-16 16:15:02.1987123"},"EventRecordID":"19349","Correlation":null,"Execution":{"@ProcessID":"3004","@ThreadID":"3384"},"Channel":"Microsoft-Windows-Sysmon/Operational","Computer":"Server002","Security":{"@UserID":"S-1-5-18"}},"EventData":{"Data":[{"@Name":"RuleName","#text":"-"},{"@Name":"UtcTime","#text":"2025-04-16 16:15:02.189"},{"@Name":"ProcessGuid","#text":"dbf410b3-d785-67ff-a003-000000003900"},{"@Name":"ProcessId","#text":"9700"},{"@Name":"Image","#text":"C:\Windows\System32\conhost.exe"},{"@Name":"User","#text":"NT AUTHORITY\SYSTEM"}]}}}
{"Event":{"System":{"Provider":{"@Name":"Microsoft-Windows-Sysmon","@Guid":"5770385f-c22a-43e0-bf4c-06f5698ffbd9"},"EventID":"1","Version":"5","Level":"4","Task":"1","Opcode":"0","Keywords":"0x8000000000000000","TimeCreated":{"@SystemTime":"2025-04-16 16:15:02.2331158"},"EventRecordID":"19350","Correlation":null,"Execution":{"@ProcessID":"3004","@ThreadID":"3384"},"Channel":"Microsoft-Windows-Sysmon/Operational","Computer":"Server002","Security":{"@UserID":"S-1-5-18"}},"EventData":{"Data":[{"@Name":"RuleName","#text":"-"},{"@Name":"UtcTime","#text":"2025-04-16 16:15:02.219"},{"@Name":"ProcessGuid","#text":"dbf410b3-d786-67ff-a203-000000003900"},{"@Name":"ProcessId","#text":"4696"},{"@Name":"Image","#text":"C:\Windows\System32\conhost.exe"},{"@Name":"FileVersion","#text":"10.0.19041.4355 (WinBuild.160101.0800)"},{"@Name":"Description","#text":"Console Window Host"},{"@Name":"Product","#text":"Microsoft® Windows® Operating System"},{"@Name":"Company","#text":"Microsoft Corporation"},{"@Name":"OriginalFileName","#text":"CONHOST.EXE"},{"@Name":"CommandLine","#text":"\??\C:\Windows\system32\conhost.exe 0xffffffff -ForceV1"},{"@Name":"CurrentDirectory","#text":"C:\Windows"},{"@Name":"User","#text":"NT AUTHORITY\SYSTEM"},{"@Name":"LogonGuid","#text":"dbf410b3-e84c-67ff-e703-000000000000"},{"@Name":"LogonId","#text":"0x3E7"},{"@Name":"TerminalSessionId","#text":"0"},{"@Name":"IntegrityLevel","#text":"System"},{"@Name":"Hashes","#text":"SHA256=CC0A60CD15FA21E54615E46CD0F10CFBE86F496DC64D14B31D9F3B415D120EE1"},{"@Name":"ParentProcessGuid","#text":"dbf410b3-d786-67ff-a103-000000003900"},{"@Name":"ParentProcessId","#text":"10192"},{"@Name":"ParentImage","#text":"C:\Windows\Microsoft.NET\Framework64\v4.0.30319\ngen.exe"},{"@Name":"ParentCommandLine","#text":"C:\Windows\Microsoft.NET\Framework64\v4.0.30319\ngen.exe install \"Microsoft.VisualStudio.Tools.Applications.Contract.v9.0, Version=9.0.0.0, Culture=neutral, PublicKeyToken=B03F5F7F11D50A3A\" /queue:3 /NoDependencies"},{"@Name":"ParentUser","#text":"NT AUTHORITY\SYSTEM"}]}}}
{"Event":{"System":{"Provider":{"@Name":"Microsoft-Windows-Sysmon","@Guid":"5770385f-c22a-43e0-bf4c-06f5698ffbd9"},"EventID":"5","Version":"3","Level":"4","Task":"5","Opcode":"0","Keywords":"0x8000000000000000","TimeCreated":{"@SystemTime":"2025-04-16 16:15:02.5526025"},"EventRecordID":"19351","Correlation":null,"Execution":{"@ProcessID":"3004","@ThreadID":"3384"},"Channel":"Microsoft-Windows-Sysmon/Operational","Computer":"Server002","Security":{"@UserID":"S-1-5-18"}},"EventData":{"Data":[{"@Name":"RuleName","#text":"-"},{"@Name":"UtcTime","#text":"2025-04-16 16:15:02.550"},{"@Name":"ProcessGuid","#text":"dbf410b3-d786-67ff-a103-000000003900"},{"@Name":"ProcessId","#text":"10192"},{"@Name":"Image","#text":"C:\Windows\Microsoft.NET\Framework64\v4.0.30319\ngen.exe"},{"@Name":"User","#text":"NT AUTHORITY\SYSTEM"}]}}}
{"Event":{"System":{"Provider":{"@Name":"Microsoft-Windows-Sysmon","@Guid":"5770385f-c22a-43e0-bf4c-06f5698ffbd9"},"EventID":"5","Version":"3","Level":"4","Task":"5","Opcode":"0","Keywords":"0x8000000000000000","TimeCreated":{"@SystemTime":"2025-04-16 16:15:02.5704734"},"EventRecordID":"19352","Correlation":null,"Execution":{"@ProcessID":"3004","@ThreadID":"3384"},"Channel":"Microsoft-Windows-Sysmon/Operational","Computer":"Server002","Security":{"@UserID":"S-1-5-18"}},"EventData":{"Data":[{"@Name":"RuleName","#text":"-"},{"@Name":"UtcTime","#text":"2025-04-16 16:15:02.567"},{"@Name":"ProcessGuid","#text":"dbf410b3-d786-67ff-a203-000000003900"},{"@Name":"ProcessId","#text":"4696"},{"@Name":"Image","#text":"C:\Windows\System32\conhost.exe"},{"@Name":"User","#text":"NT AUTHORITY\SYSTEM"}]}}}
{"Event":{"System":{"Provider":{"@Name":"Microsoft-Windows-Sysmon","@Guid":"5770385f-c22a-43e0-bf4c-06f5698ffbd9"},"EventID":"1","Version":"5","Level":"4","Task":"1","Opcode":"0","Keywords":"0x8000000000000000","TimeCreated":{"@SystemTime":"2025-04-16 16:15:02.5836382"},"EventRecordID":"19353","Correlation":null,"Execution":{"@ProcessID":"3004","@ThreadID":"3384"},"Channel":"Microsoft-Windows-Sysmon/Operational","Computer":"Server002","Security":{"@UserID":"S-1-5-18"}},"EventData":{"Data":[{"@Name":"RuleName","#text":"-"},{"@Name":"UtcTime","#text":"2025-04-16 16:15:02.564"},{"@Name":"ProcessGuid","#text":"dbf410b3-d786-67ff-a303-000000003900"},{"@Name":"ProcessId","#text":"6204"},{"@Name":"Image","#text":"C:\Windows\Microsoft.NET\Framework\v4.0.30319\ngen.exe"},{"@Name":"FileVersion","#text":"4.8.9093.0 built by: NET481REL1LAST_C"},{"@Name":"Description","#text":"Microsoft Common Language Runtime native compiler"},{"@Name":"Product","#text":"Microsoft® .NET Framework"},{"@Name":"Company","#text":"Microsoft Corporation"},{"@Name":"OriginalFileName","#text":"ngen.exe"},{"@Name":"CommandLine","#text":"C:\Windows\Microsoft.NET\Framework\v4.0.30319\ngen.exe install \"Microsoft.VisualStudio.Tools.Applications.Contract.v10.0, Version=10.0.0.0, Culture=neutral, PublicKeyToken=B03F5F7F11D50A3A\" /queue:3 /NoDependencies"},{"@Name":"CurrentDirectory","#text":"C:\Windows\SysWOW64\"},{"@Name":"User","#text":"NT AUTHORITY\SYSTEM"},{"@Name":"LogonGuid","#text":"dbf410b3-e84c-67ff-e703-000000000000"},{"@Name":"LogonId","#text":"0x3E7"},{"@Name":"TerminalSessionId","#text":"0"},{"@Name":"IntegrityLevel","#text":"System"},{"@Name":"Hashes","#text":"SHA256=764B4BD62D6F2DAAC1D2FA28B5CDE02B0F33E0C3929C799BD009169BFCCC952C"},{"@Name":"ParentProcessGuid","#text":"dbf410b3-d52c-67ff-1803-000000003900"},{"@Name":"ParentProcessId","#text":"10736"},{"@Name":"ParentImage","#text":"C:\Windows\SysWOW64\msiexec.exe"},{"@Name":"ParentCommandLine","#text":"C:\Windows\syswow64\MsiExec.exe -Embedding 736BA180042A555A884F93AEB3F4F684 E Global\MSI0000"},{"@Name":"ParentUser","#text":"NT AUTHORITY\SYSTEM"}]}}}
{"Event":{"System":{"Provider":{"@Name":"Microsoft-Windows-Sysmon","@Guid":"5770385f-c22a-43e0-bf4c-06f5698ffbd9"},"EventID":"1","Version":"5","Level":"4","Task":"1","Opcode":"0","Keywords":"0x8000000000000000","TimeCreated":{"@SystemTime":"2025-04-16 16:15:02.6511683"},"EventRecordID":"19354","Correlation":null,"Execution":{"@ProcessID":"3004","@ThreadID":"3384"},"Channel":"Microsoft-Windows-Sysmon/Operational","Computer":"Server002","Security":{"@UserID":"S-1-5-18"}},"EventData":{"Data":[{"@Name":"RuleName","#text":"-"},{"@Name":"UtcTime","#text":"2025-04-16 16:15:02.613"},{"@Name":"ProcessGuid","#text":"dbf410b3-d786-67ff-a403-000000003900"},{"@Name":"ProcessId","#text":"10812"},{"@Name":"Image","#text":"C:\Windows\System32\conhost.exe"},{"@Name":"FileVersion","#text":"10.0.19041.4355 (WinBuild.160101.0800)"},{"@Name":"Description","#text":"Console Window Host"},{"@Name":"Product","#text":"Microsoft® Windows® Operating System"},{"@Name":"Company","#text":"Microsoft Corporation"},{"@Name":"OriginalFileName","#text":"CONHOST.EXE"},{"@Name":"CommandLine","#text":"\??\C:\Windows\system32\conhost.exe 0xffffffff -ForceV1"},{"@Name":"CurrentDirectory","#text":"C:\Windows"},{"@Name":"User","#text":"NT AUTHORITY\SYSTEM"},{"@Name":"LogonGuid","#text":"dbf410b3-e84c-67ff-e703-000000000000"},{"@Name":"LogonId","#text":"0x3E7"},{"@Name":"TerminalSessionId","#text":"0"},{"@Name":"IntegrityLevel","#text":"System"},{"@Name":"Hashes","#text":"SHA256=CC0A60CD15FA21E54615E46CD0F10CFBE86F496DC64D14B31D9F3B415D120EE1"},{"@Name":"ParentProcessGuid","#text":"dbf410b3-d786-67ff-a303-000000003900"},{"@Name":"ParentProcessId","#text":"6204"},{"@Name":"ParentImage","#text":"C:\Windows\Microsoft.NET\Framework\v4.0.30319\ngen.exe"},{"@Name":"ParentCommandLine","#text":"C:\Windows\Microsoft.NET\Framework\v4.0.30319\ngen.exe install \"Microsoft.VisualStudio.Tools.Applications.Contract.v10.0, Version=10.0.0.0, Culture=neutral, PublicKeyToken=B03F5F7F11D50A3A\" /queue:3 /NoDependencies"},{"@Name":"ParentUser","#text":"NT AUTHORITY\SYSTEM"}]}}}
{"Event":{"System":{"Provider":{"@Name":"Microsoft-Windows-Sysmon","@Guid":"5770385f-c22a-43e0-bf4c-06f5698ffbd9"},"EventID":"5","Version":"3","Level":"4","Task":"5","Opcode":"0","Keywords":"0x8000000000000000","TimeCreated":{"@SystemTime":"2025-04-16 16:15:02.8862234"},"EventRecordID":"19355","Correlation":null,"Execution":{"@ProcessID":"3004","@ThreadID":"3384"},"Channel":"Microsoft-Windows-Sysmon/Operational","Computer":"Server002","Security":{"@UserID":"S-1-5-18"}},"EventData":{"Data":[{"@Name":"RuleName","#text":"-"},{"@Name":"UtcTime","#text":"2025-04-16 16:15:02.874"},{"@Name":"ProcessGuid","#text":"dbf410b3-d786-67ff-a303-000000003900"},{"@Name":"ProcessId","#text":"6204"},{"@Name":"Image","#text":"C:\Windows\Microsoft.NET\Framework\v4.0.30319\ngen.exe"},{"@Name":"User","#text":"NT AUTHORITY\SYSTEM"}]}}}
{"Event":{"System":{"Provider":{"@Name":"Microsoft-Windows-Sysmon","@Guid":"5770385f-c22a-43e0-bf4c-06f5698ffbd9"},"EventID":"5","Version":"3","Level":"4","Task":"5","Opcode":"0","Keywords":"0x8000000000000000","TimeCreated":{"@SystemTime":"2025-04-16 16:15:02.9085249"},"EventRecordID":"19356","Correlation":null,"Execution":{"@ProcessID":"3004","@ThreadID":"3384"},"Channel":"Microsoft-Windows-Sysmon/Operational","Computer":"Server002","Security":{"@UserID":"S-1-5-18"}},"EventData":{"Data":[{"@Name":"RuleName","#text":"-"},{"@Name":"UtcTime","#text":"2025-04-16 16:15:02.892"},{"@Name":"ProcessGuid","#text":"dbf410b3-d786-67ff-a403-000000003900"},{"@Name":"ProcessId","#text":"10812"},{"@Name":"Image","#text":"C:\Windows\System32\conhost.exe"},{"@Name":"User","#text":"NT AUTHORITY\SYSTEM"}]}}}
{"Event":{"System":{"Provider":{"@Name":"Microsoft-Windows-Sysmon","@Guid":"5770385f-c22a-43e0-bf4c-06f5698ffbd9"},"EventID":"1","Version":"5","Level":"4","Task":"1","Opcode":"0","Keywords":"0x8000000000000000","TimeCreated":{"@SystemTime":"2025-04-16 16:15:02.9366565"},"EventRecordID":"19357","Correlation":null,"Execution":{"@ProcessID":"3004","@ThreadID":"3384"},"Channel":"Microsoft-Windows-Sysmon/Operational","Computer":"Server002","Security":{"@UserID":"S-1-5-18"}},"EventData":{"Data":[{"@Name":"RuleName","#text":"-"},{"@Name":"UtcTime","#text":"2025-04-16 16:15:02.906"},{"@Name":"ProcessGuid","#text":"dbf410b3-d786-67ff-a503-000000003900"},{"@Name":"ProcessId","#text":"10452"},{"@Name":"Image","#text":"C:\Windows\Microsoft.NET\Framework64\v4.0.30319\ngen.exe"},{"@Name":"FileVersion","#text":"4.8.9093.0 built by: NET481REL1LAST_C"},{"@Name":"Description","#text":"Microsoft Common Language Runtime native compiler"},{"@Name":"Product","#text":"Microsoft® .NET Framework"},{"@Name":"Company","#text":"Microsoft Corporation"},{"@Name":"OriginalFileName","#text":"ngen.exe"},{"@Name":"CommandLine","#text":"C:\Windows\Microsoft.NET\Framework64\v4.0.30319\ngen.exe install \"Microsoft.VisualStudio.Tools.Applications.Contract.v10.0, Version=10.0.0.0, Culture=neutral, PublicKeyToken=B03F5F7F11D50A3A\" /queue:3 /NoDependencies"},{"@Name":"CurrentDirectory","#text":"C:\Windows\SysWOW64\"},{"@Name":"User","#text":"NT AUTHORITY\SYSTEM"},{"@Name":"LogonGuid","#text":"dbf410b3-e84c-67ff-e703-000000000000"},{"@Name":"LogonId","#text":"0x3E7"},{"@Name":"TerminalSessionId","#text":"0"},{"@Name":"IntegrityLevel","#text":"System"},{"@Name":"Hashes","#text":"SHA256=E6AEFA5D91A23AAD8E7B9A7DB0D3BE218410086AD4D73471ED260980156418C7"},{"@Name":"ParentProcessGuid","#text":"dbf410b3-d52c-67ff-1803-000000003900"},{"@Name":"ParentProcessId","#text":"10736"},{"@Name":"ParentImage","#text":"C:\Windows\SysWOW64\msiexec.exe"},{"@Name":"ParentCommandLine","#text":"C:\Windows\syswow64\MsiExec.exe -Embedding 736BA180042A555A884F93AEB3F4F684 E Global\MSI0000"},{"@Name":"ParentUser","#text":"NT AUTHORITY\SYSTEM"}]}}}
{"Event":{"System":{"Provider":{"@Name":"Microsoft-Windows-Sysmon","@Guid":"5770385f-c22a-43e0-bf4c-06f5698ffbd9"},"EventID":"1","Version":"5","Level":"4","Task":"1","Opcode":"0","Keywords":"0x8000000000000000","TimeCreated":{"@SystemTime":"2025-04-16 16:15:02.9487093"},"EventRecordID":"19358","Correlation":null,"Execution":{"@ProcessID":"3004","@ThreadID":"3384"},"Channel":"Microsoft-Windows-Sysmon/Operational","Computer":"Server002","Security":{"@UserID":"S-1-5-18"}},"EventData":{"Data":[{"@Name":"RuleName","#text":"-"},{"@Name":"UtcTime","#text":"2025-04-16 16:15:02.942"},{"@Name":"ProcessGuid","#text":"dbf410b3-d786-67ff-a603-000000003900"},{"@Name":"ProcessId","#text":"5628"},{"@Name":"Image","#text":"C:\Windows\System32\conhost.exe"},{"@Name":"FileVersion","#text":"10.0.19041.4355 (WinBuild.160101.0800)"},{"@Name":"Description","#text":"Console Window Host"},{"@Name":"Product","#text":"Microsoft® Windows® Operating System"},{"@Name":"Company","#text":"Microsoft Corporation"},{"@Name":"OriginalFileName","#text":"CONHOST.EXE"},{"@Name":"CommandLine","#text":"\??\C:\Windows\system32\conhost.exe 0xffffffff -ForceV1"},{"@Name":"CurrentDirectory","#text":"C:\Windows"},{"@Name":"User","#text":"NT AUTHORITY\SYSTEM"},{"@Name":"LogonGuid","#text":"dbf410b3-e84c-67ff-e703-000000000000"},{"@Name":"LogonId","#text":"0x3E7"},{"@Name":"TerminalSessionId","#text":"0"},{"@Name":"IntegrityLevel","#text":"System"},{"@Name":"Hashes","#text":"SHA256=CC0A60CD15FA21E54615E46CD0F10CFBE86F496DC64D14B31D9F3B415D120EE1"},{"@Name":"ParentProcessGuid","#text":"dbf410b3-d786-67ff-a503-000000003900"},{"@Name":"ParentProcessId","#text":"10452"},{"@Name":"ParentImage","#text":"C:\Windows\Microsoft.NET\Framework64\v4.0.30319\ngen.exe"},{"@Name":"ParentCommandLine","#text":"C:\Windows\Microsoft.NET\Framework64\v4.0.30319\ngen.exe install \"Microsoft.VisualStudio.Tools.Applications.Contract.v10.0, Version=10.0.0.0, Culture=neutral, PublicKeyToken=B03F5F7F11D50A3A\" /queue:3 /NoDependencies"},{"@Name":"ParentUser","#text":"NT AUTHORITY\SYSTEM"}]}}}
{"Event":{"System":{"Provider":{"@Name":"Microsoft-Windows-Sysmon","@Guid":"5770385f-c22a-43e0-bf4c-06f5698ffbd9"},"EventID":"5","Version":"3","Level":"4","Task":"5","Opcode":"0","Keywords":"0x8000000000000000","TimeCreated":{"@SystemTime":"2025-04-16 16:15:03.1269470"},"EventRecordID":"19359","Correlation":null,"Execution":{"@ProcessID":"3004","@ThreadID":"3384"},"Channel":"Microsoft-Windows-Sysmon/Operational","Computer":"Server002","Security":{"@UserID":"S-1-5-18"}},"EventData":{"Data":[{"@Name":"RuleName","#text":"-"},{"@Name":"UtcTime","#text":"2025-04-16 16:15:03.116"},{"@Name":"ProcessGuid","#text":"dbf410b3-d786-67ff-a503-000000003900"},{"@Name":"ProcessId","#text":"10452"},{"@Name":"Image","#text":"C:\Windows\Microsoft.NET\Framework64\v4.0.30319\ngen.exe"},{"@Name":"User","#text":"NT AUTHORITY\SYSTEM"}]}}}
{"Event":{"System":{"Provider":{"@Name":"Microsoft-Windows-Sysmon","@Guid":"5770385f-c22a-43e0-bf4c-06f5698ffbd9"},"EventID":"1","Version":"5","Level":"4","Task":"1","Opcode":"0","Keywords":"0x8000000000000000","TimeCreated":{"@SystemTime":"2025-04-16 16:15:03.1729885"},"EventRecordID":"19360","Correlation":null,"Execution":{"@ProcessID":"3004","@ThreadID":"3384"},"Channel":"Microsoft-Windows-Sysmon/Operational","Computer":"Server002","Security":{"@UserID":"S-1-5-18"}},"EventData":{"Data":[{"@Name":"RuleName","#text":"-"},{"@Name":"UtcTime","#text":"2025-04-16 16:15:03.144"},{"@Name":"ProcessGuid","#text":"dbf410b3-d787-67ff-a703-000000003900"},{"@Name":"ProcessId","#text":"4600"},{"@Name":"Image","#text":"C:\Windows\Microsoft.NET\Framework\v4.0.30319\ngen.exe"},{"@Name":"FileVersion","#text":"4.8.9093.0 built by: NET481REL1LAST_C"},{"@Name":"Description","#text":"Microsoft Common Language Runtime native compiler"},{"@Name":"Product","#text":"Microsoft® .NET Framework"},{"@Name":"Company","#text":"Microsoft Corporation"},{"@Name":"OriginalFileName","#text":"ngen.exe"},{"@Name":"CommandLine","#text":"C:\Windows\Microsoft.NET\Framework\v4.0.30319\ngen.exe install \"Microsoft.VisualStudio.Tools.Applications.ServerDocument.v9.0, Version=9.0.0.0, Culture=neutral, PublicKeyToken=B03F5F7F11D50A3A\" /queue:3 /NoDependencies"},{"@Name":"CurrentDirectory","#text":"C:\Windows\SysWOW64\"},{"@Name":"User","#text":"NT AUTHORITY\SYSTEM"},{"@Name":"LogonGuid","#text":"dbf410b3-e84c-67ff-e703-000000000000"},{"@Name":"LogonId","#text":"0x3E7"},{"@Name":"TerminalSessionId","#text":"0"},{"@Name":"IntegrityLevel","#text":"System"},{"@Name":"Hashes","#text":"SHA256=764B4BD62D6F2DAAC1D2FA28B5CDE02B0F33E0C3929C799BD009169BFCCC952C"},{"@Name":"ParentProcessGuid","#text":"dbf410b3-d52c-67ff-1803-000000003900"},{"@Name":"ParentProcessId","#text":"10736"},{"@Name":"ParentImage","#text":"C:\Windows\SysWOW64\msiexec.exe"},{"@Name":"ParentCommandLine","#text":"C:\Windows\syswow64\MsiExec.exe -Embedding 736BA180042A555A884F93AEB3F4F684 E Global\MSI0000"},{"@Name":"ParentUser","#text":"NT AUTHORITY\SYSTEM"}]}}}
{"Event":{"System":{"Provider":{"@Name":"Microsoft-Windows-Sysmon","@Guid":"5770385f-c22a-43e0-bf4c-06f5698ffbd9"},"EventID":"5","Version":"3","Level":"4","Task":"5","Opcode":"0","Keywords":"0x8000000000000000","TimeCreated":{"@SystemTime":"2025-04-16 16:15:03.1730583"},"EventRecordID":"19361","Correlation":null,"Execution":{"@ProcessID":"3004","@ThreadID":"3384"},"Channel":"Microsoft-Windows-Sysmon/Operational","Computer":"Server002","Security":{"@UserID":"S-1-5-18"}},"EventData":{"Data":[{"@Name":"RuleName","#text":"-"},{"@Name":"UtcTime","#text":"2025-04-16 16:15:03.151"},{"@Name":"ProcessGuid","#text":"dbf410b3-d786-67ff-a603-000000003900"},{"@Name":"ProcessId","#text":"5628"},{"@Name":"Image","#text":"C:\Windows\System32\conhost.exe"},{"@Name":"User","#text":"NT AUTHORITY\SYSTEM"}]}}}
{"Event":{"System":{"Provider":{"@Name":"Microsoft-Windows-Sysmon","@Guid":"5770385f-c22a-43e0-bf4c-06f5698ffbd9"},"EventID":"1","Version":"5","Level":"4","Task":"1","Opcode":"0","Keywords":"0x8000000000000000","TimeCreated":{"@SystemTime":"2025-04-16 16:15:03.2026928"},"EventRecordID":"19362","Correlation":null,"Execution":{"@ProcessID":"3004","@ThreadID":"3384"},"Channel":"Microsoft-Windows-Sysmon/Operational","Computer":"Server002","Security":{"@UserID":"S-1-5-18"}},"EventData":{"Data":[{"@Name":"RuleName","#text":"-"},{"@Name":"UtcTime","#text":"2025-04-16 16:15:03.188"},{"@Name":"ProcessGuid","#text":"dbf410b3-d787-67ff-a803-000000003900"},{"@Name":"ProcessId","#text":"11024"},{"@Name":"Image","#text":"C:\Windows\System32\conhost.exe"},{"@Name":"FileVersion","#text":"10.0.19041.4355 (WinBuild.160101.0800)"},{"@Name":"Description","#text":"Console Window Host"},{"@Name":"Product","#text":"Microsoft® Windows® Operating System"},{"@Name":"Company","#text":"Microsoft Corporation"},{"@Name":"OriginalFileName","#text":"CONHOST.EXE"},{"@Name":"CommandLine","#text":"\??\C:\Windows\system32\conhost.exe 0xffffffff -ForceV1"},{"@Name":"CurrentDirectory","#text":"C:\Windows"},{"@Name":"User","#text":"NT AUTHORITY\SYSTEM"},{"@Name":"LogonGuid","#text":"dbf410b3-e84c-67ff-e703-000000000000"},{"@Name":"LogonId","#text":"0x3E7"},{"@Name":"TerminalSessionId","#text":"0"},{"@Name":"IntegrityLevel","#text":"System"},{"@Name":"Hashes","#text":"SHA256=CC0A60CD15FA21E54615E46CD0F10CFBE86F496DC64D14B31D9F3B415D120EE1"},{"@Name":"ParentProcessGuid","#text":"dbf410b3-d787-67ff-a703-000000003900"},{"@Name":"ParentProcessId","#text":"4600"},{"@Name":"ParentImage","#text":"C:\Windows\Microsoft.NET\Framework\v4.0.30319\ngen.exe"},{"@Name":"ParentCommandLine","#text":"C:\Windows\Microsoft.NET\Framework\v4.0.30319\ngen.exe install \"Microsoft.VisualStudio.Tools.Applications.ServerDocument.v9.0, Version=9.0.0.0, Culture=neutral, PublicKeyToken=B03F5F7F11D50A3A\" /queue:3 /NoDependencies"},{"@Name":"ParentUser","#text":"NT AUTHORITY\SYSTEM"}]}}}
{"Event":{"System":{"Provider":{"@Name":"Microsoft-Windows-Sysmon","@Guid":"5770385f-c22a-43e0-bf4c-06f5698ffbd9"},"EventID":"5","Version":"3","Level":"4","Task":"5","Opcode":"0","Keywords":"0x8000000000000000","TimeCreated":{"@SystemTime":"2025-04-16 16:15:03.4064281"},"EventRecordID":"19363","Correlation":null,"Execution":{"@ProcessID":"3004","@ThreadID":"3384"},"Channel":"Microsoft-Windows-Sysmon/Operational","Computer":"Server002","Security":{"@UserID":"S-1-5-18"}},"EventData":{"Data":[{"@Name":"RuleName","#text":"-"},{"@Name":"UtcTime","#text":"2025-04-16 16:15:03.399"},{"@Name":"ProcessGuid","#text":"dbf410b3-d787-67ff-a703-000000003900"},{"@Name":"ProcessId","#text":"4600"},{"@Name":"Image","#text":"C:\Windows\Microsoft.NET\Framework\v4.0.30319\ngen.exe"},{"@Name":"User","#text":"NT AUTHORITY\SYSTEM"}]}}}
{"Event":{"System":{"Provider":{"@Name":"Microsoft-Windows-Sysmon","@Guid":"5770385f-c22a-43e0-bf4c-06f5698ffbd9"},"EventID":"1","Version":"5","Level":"4","Task":"1","Opcode":"0","Keywords":"0x8000000000000000","TimeCreated":{"@SystemTime":"2025-04-16 16:15:03.4414514"},"EventRecordID":"19364","Correlation":null,"Execution":{"@ProcessID":"3004","@ThreadID":"3384"},"Channel":"Microsoft-Windows-Sysmon/Operational","Computer":"Server002","Security":{"@UserID":"S-1-5-18"}},"EventData":{"Data":[{"@Name":"RuleName","#text":"-"},{"@Name":"UtcTime","#text":"2025-04-16 16:15:03.412"},{"@Name":"ProcessGuid","#text":"dbf410b3-d787-67ff-a903-000000003900"},{"@Name":"ProcessId","#text":"7116"},{"@Name":"Image","#text":"C:\Windows\Microsoft.NET\Framework64\v4.0.30319\ngen.exe"},{"@Name":"FileVersion","#text":"4.8.9093.0 built by: NET481REL1LAST_C"},{"@Name":"Description","#text":"Microsoft Common Language Runtime native compiler"},{"@Name":"Product","#text":"Microsoft® .NET Framework"},{"@Name":"Company","#text":"Microsoft Corporation"},{"@Name":"OriginalFileName","#text":"ngen.exe"},{"@Name":"CommandLine","#text":"C:\Windows\Microsoft.NET\Framework64\v4.0.30319\ngen.exe install \"Microsoft.VisualStudio.Tools.Applications.ServerDocument.v9.0, Version=9.0.0.0, Culture=neutral, PublicKeyToken=B03F5F7F11D50A3A\" /queue:3 /NoDependencies"},{"@Name":"CurrentDirectory","#text":"C:\Windows\SysWOW64\"},{"@Name":"User","#text":"NT AUTHORITY\SYSTEM"},{"@Name":"LogonGuid","#text":"dbf410b3-e84c-67ff-e703-000000000000"},{"@Name":"LogonId","#text":"0x3E7"},{"@Name":"TerminalSessionId","#text":"0"},{"@Name":"IntegrityLevel","#text":"System"},{"@Name":"Hashes","#text":"SHA256=E6AEFA5D91A23AAD8E7B9A7DB0D3BE218410086AD4D73471ED260980156418C7"},{"@Name":"ParentProcessGuid","#text":"dbf410b3-d52c-67ff-1803-000000003900"},{"@Name":"ParentProcessId","#text":"10736"},{"@Name":"ParentImage","#text":"C:\Windows\SysWOW64\msiexec.exe"},{"@Name":"ParentCommandLine","#text":"C:\Windows\syswow64\MsiExec.exe -Embedding 736BA180042A555A884F93AEB3F4F684 E Global\MSI0000"},{"@Name":"ParentUser","#text":"NT AUTHORITY\SYSTEM"}]}}}
{"Event":{"System":{"Provider":{"@Name":"Microsoft-Windows-Sysmon","@Guid":"5770385f-c22a-43e0-bf4c-06f5698ffbd9"},"EventID":"5","Version":"3","Level":"4","Task":"5","Opcode":"0","Keywords":"0x8000000000000000","TimeCreated":{"@SystemTime":"2025-04-16 16:15:03.4414942"},"EventRecordID":"19365","Correlation":null,"Execution":{"@ProcessID":"3004","@ThreadID":"3384"},"Channel":"Microsoft-Windows-Sysmon/Operational","Computer":"Server002","Security":{"@UserID":"S-1-5-18"}},"EventData":{"Data":[{"@Name":"RuleName","#text":"-"},{"@Name":"UtcTime","#text":"2025-04-16 16:15:03.429"},{"@Name":"ProcessGuid","#text":"dbf410b3-d787-67ff-a803-000000003900"},{"@Name":"ProcessId","#text":"11024"},{"@Name":"Image","#text":"C:\Windows\System32\conhost.exe"},{"@Name":"User","#text":"NT AUTHORITY\SYSTEM"}]}}}
{"Event":{"System":{"Provider":{"@Name":"Microsoft-Windows-Sysmon","@Guid":"5770385f-c22a-43e0-bf4c-06f5698ffbd9"},"EventID":"1","Version":"5","Level":"4","Task":"1","Opcode":"0","Keywords":"0x8000000000000000","TimeCreated":{"@SystemTime":"2025-04-16 16:15:03.4522003"},"EventRecordID":"19366","Correlation":null,"Execution":{"@ProcessID":"3004","@ThreadID":"3384"},"Channel":"Microsoft-Windows-Sysmon/Operational","Computer":"Server002","Security":{"@UserID":"S-1-5-18"}},"EventData":{"Data":[{"@Name":"RuleName","#text":"-"},{"@Name":"UtcTime","#text":"2025-04-16 16:15:03.444"},{"@Name":"ProcessGuid","#text":"dbf410b3-d787-67ff-aa03-000000003900"},{"@Name":"ProcessId","#text":"11236"},{"@Name":"Image","#text":"C:\Windows\System32\conhost.exe"},{"@Name":"FileVersion","#text":"10.0.19041.4355 (WinBuild.160101.0800)"},{"@Name":"Description","#text":"Console Window Host"},{"@Name":"Product","#text":"Microsoft® Windows® Operating System"},{"@Name":"Company","#text":"Microsoft Corporation"},{"@Name":"OriginalFileName","#text":"CONHOST.EXE"},{"@Name":"CommandLine","#text":"\??\C:\Windows\system32\conhost.exe 0xffffffff -ForceV1"},{"@Name":"CurrentDirectory","#text":"C:\Windows"},{"@Name":"User","#text":"NT AUTHORITY\SYSTEM"},{"@Name":"LogonGuid","#text":"dbf410b3-e84c-67ff-e703-000000000000"},{"@Name":"LogonId","#text":"0x3E7"},{"@Name":"TerminalSessionId","#text":"0"},{"@Name":"IntegrityLevel","#text":"System"},{"@Name":"Hashes","#text":"SHA256=CC0A60CD15FA21E54615E46CD0F10CFBE86F496DC64D14B31D9F3B415D120EE1"},{"@Name":"ParentProcessGuid","#text":"dbf410b3-d787-67ff-a903-000000003900"},{"@Name":"ParentProcessId","#text":"7116"},{"@Name":"ParentImage","#text":"C:\Windows\Microsoft.NET\Framework64\v4.0.30319\ngen.exe"},{"@Name":"ParentCommandLine","#text":"C:\Windows\Microsoft.NET\Framework64\v4.0.30319\ngen.exe install \"Microsoft.VisualStudio.Tools.Applications.ServerDocument.v9.0, Version=9.0.0.0, Culture=neutral, PublicKeyToken=B03F5F7F11D50A3A\" /queue:3 /NoDependencies"},{"@Name":"ParentUser","#text":"NT AUTHORITY\SYSTEM"}]}}}
{"Event":{"System":{"Provider":{"@Name":"Microsoft-Windows-Sysmon","@Guid":"5770385f-c22a-43e0-bf4c-06f5698ffbd9"},"EventID":"5","Version":"3","Level":"4","Task":"5","Opcode":"0","Keywords":"0x8000000000000000","TimeCreated":{"@SystemTime":"2025-04-16 16:15:03.7494201"},"EventRecordID":"19367","Correlation":null,"Execution":{"@ProcessID":"3004","@ThreadID":"3384"},"Channel":"Microsoft-Windows-Sysmon/Operational","Computer":"Server002","Security":{"@UserID":"S-1-5-18"}},"EventData":{"Data":[{"@Name":"RuleName","#text":"-"},{"@Name":"UtcTime","#text":"2025-04-16 16:15:03.735"},{"@Name":"ProcessGuid","#text":"dbf410b3-d787-67ff-a903-000000003900"},{"@Name":"ProcessId","#text":"7116"},{"@Name":"Image","#text":"C:\Windows\Microsoft.NET\Framework64\v4.0.30319\ngen.exe"},{"@Name":"User","#text":"NT AUTHORITY\SYSTEM"}]}}}
{"Event":{"System":{"Provider":{"@Name":"Microsoft-Windows-Sysmon","@Guid":"5770385f-c22a-43e0-bf4c-06f5698ffbd9"},"EventID":"5","Version":"3","Level":"4","Task":"5","Opcode":"0","Keywords":"0x8000000000000000","TimeCreated":{"@SystemTime":"2025-04-16 16:15:03.7663843"},"EventRecordID":"19368","Correlation":null,"Execution":{"@ProcessID":"3004","@ThreadID":"3384"},"Channel":"Microsoft-Windows-Sysmon/Operational","Computer":"Server002","Security":{"@UserID":"S-1-5-18"}},"EventData":{"Data":[{"@Name":"RuleName","#text":"-"},{"@Name":"UtcTime","#text":"2025-04-16 16:15:03.753"},{"@Name":"ProcessGuid","#text":"dbf410b3-d787-67ff-aa03-000000003900"},{"@Name":"ProcessId","#text":"11236"},{"@Name":"Image","#text":"C:\Windows\System32\conhost.exe"},{"@Name":"User","#text":"NT AUTHORITY\SYSTEM"}]}}}
{"Event":{"System":{"Provider":{"@Name":"Microsoft-Windows-Sysmon","@Guid":"5770385f-c22a-43e0-bf4c-06f5698ffbd9"},"EventID":"1","Version":"5","Level":"4","Task":"1","Opcode":"0","Keywords":"0x8000000000000000","TimeCreated":{"@SystemTime":"2025-04-16 16:15:03.7801769"},"EventRecordID":"19369","Correlation":null,"Execution":{"@ProcessID":"3004","@ThreadID":"3384"},"Channel":"Microsoft-Windows-Sysmon/Operational","Computer":"Server002","Security":{"@UserID":"S-1-5-18"}},"EventData":{"Data":[{"@Name":"RuleName","#text":"-"},{"@Name":"UtcTime","#text":"2025-04-16 16:15:03.762"},{"@Name":"ProcessGuid","#text":"dbf410b3-d787-67ff-ab03-000000003900"},{"@Name":"ProcessId","#text":"4136"},{"@Name":"Image","#text":"C:\Windows\Microsoft.NET\Framework\v4.0.30319\ngen.exe"},{"@Name":"FileVersion","#text":"4.8.9093.0 built by: NET481REL1LAST_C"},{"@Name":"Description","#text":"Microsoft Common Language Runtime native compiler"},{"@Name":"Product","#text":"Microsoft® .NET Framework"},{"@Name":"Company","#text":"Microsoft Corporation"},{"@Name":"OriginalFileName","#text":"ngen.exe"},{"@Name":"CommandLine","#text":"C:\Windows\Microsoft.NET\Framework\v4.0.30319\ngen.exe install \"Microsoft.VisualStudio.Tools.Applications.ServerDocument.v10.0, Version=10.0.0.0, Culture=neutral, PublicKeyToken=B03F5F7F11D50A3A\" /queue:3 /NoDependencies"},{"@Name":"CurrentDirectory","#text":"C:\Windows\SysWOW64\"},{"@Name":"User","#text":"NT AUTHORITY\SYSTEM"},{"@Name":"LogonGuid","#text":"dbf410b3-e84c-67ff-e703-000000000000"},{"@Name":"LogonId","#text":"0x3E7"},{"@Name":"TerminalSessionId","#text":"0"},{"@Name":"IntegrityLevel","#text":"System"},{"@Name":"Hashes","#text":"SHA256=764B4BD62D6F2DAAC1D2FA28B5CDE02B0F33E0C3929C799BD009169BFCCC952C"},{"@Name":"ParentProcessGuid","#text":"dbf410b3-d52c-67ff-1803-000000003900"},{"@Name":"ParentProcessId","#text":"10736"},{"@Name":"ParentImage","#text":"C:\Windows\SysWOW64\msiexec.exe"},{"@Name":"ParentCommandLine","#text":"C:\Windows\syswow64\MsiExec.exe -Embedding 736BA180042A555A884F93AEB3F4F684 E Global\MSI0000"},{"@Name":"ParentUser","#text":"NT AUTHORITY\SYSTEM"}]}}}
{"Event":{"System":{"Provider":{"@Name":"Microsoft-Windows-Sysmon","@Guid":"5770385f-c22a-43e0-bf4c-06f5698ffbd9"},"EventID":"1","Version":"5","Level":"4","Task":"1","Opcode":"0","Keywords":"0x8000000000000000","TimeCreated":{"@SystemTime":"2025-04-16 16:15:03.7973736"},"EventRecordID":"19370","Correlation":null,"Execution":{"@ProcessID":"3004","@ThreadID":"3384"},"Channel":"Microsoft-Windows-Sysmon/Operational","Computer":"Server002","Security":{"@UserID":"S-1-5-18"}},"EventData":{"Data":[{"@Name":"RuleName","#text":"-"},{"@Name":"UtcTime","#text":"2025-04-16 16:15:03.788"},{"@Name":"ProcessGuid","#text":"dbf410b3-d787-67ff-ac03-000000003900"},{"@Name":"ProcessId","#text":"10484"},{"@Name":"Image","#text":"C:\Windows\System32\conhost.exe"},{"@Name":"FileVersion","#text":"10.0.19041.4355 (WinBuild.160101.0800)"},{"@Name":"Description","#text":"Console Window Host"},{"@Name":"Product","#text":"Microsoft® Windows® Operating System"},{"@Name":"Company","#text":"Microsoft Corporation"},{"@Name":"OriginalFileName","#text":"CONHOST.EXE"},{"@Name":"CommandLine","#text":"\??\C:\Windows\system32\conhost.exe 0xffffffff -ForceV1"},{"@Name":"CurrentDirectory","#text":"C:\Windows"},{"@Name":"User","#text":"NT AUTHORITY\SYSTEM"},{"@Name":"LogonGuid","#text":"dbf410b3-e84c-67ff-e703-000000000000"},{"@Name":"LogonId","#text":"0x3E7"},{"@Name":"TerminalSessionId","#text":"0"},{"@Name":"IntegrityLevel","#text":"System"},{"@Name":"Hashes","#text":"SHA256=CC0A60CD15FA21E54615E46CD0F10CFBE86F496DC64D14B31D9F3B415D120EE1"},{"@Name":"ParentProcessGuid","#text":"dbf410b3-d787-67ff-ab03-000000003900"},{"@Name":"ParentProcessId","#text":"4136"},{"@Name":"ParentImage","#text":"C:\Windows\Microsoft.NET\Framework\v4.0.30319\ngen.exe"},{"@Name":"ParentCommandLine","#text":"C:\Windows\Microsoft.NET\Framework\v4.0.30319\ngen.exe install \"Microsoft.VisualStudio.Tools.Applications.ServerDocument.v10.0, Version=10.0.0.0, Culture=neutral, PublicKeyToken=B03F5F7F11D50A3A\" /queue:3 /NoDependencies"},{"@Name":"ParentUser","#text":"NT AUTHORITY\SYSTEM"}]}}}
{"Event":{"System":{"Provider":{"@Name":"Microsoft-Windows-Sysmon","@Guid":"5770385f-c22a-43e0-bf4c-06f5698ffbd9"},"EventID":"5","Version":"3","Level":"4","Task":"5","Opcode":"0","Keywords":"0x8000000000000000","TimeCreated":{"@SystemTime":"2025-04-16 16:15:04.0327518"},"EventRecordID":"19371","Correlation":null,"Execution":{"@ProcessID":"3004","@ThreadID":"3384"},"Channel":"Microsoft-Windows-Sysmon/Operational","Computer":"Server002","Security":{"@UserID":"S-1-5-18"}},"EventData":{"Data":[{"@Name":"RuleName","#text":"-"},{"@Name":"UtcTime","#text":"2025-04-16 16:15:04.027"},{"@Name":"ProcessGuid","#text":"dbf410b3-d787-67ff-ab03-000000003900"},{"@Name":"ProcessId","#text":"4136"},{"@Name":"Image","#text":"C:\Windows\Microsoft.NET\Framework\v4.0.30319\ngen.exe"},{"@Name":"User","#text":"NT AUTHORITY\SYSTEM"}]}}}
{"Event":{"System":{"Provider":{"@Name":"Microsoft-Windows-Sysmon","@Guid":"5770385f-c22a-43e0-bf4c-06f5698ffbd9"},"EventID":"5","Version":"3","Level":"4","Task":"5","Opcode":"0","Keywords":"0x8000000000000000","TimeCreated":{"@SystemTime":"2025-04-16 16:15:04.0524371"},"EventRecordID":"19372","Correlation":null,"Execution":{"@ProcessID":"3004","@ThreadID":"3384"},"Channel":"Microsoft-Windows-Sysmon/Operational","Computer":"Server002","Security":{"@UserID":"S-1-5-18"}},"EventData":{"Data":[{"@Name":"RuleName","#text":"-"},{"@Name":"UtcTime","#text":"2025-04-16 16:15:04.041"},{"@Name":"ProcessGuid","#text":"dbf410b3-d787-67ff-ac03-000000003900"},{"@Name":"ProcessId","#text":"10484"},{"@Name":"Image","#text":"C:\Windows\System32\conhost.exe"},{"@Name":"User","#text":"NT AUTHORITY\SYSTEM"}]}}}
{"Event":{"System":{"Provider":{"@Name":"Microsoft-Windows-Sysmon","@Guid":"5770385f-c22a-43e0-bf4c-06f5698ffbd9"},"EventID":"1","Version":"5","Level":"4","Task":"1","Opcode":"0","Keywords":"0x8000000000000000","TimeCreated":{"@SystemTime":"2025-04-16 16:15:04.0667547"},"EventRecordID":"19373","Correlation":null,"Execution":{"@ProcessID":"3004","@ThreadID":"3384"},"Channel":"Microsoft-Windows-Sysmon/Operational","Computer":"Server002","Security":{"@UserID":"S-1-5-18"}},"EventData":{"Data":[{"@Name":"RuleName","#text":"-"},{"@Name":"UtcTime","#text":"2025-04-16 16:15:04.044"},{"@Name":"ProcessGuid","#text":"dbf410b3-d788-67ff-ad03-000000003900"},{"@Name":"ProcessId","#text":"10612"},{"@Name":"Image","#text":"C:\Windows\Microsoft.NET\Framework64\v4.0.30319\ngen.exe"},{"@Name":"FileVersion","#text":"4.8.9093.0 built by: NET481REL1LAST_C"},{"@Name":"Description","#text":"Microsoft Common Language Runtime native compiler"},{"@Name":"Product","#text":"Microsoft® .NET Framework"},{"@Name":"Company","#text":"Microsoft Corporation"},{"@Name":"OriginalFileName","#text":"ngen.exe"},{"@Name":"CommandLine","#text":"C:\Windows\Microsoft.NET\Framework64\v4.0.30319\ngen.exe install \"Microsoft.VisualStudio.Tools.Applications.ServerDocument.v10.0, Version=10.0.0.0, Culture=neutral, PublicKeyToken=B03F5F7F11D50A3A\" /queue:3 /NoDependencies"},{"@Name":"CurrentDirectory","#text":"C:\Windows\SysWOW64\"},{"@Name":"User","#text":"NT AUTHORITY\SYSTEM"},{"@Name":"LogonGuid","#text":"dbf410b3-e84c-67ff-e703-000000000000"},{"@Name":"LogonId","#text":"0x3E7"},{"@Name":"TerminalSessionId","#text":"0"},{"@Name":"IntegrityLevel","#text":"System"},{"@Name":"Hashes","#text":"SHA256=E6AEFA5D91A23AAD8E7B9A7DB0D3BE218410086AD4D73471ED260980156418C7"},{"@Name":"ParentProcessGuid","#text":"dbf410b3-d52c-67ff-1803-000000003900"},{"@Name":"ParentProcessId","#text":"10736"},{"@Name":"ParentImage","#text":"C:\Windows\SysWOW64\msiexec.exe"},{"@Name":"ParentCommandLine","#text":"C:\Windows\syswow64\MsiExec.exe -Embedding 736BA180042A555A884F93AEB3F4F684 E Global\MSI0000"},{"@Name":"ParentUser","#text":"NT AUTHORITY\SYSTEM"}]}}}
{"Event":{"System":{"Provider":{"@Name":"Microsoft-Windows-Sysmon","@Guid":"5770385f-c22a-43e0-bf4c-06f5698ffbd9"},"EventID":"1","Version":"5","Level":"4","Task":"1","Opcode":"0","Keywords":"0x8000000000000000","TimeCreated":{"@SystemTime":"2025-04-16 16:15:04.0864665"},"EventRecordID":"19374","Correlation":null,"Execution":{"@ProcessID":"3004","@ThreadID":"3384"},"Channel":"Microsoft-Windows-Sysmon/Operational","Computer":"Server002","Security":{"@UserID":"S-1-5-18"}},"EventData":{"Data":[{"@Name":"RuleName","#text":"-"},{"@Name":"UtcTime","#text":"2025-04-16 16:15:04.076"},{"@Name":"ProcessGuid","#text":"dbf410b3-d788-67ff-ae03-000000003900"},{"@Name":"ProcessId","#text":"4872"},{"@Name":"Image","#text":"C:\Windows\System32\conhost.exe"},{"@Name":"FileVersion","#text":"10.0.19041.4355 (WinBuild.160101.0800)"},{"@Name":"Description","#text":"Console Window Host"},{"@Name":"Product","#text":"Microsoft® Windows® Operating System"},{"@Name":"Company","#text":"Microsoft Corporation"},{"@Name":"OriginalFileName","#text":"CONHOST.EXE"},{"@Name":"CommandLine","#text":"\??\C:\Windows\system32\conhost.exe 0xffffffff -ForceV1"},{"@Name":"CurrentDirectory","#text":"C:\Windows"},{"@Name":"User","#text":"NT AUTHORITY\SYSTEM"},{"@Name":"LogonGuid","#text":"dbf410b3-e84c-67ff-e703-000000000000"},{"@Name":"LogonId","#text":"0x3E7"},{"@Name":"TerminalSessionId","#text":"0"},{"@Name":"IntegrityLevel","#text":"System"},{"@Name":"Hashes","#text":"SHA256=CC0A60CD15FA21E54615E46CD0F10CFBE86F496DC64D14B31D9F3B415D120EE1"},{"@Name":"ParentProcessGuid","#text":"dbf410b3-d788-67ff-ad03-000000003900"},{"@Name":"ParentProcessId","#text":"10612"},{"@Name":"ParentImage","#text":"C:\Windows\Microsoft.NET\Framework64\v4.0.30319\ngen.exe"},{"@Name":"ParentCommandLine","#text":"C:\Windows\Microsoft.NET\Framework64\v4.0.30319\ngen.exe install \"Microsoft.VisualStudio.Tools.Applications.ServerDocument.v10.0, Version=10.0.0.0, Culture=neutral, PublicKeyToken=B03F5F7F11D50A3A\" /queue:3 /NoDependencies"},{"@Name":"ParentUser","#text":"NT AUTHORITY\SYSTEM"}]}}}
{"Event":{"System":{"Provider":{"@Name":"Microsoft-Windows-Sysmon","@Guid":"5770385f-c22a-43e0-bf4c-06f5698ffbd9"},"EventID":"5","Version":"3","Level":"4","Task":"5","Opcode":"0","Keywords":"0x8000000000000000","TimeCreated":{"@SystemTime":"2025-04-16 16:15:04.3093303"},"EventRecordID":"19375","Correlation":null,"Execution":{"@ProcessID":"3004","@ThreadID":"3384"},"Channel":"Microsoft-Windows-Sysmon/Operational","Computer":"Server002","Security":{"@UserID":"S-1-5-18"}},"EventData":{"Data":[{"@Name":"RuleName","#text":"-"},{"@Name":"UtcTime","#text":"2025-04-16 16:15:04.290"},{"@Name":"ProcessGuid","#text":"dbf410b3-d788-67ff-ad03-000000003900"},{"@Name":"ProcessId","#text":"10612"},{"@Name":"Image","#text":"C:\Windows\Microsoft.NET\Framework64\v4.0.30319\ngen.exe"},{"@Name":"User","#text":"NT AUTHORITY\SYSTEM"}]}}}
{"Event":{"System":{"Provider":{"@Name":"Microsoft-Windows-Sysmon","@Guid":"5770385f-c22a-43e0-bf4c-06f5698ffbd9"},"EventID":"1","Version":"5","Level":"4","Task":"1","Opcode":"0","Keywords":"0x8000000000000000","TimeCreated":{"@SystemTime":"2025-04-16 16:15:04.3194697"},"EventRecordID":"19376","Correlation":null,"Execution":{"@ProcessID":"3004","@ThreadID":"3384"},"Channel":"Microsoft-Windows-Sysmon/Operational","Computer":"Server002","Security":{"@UserID":"S-1-5-18"}},"EventData":{"Data":[{"@Name":"RuleName","#text":"-"},{"@Name":"UtcTime","#text":"2025-04-16 16:15:04.307"},{"@Name":"ProcessGuid","#text":"dbf410b3-d788-67ff-af03-000000003900"},{"@Name":"ProcessId","#text":"10308"},{"@Name":"Image","#text":"C:\Windows\Microsoft.NET\Framework\v4.0.30319\ngen.exe"},{"@Name":"FileVersion","#text":"4.8.9093.0 built by: NET481REL1LAST_C"},{"@Name":"Description","#text":"Microsoft Common Language Runtime native compiler"},{"@Name":"Product","#text":"Microsoft® .NET Framework"},{"@Name":"Company","#text":"Microsoft Corporation"},{"@Name":"OriginalFileName","#text":"ngen.exe"},{"@Name":"CommandLine","#text":"C:\Windows\Microsoft.NET\Framework\v4.0.30319\ngen.exe install \"Microsoft.Office.Tools.Outlook.v9.0, Version=9.0.0.0, Culture=neutral, PublicKeyToken=B03F5F7F11D50A3A\" /queue:3 /NoDependencies"},{"@Name":"CurrentDirectory","#text":"C:\Windows\SysWOW64\"},{"@Name":"User","#text":"NT AUTHORITY\SYSTEM"},{"@Name":"LogonGuid","#text":"dbf410b3-e84c-67ff-e703-000000000000"},{"@Name":"LogonId","#text":"0x3E7"},{"@Name":"TerminalSessionId","#text":"0"},{"@Name":"IntegrityLevel","#text":"System"},{"@Name":"Hashes","#text":"SHA256=764B4BD62D6F2DAAC1D2FA28B5CDE02B0F33E0C3929C799BD009169BFCCC952C"},{"@Name":"ParentProcessGuid","#text":"dbf410b3-d52c-67ff-1803-000000003900"},{"@Name":"ParentProcessId","#text":"10736"},{"@Name":"ParentImage","#text":"C:\Windows\SysWOW64\msiexec.exe"},{"@Name":"ParentCommandLine","#text":"C:\Windows\syswow64\MsiExec.exe -Embedding 736BA180042A555A884F93AEB3F4F684 E Global\MSI0000"},{"@Name":"ParentUser","#text":"NT AUTHORITY\SYSTEM"}]}}}
{"Event":{"System":{"Provider":{"@Name":"Microsoft-Windows-Sysmon","@Guid":"5770385f-c22a-43e0-bf4c-06f5698ffbd9"},"EventID":"5","Version":"3","Level":"4","Task":"5","Opcode":"0","Keywords":"0x8000000000000000","TimeCreated":{"@SystemTime":"2025-04-16 16:15:04.3195249"},"EventRecordID":"19377","Correlation":null,"Execution":{"@ProcessID":"3004","@ThreadID":"3384"},"Channel":"Microsoft-Windows-Sysmon/Operational","Computer":"Server002","Security":{"@UserID":"S-1-5-18"}},"EventData":{"Data":[{"@Name":"RuleName","#text":"-"},{"@Name":"UtcTime","#text":"2025-04-16 16:15:04.311"},{"@Name":"ProcessGuid","#text":"dbf410b3-d788-67ff-ae03-000000003900"},{"@Name":"ProcessId","#text":"4872"},{"@Name":"Image","#text":"C:\Windows\System32\conhost.exe"},{"@Name":"User","#text":"NT AUTHORITY\SYSTEM"}]}}}
{"Event":{"System":{"Provider":{"@Name":"Microsoft-Windows-Sysmon","@Guid":"5770385f-c22a-43e0-bf4c-06f5698ffbd9"},"EventID":"1","Version":"5","Level":"4","Task":"1","Opcode":"0","Keywords":"0x8000000000000000","TimeCreated":{"@SystemTime":"2025-04-16 16:15:04.3551175"},"EventRecordID":"19378","Correlation":null,"Execution":{"@ProcessID":"3004","@ThreadID":"3384"},"Channel":"Microsoft-Windows-Sysmon/Operational","Computer":"Server002","Security":{"@UserID":"S-1-5-18"}},"EventData":{"Data":[{"@Name":"RuleName","#text":"-"},{"@Name":"UtcTime","#text":"2025-04-16 16:15:04.347"},{"@Name":"ProcessGuid","#text":"dbf410b3-d788-67ff-b003-000000003900"},{"@Name":"ProcessId","#text":"9080"},{"@Name":"Image","#text":"C:\Windows\System32\conhost.exe"},{"@Name":"FileVersion","#text":"10.0.19041.4355 (WinBuild.160101.0800)"},{"@Name":"Description","#text":"Console Window Host"},{"@Name":"Product","#text":"Microsoft® Windows® Operating System"},{"@Name":"Company","#text":"Microsoft Corporation"},{"@Name":"OriginalFileName","#text":"CONHOST.EXE"},{"@Name":"CommandLine","#text":"\??\C:\Windows\system32\conhost.exe 0xffffffff -ForceV1"},{"@Name":"CurrentDirectory","#text":"C:\Windows"},{"@Name":"User","#text":"NT AUTHORITY\SYSTEM"},{"@Name":"LogonGuid","#text":"dbf410b3-e84c-67ff-e703-000000000000"},{"@Name":"LogonId","#text":"0x3E7"},{"@Name":"TerminalSessionId","#text":"0"},{"@Name":"IntegrityLevel","#text":"System"},{"@Name":"Hashes","#text":"SHA256=CC0A60CD15FA21E54615E46CD0F10CFBE86F496DC64D14B31D9F3B415D120EE1"},{"@Name":"ParentProcessGuid","#text":"dbf410b3-d788-67ff-af03-000000003900"},{"@Name":"ParentProcessId","#text":"10308"},{"@Name":"ParentImage","#text":"C:\Windows\Microsoft.NET\Framework\v4.0.30319\ngen.exe"},{"@Name":"ParentCommandLine","#text":"C:\Windows\Microsoft.NET\Framework\v4.0.30319\ngen.exe install \"Microsoft.Office.Tools.Outlook.v9.0, Version=9.0.0.0, Culture=neutral, PublicKeyToken=B03F5F7F11D50A3A\" /queue:3 /NoDependencies"},{"@Name":"ParentUser","#text":"NT AUTHORITY\SYSTEM"}]}}}
{"Event":{"System":{"Provider":{"@Name":"Microsoft-Windows-Sysmon","@Guid":"5770385f-c22a-43e0-bf4c-06f5698ffbd9"},"EventID":"5","Version":"3","Level":"4","Task":"5","Opcode":"0","Keywords":"0x8000000000000000","TimeCreated":{"@SystemTime":"2025-04-16 16:15:04.5495526"},"EventRecordID":"19379","Correlation":null,"Execution":{"@ProcessID":"3004","@ThreadID":"3384"},"Channel":"Microsoft-Windows-Sysmon/Operational","Computer":"Server002","Security":{"@UserID":"S-1-5-18"}},"EventData":{"Data":[{"@Name":"RuleName","#text":"-"},{"@Name":"UtcTime","#text":"2025-04-16 16:15:04.545"},{"@Name":"ProcessGuid","#text":"dbf410b3-d788-67ff-af03-000000003900"},{"@Name":"ProcessId","#text":"10308"},{"@Name":"Image","#text":"C:\Windows\Microsoft.NET\Framework\v4.0.30319\ngen.exe"},{"@Name":"User","#text":"NT AUTHORITY\SYSTEM"}]}}}
