
{"Event":{"System":{"Provider":{"@Name":"Microsoft-Windows-Sysmon","@Guid":"5770385f-c22a-43e0-bf4c-06f5698ffbd9"},"EventID":"5","Version":"3","Level":"4","Task":"5","Opcode":"0","Keywords":"0x8000000000000000","TimeCreated":{"@SystemTime":"2024-10-28 15:45:51.8688957"},"EventRecordID":"17953","Correlation":null,"Execution":{"@ProcessID":"3220","@ThreadID":"4000"},"Channel":"Microsoft-Windows-Sysmon/Operational","Computer":"Server002","Security":{"@UserID":"S-1-5-18"}},"EventData":{"Data":[{"@Name":"RuleName","#text":"-"},{"@Name":"UtcTime","#text":"2024-10-28 15:45:51.865"},{"@Name":"ProcessGuid","#text":"dbf410b3-b1af-671f-bf00-000000003900"},{"@Name":"ProcessId","#text":"1904"},{"@Name":"Image","#text":"C:\\Windows\\System32\\conhost.exe"},{"@Name":"User","#text":"SERVER002\\admin_test"}]}}}








{"Event":{"System":{"Provider":{"@Name":"Microsoft-Windows-Sysmon","@Guid":"5770385f-c22a-43e0-bf4c-06f5698ffbd9"},"EventID":"1","Version":"5","Level":"4","Task":"1","Opcode":"0","Keywords":"0x8000000000000000","TimeCreated":{"@SystemTime":"2024-10-28 15:45:52.0804745"},"EventRecordID":"17970","Correlation":null,"Execution":{"@ProcessID":"3220","@ThreadID":"4000"},"Channel":"Microsoft-Windows-Sysmon/Operational","Computer":"Server002","Security":{"@UserID":"S-1-5-18"}},"EventData":{"Data":[{"@Name":"RuleName","#text":"-"},{"@Name":"UtcTime","#text":"2024-10-28 15:45:52.078"},{"@Name":"ProcessGuid","#text":"dbf410b3-b1b0-671f-c800-000000003900"},{"@Name":"ProcessId","#text":"6288"},{"@Name":"Image","#text":"C:\\Windows\\System32\\HOSTNAME.EXE"},{"@Name":"FileVersion","#text":"10.0.19041.1 (WinBuild.160101.0800)"},{"@Name":"Description","#text":"Hostname APP"},{"@Name":"Product","#text":"Microsoft® Windows® Operating System"},{"@Name":"Company","#text":"Microsoft Corporation"},{"@Name":"OriginalFileName","#text":"hostname.exe"},{"@Name":"CommandLine","#text":"\"C:\\Windows\\system32\\HOSTNAME.EXE\""},{"@Name":"CurrentDirectory","#text":"C:\\Users\\admin_test\\Documents\\"},{"@Name":"User","#text":"SERVER002\\admin_test"},{"@Name":"LogonGuid","#text":"dbf410b3-b1ad-671f-6e90-130000000000"},{"@Name":"LogonId","#text":"0x13906E"},{"@Name":"TerminalSessionId","#text":"0"},{"@Name":"IntegrityLevel","#text":"High"},{"@Name":"Hashes","#text":"SHA256=A90C3FB350A11C6F6A6EFA9607987D924D1DE65E09CA9FAF2E0E0E00531EE335"},{"@Name":"ParentProcessGuid","#text":"dbf410b3-b1ad-671f-b900-000000003900"},{"@Name":"ParentProcessId","#text":"6248"},{"@Name":"ParentImage","#text":"C:\\Windows\\System32\\wsmprovhost.exe"},{"@Name":"ParentCommandLine","#text":"C:\\Windows\\system32\\wsmprovhost.exe -Embedding"},{"@Name":"ParentUser","#text":"SERVER002\\admin_test"}]}}}
{"Event":{"System":{"Provider":{"@Name":"Microsoft-Windows-Sysmon","@Guid":"5770385f-c22a-43e0-bf4c-06f5698ffbd9"},"EventID":"1","Version":"5","Level":"4","Task":"1","Opcode":"0","Keywords":"0x8000000000000000","TimeCreated":{"@SystemTime":"2024-10-28 15:45:52.0834585"},"EventRecordID":"17971","Correlation":null,"Execution":{"@ProcessID":"3220","@ThreadID":"4000"},"Channel":"Microsoft-Windows-Sysmon/Operational","Computer":"Server002","Security":{"@UserID":"S-1-5-18"}},"EventData":{"Data":[{"@Name":"RuleName","#text":"-"},{"@Name":"UtcTime","#text":"2024-10-28 15:45:52.081"},{"@Name":"ProcessGuid","#text":"dbf410b3-b1b0-671f-c900-000000003900"},{"@Name":"ProcessId","#text":"7088"},{"@Name":"Image","#text":"C:\\Windows\\System32\\conhost.exe"},{"@Name":"FileVersion","#text":"10.0.19041.4355 (WinBuild.160101.0800)"},{"@Name":"Description","#text":"Console Window Host"},{"@Name":"Product","#text":"Microsoft® Windows® Operating System"},{"@Name":"Company","#text":"Microsoft Corporation"},{"@Name":"OriginalFileName","#text":"CONHOST.EXE"},{"@Name":"CommandLine","#text":"\\??\\C:\\Windows\\system32\\conhost.exe 0xffffffff -ForceV1"},{"@Name":"CurrentDirectory","#text":"C:\\Windows"},{"@Name":"User","#text":"SERVER002\\admin_test"},{"@Name":"LogonGuid","#text":"dbf410b3-b1ad-671f-6e90-130000000000"},{"@Name":"LogonId","#text":"0x13906E"},{"@Name":"TerminalSessionId","#text":"0"},{"@Name":"IntegrityLevel","#text":"High"},{"@Name":"Hashes","#text":"SHA256=CC0A60CD15FA21E54615E46CD0F10CFBE86F496DC64D14B31D9F3B415D120EE1"},{"@Name":"ParentProcessGuid","#text":"dbf410b3-b1b0-671f-c800-000000003900"},{"@Name":"ParentProcessId","#text":"6288"},{"@Name":"ParentImage","#text":"C:\\Windows\\System32\\HOSTNAME.EXE"},{"@Name":"ParentCommandLine","#text":"\"C:\\Windows\\system32\\HOSTNAME.EXE\""},{"@Name":"ParentUser","#text":"SERVER002\\admin_test"}]}}}
{"Event":{"System":{"Provider":{"@Name":"Microsoft-Windows-Sysmon","@Guid":"5770385f-c22a-43e0-bf4c-06f5698ffbd9"},"EventID":"5","Version":"3","Level":"4","Task":"5","Opcode":"0","Keywords":"0x8000000000000000","TimeCreated":{"@SystemTime":"2024-10-28 15:45:52.1114925"},"EventRecordID":"17972","Correlation":null,"Execution":{"@ProcessID":"3220","@ThreadID":"4000"},"Channel":"Microsoft-Windows-Sysmon/Operational","Computer":"Server002","Security":{"@UserID":"S-1-5-18"}},"EventData":{"Data":[{"@Name":"RuleName","#text":"-"},{"@Name":"UtcTime","#text":"2024-10-28 15:45:52.109"},{"@Name":"ProcessGuid","#text":"dbf410b3-b1b0-671f-c800-000000003900"},{"@Name":"ProcessId","#text":"6288"},{"@Name":"Image","#text":"C:\\Windows\\System32\\HOSTNAME.EXE"},{"@Name":"User","#text":"SERVER002\\admin_test"}]}}}
{"Event":{"System":{"Provider":{"@Name":"Microsoft-Windows-Sysmon","@Guid":"5770385f-c22a-43e0-bf4c-06f5698ffbd9"},"EventID":"5","Version":"3","Level":"4","Task":"5","Opcode":"0","Keywords":"0x8000000000000000","TimeCreated":{"@SystemTime":"2024-10-28 15:45:52.1129238"},"EventRecordID":"17973","Correlation":null,"Execution":{"@ProcessID":"3220","@ThreadID":"4000"},"Channel":"Microsoft-Windows-Sysmon/Operational","Computer":"Server002","Security":{"@UserID":"S-1-5-18"}},"EventData":{"Data":[{"@Name":"RuleName","#text":"-"},{"@Name":"UtcTime","#text":"2024-10-28 15:45:52.109"},{"@Name":"ProcessGuid","#text":"dbf410b3-b1b0-671f-c900-000000003900"},{"@Name":"ProcessId","#text":"7088"},{"@Name":"Image","#text":"C:\\Windows\\System32\\conhost.exe"},{"@Name":"User","#text":"SERVER002\\admin_test"}]}}}
{"Event":{"System":{"Provider":{"@Name":"Microsoft-Windows-Sysmon","@Guid":"5770385f-c22a-43e0-bf4c-06f5698ffbd9"},"EventID":"1","Version":"5","Level":"4","Task":"1","Opcode":"0","Keywords":"0x8000000000000000","TimeCreated":{"@SystemTime":"2024-10-28 15:45:52.1149658"},"EventRecordID":"17974","Correlation":null,"Execution":{"@ProcessID":"3220","@ThreadID":"4000"},"Channel":"Microsoft-Windows-Sysmon/Operational","Computer":"Server002","Security":{"@UserID":"S-1-5-18"}},"EventData":{"Data":[{"@Name":"RuleName","#text":"-"},{"@Name":"UtcTime","#text":"2024-10-28 15:45:52.113"},{"@Name":"ProcessGuid","#text":"dbf410b3-b1b0-671f-ca00-000000003900"},{"@Name":"ProcessId","#text":"5680"},{"@Name":"Image","#text":"C:\\Windows\\System32\\whoami.exe"},{"@Name":"FileVersion","#text":"10.0.19041.1 (WinBuild.160101.0800)"},{"@Name":"Description","#text":"whoami - displays logged on user information"},{"@Name":"Product","#text":"Microsoft® Windows® Operating System"},{"@Name":"Company","#text":"Microsoft Corporation"},{"@Name":"OriginalFileName","#text":"whoami.exe"},{"@Name":"CommandLine","#text":"\"C:\\Windows\\system32\\whoami.exe\""},{"@Name":"CurrentDirectory","#text":"C:\\Users\\admin_test\\Documents\\"},{"@Name":"User","#text":"SERVER002\\admin_test"},{"@Name":"LogonGuid","#text":"dbf410b3-b1ad-671f-6e90-130000000000"},{"@Name":"LogonId","#text":"0x13906E"},{"@Name":"TerminalSessionId","#text":"0"},{"@Name":"IntegrityLevel","#text":"High"},{"@Name":"Hashes","#text":"SHA256=1D4902A04D99E8CCBFE7085E63155955FEE397449D386453F6C452AE407B8743"},{"@Name":"ParentProcessGuid","#text":"dbf410b3-b1ad-671f-b900-000000003900"},{"@Name":"ParentProcessId","#text":"6248"},{"@Name":"ParentImage","#text":"C:\\Windows\\System32\\wsmprovhost.exe"},{"@Name":"ParentCommandLine","#text":"C:\\Windows\\system32\\wsmprovhost.exe -Embedding"},{"@Name":"ParentUser","#text":"SERVER002\\admin_test"}]}}}
{"Event":{"System":{"Provider":{"@Name":"Microsoft-Windows-Sysmon","@Guid":"5770385f-c22a-43e0-bf4c-06f5698ffbd9"},"EventID":"1","Version":"5","Level":"4","Task":"1","Opcode":"0","Keywords":"0x8000000000000000","TimeCreated":{"@SystemTime":"2024-10-28 15:45:52.1183913"},"EventRecordID":"17975","Correlation":null,"Execution":{"@ProcessID":"3220","@ThreadID":"4000"},"Channel":"Microsoft-Windows-Sysmon/Operational","Computer":"Server002","Security":{"@UserID":"S-1-5-18"}},"EventData":{"Data":[{"@Name":"RuleName","#text":"-"},{"@Name":"UtcTime","#text":"2024-10-28 15:45:52.116"},{"@Name":"ProcessGuid","#text":"dbf410b3-b1b0-671f-cb00-000000003900"},{"@Name":"ProcessId","#text":"5740"},{"@Name":"Image","#text":"C:\\Windows\\System32\\conhost.exe"},{"@Name":"FileVersion","#text":"10.0.19041.4355 (WinBuild.160101.0800)"},{"@Name":"Description","#text":"Console Window Host"},{"@Name":"Product","#text":"Microsoft® Windows® Operating System"},{"@Name":"Company","#text":"Microsoft Corporation"},{"@Name":"OriginalFileName","#text":"CONHOST.EXE"},{"@Name":"CommandLine","#text":"\\??\\C:\\Windows\\system32\\conhost.exe 0xffffffff -ForceV1"},{"@Name":"CurrentDirectory","#text":"C:\\Windows"},{"@Name":"User","#text":"SERVER002\\admin_test"},{"@Name":"LogonGuid","#text":"dbf410b3-b1ad-671f-6e90-130000000000"},{"@Name":"LogonId","#text":"0x13906E"},{"@Name":"TerminalSessionId","#text":"0"},{"@Name":"IntegrityLevel","#text":"High"},{"@Name":"Hashes","#text":"SHA256=CC0A60CD15FA21E54615E46CD0F10CFBE86F496DC64D14B31D9F3B415D120EE1"},{"@Name":"ParentProcessGuid","#text":"dbf410b3-b1b0-671f-ca00-000000003900"},{"@Name":"ParentProcessId","#text":"5680"},{"@Name":"ParentImage","#text":"C:\\Windows\\System32\\whoami.exe"},{"@Name":"ParentCommandLine","#text":"\"C:\\Windows\\system32\\whoami.exe\""},{"@Name":"ParentUser","#text":"SERVER002\\admin_test"}]}}}
{"Event":{"System":{"Provider":{"@Name":"Microsoft-Windows-Sysmon","@Guid":"5770385f-c22a-43e0-bf4c-06f5698ffbd9"},"EventID":"5","Version":"3","Level":"4","Task":"5","Opcode":"0","Keywords":"0x8000000000000000","TimeCreated":{"@SystemTime":"2024-10-28 15:45:52.1287779"},"EventRecordID":"17976","Correlation":null,"Execution":{"@ProcessID":"3220","@ThreadID":"4000"},"Channel":"Microsoft-Windows-Sysmon/Operational","Computer":"Server002","Security":{"@UserID":"S-1-5-18"}},"EventData":{"Data":[{"@Name":"RuleName","#text":"-"},{"@Name":"UtcTime","#text":"2024-10-28 15:45:52.125"},{"@Name":"ProcessGuid","#text":"dbf410b3-b149-671f-9800-000000003900"},{"@Name":"ProcessId","#text":"5012"},{"@Name":"Image","#text":"C:\\Windows\\System32\\svchost.exe"},{"@Name":"User","#text":"NT AUTHORITY\\SYSTEM"}]}}}
{"Event":{"System":{"Provider":{"@Name":"Microsoft-Windows-Sysmon","@Guid":"5770385f-c22a-43e0-bf4c-06f5698ffbd9"},"EventID":"5","Version":"3","Level":"4","Task":"5","Opcode":"0","Keywords":"0x8000000000000000","TimeCreated":{"@SystemTime":"2024-10-28 15:45:52.1504711"},"EventRecordID":"17977","Correlation":null,"Execution":{"@ProcessID":"3220","@ThreadID":"4000"},"Channel":"Microsoft-Windows-Sysmon/Operational","Computer":"Server002","Security":{"@UserID":"S-1-5-18"}},"EventData":{"Data":[{"@Name":"RuleName","#text":"-"},{"@Name":"UtcTime","#text":"2024-10-28 15:45:52.150"},{"@Name":"ProcessGuid","#text":"dbf410b3-b1b0-671f-ca00-000000003900"},{"@Name":"ProcessId","#text":"5680"},{"@Name":"Image","#text":"C:\\Windows\\System32\\whoami.exe"},{"@Name":"User","#text":"SERVER002\\admin_test"}]}}}
{"Event":{"System":{"Provider":{"@Name":"Microsoft-Windows-Sysmon","@Guid":"5770385f-c22a-43e0-bf4c-06f5698ffbd9"},"EventID":"5","Version":"3","Level":"4","Task":"5","Opcode":"0","Keywords":"0x8000000000000000","TimeCreated":{"@SystemTime":"2024-10-28 15:45:52.1526837"},"EventRecordID":"17978","Correlation":null,"Execution":{"@ProcessID":"3220","@ThreadID":"4000"},"Channel":"Microsoft-Windows-Sysmon/Operational","Computer":"Server002","Security":{"@UserID":"S-1-5-18"}},"EventData":{"Data":[{"@Name":"RuleName","#text":"-"},{"@Name":"UtcTime","#text":"2024-10-28 15:45:52.150"},{"@Name":"ProcessGuid","#text":"dbf410b3-b1b0-671f-cb00-000000003900"},{"@Name":"ProcessId","#text":"5740"},{"@Name":"Image","#text":"C:\\Windows\\System32\\conhost.exe"},{"@Name":"User","#text":"SERVER002\\admin_test"}]}}}
{"Event":{"System":{"Provider":{"@Name":"Microsoft-Windows-Sysmon","@Guid":"5770385f-c22a-43e0-bf4c-06f5698ffbd9"},"EventID":"1","Version":"5","Level":"4","Task":"1","Opcode":"0","Keywords":"0x8000000000000000","TimeCreated":{"@SystemTime":"2024-10-28 15:45:57.9699096"},"EventRecordID":"17979","Correlation":null,"Execution":{"@ProcessID":"3220","@ThreadID":"4000"},"Channel":"Microsoft-Windows-Sysmon/Operational","Computer":"Server002","Security":{"@UserID":"S-1-5-18"}},"EventData":{"Data":[{"@Name":"RuleName","#text":"-"},{"@Name":"UtcTime","#text":"2024-10-28 15:45:57.961"},{"@Name":"ProcessGuid","#text":"dbf410b3-b1b5-671f-cc00-000000003900"},{"@Name":"ProcessId","#text":"5452"},{"@Name":"Image","#text":"C:\\Windows\\System32\\cmd.exe"},{"@Name":"FileVersion","#text":"10.0.19041.4355 (WinBuild.160101.0800)"},{"@Name":"Description","#text":"Windows Command Processor"},{"@Name":"Product","#text":"Microsoft® Windows® Operating System"},{"@Name":"Company","#text":"Microsoft Corporation"},{"@Name":"OriginalFileName","#text":"Cmd.Exe"},{"@Name":"CommandLine","#text":"\"cmd.exe\" /c copy \"C:\\Users\\ADMIN_~1\\AppData\\Local\\Temp\\file\\data.009\\bin\\WindowsServiceExample.exe\" \"C:\\Program Files\\windows_service.exe\" &amp; copy \"C:\\Users\\ADMIN_~1\\AppData\\Local\\Temp\\file\\data.009\\bin\\WindowsServiceExample.exe\" \"C:\\program.exe\" &amp; sc create \"Example Service\" binpath= \"C:\\Program Files\\windows_service.exe\" Displayname= \"Example Service\" start= auto &amp; sc start \"Example Service\""},{"@Name":"CurrentDirectory","#text":"C:\\Users\\ADMIN_~1\\AppData\\Local\\Temp\\"},{"@Name":"User","#text":"SERVER002\\admin_test"},{"@Name":"LogonGuid","#text":"dbf410b3-b1ad-671f-6e90-130000000000"},{"@Name":"LogonId","#text":"0x13906E"},{"@Name":"TerminalSessionId","#text":"0"},{"@Name":"IntegrityLevel","#text":"High"},{"@Name":"Hashes","#text":"SHA256=BADF4752413CB0CBDC03FB95820CA167F0CDC63B597CCDB5EF43111180E088B0"},{"@Name":"ParentProcessGuid","#text":"dbf410b3-b1ad-671f-b900-000000003900"},{"@Name":"ParentProcessId","#text":"6248"},{"@Name":"ParentImage","#text":"C:\\Windows\\System32\\wsmprovhost.exe"},{"@Name":"ParentCommandLine","#text":"C:\\Windows\\system32\\wsmprovhost.exe -Embedding"},{"@Name":"ParentUser","#text":"SERVER002\\admin_test"}]}}}
{"Event":{"System":{"Provider":{"@Name":"Microsoft-Windows-Sysmon","@Guid":"5770385f-c22a-43e0-bf4c-06f5698ffbd9"},"EventID":"1","Version":"5","Level":"4","Task":"1","Opcode":"0","Keywords":"0x8000000000000000","TimeCreated":{"@SystemTime":"2024-10-28 15:45:57.9913331"},"EventRecordID":"17980","Correlation":null,"Execution":{"@ProcessID":"3220","@ThreadID":"4000"},"Channel":"Microsoft-Windows-Sysmon/Operational","Computer":"Server002","Security":{"@UserID":"S-1-5-18"}},"EventData":{"Data":[{"@Name":"RuleName","#text":"-"},{"@Name":"UtcTime","#text":"2024-10-28 15:45:57.987"},{"@Name":"ProcessGuid","#text":"dbf410b3-b1b5-671f-cd00-000000003900"},{"@Name":"ProcessId","#text":"5612"},{"@Name":"Image","#text":"C:\\Windows\\System32\\conhost.exe"},{"@Name":"FileVersion","#text":"10.0.19041.4355 (WinBuild.160101.0800)"},{"@Name":"Description","#text":"Console Window Host"},{"@Name":"Product","#text":"Microsoft® Windows® Operating System"},{"@Name":"Company","#text":"Microsoft Corporation"},{"@Name":"OriginalFileName","#text":"CONHOST.EXE"},{"@Name":"CommandLine","#text":"\\??\\C:\\Windows\\system32\\conhost.exe 0xffffffff -ForceV1"},{"@Name":"CurrentDirectory","#text":"C:\\Windows"},{"@Name":"User","#text":"SERVER002\\admin_test"},{"@Name":"LogonGuid","#text":"dbf410b3-b1ad-671f-6e90-130000000000"},{"@Name":"LogonId","#text":"0x13906E"},{"@Name":"TerminalSessionId","#text":"0"},{"@Name":"IntegrityLevel","#text":"High"},{"@Name":"Hashes","#text":"SHA256=CC0A60CD15FA21E54615E46CD0F10CFBE86F496DC64D14B31D9F3B415D120EE1"},{"@Name":"ParentProcessGuid","#text":"dbf410b3-b1b5-671f-cc00-000000003900"},{"@Name":"ParentProcessId","#text":"5452"},{"@Name":"ParentImage","#text":"C:\\Windows\\System32\\cmd.exe"},{"@Name":"ParentCommandLine","#text":"\"cmd.exe\" /c copy \"C:\\Users\\ADMIN_~1\\AppData\\Local\\Temp\\file\\data.009\\bin\\WindowsServiceExample.exe\" \"C:\\Program Files\\windows_service.exe\" &amp; copy \"C:\\Users\\ADMIN_~1\\AppData\\Local\\Temp\\file\\data.009\\bin\\WindowsServiceExample.exe\" \"C:\\program.exe\" &amp; sc create \"Example Service\" binpath= \"C:\\Program Files\\windows_service.exe\" Displayname= \"Example Service\" start= auto &amp; sc start \"Example Service\""},{"@Name":"ParentUser","#text":"SERVER002\\admin_test"}]}}}
{"Event":{"System":{"Provider":{"@Name":"Microsoft-Windows-Sysmon","@Guid":"5770385f-c22a-43e0-bf4c-06f5698ffbd9"},"EventID":"1","Version":"5","Level":"4","Task":"1","Opcode":"0","Keywords":"0x8000000000000000","TimeCreated":{"@SystemTime":"2024-10-28 15:45:58.0348518"},"EventRecordID":"17981","Correlation":null,"Execution":{"@ProcessID":"3220","@ThreadID":"4000"},"Channel":"Microsoft-Windows-Sysmon/Operational","Computer":"Server002","Security":{"@UserID":"S-1-5-18"}},"EventData":{"Data":[{"@Name":"RuleName","#text":"-"},{"@Name":"UtcTime","#text":"2024-10-28 15:45:58.028"},{"@Name":"ProcessGuid","#text":"dbf410b3-b1b6-671f-ce00-000000003900"},{"@Name":"ProcessId","#text":"5468"},{"@Name":"Image","#text":"C:\\Windows\\System32\\sc.exe"},{"@Name":"FileVersion","#text":"10.0.19041.1 (WinBuild.160101.0800)"},{"@Name":"Description","#text":"Service Control Manager Configuration Tool"},{"@Name":"Product","#text":"Microsoft® Windows® Operating System"},{"@Name":"Company","#text":"Microsoft Corporation"},{"@Name":"OriginalFileName","#text":"sc.exe"},{"@Name":"CommandLine","#text":"sc  create \"Example Service\" binpath= \"C:\\Program Files\\windows_service.exe\" Displayname= \"Example Service\" start= auto "},{"@Name":"CurrentDirectory","#text":"C:\\Users\\ADMIN_~1\\AppData\\Local\\Temp\\"},{"@Name":"User","#text":"SERVER002\\admin_test"},{"@Name":"LogonGuid","#text":"dbf410b3-b1ad-671f-6e90-130000000000"},{"@Name":"LogonId","#text":"0x13906E"},{"@Name":"TerminalSessionId","#text":"0"},{"@Name":"IntegrityLevel","#text":"High"},{"@Name":"Hashes","#text":"SHA256=41F067C3A11B02FE39947F9EBA68AE5C7CB5BD1872A6009A4CD1506554A9ABA9"},{"@Name":"ParentProcessGuid","#text":"dbf410b3-b1b5-671f-cc00-000000003900"},{"@Name":"ParentProcessId","#text":"5452"},{"@Name":"ParentImage","#text":"C:\\Windows\\System32\\cmd.exe"},{"@Name":"ParentCommandLine","#text":"\"cmd.exe\" /c copy \"C:\\Users\\ADMIN_~1\\AppData\\Local\\Temp\\file\\data.009\\bin\\WindowsServiceExample.exe\" \"C:\\Program Files\\windows_service.exe\" &amp; copy \"C:\\Users\\ADMIN_~1\\AppData\\Local\\Temp\\file\\data.009\\bin\\WindowsServiceExample.exe\" \"C:\\program.exe\" &amp; sc create \"Example Service\" binpath= \"C:\\Program Files\\windows_service.exe\" Displayname= \"Example Service\" start= auto &amp; sc start \"Example Service\""},{"@Name":"ParentUser","#text":"SERVER002\\admin_test"}]}}}
{"Event":{"System":{"Provider":{"@Name":"Microsoft-Windows-Sysmon","@Guid":"5770385f-c22a-43e0-bf4c-06f5698ffbd9"},"EventID":"5","Version":"3","Level":"4","Task":"5","Opcode":"0","Keywords":"0x8000000000000000","TimeCreated":{"@SystemTime":"2024-10-28 15:45:58.0610600"},"EventRecordID":"17982","Correlation":null,"Execution":{"@ProcessID":"3220","@ThreadID":"4000"},"Channel":"Microsoft-Windows-Sysmon/Operational","Computer":"Server002","Security":{"@UserID":"S-1-5-18"}},"EventData":{"Data":[{"@Name":"RuleName","#text":"-"},{"@Name":"UtcTime","#text":"2024-10-28 15:45:58.060"},{"@Name":"ProcessGuid","#text":"dbf410b3-b1b6-671f-ce00-000000003900"},{"@Name":"ProcessId","#text":"5468"},{"@Name":"Image","#text":"C:\\Windows\\System32\\sc.exe"},{"@Name":"User","#text":"SERVER002\\admin_test"}]}}}
{"Event":{"System":{"Provider":{"@Name":"Microsoft-Windows-Sysmon","@Guid":"5770385f-c22a-43e0-bf4c-06f5698ffbd9"},"EventID":"1","Version":"5","Level":"4","Task":"1","Opcode":"0","Keywords":"0x8000000000000000","TimeCreated":{"@SystemTime":"2024-10-28 15:45:58.0677181"},"EventRecordID":"17983","Correlation":null,"Execution":{"@ProcessID":"3220","@ThreadID":"4000"},"Channel":"Microsoft-Windows-Sysmon/Operational","Computer":"Server002","Security":{"@UserID":"S-1-5-18"}},"EventData":{"Data":[{"@Name":"RuleName","#text":"-"},{"@Name":"UtcTime","#text":"2024-10-28 15:45:58.063"},{"@Name":"ProcessGuid","#text":"dbf410b3-b1b6-671f-cf00-000000003900"},{"@Name":"ProcessId","#text":"5500"},{"@Name":"Image","#text":"C:\\Windows\\System32\\sc.exe"},{"@Name":"FileVersion","#text":"10.0.19041.1 (WinBuild.160101.0800)"},{"@Name":"Description","#text":"Service Control Manager Configuration Tool"},{"@Name":"Product","#text":"Microsoft® Windows® Operating System"},{"@Name":"Company","#text":"Microsoft Corporation"},{"@Name":"OriginalFileName","#text":"sc.exe"},{"@Name":"CommandLine","#text":"sc  start \"Example Service\""},{"@Name":"CurrentDirectory","#text":"C:\\Users\\ADMIN_~1\\AppData\\Local\\Temp\\"},{"@Name":"User","#text":"SERVER002\\admin_test"},{"@Name":"LogonGuid","#text":"dbf410b3-b1ad-671f-6e90-130000000000"},{"@Name":"LogonId","#text":"0x13906E"},{"@Name":"TerminalSessionId","#text":"0"},{"@Name":"IntegrityLevel","#text":"High"},{"@Name":"Hashes","#text":"SHA256=41F067C3A11B02FE39947F9EBA68AE5C7CB5BD1872A6009A4CD1506554A9ABA9"},{"@Name":"ParentProcessGuid","#text":"dbf410b3-b1b5-671f-cc00-000000003900"},{"@Name":"ParentProcessId","#text":"5452"},{"@Name":"ParentImage","#text":"C:\\Windows\\System32\\cmd.exe"},{"@Name":"ParentCommandLine","#text":"\"cmd.exe\" /c copy \"C:\\Users\\ADMIN_~1\\AppData\\Local\\Temp\\file\\data.009\\bin\\WindowsServiceExample.exe\" \"C:\\Program Files\\windows_service.exe\" &amp; copy \"C:\\Users\\ADMIN_~1\\AppData\\Local\\Temp\\file\\data.009\\bin\\WindowsServiceExample.exe\" \"C:\\program.exe\" &amp; sc create \"Example Service\" binpath= \"C:\\Program Files\\windows_service.exe\" Displayname= \"Example Service\" start= auto &amp; sc start \"Example Service\""},{"@Name":"ParentUser","#text":"SERVER002\\admin_test"}]}}}
{"Event":{"System":{"Provider":{"@Name":"Microsoft-Windows-Sysmon","@Guid":"5770385f-c22a-43e0-bf4c-06f5698ffbd9"},"EventID":"5","Version":"3","Level":"4","Task":"5","Opcode":"0","Keywords":"0x8000000000000000","TimeCreated":{"@SystemTime":"2024-10-28 15:45:58.0772921"},"EventRecordID":"17984","Correlation":null,"Execution":{"@ProcessID":"3220","@ThreadID":"4000"},"Channel":"Microsoft-Windows-Sysmon/Operational","Computer":"Server002","Security":{"@UserID":"S-1-5-18"}},"EventData":{"Data":[{"@Name":"RuleName","#text":"-"},{"@Name":"UtcTime","#text":"2024-10-28 15:45:58.075"},{"@Name":"ProcessGuid","#text":"dbf410b3-b1b6-671f-cf00-000000003900"},{"@Name":"ProcessId","#text":"5500"},{"@Name":"Image","#text":"C:\\Windows\\System32\\sc.exe"},{"@Name":"User","#text":"SERVER002\\admin_test"}]}}}
{"Event":{"System":{"Provider":{"@Name":"Microsoft-Windows-Sysmon","@Guid":"5770385f-c22a-43e0-bf4c-06f5698ffbd9"},"EventID":"5","Version":"3","Level":"4","Task":"5","Opcode":"0","Keywords":"0x8000000000000000","TimeCreated":{"@SystemTime":"2024-10-28 15:45:58.0808699"},"EventRecordID":"17985","Correlation":null,"Execution":{"@ProcessID":"3220","@ThreadID":"4000"},"Channel":"Microsoft-Windows-Sysmon/Operational","Computer":"Server002","Security":{"@UserID":"S-1-5-18"}},"EventData":{"Data":[{"@Name":"RuleName","#text":"-"},{"@Name":"UtcTime","#text":"2024-10-28 15:45:58.075"},{"@Name":"ProcessGuid","#text":"dbf410b3-b1b5-671f-cc00-000000003900"},{"@Name":"ProcessId","#text":"5452"},{"@Name":"Image","#text":"C:\\Windows\\System32\\cmd.exe"},{"@Name":"User","#text":"SERVER002\\admin_test"}]}}}
{"Event":{"System":{"Provider":{"@Name":"Microsoft-Windows-Sysmon","@Guid":"5770385f-c22a-43e0-bf4c-06f5698ffbd9"},"EventID":"5","Version":"3","Level":"4","Task":"5","Opcode":"0","Keywords":"0x8000000000000000","TimeCreated":{"@SystemTime":"2024-10-28 15:45:58.0819693"},"EventRecordID":"17986","Correlation":null,"Execution":{"@ProcessID":"3220","@ThreadID":"4000"},"Channel":"Microsoft-Windows-Sysmon/Operational","Computer":"Server002","Security":{"@UserID":"S-1-5-18"}},"EventData":{"Data":[{"@Name":"RuleName","#text":"-"},{"@Name":"UtcTime","#text":"2024-10-28 15:45:58.075"},{"@Name":"ProcessGuid","#text":"dbf410b3-b1b5-671f-cd00-000000003900"},{"@Name":"ProcessId","#text":"5612"},{"@Name":"Image","#text":"C:\\Windows\\System32\\conhost.exe"},{"@Name":"User","#text":"SERVER002\\admin_test"}]}}}
{"Event":{"System":{"Provider":{"@Name":"Microsoft-Windows-Sysmon","@Guid":"5770385f-c22a-43e0-bf4c-06f5698ffbd9"},"EventID":"5","Version":"3","Level":"4","Task":"5","Opcode":"0","Keywords":"0x8000000000000000","TimeCreated":{"@SystemTime":"2024-10-28 15:46:09.5808752"},"EventRecordID":"17987","Correlation":null,"Execution":{"@ProcessID":"3220","@ThreadID":"4000"},"Channel":"Microsoft-Windows-Sysmon/Operational","Computer":"Server002","Security":{"@UserID":"S-1-5-18"}},"EventData":{"Data":[{"@Name":"RuleName","#text":"-"},{"@Name":"UtcTime","#text":"2024-10-28 15:46:09.568"},{"@Name":"ProcessGuid","#text":"dbf410b3-b1a6-671f-b500-000000003900"},{"@Name":"ProcessId","#text":"4980"},{"@Name":"Image","#text":"C:\\Windows\\System32\\sppsvc.exe"},{"@Name":"User","#text":"NT AUTHORITY\\NETWORK SERVICE"}]}}}
{"Event":{"System":{"Provider":{"@Name":"Microsoft-Windows-Sysmon","@Guid":"5770385f-c22a-43e0-bf4c-06f5698ffbd9"},"EventID":"5","Version":"3","Level":"4","Task":"5","Opcode":"0","Keywords":"0x8000000000000000","TimeCreated":{"@SystemTime":"2024-10-28 15:46:10.0224080"},"EventRecordID":"17988","Correlation":null,"Execution":{"@ProcessID":"3220","@ThreadID":"4000"},"Channel":"Microsoft-Windows-Sysmon/Operational","Computer":"Server002","Security":{"@UserID":"S-1-5-18"}},"EventData":{"Data":[{"@Name":"RuleName","#text":"-"},{"@Name":"UtcTime","#text":"2024-10-28 15:46:10.021"},{"@Name":"ProcessGuid","#text":"dbf410b3-b156-671f-a800-000000003900"},{"@Name":"ProcessId","#text":"6120"},{"@Name":"Image","#text":"C:\\Windows\\System32\\wbem\\WmiPrvSE.exe"},{"@Name":"User","#text":"NT AUTHORITY\\SYSTEM"}]}}}
{"Event":{"System":{"Provider":{"@Name":"Microsoft-Windows-Sysmon","@Guid":"5770385f-c22a-43e0-bf4c-06f5698ffbd9"},"EventID":"5","Version":"3","Level":"4","Task":"5","Opcode":"0","Keywords":"0x8000000000000000","TimeCreated":{"@SystemTime":"2024-10-28 15:46:10.0274161"},"EventRecordID":"17989","Correlation":null,"Execution":{"@ProcessID":"3220","@ThreadID":"4000"},"Channel":"Microsoft-Windows-Sysmon/Operational","Computer":"Server002","Security":{"@UserID":"S-1-5-18"}},"EventData":{"Data":[{"@Name":"RuleName","#text":"-"},{"@Name":"UtcTime","#text":"2024-10-28 15:46:10.025"},{"@Name":"ProcessGuid","#text":"dbf410b3-b141-671f-8600-000000003900"},{"@Name":"ProcessId","#text":"4464"},{"@Name":"Image","#text":"C:\\Windows\\System32\\wbem\\WmiPrvSE.exe"},{"@Name":"User","#text":"NT AUTHORITY\\NETWORK SERVICE"}]}}}
{"Event":{"System":{"Provider":{"@Name":"Microsoft-Windows-Sysmon","@Guid":"5770385f-c22a-43e0-bf4c-06f5698ffbd9"},"EventID":"5","Version":"3","Level":"4","Task":"5","Opcode":"0","Keywords":"0x8000000000000000","TimeCreated":{"@SystemTime":"2024-10-28 15:46:14.7588632"},"EventRecordID":"17990","Correlation":null,"Execution":{"@ProcessID":"3220","@ThreadID":"4000"},"Channel":"Microsoft-Windows-Sysmon/Operational","Computer":"Server002","Security":{"@UserID":"S-1-5-18"}},"EventData":{"Data":[{"@Name":"RuleName","#text":"-"},{"@Name":"UtcTime","#text":"2024-10-28 15:46:14.745"},{"@Name":"ProcessGuid","#text":"dbf410b3-b142-671f-8800-000000003900"},{"@Name":"ProcessId","#text":"5296"},{"@Name":"Image","#text":"C:\\Windows\\WinSxS\\amd64_microsoft-windows-servicingstack_31bf3856ad364e35_10.0.19041.4950_none_7dd913727cb4d87c\\TiWorker.exe"},{"@Name":"User","#text":"NT AUTHORITY\\SYSTEM"}]}}}
{"Event":{"System":{"Provider":{"@Name":"Microsoft-Windows-Sysmon","@Guid":"5770385f-c22a-43e0-bf4c-06f5698ffbd9"},"EventID":"5","Version":"3","Level":"4","Task":"5","Opcode":"0","Keywords":"0x8000000000000000","TimeCreated":{"@SystemTime":"2024-10-28 15:46:14.7733409"},"EventRecordID":"17991","Correlation":null,"Execution":{"@ProcessID":"3220","@ThreadID":"4000"},"Channel":"Microsoft-Windows-Sysmon/Operational","Computer":"Server002","Security":{"@UserID":"S-1-5-18"}},"EventData":{"Data":[{"@Name":"RuleName","#text":"-"},{"@Name":"UtcTime","#text":"2024-10-28 15:46:14.770"},{"@Name":"ProcessGuid","#text":"dbf410b3-b142-671f-8700-000000003900"},{"@Name":"ProcessId","#text":"5256"},{"@Name":"Image","#text":"C:\\Windows\\servicing\\TrustedInstaller.exe"},{"@Name":"User","#text":"NT AUTHORITY\\SYSTEM"}]}}}
