

{"Event":{"System":{"Provider":{"@Name":"Microsoft-Windows-Kernel-General","@Guid":"a68ca8b7-004f-d7b6-a698-07e2de0f1f5d"},"EventID":"24","Version":"0","Level":"4","Task":"11","Opcode":"0","Keywords":"0x8000000000000010","TimeCreated":{"@SystemTime":"2024-10-23 18:35:24.4995763"},"EventRecordID":"3568","Correlation":null,"Execution":{"@ProcessID":"2868","@ThreadID":"4740"},"Channel":"System","Computer":"Server002","Security":{"@UserID":"S-1-5-19"}},"EventData":{"Data":[{"@Name":"ExitReason","#text":"0"},{"@Name":"CurrentBias","#text":"-60"},{"@Name":"CurrentTimeZoneID","#text":"2"},{"@Name":"TimeZoneInfoCacheUpdated","#text":"0"},{"@Name":"FirstRefresh","#text":"0"}]}}}
{"Event":{"System":{"Provider":{"@Name":"Microsoft-Windows-Kernel-General","@Guid":"a68ca8b7-004f-d7b6-a698-07e2de0f1f5d"},"EventID":"1","Version":"2","Level":"4","Task":"5","Opcode":"0","Keywords":"0x8000000000000010","TimeCreated":{"@SystemTime":"2024-10-23 18:35:24.4998308"},"EventRecordID":"3569","Correlation":null,"Execution":{"@ProcessID":"2868","@ThreadID":"4740"},"Channel":"System","Computer":"Server002","Security":{"@UserID":"S-1-5-19"}},"EventData":{"Data":[{"@Name":"NewTime","#text":"2024-10-23 18:35:24.4991026"},{"@Name":"OldTime","#text":"2024-10-23 18:35:02.0325681"},{"@Name":"Reason","#text":"1"},{"@Name":"ProcessName","#text":"\\Device\\HarddiskVolume2\\Windows\\System32\\svchost.exe"},{"@Name":"ProcessID","#text":"2868"}]}}}
{"Event":{"System":{"Provider":{"@Name":"Microsoft-Windows-Time-Service","@Guid":"06edcfeb-0fd0-4e53-acca-a6f8bbf81bcb"},"EventID":"35","Version":"0","Level":"4","Task":"0","Opcode":"0","Keywords":"0x8000000000000000","TimeCreated":{"@SystemTime":"2024-10-23 18:35:24.5003133"},"EventRecordID":"3570","Correlation":null,"Execution":{"@ProcessID":"2868","@ThreadID":"5068"},"Channel":"System","Computer":"Server002","Security":{"@UserID":"S-1-5-19"}},"EventData":{"@Name":"TMP_EVENT_TIME_SOURCE_CHOSEN","Data":[{"@Name":"TimeSource","#text":"time.windows.com,0x9 (ntp.m|0x9|0.0.0.0:123-&gt;20.101.57.9:123)"},{"@Name":"TimeSourceRefId","#text":"154756372"},{"@Name":"CurrentStratumNumber","#text":"4"}]}}}
{"Event":{"System":{"Provider":{"@Name":"Microsoft-Windows-Kernel-General","@Guid":"a68ca8b7-004f-d7b6-a698-07e2de0f1f5d"},"EventID":"24","Version":"0","Level":"4","Task":"11","Opcode":"0","Keywords":"0x8000000000000010","TimeCreated":{"@SystemTime":"2024-10-23 18:35:24.5003793"},"EventRecordID":"3571","Correlation":null,"Execution":{"@ProcessID":"2868","@ThreadID":"4740"},"Channel":"System","Computer":"Server002","Security":{"@UserID":"S-1-5-19"}},"EventData":{"Data":[{"@Name":"ExitReason","#text":"0"},{"@Name":"CurrentBias","#text":"-60"},{"@Name":"CurrentTimeZoneID","#text":"2"},{"@Name":"TimeZoneInfoCacheUpdated","#text":"0"},{"@Name":"FirstRefresh","#text":"0"}]}}}
{"Event":{"System":{"Provider":{"@Name":"Microsoft-Windows-Kernel-General","@Guid":"a68ca8b7-004f-d7b6-a698-07e2de0f1f5d"},"EventID":"1","Version":"2","Level":"4","Task":"5","Opcode":"0","Keywords":"0x8000000000000010","TimeCreated":{"@SystemTime":"2024-10-23 18:35:24.5005229"},"EventRecordID":"3572","Correlation":null,"Execution":{"@ProcessID":"2868","@ThreadID":"4740"},"Channel":"System","Computer":"Server002","Security":{"@UserID":"S-1-5-19"}},"EventData":{"Data":[{"@Name":"NewTime","#text":"2024-10-23 18:35:24.5002966"},{"@Name":"OldTime","#text":"2024-10-23 18:35:24.4993685"},{"@Name":"Reason","#text":"1"},{"@Name":"ProcessName","#text":"\\Device\\HarddiskVolume2\\Windows\\System32\\svchost.exe"},{"@Name":"ProcessID","#text":"2868"}]}}}
