{"Event":{"System":{"Provider":{"@Name":"edgeupdate"},"EventID":{"@Qualifiers":"0","#text":"0"},"Version":"0","Level":"4","Task":"0","Opcode":"0","Keywords":"0x80000000000000","TimeCreated":{"@SystemTime":"2024-10-26 17:45:33.4765061"},"EventRecordID":"2384","Correlation":null,"Execution":{"@ProcessID":"0","@ThreadID":"0"},"Channel":"Application","Computer":"Server002","Security":null},"EventData":{"Data":"Service stopped","Binary":""}}}
{"Event":{"System":{"Provider":{"@Name":"edgeupdate"},"EventID":{"@Qualifiers":"0","#text":"0"},"Version":"0","Level":"4","Task":"0","Opcode":"0","Keywords":"0x80000000000000","TimeCreated":{"@SystemTime":"2024-10-26 17:45:38.2744915"},"EventRecordID":"2385","Correlation":null,"Execution":{"@ProcessID":"0","@ThreadID":"0"},"Channel":"Application","Computer":"Server002","Security":null},"EventData":{"Data":"Service stopped","Binary":""}}}
{"Event":{"System":{"Provider":{"@Name":"Microsoft-Windows-Security-SPP","@Guid":"{E23B33B0-C8C9-472C-A5F9-F2BDFEA0F156}","@EventSourceName":"Software Protection Platform Service"},"EventID":{"@Qualifiers":"49152","#text":"16394"},"Version":"0","Level":"4","Task":"0","Opcode":"0","Keywords":"0x80000000000000","TimeCreated":{"@SystemTime":"2024-10-26 17:45:51.3447763"},"EventRecordID":"2386","Correlation":null,"Execution":{"@ProcessID":"0","@ThreadID":"0"},"Channel":"Application","Computer":"Server002","Security":null},"EventData":{"Data":"","Binary":""}}}
{"Event":{"System":{"Provider":{"@Name":"SecurityCenter"},"EventID":{"@Qualifiers":"0","#text":"15"},"Version":"0","Level":"4","Task":"0","Opcode":"0","Keywords":"0x80000000000000","TimeCreated":{"@SystemTime":"2024-10-26 17:46:11.8504964"},"EventRecordID":"2387","Correlation":null,"Execution":{"@ProcessID":"0","@ThreadID":"0"},"Channel":"Application","Computer":"Server002","Security":null},"EventData":{"Data":"Windows Defender, SECURITY_PRODUCT_STATE_ON","Binary":""}}}
{"Event":{"System":{"Provider":{"@Name":"Microsoft-Windows-Security-SPP","@Guid":"{E23B33B0-C8C9-472C-A5F9-F2BDFEA0F156}","@EventSourceName":"Software Protection Platform Service"},"EventID":{"@Qualifiers":"16384","#text":"16384"},"Version":"0","Level":"4","Task":"0","Opcode":"0","Keywords":"0x80000000000000","TimeCreated":{"@SystemTime":"2024-10-26 17:46:51.4474624"},"EventRecordID":"2388","Correlation":null,"Execution":{"@ProcessID":"0","@ThreadID":"0"},"Channel":"Application","Computer":"Server002","Security":null},"EventData":{"Data":"2024-10-27T17:42:51Z, RulesEngine","Binary":""}}}
{"Event":{"System":{"Provider":{"@Name":"Microsoft-Windows-Security-SPP","@Guid":"{E23B33B0-C8C9-472C-A5F9-F2BDFEA0F156}","@EventSourceName":"Software Protection Platform Service"},"EventID":{"@Qualifiers":"49152","#text":"16394"},"Version":"0","Level":"4","Task":"0","Opcode":"0","Keywords":"0x80000000000000","TimeCreated":{"@SystemTime":"2024-10-26 17:46:57.4312109"},"EventRecordID":"2389","Correlation":null,"Execution":{"@ProcessID":"0","@ThreadID":"0"},"Channel":"Application","Computer":"Server002","Security":null},"EventData":{"Data":"","Binary":""}}}
