{"Event":{"System":{"Provider":{"@Name":"PowerShell"},"EventID":{"@Qualifiers":"0","#text":"600"},"Version":"0","Level":"4","Task":"6","Opcode":"0","Keywords":"0x80000000000000","TimeCreated":{"@SystemTime":"2024-10-22 18:44:52.3625353"},"EventRecordID":"1067","Correlation":null,"Execution":{"@ProcessID":"0","@ThreadID":"0"},"Channel":"Windows PowerShell","Computer":"Server002","Security":null},"EventData":{"Data":"Registry, Started, \tProviderName=Registry\r\n\tNewProviderState=Started\r\n\r\n\tSequenceNumber=1\r\n\r\n\tHostName=ConsoleHost\r\n\tHostVersion=5.1.19041.5007\r\n\tHostId=1c300a28-092a-4f37-8bd7-be977dfe8313\r\n\tHostApplication=powershell.exe &amp; {Start-Process \"C:\\Users\\ADMIN_~1\\AppData\\Local\\Temp\\file\\data.015\\bin\\ListPlanting.exe\"\r\nStart-Sleep -Seconds 7\r\nGet-Process -Name Notepad -ErrorAction SilentlyContinue | Stop-Process -Force}\r\n\tEngineVersion=\r\n\tRunspaceId=\r\n\tPipelineId=\r\n\tCommandName=\r\n\tCommandType=\r\n\tScriptName=\r\n\tCommandPath=\r\n\tCommandLine=","Binary":""}}}
{"Event":{"System":{"Provider":{"@Name":"PowerShell"},"EventID":{"@Qualifiers":"0","#text":"600"},"Version":"0","Level":"4","Task":"6","Opcode":"0","Keywords":"0x80000000000000","TimeCreated":{"@SystemTime":"2024-10-22 18:44:52.3625353"},"EventRecordID":"1068","Correlation":null,"Execution":{"@ProcessID":"0","@ThreadID":"0"},"Channel":"Windows PowerShell","Computer":"Server002","Security":null},"EventData":{"Data":"Alias, Started, \tProviderName=Alias\r\n\tNewProviderState=Started\r\n\r\n\tSequenceNumber=3\r\n\r\n\tHostName=ConsoleHost\r\n\tHostVersion=5.1.19041.5007\r\n\tHostId=1c300a28-092a-4f37-8bd7-be977dfe8313\r\n\tHostApplication=powershell.exe &amp; {Start-Process \"C:\\Users\\ADMIN_~1\\AppData\\Local\\Temp\\file\\data.015\\bin\\ListPlanting.exe\"\r\nStart-Sleep -Seconds 7\r\nGet-Process -Name Notepad -ErrorAction SilentlyContinue | Stop-Process -Force}\r\n\tEngineVersion=\r\n\tRunspaceId=\r\n\tPipelineId=\r\n\tCommandName=\r\n\tCommandType=\r\n\tScriptName=\r\n\tCommandPath=\r\n\tCommandLine=","Binary":""}}}
{"Event":{"System":{"Provider":{"@Name":"PowerShell"},"EventID":{"@Qualifiers":"0","#text":"600"},"Version":"0","Level":"4","Task":"6","Opcode":"0","Keywords":"0x80000000000000","TimeCreated":{"@SystemTime":"2024-10-22 18:44:52.3625353"},"EventRecordID":"1069","Correlation":null,"Execution":{"@ProcessID":"0","@ThreadID":"0"},"Channel":"Windows PowerShell","Computer":"Server002","Security":null},"EventData":{"Data":"Environment, Started, \tProviderName=Environment\r\n\tNewProviderState=Started\r\n\r\n\tSequenceNumber=5\r\n\r\n\tHostName=ConsoleHost\r\n\tHostVersion=5.1.19041.5007\r\n\tHostId=1c300a28-092a-4f37-8bd7-be977dfe8313\r\n\tHostApplication=powershell.exe &amp; {Start-Process \"C:\\Users\\ADMIN_~1\\AppData\\Local\\Temp\\file\\data.015\\bin\\ListPlanting.exe\"\r\nStart-Sleep -Seconds 7\r\nGet-Process -Name Notepad -ErrorAction SilentlyContinue | Stop-Process -Force}\r\n\tEngineVersion=\r\n\tRunspaceId=\r\n\tPipelineId=\r\n\tCommandName=\r\n\tCommandType=\r\n\tScriptName=\r\n\tCommandPath=\r\n\tCommandLine=","Binary":""}}}
{"Event":{"System":{"Provider":{"@Name":"PowerShell"},"EventID":{"@Qualifiers":"0","#text":"600"},"Version":"0","Level":"4","Task":"6","Opcode":"0","Keywords":"0x80000000000000","TimeCreated":{"@SystemTime":"2024-10-22 18:44:52.3625353"},"EventRecordID":"1070","Correlation":null,"Execution":{"@ProcessID":"0","@ThreadID":"0"},"Channel":"Windows PowerShell","Computer":"Server002","Security":null},"EventData":{"Data":"FileSystem, Started, \tProviderName=FileSystem\r\n\tNewProviderState=Started\r\n\r\n\tSequenceNumber=7\r\n\r\n\tHostName=ConsoleHost\r\n\tHostVersion=5.1.19041.5007\r\n\tHostId=1c300a28-092a-4f37-8bd7-be977dfe8313\r\n\tHostApplication=powershell.exe &amp; {Start-Process \"C:\\Users\\ADMIN_~1\\AppData\\Local\\Temp\\file\\data.015\\bin\\ListPlanting.exe\"\r\nStart-Sleep -Seconds 7\r\nGet-Process -Name Notepad -ErrorAction SilentlyContinue | Stop-Process -Force}\r\n\tEngineVersion=\r\n\tRunspaceId=\r\n\tPipelineId=\r\n\tCommandName=\r\n\tCommandType=\r\n\tScriptName=\r\n\tCommandPath=\r\n\tCommandLine=","Binary":""}}}
{"Event":{"System":{"Provider":{"@Name":"PowerShell"},"EventID":{"@Qualifiers":"0","#text":"600"},"Version":"0","Level":"4","Task":"6","Opcode":"0","Keywords":"0x80000000000000","TimeCreated":{"@SystemTime":"2024-10-22 18:44:52.3625353"},"EventRecordID":"1071","Correlation":null,"Execution":{"@ProcessID":"0","@ThreadID":"0"},"Channel":"Windows PowerShell","Computer":"Server002","Security":null},"EventData":{"Data":"Function, Started, \tProviderName=Function\r\n\tNewProviderState=Started\r\n\r\n\tSequenceNumber=9\r\n\r\n\tHostName=ConsoleHost\r\n\tHostVersion=5.1.19041.5007\r\n\tHostId=1c300a28-092a-4f37-8bd7-be977dfe8313\r\n\tHostApplication=powershell.exe &amp; {Start-Process \"C:\\Users\\ADMIN_~1\\AppData\\Local\\Temp\\file\\data.015\\bin\\ListPlanting.exe\"\r\nStart-Sleep -Seconds 7\r\nGet-Process -Name Notepad -ErrorAction SilentlyContinue | Stop-Process -Force}\r\n\tEngineVersion=\r\n\tRunspaceId=\r\n\tPipelineId=\r\n\tCommandName=\r\n\tCommandType=\r\n\tScriptName=\r\n\tCommandPath=\r\n\tCommandLine=","Binary":""}}}
{"Event":{"System":{"Provider":{"@Name":"PowerShell"},"EventID":{"@Qualifiers":"0","#text":"600"},"Version":"0","Level":"4","Task":"6","Opcode":"0","Keywords":"0x80000000000000","TimeCreated":{"@SystemTime":"2024-10-22 18:44:52.3625353"},"EventRecordID":"1072","Correlation":null,"Execution":{"@ProcessID":"0","@ThreadID":"0"},"Channel":"Windows PowerShell","Computer":"Server002","Security":null},"EventData":{"Data":"Variable, Started, \tProviderName=Variable\r\n\tNewProviderState=Started\r\n\r\n\tSequenceNumber=11\r\n\r\n\tHostName=ConsoleHost\r\n\tHostVersion=5.1.19041.5007\r\n\tHostId=1c300a28-092a-4f37-8bd7-be977dfe8313\r\n\tHostApplication=powershell.exe &amp; {Start-Process \"C:\\Users\\ADMIN_~1\\AppData\\Local\\Temp\\file\\data.015\\bin\\ListPlanting.exe\"\r\nStart-Sleep -Seconds 7\r\nGet-Process -Name Notepad -ErrorAction SilentlyContinue | Stop-Process -Force}\r\n\tEngineVersion=\r\n\tRunspaceId=\r\n\tPipelineId=\r\n\tCommandName=\r\n\tCommandType=\r\n\tScriptName=\r\n\tCommandPath=\r\n\tCommandLine=","Binary":""}}}
{"Event":{"System":{"Provider":{"@Name":"PowerShell"},"EventID":{"@Qualifiers":"0","#text":"400"},"Version":"0","Level":"4","Task":"4","Opcode":"0","Keywords":"0x80000000000000","TimeCreated":{"@SystemTime":"2024-10-22 18:44:52.3625353"},"EventRecordID":"1073","Correlation":null,"Execution":{"@ProcessID":"0","@ThreadID":"0"},"Channel":"Windows PowerShell","Computer":"Server002","Security":null},"EventData":{"Data":"Available, None, \tNewEngineState=Available\r\n\tPreviousEngineState=None\r\n\r\n\tSequenceNumber=13\r\n\r\n\tHostName=ConsoleHost\r\n\tHostVersion=5.1.19041.5007\r\n\tHostId=1c300a28-092a-4f37-8bd7-be977dfe8313\r\n\tHostApplication=powershell.exe &amp; {Start-Process \"C:\\Users\\ADMIN_~1\\AppData\\Local\\Temp\\file\\data.015\\bin\\ListPlanting.exe\"\r\nStart-Sleep -Seconds 7\r\nGet-Process -Name Notepad -ErrorAction SilentlyContinue | Stop-Process -Force}\r\n\tEngineVersion=5.1.19041.5007\r\n\tRunspaceId=04061c7b-59ee-4a4e-a9e3-0029ecb4f952\r\n\tPipelineId=\r\n\tCommandName=\r\n\tCommandType=\r\n\tScriptName=\r\n\tCommandPath=\r\n\tCommandLine=","Binary":""}}}
{"Event":{"System":{"Provider":{"@Name":"PowerShell"},"EventID":{"@Qualifiers":"0","#text":"403"},"Version":"0","Level":"4","Task":"4","Opcode":"0","Keywords":"0x80000000000000","TimeCreated":{"@SystemTime":"2024-10-22 18:45:02.1865242"},"EventRecordID":"1074","Correlation":null,"Execution":{"@ProcessID":"0","@ThreadID":"0"},"Channel":"Windows PowerShell","Computer":"Server002","Security":null},"EventData":{"Data":"Stopped, Available, \tNewEngineState=Stopped\r\n\tPreviousEngineState=Available\r\n\r\n\tSequenceNumber=16\r\n\r\n\tHostName=ConsoleHost\r\n\tHostVersion=5.1.19041.5007\r\n\tHostId=1c300a28-092a-4f37-8bd7-be977dfe8313\r\n\tHostApplication=powershell.exe &amp; {Start-Process \"C:\\Users\\ADMIN_~1\\AppData\\Local\\Temp\\file\\data.015\\bin\\ListPlanting.exe\"\r\nStart-Sleep -Seconds 7\r\nGet-Process -Name Notepad -ErrorAction SilentlyContinue | Stop-Process -Force}\r\n\tEngineVersion=5.1.19041.5007\r\n\tRunspaceId=04061c7b-59ee-4a4e-a9e3-0029ecb4f952\r\n\tPipelineId=\r\n\tCommandName=\r\n\tCommandType=\r\n\tScriptName=\r\n\tCommandPath=\r\n\tCommandLine=","Binary":""}}}
