{"Event":{"System":{"Provider":{"@Name":"Microsoft-Windows-Sysmon","@Guid":"5770385f-c22a-43e0-bf4c-06f5698ffbd9"},"EventID":"1","Version":"5","Level":"4","Task":"1","Opcode":"0","Keywords":"0x8000000000000000","TimeCreated":{"@SystemTime":"2025-06-22 20:59:34.2756301"},"EventRecordID":"65660","Correlation":null,"Execution":{"@ProcessID":"3320","@ThreadID":"4124"},"Channel":"Microsoft-Windows-Sysmon/Operational","Computer":"Server002","Security":{"@UserID":"S-1-5-18"}},"EventData":{"Data":[{"@Name":"RuleName","#text":"-"},{"@Name":"UtcTime","#text":"2025-06-22 20:59:34.262"},{"@Name":"ProcessGuid","#text":"dbf410b3-6eb6-6858-5102-000000004600"},{"@Name":"ProcessId","#text":"11088"},{"@Name":"Image","#text":"C:\\Windows\\System32\\conhost.exe"},{"@Name":"FileVersion","#text":"10.0.19041.5198 (WinBuild.160101.0800)"},{"@Name":"Description","#text":"Console Window Host"},{"@Name":"Product","#text":"Microsoft® Windows® Operating System"},{"@Name":"Company","#text":"Microsoft Corporation"},{"@Name":"OriginalFileName","#text":"CONHOST.EXE"},{"@Name":"CommandLine","#text":"\\??\\C:\\Windows\\system32\\conhost.exe 0xffffffff -ForceV1"},{"@Name":"CurrentDirectory","#text":"C:\\Windows"},{"@Name":"User","#text":"NT AUTHORITY\\SYSTEM"},{"@Name":"LogonGuid","#text":"dbf410b3-8443-6858-e703-000000000000"},{"@Name":"LogonId","#text":"0x3E7"},{"@Name":"TerminalSessionId","#text":"0"},{"@Name":"IntegrityLevel","#text":"System"},{"@Name":"Hashes","#text":"SHA256=B02EE54FB2EC69673386D41119EE8ED083A6EAB3BFCA6AA2155D20CE68EF8963"},{"@Name":"ParentProcessGuid","#text":"dbf410b3-6eb6-6858-5002-000000004600"},{"@Name":"ParentProcessId","#text":"9736"},{"@Name":"ParentImage","#text":"C:\\Windows\\SysWOW64\\schtasks.exe"},{"@Name":"ParentCommandLine","#text":"schtasks.exe /Delete /F /tn \"Microsoft\\Office\\Office Feature Updates\""},{"@Name":"ParentUser","#text":"NT AUTHORITY\\SYSTEM"}]}}}
{"Event":{"System":{"Provider":{"@Name":"Microsoft-Windows-Sysmon","@Guid":"5770385f-c22a-43e0-bf4c-06f5698ffbd9"},"EventID":"5","Version":"3","Level":"4","Task":"5","Opcode":"0","Keywords":"0x8000000000000000","TimeCreated":{"@SystemTime":"2025-06-22 20:59:35.0317386"},"EventRecordID":"65661","Correlation":null,"Execution":{"@ProcessID":"3320","@ThreadID":"4124"},"Channel":"Microsoft-Windows-Sysmon/Operational","Computer":"Server002","Security":{"@UserID":"S-1-5-18"}},"EventData":{"Data":[{"@Name":"RuleName","#text":"-"},{"@Name":"UtcTime","#text":"2025-06-22 20:59:35.026"},{"@Name":"ProcessGuid","#text":"dbf410b3-6eb6-6858-5002-000000004600"},{"@Name":"ProcessId","#text":"9736"},{"@Name":"Image","#text":"C:\\Windows\\SysWOW64\\schtasks.exe"},{"@Name":"User","#text":"NT AUTHORITY\\SYSTEM"}]}}}
{"Event":{"System":{"Provider":{"@Name":"Microsoft-Windows-Sysmon","@Guid":"5770385f-c22a-43e0-bf4c-06f5698ffbd9"},"EventID":"5","Version":"3","Level":"4","Task":"5","Opcode":"0","Keywords":"0x8000000000000000","TimeCreated":{"@SystemTime":"2025-06-22 20:59:35.0629079"},"EventRecordID":"65662","Correlation":null,"Execution":{"@ProcessID":"3320","@ThreadID":"4124"},"Channel":"Microsoft-Windows-Sysmon/Operational","Computer":"Server002","Security":{"@UserID":"S-1-5-18"}},"EventData":{"Data":[{"@Name":"RuleName","#text":"-"},{"@Name":"UtcTime","#text":"2025-06-22 20:59:35.041"},{"@Name":"ProcessGuid","#text":"dbf410b3-6eb6-6858-5102-000000004600"},{"@Name":"ProcessId","#text":"11088"},{"@Name":"Image","#text":"C:\\Windows\\System32\\conhost.exe"},{"@Name":"User","#text":"NT AUTHORITY\\SYSTEM"}]}}}
{"Event":{"System":{"Provider":{"@Name":"Microsoft-Windows-Sysmon","@Guid":"5770385f-c22a-43e0-bf4c-06f5698ffbd9"},"EventID":"1","Version":"5","Level":"4","Task":"1","Opcode":"0","Keywords":"0x8000000000000000","TimeCreated":{"@SystemTime":"2025-06-22 20:59:35.0653098"},"EventRecordID":"65663","Correlation":null,"Execution":{"@ProcessID":"3320","@ThreadID":"4124"},"Channel":"Microsoft-Windows-Sysmon/Operational","Computer":"Server002","Security":{"@UserID":"S-1-5-18"}},"EventData":{"Data":[{"@Name":"RuleName","#text":"-"},{"@Name":"UtcTime","#text":"2025-06-22 20:59:35.048"},{"@Name":"ProcessGuid","#text":"dbf410b3-6eb7-6858-5202-000000004600"},{"@Name":"ProcessId","#text":"6284"},{"@Name":"Image","#text":"C:\\Windows\\SysWOW64\\schtasks.exe"},{"@Name":"FileVersion","#text":"10.0.19041.3636 (WinBuild.160101.0800)"},{"@Name":"Description","#text":"Task Scheduler Configuration Tool"},{"@Name":"Product","#text":"Microsoft® Windows® Operating System"},{"@Name":"Company","#text":"Microsoft Corporation"},{"@Name":"OriginalFileName","#text":"schtasks.exe"},{"@Name":"CommandLine","#text":"schtasks.exe /Delete /F /tn \"Microsoft\\Office\\Office Feature Updates Logon\""},{"@Name":"CurrentDirectory","#text":"C:\\Program Files\\Common Files\\Microsoft Shared\\ClickToRun\\"},{"@Name":"User","#text":"NT AUTHORITY\\SYSTEM"},{"@Name":"LogonGuid","#text":"dbf410b3-8443-6858-e703-000000000000"},{"@Name":"LogonId","#text":"0x3E7"},{"@Name":"TerminalSessionId","#text":"0"},{"@Name":"IntegrityLevel","#text":"System"},{"@Name":"Hashes","#text":"SHA256=29F6FC1BB0E68CB4FC1EC597604EC5ACA7FCEF7D0D9241218596D941F04F16E7"},{"@Name":"ParentProcessGuid","#text":"dbf410b3-6eb3-6858-4e02-000000004600"},{"@Name":"ParentProcessId","#text":"6132"},{"@Name":"ParentImage","#text":"C:\\Program Files (x86)\\Microsoft Office\\root\\Integration\\Integrator.exe"},{"@Name":"ParentCommandLine","#text":"integrator.exe /I /Extension /Msi /C2R PackageGUID=\"9AC08E99-230B-47e8-9721-4577B7F124EA\" PackageRoot=\"C:\\Program Files (x86)\\Microsoft Office\\root\""},{"@Name":"ParentUser","#text":"NT AUTHORITY\\SYSTEM"}]}}}
{"Event":{"System":{"Provider":{"@Name":"Microsoft-Windows-Sysmon","@Guid":"5770385f-c22a-43e0-bf4c-06f5698ffbd9"},"EventID":"1","Version":"5","Level":"4","Task":"1","Opcode":"0","Keywords":"0x8000000000000000","TimeCreated":{"@SystemTime":"2025-06-22 20:59:35.0887654"},"EventRecordID":"65664","Correlation":null,"Execution":{"@ProcessID":"3320","@ThreadID":"4124"},"Channel":"Microsoft-Windows-Sysmon/Operational","Computer":"Server002","Security":{"@UserID":"S-1-5-18"}},"EventData":{"Data":[{"@Name":"RuleName","#text":"-"},{"@Name":"UtcTime","#text":"2025-06-22 20:59:35.080"},{"@Name":"ProcessGuid","#text":"dbf410b3-6eb7-6858-5302-000000004600"},{"@Name":"ProcessId","#text":"6660"},{"@Name":"Image","#text":"C:\\Windows\\System32\\conhost.exe"},{"@Name":"FileVersion","#text":"10.0.19041.5198 (WinBuild.160101.0800)"},{"@Name":"Description","#text":"Console Window Host"},{"@Name":"Product","#text":"Microsoft® Windows® Operating System"},{"@Name":"Company","#text":"Microsoft Corporation"},{"@Name":"OriginalFileName","#text":"CONHOST.EXE"},{"@Name":"CommandLine","#text":"\\??\\C:\\Windows\\system32\\conhost.exe 0xffffffff -ForceV1"},{"@Name":"CurrentDirectory","#text":"C:\\Windows"},{"@Name":"User","#text":"NT AUTHORITY\\SYSTEM"},{"@Name":"LogonGuid","#text":"dbf410b3-8443-6858-e703-000000000000"},{"@Name":"LogonId","#text":"0x3E7"},{"@Name":"TerminalSessionId","#text":"0"},{"@Name":"IntegrityLevel","#text":"System"},{"@Name":"Hashes","#text":"SHA256=B02EE54FB2EC69673386D41119EE8ED083A6EAB3BFCA6AA2155D20CE68EF8963"},{"@Name":"ParentProcessGuid","#text":"dbf410b3-6eb7-6858-5202-000000004600"},{"@Name":"ParentProcessId","#text":"6284"},{"@Name":"ParentImage","#text":"C:\\Windows\\SysWOW64\\schtasks.exe"},{"@Name":"ParentCommandLine","#text":"schtasks.exe /Delete /F /tn \"Microsoft\\Office\\Office Feature Updates Logon\""},{"@Name":"ParentUser","#text":"NT AUTHORITY\\SYSTEM"}]}}}
{"Event":{"System":{"Provider":{"@Name":"Microsoft-Windows-Sysmon","@Guid":"5770385f-c22a-43e0-bf4c-06f5698ffbd9"},"EventID":"5","Version":"3","Level":"4","Task":"5","Opcode":"0","Keywords":"0x8000000000000000","TimeCreated":{"@SystemTime":"2025-06-22 20:59:35.3149677"},"EventRecordID":"65665","Correlation":null,"Execution":{"@ProcessID":"3320","@ThreadID":"4124"},"Channel":"Microsoft-Windows-Sysmon/Operational","Computer":"Server002","Security":{"@UserID":"S-1-5-18"}},"EventData":{"Data":[{"@Name":"RuleName","#text":"-"},{"@Name":"UtcTime","#text":"2025-06-22 20:59:35.308"},{"@Name":"ProcessGuid","#text":"dbf410b3-6eb7-6858-5202-000000004600"},{"@Name":"ProcessId","#text":"6284"},{"@Name":"Image","#text":"C:\\Windows\\SysWOW64\\schtasks.exe"},{"@Name":"User","#text":"NT AUTHORITY\\SYSTEM"}]}}}
{"Event":{"System":{"Provider":{"@Name":"Microsoft-Windows-Sysmon","@Guid":"5770385f-c22a-43e0-bf4c-06f5698ffbd9"},"EventID":"5","Version":"3","Level":"4","Task":"5","Opcode":"0","Keywords":"0x8000000000000000","TimeCreated":{"@SystemTime":"2025-06-22 20:59:35.3235207"},"EventRecordID":"65666","Correlation":null,"Execution":{"@ProcessID":"3320","@ThreadID":"4124"},"Channel":"Microsoft-Windows-Sysmon/Operational","Computer":"Server002","Security":{"@UserID":"S-1-5-18"}},"EventData":{"Data":[{"@Name":"RuleName","#text":"-"},{"@Name":"UtcTime","#text":"2025-06-22 20:59:35.308"},{"@Name":"ProcessGuid","#text":"dbf410b3-6eb7-6858-5302-000000004600"},{"@Name":"ProcessId","#text":"6660"},{"@Name":"Image","#text":"C:\\Windows\\System32\\conhost.exe"},{"@Name":"User","#text":"NT AUTHORITY\\SYSTEM"}]}}}
{"Event":{"System":{"Provider":{"@Name":"Microsoft-Windows-Sysmon","@Guid":"5770385f-c22a-43e0-bf4c-06f5698ffbd9"},"EventID":"1","Version":"5","Level":"4","Task":"1","Opcode":"0","Keywords":"0x8000000000000000","TimeCreated":{"@SystemTime":"2025-06-22 20:59:35.3416561"},"EventRecordID":"65667","Correlation":null,"Execution":{"@ProcessID":"3320","@ThreadID":"4124"},"Channel":"Microsoft-Windows-Sysmon/Operational","Computer":"Server002","Security":{"@UserID":"S-1-5-18"}},"EventData":{"Data":[{"@Name":"RuleName","#text":"-"},{"@Name":"UtcTime","#text":"2025-06-22 20:59:35.326"},{"@Name":"ProcessGuid","#text":"dbf410b3-6eb7-6858-5402-000000004600"},{"@Name":"ProcessId","#text":"5888"},{"@Name":"Image","#text":"C:\\Windows\\SysWOW64\\schtasks.exe"},{"@Name":"FileVersion","#text":"10.0.19041.3636 (WinBuild.160101.0800)"},{"@Name":"Description","#text":"Task Scheduler Configuration Tool"},{"@Name":"Product","#text":"Microsoft® Windows® Operating System"},{"@Name":"Company","#text":"Microsoft Corporation"},{"@Name":"OriginalFileName","#text":"schtasks.exe"},{"@Name":"CommandLine","#text":"schtasks.exe /Delete /F /tn \"Microsoft\\Office\\Office Apps Prewarm\""},{"@Name":"CurrentDirectory","#text":"C:\\Program Files\\Common Files\\Microsoft Shared\\ClickToRun\\"},{"@Name":"User","#text":"NT AUTHORITY\\SYSTEM"},{"@Name":"LogonGuid","#text":"dbf410b3-8443-6858-e703-000000000000"},{"@Name":"LogonId","#text":"0x3E7"},{"@Name":"TerminalSessionId","#text":"0"},{"@Name":"IntegrityLevel","#text":"System"},{"@Name":"Hashes","#text":"SHA256=29F6FC1BB0E68CB4FC1EC597604EC5ACA7FCEF7D0D9241218596D941F04F16E7"},{"@Name":"ParentProcessGuid","#text":"dbf410b3-6eb3-6858-4e02-000000004600"},{"@Name":"ParentProcessId","#text":"6132"},{"@Name":"ParentImage","#text":"C:\\Program Files (x86)\\Microsoft Office\\root\\Integration\\Integrator.exe"},{"@Name":"ParentCommandLine","#text":"integrator.exe /I /Extension /Msi /C2R PackageGUID=\"9AC08E99-230B-47e8-9721-4577B7F124EA\" PackageRoot=\"C:\\Program Files (x86)\\Microsoft Office\\root\""},{"@Name":"ParentUser","#text":"NT AUTHORITY\\SYSTEM"}]}}}
{"Event":{"System":{"Provider":{"@Name":"Microsoft-Windows-Sysmon","@Guid":"5770385f-c22a-43e0-bf4c-06f5698ffbd9"},"EventID":"1","Version":"5","Level":"4","Task":"1","Opcode":"0","Keywords":"0x8000000000000000","TimeCreated":{"@SystemTime":"2025-06-22 20:59:35.3838797"},"EventRecordID":"65668","Correlation":null,"Execution":{"@ProcessID":"3320","@ThreadID":"4124"},"Channel":"Microsoft-Windows-Sysmon/Operational","Computer":"Server002","Security":{"@UserID":"S-1-5-18"}},"EventData":{"Data":[{"@Name":"RuleName","#text":"-"},{"@Name":"UtcTime","#text":"2025-06-22 20:59:35.367"},{"@Name":"ProcessGuid","#text":"dbf410b3-6eb7-6858-5502-000000004600"},{"@Name":"ProcessId","#text":"11112"},{"@Name":"Image","#text":"C:\\Windows\\System32\\conhost.exe"},{"@Name":"FileVersion","#text":"10.0.19041.5198 (WinBuild.160101.0800)"},{"@Name":"Description","#text":"Console Window Host"},{"@Name":"Product","#text":"Microsoft® Windows® Operating System"},{"@Name":"Company","#text":"Microsoft Corporation"},{"@Name":"OriginalFileName","#text":"CONHOST.EXE"},{"@Name":"CommandLine","#text":"\\??\\C:\\Windows\\system32\\conhost.exe 0xffffffff -ForceV1"},{"@Name":"CurrentDirectory","#text":"C:\\Windows"},{"@Name":"User","#text":"NT AUTHORITY\\SYSTEM"},{"@Name":"LogonGuid","#text":"dbf410b3-8443-6858-e703-000000000000"},{"@Name":"LogonId","#text":"0x3E7"},{"@Name":"TerminalSessionId","#text":"0"},{"@Name":"IntegrityLevel","#text":"System"},{"@Name":"Hashes","#text":"SHA256=B02EE54FB2EC69673386D41119EE8ED083A6EAB3BFCA6AA2155D20CE68EF8963"},{"@Name":"ParentProcessGuid","#text":"dbf410b3-6eb7-6858-5402-000000004600"},{"@Name":"ParentProcessId","#text":"5888"},{"@Name":"ParentImage","#text":"C:\\Windows\\SysWOW64\\schtasks.exe"},{"@Name":"ParentCommandLine","#text":"schtasks.exe /Delete /F /tn \"Microsoft\\Office\\Office Apps Prewarm\""},{"@Name":"ParentUser","#text":"NT AUTHORITY\\SYSTEM"}]}}}
{"Event":{"System":{"Provider":{"@Name":"Microsoft-Windows-Sysmon","@Guid":"5770385f-c22a-43e0-bf4c-06f5698ffbd9"},"EventID":"5","Version":"3","Level":"4","Task":"5","Opcode":"0","Keywords":"0x8000000000000000","TimeCreated":{"@SystemTime":"2025-06-22 20:59:35.5523183"},"EventRecordID":"65669","Correlation":null,"Execution":{"@ProcessID":"3320","@ThreadID":"4124"},"Channel":"Microsoft-Windows-Sysmon/Operational","Computer":"Server002","Security":{"@UserID":"S-1-5-18"}},"EventData":{"Data":[{"@Name":"RuleName","#text":"-"},{"@Name":"UtcTime","#text":"2025-06-22 20:59:35.542"},{"@Name":"ProcessGuid","#text":"dbf410b3-6eb7-6858-5402-000000004600"},{"@Name":"ProcessId","#text":"5888"},{"@Name":"Image","#text":"C:\\Windows\\SysWOW64\\schtasks.exe"},{"@Name":"User","#text":"NT AUTHORITY\\SYSTEM"}]}}}
{"Event":{"System":{"Provider":{"@Name":"Microsoft-Windows-Sysmon","@Guid":"5770385f-c22a-43e0-bf4c-06f5698ffbd9"},"EventID":"1","Version":"5","Level":"4","Task":"1","Opcode":"0","Keywords":"0x8000000000000000","TimeCreated":{"@SystemTime":"2025-06-22 20:59:35.5723254"},"EventRecordID":"65670","Correlation":null,"Execution":{"@ProcessID":"3320","@ThreadID":"4124"},"Channel":"Microsoft-Windows-Sysmon/Operational","Computer":"Server002","Security":{"@UserID":"S-1-5-18"}},"EventData":{"Data":[{"@Name":"RuleName","#text":"-"},{"@Name":"UtcTime","#text":"2025-06-22 20:59:35.556"},{"@Name":"ProcessGuid","#text":"dbf410b3-6eb7-6858-5602-000000004600"},{"@Name":"ProcessId","#text":"2724"},{"@Name":"Image","#text":"C:\\Windows\\SysWOW64\\schtasks.exe"},{"@Name":"FileVersion","#text":"10.0.19041.3636 (WinBuild.160101.0800)"},{"@Name":"Description","#text":"Task Scheduler Configuration Tool"},{"@Name":"Product","#text":"Microsoft® Windows® Operating System"},{"@Name":"Company","#text":"Microsoft Corporation"},{"@Name":"OriginalFileName","#text":"schtasks.exe"},{"@Name":"CommandLine","#text":"schtasks.exe /Delete /F /tn \"Microsoft\\Office\\Office Apps Prewarm Recurring\""},{"@Name":"CurrentDirectory","#text":"C:\\Program Files\\Common Files\\Microsoft Shared\\ClickToRun\\"},{"@Name":"User","#text":"NT AUTHORITY\\SYSTEM"},{"@Name":"LogonGuid","#text":"dbf410b3-8443-6858-e703-000000000000"},{"@Name":"LogonId","#text":"0x3E7"},{"@Name":"TerminalSessionId","#text":"0"},{"@Name":"IntegrityLevel","#text":"System"},{"@Name":"Hashes","#text":"SHA256=29F6FC1BB0E68CB4FC1EC597604EC5ACA7FCEF7D0D9241218596D941F04F16E7"},{"@Name":"ParentProcessGuid","#text":"dbf410b3-6eb3-6858-4e02-000000004600"},{"@Name":"ParentProcessId","#text":"6132"},{"@Name":"ParentImage","#text":"C:\\Program Files (x86)\\Microsoft Office\\root\\Integration\\Integrator.exe"},{"@Name":"ParentCommandLine","#text":"integrator.exe /I /Extension /Msi /C2R PackageGUID=\"9AC08E99-230B-47e8-9721-4577B7F124EA\" PackageRoot=\"C:\\Program Files (x86)\\Microsoft Office\\root\""},{"@Name":"ParentUser","#text":"NT AUTHORITY\\SYSTEM"}]}}}
{"Event":{"System":{"Provider":{"@Name":"Microsoft-Windows-Sysmon","@Guid":"5770385f-c22a-43e0-bf4c-06f5698ffbd9"},"EventID":"5","Version":"3","Level":"4","Task":"5","Opcode":"0","Keywords":"0x8000000000000000","TimeCreated":{"@SystemTime":"2025-06-22 20:59:35.5724205"},"EventRecordID":"65671","Correlation":null,"Execution":{"@ProcessID":"3320","@ThreadID":"4124"},"Channel":"Microsoft-Windows-Sysmon/Operational","Computer":"Server002","Security":{"@UserID":"S-1-5-18"}},"EventData":{"Data":[{"@Name":"RuleName","#text":"-"},{"@Name":"UtcTime","#text":"2025-06-22 20:59:35.542"},{"@Name":"ProcessGuid","#text":"dbf410b3-6eb7-6858-5502-000000004600"},{"@Name":"ProcessId","#text":"11112"},{"@Name":"Image","#text":"C:\\Windows\\System32\\conhost.exe"},{"@Name":"User","#text":"NT AUTHORITY\\SYSTEM"}]}}}
{"Event":{"System":{"Provider":{"@Name":"Microsoft-Windows-Sysmon","@Guid":"5770385f-c22a-43e0-bf4c-06f5698ffbd9"},"EventID":"1","Version":"5","Level":"4","Task":"1","Opcode":"0","Keywords":"0x8000000000000000","TimeCreated":{"@SystemTime":"2025-06-22 20:59:35.5834024"},"EventRecordID":"65672","Correlation":null,"Execution":{"@ProcessID":"3320","@ThreadID":"4124"},"Channel":"Microsoft-Windows-Sysmon/Operational","Computer":"Server002","Security":{"@UserID":"S-1-5-18"}},"EventData":{"Data":[{"@Name":"RuleName","#text":"-"},{"@Name":"UtcTime","#text":"2025-06-22 20:59:35.579"},{"@Name":"ProcessGuid","#text":"dbf410b3-6eb7-6858-5702-000000004600"},{"@Name":"ProcessId","#text":"8376"},{"@Name":"Image","#text":"C:\\Windows\\System32\\conhost.exe"},{"@Name":"FileVersion","#text":"10.0.19041.5198 (WinBuild.160101.0800)"},{"@Name":"Description","#text":"Console Window Host"},{"@Name":"Product","#text":"Microsoft® Windows® Operating System"},{"@Name":"Company","#text":"Microsoft Corporation"},{"@Name":"OriginalFileName","#text":"CONHOST.EXE"},{"@Name":"CommandLine","#text":"\\??\\C:\\Windows\\system32\\conhost.exe 0xffffffff -ForceV1"},{"@Name":"CurrentDirectory","#text":"C:\\Windows"},{"@Name":"User","#text":"NT AUTHORITY\\SYSTEM"},{"@Name":"LogonGuid","#text":"dbf410b3-8443-6858-e703-000000000000"},{"@Name":"LogonId","#text":"0x3E7"},{"@Name":"TerminalSessionId","#text":"0"},{"@Name":"IntegrityLevel","#text":"System"},{"@Name":"Hashes","#text":"SHA256=B02EE54FB2EC69673386D41119EE8ED083A6EAB3BFCA6AA2155D20CE68EF8963"},{"@Name":"ParentProcessGuid","#text":"dbf410b3-6eb7-6858-5602-000000004600"},{"@Name":"ParentProcessId","#text":"2724"},{"@Name":"ParentImage","#text":"C:\\Windows\\SysWOW64\\schtasks.exe"},{"@Name":"ParentCommandLine","#text":"schtasks.exe /Delete /F /tn \"Microsoft\\Office\\Office Apps Prewarm Recurring\""},{"@Name":"ParentUser","#text":"NT AUTHORITY\\SYSTEM"}]}}}
{"Event":{"System":{"Provider":{"@Name":"Microsoft-Windows-Sysmon","@Guid":"5770385f-c22a-43e0-bf4c-06f5698ffbd9"},"EventID":"5","Version":"3","Level":"4","Task":"5","Opcode":"0","Keywords":"0x8000000000000000","TimeCreated":{"@SystemTime":"2025-06-22 20:59:35.6857448"},"EventRecordID":"65673","Correlation":null,"Execution":{"@ProcessID":"3320","@ThreadID":"4124"},"Channel":"Microsoft-Windows-Sysmon/Operational","Computer":"Server002","Security":{"@UserID":"S-1-5-18"}},"EventData":{"Data":[{"@Name":"RuleName","#text":"-"},{"@Name":"UtcTime","#text":"2025-06-22 20:59:35.649"},{"@Name":"ProcessGuid","#text":"dbf410b3-6eb7-6858-5602-000000004600"},{"@Name":"ProcessId","#text":"2724"},{"@Name":"Image","#text":"C:\\Windows\\SysWOW64\\schtasks.exe"},{"@Name":"User","#text":"NT AUTHORITY\\SYSTEM"}]}}}
{"Event":{"System":{"Provider":{"@Name":"Microsoft-Windows-Sysmon","@Guid":"5770385f-c22a-43e0-bf4c-06f5698ffbd9"},"EventID":"5","Version":"3","Level":"4","Task":"5","Opcode":"0","Keywords":"0x8000000000000000","TimeCreated":{"@SystemTime":"2025-06-22 20:59:35.6928766"},"EventRecordID":"65674","Correlation":null,"Execution":{"@ProcessID":"3320","@ThreadID":"4124"},"Channel":"Microsoft-Windows-Sysmon/Operational","Computer":"Server002","Security":{"@UserID":"S-1-5-18"}},"EventData":{"Data":[{"@Name":"RuleName","#text":"-"},{"@Name":"UtcTime","#text":"2025-06-22 20:59:35.649"},{"@Name":"ProcessGuid","#text":"dbf410b3-6eb7-6858-5702-000000004600"},{"@Name":"ProcessId","#text":"8376"},{"@Name":"Image","#text":"C:\\Windows\\System32\\conhost.exe"},{"@Name":"User","#text":"NT AUTHORITY\\SYSTEM"}]}}}
{"Event":{"System":{"Provider":{"@Name":"Microsoft-Windows-Sysmon","@Guid":"5770385f-c22a-43e0-bf4c-06f5698ffbd9"},"EventID":"1","Version":"5","Level":"4","Task":"1","Opcode":"0","Keywords":"0x8000000000000000","TimeCreated":{"@SystemTime":"2025-06-22 20:59:37.7264572"},"EventRecordID":"65675","Correlation":null,"Execution":{"@ProcessID":"3320","@ThreadID":"4124"},"Channel":"Microsoft-Windows-Sysmon/Operational","Computer":"Server002","Security":{"@UserID":"S-1-5-18"}},"EventData":{"Data":[{"@Name":"RuleName","#text":"-"},{"@Name":"UtcTime","#text":"2025-06-22 20:59:37.707"},{"@Name":"ProcessGuid","#text":"dbf410b3-6eb9-6858-5802-000000004600"},{"@Name":"ProcessId","#text":"5288"},{"@Name":"Image","#text":"C:\\Windows\\SysWOW64\\schtasks.exe"},{"@Name":"FileVersion","#text":"10.0.19041.3636 (WinBuild.160101.0800)"},{"@Name":"Description","#text":"Task Scheduler Configuration Tool"},{"@Name":"Product","#text":"Microsoft® Windows® Operating System"},{"@Name":"Company","#text":"Microsoft Corporation"},{"@Name":"OriginalFileName","#text":"schtasks.exe"},{"@Name":"CommandLine","#text":"schtasks.exe /Delete /F /tn \"Microsoft\\Office\\Office Feature Updates\""},{"@Name":"CurrentDirectory","#text":"C:\\Program Files\\Common Files\\Microsoft Shared\\ClickToRun\\"},{"@Name":"User","#text":"NT AUTHORITY\\SYSTEM"},{"@Name":"LogonGuid","#text":"dbf410b3-8443-6858-e703-000000000000"},{"@Name":"LogonId","#text":"0x3E7"},{"@Name":"TerminalSessionId","#text":"0"},{"@Name":"IntegrityLevel","#text":"System"},{"@Name":"Hashes","#text":"SHA256=29F6FC1BB0E68CB4FC1EC597604EC5ACA7FCEF7D0D9241218596D941F04F16E7"},{"@Name":"ParentProcessGuid","#text":"dbf410b3-6eb3-6858-4e02-000000004600"},{"@Name":"ParentProcessId","#text":"6132"},{"@Name":"ParentImage","#text":"C:\\Program Files (x86)\\Microsoft Office\\root\\Integration\\Integrator.exe"},{"@Name":"ParentCommandLine","#text":"integrator.exe /I /Extension /Msi /C2R PackageGUID=\"9AC08E99-230B-47e8-9721-4577B7F124EA\" PackageRoot=\"C:\\Program Files (x86)\\Microsoft Office\\root\""},{"@Name":"ParentUser","#text":"NT AUTHORITY\\SYSTEM"}]}}}
{"Event":{"System":{"Provider":{"@Name":"Microsoft-Windows-Sysmon","@Guid":"5770385f-c22a-43e0-bf4c-06f5698ffbd9"},"EventID":"1","Version":"5","Level":"4","Task":"1","Opcode":"0","Keywords":"0x8000000000000000","TimeCreated":{"@SystemTime":"2025-06-22 20:59:37.8522060"},"EventRecordID":"65676","Correlation":null,"Execution":{"@ProcessID":"3320","@ThreadID":"4124"},"Channel":"Microsoft-Windows-Sysmon/Operational","Computer":"Server002","Security":{"@UserID":"S-1-5-18"}},"EventData":{"Data":[{"@Name":"RuleName","#text":"-"},{"@Name":"UtcTime","#text":"2025-06-22 20:59:37.833"},{"@Name":"ProcessGuid","#text":"dbf410b3-6eb9-6858-5902-000000004600"},{"@Name":"ProcessId","#text":"1208"},{"@Name":"Image","#text":"C:\\Windows\\System32\\conhost.exe"},{"@Name":"FileVersion","#text":"10.0.19041.5198 (WinBuild.160101.0800)"},{"@Name":"Description","#text":"Console Window Host"},{"@Name":"Product","#text":"Microsoft® Windows® Operating System"},{"@Name":"Company","#text":"Microsoft Corporation"},{"@Name":"OriginalFileName","#text":"CONHOST.EXE"},{"@Name":"CommandLine","#text":"\\??\\C:\\Windows\\system32\\conhost.exe 0xffffffff -ForceV1"},{"@Name":"CurrentDirectory","#text":"C:\\Windows"},{"@Name":"User","#text":"NT AUTHORITY\\SYSTEM"},{"@Name":"LogonGuid","#text":"dbf410b3-8443-6858-e703-000000000000"},{"@Name":"LogonId","#text":"0x3E7"},{"@Name":"TerminalSessionId","#text":"0"},{"@Name":"IntegrityLevel","#text":"System"},{"@Name":"Hashes","#text":"SHA256=B02EE54FB2EC69673386D41119EE8ED083A6EAB3BFCA6AA2155D20CE68EF8963"},{"@Name":"ParentProcessGuid","#text":"dbf410b3-6eb9-6858-5802-000000004600"},{"@Name":"ParentProcessId","#text":"5288"},{"@Name":"ParentImage","#text":"C:\\Windows\\SysWOW64\\schtasks.exe"},{"@Name":"ParentCommandLine","#text":"schtasks.exe /Delete /F /tn \"Microsoft\\Office\\Office Feature Updates\""},{"@Name":"ParentUser","#text":"NT AUTHORITY\\SYSTEM"}]}}}
{"Event":{"System":{"Provider":{"@Name":"Microsoft-Windows-Sysmon","@Guid":"5770385f-c22a-43e0-bf4c-06f5698ffbd9"},"EventID":"5","Version":"3","Level":"4","Task":"5","Opcode":"0","Keywords":"0x8000000000000000","TimeCreated":{"@SystemTime":"2025-06-22 20:59:38.1625467"},"EventRecordID":"65677","Correlation":null,"Execution":{"@ProcessID":"3320","@ThreadID":"4124"},"Channel":"Microsoft-Windows-Sysmon/Operational","Computer":"Server002","Security":{"@UserID":"S-1-5-18"}},"EventData":{"Data":[{"@Name":"RuleName","#text":"-"},{"@Name":"UtcTime","#text":"2025-06-22 20:59:38.146"},{"@Name":"ProcessGuid","#text":"dbf410b3-6eb9-6858-5802-000000004600"},{"@Name":"ProcessId","#text":"5288"},{"@Name":"Image","#text":"C:\\Windows\\SysWOW64\\schtasks.exe"},{"@Name":"User","#text":"NT AUTHORITY\\SYSTEM"}]}}}
{"Event":{"System":{"Provider":{"@Name":"Microsoft-Windows-Sysmon","@Guid":"5770385f-c22a-43e0-bf4c-06f5698ffbd9"},"EventID":"5","Version":"3","Level":"4","Task":"5","Opcode":"0","Keywords":"0x8000000000000000","TimeCreated":{"@SystemTime":"2025-06-22 20:59:38.1713755"},"EventRecordID":"65678","Correlation":null,"Execution":{"@ProcessID":"3320","@ThreadID":"4124"},"Channel":"Microsoft-Windows-Sysmon/Operational","Computer":"Server002","Security":{"@UserID":"S-1-5-18"}},"EventData":{"Data":[{"@Name":"RuleName","#text":"-"},{"@Name":"UtcTime","#text":"2025-06-22 20:59:38.146"},{"@Name":"ProcessGuid","#text":"dbf410b3-6eb9-6858-5902-000000004600"},{"@Name":"ProcessId","#text":"1208"},{"@Name":"Image","#text":"C:\\Windows\\System32\\conhost.exe"},{"@Name":"User","#text":"NT AUTHORITY\\SYSTEM"}]}}}
{"Event":{"System":{"Provider":{"@Name":"Microsoft-Windows-Sysmon","@Guid":"5770385f-c22a-43e0-bf4c-06f5698ffbd9"},"EventID":"1","Version":"5","Level":"4","Task":"1","Opcode":"0","Keywords":"0x8000000000000000","TimeCreated":{"@SystemTime":"2025-06-22 20:59:38.2451921"},"EventRecordID":"65679","Correlation":null,"Execution":{"@ProcessID":"3320","@ThreadID":"4124"},"Channel":"Microsoft-Windows-Sysmon/Operational","Computer":"Server002","Security":{"@UserID":"S-1-5-18"}},"EventData":{"Data":[{"@Name":"RuleName","#text":"-"},{"@Name":"UtcTime","#text":"2025-06-22 20:59:38.217"},{"@Name":"ProcessGuid","#text":"dbf410b3-6eba-6858-5a02-000000004600"},{"@Name":"ProcessId","#text":"5380"},{"@Name":"Image","#text":"C:\\Windows\\SysWOW64\\schtasks.exe"},{"@Name":"FileVersion","#text":"10.0.19041.3636 (WinBuild.160101.0800)"},{"@Name":"Description","#text":"Task Scheduler Configuration Tool"},{"@Name":"Product","#text":"Microsoft® Windows® Operating System"},{"@Name":"Company","#text":"Microsoft Corporation"},{"@Name":"OriginalFileName","#text":"schtasks.exe"},{"@Name":"CommandLine","#text":"schtasks.exe /Create /tn \"Microsoft\\Office\\Office Feature Updates\" /XML \"C:\\ProgramData\\Microsoft\\ClickToRun\\{9AC08E99-230B-47e8-9721-4577B7F124EA}\\Microsoft_Office_Office Feature Updates.xml\""},{"@Name":"CurrentDirectory","#text":"C:\\Program Files\\Common Files\\Microsoft Shared\\ClickToRun\\"},{"@Name":"User","#text":"NT AUTHORITY\\SYSTEM"},{"@Name":"LogonGuid","#text":"dbf410b3-8443-6858-e703-000000000000"},{"@Name":"LogonId","#text":"0x3E7"},{"@Name":"TerminalSessionId","#text":"0"},{"@Name":"IntegrityLevel","#text":"System"},{"@Name":"Hashes","#text":"SHA256=29F6FC1BB0E68CB4FC1EC597604EC5ACA7FCEF7D0D9241218596D941F04F16E7"},{"@Name":"ParentProcessGuid","#text":"dbf410b3-6eb3-6858-4e02-000000004600"},{"@Name":"ParentProcessId","#text":"6132"},{"@Name":"ParentImage","#text":"C:\\Program Files (x86)\\Microsoft Office\\root\\Integration\\Integrator.exe"},{"@Name":"ParentCommandLine","#text":"integrator.exe /I /Extension /Msi /C2R PackageGUID=\"9AC08E99-230B-47e8-9721-4577B7F124EA\" PackageRoot=\"C:\\Program Files (x86)\\Microsoft Office\\root\""},{"@Name":"ParentUser","#text":"NT AUTHORITY\\SYSTEM"}]}}}
{"Event":{"System":{"Provider":{"@Name":"Microsoft-Windows-Sysmon","@Guid":"5770385f-c22a-43e0-bf4c-06f5698ffbd9"},"EventID":"1","Version":"5","Level":"4","Task":"1","Opcode":"0","Keywords":"0x8000000000000000","TimeCreated":{"@SystemTime":"2025-06-22 20:59:38.2538884"},"EventRecordID":"65680","Correlation":null,"Execution":{"@ProcessID":"3320","@ThreadID":"4124"},"Channel":"Microsoft-Windows-Sysmon/Operational","Computer":"Server002","Security":{"@UserID":"S-1-5-18"}},"EventData":{"Data":[{"@Name":"RuleName","#text":"-"},{"@Name":"UtcTime","#text":"2025-06-22 20:59:38.250"},{"@Name":"ProcessGuid","#text":"dbf410b3-6eba-6858-5b02-000000004600"},{"@Name":"ProcessId","#text":"1272"},{"@Name":"Image","#text":"C:\\Windows\\System32\\conhost.exe"},{"@Name":"FileVersion","#text":"10.0.19041.5198 (WinBuild.160101.0800)"},{"@Name":"Description","#text":"Console Window Host"},{"@Name":"Product","#text":"Microsoft® Windows® Operating System"},{"@Name":"Company","#text":"Microsoft Corporation"},{"@Name":"OriginalFileName","#text":"CONHOST.EXE"},{"@Name":"CommandLine","#text":"\\??\\C:\\Windows\\system32\\conhost.exe 0xffffffff -ForceV1"},{"@Name":"CurrentDirectory","#text":"C:\\Windows"},{"@Name":"User","#text":"NT AUTHORITY\\SYSTEM"},{"@Name":"LogonGuid","#text":"dbf410b3-8443-6858-e703-000000000000"},{"@Name":"LogonId","#text":"0x3E7"},{"@Name":"TerminalSessionId","#text":"0"},{"@Name":"IntegrityLevel","#text":"System"},{"@Name":"Hashes","#text":"SHA256=B02EE54FB2EC69673386D41119EE8ED083A6EAB3BFCA6AA2155D20CE68EF8963"},{"@Name":"ParentProcessGuid","#text":"dbf410b3-6eba-6858-5a02-000000004600"},{"@Name":"ParentProcessId","#text":"5380"},{"@Name":"ParentImage","#text":"C:\\Windows\\SysWOW64\\schtasks.exe"},{"@Name":"ParentCommandLine","#text":"schtasks.exe /Create /tn \"Microsoft\\Office\\Office Feature Updates\" /XML \"C:\\ProgramData\\Microsoft\\ClickToRun\\{9AC08E99-230B-47e8-9721-4577B7F124EA}\\Microsoft_Office_Office Feature Updates.xml\""},{"@Name":"ParentUser","#text":"NT AUTHORITY\\SYSTEM"}]}}}
{"Event":{"System":{"Provider":{"@Name":"Microsoft-Windows-Sysmon","@Guid":"5770385f-c22a-43e0-bf4c-06f5698ffbd9"},"EventID":"5","Version":"3","Level":"4","Task":"5","Opcode":"0","Keywords":"0x8000000000000000","TimeCreated":{"@SystemTime":"2025-06-22 20:59:38.3483972"},"EventRecordID":"65681","Correlation":null,"Execution":{"@ProcessID":"3320","@ThreadID":"4124"},"Channel":"Microsoft-Windows-Sysmon/Operational","Computer":"Server002","Security":{"@UserID":"S-1-5-18"}},"EventData":{"Data":[{"@Name":"RuleName","#text":"-"},{"@Name":"UtcTime","#text":"2025-06-22 20:59:38.311"},{"@Name":"ProcessGuid","#text":"dbf410b3-6eba-6858-5a02-000000004600"},{"@Name":"ProcessId","#text":"5380"},{"@Name":"Image","#text":"C:\\Windows\\SysWOW64\\schtasks.exe"},{"@Name":"User","#text":"NT AUTHORITY\\SYSTEM"}]}}}
{"Event":{"System":{"Provider":{"@Name":"Microsoft-Windows-Sysmon","@Guid":"5770385f-c22a-43e0-bf4c-06f5698ffbd9"},"EventID":"1","Version":"5","Level":"4","Task":"1","Opcode":"0","Keywords":"0x8000000000000000","TimeCreated":{"@SystemTime":"2025-06-22 20:59:38.3548549"},"EventRecordID":"65682","Correlation":null,"Execution":{"@ProcessID":"3320","@ThreadID":"4124"},"Channel":"Microsoft-Windows-Sysmon/Operational","Computer":"Server002","Security":{"@UserID":"S-1-5-18"}},"EventData":{"Data":[{"@Name":"RuleName","#text":"-"},{"@Name":"UtcTime","#text":"2025-06-22 20:59:38.350"},{"@Name":"ProcessGuid","#text":"dbf410b3-6eba-6858-5c02-000000004600"},{"@Name":"ProcessId","#text":"9040"},{"@Name":"Image","#text":"C:\\Windows\\SysWOW64\\schtasks.exe"},{"@Name":"FileVersion","#text":"10.0.19041.3636 (WinBuild.160101.0800)"},{"@Name":"Description","#text":"Task Scheduler Configuration Tool"},{"@Name":"Product","#text":"Microsoft® Windows® Operating System"},{"@Name":"Company","#text":"Microsoft Corporation"},{"@Name":"OriginalFileName","#text":"schtasks.exe"},{"@Name":"CommandLine","#text":"schtasks.exe /Delete /F /tn \"Microsoft\\Office\\Office Feature Updates Logon\""},{"@Name":"CurrentDirectory","#text":"C:\\Program Files\\Common Files\\Microsoft Shared\\ClickToRun\\"},{"@Name":"User","#text":"NT AUTHORITY\\SYSTEM"},{"@Name":"LogonGuid","#text":"dbf410b3-8443-6858-e703-000000000000"},{"@Name":"LogonId","#text":"0x3E7"},{"@Name":"TerminalSessionId","#text":"0"},{"@Name":"IntegrityLevel","#text":"System"},{"@Name":"Hashes","#text":"SHA256=29F6FC1BB0E68CB4FC1EC597604EC5ACA7FCEF7D0D9241218596D941F04F16E7"},{"@Name":"ParentProcessGuid","#text":"dbf410b3-6eb3-6858-4e02-000000004600"},{"@Name":"ParentProcessId","#text":"6132"},{"@Name":"ParentImage","#text":"C:\\Program Files (x86)\\Microsoft Office\\root\\Integration\\Integrator.exe"},{"@Name":"ParentCommandLine","#text":"integrator.exe /I /Extension /Msi /C2R PackageGUID=\"9AC08E99-230B-47e8-9721-4577B7F124EA\" PackageRoot=\"C:\\Program Files (x86)\\Microsoft Office\\root\""},{"@Name":"ParentUser","#text":"NT AUTHORITY\\SYSTEM"}]}}}
{"Event":{"System":{"Provider":{"@Name":"Microsoft-Windows-Sysmon","@Guid":"5770385f-c22a-43e0-bf4c-06f5698ffbd9"},"EventID":"5","Version":"3","Level":"4","Task":"5","Opcode":"0","Keywords":"0x8000000000000000","TimeCreated":{"@SystemTime":"2025-06-22 20:59:38.3548961"},"EventRecordID":"65683","Correlation":null,"Execution":{"@ProcessID":"3320","@ThreadID":"4124"},"Channel":"Microsoft-Windows-Sysmon/Operational","Computer":"Server002","Security":{"@UserID":"S-1-5-18"}},"EventData":{"Data":[{"@Name":"RuleName","#text":"-"},{"@Name":"UtcTime","#text":"2025-06-22 20:59:38.311"},{"@Name":"ProcessGuid","#text":"dbf410b3-6eba-6858-5b02-000000004600"},{"@Name":"ProcessId","#text":"1272"},{"@Name":"Image","#text":"C:\\Windows\\System32\\conhost.exe"},{"@Name":"User","#text":"NT AUTHORITY\\SYSTEM"}]}}}
{"Event":{"System":{"Provider":{"@Name":"Microsoft-Windows-Sysmon","@Guid":"5770385f-c22a-43e0-bf4c-06f5698ffbd9"},"EventID":"1","Version":"5","Level":"4","Task":"1","Opcode":"0","Keywords":"0x8000000000000000","TimeCreated":{"@SystemTime":"2025-06-22 20:59:38.3715370"},"EventRecordID":"65684","Correlation":null,"Execution":{"@ProcessID":"3320","@ThreadID":"4124"},"Channel":"Microsoft-Windows-Sysmon/Operational","Computer":"Server002","Security":{"@UserID":"S-1-5-18"}},"EventData":{"Data":[{"@Name":"RuleName","#text":"-"},{"@Name":"UtcTime","#text":"2025-06-22 20:59:38.359"},{"@Name":"ProcessGuid","#text":"dbf410b3-6eba-6858-5d02-000000004600"},{"@Name":"ProcessId","#text":"4204"},{"@Name":"Image","#text":"C:\\Windows\\System32\\conhost.exe"},{"@Name":"FileVersion","#text":"10.0.19041.5198 (WinBuild.160101.0800)"},{"@Name":"Description","#text":"Console Window Host"},{"@Name":"Product","#text":"Microsoft® Windows® Operating System"},{"@Name":"Company","#text":"Microsoft Corporation"},{"@Name":"OriginalFileName","#text":"CONHOST.EXE"},{"@Name":"CommandLine","#text":"\\??\\C:\\Windows\\system32\\conhost.exe 0xffffffff -ForceV1"},{"@Name":"CurrentDirectory","#text":"C:\\Windows"},{"@Name":"User","#text":"NT AUTHORITY\\SYSTEM"},{"@Name":"LogonGuid","#text":"dbf410b3-8443-6858-e703-000000000000"},{"@Name":"LogonId","#text":"0x3E7"},{"@Name":"TerminalSessionId","#text":"0"},{"@Name":"IntegrityLevel","#text":"System"},{"@Name":"Hashes","#text":"SHA256=B02EE54FB2EC69673386D41119EE8ED083A6EAB3BFCA6AA2155D20CE68EF8963"},{"@Name":"ParentProcessGuid","#text":"dbf410b3-6eba-6858-5c02-000000004600"},{"@Name":"ParentProcessId","#text":"9040"},{"@Name":"ParentImage","#text":"C:\\Windows\\SysWOW64\\schtasks.exe"},{"@Name":"ParentCommandLine","#text":"schtasks.exe /Delete /F /tn \"Microsoft\\Office\\Office Feature Updates Logon\""},{"@Name":"ParentUser","#text":"NT AUTHORITY\\SYSTEM"}]}}}
{"Event":{"System":{"Provider":{"@Name":"Microsoft-Windows-Sysmon","@Guid":"5770385f-c22a-43e0-bf4c-06f5698ffbd9"},"EventID":"5","Version":"3","Level":"4","Task":"5","Opcode":"0","Keywords":"0x8000000000000000","TimeCreated":{"@SystemTime":"2025-06-22 20:59:38.4309290"},"EventRecordID":"65685","Correlation":null,"Execution":{"@ProcessID":"3320","@ThreadID":"4124"},"Channel":"Microsoft-Windows-Sysmon/Operational","Computer":"Server002","Security":{"@UserID":"S-1-5-18"}},"EventData":{"Data":[{"@Name":"RuleName","#text":"-"},{"@Name":"UtcTime","#text":"2025-06-22 20:59:38.405"},{"@Name":"ProcessGuid","#text":"dbf410b3-6eba-6858-5c02-000000004600"},{"@Name":"ProcessId","#text":"9040"},{"@Name":"Image","#text":"C:\\Windows\\SysWOW64\\schtasks.exe"},{"@Name":"User","#text":"NT AUTHORITY\\SYSTEM"}]}}}
{"Event":{"System":{"Provider":{"@Name":"Microsoft-Windows-Sysmon","@Guid":"5770385f-c22a-43e0-bf4c-06f5698ffbd9"},"EventID":"5","Version":"3","Level":"4","Task":"5","Opcode":"0","Keywords":"0x8000000000000000","TimeCreated":{"@SystemTime":"2025-06-22 20:59:38.4387215"},"EventRecordID":"65686","Correlation":null,"Execution":{"@ProcessID":"3320","@ThreadID":"4124"},"Channel":"Microsoft-Windows-Sysmon/Operational","Computer":"Server002","Security":{"@UserID":"S-1-5-18"}},"EventData":{"Data":[{"@Name":"RuleName","#text":"-"},{"@Name":"UtcTime","#text":"2025-06-22 20:59:38.431"},{"@Name":"ProcessGuid","#text":"dbf410b3-6eba-6858-5d02-000000004600"},{"@Name":"ProcessId","#text":"4204"},{"@Name":"Image","#text":"C:\\Windows\\System32\\conhost.exe"},{"@Name":"User","#text":"NT AUTHORITY\\SYSTEM"}]}}}
{"Event":{"System":{"Provider":{"@Name":"Microsoft-Windows-Sysmon","@Guid":"5770385f-c22a-43e0-bf4c-06f5698ffbd9"},"EventID":"1","Version":"5","Level":"4","Task":"1","Opcode":"0","Keywords":"0x8000000000000000","TimeCreated":{"@SystemTime":"2025-06-22 20:59:38.4543602"},"EventRecordID":"65687","Correlation":null,"Execution":{"@ProcessID":"3320","@ThreadID":"4124"},"Channel":"Microsoft-Windows-Sysmon/Operational","Computer":"Server002","Security":{"@UserID":"S-1-5-18"}},"EventData":{"Data":[{"@Name":"RuleName","#text":"-"},{"@Name":"UtcTime","#text":"2025-06-22 20:59:38.443"},{"@Name":"ProcessGuid","#text":"dbf410b3-6eba-6858-5e02-000000004600"},{"@Name":"ProcessId","#text":"7340"},{"@Name":"Image","#text":"C:\\Windows\\SysWOW64\\schtasks.exe"},{"@Name":"FileVersion","#text":"10.0.19041.3636 (WinBuild.160101.0800)"},{"@Name":"Description","#text":"Task Scheduler Configuration Tool"},{"@Name":"Product","#text":"Microsoft® Windows® Operating System"},{"@Name":"Company","#text":"Microsoft Corporation"},{"@Name":"OriginalFileName","#text":"schtasks.exe"},{"@Name":"CommandLine","#text":"schtasks.exe /Create /tn \"Microsoft\\Office\\Office Feature Updates Logon\" /XML \"C:\\ProgramData\\Microsoft\\ClickToRun\\{9AC08E99-230B-47e8-9721-4577B7F124EA}\\Microsoft_Office_Office Feature Updates Logon.xml\""},{"@Name":"CurrentDirectory","#text":"C:\\Program Files\\Common Files\\Microsoft Shared\\ClickToRun\\"},{"@Name":"User","#text":"NT AUTHORITY\\SYSTEM"},{"@Name":"LogonGuid","#text":"dbf410b3-8443-6858-e703-000000000000"},{"@Name":"LogonId","#text":"0x3E7"},{"@Name":"TerminalSessionId","#text":"0"},{"@Name":"IntegrityLevel","#text":"System"},{"@Name":"Hashes","#text":"SHA256=29F6FC1BB0E68CB4FC1EC597604EC5ACA7FCEF7D0D9241218596D941F04F16E7"},{"@Name":"ParentProcessGuid","#text":"dbf410b3-6eb3-6858-4e02-000000004600"},{"@Name":"ParentProcessId","#text":"6132"},{"@Name":"ParentImage","#text":"C:\\Program Files (x86)\\Microsoft Office\\root\\Integration\\Integrator.exe"},{"@Name":"ParentCommandLine","#text":"integrator.exe /I /Extension /Msi /C2R PackageGUID=\"9AC08E99-230B-47e8-9721-4577B7F124EA\" PackageRoot=\"C:\\Program Files (x86)\\Microsoft Office\\root\""},{"@Name":"ParentUser","#text":"NT AUTHORITY\\SYSTEM"}]}}}
{"Event":{"System":{"Provider":{"@Name":"Microsoft-Windows-Sysmon","@Guid":"5770385f-c22a-43e0-bf4c-06f5698ffbd9"},"EventID":"1","Version":"5","Level":"4","Task":"1","Opcode":"0","Keywords":"0x8000000000000000","TimeCreated":{"@SystemTime":"2025-06-22 20:59:38.4696723"},"EventRecordID":"65688","Correlation":null,"Execution":{"@ProcessID":"3320","@ThreadID":"4124"},"Channel":"Microsoft-Windows-Sysmon/Operational","Computer":"Server002","Security":{"@UserID":"S-1-5-18"}},"EventData":{"Data":[{"@Name":"RuleName","#text":"-"},{"@Name":"UtcTime","#text":"2025-06-22 20:59:38.459"},{"@Name":"ProcessGuid","#text":"dbf410b3-6eba-6858-5f02-000000004600"},{"@Name":"ProcessId","#text":"10504"},{"@Name":"Image","#text":"C:\\Windows\\System32\\conhost.exe"},{"@Name":"FileVersion","#text":"10.0.19041.5198 (WinBuild.160101.0800)"},{"@Name":"Description","#text":"Console Window Host"},{"@Name":"Product","#text":"Microsoft® Windows® Operating System"},{"@Name":"Company","#text":"Microsoft Corporation"},{"@Name":"OriginalFileName","#text":"CONHOST.EXE"},{"@Name":"CommandLine","#text":"\\??\\C:\\Windows\\system32\\conhost.exe 0xffffffff -ForceV1"},{"@Name":"CurrentDirectory","#text":"C:\\Windows"},{"@Name":"User","#text":"NT AUTHORITY\\SYSTEM"},{"@Name":"LogonGuid","#text":"dbf410b3-8443-6858-e703-000000000000"},{"@Name":"LogonId","#text":"0x3E7"},{"@Name":"TerminalSessionId","#text":"0"},{"@Name":"IntegrityLevel","#text":"System"},{"@Name":"Hashes","#text":"SHA256=B02EE54FB2EC69673386D41119EE8ED083A6EAB3BFCA6AA2155D20CE68EF8963"},{"@Name":"ParentProcessGuid","#text":"dbf410b3-6eba-6858-5e02-000000004600"},{"@Name":"ParentProcessId","#text":"7340"},{"@Name":"ParentImage","#text":"C:\\Windows\\SysWOW64\\schtasks.exe"},{"@Name":"ParentCommandLine","#text":"schtasks.exe /Create /tn \"Microsoft\\Office\\Office Feature Updates Logon\" /XML \"C:\\ProgramData\\Microsoft\\ClickToRun\\{9AC08E99-230B-47e8-9721-4577B7F124EA}\\Microsoft_Office_Office Feature Updates Logon.xml\""},{"@Name":"ParentUser","#text":"NT AUTHORITY\\SYSTEM"}]}}}
{"Event":{"System":{"Provider":{"@Name":"Microsoft-Windows-Sysmon","@Guid":"5770385f-c22a-43e0-bf4c-06f5698ffbd9"},"EventID":"5","Version":"3","Level":"4","Task":"5","Opcode":"0","Keywords":"0x8000000000000000","TimeCreated":{"@SystemTime":"2025-06-22 20:59:38.5575043"},"EventRecordID":"65689","Correlation":null,"Execution":{"@ProcessID":"3320","@ThreadID":"4124"},"Channel":"Microsoft-Windows-Sysmon/Operational","Computer":"Server002","Security":{"@UserID":"S-1-5-18"}},"EventData":{"Data":[{"@Name":"RuleName","#text":"-"},{"@Name":"UtcTime","#text":"2025-06-22 20:59:38.535"},{"@Name":"ProcessGuid","#text":"dbf410b3-6eba-6858-5e02-000000004600"},{"@Name":"ProcessId","#text":"7340"},{"@Name":"Image","#text":"C:\\Windows\\SysWOW64\\schtasks.exe"},{"@Name":"User","#text":"NT AUTHORITY\\SYSTEM"}]}}}
{"Event":{"System":{"Provider":{"@Name":"Microsoft-Windows-Sysmon","@Guid":"5770385f-c22a-43e0-bf4c-06f5698ffbd9"},"EventID":"1","Version":"5","Level":"4","Task":"1","Opcode":"0","Keywords":"0x8000000000000000","TimeCreated":{"@SystemTime":"2025-06-22 20:59:38.5746959"},"EventRecordID":"65690","Correlation":null,"Execution":{"@ProcessID":"3320","@ThreadID":"4124"},"Channel":"Microsoft-Windows-Sysmon/Operational","Computer":"Server002","Security":{"@UserID":"S-1-5-18"}},"EventData":{"Data":[{"@Name":"RuleName","#text":"-"},{"@Name":"UtcTime","#text":"2025-06-22 20:59:38.560"},{"@Name":"ProcessGuid","#text":"dbf410b3-6eba-6858-6002-000000004600"},{"@Name":"ProcessId","#text":"9944"},{"@Name":"Image","#text":"C:\\Windows\\SysWOW64\\schtasks.exe"},{"@Name":"FileVersion","#text":"10.0.19041.3636 (WinBuild.160101.0800)"},{"@Name":"Description","#text":"Task Scheduler Configuration Tool"},{"@Name":"Product","#text":"Microsoft® Windows® Operating System"},{"@Name":"Company","#text":"Microsoft Corporation"},{"@Name":"OriginalFileName","#text":"schtasks.exe"},{"@Name":"CommandLine","#text":"schtasks.exe /Delete /F /tn \"Microsoft\\Office\\Office Startup Boost Logon\""},{"@Name":"CurrentDirectory","#text":"C:\\Program Files\\Common Files\\Microsoft Shared\\ClickToRun\\"},{"@Name":"User","#text":"NT AUTHORITY\\SYSTEM"},{"@Name":"LogonGuid","#text":"dbf410b3-8443-6858-e703-000000000000"},{"@Name":"LogonId","#text":"0x3E7"},{"@Name":"TerminalSessionId","#text":"0"},{"@Name":"IntegrityLevel","#text":"System"},{"@Name":"Hashes","#text":"SHA256=29F6FC1BB0E68CB4FC1EC597604EC5ACA7FCEF7D0D9241218596D941F04F16E7"},{"@Name":"ParentProcessGuid","#text":"dbf410b3-6eb3-6858-4e02-000000004600"},{"@Name":"ParentProcessId","#text":"6132"},{"@Name":"ParentImage","#text":"C:\\Program Files (x86)\\Microsoft Office\\root\\Integration\\Integrator.exe"},{"@Name":"ParentCommandLine","#text":"integrator.exe /I /Extension /Msi /C2R PackageGUID=\"9AC08E99-230B-47e8-9721-4577B7F124EA\" PackageRoot=\"C:\\Program Files (x86)\\Microsoft Office\\root\""},{"@Name":"ParentUser","#text":"NT AUTHORITY\\SYSTEM"}]}}}
{"Event":{"System":{"Provider":{"@Name":"Microsoft-Windows-Sysmon","@Guid":"5770385f-c22a-43e0-bf4c-06f5698ffbd9"},"EventID":"5","Version":"3","Level":"4","Task":"5","Opcode":"0","Keywords":"0x8000000000000000","TimeCreated":{"@SystemTime":"2025-06-22 20:59:38.5747392"},"EventRecordID":"65691","Correlation":null,"Execution":{"@ProcessID":"3320","@ThreadID":"4124"},"Channel":"Microsoft-Windows-Sysmon/Operational","Computer":"Server002","Security":{"@UserID":"S-1-5-18"}},"EventData":{"Data":[{"@Name":"RuleName","#text":"-"},{"@Name":"UtcTime","#text":"2025-06-22 20:59:38.568"},{"@Name":"ProcessGuid","#text":"dbf410b3-6eba-6858-5f02-000000004600"},{"@Name":"ProcessId","#text":"10504"},{"@Name":"Image","#text":"C:\\Windows\\System32\\conhost.exe"},{"@Name":"User","#text":"NT AUTHORITY\\SYSTEM"}]}}}
{"Event":{"System":{"Provider":{"@Name":"Microsoft-Windows-Sysmon","@Guid":"5770385f-c22a-43e0-bf4c-06f5698ffbd9"},"EventID":"1","Version":"5","Level":"4","Task":"1","Opcode":"0","Keywords":"0x8000000000000000","TimeCreated":{"@SystemTime":"2025-06-22 20:59:38.5843893"},"EventRecordID":"65692","Correlation":null,"Execution":{"@ProcessID":"3320","@ThreadID":"4124"},"Channel":"Microsoft-Windows-Sysmon/Operational","Computer":"Server002","Security":{"@UserID":"S-1-5-18"}},"EventData":{"Data":[{"@Name":"RuleName","#text":"-"},{"@Name":"UtcTime","#text":"2025-06-22 20:59:38.580"},{"@Name":"ProcessGuid","#text":"dbf410b3-6eba-6858-6102-000000004600"},{"@Name":"ProcessId","#text":"4072"},{"@Name":"Image","#text":"C:\\Windows\\System32\\conhost.exe"},{"@Name":"FileVersion","#text":"10.0.19041.5198 (WinBuild.160101.0800)"},{"@Name":"Description","#text":"Console Window Host"},{"@Name":"Product","#text":"Microsoft® Windows® Operating System"},{"@Name":"Company","#text":"Microsoft Corporation"},{"@Name":"OriginalFileName","#text":"CONHOST.EXE"},{"@Name":"CommandLine","#text":"\\??\\C:\\Windows\\system32\\conhost.exe 0xffffffff -ForceV1"},{"@Name":"CurrentDirectory","#text":"C:\\Windows"},{"@Name":"User","#text":"NT AUTHORITY\\SYSTEM"},{"@Name":"LogonGuid","#text":"dbf410b3-8443-6858-e703-000000000000"},{"@Name":"LogonId","#text":"0x3E7"},{"@Name":"TerminalSessionId","#text":"0"},{"@Name":"IntegrityLevel","#text":"System"},{"@Name":"Hashes","#text":"SHA256=B02EE54FB2EC69673386D41119EE8ED083A6EAB3BFCA6AA2155D20CE68EF8963"},{"@Name":"ParentProcessGuid","#text":"dbf410b3-6eba-6858-6002-000000004600"},{"@Name":"ParentProcessId","#text":"9944"},{"@Name":"ParentImage","#text":"C:\\Windows\\SysWOW64\\schtasks.exe"},{"@Name":"ParentCommandLine","#text":"schtasks.exe /Delete /F /tn \"Microsoft\\Office\\Office Startup Boost Logon\""},{"@Name":"ParentUser","#text":"NT AUTHORITY\\SYSTEM"}]}}}
{"Event":{"System":{"Provider":{"@Name":"Microsoft-Windows-Sysmon","@Guid":"5770385f-c22a-43e0-bf4c-06f5698ffbd9"},"EventID":"5","Version":"3","Level":"4","Task":"5","Opcode":"0","Keywords":"0x8000000000000000","TimeCreated":{"@SystemTime":"2025-06-22 20:59:38.6651285"},"EventRecordID":"65693","Correlation":null,"Execution":{"@ProcessID":"3320","@ThreadID":"4124"},"Channel":"Microsoft-Windows-Sysmon/Operational","Computer":"Server002","Security":{"@UserID":"S-1-5-18"}},"EventData":{"Data":[{"@Name":"RuleName","#text":"-"},{"@Name":"UtcTime","#text":"2025-06-22 20:59:38.648"},{"@Name":"ProcessGuid","#text":"dbf410b3-6eba-6858-6002-000000004600"},{"@Name":"ProcessId","#text":"9944"},{"@Name":"Image","#text":"C:\\Windows\\SysWOW64\\schtasks.exe"},{"@Name":"User","#text":"NT AUTHORITY\\SYSTEM"}]}}}
{"Event":{"System":{"Provider":{"@Name":"Microsoft-Windows-Sysmon","@Guid":"5770385f-c22a-43e0-bf4c-06f5698ffbd9"},"EventID":"5","Version":"3","Level":"4","Task":"5","Opcode":"0","Keywords":"0x8000000000000000","TimeCreated":{"@SystemTime":"2025-06-22 20:59:38.6681301"},"EventRecordID":"65694","Correlation":null,"Execution":{"@ProcessID":"3320","@ThreadID":"4124"},"Channel":"Microsoft-Windows-Sysmon/Operational","Computer":"Server002","Security":{"@UserID":"S-1-5-18"}},"EventData":{"Data":[{"@Name":"RuleName","#text":"-"},{"@Name":"UtcTime","#text":"2025-06-22 20:59:38.648"},{"@Name":"ProcessGuid","#text":"dbf410b3-6eba-6858-6102-000000004600"},{"@Name":"ProcessId","#text":"4072"},{"@Name":"Image","#text":"C:\\Windows\\System32\\conhost.exe"},{"@Name":"User","#text":"NT AUTHORITY\\SYSTEM"}]}}}
