{"Event":{"System":{"Provider":{"@Name":"Service Control Manager","@Guid":"{555908d1-a6d7-4695-8e1e-26931d2012f4}","@EventSourceName":"Service Control Manager"},"EventID":{"@Qualifiers":"49152","#text":"7000"},"Version":"0","Level":"2","Task":"0","Opcode":"0","Keywords":"0x8080000000000000","TimeCreated":{"@SystemTime":"2024-09-26 13:47:49.3011676"},"EventRecordID":"2008","Correlation":null,"Execution":{"@ProcessID":"668","@ThreadID":"756"},"Channel":"System","Computer":"Server002","Security":null},"EventData":{"Data":[{"@Name":"param1","#text":"Clipboard User Service_67bdd"},{"@Name":"param2","#text":"%%1053"}],"Binary":"63-00-62-00-64-00-68-00-73-00-76-00-63-00-5F-00-36-00-37-00-62-00-64-00-64-00-00-00"}}}
{"Event":{"System":{"Provider":{"@Name":"Service Control Manager","@Guid":"{555908d1-a6d7-4695-8e1e-26931d2012f4}","@EventSourceName":"Service Control Manager"},"EventID":{"@Qualifiers":"49152","#text":"7009"},"Version":"0","Level":"2","Task":"0","Opcode":"0","Keywords":"0x8080000000000000","TimeCreated":{"@SystemTime":"2024-09-26 13:47:49.3011676"},"EventRecordID":"2009","Correlation":null,"Execution":{"@ProcessID":"668","@ThreadID":"4072"},"Channel":"System","Computer":"Server002","Security":null},"EventData":{"Data":[{"@Name":"param1","#text":"30000"},{"@Name":"param2","#text":"Connected Devices Platform User Service_67bdd"}],"Binary":"43-00-44-00-50-00-55-00-73-00-65-00-72-00-53-00-76-00-63-00-5F-00-36-00-37-00-62-00-64-00-64-00-00-00"}}}
{"Event":{"System":{"Provider":{"@Name":"Service Control Manager","@Guid":"{555908d1-a6d7-4695-8e1e-26931d2012f4}","@EventSourceName":"Service Control Manager"},"EventID":{"@Qualifiers":"49152","#text":"7000"},"Version":"0","Level":"2","Task":"0","Opcode":"0","Keywords":"0x8080000000000000","TimeCreated":{"@SystemTime":"2024-09-26 13:47:49.3011676"},"EventRecordID":"2010","Correlation":null,"Execution":{"@ProcessID":"668","@ThreadID":"4072"},"Channel":"System","Computer":"Server002","Security":null},"EventData":{"Data":[{"@Name":"param1","#text":"Connected Devices Platform User Service_67bdd"},{"@Name":"param2","#text":"%%1053"}],"Binary":"43-00-44-00-50-00-55-00-73-00-65-00-72-00-53-00-76-00-63-00-5F-00-36-00-37-00-62-00-64-00-64-00-00-00"}}}
{"Event":{"System":{"Provider":{"@Name":"Service Control Manager","@Guid":"{555908d1-a6d7-4695-8e1e-26931d2012f4}","@EventSourceName":"Service Control Manager"},"EventID":{"@Qualifiers":"49152","#text":"7009"},"Version":"0","Level":"2","Task":"0","Opcode":"0","Keywords":"0x8080000000000000","TimeCreated":{"@SystemTime":"2024-09-26 13:47:56.2554498"},"EventRecordID":"2011","Correlation":null,"Execution":{"@ProcessID":"668","@ThreadID":"3932"},"Channel":"System","Computer":"Server002","Security":null},"EventData":{"Data":[{"@Name":"param1","#text":"30000"},{"@Name":"param2","#text":"Sync Host_67bdd"}],"Binary":"4F-00-6E-00-65-00-53-00-79-00-6E-00-63-00-53-00-76-00-63-00-5F-00-36-00-37-00-62-00-64-00-64-00-00-00"}}}
{"Event":{"System":{"Provider":{"@Name":"Service Control Manager","@Guid":"{555908d1-a6d7-4695-8e1e-26931d2012f4}","@EventSourceName":"Service Control Manager"},"EventID":{"@Qualifiers":"49152","#text":"7009"},"Version":"0","Level":"2","Task":"0","Opcode":"0","Keywords":"0x8080000000000000","TimeCreated":{"@SystemTime":"2024-09-26 13:47:56.3422989"},"EventRecordID":"2012","Correlation":null,"Execution":{"@ProcessID":"668","@ThreadID":"4072"},"Channel":"System","Computer":"Server002","Security":null},"EventData":{"Data":[{"@Name":"param1","#text":"30000"},{"@Name":"param2","#text":"Windows Push Notifications User Service_67bdd"}],"Binary":"57-00-70-00-6E-00-55-00-73-00-65-00-72-00-53-00-65-00-72-00-76-00-69-00-63-00-65-00-5F-00-36-00-37-00-62-00-64-00-64-00-00-00"}}}
{"Event":{"System":{"Provider":{"@Name":"Microsoft-Windows-Winlogon","@Guid":"dbe9b383-7cf3-4331-91cc-a3cb16a3b538"},"EventID":"7001","Version":"0","Level":"4","Task":"1101","Opcode":"0","Keywords":"0x2000200000000000","TimeCreated":{"@SystemTime":"2024-09-26 13:48:06.8135228"},"EventRecordID":"2013","Correlation":null,"Execution":{"@ProcessID":"1036","@ThreadID":"5572"},"Channel":"System","Computer":"Server002","Security":{"@UserID":"S-1-5-18"}},"EventData":{"Data":[{"@Name":"TSId","#text":"2"},{"@Name":"UserSid","#text":"S-1-5-21-3962163828-2803415714-1403596700-1006"}]}}}
{"Event":{"System":{"Provider":{"@Name":"Microsoft-Windows-WindowsUpdateClient","@Guid":"945a8954-c147-4acd-923f-40c45405a658"},"EventID":"44","Version":"1","Level":"4","Task":"1","Opcode":"12","Keywords":"0x8000000000002004","TimeCreated":{"@SystemTime":"2024-09-26 13:53:04.0502650"},"EventRecordID":"2014","Correlation":null,"Execution":{"@ProcessID":"4536","@ThreadID":"1432"},"Channel":"System","Computer":"Server002","Security":{"@UserID":"S-1-5-18"}},"EventData":{"Data":[{"@Name":"updateTitle","#text":"Security Intelligence Update for Microsoft Defender Antivirus - KB2267602 (Version 1.419.209.0) - Current Channel (Broad)"},{"@Name":"updateGuid","#text":"bd77a894-56e4-4287-8119-46e82d1f4d43"},{"@Name":"updateRevisionNumber","#text":"200"}]}}}
{"Event":{"System":{"Provider":{"@Name":"Microsoft-Windows-WindowsUpdateClient","@Guid":"945a8954-c147-4acd-923f-40c45405a658"},"EventID":"44","Version":"1","Level":"4","Task":"1","Opcode":"12","Keywords":"0x8000000000002004","TimeCreated":{"@SystemTime":"2024-09-26 13:53:04.0502656"},"EventRecordID":"2015","Correlation":null,"Execution":{"@ProcessID":"4536","@ThreadID":"1432"},"Channel":"System","Computer":"Server002","Security":{"@UserID":"S-1-5-18"}},"EventData":{"Data":[{"@Name":"updateTitle","#text":"2024-08 Cumulative Update for .NET Framework 3.5, 4.8 and 4.8.1 for Windows 10 Version 22H2 for x64 (KB5042352)"},{"@Name":"updateGuid","#text":"611911f8-e834-456e-91c0-b1197da095e3"},{"@Name":"updateRevisionNumber","#text":"200"}]}}}
{"Event":{"System":{"Provider":{"@Name":"Microsoft-Windows-WindowsUpdateClient","@Guid":"945a8954-c147-4acd-923f-40c45405a658"},"EventID":"43","Version":"1","Level":"4","Task":"1","Opcode":"13","Keywords":"0x8000000000002008","TimeCreated":{"@SystemTime":"2024-09-26 13:53:04.0503168"},"EventRecordID":"2016","Correlation":null,"Execution":{"@ProcessID":"4536","@ThreadID":"1432"},"Channel":"System","Computer":"Server002","Security":{"@UserID":"S-1-5-18"}},"EventData":{"Data":[{"@Name":"updateTitle","#text":"Security Intelligence Update for Microsoft Defender Antivirus - KB2267602 (Version 1.419.209.0) - Current Channel (Broad)"},{"@Name":"updateGuid","#text":"bd77a894-56e4-4287-8119-46e82d1f4d43"},{"@Name":"updateRevisionNumber","#text":"200"}]}}}
{"Event":{"System":{"Provider":{"@Name":"Microsoft-Windows-WindowsUpdateClient","@Guid":"945a8954-c147-4acd-923f-40c45405a658"},"EventID":"19","Version":"1","Level":"4","Task":"1","Opcode":"13","Keywords":"0x8000000000000018","TimeCreated":{"@SystemTime":"2024-09-26 13:53:47.7967233"},"EventRecordID":"2017","Correlation":null,"Execution":{"@ProcessID":"4536","@ThreadID":"1432"},"Channel":"System","Computer":"Server002","Security":{"@UserID":"S-1-5-18"}},"EventData":{"Data":[{"@Name":"updateTitle","#text":"Security Intelligence Update for Microsoft Defender Antivirus - KB2267602 (Version 1.419.209.0) - Current Channel (Broad)"},{"@Name":"updateGuid","#text":"bd77a894-56e4-4287-8119-46e82d1f4d43"},{"@Name":"updateRevisionNumber","#text":"200"},{"@Name":"serviceGuid","#text":"9482f4b4-e343-43b6-b170-9a65bc822c77"}]}}}
{"Event":{"System":{"Provider":{"@Name":"Service Control Manager","@Guid":"{555908d1-a6d7-4695-8e1e-26931d2012f4}","@EventSourceName":"Service Control Manager"},"EventID":{"@Qualifiers":"16384","#text":"7040"},"Version":"0","Level":"4","Task":"0","Opcode":"0","Keywords":"0x8080000000000000","TimeCreated":{"@SystemTime":"2024-09-26 13:55:00.6922715"},"EventRecordID":"2018","Correlation":null,"Execution":{"@ProcessID":"668","@ThreadID":"4420"},"Channel":"System","Computer":"Server002","Security":{"@UserID":"S-1-5-18"}},"EventData":{"Data":[{"@Name":"param1","#text":"Background Intelligent Transfer Service"},{"@Name":"param2","#text":"auto start"},{"@Name":"param3","#text":"demand start"},{"@Name":"param4","#text":"BITS"}]}}}
{"Event":{"System":{"Provider":{"@Name":"Microsoft-Windows-WindowsUpdateClient","@Guid":"945a8954-c147-4acd-923f-40c45405a658"},"EventID":"44","Version":"1","Level":"4","Task":"1","Opcode":"12","Keywords":"0x8000000000002004","TimeCreated":{"@SystemTime":"2024-09-26 13:57:49.6249543"},"EventRecordID":"2019","Correlation":null,"Execution":{"@ProcessID":"4536","@ThreadID":"6368"},"Channel":"System","Computer":"Server002","Security":{"@UserID":"S-1-5-18"}},"EventData":{"Data":[{"@Name":"updateTitle","#text":"9NBLGGH3FRZM-Microsoft.VCLibs.140.00"},{"@Name":"updateGuid","#text":"7c4b0956-b3f1-40ac-a633-668abc5d6af2"},{"@Name":"updateRevisionNumber","#text":"1"}]}}}
{"Event":{"System":{"Provider":{"@Name":"Microsoft-Windows-WindowsUpdateClient","@Guid":"945a8954-c147-4acd-923f-40c45405a658"},"EventID":"44","Version":"1","Level":"4","Task":"1","Opcode":"12","Keywords":"0x8000000000002004","TimeCreated":{"@SystemTime":"2024-09-26 13:57:53.4616865"},"EventRecordID":"2020","Correlation":null,"Execution":{"@ProcessID":"4536","@ThreadID":"6368"},"Channel":"System","Computer":"Server002","Security":{"@UserID":"S-1-5-18"}},"EventData":{"Data":[{"@Name":"updateTitle","#text":"9PLL735RFDSM-Microsoft.NET.Native.Runtime.2.2"},{"@Name":"updateGuid","#text":"9c137291-4059-4cb8-b650-12b07bbe1da1"},{"@Name":"updateRevisionNumber","#text":"1"}]}}}
{"Event":{"System":{"Provider":{"@Name":"Microsoft-Windows-WindowsUpdateClient","@Guid":"945a8954-c147-4acd-923f-40c45405a658"},"EventID":"44","Version":"1","Level":"4","Task":"1","Opcode":"12","Keywords":"0x8000000000002004","TimeCreated":{"@SystemTime":"2024-09-26 13:57:53.4616888"},"EventRecordID":"2021","Correlation":null,"Execution":{"@ProcessID":"4536","@ThreadID":"6368"},"Channel":"System","Computer":"Server002","Security":{"@UserID":"S-1-5-18"}},"EventData":{"Data":[{"@Name":"updateTitle","#text":"9NBLGGH3FRZM-Microsoft.VCLibs.140.00"},{"@Name":"updateGuid","#text":"7c4b0956-b3f1-40ac-a633-668abc5d6af2"},{"@Name":"updateRevisionNumber","#text":"1"}]}}}
{"Event":{"System":{"Provider":{"@Name":"Microsoft-Windows-WindowsUpdateClient","@Guid":"945a8954-c147-4acd-923f-40c45405a658"},"EventID":"44","Version":"1","Level":"4","Task":"1","Opcode":"12","Keywords":"0x8000000000002004","TimeCreated":{"@SystemTime":"2024-09-26 13:57:53.4616894"},"EventRecordID":"2022","Correlation":null,"Execution":{"@ProcessID":"4536","@ThreadID":"6368"},"Channel":"System","Computer":"Server002","Security":{"@UserID":"S-1-5-18"}},"EventData":{"Data":[{"@Name":"updateTitle","#text":"9NBLGGH4RV3K-Microsoft.VCLibs.140.00.UWPDesktop"},{"@Name":"updateGuid","#text":"fcdd3b59-f41c-4595-b36b-245bacb749e8"},{"@Name":"updateRevisionNumber","#text":"1"}]}}}
{"Event":{"System":{"Provider":{"@Name":"Microsoft-Windows-WindowsUpdateClient","@Guid":"945a8954-c147-4acd-923f-40c45405a658"},"EventID":"44","Version":"1","Level":"4","Task":"1","Opcode":"12","Keywords":"0x8000000000002004","TimeCreated":{"@SystemTime":"2024-09-26 13:57:53.4616902"},"EventRecordID":"2023","Correlation":null,"Execution":{"@ProcessID":"4536","@ThreadID":"6368"},"Channel":"System","Computer":"Server002","Security":{"@UserID":"S-1-5-18"}},"EventData":{"Data":[{"@Name":"updateTitle","#text":"9NBLGGH3FRZM-Microsoft.VCLibs.140.00"},{"@Name":"updateGuid","#text":"7c4b0956-b3f1-40ac-a633-668abc5d6af2"},{"@Name":"updateRevisionNumber","#text":"1"}]}}}
{"Event":{"System":{"Provider":{"@Name":"Microsoft-Windows-WindowsUpdateClient","@Guid":"945a8954-c147-4acd-923f-40c45405a658"},"EventID":"44","Version":"1","Level":"4","Task":"1","Opcode":"12","Keywords":"0x8000000000002004","TimeCreated":{"@SystemTime":"2024-09-26 13:57:57.8377052"},"EventRecordID":"2024","Correlation":null,"Execution":{"@ProcessID":"4536","@ThreadID":"6368"},"Channel":"System","Computer":"Server002","Security":{"@UserID":"S-1-5-18"}},"EventData":{"Data":[{"@Name":"updateTitle","#text":"9MW2LKJ0TPJF-Microsoft.NET.Native.Framework.2.2"},{"@Name":"updateGuid","#text":"bfa7d40d-2cdf-4c15-98cf-85c847517da3"},{"@Name":"updateRevisionNumber","#text":"1"}]}}}
{"Event":{"System":{"Provider":{"@Name":"Microsoft-Windows-WindowsUpdateClient","@Guid":"945a8954-c147-4acd-923f-40c45405a658"},"EventID":"44","Version":"1","Level":"4","Task":"1","Opcode":"12","Keywords":"0x8000000000002004","TimeCreated":{"@SystemTime":"2024-09-26 13:57:57.8377092"},"EventRecordID":"2025","Correlation":null,"Execution":{"@ProcessID":"4536","@ThreadID":"6368"},"Channel":"System","Computer":"Server002","Security":{"@UserID":"S-1-5-18"}},"EventData":{"Data":[{"@Name":"updateTitle","#text":"9WZDNCRD29V9-MICROSOFT.MICROSOFTOFFICEHUB"},{"@Name":"updateGuid","#text":"b7371fc1-903d-436e-afec-32156090feb1"},{"@Name":"updateRevisionNumber","#text":"1"}]}}}
{"Event":{"System":{"Provider":{"@Name":"Microsoft-Windows-WindowsUpdateClient","@Guid":"945a8954-c147-4acd-923f-40c45405a658"},"EventID":"44","Version":"1","Level":"4","Task":"1","Opcode":"12","Keywords":"0x8000000000002004","TimeCreated":{"@SystemTime":"2024-09-26 13:57:57.8377102"},"EventRecordID":"2026","Correlation":null,"Execution":{"@ProcessID":"4536","@ThreadID":"6368"},"Channel":"System","Computer":"Server002","Security":{"@UserID":"S-1-5-18"}},"EventData":{"Data":[{"@Name":"updateTitle","#text":"9PLL735RFDSM-Microsoft.NET.Native.Runtime.2.2"},{"@Name":"updateGuid","#text":"9c137291-4059-4cb8-b650-12b07bbe1da1"},{"@Name":"updateRevisionNumber","#text":"1"}]}}}
{"Event":{"System":{"Provider":{"@Name":"Microsoft-Windows-WindowsUpdateClient","@Guid":"945a8954-c147-4acd-923f-40c45405a658"},"EventID":"44","Version":"1","Level":"4","Task":"1","Opcode":"12","Keywords":"0x8000000000002004","TimeCreated":{"@SystemTime":"2024-09-26 13:58:02.1759705"},"EventRecordID":"2027","Correlation":null,"Execution":{"@ProcessID":"4536","@ThreadID":"6368"},"Channel":"System","Computer":"Server002","Security":{"@UserID":"S-1-5-18"}},"EventData":{"Data":[{"@Name":"updateTitle","#text":"9NFFX4SZZ23L-Microsoft.549981C3F5F10"},{"@Name":"updateGuid","#text":"57d05949-a23d-454d-a000-73dc257aa0e2"},{"@Name":"updateRevisionNumber","#text":"1"}]}}}
{"Event":{"System":{"Provider":{"@Name":"Microsoft-Windows-WindowsUpdateClient","@Guid":"945a8954-c147-4acd-923f-40c45405a658"},"EventID":"44","Version":"1","Level":"4","Task":"1","Opcode":"12","Keywords":"0x8000000000002004","TimeCreated":{"@SystemTime":"2024-09-26 13:58:06.5427088"},"EventRecordID":"2028","Correlation":null,"Execution":{"@ProcessID":"4536","@ThreadID":"6368"},"Channel":"System","Computer":"Server002","Security":{"@UserID":"S-1-5-18"}},"EventData":{"Data":[{"@Name":"updateTitle","#text":"9MW2LKJ0TPJF-Microsoft.NET.Native.Framework.2.2"},{"@Name":"updateGuid","#text":"bfa7d40d-2cdf-4c15-98cf-85c847517da3"},{"@Name":"updateRevisionNumber","#text":"1"}]}}}
{"Event":{"System":{"Provider":{"@Name":"Microsoft-Windows-WindowsUpdateClient","@Guid":"945a8954-c147-4acd-923f-40c45405a658"},"EventID":"44","Version":"1","Level":"4","Task":"1","Opcode":"12","Keywords":"0x8000000000002004","TimeCreated":{"@SystemTime":"2024-09-26 13:58:06.5427106"},"EventRecordID":"2029","Correlation":null,"Execution":{"@ProcessID":"4536","@ThreadID":"6368"},"Channel":"System","Computer":"Server002","Security":{"@UserID":"S-1-5-18"}},"EventData":{"Data":[{"@Name":"updateTitle","#text":"9NFFX4SZZ23L-Microsoft.549981C3F5F10"},{"@Name":"updateGuid","#text":"57d05949-a23d-454d-a000-73dc257aa0e2"},{"@Name":"updateRevisionNumber","#text":"1"}]}}}
{"Event":{"System":{"Provider":{"@Name":"Microsoft-Windows-WindowsUpdateClient","@Guid":"945a8954-c147-4acd-923f-40c45405a658"},"EventID":"44","Version":"1","Level":"4","Task":"1","Opcode":"12","Keywords":"0x8000000000002004","TimeCreated":{"@SystemTime":"2024-09-26 13:58:11.9430357"},"EventRecordID":"2030","Correlation":null,"Execution":{"@ProcessID":"4536","@ThreadID":"6368"},"Channel":"System","Computer":"Server002","Security":{"@UserID":"S-1-5-18"}},"EventData":{"Data":[{"@Name":"updateTitle","#text":"9NBLGGH4RV3K-Microsoft.VCLibs.140.00.UWPDesktop"},{"@Name":"updateGuid","#text":"fcdd3b59-f41c-4595-b36b-245bacb749e8"},{"@Name":"updateRevisionNumber","#text":"1"}]}}}
{"Event":{"System":{"Provider":{"@Name":"Microsoft-Windows-WindowsUpdateClient","@Guid":"945a8954-c147-4acd-923f-40c45405a658"},"EventID":"44","Version":"1","Level":"4","Task":"1","Opcode":"12","Keywords":"0x8000000000002004","TimeCreated":{"@SystemTime":"2024-09-26 13:58:11.9430374"},"EventRecordID":"2031","Correlation":null,"Execution":{"@ProcessID":"4536","@ThreadID":"6368"},"Channel":"System","Computer":"Server002","Security":{"@UserID":"S-1-5-18"}},"EventData":{"Data":[{"@Name":"updateTitle","#text":"9WZDNCRD29V9-MICROSOFT.MICROSOFTOFFICEHUB"},{"@Name":"updateGuid","#text":"b7371fc1-903d-436e-afec-32156090feb1"},{"@Name":"updateRevisionNumber","#text":"1"}]}}}
{"Event":{"System":{"Provider":{"@Name":"Microsoft-Windows-WindowsUpdateClient","@Guid":"945a8954-c147-4acd-923f-40c45405a658"},"EventID":"44","Version":"1","Level":"4","Task":"1","Opcode":"12","Keywords":"0x8000000000002004","TimeCreated":{"@SystemTime":"2024-09-26 13:58:20.6780437"},"EventRecordID":"2032","Correlation":null,"Execution":{"@ProcessID":"4536","@ThreadID":"6368"},"Channel":"System","Computer":"Server002","Security":{"@UserID":"S-1-5-18"}},"EventData":{"Data":[{"@Name":"updateTitle","#text":"9NBLGGH3FRZM-Microsoft.VCLibs.140.00"},{"@Name":"updateGuid","#text":"7c4b0956-b3f1-40ac-a633-668abc5d6af2"},{"@Name":"updateRevisionNumber","#text":"1"}]}}}
{"Event":{"System":{"Provider":{"@Name":"Microsoft-Windows-WindowsUpdateClient","@Guid":"945a8954-c147-4acd-923f-40c45405a658"},"EventID":"44","Version":"1","Level":"4","Task":"1","Opcode":"12","Keywords":"0x8000000000002004","TimeCreated":{"@SystemTime":"2024-09-26 13:58:20.6780462"},"EventRecordID":"2033","Correlation":null,"Execution":{"@ProcessID":"4536","@ThreadID":"6368"},"Channel":"System","Computer":"Server002","Security":{"@UserID":"S-1-5-18"}},"EventData":{"Data":[{"@Name":"updateTitle","#text":"9WZDNCRD29V9-MICROSOFT.MICROSOFTOFFICEHUB"},{"@Name":"updateGuid","#text":"b7371fc1-903d-436e-afec-32156090feb1"},{"@Name":"updateRevisionNumber","#text":"1"}]}}}
{"Event":{"System":{"Provider":{"@Name":"Microsoft-Windows-WindowsUpdateClient","@Guid":"945a8954-c147-4acd-923f-40c45405a658"},"EventID":"44","Version":"1","Level":"4","Task":"1","Opcode":"12","Keywords":"0x8000000000002004","TimeCreated":{"@SystemTime":"2024-09-26 13:58:24.2257996"},"EventRecordID":"2034","Correlation":null,"Execution":{"@ProcessID":"4536","@ThreadID":"6368"},"Channel":"System","Computer":"Server002","Security":{"@UserID":"S-1-5-18"}},"EventData":{"Data":[{"@Name":"updateTitle","#text":"9PLL735RFDSM-Microsoft.NET.Native.Runtime.2.2"},{"@Name":"updateGuid","#text":"9c137291-4059-4cb8-b650-12b07bbe1da1"},{"@Name":"updateRevisionNumber","#text":"1"}]}}}
{"Event":{"System":{"Provider":{"@Name":"Microsoft-Windows-WindowsUpdateClient","@Guid":"945a8954-c147-4acd-923f-40c45405a658"},"EventID":"44","Version":"1","Level":"4","Task":"1","Opcode":"12","Keywords":"0x8000000000002004","TimeCreated":{"@SystemTime":"2024-09-26 13:58:24.2258017"},"EventRecordID":"2035","Correlation":null,"Execution":{"@ProcessID":"4536","@ThreadID":"6368"},"Channel":"System","Computer":"Server002","Security":{"@UserID":"S-1-5-18"}},"EventData":{"Data":[{"@Name":"updateTitle","#text":"9NBLGGH3FRZM-Microsoft.VCLibs.140.00"},{"@Name":"updateGuid","#text":"7c4b0956-b3f1-40ac-a633-668abc5d6af2"},{"@Name":"updateRevisionNumber","#text":"1"}]}}}
{"Event":{"System":{"Provider":{"@Name":"Microsoft-Windows-WindowsUpdateClient","@Guid":"945a8954-c147-4acd-923f-40c45405a658"},"EventID":"44","Version":"1","Level":"4","Task":"1","Opcode":"12","Keywords":"0x8000000000002004","TimeCreated":{"@SystemTime":"2024-09-26 13:58:24.2258028"},"EventRecordID":"2036","Correlation":null,"Execution":{"@ProcessID":"4536","@ThreadID":"6368"},"Channel":"System","Computer":"Server002","Security":{"@UserID":"S-1-5-18"}},"EventData":{"Data":[{"@Name":"updateTitle","#text":"9WZDNCRD29V9-MICROSOFT.MICROSOFTOFFICEHUB"},{"@Name":"updateGuid","#text":"b7371fc1-903d-436e-afec-32156090feb1"},{"@Name":"updateRevisionNumber","#text":"1"}]}}}
{"Event":{"System":{"Provider":{"@Name":"Microsoft-Windows-WindowsUpdateClient","@Guid":"945a8954-c147-4acd-923f-40c45405a658"},"EventID":"44","Version":"1","Level":"4","Task":"1","Opcode":"12","Keywords":"0x8000000000002004","TimeCreated":{"@SystemTime":"2024-09-26 13:58:28.6958184"},"EventRecordID":"2037","Correlation":null,"Execution":{"@ProcessID":"4536","@ThreadID":"6368"},"Channel":"System","Computer":"Server002","Security":{"@UserID":"S-1-5-18"}},"EventData":{"Data":[{"@Name":"updateTitle","#text":"9MW2LKJ0TPJF-Microsoft.NET.Native.Framework.2.2"},{"@Name":"updateGuid","#text":"bfa7d40d-2cdf-4c15-98cf-85c847517da3"},{"@Name":"updateRevisionNumber","#text":"1"}]}}}
{"Event":{"System":{"Provider":{"@Name":"Microsoft-Windows-WindowsUpdateClient","@Guid":"945a8954-c147-4acd-923f-40c45405a658"},"EventID":"44","Version":"1","Level":"4","Task":"1","Opcode":"12","Keywords":"0x8000000000002004","TimeCreated":{"@SystemTime":"2024-09-26 13:58:28.6958224"},"EventRecordID":"2038","Correlation":null,"Execution":{"@ProcessID":"4536","@ThreadID":"6368"},"Channel":"System","Computer":"Server002","Security":{"@UserID":"S-1-5-18"}},"EventData":{"Data":[{"@Name":"updateTitle","#text":"9NBLGGH4RV3K-Microsoft.VCLibs.140.00.UWPDesktop"},{"@Name":"updateGuid","#text":"fcdd3b59-f41c-4595-b36b-245bacb749e8"},{"@Name":"updateRevisionNumber","#text":"1"}]}}}
{"Event":{"System":{"Provider":{"@Name":"Microsoft-Windows-WindowsUpdateClient","@Guid":"945a8954-c147-4acd-923f-40c45405a658"},"EventID":"44","Version":"1","Level":"4","Task":"1","Opcode":"12","Keywords":"0x8000000000002004","TimeCreated":{"@SystemTime":"2024-09-26 13:58:28.6958234"},"EventRecordID":"2039","Correlation":null,"Execution":{"@ProcessID":"4536","@ThreadID":"6368"},"Channel":"System","Computer":"Server002","Security":{"@UserID":"S-1-5-18"}},"EventData":{"Data":[{"@Name":"updateTitle","#text":"9WZDNCRD29V9-MICROSOFT.MICROSOFTOFFICEHUB"},{"@Name":"updateGuid","#text":"b7371fc1-903d-436e-afec-32156090feb1"},{"@Name":"updateRevisionNumber","#text":"1"}]}}}
{"Event":{"System":{"Provider":{"@Name":"Microsoft-Windows-Kernel-General","@Guid":"a68ca8b7-004f-d7b6-a698-07e2de0f1f5d"},"EventID":"16","Version":"0","Level":"4","Task":"0","Opcode":"0","Keywords":"0x8000000000000000","TimeCreated":{"@SystemTime":"2024-09-26 13:58:31.0070506"},"EventRecordID":"2040","Correlation":null,"Execution":{"@ProcessID":"4108","@ThreadID":"8156"},"Channel":"System","Computer":"Server002","Security":{"@UserID":"S-1-5-18"}},"EventData":{"Data":[{"@Name":"HiveNameLength","#text":"142"},{"@Name":"HiveName","#text":"\\??\\C:\\ProgramData\\Microsoft\\Windows\\AppRepository\\Packages\\Microsoft.MicrosoftOfficeHub_18.2409.1102.0_x64__8wekyb3d8bbwe\\ActivationStore.dat"},{"@Name":"KeysUpdated","#text":"0"},{"@Name":"DirtyPages","#text":"0"}]}}}
{"Event":{"System":{"Provider":{"@Name":"Microsoft-Windows-WindowsUpdateClient","@Guid":"945a8954-c147-4acd-923f-40c45405a658"},"EventID":"44","Version":"1","Level":"4","Task":"1","Opcode":"12","Keywords":"0x8000000000002004","TimeCreated":{"@SystemTime":"2024-09-26 13:58:33.5412595"},"EventRecordID":"2041","Correlation":null,"Execution":{"@ProcessID":"4536","@ThreadID":"6368"},"Channel":"System","Computer":"Server002","Security":{"@UserID":"S-1-5-18"}},"EventData":{"Data":[{"@Name":"updateTitle","#text":"9WZDNCRFJ3Q2-Microsoft.BingWeather"},{"@Name":"updateGuid","#text":"a7af270b-b69e-486b-a1f0-2ffe654965a0"},{"@Name":"updateRevisionNumber","#text":"1"}]}}}
{"Event":{"System":{"Provider":{"@Name":"Microsoft-Windows-Kernel-General","@Guid":"a68ca8b7-004f-d7b6-a698-07e2de0f1f5d"},"EventID":"12","Version":"0","Level":"4","Task":"1","Opcode":"0","Keywords":"0x8000000000000080","TimeCreated":{"@SystemTime":"2024-10-03 15:54:23.7107779"},"EventRecordID":"2042","Correlation":null,"Execution":{"@ProcessID":"4","@ThreadID":"8"},"Channel":"System","Computer":"Server002","Security":{"@UserID":"S-1-5-18"}},"EventData":{"Data":[{"@Name":"MajorVersion","#text":"10"},{"@Name":"MinorVersion","#text":"0"},{"@Name":"BuildVersion","#text":"19041"},{"@Name":"QfeVersion","#text":"2965"},{"@Name":"ServiceVersion","#text":"0"},{"@Name":"BootMode","#text":"0"},{"@Name":"StartTime","#text":"2024-10-03 15:54:22.5000000"}]}}}
{"Event":{"System":{"Provider":{"@Name":"EventLog"},"EventID":{"@Qualifiers":"32768","#text":"6008"},"Version":"0","Level":"2","Task":"0","Opcode":"0","Keywords":"0x80000000000000","TimeCreated":{"@SystemTime":"2024-10-03 15:56:58.8518469"},"EventRecordID":"2043","Correlation":null,"Execution":{"@ProcessID":"0","@ThreadID":"0"},"Channel":"System","Computer":"Server002","Security":null},"EventData":{"Data":"14:45:55, ‎26/‎09/‎2024, 217","Binary":"E8-07-09-00-04-00-1A-00-0E-00-2D-00-37-00-59-03-E8-07-09-00-04-00-1A-00-0D-00-2D-00-37-00-59-03-60-09-00-00-3C-00-00-00-01-00-00-00-60-09-00-00-00-00-00-00-B0-04-00-00-01-00-00-00-E2-E3-FF-FF"}}}
{"Event":{"System":{"Provider":{"@Name":"EventLog"},"EventID":{"@Qualifiers":"32768","#text":"6009"},"Version":"0","Level":"4","Task":"0","Opcode":"0","Keywords":"0x80000000000000","TimeCreated":{"@SystemTime":"2024-10-03 15:56:58.8518469"},"EventRecordID":"2044","Correlation":null,"Execution":{"@ProcessID":"0","@ThreadID":"0"},"Channel":"System","Computer":"Server002","Security":null},"EventData":{"Data":"10.00., 19045, Multiprocessor Free, 0","Binary":""}}}
{"Event":{"System":{"Provider":{"@Name":"EventLog"},"EventID":{"@Qualifiers":"32768","#text":"6005"},"Version":"0","Level":"4","Task":"0","Opcode":"0","Keywords":"0x80000000000000","TimeCreated":{"@SystemTime":"2024-10-03 15:56:58.8518469"},"EventRecordID":"2045","Correlation":null,"Execution":{"@ProcessID":"0","@ThreadID":"0"},"Channel":"System","Computer":"Server002","Security":null},"EventData":{"Data":"","Binary":"E8-07-0A-00-04-00-03-00-0F-00-38-00-3A-00-53-03-00-00-00-00-00-00-00-00"}}}
{"Event":{"System":{"Provider":{"@Name":"EventLog"},"EventID":{"@Qualifiers":"32768","#text":"6013"},"Version":"0","Level":"4","Task":"0","Opcode":"0","Keywords":"0x80000000000000","TimeCreated":{"@SystemTime":"2024-10-03 15:56:58.8518469"},"EventRecordID":"2046","Correlation":null,"Execution":{"@ProcessID":"0","@ThreadID":"0"},"Channel":"System","Computer":"Server002","Security":null},"EventData":{"Data":"156, 60, 0 GMT Standard Time","Binary":"31-00-2E-00-31-00-00-00-30-00-00-00-57-00-69-00-6E-00-64-00-6F-00-77-00-73-00-20-00-31-00-30-00-20-00-48-00-6F-00-6D-00-65-00-00-00-31-00-30-00-2E-00-30-00-2E-00-31-00-39-00-30-00-34-00-35-00-20-00-42-00-75-00-69-00-6C-00-64-00-20-00-31-00-39-00-30-00-34-00-35-00-20-00-20-00-00-00-4D-00-75-00-6C-00-74-00-69-00-70-00-72-00-6F-00-63-00-65-00-73-00-73-00-6F-00-72-00-20-00-46-00-72-00-65-00-65-00-00-00-31-00-39-00-30-00-34-00-31-00-2E-00-76-00-62-00-5F-00-72-00-65-00-6C-00-65-00-61-00-73-00-65-00-2E-00-31-00-39-00-31-00-32-00-30-00-36-00-2D-00-31-00-34-00-30-00-36-00-00-00-36-00-36-00-37-00-64-00-37-00-35-00-64-00-33-00-00-00-4E-00-6F-00-74-00-20-00-41-00-76-00-61-00-69-00-6C-00-61-00-62-00-6C-00-65-00-00-00-4E-00-6F-00-74-00-20-00-41-00-76-00-61-00-69-00-6C-00-61-00-62-00-6C-00-65-00-00-00-39-00-00-00-32-00-00-00-34-00-30-00-39-00-36-00-00-00-38-00-30-00-39-00-00-00-53-00-65-00-72-00-76-00-65-00-72-00-30-00-30-00-32-00-00-00-00-00"}}}
{"Event":{"System":{"Provider":{"@Name":"Microsoft-Windows-Kernel-Boot","@Guid":"15ca44ff-4d7a-4baa-bba5-0998955e531e"},"EventID":"153","Version":"0","Level":"4","Task":"62","Opcode":"0","Keywords":"0x8000000000000000","TimeCreated":{"@SystemTime":"2024-10-03 15:54:23.7108235"},"EventRecordID":"2047","Correlation":null,"Execution":{"@ProcessID":"4","@ThreadID":"8"},"Channel":"System","Computer":"Server002","Security":{"@UserID":"S-1-5-18"}},"EventData":{"Data":[{"@Name":"Status","#text":"0"},{"@Name":"EnableDisableReason","#text":"0"},{"@Name":"VsmPolicy","#text":"0"}]}}}
{"Event":{"System":{"Provider":{"@Name":"Microsoft-Windows-Kernel-Boot","@Guid":"15ca44ff-4d7a-4baa-bba5-0998955e531e"},"EventID":"20","Version":"1","Level":"4","Task":"31","Opcode":"0","Keywords":"0x8000000000000000","TimeCreated":{"@SystemTime":"2024-10-03 15:54:23.7110288"},"EventRecordID":"2048","Correlation":null,"Execution":{"@ProcessID":"4","@ThreadID":"8"},"Channel":"System","Computer":"Server002","Security":{"@UserID":"S-1-5-18"}},"EventData":{"Data":[{"@Name":"LastShutdownGood","#text":"False"},{"@Name":"LastBootGood","#text":"True"},{"@Name":"LastBootId","#text":"27"},{"@Name":"BootStatusPolicy","#text":"2"}]}}}
{"Event":{"System":{"Provider":{"@Name":"Microsoft-Windows-Kernel-Boot","@Guid":"15ca44ff-4d7a-4baa-bba5-0998955e531e"},"EventID":"25","Version":"0","Level":"4","Task":"32","Opcode":"0","Keywords":"0x8000000000000000","TimeCreated":{"@SystemTime":"2024-10-03 15:54:23.7110791"},"EventRecordID":"2049","Correlation":null,"Execution":{"@ProcessID":"4","@ThreadID":"8"},"Channel":"System","Computer":"Server002","Security":{"@UserID":"S-1-5-18"}},"EventData":{"Data":{"@Name":"BootMenuPolicy","#text":"1"}}}}
{"Event":{"System":{"Provider":{"@Name":"Microsoft-Windows-Kernel-Boot","@Guid":"15ca44ff-4d7a-4baa-bba5-0998955e531e"},"EventID":"27","Version":"1","Level":"4","Task":"33","Opcode":"0","Keywords":"0x8000000000000000","TimeCreated":{"@SystemTime":"2024-10-03 15:54:23.7110795"},"EventRecordID":"2050","Correlation":null,"Execution":{"@ProcessID":"4","@ThreadID":"8"},"Channel":"System","Computer":"Server002","Security":{"@UserID":"S-1-5-18"}},"EventData":{"Data":[{"@Name":"BootType","#text":"0"},{"@Name":"LoadOptions","#text":" NOEXECUTE=OPTIN"}]}}}
{"Event":{"System":{"Provider":{"@Name":"Microsoft-Windows-Kernel-Boot","@Guid":"15ca44ff-4d7a-4baa-bba5-0998955e531e"},"EventID":"18","Version":"0","Level":"4","Task":"57","Opcode":"0","Keywords":"0x8000000000000000","TimeCreated":{"@SystemTime":"2024-10-03 15:54:23.7110837"},"EventRecordID":"2051","Correlation":null,"Execution":{"@ProcessID":"4","@ThreadID":"8"},"Channel":"System","Computer":"Server002","Security":{"@UserID":"S-1-5-18"}},"EventData":{"Data":{"@Name":"EntryCount","#text":"1"}}}}
{"Event":{"System":{"Provider":{"@Name":"Microsoft-Windows-Kernel-Boot","@Guid":"15ca44ff-4d7a-4baa-bba5-0998955e531e"},"EventID":"32","Version":"0","Level":"4","Task":"58","Opcode":"0","Keywords":"0x8000000000000000","TimeCreated":{"@SystemTime":"2024-10-03 15:54:23.7110994"},"EventRecordID":"2052","Correlation":null,"Execution":{"@ProcessID":"4","@ThreadID":"8"},"Channel":"System","Computer":"Server002","Security":{"@UserID":"S-1-5-18"}},"EventData":{"Data":{"@Name":"BitlockerUserInputTime","#text":"0"}}}}
{"Event":{"System":{"Provider":{"@Name":"Microsoft-Windows-Kernel-General","@Guid":"a68ca8b7-004f-d7b6-a698-07e2de0f1f5d"},"EventID":"20","Version":"0","Level":"4","Task":"6","Opcode":"0","Keywords":"0x8000000000000010","TimeCreated":{"@SystemTime":"2024-10-03 15:54:23.7136299"},"EventRecordID":"2053","Correlation":null,"Execution":{"@ProcessID":"4","@ThreadID":"8"},"Channel":"System","Computer":"Server002","Security":{"@UserID":"S-1-5-18"}},"EventData":{"Data":[{"@Name":"UpdateReason","#text":"0"},{"@Name":"EnabledNew","#text":"True"},{"@Name":"CountNew","#text":"0"},{"@Name":"CountOld","#text":"0"}]}}}
{"Event":{"System":{"Provider":{"@Name":"Microsoft-Windows-HAL","@Guid":"63d1e632-95cc-4443-9312-af927761d52a"},"EventID":"16","Version":"0","Level":"4","Task":"0","Opcode":"0","Keywords":"0x8000000000000000","TimeCreated":{"@SystemTime":"2024-10-03 15:54:23.7903053"},"EventRecordID":"2054","Correlation":null,"Execution":{"@ProcessID":"4","@ThreadID":"8"},"Channel":"System","Computer":"Server002","Security":{"@UserID":"S-1-5-18"}},"EventData":""}}
{"Event":{"System":{"Provider":{"@Name":"Microsoft-Windows-FilterManager","@Guid":"f3c5e28e-63f6-49c7-a204-e48a1bc4b09d"},"EventID":"6","Version":"0","Level":"4","Task":"0","Opcode":"0","Keywords":"0x8000000000000000","TimeCreated":{"@SystemTime":"2024-10-03 15:54:23.9856943"},"EventRecordID":"2055","Correlation":null,"Execution":{"@ProcessID":"4","@ThreadID":"8"},"Channel":"System","Computer":"Server002","Security":{"@UserID":"S-1-5-18"}},"EventData":{"Data":[{"@Name":"FinalStatus","#text":"0x0"},{"@Name":"DeviceVersionMajor","#text":"10"},{"@Name":"DeviceVersionMinor","#text":"0"},{"@Name":"DeviceNameLength","#text":"8"},{"@Name":"DeviceName","#text":"FileInfo"},{"@Name":"DeviceTime","#text":"2062-12-23 06:21:06.0000000"}]}}}
{"Event":{"System":{"Provider":{"@Name":"Microsoft-Windows-FilterManager","@Guid":"f3c5e28e-63f6-49c7-a204-e48a1bc4b09d"},"EventID":"6","Version":"0","Level":"4","Task":"0","Opcode":"0","Keywords":"0x8000000000000000","TimeCreated":{"@SystemTime":"2024-10-03 15:54:23.9861100"},"EventRecordID":"2056","Correlation":null,"Execution":{"@ProcessID":"4","@ThreadID":"8"},"Channel":"System","Computer":"Server002","Security":{"@UserID":"S-1-5-18"}},"EventData":{"Data":[{"@Name":"FinalStatus","#text":"0x0"},{"@Name":"DeviceVersionMajor","#text":"10"},{"@Name":"DeviceVersionMinor","#text":"0"},{"@Name":"DeviceNameLength","#text":"3"},{"@Name":"DeviceName","#text":"Wof"},{"@Name":"DeviceTime","#text":"2023-04-23 03:17:53.0000000"}]}}}
{"Event":{"System":{"Provider":{"@Name":"Microsoft-Windows-FilterManager","@Guid":"f3c5e28e-63f6-49c7-a204-e48a1bc4b09d"},"EventID":"6","Version":"0","Level":"4","Task":"0","Opcode":"0","Keywords":"0x8000000000000000","TimeCreated":{"@SystemTime":"2024-10-03 15:54:23.9868035"},"EventRecordID":"2057","Correlation":null,"Execution":{"@ProcessID":"4","@ThreadID":"8"},"Channel":"System","Computer":"Server002","Security":{"@UserID":"S-1-5-18"}},"EventData":{"Data":[{"@Name":"FinalStatus","#text":"0x0"},{"@Name":"DeviceVersionMajor","#text":"10"},{"@Name":"DeviceVersionMinor","#text":"0"},{"@Name":"DeviceNameLength","#text":"8"},{"@Name":"DeviceName","#text":"WdFilter"},{"@Name":"DeviceTime","#text":"1993-12-21 16:29:16.0000000"}]}}}
{"Event":{"System":{"Provider":{"@Name":"Microsoft-Windows-FilterManager","@Guid":"f3c5e28e-63f6-49c7-a204-e48a1bc4b09d"},"EventID":"6","Version":"0","Level":"4","Task":"0","Opcode":"0","Keywords":"0x8000000000000000","TimeCreated":{"@SystemTime":"2024-10-03 15:54:24.0170364"},"EventRecordID":"2058","Correlation":null,"Execution":{"@ProcessID":"4","@ThreadID":"8"},"Channel":"System","Computer":"Server002","Security":{"@UserID":"S-1-5-18"}},"EventData":{"Data":[{"@Name":"FinalStatus","#text":"0x0"},{"@Name":"DeviceVersionMajor","#text":"0"},{"@Name":"DeviceVersionMinor","#text":"0"},{"@Name":"DeviceNameLength","#text":"9"},{"@Name":"DeviceName","#text":"SysmonDrv"},{"@Name":"DeviceTime","#text":"2024-07-22 16:29:55.0000000"}]}}}
{"Event":{"System":{"Provider":{"@Name":"Microsoft-Windows-Ntfs","@Guid":"3ff37a1c-a68d-4d6e-8c9b-f79e8b16c482"},"EventID":"98","Version":"0","Level":"4","Task":"0","Opcode":"0","Keywords":"0x8000000000000002","TimeCreated":{"@SystemTime":"2024-10-03 15:54:26.2976432"},"EventRecordID":"2059","Correlation":null,"Execution":{"@ProcessID":"4","@ThreadID":"276"},"Channel":"System","Computer":"Server002","Security":{"@UserID":"S-1-5-18"}},"EventData":{"Data":[{"@Name":"DriveName","#text":"C:"},{"@Name":"DeviceName","#text":"\\Device\\HarddiskVolume2"},{"@Name":"CorruptionActionState","#text":"0"}]}}}
{"Event":{"System":{"Provider":{"@Name":"Microsoft-Windows-FilterManager","@Guid":"f3c5e28e-63f6-49c7-a204-e48a1bc4b09d"},"EventID":"6","Version":"0","Level":"4","Task":"0","Opcode":"0","Keywords":"0x8000000000000000","TimeCreated":{"@SystemTime":"2024-10-03 15:54:26.4716228"},"EventRecordID":"2060","Correlation":null,"Execution":{"@ProcessID":"4","@ThreadID":"8"},"Channel":"System","Computer":"Server002","Security":{"@UserID":"S-1-5-18"}},"EventData":{"Data":[{"@Name":"FinalStatus","#text":"0x0"},{"@Name":"DeviceVersionMajor","#text":"10"},{"@Name":"DeviceVersionMinor","#text":"0"},{"@Name":"DeviceNameLength","#text":"9"},{"@Name":"DeviceName","#text":"FileCrypt"},{"@Name":"DeviceTime","#text":"2002-03-01 12:12:42.0000000"}]}}}
{"Event":{"System":{"Provider":{"@Name":"Microsoft-Windows-FilterManager","@Guid":"f3c5e28e-63f6-49c7-a204-e48a1bc4b09d"},"EventID":"6","Version":"0","Level":"4","Task":"0","Opcode":"0","Keywords":"0x8000000000000000","TimeCreated":{"@SystemTime":"2024-10-03 15:54:26.8168421"},"EventRecordID":"2061","Correlation":null,"Execution":{"@ProcessID":"4","@ThreadID":"8"},"Channel":"System","Computer":"Server002","Security":{"@UserID":"S-1-5-18"}},"EventData":{"Data":[{"@Name":"FinalStatus","#text":"0x0"},{"@Name":"DeviceVersionMajor","#text":"10"},{"@Name":"DeviceVersionMinor","#text":"0"},{"@Name":"DeviceNameLength","#text":"9"},{"@Name":"DeviceName","#text":"npsvctrig"},{"@Name":"DeviceTime","#text":"2025-01-06 03:41:12.0000000"}]}}}
{"Event":{"System":{"Provider":{"@Name":"Microsoft-Windows-Ntfs","@Guid":"3ff37a1c-a68d-4d6e-8c9b-f79e8b16c482"},"EventID":"98","Version":"0","Level":"4","Task":"0","Opcode":"0","Keywords":"0x8000000000000002","TimeCreated":{"@SystemTime":"2024-10-03 15:54:26.8750725"},"EventRecordID":"2062","Correlation":null,"Execution":{"@ProcessID":"4","@ThreadID":"112"},"Channel":"System","Computer":"Server002","Security":{"@UserID":"S-1-5-18"}},"EventData":{"Data":[{"@Name":"DriveName","#text":"\\\\?\\Volume{8c181ea3-0000-0000-0000-100000000000}"},{"@Name":"DeviceName","#text":"\\Device\\HarddiskVolume1"},{"@Name":"CorruptionActionState","#text":"0"}]}}}
{"Event":{"System":{"Provider":{"@Name":"Microsoft-Windows-Kernel-Power","@Guid":"331c3b3a-2005-44c2-ac5e-77220c37d6b4"},"EventID":"41","Version":"8","Level":"1","Task":"63","Opcode":"0","Keywords":"0x8000400000000002","TimeCreated":{"@SystemTime":"2024-10-03 15:54:26.9584997"},"EventRecordID":"2063","Correlation":null,"Execution":{"@ProcessID":"4","@ThreadID":"8"},"Channel":"System","Computer":"Server002","Security":{"@UserID":"S-1-5-18"}},"EventData":{"Data":[{"@Name":"BugcheckCode","#text":"0"},{"@Name":"BugcheckParameter1","#text":"0x0"},{"@Name":"BugcheckParameter2","#text":"0x0"},{"@Name":"BugcheckParameter3","#text":"0x0"},{"@Name":"BugcheckParameter4","#text":"0x0"},{"@Name":"SleepInProgress","#text":"0"},{"@Name":"PowerButtonTimestamp","#text":"0"},{"@Name":"BootAppStatus","#text":"0"},{"@Name":"Checkpoint","#text":"0"},{"@Name":"ConnectedStandbyInProgress","#text":"False"},{"@Name":"SystemSleepTransitionsToOn","#text":"0"},{"@Name":"CsEntryScenarioInstanceId","#text":"0"},{"@Name":"BugcheckInfoFromEFI","#text":"False"},{"@Name":"CheckpointStatus","#text":"0"},{"@Name":"CsEntryScenarioInstanceIdV2","#text":"0"},{"@Name":"LongPowerButtonPressDetected","#text":"False"}]}}}
{"Event":{"System":{"Provider":{"@Name":"Microsoft-Windows-Kernel-Power","@Guid":"331c3b3a-2005-44c2-ac5e-77220c37d6b4"},"EventID":"172","Version":"0","Level":"4","Task":"203","Opcode":"0","Keywords":"0x8000000000000404","TimeCreated":{"@SystemTime":"2024-10-03 15:54:26.9638492"},"EventRecordID":"2064","Correlation":null,"Execution":{"@ProcessID":"4","@ThreadID":"300"},"Channel":"System","Computer":"Server002","Security":{"@UserID":"S-1-5-18"}},"EventData":{"Data":[{"@Name":"State","#text":"2"},{"@Name":"Reason","#text":"6"}]}}}
{"Event":{"System":{"Provider":{"@Name":"Microsoft-Windows-Kernel-Processor-Power","@Guid":"0f67e49f-fe51-4e9f-b490-6f2948cc6027"},"EventID":"55","Version":"0","Level":"4","Task":"47","Opcode":"0","Keywords":"0x8000000000000000","TimeCreated":{"@SystemTime":"2024-10-03 15:54:27.8149230"},"EventRecordID":"2065","Correlation":null,"Execution":{"@ProcessID":"4","@ThreadID":"112"},"Channel":"System","Computer":"Server002","Security":{"@UserID":"S-1-5-18"}},"EventData":{"Data":[{"@Name":"Group","#text":"0"},{"@Name":"Number","#text":"0"},{"@Name":"IdleStateCount","#text":"1"},{"@Name":"IdleImplementation","#text":"1"},{"@Name":"NominalFrequency","#text":"2419"},{"@Name":"MaximumPerformancePercent","#text":"100"},{"@Name":"MinimumPerformancePercent","#text":"100"},{"@Name":"MinimumThrottlePercent","#text":"100"},{"@Name":"PerformanceImplementation","#text":"0"}]}}}
{"Event":{"System":{"Provider":{"@Name":"Microsoft-Windows-Kernel-Processor-Power","@Guid":"0f67e49f-fe51-4e9f-b490-6f2948cc6027"},"EventID":"55","Version":"0","Level":"4","Task":"47","Opcode":"0","Keywords":"0x8000000000000000","TimeCreated":{"@SystemTime":"2024-10-03 15:54:27.8161909"},"EventRecordID":"2066","Correlation":null,"Execution":{"@ProcessID":"4","@ThreadID":"112"},"Channel":"System","Computer":"Server002","Security":{"@UserID":"S-1-5-18"}},"EventData":{"Data":[{"@Name":"Group","#text":"0"},{"@Name":"Number","#text":"1"},{"@Name":"IdleStateCount","#text":"1"},{"@Name":"IdleImplementation","#text":"1"},{"@Name":"NominalFrequency","#text":"2419"},{"@Name":"MaximumPerformancePercent","#text":"100"},{"@Name":"MinimumPerformancePercent","#text":"100"},{"@Name":"MinimumThrottlePercent","#text":"100"},{"@Name":"PerformanceImplementation","#text":"0"}]}}}
{"Event":{"System":{"Provider":{"@Name":"Microsoft-Windows-Kernel-Power","@Guid":"331c3b3a-2005-44c2-ac5e-77220c37d6b4"},"EventID":"521","Version":"0","Level":"4","Task":"220","Opcode":"0","Keywords":"0x8000000000000404","TimeCreated":{"@SystemTime":"2024-10-03 15:54:27.9154427"},"EventRecordID":"2067","Correlation":null,"Execution":{"@ProcessID":"4","@ThreadID":"360"},"Channel":"System","Computer":"Server002","Security":{"@UserID":"S-1-5-18"}},"EventData":{"Data":[{"@Name":"ValidBatteryCount","#text":"0"},{"@Name":"ErrorBatteryCount","#text":"0"},{"@Name":"AbandonedBatteryCount","#text":"0"}]}}}
{"Event":{"System":{"Provider":{"@Name":"Microsoft-Windows-Kernel-Power","@Guid":"331c3b3a-2005-44c2-ac5e-77220c37d6b4"},"EventID":"521","Version":"0","Level":"4","Task":"220","Opcode":"0","Keywords":"0x8000000000000404","TimeCreated":{"@SystemTime":"2024-10-03 15:54:27.9172984"},"EventRecordID":"2068","Correlation":null,"Execution":{"@ProcessID":"4","@ThreadID":"360"},"Channel":"System","Computer":"Server002","Security":{"@UserID":"S-1-5-18"}},"EventData":{"Data":[{"@Name":"ValidBatteryCount","#text":"1"},{"@Name":"ErrorBatteryCount","#text":"0"},{"@Name":"AbandonedBatteryCount","#text":"0"}]}}}
{"Event":{"System":{"Provider":{"@Name":"Microsoft-Windows-Ntfs","@Guid":"3ff37a1c-a68d-4d6e-8c9b-f79e8b16c482"},"EventID":"98","Version":"0","Level":"4","Task":"0","Opcode":"0","Keywords":"0x8000000000000002","TimeCreated":{"@SystemTime":"2024-10-03 15:54:33.1874576"},"EventRecordID":"2069","Correlation":null,"Execution":{"@ProcessID":"4","@ThreadID":"292"},"Channel":"System","Computer":"Server002","Security":{"@UserID":"S-1-5-18"}},"EventData":{"Data":[{"@Name":"DriveName","#text":"\\\\?\\Volume{8c181ea3-0000-0000-0000-c05e0c000000}"},{"@Name":"DeviceName","#text":"\\Device\\HarddiskVolume3"},{"@Name":"CorruptionActionState","#text":"0"}]}}}
{"Event":{"System":{"Provider":{"@Name":"Microsoft-Windows-Kernel-General","@Guid":"a68ca8b7-004f-d7b6-a698-07e2de0f1f5d"},"EventID":"16","Version":"0","Level":"4","Task":"0","Opcode":"0","Keywords":"0x8000000000000000","TimeCreated":{"@SystemTime":"2024-10-03 15:54:33.4496326"},"EventRecordID":"2070","Correlation":null,"Execution":{"@ProcessID":"92","@ThreadID":"408"},"Channel":"System","Computer":"Server002","Security":{"@UserID":"S-1-5-18"}},"EventData":{"Data":[{"@Name":"HiveNameLength","#text":"31"},{"@Name":"HiveName","#text":"\\SystemRoot\\System32\\Config\\SAM"},{"@Name":"KeysUpdated","#text":"70"},{"@Name":"DirtyPages","#text":"8"}]}}}
{"Event":{"System":{"Provider":{"@Name":"Microsoft-Windows-Kernel-General","@Guid":"a68ca8b7-004f-d7b6-a698-07e2de0f1f5d"},"EventID":"16","Version":"0","Level":"4","Task":"0","Opcode":"0","Keywords":"0x8000000000000000","TimeCreated":{"@SystemTime":"2024-10-03 15:54:33.4595645"},"EventRecordID":"2071","Correlation":null,"Execution":{"@ProcessID":"92","@ThreadID":"392"},"Channel":"System","Computer":"Server002","Security":{"@UserID":"S-1-5-18"}},"EventData":{"Data":[{"@Name":"HiveNameLength","#text":"36"},{"@Name":"HiveName","#text":"\\SystemRoot\\System32\\Config\\SECURITY"},{"@Name":"KeysUpdated","#text":"72"},{"@Name":"DirtyPages","#text":"4"}]}}}
{"Event":{"System":{"Provider":{"@Name":"Microsoft-Windows-Kernel-General","@Guid":"a68ca8b7-004f-d7b6-a698-07e2de0f1f5d"},"EventID":"16","Version":"0","Level":"4","Task":"0","Opcode":"0","Keywords":"0x8000000000000000","TimeCreated":{"@SystemTime":"2024-10-03 15:54:33.4769176"},"EventRecordID":"2072","Correlation":null,"Execution":{"@ProcessID":"92","@ThreadID":"404"},"Channel":"System","Computer":"Server002","Security":{"@UserID":"S-1-5-18"}},"EventData":{"Data":[{"@Name":"HiveNameLength","#text":"35"},{"@Name":"HiveName","#text":"\\SystemRoot\\System32\\Config\\DEFAULT"},{"@Name":"KeysUpdated","#text":"442"},{"@Name":"DirtyPages","#text":"50"}]}}}
{"Event":{"System":{"Provider":{"@Name":"Microsoft-Windows-Kernel-General","@Guid":"a68ca8b7-004f-d7b6-a698-07e2de0f1f5d"},"EventID":"15","Version":"0","Level":"4","Task":"10","Opcode":"0","Keywords":"0x8000000000000000","TimeCreated":{"@SystemTime":"2024-10-03 15:54:36.0930911"},"EventRecordID":"2073","Correlation":null,"Execution":{"@ProcessID":"92","@ThreadID":"396"},"Channel":"System","Computer":"Server002","Security":{"@UserID":"S-1-5-18"}},"EventData":{"Data":[{"@Name":"HiveNameLength","#text":"36"},{"@Name":"HiveName","#text":"\\SystemRoot\\System32\\Config\\SOFTWARE"},{"@Name":"OriginalSize","#text":"71782400"},{"@Name":"NewSize","#text":"71684096"}]}}}
{"Event":{"System":{"Provider":{"@Name":"Microsoft-Windows-Kernel-General","@Guid":"a68ca8b7-004f-d7b6-a698-07e2de0f1f5d"},"EventID":"24","Version":"0","Level":"4","Task":"11","Opcode":"0","Keywords":"0x8000000000000010","TimeCreated":{"@SystemTime":"2024-10-03 15:54:36.1267977"},"EventRecordID":"2074","Correlation":null,"Execution":{"@ProcessID":"92","@ThreadID":"428"},"Channel":"System","Computer":"Server002","Security":{"@UserID":"S-1-5-18"}},"EventData":{"Data":[{"@Name":"ExitReason","#text":"0"},{"@Name":"CurrentBias","#text":"-60"},{"@Name":"CurrentTimeZoneID","#text":"2"},{"@Name":"TimeZoneInfoCacheUpdated","#text":"0"},{"@Name":"FirstRefresh","#text":"0"}]}}}
{"Event":{"System":{"Provider":{"@Name":"Microsoft-Windows-Kernel-General","@Guid":"a68ca8b7-004f-d7b6-a698-07e2de0f1f5d"},"EventID":"16","Version":"0","Level":"4","Task":"0","Opcode":"0","Keywords":"0x8000000000000000","TimeCreated":{"@SystemTime":"2024-10-03 15:54:36.1393789"},"EventRecordID":"2075","Correlation":null,"Execution":{"@ProcessID":"348","@ThreadID":"352"},"Channel":"System","Computer":"Server002","Security":{"@UserID":"S-1-5-18"}},"EventData":{"Data":[{"@Name":"HiveNameLength","#text":"32"},{"@Name":"HiveName","#text":"\\Device\\HarddiskVolume1\\Boot\\BCD"},{"@Name":"KeysUpdated","#text":"34"},{"@Name":"DirtyPages","#text":"5"}]}}}
{"Event":{"System":{"Provider":{"@Name":"Microsoft-Windows-Wininit","@Guid":"206f6dea-d3c5-4d10-bc72-989f03c8b84b"},"EventID":"14","Version":"0","Level":"4","Task":"0","Opcode":"0","Keywords":"0x4000000000000000","TimeCreated":{"@SystemTime":"2024-10-03 15:56:50.7724306"},"EventRecordID":"2076","Correlation":null,"Execution":{"@ProcessID":"524","@ThreadID":"528"},"Channel":"System","Computer":"Server002","Security":{"@UserID":"S-1-5-18"}},"EventData":{"Data":[{"@Name":"Config","#text":"0"},{"@Name":"IsTestConfig","#text":"0"}]}}}
{"Event":{"System":{"Provider":{"@Name":"Microsoft-Windows-Directory-Services-SAM","@Guid":"0d4fdc09-8c27-494a-bda0-505e4fd8adae"},"EventID":"16962","Version":"0","Level":"4","Task":"0","Opcode":"0","Keywords":"0x8000000000000000","TimeCreated":{"@SystemTime":"2024-10-03 15:56:50.9928678"},"EventRecordID":"2077","Correlation":{"@ActivityID":"8451fcc9-15ac-0000-29fd-5184ac15db01"},"Execution":{"@ProcessID":"680","@ThreadID":"684"},"Channel":"System","Computer":"Server002","Security":{"@UserID":"S-1-5-18"}},"EventData":{"@Name":"SAMMSG_RESTRICT_REMOTE_SAM_DEFAULT_SD","Data":{"@Name":"Default SD String:","#text":"O:SYG:SYD:(A;;RC;;;BA)"}}}}
{"Event":{"System":{"Provider":{"@Name":"Microsoft-Windows-Directory-Services-SAM","@Guid":"0d4fdc09-8c27-494a-bda0-505e4fd8adae"},"EventID":"16977","Version":"0","Level":"4","Task":"0","Opcode":"0","Keywords":"0x8000000000000000","TimeCreated":{"@SystemTime":"2024-10-03 15:56:51.0019861"},"EventRecordID":"2078","Correlation":{"@ActivityID":"8451fcc9-15ac-0000-29fd-5184ac15db01"},"Execution":{"@ProcessID":"680","@ThreadID":"684"},"Channel":"System","Computer":"Server002","Security":{"@UserID":"S-1-5-18"}},"EventData":{"@Name":"SAMMSG_MINPWDLEN_SETTINGS_IN_EFFECT","Data":[{"@Name":"MinimumPasswordLength","#text":"0"},{"@Name":"RelaxMinimumPasswordLengthLimits","#text":"0"},{"@Name":"MinimumPasswordLengthAudit","#text":"-1"}]}}}
{"Event":{"System":{"Provider":{"@Name":"Microsoft-Windows-Directory-Services-SAM","@Guid":"0d4fdc09-8c27-494a-bda0-505e4fd8adae"},"EventID":"16983","Version":"0","Level":"4","Task":"0","Opcode":"0","Keywords":"0x8000000000000000","TimeCreated":{"@SystemTime":"2024-10-03 15:56:51.0019985"},"EventRecordID":"2079","Correlation":{"@ActivityID":"8451fcc9-15ac-0000-29fd-5184ac15db01"},"Execution":{"@ProcessID":"680","@ThreadID":"684"},"Channel":"System","Computer":"Server002","Security":{"@UserID":"S-1-5-18"}},"EventData":{"@Name":"SAMMSG_AUDIT_LEGACY_PWD_RPC_METHODS_OFF"}}}
