{"Event":{"System":{"Provider":{"@Name":"Dwminit"},"EventID":{"@Qualifiers":"32770","#text":"0"},"Version":"0","Level":"3","Task":"0","Opcode":"0","Keywords":"0x80000000000000","TimeCreated":{"@SystemTime":"2025-04-23 10:34:11.3563199"},"EventRecordID":"3679","Correlation":null,"Execution":{"@ProcessID":"0","@ThreadID":"0"},"Channel":"Application","Computer":"Server002","Security":null},"EventData":{"Data":"0x8898009b, 1, VirtualBox Graphics Adapter (WDDM)","Binary":""}}}
{"Event":{"System":{"Provider":{"@Name":"Desktop Window Manager"},"EventID":{"@Qualifiers":"16384","#text":"9027"},"Version":"0","Level":"4","Task":"0","Opcode":"0","Keywords":"0x80000000000000","TimeCreated":{"@SystemTime":"2025-04-23 10:34:11.8609811"},"EventRecordID":"3680","Correlation":null,"Execution":{"@ProcessID":"0","@ThreadID":"0"},"Channel":"Application","Computer":"Server002","Security":null},"EventData":{"Data":"","Binary":""}}}
{"Event":{"System":{"Provider":{"@Name":"Application Error"},"EventID":{"@Qualifiers":"0","#text":"1000"},"Version":"0","Level":"2","Task":"100","Opcode":"0","Keywords":"0x80000000000000","TimeCreated":{"@SystemTime":"2025-04-23 10:45:31.7565742"},"EventRecordID":"3681","Correlation":null,"Execution":{"@ProcessID":"0","@ThreadID":"0"},"Channel":"Application","Computer":"Server002","Security":null},"EventData":{"Data":"dwm.exe, 10.0.19041.4355, 6564cf4e, unknown, 0.0.0.0, 00000000, 8898009b, 0000000000000000, 1360, 01dbb43b4072c92b, C:\\Windows\\system32\\dwm.exe, unknown, e7ce15f8-d498-4ad8-98af-c3c4cd320bd9","Binary":""}}}
{"Event":{"System":{"Provider":{"@Name":"Windows Error Reporting"},"EventID":{"@Qualifiers":"0","#text":"1001"},"Version":"0","Level":"4","Task":"0","Opcode":"0","Keywords":"0x80000000000000","TimeCreated":{"@SystemTime":"2025-04-23 10:45:35.6120720"},"EventRecordID":"3682","Correlation":null,"Execution":{"@ProcessID":"0","@ThreadID":"0"},"Channel":"Application","Computer":"Server002","Security":null},"EventData":{"Data":"2128837646485783167, 4, APPCRASH, Not available, 0, dwm.exe, 10.0.19041.4355, 6564cf4e, StackHash_c424, 0.0.0.0, 00000000, 8898009b, PCH_33_FROM_ntdll+0x00000000000A1E1F, \r\n\\\\?\\C:\\ProgramData\\Microsoft\\Windows\\WER\\Temp\\WER8E11.tmp.dmp\r\n\\\\?\\C:\\ProgramData\\Microsoft\\Windows\\WER\\Temp\\WER8EDD.tmp.WERInternalMetadata.xml\r\n\\\\?\\C:\\ProgramData\\Microsoft\\Windows\\WER\\Temp\\WER9065.tmp.xml\r\n\\\\?\\C:\\ProgramData\\Microsoft\\Windows\\WER\\Temp\\WER90A1.tmp.csv\r\n\\\\?\\C:\\ProgramData\\Microsoft\\Windows\\WER\\Temp\\WER9100.tmp.txt, \\\\?\\C:\\ProgramData\\Microsoft\\Windows\\WER\\ReportArchive\\AppCrash_dwm.exe_91b3146bf97640bdec1550bdc39ae1ac48d1cd8_fed57774_8b5e52f4-28d8-4845-8f86-9dcb4e43d856, 0, e7ce15f8-d498-4ad8-98af-c3c4cd320bd9, 268435456, 5cf7e4b228f057d03d8b268f7743827f, 0","Binary":""}}}
{"Event":{"System":{"Provider":{"@Name":"Dwminit"},"EventID":{"@Qualifiers":"32770","#text":"0"},"Version":"0","Level":"3","Task":"0","Opcode":"0","Keywords":"0x80000000000000","TimeCreated":{"@SystemTime":"2025-04-23 10:45:35.7995710"},"EventRecordID":"3683","Correlation":null,"Execution":{"@ProcessID":"0","@ThreadID":"0"},"Channel":"Application","Computer":"Server002","Security":null},"EventData":{"Data":"0x8898009b, 1, VirtualBox Graphics Adapter (WDDM)","Binary":""}}}
{"Event":{"System":{"Provider":{"@Name":"Desktop Window Manager"},"EventID":{"@Qualifiers":"16384","#text":"9027"},"Version":"0","Level":"4","Task":"0","Opcode":"0","Keywords":"0x80000000000000","TimeCreated":{"@SystemTime":"2025-04-23 10:45:36.1383252"},"EventRecordID":"3684","Correlation":null,"Execution":{"@ProcessID":"0","@ThreadID":"0"},"Channel":"Application","Computer":"Server002","Security":null},"EventData":{"Data":"","Binary":""}}}
{"Event":{"System":{"Provider":{"@Name":"Application Error"},"EventID":{"@Qualifiers":"0","#text":"1000"},"Version":"0","Level":"2","Task":"100","Opcode":"0","Keywords":"0x80000000000000","TimeCreated":{"@SystemTime":"2025-04-23 10:47:31.1964209"},"EventRecordID":"3685","Correlation":null,"Execution":{"@ProcessID":"0","@ThreadID":"0"},"Channel":"Application","Computer":"Server002","Security":null},"EventData":{"Data":"dwm.exe, 10.0.19041.4355, 6564cf4e, unknown, 0.0.0.0, 00000000, 8898009b, 0000000000000000, 32f0, 01dbb43cd869cc4e, C:\\Windows\\system32\\dwm.exe, unknown, f0def5ba-fd56-44ee-a129-8c120ce1491c","Binary":""}}}
{"Event":{"System":{"Provider":{"@Name":"Windows Error Reporting"},"EventID":{"@Qualifiers":"0","#text":"1001"},"Version":"0","Level":"4","Task":"0","Opcode":"0","Keywords":"0x80000000000000","TimeCreated":{"@SystemTime":"2025-04-23 10:47:33.8505235"},"EventRecordID":"3686","Correlation":null,"Execution":{"@ProcessID":"0","@ThreadID":"0"},"Channel":"Application","Computer":"Server002","Security":null},"EventData":{"Data":"2128837646485783167, 4, APPCRASH, Not available, 0, dwm.exe, 10.0.19041.4355, 6564cf4e, StackHash_c424, 0.0.0.0, 00000000, 8898009b, PCH_33_FROM_ntdll+0x00000000000A1E1F, \r\n\\\\?\\C:\\ProgramData\\Microsoft\\Windows\\WER\\Temp\\WER607F.tmp.dmp\r\n\\\\?\\C:\\ProgramData\\Microsoft\\Windows\\WER\\Temp\\WER615B.tmp.WERInternalMetadata.xml\r\n\\\\?\\C:\\ProgramData\\Microsoft\\Windows\\WER\\Temp\\WER61F8.tmp.xml\r\n\\\\?\\C:\\ProgramData\\Microsoft\\Windows\\WER\\Temp\\WER6208.tmp.csv\r\n\\\\?\\C:\\ProgramData\\Microsoft\\Windows\\WER\\Temp\\WER6247.tmp.txt, \\\\?\\C:\\ProgramData\\Microsoft\\Windows\\WER\\ReportArchive\\AppCrash_dwm.exe_91b3146bf97640bdec1550bdc39ae1ac48d1cd8_fed57774_a26056ae-14a4-4938-bc76-3f9b2ceebcdf, 0, f0def5ba-fd56-44ee-a129-8c120ce1491c, 268435456, 5cf7e4b228f057d03d8b268f7743827f, 0","Binary":""}}}
{"Event":{"System":{"Provider":{"@Name":"Dwminit"},"EventID":{"@Qualifiers":"32770","#text":"0"},"Version":"0","Level":"3","Task":"0","Opcode":"0","Keywords":"0x80000000000000","TimeCreated":{"@SystemTime":"2025-04-23 10:47:33.9959421"},"EventRecordID":"3687","Correlation":null,"Execution":{"@ProcessID":"0","@ThreadID":"0"},"Channel":"Application","Computer":"Server002","Security":null},"EventData":{"Data":"0x8898009b, 1, VirtualBox Graphics Adapter (WDDM)","Binary":""}}}
{"Event":{"System":{"Provider":{"@Name":"Desktop Window Manager"},"EventID":{"@Qualifiers":"16384","#text":"9027"},"Version":"0","Level":"4","Task":"0","Opcode":"0","Keywords":"0x80000000000000","TimeCreated":{"@SystemTime":"2025-04-23 10:47:34.2211747"},"EventRecordID":"3688","Correlation":null,"Execution":{"@ProcessID":"0","@ThreadID":"0"},"Channel":"Application","Computer":"Server002","Security":null},"EventData":{"Data":"","Binary":""}}}
{"Event":{"System":{"Provider":{"@Name":"Application Error"},"EventID":{"@Qualifiers":"0","#text":"1000"},"Version":"0","Level":"2","Task":"100","Opcode":"0","Keywords":"0x80000000000000","TimeCreated":{"@SystemTime":"2025-04-23 10:47:34.7839947"},"EventRecordID":"3689","Correlation":null,"Execution":{"@ProcessID":"0","@ThreadID":"0"},"Channel":"Application","Computer":"Server002","Security":null},"EventData":{"Data":"dwm.exe, 10.0.19041.4355, 6564cf4e, unknown, 0.0.0.0, 00000000, 8898009b, 0000000000000000, 2c68, 01dbb43d1ed6966c, C:\\Windows\\system32\\dwm.exe, unknown, d0f207fc-5e96-40da-90c9-4f677afb12c1","Binary":""}}}
{"Event":{"System":{"Provider":{"@Name":"Windows Error Reporting"},"EventID":{"@Qualifiers":"0","#text":"1001"},"Version":"0","Level":"4","Task":"0","Opcode":"0","Keywords":"0x80000000000000","TimeCreated":{"@SystemTime":"2025-04-23 10:47:41.9308282"},"EventRecordID":"3690","Correlation":null,"Execution":{"@ProcessID":"0","@ThreadID":"0"},"Channel":"Application","Computer":"Server002","Security":null},"EventData":{"Data":"0, APPCRASH, Not available, 0, dwm.exe, 10.0.19041.4355, 6564cf4e, StackHash_c424, 0.0.0.0, 00000000, 8898009b, PCH_33_FROM_ntdll+0x00000000000A1E1F, \\\\?\\C:\\ProgramData\\Microsoft\\Windows\\WER\\ReportQueue\\AppCrash_dwm.exe_91b3146bf97640bdec1550bdc39ae1ac48d1cd8_fed57774_e598b568-5e1f-4b19-b98a-d5c40d9c5075, 0, d0f207fc-5e96-40da-90c9-4f677afb12c1, 100, 0","Binary":""}}}
{"Event":{"System":{"Provider":{"@Name":"Dwminit"},"EventID":{"@Qualifiers":"32770","#text":"0"},"Version":"0","Level":"3","Task":"0","Opcode":"0","Keywords":"0x80000000000000","TimeCreated":{"@SystemTime":"2025-04-23 10:47:42.0072102"},"EventRecordID":"3691","Correlation":null,"Execution":{"@ProcessID":"0","@ThreadID":"0"},"Channel":"Application","Computer":"Server002","Security":null},"EventData":{"Data":"0x000000ff, 2, VirtualBox Graphics Adapter (WDDM)","Binary":""}}}
{"Event":{"System":{"Provider":{"@Name":"Desktop Window Manager"},"EventID":{"@Qualifiers":"16384","#text":"9027"},"Version":"0","Level":"4","Task":"0","Opcode":"0","Keywords":"0x80000000000000","TimeCreated":{"@SystemTime":"2025-04-23 10:47:42.1018320"},"EventRecordID":"3692","Correlation":null,"Execution":{"@ProcessID":"0","@ThreadID":"0"},"Channel":"Application","Computer":"Server002","Security":null},"EventData":{"Data":"","Binary":""}}}
{"Event":{"System":{"Provider":{"@Name":"Windows Error Reporting"},"EventID":{"@Qualifiers":"0","#text":"1001"},"Version":"0","Level":"4","Task":"0","Opcode":"0","Keywords":"0x80000000000000","TimeCreated":{"@SystemTime":"2025-04-23 10:47:44.3308555"},"EventRecordID":"3693","Correlation":null,"Execution":{"@ProcessID":"0","@ThreadID":"0"},"Channel":"Application","Computer":"Server002","Security":null},"EventData":{"Data":"2128837646485783167, 4, APPCRASH, Not available, 0, dwm.exe, 10.0.19041.4355, 6564cf4e, StackHash_c424, 0.0.0.0, 00000000, 8898009b, PCH_33_FROM_ntdll+0x00000000000A1E1F, \r\n\\\\?\\C:\\ProgramData\\Microsoft\\Windows\\WER\\Temp\\WER8E07.tmp.WERInternalMetadata.xml, \\\\?\\C:\\ProgramData\\Microsoft\\Windows\\WER\\ReportArchive\\AppCrash_dwm.exe_91b3146bf97640bdec1550bdc39ae1ac48d1cd8_fed57774_e598b568-5e1f-4b19-b98a-d5c40d9c5075, 0, d0f207fc-5e96-40da-90c9-4f677afb12c1, 268435552, 5cf7e4b228f057d03d8b268f7743827f, 0","Binary":""}}}
{"Event":{"System":{"Provider":{"@Name":"Application Error"},"EventID":{"@Qualifiers":"0","#text":"1000"},"Version":"0","Level":"2","Task":"100","Opcode":"0","Keywords":"0x80000000000000","TimeCreated":{"@SystemTime":"2025-04-23 11:02:11.0844675"},"EventRecordID":"3694","Correlation":null,"Execution":{"@ProcessID":"0","@ThreadID":"0"},"Channel":"Application","Computer":"Server002","Security":null},"EventData":{"Data":"dwm.exe, 10.0.19041.4355, 6564cf4e, unknown, 0.0.0.0, 00000000, 8898009b, 0000000000000000, fa0, 01dbb43d238f009f, C:\\Windows\\system32\\dwm.exe, unknown, a0fa1cb0-c64e-40f2-8851-dd6c581a22ee","Binary":""}}}
{"Event":{"System":{"Provider":{"@Name":"Windows Error Reporting"},"EventID":{"@Qualifiers":"0","#text":"1001"},"Version":"0","Level":"4","Task":"0","Opcode":"0","Keywords":"0x80000000000000","TimeCreated":{"@SystemTime":"2025-04-23 11:02:14.6272771"},"EventRecordID":"3695","Correlation":null,"Execution":{"@ProcessID":"0","@ThreadID":"0"},"Channel":"Application","Computer":"Server002","Security":null},"EventData":{"Data":"2128837646485783167, 4, APPCRASH, Not available, 0, dwm.exe, 10.0.19041.4355, 6564cf4e, StackHash_c424, 0.0.0.0, 00000000, 8898009b, PCH_33_FROM_ntdll+0x00000000000A1E1F, \r\n\\\\?\\C:\\ProgramData\\Microsoft\\Windows\\WER\\Temp\\WERCDA1.tmp.dmp\r\n\\\\?\\C:\\ProgramData\\Microsoft\\Windows\\WER\\Temp\\WERCE7D.tmp.WERInternalMetadata.xml\r\n\\\\?\\C:\\ProgramData\\Microsoft\\Windows\\WER\\Temp\\WERCF78.tmp.xml\r\n\\\\?\\C:\\ProgramData\\Microsoft\\Windows\\WER\\Temp\\WERCF86.tmp.csv\r\n\\\\?\\C:\\ProgramData\\Microsoft\\Windows\\WER\\Temp\\WERCFC5.tmp.txt, \\\\?\\C:\\ProgramData\\Microsoft\\Windows\\WER\\ReportArchive\\AppCrash_dwm.exe_91b3146bf97640bdec1550bdc39ae1ac48d1cd8_fed57774_648494db-b189-443a-883b-c2c8be7cbf40, 0, a0fa1cb0-c64e-40f2-8851-dd6c581a22ee, 268435456, 5cf7e4b228f057d03d8b268f7743827f, 0","Binary":""}}}
{"Event":{"System":{"Provider":{"@Name":"Dwminit"},"EventID":{"@Qualifiers":"32770","#text":"0"},"Version":"0","Level":"3","Task":"0","Opcode":"0","Keywords":"0x80000000000000","TimeCreated":{"@SystemTime":"2025-04-23 11:02:14.8299523"},"EventRecordID":"3696","Correlation":null,"Execution":{"@ProcessID":"0","@ThreadID":"0"},"Channel":"Application","Computer":"Server002","Security":null},"EventData":{"Data":"0x8898009b, 1, VirtualBox Graphics Adapter (WDDM)","Binary":""}}}
{"Event":{"System":{"Provider":{"@Name":"Desktop Window Manager"},"EventID":{"@Qualifiers":"16384","#text":"9027"},"Version":"0","Level":"4","Task":"0","Opcode":"0","Keywords":"0x80000000000000","TimeCreated":{"@SystemTime":"2025-04-23 11:02:15.0752094"},"EventRecordID":"3697","Correlation":null,"Execution":{"@ProcessID":"0","@ThreadID":"0"},"Channel":"Application","Computer":"Server002","Security":null},"EventData":{"Data":"","Binary":""}}}
{"Event":{"System":{"Provider":{"@Name":"Application Error"},"EventID":{"@Qualifiers":"0","#text":"1000"},"Version":"0","Level":"2","Task":"100","Opcode":"0","Keywords":"0x80000000000000","TimeCreated":{"@SystemTime":"2025-04-23 11:20:59.4745696"},"EventRecordID":"3698","Correlation":null,"Execution":{"@ProcessID":"0","@ThreadID":"0"},"Channel":"Application","Computer":"Server002","Security":null},"EventData":{"Data":"dwm.exe, 10.0.19041.4355, 6564cf4e, unknown, 0.0.0.0, 00000000, 8898009b, 0000000000000000, 2894, 01dbb43f2bdf83f0, C:\\Windows\\system32\\dwm.exe, unknown, 6d15fd1b-ca52-4703-93f2-eca6fcde78e0","Binary":""}}}
{"Event":{"System":{"Provider":{"@Name":"Windows Error Reporting"},"EventID":{"@Qualifiers":"0","#text":"1001"},"Version":"0","Level":"4","Task":"0","Opcode":"0","Keywords":"0x80000000000000","TimeCreated":{"@SystemTime":"2025-04-23 11:21:02.7736939"},"EventRecordID":"3699","Correlation":null,"Execution":{"@ProcessID":"0","@ThreadID":"0"},"Channel":"Application","Computer":"Server002","Security":null},"EventData":{"Data":"2128837646485783167, 4, APPCRASH, Not available, 0, dwm.exe, 10.0.19041.4355, 6564cf4e, StackHash_c424, 0.0.0.0, 00000000, 8898009b, PCH_33_FROM_ntdll+0x00000000000A1E1F, \r\n\\\\?\\C:\\ProgramData\\Microsoft\\Windows\\WER\\Temp\\WER558.tmp.dmp\r\n\\\\?\\C:\\ProgramData\\Microsoft\\Windows\\WER\\Temp\\WER624.tmp.WERInternalMetadata.xml\r\n\\\\?\\C:\\ProgramData\\Microsoft\\Windows\\WER\\Temp\\WER73F.tmp.xml\r\n\\\\?\\C:\\ProgramData\\Microsoft\\Windows\\WER\\Temp\\WER74C.tmp.csv\r\n\\\\?\\C:\\ProgramData\\Microsoft\\Windows\\WER\\Temp\\WER78C.tmp.txt, \\\\?\\C:\\ProgramData\\Microsoft\\Windows\\WER\\ReportArchive\\AppCrash_dwm.exe_91b3146bf97640bdec1550bdc39ae1ac48d1cd8_fed57774_a5e75e30-b847-41f3-9caa-02fae96c1162, 0, 6d15fd1b-ca52-4703-93f2-eca6fcde78e0, 268435456, 5cf7e4b228f057d03d8b268f7743827f, 0","Binary":""}}}
{"Event":{"System":{"Provider":{"@Name":"Dwminit"},"EventID":{"@Qualifiers":"32770","#text":"0"},"Version":"0","Level":"3","Task":"0","Opcode":"0","Keywords":"0x80000000000000","TimeCreated":{"@SystemTime":"2025-04-23 11:21:02.9485925"},"EventRecordID":"3700","Correlation":null,"Execution":{"@ProcessID":"0","@ThreadID":"0"},"Channel":"Application","Computer":"Server002","Security":null},"EventData":{"Data":"0x8898009b, 1, VirtualBox Graphics Adapter (WDDM)","Binary":""}}}
{"Event":{"System":{"Provider":{"@Name":"Desktop Window Manager"},"EventID":{"@Qualifiers":"16384","#text":"9027"},"Version":"0","Level":"4","Task":"0","Opcode":"0","Keywords":"0x80000000000000","TimeCreated":{"@SystemTime":"2025-04-23 11:21:03.2267825"},"EventRecordID":"3701","Correlation":null,"Execution":{"@ProcessID":"0","@ThreadID":"0"},"Channel":"Application","Computer":"Server002","Security":null},"EventData":{"Data":"","Binary":""}}}
{"Event":{"System":{"Provider":{"@Name":"Application Error"},"EventID":{"@Qualifiers":"0","#text":"1000"},"Version":"0","Level":"2","Task":"100","Opcode":"0","Keywords":"0x80000000000000","TimeCreated":{"@SystemTime":"2025-04-23 11:24:54.5027039"},"EventRecordID":"3702","Correlation":null,"Execution":{"@ProcessID":"0","@ThreadID":"0"},"Channel":"Application","Computer":"Server002","Security":null},"EventData":{"Data":"dwm.exe, 10.0.19041.4355, 6564cf4e, unknown, 0.0.0.0, 00000000, 8898009b, 0000000000000000, 234c, 01dbb441cc43d5ec, C:\\Windows\\system32\\dwm.exe, unknown, 8358ea6b-6378-46dd-8f30-4bcd53ac65ff","Binary":""}}}
{"Event":{"System":{"Provider":{"@Name":"Windows Error Reporting"},"EventID":{"@Qualifiers":"0","#text":"1001"},"Version":"0","Level":"4","Task":"0","Opcode":"0","Keywords":"0x80000000000000","TimeCreated":{"@SystemTime":"2025-04-23 11:24:58.2517616"},"EventRecordID":"3703","Correlation":null,"Execution":{"@ProcessID":"0","@ThreadID":"0"},"Channel":"Application","Computer":"Server002","Security":null},"EventData":{"Data":"2128837646485783167, 4, APPCRASH, Not available, 0, dwm.exe, 10.0.19041.4355, 6564cf4e, StackHash_c424, 0.0.0.0, 00000000, 8898009b, PCH_33_FROM_ntdll+0x00000000000A1E1F, \r\n\\\\?\\C:\\ProgramData\\Microsoft\\Windows\\WER\\Temp\\WER9B70.tmp.dmp\r\n\\\\?\\C:\\ProgramData\\Microsoft\\Windows\\WER\\Temp\\WER9C3C.tmp.WERInternalMetadata.xml\r\n\\\\?\\C:\\ProgramData\\Microsoft\\Windows\\WER\\Temp\\WER9CE9.tmp.xml\r\n\\\\?\\C:\\ProgramData\\Microsoft\\Windows\\WER\\Temp\\WER9CF6.tmp.csv\r\n\\\\?\\C:\\ProgramData\\Microsoft\\Windows\\WER\\Temp\\WER9D36.tmp.txt, \\\\?\\C:\\ProgramData\\Microsoft\\Windows\\WER\\ReportArchive\\AppCrash_dwm.exe_91b3146bf97640bdec1550bdc39ae1ac48d1cd8_fed57774_da927c06-b913-453c-8231-c7871ce8d10e, 0, 8358ea6b-6378-46dd-8f30-4bcd53ac65ff, 268435456, 5cf7e4b228f057d03d8b268f7743827f, 0","Binary":""}}}
{"Event":{"System":{"Provider":{"@Name":"Dwminit"},"EventID":{"@Qualifiers":"32770","#text":"0"},"Version":"0","Level":"3","Task":"0","Opcode":"0","Keywords":"0x80000000000000","TimeCreated":{"@SystemTime":"2025-04-23 11:24:58.4222507"},"EventRecordID":"3704","Correlation":null,"Execution":{"@ProcessID":"0","@ThreadID":"0"},"Channel":"Application","Computer":"Server002","Security":null},"EventData":{"Data":"0x8898009b, 1, VirtualBox Graphics Adapter (WDDM)","Binary":""}}}
{"Event":{"System":{"Provider":{"@Name":"Desktop Window Manager"},"EventID":{"@Qualifiers":"16384","#text":"9027"},"Version":"0","Level":"4","Task":"0","Opcode":"0","Keywords":"0x80000000000000","TimeCreated":{"@SystemTime":"2025-04-23 11:24:58.6957856"},"EventRecordID":"3705","Correlation":null,"Execution":{"@ProcessID":"0","@ThreadID":"0"},"Channel":"Application","Computer":"Server002","Security":null},"EventData":{"Data":"","Binary":""}}}
{"Event":{"System":{"Provider":{"@Name":"Application Error"},"EventID":{"@Qualifiers":"0","#text":"1000"},"Version":"0","Level":"2","Task":"100","Opcode":"0","Keywords":"0x80000000000000","TimeCreated":{"@SystemTime":"2025-04-23 11:27:40.0314408"},"EventRecordID":"3706","Correlation":null,"Execution":{"@ProcessID":"0","@ThreadID":"0"},"Channel":"Application","Computer":"Server002","Security":null},"EventData":{"Data":"dwm.exe, 10.0.19041.4355, 6564cf4e, unknown, 0.0.0.0, 00000000, 8898009b, 0000000000000000, 1ea8, 01dbb44258a0ab4e, C:\\Windows\\system32\\dwm.exe, unknown, 86eb6397-c568-4011-b89f-ceb53013348a","Binary":""}}}
{"Event":{"System":{"Provider":{"@Name":"Windows Error Reporting"},"EventID":{"@Qualifiers":"0","#text":"1001"},"Version":"0","Level":"4","Task":"0","Opcode":"0","Keywords":"0x80000000000000","TimeCreated":{"@SystemTime":"2025-04-23 11:27:42.3293207"},"EventRecordID":"3707","Correlation":null,"Execution":{"@ProcessID":"0","@ThreadID":"0"},"Channel":"Application","Computer":"Server002","Security":null},"EventData":{"Data":"2128837646485783167, 4, APPCRASH, Not available, 0, dwm.exe, 10.0.19041.4355, 6564cf4e, StackHash_c424, 0.0.0.0, 00000000, 8898009b, PCH_33_FROM_ntdll+0x00000000000A1E1F, \r\n\\\\?\\C:\\ProgramData\\Microsoft\\Windows\\WER\\Temp\\WER220B.tmp.dmp\r\n\\\\?\\C:\\ProgramData\\Microsoft\\Windows\\WER\\Temp\\WER22D7.tmp.WERInternalMetadata.xml\r\n\\\\?\\C:\\ProgramData\\Microsoft\\Windows\\WER\\Temp\\WER2365.tmp.xml\r\n\\\\?\\C:\\ProgramData\\Microsoft\\Windows\\WER\\Temp\\WER2372.tmp.csv\r\n\\\\?\\C:\\ProgramData\\Microsoft\\Windows\\WER\\Temp\\WER23A2.tmp.txt, \\\\?\\C:\\ProgramData\\Microsoft\\Windows\\WER\\ReportArchive\\AppCrash_dwm.exe_91b3146bf97640bdec1550bdc39ae1ac48d1cd8_fed57774_ab4d0651-e11f-4f5b-838b-9dff68d5ae5f, 0, 86eb6397-c568-4011-b89f-ceb53013348a, 268435456, 5cf7e4b228f057d03d8b268f7743827f, 0","Binary":""}}}
{"Event":{"System":{"Provider":{"@Name":"Dwminit"},"EventID":{"@Qualifiers":"32770","#text":"0"},"Version":"0","Level":"3","Task":"0","Opcode":"0","Keywords":"0x80000000000000","TimeCreated":{"@SystemTime":"2025-04-23 11:27:42.5158543"},"EventRecordID":"3708","Correlation":null,"Execution":{"@ProcessID":"0","@ThreadID":"0"},"Channel":"Application","Computer":"Server002","Security":null},"EventData":{"Data":"0x8898009b, 1, VirtualBox Graphics Adapter (WDDM)","Binary":""}}}
{"Event":{"System":{"Provider":{"@Name":"Desktop Window Manager"},"EventID":{"@Qualifiers":"16384","#text":"9027"},"Version":"0","Level":"4","Task":"0","Opcode":"0","Keywords":"0x80000000000000","TimeCreated":{"@SystemTime":"2025-04-23 11:27:42.7517152"},"EventRecordID":"3709","Correlation":null,"Execution":{"@ProcessID":"0","@ThreadID":"0"},"Channel":"Application","Computer":"Server002","Security":null},"EventData":{"Data":"","Binary":""}}}
{"Event":{"System":{"Provider":{"@Name":"Application Error"},"EventID":{"@Qualifiers":"0","#text":"1000"},"Version":"0","Level":"2","Task":"100","Opcode":"0","Keywords":"0x80000000000000","TimeCreated":{"@SystemTime":"2025-04-23 11:33:25.1137291"},"EventRecordID":"3710","Correlation":null,"Execution":{"@ProcessID":"0","@ThreadID":"0"},"Channel":"Application","Computer":"Server002","Security":null},"EventData":{"Data":"dwm.exe, 10.0.19041.4355, 6564cf4e, unknown, 0.0.0.0, 00000000, 8898009b, 0000000000000000, 2d20, 01dbb442ba6fe7c4, C:\\Windows\\system32\\dwm.exe, unknown, 8c883656-e011-447e-b873-c18af60dd76a","Binary":""}}}
