{"Event":{"System":{"Provider":{"@Name":"Microsoft-Windows-Sysmon","@Guid":"5770385f-c22a-43e0-bf4c-06f5698ffbd9"},"EventID":"1","Version":"5","Level":"4","Task":"1","Opcode":"0","Keywords":"0x8000000000000000","TimeCreated":{"@SystemTime":"2025-04-23 19:04:14.6724423"},"EventRecordID":"44647","Correlation":null,"Execution":{"@ProcessID":"3244","@ThreadID":"3828"},"Channel":"Microsoft-Windows-Sysmon/Operational","Computer":"Server002","Security":{"@UserID":"S-1-5-18"}},"EventData":{"Data":[{"@Name":"RuleName","#text":"-"},{"@Name":"UtcTime","#text":"2025-04-23 19:04:14.669"},{"@Name":"ProcessGuid","#text":"dbf410b3-39ae-6809-8101-000000004100"},{"@Name":"ProcessId","#text":"5300"},{"@Name":"Image","#text":"C:\\Windows\\Microsoft.NET\\Framework\\v4.0.30319\\mscorsvw.exe"},{"@Name":"FileVersion","#text":"4.8.9093.0 built by: NET481REL1LAST_C"},{"@Name":"Description","#text":".NET Runtime Optimization Service"},{"@Name":"Product","#text":"Microsoft® .NET Framework"},{"@Name":"Company","#text":"Microsoft Corporation"},{"@Name":"OriginalFileName","#text":"mscorsvw.exe"},{"@Name":"CommandLine","#text":"C:\\Windows\\Microsoft.NET\\Framework\\v4.0.30319\\mscorsvw.exe -StartupEvent 348 -InterruptEvent 0 -NGENProcess 358 -Pipe 364 -Comment \"NGen Worker Process\""},{"@Name":"CurrentDirectory","#text":"C:\\Windows\\system32\\"},{"@Name":"User","#text":"NT AUTHORITY\\SYSTEM"},{"@Name":"LogonGuid","#text":"dbf410b3-38ed-6809-e703-000000000000"},{"@Name":"LogonId","#text":"0x3E7"},{"@Name":"TerminalSessionId","#text":"0"},{"@Name":"IntegrityLevel","#text":"System"},{"@Name":"Hashes","#text":"SHA256=0F5305796FA4135C338C80B8529EEE9C38FFB938BCF89984B0CDC77B9673DD75"},{"@Name":"ParentProcessGuid","#text":"dbf410b3-3938-6809-eb00-000000004100"},{"@Name":"ParentProcessId","#text":"2364"},{"@Name":"ParentImage","#text":"C:\\Windows\\Microsoft.NET\\Framework\\v4.0.30319\\ngen.exe"},{"@Name":"ParentCommandLine","#text":"\"C:\\Windows\\Microsoft.NET\\Framework\\v4.0.30319\\ngen.exe\" ExecuteQueuedItems 2 /LegacyServiceBehavior"},{"@Name":"ParentUser","#text":"NT AUTHORITY\\SYSTEM"}]}}}
{"Event":{"System":{"Provider":{"@Name":"Microsoft-Windows-Sysmon","@Guid":"5770385f-c22a-43e0-bf4c-06f5698ffbd9"},"EventID":"5","Version":"3","Level":"4","Task":"5","Opcode":"0","Keywords":"0x8000000000000000","TimeCreated":{"@SystemTime":"2025-04-23 19:04:14.7838621"},"EventRecordID":"44648","Correlation":null,"Execution":{"@ProcessID":"3244","@ThreadID":"3828"},"Channel":"Microsoft-Windows-Sysmon/Operational","Computer":"Server002","Security":{"@UserID":"S-1-5-18"}},"EventData":{"Data":[{"@Name":"RuleName","#text":"-"},{"@Name":"UtcTime","#text":"2025-04-23 19:04:14.782"},{"@Name":"ProcessGuid","#text":"dbf410b3-39ae-6809-8101-000000004100"},{"@Name":"ProcessId","#text":"5300"},{"@Name":"Image","#text":"C:\\Windows\\Microsoft.NET\\Framework\\v4.0.30319\\mscorsvw.exe"},{"@Name":"User","#text":"NT AUTHORITY\\SYSTEM"}]}}}
{"Event":{"System":{"Provider":{"@Name":"Microsoft-Windows-Sysmon","@Guid":"5770385f-c22a-43e0-bf4c-06f5698ffbd9"},"EventID":"1","Version":"5","Level":"4","Task":"1","Opcode":"0","Keywords":"0x8000000000000000","TimeCreated":{"@SystemTime":"2025-04-23 19:04:14.7898260"},"EventRecordID":"44649","Correlation":null,"Execution":{"@ProcessID":"3244","@ThreadID":"3828"},"Channel":"Microsoft-Windows-Sysmon/Operational","Computer":"Server002","Security":{"@UserID":"S-1-5-18"}},"EventData":{"Data":[{"@Name":"RuleName","#text":"-"},{"@Name":"UtcTime","#text":"2025-04-23 19:04:14.787"},{"@Name":"ProcessGuid","#text":"dbf410b3-39ae-6809-8201-000000004100"},{"@Name":"ProcessId","#text":"4744"},{"@Name":"Image","#text":"C:\\Windows\\Microsoft.NET\\Framework\\v4.0.30319\\mscorsvw.exe"},{"@Name":"FileVersion","#text":"4.8.9093.0 built by: NET481REL1LAST_C"},{"@Name":"Description","#text":".NET Runtime Optimization Service"},{"@Name":"Product","#text":"Microsoft® .NET Framework"},{"@Name":"Company","#text":"Microsoft Corporation"},{"@Name":"OriginalFileName","#text":"mscorsvw.exe"},{"@Name":"CommandLine","#text":"C:\\Windows\\Microsoft.NET\\Framework\\v4.0.30319\\mscorsvw.exe -StartupEvent 3cc -InterruptEvent 0 -NGENProcess 350 -Pipe 3a4 -Comment \"NGen Worker Process\""},{"@Name":"CurrentDirectory","#text":"C:\\Windows\\system32\\"},{"@Name":"User","#text":"NT AUTHORITY\\SYSTEM"},{"@Name":"LogonGuid","#text":"dbf410b3-38ed-6809-e703-000000000000"},{"@Name":"LogonId","#text":"0x3E7"},{"@Name":"TerminalSessionId","#text":"0"},{"@Name":"IntegrityLevel","#text":"System"},{"@Name":"Hashes","#text":"SHA256=0F5305796FA4135C338C80B8529EEE9C38FFB938BCF89984B0CDC77B9673DD75"},{"@Name":"ParentProcessGuid","#text":"dbf410b3-3938-6809-eb00-000000004100"},{"@Name":"ParentProcessId","#text":"2364"},{"@Name":"ParentImage","#text":"C:\\Windows\\Microsoft.NET\\Framework\\v4.0.30319\\ngen.exe"},{"@Name":"ParentCommandLine","#text":"\"C:\\Windows\\Microsoft.NET\\Framework\\v4.0.30319\\ngen.exe\" ExecuteQueuedItems 2 /LegacyServiceBehavior"},{"@Name":"ParentUser","#text":"NT AUTHORITY\\SYSTEM"}]}}}
{"Event":{"System":{"Provider":{"@Name":"Microsoft-Windows-Sysmon","@Guid":"5770385f-c22a-43e0-bf4c-06f5698ffbd9"},"EventID":"5","Version":"3","Level":"4","Task":"5","Opcode":"0","Keywords":"0x8000000000000000","TimeCreated":{"@SystemTime":"2025-04-23 19:04:14.8364008"},"EventRecordID":"44650","Correlation":null,"Execution":{"@ProcessID":"3244","@ThreadID":"3828"},"Channel":"Microsoft-Windows-Sysmon/Operational","Computer":"Server002","Security":{"@UserID":"S-1-5-18"}},"EventData":{"Data":[{"@Name":"RuleName","#text":"-"},{"@Name":"UtcTime","#text":"2025-04-23 19:04:14.835"},{"@Name":"ProcessGuid","#text":"dbf410b3-39ae-6809-8201-000000004100"},{"@Name":"ProcessId","#text":"4744"},{"@Name":"Image","#text":"C:\\Windows\\Microsoft.NET\\Framework\\v4.0.30319\\mscorsvw.exe"},{"@Name":"User","#text":"NT AUTHORITY\\SYSTEM"}]}}}
{"Event":{"System":{"Provider":{"@Name":"Microsoft-Windows-Sysmon","@Guid":"5770385f-c22a-43e0-bf4c-06f5698ffbd9"},"EventID":"1","Version":"5","Level":"4","Task":"1","Opcode":"0","Keywords":"0x8000000000000000","TimeCreated":{"@SystemTime":"2025-04-23 19:04:14.8384504"},"EventRecordID":"44651","Correlation":null,"Execution":{"@ProcessID":"3244","@ThreadID":"3828"},"Channel":"Microsoft-Windows-Sysmon/Operational","Computer":"Server002","Security":{"@UserID":"S-1-5-18"}},"EventData":{"Data":[{"@Name":"RuleName","#text":"-"},{"@Name":"UtcTime","#text":"2025-04-23 19:04:14.837"},{"@Name":"ProcessGuid","#text":"dbf410b3-39ae-6809-8301-000000004100"},{"@Name":"ProcessId","#text":"6140"},{"@Name":"Image","#text":"C:\\Windows\\Microsoft.NET\\Framework\\v4.0.30319\\mscorsvw.exe"},{"@Name":"FileVersion","#text":"4.8.9093.0 built by: NET481REL1LAST_C"},{"@Name":"Description","#text":".NET Runtime Optimization Service"},{"@Name":"Product","#text":"Microsoft® .NET Framework"},{"@Name":"Company","#text":"Microsoft Corporation"},{"@Name":"OriginalFileName","#text":"mscorsvw.exe"},{"@Name":"CommandLine","#text":"C:\\Windows\\Microsoft.NET\\Framework\\v4.0.30319\\mscorsvw.exe -StartupEvent 3c8 -InterruptEvent 0 -NGENProcess 260 -Pipe 368 -Comment \"NGen Worker Process\""},{"@Name":"CurrentDirectory","#text":"C:\\Windows\\system32\\"},{"@Name":"User","#text":"NT AUTHORITY\\SYSTEM"},{"@Name":"LogonGuid","#text":"dbf410b3-38ed-6809-e703-000000000000"},{"@Name":"LogonId","#text":"0x3E7"},{"@Name":"TerminalSessionId","#text":"0"},{"@Name":"IntegrityLevel","#text":"System"},{"@Name":"Hashes","#text":"SHA256=0F5305796FA4135C338C80B8529EEE9C38FFB938BCF89984B0CDC77B9673DD75"},{"@Name":"ParentProcessGuid","#text":"dbf410b3-3938-6809-eb00-000000004100"},{"@Name":"ParentProcessId","#text":"2364"},{"@Name":"ParentImage","#text":"C:\\Windows\\Microsoft.NET\\Framework\\v4.0.30319\\ngen.exe"},{"@Name":"ParentCommandLine","#text":"\"C:\\Windows\\Microsoft.NET\\Framework\\v4.0.30319\\ngen.exe\" ExecuteQueuedItems 2 /LegacyServiceBehavior"},{"@Name":"ParentUser","#text":"NT AUTHORITY\\SYSTEM"}]}}}
{"Event":{"System":{"Provider":{"@Name":"Microsoft-Windows-Sysmon","@Guid":"5770385f-c22a-43e0-bf4c-06f5698ffbd9"},"EventID":"5","Version":"3","Level":"4","Task":"5","Opcode":"0","Keywords":"0x8000000000000000","TimeCreated":{"@SystemTime":"2025-04-23 19:04:14.8886978"},"EventRecordID":"44652","Correlation":null,"Execution":{"@ProcessID":"3244","@ThreadID":"3828"},"Channel":"Microsoft-Windows-Sysmon/Operational","Computer":"Server002","Security":{"@UserID":"S-1-5-18"}},"EventData":{"Data":[{"@Name":"RuleName","#text":"-"},{"@Name":"UtcTime","#text":"2025-04-23 19:04:14.887"},{"@Name":"ProcessGuid","#text":"dbf410b3-39ae-6809-8301-000000004100"},{"@Name":"ProcessId","#text":"6140"},{"@Name":"Image","#text":"C:\\Windows\\Microsoft.NET\\Framework\\v4.0.30319\\mscorsvw.exe"},{"@Name":"User","#text":"NT AUTHORITY\\SYSTEM"}]}}}
{"Event":{"System":{"Provider":{"@Name":"Microsoft-Windows-Sysmon","@Guid":"5770385f-c22a-43e0-bf4c-06f5698ffbd9"},"EventID":"1","Version":"5","Level":"4","Task":"1","Opcode":"0","Keywords":"0x8000000000000000","TimeCreated":{"@SystemTime":"2025-04-23 19:04:14.8935173"},"EventRecordID":"44653","Correlation":null,"Execution":{"@ProcessID":"3244","@ThreadID":"3828"},"Channel":"Microsoft-Windows-Sysmon/Operational","Computer":"Server002","Security":{"@UserID":"S-1-5-18"}},"EventData":{"Data":[{"@Name":"RuleName","#text":"-"},{"@Name":"UtcTime","#text":"2025-04-23 19:04:14.890"},{"@Name":"ProcessGuid","#text":"dbf410b3-39ae-6809-8401-000000004100"},{"@Name":"ProcessId","#text":"1828"},{"@Name":"Image","#text":"C:\\Windows\\Microsoft.NET\\Framework\\v4.0.30319\\mscorsvw.exe"},{"@Name":"FileVersion","#text":"4.8.9093.0 built by: NET481REL1LAST_C"},{"@Name":"Description","#text":".NET Runtime Optimization Service"},{"@Name":"Product","#text":"Microsoft® .NET Framework"},{"@Name":"Company","#text":"Microsoft Corporation"},{"@Name":"OriginalFileName","#text":"mscorsvw.exe"},{"@Name":"CommandLine","#text":"C:\\Windows\\Microsoft.NET\\Framework\\v4.0.30319\\mscorsvw.exe -StartupEvent 3b4 -InterruptEvent 0 -NGENProcess 3a8 -Pipe 38c -Comment \"NGen Worker Process\""},{"@Name":"CurrentDirectory","#text":"C:\\Windows\\system32\\"},{"@Name":"User","#text":"NT AUTHORITY\\SYSTEM"},{"@Name":"LogonGuid","#text":"dbf410b3-38ed-6809-e703-000000000000"},{"@Name":"LogonId","#text":"0x3E7"},{"@Name":"TerminalSessionId","#text":"0"},{"@Name":"IntegrityLevel","#text":"System"},{"@Name":"Hashes","#text":"SHA256=0F5305796FA4135C338C80B8529EEE9C38FFB938BCF89984B0CDC77B9673DD75"},{"@Name":"ParentProcessGuid","#text":"dbf410b3-3938-6809-eb00-000000004100"},{"@Name":"ParentProcessId","#text":"2364"},{"@Name":"ParentImage","#text":"C:\\Windows\\Microsoft.NET\\Framework\\v4.0.30319\\ngen.exe"},{"@Name":"ParentCommandLine","#text":"\"C:\\Windows\\Microsoft.NET\\Framework\\v4.0.30319\\ngen.exe\" ExecuteQueuedItems 2 /LegacyServiceBehavior"},{"@Name":"ParentUser","#text":"NT AUTHORITY\\SYSTEM"}]}}}
{"Event":{"System":{"Provider":{"@Name":"Microsoft-Windows-Sysmon","@Guid":"5770385f-c22a-43e0-bf4c-06f5698ffbd9"},"EventID":"5","Version":"3","Level":"4","Task":"5","Opcode":"0","Keywords":"0x8000000000000000","TimeCreated":{"@SystemTime":"2025-04-23 19:04:14.9393945"},"EventRecordID":"44654","Correlation":null,"Execution":{"@ProcessID":"3244","@ThreadID":"3828"},"Channel":"Microsoft-Windows-Sysmon/Operational","Computer":"Server002","Security":{"@UserID":"S-1-5-18"}},"EventData":{"Data":[{"@Name":"RuleName","#text":"-"},{"@Name":"UtcTime","#text":"2025-04-23 19:04:14.935"},{"@Name":"ProcessGuid","#text":"dbf410b3-39ae-6809-8401-000000004100"},{"@Name":"ProcessId","#text":"1828"},{"@Name":"Image","#text":"C:\\Windows\\Microsoft.NET\\Framework\\v4.0.30319\\mscorsvw.exe"},{"@Name":"User","#text":"NT AUTHORITY\\SYSTEM"}]}}}
{"Event":{"System":{"Provider":{"@Name":"Microsoft-Windows-Sysmon","@Guid":"5770385f-c22a-43e0-bf4c-06f5698ffbd9"},"EventID":"1","Version":"5","Level":"4","Task":"1","Opcode":"0","Keywords":"0x8000000000000000","TimeCreated":{"@SystemTime":"2025-04-23 19:04:14.9436838"},"EventRecordID":"44655","Correlation":null,"Execution":{"@ProcessID":"3244","@ThreadID":"3828"},"Channel":"Microsoft-Windows-Sysmon/Operational","Computer":"Server002","Security":{"@UserID":"S-1-5-18"}},"EventData":{"Data":[{"@Name":"RuleName","#text":"-"},{"@Name":"UtcTime","#text":"2025-04-23 19:04:14.941"},{"@Name":"ProcessGuid","#text":"dbf410b3-39ae-6809-8501-000000004100"},{"@Name":"ProcessId","#text":"6952"},{"@Name":"Image","#text":"C:\\Windows\\Microsoft.NET\\Framework\\v4.0.30319\\mscorsvw.exe"},{"@Name":"FileVersion","#text":"4.8.9093.0 built by: NET481REL1LAST_C"},{"@Name":"Description","#text":".NET Runtime Optimization Service"},{"@Name":"Product","#text":"Microsoft® .NET Framework"},{"@Name":"Company","#text":"Microsoft Corporation"},{"@Name":"OriginalFileName","#text":"mscorsvw.exe"},{"@Name":"CommandLine","#text":"C:\\Windows\\Microsoft.NET\\Framework\\v4.0.30319\\mscorsvw.exe -StartupEvent 374 -InterruptEvent 0 -NGENProcess 324 -Pipe 3b8 -Comment \"NGen Worker Process\""},{"@Name":"CurrentDirectory","#text":"C:\\Windows\\system32\\"},{"@Name":"User","#text":"NT AUTHORITY\\SYSTEM"},{"@Name":"LogonGuid","#text":"dbf410b3-38ed-6809-e703-000000000000"},{"@Name":"LogonId","#text":"0x3E7"},{"@Name":"TerminalSessionId","#text":"0"},{"@Name":"IntegrityLevel","#text":"System"},{"@Name":"Hashes","#text":"SHA256=0F5305796FA4135C338C80B8529EEE9C38FFB938BCF89984B0CDC77B9673DD75"},{"@Name":"ParentProcessGuid","#text":"dbf410b3-3938-6809-eb00-000000004100"},{"@Name":"ParentProcessId","#text":"2364"},{"@Name":"ParentImage","#text":"C:\\Windows\\Microsoft.NET\\Framework\\v4.0.30319\\ngen.exe"},{"@Name":"ParentCommandLine","#text":"\"C:\\Windows\\Microsoft.NET\\Framework\\v4.0.30319\\ngen.exe\" ExecuteQueuedItems 2 /LegacyServiceBehavior"},{"@Name":"ParentUser","#text":"NT AUTHORITY\\SYSTEM"}]}}}
{"Event":{"System":{"Provider":{"@Name":"Microsoft-Windows-Sysmon","@Guid":"5770385f-c22a-43e0-bf4c-06f5698ffbd9"},"EventID":"5","Version":"3","Level":"4","Task":"5","Opcode":"0","Keywords":"0x8000000000000000","TimeCreated":{"@SystemTime":"2025-04-23 19:04:14.9877767"},"EventRecordID":"44656","Correlation":null,"Execution":{"@ProcessID":"3244","@ThreadID":"3828"},"Channel":"Microsoft-Windows-Sysmon/Operational","Computer":"Server002","Security":{"@UserID":"S-1-5-18"}},"EventData":{"Data":[{"@Name":"RuleName","#text":"-"},{"@Name":"UtcTime","#text":"2025-04-23 19:04:14.984"},{"@Name":"ProcessGuid","#text":"dbf410b3-39ae-6809-8501-000000004100"},{"@Name":"ProcessId","#text":"6952"},{"@Name":"Image","#text":"C:\\Windows\\Microsoft.NET\\Framework\\v4.0.30319\\mscorsvw.exe"},{"@Name":"User","#text":"NT AUTHORITY\\SYSTEM"}]}}}
{"Event":{"System":{"Provider":{"@Name":"Microsoft-Windows-Sysmon","@Guid":"5770385f-c22a-43e0-bf4c-06f5698ffbd9"},"EventID":"1","Version":"5","Level":"4","Task":"1","Opcode":"0","Keywords":"0x8000000000000000","TimeCreated":{"@SystemTime":"2025-04-23 19:04:14.9920193"},"EventRecordID":"44657","Correlation":null,"Execution":{"@ProcessID":"3244","@ThreadID":"3828"},"Channel":"Microsoft-Windows-Sysmon/Operational","Computer":"Server002","Security":{"@UserID":"S-1-5-18"}},"EventData":{"Data":[{"@Name":"RuleName","#text":"-"},{"@Name":"UtcTime","#text":"2025-04-23 19:04:14.989"},{"@Name":"ProcessGuid","#text":"dbf410b3-39ae-6809-8601-000000004100"},{"@Name":"ProcessId","#text":"3368"},{"@Name":"Image","#text":"C:\\Windows\\Microsoft.NET\\Framework\\v4.0.30319\\mscorsvw.exe"},{"@Name":"FileVersion","#text":"4.8.9093.0 built by: NET481REL1LAST_C"},{"@Name":"Description","#text":".NET Runtime Optimization Service"},{"@Name":"Product","#text":"Microsoft® .NET Framework"},{"@Name":"Company","#text":"Microsoft Corporation"},{"@Name":"OriginalFileName","#text":"mscorsvw.exe"},{"@Name":"CommandLine","#text":"C:\\Windows\\Microsoft.NET\\Framework\\v4.0.30319\\mscorsvw.exe -StartupEvent 3b4 -InterruptEvent 0 -NGENProcess 3c0 -Pipe 3bc -Comment \"NGen Worker Process\""},{"@Name":"CurrentDirectory","#text":"C:\\Windows\\system32\\"},{"@Name":"User","#text":"NT AUTHORITY\\SYSTEM"},{"@Name":"LogonGuid","#text":"dbf410b3-38ed-6809-e703-000000000000"},{"@Name":"LogonId","#text":"0x3E7"},{"@Name":"TerminalSessionId","#text":"0"},{"@Name":"IntegrityLevel","#text":"System"},{"@Name":"Hashes","#text":"SHA256=0F5305796FA4135C338C80B8529EEE9C38FFB938BCF89984B0CDC77B9673DD75"},{"@Name":"ParentProcessGuid","#text":"dbf410b3-3938-6809-eb00-000000004100"},{"@Name":"ParentProcessId","#text":"2364"},{"@Name":"ParentImage","#text":"C:\\Windows\\Microsoft.NET\\Framework\\v4.0.30319\\ngen.exe"},{"@Name":"ParentCommandLine","#text":"\"C:\\Windows\\Microsoft.NET\\Framework\\v4.0.30319\\ngen.exe\" ExecuteQueuedItems 2 /LegacyServiceBehavior"},{"@Name":"ParentUser","#text":"NT AUTHORITY\\SYSTEM"}]}}}
{"Event":{"System":{"Provider":{"@Name":"Microsoft-Windows-Sysmon","@Guid":"5770385f-c22a-43e0-bf4c-06f5698ffbd9"},"EventID":"5","Version":"3","Level":"4","Task":"5","Opcode":"0","Keywords":"0x8000000000000000","TimeCreated":{"@SystemTime":"2025-04-23 19:04:15.0424799"},"EventRecordID":"44658","Correlation":null,"Execution":{"@ProcessID":"3244","@ThreadID":"3828"},"Channel":"Microsoft-Windows-Sysmon/Operational","Computer":"Server002","Security":{"@UserID":"S-1-5-18"}},"EventData":{"Data":[{"@Name":"RuleName","#text":"-"},{"@Name":"UtcTime","#text":"2025-04-23 19:04:15.040"},{"@Name":"ProcessGuid","#text":"dbf410b3-39ae-6809-8601-000000004100"},{"@Name":"ProcessId","#text":"3368"},{"@Name":"Image","#text":"C:\\Windows\\Microsoft.NET\\Framework\\v4.0.30319\\mscorsvw.exe"},{"@Name":"User","#text":"NT AUTHORITY\\SYSTEM"}]}}}
{"Event":{"System":{"Provider":{"@Name":"Microsoft-Windows-Sysmon","@Guid":"5770385f-c22a-43e0-bf4c-06f5698ffbd9"},"EventID":"1","Version":"5","Level":"4","Task":"1","Opcode":"0","Keywords":"0x8000000000000000","TimeCreated":{"@SystemTime":"2025-04-23 19:04:15.0469180"},"EventRecordID":"44659","Correlation":null,"Execution":{"@ProcessID":"3244","@ThreadID":"3828"},"Channel":"Microsoft-Windows-Sysmon/Operational","Computer":"Server002","Security":{"@UserID":"S-1-5-18"}},"EventData":{"Data":[{"@Name":"RuleName","#text":"-"},{"@Name":"UtcTime","#text":"2025-04-23 19:04:15.042"},{"@Name":"ProcessGuid","#text":"dbf410b3-39af-6809-8701-000000004100"},{"@Name":"ProcessId","#text":"3996"},{"@Name":"Image","#text":"C:\\Windows\\Microsoft.NET\\Framework\\v4.0.30319\\mscorsvw.exe"},{"@Name":"FileVersion","#text":"4.8.9093.0 built by: NET481REL1LAST_C"},{"@Name":"Description","#text":".NET Runtime Optimization Service"},{"@Name":"Product","#text":"Microsoft® .NET Framework"},{"@Name":"Company","#text":"Microsoft Corporation"},{"@Name":"OriginalFileName","#text":"mscorsvw.exe"},{"@Name":"CommandLine","#text":"C:\\Windows\\Microsoft.NET\\Framework\\v4.0.30319\\mscorsvw.exe -StartupEvent 3c8 -InterruptEvent 0 -NGENProcess 3b4 -Pipe 3c4 -Comment \"NGen Worker Process\""},{"@Name":"CurrentDirectory","#text":"C:\\Windows\\system32\\"},{"@Name":"User","#text":"NT AUTHORITY\\SYSTEM"},{"@Name":"LogonGuid","#text":"dbf410b3-38ed-6809-e703-000000000000"},{"@Name":"LogonId","#text":"0x3E7"},{"@Name":"TerminalSessionId","#text":"0"},{"@Name":"IntegrityLevel","#text":"System"},{"@Name":"Hashes","#text":"SHA256=0F5305796FA4135C338C80B8529EEE9C38FFB938BCF89984B0CDC77B9673DD75"},{"@Name":"ParentProcessGuid","#text":"dbf410b3-3938-6809-eb00-000000004100"},{"@Name":"ParentProcessId","#text":"2364"},{"@Name":"ParentImage","#text":"C:\\Windows\\Microsoft.NET\\Framework\\v4.0.30319\\ngen.exe"},{"@Name":"ParentCommandLine","#text":"\"C:\\Windows\\Microsoft.NET\\Framework\\v4.0.30319\\ngen.exe\" ExecuteQueuedItems 2 /LegacyServiceBehavior"},{"@Name":"ParentUser","#text":"NT AUTHORITY\\SYSTEM"}]}}}
{"Event":{"System":{"Provider":{"@Name":"Microsoft-Windows-Sysmon","@Guid":"5770385f-c22a-43e0-bf4c-06f5698ffbd9"},"EventID":"5","Version":"3","Level":"4","Task":"5","Opcode":"0","Keywords":"0x8000000000000000","TimeCreated":{"@SystemTime":"2025-04-23 19:04:15.0972533"},"EventRecordID":"44660","Correlation":null,"Execution":{"@ProcessID":"3244","@ThreadID":"3828"},"Channel":"Microsoft-Windows-Sysmon/Operational","Computer":"Server002","Security":{"@UserID":"S-1-5-18"}},"EventData":{"Data":[{"@Name":"RuleName","#text":"-"},{"@Name":"UtcTime","#text":"2025-04-23 19:04:15.096"},{"@Name":"ProcessGuid","#text":"dbf410b3-39af-6809-8701-000000004100"},{"@Name":"ProcessId","#text":"3996"},{"@Name":"Image","#text":"C:\\Windows\\Microsoft.NET\\Framework\\v4.0.30319\\mscorsvw.exe"},{"@Name":"User","#text":"NT AUTHORITY\\SYSTEM"}]}}}
