{"Event":{"System":{"Provider":{"@Name":"Microsoft-Windows-WindowsUpdateClient","@Guid":"945a8954-c147-4acd-923f-40c45405a658"},"EventID":"44","Version":"1","Level":"4","Task":"1","Opcode":"12","Keywords":"0x8000000000002004","TimeCreated":{"@SystemTime":"2025-04-23 19:22:57.9047040"},"EventRecordID":"4985","Correlation":null,"Execution":{"@ProcessID":"6348","@ThreadID":"6940"},"Channel":"System","Computer":"Server002","Security":{"@UserID":"S-1-5-18"}},"EventData":{"Data":[{"@Name":"updateTitle","#text":"9NFFX4SZZ23L-Microsoft.549981C3F5F10"},{"@Name":"updateGuid","#text":"bd9ab7f6-d463-4c47-b356-5d2bd6a54ffc"},{"@Name":"updateRevisionNumber","#text":"1"}]}}}
{"Event":{"System":{"Provider":{"@Name":"Microsoft-Windows-WindowsUpdateClient","@Guid":"945a8954-c147-4acd-923f-40c45405a658"},"EventID":"44","Version":"1","Level":"4","Task":"1","Opcode":"12","Keywords":"0x8000000000002004","TimeCreated":{"@SystemTime":"2025-04-23 19:22:57.9090355"},"EventRecordID":"4986","Correlation":null,"Execution":{"@ProcessID":"6348","@ThreadID":"6940"},"Channel":"System","Computer":"Server002","Security":{"@UserID":"S-1-5-18"}},"EventData":{"Data":[{"@Name":"updateTitle","#text":"9NH2SW16MQ7F-Microsoft.WindowsAppRuntime.1.5"},{"@Name":"updateGuid","#text":"9e7b6034-6a40-4f49-ba32-0d77661c32a5"},{"@Name":"updateRevisionNumber","#text":"1"}]}}}
{"Event":{"System":{"Provider":{"@Name":"Microsoft-Windows-WindowsUpdateClient","@Guid":"945a8954-c147-4acd-923f-40c45405a658"},"EventID":"44","Version":"1","Level":"4","Task":"1","Opcode":"12","Keywords":"0x8000000000002004","TimeCreated":{"@SystemTime":"2025-04-23 19:22:57.9090370"},"EventRecordID":"4987","Correlation":null,"Execution":{"@ProcessID":"6348","@ThreadID":"6940"},"Channel":"System","Computer":"Server002","Security":{"@UserID":"S-1-5-18"}},"EventData":{"Data":[{"@Name":"updateTitle","#text":"9WZDNCRFJ3PR-MICROSOFT.WINDOWSALARMS"},{"@Name":"updateGuid","#text":"956cd5a3-5d32-4972-8e6b-29c90b712ea5"},{"@Name":"updateRevisionNumber","#text":"1"}]}}}
{"Event":{"System":{"Provider":{"@Name":"Microsoft-Windows-WindowsUpdateClient","@Guid":"945a8954-c147-4acd-923f-40c45405a658"},"EventID":"44","Version":"1","Level":"4","Task":"1","Opcode":"12","Keywords":"0x8000000000002004","TimeCreated":{"@SystemTime":"2025-04-23 19:22:57.9090395"},"EventRecordID":"4988","Correlation":null,"Execution":{"@ProcessID":"6348","@ThreadID":"6940"},"Channel":"System","Computer":"Server002","Security":{"@UserID":"S-1-5-18"}},"EventData":{"Data":[{"@Name":"updateTitle","#text":"9WZDNCRFHWD2-Microsoft.MicrosoftSolitaireCollection"},{"@Name":"updateGuid","#text":"c5f62a39-8c83-4ab5-8d67-55db689aacd8"},{"@Name":"updateRevisionNumber","#text":"1"}]}}}
{"Event":{"System":{"Provider":{"@Name":"Microsoft-Windows-WindowsUpdateClient","@Guid":"945a8954-c147-4acd-923f-40c45405a658"},"EventID":"44","Version":"1","Level":"4","Task":"1","Opcode":"12","Keywords":"0x8000000000002004","TimeCreated":{"@SystemTime":"2025-04-23 19:22:57.9090403"},"EventRecordID":"4989","Correlation":null,"Execution":{"@ProcessID":"6348","@ThreadID":"6940"},"Channel":"System","Computer":"Server002","Security":{"@UserID":"S-1-5-18"}},"EventData":{"Data":[{"@Name":"updateTitle","#text":"9WZDNCRFJ3PR-MICROSOFT.WINDOWSALARMS"},{"@Name":"updateGuid","#text":"956cd5a3-5d32-4972-8e6b-29c90b712ea5"},{"@Name":"updateRevisionNumber","#text":"1"}]}}}
{"Event":{"System":{"Provider":{"@Name":"Microsoft-Windows-WindowsUpdateClient","@Guid":"945a8954-c147-4acd-923f-40c45405a658"},"EventID":"44","Version":"1","Level":"4","Task":"1","Opcode":"12","Keywords":"0x8000000000002004","TimeCreated":{"@SystemTime":"2025-04-23 19:22:57.9123935"},"EventRecordID":"4990","Correlation":null,"Execution":{"@ProcessID":"6348","@ThreadID":"6940"},"Channel":"System","Computer":"Server002","Security":{"@UserID":"S-1-5-18"}},"EventData":{"Data":[{"@Name":"updateTitle","#text":"9NSTH9KHZDLQ-Microsoft.UI.Xaml.2.8"},{"@Name":"updateGuid","#text":"6b5369f2-d415-4daf-a500-1b864dc84dec"},{"@Name":"updateRevisionNumber","#text":"1"}]}}}
{"Event":{"System":{"Provider":{"@Name":"Microsoft-Windows-WindowsUpdateClient","@Guid":"945a8954-c147-4acd-923f-40c45405a658"},"EventID":"44","Version":"1","Level":"4","Task":"1","Opcode":"12","Keywords":"0x8000000000002004","TimeCreated":{"@SystemTime":"2025-04-23 19:22:57.9123958"},"EventRecordID":"4991","Correlation":null,"Execution":{"@ProcessID":"6348","@ThreadID":"6940"},"Channel":"System","Computer":"Server002","Security":{"@UserID":"S-1-5-18"}},"EventData":{"Data":[{"@Name":"updateTitle","#text":"9WZDNCRFJ3PR-MICROSOFT.WINDOWSALARMS"},{"@Name":"updateGuid","#text":"956cd5a3-5d32-4972-8e6b-29c90b712ea5"},{"@Name":"updateRevisionNumber","#text":"1"}]}}}
{"Event":{"System":{"Provider":{"@Name":"Microsoft-Windows-WindowsUpdateClient","@Guid":"945a8954-c147-4acd-923f-40c45405a658"},"EventID":"44","Version":"1","Level":"4","Task":"1","Opcode":"12","Keywords":"0x8000000000002004","TimeCreated":{"@SystemTime":"2025-04-23 19:22:57.9223718"},"EventRecordID":"4992","Correlation":null,"Execution":{"@ProcessID":"6348","@ThreadID":"6940"},"Channel":"System","Computer":"Server002","Security":{"@UserID":"S-1-5-18"}},"EventData":{"Data":[{"@Name":"updateTitle","#text":"9WZDNCRFHWD2-Microsoft.MicrosoftSolitaireCollection"},{"@Name":"updateGuid","#text":"c5f62a39-8c83-4ab5-8d67-55db689aacd8"},{"@Name":"updateRevisionNumber","#text":"1"}]}}}
{"Event":{"System":{"Provider":{"@Name":"Microsoft-Windows-WindowsUpdateClient","@Guid":"945a8954-c147-4acd-923f-40c45405a658"},"EventID":"44","Version":"1","Level":"4","Task":"1","Opcode":"12","Keywords":"0x8000000000002004","TimeCreated":{"@SystemTime":"2025-04-23 19:22:57.9223734"},"EventRecordID":"4993","Correlation":null,"Execution":{"@ProcessID":"6348","@ThreadID":"6940"},"Channel":"System","Computer":"Server002","Security":{"@UserID":"S-1-5-18"}},"EventData":{"Data":[{"@Name":"updateTitle","#text":"9PLL735RFDSM-Microsoft.NET.Native.Runtime.2.2"},{"@Name":"updateGuid","#text":"9c137291-4059-4cb8-b650-12b07bbe1da1"},{"@Name":"updateRevisionNumber","#text":"1"}]}}}
{"Event":{"System":{"Provider":{"@Name":"Microsoft-Windows-WindowsUpdateClient","@Guid":"945a8954-c147-4acd-923f-40c45405a658"},"EventID":"44","Version":"1","Level":"4","Task":"1","Opcode":"12","Keywords":"0x8000000000002004","TimeCreated":{"@SystemTime":"2025-04-23 19:22:57.9223746"},"EventRecordID":"4994","Correlation":null,"Execution":{"@ProcessID":"6348","@ThreadID":"6940"},"Channel":"System","Computer":"Server002","Security":{"@UserID":"S-1-5-18"}},"EventData":{"Data":[{"@Name":"updateTitle","#text":"9WZDNCRFJ3PR-MICROSOFT.WINDOWSALARMS"},{"@Name":"updateGuid","#text":"956cd5a3-5d32-4972-8e6b-29c90b712ea5"},{"@Name":"updateRevisionNumber","#text":"1"}]}}}
{"Event":{"System":{"Provider":{"@Name":"Microsoft-Windows-WindowsUpdateClient","@Guid":"945a8954-c147-4acd-923f-40c45405a658"},"EventID":"44","Version":"1","Level":"4","Task":"1","Opcode":"12","Keywords":"0x8000000000002004","TimeCreated":{"@SystemTime":"2025-04-23 19:22:59.6971955"},"EventRecordID":"4995","Correlation":null,"Execution":{"@ProcessID":"6348","@ThreadID":"6940"},"Channel":"System","Computer":"Server002","Security":{"@UserID":"S-1-5-18"}},"EventData":{"Data":[{"@Name":"updateTitle","#text":"9NFFX4SZZ23L-Microsoft.549981C3F5F10"},{"@Name":"updateGuid","#text":"bd9ab7f6-d463-4c47-b356-5d2bd6a54ffc"},{"@Name":"updateRevisionNumber","#text":"1"}]}}}
