{"Event":{"System":{"Provider":{"@Name":"Microsoft-Windows-Sysmon","@Guid":"5770385f-c22a-43e0-bf4c-06f5698ffbd9"},"EventID":"1","Version":"5","Level":"4","Task":"1","Opcode":"0","Keywords":"0x8000000000000000","TimeCreated":{"@SystemTime":"2025-04-22 15:30:49.5246435"},"EventRecordID":"38021","Correlation":null,"Execution":{"@ProcessID":"2984","@ThreadID":"4008"},"Channel":"Microsoft-Windows-Sysmon/Operational","Computer":"Server002","Security":{"@UserID":"S-1-5-18"}},"EventData":{"Data":[{"@Name":"RuleName","#text":"-"},{"@Name":"UtcTime","#text":"2025-04-22 15:30:49.488"},{"@Name":"ProcessGuid","#text":"dbf410b3-b629-6807-0903-000000003f00"},{"@Name":"ProcessId","#text":"10424"},{"@Name":"Image","#text":"C:\\Windows\\System32\\SearchProtocolHost.exe"},{"@Name":"FileVersion","#text":"7.0.19041.5438 (WinBuild.160101.0800)"},{"@Name":"Description","#text":"Microsoft Windows Search Protocol Host"},{"@Name":"Product","#text":"Windows® Search"},{"@Name":"Company","#text":"Microsoft Corporation"},{"@Name":"OriginalFileName","#text":"SearchProtocolHost.exe"},{"@Name":"CommandLine","#text":"\"C:\\Windows\\system32\\SearchProtocolHost.exe\" Global\\UsGthrFltPipeMssGthrPipe_S-1-5-21-3962163828-2803415714-1403596700-10013_ Global\\UsGthrCtrlFltPipeMssGthrPipe_S-1-5-21-3962163828-2803415714-1403596700-10013 1 -2147483646 \"Software\\Microsoft\\Windows Search\" \"Mozilla/4.0 (compatible; MSIE 6.0; Windows NT; MS Search 4.0 Robot)\" \"C:\\ProgramData\\Microsoft\\Search\\Data\\Temp\\usgthrsvc\" \"DownLevelDaemon\"  \"1\""},{"@Name":"CurrentDirectory","#text":"C:\\Windows\\system32\\"},{"@Name":"User","#text":"SERVER002\\lplui"},{"@Name":"LogonGuid","#text":"dbf410b3-a3ad-6807-6a03-730000000000"},{"@Name":"LogonId","#text":"0x73036A"},{"@Name":"TerminalSessionId","#text":"2"},{"@Name":"IntegrityLevel","#text":"Medium"},{"@Name":"Hashes","#text":"SHA256=00235592EA2339D5064D280499448C10BB6B1E048643C14001E999E4ABF7B238"},{"@Name":"ParentProcessGuid","#text":"dbf410b3-a03c-6807-9201-000000003f00"},{"@Name":"ParentProcessId","#text":"988"},{"@Name":"ParentImage","#text":"C:\\Windows\\System32\\SearchIndexer.exe"},{"@Name":"ParentCommandLine","#text":"C:\\Windows\\system32\\SearchIndexer.exe /Embedding"},{"@Name":"ParentUser","#text":"NT AUTHORITY\\SYSTEM"}]}}}
{"Event":{"System":{"Provider":{"@Name":"Microsoft-Windows-Sysmon","@Guid":"5770385f-c22a-43e0-bf4c-06f5698ffbd9"},"EventID":"1","Version":"5","Level":"4","Task":"1","Opcode":"0","Keywords":"0x8000000000000000","TimeCreated":{"@SystemTime":"2025-04-22 15:30:49.6048722"},"EventRecordID":"38022","Correlation":null,"Execution":{"@ProcessID":"2984","@ThreadID":"4008"},"Channel":"Microsoft-Windows-Sysmon/Operational","Computer":"Server002","Security":{"@UserID":"S-1-5-18"}},"EventData":{"Data":[{"@Name":"RuleName","#text":"-"},{"@Name":"UtcTime","#text":"2025-04-22 15:30:49.596"},{"@Name":"ProcessGuid","#text":"dbf410b3-b629-6807-0a03-000000003f00"},{"@Name":"ProcessId","#text":"10568"},{"@Name":"Image","#text":"C:\\Windows\\System32\\SearchFilterHost.exe"},{"@Name":"FileVersion","#text":"7.0.19041.5438 (WinBuild.160101.0800)"},{"@Name":"Description","#text":"Microsoft Windows Search Filter Host"},{"@Name":"Product","#text":"Windows® Search"},{"@Name":"Company","#text":"Microsoft Corporation"},{"@Name":"OriginalFileName","#text":"SearchFilterHost.exe"},{"@Name":"CommandLine","#text":"\"C:\\Windows\\system32\\SearchFilterHost.exe\" 0 820 824 832 8192 828 804 "},{"@Name":"CurrentDirectory","#text":"C:\\Windows\\system32\\"},{"@Name":"User","#text":"NT AUTHORITY\\SYSTEM"},{"@Name":"LogonGuid","#text":"dbf410b3-baf8-6807-e703-000000000000"},{"@Name":"LogonId","#text":"0x3E7"},{"@Name":"TerminalSessionId","#text":"0"},{"@Name":"IntegrityLevel","#text":"Medium"},{"@Name":"Hashes","#text":"SHA256=FFFBF61189993B7BDE08ABC1416A845C624E2296021B817B1BE55E8D63B2DF5E"},{"@Name":"ParentProcessGuid","#text":"dbf410b3-a03c-6807-9201-000000003f00"},{"@Name":"ParentProcessId","#text":"988"},{"@Name":"ParentImage","#text":"C:\\Windows\\System32\\SearchIndexer.exe"},{"@Name":"ParentCommandLine","#text":"C:\\Windows\\system32\\SearchIndexer.exe /Embedding"},{"@Name":"ParentUser","#text":"NT AUTHORITY\\SYSTEM"}]}}}
{"Event":{"System":{"Provider":{"@Name":"Microsoft-Windows-Sysmon","@Guid":"5770385f-c22a-43e0-bf4c-06f5698ffbd9"},"EventID":"1","Version":"5","Level":"4","Task":"1","Opcode":"0","Keywords":"0x8000000000000000","TimeCreated":{"@SystemTime":"2025-04-22 15:31:13.0666329"},"EventRecordID":"38023","Correlation":null,"Execution":{"@ProcessID":"2984","@ThreadID":"4008"},"Channel":"Microsoft-Windows-Sysmon/Operational","Computer":"Server002","Security":{"@UserID":"S-1-5-18"}},"EventData":{"Data":[{"@Name":"RuleName","#text":"-"},{"@Name":"UtcTime","#text":"2025-04-22 15:31:13.052"},{"@Name":"ProcessGuid","#text":"dbf410b3-b641-6807-0b03-000000003f00"},{"@Name":"ProcessId","#text":"11064"},{"@Name":"Image","#text":"C:\\Program Files\\BraveSoftware\\Brave-Browser\\Application\\brave.exe"},{"@Name":"FileVersion","#text":"135.1.77.100"},{"@Name":"Description","#text":"Brave Browser"},{"@Name":"Product","#text":"Brave Browser"},{"@Name":"Company","#text":"Brave Software, Inc."},{"@Name":"OriginalFileName","#text":"brave.exe"},{"@Name":"CommandLine","#text":"\"C:\\Program Files\\BraveSoftware\\Brave-Browser\\Application\\brave.exe\" --type=utility --utility-sub-type=patch.mojom.FilePatcher --lang=en-GB --service-sandbox-type=service --field-trial-handle=2004,i,10566178222562343359,8563495559603395519,262144 --variations-seed-version=main@d7fcf29a955bf1badfd9a2851e630dd8c4a322ee --mojo-platform-channel-handle=6768 /prefetch:8"},{"@Name":"CurrentDirectory","#text":"C:\\Program Files\\BraveSoftware\\Brave-Browser\\Application\\135.1.77.100\\"},{"@Name":"User","#text":"SERVER002\\lplui"},{"@Name":"LogonGuid","#text":"dbf410b3-a3ad-6807-6a03-730000000000"},{"@Name":"LogonId","#text":"0x73036A"},{"@Name":"TerminalSessionId","#text":"2"},{"@Name":"IntegrityLevel","#text":"Low"},{"@Name":"Hashes","#text":"SHA256=EB01554FECE2DF194F20D4D586932E26BF322C74A3FD964212C28586A5C7B352"},{"@Name":"ParentProcessGuid","#text":"dbf410b3-b5eb-6807-e902-000000003f00"},{"@Name":"ParentProcessId","#text":"2204"},{"@Name":"ParentImage","#text":"C:\\Program Files\\BraveSoftware\\Brave-Browser\\Application\\brave.exe"},{"@Name":"ParentCommandLine","#text":"\"C:\\Program Files\\BraveSoftware\\Brave-Browser\\Application\\brave.exe\" "},{"@Name":"ParentUser","#text":"SERVER002\\lplui"}]}}}
{"Event":{"System":{"Provider":{"@Name":"Microsoft-Windows-Sysmon","@Guid":"5770385f-c22a-43e0-bf4c-06f5698ffbd9"},"EventID":"5","Version":"3","Level":"4","Task":"5","Opcode":"0","Keywords":"0x8000000000000000","TimeCreated":{"@SystemTime":"2025-04-22 15:31:14.6100421"},"EventRecordID":"38024","Correlation":null,"Execution":{"@ProcessID":"2984","@ThreadID":"4008"},"Channel":"Microsoft-Windows-Sysmon/Operational","Computer":"Server002","Security":{"@UserID":"S-1-5-18"}},"EventData":{"Data":[{"@Name":"RuleName","#text":"-"},{"@Name":"UtcTime","#text":"2025-04-22 15:31:14.609"},{"@Name":"ProcessGuid","#text":"dbf410b3-b641-6807-0b03-000000003f00"},{"@Name":"ProcessId","#text":"11064"},{"@Name":"Image","#text":"C:\\Program Files\\BraveSoftware\\Brave-Browser\\Application\\brave.exe"},{"@Name":"User","#text":"SERVER002\\lplui"}]}}}
{"Event":{"System":{"Provider":{"@Name":"Microsoft-Windows-Sysmon","@Guid":"5770385f-c22a-43e0-bf4c-06f5698ffbd9"},"EventID":"1","Version":"5","Level":"4","Task":"1","Opcode":"0","Keywords":"0x8000000000000000","TimeCreated":{"@SystemTime":"2025-04-22 15:31:14.6391493"},"EventRecordID":"38025","Correlation":null,"Execution":{"@ProcessID":"2984","@ThreadID":"4008"},"Channel":"Microsoft-Windows-Sysmon/Operational","Computer":"Server002","Security":{"@UserID":"S-1-5-18"}},"EventData":{"Data":[{"@Name":"RuleName","#text":"-"},{"@Name":"UtcTime","#text":"2025-04-22 15:31:14.616"},{"@Name":"ProcessGuid","#text":"dbf410b3-b642-6807-0c03-000000003f00"},{"@Name":"ProcessId","#text":"11172"},{"@Name":"Image","#text":"C:\\Program Files\\BraveSoftware\\Brave-Browser\\Application\\brave.exe"},{"@Name":"FileVersion","#text":"135.1.77.100"},{"@Name":"Description","#text":"Brave Browser"},{"@Name":"Product","#text":"Brave Browser"},{"@Name":"Company","#text":"Brave Software, Inc."},{"@Name":"OriginalFileName","#text":"brave.exe"},{"@Name":"CommandLine","#text":"\"C:\\Program Files\\BraveSoftware\\Brave-Browser\\Application\\brave.exe\" --type=utility --utility-sub-type=unzip.mojom.Unzipper --lang=en-GB --service-sandbox-type=service --field-trial-handle=2004,i,10566178222562343359,8563495559603395519,262144 --variations-seed-version=main@d7fcf29a955bf1badfd9a2851e630dd8c4a322ee --mojo-platform-channel-handle=7132 /prefetch:8"},{"@Name":"CurrentDirectory","#text":"C:\\Program Files\\BraveSoftware\\Brave-Browser\\Application\\135.1.77.100\\"},{"@Name":"User","#text":"SERVER002\\lplui"},{"@Name":"LogonGuid","#text":"dbf410b3-a3ad-6807-6a03-730000000000"},{"@Name":"LogonId","#text":"0x73036A"},{"@Name":"TerminalSessionId","#text":"2"},{"@Name":"IntegrityLevel","#text":"Low"},{"@Name":"Hashes","#text":"SHA256=EB01554FECE2DF194F20D4D586932E26BF322C74A3FD964212C28586A5C7B352"},{"@Name":"ParentProcessGuid","#text":"dbf410b3-b5eb-6807-e902-000000003f00"},{"@Name":"ParentProcessId","#text":"2204"},{"@Name":"ParentImage","#text":"C:\\Program Files\\BraveSoftware\\Brave-Browser\\Application\\brave.exe"},{"@Name":"ParentCommandLine","#text":"\"C:\\Program Files\\BraveSoftware\\Brave-Browser\\Application\\brave.exe\" "},{"@Name":"ParentUser","#text":"SERVER002\\lplui"}]}}}
{"Event":{"System":{"Provider":{"@Name":"Microsoft-Windows-Sysmon","@Guid":"5770385f-c22a-43e0-bf4c-06f5698ffbd9"},"EventID":"5","Version":"3","Level":"4","Task":"5","Opcode":"0","Keywords":"0x8000000000000000","TimeCreated":{"@SystemTime":"2025-04-22 15:31:14.9266496"},"EventRecordID":"38026","Correlation":null,"Execution":{"@ProcessID":"2984","@ThreadID":"4008"},"Channel":"Microsoft-Windows-Sysmon/Operational","Computer":"Server002","Security":{"@UserID":"S-1-5-18"}},"EventData":{"Data":[{"@Name":"RuleName","#text":"-"},{"@Name":"UtcTime","#text":"2025-04-22 15:31:14.926"},{"@Name":"ProcessGuid","#text":"dbf410b3-b642-6807-0c03-000000003f00"},{"@Name":"ProcessId","#text":"11172"},{"@Name":"Image","#text":"C:\\Program Files\\BraveSoftware\\Brave-Browser\\Application\\brave.exe"},{"@Name":"User","#text":"SERVER002\\lplui"}]}}}
{"Event":{"System":{"Provider":{"@Name":"Microsoft-Windows-Sysmon","@Guid":"5770385f-c22a-43e0-bf4c-06f5698ffbd9"},"EventID":"1","Version":"5","Level":"4","Task":"1","Opcode":"0","Keywords":"0x8000000000000000","TimeCreated":{"@SystemTime":"2025-04-22 15:31:15.3065902"},"EventRecordID":"38027","Correlation":null,"Execution":{"@ProcessID":"2984","@ThreadID":"4008"},"Channel":"Microsoft-Windows-Sysmon/Operational","Computer":"Server002","Security":{"@UserID":"S-1-5-18"}},"EventData":{"Data":[{"@Name":"RuleName","#text":"-"},{"@Name":"UtcTime","#text":"2025-04-22 15:31:15.299"},{"@Name":"ProcessGuid","#text":"dbf410b3-b643-6807-0d03-000000003f00"},{"@Name":"ProcessId","#text":"10800"},{"@Name":"Image","#text":"C:\\Program Files\\BraveSoftware\\Brave-Browser\\Application\\brave.exe"},{"@Name":"FileVersion","#text":"135.1.77.100"},{"@Name":"Description","#text":"Brave Browser"},{"@Name":"Product","#text":"Brave Browser"},{"@Name":"Company","#text":"Brave Software, Inc."},{"@Name":"OriginalFileName","#text":"brave.exe"},{"@Name":"CommandLine","#text":"\"C:\\Program Files\\BraveSoftware\\Brave-Browser\\Application\\brave.exe\" --type=utility --utility-sub-type=unzip.mojom.Unzipper --lang=en-GB --service-sandbox-type=service --field-trial-handle=2004,i,10566178222562343359,8563495559603395519,262144 --variations-seed-version=main@d7fcf29a955bf1badfd9a2851e630dd8c4a322ee --mojo-platform-channel-handle=7228 /prefetch:8"},{"@Name":"CurrentDirectory","#text":"C:\\Program Files\\BraveSoftware\\Brave-Browser\\Application\\135.1.77.100\\"},{"@Name":"User","#text":"SERVER002\\lplui"},{"@Name":"LogonGuid","#text":"dbf410b3-a3ad-6807-6a03-730000000000"},{"@Name":"LogonId","#text":"0x73036A"},{"@Name":"TerminalSessionId","#text":"2"},{"@Name":"IntegrityLevel","#text":"Low"},{"@Name":"Hashes","#text":"SHA256=EB01554FECE2DF194F20D4D586932E26BF322C74A3FD964212C28586A5C7B352"},{"@Name":"ParentProcessGuid","#text":"dbf410b3-b5eb-6807-e902-000000003f00"},{"@Name":"ParentProcessId","#text":"2204"},{"@Name":"ParentImage","#text":"C:\\Program Files\\BraveSoftware\\Brave-Browser\\Application\\brave.exe"},{"@Name":"ParentCommandLine","#text":"\"C:\\Program Files\\BraveSoftware\\Brave-Browser\\Application\\brave.exe\" "},{"@Name":"ParentUser","#text":"SERVER002\\lplui"}]}}}
{"Event":{"System":{"Provider":{"@Name":"Microsoft-Windows-Sysmon","@Guid":"5770385f-c22a-43e0-bf4c-06f5698ffbd9"},"EventID":"5","Version":"3","Level":"4","Task":"5","Opcode":"0","Keywords":"0x8000000000000000","TimeCreated":{"@SystemTime":"2025-04-22 15:31:15.4577334"},"EventRecordID":"38028","Correlation":null,"Execution":{"@ProcessID":"2984","@ThreadID":"4008"},"Channel":"Microsoft-Windows-Sysmon/Operational","Computer":"Server002","Security":{"@UserID":"S-1-5-18"}},"EventData":{"Data":[{"@Name":"RuleName","#text":"-"},{"@Name":"UtcTime","#text":"2025-04-22 15:31:15.457"},{"@Name":"ProcessGuid","#text":"dbf410b3-b643-6807-0d03-000000003f00"},{"@Name":"ProcessId","#text":"10800"},{"@Name":"Image","#text":"C:\\Program Files\\BraveSoftware\\Brave-Browser\\Application\\brave.exe"},{"@Name":"User","#text":"SERVER002\\lplui"}]}}}
{"Event":{"System":{"Provider":{"@Name":"Microsoft-Windows-Sysmon","@Guid":"5770385f-c22a-43e0-bf4c-06f5698ffbd9"},"EventID":"1","Version":"5","Level":"4","Task":"1","Opcode":"0","Keywords":"0x8000000000000000","TimeCreated":{"@SystemTime":"2025-04-22 15:31:16.6557305"},"EventRecordID":"38029","Correlation":null,"Execution":{"@ProcessID":"2984","@ThreadID":"4008"},"Channel":"Microsoft-Windows-Sysmon/Operational","Computer":"Server002","Security":{"@UserID":"S-1-5-18"}},"EventData":{"Data":[{"@Name":"RuleName","#text":"-"},{"@Name":"UtcTime","#text":"2025-04-22 15:31:16.648"},{"@Name":"ProcessGuid","#text":"dbf410b3-b644-6807-0e03-000000003f00"},{"@Name":"ProcessId","#text":"11200"},{"@Name":"Image","#text":"C:\\Program Files\\BraveSoftware\\Brave-Browser\\Application\\brave.exe"},{"@Name":"FileVersion","#text":"135.1.77.100"},{"@Name":"Description","#text":"Brave Browser"},{"@Name":"Product","#text":"Brave Browser"},{"@Name":"Company","#text":"Brave Software, Inc."},{"@Name":"OriginalFileName","#text":"brave.exe"},{"@Name":"CommandLine","#text":"\"C:\\Program Files\\BraveSoftware\\Brave-Browser\\Application\\brave.exe\" --type=utility --utility-sub-type=unzip.mojom.Unzipper --lang=en-GB --service-sandbox-type=service --field-trial-handle=2004,i,10566178222562343359,8563495559603395519,262144 --variations-seed-version=main@d7fcf29a955bf1badfd9a2851e630dd8c4a322ee --mojo-platform-channel-handle=4364 /prefetch:8"},{"@Name":"CurrentDirectory","#text":"C:\\Program Files\\BraveSoftware\\Brave-Browser\\Application\\135.1.77.100\\"},{"@Name":"User","#text":"SERVER002\\lplui"},{"@Name":"LogonGuid","#text":"dbf410b3-a3ad-6807-6a03-730000000000"},{"@Name":"LogonId","#text":"0x73036A"},{"@Name":"TerminalSessionId","#text":"2"},{"@Name":"IntegrityLevel","#text":"Low"},{"@Name":"Hashes","#text":"SHA256=EB01554FECE2DF194F20D4D586932E26BF322C74A3FD964212C28586A5C7B352"},{"@Name":"ParentProcessGuid","#text":"dbf410b3-b5eb-6807-e902-000000003f00"},{"@Name":"ParentProcessId","#text":"2204"},{"@Name":"ParentImage","#text":"C:\\Program Files\\BraveSoftware\\Brave-Browser\\Application\\brave.exe"},{"@Name":"ParentCommandLine","#text":"\"C:\\Program Files\\BraveSoftware\\Brave-Browser\\Application\\brave.exe\" "},{"@Name":"ParentUser","#text":"SERVER002\\lplui"}]}}}
{"Event":{"System":{"Provider":{"@Name":"Microsoft-Windows-Sysmon","@Guid":"5770385f-c22a-43e0-bf4c-06f5698ffbd9"},"EventID":"5","Version":"3","Level":"4","Task":"5","Opcode":"0","Keywords":"0x8000000000000000","TimeCreated":{"@SystemTime":"2025-04-22 15:31:16.8311492"},"EventRecordID":"38030","Correlation":null,"Execution":{"@ProcessID":"2984","@ThreadID":"4008"},"Channel":"Microsoft-Windows-Sysmon/Operational","Computer":"Server002","Security":{"@UserID":"S-1-5-18"}},"EventData":{"Data":[{"@Name":"RuleName","#text":"-"},{"@Name":"UtcTime","#text":"2025-04-22 15:31:16.830"},{"@Name":"ProcessGuid","#text":"dbf410b3-b644-6807-0e03-000000003f00"},{"@Name":"ProcessId","#text":"11200"},{"@Name":"Image","#text":"C:\\Program Files\\BraveSoftware\\Brave-Browser\\Application\\brave.exe"},{"@Name":"User","#text":"SERVER002\\lplui"}]}}}
{"Event":{"System":{"Provider":{"@Name":"Microsoft-Windows-Sysmon","@Guid":"5770385f-c22a-43e0-bf4c-06f5698ffbd9"},"EventID":"1","Version":"5","Level":"4","Task":"1","Opcode":"0","Keywords":"0x8000000000000000","TimeCreated":{"@SystemTime":"2025-04-22 15:31:25.8197708"},"EventRecordID":"38031","Correlation":null,"Execution":{"@ProcessID":"2984","@ThreadID":"4008"},"Channel":"Microsoft-Windows-Sysmon/Operational","Computer":"Server002","Security":{"@UserID":"S-1-5-18"}},"EventData":{"Data":[{"@Name":"RuleName","#text":"-"},{"@Name":"UtcTime","#text":"2025-04-22 15:31:25.792"},{"@Name":"ProcessGuid","#text":"dbf410b3-b64d-6807-0f03-000000003f00"},{"@Name":"ProcessId","#text":"7536"},{"@Name":"Image","#text":"C:\\Windows\\System32\\MoUsoCoreWorker.exe"},{"@Name":"FileVersion","#text":"10.0.19041.5678 (WinBuild.160101.0800)"},{"@Name":"Description","#text":"MoUSO Core Worker Process"},{"@Name":"Product","#text":"Microsoft® Windows® Operating System"},{"@Name":"Company","#text":"Microsoft Corporation"},{"@Name":"OriginalFileName","#text":"MoUSOCoreWorker.exe"},{"@Name":"CommandLine","#text":"C:\\Windows\\System32\\mousocoreworker.exe -Embedding"},{"@Name":"CurrentDirectory","#text":"C:\\Windows\\system32\\"},{"@Name":"User","#text":"NT AUTHORITY\\SYSTEM"},{"@Name":"LogonGuid","#text":"dbf410b3-baf8-6807-e703-000000000000"},{"@Name":"LogonId","#text":"0x3E7"},{"@Name":"TerminalSessionId","#text":"0"},{"@Name":"IntegrityLevel","#text":"System"},{"@Name":"Hashes","#text":"SHA256=235882DE2347DB7A4CE2BBD7599B5D8D56C93A8BC18207DBEE7173B9BAD068FE"},{"@Name":"ParentProcessGuid","#text":"00000000-0000-0000-0000-000000000000"},{"@Name":"ParentProcessId","#text":"764"},{"@Name":"ParentImage","#text":"-"},{"@Name":"ParentCommandLine","#text":"-"},{"@Name":"ParentUser","#text":"-"}]}}}
{"Event":{"System":{"Provider":{"@Name":"Microsoft-Windows-Sysmon","@Guid":"5770385f-c22a-43e0-bf4c-06f5698ffbd9"},"EventID":"5","Version":"3","Level":"4","Task":"5","Opcode":"0","Keywords":"0x8000000000000000","TimeCreated":{"@SystemTime":"2025-04-22 15:31:28.9193185"},"EventRecordID":"38032","Correlation":null,"Execution":{"@ProcessID":"2984","@ThreadID":"4008"},"Channel":"Microsoft-Windows-Sysmon/Operational","Computer":"Server002","Security":{"@UserID":"S-1-5-18"}},"EventData":{"Data":[{"@Name":"RuleName","#text":"-"},{"@Name":"UtcTime","#text":"2025-04-22 15:31:28.910"},{"@Name":"ProcessGuid","#text":"dbf410b3-b5e1-6807-df02-000000003f00"},{"@Name":"ProcessId","#text":"728"},{"@Name":"Image","#text":"C:\\Program Files\\WindowsApps\\microsoft.windowscommunicationsapps_16005.14326.22342.0_x64__8wekyb3d8bbwe\\HxTsr.exe"},{"@Name":"User","#text":"SERVER002\\lplui"}]}}}
{"Event":{"System":{"Provider":{"@Name":"Microsoft-Windows-Sysmon","@Guid":"5770385f-c22a-43e0-bf4c-06f5698ffbd9"},"EventID":"1","Version":"5","Level":"4","Task":"1","Opcode":"0","Keywords":"0x8000000000000000","TimeCreated":{"@SystemTime":"2025-04-22 15:32:13.3702242"},"EventRecordID":"38033","Correlation":null,"Execution":{"@ProcessID":"2984","@ThreadID":"4008"},"Channel":"Microsoft-Windows-Sysmon/Operational","Computer":"Server002","Security":{"@UserID":"S-1-5-18"}},"EventData":{"Data":[{"@Name":"RuleName","#text":"-"},{"@Name":"UtcTime","#text":"2025-04-22 15:32:13.343"},{"@Name":"ProcessGuid","#text":"dbf410b3-b67d-6807-1003-000000003f00"},{"@Name":"ProcessId","#text":"3788"},{"@Name":"Image","#text":"C:\\Program Files\\Microsoft OneDrive\\25.056.0324.0003\\FileCoAuth.exe"},{"@Name":"FileVersion","#text":"25.056.0324.0003"},{"@Name":"Description","#text":"Microsoft OneDriveFile Co-Authoring Executable"},{"@Name":"Product","#text":"Microsoft OneDrive"},{"@Name":"Company","#text":"Microsoft Corporation"},{"@Name":"OriginalFileName","#text":"FileCoAuth.exe"},{"@Name":"CommandLine","#text":"\"C:\\Program Files\\Microsoft OneDrive\\25.056.0324.0003\\FileCoAuth.exe\" -Embedding"},{"@Name":"CurrentDirectory","#text":"C:\\Windows\\system32\\"},{"@Name":"User","#text":"SERVER002\\lplui"},{"@Name":"LogonGuid","#text":"dbf410b3-a3ad-6807-6a03-730000000000"},{"@Name":"LogonId","#text":"0x73036A"},{"@Name":"TerminalSessionId","#text":"2"},{"@Name":"IntegrityLevel","#text":"Medium"},{"@Name":"Hashes","#text":"SHA256=01F5B2DA53636896A67EDDBCD399789A5C0952D727775B1133287E6883DEDFD5"},{"@Name":"ParentProcessGuid","#text":"00000000-0000-0000-0000-000000000000"},{"@Name":"ParentProcessId","#text":"764"},{"@Name":"ParentImage","#text":"-"},{"@Name":"ParentCommandLine","#text":"-"},{"@Name":"ParentUser","#text":"-"}]}}}
{"Event":{"System":{"Provider":{"@Name":"Microsoft-Windows-Sysmon","@Guid":"5770385f-c22a-43e0-bf4c-06f5698ffbd9"},"EventID":"5","Version":"3","Level":"4","Task":"5","Opcode":"0","Keywords":"0x8000000000000000","TimeCreated":{"@SystemTime":"2025-04-22 15:32:13.9998559"},"EventRecordID":"38034","Correlation":null,"Execution":{"@ProcessID":"2984","@ThreadID":"4008"},"Channel":"Microsoft-Windows-Sysmon/Operational","Computer":"Server002","Security":{"@UserID":"S-1-5-18"}},"EventData":{"Data":[{"@Name":"RuleName","#text":"-"},{"@Name":"UtcTime","#text":"2025-04-22 15:32:13.998"},{"@Name":"ProcessGuid","#text":"dbf410b3-b5e2-6807-e302-000000003f00"},{"@Name":"ProcessId","#text":"8548"},{"@Name":"Image","#text":"C:\\Windows\\System32\\RuntimeBroker.exe"},{"@Name":"User","#text":"SERVER002\\lplui"}]}}}
{"Event":{"System":{"Provider":{"@Name":"Microsoft-Windows-Sysmon","@Guid":"5770385f-c22a-43e0-bf4c-06f5698ffbd9"},"EventID":"5","Version":"3","Level":"4","Task":"5","Opcode":"0","Keywords":"0x8000000000000000","TimeCreated":{"@SystemTime":"2025-04-22 15:32:16.5556746"},"EventRecordID":"38035","Correlation":null,"Execution":{"@ProcessID":"2984","@ThreadID":"4008"},"Channel":"Microsoft-Windows-Sysmon/Operational","Computer":"Server002","Security":{"@UserID":"S-1-5-18"}},"EventData":{"Data":[{"@Name":"RuleName","#text":"-"},{"@Name":"UtcTime","#text":"2025-04-22 15:32:16.544"},{"@Name":"ProcessGuid","#text":"dbf410b3-b60c-6807-fe02-000000003f00"},{"@Name":"ProcessId","#text":"10596"},{"@Name":"Image","#text":"C:\\Windows\\System32\\wbem\\WmiPrvSE.exe"},{"@Name":"User","#text":"NT AUTHORITY\\NETWORK SERVICE"}]}}}
{"Event":{"System":{"Provider":{"@Name":"Microsoft-Windows-Sysmon","@Guid":"5770385f-c22a-43e0-bf4c-06f5698ffbd9"},"EventID":"5","Version":"3","Level":"4","Task":"5","Opcode":"0","Keywords":"0x8000000000000000","TimeCreated":{"@SystemTime":"2025-04-22 15:32:24.4392782"},"EventRecordID":"38036","Correlation":null,"Execution":{"@ProcessID":"2984","@ThreadID":"4008"},"Channel":"Microsoft-Windows-Sysmon/Operational","Computer":"Server002","Security":{"@UserID":"S-1-5-18"}},"EventData":{"Data":[{"@Name":"RuleName","#text":"-"},{"@Name":"UtcTime","#text":"2025-04-22 15:32:24.437"},{"@Name":"ProcessGuid","#text":"dbf410b3-b67d-6807-1003-000000003f00"},{"@Name":"ProcessId","#text":"3788"},{"@Name":"Image","#text":"C:\\Program Files\\Microsoft OneDrive\\25.056.0324.0003\\FileCoAuth.exe"},{"@Name":"User","#text":"SERVER002\\lplui"}]}}}
{"Event":{"System":{"Provider":{"@Name":"Microsoft-Windows-Sysmon","@Guid":"5770385f-c22a-43e0-bf4c-06f5698ffbd9"},"EventID":"1","Version":"5","Level":"4","Task":"1","Opcode":"0","Keywords":"0x8000000000000000","TimeCreated":{"@SystemTime":"2025-04-22 15:32:31.0891435"},"EventRecordID":"38037","Correlation":null,"Execution":{"@ProcessID":"2984","@ThreadID":"4008"},"Channel":"Microsoft-Windows-Sysmon/Operational","Computer":"Server002","Security":{"@UserID":"S-1-5-18"}},"EventData":{"Data":[{"@Name":"RuleName","#text":"-"},{"@Name":"UtcTime","#text":"2025-04-22 15:32:31.082"},{"@Name":"ProcessGuid","#text":"dbf410b3-b68f-6807-1103-000000003f00"},{"@Name":"ProcessId","#text":"288"},{"@Name":"Image","#text":"C:\\Program Files\\BraveSoftware\\Brave-Browser\\Application\\brave.exe"},{"@Name":"FileVersion","#text":"135.1.77.100"},{"@Name":"Description","#text":"Brave Browser"},{"@Name":"Product","#text":"Brave Browser"},{"@Name":"Company","#text":"Brave Software, Inc."},{"@Name":"OriginalFileName","#text":"brave.exe"},{"@Name":"CommandLine","#text":"\"C:\\Program Files\\BraveSoftware\\Brave-Browser\\Application\\brave.exe\" --type=gpu-process --disable-gpu-sandbox --use-gl=disabled --gpu-vendor-id=5140 --gpu-device-id=140 --gpu-sub-system-id=0 --gpu-revision=0 --gpu-driver-version=10.0.19041.4355 --start-stack-profiler --gpu-preferences=UAAAAAAAAADoAAAEAAAAAAAAAAAAAAAAAABgAAEAAAAAAAAAAAAAAAAAAABCAAAAAAAAAAAAAAAAAAAAAAAAABAAAAAAAAAAEAAAAAAAAAAIAAAAAAAAAAgAAAAAAAAA --field-trial-handle=2004,i,10566178222562343359,8563495559603395519,262144 --variations-seed-version=main@d7fcf29a955bf1badfd9a2851e630dd8c4a322ee --mojo-platform-channel-handle=4772 /prefetch:8"},{"@Name":"CurrentDirectory","#text":"C:\\Program Files\\BraveSoftware\\Brave-Browser\\Application\\135.1.77.100\\"},{"@Name":"User","#text":"SERVER002\\lplui"},{"@Name":"LogonGuid","#text":"dbf410b3-a3ad-6807-6a03-730000000000"},{"@Name":"LogonId","#text":"0x73036A"},{"@Name":"TerminalSessionId","#text":"2"},{"@Name":"IntegrityLevel","#text":"Medium"},{"@Name":"Hashes","#text":"SHA256=EB01554FECE2DF194F20D4D586932E26BF322C74A3FD964212C28586A5C7B352"},{"@Name":"ParentProcessGuid","#text":"dbf410b3-b5eb-6807-e902-000000003f00"},{"@Name":"ParentProcessId","#text":"2204"},{"@Name":"ParentImage","#text":"C:\\Program Files\\BraveSoftware\\Brave-Browser\\Application\\brave.exe"},{"@Name":"ParentCommandLine","#text":"\"C:\\Program Files\\BraveSoftware\\Brave-Browser\\Application\\brave.exe\" "},{"@Name":"ParentUser","#text":"SERVER002\\lplui"}]}}}
{"Event":{"System":{"Provider":{"@Name":"Microsoft-Windows-Sysmon","@Guid":"5770385f-c22a-43e0-bf4c-06f5698ffbd9"},"EventID":"5","Version":"3","Level":"4","Task":"5","Opcode":"0","Keywords":"0x8000000000000000","TimeCreated":{"@SystemTime":"2025-04-22 15:32:31.6277663"},"EventRecordID":"38038","Correlation":null,"Execution":{"@ProcessID":"2984","@ThreadID":"4008"},"Channel":"Microsoft-Windows-Sysmon/Operational","Computer":"Server002","Security":{"@UserID":"S-1-5-18"}},"EventData":{"Data":[{"@Name":"RuleName","#text":"-"},{"@Name":"UtcTime","#text":"2025-04-22 15:32:31.627"},{"@Name":"ProcessGuid","#text":"dbf410b3-b68f-6807-1103-000000003f00"},{"@Name":"ProcessId","#text":"288"},{"@Name":"Image","#text":"C:\\Program Files\\BraveSoftware\\Brave-Browser\\Application\\brave.exe"},{"@Name":"User","#text":"SERVER002\\lplui"}]}}}
{"Event":{"System":{"Provider":{"@Name":"Microsoft-Windows-Sysmon","@Guid":"5770385f-c22a-43e0-bf4c-06f5698ffbd9"},"EventID":"5","Version":"3","Level":"4","Task":"5","Opcode":"0","Keywords":"0x8000000000000000","TimeCreated":{"@SystemTime":"2025-04-22 15:32:54.4448847"},"EventRecordID":"38039","Correlation":null,"Execution":{"@ProcessID":"2984","@ThreadID":"4008"},"Channel":"Microsoft-Windows-Sysmon/Operational","Computer":"Server002","Security":{"@UserID":"S-1-5-18"}},"EventData":{"Data":[{"@Name":"RuleName","#text":"-"},{"@Name":"UtcTime","#text":"2025-04-22 15:32:54.443"},{"@Name":"ProcessGuid","#text":"dbf410b3-b64d-6807-0f03-000000003f00"},{"@Name":"ProcessId","#text":"7536"},{"@Name":"Image","#text":"C:\\Windows\\System32\\MoUsoCoreWorker.exe"},{"@Name":"User","#text":"NT AUTHORITY\\SYSTEM"}]}}}
{"Event":{"System":{"Provider":{"@Name":"Microsoft-Windows-Sysmon","@Guid":"5770385f-c22a-43e0-bf4c-06f5698ffbd9"},"EventID":"5","Version":"3","Level":"4","Task":"5","Opcode":"0","Keywords":"0x8000000000000000","TimeCreated":{"@SystemTime":"2025-04-22 15:33:18.4444540"},"EventRecordID":"38040","Correlation":null,"Execution":{"@ProcessID":"2984","@ThreadID":"4008"},"Channel":"Microsoft-Windows-Sysmon/Operational","Computer":"Server002","Security":{"@UserID":"S-1-5-18"}},"EventData":{"Data":[{"@Name":"RuleName","#text":"-"},{"@Name":"UtcTime","#text":"2025-04-22 15:33:18.444"},{"@Name":"ProcessGuid","#text":"dbf410b3-b527-6807-db02-000000003f00"},{"@Name":"ProcessId","#text":"448"},{"@Name":"Image","#text":"C:\\Windows\\System32\\svchost.exe"},{"@Name":"User","#text":"NT AUTHORITY\\SYSTEM"}]}}}
{"Event":{"System":{"Provider":{"@Name":"Microsoft-Windows-Sysmon","@Guid":"5770385f-c22a-43e0-bf4c-06f5698ffbd9"},"EventID":"1","Version":"5","Level":"4","Task":"1","Opcode":"0","Keywords":"0x8000000000000000","TimeCreated":{"@SystemTime":"2025-04-22 15:33:24.4887933"},"EventRecordID":"38041","Correlation":null,"Execution":{"@ProcessID":"2984","@ThreadID":"4008"},"Channel":"Microsoft-Windows-Sysmon/Operational","Computer":"Server002","Security":{"@UserID":"S-1-5-18"}},"EventData":{"Data":[{"@Name":"RuleName","#text":"-"},{"@Name":"UtcTime","#text":"2025-04-22 15:33:24.139"},{"@Name":"ProcessGuid","#text":"dbf410b3-b6c4-6807-1203-000000003f00"},{"@Name":"ProcessId","#text":"10084"},{"@Name":"Image","#text":"C:\\Program Files (x86)\\Microsoft\\Edge\\Application\\msedge.exe"},{"@Name":"FileVersion","#text":"135.0.3179.85"},{"@Name":"Description","#text":"Microsoft Edge"},{"@Name":"Product","#text":"Microsoft Edge"},{"@Name":"Company","#text":"Microsoft Corporation"},{"@Name":"OriginalFileName","#text":"msedge.exe"},{"@Name":"CommandLine","#text":"\"C:\\Program Files (x86)\\Microsoft\\Edge\\Application\\msedge.exe\" --type=renderer --pdf-upsell-enabled --disable-gpu-compositing --video-capture-use-gpu-memory-buffer --lang=en-GB --js-flags=--ms-user-locale= --device-scale-factor=1 --num-raster-threads=1 --renderer-client-id=27 --time-ticks-at-unix-epoch=-1745329811115857 --launch-time-ticks=6127492622 --always-read-main-dll --field-trial-handle=2592,i,13829022637388391720,7732979346676150834,262144 --variations-seed-version --mojo-platform-channel-handle=7224 /prefetch:1"},{"@Name":"CurrentDirectory","#text":"C:\\Program Files (x86)\\Microsoft\\Edge\\Application\\135.0.3179.85\\"},{"@Name":"User","#text":"SERVER002\\lplui"},{"@Name":"LogonGuid","#text":"dbf410b3-a3ad-6807-6a03-730000000000"},{"@Name":"LogonId","#text":"0x73036A"},{"@Name":"TerminalSessionId","#text":"2"},{"@Name":"IntegrityLevel","#text":"AppContainer"},{"@Name":"Hashes","#text":"SHA256=A56B12715BBAE82B63104F3C6FD50FB3B63FDC9A320AEE2DF809C5E1829B96FB"},{"@Name":"ParentProcessGuid","#text":"dbf410b3-b1a0-6807-af02-000000003f00"},{"@Name":"ParentProcessId","#text":"8580"},{"@Name":"ParentImage","#text":"C:\\Program Files (x86)\\Microsoft\\Edge\\Application\\msedge.exe"},{"@Name":"ParentCommandLine","#text":"\"C:\\Program Files (x86)\\Microsoft\\Edge\\Application\\msedge.exe\" --flag-switches-begin --flag-switches-end --no-startup-window"},{"@Name":"ParentUser","#text":"SERVER002\\lplui"}]}}}
{"Event":{"System":{"Provider":{"@Name":"Microsoft-Windows-Sysmon","@Guid":"5770385f-c22a-43e0-bf4c-06f5698ffbd9"},"EventID":"1","Version":"5","Level":"4","Task":"1","Opcode":"0","Keywords":"0x8000000000000000","TimeCreated":{"@SystemTime":"2025-04-22 15:33:24.5355478"},"EventRecordID":"38042","Correlation":null,"Execution":{"@ProcessID":"2984","@ThreadID":"4008"},"Channel":"Microsoft-Windows-Sysmon/Operational","Computer":"Server002","Security":{"@UserID":"S-1-5-18"}},"EventData":{"Data":[{"@Name":"RuleName","#text":"-"},{"@Name":"UtcTime","#text":"2025-04-22 15:33:24.522"},{"@Name":"ProcessGuid","#text":"dbf410b3-b6c4-6807-1303-000000003f00"},{"@Name":"ProcessId","#text":"3112"},{"@Name":"Image","#text":"C:\\Program Files (x86)\\Microsoft\\Edge\\Application\\msedge.exe"},{"@Name":"FileVersion","#text":"135.0.3179.85"},{"@Name":"Description","#text":"Microsoft Edge"},{"@Name":"Product","#text":"Microsoft Edge"},{"@Name":"Company","#text":"Microsoft Corporation"},{"@Name":"OriginalFileName","#text":"msedge.exe"},{"@Name":"CommandLine","#text":"\"C:\\Program Files (x86)\\Microsoft\\Edge\\Application\\msedge.exe\" --type=renderer --pdf-upsell-enabled --disable-gpu-compositing --video-capture-use-gpu-memory-buffer --lang=en-GB --js-flags=--ms-user-locale= --device-scale-factor=1 --num-raster-threads=1 --renderer-client-id=28 --time-ticks-at-unix-epoch=-1745329811115857 --launch-time-ticks=6127560248 --always-read-main-dll --field-trial-handle=2592,i,13829022637388391720,7732979346676150834,262144 --variations-seed-version --mojo-platform-channel-handle=6852 /prefetch:1"},{"@Name":"CurrentDirectory","#text":"C:\\Program Files (x86)\\Microsoft\\Edge\\Application\\135.0.3179.85\\"},{"@Name":"User","#text":"SERVER002\\lplui"},{"@Name":"LogonGuid","#text":"dbf410b3-a3ad-6807-6a03-730000000000"},{"@Name":"LogonId","#text":"0x73036A"},{"@Name":"TerminalSessionId","#text":"2"},{"@Name":"IntegrityLevel","#text":"AppContainer"},{"@Name":"Hashes","#text":"SHA256=A56B12715BBAE82B63104F3C6FD50FB3B63FDC9A320AEE2DF809C5E1829B96FB"},{"@Name":"ParentProcessGuid","#text":"dbf410b3-b1a0-6807-af02-000000003f00"},{"@Name":"ParentProcessId","#text":"8580"},{"@Name":"ParentImage","#text":"C:\\Program Files (x86)\\Microsoft\\Edge\\Application\\msedge.exe"},{"@Name":"ParentCommandLine","#text":"\"C:\\Program Files (x86)\\Microsoft\\Edge\\Application\\msedge.exe\" --flag-switches-begin --flag-switches-end --no-startup-window"},{"@Name":"ParentUser","#text":"SERVER002\\lplui"}]}}}
{"Event":{"System":{"Provider":{"@Name":"Microsoft-Windows-Sysmon","@Guid":"5770385f-c22a-43e0-bf4c-06f5698ffbd9"},"EventID":"5","Version":"3","Level":"4","Task":"5","Opcode":"0","Keywords":"0x8000000000000000","TimeCreated":{"@SystemTime":"2025-04-22 15:33:24.5469638"},"EventRecordID":"38043","Correlation":null,"Execution":{"@ProcessID":"2984","@ThreadID":"4008"},"Channel":"Microsoft-Windows-Sysmon/Operational","Computer":"Server002","Security":{"@UserID":"S-1-5-18"}},"EventData":{"Data":[{"@Name":"RuleName","#text":"-"},{"@Name":"UtcTime","#text":"2025-04-22 15:33:24.546"},{"@Name":"ProcessGuid","#text":"dbf410b3-b6c4-6807-1303-000000003f00"},{"@Name":"ProcessId","#text":"3112"},{"@Name":"Image","#text":"C:\\Program Files (x86)\\Microsoft\\Edge\\Application\\msedge.exe"},{"@Name":"User","#text":"SERVER002\\lplui"}]}}}
{"Event":{"System":{"Provider":{"@Name":"Microsoft-Windows-Sysmon","@Guid":"5770385f-c22a-43e0-bf4c-06f5698ffbd9"},"EventID":"1","Version":"5","Level":"4","Task":"1","Opcode":"0","Keywords":"0x8000000000000000","TimeCreated":{"@SystemTime":"2025-04-22 15:33:24.6728532"},"EventRecordID":"38044","Correlation":null,"Execution":{"@ProcessID":"2984","@ThreadID":"4008"},"Channel":"Microsoft-Windows-Sysmon/Operational","Computer":"Server002","Security":{"@UserID":"S-1-5-18"}},"EventData":{"Data":[{"@Name":"RuleName","#text":"-"},{"@Name":"UtcTime","#text":"2025-04-22 15:33:24.529"},{"@Name":"ProcessGuid","#text":"dbf410b3-b6c4-6807-1403-000000003f00"},{"@Name":"ProcessId","#text":"10096"},{"@Name":"Image","#text":"C:\\Program Files (x86)\\Microsoft\\Edge\\Application\\msedge.exe"},{"@Name":"FileVersion","#text":"135.0.3179.85"},{"@Name":"Description","#text":"Microsoft Edge"},{"@Name":"Product","#text":"Microsoft Edge"},{"@Name":"Company","#text":"Microsoft Corporation"},{"@Name":"OriginalFileName","#text":"msedge.exe"},{"@Name":"CommandLine","#text":"\"C:\\Program Files (x86)\\Microsoft\\Edge\\Application\\msedge.exe\" --type=renderer --pdf-upsell-enabled --disable-gpu-compositing --video-capture-use-gpu-memory-buffer --lang=en-GB --js-flags=--ms-user-locale= --device-scale-factor=1 --num-raster-threads=1 --renderer-client-id=29 --time-ticks-at-unix-epoch=-1745329811115857 --launch-time-ticks=6127713359 --always-read-main-dll --field-trial-handle=2592,i,13829022637388391720,7732979346676150834,262144 --variations-seed-version --mojo-platform-channel-handle=6776 /prefetch:1"},{"@Name":"CurrentDirectory","#text":"C:\\Program Files (x86)\\Microsoft\\Edge\\Application\\135.0.3179.85\\"},{"@Name":"User","#text":"SERVER002\\lplui"},{"@Name":"LogonGuid","#text":"dbf410b3-a3ad-6807-6a03-730000000000"},{"@Name":"LogonId","#text":"0x73036A"},{"@Name":"TerminalSessionId","#text":"2"},{"@Name":"IntegrityLevel","#text":"AppContainer"},{"@Name":"Hashes","#text":"SHA256=A56B12715BBAE82B63104F3C6FD50FB3B63FDC9A320AEE2DF809C5E1829B96FB"},{"@Name":"ParentProcessGuid","#text":"dbf410b3-b1a0-6807-af02-000000003f00"},{"@Name":"ParentProcessId","#text":"8580"},{"@Name":"ParentImage","#text":"C:\\Program Files (x86)\\Microsoft\\Edge\\Application\\msedge.exe"},{"@Name":"ParentCommandLine","#text":"\"C:\\Program Files (x86)\\Microsoft\\Edge\\Application\\msedge.exe\" --flag-switches-begin --flag-switches-end --no-startup-window"},{"@Name":"ParentUser","#text":"SERVER002\\lplui"}]}}}
{"Event":{"System":{"Provider":{"@Name":"Microsoft-Windows-Sysmon","@Guid":"5770385f-c22a-43e0-bf4c-06f5698ffbd9"},"EventID":"1","Version":"5","Level":"4","Task":"1","Opcode":"0","Keywords":"0x8000000000000000","TimeCreated":{"@SystemTime":"2025-04-22 15:33:25.5516393"},"EventRecordID":"38045","Correlation":null,"Execution":{"@ProcessID":"2984","@ThreadID":"4008"},"Channel":"Microsoft-Windows-Sysmon/Operational","Computer":"Server002","Security":{"@UserID":"S-1-5-18"}},"EventData":{"Data":[{"@Name":"RuleName","#text":"-"},{"@Name":"UtcTime","#text":"2025-04-22 15:33:25.474"},{"@Name":"ProcessGuid","#text":"dbf410b3-b6c5-6807-1503-000000003f00"},{"@Name":"ProcessId","#text":"2844"},{"@Name":"Image","#text":"C:\\Windows\\System32\\WindowsPowerShell\\v1.0\\powershell.exe"},{"@Name":"FileVersion","#text":"10.0.19041.3996 (WinBuild.160101.0800)"},{"@Name":"Description","#text":"Windows PowerShell"},{"@Name":"Product","#text":"Microsoft® Windows® Operating System"},{"@Name":"Company","#text":"Microsoft Corporation"},{"@Name":"OriginalFileName","#text":"PowerShell.EXE"},{"@Name":"CommandLine","#text":"\"C:\\Windows\\System32\\WindowsPowerShell\\v1.0\\powershell.exe\" "},{"@Name":"CurrentDirectory","#text":"C:\\Users\\lplui\\"},{"@Name":"User","#text":"SERVER002\\lplui"},{"@Name":"LogonGuid","#text":"dbf410b3-a3ad-6807-6a03-730000000000"},{"@Name":"LogonId","#text":"0x73036A"},{"@Name":"TerminalSessionId","#text":"2"},{"@Name":"IntegrityLevel","#text":"Medium"},{"@Name":"Hashes","#text":"SHA256=9785001B0DCF755EDDB8AF294A373C0B87B2498660F724E76C4D53F9C217C7A3"},{"@Name":"ParentProcessGuid","#text":"dbf410b3-a3af-6807-be01-000000003f00"},{"@Name":"ParentProcessId","#text":"7440"},{"@Name":"ParentImage","#text":"C:\\Windows\\explorer.exe"},{"@Name":"ParentCommandLine","#text":"C:\\Windows\\Explorer.EXE"},{"@Name":"ParentUser","#text":"SERVER002\\lplui"}]}}}
{"Event":{"System":{"Provider":{"@Name":"Microsoft-Windows-Sysmon","@Guid":"5770385f-c22a-43e0-bf4c-06f5698ffbd9"},"EventID":"1","Version":"5","Level":"4","Task":"1","Opcode":"0","Keywords":"0x8000000000000000","TimeCreated":{"@SystemTime":"2025-04-22 15:33:27.3004983"},"EventRecordID":"38046","Correlation":null,"Execution":{"@ProcessID":"2984","@ThreadID":"4008"},"Channel":"Microsoft-Windows-Sysmon/Operational","Computer":"Server002","Security":{"@UserID":"S-1-5-18"}},"EventData":{"Data":[{"@Name":"RuleName","#text":"-"},{"@Name":"UtcTime","#text":"2025-04-22 15:33:26.723"},{"@Name":"ProcessGuid","#text":"dbf410b3-b6c6-6807-1603-000000003f00"},{"@Name":"ProcessId","#text":"8276"},{"@Name":"Image","#text":"C:\\Windows\\System32\\conhost.exe"},{"@Name":"FileVersion","#text":"10.0.19041.5198 (WinBuild.160101.0800)"},{"@Name":"Description","#text":"Console Window Host"},{"@Name":"Product","#text":"Microsoft® Windows® Operating System"},{"@Name":"Company","#text":"Microsoft Corporation"},{"@Name":"OriginalFileName","#text":"CONHOST.EXE"},{"@Name":"CommandLine","#text":"\\??\\C:\\Windows\\system32\\conhost.exe 0xffffffff -ForceV1"},{"@Name":"CurrentDirectory","#text":"C:\\Windows"},{"@Name":"User","#text":"SERVER002\\lplui"},{"@Name":"LogonGuid","#text":"dbf410b3-a3ad-6807-6a03-730000000000"},{"@Name":"LogonId","#text":"0x73036A"},{"@Name":"TerminalSessionId","#text":"2"},{"@Name":"IntegrityLevel","#text":"Medium"},{"@Name":"Hashes","#text":"SHA256=B02EE54FB2EC69673386D41119EE8ED083A6EAB3BFCA6AA2155D20CE68EF8963"},{"@Name":"ParentProcessGuid","#text":"dbf410b3-b6c5-6807-1503-000000003f00"},{"@Name":"ParentProcessId","#text":"2844"},{"@Name":"ParentImage","#text":"C:\\Windows\\System32\\WindowsPowerShell\\v1.0\\powershell.exe"},{"@Name":"ParentCommandLine","#text":"\"C:\\Windows\\System32\\WindowsPowerShell\\v1.0\\powershell.exe\" "},{"@Name":"ParentUser","#text":"SERVER002\\lplui"}]}}}
{"Event":{"System":{"Provider":{"@Name":"Microsoft-Windows-Sysmon","@Guid":"5770385f-c22a-43e0-bf4c-06f5698ffbd9"},"EventID":"1","Version":"5","Level":"4","Task":"1","Opcode":"0","Keywords":"0x8000000000000000","TimeCreated":{"@SystemTime":"2025-04-22 15:33:27.6505268"},"EventRecordID":"38047","Correlation":null,"Execution":{"@ProcessID":"2984","@ThreadID":"4008"},"Channel":"Microsoft-Windows-Sysmon/Operational","Computer":"Server002","Security":{"@UserID":"S-1-5-18"}},"EventData":{"Data":[{"@Name":"RuleName","#text":"-"},{"@Name":"UtcTime","#text":"2025-04-22 15:33:27.324"},{"@Name":"ProcessGuid","#text":"dbf410b3-b6c7-6807-1703-000000003f00"},{"@Name":"ProcessId","#text":"6572"},{"@Name":"Image","#text":"C:\\Program Files (x86)\\Microsoft\\Edge\\Application\\msedge.exe"},{"@Name":"FileVersion","#text":"135.0.3179.85"},{"@Name":"Description","#text":"Microsoft Edge"},{"@Name":"Product","#text":"Microsoft Edge"},{"@Name":"Company","#text":"Microsoft Corporation"},{"@Name":"OriginalFileName","#text":"msedge.exe"},{"@Name":"CommandLine","#text":"\"C:\\Program Files (x86)\\Microsoft\\Edge\\Application\\msedge.exe\" --type=renderer --pdf-upsell-enabled --disable-gpu-compositing --video-capture-use-gpu-memory-buffer --lang=en-GB --js-flags=--ms-user-locale= --device-scale-factor=1 --num-raster-threads=1 --renderer-client-id=30 --time-ticks-at-unix-epoch=-1745329811115857 --launch-time-ticks=6130260167 --always-read-main-dll --field-trial-handle=2592,i,13829022637388391720,7732979346676150834,262144 --variations-seed-version --mojo-platform-channel-handle=5936 /prefetch:1"},{"@Name":"CurrentDirectory","#text":"C:\\Program Files (x86)\\Microsoft\\Edge\\Application\\135.0.3179.85\\"},{"@Name":"User","#text":"SERVER002\\lplui"},{"@Name":"LogonGuid","#text":"dbf410b3-a3ad-6807-6a03-730000000000"},{"@Name":"LogonId","#text":"0x73036A"},{"@Name":"TerminalSessionId","#text":"2"},{"@Name":"IntegrityLevel","#text":"AppContainer"},{"@Name":"Hashes","#text":"SHA256=A56B12715BBAE82B63104F3C6FD50FB3B63FDC9A320AEE2DF809C5E1829B96FB"},{"@Name":"ParentProcessGuid","#text":"dbf410b3-b1a0-6807-af02-000000003f00"},{"@Name":"ParentProcessId","#text":"8580"},{"@Name":"ParentImage","#text":"C:\\Program Files (x86)\\Microsoft\\Edge\\Application\\msedge.exe"},{"@Name":"ParentCommandLine","#text":"\"C:\\Program Files (x86)\\Microsoft\\Edge\\Application\\msedge.exe\" --flag-switches-begin --flag-switches-end --no-startup-window"},{"@Name":"ParentUser","#text":"SERVER002\\lplui"}]}}}
{"Event":{"System":{"Provider":{"@Name":"Microsoft-Windows-Sysmon","@Guid":"5770385f-c22a-43e0-bf4c-06f5698ffbd9"},"EventID":"1","Version":"5","Level":"4","Task":"1","Opcode":"0","Keywords":"0x8000000000000000","TimeCreated":{"@SystemTime":"2025-04-22 15:33:27.6514003"},"EventRecordID":"38048","Correlation":null,"Execution":{"@ProcessID":"2984","@ThreadID":"4008"},"Channel":"Microsoft-Windows-Sysmon/Operational","Computer":"Server002","Security":{"@UserID":"S-1-5-18"}},"EventData":{"Data":[{"@Name":"RuleName","#text":"-"},{"@Name":"UtcTime","#text":"2025-04-22 15:33:27.358"},{"@Name":"ProcessGuid","#text":"dbf410b3-b6c7-6807-1803-000000003f00"},{"@Name":"ProcessId","#text":"5080"},{"@Name":"Image","#text":"C:\\Program Files (x86)\\Microsoft\\Edge\\Application\\msedge.exe"},{"@Name":"FileVersion","#text":"135.0.3179.85"},{"@Name":"Description","#text":"Microsoft Edge"},{"@Name":"Product","#text":"Microsoft Edge"},{"@Name":"Company","#text":"Microsoft Corporation"},{"@Name":"OriginalFileName","#text":"msedge.exe"},{"@Name":"CommandLine","#text":"\"C:\\Program Files (x86)\\Microsoft\\Edge\\Application\\msedge.exe\" --type=renderer --pdf-upsell-enabled --disable-gpu-compositing --video-capture-use-gpu-memory-buffer --lang=en-GB --js-flags=--ms-user-locale= --device-scale-factor=1 --num-raster-threads=1 --renderer-client-id=31 --time-ticks-at-unix-epoch=-1745329811115857 --launch-time-ticks=6131293428 --always-read-main-dll --field-trial-handle=2592,i,13829022637388391720,7732979346676150834,262144 --variations-seed-version --mojo-platform-channel-handle=6548 /prefetch:1"},{"@Name":"CurrentDirectory","#text":"C:\\Program Files (x86)\\Microsoft\\Edge\\Application\\135.0.3179.85\\"},{"@Name":"User","#text":"SERVER002\\lplui"},{"@Name":"LogonGuid","#text":"dbf410b3-a3ad-6807-6a03-730000000000"},{"@Name":"LogonId","#text":"0x73036A"},{"@Name":"TerminalSessionId","#text":"2"},{"@Name":"IntegrityLevel","#text":"AppContainer"},{"@Name":"Hashes","#text":"SHA256=A56B12715BBAE82B63104F3C6FD50FB3B63FDC9A320AEE2DF809C5E1829B96FB"},{"@Name":"ParentProcessGuid","#text":"dbf410b3-b1a0-6807-af02-000000003f00"},{"@Name":"ParentProcessId","#text":"8580"},{"@Name":"ParentImage","#text":"C:\\Program Files (x86)\\Microsoft\\Edge\\Application\\msedge.exe"},{"@Name":"ParentCommandLine","#text":"\"C:\\Program Files (x86)\\Microsoft\\Edge\\Application\\msedge.exe\" --flag-switches-begin --flag-switches-end --no-startup-window"},{"@Name":"ParentUser","#text":"SERVER002\\lplui"}]}}}
{"Event":{"System":{"Provider":{"@Name":"Microsoft-Windows-Sysmon","@Guid":"5770385f-c22a-43e0-bf4c-06f5698ffbd9"},"EventID":"1","Version":"5","Level":"4","Task":"1","Opcode":"0","Keywords":"0x8000000000000000","TimeCreated":{"@SystemTime":"2025-04-22 15:33:27.6518336"},"EventRecordID":"38049","Correlation":null,"Execution":{"@ProcessID":"2984","@ThreadID":"4008"},"Channel":"Microsoft-Windows-Sysmon/Operational","Computer":"Server002","Security":{"@UserID":"S-1-5-18"}},"EventData":{"Data":[{"@Name":"RuleName","#text":"-"},{"@Name":"UtcTime","#text":"2025-04-22 15:33:27.556"},{"@Name":"ProcessGuid","#text":"dbf410b3-b6c7-6807-1903-000000003f00"},{"@Name":"ProcessId","#text":"7132"},{"@Name":"Image","#text":"C:\\Program Files\\WindowsApps\\Microsoft.Copilot_1.25034.135.0_x64__8wekyb3d8bbwe\\Copilot.exe"},{"@Name":"FileVersion","#text":"1.25034.135.0"},{"@Name":"Description","#text":"Microsoft Copilot"},{"@Name":"Product","#text":"Copilot"},{"@Name":"Company","#text":"Microsoft Corporation"},{"@Name":"OriginalFileName","#text":"Copilot.dll"},{"@Name":"CommandLine","#text":"\"C:\\Program Files\\WindowsApps\\Microsoft.Copilot_1.25034.135.0_x64__8wekyb3d8bbwe\\Copilot.exe\" "},{"@Name":"CurrentDirectory","#text":"C:\\Windows\\system32\\"},{"@Name":"User","#text":"SERVER002\\lplui"},{"@Name":"LogonGuid","#text":"dbf410b3-a3ad-6807-6a03-730000000000"},{"@Name":"LogonId","#text":"0x73036A"},{"@Name":"TerminalSessionId","#text":"2"},{"@Name":"IntegrityLevel","#text":"Medium"},{"@Name":"Hashes","#text":"SHA256=DD5F111C84F7119893C2DC0BCC91926231225A3D11A5BDA992B1B79C34840422"},{"@Name":"ParentProcessGuid","#text":"dbf410b3-a3af-6807-be01-000000003f00"},{"@Name":"ParentProcessId","#text":"7440"},{"@Name":"ParentImage","#text":"C:\\Windows\\explorer.exe"},{"@Name":"ParentCommandLine","#text":"C:\\Windows\\Explorer.EXE"},{"@Name":"ParentUser","#text":"SERVER002\\lplui"}]}}}
{"Event":{"System":{"Provider":{"@Name":"Microsoft-Windows-Sysmon","@Guid":"5770385f-c22a-43e0-bf4c-06f5698ffbd9"},"EventID":"5","Version":"3","Level":"4","Task":"5","Opcode":"0","Keywords":"0x8000000000000000","TimeCreated":{"@SystemTime":"2025-04-22 15:33:27.6600163"},"EventRecordID":"38050","Correlation":null,"Execution":{"@ProcessID":"2984","@ThreadID":"4008"},"Channel":"Microsoft-Windows-Sysmon/Operational","Computer":"Server002","Security":{"@UserID":"S-1-5-18"}},"EventData":{"Data":[{"@Name":"RuleName","#text":"-"},{"@Name":"UtcTime","#text":"2025-04-22 15:33:27.659"},{"@Name":"ProcessGuid","#text":"dbf410b3-b6c7-6807-1803-000000003f00"},{"@Name":"ProcessId","#text":"5080"},{"@Name":"Image","#text":"C:\\Program Files (x86)\\Microsoft\\Edge\\Application\\msedge.exe"},{"@Name":"User","#text":"SERVER002\\lplui"}]}}}
{"Event":{"System":{"Provider":{"@Name":"Microsoft-Windows-Sysmon","@Guid":"5770385f-c22a-43e0-bf4c-06f5698ffbd9"},"EventID":"5","Version":"3","Level":"4","Task":"5","Opcode":"0","Keywords":"0x8000000000000000","TimeCreated":{"@SystemTime":"2025-04-22 15:33:27.7081832"},"EventRecordID":"38051","Correlation":null,"Execution":{"@ProcessID":"2984","@ThreadID":"4008"},"Channel":"Microsoft-Windows-Sysmon/Operational","Computer":"Server002","Security":{"@UserID":"S-1-5-18"}},"EventData":{"Data":[{"@Name":"RuleName","#text":"-"},{"@Name":"UtcTime","#text":"2025-04-22 15:33:27.682"},{"@Name":"ProcessGuid","#text":"dbf410b3-b6c7-6807-1703-000000003f00"},{"@Name":"ProcessId","#text":"6572"},{"@Name":"Image","#text":"C:\\Program Files (x86)\\Microsoft\\Edge\\Application\\msedge.exe"},{"@Name":"User","#text":"SERVER002\\lplui"}]}}}
