{"Event":{"System":{"Provider":{"@Name":"Microsoft-Windows-Security-SPP","@Guid":"{E23B33B0-C8C9-472C-A5F9-F2BDFEA0F156}","@EventSourceName":"Software Protection Platform Service"},"EventID":{"@Qualifiers":"49152","#text":"16394"},"Version":"0","Level":"4","Task":"0","Opcode":"0","Keywords":"0x80000000000000","TimeCreated":{"@SystemTime":"2025-04-30 21:07:47.1695086"},"EventRecordID":"4624","Correlation":null,"Execution":{"@ProcessID":"0","@ThreadID":"0"},"Channel":"Application","Computer":"Server002","Security":null},"EventData":{"Data":"","Binary":""}}}
{"Event":{"System":{"Provider":{"@Name":"Microsoft-Windows-Security-SPP","@Guid":"{E23B33B0-C8C9-472C-A5F9-F2BDFEA0F156}","@EventSourceName":"Software Protection Platform Service"},"EventID":{"@Qualifiers":"16384","#text":"16384"},"Version":"0","Level":"4","Task":"0","Opcode":"0","Keywords":"0x80000000000000","TimeCreated":{"@SystemTime":"2025-04-30 21:08:27.2403030"},"EventRecordID":"4625","Correlation":null,"Execution":{"@ProcessID":"0","@ThreadID":"0"},"Channel":"Application","Computer":"Server002","Security":null},"EventData":{"Data":"2025-05-01T19:05:27Z, RulesEngine","Binary":""}}}
{"Event":{"System":{"Provider":{"@Name":"Microsoft-Windows-Security-SPP","@Guid":"{E23B33B0-C8C9-472C-A5F9-F2BDFEA0F156}","@EventSourceName":"Software Protection Platform Service"},"EventID":{"@Qualifiers":"49152","#text":"16394"},"Version":"0","Level":"4","Task":"0","Opcode":"0","Keywords":"0x80000000000000","TimeCreated":{"@SystemTime":"2025-04-30 22:04:53.9221694"},"EventRecordID":"4626","Correlation":null,"Execution":{"@ProcessID":"0","@ThreadID":"0"},"Channel":"Application","Computer":"Server002","Security":null},"EventData":{"Data":"","Binary":""}}}
{"Event":{"System":{"Provider":{"@Name":"Microsoft-Windows-Security-SPP","@Guid":"{E23B33B0-C8C9-472C-A5F9-F2BDFEA0F156}","@EventSourceName":"Software Protection Platform Service"},"EventID":{"@Qualifiers":"16384","#text":"16384"},"Version":"0","Level":"4","Task":"0","Opcode":"0","Keywords":"0x80000000000000","TimeCreated":{"@SystemTime":"2025-04-30 22:05:24.0633909"},"EventRecordID":"4627","Correlation":null,"Execution":{"@ProcessID":"0","@ThreadID":"0"},"Channel":"Application","Computer":"Server002","Security":null},"EventData":{"Data":"2025-05-01T19:05:24Z, RulesEngine","Binary":""}}}
{"Event":{"System":{"Provider":{"@Name":"Microsoft-Windows-Security-SPP","@Guid":"{E23B33B0-C8C9-472C-A5F9-F2BDFEA0F156}","@EventSourceName":"Software Protection Platform Service"},"EventID":{"@Qualifiers":"49152","#text":"16394"},"Version":"0","Level":"4","Task":"0","Opcode":"0","Keywords":"0x80000000000000","TimeCreated":{"@SystemTime":"2025-05-01 04:13:43.3296013"},"EventRecordID":"4628","Correlation":null,"Execution":{"@ProcessID":"0","@ThreadID":"0"},"Channel":"Application","Computer":"Server002","Security":null},"EventData":{"Data":"","Binary":""}}}
{"Event":{"System":{"Provider":{"@Name":"Microsoft-Windows-Security-SPP","@Guid":"{E23B33B0-C8C9-472C-A5F9-F2BDFEA0F156}","@EventSourceName":"Software Protection Platform Service"},"EventID":{"@Qualifiers":"16384","#text":"1003"},"Version":"0","Level":"4","Task":"0","Opcode":"0","Keywords":"0x80000000000000","TimeCreated":{"@SystemTime":"2025-05-01 04:14:20.4256411"},"EventRecordID":"4629","Correlation":null,"Execution":{"@ProcessID":"0","@ThreadID":"0"},"Channel":"Application","Computer":"Server002","Security":null},"EventData":{"Data":"55c92734-d682-4d71-983e-d6ec3f16059f, \r\n1: 0567073a-7d74-403b-b2d5-6b35da372d8d, 1, 0 [(0 [0xC004F014, 0, 0], [(?)(?)(?)(?)(?)(?)(?)(?)])(1 )(2 )(3 )]\r\n2: 1b750385-9fe2-49a8-ab55-149d0546395b, 1, 0 [(0 [0xC004F014, 0, 0], [(?)(?)(?)(?)(?)(?)(?)(?)])(1 )(2 )(3 )]\r\n3: 1d873132-f09f-4eb2-bf5a-2e4fb48935e8, 1, 0 [(0 [0xC004F014, 0, 0], [(?)(?)(?)(?)(?)(?)(?)(?)])(1 )(2 )(3 )]\r\n4: 2b1f36bb-c1cd-4306-bf5c-a0367c2d97d8, 1, 1 [(0 )(1 )(2 [0xC004E003, 0, 0], [( 1 0xC004F034)( 1 0xC004F034)(?)(?)(?)(?)(?)(?)])(3 [0x00000000, 0, 0], [( 6 0xC004F009 0 0)( 1 0x00000000)( 6 0xC004F009 0 0)(?)(?)(?)( 10 0x00000000 msft:rm/algorithm/flags/1.0)( 11 0x00000000 0xC004F034)])]\r\n5: 30d469c6-a78f-4476-b5c8-af78d5b6a5fb, 1, 0 [(0 [0xC004F014, 0, 0], [(?)(?)(?)(?)(?)(?)(?)(?)])(1 )(2 )(3 )]\r\n6: 3ae2cc14-ab2d-41f4-972f-5e20142771dc, 1, 0 [(0 [0xC004F014, 0, 0], [(?)(?)(?)(?)(?)(?)(?)(?)])(1 )(2 )(3 )]\r\n7: 4002e33a-524c-4100-8108-131a0d42c0ea, 1, 0 [(0 [0xC004F014, 0, 0], [(?)(?)(?)(?)(?)(?)(?)(?)])(1 )(2 )(3 )]\r\n8: 411b3d4f-be6d-4a06-baaa-9cabfc256cae, 1, 0 [(0 [0xC004F014, 0, 0], [(?)(?)(?)(?)(?)(?)(?)(?)])(1 )(2 )(3 )]\r\n9: 58e97c99-f377-4ef1-81d5-4ad5522b5fd8, 1, 0 [(0 [0xC004F014, 0, 0], [(?)(?)(?)(?)(?)(?)(?)(?)])(1 )(2 )(3 )]\r\n10: 653098ee-780d-4863-8cf2-d18399ce413b, 1, 0 [(0 [0xC004F014, 0, 0], [(?)(?)(?)(?)(?)(?)(?)(?)])(1 )(2 )(3 )]\r\n11: 71f411ae-7b4b-41bd-b68c-c519c499f950, 1, 0 [(0 [0xC004F014, 0, 0], [(?)(?)(?)(?)(?)(?)(?)(?)])(1 )(2 )(3 )]\r\n12: 74436dbb-cc17-46de-867f-14906ba4a938, 1, 0 [(0 [0xC004F014, 0, 0], [(?)(?)(?)(?)(?)(?)(?)(?)])(1 )(2 )(3 )]\r\n13: 8a292df8-d653-4057-8133-a0701792f912, 1, 0 [(0 [0xC004F014, 0, 0], [(?)(?)(?)(?)(?)(?)(?)(?)])(1 )(2 )(3 )]\r\n14: 8db63db6-4f8f-46d6-a448-66444faaaa72, 1, 0 [(0 [0xC004F014, 0, 0], [(?)(?)(?)(?)(?)(?)(?)(?)])(1 )(2 )(3 )]\r\n15: b0f8a518-2c58-4eb8-9319-084f0eb4ddc4, 1, 0 [(0 [0xC004F014, 0, 0], [(?)(?)(?)(?)(?)(?)(?)(?)])(1 )(2 )(3 )]\r\n16: cd918a57-a41b-4c82-8dce-1a538e221a83, 1, 0 [(0 [0xC004F014, 0, 0], [(?)(?)(?)(?)(?)(?)(?)(?)])(1 )(2 )(3 )]\r\n17: da9621af-f086-4244-b563-18611e51aa1a, 1, 0 [(0 [0xC004F014, 0, 0], [(?)(?)(?)(?)(?)(?)(?)(?)])(1 )(2 )(3 )]\r\n18: e371d89a-73e8-4b24-a7ff-23a3641dd18e, 1, 0 [(0 [0xC004F014, 0, 0], [(?)(?)(?)(?)(?)(?)(?)(?)])(1 )(2 )(3 )]\r\n19: ed799377-74b8-4989-a244-14d082e65972, 1, 0 [(0 [0xC004F014, 0, 0], [(?)(?)(?)(?)(?)(?)(?)(?)])(1 )(2 )(3 )]\r\n20: 0427ae42-b454-442d-b69a-d938b6a3bcdc, 0, 0 [0xC004F055]\r\n21: 0b533b5e-08b6-44f9-b885-c2de291ba456, 0, 0 [0xC004F055]\r\n22: 0c2ce8ac-7989-4e40-b934-068d8d71dd72, 0, 0 [0xC004F055]\r\n23: 1043add5-23b1-4afb-9a0f-64343c8f3f8d, 0, 0 [0xC004F055]\r\n24: 14240489-7c2d-42ee-a167-4913ca4672da, 0, 0 [0xC004F055]\r\n25: 1d9c9529-17be-48f7-bba5-a16ed636cfcb, 0, 0 [0xC004F055]\r\n26: 2bd41139-19ec-49e9-8271-db6f9fe0052d, 0, 0 [0xC004F055]\r\n27: 4acda200-3f2b-4b73-9839-f3603f99e7cd, 0, 0 [0xC004F055]\r\n28: 4dac5a0c-5709-4595-a32c-14a56a4a6b31, 0, 0 [0xC004F055]\r\n29: 5f1b1317-625e-4b1c-8d22-4bd93e3ae14e, 0, 0 [0xC004F055]\r\n30: 75863c7d-946f-4ff2-a07c-5551dedd1e15, 0, 0 [0xC004F055]\r\n31: 7b76ee02-0a75-4f08-85d5-bd0feadad0c0, 0, 0 [0xC004F055]\r\n32: 83d49986-add3-41d7-ba33-87c7bfb5c0fb, 0, 0 [0xC004F055]\r\n33: 84b9b0fc-b69d-42a6-a21d-9e0ce4125f7e, 0, 0 [0xC004F055]\r\n34: 8fe12eb1-a7ab-4410-83fb-9f6dbcb4a574, 0, 0 [0xC004F055]\r\n35: 909aa75d-43ee-413c-9030-c62e43287cf8, 0, 0 [0xC004F055]\r\n36: a6da5617-cb89-4acb-beb5-ccdbb871c922, 0, 0 [0xC004F055]\r\n37: a9fa3c71-7f63-4ea0-94be-1de2eab0a4d1, 0, 0 [0xC004F055]\r\n38: b705d67e-527a-4f11-b904-7be441066a22, 0, 0 [0xC004F055]\r\n39: b8527af1-5389-447c-9a88-2d1691ea33d3, 0, 0 [0xC004F055]\r\n40: e5fbdd17-c03d-4bed-9567-c60dee82f47e, 0, 0 [0xC004F055]\r\n41: ed6568de-daeb-4b01-9c4a-5f89018125d8, 0, 0 [0xC004F055]\r\n42: f520e45e-7413-4a34-a497-d2765967d094, 0, 0 [0xC004F055]\r\n43: f69e2d51-3bbd-4ddf-8da7-a145e9dca597, 0, 0 [0xC004F055]\r\n\r\n","Binary":""}}}
{"Event":{"System":{"Provider":{"@Name":"Microsoft-Windows-Security-SPP","@Guid":"{E23B33B0-C8C9-472C-A5F9-F2BDFEA0F156}","@EventSourceName":"Software Protection Platform Service"},"EventID":{"@Qualifiers":"49152","#text":"8198"},"Version":"0","Level":"2","Task":"0","Opcode":"0","Keywords":"0x80000000000000","TimeCreated":{"@SystemTime":"2025-05-01 04:14:20.8203468"},"EventRecordID":"4630","Correlation":null,"Execution":{"@ProcessID":"0","@ThreadID":"0"},"Channel":"Application","Computer":"Server002","Security":null},"EventData":{"Data":"hr=0x80004005, RuleId=31e71c49-8da7-4a2f-ad92-45d98a1c79ba;Action=AutoActivate;AppId=55c92734-d682-4d71-983e-d6ec3f16059f;SkuId=2b1f36bb-c1cd-4306-bf5c-a0367c2d97d8;NotificationInterval=1440;Trigger=NetworkAvailable","Binary":""}}}
{"Event":{"System":{"Provider":{"@Name":"Microsoft-Windows-Security-SPP","@Guid":"{E23B33B0-C8C9-472C-A5F9-F2BDFEA0F156}","@EventSourceName":"Software Protection Platform Service"},"EventID":{"@Qualifiers":"16384","#text":"16384"},"Version":"0","Level":"4","Task":"0","Opcode":"0","Keywords":"0x80000000000000","TimeCreated":{"@SystemTime":"2025-05-01 04:14:41.3717754"},"EventRecordID":"4631","Correlation":null,"Execution":{"@ProcessID":"0","@ThreadID":"0"},"Channel":"Application","Computer":"Server002","Security":null},"EventData":{"Data":"2025-05-02T04:13:40Z, RulesEngine","Binary":""}}}
{"Event":{"System":{"Provider":{"@Name":"brave"},"EventID":{"@Qualifiers":"0","#text":"0"},"Version":"0","Level":"4","Task":"0","Opcode":"0","Keywords":"0x80000000000000","TimeCreated":{"@SystemTime":"2025-05-01 04:15:05.0935433"},"EventRecordID":"4632","Correlation":null,"Execution":{"@ProcessID":"0","@ThreadID":"0"},"Channel":"Application","Computer":"Server002","Security":null},"EventData":{"Data":"Service stopped","Binary":""}}}
{"Event":{"System":{"Provider":{"@Name":"Microsoft-Windows-CAPI2","@Guid":"{5bbca4a8-b209-48dc-a8c7-b23d3e5216fb}","@EventSourceName":"Microsoft-Windows-CAPI2"},"EventID":{"@Qualifiers":"0","#text":"4097"},"Version":"0","Level":"4","Task":"0","Opcode":"0","Keywords":"0x8080000000000000","TimeCreated":{"@SystemTime":"2025-05-01 04:15:29.5387289"},"EventRecordID":"4633","Correlation":null,"Execution":{"@ProcessID":"2876","@ThreadID":"296"},"Channel":"Application","Computer":"Server002","Security":null},"EventData":{"Data":"CN=GlobalSign Code Signing Root R45, O=GlobalSign nv-sa, C=BE, 4EFC31460C619ECAE59C1BCE2C008036D94C84B8","Binary":""}}}
{"Event":{"System":{"Provider":{"@Name":"Microsoft-Windows-Security-SPP","@Guid":"{E23B33B0-C8C9-472C-A5F9-F2BDFEA0F156}","@EventSourceName":"Software Protection Platform Service"},"EventID":{"@Qualifiers":"49152","#text":"16394"},"Version":"0","Level":"4","Task":"0","Opcode":"0","Keywords":"0x80000000000000","TimeCreated":{"@SystemTime":"2025-05-01 04:17:35.5450296"},"EventRecordID":"4634","Correlation":null,"Execution":{"@ProcessID":"0","@ThreadID":"0"},"Channel":"Application","Computer":"Server002","Security":null},"EventData":{"Data":"","Binary":""}}}
{"Event":{"System":{"Provider":{"@Name":"Microsoft-Windows-Security-SPP","@Guid":"{E23B33B0-C8C9-472C-A5F9-F2BDFEA0F156}","@EventSourceName":"Software Protection Platform Service"},"EventID":{"@Qualifiers":"16384","#text":"16384"},"Version":"0","Level":"4","Task":"0","Opcode":"0","Keywords":"0x80000000000000","TimeCreated":{"@SystemTime":"2025-05-01 04:19:44.0253207"},"EventRecordID":"4635","Correlation":null,"Execution":{"@ProcessID":"0","@ThreadID":"0"},"Channel":"Application","Computer":"Server002","Security":null},"EventData":{"Data":"2025-05-02T04:13:43Z, RulesEngine","Binary":""}}}
{"Event":{"System":{"Provider":{"@Name":"Microsoft-Windows-Security-SPP","@Guid":"{E23B33B0-C8C9-472C-A5F9-F2BDFEA0F156}","@EventSourceName":"Software Protection Platform Service"},"EventID":{"@Qualifiers":"49152","#text":"16394"},"Version":"0","Level":"4","Task":"0","Opcode":"0","Keywords":"0x80000000000000","TimeCreated":{"@SystemTime":"2025-05-01 04:22:09.3128337"},"EventRecordID":"4636","Correlation":null,"Execution":{"@ProcessID":"0","@ThreadID":"0"},"Channel":"Application","Computer":"Server002","Security":null},"EventData":{"Data":"","Binary":""}}}
{"Event":{"System":{"Provider":{"@Name":"Microsoft-Windows-Security-SPP","@Guid":"{E23B33B0-C8C9-472C-A5F9-F2BDFEA0F156}","@EventSourceName":"Software Protection Platform Service"},"EventID":{"@Qualifiers":"16384","#text":"16384"},"Version":"0","Level":"4","Task":"0","Opcode":"0","Keywords":"0x80000000000000","TimeCreated":{"@SystemTime":"2025-05-01 04:22:39.3667828"},"EventRecordID":"4637","Correlation":null,"Execution":{"@ProcessID":"0","@ThreadID":"0"},"Channel":"Application","Computer":"Server002","Security":null},"EventData":{"Data":"2025-05-02T04:13:39Z, RulesEngine","Binary":""}}}
{"Event":{"System":{"Provider":{"@Name":"Microsoft-Windows-Security-SPP","@Guid":"{E23B33B0-C8C9-472C-A5F9-F2BDFEA0F156}","@EventSourceName":"Software Protection Platform Service"},"EventID":{"@Qualifiers":"49152","#text":"16394"},"Version":"0","Level":"4","Task":"0","Opcode":"0","Keywords":"0x80000000000000","TimeCreated":{"@SystemTime":"2025-05-01 05:14:59.9294831"},"EventRecordID":"4638","Correlation":null,"Execution":{"@ProcessID":"0","@ThreadID":"0"},"Channel":"Application","Computer":"Server002","Security":null},"EventData":{"Data":"","Binary":""}}}
{"Event":{"System":{"Provider":{"@Name":"Microsoft-Windows-Security-SPP","@Guid":"{E23B33B0-C8C9-472C-A5F9-F2BDFEA0F156}","@EventSourceName":"Software Protection Platform Service"},"EventID":{"@Qualifiers":"16384","#text":"16384"},"Version":"0","Level":"4","Task":"0","Opcode":"0","Keywords":"0x80000000000000","TimeCreated":{"@SystemTime":"2025-05-01 05:15:42.5978002"},"EventRecordID":"4639","Correlation":null,"Execution":{"@ProcessID":"0","@ThreadID":"0"},"Channel":"Application","Computer":"Server002","Security":null},"EventData":{"Data":"2025-05-02T04:13:42Z, RulesEngine","Binary":""}}}
{"Event":{"System":{"Provider":{"@Name":"edgeupdate"},"EventID":{"@Qualifiers":"0","#text":"0"},"Version":"0","Level":"4","Task":"0","Opcode":"0","Keywords":"0x80000000000000","TimeCreated":{"@SystemTime":"2025-05-01 05:37:14.5049086"},"EventRecordID":"4640","Correlation":null,"Execution":{"@ProcessID":"0","@ThreadID":"0"},"Channel":"Application","Computer":"Server002","Security":null},"EventData":{"Data":"Service stopped","Binary":""}}}
{"Event":{"System":{"Provider":{"@Name":"Microsoft-Windows-Security-SPP","@Guid":"{E23B33B0-C8C9-472C-A5F9-F2BDFEA0F156}","@EventSourceName":"Software Protection Platform Service"},"EventID":{"@Qualifiers":"49152","#text":"16394"},"Version":"0","Level":"4","Task":"0","Opcode":"0","Keywords":"0x80000000000000","TimeCreated":{"@SystemTime":"2025-05-01 06:07:56.6693866"},"EventRecordID":"4641","Correlation":null,"Execution":{"@ProcessID":"0","@ThreadID":"0"},"Channel":"Application","Computer":"Server002","Security":null},"EventData":{"Data":"","Binary":""}}}
{"Event":{"System":{"Provider":{"@Name":"Microsoft-Windows-Security-SPP","@Guid":"{E23B33B0-C8C9-472C-A5F9-F2BDFEA0F156}","@EventSourceName":"Software Protection Platform Service"},"EventID":{"@Qualifiers":"16384","#text":"16384"},"Version":"0","Level":"4","Task":"0","Opcode":"0","Keywords":"0x80000000000000","TimeCreated":{"@SystemTime":"2025-05-01 06:09:30.2783116"},"EventRecordID":"4642","Correlation":null,"Execution":{"@ProcessID":"0","@ThreadID":"0"},"Channel":"Application","Computer":"Server002","Security":null},"EventData":{"Data":"2025-05-02T04:13:30Z, RulesEngine","Binary":""}}}
{"Event":{"System":{"Provider":{"@Name":"Microsoft-Windows-Security-SPP","@Guid":"{E23B33B0-C8C9-472C-A5F9-F2BDFEA0F156}","@EventSourceName":"Software Protection Platform Service"},"EventID":{"@Qualifiers":"49152","#text":"16394"},"Version":"0","Level":"4","Task":"0","Opcode":"0","Keywords":"0x80000000000000","TimeCreated":{"@SystemTime":"2025-05-01 06:09:42.6195427"},"EventRecordID":"4643","Correlation":null,"Execution":{"@ProcessID":"0","@ThreadID":"0"},"Channel":"Application","Computer":"Server002","Security":null},"EventData":{"Data":"","Binary":""}}}
{"Event":{"System":{"Provider":{"@Name":"Microsoft-Windows-Security-SPP","@Guid":"{E23B33B0-C8C9-472C-A5F9-F2BDFEA0F156}","@EventSourceName":"Software Protection Platform Service"},"EventID":{"@Qualifiers":"16384","#text":"16384"},"Version":"0","Level":"4","Task":"0","Opcode":"0","Keywords":"0x80000000000000","TimeCreated":{"@SystemTime":"2025-05-01 06:10:48.7599198"},"EventRecordID":"4644","Correlation":null,"Execution":{"@ProcessID":"0","@ThreadID":"0"},"Channel":"Application","Computer":"Server002","Security":null},"EventData":{"Data":"2025-05-02T04:13:48Z, RulesEngine","Binary":""}}}
{"Event":{"System":{"Provider":{"@Name":"Microsoft-Windows-Security-SPP","@Guid":"{E23B33B0-C8C9-472C-A5F9-F2BDFEA0F156}","@EventSourceName":"Software Protection Platform Service"},"EventID":{"@Qualifiers":"49152","#text":"16394"},"Version":"0","Level":"4","Task":"0","Opcode":"0","Keywords":"0x80000000000000","TimeCreated":{"@SystemTime":"2025-05-01 06:11:25.3110043"},"EventRecordID":"4645","Correlation":null,"Execution":{"@ProcessID":"0","@ThreadID":"0"},"Channel":"Application","Computer":"Server002","Security":null},"EventData":{"Data":"","Binary":""}}}
{"Event":{"System":{"Provider":{"@Name":"Microsoft-Windows-Security-SPP","@Guid":"{E23B33B0-C8C9-472C-A5F9-F2BDFEA0F156}","@EventSourceName":"Software Protection Platform Service"},"EventID":{"@Qualifiers":"16384","#text":"16384"},"Version":"0","Level":"4","Task":"0","Opcode":"0","Keywords":"0x80000000000000","TimeCreated":{"@SystemTime":"2025-05-01 06:12:10.7342345"},"EventRecordID":"4646","Correlation":null,"Execution":{"@ProcessID":"0","@ThreadID":"0"},"Channel":"Application","Computer":"Server002","Security":null},"EventData":{"Data":"2025-05-02T04:13:10Z, RulesEngine","Binary":""}}}
{"Event":{"System":{"Provider":{"@Name":"Microsoft-Windows-Security-SPP","@Guid":"{E23B33B0-C8C9-472C-A5F9-F2BDFEA0F156}","@EventSourceName":"Software Protection Platform Service"},"EventID":{"@Qualifiers":"49152","#text":"16394"},"Version":"0","Level":"4","Task":"0","Opcode":"0","Keywords":"0x80000000000000","TimeCreated":{"@SystemTime":"2025-05-01 06:12:41.1562222"},"EventRecordID":"4647","Correlation":null,"Execution":{"@ProcessID":"0","@ThreadID":"0"},"Channel":"Application","Computer":"Server002","Security":null},"EventData":{"Data":"","Binary":""}}}
{"Event":{"System":{"Provider":{"@Name":"Microsoft-Windows-Security-SPP","@Guid":"{E23B33B0-C8C9-472C-A5F9-F2BDFEA0F156}","@EventSourceName":"Software Protection Platform Service"},"EventID":{"@Qualifiers":"16384","#text":"16384"},"Version":"0","Level":"4","Task":"0","Opcode":"0","Keywords":"0x80000000000000","TimeCreated":{"@SystemTime":"2025-05-01 07:48:32.7716586"},"EventRecordID":"4648","Correlation":null,"Execution":{"@ProcessID":"0","@ThreadID":"0"},"Channel":"Application","Computer":"Server002","Security":null},"EventData":{"Data":"2025-05-02T04:13:31Z, RulesEngine","Binary":""}}}
{"Event":{"System":{"Provider":{"@Name":"Microsoft-Windows-Security-SPP","@Guid":"{E23B33B0-C8C9-472C-A5F9-F2BDFEA0F156}","@EventSourceName":"Software Protection Platform Service"},"EventID":{"@Qualifiers":"49152","#text":"16394"},"Version":"0","Level":"4","Task":"0","Opcode":"0","Keywords":"0x80000000000000","TimeCreated":{"@SystemTime":"2025-05-01 07:48:39.8175682"},"EventRecordID":"4649","Correlation":null,"Execution":{"@ProcessID":"0","@ThreadID":"0"},"Channel":"Application","Computer":"Server002","Security":null},"EventData":{"Data":"","Binary":""}}}
{"Event":{"System":{"Provider":{"@Name":"Microsoft-Windows-Security-SPP","@Guid":"{E23B33B0-C8C9-472C-A5F9-F2BDFEA0F156}","@EventSourceName":"Software Protection Platform Service"},"EventID":{"@Qualifiers":"16384","#text":"16384"},"Version":"0","Level":"4","Task":"0","Opcode":"0","Keywords":"0x80000000000000","TimeCreated":{"@SystemTime":"2025-05-01 07:54:03.4430957"},"EventRecordID":"4650","Correlation":null,"Execution":{"@ProcessID":"0","@ThreadID":"0"},"Channel":"Application","Computer":"Server002","Security":null},"EventData":{"Data":"2025-05-02T04:13:03Z, RulesEngine","Binary":""}}}
{"Event":{"System":{"Provider":{"@Name":"Microsoft-Windows-Security-SPP","@Guid":"{E23B33B0-C8C9-472C-A5F9-F2BDFEA0F156}","@EventSourceName":"Software Protection Platform Service"},"EventID":{"@Qualifiers":"49152","#text":"16394"},"Version":"0","Level":"4","Task":"0","Opcode":"0","Keywords":"0x80000000000000","TimeCreated":{"@SystemTime":"2025-05-01 07:54:11.2199042"},"EventRecordID":"4651","Correlation":null,"Execution":{"@ProcessID":"0","@ThreadID":"0"},"Channel":"Application","Computer":"Server002","Security":null},"EventData":{"Data":"","Binary":""}}}
{"Event":{"System":{"Provider":{"@Name":"Microsoft-Windows-Security-SPP","@Guid":"{E23B33B0-C8C9-472C-A5F9-F2BDFEA0F156}","@EventSourceName":"Software Protection Platform Service"},"EventID":{"@Qualifiers":"16384","#text":"16384"},"Version":"0","Level":"4","Task":"0","Opcode":"0","Keywords":"0x80000000000000","TimeCreated":{"@SystemTime":"2025-05-01 07:54:49.1185898"},"EventRecordID":"4652","Correlation":null,"Execution":{"@ProcessID":"0","@ThreadID":"0"},"Channel":"Application","Computer":"Server002","Security":null},"EventData":{"Data":"2025-05-02T04:13:49Z, RulesEngine","Binary":""}}}
{"Event":{"System":{"Provider":{"@Name":"SecurityCenter"},"EventID":{"@Qualifiers":"0","#text":"15"},"Version":"0","Level":"4","Task":"0","Opcode":"0","Keywords":"0x80000000000000","TimeCreated":{"@SystemTime":"2025-05-01 07:55:51.3191448"},"EventRecordID":"4653","Correlation":null,"Execution":{"@ProcessID":"0","@ThreadID":"0"},"Channel":"Application","Computer":"Server002","Security":null},"EventData":{"Data":"Windows Defender, SECURITY_PRODUCT_STATE_ON","Binary":""}}}
{"Event":{"System":{"Provider":{"@Name":"SecurityCenter"},"EventID":{"@Qualifiers":"0","#text":"15"},"Version":"0","Level":"4","Task":"0","Opcode":"0","Keywords":"0x80000000000000","TimeCreated":{"@SystemTime":"2025-05-01 07:55:53.1181779"},"EventRecordID":"4654","Correlation":null,"Execution":{"@ProcessID":"0","@ThreadID":"0"},"Channel":"Application","Computer":"Server002","Security":null},"EventData":{"Data":"Windows Defender, SECURITY_PRODUCT_STATE_ON","Binary":""}}}
{"Event":{"System":{"Provider":{"@Name":"SecurityCenter"},"EventID":{"@Qualifiers":"0","#text":"15"},"Version":"0","Level":"4","Task":"0","Opcode":"0","Keywords":"0x80000000000000","TimeCreated":{"@SystemTime":"2025-05-01 07:55:54.7679753"},"EventRecordID":"4655","Correlation":null,"Execution":{"@ProcessID":"0","@ThreadID":"0"},"Channel":"Application","Computer":"Server002","Security":null},"EventData":{"Data":"Windows Defender, SECURITY_PRODUCT_STATE_ON","Binary":""}}}
{"Event":{"System":{"Provider":{"@Name":"SecurityCenter"},"EventID":{"@Qualifiers":"0","#text":"15"},"Version":"0","Level":"4","Task":"0","Opcode":"0","Keywords":"0x80000000000000","TimeCreated":{"@SystemTime":"2025-05-01 07:55:56.3357916"},"EventRecordID":"4656","Correlation":null,"Execution":{"@ProcessID":"0","@ThreadID":"0"},"Channel":"Application","Computer":"Server002","Security":null},"EventData":{"Data":"Windows Defender, SECURITY_PRODUCT_STATE_ON","Binary":""}}}
{"Event":{"System":{"Provider":{"@Name":"SecurityCenter"},"EventID":{"@Qualifiers":"0","#text":"15"},"Version":"0","Level":"4","Task":"0","Opcode":"0","Keywords":"0x80000000000000","TimeCreated":{"@SystemTime":"2025-05-01 07:55:57.9368975"},"EventRecordID":"4657","Correlation":null,"Execution":{"@ProcessID":"0","@ThreadID":"0"},"Channel":"Application","Computer":"Server002","Security":null},"EventData":{"Data":"Windows Defender, SECURITY_PRODUCT_STATE_ON","Binary":""}}}
{"Event":{"System":{"Provider":{"@Name":"SecurityCenter"},"EventID":{"@Qualifiers":"0","#text":"15"},"Version":"0","Level":"4","Task":"0","Opcode":"0","Keywords":"0x80000000000000","TimeCreated":{"@SystemTime":"2025-05-01 07:55:59.6580612"},"EventRecordID":"4658","Correlation":null,"Execution":{"@ProcessID":"0","@ThreadID":"0"},"Channel":"Application","Computer":"Server002","Security":null},"EventData":{"Data":"Windows Defender, SECURITY_PRODUCT_STATE_ON","Binary":""}}}
{"Event":{"System":{"Provider":{"@Name":"Microsoft-Windows-Security-SPP","@Guid":"{E23B33B0-C8C9-472C-A5F9-F2BDFEA0F156}","@EventSourceName":"Software Protection Platform Service"},"EventID":{"@Qualifiers":"49152","#text":"16394"},"Version":"0","Level":"4","Task":"0","Opcode":"0","Keywords":"0x80000000000000","TimeCreated":{"@SystemTime":"2025-05-01 08:05:25.5194820"},"EventRecordID":"4659","Correlation":null,"Execution":{"@ProcessID":"0","@ThreadID":"0"},"Channel":"Application","Computer":"Server002","Security":null},"EventData":{"Data":"","Binary":""}}}
{"Event":{"System":{"Provider":{"@Name":"SecurityCenter"},"EventID":{"@Qualifiers":"0","#text":"15"},"Version":"0","Level":"4","Task":"0","Opcode":"0","Keywords":"0x80000000000000","TimeCreated":{"@SystemTime":"2025-05-01 08:05:25.6155081"},"EventRecordID":"4660","Correlation":null,"Execution":{"@ProcessID":"0","@ThreadID":"0"},"Channel":"Application","Computer":"Server002","Security":null},"EventData":{"Data":"Windows Defender, SECURITY_PRODUCT_STATE_ON","Binary":""}}}
{"Event":{"System":{"Provider":{"@Name":"Microsoft-Windows-Security-SPP","@Guid":"{E23B33B0-C8C9-472C-A5F9-F2BDFEA0F156}","@EventSourceName":"Software Protection Platform Service"},"EventID":{"@Qualifiers":"16384","#text":"16384"},"Version":"0","Level":"4","Task":"0","Opcode":"0","Keywords":"0x80000000000000","TimeCreated":{"@SystemTime":"2025-05-01 08:06:36.8118401"},"EventRecordID":"4661","Correlation":null,"Execution":{"@ProcessID":"0","@ThreadID":"0"},"Channel":"Application","Computer":"Server002","Security":null},"EventData":{"Data":"2025-05-02T04:13:36Z, RulesEngine","Binary":""}}}
{"Event":{"System":{"Provider":{"@Name":"Microsoft-Windows-Security-SPP","@Guid":"{E23B33B0-C8C9-472C-A5F9-F2BDFEA0F156}","@EventSourceName":"Software Protection Platform Service"},"EventID":{"@Qualifiers":"49152","#text":"16394"},"Version":"0","Level":"4","Task":"0","Opcode":"0","Keywords":"0x80000000000000","TimeCreated":{"@SystemTime":"2025-05-01 08:07:42.8523456"},"EventRecordID":"4662","Correlation":null,"Execution":{"@ProcessID":"0","@ThreadID":"0"},"Channel":"Application","Computer":"Server002","Security":null},"EventData":{"Data":"","Binary":""}}}
{"Event":{"System":{"Provider":{"@Name":"SecurityCenter"},"EventID":{"@Qualifiers":"0","#text":"15"},"Version":"0","Level":"4","Task":"0","Opcode":"0","Keywords":"0x80000000000000","TimeCreated":{"@SystemTime":"2025-05-01 08:08:31.6361798"},"EventRecordID":"4663","Correlation":null,"Execution":{"@ProcessID":"0","@ThreadID":"0"},"Channel":"Application","Computer":"Server002","Security":null},"EventData":{"Data":"Windows Defender, SECURITY_PRODUCT_STATE_ON","Binary":""}}}
{"Event":{"System":{"Provider":{"@Name":"Microsoft-Windows-Security-SPP","@Guid":"{E23B33B0-C8C9-472C-A5F9-F2BDFEA0F156}","@EventSourceName":"Software Protection Platform Service"},"EventID":{"@Qualifiers":"16384","#text":"16384"},"Version":"0","Level":"4","Task":"0","Opcode":"0","Keywords":"0x80000000000000","TimeCreated":{"@SystemTime":"2025-05-01 08:08:32.1754369"},"EventRecordID":"4664","Correlation":null,"Execution":{"@ProcessID":"0","@ThreadID":"0"},"Channel":"Application","Computer":"Server002","Security":null},"EventData":{"Data":"2025-05-02T04:13:32Z, RulesEngine","Binary":""}}}
{"Event":{"System":{"Provider":{"@Name":"SecurityCenter"},"EventID":{"@Qualifiers":"0","#text":"15"},"Version":"0","Level":"4","Task":"0","Opcode":"0","Keywords":"0x80000000000000","TimeCreated":{"@SystemTime":"2025-05-01 08:08:33.4416137"},"EventRecordID":"4665","Correlation":null,"Execution":{"@ProcessID":"0","@ThreadID":"0"},"Channel":"Application","Computer":"Server002","Security":null},"EventData":{"Data":"Windows Defender, SECURITY_PRODUCT_STATE_ON","Binary":""}}}
{"Event":{"System":{"Provider":{"@Name":"SecurityCenter"},"EventID":{"@Qualifiers":"0","#text":"15"},"Version":"0","Level":"4","Task":"0","Opcode":"0","Keywords":"0x80000000000000","TimeCreated":{"@SystemTime":"2025-05-01 08:08:35.3558619"},"EventRecordID":"4666","Correlation":null,"Execution":{"@ProcessID":"0","@ThreadID":"0"},"Channel":"Application","Computer":"Server002","Security":null},"EventData":{"Data":"Windows Defender, SECURITY_PRODUCT_STATE_ON","Binary":""}}}
{"Event":{"System":{"Provider":{"@Name":"SecurityCenter"},"EventID":{"@Qualifiers":"0","#text":"15"},"Version":"0","Level":"4","Task":"0","Opcode":"0","Keywords":"0x80000000000000","TimeCreated":{"@SystemTime":"2025-05-01 08:08:37.2596680"},"EventRecordID":"4667","Correlation":null,"Execution":{"@ProcessID":"0","@ThreadID":"0"},"Channel":"Application","Computer":"Server002","Security":null},"EventData":{"Data":"Windows Defender, SECURITY_PRODUCT_STATE_ON","Binary":""}}}
{"Event":{"System":{"Provider":{"@Name":"SecurityCenter"},"EventID":{"@Qualifiers":"0","#text":"15"},"Version":"0","Level":"4","Task":"0","Opcode":"0","Keywords":"0x80000000000000","TimeCreated":{"@SystemTime":"2025-05-01 08:08:39.1686580"},"EventRecordID":"4668","Correlation":null,"Execution":{"@ProcessID":"0","@ThreadID":"0"},"Channel":"Application","Computer":"Server002","Security":null},"EventData":{"Data":"Windows Defender, SECURITY_PRODUCT_STATE_ON","Binary":""}}}
{"Event":{"System":{"Provider":{"@Name":"SecurityCenter"},"EventID":{"@Qualifiers":"0","#text":"15"},"Version":"0","Level":"4","Task":"0","Opcode":"0","Keywords":"0x80000000000000","TimeCreated":{"@SystemTime":"2025-05-01 08:09:13.1247815"},"EventRecordID":"4669","Correlation":null,"Execution":{"@ProcessID":"0","@ThreadID":"0"},"Channel":"Application","Computer":"Server002","Security":null},"EventData":{"Data":"Windows Defender, SECURITY_PRODUCT_STATE_ON","Binary":""}}}
{"Event":{"System":{"Provider":{"@Name":"SecurityCenter"},"EventID":{"@Qualifiers":"0","#text":"15"},"Version":"0","Level":"4","Task":"0","Opcode":"0","Keywords":"0x80000000000000","TimeCreated":{"@SystemTime":"2025-05-01 08:17:54.5224938"},"EventRecordID":"4670","Correlation":null,"Execution":{"@ProcessID":"0","@ThreadID":"0"},"Channel":"Application","Computer":"Server002","Security":null},"EventData":{"Data":"Windows Defender, SECURITY_PRODUCT_STATE_ON","Binary":""}}}
{"Event":{"System":{"Provider":{"@Name":"Microsoft-Windows-Security-SPP","@Guid":"{E23B33B0-C8C9-472C-A5F9-F2BDFEA0F156}","@EventSourceName":"Software Protection Platform Service"},"EventID":{"@Qualifiers":"49152","#text":"16394"},"Version":"0","Level":"4","Task":"0","Opcode":"0","Keywords":"0x80000000000000","TimeCreated":{"@SystemTime":"2025-05-01 08:18:10.5653004"},"EventRecordID":"4671","Correlation":null,"Execution":{"@ProcessID":"0","@ThreadID":"0"},"Channel":"Application","Computer":"Server002","Security":null},"EventData":{"Data":"","Binary":""}}}
{"Event":{"System":{"Provider":{"@Name":"Microsoft-Windows-Security-SPP","@Guid":"{E23B33B0-C8C9-472C-A5F9-F2BDFEA0F156}","@EventSourceName":"Software Protection Platform Service"},"EventID":{"@Qualifiers":"16384","#text":"16384"},"Version":"0","Level":"4","Task":"0","Opcode":"0","Keywords":"0x80000000000000","TimeCreated":{"@SystemTime":"2025-05-01 08:18:39.8564684"},"EventRecordID":"4672","Correlation":null,"Execution":{"@ProcessID":"0","@ThreadID":"0"},"Channel":"Application","Computer":"Server002","Security":null},"EventData":{"Data":"2025-05-02T04:13:39Z, RulesEngine","Binary":""}}}
{"Event":{"System":{"Provider":{"@Name":"Microsoft-Windows-Security-SPP","@Guid":"{E23B33B0-C8C9-472C-A5F9-F2BDFEA0F156}","@EventSourceName":"Software Protection Platform Service"},"EventID":{"@Qualifiers":"49152","#text":"16394"},"Version":"0","Level":"4","Task":"0","Opcode":"0","Keywords":"0x80000000000000","TimeCreated":{"@SystemTime":"2025-05-01 08:18:43.4813255"},"EventRecordID":"4673","Correlation":null,"Execution":{"@ProcessID":"0","@ThreadID":"0"},"Channel":"Application","Computer":"Server002","Security":null},"EventData":{"Data":"","Binary":""}}}
{"Event":{"System":{"Provider":{"@Name":"Microsoft-Windows-Security-SPP","@Guid":"{E23B33B0-C8C9-472C-A5F9-F2BDFEA0F156}","@EventSourceName":"Software Protection Platform Service"},"EventID":{"@Qualifiers":"16384","#text":"16384"},"Version":"0","Level":"4","Task":"0","Opcode":"0","Keywords":"0x80000000000000","TimeCreated":{"@SystemTime":"2025-05-01 08:19:10.5460426"},"EventRecordID":"4674","Correlation":null,"Execution":{"@ProcessID":"0","@ThreadID":"0"},"Channel":"Application","Computer":"Server002","Security":null},"EventData":{"Data":"2025-05-02T04:13:10Z, RulesEngine","Binary":""}}}
{"Event":{"System":{"Provider":{"@Name":"SecurityCenter"},"EventID":{"@Qualifiers":"0","#text":"15"},"Version":"0","Level":"4","Task":"0","Opcode":"0","Keywords":"0x80000000000000","TimeCreated":{"@SystemTime":"2025-05-01 08:20:32.0966953"},"EventRecordID":"4675","Correlation":null,"Execution":{"@ProcessID":"0","@ThreadID":"0"},"Channel":"Application","Computer":"Server002","Security":null},"EventData":{"Data":"Windows Defender, SECURITY_PRODUCT_STATE_ON","Binary":""}}}
{"Event":{"System":{"Provider":{"@Name":"SecurityCenter"},"EventID":{"@Qualifiers":"0","#text":"15"},"Version":"0","Level":"4","Task":"0","Opcode":"0","Keywords":"0x80000000000000","TimeCreated":{"@SystemTime":"2025-05-01 08:20:34.1347481"},"EventRecordID":"4676","Correlation":null,"Execution":{"@ProcessID":"0","@ThreadID":"0"},"Channel":"Application","Computer":"Server002","Security":null},"EventData":{"Data":"Windows Defender, SECURITY_PRODUCT_STATE_ON","Binary":""}}}
{"Event":{"System":{"Provider":{"@Name":"Microsoft-Windows-Security-SPP","@Guid":"{E23B33B0-C8C9-472C-A5F9-F2BDFEA0F156}","@EventSourceName":"Software Protection Platform Service"},"EventID":{"@Qualifiers":"49152","#text":"16394"},"Version":"0","Level":"4","Task":"0","Opcode":"0","Keywords":"0x80000000000000","TimeCreated":{"@SystemTime":"2025-05-01 08:35:09.0733589"},"EventRecordID":"4677","Correlation":null,"Execution":{"@ProcessID":"0","@ThreadID":"0"},"Channel":"Application","Computer":"Server002","Security":null},"EventData":{"Data":"","Binary":""}}}
{"Event":{"System":{"Provider":{"@Name":"Microsoft-Windows-Security-SPP","@Guid":"{E23B33B0-C8C9-472C-A5F9-F2BDFEA0F156}","@EventSourceName":"Software Protection Platform Service"},"EventID":{"@Qualifiers":"16384","#text":"16384"},"Version":"0","Level":"4","Task":"0","Opcode":"0","Keywords":"0x80000000000000","TimeCreated":{"@SystemTime":"2025-05-01 08:35:39.4898591"},"EventRecordID":"4678","Correlation":null,"Execution":{"@ProcessID":"0","@ThreadID":"0"},"Channel":"Application","Computer":"Server002","Security":null},"EventData":{"Data":"2025-05-02T04:13:39Z, RulesEngine","Binary":""}}}
{"Event":{"System":{"Provider":{"@Name":"Microsoft-Windows-Security-SPP","@Guid":"{E23B33B0-C8C9-472C-A5F9-F2BDFEA0F156}","@EventSourceName":"Software Protection Platform Service"},"EventID":{"@Qualifiers":"49152","#text":"16394"},"Version":"0","Level":"4","Task":"0","Opcode":"0","Keywords":"0x80000000000000","TimeCreated":{"@SystemTime":"2025-05-01 09:04:06.9965305"},"EventRecordID":"4679","Correlation":null,"Execution":{"@ProcessID":"0","@ThreadID":"0"},"Channel":"Application","Computer":"Server002","Security":null},"EventData":{"Data":"","Binary":""}}}
{"Event":{"System":{"Provider":{"@Name":"Microsoft-Windows-Security-SPP","@Guid":"{E23B33B0-C8C9-472C-A5F9-F2BDFEA0F156}","@EventSourceName":"Software Protection Platform Service"},"EventID":{"@Qualifiers":"16384","#text":"16384"},"Version":"0","Level":"4","Task":"0","Opcode":"0","Keywords":"0x80000000000000","TimeCreated":{"@SystemTime":"2025-05-01 09:04:34.1634759"},"EventRecordID":"4680","Correlation":null,"Execution":{"@ProcessID":"0","@ThreadID":"0"},"Channel":"Application","Computer":"Server002","Security":null},"EventData":{"Data":"2025-05-02T04:13:34Z, RulesEngine","Binary":""}}}
{"Event":{"System":{"Provider":{"@Name":"Microsoft-Windows-Security-SPP","@Guid":"{E23B33B0-C8C9-472C-A5F9-F2BDFEA0F156}","@EventSourceName":"Software Protection Platform Service"},"EventID":{"@Qualifiers":"49152","#text":"16394"},"Version":"0","Level":"4","Task":"0","Opcode":"0","Keywords":"0x80000000000000","TimeCreated":{"@SystemTime":"2025-05-01 09:05:08.1631139"},"EventRecordID":"4681","Correlation":null,"Execution":{"@ProcessID":"0","@ThreadID":"0"},"Channel":"Application","Computer":"Server002","Security":null},"EventData":{"Data":"","Binary":""}}}
{"Event":{"System":{"Provider":{"@Name":"Microsoft-Windows-Security-SPP","@Guid":"{E23B33B0-C8C9-472C-A5F9-F2BDFEA0F156}","@EventSourceName":"Software Protection Platform Service"},"EventID":{"@Qualifiers":"16384","#text":"16384"},"Version":"0","Level":"4","Task":"0","Opcode":"0","Keywords":"0x80000000000000","TimeCreated":{"@SystemTime":"2025-05-01 09:05:40.8337322"},"EventRecordID":"4682","Correlation":null,"Execution":{"@ProcessID":"0","@ThreadID":"0"},"Channel":"Application","Computer":"Server002","Security":null},"EventData":{"Data":"2025-05-02T04:13:40Z, RulesEngine","Binary":""}}}
{"Event":{"System":{"Provider":{"@Name":"Application Error"},"EventID":{"@Qualifiers":"0","#text":"1000"},"Version":"0","Level":"2","Task":"100","Opcode":"0","Keywords":"0x80000000000000","TimeCreated":{"@SystemTime":"2025-05-01 09:21:25.8311177"},"EventRecordID":"4683","Correlation":null,"Execution":{"@ProcessID":"0","@ThreadID":"0"},"Channel":"Application","Computer":"Server002","Security":null},"EventData":{"Data":"dwm.exe, 10.0.19041.4355, 6564cf4e, unknown, 0.0.0.0, 00000000, 8898009b, 0000000000000000, 17e0, 01dbba0b6d27e18a, C:\\Windows\\system32\\dwm.exe, unknown, 9e776fbe-f721-4a9a-8733-0c7da4b50c95","Binary":""}}}
{"Event":{"System":{"Provider":{"@Name":"Windows Error Reporting"},"EventID":{"@Qualifiers":"0","#text":"1001"},"Version":"0","Level":"4","Task":"0","Opcode":"0","Keywords":"0x80000000000000","TimeCreated":{"@SystemTime":"2025-05-01 09:21:29.4572622"},"EventRecordID":"4684","Correlation":null,"Execution":{"@ProcessID":"0","@ThreadID":"0"},"Channel":"Application","Computer":"Server002","Security":null},"EventData":{"Data":"2128837646485783167, 4, APPCRASH, Not available, 0, dwm.exe, 10.0.19041.4355, 6564cf4e, StackHash_c424, 0.0.0.0, 00000000, 8898009b, PCH_5A_FROM_ntdll+0x00000000000A1E1F, \r\n\\\\?\\C:\\ProgramData\\Microsoft\\Windows\\WER\\Temp\\WER6862.tmp.dmp\r\n\\\\?\\C:\\ProgramData\\Microsoft\\Windows\\WER\\Temp\\WER6A57.tmp.WERInternalMetadata.xml\r\n\\\\?\\C:\\ProgramData\\Microsoft\\Windows\\WER\\Temp\\WER6B04.tmp.xml\r\n\\\\?\\C:\\ProgramData\\Microsoft\\Windows\\WER\\Temp\\WER6B22.tmp.csv\r\n\\\\?\\C:\\ProgramData\\Microsoft\\Windows\\WER\\Temp\\WER6B42.tmp.txt, \\\\?\\C:\\ProgramData\\Microsoft\\Windows\\WER\\ReportArchive\\AppCrash_dwm.exe_aeca3f5598a6a18ca79638205b14c9f1f7e9c79_fed57774_d17178a2-f91a-4aa4-a705-e3782335b10b, 0, 9e776fbe-f721-4a9a-8733-0c7da4b50c95, 268435456, 5cf7e4b228f057d03d8b268f7743827f, 0","Binary":""}}}
{"Event":{"System":{"Provider":{"@Name":"Dwminit"},"EventID":{"@Qualifiers":"32770","#text":"0"},"Version":"0","Level":"3","Task":"0","Opcode":"0","Keywords":"0x80000000000000","TimeCreated":{"@SystemTime":"2025-05-01 09:21:29.7978199"},"EventRecordID":"4685","Correlation":null,"Execution":{"@ProcessID":"0","@ThreadID":"0"},"Channel":"Application","Computer":"Server002","Security":null},"EventData":{"Data":"0x8898009b, 1, VirtualBox Graphics Adapter (WDDM)","Binary":""}}}
{"Event":{"System":{"Provider":{"@Name":"Desktop Window Manager"},"EventID":{"@Qualifiers":"16384","#text":"9027"},"Version":"0","Level":"4","Task":"0","Opcode":"0","Keywords":"0x80000000000000","TimeCreated":{"@SystemTime":"2025-05-01 09:21:30.2611721"},"EventRecordID":"4686","Correlation":null,"Execution":{"@ProcessID":"0","@ThreadID":"0"},"Channel":"Application","Computer":"Server002","Security":null},"EventData":{"Data":"","Binary":""}}}
{"Event":{"System":{"Provider":{"@Name":"brave"},"EventID":{"@Qualifiers":"0","#text":"0"},"Version":"0","Level":"4","Task":"0","Opcode":"0","Keywords":"0x80000000000000","TimeCreated":{"@SystemTime":"2025-05-01 09:51:04.3993756"},"EventRecordID":"4687","Correlation":null,"Execution":{"@ProcessID":"0","@ThreadID":"0"},"Channel":"Application","Computer":"Server002","Security":null},"EventData":{"Data":"Service stopped","Binary":""}}}
{"Event":{"System":{"Provider":{"@Name":"Edge"},"EventID":{"@Qualifiers":"32768","#text":"256"},"Version":"0","Level":"4","Task":"1","Opcode":"0","Keywords":"0x80000000000000","TimeCreated":{"@SystemTime":"2025-05-01 11:55:45.2258907"},"EventRecordID":"4688","Correlation":null,"Execution":{"@ProcessID":"0","@ThreadID":"0"},"Channel":"Application","Computer":"Server002","Security":{"@UserID":"S-1-5-21-3962163828-2803415714-1403596700-1001"}},"EventData":{"Data":"[3820:3216:0501/125545.223:INFO:extension_garbage_collector.cc(183)] Garbage collection for extensions on file thread is complete.","Binary":""}}}
{"Event":{"System":{"Provider":{"@Name":"Microsoft-Windows-Security-SPP","@Guid":"{E23B33B0-C8C9-472C-A5F9-F2BDFEA0F156}","@EventSourceName":"Software Protection Platform Service"},"EventID":{"@Qualifiers":"49152","#text":"16394"},"Version":"0","Level":"4","Task":"0","Opcode":"0","Keywords":"0x80000000000000","TimeCreated":{"@SystemTime":"2025-05-01 12:20:12.7155387"},"EventRecordID":"4689","Correlation":null,"Execution":{"@ProcessID":"0","@ThreadID":"0"},"Channel":"Application","Computer":"Server002","Security":null},"EventData":{"Data":"","Binary":""}}}
{"Event":{"System":{"Provider":{"@Name":"Microsoft-Windows-Security-SPP","@Guid":"{E23B33B0-C8C9-472C-A5F9-F2BDFEA0F156}","@EventSourceName":"Software Protection Platform Service"},"EventID":{"@Qualifiers":"16384","#text":"16384"},"Version":"0","Level":"4","Task":"0","Opcode":"0","Keywords":"0x80000000000000","TimeCreated":{"@SystemTime":"2025-05-01 12:20:45.8575659"},"EventRecordID":"4690","Correlation":null,"Execution":{"@ProcessID":"0","@ThreadID":"0"},"Channel":"Application","Computer":"Server002","Security":null},"EventData":{"Data":"2025-05-02T04:13:45Z, RulesEngine","Binary":""}}}
{"Event":{"System":{"Provider":{"@Name":"Microsoft-Windows-Security-SPP","@Guid":"{E23B33B0-C8C9-472C-A5F9-F2BDFEA0F156}","@EventSourceName":"Software Protection Platform Service"},"EventID":{"@Qualifiers":"49152","#text":"16394"},"Version":"0","Level":"4","Task":"0","Opcode":"0","Keywords":"0x80000000000000","TimeCreated":{"@SystemTime":"2025-05-01 12:45:40.0252298"},"EventRecordID":"4691","Correlation":null,"Execution":{"@ProcessID":"0","@ThreadID":"0"},"Channel":"Application","Computer":"Server002","Security":null},"EventData":{"Data":"","Binary":""}}}
{"Event":{"System":{"Provider":{"@Name":"Microsoft-Windows-Security-SPP","@Guid":"{E23B33B0-C8C9-472C-A5F9-F2BDFEA0F156}","@EventSourceName":"Software Protection Platform Service"},"EventID":{"@Qualifiers":"16384","#text":"16384"},"Version":"0","Level":"4","Task":"0","Opcode":"0","Keywords":"0x80000000000000","TimeCreated":{"@SystemTime":"2025-05-01 12:46:04.7955903"},"EventRecordID":"4692","Correlation":null,"Execution":{"@ProcessID":"0","@ThreadID":"0"},"Channel":"Application","Computer":"Server002","Security":null},"EventData":{"Data":"2025-05-02T04:13:04Z, RulesEngine","Binary":""}}}
{"Event":{"System":{"Provider":{"@Name":"edgeupdate"},"EventID":{"@Qualifiers":"0","#text":"0"},"Version":"0","Level":"4","Task":"0","Opcode":"0","Keywords":"0x80000000000000","TimeCreated":{"@SystemTime":"2025-05-01 15:37:27.1602293"},"EventRecordID":"4693","Correlation":null,"Execution":{"@ProcessID":"0","@ThreadID":"0"},"Channel":"Application","Computer":"Server002","Security":null},"EventData":{"Data":"Service stopped","Binary":""}}}
{"Event":{"System":{"Provider":{"@Name":"brave"},"EventID":{"@Qualifiers":"0","#text":"0"},"Version":"0","Level":"4","Task":"0","Opcode":"0","Keywords":"0x80000000000000","TimeCreated":{"@SystemTime":"2025-05-01 15:45:52.8152526"},"EventRecordID":"4694","Correlation":null,"Execution":{"@ProcessID":"0","@ThreadID":"0"},"Channel":"Application","Computer":"Server002","Security":null},"EventData":{"Data":"Service stopped","Binary":""}}}
{"Event":{"System":{"Provider":{"@Name":"Microsoft-Windows-Security-SPP","@Guid":"{E23B33B0-C8C9-472C-A5F9-F2BDFEA0F156}","@EventSourceName":"Software Protection Platform Service"},"EventID":{"@Qualifiers":"49152","#text":"16394"},"Version":"0","Level":"4","Task":"0","Opcode":"0","Keywords":"0x80000000000000","TimeCreated":{"@SystemTime":"2025-05-01 15:52:02.0170110"},"EventRecordID":"4695","Correlation":null,"Execution":{"@ProcessID":"0","@ThreadID":"0"},"Channel":"Application","Computer":"Server002","Security":null},"EventData":{"Data":"","Binary":""}}}
{"Event":{"System":{"Provider":{"@Name":"Microsoft-Windows-Security-SPP","@Guid":"{E23B33B0-C8C9-472C-A5F9-F2BDFEA0F156}","@EventSourceName":"Software Protection Platform Service"},"EventID":{"@Qualifiers":"16384","#text":"16384"},"Version":"0","Level":"4","Task":"0","Opcode":"0","Keywords":"0x80000000000000","TimeCreated":{"@SystemTime":"2025-05-01 15:52:44.9135435"},"EventRecordID":"4696","Correlation":null,"Execution":{"@ProcessID":"0","@ThreadID":"0"},"Channel":"Application","Computer":"Server002","Security":null},"EventData":{"Data":"2025-05-02T04:13:44Z, RulesEngine","Binary":""}}}
{"Event":{"System":{"Provider":{"@Name":"SecurityCenter"},"EventID":{"@Qualifiers":"0","#text":"15"},"Version":"0","Level":"4","Task":"0","Opcode":"0","Keywords":"0x80000000000000","TimeCreated":{"@SystemTime":"2025-05-01 16:32:55.6159729"},"EventRecordID":"4697","Correlation":null,"Execution":{"@ProcessID":"0","@ThreadID":"0"},"Channel":"Application","Computer":"Server002","Security":null},"EventData":{"Data":"Windows Defender, SECURITY_PRODUCT_STATE_ON","Binary":""}}}
{"Event":{"System":{"Provider":{"@Name":"Microsoft-Windows-Security-SPP","@Guid":"{E23B33B0-C8C9-472C-A5F9-F2BDFEA0F156}","@EventSourceName":"Software Protection Platform Service"},"EventID":{"@Qualifiers":"49152","#text":"16394"},"Version":"0","Level":"4","Task":"0","Opcode":"0","Keywords":"0x80000000000000","TimeCreated":{"@SystemTime":"2025-05-01 16:33:10.1996093"},"EventRecordID":"4698","Correlation":null,"Execution":{"@ProcessID":"0","@ThreadID":"0"},"Channel":"Application","Computer":"Server002","Security":null},"EventData":{"Data":"","Binary":""}}}
{"Event":{"System":{"Provider":{"@Name":"Microsoft-Windows-Security-SPP","@Guid":"{E23B33B0-C8C9-472C-A5F9-F2BDFEA0F156}","@EventSourceName":"Software Protection Platform Service"},"EventID":{"@Qualifiers":"16384","#text":"16384"},"Version":"0","Level":"4","Task":"0","Opcode":"0","Keywords":"0x80000000000000","TimeCreated":{"@SystemTime":"2025-05-01 16:33:34.2681961"},"EventRecordID":"4699","Correlation":null,"Execution":{"@ProcessID":"0","@ThreadID":"0"},"Channel":"Application","Computer":"Server002","Security":null},"EventData":{"Data":"2025-05-02T04:13:34Z, RulesEngine","Binary":""}}}
{"Event":{"System":{"Provider":{"@Name":"SecurityCenter"},"EventID":{"@Qualifiers":"0","#text":"15"},"Version":"0","Level":"4","Task":"0","Opcode":"0","Keywords":"0x80000000000000","TimeCreated":{"@SystemTime":"2025-05-01 16:35:06.6788934"},"EventRecordID":"4700","Correlation":null,"Execution":{"@ProcessID":"0","@ThreadID":"0"},"Channel":"Application","Computer":"Server002","Security":null},"EventData":{"Data":"Windows Defender, SECURITY_PRODUCT_STATE_ON","Binary":""}}}
{"Event":{"System":{"Provider":{"@Name":"Microsoft-Windows-Security-SPP","@Guid":"{E23B33B0-C8C9-472C-A5F9-F2BDFEA0F156}","@EventSourceName":"Software Protection Platform Service"},"EventID":{"@Qualifiers":"49152","#text":"16394"},"Version":"0","Level":"4","Task":"0","Opcode":"0","Keywords":"0x80000000000000","TimeCreated":{"@SystemTime":"2025-05-01 16:56:00.7333034"},"EventRecordID":"4701","Correlation":null,"Execution":{"@ProcessID":"0","@ThreadID":"0"},"Channel":"Application","Computer":"Server002","Security":null},"EventData":{"Data":"","Binary":""}}}
{"Event":{"System":{"Provider":{"@Name":"Microsoft-Windows-Security-SPP","@Guid":"{E23B33B0-C8C9-472C-A5F9-F2BDFEA0F156}","@EventSourceName":"Software Protection Platform Service"},"EventID":{"@Qualifiers":"16384","#text":"16384"},"Version":"0","Level":"4","Task":"0","Opcode":"0","Keywords":"0x80000000000000","TimeCreated":{"@SystemTime":"2025-05-01 16:56:17.1169903"},"EventRecordID":"4702","Correlation":null,"Execution":{"@ProcessID":"0","@ThreadID":"0"},"Channel":"Application","Computer":"Server002","Security":null},"EventData":{"Data":"2025-05-02T04:13:17Z, RulesEngine","Binary":""}}}
{"Event":{"System":{"Provider":{"@Name":"Microsoft-Windows-Security-SPP","@Guid":"{E23B33B0-C8C9-472C-A5F9-F2BDFEA0F156}","@EventSourceName":"Software Protection Platform Service"},"EventID":{"@Qualifiers":"49152","#text":"16394"},"Version":"0","Level":"4","Task":"0","Opcode":"0","Keywords":"0x80000000000000","TimeCreated":{"@SystemTime":"2025-05-01 17:45:34.5576779"},"EventRecordID":"4703","Correlation":null,"Execution":{"@ProcessID":"0","@ThreadID":"0"},"Channel":"Application","Computer":"Server002","Security":null},"EventData":{"Data":"","Binary":""}}}
{"Event":{"System":{"Provider":{"@Name":"Microsoft-Windows-Security-SPP","@Guid":"{E23B33B0-C8C9-472C-A5F9-F2BDFEA0F156}","@EventSourceName":"Software Protection Platform Service"},"EventID":{"@Qualifiers":"16384","#text":"16384"},"Version":"0","Level":"4","Task":"0","Opcode":"0","Keywords":"0x80000000000000","TimeCreated":{"@SystemTime":"2025-05-01 17:46:02.1846298"},"EventRecordID":"4704","Correlation":null,"Execution":{"@ProcessID":"0","@ThreadID":"0"},"Channel":"Application","Computer":"Server002","Security":null},"EventData":{"Data":"2025-05-02T04:13:02Z, RulesEngine","Binary":""}}}
{"Event":{"System":{"Provider":{"@Name":"Microsoft-Windows-Security-SPP","@Guid":"{E23B33B0-C8C9-472C-A5F9-F2BDFEA0F156}","@EventSourceName":"Software Protection Platform Service"},"EventID":{"@Qualifiers":"49152","#text":"16394"},"Version":"0","Level":"4","Task":"0","Opcode":"0","Keywords":"0x80000000000000","TimeCreated":{"@SystemTime":"2025-05-01 18:11:01.1948234"},"EventRecordID":"4705","Correlation":null,"Execution":{"@ProcessID":"0","@ThreadID":"0"},"Channel":"Application","Computer":"Server002","Security":null},"EventData":{"Data":"","Binary":""}}}
