{"Event":{"System":{"Provider":{"@Name":"Microsoft-Windows-Sysmon","@Guid":"5770385f-c22a-43e0-bf4c-06f5698ffbd9"},"EventID":"1","Version":"5","Level":"4","Task":"1","Opcode":"0","Keywords":"0x8000000000000000","TimeCreated":{"@SystemTime":"2025-04-18 14:52:23.1667840"},"EventRecordID":"32362","Correlation":null,"Execution":{"@ProcessID":"3112","@ThreadID":"4188"},"Channel":"Microsoft-Windows-Sysmon/Operational","Computer":"Server002","Security":{"@UserID":"S-1-5-18"}},"EventData":{"Data":[{"@Name":"RuleName","#text":"-"},{"@Name":"UtcTime","#text":"2025-04-18 14:52:23.162"},{"@Name":"ProcessGuid","#text":"dbf410b3-6727-6802-9704-000000003e00"},{"@Name":"ProcessId","#text":"11880"},{"@Name":"Image","#text":"C:\\Program Files (x86)\\Microsoft\\Edge\\Application\\msedge.exe"},{"@Name":"FileVersion","#text":"135.0.3179.73"},{"@Name":"Description","#text":"Microsoft Edge"},{"@Name":"Product","#text":"Microsoft Edge"},{"@Name":"Company","#text":"Microsoft Corporation"},{"@Name":"OriginalFileName","#text":"msedge.exe"},{"@Name":"CommandLine","#text":"\"C:\\Program Files (x86)\\Microsoft\\Edge\\Application\\msedge.exe\" --type=utility --utility-sub-type=asset_store.mojom.AssetStoreService --lang=en-GB --service-sandbox-type=asset_store_service --always-read-main-dll --field-trial-handle=2080,i,9070747500896674652,7921161064407415454,262144 --variations-seed-version --mojo-platform-channel-handle=4368 /prefetch:8"},{"@Name":"CurrentDirectory","#text":"C:\\Program Files (x86)\\Microsoft\\Edge\\Application\\135.0.3179.73\\"},{"@Name":"User","#text":"SERVER002\\lplui"},{"@Name":"LogonGuid","#text":"dbf410b3-1bf3-6802-b583-030000000000"},{"@Name":"LogonId","#text":"0x383B5"},{"@Name":"TerminalSessionId","#text":"1"},{"@Name":"IntegrityLevel","#text":"Low"},{"@Name":"Hashes","#text":"SHA256=C8081A749E80FE9CA91EA495B765EAE0CB850513558AB106FC29FB0D3816616C"},{"@Name":"ParentProcessGuid","#text":"dbf410b3-6671-6802-7604-000000003e00"},{"@Name":"ParentProcessId","#text":"12184"},{"@Name":"ParentImage","#text":"C:\\Program Files (x86)\\Microsoft\\Edge\\Application\\msedge.exe"},{"@Name":"ParentCommandLine","#text":"\"C:\\Program Files (x86)\\Microsoft\\Edge\\Application\\msedge.exe\" --no-startup-window"},{"@Name":"ParentUser","#text":"SERVER002\\lplui"}]}}}
{"Event":{"System":{"Provider":{"@Name":"Microsoft-Windows-Sysmon","@Guid":"5770385f-c22a-43e0-bf4c-06f5698ffbd9"},"EventID":"5","Version":"3","Level":"4","Task":"5","Opcode":"0","Keywords":"0x8000000000000000","TimeCreated":{"@SystemTime":"2025-04-18 14:52:25.4966856"},"EventRecordID":"32363","Correlation":null,"Execution":{"@ProcessID":"3112","@ThreadID":"4188"},"Channel":"Microsoft-Windows-Sysmon/Operational","Computer":"Server002","Security":{"@UserID":"S-1-5-18"}},"EventData":{"Data":[{"@Name":"RuleName","#text":"-"},{"@Name":"UtcTime","#text":"2025-04-18 14:52:25.489"},{"@Name":"ProcessGuid","#text":"dbf410b3-6722-6802-9604-000000003e00"},{"@Name":"ProcessId","#text":"10748"},{"@Name":"Image","#text":"C:\\Program Files\\Microsoft OneDrive\\25.056.0324.0003\\FileCoAuth.exe"},{"@Name":"User","#text":"SERVER002\\lplui"}]}}}
{"Event":{"System":{"Provider":{"@Name":"Microsoft-Windows-Sysmon","@Guid":"5770385f-c22a-43e0-bf4c-06f5698ffbd9"},"EventID":"5","Version":"3","Level":"4","Task":"5","Opcode":"0","Keywords":"0x8000000000000000","TimeCreated":{"@SystemTime":"2025-04-18 14:52:45.1697226"},"EventRecordID":"32364","Correlation":null,"Execution":{"@ProcessID":"3112","@ThreadID":"4188"},"Channel":"Microsoft-Windows-Sysmon/Operational","Computer":"Server002","Security":{"@UserID":"S-1-5-18"}},"EventData":{"Data":[{"@Name":"RuleName","#text":"-"},{"@Name":"UtcTime","#text":"2025-04-18 14:52:45.157"},{"@Name":"ProcessGuid","#text":"dbf410b3-66af-6802-8a04-000000003e00"},{"@Name":"ProcessId","#text":"12100"},{"@Name":"Image","#text":"C:\\Windows\\System32\\svchost.exe"},{"@Name":"User","#text":"NT AUTHORITY\\SYSTEM"}]}}}
{"Event":{"System":{"Provider":{"@Name":"Microsoft-Windows-Sysmon","@Guid":"5770385f-c22a-43e0-bf4c-06f5698ffbd9"},"EventID":"1","Version":"5","Level":"4","Task":"1","Opcode":"0","Keywords":"0x8000000000000000","TimeCreated":{"@SystemTime":"2025-04-18 14:52:47.3672037"},"EventRecordID":"32365","Correlation":null,"Execution":{"@ProcessID":"3112","@ThreadID":"4188"},"Channel":"Microsoft-Windows-Sysmon/Operational","Computer":"Server002","Security":{"@UserID":"S-1-5-18"}},"EventData":{"Data":[{"@Name":"RuleName","#text":"-"},{"@Name":"UtcTime","#text":"2025-04-18 14:52:47.329"},{"@Name":"ProcessGuid","#text":"dbf410b3-673f-6802-9804-000000003e00"},{"@Name":"ProcessId","#text":"12944"},{"@Name":"Image","#text":"C:\\Windows\\System32\\VBoxService.exe"},{"@Name":"FileVersion","#text":"7.0.18.162988"},{"@Name":"Description","#text":"VirtualBox Guest Additions Service"},{"@Name":"Product","#text":"Oracle VM VirtualBox Guest Additions"},{"@Name":"Company","#text":"Oracle and/or its affiliates"},{"@Name":"OriginalFileName","#text":"VBoxService.exe"},{"@Name":"CommandLine","#text":"C:\\Windows\\System32\\VBoxService.exe guestsession --session-id=1 --session-proto=2 --user testing"},{"@Name":"CurrentDirectory","#text":"C:\\Windows\\system32\\"},{"@Name":"User","#text":"SERVER002\\testing"},{"@Name":"LogonGuid","#text":"dbf410b3-673f-6802-9e36-1c0100000000"},{"@Name":"LogonId","#text":"0x11C369E"},{"@Name":"TerminalSessionId","#text":"0"},{"@Name":"IntegrityLevel","#text":"Medium"},{"@Name":"Hashes","#text":"SHA256=2A4F84FFFDB283588DC9C771A9FB1900559180CE6EDE597C3195E21F1F9D676E"},{"@Name":"ParentProcessGuid","#text":"dbf410b3-380b-6802-2400-000000003e00"},{"@Name":"ParentProcessId","#text":"1668"},{"@Name":"ParentImage","#text":"C:\\Windows\\System32\\VBoxService.exe"},{"@Name":"ParentCommandLine","#text":"C:\\Windows\\System32\\VBoxService.exe"},{"@Name":"ParentUser","#text":"NT AUTHORITY\\SYSTEM"}]}}}
{"Event":{"System":{"Provider":{"@Name":"Microsoft-Windows-Sysmon","@Guid":"5770385f-c22a-43e0-bf4c-06f5698ffbd9"},"EventID":"1","Version":"5","Level":"4","Task":"1","Opcode":"0","Keywords":"0x8000000000000000","TimeCreated":{"@SystemTime":"2025-04-18 14:52:47.3689655"},"EventRecordID":"32366","Correlation":null,"Execution":{"@ProcessID":"3112","@ThreadID":"4188"},"Channel":"Microsoft-Windows-Sysmon/Operational","Computer":"Server002","Security":{"@UserID":"S-1-5-18"}},"EventData":{"Data":[{"@Name":"RuleName","#text":"-"},{"@Name":"UtcTime","#text":"2025-04-18 14:52:47.361"},{"@Name":"ProcessGuid","#text":"dbf410b3-673f-6802-9904-000000003e00"},{"@Name":"ProcessId","#text":"1028"},{"@Name":"Image","#text":"C:\\Windows\\System32\\conhost.exe"},{"@Name":"FileVersion","#text":"10.0.19041.5198 (WinBuild.160101.0800)"},{"@Name":"Description","#text":"Console Window Host"},{"@Name":"Product","#text":"Microsoft® Windows® Operating System"},{"@Name":"Company","#text":"Microsoft Corporation"},{"@Name":"OriginalFileName","#text":"CONHOST.EXE"},{"@Name":"CommandLine","#text":"\\??\\C:\\Windows\\system32\\conhost.exe 0xffffffff -ForceV1"},{"@Name":"CurrentDirectory","#text":"C:\\Windows"},{"@Name":"User","#text":"SERVER002\\testing"},{"@Name":"LogonGuid","#text":"dbf410b3-673f-6802-9e36-1c0100000000"},{"@Name":"LogonId","#text":"0x11C369E"},{"@Name":"TerminalSessionId","#text":"0"},{"@Name":"IntegrityLevel","#text":"Medium"},{"@Name":"Hashes","#text":"SHA256=B02EE54FB2EC69673386D41119EE8ED083A6EAB3BFCA6AA2155D20CE68EF8963"},{"@Name":"ParentProcessGuid","#text":"dbf410b3-673f-6802-9804-000000003e00"},{"@Name":"ParentProcessId","#text":"12944"},{"@Name":"ParentImage","#text":"C:\\Windows\\System32\\VBoxService.exe"},{"@Name":"ParentCommandLine","#text":"C:\\Windows\\System32\\VBoxService.exe guestsession --session-id=1 --session-proto=2 --user testing"},{"@Name":"ParentUser","#text":"SERVER002\\testing"}]}}}
{"Event":{"System":{"Provider":{"@Name":"Microsoft-Windows-Sysmon","@Guid":"5770385f-c22a-43e0-bf4c-06f5698ffbd9"},"EventID":"1","Version":"5","Level":"4","Task":"1","Opcode":"0","Keywords":"0x8000000000000000","TimeCreated":{"@SystemTime":"2025-04-18 14:52:47.4559193"},"EventRecordID":"32367","Correlation":null,"Execution":{"@ProcessID":"3112","@ThreadID":"4188"},"Channel":"Microsoft-Windows-Sysmon/Operational","Computer":"Server002","Security":{"@UserID":"S-1-5-18"}},"EventData":{"Data":[{"@Name":"RuleName","#text":"-"},{"@Name":"UtcTime","#text":"2025-04-18 14:52:47.451"},{"@Name":"ProcessGuid","#text":"dbf410b3-673f-6802-9a04-000000003e00"},{"@Name":"ProcessId","#text":"5808"},{"@Name":"Image","#text":"C:\\Windows\\System32\\VBoxService.exe"},{"@Name":"FileVersion","#text":"7.0.18.162988"},{"@Name":"Description","#text":"VirtualBox Guest Additions Service"},{"@Name":"Product","#text":"Oracle VM VirtualBox Guest Additions"},{"@Name":"Company","#text":"Oracle and/or its affiliates"},{"@Name":"OriginalFileName","#text":"VBoxService.exe"},{"@Name":"CommandLine","#text":"vbox_stat --machinereadable -- A:/"},{"@Name":"CurrentDirectory","#text":"C:\\Windows\\system32\\"},{"@Name":"User","#text":"SERVER002\\testing"},{"@Name":"LogonGuid","#text":"dbf410b3-673f-6802-9e36-1c0100000000"},{"@Name":"LogonId","#text":"0x11C369E"},{"@Name":"TerminalSessionId","#text":"0"},{"@Name":"IntegrityLevel","#text":"Medium"},{"@Name":"Hashes","#text":"SHA256=2A4F84FFFDB283588DC9C771A9FB1900559180CE6EDE597C3195E21F1F9D676E"},{"@Name":"ParentProcessGuid","#text":"dbf410b3-673f-6802-9804-000000003e00"},{"@Name":"ParentProcessId","#text":"12944"},{"@Name":"ParentImage","#text":"C:\\Windows\\System32\\VBoxService.exe"},{"@Name":"ParentCommandLine","#text":"C:\\Windows\\System32\\VBoxService.exe guestsession --session-id=1 --session-proto=2 --user testing"},{"@Name":"ParentUser","#text":"SERVER002\\testing"}]}}}
{"Event":{"System":{"Provider":{"@Name":"Microsoft-Windows-Sysmon","@Guid":"5770385f-c22a-43e0-bf4c-06f5698ffbd9"},"EventID":"5","Version":"3","Level":"4","Task":"5","Opcode":"0","Keywords":"0x8000000000000000","TimeCreated":{"@SystemTime":"2025-04-18 14:52:47.4729239"},"EventRecordID":"32368","Correlation":null,"Execution":{"@ProcessID":"3112","@ThreadID":"4188"},"Channel":"Microsoft-Windows-Sysmon/Operational","Computer":"Server002","Security":{"@UserID":"S-1-5-18"}},"EventData":{"Data":[{"@Name":"RuleName","#text":"-"},{"@Name":"UtcTime","#text":"2025-04-18 14:52:47.469"},{"@Name":"ProcessGuid","#text":"dbf410b3-673f-6802-9a04-000000003e00"},{"@Name":"ProcessId","#text":"5808"},{"@Name":"Image","#text":"C:\\Windows\\System32\\VBoxService.exe"},{"@Name":"User","#text":"SERVER002\\testing"}]}}}
{"Event":{"System":{"Provider":{"@Name":"Microsoft-Windows-Sysmon","@Guid":"5770385f-c22a-43e0-bf4c-06f5698ffbd9"},"EventID":"1","Version":"5","Level":"4","Task":"1","Opcode":"0","Keywords":"0x8000000000000000","TimeCreated":{"@SystemTime":"2025-04-18 14:52:47.4837157"},"EventRecordID":"32369","Correlation":null,"Execution":{"@ProcessID":"3112","@ThreadID":"4188"},"Channel":"Microsoft-Windows-Sysmon/Operational","Computer":"Server002","Security":{"@UserID":"S-1-5-18"}},"EventData":{"Data":[{"@Name":"RuleName","#text":"-"},{"@Name":"UtcTime","#text":"2025-04-18 14:52:47.480"},{"@Name":"ProcessGuid","#text":"dbf410b3-673f-6802-9b04-000000003e00"},{"@Name":"ProcessId","#text":"12068"},{"@Name":"Image","#text":"C:\\Windows\\System32\\VBoxService.exe"},{"@Name":"FileVersion","#text":"7.0.18.162988"},{"@Name":"Description","#text":"VirtualBox Guest Additions Service"},{"@Name":"Product","#text":"Oracle VM VirtualBox Guest Additions"},{"@Name":"Company","#text":"Oracle and/or its affiliates"},{"@Name":"OriginalFileName","#text":"VBoxService.exe"},{"@Name":"CommandLine","#text":"vbox_stat --machinereadable -- B:/"},{"@Name":"CurrentDirectory","#text":"C:\\Windows\\system32\\"},{"@Name":"User","#text":"SERVER002\\testing"},{"@Name":"LogonGuid","#text":"dbf410b3-673f-6802-9e36-1c0100000000"},{"@Name":"LogonId","#text":"0x11C369E"},{"@Name":"TerminalSessionId","#text":"0"},{"@Name":"IntegrityLevel","#text":"Medium"},{"@Name":"Hashes","#text":"SHA256=2A4F84FFFDB283588DC9C771A9FB1900559180CE6EDE597C3195E21F1F9D676E"},{"@Name":"ParentProcessGuid","#text":"dbf410b3-673f-6802-9804-000000003e00"},{"@Name":"ParentProcessId","#text":"12944"},{"@Name":"ParentImage","#text":"C:\\Windows\\System32\\VBoxService.exe"},{"@Name":"ParentCommandLine","#text":"C:\\Windows\\System32\\VBoxService.exe guestsession --session-id=1 --session-proto=2 --user testing"},{"@Name":"ParentUser","#text":"SERVER002\\testing"}]}}}
{"Event":{"System":{"Provider":{"@Name":"Microsoft-Windows-Sysmon","@Guid":"5770385f-c22a-43e0-bf4c-06f5698ffbd9"},"EventID":"5","Version":"3","Level":"4","Task":"5","Opcode":"0","Keywords":"0x8000000000000000","TimeCreated":{"@SystemTime":"2025-04-18 14:52:47.5025830"},"EventRecordID":"32370","Correlation":null,"Execution":{"@ProcessID":"3112","@ThreadID":"4188"},"Channel":"Microsoft-Windows-Sysmon/Operational","Computer":"Server002","Security":{"@UserID":"S-1-5-18"}},"EventData":{"Data":[{"@Name":"RuleName","#text":"-"},{"@Name":"UtcTime","#text":"2025-04-18 14:52:47.501"},{"@Name":"ProcessGuid","#text":"dbf410b3-673f-6802-9b04-000000003e00"},{"@Name":"ProcessId","#text":"12068"},{"@Name":"Image","#text":"C:\\Windows\\System32\\VBoxService.exe"},{"@Name":"User","#text":"SERVER002\\testing"}]}}}
{"Event":{"System":{"Provider":{"@Name":"Microsoft-Windows-Sysmon","@Guid":"5770385f-c22a-43e0-bf4c-06f5698ffbd9"},"EventID":"1","Version":"5","Level":"4","Task":"1","Opcode":"0","Keywords":"0x8000000000000000","TimeCreated":{"@SystemTime":"2025-04-18 14:52:47.5164065"},"EventRecordID":"32371","Correlation":null,"Execution":{"@ProcessID":"3112","@ThreadID":"4188"},"Channel":"Microsoft-Windows-Sysmon/Operational","Computer":"Server002","Security":{"@UserID":"S-1-5-18"}},"EventData":{"Data":[{"@Name":"RuleName","#text":"-"},{"@Name":"UtcTime","#text":"2025-04-18 14:52:47.512"},{"@Name":"ProcessGuid","#text":"dbf410b3-673f-6802-9c04-000000003e00"},{"@Name":"ProcessId","#text":"192"},{"@Name":"Image","#text":"C:\\Windows\\System32\\VBoxService.exe"},{"@Name":"FileVersion","#text":"7.0.18.162988"},{"@Name":"Description","#text":"VirtualBox Guest Additions Service"},{"@Name":"Product","#text":"Oracle VM VirtualBox Guest Additions"},{"@Name":"Company","#text":"Oracle and/or its affiliates"},{"@Name":"OriginalFileName","#text":"VBoxService.exe"},{"@Name":"CommandLine","#text":"vbox_stat --machinereadable -- C:/"},{"@Name":"CurrentDirectory","#text":"C:\\Windows\\system32\\"},{"@Name":"User","#text":"SERVER002\\testing"},{"@Name":"LogonGuid","#text":"dbf410b3-673f-6802-9e36-1c0100000000"},{"@Name":"LogonId","#text":"0x11C369E"},{"@Name":"TerminalSessionId","#text":"0"},{"@Name":"IntegrityLevel","#text":"Medium"},{"@Name":"Hashes","#text":"SHA256=2A4F84FFFDB283588DC9C771A9FB1900559180CE6EDE597C3195E21F1F9D676E"},{"@Name":"ParentProcessGuid","#text":"dbf410b3-673f-6802-9804-000000003e00"},{"@Name":"ParentProcessId","#text":"12944"},{"@Name":"ParentImage","#text":"C:\\Windows\\System32\\VBoxService.exe"},{"@Name":"ParentCommandLine","#text":"C:\\Windows\\System32\\VBoxService.exe guestsession --session-id=1 --session-proto=2 --user testing"},{"@Name":"ParentUser","#text":"SERVER002\\testing"}]}}}
{"Event":{"System":{"Provider":{"@Name":"Microsoft-Windows-Sysmon","@Guid":"5770385f-c22a-43e0-bf4c-06f5698ffbd9"},"EventID":"5","Version":"3","Level":"4","Task":"5","Opcode":"0","Keywords":"0x8000000000000000","TimeCreated":{"@SystemTime":"2025-04-18 14:52:47.5357486"},"EventRecordID":"32372","Correlation":null,"Execution":{"@ProcessID":"3112","@ThreadID":"4188"},"Channel":"Microsoft-Windows-Sysmon/Operational","Computer":"Server002","Security":{"@UserID":"S-1-5-18"}},"EventData":{"Data":[{"@Name":"RuleName","#text":"-"},{"@Name":"UtcTime","#text":"2025-04-18 14:52:47.532"},{"@Name":"ProcessGuid","#text":"dbf410b3-673f-6802-9c04-000000003e00"},{"@Name":"ProcessId","#text":"192"},{"@Name":"Image","#text":"C:\\Windows\\System32\\VBoxService.exe"},{"@Name":"User","#text":"SERVER002\\testing"}]}}}
{"Event":{"System":{"Provider":{"@Name":"Microsoft-Windows-Sysmon","@Guid":"5770385f-c22a-43e0-bf4c-06f5698ffbd9"},"EventID":"1","Version":"5","Level":"4","Task":"1","Opcode":"0","Keywords":"0x8000000000000000","TimeCreated":{"@SystemTime":"2025-04-18 14:52:47.5490245"},"EventRecordID":"32373","Correlation":null,"Execution":{"@ProcessID":"3112","@ThreadID":"4188"},"Channel":"Microsoft-Windows-Sysmon/Operational","Computer":"Server002","Security":{"@UserID":"S-1-5-18"}},"EventData":{"Data":[{"@Name":"RuleName","#text":"-"},{"@Name":"UtcTime","#text":"2025-04-18 14:52:47.544"},{"@Name":"ProcessGuid","#text":"dbf410b3-673f-6802-9d04-000000003e00"},{"@Name":"ProcessId","#text":"3572"},{"@Name":"Image","#text":"C:\\Windows\\System32\\VBoxService.exe"},{"@Name":"FileVersion","#text":"7.0.18.162988"},{"@Name":"Description","#text":"VirtualBox Guest Additions Service"},{"@Name":"Product","#text":"Oracle VM VirtualBox Guest Additions"},{"@Name":"Company","#text":"Oracle and/or its affiliates"},{"@Name":"OriginalFileName","#text":"VBoxService.exe"},{"@Name":"CommandLine","#text":"vbox_stat --machinereadable -- D:/"},{"@Name":"CurrentDirectory","#text":"C:\\Windows\\system32\\"},{"@Name":"User","#text":"SERVER002\\testing"},{"@Name":"LogonGuid","#text":"dbf410b3-673f-6802-9e36-1c0100000000"},{"@Name":"LogonId","#text":"0x11C369E"},{"@Name":"TerminalSessionId","#text":"0"},{"@Name":"IntegrityLevel","#text":"Medium"},{"@Name":"Hashes","#text":"SHA256=2A4F84FFFDB283588DC9C771A9FB1900559180CE6EDE597C3195E21F1F9D676E"},{"@Name":"ParentProcessGuid","#text":"dbf410b3-673f-6802-9804-000000003e00"},{"@Name":"ParentProcessId","#text":"12944"},{"@Name":"ParentImage","#text":"C:\\Windows\\System32\\VBoxService.exe"},{"@Name":"ParentCommandLine","#text":"C:\\Windows\\System32\\VBoxService.exe guestsession --session-id=1 --session-proto=2 --user testing"},{"@Name":"ParentUser","#text":"SERVER002\\testing"}]}}}
{"Event":{"System":{"Provider":{"@Name":"Microsoft-Windows-Sysmon","@Guid":"5770385f-c22a-43e0-bf4c-06f5698ffbd9"},"EventID":"5","Version":"3","Level":"4","Task":"5","Opcode":"0","Keywords":"0x8000000000000000","TimeCreated":{"@SystemTime":"2025-04-18 14:52:47.5697477"},"EventRecordID":"32374","Correlation":null,"Execution":{"@ProcessID":"3112","@ThreadID":"4188"},"Channel":"Microsoft-Windows-Sysmon/Operational","Computer":"Server002","Security":{"@UserID":"S-1-5-18"}},"EventData":{"Data":[{"@Name":"RuleName","#text":"-"},{"@Name":"UtcTime","#text":"2025-04-18 14:52:47.563"},{"@Name":"ProcessGuid","#text":"dbf410b3-673f-6802-9d04-000000003e00"},{"@Name":"ProcessId","#text":"3572"},{"@Name":"Image","#text":"C:\\Windows\\System32\\VBoxService.exe"},{"@Name":"User","#text":"SERVER002\\testing"}]}}}
{"Event":{"System":{"Provider":{"@Name":"Microsoft-Windows-Sysmon","@Guid":"5770385f-c22a-43e0-bf4c-06f5698ffbd9"},"EventID":"1","Version":"5","Level":"4","Task":"1","Opcode":"0","Keywords":"0x8000000000000000","TimeCreated":{"@SystemTime":"2025-04-18 14:52:47.5830675"},"EventRecordID":"32375","Correlation":null,"Execution":{"@ProcessID":"3112","@ThreadID":"4188"},"Channel":"Microsoft-Windows-Sysmon/Operational","Computer":"Server002","Security":{"@UserID":"S-1-5-18"}},"EventData":{"Data":[{"@Name":"RuleName","#text":"-"},{"@Name":"UtcTime","#text":"2025-04-18 14:52:47.577"},{"@Name":"ProcessGuid","#text":"dbf410b3-673f-6802-9e04-000000003e00"},{"@Name":"ProcessId","#text":"10552"},{"@Name":"Image","#text":"C:\\Windows\\System32\\VBoxService.exe"},{"@Name":"FileVersion","#text":"7.0.18.162988"},{"@Name":"Description","#text":"VirtualBox Guest Additions Service"},{"@Name":"Product","#text":"Oracle VM VirtualBox Guest Additions"},{"@Name":"Company","#text":"Oracle and/or its affiliates"},{"@Name":"OriginalFileName","#text":"VBoxService.exe"},{"@Name":"CommandLine","#text":"vbox_stat --machinereadable -- E:/"},{"@Name":"CurrentDirectory","#text":"C:\\Windows\\system32\\"},{"@Name":"User","#text":"SERVER002\\testing"},{"@Name":"LogonGuid","#text":"dbf410b3-673f-6802-9e36-1c0100000000"},{"@Name":"LogonId","#text":"0x11C369E"},{"@Name":"TerminalSessionId","#text":"0"},{"@Name":"IntegrityLevel","#text":"Medium"},{"@Name":"Hashes","#text":"SHA256=2A4F84FFFDB283588DC9C771A9FB1900559180CE6EDE597C3195E21F1F9D676E"},{"@Name":"ParentProcessGuid","#text":"dbf410b3-673f-6802-9804-000000003e00"},{"@Name":"ParentProcessId","#text":"12944"},{"@Name":"ParentImage","#text":"C:\\Windows\\System32\\VBoxService.exe"},{"@Name":"ParentCommandLine","#text":"C:\\Windows\\System32\\VBoxService.exe guestsession --session-id=1 --session-proto=2 --user testing"},{"@Name":"ParentUser","#text":"SERVER002\\testing"}]}}}
{"Event":{"System":{"Provider":{"@Name":"Microsoft-Windows-Sysmon","@Guid":"5770385f-c22a-43e0-bf4c-06f5698ffbd9"},"EventID":"5","Version":"3","Level":"4","Task":"5","Opcode":"0","Keywords":"0x8000000000000000","TimeCreated":{"@SystemTime":"2025-04-18 14:52:47.6015883"},"EventRecordID":"32376","Correlation":null,"Execution":{"@ProcessID":"3112","@ThreadID":"4188"},"Channel":"Microsoft-Windows-Sysmon/Operational","Computer":"Server002","Security":{"@UserID":"S-1-5-18"}},"EventData":{"Data":[{"@Name":"RuleName","#text":"-"},{"@Name":"UtcTime","#text":"2025-04-18 14:52:47.594"},{"@Name":"ProcessGuid","#text":"dbf410b3-673f-6802-9e04-000000003e00"},{"@Name":"ProcessId","#text":"10552"},{"@Name":"Image","#text":"C:\\Windows\\System32\\VBoxService.exe"},{"@Name":"User","#text":"SERVER002\\testing"}]}}}
