{"Event":{"System":{"Provider":{"@Name":"Microsoft-Windows-WindowsUpdateClient","@Guid":"945a8954-c147-4acd-923f-40c45405a658"},"EventID":"44","Version":"1","Level":"4","Task":"1","Opcode":"12","Keywords":"0x8000000000002004","TimeCreated":{"@SystemTime":"2025-04-16 15:27:46.2678562"},"EventRecordID":"3571","Correlation":null,"Execution":{"@ProcessID":"4400","@ThreadID":"5264"},"Channel":"System","Computer":"Server002","Security":{"@UserID":"S-1-5-18"}},"EventData":{"Data":[{"@Name":"updateTitle","#text":"2024-10 Update for Windows 10 Version 22H2 for x64-based Systems (KB5001716)"},{"@Name":"updateGuid","#text":"da899a52-6192-4d3a-b76d-53b212b02e6d"},{"@Name":"updateRevisionNumber","#text":"200"}]}}}
{"Event":{"System":{"Provider":{"@Name":"Service Control Manager","@Guid":"{555908d1-a6d7-4695-8e1e-26931d2012f4}","@EventSourceName":"Service Control Manager"},"EventID":{"@Qualifiers":"16384","#text":"7040"},"Version":"0","Level":"4","Task":"0","Opcode":"0","Keywords":"0x8080000000000000","TimeCreated":{"@SystemTime":"2025-04-16 15:27:58.5288654"},"EventRecordID":"3572","Correlation":null,"Execution":{"@ProcessID":"676","@ThreadID":"4640"},"Channel":"System","Computer":"Server002","Security":{"@UserID":"S-1-5-18"}},"EventData":{"Data":[{"@Name":"param1","#text":"Background Intelligent Transfer Service"},{"@Name":"param2","#text":"demand start"},{"@Name":"param3","#text":"auto start"},{"@Name":"param4","#text":"BITS"}]}}}
{"Event":{"System":{"Provider":{"@Name":"Microsoft-Windows-Bits-Client","@Guid":"ef1cc15b-46c1-414e-bb95-e76b077bd51e"},"EventID":"16385","Version":"0","Level":"3","Task":"0","Opcode":"0","Keywords":"0x8000000000000000","TimeCreated":{"@SystemTime":"2025-04-16 15:28:08.0837912"},"EventRecordID":"3573","Correlation":null,"Execution":{"@ProcessID":"5676","@ThreadID":"8184"},"Channel":"System","Computer":"Server002","Security":{"@UserID":"S-1-5-18"}},"EventData":{"Data":[{"@Name":"Id","#text":"3df23a97-7aa8-4156-864c-7ef9a404af48"},{"@Name":"Title","#text":"PreSignInSettingsConfigJSON"},{"@Name":"FileList","#text":"    C:\\Users\\testing\\AppData\\Local\\Temp\\BITA822.tmp, "}]}}}
{"Event":{"System":{"Provider":{"@Name":"Microsoft-Windows-Bits-Client","@Guid":"ef1cc15b-46c1-414e-bb95-e76b077bd51e"},"EventID":"16385","Version":"0","Level":"3","Task":"0","Opcode":"0","Keywords":"0x8000000000000000","TimeCreated":{"@SystemTime":"2025-04-16 15:28:08.0867668"},"EventRecordID":"3574","Correlation":null,"Execution":{"@ProcessID":"5676","@ThreadID":"5176"},"Channel":"System","Computer":"Server002","Security":{"@UserID":"S-1-5-18"}},"EventData":{"Data":[{"@Name":"Id","#text":"5234b014-2698-463a-b547-4a61caedaa65"},{"@Name":"Title","#text":"UpdateBinary"},{"@Name":"FileList","#text":"    C:\\Users\\testing\\AppData\\Local\\Temp\\BIT5E23.tmp, "}]}}}
{"Event":{"System":{"Provider":{"@Name":"Microsoft-Windows-Bits-Client","@Guid":"ef1cc15b-46c1-414e-bb95-e76b077bd51e"},"EventID":"16385","Version":"0","Level":"3","Task":"0","Opcode":"0","Keywords":"0x8000000000000000","TimeCreated":{"@SystemTime":"2025-04-16 15:28:08.0880069"},"EventRecordID":"3575","Correlation":null,"Execution":{"@ProcessID":"5676","@ThreadID":"8412"},"Channel":"System","Computer":"Server002","Security":{"@UserID":"S-1-5-18"}},"EventData":{"Data":[{"@Name":"Id","#text":"f885ad13-638e-4e6a-9138-c0cd033e2ba8"},{"@Name":"Title","#text":"Edge Component Updater"},{"@Name":"FileList","#text":"    C:\\Users\\admin_test\\AppData\\Local\\Packages\\microsoft.windows.search_cw5n1h2txyewy\\AC\\Temp\\edge_BITS_6456_1899573762\\c78f9967-7a8c-44b0-ad94-732b63c89638, "}]}}}
{"Event":{"System":{"Provider":{"@Name":"Microsoft-Windows-Bits-Client","@Guid":"ef1cc15b-46c1-414e-bb95-e76b077bd51e"},"EventID":"16385","Version":"0","Level":"3","Task":"0","Opcode":"0","Keywords":"0x8000000000000000","TimeCreated":{"@SystemTime":"2025-04-16 15:28:08.1337193"},"EventRecordID":"3576","Correlation":null,"Execution":{"@ProcessID":"5676","@ThreadID":"7184"},"Channel":"System","Computer":"Server002","Security":{"@UserID":"S-1-5-18"}},"EventData":{"Data":[{"@Name":"Id","#text":"7a2f5412-815c-4c99-97f6-5d6f703fa0a1"},{"@Name":"Title","#text":"Edge Component Updater"},{"@Name":"FileList","#text":"    C:\\Users\\admin_test\\AppData\\Local\\Packages\\microsoft.windows.search_cw5n1h2txyewy\\AC\\Temp\\edge_BITS_6788_2040862241\\0c12dff9-696d-48d4-bbe8-7d8bdad98e65, "}]}}}
{"Event":{"System":{"Provider":{"@Name":"Microsoft-Windows-Kernel-General","@Guid":"a68ca8b7-004f-d7b6-a698-07e2de0f1f5d"},"EventID":"16","Version":"0","Level":"4","Task":"0","Opcode":"0","Keywords":"0x8000000000000000","TimeCreated":{"@SystemTime":"2025-04-16 15:28:50.8410988"},"EventRecordID":"3577","Correlation":null,"Execution":{"@ProcessID":"704","@ThreadID":"6716"},"Channel":"System","Computer":"Server002","Security":{"@UserID":"S-1-5-21-3962163828-2803415714-1403596700-1001"}},"EventData":{"Data":[{"@Name":"HiveNameLength","#text":"93"},{"@Name":"HiveName","#text":"\\??\\C:\\Users\\lplui\\AppData\\Local\\Packages\\Microsoft.ECApp_8wekyb3d8bbwe\\Settings\\settings.dat"},{"@Name":"KeysUpdated","#text":"3"},{"@Name":"DirtyPages","#text":"1"}]}}}
{"Event":{"System":{"Provider":{"@Name":"Microsoft-Windows-WindowsUpdateClient","@Guid":"945a8954-c147-4acd-923f-40c45405a658"},"EventID":"44","Version":"1","Level":"4","Task":"1","Opcode":"12","Keywords":"0x8000000000002004","TimeCreated":{"@SystemTime":"2025-04-16 15:28:58.9964387"},"EventRecordID":"3578","Correlation":null,"Execution":{"@ProcessID":"4400","@ThreadID":"5264"},"Channel":"System","Computer":"Server002","Security":{"@UserID":"S-1-5-18"}},"EventData":{"Data":[{"@Name":"updateTitle","#text":"Windows Malicious Software Removal Tool x64 - v5.132 (KB890830)"},{"@Name":"updateGuid","#text":"193134c5-466d-4762-8633-762e6c70bf6f"},{"@Name":"updateRevisionNumber","#text":"200"}]}}}
{"Event":{"System":{"Provider":{"@Name":"Microsoft-Windows-WindowsUpdateClient","@Guid":"945a8954-c147-4acd-923f-40c45405a658"},"EventID":"44","Version":"1","Level":"4","Task":"1","Opcode":"12","Keywords":"0x8000000000002004","TimeCreated":{"@SystemTime":"2025-04-16 15:28:58.9964419"},"EventRecordID":"3579","Correlation":null,"Execution":{"@ProcessID":"4400","@ThreadID":"5264"},"Channel":"System","Computer":"Server002","Security":{"@UserID":"S-1-5-18"}},"EventData":{"Data":[{"@Name":"updateTitle","#text":"2025-04 Cumulative Update for .NET Framework 3.5, 4.8 and 4.8.1 for Windows 10 Version 22H2 for x64 (KB5055683)"},{"@Name":"updateGuid","#text":"69a23358-8c82-4887-abdc-30c2351e3f4a"},{"@Name":"updateRevisionNumber","#text":"200"}]}}}
{"Event":{"System":{"Provider":{"@Name":"Microsoft-Windows-WindowsUpdateClient","@Guid":"945a8954-c147-4acd-923f-40c45405a658"},"EventID":"44","Version":"1","Level":"4","Task":"1","Opcode":"12","Keywords":"0x8000000000002004","TimeCreated":{"@SystemTime":"2025-04-16 15:29:20.9048093"},"EventRecordID":"3580","Correlation":null,"Execution":{"@ProcessID":"4400","@ThreadID":"5264"},"Channel":"System","Computer":"Server002","Security":{"@UserID":"S-1-5-18"}},"EventData":{"Data":[{"@Name":"updateTitle","#text":"2025-04 Cumulative Update for Windows 10 Version 22H2 for x64-based Systems (KB5055518)"},{"@Name":"updateGuid","#text":"e0c6b190-6d3c-4dbb-9eba-6b185ae139a5"},{"@Name":"updateRevisionNumber","#text":"1"}]}}}
{"Event":{"System":{"Provider":{"@Name":"Microsoft-Windows-Kernel-General","@Guid":"a68ca8b7-004f-d7b6-a698-07e2de0f1f5d"},"EventID":"16","Version":"0","Level":"4","Task":"0","Opcode":"0","Keywords":"0x8000000000000000","TimeCreated":{"@SystemTime":"2025-04-16 15:29:47.0785330"},"EventRecordID":"3581","Correlation":null,"Execution":{"@ProcessID":"704","@ThreadID":"6792"},"Channel":"System","Computer":"Server002","Security":{"@UserID":"S-1-5-21-3962163828-2803415714-1403596700-1001"}},"EventData":{"Data":[{"@Name":"HiveNameLength","#text":"95"},{"@Name":"HiveName","#text":"\\??\\C:\\Users\\lplui\\AppData\\Local\\Packages\\Microsoft.LockApp_cw5n1h2txyewy\\Settings\\settings.dat"},{"@Name":"KeysUpdated","#text":"3"},{"@Name":"DirtyPages","#text":"1"}]}}}
{"Event":{"System":{"Provider":{"@Name":"Microsoft-Windows-Kernel-General","@Guid":"a68ca8b7-004f-d7b6-a698-07e2de0f1f5d"},"EventID":"16","Version":"0","Level":"4","Task":"0","Opcode":"0","Keywords":"0x8000000000000000","TimeCreated":{"@SystemTime":"2025-04-16 15:29:54.7786554"},"EventRecordID":"3582","Correlation":null,"Execution":{"@ProcessID":"704","@ThreadID":"6716"},"Channel":"System","Computer":"Server002","Security":{"@UserID":"S-1-5-21-3962163828-2803415714-1403596700-1001"}},"EventData":{"Data":[{"@Name":"HiveNameLength","#text":"107"},{"@Name":"HiveName","#text":"\\??\\C:\\Users\\lplui\\AppData\\Local\\Packages\\Microsoft.DesktopAppInstaller_8wekyb3d8bbwe\\Settings\\settings.dat"},{"@Name":"KeysUpdated","#text":"3"},{"@Name":"DirtyPages","#text":"1"}]}}}
{"Event":{"System":{"Provider":{"@Name":"Microsoft-Windows-WinRM","@Guid":"{A7975C8F-AC13-49F1-87DA-5A984A4AB417}","@EventSourceName":"WinRM"},"EventID":{"@Qualifiers":"7","#text":"10148"},"Version":"0","Level":"4","Task":"0","Opcode":"0","Keywords":"0x80000000000000","TimeCreated":{"@SystemTime":"2025-04-16 15:29:58.6856929"},"EventRecordID":"3583","Correlation":null,"Execution":{"@ProcessID":"0","@ThreadID":"0"},"Channel":"System","Computer":"Server002","Security":null},"EventData":{"@Name":"Started Listening"}}}
{"Event":{"System":{"Provider":{"@Name":"Microsoft-Windows-WinRM","@Guid":"{A7975C8F-AC13-49F1-87DA-5A984A4AB417}","@EventSourceName":"WinRM"},"EventID":{"@Qualifiers":"7","#text":"10121"},"Version":"0","Level":"4","Task":"0","Opcode":"0","Keywords":"0x80000000000000","TimeCreated":{"@SystemTime":"2025-04-16 15:29:59.1079163"},"EventRecordID":"3584","Correlation":null,"Execution":{"@ProcessID":"0","@ThreadID":"0"},"Channel":"System","Computer":"Server002","Security":null},"EventData":""}}
