{"Event":{"System":{"Provider":{"@Name":"Microsoft-Windows-Sysmon","@Guid":"5770385f-c22a-43e0-bf4c-06f5698ffbd9"},"EventID":"5","Version":"3","Level":"4","Task":"5","Opcode":"0","Keywords":"0x8000000000000000","TimeCreated":{"@SystemTime":"2025-04-16 20:46:34.3883882"},"EventRecordID":"24077","Correlation":null,"Execution":{"@ProcessID":"3196","@ThreadID":"4432"},"Channel":"Microsoft-Windows-Sysmon/Operational","Computer":"Server002","Security":{"@UserID":"S-1-5-18"}},"EventData":{"Data":[{"@Name":"RuleName","#text":"-"},{"@Name":"UtcTime","#text":"2025-04-16 20:46:34.384"},{"@Name":"ProcessGuid","#text":"dbf410b3-1729-6800-1503-000000003c00"},{"@Name":"ProcessId","#text":"9736"},{"@Name":"Image","#text":"C:\\Windows\\System32\\taskhostw.exe"},{"@Name":"User","#text":"SERVER002\\lplui"}]}}}
{"Event":{"System":{"Provider":{"@Name":"Microsoft-Windows-Sysmon","@Guid":"5770385f-c22a-43e0-bf4c-06f5698ffbd9"},"EventID":"1","Version":"5","Level":"4","Task":"1","Opcode":"0","Keywords":"0x8000000000000000","TimeCreated":{"@SystemTime":"2025-04-16 20:46:34.4338892"},"EventRecordID":"24078","Correlation":null,"Execution":{"@ProcessID":"3196","@ThreadID":"4432"},"Channel":"Microsoft-Windows-Sysmon/Operational","Computer":"Server002","Security":{"@UserID":"S-1-5-18"}},"EventData":{"Data":[{"@Name":"RuleName","#text":"-"},{"@Name":"UtcTime","#text":"2025-04-16 20:46:34.422"},{"@Name":"ProcessGuid","#text":"dbf410b3-172a-6800-1903-000000003c00"},{"@Name":"ProcessId","#text":"8760"},{"@Name":"Image","#text":"C:\\Windows\\System32\\svchost.exe"},{"@Name":"FileVersion","#text":"10.0.19041.4355 (WinBuild.160101.0800)"},{"@Name":"Description","#text":"Host Process for Windows Services"},{"@Name":"Product","#text":"Microsoft® Windows® Operating System"},{"@Name":"Company","#text":"Microsoft Corporation"},{"@Name":"OriginalFileName","#text":"svchost.exe"},{"@Name":"CommandLine","#text":"C:\\Windows\\System32\\svchost.exe -k WerSvcGroup"},{"@Name":"CurrentDirectory","#text":"C:\\Windows\\system32\\"},{"@Name":"User","#text":"NT AUTHORITY\\SYSTEM"},{"@Name":"LogonGuid","#text":"dbf410b3-0887-6800-e703-000000000000"},{"@Name":"LogonId","#text":"0x3E7"},{"@Name":"TerminalSessionId","#text":"0"},{"@Name":"IntegrityLevel","#text":"System"},{"@Name":"Hashes","#text":"SHA256=6FC3BF1FDFD76860BE782554F8D25BD32F108DB934D70F4253F1E5F23522E503"},{"@Name":"ParentProcessGuid","#text":"dbf410b3-0887-6800-0b00-000000003c00"},{"@Name":"ParentProcessId","#text":"648"},{"@Name":"ParentImage","#text":"C:\\Windows\\System32\\services.exe"},{"@Name":"ParentCommandLine","#text":"C:\\Windows\\system32\\services.exe"},{"@Name":"ParentUser","#text":"NT AUTHORITY\\SYSTEM"}]}}}
{"Event":{"System":{"Provider":{"@Name":"Microsoft-Windows-Sysmon","@Guid":"5770385f-c22a-43e0-bf4c-06f5698ffbd9"},"EventID":"1","Version":"5","Level":"4","Task":"1","Opcode":"0","Keywords":"0x8000000000000000","TimeCreated":{"@SystemTime":"2025-04-16 20:46:34.4726921"},"EventRecordID":"24079","Correlation":null,"Execution":{"@ProcessID":"3196","@ThreadID":"4432"},"Channel":"Microsoft-Windows-Sysmon/Operational","Computer":"Server002","Security":{"@UserID":"S-1-5-18"}},"EventData":{"Data":[{"@Name":"RuleName","#text":"-"},{"@Name":"UtcTime","#text":"2025-04-16 20:46:34.470"},{"@Name":"ProcessGuid","#text":"dbf410b3-172a-6800-1a03-000000003c00"},{"@Name":"ProcessId","#text":"9336"},{"@Name":"Image","#text":"C:\\Windows\\System32\\WerFault.exe"},{"@Name":"FileVersion","#text":"10.0.19041.4355 (WinBuild.160101.0800)"},{"@Name":"Description","#text":"Windows Problem Reporting"},{"@Name":"Product","#text":"Microsoft® Windows® Operating System"},{"@Name":"Company","#text":"Microsoft Corporation"},{"@Name":"OriginalFileName","#text":"WerFault.exe"},{"@Name":"CommandLine","#text":"C:\\Windows\\system32\\WerFault.exe -pss -s 452 -p 9008 -ip 9008"},{"@Name":"CurrentDirectory","#text":"C:\\Windows\\system32\\"},{"@Name":"User","#text":"NT AUTHORITY\\SYSTEM"},{"@Name":"LogonGuid","#text":"dbf410b3-0887-6800-e703-000000000000"},{"@Name":"LogonId","#text":"0x3E7"},{"@Name":"TerminalSessionId","#text":"0"},{"@Name":"IntegrityLevel","#text":"System"},{"@Name":"Hashes","#text":"SHA256=9A0064029CE405645241C3EABA297F6C8A554E2E899EE7E3DDFA5341B5768475"},{"@Name":"ParentProcessGuid","#text":"dbf410b3-172a-6800-1903-000000003c00"},{"@Name":"ParentProcessId","#text":"8760"},{"@Name":"ParentImage","#text":"C:\\Windows\\System32\\svchost.exe"},{"@Name":"ParentCommandLine","#text":"C:\\Windows\\System32\\svchost.exe -k WerSvcGroup"},{"@Name":"ParentUser","#text":"NT AUTHORITY\\SYSTEM"}]}}}
{"Event":{"System":{"Provider":{"@Name":"Microsoft-Windows-Sysmon","@Guid":"5770385f-c22a-43e0-bf4c-06f5698ffbd9"},"EventID":"5","Version":"3","Level":"4","Task":"5","Opcode":"0","Keywords":"0x8000000000000000","TimeCreated":{"@SystemTime":"2025-04-16 20:46:34.5416901"},"EventRecordID":"24080","Correlation":null,"Execution":{"@ProcessID":"3196","@ThreadID":"4432"},"Channel":"Microsoft-Windows-Sysmon/Operational","Computer":"Server002","Security":{"@UserID":"S-1-5-18"}},"EventData":{"Data":[{"@Name":"RuleName","#text":"-"},{"@Name":"UtcTime","#text":"2025-04-16 20:46:34.540"},{"@Name":"ProcessGuid","#text":"dbf410b3-172a-6800-1a03-000000003c00"},{"@Name":"ProcessId","#text":"9336"},{"@Name":"Image","#text":"C:\\Windows\\System32\\WerFault.exe"},{"@Name":"User","#text":"NT AUTHORITY\\SYSTEM"}]}}}
{"Event":{"System":{"Provider":{"@Name":"Microsoft-Windows-Sysmon","@Guid":"5770385f-c22a-43e0-bf4c-06f5698ffbd9"},"EventID":"1","Version":"5","Level":"4","Task":"1","Opcode":"0","Keywords":"0x8000000000000000","TimeCreated":{"@SystemTime":"2025-04-16 20:46:34.5633024"},"EventRecordID":"24081","Correlation":null,"Execution":{"@ProcessID":"3196","@ThreadID":"4432"},"Channel":"Microsoft-Windows-Sysmon/Operational","Computer":"Server002","Security":{"@UserID":"S-1-5-18"}},"EventData":{"Data":[{"@Name":"RuleName","#text":"-"},{"@Name":"UtcTime","#text":"2025-04-16 20:46:34.559"},{"@Name":"ProcessGuid","#text":"dbf410b3-172a-6800-1c03-000000003c00"},{"@Name":"ProcessId","#text":"2984"},{"@Name":"Image","#text":"C:\\Windows\\System32\\WerFault.exe"},{"@Name":"FileVersion","#text":"10.0.19041.4355 (WinBuild.160101.0800)"},{"@Name":"Description","#text":"Windows Problem Reporting"},{"@Name":"Product","#text":"Microsoft® Windows® Operating System"},{"@Name":"Company","#text":"Microsoft Corporation"},{"@Name":"OriginalFileName","#text":"WerFault.exe"},{"@Name":"CommandLine","#text":"C:\\Windows\\system32\\WerFault.exe -u -p 9008 -s 576"},{"@Name":"CurrentDirectory","#text":"C:\\Windows\\system32\\"},{"@Name":"User","#text":"Window Manager\\DWM-1"},{"@Name":"LogonGuid","#text":"dbf410b3-163e-6800-1ff6-7c0000000000"},{"@Name":"LogonId","#text":"0x7CF61F"},{"@Name":"TerminalSessionId","#text":"1"},{"@Name":"IntegrityLevel","#text":"System"},{"@Name":"Hashes","#text":"SHA256=9A0064029CE405645241C3EABA297F6C8A554E2E899EE7E3DDFA5341B5768475"},{"@Name":"ParentProcessGuid","#text":"dbf410b3-163e-6800-f902-000000003c00"},{"@Name":"ParentProcessId","#text":"9008"},{"@Name":"ParentImage","#text":"C:\\Windows\\System32\\dwm.exe"},{"@Name":"ParentCommandLine","#text":"\"dwm.exe\""},{"@Name":"ParentUser","#text":"Window Manager\\DWM-1"}]}}}
{"Event":{"System":{"Provider":{"@Name":"Microsoft-Windows-Sysmon","@Guid":"5770385f-c22a-43e0-bf4c-06f5698ffbd9"},"EventID":"1","Version":"5","Level":"4","Task":"1","Opcode":"0","Keywords":"0x8000000000000000","TimeCreated":{"@SystemTime":"2025-04-16 20:46:34.6464347"},"EventRecordID":"24082","Correlation":null,"Execution":{"@ProcessID":"3196","@ThreadID":"4432"},"Channel":"Microsoft-Windows-Sysmon/Operational","Computer":"Server002","Security":{"@UserID":"S-1-5-18"}},"EventData":{"Data":[{"@Name":"RuleName","#text":"-"},{"@Name":"UtcTime","#text":"2025-04-16 20:46:34.642"},{"@Name":"ProcessGuid","#text":"dbf410b3-172a-6800-1d03-000000003c00"},{"@Name":"ProcessId","#text":"7640"},{"@Name":"Image","#text":"C:\\Windows\\System32\\taskhostw.exe"},{"@Name":"FileVersion","#text":"10.0.19041.4474 (WinBuild.160101.0800)"},{"@Name":"Description","#text":"Host Process for Windows Tasks"},{"@Name":"Product","#text":"Microsoft® Windows® Operating System"},{"@Name":"Company","#text":"Microsoft Corporation"},{"@Name":"OriginalFileName","#text":"taskhostw.exe"},{"@Name":"CommandLine","#text":"taskhostw.exe Event"},{"@Name":"CurrentDirectory","#text":"C:\\Windows\\system32\\"},{"@Name":"User","#text":"SERVER002\\lplui"},{"@Name":"LogonGuid","#text":"dbf410b3-0a15-6800-1661-200000000000"},{"@Name":"LogonId","#text":"0x206116"},{"@Name":"TerminalSessionId","#text":"1"},{"@Name":"IntegrityLevel","#text":"High"},{"@Name":"Hashes","#text":"SHA256=1C7B7E7026EF8307BF33AFDADF1D49E7C1EE4C829260B4F6988185D22D7BCC3A"},{"@Name":"ParentProcessGuid","#text":"dbf410b3-0888-6800-1e00-000000003c00"},{"@Name":"ParentProcessId","#text":"1348"},{"@Name":"ParentImage","#text":"C:\\Windows\\System32\\svchost.exe"},{"@Name":"ParentCommandLine","#text":"C:\\Windows\\system32\\svchost.exe -k netsvcs -p -s Schedule"},{"@Name":"ParentUser","#text":"NT AUTHORITY\\SYSTEM"}]}}}
{"Event":{"System":{"Provider":{"@Name":"Microsoft-Windows-Sysmon","@Guid":"5770385f-c22a-43e0-bf4c-06f5698ffbd9"},"EventID":"5","Version":"3","Level":"4","Task":"5","Opcode":"0","Keywords":"0x8000000000000000","TimeCreated":{"@SystemTime":"2025-04-16 20:46:34.6815040"},"EventRecordID":"24083","Correlation":null,"Execution":{"@ProcessID":"3196","@ThreadID":"4432"},"Channel":"Microsoft-Windows-Sysmon/Operational","Computer":"Server002","Security":{"@UserID":"S-1-5-18"}},"EventData":{"Data":[{"@Name":"RuleName","#text":"-"},{"@Name":"UtcTime","#text":"2025-04-16 20:46:34.679"},{"@Name":"ProcessGuid","#text":"dbf410b3-172a-6800-1d03-000000003c00"},{"@Name":"ProcessId","#text":"7640"},{"@Name":"Image","#text":"C:\\Windows\\System32\\taskhostw.exe"},{"@Name":"User","#text":"SERVER002\\lplui"}]}}}
{"Event":{"System":{"Provider":{"@Name":"Microsoft-Windows-Sysmon","@Guid":"5770385f-c22a-43e0-bf4c-06f5698ffbd9"},"EventID":"1","Version":"5","Level":"4","Task":"1","Opcode":"0","Keywords":"0x8000000000000000","TimeCreated":{"@SystemTime":"2025-04-16 20:46:35.1100617"},"EventRecordID":"24084","Correlation":null,"Execution":{"@ProcessID":"3196","@ThreadID":"4432"},"Channel":"Microsoft-Windows-Sysmon/Operational","Computer":"Server002","Security":{"@UserID":"S-1-5-18"}},"EventData":{"Data":[{"@Name":"RuleName","#text":"-"},{"@Name":"UtcTime","#text":"2025-04-16 20:46:35.097"},{"@Name":"ProcessGuid","#text":"dbf410b3-172b-6800-1e03-000000003c00"},{"@Name":"ProcessId","#text":"1388"},{"@Name":"Image","#text":"C:\\Windows\\System32\\dmclient.exe"},{"@Name":"FileVersion","#text":"10.0.19041.4355 (WinBuild.160101.0800)"},{"@Name":"Description","#text":"Microsoft Feedback SIUF Deployment Manager Client"},{"@Name":"Product","#text":"Microsoft® Windows® Operating System"},{"@Name":"Company","#text":"Microsoft Corporation"},{"@Name":"OriginalFileName","#text":"dmclient.exe"},{"@Name":"CommandLine","#text":"\"C:\\Windows\\system32\\dmclient.exe\" utcwnf"},{"@Name":"CurrentDirectory","#text":"C:\\Windows\\system32\\"},{"@Name":"User","#text":"NT AUTHORITY\\SYSTEM"},{"@Name":"LogonGuid","#text":"dbf410b3-0887-6800-e703-000000000000"},{"@Name":"LogonId","#text":"0x3E7"},{"@Name":"TerminalSessionId","#text":"0"},{"@Name":"IntegrityLevel","#text":"System"},{"@Name":"Hashes","#text":"SHA256=0A97928D02D03DA2A9BD4E4896EACAE2446FDF8B11DB38153146CF04ABFE95E8"},{"@Name":"ParentProcessGuid","#text":"dbf410b3-0888-6800-1e00-000000003c00"},{"@Name":"ParentProcessId","#text":"1348"},{"@Name":"ParentImage","#text":"C:\\Windows\\System32\\svchost.exe"},{"@Name":"ParentCommandLine","#text":"C:\\Windows\\system32\\svchost.exe -k netsvcs -p -s Schedule"},{"@Name":"ParentUser","#text":"NT AUTHORITY\\SYSTEM"}]}}}
{"Event":{"System":{"Provider":{"@Name":"Microsoft-Windows-Sysmon","@Guid":"5770385f-c22a-43e0-bf4c-06f5698ffbd9"},"EventID":"1","Version":"5","Level":"4","Task":"1","Opcode":"0","Keywords":"0x8000000000000000","TimeCreated":{"@SystemTime":"2025-04-16 20:46:35.1163817"},"EventRecordID":"24085","Correlation":null,"Execution":{"@ProcessID":"3196","@ThreadID":"4432"},"Channel":"Microsoft-Windows-Sysmon/Operational","Computer":"Server002","Security":{"@UserID":"S-1-5-18"}},"EventData":{"Data":[{"@Name":"RuleName","#text":"-"},{"@Name":"UtcTime","#text":"2025-04-16 20:46:35.112"},{"@Name":"ProcessGuid","#text":"dbf410b3-172b-6800-1f03-000000003c00"},{"@Name":"ProcessId","#text":"10552"},{"@Name":"Image","#text":"C:\\Windows\\System32\\conhost.exe"},{"@Name":"FileVersion","#text":"10.0.19041.5198 (WinBuild.160101.0800)"},{"@Name":"Description","#text":"Console Window Host"},{"@Name":"Product","#text":"Microsoft® Windows® Operating System"},{"@Name":"Company","#text":"Microsoft Corporation"},{"@Name":"OriginalFileName","#text":"CONHOST.EXE"},{"@Name":"CommandLine","#text":"\\??\\C:\\Windows\\system32\\conhost.exe 0xffffffff -ForceV1"},{"@Name":"CurrentDirectory","#text":"C:\\Windows"},{"@Name":"User","#text":"NT AUTHORITY\\SYSTEM"},{"@Name":"LogonGuid","#text":"dbf410b3-0887-6800-e703-000000000000"},{"@Name":"LogonId","#text":"0x3E7"},{"@Name":"TerminalSessionId","#text":"0"},{"@Name":"IntegrityLevel","#text":"System"},{"@Name":"Hashes","#text":"SHA256=B02EE54FB2EC69673386D41119EE8ED083A6EAB3BFCA6AA2155D20CE68EF8963"},{"@Name":"ParentProcessGuid","#text":"dbf410b3-172b-6800-1e03-000000003c00"},{"@Name":"ParentProcessId","#text":"1388"},{"@Name":"ParentImage","#text":"C:\\Windows\\System32\\dmclient.exe"},{"@Name":"ParentCommandLine","#text":"\"C:\\Windows\\system32\\dmclient.exe\" utcwnf"},{"@Name":"ParentUser","#text":"NT AUTHORITY\\SYSTEM"}]}}}
{"Event":{"System":{"Provider":{"@Name":"Microsoft-Windows-Sysmon","@Guid":"5770385f-c22a-43e0-bf4c-06f5698ffbd9"},"EventID":"5","Version":"3","Level":"4","Task":"5","Opcode":"0","Keywords":"0x8000000000000000","TimeCreated":{"@SystemTime":"2025-04-16 20:46:35.2353693"},"EventRecordID":"24086","Correlation":null,"Execution":{"@ProcessID":"3196","@ThreadID":"4432"},"Channel":"Microsoft-Windows-Sysmon/Operational","Computer":"Server002","Security":{"@UserID":"S-1-5-18"}},"EventData":{"Data":[{"@Name":"RuleName","#text":"-"},{"@Name":"UtcTime","#text":"2025-04-16 20:46:35.212"},{"@Name":"ProcessGuid","#text":"dbf410b3-172b-6800-1e03-000000003c00"},{"@Name":"ProcessId","#text":"1388"},{"@Name":"Image","#text":"C:\\Windows\\System32\\dmclient.exe"},{"@Name":"User","#text":"NT AUTHORITY\\SYSTEM"}]}}}
{"Event":{"System":{"Provider":{"@Name":"Microsoft-Windows-Sysmon","@Guid":"5770385f-c22a-43e0-bf4c-06f5698ffbd9"},"EventID":"5","Version":"3","Level":"4","Task":"5","Opcode":"0","Keywords":"0x8000000000000000","TimeCreated":{"@SystemTime":"2025-04-16 20:46:35.3140810"},"EventRecordID":"24087","Correlation":null,"Execution":{"@ProcessID":"3196","@ThreadID":"4432"},"Channel":"Microsoft-Windows-Sysmon/Operational","Computer":"Server002","Security":{"@UserID":"S-1-5-18"}},"EventData":{"Data":[{"@Name":"RuleName","#text":"-"},{"@Name":"UtcTime","#text":"2025-04-16 20:46:35.212"},{"@Name":"ProcessGuid","#text":"dbf410b3-172b-6800-1f03-000000003c00"},{"@Name":"ProcessId","#text":"10552"},{"@Name":"Image","#text":"C:\\Windows\\System32\\conhost.exe"},{"@Name":"User","#text":"NT AUTHORITY\\SYSTEM"}]}}}
{"Event":{"System":{"Provider":{"@Name":"Microsoft-Windows-Sysmon","@Guid":"5770385f-c22a-43e0-bf4c-06f5698ffbd9"},"EventID":"5","Version":"3","Level":"4","Task":"5","Opcode":"0","Keywords":"0x8000000000000000","TimeCreated":{"@SystemTime":"2025-04-16 20:46:35.9379601"},"EventRecordID":"24088","Correlation":null,"Execution":{"@ProcessID":"3196","@ThreadID":"4432"},"Channel":"Microsoft-Windows-Sysmon/Operational","Computer":"Server002","Security":{"@UserID":"S-1-5-18"}},"EventData":{"Data":[{"@Name":"RuleName","#text":"-"},{"@Name":"UtcTime","#text":"2025-04-16 20:46:35.935"},{"@Name":"ProcessGuid","#text":"dbf410b3-172a-6800-1c03-000000003c00"},{"@Name":"ProcessId","#text":"2984"},{"@Name":"Image","#text":"C:\\Windows\\System32\\WerFault.exe"},{"@Name":"User","#text":"Window Manager\\DWM-1"}]}}}
{"Event":{"System":{"Provider":{"@Name":"Microsoft-Windows-Sysmon","@Guid":"5770385f-c22a-43e0-bf4c-06f5698ffbd9"},"EventID":"5","Version":"3","Level":"4","Task":"5","Opcode":"0","Keywords":"0x8000000000000000","TimeCreated":{"@SystemTime":"2025-04-16 20:46:35.9990889"},"EventRecordID":"24089","Correlation":null,"Execution":{"@ProcessID":"3196","@ThreadID":"4432"},"Channel":"Microsoft-Windows-Sysmon/Operational","Computer":"Server002","Security":{"@UserID":"S-1-5-18"}},"EventData":{"Data":[{"@Name":"RuleName","#text":"-"},{"@Name":"UtcTime","#text":"2025-04-16 20:46:35.998"},{"@Name":"ProcessGuid","#text":"dbf410b3-163e-6800-f902-000000003c00"},{"@Name":"ProcessId","#text":"9008"},{"@Name":"Image","#text":"C:\\Windows\\System32\\dwm.exe"},{"@Name":"User","#text":"Window Manager\\DWM-1"}]}}}
{"Event":{"System":{"Provider":{"@Name":"Microsoft-Windows-Sysmon","@Guid":"5770385f-c22a-43e0-bf4c-06f5698ffbd9"},"EventID":"1","Version":"5","Level":"4","Task":"1","Opcode":"0","Keywords":"0x8000000000000000","TimeCreated":{"@SystemTime":"2025-04-16 20:46:36.0545942"},"EventRecordID":"24090","Correlation":null,"Execution":{"@ProcessID":"3196","@ThreadID":"4432"},"Channel":"Microsoft-Windows-Sysmon/Operational","Computer":"Server002","Security":{"@UserID":"S-1-5-18"}},"EventData":{"Data":[{"@Name":"RuleName","#text":"-"},{"@Name":"UtcTime","#text":"2025-04-16 20:46:36.034"},{"@Name":"ProcessGuid","#text":"dbf410b3-172c-6800-2003-000000003c00"},{"@Name":"ProcessId","#text":"10368"},{"@Name":"Image","#text":"C:\\Windows\\System32\\dwm.exe"},{"@Name":"FileVersion","#text":"10.0.19041.4355 (WinBuild.160101.0800)"},{"@Name":"Description","#text":"Desktop Window Manager"},{"@Name":"Product","#text":"Microsoft® Windows® Operating System"},{"@Name":"Company","#text":"Microsoft Corporation"},{"@Name":"OriginalFileName","#text":"dwm.exe"},{"@Name":"CommandLine","#text":"\"dwm.exe\""},{"@Name":"CurrentDirectory","#text":"C:\\Windows\\system32\\"},{"@Name":"User","#text":"Window Manager\\DWM-1"},{"@Name":"LogonGuid","#text":"dbf410b3-172c-6800-c686-800000000000"},{"@Name":"LogonId","#text":"0x8086C6"},{"@Name":"TerminalSessionId","#text":"1"},{"@Name":"IntegrityLevel","#text":"System"},{"@Name":"Hashes","#text":"SHA256=DE3D734F5CC52C9B58FEDF1591C7F9AC28899E96D6834F73ECCEF9A156838756"},{"@Name":"ParentProcessGuid","#text":"dbf410b3-0887-6800-0a00-000000003c00"},{"@Name":"ParentProcessId","#text":"604"},{"@Name":"ParentImage","#text":"C:\\Windows\\System32\\winlogon.exe"},{"@Name":"ParentCommandLine","#text":"winlogon.exe"},{"@Name":"ParentUser","#text":"NT AUTHORITY\\SYSTEM"}]}}}
{"Event":{"System":{"Provider":{"@Name":"Microsoft-Windows-Sysmon","@Guid":"5770385f-c22a-43e0-bf4c-06f5698ffbd9"},"EventID":"1","Version":"5","Level":"4","Task":"1","Opcode":"0","Keywords":"0x8000000000000000","TimeCreated":{"@SystemTime":"2025-04-16 20:46:36.1800248"},"EventRecordID":"24091","Correlation":null,"Execution":{"@ProcessID":"3196","@ThreadID":"4432"},"Channel":"Microsoft-Windows-Sysmon/Operational","Computer":"Server002","Security":{"@UserID":"S-1-5-18"}},"EventData":{"Data":[{"@Name":"RuleName","#text":"-"},{"@Name":"UtcTime","#text":"2025-04-16 20:46:36.172"},{"@Name":"ProcessGuid","#text":"dbf410b3-172c-6800-2103-000000003c00"},{"@Name":"ProcessId","#text":"10756"},{"@Name":"Image","#text":"C:\\Windows\\System32\\taskhostw.exe"},{"@Name":"FileVersion","#text":"10.0.19041.4474 (WinBuild.160101.0800)"},{"@Name":"Description","#text":"Host Process for Windows Tasks"},{"@Name":"Product","#text":"Microsoft® Windows® Operating System"},{"@Name":"Company","#text":"Microsoft Corporation"},{"@Name":"OriginalFileName","#text":"taskhostw.exe"},{"@Name":"CommandLine","#text":"taskhostw.exe \"C:\\Program Files\\Common Files\\Microsoft Shared\\ClickToRun\\OfficeC2RClient.exe\" /frequentupdate SCHEDULEDTASK displaylevel=False"},{"@Name":"CurrentDirectory","#text":"C:\\Windows\\system32\\"},{"@Name":"User","#text":"NT AUTHORITY\\SYSTEM"},{"@Name":"LogonGuid","#text":"dbf410b3-0887-6800-e703-000000000000"},{"@Name":"LogonId","#text":"0x3E7"},{"@Name":"TerminalSessionId","#text":"0"},{"@Name":"IntegrityLevel","#text":"System"},{"@Name":"Hashes","#text":"SHA256=1C7B7E7026EF8307BF33AFDADF1D49E7C1EE4C829260B4F6988185D22D7BCC3A"},{"@Name":"ParentProcessGuid","#text":"dbf410b3-0888-6800-1e00-000000003c00"},{"@Name":"ParentProcessId","#text":"1348"},{"@Name":"ParentImage","#text":"C:\\Windows\\System32\\svchost.exe"},{"@Name":"ParentCommandLine","#text":"C:\\Windows\\system32\\svchost.exe -k netsvcs -p -s Schedule"},{"@Name":"ParentUser","#text":"NT AUTHORITY\\SYSTEM"}]}}}
{"Event":{"System":{"Provider":{"@Name":"Microsoft-Windows-Sysmon","@Guid":"5770385f-c22a-43e0-bf4c-06f5698ffbd9"},"EventID":"1","Version":"5","Level":"4","Task":"1","Opcode":"0","Keywords":"0x8000000000000000","TimeCreated":{"@SystemTime":"2025-04-16 20:46:36.3175623"},"EventRecordID":"24092","Correlation":null,"Execution":{"@ProcessID":"3196","@ThreadID":"4432"},"Channel":"Microsoft-Windows-Sysmon/Operational","Computer":"Server002","Security":{"@UserID":"S-1-5-18"}},"EventData":{"Data":[{"@Name":"RuleName","#text":"-"},{"@Name":"UtcTime","#text":"2025-04-16 20:46:36.290"},{"@Name":"ProcessGuid","#text":"dbf410b3-172c-6800-2203-000000003c00"},{"@Name":"ProcessId","#text":"12140"},{"@Name":"Image","#text":"C:\\Windows\\System32\\backgroundTaskHost.exe"},{"@Name":"FileVersion","#text":"10.0.19041.3636 (WinBuild.160101.0800)"},{"@Name":"Description","#text":"Background Task Host"},{"@Name":"Product","#text":"Microsoft® Windows® Operating System"},{"@Name":"Company","#text":"Microsoft Corporation"},{"@Name":"OriginalFileName","#text":"backgroundTaskHost.exe"},{"@Name":"CommandLine","#text":"\"C:\\Windows\\system32\\backgroundTaskHost.exe\" -ServerName:ShellFeedsUI.AppXnj65k2d1a1rnztt2t2nng5ctmk3e76pn.mca"},{"@Name":"CurrentDirectory","#text":"C:\\Windows\\SystemApps\\Microsoft.Windows.Search_cw5n1h2txyewy\\"},{"@Name":"User","#text":"SERVER002\\lplui"},{"@Name":"LogonGuid","#text":"dbf410b3-0a15-6800-4b61-200000000000"},{"@Name":"LogonId","#text":"0x20614B"},{"@Name":"TerminalSessionId","#text":"1"},{"@Name":"IntegrityLevel","#text":"AppContainer"},{"@Name":"Hashes","#text":"SHA256=7077CBF56490C86FC74C0CC6C0379AB679F06A066E71906AD23458F664836449"},{"@Name":"ParentProcessGuid","#text":"dbf410b3-0888-6800-0d00-000000003c00"},{"@Name":"ParentProcessId","#text":"764"},{"@Name":"ParentImage","#text":"C:\\Windows\\System32\\svchost.exe"},{"@Name":"ParentCommandLine","#text":"C:\\Windows\\system32\\svchost.exe -k DcomLaunch -p"},{"@Name":"ParentUser","#text":"NT AUTHORITY\\SYSTEM"}]}}}
{"Event":{"System":{"Provider":{"@Name":"Microsoft-Windows-Sysmon","@Guid":"5770385f-c22a-43e0-bf4c-06f5698ffbd9"},"EventID":"5","Version":"3","Level":"4","Task":"5","Opcode":"0","Keywords":"0x8000000000000000","TimeCreated":{"@SystemTime":"2025-04-16 20:46:36.3933492"},"EventRecordID":"24093","Correlation":null,"Execution":{"@ProcessID":"3196","@ThreadID":"4432"},"Channel":"Microsoft-Windows-Sysmon/Operational","Computer":"Server002","Security":{"@UserID":"S-1-5-18"}},"EventData":{"Data":[{"@Name":"RuleName","#text":"-"},{"@Name":"UtcTime","#text":"2025-04-16 20:46:36.392"},{"@Name":"ProcessGuid","#text":"dbf410b3-1729-6800-1603-000000003c00"},{"@Name":"ProcessId","#text":"10088"},{"@Name":"Image","#text":"C:\\Program Files\\Common Files\\microsoft shared\\ClickToRun\\OfficeC2RClient.exe"},{"@Name":"User","#text":"NT AUTHORITY\\SYSTEM"}]}}}
{"Event":{"System":{"Provider":{"@Name":"Microsoft-Windows-Sysmon","@Guid":"5770385f-c22a-43e0-bf4c-06f5698ffbd9"},"EventID":"5","Version":"3","Level":"4","Task":"5","Opcode":"0","Keywords":"0x8000000000000000","TimeCreated":{"@SystemTime":"2025-04-16 20:46:36.3993876"},"EventRecordID":"24094","Correlation":null,"Execution":{"@ProcessID":"3196","@ThreadID":"4432"},"Channel":"Microsoft-Windows-Sysmon/Operational","Computer":"Server002","Security":{"@UserID":"S-1-5-18"}},"EventData":{"Data":[{"@Name":"RuleName","#text":"-"},{"@Name":"UtcTime","#text":"2025-04-16 20:46:36.394"},{"@Name":"ProcessGuid","#text":"dbf410b3-172c-6800-2103-000000003c00"},{"@Name":"ProcessId","#text":"10756"},{"@Name":"Image","#text":"C:\\Windows\\System32\\taskhostw.exe"},{"@Name":"User","#text":"NT AUTHORITY\\SYSTEM"}]}}}
{"Event":{"System":{"Provider":{"@Name":"Microsoft-Windows-Sysmon","@Guid":"5770385f-c22a-43e0-bf4c-06f5698ffbd9"},"EventID":"5","Version":"3","Level":"4","Task":"5","Opcode":"0","Keywords":"0x8000000000000000","TimeCreated":{"@SystemTime":"2025-04-16 20:46:54.7149548"},"EventRecordID":"24095","Correlation":null,"Execution":{"@ProcessID":"3196","@ThreadID":"4432"},"Channel":"Microsoft-Windows-Sysmon/Operational","Computer":"Server002","Security":{"@UserID":"S-1-5-18"}},"EventData":{"Data":[{"@Name":"RuleName","#text":"-"},{"@Name":"UtcTime","#text":"2025-04-16 20:46:54.712"},{"@Name":"ProcessGuid","#text":"dbf410b3-1508-6800-b902-000000003c00"},{"@Name":"ProcessId","#text":"5996"},{"@Name":"Image","#text":"C:\\Windows\\System32\\smartscreen.exe"},{"@Name":"User","#text":"SERVER002\\lplui"}]}}}
{"Event":{"System":{"Provider":{"@Name":"Microsoft-Windows-Sysmon","@Guid":"5770385f-c22a-43e0-bf4c-06f5698ffbd9"},"EventID":"5","Version":"3","Level":"4","Task":"5","Opcode":"0","Keywords":"0x8000000000000000","TimeCreated":{"@SystemTime":"2025-04-16 20:47:15.9848961"},"EventRecordID":"24096","Correlation":null,"Execution":{"@ProcessID":"3196","@ThreadID":"4432"},"Channel":"Microsoft-Windows-Sysmon/Operational","Computer":"Server002","Security":{"@UserID":"S-1-5-18"}},"EventData":{"Data":[{"@Name":"RuleName","#text":"-"},{"@Name":"UtcTime","#text":"2025-04-16 20:47:15.983"},{"@Name":"ProcessGuid","#text":"dbf410b3-172c-6800-2203-000000003c00"},{"@Name":"ProcessId","#text":"12140"},{"@Name":"Image","#text":"C:\\Windows\\System32\\backgroundTaskHost.exe"},{"@Name":"User","#text":"SERVER002\\lplui"}]}}}
{"Event":{"System":{"Provider":{"@Name":"Microsoft-Windows-Sysmon","@Guid":"5770385f-c22a-43e0-bf4c-06f5698ffbd9"},"EventID":"5","Version":"3","Level":"4","Task":"5","Opcode":"0","Keywords":"0x8000000000000000","TimeCreated":{"@SystemTime":"2025-04-16 20:47:16.4352289"},"EventRecordID":"24097","Correlation":null,"Execution":{"@ProcessID":"3196","@ThreadID":"4432"},"Channel":"Microsoft-Windows-Sysmon/Operational","Computer":"Server002","Security":{"@UserID":"S-1-5-18"}},"EventData":{"Data":[{"@Name":"RuleName","#text":"-"},{"@Name":"UtcTime","#text":"2025-04-16 20:47:16.432"},{"@Name":"ProcessGuid","#text":"dbf410b3-1729-6800-1303-000000003c00"},{"@Name":"ProcessId","#text":"4192"},{"@Name":"Image","#text":"C:\\Windows\\System32\\MoUsoCoreWorker.exe"},{"@Name":"User","#text":"NT AUTHORITY\\SYSTEM"}]}}}
{"Event":{"System":{"Provider":{"@Name":"Microsoft-Windows-Sysmon","@Guid":"5770385f-c22a-43e0-bf4c-06f5698ffbd9"},"EventID":"1","Version":"5","Level":"4","Task":"1","Opcode":"0","Keywords":"0x8000000000000000","TimeCreated":{"@SystemTime":"2025-04-16 20:48:14.0563074"},"EventRecordID":"24098","Correlation":null,"Execution":{"@ProcessID":"3196","@ThreadID":"4432"},"Channel":"Microsoft-Windows-Sysmon/Operational","Computer":"Server002","Security":{"@UserID":"S-1-5-18"}},"EventData":{"Data":[{"@Name":"RuleName","#text":"-"},{"@Name":"UtcTime","#text":"2025-04-16 20:48:14.031"},{"@Name":"ProcessGuid","#text":"dbf410b3-178e-6800-2303-000000003c00"},{"@Name":"ProcessId","#text":"12012"},{"@Name":"Image","#text":"C:\\Program Files (x86)\\Microsoft\\Edge\\Application\\msedge.exe"},{"@Name":"FileVersion","#text":"135.0.3179.73"},{"@Name":"Description","#text":"Microsoft Edge"},{"@Name":"Product","#text":"Microsoft Edge"},{"@Name":"Company","#text":"Microsoft Corporation"},{"@Name":"OriginalFileName","#text":"msedge.exe"},{"@Name":"CommandLine","#text":"\"C:\\Program Files (x86)\\Microsoft\\Edge\\Application\\msedge.exe\" --type=renderer --pdf-upsell-enabled --subproc-heap-profiling --disable-gpu-compositing --video-capture-use-gpu-memory-buffer --lang=en-GB --js-flags=--ms-user-locale= --device-scale-factor=1 --num-raster-threads=1 --renderer-client-id=27 --time-ticks-at-unix-epoch=-1744832641063674 --launch-time-ticks=3924432020 --always-read-main-dll --field-trial-handle=2908,i,10563025836518492357,17729802372803828905,262144 --variations-seed-version --mojo-platform-channel-handle=6496 /prefetch:1"},{"@Name":"CurrentDirectory","#text":"C:\\Program Files (x86)\\Microsoft\\Edge\\Application\\135.0.3179.73\\"},{"@Name":"User","#text":"SERVER002\\lplui"},{"@Name":"LogonGuid","#text":"dbf410b3-0a15-6800-4b61-200000000000"},{"@Name":"LogonId","#text":"0x20614B"},{"@Name":"TerminalSessionId","#text":"1"},{"@Name":"IntegrityLevel","#text":"AppContainer"},{"@Name":"Hashes","#text":"SHA256=C8081A749E80FE9CA91EA495B765EAE0CB850513558AB106FC29FB0D3816616C"},{"@Name":"ParentProcessGuid","#text":"dbf410b3-15f0-6800-db02-000000003c00"},{"@Name":"ParentProcessId","#text":"1932"},{"@Name":"ParentImage","#text":"C:\\Program Files (x86)\\Microsoft\\Edge\\Application\\msedge.exe"},{"@Name":"ParentCommandLine","#text":"\"C:\\Program Files (x86)\\Microsoft\\Edge\\Application\\msedge.exe\" --no-startup-window"},{"@Name":"ParentUser","#text":"SERVER002\\lplui"}]}}}
{"Event":{"System":{"Provider":{"@Name":"Microsoft-Windows-Sysmon","@Guid":"5770385f-c22a-43e0-bf4c-06f5698ffbd9"},"EventID":"1","Version":"5","Level":"4","Task":"1","Opcode":"0","Keywords":"0x8000000000000000","TimeCreated":{"@SystemTime":"2025-04-16 20:48:17.8838292"},"EventRecordID":"24099","Correlation":null,"Execution":{"@ProcessID":"3196","@ThreadID":"4432"},"Channel":"Microsoft-Windows-Sysmon/Operational","Computer":"Server002","Security":{"@UserID":"S-1-5-18"}},"EventData":{"Data":[{"@Name":"RuleName","#text":"-"},{"@Name":"UtcTime","#text":"2025-04-16 20:48:17.509"},{"@Name":"ProcessGuid","#text":"dbf410b3-1791-6800-2403-000000003c00"},{"@Name":"ProcessId","#text":"11936"},{"@Name":"Image","#text":"C:\\Program Files (x86)\\Microsoft\\Edge\\Application\\msedge.exe"},{"@Name":"FileVersion","#text":"135.0.3179.73"},{"@Name":"Description","#text":"Microsoft Edge"},{"@Name":"Product","#text":"Microsoft Edge"},{"@Name":"Company","#text":"Microsoft Corporation"},{"@Name":"OriginalFileName","#text":"msedge.exe"},{"@Name":"CommandLine","#text":"\"C:\\Program Files (x86)\\Microsoft\\Edge\\Application\\msedge.exe\" --type=renderer --pdf-upsell-enabled --subproc-heap-profiling --disable-gpu-compositing --video-capture-use-gpu-memory-buffer --lang=en-GB --js-flags=--ms-user-locale= --device-scale-factor=1 --num-raster-threads=1 --renderer-client-id=28 --time-ticks-at-unix-epoch=-1744832641063674 --launch-time-ticks=3926677079 --always-read-main-dll --field-trial-handle=2908,i,10563025836518492357,17729802372803828905,262144 --variations-seed-version --mojo-platform-channel-handle=4548 /prefetch:1"},{"@Name":"CurrentDirectory","#text":"C:\\Program Files (x86)\\Microsoft\\Edge\\Application\\135.0.3179.73\\"},{"@Name":"User","#text":"SERVER002\\lplui"},{"@Name":"LogonGuid","#text":"dbf410b3-0a15-6800-4b61-200000000000"},{"@Name":"LogonId","#text":"0x20614B"},{"@Name":"TerminalSessionId","#text":"1"},{"@Name":"IntegrityLevel","#text":"AppContainer"},{"@Name":"Hashes","#text":"SHA256=C8081A749E80FE9CA91EA495B765EAE0CB850513558AB106FC29FB0D3816616C"},{"@Name":"ParentProcessGuid","#text":"dbf410b3-15f0-6800-db02-000000003c00"},{"@Name":"ParentProcessId","#text":"1932"},{"@Name":"ParentImage","#text":"C:\\Program Files (x86)\\Microsoft\\Edge\\Application\\msedge.exe"},{"@Name":"ParentCommandLine","#text":"\"C:\\Program Files (x86)\\Microsoft\\Edge\\Application\\msedge.exe\" --no-startup-window"},{"@Name":"ParentUser","#text":"SERVER002\\lplui"}]}}}
{"Event":{"System":{"Provider":{"@Name":"Microsoft-Windows-Sysmon","@Guid":"5770385f-c22a-43e0-bf4c-06f5698ffbd9"},"EventID":"5","Version":"3","Level":"4","Task":"5","Opcode":"0","Keywords":"0x8000000000000000","TimeCreated":{"@SystemTime":"2025-04-16 20:48:22.9182693"},"EventRecordID":"24100","Correlation":null,"Execution":{"@ProcessID":"3196","@ThreadID":"4432"},"Channel":"Microsoft-Windows-Sysmon/Operational","Computer":"Server002","Security":{"@UserID":"S-1-5-18"}},"EventData":{"Data":[{"@Name":"RuleName","#text":"-"},{"@Name":"UtcTime","#text":"2025-04-16 20:48:22.902"},{"@Name":"ProcessGuid","#text":"dbf410b3-1729-6800-1703-000000003c00"},{"@Name":"ProcessId","#text":"7380"},{"@Name":"Image","#text":"C:\\Windows\\servicing\\TrustedInstaller.exe"},{"@Name":"User","#text":"NT AUTHORITY\\SYSTEM"}]}}}
{"Event":{"System":{"Provider":{"@Name":"Microsoft-Windows-Sysmon","@Guid":"5770385f-c22a-43e0-bf4c-06f5698ffbd9"},"EventID":"5","Version":"3","Level":"4","Task":"5","Opcode":"0","Keywords":"0x8000000000000000","TimeCreated":{"@SystemTime":"2025-04-16 20:48:23.1858962"},"EventRecordID":"24101","Correlation":null,"Execution":{"@ProcessID":"3196","@ThreadID":"4432"},"Channel":"Microsoft-Windows-Sysmon/Operational","Computer":"Server002","Security":{"@UserID":"S-1-5-18"}},"EventData":{"Data":[{"@Name":"RuleName","#text":"-"},{"@Name":"UtcTime","#text":"2025-04-16 20:48:23.119"},{"@Name":"ProcessGuid","#text":"dbf410b3-172a-6800-1903-000000003c00"},{"@Name":"ProcessId","#text":"8760"},{"@Name":"Image","#text":"C:\\Windows\\System32\\svchost.exe"},{"@Name":"User","#text":"NT AUTHORITY\\SYSTEM"}]}}}
{"Event":{"System":{"Provider":{"@Name":"Microsoft-Windows-Sysmon","@Guid":"5770385f-c22a-43e0-bf4c-06f5698ffbd9"},"EventID":"5","Version":"3","Level":"4","Task":"5","Opcode":"0","Keywords":"0x8000000000000000","TimeCreated":{"@SystemTime":"2025-04-16 20:48:23.1861460"},"EventRecordID":"24102","Correlation":null,"Execution":{"@ProcessID":"3196","@ThreadID":"4432"},"Channel":"Microsoft-Windows-Sysmon/Operational","Computer":"Server002","Security":{"@UserID":"S-1-5-18"}},"EventData":{"Data":[{"@Name":"RuleName","#text":"-"},{"@Name":"UtcTime","#text":"2025-04-16 20:48:23.167"},{"@Name":"ProcessGuid","#text":"dbf410b3-1729-6800-1803-000000003c00"},{"@Name":"ProcessId","#text":"6516"},{"@Name":"Image","#text":"C:\\Windows\\WinSxS\\amd64_microsoft-windows-servicingstack_31bf3856ad364e35_10.0.19041.5676_none_7dfafd007c9b4e44\\TiWorker.exe"},{"@Name":"User","#text":"NT AUTHORITY\\SYSTEM"}]}}}
{"Event":{"System":{"Provider":{"@Name":"Microsoft-Windows-Sysmon","@Guid":"5770385f-c22a-43e0-bf4c-06f5698ffbd9"},"EventID":"1","Version":"5","Level":"4","Task":"1","Opcode":"0","Keywords":"0x8000000000000000","TimeCreated":{"@SystemTime":"2025-04-16 20:48:24.5448008"},"EventRecordID":"24103","Correlation":null,"Execution":{"@ProcessID":"3196","@ThreadID":"4432"},"Channel":"Microsoft-Windows-Sysmon/Operational","Computer":"Server002","Security":{"@UserID":"S-1-5-18"}},"EventData":{"Data":[{"@Name":"RuleName","#text":"-"},{"@Name":"UtcTime","#text":"2025-04-16 20:48:24.133"},{"@Name":"ProcessGuid","#text":"dbf410b3-1798-6800-2503-000000003c00"},{"@Name":"ProcessId","#text":"8132"},{"@Name":"Image","#text":"C:\\Windows\\System32\\MoUsoCoreWorker.exe"},{"@Name":"FileVersion","#text":"10.0.19041.5678 (WinBuild.160101.0800)"},{"@Name":"Description","#text":"MoUSO Core Worker Process"},{"@Name":"Product","#text":"Microsoft® Windows® Operating System"},{"@Name":"Company","#text":"Microsoft Corporation"},{"@Name":"OriginalFileName","#text":"MoUSOCoreWorker.exe"},{"@Name":"CommandLine","#text":"C:\\Windows\\System32\\mousocoreworker.exe -Embedding"},{"@Name":"CurrentDirectory","#text":"C:\\Windows\\system32\\"},{"@Name":"User","#text":"NT AUTHORITY\\SYSTEM"},{"@Name":"LogonGuid","#text":"dbf410b3-0887-6800-e703-000000000000"},{"@Name":"LogonId","#text":"0x3E7"},{"@Name":"TerminalSessionId","#text":"0"},{"@Name":"IntegrityLevel","#text":"System"},{"@Name":"Hashes","#text":"SHA256=235882DE2347DB7A4CE2BBD7599B5D8D56C93A8BC18207DBEE7173B9BAD068FE"},{"@Name":"ParentProcessGuid","#text":"dbf410b3-0888-6800-0d00-000000003c00"},{"@Name":"ParentProcessId","#text":"764"},{"@Name":"ParentImage","#text":"C:\\Windows\\System32\\svchost.exe"},{"@Name":"ParentCommandLine","#text":"C:\\Windows\\system32\\svchost.exe -k DcomLaunch -p"},{"@Name":"ParentUser","#text":"NT AUTHORITY\\SYSTEM"}]}}}
{"Event":{"System":{"Provider":{"@Name":"Microsoft-Windows-Sysmon","@Guid":"5770385f-c22a-43e0-bf4c-06f5698ffbd9"},"EventID":"1","Version":"5","Level":"4","Task":"1","Opcode":"0","Keywords":"0x8000000000000000","TimeCreated":{"@SystemTime":"2025-04-16 20:48:26.3773786"},"EventRecordID":"24104","Correlation":null,"Execution":{"@ProcessID":"3196","@ThreadID":"4432"},"Channel":"Microsoft-Windows-Sysmon/Operational","Computer":"Server002","Security":{"@UserID":"S-1-5-18"}},"EventData":{"Data":[{"@Name":"RuleName","#text":"-"},{"@Name":"UtcTime","#text":"2025-04-16 20:48:26.302"},{"@Name":"ProcessGuid","#text":"dbf410b3-179a-6800-2603-000000003c00"},{"@Name":"ProcessId","#text":"11520"},{"@Name":"Image","#text":"C:\\Program Files (x86)\\Microsoft\\Edge\\Application\\msedge.exe"},{"@Name":"FileVersion","#text":"135.0.3179.73"},{"@Name":"Description","#text":"Microsoft Edge"},{"@Name":"Product","#text":"Microsoft Edge"},{"@Name":"Company","#text":"Microsoft Corporation"},{"@Name":"OriginalFileName","#text":"msedge.exe"},{"@Name":"CommandLine","#text":"\"C:\\Program Files (x86)\\Microsoft\\Edge\\Application\\msedge.exe\" --type=renderer --pdf-upsell-enabled --subproc-heap-profiling --disable-gpu-compositing --video-capture-use-gpu-memory-buffer --lang=en-GB --js-flags=--ms-user-locale= --device-scale-factor=1 --num-raster-threads=1 --renderer-client-id=29 --time-ticks-at-unix-epoch=-1744832641063674 --launch-time-ticks=3932641662 --always-read-main-dll --field-trial-handle=2908,i,10563025836518492357,17729802372803828905,262144 --variations-seed-version --mojo-platform-channel-handle=7092 /prefetch:1"},{"@Name":"CurrentDirectory","#text":"C:\\Program Files (x86)\\Microsoft\\Edge\\Application\\135.0.3179.73\\"},{"@Name":"User","#text":"SERVER002\\lplui"},{"@Name":"LogonGuid","#text":"dbf410b3-0a15-6800-4b61-200000000000"},{"@Name":"LogonId","#text":"0x20614B"},{"@Name":"TerminalSessionId","#text":"1"},{"@Name":"IntegrityLevel","#text":"AppContainer"},{"@Name":"Hashes","#text":"SHA256=C8081A749E80FE9CA91EA495B765EAE0CB850513558AB106FC29FB0D3816616C"},{"@Name":"ParentProcessGuid","#text":"dbf410b3-15f0-6800-db02-000000003c00"},{"@Name":"ParentProcessId","#text":"1932"},{"@Name":"ParentImage","#text":"C:\\Program Files (x86)\\Microsoft\\Edge\\Application\\msedge.exe"},{"@Name":"ParentCommandLine","#text":"\"C:\\Program Files (x86)\\Microsoft\\Edge\\Application\\msedge.exe\" --no-startup-window"},{"@Name":"ParentUser","#text":"SERVER002\\lplui"}]}}}
{"Event":{"System":{"Provider":{"@Name":"Microsoft-Windows-Sysmon","@Guid":"5770385f-c22a-43e0-bf4c-06f5698ffbd9"},"EventID":"5","Version":"3","Level":"4","Task":"5","Opcode":"0","Keywords":"0x8000000000000000","TimeCreated":{"@SystemTime":"2025-04-16 20:48:26.6821732"},"EventRecordID":"24105","Correlation":null,"Execution":{"@ProcessID":"3196","@ThreadID":"4432"},"Channel":"Microsoft-Windows-Sysmon/Operational","Computer":"Server002","Security":{"@UserID":"S-1-5-18"}},"EventData":{"Data":[{"@Name":"RuleName","#text":"-"},{"@Name":"UtcTime","#text":"2025-04-16 20:48:26.681"},{"@Name":"ProcessGuid","#text":"dbf410b3-1791-6800-2403-000000003c00"},{"@Name":"ProcessId","#text":"11936"},{"@Name":"Image","#text":"C:\\Program Files (x86)\\Microsoft\\Edge\\Application\\msedge.exe"},{"@Name":"User","#text":"SERVER002\\lplui"}]}}}
{"Event":{"System":{"Provider":{"@Name":"Microsoft-Windows-Sysmon","@Guid":"5770385f-c22a-43e0-bf4c-06f5698ffbd9"},"EventID":"1","Version":"5","Level":"4","Task":"1","Opcode":"0","Keywords":"0x8000000000000000","TimeCreated":{"@SystemTime":"2025-04-16 20:48:36.8767990"},"EventRecordID":"24106","Correlation":null,"Execution":{"@ProcessID":"3196","@ThreadID":"4432"},"Channel":"Microsoft-Windows-Sysmon/Operational","Computer":"Server002","Security":{"@UserID":"S-1-5-18"}},"EventData":{"Data":[{"@Name":"RuleName","#text":"-"},{"@Name":"UtcTime","#text":"2025-04-16 20:48:36.335"},{"@Name":"ProcessGuid","#text":"dbf410b3-17a4-6800-2703-000000003c00"},{"@Name":"ProcessId","#text":"1252"},{"@Name":"Image","#text":"C:\\Program Files (x86)\\Microsoft\\Edge\\Application\\msedge.exe"},{"@Name":"FileVersion","#text":"135.0.3179.73"},{"@Name":"Description","#text":"Microsoft Edge"},{"@Name":"Product","#text":"Microsoft Edge"},{"@Name":"Company","#text":"Microsoft Corporation"},{"@Name":"OriginalFileName","#text":"msedge.exe"},{"@Name":"CommandLine","#text":"\"C:\\Program Files (x86)\\Microsoft\\Edge\\Application\\msedge.exe\" --type=renderer --pdf-upsell-enabled --subproc-heap-profiling --disable-gpu-compositing --video-capture-use-gpu-memory-buffer --lang=en-GB --js-flags=--ms-user-locale= --device-scale-factor=1 --num-raster-threads=1 --renderer-client-id=30 --time-ticks-at-unix-epoch=-1744832641063674 --launch-time-ticks=3938967151 --always-read-main-dll --field-trial-handle=2908,i,10563025836518492357,17729802372803828905,262144 --variations-seed-version --mojo-platform-channel-handle=4428 /prefetch:1"},{"@Name":"CurrentDirectory","#text":"C:\\Program Files (x86)\\Microsoft\\Edge\\Application\\135.0.3179.73\\"},{"@Name":"User","#text":"SERVER002\\lplui"},{"@Name":"LogonGuid","#text":"dbf410b3-0a15-6800-4b61-200000000000"},{"@Name":"LogonId","#text":"0x20614B"},{"@Name":"TerminalSessionId","#text":"1"},{"@Name":"IntegrityLevel","#text":"AppContainer"},{"@Name":"Hashes","#text":"SHA256=C8081A749E80FE9CA91EA495B765EAE0CB850513558AB106FC29FB0D3816616C"},{"@Name":"ParentProcessGuid","#text":"dbf410b3-15f0-6800-db02-000000003c00"},{"@Name":"ParentProcessId","#text":"1932"},{"@Name":"ParentImage","#text":"C:\\Program Files (x86)\\Microsoft\\Edge\\Application\\msedge.exe"},{"@Name":"ParentCommandLine","#text":"\"C:\\Program Files (x86)\\Microsoft\\Edge\\Application\\msedge.exe\" --no-startup-window"},{"@Name":"ParentUser","#text":"SERVER002\\lplui"}]}}}
{"Event":{"System":{"Provider":{"@Name":"Microsoft-Windows-Sysmon","@Guid":"5770385f-c22a-43e0-bf4c-06f5698ffbd9"},"EventID":"5","Version":"3","Level":"4","Task":"5","Opcode":"0","Keywords":"0x8000000000000000","TimeCreated":{"@SystemTime":"2025-04-16 20:48:39.9450778"},"EventRecordID":"24107","Correlation":null,"Execution":{"@ProcessID":"3196","@ThreadID":"4432"},"Channel":"Microsoft-Windows-Sysmon/Operational","Computer":"Server002","Security":{"@UserID":"S-1-5-18"}},"EventData":{"Data":[{"@Name":"RuleName","#text":"-"},{"@Name":"UtcTime","#text":"2025-04-16 20:48:39.944"},{"@Name":"ProcessGuid","#text":"dbf410b3-179a-6800-2603-000000003c00"},{"@Name":"ProcessId","#text":"11520"},{"@Name":"Image","#text":"C:\\Program Files (x86)\\Microsoft\\Edge\\Application\\msedge.exe"},{"@Name":"User","#text":"SERVER002\\lplui"}]}}}
{"Event":{"System":{"Provider":{"@Name":"Microsoft-Windows-Sysmon","@Guid":"5770385f-c22a-43e0-bf4c-06f5698ffbd9"},"EventID":"1","Version":"5","Level":"4","Task":"1","Opcode":"0","Keywords":"0x8000000000000000","TimeCreated":{"@SystemTime":"2025-04-16 20:48:40.3068326"},"EventRecordID":"24108","Correlation":null,"Execution":{"@ProcessID":"3196","@ThreadID":"4432"},"Channel":"Microsoft-Windows-Sysmon/Operational","Computer":"Server002","Security":{"@UserID":"S-1-5-18"}},"EventData":{"Data":[{"@Name":"RuleName","#text":"-"},{"@Name":"UtcTime","#text":"2025-04-16 20:48:40.242"},{"@Name":"ProcessGuid","#text":"dbf410b3-17a8-6800-2803-000000003c00"},{"@Name":"ProcessId","#text":"5732"},{"@Name":"Image","#text":"C:\\Windows\\System32\\SearchProtocolHost.exe"},{"@Name":"FileVersion","#text":"7.0.19041.5438 (WinBuild.160101.0800)"},{"@Name":"Description","#text":"Microsoft Windows Search Protocol Host"},{"@Name":"Product","#text":"Windows® Search"},{"@Name":"Company","#text":"Microsoft Corporation"},{"@Name":"OriginalFileName","#text":"SearchProtocolHost.exe"},{"@Name":"CommandLine","#text":"\"C:\\Windows\\system32\\SearchProtocolHost.exe\" Global\\UsGthrFltPipeMssGthrPipe_S-1-5-21-3962163828-2803415714-1403596700-10018_ Global\\UsGthrCtrlFltPipeMssGthrPipe_S-1-5-21-3962163828-2803415714-1403596700-10018 1 -2147483646 \"Software\\Microsoft\\Windows Search\" \"Mozilla/4.0 (compatible; MSIE 6.0; Windows NT; MS Search 4.0 Robot)\" \"C:\\ProgramData\\Microsoft\\Search\\Data\\Temp\\usgthrsvc\" \"DownLevelDaemon\"  \"1\""},{"@Name":"CurrentDirectory","#text":"C:\\Windows\\system32\\"},{"@Name":"User","#text":"SERVER002\\lplui"},{"@Name":"LogonGuid","#text":"dbf410b3-0a15-6800-4b61-200000000000"},{"@Name":"LogonId","#text":"0x20614B"},{"@Name":"TerminalSessionId","#text":"1"},{"@Name":"IntegrityLevel","#text":"Medium"},{"@Name":"Hashes","#text":"SHA256=00235592EA2339D5064D280499448C10BB6B1E048643C14001E999E4ABF7B238"},{"@Name":"ParentProcessGuid","#text":"dbf410b3-0893-6800-5f00-000000003c00"},{"@Name":"ParentProcessId","#text":"4320"},{"@Name":"ParentImage","#text":"C:\\Windows\\System32\\SearchIndexer.exe"},{"@Name":"ParentCommandLine","#text":"C:\\Windows\\system32\\SearchIndexer.exe /Embedding"},{"@Name":"ParentUser","#text":"NT AUTHORITY\\SYSTEM"}]}}}
{"Event":{"System":{"Provider":{"@Name":"Microsoft-Windows-Sysmon","@Guid":"5770385f-c22a-43e0-bf4c-06f5698ffbd9"},"EventID":"1","Version":"5","Level":"4","Task":"1","Opcode":"0","Keywords":"0x8000000000000000","TimeCreated":{"@SystemTime":"2025-04-16 20:48:41.4559684"},"EventRecordID":"24109","Correlation":null,"Execution":{"@ProcessID":"3196","@ThreadID":"4432"},"Channel":"Microsoft-Windows-Sysmon/Operational","Computer":"Server002","Security":{"@UserID":"S-1-5-18"}},"EventData":{"Data":[{"@Name":"RuleName","#text":"-"},{"@Name":"UtcTime","#text":"2025-04-16 20:48:41.357"},{"@Name":"ProcessGuid","#text":"dbf410b3-17a9-6800-2a03-000000003c00"},{"@Name":"ProcessId","#text":"5724"},{"@Name":"Image","#text":"C:\\Program Files (x86)\\Microsoft\\Edge\\Application\\msedge.exe"},{"@Name":"FileVersion","#text":"135.0.3179.73"},{"@Name":"Description","#text":"Microsoft Edge"},{"@Name":"Product","#text":"Microsoft Edge"},{"@Name":"Company","#text":"Microsoft Corporation"},{"@Name":"OriginalFileName","#text":"msedge.exe"},{"@Name":"CommandLine","#text":"\"C:\\Program Files (x86)\\Microsoft\\Edge\\Application\\msedge.exe\" --type=renderer --pdf-upsell-enabled --subproc-heap-profiling --disable-gpu-compositing --video-capture-use-gpu-memory-buffer --lang=en-GB --js-flags=--ms-user-locale= --device-scale-factor=1 --num-raster-threads=1 --renderer-client-id=31 --time-ticks-at-unix-epoch=-1744832641063674 --launch-time-ticks=3942924744 --always-read-main-dll --field-trial-handle=2908,i,10563025836518492357,17729802372803828905,262144 --variations-seed-version --mojo-platform-channel-handle=7076 /prefetch:1"},{"@Name":"CurrentDirectory","#text":"C:\\Program Files (x86)\\Microsoft\\Edge\\Application\\135.0.3179.73\\"},{"@Name":"User","#text":"SERVER002\\lplui"},{"@Name":"LogonGuid","#text":"dbf410b3-0a15-6800-4b61-200000000000"},{"@Name":"LogonId","#text":"0x20614B"},{"@Name":"TerminalSessionId","#text":"1"},{"@Name":"IntegrityLevel","#text":"AppContainer"},{"@Name":"Hashes","#text":"SHA256=C8081A749E80FE9CA91EA495B765EAE0CB850513558AB106FC29FB0D3816616C"},{"@Name":"ParentProcessGuid","#text":"dbf410b3-15f0-6800-db02-000000003c00"},{"@Name":"ParentProcessId","#text":"1932"},{"@Name":"ParentImage","#text":"C:\\Program Files (x86)\\Microsoft\\Edge\\Application\\msedge.exe"},{"@Name":"ParentCommandLine","#text":"\"C:\\Program Files (x86)\\Microsoft\\Edge\\Application\\msedge.exe\" --no-startup-window"},{"@Name":"ParentUser","#text":"SERVER002\\lplui"}]}}}
{"Event":{"System":{"Provider":{"@Name":"Microsoft-Windows-Sysmon","@Guid":"5770385f-c22a-43e0-bf4c-06f5698ffbd9"},"EventID":"1","Version":"5","Level":"4","Task":"1","Opcode":"0","Keywords":"0x8000000000000000","TimeCreated":{"@SystemTime":"2025-04-16 20:48:41.4662010"},"EventRecordID":"24110","Correlation":null,"Execution":{"@ProcessID":"3196","@ThreadID":"4432"},"Channel":"Microsoft-Windows-Sysmon/Operational","Computer":"Server002","Security":{"@UserID":"S-1-5-18"}},"EventData":{"Data":[{"@Name":"RuleName","#text":"-"},{"@Name":"UtcTime","#text":"2025-04-16 20:48:41.209"},{"@Name":"ProcessGuid","#text":"dbf410b3-17a9-6800-2903-000000003c00"},{"@Name":"ProcessId","#text":"10472"},{"@Name":"Image","#text":"C:\\Windows\\System32\\SearchFilterHost.exe"},{"@Name":"FileVersion","#text":"7.0.19041.5438 (WinBuild.160101.0800)"},{"@Name":"Description","#text":"Microsoft Windows Search Filter Host"},{"@Name":"Product","#text":"Windows® Search"},{"@Name":"Company","#text":"Microsoft Corporation"},{"@Name":"OriginalFileName","#text":"SearchFilterHost.exe"},{"@Name":"CommandLine","#text":"\"C:\\Windows\\system32\\SearchFilterHost.exe\" 0 820 824 832 8192 828 804 "},{"@Name":"CurrentDirectory","#text":"C:\\Windows\\system32\\"},{"@Name":"User","#text":"NT AUTHORITY\\SYSTEM"},{"@Name":"LogonGuid","#text":"dbf410b3-0887-6800-e703-000000000000"},{"@Name":"LogonId","#text":"0x3E7"},{"@Name":"TerminalSessionId","#text":"0"},{"@Name":"IntegrityLevel","#text":"Medium"},{"@Name":"Hashes","#text":"SHA256=FFFBF61189993B7BDE08ABC1416A845C624E2296021B817B1BE55E8D63B2DF5E"},{"@Name":"ParentProcessGuid","#text":"dbf410b3-0893-6800-5f00-000000003c00"},{"@Name":"ParentProcessId","#text":"4320"},{"@Name":"ParentImage","#text":"C:\\Windows\\System32\\SearchIndexer.exe"},{"@Name":"ParentCommandLine","#text":"C:\\Windows\\system32\\SearchIndexer.exe /Embedding"},{"@Name":"ParentUser","#text":"NT AUTHORITY\\SYSTEM"}]}}}
