{"Event":{"System":{"Provider":{"@Name":"Microsoft-Windows-Sysmon","@Guid":"5770385f-c22a-43e0-bf4c-06f5698ffbd9"},"EventID":"1","Version":"5","Level":"4","Task":"1","Opcode":"0","Keywords":"0x8000000000000000","TimeCreated":{"@SystemTime":"2025-04-30 21:23:32.7423502"},"EventRecordID":"56150","Correlation":null,"Execution":{"@ProcessID":"2632","@ThreadID":"4140"},"Channel":"Microsoft-Windows-Sysmon/Operational","Computer":"Server002","Security":{"@UserID":"S-1-5-18"}},"EventData":{"Data":[{"@Name":"RuleName","#text":"-"},{"@Name":"UtcTime","#text":"2025-04-30 21:23:32.688"},{"@Name":"ProcessGuid","#text":"dbf410b3-94d4-6812-8c06-000000004400"},{"@Name":"ProcessId","#text":"3608"},{"@Name":"Image","#text":"C:\\Windows\\System32\\backgroundTaskHost.exe"},{"@Name":"FileVersion","#text":"10.0.19041.3636 (WinBuild.160101.0800)"},{"@Name":"Description","#text":"Background Task Host"},{"@Name":"Product","#text":"Microsoft® Windows® Operating System"},{"@Name":"Company","#text":"Microsoft Corporation"},{"@Name":"OriginalFileName","#text":"backgroundTaskHost.exe"},{"@Name":"CommandLine","#text":"\"C:\\Windows\\system32\\backgroundTaskHost.exe\" -ServerName:App.AppXpybpk6fj2fe0gb0jan49e6dncngk3pa1.mca"},{"@Name":"CurrentDirectory","#text":"C:\\Program Files\\WindowsApps\\Microsoft.StorePurchaseApp_22503.1401.2.0_x64__8wekyb3d8bbwe\\"},{"@Name":"User","#text":"SERVER002\\lplui"},{"@Name":"LogonGuid","#text":"dbf410b3-dac5-6811-9dd7-030000000000"},{"@Name":"LogonId","#text":"0x3D79D"},{"@Name":"TerminalSessionId","#text":"1"},{"@Name":"IntegrityLevel","#text":"AppContainer"},{"@Name":"Hashes","#text":"SHA256=7077CBF56490C86FC74C0CC6C0379AB679F06A066E71906AD23458F664836449"},{"@Name":"ParentProcessGuid","#text":"dbf410b3-f6dc-6811-0d00-000000004400"},{"@Name":"ParentProcessId","#text":"784"},{"@Name":"ParentImage","#text":"C:\\Windows\\System32\\svchost.exe"},{"@Name":"ParentCommandLine","#text":"C:\\Windows\\system32\\svchost.exe -k DcomLaunch -p"},{"@Name":"ParentUser","#text":"NT AUTHORITY\\SYSTEM"}]}}}
{"Event":{"System":{"Provider":{"@Name":"Microsoft-Windows-Sysmon","@Guid":"5770385f-c22a-43e0-bf4c-06f5698ffbd9"},"EventID":"1","Version":"5","Level":"4","Task":"1","Opcode":"0","Keywords":"0x8000000000000000","TimeCreated":{"@SystemTime":"2025-04-30 21:23:32.8388126"},"EventRecordID":"56151","Correlation":null,"Execution":{"@ProcessID":"2632","@ThreadID":"4140"},"Channel":"Microsoft-Windows-Sysmon/Operational","Computer":"Server002","Security":{"@UserID":"S-1-5-18"}},"EventData":{"Data":[{"@Name":"RuleName","#text":"-"},{"@Name":"UtcTime","#text":"2025-04-30 21:23:32.793"},{"@Name":"ProcessGuid","#text":"dbf410b3-94d4-6812-8d06-000000004400"},{"@Name":"ProcessId","#text":"5188"},{"@Name":"Image","#text":"C:\\Program Files\\WindowsApps\\microsoft.windowscommunicationsapps_16005.14326.22342.0_x64__8wekyb3d8bbwe\\HxTsr.exe"},{"@Name":"FileVersion","#text":"16.0.14326.22342"},{"@Name":"Description","#text":"Microsoft Outlook Communications"},{"@Name":"Product","#text":"Microsoft Office"},{"@Name":"Company","#text":"Microsoft Corporation"},{"@Name":"OriginalFileName","#text":"HxTsr.exe"},{"@Name":"CommandLine","#text":"\"C:\\Program Files\\WindowsApps\\microsoft.windowscommunicationsapps_16005.14326.22342.0_x64__8wekyb3d8bbwe\\HxTsr.exe\" -ServerName:Hx.IPC.Server"},{"@Name":"CurrentDirectory","#text":"C:\\Program Files\\WindowsApps\\microsoft.windowscommunicationsapps_16005.14326.22342.0_x64__8wekyb3d8bbwe\\"},{"@Name":"User","#text":"SERVER002\\lplui"},{"@Name":"LogonGuid","#text":"dbf410b3-dac5-6811-9dd7-030000000000"},{"@Name":"LogonId","#text":"0x3D79D"},{"@Name":"TerminalSessionId","#text":"1"},{"@Name":"IntegrityLevel","#text":"AppContainer"},{"@Name":"Hashes","#text":"SHA256=9033FD12029FEDEEC44032E2C574A68A87D2963B5F6D731D1F0C9EB93AFD63B1"},{"@Name":"ParentProcessGuid","#text":"dbf410b3-f6dc-6811-0d00-000000004400"},{"@Name":"ParentProcessId","#text":"784"},{"@Name":"ParentImage","#text":"C:\\Windows\\System32\\svchost.exe"},{"@Name":"ParentCommandLine","#text":"C:\\Windows\\system32\\svchost.exe -k DcomLaunch -p"},{"@Name":"ParentUser","#text":"NT AUTHORITY\\SYSTEM"}]}}}
{"Event":{"System":{"Provider":{"@Name":"Microsoft-Windows-Sysmon","@Guid":"5770385f-c22a-43e0-bf4c-06f5698ffbd9"},"EventID":"1","Version":"5","Level":"4","Task":"1","Opcode":"0","Keywords":"0x8000000000000000","TimeCreated":{"@SystemTime":"2025-04-30 21:23:32.8790899"},"EventRecordID":"56152","Correlation":null,"Execution":{"@ProcessID":"2632","@ThreadID":"4140"},"Channel":"Microsoft-Windows-Sysmon/Operational","Computer":"Server002","Security":{"@UserID":"S-1-5-18"}},"EventData":{"Data":[{"@Name":"RuleName","#text":"-"},{"@Name":"UtcTime","#text":"2025-04-30 21:23:32.817"},{"@Name":"ProcessGuid","#text":"dbf410b3-94d4-6812-8e06-000000004400"},{"@Name":"ProcessId","#text":"11840"},{"@Name":"Image","#text":"C:\\Windows\\System32\\backgroundTaskHost.exe"},{"@Name":"FileVersion","#text":"10.0.19041.3636 (WinBuild.160101.0800)"},{"@Name":"Description","#text":"Background Task Host"},{"@Name":"Product","#text":"Microsoft® Windows® Operating System"},{"@Name":"Company","#text":"Microsoft Corporation"},{"@Name":"OriginalFileName","#text":"backgroundTaskHost.exe"},{"@Name":"CommandLine","#text":"\"C:\\Windows\\system32\\backgroundTaskHost.exe\" -ServerName:App.AppXxw3e32mpkfkfbh0tznpwwqfw96t0tfx6.mca"},{"@Name":"CurrentDirectory","#text":"C:\\Windows\\SystemApps\\NcsiUwpApp_8wekyb3d8bbwe\\"},{"@Name":"User","#text":"SERVER002\\lplui"},{"@Name":"LogonGuid","#text":"dbf410b3-dac5-6811-9dd7-030000000000"},{"@Name":"LogonId","#text":"0x3D79D"},{"@Name":"TerminalSessionId","#text":"1"},{"@Name":"IntegrityLevel","#text":"AppContainer"},{"@Name":"Hashes","#text":"SHA256=7077CBF56490C86FC74C0CC6C0379AB679F06A066E71906AD23458F664836449"},{"@Name":"ParentProcessGuid","#text":"dbf410b3-f6dc-6811-0d00-000000004400"},{"@Name":"ParentProcessId","#text":"784"},{"@Name":"ParentImage","#text":"C:\\Windows\\System32\\svchost.exe"},{"@Name":"ParentCommandLine","#text":"C:\\Windows\\system32\\svchost.exe -k DcomLaunch -p"},{"@Name":"ParentUser","#text":"NT AUTHORITY\\SYSTEM"}]}}}
{"Event":{"System":{"Provider":{"@Name":"Microsoft-Windows-Sysmon","@Guid":"5770385f-c22a-43e0-bf4c-06f5698ffbd9"},"EventID":"1","Version":"5","Level":"4","Task":"1","Opcode":"0","Keywords":"0x8000000000000000","TimeCreated":{"@SystemTime":"2025-04-30 21:23:32.8797483"},"EventRecordID":"56153","Correlation":null,"Execution":{"@ProcessID":"2632","@ThreadID":"4140"},"Channel":"Microsoft-Windows-Sysmon/Operational","Computer":"Server002","Security":{"@UserID":"S-1-5-18"}},"EventData":{"Data":[{"@Name":"RuleName","#text":"-"},{"@Name":"UtcTime","#text":"2025-04-30 21:23:32.817"},{"@Name":"ProcessGuid","#text":"dbf410b3-94d4-6812-8f06-000000004400"},{"@Name":"ProcessId","#text":"9704"},{"@Name":"Image","#text":"C:\\Windows\\System32\\backgroundTaskHost.exe"},{"@Name":"FileVersion","#text":"10.0.19041.3636 (WinBuild.160101.0800)"},{"@Name":"Description","#text":"Background Task Host"},{"@Name":"Product","#text":"Microsoft® Windows® Operating System"},{"@Name":"Company","#text":"Microsoft Corporation"},{"@Name":"OriginalFileName","#text":"backgroundTaskHost.exe"},{"@Name":"CommandLine","#text":"\"C:\\Windows\\system32\\backgroundTaskHost.exe\" -ServerName:App.AppXfkd8mejksk4ancwf4vtyhmkvtzn1jcbs.mca"},{"@Name":"CurrentDirectory","#text":"C:\\Program Files\\WindowsApps\\Microsoft.YourPhone_1.25032.76.0_x64__8wekyb3d8bbwe\\"},{"@Name":"User","#text":"SERVER002\\lplui"},{"@Name":"LogonGuid","#text":"dbf410b3-dac5-6811-9dd7-030000000000"},{"@Name":"LogonId","#text":"0x3D79D"},{"@Name":"TerminalSessionId","#text":"1"},{"@Name":"IntegrityLevel","#text":"AppContainer"},{"@Name":"Hashes","#text":"SHA256=7077CBF56490C86FC74C0CC6C0379AB679F06A066E71906AD23458F664836449"},{"@Name":"ParentProcessGuid","#text":"dbf410b3-f6dc-6811-0d00-000000004400"},{"@Name":"ParentProcessId","#text":"784"},{"@Name":"ParentImage","#text":"C:\\Windows\\System32\\svchost.exe"},{"@Name":"ParentCommandLine","#text":"C:\\Windows\\system32\\svchost.exe -k DcomLaunch -p"},{"@Name":"ParentUser","#text":"NT AUTHORITY\\SYSTEM"}]}}}
{"Event":{"System":{"Provider":{"@Name":"Microsoft-Windows-Sysmon","@Guid":"5770385f-c22a-43e0-bf4c-06f5698ffbd9"},"EventID":"1","Version":"5","Level":"4","Task":"1","Opcode":"0","Keywords":"0x8000000000000000","TimeCreated":{"@SystemTime":"2025-04-30 21:23:32.9259702"},"EventRecordID":"56154","Correlation":null,"Execution":{"@ProcessID":"2632","@ThreadID":"4140"},"Channel":"Microsoft-Windows-Sysmon/Operational","Computer":"Server002","Security":{"@UserID":"S-1-5-18"}},"EventData":{"Data":[{"@Name":"RuleName","#text":"-"},{"@Name":"UtcTime","#text":"2025-04-30 21:23:32.911"},{"@Name":"ProcessGuid","#text":"dbf410b3-94d4-6812-9006-000000004400"},{"@Name":"ProcessId","#text":"11108"},{"@Name":"Image","#text":"C:\\Windows\\System32\\backgroundTaskHost.exe"},{"@Name":"FileVersion","#text":"10.0.19041.3636 (WinBuild.160101.0800)"},{"@Name":"Description","#text":"Background Task Host"},{"@Name":"Product","#text":"Microsoft® Windows® Operating System"},{"@Name":"Company","#text":"Microsoft Corporation"},{"@Name":"OriginalFileName","#text":"backgroundTaskHost.exe"},{"@Name":"CommandLine","#text":"\"C:\\Windows\\system32\\backgroundTaskHost.exe\" -ServerName:WindowsBackup.AppXnn6fnh4raxtmg45ba8k2f4ykb7n0k3y4.mca"},{"@Name":"CurrentDirectory","#text":"C:\\Windows\\SystemApps\\MicrosoftWindows.Client.CBS_cw5n1h2txyewy\\"},{"@Name":"User","#text":"SERVER002\\lplui"},{"@Name":"LogonGuid","#text":"dbf410b3-dac5-6811-9dd7-030000000000"},{"@Name":"LogonId","#text":"0x3D79D"},{"@Name":"TerminalSessionId","#text":"1"},{"@Name":"IntegrityLevel","#text":"Medium"},{"@Name":"Hashes","#text":"SHA256=7077CBF56490C86FC74C0CC6C0379AB679F06A066E71906AD23458F664836449"},{"@Name":"ParentProcessGuid","#text":"dbf410b3-f6dc-6811-0d00-000000004400"},{"@Name":"ParentProcessId","#text":"784"},{"@Name":"ParentImage","#text":"C:\\Windows\\System32\\svchost.exe"},{"@Name":"ParentCommandLine","#text":"C:\\Windows\\system32\\svchost.exe -k DcomLaunch -p"},{"@Name":"ParentUser","#text":"NT AUTHORITY\\SYSTEM"}]}}}
{"Event":{"System":{"Provider":{"@Name":"Microsoft-Windows-Sysmon","@Guid":"5770385f-c22a-43e0-bf4c-06f5698ffbd9"},"EventID":"1","Version":"5","Level":"4","Task":"1","Opcode":"0","Keywords":"0x8000000000000000","TimeCreated":{"@SystemTime":"2025-04-30 21:23:35.1781830"},"EventRecordID":"56155","Correlation":null,"Execution":{"@ProcessID":"2632","@ThreadID":"4140"},"Channel":"Microsoft-Windows-Sysmon/Operational","Computer":"Server002","Security":{"@UserID":"S-1-5-18"}},"EventData":{"Data":[{"@Name":"RuleName","#text":"-"},{"@Name":"UtcTime","#text":"2025-04-30 21:23:35.167"},{"@Name":"ProcessGuid","#text":"dbf410b3-94d7-6812-9106-000000004400"},{"@Name":"ProcessId","#text":"11972"},{"@Name":"Image","#text":"C:\\Windows\\System32\\RuntimeBroker.exe"},{"@Name":"FileVersion","#text":"10.0.19041.4355 (WinBuild.160101.0800)"},{"@Name":"Description","#text":"Runtime Broker"},{"@Name":"Product","#text":"Microsoft® Windows® Operating System"},{"@Name":"Company","#text":"Microsoft Corporation"},{"@Name":"OriginalFileName","#text":"RuntimeBroker.exe"},{"@Name":"CommandLine","#text":"C:\\Windows\\System32\\RuntimeBroker.exe -Embedding"},{"@Name":"CurrentDirectory","#text":"C:\\Windows\\system32\\"},{"@Name":"User","#text":"SERVER002\\lplui"},{"@Name":"LogonGuid","#text":"dbf410b3-dac5-6811-9dd7-030000000000"},{"@Name":"LogonId","#text":"0x3D79D"},{"@Name":"TerminalSessionId","#text":"1"},{"@Name":"IntegrityLevel","#text":"Medium"},{"@Name":"Hashes","#text":"SHA256=579DFCED8F02A7E1E6E8DF10C400117D3127EAD7231776A1E467EB507261E920"},{"@Name":"ParentProcessGuid","#text":"dbf410b3-f6dc-6811-0d00-000000004400"},{"@Name":"ParentProcessId","#text":"784"},{"@Name":"ParentImage","#text":"C:\\Windows\\System32\\svchost.exe"},{"@Name":"ParentCommandLine","#text":"C:\\Windows\\system32\\svchost.exe -k DcomLaunch -p"},{"@Name":"ParentUser","#text":"NT AUTHORITY\\SYSTEM"}]}}}
{"Event":{"System":{"Provider":{"@Name":"Microsoft-Windows-Sysmon","@Guid":"5770385f-c22a-43e0-bf4c-06f5698ffbd9"},"EventID":"1","Version":"5","Level":"4","Task":"1","Opcode":"0","Keywords":"0x8000000000000000","TimeCreated":{"@SystemTime":"2025-04-30 21:23:37.0784274"},"EventRecordID":"56156","Correlation":null,"Execution":{"@ProcessID":"2632","@ThreadID":"4140"},"Channel":"Microsoft-Windows-Sysmon/Operational","Computer":"Server002","Security":{"@UserID":"S-1-5-18"}},"EventData":{"Data":[{"@Name":"RuleName","#text":"-"},{"@Name":"UtcTime","#text":"2025-04-30 21:23:37.054"},{"@Name":"ProcessGuid","#text":"dbf410b3-94d9-6812-9206-000000004400"},{"@Name":"ProcessId","#text":"13020"},{"@Name":"Image","#text":"C:\\Program Files\\Microsoft OneDrive\\25.065.0406.0002\\FileCoAuth.exe"},{"@Name":"FileVersion","#text":"25.065.0406.0002"},{"@Name":"Description","#text":"Microsoft OneDriveFile Co-Authoring Executable"},{"@Name":"Product","#text":"Microsoft OneDrive"},{"@Name":"Company","#text":"Microsoft Corporation"},{"@Name":"OriginalFileName","#text":"FileCoAuth.exe"},{"@Name":"CommandLine","#text":"\"C:\\Program Files\\Microsoft OneDrive\\25.065.0406.0002\\FileCoAuth.exe\" -Embedding"},{"@Name":"CurrentDirectory","#text":"C:\\Windows\\system32\\"},{"@Name":"User","#text":"SERVER002\\lplui"},{"@Name":"LogonGuid","#text":"dbf410b3-dac5-6811-9dd7-030000000000"},{"@Name":"LogonId","#text":"0x3D79D"},{"@Name":"TerminalSessionId","#text":"1"},{"@Name":"IntegrityLevel","#text":"Medium"},{"@Name":"Hashes","#text":"SHA256=B7B20F19DE611698C5CAE2677B63494A5C61CB74179012E1C63C7F7EB3ECC6AF"},{"@Name":"ParentProcessGuid","#text":"dbf410b3-f6dc-6811-0d00-000000004400"},{"@Name":"ParentProcessId","#text":"784"},{"@Name":"ParentImage","#text":"C:\\Windows\\System32\\svchost.exe"},{"@Name":"ParentCommandLine","#text":"C:\\Windows\\system32\\svchost.exe -k DcomLaunch -p"},{"@Name":"ParentUser","#text":"NT AUTHORITY\\SYSTEM"}]}}}
{"Event":{"System":{"Provider":{"@Name":"Microsoft-Windows-Sysmon","@Guid":"5770385f-c22a-43e0-bf4c-06f5698ffbd9"},"EventID":"1","Version":"5","Level":"4","Task":"1","Opcode":"0","Keywords":"0x8000000000000000","TimeCreated":{"@SystemTime":"2025-04-30 21:23:40.2074492"},"EventRecordID":"56157","Correlation":null,"Execution":{"@ProcessID":"2632","@ThreadID":"4140"},"Channel":"Microsoft-Windows-Sysmon/Operational","Computer":"Server002","Security":{"@UserID":"S-1-5-18"}},"EventData":{"Data":[{"@Name":"RuleName","#text":"-"},{"@Name":"UtcTime","#text":"2025-04-30 21:23:40.194"},{"@Name":"ProcessGuid","#text":"dbf410b3-94dc-6812-9306-000000004400"},{"@Name":"ProcessId","#text":"12388"},{"@Name":"Image","#text":"C:\\Windows\\System32\\RuntimeBroker.exe"},{"@Name":"FileVersion","#text":"10.0.19041.4355 (WinBuild.160101.0800)"},{"@Name":"Description","#text":"Runtime Broker"},{"@Name":"Product","#text":"Microsoft® Windows® Operating System"},{"@Name":"Company","#text":"Microsoft Corporation"},{"@Name":"OriginalFileName","#text":"RuntimeBroker.exe"},{"@Name":"CommandLine","#text":"C:\\Windows\\System32\\RuntimeBroker.exe -Embedding"},{"@Name":"CurrentDirectory","#text":"C:\\Windows\\system32\\"},{"@Name":"User","#text":"SERVER002\\lplui"},{"@Name":"LogonGuid","#text":"dbf410b3-dac5-6811-9dd7-030000000000"},{"@Name":"LogonId","#text":"0x3D79D"},{"@Name":"TerminalSessionId","#text":"1"},{"@Name":"IntegrityLevel","#text":"Medium"},{"@Name":"Hashes","#text":"SHA256=579DFCED8F02A7E1E6E8DF10C400117D3127EAD7231776A1E467EB507261E920"},{"@Name":"ParentProcessGuid","#text":"dbf410b3-f6dc-6811-0d00-000000004400"},{"@Name":"ParentProcessId","#text":"784"},{"@Name":"ParentImage","#text":"C:\\Windows\\System32\\svchost.exe"},{"@Name":"ParentCommandLine","#text":"C:\\Windows\\system32\\svchost.exe -k DcomLaunch -p"},{"@Name":"ParentUser","#text":"NT AUTHORITY\\SYSTEM"}]}}}
{"Event":{"System":{"Provider":{"@Name":"Microsoft-Windows-Sysmon","@Guid":"5770385f-c22a-43e0-bf4c-06f5698ffbd9"},"EventID":"1","Version":"5","Level":"4","Task":"1","Opcode":"0","Keywords":"0x8000000000000000","TimeCreated":{"@SystemTime":"2025-04-30 21:23:42.6740119"},"EventRecordID":"56158","Correlation":null,"Execution":{"@ProcessID":"2632","@ThreadID":"4140"},"Channel":"Microsoft-Windows-Sysmon/Operational","Computer":"Server002","Security":{"@UserID":"S-1-5-18"}},"EventData":{"Data":[{"@Name":"RuleName","#text":"-"},{"@Name":"UtcTime","#text":"2025-04-30 21:23:42.664"},{"@Name":"ProcessGuid","#text":"dbf410b3-94de-6812-9406-000000004400"},{"@Name":"ProcessId","#text":"9192"},{"@Name":"Image","#text":"C:\\Windows\\System32\\backgroundTaskHost.exe"},{"@Name":"FileVersion","#text":"10.0.19041.3636 (WinBuild.160101.0800)"},{"@Name":"Description","#text":"Background Task Host"},{"@Name":"Product","#text":"Microsoft® Windows® Operating System"},{"@Name":"Company","#text":"Microsoft Corporation"},{"@Name":"OriginalFileName","#text":"backgroundTaskHost.exe"},{"@Name":"CommandLine","#text":"\"C:\\Windows\\system32\\BackgroundTaskHost.exe\" -ServerName:BackgroundTaskHost.WebAccountProvider"},{"@Name":"CurrentDirectory","#text":"C:\\Windows\\SystemApps\\Microsoft.AAD.BrokerPlugin_cw5n1h2txyewy\\"},{"@Name":"User","#text":"SERVER002\\lplui"},{"@Name":"LogonGuid","#text":"dbf410b3-dac5-6811-9dd7-030000000000"},{"@Name":"LogonId","#text":"0x3D79D"},{"@Name":"TerminalSessionId","#text":"1"},{"@Name":"IntegrityLevel","#text":"AppContainer"},{"@Name":"Hashes","#text":"SHA256=7077CBF56490C86FC74C0CC6C0379AB679F06A066E71906AD23458F664836449"},{"@Name":"ParentProcessGuid","#text":"dbf410b3-f6dc-6811-0d00-000000004400"},{"@Name":"ParentProcessId","#text":"784"},{"@Name":"ParentImage","#text":"C:\\Windows\\System32\\svchost.exe"},{"@Name":"ParentCommandLine","#text":"C:\\Windows\\system32\\svchost.exe -k DcomLaunch -p"},{"@Name":"ParentUser","#text":"NT AUTHORITY\\SYSTEM"}]}}}
{"Event":{"System":{"Provider":{"@Name":"Microsoft-Windows-Sysmon","@Guid":"5770385f-c22a-43e0-bf4c-06f5698ffbd9"},"EventID":"5","Version":"3","Level":"4","Task":"5","Opcode":"0","Keywords":"0x8000000000000000","TimeCreated":{"@SystemTime":"2025-04-30 21:23:43.4083678"},"EventRecordID":"56159","Correlation":null,"Execution":{"@ProcessID":"2632","@ThreadID":"4140"},"Channel":"Microsoft-Windows-Sysmon/Operational","Computer":"Server002","Security":{"@UserID":"S-1-5-18"}},"EventData":{"Data":[{"@Name":"RuleName","#text":"-"},{"@Name":"UtcTime","#text":"2025-04-30 21:23:43.396"},{"@Name":"ProcessGuid","#text":"dbf410b3-94de-6812-9406-000000004400"},{"@Name":"ProcessId","#text":"9192"},{"@Name":"Image","#text":"C:\\Windows\\System32\\backgroundTaskHost.exe"},{"@Name":"User","#text":"SERVER002\\lplui"}]}}}
{"Event":{"System":{"Provider":{"@Name":"Microsoft-Windows-Sysmon","@Guid":"5770385f-c22a-43e0-bf4c-06f5698ffbd9"},"EventID":"1","Version":"5","Level":"4","Task":"1","Opcode":"0","Keywords":"0x8000000000000000","TimeCreated":{"@SystemTime":"2025-04-30 21:23:46.0905621"},"EventRecordID":"56160","Correlation":null,"Execution":{"@ProcessID":"2632","@ThreadID":"4140"},"Channel":"Microsoft-Windows-Sysmon/Operational","Computer":"Server002","Security":{"@UserID":"S-1-5-18"}},"EventData":{"Data":[{"@Name":"RuleName","#text":"-"},{"@Name":"UtcTime","#text":"2025-04-30 21:23:46.078"},{"@Name":"ProcessGuid","#text":"dbf410b3-94e2-6812-9506-000000004400"},{"@Name":"ProcessId","#text":"2448"},{"@Name":"Image","#text":"C:\\Program Files\\WindowsApps\\Microsoft.YourPhone_1.25032.76.0_x64__8wekyb3d8bbwe\\PhoneExperienceHost.exe"},{"@Name":"FileVersion","#text":"1.25032.76.0"},{"@Name":"Description","#text":"Microsoft Phone Link"},{"@Name":"Product","#text":"Microsoft Phone Link"},{"@Name":"Company","#text":"Microsoft Corporation"},{"@Name":"OriginalFileName","#text":"PhoneExperienceHost.dll"},{"@Name":"CommandLine","#text":"\"C:\\Program Files\\WindowsApps\\Microsoft.YourPhone_1.25032.76.0_x64__8wekyb3d8bbwe\\PhoneExperienceHost.exe\" -ComServer:Background -Embedding"},{"@Name":"CurrentDirectory","#text":"C:\\Windows\\system32\\"},{"@Name":"User","#text":"SERVER002\\lplui"},{"@Name":"LogonGuid","#text":"dbf410b3-dac5-6811-9dd7-030000000000"},{"@Name":"LogonId","#text":"0x3D79D"},{"@Name":"TerminalSessionId","#text":"1"},{"@Name":"IntegrityLevel","#text":"Medium"},{"@Name":"Hashes","#text":"SHA256=78DCF3CBAAB1E513E840BD57044B980D4DF93997597AD126258B0C1FAB619B30"},{"@Name":"ParentProcessGuid","#text":"dbf410b3-f6dc-6811-0d00-000000004400"},{"@Name":"ParentProcessId","#text":"784"},{"@Name":"ParentImage","#text":"C:\\Windows\\System32\\svchost.exe"},{"@Name":"ParentCommandLine","#text":"C:\\Windows\\system32\\svchost.exe -k DcomLaunch -p"},{"@Name":"ParentUser","#text":"NT AUTHORITY\\SYSTEM"}]}}}
{"Event":{"System":{"Provider":{"@Name":"Microsoft-Windows-Sysmon","@Guid":"5770385f-c22a-43e0-bf4c-06f5698ffbd9"},"EventID":"5","Version":"3","Level":"4","Task":"5","Opcode":"0","Keywords":"0x8000000000000000","TimeCreated":{"@SystemTime":"2025-04-30 21:23:47.5913337"},"EventRecordID":"56161","Correlation":null,"Execution":{"@ProcessID":"2632","@ThreadID":"4140"},"Channel":"Microsoft-Windows-Sysmon/Operational","Computer":"Server002","Security":{"@UserID":"S-1-5-18"}},"EventData":{"Data":[{"@Name":"RuleName","#text":"-"},{"@Name":"UtcTime","#text":"2025-04-30 21:23:47.580"},{"@Name":"ProcessGuid","#text":"dbf410b3-94d9-6812-9206-000000004400"},{"@Name":"ProcessId","#text":"13020"},{"@Name":"Image","#text":"C:\\Program Files\\Microsoft OneDrive\\25.065.0406.0002\\FileCoAuth.exe"},{"@Name":"User","#text":"SERVER002\\lplui"}]}}}
{"Event":{"System":{"Provider":{"@Name":"Microsoft-Windows-Sysmon","@Guid":"5770385f-c22a-43e0-bf4c-06f5698ffbd9"},"EventID":"1","Version":"5","Level":"4","Task":"1","Opcode":"0","Keywords":"0x8000000000000000","TimeCreated":{"@SystemTime":"2025-04-30 21:23:53.2464449"},"EventRecordID":"56162","Correlation":null,"Execution":{"@ProcessID":"2632","@ThreadID":"4140"},"Channel":"Microsoft-Windows-Sysmon/Operational","Computer":"Server002","Security":{"@UserID":"S-1-5-18"}},"EventData":{"Data":[{"@Name":"RuleName","#text":"-"},{"@Name":"UtcTime","#text":"2025-04-30 21:23:53.240"},{"@Name":"ProcessGuid","#text":"dbf410b3-94e9-6812-9606-000000004400"},{"@Name":"ProcessId","#text":"6924"},{"@Name":"Image","#text":"C:\\Windows\\System32\\backgroundTaskHost.exe"},{"@Name":"FileVersion","#text":"10.0.19041.3636 (WinBuild.160101.0800)"},{"@Name":"Description","#text":"Background Task Host"},{"@Name":"Product","#text":"Microsoft® Windows® Operating System"},{"@Name":"Company","#text":"Microsoft Corporation"},{"@Name":"OriginalFileName","#text":"backgroundTaskHost.exe"},{"@Name":"CommandLine","#text":"\"C:\\Windows\\system32\\backgroundTaskHost.exe\" -ServerName:App.AppXmtcan0h2tfbfy7k9kn8hbxb6dmzz1zh0.mca"},{"@Name":"CurrentDirectory","#text":"C:\\Windows\\SystemApps\\Microsoft.Windows.ContentDeliveryManager_cw5n1h2txyewy\\"},{"@Name":"User","#text":"SERVER002\\lplui"},{"@Name":"LogonGuid","#text":"dbf410b3-dac5-6811-9dd7-030000000000"},{"@Name":"LogonId","#text":"0x3D79D"},{"@Name":"TerminalSessionId","#text":"1"},{"@Name":"IntegrityLevel","#text":"AppContainer"},{"@Name":"Hashes","#text":"SHA256=7077CBF56490C86FC74C0CC6C0379AB679F06A066E71906AD23458F664836449"},{"@Name":"ParentProcessGuid","#text":"dbf410b3-f6dc-6811-0d00-000000004400"},{"@Name":"ParentProcessId","#text":"784"},{"@Name":"ParentImage","#text":"C:\\Windows\\System32\\svchost.exe"},{"@Name":"ParentCommandLine","#text":"C:\\Windows\\system32\\svchost.exe -k DcomLaunch -p"},{"@Name":"ParentUser","#text":"NT AUTHORITY\\SYSTEM"}]}}}
{"Event":{"System":{"Provider":{"@Name":"Microsoft-Windows-Sysmon","@Guid":"5770385f-c22a-43e0-bf4c-06f5698ffbd9"},"EventID":"5","Version":"3","Level":"4","Task":"5","Opcode":"0","Keywords":"0x8000000000000000","TimeCreated":{"@SystemTime":"2025-04-30 21:23:53.6265338"},"EventRecordID":"56163","Correlation":null,"Execution":{"@ProcessID":"2632","@ThreadID":"4140"},"Channel":"Microsoft-Windows-Sysmon/Operational","Computer":"Server002","Security":{"@UserID":"S-1-5-18"}},"EventData":{"Data":[{"@Name":"RuleName","#text":"-"},{"@Name":"UtcTime","#text":"2025-04-30 21:23:53.624"},{"@Name":"ProcessGuid","#text":"dbf410b3-94e9-6812-9606-000000004400"},{"@Name":"ProcessId","#text":"6924"},{"@Name":"Image","#text":"C:\\Windows\\System32\\backgroundTaskHost.exe"},{"@Name":"User","#text":"SERVER002\\lplui"}]}}}
{"Event":{"System":{"Provider":{"@Name":"Microsoft-Windows-Sysmon","@Guid":"5770385f-c22a-43e0-bf4c-06f5698ffbd9"},"EventID":"5","Version":"3","Level":"4","Task":"5","Opcode":"0","Keywords":"0x8000000000000000","TimeCreated":{"@SystemTime":"2025-04-30 21:24:07.9745978"},"EventRecordID":"56164","Correlation":null,"Execution":{"@ProcessID":"2632","@ThreadID":"4140"},"Channel":"Microsoft-Windows-Sysmon/Operational","Computer":"Server002","Security":{"@UserID":"S-1-5-18"}},"EventData":{"Data":[{"@Name":"RuleName","#text":"-"},{"@Name":"UtcTime","#text":"2025-04-30 21:24:07.973"},{"@Name":"ProcessGuid","#text":"dbf410b3-94d4-6812-8d06-000000004400"},{"@Name":"ProcessId","#text":"5188"},{"@Name":"Image","#text":"C:\\Program Files\\WindowsApps\\microsoft.windowscommunicationsapps_16005.14326.22342.0_x64__8wekyb3d8bbwe\\HxTsr.exe"},{"@Name":"User","#text":"SERVER002\\lplui"}]}}}
{"Event":{"System":{"Provider":{"@Name":"Microsoft-Windows-Sysmon","@Guid":"5770385f-c22a-43e0-bf4c-06f5698ffbd9"},"EventID":"5","Version":"3","Level":"4","Task":"5","Opcode":"0","Keywords":"0x8000000000000000","TimeCreated":{"@SystemTime":"2025-04-30 21:24:29.1755773"},"EventRecordID":"56165","Correlation":null,"Execution":{"@ProcessID":"2632","@ThreadID":"4140"},"Channel":"Microsoft-Windows-Sysmon/Operational","Computer":"Server002","Security":{"@UserID":"S-1-5-18"}},"EventData":{"Data":[{"@Name":"RuleName","#text":"-"},{"@Name":"UtcTime","#text":"2025-04-30 21:24:29.174"},{"@Name":"ProcessGuid","#text":"dbf410b3-94d4-6812-8e06-000000004400"},{"@Name":"ProcessId","#text":"11840"},{"@Name":"Image","#text":"C:\\Windows\\System32\\backgroundTaskHost.exe"},{"@Name":"User","#text":"SERVER002\\lplui"}]}}}
{"Event":{"System":{"Provider":{"@Name":"Microsoft-Windows-Sysmon","@Guid":"5770385f-c22a-43e0-bf4c-06f5698ffbd9"},"EventID":"5","Version":"3","Level":"4","Task":"5","Opcode":"0","Keywords":"0x8000000000000000","TimeCreated":{"@SystemTime":"2025-04-30 21:24:33.0255585"},"EventRecordID":"56166","Correlation":null,"Execution":{"@ProcessID":"2632","@ThreadID":"4140"},"Channel":"Microsoft-Windows-Sysmon/Operational","Computer":"Server002","Security":{"@UserID":"S-1-5-18"}},"EventData":{"Data":[{"@Name":"RuleName","#text":"-"},{"@Name":"UtcTime","#text":"2025-04-30 21:24:33.024"},{"@Name":"ProcessGuid","#text":"dbf410b3-94d7-6812-9106-000000004400"},{"@Name":"ProcessId","#text":"11972"},{"@Name":"Image","#text":"C:\\Windows\\System32\\RuntimeBroker.exe"},{"@Name":"User","#text":"SERVER002\\lplui"}]}}}
{"Event":{"System":{"Provider":{"@Name":"Microsoft-Windows-Sysmon","@Guid":"5770385f-c22a-43e0-bf4c-06f5698ffbd9"},"EventID":"5","Version":"3","Level":"4","Task":"5","Opcode":"0","Keywords":"0x8000000000000000","TimeCreated":{"@SystemTime":"2025-04-30 21:24:33.9149715"},"EventRecordID":"56167","Correlation":null,"Execution":{"@ProcessID":"2632","@ThreadID":"4140"},"Channel":"Microsoft-Windows-Sysmon/Operational","Computer":"Server002","Security":{"@UserID":"S-1-5-18"}},"EventData":{"Data":[{"@Name":"RuleName","#text":"-"},{"@Name":"UtcTime","#text":"2025-04-30 21:24:33.912"},{"@Name":"ProcessGuid","#text":"dbf410b3-94d4-6812-9006-000000004400"},{"@Name":"ProcessId","#text":"11108"},{"@Name":"Image","#text":"C:\\Windows\\System32\\backgroundTaskHost.exe"},{"@Name":"User","#text":"SERVER002\\lplui"}]}}}
{"Event":{"System":{"Provider":{"@Name":"Microsoft-Windows-Sysmon","@Guid":"5770385f-c22a-43e0-bf4c-06f5698ffbd9"},"EventID":"5","Version":"3","Level":"4","Task":"5","Opcode":"0","Keywords":"0x8000000000000000","TimeCreated":{"@SystemTime":"2025-04-30 21:24:34.9731200"},"EventRecordID":"56168","Correlation":null,"Execution":{"@ProcessID":"2632","@ThreadID":"4140"},"Channel":"Microsoft-Windows-Sysmon/Operational","Computer":"Server002","Security":{"@UserID":"S-1-5-18"}},"EventData":{"Data":[{"@Name":"RuleName","#text":"-"},{"@Name":"UtcTime","#text":"2025-04-30 21:24:34.972"},{"@Name":"ProcessGuid","#text":"dbf410b3-94d4-6812-8c06-000000004400"},{"@Name":"ProcessId","#text":"3608"},{"@Name":"Image","#text":"C:\\Windows\\System32\\backgroundTaskHost.exe"},{"@Name":"User","#text":"SERVER002\\lplui"}]}}}
{"Event":{"System":{"Provider":{"@Name":"Microsoft-Windows-Sysmon","@Guid":"5770385f-c22a-43e0-bf4c-06f5698ffbd9"},"EventID":"5","Version":"3","Level":"4","Task":"5","Opcode":"0","Keywords":"0x8000000000000000","TimeCreated":{"@SystemTime":"2025-04-30 21:24:35.4255825"},"EventRecordID":"56169","Correlation":null,"Execution":{"@ProcessID":"2632","@ThreadID":"4140"},"Channel":"Microsoft-Windows-Sysmon/Operational","Computer":"Server002","Security":{"@UserID":"S-1-5-18"}},"EventData":{"Data":[{"@Name":"RuleName","#text":"-"},{"@Name":"UtcTime","#text":"2025-04-30 21:24:35.425"},{"@Name":"ProcessGuid","#text":"dbf410b3-94d4-6812-8b06-000000004400"},{"@Name":"ProcessId","#text":"12460"},{"@Name":"Image","#text":"C:\\Windows\\System32\\backgroundTaskHost.exe"},{"@Name":"User","#text":"SERVER002\\lplui"}]}}}
{"Event":{"System":{"Provider":{"@Name":"Microsoft-Windows-Sysmon","@Guid":"5770385f-c22a-43e0-bf4c-06f5698ffbd9"},"EventID":"5","Version":"3","Level":"4","Task":"5","Opcode":"0","Keywords":"0x8000000000000000","TimeCreated":{"@SystemTime":"2025-04-30 21:24:47.1612900"},"EventRecordID":"56170","Correlation":null,"Execution":{"@ProcessID":"2632","@ThreadID":"4140"},"Channel":"Microsoft-Windows-Sysmon/Operational","Computer":"Server002","Security":{"@UserID":"S-1-5-18"}},"EventData":{"Data":[{"@Name":"RuleName","#text":"-"},{"@Name":"UtcTime","#text":"2025-04-30 21:24:47.159"},{"@Name":"ProcessGuid","#text":"dbf410b3-94d4-6812-8f06-000000004400"},{"@Name":"ProcessId","#text":"9704"},{"@Name":"Image","#text":"C:\\Windows\\System32\\backgroundTaskHost.exe"},{"@Name":"User","#text":"SERVER002\\lplui"}]}}}
{"Event":{"System":{"Provider":{"@Name":"Microsoft-Windows-Sysmon","@Guid":"5770385f-c22a-43e0-bf4c-06f5698ffbd9"},"EventID":"5","Version":"3","Level":"4","Task":"5","Opcode":"0","Keywords":"0x8000000000000000","TimeCreated":{"@SystemTime":"2025-04-30 21:25:08.4104198"},"EventRecordID":"56171","Correlation":null,"Execution":{"@ProcessID":"2632","@ThreadID":"4140"},"Channel":"Microsoft-Windows-Sysmon/Operational","Computer":"Server002","Security":{"@UserID":"S-1-5-18"}},"EventData":{"Data":[{"@Name":"RuleName","#text":"-"},{"@Name":"UtcTime","#text":"2025-04-30 21:25:08.409"},{"@Name":"ProcessGuid","#text":"dbf410b3-94dc-6812-9306-000000004400"},{"@Name":"ProcessId","#text":"12388"},{"@Name":"Image","#text":"C:\\Windows\\System32\\RuntimeBroker.exe"},{"@Name":"User","#text":"SERVER002\\lplui"}]}}}
{"Event":{"System":{"Provider":{"@Name":"Microsoft-Windows-Sysmon","@Guid":"5770385f-c22a-43e0-bf4c-06f5698ffbd9"},"EventID":"1","Version":"5","Level":"4","Task":"1","Opcode":"0","Keywords":"0x8000000000000000","TimeCreated":{"@SystemTime":"2025-04-30 21:25:20.8663747"},"EventRecordID":"56172","Correlation":null,"Execution":{"@ProcessID":"2632","@ThreadID":"4140"},"Channel":"Microsoft-Windows-Sysmon/Operational","Computer":"Server002","Security":{"@UserID":"S-1-5-18"}},"EventData":{"Data":[{"@Name":"RuleName","#text":"-"},{"@Name":"UtcTime","#text":"2025-04-30 21:25:20.855"},{"@Name":"ProcessGuid","#text":"dbf410b3-9540-6812-9706-000000004400"},{"@Name":"ProcessId","#text":"12252"},{"@Name":"Image","#text":"C:\\Program Files\\Microsoft OneDrive\\25.065.0406.0002\\FileCoAuth.exe"},{"@Name":"FileVersion","#text":"25.065.0406.0002"},{"@Name":"Description","#text":"Microsoft OneDriveFile Co-Authoring Executable"},{"@Name":"Product","#text":"Microsoft OneDrive"},{"@Name":"Company","#text":"Microsoft Corporation"},{"@Name":"OriginalFileName","#text":"FileCoAuth.exe"},{"@Name":"CommandLine","#text":"\"C:\\Program Files\\Microsoft OneDrive\\25.065.0406.0002\\FileCoAuth.exe\" -Embedding"},{"@Name":"CurrentDirectory","#text":"C:\\Windows\\system32\\"},{"@Name":"User","#text":"SERVER002\\lplui"},{"@Name":"LogonGuid","#text":"dbf410b3-dac5-6811-9dd7-030000000000"},{"@Name":"LogonId","#text":"0x3D79D"},{"@Name":"TerminalSessionId","#text":"1"},{"@Name":"IntegrityLevel","#text":"Medium"},{"@Name":"Hashes","#text":"SHA256=B7B20F19DE611698C5CAE2677B63494A5C61CB74179012E1C63C7F7EB3ECC6AF"},{"@Name":"ParentProcessGuid","#text":"dbf410b3-f6dc-6811-0d00-000000004400"},{"@Name":"ParentProcessId","#text":"784"},{"@Name":"ParentImage","#text":"C:\\Windows\\System32\\svchost.exe"},{"@Name":"ParentCommandLine","#text":"C:\\Windows\\system32\\svchost.exe -k DcomLaunch -p"},{"@Name":"ParentUser","#text":"NT AUTHORITY\\SYSTEM"}]}}}
{"Event":{"System":{"Provider":{"@Name":"Microsoft-Windows-Sysmon","@Guid":"5770385f-c22a-43e0-bf4c-06f5698ffbd9"},"EventID":"1","Version":"5","Level":"4","Task":"1","Opcode":"0","Keywords":"0x8000000000000000","TimeCreated":{"@SystemTime":"2025-04-30 21:25:22.5632922"},"EventRecordID":"56173","Correlation":null,"Execution":{"@ProcessID":"2632","@ThreadID":"4140"},"Channel":"Microsoft-Windows-Sysmon/Operational","Computer":"Server002","Security":{"@UserID":"S-1-5-18"}},"EventData":{"Data":[{"@Name":"RuleName","#text":"-"},{"@Name":"UtcTime","#text":"2025-04-30 21:25:22.542"},{"@Name":"ProcessGuid","#text":"dbf410b3-9542-6812-9806-000000004400"},{"@Name":"ProcessId","#text":"10876"},{"@Name":"Image","#text":"C:\\Windows\\System32\\MoUsoCoreWorker.exe"},{"@Name":"FileVersion","#text":"10.0.19041.5678 (WinBuild.160101.0800)"},{"@Name":"Description","#text":"MoUSO Core Worker Process"},{"@Name":"Product","#text":"Microsoft® Windows® Operating System"},{"@Name":"Company","#text":"Microsoft Corporation"},{"@Name":"OriginalFileName","#text":"MoUSOCoreWorker.exe"},{"@Name":"CommandLine","#text":"C:\\Windows\\System32\\mousocoreworker.exe -Embedding"},{"@Name":"CurrentDirectory","#text":"C:\\Windows\\system32\\"},{"@Name":"User","#text":"NT AUTHORITY\\SYSTEM"},{"@Name":"LogonGuid","#text":"dbf410b3-f6db-6811-e703-000000000000"},{"@Name":"LogonId","#text":"0x3E7"},{"@Name":"TerminalSessionId","#text":"0"},{"@Name":"IntegrityLevel","#text":"System"},{"@Name":"Hashes","#text":"SHA256=235882DE2347DB7A4CE2BBD7599B5D8D56C93A8BC18207DBEE7173B9BAD068FE"},{"@Name":"ParentProcessGuid","#text":"dbf410b3-f6dc-6811-0d00-000000004400"},{"@Name":"ParentProcessId","#text":"784"},{"@Name":"ParentImage","#text":"C:\\Windows\\System32\\svchost.exe"},{"@Name":"ParentCommandLine","#text":"C:\\Windows\\system32\\svchost.exe -k DcomLaunch -p"},{"@Name":"ParentUser","#text":"NT AUTHORITY\\SYSTEM"}]}}}
{"Event":{"System":{"Provider":{"@Name":"Microsoft-Windows-Sysmon","@Guid":"5770385f-c22a-43e0-bf4c-06f5698ffbd9"},"EventID":"5","Version":"3","Level":"4","Task":"5","Opcode":"0","Keywords":"0x8000000000000000","TimeCreated":{"@SystemTime":"2025-04-30 21:25:28.7666848"},"EventRecordID":"56174","Correlation":null,"Execution":{"@ProcessID":"2632","@ThreadID":"4140"},"Channel":"Microsoft-Windows-Sysmon/Operational","Computer":"Server002","Security":{"@UserID":"S-1-5-18"}},"EventData":{"Data":[{"@Name":"RuleName","#text":"-"},{"@Name":"UtcTime","#text":"2025-04-30 21:25:28.764"},{"@Name":"ProcessGuid","#text":"dbf410b3-9540-6812-9706-000000004400"},{"@Name":"ProcessId","#text":"12252"},{"@Name":"Image","#text":"C:\\Program Files\\Microsoft OneDrive\\25.065.0406.0002\\FileCoAuth.exe"},{"@Name":"User","#text":"SERVER002\\lplui"}]}}}
{"Event":{"System":{"Provider":{"@Name":"Microsoft-Windows-Sysmon","@Guid":"5770385f-c22a-43e0-bf4c-06f5698ffbd9"},"EventID":"5","Version":"3","Level":"4","Task":"5","Opcode":"0","Keywords":"0x8000000000000000","TimeCreated":{"@SystemTime":"2025-04-30 21:26:21.9777495"},"EventRecordID":"56175","Correlation":null,"Execution":{"@ProcessID":"2632","@ThreadID":"4140"},"Channel":"Microsoft-Windows-Sysmon/Operational","Computer":"Server002","Security":{"@UserID":"S-1-5-18"}},"EventData":{"Data":[{"@Name":"RuleName","#text":"-"},{"@Name":"UtcTime","#text":"2025-04-30 21:26:21.976"},{"@Name":"ProcessGuid","#text":"dbf410b3-9542-6812-9806-000000004400"},{"@Name":"ProcessId","#text":"10876"},{"@Name":"Image","#text":"C:\\Windows\\System32\\MoUsoCoreWorker.exe"},{"@Name":"User","#text":"NT AUTHORITY\\SYSTEM"}]}}}
{"Event":{"System":{"Provider":{"@Name":"Microsoft-Windows-Sysmon","@Guid":"5770385f-c22a-43e0-bf4c-06f5698ffbd9"},"EventID":"1","Version":"5","Level":"4","Task":"1","Opcode":"0","Keywords":"0x8000000000000000","TimeCreated":{"@SystemTime":"2025-04-30 21:27:36.4245070"},"EventRecordID":"56176","Correlation":null,"Execution":{"@ProcessID":"2632","@ThreadID":"4140"},"Channel":"Microsoft-Windows-Sysmon/Operational","Computer":"Server002","Security":{"@UserID":"S-1-5-18"}},"EventData":{"Data":[{"@Name":"RuleName","#text":"-"},{"@Name":"UtcTime","#text":"2025-04-30 21:27:36.408"},{"@Name":"ProcessGuid","#text":"dbf410b3-95c8-6812-9906-000000004400"},{"@Name":"ProcessId","#text":"5848"},{"@Name":"Image","#text":"C:\\Windows\\System32\\MoUsoCoreWorker.exe"},{"@Name":"FileVersion","#text":"10.0.19041.5678 (WinBuild.160101.0800)"},{"@Name":"Description","#text":"MoUSO Core Worker Process"},{"@Name":"Product","#text":"Microsoft® Windows® Operating System"},{"@Name":"Company","#text":"Microsoft Corporation"},{"@Name":"OriginalFileName","#text":"MoUSOCoreWorker.exe"},{"@Name":"CommandLine","#text":"C:\\Windows\\System32\\mousocoreworker.exe -Embedding"},{"@Name":"CurrentDirectory","#text":"C:\\Windows\\system32\\"},{"@Name":"User","#text":"NT AUTHORITY\\SYSTEM"},{"@Name":"LogonGuid","#text":"dbf410b3-f6db-6811-e703-000000000000"},{"@Name":"LogonId","#text":"0x3E7"},{"@Name":"TerminalSessionId","#text":"0"},{"@Name":"IntegrityLevel","#text":"System"},{"@Name":"Hashes","#text":"SHA256=235882DE2347DB7A4CE2BBD7599B5D8D56C93A8BC18207DBEE7173B9BAD068FE"},{"@Name":"ParentProcessGuid","#text":"dbf410b3-f6dc-6811-0d00-000000004400"},{"@Name":"ParentProcessId","#text":"784"},{"@Name":"ParentImage","#text":"C:\\Windows\\System32\\svchost.exe"},{"@Name":"ParentCommandLine","#text":"C:\\Windows\\system32\\svchost.exe -k DcomLaunch -p"},{"@Name":"ParentUser","#text":"NT AUTHORITY\\SYSTEM"}]}}}
{"Event":{"System":{"Provider":{"@Name":"Microsoft-Windows-Sysmon","@Guid":"5770385f-c22a-43e0-bf4c-06f5698ffbd9"},"EventID":"5","Version":"3","Level":"4","Task":"5","Opcode":"0","Keywords":"0x8000000000000000","TimeCreated":{"@SystemTime":"2025-04-30 21:28:36.7146796"},"EventRecordID":"56177","Correlation":null,"Execution":{"@ProcessID":"2632","@ThreadID":"4140"},"Channel":"Microsoft-Windows-Sysmon/Operational","Computer":"Server002","Security":{"@UserID":"S-1-5-18"}},"EventData":{"Data":[{"@Name":"RuleName","#text":"-"},{"@Name":"UtcTime","#text":"2025-04-30 21:28:36.713"},{"@Name":"ProcessGuid","#text":"dbf410b3-95c8-6812-9906-000000004400"},{"@Name":"ProcessId","#text":"5848"},{"@Name":"Image","#text":"C:\\Windows\\System32\\MoUsoCoreWorker.exe"},{"@Name":"User","#text":"NT AUTHORITY\\SYSTEM"}]}}}
{"Event":{"System":{"Provider":{"@Name":"Microsoft-Windows-Sysmon","@Guid":"5770385f-c22a-43e0-bf4c-06f5698ffbd9"},"EventID":"5","Version":"3","Level":"4","Task":"5","Opcode":"0","Keywords":"0x8000000000000000","TimeCreated":{"@SystemTime":"2025-04-30 21:28:49.6821282"},"EventRecordID":"56178","Correlation":null,"Execution":{"@ProcessID":"2632","@ThreadID":"4140"},"Channel":"Microsoft-Windows-Sysmon/Operational","Computer":"Server002","Security":{"@UserID":"S-1-5-18"}},"EventData":{"Data":[{"@Name":"RuleName","#text":"-"},{"@Name":"UtcTime","#text":"2025-04-30 21:28:49.681"},{"@Name":"ProcessGuid","#text":"dbf410b3-94d4-6812-8a06-000000004400"},{"@Name":"ProcessId","#text":"12884"},{"@Name":"Image","#text":"C:\\Windows\\System32\\svchost.exe"},{"@Name":"User","#text":"NT AUTHORITY\\SYSTEM"}]}}}
{"Event":{"System":{"Provider":{"@Name":"Microsoft-Windows-Sysmon","@Guid":"5770385f-c22a-43e0-bf4c-06f5698ffbd9"},"EventID":"5","Version":"3","Level":"4","Task":"5","Opcode":"0","Keywords":"0x8000000000000000","TimeCreated":{"@SystemTime":"2025-04-30 21:29:50.6977341"},"EventRecordID":"56179","Correlation":null,"Execution":{"@ProcessID":"2632","@ThreadID":"4140"},"Channel":"Microsoft-Windows-Sysmon/Operational","Computer":"Server002","Security":{"@UserID":"S-1-5-18"}},"EventData":{"Data":[{"@Name":"RuleName","#text":"-"},{"@Name":"UtcTime","#text":"2025-04-30 21:29:50.697"},{"@Name":"ProcessGuid","#text":"dbf410b3-9390-6812-8406-000000004400"},{"@Name":"ProcessId","#text":"12048"},{"@Name":"Image","#text":"C:\\Windows\\System32\\svchost.exe"},{"@Name":"User","#text":"NT AUTHORITY\\SYSTEM"}]}}}
{"Event":{"System":{"Provider":{"@Name":"Microsoft-Windows-Sysmon","@Guid":"5770385f-c22a-43e0-bf4c-06f5698ffbd9"},"EventID":"1","Version":"5","Level":"4","Task":"1","Opcode":"0","Keywords":"0x8000000000000000","TimeCreated":{"@SystemTime":"2025-04-30 21:30:19.6861288"},"EventRecordID":"56180","Correlation":null,"Execution":{"@ProcessID":"2632","@ThreadID":"4140"},"Channel":"Microsoft-Windows-Sysmon/Operational","Computer":"Server002","Security":{"@UserID":"S-1-5-18"}},"EventData":{"Data":[{"@Name":"RuleName","#text":"-"},{"@Name":"UtcTime","#text":"2025-04-30 21:30:19.674"},{"@Name":"ProcessGuid","#text":"dbf410b3-966b-6812-9a06-000000004400"},{"@Name":"ProcessId","#text":"5876"},{"@Name":"Image","#text":"C:\\Windows\\System32\\MoUsoCoreWorker.exe"},{"@Name":"FileVersion","#text":"10.0.19041.5678 (WinBuild.160101.0800)"},{"@Name":"Description","#text":"MoUSO Core Worker Process"},{"@Name":"Product","#text":"Microsoft® Windows® Operating System"},{"@Name":"Company","#text":"Microsoft Corporation"},{"@Name":"OriginalFileName","#text":"MoUSOCoreWorker.exe"},{"@Name":"CommandLine","#text":"C:\\Windows\\System32\\mousocoreworker.exe -Embedding"},{"@Name":"CurrentDirectory","#text":"C:\\Windows\\system32\\"},{"@Name":"User","#text":"NT AUTHORITY\\SYSTEM"},{"@Name":"LogonGuid","#text":"dbf410b3-f6db-6811-e703-000000000000"},{"@Name":"LogonId","#text":"0x3E7"},{"@Name":"TerminalSessionId","#text":"0"},{"@Name":"IntegrityLevel","#text":"System"},{"@Name":"Hashes","#text":"SHA256=235882DE2347DB7A4CE2BBD7599B5D8D56C93A8BC18207DBEE7173B9BAD068FE"},{"@Name":"ParentProcessGuid","#text":"dbf410b3-f6dc-6811-0d00-000000004400"},{"@Name":"ParentProcessId","#text":"784"},{"@Name":"ParentImage","#text":"C:\\Windows\\System32\\svchost.exe"},{"@Name":"ParentCommandLine","#text":"C:\\Windows\\system32\\svchost.exe -k DcomLaunch -p"},{"@Name":"ParentUser","#text":"NT AUTHORITY\\SYSTEM"}]}}}
{"Event":{"System":{"Provider":{"@Name":"Microsoft-Windows-Sysmon","@Guid":"5770385f-c22a-43e0-bf4c-06f5698ffbd9"},"EventID":"5","Version":"3","Level":"4","Task":"5","Opcode":"0","Keywords":"0x8000000000000000","TimeCreated":{"@SystemTime":"2025-04-30 21:30:26.5659110"},"EventRecordID":"56181","Correlation":null,"Execution":{"@ProcessID":"2632","@ThreadID":"4140"},"Channel":"Microsoft-Windows-Sysmon/Operational","Computer":"Server002","Security":{"@UserID":"S-1-5-18"}},"EventData":{"Data":[{"@Name":"RuleName","#text":"-"},{"@Name":"UtcTime","#text":"2025-04-30 21:30:26.564"},{"@Name":"ProcessGuid","#text":"dbf410b3-9416-6812-8906-000000004400"},{"@Name":"ProcessId","#text":"12728"},{"@Name":"Image","#text":"C:\\Windows\\System32\\svchost.exe"},{"@Name":"User","#text":"NT AUTHORITY\\SYSTEM"}]}}}
{"Event":{"System":{"Provider":{"@Name":"Microsoft-Windows-Sysmon","@Guid":"5770385f-c22a-43e0-bf4c-06f5698ffbd9"},"EventID":"5","Version":"3","Level":"4","Task":"5","Opcode":"0","Keywords":"0x8000000000000000","TimeCreated":{"@SystemTime":"2025-04-30 21:31:23.2492150"},"EventRecordID":"56182","Correlation":null,"Execution":{"@ProcessID":"2632","@ThreadID":"4140"},"Channel":"Microsoft-Windows-Sysmon/Operational","Computer":"Server002","Security":{"@UserID":"S-1-5-18"}},"EventData":{"Data":[{"@Name":"RuleName","#text":"-"},{"@Name":"UtcTime","#text":"2025-04-30 21:31:23.247"},{"@Name":"ProcessGuid","#text":"dbf410b3-966b-6812-9a06-000000004400"},{"@Name":"ProcessId","#text":"5876"},{"@Name":"Image","#text":"C:\\Windows\\System32\\MoUsoCoreWorker.exe"},{"@Name":"User","#text":"NT AUTHORITY\\SYSTEM"}]}}}
{"Event":{"System":{"Provider":{"@Name":"Microsoft-Windows-Sysmon","@Guid":"5770385f-c22a-43e0-bf4c-06f5698ffbd9"},"EventID":"1","Version":"5","Level":"4","Task":"1","Opcode":"0","Keywords":"0x8000000000000000","TimeCreated":{"@SystemTime":"2025-04-30 21:35:20.7629323"},"EventRecordID":"56183","Correlation":null,"Execution":{"@ProcessID":"2632","@ThreadID":"4140"},"Channel":"Microsoft-Windows-Sysmon/Operational","Computer":"Server002","Security":{"@UserID":"S-1-5-18"}},"EventData":{"Data":[{"@Name":"RuleName","#text":"-"},{"@Name":"UtcTime","#text":"2025-04-30 21:35:20.743"},{"@Name":"ProcessGuid","#text":"dbf410b3-9798-6812-9b06-000000004400"},{"@Name":"ProcessId","#text":"9620"},{"@Name":"Image","#text":"C:\\Program Files\\Microsoft OneDrive\\25.065.0406.0002\\FileCoAuth.exe"},{"@Name":"FileVersion","#text":"25.065.0406.0002"},{"@Name":"Description","#text":"Microsoft OneDriveFile Co-Authoring Executable"},{"@Name":"Product","#text":"Microsoft OneDrive"},{"@Name":"Company","#text":"Microsoft Corporation"},{"@Name":"OriginalFileName","#text":"FileCoAuth.exe"},{"@Name":"CommandLine","#text":"\"C:\\Program Files\\Microsoft OneDrive\\25.065.0406.0002\\FileCoAuth.exe\" -Embedding"},{"@Name":"CurrentDirectory","#text":"C:\\Windows\\system32\\"},{"@Name":"User","#text":"SERVER002\\lplui"},{"@Name":"LogonGuid","#text":"dbf410b3-dac5-6811-9dd7-030000000000"},{"@Name":"LogonId","#text":"0x3D79D"},{"@Name":"TerminalSessionId","#text":"1"},{"@Name":"IntegrityLevel","#text":"Medium"},{"@Name":"Hashes","#text":"SHA256=B7B20F19DE611698C5CAE2677B63494A5C61CB74179012E1C63C7F7EB3ECC6AF"},{"@Name":"ParentProcessGuid","#text":"dbf410b3-f6dc-6811-0d00-000000004400"},{"@Name":"ParentProcessId","#text":"784"},{"@Name":"ParentImage","#text":"C:\\Windows\\System32\\svchost.exe"},{"@Name":"ParentCommandLine","#text":"C:\\Windows\\system32\\svchost.exe -k DcomLaunch -p"},{"@Name":"ParentUser","#text":"NT AUTHORITY\\SYSTEM"}]}}}
{"Event":{"System":{"Provider":{"@Name":"Microsoft-Windows-Sysmon","@Guid":"5770385f-c22a-43e0-bf4c-06f5698ffbd9"},"EventID":"1","Version":"5","Level":"4","Task":"1","Opcode":"0","Keywords":"0x8000000000000000","TimeCreated":{"@SystemTime":"2025-04-30 21:35:21.3622453"},"EventRecordID":"56184","Correlation":null,"Execution":{"@ProcessID":"2632","@ThreadID":"4140"},"Channel":"Microsoft-Windows-Sysmon/Operational","Computer":"Server002","Security":{"@UserID":"S-1-5-18"}},"EventData":{"Data":[{"@Name":"RuleName","#text":"-"},{"@Name":"UtcTime","#text":"2025-04-30 21:35:21.348"},{"@Name":"ProcessGuid","#text":"dbf410b3-9799-6812-9c06-000000004400"},{"@Name":"ProcessId","#text":"8816"},{"@Name":"Image","#text":"C:\\Windows\\System32\\svchost.exe"},{"@Name":"FileVersion","#text":"10.0.19041.4355 (WinBuild.160101.0800)"},{"@Name":"Description","#text":"Host Process for Windows Services"},{"@Name":"Product","#text":"Microsoft® Windows® Operating System"},{"@Name":"Company","#text":"Microsoft Corporation"},{"@Name":"OriginalFileName","#text":"svchost.exe"},{"@Name":"CommandLine","#text":"C:\\Windows\\system32\\svchost.exe -k wsappx -p -s AppXSvc"},{"@Name":"CurrentDirectory","#text":"C:\\Windows\\system32\\"},{"@Name":"User","#text":"NT AUTHORITY\\SYSTEM"},{"@Name":"LogonGuid","#text":"dbf410b3-f6db-6811-e703-000000000000"},{"@Name":"LogonId","#text":"0x3E7"},{"@Name":"TerminalSessionId","#text":"0"},{"@Name":"IntegrityLevel","#text":"System"},{"@Name":"Hashes","#text":"SHA256=6FC3BF1FDFD76860BE782554F8D25BD32F108DB934D70F4253F1E5F23522E503"},{"@Name":"ParentProcessGuid","#text":"dbf410b3-f6db-6811-0b00-000000004400"},{"@Name":"ParentProcessId","#text":"668"},{"@Name":"ParentImage","#text":"C:\\Windows\\System32\\services.exe"},{"@Name":"ParentCommandLine","#text":"C:\\Windows\\system32\\services.exe"},{"@Name":"ParentUser","#text":"NT AUTHORITY\\SYSTEM"}]}}}
