{"Event":{"System":{"Provider":{"@Name":"Microsoft-Windows-WindowsUpdateClient","@Guid":"945a8954-c147-4acd-923f-40c45405a658"},"EventID":"44","Version":"1","Level":"4","Task":"1","Opcode":"12","Keywords":"0x8000000000002004","TimeCreated":{"@SystemTime":"2025-06-22 20:55:55.7571721"},"EventRecordID":"6158","Correlation":null,"Execution":{"@ProcessID":"6340","@ThreadID":"6676"},"Channel":"System","Computer":"Server002","Security":{"@UserID":"S-1-5-18"}},"EventData":{"Data":[{"@Name":"updateTitle","#text":"9NBLGGH4RV3K-Microsoft.VCLibs.140.00.UWPDesktop"},{"@Name":"updateGuid","#text":"fcdd3b59-f41c-4595-b36b-245bacb749e8"},{"@Name":"updateRevisionNumber","#text":"1"}]}}}
{"Event":{"System":{"Provider":{"@Name":"Microsoft-Windows-WindowsUpdateClient","@Guid":"945a8954-c147-4acd-923f-40c45405a658"},"EventID":"44","Version":"1","Level":"4","Task":"1","Opcode":"12","Keywords":"0x8000000000002004","TimeCreated":{"@SystemTime":"2025-06-22 20:55:55.7571732"},"EventRecordID":"6159","Correlation":null,"Execution":{"@ProcessID":"6340","@ThreadID":"6676"},"Channel":"System","Computer":"Server002","Security":{"@UserID":"S-1-5-18"}},"EventData":{"Data":[{"@Name":"updateTitle","#text":"9WZDNCRFJBMP-MICROSOFT.WINDOWSSTORE"},{"@Name":"updateGuid","#text":"6ddca95b-a65e-4095-a2bb-52126665e2e1"},{"@Name":"updateRevisionNumber","#text":"1"}]}}}
{"Event":{"System":{"Provider":{"@Name":"Microsoft-Windows-WindowsUpdateClient","@Guid":"945a8954-c147-4acd-923f-40c45405a658"},"EventID":"44","Version":"1","Level":"4","Task":"1","Opcode":"12","Keywords":"0x8000000000002004","TimeCreated":{"@SystemTime":"2025-06-22 20:55:55.7571740"},"EventRecordID":"6160","Correlation":null,"Execution":{"@ProcessID":"6340","@ThreadID":"6676"},"Channel":"System","Computer":"Server002","Security":{"@UserID":"S-1-5-18"}},"EventData":{"Data":[{"@Name":"updateTitle","#text":"9NZKPSTSNW4P-Microsoft.XboxGamingOverlay"},{"@Name":"updateGuid","#text":"0f6ebcb9-21d8-42a4-bb0a-fb6671461235"},{"@Name":"updateRevisionNumber","#text":"1"}]}}}
{"Event":{"System":{"Provider":{"@Name":"Microsoft-Windows-WindowsUpdateClient","@Guid":"945a8954-c147-4acd-923f-40c45405a658"},"EventID":"44","Version":"1","Level":"4","Task":"1","Opcode":"12","Keywords":"0x8000000000002004","TimeCreated":{"@SystemTime":"2025-06-22 20:55:55.7571748"},"EventRecordID":"6161","Correlation":null,"Execution":{"@ProcessID":"6340","@ThreadID":"6676"},"Channel":"System","Computer":"Server002","Security":{"@UserID":"S-1-5-18"}},"EventData":{"Data":[{"@Name":"updateTitle","#text":"9WZDNCRFJBMP-MICROSOFT.WINDOWSSTORE"},{"@Name":"updateGuid","#text":"6ddca95b-a65e-4095-a2bb-52126665e2e1"},{"@Name":"updateRevisionNumber","#text":"1"}]}}}
{"Event":{"System":{"Provider":{"@Name":"Microsoft-Windows-WindowsUpdateClient","@Guid":"945a8954-c147-4acd-923f-40c45405a658"},"EventID":"44","Version":"1","Level":"4","Task":"1","Opcode":"12","Keywords":"0x8000000000002004","TimeCreated":{"@SystemTime":"2025-06-22 20:55:55.7572927"},"EventRecordID":"6162","Correlation":null,"Execution":{"@ProcessID":"6340","@ThreadID":"6676"},"Channel":"System","Computer":"Server002","Security":{"@UserID":"S-1-5-18"}},"EventData":{"Data":[{"@Name":"updateTitle","#text":"9NZKPSTSNW4P-Microsoft.XboxGamingOverlay"},{"@Name":"updateGuid","#text":"0f6ebcb9-21d8-42a4-bb0a-fb6671461235"},{"@Name":"updateRevisionNumber","#text":"1"}]}}}
{"Event":{"System":{"Provider":{"@Name":"Microsoft-Windows-WindowsUpdateClient","@Guid":"945a8954-c147-4acd-923f-40c45405a658"},"EventID":"44","Version":"1","Level":"4","Task":"1","Opcode":"12","Keywords":"0x8000000000002004","TimeCreated":{"@SystemTime":"2025-06-22 20:55:55.7572934"},"EventRecordID":"6163","Correlation":null,"Execution":{"@ProcessID":"6340","@ThreadID":"6676"},"Channel":"System","Computer":"Server002","Security":{"@UserID":"S-1-5-18"}},"EventData":{"Data":[{"@Name":"updateTitle","#text":"9NSTH9KHZDLQ-Microsoft.UI.Xaml.2.8"},{"@Name":"updateGuid","#text":"6b5369f2-d415-4daf-a500-1b864dc84dec"},{"@Name":"updateRevisionNumber","#text":"1"}]}}}
{"Event":{"System":{"Provider":{"@Name":"Microsoft-Windows-WindowsUpdateClient","@Guid":"945a8954-c147-4acd-923f-40c45405a658"},"EventID":"44","Version":"1","Level":"4","Task":"1","Opcode":"12","Keywords":"0x8000000000002004","TimeCreated":{"@SystemTime":"2025-06-22 20:55:55.7572943"},"EventRecordID":"6164","Correlation":null,"Execution":{"@ProcessID":"6340","@ThreadID":"6676"},"Channel":"System","Computer":"Server002","Security":{"@UserID":"S-1-5-18"}},"EventData":{"Data":[{"@Name":"updateTitle","#text":"9WZDNCRFJBMP-MICROSOFT.WINDOWSSTORE"},{"@Name":"updateGuid","#text":"6ddca95b-a65e-4095-a2bb-52126665e2e1"},{"@Name":"updateRevisionNumber","#text":"1"}]}}}
{"Event":{"System":{"Provider":{"@Name":"Microsoft-Windows-WindowsUpdateClient","@Guid":"945a8954-c147-4acd-923f-40c45405a658"},"EventID":"44","Version":"1","Level":"4","Task":"1","Opcode":"12","Keywords":"0x8000000000002004","TimeCreated":{"@SystemTime":"2025-06-22 20:55:55.7572949"},"EventRecordID":"6165","Correlation":null,"Execution":{"@ProcessID":"6340","@ThreadID":"6676"},"Channel":"System","Computer":"Server002","Security":{"@UserID":"S-1-5-18"}},"EventData":{"Data":[{"@Name":"updateTitle","#text":"9NZKPSTSNW4P-Microsoft.XboxGamingOverlay"},{"@Name":"updateGuid","#text":"0f6ebcb9-21d8-42a4-bb0a-fb6671461235"},{"@Name":"updateRevisionNumber","#text":"1"}]}}}
{"Event":{"System":{"Provider":{"@Name":"Microsoft-Windows-WindowsUpdateClient","@Guid":"945a8954-c147-4acd-923f-40c45405a658"},"EventID":"44","Version":"1","Level":"4","Task":"1","Opcode":"12","Keywords":"0x8000000000002004","TimeCreated":{"@SystemTime":"2025-06-22 20:55:55.7572956"},"EventRecordID":"6166","Correlation":null,"Execution":{"@ProcessID":"6340","@ThreadID":"6676"},"Channel":"System","Computer":"Server002","Security":{"@UserID":"S-1-5-18"}},"EventData":{"Data":[{"@Name":"updateTitle","#text":"9NSTH9KHZDLQ-Microsoft.UI.Xaml.2.8"},{"@Name":"updateGuid","#text":"6b5369f2-d415-4daf-a500-1b864dc84dec"},{"@Name":"updateRevisionNumber","#text":"1"}]}}}
{"Event":{"System":{"Provider":{"@Name":"Microsoft-Windows-WindowsUpdateClient","@Guid":"945a8954-c147-4acd-923f-40c45405a658"},"EventID":"44","Version":"1","Level":"4","Task":"1","Opcode":"12","Keywords":"0x8000000000002004","TimeCreated":{"@SystemTime":"2025-06-22 20:56:43.0372420"},"EventRecordID":"6167","Correlation":null,"Execution":{"@ProcessID":"6340","@ThreadID":"6676"},"Channel":"System","Computer":"Server002","Security":{"@UserID":"S-1-5-18"}},"EventData":{"Data":[{"@Name":"updateTitle","#text":"9NBLGGH3FRZM-Microsoft.VCLibs.140.00"},{"@Name":"updateGuid","#text":"7c4b0956-b3f1-40ac-a633-668abc5d6af2"},{"@Name":"updateRevisionNumber","#text":"1"}]}}}
{"Event":{"System":{"Provider":{"@Name":"Microsoft-Windows-WindowsUpdateClient","@Guid":"945a8954-c147-4acd-923f-40c45405a658"},"EventID":"44","Version":"1","Level":"4","Task":"1","Opcode":"12","Keywords":"0x8000000000002004","TimeCreated":{"@SystemTime":"2025-06-22 20:56:43.0372443"},"EventRecordID":"6168","Correlation":null,"Execution":{"@ProcessID":"6340","@ThreadID":"6676"},"Channel":"System","Computer":"Server002","Security":{"@UserID":"S-1-5-18"}},"EventData":{"Data":[{"@Name":"updateTitle","#text":"9WZDNCRFJBMP-MICROSOFT.WINDOWSSTORE"},{"@Name":"updateGuid","#text":"6ddca95b-a65e-4095-a2bb-52126665e2e1"},{"@Name":"updateRevisionNumber","#text":"1"}]}}}
{"Event":{"System":{"Provider":{"@Name":"Microsoft-Windows-WindowsUpdateClient","@Guid":"945a8954-c147-4acd-923f-40c45405a658"},"EventID":"44","Version":"1","Level":"4","Task":"1","Opcode":"12","Keywords":"0x8000000000002004","TimeCreated":{"@SystemTime":"2025-06-22 20:56:43.0372455"},"EventRecordID":"6169","Correlation":null,"Execution":{"@ProcessID":"6340","@ThreadID":"6676"},"Channel":"System","Computer":"Server002","Security":{"@UserID":"S-1-5-18"}},"EventData":{"Data":[{"@Name":"updateTitle","#text":"9NZKPSTSNW4P-Microsoft.XboxGamingOverlay"},{"@Name":"updateGuid","#text":"0f6ebcb9-21d8-42a4-bb0a-fb6671461235"},{"@Name":"updateRevisionNumber","#text":"1"}]}}}
{"Event":{"System":{"Provider":{"@Name":"Microsoft-Windows-WindowsUpdateClient","@Guid":"945a8954-c147-4acd-923f-40c45405a658"},"EventID":"19","Version":"1","Level":"4","Task":"1","Opcode":"13","Keywords":"0x8000000000000018","TimeCreated":{"@SystemTime":"2025-06-22 20:56:58.1507781"},"EventRecordID":"6170","Correlation":null,"Execution":{"@ProcessID":"6340","@ThreadID":"9020"},"Channel":"System","Computer":"Server002","Security":{"@UserID":"S-1-5-18"}},"EventData":{"Data":[{"@Name":"updateTitle","#text":"Security Intelligence Update for Microsoft Defender Antivirus - KB2267602 (Version 1.431.158.0) - Current Channel (Broad)"},{"@Name":"updateGuid","#text":"090e51c9-34fd-498f-80c0-21c1b303097d"},{"@Name":"updateRevisionNumber","#text":"200"},{"@Name":"serviceGuid","#text":"9482f4b4-e343-43b6-b170-9a65bc822c77"}]}}}
{"Event":{"System":{"Provider":{"@Name":"Microsoft-Windows-Kernel-General","@Guid":"a68ca8b7-004f-d7b6-a698-07e2de0f1f5d"},"EventID":"16","Version":"0","Level":"4","Task":"0","Opcode":"0","Keywords":"0x8000000000000000","TimeCreated":{"@SystemTime":"2025-06-22 20:57:27.1016215"},"EventRecordID":"6171","Correlation":null,"Execution":{"@ProcessID":"4372","@ThreadID":"6744"},"Channel":"System","Computer":"Server002","Security":{"@UserID":"S-1-5-18"}},"EventData":{"Data":[{"@Name":"HiveNameLength","#text":"139"},{"@Name":"HiveName","#text":"\\??\\C:\\ProgramData\\Microsoft\\Windows\\AppRepository\\Packages\\Microsoft.XboxGamingOverlay_7.325.5191.0_x64__8wekyb3d8bbwe\\ActivationStore.dat"},{"@Name":"KeysUpdated","#text":"0"},{"@Name":"DirtyPages","#text":"0"}]}}}
{"Event":{"System":{"Provider":{"@Name":"Microsoft-Windows-Kernel-General","@Guid":"a68ca8b7-004f-d7b6-a698-07e2de0f1f5d"},"EventID":"16","Version":"0","Level":"4","Task":"0","Opcode":"0","Keywords":"0x8000000000000000","TimeCreated":{"@SystemTime":"2025-06-22 20:57:33.2888696"},"EventRecordID":"6172","Correlation":null,"Execution":{"@ProcessID":"4372","@ThreadID":"1680"},"Channel":"System","Computer":"Server002","Security":{"@UserID":"S-1-5-18"}},"EventData":{"Data":[{"@Name":"HiveNameLength","#text":"137"},{"@Name":"HiveName","#text":"\\??\\C:\\ProgramData\\Microsoft\\Windows\\AppRepository\\Packages\\Microsoft.WindowsStore_22504.1401.19.0_x64__8wekyb3d8bbwe\\ActivationStore.dat"},{"@Name":"KeysUpdated","#text":"0"},{"@Name":"DirtyPages","#text":"0"}]}}}
{"Event":{"System":{"Provider":{"@Name":"Microsoft-Windows-WindowsUpdateClient","@Guid":"945a8954-c147-4acd-923f-40c45405a658"},"EventID":"43","Version":"1","Level":"4","Task":"1","Opcode":"13","Keywords":"0x8000000000002008","TimeCreated":{"@SystemTime":"2025-06-22 20:57:58.4842970"},"EventRecordID":"6173","Correlation":null,"Execution":{"@ProcessID":"6340","@ThreadID":"9160"},"Channel":"System","Computer":"Server002","Security":{"@UserID":"S-1-5-18"}},"EventData":{"Data":[{"@Name":"updateTitle","#text":"9NZKPSTSNW4P-Microsoft.XboxGamingOverlay"},{"@Name":"updateGuid","#text":"0f6ebcb9-21d8-42a4-bb0a-fb6671461235"},{"@Name":"updateRevisionNumber","#text":"1"}]}}}
{"Event":{"System":{"Provider":{"@Name":"Microsoft-Windows-Kernel-General","@Guid":"a68ca8b7-004f-d7b6-a698-07e2de0f1f5d"},"EventID":"16","Version":"0","Level":"4","Task":"0","Opcode":"0","Keywords":"0x8000000000000000","TimeCreated":{"@SystemTime":"2025-06-22 20:58:10.7497347"},"EventRecordID":"6174","Correlation":null,"Execution":{"@ProcessID":"4372","@ThreadID":"1680"},"Channel":"System","Computer":"Server002","Security":{"@UserID":"S-1-5-18"}},"EventData":{"Data":[{"@Name":"HiveNameLength","#text":"145"},{"@Name":"HiveName","#text":"\\??\\C:\\ProgramData\\Microsoft\\Windows\\AppRepository\\Packages\\Microsoft.WindowsAppRuntime.1.6_6000.519.329.0_x64__8wekyb3d8bbwe\\ActivationStore.dat"},{"@Name":"KeysUpdated","#text":"0"},{"@Name":"DirtyPages","#text":"0"}]}}}
{"Event":{"System":{"Provider":{"@Name":"Microsoft-Windows-WindowsUpdateClient","@Guid":"945a8954-c147-4acd-923f-40c45405a658"},"EventID":"44","Version":"1","Level":"4","Task":"1","Opcode":"12","Keywords":"0x8000000000002004","TimeCreated":{"@SystemTime":"2025-06-22 20:58:31.8639324"},"EventRecordID":"6175","Correlation":null,"Execution":{"@ProcessID":"6340","@ThreadID":"6676"},"Channel":"System","Computer":"Server002","Security":{"@UserID":"S-1-5-18"}},"EventData":{"Data":[{"@Name":"updateTitle","#text":"9NBLGGH4LS1F-Microsoft.StorePurchaseApp"},{"@Name":"updateGuid","#text":"812132f5-f336-4777-85fd-148d9a287a94"},{"@Name":"updateRevisionNumber","#text":"1"}]}}}
{"Event":{"System":{"Provider":{"@Name":"Microsoft-Windows-WindowsUpdateClient","@Guid":"945a8954-c147-4acd-923f-40c45405a658"},"EventID":"44","Version":"1","Level":"4","Task":"1","Opcode":"12","Keywords":"0x8000000000002004","TimeCreated":{"@SystemTime":"2025-06-22 20:58:31.8640092"},"EventRecordID":"6176","Correlation":null,"Execution":{"@ProcessID":"6340","@ThreadID":"6676"},"Channel":"System","Computer":"Server002","Security":{"@UserID":"S-1-5-18"}},"EventData":{"Data":[{"@Name":"updateTitle","#text":"9NBLGGH3FRZM-Microsoft.VCLibs.140.00"},{"@Name":"updateGuid","#text":"7c4b0956-b3f1-40ac-a633-668abc5d6af2"},{"@Name":"updateRevisionNumber","#text":"1"}]}}}
{"Event":{"System":{"Provider":{"@Name":"Microsoft-Windows-WindowsUpdateClient","@Guid":"945a8954-c147-4acd-923f-40c45405a658"},"EventID":"44","Version":"1","Level":"4","Task":"1","Opcode":"12","Keywords":"0x8000000000002004","TimeCreated":{"@SystemTime":"2025-06-22 20:58:31.8640099"},"EventRecordID":"6177","Correlation":null,"Execution":{"@ProcessID":"6340","@ThreadID":"6676"},"Channel":"System","Computer":"Server002","Security":{"@UserID":"S-1-5-18"}},"EventData":{"Data":[{"@Name":"updateTitle","#text":"9NBLGGH4LS1F-Microsoft.StorePurchaseApp"},{"@Name":"updateGuid","#text":"812132f5-f336-4777-85fd-148d9a287a94"},{"@Name":"updateRevisionNumber","#text":"1"}]}}}
{"Event":{"System":{"Provider":{"@Name":"Microsoft-Windows-WindowsUpdateClient","@Guid":"945a8954-c147-4acd-923f-40c45405a658"},"EventID":"44","Version":"1","Level":"4","Task":"1","Opcode":"12","Keywords":"0x8000000000002004","TimeCreated":{"@SystemTime":"2025-06-22 20:58:31.8640107"},"EventRecordID":"6178","Correlation":null,"Execution":{"@ProcessID":"6340","@ThreadID":"6676"},"Channel":"System","Computer":"Server002","Security":{"@UserID":"S-1-5-18"}},"EventData":{"Data":[{"@Name":"updateTitle","#text":"9PLL735RFDSM-Microsoft.NET.Native.Runtime.2.2"},{"@Name":"updateGuid","#text":"9c137291-4059-4cb8-b650-12b07bbe1da1"},{"@Name":"updateRevisionNumber","#text":"1"}]}}}
{"Event":{"System":{"Provider":{"@Name":"Microsoft-Windows-WindowsUpdateClient","@Guid":"945a8954-c147-4acd-923f-40c45405a658"},"EventID":"44","Version":"1","Level":"4","Task":"1","Opcode":"12","Keywords":"0x8000000000002004","TimeCreated":{"@SystemTime":"2025-06-22 20:58:31.8640113"},"EventRecordID":"6179","Correlation":null,"Execution":{"@ProcessID":"6340","@ThreadID":"6676"},"Channel":"System","Computer":"Server002","Security":{"@UserID":"S-1-5-18"}},"EventData":{"Data":[{"@Name":"updateTitle","#text":"9NBLGGH4LS1F-Microsoft.StorePurchaseApp"},{"@Name":"updateGuid","#text":"812132f5-f336-4777-85fd-148d9a287a94"},{"@Name":"updateRevisionNumber","#text":"1"}]}}}
{"Event":{"System":{"Provider":{"@Name":"Microsoft-Windows-WindowsUpdateClient","@Guid":"945a8954-c147-4acd-923f-40c45405a658"},"EventID":"44","Version":"1","Level":"4","Task":"1","Opcode":"12","Keywords":"0x8000000000002004","TimeCreated":{"@SystemTime":"2025-06-22 20:58:31.8641159"},"EventRecordID":"6180","Correlation":null,"Execution":{"@ProcessID":"6340","@ThreadID":"6676"},"Channel":"System","Computer":"Server002","Security":{"@UserID":"S-1-5-18"}},"EventData":{"Data":[{"@Name":"updateTitle","#text":"9MW2LKJ0TPJF-Microsoft.NET.Native.Framework.2.2"},{"@Name":"updateGuid","#text":"bfa7d40d-2cdf-4c15-98cf-85c847517da3"},{"@Name":"updateRevisionNumber","#text":"1"}]}}}
{"Event":{"System":{"Provider":{"@Name":"Microsoft-Windows-WindowsUpdateClient","@Guid":"945a8954-c147-4acd-923f-40c45405a658"},"EventID":"44","Version":"1","Level":"4","Task":"1","Opcode":"12","Keywords":"0x8000000000002004","TimeCreated":{"@SystemTime":"2025-06-22 20:58:31.8641166"},"EventRecordID":"6181","Correlation":null,"Execution":{"@ProcessID":"6340","@ThreadID":"6676"},"Channel":"System","Computer":"Server002","Security":{"@UserID":"S-1-5-18"}},"EventData":{"Data":[{"@Name":"updateTitle","#text":"9NBLGGH4LS1F-Microsoft.StorePurchaseApp"},{"@Name":"updateGuid","#text":"812132f5-f336-4777-85fd-148d9a287a94"},{"@Name":"updateRevisionNumber","#text":"1"}]}}}
{"Event":{"System":{"Provider":{"@Name":"Microsoft-Windows-WindowsUpdateClient","@Guid":"945a8954-c147-4acd-923f-40c45405a658"},"EventID":"44","Version":"1","Level":"4","Task":"1","Opcode":"12","Keywords":"0x8000000000002004","TimeCreated":{"@SystemTime":"2025-06-22 20:58:31.8641172"},"EventRecordID":"6182","Correlation":null,"Execution":{"@ProcessID":"6340","@ThreadID":"6676"},"Channel":"System","Computer":"Server002","Security":{"@UserID":"S-1-5-18"}},"EventData":{"Data":[{"@Name":"updateTitle","#text":"9NBLGGH4RV3K-Microsoft.VCLibs.140.00.UWPDesktop"},{"@Name":"updateGuid","#text":"fcdd3b59-f41c-4595-b36b-245bacb749e8"},{"@Name":"updateRevisionNumber","#text":"1"}]}}}
{"Event":{"System":{"Provider":{"@Name":"Microsoft-Windows-WindowsUpdateClient","@Guid":"945a8954-c147-4acd-923f-40c45405a658"},"EventID":"44","Version":"1","Level":"4","Task":"1","Opcode":"12","Keywords":"0x8000000000002004","TimeCreated":{"@SystemTime":"2025-06-22 20:58:31.8641179"},"EventRecordID":"6183","Correlation":null,"Execution":{"@ProcessID":"6340","@ThreadID":"6676"},"Channel":"System","Computer":"Server002","Security":{"@UserID":"S-1-5-18"}},"EventData":{"Data":[{"@Name":"updateTitle","#text":"9NBLGGH4LS1F-Microsoft.StorePurchaseApp"},{"@Name":"updateGuid","#text":"812132f5-f336-4777-85fd-148d9a287a94"},{"@Name":"updateRevisionNumber","#text":"1"}]}}}
{"Event":{"System":{"Provider":{"@Name":"Microsoft-Windows-WindowsUpdateClient","@Guid":"945a8954-c147-4acd-923f-40c45405a658"},"EventID":"44","Version":"1","Level":"4","Task":"1","Opcode":"12","Keywords":"0x8000000000002004","TimeCreated":{"@SystemTime":"2025-06-22 20:58:31.8641186"},"EventRecordID":"6184","Correlation":null,"Execution":{"@ProcessID":"6340","@ThreadID":"6676"},"Channel":"System","Computer":"Server002","Security":{"@UserID":"S-1-5-18"}},"EventData":{"Data":[{"@Name":"updateTitle","#text":"9NSTH9KHZDLQ-Microsoft.UI.Xaml.2.8"},{"@Name":"updateGuid","#text":"6b5369f2-d415-4daf-a500-1b864dc84dec"},{"@Name":"updateRevisionNumber","#text":"1"}]}}}
{"Event":{"System":{"Provider":{"@Name":"Microsoft-Windows-WindowsUpdateClient","@Guid":"945a8954-c147-4acd-923f-40c45405a658"},"EventID":"44","Version":"1","Level":"4","Task":"1","Opcode":"12","Keywords":"0x8000000000002004","TimeCreated":{"@SystemTime":"2025-06-22 20:58:31.8641192"},"EventRecordID":"6185","Correlation":null,"Execution":{"@ProcessID":"6340","@ThreadID":"6676"},"Channel":"System","Computer":"Server002","Security":{"@UserID":"S-1-5-18"}},"EventData":{"Data":[{"@Name":"updateTitle","#text":"9NBLGGH4LS1F-Microsoft.StorePurchaseApp"},{"@Name":"updateGuid","#text":"812132f5-f336-4777-85fd-148d9a287a94"},{"@Name":"updateRevisionNumber","#text":"1"}]}}}
{"Event":{"System":{"Provider":{"@Name":"Microsoft-Windows-Kernel-General","@Guid":"a68ca8b7-004f-d7b6-a698-07e2de0f1f5d"},"EventID":"16","Version":"0","Level":"4","Task":"0","Opcode":"0","Keywords":"0x8000000000000000","TimeCreated":{"@SystemTime":"2025-06-22 20:58:34.9126054"},"EventRecordID":"6186","Correlation":null,"Execution":{"@ProcessID":"1464","@ThreadID":"3616"},"Channel":"System","Computer":"Server002","Security":{"@UserID":"S-1-5-18"}},"EventData":{"Data":[{"@Name":"HiveNameLength","#text":"65"},{"@Name":"HiveName","#text":"\\??\\C:\\Users\\testing\\AppData\\Local\\Microsoft\\Windows\\UsrClass.dat"},{"@Name":"KeysUpdated","#text":"29"},{"@Name":"DirtyPages","#text":"10"}]}}}
{"Event":{"System":{"Provider":{"@Name":"Microsoft-Windows-Kernel-General","@Guid":"a68ca8b7-004f-d7b6-a698-07e2de0f1f5d"},"EventID":"16","Version":"0","Level":"4","Task":"0","Opcode":"0","Keywords":"0x8000000000000000","TimeCreated":{"@SystemTime":"2025-06-22 20:58:35.8081212"},"EventRecordID":"6187","Correlation":null,"Execution":{"@ProcessID":"1464","@ThreadID":"3616"},"Channel":"System","Computer":"Server002","Security":{"@UserID":"S-1-5-18"}},"EventData":{"Data":[{"@Name":"HiveNameLength","#text":"68"},{"@Name":"HiveName","#text":"\\??\\C:\\Users\\admin_test\\AppData\\Local\\Microsoft\\Windows\\UsrClass.dat"},{"@Name":"KeysUpdated","#text":"26"},{"@Name":"DirtyPages","#text":"9"}]}}}
{"Event":{"System":{"Provider":{"@Name":"Microsoft-Windows-Kernel-General","@Guid":"a68ca8b7-004f-d7b6-a698-07e2de0f1f5d"},"EventID":"16","Version":"0","Level":"4","Task":"0","Opcode":"0","Keywords":"0x8000000000000000","TimeCreated":{"@SystemTime":"2025-06-22 20:58:36.6560625"},"EventRecordID":"6188","Correlation":null,"Execution":{"@ProcessID":"1464","@ThreadID":"3616"},"Channel":"System","Computer":"Server002","Security":{"@UserID":"S-1-5-18"}},"EventData":{"Data":[{"@Name":"HiveNameLength","#text":"31"},{"@Name":"HiveName","#text":"\\??\\C:\\Users\\Default\\NTUSER.DAT"},{"@Name":"KeysUpdated","#text":"40"},{"@Name":"DirtyPages","#text":"6"}]}}}
{"Event":{"System":{"Provider":{"@Name":"Service Control Manager","@Guid":"{555908d1-a6d7-4695-8e1e-26931d2012f4}","@EventSourceName":"Service Control Manager"},"EventID":{"@Qualifiers":"16384","#text":"7040"},"Version":"0","Level":"4","Task":"0","Opcode":"0","Keywords":"0x8080000000000000","TimeCreated":{"@SystemTime":"2025-06-22 20:58:57.5908831"},"EventRecordID":"6189","Correlation":null,"Execution":{"@ProcessID":"676","@ThreadID":"784"},"Channel":"System","Computer":"Server002","Security":{"@UserID":"S-1-5-18"}},"EventData":{"Data":[{"@Name":"param1","#text":"Background Intelligent Transfer Service"},{"@Name":"param2","#text":"demand start"},{"@Name":"param3","#text":"auto start"},{"@Name":"param4","#text":"BITS"}]}}}
{"Event":{"System":{"Provider":{"@Name":"Microsoft-Windows-Kernel-General","@Guid":"a68ca8b7-004f-d7b6-a698-07e2de0f1f5d"},"EventID":"16","Version":"0","Level":"4","Task":"0","Opcode":"0","Keywords":"0x8000000000000000","TimeCreated":{"@SystemTime":"2025-06-22 20:59:20.6496058"},"EventRecordID":"6190","Correlation":null,"Execution":{"@ProcessID":"4372","@ThreadID":"5640"},"Channel":"System","Computer":"Server002","Security":{"@UserID":"S-1-5-18"}},"EventData":{"Data":[{"@Name":"HiveNameLength","#text":"159"},{"@Name":"HiveName","#text":"\\??\\C:\\ProgramData\\Microsoft\\Windows\\AppRepository\\Packages\\Microsoft.OfficePushNotificationUtility_16.0.18827.20150_neutral__8wekyb3d8bbwe\\ActivationStore.dat"},{"@Name":"KeysUpdated","#text":"0"},{"@Name":"DirtyPages","#text":"0"}]}}}
{"Event":{"System":{"Provider":{"@Name":"Microsoft-Windows-WindowsUpdateClient","@Guid":"945a8954-c147-4acd-923f-40c45405a658"},"EventID":"19","Version":"1","Level":"4","Task":"1","Opcode":"13","Keywords":"0x8000000000000018","TimeCreated":{"@SystemTime":"2025-06-22 20:59:48.1624339"},"EventRecordID":"6191","Correlation":{"@ActivityID":"57082e39-e3c5-0000-148c-0957c5e3db01"},"Execution":{"@ProcessID":"6340","@ThreadID":"9160"},"Channel":"System","Computer":"Server002","Security":{"@UserID":"S-1-5-18"}},"EventData":{"Data":[{"@Name":"updateTitle","#text":"9NZKPSTSNW4P-Microsoft.XboxGamingOverlay"},{"@Name":"updateGuid","#text":"0f6ebcb9-21d8-42a4-bb0a-fb6671461235"},{"@Name":"updateRevisionNumber","#text":"1"},{"@Name":"serviceGuid","#text":"855e8a7c-ecb4-4ca3-b045-1dfa50104289"}]}}}
{"Event":{"System":{"Provider":{"@Name":"Microsoft-Windows-WindowsUpdateClient","@Guid":"945a8954-c147-4acd-923f-40c45405a658"},"EventID":"19","Version":"1","Level":"4","Task":"1","Opcode":"13","Keywords":"0x8000000000000018","TimeCreated":{"@SystemTime":"2025-06-22 20:59:54.6368913"},"EventRecordID":"6192","Correlation":null,"Execution":{"@ProcessID":"6340","@ThreadID":"5268"},"Channel":"System","Computer":"Server002","Security":{"@UserID":"S-1-5-18"}},"EventData":{"Data":[{"@Name":"updateTitle","#text":"9WZDNCRFJBMP-MICROSOFT.WINDOWSSTORE"},{"@Name":"updateGuid","#text":"6ddca95b-a65e-4095-a2bb-52126665e2e1"},{"@Name":"updateRevisionNumber","#text":"1"},{"@Name":"serviceGuid","#text":"855e8a7c-ecb4-4ca3-b045-1dfa50104289"}]}}}
{"Event":{"System":{"Provider":{"@Name":"Microsoft-Windows-WindowsUpdateClient","@Guid":"945a8954-c147-4acd-923f-40c45405a658"},"EventID":"44","Version":"1","Level":"4","Task":"1","Opcode":"12","Keywords":"0x8000000000002004","TimeCreated":{"@SystemTime":"2025-06-22 21:00:38.5941498"},"EventRecordID":"6193","Correlation":null,"Execution":{"@ProcessID":"6340","@ThreadID":"6676"},"Channel":"System","Computer":"Server002","Security":{"@UserID":"S-1-5-18"}},"EventData":{"Data":[{"@Name":"updateTitle","#text":"9N4D0MSMP0PT-Microsoft.VP9VideoExtensions"},{"@Name":"updateGuid","#text":"0c666faf-9a75-4c73-8e37-6b102fe30afb"},{"@Name":"updateRevisionNumber","#text":"1"}]}}}
{"Event":{"System":{"Provider":{"@Name":"Microsoft-Windows-WindowsUpdateClient","@Guid":"945a8954-c147-4acd-923f-40c45405a658"},"EventID":"44","Version":"1","Level":"4","Task":"1","Opcode":"12","Keywords":"0x8000000000002004","TimeCreated":{"@SystemTime":"2025-06-22 21:00:38.5941529"},"EventRecordID":"6194","Correlation":null,"Execution":{"@ProcessID":"6340","@ThreadID":"6676"},"Channel":"System","Computer":"Server002","Security":{"@UserID":"S-1-5-18"}},"EventData":{"Data":[{"@Name":"updateTitle","#text":"9N7V66BG7XT8-Microsoft.WindowsAppRuntime.1.7"},{"@Name":"updateGuid","#text":"1afe073e-c948-48b0-b087-1706ff97627c"},{"@Name":"updateRevisionNumber","#text":"1"}]}}}
{"Event":{"System":{"Provider":{"@Name":"Microsoft-Windows-WindowsUpdateClient","@Guid":"945a8954-c147-4acd-923f-40c45405a658"},"EventID":"44","Version":"1","Level":"4","Task":"1","Opcode":"12","Keywords":"0x8000000000002004","TimeCreated":{"@SystemTime":"2025-06-22 21:00:38.5941542"},"EventRecordID":"6195","Correlation":null,"Execution":{"@ProcessID":"6340","@ThreadID":"6676"},"Channel":"System","Computer":"Server002","Security":{"@UserID":"S-1-5-18"}},"EventData":{"Data":[{"@Name":"updateTitle","#text":"9NMPJ99VJBWV-Microsoft.YourPhone"},{"@Name":"updateGuid","#text":"aec7ecff-811e-49bf-8cf1-69b0779e77dc"},{"@Name":"updateRevisionNumber","#text":"1"}]}}}
{"Event":{"System":{"Provider":{"@Name":"Microsoft-Windows-WindowsUpdateClient","@Guid":"945a8954-c147-4acd-923f-40c45405a658"},"EventID":"44","Version":"1","Level":"4","Task":"1","Opcode":"12","Keywords":"0x8000000000002004","TimeCreated":{"@SystemTime":"2025-06-22 21:00:38.6067893"},"EventRecordID":"6196","Correlation":null,"Execution":{"@ProcessID":"6340","@ThreadID":"6676"},"Channel":"System","Computer":"Server002","Security":{"@UserID":"S-1-5-18"}},"EventData":{"Data":[{"@Name":"updateTitle","#text":"9NMPJ99VJBWV-Microsoft.YourPhone"},{"@Name":"updateGuid","#text":"aec7ecff-811e-49bf-8cf1-69b0779e77dc"},{"@Name":"updateRevisionNumber","#text":"1"}]}}}
{"Event":{"System":{"Provider":{"@Name":"Microsoft-Windows-WindowsUpdateClient","@Guid":"945a8954-c147-4acd-923f-40c45405a658"},"EventID":"44","Version":"1","Level":"4","Task":"1","Opcode":"12","Keywords":"0x8000000000002004","TimeCreated":{"@SystemTime":"2025-06-22 21:00:38.6067923"},"EventRecordID":"6197","Correlation":null,"Execution":{"@ProcessID":"6340","@ThreadID":"6676"},"Channel":"System","Computer":"Server002","Security":{"@UserID":"S-1-5-18"}},"EventData":{"Data":[{"@Name":"updateTitle","#text":"9NBLGGH4RV3K-Microsoft.VCLibs.140.00.UWPDesktop"},{"@Name":"updateGuid","#text":"fcdd3b59-f41c-4595-b36b-245bacb749e8"},{"@Name":"updateRevisionNumber","#text":"1"}]}}}
{"Event":{"System":{"Provider":{"@Name":"Microsoft-Windows-WindowsUpdateClient","@Guid":"945a8954-c147-4acd-923f-40c45405a658"},"EventID":"44","Version":"1","Level":"4","Task":"1","Opcode":"12","Keywords":"0x8000000000002004","TimeCreated":{"@SystemTime":"2025-06-22 21:00:38.6067937"},"EventRecordID":"6198","Correlation":null,"Execution":{"@ProcessID":"6340","@ThreadID":"6676"},"Channel":"System","Computer":"Server002","Security":{"@UserID":"S-1-5-18"}},"EventData":{"Data":[{"@Name":"updateTitle","#text":"9NBLGGH4LS1F-Microsoft.StorePurchaseApp"},{"@Name":"updateGuid","#text":"812132f5-f336-4777-85fd-148d9a287a94"},{"@Name":"updateRevisionNumber","#text":"1"}]}}}
{"Event":{"System":{"Provider":{"@Name":"Microsoft-Windows-WindowsUpdateClient","@Guid":"945a8954-c147-4acd-923f-40c45405a658"},"EventID":"44","Version":"1","Level":"4","Task":"1","Opcode":"12","Keywords":"0x8000000000002004","TimeCreated":{"@SystemTime":"2025-06-22 21:00:38.6067949"},"EventRecordID":"6199","Correlation":null,"Execution":{"@ProcessID":"6340","@ThreadID":"6676"},"Channel":"System","Computer":"Server002","Security":{"@UserID":"S-1-5-18"}},"EventData":{"Data":[{"@Name":"updateTitle","#text":"9NMPJ99VJBWV-Microsoft.YourPhone"},{"@Name":"updateGuid","#text":"aec7ecff-811e-49bf-8cf1-69b0779e77dc"},{"@Name":"updateRevisionNumber","#text":"1"}]}}}
{"Event":{"System":{"Provider":{"@Name":"Microsoft-Windows-Kernel-General","@Guid":"a68ca8b7-004f-d7b6-a698-07e2de0f1f5d"},"EventID":"16","Version":"0","Level":"4","Task":"0","Opcode":"0","Keywords":"0x8000000000000000","TimeCreated":{"@SystemTime":"2025-06-22 21:01:01.6117769"},"EventRecordID":"6200","Correlation":null,"Execution":{"@ProcessID":"4372","@ThreadID":"6948"},"Channel":"System","Computer":"Server002","Security":{"@UserID":"S-1-5-18"}},"EventData":{"Data":[{"@Name":"HiveNameLength","#text":"140"},{"@Name":"HiveName","#text":"\\??\\C:\\ProgramData\\Microsoft\\Windows\\AppRepository\\Packages\\Microsoft.StorePurchaseApp_22504.1401.4.0_x64__8wekyb3d8bbwe\\ActivationStore.dat"},{"@Name":"KeysUpdated","#text":"0"},{"@Name":"DirtyPages","#text":"0"}]}}}
{"Event":{"System":{"Provider":{"@Name":"Microsoft-Windows-WindowsUpdateClient","@Guid":"945a8954-c147-4acd-923f-40c45405a658"},"EventID":"43","Version":"1","Level":"4","Task":"1","Opcode":"13","Keywords":"0x8000000000002008","TimeCreated":{"@SystemTime":"2025-06-22 21:01:12.2586017"},"EventRecordID":"6201","Correlation":null,"Execution":{"@ProcessID":"6340","@ThreadID":"3184"},"Channel":"System","Computer":"Server002","Security":{"@UserID":"S-1-5-18"}},"EventData":{"Data":[{"@Name":"updateTitle","#text":"2025-06 Cumulative Update for Windows 10 Version 22H2 for x64-based Systems (KB5060533)"},{"@Name":"updateGuid","#text":"eb56e4cc-f4b7-46fe-9ed3-3a8a5dd830b8"},{"@Name":"updateRevisionNumber","#text":"1"}]}}}
{"Event":{"System":{"Provider":{"@Name":"Microsoft-Windows-WindowsUpdateClient","@Guid":"945a8954-c147-4acd-923f-40c45405a658"},"EventID":"43","Version":"1","Level":"4","Task":"1","Opcode":"13","Keywords":"0x8000000000002008","TimeCreated":{"@SystemTime":"2025-06-22 21:01:15.9623877"},"EventRecordID":"6202","Correlation":null,"Execution":{"@ProcessID":"6340","@ThreadID":"5768"},"Channel":"System","Computer":"Server002","Security":{"@UserID":"S-1-5-18"}},"EventData":{"Data":[{"@Name":"updateTitle","#text":"9NBLGGH4LS1F-Microsoft.StorePurchaseApp"},{"@Name":"updateGuid","#text":"812132f5-f336-4777-85fd-148d9a287a94"},{"@Name":"updateRevisionNumber","#text":"1"}]}}}
{"Event":{"System":{"Provider":{"@Name":"Microsoft-Windows-Kernel-General","@Guid":"a68ca8b7-004f-d7b6-a698-07e2de0f1f5d"},"EventID":"16","Version":"0","Level":"4","Task":"0","Opcode":"0","Keywords":"0x8000000000000000","TimeCreated":{"@SystemTime":"2025-06-22 21:01:17.4577730"},"EventRecordID":"6203","Correlation":null,"Execution":{"@ProcessID":"4372","@ThreadID":"6948"},"Channel":"System","Computer":"Server002","Security":{"@UserID":"S-1-5-21-3962163828-2803415714-1403596700-1001"}},"EventData":{"Data":[{"@Name":"HiveNameLength","#text":"104"},{"@Name":"HiveName","#text":"\\??\\C:\\Users\\lplui\\AppData\\Local\\Packages\\Microsoft.StorePurchaseApp_8wekyb3d8bbwe\\Settings\\settings.dat"},{"@Name":"KeysUpdated","#text":"1"},{"@Name":"DirtyPages","#text":"1"}]}}}
{"Event":{"System":{"Provider":{"@Name":"Service Control Manager","@Guid":"{555908d1-a6d7-4695-8e1e-26931d2012f4}","@EventSourceName":"Service Control Manager"},"EventID":{"@Qualifiers":"16384","#text":"7040"},"Version":"0","Level":"4","Task":"0","Opcode":"0","Keywords":"0x8080000000000000","TimeCreated":{"@SystemTime":"2025-06-22 21:01:17.7742971"},"EventRecordID":"6204","Correlation":null,"Execution":{"@ProcessID":"676","@ThreadID":"10088"},"Channel":"System","Computer":"Server002","Security":{"@UserID":"S-1-5-18"}},"EventData":{"Data":[{"@Name":"param1","#text":"Windows Modules Installer"},{"@Name":"param2","#text":"demand start"},{"@Name":"param3","#text":"auto start"},{"@Name":"param4","#text":"TrustedInstaller"}]}}}
{"Event":{"System":{"Provider":{"@Name":"Microsoft-Windows-WindowsUpdateClient","@Guid":"945a8954-c147-4acd-923f-40c45405a658"},"EventID":"19","Version":"1","Level":"4","Task":"1","Opcode":"13","Keywords":"0x8000000000000018","TimeCreated":{"@SystemTime":"2025-06-22 21:01:24.8336601"},"EventRecordID":"6205","Correlation":{"@ActivityID":"57082e39-e3c5-0001-0f30-0a57c5e3db01"},"Execution":{"@ProcessID":"6340","@ThreadID":"5768"},"Channel":"System","Computer":"Server002","Security":{"@UserID":"S-1-5-18"}},"EventData":{"Data":[{"@Name":"updateTitle","#text":"9NBLGGH4LS1F-Microsoft.StorePurchaseApp"},{"@Name":"updateGuid","#text":"812132f5-f336-4777-85fd-148d9a287a94"},{"@Name":"updateRevisionNumber","#text":"1"},{"@Name":"serviceGuid","#text":"855e8a7c-ecb4-4ca3-b045-1dfa50104289"}]}}}
{"Event":{"System":{"Provider":{"@Name":"Microsoft-Windows-WindowsUpdateClient","@Guid":"945a8954-c147-4acd-923f-40c45405a658"},"EventID":"43","Version":"1","Level":"4","Task":"1","Opcode":"13","Keywords":"0x8000000000002008","TimeCreated":{"@SystemTime":"2025-06-22 21:01:25.4218703"},"EventRecordID":"6206","Correlation":null,"Execution":{"@ProcessID":"6340","@ThreadID":"8880"},"Channel":"System","Computer":"Server002","Security":{"@UserID":"S-1-5-18"}},"EventData":{"Data":[{"@Name":"updateTitle","#text":"9N4D0MSMP0PT-Microsoft.VP9VideoExtensions"},{"@Name":"updateGuid","#text":"0c666faf-9a75-4c73-8e37-6b102fe30afb"},{"@Name":"updateRevisionNumber","#text":"1"}]}}}
{"Event":{"System":{"Provider":{"@Name":"Microsoft-Windows-Kernel-General","@Guid":"a68ca8b7-004f-d7b6-a698-07e2de0f1f5d"},"EventID":"16","Version":"0","Level":"4","Task":"0","Opcode":"0","Keywords":"0x8000000000000000","TimeCreated":{"@SystemTime":"2025-06-22 21:01:26.6438431"},"EventRecordID":"6207","Correlation":null,"Execution":{"@ProcessID":"4372","@ThreadID":"5640"},"Channel":"System","Computer":"Server002","Security":{"@UserID":"S-1-5-21-3962163828-2803415714-1403596700-1001"}},"EventData":{"Data":[{"@Name":"HiveNameLength","#text":"106"},{"@Name":"HiveName","#text":"\\??\\C:\\Users\\lplui\\AppData\\Local\\Packages\\Microsoft.VP9VideoExtensions_8wekyb3d8bbwe\\Settings\\settings.dat"},{"@Name":"KeysUpdated","#text":"1"},{"@Name":"DirtyPages","#text":"1"}]}}}
{"Event":{"System":{"Provider":{"@Name":"Service Control Manager","@Guid":"{555908d1-a6d7-4695-8e1e-26931d2012f4}","@EventSourceName":"Service Control Manager"},"EventID":{"@Qualifiers":"16384","#text":"7040"},"Version":"0","Level":"4","Task":"0","Opcode":"0","Keywords":"0x8080000000000000","TimeCreated":{"@SystemTime":"2025-06-22 21:01:27.0640824"},"EventRecordID":"6208","Correlation":null,"Execution":{"@ProcessID":"676","@ThreadID":"784"},"Channel":"System","Computer":"Server002","Security":{"@UserID":"S-1-5-18"}},"EventData":{"Data":[{"@Name":"param1","#text":"Windows Modules Installer"},{"@Name":"param2","#text":"auto start"},{"@Name":"param3","#text":"demand start"},{"@Name":"param4","#text":"TrustedInstaller"}]}}}
{"Event":{"System":{"Provider":{"@Name":"Microsoft-Windows-WindowsUpdateClient","@Guid":"945a8954-c147-4acd-923f-40c45405a658"},"EventID":"44","Version":"1","Level":"4","Task":"1","Opcode":"12","Keywords":"0x8000000000002004","TimeCreated":{"@SystemTime":"2025-06-22 21:01:31.1353796"},"EventRecordID":"6209","Correlation":null,"Execution":{"@ProcessID":"6340","@ThreadID":"6676"},"Channel":"System","Computer":"Server002","Security":{"@UserID":"S-1-5-18"}},"EventData":{"Data":[{"@Name":"updateTitle","#text":"9NTXGKQ8P7N0-MicrosoftWindows.CrossDevice"},{"@Name":"updateGuid","#text":"68088745-2a75-4541-a277-6ccc0d54a4b0"},{"@Name":"updateRevisionNumber","#text":"1"}]}}}
{"Event":{"System":{"Provider":{"@Name":"Microsoft-Windows-WindowsUpdateClient","@Guid":"945a8954-c147-4acd-923f-40c45405a658"},"EventID":"44","Version":"1","Level":"4","Task":"1","Opcode":"12","Keywords":"0x8000000000002004","TimeCreated":{"@SystemTime":"2025-06-22 21:01:31.1353814"},"EventRecordID":"6210","Correlation":null,"Execution":{"@ProcessID":"6340","@ThreadID":"6676"},"Channel":"System","Computer":"Server002","Security":{"@UserID":"S-1-5-18"}},"EventData":{"Data":[{"@Name":"updateTitle","#text":"9NTXGKQ8P7N0-MicrosoftWindows.CrossDevice"},{"@Name":"updateGuid","#text":"68088745-2a75-4541-a277-6ccc0d54a4b0"},{"@Name":"updateRevisionNumber","#text":"1"}]}}}
{"Event":{"System":{"Provider":{"@Name":"Microsoft-Windows-WindowsUpdateClient","@Guid":"945a8954-c147-4acd-923f-40c45405a658"},"EventID":"44","Version":"1","Level":"4","Task":"1","Opcode":"12","Keywords":"0x8000000000002004","TimeCreated":{"@SystemTime":"2025-06-22 21:01:31.1353823"},"EventRecordID":"6211","Correlation":null,"Execution":{"@ProcessID":"6340","@ThreadID":"6676"},"Channel":"System","Computer":"Server002","Security":{"@UserID":"S-1-5-18"}},"EventData":{"Data":[{"@Name":"updateTitle","#text":"9NMPJ99VJBWV-Microsoft.YourPhone"},{"@Name":"updateGuid","#text":"aec7ecff-811e-49bf-8cf1-69b0779e77dc"},{"@Name":"updateRevisionNumber","#text":"1"}]}}}
{"Event":{"System":{"Provider":{"@Name":"Microsoft-Windows-WindowsUpdateClient","@Guid":"945a8954-c147-4acd-923f-40c45405a658"},"EventID":"19","Version":"1","Level":"4","Task":"1","Opcode":"13","Keywords":"0x8000000000000018","TimeCreated":{"@SystemTime":"2025-06-22 21:01:36.0379125"},"EventRecordID":"6212","Correlation":{"@ActivityID":"57082e39-e3c5-0000-1117-0a57c5e3db01"},"Execution":{"@ProcessID":"6340","@ThreadID":"8880"},"Channel":"System","Computer":"Server002","Security":{"@UserID":"S-1-5-18"}},"EventData":{"Data":[{"@Name":"updateTitle","#text":"9N4D0MSMP0PT-Microsoft.VP9VideoExtensions"},{"@Name":"updateGuid","#text":"0c666faf-9a75-4c73-8e37-6b102fe30afb"},{"@Name":"updateRevisionNumber","#text":"1"},{"@Name":"serviceGuid","#text":"855e8a7c-ecb4-4ca3-b045-1dfa50104289"}]}}}
{"Event":{"System":{"Provider":{"@Name":"Service Control Manager","@Guid":"{555908d1-a6d7-4695-8e1e-26931d2012f4}","@EventSourceName":"Service Control Manager"},"EventID":{"@Qualifiers":"16384","#text":"7040"},"Version":"0","Level":"4","Task":"0","Opcode":"0","Keywords":"0x8080000000000000","TimeCreated":{"@SystemTime":"2025-06-22 21:01:46.6550242"},"EventRecordID":"6213","Correlation":null,"Execution":{"@ProcessID":"676","@ThreadID":"2988"},"Channel":"System","Computer":"Server002","Security":{"@UserID":"S-1-5-18"}},"EventData":{"Data":[{"@Name":"param1","#text":"Windows Modules Installer"},{"@Name":"param2","#text":"demand start"},{"@Name":"param3","#text":"auto start"},{"@Name":"param4","#text":"TrustedInstaller"}]}}}
{"Event":{"System":{"Provider":{"@Name":"Microsoft-Windows-WindowsUpdateClient","@Guid":"945a8954-c147-4acd-923f-40c45405a658"},"EventID":"44","Version":"1","Level":"4","Task":"1","Opcode":"12","Keywords":"0x8000000000002004","TimeCreated":{"@SystemTime":"2025-06-22 21:02:00.0217166"},"EventRecordID":"6214","Correlation":null,"Execution":{"@ProcessID":"6340","@ThreadID":"6676"},"Channel":"System","Computer":"Server002","Security":{"@UserID":"S-1-5-18"}},"EventData":{"Data":[{"@Name":"updateTitle","#text":"9NBLGGH5FV99-Microsoft.MSPaint"},{"@Name":"updateGuid","#text":"482f5813-8c6c-47bd-bb85-903ae056357e"},{"@Name":"updateRevisionNumber","#text":"1"}]}}}
{"Event":{"System":{"Provider":{"@Name":"Microsoft-Windows-WindowsUpdateClient","@Guid":"945a8954-c147-4acd-923f-40c45405a658"},"EventID":"44","Version":"1","Level":"4","Task":"1","Opcode":"12","Keywords":"0x8000000000002004","TimeCreated":{"@SystemTime":"2025-06-22 21:02:04.9102300"},"EventRecordID":"6215","Correlation":null,"Execution":{"@ProcessID":"6340","@ThreadID":"6676"},"Channel":"System","Computer":"Server002","Security":{"@UserID":"S-1-5-18"}},"EventData":{"Data":[{"@Name":"updateTitle","#text":"9NBLGGH5FV99-Microsoft.MSPaint"},{"@Name":"updateGuid","#text":"482f5813-8c6c-47bd-bb85-903ae056357e"},{"@Name":"updateRevisionNumber","#text":"1"}]}}}
{"Event":{"System":{"Provider":{"@Name":"Microsoft-Windows-WindowsUpdateClient","@Guid":"945a8954-c147-4acd-923f-40c45405a658"},"EventID":"44","Version":"1","Level":"4","Task":"1","Opcode":"12","Keywords":"0x8000000000002004","TimeCreated":{"@SystemTime":"2025-06-22 21:02:04.9102317"},"EventRecordID":"6216","Correlation":null,"Execution":{"@ProcessID":"6340","@ThreadID":"6676"},"Channel":"System","Computer":"Server002","Security":{"@UserID":"S-1-5-18"}},"EventData":{"Data":[{"@Name":"updateTitle","#text":"9NBLGGH3FRZM-Microsoft.VCLibs.140.00"},{"@Name":"updateGuid","#text":"7c4b0956-b3f1-40ac-a633-668abc5d6af2"},{"@Name":"updateRevisionNumber","#text":"1"}]}}}
{"Event":{"System":{"Provider":{"@Name":"Microsoft-Windows-Kernel-General","@Guid":"a68ca8b7-004f-d7b6-a698-07e2de0f1f5d"},"EventID":"16","Version":"0","Level":"4","Task":"0","Opcode":"0","Keywords":"0x8000000000000000","TimeCreated":{"@SystemTime":"2025-06-22 21:02:13.8566600"},"EventRecordID":"6217","Correlation":null,"Execution":{"@ProcessID":"4372","@ThreadID":"6948"},"Channel":"System","Computer":"Server002","Security":{"@UserID":"S-1-5-18"}},"EventData":{"Data":[{"@Name":"HiveNameLength","#text":"140"},{"@Name":"HiveName","#text":"\\??\\C:\\ProgramData\\Microsoft\\Windows\\AppRepository\\Packages\\MicrosoftWindows.CrossDevice_0.25052.36.0_x64__cw5n1h2txyewy\\ActivationStore.dat"},{"@Name":"KeysUpdated","#text":"0"},{"@Name":"DirtyPages","#text":"0"}]}}}
{"Event":{"System":{"Provider":{"@Name":"Microsoft-Windows-WindowsUpdateClient","@Guid":"945a8954-c147-4acd-923f-40c45405a658"},"EventID":"44","Version":"1","Level":"4","Task":"1","Opcode":"12","Keywords":"0x8000000000002004","TimeCreated":{"@SystemTime":"2025-06-22 21:02:15.2635344"},"EventRecordID":"6218","Correlation":null,"Execution":{"@ProcessID":"6340","@ThreadID":"6676"},"Channel":"System","Computer":"Server002","Security":{"@UserID":"S-1-5-18"}},"EventData":{"Data":[{"@Name":"updateTitle","#text":"9WZDNCRFHVQM-MICROSOFT.WINDOWSCOMMUNICATIONSAPPS"},{"@Name":"updateGuid","#text":"eed672e2-110c-440f-b647-310b467a4890"},{"@Name":"updateRevisionNumber","#text":"1"}]}}}
{"Event":{"System":{"Provider":{"@Name":"Microsoft-Windows-WindowsUpdateClient","@Guid":"945a8954-c147-4acd-923f-40c45405a658"},"EventID":"44","Version":"1","Level":"4","Task":"1","Opcode":"12","Keywords":"0x8000000000002004","TimeCreated":{"@SystemTime":"2025-06-22 21:02:21.0153706"},"EventRecordID":"6219","Correlation":null,"Execution":{"@ProcessID":"6340","@ThreadID":"6676"},"Channel":"System","Computer":"Server002","Security":{"@UserID":"S-1-5-18"}},"EventData":{"Data":[{"@Name":"updateTitle","#text":"9NBLGGH3FRZM-Microsoft.VCLibs.140.00"},{"@Name":"updateGuid","#text":"7c4b0956-b3f1-40ac-a633-668abc5d6af2"},{"@Name":"updateRevisionNumber","#text":"1"}]}}}
{"Event":{"System":{"Provider":{"@Name":"Microsoft-Windows-WindowsUpdateClient","@Guid":"945a8954-c147-4acd-923f-40c45405a658"},"EventID":"44","Version":"1","Level":"4","Task":"1","Opcode":"12","Keywords":"0x8000000000002004","TimeCreated":{"@SystemTime":"2025-06-22 21:02:21.0153733"},"EventRecordID":"6220","Correlation":null,"Execution":{"@ProcessID":"6340","@ThreadID":"6676"},"Channel":"System","Computer":"Server002","Security":{"@UserID":"S-1-5-18"}},"EventData":{"Data":[{"@Name":"updateTitle","#text":"9WZDNCRFHVQM-MICROSOFT.WINDOWSCOMMUNICATIONSAPPS"},{"@Name":"updateGuid","#text":"eed672e2-110c-440f-b647-310b467a4890"},{"@Name":"updateRevisionNumber","#text":"1"}]}}}
{"Event":{"System":{"Provider":{"@Name":"Microsoft-Windows-WindowsUpdateClient","@Guid":"945a8954-c147-4acd-923f-40c45405a658"},"EventID":"44","Version":"1","Level":"4","Task":"1","Opcode":"12","Keywords":"0x8000000000002004","TimeCreated":{"@SystemTime":"2025-06-22 21:02:29.7658356"},"EventRecordID":"6221","Correlation":null,"Execution":{"@ProcessID":"6340","@ThreadID":"6676"},"Channel":"System","Computer":"Server002","Security":{"@UserID":"S-1-5-18"}},"EventData":{"Data":[{"@Name":"updateTitle","#text":"9NFFX4SZZ23L-Microsoft.549981C3F5F10"},{"@Name":"updateGuid","#text":"bd9ab7f6-d463-4c47-b356-5d2bd6a54ffc"},{"@Name":"updateRevisionNumber","#text":"1"}]}}}
{"Event":{"System":{"Provider":{"@Name":"Microsoft-Windows-WindowsUpdateClient","@Guid":"945a8954-c147-4acd-923f-40c45405a658"},"EventID":"44","Version":"1","Level":"4","Task":"1","Opcode":"12","Keywords":"0x8000000000002004","TimeCreated":{"@SystemTime":"2025-06-22 21:02:39.5085898"},"EventRecordID":"6222","Correlation":null,"Execution":{"@ProcessID":"6340","@ThreadID":"6676"},"Channel":"System","Computer":"Server002","Security":{"@UserID":"S-1-5-18"}},"EventData":{"Data":[{"@Name":"updateTitle","#text":"9PLL735RFDSM-Microsoft.NET.Native.Runtime.2.2"},{"@Name":"updateGuid","#text":"9c137291-4059-4cb8-b650-12b07bbe1da1"},{"@Name":"updateRevisionNumber","#text":"1"}]}}}
{"Event":{"System":{"Provider":{"@Name":"Microsoft-Windows-WindowsUpdateClient","@Guid":"945a8954-c147-4acd-923f-40c45405a658"},"EventID":"44","Version":"1","Level":"4","Task":"1","Opcode":"12","Keywords":"0x8000000000002004","TimeCreated":{"@SystemTime":"2025-06-22 21:02:39.5085919"},"EventRecordID":"6223","Correlation":null,"Execution":{"@ProcessID":"6340","@ThreadID":"6676"},"Channel":"System","Computer":"Server002","Security":{"@UserID":"S-1-5-18"}},"EventData":{"Data":[{"@Name":"updateTitle","#text":"9NFFX4SZZ23L-Microsoft.549981C3F5F10"},{"@Name":"updateGuid","#text":"bd9ab7f6-d463-4c47-b356-5d2bd6a54ffc"},{"@Name":"updateRevisionNumber","#text":"1"}]}}}
{"Event":{"System":{"Provider":{"@Name":"Microsoft-Windows-WindowsUpdateClient","@Guid":"945a8954-c147-4acd-923f-40c45405a658"},"EventID":"44","Version":"1","Level":"4","Task":"1","Opcode":"12","Keywords":"0x8000000000002004","TimeCreated":{"@SystemTime":"2025-06-22 21:02:40.1501714"},"EventRecordID":"6224","Correlation":null,"Execution":{"@ProcessID":"6340","@ThreadID":"6676"},"Channel":"System","Computer":"Server002","Security":{"@UserID":"S-1-5-18"}},"EventData":{"Data":[{"@Name":"updateTitle","#text":"9NBLGGH3FRZM-Microsoft.VCLibs.140.00"},{"@Name":"updateGuid","#text":"7c4b0956-b3f1-40ac-a633-668abc5d6af2"},{"@Name":"updateRevisionNumber","#text":"1"}]}}}
{"Event":{"System":{"Provider":{"@Name":"Microsoft-Windows-WindowsUpdateClient","@Guid":"945a8954-c147-4acd-923f-40c45405a658"},"EventID":"44","Version":"1","Level":"4","Task":"1","Opcode":"12","Keywords":"0x8000000000002004","TimeCreated":{"@SystemTime":"2025-06-22 21:02:40.1501733"},"EventRecordID":"6225","Correlation":null,"Execution":{"@ProcessID":"6340","@ThreadID":"6676"},"Channel":"System","Computer":"Server002","Security":{"@UserID":"S-1-5-18"}},"EventData":{"Data":[{"@Name":"updateTitle","#text":"9NFFX4SZZ23L-Microsoft.549981C3F5F10"},{"@Name":"updateGuid","#text":"bd9ab7f6-d463-4c47-b356-5d2bd6a54ffc"},{"@Name":"updateRevisionNumber","#text":"1"}]}}}
{"Event":{"System":{"Provider":{"@Name":"Microsoft-Windows-WindowsUpdateClient","@Guid":"945a8954-c147-4acd-923f-40c45405a658"},"EventID":"44","Version":"1","Level":"4","Task":"1","Opcode":"12","Keywords":"0x8000000000002004","TimeCreated":{"@SystemTime":"2025-06-22 21:02:40.1501752"},"EventRecordID":"6226","Correlation":null,"Execution":{"@ProcessID":"6340","@ThreadID":"6676"},"Channel":"System","Computer":"Server002","Security":{"@UserID":"S-1-5-18"}},"EventData":{"Data":[{"@Name":"updateTitle","#text":"9MW2LKJ0TPJF-Microsoft.NET.Native.Framework.2.2"},{"@Name":"updateGuid","#text":"bfa7d40d-2cdf-4c15-98cf-85c847517da3"},{"@Name":"updateRevisionNumber","#text":"1"}]}}}
{"Event":{"System":{"Provider":{"@Name":"Microsoft-Windows-WindowsUpdateClient","@Guid":"945a8954-c147-4acd-923f-40c45405a658"},"EventID":"44","Version":"1","Level":"4","Task":"1","Opcode":"12","Keywords":"0x8000000000002004","TimeCreated":{"@SystemTime":"2025-06-22 21:02:40.1501765"},"EventRecordID":"6227","Correlation":null,"Execution":{"@ProcessID":"6340","@ThreadID":"6676"},"Channel":"System","Computer":"Server002","Security":{"@UserID":"S-1-5-18"}},"EventData":{"Data":[{"@Name":"updateTitle","#text":"9NFFX4SZZ23L-Microsoft.549981C3F5F10"},{"@Name":"updateGuid","#text":"bd9ab7f6-d463-4c47-b356-5d2bd6a54ffc"},{"@Name":"updateRevisionNumber","#text":"1"}]}}}
{"Event":{"System":{"Provider":{"@Name":"Microsoft-Windows-WindowsUpdateClient","@Guid":"945a8954-c147-4acd-923f-40c45405a658"},"EventID":"44","Version":"1","Level":"4","Task":"1","Opcode":"12","Keywords":"0x8000000000002004","TimeCreated":{"@SystemTime":"2025-06-22 21:02:40.6721873"},"EventRecordID":"6228","Correlation":null,"Execution":{"@ProcessID":"6340","@ThreadID":"6676"},"Channel":"System","Computer":"Server002","Security":{"@UserID":"S-1-5-18"}},"EventData":{"Data":[{"@Name":"updateTitle","#text":"9NBLGGH4RV3K-Microsoft.VCLibs.140.00.UWPDesktop"},{"@Name":"updateGuid","#text":"fcdd3b59-f41c-4595-b36b-245bacb749e8"},{"@Name":"updateRevisionNumber","#text":"1"}]}}}
