{"Event":{"System":{"Provider":{"@Name":"Microsoft-Windows-Security-SPP","@Guid":"{E23B33B0-C8C9-472C-A5F9-F2BDFEA0F156}","@EventSourceName":"Software Protection Platform Service"},"EventID":{"@Qualifiers":"49152","#text":"16394"},"Version":"0","Level":"4","Task":"0","Opcode":"0","Keywords":"0x80000000000000","TimeCreated":{"@SystemTime":"2025-04-29 18:44:19.9062153"},"EventRecordID":"4526","Correlation":null,"Execution":{"@ProcessID":"0","@ThreadID":"0"},"Channel":"Application","Computer":"Server002","Security":null},"EventData":{"Data":"","Binary":""}}}
{"Event":{"System":{"Provider":{"@Name":"Microsoft-Windows-Security-SPP","@Guid":"{E23B33B0-C8C9-472C-A5F9-F2BDFEA0F156}","@EventSourceName":"Software Protection Platform Service"},"EventID":{"@Qualifiers":"16384","#text":"16384"},"Version":"0","Level":"4","Task":"0","Opcode":"0","Keywords":"0x80000000000000","TimeCreated":{"@SystemTime":"2025-04-29 18:44:50.3923127"},"EventRecordID":"4527","Correlation":null,"Execution":{"@ProcessID":"0","@ThreadID":"0"},"Channel":"Application","Computer":"Server002","Security":null},"EventData":{"Data":"2025-04-30T10:13:50Z, RulesEngine","Binary":""}}}
{"Event":{"System":{"Provider":{"@Name":"brave"},"EventID":{"@Qualifiers":"0","#text":"0"},"Version":"0","Level":"4","Task":"0","Opcode":"0","Keywords":"0x80000000000000","TimeCreated":{"@SystemTime":"2025-04-29 20:16:39.8853768"},"EventRecordID":"4528","Correlation":null,"Execution":{"@ProcessID":"0","@ThreadID":"0"},"Channel":"Application","Computer":"Server002","Security":null},"EventData":{"Data":"Service stopped","Binary":""}}}
{"Event":{"System":{"Provider":{"@Name":"edgeupdate"},"EventID":{"@Qualifiers":"0","#text":"0"},"Version":"0","Level":"4","Task":"0","Opcode":"0","Keywords":"0x80000000000000","TimeCreated":{"@SystemTime":"2025-04-29 20:16:54.4633026"},"EventRecordID":"4529","Correlation":null,"Execution":{"@ProcessID":"0","@ThreadID":"0"},"Channel":"Application","Computer":"Server002","Security":null},"EventData":{"Data":"Service stopped","Binary":""}}}
{"Event":{"System":{"Provider":{"@Name":"Microsoft-Windows-Winlogon","@Guid":"{DBE9B383-7CF3-4331-91CC-A3CB16A3B538}","@EventSourceName":"Wlclntfy"},"EventID":{"@Qualifiers":"32768","#text":"6000"},"Version":"0","Level":"4","Task":"0","Opcode":"0","Keywords":"0x80000000000000","TimeCreated":{"@SystemTime":"2025-04-29 21:45:07.9834179"},"EventRecordID":"4530","Correlation":null,"Execution":{"@ProcessID":"0","@ThreadID":"0"},"Channel":"Application","Computer":"Server002","Security":null},"EventData":{"Data":"WSearch","Binary":"D9-06-00-00"}}}
{"Event":{"System":{"Provider":{"@Name":"Microsoft-Windows-Winlogon","@Guid":"{DBE9B383-7CF3-4331-91CC-A3CB16A3B538}","@EventSourceName":"Wlclntfy"},"EventID":{"@Qualifiers":"32768","#text":"6000"},"Version":"0","Level":"4","Task":"0","Opcode":"0","Keywords":"0x80000000000000","TimeCreated":{"@SystemTime":"2025-04-29 21:45:08.0547804"},"EventRecordID":"4531","Correlation":null,"Execution":{"@ProcessID":"0","@ThreadID":"0"},"Channel":"Application","Computer":"Server002","Security":null},"EventData":{"Data":"SessionEnv","Binary":"D9-06-00-00"}}}
{"Event":{"System":{"Provider":{"@Name":"SecurityCenter"},"EventID":{"@Qualifiers":"0","#text":"15"},"Version":"0","Level":"4","Task":"0","Opcode":"0","Keywords":"0x80000000000000","TimeCreated":{"@SystemTime":"2025-04-29 21:45:11.0860046"},"EventRecordID":"4532","Correlation":null,"Execution":{"@ProcessID":"0","@ThreadID":"0"},"Channel":"Application","Computer":"Server002","Security":null},"EventData":{"Data":"Malwarebytes, SECURITY_PRODUCT_STATE_OFF","Binary":""}}}
{"Event":{"System":{"Provider":{"@Name":"MBAMService"},"EventID":{"@Qualifiers":"0","#text":"0"},"Version":"0","Level":"4","Task":"0","Opcode":"0","Keywords":"0x80000000000000","TimeCreated":{"@SystemTime":"2025-04-29 21:45:30.4144407"},"EventRecordID":"4533","Correlation":null,"Execution":{"@ProcessID":"0","@ThreadID":"0"},"Channel":"Application","Computer":"Server002","Security":null},"EventData":{"Data":"Service stopped","Binary":""}}}
{"Event":{"System":{"Provider":{"@Name":"Microsoft-Windows-User Profiles Service","@Guid":"89b1e9f0-5aff-44a6-9b44-0a07a7ce5845"},"EventID":"1532","Version":"0","Level":"4","Task":"0","Opcode":"0","Keywords":"0x8000000000000000","TimeCreated":{"@SystemTime":"2025-04-29 21:45:30.8973795"},"EventRecordID":"4534","Correlation":null,"Execution":{"@ProcessID":"1276","@ThreadID":"1356"},"Channel":"Application","Computer":"Server002","Security":{"@UserID":"S-1-5-18"}},"EventData":""}}
{"Event":{"System":{"Provider":{"@Name":"Microsoft-Windows-User Profiles Service","@Guid":"89b1e9f0-5aff-44a6-9b44-0a07a7ce5845"},"EventID":"1531","Version":"0","Level":"4","Task":"0","Opcode":"0","Keywords":"0x8000000000000000","TimeCreated":{"@SystemTime":"2025-04-30 10:09:33.1588180"},"EventRecordID":"4535","Correlation":null,"Execution":{"@ProcessID":"1224","@ThreadID":"1304"},"Channel":"Application","Computer":"Server002","Security":{"@UserID":"S-1-5-18"}},"EventData":""}}
{"Event":{"System":{"Provider":{"@Name":"Microsoft-Windows-EventSystem","@Guid":"{899daace-4868-4295-afcd-9eb8fb497561}","@EventSourceName":"EventSystem"},"EventID":{"@Qualifiers":"16384","#text":"4625"},"Version":"0","Level":"4","Task":"0","Opcode":"0","Keywords":"0x80000000000000","TimeCreated":{"@SystemTime":"2025-04-30 08:09:35.0673093"},"EventRecordID":"4536","Correlation":null,"Execution":{"@ProcessID":"0","@ThreadID":"0"},"Channel":"Application","Computer":"Server002","Security":null},"EventData":{"Data":[{"@Name":"param1","#text":"86400"},{"@Name":"param2","#text":"SuppressDuplicateDuration"},{"@Name":"param3","#text":"Software\\Microsoft\\EventSystem\\EventLog"}]}}}
{"Event":{"System":{"Provider":{"@Name":"Microsoft-Windows-WMI","@Guid":"1edeee53-0afe-4609-b846-d8c0b2075b1f"},"EventID":"5615","Version":"2","Level":"4","Task":"0","Opcode":"0","Keywords":"0x8000000000000000","TimeCreated":{"@SystemTime":"2025-04-30 08:09:37.4786123"},"EventRecordID":"4537","Correlation":null,"Execution":{"@ProcessID":"2944","@ThreadID":"2668"},"Channel":"Application","Computer":"Server002","Security":{"@UserID":"S-1-5-18"}},"EventData":""}}
{"Event":{"System":{"Provider":{"@Name":"ESENT"},"EventID":{"@Qualifiers":"0","#text":"102"},"Version":"0","Level":"4","Task":"1","Opcode":"0","Keywords":"0x80000000000000","TimeCreated":{"@SystemTime":"2025-04-30 08:09:40.1924194"},"EventRecordID":"4538","Correlation":null,"Execution":{"@ProcessID":"0","@ThreadID":"0"},"Channel":"Application","Computer":"Server002","Security":null},"EventData":{"Data":"SearchIndexer, 4076,P,98, Windows: , 0, 10, 00, 19045, 0000","Binary":""}}}
{"Event":{"System":{"Provider":{"@Name":"Microsoft-Windows-WMI","@Guid":"1edeee53-0afe-4609-b846-d8c0b2075b1f"},"EventID":"5617","Version":"2","Level":"4","Task":"0","Opcode":"0","Keywords":"0x8000000000000000","TimeCreated":{"@SystemTime":"2025-04-30 08:09:39.4521595"},"EventRecordID":"4539","Correlation":null,"Execution":{"@ProcessID":"2944","@ThreadID":"3188"},"Channel":"Application","Computer":"Server002","Security":{"@UserID":"S-1-5-18"}},"EventData":""}}
{"Event":{"System":{"Provider":{"@Name":"ESENT"},"EventID":{"@Qualifiers":"0","#text":"105"},"Version":"0","Level":"4","Task":"1","Opcode":"0","Keywords":"0x80000000000000","TimeCreated":{"@SystemTime":"2025-04-30 08:09:40.2651955"},"EventRecordID":"4540","Correlation":null,"Execution":{"@ProcessID":"0","@ThreadID":"0"},"Channel":"Application","Computer":"Server002","Security":null},"EventData":{"Data":"SearchIndexer, 4076,D,0, Windows: , 0, 0, \r\n[1] 0.001967 +J(0) +M(C:0K, Fs:222, WS:872K # 872K, PF:5012K # 5012K, P:5012K)\r\n[2] 0.000979 +J(0) +M(C:0K, Fs:109, WS:432K # 432K, PF:384K # 384K, P:384K)\r\n[3] 0.001012 +J(0) +M(C:0K, Fs:12, WS:44K # 44K, PF:68K # 68K, P:68K)\r\n[4] 0.000625 +J(0) +M(C:0K, Fs:25, WS:100K # 100K, PF:352K # 352K, P:352K)\r\n[5] 0.001275 +J(0) +M(C:0K, Fs:11, WS:44K # 44K, PF:20K # 20K, P:20K)\r\n[6] 0.003104 +J(0) +M(C:0K, Fs:24, WS:96K # 96K, PF:12K # 12K, P:12K)\r\n[7] 0.055893 -0.050988 (2) WT +J(0) +M(C:0K, Fs:276, WS:1100K # 1100K, PF:1032K # 1032K, P:1032K)\r\n[8] -\r\n[9] -\r\n[10] -\r\n[11] -\r\n[12] -\r\n[13] 0.006327 -0.000034 (1) WT +J(CM:0, PgRf:0, Rd:0/0, Dy:0/0, Lg:616/1) +M(C:0K, Fs:11, WS:-988K # 24K, PF:-1024K # 12K, P:-1024K)\r\n[14] 0.000012 +J(0) +M(C:0K, Fs:1, WS:4K # 0K, PF:0K # 0K, P:0K)\r\n[15] 0.000525 +J(0) +M(C:0K, Fs:64, WS:256K # 0K, PF:64K # 0K, P:64K)\r\n[16] 0.000140 +J(0) +M(C:0K, Fs:3, WS:4K # 0K, PF:0K # 0K, P:0K).","Binary":""}}}
