{"Event":{"System":{"Provider":{"@Name":"Microsoft-Windows-Sysmon","@Guid":"5770385f-c22a-43e0-bf4c-06f5698ffbd9"},"EventID":"1","Version":"5","Level":"4","Task":"1","Opcode":"0","Keywords":"0x8000000000000000","TimeCreated":{"@SystemTime":"2025-04-30 08:12:08.9952645"},"EventRecordID":"53363","Correlation":null,"Execution":{"@ProcessID":"2632","@ThreadID":"4140"},"Channel":"Microsoft-Windows-Sysmon/Operational","Computer":"Server002","Security":{"@UserID":"S-1-5-18"}},"EventData":{"Data":[{"@Name":"RuleName","#text":"-"},{"@Name":"UtcTime","#text":"2025-04-30 08:12:08.557"},{"@Name":"ProcessGuid","#text":"dbf410b3-db58-6811-1501-000000004400"},{"@Name":"ProcessId","#text":"2432"},{"@Name":"Image","#text":"C:\\Program Files\\Microsoft OneDrive\\25.065.0406.0002\\FileCoAuth.exe"},{"@Name":"FileVersion","#text":"25.065.0406.0002"},{"@Name":"Description","#text":"Microsoft OneDriveFile Co-Authoring Executable"},{"@Name":"Product","#text":"Microsoft OneDrive"},{"@Name":"Company","#text":"Microsoft Corporation"},{"@Name":"OriginalFileName","#text":"FileCoAuth.exe"},{"@Name":"CommandLine","#text":"\"C:\\Program Files\\Microsoft OneDrive\\25.065.0406.0002\\FileCoAuth.exe\" -Embedding"},{"@Name":"CurrentDirectory","#text":"C:\\Windows\\system32\\"},{"@Name":"User","#text":"SERVER002\\lplui"},{"@Name":"LogonGuid","#text":"dbf410b3-dac5-6811-9dd7-030000000000"},{"@Name":"LogonId","#text":"0x3D79D"},{"@Name":"TerminalSessionId","#text":"1"},{"@Name":"IntegrityLevel","#text":"Medium"},{"@Name":"Hashes","#text":"SHA256=B7B20F19DE611698C5CAE2677B63494A5C61CB74179012E1C63C7F7EB3ECC6AF"},{"@Name":"ParentProcessGuid","#text":"00000000-0000-0000-0000-000000000000"},{"@Name":"ParentProcessId","#text":"784"},{"@Name":"ParentImage","#text":"-"},{"@Name":"ParentCommandLine","#text":"-"},{"@Name":"ParentUser","#text":"-"}]}}}
{"Event":{"System":{"Provider":{"@Name":"Microsoft-Windows-Sysmon","@Guid":"5770385f-c22a-43e0-bf4c-06f5698ffbd9"},"EventID":"5","Version":"3","Level":"4","Task":"5","Opcode":"0","Keywords":"0x8000000000000000","TimeCreated":{"@SystemTime":"2025-04-30 08:12:13.2143241"},"EventRecordID":"53364","Correlation":null,"Execution":{"@ProcessID":"2632","@ThreadID":"4140"},"Channel":"Microsoft-Windows-Sysmon/Operational","Computer":"Server002","Security":{"@UserID":"S-1-5-18"}},"EventData":{"Data":[{"@Name":"RuleName","#text":"-"},{"@Name":"UtcTime","#text":"2025-04-30 08:12:13.044"},{"@Name":"ProcessGuid","#text":"dbf410b3-db39-6811-ff00-000000004400"},{"@Name":"ProcessId","#text":"8056"},{"@Name":"Image","#text":"C:\\Program Files\\Microsoft OneDrive\\25.065.0406.0002\\FileCoAuth.exe"},{"@Name":"User","#text":"SERVER002\\lplui"}]}}}
{"Event":{"System":{"Provider":{"@Name":"Microsoft-Windows-Sysmon","@Guid":"5770385f-c22a-43e0-bf4c-06f5698ffbd9"},"EventID":"1","Version":"5","Level":"4","Task":"1","Opcode":"0","Keywords":"0x8000000000000000","TimeCreated":{"@SystemTime":"2025-04-30 08:12:13.8448553"},"EventRecordID":"53365","Correlation":null,"Execution":{"@ProcessID":"2632","@ThreadID":"4140"},"Channel":"Microsoft-Windows-Sysmon/Operational","Computer":"Server002","Security":{"@UserID":"S-1-5-18"}},"EventData":{"Data":[{"@Name":"RuleName","#text":"-"},{"@Name":"UtcTime","#text":"2025-04-30 08:12:13.032"},{"@Name":"ProcessGuid","#text":"dbf410b3-db5d-6811-1701-000000004400"},{"@Name":"ProcessId","#text":"5696"},{"@Name":"Image","#text":"C:\\Windows\\System32\\svchost.exe"},{"@Name":"FileVersion","#text":"10.0.19041.4355 (WinBuild.160101.0800)"},{"@Name":"Description","#text":"Host Process for Windows Services"},{"@Name":"Product","#text":"Microsoft® Windows® Operating System"},{"@Name":"Company","#text":"Microsoft Corporation"},{"@Name":"OriginalFileName","#text":"svchost.exe"},{"@Name":"CommandLine","#text":"C:\\Windows\\System32\\svchost.exe -k NetworkService -p"},{"@Name":"CurrentDirectory","#text":"C:\\Windows\\system32\\"},{"@Name":"User","#text":"NT AUTHORITY\\NETWORK SERVICE"},{"@Name":"LogonGuid","#text":"dbf410b3-f6dc-6811-e403-000000000000"},{"@Name":"LogonId","#text":"0x3E4"},{"@Name":"TerminalSessionId","#text":"0"},{"@Name":"IntegrityLevel","#text":"System"},{"@Name":"Hashes","#text":"SHA256=6FC3BF1FDFD76860BE782554F8D25BD32F108DB934D70F4253F1E5F23522E503"},{"@Name":"ParentProcessGuid","#text":"00000000-0000-0000-0000-000000000000"},{"@Name":"ParentProcessId","#text":"668"},{"@Name":"ParentImage","#text":"-"},{"@Name":"ParentCommandLine","#text":"-"},{"@Name":"ParentUser","#text":"-"}]}}}
{"Event":{"System":{"Provider":{"@Name":"Microsoft-Windows-Sysmon","@Guid":"5770385f-c22a-43e0-bf4c-06f5698ffbd9"},"EventID":"1","Version":"5","Level":"4","Task":"1","Opcode":"0","Keywords":"0x8000000000000000","TimeCreated":{"@SystemTime":"2025-04-30 08:12:13.9995449"},"EventRecordID":"53366","Correlation":null,"Execution":{"@ProcessID":"2632","@ThreadID":"4140"},"Channel":"Microsoft-Windows-Sysmon/Operational","Computer":"Server002","Security":{"@UserID":"S-1-5-18"}},"EventData":{"Data":[{"@Name":"RuleName","#text":"-"},{"@Name":"UtcTime","#text":"2025-04-30 08:12:13.069"},{"@Name":"ProcessGuid","#text":"dbf410b3-db5d-6811-1801-000000004400"},{"@Name":"ProcessId","#text":"2236"},{"@Name":"Image","#text":"C:\\Program Files (x86)\\BraveSoftware\\Update\\1.3.361.151\\BraveCrashHandler.exe"},{"@Name":"FileVersion","#text":"1.3.361.151"},{"@Name":"Description","#text":"BraveSoftware Update"},{"@Name":"Product","#text":"BraveSoftware Update"},{"@Name":"Company","#text":"BraveSoftware Inc."},{"@Name":"OriginalFileName","#text":"BraveUpdate.exe"},{"@Name":"CommandLine","#text":"\"C:\\Program Files (x86)\\BraveSoftware\\Update\\1.3.361.151\\BraveCrashHandler.exe\""},{"@Name":"CurrentDirectory","#text":"C:\\Program Files (x86)\\BraveSoftware\\Update\\1.3.361.151\\"},{"@Name":"User","#text":"NT AUTHORITY\\SYSTEM"},{"@Name":"LogonGuid","#text":"dbf410b3-f6db-6811-e703-000000000000"},{"@Name":"LogonId","#text":"0x3E7"},{"@Name":"TerminalSessionId","#text":"0"},{"@Name":"IntegrityLevel","#text":"System"},{"@Name":"Hashes","#text":"SHA256=546EB4102D9835E0E8B836BBD0E1382FD72E61C96ED323134A4E2B877A7A67A1"},{"@Name":"ParentProcessGuid","#text":"dbf410b3-db49-6811-0c01-000000004400"},{"@Name":"ParentProcessId","#text":"6540"},{"@Name":"ParentImage","#text":"C:\\Program Files (x86)\\BraveSoftware\\Update\\BraveUpdate.exe"},{"@Name":"ParentCommandLine","#text":"\"C:\\Program Files (x86)\\BraveSoftware\\Update\\BraveUpdate.exe\" /c"},{"@Name":"ParentUser","#text":"NT AUTHORITY\\SYSTEM"}]}}}
{"Event":{"System":{"Provider":{"@Name":"Microsoft-Windows-Sysmon","@Guid":"5770385f-c22a-43e0-bf4c-06f5698ffbd9"},"EventID":"1","Version":"5","Level":"4","Task":"1","Opcode":"0","Keywords":"0x8000000000000000","TimeCreated":{"@SystemTime":"2025-04-30 08:12:18.1534153"},"EventRecordID":"53367","Correlation":null,"Execution":{"@ProcessID":"2632","@ThreadID":"4140"},"Channel":"Microsoft-Windows-Sysmon/Operational","Computer":"Server002","Security":{"@UserID":"S-1-5-18"}},"EventData":{"Data":[{"@Name":"RuleName","#text":"-"},{"@Name":"UtcTime","#text":"2025-04-30 08:12:10.354"},{"@Name":"ProcessGuid","#text":"dbf410b3-db5a-6811-1601-000000004400"},{"@Name":"ProcessId","#text":"10132"},{"@Name":"Image","#text":"C:\\Program Files\\WindowsApps\\OpenAI.ChatGPT-Desktop_1.2025.112.0_x64__2p2nqsd0c76g0\\app\\ChatGPT.exe"},{"@Name":"FileVersion","#text":"1.2025.112"},{"@Name":"Description","#text":"ChatGPT"},{"@Name":"Product","#text":"ChatGPT"},{"@Name":"Company","#text":"OpenAI"},{"@Name":"OriginalFileName","#text":"ChatGPT.exe"},{"@Name":"CommandLine","#text":"\"C:\\Program Files\\WindowsApps\\OpenAI.ChatGPT-Desktop_1.2025.112.0_x64__2p2nqsd0c76g0\\app\\ChatGPT.exe\" "},{"@Name":"CurrentDirectory","#text":"C:\\Windows\\system32\\"},{"@Name":"User","#text":"SERVER002\\lplui"},{"@Name":"LogonGuid","#text":"dbf410b3-dac5-6811-9dd7-030000000000"},{"@Name":"LogonId","#text":"0x3D79D"},{"@Name":"TerminalSessionId","#text":"1"},{"@Name":"IntegrityLevel","#text":"Medium"},{"@Name":"Hashes","#text":"SHA256=902E8F11728E6DEB23D1F70C2ACCD608346B8B073A538FAF8DC629CC2F0ECA18"},{"@Name":"ParentProcessGuid","#text":"dbf410b3-dad0-6811-8e00-000000004400"},{"@Name":"ParentProcessId","#text":"5872"},{"@Name":"ParentImage","#text":"C:\\Windows\\explorer.exe"},{"@Name":"ParentCommandLine","#text":"C:\\Windows\\Explorer.EXE"},{"@Name":"ParentUser","#text":"SERVER002\\lplui"}]}}}
{"Event":{"System":{"Provider":{"@Name":"Microsoft-Windows-Sysmon","@Guid":"5770385f-c22a-43e0-bf4c-06f5698ffbd9"},"EventID":"5","Version":"3","Level":"4","Task":"5","Opcode":"0","Keywords":"0x8000000000000000","TimeCreated":{"@SystemTime":"2025-04-30 08:12:18.2941886"},"EventRecordID":"53368","Correlation":null,"Execution":{"@ProcessID":"2632","@ThreadID":"4140"},"Channel":"Microsoft-Windows-Sysmon/Operational","Computer":"Server002","Security":{"@UserID":"S-1-5-18"}},"EventData":{"Data":[{"@Name":"RuleName","#text":"-"},{"@Name":"UtcTime","#text":"2025-04-30 08:12:18.207"},{"@Name":"ProcessGuid","#text":"dbf410b3-db57-6811-1401-000000004400"},{"@Name":"ProcessId","#text":"2308"},{"@Name":"Image","#text":"C:\\Program Files (x86)\\Microsoft\\Edge\\Application\\msedge.exe"},{"@Name":"User","#text":"SERVER002\\lplui"}]}}}
{"Event":{"System":{"Provider":{"@Name":"Microsoft-Windows-Sysmon","@Guid":"5770385f-c22a-43e0-bf4c-06f5698ffbd9"},"EventID":"5","Version":"3","Level":"4","Task":"5","Opcode":"0","Keywords":"0x8000000000000000","TimeCreated":{"@SystemTime":"2025-04-30 08:12:19.8190216"},"EventRecordID":"53369","Correlation":null,"Execution":{"@ProcessID":"2632","@ThreadID":"4140"},"Channel":"Microsoft-Windows-Sysmon/Operational","Computer":"Server002","Security":{"@UserID":"S-1-5-18"}},"EventData":{"Data":[{"@Name":"RuleName","#text":"-"},{"@Name":"UtcTime","#text":"2025-04-30 08:12:19.777"},{"@Name":"ProcessGuid","#text":"dbf410b3-db36-6811-fd00-000000004400"},{"@Name":"ProcessId","#text":"8764"},{"@Name":"Image","#text":"C:\\Windows\\System32\\svchost.exe"},{"@Name":"User","#text":"NT AUTHORITY\\SYSTEM"}]}}}
{"Event":{"System":{"Provider":{"@Name":"Microsoft-Windows-Sysmon","@Guid":"5770385f-c22a-43e0-bf4c-06f5698ffbd9"},"EventID":"1","Version":"5","Level":"4","Task":"1","Opcode":"0","Keywords":"0x8000000000000000","TimeCreated":{"@SystemTime":"2025-04-30 08:12:21.6344838"},"EventRecordID":"53370","Correlation":null,"Execution":{"@ProcessID":"2632","@ThreadID":"4140"},"Channel":"Microsoft-Windows-Sysmon/Operational","Computer":"Server002","Security":{"@UserID":"S-1-5-18"}},"EventData":{"Data":[{"@Name":"RuleName","#text":"-"},{"@Name":"UtcTime","#text":"2025-04-30 08:12:16.482"},{"@Name":"ProcessGuid","#text":"dbf410b3-db60-6811-1901-000000004400"},{"@Name":"ProcessId","#text":"3044"},{"@Name":"Image","#text":"C:\\Windows\\System32\\dllhost.exe"},{"@Name":"FileVersion","#text":"10.0.19041.3636 (WinBuild.160101.0800)"},{"@Name":"Description","#text":"COM Surrogate"},{"@Name":"Product","#text":"Microsoft® Windows® Operating System"},{"@Name":"Company","#text":"Microsoft Corporation"},{"@Name":"OriginalFileName","#text":"dllhost.exe"},{"@Name":"CommandLine","#text":"C:\\Windows\\system32\\DllHost.exe /Processid:{338B40F9-9D68-4B53-A793-6B9AA0C5F63B}"},{"@Name":"CurrentDirectory","#text":"C:\\Windows\\system32\\"},{"@Name":"User","#text":"SERVER002\\lplui"},{"@Name":"LogonGuid","#text":"dbf410b3-dac5-6811-9dd7-030000000000"},{"@Name":"LogonId","#text":"0x3D79D"},{"@Name":"TerminalSessionId","#text":"1"},{"@Name":"IntegrityLevel","#text":"Medium"},{"@Name":"Hashes","#text":"SHA256=0309834D40475CCD5A88C48F7FF5EC62E5C6798900357DD83665C3D0345124E0"},{"@Name":"ParentProcessGuid","#text":"00000000-0000-0000-0000-000000000000"},{"@Name":"ParentProcessId","#text":"784"},{"@Name":"ParentImage","#text":"-"},{"@Name":"ParentCommandLine","#text":"-"},{"@Name":"ParentUser","#text":"-"}]}}}
{"Event":{"System":{"Provider":{"@Name":"Microsoft-Windows-Sysmon","@Guid":"5770385f-c22a-43e0-bf4c-06f5698ffbd9"},"EventID":"5","Version":"3","Level":"4","Task":"5","Opcode":"0","Keywords":"0x8000000000000000","TimeCreated":{"@SystemTime":"2025-04-30 08:12:21.8460490"},"EventRecordID":"53371","Correlation":null,"Execution":{"@ProcessID":"2632","@ThreadID":"4140"},"Channel":"Microsoft-Windows-Sysmon/Operational","Computer":"Server002","Security":{"@UserID":"S-1-5-18"}},"EventData":{"Data":[{"@Name":"RuleName","#text":"-"},{"@Name":"UtcTime","#text":"2025-04-30 08:12:21.801"},{"@Name":"ProcessGuid","#text":"dbf410b3-db4b-6811-0d01-000000004400"},{"@Name":"ProcessId","#text":"8564"},{"@Name":"Image","#text":"C:\\Windows\\System32\\backgroundTaskHost.exe"},{"@Name":"User","#text":"SERVER002\\lplui"}]}}}
{"Event":{"System":{"Provider":{"@Name":"Microsoft-Windows-Sysmon","@Guid":"5770385f-c22a-43e0-bf4c-06f5698ffbd9"},"EventID":"1","Version":"5","Level":"4","Task":"1","Opcode":"0","Keywords":"0x8000000000000000","TimeCreated":{"@SystemTime":"2025-04-30 08:12:25.4225192"},"EventRecordID":"53372","Correlation":null,"Execution":{"@ProcessID":"2632","@ThreadID":"4140"},"Channel":"Microsoft-Windows-Sysmon/Operational","Computer":"Server002","Security":{"@UserID":"S-1-5-18"}},"EventData":{"Data":[{"@Name":"RuleName","#text":"-"},{"@Name":"UtcTime","#text":"2025-04-30 08:12:23.711"},{"@Name":"ProcessGuid","#text":"dbf410b3-db67-6811-1a01-000000004400"},{"@Name":"ProcessId","#text":"6916"},{"@Name":"Image","#text":"C:\\Program Files\\WindowsApps\\Microsoft.Copilot_1.25041.128.0_x64__8wekyb3d8bbwe\\Copilot.exe"},{"@Name":"FileVersion","#text":"1.25041.128.0"},{"@Name":"Description","#text":"Microsoft Copilot"},{"@Name":"Product","#text":"Copilot"},{"@Name":"Company","#text":"Microsoft Corporation"},{"@Name":"OriginalFileName","#text":"Copilot.dll"},{"@Name":"CommandLine","#text":"\"C:\\Program Files\\WindowsApps\\Microsoft.Copilot_1.25041.128.0_x64__8wekyb3d8bbwe\\Copilot.exe\" "},{"@Name":"CurrentDirectory","#text":"C:\\Windows\\system32\\"},{"@Name":"User","#text":"SERVER002\\lplui"},{"@Name":"LogonGuid","#text":"dbf410b3-dac5-6811-9dd7-030000000000"},{"@Name":"LogonId","#text":"0x3D79D"},{"@Name":"TerminalSessionId","#text":"1"},{"@Name":"IntegrityLevel","#text":"Medium"},{"@Name":"Hashes","#text":"SHA256=E64A3267EA04CACC28AA3D26833D93F9C115E20A57559BFF9B360BECC140334A"},{"@Name":"ParentProcessGuid","#text":"dbf410b3-dad0-6811-8e00-000000004400"},{"@Name":"ParentProcessId","#text":"5872"},{"@Name":"ParentImage","#text":"C:\\Windows\\explorer.exe"},{"@Name":"ParentCommandLine","#text":"C:\\Windows\\Explorer.EXE"},{"@Name":"ParentUser","#text":"SERVER002\\lplui"}]}}}
{"Event":{"System":{"Provider":{"@Name":"Microsoft-Windows-Sysmon","@Guid":"5770385f-c22a-43e0-bf4c-06f5698ffbd9"},"EventID":"1","Version":"5","Level":"4","Task":"1","Opcode":"0","Keywords":"0x8000000000000000","TimeCreated":{"@SystemTime":"2025-04-30 08:12:25.5692679"},"EventRecordID":"53373","Correlation":null,"Execution":{"@ProcessID":"2632","@ThreadID":"4140"},"Channel":"Microsoft-Windows-Sysmon/Operational","Computer":"Server002","Security":{"@UserID":"S-1-5-18"}},"EventData":{"Data":[{"@Name":"RuleName","#text":"-"},{"@Name":"UtcTime","#text":"2025-04-30 08:12:24.474"},{"@Name":"ProcessGuid","#text":"dbf410b3-db68-6811-1c01-000000004400"},{"@Name":"ProcessId","#text":"9196"},{"@Name":"Image","#text":"C:\\Windows\\System32\\backgroundTaskHost.exe"},{"@Name":"FileVersion","#text":"10.0.19041.3636 (WinBuild.160101.0800)"},{"@Name":"Description","#text":"Background Task Host"},{"@Name":"Product","#text":"Microsoft® Windows® Operating System"},{"@Name":"Company","#text":"Microsoft Corporation"},{"@Name":"OriginalFileName","#text":"backgroundTaskHost.exe"},{"@Name":"CommandLine","#text":"\"C:\\Windows\\system32\\BackgroundTaskHost.exe\" -ServerName:BackgroundTaskHost.WebAccountProvider"},{"@Name":"CurrentDirectory","#text":"C:\\Windows\\SystemApps\\Microsoft.AAD.BrokerPlugin_cw5n1h2txyewy\\"},{"@Name":"User","#text":"SERVER002\\lplui"},{"@Name":"LogonGuid","#text":"dbf410b3-dac5-6811-9dd7-030000000000"},{"@Name":"LogonId","#text":"0x3D79D"},{"@Name":"TerminalSessionId","#text":"1"},{"@Name":"IntegrityLevel","#text":"AppContainer"},{"@Name":"Hashes","#text":"SHA256=7077CBF56490C86FC74C0CC6C0379AB679F06A066E71906AD23458F664836449"},{"@Name":"ParentProcessGuid","#text":"00000000-0000-0000-0000-000000000000"},{"@Name":"ParentProcessId","#text":"784"},{"@Name":"ParentImage","#text":"-"},{"@Name":"ParentCommandLine","#text":"-"},{"@Name":"ParentUser","#text":"-"}]}}}
{"Event":{"System":{"Provider":{"@Name":"Microsoft-Windows-Sysmon","@Guid":"5770385f-c22a-43e0-bf4c-06f5698ffbd9"},"EventID":"1","Version":"5","Level":"4","Task":"1","Opcode":"0","Keywords":"0x8000000000000000","TimeCreated":{"@SystemTime":"2025-04-30 08:12:25.5697236"},"EventRecordID":"53374","Correlation":null,"Execution":{"@ProcessID":"2632","@ThreadID":"4140"},"Channel":"Microsoft-Windows-Sysmon/Operational","Computer":"Server002","Security":{"@UserID":"S-1-5-18"}},"EventData":{"Data":[{"@Name":"RuleName","#text":"-"},{"@Name":"UtcTime","#text":"2025-04-30 08:12:23.989"},{"@Name":"ProcessGuid","#text":"dbf410b3-db67-6811-1b01-000000004400"},{"@Name":"ProcessId","#text":"5476"},{"@Name":"Image","#text":"C:\\Program Files (x86)\\Microsoft\\EdgeUpdate\\MicrosoftEdgeUpdate.exe"},{"@Name":"FileVersion","#text":"1.3.147.37"},{"@Name":"Description","#text":"Microsoft Edge Update"},{"@Name":"Product","#text":"Microsoft Edge Update"},{"@Name":"Company","#text":"Microsoft Corporation"},{"@Name":"OriginalFileName","#text":"msedgeupdate.dll"},{"@Name":"CommandLine","#text":"\"C:\\Program Files (x86)\\Microsoft\\EdgeUpdate\\MicrosoftEdgeUpdate.exe\" /ping PD94bWwgdmVyc2lvbj0iMS4wIiBlbmNvZGluZz0iVVRGLTgiPz48cmVxdWVzdCBwcm90b2NvbD0iMy4wIiB1cGRhdGVyPSJPbWFoYSIgdXBkYXRlcnZlcnNpb249IjEuMy4xOTUuNDkiIHNoZWxsX3ZlcnNpb249IjEuMy4xNDcuMzciIGlzbWFjaGluZT0iMSIgc2Vzc2lvbmlkPSJ7M0QyM0U3RDYtM0E5RS00MzkyLUFCRkEtOURDN0U3RDA0MUMyfSIgdXNlcmlkPSJ7REVBM0RCMzktMkE4Ri00QjE4LTlDOEUtQjU0MjBCNjFEN0ExfSIgaW5zdGFsbHNvdXJjZT0iY29yZSIgcmVxdWVzdGlkPSJ7Rjk0Qjk0ODItQTFERi00QTk4LTkwOEItRkVCRTBEMzlBM0Y3fSIgZGVkdXA9ImNyIiBkb21haW5qb2luZWQ9IjAiPjxodyBsb2dpY2FsX2NwdXM9IjIiIHBoeXNtZW1vcnk9IjQiIGRpc2tfdHlwZT0iMSIgc3NlPSIxIiBzc2UyPSIxIiBzc2UzPSIxIiBzc3NlMz0iMSIgc3NlNDE9IjEiIHNzZTQyPSIxIiBhdng9IjAiLz48b3MgcGxhdGZvcm09IndpbiIgdmVyc2lvbj0iMTAuMC4xOTA0NS41NzM3IiBzcD0iIiBhcmNoPSJ4NjQiIHByb2R1Y3RfdHlwZT0iMTAxIiBpc193aXA9IjAiIGlzX2luX2xvY2tkb3duX21vZGU9IjAiLz48b2VtIHByb2R1Y3RfbWFudWZhY3R1cmVyPSJpbm5vdGVrIEdtYkgiIHByb2R1Y3RfbmFtZT0iVmlydHVhbEJveCIvPjxleHAgZXRhZz0iJnF1b3Q7cjQ1MnQxK2syVGdxL0hYemp2Rk5CUmhvcEJXUjlzYmpYeHFlVURIOXVYMD0mcXVvdDsiLz48YXBwIGFwcGlkPSJ7RjNDNEZFMDAtRUZENS00MDNCLTk1NjktMzk4QTIwRjFCQTRBfSIgdmVyc2lvbj0iMS4zLjE5NS40OSIgbmV4dHZlcnNpb249IiIgbGFuZz0iIiBicmFuZD0iSU5CWCIgY2xpZW50PSIiIGV4cGVyaW1lbnRzPSJJc09uSW50ZXJ2YWxDb21tYW5kc0FsbG93ZWQ9JTVCJTIyLXRhcmdldF9kZXYlMjAtbWluX2Jyb3dzZXJfdmVyc2lvbl9jYW5hcnlfZGV2JTIwMTMxLjAuMjg3MS4wJTIyJTVEIiBpbnN0YWxsYWdlPSIzMDYiIGNvaG9ydD0icnJmQDAuMTMiPjx1cGRhdGVjaGVjay8-PHBpbmcgcj0iMSIgcmQ9IjY2OTMiIHBpbmdfZnJlc2huZXNzPSJ7MjNFQTNGMjctOUVFMC00MkJGLTlDQTAtNjI4RUI3MjY2RTI2fSIvPjwvYXBwPjxhcHAgYXBwaWQ9Ins1NkVCMThGOC1CMDA4LTRDQkQtQjZEMi04Qzk3RkU3RTkwNjJ9IiB2ZXJzaW9uPSIxMzUuMC4zMTc5Ljk4IiBuZXh0dmVyc2lvbj0iIiBsYW5nPSIiIGJyYW5kPSJJTkJYIiBjbGllbnQ9IiIgZXhwZXJpbWVudHM9ImNvbnNlbnQ9ZmFsc2UiIGluc3RhbGxhZ2U9IjMwNiIgY29ob3J0PSJycmZAMC42MCIgb29iZV9pbnN0YWxsX3RpbWU9IjEzMzYzOTcxODYwNzE3NTkwMCIgdXBkYXRlX2NvdW50PSI4IiBpc19waW5uZWRfc3lzdGVtPSJ0cnVlIiBsYXN0X2xhdW5jaF9jb3VudD0iMSIgbGFzdF9sYXVuY2hfdGltZT0iMTMzOTA0NzQzMTY4ODkwNTMwIiBmaXJzdF9mcmVfc2Vlbl90aW1lPSIxMzM2Mzk3Mjk3ODEyMTU2NTAiIGZpcnN0X2ZyZV9zZWVuX3ZlcnNpb249IjEyNi4wLjI1OTIuNjgiPjx1cGRhdGVjaGVjay8-PHBpbmcgYWN0aXZlPSIxIiBhPSIxIiByPSIxIiBhZD0iNjY5MyIgcmQ9IjY2OTMiIHBpbmdfZnJlc2huZXNzPSJ7NzJDQjBBNTYtNzFGOC00REYxLUE2MDgtMjNBMDI3Rjk4ODdDfSIvPjwvYXBwPjxhcHAgYXBwaWQ9IntGMzAxNzIyNi1GRTJBLTQyOTUtOEJERi0wMEMzQTlBN0U0QzV9IiB2ZXJzaW9uPSIxMzUuMC4zMTc5Ljk4IiBuZXh0dmVyc2lvbj0iIiBsYW5nPSIiIGJyYW5kPSJFVVdWIiBjbGllbnQ9IiIgZXhwZXJpbWVudHM9ImNvbnNlbnQ9ZmFsc2UiIGluc3RhbGxhZ2U9IjMwNiIgaW5zdGFsbGRhdGU9IjYzODQiIGNvaG9ydD0icnJmQDAuMzIiIHVwZGF0ZV9jb3VudD0iOCIgbGFzdF9sYXVuY2hfY291bnQ9IjEiIGxhc3RfbGF1bmNoX3RpbWU9IjEzMzkwMzk1NjIxNDYxNzc3MCI-PHVwZGF0ZWNoZWNrLz48cGluZyBhY3RpdmU9IjAiIHI9IjEiIHJkPSI2NjkzIiBwaW5nX2ZyZXNobmVzcz0ie0E0Q0ZBNjUwLUI1RUYtNDE0MS05M0UyLTc2OUUyOTNBNkRFMn0iLz48L2FwcD48L3JlcXVlc3Q-"},{"@Name":"CurrentDirectory","#text":"C:\\Program Files (x86)\\Microsoft\\EdgeUpdate\\1.3.195.49\\"},{"@Name":"User","#text":"NT AUTHORITY\\SYSTEM"},{"@Name":"LogonGuid","#text":"dbf410b3-f6db-6811-e703-000000000000"},{"@Name":"LogonId","#text":"0x3E7"},{"@Name":"TerminalSessionId","#text":"0"},{"@Name":"IntegrityLevel","#text":"System"},{"@Name":"Hashes","#text":"SHA256=3096D8E82917A9B73F322F4B1743E52E9B0C8B3C5933A957E73E29D6973CDD5B"},{"@Name":"ParentProcessGuid","#text":"dbf410b3-db25-6811-e900-000000004400"},{"@Name":"ParentProcessId","#text":"9968"},{"@Name":"ParentImage","#text":"C:\\Program Files (x86)\\Microsoft\\EdgeUpdate\\MicrosoftEdgeUpdate.exe"},{"@Name":"ParentCommandLine","#text":"\"C:\\Program Files (x86)\\Microsoft\\EdgeUpdate\\MicrosoftEdgeUpdate.exe\" /svc"},{"@Name":"ParentUser","#text":"NT AUTHORITY\\SYSTEM"}]}}}
{"Event":{"System":{"Provider":{"@Name":"Microsoft-Windows-Sysmon","@Guid":"5770385f-c22a-43e0-bf4c-06f5698ffbd9"},"EventID":"1","Version":"5","Level":"4","Task":"1","Opcode":"0","Keywords":"0x8000000000000000","TimeCreated":{"@SystemTime":"2025-04-30 08:12:26.0091465"},"EventRecordID":"53375","Correlation":null,"Execution":{"@ProcessID":"2632","@ThreadID":"4140"},"Channel":"Microsoft-Windows-Sysmon/Operational","Computer":"Server002","Security":{"@UserID":"S-1-5-18"}},"EventData":{"Data":[{"@Name":"RuleName","#text":"-"},{"@Name":"UtcTime","#text":"2025-04-30 08:12:24.935"},{"@Name":"ProcessGuid","#text":"dbf410b3-db68-6811-1d01-000000004400"},{"@Name":"ProcessId","#text":"1372"},{"@Name":"Image","#text":"C:\\Program Files (x86)\\BraveSoftware\\Update\\1.3.361.151\\BraveCrashHandler64.exe"},{"@Name":"FileVersion","#text":"1.3.361.151"},{"@Name":"Description","#text":"BraveSoftware Update"},{"@Name":"Product","#text":"BraveSoftware Update"},{"@Name":"Company","#text":"BraveSoftware Inc."},{"@Name":"OriginalFileName","#text":"BraveUpdate.exe"},{"@Name":"CommandLine","#text":"\"C:\\Program Files (x86)\\BraveSoftware\\Update\\1.3.361.151\\BraveCrashHandler64.exe\""},{"@Name":"CurrentDirectory","#text":"C:\\Program Files (x86)\\BraveSoftware\\Update\\1.3.361.151\\"},{"@Name":"User","#text":"NT AUTHORITY\\SYSTEM"},{"@Name":"LogonGuid","#text":"dbf410b3-f6db-6811-e703-000000000000"},{"@Name":"LogonId","#text":"0x3E7"},{"@Name":"TerminalSessionId","#text":"0"},{"@Name":"IntegrityLevel","#text":"System"},{"@Name":"Hashes","#text":"SHA256=0664AB1D6B8DCFDE6AA34B00313B4DCBF1B18B78FEADE8FFA49D53BC93EAAED5"},{"@Name":"ParentProcessGuid","#text":"00000000-0000-0000-0000-000000000000"},{"@Name":"ParentProcessId","#text":"6540"},{"@Name":"ParentImage","#text":"-"},{"@Name":"ParentCommandLine","#text":"-"},{"@Name":"ParentUser","#text":"-"}]}}}
