{"Event":{"System":{"Provider":{"@Name":"Service Control Manager","@Guid":"{555908d1-a6d7-4695-8e1e-26931d2012f4}","@EventSourceName":"Service Control Manager"},"EventID":{"@Qualifiers":"49152","#text":"7009"},"Version":"0","Level":"2","Task":"0","Opcode":"0","Keywords":"0x8080000000000000","TimeCreated":{"@SystemTime":"2025-04-16 19:41:08.2803218"},"EventRecordID":"4000","Correlation":null,"Execution":{"@ProcessID":"648","@ThreadID":"2692"},"Channel":"System","Computer":"Server002","Security":null},"EventData":{"Data":[{"@Name":"param1","#text":"45000"},{"@Name":"param2","#text":"MBAMService"}],"Binary":"4D-00-42-00-41-00-4D-00-53-00-65-00-72-00-76-00-69-00-63-00-65-00-00-00"}}}
{"Event":{"System":{"Provider":{"@Name":"Service Control Manager","@Guid":"{555908d1-a6d7-4695-8e1e-26931d2012f4}","@EventSourceName":"Service Control Manager"},"EventID":{"@Qualifiers":"49152","#text":"7000"},"Version":"0","Level":"2","Task":"0","Opcode":"0","Keywords":"0x8080000000000000","TimeCreated":{"@SystemTime":"2025-04-16 19:41:08.2803218"},"EventRecordID":"4001","Correlation":null,"Execution":{"@ProcessID":"648","@ThreadID":"2692"},"Channel":"System","Computer":"Server002","Security":null},"EventData":{"Data":[{"@Name":"param1","#text":"MBAMService"},{"@Name":"param2","#text":"%%1053"}],"Binary":"4D-00-42-00-41-00-4D-00-53-00-65-00-72-00-76-00-69-00-63-00-65-00-00-00"}}}
{"Event":{"System":{"Provider":{"@Name":"Service Control Manager","@Guid":"{555908d1-a6d7-4695-8e1e-26931d2012f4}","@EventSourceName":"Service Control Manager"},"EventID":{"@Qualifiers":"49152","#text":"7009"},"Version":"0","Level":"2","Task":"0","Opcode":"0","Keywords":"0x8080000000000000","TimeCreated":{"@SystemTime":"2025-04-16 19:41:08.3005761"},"EventRecordID":"4002","Correlation":null,"Execution":{"@ProcessID":"648","@ThreadID":"1848"},"Channel":"System","Computer":"Server002","Security":null},"EventData":{"Data":[{"@Name":"param1","#text":"45000"},{"@Name":"param2","#text":"Sysmon"}],"Binary":"53-00-79-00-73-00-6D-00-6F-00-6E-00-00-00"}}}
{"Event":{"System":{"Provider":{"@Name":"Service Control Manager","@Guid":"{555908d1-a6d7-4695-8e1e-26931d2012f4}","@EventSourceName":"Service Control Manager"},"EventID":{"@Qualifiers":"49152","#text":"7000"},"Version":"0","Level":"2","Task":"0","Opcode":"0","Keywords":"0x8080000000000000","TimeCreated":{"@SystemTime":"2025-04-16 19:41:08.3131416"},"EventRecordID":"4003","Correlation":null,"Execution":{"@ProcessID":"648","@ThreadID":"1848"},"Channel":"System","Computer":"Server002","Security":null},"EventData":{"Data":[{"@Name":"param1","#text":"Sysmon"},{"@Name":"param2","#text":"%%1053"}],"Binary":"53-00-79-00-73-00-6D-00-6F-00-6E-00-00-00"}}}
{"Event":{"System":{"Provider":{"@Name":"Service Control Manager","@Guid":"{555908d1-a6d7-4695-8e1e-26931d2012f4}","@EventSourceName":"Service Control Manager"},"EventID":{"@Qualifiers":"49152","#text":"7026"},"Version":"0","Level":"4","Task":"0","Opcode":"0","Keywords":"0x8080000000000000","TimeCreated":{"@SystemTime":"2025-04-16 19:41:09.0305412"},"EventRecordID":"4004","Correlation":null,"Execution":{"@ProcessID":"648","@ThreadID":"652"},"Channel":"System","Computer":"Server002","Security":null},"EventData":{"Data":{"@Name":"param1","#text":", dam"}}}}
{"Event":{"System":{"Provider":{"@Name":"EventLog"},"EventID":{"@Qualifiers":"32768","#text":"6006"},"Version":"0","Level":"4","Task":"0","Opcode":"0","Keywords":"0x80000000000000","TimeCreated":{"@SystemTime":"2025-04-16 19:41:13.0634007"},"EventRecordID":"4005","Correlation":null,"Execution":{"@ProcessID":"0","@ThreadID":"0"},"Channel":"System","Computer":"Server002","Security":null},"EventData":{"Data":"","Binary":"01-00-00-00-E2-E3-FF-FF"}}}
{"Event":{"System":{"Provider":{"@Name":"Service Control Manager","@Guid":"{555908d1-a6d7-4695-8e1e-26931d2012f4}","@EventSourceName":"Service Control Manager"},"EventID":{"@Qualifiers":"49152","#text":"7009"},"Version":"0","Level":"2","Task":"0","Opcode":"0","Keywords":"0x8080000000000000","TimeCreated":{"@SystemTime":"2025-04-16 19:41:12.7837059"},"EventRecordID":"4006","Correlation":null,"Execution":{"@ProcessID":"648","@ThreadID":"1336"},"Channel":"System","Computer":"Server002","Security":null},"EventData":{"Data":[{"@Name":"param1","#text":"30000"},{"@Name":"param2","#text":"AppX Deployment Service (AppXSVC)"}],"Binary":"41-00-70-00-70-00-58-00-53-00-76-00-63-00-00-00"}}}
{"Event":{"System":{"Provider":{"@Name":"Service Control Manager","@Guid":"{555908d1-a6d7-4695-8e1e-26931d2012f4}","@EventSourceName":"Service Control Manager"},"EventID":{"@Qualifiers":"49152","#text":"7000"},"Version":"0","Level":"2","Task":"0","Opcode":"0","Keywords":"0x8080000000000000","TimeCreated":{"@SystemTime":"2025-04-16 19:41:12.7837059"},"EventRecordID":"4007","Correlation":null,"Execution":{"@ProcessID":"648","@ThreadID":"1336"},"Channel":"System","Computer":"Server002","Security":null},"EventData":{"Data":[{"@Name":"param1","#text":"AppX Deployment Service (AppXSVC)"},{"@Name":"param2","#text":"%%1053"}],"Binary":"41-00-70-00-70-00-58-00-53-00-76-00-63-00-00-00"}}}
{"Event":{"System":{"Provider":{"@Name":"Service Control Manager","@Guid":"{555908d1-a6d7-4695-8e1e-26931d2012f4}","@EventSourceName":"Service Control Manager"},"EventID":{"@Qualifiers":"49152","#text":"7034"},"Version":"0","Level":"2","Task":"0","Opcode":"0","Keywords":"0x8080000000000000","TimeCreated":{"@SystemTime":"2025-04-16 19:41:12.8608170"},"EventRecordID":"4008","Correlation":null,"Execution":{"@ProcessID":"648","@ThreadID":"3460"},"Channel":"System","Computer":"Server002","Security":null},"EventData":{"Data":[{"@Name":"param1","#text":"OpenSSH SSH Server"},{"@Name":"param2","#text":"1"}],"Binary":"73-00-73-00-68-00-64-00-00-00"}}}
{"Event":{"System":{"Provider":{"@Name":"Microsoft-Windows-Dhcp-Client","@Guid":"15a7a4f8-0072-4eab-abad-f98a4d666aed"},"EventID":"50104","Version":"0","Level":"4","Task":"4","Opcode":"129","Keywords":"0x2000000000000000","TimeCreated":{"@SystemTime":"2025-04-16 19:41:13.0329374"},"EventRecordID":"4009","Correlation":null,"Execution":{"@ProcessID":"1504","@ThreadID":"1508"},"Channel":"System","Computer":"Server002","Security":{"@UserID":"S-1-5-19"}},"EventData":""}}
{"Event":{"System":{"Provider":{"@Name":"Microsoft-Windows-Dhcp-Client","@Guid":"15a7a4f8-0072-4eab-abad-f98a4d666aed"},"EventID":"50105","Version":"0","Level":"4","Task":"4","Opcode":"129","Keywords":"0x2000000000000000","TimeCreated":{"@SystemTime":"2025-04-16 19:41:13.0330010"},"EventRecordID":"4010","Correlation":null,"Execution":{"@ProcessID":"1504","@ThreadID":"1552"},"Channel":"System","Computer":"Server002","Security":{"@UserID":"S-1-5-19"}},"EventData":""}}
{"Event":{"System":{"Provider":{"@Name":"Microsoft-Windows-Dhcp-Client","@Guid":"15a7a4f8-0072-4eab-abad-f98a4d666aed"},"EventID":"50106","Version":"0","Level":"4","Task":"4","Opcode":"129","Keywords":"0x2000000000000000","TimeCreated":{"@SystemTime":"2025-04-16 19:41:13.0732973"},"EventRecordID":"4011","Correlation":null,"Execution":{"@ProcessID":"1504","@ThreadID":"1552"},"Channel":"System","Computer":"Server002","Security":{"@UserID":"S-1-5-19"}},"EventData":""}}
{"Event":{"System":{"Provider":{"@Name":"Microsoft-Windows-DHCPv6-Client","@Guid":"6a1f2b00-6a90-4c38-95a5-5cab3b056778"},"EventID":"51047","Version":"0","Level":"4","Task":"4","Opcode":"63","Keywords":"0x2000000000000000","TimeCreated":{"@SystemTime":"2025-04-16 19:41:13.0868868"},"EventRecordID":"4012","Correlation":null,"Execution":{"@ProcessID":"1504","@ThreadID":"1600"},"Channel":"System","Computer":"Server002","Security":{"@UserID":"S-1-5-19"}},"EventData":{"Data":{"@Name":"DwordVal","#text":"1"}}}}
{"Event":{"System":{"Provider":{"@Name":"EventLog"},"EventID":{"@Qualifiers":"32768","#text":"6009"},"Version":"0","Level":"4","Task":"0","Opcode":"0","Keywords":"0x80000000000000","TimeCreated":{"@SystemTime":"2025-04-16 19:41:38.9359305"},"EventRecordID":"4013","Correlation":null,"Execution":{"@ProcessID":"0","@ThreadID":"0"},"Channel":"System","Computer":"Server002","Security":null},"EventData":{"Data":"10.00., 19045, Multiprocessor Free, 0","Binary":""}}}
{"Event":{"System":{"Provider":{"@Name":"EventLog"},"EventID":{"@Qualifiers":"32768","#text":"6005"},"Version":"0","Level":"4","Task":"0","Opcode":"0","Keywords":"0x80000000000000","TimeCreated":{"@SystemTime":"2025-04-16 19:41:38.9359305"},"EventRecordID":"4014","Correlation":null,"Execution":{"@ProcessID":"0","@ThreadID":"0"},"Channel":"System","Computer":"Server002","Security":null},"EventData":{"Data":"","Binary":"E9-07-04-00-03-00-10-00-13-00-29-00-26-00-A7-03-00-00-00-00-00-00-00-00"}}}
{"Event":{"System":{"Provider":{"@Name":"EventLog"},"EventID":{"@Qualifiers":"32768","#text":"6013"},"Version":"0","Level":"4","Task":"0","Opcode":"0","Keywords":"0x80000000000000","TimeCreated":{"@SystemTime":"2025-04-16 19:41:38.9359305"},"EventRecordID":"4015","Correlation":null,"Execution":{"@ProcessID":"0","@ThreadID":"0"},"Channel":"System","Computer":"Server002","Security":null},"EventData":{"Data":"14, 60, 0 GMT Standard Time","Binary":"31-00-2E-00-31-00-00-00-30-00-00-00-57-00-69-00-6E-00-64-00-6F-00-77-00-73-00-20-00-31-00-30-00-20-00-48-00-6F-00-6D-00-65-00-00-00-31-00-30-00-2E-00-30-00-2E-00-31-00-39-00-30-00-34-00-35-00-20-00-42-00-75-00-69-00-6C-00-64-00-20-00-31-00-39-00-30-00-34-00-35-00-20-00-20-00-00-00-4D-00-75-00-6C-00-74-00-69-00-70-00-72-00-6F-00-63-00-65-00-73-00-73-00-6F-00-72-00-20-00-46-00-72-00-65-00-65-00-00-00-31-00-39-00-30-00-34-00-31-00-2E-00-76-00-62-00-5F-00-72-00-65-00-6C-00-65-00-61-00-73-00-65-00-2E-00-31-00-39-00-31-00-32-00-30-00-36-00-2D-00-31-00-34-00-30-00-36-00-00-00-36-00-36-00-37-00-64-00-37-00-35-00-64-00-33-00-00-00-4E-00-6F-00-74-00-20-00-41-00-76-00-61-00-69-00-6C-00-61-00-62-00-6C-00-65-00-00-00-4E-00-6F-00-74-00-20-00-41-00-76-00-61-00-69-00-6C-00-61-00-62-00-6C-00-65-00-00-00-39-00-00-00-32-00-00-00-34-00-30-00-39-00-36-00-00-00-38-00-30-00-39-00-00-00-53-00-65-00-72-00-76-00-65-00-72-00-30-00-30-00-32-00-00-00-00-00"}}}
{"Event":{"System":{"Provider":{"@Name":"Service Control Manager","@Guid":"{555908d1-a6d7-4695-8e1e-26931d2012f4}","@EventSourceName":"Service Control Manager"},"EventID":{"@Qualifiers":"49152","#text":"7023"},"Version":"0","Level":"2","Task":"0","Opcode":"0","Keywords":"0x8080000000000000","TimeCreated":{"@SystemTime":"2025-04-16 19:41:15.5809383"},"EventRecordID":"4016","Correlation":null,"Execution":{"@ProcessID":"648","@ThreadID":"1204"},"Channel":"System","Computer":"Server002","Security":null},"EventData":{"Data":[{"@Name":"param1","#text":"Server"},{"@Name":"param2","#text":"%%1115"}],"Binary":"4C-00-61-00-6E-00-6D-00-61-00-6E-00-53-00-65-00-72-00-76-00-65-00-72-00-00-00"}}}
{"Event":{"System":{"Provider":{"@Name":"Microsoft-Windows-Kernel-Power","@Guid":"331c3b3a-2005-44c2-ac5e-77220c37d6b4"},"EventID":"109","Version":"0","Level":"4","Task":"103","Opcode":"0","Keywords":"0x8000400000000404","TimeCreated":{"@SystemTime":"2025-04-16 19:41:17.9452949"},"EventRecordID":"4017","Correlation":null,"Execution":{"@ProcessID":"516","@ThreadID":"520"},"Channel":"System","Computer":"Server002","Security":null},"EventData":{"Data":[{"@Name":"ShutdownActionType","#text":"5"},{"@Name":"ShutdownEventCode","#text":"0"},{"@Name":"ShutdownReason","#text":"5"}]}}}
{"Event":{"System":{"Provider":{"@Name":"Microsoft-Windows-Kernel-General","@Guid":"a68ca8b7-004f-d7b6-a698-07e2de0f1f5d"},"EventID":"13","Version":"0","Level":"4","Task":"2","Opcode":"0","Keywords":"0x8000000000000080","TimeCreated":{"@SystemTime":"2025-04-16 19:41:19.4772816"},"EventRecordID":"4018","Correlation":null,"Execution":{"@ProcessID":"4","@ThreadID":"908"},"Channel":"System","Computer":"Server002","Security":null},"EventData":{"Data":{"@Name":"StopTime","#text":"2025-04-16 19:41:19.4772793"}}}}
{"Event":{"System":{"Provider":{"@Name":"Microsoft-Windows-Kernel-General","@Guid":"a68ca8b7-004f-d7b6-a698-07e2de0f1f5d"},"EventID":"12","Version":"0","Level":"4","Task":"1","Opcode":"0","Keywords":"0x8000000000000080","TimeCreated":{"@SystemTime":"2025-04-16 19:41:25.2291135"},"EventRecordID":"4019","Correlation":null,"Execution":{"@ProcessID":"4","@ThreadID":"8"},"Channel":"System","Computer":"Server002","Security":{"@UserID":"S-1-5-18"}},"EventData":{"Data":[{"@Name":"MajorVersion","#text":"10"},{"@Name":"MinorVersion","#text":"0"},{"@Name":"BuildVersion","#text":"19041"},{"@Name":"QfeVersion","#text":"5737"},{"@Name":"ServiceVersion","#text":"0"},{"@Name":"BootMode","#text":"0"},{"@Name":"StartTime","#text":"2025-04-16 19:41:24.5000000"}]}}}
{"Event":{"System":{"Provider":{"@Name":"Microsoft-Windows-Kernel-Boot","@Guid":"15ca44ff-4d7a-4baa-bba5-0998955e531e"},"EventID":"153","Version":"0","Level":"4","Task":"62","Opcode":"0","Keywords":"0x8000000000000000","TimeCreated":{"@SystemTime":"2025-04-16 19:41:25.2291448"},"EventRecordID":"4020","Correlation":null,"Execution":{"@ProcessID":"4","@ThreadID":"8"},"Channel":"System","Computer":"Server002","Security":{"@UserID":"S-1-5-18"}},"EventData":{"Data":[{"@Name":"Status","#text":"0"},{"@Name":"EnableDisableReason","#text":"0"},{"@Name":"VsmPolicy","#text":"0"}]}}}
{"Event":{"System":{"Provider":{"@Name":"Microsoft-Windows-Kernel-Boot","@Guid":"15ca44ff-4d7a-4baa-bba5-0998955e531e"},"EventID":"20","Version":"1","Level":"4","Task":"31","Opcode":"0","Keywords":"0x8000000000000000","TimeCreated":{"@SystemTime":"2025-04-16 19:41:25.2291678"},"EventRecordID":"4021","Correlation":null,"Execution":{"@ProcessID":"4","@ThreadID":"8"},"Channel":"System","Computer":"Server002","Security":{"@UserID":"S-1-5-18"}},"EventData":{"Data":[{"@Name":"LastShutdownGood","#text":"True"},{"@Name":"LastBootGood","#text":"True"},{"@Name":"LastBootId","#text":"58"},{"@Name":"BootStatusPolicy","#text":"2"}]}}}
{"Event":{"System":{"Provider":{"@Name":"Microsoft-Windows-Kernel-Boot","@Guid":"15ca44ff-4d7a-4baa-bba5-0998955e531e"},"EventID":"25","Version":"0","Level":"4","Task":"32","Opcode":"0","Keywords":"0x8000000000000000","TimeCreated":{"@SystemTime":"2025-04-16 19:41:25.2292612"},"EventRecordID":"4022","Correlation":null,"Execution":{"@ProcessID":"4","@ThreadID":"8"},"Channel":"System","Computer":"Server002","Security":{"@UserID":"S-1-5-18"}},"EventData":{"Data":{"@Name":"BootMenuPolicy","#text":"1"}}}}
{"Event":{"System":{"Provider":{"@Name":"Microsoft-Windows-Kernel-Boot","@Guid":"15ca44ff-4d7a-4baa-bba5-0998955e531e"},"EventID":"27","Version":"1","Level":"4","Task":"33","Opcode":"0","Keywords":"0x8000000000000000","TimeCreated":{"@SystemTime":"2025-04-16 19:41:25.2292616"},"EventRecordID":"4023","Correlation":null,"Execution":{"@ProcessID":"4","@ThreadID":"8"},"Channel":"System","Computer":"Server002","Security":{"@UserID":"S-1-5-18"}},"EventData":{"Data":[{"@Name":"BootType","#text":"0"},{"@Name":"LoadOptions","#text":" NOEXECUTE=OPTIN"}]}}}
{"Event":{"System":{"Provider":{"@Name":"Microsoft-Windows-Kernel-Boot","@Guid":"15ca44ff-4d7a-4baa-bba5-0998955e531e"},"EventID":"18","Version":"0","Level":"4","Task":"57","Opcode":"0","Keywords":"0x8000000000000000","TimeCreated":{"@SystemTime":"2025-04-16 19:41:25.2292673"},"EventRecordID":"4024","Correlation":null,"Execution":{"@ProcessID":"4","@ThreadID":"8"},"Channel":"System","Computer":"Server002","Security":{"@UserID":"S-1-5-18"}},"EventData":{"Data":{"@Name":"EntryCount","#text":"1"}}}}
{"Event":{"System":{"Provider":{"@Name":"Microsoft-Windows-Kernel-Boot","@Guid":"15ca44ff-4d7a-4baa-bba5-0998955e531e"},"EventID":"32","Version":"0","Level":"4","Task":"58","Opcode":"0","Keywords":"0x8000000000000000","TimeCreated":{"@SystemTime":"2025-04-16 19:41:25.2292901"},"EventRecordID":"4025","Correlation":null,"Execution":{"@ProcessID":"4","@ThreadID":"8"},"Channel":"System","Computer":"Server002","Security":{"@UserID":"S-1-5-18"}},"EventData":{"Data":{"@Name":"BitlockerUserInputTime","#text":"0"}}}}
{"Event":{"System":{"Provider":{"@Name":"Microsoft-Windows-Kernel-General","@Guid":"a68ca8b7-004f-d7b6-a698-07e2de0f1f5d"},"EventID":"20","Version":"0","Level":"4","Task":"6","Opcode":"0","Keywords":"0x8000000000000010","TimeCreated":{"@SystemTime":"2025-04-16 19:41:25.2322918"},"EventRecordID":"4026","Correlation":null,"Execution":{"@ProcessID":"4","@ThreadID":"8"},"Channel":"System","Computer":"Server002","Security":{"@UserID":"S-1-5-18"}},"EventData":{"Data":[{"@Name":"UpdateReason","#text":"0"},{"@Name":"EnabledNew","#text":"True"},{"@Name":"CountNew","#text":"0"},{"@Name":"CountOld","#text":"0"}]}}}
{"Event":{"System":{"Provider":{"@Name":"Microsoft-Windows-HAL","@Guid":"63d1e632-95cc-4443-9312-af927761d52a"},"EventID":"16","Version":"0","Level":"4","Task":"0","Opcode":"0","Keywords":"0x8000000000000000","TimeCreated":{"@SystemTime":"2025-04-16 19:41:25.3671171"},"EventRecordID":"4027","Correlation":null,"Execution":{"@ProcessID":"4","@ThreadID":"8"},"Channel":"System","Computer":"Server002","Security":{"@UserID":"S-1-5-18"}},"EventData":""}}
{"Event":{"System":{"Provider":{"@Name":"Microsoft-Windows-FilterManager","@Guid":"f3c5e28e-63f6-49c7-a204-e48a1bc4b09d"},"EventID":"6","Version":"0","Level":"4","Task":"0","Opcode":"0","Keywords":"0x8000000000000000","TimeCreated":{"@SystemTime":"2025-04-16 19:41:25.7379433"},"EventRecordID":"4028","Correlation":null,"Execution":{"@ProcessID":"4","@ThreadID":"8"},"Channel":"System","Computer":"Server002","Security":{"@UserID":"S-1-5-18"}},"EventData":{"Data":[{"@Name":"FinalStatus","#text":"0x0"},{"@Name":"DeviceVersionMajor","#text":"10"},{"@Name":"DeviceVersionMinor","#text":"0"},{"@Name":"DeviceNameLength","#text":"8"},{"@Name":"DeviceName","#text":"FileInfo"},{"@Name":"DeviceTime","#text":"2062-12-23 06:21:06.0000000"}]}}}
{"Event":{"System":{"Provider":{"@Name":"Microsoft-Windows-FilterManager","@Guid":"f3c5e28e-63f6-49c7-a204-e48a1bc4b09d"},"EventID":"6","Version":"0","Level":"4","Task":"0","Opcode":"0","Keywords":"0x8000000000000000","TimeCreated":{"@SystemTime":"2025-04-16 19:41:25.7383468"},"EventRecordID":"4029","Correlation":null,"Execution":{"@ProcessID":"4","@ThreadID":"8"},"Channel":"System","Computer":"Server002","Security":{"@UserID":"S-1-5-18"}},"EventData":{"Data":[{"@Name":"FinalStatus","#text":"0x0"},{"@Name":"DeviceVersionMajor","#text":"10"},{"@Name":"DeviceVersionMinor","#text":"0"},{"@Name":"DeviceNameLength","#text":"3"},{"@Name":"DeviceName","#text":"Wof"},{"@Name":"DeviceTime","#text":"2090-03-16 19:56:17.0000000"}]}}}
{"Event":{"System":{"Provider":{"@Name":"Microsoft-Windows-FilterManager","@Guid":"f3c5e28e-63f6-49c7-a204-e48a1bc4b09d"},"EventID":"6","Version":"0","Level":"4","Task":"0","Opcode":"0","Keywords":"0x8000000000000000","TimeCreated":{"@SystemTime":"2025-04-16 19:41:25.7664565"},"EventRecordID":"4030","Correlation":null,"Execution":{"@ProcessID":"4","@ThreadID":"8"},"Channel":"System","Computer":"Server002","Security":{"@UserID":"S-1-5-18"}},"EventData":{"Data":[{"@Name":"FinalStatus","#text":"0x0"},{"@Name":"DeviceVersionMajor","#text":"0"},{"@Name":"DeviceVersionMinor","#text":"0"},{"@Name":"DeviceNameLength","#text":"9"},{"@Name":"DeviceName","#text":"SysmonDrv"},{"@Name":"DeviceTime","#text":"2024-07-22 16:29:55.0000000"}]}}}
{"Event":{"System":{"Provider":{"@Name":"Microsoft-Windows-Ntfs","@Guid":"3ff37a1c-a68d-4d6e-8c9b-f79e8b16c482"},"EventID":"98","Version":"0","Level":"4","Task":"0","Opcode":"0","Keywords":"0x8000000000000002","TimeCreated":{"@SystemTime":"2025-04-16 19:41:26.5318804"},"EventRecordID":"4031","Correlation":null,"Execution":{"@ProcessID":"4","@ThreadID":"256"},"Channel":"System","Computer":"Server002","Security":{"@UserID":"S-1-5-18"}},"EventData":{"Data":[{"@Name":"DriveName","#text":"C:"},{"@Name":"DeviceName","#text":"\\Device\\HarddiskVolume2"},{"@Name":"CorruptionActionState","#text":"0"}]}}}
{"Event":{"System":{"Provider":{"@Name":"Microsoft-Windows-FilterManager","@Guid":"f3c5e28e-63f6-49c7-a204-e48a1bc4b09d"},"EventID":"6","Version":"0","Level":"4","Task":"0","Opcode":"0","Keywords":"0x8000000000000000","TimeCreated":{"@SystemTime":"2025-04-16 19:41:27.0556046"},"EventRecordID":"4032","Correlation":null,"Execution":{"@ProcessID":"4","@ThreadID":"8"},"Channel":"System","Computer":"Server002","Security":{"@UserID":"S-1-5-18"}},"EventData":{"Data":[{"@Name":"FinalStatus","#text":"0x0"},{"@Name":"DeviceVersionMajor","#text":"10"},{"@Name":"DeviceVersionMinor","#text":"0"},{"@Name":"DeviceNameLength","#text":"9"},{"@Name":"DeviceName","#text":"FileCrypt"},{"@Name":"DeviceTime","#text":"2002-03-01 12:12:42.0000000"}]}}}
{"Event":{"System":{"Provider":{"@Name":"Microsoft-Windows-FilterManager","@Guid":"f3c5e28e-63f6-49c7-a204-e48a1bc4b09d"},"EventID":"6","Version":"0","Level":"4","Task":"0","Opcode":"0","Keywords":"0x8000000000000000","TimeCreated":{"@SystemTime":"2025-04-16 19:41:27.0703634"},"EventRecordID":"4033","Correlation":null,"Execution":{"@ProcessID":"4","@ThreadID":"8"},"Channel":"System","Computer":"Server002","Security":{"@UserID":"S-1-5-18"}},"EventData":{"Data":[{"@Name":"FinalStatus","#text":"0x0"},{"@Name":"DeviceVersionMajor","#text":"10"},{"@Name":"DeviceVersionMinor","#text":"0"},{"@Name":"DeviceNameLength","#text":"4"},{"@Name":"DeviceName","#text":"UCPD"},{"@Name":"DeviceTime","#text":"2054-12-29 18:15:19.0000000"}]}}}
{"Event":{"System":{"Provider":{"@Name":"Microsoft-Windows-FilterManager","@Guid":"f3c5e28e-63f6-49c7-a204-e48a1bc4b09d"},"EventID":"6","Version":"0","Level":"4","Task":"0","Opcode":"0","Keywords":"0x8000000000000000","TimeCreated":{"@SystemTime":"2025-04-16 19:41:27.7230877"},"EventRecordID":"4034","Correlation":null,"Execution":{"@ProcessID":"4","@ThreadID":"8"},"Channel":"System","Computer":"Server002","Security":{"@UserID":"S-1-5-18"}},"EventData":{"Data":[{"@Name":"FinalStatus","#text":"0x0"},{"@Name":"DeviceVersionMajor","#text":"10"},{"@Name":"DeviceVersionMinor","#text":"0"},{"@Name":"DeviceNameLength","#text":"9"},{"@Name":"DeviceName","#text":"npsvctrig"},{"@Name":"DeviceTime","#text":"2025-01-06 03:41:12.0000000"}]}}}
{"Event":{"System":{"Provider":{"@Name":"Microsoft-Windows-Ntfs","@Guid":"3ff37a1c-a68d-4d6e-8c9b-f79e8b16c482"},"EventID":"98","Version":"0","Level":"4","Task":"0","Opcode":"0","Keywords":"0x8000000000000002","TimeCreated":{"@SystemTime":"2025-04-16 19:41:27.8073559"},"EventRecordID":"4035","Correlation":null,"Execution":{"@ProcessID":"4","@ThreadID":"112"},"Channel":"System","Computer":"Server002","Security":{"@UserID":"S-1-5-18"}},"EventData":{"Data":[{"@Name":"DriveName","#text":"\\\\?\\Volume{8c181ea3-0000-0000-0000-100000000000}"},{"@Name":"DeviceName","#text":"\\Device\\HarddiskVolume1"},{"@Name":"CorruptionActionState","#text":"0"}]}}}
{"Event":{"System":{"Provider":{"@Name":"Microsoft-Windows-Kernel-Power","@Guid":"331c3b3a-2005-44c2-ac5e-77220c37d6b4"},"EventID":"172","Version":"0","Level":"4","Task":"203","Opcode":"0","Keywords":"0x8000000000000404","TimeCreated":{"@SystemTime":"2025-04-16 19:41:27.9693584"},"EventRecordID":"4036","Correlation":null,"Execution":{"@ProcessID":"4","@ThreadID":"256"},"Channel":"System","Computer":"Server002","Security":{"@UserID":"S-1-5-18"}},"EventData":{"Data":[{"@Name":"State","#text":"2"},{"@Name":"Reason","#text":"6"}]}}}
{"Event":{"System":{"Provider":{"@Name":"Microsoft-Windows-Kernel-Processor-Power","@Guid":"0f67e49f-fe51-4e9f-b490-6f2948cc6027"},"EventID":"55","Version":"0","Level":"4","Task":"47","Opcode":"0","Keywords":"0x8000000000000000","TimeCreated":{"@SystemTime":"2025-04-16 19:41:31.0622591"},"EventRecordID":"4037","Correlation":null,"Execution":{"@ProcessID":"4","@ThreadID":"112"},"Channel":"System","Computer":"Server002","Security":{"@UserID":"S-1-5-18"}},"EventData":{"Data":[{"@Name":"Group","#text":"0"},{"@Name":"Number","#text":"0"},{"@Name":"IdleStateCount","#text":"1"},{"@Name":"IdleImplementation","#text":"1"},{"@Name":"NominalFrequency","#text":"2419"},{"@Name":"MaximumPerformancePercent","#text":"100"},{"@Name":"MinimumPerformancePercent","#text":"100"},{"@Name":"MinimumThrottlePercent","#text":"100"},{"@Name":"PerformanceImplementation","#text":"0"}]}}}
{"Event":{"System":{"Provider":{"@Name":"Microsoft-Windows-Kernel-Processor-Power","@Guid":"0f67e49f-fe51-4e9f-b490-6f2948cc6027"},"EventID":"55","Version":"0","Level":"4","Task":"47","Opcode":"0","Keywords":"0x8000000000000000","TimeCreated":{"@SystemTime":"2025-04-16 19:41:31.0654658"},"EventRecordID":"4038","Correlation":null,"Execution":{"@ProcessID":"4","@ThreadID":"112"},"Channel":"System","Computer":"Server002","Security":{"@UserID":"S-1-5-18"}},"EventData":{"Data":[{"@Name":"Group","#text":"0"},{"@Name":"Number","#text":"1"},{"@Name":"IdleStateCount","#text":"1"},{"@Name":"IdleImplementation","#text":"1"},{"@Name":"NominalFrequency","#text":"2419"},{"@Name":"MaximumPerformancePercent","#text":"100"},{"@Name":"MinimumPerformancePercent","#text":"100"},{"@Name":"MinimumThrottlePercent","#text":"100"},{"@Name":"PerformanceImplementation","#text":"0"}]}}}
{"Event":{"System":{"Provider":{"@Name":"Microsoft-Windows-Kernel-Power","@Guid":"331c3b3a-2005-44c2-ac5e-77220c37d6b4"},"EventID":"521","Version":"0","Level":"4","Task":"220","Opcode":"0","Keywords":"0x8000000000000404","TimeCreated":{"@SystemTime":"2025-04-16 19:41:33.6579995"},"EventRecordID":"4039","Correlation":null,"Execution":{"@ProcessID":"4","@ThreadID":"256"},"Channel":"System","Computer":"Server002","Security":{"@UserID":"S-1-5-18"}},"EventData":{"Data":[{"@Name":"ValidBatteryCount","#text":"0"},{"@Name":"ErrorBatteryCount","#text":"0"},{"@Name":"AbandonedBatteryCount","#text":"0"}]}}}
{"Event":{"System":{"Provider":{"@Name":"Microsoft-Windows-Kernel-Power","@Guid":"331c3b3a-2005-44c2-ac5e-77220c37d6b4"},"EventID":"521","Version":"0","Level":"4","Task":"220","Opcode":"0","Keywords":"0x8000000000000404","TimeCreated":{"@SystemTime":"2025-04-16 19:41:33.6636693"},"EventRecordID":"4040","Correlation":null,"Execution":{"@ProcessID":"4","@ThreadID":"256"},"Channel":"System","Computer":"Server002","Security":{"@UserID":"S-1-5-18"}},"EventData":{"Data":[{"@Name":"ValidBatteryCount","#text":"1"},{"@Name":"ErrorBatteryCount","#text":"0"},{"@Name":"AbandonedBatteryCount","#text":"0"}]}}}
{"Event":{"System":{"Provider":{"@Name":"Microsoft-Windows-Ntfs","@Guid":"3ff37a1c-a68d-4d6e-8c9b-f79e8b16c482"},"EventID":"98","Version":"0","Level":"4","Task":"0","Opcode":"0","Keywords":"0x8000000000000002","TimeCreated":{"@SystemTime":"2025-04-16 19:41:35.2784569"},"EventRecordID":"4041","Correlation":null,"Execution":{"@ProcessID":"4","@ThreadID":"352"},"Channel":"System","Computer":"Server002","Security":{"@UserID":"S-1-5-18"}},"EventData":{"Data":[{"@Name":"DriveName","#text":"\\\\?\\Volume{8c181ea3-0000-0000-0000-c05e0c000000}"},{"@Name":"DeviceName","#text":"\\Device\\HarddiskVolume3"},{"@Name":"CorruptionActionState","#text":"0"}]}}}
{"Event":{"System":{"Provider":{"@Name":"Microsoft-Windows-Kernel-General","@Guid":"a68ca8b7-004f-d7b6-a698-07e2de0f1f5d"},"EventID":"24","Version":"0","Level":"4","Task":"11","Opcode":"0","Keywords":"0x8000000000000010","TimeCreated":{"@SystemTime":"2025-04-16 19:41:36.0642711"},"EventRecordID":"4042","Correlation":null,"Execution":{"@ProcessID":"92","@ThreadID":"420"},"Channel":"System","Computer":"Server002","Security":{"@UserID":"S-1-5-18"}},"EventData":{"Data":[{"@Name":"ExitReason","#text":"0"},{"@Name":"CurrentBias","#text":"-60"},{"@Name":"CurrentTimeZoneID","#text":"2"},{"@Name":"TimeZoneInfoCacheUpdated","#text":"0"},{"@Name":"FirstRefresh","#text":"0"}]}}}
{"Event":{"System":{"Provider":{"@Name":"Microsoft-Windows-Wininit","@Guid":"206f6dea-d3c5-4d10-bc72-989f03c8b84b"},"EventID":"14","Version":"0","Level":"4","Task":"0","Opcode":"0","Keywords":"0x4000000000000000","TimeCreated":{"@SystemTime":"2025-04-16 19:41:36.7424907"},"EventRecordID":"4043","Correlation":null,"Execution":{"@ProcessID":"512","@ThreadID":"516"},"Channel":"System","Computer":"Server002","Security":{"@UserID":"S-1-5-18"}},"EventData":{"Data":[{"@Name":"Config","#text":"0"},{"@Name":"IsTestConfig","#text":"0"}]}}}
{"Event":{"System":{"Provider":{"@Name":"Microsoft-Windows-Directory-Services-SAM","@Guid":"0d4fdc09-8c27-494a-bda0-505e4fd8adae"},"EventID":"16962","Version":"0","Level":"4","Task":"0","Opcode":"0","Keywords":"0x8000000000000000","TimeCreated":{"@SystemTime":"2025-04-16 19:41:37.1182918"},"EventRecordID":"4044","Correlation":{"@ActivityID":"89f7ed89-af07-0001-98ee-f78907afdb01"},"Execution":{"@ProcessID":"672","@ThreadID":"676"},"Channel":"System","Computer":"Server002","Security":{"@UserID":"S-1-5-18"}},"EventData":{"@Name":"SAMMSG_RESTRICT_REMOTE_SAM_DEFAULT_SD","Data":{"@Name":"Default SD String:","#text":"O:SYG:SYD:(A;;RC;;;BA)"}}}}
{"Event":{"System":{"Provider":{"@Name":"Microsoft-Windows-Directory-Services-SAM","@Guid":"0d4fdc09-8c27-494a-bda0-505e4fd8adae"},"EventID":"16977","Version":"0","Level":"4","Task":"0","Opcode":"0","Keywords":"0x8000000000000000","TimeCreated":{"@SystemTime":"2025-04-16 19:41:37.1345742"},"EventRecordID":"4045","Correlation":{"@ActivityID":"89f7ed89-af07-0001-98ee-f78907afdb01"},"Execution":{"@ProcessID":"672","@ThreadID":"676"},"Channel":"System","Computer":"Server002","Security":{"@UserID":"S-1-5-18"}},"EventData":{"@Name":"SAMMSG_MINPWDLEN_SETTINGS_IN_EFFECT","Data":[{"@Name":"MinimumPasswordLength","#text":"0"},{"@Name":"RelaxMinimumPasswordLengthLimits","#text":"0"},{"@Name":"MinimumPasswordLengthAudit","#text":"-1"}]}}}
{"Event":{"System":{"Provider":{"@Name":"Microsoft-Windows-Directory-Services-SAM","@Guid":"0d4fdc09-8c27-494a-bda0-505e4fd8adae"},"EventID":"16983","Version":"0","Level":"4","Task":"0","Opcode":"0","Keywords":"0x8000000000000000","TimeCreated":{"@SystemTime":"2025-04-16 19:41:37.1345820"},"EventRecordID":"4046","Correlation":{"@ActivityID":"89f7ed89-af07-0001-98ee-f78907afdb01"},"Execution":{"@ProcessID":"672","@ThreadID":"676"},"Channel":"System","Computer":"Server002","Security":{"@UserID":"S-1-5-18"}},"EventData":{"@Name":"SAMMSG_AUDIT_LEGACY_PWD_RPC_METHODS_OFF"}}}
{"Event":{"System":{"Provider":{"@Name":"Microsoft-Windows-Dhcp-Client","@Guid":"15a7a4f8-0072-4eab-abad-f98a4d666aed"},"EventID":"50036","Version":"0","Level":"4","Task":"4","Opcode":"68","Keywords":"0x2000000000000000","TimeCreated":{"@SystemTime":"2025-04-16 19:41:39.0851876"},"EventRecordID":"4047","Correlation":null,"Execution":{"@ProcessID":"1136","@ThreadID":"1172"},"Channel":"System","Computer":"Server002","Security":{"@UserID":"S-1-5-19"}},"EventData":""}}
{"Event":{"System":{"Provider":{"@Name":"Microsoft-Windows-Dhcp-Client","@Guid":"15a7a4f8-0072-4eab-abad-f98a4d666aed"},"EventID":"50103","Version":"0","Level":"4","Task":"4","Opcode":"129","Keywords":"0x2000000000000000","TimeCreated":{"@SystemTime":"2025-04-16 19:41:39.0852420"},"EventRecordID":"4048","Correlation":null,"Execution":{"@ProcessID":"1136","@ThreadID":"1172"},"Channel":"System","Computer":"Server002","Security":{"@UserID":"S-1-5-19"}},"EventData":""}}
{"Event":{"System":{"Provider":{"@Name":"Microsoft-Windows-DHCPv6-Client","@Guid":"6a1f2b00-6a90-4c38-95a5-5cab3b056778"},"EventID":"51046","Version":"0","Level":"4","Task":"4","Opcode":"62","Keywords":"0x2000000000000000","TimeCreated":{"@SystemTime":"2025-04-16 19:41:39.1387947"},"EventRecordID":"4049","Correlation":null,"Execution":{"@ProcessID":"1136","@ThreadID":"1196"},"Channel":"System","Computer":"Server002","Security":{"@UserID":"S-1-5-19"}},"EventData":""}}
{"Event":{"System":{"Provider":{"@Name":"Microsoft-Windows-FilterManager","@Guid":"f3c5e28e-63f6-49c7-a204-e48a1bc4b09d"},"EventID":"6","Version":"0","Level":"4","Task":"0","Opcode":"0","Keywords":"0x8000000000000000","TimeCreated":{"@SystemTime":"2025-04-16 19:41:39.2273455"},"EventRecordID":"4050","Correlation":null,"Execution":{"@ProcessID":"4","@ThreadID":"348"},"Channel":"System","Computer":"Server002","Security":{"@UserID":"S-1-5-18"}},"EventData":{"Data":[{"@Name":"FinalStatus","#text":"0x0"},{"@Name":"DeviceVersionMajor","#text":"10"},{"@Name":"DeviceVersionMinor","#text":"0"},{"@Name":"DeviceNameLength","#text":"5"},{"@Name":"DeviceName","#text":"luafv"},{"@Name":"DeviceTime","#text":"2091-08-26 19:09:08.0000000"}]}}}
{"Event":{"System":{"Provider":{"@Name":"Microsoft-Windows-FilterManager","@Guid":"f3c5e28e-63f6-49c7-a204-e48a1bc4b09d"},"EventID":"6","Version":"0","Level":"4","Task":"0","Opcode":"0","Keywords":"0x8000000000000000","TimeCreated":{"@SystemTime":"2025-04-16 19:41:39.2574689"},"EventRecordID":"4051","Correlation":null,"Execution":{"@ProcessID":"4","@ThreadID":"284"},"Channel":"System","Computer":"Server002","Security":{"@UserID":"S-1-5-18"}},"EventData":{"Data":[{"@Name":"FinalStatus","#text":"0x0"},{"@Name":"DeviceVersionMajor","#text":"10"},{"@Name":"DeviceVersionMinor","#text":"0"},{"@Name":"DeviceNameLength","#text":"5"},{"@Name":"DeviceName","#text":"wcifs"},{"@Name":"DeviceTime","#text":"2047-08-27 06:28:50.0000000"}]}}}
{"Event":{"System":{"Provider":{"@Name":"Microsoft-Windows-FilterManager","@Guid":"f3c5e28e-63f6-49c7-a204-e48a1bc4b09d"},"EventID":"6","Version":"0","Level":"4","Task":"0","Opcode":"0","Keywords":"0x8000000000000000","TimeCreated":{"@SystemTime":"2025-04-16 19:41:39.3102960"},"EventRecordID":"4052","Correlation":null,"Execution":{"@ProcessID":"4","@ThreadID":"348"},"Channel":"System","Computer":"Server002","Security":{"@UserID":"S-1-5-18"}},"EventData":{"Data":[{"@Name":"FinalStatus","#text":"0x0"},{"@Name":"DeviceVersionMajor","#text":"10"},{"@Name":"DeviceVersionMinor","#text":"0"},{"@Name":"DeviceNameLength","#text":"6"},{"@Name":"DeviceName","#text":"CldFlt"},{"@Name":"DeviceTime","#text":"2041-04-06 10:09:38.0000000"}]}}}
{"Event":{"System":{"Provider":{"@Name":"Microsoft-Windows-FilterManager","@Guid":"f3c5e28e-63f6-49c7-a204-e48a1bc4b09d"},"EventID":"1","Version":"0","Level":"4","Task":"0","Opcode":"0","Keywords":"0x8000000000000000","TimeCreated":{"@SystemTime":"2025-04-16 19:41:39.3103064"},"EventRecordID":"4053","Correlation":null,"Execution":{"@ProcessID":"4","@ThreadID":"348"},"Channel":"System","Computer":"Server002","Security":{"@UserID":"S-1-5-18"}},"EventData":{"Data":[{"@Name":"FinalStatus","#text":"0x0"},{"@Name":"DeviceVersionMajor","#text":"10"},{"@Name":"DeviceVersionMinor","#text":"0"},{"@Name":"DeviceNameLength","#text":"6"},{"@Name":"DeviceName","#text":"CldFlt"},{"@Name":"DeviceTime","#text":"2041-04-06 10:09:38.0000000"}]}}}
{"Event":{"System":{"Provider":{"@Name":"Microsoft-Windows-FilterManager","@Guid":"f3c5e28e-63f6-49c7-a204-e48a1bc4b09d"},"EventID":"6","Version":"0","Level":"4","Task":"0","Opcode":"0","Keywords":"0x8000000000000000","TimeCreated":{"@SystemTime":"2025-04-16 19:41:39.3103624"},"EventRecordID":"4054","Correlation":null,"Execution":{"@ProcessID":"4","@ThreadID":"348"},"Channel":"System","Computer":"Server002","Security":{"@UserID":"S-1-5-18"}},"EventData":{"Data":[{"@Name":"FinalStatus","#text":"0x0"},{"@Name":"DeviceVersionMajor","#text":"10"},{"@Name":"DeviceVersionMinor","#text":"0"},{"@Name":"DeviceNameLength","#text":"6"},{"@Name":"DeviceName","#text":"CldFlt"},{"@Name":"DeviceTime","#text":"2041-04-06 10:09:38.0000000"}]}}}
{"Event":{"System":{"Provider":{"@Name":"Microsoft-Windows-FilterManager","@Guid":"f3c5e28e-63f6-49c7-a204-e48a1bc4b09d"},"EventID":"6","Version":"0","Level":"4","Task":"0","Opcode":"0","Keywords":"0x8000000000000000","TimeCreated":{"@SystemTime":"2025-04-16 19:41:39.3309273"},"EventRecordID":"4055","Correlation":null,"Execution":{"@ProcessID":"4","@ThreadID":"284"},"Channel":"System","Computer":"Server002","Security":{"@UserID":"S-1-5-18"}},"EventData":{"Data":[{"@Name":"FinalStatus","#text":"0x0"},{"@Name":"DeviceVersionMajor","#text":"10"},{"@Name":"DeviceVersionMinor","#text":"0"},{"@Name":"DeviceNameLength","#text":"10"},{"@Name":"DeviceName","#text":"storqosflt"},{"@Name":"DeviceTime","#text":"2010-08-23 14:03:45.0000000"}]}}}
{"Event":{"System":{"Provider":{"@Name":"Microsoft-Windows-FilterManager","@Guid":"f3c5e28e-63f6-49c7-a204-e48a1bc4b09d"},"EventID":"6","Version":"0","Level":"4","Task":"0","Opcode":"0","Keywords":"0x8000000000000000","TimeCreated":{"@SystemTime":"2025-04-16 19:41:39.3734435"},"EventRecordID":"4056","Correlation":null,"Execution":{"@ProcessID":"4","@ThreadID":"348"},"Channel":"System","Computer":"Server002","Security":{"@UserID":"S-1-5-18"}},"EventData":{"Data":[{"@Name":"FinalStatus","#text":"0x0"},{"@Name":"DeviceVersionMajor","#text":"10"},{"@Name":"DeviceVersionMinor","#text":"0"},{"@Name":"DeviceNameLength","#text":"13"},{"@Name":"DeviceName","#text":"mbamchameleon"},{"@Name":"DeviceTime","#text":"2025-01-23 20:43:38.0000000"}]}}}
{"Event":{"System":{"Provider":{"@Name":"Microsoft-Windows-FilterManager","@Guid":"f3c5e28e-63f6-49c7-a204-e48a1bc4b09d"},"EventID":"6","Version":"0","Level":"4","Task":"0","Opcode":"0","Keywords":"0x8000000000000000","TimeCreated":{"@SystemTime":"2025-04-16 19:41:39.4620279"},"EventRecordID":"4057","Correlation":null,"Execution":{"@ProcessID":"4","@ThreadID":"284"},"Channel":"System","Computer":"Server002","Security":{"@UserID":"S-1-5-18"}},"EventData":{"Data":[{"@Name":"FinalStatus","#text":"0x0"},{"@Name":"DeviceVersionMajor","#text":"10"},{"@Name":"DeviceVersionMinor","#text":"0"},{"@Name":"DeviceNameLength","#text":"7"},{"@Name":"DeviceName","#text":"bindflt"},{"@Name":"DeviceTime","#text":"2091-04-16 00:55:03.0000000"}]}}}
{"Event":{"System":{"Provider":{"@Name":"Service Control Manager","@Guid":"{555908d1-a6d7-4695-8e1e-26931d2012f4}","@EventSourceName":"Service Control Manager"},"EventID":{"@Qualifiers":"49152","#text":"7026"},"Version":"0","Level":"4","Task":"0","Opcode":"0","Keywords":"0x8080000000000000","TimeCreated":{"@SystemTime":"2025-04-16 19:41:47.2871808"},"EventRecordID":"4058","Correlation":null,"Execution":{"@ProcessID":"652","@ThreadID":"656"},"Channel":"System","Computer":"Server002","Security":null},"EventData":{"Data":{"@Name":"param1","#text":", dam"}}}}
{"Event":{"System":{"Provider":{"@Name":"Microsoft-Windows-HttpEvent","@Guid":"{7b6bc78c-898b-4170-bbf8-1a469ea43fc5}","@EventSourceName":"HTTP"},"EventID":{"@Qualifiers":"16384","#text":"15008"},"Version":"0","Level":"4","Task":"0","Opcode":"0","Keywords":"0x80000000000000","TimeCreated":{"@SystemTime":"2025-04-16 19:41:55.8164560"},"EventRecordID":"4059","Correlation":null,"Execution":{"@ProcessID":"4","@ThreadID":"352"},"Channel":"System","Computer":"Server002","Security":null},"EventData":{"Data":[{"@Name":"DeviceObject"},{"@Name":"Url","#text":"https://+:3392/rdp/"}]}}}
{"Event":{"System":{"Provider":{"@Name":"Microsoft-Windows-HttpEvent","@Guid":"{7b6bc78c-898b-4170-bbf8-1a469ea43fc5}","@EventSourceName":"HTTP"},"EventID":{"@Qualifiers":"16384","#text":"15008"},"Version":"0","Level":"4","Task":"0","Opcode":"0","Keywords":"0x80000000000000","TimeCreated":{"@SystemTime":"2025-04-16 19:41:55.8164560"},"EventRecordID":"4060","Correlation":null,"Execution":{"@ProcessID":"4","@ThreadID":"352"},"Channel":"System","Computer":"Server002","Security":null},"EventData":{"Data":[{"@Name":"DeviceObject"},{"@Name":"Url","#text":"http://+:3387/rdp/"}]}}}
{"Event":{"System":{"Provider":{"@Name":"Microsoft-Windows-FilterManager","@Guid":"f3c5e28e-63f6-49c7-a204-e48a1bc4b09d"},"EventID":"6","Version":"0","Level":"4","Task":"0","Opcode":"0","Keywords":"0x8000000000000000","TimeCreated":{"@SystemTime":"2025-04-16 19:42:10.4371031"},"EventRecordID":"4061","Correlation":null,"Execution":{"@ProcessID":"4","@ThreadID":"112"},"Channel":"System","Computer":"Server002","Security":{"@UserID":"S-1-5-18"}},"EventData":{"Data":[{"@Name":"FinalStatus","#text":"0x0"},{"@Name":"DeviceVersionMajor","#text":"10"},{"@Name":"DeviceVersionMinor","#text":"0"},{"@Name":"DeviceNameLength","#text":"10"},{"@Name":"DeviceName","#text":"MBAMFarflt"},{"@Name":"DeviceTime","#text":"2025-01-28 18:37:27.0000000"}]}}}
{"Event":{"System":{"Provider":{"@Name":"Microsoft-Windows-FilterManager","@Guid":"f3c5e28e-63f6-49c7-a204-e48a1bc4b09d"},"EventID":"6","Version":"0","Level":"4","Task":"0","Opcode":"0","Keywords":"0x8000000000000000","TimeCreated":{"@SystemTime":"2025-04-16 19:42:15.7309602"},"EventRecordID":"4062","Correlation":null,"Execution":{"@ProcessID":"4","@ThreadID":"3380"},"Channel":"System","Computer":"Server002","Security":{"@UserID":"S-1-5-18"}},"EventData":{"Data":[{"@Name":"FinalStatus","#text":"0x0"},{"@Name":"DeviceVersionMajor","#text":"10"},{"@Name":"DeviceVersionMinor","#text":"0"},{"@Name":"DeviceNameLength","#text":"14"},{"@Name":"DeviceName","#text":"MBAMProtection"},{"@Name":"DeviceTime","#text":"2024-10-29 21:38:46.0000000"}]}}}
{"Event":{"System":{"Provider":{"@Name":"Microsoft-Windows-Eventlog","@Guid":"fc65ddd8-d6ef-4962-83d5-6e5cfe9ce148"},"EventID":"30","Version":"0","Level":"2","Task":"100","Opcode":"0","Keywords":"0x8000000000020000","TimeCreated":{"@SystemTime":"2025-04-16 19:42:18.7519923"},"EventRecordID":"4063","Correlation":null,"Execution":{"@ProcessID":"1048","@ThreadID":"1100"},"Channel":"System","Computer":"Server002","Security":{"@UserID":"S-1-5-19"}},"UserData":{"InitChannelPublisherEnableFailure":{"ErrorCode":"5","ChannelPath":"Microsoft-Windows-Kernel-ShimEngine/Operational","PublisherGuid":"0bf2fb94-7b60-4b4d-9766-e82f658df540"}}}}
{"Event":{"System":{"Provider":{"@Name":"Microsoft-Windows-HttpEvent","@Guid":"{7b6bc78c-898b-4170-bbf8-1a469ea43fc5}","@EventSourceName":"HTTP"},"EventID":{"@Qualifiers":"16384","#text":"15007"},"Version":"0","Level":"4","Task":"0","Opcode":"0","Keywords":"0x80000000000000","TimeCreated":{"@SystemTime":"2025-04-16 19:42:27.7695004"},"EventRecordID":"4064","Correlation":null,"Execution":{"@ProcessID":"4","@ThreadID":"328"},"Channel":"System","Computer":"Server002","Security":null},"EventData":{"Data":[{"@Name":"DeviceObject"},{"@Name":"Url","#text":"https://+:3392/rdp/"}]}}}
{"Event":{"System":{"Provider":{"@Name":"Microsoft-Windows-HttpEvent","@Guid":"{7b6bc78c-898b-4170-bbf8-1a469ea43fc5}","@EventSourceName":"HTTP"},"EventID":{"@Qualifiers":"16384","#text":"15007"},"Version":"0","Level":"4","Task":"0","Opcode":"0","Keywords":"0x80000000000000","TimeCreated":{"@SystemTime":"2025-04-16 19:42:27.7695004"},"EventRecordID":"4065","Correlation":null,"Execution":{"@ProcessID":"4","@ThreadID":"328"},"Channel":"System","Computer":"Server002","Security":null},"EventData":{"Data":[{"@Name":"DeviceObject"},{"@Name":"Url","#text":"http://+:3387/rdp/"}]}}}
{"Event":{"System":{"Provider":{"@Name":"Microsoft-Windows-Kernel-General","@Guid":"a68ca8b7-004f-d7b6-a698-07e2de0f1f5d"},"EventID":"16","Version":"0","Level":"4","Task":"0","Opcode":"0","Keywords":"0x8000000000000000","TimeCreated":{"@SystemTime":"2025-04-16 19:42:30.1993012"},"EventRecordID":"4066","Correlation":null,"Execution":{"@ProcessID":"3932","@ThreadID":"5836"},"Channel":"System","Computer":"Server002","Security":{"@UserID":"S-1-5-18"}},"EventData":{"Data":[{"@Name":"HiveNameLength","#text":"163"},{"@Name":"HiveName","#text":"\\??\\C:\\ProgramData\\Microsoft\\Windows\\AppRepository\\Packages\\Microsoft.Windows.CloudExperienceHost_10.0.19041.5198_neutral_neutral_cw5n1h2txyewy\\ActivationStore.dat"},{"@Name":"KeysUpdated","#text":"0"},{"@Name":"DirtyPages","#text":"0"}]}}}
{"Event":{"System":{"Provider":{"@Name":"Microsoft-Windows-Kernel-General","@Guid":"a68ca8b7-004f-d7b6-a698-07e2de0f1f5d"},"EventID":"16","Version":"0","Level":"4","Task":"0","Opcode":"0","Keywords":"0x8000000000000000","TimeCreated":{"@SystemTime":"2025-04-16 19:42:52.4379592"},"EventRecordID":"4067","Correlation":null,"Execution":{"@ProcessID":"3932","@ThreadID":"5836"},"Channel":"System","Computer":"Server002","Security":{"@UserID":"S-1-5-18"}},"EventData":{"Data":[{"@Name":"HiveNameLength","#text":"163"},{"@Name":"HiveName","#text":"\\??\\C:\\ProgramData\\Microsoft\\Windows\\AppRepository\\Packages\\Microsoft.Windows.ShellExperienceHost_10.0.19041.5072_neutral_neutral_cw5n1h2txyewy\\ActivationStore.dat"},{"@Name":"KeysUpdated","#text":"0"},{"@Name":"DirtyPages","#text":"0"}]}}}
{"Event":{"System":{"Provider":{"@Name":"Microsoft-Windows-Kernel-General","@Guid":"a68ca8b7-004f-d7b6-a698-07e2de0f1f5d"},"EventID":"16","Version":"0","Level":"4","Task":"0","Opcode":"0","Keywords":"0x8000000000000000","TimeCreated":{"@SystemTime":"2025-04-16 19:42:53.0725072"},"EventRecordID":"4068","Correlation":null,"Execution":{"@ProcessID":"3932","@ThreadID":"5836"},"Channel":"System","Computer":"Server002","Security":{"@UserID":"S-1-5-18"}},"EventData":{"Data":[{"@Name":"HiveNameLength","#text":"167"},{"@Name":"HiveName","#text":"\\??\\C:\\ProgramData\\Microsoft\\Windows\\AppRepository\\Packages\\Microsoft.Windows.StartMenuExperienceHost_10.0.19041.5438_neutral_neutral_cw5n1h2txyewy\\ActivationStore.dat"},{"@Name":"KeysUpdated","#text":"0"},{"@Name":"DirtyPages","#text":"0"}]}}}
{"Event":{"System":{"Provider":{"@Name":"Microsoft-Windows-Kernel-General","@Guid":"a68ca8b7-004f-d7b6-a698-07e2de0f1f5d"},"EventID":"16","Version":"0","Level":"4","Task":"0","Opcode":"0","Keywords":"0x8000000000000000","TimeCreated":{"@SystemTime":"2025-04-16 19:42:54.4582152"},"EventRecordID":"4069","Correlation":null,"Execution":{"@ProcessID":"3932","@ThreadID":"5836"},"Channel":"System","Computer":"Server002","Security":{"@UserID":"S-1-5-18"}},"EventData":{"Data":[{"@Name":"HiveNameLength","#text":"144"},{"@Name":"HiveName","#text":"\\??\\C:\\ProgramData\\Microsoft\\Windows\\AppRepository\\Packages\\MicrosoftWindows.Client.CBS_1000.19061.1000.0_x64__cw5n1h2txyewy\\ActivationStore.dat"},{"@Name":"KeysUpdated","#text":"0"},{"@Name":"DirtyPages","#text":"0"}]}}}
{"Event":{"System":{"Provider":{"@Name":"User32","@Guid":"{b0aa8734-56f7-41cc-b2f4-de228e98b946}","@EventSourceName":"User32"},"EventID":{"@Qualifiers":"32768","#text":"1074"},"Version":"0","Level":"4","Task":"0","Opcode":"0","Keywords":"0x8080000000000000","TimeCreated":{"@SystemTime":"2025-04-16 19:43:20.8170128"},"EventRecordID":"4070","Correlation":null,"Execution":{"@ProcessID":"436","@ThreadID":"580"},"Channel":"System","Computer":"Server002","Security":{"@UserID":"S-1-5-18"}},"EventData":{"Data":[{"@Name":"param1","#text":"C:\\Windows\\servicing\\TrustedInstaller.exe (SERVER002)"},{"@Name":"param2","#text":"SERVER002"},{"@Name":"param3","#text":"Operating System: Upgrade (Planned)"},{"@Name":"param4","#text":"0x80020003"},{"@Name":"param5","#text":"restart"},{"@Name":"param6"},{"@Name":"param7","#text":"NT AUTHORITY\\SYSTEM"}]}}}
{"Event":{"System":{"Provider":{"@Name":"Microsoft-Windows-FilterManager","@Guid":"f3c5e28e-63f6-49c7-a204-e48a1bc4b09d"},"EventID":"1","Version":"0","Level":"4","Task":"0","Opcode":"0","Keywords":"0x8000000000000000","TimeCreated":{"@SystemTime":"2025-04-16 19:43:30.9704108"},"EventRecordID":"4071","Correlation":null,"Execution":{"@ProcessID":"4","@ThreadID":"192"},"Channel":"System","Computer":"Server002","Security":{"@UserID":"S-1-5-18"}},"EventData":{"Data":[{"@Name":"FinalStatus","#text":"0x0"},{"@Name":"DeviceVersionMajor","#text":"10"},{"@Name":"DeviceVersionMinor","#text":"0"},{"@Name":"DeviceNameLength","#text":"10"},{"@Name":"DeviceName","#text":"MBAMFarflt"},{"@Name":"DeviceTime","#text":"2025-01-28 18:37:27.0000000"}]}}}
{"Event":{"System":{"Provider":{"@Name":"Microsoft-Windows-FilterManager","@Guid":"f3c5e28e-63f6-49c7-a204-e48a1bc4b09d"},"EventID":"1","Version":"0","Level":"4","Task":"0","Opcode":"0","Keywords":"0x8000000000000000","TimeCreated":{"@SystemTime":"2025-04-16 19:43:30.9805169"},"EventRecordID":"4072","Correlation":null,"Execution":{"@ProcessID":"4","@ThreadID":"284"},"Channel":"System","Computer":"Server002","Security":{"@UserID":"S-1-5-18"}},"EventData":{"Data":[{"@Name":"FinalStatus","#text":"0x0"},{"@Name":"DeviceVersionMajor","#text":"10"},{"@Name":"DeviceVersionMinor","#text":"0"},{"@Name":"DeviceNameLength","#text":"14"},{"@Name":"DeviceName","#text":"MBAMProtection"},{"@Name":"DeviceTime","#text":"2024-10-29 21:38:46.0000000"}]}}}
{"Event":{"System":{"Provider":{"@Name":"EventLog"},"EventID":{"@Qualifiers":"32768","#text":"6006"},"Version":"0","Level":"4","Task":"0","Opcode":"0","Keywords":"0x80000000000000","TimeCreated":{"@SystemTime":"2025-04-16 19:43:37.4703415"},"EventRecordID":"4073","Correlation":null,"Execution":{"@ProcessID":"0","@ThreadID":"0"},"Channel":"System","Computer":"Server002","Security":null},"EventData":{"Data":"","Binary":"01-00-00-00-00-00-00-00"}}}
{"Event":{"System":{"Provider":{"@Name":"Service Control Manager","@Guid":"{555908d1-a6d7-4695-8e1e-26931d2012f4}","@EventSourceName":"Service Control Manager"},"EventID":{"@Qualifiers":"49152","#text":"7034"},"Version":"0","Level":"2","Task":"0","Opcode":"0","Keywords":"0x8080000000000000","TimeCreated":{"@SystemTime":"2025-04-16 19:43:37.2987754"},"EventRecordID":"4074","Correlation":null,"Execution":{"@ProcessID":"652","@ThreadID":"3816"},"Channel":"System","Computer":"Server002","Security":null},"EventData":{"Data":[{"@Name":"param1","#text":"OpenSSH SSH Server"},{"@Name":"param2","#text":"1"}],"Binary":"73-00-73-00-68-00-64-00-00-00"}}}
{"Event":{"System":{"Provider":{"@Name":"Microsoft-Windows-Dhcp-Client","@Guid":"15a7a4f8-0072-4eab-abad-f98a4d666aed"},"EventID":"50104","Version":"0","Level":"4","Task":"4","Opcode":"129","Keywords":"0x2000000000000000","TimeCreated":{"@SystemTime":"2025-04-16 19:43:37.4057229"},"EventRecordID":"4075","Correlation":null,"Execution":{"@ProcessID":"1136","@ThreadID":"1140"},"Channel":"System","Computer":"Server002","Security":{"@UserID":"S-1-5-19"}},"EventData":""}}
{"Event":{"System":{"Provider":{"@Name":"Microsoft-Windows-Dhcp-Client","@Guid":"15a7a4f8-0072-4eab-abad-f98a4d666aed"},"EventID":"50105","Version":"0","Level":"4","Task":"4","Opcode":"129","Keywords":"0x2000000000000000","TimeCreated":{"@SystemTime":"2025-04-16 19:43:37.4059708"},"EventRecordID":"4076","Correlation":null,"Execution":{"@ProcessID":"1136","@ThreadID":"1172"},"Channel":"System","Computer":"Server002","Security":{"@UserID":"S-1-5-19"}},"EventData":""}}
