{"Event":{"System":{"Provider":{"@Name":"Microsoft-Windows-Sysmon","@Guid":"5770385f-c22a-43e0-bf4c-06f5698ffbd9"},"EventID":"1","Version":"5","Level":"4","Task":"1","Opcode":"0","Keywords":"0x8000000000000000","TimeCreated":{"@SystemTime":"2025-04-23 19:03:51.6107394"},"EventRecordID":"44578","Correlation":null,"Execution":{"@ProcessID":"3244","@ThreadID":"3828"},"Channel":"Microsoft-Windows-Sysmon/Operational","Computer":"Server002","Security":{"@UserID":"S-1-5-18"}},"EventData":{"Data":[{"@Name":"RuleName","#text":"-"},{"@Name":"UtcTime","#text":"2025-04-23 19:03:51.604"},{"@Name":"ProcessGuid","#text":"dbf410b3-3997-6809-5f01-000000004100"},{"@Name":"ProcessId","#text":"6796"},{"@Name":"Image","#text":"C:\\Windows\\Microsoft.NET\\Framework64\\v4.0.30319\\ngen.exe"},{"@Name":"FileVersion","#text":"4.8.9093.0 built by: NET481REL1LAST_C"},{"@Name":"Description","#text":"Microsoft Common Language Runtime native compiler"},{"@Name":"Product","#text":"Microsoft® .NET Framework"},{"@Name":"Company","#text":"Microsoft Corporation"},{"@Name":"OriginalFileName","#text":"ngen.exe"},{"@Name":"CommandLine","#text":"\"C:\\Windows\\Microsoft.NET\\Framework64\\v4.0.30319\\ngen.exe\" install \"System.Core, Version=4.0.0.0, Culture=neutral, PublicKeyToken=b77a5c561934e089\" /NoDependencies /noroot /version:v4.0.30319 /LegacyServiceBehavior"},{"@Name":"CurrentDirectory","#text":"C:\\Windows\\system32\\"},{"@Name":"User","#text":"NT AUTHORITY\\SYSTEM"},{"@Name":"LogonGuid","#text":"dbf410b3-38ed-6809-e703-000000000000"},{"@Name":"LogonId","#text":"0x3E7"},{"@Name":"TerminalSessionId","#text":"0"},{"@Name":"IntegrityLevel","#text":"System"},{"@Name":"Hashes","#text":"SHA256=E6AEFA5D91A23AAD8E7B9A7DB0D3BE218410086AD4D73471ED260980156418C7"},{"@Name":"ParentProcessGuid","#text":"dbf410b3-3934-6809-e500-000000004100"},{"@Name":"ParentProcessId","#text":"1244"},{"@Name":"ParentImage","#text":"C:\\Windows\\Microsoft.NET\\Framework64\\v4.0.30319\\ngentask.exe"},{"@Name":"ParentCommandLine","#text":"\"C:\\Windows\\Microsoft.NET\\Framework64\\v4.0.30319\\NGenTask.exe\" /RuntimeWide /Critical /StopEvent:524"},{"@Name":"ParentUser","#text":"NT AUTHORITY\\SYSTEM"}]}}}
{"Event":{"System":{"Provider":{"@Name":"Microsoft-Windows-Sysmon","@Guid":"5770385f-c22a-43e0-bf4c-06f5698ffbd9"},"EventID":"5","Version":"3","Level":"4","Task":"5","Opcode":"0","Keywords":"0x8000000000000000","TimeCreated":{"@SystemTime":"2025-04-23 19:03:54.0723623"},"EventRecordID":"44579","Correlation":null,"Execution":{"@ProcessID":"3244","@ThreadID":"3828"},"Channel":"Microsoft-Windows-Sysmon/Operational","Computer":"Server002","Security":{"@UserID":"S-1-5-18"}},"EventData":{"Data":[{"@Name":"RuleName","#text":"-"},{"@Name":"UtcTime","#text":"2025-04-23 19:03:54.071"},{"@Name":"ProcessGuid","#text":"dbf410b3-3997-6809-5e01-000000004100"},{"@Name":"ProcessId","#text":"1636"},{"@Name":"Image","#text":"C:\\Windows\\Microsoft.NET\\Framework\\v4.0.30319\\mscorsvw.exe"},{"@Name":"User","#text":"NT AUTHORITY\\SYSTEM"}]}}}
{"Event":{"System":{"Provider":{"@Name":"Microsoft-Windows-Sysmon","@Guid":"5770385f-c22a-43e0-bf4c-06f5698ffbd9"},"EventID":"1","Version":"5","Level":"4","Task":"1","Opcode":"0","Keywords":"0x8000000000000000","TimeCreated":{"@SystemTime":"2025-04-23 19:03:54.0786602"},"EventRecordID":"44580","Correlation":null,"Execution":{"@ProcessID":"3244","@ThreadID":"3828"},"Channel":"Microsoft-Windows-Sysmon/Operational","Computer":"Server002","Security":{"@UserID":"S-1-5-18"}},"EventData":{"Data":[{"@Name":"RuleName","#text":"-"},{"@Name":"UtcTime","#text":"2025-04-23 19:03:54.073"},{"@Name":"ProcessGuid","#text":"dbf410b3-399a-6809-6001-000000004100"},{"@Name":"ProcessId","#text":"6960"},{"@Name":"Image","#text":"C:\\Windows\\Microsoft.NET\\Framework\\v4.0.30319\\mscorsvw.exe"},{"@Name":"FileVersion","#text":"4.8.9093.0 built by: NET481REL1LAST_C"},{"@Name":"Description","#text":".NET Runtime Optimization Service"},{"@Name":"Product","#text":"Microsoft® .NET Framework"},{"@Name":"Company","#text":"Microsoft Corporation"},{"@Name":"OriginalFileName","#text":"mscorsvw.exe"},{"@Name":"CommandLine","#text":"C:\\Windows\\Microsoft.NET\\Framework\\v4.0.30319\\mscorsvw.exe -StartupEvent 2d0 -InterruptEvent 0 -NGENProcess 2ec -Pipe 2dc -Comment \"NGen Worker Process\""},{"@Name":"CurrentDirectory","#text":"C:\\Windows\\system32\\"},{"@Name":"User","#text":"NT AUTHORITY\\SYSTEM"},{"@Name":"LogonGuid","#text":"dbf410b3-38ed-6809-e703-000000000000"},{"@Name":"LogonId","#text":"0x3E7"},{"@Name":"TerminalSessionId","#text":"0"},{"@Name":"IntegrityLevel","#text":"System"},{"@Name":"Hashes","#text":"SHA256=0F5305796FA4135C338C80B8529EEE9C38FFB938BCF89984B0CDC77B9673DD75"},{"@Name":"ParentProcessGuid","#text":"dbf410b3-3938-6809-eb00-000000004100"},{"@Name":"ParentProcessId","#text":"2364"},{"@Name":"ParentImage","#text":"C:\\Windows\\Microsoft.NET\\Framework\\v4.0.30319\\ngen.exe"},{"@Name":"ParentCommandLine","#text":"\"C:\\Windows\\Microsoft.NET\\Framework\\v4.0.30319\\ngen.exe\" ExecuteQueuedItems 2 /LegacyServiceBehavior"},{"@Name":"ParentUser","#text":"NT AUTHORITY\\SYSTEM"}]}}}
{"Event":{"System":{"Provider":{"@Name":"Microsoft-Windows-Sysmon","@Guid":"5770385f-c22a-43e0-bf4c-06f5698ffbd9"},"EventID":"1","Version":"5","Level":"4","Task":"1","Opcode":"0","Keywords":"0x8000000000000000","TimeCreated":{"@SystemTime":"2025-04-23 19:03:56.1491652"},"EventRecordID":"44581","Correlation":null,"Execution":{"@ProcessID":"3244","@ThreadID":"3828"},"Channel":"Microsoft-Windows-Sysmon/Operational","Computer":"Server002","Security":{"@UserID":"S-1-5-18"}},"EventData":{"Data":[{"@Name":"RuleName","#text":"-"},{"@Name":"UtcTime","#text":"2025-04-23 19:03:56.130"},{"@Name":"ProcessGuid","#text":"dbf410b3-399c-6809-6101-000000004100"},{"@Name":"ProcessId","#text":"7252"},{"@Name":"Image","#text":"C:\\Windows\\System32\\sc.exe"},{"@Name":"FileVersion","#text":"10.0.19041.1 (WinBuild.160101.0800)"},{"@Name":"Description","#text":"Service Control Manager Configuration Tool"},{"@Name":"Product","#text":"Microsoft® Windows® Operating System"},{"@Name":"Company","#text":"Microsoft Corporation"},{"@Name":"OriginalFileName","#text":"sc.exe"},{"@Name":"CommandLine","#text":"\"C:\\Windows\\system32\\sc.exe\" start pushtoinstall registration"},{"@Name":"CurrentDirectory","#text":"C:\\Windows\\system32\\"},{"@Name":"User","#text":"NT AUTHORITY\\SYSTEM"},{"@Name":"LogonGuid","#text":"dbf410b3-38ed-6809-e703-000000000000"},{"@Name":"LogonId","#text":"0x3E7"},{"@Name":"TerminalSessionId","#text":"0"},{"@Name":"IntegrityLevel","#text":"System"},{"@Name":"Hashes","#text":"SHA256=41F067C3A11B02FE39947F9EBA68AE5C7CB5BD1872A6009A4CD1506554A9ABA9"},{"@Name":"ParentProcessGuid","#text":"dbf410b3-38f0-6809-2100-000000004100"},{"@Name":"ParentProcessId","#text":"1476"},{"@Name":"ParentImage","#text":"C:\\Windows\\System32\\svchost.exe"},{"@Name":"ParentCommandLine","#text":"C:\\Windows\\system32\\svchost.exe -k netsvcs -p -s Schedule"},{"@Name":"ParentUser","#text":"NT AUTHORITY\\SYSTEM"}]}}}
{"Event":{"System":{"Provider":{"@Name":"Microsoft-Windows-Sysmon","@Guid":"5770385f-c22a-43e0-bf4c-06f5698ffbd9"},"EventID":"1","Version":"5","Level":"4","Task":"1","Opcode":"0","Keywords":"0x8000000000000000","TimeCreated":{"@SystemTime":"2025-04-23 19:03:56.1494212"},"EventRecordID":"44582","Correlation":null,"Execution":{"@ProcessID":"3244","@ThreadID":"3828"},"Channel":"Microsoft-Windows-Sysmon/Operational","Computer":"Server002","Security":{"@UserID":"S-1-5-18"}},"EventData":{"Data":[{"@Name":"RuleName","#text":"-"},{"@Name":"UtcTime","#text":"2025-04-23 19:03:56.132"},{"@Name":"ProcessGuid","#text":"dbf410b3-399c-6809-6201-000000004100"},{"@Name":"ProcessId","#text":"9208"},{"@Name":"Image","#text":"C:\\Windows\\System32\\wsqmcons.exe"},{"@Name":"FileVersion","#text":"10.0.19041.4355 (WinBuild.160101.0800)"},{"@Name":"Description","#text":"Windows SQM Consolidator"},{"@Name":"Product","#text":"Microsoft® Windows® Operating System"},{"@Name":"Company","#text":"Microsoft Corporation"},{"@Name":"OriginalFileName","#text":"wsqmcons.exe"},{"@Name":"CommandLine","#text":"\"C:\\Windows\\System32\\wsqmcons.exe\""},{"@Name":"CurrentDirectory","#text":"C:\\Windows\\system32\\"},{"@Name":"User","#text":"NT AUTHORITY\\SYSTEM"},{"@Name":"LogonGuid","#text":"dbf410b3-38ed-6809-e703-000000000000"},{"@Name":"LogonId","#text":"0x3E7"},{"@Name":"TerminalSessionId","#text":"0"},{"@Name":"IntegrityLevel","#text":"System"},{"@Name":"Hashes","#text":"SHA256=8D407371F9F340F4EB2FE48EE563EBF5707488A7524473B781EE1D05A2168C26"},{"@Name":"ParentProcessGuid","#text":"dbf410b3-38f0-6809-2100-000000004100"},{"@Name":"ParentProcessId","#text":"1476"},{"@Name":"ParentImage","#text":"C:\\Windows\\System32\\svchost.exe"},{"@Name":"ParentCommandLine","#text":"C:\\Windows\\system32\\svchost.exe -k netsvcs -p -s Schedule"},{"@Name":"ParentUser","#text":"NT AUTHORITY\\SYSTEM"}]}}}
{"Event":{"System":{"Provider":{"@Name":"Microsoft-Windows-Sysmon","@Guid":"5770385f-c22a-43e0-bf4c-06f5698ffbd9"},"EventID":"1","Version":"5","Level":"4","Task":"1","Opcode":"0","Keywords":"0x8000000000000000","TimeCreated":{"@SystemTime":"2025-04-23 19:03:56.1602008"},"EventRecordID":"44583","Correlation":null,"Execution":{"@ProcessID":"3244","@ThreadID":"3828"},"Channel":"Microsoft-Windows-Sysmon/Operational","Computer":"Server002","Security":{"@UserID":"S-1-5-18"}},"EventData":{"Data":[{"@Name":"RuleName","#text":"-"},{"@Name":"UtcTime","#text":"2025-04-23 19:03:56.152"},{"@Name":"ProcessGuid","#text":"dbf410b3-399c-6809-6301-000000004100"},{"@Name":"ProcessId","#text":"9196"},{"@Name":"Image","#text":"C:\\Windows\\System32\\conhost.exe"},{"@Name":"FileVersion","#text":"10.0.19041.5198 (WinBuild.160101.0800)"},{"@Name":"Description","#text":"Console Window Host"},{"@Name":"Product","#text":"Microsoft® Windows® Operating System"},{"@Name":"Company","#text":"Microsoft Corporation"},{"@Name":"OriginalFileName","#text":"CONHOST.EXE"},{"@Name":"CommandLine","#text":"\\??\\C:\\Windows\\system32\\conhost.exe 0xffffffff -ForceV1"},{"@Name":"CurrentDirectory","#text":"C:\\Windows"},{"@Name":"User","#text":"NT AUTHORITY\\SYSTEM"},{"@Name":"LogonGuid","#text":"dbf410b3-38ed-6809-e703-000000000000"},{"@Name":"LogonId","#text":"0x3E7"},{"@Name":"TerminalSessionId","#text":"0"},{"@Name":"IntegrityLevel","#text":"System"},{"@Name":"Hashes","#text":"SHA256=B02EE54FB2EC69673386D41119EE8ED083A6EAB3BFCA6AA2155D20CE68EF8963"},{"@Name":"ParentProcessGuid","#text":"dbf410b3-399c-6809-6101-000000004100"},{"@Name":"ParentProcessId","#text":"7252"},{"@Name":"ParentImage","#text":"C:\\Windows\\System32\\sc.exe"},{"@Name":"ParentCommandLine","#text":"\"C:\\Windows\\system32\\sc.exe\" start pushtoinstall registration"},{"@Name":"ParentUser","#text":"NT AUTHORITY\\SYSTEM"}]}}}
{"Event":{"System":{"Provider":{"@Name":"Microsoft-Windows-Sysmon","@Guid":"5770385f-c22a-43e0-bf4c-06f5698ffbd9"},"EventID":"5","Version":"3","Level":"4","Task":"5","Opcode":"0","Keywords":"0x8000000000000000","TimeCreated":{"@SystemTime":"2025-04-23 19:03:56.1678806"},"EventRecordID":"44584","Correlation":null,"Execution":{"@ProcessID":"3244","@ThreadID":"3828"},"Channel":"Microsoft-Windows-Sysmon/Operational","Computer":"Server002","Security":{"@UserID":"S-1-5-18"}},"EventData":{"Data":[{"@Name":"RuleName","#text":"-"},{"@Name":"UtcTime","#text":"2025-04-23 19:03:56.165"},{"@Name":"ProcessGuid","#text":"dbf410b3-399c-6809-6201-000000004100"},{"@Name":"ProcessId","#text":"9208"},{"@Name":"Image","#text":"C:\\Windows\\System32\\wsqmcons.exe"},{"@Name":"User","#text":"NT AUTHORITY\\SYSTEM"}]}}}
{"Event":{"System":{"Provider":{"@Name":"Microsoft-Windows-Sysmon","@Guid":"5770385f-c22a-43e0-bf4c-06f5698ffbd9"},"EventID":"1","Version":"5","Level":"4","Task":"1","Opcode":"0","Keywords":"0x8000000000000000","TimeCreated":{"@SystemTime":"2025-04-23 19:03:56.7913971"},"EventRecordID":"44585","Correlation":null,"Execution":{"@ProcessID":"3244","@ThreadID":"3828"},"Channel":"Microsoft-Windows-Sysmon/Operational","Computer":"Server002","Security":{"@UserID":"S-1-5-18"}},"EventData":{"Data":[{"@Name":"RuleName","#text":"-"},{"@Name":"UtcTime","#text":"2025-04-23 19:03:56.786"},{"@Name":"ProcessGuid","#text":"dbf410b3-399c-6809-6401-000000004100"},{"@Name":"ProcessId","#text":"6320"},{"@Name":"Image","#text":"C:\\Windows\\System32\\svchost.exe"},{"@Name":"FileVersion","#text":"10.0.19041.4355 (WinBuild.160101.0800)"},{"@Name":"Description","#text":"Host Process for Windows Services"},{"@Name":"Product","#text":"Microsoft® Windows® Operating System"},{"@Name":"Company","#text":"Microsoft Corporation"},{"@Name":"OriginalFileName","#text":"svchost.exe"},{"@Name":"CommandLine","#text":"C:\\Windows\\System32\\svchost.exe -k netsvcs -p -s PushToInstall"},{"@Name":"CurrentDirectory","#text":"C:\\Windows\\system32\\"},{"@Name":"User","#text":"NT AUTHORITY\\SYSTEM"},{"@Name":"LogonGuid","#text":"dbf410b3-38ed-6809-e703-000000000000"},{"@Name":"LogonId","#text":"0x3E7"},{"@Name":"TerminalSessionId","#text":"0"},{"@Name":"IntegrityLevel","#text":"System"},{"@Name":"Hashes","#text":"SHA256=6FC3BF1FDFD76860BE782554F8D25BD32F108DB934D70F4253F1E5F23522E503"},{"@Name":"ParentProcessGuid","#text":"dbf410b3-38ed-6809-0b00-000000004100"},{"@Name":"ParentProcessId","#text":"656"},{"@Name":"ParentImage","#text":"C:\\Windows\\System32\\services.exe"},{"@Name":"ParentCommandLine","#text":"C:\\Windows\\system32\\services.exe"},{"@Name":"ParentUser","#text":"NT AUTHORITY\\SYSTEM"}]}}}
{"Event":{"System":{"Provider":{"@Name":"Microsoft-Windows-Sysmon","@Guid":"5770385f-c22a-43e0-bf4c-06f5698ffbd9"},"EventID":"5","Version":"3","Level":"4","Task":"5","Opcode":"0","Keywords":"0x8000000000000000","TimeCreated":{"@SystemTime":"2025-04-23 19:03:56.8669927"},"EventRecordID":"44586","Correlation":null,"Execution":{"@ProcessID":"3244","@ThreadID":"3828"},"Channel":"Microsoft-Windows-Sysmon/Operational","Computer":"Server002","Security":{"@UserID":"S-1-5-18"}},"EventData":{"Data":[{"@Name":"RuleName","#text":"-"},{"@Name":"UtcTime","#text":"2025-04-23 19:03:56.861"},{"@Name":"ProcessGuid","#text":"dbf410b3-399c-6809-6101-000000004100"},{"@Name":"ProcessId","#text":"7252"},{"@Name":"Image","#text":"C:\\Windows\\System32\\sc.exe"},{"@Name":"User","#text":"NT AUTHORITY\\SYSTEM"}]}}}
{"Event":{"System":{"Provider":{"@Name":"Microsoft-Windows-Sysmon","@Guid":"5770385f-c22a-43e0-bf4c-06f5698ffbd9"},"EventID":"1","Version":"5","Level":"4","Task":"1","Opcode":"0","Keywords":"0x8000000000000000","TimeCreated":{"@SystemTime":"2025-04-23 19:03:59.6970689"},"EventRecordID":"44587","Correlation":null,"Execution":{"@ProcessID":"3244","@ThreadID":"3828"},"Channel":"Microsoft-Windows-Sysmon/Operational","Computer":"Server002","Security":{"@UserID":"S-1-5-18"}},"EventData":{"Data":[{"@Name":"RuleName","#text":"-"},{"@Name":"UtcTime","#text":"2025-04-23 19:03:59.670"},{"@Name":"ProcessGuid","#text":"dbf410b3-399f-6809-6501-000000004100"},{"@Name":"ProcessId","#text":"10100"},{"@Name":"Image","#text":"C:\\Program Files\\WindowsApps\\OpenAI.ChatGPT-Desktop_1.2025.90.0_x64__2p2nqsd0c76g0\\app\\ChatGPT.exe"},{"@Name":"FileVersion","#text":"1.2025.90"},{"@Name":"Description","#text":"ChatGPT"},{"@Name":"Product","#text":"ChatGPT"},{"@Name":"Company","#text":"OpenAI"},{"@Name":"OriginalFileName","#text":"ChatGPT.exe"},{"@Name":"CommandLine","#text":"\"C:\\Program Files\\WindowsApps\\OpenAI.ChatGPT-Desktop_1.2025.90.0_x64__2p2nqsd0c76g0\\app\\ChatGPT.exe\" --type=gpu-process --disable-gpu-sandbox --use-gl=disabled --gpu-vendor-id=5140 --gpu-device-id=140 --gpu-sub-system-id=0 --gpu-revision=0 --gpu-driver-version=10.0.19041.4355 --user-data-dir=\"C:\\Users\\lplui\\AppData\\Local\\Packages\\OpenAI.ChatGPT-Desktop_2p2nqsd0c76g0\\LocalCache\\Roaming\\ChatGPT\" --gpu-preferences=UAAAAAAAAADoAAAEAAAAAAAAAAAAAAAAAABgAAEAAAAAAAAAAAAAAAAAAABCAAAAAAAAAAAAAAAAAAAAAAAAABAAAAAAAAAAEAAAAAAAAAAIAAAAAAAAAAgAAAAAAAAA --field-trial-handle=2552,i,5224046363940541464,17085983284614594173,262144 --enable-features=FluentScrollbar,PdfUseShowSaveFilePicker --disable-features=SpareRendererForSitePerProcess,WinDelaySpellcheckServiceInit --variations-seed-version --mojo-platform-channel-handle=1588 /prefetch:8"},{"@Name":"CurrentDirectory","#text":"C:\\Windows\\system32\\"},{"@Name":"User","#text":"SERVER002\\lplui"},{"@Name":"LogonGuid","#text":"dbf410b3-38f9-6809-b1f5-030000000000"},{"@Name":"LogonId","#text":"0x3F5B1"},{"@Name":"TerminalSessionId","#text":"1"},{"@Name":"IntegrityLevel","#text":"Medium"},{"@Name":"Hashes","#text":"SHA256=BCB3A49F5F105F50BD909968E9A67DDAC88B11CFCD2BF9B6A41B10937EFAD59C"},{"@Name":"ParentProcessGuid","#text":"dbf410b3-3929-6809-d500-000000004100"},{"@Name":"ParentProcessId","#text":"10304"},{"@Name":"ParentImage","#text":"C:\\Program Files\\WindowsApps\\OpenAI.ChatGPT-Desktop_1.2025.90.0_x64__2p2nqsd0c76g0\\app\\ChatGPT.exe"},{"@Name":"ParentCommandLine","#text":"\"C:\\Program Files\\WindowsApps\\OpenAI.ChatGPT-Desktop_1.2025.90.0_x64__2p2nqsd0c76g0\\app\\ChatGPT.exe\" "},{"@Name":"ParentUser","#text":"SERVER002\\lplui"}]}}}
{"Event":{"System":{"Provider":{"@Name":"Microsoft-Windows-Sysmon","@Guid":"5770385f-c22a-43e0-bf4c-06f5698ffbd9"},"EventID":"5","Version":"3","Level":"4","Task":"5","Opcode":"0","Keywords":"0x8000000000000000","TimeCreated":{"@SystemTime":"2025-04-23 19:03:59.6970931"},"EventRecordID":"44588","Correlation":null,"Execution":{"@ProcessID":"3244","@ThreadID":"3828"},"Channel":"Microsoft-Windows-Sysmon/Operational","Computer":"Server002","Security":{"@UserID":"S-1-5-18"}},"EventData":{"Data":[{"@Name":"RuleName","#text":"-"},{"@Name":"UtcTime","#text":"2025-04-23 19:03:59.695"},{"@Name":"ProcessGuid","#text":"dbf410b3-3904-6809-8600-000000004100"},{"@Name":"ProcessId","#text":"6092"},{"@Name":"Image","#text":"C:\\Windows\\WinSxS\\amd64_microsoft-windows-servicingstack_31bf3856ad364e35_10.0.19041.5676_none_7dfafd007c9b4e44\\TiWorker.exe"},{"@Name":"User","#text":"NT AUTHORITY\\SYSTEM"}]}}}
{"Event":{"System":{"Provider":{"@Name":"Microsoft-Windows-Sysmon","@Guid":"5770385f-c22a-43e0-bf4c-06f5698ffbd9"},"EventID":"5","Version":"3","Level":"4","Task":"5","Opcode":"0","Keywords":"0x8000000000000000","TimeCreated":{"@SystemTime":"2025-04-23 19:03:59.7268064"},"EventRecordID":"44589","Correlation":null,"Execution":{"@ProcessID":"3244","@ThreadID":"3828"},"Channel":"Microsoft-Windows-Sysmon/Operational","Computer":"Server002","Security":{"@UserID":"S-1-5-18"}},"EventData":{"Data":[{"@Name":"RuleName","#text":"-"},{"@Name":"UtcTime","#text":"2025-04-23 19:03:59.716"},{"@Name":"ProcessGuid","#text":"dbf410b3-38f0-6809-2700-000000004100"},{"@Name":"ProcessId","#text":"1628"},{"@Name":"Image","#text":"C:\\Windows\\servicing\\TrustedInstaller.exe"},{"@Name":"User","#text":"NT AUTHORITY\\SYSTEM"}]}}}
{"Event":{"System":{"Provider":{"@Name":"Microsoft-Windows-Sysmon","@Guid":"5770385f-c22a-43e0-bf4c-06f5698ffbd9"},"EventID":"5","Version":"3","Level":"4","Task":"5","Opcode":"0","Keywords":"0x8000000000000000","TimeCreated":{"@SystemTime":"2025-04-23 19:03:59.7636498"},"EventRecordID":"44590","Correlation":null,"Execution":{"@ProcessID":"3244","@ThreadID":"3828"},"Channel":"Microsoft-Windows-Sysmon/Operational","Computer":"Server002","Security":{"@UserID":"S-1-5-18"}},"EventData":{"Data":[{"@Name":"RuleName","#text":"-"},{"@Name":"UtcTime","#text":"2025-04-23 19:03:59.762"},{"@Name":"ProcessGuid","#text":"dbf410b3-399c-6809-6301-000000004100"},{"@Name":"ProcessId","#text":"9196"},{"@Name":"Image","#text":"C:\\Windows\\System32\\conhost.exe"},{"@Name":"User","#text":"NT AUTHORITY\\SYSTEM"}]}}}
{"Event":{"System":{"Provider":{"@Name":"Microsoft-Windows-Sysmon","@Guid":"5770385f-c22a-43e0-bf4c-06f5698ffbd9"},"EventID":"5","Version":"3","Level":"4","Task":"5","Opcode":"0","Keywords":"0x8000000000000000","TimeCreated":{"@SystemTime":"2025-04-23 19:03:59.8751546"},"EventRecordID":"44591","Correlation":null,"Execution":{"@ProcessID":"3244","@ThreadID":"3828"},"Channel":"Microsoft-Windows-Sysmon/Operational","Computer":"Server002","Security":{"@UserID":"S-1-5-18"}},"EventData":{"Data":[{"@Name":"RuleName","#text":"-"},{"@Name":"UtcTime","#text":"2025-04-23 19:03:59.866"},{"@Name":"ProcessGuid","#text":"dbf410b3-399a-6809-6001-000000004100"},{"@Name":"ProcessId","#text":"6960"},{"@Name":"Image","#text":"C:\\Windows\\Microsoft.NET\\Framework\\v4.0.30319\\mscorsvw.exe"},{"@Name":"User","#text":"NT AUTHORITY\\SYSTEM"}]}}}
{"Event":{"System":{"Provider":{"@Name":"Microsoft-Windows-Sysmon","@Guid":"5770385f-c22a-43e0-bf4c-06f5698ffbd9"},"EventID":"1","Version":"5","Level":"4","Task":"1","Opcode":"0","Keywords":"0x8000000000000000","TimeCreated":{"@SystemTime":"2025-04-23 19:03:59.8760660"},"EventRecordID":"44592","Correlation":null,"Execution":{"@ProcessID":"3244","@ThreadID":"3828"},"Channel":"Microsoft-Windows-Sysmon/Operational","Computer":"Server002","Security":{"@UserID":"S-1-5-18"}},"EventData":{"Data":[{"@Name":"RuleName","#text":"-"},{"@Name":"UtcTime","#text":"2025-04-23 19:03:59.866"},{"@Name":"ProcessGuid","#text":"dbf410b3-399f-6809-6601-000000004100"},{"@Name":"ProcessId","#text":"2200"},{"@Name":"Image","#text":"C:\\Windows\\Microsoft.NET\\Framework\\v4.0.30319\\mscorsvw.exe"},{"@Name":"FileVersion","#text":"4.8.9093.0 built by: NET481REL1LAST_C"},{"@Name":"Description","#text":".NET Runtime Optimization Service"},{"@Name":"Product","#text":"Microsoft® .NET Framework"},{"@Name":"Company","#text":"Microsoft Corporation"},{"@Name":"OriginalFileName","#text":"mscorsvw.exe"},{"@Name":"CommandLine","#text":"C:\\Windows\\Microsoft.NET\\Framework\\v4.0.30319\\mscorsvw.exe -StartupEvent 2e4 -InterruptEvent 0 -NGENProcess 30c -Pipe 2d0 -Comment \"NGen Worker Process\""},{"@Name":"CurrentDirectory","#text":"C:\\Windows\\system32\\"},{"@Name":"User","#text":"NT AUTHORITY\\SYSTEM"},{"@Name":"LogonGuid","#text":"dbf410b3-38ed-6809-e703-000000000000"},{"@Name":"LogonId","#text":"0x3E7"},{"@Name":"TerminalSessionId","#text":"0"},{"@Name":"IntegrityLevel","#text":"System"},{"@Name":"Hashes","#text":"SHA256=0F5305796FA4135C338C80B8529EEE9C38FFB938BCF89984B0CDC77B9673DD75"},{"@Name":"ParentProcessGuid","#text":"dbf410b3-3938-6809-eb00-000000004100"},{"@Name":"ParentProcessId","#text":"2364"},{"@Name":"ParentImage","#text":"C:\\Windows\\Microsoft.NET\\Framework\\v4.0.30319\\ngen.exe"},{"@Name":"ParentCommandLine","#text":"\"C:\\Windows\\Microsoft.NET\\Framework\\v4.0.30319\\ngen.exe\" ExecuteQueuedItems 2 /LegacyServiceBehavior"},{"@Name":"ParentUser","#text":"NT AUTHORITY\\SYSTEM"}]}}}
{"Event":{"System":{"Provider":{"@Name":"Microsoft-Windows-Sysmon","@Guid":"5770385f-c22a-43e0-bf4c-06f5698ffbd9"},"EventID":"5","Version":"3","Level":"4","Task":"5","Opcode":"0","Keywords":"0x8000000000000000","TimeCreated":{"@SystemTime":"2025-04-23 19:03:59.8948437"},"EventRecordID":"44593","Correlation":null,"Execution":{"@ProcessID":"3244","@ThreadID":"3828"},"Channel":"Microsoft-Windows-Sysmon/Operational","Computer":"Server002","Security":{"@UserID":"S-1-5-18"}},"EventData":{"Data":[{"@Name":"RuleName","#text":"-"},{"@Name":"UtcTime","#text":"2025-04-23 19:03:59.892"},{"@Name":"ProcessGuid","#text":"dbf410b3-399f-6809-6501-000000004100"},{"@Name":"ProcessId","#text":"10100"},{"@Name":"Image","#text":"C:\\Program Files\\WindowsApps\\OpenAI.ChatGPT-Desktop_1.2025.90.0_x64__2p2nqsd0c76g0\\app\\ChatGPT.exe"},{"@Name":"User","#text":"SERVER002\\lplui"}]}}}
{"Event":{"System":{"Provider":{"@Name":"Microsoft-Windows-Sysmon","@Guid":"5770385f-c22a-43e0-bf4c-06f5698ffbd9"},"EventID":"1","Version":"5","Level":"4","Task":"1","Opcode":"0","Keywords":"0x8000000000000000","TimeCreated":{"@SystemTime":"2025-04-23 19:04:00.0075370"},"EventRecordID":"44594","Correlation":null,"Execution":{"@ProcessID":"3244","@ThreadID":"3828"},"Channel":"Microsoft-Windows-Sysmon/Operational","Computer":"Server002","Security":{"@UserID":"S-1-5-18"}},"EventData":{"Data":[{"@Name":"RuleName","#text":"-"},{"@Name":"UtcTime","#text":"2025-04-23 19:04:00.000"},{"@Name":"ProcessGuid","#text":"dbf410b3-39a0-6809-6701-000000004100"},{"@Name":"ProcessId","#text":"6816"},{"@Name":"Image","#text":"C:\\Windows\\System32\\sppsvc.exe"},{"@Name":"FileVersion","#text":"10.0.19041.5737 (WinBuild.160101.0800)"},{"@Name":"Description","#text":"Microsoft Software Protection Platform Service"},{"@Name":"Product","#text":"Microsoft® Windows® Operating System"},{"@Name":"Company","#text":"Microsoft Corporation"},{"@Name":"OriginalFileName","#text":"sppsvc.exe"},{"@Name":"CommandLine","#text":"C:\\Windows\\system32\\sppsvc.exe"},{"@Name":"CurrentDirectory","#text":"C:\\Windows"},{"@Name":"User","#text":"NT AUTHORITY\\NETWORK SERVICE"},{"@Name":"LogonGuid","#text":"dbf410b3-38ef-6809-e403-000000000000"},{"@Name":"LogonId","#text":"0x3E4"},{"@Name":"TerminalSessionId","#text":"0"},{"@Name":"IntegrityLevel","#text":"System"},{"@Name":"Hashes","#text":"SHA256=F107A70BC849DA8C0CBB8D8C0839B5123AE6FFF2814E7D12692254F3DA3D9755"},{"@Name":"ParentProcessGuid","#text":"dbf410b3-38ed-6809-0b00-000000004100"},{"@Name":"ParentProcessId","#text":"656"},{"@Name":"ParentImage","#text":"C:\\Windows\\System32\\services.exe"},{"@Name":"ParentCommandLine","#text":"C:\\Windows\\system32\\services.exe"},{"@Name":"ParentUser","#text":"NT AUTHORITY\\SYSTEM"}]}}}
{"Event":{"System":{"Provider":{"@Name":"Microsoft-Windows-Sysmon","@Guid":"5770385f-c22a-43e0-bf4c-06f5698ffbd9"},"EventID":"5","Version":"3","Level":"4","Task":"5","Opcode":"0","Keywords":"0x8000000000000000","TimeCreated":{"@SystemTime":"2025-04-23 19:04:01.1001701"},"EventRecordID":"44595","Correlation":null,"Execution":{"@ProcessID":"3244","@ThreadID":"3828"},"Channel":"Microsoft-Windows-Sysmon/Operational","Computer":"Server002","Security":{"@UserID":"S-1-5-18"}},"EventData":{"Data":[{"@Name":"RuleName","#text":"-"},{"@Name":"UtcTime","#text":"2025-04-23 19:04:01.097"},{"@Name":"ProcessGuid","#text":"dbf410b3-399f-6809-6601-000000004100"},{"@Name":"ProcessId","#text":"2200"},{"@Name":"Image","#text":"C:\\Windows\\Microsoft.NET\\Framework\\v4.0.30319\\mscorsvw.exe"},{"@Name":"User","#text":"NT AUTHORITY\\SYSTEM"}]}}}
{"Event":{"System":{"Provider":{"@Name":"Microsoft-Windows-Sysmon","@Guid":"5770385f-c22a-43e0-bf4c-06f5698ffbd9"},"EventID":"1","Version":"5","Level":"4","Task":"1","Opcode":"0","Keywords":"0x8000000000000000","TimeCreated":{"@SystemTime":"2025-04-23 19:04:01.1074656"},"EventRecordID":"44596","Correlation":null,"Execution":{"@ProcessID":"3244","@ThreadID":"3828"},"Channel":"Microsoft-Windows-Sysmon/Operational","Computer":"Server002","Security":{"@UserID":"S-1-5-18"}},"EventData":{"Data":[{"@Name":"RuleName","#text":"-"},{"@Name":"UtcTime","#text":"2025-04-23 19:04:01.093"},{"@Name":"ProcessGuid","#text":"dbf410b3-39a1-6809-6801-000000004100"},{"@Name":"ProcessId","#text":"3356"},{"@Name":"Image","#text":"C:\\Windows\\Microsoft.NET\\Framework\\v4.0.30319\\mscorsvw.exe"},{"@Name":"FileVersion","#text":"4.8.9093.0 built by: NET481REL1LAST_C"},{"@Name":"Description","#text":".NET Runtime Optimization Service"},{"@Name":"Product","#text":"Microsoft® .NET Framework"},{"@Name":"Company","#text":"Microsoft Corporation"},{"@Name":"OriginalFileName","#text":"mscorsvw.exe"},{"@Name":"CommandLine","#text":"C:\\Windows\\Microsoft.NET\\Framework\\v4.0.30319\\mscorsvw.exe -StartupEvent 318 -InterruptEvent 0 -NGENProcess 320 -Pipe 2f4 -Comment \"NGen Worker Process\""},{"@Name":"CurrentDirectory","#text":"C:\\Windows\\system32\\"},{"@Name":"User","#text":"NT AUTHORITY\\SYSTEM"},{"@Name":"LogonGuid","#text":"dbf410b3-38ed-6809-e703-000000000000"},{"@Name":"LogonId","#text":"0x3E7"},{"@Name":"TerminalSessionId","#text":"0"},{"@Name":"IntegrityLevel","#text":"System"},{"@Name":"Hashes","#text":"SHA256=0F5305796FA4135C338C80B8529EEE9C38FFB938BCF89984B0CDC77B9673DD75"},{"@Name":"ParentProcessGuid","#text":"dbf410b3-3938-6809-eb00-000000004100"},{"@Name":"ParentProcessId","#text":"2364"},{"@Name":"ParentImage","#text":"C:\\Windows\\Microsoft.NET\\Framework\\v4.0.30319\\ngen.exe"},{"@Name":"ParentCommandLine","#text":"\"C:\\Windows\\Microsoft.NET\\Framework\\v4.0.30319\\ngen.exe\" ExecuteQueuedItems 2 /LegacyServiceBehavior"},{"@Name":"ParentUser","#text":"NT AUTHORITY\\SYSTEM"}]}}}
{"Event":{"System":{"Provider":{"@Name":"Microsoft-Windows-Sysmon","@Guid":"5770385f-c22a-43e0-bf4c-06f5698ffbd9"},"EventID":"1","Version":"5","Level":"4","Task":"1","Opcode":"0","Keywords":"0x8000000000000000","TimeCreated":{"@SystemTime":"2025-04-23 19:04:01.7384798"},"EventRecordID":"44597","Correlation":null,"Execution":{"@ProcessID":"3244","@ThreadID":"3828"},"Channel":"Microsoft-Windows-Sysmon/Operational","Computer":"Server002","Security":{"@UserID":"S-1-5-18"}},"EventData":{"Data":[{"@Name":"RuleName","#text":"-"},{"@Name":"UtcTime","#text":"2025-04-23 19:04:01.721"},{"@Name":"ProcessGuid","#text":"dbf410b3-39a1-6809-6901-000000004100"},{"@Name":"ProcessId","#text":"7152"},{"@Name":"Image","#text":"C:\\ProgramData\\Microsoft\\Windows Defender\\Platform\\4.18.24080.9-0\\MpCmdRun.exe"},{"@Name":"FileVersion","#text":"4.18.24080.9 (f49fb7de0d838aeebbdbd940314a35a90705840e)"},{"@Name":"Description","#text":"Microsoft Malware Protection Command Line Utility"},{"@Name":"Product","#text":"Microsoft® Windows® Operating System"},{"@Name":"Company","#text":"Microsoft Corporation"},{"@Name":"OriginalFileName","#text":"MpCmdRun.exe"},{"@Name":"CommandLine","#text":"\"C:\\ProgramData\\Microsoft\\Windows Defender\\Platform\\4.18.24080.9-0\\MpCmdRun.exe\" -wdenable"},{"@Name":"CurrentDirectory","#text":"C:\\Windows\\system32\\"},{"@Name":"User","#text":"NT AUTHORITY\\LOCAL SERVICE"},{"@Name":"LogonGuid","#text":"dbf410b3-38ef-6809-e503-000000000000"},{"@Name":"LogonId","#text":"0x3E5"},{"@Name":"TerminalSessionId","#text":"0"},{"@Name":"IntegrityLevel","#text":"System"},{"@Name":"Hashes","#text":"SHA256=F7B024FDED173C322CA0A5D62FDC5CC1F96D3A9EBBE7E9F0FCE2C265BC0275B3"},{"@Name":"ParentProcessGuid","#text":"dbf410b3-396c-6809-2801-000000004100"},{"@Name":"ParentProcessId","#text":"8980"},{"@Name":"ParentImage","#text":"C:\\Windows\\System32\\svchost.exe"},{"@Name":"ParentCommandLine","#text":"C:\\Windows\\System32\\svchost.exe -k LocalServiceNetworkRestricted -p -s wscsvc"},{"@Name":"ParentUser","#text":"NT AUTHORITY\\LOCAL SERVICE"}]}}}
{"Event":{"System":{"Provider":{"@Name":"Microsoft-Windows-Sysmon","@Guid":"5770385f-c22a-43e0-bf4c-06f5698ffbd9"},"EventID":"1","Version":"5","Level":"4","Task":"1","Opcode":"0","Keywords":"0x8000000000000000","TimeCreated":{"@SystemTime":"2025-04-23 19:04:01.7683483"},"EventRecordID":"44598","Correlation":null,"Execution":{"@ProcessID":"3244","@ThreadID":"3828"},"Channel":"Microsoft-Windows-Sysmon/Operational","Computer":"Server002","Security":{"@UserID":"S-1-5-18"}},"EventData":{"Data":[{"@Name":"RuleName","#text":"-"},{"@Name":"UtcTime","#text":"2025-04-23 19:04:01.764"},{"@Name":"ProcessGuid","#text":"dbf410b3-39a1-6809-6b01-000000004100"},{"@Name":"ProcessId","#text":"8280"},{"@Name":"Image","#text":"C:\\Windows\\System32\\conhost.exe"},{"@Name":"FileVersion","#text":"10.0.19041.5198 (WinBuild.160101.0800)"},{"@Name":"Description","#text":"Console Window Host"},{"@Name":"Product","#text":"Microsoft® Windows® Operating System"},{"@Name":"Company","#text":"Microsoft Corporation"},{"@Name":"OriginalFileName","#text":"CONHOST.EXE"},{"@Name":"CommandLine","#text":"\\??\\C:\\Windows\\system32\\conhost.exe 0xffffffff -ForceV1"},{"@Name":"CurrentDirectory","#text":"C:\\Windows"},{"@Name":"User","#text":"NT AUTHORITY\\LOCAL SERVICE"},{"@Name":"LogonGuid","#text":"dbf410b3-38ef-6809-e503-000000000000"},{"@Name":"LogonId","#text":"0x3E5"},{"@Name":"TerminalSessionId","#text":"0"},{"@Name":"IntegrityLevel","#text":"System"},{"@Name":"Hashes","#text":"SHA256=B02EE54FB2EC69673386D41119EE8ED083A6EAB3BFCA6AA2155D20CE68EF8963"},{"@Name":"ParentProcessGuid","#text":"dbf410b3-39a1-6809-6901-000000004100"},{"@Name":"ParentProcessId","#text":"7152"},{"@Name":"ParentImage","#text":"C:\\ProgramData\\Microsoft\\Windows Defender\\Platform\\4.18.24080.9-0\\MpCmdRun.exe"},{"@Name":"ParentCommandLine","#text":"\"C:\\ProgramData\\Microsoft\\Windows Defender\\Platform\\4.18.24080.9-0\\MpCmdRun.exe\" -wdenable"},{"@Name":"ParentUser","#text":"NT AUTHORITY\\LOCAL SERVICE"}]}}}
{"Event":{"System":{"Provider":{"@Name":"Microsoft-Windows-Sysmon","@Guid":"5770385f-c22a-43e0-bf4c-06f5698ffbd9"},"EventID":"1","Version":"5","Level":"4","Task":"1","Opcode":"0","Keywords":"0x8000000000000000","TimeCreated":{"@SystemTime":"2025-04-23 19:04:01.8348256"},"EventRecordID":"44599","Correlation":null,"Execution":{"@ProcessID":"3244","@ThreadID":"3828"},"Channel":"Microsoft-Windows-Sysmon/Operational","Computer":"Server002","Security":{"@UserID":"S-1-5-18"}},"EventData":{"Data":[{"@Name":"RuleName","#text":"-"},{"@Name":"UtcTime","#text":"2025-04-23 19:04:01.762"},{"@Name":"ProcessGuid","#text":"dbf410b3-39a1-6809-6a01-000000004100"},{"@Name":"ProcessId","#text":"7468"},{"@Name":"Image","#text":"C:\\Windows\\System32\\MusNotifyIcon.exe"},{"@Name":"FileVersion","#text":"10.0.19041.5438 (WinBuild.160101.0800)"},{"@Name":"Description","#text":"MusNotifyIcon.exe"},{"@Name":"Product","#text":"Microsoft® Windows® Operating System"},{"@Name":"Company","#text":"Microsoft Corporation"},{"@Name":"OriginalFileName","#text":"MusNotifyIcon.exe"},{"@Name":"CommandLine","#text":"%%systemroot%%\\system32\\MusNotifyIcon.exe NotifyTrayIcon 0"},{"@Name":"CurrentDirectory","#text":"C:\\Windows\\system32\\"},{"@Name":"User","#text":"SERVER002\\lplui"},{"@Name":"LogonGuid","#text":"dbf410b3-38f9-6809-b1f5-030000000000"},{"@Name":"LogonId","#text":"0x3F5B1"},{"@Name":"TerminalSessionId","#text":"1"},{"@Name":"IntegrityLevel","#text":"Medium"},{"@Name":"Hashes","#text":"SHA256=EE3F91E3757705F1E6C516D2BF18C290DEA8CB204F0520301933E8DB13EFDF40"},{"@Name":"ParentProcessGuid","#text":"dbf410b3-392d-6809-dc00-000000004100"},{"@Name":"ParentProcessId","#text":"10604"},{"@Name":"ParentImage","#text":"C:\\Windows\\System32\\MusNotification.exe"},{"@Name":"ParentCommandLine","#text":"\"C:\\Windows\\system32\\MusNotification.exe\" LogonUpdateResults"},{"@Name":"ParentUser","#text":"NT AUTHORITY\\SYSTEM"}]}}}
{"Event":{"System":{"Provider":{"@Name":"Microsoft-Windows-Sysmon","@Guid":"5770385f-c22a-43e0-bf4c-06f5698ffbd9"},"EventID":"5","Version":"3","Level":"4","Task":"5","Opcode":"0","Keywords":"0x8000000000000000","TimeCreated":{"@SystemTime":"2025-04-23 19:04:02.0647424"},"EventRecordID":"44600","Correlation":null,"Execution":{"@ProcessID":"3244","@ThreadID":"3828"},"Channel":"Microsoft-Windows-Sysmon/Operational","Computer":"Server002","Security":{"@UserID":"S-1-5-18"}},"EventData":{"Data":[{"@Name":"RuleName","#text":"-"},{"@Name":"UtcTime","#text":"2025-04-23 19:04:02.054"},{"@Name":"ProcessGuid","#text":"dbf410b3-39a1-6809-6901-000000004100"},{"@Name":"ProcessId","#text":"7152"},{"@Name":"Image","#text":"C:\\ProgramData\\Microsoft\\Windows Defender\\Platform\\4.18.24080.9-0\\MpCmdRun.exe"},{"@Name":"User","#text":"NT AUTHORITY\\LOCAL SERVICE"}]}}}
{"Event":{"System":{"Provider":{"@Name":"Microsoft-Windows-Sysmon","@Guid":"5770385f-c22a-43e0-bf4c-06f5698ffbd9"},"EventID":"5","Version":"3","Level":"4","Task":"5","Opcode":"0","Keywords":"0x8000000000000000","TimeCreated":{"@SystemTime":"2025-04-23 19:04:02.0700603"},"EventRecordID":"44601","Correlation":null,"Execution":{"@ProcessID":"3244","@ThreadID":"3828"},"Channel":"Microsoft-Windows-Sysmon/Operational","Computer":"Server002","Security":{"@UserID":"S-1-5-18"}},"EventData":{"Data":[{"@Name":"RuleName","#text":"-"},{"@Name":"UtcTime","#text":"2025-04-23 19:04:02.064"},{"@Name":"ProcessGuid","#text":"dbf410b3-39a1-6809-6b01-000000004100"},{"@Name":"ProcessId","#text":"8280"},{"@Name":"Image","#text":"C:\\Windows\\System32\\conhost.exe"},{"@Name":"User","#text":"NT AUTHORITY\\LOCAL SERVICE"}]}}}
{"Event":{"System":{"Provider":{"@Name":"Microsoft-Windows-Sysmon","@Guid":"5770385f-c22a-43e0-bf4c-06f5698ffbd9"},"EventID":"5","Version":"3","Level":"4","Task":"5","Opcode":"0","Keywords":"0x8000000000000000","TimeCreated":{"@SystemTime":"2025-04-23 19:04:02.1924505"},"EventRecordID":"44602","Correlation":null,"Execution":{"@ProcessID":"3244","@ThreadID":"3828"},"Channel":"Microsoft-Windows-Sysmon/Operational","Computer":"Server002","Security":{"@UserID":"S-1-5-18"}},"EventData":{"Data":[{"@Name":"RuleName","#text":"-"},{"@Name":"UtcTime","#text":"2025-04-23 19:04:02.175"},{"@Name":"ProcessGuid","#text":"dbf410b3-392d-6809-dc00-000000004100"},{"@Name":"ProcessId","#text":"10604"},{"@Name":"Image","#text":"C:\\Windows\\System32\\MusNotification.exe"},{"@Name":"User","#text":"NT AUTHORITY\\SYSTEM"}]}}}
{"Event":{"System":{"Provider":{"@Name":"Microsoft-Windows-Sysmon","@Guid":"5770385f-c22a-43e0-bf4c-06f5698ffbd9"},"EventID":"1","Version":"5","Level":"4","Task":"1","Opcode":"0","Keywords":"0x8000000000000000","TimeCreated":{"@SystemTime":"2025-04-23 19:04:02.9336690"},"EventRecordID":"44603","Correlation":null,"Execution":{"@ProcessID":"3244","@ThreadID":"3828"},"Channel":"Microsoft-Windows-Sysmon/Operational","Computer":"Server002","Security":{"@UserID":"S-1-5-18"}},"EventData":{"Data":[{"@Name":"RuleName","#text":"-"},{"@Name":"UtcTime","#text":"2025-04-23 19:04:02.931"},{"@Name":"ProcessGuid","#text":"dbf410b3-39a2-6809-6c01-000000004100"},{"@Name":"ProcessId","#text":"8408"},{"@Name":"Image","#text":"C:\\Windows\\System32\\svchost.exe"},{"@Name":"FileVersion","#text":"10.0.19041.4355 (WinBuild.160101.0800)"},{"@Name":"Description","#text":"Host Process for Windows Services"},{"@Name":"Product","#text":"Microsoft® Windows® Operating System"},{"@Name":"Company","#text":"Microsoft Corporation"},{"@Name":"OriginalFileName","#text":"svchost.exe"},{"@Name":"CommandLine","#text":"C:\\Windows\\system32\\svchost.exe -k wusvcs -p -s WaaSMedicSvc"},{"@Name":"CurrentDirectory","#text":"C:\\Windows\\system32\\"},{"@Name":"User","#text":"NT AUTHORITY\\SYSTEM"},{"@Name":"LogonGuid","#text":"dbf410b3-38ed-6809-e703-000000000000"},{"@Name":"LogonId","#text":"0x3E7"},{"@Name":"TerminalSessionId","#text":"0"},{"@Name":"IntegrityLevel","#text":"System"},{"@Name":"Hashes","#text":"SHA256=6FC3BF1FDFD76860BE782554F8D25BD32F108DB934D70F4253F1E5F23522E503"},{"@Name":"ParentProcessGuid","#text":"dbf410b3-38ed-6809-0b00-000000004100"},{"@Name":"ParentProcessId","#text":"656"},{"@Name":"ParentImage","#text":"C:\\Windows\\System32\\services.exe"},{"@Name":"ParentCommandLine","#text":"C:\\Windows\\system32\\services.exe"},{"@Name":"ParentUser","#text":"NT AUTHORITY\\SYSTEM"}]}}}
{"Event":{"System":{"Provider":{"@Name":"Microsoft-Windows-Sysmon","@Guid":"5770385f-c22a-43e0-bf4c-06f5698ffbd9"},"EventID":"5","Version":"3","Level":"4","Task":"5","Opcode":"0","Keywords":"0x8000000000000000","TimeCreated":{"@SystemTime":"2025-04-23 19:04:04.4908356"},"EventRecordID":"44604","Correlation":null,"Execution":{"@ProcessID":"3244","@ThreadID":"3828"},"Channel":"Microsoft-Windows-Sysmon/Operational","Computer":"Server002","Security":{"@UserID":"S-1-5-18"}},"EventData":{"Data":[{"@Name":"RuleName","#text":"-"},{"@Name":"UtcTime","#text":"2025-04-23 19:04:04.481"},{"@Name":"ProcessGuid","#text":"dbf410b3-399c-6809-6401-000000004100"},{"@Name":"ProcessId","#text":"6320"},{"@Name":"Image","#text":"C:\\Windows\\System32\\svchost.exe"},{"@Name":"User","#text":"NT AUTHORITY\\SYSTEM"}]}}}
{"Event":{"System":{"Provider":{"@Name":"Microsoft-Windows-Sysmon","@Guid":"5770385f-c22a-43e0-bf4c-06f5698ffbd9"},"EventID":"5","Version":"3","Level":"4","Task":"5","Opcode":"0","Keywords":"0x8000000000000000","TimeCreated":{"@SystemTime":"2025-04-23 19:04:04.5123981"},"EventRecordID":"44605","Correlation":null,"Execution":{"@ProcessID":"3244","@ThreadID":"3828"},"Channel":"Microsoft-Windows-Sysmon/Operational","Computer":"Server002","Security":{"@UserID":"S-1-5-18"}},"EventData":{"Data":[{"@Name":"RuleName","#text":"-"},{"@Name":"UtcTime","#text":"2025-04-23 19:04:04.511"},{"@Name":"ProcessGuid","#text":"dbf410b3-39a1-6809-6a01-000000004100"},{"@Name":"ProcessId","#text":"7468"},{"@Name":"Image","#text":"C:\\Windows\\System32\\MusNotifyIcon.exe"},{"@Name":"User","#text":"SERVER002\\lplui"}]}}}
{"Event":{"System":{"Provider":{"@Name":"Microsoft-Windows-Sysmon","@Guid":"5770385f-c22a-43e0-bf4c-06f5698ffbd9"},"EventID":"5","Version":"3","Level":"4","Task":"5","Opcode":"0","Keywords":"0x8000000000000000","TimeCreated":{"@SystemTime":"2025-04-23 19:04:04.6586955"},"EventRecordID":"44606","Correlation":null,"Execution":{"@ProcessID":"3244","@ThreadID":"3828"},"Channel":"Microsoft-Windows-Sysmon/Operational","Computer":"Server002","Security":{"@UserID":"S-1-5-18"}},"EventData":{"Data":[{"@Name":"RuleName","#text":"-"},{"@Name":"UtcTime","#text":"2025-04-23 19:04:04.657"},{"@Name":"ProcessGuid","#text":"dbf410b3-39a1-6809-6801-000000004100"},{"@Name":"ProcessId","#text":"3356"},{"@Name":"Image","#text":"C:\\Windows\\Microsoft.NET\\Framework\\v4.0.30319\\mscorsvw.exe"},{"@Name":"User","#text":"NT AUTHORITY\\SYSTEM"}]}}}
{"Event":{"System":{"Provider":{"@Name":"Microsoft-Windows-Sysmon","@Guid":"5770385f-c22a-43e0-bf4c-06f5698ffbd9"},"EventID":"1","Version":"5","Level":"4","Task":"1","Opcode":"0","Keywords":"0x8000000000000000","TimeCreated":{"@SystemTime":"2025-04-23 19:04:04.6671321"},"EventRecordID":"44607","Correlation":null,"Execution":{"@ProcessID":"3244","@ThreadID":"3828"},"Channel":"Microsoft-Windows-Sysmon/Operational","Computer":"Server002","Security":{"@UserID":"S-1-5-18"}},"EventData":{"Data":[{"@Name":"RuleName","#text":"-"},{"@Name":"UtcTime","#text":"2025-04-23 19:04:04.659"},{"@Name":"ProcessGuid","#text":"dbf410b3-39a4-6809-6d01-000000004100"},{"@Name":"ProcessId","#text":"8236"},{"@Name":"Image","#text":"C:\\Windows\\Microsoft.NET\\Framework\\v4.0.30319\\mscorsvw.exe"},{"@Name":"FileVersion","#text":"4.8.9093.0 built by: NET481REL1LAST_C"},{"@Name":"Description","#text":".NET Runtime Optimization Service"},{"@Name":"Product","#text":"Microsoft® .NET Framework"},{"@Name":"Company","#text":"Microsoft Corporation"},{"@Name":"OriginalFileName","#text":"mscorsvw.exe"},{"@Name":"CommandLine","#text":"C:\\Windows\\Microsoft.NET\\Framework\\v4.0.30319\\mscorsvw.exe -StartupEvent 2f8 -InterruptEvent 0 -NGENProcess 334 -Pipe 328 -Comment \"NGen Worker Process\""},{"@Name":"CurrentDirectory","#text":"C:\\Windows\\system32\\"},{"@Name":"User","#text":"NT AUTHORITY\\SYSTEM"},{"@Name":"LogonGuid","#text":"dbf410b3-38ed-6809-e703-000000000000"},{"@Name":"LogonId","#text":"0x3E7"},{"@Name":"TerminalSessionId","#text":"0"},{"@Name":"IntegrityLevel","#text":"System"},{"@Name":"Hashes","#text":"SHA256=0F5305796FA4135C338C80B8529EEE9C38FFB938BCF89984B0CDC77B9673DD75"},{"@Name":"ParentProcessGuid","#text":"dbf410b3-3938-6809-eb00-000000004100"},{"@Name":"ParentProcessId","#text":"2364"},{"@Name":"ParentImage","#text":"C:\\Windows\\Microsoft.NET\\Framework\\v4.0.30319\\ngen.exe"},{"@Name":"ParentCommandLine","#text":"\"C:\\Windows\\Microsoft.NET\\Framework\\v4.0.30319\\ngen.exe\" ExecuteQueuedItems 2 /LegacyServiceBehavior"},{"@Name":"ParentUser","#text":"NT AUTHORITY\\SYSTEM"}]}}}
{"Event":{"System":{"Provider":{"@Name":"Microsoft-Windows-Sysmon","@Guid":"5770385f-c22a-43e0-bf4c-06f5698ffbd9"},"EventID":"5","Version":"3","Level":"4","Task":"5","Opcode":"0","Keywords":"0x8000000000000000","TimeCreated":{"@SystemTime":"2025-04-23 19:04:04.9409366"},"EventRecordID":"44608","Correlation":null,"Execution":{"@ProcessID":"3244","@ThreadID":"3828"},"Channel":"Microsoft-Windows-Sysmon/Operational","Computer":"Server002","Security":{"@UserID":"S-1-5-18"}},"EventData":{"Data":[{"@Name":"RuleName","#text":"-"},{"@Name":"UtcTime","#text":"2025-04-23 19:04:04.939"},{"@Name":"ProcessGuid","#text":"dbf410b3-39a4-6809-6d01-000000004100"},{"@Name":"ProcessId","#text":"8236"},{"@Name":"Image","#text":"C:\\Windows\\Microsoft.NET\\Framework\\v4.0.30319\\mscorsvw.exe"},{"@Name":"User","#text":"NT AUTHORITY\\SYSTEM"}]}}}
{"Event":{"System":{"Provider":{"@Name":"Microsoft-Windows-Sysmon","@Guid":"5770385f-c22a-43e0-bf4c-06f5698ffbd9"},"EventID":"1","Version":"5","Level":"4","Task":"1","Opcode":"0","Keywords":"0x8000000000000000","TimeCreated":{"@SystemTime":"2025-04-23 19:04:04.9460562"},"EventRecordID":"44609","Correlation":null,"Execution":{"@ProcessID":"3244","@ThreadID":"3828"},"Channel":"Microsoft-Windows-Sysmon/Operational","Computer":"Server002","Security":{"@UserID":"S-1-5-18"}},"EventData":{"Data":[{"@Name":"RuleName","#text":"-"},{"@Name":"UtcTime","#text":"2025-04-23 19:04:04.942"},{"@Name":"ProcessGuid","#text":"dbf410b3-39a4-6809-6e01-000000004100"},{"@Name":"ProcessId","#text":"1368"},{"@Name":"Image","#text":"C:\\Windows\\Microsoft.NET\\Framework\\v4.0.30319\\mscorsvw.exe"},{"@Name":"FileVersion","#text":"4.8.9093.0 built by: NET481REL1LAST_C"},{"@Name":"Description","#text":".NET Runtime Optimization Service"},{"@Name":"Product","#text":"Microsoft® .NET Framework"},{"@Name":"Company","#text":"Microsoft Corporation"},{"@Name":"OriginalFileName","#text":"mscorsvw.exe"},{"@Name":"CommandLine","#text":"C:\\Windows\\Microsoft.NET\\Framework\\v4.0.30319\\mscorsvw.exe -StartupEvent 338 -InterruptEvent 0 -NGENProcess 31c -Pipe 32c -Comment \"NGen Worker Process\""},{"@Name":"CurrentDirectory","#text":"C:\\Windows\\system32\\"},{"@Name":"User","#text":"NT AUTHORITY\\SYSTEM"},{"@Name":"LogonGuid","#text":"dbf410b3-38ed-6809-e703-000000000000"},{"@Name":"LogonId","#text":"0x3E7"},{"@Name":"TerminalSessionId","#text":"0"},{"@Name":"IntegrityLevel","#text":"System"},{"@Name":"Hashes","#text":"SHA256=0F5305796FA4135C338C80B8529EEE9C38FFB938BCF89984B0CDC77B9673DD75"},{"@Name":"ParentProcessGuid","#text":"dbf410b3-3938-6809-eb00-000000004100"},{"@Name":"ParentProcessId","#text":"2364"},{"@Name":"ParentImage","#text":"C:\\Windows\\Microsoft.NET\\Framework\\v4.0.30319\\ngen.exe"},{"@Name":"ParentCommandLine","#text":"\"C:\\Windows\\Microsoft.NET\\Framework\\v4.0.30319\\ngen.exe\" ExecuteQueuedItems 2 /LegacyServiceBehavior"},{"@Name":"ParentUser","#text":"NT AUTHORITY\\SYSTEM"}]}}}
{"Event":{"System":{"Provider":{"@Name":"Microsoft-Windows-Sysmon","@Guid":"5770385f-c22a-43e0-bf4c-06f5698ffbd9"},"EventID":"5","Version":"3","Level":"4","Task":"5","Opcode":"0","Keywords":"0x8000000000000000","TimeCreated":{"@SystemTime":"2025-04-23 19:04:09.8452752"},"EventRecordID":"44610","Correlation":null,"Execution":{"@ProcessID":"3244","@ThreadID":"3828"},"Channel":"Microsoft-Windows-Sysmon/Operational","Computer":"Server002","Security":{"@UserID":"S-1-5-18"}},"EventData":{"Data":[{"@Name":"RuleName","#text":"-"},{"@Name":"UtcTime","#text":"2025-04-23 19:04:09.844"},{"@Name":"ProcessGuid","#text":"dbf410b3-39a4-6809-6e01-000000004100"},{"@Name":"ProcessId","#text":"1368"},{"@Name":"Image","#text":"C:\\Windows\\Microsoft.NET\\Framework\\v4.0.30319\\mscorsvw.exe"},{"@Name":"User","#text":"NT AUTHORITY\\SYSTEM"}]}}}
{"Event":{"System":{"Provider":{"@Name":"Microsoft-Windows-Sysmon","@Guid":"5770385f-c22a-43e0-bf4c-06f5698ffbd9"},"EventID":"1","Version":"5","Level":"4","Task":"1","Opcode":"0","Keywords":"0x8000000000000000","TimeCreated":{"@SystemTime":"2025-04-23 19:04:09.8486743"},"EventRecordID":"44611","Correlation":null,"Execution":{"@ProcessID":"3244","@ThreadID":"3828"},"Channel":"Microsoft-Windows-Sysmon/Operational","Computer":"Server002","Security":{"@UserID":"S-1-5-18"}},"EventData":{"Data":[{"@Name":"RuleName","#text":"-"},{"@Name":"UtcTime","#text":"2025-04-23 19:04:09.847"},{"@Name":"ProcessGuid","#text":"dbf410b3-39a9-6809-6f01-000000004100"},{"@Name":"ProcessId","#text":"3928"},{"@Name":"Image","#text":"C:\\Windows\\Microsoft.NET\\Framework\\v4.0.30319\\mscorsvw.exe"},{"@Name":"FileVersion","#text":"4.8.9093.0 built by: NET481REL1LAST_C"},{"@Name":"Description","#text":".NET Runtime Optimization Service"},{"@Name":"Product","#text":"Microsoft® .NET Framework"},{"@Name":"Company","#text":"Microsoft Corporation"},{"@Name":"OriginalFileName","#text":"mscorsvw.exe"},{"@Name":"CommandLine","#text":"C:\\Windows\\Microsoft.NET\\Framework\\v4.0.30319\\mscorsvw.exe -StartupEvent 31c -InterruptEvent 0 -NGENProcess 350 -Pipe 338 -Comment \"NGen Worker Process\""},{"@Name":"CurrentDirectory","#text":"C:\\Windows\\system32\\"},{"@Name":"User","#text":"NT AUTHORITY\\SYSTEM"},{"@Name":"LogonGuid","#text":"dbf410b3-38ed-6809-e703-000000000000"},{"@Name":"LogonId","#text":"0x3E7"},{"@Name":"TerminalSessionId","#text":"0"},{"@Name":"IntegrityLevel","#text":"System"},{"@Name":"Hashes","#text":"SHA256=0F5305796FA4135C338C80B8529EEE9C38FFB938BCF89984B0CDC77B9673DD75"},{"@Name":"ParentProcessGuid","#text":"dbf410b3-3938-6809-eb00-000000004100"},{"@Name":"ParentProcessId","#text":"2364"},{"@Name":"ParentImage","#text":"C:\\Windows\\Microsoft.NET\\Framework\\v4.0.30319\\ngen.exe"},{"@Name":"ParentCommandLine","#text":"\"C:\\Windows\\Microsoft.NET\\Framework\\v4.0.30319\\ngen.exe\" ExecuteQueuedItems 2 /LegacyServiceBehavior"},{"@Name":"ParentUser","#text":"NT AUTHORITY\\SYSTEM"}]}}}
{"Event":{"System":{"Provider":{"@Name":"Microsoft-Windows-Sysmon","@Guid":"5770385f-c22a-43e0-bf4c-06f5698ffbd9"},"EventID":"5","Version":"3","Level":"4","Task":"5","Opcode":"0","Keywords":"0x8000000000000000","TimeCreated":{"@SystemTime":"2025-04-23 19:04:10.0215205"},"EventRecordID":"44612","Correlation":null,"Execution":{"@ProcessID":"3244","@ThreadID":"3828"},"Channel":"Microsoft-Windows-Sysmon/Operational","Computer":"Server002","Security":{"@UserID":"S-1-5-18"}},"EventData":{"Data":[{"@Name":"RuleName","#text":"-"},{"@Name":"UtcTime","#text":"2025-04-23 19:04:10.020"},{"@Name":"ProcessGuid","#text":"dbf410b3-39a9-6809-6f01-000000004100"},{"@Name":"ProcessId","#text":"3928"},{"@Name":"Image","#text":"C:\\Windows\\Microsoft.NET\\Framework\\v4.0.30319\\mscorsvw.exe"},{"@Name":"User","#text":"NT AUTHORITY\\SYSTEM"}]}}}
