{"Event":{"System":{"Provider":{"@Name":"Microsoft-Windows-Sysmon","@Guid":"5770385f-c22a-43e0-bf4c-06f5698ffbd9"},"EventID":"5","Version":"3","Level":"4","Task":"5","Opcode":"0","Keywords":"0x8000000000000000","TimeCreated":{"@SystemTime":"2025-06-22 21:29:51.6127190"},"EventRecordID":"66271","Correlation":null,"Execution":{"@ProcessID":"3320","@ThreadID":"4124"},"Channel":"Microsoft-Windows-Sysmon/Operational","Computer":"Server002","Security":{"@UserID":"S-1-5-18"}},"EventData":{"Data":[{"@Name":"RuleName","#text":"-"},{"@Name":"UtcTime","#text":"2025-06-22 21:29:51.590"},{"@Name":"ProcessGuid","#text":"dbf410b3-75c8-6858-7903-000000004600"},{"@Name":"ProcessId","#text":"1548"},{"@Name":"Image","#text":"C:\\Program Files\\Microsoft OneDrive\\25.095.0518.0002\\FileCoAuth.exe"},{"@Name":"User","#text":"SERVER002\\lplui"}]}}}
{"Event":{"System":{"Provider":{"@Name":"Microsoft-Windows-Sysmon","@Guid":"5770385f-c22a-43e0-bf4c-06f5698ffbd9"},"EventID":"5","Version":"3","Level":"4","Task":"5","Opcode":"0","Keywords":"0x8000000000000000","TimeCreated":{"@SystemTime":"2025-06-22 21:29:51.9854304"},"EventRecordID":"66272","Correlation":null,"Execution":{"@ProcessID":"3320","@ThreadID":"4124"},"Channel":"Microsoft-Windows-Sysmon/Operational","Computer":"Server002","Security":{"@UserID":"S-1-5-18"}},"EventData":{"Data":[{"@Name":"RuleName","#text":"-"},{"@Name":"UtcTime","#text":"2025-06-22 21:29:51.975"},{"@Name":"ProcessGuid","#text":"dbf410b3-757b-6858-6a03-000000004600"},{"@Name":"ProcessId","#text":"2416"},{"@Name":"Image","#text":"C:\\Windows\\System32\\backgroundTaskHost.exe"},{"@Name":"User","#text":"SERVER002\\lplui"}]}}}
{"Event":{"System":{"Provider":{"@Name":"Microsoft-Windows-Sysmon","@Guid":"5770385f-c22a-43e0-bf4c-06f5698ffbd9"},"EventID":"1","Version":"5","Level":"4","Task":"1","Opcode":"0","Keywords":"0x8000000000000000","TimeCreated":{"@SystemTime":"2025-06-22 21:30:00.2187454"},"EventRecordID":"66273","Correlation":null,"Execution":{"@ProcessID":"3320","@ThreadID":"4124"},"Channel":"Microsoft-Windows-Sysmon/Operational","Computer":"Server002","Security":{"@UserID":"S-1-5-18"}},"EventData":{"Data":[{"@Name":"RuleName","#text":"-"},{"@Name":"UtcTime","#text":"2025-06-22 21:30:00.213"},{"@Name":"ProcessGuid","#text":"dbf410b3-75d8-6858-7a03-000000004600"},{"@Name":"ProcessId","#text":"5268"},{"@Name":"Image","#text":"C:\\Program Files (x86)\\Microsoft Office\\root\\Office16\\SDXHelper.exe"},{"@Name":"FileVersion","#text":"16.0.18827.20150"},{"@Name":"Description","#text":"Microsoft Office SDX Helper"},{"@Name":"Product","#text":"Microsoft Office"},{"@Name":"Company","#text":"Microsoft Corporation"},{"@Name":"OriginalFileName","#text":"SDXHELPER.EXE"},{"@Name":"CommandLine","#text":"\"C:\\Program Files (x86)\\Microsoft Office\\root\\Office16\\sdxhelper.exe\" /prewarm"},{"@Name":"CurrentDirectory","#text":"C:\\Windows\\system32\\"},{"@Name":"User","#text":"SERVER002\\lplui"},{"@Name":"LogonGuid","#text":"dbf410b3-682d-6858-606a-030000000000"},{"@Name":"LogonId","#text":"0x36A60"},{"@Name":"TerminalSessionId","#text":"1"},{"@Name":"IntegrityLevel","#text":"Medium"},{"@Name":"Hashes","#text":"SHA256=F79657734CEC47FBED9B27AA29ED26AACA207C80E9819CA0A8AE5D19265ED3A7"},{"@Name":"ParentProcessGuid","#text":"00000000-0000-0000-0000-000000000000"},{"@Name":"ParentProcessId","#text":"1180"},{"@Name":"ParentImage","#text":"-"},{"@Name":"ParentCommandLine","#text":"-"},{"@Name":"ParentUser","#text":"-"}]}}}
{"Event":{"System":{"Provider":{"@Name":"Microsoft-Windows-Sysmon","@Guid":"5770385f-c22a-43e0-bf4c-06f5698ffbd9"},"EventID":"1","Version":"5","Level":"4","Task":"1","Opcode":"0","Keywords":"0x8000000000000000","TimeCreated":{"@SystemTime":"2025-06-22 21:30:01.6607720"},"EventRecordID":"66274","Correlation":null,"Execution":{"@ProcessID":"3320","@ThreadID":"4124"},"Channel":"Microsoft-Windows-Sysmon/Operational","Computer":"Server002","Security":{"@UserID":"S-1-5-18"}},"EventData":{"Data":[{"@Name":"RuleName","#text":"-"},{"@Name":"UtcTime","#text":"2025-06-22 21:30:01.654"},{"@Name":"ProcessGuid","#text":"dbf410b3-75d9-6858-7b03-000000004600"},{"@Name":"ProcessId","#text":"4468"},{"@Name":"Image","#text":"C:\\Program Files (x86)\\Microsoft Office\\root\\Office16\\SDXHelper.exe"},{"@Name":"FileVersion","#text":"16.0.18827.20150"},{"@Name":"Description","#text":"Microsoft Office SDX Helper"},{"@Name":"Product","#text":"Microsoft Office"},{"@Name":"Company","#text":"Microsoft Corporation"},{"@Name":"OriginalFileName","#text":"SDXHELPER.EXE"},{"@Name":"CommandLine","#text":"\"C:\\Program Files (x86)\\Microsoft Office\\Root\\Office16\\SDXHelper.exe\" -Embedding"},{"@Name":"CurrentDirectory","#text":"C:\\Windows\\system32\\"},{"@Name":"User","#text":"SERVER002\\lplui"},{"@Name":"LogonGuid","#text":"dbf410b3-682d-6858-606a-030000000000"},{"@Name":"LogonId","#text":"0x36A60"},{"@Name":"TerminalSessionId","#text":"1"},{"@Name":"IntegrityLevel","#text":"Medium"},{"@Name":"Hashes","#text":"SHA256=F79657734CEC47FBED9B27AA29ED26AACA207C80E9819CA0A8AE5D19265ED3A7"},{"@Name":"ParentProcessGuid","#text":"00000000-0000-0000-0000-000000000000"},{"@Name":"ParentProcessId","#text":"796"},{"@Name":"ParentImage","#text":"-"},{"@Name":"ParentCommandLine","#text":"-"},{"@Name":"ParentUser","#text":"-"}]}}}
{"Event":{"System":{"Provider":{"@Name":"Microsoft-Windows-Sysmon","@Guid":"5770385f-c22a-43e0-bf4c-06f5698ffbd9"},"EventID":"5","Version":"3","Level":"4","Task":"5","Opcode":"0","Keywords":"0x8000000000000000","TimeCreated":{"@SystemTime":"2025-06-22 21:30:04.2682002"},"EventRecordID":"66275","Correlation":null,"Execution":{"@ProcessID":"3320","@ThreadID":"4124"},"Channel":"Microsoft-Windows-Sysmon/Operational","Computer":"Server002","Security":{"@UserID":"S-1-5-18"}},"EventData":{"Data":[{"@Name":"RuleName","#text":"-"},{"@Name":"UtcTime","#text":"2025-06-22 21:30:04.246"},{"@Name":"ProcessGuid","#text":"dbf410b3-75d8-6858-7a03-000000004600"},{"@Name":"ProcessId","#text":"5268"},{"@Name":"Image","#text":"C:\\Program Files (x86)\\Microsoft Office\\root\\Office16\\SDXHelper.exe"},{"@Name":"User","#text":"SERVER002\\lplui"}]}}}
{"Event":{"System":{"Provider":{"@Name":"Microsoft-Windows-Sysmon","@Guid":"5770385f-c22a-43e0-bf4c-06f5698ffbd9"},"EventID":"1","Version":"5","Level":"4","Task":"1","Opcode":"0","Keywords":"0x8000000000000000","TimeCreated":{"@SystemTime":"2025-06-22 21:30:06.5579879"},"EventRecordID":"66276","Correlation":null,"Execution":{"@ProcessID":"3320","@ThreadID":"4124"},"Channel":"Microsoft-Windows-Sysmon/Operational","Computer":"Server002","Security":{"@UserID":"S-1-5-18"}},"EventData":{"Data":[{"@Name":"RuleName","#text":"-"},{"@Name":"UtcTime","#text":"2025-06-22 21:30:06.553"},{"@Name":"ProcessGuid","#text":"dbf410b3-75de-6858-7c03-000000004600"},{"@Name":"ProcessId","#text":"2516"},{"@Name":"Image","#text":"C:\\Windows\\System32\\svchost.exe"},{"@Name":"FileVersion","#text":"10.0.19041.4355 (WinBuild.160101.0800)"},{"@Name":"Description","#text":"Host Process for Windows Services"},{"@Name":"Product","#text":"Microsoft® Windows® Operating System"},{"@Name":"Company","#text":"Microsoft Corporation"},{"@Name":"OriginalFileName","#text":"svchost.exe"},{"@Name":"CommandLine","#text":"C:\\Windows\\system32\\svchost.exe -k netsvcs -p -s wuauserv"},{"@Name":"CurrentDirectory","#text":"C:\\Windows\\system32\\"},{"@Name":"User","#text":"NT AUTHORITY\\SYSTEM"},{"@Name":"LogonGuid","#text":"dbf410b3-8443-6858-e703-000000000000"},{"@Name":"LogonId","#text":"0x3E7"},{"@Name":"TerminalSessionId","#text":"0"},{"@Name":"IntegrityLevel","#text":"System"},{"@Name":"Hashes","#text":"SHA256=6FC3BF1FDFD76860BE782554F8D25BD32F108DB934D70F4253F1E5F23522E503"},{"@Name":"ParentProcessGuid","#text":"00000000-0000-0000-0000-000000000000"},{"@Name":"ParentProcessId","#text":"676"},{"@Name":"ParentImage","#text":"-"},{"@Name":"ParentCommandLine","#text":"-"},{"@Name":"ParentUser","#text":"-"}]}}}
{"Event":{"System":{"Provider":{"@Name":"Microsoft-Windows-Sysmon","@Guid":"5770385f-c22a-43e0-bf4c-06f5698ffbd9"},"EventID":"1","Version":"5","Level":"4","Task":"1","Opcode":"0","Keywords":"0x8000000000000000","TimeCreated":{"@SystemTime":"2025-06-22 21:30:06.8277735"},"EventRecordID":"66277","Correlation":null,"Execution":{"@ProcessID":"3320","@ThreadID":"4124"},"Channel":"Microsoft-Windows-Sysmon/Operational","Computer":"Server002","Security":{"@UserID":"S-1-5-18"}},"EventData":{"Data":[{"@Name":"RuleName","#text":"-"},{"@Name":"UtcTime","#text":"2025-06-22 21:30:06.822"},{"@Name":"ProcessGuid","#text":"dbf410b3-75de-6858-7d03-000000004600"},{"@Name":"ProcessId","#text":"4652"},{"@Name":"Image","#text":"C:\\Windows\\System32\\wbem\\WmiPrvSE.exe"},{"@Name":"FileVersion","#text":"10.0.19041.3636 (WinBuild.160101.0800)"},{"@Name":"Description","#text":"WMI Provider Host"},{"@Name":"Product","#text":"Microsoft® Windows® Operating System"},{"@Name":"Company","#text":"Microsoft Corporation"},{"@Name":"OriginalFileName","#text":"Wmiprvse.exe"},{"@Name":"CommandLine","#text":"C:\\Windows\\system32\\wbem\\wmiprvse.exe -secured -Embedding"},{"@Name":"CurrentDirectory","#text":"C:\\Windows\\system32\\"},{"@Name":"User","#text":"NT AUTHORITY\\NETWORK SERVICE"},{"@Name":"LogonGuid","#text":"dbf410b3-8444-6858-e403-000000000000"},{"@Name":"LogonId","#text":"0x3E4"},{"@Name":"TerminalSessionId","#text":"0"},{"@Name":"IntegrityLevel","#text":"System"},{"@Name":"Hashes","#text":"SHA256=8BBDEAD7357AF7BF0EFE397F9FD7E0EC578755EB8BDBAA65AE4F28EF00087AD5"},{"@Name":"ParentProcessGuid","#text":"00000000-0000-0000-0000-000000000000"},{"@Name":"ParentProcessId","#text":"796"},{"@Name":"ParentImage","#text":"-"},{"@Name":"ParentCommandLine","#text":"-"},{"@Name":"ParentUser","#text":"-"}]}}}
{"Event":{"System":{"Provider":{"@Name":"Microsoft-Windows-Eventlog","@Guid":"{fc65ddd8-d6ef-4962-83d5-6e5cfe9ce148}"},"EventID":"104","Version":"1","Level":"4","Task":"104","Opcode":"0","Keywords":"0x8000000000000000","TimeCreated":{"@SystemTime":"2024-09-23 12:38:28.8348799"},"EventRecordID":"1298","Correlation":null,"Execution":{"@ProcessID":"1224","@ThreadID":"2840"},"Channel":"System","Computer":"Server002","Security":{"@UserID":"S-1-5-21-3962163828-2803415714-1403596700-1001"}},"UserData":{"LogFileCleared":{"SubjectUserName":"lplui","SubjectDomainName":"SERVER002","Channel":"System","BackupPath":"","ClientProcessId":"0","ClientProcessStartKey":"0"}}}}
{"Event":{"System":{"Provider":{"@Name":"Microsoft-Windows-Eventlog","@Guid":"{fc65ddd8-d6ef-4962-83d5-6e5cfe9ce148}"},"EventID":"104","Version":"1","Level":"4","Task":"104","Opcode":"0","Keywords":"0x8000000000000000","TimeCreated":{"@SystemTime":"2024-09-23 12:38:28.8534981"},"EventRecordID":"1299","Correlation":null,"Execution":{"@ProcessID":"1224","@ThreadID":"2840"},"Channel":"System","Computer":"Server002","Security":{"@UserID":"S-1-5-21-3962163828-2803415714-1403596700-1001"}},"UserData":{"LogFileCleared":{"SubjectUserName":"lplui","SubjectDomainName":"SERVER002","Channel":"Windows PowerShell","BackupPath":"","ClientProcessId":"0","ClientProcessStartKey":"0"}}}}
{"Event":{"System":{"Provider":{"@Name":"Microsoft-Windows-Eventlog","@Guid":"{fc65ddd8-d6ef-4962-83d5-6e5cfe9ce148}"},"EventID":"104","Version":"1","Level":"4","Task":"104","Opcode":"0","Keywords":"0x8000000000000000","TimeCreated":{"@SystemTime":"2024-09-23 12:42:42.3479610"},"EventRecordID":"1300","Correlation":null,"Execution":{"@ProcessID":"1224","@ThreadID":"872"},"Channel":"System","Computer":"Server002","Security":{"@UserID":"S-1-5-21-3962163828-2803415714-1403596700-1001"}},"UserData":{"LogFileCleared":{"SubjectUserName":"lplui","SubjectDomainName":"SERVER002","Channel":"Microsoft-Windows-Sysmon/Operational","BackupPath":"","ClientProcessId":"8708","ClientProcessStartKey":"5348024557503104"}}}}
{"Event":{"System":{"Provider":{"@Name":"Microsoft-Windows-Kernel-General","@Guid":"a68ca8b7-004f-d7b6-a698-07e2de0f1f5d"},"EventID":"12","Version":"0","Level":"4","Task":"1","Opcode":"0","Keywords":"0x8000000000000080","TimeCreated":{"@SystemTime":"2024-09-23 15:08:48.2080152"},"EventRecordID":"1301","Correlation":null,"Execution":{"@ProcessID":"4","@ThreadID":"8"},"Channel":"System","Computer":"Server002","Security":{"@UserID":"S-1-5-18"}},"EventData":{"Data":[{"@Name":"MajorVersion","#text":"10"},{"@Name":"MinorVersion","#text":"0"},{"@Name":"BuildVersion","#text":"19041"},{"@Name":"QfeVersion","#text":"2965"},{"@Name":"ServiceVersion","#text":"0"},{"@Name":"BootMode","#text":"0"},{"@Name":"StartTime","#text":"2024-09-23 15:08:47.5000000"}]}}}
{"Event":{"System":{"Provider":{"@Name":"Microsoft-Windows-Kernel-Boot","@Guid":"15ca44ff-4d7a-4baa-bba5-0998955e531e"},"EventID":"153","Version":"0","Level":"4","Task":"62","Opcode":"0","Keywords":"0x8000000000000000","TimeCreated":{"@SystemTime":"2024-09-23 15:08:48.2080430"},"EventRecordID":"1302","Correlation":null,"Execution":{"@ProcessID":"4","@ThreadID":"8"},"Channel":"System","Computer":"Server002","Security":{"@UserID":"S-1-5-18"}},"EventData":{"Data":[{"@Name":"Status","#text":"0"},{"@Name":"EnableDisableReason","#text":"0"},{"@Name":"VsmPolicy","#text":"0"}]}}}
{"Event":{"System":{"Provider":{"@Name":"Microsoft-Windows-Kernel-Boot","@Guid":"15ca44ff-4d7a-4baa-bba5-0998955e531e"},"EventID":"20","Version":"1","Level":"4","Task":"31","Opcode":"0","Keywords":"0x8000000000000000","TimeCreated":{"@SystemTime":"2024-09-23 15:08:48.2082350"},"EventRecordID":"1303","Correlation":null,"Execution":{"@ProcessID":"4","@ThreadID":"8"},"Channel":"System","Computer":"Server002","Security":{"@UserID":"S-1-5-18"}},"EventData":{"Data":[{"@Name":"LastShutdownGood","#text":"False"},{"@Name":"LastBootGood","#text":"True"},{"@Name":"LastBootId","#text":"20"},{"@Name":"BootStatusPolicy","#text":"2"}]}}}
{"Event":{"System":{"Provider":{"@Name":"Microsoft-Windows-Kernel-Boot","@Guid":"15ca44ff-4d7a-4baa-bba5-0998955e531e"},"EventID":"25","Version":"0","Level":"4","Task":"32","Opcode":"0","Keywords":"0x8000000000000000","TimeCreated":{"@SystemTime":"2024-09-23 15:08:48.2082948"},"EventRecordID":"1304","Correlation":null,"Execution":{"@ProcessID":"4","@ThreadID":"8"},"Channel":"System","Computer":"Server002","Security":{"@UserID":"S-1-5-18"}},"EventData":{"Data":{"@Name":"BootMenuPolicy","#text":"1"}}}}
{"Event":{"System":{"Provider":{"@Name":"Microsoft-Windows-Kernel-Boot","@Guid":"15ca44ff-4d7a-4baa-bba5-0998955e531e"},"EventID":"27","Version":"1","Level":"4","Task":"33","Opcode":"0","Keywords":"0x8000000000000000","TimeCreated":{"@SystemTime":"2024-09-23 15:08:48.2082952"},"EventRecordID":"1305","Correlation":null,"Execution":{"@ProcessID":"4","@ThreadID":"8"},"Channel":"System","Computer":"Server002","Security":{"@UserID":"S-1-5-18"}},"EventData":{"Data":[{"@Name":"BootType","#text":"0"},{"@Name":"LoadOptions","#text":" NOEXECUTE=OPTIN"}]}}}
{"Event":{"System":{"Provider":{"@Name":"Microsoft-Windows-Kernel-Boot","@Guid":"15ca44ff-4d7a-4baa-bba5-0998955e531e"},"EventID":"18","Version":"0","Level":"4","Task":"57","Opcode":"0","Keywords":"0x8000000000000000","TimeCreated":{"@SystemTime":"2024-09-23 15:08:48.2082995"},"EventRecordID":"1306","Correlation":null,"Execution":{"@ProcessID":"4","@ThreadID":"8"},"Channel":"System","Computer":"Server002","Security":{"@UserID":"S-1-5-18"}},"EventData":{"Data":{"@Name":"EntryCount","#text":"1"}}}}
{"Event":{"System":{"Provider":{"@Name":"Microsoft-Windows-Kernel-Boot","@Guid":"15ca44ff-4d7a-4baa-bba5-0998955e531e"},"EventID":"32","Version":"0","Level":"4","Task":"58","Opcode":"0","Keywords":"0x8000000000000000","TimeCreated":{"@SystemTime":"2024-09-23 15:08:48.2083183"},"EventRecordID":"1307","Correlation":null,"Execution":{"@ProcessID":"4","@ThreadID":"8"},"Channel":"System","Computer":"Server002","Security":{"@UserID":"S-1-5-18"}},"EventData":{"Data":{"@Name":"BitlockerUserInputTime","#text":"0"}}}}
{"Event":{"System":{"Provider":{"@Name":"Microsoft-Windows-Kernel-General","@Guid":"a68ca8b7-004f-d7b6-a698-07e2de0f1f5d"},"EventID":"20","Version":"0","Level":"4","Task":"6","Opcode":"0","Keywords":"0x8000000000000010","TimeCreated":{"@SystemTime":"2024-09-23 15:08:48.2108842"},"EventRecordID":"1308","Correlation":null,"Execution":{"@ProcessID":"4","@ThreadID":"8"},"Channel":"System","Computer":"Server002","Security":{"@UserID":"S-1-5-18"}},"EventData":{"Data":[{"@Name":"UpdateReason","#text":"0"},{"@Name":"EnabledNew","#text":"True"},{"@Name":"CountNew","#text":"0"},{"@Name":"CountOld","#text":"0"}]}}}
{"Event":{"System":{"Provider":{"@Name":"EventLog"},"EventID":{"@Qualifiers":"32768","#text":"6008"},"Version":"0","Level":"2","Task":"0","Opcode":"0","Keywords":"0x80000000000000","TimeCreated":{"@SystemTime":"2024-09-23 15:09:00.2489796"},"EventRecordID":"1309","Correlation":null,"Execution":{"@ProcessID":"0","@ThreadID":"0"},"Channel":"System","Computer":"Server002","Security":null},"EventData":{"Data":"16:03:30, ‎23/‎09/‎2024, 13","Binary":"E8-07-09-00-01-00-17-00-10-00-03-00-1E-00-3C-03-E8-07-09-00-01-00-17-00-0F-00-03-00-1E-00-3C-03-3C-00-00-00-3C-00-00-00-00-00-00-00-00-00-00-00-00-00-00-00-00-00-00-00-01-00-00-00-00-00-00-00"}}}
{"Event":{"System":{"Provider":{"@Name":"EventLog"},"EventID":{"@Qualifiers":"32768","#text":"6009"},"Version":"0","Level":"4","Task":"0","Opcode":"0","Keywords":"0x80000000000000","TimeCreated":{"@SystemTime":"2024-09-23 15:09:00.2489796"},"EventRecordID":"1310","Correlation":null,"Execution":{"@ProcessID":"0","@ThreadID":"0"},"Channel":"System","Computer":"Server002","Security":null},"EventData":{"Data":"10.00., 19045, Multiprocessor Free, 0","Binary":""}}}
{"Event":{"System":{"Provider":{"@Name":"EventLog"},"EventID":{"@Qualifiers":"32768","#text":"6005"},"Version":"0","Level":"4","Task":"0","Opcode":"0","Keywords":"0x80000000000000","TimeCreated":{"@SystemTime":"2024-09-23 15:09:00.2489796"},"EventRecordID":"1311","Correlation":null,"Execution":{"@ProcessID":"0","@ThreadID":"0"},"Channel":"System","Computer":"Server002","Security":null},"EventData":{"Data":"","Binary":"E8-07-09-00-01-00-17-00-0F-00-09-00-00-00-F8-00-00-00-00-00-00-00-00-00"}}}
{"Event":{"System":{"Provider":{"@Name":"EventLog"},"EventID":{"@Qualifiers":"32768","#text":"6013"},"Version":"0","Level":"4","Task":"0","Opcode":"0","Keywords":"0x80000000000000","TimeCreated":{"@SystemTime":"2024-09-23 15:09:00.2489796"},"EventRecordID":"1312","Correlation":null,"Execution":{"@ProcessID":"0","@ThreadID":"0"},"Channel":"System","Computer":"Server002","Security":null},"EventData":{"Data":"12, 60, 0 GMT Standard Time","Binary":"31-00-2E-00-31-00-00-00-30-00-00-00-57-00-69-00-6E-00-64-00-6F-00-77-00-73-00-20-00-31-00-30-00-20-00-48-00-6F-00-6D-00-65-00-00-00-31-00-30-00-2E-00-30-00-2E-00-31-00-39-00-30-00-34-00-35-00-20-00-42-00-75-00-69-00-6C-00-64-00-20-00-31-00-39-00-30-00-34-00-35-00-20-00-20-00-00-00-4D-00-75-00-6C-00-74-00-69-00-70-00-72-00-6F-00-63-00-65-00-73-00-73-00-6F-00-72-00-20-00-46-00-72-00-65-00-65-00-00-00-31-00-39-00-30-00-34-00-31-00-2E-00-76-00-62-00-5F-00-72-00-65-00-6C-00-65-00-61-00-73-00-65-00-2E-00-31-00-39-00-31-00-32-00-30-00-36-00-2D-00-31-00-34-00-30-00-36-00-00-00-36-00-36-00-37-00-64-00-37-00-35-00-64-00-33-00-00-00-4E-00-6F-00-74-00-20-00-41-00-76-00-61-00-69-00-6C-00-61-00-62-00-6C-00-65-00-00-00-4E-00-6F-00-74-00-20-00-41-00-76-00-61-00-69-00-6C-00-61-00-62-00-6C-00-65-00-00-00-39-00-00-00-32-00-00-00-34-00-30-00-39-00-36-00-00-00-38-00-30-00-39-00-00-00-53-00-65-00-72-00-76-00-65-00-72-00-30-00-30-00-32-00-00-00-00-00"}}}
{"Event":{"System":{"Provider":{"@Name":"Microsoft-Windows-HAL","@Guid":"63d1e632-95cc-4443-9312-af927761d52a"},"EventID":"16","Version":"0","Level":"4","Task":"0","Opcode":"0","Keywords":"0x8000000000000000","TimeCreated":{"@SystemTime":"2024-09-23 15:08:48.2923537"},"EventRecordID":"1313","Correlation":null,"Execution":{"@ProcessID":"4","@ThreadID":"8"},"Channel":"System","Computer":"Server002","Security":{"@UserID":"S-1-5-18"}},"EventData":""}}
{"Event":{"System":{"Provider":{"@Name":"Microsoft-Windows-FilterManager","@Guid":"f3c5e28e-63f6-49c7-a204-e48a1bc4b09d"},"EventID":"6","Version":"0","Level":"4","Task":"0","Opcode":"0","Keywords":"0x8000000000000000","TimeCreated":{"@SystemTime":"2024-09-23 15:08:48.4677927"},"EventRecordID":"1314","Correlation":null,"Execution":{"@ProcessID":"4","@ThreadID":"8"},"Channel":"System","Computer":"Server002","Security":{"@UserID":"S-1-5-18"}},"EventData":{"Data":[{"@Name":"FinalStatus","#text":"0x0"},{"@Name":"DeviceVersionMajor","#text":"10"},{"@Name":"DeviceVersionMinor","#text":"0"},{"@Name":"DeviceNameLength","#text":"8"},{"@Name":"DeviceName","#text":"FileInfo"},{"@Name":"DeviceTime","#text":"2062-12-23 06:21:06.0000000"}]}}}
{"Event":{"System":{"Provider":{"@Name":"Microsoft-Windows-FilterManager","@Guid":"f3c5e28e-63f6-49c7-a204-e48a1bc4b09d"},"EventID":"6","Version":"0","Level":"4","Task":"0","Opcode":"0","Keywords":"0x8000000000000000","TimeCreated":{"@SystemTime":"2024-09-23 15:08:48.4682724"},"EventRecordID":"1315","Correlation":null,"Execution":{"@ProcessID":"4","@ThreadID":"8"},"Channel":"System","Computer":"Server002","Security":{"@UserID":"S-1-5-18"}},"EventData":{"Data":[{"@Name":"FinalStatus","#text":"0x0"},{"@Name":"DeviceVersionMajor","#text":"10"},{"@Name":"DeviceVersionMinor","#text":"0"},{"@Name":"DeviceNameLength","#text":"3"},{"@Name":"DeviceName","#text":"Wof"},{"@Name":"DeviceTime","#text":"2023-04-23 03:17:53.0000000"}]}}}
{"Event":{"System":{"Provider":{"@Name":"Microsoft-Windows-FilterManager","@Guid":"f3c5e28e-63f6-49c7-a204-e48a1bc4b09d"},"EventID":"6","Version":"0","Level":"4","Task":"0","Opcode":"0","Keywords":"0x8000000000000000","TimeCreated":{"@SystemTime":"2024-09-23 15:08:48.4690929"},"EventRecordID":"1316","Correlation":null,"Execution":{"@ProcessID":"4","@ThreadID":"8"},"Channel":"System","Computer":"Server002","Security":{"@UserID":"S-1-5-18"}},"EventData":{"Data":[{"@Name":"FinalStatus","#text":"0x0"},{"@Name":"DeviceVersionMajor","#text":"10"},{"@Name":"DeviceVersionMinor","#text":"0"},{"@Name":"DeviceNameLength","#text":"8"},{"@Name":"DeviceName","#text":"WdFilter"},{"@Name":"DeviceTime","#text":"1993-12-21 16:29:16.0000000"}]}}}
{"Event":{"System":{"Provider":{"@Name":"Microsoft-Windows-FilterManager","@Guid":"f3c5e28e-63f6-49c7-a204-e48a1bc4b09d"},"EventID":"6","Version":"0","Level":"4","Task":"0","Opcode":"0","Keywords":"0x8000000000000000","TimeCreated":{"@SystemTime":"2024-09-23 15:08:48.4982733"},"EventRecordID":"1317","Correlation":null,"Execution":{"@ProcessID":"4","@ThreadID":"8"},"Channel":"System","Computer":"Server002","Security":{"@UserID":"S-1-5-18"}},"EventData":{"Data":[{"@Name":"FinalStatus","#text":"0x0"},{"@Name":"DeviceVersionMajor","#text":"0"},{"@Name":"DeviceVersionMinor","#text":"0"},{"@Name":"DeviceNameLength","#text":"9"},{"@Name":"DeviceName","#text":"SysmonDrv"},{"@Name":"DeviceTime","#text":"2024-07-22 16:29:55.0000000"}]}}}
{"Event":{"System":{"Provider":{"@Name":"Microsoft-Windows-Ntfs","@Guid":"3ff37a1c-a68d-4d6e-8c9b-f79e8b16c482"},"EventID":"98","Version":"0","Level":"4","Task":"0","Opcode":"0","Keywords":"0x8000000000000002","TimeCreated":{"@SystemTime":"2024-09-23 15:08:49.5027898"},"EventRecordID":"1318","Correlation":null,"Execution":{"@ProcessID":"4","@ThreadID":"268"},"Channel":"System","Computer":"Server002","Security":{"@UserID":"S-1-5-18"}},"EventData":{"Data":[{"@Name":"DriveName","#text":"C:"},{"@Name":"DeviceName","#text":"\\Device\\HarddiskVolume2"},{"@Name":"CorruptionActionState","#text":"0"}]}}}
{"Event":{"System":{"Provider":{"@Name":"Microsoft-Windows-FilterManager","@Guid":"f3c5e28e-63f6-49c7-a204-e48a1bc4b09d"},"EventID":"6","Version":"0","Level":"4","Task":"0","Opcode":"0","Keywords":"0x8000000000000000","TimeCreated":{"@SystemTime":"2024-09-23 15:08:49.6741505"},"EventRecordID":"1319","Correlation":null,"Execution":{"@ProcessID":"4","@ThreadID":"8"},"Channel":"System","Computer":"Server002","Security":{"@UserID":"S-1-5-18"}},"EventData":{"Data":[{"@Name":"FinalStatus","#text":"0x0"},{"@Name":"DeviceVersionMajor","#text":"10"},{"@Name":"DeviceVersionMinor","#text":"0"},{"@Name":"DeviceNameLength","#text":"9"},{"@Name":"DeviceName","#text":"FileCrypt"},{"@Name":"DeviceTime","#text":"2002-03-01 12:12:42.0000000"}]}}}
{"Event":{"System":{"Provider":{"@Name":"Microsoft-Windows-FilterManager","@Guid":"f3c5e28e-63f6-49c7-a204-e48a1bc4b09d"},"EventID":"6","Version":"0","Level":"4","Task":"0","Opcode":"0","Keywords":"0x8000000000000000","TimeCreated":{"@SystemTime":"2024-09-23 15:08:49.9697862"},"EventRecordID":"1320","Correlation":null,"Execution":{"@ProcessID":"4","@ThreadID":"8"},"Channel":"System","Computer":"Server002","Security":{"@UserID":"S-1-5-18"}},"EventData":{"Data":[{"@Name":"FinalStatus","#text":"0x0"},{"@Name":"DeviceVersionMajor","#text":"10"},{"@Name":"DeviceVersionMinor","#text":"0"},{"@Name":"DeviceNameLength","#text":"9"},{"@Name":"DeviceName","#text":"npsvctrig"},{"@Name":"DeviceTime","#text":"2025-01-06 03:41:12.0000000"}]}}}
{"Event":{"System":{"Provider":{"@Name":"Microsoft-Windows-Ntfs","@Guid":"3ff37a1c-a68d-4d6e-8c9b-f79e8b16c482"},"EventID":"98","Version":"0","Level":"4","Task":"0","Opcode":"0","Keywords":"0x8000000000000002","TimeCreated":{"@SystemTime":"2024-09-23 15:08:50.0357649"},"EventRecordID":"1321","Correlation":null,"Execution":{"@ProcessID":"4","@ThreadID":"268"},"Channel":"System","Computer":"Server002","Security":{"@UserID":"S-1-5-18"}},"EventData":{"Data":[{"@Name":"DriveName","#text":"\\\\?\\Volume{8c181ea3-0000-0000-0000-100000000000}"},{"@Name":"DeviceName","#text":"\\Device\\HarddiskVolume1"},{"@Name":"CorruptionActionState","#text":"0"}]}}}
{"Event":{"System":{"Provider":{"@Name":"Microsoft-Windows-Kernel-Power","@Guid":"331c3b3a-2005-44c2-ac5e-77220c37d6b4"},"EventID":"41","Version":"8","Level":"1","Task":"63","Opcode":"0","Keywords":"0x8000400000000002","TimeCreated":{"@SystemTime":"2024-09-23 15:08:50.1088018"},"EventRecordID":"1322","Correlation":null,"Execution":{"@ProcessID":"4","@ThreadID":"8"},"Channel":"System","Computer":"Server002","Security":{"@UserID":"S-1-5-18"}},"EventData":{"Data":[{"@Name":"BugcheckCode","#text":"0"},{"@Name":"BugcheckParameter1","#text":"0x0"},{"@Name":"BugcheckParameter2","#text":"0x0"},{"@Name":"BugcheckParameter3","#text":"0x0"},{"@Name":"BugcheckParameter4","#text":"0x0"},{"@Name":"SleepInProgress","#text":"0"},{"@Name":"PowerButtonTimestamp","#text":"0"},{"@Name":"BootAppStatus","#text":"0"},{"@Name":"Checkpoint","#text":"0"},{"@Name":"ConnectedStandbyInProgress","#text":"False"},{"@Name":"SystemSleepTransitionsToOn","#text":"0"},{"@Name":"CsEntryScenarioInstanceId","#text":"0"},{"@Name":"BugcheckInfoFromEFI","#text":"False"},{"@Name":"CheckpointStatus","#text":"0"},{"@Name":"CsEntryScenarioInstanceIdV2","#text":"0"},{"@Name":"LongPowerButtonPressDetected","#text":"False"}]}}}
{"Event":{"System":{"Provider":{"@Name":"Microsoft-Windows-Kernel-Power","@Guid":"331c3b3a-2005-44c2-ac5e-77220c37d6b4"},"EventID":"172","Version":"0","Level":"4","Task":"203","Opcode":"0","Keywords":"0x8000000000000404","TimeCreated":{"@SystemTime":"2024-09-23 15:08:50.1152631"},"EventRecordID":"1323","Correlation":null,"Execution":{"@ProcessID":"4","@ThreadID":"336"},"Channel":"System","Computer":"Server002","Security":{"@UserID":"S-1-5-18"}},"EventData":{"Data":[{"@Name":"State","#text":"2"},{"@Name":"Reason","#text":"6"}]}}}
{"Event":{"System":{"Provider":{"@Name":"Microsoft-Windows-Kernel-Processor-Power","@Guid":"0f67e49f-fe51-4e9f-b490-6f2948cc6027"},"EventID":"55","Version":"0","Level":"4","Task":"47","Opcode":"0","Keywords":"0x8000000000000000","TimeCreated":{"@SystemTime":"2024-09-23 15:08:51.0338101"},"EventRecordID":"1324","Correlation":null,"Execution":{"@ProcessID":"4","@ThreadID":"268"},"Channel":"System","Computer":"Server002","Security":{"@UserID":"S-1-5-18"}},"EventData":{"Data":[{"@Name":"Group","#text":"0"},{"@Name":"Number","#text":"0"},{"@Name":"IdleStateCount","#text":"1"},{"@Name":"IdleImplementation","#text":"1"},{"@Name":"NominalFrequency","#text":"2419"},{"@Name":"MaximumPerformancePercent","#text":"100"},{"@Name":"MinimumPerformancePercent","#text":"100"},{"@Name":"MinimumThrottlePercent","#text":"100"},{"@Name":"PerformanceImplementation","#text":"0"}]}}}
{"Event":{"System":{"Provider":{"@Name":"Microsoft-Windows-Kernel-Processor-Power","@Guid":"0f67e49f-fe51-4e9f-b490-6f2948cc6027"},"EventID":"55","Version":"0","Level":"4","Task":"47","Opcode":"0","Keywords":"0x8000000000000000","TimeCreated":{"@SystemTime":"2024-09-23 15:08:51.0373334"},"EventRecordID":"1325","Correlation":null,"Execution":{"@ProcessID":"4","@ThreadID":"268"},"Channel":"System","Computer":"Server002","Security":{"@UserID":"S-1-5-18"}},"EventData":{"Data":[{"@Name":"Group","#text":"0"},{"@Name":"Number","#text":"1"},{"@Name":"IdleStateCount","#text":"1"},{"@Name":"IdleImplementation","#text":"1"},{"@Name":"NominalFrequency","#text":"2419"},{"@Name":"MaximumPerformancePercent","#text":"100"},{"@Name":"MinimumPerformancePercent","#text":"100"},{"@Name":"MinimumThrottlePercent","#text":"100"},{"@Name":"PerformanceImplementation","#text":"0"}]}}}
{"Event":{"System":{"Provider":{"@Name":"Microsoft-Windows-Kernel-Power","@Guid":"331c3b3a-2005-44c2-ac5e-77220c37d6b4"},"EventID":"521","Version":"0","Level":"4","Task":"220","Opcode":"0","Keywords":"0x8000000000000404","TimeCreated":{"@SystemTime":"2024-09-23 15:08:51.1155047"},"EventRecordID":"1326","Correlation":null,"Execution":{"@ProcessID":"4","@ThreadID":"336"},"Channel":"System","Computer":"Server002","Security":{"@UserID":"S-1-5-18"}},"EventData":{"Data":[{"@Name":"ValidBatteryCount","#text":"1"},{"@Name":"ErrorBatteryCount","#text":"0"},{"@Name":"AbandonedBatteryCount","#text":"0"}]}}}
{"Event":{"System":{"Provider":{"@Name":"Microsoft-Windows-Ntfs","@Guid":"3ff37a1c-a68d-4d6e-8c9b-f79e8b16c482"},"EventID":"98","Version":"0","Level":"4","Task":"0","Opcode":"0","Keywords":"0x8000000000000002","TimeCreated":{"@SystemTime":"2024-09-23 15:08:56.4598295"},"EventRecordID":"1327","Correlation":null,"Execution":{"@ProcessID":"4","@ThreadID":"32"},"Channel":"System","Computer":"Server002","Security":{"@UserID":"S-1-5-18"}},"EventData":{"Data":[{"@Name":"DriveName","#text":"\\\\?\\Volume{8c181ea3-0000-0000-0000-c05e0c000000}"},{"@Name":"DeviceName","#text":"\\Device\\HarddiskVolume3"},{"@Name":"CorruptionActionState","#text":"0"}]}}}
{"Event":{"System":{"Provider":{"@Name":"Microsoft-Windows-Kernel-General","@Guid":"a68ca8b7-004f-d7b6-a698-07e2de0f1f5d"},"EventID":"24","Version":"0","Level":"4","Task":"11","Opcode":"0","Keywords":"0x8000000000000010","TimeCreated":{"@SystemTime":"2024-09-23 15:08:57.4790243"},"EventRecordID":"1328","Correlation":null,"Execution":{"@ProcessID":"92","@ThreadID":"424"},"Channel":"System","Computer":"Server002","Security":{"@UserID":"S-1-5-18"}},"EventData":{"Data":[{"@Name":"ExitReason","#text":"0"},{"@Name":"CurrentBias","#text":"-60"},{"@Name":"CurrentTimeZoneID","#text":"2"},{"@Name":"TimeZoneInfoCacheUpdated","#text":"0"},{"@Name":"FirstRefresh","#text":"0"}]}}}
{"Event":{"System":{"Provider":{"@Name":"Microsoft-Windows-Wininit","@Guid":"206f6dea-d3c5-4d10-bc72-989f03c8b84b"},"EventID":"14","Version":"0","Level":"4","Task":"0","Opcode":"0","Keywords":"0x4000000000000000","TimeCreated":{"@SystemTime":"2024-09-23 15:08:58.3738532"},"EventRecordID":"1329","Correlation":null,"Execution":{"@ProcessID":"524","@ThreadID":"528"},"Channel":"System","Computer":"Server002","Security":{"@UserID":"S-1-5-18"}},"EventData":{"Data":[{"@Name":"Config","#text":"0"},{"@Name":"IsTestConfig","#text":"0"}]}}}
{"Event":{"System":{"Provider":{"@Name":"Microsoft-Windows-Directory-Services-SAM","@Guid":"0d4fdc09-8c27-494a-bda0-505e4fd8adae"},"EventID":"16962","Version":"0","Level":"4","Task":"0","Opcode":"0","Keywords":"0x8000000000000000","TimeCreated":{"@SystemTime":"2024-09-23 15:08:59.0019107"},"EventRecordID":"1330","Correlation":{"@ActivityID":"7db96623-0dca-0000-7c66-b97dca0ddb01"},"Execution":{"@ProcessID":"680","@ThreadID":"684"},"Channel":"System","Computer":"Server002","Security":{"@UserID":"S-1-5-18"}},"EventData":{"@Name":"SAMMSG_RESTRICT_REMOTE_SAM_DEFAULT_SD","Data":{"@Name":"Default SD String:","#text":"O:SYG:SYD:(A;;RC;;;BA)"}}}}
{"Event":{"System":{"Provider":{"@Name":"Microsoft-Windows-Directory-Services-SAM","@Guid":"0d4fdc09-8c27-494a-bda0-505e4fd8adae"},"EventID":"16977","Version":"0","Level":"4","Task":"0","Opcode":"0","Keywords":"0x8000000000000000","TimeCreated":{"@SystemTime":"2024-09-23 15:08:59.0194831"},"EventRecordID":"1331","Correlation":{"@ActivityID":"7db96623-0dca-0000-7c66-b97dca0ddb01"},"Execution":{"@ProcessID":"680","@ThreadID":"684"},"Channel":"System","Computer":"Server002","Security":{"@UserID":"S-1-5-18"}},"EventData":{"@Name":"SAMMSG_MINPWDLEN_SETTINGS_IN_EFFECT","Data":[{"@Name":"MinimumPasswordLength","#text":"0"},{"@Name":"RelaxMinimumPasswordLengthLimits","#text":"0"},{"@Name":"MinimumPasswordLengthAudit","#text":"-1"}]}}}
{"Event":{"System":{"Provider":{"@Name":"Microsoft-Windows-Directory-Services-SAM","@Guid":"0d4fdc09-8c27-494a-bda0-505e4fd8adae"},"EventID":"16983","Version":"0","Level":"4","Task":"0","Opcode":"0","Keywords":"0x8000000000000000","TimeCreated":{"@SystemTime":"2024-09-23 15:08:59.0194882"},"EventRecordID":"1332","Correlation":{"@ActivityID":"7db96623-0dca-0000-7c66-b97dca0ddb01"},"Execution":{"@ProcessID":"680","@ThreadID":"684"},"Channel":"System","Computer":"Server002","Security":{"@UserID":"S-1-5-18"}},"EventData":{"@Name":"SAMMSG_AUDIT_LEGACY_PWD_RPC_METHODS_OFF"}}}
{"Event":{"System":{"Provider":{"@Name":"Microsoft-Windows-Dhcp-Client","@Guid":"15a7a4f8-0072-4eab-abad-f98a4d666aed"},"EventID":"50036","Version":"0","Level":"4","Task":"4","Opcode":"68","Keywords":"0x2000000000000000","TimeCreated":{"@SystemTime":"2024-09-23 15:09:00.4329353"},"EventRecordID":"1333","Correlation":null,"Execution":{"@ProcessID":"1420","@ThreadID":"1472"},"Channel":"System","Computer":"Server002","Security":{"@UserID":"S-1-5-19"}},"EventData":""}}
{"Event":{"System":{"Provider":{"@Name":"Microsoft-Windows-Dhcp-Client","@Guid":"15a7a4f8-0072-4eab-abad-f98a4d666aed"},"EventID":"50103","Version":"0","Level":"4","Task":"4","Opcode":"129","Keywords":"0x2000000000000000","TimeCreated":{"@SystemTime":"2024-09-23 15:09:00.4329677"},"EventRecordID":"1334","Correlation":null,"Execution":{"@ProcessID":"1420","@ThreadID":"1472"},"Channel":"System","Computer":"Server002","Security":{"@UserID":"S-1-5-19"}},"EventData":""}}
{"Event":{"System":{"Provider":{"@Name":"Microsoft-Windows-DHCPv6-Client","@Guid":"6a1f2b00-6a90-4c38-95a5-5cab3b056778"},"EventID":"51046","Version":"0","Level":"4","Task":"4","Opcode":"62","Keywords":"0x2000000000000000","TimeCreated":{"@SystemTime":"2024-09-23 15:09:00.4799940"},"EventRecordID":"1335","Correlation":null,"Execution":{"@ProcessID":"1420","@ThreadID":"1520"},"Channel":"System","Computer":"Server002","Security":{"@UserID":"S-1-5-19"}},"EventData":""}}
{"Event":{"System":{"Provider":{"@Name":"Microsoft-Windows-FilterManager","@Guid":"f3c5e28e-63f6-49c7-a204-e48a1bc4b09d"},"EventID":"6","Version":"0","Level":"4","Task":"0","Opcode":"0","Keywords":"0x8000000000000000","TimeCreated":{"@SystemTime":"2024-09-23 15:09:00.6033572"},"EventRecordID":"1336","Correlation":null,"Execution":{"@ProcessID":"4","@ThreadID":"428"},"Channel":"System","Computer":"Server002","Security":{"@UserID":"S-1-5-18"}},"EventData":{"Data":[{"@Name":"FinalStatus","#text":"0x0"},{"@Name":"DeviceVersionMajor","#text":"10"},{"@Name":"DeviceVersionMinor","#text":"0"},{"@Name":"DeviceNameLength","#text":"5"},{"@Name":"DeviceName","#text":"luafv"},{"@Name":"DeviceTime","#text":"1986-08-13 21:58:59.0000000"}]}}}
{"Event":{"System":{"Provider":{"@Name":"Microsoft-Windows-FilterManager","@Guid":"f3c5e28e-63f6-49c7-a204-e48a1bc4b09d"},"EventID":"6","Version":"0","Level":"4","Task":"0","Opcode":"0","Keywords":"0x8000000000000000","TimeCreated":{"@SystemTime":"2024-09-23 15:09:00.6175103"},"EventRecordID":"1337","Correlation":null,"Execution":{"@ProcessID":"4","@ThreadID":"356"},"Channel":"System","Computer":"Server002","Security":{"@UserID":"S-1-5-18"}},"EventData":{"Data":[{"@Name":"FinalStatus","#text":"0x0"},{"@Name":"DeviceVersionMajor","#text":"10"},{"@Name":"DeviceVersionMinor","#text":"0"},{"@Name":"DeviceNameLength","#text":"5"},{"@Name":"DeviceName","#text":"wcifs"},{"@Name":"DeviceTime","#text":"2102-01-13 06:06:12.0000000"}]}}}
{"Event":{"System":{"Provider":{"@Name":"Microsoft-Windows-FilterManager","@Guid":"f3c5e28e-63f6-49c7-a204-e48a1bc4b09d"},"EventID":"6","Version":"0","Level":"4","Task":"0","Opcode":"0","Keywords":"0x8000000000000000","TimeCreated":{"@SystemTime":"2024-09-23 15:09:00.6527089"},"EventRecordID":"1338","Correlation":null,"Execution":{"@ProcessID":"4","@ThreadID":"428"},"Channel":"System","Computer":"Server002","Security":{"@UserID":"S-1-5-18"}},"EventData":{"Data":[{"@Name":"FinalStatus","#text":"0x0"},{"@Name":"DeviceVersionMajor","#text":"10"},{"@Name":"DeviceVersionMinor","#text":"0"},{"@Name":"DeviceNameLength","#text":"6"},{"@Name":"DeviceName","#text":"CldFlt"},{"@Name":"DeviceTime","#text":"2072-04-19 18:54:12.0000000"}]}}}
{"Event":{"System":{"Provider":{"@Name":"Microsoft-Windows-FilterManager","@Guid":"f3c5e28e-63f6-49c7-a204-e48a1bc4b09d"},"EventID":"1","Version":"0","Level":"4","Task":"0","Opcode":"0","Keywords":"0x8000000000000000","TimeCreated":{"@SystemTime":"2024-09-23 15:09:00.6527182"},"EventRecordID":"1339","Correlation":null,"Execution":{"@ProcessID":"4","@ThreadID":"428"},"Channel":"System","Computer":"Server002","Security":{"@UserID":"S-1-5-18"}},"EventData":{"Data":[{"@Name":"FinalStatus","#text":"0x0"},{"@Name":"DeviceVersionMajor","#text":"10"},{"@Name":"DeviceVersionMinor","#text":"0"},{"@Name":"DeviceNameLength","#text":"6"},{"@Name":"DeviceName","#text":"CldFlt"},{"@Name":"DeviceTime","#text":"2072-04-19 18:54:12.0000000"}]}}}
{"Event":{"System":{"Provider":{"@Name":"Microsoft-Windows-FilterManager","@Guid":"f3c5e28e-63f6-49c7-a204-e48a1bc4b09d"},"EventID":"6","Version":"0","Level":"4","Task":"0","Opcode":"0","Keywords":"0x8000000000000000","TimeCreated":{"@SystemTime":"2024-09-23 15:09:00.6527812"},"EventRecordID":"1340","Correlation":null,"Execution":{"@ProcessID":"4","@ThreadID":"428"},"Channel":"System","Computer":"Server002","Security":{"@UserID":"S-1-5-18"}},"EventData":{"Data":[{"@Name":"FinalStatus","#text":"0x0"},{"@Name":"DeviceVersionMajor","#text":"10"},{"@Name":"DeviceVersionMinor","#text":"0"},{"@Name":"DeviceNameLength","#text":"6"},{"@Name":"DeviceName","#text":"CldFlt"},{"@Name":"DeviceTime","#text":"2072-04-19 18:54:12.0000000"}]}}}
{"Event":{"System":{"Provider":{"@Name":"Microsoft-Windows-FilterManager","@Guid":"f3c5e28e-63f6-49c7-a204-e48a1bc4b09d"},"EventID":"6","Version":"0","Level":"4","Task":"0","Opcode":"0","Keywords":"0x8000000000000000","TimeCreated":{"@SystemTime":"2024-09-23 15:09:00.6617701"},"EventRecordID":"1341","Correlation":null,"Execution":{"@ProcessID":"4","@ThreadID":"356"},"Channel":"System","Computer":"Server002","Security":{"@UserID":"S-1-5-18"}},"EventData":{"Data":[{"@Name":"FinalStatus","#text":"0x0"},{"@Name":"DeviceVersionMajor","#text":"10"},{"@Name":"DeviceVersionMinor","#text":"0"},{"@Name":"DeviceNameLength","#text":"10"},{"@Name":"DeviceName","#text":"storqosflt"},{"@Name":"DeviceTime","#text":"2007-04-09 19:08:30.0000000"}]}}}
{"Event":{"System":{"Provider":{"@Name":"Microsoft-Windows-FilterManager","@Guid":"f3c5e28e-63f6-49c7-a204-e48a1bc4b09d"},"EventID":"6","Version":"0","Level":"4","Task":"0","Opcode":"0","Keywords":"0x8000000000000000","TimeCreated":{"@SystemTime":"2024-09-23 15:09:00.6740623"},"EventRecordID":"1342","Correlation":null,"Execution":{"@ProcessID":"4","@ThreadID":"428"},"Channel":"System","Computer":"Server002","Security":{"@UserID":"S-1-5-18"}},"EventData":{"Data":[{"@Name":"FinalStatus","#text":"0x0"},{"@Name":"DeviceVersionMajor","#text":"10"},{"@Name":"DeviceVersionMinor","#text":"0"},{"@Name":"DeviceNameLength","#text":"7"},{"@Name":"DeviceName","#text":"bindflt"},{"@Name":"DeviceTime","#text":"2005-08-08 21:17:00.0000000"}]}}}
{"Event":{"System":{"Provider":{"@Name":"Microsoft-Windows-Kernel-General","@Guid":"a68ca8b7-004f-d7b6-a698-07e2de0f1f5d"},"EventID":"24","Version":"0","Level":"4","Task":"11","Opcode":"0","Keywords":"0x8000000000000010","TimeCreated":{"@SystemTime":"2024-09-23 13:09:03.1062348"},"EventRecordID":"1343","Correlation":null,"Execution":{"@ProcessID":"1708","@ThreadID":"1752"},"Channel":"System","Computer":"Server002","Security":{"@UserID":"S-1-5-18"}},"EventData":{"Data":[{"@Name":"ExitReason","#text":"0"},{"@Name":"CurrentBias","#text":"-60"},{"@Name":"CurrentTimeZoneID","#text":"2"},{"@Name":"TimeZoneInfoCacheUpdated","#text":"0"},{"@Name":"FirstRefresh","#text":"0"}]}}}
