{"Event":{"System":{"Provider":{"@Name":"Microsoft-Windows-WindowsUpdateClient","@Guid":"945a8954-c147-4acd-923f-40c45405a658"},"EventID":"44","Version":"1","Level":"4","Task":"1","Opcode":"12","Keywords":"0x8000000000002004","TimeCreated":{"@SystemTime":"2025-05-03 10:07:03.9152750"},"EventRecordID":"5897","Correlation":null,"Execution":{"@ProcessID":"6296","@ThreadID":"7752"},"Channel":"System","Computer":"Server002","Security":{"@UserID":"S-1-5-18"}},"EventData":{"Data":[{"@Name":"updateTitle","#text":"9MW2LKJ0TPJF-Microsoft.NET.Native.Framework.2.2"},{"@Name":"updateGuid","#text":"bfa7d40d-2cdf-4c15-98cf-85c847517da3"},{"@Name":"updateRevisionNumber","#text":"1"}]}}}
{"Event":{"System":{"Provider":{"@Name":"Microsoft-Windows-WindowsUpdateClient","@Guid":"945a8954-c147-4acd-923f-40c45405a658"},"EventID":"44","Version":"1","Level":"4","Task":"1","Opcode":"12","Keywords":"0x8000000000002004","TimeCreated":{"@SystemTime":"2025-05-03 10:07:03.9152768"},"EventRecordID":"5898","Correlation":null,"Execution":{"@ProcessID":"6296","@ThreadID":"7752"},"Channel":"System","Computer":"Server002","Security":{"@UserID":"S-1-5-18"}},"EventData":{"Data":[{"@Name":"updateTitle","#text":"9NKSQGP7F2NH-5319275A.WhatsAppDesktop"},{"@Name":"updateGuid","#text":"a751877a-3280-4af7-8c29-5e14b350cb55"},{"@Name":"updateRevisionNumber","#text":"1"}]}}}
{"Event":{"System":{"Provider":{"@Name":"Microsoft-Windows-WindowsUpdateClient","@Guid":"945a8954-c147-4acd-923f-40c45405a658"},"EventID":"44","Version":"1","Level":"4","Task":"1","Opcode":"12","Keywords":"0x8000000000002004","TimeCreated":{"@SystemTime":"2025-05-03 10:07:03.9152787"},"EventRecordID":"5899","Correlation":null,"Execution":{"@ProcessID":"6296","@ThreadID":"7752"},"Channel":"System","Computer":"Server002","Security":{"@UserID":"S-1-5-18"}},"EventData":{"Data":[{"@Name":"updateTitle","#text":"9WZDNCRFJ3PR-MICROSOFT.WINDOWSALARMS"},{"@Name":"updateGuid","#text":"956cd5a3-5d32-4972-8e6b-29c90b712ea5"},{"@Name":"updateRevisionNumber","#text":"1"}]}}}
{"Event":{"System":{"Provider":{"@Name":"Microsoft-Windows-WindowsUpdateClient","@Guid":"945a8954-c147-4acd-923f-40c45405a658"},"EventID":"44","Version":"1","Level":"4","Task":"1","Opcode":"12","Keywords":"0x8000000000002004","TimeCreated":{"@SystemTime":"2025-05-03 10:07:03.9482458"},"EventRecordID":"5900","Correlation":null,"Execution":{"@ProcessID":"6296","@ThreadID":"7752"},"Channel":"System","Computer":"Server002","Security":{"@UserID":"S-1-5-18"}},"EventData":{"Data":[{"@Name":"updateTitle","#text":"9NBLGGH4RV3K-Microsoft.VCLibs.140.00.UWPDesktop"},{"@Name":"updateGuid","#text":"fcdd3b59-f41c-4595-b36b-245bacb749e8"},{"@Name":"updateRevisionNumber","#text":"1"}]}}}
{"Event":{"System":{"Provider":{"@Name":"Microsoft-Windows-WindowsUpdateClient","@Guid":"945a8954-c147-4acd-923f-40c45405a658"},"EventID":"44","Version":"1","Level":"4","Task":"1","Opcode":"12","Keywords":"0x8000000000002004","TimeCreated":{"@SystemTime":"2025-05-03 10:07:03.9482484"},"EventRecordID":"5901","Correlation":null,"Execution":{"@ProcessID":"6296","@ThreadID":"7752"},"Channel":"System","Computer":"Server002","Security":{"@UserID":"S-1-5-18"}},"EventData":{"Data":[{"@Name":"updateTitle","#text":"9NKSQGP7F2NH-5319275A.WhatsAppDesktop"},{"@Name":"updateGuid","#text":"a751877a-3280-4af7-8c29-5e14b350cb55"},{"@Name":"updateRevisionNumber","#text":"1"}]}}}
{"Event":{"System":{"Provider":{"@Name":"Microsoft-Windows-WindowsUpdateClient","@Guid":"945a8954-c147-4acd-923f-40c45405a658"},"EventID":"44","Version":"1","Level":"4","Task":"1","Opcode":"12","Keywords":"0x8000000000002004","TimeCreated":{"@SystemTime":"2025-05-03 10:07:03.9482501"},"EventRecordID":"5902","Correlation":null,"Execution":{"@ProcessID":"6296","@ThreadID":"7752"},"Channel":"System","Computer":"Server002","Security":{"@UserID":"S-1-5-18"}},"EventData":{"Data":[{"@Name":"updateTitle","#text":"9WZDNCRFJ3PR-MICROSOFT.WINDOWSALARMS"},{"@Name":"updateGuid","#text":"956cd5a3-5d32-4972-8e6b-29c90b712ea5"},{"@Name":"updateRevisionNumber","#text":"1"}]}}}
{"Event":{"System":{"Provider":{"@Name":"Microsoft-Windows-WindowsUpdateClient","@Guid":"945a8954-c147-4acd-923f-40c45405a658"},"EventID":"44","Version":"1","Level":"4","Task":"1","Opcode":"12","Keywords":"0x8000000000002004","TimeCreated":{"@SystemTime":"2025-05-03 10:07:03.9482520"},"EventRecordID":"5903","Correlation":null,"Execution":{"@ProcessID":"6296","@ThreadID":"7752"},"Channel":"System","Computer":"Server002","Security":{"@UserID":"S-1-5-18"}},"EventData":{"Data":[{"@Name":"updateTitle","#text":"9NKSQGP7F2NH-5319275A.WhatsAppDesktop"},{"@Name":"updateGuid","#text":"a751877a-3280-4af7-8c29-5e14b350cb55"},{"@Name":"updateRevisionNumber","#text":"1"}]}}}
{"Event":{"System":{"Provider":{"@Name":"Microsoft-Windows-WindowsUpdateClient","@Guid":"945a8954-c147-4acd-923f-40c45405a658"},"EventID":"44","Version":"1","Level":"4","Task":"1","Opcode":"12","Keywords":"0x8000000000002004","TimeCreated":{"@SystemTime":"2025-05-03 10:07:03.9482535"},"EventRecordID":"5904","Correlation":null,"Execution":{"@ProcessID":"6296","@ThreadID":"7752"},"Channel":"System","Computer":"Server002","Security":{"@UserID":"S-1-5-18"}},"EventData":{"Data":[{"@Name":"updateTitle","#text":"9WZDNCRFJ3PR-MICROSOFT.WINDOWSALARMS"},{"@Name":"updateGuid","#text":"956cd5a3-5d32-4972-8e6b-29c90b712ea5"},{"@Name":"updateRevisionNumber","#text":"1"}]}}}
{"Event":{"System":{"Provider":{"@Name":"Microsoft-Windows-WindowsUpdateClient","@Guid":"945a8954-c147-4acd-923f-40c45405a658"},"EventID":"44","Version":"1","Level":"4","Task":"1","Opcode":"12","Keywords":"0x8000000000002004","TimeCreated":{"@SystemTime":"2025-05-03 10:08:18.8096510"},"EventRecordID":"5905","Correlation":null,"Execution":{"@ProcessID":"6296","@ThreadID":"12856"},"Channel":"System","Computer":"Server002","Security":{"@UserID":"S-1-5-18"}},"EventData":{"Data":[{"@Name":"updateTitle","#text":"Security Intelligence Update for Microsoft Defender Antivirus - KB2267602 (Version 1.427.609.0) - Current Channel (Broad)"},{"@Name":"updateGuid","#text":"b83d28cc-f66f-43f1-a1ff-28b0adb76e17"},{"@Name":"updateRevisionNumber","#text":"200"}]}}}
{"Event":{"System":{"Provider":{"@Name":"Microsoft-Windows-WindowsUpdateClient","@Guid":"945a8954-c147-4acd-923f-40c45405a658"},"EventID":"43","Version":"1","Level":"4","Task":"1","Opcode":"13","Keywords":"0x8000000000002008","TimeCreated":{"@SystemTime":"2025-05-03 10:08:18.8096532"},"EventRecordID":"5906","Correlation":null,"Execution":{"@ProcessID":"6296","@ThreadID":"12856"},"Channel":"System","Computer":"Server002","Security":{"@UserID":"S-1-5-18"}},"EventData":{"Data":[{"@Name":"updateTitle","#text":"Security Intelligence Update for Microsoft Defender Antivirus - KB2267602 (Version 1.427.609.0) - Current Channel (Broad)"},{"@Name":"updateGuid","#text":"b83d28cc-f66f-43f1-a1ff-28b0adb76e17"},{"@Name":"updateRevisionNumber","#text":"200"}]}}}
{"Event":{"System":{"Provider":{"@Name":"Microsoft-Windows-WindowsUpdateClient","@Guid":"945a8954-c147-4acd-923f-40c45405a658"},"EventID":"19","Version":"1","Level":"4","Task":"1","Opcode":"13","Keywords":"0x8000000000000018","TimeCreated":{"@SystemTime":"2025-05-03 10:09:38.7119674"},"EventRecordID":"5907","Correlation":null,"Execution":{"@ProcessID":"6296","@ThreadID":"12856"},"Channel":"System","Computer":"Server002","Security":{"@UserID":"S-1-5-18"}},"EventData":{"Data":[{"@Name":"updateTitle","#text":"Security Intelligence Update for Microsoft Defender Antivirus - KB2267602 (Version 1.427.609.0) - Current Channel (Broad)"},{"@Name":"updateGuid","#text":"b83d28cc-f66f-43f1-a1ff-28b0adb76e17"},{"@Name":"updateRevisionNumber","#text":"200"},{"@Name":"serviceGuid","#text":"9482f4b4-e343-43b6-b170-9a65bc822c77"}]}}}
{"Event":{"System":{"Provider":{"@Name":"Microsoft-Windows-Kernel-Power","@Guid":"331c3b3a-2005-44c2-ac5e-77220c37d6b4"},"EventID":"105","Version":"1","Level":"4","Task":"100","Opcode":"0","Keywords":"0x8000000000000404","TimeCreated":{"@SystemTime":"2025-05-03 10:34:48.7058049"},"EventRecordID":"5908","Correlation":null,"Execution":{"@ProcessID":"4","@ThreadID":"9516"},"Channel":"System","Computer":"Server002","Security":{"@UserID":"S-1-5-18"}},"EventData":{"Data":[{"@Name":"AcOnline","#text":"False"},{"@Name":"RemainingCapacity","#text":"50000"},{"@Name":"FullChargeCapacity","#text":"50000"}]}}}
