{"Event":{"System":{"Provider":{"@Name":"Microsoft-Windows-Search","@Guid":"{CA4E628D-8567-4896-AB6B-835B221F373F}","@EventSourceName":"Windows Search Service"},"EventID":{"@Qualifiers":"16384","#text":"1003"},"Version":"0","Level":"4","Task":"1","Opcode":"0","Keywords":"0x80000000000000","TimeCreated":{"@SystemTime":"2025-04-22 13:57:17.4241912"},"EventRecordID":"3545","Correlation":null,"Execution":{"@ProcessID":"0","@ThreadID":"0"},"Channel":"Application","Computer":"Server002","Security":null},"EventData":{"Data":{"@Name":"ExtraInfo","#text":", "}}}}
{"Event":{"System":{"Provider":{"@Name":"MsiInstaller"},"EventID":{"@Qualifiers":"0","#text":"11728"},"Version":"0","Level":"4","Task":"0","Opcode":"0","Keywords":"0x80000000000000","TimeCreated":{"@SystemTime":"2025-04-22 13:57:17.6012385"},"EventRecordID":"3546","Correlation":null,"Execution":{"@ProcessID":"0","@ThreadID":"0"},"Channel":"Application","Computer":"Server002","Security":{"@UserID":"S-1-5-18"}},"EventData":{"Data":"Product: Office 16 Click-to-Run Extensibility Component 64-bit Registration -- Configuration completed successfully., (NULL), (NULL), (NULL), (NULL), (NULL)","Binary":"7B-39-30-31-36-30-30-30-30-2D-30-30-44-44-2D-30-30-30-30-2D-31-30-30-30-2D-30-30-30-30-30-30-30-46-46-31-43-45-7D"}}}
{"Event":{"System":{"Provider":{"@Name":"MsiInstaller"},"EventID":{"@Qualifiers":"0","#text":"1035"},"Version":"0","Level":"4","Task":"0","Opcode":"0","Keywords":"0x80000000000000","TimeCreated":{"@SystemTime":"2025-04-22 13:57:17.6012385"},"EventRecordID":"3547","Correlation":null,"Execution":{"@ProcessID":"0","@ThreadID":"0"},"Channel":"Application","Computer":"Server002","Security":{"@UserID":"S-1-5-18"}},"EventData":{"Data":"Office 16 Click-to-Run Extensibility Component 64-bit Registration, 16.0.18623.20156, 0, 0, Microsoft Corporation, (NULL)","Binary":"7B-39-30-31-36-30-30-30-30-2D-30-30-44-44-2D-30-30-30-30-2D-31-30-30-30-2D-30-30-30-30-30-30-30-46-46-31-43-45-7D-30-30-30-30-34-66-31-33-36-31-34-31-30-65-65-30-66-35-62-36-39-37-30-39-61-35-30-62-38-34-65-35-32-64-66-62-30-30-30-30-30-30-30-30"}}}
{"Event":{"System":{"Provider":{"@Name":"MsiInstaller"},"EventID":{"@Qualifiers":"0","#text":"1042"},"Version":"0","Level":"4","Task":"0","Opcode":"0","Keywords":"0x80000000000000","TimeCreated":{"@SystemTime":"2025-04-22 13:57:17.6298427"},"EventRecordID":"3548","Correlation":null,"Execution":{"@ProcessID":"0","@ThreadID":"0"},"Channel":"Application","Computer":"Server002","Security":{"@UserID":"S-1-5-18"}},"EventData":{"Data":"c:\\program files (x86)\\microsoft office\\root\\integration\\c2rint64.16.msi, 6524, (NULL), (NULL), (NULL), (NULL)","Binary":""}}}
{"Event":{"System":{"Provider":{"@Name":"MsiInstaller"},"EventID":{"@Qualifiers":"0","#text":"1040"},"Version":"0","Level":"4","Task":"0","Opcode":"0","Keywords":"0x80000000000000","TimeCreated":{"@SystemTime":"2025-04-22 13:57:17.6825215"},"EventRecordID":"3549","Correlation":null,"Execution":{"@ProcessID":"0","@ThreadID":"0"},"Channel":"Application","Computer":"Server002","Security":{"@UserID":"S-1-5-18"}},"EventData":{"Data":"c:\\program files (x86)\\microsoft office\\root\\integration\\sppredist64.msi, 6524, (NULL), (NULL), (NULL), (NULL)","Binary":""}}}
{"Event":{"System":{"Provider":{"@Name":"Microsoft-Windows-Security-SPP","@Guid":"{E23B33B0-C8C9-472C-A5F9-F2BDFEA0F156}","@EventSourceName":"Software Protection Platform Service"},"EventID":{"@Qualifiers":"16384","#text":"1003"},"Version":"0","Level":"4","Task":"0","Opcode":"0","Keywords":"0x80000000000000","TimeCreated":{"@SystemTime":"2025-04-22 13:57:21.1065468"},"EventRecordID":"3550","Correlation":null,"Execution":{"@ProcessID":"0","@ThreadID":"0"},"Channel":"Application","Computer":"Server002","Security":null},"EventData":{"Data":"0ff1ce15-a989-479d-af46-f275c6370663, \r\n1: 28f64a3f-cf84-46da-b1e8-2dfa7750e491, 1, 0 [(0 [0xC004F014, 0, 0], [(?)(?)(?)(?)(?)(?)(?)(?)])(1 )(2 )(3 )]\r\n2: 4c1d1588-3088-4796-b3b2-8935f3a0d886, 1, 0 [(0 [0xC004F014, 0, 0], [(?)(?)(?)(?)(?)(?)(?)(?)])(1 )(2 )(3 )]\r\n3: 52287aa3-9945-44d1-9046-7a3373666821, 1, 0 [(0 [0xC004F014, 0, 0], [(?)(?)(?)(?)(?)(?)(?)(?)])(1 )(2 )(3 )]\r\n4: 537ea5b5-7d50-4876-bd38-a53a77caca32, 1, 0 [(0 [0xC004F014, 0, 0], [(?)(?)(?)(?)(?)(?)(?)(?)])(1 )(2 )(3 )]\r\n5: 77f47589-2212-4e3b-ad27-a900ce813837, 1, 0 [(0 [0xC004F014, 0, 0], [(?)(?)(?)(?)(?)(?)(?)(?)])(1 )(2 )(3 )]\r\n6: 7ab38a1c-a803-4ca5-8ebb-f8786c4b4faa, 1, 0 [(0 [0xC004F014, 0, 0], [(?)(?)(?)(?)(?)(?)(?)(?)])(1 )(2 )(3 )]\r\n7: 86af9220-9d6f-4575-bef0-619a9a6aa005, 1, 0 [(0 [0xC004F014, 0, 0], [(?)(?)(?)(?)(?)(?)(?)(?)])(1 )(2 )(3 )]\r\n8: 885f83e0-5e18-4199-b8be-56697d0debfb, 1, 0 [(0 [0xC004F014, 0, 0], [(?)(?)(?)(?)(?)(?)(?)(?)])(1 )(2 )(3 )]\r\n9: 951c0fe6-40a8-4400-8003-eec0686ffbc4, 1, 0 [(0 [0xC004F014, 0, 0], [(?)(?)(?)(?)(?)(?)(?)(?)])(1 )(2 )(3 )]\r\n10: 95820f84-6e8c-4d22-b2ce-54953e9911bc, 1, 0 [(0 [0xC004F014, 0, 0], [(?)(?)(?)(?)(?)(?)(?)(?)])(1 )(2 )(3 )]\r\n11: 96353198-443e-479d-9e80-9a6d72fd1a99, 1, 0 [(0 [0xC004F014, 0, 0], [(?)(?)(?)(?)(?)(?)(?)(?)])(1 )(2 )(3 )]\r\n12: a2d2c78e-2e0b-4214-8098-d5d13e718dc5, 1, 0 [(0 )(1 )(2 )(3 [0x00000000, 0, 0], [( 6 0xC004F009 5 0)( 1 0x00000000)( 6 0xC004F009 5 0)(?)(?)(?)( 10 0x00000000 msft:rm/algorithm/flags/1.0)( 11 0x00000000 0xC004F009)])]\r\n13: a96f8dae-da54-4fad-bdc6-108da592707a, 1, 0 [(0 [0xC004F014, 0, 0], [(?)(?)(?)(?)(?)(?)(?)(?)])(1 )(2 )(3 )]\r\n14: ae9d158f-9450-4a0c-8c80-dd973c58357c, 1, 0 [(0 [0xC004F014, 0, 0], [(?)(?)(?)(?)(?)(?)(?)(?)])(1 )(2 )(3 )]\r\n15: b20512cc-d17c-465d-bb49-c4143c367aee, 1, 0 [(0 [0xC004F014, 0, 0], [(?)(?)(?)(?)(?)(?)(?)(?)])(1 )(2 )(3 )]\r\n16: b4af11be-5f94-4d8f-9844-ce0d5e0d8680, 1, 0 [(0 [0xC004F014, 0, 0], [(?)(?)(?)(?)(?)(?)(?)(?)])(1 )(2 )(3 )]\r\n17: b58a5943-16ea-420f-a611-7b230acd762c, 1, 0 [(0 [0xC004F014, 0, 0], [(?)(?)(?)(?)(?)(?)(?)(?)])(1 )(2 )(3 )]\r\n18: c85fe025-b033-4f41-936b-b121521ba1c1, 1, 0 [(0 [0xC004F014, 0, 0], [(?)(?)(?)(?)(?)(?)(?)(?)])(1 )(2 )(3 )]\r\n19: d7279dd0-e175-49fe-a623-8fc2fc00afc4, 1, 0 [(0 )(1 )(2 )(3 [0x00000000, 0, 0], [( 6 0xC004F009 5 0)( 1 0x00000000)( 6 0xC004F009 5 0)(?)(?)(?)( 10 0x00000000 msft:rm/algorithm/flags/1.0)( 11 0x00000000 0xC004F009)])]\r\n20: fb3540bc-a824-4c79-83da-6f6bd3ac6ccb, 1, 0 [(0 [0xC004F014, 0, 0], [(?)(?)(?)(?)(?)(?)(?)(?)])(1 )(2 )(3 )]\r\n\r\n","Binary":""}}}
{"Event":{"System":{"Provider":{"@Name":"MsiInstaller"},"EventID":{"@Qualifiers":"0","#text":"11728"},"Version":"0","Level":"4","Task":"0","Opcode":"0","Keywords":"0x80000000000000","TimeCreated":{"@SystemTime":"2025-04-22 13:57:21.2058518"},"EventRecordID":"3551","Correlation":null,"Execution":{"@ProcessID":"0","@ThreadID":"0"},"Channel":"Application","Computer":"Server002","Security":{"@UserID":"S-1-5-18"}},"EventData":{"Data":"Product: Office 16 Click-to-Run Licensing Component -- Configuration completed successfully., (NULL), (NULL), (NULL), (NULL), (NULL)","Binary":"7B-39-30-31-36-30-30-30-30-2D-30-30-38-46-2D-30-30-30-30-2D-31-30-30-30-2D-30-30-30-30-30-30-30-46-46-31-43-45-7D"}}}
{"Event":{"System":{"Provider":{"@Name":"MsiInstaller"},"EventID":{"@Qualifiers":"0","#text":"1035"},"Version":"0","Level":"4","Task":"0","Opcode":"0","Keywords":"0x80000000000000","TimeCreated":{"@SystemTime":"2025-04-22 13:57:21.2058518"},"EventRecordID":"3552","Correlation":null,"Execution":{"@ProcessID":"0","@ThreadID":"0"},"Channel":"Application","Computer":"Server002","Security":{"@UserID":"S-1-5-18"}},"EventData":{"Data":"Office 16 Click-to-Run Licensing Component, 16.0.18623.20208, 0, 0, Microsoft Corporation, (NULL)","Binary":"7B-39-30-31-36-30-30-30-30-2D-30-30-38-46-2D-30-30-30-30-2D-31-30-30-30-2D-30-30-30-30-30-30-30-46-46-31-43-45-7D-30-30-30-30-61-38-33-63-35-33-38-36-38-36-30-33-62-63-39-64-38-37-62-32-33-33-38-63-64-30-37-37-32-30-66-39-30-30-30-30-30-30-30-30"}}}
{"Event":{"System":{"Provider":{"@Name":"MsiInstaller"},"EventID":{"@Qualifiers":"0","#text":"1042"},"Version":"0","Level":"4","Task":"0","Opcode":"0","Keywords":"0x80000000000000","TimeCreated":{"@SystemTime":"2025-04-22 13:57:21.2665355"},"EventRecordID":"3553","Correlation":null,"Execution":{"@ProcessID":"0","@ThreadID":"0"},"Channel":"Application","Computer":"Server002","Security":{"@UserID":"S-1-5-18"}},"EventData":{"Data":"c:\\program files (x86)\\microsoft office\\root\\integration\\sppredist64.msi, 6524, (NULL), (NULL), (NULL), (NULL)","Binary":""}}}
{"Event":{"System":{"Provider":{"@Name":"Microsoft-Windows-Security-SPP","@Guid":"{E23B33B0-C8C9-472C-A5F9-F2BDFEA0F156}","@EventSourceName":"Software Protection Platform Service"},"EventID":{"@Qualifiers":"16384","#text":"1034"},"Version":"0","Level":"4","Task":"0","Opcode":"0","Keywords":"0x80000000000000","TimeCreated":{"@SystemTime":"2025-04-22 13:57:22.3512004"},"EventRecordID":"3554","Correlation":null,"Execution":{"@ProcessID":"0","@ThreadID":"0"},"Channel":"Application","Computer":"Server002","Security":null},"EventData":{"Data":"AAD-BlockAADWorkplaceJoin-Default, 100","Binary":""}}}
{"Event":{"System":{"Provider":{"@Name":"Microsoft-Windows-Security-SPP","@Guid":"{E23B33B0-C8C9-472C-A5F9-F2BDFEA0F156}","@EventSourceName":"Software Protection Platform Service"},"EventID":{"@Qualifiers":"16384","#text":"1034"},"Version":"0","Level":"4","Task":"0","Opcode":"0","Keywords":"0x80000000000000","TimeCreated":{"@SystemTime":"2025-04-22 13:57:22.4353876"},"EventRecordID":"3555","Correlation":null,"Execution":{"@ProcessID":"0","@ThreadID":"0"},"Channel":"Application","Computer":"Server002","Security":null},"EventData":{"Data":"AAD-BlockAADWorkplaceJoin-Default, 100","Binary":""}}}
{"Event":{"System":{"Provider":{"@Name":"Microsoft-Windows-Security-SPP","@Guid":"{E23B33B0-C8C9-472C-A5F9-F2BDFEA0F156}","@EventSourceName":"Software Protection Platform Service"},"EventID":{"@Qualifiers":"16384","#text":"1034"},"Version":"0","Level":"4","Task":"0","Opcode":"0","Keywords":"0x80000000000000","TimeCreated":{"@SystemTime":"2025-04-22 13:57:22.5092409"},"EventRecordID":"3556","Correlation":null,"Execution":{"@ProcessID":"0","@ThreadID":"0"},"Channel":"Application","Computer":"Server002","Security":null},"EventData":{"Data":"AAD-BlockAADWorkplaceJoin-Default, 100","Binary":""}}}
{"Event":{"System":{"Provider":{"@Name":"Microsoft-Windows-Security-SPP","@Guid":"{E23B33B0-C8C9-472C-A5F9-F2BDFEA0F156}","@EventSourceName":"Software Protection Platform Service"},"EventID":{"@Qualifiers":"16384","#text":"1034"},"Version":"0","Level":"4","Task":"0","Opcode":"0","Keywords":"0x80000000000000","TimeCreated":{"@SystemTime":"2025-04-22 13:57:22.5942644"},"EventRecordID":"3557","Correlation":null,"Execution":{"@ProcessID":"0","@ThreadID":"0"},"Channel":"Application","Computer":"Server002","Security":null},"EventData":{"Data":"AAD-BlockAADWorkplaceJoin-Default, 100","Binary":""}}}
{"Event":{"System":{"Provider":{"@Name":"Microsoft-Windows-Security-SPP","@Guid":"{E23B33B0-C8C9-472C-A5F9-F2BDFEA0F156}","@EventSourceName":"Software Protection Platform Service"},"EventID":{"@Qualifiers":"16384","#text":"1034"},"Version":"0","Level":"4","Task":"0","Opcode":"0","Keywords":"0x80000000000000","TimeCreated":{"@SystemTime":"2025-04-22 13:57:22.6259810"},"EventRecordID":"3558","Correlation":null,"Execution":{"@ProcessID":"0","@ThreadID":"0"},"Channel":"Application","Computer":"Server002","Security":null},"EventData":{"Data":"AAD-BlockAADWorkplaceJoin-Default, 100","Binary":""}}}
{"Event":{"System":{"Provider":{"@Name":"Microsoft-Windows-Security-SPP","@Guid":"{E23B33B0-C8C9-472C-A5F9-F2BDFEA0F156}","@EventSourceName":"Software Protection Platform Service"},"EventID":{"@Qualifiers":"16384","#text":"1034"},"Version":"0","Level":"4","Task":"0","Opcode":"0","Keywords":"0x80000000000000","TimeCreated":{"@SystemTime":"2025-04-22 13:57:22.6768956"},"EventRecordID":"3559","Correlation":null,"Execution":{"@ProcessID":"0","@ThreadID":"0"},"Channel":"Application","Computer":"Server002","Security":null},"EventData":{"Data":"AAD-BlockAADWorkplaceJoin-Default, 100","Binary":""}}}
{"Event":{"System":{"Provider":{"@Name":"Microsoft-Windows-Security-SPP","@Guid":"{E23B33B0-C8C9-472C-A5F9-F2BDFEA0F156}","@EventSourceName":"Software Protection Platform Service"},"EventID":{"@Qualifiers":"16384","#text":"1034"},"Version":"0","Level":"4","Task":"0","Opcode":"0","Keywords":"0x80000000000000","TimeCreated":{"@SystemTime":"2025-04-22 13:57:22.6768956"},"EventRecordID":"3560","Correlation":null,"Execution":{"@ProcessID":"0","@ThreadID":"0"},"Channel":"Application","Computer":"Server002","Security":null},"EventData":{"Data":"AAD-BlockAADWorkplaceJoin-Default, 100","Binary":""}}}
{"Event":{"System":{"Provider":{"@Name":"Microsoft-Windows-Security-SPP","@Guid":"{E23B33B0-C8C9-472C-A5F9-F2BDFEA0F156}","@EventSourceName":"Software Protection Platform Service"},"EventID":{"@Qualifiers":"16384","#text":"1034"},"Version":"0","Level":"4","Task":"0","Opcode":"0","Keywords":"0x80000000000000","TimeCreated":{"@SystemTime":"2025-04-22 13:57:22.6768956"},"EventRecordID":"3561","Correlation":null,"Execution":{"@ProcessID":"0","@ThreadID":"0"},"Channel":"Application","Computer":"Server002","Security":null},"EventData":{"Data":"AAD-BlockAADWorkplaceJoin-Default, 100","Binary":""}}}
{"Event":{"System":{"Provider":{"@Name":"Microsoft-Windows-Security-SPP","@Guid":"{E23B33B0-C8C9-472C-A5F9-F2BDFEA0F156}","@EventSourceName":"Software Protection Platform Service"},"EventID":{"@Qualifiers":"16384","#text":"1034"},"Version":"0","Level":"4","Task":"0","Opcode":"0","Keywords":"0x80000000000000","TimeCreated":{"@SystemTime":"2025-04-22 13:57:22.6768956"},"EventRecordID":"3562","Correlation":null,"Execution":{"@ProcessID":"0","@ThreadID":"0"},"Channel":"Application","Computer":"Server002","Security":null},"EventData":{"Data":"AAD-BlockAADWorkplaceJoin-Default, 100","Binary":""}}}
{"Event":{"System":{"Provider":{"@Name":"Microsoft-Windows-Security-SPP","@Guid":"{E23B33B0-C8C9-472C-A5F9-F2BDFEA0F156}","@EventSourceName":"Software Protection Platform Service"},"EventID":{"@Qualifiers":"16384","#text":"1034"},"Version":"0","Level":"4","Task":"0","Opcode":"0","Keywords":"0x80000000000000","TimeCreated":{"@SystemTime":"2025-04-22 13:57:22.8958532"},"EventRecordID":"3563","Correlation":null,"Execution":{"@ProcessID":"0","@ThreadID":"0"},"Channel":"Application","Computer":"Server002","Security":null},"EventData":{"Data":"AAD-BlockAADWorkplaceJoin-Default, 100","Binary":""}}}
{"Event":{"System":{"Provider":{"@Name":"Microsoft-Windows-Security-SPP","@Guid":"{E23B33B0-C8C9-472C-A5F9-F2BDFEA0F156}","@EventSourceName":"Software Protection Platform Service"},"EventID":{"@Qualifiers":"16384","#text":"1034"},"Version":"0","Level":"4","Task":"0","Opcode":"0","Keywords":"0x80000000000000","TimeCreated":{"@SystemTime":"2025-04-22 13:57:22.9542163"},"EventRecordID":"3564","Correlation":null,"Execution":{"@ProcessID":"0","@ThreadID":"0"},"Channel":"Application","Computer":"Server002","Security":null},"EventData":{"Data":"AAD-BlockAADWorkplaceJoin-Default, 100","Binary":""}}}
{"Event":{"System":{"Provider":{"@Name":"Microsoft-Windows-Security-SPP","@Guid":"{E23B33B0-C8C9-472C-A5F9-F2BDFEA0F156}","@EventSourceName":"Software Protection Platform Service"},"EventID":{"@Qualifiers":"16384","#text":"1034"},"Version":"0","Level":"4","Task":"0","Opcode":"0","Keywords":"0x80000000000000","TimeCreated":{"@SystemTime":"2025-04-22 13:57:22.9542163"},"EventRecordID":"3565","Correlation":null,"Execution":{"@ProcessID":"0","@ThreadID":"0"},"Channel":"Application","Computer":"Server002","Security":null},"EventData":{"Data":"AAD-BlockAADWorkplaceJoin-Default, 100","Binary":""}}}
{"Event":{"System":{"Provider":{"@Name":"Microsoft-Windows-Security-SPP","@Guid":"{E23B33B0-C8C9-472C-A5F9-F2BDFEA0F156}","@EventSourceName":"Software Protection Platform Service"},"EventID":{"@Qualifiers":"16384","#text":"1034"},"Version":"0","Level":"4","Task":"0","Opcode":"0","Keywords":"0x80000000000000","TimeCreated":{"@SystemTime":"2025-04-22 13:57:22.9542163"},"EventRecordID":"3566","Correlation":null,"Execution":{"@ProcessID":"0","@ThreadID":"0"},"Channel":"Application","Computer":"Server002","Security":null},"EventData":{"Data":"AAD-BlockAADWorkplaceJoin-Default, 100","Binary":""}}}
{"Event":{"System":{"Provider":{"@Name":"Microsoft-Windows-Security-SPP","@Guid":"{E23B33B0-C8C9-472C-A5F9-F2BDFEA0F156}","@EventSourceName":"Software Protection Platform Service"},"EventID":{"@Qualifiers":"16384","#text":"1034"},"Version":"0","Level":"4","Task":"0","Opcode":"0","Keywords":"0x80000000000000","TimeCreated":{"@SystemTime":"2025-04-22 13:57:22.9542163"},"EventRecordID":"3567","Correlation":null,"Execution":{"@ProcessID":"0","@ThreadID":"0"},"Channel":"Application","Computer":"Server002","Security":null},"EventData":{"Data":"Security-SPP-WriteWauMarker, 500","Binary":""}}}
{"Event":{"System":{"Provider":{"@Name":"Microsoft-Windows-Security-SPP","@Guid":"{E23B33B0-C8C9-472C-A5F9-F2BDFEA0F156}","@EventSourceName":"Software Protection Platform Service"},"EventID":{"@Qualifiers":"16384","#text":"8230"},"Version":"0","Level":"4","Task":"0","Opcode":"0","Keywords":"0x80000000000000","TimeCreated":{"@SystemTime":"2025-04-22 13:57:24.3606279"},"EventRecordID":"3568","Correlation":null,"Execution":{"@ProcessID":"0","@ThreadID":"0"},"Channel":"Application","Computer":"Server002","Security":null},"EventData":{"Data":"Security-SPP-Action-StateData (REG_SZ) =AppId=55c92734-d682-4d71-983e-d6ec3f16059f;LastConsumptionReason=0xc004f034;LastNotificationId=NeverActivated;LicenseState=SL_LICENSING_STATUS_NOTIFICATION;PartialProductKey=8HVX7;ProductKeyType=Retail;SkuId=2b1f36bb-c1cd-4306-bf5c-a0367c2d97d8;ruleId=31e71c49-8da7-4a2f-ad92-45d98a1c79ba;uxDifferentiator=RETAIL","Binary":""}}}
{"Event":{"System":{"Provider":{"@Name":"Microsoft-Windows-Security-SPP","@Guid":"{E23B33B0-C8C9-472C-A5F9-F2BDFEA0F156}","@EventSourceName":"Software Protection Platform Service"},"EventID":{"@Qualifiers":"16384","#text":"16384"},"Version":"0","Level":"4","Task":"0","Opcode":"0","Keywords":"0x80000000000000","TimeCreated":{"@SystemTime":"2025-04-22 13:58:09.4215284"},"EventRecordID":"3569","Correlation":null,"Execution":{"@ProcessID":"0","@ThreadID":"0"},"Channel":"Application","Computer":"Server002","Security":null},"EventData":{"Data":"2025-04-23T13:52:09Z, RulesEngine","Binary":""}}}
{"Event":{"System":{"Provider":{"@Name":"Microsoft-Windows-Security-SPP","@Guid":"{E23B33B0-C8C9-472C-A5F9-F2BDFEA0F156}","@EventSourceName":"Software Protection Platform Service"},"EventID":{"@Qualifiers":"49152","#text":"16394"},"Version":"0","Level":"4","Task":"0","Opcode":"0","Keywords":"0x80000000000000","TimeCreated":{"@SystemTime":"2025-04-22 13:58:31.1807862"},"EventRecordID":"3570","Correlation":null,"Execution":{"@ProcessID":"0","@ThreadID":"0"},"Channel":"Application","Computer":"Server002","Security":null},"EventData":{"Data":"","Binary":""}}}
{"Event":{"System":{"Provider":{"@Name":"Microsoft-Windows-Security-SPP","@Guid":"{E23B33B0-C8C9-472C-A5F9-F2BDFEA0F156}","@EventSourceName":"Software Protection Platform Service"},"EventID":{"@Qualifiers":"16384","#text":"16384"},"Version":"0","Level":"4","Task":"0","Opcode":"0","Keywords":"0x80000000000000","TimeCreated":{"@SystemTime":"2025-04-22 13:59:12.3128245"},"EventRecordID":"3571","Correlation":null,"Execution":{"@ProcessID":"0","@ThreadID":"0"},"Channel":"Application","Computer":"Server002","Security":null},"EventData":{"Data":"2025-04-23T13:52:12Z, RulesEngine","Binary":""}}}
{"Event":{"System":{"Provider":{"@Name":"Microsoft-Windows-Security-SPP","@Guid":"{E23B33B0-C8C9-472C-A5F9-F2BDFEA0F156}","@EventSourceName":"Software Protection Platform Service"},"EventID":{"@Qualifiers":"49152","#text":"16394"},"Version":"0","Level":"4","Task":"0","Opcode":"0","Keywords":"0x80000000000000","TimeCreated":{"@SystemTime":"2025-04-22 14:02:44.4392845"},"EventRecordID":"3572","Correlation":null,"Execution":{"@ProcessID":"0","@ThreadID":"0"},"Channel":"Application","Computer":"Server002","Security":null},"EventData":{"Data":"","Binary":""}}}
{"Event":{"System":{"Provider":{"@Name":"Microsoft-Windows-Security-SPP","@Guid":"{E23B33B0-C8C9-472C-A5F9-F2BDFEA0F156}","@EventSourceName":"Software Protection Platform Service"},"EventID":{"@Qualifiers":"16384","#text":"16384"},"Version":"0","Level":"4","Task":"0","Opcode":"0","Keywords":"0x80000000000000","TimeCreated":{"@SystemTime":"2025-04-22 14:03:04.4444811"},"EventRecordID":"3573","Correlation":null,"Execution":{"@ProcessID":"0","@ThreadID":"0"},"Channel":"Application","Computer":"Server002","Security":null},"EventData":{"Data":"2025-04-23T13:52:04Z, RulesEngine","Binary":""}}}
{"Event":{"System":{"Provider":{"@Name":"Microsoft-Windows-Winlogon","@Guid":"{DBE9B383-7CF3-4331-91CC-A3CB16A3B538}","@EventSourceName":"Wlclntfy"},"EventID":{"@Qualifiers":"32768","#text":"6003"},"Version":"0","Level":"4","Task":"0","Opcode":"0","Keywords":"0x80000000000000","TimeCreated":{"@SystemTime":"2025-04-22 14:11:57.9223492"},"EventRecordID":"3574","Correlation":null,"Execution":{"@ProcessID":"0","@ThreadID":"0"},"Channel":"Application","Computer":"Server002","Security":null},"EventData":{"Data":"SessionEnv","Binary":"D9-06-00-00"}}}
{"Event":{"System":{"Provider":{"@Name":"Microsoft-Windows-Winlogon","@Guid":"{DBE9B383-7CF3-4331-91CC-A3CB16A3B538}","@EventSourceName":"Wlclntfy"},"EventID":{"@Qualifiers":"32768","#text":"6000"},"Version":"0","Level":"4","Task":"0","Opcode":"0","Keywords":"0x80000000000000","TimeCreated":{"@SystemTime":"2025-04-22 14:11:58.5816216"},"EventRecordID":"3575","Correlation":null,"Execution":{"@ProcessID":"0","@ThreadID":"0"},"Channel":"Application","Computer":"Server002","Security":null},"EventData":{"Data":"SessionEnv","Binary":"D9-06-00-00"}}}
{"Event":{"System":{"Provider":{"@Name":"Microsoft-Windows-Security-SPP","@Guid":"{E23B33B0-C8C9-472C-A5F9-F2BDFEA0F156}","@EventSourceName":"Software Protection Platform Service"},"EventID":{"@Qualifiers":"49152","#text":"16394"},"Version":"0","Level":"4","Task":"0","Opcode":"0","Keywords":"0x80000000000000","TimeCreated":{"@SystemTime":"2025-04-22 14:11:59.9867378"},"EventRecordID":"3576","Correlation":null,"Execution":{"@ProcessID":"0","@ThreadID":"0"},"Channel":"Application","Computer":"Server002","Security":null},"EventData":{"Data":"","Binary":""}}}
{"Event":{"System":{"Provider":{"@Name":"Microsoft-Windows-Security-SPP","@Guid":"{E23B33B0-C8C9-472C-A5F9-F2BDFEA0F156}","@EventSourceName":"Software Protection Platform Service"},"EventID":{"@Qualifiers":"16384","#text":"1003"},"Version":"0","Level":"4","Task":"0","Opcode":"0","Keywords":"0x80000000000000","TimeCreated":{"@SystemTime":"2025-04-22 14:12:03.1907462"},"EventRecordID":"3577","Correlation":null,"Execution":{"@ProcessID":"0","@ThreadID":"0"},"Channel":"Application","Computer":"Server002","Security":null},"EventData":{"Data":"55c92734-d682-4d71-983e-d6ec3f16059f, \r\n1: 0567073a-7d74-403b-b2d5-6b35da372d8d, 1, 0 [(0 [0xC004F014, 0, 0], [(?)(?)(?)(?)(?)(?)(?)(?)])(1 )(2 )(3 )]\r\n2: 1b750385-9fe2-49a8-ab55-149d0546395b, 1, 0 [(0 [0xC004F014, 0, 0], [(?)(?)(?)(?)(?)(?)(?)(?)])(1 )(2 )(3 )]\r\n3: 1d873132-f09f-4eb2-bf5a-2e4fb48935e8, 1, 0 [(0 [0xC004F014, 0, 0], [(?)(?)(?)(?)(?)(?)(?)(?)])(1 )(2 )(3 )]\r\n4: 2b1f36bb-c1cd-4306-bf5c-a0367c2d97d8, 1, 1 [(0 )(1 )(2 [0xC004E003, 0, 0], [( 1 0xC004F034)( 1 0xC004F034)(?)(?)(?)(?)(?)(?)])(3 [0x00000000, 0, 0], [( 6 0xC004F009 0 0)( 1 0x00000000)( 6 0xC004F009 0 0)(?)(?)(?)( 10 0x00000000 msft:rm/algorithm/flags/1.0)( 11 0x00000000 0xC004F034)])]\r\n5: 30d469c6-a78f-4476-b5c8-af78d5b6a5fb, 1, 0 [(0 [0xC004F014, 0, 0], [(?)(?)(?)(?)(?)(?)(?)(?)])(1 )(2 )(3 )]\r\n6: 3ae2cc14-ab2d-41f4-972f-5e20142771dc, 1, 0 [(0 [0xC004F014, 0, 0], [(?)(?)(?)(?)(?)(?)(?)(?)])(1 )(2 )(3 )]\r\n7: 4002e33a-524c-4100-8108-131a0d42c0ea, 1, 0 [(0 [0xC004F014, 0, 0], [(?)(?)(?)(?)(?)(?)(?)(?)])(1 )(2 )(3 )]\r\n8: 411b3d4f-be6d-4a06-baaa-9cabfc256cae, 1, 0 [(0 [0xC004F014, 0, 0], [(?)(?)(?)(?)(?)(?)(?)(?)])(1 )(2 )(3 )]\r\n9: 58e97c99-f377-4ef1-81d5-4ad5522b5fd8, 1, 0 [(0 [0xC004F014, 0, 0], [(?)(?)(?)(?)(?)(?)(?)(?)])(1 )(2 )(3 )]\r\n10: 653098ee-780d-4863-8cf2-d18399ce413b, 1, 0 [(0 [0xC004F014, 0, 0], [(?)(?)(?)(?)(?)(?)(?)(?)])(1 )(2 )(3 )]\r\n11: 71f411ae-7b4b-41bd-b68c-c519c499f950, 1, 0 [(0 [0xC004F014, 0, 0], [(?)(?)(?)(?)(?)(?)(?)(?)])(1 )(2 )(3 )]\r\n12: 74436dbb-cc17-46de-867f-14906ba4a938, 1, 0 [(0 [0xC004F014, 0, 0], [(?)(?)(?)(?)(?)(?)(?)(?)])(1 )(2 )(3 )]\r\n13: 8a292df8-d653-4057-8133-a0701792f912, 1, 0 [(0 [0xC004F014, 0, 0], [(?)(?)(?)(?)(?)(?)(?)(?)])(1 )(2 )(3 )]\r\n14: 8db63db6-4f8f-46d6-a448-66444faaaa72, 1, 0 [(0 [0xC004F014, 0, 0], [(?)(?)(?)(?)(?)(?)(?)(?)])(1 )(2 )(3 )]\r\n15: b0f8a518-2c58-4eb8-9319-084f0eb4ddc4, 1, 0 [(0 [0xC004F014, 0, 0], [(?)(?)(?)(?)(?)(?)(?)(?)])(1 )(2 )(3 )]\r\n16: cd918a57-a41b-4c82-8dce-1a538e221a83, 1, 0 [(0 [0xC004F014, 0, 0], [(?)(?)(?)(?)(?)(?)(?)(?)])(1 )(2 )(3 )]\r\n17: da9621af-f086-4244-b563-18611e51aa1a, 1, 0 [(0 [0xC004F014, 0, 0], [(?)(?)(?)(?)(?)(?)(?)(?)])(1 )(2 )(3 )]\r\n18: e371d89a-73e8-4b24-a7ff-23a3641dd18e, 1, 0 [(0 [0xC004F014, 0, 0], [(?)(?)(?)(?)(?)(?)(?)(?)])(1 )(2 )(3 )]\r\n19: ed799377-74b8-4989-a244-14d082e65972, 1, 0 [(0 [0xC004F014, 0, 0], [(?)(?)(?)(?)(?)(?)(?)(?)])(1 )(2 )(3 )]\r\n20: 0427ae42-b454-442d-b69a-d938b6a3bcdc, 0, 0 [0xC004F055]\r\n21: 0b533b5e-08b6-44f9-b885-c2de291ba456, 0, 0 [0xC004F055]\r\n22: 0c2ce8ac-7989-4e40-b934-068d8d71dd72, 0, 0 [0xC004F055]\r\n23: 1043add5-23b1-4afb-9a0f-64343c8f3f8d, 0, 0 [0xC004F055]\r\n24: 14240489-7c2d-42ee-a167-4913ca4672da, 0, 0 [0xC004F055]\r\n25: 1d9c9529-17be-48f7-bba5-a16ed636cfcb, 0, 0 [0xC004F055]\r\n26: 2bd41139-19ec-49e9-8271-db6f9fe0052d, 0, 0 [0xC004F055]\r\n27: 4acda200-3f2b-4b73-9839-f3603f99e7cd, 0, 0 [0xC004F055]\r\n28: 4dac5a0c-5709-4595-a32c-14a56a4a6b31, 0, 0 [0xC004F055]\r\n29: 5f1b1317-625e-4b1c-8d22-4bd93e3ae14e, 0, 0 [0xC004F055]\r\n30: 75863c7d-946f-4ff2-a07c-5551dedd1e15, 0, 0 [0xC004F055]\r\n31: 7b76ee02-0a75-4f08-85d5-bd0feadad0c0, 0, 0 [0xC004F055]\r\n32: 83d49986-add3-41d7-ba33-87c7bfb5c0fb, 0, 0 [0xC004F055]\r\n33: 84b9b0fc-b69d-42a6-a21d-9e0ce4125f7e, 0, 0 [0xC004F055]\r\n34: 8fe12eb1-a7ab-4410-83fb-9f6dbcb4a574, 0, 0 [0xC004F055]\r\n35: 909aa75d-43ee-413c-9030-c62e43287cf8, 0, 0 [0xC004F055]\r\n36: a6da5617-cb89-4acb-beb5-ccdbb871c922, 0, 0 [0xC004F055]\r\n37: a9fa3c71-7f63-4ea0-94be-1de2eab0a4d1, 0, 0 [0xC004F055]\r\n38: b705d67e-527a-4f11-b904-7be441066a22, 0, 0 [0xC004F055]\r\n39: b8527af1-5389-447c-9a88-2d1691ea33d3, 0, 0 [0xC004F055]\r\n40: e5fbdd17-c03d-4bed-9567-c60dee82f47e, 0, 0 [0xC004F055]\r\n41: ed6568de-daeb-4b01-9c4a-5f89018125d8, 0, 0 [0xC004F055]\r\n42: f520e45e-7413-4a34-a497-d2765967d094, 0, 0 [0xC004F055]\r\n43: f69e2d51-3bbd-4ddf-8da7-a145e9dca597, 0, 0 [0xC004F055]\r\n\r\n","Binary":""}}}
{"Event":{"System":{"Provider":{"@Name":"Microsoft-Windows-Security-SPP","@Guid":"{E23B33B0-C8C9-472C-A5F9-F2BDFEA0F156}","@EventSourceName":"Software Protection Platform Service"},"EventID":{"@Qualifiers":"49152","#text":"8198"},"Version":"0","Level":"2","Task":"0","Opcode":"0","Keywords":"0x80000000000000","TimeCreated":{"@SystemTime":"2025-04-22 14:12:03.2536791"},"EventRecordID":"3578","Correlation":null,"Execution":{"@ProcessID":"0","@ThreadID":"0"},"Channel":"Application","Computer":"Server002","Security":null},"EventData":{"Data":"hr=0x80004005, RuleId=31e71c49-8da7-4a2f-ad92-45d98a1c79ba;Action=AutoActivate;AppId=55c92734-d682-4d71-983e-d6ec3f16059f;SkuId=2b1f36bb-c1cd-4306-bf5c-a0367c2d97d8;NotificationInterval=1440;Trigger=UserLogon;SessionId=2","Binary":""}}}
{"Event":{"System":{"Provider":{"@Name":"ESENT"},"EventID":{"@Qualifiers":"0","#text":"472"},"Version":"0","Level":"3","Task":"3","Opcode":"0","Keywords":"0x80000000000000","TimeCreated":{"@SystemTime":"2025-04-22 14:12:04.6872100"},"EventRecordID":"3579","Correlation":null,"Execution":{"@ProcessID":"0","@ThreadID":"0"},"Channel":"Application","Computer":"Server002","Security":null},"EventData":{"Data":"taskhostw, 7472,R,98, WebCacheLocal: , C:\\Users\\lplui\\AppData\\Local\\Microsoft\\Windows\\WebCache\\WebCacheV01.dat, 32768","Binary":""}}}
{"Event":{"System":{"Provider":{"@Name":"Microsoft-Windows-Security-SPP","@Guid":"{E23B33B0-C8C9-472C-A5F9-F2BDFEA0F156}","@EventSourceName":"Software Protection Platform Service"},"EventID":{"@Qualifiers":"16384","#text":"16384"},"Version":"0","Level":"4","Task":"0","Opcode":"0","Keywords":"0x80000000000000","TimeCreated":{"@SystemTime":"2025-04-22 14:12:43.5440810"},"EventRecordID":"3580","Correlation":null,"Execution":{"@ProcessID":"0","@ThreadID":"0"},"Channel":"Application","Computer":"Server002","Security":null},"EventData":{"Data":"2025-04-23T14:11:43Z, RulesEngine","Binary":""}}}
{"Event":{"System":{"Provider":{"@Name":"Edge"},"EventID":{"@Qualifiers":"32768","#text":"256"},"Version":"0","Level":"4","Task":"1","Opcode":"0","Keywords":"0x80000000000000","TimeCreated":{"@SystemTime":"2025-04-22 14:12:56.1251553"},"EventRecordID":"3581","Correlation":null,"Execution":{"@ProcessID":"0","@ThreadID":"0"},"Channel":"Application","Computer":"Server002","Security":{"@UserID":"S-1-5-21-3962163828-2803415714-1403596700-1001"}},"EventData":{"Data":"[6904:4892:0422/151256.122:INFO:extension_garbage_collector.cc(183)] Garbage collection for extensions on file thread is complete.","Binary":""}}}
{"Event":{"System":{"Provider":{"@Name":"Microsoft-Windows-Security-SPP","@Guid":"{E23B33B0-C8C9-472C-A5F9-F2BDFEA0F156}","@EventSourceName":"Software Protection Platform Service"},"EventID":{"@Qualifiers":"49152","#text":"16394"},"Version":"0","Level":"4","Task":"0","Opcode":"0","Keywords":"0x80000000000000","TimeCreated":{"@SystemTime":"2025-04-22 14:16:56.4810025"},"EventRecordID":"3582","Correlation":null,"Execution":{"@ProcessID":"0","@ThreadID":"0"},"Channel":"Application","Computer":"Server002","Security":null},"EventData":{"Data":"","Binary":""}}}
{"Event":{"System":{"Provider":{"@Name":"Microsoft-Windows-Security-SPP","@Guid":"{E23B33B0-C8C9-472C-A5F9-F2BDFEA0F156}","@EventSourceName":"Software Protection Platform Service"},"EventID":{"@Qualifiers":"16384","#text":"16384"},"Version":"0","Level":"4","Task":"0","Opcode":"0","Keywords":"0x80000000000000","TimeCreated":{"@SystemTime":"2025-04-22 14:17:17.2661252"},"EventRecordID":"3583","Correlation":null,"Execution":{"@ProcessID":"0","@ThreadID":"0"},"Channel":"Application","Computer":"Server002","Security":null},"EventData":{"Data":"2025-04-23T14:11:17Z, RulesEngine","Binary":""}}}
{"Event":{"System":{"Provider":{"@Name":"brave"},"EventID":{"@Qualifiers":"0","#text":"0"},"Version":"0","Level":"4","Task":"0","Opcode":"0","Keywords":"0x80000000000000","TimeCreated":{"@SystemTime":"2025-04-22 14:46:04.1416543"},"EventRecordID":"3584","Correlation":null,"Execution":{"@ProcessID":"0","@ThreadID":"0"},"Channel":"Application","Computer":"Server002","Security":null},"EventData":{"Data":"Service stopped","Binary":""}}}
{"Event":{"System":{"Provider":{"@Name":"Edge"},"EventID":{"@Qualifiers":"32768","#text":"256"},"Version":"0","Level":"4","Task":"1","Opcode":"0","Keywords":"0x80000000000000","TimeCreated":{"@SystemTime":"2025-04-22 15:12:15.3713107"},"EventRecordID":"3585","Correlation":null,"Execution":{"@ProcessID":"0","@ThreadID":"0"},"Channel":"Application","Computer":"Server002","Security":{"@UserID":"S-1-5-21-3962163828-2803415714-1403596700-1001"}},"EventData":{"Data":"[8580:8312:0422/161215.371:INFO:extension_garbage_collector.cc(183)] Garbage collection for extensions on file thread is complete.","Binary":""}}}
{"Event":{"System":{"Provider":{"@Name":"Brave-Browser"},"EventID":{"@Qualifiers":"32768","#text":"256"},"Version":"0","Level":"4","Task":"1","Opcode":"0","Keywords":"0x80000000000000","TimeCreated":{"@SystemTime":"2025-04-22 15:30:29.9013749"},"EventRecordID":"3586","Correlation":null,"Execution":{"@ProcessID":"0","@ThreadID":"0"},"Channel":"Application","Computer":"Server002","Security":{"@UserID":"S-1-5-21-3962163828-2803415714-1403596700-1001"}},"EventData":{"Data":"[2204:7300:0422/163029.818:INFO:extension_garbage_collector.cc(183)] Garbage collection for extensions on file thread is complete.","Binary":""}}}
{"Event":{"System":{"Provider":{"@Name":"Microsoft-Windows-Security-SPP","@Guid":"{E23B33B0-C8C9-472C-A5F9-F2BDFEA0F156}","@EventSourceName":"Software Protection Platform Service"},"EventID":{"@Qualifiers":"49152","#text":"16394"},"Version":"0","Level":"4","Task":"0","Opcode":"0","Keywords":"0x80000000000000","TimeCreated":{"@SystemTime":"2025-04-22 16:01:43.4492874"},"EventRecordID":"3587","Correlation":null,"Execution":{"@ProcessID":"0","@ThreadID":"0"},"Channel":"Application","Computer":"Server002","Security":null},"EventData":{"Data":"","Binary":""}}}
{"Event":{"System":{"Provider":{"@Name":"ESENT"},"EventID":{"@Qualifiers":"0","#text":"102"},"Version":"0","Level":"4","Task":"1","Opcode":"0","Keywords":"0x80000000000000","TimeCreated":{"@SystemTime":"2025-04-22 16:01:45.2990954"},"EventRecordID":"3588","Correlation":null,"Execution":{"@ProcessID":"0","@ThreadID":"0"},"Channel":"Application","Computer":"Server002","Security":null},"EventData":{"Data":"svchost, 10064,P,98, DS_Token_DB: , 0, 10, 00, 19045, 0000","Binary":""}}}
{"Event":{"System":{"Provider":{"@Name":"ESENT"},"EventID":{"@Qualifiers":"0","#text":"300"},"Version":"0","Level":"4","Task":"3","Opcode":"0","Keywords":"0x80000000000000","TimeCreated":{"@SystemTime":"2025-04-22 16:01:45.3085452"},"EventRecordID":"3589","Correlation":null,"Execution":{"@ProcessID":"0","@ThreadID":"0"},"Channel":"Application","Computer":"Server002","Security":null},"EventData":{"Data":"svchost, 10064,R,98, DS_Token_DB: ","Binary":""}}}
{"Event":{"System":{"Provider":{"@Name":"ESENT"},"EventID":{"@Qualifiers":"0","#text":"301"},"Version":"0","Level":"4","Task":"3","Opcode":"0","Keywords":"0x80000000000000","TimeCreated":{"@SystemTime":"2025-04-22 16:01:45.3160542"},"EventRecordID":"3590","Correlation":null,"Execution":{"@ProcessID":"0","@ThreadID":"0"},"Channel":"Application","Computer":"Server002","Security":null},"EventData":{"Data":"svchost, 10064,R,98, DS_Token_DB: , C:\\Windows\\system32\\config\\systemprofile\\AppData\\Local\\DataSharing\\Storage\\DSS00002.log, \r\n[1] 0.008585 -0.004785 (4) WT +J(CM:0, PgRf:0, Rd:0/0, Dy:0/0, Lg:52750/159) +M(C:0K, Fs:80, WS:116K # 124K, PF:8K # 8K, P:8K)., Insert   , 39","Binary":""}}}
{"Event":{"System":{"Provider":{"@Name":"ESENT"},"EventID":{"@Qualifiers":"0","#text":"301"},"Version":"0","Level":"4","Task":"3","Opcode":"0","Keywords":"0x80000000000000","TimeCreated":{"@SystemTime":"2025-04-22 16:01:45.3381179"},"EventRecordID":"3591","Correlation":null,"Execution":{"@ProcessID":"0","@ThreadID":"0"},"Channel":"Application","Computer":"Server002","Security":null},"EventData":{"Data":"svchost, 10064,R,98, DS_Token_DB: , C:\\Windows\\system32\\config\\systemprofile\\AppData\\Local\\DataSharing\\Storage\\DSS.log, \r\n[1] 0.032344 -0.004249 (6) WT +J(CM:0, PgRf:0, Rd:0/0, Dy:0/0, Lg:8112/6) +M(C:0K, Fs:49, WS:116K # 88K, PF:148K # 84K, P:148K)., AttachDB , 1","Binary":""}}}
{"Event":{"System":{"Provider":{"@Name":"ESENT"},"EventID":{"@Qualifiers":"0","#text":"302"},"Version":"0","Level":"4","Task":"3","Opcode":"0","Keywords":"0x80000000000000","TimeCreated":{"@SystemTime":"2025-04-22 16:01:45.3837004"},"EventRecordID":"3592","Correlation":null,"Execution":{"@ProcessID":"0","@ThreadID":"0"},"Channel":"Application","Computer":"Server002","Security":null},"EventData":{"Data":"svchost, 10064,U,98, DS_Token_DB: ","Binary":""}}}
{"Event":{"System":{"Provider":{"@Name":"ESENT"},"EventID":{"@Qualifiers":"0","#text":"105"},"Version":"0","Level":"4","Task":"1","Opcode":"0","Keywords":"0x80000000000000","TimeCreated":{"@SystemTime":"2025-04-22 16:01:45.3895182"},"EventRecordID":"3593","Correlation":null,"Execution":{"@ProcessID":"0","@ThreadID":"0"},"Channel":"Application","Computer":"Server002","Security":null},"EventData":{"Data":"svchost, 10064,D,0, DS_Token_DB: , 0, 0, \r\n[1] 0.001556 +J(0) +M(C:0K, Fs:183, WS:720K # 720K, PF:3232K # 3232K, P:3232K)\r\n[2] 0.001041 +J(0) +M(C:8K, Fs:97, WS:384K # 384K, PF:312K # 312K, P:312K)\r\n[3] 0.000012 +J(0) +M(C:0K, Fs:4, WS:16K # 16K, PF:64K # 64K, P:64K)\r\n[4] 0.000151 +J(0) +M(C:0K, Fs:26, WS:104K # 104K, PF:164K # 164K, P:164K)\r\n[5] 0.001644 +J(0) +M(C:0K, Fs:11, WS:44K # 44K, PF:24K # 24K, P:24K)\r\n[6] 0.007291 +J(0) +M(C:0K, Fs:29, WS:112K # 112K, PF:20K # 20K, P:20K)\r\n[7] 0.004240 -0.001255 (2) WT +J(0) +M(C:0K, Fs:33, WS:132K # 132K, PF:64K # 64K, P:64K)\r\n[8] 0.024195 -0.007386 (8) WT +J(CM:0, PgRf:0, Rd:0/0, Dy:0/0, Lg:52750/159) +M(C:0K, Fs:138, WS:272K # 332K, PF:88K # 156K, P:88K)\r\n[9] 0.042186 -0.005810 (10) WT +J(CM:0, PgRf:0, Rd:0/0, Dy:0/0, Lg:8112/6) +M(C:0K, Fs:59, WS:152K # 92K, PF:148K # 84K, P:148K) + 1 lgens\r\n[10] 0.001096 -0.000752 (1) WT +J(0) +M(C:0K, Fs:0, WS:-60K # 0K, PF:-60K # 0K, P:-60K)\r\n[11] 0.000019 +J(CM:0, PgRf:0, Rd:0/0, Dy:0/0, Lg:49/1) +M(C:0K, Fs:2, WS:8K # 0K, PF:0K # 0K, P:0K)\r\n[12] 0.007571 -0.000856 (1) WT +J(0) +M(C:0K, Fs:3, WS:12K # 0K, PF:52K # 0K, P:52K)\r\n[13] 0.087618 -0.001603 (2) CM -0.016301 (22) WT +J(CM:2, PgRf:2, Rd:0/2, Dy:0/0, Lg:8759/5) +M(C:0K, Fs:56, WS:104K # 128K, PF:160K # 216K, P:160K)\r\n[14] 0.000011 +J(0)\r\n[15] 0.000008 +J(0)\r\n[16] 0.000772 -0.000131 (1) WT +J(0) +M(C:0K, Fs:2, WS:0K # 0K, PF:0K # 0K, P:0K)., lgposV2[] = 00000002:0001:0000 - 00000002:000E:0000 - 00000003:0003:0000 - 00000003:0003:0000 (00000000:0000:0000)\r\ncReInits = 4\r\n","Binary":""}}}
{"Event":{"System":{"Provider":{"@Name":"ESENT"},"EventID":{"@Qualifiers":"0","#text":"326"},"Version":"0","Level":"4","Task":"1","Opcode":"0","Keywords":"0x80000000000000","TimeCreated":{"@SystemTime":"2025-04-22 16:01:45.4085996"},"EventRecordID":"3594","Correlation":null,"Execution":{"@ProcessID":"0","@ThreadID":"0"},"Channel":"Application","Computer":"Server002","Security":null},"EventData":{"Data":"svchost, 10064,D,50, DS_Token_DB: , 1, C:\\Windows\\system32\\config\\systemprofile\\AppData\\Local\\DataSharing\\Storage\\DSTokenDB2.dat, 0, \r\n[1] 0.000003 +J(0)\r\n[2] 0.001079 -0.000686 (1) WT +J(0) +M(C:0K, Fs:17, WS:4K # 12K, PF:4K # 0K, P:4K)\r\n[3] 0.020497 -0.004039 (6) WT +J(CM:0, PgRf:0, Rd:0/0, Dy:0/0, Lg:3480/2) +M(C:0K, Fs:13, WS:48K # 0K, PF:44K # 0K, P:44K)\r\n[4] 0.003465 +J(0)\r\n[5] -\r\n[6] -\r\n[7] -\r\n[8] 0.002722 -0.002339 (2) CM -0.001228 (2) WT +J(CM:2, PgRf:2, Rd:4/2, Dy:0/0, Lg:54/1) +M(C:8K, Fs:4, WS:16K # 0K, PF:28K # 8K, P:28K)\r\n[9] 0.002453 -0.002249 (4) CM -0.001971 (4) WT +J(CM:4, PgRf:23, Rd:0/3, Dy:0/0, Lg:0/0) +M(C:0K, Fs:28, WS:104K # 104K, PF:196K # 204K, P:196K)\r\n[10] 0.002406 -0.002305 (3) CM -0.001838 (3) WT +J(CM:3, PgRf:40, Rd:0/3, Dy:0/0, Lg:0/0) +M(C:0K, Fs:2, WS:8K # 8K, PF:64K # 56K, P:64K)\r\n[11] 0.000010 +J(CM:0, PgRf:1, Rd:0/0, Dy:0/0, Lg:0/0) +M(C:0K, Fs:2, WS:8K # 8K, PF:0K # 0K, P:0K)\r\n[12] 0.000029 +J(CM:0, PgRf:42, Rd:0/0, Dy:0/0, Lg:0/0) +M(C:0K, Fs:6, WS:24K # 24K, PF:0K # 0K, P:0K)\r\n[13] 0.0 +J(0)\r\n[14] 0.0 +J(0)\r\n[15] 0.000002 +J(CM:0, PgRf:1, Rd:0/0, Dy:0/0, Lg:0/0)., 1 0, lgposAttach = 00000003:0005:0268,\r\ndbv = 1568.110.240","Binary":""}}}
{"Event":{"System":{"Provider":{"@Name":"Microsoft-Windows-Security-SPP","@Guid":"{E23B33B0-C8C9-472C-A5F9-F2BDFEA0F156}","@EventSourceName":"Software Protection Platform Service"},"EventID":{"@Qualifiers":"16384","#text":"16384"},"Version":"0","Level":"4","Task":"0","Opcode":"0","Keywords":"0x80000000000000","TimeCreated":{"@SystemTime":"2025-04-22 16:02:11.8273113"},"EventRecordID":"3595","Correlation":null,"Execution":{"@ProcessID":"0","@ThreadID":"0"},"Channel":"Application","Computer":"Server002","Security":null},"EventData":{"Data":"2025-04-23T14:11:11Z, RulesEngine","Binary":""}}}
{"Event":{"System":{"Provider":{"@Name":"Microsoft-Windows-Security-SPP","@Guid":"{E23B33B0-C8C9-472C-A5F9-F2BDFEA0F156}","@EventSourceName":"Software Protection Platform Service"},"EventID":{"@Qualifiers":"49152","#text":"16394"},"Version":"0","Level":"4","Task":"0","Opcode":"0","Keywords":"0x80000000000000","TimeCreated":{"@SystemTime":"2025-04-22 16:05:54.7274712"},"EventRecordID":"3596","Correlation":null,"Execution":{"@ProcessID":"0","@ThreadID":"0"},"Channel":"Application","Computer":"Server002","Security":null},"EventData":{"Data":"","Binary":""}}}
{"Event":{"System":{"Provider":{"@Name":"Microsoft-Windows-Security-SPP","@Guid":"{E23B33B0-C8C9-472C-A5F9-F2BDFEA0F156}","@EventSourceName":"Software Protection Platform Service"},"EventID":{"@Qualifiers":"16384","#text":"16384"},"Version":"0","Level":"4","Task":"0","Opcode":"0","Keywords":"0x80000000000000","TimeCreated":{"@SystemTime":"2025-04-22 16:06:10.4444308"},"EventRecordID":"3597","Correlation":null,"Execution":{"@ProcessID":"0","@ThreadID":"0"},"Channel":"Application","Computer":"Server002","Security":null},"EventData":{"Data":"2025-04-23T14:11:10Z, RulesEngine","Binary":""}}}
{"Event":{"System":{"Provider":{"@Name":"Microsoft-Windows-Security-SPP","@Guid":"{E23B33B0-C8C9-472C-A5F9-F2BDFEA0F156}","@EventSourceName":"Software Protection Platform Service"},"EventID":{"@Qualifiers":"49152","#text":"16394"},"Version":"0","Level":"4","Task":"0","Opcode":"0","Keywords":"0x80000000000000","TimeCreated":{"@SystemTime":"2025-04-22 16:12:20.8146223"},"EventRecordID":"3598","Correlation":null,"Execution":{"@ProcessID":"0","@ThreadID":"0"},"Channel":"Application","Computer":"Server002","Security":null},"EventData":{"Data":"","Binary":""}}}
{"Event":{"System":{"Provider":{"@Name":"Microsoft-Windows-Security-SPP","@Guid":"{E23B33B0-C8C9-472C-A5F9-F2BDFEA0F156}","@EventSourceName":"Software Protection Platform Service"},"EventID":{"@Qualifiers":"16384","#text":"16384"},"Version":"0","Level":"4","Task":"0","Opcode":"0","Keywords":"0x80000000000000","TimeCreated":{"@SystemTime":"2025-04-22 16:12:44.8429680"},"EventRecordID":"3599","Correlation":null,"Execution":{"@ProcessID":"0","@ThreadID":"0"},"Channel":"Application","Computer":"Server002","Security":null},"EventData":{"Data":"2025-04-23T14:11:44Z, RulesEngine","Binary":""}}}
{"Event":{"System":{"Provider":{"@Name":"Windows Error Reporting"},"EventID":{"@Qualifiers":"0","#text":"1001"},"Version":"0","Level":"4","Task":"0","Opcode":"0","Keywords":"0x80000000000000","TimeCreated":{"@SystemTime":"2025-04-22 18:02:29.9309704"},"EventRecordID":"3600","Correlation":null,"Execution":{"@ProcessID":"0","@ThreadID":"0"},"Channel":"Application","Computer":"Server002","Security":null},"EventData":{"Data":"1964798337670755163, 5, RADAR_PRE_LEAK_64, Not available, 0, ChatGPT.exe, 1.2025.90.0, 10.0.19045.2.0.0, \r\n\\\\?\\C:\\Users\\lplui\\AppData\\Local\\Temp\\RDRC63F.tmp\\empty.txt\r\n\\\\?\\C:\\ProgramData\\Microsoft\\Windows\\WER\\Temp\\WERC66F.tmp.WERInternalMetadata.xml\r\n\\\\?\\C:\\ProgramData\\Microsoft\\Windows\\WER\\Temp\\WERC6DD.tmp.xml\r\n\\\\?\\C:\\ProgramData\\Microsoft\\Windows\\WER\\Temp\\WERC748.tmp.csv\r\n\\\\?\\C:\\ProgramData\\Microsoft\\Windows\\WER\\Temp\\WERC749.tmp.txt, 0, bedbd1fb-8893-4df0-9a54-cebceb0d179f, 268435456, 2bbedc089890dd7dbb445dad9c24b35b, 0","Binary":""}}}
{"Event":{"System":{"Provider":{"@Name":"Microsoft-Windows-Security-SPP","@Guid":"{E23B33B0-C8C9-472C-A5F9-F2BDFEA0F156}","@EventSourceName":"Software Protection Platform Service"},"EventID":{"@Qualifiers":"49152","#text":"16394"},"Version":"0","Level":"4","Task":"0","Opcode":"0","Keywords":"0x80000000000000","TimeCreated":{"@SystemTime":"2025-04-22 18:22:48.6364148"},"EventRecordID":"3601","Correlation":null,"Execution":{"@ProcessID":"0","@ThreadID":"0"},"Channel":"Application","Computer":"Server002","Security":null},"EventData":{"Data":"","Binary":""}}}
{"Event":{"System":{"Provider":{"@Name":"Microsoft-Windows-Security-SPP","@Guid":"{E23B33B0-C8C9-472C-A5F9-F2BDFEA0F156}","@EventSourceName":"Software Protection Platform Service"},"EventID":{"@Qualifiers":"16384","#text":"16384"},"Version":"0","Level":"4","Task":"0","Opcode":"0","Keywords":"0x80000000000000","TimeCreated":{"@SystemTime":"2025-04-22 18:23:17.5668761"},"EventRecordID":"3602","Correlation":null,"Execution":{"@ProcessID":"0","@ThreadID":"0"},"Channel":"Application","Computer":"Server002","Security":null},"EventData":{"Data":"2025-04-23T14:11:17Z, RulesEngine","Binary":""}}}
{"Event":{"System":{"Provider":{"@Name":"Application Error"},"EventID":{"@Qualifiers":"0","#text":"1000"},"Version":"0","Level":"2","Task":"100","Opcode":"0","Keywords":"0x80000000000000","TimeCreated":{"@SystemTime":"2025-04-22 19:30:44.2918717"},"EventRecordID":"3603","Correlation":null,"Execution":{"@ProcessID":"0","@ThreadID":"0"},"Channel":"Application","Computer":"Server002","Security":null},"EventData":{"Data":"WebViewHost.exe, 18.2504.31516.0, 67fec2e7, ntdll.dll, 10.0.19041.5438, ab0dece3, c000000d, 00000000001123a4, 1b18, 01dbb3909c44d1bd, C:\\Program Files\\WindowsApps\\Microsoft.MicrosoftOfficeHub_18.2504.31516.0_x64__8wekyb3d8bbwe\\WebViewHost.exe, C:\\Windows\\SYSTEM32\\ntdll.dll, f923a649-6792-4561-a98d-604c7a61cd47, Microsoft.MicrosoftOfficeHub_18.2504.31516.0_x64__8wekyb3d8bbwe, Microsoft.MicrosoftOfficeHub","Binary":""}}}
{"Event":{"System":{"Provider":{"@Name":"Windows Error Reporting"},"EventID":{"@Qualifiers":"0","#text":"1001"},"Version":"0","Level":"4","Task":"0","Opcode":"0","Keywords":"0x80000000000000","TimeCreated":{"@SystemTime":"2025-04-22 19:30:51.9176642"},"EventRecordID":"3604","Correlation":null,"Execution":{"@ProcessID":"0","@ThreadID":"0"},"Channel":"Application","Computer":"Server002","Security":null},"EventData":{"Data":"0, MoBEX, Not available, 0, Microsoft.MicrosoftOfficeHub_18.2504.31516.0_x64__8wekyb3d8bbwe, praid:Microsoft.MicrosoftOfficeHub, 18.2504.31516.0, 67fec2e7, ntdll.dll, 10.0.19041.5438, ab0dece3, 00000000001123a4, c000000d, 0000000000000000, \\\\?\\C:\\ProgramData\\Microsoft\\Windows\\WER\\ReportQueue\\AppCrash_Microsoft.Micros_7c9004bd7d2bd33963e5ab1816b2e499eb4e2e_e7b457cd_7715b10e-be89-40fd-b77f-2dbdd8cc6b68, 0, f923a649-6792-4561-a98d-604c7a61cd47, 131076, 0","Binary":""}}}
{"Event":{"System":{"Provider":{"@Name":"Application Error"},"EventID":{"@Qualifiers":"0","#text":"1000"},"Version":"0","Level":"2","Task":"100","Opcode":"0","Keywords":"0x80000000000000","TimeCreated":{"@SystemTime":"2025-04-22 19:30:58.7522517"},"EventRecordID":"3605","Correlation":null,"Execution":{"@ProcessID":"0","@ThreadID":"0"},"Channel":"Application","Computer":"Server002","Security":null},"EventData":{"Data":"WebViewHost.exe, 18.2504.31516.0, 67fec2e7, WebViewHost.exe, 18.2504.31516.0, 67fec2e7, c0000005, 0000000000067094, 1b18, 01dbb3909c44d1bd, C:\\Program Files\\WindowsApps\\Microsoft.MicrosoftOfficeHub_18.2504.31516.0_x64__8wekyb3d8bbwe\\WebViewHost.exe, C:\\Program Files\\WindowsApps\\Microsoft.MicrosoftOfficeHub_18.2504.31516.0_x64__8wekyb3d8bbwe\\WebViewHost.exe, 23ad8109-fc78-4402-8da0-d98ba5df0020, Microsoft.MicrosoftOfficeHub_18.2504.31516.0_x64__8wekyb3d8bbwe, Microsoft.MicrosoftOfficeHub","Binary":""}}}
{"Event":{"System":{"Provider":{"@Name":"Windows Error Reporting"},"EventID":{"@Qualifiers":"0","#text":"1001"},"Version":"0","Level":"4","Task":"0","Opcode":"0","Keywords":"0x80000000000000","TimeCreated":{"@SystemTime":"2025-04-22 19:31:14.7227259"},"EventRecordID":"3606","Correlation":null,"Execution":{"@ProcessID":"0","@ThreadID":"0"},"Channel":"Application","Computer":"Server002","Security":null},"EventData":{"Data":"0, MoAppCrash, Not available, 0, Microsoft.MicrosoftOfficeHub_18.2504.31516.0_x64__8wekyb3d8bbwe, praid:Microsoft.MicrosoftOfficeHub, 18.2504.31516.0, 67fec2e7, WebViewHost.exe, 18.2504.31516.0, 67fec2e7, c0000005, 0000000000067094, \\\\?\\C:\\ProgramData\\Microsoft\\Windows\\WER\\ReportQueue\\AppCrash_Microsoft.Micros_c77f9ca198fb8f853e83dcb5374a3db4a8a891_e7b457cd_793d60cb-c182-47b1-95ea-5969e81b8844, 0, 23ad8109-fc78-4402-8da0-d98ba5df0020, 131076, 0","Binary":""}}}
{"Event":{"System":{"Provider":{"@Name":"Edge"},"EventID":{"@Qualifiers":"32768","#text":"256"},"Version":"0","Level":"4","Task":"1","Opcode":"0","Keywords":"0x80000000000000","TimeCreated":{"@SystemTime":"2025-04-22 19:31:20.8003621"},"EventRecordID":"3607","Correlation":null,"Execution":{"@ProcessID":"0","@ThreadID":"0"},"Channel":"Application","Computer":"Server002","Security":{"@UserID":"S-1-5-21-3962163828-2803415714-1403596700-1001"}},"EventData":{"Data":"[9796:1260:0422/203120.798:INFO:extension_garbage_collector.cc(183)] Garbage collection for extensions on file thread is complete.","Binary":""}}}
{"Event":{"System":{"Provider":{"@Name":"Application Error"},"EventID":{"@Qualifiers":"0","#text":"1000"},"Version":"0","Level":"2","Task":"100","Opcode":"0","Keywords":"0x80000000000000","TimeCreated":{"@SystemTime":"2025-04-22 19:31:23.8371019"},"EventRecordID":"3608","Correlation":null,"Execution":{"@ProcessID":"0","@ThreadID":"0"},"Channel":"Application","Computer":"Server002","Security":null},"EventData":{"Data":"WebViewHost.exe, 18.2504.31516.0, 67fec2e7, WebViewHost.exe, 18.2504.31516.0, 67fec2e7, c0000005, 0000000000067094, 1b18, 01dbb3909c44d1bd, C:\\Program Files\\WindowsApps\\Microsoft.MicrosoftOfficeHub_18.2504.31516.0_x64__8wekyb3d8bbwe\\WebViewHost.exe, C:\\Program Files\\WindowsApps\\Microsoft.MicrosoftOfficeHub_18.2504.31516.0_x64__8wekyb3d8bbwe\\WebViewHost.exe, 577b69be-ec00-4e17-8a1e-4ed3efa371a8, Microsoft.MicrosoftOfficeHub_18.2504.31516.0_x64__8wekyb3d8bbwe, Microsoft.MicrosoftOfficeHub","Binary":""}}}
{"Event":{"System":{"Provider":{"@Name":"Microsoft-Windows-Security-SPP","@Guid":"{E23B33B0-C8C9-472C-A5F9-F2BDFEA0F156}","@EventSourceName":"Software Protection Platform Service"},"EventID":{"@Qualifiers":"49152","#text":"16394"},"Version":"0","Level":"4","Task":"0","Opcode":"0","Keywords":"0x80000000000000","TimeCreated":{"@SystemTime":"2025-04-22 19:31:43.8706947"},"EventRecordID":"3609","Correlation":null,"Execution":{"@ProcessID":"0","@ThreadID":"0"},"Channel":"Application","Computer":"Server002","Security":null},"EventData":{"Data":"","Binary":""}}}
