{"Event":{"System":{"Provider":{"@Name":"Microsoft-Windows-Sysmon","@Guid":"5770385f-c22a-43e0-bf4c-06f5698ffbd9"},"EventID":"1","Version":"5","Level":"4","Task":"1","Opcode":"0","Keywords":"0x8000000000000000","TimeCreated":{"@SystemTime":"2025-04-29 14:17:32.5199206"},"EventRecordID":"51218","Correlation":null,"Execution":{"@ProcessID":"2744","@ThreadID":"704"},"Channel":"Microsoft-Windows-Sysmon/Operational","Computer":"Server002","Security":{"@UserID":"S-1-5-18"}},"EventData":{"Data":[{"@Name":"RuleName","#text":"-"},{"@Name":"UtcTime","#text":"2025-04-29 14:17:32.265"},{"@Name":"ProcessGuid","#text":"dbf410b3-df7c-6810-1e04-000000004300"},{"@Name":"ProcessId","#text":"5824"},{"@Name":"Image","#text":"C:\\Users\\lplui\\AppData\\Local\\Temp\\D1F73399-C58E-4DDA-8F11-0DCC6475A8BA\\DismHost.exe"},{"@Name":"FileVersion","#text":"10.0.19041.3636 (WinBuild.160101.0800)"},{"@Name":"Description","#text":"Dism Host Servicing Process"},{"@Name":"Product","#text":"Microsoft® Windows® Operating System"},{"@Name":"Company","#text":"Microsoft Corporation"},{"@Name":"OriginalFileName","#text":"DismHost.exe"},{"@Name":"CommandLine","#text":"C:\\Users\\lplui\\AppData\\Local\\Temp\\D1F73399-C58E-4DDA-8F11-0DCC6475A8BA\\dismhost.exe {B8912F69-FB6F-4E75-B045-ED5DF3EBB282}"},{"@Name":"CurrentDirectory","#text":"C:\\Windows\\system32\\"},{"@Name":"User","#text":"SERVER002\\lplui"},{"@Name":"LogonGuid","#text":"dbf410b3-a62f-6810-79c7-030000000000"},{"@Name":"LogonId","#text":"0x3C779"},{"@Name":"TerminalSessionId","#text":"1"},{"@Name":"IntegrityLevel","#text":"High"},{"@Name":"Hashes","#text":"SHA256=E36BCF02BC11F560761E943D0FAD37417078F6CBB473F85C72FCBC89E2600C58"},{"@Name":"ParentProcessGuid","#text":"dbf410b3-df4e-6810-fa03-000000004300"},{"@Name":"ParentProcessId","#text":"9980"},{"@Name":"ParentImage","#text":"C:\\Windows\\System32\\cleanmgr.exe"},{"@Name":"ParentCommandLine","#text":"\"C:\\Windows\\system32\\cleanmgr.exe\" /autoclean /d C:"},{"@Name":"ParentUser","#text":"SERVER002\\lplui"}]}}}
{"Event":{"System":{"Provider":{"@Name":"Microsoft-Windows-Sysmon","@Guid":"5770385f-c22a-43e0-bf4c-06f5698ffbd9"},"EventID":"1","Version":"5","Level":"4","Task":"1","Opcode":"0","Keywords":"0x8000000000000000","TimeCreated":{"@SystemTime":"2025-04-29 14:17:33.6252376"},"EventRecordID":"51219","Correlation":null,"Execution":{"@ProcessID":"2744","@ThreadID":"704"},"Channel":"Microsoft-Windows-Sysmon/Operational","Computer":"Server002","Security":{"@UserID":"S-1-5-18"}},"EventData":{"Data":[{"@Name":"RuleName","#text":"-"},{"@Name":"UtcTime","#text":"2025-04-29 14:17:33.590"},{"@Name":"ProcessGuid","#text":"dbf410b3-df7d-6810-1f04-000000004300"},{"@Name":"ProcessId","#text":"10844"},{"@Name":"Image","#text":"C:\\Windows\\System32\\wbem\\WmiPrvSE.exe"},{"@Name":"FileVersion","#text":"10.0.19041.3636 (WinBuild.160101.0800)"},{"@Name":"Description","#text":"WMI Provider Host"},{"@Name":"Product","#text":"Microsoft® Windows® Operating System"},{"@Name":"Company","#text":"Microsoft Corporation"},{"@Name":"OriginalFileName","#text":"Wmiprvse.exe"},{"@Name":"CommandLine","#text":"C:\\Windows\\system32\\wbem\\wmiprvse.exe -secured -Embedding"},{"@Name":"CurrentDirectory","#text":"C:\\Windows\\system32\\"},{"@Name":"User","#text":"NT AUTHORITY\\NETWORK SERVICE"},{"@Name":"LogonGuid","#text":"dbf410b3-c246-6810-e403-000000000000"},{"@Name":"LogonId","#text":"0x3E4"},{"@Name":"TerminalSessionId","#text":"0"},{"@Name":"IntegrityLevel","#text":"System"},{"@Name":"Hashes","#text":"SHA256=8BBDEAD7357AF7BF0EFE397F9FD7E0EC578755EB8BDBAA65AE4F28EF00087AD5"},{"@Name":"ParentProcessGuid","#text":"dbf410b3-c246-6810-0f00-000000004300"},{"@Name":"ParentProcessId","#text":"808"},{"@Name":"ParentImage","#text":"C:\\Windows\\System32\\svchost.exe"},{"@Name":"ParentCommandLine","#text":"C:\\Windows\\system32\\svchost.exe -k DcomLaunch -p"},{"@Name":"ParentUser","#text":"NT AUTHORITY\\SYSTEM"}]}}}
{"Event":{"System":{"Provider":{"@Name":"Microsoft-Windows-Sysmon","@Guid":"5770385f-c22a-43e0-bf4c-06f5698ffbd9"},"EventID":"1","Version":"5","Level":"4","Task":"1","Opcode":"0","Keywords":"0x8000000000000000","TimeCreated":{"@SystemTime":"2025-04-29 14:17:38.2341820"},"EventRecordID":"51220","Correlation":null,"Execution":{"@ProcessID":"2744","@ThreadID":"704"},"Channel":"Microsoft-Windows-Sysmon/Operational","Computer":"Server002","Security":{"@UserID":"S-1-5-18"}},"EventData":{"Data":[{"@Name":"RuleName","#text":"-"},{"@Name":"UtcTime","#text":"2025-04-29 14:17:38.108"},{"@Name":"ProcessGuid","#text":"dbf410b3-df82-6810-2004-000000004300"},{"@Name":"ProcessId","#text":"5700"},{"@Name":"Image","#text":"C:\\Windows\\Microsoft.NET\\Framework\\v4.0.30319\\ngen.exe"},{"@Name":"FileVersion","#text":"4.8.9093.0 built by: NET481REL1LAST_C"},{"@Name":"Description","#text":"Microsoft Common Language Runtime native compiler"},{"@Name":"Product","#text":"Microsoft® .NET Framework"},{"@Name":"Company","#text":"Microsoft Corporation"},{"@Name":"OriginalFileName","#text":"ngen.exe"},{"@Name":"CommandLine","#text":"\"C:\\Windows\\Microsoft.NET\\Framework\\v4.0.30319\\ngen.exe\" install \"System.Core, Version=4.0.0.0, Culture=neutral, PublicKeyToken=b77a5c561934e089\" /NoDependencies /noroot /version:v4.0.30319 /LegacyServiceBehavior"},{"@Name":"CurrentDirectory","#text":"C:\\Windows\\system32\\"},{"@Name":"User","#text":"NT AUTHORITY\\SYSTEM"},{"@Name":"LogonGuid","#text":"dbf410b3-c246-6810-e703-000000000000"},{"@Name":"LogonId","#text":"0x3E7"},{"@Name":"TerminalSessionId","#text":"0"},{"@Name":"IntegrityLevel","#text":"System"},{"@Name":"Hashes","#text":"SHA256=764B4BD62D6F2DAAC1D2FA28B5CDE02B0F33E0C3929C799BD009169BFCCC952C"},{"@Name":"ParentProcessGuid","#text":"dbf410b3-df53-6810-1404-000000004300"},{"@Name":"ParentProcessId","#text":"4700"},{"@Name":"ParentImage","#text":"C:\\Windows\\Microsoft.NET\\Framework\\v4.0.30319\\ngentask.exe"},{"@Name":"ParentCommandLine","#text":"\"C:\\Windows\\Microsoft.NET\\Framework\\v4.0.30319\\NGenTask.exe\" /RuntimeWide /StopEvent:1008"},{"@Name":"ParentUser","#text":"NT AUTHORITY\\SYSTEM"}]}}}
{"Event":{"System":{"Provider":{"@Name":"Microsoft-Windows-Sysmon","@Guid":"5770385f-c22a-43e0-bf4c-06f5698ffbd9"},"EventID":"1","Version":"5","Level":"4","Task":"1","Opcode":"0","Keywords":"0x8000000000000000","TimeCreated":{"@SystemTime":"2025-04-29 14:17:38.2470928"},"EventRecordID":"51221","Correlation":null,"Execution":{"@ProcessID":"2744","@ThreadID":"704"},"Channel":"Microsoft-Windows-Sysmon/Operational","Computer":"Server002","Security":{"@UserID":"S-1-5-18"}},"EventData":{"Data":[{"@Name":"RuleName","#text":"-"},{"@Name":"UtcTime","#text":"2025-04-29 14:17:38.155"},{"@Name":"ProcessGuid","#text":"dbf410b3-df82-6810-2104-000000004300"},{"@Name":"ProcessId","#text":"12348"},{"@Name":"Image","#text":"C:\\Windows\\Microsoft.NET\\Framework64\\v4.0.30319\\ngen.exe"},{"@Name":"FileVersion","#text":"4.8.9093.0 built by: NET481REL1LAST_C"},{"@Name":"Description","#text":"Microsoft Common Language Runtime native compiler"},{"@Name":"Product","#text":"Microsoft® .NET Framework"},{"@Name":"Company","#text":"Microsoft Corporation"},{"@Name":"OriginalFileName","#text":"ngen.exe"},{"@Name":"CommandLine","#text":"\"C:\\Windows\\Microsoft.NET\\Framework64\\v4.0.30319\\ngen.exe\" install \"System.Core, Version=4.0.0.0, Culture=neutral, PublicKeyToken=b77a5c561934e089\" /NoDependencies /noroot /version:v4.0.30319 /LegacyServiceBehavior"},{"@Name":"CurrentDirectory","#text":"C:\\Windows\\system32\\"},{"@Name":"User","#text":"NT AUTHORITY\\SYSTEM"},{"@Name":"LogonGuid","#text":"dbf410b3-c246-6810-e703-000000000000"},{"@Name":"LogonId","#text":"0x3E7"},{"@Name":"TerminalSessionId","#text":"0"},{"@Name":"IntegrityLevel","#text":"System"},{"@Name":"Hashes","#text":"SHA256=E6AEFA5D91A23AAD8E7B9A7DB0D3BE218410086AD4D73471ED260980156418C7"},{"@Name":"ParentProcessGuid","#text":"dbf410b3-df53-6810-1504-000000004300"},{"@Name":"ParentProcessId","#text":"9076"},{"@Name":"ParentImage","#text":"C:\\Windows\\Microsoft.NET\\Framework64\\v4.0.30319\\ngentask.exe"},{"@Name":"ParentCommandLine","#text":"\"C:\\Windows\\Microsoft.NET\\Framework64\\v4.0.30319\\NGenTask.exe\" /RuntimeWide /StopEvent:1016"},{"@Name":"ParentUser","#text":"NT AUTHORITY\\SYSTEM"}]}}}
{"Event":{"System":{"Provider":{"@Name":"Microsoft-Windows-Sysmon","@Guid":"5770385f-c22a-43e0-bf4c-06f5698ffbd9"},"EventID":"1","Version":"5","Level":"4","Task":"1","Opcode":"0","Keywords":"0x8000000000000000","TimeCreated":{"@SystemTime":"2025-04-29 14:17:38.9923328"},"EventRecordID":"51222","Correlation":null,"Execution":{"@ProcessID":"2744","@ThreadID":"704"},"Channel":"Microsoft-Windows-Sysmon/Operational","Computer":"Server002","Security":{"@UserID":"S-1-5-18"}},"EventData":{"Data":[{"@Name":"RuleName","#text":"-"},{"@Name":"UtcTime","#text":"2025-04-29 14:17:38.864"},{"@Name":"ProcessGuid","#text":"dbf410b3-df82-6810-2204-000000004300"},{"@Name":"ProcessId","#text":"3624"},{"@Name":"Image","#text":"C:\\Windows\\Microsoft.NET\\Framework\\v4.0.30319\\mscorsvw.exe"},{"@Name":"FileVersion","#text":"4.8.9093.0 built by: NET481REL1LAST_C"},{"@Name":"Description","#text":".NET Runtime Optimization Service"},{"@Name":"Product","#text":"Microsoft® .NET Framework"},{"@Name":"Company","#text":"Microsoft Corporation"},{"@Name":"OriginalFileName","#text":"mscorsvw.exe"},{"@Name":"CommandLine","#text":"C:\\Windows\\Microsoft.NET\\Framework\\v4.0.30319\\mscorsvw.exe -StartupEvent 234 -InterruptEvent 0 -NGENProcess 220 -Pipe 230 -Comment \"NGen Worker Process\""},{"@Name":"CurrentDirectory","#text":"C:\\Windows\\system32\\"},{"@Name":"User","#text":"NT AUTHORITY\\SYSTEM"},{"@Name":"LogonGuid","#text":"dbf410b3-c246-6810-e703-000000000000"},{"@Name":"LogonId","#text":"0x3E7"},{"@Name":"TerminalSessionId","#text":"0"},{"@Name":"IntegrityLevel","#text":"System"},{"@Name":"Hashes","#text":"SHA256=0F5305796FA4135C338C80B8529EEE9C38FFB938BCF89984B0CDC77B9673DD75"},{"@Name":"ParentProcessGuid","#text":"dbf410b3-df82-6810-2004-000000004300"},{"@Name":"ParentProcessId","#text":"5700"},{"@Name":"ParentImage","#text":"C:\\Windows\\Microsoft.NET\\Framework\\v4.0.30319\\ngen.exe"},{"@Name":"ParentCommandLine","#text":"\"C:\\Windows\\Microsoft.NET\\Framework\\v4.0.30319\\ngen.exe\" install \"System.Core, Version=4.0.0.0, Culture=neutral, PublicKeyToken=b77a5c561934e089\" /NoDependencies /noroot /version:v4.0.30319 /LegacyServiceBehavior"},{"@Name":"ParentUser","#text":"NT AUTHORITY\\SYSTEM"}]}}}
{"Event":{"System":{"Provider":{"@Name":"Microsoft-Windows-Sysmon","@Guid":"5770385f-c22a-43e0-bf4c-06f5698ffbd9"},"EventID":"5","Version":"3","Level":"4","Task":"5","Opcode":"0","Keywords":"0x8000000000000000","TimeCreated":{"@SystemTime":"2025-04-29 14:17:41.2431326"},"EventRecordID":"51223","Correlation":null,"Execution":{"@ProcessID":"2744","@ThreadID":"704"},"Channel":"Microsoft-Windows-Sysmon/Operational","Computer":"Server002","Security":{"@UserID":"S-1-5-18"}},"EventData":{"Data":[{"@Name":"RuleName","#text":"-"},{"@Name":"UtcTime","#text":"2025-04-29 14:17:41.240"},{"@Name":"ProcessGuid","#text":"dbf410b3-df82-6810-2204-000000004300"},{"@Name":"ProcessId","#text":"3624"},{"@Name":"Image","#text":"C:\\Windows\\Microsoft.NET\\Framework\\v4.0.30319\\mscorsvw.exe"},{"@Name":"User","#text":"NT AUTHORITY\\SYSTEM"}]}}}
{"Event":{"System":{"Provider":{"@Name":"Microsoft-Windows-Sysmon","@Guid":"5770385f-c22a-43e0-bf4c-06f5698ffbd9"},"EventID":"5","Version":"3","Level":"4","Task":"5","Opcode":"0","Keywords":"0x8000000000000000","TimeCreated":{"@SystemTime":"2025-04-29 14:17:41.3042477"},"EventRecordID":"51224","Correlation":null,"Execution":{"@ProcessID":"2744","@ThreadID":"704"},"Channel":"Microsoft-Windows-Sysmon/Operational","Computer":"Server002","Security":{"@UserID":"S-1-5-18"}},"EventData":{"Data":[{"@Name":"RuleName","#text":"-"},{"@Name":"UtcTime","#text":"2025-04-29 14:17:41.302"},{"@Name":"ProcessGuid","#text":"dbf410b3-df82-6810-2004-000000004300"},{"@Name":"ProcessId","#text":"5700"},{"@Name":"Image","#text":"C:\\Windows\\Microsoft.NET\\Framework\\v4.0.30319\\ngen.exe"},{"@Name":"User","#text":"NT AUTHORITY\\SYSTEM"}]}}}
{"Event":{"System":{"Provider":{"@Name":"Microsoft-Windows-Sysmon","@Guid":"5770385f-c22a-43e0-bf4c-06f5698ffbd9"},"EventID":"1","Version":"5","Level":"4","Task":"1","Opcode":"0","Keywords":"0x8000000000000000","TimeCreated":{"@SystemTime":"2025-04-29 14:17:41.5040215"},"EventRecordID":"51225","Correlation":null,"Execution":{"@ProcessID":"2744","@ThreadID":"704"},"Channel":"Microsoft-Windows-Sysmon/Operational","Computer":"Server002","Security":{"@UserID":"S-1-5-18"}},"EventData":{"Data":[{"@Name":"RuleName","#text":"-"},{"@Name":"UtcTime","#text":"2025-04-29 14:17:41.390"},{"@Name":"ProcessGuid","#text":"dbf410b3-df85-6810-2304-000000004300"},{"@Name":"ProcessId","#text":"12996"},{"@Name":"Image","#text":"C:\\Windows\\Microsoft.NET\\Framework64\\v4.0.30319\\mscorsvw.exe"},{"@Name":"FileVersion","#text":"4.8.9093.0 built by: NET481REL1LAST_C"},{"@Name":"Description","#text":".NET Runtime Optimization Service"},{"@Name":"Product","#text":"Microsoft® .NET Framework"},{"@Name":"Company","#text":"Microsoft Corporation"},{"@Name":"OriginalFileName","#text":"mscorsvw.exe"},{"@Name":"CommandLine","#text":"C:\\Windows\\Microsoft.NET\\Framework64\\v4.0.30319\\mscorsvw.exe -StartupEvent 1e4 -InterruptEvent 0 -NGENProcess 18c -Pipe 1e0 -Comment \"NGen Worker Process\""},{"@Name":"CurrentDirectory","#text":"C:\\Windows\\system32\\"},{"@Name":"User","#text":"NT AUTHORITY\\SYSTEM"},{"@Name":"LogonGuid","#text":"dbf410b3-c246-6810-e703-000000000000"},{"@Name":"LogonId","#text":"0x3E7"},{"@Name":"TerminalSessionId","#text":"0"},{"@Name":"IntegrityLevel","#text":"System"},{"@Name":"Hashes","#text":"SHA256=B63825D9B79213568CB57A52A7D607D8F9D7481EC5A0B260A6ACE9F2FCD8F507"},{"@Name":"ParentProcessGuid","#text":"dbf410b3-df82-6810-2104-000000004300"},{"@Name":"ParentProcessId","#text":"12348"},{"@Name":"ParentImage","#text":"C:\\Windows\\Microsoft.NET\\Framework64\\v4.0.30319\\ngen.exe"},{"@Name":"ParentCommandLine","#text":"\"C:\\Windows\\Microsoft.NET\\Framework64\\v4.0.30319\\ngen.exe\" install \"System.Core, Version=4.0.0.0, Culture=neutral, PublicKeyToken=b77a5c561934e089\" /NoDependencies /noroot /version:v4.0.30319 /LegacyServiceBehavior"},{"@Name":"ParentUser","#text":"NT AUTHORITY\\SYSTEM"}]}}}
{"Event":{"System":{"Provider":{"@Name":"Microsoft-Windows-Sysmon","@Guid":"5770385f-c22a-43e0-bf4c-06f5698ffbd9"},"EventID":"5","Version":"3","Level":"4","Task":"5","Opcode":"0","Keywords":"0x8000000000000000","TimeCreated":{"@SystemTime":"2025-04-29 14:17:42.1994978"},"EventRecordID":"51226","Correlation":null,"Execution":{"@ProcessID":"2744","@ThreadID":"704"},"Channel":"Microsoft-Windows-Sysmon/Operational","Computer":"Server002","Security":{"@UserID":"S-1-5-18"}},"EventData":{"Data":[{"@Name":"RuleName","#text":"-"},{"@Name":"UtcTime","#text":"2025-04-29 14:17:42.194"},{"@Name":"ProcessGuid","#text":"dbf410b3-df24-6810-f403-000000004300"},{"@Name":"ProcessId","#text":"12932"},{"@Name":"Image","#text":"C:\\Windows\\System32\\RuntimeBroker.exe"},{"@Name":"User","#text":"SERVER002\\lplui"}]}}}
{"Event":{"System":{"Provider":{"@Name":"Microsoft-Windows-Sysmon","@Guid":"5770385f-c22a-43e0-bf4c-06f5698ffbd9"},"EventID":"5","Version":"3","Level":"4","Task":"5","Opcode":"0","Keywords":"0x8000000000000000","TimeCreated":{"@SystemTime":"2025-04-29 14:17:42.7166183"},"EventRecordID":"51227","Correlation":null,"Execution":{"@ProcessID":"2744","@ThreadID":"704"},"Channel":"Microsoft-Windows-Sysmon/Operational","Computer":"Server002","Security":{"@UserID":"S-1-5-18"}},"EventData":{"Data":[{"@Name":"RuleName","#text":"-"},{"@Name":"UtcTime","#text":"2025-04-29 14:17:42.713"},{"@Name":"ProcessGuid","#text":"dbf410b3-df05-6810-e003-000000004300"},{"@Name":"ProcessId","#text":"3888"},{"@Name":"Image","#text":"C:\\Windows\\System32\\svchost.exe"},{"@Name":"User","#text":"NT AUTHORITY\\SYSTEM"}]}}}
{"Event":{"System":{"Provider":{"@Name":"Microsoft-Windows-Sysmon","@Guid":"5770385f-c22a-43e0-bf4c-06f5698ffbd9"},"EventID":"1","Version":"5","Level":"4","Task":"1","Opcode":"0","Keywords":"0x8000000000000000","TimeCreated":{"@SystemTime":"2025-04-29 14:17:44.3639332"},"EventRecordID":"51228","Correlation":null,"Execution":{"@ProcessID":"2744","@ThreadID":"704"},"Channel":"Microsoft-Windows-Sysmon/Operational","Computer":"Server002","Security":{"@UserID":"S-1-5-18"}},"EventData":{"Data":[{"@Name":"RuleName","#text":"-"},{"@Name":"UtcTime","#text":"2025-04-29 14:17:44.282"},{"@Name":"ProcessGuid","#text":"dbf410b3-df88-6810-2404-000000004300"},{"@Name":"ProcessId","#text":"9508"},{"@Name":"Image","#text":"C:\\Windows\\Microsoft.NET\\Framework\\v4.0.30319\\ngentask.exe"},{"@Name":"FileVersion","#text":"4.8.9037.0 built by: NET481REL1"},{"@Name":"Description","#text":"Microsoft .NET Framework optimization service"},{"@Name":"Product","#text":"Microsoft® .NET Framework"},{"@Name":"Company","#text":"Microsoft Corporation"},{"@Name":"OriginalFileName","#text":"NGenTask.exe"},{"@Name":"CommandLine","#text":"\"C:\\Windows\\Microsoft.NET\\Framework\\v4.0.30319\\NGenTask.exe\" /StopEvent:2060"},{"@Name":"CurrentDirectory","#text":"C:\\Windows\\system32\\"},{"@Name":"User","#text":"SERVER002\\lplui"},{"@Name":"LogonGuid","#text":"dbf410b3-a62f-6810-44c9-030000000000"},{"@Name":"LogonId","#text":"0x3C944"},{"@Name":"TerminalSessionId","#text":"1"},{"@Name":"IntegrityLevel","#text":"Medium"},{"@Name":"Hashes","#text":"SHA256=6B63BD59BF04B307AF820F2C828B532A6FA0FEAB6328851F16AAFCAD91994B93"},{"@Name":"ParentProcessGuid","#text":"dbf410b3-df53-6810-1404-000000004300"},{"@Name":"ParentProcessId","#text":"4700"},{"@Name":"ParentImage","#text":"C:\\Windows\\Microsoft.NET\\Framework\\v4.0.30319\\ngentask.exe"},{"@Name":"ParentCommandLine","#text":"\"C:\\Windows\\Microsoft.NET\\Framework\\v4.0.30319\\NGenTask.exe\" /RuntimeWide /StopEvent:1008"},{"@Name":"ParentUser","#text":"NT AUTHORITY\\SYSTEM"}]}}}
{"Event":{"System":{"Provider":{"@Name":"Microsoft-Windows-Sysmon","@Guid":"5770385f-c22a-43e0-bf4c-06f5698ffbd9"},"EventID":"1","Version":"5","Level":"4","Task":"1","Opcode":"0","Keywords":"0x8000000000000000","TimeCreated":{"@SystemTime":"2025-04-29 14:17:44.7730627"},"EventRecordID":"51229","Correlation":null,"Execution":{"@ProcessID":"2744","@ThreadID":"704"},"Channel":"Microsoft-Windows-Sysmon/Operational","Computer":"Server002","Security":{"@UserID":"S-1-5-18"}},"EventData":{"Data":[{"@Name":"RuleName","#text":"-"},{"@Name":"UtcTime","#text":"2025-04-29 14:17:44.723"},{"@Name":"ProcessGuid","#text":"dbf410b3-df88-6810-2504-000000004300"},{"@Name":"ProcessId","#text":"10000"},{"@Name":"Image","#text":"C:\\Windows\\System32\\conhost.exe"},{"@Name":"FileVersion","#text":"10.0.19041.5198 (WinBuild.160101.0800)"},{"@Name":"Description","#text":"Console Window Host"},{"@Name":"Product","#text":"Microsoft® Windows® Operating System"},{"@Name":"Company","#text":"Microsoft Corporation"},{"@Name":"OriginalFileName","#text":"CONHOST.EXE"},{"@Name":"CommandLine","#text":"\\??\\C:\\Windows\\system32\\conhost.exe 0xffffffff -ForceV1"},{"@Name":"CurrentDirectory","#text":"C:\\Windows"},{"@Name":"User","#text":"SERVER002\\lplui"},{"@Name":"LogonGuid","#text":"dbf410b3-a62f-6810-44c9-030000000000"},{"@Name":"LogonId","#text":"0x3C944"},{"@Name":"TerminalSessionId","#text":"1"},{"@Name":"IntegrityLevel","#text":"Medium"},{"@Name":"Hashes","#text":"SHA256=B02EE54FB2EC69673386D41119EE8ED083A6EAB3BFCA6AA2155D20CE68EF8963"},{"@Name":"ParentProcessGuid","#text":"dbf410b3-df88-6810-2404-000000004300"},{"@Name":"ParentProcessId","#text":"9508"},{"@Name":"ParentImage","#text":"C:\\Windows\\Microsoft.NET\\Framework\\v4.0.30319\\ngentask.exe"},{"@Name":"ParentCommandLine","#text":"\"C:\\Windows\\Microsoft.NET\\Framework\\v4.0.30319\\NGenTask.exe\" /StopEvent:2060"},{"@Name":"ParentUser","#text":"SERVER002\\lplui"}]}}}
{"Event":{"System":{"Provider":{"@Name":"Microsoft-Windows-Sysmon","@Guid":"5770385f-c22a-43e0-bf4c-06f5698ffbd9"},"EventID":"5","Version":"3","Level":"4","Task":"5","Opcode":"0","Keywords":"0x8000000000000000","TimeCreated":{"@SystemTime":"2025-04-29 14:17:45.0468509"},"EventRecordID":"51230","Correlation":null,"Execution":{"@ProcessID":"2744","@ThreadID":"704"},"Channel":"Microsoft-Windows-Sysmon/Operational","Computer":"Server002","Security":{"@UserID":"S-1-5-18"}},"EventData":{"Data":[{"@Name":"RuleName","#text":"-"},{"@Name":"UtcTime","#text":"2025-04-29 14:17:45.046"},{"@Name":"ProcessGuid","#text":"dbf410b3-df85-6810-2304-000000004300"},{"@Name":"ProcessId","#text":"12996"},{"@Name":"Image","#text":"C:\\Windows\\Microsoft.NET\\Framework64\\v4.0.30319\\mscorsvw.exe"},{"@Name":"User","#text":"NT AUTHORITY\\SYSTEM"}]}}}
{"Event":{"System":{"Provider":{"@Name":"Microsoft-Windows-Sysmon","@Guid":"5770385f-c22a-43e0-bf4c-06f5698ffbd9"},"EventID":"5","Version":"3","Level":"4","Task":"5","Opcode":"0","Keywords":"0x8000000000000000","TimeCreated":{"@SystemTime":"2025-04-29 14:17:45.1406800"},"EventRecordID":"51231","Correlation":null,"Execution":{"@ProcessID":"2744","@ThreadID":"704"},"Channel":"Microsoft-Windows-Sysmon/Operational","Computer":"Server002","Security":{"@UserID":"S-1-5-18"}},"EventData":{"Data":[{"@Name":"RuleName","#text":"-"},{"@Name":"UtcTime","#text":"2025-04-29 14:17:45.139"},{"@Name":"ProcessGuid","#text":"dbf410b3-df82-6810-2104-000000004300"},{"@Name":"ProcessId","#text":"12348"},{"@Name":"Image","#text":"C:\\Windows\\Microsoft.NET\\Framework64\\v4.0.30319\\ngen.exe"},{"@Name":"User","#text":"NT AUTHORITY\\SYSTEM"}]}}}
{"Event":{"System":{"Provider":{"@Name":"Microsoft-Windows-Sysmon","@Guid":"5770385f-c22a-43e0-bf4c-06f5698ffbd9"},"EventID":"5","Version":"3","Level":"4","Task":"5","Opcode":"0","Keywords":"0x8000000000000000","TimeCreated":{"@SystemTime":"2025-04-29 14:17:48.8602168"},"EventRecordID":"51232","Correlation":null,"Execution":{"@ProcessID":"2744","@ThreadID":"704"},"Channel":"Microsoft-Windows-Sysmon/Operational","Computer":"Server002","Security":{"@UserID":"S-1-5-18"}},"EventData":{"Data":[{"@Name":"RuleName","#text":"-"},{"@Name":"UtcTime","#text":"2025-04-29 14:17:48.852"},{"@Name":"ProcessGuid","#text":"dbf410b3-df88-6810-2404-000000004300"},{"@Name":"ProcessId","#text":"9508"},{"@Name":"Image","#text":"C:\\Windows\\Microsoft.NET\\Framework\\v4.0.30319\\ngentask.exe"},{"@Name":"User","#text":"SERVER002\\lplui"}]}}}
{"Event":{"System":{"Provider":{"@Name":"Microsoft-Windows-Sysmon","@Guid":"5770385f-c22a-43e0-bf4c-06f5698ffbd9"},"EventID":"5","Version":"3","Level":"4","Task":"5","Opcode":"0","Keywords":"0x8000000000000000","TimeCreated":{"@SystemTime":"2025-04-29 14:17:48.9347686"},"EventRecordID":"51233","Correlation":null,"Execution":{"@ProcessID":"2744","@ThreadID":"704"},"Channel":"Microsoft-Windows-Sysmon/Operational","Computer":"Server002","Security":{"@UserID":"S-1-5-18"}},"EventData":{"Data":[{"@Name":"RuleName","#text":"-"},{"@Name":"UtcTime","#text":"2025-04-29 14:17:48.921"},{"@Name":"ProcessGuid","#text":"dbf410b3-df88-6810-2504-000000004300"},{"@Name":"ProcessId","#text":"10000"},{"@Name":"Image","#text":"C:\\Windows\\System32\\conhost.exe"},{"@Name":"User","#text":"SERVER002\\lplui"}]}}}
{"Event":{"System":{"Provider":{"@Name":"Microsoft-Windows-Sysmon","@Guid":"5770385f-c22a-43e0-bf4c-06f5698ffbd9"},"EventID":"5","Version":"3","Level":"4","Task":"5","Opcode":"0","Keywords":"0x8000000000000000","TimeCreated":{"@SystemTime":"2025-04-29 14:17:50.1950399"},"EventRecordID":"51234","Correlation":null,"Execution":{"@ProcessID":"2744","@ThreadID":"704"},"Channel":"Microsoft-Windows-Sysmon/Operational","Computer":"Server002","Security":{"@UserID":"S-1-5-18"}},"EventData":{"Data":[{"@Name":"RuleName","#text":"-"},{"@Name":"UtcTime","#text":"2025-04-29 14:17:50.188"},{"@Name":"ProcessGuid","#text":"dbf410b3-df53-6810-1404-000000004300"},{"@Name":"ProcessId","#text":"4700"},{"@Name":"Image","#text":"C:\\Windows\\Microsoft.NET\\Framework\\v4.0.30319\\ngentask.exe"},{"@Name":"User","#text":"NT AUTHORITY\\SYSTEM"}]}}}
{"Event":{"System":{"Provider":{"@Name":"Microsoft-Windows-Sysmon","@Guid":"5770385f-c22a-43e0-bf4c-06f5698ffbd9"},"EventID":"5","Version":"3","Level":"4","Task":"5","Opcode":"0","Keywords":"0x8000000000000000","TimeCreated":{"@SystemTime":"2025-04-29 14:17:50.5302859"},"EventRecordID":"51235","Correlation":null,"Execution":{"@ProcessID":"2744","@ThreadID":"704"},"Channel":"Microsoft-Windows-Sysmon/Operational","Computer":"Server002","Security":{"@UserID":"S-1-5-18"}},"EventData":{"Data":[{"@Name":"RuleName","#text":"-"},{"@Name":"UtcTime","#text":"2025-04-29 14:17:50.524"},{"@Name":"ProcessGuid","#text":"dbf410b3-df54-6810-1604-000000004300"},{"@Name":"ProcessId","#text":"5716"},{"@Name":"Image","#text":"C:\\Windows\\System32\\conhost.exe"},{"@Name":"User","#text":"NT AUTHORITY\\SYSTEM"}]}}}
{"Event":{"System":{"Provider":{"@Name":"Microsoft-Windows-Sysmon","@Guid":"5770385f-c22a-43e0-bf4c-06f5698ffbd9"},"EventID":"5","Version":"3","Level":"4","Task":"5","Opcode":"0","Keywords":"0x8000000000000000","TimeCreated":{"@SystemTime":"2025-04-29 14:17:50.6042964"},"EventRecordID":"51236","Correlation":null,"Execution":{"@ProcessID":"2744","@ThreadID":"704"},"Channel":"Microsoft-Windows-Sysmon/Operational","Computer":"Server002","Security":{"@UserID":"S-1-5-18"}},"EventData":{"Data":[{"@Name":"RuleName","#text":"-"},{"@Name":"UtcTime","#text":"2025-04-29 14:17:50.592"},{"@Name":"ProcessGuid","#text":"dbf410b3-df4f-6810-fd03-000000004300"},{"@Name":"ProcessId","#text":"2484"},{"@Name":"Image","#text":"C:\\Windows\\System32\\tzsync.exe"},{"@Name":"User","#text":"NT AUTHORITY\\SYSTEM"}]}}}
{"Event":{"System":{"Provider":{"@Name":"Microsoft-Windows-Sysmon","@Guid":"5770385f-c22a-43e0-bf4c-06f5698ffbd9"},"EventID":"5","Version":"3","Level":"4","Task":"5","Opcode":"0","Keywords":"0x8000000000000000","TimeCreated":{"@SystemTime":"2025-04-29 14:17:50.9191975"},"EventRecordID":"51237","Correlation":null,"Execution":{"@ProcessID":"2744","@ThreadID":"704"},"Channel":"Microsoft-Windows-Sysmon/Operational","Computer":"Server002","Security":{"@UserID":"S-1-5-18"}},"EventData":{"Data":[{"@Name":"RuleName","#text":"-"},{"@Name":"UtcTime","#text":"2025-04-29 14:17:50.910"},{"@Name":"ProcessGuid","#text":"dbf410b3-df4f-6810-0b04-000000004300"},{"@Name":"ProcessId","#text":"8572"},{"@Name":"Image","#text":"C:\\Windows\\System32\\conhost.exe"},{"@Name":"User","#text":"NT AUTHORITY\\SYSTEM"}]}}}
{"Event":{"System":{"Provider":{"@Name":"Microsoft-Windows-Sysmon","@Guid":"5770385f-c22a-43e0-bf4c-06f5698ffbd9"},"EventID":"5","Version":"3","Level":"4","Task":"5","Opcode":"0","Keywords":"0x8000000000000000","TimeCreated":{"@SystemTime":"2025-04-29 14:17:51.5775999"},"EventRecordID":"51238","Correlation":null,"Execution":{"@ProcessID":"2744","@ThreadID":"704"},"Channel":"Microsoft-Windows-Sysmon/Operational","Computer":"Server002","Security":{"@UserID":"S-1-5-18"}},"EventData":{"Data":[{"@Name":"RuleName","#text":"-"},{"@Name":"UtcTime","#text":"2025-04-29 14:17:51.566"},{"@Name":"ProcessGuid","#text":"dbf410b3-df50-6810-1004-000000004300"},{"@Name":"ProcessId","#text":"12064"},{"@Name":"Image","#text":"C:\\Windows\\System32\\svchost.exe"},{"@Name":"User","#text":"NT AUTHORITY\\SYSTEM"}]}}}
{"Event":{"System":{"Provider":{"@Name":"Microsoft-Windows-Sysmon","@Guid":"5770385f-c22a-43e0-bf4c-06f5698ffbd9"},"EventID":"1","Version":"5","Level":"4","Task":"1","Opcode":"0","Keywords":"0x8000000000000000","TimeCreated":{"@SystemTime":"2025-04-29 14:17:53.8162817"},"EventRecordID":"51239","Correlation":null,"Execution":{"@ProcessID":"2744","@ThreadID":"704"},"Channel":"Microsoft-Windows-Sysmon/Operational","Computer":"Server002","Security":{"@UserID":"S-1-5-18"}},"EventData":{"Data":[{"@Name":"RuleName","#text":"-"},{"@Name":"UtcTime","#text":"2025-04-29 14:17:52.716"},{"@Name":"ProcessGuid","#text":"dbf410b3-df90-6810-2604-000000004300"},{"@Name":"ProcessId","#text":"8564"},{"@Name":"Image","#text":"C:\\Windows\\Microsoft.NET\\Framework64\\v4.0.30319\\ngentask.exe"},{"@Name":"FileVersion","#text":"4.8.9037.0 built by: NET481REL1"},{"@Name":"Description","#text":"Microsoft .NET Framework optimization service"},{"@Name":"Product","#text":"Microsoft® .NET Framework"},{"@Name":"Company","#text":"Microsoft Corporation"},{"@Name":"OriginalFileName","#text":"NGenTask.exe"},{"@Name":"CommandLine","#text":"\"C:\\Windows\\Microsoft.NET\\Framework64\\v4.0.30319\\NGenTask.exe\" /StopEvent:1956"},{"@Name":"CurrentDirectory","#text":"C:\\Windows\\system32\\"},{"@Name":"User","#text":"SERVER002\\lplui"},{"@Name":"LogonGuid","#text":"dbf410b3-a62f-6810-44c9-030000000000"},{"@Name":"LogonId","#text":"0x3C944"},{"@Name":"TerminalSessionId","#text":"1"},{"@Name":"IntegrityLevel","#text":"Medium"},{"@Name":"Hashes","#text":"SHA256=63E0C69D9761745F85F3A744297E1D2CE3EEC79D4F0F97B000E9F5AA915D161C"},{"@Name":"ParentProcessGuid","#text":"dbf410b3-df53-6810-1504-000000004300"},{"@Name":"ParentProcessId","#text":"9076"},{"@Name":"ParentImage","#text":"C:\\Windows\\Microsoft.NET\\Framework64\\v4.0.30319\\ngentask.exe"},{"@Name":"ParentCommandLine","#text":"\"C:\\Windows\\Microsoft.NET\\Framework64\\v4.0.30319\\NGenTask.exe\" /RuntimeWide /StopEvent:1016"},{"@Name":"ParentUser","#text":"NT AUTHORITY\\SYSTEM"}]}}}
{"Event":{"System":{"Provider":{"@Name":"Microsoft-Windows-Sysmon","@Guid":"5770385f-c22a-43e0-bf4c-06f5698ffbd9"},"EventID":"5","Version":"3","Level":"4","Task":"5","Opcode":"0","Keywords":"0x8000000000000000","TimeCreated":{"@SystemTime":"2025-04-29 14:17:54.6733873"},"EventRecordID":"51240","Correlation":null,"Execution":{"@ProcessID":"2744","@ThreadID":"704"},"Channel":"Microsoft-Windows-Sysmon/Operational","Computer":"Server002","Security":{"@UserID":"S-1-5-18"}},"EventData":{"Data":[{"@Name":"RuleName","#text":"-"},{"@Name":"UtcTime","#text":"2025-04-29 14:17:54.672"},{"@Name":"ProcessGuid","#text":"dbf410b3-df4f-6810-0804-000000004300"},{"@Name":"ProcessId","#text":"11100"},{"@Name":"Image","#text":"C:\\ProgramData\\Microsoft\\Windows Defender\\Platform\\4.18.24080.9-0\\MpCmdRun.exe"},{"@Name":"User","#text":"NT AUTHORITY\\SYSTEM"}]}}}
{"Event":{"System":{"Provider":{"@Name":"Microsoft-Windows-Sysmon","@Guid":"5770385f-c22a-43e0-bf4c-06f5698ffbd9"},"EventID":"5","Version":"3","Level":"4","Task":"5","Opcode":"0","Keywords":"0x8000000000000000","TimeCreated":{"@SystemTime":"2025-04-29 14:17:54.6754344"},"EventRecordID":"51241","Correlation":null,"Execution":{"@ProcessID":"2744","@ThreadID":"704"},"Channel":"Microsoft-Windows-Sysmon/Operational","Computer":"Server002","Security":{"@UserID":"S-1-5-18"}},"EventData":{"Data":[{"@Name":"RuleName","#text":"-"},{"@Name":"UtcTime","#text":"2025-04-29 14:17:54.672"},{"@Name":"ProcessGuid","#text":"dbf410b3-df4f-6810-0604-000000004300"},{"@Name":"ProcessId","#text":"12900"},{"@Name":"Image","#text":"C:\\ProgramData\\Microsoft\\Windows Defender\\Platform\\4.18.24080.9-0\\MpCmdRun.exe"},{"@Name":"User","#text":"NT AUTHORITY\\SYSTEM"}]}}}
{"Event":{"System":{"Provider":{"@Name":"Microsoft-Windows-Sysmon","@Guid":"5770385f-c22a-43e0-bf4c-06f5698ffbd9"},"EventID":"5","Version":"3","Level":"4","Task":"5","Opcode":"0","Keywords":"0x8000000000000000","TimeCreated":{"@SystemTime":"2025-04-29 14:17:55.0955412"},"EventRecordID":"51242","Correlation":null,"Execution":{"@ProcessID":"2744","@ThreadID":"704"},"Channel":"Microsoft-Windows-Sysmon/Operational","Computer":"Server002","Security":{"@UserID":"S-1-5-18"}},"EventData":{"Data":[{"@Name":"RuleName","#text":"-"},{"@Name":"UtcTime","#text":"2025-04-29 14:17:55.092"},{"@Name":"ProcessGuid","#text":"dbf410b3-df50-6810-0f04-000000004300"},{"@Name":"ProcessId","#text":"3760"},{"@Name":"Image","#text":"C:\\Windows\\System32\\conhost.exe"},{"@Name":"User","#text":"NT AUTHORITY\\SYSTEM"}]}}}
{"Event":{"System":{"Provider":{"@Name":"Microsoft-Windows-Sysmon","@Guid":"5770385f-c22a-43e0-bf4c-06f5698ffbd9"},"EventID":"5","Version":"3","Level":"4","Task":"5","Opcode":"0","Keywords":"0x8000000000000000","TimeCreated":{"@SystemTime":"2025-04-29 14:17:55.0955757"},"EventRecordID":"51243","Correlation":null,"Execution":{"@ProcessID":"2744","@ThreadID":"704"},"Channel":"Microsoft-Windows-Sysmon/Operational","Computer":"Server002","Security":{"@UserID":"S-1-5-18"}},"EventData":{"Data":[{"@Name":"RuleName","#text":"-"},{"@Name":"UtcTime","#text":"2025-04-29 14:17:55.092"},{"@Name":"ProcessGuid","#text":"dbf410b3-df50-6810-1104-000000004300"},{"@Name":"ProcessId","#text":"4092"},{"@Name":"Image","#text":"C:\\Windows\\System32\\conhost.exe"},{"@Name":"User","#text":"NT AUTHORITY\\SYSTEM"}]}}}
{"Event":{"System":{"Provider":{"@Name":"Microsoft-Windows-Sysmon","@Guid":"5770385f-c22a-43e0-bf4c-06f5698ffbd9"},"EventID":"1","Version":"5","Level":"4","Task":"1","Opcode":"0","Keywords":"0x8000000000000000","TimeCreated":{"@SystemTime":"2025-04-29 14:17:57.6561583"},"EventRecordID":"51244","Correlation":null,"Execution":{"@ProcessID":"2744","@ThreadID":"704"},"Channel":"Microsoft-Windows-Sysmon/Operational","Computer":"Server002","Security":{"@UserID":"S-1-5-18"}},"EventData":{"Data":[{"@Name":"RuleName","#text":"-"},{"@Name":"UtcTime","#text":"2025-04-29 14:17:56.242"},{"@Name":"ProcessGuid","#text":"dbf410b3-df94-6810-2704-000000004300"},{"@Name":"ProcessId","#text":"8972"},{"@Name":"Image","#text":"C:\\Windows\\System32\\conhost.exe"},{"@Name":"FileVersion","#text":"10.0.19041.5198 (WinBuild.160101.0800)"},{"@Name":"Description","#text":"Console Window Host"},{"@Name":"Product","#text":"Microsoft® Windows® Operating System"},{"@Name":"Company","#text":"Microsoft Corporation"},{"@Name":"OriginalFileName","#text":"CONHOST.EXE"},{"@Name":"CommandLine","#text":"\\??\\C:\\Windows\\system32\\conhost.exe 0xffffffff -ForceV1"},{"@Name":"CurrentDirectory","#text":"C:\\Windows"},{"@Name":"User","#text":"SERVER002\\lplui"},{"@Name":"LogonGuid","#text":"dbf410b3-a62f-6810-44c9-030000000000"},{"@Name":"LogonId","#text":"0x3C944"},{"@Name":"TerminalSessionId","#text":"1"},{"@Name":"IntegrityLevel","#text":"Medium"},{"@Name":"Hashes","#text":"SHA256=B02EE54FB2EC69673386D41119EE8ED083A6EAB3BFCA6AA2155D20CE68EF8963"},{"@Name":"ParentProcessGuid","#text":"dbf410b3-df90-6810-2604-000000004300"},{"@Name":"ParentProcessId","#text":"8564"},{"@Name":"ParentImage","#text":"C:\\Windows\\Microsoft.NET\\Framework64\\v4.0.30319\\ngentask.exe"},{"@Name":"ParentCommandLine","#text":"\"C:\\Windows\\Microsoft.NET\\Framework64\\v4.0.30319\\NGenTask.exe\" /StopEvent:1956"},{"@Name":"ParentUser","#text":"SERVER002\\lplui"}]}}}
{"Event":{"System":{"Provider":{"@Name":"Microsoft-Windows-Sysmon","@Guid":"5770385f-c22a-43e0-bf4c-06f5698ffbd9"},"EventID":"5","Version":"3","Level":"4","Task":"5","Opcode":"0","Keywords":"0x8000000000000000","TimeCreated":{"@SystemTime":"2025-04-29 14:17:57.8529406"},"EventRecordID":"51245","Correlation":null,"Execution":{"@ProcessID":"2744","@ThreadID":"704"},"Channel":"Microsoft-Windows-Sysmon/Operational","Computer":"Server002","Security":{"@UserID":"S-1-5-18"}},"EventData":{"Data":[{"@Name":"RuleName","#text":"-"},{"@Name":"UtcTime","#text":"2025-04-29 14:17:57.843"},{"@Name":"ProcessGuid","#text":"dbf410b3-df61-6810-1804-000000004300"},{"@Name":"ProcessId","#text":"9148"},{"@Name":"Image","#text":"C:\\Windows\\System32\\CompatTelRunner.exe"},{"@Name":"User","#text":"NT AUTHORITY\\SYSTEM"}]}}}
{"Event":{"System":{"Provider":{"@Name":"Microsoft-Windows-Sysmon","@Guid":"5770385f-c22a-43e0-bf4c-06f5698ffbd9"},"EventID":"5","Version":"3","Level":"4","Task":"5","Opcode":"0","Keywords":"0x8000000000000000","TimeCreated":{"@SystemTime":"2025-04-29 14:17:58.3110868"},"EventRecordID":"51246","Correlation":null,"Execution":{"@ProcessID":"2744","@ThreadID":"704"},"Channel":"Microsoft-Windows-Sysmon/Operational","Computer":"Server002","Security":{"@UserID":"S-1-5-18"}},"EventData":{"Data":[{"@Name":"RuleName","#text":"-"},{"@Name":"UtcTime","#text":"2025-04-29 14:17:58.299"},{"@Name":"ProcessGuid","#text":"dbf410b3-df4f-6810-0004-000000004300"},{"@Name":"ProcessId","#text":"112"},{"@Name":"Image","#text":"C:\\Windows\\System32\\CompatTelRunner.exe"},{"@Name":"User","#text":"NT AUTHORITY\\SYSTEM"}]}}}
{"Event":{"System":{"Provider":{"@Name":"Microsoft-Windows-Sysmon","@Guid":"5770385f-c22a-43e0-bf4c-06f5698ffbd9"},"EventID":"5","Version":"3","Level":"4","Task":"5","Opcode":"0","Keywords":"0x8000000000000000","TimeCreated":{"@SystemTime":"2025-04-29 14:17:59.2591577"},"EventRecordID":"51247","Correlation":null,"Execution":{"@ProcessID":"2744","@ThreadID":"704"},"Channel":"Microsoft-Windows-Sysmon/Operational","Computer":"Server002","Security":{"@UserID":"S-1-5-18"}},"EventData":{"Data":[{"@Name":"RuleName","#text":"-"},{"@Name":"UtcTime","#text":"2025-04-29 14:17:59.256"},{"@Name":"ProcessGuid","#text":"dbf410b3-df4f-6810-0504-000000004300"},{"@Name":"ProcessId","#text":"5388"},{"@Name":"Image","#text":"C:\\Windows\\System32\\conhost.exe"},{"@Name":"User","#text":"NT AUTHORITY\\SYSTEM"}]}}}
{"Event":{"System":{"Provider":{"@Name":"Microsoft-Windows-Sysmon","@Guid":"5770385f-c22a-43e0-bf4c-06f5698ffbd9"},"EventID":"5","Version":"3","Level":"4","Task":"5","Opcode":"0","Keywords":"0x8000000000000000","TimeCreated":{"@SystemTime":"2025-04-29 14:18:07.9409413"},"EventRecordID":"51248","Correlation":null,"Execution":{"@ProcessID":"2744","@ThreadID":"704"},"Channel":"Microsoft-Windows-Sysmon/Operational","Computer":"Server002","Security":{"@UserID":"S-1-5-18"}},"EventData":{"Data":[{"@Name":"RuleName","#text":"-"},{"@Name":"UtcTime","#text":"2025-04-29 14:18:07.940"},{"@Name":"ProcessGuid","#text":"dbf410b3-df90-6810-2604-000000004300"},{"@Name":"ProcessId","#text":"8564"},{"@Name":"Image","#text":"C:\\Windows\\Microsoft.NET\\Framework64\\v4.0.30319\\ngentask.exe"},{"@Name":"User","#text":"SERVER002\\lplui"}]}}}
{"Event":{"System":{"Provider":{"@Name":"Microsoft-Windows-Sysmon","@Guid":"5770385f-c22a-43e0-bf4c-06f5698ffbd9"},"EventID":"5","Version":"3","Level":"4","Task":"5","Opcode":"0","Keywords":"0x8000000000000000","TimeCreated":{"@SystemTime":"2025-04-29 14:18:08.0363438"},"EventRecordID":"51249","Correlation":null,"Execution":{"@ProcessID":"2744","@ThreadID":"704"},"Channel":"Microsoft-Windows-Sysmon/Operational","Computer":"Server002","Security":{"@UserID":"S-1-5-18"}},"EventData":{"Data":[{"@Name":"RuleName","#text":"-"},{"@Name":"UtcTime","#text":"2025-04-29 14:18:08.034"},{"@Name":"ProcessGuid","#text":"dbf410b3-df94-6810-2704-000000004300"},{"@Name":"ProcessId","#text":"8972"},{"@Name":"Image","#text":"C:\\Windows\\System32\\conhost.exe"},{"@Name":"User","#text":"SERVER002\\lplui"}]}}}
{"Event":{"System":{"Provider":{"@Name":"Microsoft-Windows-Sysmon","@Guid":"5770385f-c22a-43e0-bf4c-06f5698ffbd9"},"EventID":"5","Version":"3","Level":"4","Task":"5","Opcode":"0","Keywords":"0x8000000000000000","TimeCreated":{"@SystemTime":"2025-04-29 14:18:08.2421253"},"EventRecordID":"51250","Correlation":null,"Execution":{"@ProcessID":"2744","@ThreadID":"704"},"Channel":"Microsoft-Windows-Sysmon/Operational","Computer":"Server002","Security":{"@UserID":"S-1-5-18"}},"EventData":{"Data":[{"@Name":"RuleName","#text":"-"},{"@Name":"UtcTime","#text":"2025-04-29 14:18:08.241"},{"@Name":"ProcessGuid","#text":"dbf410b3-df53-6810-1504-000000004300"},{"@Name":"ProcessId","#text":"9076"},{"@Name":"Image","#text":"C:\\Windows\\Microsoft.NET\\Framework64\\v4.0.30319\\ngentask.exe"},{"@Name":"User","#text":"NT AUTHORITY\\SYSTEM"}]}}}
{"Event":{"System":{"Provider":{"@Name":"Microsoft-Windows-Sysmon","@Guid":"5770385f-c22a-43e0-bf4c-06f5698ffbd9"},"EventID":"5","Version":"3","Level":"4","Task":"5","Opcode":"0","Keywords":"0x8000000000000000","TimeCreated":{"@SystemTime":"2025-04-29 14:18:08.4322472"},"EventRecordID":"51251","Correlation":null,"Execution":{"@ProcessID":"2744","@ThreadID":"704"},"Channel":"Microsoft-Windows-Sysmon/Operational","Computer":"Server002","Security":{"@UserID":"S-1-5-18"}},"EventData":{"Data":[{"@Name":"RuleName","#text":"-"},{"@Name":"UtcTime","#text":"2025-04-29 14:18:08.431"},{"@Name":"ProcessGuid","#text":"dbf410b3-df54-6810-1704-000000004300"},{"@Name":"ProcessId","#text":"12376"},{"@Name":"Image","#text":"C:\\Windows\\System32\\conhost.exe"},{"@Name":"User","#text":"NT AUTHORITY\\SYSTEM"}]}}}
{"Event":{"System":{"Provider":{"@Name":"Microsoft-Windows-Sysmon","@Guid":"5770385f-c22a-43e0-bf4c-06f5698ffbd9"},"EventID":"5","Version":"3","Level":"4","Task":"5","Opcode":"0","Keywords":"0x8000000000000000","TimeCreated":{"@SystemTime":"2025-04-29 14:18:08.5107134"},"EventRecordID":"51252","Correlation":null,"Execution":{"@ProcessID":"2744","@ThreadID":"704"},"Channel":"Microsoft-Windows-Sysmon/Operational","Computer":"Server002","Security":{"@UserID":"S-1-5-18"}},"EventData":{"Data":[{"@Name":"RuleName","#text":"-"},{"@Name":"UtcTime","#text":"2025-04-29 14:18:08.509"},{"@Name":"ProcessGuid","#text":"dbf410b3-df4f-6810-0404-000000004300"},{"@Name":"ProcessId","#text":"7372"},{"@Name":"Image","#text":"C:\\Windows\\System32\\taskhostw.exe"},{"@Name":"User","#text":"NT AUTHORITY\\SYSTEM"}]}}}
{"Event":{"System":{"Provider":{"@Name":"Microsoft-Windows-Sysmon","@Guid":"5770385f-c22a-43e0-bf4c-06f5698ffbd9"},"EventID":"1","Version":"5","Level":"4","Task":"1","Opcode":"0","Keywords":"0x8000000000000000","TimeCreated":{"@SystemTime":"2025-04-29 14:18:14.2035902"},"EventRecordID":"51253","Correlation":null,"Execution":{"@ProcessID":"2744","@ThreadID":"704"},"Channel":"Microsoft-Windows-Sysmon/Operational","Computer":"Server002","Security":{"@UserID":"S-1-5-18"}},"EventData":{"Data":[{"@Name":"RuleName","#text":"-"},{"@Name":"UtcTime","#text":"2025-04-29 14:18:14.183"},{"@Name":"ProcessGuid","#text":"dbf410b3-dfa6-6810-2804-000000004300"},{"@Name":"ProcessId","#text":"6472"},{"@Name":"Image","#text":"C:\\Windows\\System32\\MoUsoCoreWorker.exe"},{"@Name":"FileVersion","#text":"10.0.19041.5678 (WinBuild.160101.0800)"},{"@Name":"Description","#text":"MoUSO Core Worker Process"},{"@Name":"Product","#text":"Microsoft® Windows® Operating System"},{"@Name":"Company","#text":"Microsoft Corporation"},{"@Name":"OriginalFileName","#text":"MoUSOCoreWorker.exe"},{"@Name":"CommandLine","#text":"C:\\Windows\\System32\\mousocoreworker.exe -Embedding"},{"@Name":"CurrentDirectory","#text":"C:\\Windows\\system32\\"},{"@Name":"User","#text":"NT AUTHORITY\\SYSTEM"},{"@Name":"LogonGuid","#text":"dbf410b3-c246-6810-e703-000000000000"},{"@Name":"LogonId","#text":"0x3E7"},{"@Name":"TerminalSessionId","#text":"0"},{"@Name":"IntegrityLevel","#text":"System"},{"@Name":"Hashes","#text":"SHA256=235882DE2347DB7A4CE2BBD7599B5D8D56C93A8BC18207DBEE7173B9BAD068FE"},{"@Name":"ParentProcessGuid","#text":"dbf410b3-c246-6810-0f00-000000004300"},{"@Name":"ParentProcessId","#text":"808"},{"@Name":"ParentImage","#text":"C:\\Windows\\System32\\svchost.exe"},{"@Name":"ParentCommandLine","#text":"C:\\Windows\\system32\\svchost.exe -k DcomLaunch -p"},{"@Name":"ParentUser","#text":"NT AUTHORITY\\SYSTEM"}]}}}
{"Event":{"System":{"Provider":{"@Name":"Microsoft-Windows-Sysmon","@Guid":"5770385f-c22a-43e0-bf4c-06f5698ffbd9"},"EventID":"5","Version":"3","Level":"4","Task":"5","Opcode":"0","Keywords":"0x8000000000000000","TimeCreated":{"@SystemTime":"2025-04-29 14:18:59.5452455"},"EventRecordID":"51254","Correlation":null,"Execution":{"@ProcessID":"2744","@ThreadID":"704"},"Channel":"Microsoft-Windows-Sysmon/Operational","Computer":"Server002","Security":{"@UserID":"S-1-5-18"}},"EventData":{"Data":[{"@Name":"RuleName","#text":"-"},{"@Name":"UtcTime","#text":"2025-04-29 14:18:59.541"},{"@Name":"ProcessGuid","#text":"dbf410b3-ded4-6810-a503-000000004300"},{"@Name":"ProcessId","#text":"2072"},{"@Name":"Image","#text":"C:\\Windows\\System32\\SearchProtocolHost.exe"},{"@Name":"User","#text":"SERVER002\\lplui"}]}}}
{"Event":{"System":{"Provider":{"@Name":"Microsoft-Windows-Sysmon","@Guid":"5770385f-c22a-43e0-bf4c-06f5698ffbd9"},"EventID":"5","Version":"3","Level":"4","Task":"5","Opcode":"0","Keywords":"0x8000000000000000","TimeCreated":{"@SystemTime":"2025-04-29 14:18:59.6268354"},"EventRecordID":"51255","Correlation":null,"Execution":{"@ProcessID":"2744","@ThreadID":"704"},"Channel":"Microsoft-Windows-Sysmon/Operational","Computer":"Server002","Security":{"@UserID":"S-1-5-18"}},"EventData":{"Data":[{"@Name":"RuleName","#text":"-"},{"@Name":"UtcTime","#text":"2025-04-29 14:18:59.625"},{"@Name":"ProcessGuid","#text":"dbf410b3-ded4-6810-a603-000000004300"},{"@Name":"ProcessId","#text":"2020"},{"@Name":"Image","#text":"C:\\Windows\\System32\\SearchFilterHost.exe"},{"@Name":"User","#text":"NT AUTHORITY\\SYSTEM"}]}}}
{"Event":{"System":{"Provider":{"@Name":"Microsoft-Windows-Sysmon","@Guid":"5770385f-c22a-43e0-bf4c-06f5698ffbd9"},"EventID":"5","Version":"3","Level":"4","Task":"5","Opcode":"0","Keywords":"0x8000000000000000","TimeCreated":{"@SystemTime":"2025-04-29 14:19:08.5088863"},"EventRecordID":"51256","Correlation":null,"Execution":{"@ProcessID":"2744","@ThreadID":"704"},"Channel":"Microsoft-Windows-Sysmon/Operational","Computer":"Server002","Security":{"@UserID":"S-1-5-18"}},"EventData":{"Data":[{"@Name":"RuleName","#text":"-"},{"@Name":"UtcTime","#text":"2025-04-29 14:19:08.507"},{"@Name":"ProcessGuid","#text":"dbf410b3-def5-6810-c203-000000004300"},{"@Name":"ProcessId","#text":"7824"},{"@Name":"Image","#text":"C:\\Windows\\System32\\svchost.exe"},{"@Name":"User","#text":"NT AUTHORITY\\SYSTEM"}]}}}
{"Event":{"System":{"Provider":{"@Name":"Microsoft-Windows-Sysmon","@Guid":"5770385f-c22a-43e0-bf4c-06f5698ffbd9"},"EventID":"5","Version":"3","Level":"4","Task":"5","Opcode":"0","Keywords":"0x8000000000000000","TimeCreated":{"@SystemTime":"2025-04-29 14:19:11.5310035"},"EventRecordID":"51257","Correlation":null,"Execution":{"@ProcessID":"2744","@ThreadID":"704"},"Channel":"Microsoft-Windows-Sysmon/Operational","Computer":"Server002","Security":{"@UserID":"S-1-5-18"}},"EventData":{"Data":[{"@Name":"RuleName","#text":"-"},{"@Name":"UtcTime","#text":"2025-04-29 14:19:11.529"},{"@Name":"ProcessGuid","#text":"dbf410b3-df7c-6810-1e04-000000004300"},{"@Name":"ProcessId","#text":"5824"},{"@Name":"Image","#text":"C:\\Users\\lplui\\AppData\\Local\\Temp\\D1F73399-C58E-4DDA-8F11-0DCC6475A8BA\\DismHost.exe"},{"@Name":"User","#text":"SERVER002\\lplui"}]}}}
{"Event":{"System":{"Provider":{"@Name":"Microsoft-Windows-Sysmon","@Guid":"5770385f-c22a-43e0-bf4c-06f5698ffbd9"},"EventID":"1","Version":"5","Level":"4","Task":"1","Opcode":"0","Keywords":"0x8000000000000000","TimeCreated":{"@SystemTime":"2025-04-29 14:19:20.0421582"},"EventRecordID":"51258","Correlation":null,"Execution":{"@ProcessID":"2744","@ThreadID":"704"},"Channel":"Microsoft-Windows-Sysmon/Operational","Computer":"Server002","Security":{"@UserID":"S-1-5-18"}},"EventData":{"Data":[{"@Name":"RuleName","#text":"-"},{"@Name":"UtcTime","#text":"2025-04-29 14:19:18.601"},{"@Name":"ProcessGuid","#text":"dbf410b3-dfe6-6810-2904-000000004300"},{"@Name":"ProcessId","#text":"5052"},{"@Name":"Image","#text":"C:\\Program Files (x86)\\Microsoft\\EdgeUpdate\\MicrosoftEdgeUpdate.exe"},{"@Name":"FileVersion","#text":"1.3.147.37"},{"@Name":"Description","#text":"Microsoft Edge Update"},{"@Name":"Product","#text":"Microsoft Edge Update"},{"@Name":"Company","#text":"Microsoft Corporation"},{"@Name":"OriginalFileName","#text":"msedgeupdate.dll"},{"@Name":"CommandLine","#text":"\"C:\\Program Files (x86)\\Microsoft\\EdgeUpdate\\MicrosoftEdgeUpdate.exe\" /ua /installsource core"},{"@Name":"CurrentDirectory","#text":"C:\\Program Files (x86)\\Microsoft\\EdgeUpdate\\1.3.195.49\\"},{"@Name":"User","#text":"NT AUTHORITY\\SYSTEM"},{"@Name":"LogonGuid","#text":"dbf410b3-c246-6810-e703-000000000000"},{"@Name":"LogonId","#text":"0x3E7"},{"@Name":"TerminalSessionId","#text":"0"},{"@Name":"IntegrityLevel","#text":"System"},{"@Name":"Hashes","#text":"SHA256=3096D8E82917A9B73F322F4B1743E52E9B0C8B3C5933A957E73E29D6973CDD5B"},{"@Name":"ParentProcessGuid","#text":"dbf410b3-a63a-6810-8a00-000000004300"},{"@Name":"ParentProcessId","#text":"5392"},{"@Name":"ParentImage","#text":"C:\\Program Files (x86)\\Microsoft\\EdgeUpdate\\MicrosoftEdgeUpdate.exe"},{"@Name":"ParentCommandLine","#text":"\"C:\\Program Files (x86)\\Microsoft\\EdgeUpdate\\MicrosoftEdgeUpdate.exe\" /c"},{"@Name":"ParentUser","#text":"NT AUTHORITY\\SYSTEM"}]}}}
{"Event":{"System":{"Provider":{"@Name":"Microsoft-Windows-Sysmon","@Guid":"5770385f-c22a-43e0-bf4c-06f5698ffbd9"},"EventID":"5","Version":"3","Level":"4","Task":"5","Opcode":"0","Keywords":"0x8000000000000000","TimeCreated":{"@SystemTime":"2025-04-29 14:19:20.8777580"},"EventRecordID":"51259","Correlation":null,"Execution":{"@ProcessID":"2744","@ThreadID":"704"},"Channel":"Microsoft-Windows-Sysmon/Operational","Computer":"Server002","Security":{"@UserID":"S-1-5-18"}},"EventData":{"Data":[{"@Name":"RuleName","#text":"-"},{"@Name":"UtcTime","#text":"2025-04-29 14:19:20.874"},{"@Name":"ProcessGuid","#text":"dbf410b3-dfa6-6810-2804-000000004300"},{"@Name":"ProcessId","#text":"6472"},{"@Name":"Image","#text":"C:\\Windows\\System32\\MoUsoCoreWorker.exe"},{"@Name":"User","#text":"NT AUTHORITY\\SYSTEM"}]}}}
{"Event":{"System":{"Provider":{"@Name":"Microsoft-Windows-Sysmon","@Guid":"5770385f-c22a-43e0-bf4c-06f5698ffbd9"},"EventID":"5","Version":"3","Level":"4","Task":"5","Opcode":"0","Keywords":"0x8000000000000000","TimeCreated":{"@SystemTime":"2025-04-29 14:19:29.2966014"},"EventRecordID":"51260","Correlation":null,"Execution":{"@ProcessID":"2744","@ThreadID":"704"},"Channel":"Microsoft-Windows-Sysmon/Operational","Computer":"Server002","Security":{"@UserID":"S-1-5-18"}},"EventData":{"Data":[{"@Name":"RuleName","#text":"-"},{"@Name":"UtcTime","#text":"2025-04-29 14:19:29.296"},{"@Name":"ProcessGuid","#text":"dbf410b3-df4e-6810-fa03-000000004300"},{"@Name":"ProcessId","#text":"9980"},{"@Name":"Image","#text":"C:\\Windows\\System32\\cleanmgr.exe"},{"@Name":"User","#text":"SERVER002\\lplui"}]}}}
