{"Event":{"System":{"Provider":{"@Name":"Microsoft-Windows-Sysmon","@Guid":"5770385f-c22a-43e0-bf4c-06f5698ffbd9"},"EventID":"1","Version":"5","Level":"4","Task":"1","Opcode":"0","Keywords":"0x8000000000000000","TimeCreated":{"@SystemTime":"2025-04-18 14:16:24.6829514"},"EventRecordID":"32115","Correlation":null,"Execution":{"@ProcessID":"3112","@ThreadID":"4188"},"Channel":"Microsoft-Windows-Sysmon/Operational","Computer":"Server002","Security":{"@UserID":"S-1-5-18"}},"EventData":{"Data":[{"@Name":"RuleName","#text":"-"},{"@Name":"UtcTime","#text":"2025-04-18 14:16:24.680"},{"@Name":"ProcessGuid","#text":"dbf410b3-5eb8-6802-1f04-000000003e00"},{"@Name":"ProcessId","#text":"12884"},{"@Name":"Image","#text":"C:\\Windows\\System32\\backgroundTaskHost.exe"},{"@Name":"FileVersion","#text":"10.0.19041.3636 (WinBuild.160101.0800)"},{"@Name":"Description","#text":"Background Task Host"},{"@Name":"Product","#text":"Microsoft® Windows® Operating System"},{"@Name":"Company","#text":"Microsoft Corporation"},{"@Name":"OriginalFileName","#text":"backgroundTaskHost.exe"},{"@Name":"CommandLine","#text":"\"C:\\Windows\\system32\\backgroundTaskHost.exe\" -ServerName:App.AppXnme9zjyebb2xnyygh6q9ev6p5d234br2.mca"},{"@Name":"CurrentDirectory","#text":"C:\\Program Files\\WindowsApps\\Microsoft.Todos_2.143.2921.0_x64__8wekyb3d8bbwe\\"},{"@Name":"User","#text":"SERVER002\\lplui"},{"@Name":"LogonGuid","#text":"dbf410b3-1bf3-6802-b583-030000000000"},{"@Name":"LogonId","#text":"0x383B5"},{"@Name":"TerminalSessionId","#text":"1"},{"@Name":"IntegrityLevel","#text":"AppContainer"},{"@Name":"Hashes","#text":"SHA256=7077CBF56490C86FC74C0CC6C0379AB679F06A066E71906AD23458F664836449"},{"@Name":"ParentProcessGuid","#text":"dbf410b3-380a-6802-0d00-000000003e00"},{"@Name":"ParentProcessId","#text":"792"},{"@Name":"ParentImage","#text":"C:\\Windows\\System32\\svchost.exe"},{"@Name":"ParentCommandLine","#text":"C:\\Windows\\system32\\svchost.exe -k DcomLaunch -p"},{"@Name":"ParentUser","#text":"NT AUTHORITY\\SYSTEM"}]}}}
{"Event":{"System":{"Provider":{"@Name":"Microsoft-Windows-Sysmon","@Guid":"5770385f-c22a-43e0-bf4c-06f5698ffbd9"},"EventID":"1","Version":"5","Level":"4","Task":"1","Opcode":"0","Keywords":"0x8000000000000000","TimeCreated":{"@SystemTime":"2025-04-18 14:16:24.7693295"},"EventRecordID":"32116","Correlation":null,"Execution":{"@ProcessID":"3112","@ThreadID":"4188"},"Channel":"Microsoft-Windows-Sysmon/Operational","Computer":"Server002","Security":{"@UserID":"S-1-5-18"}},"EventData":{"Data":[{"@Name":"RuleName","#text":"-"},{"@Name":"UtcTime","#text":"2025-04-18 14:16:24.765"},{"@Name":"ProcessGuid","#text":"dbf410b3-5eb8-6802-2004-000000003e00"},{"@Name":"ProcessId","#text":"8584"},{"@Name":"Image","#text":"C:\\Windows\\System32\\RuntimeBroker.exe"},{"@Name":"FileVersion","#text":"10.0.19041.4355 (WinBuild.160101.0800)"},{"@Name":"Description","#text":"Runtime Broker"},{"@Name":"Product","#text":"Microsoft® Windows® Operating System"},{"@Name":"Company","#text":"Microsoft Corporation"},{"@Name":"OriginalFileName","#text":"RuntimeBroker.exe"},{"@Name":"CommandLine","#text":"C:\\Windows\\System32\\RuntimeBroker.exe -Embedding"},{"@Name":"CurrentDirectory","#text":"C:\\Windows\\system32\\"},{"@Name":"User","#text":"SERVER002\\lplui"},{"@Name":"LogonGuid","#text":"dbf410b3-1bf3-6802-b583-030000000000"},{"@Name":"LogonId","#text":"0x383B5"},{"@Name":"TerminalSessionId","#text":"1"},{"@Name":"IntegrityLevel","#text":"Medium"},{"@Name":"Hashes","#text":"SHA256=579DFCED8F02A7E1E6E8DF10C400117D3127EAD7231776A1E467EB507261E920"},{"@Name":"ParentProcessGuid","#text":"dbf410b3-380a-6802-0d00-000000003e00"},{"@Name":"ParentProcessId","#text":"792"},{"@Name":"ParentImage","#text":"C:\\Windows\\System32\\svchost.exe"},{"@Name":"ParentCommandLine","#text":"C:\\Windows\\system32\\svchost.exe -k DcomLaunch -p"},{"@Name":"ParentUser","#text":"NT AUTHORITY\\SYSTEM"}]}}}
{"Event":{"System":{"Provider":{"@Name":"Microsoft-Windows-Sysmon","@Guid":"5770385f-c22a-43e0-bf4c-06f5698ffbd9"},"EventID":"1","Version":"5","Level":"4","Task":"1","Opcode":"0","Keywords":"0x8000000000000000","TimeCreated":{"@SystemTime":"2025-04-18 14:16:24.9095322"},"EventRecordID":"32117","Correlation":null,"Execution":{"@ProcessID":"3112","@ThreadID":"4188"},"Channel":"Microsoft-Windows-Sysmon/Operational","Computer":"Server002","Security":{"@UserID":"S-1-5-18"}},"EventData":{"Data":[{"@Name":"RuleName","#text":"-"},{"@Name":"UtcTime","#text":"2025-04-18 14:16:24.906"},{"@Name":"ProcessGuid","#text":"dbf410b3-5eb8-6802-2104-000000003e00"},{"@Name":"ProcessId","#text":"1976"},{"@Name":"Image","#text":"C:\\Windows\\System32\\svchost.exe"},{"@Name":"FileVersion","#text":"10.0.19041.4355 (WinBuild.160101.0800)"},{"@Name":"Description","#text":"Host Process for Windows Services"},{"@Name":"Product","#text":"Microsoft® Windows® Operating System"},{"@Name":"Company","#text":"Microsoft Corporation"},{"@Name":"OriginalFileName","#text":"svchost.exe"},{"@Name":"CommandLine","#text":"C:\\Windows\\System32\\svchost.exe -k wsappx -p -s ClipSVC"},{"@Name":"CurrentDirectory","#text":"C:\\Windows\\system32\\"},{"@Name":"User","#text":"NT AUTHORITY\\SYSTEM"},{"@Name":"LogonGuid","#text":"dbf410b3-3809-6802-e703-000000000000"},{"@Name":"LogonId","#text":"0x3E7"},{"@Name":"TerminalSessionId","#text":"0"},{"@Name":"IntegrityLevel","#text":"System"},{"@Name":"Hashes","#text":"SHA256=6FC3BF1FDFD76860BE782554F8D25BD32F108DB934D70F4253F1E5F23522E503"},{"@Name":"ParentProcessGuid","#text":"dbf410b3-3809-6802-0b00-000000003e00"},{"@Name":"ParentProcessId","#text":"672"},{"@Name":"ParentImage","#text":"C:\\Windows\\System32\\services.exe"},{"@Name":"ParentCommandLine","#text":"C:\\Windows\\system32\\services.exe"},{"@Name":"ParentUser","#text":"NT AUTHORITY\\SYSTEM"}]}}}
{"Event":{"System":{"Provider":{"@Name":"Microsoft-Windows-Sysmon","@Guid":"5770385f-c22a-43e0-bf4c-06f5698ffbd9"},"EventID":"5","Version":"3","Level":"4","Task":"5","Opcode":"0","Keywords":"0x8000000000000000","TimeCreated":{"@SystemTime":"2025-04-18 14:17:24.2435591"},"EventRecordID":"32118","Correlation":null,"Execution":{"@ProcessID":"3112","@ThreadID":"4188"},"Channel":"Microsoft-Windows-Sysmon/Operational","Computer":"Server002","Security":{"@UserID":"S-1-5-18"}},"EventData":{"Data":[{"@Name":"RuleName","#text":"-"},{"@Name":"UtcTime","#text":"2025-04-18 14:17:24.242"},{"@Name":"ProcessGuid","#text":"dbf410b3-5eb8-6802-1e04-000000003e00"},{"@Name":"ProcessId","#text":"3280"},{"@Name":"Image","#text":"C:\\Windows\\System32\\backgroundTaskHost.exe"},{"@Name":"User","#text":"SERVER002\\lplui"}]}}}
{"Event":{"System":{"Provider":{"@Name":"Microsoft-Windows-Sysmon","@Guid":"5770385f-c22a-43e0-bf4c-06f5698ffbd9"},"EventID":"5","Version":"3","Level":"4","Task":"5","Opcode":"0","Keywords":"0x8000000000000000","TimeCreated":{"@SystemTime":"2025-04-18 14:17:26.4518964"},"EventRecordID":"32119","Correlation":null,"Execution":{"@ProcessID":"3112","@ThreadID":"4188"},"Channel":"Microsoft-Windows-Sysmon/Operational","Computer":"Server002","Security":{"@UserID":"S-1-5-18"}},"EventData":{"Data":[{"@Name":"RuleName","#text":"-"},{"@Name":"UtcTime","#text":"2025-04-18 14:17:26.448"},{"@Name":"ProcessGuid","#text":"dbf410b3-5eb8-6802-1f04-000000003e00"},{"@Name":"ProcessId","#text":"12884"},{"@Name":"Image","#text":"C:\\Windows\\System32\\backgroundTaskHost.exe"},{"@Name":"User","#text":"SERVER002\\lplui"}]}}}
{"Event":{"System":{"Provider":{"@Name":"Microsoft-Windows-Sysmon","@Guid":"5770385f-c22a-43e0-bf4c-06f5698ffbd9"},"EventID":"1","Version":"5","Level":"4","Task":"1","Opcode":"0","Keywords":"0x8000000000000000","TimeCreated":{"@SystemTime":"2025-04-18 14:17:31.7804041"},"EventRecordID":"32120","Correlation":null,"Execution":{"@ProcessID":"3112","@ThreadID":"4188"},"Channel":"Microsoft-Windows-Sysmon/Operational","Computer":"Server002","Security":{"@UserID":"S-1-5-18"}},"EventData":{"Data":[{"@Name":"RuleName","#text":"-"},{"@Name":"UtcTime","#text":"2025-04-18 14:17:31.776"},{"@Name":"ProcessGuid","#text":"dbf410b3-5efb-6802-2204-000000003e00"},{"@Name":"ProcessId","#text":"4484"},{"@Name":"Image","#text":"C:\\Program Files (x86)\\Microsoft Office\\root\\Office16\\SDXHelper.exe"},{"@Name":"FileVersion","#text":"16.0.18623.20178"},{"@Name":"Description","#text":"Microsoft Office SDX Helper"},{"@Name":"Product","#text":"Microsoft Office"},{"@Name":"Company","#text":"Microsoft Corporation"},{"@Name":"OriginalFileName","#text":"SDXHELPER.EXE"},{"@Name":"CommandLine","#text":"\"C:\\Program Files (x86)\\Microsoft Office\\root\\Office16\\sdxhelper.exe\""},{"@Name":"CurrentDirectory","#text":"C:\\Windows\\system32\\"},{"@Name":"User","#text":"SERVER002\\lplui"},{"@Name":"LogonGuid","#text":"dbf410b3-1bf3-6802-b583-030000000000"},{"@Name":"LogonId","#text":"0x383B5"},{"@Name":"TerminalSessionId","#text":"1"},{"@Name":"IntegrityLevel","#text":"Medium"},{"@Name":"Hashes","#text":"SHA256=295626D4534CBC765B65AE6629478809084286E68D64D844E8A4B86E025C03ED"},{"@Name":"ParentProcessGuid","#text":"dbf410b3-380a-6802-1a00-000000003e00"},{"@Name":"ParentProcessId","#text":"1144"},{"@Name":"ParentImage","#text":"C:\\Windows\\System32\\svchost.exe"},{"@Name":"ParentCommandLine","#text":"C:\\Windows\\system32\\svchost.exe -k netsvcs -p -s Schedule"},{"@Name":"ParentUser","#text":"NT AUTHORITY\\SYSTEM"}]}}}
{"Event":{"System":{"Provider":{"@Name":"Microsoft-Windows-Sysmon","@Guid":"5770385f-c22a-43e0-bf4c-06f5698ffbd9"},"EventID":"1","Version":"5","Level":"4","Task":"1","Opcode":"0","Keywords":"0x8000000000000000","TimeCreated":{"@SystemTime":"2025-04-18 14:17:31.9739611"},"EventRecordID":"32121","Correlation":null,"Execution":{"@ProcessID":"3112","@ThreadID":"4188"},"Channel":"Microsoft-Windows-Sysmon/Operational","Computer":"Server002","Security":{"@UserID":"S-1-5-18"}},"EventData":{"Data":[{"@Name":"RuleName","#text":"-"},{"@Name":"UtcTime","#text":"2025-04-18 14:17:31.969"},{"@Name":"ProcessGuid","#text":"dbf410b3-5efb-6802-2304-000000003e00"},{"@Name":"ProcessId","#text":"13268"},{"@Name":"Image","#text":"C:\\Program Files (x86)\\Microsoft Office\\root\\Office16\\SDXHelper.exe"},{"@Name":"FileVersion","#text":"16.0.18623.20178"},{"@Name":"Description","#text":"Microsoft Office SDX Helper"},{"@Name":"Product","#text":"Microsoft Office"},{"@Name":"Company","#text":"Microsoft Corporation"},{"@Name":"OriginalFileName","#text":"SDXHELPER.EXE"},{"@Name":"CommandLine","#text":"\"C:\\Program Files (x86)\\Microsoft Office\\Root\\Office16\\SDXHelper.exe\" -Embedding"},{"@Name":"CurrentDirectory","#text":"C:\\Windows\\system32\\"},{"@Name":"User","#text":"SERVER002\\lplui"},{"@Name":"LogonGuid","#text":"dbf410b3-1bf3-6802-b583-030000000000"},{"@Name":"LogonId","#text":"0x383B5"},{"@Name":"TerminalSessionId","#text":"1"},{"@Name":"IntegrityLevel","#text":"Medium"},{"@Name":"Hashes","#text":"SHA256=295626D4534CBC765B65AE6629478809084286E68D64D844E8A4B86E025C03ED"},{"@Name":"ParentProcessGuid","#text":"dbf410b3-380a-6802-0d00-000000003e00"},{"@Name":"ParentProcessId","#text":"792"},{"@Name":"ParentImage","#text":"C:\\Windows\\System32\\svchost.exe"},{"@Name":"ParentCommandLine","#text":"C:\\Windows\\system32\\svchost.exe -k DcomLaunch -p"},{"@Name":"ParentUser","#text":"NT AUTHORITY\\SYSTEM"}]}}}
{"Event":{"System":{"Provider":{"@Name":"Microsoft-Windows-Sysmon","@Guid":"5770385f-c22a-43e0-bf4c-06f5698ffbd9"},"EventID":"5","Version":"3","Level":"4","Task":"5","Opcode":"0","Keywords":"0x8000000000000000","TimeCreated":{"@SystemTime":"2025-04-18 14:17:34.2911289"},"EventRecordID":"32122","Correlation":null,"Execution":{"@ProcessID":"3112","@ThreadID":"4188"},"Channel":"Microsoft-Windows-Sysmon/Operational","Computer":"Server002","Security":{"@UserID":"S-1-5-18"}},"EventData":{"Data":[{"@Name":"RuleName","#text":"-"},{"@Name":"UtcTime","#text":"2025-04-18 14:17:34.287"},{"@Name":"ProcessGuid","#text":"dbf410b3-5efb-6802-2204-000000003e00"},{"@Name":"ProcessId","#text":"4484"},{"@Name":"Image","#text":"C:\\Program Files (x86)\\Microsoft Office\\root\\Office16\\SDXHelper.exe"},{"@Name":"User","#text":"SERVER002\\lplui"}]}}}
{"Event":{"System":{"Provider":{"@Name":"Microsoft-Windows-Sysmon","@Guid":"5770385f-c22a-43e0-bf4c-06f5698ffbd9"},"EventID":"5","Version":"3","Level":"4","Task":"5","Opcode":"0","Keywords":"0x8000000000000000","TimeCreated":{"@SystemTime":"2025-04-18 14:17:54.2691513"},"EventRecordID":"32123","Correlation":null,"Execution":{"@ProcessID":"3112","@ThreadID":"4188"},"Channel":"Microsoft-Windows-Sysmon/Operational","Computer":"Server002","Security":{"@UserID":"S-1-5-18"}},"EventData":{"Data":[{"@Name":"RuleName","#text":"-"},{"@Name":"UtcTime","#text":"2025-04-18 14:17:54.266"},{"@Name":"ProcessGuid","#text":"dbf410b3-5eb8-6802-2004-000000003e00"},{"@Name":"ProcessId","#text":"8584"},{"@Name":"Image","#text":"C:\\Windows\\System32\\RuntimeBroker.exe"},{"@Name":"User","#text":"SERVER002\\lplui"}]}}}
{"Event":{"System":{"Provider":{"@Name":"Microsoft-Windows-Sysmon","@Guid":"5770385f-c22a-43e0-bf4c-06f5698ffbd9"},"EventID":"5","Version":"3","Level":"4","Task":"5","Opcode":"0","Keywords":"0x8000000000000000","TimeCreated":{"@SystemTime":"2025-04-18 14:17:58.0601960"},"EventRecordID":"32124","Correlation":null,"Execution":{"@ProcessID":"3112","@ThreadID":"4188"},"Channel":"Microsoft-Windows-Sysmon/Operational","Computer":"Server002","Security":{"@UserID":"S-1-5-18"}},"EventData":{"Data":[{"@Name":"RuleName","#text":"-"},{"@Name":"UtcTime","#text":"2025-04-18 14:17:58.048"},{"@Name":"ProcessGuid","#text":"dbf410b3-5efb-6802-2304-000000003e00"},{"@Name":"ProcessId","#text":"13268"},{"@Name":"Image","#text":"C:\\Program Files (x86)\\Microsoft Office\\root\\Office16\\SDXHelper.exe"},{"@Name":"User","#text":"SERVER002\\lplui"}]}}}
{"Event":{"System":{"Provider":{"@Name":"Microsoft-Windows-Sysmon","@Guid":"5770385f-c22a-43e0-bf4c-06f5698ffbd9"},"EventID":"1","Version":"5","Level":"4","Task":"1","Opcode":"0","Keywords":"0x8000000000000000","TimeCreated":{"@SystemTime":"2025-04-18 14:20:01.0312335"},"EventRecordID":"32125","Correlation":null,"Execution":{"@ProcessID":"3112","@ThreadID":"4188"},"Channel":"Microsoft-Windows-Sysmon/Operational","Computer":"Server002","Security":{"@UserID":"S-1-5-18"}},"EventData":{"Data":[{"@Name":"RuleName","#text":"-"},{"@Name":"UtcTime","#text":"2025-04-18 14:20:01.026"},{"@Name":"ProcessGuid","#text":"dbf410b3-5f91-6802-2404-000000003e00"},{"@Name":"ProcessId","#text":"12492"},{"@Name":"Image","#text":"C:\\Program Files (x86)\\Microsoft Office\\root\\Office16\\SDXHelper.exe"},{"@Name":"FileVersion","#text":"16.0.18623.20178"},{"@Name":"Description","#text":"Microsoft Office SDX Helper"},{"@Name":"Product","#text":"Microsoft Office"},{"@Name":"Company","#text":"Microsoft Corporation"},{"@Name":"OriginalFileName","#text":"SDXHELPER.EXE"},{"@Name":"CommandLine","#text":"\"C:\\Program Files (x86)\\Microsoft Office\\root\\Office16\\sdxhelper.exe\" /prewarm"},{"@Name":"CurrentDirectory","#text":"C:\\Windows\\system32\\"},{"@Name":"User","#text":"SERVER002\\lplui"},{"@Name":"LogonGuid","#text":"dbf410b3-1bf3-6802-b583-030000000000"},{"@Name":"LogonId","#text":"0x383B5"},{"@Name":"TerminalSessionId","#text":"1"},{"@Name":"IntegrityLevel","#text":"Medium"},{"@Name":"Hashes","#text":"SHA256=295626D4534CBC765B65AE6629478809084286E68D64D844E8A4B86E025C03ED"},{"@Name":"ParentProcessGuid","#text":"dbf410b3-380a-6802-1a00-000000003e00"},{"@Name":"ParentProcessId","#text":"1144"},{"@Name":"ParentImage","#text":"C:\\Windows\\System32\\svchost.exe"},{"@Name":"ParentCommandLine","#text":"C:\\Windows\\system32\\svchost.exe -k netsvcs -p -s Schedule"},{"@Name":"ParentUser","#text":"NT AUTHORITY\\SYSTEM"}]}}}
{"Event":{"System":{"Provider":{"@Name":"Microsoft-Windows-Sysmon","@Guid":"5770385f-c22a-43e0-bf4c-06f5698ffbd9"},"EventID":"1","Version":"5","Level":"4","Task":"1","Opcode":"0","Keywords":"0x8000000000000000","TimeCreated":{"@SystemTime":"2025-04-18 14:20:01.2164145"},"EventRecordID":"32126","Correlation":null,"Execution":{"@ProcessID":"3112","@ThreadID":"4188"},"Channel":"Microsoft-Windows-Sysmon/Operational","Computer":"Server002","Security":{"@UserID":"S-1-5-18"}},"EventData":{"Data":[{"@Name":"RuleName","#text":"-"},{"@Name":"UtcTime","#text":"2025-04-18 14:20:01.208"},{"@Name":"ProcessGuid","#text":"dbf410b3-5f91-6802-2504-000000003e00"},{"@Name":"ProcessId","#text":"8516"},{"@Name":"Image","#text":"C:\\Program Files (x86)\\Microsoft Office\\root\\Office16\\SDXHelper.exe"},{"@Name":"FileVersion","#text":"16.0.18623.20178"},{"@Name":"Description","#text":"Microsoft Office SDX Helper"},{"@Name":"Product","#text":"Microsoft Office"},{"@Name":"Company","#text":"Microsoft Corporation"},{"@Name":"OriginalFileName","#text":"SDXHELPER.EXE"},{"@Name":"CommandLine","#text":"\"C:\\Program Files (x86)\\Microsoft Office\\Root\\Office16\\SDXHelper.exe\" -Embedding"},{"@Name":"CurrentDirectory","#text":"C:\\Windows\\system32\\"},{"@Name":"User","#text":"SERVER002\\lplui"},{"@Name":"LogonGuid","#text":"dbf410b3-1bf3-6802-b583-030000000000"},{"@Name":"LogonId","#text":"0x383B5"},{"@Name":"TerminalSessionId","#text":"1"},{"@Name":"IntegrityLevel","#text":"Medium"},{"@Name":"Hashes","#text":"SHA256=295626D4534CBC765B65AE6629478809084286E68D64D844E8A4B86E025C03ED"},{"@Name":"ParentProcessGuid","#text":"dbf410b3-380a-6802-0d00-000000003e00"},{"@Name":"ParentProcessId","#text":"792"},{"@Name":"ParentImage","#text":"C:\\Windows\\System32\\svchost.exe"},{"@Name":"ParentCommandLine","#text":"C:\\Windows\\system32\\svchost.exe -k DcomLaunch -p"},{"@Name":"ParentUser","#text":"NT AUTHORITY\\SYSTEM"}]}}}
{"Event":{"System":{"Provider":{"@Name":"Microsoft-Windows-Sysmon","@Guid":"5770385f-c22a-43e0-bf4c-06f5698ffbd9"},"EventID":"5","Version":"3","Level":"4","Task":"5","Opcode":"0","Keywords":"0x8000000000000000","TimeCreated":{"@SystemTime":"2025-04-18 14:20:03.5777083"},"EventRecordID":"32127","Correlation":null,"Execution":{"@ProcessID":"3112","@ThreadID":"4188"},"Channel":"Microsoft-Windows-Sysmon/Operational","Computer":"Server002","Security":{"@UserID":"S-1-5-18"}},"EventData":{"Data":[{"@Name":"RuleName","#text":"-"},{"@Name":"UtcTime","#text":"2025-04-18 14:20:03.572"},{"@Name":"ProcessGuid","#text":"dbf410b3-5f91-6802-2404-000000003e00"},{"@Name":"ProcessId","#text":"12492"},{"@Name":"Image","#text":"C:\\Program Files (x86)\\Microsoft Office\\root\\Office16\\SDXHelper.exe"},{"@Name":"User","#text":"SERVER002\\lplui"}]}}}
