{"Event":{"System":{"Provider":{"@Name":"Microsoft-Windows-Sysmon","@Guid":"5770385f-c22a-43e0-bf4c-06f5698ffbd9"},"EventID":"1","Version":"5","Level":"4","Task":"1","Opcode":"0","Keywords":"0x8000000000000000","TimeCreated":{"@SystemTime":"2025-04-16 20:02:51.7847753"},"EventRecordID":"23496","Correlation":null,"Execution":{"@ProcessID":"3196","@ThreadID":"4432"},"Channel":"Microsoft-Windows-Sysmon/Operational","Computer":"Server002","Security":{"@UserID":"S-1-5-18"}},"EventData":{"Data":[{"@Name":"RuleName","#text":"-"},{"@Name":"UtcTime","#text":"2025-04-16 20:02:51.782"},{"@Name":"ProcessGuid","#text":"dbf410b3-0ceb-6800-f301-000000003c00"},{"@Name":"ProcessId","#text":"3160"},{"@Name":"Image","#text":"C:\\Windows\\WinSxS\\amd64_microsoft-windows-servicingstack_31bf3856ad364e35_10.0.19041.5676_none_7dfafd007c9b4e44\\TiWorker.exe"},{"@Name":"FileVersion","#text":"10.0.19041.5676 (WinBuild.160101.0800)"},{"@Name":"Description","#text":"Windows Modules Installer Worker"},{"@Name":"Product","#text":"Microsoft® Windows® Operating System"},{"@Name":"Company","#text":"Microsoft Corporation"},{"@Name":"OriginalFileName","#text":"TiWorker.exe"},{"@Name":"CommandLine","#text":"C:\\Windows\\winsxs\\amd64_microsoft-windows-servicingstack_31bf3856ad364e35_10.0.19041.5676_none_7dfafd007c9b4e44\\TiWorker.exe -Embedding"},{"@Name":"CurrentDirectory","#text":"C:\\Windows\\system32\\"},{"@Name":"User","#text":"NT AUTHORITY\\SYSTEM"},{"@Name":"LogonGuid","#text":"dbf410b3-0887-6800-e703-000000000000"},{"@Name":"LogonId","#text":"0x3E7"},{"@Name":"TerminalSessionId","#text":"0"},{"@Name":"IntegrityLevel","#text":"System"},{"@Name":"Hashes","#text":"SHA256=882DABAFFA4F7C0502B1AD20C8D38A5EFD4AAA06ED2B4907D5F0A5700BB50A19"},{"@Name":"ParentProcessGuid","#text":"dbf410b3-0888-6800-0d00-000000003c00"},{"@Name":"ParentProcessId","#text":"764"},{"@Name":"ParentImage","#text":"C:\\Windows\\System32\\svchost.exe"},{"@Name":"ParentCommandLine","#text":"C:\\Windows\\system32\\svchost.exe -k DcomLaunch -p"},{"@Name":"ParentUser","#text":"NT AUTHORITY\\SYSTEM"}]}}}
{"Event":{"System":{"Provider":{"@Name":"Microsoft-Windows-Sysmon","@Guid":"5770385f-c22a-43e0-bf4c-06f5698ffbd9"},"EventID":"1","Version":"5","Level":"4","Task":"1","Opcode":"0","Keywords":"0x8000000000000000","TimeCreated":{"@SystemTime":"2025-04-16 20:02:51.8952388"},"EventRecordID":"23497","Correlation":null,"Execution":{"@ProcessID":"3196","@ThreadID":"4432"},"Channel":"Microsoft-Windows-Sysmon/Operational","Computer":"Server002","Security":{"@UserID":"S-1-5-18"}},"EventData":{"Data":[{"@Name":"RuleName","#text":"-"},{"@Name":"UtcTime","#text":"2025-04-16 20:02:51.806"},{"@Name":"ProcessGuid","#text":"dbf410b3-0ceb-6800-f401-000000003c00"},{"@Name":"ProcessId","#text":"8508"},{"@Name":"Image","#text":"C:\\Windows\\System32\\conhost.exe"},{"@Name":"FileVersion","#text":"10.0.19041.5198 (WinBuild.160101.0800)"},{"@Name":"Description","#text":"Console Window Host"},{"@Name":"Product","#text":"Microsoft® Windows® Operating System"},{"@Name":"Company","#text":"Microsoft Corporation"},{"@Name":"OriginalFileName","#text":"CONHOST.EXE"},{"@Name":"CommandLine","#text":"\\??\\C:\\Windows\\system32\\conhost.exe 0xffffffff -ForceV1"},{"@Name":"CurrentDirectory","#text":"C:\\Windows"},{"@Name":"User","#text":"NT AUTHORITY\\SYSTEM"},{"@Name":"LogonGuid","#text":"dbf410b3-0887-6800-e703-000000000000"},{"@Name":"LogonId","#text":"0x3E7"},{"@Name":"TerminalSessionId","#text":"0"},{"@Name":"IntegrityLevel","#text":"System"},{"@Name":"Hashes","#text":"SHA256=B02EE54FB2EC69673386D41119EE8ED083A6EAB3BFCA6AA2155D20CE68EF8963"},{"@Name":"ParentProcessGuid","#text":"dbf410b3-0ceb-6800-ef01-000000003c00"},{"@Name":"ParentProcessId","#text":"1520"},{"@Name":"ParentImage","#text":"C:\\Windows\\System32\\UCPDMgr.exe"},{"@Name":"ParentCommandLine","#text":"\"C:\\Windows\\system32\\UCPDMgr.exe\""},{"@Name":"ParentUser","#text":"NT AUTHORITY\\SYSTEM"}]}}}
{"Event":{"System":{"Provider":{"@Name":"Microsoft-Windows-Sysmon","@Guid":"5770385f-c22a-43e0-bf4c-06f5698ffbd9"},"EventID":"5","Version":"3","Level":"4","Task":"5","Opcode":"0","Keywords":"0x8000000000000000","TimeCreated":{"@SystemTime":"2025-04-16 20:02:52.0287074"},"EventRecordID":"23498","Correlation":null,"Execution":{"@ProcessID":"3196","@ThreadID":"4432"},"Channel":"Microsoft-Windows-Sysmon/Operational","Computer":"Server002","Security":{"@UserID":"S-1-5-18"}},"EventData":{"Data":[{"@Name":"RuleName","#text":"-"},{"@Name":"UtcTime","#text":"2025-04-16 20:02:52.022"},{"@Name":"ProcessGuid","#text":"dbf410b3-0ceb-6800-ef01-000000003c00"},{"@Name":"ProcessId","#text":"1520"},{"@Name":"Image","#text":"C:\\Windows\\System32\\UCPDMgr.exe"},{"@Name":"User","#text":"NT AUTHORITY\\SYSTEM"}]}}}
{"Event":{"System":{"Provider":{"@Name":"Microsoft-Windows-Sysmon","@Guid":"5770385f-c22a-43e0-bf4c-06f5698ffbd9"},"EventID":"1","Version":"5","Level":"4","Task":"1","Opcode":"0","Keywords":"0x8000000000000000","TimeCreated":{"@SystemTime":"2025-04-16 20:02:52.0626282"},"EventRecordID":"23499","Correlation":null,"Execution":{"@ProcessID":"3196","@ThreadID":"4432"},"Channel":"Microsoft-Windows-Sysmon/Operational","Computer":"Server002","Security":{"@UserID":"S-1-5-18"}},"EventData":{"Data":[{"@Name":"RuleName","#text":"-"},{"@Name":"UtcTime","#text":"2025-04-16 20:02:52.028"},{"@Name":"ProcessGuid","#text":"dbf410b3-0cec-6800-f501-000000003c00"},{"@Name":"ProcessId","#text":"6392"},{"@Name":"Image","#text":"C:\\Windows\\System32\\taskhostw.exe"},{"@Name":"FileVersion","#text":"10.0.19041.4474 (WinBuild.160101.0800)"},{"@Name":"Description","#text":"Host Process for Windows Tasks"},{"@Name":"Product","#text":"Microsoft® Windows® Operating System"},{"@Name":"Company","#text":"Microsoft Corporation"},{"@Name":"OriginalFileName","#text":"taskhostw.exe"},{"@Name":"CommandLine","#text":"taskhostw.exe"},{"@Name":"CurrentDirectory","#text":"C:\\Windows\\system32\\"},{"@Name":"User","#text":"NT AUTHORITY\\SYSTEM"},{"@Name":"LogonGuid","#text":"dbf410b3-0887-6800-e703-000000000000"},{"@Name":"LogonId","#text":"0x3E7"},{"@Name":"TerminalSessionId","#text":"0"},{"@Name":"IntegrityLevel","#text":"System"},{"@Name":"Hashes","#text":"SHA256=1C7B7E7026EF8307BF33AFDADF1D49E7C1EE4C829260B4F6988185D22D7BCC3A"},{"@Name":"ParentProcessGuid","#text":"dbf410b3-0888-6800-1e00-000000003c00"},{"@Name":"ParentProcessId","#text":"1348"},{"@Name":"ParentImage","#text":"C:\\Windows\\System32\\svchost.exe"},{"@Name":"ParentCommandLine","#text":"C:\\Windows\\system32\\svchost.exe -k netsvcs -p -s Schedule"},{"@Name":"ParentUser","#text":"NT AUTHORITY\\SYSTEM"}]}}}
{"Event":{"System":{"Provider":{"@Name":"Microsoft-Windows-Sysmon","@Guid":"5770385f-c22a-43e0-bf4c-06f5698ffbd9"},"EventID":"1","Version":"5","Level":"4","Task":"1","Opcode":"0","Keywords":"0x8000000000000000","TimeCreated":{"@SystemTime":"2025-04-16 20:02:52.1502157"},"EventRecordID":"23500","Correlation":null,"Execution":{"@ProcessID":"3196","@ThreadID":"4432"},"Channel":"Microsoft-Windows-Sysmon/Operational","Computer":"Server002","Security":{"@UserID":"S-1-5-18"}},"EventData":{"Data":[{"@Name":"RuleName","#text":"-"},{"@Name":"UtcTime","#text":"2025-04-16 20:02:52.144"},{"@Name":"ProcessGuid","#text":"dbf410b3-0cec-6800-f601-000000003c00"},{"@Name":"ProcessId","#text":"7064"},{"@Name":"Image","#text":"C:\\Windows\\System32\\backgroundTaskHost.exe"},{"@Name":"FileVersion","#text":"10.0.19041.3636 (WinBuild.160101.0800)"},{"@Name":"Description","#text":"Background Task Host"},{"@Name":"Product","#text":"Microsoft® Windows® Operating System"},{"@Name":"Company","#text":"Microsoft Corporation"},{"@Name":"OriginalFileName","#text":"backgroundTaskHost.exe"},{"@Name":"CommandLine","#text":"\"C:\\Windows\\system32\\backgroundTaskHost.exe\" -ServerName:App.AppXmtcan0h2tfbfy7k9kn8hbxb6dmzz1zh0.mca"},{"@Name":"CurrentDirectory","#text":"C:\\Windows\\SystemApps\\Microsoft.Windows.ContentDeliveryManager_cw5n1h2txyewy\\"},{"@Name":"User","#text":"SERVER002\\lplui"},{"@Name":"LogonGuid","#text":"dbf410b3-0a15-6800-4b61-200000000000"},{"@Name":"LogonId","#text":"0x20614B"},{"@Name":"TerminalSessionId","#text":"1"},{"@Name":"IntegrityLevel","#text":"AppContainer"},{"@Name":"Hashes","#text":"SHA256=7077CBF56490C86FC74C0CC6C0379AB679F06A066E71906AD23458F664836449"},{"@Name":"ParentProcessGuid","#text":"dbf410b3-0888-6800-0d00-000000003c00"},{"@Name":"ParentProcessId","#text":"764"},{"@Name":"ParentImage","#text":"C:\\Windows\\System32\\svchost.exe"},{"@Name":"ParentCommandLine","#text":"C:\\Windows\\system32\\svchost.exe -k DcomLaunch -p"},{"@Name":"ParentUser","#text":"NT AUTHORITY\\SYSTEM"}]}}}
{"Event":{"System":{"Provider":{"@Name":"Microsoft-Windows-Sysmon","@Guid":"5770385f-c22a-43e0-bf4c-06f5698ffbd9"},"EventID":"5","Version":"3","Level":"4","Task":"5","Opcode":"0","Keywords":"0x8000000000000000","TimeCreated":{"@SystemTime":"2025-04-16 20:02:52.1879577"},"EventRecordID":"23501","Correlation":null,"Execution":{"@ProcessID":"3196","@ThreadID":"4432"},"Channel":"Microsoft-Windows-Sysmon/Operational","Computer":"Server002","Security":{"@UserID":"S-1-5-18"}},"EventData":{"Data":[{"@Name":"RuleName","#text":"-"},{"@Name":"UtcTime","#text":"2025-04-16 20:02:52.184"},{"@Name":"ProcessGuid","#text":"dbf410b3-0ceb-6800-f401-000000003c00"},{"@Name":"ProcessId","#text":"8508"},{"@Name":"Image","#text":"C:\\Windows\\System32\\conhost.exe"},{"@Name":"User","#text":"NT AUTHORITY\\SYSTEM"}]}}}
{"Event":{"System":{"Provider":{"@Name":"Microsoft-Windows-Sysmon","@Guid":"5770385f-c22a-43e0-bf4c-06f5698ffbd9"},"EventID":"5","Version":"3","Level":"4","Task":"5","Opcode":"0","Keywords":"0x8000000000000000","TimeCreated":{"@SystemTime":"2025-04-16 20:02:52.6826663"},"EventRecordID":"23502","Correlation":null,"Execution":{"@ProcessID":"3196","@ThreadID":"4432"},"Channel":"Microsoft-Windows-Sysmon/Operational","Computer":"Server002","Security":{"@UserID":"S-1-5-18"}},"EventData":{"Data":[{"@Name":"RuleName","#text":"-"},{"@Name":"UtcTime","#text":"2025-04-16 20:02:52.678"},{"@Name":"ProcessGuid","#text":"dbf410b3-0ceb-6800-ee01-000000003c00"},{"@Name":"ProcessId","#text":"3928"},{"@Name":"Image","#text":"C:\\Windows\\System32\\taskhostw.exe"},{"@Name":"User","#text":"SERVER002\\lplui"}]}}}
{"Event":{"System":{"Provider":{"@Name":"Microsoft-Windows-Sysmon","@Guid":"5770385f-c22a-43e0-bf4c-06f5698ffbd9"},"EventID":"5","Version":"3","Level":"4","Task":"5","Opcode":"0","Keywords":"0x8000000000000000","TimeCreated":{"@SystemTime":"2025-04-16 20:02:53.0087572"},"EventRecordID":"23503","Correlation":null,"Execution":{"@ProcessID":"3196","@ThreadID":"4432"},"Channel":"Microsoft-Windows-Sysmon/Operational","Computer":"Server002","Security":{"@UserID":"S-1-5-18"}},"EventData":{"Data":[{"@Name":"RuleName","#text":"-"},{"@Name":"UtcTime","#text":"2025-04-16 20:02:53.006"},{"@Name":"ProcessGuid","#text":"dbf410b3-0cec-6800-f601-000000003c00"},{"@Name":"ProcessId","#text":"7064"},{"@Name":"Image","#text":"C:\\Windows\\System32\\backgroundTaskHost.exe"},{"@Name":"User","#text":"SERVER002\\lplui"}]}}}
{"Event":{"System":{"Provider":{"@Name":"Microsoft-Windows-Sysmon","@Guid":"5770385f-c22a-43e0-bf4c-06f5698ffbd9"},"EventID":"1","Version":"5","Level":"4","Task":"1","Opcode":"0","Keywords":"0x8000000000000000","TimeCreated":{"@SystemTime":"2025-04-16 20:02:53.0134944"},"EventRecordID":"23504","Correlation":null,"Execution":{"@ProcessID":"3196","@ThreadID":"4432"},"Channel":"Microsoft-Windows-Sysmon/Operational","Computer":"Server002","Security":{"@UserID":"S-1-5-18"}},"EventData":{"Data":[{"@Name":"RuleName","#text":"-"},{"@Name":"UtcTime","#text":"2025-04-16 20:02:53.009"},{"@Name":"ProcessGuid","#text":"dbf410b3-0ced-6800-f701-000000003c00"},{"@Name":"ProcessId","#text":"5652"},{"@Name":"Image","#text":"C:\\Windows\\System32\\svchost.exe"},{"@Name":"FileVersion","#text":"10.0.19041.4355 (WinBuild.160101.0800)"},{"@Name":"Description","#text":"Host Process for Windows Services"},{"@Name":"Product","#text":"Microsoft® Windows® Operating System"},{"@Name":"Company","#text":"Microsoft Corporation"},{"@Name":"OriginalFileName","#text":"svchost.exe"},{"@Name":"CommandLine","#text":"C:\\Windows\\system32\\svchost.exe -k netsvcs -p"},{"@Name":"CurrentDirectory","#text":"C:\\Windows\\system32\\"},{"@Name":"User","#text":"NT AUTHORITY\\SYSTEM"},{"@Name":"LogonGuid","#text":"dbf410b3-0887-6800-e703-000000000000"},{"@Name":"LogonId","#text":"0x3E7"},{"@Name":"TerminalSessionId","#text":"0"},{"@Name":"IntegrityLevel","#text":"System"},{"@Name":"Hashes","#text":"SHA256=6FC3BF1FDFD76860BE782554F8D25BD32F108DB934D70F4253F1E5F23522E503"},{"@Name":"ParentProcessGuid","#text":"dbf410b3-0887-6800-0b00-000000003c00"},{"@Name":"ParentProcessId","#text":"648"},{"@Name":"ParentImage","#text":"C:\\Windows\\System32\\services.exe"},{"@Name":"ParentCommandLine","#text":"C:\\Windows\\system32\\services.exe"},{"@Name":"ParentUser","#text":"NT AUTHORITY\\SYSTEM"}]}}}
{"Event":{"System":{"Provider":{"@Name":"Microsoft-Windows-Sysmon","@Guid":"5770385f-c22a-43e0-bf4c-06f5698ffbd9"},"EventID":"5","Version":"3","Level":"4","Task":"5","Opcode":"0","Keywords":"0x8000000000000000","TimeCreated":{"@SystemTime":"2025-04-16 20:02:53.1118389"},"EventRecordID":"23505","Correlation":null,"Execution":{"@ProcessID":"3196","@ThreadID":"4432"},"Channel":"Microsoft-Windows-Sysmon/Operational","Computer":"Server002","Security":{"@UserID":"S-1-5-18"}},"EventData":{"Data":[{"@Name":"RuleName","#text":"-"},{"@Name":"UtcTime","#text":"2025-04-16 20:02:53.110"},{"@Name":"ProcessGuid","#text":"dbf410b3-0cec-6800-f501-000000003c00"},{"@Name":"ProcessId","#text":"6392"},{"@Name":"Image","#text":"C:\\Windows\\System32\\taskhostw.exe"},{"@Name":"User","#text":"NT AUTHORITY\\SYSTEM"}]}}}
{"Event":{"System":{"Provider":{"@Name":"Microsoft-Windows-Sysmon","@Guid":"5770385f-c22a-43e0-bf4c-06f5698ffbd9"},"EventID":"5","Version":"3","Level":"4","Task":"5","Opcode":"0","Keywords":"0x8000000000000000","TimeCreated":{"@SystemTime":"2025-04-16 20:02:54.1452813"},"EventRecordID":"23506","Correlation":null,"Execution":{"@ProcessID":"3196","@ThreadID":"4432"},"Channel":"Microsoft-Windows-Sysmon/Operational","Computer":"Server002","Security":{"@UserID":"S-1-5-18"}},"EventData":{"Data":[{"@Name":"RuleName","#text":"-"},{"@Name":"UtcTime","#text":"2025-04-16 20:02:54.144"},{"@Name":"ProcessGuid","#text":"dbf410b3-0ceb-6800-f001-000000003c00"},{"@Name":"ProcessId","#text":"2296"},{"@Name":"Image","#text":"C:\\Windows\\System32\\provtool.exe"},{"@Name":"User","#text":"NT AUTHORITY\\SYSTEM"}]}}}
{"Event":{"System":{"Provider":{"@Name":"Microsoft-Windows-Sysmon","@Guid":"5770385f-c22a-43e0-bf4c-06f5698ffbd9"},"EventID":"5","Version":"3","Level":"4","Task":"5","Opcode":"0","Keywords":"0x8000000000000000","TimeCreated":{"@SystemTime":"2025-04-16 20:02:54.8970896"},"EventRecordID":"23507","Correlation":null,"Execution":{"@ProcessID":"3196","@ThreadID":"4432"},"Channel":"Microsoft-Windows-Sysmon/Operational","Computer":"Server002","Security":{"@UserID":"S-1-5-18"}},"EventData":{"Data":[{"@Name":"RuleName","#text":"-"},{"@Name":"UtcTime","#text":"2025-04-16 20:02:54.896"},{"@Name":"ProcessGuid","#text":"dbf410b3-0ceb-6800-ed01-000000003c00"},{"@Name":"ProcessId","#text":"6708"},{"@Name":"Image","#text":"C:\\Program Files\\Common Files\\microsoft shared\\ClickToRun\\OfficeC2RClient.exe"},{"@Name":"User","#text":"NT AUTHORITY\\SYSTEM"}]}}}
{"Event":{"System":{"Provider":{"@Name":"Microsoft-Windows-Sysmon","@Guid":"5770385f-c22a-43e0-bf4c-06f5698ffbd9"},"EventID":"1","Version":"5","Level":"4","Task":"1","Opcode":"0","Keywords":"0x8000000000000000","TimeCreated":{"@SystemTime":"2025-04-16 20:03:12.5472251"},"EventRecordID":"23508","Correlation":null,"Execution":{"@ProcessID":"3196","@ThreadID":"4432"},"Channel":"Microsoft-Windows-Sysmon/Operational","Computer":"Server002","Security":{"@UserID":"S-1-5-18"}},"EventData":{"Data":[{"@Name":"RuleName","#text":"-"},{"@Name":"UtcTime","#text":"2025-04-16 20:03:12.542"},{"@Name":"ProcessGuid","#text":"dbf410b3-0d00-6800-f801-000000003c00"},{"@Name":"ProcessId","#text":"8704"},{"@Name":"Image","#text":"C:\\Windows\\System32\\svchost.exe"},{"@Name":"FileVersion","#text":"10.0.19041.4355 (WinBuild.160101.0800)"},{"@Name":"Description","#text":"Host Process for Windows Services"},{"@Name":"Product","#text":"Microsoft® Windows® Operating System"},{"@Name":"Company","#text":"Microsoft Corporation"},{"@Name":"OriginalFileName","#text":"svchost.exe"},{"@Name":"CommandLine","#text":"C:\\Windows\\system32\\svchost.exe -k LocalSystemNetworkRestricted -s WPDBusEnum"},{"@Name":"CurrentDirectory","#text":"C:\\Windows\\system32\\"},{"@Name":"User","#text":"NT AUTHORITY\\SYSTEM"},{"@Name":"LogonGuid","#text":"dbf410b3-0887-6800-e703-000000000000"},{"@Name":"LogonId","#text":"0x3E7"},{"@Name":"TerminalSessionId","#text":"0"},{"@Name":"IntegrityLevel","#text":"System"},{"@Name":"Hashes","#text":"SHA256=6FC3BF1FDFD76860BE782554F8D25BD32F108DB934D70F4253F1E5F23522E503"},{"@Name":"ParentProcessGuid","#text":"dbf410b3-0887-6800-0b00-000000003c00"},{"@Name":"ParentProcessId","#text":"648"},{"@Name":"ParentImage","#text":"C:\\Windows\\System32\\services.exe"},{"@Name":"ParentCommandLine","#text":"C:\\Windows\\system32\\services.exe"},{"@Name":"ParentUser","#text":"NT AUTHORITY\\SYSTEM"}]}}}
{"Event":{"System":{"Provider":{"@Name":"Microsoft-Windows-Sysmon","@Guid":"5770385f-c22a-43e0-bf4c-06f5698ffbd9"},"EventID":"5","Version":"3","Level":"4","Task":"5","Opcode":"0","Keywords":"0x8000000000000000","TimeCreated":{"@SystemTime":"2025-04-16 20:03:38.4320336"},"EventRecordID":"23509","Correlation":null,"Execution":{"@ProcessID":"3196","@ThreadID":"4432"},"Channel":"Microsoft-Windows-Sysmon/Operational","Computer":"Server002","Security":{"@UserID":"S-1-5-18"}},"EventData":{"Data":[{"@Name":"RuleName","#text":"-"},{"@Name":"UtcTime","#text":"2025-04-16 20:03:38.426"},{"@Name":"ProcessGuid","#text":"dbf410b3-0ceb-6800-ec01-000000003c00"},{"@Name":"ProcessId","#text":"1848"},{"@Name":"Image","#text":"C:\\Windows\\System32\\MoUsoCoreWorker.exe"},{"@Name":"User","#text":"NT AUTHORITY\\SYSTEM"}]}}}
{"Event":{"System":{"Provider":{"@Name":"Microsoft-Windows-Sysmon","@Guid":"5770385f-c22a-43e0-bf4c-06f5698ffbd9"},"EventID":"1","Version":"5","Level":"4","Task":"1","Opcode":"0","Keywords":"0x8000000000000000","TimeCreated":{"@SystemTime":"2025-04-16 20:03:39.8554994"},"EventRecordID":"23510","Correlation":null,"Execution":{"@ProcessID":"3196","@ThreadID":"4432"},"Channel":"Microsoft-Windows-Sysmon/Operational","Computer":"Server002","Security":{"@UserID":"S-1-5-18"}},"EventData":{"Data":[{"@Name":"RuleName","#text":"-"},{"@Name":"UtcTime","#text":"2025-04-16 20:03:39.851"},{"@Name":"ProcessGuid","#text":"dbf410b3-0d1b-6800-f901-000000003c00"},{"@Name":"ProcessId","#text":"7184"},{"@Name":"Image","#text":"C:\\Windows\\System32\\MoUsoCoreWorker.exe"},{"@Name":"FileVersion","#text":"10.0.19041.5678 (WinBuild.160101.0800)"},{"@Name":"Description","#text":"MoUSO Core Worker Process"},{"@Name":"Product","#text":"Microsoft® Windows® Operating System"},{"@Name":"Company","#text":"Microsoft Corporation"},{"@Name":"OriginalFileName","#text":"MoUSOCoreWorker.exe"},{"@Name":"CommandLine","#text":"C:\\Windows\\System32\\mousocoreworker.exe -Embedding"},{"@Name":"CurrentDirectory","#text":"C:\\Windows\\system32\\"},{"@Name":"User","#text":"NT AUTHORITY\\SYSTEM"},{"@Name":"LogonGuid","#text":"dbf410b3-0887-6800-e703-000000000000"},{"@Name":"LogonId","#text":"0x3E7"},{"@Name":"TerminalSessionId","#text":"0"},{"@Name":"IntegrityLevel","#text":"System"},{"@Name":"Hashes","#text":"SHA256=235882DE2347DB7A4CE2BBD7599B5D8D56C93A8BC18207DBEE7173B9BAD068FE"},{"@Name":"ParentProcessGuid","#text":"dbf410b3-0888-6800-0d00-000000003c00"},{"@Name":"ParentProcessId","#text":"764"},{"@Name":"ParentImage","#text":"C:\\Windows\\System32\\svchost.exe"},{"@Name":"ParentCommandLine","#text":"C:\\Windows\\system32\\svchost.exe -k DcomLaunch -p"},{"@Name":"ParentUser","#text":"NT AUTHORITY\\SYSTEM"}]}}}
{"Event":{"System":{"Provider":{"@Name":"Microsoft-Windows-Sysmon","@Guid":"5770385f-c22a-43e0-bf4c-06f5698ffbd9"},"EventID":"5","Version":"3","Level":"4","Task":"5","Opcode":"0","Keywords":"0x8000000000000000","TimeCreated":{"@SystemTime":"2025-04-16 20:03:47.0342054"},"EventRecordID":"23511","Correlation":null,"Execution":{"@ProcessID":"3196","@ThreadID":"4432"},"Channel":"Microsoft-Windows-Sysmon/Operational","Computer":"Server002","Security":{"@UserID":"S-1-5-18"}},"EventData":{"Data":[{"@Name":"RuleName","#text":"-"},{"@Name":"UtcTime","#text":"2025-04-16 20:03:47.033"},{"@Name":"ProcessGuid","#text":"dbf410b3-0a18-6800-3101-000000003c00"},{"@Name":"ProcessId","#text":"5868"},{"@Name":"Image","#text":"C:\\Windows\\System32\\svchost.exe"},{"@Name":"User","#text":"NT AUTHORITY\\SYSTEM"}]}}}
{"Event":{"System":{"Provider":{"@Name":"Microsoft-Windows-Sysmon","@Guid":"5770385f-c22a-43e0-bf4c-06f5698ffbd9"},"EventID":"1","Version":"5","Level":"4","Task":"1","Opcode":"0","Keywords":"0x8000000000000000","TimeCreated":{"@SystemTime":"2025-04-16 20:03:54.9741074"},"EventRecordID":"23512","Correlation":null,"Execution":{"@ProcessID":"3196","@ThreadID":"4432"},"Channel":"Microsoft-Windows-Sysmon/Operational","Computer":"Server002","Security":{"@UserID":"S-1-5-18"}},"EventData":{"Data":[{"@Name":"RuleName","#text":"-"},{"@Name":"UtcTime","#text":"2025-04-16 20:03:54.970"},{"@Name":"ProcessGuid","#text":"dbf410b3-0d2a-6800-fa01-000000003c00"},{"@Name":"ProcessId","#text":"1648"},{"@Name":"Image","#text":"C:\\Program Files\\Microsoft OneDrive\\25.056.0324.0003\\FileCoAuth.exe"},{"@Name":"FileVersion","#text":"25.056.0324.0003"},{"@Name":"Description","#text":"Microsoft OneDriveFile Co-Authoring Executable"},{"@Name":"Product","#text":"Microsoft OneDrive"},{"@Name":"Company","#text":"Microsoft Corporation"},{"@Name":"OriginalFileName","#text":"FileCoAuth.exe"},{"@Name":"CommandLine","#text":"\"C:\\Program Files\\Microsoft OneDrive\\25.056.0324.0003\\FileCoAuth.exe\" -Embedding"},{"@Name":"CurrentDirectory","#text":"C:\\Windows\\system32\\"},{"@Name":"User","#text":"SERVER002\\lplui"},{"@Name":"LogonGuid","#text":"dbf410b3-0a15-6800-4b61-200000000000"},{"@Name":"LogonId","#text":"0x20614B"},{"@Name":"TerminalSessionId","#text":"1"},{"@Name":"IntegrityLevel","#text":"Medium"},{"@Name":"Hashes","#text":"SHA256=01F5B2DA53636896A67EDDBCD399789A5C0952D727775B1133287E6883DEDFD5"},{"@Name":"ParentProcessGuid","#text":"dbf410b3-0888-6800-0d00-000000003c00"},{"@Name":"ParentProcessId","#text":"764"},{"@Name":"ParentImage","#text":"C:\\Windows\\System32\\svchost.exe"},{"@Name":"ParentCommandLine","#text":"C:\\Windows\\system32\\svchost.exe -k DcomLaunch -p"},{"@Name":"ParentUser","#text":"NT AUTHORITY\\SYSTEM"}]}}}
{"Event":{"System":{"Provider":{"@Name":"Microsoft-Windows-Sysmon","@Guid":"5770385f-c22a-43e0-bf4c-06f5698ffbd9"},"EventID":"5","Version":"3","Level":"4","Task":"5","Opcode":"0","Keywords":"0x8000000000000000","TimeCreated":{"@SystemTime":"2025-04-16 20:04:03.4614621"},"EventRecordID":"23513","Correlation":null,"Execution":{"@ProcessID":"3196","@ThreadID":"4432"},"Channel":"Microsoft-Windows-Sysmon/Operational","Computer":"Server002","Security":{"@UserID":"S-1-5-18"}},"EventData":{"Data":[{"@Name":"RuleName","#text":"-"},{"@Name":"UtcTime","#text":"2025-04-16 20:04:03.455"},{"@Name":"ProcessGuid","#text":"dbf410b3-0d2a-6800-fa01-000000003c00"},{"@Name":"ProcessId","#text":"1648"},{"@Name":"Image","#text":"C:\\Program Files\\Microsoft OneDrive\\25.056.0324.0003\\FileCoAuth.exe"},{"@Name":"User","#text":"SERVER002\\lplui"}]}}}
{"Event":{"System":{"Provider":{"@Name":"Microsoft-Windows-Sysmon","@Guid":"5770385f-c22a-43e0-bf4c-06f5698ffbd9"},"EventID":"1","Version":"5","Level":"4","Task":"1","Opcode":"0","Keywords":"0x8000000000000000","TimeCreated":{"@SystemTime":"2025-04-16 20:04:44.5308170"},"EventRecordID":"23514","Correlation":null,"Execution":{"@ProcessID":"3196","@ThreadID":"4432"},"Channel":"Microsoft-Windows-Sysmon/Operational","Computer":"Server002","Security":{"@UserID":"S-1-5-18"}},"EventData":{"Data":[{"@Name":"RuleName","#text":"-"},{"@Name":"UtcTime","#text":"2025-04-16 20:04:44.483"},{"@Name":"ProcessGuid","#text":"dbf410b3-0d5c-6800-fb01-000000003c00"},{"@Name":"ProcessId","#text":"6684"},{"@Name":"Image","#text":"C:\\Windows\\System32\\backgroundTaskHost.exe"},{"@Name":"FileVersion","#text":"10.0.19041.3636 (WinBuild.160101.0800)"},{"@Name":"Description","#text":"Background Task Host"},{"@Name":"Product","#text":"Microsoft® Windows® Operating System"},{"@Name":"Company","#text":"Microsoft Corporation"},{"@Name":"OriginalFileName","#text":"backgroundTaskHost.exe"},{"@Name":"CommandLine","#text":"\"C:\\Windows\\system32\\backgroundTaskHost.exe\" -ServerName:ShellFeedsUI.AppXnj65k2d1a1rnztt2t2nng5ctmk3e76pn.mca"},{"@Name":"CurrentDirectory","#text":"C:\\Windows\\SystemApps\\Microsoft.Windows.Search_cw5n1h2txyewy\\"},{"@Name":"User","#text":"SERVER002\\lplui"},{"@Name":"LogonGuid","#text":"dbf410b3-0a15-6800-4b61-200000000000"},{"@Name":"LogonId","#text":"0x20614B"},{"@Name":"TerminalSessionId","#text":"1"},{"@Name":"IntegrityLevel","#text":"AppContainer"},{"@Name":"Hashes","#text":"SHA256=7077CBF56490C86FC74C0CC6C0379AB679F06A066E71906AD23458F664836449"},{"@Name":"ParentProcessGuid","#text":"dbf410b3-0888-6800-0d00-000000003c00"},{"@Name":"ParentProcessId","#text":"764"},{"@Name":"ParentImage","#text":"C:\\Windows\\System32\\svchost.exe"},{"@Name":"ParentCommandLine","#text":"C:\\Windows\\system32\\svchost.exe -k DcomLaunch -p"},{"@Name":"ParentUser","#text":"NT AUTHORITY\\SYSTEM"}]}}}
{"Event":{"System":{"Provider":{"@Name":"Microsoft-Windows-Sysmon","@Guid":"5770385f-c22a-43e0-bf4c-06f5698ffbd9"},"EventID":"1","Version":"5","Level":"4","Task":"1","Opcode":"0","Keywords":"0x8000000000000000","TimeCreated":{"@SystemTime":"2025-04-16 20:04:44.8981137"},"EventRecordID":"23515","Correlation":null,"Execution":{"@ProcessID":"3196","@ThreadID":"4432"},"Channel":"Microsoft-Windows-Sysmon/Operational","Computer":"Server002","Security":{"@UserID":"S-1-5-18"}},"EventData":{"Data":[{"@Name":"RuleName","#text":"-"},{"@Name":"UtcTime","#text":"2025-04-16 20:04:44.886"},{"@Name":"ProcessGuid","#text":"dbf410b3-0d5c-6800-fc01-000000003c00"},{"@Name":"ProcessId","#text":"10212"},{"@Name":"Image","#text":"C:\\Windows\\System32\\svchost.exe"},{"@Name":"FileVersion","#text":"10.0.19041.4355 (WinBuild.160101.0800)"},{"@Name":"Description","#text":"Host Process for Windows Services"},{"@Name":"Product","#text":"Microsoft® Windows® Operating System"},{"@Name":"Company","#text":"Microsoft Corporation"},{"@Name":"OriginalFileName","#text":"svchost.exe"},{"@Name":"CommandLine","#text":"C:\\Windows\\system32\\svchost.exe -k appmodel -p -s camsvc"},{"@Name":"CurrentDirectory","#text":"C:\\Windows\\system32\\"},{"@Name":"User","#text":"NT AUTHORITY\\SYSTEM"},{"@Name":"LogonGuid","#text":"dbf410b3-0887-6800-e703-000000000000"},{"@Name":"LogonId","#text":"0x3E7"},{"@Name":"TerminalSessionId","#text":"0"},{"@Name":"IntegrityLevel","#text":"System"},{"@Name":"Hashes","#text":"SHA256=6FC3BF1FDFD76860BE782554F8D25BD32F108DB934D70F4253F1E5F23522E503"},{"@Name":"ParentProcessGuid","#text":"dbf410b3-0887-6800-0b00-000000003c00"},{"@Name":"ParentProcessId","#text":"648"},{"@Name":"ParentImage","#text":"C:\\Windows\\System32\\services.exe"},{"@Name":"ParentCommandLine","#text":"C:\\Windows\\system32\\services.exe"},{"@Name":"ParentUser","#text":"NT AUTHORITY\\SYSTEM"}]}}}
{"Event":{"System":{"Provider":{"@Name":"Microsoft-Windows-Sysmon","@Guid":"5770385f-c22a-43e0-bf4c-06f5698ffbd9"},"EventID":"5","Version":"3","Level":"4","Task":"5","Opcode":"0","Keywords":"0x8000000000000000","TimeCreated":{"@SystemTime":"2025-04-16 20:04:54.3836154"},"EventRecordID":"23516","Correlation":null,"Execution":{"@ProcessID":"3196","@ThreadID":"4432"},"Channel":"Microsoft-Windows-Sysmon/Operational","Computer":"Server002","Security":{"@UserID":"S-1-5-18"}},"EventData":{"Data":[{"@Name":"RuleName","#text":"-"},{"@Name":"UtcTime","#text":"2025-04-16 20:04:54.373"},{"@Name":"ProcessGuid","#text":"dbf410b3-0ced-6800-f701-000000003c00"},{"@Name":"ProcessId","#text":"5652"},{"@Name":"Image","#text":"C:\\Windows\\System32\\svchost.exe"},{"@Name":"User","#text":"NT AUTHORITY\\SYSTEM"}]}}}
{"Event":{"System":{"Provider":{"@Name":"Microsoft-Windows-Sysmon","@Guid":"5770385f-c22a-43e0-bf4c-06f5698ffbd9"},"EventID":"5","Version":"3","Level":"4","Task":"5","Opcode":"0","Keywords":"0x8000000000000000","TimeCreated":{"@SystemTime":"2025-04-16 20:04:58.4221072"},"EventRecordID":"23517","Correlation":null,"Execution":{"@ProcessID":"3196","@ThreadID":"4432"},"Channel":"Microsoft-Windows-Sysmon/Operational","Computer":"Server002","Security":{"@UserID":"S-1-5-18"}},"EventData":{"Data":[{"@Name":"RuleName","#text":"-"},{"@Name":"UtcTime","#text":"2025-04-16 20:04:58.414"},{"@Name":"ProcessGuid","#text":"dbf410b3-0ceb-6800-f301-000000003c00"},{"@Name":"ProcessId","#text":"3160"},{"@Name":"Image","#text":"C:\\Windows\\WinSxS\\amd64_microsoft-windows-servicingstack_31bf3856ad364e35_10.0.19041.5676_none_7dfafd007c9b4e44\\TiWorker.exe"},{"@Name":"User","#text":"NT AUTHORITY\\SYSTEM"}]}}}
{"Event":{"System":{"Provider":{"@Name":"Microsoft-Windows-Sysmon","@Guid":"5770385f-c22a-43e0-bf4c-06f5698ffbd9"},"EventID":"5","Version":"3","Level":"4","Task":"5","Opcode":"0","Keywords":"0x8000000000000000","TimeCreated":{"@SystemTime":"2025-04-16 20:04:58.4385285"},"EventRecordID":"23518","Correlation":null,"Execution":{"@ProcessID":"3196","@ThreadID":"4432"},"Channel":"Microsoft-Windows-Sysmon/Operational","Computer":"Server002","Security":{"@UserID":"S-1-5-18"}},"EventData":{"Data":[{"@Name":"RuleName","#text":"-"},{"@Name":"UtcTime","#text":"2025-04-16 20:04:58.433"},{"@Name":"ProcessGuid","#text":"dbf410b3-0ceb-6800-f201-000000003c00"},{"@Name":"ProcessId","#text":"10136"},{"@Name":"Image","#text":"C:\\Windows\\servicing\\TrustedInstaller.exe"},{"@Name":"User","#text":"NT AUTHORITY\\SYSTEM"}]}}}
{"Event":{"System":{"Provider":{"@Name":"Microsoft-Windows-Sysmon","@Guid":"5770385f-c22a-43e0-bf4c-06f5698ffbd9"},"EventID":"5","Version":"3","Level":"4","Task":"5","Opcode":"0","Keywords":"0x8000000000000000","TimeCreated":{"@SystemTime":"2025-04-16 20:05:26.7137932"},"EventRecordID":"23519","Correlation":null,"Execution":{"@ProcessID":"3196","@ThreadID":"4432"},"Channel":"Microsoft-Windows-Sysmon/Operational","Computer":"Server002","Security":{"@UserID":"S-1-5-18"}},"EventData":{"Data":[{"@Name":"RuleName","#text":"-"},{"@Name":"UtcTime","#text":"2025-04-16 20:05:26.710"},{"@Name":"ProcessGuid","#text":"dbf410b3-0d00-6800-f801-000000003c00"},{"@Name":"ProcessId","#text":"8704"},{"@Name":"Image","#text":"C:\\Windows\\System32\\svchost.exe"},{"@Name":"User","#text":"NT AUTHORITY\\SYSTEM"}]}}}
{"Event":{"System":{"Provider":{"@Name":"Microsoft-Windows-Sysmon","@Guid":"5770385f-c22a-43e0-bf4c-06f5698ffbd9"},"EventID":"1","Version":"5","Level":"4","Task":"1","Opcode":"0","Keywords":"0x8000000000000000","TimeCreated":{"@SystemTime":"2025-04-16 20:05:36.5027000"},"EventRecordID":"23520","Correlation":null,"Execution":{"@ProcessID":"3196","@ThreadID":"4432"},"Channel":"Microsoft-Windows-Sysmon/Operational","Computer":"Server002","Security":{"@UserID":"S-1-5-18"}},"EventData":{"Data":[{"@Name":"RuleName","#text":"-"},{"@Name":"UtcTime","#text":"2025-04-16 20:05:36.445"},{"@Name":"ProcessGuid","#text":"dbf410b3-0d90-6800-fd01-000000003c00"},{"@Name":"ProcessId","#text":"2896"},{"@Name":"Image","#text":"C:\\Program Files\\BraveSoftware\\Brave-Browser\\Application\\brave.exe"},{"@Name":"FileVersion","#text":"135.1.77.100"},{"@Name":"Description","#text":"Brave Browser"},{"@Name":"Product","#text":"Brave Browser"},{"@Name":"Company","#text":"Brave Software, Inc."},{"@Name":"OriginalFileName","#text":"brave.exe"},{"@Name":"CommandLine","#text":"\"C:\\Program Files\\BraveSoftware\\Brave-Browser\\Application\\brave.exe\" --type=renderer --enable-distillability-service --origin-trial-public-key=bYUKPJoPnCxeNvu72j4EmPuK7tr1PAC7SHh8ld9Mw3E=,fMS4mpO6buLQ/QMd+zJmxzty/VQ6B1EUZqoCU04zoRU= --disable-gpu-compositing --video-capture-use-gpu-memory-buffer --lang=en-GB --device-scale-factor=1 --num-raster-threads=1 --renderer-client-id=20 --time-ticks-at-unix-epoch=-1744832589273427 --launch-time-ticks=1330130127 --field-trial-handle=2108,i,12698906899907074959,2609854061467027992,262144 --variations-seed-version=main@e5408414389b8e453b72d0bf3b08b8847782f0f5 --mojo-platform-channel-handle=3352 /prefetch:1"},{"@Name":"CurrentDirectory","#text":"C:\\Program Files\\BraveSoftware\\Brave-Browser\\Application\\135.1.77.100\\"},{"@Name":"User","#text":"SERVER002\\lplui"},{"@Name":"LogonGuid","#text":"dbf410b3-0a15-6800-4b61-200000000000"},{"@Name":"LogonId","#text":"0x20614B"},{"@Name":"TerminalSessionId","#text":"1"},{"@Name":"IntegrityLevel","#text":"Low"},{"@Name":"Hashes","#text":"SHA256=EB01554FECE2DF194F20D4D586932E26BF322C74A3FD964212C28586A5C7B352"},{"@Name":"ParentProcessGuid","#text":"dbf410b3-0a4b-6800-8501-000000003c00"},{"@Name":"ParentProcessId","#text":"7624"},{"@Name":"ParentImage","#text":"C:\\Program Files\\BraveSoftware\\Brave-Browser\\Application\\brave.exe"},{"@Name":"ParentCommandLine","#text":"\"C:\\Program Files\\BraveSoftware\\Brave-Browser\\Application\\brave.exe\" "},{"@Name":"ParentUser","#text":"SERVER002\\lplui"}]}}}
{"Event":{"System":{"Provider":{"@Name":"Microsoft-Windows-Sysmon","@Guid":"5770385f-c22a-43e0-bf4c-06f5698ffbd9"},"EventID":"1","Version":"5","Level":"4","Task":"1","Opcode":"0","Keywords":"0x8000000000000000","TimeCreated":{"@SystemTime":"2025-04-16 20:05:39.5146093"},"EventRecordID":"23521","Correlation":null,"Execution":{"@ProcessID":"3196","@ThreadID":"4432"},"Channel":"Microsoft-Windows-Sysmon/Operational","Computer":"Server002","Security":{"@UserID":"S-1-5-18"}},"EventData":{"Data":[{"@Name":"RuleName","#text":"-"},{"@Name":"UtcTime","#text":"2025-04-16 20:05:39.504"},{"@Name":"ProcessGuid","#text":"dbf410b3-0d93-6800-fe01-000000003c00"},{"@Name":"ProcessId","#text":"9752"},{"@Name":"Image","#text":"C:\\Windows\\System32\\audiodg.exe"},{"@Name":"FileVersion","#text":"10.0.19041.4717 (WinBuild.160101.0800)"},{"@Name":"Description","#text":"Windows Audio Device Graph Isolation "},{"@Name":"Product","#text":"Microsoft® Windows® Operating System"},{"@Name":"Company","#text":"Microsoft Corporation"},{"@Name":"OriginalFileName","#text":"audioadg.exe"},{"@Name":"CommandLine","#text":"C:\\Windows\\system32\\AUDIODG.EXE 0x590 0x594"},{"@Name":"CurrentDirectory","#text":"C:\\Windows\\system32\\"},{"@Name":"User","#text":"NT AUTHORITY\\LOCAL SERVICE"},{"@Name":"LogonGuid","#text":"dbf410b3-0888-6800-e503-000000000000"},{"@Name":"LogonId","#text":"0x3E5"},{"@Name":"TerminalSessionId","#text":"0"},{"@Name":"IntegrityLevel","#text":"System"},{"@Name":"Hashes","#text":"SHA256=5F01E190AE925A42EE12B9336AA1EBE7CDAF2A7DB4E606EBFA0DCDB8E9DBB0C7"},{"@Name":"ParentProcessGuid","#text":"dbf410b3-088a-6800-3600-000000003c00"},{"@Name":"ParentProcessId","#text":"2268"},{"@Name":"ParentImage","#text":"C:\\Windows\\System32\\svchost.exe"},{"@Name":"ParentCommandLine","#text":"C:\\Windows\\System32\\svchost.exe -k LocalServiceNetworkRestricted -p"},{"@Name":"ParentUser","#text":"NT AUTHORITY\\LOCAL SERVICE"}]}}}
{"Event":{"System":{"Provider":{"@Name":"Microsoft-Windows-Sysmon","@Guid":"5770385f-c22a-43e0-bf4c-06f5698ffbd9"},"EventID":"5","Version":"3","Level":"4","Task":"5","Opcode":"0","Keywords":"0x8000000000000000","TimeCreated":{"@SystemTime":"2025-04-16 20:05:45.8959804"},"EventRecordID":"23522","Correlation":null,"Execution":{"@ProcessID":"3196","@ThreadID":"4432"},"Channel":"Microsoft-Windows-Sysmon/Operational","Computer":"Server002","Security":{"@UserID":"S-1-5-18"}},"EventData":{"Data":[{"@Name":"RuleName","#text":"-"},{"@Name":"UtcTime","#text":"2025-04-16 20:05:45.893"},{"@Name":"ProcessGuid","#text":"dbf410b3-0d5c-6800-fb01-000000003c00"},{"@Name":"ProcessId","#text":"6684"},{"@Name":"Image","#text":"C:\\Windows\\System32\\backgroundTaskHost.exe"},{"@Name":"User","#text":"SERVER002\\lplui"}]}}}
{"Event":{"System":{"Provider":{"@Name":"Microsoft-Windows-Sysmon","@Guid":"5770385f-c22a-43e0-bf4c-06f5698ffbd9"},"EventID":"5","Version":"3","Level":"4","Task":"5","Opcode":"0","Keywords":"0x8000000000000000","TimeCreated":{"@SystemTime":"2025-04-16 20:05:46.2772331"},"EventRecordID":"23523","Correlation":null,"Execution":{"@ProcessID":"3196","@ThreadID":"4432"},"Channel":"Microsoft-Windows-Sysmon/Operational","Computer":"Server002","Security":{"@UserID":"S-1-5-18"}},"EventData":{"Data":[{"@Name":"RuleName","#text":"-"},{"@Name":"UtcTime","#text":"2025-04-16 20:05:46.275"},{"@Name":"ProcessGuid","#text":"dbf410b3-0d1b-6800-f901-000000003c00"},{"@Name":"ProcessId","#text":"7184"},{"@Name":"Image","#text":"C:\\Windows\\System32\\MoUsoCoreWorker.exe"},{"@Name":"User","#text":"NT AUTHORITY\\SYSTEM"}]}}}
{"Event":{"System":{"Provider":{"@Name":"Microsoft-Windows-Sysmon","@Guid":"5770385f-c22a-43e0-bf4c-06f5698ffbd9"},"EventID":"5","Version":"3","Level":"4","Task":"5","Opcode":"0","Keywords":"0x8000000000000000","TimeCreated":{"@SystemTime":"2025-04-16 20:06:11.6172694"},"EventRecordID":"23524","Correlation":null,"Execution":{"@ProcessID":"3196","@ThreadID":"4432"},"Channel":"Microsoft-Windows-Sysmon/Operational","Computer":"Server002","Security":{"@UserID":"S-1-5-18"}},"EventData":{"Data":[{"@Name":"RuleName","#text":"-"},{"@Name":"UtcTime","#text":"2025-04-16 20:06:11.616"},{"@Name":"ProcessGuid","#text":"dbf410b3-0cac-6800-ea01-000000003c00"},{"@Name":"ProcessId","#text":"9648"},{"@Name":"Image","#text":"C:\\Windows\\System32\\smartscreen.exe"},{"@Name":"User","#text":"SERVER002\\lplui"}]}}}
{"Event":{"System":{"Provider":{"@Name":"Microsoft-Windows-Sysmon","@Guid":"5770385f-c22a-43e0-bf4c-06f5698ffbd9"},"EventID":"1","Version":"5","Level":"4","Task":"1","Opcode":"0","Keywords":"0x8000000000000000","TimeCreated":{"@SystemTime":"2025-04-16 20:08:47.0791995"},"EventRecordID":"23525","Correlation":null,"Execution":{"@ProcessID":"3196","@ThreadID":"4432"},"Channel":"Microsoft-Windows-Sysmon/Operational","Computer":"Server002","Security":{"@UserID":"S-1-5-18"}},"EventData":{"Data":[{"@Name":"RuleName","#text":"-"},{"@Name":"UtcTime","#text":"2025-04-16 20:08:47.074"},{"@Name":"ProcessGuid","#text":"dbf410b3-0e4f-6800-ff01-000000003c00"},{"@Name":"ProcessId","#text":"6292"},{"@Name":"Image","#text":"C:\\Windows\\System32\\MoUsoCoreWorker.exe"},{"@Name":"FileVersion","#text":"10.0.19041.5678 (WinBuild.160101.0800)"},{"@Name":"Description","#text":"MoUSO Core Worker Process"},{"@Name":"Product","#text":"Microsoft® Windows® Operating System"},{"@Name":"Company","#text":"Microsoft Corporation"},{"@Name":"OriginalFileName","#text":"MoUSOCoreWorker.exe"},{"@Name":"CommandLine","#text":"C:\\Windows\\System32\\mousocoreworker.exe -Embedding"},{"@Name":"CurrentDirectory","#text":"C:\\Windows\\system32\\"},{"@Name":"User","#text":"NT AUTHORITY\\SYSTEM"},{"@Name":"LogonGuid","#text":"dbf410b3-0887-6800-e703-000000000000"},{"@Name":"LogonId","#text":"0x3E7"},{"@Name":"TerminalSessionId","#text":"0"},{"@Name":"IntegrityLevel","#text":"System"},{"@Name":"Hashes","#text":"SHA256=235882DE2347DB7A4CE2BBD7599B5D8D56C93A8BC18207DBEE7173B9BAD068FE"},{"@Name":"ParentProcessGuid","#text":"dbf410b3-0888-6800-0d00-000000003c00"},{"@Name":"ParentProcessId","#text":"764"},{"@Name":"ParentImage","#text":"C:\\Windows\\System32\\svchost.exe"},{"@Name":"ParentCommandLine","#text":"C:\\Windows\\system32\\svchost.exe -k DcomLaunch -p"},{"@Name":"ParentUser","#text":"NT AUTHORITY\\SYSTEM"}]}}}
{"Event":{"System":{"Provider":{"@Name":"Microsoft-Windows-Sysmon","@Guid":"5770385f-c22a-43e0-bf4c-06f5698ffbd9"},"EventID":"5","Version":"3","Level":"4","Task":"5","Opcode":"0","Keywords":"0x8000000000000000","TimeCreated":{"@SystemTime":"2025-04-16 20:09:34.0673385"},"EventRecordID":"23526","Correlation":null,"Execution":{"@ProcessID":"3196","@ThreadID":"4432"},"Channel":"Microsoft-Windows-Sysmon/Operational","Computer":"Server002","Security":{"@UserID":"S-1-5-18"}},"EventData":{"Data":[{"@Name":"RuleName","#text":"-"},{"@Name":"UtcTime","#text":"2025-04-16 20:09:34.065"},{"@Name":"ProcessGuid","#text":"dbf410b3-0d5c-6800-fc01-000000003c00"},{"@Name":"ProcessId","#text":"10212"},{"@Name":"Image","#text":"C:\\Windows\\System32\\svchost.exe"},{"@Name":"User","#text":"NT AUTHORITY\\SYSTEM"}]}}}
{"Event":{"System":{"Provider":{"@Name":"Microsoft-Windows-Sysmon","@Guid":"5770385f-c22a-43e0-bf4c-06f5698ffbd9"},"EventID":"5","Version":"3","Level":"4","Task":"5","Opcode":"0","Keywords":"0x8000000000000000","TimeCreated":{"@SystemTime":"2025-04-16 20:09:35.0972018"},"EventRecordID":"23527","Correlation":null,"Execution":{"@ProcessID":"3196","@ThreadID":"4432"},"Channel":"Microsoft-Windows-Sysmon/Operational","Computer":"Server002","Security":{"@UserID":"S-1-5-18"}},"EventData":{"Data":[{"@Name":"RuleName","#text":"-"},{"@Name":"UtcTime","#text":"2025-04-16 20:09:35.096"},{"@Name":"ProcessGuid","#text":"dbf410b3-0a16-6800-2a01-000000003c00"},{"@Name":"ProcessId","#text":"380"},{"@Name":"Image","#text":"C:\\Windows\\System32\\svchost.exe"},{"@Name":"User","#text":"NT AUTHORITY\\SYSTEM"}]}}}
{"Event":{"System":{"Provider":{"@Name":"Microsoft-Windows-Sysmon","@Guid":"5770385f-c22a-43e0-bf4c-06f5698ffbd9"},"EventID":"5","Version":"3","Level":"4","Task":"5","Opcode":"0","Keywords":"0x8000000000000000","TimeCreated":{"@SystemTime":"2025-04-16 20:09:45.4564245"},"EventRecordID":"23528","Correlation":null,"Execution":{"@ProcessID":"3196","@ThreadID":"4432"},"Channel":"Microsoft-Windows-Sysmon/Operational","Computer":"Server002","Security":{"@UserID":"S-1-5-18"}},"EventData":{"Data":[{"@Name":"RuleName","#text":"-"},{"@Name":"UtcTime","#text":"2025-04-16 20:09:45.454"},{"@Name":"ProcessGuid","#text":"dbf410b3-0e4f-6800-ff01-000000003c00"},{"@Name":"ProcessId","#text":"6292"},{"@Name":"Image","#text":"C:\\Windows\\System32\\MoUsoCoreWorker.exe"},{"@Name":"User","#text":"NT AUTHORITY\\SYSTEM"}]}}}
{"Event":{"System":{"Provider":{"@Name":"Microsoft-Windows-Sysmon","@Guid":"5770385f-c22a-43e0-bf4c-06f5698ffbd9"},"EventID":"1","Version":"5","Level":"4","Task":"1","Opcode":"0","Keywords":"0x8000000000000000","TimeCreated":{"@SystemTime":"2025-04-16 20:10:05.3105656"},"EventRecordID":"23529","Correlation":null,"Execution":{"@ProcessID":"3196","@ThreadID":"4432"},"Channel":"Microsoft-Windows-Sysmon/Operational","Computer":"Server002","Security":{"@UserID":"S-1-5-18"}},"EventData":{"Data":[{"@Name":"RuleName","#text":"-"},{"@Name":"UtcTime","#text":"2025-04-16 20:10:05.305"},{"@Name":"ProcessGuid","#text":"dbf410b3-0e9d-6800-0002-000000003c00"},{"@Name":"ProcessId","#text":"6380"},{"@Name":"Image","#text":"C:\\Program Files (x86)\\Microsoft Office\\root\\Office16\\SDXHelper.exe"},{"@Name":"FileVersion","#text":"16.0.18623.20178"},{"@Name":"Description","#text":"Microsoft Office SDX Helper"},{"@Name":"Product","#text":"Microsoft Office"},{"@Name":"Company","#text":"Microsoft Corporation"},{"@Name":"OriginalFileName","#text":"SDXHELPER.EXE"},{"@Name":"CommandLine","#text":"\"C:\\Program Files (x86)\\Microsoft Office\\root\\Office16\\sdxhelper.exe\" /prewarm"},{"@Name":"CurrentDirectory","#text":"C:\\Windows\\system32\\"},{"@Name":"User","#text":"SERVER002\\lplui"},{"@Name":"LogonGuid","#text":"dbf410b3-0a15-6800-4b61-200000000000"},{"@Name":"LogonId","#text":"0x20614B"},{"@Name":"TerminalSessionId","#text":"1"},{"@Name":"IntegrityLevel","#text":"Medium"},{"@Name":"Hashes","#text":"SHA256=295626D4534CBC765B65AE6629478809084286E68D64D844E8A4B86E025C03ED"},{"@Name":"ParentProcessGuid","#text":"dbf410b3-0888-6800-1e00-000000003c00"},{"@Name":"ParentProcessId","#text":"1348"},{"@Name":"ParentImage","#text":"C:\\Windows\\System32\\svchost.exe"},{"@Name":"ParentCommandLine","#text":"C:\\Windows\\system32\\svchost.exe -k netsvcs -p -s Schedule"},{"@Name":"ParentUser","#text":"NT AUTHORITY\\SYSTEM"}]}}}
{"Event":{"System":{"Provider":{"@Name":"Microsoft-Windows-Sysmon","@Guid":"5770385f-c22a-43e0-bf4c-06f5698ffbd9"},"EventID":"1","Version":"5","Level":"4","Task":"1","Opcode":"0","Keywords":"0x8000000000000000","TimeCreated":{"@SystemTime":"2025-04-16 20:10:05.8563197"},"EventRecordID":"23530","Correlation":null,"Execution":{"@ProcessID":"3196","@ThreadID":"4432"},"Channel":"Microsoft-Windows-Sysmon/Operational","Computer":"Server002","Security":{"@UserID":"S-1-5-18"}},"EventData":{"Data":[{"@Name":"RuleName","#text":"-"},{"@Name":"UtcTime","#text":"2025-04-16 20:10:05.845"},{"@Name":"ProcessGuid","#text":"dbf410b3-0e9d-6800-0102-000000003c00"},{"@Name":"ProcessId","#text":"6152"},{"@Name":"Image","#text":"C:\\Program Files (x86)\\Microsoft Office\\root\\Office16\\SDXHelper.exe"},{"@Name":"FileVersion","#text":"16.0.18623.20178"},{"@Name":"Description","#text":"Microsoft Office SDX Helper"},{"@Name":"Product","#text":"Microsoft Office"},{"@Name":"Company","#text":"Microsoft Corporation"},{"@Name":"OriginalFileName","#text":"SDXHELPER.EXE"},{"@Name":"CommandLine","#text":"\"C:\\Program Files (x86)\\Microsoft Office\\Root\\Office16\\SDXHelper.exe\" -Embedding"},{"@Name":"CurrentDirectory","#text":"C:\\Windows\\system32\\"},{"@Name":"User","#text":"SERVER002\\lplui"},{"@Name":"LogonGuid","#text":"dbf410b3-0a15-6800-4b61-200000000000"},{"@Name":"LogonId","#text":"0x20614B"},{"@Name":"TerminalSessionId","#text":"1"},{"@Name":"IntegrityLevel","#text":"Medium"},{"@Name":"Hashes","#text":"SHA256=295626D4534CBC765B65AE6629478809084286E68D64D844E8A4B86E025C03ED"},{"@Name":"ParentProcessGuid","#text":"dbf410b3-0888-6800-0d00-000000003c00"},{"@Name":"ParentProcessId","#text":"764"},{"@Name":"ParentImage","#text":"C:\\Windows\\System32\\svchost.exe"},{"@Name":"ParentCommandLine","#text":"C:\\Windows\\system32\\svchost.exe -k DcomLaunch -p"},{"@Name":"ParentUser","#text":"NT AUTHORITY\\SYSTEM"}]}}}
{"Event":{"System":{"Provider":{"@Name":"Microsoft-Windows-Sysmon","@Guid":"5770385f-c22a-43e0-bf4c-06f5698ffbd9"},"EventID":"5","Version":"3","Level":"4","Task":"5","Opcode":"0","Keywords":"0x8000000000000000","TimeCreated":{"@SystemTime":"2025-04-16 20:10:08.5790049"},"EventRecordID":"23531","Correlation":null,"Execution":{"@ProcessID":"3196","@ThreadID":"4432"},"Channel":"Microsoft-Windows-Sysmon/Operational","Computer":"Server002","Security":{"@UserID":"S-1-5-18"}},"EventData":{"Data":[{"@Name":"RuleName","#text":"-"},{"@Name":"UtcTime","#text":"2025-04-16 20:10:08.569"},{"@Name":"ProcessGuid","#text":"dbf410b3-0e9d-6800-0002-000000003c00"},{"@Name":"ProcessId","#text":"6380"},{"@Name":"Image","#text":"C:\\Program Files (x86)\\Microsoft Office\\root\\Office16\\SDXHelper.exe"},{"@Name":"User","#text":"SERVER002\\lplui"}]}}}
{"Event":{"System":{"Provider":{"@Name":"Microsoft-Windows-Sysmon","@Guid":"5770385f-c22a-43e0-bf4c-06f5698ffbd9"},"EventID":"5","Version":"3","Level":"4","Task":"5","Opcode":"0","Keywords":"0x8000000000000000","TimeCreated":{"@SystemTime":"2025-04-16 20:10:43.3554008"},"EventRecordID":"23532","Correlation":null,"Execution":{"@ProcessID":"3196","@ThreadID":"4432"},"Channel":"Microsoft-Windows-Sysmon/Operational","Computer":"Server002","Security":{"@UserID":"S-1-5-18"}},"EventData":{"Data":[{"@Name":"RuleName","#text":"-"},{"@Name":"UtcTime","#text":"2025-04-16 20:10:43.350"},{"@Name":"ProcessGuid","#text":"dbf410b3-0e9d-6800-0102-000000003c00"},{"@Name":"ProcessId","#text":"6152"},{"@Name":"Image","#text":"C:\\Program Files (x86)\\Microsoft Office\\root\\Office16\\SDXHelper.exe"},{"@Name":"User","#text":"SERVER002\\lplui"}]}}}
{"Event":{"System":{"Provider":{"@Name":"Microsoft-Windows-Sysmon","@Guid":"5770385f-c22a-43e0-bf4c-06f5698ffbd9"},"EventID":"5","Version":"3","Level":"4","Task":"5","Opcode":"0","Keywords":"0x8000000000000000","TimeCreated":{"@SystemTime":"2025-04-16 20:11:08.1836116"},"EventRecordID":"23533","Correlation":null,"Execution":{"@ProcessID":"3196","@ThreadID":"4432"},"Channel":"Microsoft-Windows-Sysmon/Operational","Computer":"Server002","Security":{"@UserID":"S-1-5-18"}},"EventData":{"Data":[{"@Name":"RuleName","#text":"-"},{"@Name":"UtcTime","#text":"2025-04-16 20:11:08.179"},{"@Name":"ProcessGuid","#text":"dbf410b3-0d93-6800-fe01-000000003c00"},{"@Name":"ProcessId","#text":"9752"},{"@Name":"Image","#text":"C:\\Windows\\System32\\audiodg.exe"},{"@Name":"User","#text":"NT AUTHORITY\\LOCAL SERVICE"}]}}}
