{"Event":{"System":{"Provider":{"@Name":"Microsoft-Windows-FilterManager","@Guid":"f3c5e28e-63f6-49c7-a204-e48a1bc4b09d"},"EventID":"6","Version":"0","Level":"4","Task":"0","Opcode":"0","Keywords":"0x8000000000000000","TimeCreated":{"@SystemTime":"2025-04-30 10:09:22.7484009"},"EventRecordID":"5411","Correlation":null,"Execution":{"@ProcessID":"4","@ThreadID":"8"},"Channel":"System","Computer":"Server002","Security":{"@UserID":"S-1-5-18"}},"EventData":{"Data":[{"@Name":"FinalStatus","#text":"0x0"},{"@Name":"DeviceVersionMajor","#text":"10"},{"@Name":"DeviceVersionMinor","#text":"0"},{"@Name":"DeviceNameLength","#text":"4"},{"@Name":"DeviceName","#text":"UCPD"},{"@Name":"DeviceTime","#text":"2054-12-29 18:15:19.0000000"}]}}}
{"Event":{"System":{"Provider":{"@Name":"Microsoft-Windows-FilterManager","@Guid":"f3c5e28e-63f6-49c7-a204-e48a1bc4b09d"},"EventID":"6","Version":"0","Level":"4","Task":"0","Opcode":"0","Keywords":"0x8000000000000000","TimeCreated":{"@SystemTime":"2025-04-30 10:09:23.4124337"},"EventRecordID":"5412","Correlation":null,"Execution":{"@ProcessID":"4","@ThreadID":"8"},"Channel":"System","Computer":"Server002","Security":{"@UserID":"S-1-5-18"}},"EventData":{"Data":[{"@Name":"FinalStatus","#text":"0x0"},{"@Name":"DeviceVersionMajor","#text":"10"},{"@Name":"DeviceVersionMinor","#text":"0"},{"@Name":"DeviceNameLength","#text":"9"},{"@Name":"DeviceName","#text":"npsvctrig"},{"@Name":"DeviceTime","#text":"2025-01-06 03:41:12.0000000"}]}}}
{"Event":{"System":{"Provider":{"@Name":"Microsoft-Windows-Ntfs","@Guid":"3ff37a1c-a68d-4d6e-8c9b-f79e8b16c482"},"EventID":"98","Version":"0","Level":"4","Task":"0","Opcode":"0","Keywords":"0x8000000000000002","TimeCreated":{"@SystemTime":"2025-04-30 10:09:23.5334276"},"EventRecordID":"5413","Correlation":null,"Execution":{"@ProcessID":"4","@ThreadID":"196"},"Channel":"System","Computer":"Server002","Security":{"@UserID":"S-1-5-18"}},"EventData":{"Data":[{"@Name":"DriveName","#text":"\\\\?\\Volume{8c181ea3-0000-0000-0000-100000000000}"},{"@Name":"DeviceName","#text":"\\Device\\HarddiskVolume1"},{"@Name":"CorruptionActionState","#text":"0"}]}}}
{"Event":{"System":{"Provider":{"@Name":"Microsoft-Windows-Kernel-Power","@Guid":"331c3b3a-2005-44c2-ac5e-77220c37d6b4"},"EventID":"172","Version":"0","Level":"4","Task":"203","Opcode":"0","Keywords":"0x8000000000000404","TimeCreated":{"@SystemTime":"2025-04-30 10:09:23.6128029"},"EventRecordID":"5414","Correlation":null,"Execution":{"@ProcessID":"4","@ThreadID":"344"},"Channel":"System","Computer":"Server002","Security":{"@UserID":"S-1-5-18"}},"EventData":{"Data":[{"@Name":"State","#text":"2"},{"@Name":"Reason","#text":"6"}]}}}
{"Event":{"System":{"Provider":{"@Name":"Microsoft-Windows-Kernel-Processor-Power","@Guid":"0f67e49f-fe51-4e9f-b490-6f2948cc6027"},"EventID":"55","Version":"0","Level":"4","Task":"47","Opcode":"0","Keywords":"0x8000000000000000","TimeCreated":{"@SystemTime":"2025-04-30 10:09:24.5113273"},"EventRecordID":"5415","Correlation":null,"Execution":{"@ProcessID":"4","@ThreadID":"300"},"Channel":"System","Computer":"Server002","Security":{"@UserID":"S-1-5-18"}},"EventData":{"Data":[{"@Name":"Group","#text":"0"},{"@Name":"Number","#text":"0"},{"@Name":"IdleStateCount","#text":"1"},{"@Name":"IdleImplementation","#text":"1"},{"@Name":"NominalFrequency","#text":"2419"},{"@Name":"MaximumPerformancePercent","#text":"100"},{"@Name":"MinimumPerformancePercent","#text":"100"},{"@Name":"MinimumThrottlePercent","#text":"100"},{"@Name":"PerformanceImplementation","#text":"0"}]}}}
{"Event":{"System":{"Provider":{"@Name":"Microsoft-Windows-Kernel-Processor-Power","@Guid":"0f67e49f-fe51-4e9f-b490-6f2948cc6027"},"EventID":"55","Version":"0","Level":"4","Task":"47","Opcode":"0","Keywords":"0x8000000000000000","TimeCreated":{"@SystemTime":"2025-04-30 10:09:24.5149341"},"EventRecordID":"5416","Correlation":null,"Execution":{"@ProcessID":"4","@ThreadID":"300"},"Channel":"System","Computer":"Server002","Security":{"@UserID":"S-1-5-18"}},"EventData":{"Data":[{"@Name":"Group","#text":"0"},{"@Name":"Number","#text":"1"},{"@Name":"IdleStateCount","#text":"1"},{"@Name":"IdleImplementation","#text":"1"},{"@Name":"NominalFrequency","#text":"2419"},{"@Name":"MaximumPerformancePercent","#text":"100"},{"@Name":"MinimumPerformancePercent","#text":"100"},{"@Name":"MinimumThrottlePercent","#text":"100"},{"@Name":"PerformanceImplementation","#text":"0"}]}}}
{"Event":{"System":{"Provider":{"@Name":"Microsoft-Windows-Kernel-Power","@Guid":"331c3b3a-2005-44c2-ac5e-77220c37d6b4"},"EventID":"521","Version":"0","Level":"4","Task":"220","Opcode":"0","Keywords":"0x8000000000000404","TimeCreated":{"@SystemTime":"2025-04-30 10:09:24.6193410"},"EventRecordID":"5417","Correlation":null,"Execution":{"@ProcessID":"4","@ThreadID":"272"},"Channel":"System","Computer":"Server002","Security":{"@UserID":"S-1-5-18"}},"EventData":{"Data":[{"@Name":"ValidBatteryCount","#text":"1"},{"@Name":"ErrorBatteryCount","#text":"0"},{"@Name":"AbandonedBatteryCount","#text":"0"}]}}}
{"Event":{"System":{"Provider":{"@Name":"Microsoft-Windows-Ntfs","@Guid":"3ff37a1c-a68d-4d6e-8c9b-f79e8b16c482"},"EventID":"98","Version":"0","Level":"4","Task":"0","Opcode":"0","Keywords":"0x8000000000000002","TimeCreated":{"@SystemTime":"2025-04-30 10:09:29.9498555"},"EventRecordID":"5418","Correlation":null,"Execution":{"@ProcessID":"4","@ThreadID":"196"},"Channel":"System","Computer":"Server002","Security":{"@UserID":"S-1-5-18"}},"EventData":{"Data":[{"@Name":"DriveName","#text":"\\\\?\\Volume{8c181ea3-0000-0000-0000-c05e0c000000}"},{"@Name":"DeviceName","#text":"\\Device\\HarddiskVolume3"},{"@Name":"CorruptionActionState","#text":"0"}]}}}
{"Event":{"System":{"Provider":{"@Name":"Microsoft-Windows-Kernel-General","@Guid":"a68ca8b7-004f-d7b6-a698-07e2de0f1f5d"},"EventID":"24","Version":"0","Level":"4","Task":"11","Opcode":"0","Keywords":"0x8000000000000010","TimeCreated":{"@SystemTime":"2025-04-30 10:09:30.6436855"},"EventRecordID":"5419","Correlation":null,"Execution":{"@ProcessID":"92","@ThreadID":"436"},"Channel":"System","Computer":"Server002","Security":{"@UserID":"S-1-5-18"}},"EventData":{"Data":[{"@Name":"ExitReason","#text":"0"},{"@Name":"CurrentBias","#text":"-60"},{"@Name":"CurrentTimeZoneID","#text":"2"},{"@Name":"TimeZoneInfoCacheUpdated","#text":"0"},{"@Name":"FirstRefresh","#text":"0"}]}}}
{"Event":{"System":{"Provider":{"@Name":"Microsoft-Windows-Wininit","@Guid":"206f6dea-d3c5-4d10-bc72-989f03c8b84b"},"EventID":"14","Version":"0","Level":"4","Task":"0","Opcode":"0","Keywords":"0x4000000000000000","TimeCreated":{"@SystemTime":"2025-04-30 10:09:31.6497486"},"EventRecordID":"5420","Correlation":null,"Execution":{"@ProcessID":"528","@ThreadID":"532"},"Channel":"System","Computer":"Server002","Security":{"@UserID":"S-1-5-18"}},"EventData":{"Data":[{"@Name":"Config","#text":"0"},{"@Name":"IsTestConfig","#text":"0"}]}}}
{"Event":{"System":{"Provider":{"@Name":"Microsoft-Windows-Directory-Services-SAM","@Guid":"0d4fdc09-8c27-494a-bda0-505e4fd8adae"},"EventID":"16962","Version":"0","Level":"4","Task":"0","Opcode":"0","Keywords":"0x8000000000000000","TimeCreated":{"@SystemTime":"2025-04-30 10:09:32.1972039"},"EventRecordID":"5421","Correlation":{"@ActivityID":"f10ad359-b9b7-0000-75d4-0af1b7b9db01"},"Execution":{"@ProcessID":"676","@ThreadID":"680"},"Channel":"System","Computer":"Server002","Security":{"@UserID":"S-1-5-18"}},"EventData":{"@Name":"SAMMSG_RESTRICT_REMOTE_SAM_DEFAULT_SD","Data":{"@Name":"Default SD String:","#text":"O:SYG:SYD:(A;;RC;;;BA)"}}}}
{"Event":{"System":{"Provider":{"@Name":"Microsoft-Windows-Directory-Services-SAM","@Guid":"0d4fdc09-8c27-494a-bda0-505e4fd8adae"},"EventID":"16977","Version":"0","Level":"4","Task":"0","Opcode":"0","Keywords":"0x8000000000000000","TimeCreated":{"@SystemTime":"2025-04-30 10:09:32.2170785"},"EventRecordID":"5422","Correlation":{"@ActivityID":"f10ad359-b9b7-0000-75d4-0af1b7b9db01"},"Execution":{"@ProcessID":"676","@ThreadID":"680"},"Channel":"System","Computer":"Server002","Security":{"@UserID":"S-1-5-18"}},"EventData":{"@Name":"SAMMSG_MINPWDLEN_SETTINGS_IN_EFFECT","Data":[{"@Name":"MinimumPasswordLength","#text":"0"},{"@Name":"RelaxMinimumPasswordLengthLimits","#text":"0"},{"@Name":"MinimumPasswordLengthAudit","#text":"-1"}]}}}
{"Event":{"System":{"Provider":{"@Name":"Microsoft-Windows-Directory-Services-SAM","@Guid":"0d4fdc09-8c27-494a-bda0-505e4fd8adae"},"EventID":"16983","Version":"0","Level":"4","Task":"0","Opcode":"0","Keywords":"0x8000000000000000","TimeCreated":{"@SystemTime":"2025-04-30 10:09:32.2170829"},"EventRecordID":"5423","Correlation":{"@ActivityID":"f10ad359-b9b7-0000-75d4-0af1b7b9db01"},"Execution":{"@ProcessID":"676","@ThreadID":"680"},"Channel":"System","Computer":"Server002","Security":{"@UserID":"S-1-5-18"}},"EventData":{"@Name":"SAMMSG_AUDIT_LEGACY_PWD_RPC_METHODS_OFF"}}}
{"Event":{"System":{"Provider":{"@Name":"Microsoft-Windows-Dhcp-Client","@Guid":"15a7a4f8-0072-4eab-abad-f98a4d666aed"},"EventID":"50036","Version":"0","Level":"4","Task":"4","Opcode":"68","Keywords":"0x2000000000000000","TimeCreated":{"@SystemTime":"2025-04-30 10:09:33.2061703"},"EventRecordID":"5424","Correlation":null,"Execution":{"@ProcessID":"1356","@ThreadID":"1428"},"Channel":"System","Computer":"Server002","Security":{"@UserID":"S-1-5-19"}},"EventData":""}}
{"Event":{"System":{"Provider":{"@Name":"Microsoft-Windows-Dhcp-Client","@Guid":"15a7a4f8-0072-4eab-abad-f98a4d666aed"},"EventID":"50103","Version":"0","Level":"4","Task":"4","Opcode":"129","Keywords":"0x2000000000000000","TimeCreated":{"@SystemTime":"2025-04-30 10:09:33.2062027"},"EventRecordID":"5425","Correlation":null,"Execution":{"@ProcessID":"1356","@ThreadID":"1428"},"Channel":"System","Computer":"Server002","Security":{"@UserID":"S-1-5-19"}},"EventData":""}}
{"Event":{"System":{"Provider":{"@Name":"Microsoft-Windows-FilterManager","@Guid":"f3c5e28e-63f6-49c7-a204-e48a1bc4b09d"},"EventID":"6","Version":"0","Level":"4","Task":"0","Opcode":"0","Keywords":"0x8000000000000000","TimeCreated":{"@SystemTime":"2025-04-30 10:09:33.2586499"},"EventRecordID":"5426","Correlation":null,"Execution":{"@ProcessID":"4","@ThreadID":"364"},"Channel":"System","Computer":"Server002","Security":{"@UserID":"S-1-5-18"}},"EventData":{"Data":[{"@Name":"FinalStatus","#text":"0x0"},{"@Name":"DeviceVersionMajor","#text":"10"},{"@Name":"DeviceVersionMinor","#text":"0"},{"@Name":"DeviceNameLength","#text":"5"},{"@Name":"DeviceName","#text":"luafv"},{"@Name":"DeviceTime","#text":"2091-08-26 19:09:08.0000000"}]}}}
{"Event":{"System":{"Provider":{"@Name":"Microsoft-Windows-FilterManager","@Guid":"f3c5e28e-63f6-49c7-a204-e48a1bc4b09d"},"EventID":"6","Version":"0","Level":"4","Task":"0","Opcode":"0","Keywords":"0x8000000000000000","TimeCreated":{"@SystemTime":"2025-04-30 10:09:33.2866783"},"EventRecordID":"5427","Correlation":null,"Execution":{"@ProcessID":"4","@ThreadID":"196"},"Channel":"System","Computer":"Server002","Security":{"@UserID":"S-1-5-18"}},"EventData":{"Data":[{"@Name":"FinalStatus","#text":"0x0"},{"@Name":"DeviceVersionMajor","#text":"10"},{"@Name":"DeviceVersionMinor","#text":"0"},{"@Name":"DeviceNameLength","#text":"5"},{"@Name":"DeviceName","#text":"wcifs"},{"@Name":"DeviceTime","#text":"2047-08-27 06:28:50.0000000"}]}}}
{"Event":{"System":{"Provider":{"@Name":"Microsoft-Windows-DHCPv6-Client","@Guid":"6a1f2b00-6a90-4c38-95a5-5cab3b056778"},"EventID":"51046","Version":"0","Level":"4","Task":"4","Opcode":"62","Keywords":"0x2000000000000000","TimeCreated":{"@SystemTime":"2025-04-30 10:09:33.3043770"},"EventRecordID":"5428","Correlation":null,"Execution":{"@ProcessID":"1356","@ThreadID":"1556"},"Channel":"System","Computer":"Server002","Security":{"@UserID":"S-1-5-19"}},"EventData":""}}
{"Event":{"System":{"Provider":{"@Name":"Microsoft-Windows-FilterManager","@Guid":"f3c5e28e-63f6-49c7-a204-e48a1bc4b09d"},"EventID":"6","Version":"0","Level":"4","Task":"0","Opcode":"0","Keywords":"0x8000000000000000","TimeCreated":{"@SystemTime":"2025-04-30 10:09:33.3303666"},"EventRecordID":"5429","Correlation":null,"Execution":{"@ProcessID":"4","@ThreadID":"272"},"Channel":"System","Computer":"Server002","Security":{"@UserID":"S-1-5-18"}},"EventData":{"Data":[{"@Name":"FinalStatus","#text":"0x0"},{"@Name":"DeviceVersionMajor","#text":"10"},{"@Name":"DeviceVersionMinor","#text":"0"},{"@Name":"DeviceNameLength","#text":"6"},{"@Name":"DeviceName","#text":"CldFlt"},{"@Name":"DeviceTime","#text":"2041-04-06 10:09:38.0000000"}]}}}
{"Event":{"System":{"Provider":{"@Name":"Microsoft-Windows-FilterManager","@Guid":"f3c5e28e-63f6-49c7-a204-e48a1bc4b09d"},"EventID":"1","Version":"0","Level":"4","Task":"0","Opcode":"0","Keywords":"0x8000000000000000","TimeCreated":{"@SystemTime":"2025-04-30 10:09:33.3303776"},"EventRecordID":"5430","Correlation":null,"Execution":{"@ProcessID":"4","@ThreadID":"272"},"Channel":"System","Computer":"Server002","Security":{"@UserID":"S-1-5-18"}},"EventData":{"Data":[{"@Name":"FinalStatus","#text":"0x0"},{"@Name":"DeviceVersionMajor","#text":"10"},{"@Name":"DeviceVersionMinor","#text":"0"},{"@Name":"DeviceNameLength","#text":"6"},{"@Name":"DeviceName","#text":"CldFlt"},{"@Name":"DeviceTime","#text":"2041-04-06 10:09:38.0000000"}]}}}
{"Event":{"System":{"Provider":{"@Name":"Microsoft-Windows-FilterManager","@Guid":"f3c5e28e-63f6-49c7-a204-e48a1bc4b09d"},"EventID":"6","Version":"0","Level":"4","Task":"0","Opcode":"0","Keywords":"0x8000000000000000","TimeCreated":{"@SystemTime":"2025-04-30 10:09:33.3304338"},"EventRecordID":"5431","Correlation":null,"Execution":{"@ProcessID":"4","@ThreadID":"272"},"Channel":"System","Computer":"Server002","Security":{"@UserID":"S-1-5-18"}},"EventData":{"Data":[{"@Name":"FinalStatus","#text":"0x0"},{"@Name":"DeviceVersionMajor","#text":"10"},{"@Name":"DeviceVersionMinor","#text":"0"},{"@Name":"DeviceNameLength","#text":"6"},{"@Name":"DeviceName","#text":"CldFlt"},{"@Name":"DeviceTime","#text":"2041-04-06 10:09:38.0000000"}]}}}
{"Event":{"System":{"Provider":{"@Name":"Microsoft-Windows-FilterManager","@Guid":"f3c5e28e-63f6-49c7-a204-e48a1bc4b09d"},"EventID":"6","Version":"0","Level":"4","Task":"0","Opcode":"0","Keywords":"0x8000000000000000","TimeCreated":{"@SystemTime":"2025-04-30 10:09:33.3534914"},"EventRecordID":"5432","Correlation":null,"Execution":{"@ProcessID":"4","@ThreadID":"272"},"Channel":"System","Computer":"Server002","Security":{"@UserID":"S-1-5-18"}},"EventData":{"Data":[{"@Name":"FinalStatus","#text":"0x0"},{"@Name":"DeviceVersionMajor","#text":"10"},{"@Name":"DeviceVersionMinor","#text":"0"},{"@Name":"DeviceNameLength","#text":"10"},{"@Name":"DeviceName","#text":"storqosflt"},{"@Name":"DeviceTime","#text":"2010-08-23 14:03:45.0000000"}]}}}
{"Event":{"System":{"Provider":{"@Name":"Microsoft-Windows-FilterManager","@Guid":"f3c5e28e-63f6-49c7-a204-e48a1bc4b09d"},"EventID":"6","Version":"0","Level":"4","Task":"0","Opcode":"0","Keywords":"0x8000000000000000","TimeCreated":{"@SystemTime":"2025-04-30 10:09:33.3729689"},"EventRecordID":"5433","Correlation":null,"Execution":{"@ProcessID":"4","@ThreadID":"272"},"Channel":"System","Computer":"Server002","Security":{"@UserID":"S-1-5-18"}},"EventData":{"Data":[{"@Name":"FinalStatus","#text":"0x0"},{"@Name":"DeviceVersionMajor","#text":"10"},{"@Name":"DeviceVersionMinor","#text":"0"},{"@Name":"DeviceNameLength","#text":"13"},{"@Name":"DeviceName","#text":"mbamchameleon"},{"@Name":"DeviceTime","#text":"2025-01-23 20:43:38.0000000"}]}}}
{"Event":{"System":{"Provider":{"@Name":"Microsoft-Windows-FilterManager","@Guid":"f3c5e28e-63f6-49c7-a204-e48a1bc4b09d"},"EventID":"6","Version":"0","Level":"4","Task":"0","Opcode":"0","Keywords":"0x8000000000000000","TimeCreated":{"@SystemTime":"2025-04-30 10:09:33.4502864"},"EventRecordID":"5434","Correlation":null,"Execution":{"@ProcessID":"4","@ThreadID":"272"},"Channel":"System","Computer":"Server002","Security":{"@UserID":"S-1-5-18"}},"EventData":{"Data":[{"@Name":"FinalStatus","#text":"0x0"},{"@Name":"DeviceVersionMajor","#text":"10"},{"@Name":"DeviceVersionMinor","#text":"0"},{"@Name":"DeviceNameLength","#text":"7"},{"@Name":"DeviceName","#text":"bindflt"},{"@Name":"DeviceTime","#text":"2091-04-16 00:55:03.0000000"}]}}}
{"Event":{"System":{"Provider":{"@Name":"Microsoft-Windows-Kernel-General","@Guid":"a68ca8b7-004f-d7b6-a698-07e2de0f1f5d"},"EventID":"24","Version":"0","Level":"4","Task":"11","Opcode":"0","Keywords":"0x8000000000000010","TimeCreated":{"@SystemTime":"2025-04-30 08:09:35.0054640"},"EventRecordID":"5435","Correlation":null,"Execution":{"@ProcessID":"1704","@ThreadID":"1784"},"Channel":"System","Computer":"Server002","Security":{"@UserID":"S-1-5-18"}},"EventData":{"Data":[{"@Name":"ExitReason","#text":"0"},{"@Name":"CurrentBias","#text":"-60"},{"@Name":"CurrentTimeZoneID","#text":"2"},{"@Name":"TimeZoneInfoCacheUpdated","#text":"0"},{"@Name":"FirstRefresh","#text":"0"}]}}}
{"Event":{"System":{"Provider":{"@Name":"Microsoft-Windows-Kernel-General","@Guid":"a68ca8b7-004f-d7b6-a698-07e2de0f1f5d"},"EventID":"1","Version":"2","Level":"4","Task":"5","Opcode":"0","Keywords":"0x8000000000000010","TimeCreated":{"@SystemTime":"2025-04-30 08:09:35.0056703"},"EventRecordID":"5436","Correlation":null,"Execution":{"@ProcessID":"1704","@ThreadID":"1784"},"Channel":"System","Computer":"Server002","Security":{"@UserID":"S-1-5-18"}},"EventData":{"Data":[{"@Name":"NewTime","#text":"2025-04-30 08:09:35.0050000"},{"@Name":"OldTime","#text":"2025-04-30 10:09:33.5528218"},{"@Name":"Reason","#text":"1"},{"@Name":"ProcessName","#text":"\\Device\\HarddiskVolume2\\Windows\\System32\\VBoxService.exe"},{"@Name":"ProcessID","#text":"1704"}]}}}
{"Event":{"System":{"Provider":{"@Name":"Service Control Manager","@Guid":"{555908d1-a6d7-4695-8e1e-26931d2012f4}","@EventSourceName":"Service Control Manager"},"EventID":{"@Qualifiers":"49152","#text":"7026"},"Version":"0","Level":"4","Task":"0","Opcode":"0","Keywords":"0x8080000000000000","TimeCreated":{"@SystemTime":"2025-04-30 08:09:38.4914943"},"EventRecordID":"5437","Correlation":null,"Execution":{"@ProcessID":"668","@ThreadID":"672"},"Channel":"System","Computer":"Server002","Security":null},"EventData":{"Data":{"@Name":"param1","#text":", dam"}}}}
{"Event":{"System":{"Provider":{"@Name":"Microsoft-Windows-Winlogon","@Guid":"dbe9b383-7cf3-4331-91cc-a3cb16a3b538"},"EventID":"7001","Version":"0","Level":"4","Task":"1101","Opcode":"0","Keywords":"0x2000200000000000","TimeCreated":{"@SystemTime":"2025-04-30 08:09:41.6280400"},"EventRecordID":"5438","Correlation":null,"Execution":{"@ProcessID":"592","@ThreadID":"456"},"Channel":"System","Computer":"Server002","Security":{"@UserID":"S-1-5-18"}},"EventData":{"Data":[{"@Name":"TSId","#text":"1"},{"@Name":"UserSid","#text":"S-1-5-21-3962163828-2803415714-1403596700-1001"}]}}}
{"Event":{"System":{"Provider":{"@Name":"Service Control Manager","@Guid":"{555908d1-a6d7-4695-8e1e-26931d2012f4}","@EventSourceName":"Service Control Manager"},"EventID":{"@Qualifiers":"16384","#text":"7045"},"Version":"0","Level":"4","Task":"0","Opcode":"0","Keywords":"0x8080000000000000","TimeCreated":{"@SystemTime":"2025-04-30 08:09:47.0334052"},"EventRecordID":"5439","Correlation":null,"Execution":{"@ProcessID":"668","@ThreadID":"744"},"Channel":"System","Computer":"Server002","Security":{"@UserID":"S-1-5-18"}},"EventData":{"Data":[{"@Name":"ServiceName","#text":"MBAMWebProtection"},{"@Name":"ImagePath","#text":"C:\\Windows\\system32\\DRIVERS\\mwac.sys"},{"@Name":"ServiceType","#text":"kernel mode driver"},{"@Name":"StartType","#text":"demand start"},{"@Name":"AccountName"}]}}}
{"Event":{"System":{"Provider":{"@Name":"Service Control Manager","@Guid":"{555908d1-a6d7-4695-8e1e-26931d2012f4}","@EventSourceName":"Service Control Manager"},"EventID":{"@Qualifiers":"16384","#text":"7045"},"Version":"0","Level":"4","Task":"0","Opcode":"0","Keywords":"0x8080000000000000","TimeCreated":{"@SystemTime":"2025-04-30 08:09:47.9603168"},"EventRecordID":"5440","Correlation":null,"Execution":{"@ProcessID":"668","@ThreadID":"1452"},"Channel":"System","Computer":"Server002","Security":{"@UserID":"S-1-5-18"}},"EventData":{"Data":[{"@Name":"ServiceName","#text":"MBAMFarflt"},{"@Name":"ImagePath","#text":"C:\\Windows\\system32\\DRIVERS\\farflt.sys"},{"@Name":"ServiceType","#text":"kernel mode driver"},{"@Name":"StartType","#text":"demand start"},{"@Name":"AccountName"}]}}}
{"Event":{"System":{"Provider":{"@Name":"Microsoft-Windows-FilterManager","@Guid":"f3c5e28e-63f6-49c7-a204-e48a1bc4b09d"},"EventID":"6","Version":"0","Level":"4","Task":"0","Opcode":"0","Keywords":"0x8000000000000000","TimeCreated":{"@SystemTime":"2025-04-30 08:09:48.3298652"},"EventRecordID":"5441","Correlation":null,"Execution":{"@ProcessID":"4","@ThreadID":"32"},"Channel":"System","Computer":"Server002","Security":{"@UserID":"S-1-5-18"}},"EventData":{"Data":[{"@Name":"FinalStatus","#text":"0x0"},{"@Name":"DeviceVersionMajor","#text":"10"},{"@Name":"DeviceVersionMinor","#text":"0"},{"@Name":"DeviceNameLength","#text":"10"},{"@Name":"DeviceName","#text":"MBAMFarflt"},{"@Name":"DeviceTime","#text":"2025-02-20 21:16:59.0000000"}]}}}
{"Event":{"System":{"Provider":{"@Name":"Service Control Manager","@Guid":"{555908d1-a6d7-4695-8e1e-26931d2012f4}","@EventSourceName":"Service Control Manager"},"EventID":{"@Qualifiers":"16384","#text":"7045"},"Version":"0","Level":"4","Task":"0","Opcode":"0","Keywords":"0x8080000000000000","TimeCreated":{"@SystemTime":"2025-04-30 08:09:51.6904186"},"EventRecordID":"5442","Correlation":null,"Execution":{"@ProcessID":"668","@ThreadID":"3852"},"Channel":"System","Computer":"Server002","Security":{"@UserID":"S-1-5-18"}},"EventData":{"Data":[{"@Name":"ServiceName","#text":"Malwarebytes Anti-Exploit"},{"@Name":"ImagePath","#text":"C:\\Windows\\system32\\drivers\\mbae64.sys"},{"@Name":"ServiceType","#text":"kernel mode driver"},{"@Name":"StartType","#text":"system start"},{"@Name":"AccountName"}]}}}
{"Event":{"System":{"Provider":{"@Name":"Service Control Manager","@Guid":"{555908d1-a6d7-4695-8e1e-26931d2012f4}","@EventSourceName":"Service Control Manager"},"EventID":{"@Qualifiers":"16384","#text":"7045"},"Version":"0","Level":"4","Task":"0","Opcode":"0","Keywords":"0x8080000000000000","TimeCreated":{"@SystemTime":"2025-04-30 08:09:52.7871740"},"EventRecordID":"5443","Correlation":null,"Execution":{"@ProcessID":"668","@ThreadID":"744"},"Channel":"System","Computer":"Server002","Security":{"@UserID":"S-1-5-18"}},"EventData":{"Data":[{"@Name":"ServiceName","#text":"MBAMProtection"},{"@Name":"ImagePath","#text":"C:\\Windows\\system32\\DRIVERS\\mbam.sys"},{"@Name":"ServiceType","#text":"kernel mode driver"},{"@Name":"StartType","#text":"demand start"},{"@Name":"AccountName"}]}}}
{"Event":{"System":{"Provider":{"@Name":"Microsoft-Windows-FilterManager","@Guid":"f3c5e28e-63f6-49c7-a204-e48a1bc4b09d"},"EventID":"6","Version":"0","Level":"4","Task":"0","Opcode":"0","Keywords":"0x8000000000000000","TimeCreated":{"@SystemTime":"2025-04-30 08:09:53.3291580"},"EventRecordID":"5444","Correlation":null,"Execution":{"@ProcessID":"4","@ThreadID":"3060"},"Channel":"System","Computer":"Server002","Security":{"@UserID":"S-1-5-18"}},"EventData":{"Data":[{"@Name":"FinalStatus","#text":"0x0"},{"@Name":"DeviceVersionMajor","#text":"10"},{"@Name":"DeviceVersionMinor","#text":"0"},{"@Name":"DeviceNameLength","#text":"14"},{"@Name":"DeviceName","#text":"MBAMProtection"},{"@Name":"DeviceTime","#text":"2024-10-29 21:38:46.0000000"}]}}}
{"Event":{"System":{"Provider":{"@Name":"Microsoft-Windows-DistributedCOM","@Guid":"{1B562E86-B7AA-4131-BADC-B6F3A001407E}","@EventSourceName":"DCOM"},"EventID":{"@Qualifiers":"0","#text":"10016"},"Version":"0","Level":"3","Task":"0","Opcode":"0","Keywords":"0x8080000000000000","TimeCreated":{"@SystemTime":"2025-04-30 08:10:03.9722857"},"EventRecordID":"5445","Correlation":{"@ActivityID":"b8206131-53d4-4ea9-9063-b50d03ce0fdc"},"Execution":{"@ProcessID":"908","@ThreadID":"940"},"Channel":"System","Computer":"Server002","Security":{"@UserID":"S-1-5-20"}},"EventData":{"Data":[{"@Name":"param1","#text":"machine-default"},{"@Name":"param2","#text":"Local"},{"@Name":"param3","#text":"Activation"},{"@Name":"param4","#text":"{F87B28F1-DA9A-4F35-8EC0-800EFCF26B83}"},{"@Name":"param5","#text":"{0868DC9B-D9A2-4F64-9362-133CEA201299}"},{"@Name":"param6","#text":"NT AUTHORITY"},{"@Name":"param7","#text":"NETWORK SERVICE"},{"@Name":"param8","#text":"S-1-5-20"},{"@Name":"param9","#text":"LocalHost (Using LRPC)"},{"@Name":"param10","#text":"Unavailable"},{"@Name":"param11","#text":"Unavailable"}]}}}
{"Event":{"System":{"Provider":{"@Name":"Microsoft-Windows-DistributedCOM","@Guid":"{1B562E86-B7AA-4131-BADC-B6F3A001407E}","@EventSourceName":"DCOM"},"EventID":{"@Qualifiers":"0","#text":"10016"},"Version":"0","Level":"3","Task":"0","Opcode":"0","Keywords":"0x8080000000000000","TimeCreated":{"@SystemTime":"2025-04-30 08:10:28.9172607"},"EventRecordID":"5446","Correlation":{"@ActivityID":"5337b47c-8997-45dc-96f4-6ff105d2940a"},"Execution":{"@ProcessID":"908","@ThreadID":"936"},"Channel":"System","Computer":"Server002","Security":{"@UserID":"S-1-5-20"}},"EventData":{"Data":[{"@Name":"param1","#text":"machine-default"},{"@Name":"param2","#text":"Local"},{"@Name":"param3","#text":"Activation"},{"@Name":"param4","#text":"{F87B28F1-DA9A-4F35-8EC0-800EFCF26B83}"},{"@Name":"param5","#text":"{0868DC9B-D9A2-4F64-9362-133CEA201299}"},{"@Name":"param6","#text":"NT AUTHORITY"},{"@Name":"param7","#text":"NETWORK SERVICE"},{"@Name":"param8","#text":"S-1-5-20"},{"@Name":"param9","#text":"LocalHost (Using LRPC)"},{"@Name":"param10","#text":"Unavailable"},{"@Name":"param11","#text":"Unavailable"}]}}}
{"Event":{"System":{"Provider":{"@Name":"Microsoft-Windows-Kernel-General","@Guid":"a68ca8b7-004f-d7b6-a698-07e2de0f1f5d"},"EventID":"16","Version":"0","Level":"4","Task":"0","Opcode":"0","Keywords":"0x8000000000000000","TimeCreated":{"@SystemTime":"2025-04-30 08:11:30.9319994"},"EventRecordID":"5447","Correlation":null,"Execution":{"@ProcessID":"3728","@ThreadID":"5804"},"Channel":"System","Computer":"Server002","Security":{"@UserID":"S-1-5-21-3962163828-2803415714-1403596700-1001"}},"EventData":{"Data":[{"@Name":"HiveNameLength","#text":"100"},{"@Name":"HiveName","#text":"\\??\\C:\\Users\\lplui\\AppData\\Local\\Packages\\OpenAI.ChatGPT-Desktop_2p2nqsd0c76g0\\Settings\\settings.dat"},{"@Name":"KeysUpdated","#text":"3"},{"@Name":"DirtyPages","#text":"1"}]}}}
{"Event":{"System":{"Provider":{"@Name":"Microsoft-Windows-Kernel-General","@Guid":"a68ca8b7-004f-d7b6-a698-07e2de0f1f5d"},"EventID":"16","Version":"0","Level":"4","Task":"0","Opcode":"0","Keywords":"0x8000000000000000","TimeCreated":{"@SystemTime":"2025-04-30 08:11:36.7665932"},"EventRecordID":"5448","Correlation":null,"Execution":{"@ProcessID":"3728","@ThreadID":"6380"},"Channel":"System","Computer":"Server002","Security":{"@UserID":"S-1-5-21-3962163828-2803415714-1403596700-1001"}},"EventData":{"Data":[{"@Name":"HiveNameLength","#text":"95"},{"@Name":"HiveName","#text":"\\??\\C:\\Users\\lplui\\AppData\\Local\\Packages\\Microsoft.Copilot_8wekyb3d8bbwe\\Settings\\settings.dat"},{"@Name":"KeysUpdated","#text":"15"},{"@Name":"DirtyPages","#text":"1"}]}}}
{"Event":{"System":{"Provider":{"@Name":"Service Control Manager","@Guid":"{555908d1-a6d7-4695-8e1e-26931d2012f4}","@EventSourceName":"Service Control Manager"},"EventID":{"@Qualifiers":"16384","#text":"7040"},"Version":"0","Level":"4","Task":"0","Opcode":"0","Keywords":"0x8080000000000000","TimeCreated":{"@SystemTime":"2025-04-30 08:11:48.4164155"},"EventRecordID":"5449","Correlation":null,"Execution":{"@ProcessID":"668","@ThreadID":"3800"},"Channel":"System","Computer":"Server002","Security":{"@UserID":"S-1-5-18"}},"EventData":{"Data":[{"@Name":"param1","#text":"Background Intelligent Transfer Service"},{"@Name":"param2","#text":"demand start"},{"@Name":"param3","#text":"auto start"},{"@Name":"param4","#text":"BITS"}]}}}
{"Event":{"System":{"Provider":{"@Name":"Service Control Manager","@Guid":"{555908d1-a6d7-4695-8e1e-26931d2012f4}","@EventSourceName":"Service Control Manager"},"EventID":{"@Qualifiers":"49152","#text":"7031"},"Version":"0","Level":"2","Task":"0","Opcode":"0","Keywords":"0x8080000000000000","TimeCreated":{"@SystemTime":"2025-04-30 08:12:00.8019328"},"EventRecordID":"5450","Correlation":null,"Execution":{"@ProcessID":"668","@ThreadID":"3804"},"Channel":"System","Computer":"Server002","Security":null},"EventData":{"Data":[{"@Name":"param1","#text":"Windows Audio"},{"@Name":"param2","#text":"1"},{"@Name":"param3","#text":"60000"},{"@Name":"param4","#text":"1"},{"@Name":"param5","#text":"Restart the service"}],"Binary":"41-00-75-00-64-00-69-00-6F-00-73-00-72-00-76-00-00-00"}}}
{"Event":{"System":{"Provider":{"@Name":"Microsoft-Windows-DistributedCOM","@Guid":"{1B562E86-B7AA-4131-BADC-B6F3A001407E}","@EventSourceName":"DCOM"},"EventID":{"@Qualifiers":"0","#text":"10016"},"Version":"0","Level":"3","Task":"0","Opcode":"0","Keywords":"0x8080000000000000","TimeCreated":{"@SystemTime":"2025-04-30 08:12:13.3697320"},"EventRecordID":"5451","Correlation":{"@ActivityID":"02e5aca1-4b1b-460a-9da8-0a64a17d8ba6"},"Execution":{"@ProcessID":"908","@ThreadID":"948"},"Channel":"System","Computer":"Server002","Security":{"@UserID":"S-1-5-21-3962163828-2803415714-1403596700-1001"}},"EventData":{"Data":[{"@Name":"param1","#text":"application-specific"},{"@Name":"param2","#text":"Local"},{"@Name":"param3","#text":"Launch"},{"@Name":"param4","#text":"Windows.SecurityCenter.WscCloudBackupProvider"},{"@Name":"param5","#text":"Unavailable"},{"@Name":"param6","#text":"SERVER002"},{"@Name":"param7","#text":"lplui"},{"@Name":"param8","#text":"S-1-5-21-3962163828-2803415714-1403596700-1001"},{"@Name":"param9","#text":"LocalHost (Using LRPC)"},{"@Name":"param10","#text":"Unavailable"},{"@Name":"param11","#text":"Unavailable"}]}}}
{"Event":{"System":{"Provider":{"@Name":"Microsoft-Windows-Kernel-General","@Guid":"a68ca8b7-004f-d7b6-a698-07e2de0f1f5d"},"EventID":"16","Version":"0","Level":"4","Task":"0","Opcode":"0","Keywords":"0x8000000000000000","TimeCreated":{"@SystemTime":"2025-04-30 08:12:25.6007666"},"EventRecordID":"5452","Correlation":null,"Execution":{"@ProcessID":"5852","@ThreadID":"6000"},"Channel":"System","Computer":"Server002","Security":{"@UserID":"S-1-5-18"}},"EventData":{"Data":[{"@Name":"HiveNameLength","#text":"103"},{"@Name":"HiveName","#text":"\\??\\C:\\Users\\lplui\\AppData\\Local\\Packages\\Microsoft.Copilot_8wekyb3d8bbwe\\SystemAppData\\Helium\\User.dat"},{"@Name":"KeysUpdated","#text":"5"},{"@Name":"DirtyPages","#text":"1"}]}}}
{"Event":{"System":{"Provider":{"@Name":"Microsoft-Windows-Kernel-General","@Guid":"a68ca8b7-004f-d7b6-a698-07e2de0f1f5d"},"EventID":"16","Version":"0","Level":"4","Task":"0","Opcode":"0","Keywords":"0x8000000000000000","TimeCreated":{"@SystemTime":"2025-04-30 08:12:25.6206984"},"EventRecordID":"5453","Correlation":null,"Execution":{"@ProcessID":"5852","@ThreadID":"6000"},"Channel":"System","Computer":"Server002","Security":{"@UserID":"S-1-5-18"}},"EventData":{"Data":[{"@Name":"HiveNameLength","#text":"110"},{"@Name":"HiveName","#text":"\\??\\C:\\Users\\lplui\\AppData\\Local\\Packages\\Microsoft.Copilot_8wekyb3d8bbwe\\SystemAppData\\Helium\\UserClasses.dat"},{"@Name":"KeysUpdated","#text":"1"},{"@Name":"DirtyPages","#text":"1"}]}}}
{"Event":{"System":{"Provider":{"@Name":"Microsoft-Windows-DistributedCOM","@Guid":"{1B562E86-B7AA-4131-BADC-B6F3A001407E}","@EventSourceName":"DCOM"},"EventID":{"@Qualifiers":"0","#text":"10016"},"Version":"0","Level":"3","Task":"0","Opcode":"0","Keywords":"0x8080000000000000","TimeCreated":{"@SystemTime":"2025-04-30 08:12:45.6765778"},"EventRecordID":"5454","Correlation":{"@ActivityID":"7baed6b4-2484-4d8f-9f62-baf575a2d2d7"},"Execution":{"@ProcessID":"908","@ThreadID":"948"},"Channel":"System","Computer":"Server002","Security":{"@UserID":"S-1-5-21-3962163828-2803415714-1403596700-1001"}},"EventData":{"Data":[{"@Name":"param1","#text":"application-specific"},{"@Name":"param2","#text":"Local"},{"@Name":"param3","#text":"Launch"},{"@Name":"param4","#text":"Windows.SecurityCenter.WscCloudBackupProvider"},{"@Name":"param5","#text":"Unavailable"},{"@Name":"param6","#text":"SERVER002"},{"@Name":"param7","#text":"lplui"},{"@Name":"param8","#text":"S-1-5-21-3962163828-2803415714-1403596700-1001"},{"@Name":"param9","#text":"LocalHost (Using LRPC)"},{"@Name":"param10","#text":"Unavailable"},{"@Name":"param11","#text":"Unavailable"}]}}}
{"Event":{"System":{"Provider":{"@Name":"Service Control Manager","@Guid":"{555908d1-a6d7-4695-8e1e-26931d2012f4}","@EventSourceName":"Service Control Manager"},"EventID":{"@Qualifiers":"49152","#text":"7023"},"Version":"0","Level":"2","Task":"0","Opcode":"0","Keywords":"0x8080000000000000","TimeCreated":{"@SystemTime":"2025-04-30 08:12:57.5423144"},"EventRecordID":"5455","Correlation":null,"Execution":{"@ProcessID":"668","@ThreadID":"1452"},"Channel":"System","Computer":"Server002","Security":null},"EventData":{"Data":[{"@Name":"param1","#text":"System Guard Runtime Monitor Broker"},{"@Name":"param2","#text":"%%3489660935"}],"Binary":"53-00-67-00-72-00-6D-00-42-00-72-00-6F-00-6B-00-65-00-72-00-00-00"}}}
{"Event":{"System":{"Provider":{"@Name":"Microsoft-Windows-Time-Service","@Guid":"06edcfeb-0fd0-4e53-acca-a6f8bbf81bcb"},"EventID":"37","Version":"0","Level":"4","Task":"0","Opcode":"0","Keywords":"0x8000000000000000","TimeCreated":{"@SystemTime":"2025-04-30 08:13:32.1602695"},"EventRecordID":"5456","Correlation":null,"Execution":{"@ProcessID":"6672","@ThreadID":"1372"},"Channel":"System","Computer":"Server002","Security":{"@UserID":"S-1-5-19"}},"EventData":{"@Name":"TMP_EVENT_TIME_SOURCE_REACHABLE","Data":{"@Name":"TimeSource","#text":"time.windows.com,0x9 (ntp.m|0x9|0.0.0.0:123-&gt;20.101.57.9:123)"}}}}
{"Event":{"System":{"Provider":{"@Name":"Microsoft-Windows-WinRM","@Guid":"{A7975C8F-AC13-49F1-87DA-5A984A4AB417}","@EventSourceName":"WinRM"},"EventID":{"@Qualifiers":"7","#text":"10148"},"Version":"0","Level":"4","Task":"0","Opcode":"0","Keywords":"0x80000000000000","TimeCreated":{"@SystemTime":"2025-04-30 08:13:38.9931941"},"EventRecordID":"5457","Correlation":null,"Execution":{"@ProcessID":"0","@ThreadID":"0"},"Channel":"System","Computer":"Server002","Security":null},"EventData":{"@Name":"Started Listening"}}}
{"Event":{"System":{"Provider":{"@Name":"Microsoft-Windows-WinRM","@Guid":"{A7975C8F-AC13-49F1-87DA-5A984A4AB417}","@EventSourceName":"WinRM"},"EventID":{"@Qualifiers":"7","#text":"10121"},"Version":"0","Level":"4","Task":"0","Opcode":"0","Keywords":"0x80000000000000","TimeCreated":{"@SystemTime":"2025-04-30 08:13:39.9770717"},"EventRecordID":"5458","Correlation":null,"Execution":{"@ProcessID":"0","@ThreadID":"0"},"Channel":"System","Computer":"Server002","Security":null},"EventData":""}}
{"Event":{"System":{"Provider":{"@Name":"Microsoft-Windows-DistributedCOM","@Guid":"{1B562E86-B7AA-4131-BADC-B6F3A001407E}","@EventSourceName":"DCOM"},"EventID":{"@Qualifiers":"0","#text":"10016"},"Version":"0","Level":"3","Task":"0","Opcode":"0","Keywords":"0x8080000000000000","TimeCreated":{"@SystemTime":"2025-04-30 08:13:42.1144076"},"EventRecordID":"5459","Correlation":{"@ActivityID":"52711d1d-9ae2-4bb0-9a25-df9912ef1a89"},"Execution":{"@ProcessID":"908","@ThreadID":"3784"},"Channel":"System","Computer":"Server002","Security":{"@UserID":"S-1-5-18"}},"EventData":{"Data":[{"@Name":"param1","#text":"application-specific"},{"@Name":"param2","#text":"Local"},{"@Name":"param3","#text":"Launch"},{"@Name":"param4","#text":"Windows.SecurityCenter.WscBrokerManager"},{"@Name":"param5","#text":"Unavailable"},{"@Name":"param6","#text":"NT AUTHORITY"},{"@Name":"param7","#text":"SYSTEM"},{"@Name":"param8","#text":"S-1-5-18"},{"@Name":"param9","#text":"LocalHost (Using LRPC)"},{"@Name":"param10","#text":"Unavailable"},{"@Name":"param11","#text":"Unavailable"}]}}}
{"Event":{"System":{"Provider":{"@Name":"Microsoft-Windows-DistributedCOM","@Guid":"{1B562E86-B7AA-4131-BADC-B6F3A001407E}","@EventSourceName":"DCOM"},"EventID":{"@Qualifiers":"0","#text":"10016"},"Version":"0","Level":"3","Task":"0","Opcode":"0","Keywords":"0x8080000000000000","TimeCreated":{"@SystemTime":"2025-04-30 08:13:42.1155493"},"EventRecordID":"5460","Correlation":{"@ActivityID":"29838071-6837-4903-98c3-36af2b73d81a"},"Execution":{"@ProcessID":"908","@ThreadID":"1300"},"Channel":"System","Computer":"Server002","Security":{"@UserID":"S-1-5-18"}},"EventData":{"Data":[{"@Name":"param1","#text":"application-specific"},{"@Name":"param2","#text":"Local"},{"@Name":"param3","#text":"Launch"},{"@Name":"param4","#text":"Windows.SecurityCenter.SecurityAppBroker"},{"@Name":"param5","#text":"Unavailable"},{"@Name":"param6","#text":"NT AUTHORITY"},{"@Name":"param7","#text":"SYSTEM"},{"@Name":"param8","#text":"S-1-5-18"},{"@Name":"param9","#text":"LocalHost (Using LRPC)"},{"@Name":"param10","#text":"Unavailable"},{"@Name":"param11","#text":"Unavailable"}]}}}
{"Event":{"System":{"Provider":{"@Name":"Microsoft-Windows-DistributedCOM","@Guid":"{1B562E86-B7AA-4131-BADC-B6F3A001407E}","@EventSourceName":"DCOM"},"EventID":{"@Qualifiers":"0","#text":"10016"},"Version":"0","Level":"3","Task":"0","Opcode":"0","Keywords":"0x8080000000000000","TimeCreated":{"@SystemTime":"2025-04-30 08:13:42.1184156"},"EventRecordID":"5461","Correlation":{"@ActivityID":"59738e6c-5119-4fed-a9e4-bd0d7e4dc890"},"Execution":{"@ProcessID":"908","@ThreadID":"1536"},"Channel":"System","Computer":"Server002","Security":{"@UserID":"S-1-5-18"}},"EventData":{"Data":[{"@Name":"param1","#text":"application-specific"},{"@Name":"param2","#text":"Local"},{"@Name":"param3","#text":"Launch"},{"@Name":"param4","#text":"Windows.SecurityCenter.WscDataProtection"},{"@Name":"param5","#text":"Unavailable"},{"@Name":"param6","#text":"NT AUTHORITY"},{"@Name":"param7","#text":"SYSTEM"},{"@Name":"param8","#text":"S-1-5-18"},{"@Name":"param9","#text":"LocalHost (Using LRPC)"},{"@Name":"param10","#text":"Unavailable"},{"@Name":"param11","#text":"Unavailable"}]}}}
{"Event":{"System":{"Provider":{"@Name":"Service Control Manager","@Guid":"{555908d1-a6d7-4695-8e1e-26931d2012f4}","@EventSourceName":"Service Control Manager"},"EventID":{"@Qualifiers":"16384","#text":"7040"},"Version":"0","Level":"4","Task":"0","Opcode":"0","Keywords":"0x8080000000000000","TimeCreated":{"@SystemTime":"2025-04-30 08:13:46.3281411"},"EventRecordID":"5462","Correlation":null,"Execution":{"@ProcessID":"668","@ThreadID":"1452"},"Channel":"System","Computer":"Server002","Security":{"@UserID":"S-1-5-18"}},"EventData":{"Data":[{"@Name":"param1","#text":"Microsoft Defender Core Service"},{"@Name":"param2","#text":"auto start"},{"@Name":"param3","#text":"demand start"},{"@Name":"param4","#text":"MDCoreSvc"}]}}}
{"Event":{"System":{"Provider":{"@Name":"Service Control Manager","@Guid":"{555908d1-a6d7-4695-8e1e-26931d2012f4}","@EventSourceName":"Service Control Manager"},"EventID":{"@Qualifiers":"16384","#text":"7040"},"Version":"0","Level":"4","Task":"0","Opcode":"0","Keywords":"0x8080000000000000","TimeCreated":{"@SystemTime":"2025-04-30 08:13:59.9795371"},"EventRecordID":"5463","Correlation":null,"Execution":{"@ProcessID":"668","@ThreadID":"1452"},"Channel":"System","Computer":"Server002","Security":{"@UserID":"S-1-5-18"}},"EventData":{"Data":[{"@Name":"param1","#text":"Microsoft Defender Antivirus Service"},{"@Name":"param2","#text":"auto start"},{"@Name":"param3","#text":"demand start"},{"@Name":"param4","#text":"WinDefend"}]}}}
{"Event":{"System":{"Provider":{"@Name":"Service Control Manager","@Guid":"{555908d1-a6d7-4695-8e1e-26931d2012f4}","@EventSourceName":"Service Control Manager"},"EventID":{"@Qualifiers":"16384","#text":"7040"},"Version":"0","Level":"4","Task":"0","Opcode":"0","Keywords":"0x8080000000000000","TimeCreated":{"@SystemTime":"2025-04-30 08:14:02.2767390"},"EventRecordID":"5464","Correlation":null,"Execution":{"@ProcessID":"668","@ThreadID":"1644"},"Channel":"System","Computer":"Server002","Security":{"@UserID":"S-1-5-18"}},"EventData":{"Data":[{"@Name":"param1","#text":"Microsoft Defender Antivirus Boot Driver"},{"@Name":"param2","#text":"boot start"},{"@Name":"param3","#text":"demand start"},{"@Name":"param4","#text":"WdBoot"}]}}}
{"Event":{"System":{"Provider":{"@Name":"Microsoft-Windows-FilterManager","@Guid":"f3c5e28e-63f6-49c7-a204-e48a1bc4b09d"},"EventID":"1","Version":"0","Level":"4","Task":"0","Opcode":"0","Keywords":"0x8000000000000000","TimeCreated":{"@SystemTime":"2025-04-30 08:14:05.9712608"},"EventRecordID":"5465","Correlation":null,"Execution":{"@ProcessID":"4","@ThreadID":"32"},"Channel":"System","Computer":"Server002","Security":{"@UserID":"S-1-5-18"}},"EventData":{"Data":[{"@Name":"FinalStatus","#text":"0x0"},{"@Name":"DeviceVersionMajor","#text":"10"},{"@Name":"DeviceVersionMinor","#text":"0"},{"@Name":"DeviceNameLength","#text":"8"},{"@Name":"DeviceName","#text":"WdFilter"},{"@Name":"DeviceTime","#text":"1993-12-21 16:29:16.0000000"}]}}}
{"Event":{"System":{"Provider":{"@Name":"Service Control Manager","@Guid":"{555908d1-a6d7-4695-8e1e-26931d2012f4}","@EventSourceName":"Service Control Manager"},"EventID":{"@Qualifiers":"16384","#text":"7040"},"Version":"0","Level":"4","Task":"0","Opcode":"0","Keywords":"0x8080000000000000","TimeCreated":{"@SystemTime":"2025-04-30 08:14:05.9843637"},"EventRecordID":"5466","Correlation":null,"Execution":{"@ProcessID":"668","@ThreadID":"1644"},"Channel":"System","Computer":"Server002","Security":{"@UserID":"S-1-5-18"}},"EventData":{"Data":[{"@Name":"param1","#text":"Microsoft Defender Antivirus Mini-Filter Driver"},{"@Name":"param2","#text":"boot start"},{"@Name":"param3","#text":"demand start"},{"@Name":"param4","#text":"WdFilter"}]}}}
{"Event":{"System":{"Provider":{"@Name":"Service Control Manager","@Guid":"{555908d1-a6d7-4695-8e1e-26931d2012f4}","@EventSourceName":"Service Control Manager"},"EventID":{"@Qualifiers":"16384","#text":"7040"},"Version":"0","Level":"4","Task":"0","Opcode":"0","Keywords":"0x8080000000000000","TimeCreated":{"@SystemTime":"2025-04-30 08:17:20.3271682"},"EventRecordID":"5467","Correlation":null,"Execution":{"@ProcessID":"668","@ThreadID":"3804"},"Channel":"System","Computer":"Server002","Security":{"@UserID":"S-1-5-18"}},"EventData":{"Data":[{"@Name":"param1","#text":"Background Intelligent Transfer Service"},{"@Name":"param2","#text":"auto start"},{"@Name":"param3","#text":"demand start"},{"@Name":"param4","#text":"BITS"}]}}}
{"Event":{"System":{"Provider":{"@Name":"Service Control Manager","@Guid":"{555908d1-a6d7-4695-8e1e-26931d2012f4}","@EventSourceName":"Service Control Manager"},"EventID":{"@Qualifiers":"16384","#text":"7040"},"Version":"0","Level":"4","Task":"0","Opcode":"0","Keywords":"0x8080000000000000","TimeCreated":{"@SystemTime":"2025-04-30 08:17:44.3075142"},"EventRecordID":"5468","Correlation":null,"Execution":{"@ProcessID":"668","@ThreadID":"3804"},"Channel":"System","Computer":"Server002","Security":{"@UserID":"S-1-5-18"}},"EventData":{"Data":[{"@Name":"param1","#text":"Background Intelligent Transfer Service"},{"@Name":"param2","#text":"demand start"},{"@Name":"param3","#text":"auto start"},{"@Name":"param4","#text":"BITS"}]}}}
{"Event":{"System":{"Provider":{"@Name":"Service Control Manager","@Guid":"{555908d1-a6d7-4695-8e1e-26931d2012f4}","@EventSourceName":"Service Control Manager"},"EventID":{"@Qualifiers":"16384","#text":"7040"},"Version":"0","Level":"4","Task":"0","Opcode":"0","Keywords":"0x8080000000000000","TimeCreated":{"@SystemTime":"2025-04-30 08:20:13.2622980"},"EventRecordID":"5469","Correlation":null,"Execution":{"@ProcessID":"668","@ThreadID":"744"},"Channel":"System","Computer":"Server002","Security":{"@UserID":"S-1-5-18"}},"EventData":{"Data":[{"@Name":"param1","#text":"Background Intelligent Transfer Service"},{"@Name":"param2","#text":"auto start"},{"@Name":"param3","#text":"demand start"},{"@Name":"param4","#text":"BITS"}]}}}
{"Event":{"System":{"Provider":{"@Name":"Service Control Manager","@Guid":"{555908d1-a6d7-4695-8e1e-26931d2012f4}","@EventSourceName":"Service Control Manager"},"EventID":{"@Qualifiers":"16384","#text":"7040"},"Version":"0","Level":"4","Task":"0","Opcode":"0","Keywords":"0x8080000000000000","TimeCreated":{"@SystemTime":"2025-04-30 09:12:59.9688816"},"EventRecordID":"5470","Correlation":null,"Execution":{"@ProcessID":"668","@ThreadID":"4192"},"Channel":"System","Computer":"Server002","Security":{"@UserID":"S-1-5-18"}},"EventData":{"Data":[{"@Name":"param1","#text":"Background Intelligent Transfer Service"},{"@Name":"param2","#text":"demand start"},{"@Name":"param3","#text":"auto start"},{"@Name":"param4","#text":"BITS"}]}}}
{"Event":{"System":{"Provider":{"@Name":"Service Control Manager","@Guid":"{555908d1-a6d7-4695-8e1e-26931d2012f4}","@EventSourceName":"Service Control Manager"},"EventID":{"@Qualifiers":"16384","#text":"7040"},"Version":"0","Level":"4","Task":"0","Opcode":"0","Keywords":"0x8080000000000000","TimeCreated":{"@SystemTime":"2025-04-30 09:16:28.2780918"},"EventRecordID":"5471","Correlation":null,"Execution":{"@ProcessID":"668","@ThreadID":"11036"},"Channel":"System","Computer":"Server002","Security":{"@UserID":"S-1-5-18"}},"EventData":{"Data":[{"@Name":"param1","#text":"Background Intelligent Transfer Service"},{"@Name":"param2","#text":"auto start"},{"@Name":"param3","#text":"demand start"},{"@Name":"param4","#text":"BITS"}]}}}
{"Event":{"System":{"Provider":{"@Name":"Service Control Manager","@Guid":"{555908d1-a6d7-4695-8e1e-26931d2012f4}","@EventSourceName":"Service Control Manager"},"EventID":{"@Qualifiers":"16384","#text":"7040"},"Version":"0","Level":"4","Task":"0","Opcode":"0","Keywords":"0x8080000000000000","TimeCreated":{"@SystemTime":"2025-04-30 10:17:38.9850757"},"EventRecordID":"5472","Correlation":null,"Execution":{"@ProcessID":"668","@ThreadID":"6112"},"Channel":"System","Computer":"Server002","Security":{"@UserID":"S-1-5-18"}},"EventData":{"Data":[{"@Name":"param1","#text":"Background Intelligent Transfer Service"},{"@Name":"param2","#text":"demand start"},{"@Name":"param3","#text":"auto start"},{"@Name":"param4","#text":"BITS"}]}}}
{"Event":{"System":{"Provider":{"@Name":"Service Control Manager","@Guid":"{555908d1-a6d7-4695-8e1e-26931d2012f4}","@EventSourceName":"Service Control Manager"},"EventID":{"@Qualifiers":"16384","#text":"7040"},"Version":"0","Level":"4","Task":"0","Opcode":"0","Keywords":"0x8080000000000000","TimeCreated":{"@SystemTime":"2025-04-30 10:19:40.2452183"},"EventRecordID":"5473","Correlation":null,"Execution":{"@ProcessID":"668","@ThreadID":"4476"},"Channel":"System","Computer":"Server002","Security":{"@UserID":"S-1-5-18"}},"EventData":{"Data":[{"@Name":"param1","#text":"Background Intelligent Transfer Service"},{"@Name":"param2","#text":"auto start"},{"@Name":"param3","#text":"demand start"},{"@Name":"param4","#text":"BITS"}]}}}
{"Event":{"System":{"Provider":{"@Name":"EventLog"},"EventID":{"@Qualifiers":"32768","#text":"6013"},"Version":"0","Level":"4","Task":"0","Opcode":"0","Keywords":"0x80000000000000","TimeCreated":{"@SystemTime":"2025-04-30 11:00:00.0110165"},"EventRecordID":"5474","Correlation":null,"Execution":{"@ProcessID":"0","@ThreadID":"0"},"Channel":"System","Computer":"Server002","Security":null},"EventData":{"Data":"10238, 60, 0 GMT Standard Time","Binary":"31-00-2E-00-31-00-00-00-30-00-00-00-57-00-69-00-6E-00-64-00-6F-00-77-00-73-00-20-00-31-00-30-00-20-00-48-00-6F-00-6D-00-65-00-00-00-31-00-30-00-2E-00-30-00-2E-00-31-00-39-00-30-00-34-00-35-00-20-00-42-00-75-00-69-00-6C-00-64-00-20-00-31-00-39-00-30-00-34-00-35-00-20-00-20-00-00-00-4D-00-75-00-6C-00-74-00-69-00-70-00-72-00-6F-00-63-00-65-00-73-00-73-00-6F-00-72-00-20-00-46-00-72-00-65-00-65-00-00-00-31-00-39-00-30-00-34-00-31-00-2E-00-76-00-62-00-5F-00-72-00-65-00-6C-00-65-00-61-00-73-00-65-00-2E-00-31-00-39-00-31-00-32-00-30-00-36-00-2D-00-31-00-34-00-30-00-36-00-00-00-36-00-36-00-37-00-64-00-37-00-35-00-64-00-33-00-00-00-4E-00-6F-00-74-00-20-00-41-00-76-00-61-00-69-00-6C-00-61-00-62-00-6C-00-65-00-00-00-4E-00-6F-00-74-00-20-00-41-00-76-00-61-00-69-00-6C-00-61-00-62-00-6C-00-65-00-00-00-39-00-00-00-32-00-00-00-34-00-30-00-39-00-36-00-00-00-38-00-30-00-39-00-00-00-53-00-65-00-72-00-76-00-65-00-72-00-30-00-30-00-32-00-00-00-00-00"}}}
{"Event":{"System":{"Provider":{"@Name":"Service Control Manager","@Guid":"{555908d1-a6d7-4695-8e1e-26931d2012f4}","@EventSourceName":"Service Control Manager"},"EventID":{"@Qualifiers":"16384","#text":"7040"},"Version":"0","Level":"4","Task":"0","Opcode":"0","Keywords":"0x8080000000000000","TimeCreated":{"@SystemTime":"2025-04-30 11:53:47.0459538"},"EventRecordID":"5475","Correlation":null,"Execution":{"@ProcessID":"668","@ThreadID":"2480"},"Channel":"System","Computer":"Server002","Security":{"@UserID":"S-1-5-18"}},"EventData":{"Data":[{"@Name":"param1","#text":"Background Intelligent Transfer Service"},{"@Name":"param2","#text":"demand start"},{"@Name":"param3","#text":"auto start"},{"@Name":"param4","#text":"BITS"}]}}}
{"Event":{"System":{"Provider":{"@Name":"Microsoft-Windows-Kernel-General","@Guid":"a68ca8b7-004f-d7b6-a698-07e2de0f1f5d"},"EventID":"16","Version":"0","Level":"4","Task":"0","Opcode":"0","Keywords":"0x8000000000000000","TimeCreated":{"@SystemTime":"2025-04-30 11:53:51.7936759"},"EventRecordID":"5476","Correlation":null,"Execution":{"@ProcessID":"6996","@ThreadID":"4520"},"Channel":"System","Computer":"Server002","Security":{"@UserID":"S-1-5-18"}},"EventData":{"Data":[{"@Name":"HiveNameLength","#text":"85"},{"@Name":"HiveName","#text":"\\??\\C:\\ProgramData\\Microsoft\\Provisioning\\Microsoft-Desktop-Provisioning-Sequence.dat"},{"@Name":"KeysUpdated","#text":"0"},{"@Name":"DirtyPages","#text":"0"}]}}}
