{"Event":{"System":{"Provider":{"@Name":"Microsoft-Windows-Sysmon","@Guid":"5770385f-c22a-43e0-bf4c-06f5698ffbd9"},"EventID":"1","Version":"5","Level":"4","Task":"1","Opcode":"0","Keywords":"0x8000000000000000","TimeCreated":{"@SystemTime":"2025-04-22 13:51:56.2322447"},"EventRecordID":"36859","Correlation":null,"Execution":{"@ProcessID":"2984","@ThreadID":"4008"},"Channel":"Microsoft-Windows-Sysmon/Operational","Computer":"Server002","Security":{"@UserID":"S-1-5-18"}},"EventData":{"Data":[{"@Name":"RuleName","#text":"-"},{"@Name":"UtcTime","#text":"2025-04-22 13:51:56.163"},{"@Name":"ProcessGuid","#text":"dbf410b3-9efc-6807-a900-000000003f00"},{"@Name":"ProcessId","#text":"832"},{"@Name":"Image","#text":"C:\\Windows\\System32\\unregmp2.exe"},{"@Name":"FileVersion","#text":"12.0.19041.1 (WinBuild.160101.0800)"},{"@Name":"Description","#text":"Microsoft Windows Media Player Setup Utility"},{"@Name":"Product","#text":"Microsoft® Windows® Operating System"},{"@Name":"Company","#text":"Microsoft Corporation"},{"@Name":"OriginalFileName","#text":"unregmp2.exe"},{"@Name":"CommandLine","#text":"\"C:\\Windows\\System32\\unregmp2.exe\" /FirstLogon"},{"@Name":"CurrentDirectory","#text":"C:\\Windows\\system32\\"},{"@Name":"User","#text":"SERVER002\\lplui"},{"@Name":"LogonGuid","#text":"dbf410b3-9ee4-6807-60df-030000000000"},{"@Name":"LogonId","#text":"0x3DF60"},{"@Name":"TerminalSessionId","#text":"1"},{"@Name":"IntegrityLevel","#text":"Medium"},{"@Name":"Hashes","#text":"SHA256=21F41FEA24DDDC8A32F902AF7B0387A53A745013429D8FD3F5FA6916EADC839D"},{"@Name":"ParentProcessGuid","#text":"dbf410b3-9eee-6807-7e00-000000003f00"},{"@Name":"ParentProcessId","#text":"5256"},{"@Name":"ParentImage","#text":"C:\\Windows\\explorer.exe"},{"@Name":"ParentCommandLine","#text":"C:\\Windows\\Explorer.EXE"},{"@Name":"ParentUser","#text":"SERVER002\\lplui"}]}}}
{"Event":{"System":{"Provider":{"@Name":"Microsoft-Windows-Sysmon","@Guid":"5770385f-c22a-43e0-bf4c-06f5698ffbd9"},"EventID":"5","Version":"3","Level":"4","Task":"5","Opcode":"0","Keywords":"0x8000000000000000","TimeCreated":{"@SystemTime":"2025-04-22 13:51:56.3117564"},"EventRecordID":"36860","Correlation":null,"Execution":{"@ProcessID":"2984","@ThreadID":"4008"},"Channel":"Microsoft-Windows-Sysmon/Operational","Computer":"Server002","Security":{"@UserID":"S-1-5-18"}},"EventData":{"Data":[{"@Name":"RuleName","#text":"-"},{"@Name":"UtcTime","#text":"2025-04-22 13:51:56.234"},{"@Name":"ProcessGuid","#text":"dbf410b3-9efc-6807-a900-000000003f00"},{"@Name":"ProcessId","#text":"832"},{"@Name":"Image","#text":"C:\\Windows\\System32\\unregmp2.exe"},{"@Name":"User","#text":"SERVER002\\lplui"}]}}}
{"Event":{"System":{"Provider":{"@Name":"Microsoft-Windows-Sysmon","@Guid":"5770385f-c22a-43e0-bf4c-06f5698ffbd9"},"EventID":"1","Version":"5","Level":"4","Task":"1","Opcode":"0","Keywords":"0x8000000000000000","TimeCreated":{"@SystemTime":"2025-04-22 13:51:57.3721821"},"EventRecordID":"36861","Correlation":null,"Execution":{"@ProcessID":"2984","@ThreadID":"4008"},"Channel":"Microsoft-Windows-Sysmon/Operational","Computer":"Server002","Security":{"@UserID":"S-1-5-18"}},"EventData":{"Data":[{"@Name":"RuleName","#text":"-"},{"@Name":"UtcTime","#text":"2025-04-22 13:51:57.043"},{"@Name":"ProcessGuid","#text":"dbf410b3-9efd-6807-aa00-000000003f00"},{"@Name":"ProcessId","#text":"7152"},{"@Name":"Image","#text":"C:\\Program Files (x86)\\Microsoft\\Edge\\Application\\135.0.3179.85\\Installer\\setup.exe"},{"@Name":"FileVersion","#text":"135.0.3179.85"},{"@Name":"Description","#text":"Microsoft Edge Installer"},{"@Name":"Product","#text":"Microsoft Edge Installer"},{"@Name":"Company","#text":"Microsoft Corporation"},{"@Name":"OriginalFileName","#text":"setup.exe"},{"@Name":"CommandLine","#text":"\"C:\\Program Files (x86)\\Microsoft\\Edge\\Application\\135.0.3179.85\\Installer\\setup.exe\" --configure-user-settings --verbose-logging --system-level --msedge --channel=stable"},{"@Name":"CurrentDirectory","#text":"C:\\Windows\\system32\\"},{"@Name":"User","#text":"SERVER002\\lplui"},{"@Name":"LogonGuid","#text":"dbf410b3-9ee4-6807-60df-030000000000"},{"@Name":"LogonId","#text":"0x3DF60"},{"@Name":"TerminalSessionId","#text":"1"},{"@Name":"IntegrityLevel","#text":"Medium"},{"@Name":"Hashes","#text":"SHA256=502CFD316218C36CF9E4DDF10BDFD4CDE948DDEEE0388E0507133A763804F620"},{"@Name":"ParentProcessGuid","#text":"dbf410b3-9eee-6807-7e00-000000003f00"},{"@Name":"ParentProcessId","#text":"5256"},{"@Name":"ParentImage","#text":"C:\\Windows\\explorer.exe"},{"@Name":"ParentCommandLine","#text":"C:\\Windows\\Explorer.EXE"},{"@Name":"ParentUser","#text":"SERVER002\\lplui"}]}}}
{"Event":{"System":{"Provider":{"@Name":"Microsoft-Windows-Sysmon","@Guid":"5770385f-c22a-43e0-bf4c-06f5698ffbd9"},"EventID":"1","Version":"5","Level":"4","Task":"1","Opcode":"0","Keywords":"0x8000000000000000","TimeCreated":{"@SystemTime":"2025-04-22 13:51:57.6419416"},"EventRecordID":"36862","Correlation":null,"Execution":{"@ProcessID":"2984","@ThreadID":"4008"},"Channel":"Microsoft-Windows-Sysmon/Operational","Computer":"Server002","Security":{"@UserID":"S-1-5-18"}},"EventData":{"Data":[{"@Name":"RuleName","#text":"-"},{"@Name":"UtcTime","#text":"2025-04-22 13:51:57.600"},{"@Name":"ProcessGuid","#text":"dbf410b3-9efd-6807-ab00-000000003f00"},{"@Name":"ProcessId","#text":"1548"},{"@Name":"Image","#text":"C:\\Program Files (x86)\\Microsoft\\Edge\\Application\\135.0.3179.85\\Installer\\setup.exe"},{"@Name":"FileVersion","#text":"135.0.3179.85"},{"@Name":"Description","#text":"Microsoft Edge Installer"},{"@Name":"Product","#text":"Microsoft Edge Installer"},{"@Name":"Company","#text":"Microsoft Corporation"},{"@Name":"OriginalFileName","#text":"setup.exe"},{"@Name":"CommandLine","#text":"\"C:\\Program Files (x86)\\Microsoft\\Edge\\Application\\135.0.3179.85\\Installer\\setup.exe\" --type=crashpad-handler /prefetch:4 --monitor-self-annotation=ptype=crashpad-handler \"--database=C:\\Users\\TEMP\\AppData\\Local\\Microsoft\\Edge\\User Data\\Crashpad\" --annotation=IsOfficialBuild=1 --annotation=channel= --annotation=chromium-version=135.0.7049.96 \"--annotation=exe=C:\\Program Files (x86)\\Microsoft\\Edge\\Application\\135.0.3179.85\\Installer\\setup.exe\" --annotation=plat=Win64 --annotation=prod=Edge --annotation=ver=135.0.3179.85 --initial-client-data=0x248,0x24c,0x250,0x224,0x254,0x7ff68eab7608,0x7ff68eab7614,0x7ff68eab7620"},{"@Name":"CurrentDirectory","#text":"C:\\Windows\\system32\\"},{"@Name":"User","#text":"SERVER002\\lplui"},{"@Name":"LogonGuid","#text":"dbf410b3-9ee4-6807-60df-030000000000"},{"@Name":"LogonId","#text":"0x3DF60"},{"@Name":"TerminalSessionId","#text":"1"},{"@Name":"IntegrityLevel","#text":"Medium"},{"@Name":"Hashes","#text":"SHA256=502CFD316218C36CF9E4DDF10BDFD4CDE948DDEEE0388E0507133A763804F620"},{"@Name":"ParentProcessGuid","#text":"dbf410b3-9efd-6807-aa00-000000003f00"},{"@Name":"ParentProcessId","#text":"7152"},{"@Name":"ParentImage","#text":"C:\\Program Files (x86)\\Microsoft\\Edge\\Application\\135.0.3179.85\\Installer\\setup.exe"},{"@Name":"ParentCommandLine","#text":"\"C:\\Program Files (x86)\\Microsoft\\Edge\\Application\\135.0.3179.85\\Installer\\setup.exe\" --configure-user-settings --verbose-logging --system-level --msedge --channel=stable"},{"@Name":"ParentUser","#text":"SERVER002\\lplui"}]}}}
{"Event":{"System":{"Provider":{"@Name":"Microsoft-Windows-Sysmon","@Guid":"5770385f-c22a-43e0-bf4c-06f5698ffbd9"},"EventID":"1","Version":"5","Level":"4","Task":"1","Opcode":"0","Keywords":"0x8000000000000000","TimeCreated":{"@SystemTime":"2025-04-22 13:51:58.0149116"},"EventRecordID":"36863","Correlation":null,"Execution":{"@ProcessID":"2984","@ThreadID":"4008"},"Channel":"Microsoft-Windows-Sysmon/Operational","Computer":"Server002","Security":{"@UserID":"S-1-5-18"}},"EventData":{"Data":[{"@Name":"RuleName","#text":"-"},{"@Name":"UtcTime","#text":"2025-04-22 13:51:57.730"},{"@Name":"ProcessGuid","#text":"dbf410b3-9efd-6807-ac00-000000003f00"},{"@Name":"ProcessId","#text":"6444"},{"@Name":"Image","#text":"C:\\Program Files (x86)\\Microsoft\\Edge\\Application\\135.0.3179.85\\Installer\\setup.exe"},{"@Name":"FileVersion","#text":"135.0.3179.85"},{"@Name":"Description","#text":"Microsoft Edge Installer"},{"@Name":"Product","#text":"Microsoft Edge Installer"},{"@Name":"Company","#text":"Microsoft Corporation"},{"@Name":"OriginalFileName","#text":"setup.exe"},{"@Name":"CommandLine","#text":"\"C:\\Program Files (x86)\\Microsoft\\Edge\\Application\\135.0.3179.85\\Installer\\setup.exe\" --msedge --channel=stable --system-level --verbose-logging --installerdata=\"C:\\Program Files (x86)\\Microsoft\\Edge\\Application\\master_preferences\" --create-shortcuts=1 --install-level=0"},{"@Name":"CurrentDirectory","#text":"C:\\Windows\\system32\\"},{"@Name":"User","#text":"SERVER002\\lplui"},{"@Name":"LogonGuid","#text":"dbf410b3-9ee4-6807-60df-030000000000"},{"@Name":"LogonId","#text":"0x3DF60"},{"@Name":"TerminalSessionId","#text":"1"},{"@Name":"IntegrityLevel","#text":"Medium"},{"@Name":"Hashes","#text":"SHA256=502CFD316218C36CF9E4DDF10BDFD4CDE948DDEEE0388E0507133A763804F620"},{"@Name":"ParentProcessGuid","#text":"dbf410b3-9efd-6807-aa00-000000003f00"},{"@Name":"ParentProcessId","#text":"7152"},{"@Name":"ParentImage","#text":"C:\\Program Files (x86)\\Microsoft\\Edge\\Application\\135.0.3179.85\\Installer\\setup.exe"},{"@Name":"ParentCommandLine","#text":"\"C:\\Program Files (x86)\\Microsoft\\Edge\\Application\\135.0.3179.85\\Installer\\setup.exe\" --configure-user-settings --verbose-logging --system-level --msedge --channel=stable"},{"@Name":"ParentUser","#text":"SERVER002\\lplui"}]}}}
{"Event":{"System":{"Provider":{"@Name":"Microsoft-Windows-Sysmon","@Guid":"5770385f-c22a-43e0-bf4c-06f5698ffbd9"},"EventID":"5","Version":"3","Level":"4","Task":"5","Opcode":"0","Keywords":"0x8000000000000000","TimeCreated":{"@SystemTime":"2025-04-22 13:51:58.5435884"},"EventRecordID":"36864","Correlation":null,"Execution":{"@ProcessID":"2984","@ThreadID":"4008"},"Channel":"Microsoft-Windows-Sysmon/Operational","Computer":"Server002","Security":{"@UserID":"S-1-5-18"}},"EventData":{"Data":[{"@Name":"RuleName","#text":"-"},{"@Name":"UtcTime","#text":"2025-04-22 13:51:58.487"},{"@Name":"ProcessGuid","#text":"dbf410b3-9ef5-6807-9f00-000000003f00"},{"@Name":"ProcessId","#text":"6748"},{"@Name":"Image","#text":"C:\\Windows\\System32\\slui.exe"},{"@Name":"User","#text":"NT AUTHORITY\\NETWORK SERVICE"}]}}}
{"Event":{"System":{"Provider":{"@Name":"Microsoft-Windows-Sysmon","@Guid":"5770385f-c22a-43e0-bf4c-06f5698ffbd9"},"EventID":"1","Version":"5","Level":"4","Task":"1","Opcode":"0","Keywords":"0x8000000000000000","TimeCreated":{"@SystemTime":"2025-04-22 13:51:58.6087351"},"EventRecordID":"36865","Correlation":null,"Execution":{"@ProcessID":"2984","@ThreadID":"4008"},"Channel":"Microsoft-Windows-Sysmon/Operational","Computer":"Server002","Security":{"@UserID":"S-1-5-18"}},"EventData":{"Data":[{"@Name":"RuleName","#text":"-"},{"@Name":"UtcTime","#text":"2025-04-22 13:51:58.547"},{"@Name":"ProcessGuid","#text":"dbf410b3-9efe-6807-ad00-000000003f00"},{"@Name":"ProcessId","#text":"6908"},{"@Name":"Image","#text":"C:\\Program Files (x86)\\Microsoft\\Edge\\Application\\135.0.3179.85\\Installer\\setup.exe"},{"@Name":"FileVersion","#text":"135.0.3179.85"},{"@Name":"Description","#text":"Microsoft Edge Installer"},{"@Name":"Product","#text":"Microsoft Edge Installer"},{"@Name":"Company","#text":"Microsoft Corporation"},{"@Name":"OriginalFileName","#text":"setup.exe"},{"@Name":"CommandLine","#text":"\"C:\\Program Files (x86)\\Microsoft\\Edge\\Application\\135.0.3179.85\\Installer\\setup.exe\" --type=crashpad-handler /prefetch:4 --monitor-self-annotation=ptype=crashpad-handler \"--database=C:\\Users\\TEMP\\AppData\\Local\\Microsoft\\Edge\\User Data\\Crashpad\" --annotation=IsOfficialBuild=1 --annotation=channel= --annotation=chromium-version=135.0.7049.96 \"--annotation=exe=C:\\Program Files (x86)\\Microsoft\\Edge\\Application\\135.0.3179.85\\Installer\\setup.exe\" --annotation=plat=Win64 --annotation=prod=Edge --annotation=ver=135.0.3179.85 --initial-client-data=0x248,0x24c,0x250,0x224,0x254,0x7ff68eab7608,0x7ff68eab7614,0x7ff68eab7620"},{"@Name":"CurrentDirectory","#text":"C:\\Windows\\system32\\"},{"@Name":"User","#text":"SERVER002\\lplui"},{"@Name":"LogonGuid","#text":"dbf410b3-9ee4-6807-60df-030000000000"},{"@Name":"LogonId","#text":"0x3DF60"},{"@Name":"TerminalSessionId","#text":"1"},{"@Name":"IntegrityLevel","#text":"Medium"},{"@Name":"Hashes","#text":"SHA256=502CFD316218C36CF9E4DDF10BDFD4CDE948DDEEE0388E0507133A763804F620"},{"@Name":"ParentProcessGuid","#text":"dbf410b3-9efd-6807-ac00-000000003f00"},{"@Name":"ParentProcessId","#text":"6444"},{"@Name":"ParentImage","#text":"C:\\Program Files (x86)\\Microsoft\\Edge\\Application\\135.0.3179.85\\Installer\\setup.exe"},{"@Name":"ParentCommandLine","#text":"\"C:\\Program Files (x86)\\Microsoft\\Edge\\Application\\135.0.3179.85\\Installer\\setup.exe\" --msedge --channel=stable --system-level --verbose-logging --installerdata=\"C:\\Program Files (x86)\\Microsoft\\Edge\\Application\\master_preferences\" --create-shortcuts=1 --install-level=0"},{"@Name":"ParentUser","#text":"SERVER002\\lplui"}]}}}
{"Event":{"System":{"Provider":{"@Name":"Microsoft-Windows-Sysmon","@Guid":"5770385f-c22a-43e0-bf4c-06f5698ffbd9"},"EventID":"5","Version":"3","Level":"4","Task":"5","Opcode":"0","Keywords":"0x8000000000000000","TimeCreated":{"@SystemTime":"2025-04-22 13:51:58.9948271"},"EventRecordID":"36866","Correlation":null,"Execution":{"@ProcessID":"2984","@ThreadID":"4008"},"Channel":"Microsoft-Windows-Sysmon/Operational","Computer":"Server002","Security":{"@UserID":"S-1-5-18"}},"EventData":{"Data":[{"@Name":"RuleName","#text":"-"},{"@Name":"UtcTime","#text":"2025-04-22 13:51:58.982"},{"@Name":"ProcessGuid","#text":"dbf410b3-9efd-6807-ac00-000000003f00"},{"@Name":"ProcessId","#text":"6444"},{"@Name":"Image","#text":"C:\\Program Files (x86)\\Microsoft\\Edge\\Application\\135.0.3179.85\\Installer\\setup.exe"},{"@Name":"User","#text":"SERVER002\\lplui"}]}}}
{"Event":{"System":{"Provider":{"@Name":"Microsoft-Windows-Sysmon","@Guid":"5770385f-c22a-43e0-bf4c-06f5698ffbd9"},"EventID":"5","Version":"3","Level":"4","Task":"5","Opcode":"0","Keywords":"0x8000000000000000","TimeCreated":{"@SystemTime":"2025-04-22 13:51:59.3194056"},"EventRecordID":"36867","Correlation":null,"Execution":{"@ProcessID":"2984","@ThreadID":"4008"},"Channel":"Microsoft-Windows-Sysmon/Operational","Computer":"Server002","Security":{"@UserID":"S-1-5-18"}},"EventData":{"Data":[{"@Name":"RuleName","#text":"-"},{"@Name":"UtcTime","#text":"2025-04-22 13:51:59.247"},{"@Name":"ProcessGuid","#text":"dbf410b3-9efe-6807-ad00-000000003f00"},{"@Name":"ProcessId","#text":"6908"},{"@Name":"Image","#text":"C:\\Program Files (x86)\\Microsoft\\Edge\\Application\\135.0.3179.85\\Installer\\setup.exe"},{"@Name":"User","#text":"SERVER002\\lplui"}]}}}
{"Event":{"System":{"Provider":{"@Name":"Microsoft-Windows-Sysmon","@Guid":"5770385f-c22a-43e0-bf4c-06f5698ffbd9"},"EventID":"1","Version":"5","Level":"4","Task":"1","Opcode":"0","Keywords":"0x8000000000000000","TimeCreated":{"@SystemTime":"2025-04-22 13:51:59.9520584"},"EventRecordID":"36868","Correlation":null,"Execution":{"@ProcessID":"2984","@ThreadID":"4008"},"Channel":"Microsoft-Windows-Sysmon/Operational","Computer":"Server002","Security":{"@UserID":"S-1-5-18"}},"EventData":{"Data":[{"@Name":"RuleName","#text":"-"},{"@Name":"UtcTime","#text":"2025-04-22 13:51:59.691"},{"@Name":"ProcessGuid","#text":"dbf410b3-9eff-6807-ae00-000000003f00"},{"@Name":"ProcessId","#text":"5696"},{"@Name":"Image","#text":"C:\\Program Files (x86)\\Microsoft\\Edge\\Application\\135.0.3179.85\\Installer\\setup.exe"},{"@Name":"FileVersion","#text":"135.0.3179.85"},{"@Name":"Description","#text":"Microsoft Edge Installer"},{"@Name":"Product","#text":"Microsoft Edge Installer"},{"@Name":"Company","#text":"Microsoft Corporation"},{"@Name":"OriginalFileName","#text":"setup.exe"},{"@Name":"CommandLine","#text":"\"C:\\Program Files (x86)\\Microsoft\\Edge\\Application\\135.0.3179.85\\Installer\\setup.exe\" --msedge --channel=stable --launch-msedge-after-unlock --verbose-logging --system-level"},{"@Name":"CurrentDirectory","#text":"C:\\Program Files (x86)\\Microsoft\\Edge\\Application\\135.0.3179.85\\Installer\\"},{"@Name":"User","#text":"SERVER002\\lplui"},{"@Name":"LogonGuid","#text":"dbf410b3-9ee4-6807-60df-030000000000"},{"@Name":"LogonId","#text":"0x3DF60"},{"@Name":"TerminalSessionId","#text":"1"},{"@Name":"IntegrityLevel","#text":"Medium"},{"@Name":"Hashes","#text":"SHA256=502CFD316218C36CF9E4DDF10BDFD4CDE948DDEEE0388E0507133A763804F620"},{"@Name":"ParentProcessGuid","#text":"dbf410b3-9efd-6807-aa00-000000003f00"},{"@Name":"ParentProcessId","#text":"7152"},{"@Name":"ParentImage","#text":"C:\\Program Files (x86)\\Microsoft\\Edge\\Application\\135.0.3179.85\\Installer\\setup.exe"},{"@Name":"ParentCommandLine","#text":"\"C:\\Program Files (x86)\\Microsoft\\Edge\\Application\\135.0.3179.85\\Installer\\setup.exe\" --configure-user-settings --verbose-logging --system-level --msedge --channel=stable"},{"@Name":"ParentUser","#text":"SERVER002\\lplui"}]}}}
{"Event":{"System":{"Provider":{"@Name":"Microsoft-Windows-Sysmon","@Guid":"5770385f-c22a-43e0-bf4c-06f5698ffbd9"},"EventID":"5","Version":"3","Level":"4","Task":"5","Opcode":"0","Keywords":"0x8000000000000000","TimeCreated":{"@SystemTime":"2025-04-22 13:51:59.9520959"},"EventRecordID":"36869","Correlation":null,"Execution":{"@ProcessID":"2984","@ThreadID":"4008"},"Channel":"Microsoft-Windows-Sysmon/Operational","Computer":"Server002","Security":{"@UserID":"S-1-5-18"}},"EventData":{"Data":[{"@Name":"RuleName","#text":"-"},{"@Name":"UtcTime","#text":"2025-04-22 13:51:59.950"},{"@Name":"ProcessGuid","#text":"dbf410b3-9efd-6807-aa00-000000003f00"},{"@Name":"ProcessId","#text":"7152"},{"@Name":"Image","#text":"C:\\Program Files (x86)\\Microsoft\\Edge\\Application\\135.0.3179.85\\Installer\\setup.exe"},{"@Name":"User","#text":"SERVER002\\lplui"}]}}}
{"Event":{"System":{"Provider":{"@Name":"Microsoft-Windows-Sysmon","@Guid":"5770385f-c22a-43e0-bf4c-06f5698ffbd9"},"EventID":"1","Version":"5","Level":"4","Task":"1","Opcode":"0","Keywords":"0x8000000000000000","TimeCreated":{"@SystemTime":"2025-04-22 13:52:00.0409982"},"EventRecordID":"36870","Correlation":null,"Execution":{"@ProcessID":"2984","@ThreadID":"4008"},"Channel":"Microsoft-Windows-Sysmon/Operational","Computer":"Server002","Security":{"@UserID":"S-1-5-18"}},"EventData":{"Data":[{"@Name":"RuleName","#text":"-"},{"@Name":"UtcTime","#text":"2025-04-22 13:51:59.943"},{"@Name":"ProcessGuid","#text":"dbf410b3-9eff-6807-af00-000000003f00"},{"@Name":"ProcessId","#text":"828"},{"@Name":"Image","#text":"C:\\Windows\\System32\\svchost.exe"},{"@Name":"FileVersion","#text":"10.0.19041.4355 (WinBuild.160101.0800)"},{"@Name":"Description","#text":"Host Process for Windows Services"},{"@Name":"Product","#text":"Microsoft® Windows® Operating System"},{"@Name":"Company","#text":"Microsoft Corporation"},{"@Name":"OriginalFileName","#text":"svchost.exe"},{"@Name":"CommandLine","#text":"C:\\Windows\\System32\\svchost.exe -k LocalSystemNetworkRestricted -p -s WdiSystemHost"},{"@Name":"CurrentDirectory","#text":"C:\\Windows\\system32\\"},{"@Name":"User","#text":"NT AUTHORITY\\SYSTEM"},{"@Name":"LogonGuid","#text":"dbf410b3-baf8-6807-e703-000000000000"},{"@Name":"LogonId","#text":"0x3E7"},{"@Name":"TerminalSessionId","#text":"0"},{"@Name":"IntegrityLevel","#text":"System"},{"@Name":"Hashes","#text":"SHA256=6FC3BF1FDFD76860BE782554F8D25BD32F108DB934D70F4253F1E5F23522E503"},{"@Name":"ParentProcessGuid","#text":"00000000-0000-0000-0000-000000000000"},{"@Name":"ParentProcessId","#text":"652"},{"@Name":"ParentImage","#text":"-"},{"@Name":"ParentCommandLine","#text":"-"},{"@Name":"ParentUser","#text":"-"}]}}}
{"Event":{"System":{"Provider":{"@Name":"Microsoft-Windows-Sysmon","@Guid":"5770385f-c22a-43e0-bf4c-06f5698ffbd9"},"EventID":"5","Version":"3","Level":"4","Task":"5","Opcode":"0","Keywords":"0x8000000000000000","TimeCreated":{"@SystemTime":"2025-04-22 13:52:00.1714592"},"EventRecordID":"36871","Correlation":null,"Execution":{"@ProcessID":"2984","@ThreadID":"4008"},"Channel":"Microsoft-Windows-Sysmon/Operational","Computer":"Server002","Security":{"@UserID":"S-1-5-18"}},"EventData":{"Data":[{"@Name":"RuleName","#text":"-"},{"@Name":"UtcTime","#text":"2025-04-22 13:52:00.146"},{"@Name":"ProcessGuid","#text":"dbf410b3-9efd-6807-ab00-000000003f00"},{"@Name":"ProcessId","#text":"1548"},{"@Name":"Image","#text":"C:\\Program Files (x86)\\Microsoft\\Edge\\Application\\135.0.3179.85\\Installer\\setup.exe"},{"@Name":"User","#text":"SERVER002\\lplui"}]}}}
{"Event":{"System":{"Provider":{"@Name":"Microsoft-Windows-Sysmon","@Guid":"5770385f-c22a-43e0-bf4c-06f5698ffbd9"},"EventID":"5","Version":"3","Level":"4","Task":"5","Opcode":"0","Keywords":"0x8000000000000000","TimeCreated":{"@SystemTime":"2025-04-22 13:52:00.1714919"},"EventRecordID":"36872","Correlation":null,"Execution":{"@ProcessID":"2984","@ThreadID":"4008"},"Channel":"Microsoft-Windows-Sysmon/Operational","Computer":"Server002","Security":{"@UserID":"S-1-5-18"}},"EventData":{"Data":[{"@Name":"RuleName","#text":"-"},{"@Name":"UtcTime","#text":"2025-04-22 13:52:00.161"},{"@Name":"ProcessGuid","#text":"dbf410b3-9ef9-6807-a500-000000003f00"},{"@Name":"ProcessId","#text":"6200"},{"@Name":"Image","#text":"C:\\Windows\\System32\\SIHClient.exe"},{"@Name":"User","#text":"NT AUTHORITY\\SYSTEM"}]}}}
{"Event":{"System":{"Provider":{"@Name":"Microsoft-Windows-Sysmon","@Guid":"5770385f-c22a-43e0-bf4c-06f5698ffbd9"},"EventID":"1","Version":"5","Level":"4","Task":"1","Opcode":"0","Keywords":"0x8000000000000000","TimeCreated":{"@SystemTime":"2025-04-22 13:52:00.4099172"},"EventRecordID":"36873","Correlation":null,"Execution":{"@ProcessID":"2984","@ThreadID":"4008"},"Channel":"Microsoft-Windows-Sysmon/Operational","Computer":"Server002","Security":{"@UserID":"S-1-5-18"}},"EventData":{"Data":[{"@Name":"RuleName","#text":"-"},{"@Name":"UtcTime","#text":"2025-04-22 13:52:00.180"},{"@Name":"ProcessGuid","#text":"dbf410b3-9f00-6807-b000-000000003f00"},{"@Name":"ProcessId","#text":"6880"},{"@Name":"Image","#text":"C:\\Program Files (x86)\\Microsoft\\Edge\\Application\\135.0.3179.85\\Installer\\setup.exe"},{"@Name":"FileVersion","#text":"135.0.3179.85"},{"@Name":"Description","#text":"Microsoft Edge Installer"},{"@Name":"Product","#text":"Microsoft Edge Installer"},{"@Name":"Company","#text":"Microsoft Corporation"},{"@Name":"OriginalFileName","#text":"setup.exe"},{"@Name":"CommandLine","#text":"\"C:\\Program Files (x86)\\Microsoft\\Edge\\Application\\135.0.3179.85\\Installer\\setup.exe\" --type=crashpad-handler /prefetch:4 --monitor-self-annotation=ptype=crashpad-handler \"--database=C:\\Users\\TEMP\\AppData\\Local\\Microsoft\\Edge\\User Data\\Crashpad\" --annotation=IsOfficialBuild=1 --annotation=channel= --annotation=chromium-version=135.0.7049.96 \"--annotation=exe=C:\\Program Files (x86)\\Microsoft\\Edge\\Application\\135.0.3179.85\\Installer\\setup.exe\" --annotation=plat=Win64 --annotation=prod=Edge --annotation=ver=135.0.3179.85 --initial-client-data=0x248,0x24c,0x250,0x224,0x254,0x7ff68eab7608,0x7ff68eab7614,0x7ff68eab7620"},{"@Name":"CurrentDirectory","#text":"C:\\Program Files (x86)\\Microsoft\\Edge\\Application\\135.0.3179.85\\Installer\\"},{"@Name":"User","#text":"SERVER002\\lplui"},{"@Name":"LogonGuid","#text":"dbf410b3-9ee4-6807-60df-030000000000"},{"@Name":"LogonId","#text":"0x3DF60"},{"@Name":"TerminalSessionId","#text":"1"},{"@Name":"IntegrityLevel","#text":"Medium"},{"@Name":"Hashes","#text":"SHA256=502CFD316218C36CF9E4DDF10BDFD4CDE948DDEEE0388E0507133A763804F620"},{"@Name":"ParentProcessGuid","#text":"dbf410b3-9eff-6807-ae00-000000003f00"},{"@Name":"ParentProcessId","#text":"5696"},{"@Name":"ParentImage","#text":"C:\\Program Files (x86)\\Microsoft\\Edge\\Application\\135.0.3179.85\\Installer\\setup.exe"},{"@Name":"ParentCommandLine","#text":"\"C:\\Program Files (x86)\\Microsoft\\Edge\\Application\\135.0.3179.85\\Installer\\setup.exe\" --msedge --channel=stable --launch-msedge-after-unlock --verbose-logging --system-level"},{"@Name":"ParentUser","#text":"SERVER002\\lplui"}]}}}
{"Event":{"System":{"Provider":{"@Name":"Microsoft-Windows-Sysmon","@Guid":"5770385f-c22a-43e0-bf4c-06f5698ffbd9"},"EventID":"1","Version":"5","Level":"4","Task":"1","Opcode":"0","Keywords":"0x8000000000000000","TimeCreated":{"@SystemTime":"2025-04-22 13:52:00.4114913"},"EventRecordID":"36874","Correlation":null,"Execution":{"@ProcessID":"2984","@ThreadID":"4008"},"Channel":"Microsoft-Windows-Sysmon/Operational","Computer":"Server002","Security":{"@UserID":"S-1-5-18"}},"EventData":{"Data":[{"@Name":"RuleName","#text":"-"},{"@Name":"UtcTime","#text":"2025-04-22 13:52:00.215"},{"@Name":"ProcessGuid","#text":"dbf410b3-9f00-6807-b100-000000003f00"},{"@Name":"ProcessId","#text":"6884"},{"@Name":"Image","#text":"C:\\Program Files\\BraveSoftware\\Brave-Browser\\Application\\135.1.77.100\\Installer\\chrmstp.exe"},{"@Name":"FileVersion","#text":"135.1.77.100"},{"@Name":"Description","#text":"Brave Installer"},{"@Name":"Product","#text":"Brave Installer"},{"@Name":"Company","#text":"Brave Software, Inc."},{"@Name":"OriginalFileName","#text":"-"},{"@Name":"CommandLine","#text":"\"C:\\Program Files\\BraveSoftware\\Brave-Browser\\Application\\135.1.77.100\\Installer\\chrmstp.exe\" --configure-user-settings --verbose-logging --system-level"},{"@Name":"CurrentDirectory","#text":"C:\\Windows\\system32\\"},{"@Name":"User","#text":"SERVER002\\lplui"},{"@Name":"LogonGuid","#text":"dbf410b3-9ee4-6807-60df-030000000000"},{"@Name":"LogonId","#text":"0x3DF60"},{"@Name":"TerminalSessionId","#text":"1"},{"@Name":"IntegrityLevel","#text":"Medium"},{"@Name":"Hashes","#text":"SHA256=56152866769114F690372407E0C49B6A735238E6037B5A56B96B95C0ED6204A6"},{"@Name":"ParentProcessGuid","#text":"dbf410b3-9eee-6807-7e00-000000003f00"},{"@Name":"ParentProcessId","#text":"5256"},{"@Name":"ParentImage","#text":"C:\\Windows\\explorer.exe"},{"@Name":"ParentCommandLine","#text":"C:\\Windows\\Explorer.EXE"},{"@Name":"ParentUser","#text":"SERVER002\\lplui"}]}}}
{"Event":{"System":{"Provider":{"@Name":"Microsoft-Windows-Sysmon","@Guid":"5770385f-c22a-43e0-bf4c-06f5698ffbd9"},"EventID":"1","Version":"5","Level":"4","Task":"1","Opcode":"0","Keywords":"0x8000000000000000","TimeCreated":{"@SystemTime":"2025-04-22 13:52:00.5717726"},"EventRecordID":"36875","Correlation":null,"Execution":{"@ProcessID":"2984","@ThreadID":"4008"},"Channel":"Microsoft-Windows-Sysmon/Operational","Computer":"Server002","Security":{"@UserID":"S-1-5-18"}},"EventData":{"Data":[{"@Name":"RuleName","#text":"-"},{"@Name":"UtcTime","#text":"2025-04-22 13:52:00.436"},{"@Name":"ProcessGuid","#text":"dbf410b3-9f00-6807-b200-000000003f00"},{"@Name":"ProcessId","#text":"5196"},{"@Name":"Image","#text":"C:\\Windows\\System32\\svchost.exe"},{"@Name":"FileVersion","#text":"10.0.19041.4355 (WinBuild.160101.0800)"},{"@Name":"Description","#text":"Host Process for Windows Services"},{"@Name":"Product","#text":"Microsoft® Windows® Operating System"},{"@Name":"Company","#text":"Microsoft Corporation"},{"@Name":"OriginalFileName","#text":"svchost.exe"},{"@Name":"CommandLine","#text":"C:\\Windows\\system32\\svchost.exe -k LocalSystemNetworkRestricted -p -s PcaSvc"},{"@Name":"CurrentDirectory","#text":"C:\\Windows\\system32\\"},{"@Name":"User","#text":"NT AUTHORITY\\SYSTEM"},{"@Name":"LogonGuid","#text":"dbf410b3-baf8-6807-e703-000000000000"},{"@Name":"LogonId","#text":"0x3E7"},{"@Name":"TerminalSessionId","#text":"0"},{"@Name":"IntegrityLevel","#text":"System"},{"@Name":"Hashes","#text":"SHA256=6FC3BF1FDFD76860BE782554F8D25BD32F108DB934D70F4253F1E5F23522E503"},{"@Name":"ParentProcessGuid","#text":"00000000-0000-0000-0000-000000000000"},{"@Name":"ParentProcessId","#text":"652"},{"@Name":"ParentImage","#text":"-"},{"@Name":"ParentCommandLine","#text":"-"},{"@Name":"ParentUser","#text":"-"}]}}}
{"Event":{"System":{"Provider":{"@Name":"Microsoft-Windows-Sysmon","@Guid":"5770385f-c22a-43e0-bf4c-06f5698ffbd9"},"EventID":"1","Version":"5","Level":"4","Task":"1","Opcode":"0","Keywords":"0x8000000000000000","TimeCreated":{"@SystemTime":"2025-04-22 13:52:00.6112921"},"EventRecordID":"36876","Correlation":null,"Execution":{"@ProcessID":"2984","@ThreadID":"4008"},"Channel":"Microsoft-Windows-Sysmon/Operational","Computer":"Server002","Security":{"@UserID":"S-1-5-18"}},"EventData":{"Data":[{"@Name":"RuleName","#text":"-"},{"@Name":"UtcTime","#text":"2025-04-22 13:52:00.529"},{"@Name":"ProcessGuid","#text":"dbf410b3-9f00-6807-b300-000000003f00"},{"@Name":"ProcessId","#text":"7152"},{"@Name":"Image","#text":"C:\\Program Files\\BraveSoftware\\Brave-Browser\\Application\\135.1.77.100\\Installer\\chrmstp.exe"},{"@Name":"FileVersion","#text":"135.1.77.100"},{"@Name":"Description","#text":"Brave Installer"},{"@Name":"Product","#text":"Brave Installer"},{"@Name":"Company","#text":"Brave Software, Inc."},{"@Name":"OriginalFileName","#text":"-"},{"@Name":"CommandLine","#text":"\"C:\\Program Files\\BraveSoftware\\Brave-Browser\\Application\\135.1.77.100\\Installer\\chrmstp.exe\" --type=crashpad-handler /prefetch:4 --monitor-self-annotation=ptype=crashpad-handler --database=C:\\Windows\\TEMP\\Crashpad --url=https://cr.brave.com --annotation=plat=Win64 --annotation=prod=Brave --annotation=ver=135.1.77.100 --initial-client-data=0x29c,0x2a0,0x2a4,0x278,0x2a8,0x7ff6f445f2d0,0x7ff6f445f2dc,0x7ff6f445f2e8"},{"@Name":"CurrentDirectory","#text":"C:\\Windows\\system32\\"},{"@Name":"User","#text":"SERVER002\\lplui"},{"@Name":"LogonGuid","#text":"dbf410b3-9ee4-6807-60df-030000000000"},{"@Name":"LogonId","#text":"0x3DF60"},{"@Name":"TerminalSessionId","#text":"1"},{"@Name":"IntegrityLevel","#text":"Medium"},{"@Name":"Hashes","#text":"SHA256=56152866769114F690372407E0C49B6A735238E6037B5A56B96B95C0ED6204A6"},{"@Name":"ParentProcessGuid","#text":"dbf410b3-9f00-6807-b100-000000003f00"},{"@Name":"ParentProcessId","#text":"6884"},{"@Name":"ParentImage","#text":"C:\\Program Files\\BraveSoftware\\Brave-Browser\\Application\\135.1.77.100\\Installer\\chrmstp.exe"},{"@Name":"ParentCommandLine","#text":"\"C:\\Program Files\\BraveSoftware\\Brave-Browser\\Application\\135.1.77.100\\Installer\\chrmstp.exe\" --configure-user-settings --verbose-logging --system-level"},{"@Name":"ParentUser","#text":"SERVER002\\lplui"}]}}}
{"Event":{"System":{"Provider":{"@Name":"Microsoft-Windows-Sysmon","@Guid":"5770385f-c22a-43e0-bf4c-06f5698ffbd9"},"EventID":"1","Version":"5","Level":"4","Task":"1","Opcode":"0","Keywords":"0x8000000000000000","TimeCreated":{"@SystemTime":"2025-04-22 13:52:00.6881810"},"EventRecordID":"36877","Correlation":null,"Execution":{"@ProcessID":"2984","@ThreadID":"4008"},"Channel":"Microsoft-Windows-Sysmon/Operational","Computer":"Server002","Security":{"@UserID":"S-1-5-18"}},"EventData":{"Data":[{"@Name":"RuleName","#text":"-"},{"@Name":"UtcTime","#text":"2025-04-22 13:52:00.660"},{"@Name":"ProcessGuid","#text":"dbf410b3-9f00-6807-b400-000000003f00"},{"@Name":"ProcessId","#text":"1548"},{"@Name":"Image","#text":"C:\\Windows\\System32\\svchost.exe"},{"@Name":"FileVersion","#text":"10.0.19041.4355 (WinBuild.160101.0800)"},{"@Name":"Description","#text":"Host Process for Windows Services"},{"@Name":"Product","#text":"Microsoft® Windows® Operating System"},{"@Name":"Company","#text":"Microsoft Corporation"},{"@Name":"OriginalFileName","#text":"svchost.exe"},{"@Name":"CommandLine","#text":"C:\\Windows\\system32\\svchost.exe -k appmodel -p -s camsvc"},{"@Name":"CurrentDirectory","#text":"C:\\Windows\\system32\\"},{"@Name":"User","#text":"NT AUTHORITY\\SYSTEM"},{"@Name":"LogonGuid","#text":"dbf410b3-baf8-6807-e703-000000000000"},{"@Name":"LogonId","#text":"0x3E7"},{"@Name":"TerminalSessionId","#text":"0"},{"@Name":"IntegrityLevel","#text":"System"},{"@Name":"Hashes","#text":"SHA256=6FC3BF1FDFD76860BE782554F8D25BD32F108DB934D70F4253F1E5F23522E503"},{"@Name":"ParentProcessGuid","#text":"00000000-0000-0000-0000-000000000000"},{"@Name":"ParentProcessId","#text":"652"},{"@Name":"ParentImage","#text":"-"},{"@Name":"ParentCommandLine","#text":"-"},{"@Name":"ParentUser","#text":"-"}]}}}
{"Event":{"System":{"Provider":{"@Name":"Microsoft-Windows-Sysmon","@Guid":"5770385f-c22a-43e0-bf4c-06f5698ffbd9"},"EventID":"1","Version":"5","Level":"4","Task":"1","Opcode":"0","Keywords":"0x8000000000000000","TimeCreated":{"@SystemTime":"2025-04-22 13:52:00.7583875"},"EventRecordID":"36878","Correlation":null,"Execution":{"@ProcessID":"2984","@ThreadID":"4008"},"Channel":"Microsoft-Windows-Sysmon/Operational","Computer":"Server002","Security":{"@UserID":"S-1-5-18"}},"EventData":{"Data":[{"@Name":"RuleName","#text":"-"},{"@Name":"UtcTime","#text":"2025-04-22 13:52:00.741"},{"@Name":"ProcessGuid","#text":"dbf410b3-9f00-6807-b500-000000003f00"},{"@Name":"ProcessId","#text":"7180"},{"@Name":"Image","#text":"C:\\Program Files\\BraveSoftware\\Brave-Browser\\Application\\135.1.77.100\\Installer\\chrmstp.exe"},{"@Name":"FileVersion","#text":"135.1.77.100"},{"@Name":"Description","#text":"Brave Installer"},{"@Name":"Product","#text":"Brave Installer"},{"@Name":"Company","#text":"Brave Software, Inc."},{"@Name":"OriginalFileName","#text":"-"},{"@Name":"CommandLine","#text":"\"C:\\Program Files\\BraveSoftware\\Brave-Browser\\Application\\135.1.77.100\\Installer\\chrmstp.exe\" --system-level --verbose-logging --installerdata=\"C:\\Program Files\\BraveSoftware\\Brave-Browser\\Application\\initial_preferences\" --create-shortcuts=1 --install-level=0"},{"@Name":"CurrentDirectory","#text":"C:\\Windows\\system32\\"},{"@Name":"User","#text":"SERVER002\\lplui"},{"@Name":"LogonGuid","#text":"dbf410b3-9ee4-6807-60df-030000000000"},{"@Name":"LogonId","#text":"0x3DF60"},{"@Name":"TerminalSessionId","#text":"1"},{"@Name":"IntegrityLevel","#text":"Medium"},{"@Name":"Hashes","#text":"SHA256=56152866769114F690372407E0C49B6A735238E6037B5A56B96B95C0ED6204A6"},{"@Name":"ParentProcessGuid","#text":"dbf410b3-9f00-6807-b100-000000003f00"},{"@Name":"ParentProcessId","#text":"6884"},{"@Name":"ParentImage","#text":"C:\\Program Files\\BraveSoftware\\Brave-Browser\\Application\\135.1.77.100\\Installer\\chrmstp.exe"},{"@Name":"ParentCommandLine","#text":"\"C:\\Program Files\\BraveSoftware\\Brave-Browser\\Application\\135.1.77.100\\Installer\\chrmstp.exe\" --configure-user-settings --verbose-logging --system-level"},{"@Name":"ParentUser","#text":"SERVER002\\lplui"}]}}}
{"Event":{"System":{"Provider":{"@Name":"Microsoft-Windows-Sysmon","@Guid":"5770385f-c22a-43e0-bf4c-06f5698ffbd9"},"EventID":"1","Version":"5","Level":"4","Task":"1","Opcode":"0","Keywords":"0x8000000000000000","TimeCreated":{"@SystemTime":"2025-04-22 13:52:00.8197716"},"EventRecordID":"36879","Correlation":null,"Execution":{"@ProcessID":"2984","@ThreadID":"4008"},"Channel":"Microsoft-Windows-Sysmon/Operational","Computer":"Server002","Security":{"@UserID":"S-1-5-18"}},"EventData":{"Data":[{"@Name":"RuleName","#text":"-"},{"@Name":"UtcTime","#text":"2025-04-22 13:52:00.800"},{"@Name":"ProcessGuid","#text":"dbf410b3-9f00-6807-b600-000000003f00"},{"@Name":"ProcessId","#text":"7208"},{"@Name":"Image","#text":"C:\\Program Files\\BraveSoftware\\Brave-Browser\\Application\\135.1.77.100\\Installer\\chrmstp.exe"},{"@Name":"FileVersion","#text":"135.1.77.100"},{"@Name":"Description","#text":"Brave Installer"},{"@Name":"Product","#text":"Brave Installer"},{"@Name":"Company","#text":"Brave Software, Inc."},{"@Name":"OriginalFileName","#text":"-"},{"@Name":"CommandLine","#text":"\"C:\\Program Files\\BraveSoftware\\Brave-Browser\\Application\\135.1.77.100\\Installer\\chrmstp.exe\" --type=crashpad-handler /prefetch:4 --monitor-self-annotation=ptype=crashpad-handler --database=C:\\Windows\\TEMP\\Crashpad --url=https://cr.brave.com --annotation=plat=Win64 --annotation=prod=Brave --annotation=ver=135.1.77.100 --initial-client-data=0x29c,0x2a0,0x2a4,0x278,0x2a8,0x7ff6f445f2d0,0x7ff6f445f2dc,0x7ff6f445f2e8"},{"@Name":"CurrentDirectory","#text":"C:\\Windows\\system32\\"},{"@Name":"User","#text":"SERVER002\\lplui"},{"@Name":"LogonGuid","#text":"dbf410b3-9ee4-6807-60df-030000000000"},{"@Name":"LogonId","#text":"0x3DF60"},{"@Name":"TerminalSessionId","#text":"1"},{"@Name":"IntegrityLevel","#text":"Medium"},{"@Name":"Hashes","#text":"SHA256=56152866769114F690372407E0C49B6A735238E6037B5A56B96B95C0ED6204A6"},{"@Name":"ParentProcessGuid","#text":"dbf410b3-9f00-6807-b500-000000003f00"},{"@Name":"ParentProcessId","#text":"7180"},{"@Name":"ParentImage","#text":"C:\\Program Files\\BraveSoftware\\Brave-Browser\\Application\\135.1.77.100\\Installer\\chrmstp.exe"},{"@Name":"ParentCommandLine","#text":"\"C:\\Program Files\\BraveSoftware\\Brave-Browser\\Application\\135.1.77.100\\Installer\\chrmstp.exe\" --system-level --verbose-logging --installerdata=\"C:\\Program Files\\BraveSoftware\\Brave-Browser\\Application\\initial_preferences\" --create-shortcuts=1 --install-level=0"},{"@Name":"ParentUser","#text":"SERVER002\\lplui"}]}}}
{"Event":{"System":{"Provider":{"@Name":"Microsoft-Windows-Sysmon","@Guid":"5770385f-c22a-43e0-bf4c-06f5698ffbd9"},"EventID":"5","Version":"3","Level":"4","Task":"5","Opcode":"0","Keywords":"0x8000000000000000","TimeCreated":{"@SystemTime":"2025-04-22 13:52:01.0327155"},"EventRecordID":"36880","Correlation":null,"Execution":{"@ProcessID":"2984","@ThreadID":"4008"},"Channel":"Microsoft-Windows-Sysmon/Operational","Computer":"Server002","Security":{"@UserID":"S-1-5-18"}},"EventData":{"Data":[{"@Name":"RuleName","#text":"-"},{"@Name":"UtcTime","#text":"2025-04-22 13:52:01.002"},{"@Name":"ProcessGuid","#text":"dbf410b3-9f00-6807-b500-000000003f00"},{"@Name":"ProcessId","#text":"7180"},{"@Name":"Image","#text":"C:\\Program Files\\BraveSoftware\\Brave-Browser\\Application\\135.1.77.100\\Installer\\chrmstp.exe"},{"@Name":"User","#text":"SERVER002\\lplui"}]}}}
{"Event":{"System":{"Provider":{"@Name":"Microsoft-Windows-Sysmon","@Guid":"5770385f-c22a-43e0-bf4c-06f5698ffbd9"},"EventID":"1","Version":"5","Level":"4","Task":"1","Opcode":"0","Keywords":"0x8000000000000000","TimeCreated":{"@SystemTime":"2025-04-22 13:52:01.0350781"},"EventRecordID":"36881","Correlation":null,"Execution":{"@ProcessID":"2984","@ThreadID":"4008"},"Channel":"Microsoft-Windows-Sysmon/Operational","Computer":"Server002","Security":{"@UserID":"S-1-5-18"}},"EventData":{"Data":[{"@Name":"RuleName","#text":"-"},{"@Name":"UtcTime","#text":"2025-04-22 13:52:00.987"},{"@Name":"ProcessGuid","#text":"dbf410b3-9f00-6807-b700-000000003f00"},{"@Name":"ProcessId","#text":"7260"},{"@Name":"Image","#text":"C:\\Windows\\System32\\rundll32.exe"},{"@Name":"FileVersion","#text":"10.0.19041.4648 (WinBuild.160101.0800)"},{"@Name":"Description","#text":"Windows host process (Rundll32)"},{"@Name":"Product","#text":"Microsoft® Windows® Operating System"},{"@Name":"Company","#text":"Microsoft Corporation"},{"@Name":"OriginalFileName","#text":"RUNDLL32.EXE"},{"@Name":"CommandLine","#text":"rundll32.exe AppXDeploymentExtensions.OneCore.dll,ShellRefresh"},{"@Name":"CurrentDirectory","#text":"C:\\Windows\\system32\\"},{"@Name":"User","#text":"SERVER002\\lplui"},{"@Name":"LogonGuid","#text":"dbf410b3-9ee4-6807-60df-030000000000"},{"@Name":"LogonId","#text":"0x3DF60"},{"@Name":"TerminalSessionId","#text":"1"},{"@Name":"IntegrityLevel","#text":"Medium"},{"@Name":"Hashes","#text":"SHA256=770832DA77324F205306B4D89C02BA2B98DCE87207A82D4BF9B1D076608862D6"},{"@Name":"ParentProcessGuid","#text":"dbf410b3-9ee1-6807-5800-000000003f00"},{"@Name":"ParentProcessId","#text":"3108"},{"@Name":"ParentImage","#text":"C:\\Windows\\System32\\svchost.exe"},{"@Name":"ParentCommandLine","#text":"C:\\Windows\\system32\\svchost.exe -k wsappx -p -s AppXSvc"},{"@Name":"ParentUser","#text":"NT AUTHORITY\\SYSTEM"}]}}}
{"Event":{"System":{"Provider":{"@Name":"Microsoft-Windows-Sysmon","@Guid":"5770385f-c22a-43e0-bf4c-06f5698ffbd9"},"EventID":"5","Version":"3","Level":"4","Task":"5","Opcode":"0","Keywords":"0x8000000000000000","TimeCreated":{"@SystemTime":"2025-04-22 13:52:01.1084328"},"EventRecordID":"36882","Correlation":null,"Execution":{"@ProcessID":"2984","@ThreadID":"4008"},"Channel":"Microsoft-Windows-Sysmon/Operational","Computer":"Server002","Security":{"@UserID":"S-1-5-18"}},"EventData":{"Data":[{"@Name":"RuleName","#text":"-"},{"@Name":"UtcTime","#text":"2025-04-22 13:52:01.069"},{"@Name":"ProcessGuid","#text":"dbf410b3-9f00-6807-b100-000000003f00"},{"@Name":"ProcessId","#text":"6884"},{"@Name":"Image","#text":"C:\\Program Files\\BraveSoftware\\Brave-Browser\\Application\\135.1.77.100\\Installer\\chrmstp.exe"},{"@Name":"User","#text":"SERVER002\\lplui"}]}}}
{"Event":{"System":{"Provider":{"@Name":"Microsoft-Windows-Sysmon","@Guid":"5770385f-c22a-43e0-bf4c-06f5698ffbd9"},"EventID":"5","Version":"3","Level":"4","Task":"5","Opcode":"0","Keywords":"0x8000000000000000","TimeCreated":{"@SystemTime":"2025-04-22 13:52:01.1518836"},"EventRecordID":"36883","Correlation":null,"Execution":{"@ProcessID":"2984","@ThreadID":"4008"},"Channel":"Microsoft-Windows-Sysmon/Operational","Computer":"Server002","Security":{"@UserID":"S-1-5-18"}},"EventData":{"Data":[{"@Name":"RuleName","#text":"-"},{"@Name":"UtcTime","#text":"2025-04-22 13:52:01.123"},{"@Name":"ProcessGuid","#text":"dbf410b3-9f00-6807-b600-000000003f00"},{"@Name":"ProcessId","#text":"7208"},{"@Name":"Image","#text":"C:\\Program Files\\BraveSoftware\\Brave-Browser\\Application\\135.1.77.100\\Installer\\chrmstp.exe"},{"@Name":"User","#text":"SERVER002\\lplui"}]}}}
{"Event":{"System":{"Provider":{"@Name":"Microsoft-Windows-Sysmon","@Guid":"5770385f-c22a-43e0-bf4c-06f5698ffbd9"},"EventID":"5","Version":"3","Level":"4","Task":"5","Opcode":"0","Keywords":"0x8000000000000000","TimeCreated":{"@SystemTime":"2025-04-22 13:52:01.1903999"},"EventRecordID":"36884","Correlation":null,"Execution":{"@ProcessID":"2984","@ThreadID":"4008"},"Channel":"Microsoft-Windows-Sysmon/Operational","Computer":"Server002","Security":{"@UserID":"S-1-5-18"}},"EventData":{"Data":[{"@Name":"RuleName","#text":"-"},{"@Name":"UtcTime","#text":"2025-04-22 13:52:01.153"},{"@Name":"ProcessGuid","#text":"dbf410b3-9f00-6807-b300-000000003f00"},{"@Name":"ProcessId","#text":"7152"},{"@Name":"Image","#text":"C:\\Program Files\\BraveSoftware\\Brave-Browser\\Application\\135.1.77.100\\Installer\\chrmstp.exe"},{"@Name":"User","#text":"SERVER002\\lplui"}]}}}
{"Event":{"System":{"Provider":{"@Name":"Microsoft-Windows-Sysmon","@Guid":"5770385f-c22a-43e0-bf4c-06f5698ffbd9"},"EventID":"1","Version":"5","Level":"4","Task":"1","Opcode":"0","Keywords":"0x8000000000000000","TimeCreated":{"@SystemTime":"2025-04-22 13:52:01.5267924"},"EventRecordID":"36885","Correlation":null,"Execution":{"@ProcessID":"2984","@ThreadID":"4008"},"Channel":"Microsoft-Windows-Sysmon/Operational","Computer":"Server002","Security":{"@UserID":"S-1-5-18"}},"EventData":{"Data":[{"@Name":"RuleName","#text":"-"},{"@Name":"UtcTime","#text":"2025-04-22 13:52:01.490"},{"@Name":"ProcessGuid","#text":"dbf410b3-9f01-6807-b800-000000003f00"},{"@Name":"ProcessId","#text":"7368"},{"@Name":"Image","#text":"C:\\Windows\\System32\\consent.exe"},{"@Name":"FileVersion","#text":"10.0.19041.4355 (WinBuild.160101.0800)"},{"@Name":"Description","#text":"Consent UI for administrative applications"},{"@Name":"Product","#text":"Microsoft® Windows® Operating System"},{"@Name":"Company","#text":"Microsoft Corporation"},{"@Name":"OriginalFileName","#text":"consent.exe"},{"@Name":"CommandLine","#text":"consent.exe 5600 318 0000027AEB039A90"},{"@Name":"CurrentDirectory","#text":"C:\\Windows\\system32\\"},{"@Name":"User","#text":"NT AUTHORITY\\SYSTEM"},{"@Name":"LogonGuid","#text":"dbf410b3-baf8-6807-e703-000000000000"},{"@Name":"LogonId","#text":"0x3E7"},{"@Name":"TerminalSessionId","#text":"1"},{"@Name":"IntegrityLevel","#text":"System"},{"@Name":"Hashes","#text":"SHA256=26DE462FC57F7F99CB5105AB6278594B6390F4EC8DAF3CF400DB46EA60538312"},{"@Name":"ParentProcessGuid","#text":"dbf410b3-9eeb-6807-6e00-000000003f00"},{"@Name":"ParentProcessId","#text":"5600"},{"@Name":"ParentImage","#text":"C:\\Windows\\System32\\svchost.exe"},{"@Name":"ParentCommandLine","#text":"C:\\Windows\\system32\\svchost.exe -k netsvcs -p -s Appinfo"},{"@Name":"ParentUser","#text":"NT AUTHORITY\\SYSTEM"}]}}}
{"Event":{"System":{"Provider":{"@Name":"Microsoft-Windows-Sysmon","@Guid":"5770385f-c22a-43e0-bf4c-06f5698ffbd9"},"EventID":"5","Version":"3","Level":"4","Task":"5","Opcode":"0","Keywords":"0x8000000000000000","TimeCreated":{"@SystemTime":"2025-04-22 13:52:01.9082369"},"EventRecordID":"36886","Correlation":null,"Execution":{"@ProcessID":"2984","@ThreadID":"4008"},"Channel":"Microsoft-Windows-Sysmon/Operational","Computer":"Server002","Security":{"@UserID":"S-1-5-18"}},"EventData":{"Data":[{"@Name":"RuleName","#text":"-"},{"@Name":"UtcTime","#text":"2025-04-22 13:52:01.888"},{"@Name":"ProcessGuid","#text":"dbf410b3-9f01-6807-b800-000000003f00"},{"@Name":"ProcessId","#text":"7368"},{"@Name":"Image","#text":"C:\\Windows\\System32\\consent.exe"},{"@Name":"User","#text":"NT AUTHORITY\\SYSTEM"}]}}}
{"Event":{"System":{"Provider":{"@Name":"Microsoft-Windows-Sysmon","@Guid":"5770385f-c22a-43e0-bf4c-06f5698ffbd9"},"EventID":"1","Version":"5","Level":"4","Task":"1","Opcode":"0","Keywords":"0x8000000000000000","TimeCreated":{"@SystemTime":"2025-04-22 13:52:02.1508309"},"EventRecordID":"36887","Correlation":null,"Execution":{"@ProcessID":"2984","@ThreadID":"4008"},"Channel":"Microsoft-Windows-Sysmon/Operational","Computer":"Server002","Security":{"@UserID":"S-1-5-18"}},"EventData":{"Data":[{"@Name":"RuleName","#text":"-"},{"@Name":"UtcTime","#text":"2025-04-22 13:52:02.041"},{"@Name":"ProcessGuid","#text":"dbf410b3-9f02-6807-b900-000000003f00"},{"@Name":"ProcessId","#text":"7412"},{"@Name":"Image","#text":"C:\\Windows\\System32\\dllhost.exe"},{"@Name":"FileVersion","#text":"10.0.19041.3636 (WinBuild.160101.0800)"},{"@Name":"Description","#text":"COM Surrogate"},{"@Name":"Product","#text":"Microsoft® Windows® Operating System"},{"@Name":"Company","#text":"Microsoft Corporation"},{"@Name":"OriginalFileName","#text":"dllhost.exe"},{"@Name":"CommandLine","#text":"C:\\Windows\\system32\\DllHost.exe /Processid:{CA8C87C1-929D-45BA-94DB-EF8E6CB346AD}"},{"@Name":"CurrentDirectory","#text":"C:\\Windows\\system32\\"},{"@Name":"User","#text":"SERVER002\\lplui"},{"@Name":"LogonGuid","#text":"dbf410b3-9ee4-6807-4fde-030000000000"},{"@Name":"LogonId","#text":"0x3DE4F"},{"@Name":"TerminalSessionId","#text":"1"},{"@Name":"IntegrityLevel","#text":"High"},{"@Name":"Hashes","#text":"SHA256=0309834D40475CCD5A88C48F7FF5EC62E5C6798900357DD83665C3D0345124E0"},{"@Name":"ParentProcessGuid","#text":"00000000-0000-0000-0000-000000000000"},{"@Name":"ParentProcessId","#text":"764"},{"@Name":"ParentImage","#text":"-"},{"@Name":"ParentCommandLine","#text":"-"},{"@Name":"ParentUser","#text":"-"}]}}}
{"Event":{"System":{"Provider":{"@Name":"Microsoft-Windows-Sysmon","@Guid":"5770385f-c22a-43e0-bf4c-06f5698ffbd9"},"EventID":"1","Version":"5","Level":"4","Task":"1","Opcode":"0","Keywords":"0x8000000000000000","TimeCreated":{"@SystemTime":"2025-04-22 13:52:04.4097632"},"EventRecordID":"36888","Correlation":null,"Execution":{"@ProcessID":"2984","@ThreadID":"4008"},"Channel":"Microsoft-Windows-Sysmon/Operational","Computer":"Server002","Security":{"@UserID":"S-1-5-18"}},"EventData":{"Data":[{"@Name":"RuleName","#text":"-"},{"@Name":"UtcTime","#text":"2025-04-22 13:52:04.343"},{"@Name":"ProcessGuid","#text":"dbf410b3-9f04-6807-ba00-000000003f00"},{"@Name":"ProcessId","#text":"7536"},{"@Name":"Image","#text":"C:\\Windows\\System32\\backgroundTaskHost.exe"},{"@Name":"FileVersion","#text":"10.0.19041.3636 (WinBuild.160101.0800)"},{"@Name":"Description","#text":"Background Task Host"},{"@Name":"Product","#text":"Microsoft® Windows® Operating System"},{"@Name":"Company","#text":"Microsoft Corporation"},{"@Name":"OriginalFileName","#text":"backgroundTaskHost.exe"},{"@Name":"CommandLine","#text":"\"C:\\Windows\\system32\\BackgroundTaskHost.exe\" -ServerName:BackgroundTaskHost.WebAccountProvider"},{"@Name":"CurrentDirectory","#text":"C:\\Windows\\SystemApps\\Microsoft.AAD.BrokerPlugin_cw5n1h2txyewy\\"},{"@Name":"User","#text":"SERVER002\\lplui"},{"@Name":"LogonGuid","#text":"dbf410b3-9ee4-6807-60df-030000000000"},{"@Name":"LogonId","#text":"0x3DF60"},{"@Name":"TerminalSessionId","#text":"1"},{"@Name":"IntegrityLevel","#text":"AppContainer"},{"@Name":"Hashes","#text":"SHA256=7077CBF56490C86FC74C0CC6C0379AB679F06A066E71906AD23458F664836449"},{"@Name":"ParentProcessGuid","#text":"00000000-0000-0000-0000-000000000000"},{"@Name":"ParentProcessId","#text":"764"},{"@Name":"ParentImage","#text":"-"},{"@Name":"ParentCommandLine","#text":"-"},{"@Name":"ParentUser","#text":"-"}]}}}
