{"Event":{"System":{"Provider":{"@Name":"Microsoft-Windows-Sysmon","@Guid":"5770385f-c22a-43e0-bf4c-06f5698ffbd9"},"EventID":"1","Version":"5","Level":"4","Task":"1","Opcode":"0","Keywords":"0x8000000000000000","TimeCreated":{"@SystemTime":"2025-04-23 19:16:05.5624689"},"EventRecordID":"45476","Correlation":null,"Execution":{"@ProcessID":"3244","@ThreadID":"3828"},"Channel":"Microsoft-Windows-Sysmon/Operational","Computer":"Server002","Security":{"@UserID":"S-1-5-18"}},"EventData":{"Data":[{"@Name":"RuleName","#text":"-"},{"@Name":"UtcTime","#text":"2025-04-23 19:16:05.556"},{"@Name":"ProcessGuid","#text":"dbf410b3-3c75-6809-2303-000000004100"},{"@Name":"ProcessId","#text":"2620"},{"@Name":"Image","#text":"C:\\Windows\\Microsoft.NET\\Framework\\v4.0.30319\\mscorsvw.exe"},{"@Name":"FileVersion","#text":"4.8.9093.0 built by: NET481REL1LAST_C"},{"@Name":"Description","#text":".NET Runtime Optimization Service"},{"@Name":"Product","#text":"Microsoft® .NET Framework"},{"@Name":"Company","#text":"Microsoft Corporation"},{"@Name":"OriginalFileName","#text":"mscorsvw.exe"},{"@Name":"CommandLine","#text":"C:\\Windows\\Microsoft.NET\\Framework\\v4.0.30319\\mscorsvw.exe -StartupEvent 414 -InterruptEvent 0 -NGENProcess 434 -Pipe 430 -Comment \"NGen Worker Process\""},{"@Name":"CurrentDirectory","#text":"C:\\Windows\\system32\\"},{"@Name":"User","#text":"NT AUTHORITY\\SYSTEM"},{"@Name":"LogonGuid","#text":"dbf410b3-38ed-6809-e703-000000000000"},{"@Name":"LogonId","#text":"0x3E7"},{"@Name":"TerminalSessionId","#text":"0"},{"@Name":"IntegrityLevel","#text":"System"},{"@Name":"Hashes","#text":"SHA256=0F5305796FA4135C338C80B8529EEE9C38FFB938BCF89984B0CDC77B9673DD75"},{"@Name":"ParentProcessGuid","#text":"dbf410b3-3b99-6809-f201-000000004100"},{"@Name":"ParentProcessId","#text":"9808"},{"@Name":"ParentImage","#text":"C:\\Windows\\Microsoft.NET\\Framework\\v4.0.30319\\ngen.exe"},{"@Name":"ParentCommandLine","#text":"\"C:\\Windows\\Microsoft.NET\\Framework\\v4.0.30319\\ngen.exe\" ExecuteQueuedItems /LegacyServiceBehavior"},{"@Name":"ParentUser","#text":"NT AUTHORITY\\SYSTEM"}]}}}
{"Event":{"System":{"Provider":{"@Name":"Microsoft-Windows-Sysmon","@Guid":"5770385f-c22a-43e0-bf4c-06f5698ffbd9"},"EventID":"1","Version":"5","Level":"4","Task":"1","Opcode":"0","Keywords":"0x8000000000000000","TimeCreated":{"@SystemTime":"2025-04-23 19:16:05.8271997"},"EventRecordID":"45477","Correlation":null,"Execution":{"@ProcessID":"3244","@ThreadID":"3828"},"Channel":"Microsoft-Windows-Sysmon/Operational","Computer":"Server002","Security":{"@UserID":"S-1-5-18"}},"EventData":{"Data":[{"@Name":"RuleName","#text":"-"},{"@Name":"UtcTime","#text":"2025-04-23 19:16:05.822"},{"@Name":"ProcessGuid","#text":"dbf410b3-3c75-6809-2403-000000004100"},{"@Name":"ProcessId","#text":"7396"},{"@Name":"Image","#text":"C:\\Windows\\Microsoft.NET\\Framework\\v4.0.30319\\mscorsvw.exe"},{"@Name":"FileVersion","#text":"4.8.9093.0 built by: NET481REL1LAST_C"},{"@Name":"Description","#text":".NET Runtime Optimization Service"},{"@Name":"Product","#text":"Microsoft® .NET Framework"},{"@Name":"Company","#text":"Microsoft Corporation"},{"@Name":"OriginalFileName","#text":"mscorsvw.exe"},{"@Name":"CommandLine","#text":"C:\\Windows\\Microsoft.NET\\Framework\\v4.0.30319\\mscorsvw.exe -StartupEvent 428 -InterruptEvent 0 -NGENProcess 438 -Pipe 43c -Comment \"NGen Worker Process\""},{"@Name":"CurrentDirectory","#text":"C:\\Windows\\system32\\"},{"@Name":"User","#text":"NT AUTHORITY\\SYSTEM"},{"@Name":"LogonGuid","#text":"dbf410b3-38ed-6809-e703-000000000000"},{"@Name":"LogonId","#text":"0x3E7"},{"@Name":"TerminalSessionId","#text":"0"},{"@Name":"IntegrityLevel","#text":"System"},{"@Name":"Hashes","#text":"SHA256=0F5305796FA4135C338C80B8529EEE9C38FFB938BCF89984B0CDC77B9673DD75"},{"@Name":"ParentProcessGuid","#text":"dbf410b3-3b99-6809-f201-000000004100"},{"@Name":"ParentProcessId","#text":"9808"},{"@Name":"ParentImage","#text":"C:\\Windows\\Microsoft.NET\\Framework\\v4.0.30319\\ngen.exe"},{"@Name":"ParentCommandLine","#text":"\"C:\\Windows\\Microsoft.NET\\Framework\\v4.0.30319\\ngen.exe\" ExecuteQueuedItems /LegacyServiceBehavior"},{"@Name":"ParentUser","#text":"NT AUTHORITY\\SYSTEM"}]}}}
{"Event":{"System":{"Provider":{"@Name":"Microsoft-Windows-Sysmon","@Guid":"5770385f-c22a-43e0-bf4c-06f5698ffbd9"},"EventID":"5","Version":"3","Level":"4","Task":"5","Opcode":"0","Keywords":"0x8000000000000000","TimeCreated":{"@SystemTime":"2025-04-23 19:16:05.8279460"},"EventRecordID":"45478","Correlation":null,"Execution":{"@ProcessID":"3244","@ThreadID":"3828"},"Channel":"Microsoft-Windows-Sysmon/Operational","Computer":"Server002","Security":{"@UserID":"S-1-5-18"}},"EventData":{"Data":[{"@Name":"RuleName","#text":"-"},{"@Name":"UtcTime","#text":"2025-04-23 19:16:05.823"},{"@Name":"ProcessGuid","#text":"dbf410b3-3c75-6809-2303-000000004100"},{"@Name":"ProcessId","#text":"2620"},{"@Name":"Image","#text":"C:\\Windows\\Microsoft.NET\\Framework\\v4.0.30319\\mscorsvw.exe"},{"@Name":"User","#text":"NT AUTHORITY\\SYSTEM"}]}}}
{"Event":{"System":{"Provider":{"@Name":"Microsoft-Windows-Sysmon","@Guid":"5770385f-c22a-43e0-bf4c-06f5698ffbd9"},"EventID":"1","Version":"5","Level":"4","Task":"1","Opcode":"0","Keywords":"0x8000000000000000","TimeCreated":{"@SystemTime":"2025-04-23 19:16:05.9745821"},"EventRecordID":"45479","Correlation":null,"Execution":{"@ProcessID":"3244","@ThreadID":"3828"},"Channel":"Microsoft-Windows-Sysmon/Operational","Computer":"Server002","Security":{"@UserID":"S-1-5-18"}},"EventData":{"Data":[{"@Name":"RuleName","#text":"-"},{"@Name":"UtcTime","#text":"2025-04-23 19:16:05.957"},{"@Name":"ProcessGuid","#text":"dbf410b3-3c75-6809-2503-000000004100"},{"@Name":"ProcessId","#text":"2684"},{"@Name":"Image","#text":"C:\\Windows\\Microsoft.NET\\Framework\\v4.0.30319\\mscorsvw.exe"},{"@Name":"FileVersion","#text":"4.8.9093.0 built by: NET481REL1LAST_C"},{"@Name":"Description","#text":".NET Runtime Optimization Service"},{"@Name":"Product","#text":"Microsoft® .NET Framework"},{"@Name":"Company","#text":"Microsoft Corporation"},{"@Name":"OriginalFileName","#text":"mscorsvw.exe"},{"@Name":"CommandLine","#text":"C:\\Windows\\Microsoft.NET\\Framework\\v4.0.30319\\mscorsvw.exe -StartupEvent 36c -InterruptEvent 0 -NGENProcess 358 -Pipe 420 -Comment \"NGen Worker Process\""},{"@Name":"CurrentDirectory","#text":"C:\\Windows\\system32\\"},{"@Name":"User","#text":"NT AUTHORITY\\SYSTEM"},{"@Name":"LogonGuid","#text":"dbf410b3-38ed-6809-e703-000000000000"},{"@Name":"LogonId","#text":"0x3E7"},{"@Name":"TerminalSessionId","#text":"0"},{"@Name":"IntegrityLevel","#text":"System"},{"@Name":"Hashes","#text":"SHA256=0F5305796FA4135C338C80B8529EEE9C38FFB938BCF89984B0CDC77B9673DD75"},{"@Name":"ParentProcessGuid","#text":"dbf410b3-3b99-6809-f201-000000004100"},{"@Name":"ParentProcessId","#text":"9808"},{"@Name":"ParentImage","#text":"C:\\Windows\\Microsoft.NET\\Framework\\v4.0.30319\\ngen.exe"},{"@Name":"ParentCommandLine","#text":"\"C:\\Windows\\Microsoft.NET\\Framework\\v4.0.30319\\ngen.exe\" ExecuteQueuedItems /LegacyServiceBehavior"},{"@Name":"ParentUser","#text":"NT AUTHORITY\\SYSTEM"}]}}}
{"Event":{"System":{"Provider":{"@Name":"Microsoft-Windows-Sysmon","@Guid":"5770385f-c22a-43e0-bf4c-06f5698ffbd9"},"EventID":"5","Version":"3","Level":"4","Task":"5","Opcode":"0","Keywords":"0x8000000000000000","TimeCreated":{"@SystemTime":"2025-04-23 19:16:05.9778405"},"EventRecordID":"45480","Correlation":null,"Execution":{"@ProcessID":"3244","@ThreadID":"3828"},"Channel":"Microsoft-Windows-Sysmon/Operational","Computer":"Server002","Security":{"@UserID":"S-1-5-18"}},"EventData":{"Data":[{"@Name":"RuleName","#text":"-"},{"@Name":"UtcTime","#text":"2025-04-23 19:16:05.974"},{"@Name":"ProcessGuid","#text":"dbf410b3-3c75-6809-2403-000000004100"},{"@Name":"ProcessId","#text":"7396"},{"@Name":"Image","#text":"C:\\Windows\\Microsoft.NET\\Framework\\v4.0.30319\\mscorsvw.exe"},{"@Name":"User","#text":"NT AUTHORITY\\SYSTEM"}]}}}
{"Event":{"System":{"Provider":{"@Name":"Microsoft-Windows-Sysmon","@Guid":"5770385f-c22a-43e0-bf4c-06f5698ffbd9"},"EventID":"1","Version":"5","Level":"4","Task":"1","Opcode":"0","Keywords":"0x8000000000000000","TimeCreated":{"@SystemTime":"2025-04-23 19:16:06.3216729"},"EventRecordID":"45481","Correlation":null,"Execution":{"@ProcessID":"3244","@ThreadID":"3828"},"Channel":"Microsoft-Windows-Sysmon/Operational","Computer":"Server002","Security":{"@UserID":"S-1-5-18"}},"EventData":{"Data":[{"@Name":"RuleName","#text":"-"},{"@Name":"UtcTime","#text":"2025-04-23 19:16:06.316"},{"@Name":"ProcessGuid","#text":"dbf410b3-3c76-6809-2603-000000004100"},{"@Name":"ProcessId","#text":"7120"},{"@Name":"Image","#text":"C:\\Windows\\Microsoft.NET\\Framework\\v4.0.30319\\mscorsvw.exe"},{"@Name":"FileVersion","#text":"4.8.9093.0 built by: NET481REL1LAST_C"},{"@Name":"Description","#text":".NET Runtime Optimization Service"},{"@Name":"Product","#text":"Microsoft® .NET Framework"},{"@Name":"Company","#text":"Microsoft Corporation"},{"@Name":"OriginalFileName","#text":"mscorsvw.exe"},{"@Name":"CommandLine","#text":"C:\\Windows\\Microsoft.NET\\Framework\\v4.0.30319\\mscorsvw.exe -StartupEvent 414 -InterruptEvent 0 -NGENProcess 3e8 -Pipe 36c -Comment \"NGen Worker Process\""},{"@Name":"CurrentDirectory","#text":"C:\\Windows\\system32\\"},{"@Name":"User","#text":"NT AUTHORITY\\SYSTEM"},{"@Name":"LogonGuid","#text":"dbf410b3-38ed-6809-e703-000000000000"},{"@Name":"LogonId","#text":"0x3E7"},{"@Name":"TerminalSessionId","#text":"0"},{"@Name":"IntegrityLevel","#text":"System"},{"@Name":"Hashes","#text":"SHA256=0F5305796FA4135C338C80B8529EEE9C38FFB938BCF89984B0CDC77B9673DD75"},{"@Name":"ParentProcessGuid","#text":"dbf410b3-3b99-6809-f201-000000004100"},{"@Name":"ParentProcessId","#text":"9808"},{"@Name":"ParentImage","#text":"C:\\Windows\\Microsoft.NET\\Framework\\v4.0.30319\\ngen.exe"},{"@Name":"ParentCommandLine","#text":"\"C:\\Windows\\Microsoft.NET\\Framework\\v4.0.30319\\ngen.exe\" ExecuteQueuedItems /LegacyServiceBehavior"},{"@Name":"ParentUser","#text":"NT AUTHORITY\\SYSTEM"}]}}}
{"Event":{"System":{"Provider":{"@Name":"Microsoft-Windows-Sysmon","@Guid":"5770385f-c22a-43e0-bf4c-06f5698ffbd9"},"EventID":"5","Version":"3","Level":"4","Task":"5","Opcode":"0","Keywords":"0x8000000000000000","TimeCreated":{"@SystemTime":"2025-04-23 19:16:06.3220560"},"EventRecordID":"45482","Correlation":null,"Execution":{"@ProcessID":"3244","@ThreadID":"3828"},"Channel":"Microsoft-Windows-Sysmon/Operational","Computer":"Server002","Security":{"@UserID":"S-1-5-18"}},"EventData":{"Data":[{"@Name":"RuleName","#text":"-"},{"@Name":"UtcTime","#text":"2025-04-23 19:16:06.320"},{"@Name":"ProcessGuid","#text":"dbf410b3-3c75-6809-2503-000000004100"},{"@Name":"ProcessId","#text":"2684"},{"@Name":"Image","#text":"C:\\Windows\\Microsoft.NET\\Framework\\v4.0.30319\\mscorsvw.exe"},{"@Name":"User","#text":"NT AUTHORITY\\SYSTEM"}]}}}
{"Event":{"System":{"Provider":{"@Name":"Microsoft-Windows-Sysmon","@Guid":"5770385f-c22a-43e0-bf4c-06f5698ffbd9"},"EventID":"1","Version":"5","Level":"4","Task":"1","Opcode":"0","Keywords":"0x8000000000000000","TimeCreated":{"@SystemTime":"2025-04-23 19:16:06.4115233"},"EventRecordID":"45483","Correlation":null,"Execution":{"@ProcessID":"3244","@ThreadID":"3828"},"Channel":"Microsoft-Windows-Sysmon/Operational","Computer":"Server002","Security":{"@UserID":"S-1-5-18"}},"EventData":{"Data":[{"@Name":"RuleName","#text":"-"},{"@Name":"UtcTime","#text":"2025-04-23 19:16:06.407"},{"@Name":"ProcessGuid","#text":"dbf410b3-3c76-6809-2703-000000004100"},{"@Name":"ProcessId","#text":"5712"},{"@Name":"Image","#text":"C:\\Windows\\Microsoft.NET\\Framework\\v4.0.30319\\mscorsvw.exe"},{"@Name":"FileVersion","#text":"4.8.9093.0 built by: NET481REL1LAST_C"},{"@Name":"Description","#text":".NET Runtime Optimization Service"},{"@Name":"Product","#text":"Microsoft® .NET Framework"},{"@Name":"Company","#text":"Microsoft Corporation"},{"@Name":"OriginalFileName","#text":"mscorsvw.exe"},{"@Name":"CommandLine","#text":"C:\\Windows\\Microsoft.NET\\Framework\\v4.0.30319\\mscorsvw.exe -StartupEvent 434 -InterruptEvent 0 -NGENProcess 41c -Pipe 3a8 -Comment \"NGen Worker Process\""},{"@Name":"CurrentDirectory","#text":"C:\\Windows\\system32\\"},{"@Name":"User","#text":"NT AUTHORITY\\SYSTEM"},{"@Name":"LogonGuid","#text":"dbf410b3-38ed-6809-e703-000000000000"},{"@Name":"LogonId","#text":"0x3E7"},{"@Name":"TerminalSessionId","#text":"0"},{"@Name":"IntegrityLevel","#text":"System"},{"@Name":"Hashes","#text":"SHA256=0F5305796FA4135C338C80B8529EEE9C38FFB938BCF89984B0CDC77B9673DD75"},{"@Name":"ParentProcessGuid","#text":"dbf410b3-3b99-6809-f201-000000004100"},{"@Name":"ParentProcessId","#text":"9808"},{"@Name":"ParentImage","#text":"C:\\Windows\\Microsoft.NET\\Framework\\v4.0.30319\\ngen.exe"},{"@Name":"ParentCommandLine","#text":"\"C:\\Windows\\Microsoft.NET\\Framework\\v4.0.30319\\ngen.exe\" ExecuteQueuedItems /LegacyServiceBehavior"},{"@Name":"ParentUser","#text":"NT AUTHORITY\\SYSTEM"}]}}}
{"Event":{"System":{"Provider":{"@Name":"Microsoft-Windows-Sysmon","@Guid":"5770385f-c22a-43e0-bf4c-06f5698ffbd9"},"EventID":"5","Version":"3","Level":"4","Task":"5","Opcode":"0","Keywords":"0x8000000000000000","TimeCreated":{"@SystemTime":"2025-04-23 19:16:06.4124217"},"EventRecordID":"45484","Correlation":null,"Execution":{"@ProcessID":"3244","@ThreadID":"3828"},"Channel":"Microsoft-Windows-Sysmon/Operational","Computer":"Server002","Security":{"@UserID":"S-1-5-18"}},"EventData":{"Data":[{"@Name":"RuleName","#text":"-"},{"@Name":"UtcTime","#text":"2025-04-23 19:16:06.412"},{"@Name":"ProcessGuid","#text":"dbf410b3-3c76-6809-2603-000000004100"},{"@Name":"ProcessId","#text":"7120"},{"@Name":"Image","#text":"C:\\Windows\\Microsoft.NET\\Framework\\v4.0.30319\\mscorsvw.exe"},{"@Name":"User","#text":"NT AUTHORITY\\SYSTEM"}]}}}
{"Event":{"System":{"Provider":{"@Name":"Microsoft-Windows-Sysmon","@Guid":"5770385f-c22a-43e0-bf4c-06f5698ffbd9"},"EventID":"1","Version":"5","Level":"4","Task":"1","Opcode":"0","Keywords":"0x8000000000000000","TimeCreated":{"@SystemTime":"2025-04-23 19:16:06.5541425"},"EventRecordID":"45485","Correlation":null,"Execution":{"@ProcessID":"3244","@ThreadID":"3828"},"Channel":"Microsoft-Windows-Sysmon/Operational","Computer":"Server002","Security":{"@UserID":"S-1-5-18"}},"EventData":{"Data":[{"@Name":"RuleName","#text":"-"},{"@Name":"UtcTime","#text":"2025-04-23 19:16:06.546"},{"@Name":"ProcessGuid","#text":"dbf410b3-3c76-6809-2803-000000004100"},{"@Name":"ProcessId","#text":"4300"},{"@Name":"Image","#text":"C:\\Windows\\Microsoft.NET\\Framework\\v4.0.30319\\mscorsvw.exe"},{"@Name":"FileVersion","#text":"4.8.9093.0 built by: NET481REL1LAST_C"},{"@Name":"Description","#text":".NET Runtime Optimization Service"},{"@Name":"Product","#text":"Microsoft® .NET Framework"},{"@Name":"Company","#text":"Microsoft Corporation"},{"@Name":"OriginalFileName","#text":"mscorsvw.exe"},{"@Name":"CommandLine","#text":"C:\\Windows\\Microsoft.NET\\Framework\\v4.0.30319\\mscorsvw.exe -StartupEvent 3e8 -InterruptEvent 0 -NGENProcess 404 -Pipe 440 -Comment \"NGen Worker Process\""},{"@Name":"CurrentDirectory","#text":"C:\\Windows\\system32\\"},{"@Name":"User","#text":"NT AUTHORITY\\SYSTEM"},{"@Name":"LogonGuid","#text":"dbf410b3-38ed-6809-e703-000000000000"},{"@Name":"LogonId","#text":"0x3E7"},{"@Name":"TerminalSessionId","#text":"0"},{"@Name":"IntegrityLevel","#text":"System"},{"@Name":"Hashes","#text":"SHA256=0F5305796FA4135C338C80B8529EEE9C38FFB938BCF89984B0CDC77B9673DD75"},{"@Name":"ParentProcessGuid","#text":"dbf410b3-3b99-6809-f201-000000004100"},{"@Name":"ParentProcessId","#text":"9808"},{"@Name":"ParentImage","#text":"C:\\Windows\\Microsoft.NET\\Framework\\v4.0.30319\\ngen.exe"},{"@Name":"ParentCommandLine","#text":"\"C:\\Windows\\Microsoft.NET\\Framework\\v4.0.30319\\ngen.exe\" ExecuteQueuedItems /LegacyServiceBehavior"},{"@Name":"ParentUser","#text":"NT AUTHORITY\\SYSTEM"}]}}}
{"Event":{"System":{"Provider":{"@Name":"Microsoft-Windows-Sysmon","@Guid":"5770385f-c22a-43e0-bf4c-06f5698ffbd9"},"EventID":"5","Version":"3","Level":"4","Task":"5","Opcode":"0","Keywords":"0x8000000000000000","TimeCreated":{"@SystemTime":"2025-04-23 19:16:06.5637415"},"EventRecordID":"45486","Correlation":null,"Execution":{"@ProcessID":"3244","@ThreadID":"3828"},"Channel":"Microsoft-Windows-Sysmon/Operational","Computer":"Server002","Security":{"@UserID":"S-1-5-18"}},"EventData":{"Data":[{"@Name":"RuleName","#text":"-"},{"@Name":"UtcTime","#text":"2025-04-23 19:16:06.563"},{"@Name":"ProcessGuid","#text":"dbf410b3-3c76-6809-2703-000000004100"},{"@Name":"ProcessId","#text":"5712"},{"@Name":"Image","#text":"C:\\Windows\\Microsoft.NET\\Framework\\v4.0.30319\\mscorsvw.exe"},{"@Name":"User","#text":"NT AUTHORITY\\SYSTEM"}]}}}
{"Event":{"System":{"Provider":{"@Name":"Microsoft-Windows-Sysmon","@Guid":"5770385f-c22a-43e0-bf4c-06f5698ffbd9"},"EventID":"1","Version":"5","Level":"4","Task":"1","Opcode":"0","Keywords":"0x8000000000000000","TimeCreated":{"@SystemTime":"2025-04-23 19:16:06.7779677"},"EventRecordID":"45487","Correlation":null,"Execution":{"@ProcessID":"3244","@ThreadID":"3828"},"Channel":"Microsoft-Windows-Sysmon/Operational","Computer":"Server002","Security":{"@UserID":"S-1-5-18"}},"EventData":{"Data":[{"@Name":"RuleName","#text":"-"},{"@Name":"UtcTime","#text":"2025-04-23 19:16:06.770"},{"@Name":"ProcessGuid","#text":"dbf410b3-3c76-6809-2903-000000004100"},{"@Name":"ProcessId","#text":"11244"},{"@Name":"Image","#text":"C:\\Windows\\Microsoft.NET\\Framework\\v4.0.30319\\mscorsvw.exe"},{"@Name":"FileVersion","#text":"4.8.9093.0 built by: NET481REL1LAST_C"},{"@Name":"Description","#text":".NET Runtime Optimization Service"},{"@Name":"Product","#text":"Microsoft® .NET Framework"},{"@Name":"Company","#text":"Microsoft Corporation"},{"@Name":"OriginalFileName","#text":"mscorsvw.exe"},{"@Name":"CommandLine","#text":"C:\\Windows\\Microsoft.NET\\Framework\\v4.0.30319\\mscorsvw.exe -StartupEvent 460 -InterruptEvent 0 -NGENProcess 438 -Pipe 45c -Comment \"NGen Worker Process\""},{"@Name":"CurrentDirectory","#text":"C:\\Windows\\system32\\"},{"@Name":"User","#text":"NT AUTHORITY\\SYSTEM"},{"@Name":"LogonGuid","#text":"dbf410b3-38ed-6809-e703-000000000000"},{"@Name":"LogonId","#text":"0x3E7"},{"@Name":"TerminalSessionId","#text":"0"},{"@Name":"IntegrityLevel","#text":"System"},{"@Name":"Hashes","#text":"SHA256=0F5305796FA4135C338C80B8529EEE9C38FFB938BCF89984B0CDC77B9673DD75"},{"@Name":"ParentProcessGuid","#text":"dbf410b3-3b99-6809-f201-000000004100"},{"@Name":"ParentProcessId","#text":"9808"},{"@Name":"ParentImage","#text":"C:\\Windows\\Microsoft.NET\\Framework\\v4.0.30319\\ngen.exe"},{"@Name":"ParentCommandLine","#text":"\"C:\\Windows\\Microsoft.NET\\Framework\\v4.0.30319\\ngen.exe\" ExecuteQueuedItems /LegacyServiceBehavior"},{"@Name":"ParentUser","#text":"NT AUTHORITY\\SYSTEM"}]}}}
{"Event":{"System":{"Provider":{"@Name":"Microsoft-Windows-Sysmon","@Guid":"5770385f-c22a-43e0-bf4c-06f5698ffbd9"},"EventID":"5","Version":"3","Level":"4","Task":"5","Opcode":"0","Keywords":"0x8000000000000000","TimeCreated":{"@SystemTime":"2025-04-23 19:16:06.7798152"},"EventRecordID":"45488","Correlation":null,"Execution":{"@ProcessID":"3244","@ThreadID":"3828"},"Channel":"Microsoft-Windows-Sysmon/Operational","Computer":"Server002","Security":{"@UserID":"S-1-5-18"}},"EventData":{"Data":[{"@Name":"RuleName","#text":"-"},{"@Name":"UtcTime","#text":"2025-04-23 19:16:06.778"},{"@Name":"ProcessGuid","#text":"dbf410b3-3c76-6809-2803-000000004100"},{"@Name":"ProcessId","#text":"4300"},{"@Name":"Image","#text":"C:\\Windows\\Microsoft.NET\\Framework\\v4.0.30319\\mscorsvw.exe"},{"@Name":"User","#text":"NT AUTHORITY\\SYSTEM"}]}}}
{"Event":{"System":{"Provider":{"@Name":"Microsoft-Windows-Sysmon","@Guid":"5770385f-c22a-43e0-bf4c-06f5698ffbd9"},"EventID":"1","Version":"5","Level":"4","Task":"1","Opcode":"0","Keywords":"0x8000000000000000","TimeCreated":{"@SystemTime":"2025-04-23 19:16:07.4211302"},"EventRecordID":"45489","Correlation":null,"Execution":{"@ProcessID":"3244","@ThreadID":"3828"},"Channel":"Microsoft-Windows-Sysmon/Operational","Computer":"Server002","Security":{"@UserID":"S-1-5-18"}},"EventData":{"Data":[{"@Name":"RuleName","#text":"-"},{"@Name":"UtcTime","#text":"2025-04-23 19:16:07.416"},{"@Name":"ProcessGuid","#text":"dbf410b3-3c77-6809-2a03-000000004100"},{"@Name":"ProcessId","#text":"10324"},{"@Name":"Image","#text":"C:\\Windows\\Microsoft.NET\\Framework\\v4.0.30319\\mscorsvw.exe"},{"@Name":"FileVersion","#text":"4.8.9093.0 built by: NET481REL1LAST_C"},{"@Name":"Description","#text":".NET Runtime Optimization Service"},{"@Name":"Product","#text":"Microsoft® .NET Framework"},{"@Name":"Company","#text":"Microsoft Corporation"},{"@Name":"OriginalFileName","#text":"mscorsvw.exe"},{"@Name":"CommandLine","#text":"C:\\Windows\\Microsoft.NET\\Framework\\v4.0.30319\\mscorsvw.exe -StartupEvent 44c -InterruptEvent 0 -NGENProcess 438 -Pipe 428 -Comment \"NGen Worker Process\""},{"@Name":"CurrentDirectory","#text":"C:\\Windows\\system32\\"},{"@Name":"User","#text":"NT AUTHORITY\\SYSTEM"},{"@Name":"LogonGuid","#text":"dbf410b3-38ed-6809-e703-000000000000"},{"@Name":"LogonId","#text":"0x3E7"},{"@Name":"TerminalSessionId","#text":"0"},{"@Name":"IntegrityLevel","#text":"System"},{"@Name":"Hashes","#text":"SHA256=0F5305796FA4135C338C80B8529EEE9C38FFB938BCF89984B0CDC77B9673DD75"},{"@Name":"ParentProcessGuid","#text":"dbf410b3-3b99-6809-f201-000000004100"},{"@Name":"ParentProcessId","#text":"9808"},{"@Name":"ParentImage","#text":"C:\\Windows\\Microsoft.NET\\Framework\\v4.0.30319\\ngen.exe"},{"@Name":"ParentCommandLine","#text":"\"C:\\Windows\\Microsoft.NET\\Framework\\v4.0.30319\\ngen.exe\" ExecuteQueuedItems /LegacyServiceBehavior"},{"@Name":"ParentUser","#text":"NT AUTHORITY\\SYSTEM"}]}}}
{"Event":{"System":{"Provider":{"@Name":"Microsoft-Windows-Sysmon","@Guid":"5770385f-c22a-43e0-bf4c-06f5698ffbd9"},"EventID":"5","Version":"3","Level":"4","Task":"5","Opcode":"0","Keywords":"0x8000000000000000","TimeCreated":{"@SystemTime":"2025-04-23 19:16:07.4225259"},"EventRecordID":"45490","Correlation":null,"Execution":{"@ProcessID":"3244","@ThreadID":"3828"},"Channel":"Microsoft-Windows-Sysmon/Operational","Computer":"Server002","Security":{"@UserID":"S-1-5-18"}},"EventData":{"Data":[{"@Name":"RuleName","#text":"-"},{"@Name":"UtcTime","#text":"2025-04-23 19:16:07.417"},{"@Name":"ProcessGuid","#text":"dbf410b3-3c76-6809-2903-000000004100"},{"@Name":"ProcessId","#text":"11244"},{"@Name":"Image","#text":"C:\\Windows\\Microsoft.NET\\Framework\\v4.0.30319\\mscorsvw.exe"},{"@Name":"User","#text":"NT AUTHORITY\\SYSTEM"}]}}}
