{"Event":{"System":{"Provider":{"@Name":"Desktop Window Manager"},"EventID":{"@Qualifiers":"16384","#text":"9027"},"Version":"0","Level":"4","Task":"0","Opcode":"0","Keywords":"0x80000000000000","TimeCreated":{"@SystemTime":"2025-04-23 17:54:57.9640664"},"EventRecordID":"4209","Correlation":null,"Execution":{"@ProcessID":"0","@ThreadID":"0"},"Channel":"Application","Computer":"Server002","Security":null},"EventData":{"Data":"","Binary":""}}}
{"Event":{"System":{"Provider":{"@Name":"Application Error"},"EventID":{"@Qualifiers":"0","#text":"1000"},"Version":"0","Level":"2","Task":"100","Opcode":"0","Keywords":"0x80000000000000","TimeCreated":{"@SystemTime":"2025-04-23 17:57:51.9500453"},"EventRecordID":"4210","Correlation":null,"Execution":{"@ProcessID":"0","@ThreadID":"0"},"Channel":"Application","Computer":"Server002","Security":null},"EventData":{"Data":"dwm.exe, 10.0.19041.4355, 6564cf4e, unknown, 0.0.0.0, 00000000, 8898009b, 0000000000000000, 2c0c, 01dbb478d3a3c0f3, C:\\Windows\\system32\\dwm.exe, unknown, e616d629-5f1d-4007-b814-89b6463ef596","Binary":""}}}
{"Event":{"System":{"Provider":{"@Name":"Windows Error Reporting"},"EventID":{"@Qualifiers":"0","#text":"1001"},"Version":"0","Level":"4","Task":"0","Opcode":"0","Keywords":"0x80000000000000","TimeCreated":{"@SystemTime":"2025-04-23 17:57:55.3865611"},"EventRecordID":"4211","Correlation":null,"Execution":{"@ProcessID":"0","@ThreadID":"0"},"Channel":"Application","Computer":"Server002","Security":null},"EventData":{"Data":"2128837646485783167, 4, APPCRASH, Not available, 0, dwm.exe, 10.0.19041.4355, 6564cf4e, StackHash_c424, 0.0.0.0, 00000000, 8898009b, PCH_33_FROM_ntdll+0x00000000000A1E1F, \r\n\\\\?\\C:\\ProgramData\\Microsoft\\Windows\\WER\\Temp\\WER5ECD.tmp.dmp\r\n\\\\?\\C:\\ProgramData\\Microsoft\\Windows\\WER\\Temp\\WER5F99.tmp.WERInternalMetadata.xml\r\n\\\\?\\C:\\ProgramData\\Microsoft\\Windows\\WER\\Temp\\WER6017.tmp.xml\r\n\\\\?\\C:\\ProgramData\\Microsoft\\Windows\\WER\\Temp\\WER6025.tmp.csv\r\n\\\\?\\C:\\ProgramData\\Microsoft\\Windows\\WER\\Temp\\WER6064.tmp.txt, \\\\?\\C:\\ProgramData\\Microsoft\\Windows\\WER\\ReportArchive\\AppCrash_dwm.exe_91b3146bf97640bdec1550bdc39ae1ac48d1cd8_fed57774_a8f155cd-d959-417e-afa6-cccb30bb6e11, 0, e616d629-5f1d-4007-b814-89b6463ef596, 268435456, 5cf7e4b228f057d03d8b268f7743827f, 0","Binary":""}}}
{"Event":{"System":{"Provider":{"@Name":"Dwminit"},"EventID":{"@Qualifiers":"32770","#text":"0"},"Version":"0","Level":"3","Task":"0","Opcode":"0","Keywords":"0x80000000000000","TimeCreated":{"@SystemTime":"2025-04-23 17:57:55.5464790"},"EventRecordID":"4212","Correlation":null,"Execution":{"@ProcessID":"0","@ThreadID":"0"},"Channel":"Application","Computer":"Server002","Security":null},"EventData":{"Data":"0x8898009b, 1, VirtualBox Graphics Adapter (WDDM)","Binary":""}}}
{"Event":{"System":{"Provider":{"@Name":"Desktop Window Manager"},"EventID":{"@Qualifiers":"16384","#text":"9027"},"Version":"0","Level":"4","Task":"0","Opcode":"0","Keywords":"0x80000000000000","TimeCreated":{"@SystemTime":"2025-04-23 17:57:55.7904182"},"EventRecordID":"4213","Correlation":null,"Execution":{"@ProcessID":"0","@ThreadID":"0"},"Channel":"Application","Computer":"Server002","Security":null},"EventData":{"Data":"","Binary":""}}}
{"Event":{"System":{"Provider":{"@Name":"Application Error"},"EventID":{"@Qualifiers":"0","#text":"1000"},"Version":"0","Level":"2","Task":"100","Opcode":"0","Keywords":"0x80000000000000","TimeCreated":{"@SystemTime":"2025-04-23 18:01:04.3776992"},"EventRecordID":"4214","Correlation":null,"Execution":{"@ProcessID":"0","@ThreadID":"0"},"Channel":"Application","Computer":"Server002","Security":null},"EventData":{"Data":"dwm.exe, 10.0.19041.4355, 6564cf4e, unknown, 0.0.0.0, 00000000, 8898009b, 0000000000000000, 3b0, 01dbb4793da4ac97, C:\\Windows\\system32\\dwm.exe, unknown, e3bff6f9-833c-40b7-bf92-1d27fd9757c7","Binary":""}}}
{"Event":{"System":{"Provider":{"@Name":"Windows Error Reporting"},"EventID":{"@Qualifiers":"0","#text":"1001"},"Version":"0","Level":"4","Task":"0","Opcode":"0","Keywords":"0x80000000000000","TimeCreated":{"@SystemTime":"2025-04-23 18:01:07.0812827"},"EventRecordID":"4215","Correlation":null,"Execution":{"@ProcessID":"0","@ThreadID":"0"},"Channel":"Application","Computer":"Server002","Security":null},"EventData":{"Data":"2128837646485783167, 4, APPCRASH, Not available, 0, dwm.exe, 10.0.19041.4355, 6564cf4e, StackHash_c424, 0.0.0.0, 00000000, 8898009b, PCH_33_FROM_ntdll+0x00000000000A1E1F, \r\n\\\\?\\C:\\ProgramData\\Microsoft\\Windows\\WER\\Temp\\WER4E83.tmp.dmp\r\n\\\\?\\C:\\ProgramData\\Microsoft\\Windows\\WER\\Temp\\WER4F3F.tmp.WERInternalMetadata.xml\r\n\\\\?\\C:\\ProgramData\\Microsoft\\Windows\\WER\\Temp\\WER4FDC.tmp.xml\r\n\\\\?\\C:\\ProgramData\\Microsoft\\Windows\\WER\\Temp\\WER4FFA.tmp.csv\r\n\\\\?\\C:\\ProgramData\\Microsoft\\Windows\\WER\\Temp\\WER5029.tmp.txt, \\\\?\\C:\\ProgramData\\Microsoft\\Windows\\WER\\ReportArchive\\AppCrash_dwm.exe_91b3146bf97640bdec1550bdc39ae1ac48d1cd8_fed57774_51ea0e56-0312-4bcf-984b-6212efcf84c2, 0, e3bff6f9-833c-40b7-bf92-1d27fd9757c7, 268435456, 5cf7e4b228f057d03d8b268f7743827f, 0","Binary":""}}}
{"Event":{"System":{"Provider":{"@Name":"Dwminit"},"EventID":{"@Qualifiers":"32770","#text":"0"},"Version":"0","Level":"3","Task":"0","Opcode":"0","Keywords":"0x80000000000000","TimeCreated":{"@SystemTime":"2025-04-23 18:01:07.2602513"},"EventRecordID":"4216","Correlation":null,"Execution":{"@ProcessID":"0","@ThreadID":"0"},"Channel":"Application","Computer":"Server002","Security":null},"EventData":{"Data":"0x8898009b, 1, VirtualBox Graphics Adapter (WDDM)","Binary":""}}}
{"Event":{"System":{"Provider":{"@Name":"Desktop Window Manager"},"EventID":{"@Qualifiers":"16384","#text":"9027"},"Version":"0","Level":"4","Task":"0","Opcode":"0","Keywords":"0x80000000000000","TimeCreated":{"@SystemTime":"2025-04-23 18:01:07.4981624"},"EventRecordID":"4217","Correlation":null,"Execution":{"@ProcessID":"0","@ThreadID":"0"},"Channel":"Application","Computer":"Server002","Security":null},"EventData":{"Data":"","Binary":""}}}
{"Event":{"System":{"Provider":{"@Name":"Application Error"},"EventID":{"@Qualifiers":"0","#text":"1000"},"Version":"0","Level":"2","Task":"100","Opcode":"0","Keywords":"0x80000000000000","TimeCreated":{"@SystemTime":"2025-04-23 18:03:00.1662949"},"EventRecordID":"4218","Correlation":null,"Execution":{"@ProcessID":"0","@ThreadID":"0"},"Channel":"Application","Computer":"Server002","Security":null},"EventData":{"Data":"dwm.exe, 10.0.19041.4355, 6564cf4e, unknown, 0.0.0.0, 00000000, 8898009b, 0000000000000000, 2b10, 01dbb479afeaf70a, C:\\Windows\\system32\\dwm.exe, unknown, 52355c15-4984-4fe5-8925-70e83a88e13e","Binary":""}}}
{"Event":{"System":{"Provider":{"@Name":"Windows Error Reporting"},"EventID":{"@Qualifiers":"0","#text":"1001"},"Version":"0","Level":"4","Task":"0","Opcode":"0","Keywords":"0x80000000000000","TimeCreated":{"@SystemTime":"2025-04-23 18:03:02.6323300"},"EventRecordID":"4219","Correlation":null,"Execution":{"@ProcessID":"0","@ThreadID":"0"},"Channel":"Application","Computer":"Server002","Security":null},"EventData":{"Data":"2128837646485783167, 4, APPCRASH, Not available, 0, dwm.exe, 10.0.19041.4355, 6564cf4e, StackHash_c424, 0.0.0.0, 00000000, 8898009b, PCH_33_FROM_ntdll+0x00000000000A1E1F, \r\n\\\\?\\C:\\ProgramData\\Microsoft\\Windows\\WER\\Temp\\WER12D7.tmp.dmp\r\n\\\\?\\C:\\ProgramData\\Microsoft\\Windows\\WER\\Temp\\WER13B3.tmp.WERInternalMetadata.xml\r\n\\\\?\\C:\\ProgramData\\Microsoft\\Windows\\WER\\Temp\\WER149F.tmp.xml\r\n\\\\?\\C:\\ProgramData\\Microsoft\\Windows\\WER\\Temp\\WER14AE.tmp.csv\r\n\\\\?\\C:\\ProgramData\\Microsoft\\Windows\\WER\\Temp\\WER14EE.tmp.txt, \\\\?\\C:\\ProgramData\\Microsoft\\Windows\\WER\\ReportArchive\\AppCrash_dwm.exe_91b3146bf97640bdec1550bdc39ae1ac48d1cd8_fed57774_9472e561-0cb7-4994-95e4-833c31039200, 0, 52355c15-4984-4fe5-8925-70e83a88e13e, 268435456, 5cf7e4b228f057d03d8b268f7743827f, 0","Binary":""}}}
{"Event":{"System":{"Provider":{"@Name":"Dwminit"},"EventID":{"@Qualifiers":"32770","#text":"0"},"Version":"0","Level":"3","Task":"0","Opcode":"0","Keywords":"0x80000000000000","TimeCreated":{"@SystemTime":"2025-04-23 18:03:02.8110982"},"EventRecordID":"4220","Correlation":null,"Execution":{"@ProcessID":"0","@ThreadID":"0"},"Channel":"Application","Computer":"Server002","Security":null},"EventData":{"Data":"0x8898009b, 1, VirtualBox Graphics Adapter (WDDM)","Binary":""}}}
{"Event":{"System":{"Provider":{"@Name":"Desktop Window Manager"},"EventID":{"@Qualifiers":"16384","#text":"9027"},"Version":"0","Level":"4","Task":"0","Opcode":"0","Keywords":"0x80000000000000","TimeCreated":{"@SystemTime":"2025-04-23 18:03:03.0713308"},"EventRecordID":"4221","Correlation":null,"Execution":{"@ProcessID":"0","@ThreadID":"0"},"Channel":"Application","Computer":"Server002","Security":null},"EventData":{"Data":"","Binary":""}}}
{"Event":{"System":{"Provider":{"@Name":"Application Error"},"EventID":{"@Qualifiers":"0","#text":"1000"},"Version":"0","Level":"2","Task":"100","Opcode":"0","Keywords":"0x80000000000000","TimeCreated":{"@SystemTime":"2025-04-23 18:04:39.0411145"},"EventRecordID":"4222","Correlation":null,"Execution":{"@ProcessID":"0","@ThreadID":"0"},"Channel":"Application","Computer":"Server002","Security":null},"EventData":{"Data":"dwm.exe, 10.0.19041.4355, 6564cf4e, unknown, 0.0.0.0, 00000000, 8898009b, 0000000000000000, 1368, 01dbb479f4cf6563, C:\\Windows\\system32\\dwm.exe, unknown, c4184916-71ab-4b7a-b8b8-a08df26a1fed","Binary":""}}}
{"Event":{"System":{"Provider":{"@Name":"Windows Error Reporting"},"EventID":{"@Qualifiers":"0","#text":"1001"},"Version":"0","Level":"4","Task":"0","Opcode":"0","Keywords":"0x80000000000000","TimeCreated":{"@SystemTime":"2025-04-23 18:04:41.8851870"},"EventRecordID":"4223","Correlation":null,"Execution":{"@ProcessID":"0","@ThreadID":"0"},"Channel":"Application","Computer":"Server002","Security":null},"EventData":{"Data":"2128837646485783167, 4, APPCRASH, Not available, 0, dwm.exe, 10.0.19041.4355, 6564cf4e, StackHash_c424, 0.0.0.0, 00000000, 8898009b, PCH_33_FROM_ntdll+0x00000000000A1E1F, \r\n\\\\?\\C:\\ProgramData\\Microsoft\\Windows\\WER\\Temp\\WER9503.tmp.dmp\r\n\\\\?\\C:\\ProgramData\\Microsoft\\Windows\\WER\\Temp\\WER95BF.tmp.WERInternalMetadata.xml\r\n\\\\?\\C:\\ProgramData\\Microsoft\\Windows\\WER\\Temp\\WER964D.tmp.xml\r\n\\\\?\\C:\\ProgramData\\Microsoft\\Windows\\WER\\Temp\\WER965F.tmp.csv\r\n\\\\?\\C:\\ProgramData\\Microsoft\\Windows\\WER\\Temp\\WER968E.tmp.txt, \\\\?\\C:\\ProgramData\\Microsoft\\Windows\\WER\\ReportArchive\\AppCrash_dwm.exe_91b3146bf97640bdec1550bdc39ae1ac48d1cd8_fed57774_fb5a8d4b-9fdc-4844-aebe-a32d83c78f32, 0, c4184916-71ab-4b7a-b8b8-a08df26a1fed, 268435456, 5cf7e4b228f057d03d8b268f7743827f, 0","Binary":""}}}
{"Event":{"System":{"Provider":{"@Name":"Dwminit"},"EventID":{"@Qualifiers":"32770","#text":"0"},"Version":"0","Level":"3","Task":"0","Opcode":"0","Keywords":"0x80000000000000","TimeCreated":{"@SystemTime":"2025-04-23 18:04:42.0339693"},"EventRecordID":"4224","Correlation":null,"Execution":{"@ProcessID":"0","@ThreadID":"0"},"Channel":"Application","Computer":"Server002","Security":null},"EventData":{"Data":"0x8898009b, 1, VirtualBox Graphics Adapter (WDDM)","Binary":""}}}
{"Event":{"System":{"Provider":{"@Name":"Desktop Window Manager"},"EventID":{"@Qualifiers":"16384","#text":"9027"},"Version":"0","Level":"4","Task":"0","Opcode":"0","Keywords":"0x80000000000000","TimeCreated":{"@SystemTime":"2025-04-23 18:04:42.2730632"},"EventRecordID":"4225","Correlation":null,"Execution":{"@ProcessID":"0","@ThreadID":"0"},"Channel":"Application","Computer":"Server002","Security":null},"EventData":{"Data":"","Binary":""}}}
{"Event":{"System":{"Provider":{"@Name":"Application Error"},"EventID":{"@Qualifiers":"0","#text":"1000"},"Version":"0","Level":"2","Task":"100","Opcode":"0","Keywords":"0x80000000000000","TimeCreated":{"@SystemTime":"2025-04-23 18:04:50.5015795"},"EventRecordID":"4226","Correlation":null,"Execution":{"@ProcessID":"0","@ThreadID":"0"},"Channel":"Application","Computer":"Server002","Security":null},"EventData":{"Data":"dwm.exe, 10.0.19041.4355, 6564cf4e, unknown, 0.0.0.0, 00000000, 8898009b, 0000000000000000, 7d8, 01dbb47a2feca320, C:\\Windows\\system32\\dwm.exe, unknown, 3b5d4220-7162-4770-8539-040d4d4ae003","Binary":""}}}
{"Event":{"System":{"Provider":{"@Name":"Windows Error Reporting"},"EventID":{"@Qualifiers":"0","#text":"1001"},"Version":"0","Level":"4","Task":"0","Opcode":"0","Keywords":"0x80000000000000","TimeCreated":{"@SystemTime":"2025-04-23 18:04:53.0266730"},"EventRecordID":"4227","Correlation":null,"Execution":{"@ProcessID":"0","@ThreadID":"0"},"Channel":"Application","Computer":"Server002","Security":null},"EventData":{"Data":"2128837646485783167, 4, APPCRASH, Not available, 0, dwm.exe, 10.0.19041.4355, 6564cf4e, StackHash_c424, 0.0.0.0, 00000000, 8898009b, PCH_33_FROM_ntdll+0x00000000000A1E1F, \r\n\\\\?\\C:\\ProgramData\\Microsoft\\Windows\\WER\\Temp\\WERC1C0.tmp.dmp\r\n\\\\?\\C:\\ProgramData\\Microsoft\\Windows\\WER\\Temp\\WERC28C.tmp.WERInternalMetadata.xml\r\n\\\\?\\C:\\ProgramData\\Microsoft\\Windows\\WER\\Temp\\WERC329.tmp.xml\r\n\\\\?\\C:\\ProgramData\\Microsoft\\Windows\\WER\\Temp\\WERC34D.tmp.csv\r\n\\\\?\\C:\\ProgramData\\Microsoft\\Windows\\WER\\Temp\\WERC38C.tmp.txt, \\\\?\\C:\\ProgramData\\Microsoft\\Windows\\WER\\ReportArchive\\AppCrash_dwm.exe_91b3146bf97640bdec1550bdc39ae1ac48d1cd8_fed57774_b382659f-5d74-49f8-9647-a870b9441963, 0, 3b5d4220-7162-4770-8539-040d4d4ae003, 268435456, 5cf7e4b228f057d03d8b268f7743827f, 0","Binary":""}}}
{"Event":{"System":{"Provider":{"@Name":"Dwminit"},"EventID":{"@Qualifiers":"32770","#text":"0"},"Version":"0","Level":"3","Task":"0","Opcode":"0","Keywords":"0x80000000000000","TimeCreated":{"@SystemTime":"2025-04-23 18:04:53.2708293"},"EventRecordID":"4228","Correlation":null,"Execution":{"@ProcessID":"0","@ThreadID":"0"},"Channel":"Application","Computer":"Server002","Security":null},"EventData":{"Data":"0x8898009b, 2, VirtualBox Graphics Adapter (WDDM)","Binary":""}}}
{"Event":{"System":{"Provider":{"@Name":"Desktop Window Manager"},"EventID":{"@Qualifiers":"16384","#text":"9027"},"Version":"0","Level":"4","Task":"0","Opcode":"0","Keywords":"0x80000000000000","TimeCreated":{"@SystemTime":"2025-04-23 18:04:53.4174148"},"EventRecordID":"4229","Correlation":null,"Execution":{"@ProcessID":"0","@ThreadID":"0"},"Channel":"Application","Computer":"Server002","Security":null},"EventData":{"Data":"","Binary":""}}}
{"Event":{"System":{"Provider":{"@Name":"Application Error"},"EventID":{"@Qualifiers":"0","#text":"1000"},"Version":"0","Level":"2","Task":"100","Opcode":"0","Keywords":"0x80000000000000","TimeCreated":{"@SystemTime":"2025-04-23 18:05:49.9481272"},"EventRecordID":"4230","Correlation":null,"Execution":{"@ProcessID":"0","@ThreadID":"0"},"Channel":"Application","Computer":"Server002","Security":null},"EventData":{"Data":"dwm.exe, 10.0.19041.4355, 6564cf4e, unknown, 0.0.0.0, 00000000, 8898009b, 0000000000000000, 3050, 01dbb47a369c8fd4, C:\\Windows\\system32\\dwm.exe, unknown, 3b9d92e1-ad30-4c79-aebe-4f59a0835e82","Binary":""}}}
{"Event":{"System":{"Provider":{"@Name":"Windows Error Reporting"},"EventID":{"@Qualifiers":"0","#text":"1001"},"Version":"0","Level":"4","Task":"0","Opcode":"0","Keywords":"0x80000000000000","TimeCreated":{"@SystemTime":"2025-04-23 18:05:53.0718578"},"EventRecordID":"4231","Correlation":null,"Execution":{"@ProcessID":"0","@ThreadID":"0"},"Channel":"Application","Computer":"Server002","Security":null},"EventData":{"Data":"2128837646485783167, 4, APPCRASH, Not available, 0, dwm.exe, 10.0.19041.4355, 6564cf4e, StackHash_c424, 0.0.0.0, 00000000, 8898009b, PCH_33_FROM_ntdll+0x00000000000A1E1F, \r\n\\\\?\\C:\\ProgramData\\Microsoft\\Windows\\WER\\Temp\\WERA9DE.tmp.dmp\r\n\\\\?\\C:\\ProgramData\\Microsoft\\Windows\\WER\\Temp\\WERAA9A.tmp.WERInternalMetadata.xml\r\n\\\\?\\C:\\ProgramData\\Microsoft\\Windows\\WER\\Temp\\WERAB18.tmp.xml\r\n\\\\?\\C:\\ProgramData\\Microsoft\\Windows\\WER\\Temp\\WERAB2E.tmp.csv\r\n\\\\?\\C:\\ProgramData\\Microsoft\\Windows\\WER\\Temp\\WERAB6D.tmp.txt, \\\\?\\C:\\ProgramData\\Microsoft\\Windows\\WER\\ReportArchive\\AppCrash_dwm.exe_91b3146bf97640bdec1550bdc39ae1ac48d1cd8_fed57774_3f9b3661-beef-4780-bd66-1c709a8795d9, 0, 3b9d92e1-ad30-4c79-aebe-4f59a0835e82, 268435456, 5cf7e4b228f057d03d8b268f7743827f, 0","Binary":""}}}
{"Event":{"System":{"Provider":{"@Name":"Dwminit"},"EventID":{"@Qualifiers":"32770","#text":"0"},"Version":"0","Level":"3","Task":"0","Opcode":"0","Keywords":"0x80000000000000","TimeCreated":{"@SystemTime":"2025-04-23 18:05:53.2386852"},"EventRecordID":"4232","Correlation":null,"Execution":{"@ProcessID":"0","@ThreadID":"0"},"Channel":"Application","Computer":"Server002","Security":null},"EventData":{"Data":"0x8898009b, 1, VirtualBox Graphics Adapter (WDDM)","Binary":""}}}
{"Event":{"System":{"Provider":{"@Name":"Desktop Window Manager"},"EventID":{"@Qualifiers":"16384","#text":"9027"},"Version":"0","Level":"4","Task":"0","Opcode":"0","Keywords":"0x80000000000000","TimeCreated":{"@SystemTime":"2025-04-23 18:05:53.4614137"},"EventRecordID":"4233","Correlation":null,"Execution":{"@ProcessID":"0","@ThreadID":"0"},"Channel":"Application","Computer":"Server002","Security":null},"EventData":{"Data":"","Binary":""}}}
{"Event":{"System":{"Provider":{"@Name":"Application Error"},"EventID":{"@Qualifiers":"0","#text":"1000"},"Version":"0","Level":"2","Task":"100","Opcode":"0","Keywords":"0x80000000000000","TimeCreated":{"@SystemTime":"2025-04-23 18:10:24.7819438"},"EventRecordID":"4234","Correlation":null,"Execution":{"@ProcessID":"0","@ThreadID":"0"},"Channel":"Application","Computer":"Server002","Security":null},"EventData":{"Data":"dwm.exe, 10.0.19041.4355, 6564cf4e, unknown, 0.0.0.0, 00000000, 8898009b, 0000000000000000, 5a8, 01dbb47a5a609bb7, C:\\Windows\\system32\\dwm.exe, unknown, bd8fb5de-2155-453a-934a-005086555e6f","Binary":""}}}
{"Event":{"System":{"Provider":{"@Name":"Windows Error Reporting"},"EventID":{"@Qualifiers":"0","#text":"1001"},"Version":"0","Level":"4","Task":"0","Opcode":"0","Keywords":"0x80000000000000","TimeCreated":{"@SystemTime":"2025-04-23 18:10:27.8215413"},"EventRecordID":"4235","Correlation":null,"Execution":{"@ProcessID":"0","@ThreadID":"0"},"Channel":"Application","Computer":"Server002","Security":null},"EventData":{"Data":"2128837646485783167, 4, APPCRASH, Not available, 0, dwm.exe, 10.0.19041.4355, 6564cf4e, StackHash_c424, 0.0.0.0, 00000000, 8898009b, PCH_33_FROM_ntdll+0x00000000000A1E1F, \r\n\\\\?\\C:\\ProgramData\\Microsoft\\Windows\\WER\\Temp\\WERDB99.tmp.dmp\r\n\\\\?\\C:\\ProgramData\\Microsoft\\Windows\\WER\\Temp\\WERDC55.tmp.WERInternalMetadata.xml\r\n\\\\?\\C:\\ProgramData\\Microsoft\\Windows\\WER\\Temp\\WERDCE3.tmp.xml\r\n\\\\?\\C:\\ProgramData\\Microsoft\\Windows\\WER\\Temp\\WERDCF1.tmp.csv\r\n\\\\?\\C:\\ProgramData\\Microsoft\\Windows\\WER\\Temp\\WERDD30.tmp.txt, \\\\?\\C:\\ProgramData\\Microsoft\\Windows\\WER\\ReportArchive\\AppCrash_dwm.exe_91b3146bf97640bdec1550bdc39ae1ac48d1cd8_fed57774_0d826f0e-192e-4c98-bf4e-b1571ad800c6, 0, bd8fb5de-2155-453a-934a-005086555e6f, 268435456, 5cf7e4b228f057d03d8b268f7743827f, 0","Binary":""}}}
{"Event":{"System":{"Provider":{"@Name":"Dwminit"},"EventID":{"@Qualifiers":"32770","#text":"0"},"Version":"0","Level":"3","Task":"0","Opcode":"0","Keywords":"0x80000000000000","TimeCreated":{"@SystemTime":"2025-04-23 18:10:27.9865732"},"EventRecordID":"4236","Correlation":null,"Execution":{"@ProcessID":"0","@ThreadID":"0"},"Channel":"Application","Computer":"Server002","Security":null},"EventData":{"Data":"0x8898009b, 1, VirtualBox Graphics Adapter (WDDM)","Binary":""}}}
{"Event":{"System":{"Provider":{"@Name":"Desktop Window Manager"},"EventID":{"@Qualifiers":"16384","#text":"9027"},"Version":"0","Level":"4","Task":"0","Opcode":"0","Keywords":"0x80000000000000","TimeCreated":{"@SystemTime":"2025-04-23 18:10:28.2524422"},"EventRecordID":"4237","Correlation":null,"Execution":{"@ProcessID":"0","@ThreadID":"0"},"Channel":"Application","Computer":"Server002","Security":null},"EventData":{"Data":"","Binary":""}}}
{"Event":{"System":{"Provider":{"@Name":"Application Error"},"EventID":{"@Qualifiers":"0","#text":"1000"},"Version":"0","Level":"2","Task":"100","Opcode":"0","Keywords":"0x80000000000000","TimeCreated":{"@SystemTime":"2025-04-23 18:15:47.1697403"},"EventRecordID":"4238","Correlation":null,"Execution":{"@ProcessID":"0","@ThreadID":"0"},"Channel":"Application","Computer":"Server002","Security":null},"EventData":{"Data":"dwm.exe, 10.0.19041.4355, 6564cf4e, unknown, 0.0.0.0, 00000000, 8898009b, 0000000000000000, 2938, 01dbb47afe25d557, C:\\Windows\\system32\\dwm.exe, unknown, 4782a99c-0b1b-4cd5-a58d-76964980ffb0","Binary":""}}}
{"Event":{"System":{"Provider":{"@Name":"Windows Error Reporting"},"EventID":{"@Qualifiers":"0","#text":"1001"},"Version":"0","Level":"4","Task":"0","Opcode":"0","Keywords":"0x80000000000000","TimeCreated":{"@SystemTime":"2025-04-23 18:15:49.8007608"},"EventRecordID":"4239","Correlation":null,"Execution":{"@ProcessID":"0","@ThreadID":"0"},"Channel":"Application","Computer":"Server002","Security":null},"EventData":{"Data":"2128837646485783167, 4, APPCRASH, Not available, 0, dwm.exe, 10.0.19041.4355, 6564cf4e, StackHash_c424, 0.0.0.0, 00000000, 8898009b, PCH_33_FROM_ntdll+0x00000000000A1E1F, \r\n\\\\?\\C:\\ProgramData\\Microsoft\\Windows\\WER\\Temp\\WERC6E0.tmp.dmp\r\n\\\\?\\C:\\ProgramData\\Microsoft\\Windows\\WER\\Temp\\WERC79C.tmp.WERInternalMetadata.xml\r\n\\\\?\\C:\\ProgramData\\Microsoft\\Windows\\WER\\Temp\\WERC849.tmp.xml\r\n\\\\?\\C:\\ProgramData\\Microsoft\\Windows\\WER\\Temp\\WERC857.tmp.csv\r\n\\\\?\\C:\\ProgramData\\Microsoft\\Windows\\WER\\Temp\\WERC887.tmp.txt, \\\\?\\C:\\ProgramData\\Microsoft\\Windows\\WER\\ReportArchive\\AppCrash_dwm.exe_91b3146bf97640bdec1550bdc39ae1ac48d1cd8_fed57774_40bc779b-08aa-4d84-9e0c-f3a4934a4017, 0, 4782a99c-0b1b-4cd5-a58d-76964980ffb0, 268435456, 5cf7e4b228f057d03d8b268f7743827f, 0","Binary":""}}}
{"Event":{"System":{"Provider":{"@Name":"Dwminit"},"EventID":{"@Qualifiers":"32770","#text":"0"},"Version":"0","Level":"3","Task":"0","Opcode":"0","Keywords":"0x80000000000000","TimeCreated":{"@SystemTime":"2025-04-23 18:15:49.9817302"},"EventRecordID":"4240","Correlation":null,"Execution":{"@ProcessID":"0","@ThreadID":"0"},"Channel":"Application","Computer":"Server002","Security":null},"EventData":{"Data":"0x8898009b, 1, VirtualBox Graphics Adapter (WDDM)","Binary":""}}}
{"Event":{"System":{"Provider":{"@Name":"Desktop Window Manager"},"EventID":{"@Qualifiers":"16384","#text":"9027"},"Version":"0","Level":"4","Task":"0","Opcode":"0","Keywords":"0x80000000000000","TimeCreated":{"@SystemTime":"2025-04-23 18:15:50.2056956"},"EventRecordID":"4241","Correlation":null,"Execution":{"@ProcessID":"0","@ThreadID":"0"},"Channel":"Application","Computer":"Server002","Security":null},"EventData":{"Data":"","Binary":""}}}
{"Event":{"System":{"Provider":{"@Name":"Application Error"},"EventID":{"@Qualifiers":"0","#text":"1000"},"Version":"0","Level":"2","Task":"100","Opcode":"0","Keywords":"0x80000000000000","TimeCreated":{"@SystemTime":"2025-04-23 18:21:50.3836639"},"EventRecordID":"4242","Correlation":null,"Execution":{"@ProcessID":"0","@ThreadID":"0"},"Channel":"Application","Computer":"Server002","Security":null},"EventData":{"Data":"dwm.exe, 10.0.19041.4355, 6564cf4e, unknown, 0.0.0.0, 00000000, 8898009b, 0000000000000000, 2f74, 01dbb47bbe0d0020, C:\\Windows\\system32\\dwm.exe, unknown, f9d4cf42-061a-4a0c-92b5-ed4696e38bfb","Binary":""}}}
{"Event":{"System":{"Provider":{"@Name":"Windows Error Reporting"},"EventID":{"@Qualifiers":"0","#text":"1001"},"Version":"0","Level":"4","Task":"0","Opcode":"0","Keywords":"0x80000000000000","TimeCreated":{"@SystemTime":"2025-04-23 18:21:53.6237673"},"EventRecordID":"4243","Correlation":null,"Execution":{"@ProcessID":"0","@ThreadID":"0"},"Channel":"Application","Computer":"Server002","Security":null},"EventData":{"Data":"2128837646485783167, 4, APPCRASH, Not available, 0, dwm.exe, 10.0.19041.4355, 6564cf4e, StackHash_c424, 0.0.0.0, 00000000, 8898009b, PCH_33_FROM_ntdll+0x00000000000A1E1F, \r\n\\\\?\\C:\\ProgramData\\Microsoft\\Windows\\WER\\Temp\\WER5193.tmp.dmp\r\n\\\\?\\C:\\ProgramData\\Microsoft\\Windows\\WER\\Temp\\WER52DC.tmp.WERInternalMetadata.xml\r\n\\\\?\\C:\\ProgramData\\Microsoft\\Windows\\WER\\Temp\\WER537A.tmp.xml\r\n\\\\?\\C:\\ProgramData\\Microsoft\\Windows\\WER\\Temp\\WER5387.tmp.csv\r\n\\\\?\\C:\\ProgramData\\Microsoft\\Windows\\WER\\Temp\\WER53C7.tmp.txt, \\\\?\\C:\\ProgramData\\Microsoft\\Windows\\WER\\ReportArchive\\AppCrash_dwm.exe_91b3146bf97640bdec1550bdc39ae1ac48d1cd8_fed57774_e78ae7a0-fa18-405f-b126-9e4aa9aece8a, 0, f9d4cf42-061a-4a0c-92b5-ed4696e38bfb, 268435456, 5cf7e4b228f057d03d8b268f7743827f, 0","Binary":""}}}
{"Event":{"System":{"Provider":{"@Name":"Dwminit"},"EventID":{"@Qualifiers":"32770","#text":"0"},"Version":"0","Level":"3","Task":"0","Opcode":"0","Keywords":"0x80000000000000","TimeCreated":{"@SystemTime":"2025-04-23 18:21:53.8112621"},"EventRecordID":"4244","Correlation":null,"Execution":{"@ProcessID":"0","@ThreadID":"0"},"Channel":"Application","Computer":"Server002","Security":null},"EventData":{"Data":"0x8898009b, 1, VirtualBox Graphics Adapter (WDDM)","Binary":""}}}
{"Event":{"System":{"Provider":{"@Name":"Desktop Window Manager"},"EventID":{"@Qualifiers":"16384","#text":"9027"},"Version":"0","Level":"4","Task":"0","Opcode":"0","Keywords":"0x80000000000000","TimeCreated":{"@SystemTime":"2025-04-23 18:21:54.0385621"},"EventRecordID":"4245","Correlation":null,"Execution":{"@ProcessID":"0","@ThreadID":"0"},"Channel":"Application","Computer":"Server002","Security":null},"EventData":{"Data":"","Binary":""}}}
{"Event":{"System":{"Provider":{"@Name":"Application Error"},"EventID":{"@Qualifiers":"0","#text":"1000"},"Version":"0","Level":"2","Task":"100","Opcode":"0","Keywords":"0x80000000000000","TimeCreated":{"@SystemTime":"2025-04-23 18:26:21.9196761"},"EventRecordID":"4246","Correlation":null,"Execution":{"@ProcessID":"0","@ThreadID":"0"},"Channel":"Application","Computer":"Server002","Security":null},"EventData":{"Data":"dwm.exe, 10.0.19041.4355, 6564cf4e, unknown, 0.0.0.0, 00000000, 8898009b, 0000000000000000, 2e1c, 01dbb47c96e98650, C:\\Windows\\system32\\dwm.exe, unknown, f9db4884-4e34-4730-942b-58d97f2d4749","Binary":""}}}
{"Event":{"System":{"Provider":{"@Name":"Windows Error Reporting"},"EventID":{"@Qualifiers":"0","#text":"1001"},"Version":"0","Level":"4","Task":"0","Opcode":"0","Keywords":"0x80000000000000","TimeCreated":{"@SystemTime":"2025-04-23 18:26:25.0836461"},"EventRecordID":"4247","Correlation":null,"Execution":{"@ProcessID":"0","@ThreadID":"0"},"Channel":"Application","Computer":"Server002","Security":null},"EventData":{"Data":"2128837646485783167, 4, APPCRASH, Not available, 0, dwm.exe, 10.0.19041.4355, 6564cf4e, StackHash_c424, 0.0.0.0, 00000000, 8898009b, PCH_33_FROM_ntdll+0x00000000000A1E1F, \r\n\\\\?\\C:\\ProgramData\\Microsoft\\Windows\\WER\\Temp\\WER766D.tmp.dmp\r\n\\\\?\\C:\\ProgramData\\Microsoft\\Windows\\WER\\Temp\\WER772A.tmp.WERInternalMetadata.xml\r\n\\\\?\\C:\\ProgramData\\Microsoft\\Windows\\WER\\Temp\\WER7815.tmp.xml\r\n\\\\?\\C:\\ProgramData\\Microsoft\\Windows\\WER\\Temp\\WER7823.tmp.csv\r\n\\\\?\\C:\\ProgramData\\Microsoft\\Windows\\WER\\Temp\\WER7853.tmp.txt, \\\\?\\C:\\ProgramData\\Microsoft\\Windows\\WER\\ReportArchive\\AppCrash_dwm.exe_91b3146bf97640bdec1550bdc39ae1ac48d1cd8_fed57774_9a7d5678-498e-407f-89a7-83251328352c, 0, f9db4884-4e34-4730-942b-58d97f2d4749, 268435456, 5cf7e4b228f057d03d8b268f7743827f, 0","Binary":""}}}
{"Event":{"System":{"Provider":{"@Name":"Dwminit"},"EventID":{"@Qualifiers":"32770","#text":"0"},"Version":"0","Level":"3","Task":"0","Opcode":"0","Keywords":"0x80000000000000","TimeCreated":{"@SystemTime":"2025-04-23 18:26:25.2368960"},"EventRecordID":"4248","Correlation":null,"Execution":{"@ProcessID":"0","@ThreadID":"0"},"Channel":"Application","Computer":"Server002","Security":null},"EventData":{"Data":"0x8898009b, 1, VirtualBox Graphics Adapter (WDDM)","Binary":""}}}
{"Event":{"System":{"Provider":{"@Name":"Desktop Window Manager"},"EventID":{"@Qualifiers":"16384","#text":"9027"},"Version":"0","Level":"4","Task":"0","Opcode":"0","Keywords":"0x80000000000000","TimeCreated":{"@SystemTime":"2025-04-23 18:26:25.5452273"},"EventRecordID":"4249","Correlation":null,"Execution":{"@ProcessID":"0","@ThreadID":"0"},"Channel":"Application","Computer":"Server002","Security":null},"EventData":{"Data":"","Binary":""}}}
{"Event":{"System":{"Provider":{"@Name":"Application Error"},"EventID":{"@Qualifiers":"0","#text":"1000"},"Version":"0","Level":"2","Task":"100","Opcode":"0","Keywords":"0x80000000000000","TimeCreated":{"@SystemTime":"2025-04-23 18:32:33.4784483"},"EventRecordID":"4250","Correlation":null,"Execution":{"@ProcessID":"0","@ThreadID":"0"},"Channel":"Application","Computer":"Server002","Security":null},"EventData":{"Data":"dwm.exe, 10.0.19041.4355, 6564cf4e, unknown, 0.0.0.0, 00000000, 8898009b, 0000000000000000, 31d8, 01dbb47d38b42a43, C:\\Windows\\system32\\dwm.exe, unknown, 3c58fcbe-39e0-4c76-a873-9bf3abc6e75f","Binary":""}}}
{"Event":{"System":{"Provider":{"@Name":"Windows Error Reporting"},"EventID":{"@Qualifiers":"0","#text":"1001"},"Version":"0","Level":"4","Task":"0","Opcode":"0","Keywords":"0x80000000000000","TimeCreated":{"@SystemTime":"2025-04-23 18:32:36.6187071"},"EventRecordID":"4251","Correlation":null,"Execution":{"@ProcessID":"0","@ThreadID":"0"},"Channel":"Application","Computer":"Server002","Security":null},"EventData":{"Data":"2128837646485783167, 4, APPCRASH, Not available, 0, dwm.exe, 10.0.19041.4355, 6564cf4e, StackHash_c424, 0.0.0.0, 00000000, 8898009b, PCH_33_FROM_ntdll+0x00000000000A1E1F, \r\n\\\\?\\C:\\ProgramData\\Microsoft\\Windows\\WER\\Temp\\WER21D8.tmp.dmp\r\n\\\\?\\C:\\ProgramData\\Microsoft\\Windows\\WER\\Temp\\WER22E3.tmp.WERInternalMetadata.xml\r\n\\\\?\\C:\\ProgramData\\Microsoft\\Windows\\WER\\Temp\\WER23ED.tmp.xml\r\n\\\\?\\C:\\ProgramData\\Microsoft\\Windows\\WER\\Temp\\WER240A.tmp.csv\r\n\\\\?\\C:\\ProgramData\\Microsoft\\Windows\\WER\\Temp\\WER243A.tmp.txt, \\\\?\\C:\\ProgramData\\Microsoft\\Windows\\WER\\ReportArchive\\AppCrash_dwm.exe_91b3146bf97640bdec1550bdc39ae1ac48d1cd8_fed57774_be67ba51-94c5-4fbb-b068-7d0191d6bf95, 0, 3c58fcbe-39e0-4c76-a873-9bf3abc6e75f, 268435456, 5cf7e4b228f057d03d8b268f7743827f, 0","Binary":""}}}
{"Event":{"System":{"Provider":{"@Name":"Dwminit"},"EventID":{"@Qualifiers":"32770","#text":"0"},"Version":"0","Level":"3","Task":"0","Opcode":"0","Keywords":"0x80000000000000","TimeCreated":{"@SystemTime":"2025-04-23 18:32:36.8069778"},"EventRecordID":"4252","Correlation":null,"Execution":{"@ProcessID":"0","@ThreadID":"0"},"Channel":"Application","Computer":"Server002","Security":null},"EventData":{"Data":"0x8898009b, 1, VirtualBox Graphics Adapter (WDDM)","Binary":""}}}
{"Event":{"System":{"Provider":{"@Name":"Desktop Window Manager"},"EventID":{"@Qualifiers":"16384","#text":"9027"},"Version":"0","Level":"4","Task":"0","Opcode":"0","Keywords":"0x80000000000000","TimeCreated":{"@SystemTime":"2025-04-23 18:32:36.9968878"},"EventRecordID":"4253","Correlation":null,"Execution":{"@ProcessID":"0","@ThreadID":"0"},"Channel":"Application","Computer":"Server002","Security":null},"EventData":{"Data":"","Binary":""}}}
{"Event":{"System":{"Provider":{"@Name":"Application Error"},"EventID":{"@Qualifiers":"0","#text":"1000"},"Version":"0","Level":"2","Task":"100","Opcode":"0","Keywords":"0x80000000000000","TimeCreated":{"@SystemTime":"2025-04-23 18:37:34.6486221"},"EventRecordID":"4254","Correlation":null,"Execution":{"@ProcessID":"0","@ThreadID":"0"},"Channel":"Application","Computer":"Server002","Security":null},"EventData":{"Data":"dwm.exe, 10.0.19041.4355, 6564cf4e, unknown, 0.0.0.0, 00000000, 8898009b, 0000000000000000, ee0, 01dbb47e1629c341, C:\\Windows\\system32\\dwm.exe, unknown, bef73ca5-e63c-4847-a349-67856b516b8c","Binary":""}}}
{"Event":{"System":{"Provider":{"@Name":"Windows Error Reporting"},"EventID":{"@Qualifiers":"0","#text":"1001"},"Version":"0","Level":"4","Task":"0","Opcode":"0","Keywords":"0x80000000000000","TimeCreated":{"@SystemTime":"2025-04-23 18:37:37.3972748"},"EventRecordID":"4255","Correlation":null,"Execution":{"@ProcessID":"0","@ThreadID":"0"},"Channel":"Application","Computer":"Server002","Security":null},"EventData":{"Data":"2128837646485783167, 4, APPCRASH, Not available, 0, dwm.exe, 10.0.19041.4355, 6564cf4e, StackHash_c424, 0.0.0.0, 00000000, 8898009b, PCH_33_FROM_ntdll+0x00000000000A1E1F, \r\n\\\\?\\C:\\ProgramData\\Microsoft\\Windows\\WER\\Temp\\WERBA4C.tmp.dmp\r\n\\\\?\\C:\\ProgramData\\Microsoft\\Windows\\WER\\Temp\\WERBAE9.tmp.WERInternalMetadata.xml\r\n\\\\?\\C:\\ProgramData\\Microsoft\\Windows\\WER\\Temp\\WERBB77.tmp.xml\r\n\\\\?\\C:\\ProgramData\\Microsoft\\Windows\\WER\\Temp\\WERBB94.tmp.csv\r\n\\\\?\\C:\\ProgramData\\Microsoft\\Windows\\WER\\Temp\\WERBBD3.tmp.txt, \\\\?\\C:\\ProgramData\\Microsoft\\Windows\\WER\\ReportArchive\\AppCrash_dwm.exe_91b3146bf97640bdec1550bdc39ae1ac48d1cd8_fed57774_73f9cb3c-8cb1-4b89-ad7d-92dc58aaa7c9, 0, bef73ca5-e63c-4847-a349-67856b516b8c, 268435456, 5cf7e4b228f057d03d8b268f7743827f, 0","Binary":""}}}
{"Event":{"System":{"Provider":{"@Name":"Dwminit"},"EventID":{"@Qualifiers":"32770","#text":"0"},"Version":"0","Level":"3","Task":"0","Opcode":"0","Keywords":"0x80000000000000","TimeCreated":{"@SystemTime":"2025-04-23 18:37:37.5916267"},"EventRecordID":"4256","Correlation":null,"Execution":{"@ProcessID":"0","@ThreadID":"0"},"Channel":"Application","Computer":"Server002","Security":null},"EventData":{"Data":"0x8898009b, 1, VirtualBox Graphics Adapter (WDDM)","Binary":""}}}
{"Event":{"System":{"Provider":{"@Name":"Desktop Window Manager"},"EventID":{"@Qualifiers":"16384","#text":"9027"},"Version":"0","Level":"4","Task":"0","Opcode":"0","Keywords":"0x80000000000000","TimeCreated":{"@SystemTime":"2025-04-23 18:37:37.8078412"},"EventRecordID":"4257","Correlation":null,"Execution":{"@ProcessID":"0","@ThreadID":"0"},"Channel":"Application","Computer":"Server002","Security":null},"EventData":{"Data":"","Binary":""}}}
{"Event":{"System":{"Provider":{"@Name":"Application Error"},"EventID":{"@Qualifiers":"0","#text":"1000"},"Version":"0","Level":"2","Task":"100","Opcode":"0","Keywords":"0x80000000000000","TimeCreated":{"@SystemTime":"2025-04-23 18:37:59.4773564"},"EventRecordID":"4258","Correlation":null,"Execution":{"@ProcessID":"0","@ThreadID":"0"},"Channel":"Application","Computer":"Server002","Security":null},"EventData":{"Data":"dwm.exe, 10.0.19041.4355, 6564cf4e, unknown, 0.0.0.0, 00000000, 8898009b, 0000000000000000, 2254, 01dbb47ec97587d8, C:\\Windows\\system32\\dwm.exe, unknown, a9e98a1d-0841-4a68-b74a-ade3d6670ac9","Binary":""}}}
{"Event":{"System":{"Provider":{"@Name":"Windows Error Reporting"},"EventID":{"@Qualifiers":"0","#text":"1001"},"Version":"0","Level":"4","Task":"0","Opcode":"0","Keywords":"0x80000000000000","TimeCreated":{"@SystemTime":"2025-04-23 18:38:01.8477523"},"EventRecordID":"4259","Correlation":null,"Execution":{"@ProcessID":"0","@ThreadID":"0"},"Channel":"Application","Computer":"Server002","Security":null},"EventData":{"Data":"2128837646485783167, 4, APPCRASH, Not available, 0, dwm.exe, 10.0.19041.4355, 6564cf4e, StackHash_c424, 0.0.0.0, 00000000, 8898009b, PCH_33_FROM_ntdll+0x00000000000A1E1F, \r\n\\\\?\\C:\\ProgramData\\Microsoft\\Windows\\WER\\Temp\\WER1B48.tmp.dmp\r\n\\\\?\\C:\\ProgramData\\Microsoft\\Windows\\WER\\Temp\\WER1C33.tmp.WERInternalMetadata.xml\r\n\\\\?\\C:\\ProgramData\\Microsoft\\Windows\\WER\\Temp\\WER1CD1.tmp.xml\r\n\\\\?\\C:\\ProgramData\\Microsoft\\Windows\\WER\\Temp\\WER1CFF.tmp.csv\r\n\\\\?\\C:\\ProgramData\\Microsoft\\Windows\\WER\\Temp\\WER1D4F.tmp.txt, \\\\?\\C:\\ProgramData\\Microsoft\\Windows\\WER\\ReportArchive\\AppCrash_dwm.exe_91b3146bf97640bdec1550bdc39ae1ac48d1cd8_fed57774_1b82bf91-6291-4079-9ac6-02fc829efe8a, 0, a9e98a1d-0841-4a68-b74a-ade3d6670ac9, 268435456, 5cf7e4b228f057d03d8b268f7743827f, 0","Binary":""}}}
{"Event":{"System":{"Provider":{"@Name":"Dwminit"},"EventID":{"@Qualifiers":"32770","#text":"0"},"Version":"0","Level":"3","Task":"0","Opcode":"0","Keywords":"0x80000000000000","TimeCreated":{"@SystemTime":"2025-04-23 18:38:02.0644958"},"EventRecordID":"4260","Correlation":null,"Execution":{"@ProcessID":"0","@ThreadID":"0"},"Channel":"Application","Computer":"Server002","Security":null},"EventData":{"Data":"0x8898009b, 2, VirtualBox Graphics Adapter (WDDM)","Binary":""}}}
{"Event":{"System":{"Provider":{"@Name":"Desktop Window Manager"},"EventID":{"@Qualifiers":"16384","#text":"9027"},"Version":"0","Level":"4","Task":"0","Opcode":"0","Keywords":"0x80000000000000","TimeCreated":{"@SystemTime":"2025-04-23 18:38:02.3080554"},"EventRecordID":"4261","Correlation":null,"Execution":{"@ProcessID":"0","@ThreadID":"0"},"Channel":"Application","Computer":"Server002","Security":null},"EventData":{"Data":"","Binary":""}}}
{"Event":{"System":{"Provider":{"@Name":"Application Error"},"EventID":{"@Qualifiers":"0","#text":"1000"},"Version":"0","Level":"2","Task":"100","Opcode":"0","Keywords":"0x80000000000000","TimeCreated":{"@SystemTime":"2025-04-23 18:42:54.6622327"},"EventRecordID":"4262","Correlation":null,"Execution":{"@ProcessID":"0","@ThreadID":"0"},"Channel":"Application","Computer":"Server002","Security":null},"EventData":{"Data":"dwm.exe, 10.0.19041.4355, 6564cf4e, unknown, 0.0.0.0, 00000000, 8898009b, 0000000000000000, 2c0c, 01dbb47ed8065ad2, C:\\Windows\\system32\\dwm.exe, unknown, 0db73f7f-c25b-47db-9f7f-d9c0670221d9","Binary":""}}}
{"Event":{"System":{"Provider":{"@Name":"Windows Error Reporting"},"EventID":{"@Qualifiers":"0","#text":"1001"},"Version":"0","Level":"4","Task":"0","Opcode":"0","Keywords":"0x80000000000000","TimeCreated":{"@SystemTime":"2025-04-23 18:42:57.9321979"},"EventRecordID":"4263","Correlation":null,"Execution":{"@ProcessID":"0","@ThreadID":"0"},"Channel":"Application","Computer":"Server002","Security":null},"EventData":{"Data":"2128837646485783167, 4, APPCRASH, Not available, 0, dwm.exe, 10.0.19041.4355, 6564cf4e, StackHash_c424, 0.0.0.0, 00000000, 8898009b, PCH_33_FROM_ntdll+0x00000000000A1E1F, \r\n\\\\?\\C:\\ProgramData\\Microsoft\\Windows\\WER\\Temp\\WER9C3C.tmp.dmp\r\n\\\\?\\C:\\ProgramData\\Microsoft\\Windows\\WER\\Temp\\WER9D08.tmp.WERInternalMetadata.xml\r\n\\\\?\\C:\\ProgramData\\Microsoft\\Windows\\WER\\Temp\\WER9D96.tmp.xml\r\n\\\\?\\C:\\ProgramData\\Microsoft\\Windows\\WER\\Temp\\WER9DA4.tmp.csv\r\n\\\\?\\C:\\ProgramData\\Microsoft\\Windows\\WER\\Temp\\WER9DE3.tmp.txt, \\\\?\\C:\\ProgramData\\Microsoft\\Windows\\WER\\ReportArchive\\AppCrash_dwm.exe_91b3146bf97640bdec1550bdc39ae1ac48d1cd8_fed57774_88d2fe30-6b86-4da9-b1af-38a4333968c7, 0, 0db73f7f-c25b-47db-9f7f-d9c0670221d9, 268435456, 5cf7e4b228f057d03d8b268f7743827f, 0","Binary":""}}}
{"Event":{"System":{"Provider":{"@Name":"Dwminit"},"EventID":{"@Qualifiers":"32770","#text":"0"},"Version":"0","Level":"3","Task":"0","Opcode":"0","Keywords":"0x80000000000000","TimeCreated":{"@SystemTime":"2025-04-23 18:42:58.1321681"},"EventRecordID":"4264","Correlation":null,"Execution":{"@ProcessID":"0","@ThreadID":"0"},"Channel":"Application","Computer":"Server002","Security":null},"EventData":{"Data":"0x8898009b, 1, VirtualBox Graphics Adapter (WDDM)","Binary":""}}}
{"Event":{"System":{"Provider":{"@Name":"Desktop Window Manager"},"EventID":{"@Qualifiers":"16384","#text":"9027"},"Version":"0","Level":"4","Task":"0","Opcode":"0","Keywords":"0x80000000000000","TimeCreated":{"@SystemTime":"2025-04-23 18:42:58.3942527"},"EventRecordID":"4265","Correlation":null,"Execution":{"@ProcessID":"0","@ThreadID":"0"},"Channel":"Application","Computer":"Server002","Security":null},"EventData":{"Data":"","Binary":""}}}
{"Event":{"System":{"Provider":{"@Name":"Application Error"},"EventID":{"@Qualifiers":"0","#text":"1000"},"Version":"0","Level":"2","Task":"100","Opcode":"0","Keywords":"0x80000000000000","TimeCreated":{"@SystemTime":"2025-04-23 18:49:29.0900978"},"EventRecordID":"4266","Correlation":null,"Execution":{"@ProcessID":"0","@ThreadID":"0"},"Channel":"Application","Computer":"Server002","Security":null},"EventData":{"Data":"dwm.exe, 10.0.19041.4355, 6564cf4e, unknown, 0.0.0.0, 00000000, 8898009b, 0000000000000000, 1008, 01dbb47f8881680c, C:\\Windows\\system32\\dwm.exe, unknown, b485fdbb-c6c3-482b-a22c-27cd4b791b9c","Binary":""}}}
{"Event":{"System":{"Provider":{"@Name":"Windows Error Reporting"},"EventID":{"@Qualifiers":"0","#text":"1001"},"Version":"0","Level":"4","Task":"0","Opcode":"0","Keywords":"0x80000000000000","TimeCreated":{"@SystemTime":"2025-04-23 18:49:32.6509976"},"EventRecordID":"4267","Correlation":null,"Execution":{"@ProcessID":"0","@ThreadID":"0"},"Channel":"Application","Computer":"Server002","Security":null},"EventData":{"Data":"2128837646485783167, 4, APPCRASH, Not available, 0, dwm.exe, 10.0.19041.4355, 6564cf4e, StackHash_c424, 0.0.0.0, 00000000, 8898009b, PCH_33_FROM_ntdll+0x00000000000A1E1F, \r\n\\\\?\\C:\\ProgramData\\Microsoft\\Windows\\WER\\Temp\\WERA102.tmp.dmp\r\n\\\\?\\C:\\ProgramData\\Microsoft\\Windows\\WER\\Temp\\WERA1BE.tmp.WERInternalMetadata.xml\r\n\\\\?\\C:\\ProgramData\\Microsoft\\Windows\\WER\\Temp\\WERA2AA.tmp.xml\r\n\\\\?\\C:\\ProgramData\\Microsoft\\Windows\\WER\\Temp\\WERA2B7.tmp.csv\r\n\\\\?\\C:\\ProgramData\\Microsoft\\Windows\\WER\\Temp\\WERA2E7.tmp.txt, \\\\?\\C:\\ProgramData\\Microsoft\\Windows\\WER\\ReportArchive\\AppCrash_dwm.exe_91b3146bf97640bdec1550bdc39ae1ac48d1cd8_fed57774_18add3af-7d40-4591-9a9a-6fd3549e5dd9, 0, b485fdbb-c6c3-482b-a22c-27cd4b791b9c, 268435456, 5cf7e4b228f057d03d8b268f7743827f, 0","Binary":""}}}
{"Event":{"System":{"Provider":{"@Name":"Dwminit"},"EventID":{"@Qualifiers":"32770","#text":"0"},"Version":"0","Level":"3","Task":"0","Opcode":"0","Keywords":"0x80000000000000","TimeCreated":{"@SystemTime":"2025-04-23 18:49:32.8188870"},"EventRecordID":"4268","Correlation":null,"Execution":{"@ProcessID":"0","@ThreadID":"0"},"Channel":"Application","Computer":"Server002","Security":null},"EventData":{"Data":"0x8898009b, 1, VirtualBox Graphics Adapter (WDDM)","Binary":""}}}
{"Event":{"System":{"Provider":{"@Name":"Desktop Window Manager"},"EventID":{"@Qualifiers":"16384","#text":"9027"},"Version":"0","Level":"4","Task":"0","Opcode":"0","Keywords":"0x80000000000000","TimeCreated":{"@SystemTime":"2025-04-23 18:49:33.0491397"},"EventRecordID":"4269","Correlation":null,"Execution":{"@ProcessID":"0","@ThreadID":"0"},"Channel":"Application","Computer":"Server002","Security":null},"EventData":{"Data":"","Binary":""}}}
{"Event":{"System":{"Provider":{"@Name":"Microsoft-Windows-Winlogon","@Guid":"{DBE9B383-7CF3-4331-91CC-A3CB16A3B538}","@EventSourceName":"Wlclntfy"},"EventID":{"@Qualifiers":"32768","#text":"6000"},"Version":"0","Level":"4","Task":"0","Opcode":"0","Keywords":"0x80000000000000","TimeCreated":{"@SystemTime":"2025-04-23 19:00:10.5989002"},"EventRecordID":"4270","Correlation":null,"Execution":{"@ProcessID":"0","@ThreadID":"0"},"Channel":"Application","Computer":"Server002","Security":null},"EventData":{"Data":"WSearch","Binary":"D9-06-00-00"}}}
{"Event":{"System":{"Provider":{"@Name":"Microsoft-Windows-Winlogon","@Guid":"{DBE9B383-7CF3-4331-91CC-A3CB16A3B538}","@EventSourceName":"Wlclntfy"},"EventID":{"@Qualifiers":"32768","#text":"6000"},"Version":"0","Level":"4","Task":"0","Opcode":"0","Keywords":"0x80000000000000","TimeCreated":{"@SystemTime":"2025-04-23 19:00:10.6123016"},"EventRecordID":"4271","Correlation":null,"Execution":{"@ProcessID":"0","@ThreadID":"0"},"Channel":"Application","Computer":"Server002","Security":null},"EventData":{"Data":"SessionEnv","Binary":"D9-06-00-00"}}}
{"Event":{"System":{"Provider":{"@Name":".NET Runtime Optimization Service"},"EventID":{"@Qualifiers":"0","#text":"1130"},"Version":"0","Level":"0","Task":"0","Opcode":"0","Keywords":"0x80000000000000","TimeCreated":{"@SystemTime":"2025-04-23 19:00:23.6280442"},"EventRecordID":"4272","Correlation":null,"Execution":{"@ProcessID":"0","@ThreadID":"0"},"Channel":"Application","Computer":"Server002","Security":null},"EventData":{"Data":".NET Runtime Optimization Service (4.0.30319.0) - Installed from repository: mscorlib","Binary":""}}}
{"Event":{"System":{"Provider":{"@Name":".NET Runtime Optimization Service"},"EventID":{"@Qualifiers":"0","#text":"1130"},"Version":"0","Level":"0","Task":"0","Opcode":"0","Keywords":"0x80000000000000","TimeCreated":{"@SystemTime":"2025-04-23 19:00:24.1777991"},"EventRecordID":"4273","Correlation":null,"Execution":{"@ProcessID":"0","@ThreadID":"0"},"Channel":"Application","Computer":"Server002","Security":null},"EventData":{"Data":".NET Runtime Optimization Service (4.0.30319.0) - Installed from repository: mscorlib","Binary":""}}}
{"Event":{"System":{"Provider":{"@Name":"MBAMService"},"EventID":{"@Qualifiers":"0","#text":"0"},"Version":"0","Level":"4","Task":"0","Opcode":"0","Keywords":"0x80000000000000","TimeCreated":{"@SystemTime":"2025-04-23 19:00:33.0174661"},"EventRecordID":"4274","Correlation":null,"Execution":{"@ProcessID":"0","@ThreadID":"0"},"Channel":"Application","Computer":"Server002","Security":null},"EventData":{"Data":"Service stopped","Binary":""}}}
{"Event":{"System":{"Provider":{"@Name":"VSS"},"EventID":{"@Qualifiers":"0","#text":"13"},"Version":"0","Level":"2","Task":"0","Opcode":"0","Keywords":"0x80000000000000","TimeCreated":{"@SystemTime":"2025-04-23 19:00:33.6031726"},"EventRecordID":"4275","Correlation":null,"Execution":{"@ProcessID":"0","@ThreadID":"0"},"Channel":"Application","Computer":"Server002","Security":null},"EventData":{"Data":"{4e14fba2-2e22-11d1-9964-00c04fbbb345}, CEventSystem, 0x8007045b, A system shutdown is in progress.\r\n","Binary":"2D-20-43-6F-64-65-3A-20-57-52-54-57-52-54-49-43-30-30-30-30-34-39-32-33-2D-20-43-61-6C-6C-3A-20-57-52-54-57-52-54-49-43-30-30-30-30-34-39-31-36-2D-20-50-49-44-3A-20-20-30-30-30-30-32-37-36-34-2D-20-54-49-44-3A-20-20-30-30-30-30-35-38-32-38-2D-20-43-4D-44-3A-20-20-43-3A-5C-57-69-6E-64-6F-77-73-5C-73-79-73-74-65-6D-33-32-5C-73-76-63-68-6F-73-74-2E-65-78-65-20-2D-6B-20-4E-65-74-77-6F-72-6B-53-65-72-76-69-63-65-20-2D-70-20-2D-73-20-43-72-79-70-74-53-76-63-2D-20-55-73-65-72-3A-20-4E-61-6D-65-3A-20-4E-54-20-41-55-54-48-4F-52-49-54-59-5C-4E-45-54-57-4F-52-4B-20-53-45-52-56-49-43-45-2C-20-53-49-44-3A-53-2D-31-2D-35-2D-32-30"}}}
{"Event":{"System":{"Provider":{"@Name":"VSS"},"EventID":{"@Qualifiers":"0","#text":"8193"},"Version":"0","Level":"2","Task":"0","Opcode":"0","Keywords":"0x80000000000000","TimeCreated":{"@SystemTime":"2025-04-23 19:00:33.6031726"},"EventRecordID":"4276","Correlation":null,"Execution":{"@ProcessID":"0","@ThreadID":"0"},"Channel":"Application","Computer":"Server002","Security":null},"EventData":{"Data":"CoCreateInstance, 0x8007045b, A system shutdown is in progress.\r\n","Binary":"2D-20-43-6F-64-65-3A-20-57-52-54-57-52-54-49-43-30-30-30-30-34-39-33-30-2D-20-43-61-6C-6C-3A-20-57-52-54-57-52-54-49-43-30-30-30-30-34-39-31-36-2D-20-50-49-44-3A-20-20-30-30-30-30-32-37-36-34-2D-20-54-49-44-3A-20-20-30-30-30-30-35-38-32-38-2D-20-43-4D-44-3A-20-20-43-3A-5C-57-69-6E-64-6F-77-73-5C-73-79-73-74-65-6D-33-32-5C-73-76-63-68-6F-73-74-2E-65-78-65-20-2D-6B-20-4E-65-74-77-6F-72-6B-53-65-72-76-69-63-65-20-2D-70-20-2D-73-20-43-72-79-70-74-53-76-63-2D-20-55-73-65-72-3A-20-4E-61-6D-65-3A-20-4E-54-20-41-55-54-48-4F-52-49-54-59-5C-4E-45-54-57-4F-52-4B-20-53-45-52-56-49-43-45-2C-20-53-49-44-3A-53-2D-31-2D-35-2D-32-30"}}}
{"Event":{"System":{"Provider":{"@Name":"Microsoft-Windows-User Profiles Service","@Guid":"89b1e9f0-5aff-44a6-9b44-0a07a7ce5845"},"EventID":"1532","Version":"0","Level":"4","Task":"0","Opcode":"0","Keywords":"0x8000000000000000","TimeCreated":{"@SystemTime":"2025-04-23 19:00:33.6172439"},"EventRecordID":"4277","Correlation":null,"Execution":{"@ProcessID":"1196","@ThreadID":"1280"},"Channel":"Application","Computer":"Server002","Security":{"@UserID":"S-1-5-18"}},"EventData":""}}
{"Event":{"System":{"Provider":{"@Name":"Microsoft-Windows-EventSystem","@Guid":"{899daace-4868-4295-afcd-9eb8fb497561}","@EventSourceName":"EventSystem"},"EventID":{"@Qualifiers":"16384","#text":"4625"},"Version":"0","Level":"4","Task":"0","Opcode":"0","Keywords":"0x80000000000000","TimeCreated":{"@SystemTime":"2025-04-23 19:01:04.8077834"},"EventRecordID":"4278","Correlation":null,"Execution":{"@ProcessID":"0","@ThreadID":"0"},"Channel":"Application","Computer":"Server002","Security":null},"EventData":{"Data":[{"@Name":"param1","#text":"86400"},{"@Name":"param2","#text":"SuppressDuplicateDuration"},{"@Name":"param3","#text":"Software\\Microsoft\\EventSystem\\EventLog"}]}}}
{"Event":{"System":{"Provider":{"@Name":"Microsoft-Windows-User Profiles Service","@Guid":"89b1e9f0-5aff-44a6-9b44-0a07a7ce5845"},"EventID":"1531","Version":"0","Level":"4","Task":"0","Opcode":"0","Keywords":"0x8000000000000000","TimeCreated":{"@SystemTime":"2025-04-23 19:01:04.8104196"},"EventRecordID":"4279","Correlation":null,"Execution":{"@ProcessID":"1528","@ThreadID":"1680"},"Channel":"Application","Computer":"Server002","Security":{"@UserID":"S-1-5-18"}},"EventData":""}}
{"Event":{"System":{"Provider":{"@Name":"Microsoft-Windows-WMI","@Guid":"1edeee53-0afe-4609-b846-d8c0b2075b1f"},"EventID":"5615","Version":"2","Level":"4","Task":"0","Opcode":"0","Keywords":"0x8000000000000000","TimeCreated":{"@SystemTime":"2025-04-23 19:01:06.0132883"},"EventRecordID":"4280","Correlation":null,"Execution":{"@ProcessID":"2468","@ThreadID":"2536"},"Channel":"Application","Computer":"Server002","Security":{"@UserID":"S-1-5-18"}},"EventData":""}}
