{"Event":{"System":{"Provider":{"@Name":"Microsoft-Windows-Kernel-General","@Guid":"a68ca8b7-004f-d7b6-a698-07e2de0f1f5d"},"EventID":"16","Version":"0","Level":"4","Task":"0","Opcode":"0","Keywords":"0x8000000000000000","TimeCreated":{"@SystemTime":"2025-04-16 15:48:12.6478117"},"EventRecordID":"3648","Correlation":null,"Execution":{"@ProcessID":"704","@ThreadID":"6792"},"Channel":"System","Computer":"Server002","Security":{"@UserID":"S-1-5-21-3962163828-2803415714-1403596700-1001"}},"EventData":{"Data":[{"@Name":"HiveNameLength","#text":"105"},{"@Name":"HiveName","#text":"\\??\\C:\\Users\\lplui\\AppData\\Local\\Packages\\Microsoft.Microsoft3DViewer_8wekyb3d8bbwe\\Settings\\settings.dat"},{"@Name":"KeysUpdated","#text":"3"},{"@Name":"DirtyPages","#text":"1"}]}}}
{"Event":{"System":{"Provider":{"@Name":"Microsoft-Windows-Kernel-General","@Guid":"a68ca8b7-004f-d7b6-a698-07e2de0f1f5d"},"EventID":"16","Version":"0","Level":"4","Task":"0","Opcode":"0","Keywords":"0x8000000000000000","TimeCreated":{"@SystemTime":"2025-04-16 15:48:14.4524510"},"EventRecordID":"3649","Correlation":null,"Execution":{"@ProcessID":"704","@ThreadID":"6776"},"Channel":"System","Computer":"Server002","Security":{"@UserID":"S-1-5-21-3962163828-2803415714-1403596700-1001"}},"EventData":{"Data":[{"@Name":"HiveNameLength","#text":"106"},{"@Name":"HiveName","#text":"\\??\\C:\\Users\\lplui\\AppData\\Local\\Packages\\Microsoft.HEIFImageExtension_8wekyb3d8bbwe\\Settings\\settings.dat"},{"@Name":"KeysUpdated","#text":"3"},{"@Name":"DirtyPages","#text":"1"}]}}}
{"Event":{"System":{"Provider":{"@Name":"Microsoft-Windows-Kernel-General","@Guid":"a68ca8b7-004f-d7b6-a698-07e2de0f1f5d"},"EventID":"16","Version":"0","Level":"4","Task":"0","Opcode":"0","Keywords":"0x8000000000000000","TimeCreated":{"@SystemTime":"2025-04-16 15:48:16.6370877"},"EventRecordID":"3650","Correlation":null,"Execution":{"@ProcessID":"704","@ThreadID":"6792"},"Channel":"System","Computer":"Server002","Security":{"@UserID":"S-1-5-21-3962163828-2803415714-1403596700-1001"}},"EventData":{"Data":[{"@Name":"HiveNameLength","#text":"98"},{"@Name":"HiveName","#text":"\\??\\C:\\Users\\lplui\\AppData\\Local\\Packages\\Microsoft.Getstarted_8wekyb3d8bbwe\\Settings\\settings.dat"},{"@Name":"KeysUpdated","#text":"3"},{"@Name":"DirtyPages","#text":"1"}]}}}
{"Event":{"System":{"Provider":{"@Name":"Microsoft-Windows-WindowsUpdateClient","@Guid":"945a8954-c147-4acd-923f-40c45405a658"},"EventID":"44","Version":"1","Level":"4","Task":"1","Opcode":"12","Keywords":"0x8000000000002004","TimeCreated":{"@SystemTime":"2025-04-16 15:48:31.2546950"},"EventRecordID":"3651","Correlation":null,"Execution":{"@ProcessID":"4400","@ThreadID":"5264"},"Channel":"System","Computer":"Server002","Security":{"@UserID":"S-1-5-18"}},"EventData":{"Data":[{"@Name":"updateTitle","#text":"9NBLGGH3FRZM-Microsoft.VCLibs.140.00"},{"@Name":"updateGuid","#text":"7c4b0956-b3f1-40ac-a633-668abc5d6af2"},{"@Name":"updateRevisionNumber","#text":"1"}]}}}
{"Event":{"System":{"Provider":{"@Name":"Microsoft-Windows-WindowsUpdateClient","@Guid":"945a8954-c147-4acd-923f-40c45405a658"},"EventID":"44","Version":"1","Level":"4","Task":"1","Opcode":"12","Keywords":"0x8000000000002004","TimeCreated":{"@SystemTime":"2025-04-16 15:48:31.2546980"},"EventRecordID":"3652","Correlation":null,"Execution":{"@ProcessID":"4400","@ThreadID":"5264"},"Channel":"System","Computer":"Server002","Security":{"@UserID":"S-1-5-18"}},"EventData":{"Data":[{"@Name":"updateTitle","#text":"9NBLGGH4RV3K-Microsoft.VCLibs.140.00.UWPDesktop"},{"@Name":"updateGuid","#text":"fcdd3b59-f41c-4595-b36b-245bacb749e8"},{"@Name":"updateRevisionNumber","#text":"1"}]}}}
{"Event":{"System":{"Provider":{"@Name":"Microsoft-Windows-WindowsUpdateClient","@Guid":"945a8954-c147-4acd-923f-40c45405a658"},"EventID":"44","Version":"1","Level":"4","Task":"1","Opcode":"12","Keywords":"0x8000000000002004","TimeCreated":{"@SystemTime":"2025-04-16 15:48:31.2574556"},"EventRecordID":"3653","Correlation":null,"Execution":{"@ProcessID":"4400","@ThreadID":"5264"},"Channel":"System","Computer":"Server002","Security":{"@UserID":"S-1-5-18"}},"EventData":{"Data":[{"@Name":"updateTitle","#text":"9N4D0MSMP0PT-Microsoft.VP9VideoExtensions"},{"@Name":"updateGuid","#text":"44581fb6-8638-482d-89f9-4e1ed4356a44"},{"@Name":"updateRevisionNumber","#text":"1"}]}}}
{"Event":{"System":{"Provider":{"@Name":"Microsoft-Windows-WindowsUpdateClient","@Guid":"945a8954-c147-4acd-923f-40c45405a658"},"EventID":"44","Version":"1","Level":"4","Task":"1","Opcode":"12","Keywords":"0x8000000000002004","TimeCreated":{"@SystemTime":"2025-04-16 15:48:42.2955622"},"EventRecordID":"3654","Correlation":null,"Execution":{"@ProcessID":"4400","@ThreadID":"5264"},"Channel":"System","Computer":"Server002","Security":{"@UserID":"S-1-5-18"}},"EventData":{"Data":[{"@Name":"updateTitle","#text":"9PKDZBMV1H3T-Microsoft.GetHelp"},{"@Name":"updateGuid","#text":"0d3a7753-0583-485b-bff6-989a4837d059"},{"@Name":"updateRevisionNumber","#text":"1"}]}}}
{"Event":{"System":{"Provider":{"@Name":"Microsoft-Windows-WindowsUpdateClient","@Guid":"945a8954-c147-4acd-923f-40c45405a658"},"EventID":"44","Version":"1","Level":"4","Task":"1","Opcode":"12","Keywords":"0x8000000000002004","TimeCreated":{"@SystemTime":"2025-04-16 15:48:42.2955679"},"EventRecordID":"3655","Correlation":null,"Execution":{"@ProcessID":"4400","@ThreadID":"5264"},"Channel":"System","Computer":"Server002","Security":{"@UserID":"S-1-5-18"}},"EventData":{"Data":[{"@Name":"updateTitle","#text":"9NG1H8B3ZC7M-Microsoft.MixedReality.Portal"},{"@Name":"updateGuid","#text":"4f96b2fd-41c2-4891-a378-b0b1a6a42dcf"},{"@Name":"updateRevisionNumber","#text":"1"}]}}}
{"Event":{"System":{"Provider":{"@Name":"Microsoft-Windows-Kernel-General","@Guid":"a68ca8b7-004f-d7b6-a698-07e2de0f1f5d"},"EventID":"16","Version":"0","Level":"4","Task":"0","Opcode":"0","Keywords":"0x8000000000000000","TimeCreated":{"@SystemTime":"2025-04-16 15:48:44.1689861"},"EventRecordID":"3656","Correlation":null,"Execution":{"@ProcessID":"704","@ThreadID":"6776"},"Channel":"System","Computer":"Server002","Security":{"@UserID":"S-1-5-21-3962163828-2803415714-1403596700-1001"}},"EventData":{"Data":[{"@Name":"HiveNameLength","#text":"95"},{"@Name":"HiveName","#text":"\\??\\C:\\Users\\lplui\\AppData\\Local\\Packages\\Microsoft.GetHelp_8wekyb3d8bbwe\\Settings\\settings.dat"},{"@Name":"KeysUpdated","#text":"3"},{"@Name":"DirtyPages","#text":"1"}]}}}
{"Event":{"System":{"Provider":{"@Name":"Microsoft-Windows-Kernel-General","@Guid":"a68ca8b7-004f-d7b6-a698-07e2de0f1f5d"},"EventID":"16","Version":"0","Level":"4","Task":"0","Opcode":"0","Keywords":"0x8000000000000000","TimeCreated":{"@SystemTime":"2025-04-16 15:48:48.9392947"},"EventRecordID":"3657","Correlation":null,"Execution":{"@ProcessID":"704","@ThreadID":"6776"},"Channel":"System","Computer":"Server002","Security":{"@UserID":"S-1-5-21-3962163828-2803415714-1403596700-1001"}},"EventData":{"Data":[{"@Name":"HiveNameLength","#text":"99"},{"@Name":"HiveName","#text":"\\??\\C:\\Users\\lplui\\AppData\\Local\\Packages\\Microsoft.BingWeather_8wekyb3d8bbwe\\Settings\\settings.dat"},{"@Name":"KeysUpdated","#text":"2"},{"@Name":"DirtyPages","#text":"1"}]}}}
{"Event":{"System":{"Provider":{"@Name":"Service Control Manager","@Guid":"{555908d1-a6d7-4695-8e1e-26931d2012f4}","@EventSourceName":"Service Control Manager"},"EventID":{"@Qualifiers":"16384","#text":"7045"},"Version":"0","Level":"4","Task":"0","Opcode":"0","Keywords":"0x8080000000000000","TimeCreated":{"@SystemTime":"2025-04-16 15:52:24.2313510"},"EventRecordID":"3658","Correlation":null,"Execution":{"@ProcessID":"676","@ThreadID":"3972"},"Channel":"System","Computer":"Server002","Security":{"@UserID":"S-1-5-21-3962163828-2803415714-1403596700-1001"}},"EventData":{"Data":[{"@Name":"ServiceName","#text":"Malwarebytes Installer Service"},{"@Name":"ImagePath","#text":"\"C:\\Program Files\\Malwarebytes\\Anti-Malware\\MBAMInstallerService.exe\""},{"@Name":"ServiceType","#text":"user mode service"},{"@Name":"StartType","#text":"auto start"},{"@Name":"AccountName","#text":"LocalSystem"}]}}}
{"Event":{"System":{"Provider":{"@Name":"Service Control Manager","@Guid":"{555908d1-a6d7-4695-8e1e-26931d2012f4}","@EventSourceName":"Service Control Manager"},"EventID":{"@Qualifiers":"16384","#text":"7045"},"Version":"0","Level":"4","Task":"0","Opcode":"0","Keywords":"0x8080000000000000","TimeCreated":{"@SystemTime":"2025-04-16 15:53:47.1471349"},"EventRecordID":"3659","Correlation":null,"Execution":{"@ProcessID":"676","@ThreadID":"3972"},"Channel":"System","Computer":"Server002","Security":{"@UserID":"S-1-5-18"}},"EventData":{"Data":[{"@Name":"ServiceName","#text":"MBVpnTunnelService"},{"@Name":"ImagePath","#text":"\"C:\\Program Files\\Malwarebytes\\Anti-Malware\\MBVpnTunnelService.exe\""},{"@Name":"ServiceType","#text":"user mode service"},{"@Name":"StartType","#text":"demand start"},{"@Name":"AccountName","#text":"LocalSystem"}]}}}
{"Event":{"System":{"Provider":{"@Name":"Service Control Manager","@Guid":"{555908d1-a6d7-4695-8e1e-26931d2012f4}","@EventSourceName":"Service Control Manager"},"EventID":{"@Qualifiers":"16384","#text":"7045"},"Version":"0","Level":"4","Task":"0","Opcode":"0","Keywords":"0x8080000000000000","TimeCreated":{"@SystemTime":"2025-04-16 15:54:01.9145902"},"EventRecordID":"3660","Correlation":null,"Execution":{"@ProcessID":"676","@ThreadID":"1788"},"Channel":"System","Computer":"Server002","Security":{"@UserID":"S-1-5-18"}},"EventData":{"Data":[{"@Name":"ServiceName","#text":"MbamElam"},{"@Name":"ImagePath","#text":"C:\\Windows\\system32\\DRIVERS\\MbamElam.sys"},{"@Name":"ServiceType","#text":"kernel mode driver"},{"@Name":"StartType","#text":"boot start"},{"@Name":"AccountName"}]}}}
{"Event":{"System":{"Provider":{"@Name":"Service Control Manager","@Guid":"{555908d1-a6d7-4695-8e1e-26931d2012f4}","@EventSourceName":"Service Control Manager"},"EventID":{"@Qualifiers":"16384","#text":"7045"},"Version":"0","Level":"4","Task":"0","Opcode":"0","Keywords":"0x8080000000000000","TimeCreated":{"@SystemTime":"2025-04-16 15:54:02.0726552"},"EventRecordID":"3661","Correlation":null,"Execution":{"@ProcessID":"676","@ThreadID":"1788"},"Channel":"System","Computer":"Server002","Security":{"@UserID":"S-1-5-18"}},"EventData":{"Data":[{"@Name":"ServiceName","#text":"Malwarebytes Service"},{"@Name":"ImagePath","#text":"\"C:\\Program Files\\Malwarebytes\\Anti-Malware\\MBAMService.exe\""},{"@Name":"ServiceType","#text":"user mode service"},{"@Name":"StartType","#text":"auto start"},{"@Name":"AccountName","#text":"LocalSystem"}]}}}
{"Event":{"System":{"Provider":{"@Name":"Service Control Manager","@Guid":"{555908d1-a6d7-4695-8e1e-26931d2012f4}","@EventSourceName":"Service Control Manager"},"EventID":{"@Qualifiers":"16384","#text":"7045"},"Version":"0","Level":"4","Task":"0","Opcode":"0","Keywords":"0x8080000000000000","TimeCreated":{"@SystemTime":"2025-04-16 15:54:16.5862484"},"EventRecordID":"3662","Correlation":null,"Execution":{"@ProcessID":"676","@ThreadID":"9080"},"Channel":"System","Computer":"Server002","Security":{"@UserID":"S-1-5-18"}},"EventData":{"Data":[{"@Name":"ServiceName","#text":"MBAMSwissArmy"},{"@Name":"ImagePath","#text":"C:\\Windows\\system32\\DRIVERS\\mbamswissarmy.sys"},{"@Name":"ServiceType","#text":"kernel mode driver"},{"@Name":"StartType","#text":"demand start"},{"@Name":"AccountName"}]}}}
{"Event":{"System":{"Provider":{"@Name":"Service Control Manager","@Guid":"{555908d1-a6d7-4695-8e1e-26931d2012f4}","@EventSourceName":"Service Control Manager"},"EventID":{"@Qualifiers":"16384","#text":"7040"},"Version":"0","Level":"4","Task":"0","Opcode":"0","Keywords":"0x8080000000000000","TimeCreated":{"@SystemTime":"2025-04-16 15:54:17.1321971"},"EventRecordID":"3663","Correlation":null,"Execution":{"@ProcessID":"676","@ThreadID":"9080"},"Channel":"System","Computer":"Server002","Security":{"@UserID":"S-1-5-18"}},"EventData":{"Data":[{"@Name":"param1","#text":"Windows Modules Installer"},{"@Name":"param2","#text":"auto start"},{"@Name":"param3","#text":"demand start"},{"@Name":"param4","#text":"TrustedInstaller"}]}}}
{"Event":{"System":{"Provider":{"@Name":"Service Control Manager","@Guid":"{555908d1-a6d7-4695-8e1e-26931d2012f4}","@EventSourceName":"Service Control Manager"},"EventID":{"@Qualifiers":"16384","#text":"7045"},"Version":"0","Level":"4","Task":"0","Opcode":"0","Keywords":"0x8080000000000000","TimeCreated":{"@SystemTime":"2025-04-16 15:54:17.7196374"},"EventRecordID":"3664","Correlation":null,"Execution":{"@ProcessID":"676","@ThreadID":"9080"},"Channel":"System","Computer":"Server002","Security":{"@UserID":"S-1-5-18"}},"EventData":{"Data":[{"@Name":"ServiceName","#text":"mbamchameleon"},{"@Name":"ImagePath","#text":"C:\\Windows\\system32\\DRIVERS\\MbamChameleon.sys"},{"@Name":"ServiceType","#text":"kernel mode driver"},{"@Name":"StartType","#text":"auto start"},{"@Name":"AccountName"}]}}}
{"Event":{"System":{"Provider":{"@Name":"Microsoft-Windows-FilterManager","@Guid":"f3c5e28e-63f6-49c7-a204-e48a1bc4b09d"},"EventID":"6","Version":"0","Level":"4","Task":"0","Opcode":"0","Keywords":"0x8000000000000000","TimeCreated":{"@SystemTime":"2025-04-16 15:54:18.1549882"},"EventRecordID":"3665","Correlation":null,"Execution":{"@ProcessID":"4","@ThreadID":"6496"},"Channel":"System","Computer":"Server002","Security":{"@UserID":"S-1-5-18"}},"EventData":{"Data":[{"@Name":"FinalStatus","#text":"0x0"},{"@Name":"DeviceVersionMajor","#text":"10"},{"@Name":"DeviceVersionMinor","#text":"0"},{"@Name":"DeviceNameLength","#text":"13"},{"@Name":"DeviceName","#text":"mbamchameleon"},{"@Name":"DeviceTime","#text":"2025-01-23 20:43:38.0000000"}]}}}
{"Event":{"System":{"Provider":{"@Name":"Microsoft-Windows-WindowsUpdateClient","@Guid":"945a8954-c147-4acd-923f-40c45405a658"},"EventID":"43","Version":"1","Level":"4","Task":"1","Opcode":"13","Keywords":"0x8000000000002008","TimeCreated":{"@SystemTime":"2025-04-16 15:56:02.3924053"},"EventRecordID":"3666","Correlation":null,"Execution":{"@ProcessID":"4400","@ThreadID":"8128"},"Channel":"System","Computer":"Server002","Security":{"@UserID":"S-1-5-18"}},"EventData":{"Data":[{"@Name":"updateTitle","#text":"9N4D0MSMP0PT-Microsoft.VP9VideoExtensions"},{"@Name":"updateGuid","#text":"44581fb6-8638-482d-89f9-4e1ed4356a44"},{"@Name":"updateRevisionNumber","#text":"1"}]}}}
{"Event":{"System":{"Provider":{"@Name":"Microsoft-Windows-WindowsUpdateClient","@Guid":"945a8954-c147-4acd-923f-40c45405a658"},"EventID":"44","Version":"1","Level":"4","Task":"1","Opcode":"12","Keywords":"0x8000000000002004","TimeCreated":{"@SystemTime":"2025-04-16 15:56:51.2855607"},"EventRecordID":"3667","Correlation":null,"Execution":{"@ProcessID":"4400","@ThreadID":"5264"},"Channel":"System","Computer":"Server002","Security":{"@UserID":"S-1-5-18"}},"EventData":{"Data":[{"@Name":"updateTitle","#text":"9NH2SW16MQ7F-Microsoft.WindowsAppRuntime.1.5"},{"@Name":"updateGuid","#text":"9e7b6034-6a40-4f49-ba32-0d77661c32a5"},{"@Name":"updateRevisionNumber","#text":"1"}]}}}
