{"Event":{"System":{"Provider":{"@Name":"Microsoft-Windows-Sysmon","@Guid":"5770385f-c22a-43e0-bf4c-06f5698ffbd9"},"EventID":"1","Version":"5","Level":"4","Task":"1","Opcode":"0","Keywords":"0x8000000000000000","TimeCreated":{"@SystemTime":"2025-04-22 13:57:01.1282233"},"EventRecordID":"37306","Correlation":null,"Execution":{"@ProcessID":"2984","@ThreadID":"4008"},"Channel":"Microsoft-Windows-Sysmon/Operational","Computer":"Server002","Security":{"@UserID":"S-1-5-18"}},"EventData":{"Data":[{"@Name":"RuleName","#text":"-"},{"@Name":"UtcTime","#text":"2025-04-22 13:57:01.117"},{"@Name":"ProcessGuid","#text":"dbf410b3-a02d-6807-8901-000000003f00"},{"@Name":"ProcessId","#text":"7912"},{"@Name":"Image","#text":"C:\\Windows\\SysWOW64\\wevtutil.exe"},{"@Name":"FileVersion","#text":"10.0.19041.5369 (WinBuild.160101.0800)"},{"@Name":"Description","#text":"Eventing Command Line Utility"},{"@Name":"Product","#text":"Microsoft® Windows® Operating System"},{"@Name":"Company","#text":"Microsoft Corporation"},{"@Name":"OriginalFileName","#text":"wevtutil.exe"},{"@Name":"CommandLine","#text":"wevtutil.exe im \"C:\\ProgramData\\Microsoft\\ClickToRun\\{9AC08E99-230B-47e8-9721-4577B7F124EA}\\wordEtw.man\" /rf:\"C:\\Program Files (x86)\\Microsoft Office\\root\\Office16\\wwlib.dll\" /mf:\"C:\\Program Files (x86)\\Microsoft Office\\root\\Office16\\wwlib.dll\""},{"@Name":"CurrentDirectory","#text":"C:\\Program Files\\Common Files\\Microsoft Shared\\ClickToRun\\"},{"@Name":"User","#text":"NT AUTHORITY\\SYSTEM"},{"@Name":"LogonGuid","#text":"dbf410b3-baf8-6807-e703-000000000000"},{"@Name":"LogonId","#text":"0x3E7"},{"@Name":"TerminalSessionId","#text":"0"},{"@Name":"IntegrityLevel","#text":"System"},{"@Name":"Hashes","#text":"SHA256=B3FC4A7373DA30BCF4E3B34C055F306D9AD5A41E5912E46D2238B9B77BAB6E66"},{"@Name":"ParentProcessGuid","#text":"dbf410b3-a01c-6807-5f01-000000003f00"},{"@Name":"ParentProcessId","#text":"6524"},{"@Name":"ParentImage","#text":"C:\\Program Files (x86)\\Microsoft Office\\root\\Integration\\Integrator.exe"},{"@Name":"ParentCommandLine","#text":"integrator.exe /I /Extension /Msi /C2R PackageGUID=\"9AC08E99-230B-47e8-9721-4577B7F124EA\" PackageRoot=\"C:\\Program Files (x86)\\Microsoft Office\\root\""},{"@Name":"ParentUser","#text":"NT AUTHORITY\\SYSTEM"}]}}}
{"Event":{"System":{"Provider":{"@Name":"Microsoft-Windows-Sysmon","@Guid":"5770385f-c22a-43e0-bf4c-06f5698ffbd9"},"EventID":"1","Version":"5","Level":"4","Task":"1","Opcode":"0","Keywords":"0x8000000000000000","TimeCreated":{"@SystemTime":"2025-04-22 13:57:01.1736751"},"EventRecordID":"37307","Correlation":null,"Execution":{"@ProcessID":"2984","@ThreadID":"4008"},"Channel":"Microsoft-Windows-Sysmon/Operational","Computer":"Server002","Security":{"@UserID":"S-1-5-18"}},"EventData":{"Data":[{"@Name":"RuleName","#text":"-"},{"@Name":"UtcTime","#text":"2025-04-22 13:57:01.169"},{"@Name":"ProcessGuid","#text":"dbf410b3-a02d-6807-8a01-000000003f00"},{"@Name":"ProcessId","#text":"9048"},{"@Name":"Image","#text":"C:\\Windows\\System32\\conhost.exe"},{"@Name":"FileVersion","#text":"10.0.19041.5198 (WinBuild.160101.0800)"},{"@Name":"Description","#text":"Console Window Host"},{"@Name":"Product","#text":"Microsoft® Windows® Operating System"},{"@Name":"Company","#text":"Microsoft Corporation"},{"@Name":"OriginalFileName","#text":"CONHOST.EXE"},{"@Name":"CommandLine","#text":"\\??\\C:\\Windows\\system32\\conhost.exe 0xffffffff -ForceV1"},{"@Name":"CurrentDirectory","#text":"C:\\Windows"},{"@Name":"User","#text":"NT AUTHORITY\\SYSTEM"},{"@Name":"LogonGuid","#text":"dbf410b3-baf8-6807-e703-000000000000"},{"@Name":"LogonId","#text":"0x3E7"},{"@Name":"TerminalSessionId","#text":"0"},{"@Name":"IntegrityLevel","#text":"System"},{"@Name":"Hashes","#text":"SHA256=B02EE54FB2EC69673386D41119EE8ED083A6EAB3BFCA6AA2155D20CE68EF8963"},{"@Name":"ParentProcessGuid","#text":"dbf410b3-a02d-6807-8901-000000003f00"},{"@Name":"ParentProcessId","#text":"7912"},{"@Name":"ParentImage","#text":"C:\\Windows\\SysWOW64\\wevtutil.exe"},{"@Name":"ParentCommandLine","#text":"wevtutil.exe im \"C:\\ProgramData\\Microsoft\\ClickToRun\\{9AC08E99-230B-47e8-9721-4577B7F124EA}\\wordEtw.man\" /rf:\"C:\\Program Files (x86)\\Microsoft Office\\root\\Office16\\wwlib.dll\" /mf:\"C:\\Program Files (x86)\\Microsoft Office\\root\\Office16\\wwlib.dll\""},{"@Name":"ParentUser","#text":"NT AUTHORITY\\SYSTEM"}]}}}
{"Event":{"System":{"Provider":{"@Name":"Microsoft-Windows-Sysmon","@Guid":"5770385f-c22a-43e0-bf4c-06f5698ffbd9"},"EventID":"1","Version":"5","Level":"4","Task":"1","Opcode":"0","Keywords":"0x8000000000000000","TimeCreated":{"@SystemTime":"2025-04-22 13:57:01.2533603"},"EventRecordID":"37308","Correlation":null,"Execution":{"@ProcessID":"2984","@ThreadID":"4008"},"Channel":"Microsoft-Windows-Sysmon/Operational","Computer":"Server002","Security":{"@UserID":"S-1-5-18"}},"EventData":{"Data":[{"@Name":"RuleName","#text":"-"},{"@Name":"UtcTime","#text":"2025-04-22 13:57:01.244"},{"@Name":"ProcessGuid","#text":"dbf410b3-a02d-6807-8b01-000000003f00"},{"@Name":"ProcessId","#text":"10096"},{"@Name":"Image","#text":"C:\\Windows\\System32\\wevtutil.exe"},{"@Name":"FileVersion","#text":"10.0.19041.5369 (WinBuild.160101.0800)"},{"@Name":"Description","#text":"Eventing Command Line Utility"},{"@Name":"Product","#text":"Microsoft® Windows® Operating System"},{"@Name":"Company","#text":"Microsoft Corporation"},{"@Name":"OriginalFileName","#text":"wevtutil.exe"},{"@Name":"CommandLine","#text":"wevtutil.exe im \"C:\\ProgramData\\Microsoft\\ClickToRun\\{9AC08E99-230B-47e8-9721-4577B7F124EA}\\wordEtw.man\" /rf:\"C:\\Program Files (x86)\\Microsoft Office\\root\\Office16\\wwlib.dll\" /mf:\"C:\\Program Files (x86)\\Microsoft Office\\root\\Office16\\wwlib.dll\" /fromwow64"},{"@Name":"CurrentDirectory","#text":"C:\\Program Files\\Common Files\\Microsoft Shared\\ClickToRun\\"},{"@Name":"User","#text":"NT AUTHORITY\\SYSTEM"},{"@Name":"LogonGuid","#text":"dbf410b3-baf8-6807-e703-000000000000"},{"@Name":"LogonId","#text":"0x3E7"},{"@Name":"TerminalSessionId","#text":"0"},{"@Name":"IntegrityLevel","#text":"System"},{"@Name":"Hashes","#text":"SHA256=6EB98491FA6A7B19BBA56EADEA1390CA598FA19220FA1D787FC2F0A3631CC341"},{"@Name":"ParentProcessGuid","#text":"dbf410b3-a02d-6807-8901-000000003f00"},{"@Name":"ParentProcessId","#text":"7912"},{"@Name":"ParentImage","#text":"C:\\Windows\\SysWOW64\\wevtutil.exe"},{"@Name":"ParentCommandLine","#text":"wevtutil.exe im \"C:\\ProgramData\\Microsoft\\ClickToRun\\{9AC08E99-230B-47e8-9721-4577B7F124EA}\\wordEtw.man\" /rf:\"C:\\Program Files (x86)\\Microsoft Office\\root\\Office16\\wwlib.dll\" /mf:\"C:\\Program Files (x86)\\Microsoft Office\\root\\Office16\\wwlib.dll\""},{"@Name":"ParentUser","#text":"NT AUTHORITY\\SYSTEM"}]}}}
{"Event":{"System":{"Provider":{"@Name":"Microsoft-Windows-Sysmon","@Guid":"5770385f-c22a-43e0-bf4c-06f5698ffbd9"},"EventID":"5","Version":"3","Level":"4","Task":"5","Opcode":"0","Keywords":"0x8000000000000000","TimeCreated":{"@SystemTime":"2025-04-22 13:57:01.8862439"},"EventRecordID":"37309","Correlation":null,"Execution":{"@ProcessID":"2984","@ThreadID":"4008"},"Channel":"Microsoft-Windows-Sysmon/Operational","Computer":"Server002","Security":{"@UserID":"S-1-5-18"}},"EventData":{"Data":[{"@Name":"RuleName","#text":"-"},{"@Name":"UtcTime","#text":"2025-04-22 13:57:01.884"},{"@Name":"ProcessGuid","#text":"dbf410b3-a02d-6807-8b01-000000003f00"},{"@Name":"ProcessId","#text":"10096"},{"@Name":"Image","#text":"C:\\Windows\\System32\\wevtutil.exe"},{"@Name":"User","#text":"NT AUTHORITY\\SYSTEM"}]}}}
{"Event":{"System":{"Provider":{"@Name":"Microsoft-Windows-Sysmon","@Guid":"5770385f-c22a-43e0-bf4c-06f5698ffbd9"},"EventID":"5","Version":"3","Level":"4","Task":"5","Opcode":"0","Keywords":"0x8000000000000000","TimeCreated":{"@SystemTime":"2025-04-22 13:57:01.8921258"},"EventRecordID":"37310","Correlation":null,"Execution":{"@ProcessID":"2984","@ThreadID":"4008"},"Channel":"Microsoft-Windows-Sysmon/Operational","Computer":"Server002","Security":{"@UserID":"S-1-5-18"}},"EventData":{"Data":[{"@Name":"RuleName","#text":"-"},{"@Name":"UtcTime","#text":"2025-04-22 13:57:01.884"},{"@Name":"ProcessGuid","#text":"dbf410b3-a02d-6807-8901-000000003f00"},{"@Name":"ProcessId","#text":"7912"},{"@Name":"Image","#text":"C:\\Windows\\SysWOW64\\wevtutil.exe"},{"@Name":"User","#text":"NT AUTHORITY\\SYSTEM"}]}}}
{"Event":{"System":{"Provider":{"@Name":"Microsoft-Windows-Sysmon","@Guid":"5770385f-c22a-43e0-bf4c-06f5698ffbd9"},"EventID":"5","Version":"3","Level":"4","Task":"5","Opcode":"0","Keywords":"0x8000000000000000","TimeCreated":{"@SystemTime":"2025-04-22 13:57:01.8953702"},"EventRecordID":"37311","Correlation":null,"Execution":{"@ProcessID":"2984","@ThreadID":"4008"},"Channel":"Microsoft-Windows-Sysmon/Operational","Computer":"Server002","Security":{"@UserID":"S-1-5-18"}},"EventData":{"Data":[{"@Name":"RuleName","#text":"-"},{"@Name":"UtcTime","#text":"2025-04-22 13:57:01.884"},{"@Name":"ProcessGuid","#text":"dbf410b3-a02d-6807-8a01-000000003f00"},{"@Name":"ProcessId","#text":"9048"},{"@Name":"Image","#text":"C:\\Windows\\System32\\conhost.exe"},{"@Name":"User","#text":"NT AUTHORITY\\SYSTEM"}]}}}
{"Event":{"System":{"Provider":{"@Name":"Microsoft-Windows-Sysmon","@Guid":"5770385f-c22a-43e0-bf4c-06f5698ffbd9"},"EventID":"5","Version":"3","Level":"4","Task":"5","Opcode":"0","Keywords":"0x8000000000000000","TimeCreated":{"@SystemTime":"2025-04-22 13:57:06.2347136"},"EventRecordID":"37312","Correlation":null,"Execution":{"@ProcessID":"2984","@ThreadID":"4008"},"Channel":"Microsoft-Windows-Sysmon/Operational","Computer":"Server002","Security":{"@UserID":"S-1-5-18"}},"EventData":{"Data":[{"@Name":"RuleName","#text":"-"},{"@Name":"UtcTime","#text":"2025-04-22 13:57:06.228"},{"@Name":"ProcessGuid","#text":"dbf410b3-a02a-6807-7c01-000000003f00"},{"@Name":"ProcessId","#text":"9900"},{"@Name":"Image","#text":"C:\\Windows\\System32\\SearchIndexer.exe"},{"@Name":"User","#text":"NT AUTHORITY\\SYSTEM"}]}}}
{"Event":{"System":{"Provider":{"@Name":"Microsoft-Windows-Sysmon","@Guid":"5770385f-c22a-43e0-bf4c-06f5698ffbd9"},"EventID":"1","Version":"5","Level":"4","Task":"1","Opcode":"0","Keywords":"0x8000000000000000","TimeCreated":{"@SystemTime":"2025-04-22 13:57:08.9653415"},"EventRecordID":"37313","Correlation":null,"Execution":{"@ProcessID":"2984","@ThreadID":"4008"},"Channel":"Microsoft-Windows-Sysmon/Operational","Computer":"Server002","Security":{"@UserID":"S-1-5-18"}},"EventData":{"Data":[{"@Name":"RuleName","#text":"-"},{"@Name":"UtcTime","#text":"2025-04-22 13:57:08.875"},{"@Name":"ProcessGuid","#text":"dbf410b3-a034-6807-8c01-000000003f00"},{"@Name":"ProcessId","#text":"9932"},{"@Name":"Image","#text":"C:\\Windows\\System32\\WindowsPowerShell\\v1.0\\powershell.exe"},{"@Name":"FileVersion","#text":"10.0.19041.3996 (WinBuild.160101.0800)"},{"@Name":"Description","#text":"Windows PowerShell"},{"@Name":"Product","#text":"Microsoft® Windows® Operating System"},{"@Name":"Company","#text":"Microsoft Corporation"},{"@Name":"OriginalFileName","#text":"PowerShell.EXE"},{"@Name":"CommandLine","#text":"powershell.exe -ExecutionPolicy Restricted -Command Write-Host 'Final result: 1';"},{"@Name":"CurrentDirectory","#text":"C:\\Windows\\system32\\"},{"@Name":"User","#text":"NT AUTHORITY\\SYSTEM"},{"@Name":"LogonGuid","#text":"dbf410b3-baf8-6807-e703-000000000000"},{"@Name":"LogonId","#text":"0x3E7"},{"@Name":"TerminalSessionId","#text":"0"},{"@Name":"IntegrityLevel","#text":"System"},{"@Name":"Hashes","#text":"SHA256=9785001B0DCF755EDDB8AF294A373C0B87B2498660F724E76C4D53F9C217C7A3"},{"@Name":"ParentProcessGuid","#text":"dbf410b3-9f88-6807-2701-000000003f00"},{"@Name":"ParentProcessId","#text":"7412"},{"@Name":"ParentImage","#text":"C:\\Windows\\System32\\CompatTelRunner.exe"},{"@Name":"ParentCommandLine","#text":"C:\\Windows\\system32\\CompatTelRunner.exe -m:appraiser.dll -f:DoScheduledTelemetryRun -cv:CI6NsgfmAk+WQz1O.1"},{"@Name":"ParentUser","#text":"NT AUTHORITY\\SYSTEM"}]}}}
{"Event":{"System":{"Provider":{"@Name":"Microsoft-Windows-Sysmon","@Guid":"5770385f-c22a-43e0-bf4c-06f5698ffbd9"},"EventID":"1","Version":"5","Level":"4","Task":"1","Opcode":"0","Keywords":"0x8000000000000000","TimeCreated":{"@SystemTime":"2025-04-22 13:57:08.9867063"},"EventRecordID":"37314","Correlation":null,"Execution":{"@ProcessID":"2984","@ThreadID":"4008"},"Channel":"Microsoft-Windows-Sysmon/Operational","Computer":"Server002","Security":{"@UserID":"S-1-5-18"}},"EventData":{"Data":[{"@Name":"RuleName","#text":"-"},{"@Name":"UtcTime","#text":"2025-04-22 13:57:08.977"},{"@Name":"ProcessGuid","#text":"dbf410b3-a034-6807-8d01-000000003f00"},{"@Name":"ProcessId","#text":"9824"},{"@Name":"Image","#text":"C:\\Windows\\System32\\conhost.exe"},{"@Name":"FileVersion","#text":"10.0.19041.5198 (WinBuild.160101.0800)"},{"@Name":"Description","#text":"Console Window Host"},{"@Name":"Product","#text":"Microsoft® Windows® Operating System"},{"@Name":"Company","#text":"Microsoft Corporation"},{"@Name":"OriginalFileName","#text":"CONHOST.EXE"},{"@Name":"CommandLine","#text":"\\??\\C:\\Windows\\system32\\conhost.exe 0xffffffff -ForceV1"},{"@Name":"CurrentDirectory","#text":"C:\\Windows"},{"@Name":"User","#text":"NT AUTHORITY\\SYSTEM"},{"@Name":"LogonGuid","#text":"dbf410b3-baf8-6807-e703-000000000000"},{"@Name":"LogonId","#text":"0x3E7"},{"@Name":"TerminalSessionId","#text":"0"},{"@Name":"IntegrityLevel","#text":"System"},{"@Name":"Hashes","#text":"SHA256=B02EE54FB2EC69673386D41119EE8ED083A6EAB3BFCA6AA2155D20CE68EF8963"},{"@Name":"ParentProcessGuid","#text":"dbf410b3-a034-6807-8c01-000000003f00"},{"@Name":"ParentProcessId","#text":"9932"},{"@Name":"ParentImage","#text":"C:\\Windows\\System32\\WindowsPowerShell\\v1.0\\powershell.exe"},{"@Name":"ParentCommandLine","#text":"powershell.exe -ExecutionPolicy Restricted -Command Write-Host 'Final result: 1';"},{"@Name":"ParentUser","#text":"NT AUTHORITY\\SYSTEM"}]}}}
{"Event":{"System":{"Provider":{"@Name":"Microsoft-Windows-Sysmon","@Guid":"5770385f-c22a-43e0-bf4c-06f5698ffbd9"},"EventID":"1","Version":"5","Level":"4","Task":"1","Opcode":"0","Keywords":"0x8000000000000000","TimeCreated":{"@SystemTime":"2025-04-22 13:57:11.2889957"},"EventRecordID":"37315","Correlation":null,"Execution":{"@ProcessID":"2984","@ThreadID":"4008"},"Channel":"Microsoft-Windows-Sysmon/Operational","Computer":"Server002","Security":{"@UserID":"S-1-5-18"}},"EventData":{"Data":[{"@Name":"RuleName","#text":"-"},{"@Name":"UtcTime","#text":"2025-04-22 13:57:11.275"},{"@Name":"ProcessGuid","#text":"dbf410b3-a037-6807-8e01-000000003f00"},{"@Name":"ProcessId","#text":"9332"},{"@Name":"Image","#text":"C:\\Windows\\System32\\msiexec.exe"},{"@Name":"FileVersion","#text":"5.0.19041.4651 (WinBuild.160101.0800)"},{"@Name":"Description","#text":"Windows® installer"},{"@Name":"Product","#text":"Windows Installer - Unicode"},{"@Name":"Company","#text":"Microsoft Corporation"},{"@Name":"OriginalFileName","#text":"msiexec.exe"},{"@Name":"CommandLine","#text":"C:\\Windows\\system32\\msiexec.exe /V"},{"@Name":"CurrentDirectory","#text":"C:\\Windows\\system32\\"},{"@Name":"User","#text":"NT AUTHORITY\\SYSTEM"},{"@Name":"LogonGuid","#text":"dbf410b3-baf8-6807-e703-000000000000"},{"@Name":"LogonId","#text":"0x3E7"},{"@Name":"TerminalSessionId","#text":"0"},{"@Name":"IntegrityLevel","#text":"System"},{"@Name":"Hashes","#text":"SHA256=D53E90AF814F61E09BFF87A883A3B0DCB7DCF883F17A2425A62A2D4B5A9407FB"},{"@Name":"ParentProcessGuid","#text":"00000000-0000-0000-0000-000000000000"},{"@Name":"ParentProcessId","#text":"652"},{"@Name":"ParentImage","#text":"-"},{"@Name":"ParentCommandLine","#text":"-"},{"@Name":"ParentUser","#text":"-"}]}}}
{"Event":{"System":{"Provider":{"@Name":"Microsoft-Windows-Sysmon","@Guid":"5770385f-c22a-43e0-bf4c-06f5698ffbd9"},"EventID":"1","Version":"5","Level":"4","Task":"1","Opcode":"0","Keywords":"0x8000000000000000","TimeCreated":{"@SystemTime":"2025-04-22 13:57:11.8920034"},"EventRecordID":"37316","Correlation":null,"Execution":{"@ProcessID":"2984","@ThreadID":"4008"},"Channel":"Microsoft-Windows-Sysmon/Operational","Computer":"Server002","Security":{"@UserID":"S-1-5-18"}},"EventData":{"Data":[{"@Name":"RuleName","#text":"-"},{"@Name":"UtcTime","#text":"2025-04-22 13:57:11.878"},{"@Name":"ProcessGuid","#text":"dbf410b3-a037-6807-8f01-000000003f00"},{"@Name":"ProcessId","#text":"9308"},{"@Name":"Image","#text":"C:\\Windows\\SysWOW64\\msiexec.exe"},{"@Name":"FileVersion","#text":"5.0.19041.4651 (WinBuild.160101.0800)"},{"@Name":"Description","#text":"Windows® installer"},{"@Name":"Product","#text":"Windows Installer - Unicode"},{"@Name":"Company","#text":"Microsoft Corporation"},{"@Name":"OriginalFileName","#text":"msiexec.exe"},{"@Name":"CommandLine","#text":"c:\\Windows\\syswow64\\MsiExec.exe -Embedding 54D56FE4E02E7104DB163539354FC347 E Global\\MSI0000"},{"@Name":"CurrentDirectory","#text":"C:\\Windows\\SysWOW64\\"},{"@Name":"User","#text":"NT AUTHORITY\\SYSTEM"},{"@Name":"LogonGuid","#text":"dbf410b3-baf8-6807-e703-000000000000"},{"@Name":"LogonId","#text":"0x3E7"},{"@Name":"TerminalSessionId","#text":"0"},{"@Name":"IntegrityLevel","#text":"System"},{"@Name":"Hashes","#text":"SHA256=9FBDD5C9B70D6E8A2044F311FFF947A93DCAF4F08EB6305C4E44E2A5F6112071"},{"@Name":"ParentProcessGuid","#text":"dbf410b3-a037-6807-8e01-000000003f00"},{"@Name":"ParentProcessId","#text":"9332"},{"@Name":"ParentImage","#text":"C:\\Windows\\System32\\msiexec.exe"},{"@Name":"ParentCommandLine","#text":"C:\\Windows\\system32\\msiexec.exe /V"},{"@Name":"ParentUser","#text":"NT AUTHORITY\\SYSTEM"}]}}}
{"Event":{"System":{"Provider":{"@Name":"Microsoft-Windows-Sysmon","@Guid":"5770385f-c22a-43e0-bf4c-06f5698ffbd9"},"EventID":"5","Version":"3","Level":"4","Task":"5","Opcode":"0","Keywords":"0x8000000000000000","TimeCreated":{"@SystemTime":"2025-04-22 13:57:15.1168581"},"EventRecordID":"37317","Correlation":null,"Execution":{"@ProcessID":"2984","@ThreadID":"4008"},"Channel":"Microsoft-Windows-Sysmon/Operational","Computer":"Server002","Security":{"@UserID":"S-1-5-18"}},"EventData":{"Data":[{"@Name":"RuleName","#text":"-"},{"@Name":"UtcTime","#text":"2025-04-22 13:57:15.111"},{"@Name":"ProcessGuid","#text":"dbf410b3-a034-6807-8c01-000000003f00"},{"@Name":"ProcessId","#text":"9932"},{"@Name":"Image","#text":"C:\\Windows\\System32\\WindowsPowerShell\\v1.0\\powershell.exe"},{"@Name":"User","#text":"NT AUTHORITY\\SYSTEM"}]}}}
{"Event":{"System":{"Provider":{"@Name":"Microsoft-Windows-Sysmon","@Guid":"5770385f-c22a-43e0-bf4c-06f5698ffbd9"},"EventID":"5","Version":"3","Level":"4","Task":"5","Opcode":"0","Keywords":"0x8000000000000000","TimeCreated":{"@SystemTime":"2025-04-22 13:57:15.1280416"},"EventRecordID":"37318","Correlation":null,"Execution":{"@ProcessID":"2984","@ThreadID":"4008"},"Channel":"Microsoft-Windows-Sysmon/Operational","Computer":"Server002","Security":{"@UserID":"S-1-5-18"}},"EventData":{"Data":[{"@Name":"RuleName","#text":"-"},{"@Name":"UtcTime","#text":"2025-04-22 13:57:15.111"},{"@Name":"ProcessGuid","#text":"dbf410b3-a034-6807-8d01-000000003f00"},{"@Name":"ProcessId","#text":"9824"},{"@Name":"Image","#text":"C:\\Windows\\System32\\conhost.exe"},{"@Name":"User","#text":"NT AUTHORITY\\SYSTEM"}]}}}
{"Event":{"System":{"Provider":{"@Name":"Microsoft-Windows-Sysmon","@Guid":"5770385f-c22a-43e0-bf4c-06f5698ffbd9"},"EventID":"1","Version":"5","Level":"4","Task":"1","Opcode":"0","Keywords":"0x8000000000000000","TimeCreated":{"@SystemTime":"2025-04-22 13:57:15.4056639"},"EventRecordID":"37319","Correlation":null,"Execution":{"@ProcessID":"2984","@ThreadID":"4008"},"Channel":"Microsoft-Windows-Sysmon/Operational","Computer":"Server002","Security":{"@UserID":"S-1-5-18"}},"EventData":{"Data":[{"@Name":"RuleName","#text":"-"},{"@Name":"UtcTime","#text":"2025-04-22 13:57:15.282"},{"@Name":"ProcessGuid","#text":"dbf410b3-a03b-6807-9001-000000003f00"},{"@Name":"ProcessId","#text":"8472"},{"@Name":"Image","#text":"C:\\Windows\\System32\\WindowsPowerShell\\v1.0\\powershell.exe"},{"@Name":"FileVersion","#text":"10.0.19041.3996 (WinBuild.160101.0800)"},{"@Name":"Description","#text":"Windows PowerShell"},{"@Name":"Product","#text":"Microsoft® Windows® Operating System"},{"@Name":"Company","#text":"Microsoft Corporation"},{"@Name":"OriginalFileName","#text":"PowerShell.EXE"},{"@Name":"CommandLine","#text":"powershell.exe -ExecutionPolicy Restricted -Command  $Res = 0; $Infs = Get-Item -Path ($env:WinDir + '\\inf\\*.inf'); foreach ($Inf in $Infs) { $Data = Get-Content $Inf.FullName; if ($Data -match '\\[defaultinstall.nt(amd64|arm|arm64|x86)\\]') { $Res = 1; break; } } Write-Host 'Final result:', $Res;"},{"@Name":"CurrentDirectory","#text":"C:\\Windows\\system32\\"},{"@Name":"User","#text":"NT AUTHORITY\\SYSTEM"},{"@Name":"LogonGuid","#text":"dbf410b3-baf8-6807-e703-000000000000"},{"@Name":"LogonId","#text":"0x3E7"},{"@Name":"TerminalSessionId","#text":"0"},{"@Name":"IntegrityLevel","#text":"System"},{"@Name":"Hashes","#text":"SHA256=9785001B0DCF755EDDB8AF294A373C0B87B2498660F724E76C4D53F9C217C7A3"},{"@Name":"ParentProcessGuid","#text":"dbf410b3-9f88-6807-2701-000000003f00"},{"@Name":"ParentProcessId","#text":"7412"},{"@Name":"ParentImage","#text":"C:\\Windows\\System32\\CompatTelRunner.exe"},{"@Name":"ParentCommandLine","#text":"C:\\Windows\\system32\\CompatTelRunner.exe -m:appraiser.dll -f:DoScheduledTelemetryRun -cv:CI6NsgfmAk+WQz1O.1"},{"@Name":"ParentUser","#text":"NT AUTHORITY\\SYSTEM"}]}}}
{"Event":{"System":{"Provider":{"@Name":"Microsoft-Windows-Sysmon","@Guid":"5770385f-c22a-43e0-bf4c-06f5698ffbd9"},"EventID":"1","Version":"5","Level":"4","Task":"1","Opcode":"0","Keywords":"0x8000000000000000","TimeCreated":{"@SystemTime":"2025-04-22 13:57:15.4260353"},"EventRecordID":"37320","Correlation":null,"Execution":{"@ProcessID":"2984","@ThreadID":"4008"},"Channel":"Microsoft-Windows-Sysmon/Operational","Computer":"Server002","Security":{"@UserID":"S-1-5-18"}},"EventData":{"Data":[{"@Name":"RuleName","#text":"-"},{"@Name":"UtcTime","#text":"2025-04-22 13:57:15.415"},{"@Name":"ProcessGuid","#text":"dbf410b3-a03b-6807-9101-000000003f00"},{"@Name":"ProcessId","#text":"3296"},{"@Name":"Image","#text":"C:\\Windows\\System32\\conhost.exe"},{"@Name":"FileVersion","#text":"10.0.19041.5198 (WinBuild.160101.0800)"},{"@Name":"Description","#text":"Console Window Host"},{"@Name":"Product","#text":"Microsoft® Windows® Operating System"},{"@Name":"Company","#text":"Microsoft Corporation"},{"@Name":"OriginalFileName","#text":"CONHOST.EXE"},{"@Name":"CommandLine","#text":"\\??\\C:\\Windows\\system32\\conhost.exe 0xffffffff -ForceV1"},{"@Name":"CurrentDirectory","#text":"C:\\Windows"},{"@Name":"User","#text":"NT AUTHORITY\\SYSTEM"},{"@Name":"LogonGuid","#text":"dbf410b3-baf8-6807-e703-000000000000"},{"@Name":"LogonId","#text":"0x3E7"},{"@Name":"TerminalSessionId","#text":"0"},{"@Name":"IntegrityLevel","#text":"System"},{"@Name":"Hashes","#text":"SHA256=B02EE54FB2EC69673386D41119EE8ED083A6EAB3BFCA6AA2155D20CE68EF8963"},{"@Name":"ParentProcessGuid","#text":"dbf410b3-a03b-6807-9001-000000003f00"},{"@Name":"ParentProcessId","#text":"8472"},{"@Name":"ParentImage","#text":"C:\\Windows\\System32\\WindowsPowerShell\\v1.0\\powershell.exe"},{"@Name":"ParentCommandLine","#text":"powershell.exe -ExecutionPolicy Restricted -Command  $Res = 0; $Infs = Get-Item -Path ($env:WinDir + '\\inf\\*.inf'); foreach ($Inf in $Infs) { $Data = Get-Content $Inf.FullName; if ($Data -match '\\[defaultinstall.nt(amd64|arm|arm64|x86)\\]') { $Res = 1; break; } } Write-Host 'Final result:', $Res;"},{"@Name":"ParentUser","#text":"NT AUTHORITY\\SYSTEM"}]}}}
{"Event":{"System":{"Provider":{"@Name":"Microsoft-Windows-Sysmon","@Guid":"5770385f-c22a-43e0-bf4c-06f5698ffbd9"},"EventID":"5","Version":"3","Level":"4","Task":"5","Opcode":"0","Keywords":"0x8000000000000000","TimeCreated":{"@SystemTime":"2025-04-22 13:57:16.7886798"},"EventRecordID":"37321","Correlation":null,"Execution":{"@ProcessID":"2984","@ThreadID":"4008"},"Channel":"Microsoft-Windows-Sysmon/Operational","Computer":"Server002","Security":{"@UserID":"S-1-5-18"}},"EventData":{"Data":[{"@Name":"RuleName","#text":"-"},{"@Name":"UtcTime","#text":"2025-04-22 13:57:16.776"},{"@Name":"ProcessGuid","#text":"dbf410b3-a037-6807-8f01-000000003f00"},{"@Name":"ProcessId","#text":"9308"},{"@Name":"Image","#text":"C:\\Windows\\SysWOW64\\msiexec.exe"},{"@Name":"User","#text":"NT AUTHORITY\\SYSTEM"}]}}}
{"Event":{"System":{"Provider":{"@Name":"Microsoft-Windows-Sysmon","@Guid":"5770385f-c22a-43e0-bf4c-06f5698ffbd9"},"EventID":"1","Version":"5","Level":"4","Task":"1","Opcode":"0","Keywords":"0x8000000000000000","TimeCreated":{"@SystemTime":"2025-04-22 13:57:16.8054592"},"EventRecordID":"37322","Correlation":null,"Execution":{"@ProcessID":"2984","@ThreadID":"4008"},"Channel":"Microsoft-Windows-Sysmon/Operational","Computer":"Server002","Security":{"@UserID":"S-1-5-18"}},"EventData":{"Data":[{"@Name":"RuleName","#text":"-"},{"@Name":"UtcTime","#text":"2025-04-22 13:57:16.797"},{"@Name":"ProcessGuid","#text":"dbf410b3-a03c-6807-9201-000000003f00"},{"@Name":"ProcessId","#text":"988"},{"@Name":"Image","#text":"C:\\Windows\\System32\\SearchIndexer.exe"},{"@Name":"FileVersion","#text":"7.0.19041.5438 (WinBuild.160101.0800)"},{"@Name":"Description","#text":"Microsoft Windows Search Indexer"},{"@Name":"Product","#text":"Windows® Search"},{"@Name":"Company","#text":"Microsoft Corporation"},{"@Name":"OriginalFileName","#text":"SearchIndexer.exe"},{"@Name":"CommandLine","#text":"C:\\Windows\\system32\\SearchIndexer.exe /Embedding"},{"@Name":"CurrentDirectory","#text":"C:\\Windows\\system32\\"},{"@Name":"User","#text":"NT AUTHORITY\\SYSTEM"},{"@Name":"LogonGuid","#text":"dbf410b3-baf8-6807-e703-000000000000"},{"@Name":"LogonId","#text":"0x3E7"},{"@Name":"TerminalSessionId","#text":"0"},{"@Name":"IntegrityLevel","#text":"System"},{"@Name":"Hashes","#text":"SHA256=A1D0790A387C6AFB5E244A29CC6232414A24DB16FD62BE9E3693110D3CAA53FF"},{"@Name":"ParentProcessGuid","#text":"00000000-0000-0000-0000-000000000000"},{"@Name":"ParentProcessId","#text":"652"},{"@Name":"ParentImage","#text":"-"},{"@Name":"ParentCommandLine","#text":"-"},{"@Name":"ParentUser","#text":"-"}]}}}
{"Event":{"System":{"Provider":{"@Name":"Microsoft-Windows-Sysmon","@Guid":"5770385f-c22a-43e0-bf4c-06f5698ffbd9"},"EventID":"1","Version":"5","Level":"4","Task":"1","Opcode":"0","Keywords":"0x8000000000000000","TimeCreated":{"@SystemTime":"2025-04-22 13:57:18.5966759"},"EventRecordID":"37323","Correlation":null,"Execution":{"@ProcessID":"2984","@ThreadID":"4008"},"Channel":"Microsoft-Windows-Sysmon/Operational","Computer":"Server002","Security":{"@UserID":"S-1-5-18"}},"EventData":{"Data":[{"@Name":"RuleName","#text":"-"},{"@Name":"UtcTime","#text":"2025-04-22 13:57:18.587"},{"@Name":"ProcessGuid","#text":"dbf410b3-a03e-6807-9301-000000003f00"},{"@Name":"ProcessId","#text":"1956"},{"@Name":"Image","#text":"C:\\Windows\\SysWOW64\\msiexec.exe"},{"@Name":"FileVersion","#text":"5.0.19041.4651 (WinBuild.160101.0800)"},{"@Name":"Description","#text":"Windows® installer"},{"@Name":"Product","#text":"Windows Installer - Unicode"},{"@Name":"Company","#text":"Microsoft Corporation"},{"@Name":"OriginalFileName","#text":"msiexec.exe"},{"@Name":"CommandLine","#text":"c:\\Windows\\syswow64\\MsiExec.exe -Embedding 3F07E46DF2ED32740A446A880364C16D E Global\\MSI0000"},{"@Name":"CurrentDirectory","#text":"C:\\Windows\\SysWOW64\\"},{"@Name":"User","#text":"NT AUTHORITY\\SYSTEM"},{"@Name":"LogonGuid","#text":"dbf410b3-baf8-6807-e703-000000000000"},{"@Name":"LogonId","#text":"0x3E7"},{"@Name":"TerminalSessionId","#text":"0"},{"@Name":"IntegrityLevel","#text":"System"},{"@Name":"Hashes","#text":"SHA256=9FBDD5C9B70D6E8A2044F311FFF947A93DCAF4F08EB6305C4E44E2A5F6112071"},{"@Name":"ParentProcessGuid","#text":"dbf410b3-a037-6807-8e01-000000003f00"},{"@Name":"ParentProcessId","#text":"9332"},{"@Name":"ParentImage","#text":"C:\\Windows\\System32\\msiexec.exe"},{"@Name":"ParentCommandLine","#text":"C:\\Windows\\system32\\msiexec.exe /V"},{"@Name":"ParentUser","#text":"NT AUTHORITY\\SYSTEM"}]}}}
{"Event":{"System":{"Provider":{"@Name":"Microsoft-Windows-Sysmon","@Guid":"5770385f-c22a-43e0-bf4c-06f5698ffbd9"},"EventID":"5","Version":"3","Level":"4","Task":"5","Opcode":"0","Keywords":"0x8000000000000000","TimeCreated":{"@SystemTime":"2025-04-22 13:57:21.2831105"},"EventRecordID":"37324","Correlation":null,"Execution":{"@ProcessID":"2984","@ThreadID":"4008"},"Channel":"Microsoft-Windows-Sysmon/Operational","Computer":"Server002","Security":{"@UserID":"S-1-5-18"}},"EventData":{"Data":[{"@Name":"RuleName","#text":"-"},{"@Name":"UtcTime","#text":"2025-04-22 13:57:21.266"},{"@Name":"ProcessGuid","#text":"dbf410b3-a03e-6807-9301-000000003f00"},{"@Name":"ProcessId","#text":"1956"},{"@Name":"Image","#text":"C:\\Windows\\SysWOW64\\msiexec.exe"},{"@Name":"User","#text":"NT AUTHORITY\\SYSTEM"}]}}}
{"Event":{"System":{"Provider":{"@Name":"Microsoft-Windows-Sysmon","@Guid":"5770385f-c22a-43e0-bf4c-06f5698ffbd9"},"EventID":"5","Version":"3","Level":"4","Task":"5","Opcode":"0","Keywords":"0x8000000000000000","TimeCreated":{"@SystemTime":"2025-04-22 13:57:22.6321904"},"EventRecordID":"37325","Correlation":null,"Execution":{"@ProcessID":"2984","@ThreadID":"4008"},"Channel":"Microsoft-Windows-Sysmon/Operational","Computer":"Server002","Security":{"@UserID":"S-1-5-18"}},"EventData":{"Data":[{"@Name":"RuleName","#text":"-"},{"@Name":"UtcTime","#text":"2025-04-22 13:57:22.614"},{"@Name":"ProcessGuid","#text":"dbf410b3-a01c-6807-5f01-000000003f00"},{"@Name":"ProcessId","#text":"6524"},{"@Name":"Image","#text":"C:\\Program Files (x86)\\Microsoft Office\\root\\Integration\\Integrator.exe"},{"@Name":"User","#text":"NT AUTHORITY\\SYSTEM"}]}}}
{"Event":{"System":{"Provider":{"@Name":"Microsoft-Windows-Sysmon","@Guid":"5770385f-c22a-43e0-bf4c-06f5698ffbd9"},"EventID":"5","Version":"3","Level":"4","Task":"5","Opcode":"0","Keywords":"0x8000000000000000","TimeCreated":{"@SystemTime":"2025-04-22 13:57:22.6431995"},"EventRecordID":"37326","Correlation":null,"Execution":{"@ProcessID":"2984","@ThreadID":"4008"},"Channel":"Microsoft-Windows-Sysmon/Operational","Computer":"Server002","Security":{"@UserID":"S-1-5-18"}},"EventData":{"Data":[{"@Name":"RuleName","#text":"-"},{"@Name":"UtcTime","#text":"2025-04-22 13:57:22.625"},{"@Name":"ProcessGuid","#text":"dbf410b3-a01c-6807-6001-000000003f00"},{"@Name":"ProcessId","#text":"8200"},{"@Name":"Image","#text":"C:\\Windows\\System32\\conhost.exe"},{"@Name":"User","#text":"NT AUTHORITY\\SYSTEM"}]}}}
{"Event":{"System":{"Provider":{"@Name":"Microsoft-Windows-Sysmon","@Guid":"5770385f-c22a-43e0-bf4c-06f5698ffbd9"},"EventID":"5","Version":"3","Level":"4","Task":"5","Opcode":"0","Keywords":"0x8000000000000000","TimeCreated":{"@SystemTime":"2025-04-22 13:57:24.7592877"},"EventRecordID":"37327","Correlation":null,"Execution":{"@ProcessID":"2984","@ThreadID":"4008"},"Channel":"Microsoft-Windows-Sysmon/Operational","Computer":"Server002","Security":{"@UserID":"S-1-5-18"}},"EventData":{"Data":[{"@Name":"RuleName","#text":"-"},{"@Name":"UtcTime","#text":"2025-04-22 13:57:24.758"},{"@Name":"ProcessGuid","#text":"dbf410b3-9f97-6807-3301-000000003f00"},{"@Name":"ProcessId","#text":"8204"},{"@Name":"Image","#text":"C:\\Program Files\\Common Files\\microsoft shared\\ClickToRun\\Updates\\16.0.18623.20208\\OfficeClickToRun.exe"},{"@Name":"User","#text":"NT AUTHORITY\\SYSTEM"}]}}}
{"Event":{"System":{"Provider":{"@Name":"Microsoft-Windows-Sysmon","@Guid":"5770385f-c22a-43e0-bf4c-06f5698ffbd9"},"EventID":"1","Version":"5","Level":"4","Task":"1","Opcode":"0","Keywords":"0x8000000000000000","TimeCreated":{"@SystemTime":"2025-04-22 13:57:30.1297669"},"EventRecordID":"37328","Correlation":null,"Execution":{"@ProcessID":"2984","@ThreadID":"4008"},"Channel":"Microsoft-Windows-Sysmon/Operational","Computer":"Server002","Security":{"@UserID":"S-1-5-18"}},"EventData":{"Data":[{"@Name":"RuleName","#text":"-"},{"@Name":"UtcTime","#text":"2025-04-22 13:57:30.080"},{"@Name":"ProcessGuid","#text":"dbf410b3-a04a-6807-9401-000000003f00"},{"@Name":"ProcessId","#text":"7572"},{"@Name":"Image","#text":"C:\\Windows\\System32\\svchost.exe"},{"@Name":"FileVersion","#text":"10.0.19041.4355 (WinBuild.160101.0800)"},{"@Name":"Description","#text":"Host Process for Windows Services"},{"@Name":"Product","#text":"Microsoft® Windows® Operating System"},{"@Name":"Company","#text":"Microsoft Corporation"},{"@Name":"OriginalFileName","#text":"svchost.exe"},{"@Name":"CommandLine","#text":"C:\\Windows\\System32\\svchost.exe -k smphost"},{"@Name":"CurrentDirectory","#text":"C:\\Windows\\system32\\"},{"@Name":"User","#text":"NT AUTHORITY\\NETWORK SERVICE"},{"@Name":"LogonGuid","#text":"dbf410b3-baf8-6807-e403-000000000000"},{"@Name":"LogonId","#text":"0x3E4"},{"@Name":"TerminalSessionId","#text":"0"},{"@Name":"IntegrityLevel","#text":"System"},{"@Name":"Hashes","#text":"SHA256=6FC3BF1FDFD76860BE782554F8D25BD32F108DB934D70F4253F1E5F23522E503"},{"@Name":"ParentProcessGuid","#text":"00000000-0000-0000-0000-000000000000"},{"@Name":"ParentProcessId","#text":"652"},{"@Name":"ParentImage","#text":"-"},{"@Name":"ParentCommandLine","#text":"-"},{"@Name":"ParentUser","#text":"-"}]}}}
{"Event":{"System":{"Provider":{"@Name":"Microsoft-Windows-Sysmon","@Guid":"5770385f-c22a-43e0-bf4c-06f5698ffbd9"},"EventID":"5","Version":"3","Level":"4","Task":"5","Opcode":"0","Keywords":"0x8000000000000000","TimeCreated":{"@SystemTime":"2025-04-22 13:57:32.6433184"},"EventRecordID":"37329","Correlation":null,"Execution":{"@ProcessID":"2984","@ThreadID":"4008"},"Channel":"Microsoft-Windows-Sysmon/Operational","Computer":"Server002","Security":{"@UserID":"S-1-5-18"}},"EventData":{"Data":[{"@Name":"RuleName","#text":"-"},{"@Name":"UtcTime","#text":"2025-04-22 13:57:32.633"},{"@Name":"ProcessGuid","#text":"dbf410b3-a029-6807-7a01-000000003f00"},{"@Name":"ProcessId","#text":"8888"},{"@Name":"Image","#text":"C:\\Windows\\System32\\WindowsPowerShell\\v1.0\\powershell.exe"},{"@Name":"User","#text":"NT AUTHORITY\\SYSTEM"}]}}}
{"Event":{"System":{"Provider":{"@Name":"Microsoft-Windows-Sysmon","@Guid":"5770385f-c22a-43e0-bf4c-06f5698ffbd9"},"EventID":"5","Version":"3","Level":"4","Task":"5","Opcode":"0","Keywords":"0x8000000000000000","TimeCreated":{"@SystemTime":"2025-04-22 13:57:32.7034703"},"EventRecordID":"37330","Correlation":null,"Execution":{"@ProcessID":"2984","@ThreadID":"4008"},"Channel":"Microsoft-Windows-Sysmon/Operational","Computer":"Server002","Security":{"@UserID":"S-1-5-18"}},"EventData":{"Data":[{"@Name":"RuleName","#text":"-"},{"@Name":"UtcTime","#text":"2025-04-22 13:57:32.698"},{"@Name":"ProcessGuid","#text":"dbf410b3-a029-6807-7b01-000000003f00"},{"@Name":"ProcessId","#text":"8492"},{"@Name":"Image","#text":"C:\\Windows\\System32\\conhost.exe"},{"@Name":"User","#text":"NT AUTHORITY\\SYSTEM"}]}}}
{"Event":{"System":{"Provider":{"@Name":"Microsoft-Windows-Sysmon","@Guid":"5770385f-c22a-43e0-bf4c-06f5698ffbd9"},"EventID":"5","Version":"3","Level":"4","Task":"5","Opcode":"0","Keywords":"0x8000000000000000","TimeCreated":{"@SystemTime":"2025-04-22 13:57:32.7411373"},"EventRecordID":"37331","Correlation":null,"Execution":{"@ProcessID":"2984","@ThreadID":"4008"},"Channel":"Microsoft-Windows-Sysmon/Operational","Computer":"Server002","Security":{"@UserID":"S-1-5-18"}},"EventData":{"Data":[{"@Name":"RuleName","#text":"-"},{"@Name":"UtcTime","#text":"2025-04-22 13:57:32.735"},{"@Name":"ProcessGuid","#text":"dbf410b3-9fd7-6807-3701-000000003f00"},{"@Name":"ProcessId","#text":"7256"},{"@Name":"Image","#text":"C:\\Windows\\System32\\WindowsPowerShell\\v1.0\\powershell.exe"},{"@Name":"User","#text":"NT AUTHORITY\\SYSTEM"}]}}}
{"Event":{"System":{"Provider":{"@Name":"Microsoft-Windows-Sysmon","@Guid":"5770385f-c22a-43e0-bf4c-06f5698ffbd9"},"EventID":"5","Version":"3","Level":"4","Task":"5","Opcode":"0","Keywords":"0x8000000000000000","TimeCreated":{"@SystemTime":"2025-04-22 13:57:32.8497223"},"EventRecordID":"37332","Correlation":null,"Execution":{"@ProcessID":"2984","@ThreadID":"4008"},"Channel":"Microsoft-Windows-Sysmon/Operational","Computer":"Server002","Security":{"@UserID":"S-1-5-18"}},"EventData":{"Data":[{"@Name":"RuleName","#text":"-"},{"@Name":"UtcTime","#text":"2025-04-22 13:57:32.845"},{"@Name":"ProcessGuid","#text":"dbf410b3-9fd8-6807-3801-000000003f00"},{"@Name":"ProcessId","#text":"5300"},{"@Name":"Image","#text":"C:\\Windows\\System32\\conhost.exe"},{"@Name":"User","#text":"NT AUTHORITY\\SYSTEM"}]}}}
{"Event":{"System":{"Provider":{"@Name":"Microsoft-Windows-Sysmon","@Guid":"5770385f-c22a-43e0-bf4c-06f5698ffbd9"},"EventID":"5","Version":"3","Level":"4","Task":"5","Opcode":"0","Keywords":"0x8000000000000000","TimeCreated":{"@SystemTime":"2025-04-22 13:58:01.3671085"},"EventRecordID":"37333","Correlation":null,"Execution":{"@ProcessID":"2984","@ThreadID":"4008"},"Channel":"Microsoft-Windows-Sysmon/Operational","Computer":"Server002","Security":{"@UserID":"S-1-5-18"}},"EventData":{"Data":[{"@Name":"RuleName","#text":"-"},{"@Name":"UtcTime","#text":"2025-04-22 13:58:01.360"},{"@Name":"ProcessGuid","#text":"dbf410b3-9f29-6807-e800-000000003f00"},{"@Name":"ProcessId","#text":"10180"},{"@Name":"Image","#text":"C:\\Windows\\System32\\audiodg.exe"},{"@Name":"User","#text":"NT AUTHORITY\\LOCAL SERVICE"}]}}}
{"Event":{"System":{"Provider":{"@Name":"Microsoft-Windows-Sysmon","@Guid":"5770385f-c22a-43e0-bf4c-06f5698ffbd9"},"EventID":"5","Version":"3","Level":"4","Task":"5","Opcode":"0","Keywords":"0x8000000000000000","TimeCreated":{"@SystemTime":"2025-04-22 13:58:03.8807852"},"EventRecordID":"37334","Correlation":null,"Execution":{"@ProcessID":"2984","@ThreadID":"4008"},"Channel":"Microsoft-Windows-Sysmon/Operational","Computer":"Server002","Security":{"@UserID":"S-1-5-18"}},"EventData":{"Data":[{"@Name":"RuleName","#text":"-"},{"@Name":"UtcTime","#text":"2025-04-22 13:58:03.876"},{"@Name":"ProcessGuid","#text":"dbf410b3-a023-6807-7901-000000003f00"},{"@Name":"ProcessId","#text":"10148"},{"@Name":"Image","#text":"C:\\Windows\\System32\\svchost.exe"},{"@Name":"User","#text":"NT AUTHORITY\\SYSTEM"}]}}}
{"Event":{"System":{"Provider":{"@Name":"Microsoft-Windows-Sysmon","@Guid":"5770385f-c22a-43e0-bf4c-06f5698ffbd9"},"EventID":"5","Version":"3","Level":"4","Task":"5","Opcode":"0","Keywords":"0x8000000000000000","TimeCreated":{"@SystemTime":"2025-04-22 13:58:09.4465311"},"EventRecordID":"37335","Correlation":null,"Execution":{"@ProcessID":"2984","@ThreadID":"4008"},"Channel":"Microsoft-Windows-Sysmon/Operational","Computer":"Server002","Security":{"@UserID":"S-1-5-18"}},"EventData":{"Data":[{"@Name":"RuleName","#text":"-"},{"@Name":"UtcTime","#text":"2025-04-22 13:58:09.430"},{"@Name":"ProcessGuid","#text":"dbf410b3-9ff3-6807-3901-000000003f00"},{"@Name":"ProcessId","#text":"7812"},{"@Name":"Image","#text":"C:\\Windows\\System32\\sppsvc.exe"},{"@Name":"User","#text":"NT AUTHORITY\\NETWORK SERVICE"}]}}}
{"Event":{"System":{"Provider":{"@Name":"Microsoft-Windows-Sysmon","@Guid":"5770385f-c22a-43e0-bf4c-06f5698ffbd9"},"EventID":"5","Version":"3","Level":"4","Task":"5","Opcode":"0","Keywords":"0x8000000000000000","TimeCreated":{"@SystemTime":"2025-04-22 13:58:14.5264832"},"EventRecordID":"37336","Correlation":null,"Execution":{"@ProcessID":"2984","@ThreadID":"4008"},"Channel":"Microsoft-Windows-Sysmon/Operational","Computer":"Server002","Security":{"@UserID":"S-1-5-18"}},"EventData":{"Data":[{"@Name":"RuleName","#text":"-"},{"@Name":"UtcTime","#text":"2025-04-22 13:58:14.516"},{"@Name":"ProcessGuid","#text":"dbf410b3-9faf-6807-3501-000000003f00"},{"@Name":"ProcessId","#text":"8372"},{"@Name":"Image","#text":"C:\\Windows\\System32\\MoUsoCoreWorker.exe"},{"@Name":"User","#text":"NT AUTHORITY\\SYSTEM"}]}}}
{"Event":{"System":{"Provider":{"@Name":"Microsoft-Windows-Sysmon","@Guid":"5770385f-c22a-43e0-bf4c-06f5698ffbd9"},"EventID":"5","Version":"3","Level":"4","Task":"5","Opcode":"0","Keywords":"0x8000000000000000","TimeCreated":{"@SystemTime":"2025-04-22 13:58:24.0570306"},"EventRecordID":"37337","Correlation":null,"Execution":{"@ProcessID":"2984","@ThreadID":"4008"},"Channel":"Microsoft-Windows-Sysmon/Operational","Computer":"Server002","Security":{"@UserID":"S-1-5-18"}},"EventData":{"Data":[{"@Name":"RuleName","#text":"-"},{"@Name":"UtcTime","#text":"2025-04-22 13:58:24.056"},{"@Name":"ProcessGuid","#text":"dbf410b3-a03b-6807-9001-000000003f00"},{"@Name":"ProcessId","#text":"8472"},{"@Name":"Image","#text":"C:\\Windows\\System32\\WindowsPowerShell\\v1.0\\powershell.exe"},{"@Name":"User","#text":"NT AUTHORITY\\SYSTEM"}]}}}
{"Event":{"System":{"Provider":{"@Name":"Microsoft-Windows-Sysmon","@Guid":"5770385f-c22a-43e0-bf4c-06f5698ffbd9"},"EventID":"5","Version":"3","Level":"4","Task":"5","Opcode":"0","Keywords":"0x8000000000000000","TimeCreated":{"@SystemTime":"2025-04-22 13:58:24.1143574"},"EventRecordID":"37338","Correlation":null,"Execution":{"@ProcessID":"2984","@ThreadID":"4008"},"Channel":"Microsoft-Windows-Sysmon/Operational","Computer":"Server002","Security":{"@UserID":"S-1-5-18"}},"EventData":{"Data":[{"@Name":"RuleName","#text":"-"},{"@Name":"UtcTime","#text":"2025-04-22 13:58:24.103"},{"@Name":"ProcessGuid","#text":"dbf410b3-a03b-6807-9101-000000003f00"},{"@Name":"ProcessId","#text":"3296"},{"@Name":"Image","#text":"C:\\Windows\\System32\\conhost.exe"},{"@Name":"User","#text":"NT AUTHORITY\\SYSTEM"}]}}}
{"Event":{"System":{"Provider":{"@Name":"Microsoft-Windows-Sysmon","@Guid":"5770385f-c22a-43e0-bf4c-06f5698ffbd9"},"EventID":"5","Version":"3","Level":"4","Task":"5","Opcode":"0","Keywords":"0x8000000000000000","TimeCreated":{"@SystemTime":"2025-04-22 13:58:24.2009232"},"EventRecordID":"37339","Correlation":null,"Execution":{"@ProcessID":"2984","@ThreadID":"4008"},"Channel":"Microsoft-Windows-Sysmon/Operational","Computer":"Server002","Security":{"@UserID":"S-1-5-18"}},"EventData":{"Data":[{"@Name":"RuleName","#text":"-"},{"@Name":"UtcTime","#text":"2025-04-22 13:58:24.198"},{"@Name":"ProcessGuid","#text":"dbf410b3-9f88-6807-2701-000000003f00"},{"@Name":"ProcessId","#text":"7412"},{"@Name":"Image","#text":"C:\\Windows\\System32\\CompatTelRunner.exe"},{"@Name":"User","#text":"NT AUTHORITY\\SYSTEM"}]}}}
{"Event":{"System":{"Provider":{"@Name":"Microsoft-Windows-Sysmon","@Guid":"5770385f-c22a-43e0-bf4c-06f5698ffbd9"},"EventID":"1","Version":"5","Level":"4","Task":"1","Opcode":"0","Keywords":"0x8000000000000000","TimeCreated":{"@SystemTime":"2025-04-22 13:58:24.2469926"},"EventRecordID":"37340","Correlation":null,"Execution":{"@ProcessID":"2984","@ThreadID":"4008"},"Channel":"Microsoft-Windows-Sysmon/Operational","Computer":"Server002","Security":{"@UserID":"S-1-5-18"}},"EventData":{"Data":[{"@Name":"RuleName","#text":"-"},{"@Name":"UtcTime","#text":"2025-04-22 13:58:24.230"},{"@Name":"ProcessGuid","#text":"dbf410b3-a080-6807-9501-000000003f00"},{"@Name":"ProcessId","#text":"8092"},{"@Name":"Image","#text":"C:\\Windows\\System32\\CompatTelRunner.exe"},{"@Name":"FileVersion","#text":"10.0.19041.5678 (WinBuild.160101.0800)"},{"@Name":"Description","#text":"Microsoft Compatibility Telemetry"},{"@Name":"Product","#text":"Microsoft® Windows® Operating System"},{"@Name":"Company","#text":"Microsoft Corporation"},{"@Name":"OriginalFileName","#text":"CompatTelRunner.exe"},{"@Name":"CommandLine","#text":"C:\\Windows\\system32\\CompatTelRunner.exe -m:appraiser.dll -f:UpdateAvStatus -cv:CI6NsgfmAk+WQz1O.3"},{"@Name":"CurrentDirectory","#text":"C:\\Windows\\system32\\"},{"@Name":"User","#text":"NT AUTHORITY\\SYSTEM"},{"@Name":"LogonGuid","#text":"dbf410b3-baf8-6807-e703-000000000000"},{"@Name":"LogonId","#text":"0x3E7"},{"@Name":"TerminalSessionId","#text":"0"},{"@Name":"IntegrityLevel","#text":"System"},{"@Name":"Hashes","#text":"SHA256=A9C3E6267FFB273308F66120029050F03D76B51C817702CED7CF007A3B655E9D"},{"@Name":"ParentProcessGuid","#text":"dbf410b3-9f87-6807-1901-000000003f00"},{"@Name":"ParentProcessId","#text":"8960"},{"@Name":"ParentImage","#text":"C:\\Windows\\System32\\CompatTelRunner.exe"},{"@Name":"ParentCommandLine","#text":"\"C:\\Windows\\system32\\compattelrunner.exe\""},{"@Name":"ParentUser","#text":"NT AUTHORITY\\SYSTEM"}]}}}
{"Event":{"System":{"Provider":{"@Name":"Microsoft-Windows-Sysmon","@Guid":"5770385f-c22a-43e0-bf4c-06f5698ffbd9"},"EventID":"5","Version":"3","Level":"4","Task":"5","Opcode":"0","Keywords":"0x8000000000000000","TimeCreated":{"@SystemTime":"2025-04-22 13:58:25.4149769"},"EventRecordID":"37341","Correlation":null,"Execution":{"@ProcessID":"2984","@ThreadID":"4008"},"Channel":"Microsoft-Windows-Sysmon/Operational","Computer":"Server002","Security":{"@UserID":"S-1-5-18"}},"EventData":{"Data":[{"@Name":"RuleName","#text":"-"},{"@Name":"UtcTime","#text":"2025-04-22 13:58:25.369"},{"@Name":"ProcessGuid","#text":"dbf410b3-a080-6807-9501-000000003f00"},{"@Name":"ProcessId","#text":"8092"},{"@Name":"Image","#text":"C:\\Windows\\System32\\CompatTelRunner.exe"},{"@Name":"User","#text":"NT AUTHORITY\\SYSTEM"}]}}}
{"Event":{"System":{"Provider":{"@Name":"Microsoft-Windows-Sysmon","@Guid":"5770385f-c22a-43e0-bf4c-06f5698ffbd9"},"EventID":"1","Version":"5","Level":"4","Task":"1","Opcode":"0","Keywords":"0x8000000000000000","TimeCreated":{"@SystemTime":"2025-04-22 13:58:25.7293385"},"EventRecordID":"37342","Correlation":null,"Execution":{"@ProcessID":"2984","@ThreadID":"4008"},"Channel":"Microsoft-Windows-Sysmon/Operational","Computer":"Server002","Security":{"@UserID":"S-1-5-18"}},"EventData":{"Data":[{"@Name":"RuleName","#text":"-"},{"@Name":"UtcTime","#text":"2025-04-22 13:58:25.562"},{"@Name":"ProcessGuid","#text":"dbf410b3-a081-6807-9601-000000003f00"},{"@Name":"ProcessId","#text":"7288"},{"@Name":"Image","#text":"C:\\Windows\\System32\\CompatTelRunner.exe"},{"@Name":"FileVersion","#text":"10.0.19041.5678 (WinBuild.160101.0800)"},{"@Name":"Description","#text":"Microsoft Compatibility Telemetry"},{"@Name":"Product","#text":"Microsoft® Windows® Operating System"},{"@Name":"Company","#text":"Microsoft Corporation"},{"@Name":"OriginalFileName","#text":"CompatTelRunner.exe"},{"@Name":"CommandLine","#text":"C:\\Windows\\system32\\CompatTelRunner.exe -m:aemarebackup.dll -f:BackupMareData -cv:CI6NsgfmAk+WQz1O.6"},{"@Name":"CurrentDirectory","#text":"C:\\Windows\\system32\\"},{"@Name":"User","#text":"NT AUTHORITY\\SYSTEM"},{"@Name":"LogonGuid","#text":"dbf410b3-baf8-6807-e703-000000000000"},{"@Name":"LogonId","#text":"0x3E7"},{"@Name":"TerminalSessionId","#text":"0"},{"@Name":"IntegrityLevel","#text":"System"},{"@Name":"Hashes","#text":"SHA256=A9C3E6267FFB273308F66120029050F03D76B51C817702CED7CF007A3B655E9D"},{"@Name":"ParentProcessGuid","#text":"dbf410b3-9f87-6807-1901-000000003f00"},{"@Name":"ParentProcessId","#text":"8960"},{"@Name":"ParentImage","#text":"C:\\Windows\\System32\\CompatTelRunner.exe"},{"@Name":"ParentCommandLine","#text":"\"C:\\Windows\\system32\\compattelrunner.exe\""},{"@Name":"ParentUser","#text":"NT AUTHORITY\\SYSTEM"}]}}}
{"Event":{"System":{"Provider":{"@Name":"Microsoft-Windows-Sysmon","@Guid":"5770385f-c22a-43e0-bf4c-06f5698ffbd9"},"EventID":"1","Version":"5","Level":"4","Task":"1","Opcode":"0","Keywords":"0x8000000000000000","TimeCreated":{"@SystemTime":"2025-04-22 13:58:28.0079382"},"EventRecordID":"37343","Correlation":null,"Execution":{"@ProcessID":"2984","@ThreadID":"4008"},"Channel":"Microsoft-Windows-Sysmon/Operational","Computer":"Server002","Security":{"@UserID":"S-1-5-18"}},"EventData":{"Data":[{"@Name":"RuleName","#text":"-"},{"@Name":"UtcTime","#text":"2025-04-22 13:58:27.999"},{"@Name":"ProcessGuid","#text":"dbf410b3-a083-6807-9701-000000003f00"},{"@Name":"ProcessId","#text":"5072"},{"@Name":"Image","#text":"C:\\Windows\\System32\\svchost.exe"},{"@Name":"FileVersion","#text":"10.0.19041.4355 (WinBuild.160101.0800)"},{"@Name":"Description","#text":"Host Process for Windows Services"},{"@Name":"Product","#text":"Microsoft® Windows® Operating System"},{"@Name":"Company","#text":"Microsoft Corporation"},{"@Name":"OriginalFileName","#text":"svchost.exe"},{"@Name":"CommandLine","#text":"C:\\Windows\\system32\\svchost.exe -k netsvcs -p -s wisvc"},{"@Name":"CurrentDirectory","#text":"C:\\Windows\\system32\\"},{"@Name":"User","#text":"NT AUTHORITY\\SYSTEM"},{"@Name":"LogonGuid","#text":"dbf410b3-baf8-6807-e703-000000000000"},{"@Name":"LogonId","#text":"0x3E7"},{"@Name":"TerminalSessionId","#text":"0"},{"@Name":"IntegrityLevel","#text":"System"},{"@Name":"Hashes","#text":"SHA256=6FC3BF1FDFD76860BE782554F8D25BD32F108DB934D70F4253F1E5F23522E503"},{"@Name":"ParentProcessGuid","#text":"00000000-0000-0000-0000-000000000000"},{"@Name":"ParentProcessId","#text":"652"},{"@Name":"ParentImage","#text":"-"},{"@Name":"ParentCommandLine","#text":"-"},{"@Name":"ParentUser","#text":"-"}]}}}
