{"Event":{"System":{"Provider":{"@Name":"Microsoft-Windows-Sysmon","@Guid":"5770385f-c22a-43e0-bf4c-06f5698ffbd9"},"EventID":"5","Version":"3","Level":"4","Task":"5","Opcode":"0","Keywords":"0x8000000000000000","TimeCreated":{"@SystemTime":"2025-04-16 17:37:16.4642841"},"EventRecordID":"21870","Correlation":null,"Execution":{"@ProcessID":"3004","@ThreadID":"3384"},"Channel":"Microsoft-Windows-Sysmon/Operational","Computer":"Server002","Security":{"@UserID":"S-1-5-18"}},"EventData":{"Data":[{"@Name":"RuleName","#text":"-"},{"@Name":"UtcTime","#text":"2025-04-16 17:37:16.462"},{"@Name":"ProcessGuid","#text":"dbf410b3-eacb-67ff-8908-000000003900"},{"@Name":"ProcessId","#text":"8432"},{"@Name":"Image","#text":"C:\\Windows\\Microsoft.NET\\Framework\\v4.0.30319\\mscorsvw.exe"},{"@Name":"User","#text":"NT AUTHORITY\\SYSTEM"}]}}}
{"Event":{"System":{"Provider":{"@Name":"Microsoft-Windows-Sysmon","@Guid":"5770385f-c22a-43e0-bf4c-06f5698ffbd9"},"EventID":"5","Version":"3","Level":"4","Task":"5","Opcode":"0","Keywords":"0x8000000000000000","TimeCreated":{"@SystemTime":"2025-04-16 17:37:16.8406625"},"EventRecordID":"21871","Correlation":null,"Execution":{"@ProcessID":"3004","@ThreadID":"3384"},"Channel":"Microsoft-Windows-Sysmon/Operational","Computer":"Server002","Security":{"@UserID":"S-1-5-18"}},"EventData":{"Data":[{"@Name":"RuleName","#text":"-"},{"@Name":"UtcTime","#text":"2025-04-16 17:37:16.840"},{"@Name":"ProcessGuid","#text":"dbf410b3-eacc-67ff-8a08-000000003900"},{"@Name":"ProcessId","#text":"4672"},{"@Name":"Image","#text":"C:\\Windows\\Microsoft.NET\\Framework\\v4.0.30319\\mscorsvw.exe"},{"@Name":"User","#text":"NT AUTHORITY\\SYSTEM"}]}}}
{"Event":{"System":{"Provider":{"@Name":"Microsoft-Windows-Sysmon","@Guid":"5770385f-c22a-43e0-bf4c-06f5698ffbd9"},"EventID":"1","Version":"5","Level":"4","Task":"1","Opcode":"0","Keywords":"0x8000000000000000","TimeCreated":{"@SystemTime":"2025-04-16 17:37:16.8560382"},"EventRecordID":"21872","Correlation":null,"Execution":{"@ProcessID":"3004","@ThreadID":"3384"},"Channel":"Microsoft-Windows-Sysmon/Operational","Computer":"Server002","Security":{"@UserID":"S-1-5-18"}},"EventData":{"Data":[{"@Name":"RuleName","#text":"-"},{"@Name":"UtcTime","#text":"2025-04-16 17:37:16.839"},{"@Name":"ProcessGuid","#text":"dbf410b3-eacc-67ff-8b08-000000003900"},{"@Name":"ProcessId","#text":"5628"},{"@Name":"Image","#text":"C:\\Windows\\Microsoft.NET\\Framework\\v4.0.30319\\mscorsvw.exe"},{"@Name":"FileVersion","#text":"4.8.9093.0 built by: NET481REL1LAST_C"},{"@Name":"Description","#text":".NET Runtime Optimization Service"},{"@Name":"Product","#text":"Microsoft® .NET Framework"},{"@Name":"Company","#text":"Microsoft Corporation"},{"@Name":"OriginalFileName","#text":"mscorsvw.exe"},{"@Name":"CommandLine","#text":"C:\\Windows\\Microsoft.NET\\Framework\\v4.0.30319\\mscorsvw.exe -StartupEvent 394 -InterruptEvent 0 -NGENProcess 3b0 -Pipe 330 -Comment \"NGen Worker Process\""},{"@Name":"CurrentDirectory","#text":"C:\\Windows\\system32\\"},{"@Name":"User","#text":"NT AUTHORITY\\SYSTEM"},{"@Name":"LogonGuid","#text":"dbf410b3-e84c-67ff-e703-000000000000"},{"@Name":"LogonId","#text":"0x3E7"},{"@Name":"TerminalSessionId","#text":"0"},{"@Name":"IntegrityLevel","#text":"System"},{"@Name":"Hashes","#text":"SHA256=0F5305796FA4135C338C80B8529EEE9C38FFB938BCF89984B0CDC77B9673DD75"},{"@Name":"ParentProcessGuid","#text":"dbf410b3-ea98-67ff-6008-000000003900"},{"@Name":"ParentProcessId","#text":"2600"},{"@Name":"ParentImage","#text":"C:\\Windows\\Microsoft.NET\\Framework\\v4.0.30319\\ngen.exe"},{"@Name":"ParentCommandLine","#text":"\"C:\\Windows\\Microsoft.NET\\Framework\\v4.0.30319\\ngen.exe\" ExecuteQueuedItems /LegacyServiceBehavior"},{"@Name":"ParentUser","#text":"NT AUTHORITY\\SYSTEM"}]}}}
{"Event":{"System":{"Provider":{"@Name":"Microsoft-Windows-Sysmon","@Guid":"5770385f-c22a-43e0-bf4c-06f5698ffbd9"},"EventID":"1","Version":"5","Level":"4","Task":"1","Opcode":"0","Keywords":"0x8000000000000000","TimeCreated":{"@SystemTime":"2025-04-16 17:37:18.4468969"},"EventRecordID":"21873","Correlation":null,"Execution":{"@ProcessID":"3004","@ThreadID":"3384"},"Channel":"Microsoft-Windows-Sysmon/Operational","Computer":"Server002","Security":{"@UserID":"S-1-5-18"}},"EventData":{"Data":[{"@Name":"RuleName","#text":"-"},{"@Name":"UtcTime","#text":"2025-04-16 17:37:18.418"},{"@Name":"ProcessGuid","#text":"dbf410b3-eace-67ff-8c08-000000003900"},{"@Name":"ProcessId","#text":"4404"},{"@Name":"Image","#text":"C:\\Windows\\Microsoft.NET\\Framework\\v4.0.30319\\mscorsvw.exe"},{"@Name":"FileVersion","#text":"4.8.9093.0 built by: NET481REL1LAST_C"},{"@Name":"Description","#text":".NET Runtime Optimization Service"},{"@Name":"Product","#text":"Microsoft® .NET Framework"},{"@Name":"Company","#text":"Microsoft Corporation"},{"@Name":"OriginalFileName","#text":"mscorsvw.exe"},{"@Name":"CommandLine","#text":"C:\\Windows\\Microsoft.NET\\Framework\\v4.0.30319\\mscorsvw.exe -StartupEvent 394 -InterruptEvent 0 -NGENProcess 364 -Pipe 380 -Comment \"NGen Worker Process\""},{"@Name":"CurrentDirectory","#text":"C:\\Windows\\system32\\"},{"@Name":"User","#text":"NT AUTHORITY\\SYSTEM"},{"@Name":"LogonGuid","#text":"dbf410b3-e84c-67ff-e703-000000000000"},{"@Name":"LogonId","#text":"0x3E7"},{"@Name":"TerminalSessionId","#text":"0"},{"@Name":"IntegrityLevel","#text":"System"},{"@Name":"Hashes","#text":"SHA256=0F5305796FA4135C338C80B8529EEE9C38FFB938BCF89984B0CDC77B9673DD75"},{"@Name":"ParentProcessGuid","#text":"dbf410b3-ea98-67ff-6008-000000003900"},{"@Name":"ParentProcessId","#text":"2600"},{"@Name":"ParentImage","#text":"C:\\Windows\\Microsoft.NET\\Framework\\v4.0.30319\\ngen.exe"},{"@Name":"ParentCommandLine","#text":"\"C:\\Windows\\Microsoft.NET\\Framework\\v4.0.30319\\ngen.exe\" ExecuteQueuedItems /LegacyServiceBehavior"},{"@Name":"ParentUser","#text":"NT AUTHORITY\\SYSTEM"}]}}}
{"Event":{"System":{"Provider":{"@Name":"Microsoft-Windows-Sysmon","@Guid":"5770385f-c22a-43e0-bf4c-06f5698ffbd9"},"EventID":"5","Version":"3","Level":"4","Task":"5","Opcode":"0","Keywords":"0x8000000000000000","TimeCreated":{"@SystemTime":"2025-04-16 17:37:18.4629823"},"EventRecordID":"21874","Correlation":null,"Execution":{"@ProcessID":"3004","@ThreadID":"3384"},"Channel":"Microsoft-Windows-Sysmon/Operational","Computer":"Server002","Security":{"@UserID":"S-1-5-18"}},"EventData":{"Data":[{"@Name":"RuleName","#text":"-"},{"@Name":"UtcTime","#text":"2025-04-16 17:37:18.461"},{"@Name":"ProcessGuid","#text":"dbf410b3-eacc-67ff-8b08-000000003900"},{"@Name":"ProcessId","#text":"5628"},{"@Name":"Image","#text":"C:\\Windows\\Microsoft.NET\\Framework\\v4.0.30319\\mscorsvw.exe"},{"@Name":"User","#text":"NT AUTHORITY\\SYSTEM"}]}}}
{"Event":{"System":{"Provider":{"@Name":"Microsoft-Windows-Sysmon","@Guid":"5770385f-c22a-43e0-bf4c-06f5698ffbd9"},"EventID":"1","Version":"5","Level":"4","Task":"1","Opcode":"0","Keywords":"0x8000000000000000","TimeCreated":{"@SystemTime":"2025-04-16 17:37:18.8166517"},"EventRecordID":"21875","Correlation":null,"Execution":{"@ProcessID":"3004","@ThreadID":"3384"},"Channel":"Microsoft-Windows-Sysmon/Operational","Computer":"Server002","Security":{"@UserID":"S-1-5-18"}},"EventData":{"Data":[{"@Name":"RuleName","#text":"-"},{"@Name":"UtcTime","#text":"2025-04-16 17:37:18.801"},{"@Name":"ProcessGuid","#text":"dbf410b3-eace-67ff-8d08-000000003900"},{"@Name":"ProcessId","#text":"6240"},{"@Name":"Image","#text":"C:\\Windows\\Microsoft.NET\\Framework\\v4.0.30319\\mscorsvw.exe"},{"@Name":"FileVersion","#text":"4.8.9093.0 built by: NET481REL1LAST_C"},{"@Name":"Description","#text":".NET Runtime Optimization Service"},{"@Name":"Product","#text":"Microsoft® .NET Framework"},{"@Name":"Company","#text":"Microsoft Corporation"},{"@Name":"OriginalFileName","#text":"mscorsvw.exe"},{"@Name":"CommandLine","#text":"C:\\Windows\\Microsoft.NET\\Framework\\v4.0.30319\\mscorsvw.exe -StartupEvent 31c -InterruptEvent 0 -NGENProcess 3c8 -Pipe 364 -Comment \"NGen Worker Process\""},{"@Name":"CurrentDirectory","#text":"C:\\Windows\\system32\\"},{"@Name":"User","#text":"NT AUTHORITY\\SYSTEM"},{"@Name":"LogonGuid","#text":"dbf410b3-e84c-67ff-e703-000000000000"},{"@Name":"LogonId","#text":"0x3E7"},{"@Name":"TerminalSessionId","#text":"0"},{"@Name":"IntegrityLevel","#text":"System"},{"@Name":"Hashes","#text":"SHA256=0F5305796FA4135C338C80B8529EEE9C38FFB938BCF89984B0CDC77B9673DD75"},{"@Name":"ParentProcessGuid","#text":"dbf410b3-ea98-67ff-6008-000000003900"},{"@Name":"ParentProcessId","#text":"2600"},{"@Name":"ParentImage","#text":"C:\\Windows\\Microsoft.NET\\Framework\\v4.0.30319\\ngen.exe"},{"@Name":"ParentCommandLine","#text":"\"C:\\Windows\\Microsoft.NET\\Framework\\v4.0.30319\\ngen.exe\" ExecuteQueuedItems /LegacyServiceBehavior"},{"@Name":"ParentUser","#text":"NT AUTHORITY\\SYSTEM"}]}}}
{"Event":{"System":{"Provider":{"@Name":"Microsoft-Windows-Sysmon","@Guid":"5770385f-c22a-43e0-bf4c-06f5698ffbd9"},"EventID":"5","Version":"3","Level":"4","Task":"5","Opcode":"0","Keywords":"0x8000000000000000","TimeCreated":{"@SystemTime":"2025-04-16 17:37:18.8166975"},"EventRecordID":"21876","Correlation":null,"Execution":{"@ProcessID":"3004","@ThreadID":"3384"},"Channel":"Microsoft-Windows-Sysmon/Operational","Computer":"Server002","Security":{"@UserID":"S-1-5-18"}},"EventData":{"Data":[{"@Name":"RuleName","#text":"-"},{"@Name":"UtcTime","#text":"2025-04-16 17:37:18.815"},{"@Name":"ProcessGuid","#text":"dbf410b3-eace-67ff-8c08-000000003900"},{"@Name":"ProcessId","#text":"4404"},{"@Name":"Image","#text":"C:\\Windows\\Microsoft.NET\\Framework\\v4.0.30319\\mscorsvw.exe"},{"@Name":"User","#text":"NT AUTHORITY\\SYSTEM"}]}}}
{"Event":{"System":{"Provider":{"@Name":"Microsoft-Windows-Sysmon","@Guid":"5770385f-c22a-43e0-bf4c-06f5698ffbd9"},"EventID":"1","Version":"5","Level":"4","Task":"1","Opcode":"0","Keywords":"0x8000000000000000","TimeCreated":{"@SystemTime":"2025-04-16 17:37:19.3793531"},"EventRecordID":"21877","Correlation":null,"Execution":{"@ProcessID":"3004","@ThreadID":"3384"},"Channel":"Microsoft-Windows-Sysmon/Operational","Computer":"Server002","Security":{"@UserID":"S-1-5-18"}},"EventData":{"Data":[{"@Name":"RuleName","#text":"-"},{"@Name":"UtcTime","#text":"2025-04-16 17:37:19.360"},{"@Name":"ProcessGuid","#text":"dbf410b3-eacf-67ff-8e08-000000003900"},{"@Name":"ProcessId","#text":"6672"},{"@Name":"Image","#text":"C:\\Windows\\Microsoft.NET\\Framework\\v4.0.30319\\mscorsvw.exe"},{"@Name":"FileVersion","#text":"4.8.9093.0 built by: NET481REL1LAST_C"},{"@Name":"Description","#text":".NET Runtime Optimization Service"},{"@Name":"Product","#text":"Microsoft® .NET Framework"},{"@Name":"Company","#text":"Microsoft Corporation"},{"@Name":"OriginalFileName","#text":"mscorsvw.exe"},{"@Name":"CommandLine","#text":"C:\\Windows\\Microsoft.NET\\Framework\\v4.0.30319\\mscorsvw.exe -StartupEvent 394 -InterruptEvent 0 -NGENProcess 32c -Pipe 304 -Comment \"NGen Worker Process\""},{"@Name":"CurrentDirectory","#text":"C:\\Windows\\system32\\"},{"@Name":"User","#text":"NT AUTHORITY\\SYSTEM"},{"@Name":"LogonGuid","#text":"dbf410b3-e84c-67ff-e703-000000000000"},{"@Name":"LogonId","#text":"0x3E7"},{"@Name":"TerminalSessionId","#text":"0"},{"@Name":"IntegrityLevel","#text":"System"},{"@Name":"Hashes","#text":"SHA256=0F5305796FA4135C338C80B8529EEE9C38FFB938BCF89984B0CDC77B9673DD75"},{"@Name":"ParentProcessGuid","#text":"dbf410b3-ea98-67ff-6008-000000003900"},{"@Name":"ParentProcessId","#text":"2600"},{"@Name":"ParentImage","#text":"C:\\Windows\\Microsoft.NET\\Framework\\v4.0.30319\\ngen.exe"},{"@Name":"ParentCommandLine","#text":"\"C:\\Windows\\Microsoft.NET\\Framework\\v4.0.30319\\ngen.exe\" ExecuteQueuedItems /LegacyServiceBehavior"},{"@Name":"ParentUser","#text":"NT AUTHORITY\\SYSTEM"}]}}}
{"Event":{"System":{"Provider":{"@Name":"Microsoft-Windows-Sysmon","@Guid":"5770385f-c22a-43e0-bf4c-06f5698ffbd9"},"EventID":"5","Version":"3","Level":"4","Task":"5","Opcode":"0","Keywords":"0x8000000000000000","TimeCreated":{"@SystemTime":"2025-04-16 17:37:19.3880415"},"EventRecordID":"21878","Correlation":null,"Execution":{"@ProcessID":"3004","@ThreadID":"3384"},"Channel":"Microsoft-Windows-Sysmon/Operational","Computer":"Server002","Security":{"@UserID":"S-1-5-18"}},"EventData":{"Data":[{"@Name":"RuleName","#text":"-"},{"@Name":"UtcTime","#text":"2025-04-16 17:37:19.386"},{"@Name":"ProcessGuid","#text":"dbf410b3-eace-67ff-8d08-000000003900"},{"@Name":"ProcessId","#text":"6240"},{"@Name":"Image","#text":"C:\\Windows\\Microsoft.NET\\Framework\\v4.0.30319\\mscorsvw.exe"},{"@Name":"User","#text":"NT AUTHORITY\\SYSTEM"}]}}}
{"Event":{"System":{"Provider":{"@Name":"Microsoft-Windows-Sysmon","@Guid":"5770385f-c22a-43e0-bf4c-06f5698ffbd9"},"EventID":"1","Version":"5","Level":"4","Task":"1","Opcode":"0","Keywords":"0x8000000000000000","TimeCreated":{"@SystemTime":"2025-04-16 17:37:19.7593723"},"EventRecordID":"21879","Correlation":null,"Execution":{"@ProcessID":"3004","@ThreadID":"3384"},"Channel":"Microsoft-Windows-Sysmon/Operational","Computer":"Server002","Security":{"@UserID":"S-1-5-18"}},"EventData":{"Data":[{"@Name":"RuleName","#text":"-"},{"@Name":"UtcTime","#text":"2025-04-16 17:37:19.741"},{"@Name":"ProcessGuid","#text":"dbf410b3-eacf-67ff-8f08-000000003900"},{"@Name":"ProcessId","#text":"6088"},{"@Name":"Image","#text":"C:\\Windows\\Microsoft.NET\\Framework\\v4.0.30319\\mscorsvw.exe"},{"@Name":"FileVersion","#text":"4.8.9093.0 built by: NET481REL1LAST_C"},{"@Name":"Description","#text":".NET Runtime Optimization Service"},{"@Name":"Product","#text":"Microsoft® .NET Framework"},{"@Name":"Company","#text":"Microsoft Corporation"},{"@Name":"OriginalFileName","#text":"mscorsvw.exe"},{"@Name":"CommandLine","#text":"C:\\Windows\\Microsoft.NET\\Framework\\v4.0.30319\\mscorsvw.exe -StartupEvent 35c -InterruptEvent 0 -NGENProcess 3dc -Pipe 394 -Comment \"NGen Worker Process\""},{"@Name":"CurrentDirectory","#text":"C:\\Windows\\system32\\"},{"@Name":"User","#text":"NT AUTHORITY\\SYSTEM"},{"@Name":"LogonGuid","#text":"dbf410b3-e84c-67ff-e703-000000000000"},{"@Name":"LogonId","#text":"0x3E7"},{"@Name":"TerminalSessionId","#text":"0"},{"@Name":"IntegrityLevel","#text":"System"},{"@Name":"Hashes","#text":"SHA256=0F5305796FA4135C338C80B8529EEE9C38FFB938BCF89984B0CDC77B9673DD75"},{"@Name":"ParentProcessGuid","#text":"dbf410b3-ea98-67ff-6008-000000003900"},{"@Name":"ParentProcessId","#text":"2600"},{"@Name":"ParentImage","#text":"C:\\Windows\\Microsoft.NET\\Framework\\v4.0.30319\\ngen.exe"},{"@Name":"ParentCommandLine","#text":"\"C:\\Windows\\Microsoft.NET\\Framework\\v4.0.30319\\ngen.exe\" ExecuteQueuedItems /LegacyServiceBehavior"},{"@Name":"ParentUser","#text":"NT AUTHORITY\\SYSTEM"}]}}}
{"Event":{"System":{"Provider":{"@Name":"Microsoft-Windows-Sysmon","@Guid":"5770385f-c22a-43e0-bf4c-06f5698ffbd9"},"EventID":"5","Version":"3","Level":"4","Task":"5","Opcode":"0","Keywords":"0x8000000000000000","TimeCreated":{"@SystemTime":"2025-04-16 17:37:19.7613174"},"EventRecordID":"21880","Correlation":null,"Execution":{"@ProcessID":"3004","@ThreadID":"3384"},"Channel":"Microsoft-Windows-Sysmon/Operational","Computer":"Server002","Security":{"@UserID":"S-1-5-18"}},"EventData":{"Data":[{"@Name":"RuleName","#text":"-"},{"@Name":"UtcTime","#text":"2025-04-16 17:37:19.761"},{"@Name":"ProcessGuid","#text":"dbf410b3-eacf-67ff-8e08-000000003900"},{"@Name":"ProcessId","#text":"6672"},{"@Name":"Image","#text":"C:\\Windows\\Microsoft.NET\\Framework\\v4.0.30319\\mscorsvw.exe"},{"@Name":"User","#text":"NT AUTHORITY\\SYSTEM"}]}}}
{"Event":{"System":{"Provider":{"@Name":"Microsoft-Windows-Sysmon","@Guid":"5770385f-c22a-43e0-bf4c-06f5698ffbd9"},"EventID":"1","Version":"5","Level":"4","Task":"1","Opcode":"0","Keywords":"0x8000000000000000","TimeCreated":{"@SystemTime":"2025-04-16 17:37:21.1382828"},"EventRecordID":"21881","Correlation":null,"Execution":{"@ProcessID":"3004","@ThreadID":"3384"},"Channel":"Microsoft-Windows-Sysmon/Operational","Computer":"Server002","Security":{"@UserID":"S-1-5-18"}},"EventData":{"Data":[{"@Name":"RuleName","#text":"-"},{"@Name":"UtcTime","#text":"2025-04-16 17:37:21.120"},{"@Name":"ProcessGuid","#text":"dbf410b3-ead1-67ff-9008-000000003900"},{"@Name":"ProcessId","#text":"12028"},{"@Name":"Image","#text":"C:\\Windows\\Microsoft.NET\\Framework\\v4.0.30319\\mscorsvw.exe"},{"@Name":"FileVersion","#text":"4.8.9093.0 built by: NET481REL1LAST_C"},{"@Name":"Description","#text":".NET Runtime Optimization Service"},{"@Name":"Product","#text":"Microsoft® .NET Framework"},{"@Name":"Company","#text":"Microsoft Corporation"},{"@Name":"OriginalFileName","#text":"mscorsvw.exe"},{"@Name":"CommandLine","#text":"C:\\Windows\\Microsoft.NET\\Framework\\v4.0.30319\\mscorsvw.exe -StartupEvent 35c -InterruptEvent 0 -NGENProcess 350 -Pipe 394 -Comment \"NGen Worker Process\""},{"@Name":"CurrentDirectory","#text":"C:\\Windows\\system32\\"},{"@Name":"User","#text":"NT AUTHORITY\\SYSTEM"},{"@Name":"LogonGuid","#text":"dbf410b3-e84c-67ff-e703-000000000000"},{"@Name":"LogonId","#text":"0x3E7"},{"@Name":"TerminalSessionId","#text":"0"},{"@Name":"IntegrityLevel","#text":"System"},{"@Name":"Hashes","#text":"SHA256=0F5305796FA4135C338C80B8529EEE9C38FFB938BCF89984B0CDC77B9673DD75"},{"@Name":"ParentProcessGuid","#text":"dbf410b3-ea98-67ff-6008-000000003900"},{"@Name":"ParentProcessId","#text":"2600"},{"@Name":"ParentImage","#text":"C:\\Windows\\Microsoft.NET\\Framework\\v4.0.30319\\ngen.exe"},{"@Name":"ParentCommandLine","#text":"\"C:\\Windows\\Microsoft.NET\\Framework\\v4.0.30319\\ngen.exe\" ExecuteQueuedItems /LegacyServiceBehavior"},{"@Name":"ParentUser","#text":"NT AUTHORITY\\SYSTEM"}]}}}
{"Event":{"System":{"Provider":{"@Name":"Microsoft-Windows-Sysmon","@Guid":"5770385f-c22a-43e0-bf4c-06f5698ffbd9"},"EventID":"5","Version":"3","Level":"4","Task":"5","Opcode":"0","Keywords":"0x8000000000000000","TimeCreated":{"@SystemTime":"2025-04-16 17:37:21.1383305"},"EventRecordID":"21882","Correlation":null,"Execution":{"@ProcessID":"3004","@ThreadID":"3384"},"Channel":"Microsoft-Windows-Sysmon/Operational","Computer":"Server002","Security":{"@UserID":"S-1-5-18"}},"EventData":{"Data":[{"@Name":"RuleName","#text":"-"},{"@Name":"UtcTime","#text":"2025-04-16 17:37:21.131"},{"@Name":"ProcessGuid","#text":"dbf410b3-eacf-67ff-8f08-000000003900"},{"@Name":"ProcessId","#text":"6088"},{"@Name":"Image","#text":"C:\\Windows\\Microsoft.NET\\Framework\\v4.0.30319\\mscorsvw.exe"},{"@Name":"User","#text":"NT AUTHORITY\\SYSTEM"}]}}}
{"Event":{"System":{"Provider":{"@Name":"Microsoft-Windows-Sysmon","@Guid":"5770385f-c22a-43e0-bf4c-06f5698ffbd9"},"EventID":"5","Version":"3","Level":"4","Task":"5","Opcode":"0","Keywords":"0x8000000000000000","TimeCreated":{"@SystemTime":"2025-04-16 17:37:21.8589613"},"EventRecordID":"21883","Correlation":null,"Execution":{"@ProcessID":"3004","@ThreadID":"3384"},"Channel":"Microsoft-Windows-Sysmon/Operational","Computer":"Server002","Security":{"@UserID":"S-1-5-18"}},"EventData":{"Data":[{"@Name":"RuleName","#text":"-"},{"@Name":"UtcTime","#text":"2025-04-16 17:37:21.858"},{"@Name":"ProcessGuid","#text":"dbf410b3-ead1-67ff-9008-000000003900"},{"@Name":"ProcessId","#text":"12028"},{"@Name":"Image","#text":"C:\\Windows\\Microsoft.NET\\Framework\\v4.0.30319\\mscorsvw.exe"},{"@Name":"User","#text":"NT AUTHORITY\\SYSTEM"}]}}}
{"Event":{"System":{"Provider":{"@Name":"Microsoft-Windows-Sysmon","@Guid":"5770385f-c22a-43e0-bf4c-06f5698ffbd9"},"EventID":"1","Version":"5","Level":"4","Task":"1","Opcode":"0","Keywords":"0x8000000000000000","TimeCreated":{"@SystemTime":"2025-04-16 17:37:21.8635234"},"EventRecordID":"21884","Correlation":null,"Execution":{"@ProcessID":"3004","@ThreadID":"3384"},"Channel":"Microsoft-Windows-Sysmon/Operational","Computer":"Server002","Security":{"@UserID":"S-1-5-18"}},"EventData":{"Data":[{"@Name":"RuleName","#text":"-"},{"@Name":"UtcTime","#text":"2025-04-16 17:37:21.847"},{"@Name":"ProcessGuid","#text":"dbf410b3-ead1-67ff-9108-000000003900"},{"@Name":"ProcessId","#text":"4080"},{"@Name":"Image","#text":"C:\\Windows\\Microsoft.NET\\Framework\\v4.0.30319\\mscorsvw.exe"},{"@Name":"FileVersion","#text":"4.8.9093.0 built by: NET481REL1LAST_C"},{"@Name":"Description","#text":".NET Runtime Optimization Service"},{"@Name":"Product","#text":"Microsoft® .NET Framework"},{"@Name":"Company","#text":"Microsoft Corporation"},{"@Name":"OriginalFileName","#text":"mscorsvw.exe"},{"@Name":"CommandLine","#text":"C:\\Windows\\Microsoft.NET\\Framework\\v4.0.30319\\mscorsvw.exe -StartupEvent 1f8 -InterruptEvent 0 -NGENProcess 330 -Pipe 38c -Comment \"NGen Worker Process\""},{"@Name":"CurrentDirectory","#text":"C:\\Windows\\system32\\"},{"@Name":"User","#text":"NT AUTHORITY\\SYSTEM"},{"@Name":"LogonGuid","#text":"dbf410b3-e84c-67ff-e703-000000000000"},{"@Name":"LogonId","#text":"0x3E7"},{"@Name":"TerminalSessionId","#text":"0"},{"@Name":"IntegrityLevel","#text":"System"},{"@Name":"Hashes","#text":"SHA256=0F5305796FA4135C338C80B8529EEE9C38FFB938BCF89984B0CDC77B9673DD75"},{"@Name":"ParentProcessGuid","#text":"dbf410b3-ea98-67ff-6008-000000003900"},{"@Name":"ParentProcessId","#text":"2600"},{"@Name":"ParentImage","#text":"C:\\Windows\\Microsoft.NET\\Framework\\v4.0.30319\\ngen.exe"},{"@Name":"ParentCommandLine","#text":"\"C:\\Windows\\Microsoft.NET\\Framework\\v4.0.30319\\ngen.exe\" ExecuteQueuedItems /LegacyServiceBehavior"},{"@Name":"ParentUser","#text":"NT AUTHORITY\\SYSTEM"}]}}}
{"Event":{"System":{"Provider":{"@Name":"Microsoft-Windows-Sysmon","@Guid":"5770385f-c22a-43e0-bf4c-06f5698ffbd9"},"EventID":"1","Version":"5","Level":"4","Task":"1","Opcode":"0","Keywords":"0x8000000000000000","TimeCreated":{"@SystemTime":"2025-04-16 17:37:23.7436258"},"EventRecordID":"21885","Correlation":null,"Execution":{"@ProcessID":"3004","@ThreadID":"3384"},"Channel":"Microsoft-Windows-Sysmon/Operational","Computer":"Server002","Security":{"@UserID":"S-1-5-18"}},"EventData":{"Data":[{"@Name":"RuleName","#text":"-"},{"@Name":"UtcTime","#text":"2025-04-16 17:37:23.718"},{"@Name":"ProcessGuid","#text":"dbf410b3-ead3-67ff-9208-000000003900"},{"@Name":"ProcessId","#text":"12252"},{"@Name":"Image","#text":"C:\\Windows\\Microsoft.NET\\Framework\\v4.0.30319\\mscorsvw.exe"},{"@Name":"FileVersion","#text":"4.8.9093.0 built by: NET481REL1LAST_C"},{"@Name":"Description","#text":".NET Runtime Optimization Service"},{"@Name":"Product","#text":"Microsoft® .NET Framework"},{"@Name":"Company","#text":"Microsoft Corporation"},{"@Name":"OriginalFileName","#text":"mscorsvw.exe"},{"@Name":"CommandLine","#text":"C:\\Windows\\Microsoft.NET\\Framework\\v4.0.30319\\mscorsvw.exe -StartupEvent 25c -InterruptEvent 0 -NGENProcess 35c -Pipe 32c -Comment \"NGen Worker Process\""},{"@Name":"CurrentDirectory","#text":"C:\\Windows\\system32\\"},{"@Name":"User","#text":"NT AUTHORITY\\SYSTEM"},{"@Name":"LogonGuid","#text":"dbf410b3-e84c-67ff-e703-000000000000"},{"@Name":"LogonId","#text":"0x3E7"},{"@Name":"TerminalSessionId","#text":"0"},{"@Name":"IntegrityLevel","#text":"System"},{"@Name":"Hashes","#text":"SHA256=0F5305796FA4135C338C80B8529EEE9C38FFB938BCF89984B0CDC77B9673DD75"},{"@Name":"ParentProcessGuid","#text":"dbf410b3-ea98-67ff-6008-000000003900"},{"@Name":"ParentProcessId","#text":"2600"},{"@Name":"ParentImage","#text":"C:\\Windows\\Microsoft.NET\\Framework\\v4.0.30319\\ngen.exe"},{"@Name":"ParentCommandLine","#text":"\"C:\\Windows\\Microsoft.NET\\Framework\\v4.0.30319\\ngen.exe\" ExecuteQueuedItems /LegacyServiceBehavior"},{"@Name":"ParentUser","#text":"NT AUTHORITY\\SYSTEM"}]}}}
{"Event":{"System":{"Provider":{"@Name":"Microsoft-Windows-Sysmon","@Guid":"5770385f-c22a-43e0-bf4c-06f5698ffbd9"},"EventID":"5","Version":"3","Level":"4","Task":"5","Opcode":"0","Keywords":"0x8000000000000000","TimeCreated":{"@SystemTime":"2025-04-16 17:37:23.7739412"},"EventRecordID":"21886","Correlation":null,"Execution":{"@ProcessID":"3004","@ThreadID":"3384"},"Channel":"Microsoft-Windows-Sysmon/Operational","Computer":"Server002","Security":{"@UserID":"S-1-5-18"}},"EventData":{"Data":[{"@Name":"RuleName","#text":"-"},{"@Name":"UtcTime","#text":"2025-04-16 17:37:23.769"},{"@Name":"ProcessGuid","#text":"dbf410b3-ead1-67ff-9108-000000003900"},{"@Name":"ProcessId","#text":"4080"},{"@Name":"Image","#text":"C:\\Windows\\Microsoft.NET\\Framework\\v4.0.30319\\mscorsvw.exe"},{"@Name":"User","#text":"NT AUTHORITY\\SYSTEM"}]}}}
{"Event":{"System":{"Provider":{"@Name":"Microsoft-Windows-Sysmon","@Guid":"5770385f-c22a-43e0-bf4c-06f5698ffbd9"},"EventID":"1","Version":"5","Level":"4","Task":"1","Opcode":"0","Keywords":"0x8000000000000000","TimeCreated":{"@SystemTime":"2025-04-16 17:37:24.1855347"},"EventRecordID":"21887","Correlation":null,"Execution":{"@ProcessID":"3004","@ThreadID":"3384"},"Channel":"Microsoft-Windows-Sysmon/Operational","Computer":"Server002","Security":{"@UserID":"S-1-5-18"}},"EventData":{"Data":[{"@Name":"RuleName","#text":"-"},{"@Name":"UtcTime","#text":"2025-04-16 17:37:24.168"},{"@Name":"ProcessGuid","#text":"dbf410b3-ead4-67ff-9308-000000003900"},{"@Name":"ProcessId","#text":"9668"},{"@Name":"Image","#text":"C:\\Windows\\Microsoft.NET\\Framework\\v4.0.30319\\mscorsvw.exe"},{"@Name":"FileVersion","#text":"4.8.9093.0 built by: NET481REL1LAST_C"},{"@Name":"Description","#text":".NET Runtime Optimization Service"},{"@Name":"Product","#text":"Microsoft® .NET Framework"},{"@Name":"Company","#text":"Microsoft Corporation"},{"@Name":"OriginalFileName","#text":"mscorsvw.exe"},{"@Name":"CommandLine","#text":"C:\\Windows\\Microsoft.NET\\Framework\\v4.0.30319\\mscorsvw.exe -StartupEvent 31c -InterruptEvent 0 -NGENProcess 330 -Pipe 3c4 -Comment \"NGen Worker Process\""},{"@Name":"CurrentDirectory","#text":"C:\\Windows\\system32\\"},{"@Name":"User","#text":"NT AUTHORITY\\SYSTEM"},{"@Name":"LogonGuid","#text":"dbf410b3-e84c-67ff-e703-000000000000"},{"@Name":"LogonId","#text":"0x3E7"},{"@Name":"TerminalSessionId","#text":"0"},{"@Name":"IntegrityLevel","#text":"System"},{"@Name":"Hashes","#text":"SHA256=0F5305796FA4135C338C80B8529EEE9C38FFB938BCF89984B0CDC77B9673DD75"},{"@Name":"ParentProcessGuid","#text":"dbf410b3-ea98-67ff-6008-000000003900"},{"@Name":"ParentProcessId","#text":"2600"},{"@Name":"ParentImage","#text":"C:\\Windows\\Microsoft.NET\\Framework\\v4.0.30319\\ngen.exe"},{"@Name":"ParentCommandLine","#text":"\"C:\\Windows\\Microsoft.NET\\Framework\\v4.0.30319\\ngen.exe\" ExecuteQueuedItems /LegacyServiceBehavior"},{"@Name":"ParentUser","#text":"NT AUTHORITY\\SYSTEM"}]}}}
{"Event":{"System":{"Provider":{"@Name":"Microsoft-Windows-Sysmon","@Guid":"5770385f-c22a-43e0-bf4c-06f5698ffbd9"},"EventID":"5","Version":"3","Level":"4","Task":"5","Opcode":"0","Keywords":"0x8000000000000000","TimeCreated":{"@SystemTime":"2025-04-16 17:37:24.1915197"},"EventRecordID":"21888","Correlation":null,"Execution":{"@ProcessID":"3004","@ThreadID":"3384"},"Channel":"Microsoft-Windows-Sysmon/Operational","Computer":"Server002","Security":{"@UserID":"S-1-5-18"}},"EventData":{"Data":[{"@Name":"RuleName","#text":"-"},{"@Name":"UtcTime","#text":"2025-04-16 17:37:24.190"},{"@Name":"ProcessGuid","#text":"dbf410b3-ead3-67ff-9208-000000003900"},{"@Name":"ProcessId","#text":"12252"},{"@Name":"Image","#text":"C:\\Windows\\Microsoft.NET\\Framework\\v4.0.30319\\mscorsvw.exe"},{"@Name":"User","#text":"NT AUTHORITY\\SYSTEM"}]}}}
{"Event":{"System":{"Provider":{"@Name":"Microsoft-Windows-Sysmon","@Guid":"5770385f-c22a-43e0-bf4c-06f5698ffbd9"},"EventID":"5","Version":"3","Level":"4","Task":"5","Opcode":"0","Keywords":"0x8000000000000000","TimeCreated":{"@SystemTime":"2025-04-16 17:37:24.8689660"},"EventRecordID":"21889","Correlation":null,"Execution":{"@ProcessID":"3004","@ThreadID":"3384"},"Channel":"Microsoft-Windows-Sysmon/Operational","Computer":"Server002","Security":{"@UserID":"S-1-5-18"}},"EventData":{"Data":[{"@Name":"RuleName","#text":"-"},{"@Name":"UtcTime","#text":"2025-04-16 17:37:24.868"},{"@Name":"ProcessGuid","#text":"dbf410b3-ead4-67ff-9308-000000003900"},{"@Name":"ProcessId","#text":"9668"},{"@Name":"Image","#text":"C:\\Windows\\Microsoft.NET\\Framework\\v4.0.30319\\mscorsvw.exe"},{"@Name":"User","#text":"NT AUTHORITY\\SYSTEM"}]}}}
{"Event":{"System":{"Provider":{"@Name":"Microsoft-Windows-Sysmon","@Guid":"5770385f-c22a-43e0-bf4c-06f5698ffbd9"},"EventID":"1","Version":"5","Level":"4","Task":"1","Opcode":"0","Keywords":"0x8000000000000000","TimeCreated":{"@SystemTime":"2025-04-16 17:37:24.8700398"},"EventRecordID":"21890","Correlation":null,"Execution":{"@ProcessID":"3004","@ThreadID":"3384"},"Channel":"Microsoft-Windows-Sysmon/Operational","Computer":"Server002","Security":{"@UserID":"S-1-5-18"}},"EventData":{"Data":[{"@Name":"RuleName","#text":"-"},{"@Name":"UtcTime","#text":"2025-04-16 17:37:24.850"},{"@Name":"ProcessGuid","#text":"dbf410b3-ead4-67ff-9408-000000003900"},{"@Name":"ProcessId","#text":"8264"},{"@Name":"Image","#text":"C:\\Windows\\Microsoft.NET\\Framework\\v4.0.30319\\mscorsvw.exe"},{"@Name":"FileVersion","#text":"4.8.9093.0 built by: NET481REL1LAST_C"},{"@Name":"Description","#text":".NET Runtime Optimization Service"},{"@Name":"Product","#text":"Microsoft® .NET Framework"},{"@Name":"Company","#text":"Microsoft Corporation"},{"@Name":"OriginalFileName","#text":"mscorsvw.exe"},{"@Name":"CommandLine","#text":"C:\\Windows\\Microsoft.NET\\Framework\\v4.0.30319\\mscorsvw.exe -StartupEvent 378 -InterruptEvent 0 -NGENProcess 1f8 -Pipe 35c -Comment \"NGen Worker Process\""},{"@Name":"CurrentDirectory","#text":"C:\\Windows\\system32\\"},{"@Name":"User","#text":"NT AUTHORITY\\SYSTEM"},{"@Name":"LogonGuid","#text":"dbf410b3-e84c-67ff-e703-000000000000"},{"@Name":"LogonId","#text":"0x3E7"},{"@Name":"TerminalSessionId","#text":"0"},{"@Name":"IntegrityLevel","#text":"System"},{"@Name":"Hashes","#text":"SHA256=0F5305796FA4135C338C80B8529EEE9C38FFB938BCF89984B0CDC77B9673DD75"},{"@Name":"ParentProcessGuid","#text":"dbf410b3-ea98-67ff-6008-000000003900"},{"@Name":"ParentProcessId","#text":"2600"},{"@Name":"ParentImage","#text":"C:\\Windows\\Microsoft.NET\\Framework\\v4.0.30319\\ngen.exe"},{"@Name":"ParentCommandLine","#text":"\"C:\\Windows\\Microsoft.NET\\Framework\\v4.0.30319\\ngen.exe\" ExecuteQueuedItems /LegacyServiceBehavior"},{"@Name":"ParentUser","#text":"NT AUTHORITY\\SYSTEM"}]}}}
{"Event":{"System":{"Provider":{"@Name":"Microsoft-Windows-Sysmon","@Guid":"5770385f-c22a-43e0-bf4c-06f5698ffbd9"},"EventID":"5","Version":"3","Level":"4","Task":"5","Opcode":"0","Keywords":"0x8000000000000000","TimeCreated":{"@SystemTime":"2025-04-16 17:37:25.3904714"},"EventRecordID":"21891","Correlation":null,"Execution":{"@ProcessID":"3004","@ThreadID":"3384"},"Channel":"Microsoft-Windows-Sysmon/Operational","Computer":"Server002","Security":{"@UserID":"S-1-5-18"}},"EventData":{"Data":[{"@Name":"RuleName","#text":"-"},{"@Name":"UtcTime","#text":"2025-04-16 17:37:25.389"},{"@Name":"ProcessGuid","#text":"dbf410b3-ead4-67ff-9408-000000003900"},{"@Name":"ProcessId","#text":"8264"},{"@Name":"Image","#text":"C:\\Windows\\Microsoft.NET\\Framework\\v4.0.30319\\mscorsvw.exe"},{"@Name":"User","#text":"NT AUTHORITY\\SYSTEM"}]}}}
{"Event":{"System":{"Provider":{"@Name":"Microsoft-Windows-Sysmon","@Guid":"5770385f-c22a-43e0-bf4c-06f5698ffbd9"},"EventID":"1","Version":"5","Level":"4","Task":"1","Opcode":"0","Keywords":"0x8000000000000000","TimeCreated":{"@SystemTime":"2025-04-16 17:37:25.4042071"},"EventRecordID":"21892","Correlation":null,"Execution":{"@ProcessID":"3004","@ThreadID":"3384"},"Channel":"Microsoft-Windows-Sysmon/Operational","Computer":"Server002","Security":{"@UserID":"S-1-5-18"}},"EventData":{"Data":[{"@Name":"RuleName","#text":"-"},{"@Name":"UtcTime","#text":"2025-04-16 17:37:25.390"},{"@Name":"ProcessGuid","#text":"dbf410b3-ead5-67ff-9508-000000003900"},{"@Name":"ProcessId","#text":"4560"},{"@Name":"Image","#text":"C:\\Windows\\Microsoft.NET\\Framework\\v4.0.30319\\mscorsvw.exe"},{"@Name":"FileVersion","#text":"4.8.9093.0 built by: NET481REL1LAST_C"},{"@Name":"Description","#text":".NET Runtime Optimization Service"},{"@Name":"Product","#text":"Microsoft® .NET Framework"},{"@Name":"Company","#text":"Microsoft Corporation"},{"@Name":"OriginalFileName","#text":"mscorsvw.exe"},{"@Name":"CommandLine","#text":"C:\\Windows\\Microsoft.NET\\Framework\\v4.0.30319\\mscorsvw.exe -StartupEvent 3b0 -InterruptEvent 0 -NGENProcess 3c8 -Pipe 25c -Comment \"NGen Worker Process\""},{"@Name":"CurrentDirectory","#text":"C:\\Windows\\system32\\"},{"@Name":"User","#text":"NT AUTHORITY\\SYSTEM"},{"@Name":"LogonGuid","#text":"dbf410b3-e84c-67ff-e703-000000000000"},{"@Name":"LogonId","#text":"0x3E7"},{"@Name":"TerminalSessionId","#text":"0"},{"@Name":"IntegrityLevel","#text":"System"},{"@Name":"Hashes","#text":"SHA256=0F5305796FA4135C338C80B8529EEE9C38FFB938BCF89984B0CDC77B9673DD75"},{"@Name":"ParentProcessGuid","#text":"dbf410b3-ea98-67ff-6008-000000003900"},{"@Name":"ParentProcessId","#text":"2600"},{"@Name":"ParentImage","#text":"C:\\Windows\\Microsoft.NET\\Framework\\v4.0.30319\\ngen.exe"},{"@Name":"ParentCommandLine","#text":"\"C:\\Windows\\Microsoft.NET\\Framework\\v4.0.30319\\ngen.exe\" ExecuteQueuedItems /LegacyServiceBehavior"},{"@Name":"ParentUser","#text":"NT AUTHORITY\\SYSTEM"}]}}}
{"Event":{"System":{"Provider":{"@Name":"Microsoft-Windows-Sysmon","@Guid":"5770385f-c22a-43e0-bf4c-06f5698ffbd9"},"EventID":"1","Version":"5","Level":"4","Task":"1","Opcode":"0","Keywords":"0x8000000000000000","TimeCreated":{"@SystemTime":"2025-04-16 17:37:25.7121226"},"EventRecordID":"21893","Correlation":null,"Execution":{"@ProcessID":"3004","@ThreadID":"3384"},"Channel":"Microsoft-Windows-Sysmon/Operational","Computer":"Server002","Security":{"@UserID":"S-1-5-18"}},"EventData":{"Data":[{"@Name":"RuleName","#text":"-"},{"@Name":"UtcTime","#text":"2025-04-16 17:37:25.699"},{"@Name":"ProcessGuid","#text":"dbf410b3-ead5-67ff-9608-000000003900"},{"@Name":"ProcessId","#text":"11680"},{"@Name":"Image","#text":"C:\\Windows\\Microsoft.NET\\Framework\\v4.0.30319\\mscorsvw.exe"},{"@Name":"FileVersion","#text":"4.8.9093.0 built by: NET481REL1LAST_C"},{"@Name":"Description","#text":".NET Runtime Optimization Service"},{"@Name":"Product","#text":"Microsoft® .NET Framework"},{"@Name":"Company","#text":"Microsoft Corporation"},{"@Name":"OriginalFileName","#text":"mscorsvw.exe"},{"@Name":"CommandLine","#text":"C:\\Windows\\Microsoft.NET\\Framework\\v4.0.30319\\mscorsvw.exe -StartupEvent 3ec -InterruptEvent 0 -NGENProcess 370 -Pipe 348 -Comment \"NGen Worker Process\""},{"@Name":"CurrentDirectory","#text":"C:\\Windows\\system32\\"},{"@Name":"User","#text":"NT AUTHORITY\\SYSTEM"},{"@Name":"LogonGuid","#text":"dbf410b3-e84c-67ff-e703-000000000000"},{"@Name":"LogonId","#text":"0x3E7"},{"@Name":"TerminalSessionId","#text":"0"},{"@Name":"IntegrityLevel","#text":"System"},{"@Name":"Hashes","#text":"SHA256=0F5305796FA4135C338C80B8529EEE9C38FFB938BCF89984B0CDC77B9673DD75"},{"@Name":"ParentProcessGuid","#text":"dbf410b3-ea98-67ff-6008-000000003900"},{"@Name":"ParentProcessId","#text":"2600"},{"@Name":"ParentImage","#text":"C:\\Windows\\Microsoft.NET\\Framework\\v4.0.30319\\ngen.exe"},{"@Name":"ParentCommandLine","#text":"\"C:\\Windows\\Microsoft.NET\\Framework\\v4.0.30319\\ngen.exe\" ExecuteQueuedItems /LegacyServiceBehavior"},{"@Name":"ParentUser","#text":"NT AUTHORITY\\SYSTEM"}]}}}
{"Event":{"System":{"Provider":{"@Name":"Microsoft-Windows-Sysmon","@Guid":"5770385f-c22a-43e0-bf4c-06f5698ffbd9"},"EventID":"5","Version":"3","Level":"4","Task":"5","Opcode":"0","Keywords":"0x8000000000000000","TimeCreated":{"@SystemTime":"2025-04-16 17:37:25.7135218"},"EventRecordID":"21894","Correlation":null,"Execution":{"@ProcessID":"3004","@ThreadID":"3384"},"Channel":"Microsoft-Windows-Sysmon/Operational","Computer":"Server002","Security":{"@UserID":"S-1-5-18"}},"EventData":{"Data":[{"@Name":"RuleName","#text":"-"},{"@Name":"UtcTime","#text":"2025-04-16 17:37:25.711"},{"@Name":"ProcessGuid","#text":"dbf410b3-ead5-67ff-9508-000000003900"},{"@Name":"ProcessId","#text":"4560"},{"@Name":"Image","#text":"C:\\Windows\\Microsoft.NET\\Framework\\v4.0.30319\\mscorsvw.exe"},{"@Name":"User","#text":"NT AUTHORITY\\SYSTEM"}]}}}
{"Event":{"System":{"Provider":{"@Name":"Microsoft-Windows-Sysmon","@Guid":"5770385f-c22a-43e0-bf4c-06f5698ffbd9"},"EventID":"5","Version":"3","Level":"4","Task":"5","Opcode":"0","Keywords":"0x8000000000000000","TimeCreated":{"@SystemTime":"2025-04-16 17:37:26.0048811"},"EventRecordID":"21895","Correlation":null,"Execution":{"@ProcessID":"3004","@ThreadID":"3384"},"Channel":"Microsoft-Windows-Sysmon/Operational","Computer":"Server002","Security":{"@UserID":"S-1-5-18"}},"EventData":{"Data":[{"@Name":"RuleName","#text":"-"},{"@Name":"UtcTime","#text":"2025-04-16 17:37:26.003"},{"@Name":"ProcessGuid","#text":"dbf410b3-ead5-67ff-9608-000000003900"},{"@Name":"ProcessId","#text":"11680"},{"@Name":"Image","#text":"C:\\Windows\\Microsoft.NET\\Framework\\v4.0.30319\\mscorsvw.exe"},{"@Name":"User","#text":"NT AUTHORITY\\SYSTEM"}]}}}
{"Event":{"System":{"Provider":{"@Name":"Microsoft-Windows-Sysmon","@Guid":"5770385f-c22a-43e0-bf4c-06f5698ffbd9"},"EventID":"1","Version":"5","Level":"4","Task":"1","Opcode":"0","Keywords":"0x8000000000000000","TimeCreated":{"@SystemTime":"2025-04-16 17:37:26.0131103"},"EventRecordID":"21896","Correlation":null,"Execution":{"@ProcessID":"3004","@ThreadID":"3384"},"Channel":"Microsoft-Windows-Sysmon/Operational","Computer":"Server002","Security":{"@UserID":"S-1-5-18"}},"EventData":{"Data":[{"@Name":"RuleName","#text":"-"},{"@Name":"UtcTime","#text":"2025-04-16 17:37:26.003"},{"@Name":"ProcessGuid","#text":"dbf410b3-ead6-67ff-9708-000000003900"},{"@Name":"ProcessId","#text":"5192"},{"@Name":"Image","#text":"C:\\Windows\\Microsoft.NET\\Framework\\v4.0.30319\\mscorsvw.exe"},{"@Name":"FileVersion","#text":"4.8.9093.0 built by: NET481REL1LAST_C"},{"@Name":"Description","#text":".NET Runtime Optimization Service"},{"@Name":"Product","#text":"Microsoft® .NET Framework"},{"@Name":"Company","#text":"Microsoft Corporation"},{"@Name":"OriginalFileName","#text":"mscorsvw.exe"},{"@Name":"CommandLine","#text":"C:\\Windows\\Microsoft.NET\\Framework\\v4.0.30319\\mscorsvw.exe -StartupEvent 3dc -InterruptEvent 0 -NGENProcess 3e0 -Pipe 384 -Comment \"NGen Worker Process\""},{"@Name":"CurrentDirectory","#text":"C:\\Windows\\system32\\"},{"@Name":"User","#text":"NT AUTHORITY\\SYSTEM"},{"@Name":"LogonGuid","#text":"dbf410b3-e84c-67ff-e703-000000000000"},{"@Name":"LogonId","#text":"0x3E7"},{"@Name":"TerminalSessionId","#text":"0"},{"@Name":"IntegrityLevel","#text":"System"},{"@Name":"Hashes","#text":"SHA256=0F5305796FA4135C338C80B8529EEE9C38FFB938BCF89984B0CDC77B9673DD75"},{"@Name":"ParentProcessGuid","#text":"dbf410b3-ea98-67ff-6008-000000003900"},{"@Name":"ParentProcessId","#text":"2600"},{"@Name":"ParentImage","#text":"C:\\Windows\\Microsoft.NET\\Framework\\v4.0.30319\\ngen.exe"},{"@Name":"ParentCommandLine","#text":"\"C:\\Windows\\Microsoft.NET\\Framework\\v4.0.30319\\ngen.exe\" ExecuteQueuedItems /LegacyServiceBehavior"},{"@Name":"ParentUser","#text":"NT AUTHORITY\\SYSTEM"}]}}}
{"Event":{"System":{"Provider":{"@Name":"Microsoft-Windows-Sysmon","@Guid":"5770385f-c22a-43e0-bf4c-06f5698ffbd9"},"EventID":"1","Version":"5","Level":"4","Task":"1","Opcode":"0","Keywords":"0x8000000000000000","TimeCreated":{"@SystemTime":"2025-04-16 17:37:26.6601875"},"EventRecordID":"21897","Correlation":null,"Execution":{"@ProcessID":"3004","@ThreadID":"3384"},"Channel":"Microsoft-Windows-Sysmon/Operational","Computer":"Server002","Security":{"@UserID":"S-1-5-18"}},"EventData":{"Data":[{"@Name":"RuleName","#text":"-"},{"@Name":"UtcTime","#text":"2025-04-16 17:37:26.623"},{"@Name":"ProcessGuid","#text":"dbf410b3-ead6-67ff-9808-000000003900"},{"@Name":"ProcessId","#text":"3496"},{"@Name":"Image","#text":"C:\\Windows\\Microsoft.NET\\Framework\\v4.0.30319\\mscorsvw.exe"},{"@Name":"FileVersion","#text":"4.8.9093.0 built by: NET481REL1LAST_C"},{"@Name":"Description","#text":".NET Runtime Optimization Service"},{"@Name":"Product","#text":"Microsoft® .NET Framework"},{"@Name":"Company","#text":"Microsoft Corporation"},{"@Name":"OriginalFileName","#text":"mscorsvw.exe"},{"@Name":"CommandLine","#text":"C:\\Windows\\Microsoft.NET\\Framework\\v4.0.30319\\mscorsvw.exe -StartupEvent 3e0 -InterruptEvent 0 -NGENProcess 3c0 -Pipe 3dc -Comment \"NGen Worker Process\""},{"@Name":"CurrentDirectory","#text":"C:\\Windows\\system32\\"},{"@Name":"User","#text":"NT AUTHORITY\\SYSTEM"},{"@Name":"LogonGuid","#text":"dbf410b3-e84c-67ff-e703-000000000000"},{"@Name":"LogonId","#text":"0x3E7"},{"@Name":"TerminalSessionId","#text":"0"},{"@Name":"IntegrityLevel","#text":"System"},{"@Name":"Hashes","#text":"SHA256=0F5305796FA4135C338C80B8529EEE9C38FFB938BCF89984B0CDC77B9673DD75"},{"@Name":"ParentProcessGuid","#text":"dbf410b3-ea98-67ff-6008-000000003900"},{"@Name":"ParentProcessId","#text":"2600"},{"@Name":"ParentImage","#text":"C:\\Windows\\Microsoft.NET\\Framework\\v4.0.30319\\ngen.exe"},{"@Name":"ParentCommandLine","#text":"\"C:\\Windows\\Microsoft.NET\\Framework\\v4.0.30319\\ngen.exe\" ExecuteQueuedItems /LegacyServiceBehavior"},{"@Name":"ParentUser","#text":"NT AUTHORITY\\SYSTEM"}]}}}
{"Event":{"System":{"Provider":{"@Name":"Microsoft-Windows-Sysmon","@Guid":"5770385f-c22a-43e0-bf4c-06f5698ffbd9"},"EventID":"5","Version":"3","Level":"4","Task":"5","Opcode":"0","Keywords":"0x8000000000000000","TimeCreated":{"@SystemTime":"2025-04-16 17:37:26.6795463"},"EventRecordID":"21898","Correlation":null,"Execution":{"@ProcessID":"3004","@ThreadID":"3384"},"Channel":"Microsoft-Windows-Sysmon/Operational","Computer":"Server002","Security":{"@UserID":"S-1-5-18"}},"EventData":{"Data":[{"@Name":"RuleName","#text":"-"},{"@Name":"UtcTime","#text":"2025-04-16 17:37:26.675"},{"@Name":"ProcessGuid","#text":"dbf410b3-ead6-67ff-9708-000000003900"},{"@Name":"ProcessId","#text":"5192"},{"@Name":"Image","#text":"C:\\Windows\\Microsoft.NET\\Framework\\v4.0.30319\\mscorsvw.exe"},{"@Name":"User","#text":"NT AUTHORITY\\SYSTEM"}]}}}
{"Event":{"System":{"Provider":{"@Name":"Microsoft-Windows-Sysmon","@Guid":"5770385f-c22a-43e0-bf4c-06f5698ffbd9"},"EventID":"1","Version":"5","Level":"4","Task":"1","Opcode":"0","Keywords":"0x8000000000000000","TimeCreated":{"@SystemTime":"2025-04-16 17:37:27.1133378"},"EventRecordID":"21899","Correlation":null,"Execution":{"@ProcessID":"3004","@ThreadID":"3384"},"Channel":"Microsoft-Windows-Sysmon/Operational","Computer":"Server002","Security":{"@UserID":"S-1-5-18"}},"EventData":{"Data":[{"@Name":"RuleName","#text":"-"},{"@Name":"UtcTime","#text":"2025-04-16 17:37:27.093"},{"@Name":"ProcessGuid","#text":"dbf410b3-ead7-67ff-9908-000000003900"},{"@Name":"ProcessId","#text":"988"},{"@Name":"Image","#text":"C:\\Windows\\Microsoft.NET\\Framework\\v4.0.30319\\mscorsvw.exe"},{"@Name":"FileVersion","#text":"4.8.9093.0 built by: NET481REL1LAST_C"},{"@Name":"Description","#text":".NET Runtime Optimization Service"},{"@Name":"Product","#text":"Microsoft® .NET Framework"},{"@Name":"Company","#text":"Microsoft Corporation"},{"@Name":"OriginalFileName","#text":"mscorsvw.exe"},{"@Name":"CommandLine","#text":"C:\\Windows\\Microsoft.NET\\Framework\\v4.0.30319\\mscorsvw.exe -StartupEvent 278 -InterruptEvent 0 -NGENProcess 3c8 -Pipe 3e0 -Comment \"NGen Worker Process\""},{"@Name":"CurrentDirectory","#text":"C:\\Windows\\system32\\"},{"@Name":"User","#text":"NT AUTHORITY\\SYSTEM"},{"@Name":"LogonGuid","#text":"dbf410b3-e84c-67ff-e703-000000000000"},{"@Name":"LogonId","#text":"0x3E7"},{"@Name":"TerminalSessionId","#text":"0"},{"@Name":"IntegrityLevel","#text":"System"},{"@Name":"Hashes","#text":"SHA256=0F5305796FA4135C338C80B8529EEE9C38FFB938BCF89984B0CDC77B9673DD75"},{"@Name":"ParentProcessGuid","#text":"dbf410b3-ea98-67ff-6008-000000003900"},{"@Name":"ParentProcessId","#text":"2600"},{"@Name":"ParentImage","#text":"C:\\Windows\\Microsoft.NET\\Framework\\v4.0.30319\\ngen.exe"},{"@Name":"ParentCommandLine","#text":"\"C:\\Windows\\Microsoft.NET\\Framework\\v4.0.30319\\ngen.exe\" ExecuteQueuedItems /LegacyServiceBehavior"},{"@Name":"ParentUser","#text":"NT AUTHORITY\\SYSTEM"}]}}}
{"Event":{"System":{"Provider":{"@Name":"Microsoft-Windows-Sysmon","@Guid":"5770385f-c22a-43e0-bf4c-06f5698ffbd9"},"EventID":"5","Version":"3","Level":"4","Task":"5","Opcode":"0","Keywords":"0x8000000000000000","TimeCreated":{"@SystemTime":"2025-04-16 17:37:27.1164523"},"EventRecordID":"21900","Correlation":null,"Execution":{"@ProcessID":"3004","@ThreadID":"3384"},"Channel":"Microsoft-Windows-Sysmon/Operational","Computer":"Server002","Security":{"@UserID":"S-1-5-18"}},"EventData":{"Data":[{"@Name":"RuleName","#text":"-"},{"@Name":"UtcTime","#text":"2025-04-16 17:37:27.115"},{"@Name":"ProcessGuid","#text":"dbf410b3-ead6-67ff-9808-000000003900"},{"@Name":"ProcessId","#text":"3496"},{"@Name":"Image","#text":"C:\\Windows\\Microsoft.NET\\Framework\\v4.0.30319\\mscorsvw.exe"},{"@Name":"User","#text":"NT AUTHORITY\\SYSTEM"}]}}}
{"Event":{"System":{"Provider":{"@Name":"Microsoft-Windows-Sysmon","@Guid":"5770385f-c22a-43e0-bf4c-06f5698ffbd9"},"EventID":"5","Version":"3","Level":"4","Task":"5","Opcode":"0","Keywords":"0x8000000000000000","TimeCreated":{"@SystemTime":"2025-04-16 17:37:27.6852491"},"EventRecordID":"21901","Correlation":null,"Execution":{"@ProcessID":"3004","@ThreadID":"3384"},"Channel":"Microsoft-Windows-Sysmon/Operational","Computer":"Server002","Security":{"@UserID":"S-1-5-18"}},"EventData":{"Data":[{"@Name":"RuleName","#text":"-"},{"@Name":"UtcTime","#text":"2025-04-16 17:37:27.680"},{"@Name":"ProcessGuid","#text":"dbf410b3-ead7-67ff-9908-000000003900"},{"@Name":"ProcessId","#text":"988"},{"@Name":"Image","#text":"C:\\Windows\\Microsoft.NET\\Framework\\v4.0.30319\\mscorsvw.exe"},{"@Name":"User","#text":"NT AUTHORITY\\SYSTEM"}]}}}
{"Event":{"System":{"Provider":{"@Name":"Microsoft-Windows-Sysmon","@Guid":"5770385f-c22a-43e0-bf4c-06f5698ffbd9"},"EventID":"1","Version":"5","Level":"4","Task":"1","Opcode":"0","Keywords":"0x8000000000000000","TimeCreated":{"@SystemTime":"2025-04-16 17:37:27.6875235"},"EventRecordID":"21902","Correlation":null,"Execution":{"@ProcessID":"3004","@ThreadID":"3384"},"Channel":"Microsoft-Windows-Sysmon/Operational","Computer":"Server002","Security":{"@UserID":"S-1-5-18"}},"EventData":{"Data":[{"@Name":"RuleName","#text":"-"},{"@Name":"UtcTime","#text":"2025-04-16 17:37:27.670"},{"@Name":"ProcessGuid","#text":"dbf410b3-ead7-67ff-9a08-000000003900"},{"@Name":"ProcessId","#text":"9260"},{"@Name":"Image","#text":"C:\\Windows\\Microsoft.NET\\Framework\\v4.0.30319\\mscorsvw.exe"},{"@Name":"FileVersion","#text":"4.8.9093.0 built by: NET481REL1LAST_C"},{"@Name":"Description","#text":".NET Runtime Optimization Service"},{"@Name":"Product","#text":"Microsoft® .NET Framework"},{"@Name":"Company","#text":"Microsoft Corporation"},{"@Name":"OriginalFileName","#text":"mscorsvw.exe"},{"@Name":"CommandLine","#text":"C:\\Windows\\Microsoft.NET\\Framework\\v4.0.30319\\mscorsvw.exe -StartupEvent 378 -InterruptEvent 0 -NGENProcess 3e8 -Pipe 354 -Comment \"NGen Worker Process\""},{"@Name":"CurrentDirectory","#text":"C:\\Windows\\system32\\"},{"@Name":"User","#text":"NT AUTHORITY\\SYSTEM"},{"@Name":"LogonGuid","#text":"dbf410b3-e84c-67ff-e703-000000000000"},{"@Name":"LogonId","#text":"0x3E7"},{"@Name":"TerminalSessionId","#text":"0"},{"@Name":"IntegrityLevel","#text":"System"},{"@Name":"Hashes","#text":"SHA256=0F5305796FA4135C338C80B8529EEE9C38FFB938BCF89984B0CDC77B9673DD75"},{"@Name":"ParentProcessGuid","#text":"dbf410b3-ea98-67ff-6008-000000003900"},{"@Name":"ParentProcessId","#text":"2600"},{"@Name":"ParentImage","#text":"C:\\Windows\\Microsoft.NET\\Framework\\v4.0.30319\\ngen.exe"},{"@Name":"ParentCommandLine","#text":"\"C:\\Windows\\Microsoft.NET\\Framework\\v4.0.30319\\ngen.exe\" ExecuteQueuedItems /LegacyServiceBehavior"},{"@Name":"ParentUser","#text":"NT AUTHORITY\\SYSTEM"}]}}}
{"Event":{"System":{"Provider":{"@Name":"Microsoft-Windows-Sysmon","@Guid":"5770385f-c22a-43e0-bf4c-06f5698ffbd9"},"EventID":"1","Version":"5","Level":"4","Task":"1","Opcode":"0","Keywords":"0x8000000000000000","TimeCreated":{"@SystemTime":"2025-04-16 17:37:28.0463289"},"EventRecordID":"21903","Correlation":null,"Execution":{"@ProcessID":"3004","@ThreadID":"3384"},"Channel":"Microsoft-Windows-Sysmon/Operational","Computer":"Server002","Security":{"@UserID":"S-1-5-18"}},"EventData":{"Data":[{"@Name":"RuleName","#text":"-"},{"@Name":"UtcTime","#text":"2025-04-16 17:37:28.030"},{"@Name":"ProcessGuid","#text":"dbf410b3-ead8-67ff-9b08-000000003900"},{"@Name":"ProcessId","#text":"12236"},{"@Name":"Image","#text":"C:\\Windows\\Microsoft.NET\\Framework\\v4.0.30319\\mscorsvw.exe"},{"@Name":"FileVersion","#text":"4.8.9093.0 built by: NET481REL1LAST_C"},{"@Name":"Description","#text":".NET Runtime Optimization Service"},{"@Name":"Product","#text":"Microsoft® .NET Framework"},{"@Name":"Company","#text":"Microsoft Corporation"},{"@Name":"OriginalFileName","#text":"mscorsvw.exe"},{"@Name":"CommandLine","#text":"C:\\Windows\\Microsoft.NET\\Framework\\v4.0.30319\\mscorsvw.exe -StartupEvent 3f8 -InterruptEvent 0 -NGENProcess 1f8 -Pipe 350 -Comment \"NGen Worker Process\""},{"@Name":"CurrentDirectory","#text":"C:\\Windows\\system32\\"},{"@Name":"User","#text":"NT AUTHORITY\\SYSTEM"},{"@Name":"LogonGuid","#text":"dbf410b3-e84c-67ff-e703-000000000000"},{"@Name":"LogonId","#text":"0x3E7"},{"@Name":"TerminalSessionId","#text":"0"},{"@Name":"IntegrityLevel","#text":"System"},{"@Name":"Hashes","#text":"SHA256=0F5305796FA4135C338C80B8529EEE9C38FFB938BCF89984B0CDC77B9673DD75"},{"@Name":"ParentProcessGuid","#text":"dbf410b3-ea98-67ff-6008-000000003900"},{"@Name":"ParentProcessId","#text":"2600"},{"@Name":"ParentImage","#text":"C:\\Windows\\Microsoft.NET\\Framework\\v4.0.30319\\ngen.exe"},{"@Name":"ParentCommandLine","#text":"\"C:\\Windows\\Microsoft.NET\\Framework\\v4.0.30319\\ngen.exe\" ExecuteQueuedItems /LegacyServiceBehavior"},{"@Name":"ParentUser","#text":"NT AUTHORITY\\SYSTEM"}]}}}
