{"Event":{"System":{"Provider":{"@Name":"Microsoft-Windows-WindowsUpdateClient","@Guid":"945a8954-c147-4acd-923f-40c45405a658"},"EventID":"44","Version":"1","Level":"4","Task":"1","Opcode":"12","Keywords":"0x8000000000002004","TimeCreated":{"@SystemTime":"2025-06-22 21:03:12.3870055"},"EventRecordID":"6241","Correlation":null,"Execution":{"@ProcessID":"6340","@ThreadID":"6676"},"Channel":"System","Computer":"Server002","Security":{"@UserID":"S-1-5-18"}},"EventData":{"Data":[{"@Name":"updateTitle","#text":"9WZDNCRFJ3PR-MICROSOFT.WINDOWSALARMS"},{"@Name":"updateGuid","#text":"956cd5a3-5d32-4972-8e6b-29c90b712ea5"},{"@Name":"updateRevisionNumber","#text":"1"}]}}}
{"Event":{"System":{"Provider":{"@Name":"Microsoft-Windows-WindowsUpdateClient","@Guid":"945a8954-c147-4acd-923f-40c45405a658"},"EventID":"44","Version":"1","Level":"4","Task":"1","Opcode":"12","Keywords":"0x8000000000002004","TimeCreated":{"@SystemTime":"2025-06-22 21:03:14.0341682"},"EventRecordID":"6242","Correlation":null,"Execution":{"@ProcessID":"6340","@ThreadID":"6676"},"Channel":"System","Computer":"Server002","Security":{"@UserID":"S-1-5-18"}},"EventData":{"Data":[{"@Name":"updateTitle","#text":"9NBLGGH4RV3K-Microsoft.VCLibs.140.00.UWPDesktop"},{"@Name":"updateGuid","#text":"fcdd3b59-f41c-4595-b36b-245bacb749e8"},{"@Name":"updateRevisionNumber","#text":"1"}]}}}
{"Event":{"System":{"Provider":{"@Name":"Microsoft-Windows-WindowsUpdateClient","@Guid":"945a8954-c147-4acd-923f-40c45405a658"},"EventID":"44","Version":"1","Level":"4","Task":"1","Opcode":"12","Keywords":"0x8000000000002004","TimeCreated":{"@SystemTime":"2025-06-22 21:03:14.0341708"},"EventRecordID":"6243","Correlation":null,"Execution":{"@ProcessID":"6340","@ThreadID":"6676"},"Channel":"System","Computer":"Server002","Security":{"@UserID":"S-1-5-18"}},"EventData":{"Data":[{"@Name":"updateTitle","#text":"9WZDNCRFJ3PR-MICROSOFT.WINDOWSALARMS"},{"@Name":"updateGuid","#text":"956cd5a3-5d32-4972-8e6b-29c90b712ea5"},{"@Name":"updateRevisionNumber","#text":"1"}]}}}
{"Event":{"System":{"Provider":{"@Name":"Microsoft-Windows-WindowsUpdateClient","@Guid":"945a8954-c147-4acd-923f-40c45405a658"},"EventID":"44","Version":"1","Level":"4","Task":"1","Opcode":"12","Keywords":"0x8000000000002004","TimeCreated":{"@SystemTime":"2025-06-22 21:03:14.0341730"},"EventRecordID":"6244","Correlation":null,"Execution":{"@ProcessID":"6340","@ThreadID":"6676"},"Channel":"System","Computer":"Server002","Security":{"@UserID":"S-1-5-18"}},"EventData":{"Data":[{"@Name":"updateTitle","#text":"9NMPJ99VJBWV-Microsoft.YourPhone"},{"@Name":"updateGuid","#text":"aec7ecff-811e-49bf-8cf1-69b0779e77dc"},{"@Name":"updateRevisionNumber","#text":"1"}]}}}
{"Event":{"System":{"Provider":{"@Name":"Microsoft-Windows-WindowsUpdateClient","@Guid":"945a8954-c147-4acd-923f-40c45405a658"},"EventID":"44","Version":"1","Level":"4","Task":"1","Opcode":"12","Keywords":"0x8000000000002004","TimeCreated":{"@SystemTime":"2025-06-22 21:03:14.0341751"},"EventRecordID":"6245","Correlation":null,"Execution":{"@ProcessID":"6340","@ThreadID":"6676"},"Channel":"System","Computer":"Server002","Security":{"@UserID":"S-1-5-18"}},"EventData":{"Data":[{"@Name":"updateTitle","#text":"9NH2SW16MQ7F-Microsoft.WindowsAppRuntime.1.5"},{"@Name":"updateGuid","#text":"9e7b6034-6a40-4f49-ba32-0d77661c32a5"},{"@Name":"updateRevisionNumber","#text":"1"}]}}}
{"Event":{"System":{"Provider":{"@Name":"Microsoft-Windows-WindowsUpdateClient","@Guid":"945a8954-c147-4acd-923f-40c45405a658"},"EventID":"44","Version":"1","Level":"4","Task":"1","Opcode":"12","Keywords":"0x8000000000002004","TimeCreated":{"@SystemTime":"2025-06-22 21:03:14.0341759"},"EventRecordID":"6246","Correlation":null,"Execution":{"@ProcessID":"6340","@ThreadID":"6676"},"Channel":"System","Computer":"Server002","Security":{"@UserID":"S-1-5-18"}},"EventData":{"Data":[{"@Name":"updateTitle","#text":"9WZDNCRFJ3PR-MICROSOFT.WINDOWSALARMS"},{"@Name":"updateGuid","#text":"956cd5a3-5d32-4972-8e6b-29c90b712ea5"},{"@Name":"updateRevisionNumber","#text":"1"}]}}}
{"Event":{"System":{"Provider":{"@Name":"Microsoft-Windows-WindowsUpdateClient","@Guid":"945a8954-c147-4acd-923f-40c45405a658"},"EventID":"44","Version":"1","Level":"4","Task":"1","Opcode":"12","Keywords":"0x8000000000002004","TimeCreated":{"@SystemTime":"2025-06-22 21:03:14.8202084"},"EventRecordID":"6247","Correlation":null,"Execution":{"@ProcessID":"6340","@ThreadID":"6676"},"Channel":"System","Computer":"Server002","Security":{"@UserID":"S-1-5-18"}},"EventData":{"Data":[{"@Name":"updateTitle","#text":"9WZDNCRFJ3PR-MICROSOFT.WINDOWSALARMS"},{"@Name":"updateGuid","#text":"956cd5a3-5d32-4972-8e6b-29c90b712ea5"},{"@Name":"updateRevisionNumber","#text":"1"}]}}}
{"Event":{"System":{"Provider":{"@Name":"Microsoft-Windows-WindowsUpdateClient","@Guid":"945a8954-c147-4acd-923f-40c45405a658"},"EventID":"44","Version":"1","Level":"4","Task":"1","Opcode":"12","Keywords":"0x8000000000002004","TimeCreated":{"@SystemTime":"2025-06-22 21:03:14.8202168"},"EventRecordID":"6248","Correlation":null,"Execution":{"@ProcessID":"6340","@ThreadID":"6676"},"Channel":"System","Computer":"Server002","Security":{"@UserID":"S-1-5-18"}},"EventData":{"Data":[{"@Name":"updateTitle","#text":"9NSTH9KHZDLQ-Microsoft.UI.Xaml.2.8"},{"@Name":"updateGuid","#text":"6b5369f2-d415-4daf-a500-1b864dc84dec"},{"@Name":"updateRevisionNumber","#text":"1"}]}}}
{"Event":{"System":{"Provider":{"@Name":"Microsoft-Windows-Kernel-General","@Guid":"a68ca8b7-004f-d7b6-a698-07e2de0f1f5d"},"EventID":"16","Version":"0","Level":"4","Task":"0","Opcode":"0","Keywords":"0x8000000000000000","TimeCreated":{"@SystemTime":"2025-06-22 21:03:46.4109168"},"EventRecordID":"6249","Correlation":null,"Execution":{"@ProcessID":"4372","@ThreadID":"6948"},"Channel":"System","Computer":"Server002","Security":{"@UserID":"S-1-5-18"}},"EventData":{"Data":[{"@Name":"HiveNameLength","#text":"146"},{"@Name":"HiveName","#text":"\\??\\C:\\ProgramData\\Microsoft\\Windows\\AppRepository\\Packages\\Microsoft.WindowsAppRuntime.1.7_7000.522.1444.0_x86__8wekyb3d8bbwe\\ActivationStore.dat"},{"@Name":"KeysUpdated","#text":"0"},{"@Name":"DirtyPages","#text":"0"}]}}}
{"Event":{"System":{"Provider":{"@Name":"Microsoft-Windows-Kernel-General","@Guid":"a68ca8b7-004f-d7b6-a698-07e2de0f1f5d"},"EventID":"16","Version":"0","Level":"4","Task":"0","Opcode":"0","Keywords":"0x8000000000000000","TimeCreated":{"@SystemTime":"2025-06-22 21:03:48.0069349"},"EventRecordID":"6250","Correlation":null,"Execution":{"@ProcessID":"4372","@ThreadID":"5640"},"Channel":"System","Computer":"Server002","Security":{"@UserID":"S-1-5-21-3962163828-2803415714-1403596700-1001"}},"EventData":{"Data":[{"@Name":"HiveNameLength","#text":"117"},{"@Name":"HiveName","#text":"\\??\\C:\\Users\\lplui\\AppData\\Local\\Packages\\Microsoft.OfficePushNotificationUtility_8wekyb3d8bbwe\\Settings\\settings.dat"},{"@Name":"KeysUpdated","#text":"1"},{"@Name":"DirtyPages","#text":"1"}]}}}
{"Event":{"System":{"Provider":{"@Name":"Microsoft-Windows-WindowsUpdateClient","@Guid":"945a8954-c147-4acd-923f-40c45405a658"},"EventID":"44","Version":"1","Level":"4","Task":"1","Opcode":"12","Keywords":"0x8000000000002004","TimeCreated":{"@SystemTime":"2025-06-22 21:03:51.0039935"},"EventRecordID":"6251","Correlation":null,"Execution":{"@ProcessID":"6340","@ThreadID":"6676"},"Channel":"System","Computer":"Server002","Security":{"@UserID":"S-1-5-18"}},"EventData":{"Data":[{"@Name":"updateTitle","#text":"9NBLGGH5R558-Microsoft.Todos"},{"@Name":"updateGuid","#text":"42f0ce05-be46-4b0a-a996-ef749762891e"},{"@Name":"updateRevisionNumber","#text":"1"}]}}}
{"Event":{"System":{"Provider":{"@Name":"Microsoft-Windows-WindowsUpdateClient","@Guid":"945a8954-c147-4acd-923f-40c45405a658"},"EventID":"44","Version":"1","Level":"4","Task":"1","Opcode":"12","Keywords":"0x8000000000002004","TimeCreated":{"@SystemTime":"2025-06-22 21:03:51.0039960"},"EventRecordID":"6252","Correlation":null,"Execution":{"@ProcessID":"6340","@ThreadID":"6676"},"Channel":"System","Computer":"Server002","Security":{"@UserID":"S-1-5-18"}},"EventData":{"Data":[{"@Name":"updateTitle","#text":"9NBLGGH5R558-Microsoft.Todos"},{"@Name":"updateGuid","#text":"42f0ce05-be46-4b0a-a996-ef749762891e"},{"@Name":"updateRevisionNumber","#text":"1"}]}}}
{"Event":{"System":{"Provider":{"@Name":"Microsoft-Windows-WindowsUpdateClient","@Guid":"945a8954-c147-4acd-923f-40c45405a658"},"EventID":"44","Version":"1","Level":"4","Task":"1","Opcode":"12","Keywords":"0x8000000000002004","TimeCreated":{"@SystemTime":"2025-06-22 21:03:54.7276930"},"EventRecordID":"6253","Correlation":null,"Execution":{"@ProcessID":"6340","@ThreadID":"6676"},"Channel":"System","Computer":"Server002","Security":{"@UserID":"S-1-5-18"}},"EventData":{"Data":[{"@Name":"updateTitle","#text":"9N7V66BG7XT8-Microsoft.WindowsAppRuntime.1.7"},{"@Name":"updateGuid","#text":"1afe073e-c948-48b0-b087-1706ff97627c"},{"@Name":"updateRevisionNumber","#text":"1"}]}}}
{"Event":{"System":{"Provider":{"@Name":"Service Control Manager","@Guid":"{555908d1-a6d7-4695-8e1e-26931d2012f4}","@EventSourceName":"Service Control Manager"},"EventID":{"@Qualifiers":"16384","#text":"7040"},"Version":"0","Level":"4","Task":"0","Opcode":"0","Keywords":"0x8080000000000000","TimeCreated":{"@SystemTime":"2025-06-22 21:04:10.7528885"},"EventRecordID":"6254","Correlation":null,"Execution":{"@ProcessID":"676","@ThreadID":"10088"},"Channel":"System","Computer":"Server002","Security":{"@UserID":"S-1-5-18"}},"EventData":{"Data":[{"@Name":"param1","#text":"Windows Modules Installer"},{"@Name":"param2","#text":"auto start"},{"@Name":"param3","#text":"demand start"},{"@Name":"param4","#text":"TrustedInstaller"}]}}}
{"Event":{"System":{"Provider":{"@Name":"Service Control Manager","@Guid":"{555908d1-a6d7-4695-8e1e-26931d2012f4}","@EventSourceName":"Service Control Manager"},"EventID":{"@Qualifiers":"16384","#text":"7040"},"Version":"0","Level":"4","Task":"0","Opcode":"0","Keywords":"0x8080000000000000","TimeCreated":{"@SystemTime":"2025-06-22 21:04:10.7528885"},"EventRecordID":"6255","Correlation":null,"Execution":{"@ProcessID":"676","@ThreadID":"10088"},"Channel":"System","Computer":"Server002","Security":{"@UserID":"S-1-5-18"}},"EventData":{"Data":[{"@Name":"param1","#text":"Windows Modules Installer"},{"@Name":"param2","#text":"demand start"},{"@Name":"param3","#text":"auto start"},{"@Name":"param4","#text":"TrustedInstaller"}]}}}
{"Event":{"System":{"Provider":{"@Name":"Microsoft-Windows-Kernel-General","@Guid":"a68ca8b7-004f-d7b6-a698-07e2de0f1f5d"},"EventID":"16","Version":"0","Level":"4","Task":"0","Opcode":"0","Keywords":"0x8000000000000000","TimeCreated":{"@SystemTime":"2025-06-22 21:04:36.3702634"},"EventRecordID":"6256","Correlation":null,"Execution":{"@ProcessID":"4372","@ThreadID":"5304"},"Channel":"System","Computer":"Server002","Security":{"@UserID":"S-1-5-18"}},"EventData":{"Data":[{"@Name":"HiveNameLength","#text":"127"},{"@Name":"HiveName","#text":"\\??\\C:\\ProgramData\\Microsoft\\Windows\\AppRepository\\Packages\\Microsoft.Todos_2.148.3611.0_x64__8wekyb3d8bbwe\\ActivationStore.dat"},{"@Name":"KeysUpdated","#text":"0"},{"@Name":"DirtyPages","#text":"0"}]}}}
{"Event":{"System":{"Provider":{"@Name":"Microsoft-Windows-WindowsUpdateClient","@Guid":"945a8954-c147-4acd-923f-40c45405a658"},"EventID":"43","Version":"1","Level":"4","Task":"1","Opcode":"13","Keywords":"0x8000000000002008","TimeCreated":{"@SystemTime":"2025-06-22 21:04:45.6960688"},"EventRecordID":"6257","Correlation":null,"Execution":{"@ProcessID":"6340","@ThreadID":"6372"},"Channel":"System","Computer":"Server002","Security":{"@UserID":"S-1-5-18"}},"EventData":{"Data":[{"@Name":"updateTitle","#text":"9NBLGGH5R558-Microsoft.Todos"},{"@Name":"updateGuid","#text":"42f0ce05-be46-4b0a-a996-ef749762891e"},{"@Name":"updateRevisionNumber","#text":"1"}]}}}
{"Event":{"System":{"Provider":{"@Name":"Microsoft-Windows-Kernel-General","@Guid":"a68ca8b7-004f-d7b6-a698-07e2de0f1f5d"},"EventID":"16","Version":"0","Level":"4","Task":"0","Opcode":"0","Keywords":"0x8000000000000000","TimeCreated":{"@SystemTime":"2025-06-22 21:05:01.1242757"},"EventRecordID":"6258","Correlation":null,"Execution":{"@ProcessID":"4372","@ThreadID":"5304"},"Channel":"System","Computer":"Server002","Security":{"@UserID":"S-1-5-18"}},"EventData":{"Data":[{"@Name":"HiveNameLength","#text":"146"},{"@Name":"HiveName","#text":"\\??\\C:\\ProgramData\\Microsoft\\Windows\\AppRepository\\Packages\\Microsoft.WindowsAppRuntime.1.7_7000.522.1444.0_x64__8wekyb3d8bbwe\\ActivationStore.dat"},{"@Name":"KeysUpdated","#text":"0"},{"@Name":"DirtyPages","#text":"0"}]}}}
{"Event":{"System":{"Provider":{"@Name":"Microsoft-Windows-WindowsUpdateClient","@Guid":"945a8954-c147-4acd-923f-40c45405a658"},"EventID":"44","Version":"1","Level":"4","Task":"1","Opcode":"12","Keywords":"0x8000000000002004","TimeCreated":{"@SystemTime":"2025-06-22 21:05:07.2030410"},"EventRecordID":"6259","Correlation":null,"Execution":{"@ProcessID":"6340","@ThreadID":"6676"},"Channel":"System","Computer":"Server002","Security":{"@UserID":"S-1-5-18"}},"EventData":{"Data":[{"@Name":"updateTitle","#text":"9WZDNCRFJ364-MICROSOFT.SKYPEAPP"},{"@Name":"updateGuid","#text":"1cd49ec6-2fb5-44f4-ad22-939413400361"},{"@Name":"updateRevisionNumber","#text":"1"}]}}}
{"Event":{"System":{"Provider":{"@Name":"Microsoft-Windows-WindowsUpdateClient","@Guid":"945a8954-c147-4acd-923f-40c45405a658"},"EventID":"19","Version":"1","Level":"4","Task":"1","Opcode":"13","Keywords":"0x8000000000000018","TimeCreated":{"@SystemTime":"2025-06-22 21:05:11.6188022"},"EventRecordID":"6260","Correlation":{"@ActivityID":"57082e39-e3c5-0000-eea5-0a57c5e3db01"},"Execution":{"@ProcessID":"6340","@ThreadID":"6372"},"Channel":"System","Computer":"Server002","Security":{"@UserID":"S-1-5-18"}},"EventData":{"Data":[{"@Name":"updateTitle","#text":"9NBLGGH5R558-Microsoft.Todos"},{"@Name":"updateGuid","#text":"42f0ce05-be46-4b0a-a996-ef749762891e"},{"@Name":"updateRevisionNumber","#text":"1"},{"@Name":"serviceGuid","#text":"855e8a7c-ecb4-4ca3-b045-1dfa50104289"}]}}}
{"Event":{"System":{"Provider":{"@Name":"Microsoft-Windows-WindowsUpdateClient","@Guid":"945a8954-c147-4acd-923f-40c45405a658"},"EventID":"43","Version":"1","Level":"4","Task":"1","Opcode":"13","Keywords":"0x8000000000002008","TimeCreated":{"@SystemTime":"2025-06-22 21:05:12.7179109"},"EventRecordID":"6261","Correlation":null,"Execution":{"@ProcessID":"6340","@ThreadID":"5352"},"Channel":"System","Computer":"Server002","Security":{"@UserID":"S-1-5-18"}},"EventData":{"Data":[{"@Name":"updateTitle","#text":"9N7V66BG7XT8-Microsoft.WindowsAppRuntime.1.7"},{"@Name":"updateGuid","#text":"1afe073e-c948-48b0-b087-1706ff97627c"},{"@Name":"updateRevisionNumber","#text":"1"}]}}}
{"Event":{"System":{"Provider":{"@Name":"Microsoft-Windows-WindowsUpdateClient","@Guid":"945a8954-c147-4acd-923f-40c45405a658"},"EventID":"44","Version":"1","Level":"4","Task":"1","Opcode":"12","Keywords":"0x8000000000002004","TimeCreated":{"@SystemTime":"2025-06-22 21:05:16.7999165"},"EventRecordID":"6262","Correlation":{"@ActivityID":"57082e39-e3c5-0001-2a89-0a57c5e3db01"},"Execution":{"@ProcessID":"6340","@ThreadID":"5352"},"Channel":"System","Computer":"Server002","Security":{"@UserID":"S-1-5-18"}},"EventData":{"Data":[{"@Name":"updateTitle","#text":"9WZDNCRFJ3PT-MICROSOFT.ZUNEMUSIC"},{"@Name":"updateGuid","#text":"b3269060-e072-471f-b08d-f6987993d206"},{"@Name":"updateRevisionNumber","#text":"1"}]}}}
{"Event":{"System":{"Provider":{"@Name":"Microsoft-Windows-WindowsUpdateClient","@Guid":"945a8954-c147-4acd-923f-40c45405a658"},"EventID":"44","Version":"1","Level":"4","Task":"1","Opcode":"12","Keywords":"0x8000000000002004","TimeCreated":{"@SystemTime":"2025-06-22 21:05:16.7999177"},"EventRecordID":"6263","Correlation":{"@ActivityID":"57082e39-e3c5-0001-2a89-0a57c5e3db01"},"Execution":{"@ProcessID":"6340","@ThreadID":"5352"},"Channel":"System","Computer":"Server002","Security":{"@UserID":"S-1-5-18"}},"EventData":{"Data":[{"@Name":"updateTitle","#text":"9NBLGGH3FRZM-Microsoft.VCLibs.140.00"},{"@Name":"updateGuid","#text":"7c4b0956-b3f1-40ac-a633-668abc5d6af2"},{"@Name":"updateRevisionNumber","#text":"1"}]}}}
{"Event":{"System":{"Provider":{"@Name":"Microsoft-Windows-WindowsUpdateClient","@Guid":"945a8954-c147-4acd-923f-40c45405a658"},"EventID":"44","Version":"1","Level":"4","Task":"1","Opcode":"12","Keywords":"0x8000000000002004","TimeCreated":{"@SystemTime":"2025-06-22 21:05:16.7999185"},"EventRecordID":"6264","Correlation":{"@ActivityID":"57082e39-e3c5-0001-2a89-0a57c5e3db01"},"Execution":{"@ProcessID":"6340","@ThreadID":"5352"},"Channel":"System","Computer":"Server002","Security":{"@UserID":"S-1-5-18"}},"EventData":{"Data":[{"@Name":"updateTitle","#text":"9WZDNCRFJ3PT-MICROSOFT.ZUNEMUSIC"},{"@Name":"updateGuid","#text":"b3269060-e072-471f-b08d-f6987993d206"},{"@Name":"updateRevisionNumber","#text":"1"}]}}}
{"Event":{"System":{"Provider":{"@Name":"Microsoft-Windows-WindowsUpdateClient","@Guid":"945a8954-c147-4acd-923f-40c45405a658"},"EventID":"44","Version":"1","Level":"4","Task":"1","Opcode":"12","Keywords":"0x8000000000002004","TimeCreated":{"@SystemTime":"2025-06-22 21:05:16.7999193"},"EventRecordID":"6265","Correlation":{"@ActivityID":"57082e39-e3c5-0001-2a89-0a57c5e3db01"},"Execution":{"@ProcessID":"6340","@ThreadID":"5352"},"Channel":"System","Computer":"Server002","Security":{"@UserID":"S-1-5-18"}},"EventData":{"Data":[{"@Name":"updateTitle","#text":"9MW2LKJ0TPJF-Microsoft.NET.Native.Framework.2.2"},{"@Name":"updateGuid","#text":"bfa7d40d-2cdf-4c15-98cf-85c847517da3"},{"@Name":"updateRevisionNumber","#text":"1"}]}}}
{"Event":{"System":{"Provider":{"@Name":"Microsoft-Windows-WindowsUpdateClient","@Guid":"945a8954-c147-4acd-923f-40c45405a658"},"EventID":"44","Version":"1","Level":"4","Task":"1","Opcode":"12","Keywords":"0x8000000000002004","TimeCreated":{"@SystemTime":"2025-06-22 21:05:16.7999200"},"EventRecordID":"6266","Correlation":{"@ActivityID":"57082e39-e3c5-0001-2a89-0a57c5e3db01"},"Execution":{"@ProcessID":"6340","@ThreadID":"5352"},"Channel":"System","Computer":"Server002","Security":{"@UserID":"S-1-5-18"}},"EventData":{"Data":[{"@Name":"updateTitle","#text":"9WZDNCRFJ3PT-MICROSOFT.ZUNEMUSIC"},{"@Name":"updateGuid","#text":"b3269060-e072-471f-b08d-f6987993d206"},{"@Name":"updateRevisionNumber","#text":"1"}]}}}
{"Event":{"System":{"Provider":{"@Name":"Microsoft-Windows-WindowsUpdateClient","@Guid":"945a8954-c147-4acd-923f-40c45405a658"},"EventID":"44","Version":"1","Level":"4","Task":"1","Opcode":"12","Keywords":"0x8000000000002004","TimeCreated":{"@SystemTime":"2025-06-22 21:05:16.8000067"},"EventRecordID":"6267","Correlation":{"@ActivityID":"57082e39-e3c5-0001-2a89-0a57c5e3db01"},"Execution":{"@ProcessID":"6340","@ThreadID":"5352"},"Channel":"System","Computer":"Server002","Security":{"@UserID":"S-1-5-18"}},"EventData":{"Data":[{"@Name":"updateTitle","#text":"9WZDNCRFJ3PT-MICROSOFT.ZUNEMUSIC"},{"@Name":"updateGuid","#text":"b3269060-e072-471f-b08d-f6987993d206"},{"@Name":"updateRevisionNumber","#text":"1"}]}}}
{"Event":{"System":{"Provider":{"@Name":"Microsoft-Windows-WindowsUpdateClient","@Guid":"945a8954-c147-4acd-923f-40c45405a658"},"EventID":"44","Version":"1","Level":"4","Task":"1","Opcode":"12","Keywords":"0x8000000000002004","TimeCreated":{"@SystemTime":"2025-06-22 21:05:16.8000075"},"EventRecordID":"6268","Correlation":{"@ActivityID":"57082e39-e3c5-0001-2a89-0a57c5e3db01"},"Execution":{"@ProcessID":"6340","@ThreadID":"5352"},"Channel":"System","Computer":"Server002","Security":{"@UserID":"S-1-5-18"}},"EventData":{"Data":[{"@Name":"updateTitle","#text":"9NSTH9KHZDLQ-Microsoft.UI.Xaml.2.8"},{"@Name":"updateGuid","#text":"6b5369f2-d415-4daf-a500-1b864dc84dec"},{"@Name":"updateRevisionNumber","#text":"1"}]}}}
{"Event":{"System":{"Provider":{"@Name":"Microsoft-Windows-WindowsUpdateClient","@Guid":"945a8954-c147-4acd-923f-40c45405a658"},"EventID":"19","Version":"1","Level":"4","Task":"1","Opcode":"13","Keywords":"0x8000000000000018","TimeCreated":{"@SystemTime":"2025-06-22 21:05:16.8000087"},"EventRecordID":"6269","Correlation":{"@ActivityID":"57082e39-e3c5-0001-2a89-0a57c5e3db01"},"Execution":{"@ProcessID":"6340","@ThreadID":"5352"},"Channel":"System","Computer":"Server002","Security":{"@UserID":"S-1-5-18"}},"EventData":{"Data":[{"@Name":"updateTitle","#text":"9N7V66BG7XT8-Microsoft.WindowsAppRuntime.1.7"},{"@Name":"updateGuid","#text":"1afe073e-c948-48b0-b087-1706ff97627c"},{"@Name":"updateRevisionNumber","#text":"1"},{"@Name":"serviceGuid","#text":"855e8a7c-ecb4-4ca3-b045-1dfa50104289"}]}}}
{"Event":{"System":{"Provider":{"@Name":"Microsoft-Windows-WindowsUpdateClient","@Guid":"945a8954-c147-4acd-923f-40c45405a658"},"EventID":"43","Version":"1","Level":"4","Task":"1","Opcode":"13","Keywords":"0x8000000000002008","TimeCreated":{"@SystemTime":"2025-06-22 21:05:16.8162836"},"EventRecordID":"6270","Correlation":{"@ActivityID":"57082e39-e3c5-0001-2a89-0a57c5e3db01"},"Execution":{"@ProcessID":"6340","@ThreadID":"5352"},"Channel":"System","Computer":"Server002","Security":{"@UserID":"S-1-5-18"}},"EventData":{"Data":[{"@Name":"updateTitle","#text":"9NMPJ99VJBWV-Microsoft.YourPhone"},{"@Name":"updateGuid","#text":"aec7ecff-811e-49bf-8cf1-69b0779e77dc"},{"@Name":"updateRevisionNumber","#text":"1"}]}}}
{"Event":{"System":{"Provider":{"@Name":"Microsoft-Windows-WindowsUpdateClient","@Guid":"945a8954-c147-4acd-923f-40c45405a658"},"EventID":"20","Version":"1","Level":"2","Task":"1","Opcode":"13","Keywords":"0x8000000000000028","TimeCreated":{"@SystemTime":"2025-06-22 21:05:18.5102721"},"EventRecordID":"6271","Correlation":{"@ActivityID":"57082e39-e3c5-0001-4c89-0a57c5e3db01"},"Execution":{"@ProcessID":"6340","@ThreadID":"5352"},"Channel":"System","Computer":"Server002","Security":{"@UserID":"S-1-5-18"}},"EventData":{"Data":[{"@Name":"errorCode","#text":"0x80073D02"},{"@Name":"updateTitle","#text":"9NMPJ99VJBWV-Microsoft.YourPhone"},{"@Name":"updateGuid","#text":"aec7ecff-811e-49bf-8cf1-69b0779e77dc"},{"@Name":"updateRevisionNumber","#text":"1"},{"@Name":"serviceGuid","#text":"855e8a7c-ecb4-4ca3-b045-1dfa50104289"}]}}}
{"Event":{"System":{"Provider":{"@Name":"Microsoft-Windows-WindowsUpdateClient","@Guid":"945a8954-c147-4acd-923f-40c45405a658"},"EventID":"44","Version":"1","Level":"4","Task":"1","Opcode":"12","Keywords":"0x8000000000002004","TimeCreated":{"@SystemTime":"2025-06-22 21:05:25.9438530"},"EventRecordID":"6272","Correlation":null,"Execution":{"@ProcessID":"6340","@ThreadID":"6676"},"Channel":"System","Computer":"Server002","Security":{"@UserID":"S-1-5-18"}},"EventData":{"Data":[{"@Name":"updateTitle","#text":"9WZDNCRFJ3PT-MICROSOFT.ZUNEMUSIC"},{"@Name":"updateGuid","#text":"b3269060-e072-471f-b08d-f6987993d206"},{"@Name":"updateRevisionNumber","#text":"1"}]}}}
{"Event":{"System":{"Provider":{"@Name":"Microsoft-Windows-WindowsUpdateClient","@Guid":"945a8954-c147-4acd-923f-40c45405a658"},"EventID":"44","Version":"1","Level":"4","Task":"1","Opcode":"12","Keywords":"0x8000000000002004","TimeCreated":{"@SystemTime":"2025-06-22 21:05:25.9438550"},"EventRecordID":"6273","Correlation":null,"Execution":{"@ProcessID":"6340","@ThreadID":"6676"},"Channel":"System","Computer":"Server002","Security":{"@UserID":"S-1-5-18"}},"EventData":{"Data":[{"@Name":"updateTitle","#text":"9PLL735RFDSM-Microsoft.NET.Native.Runtime.2.2"},{"@Name":"updateGuid","#text":"9c137291-4059-4cb8-b650-12b07bbe1da1"},{"@Name":"updateRevisionNumber","#text":"1"}]}}}
{"Event":{"System":{"Provider":{"@Name":"Microsoft-Windows-WindowsUpdateClient","@Guid":"945a8954-c147-4acd-923f-40c45405a658"},"EventID":"44","Version":"1","Level":"4","Task":"1","Opcode":"12","Keywords":"0x8000000000002004","TimeCreated":{"@SystemTime":"2025-06-22 21:05:34.4278703"},"EventRecordID":"6274","Correlation":null,"Execution":{"@ProcessID":"6340","@ThreadID":"6676"},"Channel":"System","Computer":"Server002","Security":{"@UserID":"S-1-5-18"}},"EventData":{"Data":[{"@Name":"updateTitle","#text":"9NBLGGH4R32N-Microsoft.WindowsFeedbackHub"},{"@Name":"updateGuid","#text":"99cf7160-14fc-4aac-a17a-26641253c4f7"},{"@Name":"updateRevisionNumber","#text":"1"}]}}}
{"Event":{"System":{"Provider":{"@Name":"Microsoft-Windows-WindowsUpdateClient","@Guid":"945a8954-c147-4acd-923f-40c45405a658"},"EventID":"44","Version":"1","Level":"4","Task":"1","Opcode":"12","Keywords":"0x8000000000002004","TimeCreated":{"@SystemTime":"2025-06-22 21:05:34.4278720"},"EventRecordID":"6275","Correlation":null,"Execution":{"@ProcessID":"6340","@ThreadID":"6676"},"Channel":"System","Computer":"Server002","Security":{"@UserID":"S-1-5-18"}},"EventData":{"Data":[{"@Name":"updateTitle","#text":"9NBLGGH3FRZM-Microsoft.VCLibs.140.00"},{"@Name":"updateGuid","#text":"7c4b0956-b3f1-40ac-a633-668abc5d6af2"},{"@Name":"updateRevisionNumber","#text":"1"}]}}}
{"Event":{"System":{"Provider":{"@Name":"Microsoft-Windows-WindowsUpdateClient","@Guid":"945a8954-c147-4acd-923f-40c45405a658"},"EventID":"44","Version":"1","Level":"4","Task":"1","Opcode":"12","Keywords":"0x8000000000002004","TimeCreated":{"@SystemTime":"2025-06-22 21:05:34.4278732"},"EventRecordID":"6276","Correlation":null,"Execution":{"@ProcessID":"6340","@ThreadID":"6676"},"Channel":"System","Computer":"Server002","Security":{"@UserID":"S-1-5-18"}},"EventData":{"Data":[{"@Name":"updateTitle","#text":"9NBLGGH4R32N-Microsoft.WindowsFeedbackHub"},{"@Name":"updateGuid","#text":"99cf7160-14fc-4aac-a17a-26641253c4f7"},{"@Name":"updateRevisionNumber","#text":"1"}]}}}
{"Event":{"System":{"Provider":{"@Name":"Microsoft-Windows-WindowsUpdateClient","@Guid":"945a8954-c147-4acd-923f-40c45405a658"},"EventID":"44","Version":"1","Level":"4","Task":"1","Opcode":"12","Keywords":"0x8000000000002004","TimeCreated":{"@SystemTime":"2025-06-22 21:05:34.4278741"},"EventRecordID":"6277","Correlation":null,"Execution":{"@ProcessID":"6340","@ThreadID":"6676"},"Channel":"System","Computer":"Server002","Security":{"@UserID":"S-1-5-18"}},"EventData":{"Data":[{"@Name":"updateTitle","#text":"9WZDNCRFJ3PT-MICROSOFT.ZUNEMUSIC"},{"@Name":"updateGuid","#text":"b3269060-e072-471f-b08d-f6987993d206"},{"@Name":"updateRevisionNumber","#text":"1"}]}}}
{"Event":{"System":{"Provider":{"@Name":"Microsoft-Windows-WindowsUpdateClient","@Guid":"945a8954-c147-4acd-923f-40c45405a658"},"EventID":"44","Version":"1","Level":"4","Task":"1","Opcode":"12","Keywords":"0x8000000000002004","TimeCreated":{"@SystemTime":"2025-06-22 21:05:34.5152361"},"EventRecordID":"6278","Correlation":null,"Execution":{"@ProcessID":"6340","@ThreadID":"6676"},"Channel":"System","Computer":"Server002","Security":{"@UserID":"S-1-5-18"}},"EventData":{"Data":[{"@Name":"updateTitle","#text":"9MW2LKJ0TPJF-Microsoft.NET.Native.Framework.2.2"},{"@Name":"updateGuid","#text":"bfa7d40d-2cdf-4c15-98cf-85c847517da3"},{"@Name":"updateRevisionNumber","#text":"1"}]}}}
{"Event":{"System":{"Provider":{"@Name":"Microsoft-Windows-WindowsUpdateClient","@Guid":"945a8954-c147-4acd-923f-40c45405a658"},"EventID":"44","Version":"1","Level":"4","Task":"1","Opcode":"12","Keywords":"0x8000000000002004","TimeCreated":{"@SystemTime":"2025-06-22 21:05:34.5152376"},"EventRecordID":"6279","Correlation":null,"Execution":{"@ProcessID":"6340","@ThreadID":"6676"},"Channel":"System","Computer":"Server002","Security":{"@UserID":"S-1-5-18"}},"EventData":{"Data":[{"@Name":"updateTitle","#text":"9NBLGGH4R32N-Microsoft.WindowsFeedbackHub"},{"@Name":"updateGuid","#text":"99cf7160-14fc-4aac-a17a-26641253c4f7"},{"@Name":"updateRevisionNumber","#text":"1"}]}}}
{"Event":{"System":{"Provider":{"@Name":"Microsoft-Windows-WindowsUpdateClient","@Guid":"945a8954-c147-4acd-923f-40c45405a658"},"EventID":"44","Version":"1","Level":"4","Task":"1","Opcode":"12","Keywords":"0x8000000000002004","TimeCreated":{"@SystemTime":"2025-06-22 21:05:34.5152387"},"EventRecordID":"6280","Correlation":null,"Execution":{"@ProcessID":"6340","@ThreadID":"6676"},"Channel":"System","Computer":"Server002","Security":{"@UserID":"S-1-5-18"}},"EventData":{"Data":[{"@Name":"updateTitle","#text":"9WZDNCRFJ3PT-MICROSOFT.ZUNEMUSIC"},{"@Name":"updateGuid","#text":"b3269060-e072-471f-b08d-f6987993d206"},{"@Name":"updateRevisionNumber","#text":"1"}]}}}
{"Event":{"System":{"Provider":{"@Name":"Microsoft-Windows-WindowsUpdateClient","@Guid":"945a8954-c147-4acd-923f-40c45405a658"},"EventID":"44","Version":"1","Level":"4","Task":"1","Opcode":"12","Keywords":"0x8000000000002004","TimeCreated":{"@SystemTime":"2025-06-22 21:05:34.5152405"},"EventRecordID":"6281","Correlation":null,"Execution":{"@ProcessID":"6340","@ThreadID":"6676"},"Channel":"System","Computer":"Server002","Security":{"@UserID":"S-1-5-18"}},"EventData":{"Data":[{"@Name":"updateTitle","#text":"9NBLGGH4RV3K-Microsoft.VCLibs.140.00.UWPDesktop"},{"@Name":"updateGuid","#text":"fcdd3b59-f41c-4595-b36b-245bacb749e8"},{"@Name":"updateRevisionNumber","#text":"1"}]}}}
{"Event":{"System":{"Provider":{"@Name":"Microsoft-Windows-WindowsUpdateClient","@Guid":"945a8954-c147-4acd-923f-40c45405a658"},"EventID":"44","Version":"1","Level":"4","Task":"1","Opcode":"12","Keywords":"0x8000000000002004","TimeCreated":{"@SystemTime":"2025-06-22 21:05:34.5152414"},"EventRecordID":"6282","Correlation":null,"Execution":{"@ProcessID":"6340","@ThreadID":"6676"},"Channel":"System","Computer":"Server002","Security":{"@UserID":"S-1-5-18"}},"EventData":{"Data":[{"@Name":"updateTitle","#text":"9NBLGGH4R32N-Microsoft.WindowsFeedbackHub"},{"@Name":"updateGuid","#text":"99cf7160-14fc-4aac-a17a-26641253c4f7"},{"@Name":"updateRevisionNumber","#text":"1"}]}}}
{"Event":{"System":{"Provider":{"@Name":"Microsoft-Windows-WindowsUpdateClient","@Guid":"945a8954-c147-4acd-923f-40c45405a658"},"EventID":"44","Version":"1","Level":"4","Task":"1","Opcode":"12","Keywords":"0x8000000000002004","TimeCreated":{"@SystemTime":"2025-06-22 21:05:34.5709767"},"EventRecordID":"6283","Correlation":null,"Execution":{"@ProcessID":"6340","@ThreadID":"6676"},"Channel":"System","Computer":"Server002","Security":{"@UserID":"S-1-5-18"}},"EventData":{"Data":[{"@Name":"updateTitle","#text":"9NBLGGH4R32N-Microsoft.WindowsFeedbackHub"},{"@Name":"updateGuid","#text":"99cf7160-14fc-4aac-a17a-26641253c4f7"},{"@Name":"updateRevisionNumber","#text":"1"}]}}}
{"Event":{"System":{"Provider":{"@Name":"Microsoft-Windows-WindowsUpdateClient","@Guid":"945a8954-c147-4acd-923f-40c45405a658"},"EventID":"44","Version":"1","Level":"4","Task":"1","Opcode":"12","Keywords":"0x8000000000002004","TimeCreated":{"@SystemTime":"2025-06-22 21:05:34.5709787"},"EventRecordID":"6284","Correlation":null,"Execution":{"@ProcessID":"6340","@ThreadID":"6676"},"Channel":"System","Computer":"Server002","Security":{"@UserID":"S-1-5-18"}},"EventData":{"Data":[{"@Name":"updateTitle","#text":"9WZDNCRFJ3PT-MICROSOFT.ZUNEMUSIC"},{"@Name":"updateGuid","#text":"b3269060-e072-471f-b08d-f6987993d206"},{"@Name":"updateRevisionNumber","#text":"1"}]}}}
{"Event":{"System":{"Provider":{"@Name":"Microsoft-Windows-WindowsUpdateClient","@Guid":"945a8954-c147-4acd-923f-40c45405a658"},"EventID":"44","Version":"1","Level":"4","Task":"1","Opcode":"12","Keywords":"0x8000000000002004","TimeCreated":{"@SystemTime":"2025-06-22 21:05:34.5709799"},"EventRecordID":"6285","Correlation":null,"Execution":{"@ProcessID":"6340","@ThreadID":"6676"},"Channel":"System","Computer":"Server002","Security":{"@UserID":"S-1-5-18"}},"EventData":{"Data":[{"@Name":"updateTitle","#text":"9NSTH9KHZDLQ-Microsoft.UI.Xaml.2.8"},{"@Name":"updateGuid","#text":"6b5369f2-d415-4daf-a500-1b864dc84dec"},{"@Name":"updateRevisionNumber","#text":"1"}]}}}
{"Event":{"System":{"Provider":{"@Name":"Microsoft-Windows-WindowsUpdateClient","@Guid":"945a8954-c147-4acd-923f-40c45405a658"},"EventID":"44","Version":"1","Level":"4","Task":"1","Opcode":"12","Keywords":"0x8000000000002004","TimeCreated":{"@SystemTime":"2025-06-22 21:05:35.7490346"},"EventRecordID":"6286","Correlation":null,"Execution":{"@ProcessID":"6340","@ThreadID":"6676"},"Channel":"System","Computer":"Server002","Security":{"@UserID":"S-1-5-18"}},"EventData":{"Data":[{"@Name":"updateTitle","#text":"9NBLGGH4R32N-Microsoft.WindowsFeedbackHub"},{"@Name":"updateGuid","#text":"99cf7160-14fc-4aac-a17a-26641253c4f7"},{"@Name":"updateRevisionNumber","#text":"1"}]}}}
{"Event":{"System":{"Provider":{"@Name":"Microsoft-Windows-WindowsUpdateClient","@Guid":"945a8954-c147-4acd-923f-40c45405a658"},"EventID":"44","Version":"1","Level":"4","Task":"1","Opcode":"12","Keywords":"0x8000000000002004","TimeCreated":{"@SystemTime":"2025-06-22 21:05:35.7490357"},"EventRecordID":"6287","Correlation":null,"Execution":{"@ProcessID":"6340","@ThreadID":"6676"},"Channel":"System","Computer":"Server002","Security":{"@UserID":"S-1-5-18"}},"EventData":{"Data":[{"@Name":"updateTitle","#text":"9WZDNCRFJ3PT-MICROSOFT.ZUNEMUSIC"},{"@Name":"updateGuid","#text":"b3269060-e072-471f-b08d-f6987993d206"},{"@Name":"updateRevisionNumber","#text":"1"}]}}}
{"Event":{"System":{"Provider":{"@Name":"Microsoft-Windows-WindowsUpdateClient","@Guid":"945a8954-c147-4acd-923f-40c45405a658"},"EventID":"44","Version":"1","Level":"4","Task":"1","Opcode":"12","Keywords":"0x8000000000002004","TimeCreated":{"@SystemTime":"2025-06-22 21:05:35.7490369"},"EventRecordID":"6288","Correlation":null,"Execution":{"@ProcessID":"6340","@ThreadID":"6676"},"Channel":"System","Computer":"Server002","Security":{"@UserID":"S-1-5-18"}},"EventData":{"Data":[{"@Name":"updateTitle","#text":"9PLL735RFDSM-Microsoft.NET.Native.Runtime.2.2"},{"@Name":"updateGuid","#text":"9c137291-4059-4cb8-b650-12b07bbe1da1"},{"@Name":"updateRevisionNumber","#text":"1"}]}}}
{"Event":{"System":{"Provider":{"@Name":"Microsoft-Windows-Kernel-General","@Guid":"a68ca8b7-004f-d7b6-a698-07e2de0f1f5d"},"EventID":"16","Version":"0","Level":"4","Task":"0","Opcode":"0","Keywords":"0x8000000000000000","TimeCreated":{"@SystemTime":"2025-06-22 21:05:47.9777810"},"EventRecordID":"6289","Correlation":null,"Execution":{"@ProcessID":"4372","@ThreadID":"5640"},"Channel":"System","Computer":"Server002","Security":{"@UserID":"S-1-5-18"}},"EventData":{"Data":[{"@Name":"HiveNameLength","#text":"131"},{"@Name":"HiveName","#text":"\\??\\C:\\ProgramData\\Microsoft\\Windows\\AppRepository\\Packages\\Microsoft.SkypeApp_15.150.3125.0_x64__kzf8qxf38zg5c\\ActivationStore.dat"},{"@Name":"KeysUpdated","#text":"0"},{"@Name":"DirtyPages","#text":"0"}]}}}
{"Event":{"System":{"Provider":{"@Name":"Microsoft-Windows-WindowsUpdateClient","@Guid":"945a8954-c147-4acd-923f-40c45405a658"},"EventID":"43","Version":"1","Level":"4","Task":"1","Opcode":"13","Keywords":"0x8000000000002008","TimeCreated":{"@SystemTime":"2025-06-22 21:05:59.1079814"},"EventRecordID":"6290","Correlation":null,"Execution":{"@ProcessID":"6340","@ThreadID":"9768"},"Channel":"System","Computer":"Server002","Security":{"@UserID":"S-1-5-18"}},"EventData":{"Data":[{"@Name":"updateTitle","#text":"9WZDNCRFJ364-MICROSOFT.SKYPEAPP"},{"@Name":"updateGuid","#text":"1cd49ec6-2fb5-44f4-ad22-939413400361"},{"@Name":"updateRevisionNumber","#text":"1"}]}}}
{"Event":{"System":{"Provider":{"@Name":"Microsoft-Windows-Kernel-General","@Guid":"a68ca8b7-004f-d7b6-a698-07e2de0f1f5d"},"EventID":"16","Version":"0","Level":"4","Task":"0","Opcode":"0","Keywords":"0x8000000000000000","TimeCreated":{"@SystemTime":"2025-06-22 21:06:01.1779762"},"EventRecordID":"6291","Correlation":null,"Execution":{"@ProcessID":"4372","@ThreadID":"1680"},"Channel":"System","Computer":"Server002","Security":{"@UserID":"S-1-5-21-3962163828-2803415714-1403596700-1001"}},"EventData":{"Data":[{"@Name":"HiveNameLength","#text":"96"},{"@Name":"HiveName","#text":"\\??\\C:\\Users\\lplui\\AppData\\Local\\Packages\\Microsoft.SkypeApp_kzf8qxf38zg5c\\Settings\\settings.dat"},{"@Name":"KeysUpdated","#text":"1"},{"@Name":"DirtyPages","#text":"1"}]}}}
{"Event":{"System":{"Provider":{"@Name":"Microsoft-Windows-WindowsUpdateClient","@Guid":"945a8954-c147-4acd-923f-40c45405a658"},"EventID":"19","Version":"1","Level":"4","Task":"1","Opcode":"13","Keywords":"0x8000000000000018","TimeCreated":{"@SystemTime":"2025-06-22 21:06:10.0246661"},"EventRecordID":"6292","Correlation":{"@ActivityID":"57082e39-e3c5-0001-c08a-0a57c5e3db01"},"Execution":{"@ProcessID":"6340","@ThreadID":"9768"},"Channel":"System","Computer":"Server002","Security":{"@UserID":"S-1-5-18"}},"EventData":{"Data":[{"@Name":"updateTitle","#text":"9WZDNCRFJ364-MICROSOFT.SKYPEAPP"},{"@Name":"updateGuid","#text":"1cd49ec6-2fb5-44f4-ad22-939413400361"},{"@Name":"updateRevisionNumber","#text":"1"},{"@Name":"serviceGuid","#text":"855e8a7c-ecb4-4ca3-b045-1dfa50104289"}]}}}
{"Event":{"System":{"Provider":{"@Name":"Microsoft-Windows-WindowsUpdateClient","@Guid":"945a8954-c147-4acd-923f-40c45405a658"},"EventID":"44","Version":"1","Level":"4","Task":"1","Opcode":"12","Keywords":"0x8000000000002004","TimeCreated":{"@SystemTime":"2025-06-22 21:06:31.3142974"},"EventRecordID":"6293","Correlation":null,"Execution":{"@ProcessID":"6340","@ThreadID":"6676"},"Channel":"System","Computer":"Server002","Security":{"@UserID":"S-1-5-18"}},"EventData":{"Data":[{"@Name":"updateTitle","#text":"9WZDNCRFHWD2-Microsoft.MicrosoftSolitaireCollection"},{"@Name":"updateGuid","#text":"52c7221a-6bbe-4282-9378-fb96ff732c4c"},{"@Name":"updateRevisionNumber","#text":"1"}]}}}
{"Event":{"System":{"Provider":{"@Name":"Microsoft-Windows-WindowsUpdateClient","@Guid":"945a8954-c147-4acd-923f-40c45405a658"},"EventID":"44","Version":"1","Level":"4","Task":"1","Opcode":"12","Keywords":"0x8000000000002004","TimeCreated":{"@SystemTime":"2025-06-22 21:06:31.3143021"},"EventRecordID":"6294","Correlation":null,"Execution":{"@ProcessID":"6340","@ThreadID":"6676"},"Channel":"System","Computer":"Server002","Security":{"@UserID":"S-1-5-18"}},"EventData":{"Data":[{"@Name":"updateTitle","#text":"9WZDNCRFHWD2-Microsoft.MicrosoftSolitaireCollection"},{"@Name":"updateGuid","#text":"52c7221a-6bbe-4282-9378-fb96ff732c4c"},{"@Name":"updateRevisionNumber","#text":"1"}]}}}
{"Event":{"System":{"Provider":{"@Name":"Microsoft-Windows-WindowsUpdateClient","@Guid":"945a8954-c147-4acd-923f-40c45405a658"},"EventID":"44","Version":"1","Level":"4","Task":"1","Opcode":"12","Keywords":"0x8000000000002004","TimeCreated":{"@SystemTime":"2025-06-22 21:06:31.3143038"},"EventRecordID":"6295","Correlation":null,"Execution":{"@ProcessID":"6340","@ThreadID":"6676"},"Channel":"System","Computer":"Server002","Security":{"@UserID":"S-1-5-18"}},"EventData":{"Data":[{"@Name":"updateTitle","#text":"9NBLGGH3FRZM-Microsoft.VCLibs.140.00"},{"@Name":"updateGuid","#text":"7c4b0956-b3f1-40ac-a633-668abc5d6af2"},{"@Name":"updateRevisionNumber","#text":"1"}]}}}
{"Event":{"System":{"Provider":{"@Name":"Microsoft-Windows-WindowsUpdateClient","@Guid":"945a8954-c147-4acd-923f-40c45405a658"},"EventID":"44","Version":"1","Level":"4","Task":"1","Opcode":"12","Keywords":"0x8000000000002004","TimeCreated":{"@SystemTime":"2025-06-22 21:06:31.3143055"},"EventRecordID":"6296","Correlation":null,"Execution":{"@ProcessID":"6340","@ThreadID":"6676"},"Channel":"System","Computer":"Server002","Security":{"@UserID":"S-1-5-18"}},"EventData":{"Data":[{"@Name":"updateTitle","#text":"9NBLGGH4R32N-Microsoft.WindowsFeedbackHub"},{"@Name":"updateGuid","#text":"99cf7160-14fc-4aac-a17a-26641253c4f7"},{"@Name":"updateRevisionNumber","#text":"1"}]}}}
{"Event":{"System":{"Provider":{"@Name":"Microsoft-Windows-WindowsUpdateClient","@Guid":"945a8954-c147-4acd-923f-40c45405a658"},"EventID":"44","Version":"1","Level":"4","Task":"1","Opcode":"12","Keywords":"0x8000000000002004","TimeCreated":{"@SystemTime":"2025-06-22 21:06:31.3143072"},"EventRecordID":"6297","Correlation":null,"Execution":{"@ProcessID":"6340","@ThreadID":"6676"},"Channel":"System","Computer":"Server002","Security":{"@UserID":"S-1-5-18"}},"EventData":{"Data":[{"@Name":"updateTitle","#text":"9WZDNCRFJ3PT-MICROSOFT.ZUNEMUSIC"},{"@Name":"updateGuid","#text":"b3269060-e072-471f-b08d-f6987993d206"},{"@Name":"updateRevisionNumber","#text":"1"}]}}}
{"Event":{"System":{"Provider":{"@Name":"Microsoft-Windows-WindowsUpdateClient","@Guid":"945a8954-c147-4acd-923f-40c45405a658"},"EventID":"44","Version":"1","Level":"4","Task":"1","Opcode":"12","Keywords":"0x8000000000002004","TimeCreated":{"@SystemTime":"2025-06-22 21:06:32.2293671"},"EventRecordID":"6298","Correlation":null,"Execution":{"@ProcessID":"6340","@ThreadID":"6676"},"Channel":"System","Computer":"Server002","Security":{"@UserID":"S-1-5-18"}},"EventData":{"Data":[{"@Name":"updateTitle","#text":"9WZDNCRFHWD2-Microsoft.MicrosoftSolitaireCollection"},{"@Name":"updateGuid","#text":"52c7221a-6bbe-4282-9378-fb96ff732c4c"},{"@Name":"updateRevisionNumber","#text":"1"}]}}}
{"Event":{"System":{"Provider":{"@Name":"Microsoft-Windows-WindowsUpdateClient","@Guid":"945a8954-c147-4acd-923f-40c45405a658"},"EventID":"44","Version":"1","Level":"4","Task":"1","Opcode":"12","Keywords":"0x8000000000002004","TimeCreated":{"@SystemTime":"2025-06-22 21:06:32.2293695"},"EventRecordID":"6299","Correlation":null,"Execution":{"@ProcessID":"6340","@ThreadID":"6676"},"Channel":"System","Computer":"Server002","Security":{"@UserID":"S-1-5-18"}},"EventData":{"Data":[{"@Name":"updateTitle","#text":"9NBLGGH4R32N-Microsoft.WindowsFeedbackHub"},{"@Name":"updateGuid","#text":"99cf7160-14fc-4aac-a17a-26641253c4f7"},{"@Name":"updateRevisionNumber","#text":"1"}]}}}
{"Event":{"System":{"Provider":{"@Name":"Microsoft-Windows-WindowsUpdateClient","@Guid":"945a8954-c147-4acd-923f-40c45405a658"},"EventID":"44","Version":"1","Level":"4","Task":"1","Opcode":"12","Keywords":"0x8000000000002004","TimeCreated":{"@SystemTime":"2025-06-22 21:06:32.2293714"},"EventRecordID":"6300","Correlation":null,"Execution":{"@ProcessID":"6340","@ThreadID":"6676"},"Channel":"System","Computer":"Server002","Security":{"@UserID":"S-1-5-18"}},"EventData":{"Data":[{"@Name":"updateTitle","#text":"9WZDNCRFJ3PT-MICROSOFT.ZUNEMUSIC"},{"@Name":"updateGuid","#text":"b3269060-e072-471f-b08d-f6987993d206"},{"@Name":"updateRevisionNumber","#text":"1"}]}}}
{"Event":{"System":{"Provider":{"@Name":"Microsoft-Windows-WindowsUpdateClient","@Guid":"945a8954-c147-4acd-923f-40c45405a658"},"EventID":"44","Version":"1","Level":"4","Task":"1","Opcode":"12","Keywords":"0x8000000000002004","TimeCreated":{"@SystemTime":"2025-06-22 21:06:32.2293730"},"EventRecordID":"6301","Correlation":null,"Execution":{"@ProcessID":"6340","@ThreadID":"6676"},"Channel":"System","Computer":"Server002","Security":{"@UserID":"S-1-5-18"}},"EventData":{"Data":[{"@Name":"updateTitle","#text":"9PLL735RFDSM-Microsoft.NET.Native.Runtime.2.2"},{"@Name":"updateGuid","#text":"9c137291-4059-4cb8-b650-12b07bbe1da1"},{"@Name":"updateRevisionNumber","#text":"1"}]}}}
{"Event":{"System":{"Provider":{"@Name":"Microsoft-Windows-WindowsUpdateClient","@Guid":"945a8954-c147-4acd-923f-40c45405a658"},"EventID":"44","Version":"1","Level":"4","Task":"1","Opcode":"12","Keywords":"0x8000000000002004","TimeCreated":{"@SystemTime":"2025-06-22 21:06:32.5553613"},"EventRecordID":"6302","Correlation":null,"Execution":{"@ProcessID":"6340","@ThreadID":"6676"},"Channel":"System","Computer":"Server002","Security":{"@UserID":"S-1-5-18"}},"EventData":{"Data":[{"@Name":"updateTitle","#text":"9MW2LKJ0TPJF-Microsoft.NET.Native.Framework.2.2"},{"@Name":"updateGuid","#text":"bfa7d40d-2cdf-4c15-98cf-85c847517da3"},{"@Name":"updateRevisionNumber","#text":"1"}]}}}
{"Event":{"System":{"Provider":{"@Name":"Microsoft-Windows-WindowsUpdateClient","@Guid":"945a8954-c147-4acd-923f-40c45405a658"},"EventID":"44","Version":"1","Level":"4","Task":"1","Opcode":"12","Keywords":"0x8000000000002004","TimeCreated":{"@SystemTime":"2025-06-22 21:06:32.5553644"},"EventRecordID":"6303","Correlation":null,"Execution":{"@ProcessID":"6340","@ThreadID":"6676"},"Channel":"System","Computer":"Server002","Security":{"@UserID":"S-1-5-18"}},"EventData":{"Data":[{"@Name":"updateTitle","#text":"9WZDNCRFHWD2-Microsoft.MicrosoftSolitaireCollection"},{"@Name":"updateGuid","#text":"52c7221a-6bbe-4282-9378-fb96ff732c4c"},{"@Name":"updateRevisionNumber","#text":"1"}]}}}
{"Event":{"System":{"Provider":{"@Name":"Microsoft-Windows-WindowsUpdateClient","@Guid":"945a8954-c147-4acd-923f-40c45405a658"},"EventID":"44","Version":"1","Level":"4","Task":"1","Opcode":"12","Keywords":"0x8000000000002004","TimeCreated":{"@SystemTime":"2025-06-22 21:06:32.5553666"},"EventRecordID":"6304","Correlation":null,"Execution":{"@ProcessID":"6340","@ThreadID":"6676"},"Channel":"System","Computer":"Server002","Security":{"@UserID":"S-1-5-18"}},"EventData":{"Data":[{"@Name":"updateTitle","#text":"9NBLGGH4R32N-Microsoft.WindowsFeedbackHub"},{"@Name":"updateGuid","#text":"99cf7160-14fc-4aac-a17a-26641253c4f7"},{"@Name":"updateRevisionNumber","#text":"1"}]}}}
{"Event":{"System":{"Provider":{"@Name":"Microsoft-Windows-WindowsUpdateClient","@Guid":"945a8954-c147-4acd-923f-40c45405a658"},"EventID":"44","Version":"1","Level":"4","Task":"1","Opcode":"12","Keywords":"0x8000000000002004","TimeCreated":{"@SystemTime":"2025-06-22 21:06:32.5553690"},"EventRecordID":"6305","Correlation":null,"Execution":{"@ProcessID":"6340","@ThreadID":"6676"},"Channel":"System","Computer":"Server002","Security":{"@UserID":"S-1-5-18"}},"EventData":{"Data":[{"@Name":"updateTitle","#text":"9WZDNCRFJ3PT-MICROSOFT.ZUNEMUSIC"},{"@Name":"updateGuid","#text":"b3269060-e072-471f-b08d-f6987993d206"},{"@Name":"updateRevisionNumber","#text":"1"}]}}}
{"Event":{"System":{"Provider":{"@Name":"Microsoft-Windows-WindowsUpdateClient","@Guid":"945a8954-c147-4acd-923f-40c45405a658"},"EventID":"44","Version":"1","Level":"4","Task":"1","Opcode":"12","Keywords":"0x8000000000002004","TimeCreated":{"@SystemTime":"2025-06-22 21:06:32.5553724"},"EventRecordID":"6306","Correlation":null,"Execution":{"@ProcessID":"6340","@ThreadID":"6676"},"Channel":"System","Computer":"Server002","Security":{"@UserID":"S-1-5-18"}},"EventData":{"Data":[{"@Name":"updateTitle","#text":"9WZDNCRFHWD2-Microsoft.MicrosoftSolitaireCollection"},{"@Name":"updateGuid","#text":"52c7221a-6bbe-4282-9378-fb96ff732c4c"},{"@Name":"updateRevisionNumber","#text":"1"}]}}}
{"Event":{"System":{"Provider":{"@Name":"Microsoft-Windows-WindowsUpdateClient","@Guid":"945a8954-c147-4acd-923f-40c45405a658"},"EventID":"44","Version":"1","Level":"4","Task":"1","Opcode":"12","Keywords":"0x8000000000002004","TimeCreated":{"@SystemTime":"2025-06-22 21:06:32.6039221"},"EventRecordID":"6307","Correlation":null,"Execution":{"@ProcessID":"6340","@ThreadID":"6676"},"Channel":"System","Computer":"Server002","Security":{"@UserID":"S-1-5-18"}},"EventData":{"Data":[{"@Name":"updateTitle","#text":"9NBLGGH4RV3K-Microsoft.VCLibs.140.00.UWPDesktop"},{"@Name":"updateGuid","#text":"fcdd3b59-f41c-4595-b36b-245bacb749e8"},{"@Name":"updateRevisionNumber","#text":"1"}]}}}
{"Event":{"System":{"Provider":{"@Name":"Microsoft-Windows-WindowsUpdateClient","@Guid":"945a8954-c147-4acd-923f-40c45405a658"},"EventID":"44","Version":"1","Level":"4","Task":"1","Opcode":"12","Keywords":"0x8000000000002004","TimeCreated":{"@SystemTime":"2025-06-22 21:06:32.6039254"},"EventRecordID":"6308","Correlation":null,"Execution":{"@ProcessID":"6340","@ThreadID":"6676"},"Channel":"System","Computer":"Server002","Security":{"@UserID":"S-1-5-18"}},"EventData":{"Data":[{"@Name":"updateTitle","#text":"9NBLGGH4R32N-Microsoft.WindowsFeedbackHub"},{"@Name":"updateGuid","#text":"99cf7160-14fc-4aac-a17a-26641253c4f7"},{"@Name":"updateRevisionNumber","#text":"1"}]}}}
{"Event":{"System":{"Provider":{"@Name":"Microsoft-Windows-WindowsUpdateClient","@Guid":"945a8954-c147-4acd-923f-40c45405a658"},"EventID":"44","Version":"1","Level":"4","Task":"1","Opcode":"12","Keywords":"0x8000000000002004","TimeCreated":{"@SystemTime":"2025-06-22 21:06:32.6039286"},"EventRecordID":"6309","Correlation":null,"Execution":{"@ProcessID":"6340","@ThreadID":"6676"},"Channel":"System","Computer":"Server002","Security":{"@UserID":"S-1-5-18"}},"EventData":{"Data":[{"@Name":"updateTitle","#text":"9WZDNCRFHWD2-Microsoft.MicrosoftSolitaireCollection"},{"@Name":"updateGuid","#text":"52c7221a-6bbe-4282-9378-fb96ff732c4c"},{"@Name":"updateRevisionNumber","#text":"1"}]}}}
{"Event":{"System":{"Provider":{"@Name":"Microsoft-Windows-WindowsUpdateClient","@Guid":"945a8954-c147-4acd-923f-40c45405a658"},"EventID":"44","Version":"1","Level":"4","Task":"1","Opcode":"12","Keywords":"0x8000000000002004","TimeCreated":{"@SystemTime":"2025-06-22 21:06:32.6039301"},"EventRecordID":"6310","Correlation":null,"Execution":{"@ProcessID":"6340","@ThreadID":"6676"},"Channel":"System","Computer":"Server002","Security":{"@UserID":"S-1-5-18"}},"EventData":{"Data":[{"@Name":"updateTitle","#text":"9NBLGGH4R32N-Microsoft.WindowsFeedbackHub"},{"@Name":"updateGuid","#text":"99cf7160-14fc-4aac-a17a-26641253c4f7"},{"@Name":"updateRevisionNumber","#text":"1"}]}}}
{"Event":{"System":{"Provider":{"@Name":"Microsoft-Windows-WindowsUpdateClient","@Guid":"945a8954-c147-4acd-923f-40c45405a658"},"EventID":"44","Version":"1","Level":"4","Task":"1","Opcode":"12","Keywords":"0x8000000000002004","TimeCreated":{"@SystemTime":"2025-06-22 21:06:32.6039323"},"EventRecordID":"6311","Correlation":null,"Execution":{"@ProcessID":"6340","@ThreadID":"6676"},"Channel":"System","Computer":"Server002","Security":{"@UserID":"S-1-5-18"}},"EventData":{"Data":[{"@Name":"updateTitle","#text":"9WZDNCRFJ3PT-MICROSOFT.ZUNEMUSIC"},{"@Name":"updateGuid","#text":"b3269060-e072-471f-b08d-f6987993d206"},{"@Name":"updateRevisionNumber","#text":"1"}]}}}
{"Event":{"System":{"Provider":{"@Name":"Microsoft-Windows-WindowsUpdateClient","@Guid":"945a8954-c147-4acd-923f-40c45405a658"},"EventID":"44","Version":"1","Level":"4","Task":"1","Opcode":"12","Keywords":"0x8000000000002004","TimeCreated":{"@SystemTime":"2025-06-22 21:06:32.6039345"},"EventRecordID":"6312","Correlation":null,"Execution":{"@ProcessID":"6340","@ThreadID":"6676"},"Channel":"System","Computer":"Server002","Security":{"@UserID":"S-1-5-18"}},"EventData":{"Data":[{"@Name":"updateTitle","#text":"9NSTH9KHZDLQ-Microsoft.UI.Xaml.2.8"},{"@Name":"updateGuid","#text":"6b5369f2-d415-4daf-a500-1b864dc84dec"},{"@Name":"updateRevisionNumber","#text":"1"}]}}}
