{"Event":{"System":{"Provider":{"@Name":"Microsoft-Windows-Sysmon","@Guid":"5770385f-c22a-43e0-bf4c-06f5698ffbd9"},"EventID":"5","Version":"3","Level":"4","Task":"5","Opcode":"0","Keywords":"0x8000000000000000","TimeCreated":{"@SystemTime":"2025-04-30 08:13:55.9092944"},"EventRecordID":"53527","Correlation":null,"Execution":{"@ProcessID":"2632","@ThreadID":"4140"},"Channel":"Microsoft-Windows-Sysmon/Operational","Computer":"Server002","Security":{"@UserID":"S-1-5-18"}},"EventData":{"Data":[{"@Name":"RuleName","#text":"-"},{"@Name":"UtcTime","#text":"2025-04-30 08:13:55.893"},{"@Name":"ProcessGuid","#text":"dbf410b3-dbb8-6811-6601-000000004400"},{"@Name":"ProcessId","#text":"7376"},{"@Name":"Image","#text":"C:\\ProgramData\\Microsoft\\Windows Defender\\Platform\\4.18.24080.9-0\\MpCmdRun.exe"},{"@Name":"User","#text":"NT AUTHORITY\\LOCAL SERVICE"}]}}}
{"Event":{"System":{"Provider":{"@Name":"Microsoft-Windows-Sysmon","@Guid":"5770385f-c22a-43e0-bf4c-06f5698ffbd9"},"EventID":"5","Version":"3","Level":"4","Task":"5","Opcode":"0","Keywords":"0x8000000000000000","TimeCreated":{"@SystemTime":"2025-04-30 08:13:56.0629604"},"EventRecordID":"53528","Correlation":null,"Execution":{"@ProcessID":"2632","@ThreadID":"4140"},"Channel":"Microsoft-Windows-Sysmon/Operational","Computer":"Server002","Security":{"@UserID":"S-1-5-18"}},"EventData":{"Data":[{"@Name":"RuleName","#text":"-"},{"@Name":"UtcTime","#text":"2025-04-30 08:13:56.044"},{"@Name":"ProcessGuid","#text":"dbf410b3-dbb8-6811-6701-000000004400"},{"@Name":"ProcessId","#text":"6904"},{"@Name":"Image","#text":"C:\\Windows\\System32\\conhost.exe"},{"@Name":"User","#text":"NT AUTHORITY\\LOCAL SERVICE"}]}}}
{"Event":{"System":{"Provider":{"@Name":"Microsoft-Windows-Sysmon","@Guid":"5770385f-c22a-43e0-bf4c-06f5698ffbd9"},"EventID":"1","Version":"5","Level":"4","Task":"1","Opcode":"0","Keywords":"0x8000000000000000","TimeCreated":{"@SystemTime":"2025-04-30 08:13:58.7830888"},"EventRecordID":"53529","Correlation":null,"Execution":{"@ProcessID":"2632","@ThreadID":"4140"},"Channel":"Microsoft-Windows-Sysmon/Operational","Computer":"Server002","Security":{"@UserID":"S-1-5-18"}},"EventData":{"Data":[{"@Name":"RuleName","#text":"-"},{"@Name":"UtcTime","#text":"2025-04-30 08:13:58.775"},{"@Name":"ProcessGuid","#text":"dbf410b3-dbc6-6811-7001-000000004400"},{"@Name":"ProcessId","#text":"11252"},{"@Name":"Image","#text":"C:\\Windows\\servicing\\TrustedInstaller.exe"},{"@Name":"FileVersion","#text":"10.0.19041.5553 (WinBuild.160101.0800)"},{"@Name":"Description","#text":"Windows Modules Installer"},{"@Name":"Product","#text":"Microsoft® Windows® Operating System"},{"@Name":"Company","#text":"Microsoft Corporation"},{"@Name":"OriginalFileName","#text":"TrustedInstaller.exe"},{"@Name":"CommandLine","#text":"C:\\Windows\\servicing\\TrustedInstaller.exe"},{"@Name":"CurrentDirectory","#text":"C:\\Windows\\system32\\"},{"@Name":"User","#text":"NT AUTHORITY\\SYSTEM"},{"@Name":"LogonGuid","#text":"dbf410b3-f6db-6811-e703-000000000000"},{"@Name":"LogonId","#text":"0x3E7"},{"@Name":"TerminalSessionId","#text":"0"},{"@Name":"IntegrityLevel","#text":"System"},{"@Name":"Hashes","#text":"SHA256=9F5297972FC777646E463D683241868E231DB0D3C2EFAD6C21E00114C4D84AB6"},{"@Name":"ParentProcessGuid","#text":"00000000-0000-0000-0000-000000000000"},{"@Name":"ParentProcessId","#text":"668"},{"@Name":"ParentImage","#text":"-"},{"@Name":"ParentCommandLine","#text":"-"},{"@Name":"ParentUser","#text":"-"}]}}}
{"Event":{"System":{"Provider":{"@Name":"Microsoft-Windows-Sysmon","@Guid":"5770385f-c22a-43e0-bf4c-06f5698ffbd9"},"EventID":"1","Version":"5","Level":"4","Task":"1","Opcode":"0","Keywords":"0x8000000000000000","TimeCreated":{"@SystemTime":"2025-04-30 08:13:58.9313623"},"EventRecordID":"53530","Correlation":null,"Execution":{"@ProcessID":"2632","@ThreadID":"4140"},"Channel":"Microsoft-Windows-Sysmon/Operational","Computer":"Server002","Security":{"@UserID":"S-1-5-18"}},"EventData":{"Data":[{"@Name":"RuleName","#text":"-"},{"@Name":"UtcTime","#text":"2025-04-30 08:13:58.921"},{"@Name":"ProcessGuid","#text":"dbf410b3-dbc6-6811-7101-000000004400"},{"@Name":"ProcessId","#text":"10004"},{"@Name":"Image","#text":"C:\\Windows\\WinSxS\\amd64_microsoft-windows-servicingstack_31bf3856ad364e35_10.0.19041.5676_none_7dfafd007c9b4e44\\TiWorker.exe"},{"@Name":"FileVersion","#text":"10.0.19041.5676 (WinBuild.160101.0800)"},{"@Name":"Description","#text":"Windows Modules Installer Worker"},{"@Name":"Product","#text":"Microsoft® Windows® Operating System"},{"@Name":"Company","#text":"Microsoft Corporation"},{"@Name":"OriginalFileName","#text":"TiWorker.exe"},{"@Name":"CommandLine","#text":"C:\\Windows\\winsxs\\amd64_microsoft-windows-servicingstack_31bf3856ad364e35_10.0.19041.5676_none_7dfafd007c9b4e44\\TiWorker.exe -Embedding"},{"@Name":"CurrentDirectory","#text":"C:\\Windows\\system32\\"},{"@Name":"User","#text":"NT AUTHORITY\\SYSTEM"},{"@Name":"LogonGuid","#text":"dbf410b3-f6db-6811-e703-000000000000"},{"@Name":"LogonId","#text":"0x3E7"},{"@Name":"TerminalSessionId","#text":"0"},{"@Name":"IntegrityLevel","#text":"System"},{"@Name":"Hashes","#text":"SHA256=882DABAFFA4F7C0502B1AD20C8D38A5EFD4AAA06ED2B4907D5F0A5700BB50A19"},{"@Name":"ParentProcessGuid","#text":"00000000-0000-0000-0000-000000000000"},{"@Name":"ParentProcessId","#text":"784"},{"@Name":"ParentImage","#text":"-"},{"@Name":"ParentCommandLine","#text":"-"},{"@Name":"ParentUser","#text":"-"}]}}}
{"Event":{"System":{"Provider":{"@Name":"Microsoft-Windows-Sysmon","@Guid":"5770385f-c22a-43e0-bf4c-06f5698ffbd9"},"EventID":"5","Version":"3","Level":"4","Task":"5","Opcode":"0","Keywords":"0x8000000000000000","TimeCreated":{"@SystemTime":"2025-04-30 08:13:59.6719517"},"EventRecordID":"53531","Correlation":null,"Execution":{"@ProcessID":"2632","@ThreadID":"4140"},"Channel":"Microsoft-Windows-Sysmon/Operational","Computer":"Server002","Security":{"@UserID":"S-1-5-18"}},"EventData":{"Data":[{"@Name":"RuleName","#text":"-"},{"@Name":"UtcTime","#text":"2025-04-30 08:13:59.670"},{"@Name":"ProcessGuid","#text":"dbf410b3-dad9-6811-aa00-000000004400"},{"@Name":"ProcessId","#text":"7108"},{"@Name":"Image","#text":"C:\\ProgramData\\Microsoft\\Windows Defender\\Platform\\4.18.24080.9-0\\NisSrv.exe"},{"@Name":"User","#text":"NT AUTHORITY\\LOCAL SERVICE"}]}}}
{"Event":{"System":{"Provider":{"@Name":"Microsoft-Windows-Sysmon","@Guid":"5770385f-c22a-43e0-bf4c-06f5698ffbd9"},"EventID":"5","Version":"3","Level":"4","Task":"5","Opcode":"0","Keywords":"0x8000000000000000","TimeCreated":{"@SystemTime":"2025-04-30 08:13:59.7920220"},"EventRecordID":"53532","Correlation":null,"Execution":{"@ProcessID":"2632","@ThreadID":"4140"},"Channel":"Microsoft-Windows-Sysmon/Operational","Computer":"Server002","Security":{"@UserID":"S-1-5-18"}},"EventData":{"Data":[{"@Name":"RuleName","#text":"-"},{"@Name":"UtcTime","#text":"2025-04-30 08:13:59.791"},{"@Name":"ProcessGuid","#text":"dbf410b3-dbc2-6811-6f01-000000004400"},{"@Name":"ProcessId","#text":"10740"},{"@Name":"Image","#text":"C:\\Program Files (x86)\\Microsoft\\Edge\\Application\\msedge.exe"},{"@Name":"User","#text":"SERVER002\\lplui"}]}}}
{"Event":{"System":{"Provider":{"@Name":"Microsoft-Windows-Sysmon","@Guid":"5770385f-c22a-43e0-bf4c-06f5698ffbd9"},"EventID":"1","Version":"5","Level":"4","Task":"1","Opcode":"0","Keywords":"0x8000000000000000","TimeCreated":{"@SystemTime":"2025-04-30 08:13:59.8385330"},"EventRecordID":"53533","Correlation":null,"Execution":{"@ProcessID":"2632","@ThreadID":"4140"},"Channel":"Microsoft-Windows-Sysmon/Operational","Computer":"Server002","Security":{"@UserID":"S-1-5-18"}},"EventData":{"Data":[{"@Name":"RuleName","#text":"-"},{"@Name":"UtcTime","#text":"2025-04-30 08:13:59.801"},{"@Name":"ProcessGuid","#text":"dbf410b3-dbc7-6811-7201-000000004400"},{"@Name":"ProcessId","#text":"6872"},{"@Name":"Image","#text":"C:\\Windows\\System32\\svchost.exe"},{"@Name":"FileVersion","#text":"10.0.19041.4355 (WinBuild.160101.0800)"},{"@Name":"Description","#text":"Host Process for Windows Services"},{"@Name":"Product","#text":"Microsoft® Windows® Operating System"},{"@Name":"Company","#text":"Microsoft Corporation"},{"@Name":"OriginalFileName","#text":"svchost.exe"},{"@Name":"CommandLine","#text":"C:\\Windows\\system32\\svchost.exe -k netsvcs -p -s wisvc"},{"@Name":"CurrentDirectory","#text":"C:\\Windows\\system32\\"},{"@Name":"User","#text":"NT AUTHORITY\\SYSTEM"},{"@Name":"LogonGuid","#text":"dbf410b3-f6db-6811-e703-000000000000"},{"@Name":"LogonId","#text":"0x3E7"},{"@Name":"TerminalSessionId","#text":"0"},{"@Name":"IntegrityLevel","#text":"System"},{"@Name":"Hashes","#text":"SHA256=6FC3BF1FDFD76860BE782554F8D25BD32F108DB934D70F4253F1E5F23522E503"},{"@Name":"ParentProcessGuid","#text":"00000000-0000-0000-0000-000000000000"},{"@Name":"ParentProcessId","#text":"668"},{"@Name":"ParentImage","#text":"-"},{"@Name":"ParentCommandLine","#text":"-"},{"@Name":"ParentUser","#text":"-"}]}}}
{"Event":{"System":{"Provider":{"@Name":"Microsoft-Windows-Sysmon","@Guid":"5770385f-c22a-43e0-bf4c-06f5698ffbd9"},"EventID":"5","Version":"3","Level":"4","Task":"5","Opcode":"0","Keywords":"0x8000000000000000","TimeCreated":{"@SystemTime":"2025-04-30 08:14:02.3124310"},"EventRecordID":"53534","Correlation":null,"Execution":{"@ProcessID":"2632","@ThreadID":"4140"},"Channel":"Microsoft-Windows-Sysmon/Operational","Computer":"Server002","Security":{"@UserID":"S-1-5-18"}},"EventData":{"Data":[{"@Name":"RuleName","#text":"-"},{"@Name":"UtcTime","#text":"2025-04-30 08:14:02.308"},{"@Name":"ProcessGuid","#text":"dbf410b3-dac1-6811-5000-000000004400"},{"@Name":"ProcessId","#text":"3152"},{"@Name":"Image","#text":"C:\\ProgramData\\Microsoft\\Windows Defender\\Platform\\4.18.24080.9-0\\MsMpEng.exe"},{"@Name":"User","#text":"NT AUTHORITY\\SYSTEM"}]}}}
{"Event":{"System":{"Provider":{"@Name":"Microsoft-Windows-Sysmon","@Guid":"5770385f-c22a-43e0-bf4c-06f5698ffbd9"},"EventID":"5","Version":"3","Level":"4","Task":"5","Opcode":"0","Keywords":"0x8000000000000000","TimeCreated":{"@SystemTime":"2025-04-30 08:14:02.3171076"},"EventRecordID":"53535","Correlation":null,"Execution":{"@ProcessID":"2632","@ThreadID":"4140"},"Channel":"Microsoft-Windows-Sysmon/Operational","Computer":"Server002","Security":{"@UserID":"S-1-5-18"}},"EventData":{"Data":[{"@Name":"RuleName","#text":"-"},{"@Name":"UtcTime","#text":"2025-04-30 08:14:02.313"},{"@Name":"ProcessGuid","#text":"dbf410b3-db3e-6811-0301-000000004400"},{"@Name":"ProcessId","#text":"7820"},{"@Name":"Image","#text":"C:\\Windows\\System32\\svchost.exe"},{"@Name":"User","#text":"NT AUTHORITY\\SYSTEM"}]}}}
{"Event":{"System":{"Provider":{"@Name":"Microsoft-Windows-Sysmon","@Guid":"5770385f-c22a-43e0-bf4c-06f5698ffbd9"},"EventID":"1","Version":"5","Level":"4","Task":"1","Opcode":"0","Keywords":"0x8000000000000000","TimeCreated":{"@SystemTime":"2025-04-30 08:14:02.9369728"},"EventRecordID":"53536","Correlation":null,"Execution":{"@ProcessID":"2632","@ThreadID":"4140"},"Channel":"Microsoft-Windows-Sysmon/Operational","Computer":"Server002","Security":{"@UserID":"S-1-5-18"}},"EventData":{"Data":[{"@Name":"RuleName","#text":"-"},{"@Name":"UtcTime","#text":"2025-04-30 08:14:02.922"},{"@Name":"ProcessGuid","#text":"dbf410b3-dbca-6811-7301-000000004400"},{"@Name":"ProcessId","#text":"9508"},{"@Name":"Image","#text":"C:\\Windows\\System32\\dllhost.exe"},{"@Name":"FileVersion","#text":"10.0.19041.3636 (WinBuild.160101.0800)"},{"@Name":"Description","#text":"COM Surrogate"},{"@Name":"Product","#text":"Microsoft® Windows® Operating System"},{"@Name":"Company","#text":"Microsoft Corporation"},{"@Name":"OriginalFileName","#text":"dllhost.exe"},{"@Name":"CommandLine","#text":"C:\\Windows\\system32\\DllHost.exe /Processid:{AA65DD7C-83AC-48C0-A6FD-9B61FEBF8800}"},{"@Name":"CurrentDirectory","#text":"C:\\Windows\\system32\\"},{"@Name":"User","#text":"NT AUTHORITY\\NETWORK SERVICE"},{"@Name":"LogonGuid","#text":"dbf410b3-f6dc-6811-e403-000000000000"},{"@Name":"LogonId","#text":"0x3E4"},{"@Name":"TerminalSessionId","#text":"0"},{"@Name":"IntegrityLevel","#text":"System"},{"@Name":"Hashes","#text":"SHA256=0309834D40475CCD5A88C48F7FF5EC62E5C6798900357DD83665C3D0345124E0"},{"@Name":"ParentProcessGuid","#text":"00000000-0000-0000-0000-000000000000"},{"@Name":"ParentProcessId","#text":"784"},{"@Name":"ParentImage","#text":"-"},{"@Name":"ParentCommandLine","#text":"-"},{"@Name":"ParentUser","#text":"-"}]}}}
{"Event":{"System":{"Provider":{"@Name":"Microsoft-Windows-Sysmon","@Guid":"5770385f-c22a-43e0-bf4c-06f5698ffbd9"},"EventID":"5","Version":"3","Level":"4","Task":"5","Opcode":"0","Keywords":"0x8000000000000000","TimeCreated":{"@SystemTime":"2025-04-30 08:14:06.0038813"},"EventRecordID":"53537","Correlation":null,"Execution":{"@ProcessID":"2632","@ThreadID":"4140"},"Channel":"Microsoft-Windows-Sysmon/Operational","Computer":"Server002","Security":{"@UserID":"S-1-5-18"}},"EventData":{"Data":[{"@Name":"RuleName","#text":"-"},{"@Name":"UtcTime","#text":"2025-04-30 08:14:06.002"},{"@Name":"ProcessGuid","#text":"dbf410b3-dbba-6811-6901-000000004400"},{"@Name":"ProcessId","#text":"4192"},{"@Name":"Image","#text":"C:\\ProgramData\\Microsoft\\Windows Defender\\Platform\\4.18.24080.9-0\\MpCmdRun.exe"},{"@Name":"User","#text":"NT AUTHORITY\\SYSTEM"}]}}}
{"Event":{"System":{"Provider":{"@Name":"Microsoft-Windows-Sysmon","@Guid":"5770385f-c22a-43e0-bf4c-06f5698ffbd9"},"EventID":"5","Version":"3","Level":"4","Task":"5","Opcode":"0","Keywords":"0x8000000000000000","TimeCreated":{"@SystemTime":"2025-04-30 08:14:06.0148521"},"EventRecordID":"53538","Correlation":null,"Execution":{"@ProcessID":"2632","@ThreadID":"4140"},"Channel":"Microsoft-Windows-Sysmon/Operational","Computer":"Server002","Security":{"@UserID":"S-1-5-18"}},"EventData":{"Data":[{"@Name":"RuleName","#text":"-"},{"@Name":"UtcTime","#text":"2025-04-30 08:14:06.014"},{"@Name":"ProcessGuid","#text":"dbf410b3-dbba-6811-6a01-000000004400"},{"@Name":"ProcessId","#text":"7888"},{"@Name":"Image","#text":"C:\\Windows\\System32\\conhost.exe"},{"@Name":"User","#text":"NT AUTHORITY\\SYSTEM"}]}}}
{"Event":{"System":{"Provider":{"@Name":"Microsoft-Windows-Sysmon","@Guid":"5770385f-c22a-43e0-bf4c-06f5698ffbd9"},"EventID":"5","Version":"3","Level":"4","Task":"5","Opcode":"0","Keywords":"0x8000000000000000","TimeCreated":{"@SystemTime":"2025-04-30 08:14:08.5877748"},"EventRecordID":"53539","Correlation":null,"Execution":{"@ProcessID":"2632","@ThreadID":"4140"},"Channel":"Microsoft-Windows-Sysmon/Operational","Computer":"Server002","Security":{"@UserID":"S-1-5-18"}},"EventData":{"Data":[{"@Name":"RuleName","#text":"-"},{"@Name":"UtcTime","#text":"2025-04-30 08:14:08.585"},{"@Name":"ProcessGuid","#text":"dbf410b3-dbca-6811-7301-000000004400"},{"@Name":"ProcessId","#text":"9508"},{"@Name":"Image","#text":"C:\\Windows\\System32\\dllhost.exe"},{"@Name":"User","#text":"NT AUTHORITY\\NETWORK SERVICE"}]}}}
{"Event":{"System":{"Provider":{"@Name":"Microsoft-Windows-Sysmon","@Guid":"5770385f-c22a-43e0-bf4c-06f5698ffbd9"},"EventID":"5","Version":"3","Level":"4","Task":"5","Opcode":"0","Keywords":"0x8000000000000000","TimeCreated":{"@SystemTime":"2025-04-30 08:14:10.6596204"},"EventRecordID":"53540","Correlation":null,"Execution":{"@ProcessID":"2632","@ThreadID":"4140"},"Channel":"Microsoft-Windows-Sysmon/Operational","Computer":"Server002","Security":{"@UserID":"S-1-5-18"}},"EventData":{"Data":[{"@Name":"RuleName","#text":"-"},{"@Name":"UtcTime","#text":"2025-04-30 08:14:10.658"},{"@Name":"ProcessGuid","#text":"dbf410b3-dacf-6811-8800-000000004400"},{"@Name":"ProcessId","#text":"5232"},{"@Name":"Image","#text":"C:\\Program Files (x86)\\Microsoft Office\\root\\vfs\\ProgramFilesCommonX86\\Microsoft Shared\\Office16\\opushutil.exe"},{"@Name":"User","#text":"SERVER002\\lplui"}]}}}
{"Event":{"System":{"Provider":{"@Name":"Microsoft-Windows-Sysmon","@Guid":"5770385f-c22a-43e0-bf4c-06f5698ffbd9"},"EventID":"5","Version":"3","Level":"4","Task":"5","Opcode":"0","Keywords":"0x8000000000000000","TimeCreated":{"@SystemTime":"2025-04-30 08:14:22.6276514"},"EventRecordID":"53541","Correlation":null,"Execution":{"@ProcessID":"2632","@ThreadID":"4140"},"Channel":"Microsoft-Windows-Sysmon/Operational","Computer":"Server002","Security":{"@UserID":"S-1-5-18"}},"EventData":{"Data":[{"@Name":"RuleName","#text":"-"},{"@Name":"UtcTime","#text":"2025-04-30 08:14:22.625"},{"@Name":"ProcessGuid","#text":"dbf410b3-dbaf-6811-5701-000000004400"},{"@Name":"ProcessId","#text":"2204"},{"@Name":"Image","#text":"C:\\Windows\\System32\\DeviceCensus.exe"},{"@Name":"User","#text":"NT AUTHORITY\\SYSTEM"}]}}}
