{"Event":{"System":{"Provider":{"@Name":"Microsoft-Windows-Kernel-Boot","@Guid":"15ca44ff-4d7a-4baa-bba5-0998955e531e"},"EventID":"32","Version":"0","Level":"4","Task":"58","Opcode":"0","Keywords":"0x8000000000000000","TimeCreated":{"@SystemTime":"2025-04-16 17:25:57.6331676"},"EventRecordID":"3502","Correlation":null,"Execution":{"@ProcessID":"4","@ThreadID":"8"},"Channel":"System","Computer":"Server002","Security":{"@UserID":"S-1-5-18"}},"EventData":{"Data":{"@Name":"BitlockerUserInputTime","#text":"0"}}}}
{"Event":{"System":{"Provider":{"@Name":"Microsoft-Windows-Kernel-General","@Guid":"a68ca8b7-004f-d7b6-a698-07e2de0f1f5d"},"EventID":"20","Version":"0","Level":"4","Task":"6","Opcode":"0","Keywords":"0x8000000000000010","TimeCreated":{"@SystemTime":"2025-04-16 17:25:57.6373414"},"EventRecordID":"3503","Correlation":null,"Execution":{"@ProcessID":"4","@ThreadID":"8"},"Channel":"System","Computer":"Server002","Security":{"@UserID":"S-1-5-18"}},"EventData":{"Data":[{"@Name":"UpdateReason","#text":"0"},{"@Name":"EnabledNew","#text":"True"},{"@Name":"CountNew","#text":"0"},{"@Name":"CountOld","#text":"0"}]}}}
{"Event":{"System":{"Provider":{"@Name":"Microsoft-Windows-HAL","@Guid":"63d1e632-95cc-4443-9312-af927761d52a"},"EventID":"16","Version":"0","Level":"4","Task":"0","Opcode":"0","Keywords":"0x8000000000000000","TimeCreated":{"@SystemTime":"2025-04-16 17:25:57.7768860"},"EventRecordID":"3504","Correlation":null,"Execution":{"@ProcessID":"4","@ThreadID":"8"},"Channel":"System","Computer":"Server002","Security":{"@UserID":"S-1-5-18"}},"EventData":""}}
{"Event":{"System":{"Provider":{"@Name":"Microsoft-Windows-FilterManager","@Guid":"f3c5e28e-63f6-49c7-a204-e48a1bc4b09d"},"EventID":"6","Version":"0","Level":"4","Task":"0","Opcode":"0","Keywords":"0x8000000000000000","TimeCreated":{"@SystemTime":"2025-04-16 17:25:58.6629298"},"EventRecordID":"3505","Correlation":null,"Execution":{"@ProcessID":"4","@ThreadID":"8"},"Channel":"System","Computer":"Server002","Security":{"@UserID":"S-1-5-18"}},"EventData":{"Data":[{"@Name":"FinalStatus","#text":"0x0"},{"@Name":"DeviceVersionMajor","#text":"10"},{"@Name":"DeviceVersionMinor","#text":"0"},{"@Name":"DeviceNameLength","#text":"8"},{"@Name":"DeviceName","#text":"FileInfo"},{"@Name":"DeviceTime","#text":"2062-12-23 06:21:06.0000000"}]}}}
{"Event":{"System":{"Provider":{"@Name":"Microsoft-Windows-FilterManager","@Guid":"f3c5e28e-63f6-49c7-a204-e48a1bc4b09d"},"EventID":"6","Version":"0","Level":"4","Task":"0","Opcode":"0","Keywords":"0x8000000000000000","TimeCreated":{"@SystemTime":"2025-04-16 17:25:58.6636281"},"EventRecordID":"3506","Correlation":null,"Execution":{"@ProcessID":"4","@ThreadID":"8"},"Channel":"System","Computer":"Server002","Security":{"@UserID":"S-1-5-18"}},"EventData":{"Data":[{"@Name":"FinalStatus","#text":"0x0"},{"@Name":"DeviceVersionMajor","#text":"10"},{"@Name":"DeviceVersionMinor","#text":"0"},{"@Name":"DeviceNameLength","#text":"3"},{"@Name":"DeviceName","#text":"Wof"},{"@Name":"DeviceTime","#text":"2090-03-16 19:56:17.0000000"}]}}}
{"Event":{"System":{"Provider":{"@Name":"Microsoft-Windows-FilterManager","@Guid":"f3c5e28e-63f6-49c7-a204-e48a1bc4b09d"},"EventID":"6","Version":"0","Level":"4","Task":"0","Opcode":"0","Keywords":"0x8000000000000000","TimeCreated":{"@SystemTime":"2025-04-16 17:25:58.6651625"},"EventRecordID":"3507","Correlation":null,"Execution":{"@ProcessID":"4","@ThreadID":"8"},"Channel":"System","Computer":"Server002","Security":{"@UserID":"S-1-5-18"}},"EventData":{"Data":[{"@Name":"FinalStatus","#text":"0x0"},{"@Name":"DeviceVersionMajor","#text":"10"},{"@Name":"DeviceVersionMinor","#text":"0"},{"@Name":"DeviceNameLength","#text":"8"},{"@Name":"DeviceName","#text":"WdFilter"},{"@Name":"DeviceTime","#text":"1993-12-21 16:29:16.0000000"}]}}}
{"Event":{"System":{"Provider":{"@Name":"Microsoft-Windows-FilterManager","@Guid":"f3c5e28e-63f6-49c7-a204-e48a1bc4b09d"},"EventID":"6","Version":"0","Level":"4","Task":"0","Opcode":"0","Keywords":"0x8000000000000000","TimeCreated":{"@SystemTime":"2025-04-16 17:26:01.4352374"},"EventRecordID":"3508","Correlation":null,"Execution":{"@ProcessID":"4","@ThreadID":"8"},"Channel":"System","Computer":"Server002","Security":{"@UserID":"S-1-5-18"}},"EventData":{"Data":[{"@Name":"FinalStatus","#text":"0x0"},{"@Name":"DeviceVersionMajor","#text":"0"},{"@Name":"DeviceVersionMinor","#text":"0"},{"@Name":"DeviceNameLength","#text":"9"},{"@Name":"DeviceName","#text":"SysmonDrv"},{"@Name":"DeviceTime","#text":"2024-07-22 16:29:55.0000000"}]}}}
{"Event":{"System":{"Provider":{"@Name":"Microsoft-Windows-Ntfs","@Guid":"3ff37a1c-a68d-4d6e-8c9b-f79e8b16c482"},"EventID":"98","Version":"0","Level":"4","Task":"0","Opcode":"0","Keywords":"0x8000000000000002","TimeCreated":{"@SystemTime":"2025-04-16 17:26:13.6495747"},"EventRecordID":"3509","Correlation":null,"Execution":{"@ProcessID":"4","@ThreadID":"112"},"Channel":"System","Computer":"Server002","Security":{"@UserID":"S-1-5-18"}},"EventData":{"Data":[{"@Name":"DriveName","#text":"C:"},{"@Name":"DeviceName","#text":"\\Device\\HarddiskVolume2"},{"@Name":"CorruptionActionState","#text":"0"}]}}}
{"Event":{"System":{"Provider":{"@Name":"Microsoft-Windows-FilterManager","@Guid":"f3c5e28e-63f6-49c7-a204-e48a1bc4b09d"},"EventID":"6","Version":"0","Level":"4","Task":"0","Opcode":"0","Keywords":"0x8000000000000000","TimeCreated":{"@SystemTime":"2025-04-16 17:26:14.3444107"},"EventRecordID":"3510","Correlation":null,"Execution":{"@ProcessID":"4","@ThreadID":"8"},"Channel":"System","Computer":"Server002","Security":{"@UserID":"S-1-5-18"}},"EventData":{"Data":[{"@Name":"FinalStatus","#text":"0x0"},{"@Name":"DeviceVersionMajor","#text":"10"},{"@Name":"DeviceVersionMinor","#text":"0"},{"@Name":"DeviceNameLength","#text":"9"},{"@Name":"DeviceName","#text":"FileCrypt"},{"@Name":"DeviceTime","#text":"2002-03-01 12:12:42.0000000"}]}}}
{"Event":{"System":{"Provider":{"@Name":"Microsoft-Windows-FilterManager","@Guid":"f3c5e28e-63f6-49c7-a204-e48a1bc4b09d"},"EventID":"6","Version":"0","Level":"4","Task":"0","Opcode":"0","Keywords":"0x8000000000000000","TimeCreated":{"@SystemTime":"2025-04-16 17:26:17.7529435"},"EventRecordID":"3511","Correlation":null,"Execution":{"@ProcessID":"4","@ThreadID":"8"},"Channel":"System","Computer":"Server002","Security":{"@UserID":"S-1-5-18"}},"EventData":{"Data":[{"@Name":"FinalStatus","#text":"0x0"},{"@Name":"DeviceVersionMajor","#text":"10"},{"@Name":"DeviceVersionMinor","#text":"0"},{"@Name":"DeviceNameLength","#text":"9"},{"@Name":"DeviceName","#text":"npsvctrig"},{"@Name":"DeviceTime","#text":"2025-01-06 03:41:12.0000000"}]}}}
{"Event":{"System":{"Provider":{"@Name":"Microsoft-Windows-Ntfs","@Guid":"3ff37a1c-a68d-4d6e-8c9b-f79e8b16c482"},"EventID":"98","Version":"0","Level":"4","Task":"0","Opcode":"0","Keywords":"0x8000000000000002","TimeCreated":{"@SystemTime":"2025-04-16 17:26:18.5441096"},"EventRecordID":"3512","Correlation":null,"Execution":{"@ProcessID":"4","@ThreadID":"280"},"Channel":"System","Computer":"Server002","Security":{"@UserID":"S-1-5-18"}},"EventData":{"Data":[{"@Name":"DriveName","#text":"\\\\?\\Volume{8c181ea3-0000-0000-0000-100000000000}"},{"@Name":"DeviceName","#text":"\\Device\\HarddiskVolume1"},{"@Name":"CorruptionActionState","#text":"0"}]}}}
{"Event":{"System":{"Provider":{"@Name":"Microsoft-Windows-Kernel-Power","@Guid":"331c3b3a-2005-44c2-ac5e-77220c37d6b4"},"EventID":"41","Version":"8","Level":"1","Task":"63","Opcode":"0","Keywords":"0x8000400000000002","TimeCreated":{"@SystemTime":"2025-04-16 17:26:18.6817596"},"EventRecordID":"3513","Correlation":null,"Execution":{"@ProcessID":"4","@ThreadID":"8"},"Channel":"System","Computer":"Server002","Security":{"@UserID":"S-1-5-18"}},"EventData":{"Data":[{"@Name":"BugcheckCode","#text":"0"},{"@Name":"BugcheckParameter1","#text":"0x0"},{"@Name":"BugcheckParameter2","#text":"0x0"},{"@Name":"BugcheckParameter3","#text":"0x0"},{"@Name":"BugcheckParameter4","#text":"0x0"},{"@Name":"SleepInProgress","#text":"0"},{"@Name":"PowerButtonTimestamp","#text":"0"},{"@Name":"BootAppStatus","#text":"0"},{"@Name":"Checkpoint","#text":"0"},{"@Name":"ConnectedStandbyInProgress","#text":"False"},{"@Name":"SystemSleepTransitionsToOn","#text":"0"},{"@Name":"CsEntryScenarioInstanceId","#text":"0"},{"@Name":"BugcheckInfoFromEFI","#text":"False"},{"@Name":"CheckpointStatus","#text":"0"},{"@Name":"CsEntryScenarioInstanceIdV2","#text":"0"},{"@Name":"LongPowerButtonPressDetected","#text":"False"}]}}}
{"Event":{"System":{"Provider":{"@Name":"Microsoft-Windows-Kernel-Power","@Guid":"331c3b3a-2005-44c2-ac5e-77220c37d6b4"},"EventID":"172","Version":"0","Level":"4","Task":"203","Opcode":"0","Keywords":"0x8000000000000404","TimeCreated":{"@SystemTime":"2025-04-16 17:26:18.6870901"},"EventRecordID":"3514","Correlation":null,"Execution":{"@ProcessID":"4","@ThreadID":"352"},"Channel":"System","Computer":"Server002","Security":{"@UserID":"S-1-5-18"}},"EventData":{"Data":[{"@Name":"State","#text":"2"},{"@Name":"Reason","#text":"6"}]}}}
{"Event":{"System":{"Provider":{"@Name":"Microsoft-Windows-Kernel-Processor-Power","@Guid":"0f67e49f-fe51-4e9f-b490-6f2948cc6027"},"EventID":"55","Version":"0","Level":"4","Task":"47","Opcode":"0","Keywords":"0x8000000000000000","TimeCreated":{"@SystemTime":"2025-04-16 17:26:19.5128902"},"EventRecordID":"3515","Correlation":null,"Execution":{"@ProcessID":"4","@ThreadID":"280"},"Channel":"System","Computer":"Server002","Security":{"@UserID":"S-1-5-18"}},"EventData":{"Data":[{"@Name":"Group","#text":"0"},{"@Name":"Number","#text":"0"},{"@Name":"IdleStateCount","#text":"1"},{"@Name":"IdleImplementation","#text":"1"},{"@Name":"NominalFrequency","#text":"2419"},{"@Name":"MaximumPerformancePercent","#text":"100"},{"@Name":"MinimumPerformancePercent","#text":"100"},{"@Name":"MinimumThrottlePercent","#text":"100"},{"@Name":"PerformanceImplementation","#text":"0"}]}}}
{"Event":{"System":{"Provider":{"@Name":"Microsoft-Windows-Kernel-Processor-Power","@Guid":"0f67e49f-fe51-4e9f-b490-6f2948cc6027"},"EventID":"55","Version":"0","Level":"4","Task":"47","Opcode":"0","Keywords":"0x8000000000000000","TimeCreated":{"@SystemTime":"2025-04-16 17:26:19.5169167"},"EventRecordID":"3516","Correlation":null,"Execution":{"@ProcessID":"4","@ThreadID":"280"},"Channel":"System","Computer":"Server002","Security":{"@UserID":"S-1-5-18"}},"EventData":{"Data":[{"@Name":"Group","#text":"0"},{"@Name":"Number","#text":"1"},{"@Name":"IdleStateCount","#text":"1"},{"@Name":"IdleImplementation","#text":"1"},{"@Name":"NominalFrequency","#text":"2419"},{"@Name":"MaximumPerformancePercent","#text":"100"},{"@Name":"MinimumPerformancePercent","#text":"100"},{"@Name":"MinimumThrottlePercent","#text":"100"},{"@Name":"PerformanceImplementation","#text":"0"}]}}}
{"Event":{"System":{"Provider":{"@Name":"Microsoft-Windows-Kernel-Power","@Guid":"331c3b3a-2005-44c2-ac5e-77220c37d6b4"},"EventID":"521","Version":"0","Level":"4","Task":"220","Opcode":"0","Keywords":"0x8000000000000404","TimeCreated":{"@SystemTime":"2025-04-16 17:26:19.5681697"},"EventRecordID":"3517","Correlation":null,"Execution":{"@ProcessID":"4","@ThreadID":"308"},"Channel":"System","Computer":"Server002","Security":{"@UserID":"S-1-5-18"}},"EventData":{"Data":[{"@Name":"ValidBatteryCount","#text":"0"},{"@Name":"ErrorBatteryCount","#text":"0"},{"@Name":"AbandonedBatteryCount","#text":"0"}]}}}
{"Event":{"System":{"Provider":{"@Name":"Microsoft-Windows-Kernel-Power","@Guid":"331c3b3a-2005-44c2-ac5e-77220c37d6b4"},"EventID":"521","Version":"0","Level":"4","Task":"220","Opcode":"0","Keywords":"0x8000000000000404","TimeCreated":{"@SystemTime":"2025-04-16 17:26:19.5718189"},"EventRecordID":"3518","Correlation":null,"Execution":{"@ProcessID":"4","@ThreadID":"308"},"Channel":"System","Computer":"Server002","Security":{"@UserID":"S-1-5-18"}},"EventData":{"Data":[{"@Name":"ValidBatteryCount","#text":"1"},{"@Name":"ErrorBatteryCount","#text":"0"},{"@Name":"AbandonedBatteryCount","#text":"0"}]}}}
{"Event":{"System":{"Provider":{"@Name":"Microsoft-Windows-Ntfs","@Guid":"3ff37a1c-a68d-4d6e-8c9b-f79e8b16c482"},"EventID":"98","Version":"0","Level":"4","Task":"0","Opcode":"0","Keywords":"0x8000000000000002","TimeCreated":{"@SystemTime":"2025-04-16 17:26:29.5940298"},"EventRecordID":"3519","Correlation":null,"Execution":{"@ProcessID":"4","@ThreadID":"352"},"Channel":"System","Computer":"Server002","Security":{"@UserID":"S-1-5-18"}},"EventData":{"Data":[{"@Name":"DriveName","#text":"\\\\?\\Volume{8c181ea3-0000-0000-0000-c05e0c000000}"},{"@Name":"DeviceName","#text":"\\Device\\HarddiskVolume3"},{"@Name":"CorruptionActionState","#text":"0"}]}}}
{"Event":{"System":{"Provider":{"@Name":"Microsoft-Windows-Kernel-General","@Guid":"a68ca8b7-004f-d7b6-a698-07e2de0f1f5d"},"EventID":"16","Version":"0","Level":"4","Task":"0","Opcode":"0","Keywords":"0x8000000000000000","TimeCreated":{"@SystemTime":"2025-04-16 17:26:30.0536581"},"EventRecordID":"3520","Correlation":null,"Execution":{"@ProcessID":"92","@ThreadID":"404"},"Channel":"System","Computer":"Server002","Security":{"@UserID":"S-1-5-18"}},"EventData":{"Data":[{"@Name":"HiveNameLength","#text":"36"},{"@Name":"HiveName","#text":"\\SystemRoot\\System32\\Config\\SECURITY"},{"@Name":"KeysUpdated","#text":"72"},{"@Name":"DirtyPages","#text":"4"}]}}}
{"Event":{"System":{"Provider":{"@Name":"Microsoft-Windows-Kernel-General","@Guid":"a68ca8b7-004f-d7b6-a698-07e2de0f1f5d"},"EventID":"16","Version":"0","Level":"4","Task":"0","Opcode":"0","Keywords":"0x8000000000000000","TimeCreated":{"@SystemTime":"2025-04-16 17:26:30.1048493"},"EventRecordID":"3521","Correlation":null,"Execution":{"@ProcessID":"92","@ThreadID":"420"},"Channel":"System","Computer":"Server002","Security":{"@UserID":"S-1-5-18"}},"EventData":{"Data":[{"@Name":"HiveNameLength","#text":"31"},{"@Name":"HiveName","#text":"\\SystemRoot\\System32\\Config\\SAM"},{"@Name":"KeysUpdated","#text":"63"},{"@Name":"DirtyPages","#text":"8"}]}}}
{"Event":{"System":{"Provider":{"@Name":"Microsoft-Windows-Kernel-General","@Guid":"a68ca8b7-004f-d7b6-a698-07e2de0f1f5d"},"EventID":"16","Version":"0","Level":"4","Task":"0","Opcode":"0","Keywords":"0x8000000000000000","TimeCreated":{"@SystemTime":"2025-04-16 17:26:30.1150469"},"EventRecordID":"3522","Correlation":null,"Execution":{"@ProcessID":"92","@ThreadID":"416"},"Channel":"System","Computer":"Server002","Security":{"@UserID":"S-1-5-18"}},"EventData":{"Data":[{"@Name":"HiveNameLength","#text":"35"},{"@Name":"HiveName","#text":"\\SystemRoot\\System32\\Config\\DEFAULT"},{"@Name":"KeysUpdated","#text":"247"},{"@Name":"DirtyPages","#text":"38"}]}}}
{"Event":{"System":{"Provider":{"@Name":"Microsoft-Windows-Kernel-General","@Guid":"a68ca8b7-004f-d7b6-a698-07e2de0f1f5d"},"EventID":"15","Version":"0","Level":"4","Task":"10","Opcode":"0","Keywords":"0x8000000000000000","TimeCreated":{"@SystemTime":"2025-04-16 17:26:34.5914850"},"EventRecordID":"3523","Correlation":null,"Execution":{"@ProcessID":"92","@ThreadID":"408"},"Channel":"System","Computer":"Server002","Security":{"@UserID":"S-1-5-18"}},"EventData":{"Data":[{"@Name":"HiveNameLength","#text":"36"},{"@Name":"HiveName","#text":"\\SystemRoot\\System32\\Config\\SOFTWARE"},{"@Name":"OriginalSize","#text":"77750272"},{"@Name":"NewSize","#text":"72998912"}]}}}
{"Event":{"System":{"Provider":{"@Name":"Microsoft-Windows-Kernel-General","@Guid":"a68ca8b7-004f-d7b6-a698-07e2de0f1f5d"},"EventID":"24","Version":"0","Level":"4","Task":"11","Opcode":"0","Keywords":"0x8000000000000010","TimeCreated":{"@SystemTime":"2025-04-16 17:26:34.7023098"},"EventRecordID":"3524","Correlation":null,"Execution":{"@ProcessID":"92","@ThreadID":"440"},"Channel":"System","Computer":"Server002","Security":{"@UserID":"S-1-5-18"}},"EventData":{"Data":[{"@Name":"ExitReason","#text":"0"},{"@Name":"CurrentBias","#text":"-60"},{"@Name":"CurrentTimeZoneID","#text":"2"},{"@Name":"TimeZoneInfoCacheUpdated","#text":"0"},{"@Name":"FirstRefresh","#text":"0"}]}}}
{"Event":{"System":{"Provider":{"@Name":"Microsoft-Windows-Kernel-General","@Guid":"a68ca8b7-004f-d7b6-a698-07e2de0f1f5d"},"EventID":"16","Version":"0","Level":"4","Task":"0","Opcode":"0","Keywords":"0x8000000000000000","TimeCreated":{"@SystemTime":"2025-04-16 17:26:34.7317112"},"EventRecordID":"3525","Correlation":null,"Execution":{"@ProcessID":"364","@ThreadID":"368"},"Channel":"System","Computer":"Server002","Security":{"@UserID":"S-1-5-18"}},"EventData":{"Data":[{"@Name":"HiveNameLength","#text":"32"},{"@Name":"HiveName","#text":"\\Device\\HarddiskVolume1\\Boot\\BCD"},{"@Name":"KeysUpdated","#text":"28"},{"@Name":"DirtyPages","#text":"5"}]}}}
{"Event":{"System":{"Provider":{"@Name":"Microsoft-Windows-Wininit","@Guid":"206f6dea-d3c5-4d10-bc72-989f03c8b84b"},"EventID":"14","Version":"0","Level":"4","Task":"0","Opcode":"0","Keywords":"0x4000000000000000","TimeCreated":{"@SystemTime":"2025-04-16 17:26:36.3872099"},"EventRecordID":"3526","Correlation":null,"Execution":{"@ProcessID":"532","@ThreadID":"536"},"Channel":"System","Computer":"Server002","Security":{"@UserID":"S-1-5-18"}},"EventData":{"Data":[{"@Name":"Config","#text":"0"},{"@Name":"IsTestConfig","#text":"0"}]}}}
{"Event":{"System":{"Provider":{"@Name":"Microsoft-Windows-Directory-Services-SAM","@Guid":"0d4fdc09-8c27-494a-bda0-505e4fd8adae"},"EventID":"16962","Version":"0","Level":"4","Task":"0","Opcode":"0","Keywords":"0x8000000000000000","TimeCreated":{"@SystemTime":"2025-04-16 17:26:36.7960868"},"EventRecordID":"3527","Correlation":{"@ActivityID":"9d8150b0-aef4-0000-4851-819df4aedb01"},"Execution":{"@ProcessID":"692","@ThreadID":"696"},"Channel":"System","Computer":"Server002","Security":{"@UserID":"S-1-5-18"}},"EventData":{"@Name":"SAMMSG_RESTRICT_REMOTE_SAM_DEFAULT_SD","Data":{"@Name":"Default SD String:","#text":"O:SYG:SYD:(A;;RC;;;BA)"}}}}
{"Event":{"System":{"Provider":{"@Name":"Microsoft-Windows-Directory-Services-SAM","@Guid":"0d4fdc09-8c27-494a-bda0-505e4fd8adae"},"EventID":"16977","Version":"0","Level":"4","Task":"0","Opcode":"0","Keywords":"0x8000000000000000","TimeCreated":{"@SystemTime":"2025-04-16 17:26:36.9294830"},"EventRecordID":"3528","Correlation":{"@ActivityID":"9d8150b0-aef4-0000-4851-819df4aedb01"},"Execution":{"@ProcessID":"692","@ThreadID":"696"},"Channel":"System","Computer":"Server002","Security":{"@UserID":"S-1-5-18"}},"EventData":{"@Name":"SAMMSG_MINPWDLEN_SETTINGS_IN_EFFECT","Data":[{"@Name":"MinimumPasswordLength","#text":"0"},{"@Name":"RelaxMinimumPasswordLengthLimits","#text":"0"},{"@Name":"MinimumPasswordLengthAudit","#text":"-1"}]}}}
{"Event":{"System":{"Provider":{"@Name":"Microsoft-Windows-Directory-Services-SAM","@Guid":"0d4fdc09-8c27-494a-bda0-505e4fd8adae"},"EventID":"16983","Version":"0","Level":"4","Task":"0","Opcode":"0","Keywords":"0x8000000000000000","TimeCreated":{"@SystemTime":"2025-04-16 17:26:36.9294884"},"EventRecordID":"3529","Correlation":{"@ActivityID":"9d8150b0-aef4-0000-4851-819df4aedb01"},"Execution":{"@ProcessID":"692","@ThreadID":"696"},"Channel":"System","Computer":"Server002","Security":{"@UserID":"S-1-5-18"}},"EventData":{"@Name":"SAMMSG_AUDIT_LEGACY_PWD_RPC_METHODS_OFF"}}}
{"Event":{"System":{"Provider":{"@Name":"Microsoft-Windows-Kernel-General","@Guid":"a68ca8b7-004f-d7b6-a698-07e2de0f1f5d"},"EventID":"16","Version":"0","Level":"4","Task":"0","Opcode":"0","Keywords":"0x8000000000000000","TimeCreated":{"@SystemTime":"2025-04-16 17:26:38.9855667"},"EventRecordID":"3530","Correlation":null,"Execution":{"@ProcessID":"676","@ThreadID":"680"},"Channel":"System","Computer":"Server002","Security":{"@UserID":"S-1-5-18"}},"EventData":{"Data":[{"@Name":"HiveNameLength","#text":"56"},{"@Name":"HiveName","#text":"\\??\\C:\\Windows\\ServiceProfiles\\NetworkService\\NTUSER.DAT"},{"@Name":"KeysUpdated","#text":"98"},{"@Name":"DirtyPages","#text":"18"}]}}}
{"Event":{"System":{"Provider":{"@Name":"Microsoft-Windows-Kernel-General","@Guid":"a68ca8b7-004f-d7b6-a698-07e2de0f1f5d"},"EventID":"16","Version":"0","Level":"4","Task":"0","Opcode":"0","Keywords":"0x8000000000000000","TimeCreated":{"@SystemTime":"2025-04-16 17:26:39.3743481"},"EventRecordID":"3531","Correlation":null,"Execution":{"@ProcessID":"676","@ThreadID":"764"},"Channel":"System","Computer":"Server002","Security":{"@UserID":"S-1-5-18"}},"EventData":{"Data":[{"@Name":"HiveNameLength","#text":"54"},{"@Name":"HiveName","#text":"\\??\\C:\\Windows\\ServiceProfiles\\LocalService\\NTUSER.DAT"},{"@Name":"KeysUpdated","#text":"67"},{"@Name":"DirtyPages","#text":"20"}]}}}
{"Event":{"System":{"Provider":{"@Name":"Microsoft-Windows-Kernel-General","@Guid":"a68ca8b7-004f-d7b6-a698-07e2de0f1f5d"},"EventID":"16","Version":"0","Level":"4","Task":"0","Opcode":"0","Keywords":"0x8000000000000000","TimeCreated":{"@SystemTime":"2025-04-16 17:26:39.3814555"},"EventRecordID":"3532","Correlation":null,"Execution":{"@ProcessID":"792","@ThreadID":"988"},"Channel":"System","Computer":"Server002","Security":{"@UserID":"S-1-5-18"}},"EventData":{"Data":[{"@Name":"HiveNameLength","#text":"31"},{"@Name":"HiveName","#text":"\\SystemRoot\\System32\\Config\\BBI"},{"@Name":"KeysUpdated","#text":"870"},{"@Name":"DirtyPages","#text":"204"}]}}}
{"Event":{"System":{"Provider":{"@Name":"Microsoft-Windows-FilterManager","@Guid":"f3c5e28e-63f6-49c7-a204-e48a1bc4b09d"},"EventID":"6","Version":"0","Level":"4","Task":"0","Opcode":"0","Keywords":"0x8000000000000000","TimeCreated":{"@SystemTime":"2025-04-16 17:26:40.0124545"},"EventRecordID":"3533","Correlation":null,"Execution":{"@ProcessID":"4","@ThreadID":"192"},"Channel":"System","Computer":"Server002","Security":{"@UserID":"S-1-5-18"}},"EventData":{"Data":[{"@Name":"FinalStatus","#text":"0x0"},{"@Name":"DeviceVersionMajor","#text":"10"},{"@Name":"DeviceVersionMinor","#text":"0"},{"@Name":"DeviceNameLength","#text":"5"},{"@Name":"DeviceName","#text":"luafv"},{"@Name":"DeviceTime","#text":"1990-08-12 03:07:40.0000000"}]}}}
{"Event":{"System":{"Provider":{"@Name":"Microsoft-Windows-FilterManager","@Guid":"f3c5e28e-63f6-49c7-a204-e48a1bc4b09d"},"EventID":"6","Version":"0","Level":"4","Task":"0","Opcode":"0","Keywords":"0x8000000000000000","TimeCreated":{"@SystemTime":"2025-04-16 17:26:40.0614703"},"EventRecordID":"3534","Correlation":null,"Execution":{"@ProcessID":"4","@ThreadID":"280"},"Channel":"System","Computer":"Server002","Security":{"@UserID":"S-1-5-18"}},"EventData":{"Data":[{"@Name":"FinalStatus","#text":"0x0"},{"@Name":"DeviceVersionMajor","#text":"10"},{"@Name":"DeviceVersionMinor","#text":"0"},{"@Name":"DeviceNameLength","#text":"5"},{"@Name":"DeviceName","#text":"wcifs"},{"@Name":"DeviceTime","#text":"2047-08-27 06:28:50.0000000"}]}}}
{"Event":{"System":{"Provider":{"@Name":"Microsoft-Windows-FilterManager","@Guid":"f3c5e28e-63f6-49c7-a204-e48a1bc4b09d"},"EventID":"6","Version":"0","Level":"4","Task":"0","Opcode":"0","Keywords":"0x8000000000000000","TimeCreated":{"@SystemTime":"2025-04-16 17:26:40.1332797"},"EventRecordID":"3535","Correlation":null,"Execution":{"@ProcessID":"4","@ThreadID":"192"},"Channel":"System","Computer":"Server002","Security":{"@UserID":"S-1-5-18"}},"EventData":{"Data":[{"@Name":"FinalStatus","#text":"0x0"},{"@Name":"DeviceVersionMajor","#text":"10"},{"@Name":"DeviceVersionMinor","#text":"0"},{"@Name":"DeviceNameLength","#text":"6"},{"@Name":"DeviceName","#text":"CldFlt"},{"@Name":"DeviceTime","#text":"2014-10-26 22:15:08.0000000"}]}}}
{"Event":{"System":{"Provider":{"@Name":"Microsoft-Windows-FilterManager","@Guid":"f3c5e28e-63f6-49c7-a204-e48a1bc4b09d"},"EventID":"1","Version":"0","Level":"4","Task":"0","Opcode":"0","Keywords":"0x8000000000000000","TimeCreated":{"@SystemTime":"2025-04-16 17:26:40.1343038"},"EventRecordID":"3536","Correlation":null,"Execution":{"@ProcessID":"4","@ThreadID":"192"},"Channel":"System","Computer":"Server002","Security":{"@UserID":"S-1-5-18"}},"EventData":{"Data":[{"@Name":"FinalStatus","#text":"0x0"},{"@Name":"DeviceVersionMajor","#text":"10"},{"@Name":"DeviceVersionMinor","#text":"0"},{"@Name":"DeviceNameLength","#text":"6"},{"@Name":"DeviceName","#text":"CldFlt"},{"@Name":"DeviceTime","#text":"2014-10-26 22:15:08.0000000"}]}}}
{"Event":{"System":{"Provider":{"@Name":"Microsoft-Windows-FilterManager","@Guid":"f3c5e28e-63f6-49c7-a204-e48a1bc4b09d"},"EventID":"6","Version":"0","Level":"4","Task":"0","Opcode":"0","Keywords":"0x8000000000000000","TimeCreated":{"@SystemTime":"2025-04-16 17:26:40.1345845"},"EventRecordID":"3537","Correlation":null,"Execution":{"@ProcessID":"4","@ThreadID":"192"},"Channel":"System","Computer":"Server002","Security":{"@UserID":"S-1-5-18"}},"EventData":{"Data":[{"@Name":"FinalStatus","#text":"0x0"},{"@Name":"DeviceVersionMajor","#text":"10"},{"@Name":"DeviceVersionMinor","#text":"0"},{"@Name":"DeviceNameLength","#text":"6"},{"@Name":"DeviceName","#text":"CldFlt"},{"@Name":"DeviceTime","#text":"2014-10-26 22:15:08.0000000"}]}}}
{"Event":{"System":{"Provider":{"@Name":"Microsoft-Windows-FilterManager","@Guid":"f3c5e28e-63f6-49c7-a204-e48a1bc4b09d"},"EventID":"6","Version":"0","Level":"4","Task":"0","Opcode":"0","Keywords":"0x8000000000000000","TimeCreated":{"@SystemTime":"2025-04-16 17:26:40.1683007"},"EventRecordID":"3538","Correlation":null,"Execution":{"@ProcessID":"4","@ThreadID":"192"},"Channel":"System","Computer":"Server002","Security":{"@UserID":"S-1-5-18"}},"EventData":{"Data":[{"@Name":"FinalStatus","#text":"0x0"},{"@Name":"DeviceVersionMajor","#text":"10"},{"@Name":"DeviceVersionMinor","#text":"0"},{"@Name":"DeviceNameLength","#text":"10"},{"@Name":"DeviceName","#text":"storqosflt"},{"@Name":"DeviceTime","#text":"2010-08-23 14:03:45.0000000"}]}}}
{"Event":{"System":{"Provider":{"@Name":"Microsoft-Windows-FilterManager","@Guid":"f3c5e28e-63f6-49c7-a204-e48a1bc4b09d"},"EventID":"6","Version":"0","Level":"4","Task":"0","Opcode":"0","Keywords":"0x8000000000000000","TimeCreated":{"@SystemTime":"2025-04-16 17:26:40.1943387"},"EventRecordID":"3539","Correlation":null,"Execution":{"@ProcessID":"4","@ThreadID":"192"},"Channel":"System","Computer":"Server002","Security":{"@UserID":"S-1-5-18"}},"EventData":{"Data":[{"@Name":"FinalStatus","#text":"0x0"},{"@Name":"DeviceVersionMajor","#text":"10"},{"@Name":"DeviceVersionMinor","#text":"0"},{"@Name":"DeviceNameLength","#text":"4"},{"@Name":"DeviceName","#text":"UCPD"},{"@Name":"DeviceTime","#text":"1985-02-14 00:46:35.0000000"}]}}}
{"Event":{"System":{"Provider":{"@Name":"Microsoft-Windows-FilterManager","@Guid":"f3c5e28e-63f6-49c7-a204-e48a1bc4b09d"},"EventID":"6","Version":"0","Level":"4","Task":"0","Opcode":"0","Keywords":"0x8000000000000000","TimeCreated":{"@SystemTime":"2025-04-16 17:26:40.2293500"},"EventRecordID":"3540","Correlation":null,"Execution":{"@ProcessID":"4","@ThreadID":"280"},"Channel":"System","Computer":"Server002","Security":{"@UserID":"S-1-5-18"}},"EventData":{"Data":[{"@Name":"FinalStatus","#text":"0x0"},{"@Name":"DeviceVersionMajor","#text":"10"},{"@Name":"DeviceVersionMinor","#text":"0"},{"@Name":"DeviceNameLength","#text":"7"},{"@Name":"DeviceName","#text":"bindflt"},{"@Name":"DeviceTime","#text":"2057-01-08 23:08:59.0000000"}]}}}
{"Event":{"System":{"Provider":{"@Name":"Microsoft-Windows-Dhcp-Client","@Guid":"15a7a4f8-0072-4eab-abad-f98a4d666aed"},"EventID":"50036","Version":"0","Level":"4","Task":"4","Opcode":"68","Keywords":"0x2000000000000000","TimeCreated":{"@SystemTime":"2025-04-16 17:26:40.3531672"},"EventRecordID":"3541","Correlation":null,"Execution":{"@ProcessID":"1312","@ThreadID":"1404"},"Channel":"System","Computer":"Server002","Security":{"@UserID":"S-1-5-19"}},"EventData":""}}
{"Event":{"System":{"Provider":{"@Name":"Microsoft-Windows-Dhcp-Client","@Guid":"15a7a4f8-0072-4eab-abad-f98a4d666aed"},"EventID":"50103","Version":"0","Level":"4","Task":"4","Opcode":"129","Keywords":"0x2000000000000000","TimeCreated":{"@SystemTime":"2025-04-16 17:26:40.3536708"},"EventRecordID":"3542","Correlation":null,"Execution":{"@ProcessID":"1312","@ThreadID":"1404"},"Channel":"System","Computer":"Server002","Security":{"@UserID":"S-1-5-19"}},"EventData":""}}
{"Event":{"System":{"Provider":{"@Name":"Microsoft-Windows-Kernel-General","@Guid":"a68ca8b7-004f-d7b6-a698-07e2de0f1f5d"},"EventID":"24","Version":"0","Level":"4","Task":"11","Opcode":"0","Keywords":"0x8000000000000010","TimeCreated":{"@SystemTime":"2025-04-16 15:26:42.2257059"},"EventRecordID":"3543","Correlation":null,"Execution":{"@ProcessID":"1320","@ThreadID":"1440"},"Channel":"System","Computer":"Server002","Security":{"@UserID":"S-1-5-18"}},"EventData":{"Data":[{"@Name":"ExitReason","#text":"0"},{"@Name":"CurrentBias","#text":"-60"},{"@Name":"CurrentTimeZoneID","#text":"2"},{"@Name":"TimeZoneInfoCacheUpdated","#text":"0"},{"@Name":"FirstRefresh","#text":"0"}]}}}
{"Event":{"System":{"Provider":{"@Name":"Microsoft-Windows-Kernel-General","@Guid":"a68ca8b7-004f-d7b6-a698-07e2de0f1f5d"},"EventID":"1","Version":"2","Level":"4","Task":"5","Opcode":"0","Keywords":"0x8000000000000010","TimeCreated":{"@SystemTime":"2025-04-16 15:26:42.2263290"},"EventRecordID":"3544","Correlation":null,"Execution":{"@ProcessID":"1320","@ThreadID":"1440"},"Channel":"System","Computer":"Server002","Security":{"@UserID":"S-1-5-18"}},"EventData":{"Data":[{"@Name":"NewTime","#text":"2025-04-16 15:26:42.2250000"},{"@Name":"OldTime","#text":"2025-04-16 17:26:40.3863848"},{"@Name":"Reason","#text":"1"},{"@Name":"ProcessName","#text":"\\Device\\HarddiskVolume2\\Windows\\System32\\VBoxService.exe"},{"@Name":"ProcessID","#text":"1320"}]}}}
{"Event":{"System":{"Provider":{"@Name":"Microsoft-Windows-DHCPv6-Client","@Guid":"6a1f2b00-6a90-4c38-95a5-5cab3b056778"},"EventID":"51046","Version":"0","Level":"4","Task":"4","Opcode":"62","Keywords":"0x2000000000000000","TimeCreated":{"@SystemTime":"2025-04-16 15:26:42.4670835"},"EventRecordID":"3545","Correlation":null,"Execution":{"@ProcessID":"1312","@ThreadID":"1640"},"Channel":"System","Computer":"Server002","Security":{"@UserID":"S-1-5-19"}},"EventData":""}}
{"Event":{"System":{"Provider":{"@Name":"Service Control Manager","@Guid":"{555908d1-a6d7-4695-8e1e-26931d2012f4}","@EventSourceName":"Service Control Manager"},"EventID":{"@Qualifiers":"49152","#text":"7026"},"Version":"0","Level":"4","Task":"0","Opcode":"0","Keywords":"0x8080000000000000","TimeCreated":{"@SystemTime":"2025-04-16 15:26:48.7613202"},"EventRecordID":"3546","Correlation":null,"Execution":{"@ProcessID":"676","@ThreadID":"680"},"Channel":"System","Computer":"Server002","Security":null},"EventData":{"Data":{"@Name":"param1","#text":", dam"}}}}
{"Event":{"System":{"Provider":{"@Name":"Microsoft-Windows-Kernel-General","@Guid":"a68ca8b7-004f-d7b6-a698-07e2de0f1f5d"},"EventID":"16","Version":"0","Level":"4","Task":"0","Opcode":"0","Keywords":"0x8000000000000000","TimeCreated":{"@SystemTime":"2025-04-16 15:26:57.9527128"},"EventRecordID":"3547","Correlation":null,"Execution":{"@ProcessID":"2772","@ThreadID":"5020"},"Channel":"System","Computer":"Server002","Security":{"@UserID":"S-1-5-18"}},"EventData":{"Data":[{"@Name":"HiveNameLength","#text":"45"},{"@Name":"HiveName","#text":"\\??\\C:\\Windows\\AppCompat\\Programs\\Amcache.hve"},{"@Name":"KeysUpdated","#text":"907"},{"@Name":"DirtyPages","#text":"365"}]}}}
{"Event":{"System":{"Provider":{"@Name":"Microsoft-Windows-Winlogon","@Guid":"dbe9b383-7cf3-4331-91cc-a3cb16a3b538"},"EventID":"7001","Version":"0","Level":"4","Task":"1101","Opcode":"0","Keywords":"0x2000200000000000","TimeCreated":{"@SystemTime":"2025-04-16 15:27:03.5364719"},"EventRecordID":"3548","Correlation":null,"Execution":{"@ProcessID":"600","@ThreadID":"2504"},"Channel":"System","Computer":"Server002","Security":{"@UserID":"S-1-5-18"}},"EventData":{"Data":[{"@Name":"TSId","#text":"1"},{"@Name":"UserSid","#text":"S-1-5-21-3962163828-2803415714-1403596700-1001"}]}}}
{"Event":{"System":{"Provider":{"@Name":"Microsoft-Windows-Kernel-General","@Guid":"a68ca8b7-004f-d7b6-a698-07e2de0f1f5d"},"EventID":"16","Version":"0","Level":"4","Task":"0","Opcode":"0","Keywords":"0x8000000000000000","TimeCreated":{"@SystemTime":"2025-04-16 15:27:03.6746539"},"EventRecordID":"3549","Correlation":null,"Execution":{"@ProcessID":"1428","@ThreadID":"1724"},"Channel":"System","Computer":"Server002","Security":{"@UserID":"S-1-5-18"}},"EventData":{"Data":[{"@Name":"HiveNameLength","#text":"29"},{"@Name":"HiveName","#text":"\\??\\C:\\Users\\lplui\\ntuser.dat"},{"@Name":"KeysUpdated","#text":"1295"},{"@Name":"DirtyPages","#text":"176"}]}}}
{"Event":{"System":{"Provider":{"@Name":"Microsoft-Windows-Kernel-General","@Guid":"a68ca8b7-004f-d7b6-a698-07e2de0f1f5d"},"EventID":"16","Version":"0","Level":"4","Task":"0","Opcode":"0","Keywords":"0x8000000000000000","TimeCreated":{"@SystemTime":"2025-04-16 15:27:03.8279148"},"EventRecordID":"3550","Correlation":null,"Execution":{"@ProcessID":"1428","@ThreadID":"1724"},"Channel":"System","Computer":"Server002","Security":{"@UserID":"S-1-5-18"}},"EventData":{"Data":[{"@Name":"HiveNameLength","#text":"63"},{"@Name":"HiveName","#text":"\\??\\C:\\Users\\lplui\\AppData\\Local\\Microsoft\\Windows\\UsrClass.dat"},{"@Name":"KeysUpdated","#text":"2244"},{"@Name":"DirtyPages","#text":"433"}]}}}
{"Event":{"System":{"Provider":{"@Name":"Microsoft-Windows-Kernel-General","@Guid":"a68ca8b7-004f-d7b6-a698-07e2de0f1f5d"},"EventID":"16","Version":"0","Level":"4","Task":"0","Opcode":"0","Keywords":"0x8000000000000000","TimeCreated":{"@SystemTime":"2025-04-16 15:27:05.2587878"},"EventRecordID":"3551","Correlation":null,"Execution":{"@ProcessID":"4","@ThreadID":"100"},"Channel":"System","Computer":"Server002","Security":{"@UserID":"S-1-5-18"}},"EventData":{"Data":[{"@Name":"HiveNameLength","#text":"35"},{"@Name":"HiveName","#text":"\\SystemRoot\\System32\\config\\DRIVERS"},{"@Name":"KeysUpdated","#text":"21272"},{"@Name":"DirtyPages","#text":"963"}]}}}
{"Event":{"System":{"Provider":{"@Name":"Microsoft-Windows-DistributedCOM","@Guid":"{1B562E86-B7AA-4131-BADC-B6F3A001407E}","@EventSourceName":"DCOM"},"EventID":{"@Qualifiers":"0","#text":"10016"},"Version":"0","Level":"3","Task":"0","Opcode":"0","Keywords":"0x8080000000000000","TimeCreated":{"@SystemTime":"2025-04-16 15:27:07.2641987"},"EventRecordID":"3552","Correlation":{"@ActivityID":"df477599-f5be-4a6b-8feb-c0a31ae3bfe4"},"Execution":{"@ProcessID":"912","@ThreadID":"904"},"Channel":"System","Computer":"Server002","Security":{"@UserID":"S-1-5-20"}},"EventData":{"Data":[{"@Name":"param1","#text":"machine-default"},{"@Name":"param2","#text":"Local"},{"@Name":"param3","#text":"Activation"},{"@Name":"param4","#text":"{F87B28F1-DA9A-4F35-8EC0-800EFCF26B83}"},{"@Name":"param5","#text":"{0868DC9B-D9A2-4F64-9362-133CEA201299}"},{"@Name":"param6","#text":"NT AUTHORITY"},{"@Name":"param7","#text":"NETWORK SERVICE"},{"@Name":"param8","#text":"S-1-5-20"},{"@Name":"param9","#text":"LocalHost (Using LRPC)"},{"@Name":"param10","#text":"Unavailable"},{"@Name":"param11","#text":"Unavailable"}]}}}
{"Event":{"System":{"Provider":{"@Name":"Microsoft-Windows-DistributedCOM","@Guid":"{1B562E86-B7AA-4131-BADC-B6F3A001407E}","@EventSourceName":"DCOM"},"EventID":{"@Qualifiers":"0","#text":"10016"},"Version":"0","Level":"3","Task":"0","Opcode":"0","Keywords":"0x8080000000000000","TimeCreated":{"@SystemTime":"2025-04-16 15:27:21.5901088"},"EventRecordID":"3553","Correlation":{"@ActivityID":"ad44c517-0155-4525-b84c-58faabedc4ac"},"Execution":{"@ProcessID":"912","@ThreadID":"2124"},"Channel":"System","Computer":"Server002","Security":{"@UserID":"S-1-5-20"}},"EventData":{"Data":[{"@Name":"param1","#text":"machine-default"},{"@Name":"param2","#text":"Local"},{"@Name":"param3","#text":"Activation"},{"@Name":"param4","#text":"{F87B28F1-DA9A-4F35-8EC0-800EFCF26B83}"},{"@Name":"param5","#text":"{0868DC9B-D9A2-4F64-9362-133CEA201299}"},{"@Name":"param6","#text":"NT AUTHORITY"},{"@Name":"param7","#text":"NETWORK SERVICE"},{"@Name":"param8","#text":"S-1-5-20"},{"@Name":"param9","#text":"LocalHost (Using LRPC)"},{"@Name":"param10","#text":"Unavailable"},{"@Name":"param11","#text":"Unavailable"}]}}}
{"Event":{"System":{"Provider":{"@Name":"Microsoft-Windows-Kernel-General","@Guid":"a68ca8b7-004f-d7b6-a698-07e2de0f1f5d"},"EventID":"16","Version":"0","Level":"4","Task":"0","Opcode":"0","Keywords":"0x8000000000000000","TimeCreated":{"@SystemTime":"2025-04-16 15:27:21.5985768"},"EventRecordID":"3554","Correlation":null,"Execution":{"@ProcessID":"704","@ThreadID":"6792"},"Channel":"System","Computer":"Server002","Security":{"@UserID":"S-1-5-21-3962163828-2803415714-1403596700-1001"}},"EventData":{"Data":[{"@Name":"HiveNameLength","#text":"115"},{"@Name":"HiveName","#text":"\\??\\C:\\Users\\lplui\\AppData\\Local\\Packages\\Microsoft.Windows.CloudExperienceHost_cw5n1h2txyewy\\Settings\\settings.dat"},{"@Name":"KeysUpdated","#text":"3"},{"@Name":"DirtyPages","#text":"1"}]}}}
{"Event":{"System":{"Provider":{"@Name":"Microsoft-Windows-DistributedCOM","@Guid":"{1B562E86-B7AA-4131-BADC-B6F3A001407E}","@EventSourceName":"DCOM"},"EventID":{"@Qualifiers":"0","#text":"10016"},"Version":"0","Level":"3","Task":"0","Opcode":"0","Keywords":"0x8080000000000000","TimeCreated":{"@SystemTime":"2025-04-16 15:27:21.5901088"},"EventRecordID":"3555","Correlation":{"@ActivityID":"ab61a3f3-3b80-472c-9875-916211f35806"},"Execution":{"@ProcessID":"912","@ThreadID":"1164"},"Channel":"System","Computer":"Server002","Security":{"@UserID":"S-1-5-20"}},"EventData":{"Data":[{"@Name":"param1","#text":"machine-default"},{"@Name":"param2","#text":"Local"},{"@Name":"param3","#text":"Activation"},{"@Name":"param4","#text":"{F87B28F1-DA9A-4F35-8EC0-800EFCF26B83}"},{"@Name":"param5","#text":"{0868DC9B-D9A2-4F64-9362-133CEA201299}"},{"@Name":"param6","#text":"NT AUTHORITY"},{"@Name":"param7","#text":"NETWORK SERVICE"},{"@Name":"param8","#text":"S-1-5-20"},{"@Name":"param9","#text":"LocalHost (Using LRPC)"},{"@Name":"param10","#text":"Unavailable"},{"@Name":"param11","#text":"Unavailable"}]}}}
{"Event":{"System":{"Provider":{"@Name":"Microsoft-Windows-Kernel-General","@Guid":"a68ca8b7-004f-d7b6-a698-07e2de0f1f5d"},"EventID":"16","Version":"0","Level":"4","Task":"0","Opcode":"0","Keywords":"0x8000000000000000","TimeCreated":{"@SystemTime":"2025-04-16 15:27:23.2935643"},"EventRecordID":"3556","Correlation":null,"Execution":{"@ProcessID":"704","@ThreadID":"6792"},"Channel":"System","Computer":"Server002","Security":{"@UserID":"S-1-5-21-3962163828-2803415714-1403596700-1001"}},"EventData":{"Data":[{"@Name":"HiveNameLength","#text":"104"},{"@Name":"HiveName","#text":"\\??\\C:\\Users\\lplui\\AppData\\Local\\Packages\\Microsoft.AAD.BrokerPlugin_cw5n1h2txyewy\\Settings\\settings.dat"},{"@Name":"KeysUpdated","#text":"5"},{"@Name":"DirtyPages","#text":"1"}]}}}
{"Event":{"System":{"Provider":{"@Name":"Microsoft-Windows-Kernel-General","@Guid":"a68ca8b7-004f-d7b6-a698-07e2de0f1f5d"},"EventID":"16","Version":"0","Level":"4","Task":"0","Opcode":"0","Keywords":"0x8000000000000000","TimeCreated":{"@SystemTime":"2025-04-16 15:27:23.5347160"},"EventRecordID":"3557","Correlation":null,"Execution":{"@ProcessID":"704","@ThreadID":"6796"},"Channel":"System","Computer":"Server002","Security":{"@UserID":"S-1-5-21-3962163828-2803415714-1403596700-1001"}},"EventData":{"Data":[{"@Name":"HiveNameLength","#text":"101"},{"@Name":"HiveName","#text":"\\??\\C:\\Users\\lplui\\AppData\\Local\\Packages\\Microsoft.BioEnrollment_cw5n1h2txyewy\\Settings\\settings.dat"},{"@Name":"KeysUpdated","#text":"3"},{"@Name":"DirtyPages","#text":"1"}]}}}
{"Event":{"System":{"Provider":{"@Name":"Microsoft-Windows-Kernel-General","@Guid":"a68ca8b7-004f-d7b6-a698-07e2de0f1f5d"},"EventID":"16","Version":"0","Level":"4","Task":"0","Opcode":"0","Keywords":"0x8000000000000000","TimeCreated":{"@SystemTime":"2025-04-16 15:27:25.9753510"},"EventRecordID":"3558","Correlation":null,"Execution":{"@ProcessID":"704","@ThreadID":"6792"},"Channel":"System","Computer":"Server002","Security":{"@UserID":"S-1-5-21-3962163828-2803415714-1403596700-1001"}},"EventData":{"Data":[{"@Name":"HiveNameLength","#text":"121"},{"@Name":"HiveName","#text":"\\??\\C:\\Users\\lplui\\AppData\\Local\\Packages\\Microsoft.Windows.OOBENetworkConnectionFlow_cw5n1h2txyewy\\Settings\\settings.dat"},{"@Name":"KeysUpdated","#text":"3"},{"@Name":"DirtyPages","#text":"1"}]}}}
{"Event":{"System":{"Provider":{"@Name":"Microsoft-Windows-Kernel-General","@Guid":"a68ca8b7-004f-d7b6-a698-07e2de0f1f5d"},"EventID":"16","Version":"0","Level":"4","Task":"0","Opcode":"0","Keywords":"0x8000000000000000","TimeCreated":{"@SystemTime":"2025-04-16 15:27:26.7300972"},"EventRecordID":"3559","Correlation":null,"Execution":{"@ProcessID":"704","@ThreadID":"6716"},"Channel":"System","Computer":"Server002","Security":{"@UserID":"S-1-5-21-3962163828-2803415714-1403596700-1001"}},"EventData":{"Data":[{"@Name":"HiveNameLength","#text":"120"},{"@Name":"HiveName","#text":"\\??\\C:\\Users\\lplui\\AppData\\Local\\Packages\\Microsoft.Windows.OOBENetworkCaptivePortal_cw5n1h2txyewy\\Settings\\settings.dat"},{"@Name":"KeysUpdated","#text":"3"},{"@Name":"DirtyPages","#text":"1"}]}}}
{"Event":{"System":{"Provider":{"@Name":"Microsoft-Windows-Kernel-General","@Guid":"a68ca8b7-004f-d7b6-a698-07e2de0f1f5d"},"EventID":"16","Version":"0","Level":"4","Task":"0","Opcode":"0","Keywords":"0x8000000000000000","TimeCreated":{"@SystemTime":"2025-04-16 15:27:28.1606400"},"EventRecordID":"3560","Correlation":null,"Execution":{"@ProcessID":"704","@ThreadID":"6792"},"Channel":"System","Computer":"Server002","Security":{"@UserID":"S-1-5-21-3962163828-2803415714-1403596700-1001"}},"EventData":{"Data":[{"@Name":"HiveNameLength","#text":"109"},{"@Name":"HiveName","#text":"\\??\\C:\\Users\\lplui\\AppData\\Local\\Packages\\MicrosoftWindows.UndockedDevKit_cw5n1h2txyewy\\Settings\\settings.dat"},{"@Name":"KeysUpdated","#text":"3"},{"@Name":"DirtyPages","#text":"1"}]}}}
{"Event":{"System":{"Provider":{"@Name":"Microsoft-Windows-Kernel-General","@Guid":"a68ca8b7-004f-d7b6-a698-07e2de0f1f5d"},"EventID":"16","Version":"0","Level":"4","Task":"0","Opcode":"0","Keywords":"0x8000000000000000","TimeCreated":{"@SystemTime":"2025-04-16 15:27:28.2944415"},"EventRecordID":"3561","Correlation":null,"Execution":{"@ProcessID":"7876","@ThreadID":"7904"},"Channel":"System","Computer":"Server002","Security":{"@UserID":"S-1-5-18"}},"EventData":{"Data":[{"@Name":"HiveNameLength","#text":"119"},{"@Name":"HiveName","#text":"\\??\\C:\\Windows\\ServiceProfiles\\NetworkService\\AppData\\Local\\Microsoft\\Windows\\DeliveryOptimization\\State\\dosvcState.dat"},{"@Name":"KeysUpdated","#text":"12"},{"@Name":"DirtyPages","#text":"6"}]}}}
{"Event":{"System":{"Provider":{"@Name":"Microsoft-Windows-Kernel-General","@Guid":"a68ca8b7-004f-d7b6-a698-07e2de0f1f5d"},"EventID":"16","Version":"0","Level":"4","Task":"0","Opcode":"0","Keywords":"0x8000000000000000","TimeCreated":{"@SystemTime":"2025-04-16 15:27:29.0457836"},"EventRecordID":"3562","Correlation":null,"Execution":{"@ProcessID":"704","@ThreadID":"6716"},"Channel":"System","Computer":"Server002","Security":{"@UserID":"S-1-5-21-3962163828-2803415714-1403596700-1001"}},"EventData":{"Data":[{"@Name":"HiveNameLength","#text":"119"},{"@Name":"HiveName","#text":"\\??\\C:\\Users\\lplui\\AppData\\Local\\Packages\\Microsoft.Windows.StartMenuExperienceHost_cw5n1h2txyewy\\Settings\\settings.dat"},{"@Name":"KeysUpdated","#text":"3"},{"@Name":"DirtyPages","#text":"1"}]}}}
{"Event":{"System":{"Provider":{"@Name":"Microsoft-Windows-Kernel-General","@Guid":"a68ca8b7-004f-d7b6-a698-07e2de0f1f5d"},"EventID":"16","Version":"0","Level":"4","Task":"0","Opcode":"0","Keywords":"0x8000000000000000","TimeCreated":{"@SystemTime":"2025-04-16 15:27:30.9236801"},"EventRecordID":"3563","Correlation":null,"Execution":{"@ProcessID":"704","@ThreadID":"6792"},"Channel":"System","Computer":"Server002","Security":{"@UserID":"S-1-5-21-3962163828-2803415714-1403596700-1001"}},"EventData":{"Data":[{"@Name":"HiveNameLength","#text":"115"},{"@Name":"HiveName","#text":"\\??\\C:\\Users\\lplui\\AppData\\Local\\Packages\\Microsoft.Windows.ShellExperienceHost_cw5n1h2txyewy\\Settings\\settings.dat"},{"@Name":"KeysUpdated","#text":"2"},{"@Name":"DirtyPages","#text":"1"}]}}}
{"Event":{"System":{"Provider":{"@Name":"Microsoft-Windows-Kernel-General","@Guid":"a68ca8b7-004f-d7b6-a698-07e2de0f1f5d"},"EventID":"16","Version":"0","Level":"4","Task":"0","Opcode":"0","Keywords":"0x8000000000000000","TimeCreated":{"@SystemTime":"2025-04-16 15:27:32.0153405"},"EventRecordID":"3564","Correlation":null,"Execution":{"@ProcessID":"704","@ThreadID":"6716"},"Channel":"System","Computer":"Server002","Security":{"@UserID":"S-1-5-21-3962163828-2803415714-1403596700-1001"}},"EventData":{"Data":[{"@Name":"HiveNameLength","#text":"102"},{"@Name":"HiveName","#text":"\\??\\C:\\Users\\lplui\\AppData\\Local\\Packages\\Microsoft.Windows.Search_cw5n1h2txyewy\\Settings\\settings.dat"},{"@Name":"KeysUpdated","#text":"32"},{"@Name":"DirtyPages","#text":"6"}]}}}
{"Event":{"System":{"Provider":{"@Name":"Microsoft-Windows-Kernel-General","@Guid":"a68ca8b7-004f-d7b6-a698-07e2de0f1f5d"},"EventID":"16","Version":"0","Level":"4","Task":"0","Opcode":"0","Keywords":"0x8000000000000000","TimeCreated":{"@SystemTime":"2025-04-16 15:27:33.4968163"},"EventRecordID":"3565","Correlation":null,"Execution":{"@ProcessID":"704","@ThreadID":"6792"},"Channel":"System","Computer":"Server002","Security":{"@UserID":"S-1-5-21-3962163828-2803415714-1403596700-1001"}},"EventData":{"Data":[{"@Name":"HiveNameLength","#text":"118"},{"@Name":"HiveName","#text":"\\??\\C:\\Users\\lplui\\AppData\\Local\\Packages\\Microsoft.Windows.ContentDeliveryManager_cw5n1h2txyewy\\Settings\\settings.dat"},{"@Name":"KeysUpdated","#text":"276"},{"@Name":"DirtyPages","#text":"31"}]}}}
{"Event":{"System":{"Provider":{"@Name":"Microsoft-Windows-Kernel-General","@Guid":"a68ca8b7-004f-d7b6-a698-07e2de0f1f5d"},"EventID":"16","Version":"0","Level":"4","Task":"0","Opcode":"0","Keywords":"0x8000000000000000","TimeCreated":{"@SystemTime":"2025-04-16 15:27:35.9510442"},"EventRecordID":"3566","Correlation":null,"Execution":{"@ProcessID":"704","@ThreadID":"6716"},"Channel":"System","Computer":"Server002","Security":{"@UserID":"S-1-5-21-3962163828-2803415714-1403596700-1001"}},"EventData":{"Data":[{"@Name":"HiveNameLength","#text":"105"},{"@Name":"HiveName","#text":"\\??\\C:\\Users\\lplui\\AppData\\Local\\Packages\\MicrosoftWindows.Client.CBS_cw5n1h2txyewy\\Settings\\settings.dat"},{"@Name":"KeysUpdated","#text":"2"},{"@Name":"DirtyPages","#text":"1"}]}}}
{"Event":{"System":{"Provider":{"@Name":"Microsoft-Windows-Kernel-General","@Guid":"a68ca8b7-004f-d7b6-a698-07e2de0f1f5d"},"EventID":"16","Version":"0","Level":"4","Task":"0","Opcode":"0","Keywords":"0x8000000000000000","TimeCreated":{"@SystemTime":"2025-04-16 15:27:37.3141261"},"EventRecordID":"3567","Correlation":null,"Execution":{"@ProcessID":"704","@ThreadID":"6716"},"Channel":"System","Computer":"Server002","Security":{"@UserID":"S-1-5-21-3962163828-2803415714-1403596700-1001"}},"EventData":{"Data":[{"@Name":"HiveNameLength","#text":"108"},{"@Name":"HiveName","#text":"\\??\\C:\\Users\\lplui\\AppData\\Local\\Packages\\Microsoft.MicrosoftEdge.Stable_8wekyb3d8bbwe\\Settings\\settings.dat"},{"@Name":"KeysUpdated","#text":"1"},{"@Name":"DirtyPages","#text":"1"}]}}}
{"Event":{"System":{"Provider":{"@Name":"Microsoft-Windows-WindowsUpdateClient","@Guid":"945a8954-c147-4acd-923f-40c45405a658"},"EventID":"44","Version":"1","Level":"4","Task":"1","Opcode":"12","Keywords":"0x8000000000002004","TimeCreated":{"@SystemTime":"2025-04-16 15:27:40.0910751"},"EventRecordID":"3568","Correlation":null,"Execution":{"@ProcessID":"4400","@ThreadID":"5264"},"Channel":"System","Computer":"Server002","Security":{"@UserID":"S-1-5-18"}},"EventData":{"Data":[{"@Name":"updateTitle","#text":"Security Intelligence Update for Microsoft Defender Antivirus - KB2267602 (Version 1.427.281.0) - Current Channel (Broad)"},{"@Name":"updateGuid","#text":"23f2263e-7775-487d-86df-4913f043b5f3"},{"@Name":"updateRevisionNumber","#text":"200"}]}}}
{"Event":{"System":{"Provider":{"@Name":"Microsoft-Windows-Kernel-General","@Guid":"a68ca8b7-004f-d7b6-a698-07e2de0f1f5d"},"EventID":"16","Version":"0","Level":"4","Task":"0","Opcode":"0","Keywords":"0x8000000000000000","TimeCreated":{"@SystemTime":"2025-04-16 15:27:42.9571396"},"EventRecordID":"3569","Correlation":null,"Execution":{"@ProcessID":"704","@ThreadID":"6716"},"Channel":"System","Computer":"Server002","Security":{"@UserID":"S-1-5-21-3962163828-2803415714-1403596700-1001"}},"EventData":{"Data":[{"@Name":"HiveNameLength","#text":"101"},{"@Name":"HiveName","#text":"\\??\\C:\\Users\\lplui\\AppData\\Local\\Packages\\Microsoft.549981C3F5F10_8wekyb3d8bbwe\\Settings\\settings.dat"},{"@Name":"KeysUpdated","#text":"3"},{"@Name":"DirtyPages","#text":"1"}]}}}
{"Event":{"System":{"Provider":{"@Name":"Microsoft-Windows-Kernel-General","@Guid":"a68ca8b7-004f-d7b6-a698-07e2de0f1f5d"},"EventID":"15","Version":"0","Level":"4","Task":"10","Opcode":"0","Keywords":"0x8000000000000000","TimeCreated":{"@SystemTime":"2025-04-16 15:27:43.7644013"},"EventRecordID":"3570","Correlation":null,"Execution":{"@ProcessID":"7492","@ThreadID":"6820"},"Channel":"System","Computer":"Server002","Security":{"@UserID":"S-1-5-18"}},"EventData":{"Data":[{"@Name":"HiveNameLength","#text":"41"},{"@Name":"HiveName","#text":"\\??\\C:\\Windows\\System32\\config\\COMPONENTS"},{"@Name":"OriginalSize","#text":"54558720"},{"@Name":"NewSize","#text":"43536384"}]}}}
