{"Event":{"System":{"Provider":{"@Name":"Microsoft-Windows-Sysmon","@Guid":"5770385f-c22a-43e0-bf4c-06f5698ffbd9"},"EventID":"1","Version":"5","Level":"4","Task":"1","Opcode":"0","Keywords":"0x8000000000000000","TimeCreated":{"@SystemTime":"2025-04-18 14:52:47.6144100"},"EventRecordID":"32377","Correlation":null,"Execution":{"@ProcessID":"3112","@ThreadID":"4188"},"Channel":"Microsoft-Windows-Sysmon/Operational","Computer":"Server002","Security":{"@UserID":"S-1-5-18"}},"EventData":{"Data":[{"@Name":"RuleName","#text":"-"},{"@Name":"UtcTime","#text":"2025-04-18 14:52:47.609"},{"@Name":"ProcessGuid","#text":"dbf410b3-673f-6802-9f04-000000003e00"},{"@Name":"ProcessId","#text":"2248"},{"@Name":"Image","#text":"C:\\Windows\\System32\\VBoxService.exe"},{"@Name":"FileVersion","#text":"7.0.18.162988"},{"@Name":"Description","#text":"VirtualBox Guest Additions Service"},{"@Name":"Product","#text":"Oracle VM VirtualBox Guest Additions"},{"@Name":"Company","#text":"Oracle and/or its affiliates"},{"@Name":"OriginalFileName","#text":"VBoxService.exe"},{"@Name":"CommandLine","#text":"vbox_stat --machinereadable -- F:/"},{"@Name":"CurrentDirectory","#text":"C:\\Windows\\system32\\"},{"@Name":"User","#text":"SERVER002\\testing"},{"@Name":"LogonGuid","#text":"dbf410b3-673f-6802-9e36-1c0100000000"},{"@Name":"LogonId","#text":"0x11C369E"},{"@Name":"TerminalSessionId","#text":"0"},{"@Name":"IntegrityLevel","#text":"Medium"},{"@Name":"Hashes","#text":"SHA256=2A4F84FFFDB283588DC9C771A9FB1900559180CE6EDE597C3195E21F1F9D676E"},{"@Name":"ParentProcessGuid","#text":"dbf410b3-673f-6802-9804-000000003e00"},{"@Name":"ParentProcessId","#text":"12944"},{"@Name":"ParentImage","#text":"C:\\Windows\\System32\\VBoxService.exe"},{"@Name":"ParentCommandLine","#text":"C:\\Windows\\System32\\VBoxService.exe guestsession --session-id=1 --session-proto=2 --user testing"},{"@Name":"ParentUser","#text":"SERVER002\\testing"}]}}}
{"Event":{"System":{"Provider":{"@Name":"Microsoft-Windows-Sysmon","@Guid":"5770385f-c22a-43e0-bf4c-06f5698ffbd9"},"EventID":"5","Version":"3","Level":"4","Task":"5","Opcode":"0","Keywords":"0x8000000000000000","TimeCreated":{"@SystemTime":"2025-04-18 14:52:47.6309389"},"EventRecordID":"32378","Correlation":null,"Execution":{"@ProcessID":"3112","@ThreadID":"4188"},"Channel":"Microsoft-Windows-Sysmon/Operational","Computer":"Server002","Security":{"@UserID":"S-1-5-18"}},"EventData":{"Data":[{"@Name":"RuleName","#text":"-"},{"@Name":"UtcTime","#text":"2025-04-18 14:52:47.626"},{"@Name":"ProcessGuid","#text":"dbf410b3-673f-6802-9f04-000000003e00"},{"@Name":"ProcessId","#text":"2248"},{"@Name":"Image","#text":"C:\\Windows\\System32\\VBoxService.exe"},{"@Name":"User","#text":"SERVER002\\testing"}]}}}
{"Event":{"System":{"Provider":{"@Name":"Microsoft-Windows-Sysmon","@Guid":"5770385f-c22a-43e0-bf4c-06f5698ffbd9"},"EventID":"1","Version":"5","Level":"4","Task":"1","Opcode":"0","Keywords":"0x8000000000000000","TimeCreated":{"@SystemTime":"2025-04-18 14:52:47.6435543"},"EventRecordID":"32379","Correlation":null,"Execution":{"@ProcessID":"3112","@ThreadID":"4188"},"Channel":"Microsoft-Windows-Sysmon/Operational","Computer":"Server002","Security":{"@UserID":"S-1-5-18"}},"EventData":{"Data":[{"@Name":"RuleName","#text":"-"},{"@Name":"UtcTime","#text":"2025-04-18 14:52:47.639"},{"@Name":"ProcessGuid","#text":"dbf410b3-673f-6802-a004-000000003e00"},{"@Name":"ProcessId","#text":"8920"},{"@Name":"Image","#text":"C:\\Windows\\System32\\VBoxService.exe"},{"@Name":"FileVersion","#text":"7.0.18.162988"},{"@Name":"Description","#text":"VirtualBox Guest Additions Service"},{"@Name":"Product","#text":"Oracle VM VirtualBox Guest Additions"},{"@Name":"Company","#text":"Oracle and/or its affiliates"},{"@Name":"OriginalFileName","#text":"VBoxService.exe"},{"@Name":"CommandLine","#text":"vbox_stat --machinereadable -- G:/"},{"@Name":"CurrentDirectory","#text":"C:\\Windows\\system32\\"},{"@Name":"User","#text":"SERVER002\\testing"},{"@Name":"LogonGuid","#text":"dbf410b3-673f-6802-9e36-1c0100000000"},{"@Name":"LogonId","#text":"0x11C369E"},{"@Name":"TerminalSessionId","#text":"0"},{"@Name":"IntegrityLevel","#text":"Medium"},{"@Name":"Hashes","#text":"SHA256=2A4F84FFFDB283588DC9C771A9FB1900559180CE6EDE597C3195E21F1F9D676E"},{"@Name":"ParentProcessGuid","#text":"dbf410b3-673f-6802-9804-000000003e00"},{"@Name":"ParentProcessId","#text":"12944"},{"@Name":"ParentImage","#text":"C:\\Windows\\System32\\VBoxService.exe"},{"@Name":"ParentCommandLine","#text":"C:\\Windows\\System32\\VBoxService.exe guestsession --session-id=1 --session-proto=2 --user testing"},{"@Name":"ParentUser","#text":"SERVER002\\testing"}]}}}
{"Event":{"System":{"Provider":{"@Name":"Microsoft-Windows-Sysmon","@Guid":"5770385f-c22a-43e0-bf4c-06f5698ffbd9"},"EventID":"5","Version":"3","Level":"4","Task":"5","Opcode":"0","Keywords":"0x8000000000000000","TimeCreated":{"@SystemTime":"2025-04-18 14:52:47.6619464"},"EventRecordID":"32380","Correlation":null,"Execution":{"@ProcessID":"3112","@ThreadID":"4188"},"Channel":"Microsoft-Windows-Sysmon/Operational","Computer":"Server002","Security":{"@UserID":"S-1-5-18"}},"EventData":{"Data":[{"@Name":"RuleName","#text":"-"},{"@Name":"UtcTime","#text":"2025-04-18 14:52:47.657"},{"@Name":"ProcessGuid","#text":"dbf410b3-673f-6802-a004-000000003e00"},{"@Name":"ProcessId","#text":"8920"},{"@Name":"Image","#text":"C:\\Windows\\System32\\VBoxService.exe"},{"@Name":"User","#text":"SERVER002\\testing"}]}}}
{"Event":{"System":{"Provider":{"@Name":"Microsoft-Windows-Sysmon","@Guid":"5770385f-c22a-43e0-bf4c-06f5698ffbd9"},"EventID":"1","Version":"5","Level":"4","Task":"1","Opcode":"0","Keywords":"0x8000000000000000","TimeCreated":{"@SystemTime":"2025-04-18 14:52:47.6742314"},"EventRecordID":"32381","Correlation":null,"Execution":{"@ProcessID":"3112","@ThreadID":"4188"},"Channel":"Microsoft-Windows-Sysmon/Operational","Computer":"Server002","Security":{"@UserID":"S-1-5-18"}},"EventData":{"Data":[{"@Name":"RuleName","#text":"-"},{"@Name":"UtcTime","#text":"2025-04-18 14:52:47.669"},{"@Name":"ProcessGuid","#text":"dbf410b3-673f-6802-a104-000000003e00"},{"@Name":"ProcessId","#text":"7860"},{"@Name":"Image","#text":"C:\\Windows\\System32\\VBoxService.exe"},{"@Name":"FileVersion","#text":"7.0.18.162988"},{"@Name":"Description","#text":"VirtualBox Guest Additions Service"},{"@Name":"Product","#text":"Oracle VM VirtualBox Guest Additions"},{"@Name":"Company","#text":"Oracle and/or its affiliates"},{"@Name":"OriginalFileName","#text":"VBoxService.exe"},{"@Name":"CommandLine","#text":"vbox_stat --machinereadable -- H:/"},{"@Name":"CurrentDirectory","#text":"C:\\Windows\\system32\\"},{"@Name":"User","#text":"SERVER002\\testing"},{"@Name":"LogonGuid","#text":"dbf410b3-673f-6802-9e36-1c0100000000"},{"@Name":"LogonId","#text":"0x11C369E"},{"@Name":"TerminalSessionId","#text":"0"},{"@Name":"IntegrityLevel","#text":"Medium"},{"@Name":"Hashes","#text":"SHA256=2A4F84FFFDB283588DC9C771A9FB1900559180CE6EDE597C3195E21F1F9D676E"},{"@Name":"ParentProcessGuid","#text":"dbf410b3-673f-6802-9804-000000003e00"},{"@Name":"ParentProcessId","#text":"12944"},{"@Name":"ParentImage","#text":"C:\\Windows\\System32\\VBoxService.exe"},{"@Name":"ParentCommandLine","#text":"C:\\Windows\\System32\\VBoxService.exe guestsession --session-id=1 --session-proto=2 --user testing"},{"@Name":"ParentUser","#text":"SERVER002\\testing"}]}}}
{"Event":{"System":{"Provider":{"@Name":"Microsoft-Windows-Sysmon","@Guid":"5770385f-c22a-43e0-bf4c-06f5698ffbd9"},"EventID":"5","Version":"3","Level":"4","Task":"5","Opcode":"0","Keywords":"0x8000000000000000","TimeCreated":{"@SystemTime":"2025-04-18 14:52:47.6936106"},"EventRecordID":"32382","Correlation":null,"Execution":{"@ProcessID":"3112","@ThreadID":"4188"},"Channel":"Microsoft-Windows-Sysmon/Operational","Computer":"Server002","Security":{"@UserID":"S-1-5-18"}},"EventData":{"Data":[{"@Name":"RuleName","#text":"-"},{"@Name":"UtcTime","#text":"2025-04-18 14:52:47.688"},{"@Name":"ProcessGuid","#text":"dbf410b3-673f-6802-a104-000000003e00"},{"@Name":"ProcessId","#text":"7860"},{"@Name":"Image","#text":"C:\\Windows\\System32\\VBoxService.exe"},{"@Name":"User","#text":"SERVER002\\testing"}]}}}
{"Event":{"System":{"Provider":{"@Name":"Microsoft-Windows-Sysmon","@Guid":"5770385f-c22a-43e0-bf4c-06f5698ffbd9"},"EventID":"1","Version":"5","Level":"4","Task":"1","Opcode":"0","Keywords":"0x8000000000000000","TimeCreated":{"@SystemTime":"2025-04-18 14:52:47.7063645"},"EventRecordID":"32383","Correlation":null,"Execution":{"@ProcessID":"3112","@ThreadID":"4188"},"Channel":"Microsoft-Windows-Sysmon/Operational","Computer":"Server002","Security":{"@UserID":"S-1-5-18"}},"EventData":{"Data":[{"@Name":"RuleName","#text":"-"},{"@Name":"UtcTime","#text":"2025-04-18 14:52:47.702"},{"@Name":"ProcessGuid","#text":"dbf410b3-673f-6802-a204-000000003e00"},{"@Name":"ProcessId","#text":"12304"},{"@Name":"Image","#text":"C:\\Windows\\System32\\VBoxService.exe"},{"@Name":"FileVersion","#text":"7.0.18.162988"},{"@Name":"Description","#text":"VirtualBox Guest Additions Service"},{"@Name":"Product","#text":"Oracle VM VirtualBox Guest Additions"},{"@Name":"Company","#text":"Oracle and/or its affiliates"},{"@Name":"OriginalFileName","#text":"VBoxService.exe"},{"@Name":"CommandLine","#text":"vbox_stat --machinereadable -- I:/"},{"@Name":"CurrentDirectory","#text":"C:\\Windows\\system32\\"},{"@Name":"User","#text":"SERVER002\\testing"},{"@Name":"LogonGuid","#text":"dbf410b3-673f-6802-9e36-1c0100000000"},{"@Name":"LogonId","#text":"0x11C369E"},{"@Name":"TerminalSessionId","#text":"0"},{"@Name":"IntegrityLevel","#text":"Medium"},{"@Name":"Hashes","#text":"SHA256=2A4F84FFFDB283588DC9C771A9FB1900559180CE6EDE597C3195E21F1F9D676E"},{"@Name":"ParentProcessGuid","#text":"dbf410b3-673f-6802-9804-000000003e00"},{"@Name":"ParentProcessId","#text":"12944"},{"@Name":"ParentImage","#text":"C:\\Windows\\System32\\VBoxService.exe"},{"@Name":"ParentCommandLine","#text":"C:\\Windows\\System32\\VBoxService.exe guestsession --session-id=1 --session-proto=2 --user testing"},{"@Name":"ParentUser","#text":"SERVER002\\testing"}]}}}
{"Event":{"System":{"Provider":{"@Name":"Microsoft-Windows-Sysmon","@Guid":"5770385f-c22a-43e0-bf4c-06f5698ffbd9"},"EventID":"5","Version":"3","Level":"4","Task":"5","Opcode":"0","Keywords":"0x8000000000000000","TimeCreated":{"@SystemTime":"2025-04-18 14:52:47.7238730"},"EventRecordID":"32384","Correlation":null,"Execution":{"@ProcessID":"3112","@ThreadID":"4188"},"Channel":"Microsoft-Windows-Sysmon/Operational","Computer":"Server002","Security":{"@UserID":"S-1-5-18"}},"EventData":{"Data":[{"@Name":"RuleName","#text":"-"},{"@Name":"UtcTime","#text":"2025-04-18 14:52:47.720"},{"@Name":"ProcessGuid","#text":"dbf410b3-673f-6802-a204-000000003e00"},{"@Name":"ProcessId","#text":"12304"},{"@Name":"Image","#text":"C:\\Windows\\System32\\VBoxService.exe"},{"@Name":"User","#text":"SERVER002\\testing"}]}}}
{"Event":{"System":{"Provider":{"@Name":"Microsoft-Windows-Sysmon","@Guid":"5770385f-c22a-43e0-bf4c-06f5698ffbd9"},"EventID":"1","Version":"5","Level":"4","Task":"1","Opcode":"0","Keywords":"0x8000000000000000","TimeCreated":{"@SystemTime":"2025-04-18 14:52:47.7364708"},"EventRecordID":"32385","Correlation":null,"Execution":{"@ProcessID":"3112","@ThreadID":"4188"},"Channel":"Microsoft-Windows-Sysmon/Operational","Computer":"Server002","Security":{"@UserID":"S-1-5-18"}},"EventData":{"Data":[{"@Name":"RuleName","#text":"-"},{"@Name":"UtcTime","#text":"2025-04-18 14:52:47.732"},{"@Name":"ProcessGuid","#text":"dbf410b3-673f-6802-a304-000000003e00"},{"@Name":"ProcessId","#text":"4892"},{"@Name":"Image","#text":"C:\\Windows\\System32\\VBoxService.exe"},{"@Name":"FileVersion","#text":"7.0.18.162988"},{"@Name":"Description","#text":"VirtualBox Guest Additions Service"},{"@Name":"Product","#text":"Oracle VM VirtualBox Guest Additions"},{"@Name":"Company","#text":"Oracle and/or its affiliates"},{"@Name":"OriginalFileName","#text":"VBoxService.exe"},{"@Name":"CommandLine","#text":"vbox_stat --machinereadable -- J:/"},{"@Name":"CurrentDirectory","#text":"C:\\Windows\\system32\\"},{"@Name":"User","#text":"SERVER002\\testing"},{"@Name":"LogonGuid","#text":"dbf410b3-673f-6802-9e36-1c0100000000"},{"@Name":"LogonId","#text":"0x11C369E"},{"@Name":"TerminalSessionId","#text":"0"},{"@Name":"IntegrityLevel","#text":"Medium"},{"@Name":"Hashes","#text":"SHA256=2A4F84FFFDB283588DC9C771A9FB1900559180CE6EDE597C3195E21F1F9D676E"},{"@Name":"ParentProcessGuid","#text":"dbf410b3-673f-6802-9804-000000003e00"},{"@Name":"ParentProcessId","#text":"12944"},{"@Name":"ParentImage","#text":"C:\\Windows\\System32\\VBoxService.exe"},{"@Name":"ParentCommandLine","#text":"C:\\Windows\\System32\\VBoxService.exe guestsession --session-id=1 --session-proto=2 --user testing"},{"@Name":"ParentUser","#text":"SERVER002\\testing"}]}}}
{"Event":{"System":{"Provider":{"@Name":"Microsoft-Windows-Sysmon","@Guid":"5770385f-c22a-43e0-bf4c-06f5698ffbd9"},"EventID":"5","Version":"3","Level":"4","Task":"5","Opcode":"0","Keywords":"0x8000000000000000","TimeCreated":{"@SystemTime":"2025-04-18 14:52:47.7562083"},"EventRecordID":"32386","Correlation":null,"Execution":{"@ProcessID":"3112","@ThreadID":"4188"},"Channel":"Microsoft-Windows-Sysmon/Operational","Computer":"Server002","Security":{"@UserID":"S-1-5-18"}},"EventData":{"Data":[{"@Name":"RuleName","#text":"-"},{"@Name":"UtcTime","#text":"2025-04-18 14:52:47.750"},{"@Name":"ProcessGuid","#text":"dbf410b3-673f-6802-a304-000000003e00"},{"@Name":"ProcessId","#text":"4892"},{"@Name":"Image","#text":"C:\\Windows\\System32\\VBoxService.exe"},{"@Name":"User","#text":"SERVER002\\testing"}]}}}
{"Event":{"System":{"Provider":{"@Name":"Microsoft-Windows-Sysmon","@Guid":"5770385f-c22a-43e0-bf4c-06f5698ffbd9"},"EventID":"1","Version":"5","Level":"4","Task":"1","Opcode":"0","Keywords":"0x8000000000000000","TimeCreated":{"@SystemTime":"2025-04-18 14:52:47.7655203"},"EventRecordID":"32387","Correlation":null,"Execution":{"@ProcessID":"3112","@ThreadID":"4188"},"Channel":"Microsoft-Windows-Sysmon/Operational","Computer":"Server002","Security":{"@UserID":"S-1-5-18"}},"EventData":{"Data":[{"@Name":"RuleName","#text":"-"},{"@Name":"UtcTime","#text":"2025-04-18 14:52:47.762"},{"@Name":"ProcessGuid","#text":"dbf410b3-673f-6802-a404-000000003e00"},{"@Name":"ProcessId","#text":"10984"},{"@Name":"Image","#text":"C:\\Windows\\System32\\VBoxService.exe"},{"@Name":"FileVersion","#text":"7.0.18.162988"},{"@Name":"Description","#text":"VirtualBox Guest Additions Service"},{"@Name":"Product","#text":"Oracle VM VirtualBox Guest Additions"},{"@Name":"Company","#text":"Oracle and/or its affiliates"},{"@Name":"OriginalFileName","#text":"VBoxService.exe"},{"@Name":"CommandLine","#text":"vbox_stat --machinereadable -- K:/"},{"@Name":"CurrentDirectory","#text":"C:\\Windows\\system32\\"},{"@Name":"User","#text":"SERVER002\\testing"},{"@Name":"LogonGuid","#text":"dbf410b3-673f-6802-9e36-1c0100000000"},{"@Name":"LogonId","#text":"0x11C369E"},{"@Name":"TerminalSessionId","#text":"0"},{"@Name":"IntegrityLevel","#text":"Medium"},{"@Name":"Hashes","#text":"SHA256=2A4F84FFFDB283588DC9C771A9FB1900559180CE6EDE597C3195E21F1F9D676E"},{"@Name":"ParentProcessGuid","#text":"dbf410b3-673f-6802-9804-000000003e00"},{"@Name":"ParentProcessId","#text":"12944"},{"@Name":"ParentImage","#text":"C:\\Windows\\System32\\VBoxService.exe"},{"@Name":"ParentCommandLine","#text":"C:\\Windows\\System32\\VBoxService.exe guestsession --session-id=1 --session-proto=2 --user testing"},{"@Name":"ParentUser","#text":"SERVER002\\testing"}]}}}
{"Event":{"System":{"Provider":{"@Name":"Microsoft-Windows-Sysmon","@Guid":"5770385f-c22a-43e0-bf4c-06f5698ffbd9"},"EventID":"5","Version":"3","Level":"4","Task":"5","Opcode":"0","Keywords":"0x8000000000000000","TimeCreated":{"@SystemTime":"2025-04-18 14:52:47.7877596"},"EventRecordID":"32388","Correlation":null,"Execution":{"@ProcessID":"3112","@ThreadID":"4188"},"Channel":"Microsoft-Windows-Sysmon/Operational","Computer":"Server002","Security":{"@UserID":"S-1-5-18"}},"EventData":{"Data":[{"@Name":"RuleName","#text":"-"},{"@Name":"UtcTime","#text":"2025-04-18 14:52:47.782"},{"@Name":"ProcessGuid","#text":"dbf410b3-673f-6802-a404-000000003e00"},{"@Name":"ProcessId","#text":"10984"},{"@Name":"Image","#text":"C:\\Windows\\System32\\VBoxService.exe"},{"@Name":"User","#text":"SERVER002\\testing"}]}}}
{"Event":{"System":{"Provider":{"@Name":"Microsoft-Windows-Sysmon","@Guid":"5770385f-c22a-43e0-bf4c-06f5698ffbd9"},"EventID":"1","Version":"5","Level":"4","Task":"1","Opcode":"0","Keywords":"0x8000000000000000","TimeCreated":{"@SystemTime":"2025-04-18 14:52:47.8028093"},"EventRecordID":"32389","Correlation":null,"Execution":{"@ProcessID":"3112","@ThreadID":"4188"},"Channel":"Microsoft-Windows-Sysmon/Operational","Computer":"Server002","Security":{"@UserID":"S-1-5-18"}},"EventData":{"Data":[{"@Name":"RuleName","#text":"-"},{"@Name":"UtcTime","#text":"2025-04-18 14:52:47.797"},{"@Name":"ProcessGuid","#text":"dbf410b3-673f-6802-a504-000000003e00"},{"@Name":"ProcessId","#text":"9024"},{"@Name":"Image","#text":"C:\\Windows\\System32\\VBoxService.exe"},{"@Name":"FileVersion","#text":"7.0.18.162988"},{"@Name":"Description","#text":"VirtualBox Guest Additions Service"},{"@Name":"Product","#text":"Oracle VM VirtualBox Guest Additions"},{"@Name":"Company","#text":"Oracle and/or its affiliates"},{"@Name":"OriginalFileName","#text":"VBoxService.exe"},{"@Name":"CommandLine","#text":"vbox_stat --machinereadable -- L:/"},{"@Name":"CurrentDirectory","#text":"C:\\Windows\\system32\\"},{"@Name":"User","#text":"SERVER002\\testing"},{"@Name":"LogonGuid","#text":"dbf410b3-673f-6802-9e36-1c0100000000"},{"@Name":"LogonId","#text":"0x11C369E"},{"@Name":"TerminalSessionId","#text":"0"},{"@Name":"IntegrityLevel","#text":"Medium"},{"@Name":"Hashes","#text":"SHA256=2A4F84FFFDB283588DC9C771A9FB1900559180CE6EDE597C3195E21F1F9D676E"},{"@Name":"ParentProcessGuid","#text":"dbf410b3-673f-6802-9804-000000003e00"},{"@Name":"ParentProcessId","#text":"12944"},{"@Name":"ParentImage","#text":"C:\\Windows\\System32\\VBoxService.exe"},{"@Name":"ParentCommandLine","#text":"C:\\Windows\\System32\\VBoxService.exe guestsession --session-id=1 --session-proto=2 --user testing"},{"@Name":"ParentUser","#text":"SERVER002\\testing"}]}}}
{"Event":{"System":{"Provider":{"@Name":"Microsoft-Windows-Sysmon","@Guid":"5770385f-c22a-43e0-bf4c-06f5698ffbd9"},"EventID":"5","Version":"3","Level":"4","Task":"5","Opcode":"0","Keywords":"0x8000000000000000","TimeCreated":{"@SystemTime":"2025-04-18 14:52:47.8207662"},"EventRecordID":"32390","Correlation":null,"Execution":{"@ProcessID":"3112","@ThreadID":"4188"},"Channel":"Microsoft-Windows-Sysmon/Operational","Computer":"Server002","Security":{"@UserID":"S-1-5-18"}},"EventData":{"Data":[{"@Name":"RuleName","#text":"-"},{"@Name":"UtcTime","#text":"2025-04-18 14:52:47.814"},{"@Name":"ProcessGuid","#text":"dbf410b3-673f-6802-a504-000000003e00"},{"@Name":"ProcessId","#text":"9024"},{"@Name":"Image","#text":"C:\\Windows\\System32\\VBoxService.exe"},{"@Name":"User","#text":"SERVER002\\testing"}]}}}
{"Event":{"System":{"Provider":{"@Name":"Microsoft-Windows-Sysmon","@Guid":"5770385f-c22a-43e0-bf4c-06f5698ffbd9"},"EventID":"1","Version":"5","Level":"4","Task":"1","Opcode":"0","Keywords":"0x8000000000000000","TimeCreated":{"@SystemTime":"2025-04-18 14:52:47.8335145"},"EventRecordID":"32391","Correlation":null,"Execution":{"@ProcessID":"3112","@ThreadID":"4188"},"Channel":"Microsoft-Windows-Sysmon/Operational","Computer":"Server002","Security":{"@UserID":"S-1-5-18"}},"EventData":{"Data":[{"@Name":"RuleName","#text":"-"},{"@Name":"UtcTime","#text":"2025-04-18 14:52:47.828"},{"@Name":"ProcessGuid","#text":"dbf410b3-673f-6802-a604-000000003e00"},{"@Name":"ProcessId","#text":"7020"},{"@Name":"Image","#text":"C:\\Windows\\System32\\VBoxService.exe"},{"@Name":"FileVersion","#text":"7.0.18.162988"},{"@Name":"Description","#text":"VirtualBox Guest Additions Service"},{"@Name":"Product","#text":"Oracle VM VirtualBox Guest Additions"},{"@Name":"Company","#text":"Oracle and/or its affiliates"},{"@Name":"OriginalFileName","#text":"VBoxService.exe"},{"@Name":"CommandLine","#text":"vbox_stat --machinereadable -- M:/"},{"@Name":"CurrentDirectory","#text":"C:\\Windows\\system32\\"},{"@Name":"User","#text":"SERVER002\\testing"},{"@Name":"LogonGuid","#text":"dbf410b3-673f-6802-9e36-1c0100000000"},{"@Name":"LogonId","#text":"0x11C369E"},{"@Name":"TerminalSessionId","#text":"0"},{"@Name":"IntegrityLevel","#text":"Medium"},{"@Name":"Hashes","#text":"SHA256=2A4F84FFFDB283588DC9C771A9FB1900559180CE6EDE597C3195E21F1F9D676E"},{"@Name":"ParentProcessGuid","#text":"dbf410b3-673f-6802-9804-000000003e00"},{"@Name":"ParentProcessId","#text":"12944"},{"@Name":"ParentImage","#text":"C:\\Windows\\System32\\VBoxService.exe"},{"@Name":"ParentCommandLine","#text":"C:\\Windows\\System32\\VBoxService.exe guestsession --session-id=1 --session-proto=2 --user testing"},{"@Name":"ParentUser","#text":"SERVER002\\testing"}]}}}
{"Event":{"System":{"Provider":{"@Name":"Microsoft-Windows-Sysmon","@Guid":"5770385f-c22a-43e0-bf4c-06f5698ffbd9"},"EventID":"5","Version":"3","Level":"4","Task":"5","Opcode":"0","Keywords":"0x8000000000000000","TimeCreated":{"@SystemTime":"2025-04-18 14:52:47.8514469"},"EventRecordID":"32392","Correlation":null,"Execution":{"@ProcessID":"3112","@ThreadID":"4188"},"Channel":"Microsoft-Windows-Sysmon/Operational","Computer":"Server002","Security":{"@UserID":"S-1-5-18"}},"EventData":{"Data":[{"@Name":"RuleName","#text":"-"},{"@Name":"UtcTime","#text":"2025-04-18 14:52:47.844"},{"@Name":"ProcessGuid","#text":"dbf410b3-673f-6802-a604-000000003e00"},{"@Name":"ProcessId","#text":"7020"},{"@Name":"Image","#text":"C:\\Windows\\System32\\VBoxService.exe"},{"@Name":"User","#text":"SERVER002\\testing"}]}}}
{"Event":{"System":{"Provider":{"@Name":"Microsoft-Windows-Sysmon","@Guid":"5770385f-c22a-43e0-bf4c-06f5698ffbd9"},"EventID":"1","Version":"5","Level":"4","Task":"1","Opcode":"0","Keywords":"0x8000000000000000","TimeCreated":{"@SystemTime":"2025-04-18 14:52:47.8622119"},"EventRecordID":"32393","Correlation":null,"Execution":{"@ProcessID":"3112","@ThreadID":"4188"},"Channel":"Microsoft-Windows-Sysmon/Operational","Computer":"Server002","Security":{"@UserID":"S-1-5-18"}},"EventData":{"Data":[{"@Name":"RuleName","#text":"-"},{"@Name":"UtcTime","#text":"2025-04-18 14:52:47.859"},{"@Name":"ProcessGuid","#text":"dbf410b3-673f-6802-a704-000000003e00"},{"@Name":"ProcessId","#text":"5360"},{"@Name":"Image","#text":"C:\\Windows\\System32\\VBoxService.exe"},{"@Name":"FileVersion","#text":"7.0.18.162988"},{"@Name":"Description","#text":"VirtualBox Guest Additions Service"},{"@Name":"Product","#text":"Oracle VM VirtualBox Guest Additions"},{"@Name":"Company","#text":"Oracle and/or its affiliates"},{"@Name":"OriginalFileName","#text":"VBoxService.exe"},{"@Name":"CommandLine","#text":"vbox_stat --machinereadable -- N:/"},{"@Name":"CurrentDirectory","#text":"C:\\Windows\\system32\\"},{"@Name":"User","#text":"SERVER002\\testing"},{"@Name":"LogonGuid","#text":"dbf410b3-673f-6802-9e36-1c0100000000"},{"@Name":"LogonId","#text":"0x11C369E"},{"@Name":"TerminalSessionId","#text":"0"},{"@Name":"IntegrityLevel","#text":"Medium"},{"@Name":"Hashes","#text":"SHA256=2A4F84FFFDB283588DC9C771A9FB1900559180CE6EDE597C3195E21F1F9D676E"},{"@Name":"ParentProcessGuid","#text":"dbf410b3-673f-6802-9804-000000003e00"},{"@Name":"ParentProcessId","#text":"12944"},{"@Name":"ParentImage","#text":"C:\\Windows\\System32\\VBoxService.exe"},{"@Name":"ParentCommandLine","#text":"C:\\Windows\\System32\\VBoxService.exe guestsession --session-id=1 --session-proto=2 --user testing"},{"@Name":"ParentUser","#text":"SERVER002\\testing"}]}}}
{"Event":{"System":{"Provider":{"@Name":"Microsoft-Windows-Sysmon","@Guid":"5770385f-c22a-43e0-bf4c-06f5698ffbd9"},"EventID":"5","Version":"3","Level":"4","Task":"5","Opcode":"0","Keywords":"0x8000000000000000","TimeCreated":{"@SystemTime":"2025-04-18 14:52:47.8824120"},"EventRecordID":"32394","Correlation":null,"Execution":{"@ProcessID":"3112","@ThreadID":"4188"},"Channel":"Microsoft-Windows-Sysmon/Operational","Computer":"Server002","Security":{"@UserID":"S-1-5-18"}},"EventData":{"Data":[{"@Name":"RuleName","#text":"-"},{"@Name":"UtcTime","#text":"2025-04-18 14:52:47.876"},{"@Name":"ProcessGuid","#text":"dbf410b3-673f-6802-a704-000000003e00"},{"@Name":"ProcessId","#text":"5360"},{"@Name":"Image","#text":"C:\\Windows\\System32\\VBoxService.exe"},{"@Name":"User","#text":"SERVER002\\testing"}]}}}
{"Event":{"System":{"Provider":{"@Name":"Microsoft-Windows-Sysmon","@Guid":"5770385f-c22a-43e0-bf4c-06f5698ffbd9"},"EventID":"1","Version":"5","Level":"4","Task":"1","Opcode":"0","Keywords":"0x8000000000000000","TimeCreated":{"@SystemTime":"2025-04-18 14:52:47.8951681"},"EventRecordID":"32395","Correlation":null,"Execution":{"@ProcessID":"3112","@ThreadID":"4188"},"Channel":"Microsoft-Windows-Sysmon/Operational","Computer":"Server002","Security":{"@UserID":"S-1-5-18"}},"EventData":{"Data":[{"@Name":"RuleName","#text":"-"},{"@Name":"UtcTime","#text":"2025-04-18 14:52:47.890"},{"@Name":"ProcessGuid","#text":"dbf410b3-673f-6802-a804-000000003e00"},{"@Name":"ProcessId","#text":"5668"},{"@Name":"Image","#text":"C:\\Windows\\System32\\VBoxService.exe"},{"@Name":"FileVersion","#text":"7.0.18.162988"},{"@Name":"Description","#text":"VirtualBox Guest Additions Service"},{"@Name":"Product","#text":"Oracle VM VirtualBox Guest Additions"},{"@Name":"Company","#text":"Oracle and/or its affiliates"},{"@Name":"OriginalFileName","#text":"VBoxService.exe"},{"@Name":"CommandLine","#text":"vbox_stat --machinereadable -- O:/"},{"@Name":"CurrentDirectory","#text":"C:\\Windows\\system32\\"},{"@Name":"User","#text":"SERVER002\\testing"},{"@Name":"LogonGuid","#text":"dbf410b3-673f-6802-9e36-1c0100000000"},{"@Name":"LogonId","#text":"0x11C369E"},{"@Name":"TerminalSessionId","#text":"0"},{"@Name":"IntegrityLevel","#text":"Medium"},{"@Name":"Hashes","#text":"SHA256=2A4F84FFFDB283588DC9C771A9FB1900559180CE6EDE597C3195E21F1F9D676E"},{"@Name":"ParentProcessGuid","#text":"dbf410b3-673f-6802-9804-000000003e00"},{"@Name":"ParentProcessId","#text":"12944"},{"@Name":"ParentImage","#text":"C:\\Windows\\System32\\VBoxService.exe"},{"@Name":"ParentCommandLine","#text":"C:\\Windows\\System32\\VBoxService.exe guestsession --session-id=1 --session-proto=2 --user testing"},{"@Name":"ParentUser","#text":"SERVER002\\testing"}]}}}
{"Event":{"System":{"Provider":{"@Name":"Microsoft-Windows-Sysmon","@Guid":"5770385f-c22a-43e0-bf4c-06f5698ffbd9"},"EventID":"5","Version":"3","Level":"4","Task":"5","Opcode":"0","Keywords":"0x8000000000000000","TimeCreated":{"@SystemTime":"2025-04-18 14:52:47.9175304"},"EventRecordID":"32396","Correlation":null,"Execution":{"@ProcessID":"3112","@ThreadID":"4188"},"Channel":"Microsoft-Windows-Sysmon/Operational","Computer":"Server002","Security":{"@UserID":"S-1-5-18"}},"EventData":{"Data":[{"@Name":"RuleName","#text":"-"},{"@Name":"UtcTime","#text":"2025-04-18 14:52:47.907"},{"@Name":"ProcessGuid","#text":"dbf410b3-673f-6802-a804-000000003e00"},{"@Name":"ProcessId","#text":"5668"},{"@Name":"Image","#text":"C:\\Windows\\System32\\VBoxService.exe"},{"@Name":"User","#text":"SERVER002\\testing"}]}}}
{"Event":{"System":{"Provider":{"@Name":"Microsoft-Windows-Sysmon","@Guid":"5770385f-c22a-43e0-bf4c-06f5698ffbd9"},"EventID":"1","Version":"5","Level":"4","Task":"1","Opcode":"0","Keywords":"0x8000000000000000","TimeCreated":{"@SystemTime":"2025-04-18 14:52:47.9304188"},"EventRecordID":"32397","Correlation":null,"Execution":{"@ProcessID":"3112","@ThreadID":"4188"},"Channel":"Microsoft-Windows-Sysmon/Operational","Computer":"Server002","Security":{"@UserID":"S-1-5-18"}},"EventData":{"Data":[{"@Name":"RuleName","#text":"-"},{"@Name":"UtcTime","#text":"2025-04-18 14:52:47.926"},{"@Name":"ProcessGuid","#text":"dbf410b3-673f-6802-a904-000000003e00"},{"@Name":"ProcessId","#text":"8796"},{"@Name":"Image","#text":"C:\\Windows\\System32\\VBoxService.exe"},{"@Name":"FileVersion","#text":"7.0.18.162988"},{"@Name":"Description","#text":"VirtualBox Guest Additions Service"},{"@Name":"Product","#text":"Oracle VM VirtualBox Guest Additions"},{"@Name":"Company","#text":"Oracle and/or its affiliates"},{"@Name":"OriginalFileName","#text":"VBoxService.exe"},{"@Name":"CommandLine","#text":"vbox_stat --machinereadable -- P:/"},{"@Name":"CurrentDirectory","#text":"C:\\Windows\\system32\\"},{"@Name":"User","#text":"SERVER002\\testing"},{"@Name":"LogonGuid","#text":"dbf410b3-673f-6802-9e36-1c0100000000"},{"@Name":"LogonId","#text":"0x11C369E"},{"@Name":"TerminalSessionId","#text":"0"},{"@Name":"IntegrityLevel","#text":"Medium"},{"@Name":"Hashes","#text":"SHA256=2A4F84FFFDB283588DC9C771A9FB1900559180CE6EDE597C3195E21F1F9D676E"},{"@Name":"ParentProcessGuid","#text":"dbf410b3-673f-6802-9804-000000003e00"},{"@Name":"ParentProcessId","#text":"12944"},{"@Name":"ParentImage","#text":"C:\\Windows\\System32\\VBoxService.exe"},{"@Name":"ParentCommandLine","#text":"C:\\Windows\\System32\\VBoxService.exe guestsession --session-id=1 --session-proto=2 --user testing"},{"@Name":"ParentUser","#text":"SERVER002\\testing"}]}}}
{"Event":{"System":{"Provider":{"@Name":"Microsoft-Windows-Sysmon","@Guid":"5770385f-c22a-43e0-bf4c-06f5698ffbd9"},"EventID":"5","Version":"3","Level":"4","Task":"5","Opcode":"0","Keywords":"0x8000000000000000","TimeCreated":{"@SystemTime":"2025-04-18 14:52:47.9501025"},"EventRecordID":"32398","Correlation":null,"Execution":{"@ProcessID":"3112","@ThreadID":"4188"},"Channel":"Microsoft-Windows-Sysmon/Operational","Computer":"Server002","Security":{"@UserID":"S-1-5-18"}},"EventData":{"Data":[{"@Name":"RuleName","#text":"-"},{"@Name":"UtcTime","#text":"2025-04-18 14:52:47.939"},{"@Name":"ProcessGuid","#text":"dbf410b3-673f-6802-a904-000000003e00"},{"@Name":"ProcessId","#text":"8796"},{"@Name":"Image","#text":"C:\\Windows\\System32\\VBoxService.exe"},{"@Name":"User","#text":"SERVER002\\testing"}]}}}
{"Event":{"System":{"Provider":{"@Name":"Microsoft-Windows-Sysmon","@Guid":"5770385f-c22a-43e0-bf4c-06f5698ffbd9"},"EventID":"1","Version":"5","Level":"4","Task":"1","Opcode":"0","Keywords":"0x8000000000000000","TimeCreated":{"@SystemTime":"2025-04-18 14:52:47.9626824"},"EventRecordID":"32399","Correlation":null,"Execution":{"@ProcessID":"3112","@ThreadID":"4188"},"Channel":"Microsoft-Windows-Sysmon/Operational","Computer":"Server002","Security":{"@UserID":"S-1-5-18"}},"EventData":{"Data":[{"@Name":"RuleName","#text":"-"},{"@Name":"UtcTime","#text":"2025-04-18 14:52:47.958"},{"@Name":"ProcessGuid","#text":"dbf410b3-673f-6802-aa04-000000003e00"},{"@Name":"ProcessId","#text":"9152"},{"@Name":"Image","#text":"C:\\Windows\\System32\\VBoxService.exe"},{"@Name":"FileVersion","#text":"7.0.18.162988"},{"@Name":"Description","#text":"VirtualBox Guest Additions Service"},{"@Name":"Product","#text":"Oracle VM VirtualBox Guest Additions"},{"@Name":"Company","#text":"Oracle and/or its affiliates"},{"@Name":"OriginalFileName","#text":"VBoxService.exe"},{"@Name":"CommandLine","#text":"vbox_stat --machinereadable -- Q:/"},{"@Name":"CurrentDirectory","#text":"C:\\Windows\\system32\\"},{"@Name":"User","#text":"SERVER002\\testing"},{"@Name":"LogonGuid","#text":"dbf410b3-673f-6802-9e36-1c0100000000"},{"@Name":"LogonId","#text":"0x11C369E"},{"@Name":"TerminalSessionId","#text":"0"},{"@Name":"IntegrityLevel","#text":"Medium"},{"@Name":"Hashes","#text":"SHA256=2A4F84FFFDB283588DC9C771A9FB1900559180CE6EDE597C3195E21F1F9D676E"},{"@Name":"ParentProcessGuid","#text":"dbf410b3-673f-6802-9804-000000003e00"},{"@Name":"ParentProcessId","#text":"12944"},{"@Name":"ParentImage","#text":"C:\\Windows\\System32\\VBoxService.exe"},{"@Name":"ParentCommandLine","#text":"C:\\Windows\\System32\\VBoxService.exe guestsession --session-id=1 --session-proto=2 --user testing"},{"@Name":"ParentUser","#text":"SERVER002\\testing"}]}}}
{"Event":{"System":{"Provider":{"@Name":"Microsoft-Windows-Sysmon","@Guid":"5770385f-c22a-43e0-bf4c-06f5698ffbd9"},"EventID":"5","Version":"3","Level":"4","Task":"5","Opcode":"0","Keywords":"0x8000000000000000","TimeCreated":{"@SystemTime":"2025-04-18 14:52:47.9808047"},"EventRecordID":"32400","Correlation":null,"Execution":{"@ProcessID":"3112","@ThreadID":"4188"},"Channel":"Microsoft-Windows-Sysmon/Operational","Computer":"Server002","Security":{"@UserID":"S-1-5-18"}},"EventData":{"Data":[{"@Name":"RuleName","#text":"-"},{"@Name":"UtcTime","#text":"2025-04-18 14:52:47.973"},{"@Name":"ProcessGuid","#text":"dbf410b3-673f-6802-aa04-000000003e00"},{"@Name":"ProcessId","#text":"9152"},{"@Name":"Image","#text":"C:\\Windows\\System32\\VBoxService.exe"},{"@Name":"User","#text":"SERVER002\\testing"}]}}}
{"Event":{"System":{"Provider":{"@Name":"Microsoft-Windows-Sysmon","@Guid":"5770385f-c22a-43e0-bf4c-06f5698ffbd9"},"EventID":"1","Version":"5","Level":"4","Task":"1","Opcode":"0","Keywords":"0x8000000000000000","TimeCreated":{"@SystemTime":"2025-04-18 14:52:47.9941721"},"EventRecordID":"32401","Correlation":null,"Execution":{"@ProcessID":"3112","@ThreadID":"4188"},"Channel":"Microsoft-Windows-Sysmon/Operational","Computer":"Server002","Security":{"@UserID":"S-1-5-18"}},"EventData":{"Data":[{"@Name":"RuleName","#text":"-"},{"@Name":"UtcTime","#text":"2025-04-18 14:52:47.989"},{"@Name":"ProcessGuid","#text":"dbf410b3-673f-6802-ab04-000000003e00"},{"@Name":"ProcessId","#text":"11444"},{"@Name":"Image","#text":"C:\\Windows\\System32\\VBoxService.exe"},{"@Name":"FileVersion","#text":"7.0.18.162988"},{"@Name":"Description","#text":"VirtualBox Guest Additions Service"},{"@Name":"Product","#text":"Oracle VM VirtualBox Guest Additions"},{"@Name":"Company","#text":"Oracle and/or its affiliates"},{"@Name":"OriginalFileName","#text":"VBoxService.exe"},{"@Name":"CommandLine","#text":"vbox_stat --machinereadable -- R:/"},{"@Name":"CurrentDirectory","#text":"C:\\Windows\\system32\\"},{"@Name":"User","#text":"SERVER002\\testing"},{"@Name":"LogonGuid","#text":"dbf410b3-673f-6802-9e36-1c0100000000"},{"@Name":"LogonId","#text":"0x11C369E"},{"@Name":"TerminalSessionId","#text":"0"},{"@Name":"IntegrityLevel","#text":"Medium"},{"@Name":"Hashes","#text":"SHA256=2A4F84FFFDB283588DC9C771A9FB1900559180CE6EDE597C3195E21F1F9D676E"},{"@Name":"ParentProcessGuid","#text":"dbf410b3-673f-6802-9804-000000003e00"},{"@Name":"ParentProcessId","#text":"12944"},{"@Name":"ParentImage","#text":"C:\\Windows\\System32\\VBoxService.exe"},{"@Name":"ParentCommandLine","#text":"C:\\Windows\\System32\\VBoxService.exe guestsession --session-id=1 --session-proto=2 --user testing"},{"@Name":"ParentUser","#text":"SERVER002\\testing"}]}}}
{"Event":{"System":{"Provider":{"@Name":"Microsoft-Windows-Sysmon","@Guid":"5770385f-c22a-43e0-bf4c-06f5698ffbd9"},"EventID":"5","Version":"3","Level":"4","Task":"5","Opcode":"0","Keywords":"0x8000000000000000","TimeCreated":{"@SystemTime":"2025-04-18 14:52:48.0139197"},"EventRecordID":"32402","Correlation":null,"Execution":{"@ProcessID":"3112","@ThreadID":"4188"},"Channel":"Microsoft-Windows-Sysmon/Operational","Computer":"Server002","Security":{"@UserID":"S-1-5-18"}},"EventData":{"Data":[{"@Name":"RuleName","#text":"-"},{"@Name":"UtcTime","#text":"2025-04-18 14:52:48.002"},{"@Name":"ProcessGuid","#text":"dbf410b3-673f-6802-ab04-000000003e00"},{"@Name":"ProcessId","#text":"11444"},{"@Name":"Image","#text":"C:\\Windows\\System32\\VBoxService.exe"},{"@Name":"User","#text":"SERVER002\\testing"}]}}}
{"Event":{"System":{"Provider":{"@Name":"Microsoft-Windows-Sysmon","@Guid":"5770385f-c22a-43e0-bf4c-06f5698ffbd9"},"EventID":"1","Version":"5","Level":"4","Task":"1","Opcode":"0","Keywords":"0x8000000000000000","TimeCreated":{"@SystemTime":"2025-04-18 14:52:48.0259124"},"EventRecordID":"32403","Correlation":null,"Execution":{"@ProcessID":"3112","@ThreadID":"4188"},"Channel":"Microsoft-Windows-Sysmon/Operational","Computer":"Server002","Security":{"@UserID":"S-1-5-18"}},"EventData":{"Data":[{"@Name":"RuleName","#text":"-"},{"@Name":"UtcTime","#text":"2025-04-18 14:52:48.022"},{"@Name":"ProcessGuid","#text":"dbf410b3-6740-6802-ac04-000000003e00"},{"@Name":"ProcessId","#text":"7208"},{"@Name":"Image","#text":"C:\\Windows\\System32\\VBoxService.exe"},{"@Name":"FileVersion","#text":"7.0.18.162988"},{"@Name":"Description","#text":"VirtualBox Guest Additions Service"},{"@Name":"Product","#text":"Oracle VM VirtualBox Guest Additions"},{"@Name":"Company","#text":"Oracle and/or its affiliates"},{"@Name":"OriginalFileName","#text":"VBoxService.exe"},{"@Name":"CommandLine","#text":"vbox_stat --machinereadable -- S:/"},{"@Name":"CurrentDirectory","#text":"C:\\Windows\\system32\\"},{"@Name":"User","#text":"SERVER002\\testing"},{"@Name":"LogonGuid","#text":"dbf410b3-673f-6802-9e36-1c0100000000"},{"@Name":"LogonId","#text":"0x11C369E"},{"@Name":"TerminalSessionId","#text":"0"},{"@Name":"IntegrityLevel","#text":"Medium"},{"@Name":"Hashes","#text":"SHA256=2A4F84FFFDB283588DC9C771A9FB1900559180CE6EDE597C3195E21F1F9D676E"},{"@Name":"ParentProcessGuid","#text":"dbf410b3-673f-6802-9804-000000003e00"},{"@Name":"ParentProcessId","#text":"12944"},{"@Name":"ParentImage","#text":"C:\\Windows\\System32\\VBoxService.exe"},{"@Name":"ParentCommandLine","#text":"C:\\Windows\\System32\\VBoxService.exe guestsession --session-id=1 --session-proto=2 --user testing"},{"@Name":"ParentUser","#text":"SERVER002\\testing"}]}}}
{"Event":{"System":{"Provider":{"@Name":"Microsoft-Windows-Sysmon","@Guid":"5770385f-c22a-43e0-bf4c-06f5698ffbd9"},"EventID":"5","Version":"3","Level":"4","Task":"5","Opcode":"0","Keywords":"0x8000000000000000","TimeCreated":{"@SystemTime":"2025-04-18 14:52:48.0436374"},"EventRecordID":"32404","Correlation":null,"Execution":{"@ProcessID":"3112","@ThreadID":"4188"},"Channel":"Microsoft-Windows-Sysmon/Operational","Computer":"Server002","Security":{"@UserID":"S-1-5-18"}},"EventData":{"Data":[{"@Name":"RuleName","#text":"-"},{"@Name":"UtcTime","#text":"2025-04-18 14:52:48.033"},{"@Name":"ProcessGuid","#text":"dbf410b3-6740-6802-ac04-000000003e00"},{"@Name":"ProcessId","#text":"7208"},{"@Name":"Image","#text":"C:\\Windows\\System32\\VBoxService.exe"},{"@Name":"User","#text":"SERVER002\\testing"}]}}}
{"Event":{"System":{"Provider":{"@Name":"Microsoft-Windows-Sysmon","@Guid":"5770385f-c22a-43e0-bf4c-06f5698ffbd9"},"EventID":"1","Version":"5","Level":"4","Task":"1","Opcode":"0","Keywords":"0x8000000000000000","TimeCreated":{"@SystemTime":"2025-04-18 14:52:48.0576559"},"EventRecordID":"32405","Correlation":null,"Execution":{"@ProcessID":"3112","@ThreadID":"4188"},"Channel":"Microsoft-Windows-Sysmon/Operational","Computer":"Server002","Security":{"@UserID":"S-1-5-18"}},"EventData":{"Data":[{"@Name":"RuleName","#text":"-"},{"@Name":"UtcTime","#text":"2025-04-18 14:52:48.053"},{"@Name":"ProcessGuid","#text":"dbf410b3-6740-6802-ad04-000000003e00"},{"@Name":"ProcessId","#text":"1360"},{"@Name":"Image","#text":"C:\\Windows\\System32\\VBoxService.exe"},{"@Name":"FileVersion","#text":"7.0.18.162988"},{"@Name":"Description","#text":"VirtualBox Guest Additions Service"},{"@Name":"Product","#text":"Oracle VM VirtualBox Guest Additions"},{"@Name":"Company","#text":"Oracle and/or its affiliates"},{"@Name":"OriginalFileName","#text":"VBoxService.exe"},{"@Name":"CommandLine","#text":"vbox_stat --machinereadable -- T:/"},{"@Name":"CurrentDirectory","#text":"C:\\Windows\\system32\\"},{"@Name":"User","#text":"SERVER002\\testing"},{"@Name":"LogonGuid","#text":"dbf410b3-673f-6802-9e36-1c0100000000"},{"@Name":"LogonId","#text":"0x11C369E"},{"@Name":"TerminalSessionId","#text":"0"},{"@Name":"IntegrityLevel","#text":"Medium"},{"@Name":"Hashes","#text":"SHA256=2A4F84FFFDB283588DC9C771A9FB1900559180CE6EDE597C3195E21F1F9D676E"},{"@Name":"ParentProcessGuid","#text":"dbf410b3-673f-6802-9804-000000003e00"},{"@Name":"ParentProcessId","#text":"12944"},{"@Name":"ParentImage","#text":"C:\\Windows\\System32\\VBoxService.exe"},{"@Name":"ParentCommandLine","#text":"C:\\Windows\\System32\\VBoxService.exe guestsession --session-id=1 --session-proto=2 --user testing"},{"@Name":"ParentUser","#text":"SERVER002\\testing"}]}}}
{"Event":{"System":{"Provider":{"@Name":"Microsoft-Windows-Sysmon","@Guid":"5770385f-c22a-43e0-bf4c-06f5698ffbd9"},"EventID":"5","Version":"3","Level":"4","Task":"5","Opcode":"0","Keywords":"0x8000000000000000","TimeCreated":{"@SystemTime":"2025-04-18 14:52:48.0750409"},"EventRecordID":"32406","Correlation":null,"Execution":{"@ProcessID":"3112","@ThreadID":"4188"},"Channel":"Microsoft-Windows-Sysmon/Operational","Computer":"Server002","Security":{"@UserID":"S-1-5-18"}},"EventData":{"Data":[{"@Name":"RuleName","#text":"-"},{"@Name":"UtcTime","#text":"2025-04-18 14:52:48.065"},{"@Name":"ProcessGuid","#text":"dbf410b3-6740-6802-ad04-000000003e00"},{"@Name":"ProcessId","#text":"1360"},{"@Name":"Image","#text":"C:\\Windows\\System32\\VBoxService.exe"},{"@Name":"User","#text":"SERVER002\\testing"}]}}}
{"Event":{"System":{"Provider":{"@Name":"Microsoft-Windows-Sysmon","@Guid":"5770385f-c22a-43e0-bf4c-06f5698ffbd9"},"EventID":"1","Version":"5","Level":"4","Task":"1","Opcode":"0","Keywords":"0x8000000000000000","TimeCreated":{"@SystemTime":"2025-04-18 14:52:48.0865027"},"EventRecordID":"32407","Correlation":null,"Execution":{"@ProcessID":"3112","@ThreadID":"4188"},"Channel":"Microsoft-Windows-Sysmon/Operational","Computer":"Server002","Security":{"@UserID":"S-1-5-18"}},"EventData":{"Data":[{"@Name":"RuleName","#text":"-"},{"@Name":"UtcTime","#text":"2025-04-18 14:52:48.082"},{"@Name":"ProcessGuid","#text":"dbf410b3-6740-6802-ae04-000000003e00"},{"@Name":"ProcessId","#text":"4488"},{"@Name":"Image","#text":"C:\\Windows\\System32\\VBoxService.exe"},{"@Name":"FileVersion","#text":"7.0.18.162988"},{"@Name":"Description","#text":"VirtualBox Guest Additions Service"},{"@Name":"Product","#text":"Oracle VM VirtualBox Guest Additions"},{"@Name":"Company","#text":"Oracle and/or its affiliates"},{"@Name":"OriginalFileName","#text":"VBoxService.exe"},{"@Name":"CommandLine","#text":"vbox_stat --machinereadable -- U:/"},{"@Name":"CurrentDirectory","#text":"C:\\Windows\\system32\\"},{"@Name":"User","#text":"SERVER002\\testing"},{"@Name":"LogonGuid","#text":"dbf410b3-673f-6802-9e36-1c0100000000"},{"@Name":"LogonId","#text":"0x11C369E"},{"@Name":"TerminalSessionId","#text":"0"},{"@Name":"IntegrityLevel","#text":"Medium"},{"@Name":"Hashes","#text":"SHA256=2A4F84FFFDB283588DC9C771A9FB1900559180CE6EDE597C3195E21F1F9D676E"},{"@Name":"ParentProcessGuid","#text":"dbf410b3-673f-6802-9804-000000003e00"},{"@Name":"ParentProcessId","#text":"12944"},{"@Name":"ParentImage","#text":"C:\\Windows\\System32\\VBoxService.exe"},{"@Name":"ParentCommandLine","#text":"C:\\Windows\\System32\\VBoxService.exe guestsession --session-id=1 --session-proto=2 --user testing"},{"@Name":"ParentUser","#text":"SERVER002\\testing"}]}}}
{"Event":{"System":{"Provider":{"@Name":"Microsoft-Windows-Sysmon","@Guid":"5770385f-c22a-43e0-bf4c-06f5698ffbd9"},"EventID":"5","Version":"3","Level":"4","Task":"5","Opcode":"0","Keywords":"0x8000000000000000","TimeCreated":{"@SystemTime":"2025-04-18 14:52:48.1035963"},"EventRecordID":"32408","Correlation":null,"Execution":{"@ProcessID":"3112","@ThreadID":"4188"},"Channel":"Microsoft-Windows-Sysmon/Operational","Computer":"Server002","Security":{"@UserID":"S-1-5-18"}},"EventData":{"Data":[{"@Name":"RuleName","#text":"-"},{"@Name":"UtcTime","#text":"2025-04-18 14:52:48.096"},{"@Name":"ProcessGuid","#text":"dbf410b3-6740-6802-ae04-000000003e00"},{"@Name":"ProcessId","#text":"4488"},{"@Name":"Image","#text":"C:\\Windows\\System32\\VBoxService.exe"},{"@Name":"User","#text":"SERVER002\\testing"}]}}}
{"Event":{"System":{"Provider":{"@Name":"Microsoft-Windows-Sysmon","@Guid":"5770385f-c22a-43e0-bf4c-06f5698ffbd9"},"EventID":"1","Version":"5","Level":"4","Task":"1","Opcode":"0","Keywords":"0x8000000000000000","TimeCreated":{"@SystemTime":"2025-04-18 14:52:48.1162197"},"EventRecordID":"32409","Correlation":null,"Execution":{"@ProcessID":"3112","@ThreadID":"4188"},"Channel":"Microsoft-Windows-Sysmon/Operational","Computer":"Server002","Security":{"@UserID":"S-1-5-18"}},"EventData":{"Data":[{"@Name":"RuleName","#text":"-"},{"@Name":"UtcTime","#text":"2025-04-18 14:52:48.111"},{"@Name":"ProcessGuid","#text":"dbf410b3-6740-6802-af04-000000003e00"},{"@Name":"ProcessId","#text":"3204"},{"@Name":"Image","#text":"C:\\Windows\\System32\\VBoxService.exe"},{"@Name":"FileVersion","#text":"7.0.18.162988"},{"@Name":"Description","#text":"VirtualBox Guest Additions Service"},{"@Name":"Product","#text":"Oracle VM VirtualBox Guest Additions"},{"@Name":"Company","#text":"Oracle and/or its affiliates"},{"@Name":"OriginalFileName","#text":"VBoxService.exe"},{"@Name":"CommandLine","#text":"vbox_stat --machinereadable -- V:/"},{"@Name":"CurrentDirectory","#text":"C:\\Windows\\system32\\"},{"@Name":"User","#text":"SERVER002\\testing"},{"@Name":"LogonGuid","#text":"dbf410b3-673f-6802-9e36-1c0100000000"},{"@Name":"LogonId","#text":"0x11C369E"},{"@Name":"TerminalSessionId","#text":"0"},{"@Name":"IntegrityLevel","#text":"Medium"},{"@Name":"Hashes","#text":"SHA256=2A4F84FFFDB283588DC9C771A9FB1900559180CE6EDE597C3195E21F1F9D676E"},{"@Name":"ParentProcessGuid","#text":"dbf410b3-673f-6802-9804-000000003e00"},{"@Name":"ParentProcessId","#text":"12944"},{"@Name":"ParentImage","#text":"C:\\Windows\\System32\\VBoxService.exe"},{"@Name":"ParentCommandLine","#text":"C:\\Windows\\System32\\VBoxService.exe guestsession --session-id=1 --session-proto=2 --user testing"},{"@Name":"ParentUser","#text":"SERVER002\\testing"}]}}}
{"Event":{"System":{"Provider":{"@Name":"Microsoft-Windows-Sysmon","@Guid":"5770385f-c22a-43e0-bf4c-06f5698ffbd9"},"EventID":"5","Version":"3","Level":"4","Task":"5","Opcode":"0","Keywords":"0x8000000000000000","TimeCreated":{"@SystemTime":"2025-04-18 14:52:48.1341678"},"EventRecordID":"32410","Correlation":null,"Execution":{"@ProcessID":"3112","@ThreadID":"4188"},"Channel":"Microsoft-Windows-Sysmon/Operational","Computer":"Server002","Security":{"@UserID":"S-1-5-18"}},"EventData":{"Data":[{"@Name":"RuleName","#text":"-"},{"@Name":"UtcTime","#text":"2025-04-18 14:52:48.125"},{"@Name":"ProcessGuid","#text":"dbf410b3-6740-6802-af04-000000003e00"},{"@Name":"ProcessId","#text":"3204"},{"@Name":"Image","#text":"C:\\Windows\\System32\\VBoxService.exe"},{"@Name":"User","#text":"SERVER002\\testing"}]}}}
{"Event":{"System":{"Provider":{"@Name":"Microsoft-Windows-Sysmon","@Guid":"5770385f-c22a-43e0-bf4c-06f5698ffbd9"},"EventID":"1","Version":"5","Level":"4","Task":"1","Opcode":"0","Keywords":"0x8000000000000000","TimeCreated":{"@SystemTime":"2025-04-18 14:52:48.1464085"},"EventRecordID":"32411","Correlation":null,"Execution":{"@ProcessID":"3112","@ThreadID":"4188"},"Channel":"Microsoft-Windows-Sysmon/Operational","Computer":"Server002","Security":{"@UserID":"S-1-5-18"}},"EventData":{"Data":[{"@Name":"RuleName","#text":"-"},{"@Name":"UtcTime","#text":"2025-04-18 14:52:48.142"},{"@Name":"ProcessGuid","#text":"dbf410b3-6740-6802-b004-000000003e00"},{"@Name":"ProcessId","#text":"10212"},{"@Name":"Image","#text":"C:\\Windows\\System32\\VBoxService.exe"},{"@Name":"FileVersion","#text":"7.0.18.162988"},{"@Name":"Description","#text":"VirtualBox Guest Additions Service"},{"@Name":"Product","#text":"Oracle VM VirtualBox Guest Additions"},{"@Name":"Company","#text":"Oracle and/or its affiliates"},{"@Name":"OriginalFileName","#text":"VBoxService.exe"},{"@Name":"CommandLine","#text":"vbox_stat --machinereadable -- W:/"},{"@Name":"CurrentDirectory","#text":"C:\\Windows\\system32\\"},{"@Name":"User","#text":"SERVER002\\testing"},{"@Name":"LogonGuid","#text":"dbf410b3-673f-6802-9e36-1c0100000000"},{"@Name":"LogonId","#text":"0x11C369E"},{"@Name":"TerminalSessionId","#text":"0"},{"@Name":"IntegrityLevel","#text":"Medium"},{"@Name":"Hashes","#text":"SHA256=2A4F84FFFDB283588DC9C771A9FB1900559180CE6EDE597C3195E21F1F9D676E"},{"@Name":"ParentProcessGuid","#text":"dbf410b3-673f-6802-9804-000000003e00"},{"@Name":"ParentProcessId","#text":"12944"},{"@Name":"ParentImage","#text":"C:\\Windows\\System32\\VBoxService.exe"},{"@Name":"ParentCommandLine","#text":"C:\\Windows\\System32\\VBoxService.exe guestsession --session-id=1 --session-proto=2 --user testing"},{"@Name":"ParentUser","#text":"SERVER002\\testing"}]}}}
