{"Event":{"System":{"Provider":{"@Name":"Microsoft-Windows-Sysmon","@Guid":"5770385f-c22a-43e0-bf4c-06f5698ffbd9"},"EventID":"1","Version":"5","Level":"4","Task":"1","Opcode":"0","Keywords":"0x8000000000000000","TimeCreated":{"@SystemTime":"2025-04-18 11:11:21.5523977"},"EventRecordID":"31503","Correlation":null,"Execution":{"@ProcessID":"3112","@ThreadID":"4188"},"Channel":"Microsoft-Windows-Sysmon/Operational","Computer":"Server002","Security":{"@UserID":"S-1-5-18"}},"EventData":{"Data":[{"@Name":"RuleName","#text":"-"},{"@Name":"UtcTime","#text":"2025-04-18 11:11:20.905"},{"@Name":"ProcessGuid","#text":"dbf410b3-3358-6802-e902-000000003e00"},{"@Name":"ProcessId","#text":"10952"},{"@Name":"Image","#text":"C:\\Program Files (x86)\\Microsoft\\Edge\\Application\\msedge.exe"},{"@Name":"FileVersion","#text":"135.0.3179.73"},{"@Name":"Description","#text":"Microsoft Edge"},{"@Name":"Product","#text":"Microsoft Edge"},{"@Name":"Company","#text":"Microsoft Corporation"},{"@Name":"OriginalFileName","#text":"msedge.exe"},{"@Name":"CommandLine","#text":"\"C:\\Program Files (x86)\\Microsoft\\Edge\\Application\\msedge.exe\" --type=renderer --pdf-upsell-enabled --disable-gpu-compositing --video-capture-use-gpu-memory-buffer --lang=en-GB --js-flags=--ms-user-locale= --device-scale-factor=1 --num-raster-threads=1 --renderer-client-id=30 --time-ticks-at-unix-epoch=-1744968670825479 --launch-time-ticks=6008196729 --always-read-main-dll --field-trial-handle=2988,i,3439761003334675561,1889179408643340973,262144 --variations-seed-version --mojo-platform-channel-handle=6652 /prefetch:1"},{"@Name":"CurrentDirectory","#text":"C:\\Program Files (x86)\\Microsoft\\Edge\\Application\\135.0.3179.73\\"},{"@Name":"User","#text":"SERVER002\\lplui"},{"@Name":"LogonGuid","#text":"dbf410b3-1bf3-6802-b583-030000000000"},{"@Name":"LogonId","#text":"0x383B5"},{"@Name":"TerminalSessionId","#text":"1"},{"@Name":"IntegrityLevel","#text":"AppContainer"},{"@Name":"Hashes","#text":"SHA256=C8081A749E80FE9CA91EA495B765EAE0CB850513558AB106FC29FB0D3816616C"},{"@Name":"ParentProcessGuid","#text":"dbf410b3-2adf-6802-1402-000000003e00"},{"@Name":"ParentProcessId","#text":"1608"},{"@Name":"ParentImage","#text":"C:\\Program Files (x86)\\Microsoft\\Edge\\Application\\msedge.exe"},{"@Name":"ParentCommandLine","#text":"\"C:\\Program Files (x86)\\Microsoft\\Edge\\Application\\msedge.exe\" --no-startup-window"},{"@Name":"ParentUser","#text":"SERVER002\\lplui"}]}}}
{"Event":{"System":{"Provider":{"@Name":"Microsoft-Windows-Sysmon","@Guid":"5770385f-c22a-43e0-bf4c-06f5698ffbd9"},"EventID":"5","Version":"3","Level":"4","Task":"5","Opcode":"0","Keywords":"0x8000000000000000","TimeCreated":{"@SystemTime":"2025-04-18 11:11:21.7683529"},"EventRecordID":"31504","Correlation":null,"Execution":{"@ProcessID":"3112","@ThreadID":"4188"},"Channel":"Microsoft-Windows-Sysmon/Operational","Computer":"Server002","Security":{"@UserID":"S-1-5-18"}},"EventData":{"Data":[{"@Name":"RuleName","#text":"-"},{"@Name":"UtcTime","#text":"2025-04-18 11:11:21.733"},{"@Name":"ProcessGuid","#text":"dbf410b3-2b59-6802-3202-000000003e00"},{"@Name":"ProcessId","#text":"7528"},{"@Name":"Image","#text":"C:\\Program Files\\BraveSoftware\\Brave-Browser\\Application\\brave.exe"},{"@Name":"User","#text":"SERVER002\\lplui"}]}}}
{"Event":{"System":{"Provider":{"@Name":"Microsoft-Windows-Sysmon","@Guid":"5770385f-c22a-43e0-bf4c-06f5698ffbd9"},"EventID":"1","Version":"5","Level":"4","Task":"1","Opcode":"0","Keywords":"0x8000000000000000","TimeCreated":{"@SystemTime":"2025-04-18 11:11:22.7018576"},"EventRecordID":"31505","Correlation":null,"Execution":{"@ProcessID":"3112","@ThreadID":"4188"},"Channel":"Microsoft-Windows-Sysmon/Operational","Computer":"Server002","Security":{"@UserID":"S-1-5-18"}},"EventData":{"Data":[{"@Name":"RuleName","#text":"-"},{"@Name":"UtcTime","#text":"2025-04-18 11:11:22.251"},{"@Name":"ProcessGuid","#text":"dbf410b3-335a-6802-ea02-000000003e00"},{"@Name":"ProcessId","#text":"1612"},{"@Name":"Image","#text":"C:\\Program Files\\BraveSoftware\\Brave-Browser\\Application\\brave.exe"},{"@Name":"FileVersion","#text":"135.1.77.100"},{"@Name":"Description","#text":"Brave Browser"},{"@Name":"Product","#text":"Brave Browser"},{"@Name":"Company","#text":"Brave Software, Inc."},{"@Name":"OriginalFileName","#text":"brave.exe"},{"@Name":"CommandLine","#text":"\"C:\\Program Files\\BraveSoftware\\Brave-Browser\\Application\\brave.exe\" "},{"@Name":"CurrentDirectory","#text":"C:\\Program Files\\BraveSoftware\\Brave-Browser\\Application\\"},{"@Name":"User","#text":"SERVER002\\lplui"},{"@Name":"LogonGuid","#text":"dbf410b3-1bf3-6802-b583-030000000000"},{"@Name":"LogonId","#text":"0x383B5"},{"@Name":"TerminalSessionId","#text":"1"},{"@Name":"IntegrityLevel","#text":"Medium"},{"@Name":"Hashes","#text":"SHA256=EB01554FECE2DF194F20D4D586932E26BF322C74A3FD964212C28586A5C7B352"},{"@Name":"ParentProcessGuid","#text":"dbf410b3-1c00-6802-8500-000000003e00"},{"@Name":"ParentProcessId","#text":"4876"},{"@Name":"ParentImage","#text":"C:\\Windows\\explorer.exe"},{"@Name":"ParentCommandLine","#text":"C:\\Windows\\Explorer.EXE"},{"@Name":"ParentUser","#text":"SERVER002\\lplui"}]}}}
{"Event":{"System":{"Provider":{"@Name":"Microsoft-Windows-Sysmon","@Guid":"5770385f-c22a-43e0-bf4c-06f5698ffbd9"},"EventID":"1","Version":"5","Level":"4","Task":"1","Opcode":"0","Keywords":"0x8000000000000000","TimeCreated":{"@SystemTime":"2025-04-18 11:11:24.6181205"},"EventRecordID":"31506","Correlation":null,"Execution":{"@ProcessID":"3112","@ThreadID":"4188"},"Channel":"Microsoft-Windows-Sysmon/Operational","Computer":"Server002","Security":{"@UserID":"S-1-5-18"}},"EventData":{"Data":[{"@Name":"RuleName","#text":"-"},{"@Name":"UtcTime","#text":"2025-04-18 11:11:24.176"},{"@Name":"ProcessGuid","#text":"dbf410b3-335c-6802-ec02-000000003e00"},{"@Name":"ProcessId","#text":"12892"},{"@Name":"Image","#text":"C:\\Program Files\\WindowsApps\\Microsoft.Todos_2.143.2921.0_x64__8wekyb3d8bbwe\\Todo.exe"},{"@Name":"FileVersion","#text":"2.143.2921.0"},{"@Name":"Description","#text":"Microsoft To Do"},{"@Name":"Product","#text":"To Do"},{"@Name":"Company","#text":"Microsoft"},{"@Name":"OriginalFileName","#text":"Todo.exe"},{"@Name":"CommandLine","#text":"\"C:\\Program Files\\WindowsApps\\Microsoft.Todos_2.143.2921.0_x64__8wekyb3d8bbwe\\Todo.exe\" -ServerName:App.AppXfda2ecmmv7vpeq0mkwrj7mkgkg8efffm.mca"},{"@Name":"CurrentDirectory","#text":"C:\\Program Files\\WindowsApps\\Microsoft.Todos_2.143.2921.0_x64__8wekyb3d8bbwe\\"},{"@Name":"User","#text":"SERVER002\\lplui"},{"@Name":"LogonGuid","#text":"dbf410b3-1bf3-6802-b583-030000000000"},{"@Name":"LogonId","#text":"0x383B5"},{"@Name":"TerminalSessionId","#text":"1"},{"@Name":"IntegrityLevel","#text":"AppContainer"},{"@Name":"Hashes","#text":"SHA256=E890AB26B39F95F750B7D03D2FD0BCEC9E86D8B42BDFEBC8A99CF5E41E69E8E6"},{"@Name":"ParentProcessGuid","#text":"00000000-0000-0000-0000-000000000000"},{"@Name":"ParentProcessId","#text":"792"},{"@Name":"ParentImage","#text":"-"},{"@Name":"ParentCommandLine","#text":"-"},{"@Name":"ParentUser","#text":"-"}]}}}
{"Event":{"System":{"Provider":{"@Name":"Microsoft-Windows-Sysmon","@Guid":"5770385f-c22a-43e0-bf4c-06f5698ffbd9"},"EventID":"1","Version":"5","Level":"4","Task":"1","Opcode":"0","Keywords":"0x8000000000000000","TimeCreated":{"@SystemTime":"2025-04-18 11:11:24.8676288"},"EventRecordID":"31507","Correlation":null,"Execution":{"@ProcessID":"3112","@ThreadID":"4188"},"Channel":"Microsoft-Windows-Sysmon/Operational","Computer":"Server002","Security":{"@UserID":"S-1-5-18"}},"EventData":{"Data":[{"@Name":"RuleName","#text":"-"},{"@Name":"UtcTime","#text":"2025-04-18 11:11:24.175"},{"@Name":"ProcessGuid","#text":"dbf410b3-335c-6802-eb02-000000003e00"},{"@Name":"ProcessId","#text":"6688"},{"@Name":"Image","#text":"C:\\Program Files\\BraveSoftware\\Brave-Browser\\Application\\brave.exe"},{"@Name":"FileVersion","#text":"135.1.77.100"},{"@Name":"Description","#text":"Brave Browser"},{"@Name":"Product","#text":"Brave Browser"},{"@Name":"Company","#text":"Brave Software, Inc."},{"@Name":"OriginalFileName","#text":"brave.exe"},{"@Name":"CommandLine","#text":"\"C:\\Program Files\\BraveSoftware\\Brave-Browser\\Application\\brave.exe\" --type=crashpad-handler \"--user-data-dir=C:\\Users\\lplui\\AppData\\Local\\BraveSoftware\\Brave-Browser\\User Data\" /prefetch:4 --monitor-self-annotation=ptype=crashpad-handler \"--database=C:\\Users\\lplui\\AppData\\Local\\BraveSoftware\\Brave-Browser\\User Data\\Crashpad\" \"--metrics-dir=C:\\Users\\lplui\\AppData\\Local\\BraveSoftware\\Brave-Browser\\User Data\" --url=https://cr.brave.com --annotation=plat=Win64 --annotation=prod=Brave --annotation=ver=135.1.77.100 --initial-client-data=0x120,0x124,0x128,0xfc,0x12c,0x7ffc89577018,0x7ffc89577024,0x7ffc89577030"},{"@Name":"CurrentDirectory","#text":"C:\\Program Files\\BraveSoftware\\Brave-Browser\\Application\\"},{"@Name":"User","#text":"SERVER002\\lplui"},{"@Name":"LogonGuid","#text":"dbf410b3-1bf3-6802-b583-030000000000"},{"@Name":"LogonId","#text":"0x383B5"},{"@Name":"TerminalSessionId","#text":"1"},{"@Name":"IntegrityLevel","#text":"Medium"},{"@Name":"Hashes","#text":"SHA256=EB01554FECE2DF194F20D4D586932E26BF322C74A3FD964212C28586A5C7B352"},{"@Name":"ParentProcessGuid","#text":"dbf410b3-335a-6802-ea02-000000003e00"},{"@Name":"ParentProcessId","#text":"1612"},{"@Name":"ParentImage","#text":"C:\\Program Files\\BraveSoftware\\Brave-Browser\\Application\\brave.exe"},{"@Name":"ParentCommandLine","#text":"\"C:\\Program Files\\BraveSoftware\\Brave-Browser\\Application\\brave.exe\" "},{"@Name":"ParentUser","#text":"SERVER002\\lplui"}]}}}
{"Event":{"System":{"Provider":{"@Name":"Microsoft-Windows-Sysmon","@Guid":"5770385f-c22a-43e0-bf4c-06f5698ffbd9"},"EventID":"1","Version":"5","Level":"4","Task":"1","Opcode":"0","Keywords":"0x8000000000000000","TimeCreated":{"@SystemTime":"2025-04-18 11:11:27.9559272"},"EventRecordID":"31508","Correlation":null,"Execution":{"@ProcessID":"3112","@ThreadID":"4188"},"Channel":"Microsoft-Windows-Sysmon/Operational","Computer":"Server002","Security":{"@UserID":"S-1-5-18"}},"EventData":{"Data":[{"@Name":"RuleName","#text":"-"},{"@Name":"UtcTime","#text":"2025-04-18 11:11:27.516"},{"@Name":"ProcessGuid","#text":"dbf410b3-335f-6802-ee02-000000003e00"},{"@Name":"ProcessId","#text":"10484"},{"@Name":"Image","#text":"C:\\Program Files\\BraveSoftware\\Brave-Browser\\Application\\brave.exe"},{"@Name":"FileVersion","#text":"135.1.77.100"},{"@Name":"Description","#text":"Brave Browser"},{"@Name":"Product","#text":"Brave Browser"},{"@Name":"Company","#text":"Brave Software, Inc."},{"@Name":"OriginalFileName","#text":"brave.exe"},{"@Name":"CommandLine","#text":"\"C:\\Program Files\\BraveSoftware\\Brave-Browser\\Application\\brave.exe\" --type=gpu-process --no-pre-read-main-dll --start-stack-profiler --gpu-preferences=UAAAAAAAAADgAAAEAAAAAAAAAAAAAAAAAABgAAEAAAAAAAAAAAAAAAAAAAACAAAAAAAAAAAAAAAAAAAAAAAAABAAAAAAAAAAEAAAAAAAAAAIAAAAAAAAAAgAAAAAAAAA --field-trial-handle=1956,i,13663162414581553845,16441684289914629042,262144 --variations-seed-version=main@d7fcf29a955bf1badfd9a2851e630dd8c4a322ee --mojo-platform-channel-handle=1952 /prefetch:2"},{"@Name":"CurrentDirectory","#text":"C:\\Program Files\\BraveSoftware\\Brave-Browser\\Application\\135.1.77.100\\"},{"@Name":"User","#text":"SERVER002\\lplui"},{"@Name":"LogonGuid","#text":"dbf410b3-1bf3-6802-b583-030000000000"},{"@Name":"LogonId","#text":"0x383B5"},{"@Name":"TerminalSessionId","#text":"1"},{"@Name":"IntegrityLevel","#text":"Low"},{"@Name":"Hashes","#text":"SHA256=EB01554FECE2DF194F20D4D586932E26BF322C74A3FD964212C28586A5C7B352"},{"@Name":"ParentProcessGuid","#text":"dbf410b3-335a-6802-ea02-000000003e00"},{"@Name":"ParentProcessId","#text":"1612"},{"@Name":"ParentImage","#text":"C:\\Program Files\\BraveSoftware\\Brave-Browser\\Application\\brave.exe"},{"@Name":"ParentCommandLine","#text":"\"C:\\Program Files\\BraveSoftware\\Brave-Browser\\Application\\brave.exe\" "},{"@Name":"ParentUser","#text":"SERVER002\\lplui"}]}}}
{"Event":{"System":{"Provider":{"@Name":"Microsoft-Windows-Sysmon","@Guid":"5770385f-c22a-43e0-bf4c-06f5698ffbd9"},"EventID":"1","Version":"5","Level":"4","Task":"1","Opcode":"0","Keywords":"0x8000000000000000","TimeCreated":{"@SystemTime":"2025-04-18 11:11:27.9568602"},"EventRecordID":"31509","Correlation":null,"Execution":{"@ProcessID":"3112","@ThreadID":"4188"},"Channel":"Microsoft-Windows-Sysmon/Operational","Computer":"Server002","Security":{"@UserID":"S-1-5-18"}},"EventData":{"Data":[{"@Name":"RuleName","#text":"-"},{"@Name":"UtcTime","#text":"2025-04-18 11:11:27.507"},{"@Name":"ProcessGuid","#text":"dbf410b3-335f-6802-ed02-000000003e00"},{"@Name":"ProcessId","#text":"4608"},{"@Name":"Image","#text":"C:\\Program Files\\BraveSoftware\\Brave-Browser\\Application\\brave.exe"},{"@Name":"FileVersion","#text":"135.1.77.100"},{"@Name":"Description","#text":"Brave Browser"},{"@Name":"Product","#text":"Brave Browser"},{"@Name":"Company","#text":"Brave Software, Inc."},{"@Name":"OriginalFileName","#text":"brave.exe"},{"@Name":"CommandLine","#text":"\"C:\\Program Files\\BraveSoftware\\Brave-Browser\\Application\\brave.exe\" --type=utility --utility-sub-type=network.mojom.NetworkService --lang=en-GB --service-sandbox-type=none --start-stack-profiler --field-trial-handle=1956,i,13663162414581553845,16441684289914629042,262144 --variations-seed-version=main@d7fcf29a955bf1badfd9a2851e630dd8c4a322ee --mojo-platform-channel-handle=2156 /prefetch:3"},{"@Name":"CurrentDirectory","#text":"C:\\Program Files\\BraveSoftware\\Brave-Browser\\Application\\135.1.77.100\\"},{"@Name":"User","#text":"SERVER002\\lplui"},{"@Name":"LogonGuid","#text":"dbf410b3-1bf3-6802-b583-030000000000"},{"@Name":"LogonId","#text":"0x383B5"},{"@Name":"TerminalSessionId","#text":"1"},{"@Name":"IntegrityLevel","#text":"Medium"},{"@Name":"Hashes","#text":"SHA256=EB01554FECE2DF194F20D4D586932E26BF322C74A3FD964212C28586A5C7B352"},{"@Name":"ParentProcessGuid","#text":"dbf410b3-335a-6802-ea02-000000003e00"},{"@Name":"ParentProcessId","#text":"1612"},{"@Name":"ParentImage","#text":"C:\\Program Files\\BraveSoftware\\Brave-Browser\\Application\\brave.exe"},{"@Name":"ParentCommandLine","#text":"\"C:\\Program Files\\BraveSoftware\\Brave-Browser\\Application\\brave.exe\" "},{"@Name":"ParentUser","#text":"SERVER002\\lplui"}]}}}
{"Event":{"System":{"Provider":{"@Name":"Microsoft-Windows-Sysmon","@Guid":"5770385f-c22a-43e0-bf4c-06f5698ffbd9"},"EventID":"1","Version":"5","Level":"4","Task":"1","Opcode":"0","Keywords":"0x8000000000000000","TimeCreated":{"@SystemTime":"2025-04-18 11:11:28.1631656"},"EventRecordID":"31510","Correlation":null,"Execution":{"@ProcessID":"3112","@ThreadID":"4188"},"Channel":"Microsoft-Windows-Sysmon/Operational","Computer":"Server002","Security":{"@UserID":"S-1-5-18"}},"EventData":{"Data":[{"@Name":"RuleName","#text":"-"},{"@Name":"UtcTime","#text":"2025-04-18 11:11:27.740"},{"@Name":"ProcessGuid","#text":"dbf410b3-335f-6802-ef02-000000003e00"},{"@Name":"ProcessId","#text":"1644"},{"@Name":"Image","#text":"C:\\Program Files\\BraveSoftware\\Brave-Browser\\Application\\135.1.77.100\\elevation_service.exe"},{"@Name":"FileVersion","#text":"135.1.77.100"},{"@Name":"Description","#text":"Brave Browser"},{"@Name":"Product","#text":"Brave Browser"},{"@Name":"Company","#text":"Brave Software, Inc."},{"@Name":"OriginalFileName","#text":"elevation_service.exe"},{"@Name":"CommandLine","#text":"\"C:\\Program Files\\BraveSoftware\\Brave-Browser\\Application\\135.1.77.100\\elevation_service.exe\""},{"@Name":"CurrentDirectory","#text":"C:\\Windows\\system32\\"},{"@Name":"User","#text":"NT AUTHORITY\\SYSTEM"},{"@Name":"LogonGuid","#text":"dbf410b3-3809-6802-e703-000000000000"},{"@Name":"LogonId","#text":"0x3E7"},{"@Name":"TerminalSessionId","#text":"0"},{"@Name":"IntegrityLevel","#text":"System"},{"@Name":"Hashes","#text":"SHA256=A8D3689BDD4DC4EDDDB75C1026D01296B9127F6275044D8FCE9FFD63A4293760"},{"@Name":"ParentProcessGuid","#text":"00000000-0000-0000-0000-000000000000"},{"@Name":"ParentProcessId","#text":"672"},{"@Name":"ParentImage","#text":"-"},{"@Name":"ParentCommandLine","#text":"-"},{"@Name":"ParentUser","#text":"-"}]}}}
{"Event":{"System":{"Provider":{"@Name":"Microsoft-Windows-Sysmon","@Guid":"5770385f-c22a-43e0-bf4c-06f5698ffbd9"},"EventID":"1","Version":"5","Level":"4","Task":"1","Opcode":"0","Keywords":"0x8000000000000000","TimeCreated":{"@SystemTime":"2025-04-18 11:11:28.1635857"},"EventRecordID":"31511","Correlation":null,"Execution":{"@ProcessID":"3112","@ThreadID":"4188"},"Channel":"Microsoft-Windows-Sysmon/Operational","Computer":"Server002","Security":{"@UserID":"S-1-5-18"}},"EventData":{"Data":[{"@Name":"RuleName","#text":"-"},{"@Name":"UtcTime","#text":"2025-04-18 11:11:28.142"},{"@Name":"ProcessGuid","#text":"dbf410b3-3360-6802-f002-000000003e00"},{"@Name":"ProcessId","#text":"4760"},{"@Name":"Image","#text":"C:\\Program Files\\BraveSoftware\\Brave-Browser\\Application\\brave.exe"},{"@Name":"FileVersion","#text":"135.1.77.100"},{"@Name":"Description","#text":"Brave Browser"},{"@Name":"Product","#text":"Brave Browser"},{"@Name":"Company","#text":"Brave Software, Inc."},{"@Name":"OriginalFileName","#text":"brave.exe"},{"@Name":"CommandLine","#text":"\"C:\\Program Files\\BraveSoftware\\Brave-Browser\\Application\\brave.exe\" --type=renderer --extension-process --enable-distillability-service --origin-trial-public-key=bYUKPJoPnCxeNvu72j4EmPuK7tr1PAC7SHh8ld9Mw3E=,fMS4mpO6buLQ/QMd+zJmxzty/VQ6B1EUZqoCU04zoRU= --video-capture-use-gpu-memory-buffer --lang=en-GB --device-scale-factor=1 --num-raster-threads=1 --renderer-client-id=6 --time-ticks-at-unix-epoch=-1744968670914994 --launch-time-ticks=6017033486 --field-trial-handle=1956,i,13663162414581553845,16441684289914629042,262144 --variations-seed-version=main@d7fcf29a955bf1badfd9a2851e630dd8c4a322ee --mojo-platform-channel-handle=3040 /prefetch:2"},{"@Name":"CurrentDirectory","#text":"C:\\Program Files\\BraveSoftware\\Brave-Browser\\Application\\135.1.77.100\\"},{"@Name":"User","#text":"SERVER002\\lplui"},{"@Name":"LogonGuid","#text":"dbf410b3-1bf3-6802-b583-030000000000"},{"@Name":"LogonId","#text":"0x383B5"},{"@Name":"TerminalSessionId","#text":"1"},{"@Name":"IntegrityLevel","#text":"Low"},{"@Name":"Hashes","#text":"SHA256=EB01554FECE2DF194F20D4D586932E26BF322C74A3FD964212C28586A5C7B352"},{"@Name":"ParentProcessGuid","#text":"dbf410b3-335a-6802-ea02-000000003e00"},{"@Name":"ParentProcessId","#text":"1612"},{"@Name":"ParentImage","#text":"C:\\Program Files\\BraveSoftware\\Brave-Browser\\Application\\brave.exe"},{"@Name":"ParentCommandLine","#text":"\"C:\\Program Files\\BraveSoftware\\Brave-Browser\\Application\\brave.exe\" "},{"@Name":"ParentUser","#text":"SERVER002\\lplui"}]}}}
{"Event":{"System":{"Provider":{"@Name":"Microsoft-Windows-Sysmon","@Guid":"5770385f-c22a-43e0-bf4c-06f5698ffbd9"},"EventID":"1","Version":"5","Level":"4","Task":"1","Opcode":"0","Keywords":"0x8000000000000000","TimeCreated":{"@SystemTime":"2025-04-18 11:11:28.5063205"},"EventRecordID":"31512","Correlation":null,"Execution":{"@ProcessID":"3112","@ThreadID":"4188"},"Channel":"Microsoft-Windows-Sysmon/Operational","Computer":"Server002","Security":{"@UserID":"S-1-5-18"}},"EventData":{"Data":[{"@Name":"RuleName","#text":"-"},{"@Name":"UtcTime","#text":"2025-04-18 11:11:28.239"},{"@Name":"ProcessGuid","#text":"dbf410b3-3360-6802-f202-000000003e00"},{"@Name":"ProcessId","#text":"11296"},{"@Name":"Image","#text":"C:\\Windows\\System32\\RuntimeBroker.exe"},{"@Name":"FileVersion","#text":"10.0.19041.4355 (WinBuild.160101.0800)"},{"@Name":"Description","#text":"Runtime Broker"},{"@Name":"Product","#text":"Microsoft® Windows® Operating System"},{"@Name":"Company","#text":"Microsoft Corporation"},{"@Name":"OriginalFileName","#text":"RuntimeBroker.exe"},{"@Name":"CommandLine","#text":"C:\\Windows\\System32\\RuntimeBroker.exe -Embedding"},{"@Name":"CurrentDirectory","#text":"C:\\Windows\\system32\\"},{"@Name":"User","#text":"SERVER002\\lplui"},{"@Name":"LogonGuid","#text":"dbf410b3-1bf3-6802-b583-030000000000"},{"@Name":"LogonId","#text":"0x383B5"},{"@Name":"TerminalSessionId","#text":"1"},{"@Name":"IntegrityLevel","#text":"Medium"},{"@Name":"Hashes","#text":"SHA256=579DFCED8F02A7E1E6E8DF10C400117D3127EAD7231776A1E467EB507261E920"},{"@Name":"ParentProcessGuid","#text":"00000000-0000-0000-0000-000000000000"},{"@Name":"ParentProcessId","#text":"792"},{"@Name":"ParentImage","#text":"-"},{"@Name":"ParentCommandLine","#text":"-"},{"@Name":"ParentUser","#text":"-"}]}}}
{"Event":{"System":{"Provider":{"@Name":"Microsoft-Windows-Sysmon","@Guid":"5770385f-c22a-43e0-bf4c-06f5698ffbd9"},"EventID":"1","Version":"5","Level":"4","Task":"1","Opcode":"0","Keywords":"0x8000000000000000","TimeCreated":{"@SystemTime":"2025-04-18 11:11:28.5792210"},"EventRecordID":"31513","Correlation":null,"Execution":{"@ProcessID":"3112","@ThreadID":"4188"},"Channel":"Microsoft-Windows-Sysmon/Operational","Computer":"Server002","Security":{"@UserID":"S-1-5-18"}},"EventData":{"Data":[{"@Name":"RuleName","#text":"-"},{"@Name":"UtcTime","#text":"2025-04-18 11:11:28.144"},{"@Name":"ProcessGuid","#text":"dbf410b3-3360-6802-f102-000000003e00"},{"@Name":"ProcessId","#text":"9860"},{"@Name":"Image","#text":"C:\\Program Files\\BraveSoftware\\Brave-Browser\\Application\\brave.exe"},{"@Name":"FileVersion","#text":"135.1.77.100"},{"@Name":"Description","#text":"Brave Browser"},{"@Name":"Product","#text":"Brave Browser"},{"@Name":"Company","#text":"Brave Software, Inc."},{"@Name":"OriginalFileName","#text":"brave.exe"},{"@Name":"CommandLine","#text":"\"C:\\Program Files\\BraveSoftware\\Brave-Browser\\Application\\brave.exe\" --type=utility --utility-sub-type=storage.mojom.StorageService --lang=en-GB --service-sandbox-type=service --field-trial-handle=1956,i,13663162414581553845,16441684289914629042,262144 --variations-seed-version=main@d7fcf29a955bf1badfd9a2851e630dd8c4a322ee --mojo-platform-channel-handle=2928 /prefetch:8"},{"@Name":"CurrentDirectory","#text":"C:\\Program Files\\BraveSoftware\\Brave-Browser\\Application\\135.1.77.100\\"},{"@Name":"User","#text":"SERVER002\\lplui"},{"@Name":"LogonGuid","#text":"dbf410b3-1bf3-6802-b583-030000000000"},{"@Name":"LogonId","#text":"0x383B5"},{"@Name":"TerminalSessionId","#text":"1"},{"@Name":"IntegrityLevel","#text":"Low"},{"@Name":"Hashes","#text":"SHA256=EB01554FECE2DF194F20D4D586932E26BF322C74A3FD964212C28586A5C7B352"},{"@Name":"ParentProcessGuid","#text":"dbf410b3-335a-6802-ea02-000000003e00"},{"@Name":"ParentProcessId","#text":"1612"},{"@Name":"ParentImage","#text":"C:\\Program Files\\BraveSoftware\\Brave-Browser\\Application\\brave.exe"},{"@Name":"ParentCommandLine","#text":"\"C:\\Program Files\\BraveSoftware\\Brave-Browser\\Application\\brave.exe\" "},{"@Name":"ParentUser","#text":"SERVER002\\lplui"}]}}}
{"Event":{"System":{"Provider":{"@Name":"Microsoft-Windows-Sysmon","@Guid":"5770385f-c22a-43e0-bf4c-06f5698ffbd9"},"EventID":"1","Version":"5","Level":"4","Task":"1","Opcode":"0","Keywords":"0x8000000000000000","TimeCreated":{"@SystemTime":"2025-04-18 11:11:28.8099149"},"EventRecordID":"31514","Correlation":null,"Execution":{"@ProcessID":"3112","@ThreadID":"4188"},"Channel":"Microsoft-Windows-Sysmon/Operational","Computer":"Server002","Security":{"@UserID":"S-1-5-18"}},"EventData":{"Data":[{"@Name":"RuleName","#text":"-"},{"@Name":"UtcTime","#text":"2025-04-18 11:11:28.537"},{"@Name":"ProcessGuid","#text":"dbf410b3-3360-6802-f302-000000003e00"},{"@Name":"ProcessId","#text":"10324"},{"@Name":"Image","#text":"C:\\Program Files\\BraveSoftware\\Brave-Browser\\Application\\brave.exe"},{"@Name":"FileVersion","#text":"135.1.77.100"},{"@Name":"Description","#text":"Brave Browser"},{"@Name":"Product","#text":"Brave Browser"},{"@Name":"Company","#text":"Brave Software, Inc."},{"@Name":"OriginalFileName","#text":"brave.exe"},{"@Name":"CommandLine","#text":"\"C:\\Program Files\\BraveSoftware\\Brave-Browser\\Application\\brave.exe\" --type=renderer --enable-distillability-service --origin-trial-public-key=bYUKPJoPnCxeNvu72j4EmPuK7tr1PAC7SHh8ld9Mw3E=,fMS4mpO6buLQ/QMd+zJmxzty/VQ6B1EUZqoCU04zoRU= --video-capture-use-gpu-memory-buffer --lang=en-GB --device-scale-factor=1 --num-raster-threads=1 --renderer-client-id=8 --time-ticks-at-unix-epoch=-1744968670914994 --launch-time-ticks=6017547409 --field-trial-handle=1956,i,13663162414581553845,16441684289914629042,262144 --variations-seed-version=main@d7fcf29a955bf1badfd9a2851e630dd8c4a322ee --mojo-platform-channel-handle=3928 /prefetch:1"},{"@Name":"CurrentDirectory","#text":"C:\\Program Files\\BraveSoftware\\Brave-Browser\\Application\\135.1.77.100\\"},{"@Name":"User","#text":"SERVER002\\lplui"},{"@Name":"LogonGuid","#text":"dbf410b3-1bf3-6802-b583-030000000000"},{"@Name":"LogonId","#text":"0x383B5"},{"@Name":"TerminalSessionId","#text":"1"},{"@Name":"IntegrityLevel","#text":"Low"},{"@Name":"Hashes","#text":"SHA256=EB01554FECE2DF194F20D4D586932E26BF322C74A3FD964212C28586A5C7B352"},{"@Name":"ParentProcessGuid","#text":"dbf410b3-335a-6802-ea02-000000003e00"},{"@Name":"ParentProcessId","#text":"1612"},{"@Name":"ParentImage","#text":"C:\\Program Files\\BraveSoftware\\Brave-Browser\\Application\\brave.exe"},{"@Name":"ParentCommandLine","#text":"\"C:\\Program Files\\BraveSoftware\\Brave-Browser\\Application\\brave.exe\" "},{"@Name":"ParentUser","#text":"SERVER002\\lplui"}]}}}
{"Event":{"System":{"Provider":{"@Name":"Microsoft-Windows-Sysmon","@Guid":"5770385f-c22a-43e0-bf4c-06f5698ffbd9"},"EventID":"1","Version":"5","Level":"4","Task":"1","Opcode":"0","Keywords":"0x8000000000000000","TimeCreated":{"@SystemTime":"2025-04-18 11:11:28.9181706"},"EventRecordID":"31515","Correlation":null,"Execution":{"@ProcessID":"3112","@ThreadID":"4188"},"Channel":"Microsoft-Windows-Sysmon/Operational","Computer":"Server002","Security":{"@UserID":"S-1-5-18"}},"EventData":{"Data":[{"@Name":"RuleName","#text":"-"},{"@Name":"UtcTime","#text":"2025-04-18 11:11:28.541"},{"@Name":"ProcessGuid","#text":"dbf410b3-3360-6802-f402-000000003e00"},{"@Name":"ProcessId","#text":"4756"},{"@Name":"Image","#text":"C:\\Program Files\\BraveSoftware\\Brave-Browser\\Application\\brave.exe"},{"@Name":"FileVersion","#text":"135.1.77.100"},{"@Name":"Description","#text":"Brave Browser"},{"@Name":"Product","#text":"Brave Browser"},{"@Name":"Company","#text":"Brave Software, Inc."},{"@Name":"OriginalFileName","#text":"brave.exe"},{"@Name":"CommandLine","#text":"\"C:\\Program Files\\BraveSoftware\\Brave-Browser\\Application\\brave.exe\" --type=renderer --enable-distillability-service --origin-trial-public-key=bYUKPJoPnCxeNvu72j4EmPuK7tr1PAC7SHh8ld9Mw3E=,fMS4mpO6buLQ/QMd+zJmxzty/VQ6B1EUZqoCU04zoRU= --video-capture-use-gpu-memory-buffer --lang=en-GB --device-scale-factor=1 --num-raster-threads=1 --renderer-client-id=7 --time-ticks-at-unix-epoch=-1744968670914994 --launch-time-ticks=6017548189 --field-trial-handle=1956,i,13663162414581553845,16441684289914629042,262144 --variations-seed-version=main@d7fcf29a955bf1badfd9a2851e630dd8c4a322ee --mojo-platform-channel-handle=3948 /prefetch:1"},{"@Name":"CurrentDirectory","#text":"C:\\Program Files\\BraveSoftware\\Brave-Browser\\Application\\135.1.77.100\\"},{"@Name":"User","#text":"SERVER002\\lplui"},{"@Name":"LogonGuid","#text":"dbf410b3-1bf3-6802-b583-030000000000"},{"@Name":"LogonId","#text":"0x383B5"},{"@Name":"TerminalSessionId","#text":"1"},{"@Name":"IntegrityLevel","#text":"Low"},{"@Name":"Hashes","#text":"SHA256=EB01554FECE2DF194F20D4D586932E26BF322C74A3FD964212C28586A5C7B352"},{"@Name":"ParentProcessGuid","#text":"dbf410b3-335a-6802-ea02-000000003e00"},{"@Name":"ParentProcessId","#text":"1612"},{"@Name":"ParentImage","#text":"C:\\Program Files\\BraveSoftware\\Brave-Browser\\Application\\brave.exe"},{"@Name":"ParentCommandLine","#text":"\"C:\\Program Files\\BraveSoftware\\Brave-Browser\\Application\\brave.exe\" "},{"@Name":"ParentUser","#text":"SERVER002\\lplui"}]}}}
{"Event":{"System":{"Provider":{"@Name":"Microsoft-Windows-Sysmon","@Guid":"5770385f-c22a-43e0-bf4c-06f5698ffbd9"},"EventID":"5","Version":"3","Level":"4","Task":"5","Opcode":"0","Keywords":"0x8000000000000000","TimeCreated":{"@SystemTime":"2025-04-18 11:11:32.1585930"},"EventRecordID":"31516","Correlation":null,"Execution":{"@ProcessID":"3112","@ThreadID":"4188"},"Channel":"Microsoft-Windows-Sysmon/Operational","Computer":"Server002","Security":{"@UserID":"S-1-5-18"}},"EventData":{"Data":[{"@Name":"RuleName","#text":"-"},{"@Name":"UtcTime","#text":"2025-04-18 11:11:31.988"},{"@Name":"ProcessGuid","#text":"dbf410b3-335f-6802-ef02-000000003e00"},{"@Name":"ProcessId","#text":"1644"},{"@Name":"Image","#text":"C:\\Program Files\\BraveSoftware\\Brave-Browser\\Application\\135.1.77.100\\elevation_service.exe"},{"@Name":"User","#text":"NT AUTHORITY\\SYSTEM"}]}}}
{"Event":{"System":{"Provider":{"@Name":"Microsoft-Windows-Sysmon","@Guid":"5770385f-c22a-43e0-bf4c-06f5698ffbd9"},"EventID":"5","Version":"3","Level":"4","Task":"5","Opcode":"0","Keywords":"0x8000000000000000","TimeCreated":{"@SystemTime":"2025-04-18 11:11:32.1586346"},"EventRecordID":"31517","Correlation":null,"Execution":{"@ProcessID":"3112","@ThreadID":"4188"},"Channel":"Microsoft-Windows-Sysmon/Operational","Computer":"Server002","Security":{"@UserID":"S-1-5-18"}},"EventData":{"Data":[{"@Name":"RuleName","#text":"-"},{"@Name":"UtcTime","#text":"2025-04-18 11:11:32.092"},{"@Name":"ProcessGuid","#text":"dbf410b3-3358-6802-e902-000000003e00"},{"@Name":"ProcessId","#text":"10952"},{"@Name":"Image","#text":"C:\\Program Files (x86)\\Microsoft\\Edge\\Application\\msedge.exe"},{"@Name":"User","#text":"SERVER002\\lplui"}]}}}
{"Event":{"System":{"Provider":{"@Name":"Microsoft-Windows-Sysmon","@Guid":"5770385f-c22a-43e0-bf4c-06f5698ffbd9"},"EventID":"1","Version":"5","Level":"4","Task":"1","Opcode":"0","Keywords":"0x8000000000000000","TimeCreated":{"@SystemTime":"2025-04-18 11:11:32.8317608"},"EventRecordID":"31518","Correlation":null,"Execution":{"@ProcessID":"3112","@ThreadID":"4188"},"Channel":"Microsoft-Windows-Sysmon/Operational","Computer":"Server002","Security":{"@UserID":"S-1-5-18"}},"EventData":{"Data":[{"@Name":"RuleName","#text":"-"},{"@Name":"UtcTime","#text":"2025-04-18 11:11:32.059"},{"@Name":"ProcessGuid","#text":"dbf410b3-3364-6802-f502-000000003e00"},{"@Name":"ProcessId","#text":"4068"},{"@Name":"Image","#text":"C:\\Program Files (x86)\\Microsoft\\Edge\\Application\\msedge.exe"},{"@Name":"FileVersion","#text":"135.0.3179.73"},{"@Name":"Description","#text":"Microsoft Edge"},{"@Name":"Product","#text":"Microsoft Edge"},{"@Name":"Company","#text":"Microsoft Corporation"},{"@Name":"OriginalFileName","#text":"msedge.exe"},{"@Name":"CommandLine","#text":"\"C:\\Program Files (x86)\\Microsoft\\Edge\\Application\\msedge.exe\" --type=renderer --pdf-upsell-enabled --disable-gpu-compositing --video-capture-use-gpu-memory-buffer --lang=en-GB --js-flags=--ms-user-locale= --device-scale-factor=1 --num-raster-threads=1 --renderer-client-id=31 --time-ticks-at-unix-epoch=-1744968670825479 --launch-time-ticks=6020083228 --always-read-main-dll --field-trial-handle=2988,i,3439761003334675561,1889179408643340973,262144 --variations-seed-version --mojo-platform-channel-handle=6312 /prefetch:1"},{"@Name":"CurrentDirectory","#text":"C:\\Program Files (x86)\\Microsoft\\Edge\\Application\\135.0.3179.73\\"},{"@Name":"User","#text":"SERVER002\\lplui"},{"@Name":"LogonGuid","#text":"dbf410b3-1bf3-6802-b583-030000000000"},{"@Name":"LogonId","#text":"0x383B5"},{"@Name":"TerminalSessionId","#text":"1"},{"@Name":"IntegrityLevel","#text":"AppContainer"},{"@Name":"Hashes","#text":"SHA256=C8081A749E80FE9CA91EA495B765EAE0CB850513558AB106FC29FB0D3816616C"},{"@Name":"ParentProcessGuid","#text":"dbf410b3-2adf-6802-1402-000000003e00"},{"@Name":"ParentProcessId","#text":"1608"},{"@Name":"ParentImage","#text":"C:\\Program Files (x86)\\Microsoft\\Edge\\Application\\msedge.exe"},{"@Name":"ParentCommandLine","#text":"\"C:\\Program Files (x86)\\Microsoft\\Edge\\Application\\msedge.exe\" --no-startup-window"},{"@Name":"ParentUser","#text":"SERVER002\\lplui"}]}}}
{"Event":{"System":{"Provider":{"@Name":"Microsoft-Windows-Sysmon","@Guid":"5770385f-c22a-43e0-bf4c-06f5698ffbd9"},"EventID":"1","Version":"5","Level":"4","Task":"1","Opcode":"0","Keywords":"0x8000000000000000","TimeCreated":{"@SystemTime":"2025-04-18 11:11:33.6373531"},"EventRecordID":"31519","Correlation":null,"Execution":{"@ProcessID":"3112","@ThreadID":"4188"},"Channel":"Microsoft-Windows-Sysmon/Operational","Computer":"Server002","Security":{"@UserID":"S-1-5-18"}},"EventData":{"Data":[{"@Name":"RuleName","#text":"-"},{"@Name":"UtcTime","#text":"2025-04-18 11:11:33.521"},{"@Name":"ProcessGuid","#text":"dbf410b3-3365-6802-f602-000000003e00"},{"@Name":"ProcessId","#text":"5720"},{"@Name":"Image","#text":"C:\\Windows\\System32\\svchost.exe"},{"@Name":"FileVersion","#text":"10.0.19041.4355 (WinBuild.160101.0800)"},{"@Name":"Description","#text":"Host Process for Windows Services"},{"@Name":"Product","#text":"Microsoft® Windows® Operating System"},{"@Name":"Company","#text":"Microsoft Corporation"},{"@Name":"OriginalFileName","#text":"svchost.exe"},{"@Name":"CommandLine","#text":"C:\\Windows\\System32\\svchost.exe -k wsappx -p -s ClipSVC"},{"@Name":"CurrentDirectory","#text":"C:\\Windows\\system32\\"},{"@Name":"User","#text":"NT AUTHORITY\\SYSTEM"},{"@Name":"LogonGuid","#text":"dbf410b3-3809-6802-e703-000000000000"},{"@Name":"LogonId","#text":"0x3E7"},{"@Name":"TerminalSessionId","#text":"0"},{"@Name":"IntegrityLevel","#text":"System"},{"@Name":"Hashes","#text":"SHA256=6FC3BF1FDFD76860BE782554F8D25BD32F108DB934D70F4253F1E5F23522E503"},{"@Name":"ParentProcessGuid","#text":"00000000-0000-0000-0000-000000000000"},{"@Name":"ParentProcessId","#text":"672"},{"@Name":"ParentImage","#text":"-"},{"@Name":"ParentCommandLine","#text":"-"},{"@Name":"ParentUser","#text":"-"}]}}}
{"Event":{"System":{"Provider":{"@Name":"Microsoft-Windows-Sysmon","@Guid":"5770385f-c22a-43e0-bf4c-06f5698ffbd9"},"EventID":"1","Version":"5","Level":"4","Task":"1","Opcode":"0","Keywords":"0x8000000000000000","TimeCreated":{"@SystemTime":"2025-04-18 11:11:38.3242187"},"EventRecordID":"31520","Correlation":null,"Execution":{"@ProcessID":"3112","@ThreadID":"4188"},"Channel":"Microsoft-Windows-Sysmon/Operational","Computer":"Server002","Security":{"@UserID":"S-1-5-18"}},"EventData":{"Data":[{"@Name":"RuleName","#text":"-"},{"@Name":"UtcTime","#text":"2025-04-18 11:11:38.106"},{"@Name":"ProcessGuid","#text":"dbf410b3-336a-6802-f702-000000003e00"},{"@Name":"ProcessId","#text":"11212"},{"@Name":"Image","#text":"C:\\Program Files\\BraveSoftware\\Brave-Browser\\Application\\brave.exe"},{"@Name":"FileVersion","#text":"135.1.77.100"},{"@Name":"Description","#text":"Brave Browser"},{"@Name":"Product","#text":"Brave Browser"},{"@Name":"Company","#text":"Brave Software, Inc."},{"@Name":"OriginalFileName","#text":"brave.exe"},{"@Name":"CommandLine","#text":"\"C:\\Program Files\\BraveSoftware\\Brave-Browser\\Application\\brave.exe\" --type=utility --utility-sub-type=chrome.mojom.ProcessorMetrics --lang=en-GB --service-sandbox-type=none --field-trial-handle=1956,i,13663162414581553845,16441684289914629042,262144 --variations-seed-version=main@d7fcf29a955bf1badfd9a2851e630dd8c4a322ee --mojo-platform-channel-handle=5492 /prefetch:8"},{"@Name":"CurrentDirectory","#text":"C:\\Program Files\\BraveSoftware\\Brave-Browser\\Application\\135.1.77.100\\"},{"@Name":"User","#text":"SERVER002\\lplui"},{"@Name":"LogonGuid","#text":"dbf410b3-1bf3-6802-b583-030000000000"},{"@Name":"LogonId","#text":"0x383B5"},{"@Name":"TerminalSessionId","#text":"1"},{"@Name":"IntegrityLevel","#text":"Medium"},{"@Name":"Hashes","#text":"SHA256=EB01554FECE2DF194F20D4D586932E26BF322C74A3FD964212C28586A5C7B352"},{"@Name":"ParentProcessGuid","#text":"dbf410b3-335a-6802-ea02-000000003e00"},{"@Name":"ParentProcessId","#text":"1612"},{"@Name":"ParentImage","#text":"C:\\Program Files\\BraveSoftware\\Brave-Browser\\Application\\brave.exe"},{"@Name":"ParentCommandLine","#text":"\"C:\\Program Files\\BraveSoftware\\Brave-Browser\\Application\\brave.exe\" "},{"@Name":"ParentUser","#text":"SERVER002\\lplui"}]}}}
{"Event":{"System":{"Provider":{"@Name":"Microsoft-Windows-Sysmon","@Guid":"5770385f-c22a-43e0-bf4c-06f5698ffbd9"},"EventID":"1","Version":"5","Level":"4","Task":"1","Opcode":"0","Keywords":"0x8000000000000000","TimeCreated":{"@SystemTime":"2025-04-18 11:11:39.5384590"},"EventRecordID":"31521","Correlation":null,"Execution":{"@ProcessID":"3112","@ThreadID":"4188"},"Channel":"Microsoft-Windows-Sysmon/Operational","Computer":"Server002","Security":{"@UserID":"S-1-5-18"}},"EventData":{"Data":[{"@Name":"RuleName","#text":"-"},{"@Name":"UtcTime","#text":"2025-04-18 11:11:39.495"},{"@Name":"ProcessGuid","#text":"dbf410b3-336b-6802-f802-000000003e00"},{"@Name":"ProcessId","#text":"11852"},{"@Name":"Image","#text":"C:\\Windows\\System32\\wbem\\WmiPrvSE.exe"},{"@Name":"FileVersion","#text":"10.0.19041.3636 (WinBuild.160101.0800)"},{"@Name":"Description","#text":"WMI Provider Host"},{"@Name":"Product","#text":"Microsoft® Windows® Operating System"},{"@Name":"Company","#text":"Microsoft Corporation"},{"@Name":"OriginalFileName","#text":"Wmiprvse.exe"},{"@Name":"CommandLine","#text":"C:\\Windows\\system32\\wbem\\wmiprvse.exe -secured -Embedding"},{"@Name":"CurrentDirectory","#text":"C:\\Windows\\system32\\"},{"@Name":"User","#text":"NT AUTHORITY\\NETWORK SERVICE"},{"@Name":"LogonGuid","#text":"dbf410b3-380a-6802-e403-000000000000"},{"@Name":"LogonId","#text":"0x3E4"},{"@Name":"TerminalSessionId","#text":"0"},{"@Name":"IntegrityLevel","#text":"System"},{"@Name":"Hashes","#text":"SHA256=8BBDEAD7357AF7BF0EFE397F9FD7E0EC578755EB8BDBAA65AE4F28EF00087AD5"},{"@Name":"ParentProcessGuid","#text":"00000000-0000-0000-0000-000000000000"},{"@Name":"ParentProcessId","#text":"792"},{"@Name":"ParentImage","#text":"-"},{"@Name":"ParentCommandLine","#text":"-"},{"@Name":"ParentUser","#text":"-"}]}}}
{"Event":{"System":{"Provider":{"@Name":"Microsoft-Windows-Sysmon","@Guid":"5770385f-c22a-43e0-bf4c-06f5698ffbd9"},"EventID":"1","Version":"5","Level":"4","Task":"1","Opcode":"0","Keywords":"0x8000000000000000","TimeCreated":{"@SystemTime":"2025-04-18 11:11:40.0829219"},"EventRecordID":"31522","Correlation":null,"Execution":{"@ProcessID":"3112","@ThreadID":"4188"},"Channel":"Microsoft-Windows-Sysmon/Operational","Computer":"Server002","Security":{"@UserID":"S-1-5-18"}},"EventData":{"Data":[{"@Name":"RuleName","#text":"-"},{"@Name":"UtcTime","#text":"2025-04-18 11:11:39.976"},{"@Name":"ProcessGuid","#text":"dbf410b3-336b-6802-f902-000000003e00"},{"@Name":"ProcessId","#text":"9952"},{"@Name":"Image","#text":"C:\\Windows\\System32\\svchost.exe"},{"@Name":"FileVersion","#text":"10.0.19041.4355 (WinBuild.160101.0800)"},{"@Name":"Description","#text":"Host Process for Windows Services"},{"@Name":"Product","#text":"Microsoft® Windows® Operating System"},{"@Name":"Company","#text":"Microsoft Corporation"},{"@Name":"OriginalFileName","#text":"svchost.exe"},{"@Name":"CommandLine","#text":"C:\\Windows\\system32\\svchost.exe -k appmodel -p -s camsvc"},{"@Name":"CurrentDirectory","#text":"C:\\Windows\\system32\\"},{"@Name":"User","#text":"NT AUTHORITY\\SYSTEM"},{"@Name":"LogonGuid","#text":"dbf410b3-3809-6802-e703-000000000000"},{"@Name":"LogonId","#text":"0x3E7"},{"@Name":"TerminalSessionId","#text":"0"},{"@Name":"IntegrityLevel","#text":"System"},{"@Name":"Hashes","#text":"SHA256=6FC3BF1FDFD76860BE782554F8D25BD32F108DB934D70F4253F1E5F23522E503"},{"@Name":"ParentProcessGuid","#text":"00000000-0000-0000-0000-000000000000"},{"@Name":"ParentProcessId","#text":"672"},{"@Name":"ParentImage","#text":"-"},{"@Name":"ParentCommandLine","#text":"-"},{"@Name":"ParentUser","#text":"-"}]}}}
{"Event":{"System":{"Provider":{"@Name":"Microsoft-Windows-Sysmon","@Guid":"5770385f-c22a-43e0-bf4c-06f5698ffbd9"},"EventID":"1","Version":"5","Level":"4","Task":"1","Opcode":"0","Keywords":"0x8000000000000000","TimeCreated":{"@SystemTime":"2025-04-18 11:11:42.8571237"},"EventRecordID":"31523","Correlation":null,"Execution":{"@ProcessID":"3112","@ThreadID":"4188"},"Channel":"Microsoft-Windows-Sysmon/Operational","Computer":"Server002","Security":{"@UserID":"S-1-5-18"}},"EventData":{"Data":[{"@Name":"RuleName","#text":"-"},{"@Name":"UtcTime","#text":"2025-04-18 11:11:42.819"},{"@Name":"ProcessGuid","#text":"dbf410b3-336e-6802-fb02-000000003e00"},{"@Name":"ProcessId","#text":"7620"},{"@Name":"Image","#text":"C:\\Program Files\\BraveSoftware\\Brave-Browser\\Application\\brave.exe"},{"@Name":"FileVersion","#text":"135.1.77.100"},{"@Name":"Description","#text":"Brave Browser"},{"@Name":"Product","#text":"Brave Browser"},{"@Name":"Company","#text":"Brave Software, Inc."},{"@Name":"OriginalFileName","#text":"brave.exe"},{"@Name":"CommandLine","#text":"\"C:\\Program Files\\BraveSoftware\\Brave-Browser\\Application\\brave.exe\" --type=utility --utility-sub-type=patch.mojom.FilePatcher --lang=en-GB --service-sandbox-type=service --field-trial-handle=1956,i,13663162414581553845,16441684289914629042,262144 --variations-seed-version=main@d7fcf29a955bf1badfd9a2851e630dd8c4a322ee --mojo-platform-channel-handle=5940 /prefetch:8"},{"@Name":"CurrentDirectory","#text":"C:\\Program Files\\BraveSoftware\\Brave-Browser\\Application\\135.1.77.100\\"},{"@Name":"User","#text":"SERVER002\\lplui"},{"@Name":"LogonGuid","#text":"dbf410b3-1bf3-6802-b583-030000000000"},{"@Name":"LogonId","#text":"0x383B5"},{"@Name":"TerminalSessionId","#text":"1"},{"@Name":"IntegrityLevel","#text":"Low"},{"@Name":"Hashes","#text":"SHA256=EB01554FECE2DF194F20D4D586932E26BF322C74A3FD964212C28586A5C7B352"},{"@Name":"ParentProcessGuid","#text":"dbf410b3-335a-6802-ea02-000000003e00"},{"@Name":"ParentProcessId","#text":"1612"},{"@Name":"ParentImage","#text":"C:\\Program Files\\BraveSoftware\\Brave-Browser\\Application\\brave.exe"},{"@Name":"ParentCommandLine","#text":"\"C:\\Program Files\\BraveSoftware\\Brave-Browser\\Application\\brave.exe\" "},{"@Name":"ParentUser","#text":"SERVER002\\lplui"}]}}}
{"Event":{"System":{"Provider":{"@Name":"Microsoft-Windows-Sysmon","@Guid":"5770385f-c22a-43e0-bf4c-06f5698ffbd9"},"EventID":"1","Version":"5","Level":"4","Task":"1","Opcode":"0","Keywords":"0x8000000000000000","TimeCreated":{"@SystemTime":"2025-04-18 11:11:42.9170014"},"EventRecordID":"31524","Correlation":null,"Execution":{"@ProcessID":"3112","@ThreadID":"4188"},"Channel":"Microsoft-Windows-Sysmon/Operational","Computer":"Server002","Security":{"@UserID":"S-1-5-18"}},"EventData":{"Data":[{"@Name":"RuleName","#text":"-"},{"@Name":"UtcTime","#text":"2025-04-18 11:11:42.816"},{"@Name":"ProcessGuid","#text":"dbf410b3-336e-6802-fa02-000000003e00"},{"@Name":"ProcessId","#text":"9684"},{"@Name":"Image","#text":"C:\\Program Files\\BraveSoftware\\Brave-Browser\\Application\\brave.exe"},{"@Name":"FileVersion","#text":"135.1.77.100"},{"@Name":"Description","#text":"Brave Browser"},{"@Name":"Product","#text":"Brave Browser"},{"@Name":"Company","#text":"Brave Software, Inc."},{"@Name":"OriginalFileName","#text":"brave.exe"},{"@Name":"CommandLine","#text":"\"C:\\Program Files\\BraveSoftware\\Brave-Browser\\Application\\brave.exe\" --type=utility --utility-sub-type=patch.mojom.FilePatcher --lang=en-GB --service-sandbox-type=service --field-trial-handle=1956,i,13663162414581553845,16441684289914629042,262144 --variations-seed-version=main@d7fcf29a955bf1badfd9a2851e630dd8c4a322ee --mojo-platform-channel-handle=5896 /prefetch:8"},{"@Name":"CurrentDirectory","#text":"C:\\Program Files\\BraveSoftware\\Brave-Browser\\Application\\135.1.77.100\\"},{"@Name":"User","#text":"SERVER002\\lplui"},{"@Name":"LogonGuid","#text":"dbf410b3-1bf3-6802-b583-030000000000"},{"@Name":"LogonId","#text":"0x383B5"},{"@Name":"TerminalSessionId","#text":"1"},{"@Name":"IntegrityLevel","#text":"Low"},{"@Name":"Hashes","#text":"SHA256=EB01554FECE2DF194F20D4D586932E26BF322C74A3FD964212C28586A5C7B352"},{"@Name":"ParentProcessGuid","#text":"dbf410b3-335a-6802-ea02-000000003e00"},{"@Name":"ParentProcessId","#text":"1612"},{"@Name":"ParentImage","#text":"C:\\Program Files\\BraveSoftware\\Brave-Browser\\Application\\brave.exe"},{"@Name":"ParentCommandLine","#text":"\"C:\\Program Files\\BraveSoftware\\Brave-Browser\\Application\\brave.exe\" "},{"@Name":"ParentUser","#text":"SERVER002\\lplui"}]}}}
{"Event":{"System":{"Provider":{"@Name":"Microsoft-Windows-Sysmon","@Guid":"5770385f-c22a-43e0-bf4c-06f5698ffbd9"},"EventID":"1","Version":"5","Level":"4","Task":"1","Opcode":"0","Keywords":"0x8000000000000000","TimeCreated":{"@SystemTime":"2025-04-18 11:11:42.9571162"},"EventRecordID":"31525","Correlation":null,"Execution":{"@ProcessID":"3112","@ThreadID":"4188"},"Channel":"Microsoft-Windows-Sysmon/Operational","Computer":"Server002","Security":{"@UserID":"S-1-5-18"}},"EventData":{"Data":[{"@Name":"RuleName","#text":"-"},{"@Name":"UtcTime","#text":"2025-04-18 11:11:42.820"},{"@Name":"ProcessGuid","#text":"dbf410b3-336e-6802-fc02-000000003e00"},{"@Name":"ProcessId","#text":"11724"},{"@Name":"Image","#text":"C:\\Program Files\\BraveSoftware\\Brave-Browser\\Application\\brave.exe"},{"@Name":"FileVersion","#text":"135.1.77.100"},{"@Name":"Description","#text":"Brave Browser"},{"@Name":"Product","#text":"Brave Browser"},{"@Name":"Company","#text":"Brave Software, Inc."},{"@Name":"OriginalFileName","#text":"brave.exe"},{"@Name":"CommandLine","#text":"\"C:\\Program Files\\BraveSoftware\\Brave-Browser\\Application\\brave.exe\" --type=utility --utility-sub-type=patch.mojom.FilePatcher --lang=en-GB --service-sandbox-type=service --field-trial-handle=1956,i,13663162414581553845,16441684289914629042,262144 --variations-seed-version=main@d7fcf29a955bf1badfd9a2851e630dd8c4a322ee --mojo-platform-channel-handle=5960 /prefetch:8"},{"@Name":"CurrentDirectory","#text":"C:\\Program Files\\BraveSoftware\\Brave-Browser\\Application\\135.1.77.100\\"},{"@Name":"User","#text":"SERVER002\\lplui"},{"@Name":"LogonGuid","#text":"dbf410b3-1bf3-6802-b583-030000000000"},{"@Name":"LogonId","#text":"0x383B5"},{"@Name":"TerminalSessionId","#text":"1"},{"@Name":"IntegrityLevel","#text":"Low"},{"@Name":"Hashes","#text":"SHA256=EB01554FECE2DF194F20D4D586932E26BF322C74A3FD964212C28586A5C7B352"},{"@Name":"ParentProcessGuid","#text":"dbf410b3-335a-6802-ea02-000000003e00"},{"@Name":"ParentProcessId","#text":"1612"},{"@Name":"ParentImage","#text":"C:\\Program Files\\BraveSoftware\\Brave-Browser\\Application\\brave.exe"},{"@Name":"ParentCommandLine","#text":"\"C:\\Program Files\\BraveSoftware\\Brave-Browser\\Application\\brave.exe\" "},{"@Name":"ParentUser","#text":"SERVER002\\lplui"}]}}}
{"Event":{"System":{"Provider":{"@Name":"Microsoft-Windows-Sysmon","@Guid":"5770385f-c22a-43e0-bf4c-06f5698ffbd9"},"EventID":"1","Version":"5","Level":"4","Task":"1","Opcode":"0","Keywords":"0x8000000000000000","TimeCreated":{"@SystemTime":"2025-04-18 11:11:43.3731281"},"EventRecordID":"31526","Correlation":null,"Execution":{"@ProcessID":"3112","@ThreadID":"4188"},"Channel":"Microsoft-Windows-Sysmon/Operational","Computer":"Server002","Security":{"@UserID":"S-1-5-18"}},"EventData":{"Data":[{"@Name":"RuleName","#text":"-"},{"@Name":"UtcTime","#text":"2025-04-18 11:11:43.309"},{"@Name":"ProcessGuid","#text":"dbf410b3-336f-6802-fd02-000000003e00"},{"@Name":"ProcessId","#text":"6396"},{"@Name":"Image","#text":"C:\\Program Files\\BraveSoftware\\Brave-Browser\\Application\\brave.exe"},{"@Name":"FileVersion","#text":"135.1.77.100"},{"@Name":"Description","#text":"Brave Browser"},{"@Name":"Product","#text":"Brave Browser"},{"@Name":"Company","#text":"Brave Software, Inc."},{"@Name":"OriginalFileName","#text":"brave.exe"},{"@Name":"CommandLine","#text":"\"C:\\Program Files\\BraveSoftware\\Brave-Browser\\Application\\brave.exe\" --type=utility --utility-sub-type=unzip.mojom.Unzipper --lang=en-GB --service-sandbox-type=service --field-trial-handle=1956,i,13663162414581553845,16441684289914629042,262144 --variations-seed-version=main@d7fcf29a955bf1badfd9a2851e630dd8c4a322ee --mojo-platform-channel-handle=6272 /prefetch:8"},{"@Name":"CurrentDirectory","#text":"C:\\Program Files\\BraveSoftware\\Brave-Browser\\Application\\135.1.77.100\\"},{"@Name":"User","#text":"SERVER002\\lplui"},{"@Name":"LogonGuid","#text":"dbf410b3-1bf3-6802-b583-030000000000"},{"@Name":"LogonId","#text":"0x383B5"},{"@Name":"TerminalSessionId","#text":"1"},{"@Name":"IntegrityLevel","#text":"Low"},{"@Name":"Hashes","#text":"SHA256=EB01554FECE2DF194F20D4D586932E26BF322C74A3FD964212C28586A5C7B352"},{"@Name":"ParentProcessGuid","#text":"dbf410b3-335a-6802-ea02-000000003e00"},{"@Name":"ParentProcessId","#text":"1612"},{"@Name":"ParentImage","#text":"C:\\Program Files\\BraveSoftware\\Brave-Browser\\Application\\brave.exe"},{"@Name":"ParentCommandLine","#text":"\"C:\\Program Files\\BraveSoftware\\Brave-Browser\\Application\\brave.exe\" "},{"@Name":"ParentUser","#text":"SERVER002\\lplui"}]}}}
