{"Event":{"System":{"Provider":{"@Name":"Microsoft-Windows-Kernel-Boot","@Guid":"15ca44ff-4d7a-4baa-bba5-0998955e531e"},"EventID":"27","Version":"1","Level":"4","Task":"33","Opcode":"0","Keywords":"0x8000000000000000","TimeCreated":{"@SystemTime":"2025-04-22 15:51:08.2317569"},"EventRecordID":"4498","Correlation":null,"Execution":{"@ProcessID":"4","@ThreadID":"8"},"Channel":"System","Computer":"Server002","Security":{"@UserID":"S-1-5-18"}},"EventData":{"Data":[{"@Name":"BootType","#text":"0"},{"@Name":"LoadOptions","#text":" NOEXECUTE=OPTIN"}]}}}
{"Event":{"System":{"Provider":{"@Name":"Microsoft-Windows-Kernel-Boot","@Guid":"15ca44ff-4d7a-4baa-bba5-0998955e531e"},"EventID":"18","Version":"0","Level":"4","Task":"57","Opcode":"0","Keywords":"0x8000000000000000","TimeCreated":{"@SystemTime":"2025-04-22 15:51:08.2317609"},"EventRecordID":"4499","Correlation":null,"Execution":{"@ProcessID":"4","@ThreadID":"8"},"Channel":"System","Computer":"Server002","Security":{"@UserID":"S-1-5-18"}},"EventData":{"Data":{"@Name":"EntryCount","#text":"1"}}}}
{"Event":{"System":{"Provider":{"@Name":"Microsoft-Windows-Kernel-Boot","@Guid":"15ca44ff-4d7a-4baa-bba5-0998955e531e"},"EventID":"32","Version":"0","Level":"4","Task":"58","Opcode":"0","Keywords":"0x8000000000000000","TimeCreated":{"@SystemTime":"2025-04-22 15:51:08.2317795"},"EventRecordID":"4500","Correlation":null,"Execution":{"@ProcessID":"4","@ThreadID":"8"},"Channel":"System","Computer":"Server002","Security":{"@UserID":"S-1-5-18"}},"EventData":{"Data":{"@Name":"BitlockerUserInputTime","#text":"0"}}}}
{"Event":{"System":{"Provider":{"@Name":"Microsoft-Windows-Kernel-General","@Guid":"a68ca8b7-004f-d7b6-a698-07e2de0f1f5d"},"EventID":"20","Version":"0","Level":"4","Task":"6","Opcode":"0","Keywords":"0x8000000000000010","TimeCreated":{"@SystemTime":"2025-04-22 15:51:08.2362384"},"EventRecordID":"4501","Correlation":null,"Execution":{"@ProcessID":"4","@ThreadID":"8"},"Channel":"System","Computer":"Server002","Security":{"@UserID":"S-1-5-18"}},"EventData":{"Data":[{"@Name":"UpdateReason","#text":"0"},{"@Name":"EnabledNew","#text":"True"},{"@Name":"CountNew","#text":"0"},{"@Name":"CountOld","#text":"0"}]}}}
{"Event":{"System":{"Provider":{"@Name":"Microsoft-Windows-HAL","@Guid":"63d1e632-95cc-4443-9312-af927761d52a"},"EventID":"16","Version":"0","Level":"4","Task":"0","Opcode":"0","Keywords":"0x8000000000000000","TimeCreated":{"@SystemTime":"2025-04-22 15:51:08.3270912"},"EventRecordID":"4502","Correlation":null,"Execution":{"@ProcessID":"4","@ThreadID":"8"},"Channel":"System","Computer":"Server002","Security":{"@UserID":"S-1-5-18"}},"EventData":""}}
{"Event":{"System":{"Provider":{"@Name":"Microsoft-Windows-FilterManager","@Guid":"f3c5e28e-63f6-49c7-a204-e48a1bc4b09d"},"EventID":"6","Version":"0","Level":"4","Task":"0","Opcode":"0","Keywords":"0x8000000000000000","TimeCreated":{"@SystemTime":"2025-04-22 15:51:08.4975612"},"EventRecordID":"4503","Correlation":null,"Execution":{"@ProcessID":"4","@ThreadID":"8"},"Channel":"System","Computer":"Server002","Security":{"@UserID":"S-1-5-18"}},"EventData":{"Data":[{"@Name":"FinalStatus","#text":"0x0"},{"@Name":"DeviceVersionMajor","#text":"10"},{"@Name":"DeviceVersionMinor","#text":"0"},{"@Name":"DeviceNameLength","#text":"8"},{"@Name":"DeviceName","#text":"FileInfo"},{"@Name":"DeviceTime","#text":"2062-12-23 06:21:06.0000000"}]}}}
{"Event":{"System":{"Provider":{"@Name":"Microsoft-Windows-FilterManager","@Guid":"f3c5e28e-63f6-49c7-a204-e48a1bc4b09d"},"EventID":"6","Version":"0","Level":"4","Task":"0","Opcode":"0","Keywords":"0x8000000000000000","TimeCreated":{"@SystemTime":"2025-04-22 15:51:08.4979617"},"EventRecordID":"4504","Correlation":null,"Execution":{"@ProcessID":"4","@ThreadID":"8"},"Channel":"System","Computer":"Server002","Security":{"@UserID":"S-1-5-18"}},"EventData":{"Data":[{"@Name":"FinalStatus","#text":"0x0"},{"@Name":"DeviceVersionMajor","#text":"10"},{"@Name":"DeviceVersionMinor","#text":"0"},{"@Name":"DeviceNameLength","#text":"3"},{"@Name":"DeviceName","#text":"Wof"},{"@Name":"DeviceTime","#text":"2090-03-16 19:56:17.0000000"}]}}}
{"Event":{"System":{"Provider":{"@Name":"Microsoft-Windows-FilterManager","@Guid":"f3c5e28e-63f6-49c7-a204-e48a1bc4b09d"},"EventID":"6","Version":"0","Level":"4","Task":"0","Opcode":"0","Keywords":"0x8000000000000000","TimeCreated":{"@SystemTime":"2025-04-22 15:51:08.5244190"},"EventRecordID":"4505","Correlation":null,"Execution":{"@ProcessID":"4","@ThreadID":"8"},"Channel":"System","Computer":"Server002","Security":{"@UserID":"S-1-5-18"}},"EventData":{"Data":[{"@Name":"FinalStatus","#text":"0x0"},{"@Name":"DeviceVersionMajor","#text":"0"},{"@Name":"DeviceVersionMinor","#text":"0"},{"@Name":"DeviceNameLength","#text":"9"},{"@Name":"DeviceName","#text":"SysmonDrv"},{"@Name":"DeviceTime","#text":"2024-07-22 16:29:55.0000000"}]}}}
{"Event":{"System":{"Provider":{"@Name":"Microsoft-Windows-Ntfs","@Guid":"3ff37a1c-a68d-4d6e-8c9b-f79e8b16c482"},"EventID":"98","Version":"0","Level":"4","Task":"0","Opcode":"0","Keywords":"0x8000000000000002","TimeCreated":{"@SystemTime":"2025-04-22 15:51:12.4631331"},"EventRecordID":"4506","Correlation":null,"Execution":{"@ProcessID":"4","@ThreadID":"264"},"Channel":"System","Computer":"Server002","Security":{"@UserID":"S-1-5-18"}},"EventData":{"Data":[{"@Name":"DriveName","#text":"C:"},{"@Name":"DeviceName","#text":"\\Device\\HarddiskVolume2"},{"@Name":"CorruptionActionState","#text":"0"}]}}}
{"Event":{"System":{"Provider":{"@Name":"Microsoft-Windows-FilterManager","@Guid":"f3c5e28e-63f6-49c7-a204-e48a1bc4b09d"},"EventID":"6","Version":"0","Level":"4","Task":"0","Opcode":"0","Keywords":"0x8000000000000000","TimeCreated":{"@SystemTime":"2025-04-22 15:51:12.5688508"},"EventRecordID":"4507","Correlation":null,"Execution":{"@ProcessID":"4","@ThreadID":"8"},"Channel":"System","Computer":"Server002","Security":{"@UserID":"S-1-5-18"}},"EventData":{"Data":[{"@Name":"FinalStatus","#text":"0x0"},{"@Name":"DeviceVersionMajor","#text":"10"},{"@Name":"DeviceVersionMinor","#text":"0"},{"@Name":"DeviceNameLength","#text":"9"},{"@Name":"DeviceName","#text":"FileCrypt"},{"@Name":"DeviceTime","#text":"2002-03-01 12:12:42.0000000"}]}}}
{"Event":{"System":{"Provider":{"@Name":"Microsoft-Windows-FilterManager","@Guid":"f3c5e28e-63f6-49c7-a204-e48a1bc4b09d"},"EventID":"6","Version":"0","Level":"4","Task":"0","Opcode":"0","Keywords":"0x8000000000000000","TimeCreated":{"@SystemTime":"2025-04-22 15:51:12.5756037"},"EventRecordID":"4508","Correlation":null,"Execution":{"@ProcessID":"4","@ThreadID":"8"},"Channel":"System","Computer":"Server002","Security":{"@UserID":"S-1-5-18"}},"EventData":{"Data":[{"@Name":"FinalStatus","#text":"0x0"},{"@Name":"DeviceVersionMajor","#text":"10"},{"@Name":"DeviceVersionMinor","#text":"0"},{"@Name":"DeviceNameLength","#text":"4"},{"@Name":"DeviceName","#text":"UCPD"},{"@Name":"DeviceTime","#text":"2054-12-29 18:15:19.0000000"}]}}}
{"Event":{"System":{"Provider":{"@Name":"Microsoft-Windows-FilterManager","@Guid":"f3c5e28e-63f6-49c7-a204-e48a1bc4b09d"},"EventID":"6","Version":"0","Level":"4","Task":"0","Opcode":"0","Keywords":"0x8000000000000000","TimeCreated":{"@SystemTime":"2025-04-22 15:51:12.9217682"},"EventRecordID":"4509","Correlation":null,"Execution":{"@ProcessID":"4","@ThreadID":"8"},"Channel":"System","Computer":"Server002","Security":{"@UserID":"S-1-5-18"}},"EventData":{"Data":[{"@Name":"FinalStatus","#text":"0x0"},{"@Name":"DeviceVersionMajor","#text":"10"},{"@Name":"DeviceVersionMinor","#text":"0"},{"@Name":"DeviceNameLength","#text":"9"},{"@Name":"DeviceName","#text":"npsvctrig"},{"@Name":"DeviceTime","#text":"2025-01-06 03:41:12.0000000"}]}}}
{"Event":{"System":{"Provider":{"@Name":"Microsoft-Windows-Ntfs","@Guid":"3ff37a1c-a68d-4d6e-8c9b-f79e8b16c482"},"EventID":"98","Version":"0","Level":"4","Task":"0","Opcode":"0","Keywords":"0x8000000000000002","TimeCreated":{"@SystemTime":"2025-04-22 15:51:13.0222611"},"EventRecordID":"4510","Correlation":null,"Execution":{"@ProcessID":"4","@ThreadID":"112"},"Channel":"System","Computer":"Server002","Security":{"@UserID":"S-1-5-18"}},"EventData":{"Data":[{"@Name":"DriveName","#text":"\\\\?\\Volume{8c181ea3-0000-0000-0000-100000000000}"},{"@Name":"DeviceName","#text":"\\Device\\HarddiskVolume1"},{"@Name":"CorruptionActionState","#text":"0"}]}}}
{"Event":{"System":{"Provider":{"@Name":"Microsoft-Windows-Kernel-Power","@Guid":"331c3b3a-2005-44c2-ac5e-77220c37d6b4"},"EventID":"41","Version":"8","Level":"1","Task":"63","Opcode":"0","Keywords":"0x8000400000000002","TimeCreated":{"@SystemTime":"2025-04-22 15:51:13.0972661"},"EventRecordID":"4511","Correlation":null,"Execution":{"@ProcessID":"4","@ThreadID":"8"},"Channel":"System","Computer":"Server002","Security":{"@UserID":"S-1-5-18"}},"EventData":{"Data":[{"@Name":"BugcheckCode","#text":"0"},{"@Name":"BugcheckParameter1","#text":"0x0"},{"@Name":"BugcheckParameter2","#text":"0x0"},{"@Name":"BugcheckParameter3","#text":"0x0"},{"@Name":"BugcheckParameter4","#text":"0x0"},{"@Name":"SleepInProgress","#text":"0"},{"@Name":"PowerButtonTimestamp","#text":"0"},{"@Name":"BootAppStatus","#text":"0"},{"@Name":"Checkpoint","#text":"0"},{"@Name":"ConnectedStandbyInProgress","#text":"False"},{"@Name":"SystemSleepTransitionsToOn","#text":"0"},{"@Name":"CsEntryScenarioInstanceId","#text":"0"},{"@Name":"BugcheckInfoFromEFI","#text":"False"},{"@Name":"CheckpointStatus","#text":"0"},{"@Name":"CsEntryScenarioInstanceIdV2","#text":"0"},{"@Name":"LongPowerButtonPressDetected","#text":"False"}]}}}
{"Event":{"System":{"Provider":{"@Name":"Microsoft-Windows-Kernel-Power","@Guid":"331c3b3a-2005-44c2-ac5e-77220c37d6b4"},"EventID":"172","Version":"0","Level":"4","Task":"203","Opcode":"0","Keywords":"0x8000000000000404","TimeCreated":{"@SystemTime":"2025-04-22 15:51:13.0998133"},"EventRecordID":"4512","Correlation":null,"Execution":{"@ProcessID":"4","@ThreadID":"284"},"Channel":"System","Computer":"Server002","Security":{"@UserID":"S-1-5-18"}},"EventData":{"Data":[{"@Name":"State","#text":"2"},{"@Name":"Reason","#text":"6"}]}}}
{"Event":{"System":{"Provider":{"@Name":"Microsoft-Windows-Kernel-Processor-Power","@Guid":"0f67e49f-fe51-4e9f-b490-6f2948cc6027"},"EventID":"55","Version":"0","Level":"4","Task":"47","Opcode":"0","Keywords":"0x8000000000000000","TimeCreated":{"@SystemTime":"2025-04-22 15:51:13.9501340"},"EventRecordID":"4513","Correlation":null,"Execution":{"@ProcessID":"4","@ThreadID":"264"},"Channel":"System","Computer":"Server002","Security":{"@UserID":"S-1-5-18"}},"EventData":{"Data":[{"@Name":"Group","#text":"0"},{"@Name":"Number","#text":"0"},{"@Name":"IdleStateCount","#text":"1"},{"@Name":"IdleImplementation","#text":"1"},{"@Name":"NominalFrequency","#text":"2419"},{"@Name":"MaximumPerformancePercent","#text":"100"},{"@Name":"MinimumPerformancePercent","#text":"100"},{"@Name":"MinimumThrottlePercent","#text":"100"},{"@Name":"PerformanceImplementation","#text":"0"}]}}}
{"Event":{"System":{"Provider":{"@Name":"Microsoft-Windows-Kernel-Processor-Power","@Guid":"0f67e49f-fe51-4e9f-b490-6f2948cc6027"},"EventID":"55","Version":"0","Level":"4","Task":"47","Opcode":"0","Keywords":"0x8000000000000000","TimeCreated":{"@SystemTime":"2025-04-22 15:51:13.9508946"},"EventRecordID":"4514","Correlation":null,"Execution":{"@ProcessID":"4","@ThreadID":"264"},"Channel":"System","Computer":"Server002","Security":{"@UserID":"S-1-5-18"}},"EventData":{"Data":[{"@Name":"Group","#text":"0"},{"@Name":"Number","#text":"1"},{"@Name":"IdleStateCount","#text":"1"},{"@Name":"IdleImplementation","#text":"1"},{"@Name":"NominalFrequency","#text":"2419"},{"@Name":"MaximumPerformancePercent","#text":"100"},{"@Name":"MinimumPerformancePercent","#text":"100"},{"@Name":"MinimumThrottlePercent","#text":"100"},{"@Name":"PerformanceImplementation","#text":"0"}]}}}
{"Event":{"System":{"Provider":{"@Name":"Microsoft-Windows-Kernel-Power","@Guid":"331c3b3a-2005-44c2-ac5e-77220c37d6b4"},"EventID":"521","Version":"0","Level":"4","Task":"220","Opcode":"0","Keywords":"0x8000000000000404","TimeCreated":{"@SystemTime":"2025-04-22 15:51:14.0444398"},"EventRecordID":"4515","Correlation":null,"Execution":{"@ProcessID":"4","@ThreadID":"32"},"Channel":"System","Computer":"Server002","Security":{"@UserID":"S-1-5-18"}},"EventData":{"Data":[{"@Name":"ValidBatteryCount","#text":"1"},{"@Name":"ErrorBatteryCount","#text":"0"},{"@Name":"AbandonedBatteryCount","#text":"0"}]}}}
{"Event":{"System":{"Provider":{"@Name":"Microsoft-Windows-Ntfs","@Guid":"3ff37a1c-a68d-4d6e-8c9b-f79e8b16c482"},"EventID":"98","Version":"0","Level":"4","Task":"0","Opcode":"0","Keywords":"0x8000000000000002","TimeCreated":{"@SystemTime":"2025-04-22 15:51:18.4980375"},"EventRecordID":"4516","Correlation":null,"Execution":{"@ProcessID":"4","@ThreadID":"292"},"Channel":"System","Computer":"Server002","Security":{"@UserID":"S-1-5-18"}},"EventData":{"Data":[{"@Name":"DriveName","#text":"\\\\?\\Volume{8c181ea3-0000-0000-0000-c05e0c000000}"},{"@Name":"DeviceName","#text":"\\Device\\HarddiskVolume3"},{"@Name":"CorruptionActionState","#text":"0"}]}}}
{"Event":{"System":{"Provider":{"@Name":"Microsoft-Windows-Kernel-General","@Guid":"a68ca8b7-004f-d7b6-a698-07e2de0f1f5d"},"EventID":"24","Version":"0","Level":"4","Task":"11","Opcode":"0","Keywords":"0x8000000000000010","TimeCreated":{"@SystemTime":"2025-04-22 15:51:19.6382652"},"EventRecordID":"4517","Correlation":null,"Execution":{"@ProcessID":"92","@ThreadID":"416"},"Channel":"System","Computer":"Server002","Security":{"@UserID":"S-1-5-18"}},"EventData":{"Data":[{"@Name":"ExitReason","#text":"0"},{"@Name":"CurrentBias","#text":"-60"},{"@Name":"CurrentTimeZoneID","#text":"2"},{"@Name":"TimeZoneInfoCacheUpdated","#text":"0"},{"@Name":"FirstRefresh","#text":"0"}]}}}
{"Event":{"System":{"Provider":{"@Name":"Microsoft-Windows-Wininit","@Guid":"206f6dea-d3c5-4d10-bc72-989f03c8b84b"},"EventID":"14","Version":"0","Level":"4","Task":"0","Opcode":"0","Keywords":"0x4000000000000000","TimeCreated":{"@SystemTime":"2025-04-22 15:51:20.2584380"},"EventRecordID":"4518","Correlation":null,"Execution":{"@ProcessID":"512","@ThreadID":"516"},"Channel":"System","Computer":"Server002","Security":{"@UserID":"S-1-5-18"}},"EventData":{"Data":[{"@Name":"Config","#text":"0"},{"@Name":"IsTestConfig","#text":"0"}]}}}
{"Event":{"System":{"Provider":{"@Name":"Microsoft-Windows-Directory-Services-SAM","@Guid":"0d4fdc09-8c27-494a-bda0-505e4fd8adae"},"EventID":"16962","Version":"0","Level":"4","Task":"0","Opcode":"0","Keywords":"0x8000000000000000","TimeCreated":{"@SystemTime":"2025-04-22 15:51:20.5295860"},"EventRecordID":"4519","Correlation":{"@ActivityID":"5cddc845-b39e-0000-1fc9-dd5c9eb3db01"},"Execution":{"@ProcessID":"664","@ThreadID":"668"},"Channel":"System","Computer":"Server002","Security":{"@UserID":"S-1-5-18"}},"EventData":{"@Name":"SAMMSG_RESTRICT_REMOTE_SAM_DEFAULT_SD","Data":{"@Name":"Default SD String:","#text":"O:SYG:SYD:(A;;RC;;;BA)"}}}}
{"Event":{"System":{"Provider":{"@Name":"Microsoft-Windows-Directory-Services-SAM","@Guid":"0d4fdc09-8c27-494a-bda0-505e4fd8adae"},"EventID":"16977","Version":"0","Level":"4","Task":"0","Opcode":"0","Keywords":"0x8000000000000000","TimeCreated":{"@SystemTime":"2025-04-22 15:51:20.5399722"},"EventRecordID":"4520","Correlation":{"@ActivityID":"5cddc845-b39e-0000-1fc9-dd5c9eb3db01"},"Execution":{"@ProcessID":"664","@ThreadID":"668"},"Channel":"System","Computer":"Server002","Security":{"@UserID":"S-1-5-18"}},"EventData":{"@Name":"SAMMSG_MINPWDLEN_SETTINGS_IN_EFFECT","Data":[{"@Name":"MinimumPasswordLength","#text":"0"},{"@Name":"RelaxMinimumPasswordLengthLimits","#text":"0"},{"@Name":"MinimumPasswordLengthAudit","#text":"-1"}]}}}
{"Event":{"System":{"Provider":{"@Name":"Microsoft-Windows-Directory-Services-SAM","@Guid":"0d4fdc09-8c27-494a-bda0-505e4fd8adae"},"EventID":"16983","Version":"0","Level":"4","Task":"0","Opcode":"0","Keywords":"0x8000000000000000","TimeCreated":{"@SystemTime":"2025-04-22 15:51:20.5399762"},"EventRecordID":"4521","Correlation":{"@ActivityID":"5cddc845-b39e-0000-1fc9-dd5c9eb3db01"},"Execution":{"@ProcessID":"664","@ThreadID":"668"},"Channel":"System","Computer":"Server002","Security":{"@UserID":"S-1-5-18"}},"EventData":{"@Name":"SAMMSG_AUDIT_LEGACY_PWD_RPC_METHODS_OFF"}}}
{"Event":{"System":{"Provider":{"@Name":"Microsoft-Windows-Dhcp-Client","@Guid":"15a7a4f8-0072-4eab-abad-f98a4d666aed"},"EventID":"50036","Version":"0","Level":"4","Task":"4","Opcode":"68","Keywords":"0x2000000000000000","TimeCreated":{"@SystemTime":"2025-04-22 15:51:21.5945703"},"EventRecordID":"4522","Correlation":null,"Execution":{"@ProcessID":"1356","@ThreadID":"1428"},"Channel":"System","Computer":"Server002","Security":{"@UserID":"S-1-5-19"}},"EventData":""}}
{"Event":{"System":{"Provider":{"@Name":"Microsoft-Windows-Dhcp-Client","@Guid":"15a7a4f8-0072-4eab-abad-f98a4d666aed"},"EventID":"50103","Version":"0","Level":"4","Task":"4","Opcode":"129","Keywords":"0x2000000000000000","TimeCreated":{"@SystemTime":"2025-04-22 15:51:21.5961514"},"EventRecordID":"4523","Correlation":null,"Execution":{"@ProcessID":"1356","@ThreadID":"1428"},"Channel":"System","Computer":"Server002","Security":{"@UserID":"S-1-5-19"}},"EventData":""}}
{"Event":{"System":{"Provider":{"@Name":"Microsoft-Windows-FilterManager","@Guid":"f3c5e28e-63f6-49c7-a204-e48a1bc4b09d"},"EventID":"6","Version":"0","Level":"4","Task":"0","Opcode":"0","Keywords":"0x8000000000000000","TimeCreated":{"@SystemTime":"2025-04-22 15:51:21.7349300"},"EventRecordID":"4524","Correlation":null,"Execution":{"@ProcessID":"4","@ThreadID":"100"},"Channel":"System","Computer":"Server002","Security":{"@UserID":"S-1-5-18"}},"EventData":{"Data":[{"@Name":"FinalStatus","#text":"0x0"},{"@Name":"DeviceVersionMajor","#text":"10"},{"@Name":"DeviceVersionMinor","#text":"0"},{"@Name":"DeviceNameLength","#text":"5"},{"@Name":"DeviceName","#text":"luafv"},{"@Name":"DeviceTime","#text":"2091-08-26 19:09:08.0000000"}]}}}
{"Event":{"System":{"Provider":{"@Name":"Microsoft-Windows-FilterManager","@Guid":"f3c5e28e-63f6-49c7-a204-e48a1bc4b09d"},"EventID":"6","Version":"0","Level":"4","Task":"0","Opcode":"0","Keywords":"0x8000000000000000","TimeCreated":{"@SystemTime":"2025-04-22 15:51:21.7430111"},"EventRecordID":"4525","Correlation":null,"Execution":{"@ProcessID":"4","@ThreadID":"192"},"Channel":"System","Computer":"Server002","Security":{"@UserID":"S-1-5-18"}},"EventData":{"Data":[{"@Name":"FinalStatus","#text":"0x0"},{"@Name":"DeviceVersionMajor","#text":"10"},{"@Name":"DeviceVersionMinor","#text":"0"},{"@Name":"DeviceNameLength","#text":"5"},{"@Name":"DeviceName","#text":"wcifs"},{"@Name":"DeviceTime","#text":"2047-08-27 06:28:50.0000000"}]}}}
{"Event":{"System":{"Provider":{"@Name":"Microsoft-Windows-DHCPv6-Client","@Guid":"6a1f2b00-6a90-4c38-95a5-5cab3b056778"},"EventID":"51046","Version":"0","Level":"4","Task":"4","Opcode":"62","Keywords":"0x2000000000000000","TimeCreated":{"@SystemTime":"2025-04-22 15:51:21.7839367"},"EventRecordID":"4526","Correlation":null,"Execution":{"@ProcessID":"1356","@ThreadID":"1536"},"Channel":"System","Computer":"Server002","Security":{"@UserID":"S-1-5-19"}},"EventData":""}}
{"Event":{"System":{"Provider":{"@Name":"Microsoft-Windows-FilterManager","@Guid":"f3c5e28e-63f6-49c7-a204-e48a1bc4b09d"},"EventID":"6","Version":"0","Level":"4","Task":"0","Opcode":"0","Keywords":"0x8000000000000000","TimeCreated":{"@SystemTime":"2025-04-22 15:51:21.8332397"},"EventRecordID":"4527","Correlation":null,"Execution":{"@ProcessID":"4","@ThreadID":"100"},"Channel":"System","Computer":"Server002","Security":{"@UserID":"S-1-5-18"}},"EventData":{"Data":[{"@Name":"FinalStatus","#text":"0x0"},{"@Name":"DeviceVersionMajor","#text":"10"},{"@Name":"DeviceVersionMinor","#text":"0"},{"@Name":"DeviceNameLength","#text":"6"},{"@Name":"DeviceName","#text":"CldFlt"},{"@Name":"DeviceTime","#text":"2041-04-06 10:09:38.0000000"}]}}}
{"Event":{"System":{"Provider":{"@Name":"Microsoft-Windows-FilterManager","@Guid":"f3c5e28e-63f6-49c7-a204-e48a1bc4b09d"},"EventID":"1","Version":"0","Level":"4","Task":"0","Opcode":"0","Keywords":"0x8000000000000000","TimeCreated":{"@SystemTime":"2025-04-22 15:51:21.8332495"},"EventRecordID":"4528","Correlation":null,"Execution":{"@ProcessID":"4","@ThreadID":"100"},"Channel":"System","Computer":"Server002","Security":{"@UserID":"S-1-5-18"}},"EventData":{"Data":[{"@Name":"FinalStatus","#text":"0x0"},{"@Name":"DeviceVersionMajor","#text":"10"},{"@Name":"DeviceVersionMinor","#text":"0"},{"@Name":"DeviceNameLength","#text":"6"},{"@Name":"DeviceName","#text":"CldFlt"},{"@Name":"DeviceTime","#text":"2041-04-06 10:09:38.0000000"}]}}}
{"Event":{"System":{"Provider":{"@Name":"Microsoft-Windows-FilterManager","@Guid":"f3c5e28e-63f6-49c7-a204-e48a1bc4b09d"},"EventID":"6","Version":"0","Level":"4","Task":"0","Opcode":"0","Keywords":"0x8000000000000000","TimeCreated":{"@SystemTime":"2025-04-22 15:51:21.8333129"},"EventRecordID":"4529","Correlation":null,"Execution":{"@ProcessID":"4","@ThreadID":"100"},"Channel":"System","Computer":"Server002","Security":{"@UserID":"S-1-5-18"}},"EventData":{"Data":[{"@Name":"FinalStatus","#text":"0x0"},{"@Name":"DeviceVersionMajor","#text":"10"},{"@Name":"DeviceVersionMinor","#text":"0"},{"@Name":"DeviceNameLength","#text":"6"},{"@Name":"DeviceName","#text":"CldFlt"},{"@Name":"DeviceTime","#text":"2041-04-06 10:09:38.0000000"}]}}}
{"Event":{"System":{"Provider":{"@Name":"Microsoft-Windows-FilterManager","@Guid":"f3c5e28e-63f6-49c7-a204-e48a1bc4b09d"},"EventID":"6","Version":"0","Level":"4","Task":"0","Opcode":"0","Keywords":"0x8000000000000000","TimeCreated":{"@SystemTime":"2025-04-22 15:51:21.8621527"},"EventRecordID":"4530","Correlation":null,"Execution":{"@ProcessID":"4","@ThreadID":"100"},"Channel":"System","Computer":"Server002","Security":{"@UserID":"S-1-5-18"}},"EventData":{"Data":[{"@Name":"FinalStatus","#text":"0x0"},{"@Name":"DeviceVersionMajor","#text":"10"},{"@Name":"DeviceVersionMinor","#text":"0"},{"@Name":"DeviceNameLength","#text":"10"},{"@Name":"DeviceName","#text":"storqosflt"},{"@Name":"DeviceTime","#text":"2010-08-23 14:03:45.0000000"}]}}}
{"Event":{"System":{"Provider":{"@Name":"Microsoft-Windows-FilterManager","@Guid":"f3c5e28e-63f6-49c7-a204-e48a1bc4b09d"},"EventID":"6","Version":"0","Level":"4","Task":"0","Opcode":"0","Keywords":"0x8000000000000000","TimeCreated":{"@SystemTime":"2025-04-22 15:51:21.8816927"},"EventRecordID":"4531","Correlation":null,"Execution":{"@ProcessID":"4","@ThreadID":"100"},"Channel":"System","Computer":"Server002","Security":{"@UserID":"S-1-5-18"}},"EventData":{"Data":[{"@Name":"FinalStatus","#text":"0x0"},{"@Name":"DeviceVersionMajor","#text":"10"},{"@Name":"DeviceVersionMinor","#text":"0"},{"@Name":"DeviceNameLength","#text":"13"},{"@Name":"DeviceName","#text":"mbamchameleon"},{"@Name":"DeviceTime","#text":"2025-01-23 20:43:38.0000000"}]}}}
{"Event":{"System":{"Provider":{"@Name":"Microsoft-Windows-FilterManager","@Guid":"f3c5e28e-63f6-49c7-a204-e48a1bc4b09d"},"EventID":"6","Version":"0","Level":"4","Task":"0","Opcode":"0","Keywords":"0x8000000000000000","TimeCreated":{"@SystemTime":"2025-04-22 15:51:21.9519791"},"EventRecordID":"4532","Correlation":null,"Execution":{"@ProcessID":"4","@ThreadID":"192"},"Channel":"System","Computer":"Server002","Security":{"@UserID":"S-1-5-18"}},"EventData":{"Data":[{"@Name":"FinalStatus","#text":"0x0"},{"@Name":"DeviceVersionMajor","#text":"10"},{"@Name":"DeviceVersionMinor","#text":"0"},{"@Name":"DeviceNameLength","#text":"7"},{"@Name":"DeviceName","#text":"bindflt"},{"@Name":"DeviceTime","#text":"2091-04-16 00:55:03.0000000"}]}}}
{"Event":{"System":{"Provider":{"@Name":"Microsoft-Windows-Kernel-General","@Guid":"a68ca8b7-004f-d7b6-a698-07e2de0f1f5d"},"EventID":"24","Version":"0","Level":"4","Task":"11","Opcode":"0","Keywords":"0x8000000000000010","TimeCreated":{"@SystemTime":"2025-04-22 13:51:23.5322302"},"EventRecordID":"4533","Correlation":null,"Execution":{"@ProcessID":"1660","@ThreadID":"1704"},"Channel":"System","Computer":"Server002","Security":{"@UserID":"S-1-5-18"}},"EventData":{"Data":[{"@Name":"ExitReason","#text":"0"},{"@Name":"CurrentBias","#text":"-60"},{"@Name":"CurrentTimeZoneID","#text":"2"},{"@Name":"TimeZoneInfoCacheUpdated","#text":"0"},{"@Name":"FirstRefresh","#text":"0"}]}}}
{"Event":{"System":{"Provider":{"@Name":"Microsoft-Windows-Kernel-General","@Guid":"a68ca8b7-004f-d7b6-a698-07e2de0f1f5d"},"EventID":"1","Version":"2","Level":"4","Task":"5","Opcode":"0","Keywords":"0x8000000000000010","TimeCreated":{"@SystemTime":"2025-04-22 13:51:23.5327137"},"EventRecordID":"4534","Correlation":null,"Execution":{"@ProcessID":"1660","@ThreadID":"1704"},"Channel":"System","Computer":"Server002","Security":{"@UserID":"S-1-5-18"}},"EventData":{"Data":[{"@Name":"NewTime","#text":"2025-04-22 13:51:23.5320000"},{"@Name":"OldTime","#text":"2025-04-22 15:51:22.0167496"},{"@Name":"Reason","#text":"1"},{"@Name":"ProcessName","#text":"\\Device\\HarddiskVolume2\\Windows\\System32\\VBoxService.exe"},{"@Name":"ProcessID","#text":"1660"}]}}}
{"Event":{"System":{"Provider":{"@Name":"Service Control Manager","@Guid":"{555908d1-a6d7-4695-8e1e-26931d2012f4}","@EventSourceName":"Service Control Manager"},"EventID":{"@Qualifiers":"49152","#text":"7026"},"Version":"0","Level":"4","Task":"0","Opcode":"0","Keywords":"0x8080000000000000","TimeCreated":{"@SystemTime":"2025-04-22 13:51:28.0919146"},"EventRecordID":"4535","Correlation":null,"Execution":{"@ProcessID":"652","@ThreadID":"656"},"Channel":"System","Computer":"Server002","Security":null},"EventData":{"Data":{"@Name":"param1","#text":", dam"}}}}
{"Event":{"System":{"Provider":{"@Name":"Microsoft-Windows-Winlogon","@Guid":"dbe9b383-7cf3-4331-91cc-a3cb16a3b538"},"EventID":"7001","Version":"0","Level":"4","Task":"1101","Opcode":"0","Keywords":"0x2000200000000000","TimeCreated":{"@SystemTime":"2025-04-22 13:51:32.8823145"},"EventRecordID":"4536","Correlation":null,"Execution":{"@ProcessID":"584","@ThreadID":"372"},"Channel":"System","Computer":"Server002","Security":{"@UserID":"S-1-5-18"}},"EventData":{"Data":[{"@Name":"TSId","#text":"1"},{"@Name":"UserSid","#text":"S-1-5-21-3962163828-2803415714-1403596700-1001"}]}}}
{"Event":{"System":{"Provider":{"@Name":"Service Control Manager","@Guid":"{555908d1-a6d7-4695-8e1e-26931d2012f4}","@EventSourceName":"Service Control Manager"},"EventID":{"@Qualifiers":"16384","#text":"7045"},"Version":"0","Level":"4","Task":"0","Opcode":"0","Keywords":"0x8080000000000000","TimeCreated":{"@SystemTime":"2025-04-22 13:51:34.9533549"},"EventRecordID":"4537","Correlation":null,"Execution":{"@ProcessID":"652","@ThreadID":"288"},"Channel":"System","Computer":"Server002","Security":{"@UserID":"S-1-5-18"}},"EventData":{"Data":[{"@Name":"ServiceName","#text":"MBAMWebProtection"},{"@Name":"ImagePath","#text":"C:\\Windows\\system32\\DRIVERS\\mwac.sys"},{"@Name":"ServiceType","#text":"kernel mode driver"},{"@Name":"StartType","#text":"demand start"},{"@Name":"AccountName"}]}}}
{"Event":{"System":{"Provider":{"@Name":"Service Control Manager","@Guid":"{555908d1-a6d7-4695-8e1e-26931d2012f4}","@EventSourceName":"Service Control Manager"},"EventID":{"@Qualifiers":"16384","#text":"7045"},"Version":"0","Level":"4","Task":"0","Opcode":"0","Keywords":"0x8080000000000000","TimeCreated":{"@SystemTime":"2025-04-22 13:51:35.7822228"},"EventRecordID":"4538","Correlation":null,"Execution":{"@ProcessID":"652","@ThreadID":"760"},"Channel":"System","Computer":"Server002","Security":{"@UserID":"S-1-5-18"}},"EventData":{"Data":[{"@Name":"ServiceName","#text":"MBAMFarflt"},{"@Name":"ImagePath","#text":"C:\\Windows\\system32\\DRIVERS\\farflt.sys"},{"@Name":"ServiceType","#text":"kernel mode driver"},{"@Name":"StartType","#text":"demand start"},{"@Name":"AccountName"}]}}}
{"Event":{"System":{"Provider":{"@Name":"Microsoft-Windows-FilterManager","@Guid":"f3c5e28e-63f6-49c7-a204-e48a1bc4b09d"},"EventID":"6","Version":"0","Level":"4","Task":"0","Opcode":"0","Keywords":"0x8000000000000000","TimeCreated":{"@SystemTime":"2025-04-22 13:51:36.6092749"},"EventRecordID":"4539","Correlation":null,"Execution":{"@ProcessID":"4","@ThreadID":"32"},"Channel":"System","Computer":"Server002","Security":{"@UserID":"S-1-5-18"}},"EventData":{"Data":[{"@Name":"FinalStatus","#text":"0x0"},{"@Name":"DeviceVersionMajor","#text":"10"},{"@Name":"DeviceVersionMinor","#text":"0"},{"@Name":"DeviceNameLength","#text":"10"},{"@Name":"DeviceName","#text":"MBAMFarflt"},{"@Name":"DeviceTime","#text":"2025-02-20 21:16:59.0000000"}]}}}
{"Event":{"System":{"Provider":{"@Name":"Service Control Manager","@Guid":"{555908d1-a6d7-4695-8e1e-26931d2012f4}","@EventSourceName":"Service Control Manager"},"EventID":{"@Qualifiers":"16384","#text":"7045"},"Version":"0","Level":"4","Task":"0","Opcode":"0","Keywords":"0x8080000000000000","TimeCreated":{"@SystemTime":"2025-04-22 13:51:39.6088405"},"EventRecordID":"4540","Correlation":null,"Execution":{"@ProcessID":"652","@ThreadID":"348"},"Channel":"System","Computer":"Server002","Security":{"@UserID":"S-1-5-18"}},"EventData":{"Data":[{"@Name":"ServiceName","#text":"Malwarebytes Anti-Exploit"},{"@Name":"ImagePath","#text":"C:\\Windows\\system32\\drivers\\mbae64.sys"},{"@Name":"ServiceType","#text":"kernel mode driver"},{"@Name":"StartType","#text":"system start"},{"@Name":"AccountName"}]}}}
{"Event":{"System":{"Provider":{"@Name":"Service Control Manager","@Guid":"{555908d1-a6d7-4695-8e1e-26931d2012f4}","@EventSourceName":"Service Control Manager"},"EventID":{"@Qualifiers":"16384","#text":"7045"},"Version":"0","Level":"4","Task":"0","Opcode":"0","Keywords":"0x8080000000000000","TimeCreated":{"@SystemTime":"2025-04-22 13:51:45.5987108"},"EventRecordID":"4541","Correlation":null,"Execution":{"@ProcessID":"652","@ThreadID":"3844"},"Channel":"System","Computer":"Server002","Security":{"@UserID":"S-1-5-18"}},"EventData":{"Data":[{"@Name":"ServiceName","#text":"MBAMProtection"},{"@Name":"ImagePath","#text":"C:\\Windows\\system32\\DRIVERS\\mbam.sys"},{"@Name":"ServiceType","#text":"kernel mode driver"},{"@Name":"StartType","#text":"demand start"},{"@Name":"AccountName"}]}}}
{"Event":{"System":{"Provider":{"@Name":"Microsoft-Windows-FilterManager","@Guid":"f3c5e28e-63f6-49c7-a204-e48a1bc4b09d"},"EventID":"6","Version":"0","Level":"4","Task":"0","Opcode":"0","Keywords":"0x8000000000000000","TimeCreated":{"@SystemTime":"2025-04-22 13:51:46.2444483"},"EventRecordID":"4542","Correlation":null,"Execution":{"@ProcessID":"4","@ThreadID":"100"},"Channel":"System","Computer":"Server002","Security":{"@UserID":"S-1-5-18"}},"EventData":{"Data":[{"@Name":"FinalStatus","#text":"0x0"},{"@Name":"DeviceVersionMajor","#text":"10"},{"@Name":"DeviceVersionMinor","#text":"0"},{"@Name":"DeviceNameLength","#text":"14"},{"@Name":"DeviceName","#text":"MBAMProtection"},{"@Name":"DeviceTime","#text":"2024-10-29 21:38:46.0000000"}]}}}
{"Event":{"System":{"Provider":{"@Name":"Microsoft-Windows-DistributedCOM","@Guid":"{1B562E86-B7AA-4131-BADC-B6F3A001407E}","@EventSourceName":"DCOM"},"EventID":{"@Qualifiers":"0","#text":"10016"},"Version":"0","Level":"3","Task":"0","Opcode":"0","Keywords":"0x8080000000000000","TimeCreated":{"@SystemTime":"2025-04-22 13:51:50.4656767"},"EventRecordID":"4543","Correlation":{"@ActivityID":"a692a89e-cad4-4924-abbc-2ef106e10056"},"Execution":{"@ProcessID":"892","@ThreadID":"1196"},"Channel":"System","Computer":"Server002","Security":{"@UserID":"S-1-5-20"}},"EventData":{"Data":[{"@Name":"param1","#text":"machine-default"},{"@Name":"param2","#text":"Local"},{"@Name":"param3","#text":"Activation"},{"@Name":"param4","#text":"{F87B28F1-DA9A-4F35-8EC0-800EFCF26B83}"},{"@Name":"param5","#text":"{0868DC9B-D9A2-4F64-9362-133CEA201299}"},{"@Name":"param6","#text":"NT AUTHORITY"},{"@Name":"param7","#text":"NETWORK SERVICE"},{"@Name":"param8","#text":"S-1-5-20"},{"@Name":"param9","#text":"LocalHost (Using LRPC)"},{"@Name":"param10","#text":"Unavailable"},{"@Name":"param11","#text":"Unavailable"}]}}}
{"Event":{"System":{"Provider":{"@Name":"Microsoft-Windows-Kernel-General","@Guid":"a68ca8b7-004f-d7b6-a698-07e2de0f1f5d"},"EventID":"16","Version":"0","Level":"4","Task":"0","Opcode":"0","Keywords":"0x8000000000000000","TimeCreated":{"@SystemTime":"2025-04-22 13:52:05.5733709"},"EventRecordID":"4544","Correlation":null,"Execution":{"@ProcessID":"7536","@ThreadID":"7608"},"Channel":"System","Computer":"Server002","Security":{"@UserID":"S-1-5-18"}},"EventData":{"Data":[{"@Name":"HiveNameLength","#text":"103"},{"@Name":"HiveName","#text":"\\??\\C:\\Users\\TEMP\\AppData\\Local\\Packages\\Microsoft.AAD.BrokerPlugin_cw5n1h2txyewy\\Settings\\settings.dat"},{"@Name":"KeysUpdated","#text":"3"},{"@Name":"DirtyPages","#text":"1"}]}}}
{"Event":{"System":{"Provider":{"@Name":"Microsoft-Windows-Kernel-General","@Guid":"a68ca8b7-004f-d7b6-a698-07e2de0f1f5d"},"EventID":"16","Version":"0","Level":"4","Task":"0","Opcode":"0","Keywords":"0x8000000000000000","TimeCreated":{"@SystemTime":"2025-04-22 13:52:15.4514485"},"EventRecordID":"4545","Correlation":null,"Execution":{"@ProcessID":"7272","@ThreadID":"6480"},"Channel":"System","Computer":"Server002","Security":{"@UserID":"S-1-5-18"}},"EventData":{"Data":[{"@Name":"HiveNameLength","#text":"117"},{"@Name":"HiveName","#text":"\\??\\C:\\Users\\TEMP\\AppData\\Local\\Packages\\Microsoft.Windows.ContentDeliveryManager_cw5n1h2txyewy\\Settings\\settings.dat"},{"@Name":"KeysUpdated","#text":"3"},{"@Name":"DirtyPages","#text":"1"}]}}}
{"Event":{"System":{"Provider":{"@Name":"Microsoft-Windows-Kernel-General","@Guid":"a68ca8b7-004f-d7b6-a698-07e2de0f1f5d"},"EventID":"16","Version":"0","Level":"4","Task":"0","Opcode":"0","Keywords":"0x8000000000000000","TimeCreated":{"@SystemTime":"2025-04-22 13:52:15.5388227"},"EventRecordID":"4546","Correlation":null,"Execution":{"@ProcessID":"8100","@ThreadID":"4432"},"Channel":"System","Computer":"Server002","Security":{"@UserID":"S-1-5-18"}},"EventData":{"Data":[{"@Name":"HiveNameLength","#text":"118"},{"@Name":"HiveName","#text":"\\??\\C:\\Users\\TEMP\\AppData\\Local\\Packages\\Microsoft.Windows.StartMenuExperienceHost_cw5n1h2txyewy\\Settings\\settings.dat"},{"@Name":"KeysUpdated","#text":"3"},{"@Name":"DirtyPages","#text":"1"}]}}}
{"Event":{"System":{"Provider":{"@Name":"Microsoft-Windows-Kernel-General","@Guid":"a68ca8b7-004f-d7b6-a698-07e2de0f1f5d"},"EventID":"16","Version":"0","Level":"4","Task":"0","Opcode":"0","Keywords":"0x8000000000000000","TimeCreated":{"@SystemTime":"2025-04-22 13:52:18.2729388"},"EventRecordID":"4547","Correlation":null,"Execution":{"@ProcessID":"8324","@ThreadID":"8416"},"Channel":"System","Computer":"Server002","Security":{"@UserID":"S-1-5-18"}},"EventData":{"Data":[{"@Name":"HiveNameLength","#text":"101"},{"@Name":"HiveName","#text":"\\??\\C:\\Users\\TEMP\\AppData\\Local\\Packages\\Microsoft.Windows.Search_cw5n1h2txyewy\\Settings\\settings.dat"},{"@Name":"KeysUpdated","#text":"3"},{"@Name":"DirtyPages","#text":"1"}]}}}
{"Event":{"System":{"Provider":{"@Name":"Microsoft-Windows-DistributedCOM","@Guid":"{1B562E86-B7AA-4131-BADC-B6F3A001407E}","@EventSourceName":"DCOM"},"EventID":{"@Qualifiers":"0","#text":"10016"},"Version":"0","Level":"3","Task":"0","Opcode":"0","Keywords":"0x8080000000000000","TimeCreated":{"@SystemTime":"2025-04-22 13:52:20.0130155"},"EventRecordID":"4548","Correlation":{"@ActivityID":"beeb0bf8-a441-405b-99a2-48c6c2b1d1ea"},"Execution":{"@ProcessID":"892","@ThreadID":"1176"},"Channel":"System","Computer":"Server002","Security":{"@UserID":"S-1-5-20"}},"EventData":{"Data":[{"@Name":"param1","#text":"machine-default"},{"@Name":"param2","#text":"Local"},{"@Name":"param3","#text":"Activation"},{"@Name":"param4","#text":"{F87B28F1-DA9A-4F35-8EC0-800EFCF26B83}"},{"@Name":"param5","#text":"{0868DC9B-D9A2-4F64-9362-133CEA201299}"},{"@Name":"param6","#text":"NT AUTHORITY"},{"@Name":"param7","#text":"NETWORK SERVICE"},{"@Name":"param8","#text":"S-1-5-20"},{"@Name":"param9","#text":"LocalHost (Using LRPC)"},{"@Name":"param10","#text":"Unavailable"},{"@Name":"param11","#text":"Unavailable"}]}}}
{"Event":{"System":{"Provider":{"@Name":"Microsoft-Windows-Kernel-General","@Guid":"a68ca8b7-004f-d7b6-a698-07e2de0f1f5d"},"EventID":"16","Version":"0","Level":"4","Task":"0","Opcode":"0","Keywords":"0x8000000000000000","TimeCreated":{"@SystemTime":"2025-04-22 13:52:29.2424148"},"EventRecordID":"4549","Correlation":null,"Execution":{"@ProcessID":"1408","@ThreadID":"2012"},"Channel":"System","Computer":"Server002","Security":{"@UserID":"S-1-5-18"}},"EventData":{"Data":[{"@Name":"HiveNameLength","#text":"94"},{"@Name":"HiveName","#text":"\\??\\C:\\Users\\TEMP\\AppData\\Local\\Packages\\Microsoft.LockApp_cw5n1h2txyewy\\Settings\\settings.dat"},{"@Name":"KeysUpdated","#text":"3"},{"@Name":"DirtyPages","#text":"1"}]}}}
{"Event":{"System":{"Provider":{"@Name":"Service Control Manager","@Guid":"{555908d1-a6d7-4695-8e1e-26931d2012f4}","@EventSourceName":"Service Control Manager"},"EventID":{"@Qualifiers":"16384","#text":"7040"},"Version":"0","Level":"4","Task":"0","Opcode":"0","Keywords":"0x8080000000000000","TimeCreated":{"@SystemTime":"2025-04-22 13:52:35.4601696"},"EventRecordID":"4550","Correlation":null,"Execution":{"@ProcessID":"652","@ThreadID":"288"},"Channel":"System","Computer":"Server002","Security":{"@UserID":"S-1-5-18"}},"EventData":{"Data":[{"@Name":"param1","#text":"Background Intelligent Transfer Service"},{"@Name":"param2","#text":"demand start"},{"@Name":"param3","#text":"auto start"},{"@Name":"param4","#text":"BITS"}]}}}
{"Event":{"System":{"Provider":{"@Name":"Microsoft-Windows-Kernel-General","@Guid":"a68ca8b7-004f-d7b6-a698-07e2de0f1f5d"},"EventID":"16","Version":"0","Level":"4","Task":"0","Opcode":"0","Keywords":"0x8000000000000000","TimeCreated":{"@SystemTime":"2025-04-22 13:52:41.2876420"},"EventRecordID":"4551","Correlation":null,"Execution":{"@ProcessID":"9964","@ThreadID":"10024"},"Channel":"System","Computer":"Server002","Security":{"@UserID":"S-1-5-18"}},"EventData":{"Data":[{"@Name":"HiveNameLength","#text":"114"},{"@Name":"HiveName","#text":"\\??\\C:\\Users\\TEMP\\AppData\\Local\\Packages\\Microsoft.Windows.ShellExperienceHost_cw5n1h2txyewy\\Settings\\settings.dat"},{"@Name":"KeysUpdated","#text":"3"},{"@Name":"DirtyPages","#text":"1"}]}}}
{"Event":{"System":{"Provider":{"@Name":"Microsoft-Windows-DistributedCOM","@Guid":"{1B562E86-B7AA-4131-BADC-B6F3A001407E}","@EventSourceName":"DCOM"},"EventID":{"@Qualifiers":"0","#text":"10016"},"Version":"0","Level":"3","Task":"0","Opcode":"0","Keywords":"0x8080000000000000","TimeCreated":{"@SystemTime":"2025-04-22 13:52:41.5377651"},"EventRecordID":"4552","Correlation":{"@ActivityID":"3ce9adc3-25f1-4c78-a5ab-869068051aa2"},"Execution":{"@ProcessID":"892","@ThreadID":"920"},"Channel":"System","Computer":"Server002","Security":{"@UserID":"S-1-5-21-3962163828-2803415714-1403596700-1001"}},"EventData":{"Data":[{"@Name":"param1","#text":"machine-default"},{"@Name":"param2","#text":"Local"},{"@Name":"param3","#text":"Activation"},{"@Name":"param4","#text":"{C2F03A33-21F5-47FA-B4BB-156362A2F239}"},{"@Name":"param5","#text":"{316CDED5-E4AE-4B15-9113-7055D84DCC97}"},{"@Name":"param6","#text":"SERVER002"},{"@Name":"param7","#text":"lplui"},{"@Name":"param8","#text":"S-1-5-21-3962163828-2803415714-1403596700-1001"},{"@Name":"param9","#text":"LocalHost (Using LRPC)"},{"@Name":"param10","#text":"Microsoft.Windows.ShellExperienceHost_10.0.19041.5072_neutral_neutral_cw5n1h2txyewy"},{"@Name":"param11","#text":"S-1-15-2-155514346-2573954481-755741238-1654018636-1233331829-3075935687-2861478708"}]}}}
{"Event":{"System":{"Provider":{"@Name":"Microsoft-Windows-DistributedCOM","@Guid":"{1B562E86-B7AA-4131-BADC-B6F3A001407E}","@EventSourceName":"DCOM"},"EventID":{"@Qualifiers":"0","#text":"10016"},"Version":"0","Level":"3","Task":"0","Opcode":"0","Keywords":"0x8080000000000000","TimeCreated":{"@SystemTime":"2025-04-22 13:52:55.4162226"},"EventRecordID":"4553","Correlation":{"@ActivityID":"a8c540f2-c504-4f85-9a12-2981b3e20429"},"Execution":{"@ProcessID":"892","@ThreadID":"8316"},"Channel":"System","Computer":"Server002","Security":{"@UserID":"S-1-5-21-3962163828-2803415714-1403596700-1001"}},"EventData":{"Data":[{"@Name":"param1","#text":"application-specific"},{"@Name":"param2","#text":"Local"},{"@Name":"param3","#text":"Launch"},{"@Name":"param4","#text":"Windows.SecurityCenter.WscCloudBackupProvider"},{"@Name":"param5","#text":"Unavailable"},{"@Name":"param6","#text":"SERVER002"},{"@Name":"param7","#text":"lplui"},{"@Name":"param8","#text":"S-1-5-21-3962163828-2803415714-1403596700-1001"},{"@Name":"param9","#text":"LocalHost (Using LRPC)"},{"@Name":"param10","#text":"Unavailable"},{"@Name":"param11","#text":"Unavailable"}]}}}
{"Event":{"System":{"Provider":{"@Name":"Microsoft-Windows-DistributedCOM","@Guid":"{1B562E86-B7AA-4131-BADC-B6F3A001407E}","@EventSourceName":"DCOM"},"EventID":{"@Qualifiers":"0","#text":"10016"},"Version":"0","Level":"3","Task":"0","Opcode":"0","Keywords":"0x8080000000000000","TimeCreated":{"@SystemTime":"2025-04-22 13:52:56.6662577"},"EventRecordID":"4554","Correlation":{"@ActivityID":"d68d53b4-b9f0-4304-8279-25d91d6afa9c"},"Execution":{"@ProcessID":"892","@ThreadID":"916"},"Channel":"System","Computer":"Server002","Security":{"@UserID":"S-1-5-21-3962163828-2803415714-1403596700-1001"}},"EventData":{"Data":[{"@Name":"param1","#text":"application-specific"},{"@Name":"param2","#text":"Local"},{"@Name":"param3","#text":"Launch"},{"@Name":"param4","#text":"Windows.SecurityCenter.WscCloudBackupProvider"},{"@Name":"param5","#text":"Unavailable"},{"@Name":"param6","#text":"SERVER002"},{"@Name":"param7","#text":"lplui"},{"@Name":"param8","#text":"S-1-5-21-3962163828-2803415714-1403596700-1001"},{"@Name":"param9","#text":"LocalHost (Using LRPC)"},{"@Name":"param10","#text":"Unavailable"},{"@Name":"param11","#text":"Unavailable"}]}}}
{"Event":{"System":{"Provider":{"@Name":"Microsoft-Windows-DistributedCOM","@Guid":"{1B562E86-B7AA-4131-BADC-B6F3A001407E}","@EventSourceName":"DCOM"},"EventID":{"@Qualifiers":"0","#text":"10016"},"Version":"0","Level":"3","Task":"0","Opcode":"0","Keywords":"0x8080000000000000","TimeCreated":{"@SystemTime":"2025-04-22 13:52:57.3946881"},"EventRecordID":"4555","Correlation":{"@ActivityID":"22f14be8-937c-4cac-b740-552e3135b04a"},"Execution":{"@ProcessID":"892","@ThreadID":"8368"},"Channel":"System","Computer":"Server002","Security":{"@UserID":"S-1-5-21-3962163828-2803415714-1403596700-1001"}},"EventData":{"Data":[{"@Name":"param1","#text":"application-specific"},{"@Name":"param2","#text":"Local"},{"@Name":"param3","#text":"Launch"},{"@Name":"param4","#text":"Windows.SecurityCenter.WscCloudBackupProvider"},{"@Name":"param5","#text":"Unavailable"},{"@Name":"param6","#text":"SERVER002"},{"@Name":"param7","#text":"lplui"},{"@Name":"param8","#text":"S-1-5-21-3962163828-2803415714-1403596700-1001"},{"@Name":"param9","#text":"LocalHost (Using LRPC)"},{"@Name":"param10","#text":"Unavailable"},{"@Name":"param11","#text":"Unavailable"}]}}}
{"Event":{"System":{"Provider":{"@Name":"Microsoft-Windows-DistributedCOM","@Guid":"{1B562E86-B7AA-4131-BADC-B6F3A001407E}","@EventSourceName":"DCOM"},"EventID":{"@Qualifiers":"0","#text":"10016"},"Version":"0","Level":"3","Task":"0","Opcode":"0","Keywords":"0x8080000000000000","TimeCreated":{"@SystemTime":"2025-04-22 13:52:57.9080632"},"EventRecordID":"4556","Correlation":{"@ActivityID":"adc91138-04cf-4629-ae3d-d082a90a4540"},"Execution":{"@ProcessID":"892","@ThreadID":"8368"},"Channel":"System","Computer":"Server002","Security":{"@UserID":"S-1-5-21-3962163828-2803415714-1403596700-1001"}},"EventData":{"Data":[{"@Name":"param1","#text":"application-specific"},{"@Name":"param2","#text":"Local"},{"@Name":"param3","#text":"Launch"},{"@Name":"param4","#text":"Windows.SecurityCenter.WscCloudBackupProvider"},{"@Name":"param5","#text":"Unavailable"},{"@Name":"param6","#text":"SERVER002"},{"@Name":"param7","#text":"lplui"},{"@Name":"param8","#text":"S-1-5-21-3962163828-2803415714-1403596700-1001"},{"@Name":"param9","#text":"LocalHost (Using LRPC)"},{"@Name":"param10","#text":"Unavailable"},{"@Name":"param11","#text":"Unavailable"}]}}}
{"Event":{"System":{"Provider":{"@Name":"Microsoft-Windows-DistributedCOM","@Guid":"{1B562E86-B7AA-4131-BADC-B6F3A001407E}","@EventSourceName":"DCOM"},"EventID":{"@Qualifiers":"0","#text":"10016"},"Version":"0","Level":"3","Task":"0","Opcode":"0","Keywords":"0x8080000000000000","TimeCreated":{"@SystemTime":"2025-04-22 13:53:12.7916064"},"EventRecordID":"4557","Correlation":{"@ActivityID":"2dd8586d-2f14-4ac9-af1c-06fab52ca4dc"},"Execution":{"@ProcessID":"892","@ThreadID":"928"},"Channel":"System","Computer":"Server002","Security":{"@UserID":"S-1-5-21-3962163828-2803415714-1403596700-1001"}},"EventData":{"Data":[{"@Name":"param1","#text":"machine-default"},{"@Name":"param2","#text":"Local"},{"@Name":"param3","#text":"Activation"},{"@Name":"param4","#text":"{C2F03A33-21F5-47FA-B4BB-156362A2F239}"},{"@Name":"param5","#text":"{316CDED5-E4AE-4B15-9113-7055D84DCC97}"},{"@Name":"param6","#text":"SERVER002"},{"@Name":"param7","#text":"lplui"},{"@Name":"param8","#text":"S-1-5-21-3962163828-2803415714-1403596700-1001"},{"@Name":"param9","#text":"LocalHost (Using LRPC)"},{"@Name":"param10","#text":"Microsoft.Windows.ShellExperienceHost_10.0.19041.5072_neutral_neutral_cw5n1h2txyewy"},{"@Name":"param11","#text":"S-1-15-2-155514346-2573954481-755741238-1654018636-1233331829-3075935687-2861478708"}]}}}
{"Event":{"System":{"Provider":{"@Name":"Microsoft-Windows-Winlogon","@Guid":"dbe9b383-7cf3-4331-91cc-a3cb16a3b538"},"EventID":"7002","Version":"0","Level":"4","Task":"1102","Opcode":"0","Keywords":"0x2000200000000000","TimeCreated":{"@SystemTime":"2025-04-22 13:53:16.6870612"},"EventRecordID":"4558","Correlation":null,"Execution":{"@ProcessID":"584","@ThreadID":"372"},"Channel":"System","Computer":"Server002","Security":{"@UserID":"S-1-5-18"}},"EventData":{"Data":[{"@Name":"TSId","#text":"1"},{"@Name":"UserSid","#text":"S-1-5-21-3962163828-2803415714-1403596700-1001"}]}}}
{"Event":{"System":{"Provider":{"@Name":"Microsoft-Windows-WinRM","@Guid":"{A7975C8F-AC13-49F1-87DA-5A984A4AB417}","@EventSourceName":"WinRM"},"EventID":{"@Qualifiers":"7","#text":"10148"},"Version":"0","Level":"4","Task":"0","Opcode":"0","Keywords":"0x80000000000000","TimeCreated":{"@SystemTime":"2025-04-22 13:53:28.8632969"},"EventRecordID":"4559","Correlation":null,"Execution":{"@ProcessID":"0","@ThreadID":"0"},"Channel":"System","Computer":"Server002","Security":null},"EventData":{"@Name":"Started Listening"}}}
{"Event":{"System":{"Provider":{"@Name":"Microsoft-Windows-WinRM","@Guid":"{A7975C8F-AC13-49F1-87DA-5A984A4AB417}","@EventSourceName":"WinRM"},"EventID":{"@Qualifiers":"7","#text":"10121"},"Version":"0","Level":"4","Task":"0","Opcode":"0","Keywords":"0x80000000000000","TimeCreated":{"@SystemTime":"2025-04-22 13:53:28.8632969"},"EventRecordID":"4560","Correlation":null,"Execution":{"@ProcessID":"0","@ThreadID":"0"},"Channel":"System","Computer":"Server002","Security":null},"EventData":""}}
{"Event":{"System":{"Provider":{"@Name":"Service Control Manager","@Guid":"{555908d1-a6d7-4695-8e1e-26931d2012f4}","@EventSourceName":"Service Control Manager"},"EventID":{"@Qualifiers":"49152","#text":"7023"},"Version":"0","Level":"2","Task":"0","Opcode":"0","Keywords":"0x8080000000000000","TimeCreated":{"@SystemTime":"2025-04-22 13:53:28.4774507"},"EventRecordID":"4561","Correlation":null,"Execution":{"@ProcessID":"652","@ThreadID":"760"},"Channel":"System","Computer":"Server002","Security":null},"EventData":{"Data":[{"@Name":"param1","#text":"System Guard Runtime Monitor Broker"},{"@Name":"param2","#text":"%%3489660935"}],"Binary":"53-00-67-00-72-00-6D-00-42-00-72-00-6F-00-6B-00-65-00-72-00-00-00"}}}
{"Event":{"System":{"Provider":{"@Name":"Microsoft-Windows-DistributedCOM","@Guid":"{1B562E86-B7AA-4131-BADC-B6F3A001407E}","@EventSourceName":"DCOM"},"EventID":{"@Qualifiers":"0","#text":"10016"},"Version":"0","Level":"3","Task":"0","Opcode":"0","Keywords":"0x8080000000000000","TimeCreated":{"@SystemTime":"2025-04-22 13:53:28.9975824"},"EventRecordID":"4562","Correlation":{"@ActivityID":"47a102d1-c5ce-4892-9267-c0fdf4fbe517"},"Execution":{"@ProcessID":"892","@ThreadID":"1076"},"Channel":"System","Computer":"Server002","Security":{"@UserID":"S-1-5-18"}},"EventData":{"Data":[{"@Name":"param1","#text":"application-specific"},{"@Name":"param2","#text":"Local"},{"@Name":"param3","#text":"Launch"},{"@Name":"param4","#text":"Windows.SecurityCenter.WscBrokerManager"},{"@Name":"param5","#text":"Unavailable"},{"@Name":"param6","#text":"NT AUTHORITY"},{"@Name":"param7","#text":"SYSTEM"},{"@Name":"param8","#text":"S-1-5-18"},{"@Name":"param9","#text":"LocalHost (Using LRPC)"},{"@Name":"param10","#text":"Unavailable"},{"@Name":"param11","#text":"Unavailable"}]}}}
{"Event":{"System":{"Provider":{"@Name":"Microsoft-Windows-DistributedCOM","@Guid":"{1B562E86-B7AA-4131-BADC-B6F3A001407E}","@EventSourceName":"DCOM"},"EventID":{"@Qualifiers":"0","#text":"10016"},"Version":"0","Level":"3","Task":"0","Opcode":"0","Keywords":"0x8080000000000000","TimeCreated":{"@SystemTime":"2025-04-22 13:53:28.9975824"},"EventRecordID":"4563","Correlation":{"@ActivityID":"c6ec21cb-e23c-4796-893d-7bde1979e342"},"Execution":{"@ProcessID":"892","@ThreadID":"1196"},"Channel":"System","Computer":"Server002","Security":{"@UserID":"S-1-5-18"}},"EventData":{"Data":[{"@Name":"param1","#text":"application-specific"},{"@Name":"param2","#text":"Local"},{"@Name":"param3","#text":"Launch"},{"@Name":"param4","#text":"Windows.SecurityCenter.SecurityAppBroker"},{"@Name":"param5","#text":"Unavailable"},{"@Name":"param6","#text":"NT AUTHORITY"},{"@Name":"param7","#text":"SYSTEM"},{"@Name":"param8","#text":"S-1-5-18"},{"@Name":"param9","#text":"LocalHost (Using LRPC)"},{"@Name":"param10","#text":"Unavailable"},{"@Name":"param11","#text":"Unavailable"}]}}}
