{"Event":{"System":{"Provider":{"@Name":"Microsoft-Windows-Sysmon","@Guid":"5770385f-c22a-43e0-bf4c-06f5698ffbd9"},"EventID":"1","Version":"5","Level":"4","Task":"1","Opcode":"0","Keywords":"0x8000000000000000","TimeCreated":{"@SystemTime":"2025-04-22 13:54:16.0524911"},"EventRecordID":"37098","Correlation":null,"Execution":{"@ProcessID":"2984","@ThreadID":"4008"},"Channel":"Microsoft-Windows-Sysmon/Operational","Computer":"Server002","Security":{"@UserID":"S-1-5-18"}},"EventData":{"Data":[{"@Name":"RuleName","#text":"-"},{"@Name":"UtcTime","#text":"2025-04-22 13:54:16.048"},{"@Name":"ProcessGuid","#text":"dbf410b3-9f88-6807-2501-000000003f00"},{"@Name":"ProcessId","#text":"8820"},{"@Name":"Image","#text":"C:\\Windows\\System32\\svchost.exe"},{"@Name":"FileVersion","#text":"10.0.19041.4355 (WinBuild.160101.0800)"},{"@Name":"Description","#text":"Host Process for Windows Services"},{"@Name":"Product","#text":"Microsoft® Windows® Operating System"},{"@Name":"Company","#text":"Microsoft Corporation"},{"@Name":"OriginalFileName","#text":"svchost.exe"},{"@Name":"CommandLine","#text":"C:\\Windows\\System32\\svchost.exe -k netsvcs -p"},{"@Name":"CurrentDirectory","#text":"C:\\Windows\\system32\\"},{"@Name":"User","#text":"NT AUTHORITY\\SYSTEM"},{"@Name":"LogonGuid","#text":"dbf410b3-baf8-6807-e703-000000000000"},{"@Name":"LogonId","#text":"0x3E7"},{"@Name":"TerminalSessionId","#text":"0"},{"@Name":"IntegrityLevel","#text":"System"},{"@Name":"Hashes","#text":"SHA256=6FC3BF1FDFD76860BE782554F8D25BD32F108DB934D70F4253F1E5F23522E503"},{"@Name":"ParentProcessGuid","#text":"00000000-0000-0000-0000-000000000000"},{"@Name":"ParentProcessId","#text":"652"},{"@Name":"ParentImage","#text":"-"},{"@Name":"ParentCommandLine","#text":"-"},{"@Name":"ParentUser","#text":"-"}]}}}
{"Event":{"System":{"Provider":{"@Name":"Microsoft-Windows-Sysmon","@Guid":"5770385f-c22a-43e0-bf4c-06f5698ffbd9"},"EventID":"5","Version":"3","Level":"4","Task":"5","Opcode":"0","Keywords":"0x8000000000000000","TimeCreated":{"@SystemTime":"2025-04-22 13:54:16.1471462"},"EventRecordID":"37099","Correlation":null,"Execution":{"@ProcessID":"2984","@ThreadID":"4008"},"Channel":"Microsoft-Windows-Sysmon/Operational","Computer":"Server002","Security":{"@UserID":"S-1-5-18"}},"EventData":{"Data":[{"@Name":"RuleName","#text":"-"},{"@Name":"UtcTime","#text":"2025-04-22 13:54:16.139"},{"@Name":"ProcessGuid","#text":"dbf410b3-9f87-6807-1e01-000000003f00"},{"@Name":"ProcessId","#text":"7760"},{"@Name":"Image","#text":"C:\\Windows\\System32\\UsoClient.exe"},{"@Name":"User","#text":"NT AUTHORITY\\SYSTEM"}]}}}
{"Event":{"System":{"Provider":{"@Name":"Microsoft-Windows-Sysmon","@Guid":"5770385f-c22a-43e0-bf4c-06f5698ffbd9"},"EventID":"1","Version":"5","Level":"4","Task":"1","Opcode":"0","Keywords":"0x8000000000000000","TimeCreated":{"@SystemTime":"2025-04-22 13:54:16.1695471"},"EventRecordID":"37100","Correlation":null,"Execution":{"@ProcessID":"2984","@ThreadID":"4008"},"Channel":"Microsoft-Windows-Sysmon/Operational","Computer":"Server002","Security":{"@UserID":"S-1-5-18"}},"EventData":{"Data":[{"@Name":"RuleName","#text":"-"},{"@Name":"UtcTime","#text":"2025-04-22 13:54:16.162"},{"@Name":"ProcessGuid","#text":"dbf410b3-9f88-6807-2601-000000003f00"},{"@Name":"ProcessId","#text":"7216"},{"@Name":"Image","#text":"C:\\Windows\\System32\\svchost.exe"},{"@Name":"FileVersion","#text":"10.0.19041.4355 (WinBuild.160101.0800)"},{"@Name":"Description","#text":"Host Process for Windows Services"},{"@Name":"Product","#text":"Microsoft® Windows® Operating System"},{"@Name":"Company","#text":"Microsoft Corporation"},{"@Name":"OriginalFileName","#text":"svchost.exe"},{"@Name":"CommandLine","#text":"C:\\Windows\\System32\\svchost.exe -k netsvcs -p -s PushToInstall"},{"@Name":"CurrentDirectory","#text":"C:\\Windows\\system32\\"},{"@Name":"User","#text":"NT AUTHORITY\\SYSTEM"},{"@Name":"LogonGuid","#text":"dbf410b3-baf8-6807-e703-000000000000"},{"@Name":"LogonId","#text":"0x3E7"},{"@Name":"TerminalSessionId","#text":"0"},{"@Name":"IntegrityLevel","#text":"System"},{"@Name":"Hashes","#text":"SHA256=6FC3BF1FDFD76860BE782554F8D25BD32F108DB934D70F4253F1E5F23522E503"},{"@Name":"ParentProcessGuid","#text":"00000000-0000-0000-0000-000000000000"},{"@Name":"ParentProcessId","#text":"652"},{"@Name":"ParentImage","#text":"-"},{"@Name":"ParentCommandLine","#text":"-"},{"@Name":"ParentUser","#text":"-"}]}}}
{"Event":{"System":{"Provider":{"@Name":"Microsoft-Windows-Sysmon","@Guid":"5770385f-c22a-43e0-bf4c-06f5698ffbd9"},"EventID":"5","Version":"3","Level":"4","Task":"5","Opcode":"0","Keywords":"0x8000000000000000","TimeCreated":{"@SystemTime":"2025-04-22 13:54:16.1889859"},"EventRecordID":"37101","Correlation":null,"Execution":{"@ProcessID":"2984","@ThreadID":"4008"},"Channel":"Microsoft-Windows-Sysmon/Operational","Computer":"Server002","Security":{"@UserID":"S-1-5-18"}},"EventData":{"Data":[{"@Name":"RuleName","#text":"-"},{"@Name":"UtcTime","#text":"2025-04-22 13:54:16.188"},{"@Name":"ProcessGuid","#text":"dbf410b3-9f86-6807-1201-000000003f00"},{"@Name":"ProcessId","#text":"8956"},{"@Name":"Image","#text":"C:\\Windows\\System32\\wermgr.exe"},{"@Name":"User","#text":"NT AUTHORITY\\SYSTEM"}]}}}
{"Event":{"System":{"Provider":{"@Name":"Microsoft-Windows-Sysmon","@Guid":"5770385f-c22a-43e0-bf4c-06f5698ffbd9"},"EventID":"5","Version":"3","Level":"4","Task":"5","Opcode":"0","Keywords":"0x8000000000000000","TimeCreated":{"@SystemTime":"2025-04-22 13:54:16.2458806"},"EventRecordID":"37102","Correlation":null,"Execution":{"@ProcessID":"2984","@ThreadID":"4008"},"Channel":"Microsoft-Windows-Sysmon/Operational","Computer":"Server002","Security":{"@UserID":"S-1-5-18"}},"EventData":{"Data":[{"@Name":"RuleName","#text":"-"},{"@Name":"UtcTime","#text":"2025-04-22 13:54:16.242"},{"@Name":"ProcessGuid","#text":"dbf410b3-9f87-6807-1c01-000000003f00"},{"@Name":"ProcessId","#text":"9652"},{"@Name":"Image","#text":"C:\\Windows\\System32\\sc.exe"},{"@Name":"User","#text":"NT AUTHORITY\\SYSTEM"}]}}}
{"Event":{"System":{"Provider":{"@Name":"Microsoft-Windows-Sysmon","@Guid":"5770385f-c22a-43e0-bf4c-06f5698ffbd9"},"EventID":"5","Version":"3","Level":"4","Task":"5","Opcode":"0","Keywords":"0x8000000000000000","TimeCreated":{"@SystemTime":"2025-04-22 13:54:16.2636417"},"EventRecordID":"37103","Correlation":null,"Execution":{"@ProcessID":"2984","@ThreadID":"4008"},"Channel":"Microsoft-Windows-Sysmon/Operational","Computer":"Server002","Security":{"@UserID":"S-1-5-18"}},"EventData":{"Data":[{"@Name":"RuleName","#text":"-"},{"@Name":"UtcTime","#text":"2025-04-22 13:54:16.261"},{"@Name":"ProcessGuid","#text":"dbf410b3-9f87-6807-1801-000000003f00"},{"@Name":"ProcessId","#text":"9172"},{"@Name":"Image","#text":"C:\\Windows\\System32\\sc.exe"},{"@Name":"User","#text":"NT AUTHORITY\\SYSTEM"}]}}}
{"Event":{"System":{"Provider":{"@Name":"Microsoft-Windows-Sysmon","@Guid":"5770385f-c22a-43e0-bf4c-06f5698ffbd9"},"EventID":"5","Version":"3","Level":"4","Task":"5","Opcode":"0","Keywords":"0x8000000000000000","TimeCreated":{"@SystemTime":"2025-04-22 13:54:16.2778767"},"EventRecordID":"37104","Correlation":null,"Execution":{"@ProcessID":"2984","@ThreadID":"4008"},"Channel":"Microsoft-Windows-Sysmon/Operational","Computer":"Server002","Security":{"@UserID":"S-1-5-18"}},"EventData":{"Data":[{"@Name":"RuleName","#text":"-"},{"@Name":"UtcTime","#text":"2025-04-22 13:54:16.271"},{"@Name":"ProcessGuid","#text":"dbf410b3-9f87-6807-2201-000000003f00"},{"@Name":"ProcessId","#text":"9040"},{"@Name":"Image","#text":"C:\\Windows\\System32\\conhost.exe"},{"@Name":"User","#text":"NT AUTHORITY\\SYSTEM"}]}}}
{"Event":{"System":{"Provider":{"@Name":"Microsoft-Windows-Sysmon","@Guid":"5770385f-c22a-43e0-bf4c-06f5698ffbd9"},"EventID":"5","Version":"3","Level":"4","Task":"5","Opcode":"0","Keywords":"0x8000000000000000","TimeCreated":{"@SystemTime":"2025-04-22 13:54:16.2966464"},"EventRecordID":"37105","Correlation":null,"Execution":{"@ProcessID":"2984","@ThreadID":"4008"},"Channel":"Microsoft-Windows-Sysmon/Operational","Computer":"Server002","Security":{"@UserID":"S-1-5-18"}},"EventData":{"Data":[{"@Name":"RuleName","#text":"-"},{"@Name":"UtcTime","#text":"2025-04-22 13:54:16.292"},{"@Name":"ProcessGuid","#text":"dbf410b3-9f87-6807-1f01-000000003f00"},{"@Name":"ProcessId","#text":"6900"},{"@Name":"Image","#text":"C:\\Windows\\System32\\conhost.exe"},{"@Name":"User","#text":"NT AUTHORITY\\SYSTEM"}]}}}
{"Event":{"System":{"Provider":{"@Name":"Microsoft-Windows-Sysmon","@Guid":"5770385f-c22a-43e0-bf4c-06f5698ffbd9"},"EventID":"5","Version":"3","Level":"4","Task":"5","Opcode":"0","Keywords":"0x8000000000000000","TimeCreated":{"@SystemTime":"2025-04-22 13:54:16.3095663"},"EventRecordID":"37106","Correlation":null,"Execution":{"@ProcessID":"2984","@ThreadID":"4008"},"Channel":"Microsoft-Windows-Sysmon/Operational","Computer":"Server002","Security":{"@UserID":"S-1-5-18"}},"EventData":{"Data":[{"@Name":"RuleName","#text":"-"},{"@Name":"UtcTime","#text":"2025-04-22 13:54:16.307"},{"@Name":"ProcessGuid","#text":"dbf410b3-9f87-6807-1b01-000000003f00"},{"@Name":"ProcessId","#text":"7948"},{"@Name":"Image","#text":"C:\\Windows\\System32\\wsqmcons.exe"},{"@Name":"User","#text":"NT AUTHORITY\\SYSTEM"}]}}}
{"Event":{"System":{"Provider":{"@Name":"Microsoft-Windows-Sysmon","@Guid":"5770385f-c22a-43e0-bf4c-06f5698ffbd9"},"EventID":"1","Version":"5","Level":"4","Task":"1","Opcode":"0","Keywords":"0x8000000000000000","TimeCreated":{"@SystemTime":"2025-04-22 13:54:16.5456901"},"EventRecordID":"37107","Correlation":null,"Execution":{"@ProcessID":"2984","@ThreadID":"4008"},"Channel":"Microsoft-Windows-Sysmon/Operational","Computer":"Server002","Security":{"@UserID":"S-1-5-18"}},"EventData":{"Data":[{"@Name":"RuleName","#text":"-"},{"@Name":"UtcTime","#text":"2025-04-22 13:54:16.534"},{"@Name":"ProcessGuid","#text":"dbf410b3-9f88-6807-2701-000000003f00"},{"@Name":"ProcessId","#text":"7412"},{"@Name":"Image","#text":"C:\\Windows\\System32\\CompatTelRunner.exe"},{"@Name":"FileVersion","#text":"10.0.19041.5678 (WinBuild.160101.0800)"},{"@Name":"Description","#text":"Microsoft Compatibility Telemetry"},{"@Name":"Product","#text":"Microsoft® Windows® Operating System"},{"@Name":"Company","#text":"Microsoft Corporation"},{"@Name":"OriginalFileName","#text":"CompatTelRunner.exe"},{"@Name":"CommandLine","#text":"C:\\Windows\\system32\\CompatTelRunner.exe -m:appraiser.dll -f:DoScheduledTelemetryRun -cv:CI6NsgfmAk+WQz1O.1"},{"@Name":"CurrentDirectory","#text":"C:\\Windows\\system32\\"},{"@Name":"User","#text":"NT AUTHORITY\\SYSTEM"},{"@Name":"LogonGuid","#text":"dbf410b3-baf8-6807-e703-000000000000"},{"@Name":"LogonId","#text":"0x3E7"},{"@Name":"TerminalSessionId","#text":"0"},{"@Name":"IntegrityLevel","#text":"System"},{"@Name":"Hashes","#text":"SHA256=A9C3E6267FFB273308F66120029050F03D76B51C817702CED7CF007A3B655E9D"},{"@Name":"ParentProcessGuid","#text":"dbf410b3-9f87-6807-1901-000000003f00"},{"@Name":"ParentProcessId","#text":"8960"},{"@Name":"ParentImage","#text":"C:\\Windows\\System32\\CompatTelRunner.exe"},{"@Name":"ParentCommandLine","#text":"\"C:\\Windows\\system32\\compattelrunner.exe\""},{"@Name":"ParentUser","#text":"NT AUTHORITY\\SYSTEM"}]}}}
