{"Event":{"System":{"Provider":{"@Name":"Microsoft-Windows-Sysmon","@Guid":"5770385f-c22a-43e0-bf4c-06f5698ffbd9"},"EventID":"1","Version":"5","Level":"4","Task":"1","Opcode":"0","Keywords":"0x8000000000000000","TimeCreated":{"@SystemTime":"2025-04-16 19:51:48.8053004"},"EventRecordID":"23306","Correlation":null,"Execution":{"@ProcessID":"3196","@ThreadID":"4432"},"Channel":"Microsoft-Windows-Sysmon/Operational","Computer":"Server002","Security":{"@UserID":"S-1-5-18"}},"EventData":{"Data":[{"@Name":"RuleName","#text":"-"},{"@Name":"UtcTime","#text":"2025-04-16 19:51:48.719"},{"@Name":"ProcessGuid","#text":"dbf410b3-0a54-6800-9101-000000003c00"},{"@Name":"ProcessId","#text":"9812"},{"@Name":"Image","#text":"C:\\Program Files (x86)\\Microsoft\\Edge\\Application\\msedge.exe"},{"@Name":"FileVersion","#text":"135.0.3179.73"},{"@Name":"Description","#text":"Microsoft Edge"},{"@Name":"Product","#text":"Microsoft Edge"},{"@Name":"Company","#text":"Microsoft Corporation"},{"@Name":"OriginalFileName","#text":"msedge.exe"},{"@Name":"CommandLine","#text":"\"C:\\Program Files (x86)\\Microsoft\\Edge\\Application\\msedge.exe\" --type=utility --utility-sub-type=chrome.mojom.UtilWin --lang=en-GB --service-sandbox-type=none --message-loop-type-ui --always-read-main-dll --field-trial-handle=2108,i,5816864656336199279,8344637995993655843,262144 --variations-seed-version --mojo-platform-channel-handle=5336 /prefetch:8"},{"@Name":"CurrentDirectory","#text":"C:\\Program Files (x86)\\Microsoft\\Edge\\Application\\135.0.3179.73\\"},{"@Name":"User","#text":"SERVER002\\lplui"},{"@Name":"LogonGuid","#text":"dbf410b3-0a15-6800-4b61-200000000000"},{"@Name":"LogonId","#text":"0x20614B"},{"@Name":"TerminalSessionId","#text":"1"},{"@Name":"IntegrityLevel","#text":"Medium"},{"@Name":"Hashes","#text":"SHA256=C8081A749E80FE9CA91EA495B765EAE0CB850513558AB106FC29FB0D3816616C"},{"@Name":"ParentProcessGuid","#text":"dbf410b3-0a3f-6800-6a01-000000003c00"},{"@Name":"ParentProcessId","#text":"8336"},{"@Name":"ParentImage","#text":"C:\\Program Files (x86)\\Microsoft\\Edge\\Application\\msedge.exe"},{"@Name":"ParentCommandLine","#text":"\"C:\\Program Files (x86)\\Microsoft\\Edge\\Application\\msedge.exe\" --no-startup-window --win-session-start"},{"@Name":"ParentUser","#text":"SERVER002\\lplui"}]}}}
{"Event":{"System":{"Provider":{"@Name":"Microsoft-Windows-Sysmon","@Guid":"5770385f-c22a-43e0-bf4c-06f5698ffbd9"},"EventID":"1","Version":"5","Level":"4","Task":"1","Opcode":"0","Keywords":"0x8000000000000000","TimeCreated":{"@SystemTime":"2025-04-16 19:51:48.9803334"},"EventRecordID":"23307","Correlation":null,"Execution":{"@ProcessID":"3196","@ThreadID":"4432"},"Channel":"Microsoft-Windows-Sysmon/Operational","Computer":"Server002","Security":{"@UserID":"S-1-5-18"}},"EventData":{"Data":[{"@Name":"RuleName","#text":"-"},{"@Name":"UtcTime","#text":"2025-04-16 19:51:48.847"},{"@Name":"ProcessGuid","#text":"dbf410b3-0a54-6800-9201-000000003c00"},{"@Name":"ProcessId","#text":"9820"},{"@Name":"Image","#text":"C:\\Program Files (x86)\\Microsoft\\Edge\\Application\\msedge.exe"},{"@Name":"FileVersion","#text":"135.0.3179.73"},{"@Name":"Description","#text":"Microsoft Edge"},{"@Name":"Product","#text":"Microsoft Edge"},{"@Name":"Company","#text":"Microsoft Corporation"},{"@Name":"OriginalFileName","#text":"msedge.exe"},{"@Name":"CommandLine","#text":"\"C:\\Program Files (x86)\\Microsoft\\Edge\\Application\\msedge.exe\" --type=utility --utility-sub-type=chrome.mojom.UtilWin --lang=en-GB --service-sandbox-type=none --message-loop-type-ui --always-read-main-dll --field-trial-handle=2108,i,5816864656336199279,8344637995993655843,262144 --variations-seed-version --mojo-platform-channel-handle=5408 /prefetch:8"},{"@Name":"CurrentDirectory","#text":"C:\\Program Files (x86)\\Microsoft\\Edge\\Application\\135.0.3179.73\\"},{"@Name":"User","#text":"SERVER002\\lplui"},{"@Name":"LogonGuid","#text":"dbf410b3-0a15-6800-4b61-200000000000"},{"@Name":"LogonId","#text":"0x20614B"},{"@Name":"TerminalSessionId","#text":"1"},{"@Name":"IntegrityLevel","#text":"Medium"},{"@Name":"Hashes","#text":"SHA256=C8081A749E80FE9CA91EA495B765EAE0CB850513558AB106FC29FB0D3816616C"},{"@Name":"ParentProcessGuid","#text":"dbf410b3-0a3f-6800-6a01-000000003c00"},{"@Name":"ParentProcessId","#text":"8336"},{"@Name":"ParentImage","#text":"C:\\Program Files (x86)\\Microsoft\\Edge\\Application\\msedge.exe"},{"@Name":"ParentCommandLine","#text":"\"C:\\Program Files (x86)\\Microsoft\\Edge\\Application\\msedge.exe\" --no-startup-window --win-session-start"},{"@Name":"ParentUser","#text":"SERVER002\\lplui"}]}}}
{"Event":{"System":{"Provider":{"@Name":"Microsoft-Windows-Sysmon","@Guid":"5770385f-c22a-43e0-bf4c-06f5698ffbd9"},"EventID":"1","Version":"5","Level":"4","Task":"1","Opcode":"0","Keywords":"0x8000000000000000","TimeCreated":{"@SystemTime":"2025-04-16 19:51:49.1385921"},"EventRecordID":"23308","Correlation":null,"Execution":{"@ProcessID":"3196","@ThreadID":"4432"},"Channel":"Microsoft-Windows-Sysmon/Operational","Computer":"Server002","Security":{"@UserID":"S-1-5-18"}},"EventData":{"Data":[{"@Name":"RuleName","#text":"-"},{"@Name":"UtcTime","#text":"2025-04-16 19:51:48.921"},{"@Name":"ProcessGuid","#text":"dbf410b3-0a54-6800-9301-000000003c00"},{"@Name":"ProcessId","#text":"9840"},{"@Name":"Image","#text":"C:\\Program Files (x86)\\Microsoft\\Edge\\Application\\msedge.exe"},{"@Name":"FileVersion","#text":"135.0.3179.73"},{"@Name":"Description","#text":"Microsoft Edge"},{"@Name":"Product","#text":"Microsoft Edge"},{"@Name":"Company","#text":"Microsoft Corporation"},{"@Name":"OriginalFileName","#text":"msedge.exe"},{"@Name":"CommandLine","#text":"\"C:\\Program Files (x86)\\Microsoft\\Edge\\Application\\msedge.exe\" --type=utility --utility-sub-type=chrome.mojom.UtilWin --lang=en-GB --service-sandbox-type=none --message-loop-type-ui --always-read-main-dll --field-trial-handle=2108,i,5816864656336199279,8344637995993655843,262144 --variations-seed-version --mojo-platform-channel-handle=5436 /prefetch:8"},{"@Name":"CurrentDirectory","#text":"C:\\Program Files (x86)\\Microsoft\\Edge\\Application\\135.0.3179.73\\"},{"@Name":"User","#text":"SERVER002\\lplui"},{"@Name":"LogonGuid","#text":"dbf410b3-0a15-6800-4b61-200000000000"},{"@Name":"LogonId","#text":"0x20614B"},{"@Name":"TerminalSessionId","#text":"1"},{"@Name":"IntegrityLevel","#text":"Medium"},{"@Name":"Hashes","#text":"SHA256=C8081A749E80FE9CA91EA495B765EAE0CB850513558AB106FC29FB0D3816616C"},{"@Name":"ParentProcessGuid","#text":"dbf410b3-0a3f-6800-6a01-000000003c00"},{"@Name":"ParentProcessId","#text":"8336"},{"@Name":"ParentImage","#text":"C:\\Program Files (x86)\\Microsoft\\Edge\\Application\\msedge.exe"},{"@Name":"ParentCommandLine","#text":"\"C:\\Program Files (x86)\\Microsoft\\Edge\\Application\\msedge.exe\" --no-startup-window --win-session-start"},{"@Name":"ParentUser","#text":"SERVER002\\lplui"}]}}}
{"Event":{"System":{"Provider":{"@Name":"Microsoft-Windows-Sysmon","@Guid":"5770385f-c22a-43e0-bf4c-06f5698ffbd9"},"EventID":"5","Version":"3","Level":"4","Task":"5","Opcode":"0","Keywords":"0x8000000000000000","TimeCreated":{"@SystemTime":"2025-04-16 19:51:49.7049172"},"EventRecordID":"23309","Correlation":null,"Execution":{"@ProcessID":"3196","@ThreadID":"4432"},"Channel":"Microsoft-Windows-Sysmon/Operational","Computer":"Server002","Security":{"@UserID":"S-1-5-18"}},"EventData":{"Data":[{"@Name":"RuleName","#text":"-"},{"@Name":"UtcTime","#text":"2025-04-16 19:51:49.703"},{"@Name":"ProcessGuid","#text":"dbf410b3-0a45-6800-7e01-000000003c00"},{"@Name":"ProcessId","#text":"2020"},{"@Name":"Image","#text":"C:\\Program Files (x86)\\Microsoft\\Edge\\Application\\135.0.3179.73\\identity_helper.exe"},{"@Name":"User","#text":"SERVER002\\lplui"}]}}}
{"Event":{"System":{"Provider":{"@Name":"Microsoft-Windows-Sysmon","@Guid":"5770385f-c22a-43e0-bf4c-06f5698ffbd9"},"EventID":"1","Version":"5","Level":"4","Task":"1","Opcode":"0","Keywords":"0x8000000000000000","TimeCreated":{"@SystemTime":"2025-04-16 19:51:50.1458647"},"EventRecordID":"23310","Correlation":null,"Execution":{"@ProcessID":"3196","@ThreadID":"4432"},"Channel":"Microsoft-Windows-Sysmon/Operational","Computer":"Server002","Security":{"@UserID":"S-1-5-18"}},"EventData":{"Data":[{"@Name":"RuleName","#text":"-"},{"@Name":"UtcTime","#text":"2025-04-16 19:51:49.996"},{"@Name":"ProcessGuid","#text":"dbf410b3-0a55-6800-9401-000000003c00"},{"@Name":"ProcessId","#text":"9972"},{"@Name":"Image","#text":"C:\\Program Files\\BraveSoftware\\Brave-Browser\\Application\\brave.exe"},{"@Name":"FileVersion","#text":"135.1.77.100"},{"@Name":"Description","#text":"Brave Browser"},{"@Name":"Product","#text":"Brave Browser"},{"@Name":"Company","#text":"Brave Software, Inc."},{"@Name":"OriginalFileName","#text":"brave.exe"},{"@Name":"CommandLine","#text":"\"C:\\Program Files\\BraveSoftware\\Brave-Browser\\Application\\brave.exe\" --type=renderer --enable-distillability-service --origin-trial-public-key=bYUKPJoPnCxeNvu72j4EmPuK7tr1PAC7SHh8ld9Mw3E=,fMS4mpO6buLQ/QMd+zJmxzty/VQ6B1EUZqoCU04zoRU= --disable-gpu-compositing --video-capture-use-gpu-memory-buffer --lang=en-GB --device-scale-factor=1 --num-raster-threads=1 --renderer-client-id=10 --time-ticks-at-unix-epoch=-1744832589273427 --launch-time-ticks=524693259 --field-trial-handle=2108,i,12698906899907074959,2609854061467027992,262144 --variations-seed-version=main@e5408414389b8e453b72d0bf3b08b8847782f0f5 --mojo-platform-channel-handle=5408 /prefetch:1"},{"@Name":"CurrentDirectory","#text":"C:\\Program Files\\BraveSoftware\\Brave-Browser\\Application\\135.1.77.100\\"},{"@Name":"User","#text":"SERVER002\\lplui"},{"@Name":"LogonGuid","#text":"dbf410b3-0a15-6800-4b61-200000000000"},{"@Name":"LogonId","#text":"0x20614B"},{"@Name":"TerminalSessionId","#text":"1"},{"@Name":"IntegrityLevel","#text":"Low"},{"@Name":"Hashes","#text":"SHA256=EB01554FECE2DF194F20D4D586932E26BF322C74A3FD964212C28586A5C7B352"},{"@Name":"ParentProcessGuid","#text":"dbf410b3-0a4b-6800-8501-000000003c00"},{"@Name":"ParentProcessId","#text":"7624"},{"@Name":"ParentImage","#text":"C:\\Program Files\\BraveSoftware\\Brave-Browser\\Application\\brave.exe"},{"@Name":"ParentCommandLine","#text":"\"C:\\Program Files\\BraveSoftware\\Brave-Browser\\Application\\brave.exe\" "},{"@Name":"ParentUser","#text":"SERVER002\\lplui"}]}}}
{"Event":{"System":{"Provider":{"@Name":"Microsoft-Windows-Sysmon","@Guid":"5770385f-c22a-43e0-bf4c-06f5698ffbd9"},"EventID":"1","Version":"5","Level":"4","Task":"1","Opcode":"0","Keywords":"0x8000000000000000","TimeCreated":{"@SystemTime":"2025-04-16 19:51:54.4285532"},"EventRecordID":"23311","Correlation":null,"Execution":{"@ProcessID":"3196","@ThreadID":"4432"},"Channel":"Microsoft-Windows-Sysmon/Operational","Computer":"Server002","Security":{"@UserID":"S-1-5-18"}},"EventData":{"Data":[{"@Name":"RuleName","#text":"-"},{"@Name":"UtcTime","#text":"2025-04-16 19:51:54.388"},{"@Name":"ProcessGuid","#text":"dbf410b3-0a5a-6800-9501-000000003c00"},{"@Name":"ProcessId","#text":"10120"},{"@Name":"Image","#text":"C:\\Program Files\\BraveSoftware\\Brave-Browser\\Application\\brave.exe"},{"@Name":"FileVersion","#text":"135.1.77.100"},{"@Name":"Description","#text":"Brave Browser"},{"@Name":"Product","#text":"Brave Browser"},{"@Name":"Company","#text":"Brave Software, Inc."},{"@Name":"OriginalFileName","#text":"brave.exe"},{"@Name":"CommandLine","#text":"\"C:\\Program Files\\BraveSoftware\\Brave-Browser\\Application\\brave.exe\" --type=utility --utility-sub-type=audio.mojom.AudioService --lang=en-GB --service-sandbox-type=audio --field-trial-handle=2108,i,12698906899907074959,2609854061467027992,262144 --variations-seed-version=main@e5408414389b8e453b72d0bf3b08b8847782f0f5 --mojo-platform-channel-handle=5664 /prefetch:8"},{"@Name":"CurrentDirectory","#text":"C:\\Program Files\\BraveSoftware\\Brave-Browser\\Application\\135.1.77.100\\"},{"@Name":"User","#text":"SERVER002\\lplui"},{"@Name":"LogonGuid","#text":"dbf410b3-0a15-6800-4b61-200000000000"},{"@Name":"LogonId","#text":"0x20614B"},{"@Name":"TerminalSessionId","#text":"1"},{"@Name":"IntegrityLevel","#text":"Low"},{"@Name":"Hashes","#text":"SHA256=EB01554FECE2DF194F20D4D586932E26BF322C74A3FD964212C28586A5C7B352"},{"@Name":"ParentProcessGuid","#text":"dbf410b3-0a4b-6800-8501-000000003c00"},{"@Name":"ParentProcessId","#text":"7624"},{"@Name":"ParentImage","#text":"C:\\Program Files\\BraveSoftware\\Brave-Browser\\Application\\brave.exe"},{"@Name":"ParentCommandLine","#text":"\"C:\\Program Files\\BraveSoftware\\Brave-Browser\\Application\\brave.exe\" "},{"@Name":"ParentUser","#text":"SERVER002\\lplui"}]}}}
{"Event":{"System":{"Provider":{"@Name":"Microsoft-Windows-Sysmon","@Guid":"5770385f-c22a-43e0-bf4c-06f5698ffbd9"},"EventID":"1","Version":"5","Level":"4","Task":"1","Opcode":"0","Keywords":"0x8000000000000000","TimeCreated":{"@SystemTime":"2025-04-16 19:51:55.6478417"},"EventRecordID":"23312","Correlation":null,"Execution":{"@ProcessID":"3196","@ThreadID":"4432"},"Channel":"Microsoft-Windows-Sysmon/Operational","Computer":"Server002","Security":{"@UserID":"S-1-5-18"}},"EventData":{"Data":[{"@Name":"RuleName","#text":"-"},{"@Name":"UtcTime","#text":"2025-04-16 19:51:55.393"},{"@Name":"ProcessGuid","#text":"dbf410b3-0a5b-6800-9601-000000003c00"},{"@Name":"ProcessId","#text":"10140"},{"@Name":"Image","#text":"C:\\Program Files\\BraveSoftware\\Brave-Browser\\Application\\brave.exe"},{"@Name":"FileVersion","#text":"135.1.77.100"},{"@Name":"Description","#text":"Brave Browser"},{"@Name":"Product","#text":"Brave Browser"},{"@Name":"Company","#text":"Brave Software, Inc."},{"@Name":"OriginalFileName","#text":"brave.exe"},{"@Name":"CommandLine","#text":"\"C:\\Program Files\\BraveSoftware\\Brave-Browser\\Application\\brave.exe\" --type=utility --utility-sub-type=chrome.mojom.ProcessorMetrics --lang=en-GB --service-sandbox-type=none --field-trial-handle=2108,i,12698906899907074959,2609854061467027992,262144 --variations-seed-version=main@e5408414389b8e453b72d0bf3b08b8847782f0f5 --mojo-platform-channel-handle=5876 /prefetch:8"},{"@Name":"CurrentDirectory","#text":"C:\\Program Files\\BraveSoftware\\Brave-Browser\\Application\\135.1.77.100\\"},{"@Name":"User","#text":"SERVER002\\lplui"},{"@Name":"LogonGuid","#text":"dbf410b3-0a15-6800-4b61-200000000000"},{"@Name":"LogonId","#text":"0x20614B"},{"@Name":"TerminalSessionId","#text":"1"},{"@Name":"IntegrityLevel","#text":"Medium"},{"@Name":"Hashes","#text":"SHA256=EB01554FECE2DF194F20D4D586932E26BF322C74A3FD964212C28586A5C7B352"},{"@Name":"ParentProcessGuid","#text":"dbf410b3-0a4b-6800-8501-000000003c00"},{"@Name":"ParentProcessId","#text":"7624"},{"@Name":"ParentImage","#text":"C:\\Program Files\\BraveSoftware\\Brave-Browser\\Application\\brave.exe"},{"@Name":"ParentCommandLine","#text":"\"C:\\Program Files\\BraveSoftware\\Brave-Browser\\Application\\brave.exe\" "},{"@Name":"ParentUser","#text":"SERVER002\\lplui"}]}}}
{"Event":{"System":{"Provider":{"@Name":"Microsoft-Windows-Sysmon","@Guid":"5770385f-c22a-43e0-bf4c-06f5698ffbd9"},"EventID":"1","Version":"5","Level":"4","Task":"1","Opcode":"0","Keywords":"0x8000000000000000","TimeCreated":{"@SystemTime":"2025-04-16 19:51:56.0061238"},"EventRecordID":"23313","Correlation":null,"Execution":{"@ProcessID":"3196","@ThreadID":"4432"},"Channel":"Microsoft-Windows-Sysmon/Operational","Computer":"Server002","Security":{"@UserID":"S-1-5-18"}},"EventData":{"Data":[{"@Name":"RuleName","#text":"-"},{"@Name":"UtcTime","#text":"2025-04-16 19:51:55.737"},{"@Name":"ProcessGuid","#text":"dbf410b3-0a5b-6800-9701-000000003c00"},{"@Name":"ProcessId","#text":"10172"},{"@Name":"Image","#text":"C:\\Program Files\\BraveSoftware\\Brave-Browser\\Application\\brave.exe"},{"@Name":"FileVersion","#text":"135.1.77.100"},{"@Name":"Description","#text":"Brave Browser"},{"@Name":"Product","#text":"Brave Browser"},{"@Name":"Company","#text":"Brave Software, Inc."},{"@Name":"OriginalFileName","#text":"brave.exe"},{"@Name":"CommandLine","#text":"\"C:\\Program Files\\BraveSoftware\\Brave-Browser\\Application\\brave.exe\" --type=utility --utility-sub-type=patch.mojom.FilePatcher --lang=en-GB --service-sandbox-type=service --field-trial-handle=2108,i,12698906899907074959,2609854061467027992,262144 --variations-seed-version=main@e5408414389b8e453b72d0bf3b08b8847782f0f5 --mojo-platform-channel-handle=6008 /prefetch:8"},{"@Name":"CurrentDirectory","#text":"C:\\Program Files\\BraveSoftware\\Brave-Browser\\Application\\135.1.77.100\\"},{"@Name":"User","#text":"SERVER002\\lplui"},{"@Name":"LogonGuid","#text":"dbf410b3-0a15-6800-4b61-200000000000"},{"@Name":"LogonId","#text":"0x20614B"},{"@Name":"TerminalSessionId","#text":"1"},{"@Name":"IntegrityLevel","#text":"Low"},{"@Name":"Hashes","#text":"SHA256=EB01554FECE2DF194F20D4D586932E26BF322C74A3FD964212C28586A5C7B352"},{"@Name":"ParentProcessGuid","#text":"dbf410b3-0a4b-6800-8501-000000003c00"},{"@Name":"ParentProcessId","#text":"7624"},{"@Name":"ParentImage","#text":"C:\\Program Files\\BraveSoftware\\Brave-Browser\\Application\\brave.exe"},{"@Name":"ParentCommandLine","#text":"\"C:\\Program Files\\BraveSoftware\\Brave-Browser\\Application\\brave.exe\" "},{"@Name":"ParentUser","#text":"SERVER002\\lplui"}]}}}
{"Event":{"System":{"Provider":{"@Name":"Microsoft-Windows-Sysmon","@Guid":"5770385f-c22a-43e0-bf4c-06f5698ffbd9"},"EventID":"1","Version":"5","Level":"4","Task":"1","Opcode":"0","Keywords":"0x8000000000000000","TimeCreated":{"@SystemTime":"2025-04-16 19:51:56.3907128"},"EventRecordID":"23314","Correlation":null,"Execution":{"@ProcessID":"3196","@ThreadID":"4432"},"Channel":"Microsoft-Windows-Sysmon/Operational","Computer":"Server002","Security":{"@UserID":"S-1-5-18"}},"EventData":{"Data":[{"@Name":"RuleName","#text":"-"},{"@Name":"UtcTime","#text":"2025-04-16 19:51:55.935"},{"@Name":"ProcessGuid","#text":"dbf410b3-0a5b-6800-9801-000000003c00"},{"@Name":"ProcessId","#text":"10188"},{"@Name":"Image","#text":"C:\\Program Files\\BraveSoftware\\Brave-Browser\\Application\\brave.exe"},{"@Name":"FileVersion","#text":"135.1.77.100"},{"@Name":"Description","#text":"Brave Browser"},{"@Name":"Product","#text":"Brave Browser"},{"@Name":"Company","#text":"Brave Software, Inc."},{"@Name":"OriginalFileName","#text":"brave.exe"},{"@Name":"CommandLine","#text":"\"C:\\Program Files\\BraveSoftware\\Brave-Browser\\Application\\brave.exe\" --type=utility --utility-sub-type=patch.mojom.FilePatcher --lang=en-GB --service-sandbox-type=service --field-trial-handle=2108,i,12698906899907074959,2609854061467027992,262144 --variations-seed-version=main@e5408414389b8e453b72d0bf3b08b8847782f0f5 --mojo-platform-channel-handle=6032 /prefetch:8"},{"@Name":"CurrentDirectory","#text":"C:\\Program Files\\BraveSoftware\\Brave-Browser\\Application\\135.1.77.100\\"},{"@Name":"User","#text":"SERVER002\\lplui"},{"@Name":"LogonGuid","#text":"dbf410b3-0a15-6800-4b61-200000000000"},{"@Name":"LogonId","#text":"0x20614B"},{"@Name":"TerminalSessionId","#text":"1"},{"@Name":"IntegrityLevel","#text":"Low"},{"@Name":"Hashes","#text":"SHA256=EB01554FECE2DF194F20D4D586932E26BF322C74A3FD964212C28586A5C7B352"},{"@Name":"ParentProcessGuid","#text":"dbf410b3-0a4b-6800-8501-000000003c00"},{"@Name":"ParentProcessId","#text":"7624"},{"@Name":"ParentImage","#text":"C:\\Program Files\\BraveSoftware\\Brave-Browser\\Application\\brave.exe"},{"@Name":"ParentCommandLine","#text":"\"C:\\Program Files\\BraveSoftware\\Brave-Browser\\Application\\brave.exe\" "},{"@Name":"ParentUser","#text":"SERVER002\\lplui"}]}}}
{"Event":{"System":{"Provider":{"@Name":"Microsoft-Windows-Sysmon","@Guid":"5770385f-c22a-43e0-bf4c-06f5698ffbd9"},"EventID":"1","Version":"5","Level":"4","Task":"1","Opcode":"0","Keywords":"0x8000000000000000","TimeCreated":{"@SystemTime":"2025-04-16 19:51:57.0279916"},"EventRecordID":"23315","Correlation":null,"Execution":{"@ProcessID":"3196","@ThreadID":"4432"},"Channel":"Microsoft-Windows-Sysmon/Operational","Computer":"Server002","Security":{"@UserID":"S-1-5-18"}},"EventData":{"Data":[{"@Name":"RuleName","#text":"-"},{"@Name":"UtcTime","#text":"2025-04-16 19:51:56.687"},{"@Name":"ProcessGuid","#text":"dbf410b3-0a5c-6800-9901-000000003c00"},{"@Name":"ProcessId","#text":"10212"},{"@Name":"Image","#text":"C:\\Windows\\System32\\audiodg.exe"},{"@Name":"FileVersion","#text":"10.0.19041.4717 (WinBuild.160101.0800)"},{"@Name":"Description","#text":"Windows Audio Device Graph Isolation "},{"@Name":"Product","#text":"Microsoft® Windows® Operating System"},{"@Name":"Company","#text":"Microsoft Corporation"},{"@Name":"OriginalFileName","#text":"audioadg.exe"},{"@Name":"CommandLine","#text":"C:\\Windows\\system32\\AUDIODG.EXE 0x590 0x594"},{"@Name":"CurrentDirectory","#text":"C:\\Windows\\system32\\"},{"@Name":"User","#text":"NT AUTHORITY\\LOCAL SERVICE"},{"@Name":"LogonGuid","#text":"dbf410b3-0888-6800-e503-000000000000"},{"@Name":"LogonId","#text":"0x3E5"},{"@Name":"TerminalSessionId","#text":"0"},{"@Name":"IntegrityLevel","#text":"System"},{"@Name":"Hashes","#text":"SHA256=5F01E190AE925A42EE12B9336AA1EBE7CDAF2A7DB4E606EBFA0DCDB8E9DBB0C7"},{"@Name":"ParentProcessGuid","#text":"dbf410b3-088a-6800-3600-000000003c00"},{"@Name":"ParentProcessId","#text":"2268"},{"@Name":"ParentImage","#text":"C:\\Windows\\System32\\svchost.exe"},{"@Name":"ParentCommandLine","#text":"C:\\Windows\\System32\\svchost.exe -k LocalServiceNetworkRestricted -p"},{"@Name":"ParentUser","#text":"NT AUTHORITY\\LOCAL SERVICE"}]}}}
{"Event":{"System":{"Provider":{"@Name":"Microsoft-Windows-Sysmon","@Guid":"5770385f-c22a-43e0-bf4c-06f5698ffbd9"},"EventID":"1","Version":"5","Level":"4","Task":"1","Opcode":"0","Keywords":"0x8000000000000000","TimeCreated":{"@SystemTime":"2025-04-16 19:51:57.1767017"},"EventRecordID":"23316","Correlation":null,"Execution":{"@ProcessID":"3196","@ThreadID":"4432"},"Channel":"Microsoft-Windows-Sysmon/Operational","Computer":"Server002","Security":{"@UserID":"S-1-5-18"}},"EventData":{"Data":[{"@Name":"RuleName","#text":"-"},{"@Name":"UtcTime","#text":"2025-04-16 19:51:57.072"},{"@Name":"ProcessGuid","#text":"dbf410b3-0a5d-6800-9a01-000000003c00"},{"@Name":"ProcessId","#text":"9336"},{"@Name":"Image","#text":"C:\\Program Files\\BraveSoftware\\Brave-Browser\\Application\\brave.exe"},{"@Name":"FileVersion","#text":"135.1.77.100"},{"@Name":"Description","#text":"Brave Browser"},{"@Name":"Product","#text":"Brave Browser"},{"@Name":"Company","#text":"Brave Software, Inc."},{"@Name":"OriginalFileName","#text":"brave.exe"},{"@Name":"CommandLine","#text":"\"C:\\Program Files\\BraveSoftware\\Brave-Browser\\Application\\brave.exe\" --type=utility --utility-sub-type=unzip.mojom.Unzipper --lang=en-GB --service-sandbox-type=service --field-trial-handle=2108,i,12698906899907074959,2609854061467027992,262144 --variations-seed-version=main@e5408414389b8e453b72d0bf3b08b8847782f0f5 --mojo-platform-channel-handle=6364 /prefetch:8"},{"@Name":"CurrentDirectory","#text":"C:\\Program Files\\BraveSoftware\\Brave-Browser\\Application\\135.1.77.100\\"},{"@Name":"User","#text":"SERVER002\\lplui"},{"@Name":"LogonGuid","#text":"dbf410b3-0a15-6800-4b61-200000000000"},{"@Name":"LogonId","#text":"0x20614B"},{"@Name":"TerminalSessionId","#text":"1"},{"@Name":"IntegrityLevel","#text":"Low"},{"@Name":"Hashes","#text":"SHA256=EB01554FECE2DF194F20D4D586932E26BF322C74A3FD964212C28586A5C7B352"},{"@Name":"ParentProcessGuid","#text":"dbf410b3-0a4b-6800-8501-000000003c00"},{"@Name":"ParentProcessId","#text":"7624"},{"@Name":"ParentImage","#text":"C:\\Program Files\\BraveSoftware\\Brave-Browser\\Application\\brave.exe"},{"@Name":"ParentCommandLine","#text":"\"C:\\Program Files\\BraveSoftware\\Brave-Browser\\Application\\brave.exe\" "},{"@Name":"ParentUser","#text":"SERVER002\\lplui"}]}}}
{"Event":{"System":{"Provider":{"@Name":"Microsoft-Windows-Sysmon","@Guid":"5770385f-c22a-43e0-bf4c-06f5698ffbd9"},"EventID":"1","Version":"5","Level":"4","Task":"1","Opcode":"0","Keywords":"0x8000000000000000","TimeCreated":{"@SystemTime":"2025-04-16 19:51:57.7817551"},"EventRecordID":"23317","Correlation":null,"Execution":{"@ProcessID":"3196","@ThreadID":"4432"},"Channel":"Microsoft-Windows-Sysmon/Operational","Computer":"Server002","Security":{"@UserID":"S-1-5-18"}},"EventData":{"Data":[{"@Name":"RuleName","#text":"-"},{"@Name":"UtcTime","#text":"2025-04-16 19:51:57.538"},{"@Name":"ProcessGuid","#text":"dbf410b3-0a5d-6800-9b01-000000003c00"},{"@Name":"ProcessId","#text":"9492"},{"@Name":"Image","#text":"C:\\Program Files\\BraveSoftware\\Brave-Browser\\Application\\brave.exe"},{"@Name":"FileVersion","#text":"135.1.77.100"},{"@Name":"Description","#text":"Brave Browser"},{"@Name":"Product","#text":"Brave Browser"},{"@Name":"Company","#text":"Brave Software, Inc."},{"@Name":"OriginalFileName","#text":"brave.exe"},{"@Name":"CommandLine","#text":"\"C:\\Program Files\\BraveSoftware\\Brave-Browser\\Application\\brave.exe\" --type=utility --utility-sub-type=unzip.mojom.Unzipper --lang=en-GB --service-sandbox-type=service --field-trial-handle=2108,i,12698906899907074959,2609854061467027992,262144 --variations-seed-version=main@e5408414389b8e453b72d0bf3b08b8847782f0f5 --mojo-platform-channel-handle=6524 /prefetch:8"},{"@Name":"CurrentDirectory","#text":"C:\\Program Files\\BraveSoftware\\Brave-Browser\\Application\\135.1.77.100\\"},{"@Name":"User","#text":"SERVER002\\lplui"},{"@Name":"LogonGuid","#text":"dbf410b3-0a15-6800-4b61-200000000000"},{"@Name":"LogonId","#text":"0x20614B"},{"@Name":"TerminalSessionId","#text":"1"},{"@Name":"IntegrityLevel","#text":"Low"},{"@Name":"Hashes","#text":"SHA256=EB01554FECE2DF194F20D4D586932E26BF322C74A3FD964212C28586A5C7B352"},{"@Name":"ParentProcessGuid","#text":"dbf410b3-0a4b-6800-8501-000000003c00"},{"@Name":"ParentProcessId","#text":"7624"},{"@Name":"ParentImage","#text":"C:\\Program Files\\BraveSoftware\\Brave-Browser\\Application\\brave.exe"},{"@Name":"ParentCommandLine","#text":"\"C:\\Program Files\\BraveSoftware\\Brave-Browser\\Application\\brave.exe\" "},{"@Name":"ParentUser","#text":"SERVER002\\lplui"}]}}}
{"Event":{"System":{"Provider":{"@Name":"Microsoft-Windows-Sysmon","@Guid":"5770385f-c22a-43e0-bf4c-06f5698ffbd9"},"EventID":"1","Version":"5","Level":"4","Task":"1","Opcode":"0","Keywords":"0x8000000000000000","TimeCreated":{"@SystemTime":"2025-04-16 19:51:58.1322391"},"EventRecordID":"23318","Correlation":null,"Execution":{"@ProcessID":"3196","@ThreadID":"4432"},"Channel":"Microsoft-Windows-Sysmon/Operational","Computer":"Server002","Security":{"@UserID":"S-1-5-18"}},"EventData":{"Data":[{"@Name":"RuleName","#text":"-"},{"@Name":"UtcTime","#text":"2025-04-16 19:51:58.091"},{"@Name":"ProcessGuid","#text":"dbf410b3-0a5e-6800-9c01-000000003c00"},{"@Name":"ProcessId","#text":"7264"},{"@Name":"Image","#text":"C:\\Windows\\System32\\wbem\\WmiPrvSE.exe"},{"@Name":"FileVersion","#text":"10.0.19041.3636 (WinBuild.160101.0800)"},{"@Name":"Description","#text":"WMI Provider Host"},{"@Name":"Product","#text":"Microsoft® Windows® Operating System"},{"@Name":"Company","#text":"Microsoft Corporation"},{"@Name":"OriginalFileName","#text":"Wmiprvse.exe"},{"@Name":"CommandLine","#text":"C:\\Windows\\system32\\wbem\\wmiprvse.exe -secured -Embedding"},{"@Name":"CurrentDirectory","#text":"C:\\Windows\\system32\\"},{"@Name":"User","#text":"NT AUTHORITY\\NETWORK SERVICE"},{"@Name":"LogonGuid","#text":"dbf410b3-0888-6800-e403-000000000000"},{"@Name":"LogonId","#text":"0x3E4"},{"@Name":"TerminalSessionId","#text":"0"},{"@Name":"IntegrityLevel","#text":"System"},{"@Name":"Hashes","#text":"SHA256=8BBDEAD7357AF7BF0EFE397F9FD7E0EC578755EB8BDBAA65AE4F28EF00087AD5"},{"@Name":"ParentProcessGuid","#text":"dbf410b3-0888-6800-0d00-000000003c00"},{"@Name":"ParentProcessId","#text":"764"},{"@Name":"ParentImage","#text":"C:\\Windows\\System32\\svchost.exe"},{"@Name":"ParentCommandLine","#text":"C:\\Windows\\system32\\svchost.exe -k DcomLaunch -p"},{"@Name":"ParentUser","#text":"NT AUTHORITY\\SYSTEM"}]}}}
{"Event":{"System":{"Provider":{"@Name":"Microsoft-Windows-Sysmon","@Guid":"5770385f-c22a-43e0-bf4c-06f5698ffbd9"},"EventID":"5","Version":"3","Level":"4","Task":"5","Opcode":"0","Keywords":"0x8000000000000000","TimeCreated":{"@SystemTime":"2025-04-16 19:51:58.9246162"},"EventRecordID":"23319","Correlation":null,"Execution":{"@ProcessID":"3196","@ThreadID":"4432"},"Channel":"Microsoft-Windows-Sysmon/Operational","Computer":"Server002","Security":{"@UserID":"S-1-5-18"}},"EventData":{"Data":[{"@Name":"RuleName","#text":"-"},{"@Name":"UtcTime","#text":"2025-04-16 19:51:58.923"},{"@Name":"ProcessGuid","#text":"dbf410b3-0a5b-6800-9801-000000003c00"},{"@Name":"ProcessId","#text":"10188"},{"@Name":"Image","#text":"C:\\Program Files\\BraveSoftware\\Brave-Browser\\Application\\brave.exe"},{"@Name":"User","#text":"SERVER002\\lplui"}]}}}
{"Event":{"System":{"Provider":{"@Name":"Microsoft-Windows-Sysmon","@Guid":"5770385f-c22a-43e0-bf4c-06f5698ffbd9"},"EventID":"5","Version":"3","Level":"4","Task":"5","Opcode":"0","Keywords":"0x8000000000000000","TimeCreated":{"@SystemTime":"2025-04-16 19:51:58.9254146"},"EventRecordID":"23320","Correlation":null,"Execution":{"@ProcessID":"3196","@ThreadID":"4432"},"Channel":"Microsoft-Windows-Sysmon/Operational","Computer":"Server002","Security":{"@UserID":"S-1-5-18"}},"EventData":{"Data":[{"@Name":"RuleName","#text":"-"},{"@Name":"UtcTime","#text":"2025-04-16 19:51:58.923"},{"@Name":"ProcessGuid","#text":"dbf410b3-0a5d-6800-9a01-000000003c00"},{"@Name":"ProcessId","#text":"9336"},{"@Name":"Image","#text":"C:\\Program Files\\BraveSoftware\\Brave-Browser\\Application\\brave.exe"},{"@Name":"User","#text":"SERVER002\\lplui"}]}}}
{"Event":{"System":{"Provider":{"@Name":"Microsoft-Windows-Sysmon","@Guid":"5770385f-c22a-43e0-bf4c-06f5698ffbd9"},"EventID":"5","Version":"3","Level":"4","Task":"5","Opcode":"0","Keywords":"0x8000000000000000","TimeCreated":{"@SystemTime":"2025-04-16 19:51:58.9260186"},"EventRecordID":"23321","Correlation":null,"Execution":{"@ProcessID":"3196","@ThreadID":"4432"},"Channel":"Microsoft-Windows-Sysmon/Operational","Computer":"Server002","Security":{"@UserID":"S-1-5-18"}},"EventData":{"Data":[{"@Name":"RuleName","#text":"-"},{"@Name":"UtcTime","#text":"2025-04-16 19:51:58.923"},{"@Name":"ProcessGuid","#text":"dbf410b3-0a5d-6800-9b01-000000003c00"},{"@Name":"ProcessId","#text":"9492"},{"@Name":"Image","#text":"C:\\Program Files\\BraveSoftware\\Brave-Browser\\Application\\brave.exe"},{"@Name":"User","#text":"SERVER002\\lplui"}]}}}
{"Event":{"System":{"Provider":{"@Name":"Microsoft-Windows-Sysmon","@Guid":"5770385f-c22a-43e0-bf4c-06f5698ffbd9"},"EventID":"5","Version":"3","Level":"4","Task":"5","Opcode":"0","Keywords":"0x8000000000000000","TimeCreated":{"@SystemTime":"2025-04-16 19:51:58.9265472"},"EventRecordID":"23322","Correlation":null,"Execution":{"@ProcessID":"3196","@ThreadID":"4432"},"Channel":"Microsoft-Windows-Sysmon/Operational","Computer":"Server002","Security":{"@UserID":"S-1-5-18"}},"EventData":{"Data":[{"@Name":"RuleName","#text":"-"},{"@Name":"UtcTime","#text":"2025-04-16 19:51:58.923"},{"@Name":"ProcessGuid","#text":"dbf410b3-0a54-6800-9101-000000003c00"},{"@Name":"ProcessId","#text":"9812"},{"@Name":"Image","#text":"C:\\Program Files (x86)\\Microsoft\\Edge\\Application\\msedge.exe"},{"@Name":"User","#text":"SERVER002\\lplui"}]}}}
{"Event":{"System":{"Provider":{"@Name":"Microsoft-Windows-Sysmon","@Guid":"5770385f-c22a-43e0-bf4c-06f5698ffbd9"},"EventID":"5","Version":"3","Level":"4","Task":"5","Opcode":"0","Keywords":"0x8000000000000000","TimeCreated":{"@SystemTime":"2025-04-16 19:51:58.9270203"},"EventRecordID":"23323","Correlation":null,"Execution":{"@ProcessID":"3196","@ThreadID":"4432"},"Channel":"Microsoft-Windows-Sysmon/Operational","Computer":"Server002","Security":{"@UserID":"S-1-5-18"}},"EventData":{"Data":[{"@Name":"RuleName","#text":"-"},{"@Name":"UtcTime","#text":"2025-04-16 19:51:58.923"},{"@Name":"ProcessGuid","#text":"dbf410b3-0a54-6800-9201-000000003c00"},{"@Name":"ProcessId","#text":"9820"},{"@Name":"Image","#text":"C:\\Program Files (x86)\\Microsoft\\Edge\\Application\\msedge.exe"},{"@Name":"User","#text":"SERVER002\\lplui"}]}}}
{"Event":{"System":{"Provider":{"@Name":"Microsoft-Windows-Sysmon","@Guid":"5770385f-c22a-43e0-bf4c-06f5698ffbd9"},"EventID":"5","Version":"3","Level":"4","Task":"5","Opcode":"0","Keywords":"0x8000000000000000","TimeCreated":{"@SystemTime":"2025-04-16 19:51:58.9321184"},"EventRecordID":"23324","Correlation":null,"Execution":{"@ProcessID":"3196","@ThreadID":"4432"},"Channel":"Microsoft-Windows-Sysmon/Operational","Computer":"Server002","Security":{"@UserID":"S-1-5-18"}},"EventData":{"Data":[{"@Name":"RuleName","#text":"-"},{"@Name":"UtcTime","#text":"2025-04-16 19:51:58.931"},{"@Name":"ProcessGuid","#text":"dbf410b3-0a54-6800-9301-000000003c00"},{"@Name":"ProcessId","#text":"9840"},{"@Name":"Image","#text":"C:\\Program Files (x86)\\Microsoft\\Edge\\Application\\msedge.exe"},{"@Name":"User","#text":"SERVER002\\lplui"}]}}}
{"Event":{"System":{"Provider":{"@Name":"Microsoft-Windows-Sysmon","@Guid":"5770385f-c22a-43e0-bf4c-06f5698ffbd9"},"EventID":"5","Version":"3","Level":"4","Task":"5","Opcode":"0","Keywords":"0x8000000000000000","TimeCreated":{"@SystemTime":"2025-04-16 19:51:58.9351988"},"EventRecordID":"23325","Correlation":null,"Execution":{"@ProcessID":"3196","@ThreadID":"4432"},"Channel":"Microsoft-Windows-Sysmon/Operational","Computer":"Server002","Security":{"@UserID":"S-1-5-18"}},"EventData":{"Data":[{"@Name":"RuleName","#text":"-"},{"@Name":"UtcTime","#text":"2025-04-16 19:51:58.934"},{"@Name":"ProcessGuid","#text":"dbf410b3-0a4e-6800-8e01-000000003c00"},{"@Name":"ProcessId","#text":"9316"},{"@Name":"Image","#text":"C:\\Program Files\\BraveSoftware\\Brave-Browser\\Application\\brave.exe"},{"@Name":"User","#text":"SERVER002\\lplui"}]}}}
{"Event":{"System":{"Provider":{"@Name":"Microsoft-Windows-Sysmon","@Guid":"5770385f-c22a-43e0-bf4c-06f5698ffbd9"},"EventID":"5","Version":"3","Level":"4","Task":"5","Opcode":"0","Keywords":"0x8000000000000000","TimeCreated":{"@SystemTime":"2025-04-16 19:51:59.3444329"},"EventRecordID":"23326","Correlation":null,"Execution":{"@ProcessID":"3196","@ThreadID":"4432"},"Channel":"Microsoft-Windows-Sysmon/Operational","Computer":"Server002","Security":{"@UserID":"S-1-5-18"}},"EventData":{"Data":[{"@Name":"RuleName","#text":"-"},{"@Name":"UtcTime","#text":"2025-04-16 19:51:59.337"},{"@Name":"ProcessGuid","#text":"dbf410b3-0a5b-6800-9701-000000003c00"},{"@Name":"ProcessId","#text":"10172"},{"@Name":"Image","#text":"C:\\Program Files\\BraveSoftware\\Brave-Browser\\Application\\brave.exe"},{"@Name":"User","#text":"SERVER002\\lplui"}]}}}
{"Event":{"System":{"Provider":{"@Name":"Microsoft-Windows-Sysmon","@Guid":"5770385f-c22a-43e0-bf4c-06f5698ffbd9"},"EventID":"5","Version":"3","Level":"4","Task":"5","Opcode":"0","Keywords":"0x8000000000000000","TimeCreated":{"@SystemTime":"2025-04-16 19:51:59.9785439"},"EventRecordID":"23327","Correlation":null,"Execution":{"@ProcessID":"3196","@ThreadID":"4432"},"Channel":"Microsoft-Windows-Sysmon/Operational","Computer":"Server002","Security":{"@UserID":"S-1-5-18"}},"EventData":{"Data":[{"@Name":"RuleName","#text":"-"},{"@Name":"UtcTime","#text":"2025-04-16 19:51:59.977"},{"@Name":"ProcessGuid","#text":"dbf410b3-0a5b-6800-9601-000000003c00"},{"@Name":"ProcessId","#text":"10140"},{"@Name":"Image","#text":"C:\\Program Files\\BraveSoftware\\Brave-Browser\\Application\\brave.exe"},{"@Name":"User","#text":"SERVER002\\lplui"}]}}}
{"Event":{"System":{"Provider":{"@Name":"Microsoft-Windows-Sysmon","@Guid":"5770385f-c22a-43e0-bf4c-06f5698ffbd9"},"EventID":"1","Version":"5","Level":"4","Task":"1","Opcode":"0","Keywords":"0x8000000000000000","TimeCreated":{"@SystemTime":"2025-04-16 19:52:00.0988021"},"EventRecordID":"23328","Correlation":null,"Execution":{"@ProcessID":"3196","@ThreadID":"4432"},"Channel":"Microsoft-Windows-Sysmon/Operational","Computer":"Server002","Security":{"@UserID":"S-1-5-18"}},"EventData":{"Data":[{"@Name":"RuleName","#text":"-"},{"@Name":"UtcTime","#text":"2025-04-16 19:52:00.080"},{"@Name":"ProcessGuid","#text":"dbf410b3-0a60-6800-9d01-000000003c00"},{"@Name":"ProcessId","#text":"2044"},{"@Name":"Image","#text":"C:\\Program Files\\BraveSoftware\\Brave-Browser\\Application\\brave.exe"},{"@Name":"FileVersion","#text":"135.1.77.100"},{"@Name":"Description","#text":"Brave Browser"},{"@Name":"Product","#text":"Brave Browser"},{"@Name":"Company","#text":"Brave Software, Inc."},{"@Name":"OriginalFileName","#text":"brave.exe"},{"@Name":"CommandLine","#text":"\"C:\\Program Files\\BraveSoftware\\Brave-Browser\\Application\\brave.exe\" --type=renderer --enable-distillability-service --origin-trial-public-key=bYUKPJoPnCxeNvu72j4EmPuK7tr1PAC7SHh8ld9Mw3E=,fMS4mpO6buLQ/QMd+zJmxzty/VQ6B1EUZqoCU04zoRU= --start-stack-profiler --disable-gpu-compositing --video-capture-use-gpu-memory-buffer --lang=en-GB --device-scale-factor=1 --num-raster-threads=1 --renderer-client-id=9 --time-ticks-at-unix-epoch=-1744832589273427 --launch-time-ticks=537836851 --field-trial-handle=2108,i,12698906899907074959,2609854061467027992,262144 --variations-seed-version=main@e5408414389b8e453b72d0bf3b08b8847782f0f5 --mojo-platform-channel-handle=5996 /prefetch:1"},{"@Name":"CurrentDirectory","#text":"C:\\Program Files\\BraveSoftware\\Brave-Browser\\Application\\135.1.77.100\\"},{"@Name":"User","#text":"SERVER002\\lplui"},{"@Name":"LogonGuid","#text":"dbf410b3-0a15-6800-4b61-200000000000"},{"@Name":"LogonId","#text":"0x20614B"},{"@Name":"TerminalSessionId","#text":"1"},{"@Name":"IntegrityLevel","#text":"Low"},{"@Name":"Hashes","#text":"SHA256=EB01554FECE2DF194F20D4D586932E26BF322C74A3FD964212C28586A5C7B352"},{"@Name":"ParentProcessGuid","#text":"dbf410b3-0a4b-6800-8501-000000003c00"},{"@Name":"ParentProcessId","#text":"7624"},{"@Name":"ParentImage","#text":"C:\\Program Files\\BraveSoftware\\Brave-Browser\\Application\\brave.exe"},{"@Name":"ParentCommandLine","#text":"\"C:\\Program Files\\BraveSoftware\\Brave-Browser\\Application\\brave.exe\" "},{"@Name":"ParentUser","#text":"SERVER002\\lplui"}]}}}
{"Event":{"System":{"Provider":{"@Name":"Microsoft-Windows-Sysmon","@Guid":"5770385f-c22a-43e0-bf4c-06f5698ffbd9"},"EventID":"5","Version":"3","Level":"4","Task":"5","Opcode":"0","Keywords":"0x8000000000000000","TimeCreated":{"@SystemTime":"2025-04-16 19:52:05.4743531"},"EventRecordID":"23329","Correlation":null,"Execution":{"@ProcessID":"3196","@ThreadID":"4432"},"Channel":"Microsoft-Windows-Sysmon/Operational","Computer":"Server002","Security":{"@UserID":"S-1-5-18"}},"EventData":{"Data":[{"@Name":"RuleName","#text":"-"},{"@Name":"UtcTime","#text":"2025-04-16 19:52:05.473"},{"@Name":"ProcessGuid","#text":"dbf410b3-0a37-6800-5501-000000003c00"},{"@Name":"ProcessId","#text":"2984"},{"@Name":"Image","#text":"C:\\Windows\\System32\\backgroundTaskHost.exe"},{"@Name":"User","#text":"SERVER002\\lplui"}]}}}
