{"Event":{"System":{"Provider":{"@Name":"Microsoft-Windows-Sysmon","@Guid":"5770385f-c22a-43e0-bf4c-06f5698ffbd9"},"EventID":"1","Version":"5","Level":"4","Task":"1","Opcode":"0","Keywords":"0x8000000000000000","TimeCreated":{"@SystemTime":"2025-05-03 05:20:30.9145973"},"EventRecordID":"62909","Correlation":null,"Execution":{"@ProcessID":"2488","@ThreadID":"4156"},"Channel":"Microsoft-Windows-Sysmon/Operational","Computer":"Server002","Security":{"@UserID":"S-1-5-18"}},"EventData":{"Data":[{"@Name":"RuleName","#text":"-"},{"@Name":"UtcTime","#text":"2025-05-03 05:20:30.911"},{"@Name":"ProcessGuid","#text":"dbf410b3-a79e-6815-3106-000000004500"},{"@Name":"ProcessId","#text":"5868"},{"@Name":"Image","#text":"C:\\Windows\\System32\\svchost.exe"},{"@Name":"FileVersion","#text":"10.0.19041.4355 (WinBuild.160101.0800)"},{"@Name":"Description","#text":"Host Process for Windows Services"},{"@Name":"Product","#text":"Microsoft® Windows® Operating System"},{"@Name":"Company","#text":"Microsoft Corporation"},{"@Name":"OriginalFileName","#text":"svchost.exe"},{"@Name":"CommandLine","#text":"C:\\Windows\\system32\\svchost.exe -k wsappx -p -s AppXSvc"},{"@Name":"CurrentDirectory","#text":"C:\\Windows\\system32\\"},{"@Name":"User","#text":"NT AUTHORITY\\SYSTEM"},{"@Name":"LogonGuid","#text":"dbf410b3-a39d-6814-e703-000000000000"},{"@Name":"LogonId","#text":"0x3E7"},{"@Name":"TerminalSessionId","#text":"0"},{"@Name":"IntegrityLevel","#text":"System"},{"@Name":"Hashes","#text":"SHA256=6FC3BF1FDFD76860BE782554F8D25BD32F108DB934D70F4253F1E5F23522E503"},{"@Name":"ParentProcessGuid","#text":"dbf410b3-a39d-6814-0b00-000000004500"},{"@Name":"ParentProcessId","#text":"676"},{"@Name":"ParentImage","#text":"C:\\Windows\\System32\\services.exe"},{"@Name":"ParentCommandLine","#text":"C:\\Windows\\system32\\services.exe"},{"@Name":"ParentUser","#text":"NT AUTHORITY\\SYSTEM"}]}}}
{"Event":{"System":{"Provider":{"@Name":"Microsoft-Windows-Sysmon","@Guid":"5770385f-c22a-43e0-bf4c-06f5698ffbd9"},"EventID":"1","Version":"5","Level":"4","Task":"1","Opcode":"0","Keywords":"0x8000000000000000","TimeCreated":{"@SystemTime":"2025-05-03 05:20:31.7374795"},"EventRecordID":"62910","Correlation":null,"Execution":{"@ProcessID":"2488","@ThreadID":"4156"},"Channel":"Microsoft-Windows-Sysmon/Operational","Computer":"Server002","Security":{"@UserID":"S-1-5-18"}},"EventData":{"Data":[{"@Name":"RuleName","#text":"-"},{"@Name":"UtcTime","#text":"2025-05-03 05:20:31.728"},{"@Name":"ProcessGuid","#text":"dbf410b3-a79f-6815-3206-000000004500"},{"@Name":"ProcessId","#text":"1804"},{"@Name":"Image","#text":"C:\\Windows\\System32\\taskhostw.exe"},{"@Name":"FileVersion","#text":"10.0.19041.4474 (WinBuild.160101.0800)"},{"@Name":"Description","#text":"Host Process for Windows Tasks"},{"@Name":"Product","#text":"Microsoft® Windows® Operating System"},{"@Name":"Company","#text":"Microsoft Corporation"},{"@Name":"OriginalFileName","#text":"taskhostw.exe"},{"@Name":"CommandLine","#text":"taskhostw.exe \"C:\\Program Files\\Common Files\\Microsoft Shared\\ClickToRun\\OfficeC2RClient.exe\" /WatchService"},{"@Name":"CurrentDirectory","#text":"C:\\Windows\\system32\\"},{"@Name":"User","#text":"NT AUTHORITY\\SYSTEM"},{"@Name":"LogonGuid","#text":"dbf410b3-a39d-6814-e703-000000000000"},{"@Name":"LogonId","#text":"0x3E7"},{"@Name":"TerminalSessionId","#text":"0"},{"@Name":"IntegrityLevel","#text":"System"},{"@Name":"Hashes","#text":"SHA256=1C7B7E7026EF8307BF33AFDADF1D49E7C1EE4C829260B4F6988185D22D7BCC3A"},{"@Name":"ParentProcessGuid","#text":"dbf410b3-a3a0-6814-1900-000000004500"},{"@Name":"ParentProcessId","#text":"1140"},{"@Name":"ParentImage","#text":"C:\\Windows\\System32\\svchost.exe"},{"@Name":"ParentCommandLine","#text":"C:\\Windows\\system32\\svchost.exe -k netsvcs -p -s Schedule"},{"@Name":"ParentUser","#text":"NT AUTHORITY\\SYSTEM"}]}}}
{"Event":{"System":{"Provider":{"@Name":"Microsoft-Windows-Sysmon","@Guid":"5770385f-c22a-43e0-bf4c-06f5698ffbd9"},"EventID":"5","Version":"3","Level":"4","Task":"5","Opcode":"0","Keywords":"0x8000000000000000","TimeCreated":{"@SystemTime":"2025-05-03 05:20:31.8012684"},"EventRecordID":"62911","Correlation":null,"Execution":{"@ProcessID":"2488","@ThreadID":"4156"},"Channel":"Microsoft-Windows-Sysmon/Operational","Computer":"Server002","Security":{"@UserID":"S-1-5-18"}},"EventData":{"Data":[{"@Name":"RuleName","#text":"-"},{"@Name":"UtcTime","#text":"2025-05-03 05:20:31.800"},{"@Name":"ProcessGuid","#text":"dbf410b3-a79f-6815-3206-000000004500"},{"@Name":"ProcessId","#text":"1804"},{"@Name":"Image","#text":"C:\\Windows\\System32\\taskhostw.exe"},{"@Name":"User","#text":"NT AUTHORITY\\SYSTEM"}]}}}
{"Event":{"System":{"Provider":{"@Name":"Microsoft-Windows-Sysmon","@Guid":"5770385f-c22a-43e0-bf4c-06f5698ffbd9"},"EventID":"5","Version":"3","Level":"4","Task":"5","Opcode":"0","Keywords":"0x8000000000000000","TimeCreated":{"@SystemTime":"2025-05-03 05:20:32.9307217"},"EventRecordID":"62912","Correlation":null,"Execution":{"@ProcessID":"2488","@ThreadID":"4156"},"Channel":"Microsoft-Windows-Sysmon/Operational","Computer":"Server002","Security":{"@UserID":"S-1-5-18"}},"EventData":{"Data":[{"@Name":"RuleName","#text":"-"},{"@Name":"UtcTime","#text":"2025-05-03 05:20:32.930"},{"@Name":"ProcessGuid","#text":"dbf410b3-a09f-6815-b505-000000004500"},{"@Name":"ProcessId","#text":"9232"},{"@Name":"Image","#text":"C:\\Program Files\\Common Files\\microsoft shared\\ClickToRun\\OfficeC2RClient.exe"},{"@Name":"User","#text":"NT AUTHORITY\\SYSTEM"}]}}}
{"Event":{"System":{"Provider":{"@Name":"Microsoft-Windows-Sysmon","@Guid":"5770385f-c22a-43e0-bf4c-06f5698ffbd9"},"EventID":"1","Version":"5","Level":"4","Task":"1","Opcode":"0","Keywords":"0x8000000000000000","TimeCreated":{"@SystemTime":"2025-05-03 05:20:38.1172540"},"EventRecordID":"62913","Correlation":null,"Execution":{"@ProcessID":"2488","@ThreadID":"4156"},"Channel":"Microsoft-Windows-Sysmon/Operational","Computer":"Server002","Security":{"@UserID":"S-1-5-18"}},"EventData":{"Data":[{"@Name":"RuleName","#text":"-"},{"@Name":"UtcTime","#text":"2025-05-03 05:20:38.113"},{"@Name":"ProcessGuid","#text":"dbf410b3-a7a6-6815-3306-000000004500"},{"@Name":"ProcessId","#text":"11824"},{"@Name":"Image","#text":"C:\\Windows\\System32\\svchost.exe"},{"@Name":"FileVersion","#text":"10.0.19041.4355 (WinBuild.160101.0800)"},{"@Name":"Description","#text":"Host Process for Windows Services"},{"@Name":"Product","#text":"Microsoft® Windows® Operating System"},{"@Name":"Company","#text":"Microsoft Corporation"},{"@Name":"OriginalFileName","#text":"svchost.exe"},{"@Name":"CommandLine","#text":"C:\\Windows\\system32\\svchost.exe -k netsvcs -p -s gpsvc"},{"@Name":"CurrentDirectory","#text":"C:\\Windows\\system32\\"},{"@Name":"User","#text":"NT AUTHORITY\\SYSTEM"},{"@Name":"LogonGuid","#text":"dbf410b3-a39d-6814-e703-000000000000"},{"@Name":"LogonId","#text":"0x3E7"},{"@Name":"TerminalSessionId","#text":"0"},{"@Name":"IntegrityLevel","#text":"System"},{"@Name":"Hashes","#text":"SHA256=6FC3BF1FDFD76860BE782554F8D25BD32F108DB934D70F4253F1E5F23522E503"},{"@Name":"ParentProcessGuid","#text":"dbf410b3-a39d-6814-0b00-000000004500"},{"@Name":"ParentProcessId","#text":"676"},{"@Name":"ParentImage","#text":"C:\\Windows\\System32\\services.exe"},{"@Name":"ParentCommandLine","#text":"C:\\Windows\\system32\\services.exe"},{"@Name":"ParentUser","#text":"NT AUTHORITY\\SYSTEM"}]}}}
{"Event":{"System":{"Provider":{"@Name":"Microsoft-Windows-Sysmon","@Guid":"5770385f-c22a-43e0-bf4c-06f5698ffbd9"},"EventID":"1","Version":"5","Level":"4","Task":"1","Opcode":"0","Keywords":"0x8000000000000000","TimeCreated":{"@SystemTime":"2025-05-03 05:20:38.3928350"},"EventRecordID":"62914","Correlation":null,"Execution":{"@ProcessID":"2488","@ThreadID":"4156"},"Channel":"Microsoft-Windows-Sysmon/Operational","Computer":"Server002","Security":{"@UserID":"S-1-5-18"}},"EventData":{"Data":[{"@Name":"RuleName","#text":"-"},{"@Name":"UtcTime","#text":"2025-05-03 05:20:38.390"},{"@Name":"ProcessGuid","#text":"dbf410b3-a7a6-6815-3406-000000004500"},{"@Name":"ProcessId","#text":"11940"},{"@Name":"Image","#text":"C:\\Windows\\System32\\MoUsoCoreWorker.exe"},{"@Name":"FileVersion","#text":"10.0.19041.5678 (WinBuild.160101.0800)"},{"@Name":"Description","#text":"MoUSO Core Worker Process"},{"@Name":"Product","#text":"Microsoft® Windows® Operating System"},{"@Name":"Company","#text":"Microsoft Corporation"},{"@Name":"OriginalFileName","#text":"MoUSOCoreWorker.exe"},{"@Name":"CommandLine","#text":"C:\\Windows\\System32\\mousocoreworker.exe -Embedding"},{"@Name":"CurrentDirectory","#text":"C:\\Windows\\system32\\"},{"@Name":"User","#text":"NT AUTHORITY\\SYSTEM"},{"@Name":"LogonGuid","#text":"dbf410b3-a39d-6814-e703-000000000000"},{"@Name":"LogonId","#text":"0x3E7"},{"@Name":"TerminalSessionId","#text":"0"},{"@Name":"IntegrityLevel","#text":"System"},{"@Name":"Hashes","#text":"SHA256=235882DE2347DB7A4CE2BBD7599B5D8D56C93A8BC18207DBEE7173B9BAD068FE"},{"@Name":"ParentProcessGuid","#text":"dbf410b3-a39e-6814-0d00-000000004500"},{"@Name":"ParentProcessId","#text":"800"},{"@Name":"ParentImage","#text":"C:\\Windows\\System32\\svchost.exe"},{"@Name":"ParentCommandLine","#text":"C:\\Windows\\system32\\svchost.exe -k DcomLaunch -p"},{"@Name":"ParentUser","#text":"NT AUTHORITY\\SYSTEM"}]}}}
{"Event":{"System":{"Provider":{"@Name":"Microsoft-Windows-Sysmon","@Guid":"5770385f-c22a-43e0-bf4c-06f5698ffbd9"},"EventID":"5","Version":"3","Level":"4","Task":"5","Opcode":"0","Keywords":"0x8000000000000000","TimeCreated":{"@SystemTime":"2025-05-03 05:20:39.0803369"},"EventRecordID":"62915","Correlation":null,"Execution":{"@ProcessID":"2488","@ThreadID":"4156"},"Channel":"Microsoft-Windows-Sysmon/Operational","Computer":"Server002","Security":{"@UserID":"S-1-5-18"}},"EventData":{"Data":[{"@Name":"RuleName","#text":"-"},{"@Name":"UtcTime","#text":"2025-05-03 05:20:39.068"},{"@Name":"ProcessGuid","#text":"dbf410b3-a79e-6815-3006-000000004500"},{"@Name":"ProcessId","#text":"11720"},{"@Name":"Image","#text":"C:\\Program Files\\Microsoft OneDrive\\25.065.0406.0002\\FileCoAuth.exe"},{"@Name":"User","#text":"SERVER002\\lplui"}]}}}
{"Event":{"System":{"Provider":{"@Name":"Microsoft-Windows-Sysmon","@Guid":"5770385f-c22a-43e0-bf4c-06f5698ffbd9"},"EventID":"5","Version":"3","Level":"4","Task":"5","Opcode":"0","Keywords":"0x8000000000000000","TimeCreated":{"@SystemTime":"2025-05-03 05:21:57.2243623"},"EventRecordID":"62916","Correlation":null,"Execution":{"@ProcessID":"2488","@ThreadID":"4156"},"Channel":"Microsoft-Windows-Sysmon/Operational","Computer":"Server002","Security":{"@UserID":"S-1-5-18"}},"EventData":{"Data":[{"@Name":"RuleName","#text":"-"},{"@Name":"UtcTime","#text":"2025-05-03 05:21:57.222"},{"@Name":"ProcessGuid","#text":"dbf410b3-a7a6-6815-3406-000000004500"},{"@Name":"ProcessId","#text":"11940"},{"@Name":"Image","#text":"C:\\Windows\\System32\\MoUsoCoreWorker.exe"},{"@Name":"User","#text":"NT AUTHORITY\\SYSTEM"}]}}}
{"Event":{"System":{"Provider":{"@Name":"Microsoft-Windows-Sysmon","@Guid":"5770385f-c22a-43e0-bf4c-06f5698ffbd9"},"EventID":"5","Version":"3","Level":"4","Task":"5","Opcode":"0","Keywords":"0x8000000000000000","TimeCreated":{"@SystemTime":"2025-05-03 05:25:37.8545976"},"EventRecordID":"62917","Correlation":null,"Execution":{"@ProcessID":"2488","@ThreadID":"4156"},"Channel":"Microsoft-Windows-Sysmon/Operational","Computer":"Server002","Security":{"@UserID":"S-1-5-18"}},"EventData":{"Data":[{"@Name":"RuleName","#text":"-"},{"@Name":"UtcTime","#text":"2025-05-03 05:25:37.854"},{"@Name":"ProcessGuid","#text":"dbf410b3-a79e-6815-3106-000000004500"},{"@Name":"ProcessId","#text":"5868"},{"@Name":"Image","#text":"C:\\Windows\\System32\\svchost.exe"},{"@Name":"User","#text":"NT AUTHORITY\\SYSTEM"}]}}}
{"Event":{"System":{"Provider":{"@Name":"Microsoft-Windows-Sysmon","@Guid":"5770385f-c22a-43e0-bf4c-06f5698ffbd9"},"EventID":"1","Version":"5","Level":"4","Task":"1","Opcode":"0","Keywords":"0x8000000000000000","TimeCreated":{"@SystemTime":"2025-05-03 05:25:45.5469895"},"EventRecordID":"62918","Correlation":null,"Execution":{"@ProcessID":"2488","@ThreadID":"4156"},"Channel":"Microsoft-Windows-Sysmon/Operational","Computer":"Server002","Security":{"@UserID":"S-1-5-18"}},"EventData":{"Data":[{"@Name":"RuleName","#text":"-"},{"@Name":"UtcTime","#text":"2025-05-03 05:25:45.540"},{"@Name":"ProcessGuid","#text":"dbf410b3-a8d9-6815-3506-000000004500"},{"@Name":"ProcessId","#text":"9956"},{"@Name":"Image","#text":"C:\\Windows\\System32\\MoUsoCoreWorker.exe"},{"@Name":"FileVersion","#text":"10.0.19041.5678 (WinBuild.160101.0800)"},{"@Name":"Description","#text":"MoUSO Core Worker Process"},{"@Name":"Product","#text":"Microsoft® Windows® Operating System"},{"@Name":"Company","#text":"Microsoft Corporation"},{"@Name":"OriginalFileName","#text":"MoUSOCoreWorker.exe"},{"@Name":"CommandLine","#text":"C:\\Windows\\System32\\mousocoreworker.exe -Embedding"},{"@Name":"CurrentDirectory","#text":"C:\\Windows\\system32\\"},{"@Name":"User","#text":"NT AUTHORITY\\SYSTEM"},{"@Name":"LogonGuid","#text":"dbf410b3-a39d-6814-e703-000000000000"},{"@Name":"LogonId","#text":"0x3E7"},{"@Name":"TerminalSessionId","#text":"0"},{"@Name":"IntegrityLevel","#text":"System"},{"@Name":"Hashes","#text":"SHA256=235882DE2347DB7A4CE2BBD7599B5D8D56C93A8BC18207DBEE7173B9BAD068FE"},{"@Name":"ParentProcessGuid","#text":"dbf410b3-a39e-6814-0d00-000000004500"},{"@Name":"ParentProcessId","#text":"800"},{"@Name":"ParentImage","#text":"C:\\Windows\\System32\\svchost.exe"},{"@Name":"ParentCommandLine","#text":"C:\\Windows\\system32\\svchost.exe -k DcomLaunch -p"},{"@Name":"ParentUser","#text":"NT AUTHORITY\\SYSTEM"}]}}}
{"Event":{"System":{"Provider":{"@Name":"Microsoft-Windows-Sysmon","@Guid":"5770385f-c22a-43e0-bf4c-06f5698ffbd9"},"EventID":"5","Version":"3","Level":"4","Task":"5","Opcode":"0","Keywords":"0x8000000000000000","TimeCreated":{"@SystemTime":"2025-05-03 05:26:46.6129146"},"EventRecordID":"62919","Correlation":null,"Execution":{"@ProcessID":"2488","@ThreadID":"4156"},"Channel":"Microsoft-Windows-Sysmon/Operational","Computer":"Server002","Security":{"@UserID":"S-1-5-18"}},"EventData":{"Data":[{"@Name":"RuleName","#text":"-"},{"@Name":"UtcTime","#text":"2025-05-03 05:26:46.611"},{"@Name":"ProcessGuid","#text":"dbf410b3-a8d9-6815-3506-000000004500"},{"@Name":"ProcessId","#text":"9956"},{"@Name":"Image","#text":"C:\\Windows\\System32\\MoUsoCoreWorker.exe"},{"@Name":"User","#text":"NT AUTHORITY\\SYSTEM"}]}}}
{"Event":{"System":{"Provider":{"@Name":"Microsoft-Windows-Sysmon","@Guid":"5770385f-c22a-43e0-bf4c-06f5698ffbd9"},"EventID":"1","Version":"5","Level":"4","Task":"1","Opcode":"0","Keywords":"0x8000000000000000","TimeCreated":{"@SystemTime":"2025-05-03 05:30:23.2756400"},"EventRecordID":"62920","Correlation":null,"Execution":{"@ProcessID":"2488","@ThreadID":"4156"},"Channel":"Microsoft-Windows-Sysmon/Operational","Computer":"Server002","Security":{"@UserID":"S-1-5-18"}},"EventData":{"Data":[{"@Name":"RuleName","#text":"-"},{"@Name":"UtcTime","#text":"2025-05-03 05:30:23.269"},{"@Name":"ProcessGuid","#text":"dbf410b3-a9ef-6815-3606-000000004500"},{"@Name":"ProcessId","#text":"6904"},{"@Name":"Image","#text":"C:\\Program Files\\BraveSoftware\\Brave-Browser\\Application\\brave.exe"},{"@Name":"FileVersion","#text":"136.1.78.94"},{"@Name":"Description","#text":"Brave Browser"},{"@Name":"Product","#text":"Brave Browser"},{"@Name":"Company","#text":"Brave Software, Inc."},{"@Name":"OriginalFileName","#text":"brave.exe"},{"@Name":"CommandLine","#text":"\"C:\\Program Files\\BraveSoftware\\Brave-Browser\\Application\\brave.exe\" --type=utility --utility-sub-type=patch.mojom.FilePatcher --lang=en-GB --service-sandbox-type=service --field-trial-handle=2152,i,414383358165923903,7500814195527958954,262144 --variations-seed-version=main@c7badf07d553100a28da9722517041a2bb170f8e --mojo-platform-channel-handle=6440 /prefetch:8"},{"@Name":"CurrentDirectory","#text":"C:\\Program Files\\BraveSoftware\\Brave-Browser\\Application\\136.1.78.94\\"},{"@Name":"User","#text":"SERVER002\\lplui"},{"@Name":"LogonGuid","#text":"dbf410b3-8789-6814-3797-030000000000"},{"@Name":"LogonId","#text":"0x39737"},{"@Name":"TerminalSessionId","#text":"1"},{"@Name":"IntegrityLevel","#text":"Low"},{"@Name":"Hashes","#text":"SHA256=D9D8ACF4DBC502F6B39E3EEB58F0862458D324606B187518AFADEAD80D87F936"},{"@Name":"ParentProcessGuid","#text":"dbf410b3-d99b-6814-2702-000000004500"},{"@Name":"ParentProcessId","#text":"5960"},{"@Name":"ParentImage","#text":"C:\\Program Files\\BraveSoftware\\Brave-Browser\\Application\\brave.exe"},{"@Name":"ParentCommandLine","#text":"\"C:\\Program Files\\BraveSoftware\\Brave-Browser\\Application\\brave.exe\" --disable-domain-reliability --enable-dom-distiller --enable-distillability-service --origin-trial-public-key=bYUKPJoPnCxeNvu72j4EmPuK7tr1PAC7SHh8ld9Mw3E=,fMS4mpO6buLQ/QMd+zJmxzty/VQ6B1EUZqoCU04zoRU= --lso-url=https://no-thanks.invalid --sync-url=https://sync-v2.brave.com/v2 --variations-server-url=https://variations.brave.com/seed --variations-insecure-server-url=https://variations.brave.com/seed --flag-switches-begin --flag-switches-end --component-updater=url-source=https://go-updater.brave.com/extensions"},{"@Name":"ParentUser","#text":"SERVER002\\lplui"}]}}}
