{"Event":{"System":{"Provider":{"@Name":"Microsoft-Windows-Sysmon","@Guid":"5770385f-c22a-43e0-bf4c-06f5698ffbd9"},"EventID":"5","Version":"3","Level":"4","Task":"5","Opcode":"0","Keywords":"0x8000000000000000","TimeCreated":{"@SystemTime":"2025-04-18 10:41:10.7652410"},"EventRecordID":"31215","Correlation":null,"Execution":{"@ProcessID":"3112","@ThreadID":"4188"},"Channel":"Microsoft-Windows-Sysmon/Operational","Computer":"Server002","Security":{"@UserID":"S-1-5-18"}},"EventData":{"Data":[{"@Name":"RuleName","#text":"-"},{"@Name":"UtcTime","#text":"2025-04-18 10:41:10.724"},{"@Name":"ProcessGuid","#text":"dbf410b3-2c00-6802-6102-000000003e00"},{"@Name":"ProcessId","#text":"3304"},{"@Name":"Image","#text":"C:\\Program Files (x86)\\Microsoft Office\\root\\Office16\\SDXHelper.exe"},{"@Name":"User","#text":"SERVER002\\lplui"}]}}}
{"Event":{"System":{"Provider":{"@Name":"Microsoft-Windows-Sysmon","@Guid":"5770385f-c22a-43e0-bf4c-06f5698ffbd9"},"EventID":"1","Version":"5","Level":"4","Task":"1","Opcode":"0","Keywords":"0x8000000000000000","TimeCreated":{"@SystemTime":"2025-04-18 10:41:38.7878354"},"EventRecordID":"31216","Correlation":null,"Execution":{"@ProcessID":"3112","@ThreadID":"4188"},"Channel":"Microsoft-Windows-Sysmon/Operational","Computer":"Server002","Security":{"@UserID":"S-1-5-18"}},"EventData":{"Data":[{"@Name":"RuleName","#text":"-"},{"@Name":"UtcTime","#text":"2025-04-18 10:41:38.528"},{"@Name":"ProcessGuid","#text":"dbf410b3-2c62-6802-6502-000000003e00"},{"@Name":"ProcessId","#text":"9840"},{"@Name":"Image","#text":"C:\\Program Files\\Malwarebytes\\Anti-Malware\\mbupdatrV5.exe"},{"@Name":"FileVersion","#text":"3.1.0.510"},{"@Name":"Description","#text":"Malwarebytes Component Updater"},{"@Name":"Product","#text":"Malwarebytes"},{"@Name":"Company","#text":"Malwarebytes"},{"@Name":"OriginalFileName","#text":"mbupdatr.exe"},{"@Name":"CommandLine","#text":"\"C:\\PROGRAM FILES\\MALWAREBYTES\\ANTI-MALWARE\\mbupdatrV5.exe\" \"C:\\PROGRAM FILES\\MALWAREBYTES\\ANTI-MALWARE\" \"C:\\PROGRAMDATA\\MALWAREBYTES\\MBAMSERVICE\\config\\UpdateControllerConfig.json\" \"C:\\PROGRAMDATA\\MALWAREBYTES\\MBAMSERVICE\" \"C:\\PROGRAMDATA\\MALWAREBYTES\\MBAMSERVICE\\dbclsupdate\\staging\" /db:dbupdate /su:no"},{"@Name":"CurrentDirectory","#text":"C:\\PROGRAM FILES\\MALWAREBYTES\\ANTI-MALWARE\\"},{"@Name":"User","#text":"NT AUTHORITY\\SYSTEM"},{"@Name":"LogonGuid","#text":"dbf410b3-3809-6802-e703-000000000000"},{"@Name":"LogonId","#text":"0x3E7"},{"@Name":"TerminalSessionId","#text":"0"},{"@Name":"IntegrityLevel","#text":"System"},{"@Name":"Hashes","#text":"SHA256=3B0E82450E518EC2DB879A0573BD1726D690CF2BFDD519CF5B26C16A95BC5AC1"},{"@Name":"ParentProcessGuid","#text":"dbf410b3-1bef-6802-5000-000000003e00"},{"@Name":"ParentProcessId","#text":"3260"},{"@Name":"ParentImage","#text":"C:\\Program Files\\Malwarebytes\\Anti-Malware\\MBAMService.exe"},{"@Name":"ParentCommandLine","#text":"\"C:\\Program Files\\Malwarebytes\\Anti-Malware\\MBAMService.exe\""},{"@Name":"ParentUser","#text":"NT AUTHORITY\\SYSTEM"}]}}}
{"Event":{"System":{"Provider":{"@Name":"Microsoft-Windows-Sysmon","@Guid":"5770385f-c22a-43e0-bf4c-06f5698ffbd9"},"EventID":"1","Version":"5","Level":"4","Task":"1","Opcode":"0","Keywords":"0x8000000000000000","TimeCreated":{"@SystemTime":"2025-04-18 10:41:42.1290014"},"EventRecordID":"31217","Correlation":null,"Execution":{"@ProcessID":"3112","@ThreadID":"4188"},"Channel":"Microsoft-Windows-Sysmon/Operational","Computer":"Server002","Security":{"@UserID":"S-1-5-18"}},"EventData":{"Data":[{"@Name":"RuleName","#text":"-"},{"@Name":"UtcTime","#text":"2025-04-18 10:41:42.036"},{"@Name":"ProcessGuid","#text":"dbf410b3-2c66-6802-6602-000000003e00"},{"@Name":"ProcessId","#text":"3252"},{"@Name":"Image","#text":"C:\\Windows\\System32\\wbem\\WmiPrvSE.exe"},{"@Name":"FileVersion","#text":"10.0.19041.3636 (WinBuild.160101.0800)"},{"@Name":"Description","#text":"WMI Provider Host"},{"@Name":"Product","#text":"Microsoft® Windows® Operating System"},{"@Name":"Company","#text":"Microsoft Corporation"},{"@Name":"OriginalFileName","#text":"Wmiprvse.exe"},{"@Name":"CommandLine","#text":"C:\\Windows\\system32\\wbem\\wmiprvse.exe -secured -Embedding"},{"@Name":"CurrentDirectory","#text":"C:\\Windows\\system32\\"},{"@Name":"User","#text":"NT AUTHORITY\\NETWORK SERVICE"},{"@Name":"LogonGuid","#text":"dbf410b3-380a-6802-e403-000000000000"},{"@Name":"LogonId","#text":"0x3E4"},{"@Name":"TerminalSessionId","#text":"0"},{"@Name":"IntegrityLevel","#text":"System"},{"@Name":"Hashes","#text":"SHA256=8BBDEAD7357AF7BF0EFE397F9FD7E0EC578755EB8BDBAA65AE4F28EF00087AD5"},{"@Name":"ParentProcessGuid","#text":"00000000-0000-0000-0000-000000000000"},{"@Name":"ParentProcessId","#text":"792"},{"@Name":"ParentImage","#text":"-"},{"@Name":"ParentCommandLine","#text":"-"},{"@Name":"ParentUser","#text":"-"}]}}}
{"Event":{"System":{"Provider":{"@Name":"Microsoft-Windows-Sysmon","@Guid":"5770385f-c22a-43e0-bf4c-06f5698ffbd9"},"EventID":"5","Version":"3","Level":"4","Task":"5","Opcode":"0","Keywords":"0x8000000000000000","TimeCreated":{"@SystemTime":"2025-04-18 10:41:42.9666743"},"EventRecordID":"31218","Correlation":null,"Execution":{"@ProcessID":"3112","@ThreadID":"4188"},"Channel":"Microsoft-Windows-Sysmon/Operational","Computer":"Server002","Security":{"@UserID":"S-1-5-18"}},"EventData":{"Data":[{"@Name":"RuleName","#text":"-"},{"@Name":"UtcTime","#text":"2025-04-18 10:41:42.934"},{"@Name":"ProcessGuid","#text":"dbf410b3-2c62-6802-6502-000000003e00"},{"@Name":"ProcessId","#text":"9840"},{"@Name":"Image","#text":"C:\\Program Files\\Malwarebytes\\Anti-Malware\\mbupdatrV5.exe"},{"@Name":"User","#text":"NT AUTHORITY\\SYSTEM"}]}}}
{"Event":{"System":{"Provider":{"@Name":"Microsoft-Windows-Sysmon","@Guid":"5770385f-c22a-43e0-bf4c-06f5698ffbd9"},"EventID":"1","Version":"5","Level":"4","Task":"1","Opcode":"0","Keywords":"0x8000000000000000","TimeCreated":{"@SystemTime":"2025-04-18 10:42:06.9073763"},"EventRecordID":"31219","Correlation":null,"Execution":{"@ProcessID":"3112","@ThreadID":"4188"},"Channel":"Microsoft-Windows-Sysmon/Operational","Computer":"Server002","Security":{"@UserID":"S-1-5-18"}},"EventData":{"Data":[{"@Name":"RuleName","#text":"-"},{"@Name":"UtcTime","#text":"2025-04-18 10:42:06.660"},{"@Name":"ProcessGuid","#text":"dbf410b3-2c7e-6802-6702-000000003e00"},{"@Name":"ProcessId","#text":"7788"},{"@Name":"Image","#text":"C:\\Program Files\\Malwarebytes\\Anti-Malware\\ig.exe"},{"@Name":"FileVersion","#text":"1.0.4.8"},{"@Name":"Description","#text":"Malware Scanner"},{"@Name":"Product","#text":"Malwarebytes Scanner"},{"@Name":"Company","#text":"MalwareBytes"},{"@Name":"OriginalFileName","#text":"ig.exe"},{"@Name":"CommandLine","#text":"ig.exe reseed"},{"@Name":"CurrentDirectory","#text":"C:\\PROGRAM FILES\\MALWAREBYTES\\ANTI-MALWARE\\"},{"@Name":"User","#text":"SERVER002\\lplui"},{"@Name":"LogonGuid","#text":"dbf410b3-1bf3-6802-b583-030000000000"},{"@Name":"LogonId","#text":"0x383B5"},{"@Name":"TerminalSessionId","#text":"1"},{"@Name":"IntegrityLevel","#text":"Low"},{"@Name":"Hashes","#text":"SHA256=0A92734D2859491BEE271BFB8C3EBD619E89EA7E80DF3F756F248C367D7A3331"},{"@Name":"ParentProcessGuid","#text":"dbf410b3-1bef-6802-5000-000000003e00"},{"@Name":"ParentProcessId","#text":"3260"},{"@Name":"ParentImage","#text":"C:\\Program Files\\Malwarebytes\\Anti-Malware\\MBAMService.exe"},{"@Name":"ParentCommandLine","#text":"\"C:\\Program Files\\Malwarebytes\\Anti-Malware\\MBAMService.exe\""},{"@Name":"ParentUser","#text":"NT AUTHORITY\\SYSTEM"}]}}}
{"Event":{"System":{"Provider":{"@Name":"Microsoft-Windows-Sysmon","@Guid":"5770385f-c22a-43e0-bf4c-06f5698ffbd9"},"EventID":"5","Version":"3","Level":"4","Task":"5","Opcode":"0","Keywords":"0x8000000000000000","TimeCreated":{"@SystemTime":"2025-04-18 10:42:07.0277690"},"EventRecordID":"31220","Correlation":null,"Execution":{"@ProcessID":"3112","@ThreadID":"4188"},"Channel":"Microsoft-Windows-Sysmon/Operational","Computer":"Server002","Security":{"@UserID":"S-1-5-18"}},"EventData":{"Data":[{"@Name":"RuleName","#text":"-"},{"@Name":"UtcTime","#text":"2025-04-18 10:42:06.911"},{"@Name":"ProcessGuid","#text":"dbf410b3-2c7e-6802-6702-000000003e00"},{"@Name":"ProcessId","#text":"7788"},{"@Name":"Image","#text":"C:\\Program Files\\Malwarebytes\\Anti-Malware\\ig.exe"},{"@Name":"User","#text":"SERVER002\\lplui"}]}}}
{"Event":{"System":{"Provider":{"@Name":"Microsoft-Windows-Sysmon","@Guid":"5770385f-c22a-43e0-bf4c-06f5698ffbd9"},"EventID":"1","Version":"5","Level":"4","Task":"1","Opcode":"0","Keywords":"0x8000000000000000","TimeCreated":{"@SystemTime":"2025-04-18 10:42:07.1812324"},"EventRecordID":"31221","Correlation":null,"Execution":{"@ProcessID":"3112","@ThreadID":"4188"},"Channel":"Microsoft-Windows-Sysmon/Operational","Computer":"Server002","Security":{"@UserID":"S-1-5-18"}},"EventData":{"Data":[{"@Name":"RuleName","#text":"-"},{"@Name":"UtcTime","#text":"2025-04-18 10:42:07.047"},{"@Name":"ProcessGuid","#text":"dbf410b3-2c7f-6802-6802-000000003e00"},{"@Name":"ProcessId","#text":"5556"},{"@Name":"Image","#text":"C:\\Program Files\\Malwarebytes\\Anti-Malware\\ig.exe"},{"@Name":"FileVersion","#text":"1.0.4.8"},{"@Name":"Description","#text":"Malware Scanner"},{"@Name":"Product","#text":"Malwarebytes Scanner"},{"@Name":"Company","#text":"MalwareBytes"},{"@Name":"OriginalFileName","#text":"ig.exe"},{"@Name":"CommandLine","#text":"ig.exe reseed"},{"@Name":"CurrentDirectory","#text":"C:\\PROGRAM FILES\\MALWAREBYTES\\ANTI-MALWARE\\"},{"@Name":"User","#text":"SERVER002\\lplui"},{"@Name":"LogonGuid","#text":"dbf410b3-1bf3-6802-b583-030000000000"},{"@Name":"LogonId","#text":"0x383B5"},{"@Name":"TerminalSessionId","#text":"1"},{"@Name":"IntegrityLevel","#text":"Low"},{"@Name":"Hashes","#text":"SHA256=0A92734D2859491BEE271BFB8C3EBD619E89EA7E80DF3F756F248C367D7A3331"},{"@Name":"ParentProcessGuid","#text":"dbf410b3-1bef-6802-5000-000000003e00"},{"@Name":"ParentProcessId","#text":"3260"},{"@Name":"ParentImage","#text":"C:\\Program Files\\Malwarebytes\\Anti-Malware\\MBAMService.exe"},{"@Name":"ParentCommandLine","#text":"\"C:\\Program Files\\Malwarebytes\\Anti-Malware\\MBAMService.exe\""},{"@Name":"ParentUser","#text":"NT AUTHORITY\\SYSTEM"}]}}}
{"Event":{"System":{"Provider":{"@Name":"Microsoft-Windows-Sysmon","@Guid":"5770385f-c22a-43e0-bf4c-06f5698ffbd9"},"EventID":"5","Version":"3","Level":"4","Task":"5","Opcode":"0","Keywords":"0x8000000000000000","TimeCreated":{"@SystemTime":"2025-04-18 10:42:07.3653503"},"EventRecordID":"31222","Correlation":null,"Execution":{"@ProcessID":"3112","@ThreadID":"4188"},"Channel":"Microsoft-Windows-Sysmon/Operational","Computer":"Server002","Security":{"@UserID":"S-1-5-18"}},"EventData":{"Data":[{"@Name":"RuleName","#text":"-"},{"@Name":"UtcTime","#text":"2025-04-18 10:42:07.360"},{"@Name":"ProcessGuid","#text":"dbf410b3-2c7f-6802-6802-000000003e00"},{"@Name":"ProcessId","#text":"5556"},{"@Name":"Image","#text":"C:\\Program Files\\Malwarebytes\\Anti-Malware\\ig.exe"},{"@Name":"User","#text":"SERVER002\\lplui"}]}}}
{"Event":{"System":{"Provider":{"@Name":"Microsoft-Windows-Sysmon","@Guid":"5770385f-c22a-43e0-bf4c-06f5698ffbd9"},"EventID":"1","Version":"5","Level":"4","Task":"1","Opcode":"0","Keywords":"0x8000000000000000","TimeCreated":{"@SystemTime":"2025-04-18 10:42:07.5503359"},"EventRecordID":"31223","Correlation":null,"Execution":{"@ProcessID":"3112","@ThreadID":"4188"},"Channel":"Microsoft-Windows-Sysmon/Operational","Computer":"Server002","Security":{"@UserID":"S-1-5-18"}},"EventData":{"Data":[{"@Name":"RuleName","#text":"-"},{"@Name":"UtcTime","#text":"2025-04-18 10:42:07.371"},{"@Name":"ProcessGuid","#text":"dbf410b3-2c7f-6802-6902-000000003e00"},{"@Name":"ProcessId","#text":"3040"},{"@Name":"Image","#text":"C:\\Program Files\\Malwarebytes\\Anti-Malware\\ig.exe"},{"@Name":"FileVersion","#text":"1.0.4.8"},{"@Name":"Description","#text":"Malware Scanner"},{"@Name":"Product","#text":"Malwarebytes Scanner"},{"@Name":"Company","#text":"MalwareBytes"},{"@Name":"OriginalFileName","#text":"ig.exe"},{"@Name":"CommandLine","#text":"ig.exe reseed"},{"@Name":"CurrentDirectory","#text":"C:\\PROGRAM FILES\\MALWAREBYTES\\ANTI-MALWARE\\"},{"@Name":"User","#text":"SERVER002\\lplui"},{"@Name":"LogonGuid","#text":"dbf410b3-1bf3-6802-b583-030000000000"},{"@Name":"LogonId","#text":"0x383B5"},{"@Name":"TerminalSessionId","#text":"1"},{"@Name":"IntegrityLevel","#text":"Low"},{"@Name":"Hashes","#text":"SHA256=0A92734D2859491BEE271BFB8C3EBD619E89EA7E80DF3F756F248C367D7A3331"},{"@Name":"ParentProcessGuid","#text":"dbf410b3-1bef-6802-5000-000000003e00"},{"@Name":"ParentProcessId","#text":"3260"},{"@Name":"ParentImage","#text":"C:\\Program Files\\Malwarebytes\\Anti-Malware\\MBAMService.exe"},{"@Name":"ParentCommandLine","#text":"\"C:\\Program Files\\Malwarebytes\\Anti-Malware\\MBAMService.exe\""},{"@Name":"ParentUser","#text":"NT AUTHORITY\\SYSTEM"}]}}}
{"Event":{"System":{"Provider":{"@Name":"Microsoft-Windows-Sysmon","@Guid":"5770385f-c22a-43e0-bf4c-06f5698ffbd9"},"EventID":"5","Version":"3","Level":"4","Task":"5","Opcode":"0","Keywords":"0x8000000000000000","TimeCreated":{"@SystemTime":"2025-04-18 10:42:07.5619750"},"EventRecordID":"31224","Correlation":null,"Execution":{"@ProcessID":"3112","@ThreadID":"4188"},"Channel":"Microsoft-Windows-Sysmon/Operational","Computer":"Server002","Security":{"@UserID":"S-1-5-18"}},"EventData":{"Data":[{"@Name":"RuleName","#text":"-"},{"@Name":"UtcTime","#text":"2025-04-18 10:42:07.561"},{"@Name":"ProcessGuid","#text":"dbf410b3-2c7f-6802-6902-000000003e00"},{"@Name":"ProcessId","#text":"3040"},{"@Name":"Image","#text":"C:\\Program Files\\Malwarebytes\\Anti-Malware\\ig.exe"},{"@Name":"User","#text":"SERVER002\\lplui"}]}}}
{"Event":{"System":{"Provider":{"@Name":"Microsoft-Windows-Sysmon","@Guid":"5770385f-c22a-43e0-bf4c-06f5698ffbd9"},"EventID":"1","Version":"5","Level":"4","Task":"1","Opcode":"0","Keywords":"0x8000000000000000","TimeCreated":{"@SystemTime":"2025-04-18 10:42:07.9388954"},"EventRecordID":"31225","Correlation":null,"Execution":{"@ProcessID":"3112","@ThreadID":"4188"},"Channel":"Microsoft-Windows-Sysmon/Operational","Computer":"Server002","Security":{"@UserID":"S-1-5-18"}},"EventData":{"Data":[{"@Name":"RuleName","#text":"-"},{"@Name":"UtcTime","#text":"2025-04-18 10:42:07.660"},{"@Name":"ProcessGuid","#text":"dbf410b3-2c7f-6802-6a02-000000003e00"},{"@Name":"ProcessId","#text":"11160"},{"@Name":"Image","#text":"C:\\Program Files\\Malwarebytes\\Anti-Malware\\ig.exe"},{"@Name":"FileVersion","#text":"1.0.4.8"},{"@Name":"Description","#text":"Malware Scanner"},{"@Name":"Product","#text":"Malwarebytes Scanner"},{"@Name":"Company","#text":"MalwareBytes"},{"@Name":"OriginalFileName","#text":"ig.exe"},{"@Name":"CommandLine","#text":"ig.exe reseed"},{"@Name":"CurrentDirectory","#text":"C:\\PROGRAM FILES\\MALWAREBYTES\\ANTI-MALWARE\\"},{"@Name":"User","#text":"SERVER002\\lplui"},{"@Name":"LogonGuid","#text":"dbf410b3-1bf3-6802-b583-030000000000"},{"@Name":"LogonId","#text":"0x383B5"},{"@Name":"TerminalSessionId","#text":"1"},{"@Name":"IntegrityLevel","#text":"Low"},{"@Name":"Hashes","#text":"SHA256=0A92734D2859491BEE271BFB8C3EBD619E89EA7E80DF3F756F248C367D7A3331"},{"@Name":"ParentProcessGuid","#text":"dbf410b3-1bef-6802-5000-000000003e00"},{"@Name":"ParentProcessId","#text":"3260"},{"@Name":"ParentImage","#text":"C:\\Program Files\\Malwarebytes\\Anti-Malware\\MBAMService.exe"},{"@Name":"ParentCommandLine","#text":"\"C:\\Program Files\\Malwarebytes\\Anti-Malware\\MBAMService.exe\""},{"@Name":"ParentUser","#text":"NT AUTHORITY\\SYSTEM"}]}}}
{"Event":{"System":{"Provider":{"@Name":"Microsoft-Windows-Sysmon","@Guid":"5770385f-c22a-43e0-bf4c-06f5698ffbd9"},"EventID":"5","Version":"3","Level":"4","Task":"5","Opcode":"0","Keywords":"0x8000000000000000","TimeCreated":{"@SystemTime":"2025-04-18 10:42:08.0177629"},"EventRecordID":"31226","Correlation":null,"Execution":{"@ProcessID":"3112","@ThreadID":"4188"},"Channel":"Microsoft-Windows-Sysmon/Operational","Computer":"Server002","Security":{"@UserID":"S-1-5-18"}},"EventData":{"Data":[{"@Name":"RuleName","#text":"-"},{"@Name":"UtcTime","#text":"2025-04-18 10:42:07.993"},{"@Name":"ProcessGuid","#text":"dbf410b3-2c7f-6802-6a02-000000003e00"},{"@Name":"ProcessId","#text":"11160"},{"@Name":"Image","#text":"C:\\Program Files\\Malwarebytes\\Anti-Malware\\ig.exe"},{"@Name":"User","#text":"SERVER002\\lplui"}]}}}
{"Event":{"System":{"Provider":{"@Name":"Microsoft-Windows-Sysmon","@Guid":"5770385f-c22a-43e0-bf4c-06f5698ffbd9"},"EventID":"1","Version":"5","Level":"4","Task":"1","Opcode":"0","Keywords":"0x8000000000000000","TimeCreated":{"@SystemTime":"2025-04-18 10:42:08.2612681"},"EventRecordID":"31227","Correlation":null,"Execution":{"@ProcessID":"3112","@ThreadID":"4188"},"Channel":"Microsoft-Windows-Sysmon/Operational","Computer":"Server002","Security":{"@UserID":"S-1-5-18"}},"EventData":{"Data":[{"@Name":"RuleName","#text":"-"},{"@Name":"UtcTime","#text":"2025-04-18 10:42:08.073"},{"@Name":"ProcessGuid","#text":"dbf410b3-2c80-6802-6b02-000000003e00"},{"@Name":"ProcessId","#text":"8072"},{"@Name":"Image","#text":"C:\\Program Files\\Malwarebytes\\Anti-Malware\\ig.exe"},{"@Name":"FileVersion","#text":"1.0.4.8"},{"@Name":"Description","#text":"Malware Scanner"},{"@Name":"Product","#text":"Malwarebytes Scanner"},{"@Name":"Company","#text":"MalwareBytes"},{"@Name":"OriginalFileName","#text":"ig.exe"},{"@Name":"CommandLine","#text":"ig.exe reseed"},{"@Name":"CurrentDirectory","#text":"C:\\PROGRAM FILES\\MALWAREBYTES\\ANTI-MALWARE\\"},{"@Name":"User","#text":"SERVER002\\lplui"},{"@Name":"LogonGuid","#text":"dbf410b3-1bf3-6802-b583-030000000000"},{"@Name":"LogonId","#text":"0x383B5"},{"@Name":"TerminalSessionId","#text":"1"},{"@Name":"IntegrityLevel","#text":"Low"},{"@Name":"Hashes","#text":"SHA256=0A92734D2859491BEE271BFB8C3EBD619E89EA7E80DF3F756F248C367D7A3331"},{"@Name":"ParentProcessGuid","#text":"dbf410b3-1bef-6802-5000-000000003e00"},{"@Name":"ParentProcessId","#text":"3260"},{"@Name":"ParentImage","#text":"C:\\Program Files\\Malwarebytes\\Anti-Malware\\MBAMService.exe"},{"@Name":"ParentCommandLine","#text":"\"C:\\Program Files\\Malwarebytes\\Anti-Malware\\MBAMService.exe\""},{"@Name":"ParentUser","#text":"NT AUTHORITY\\SYSTEM"}]}}}
{"Event":{"System":{"Provider":{"@Name":"Microsoft-Windows-Sysmon","@Guid":"5770385f-c22a-43e0-bf4c-06f5698ffbd9"},"EventID":"5","Version":"3","Level":"4","Task":"5","Opcode":"0","Keywords":"0x8000000000000000","TimeCreated":{"@SystemTime":"2025-04-18 10:42:08.2629827"},"EventRecordID":"31228","Correlation":null,"Execution":{"@ProcessID":"3112","@ThreadID":"4188"},"Channel":"Microsoft-Windows-Sysmon/Operational","Computer":"Server002","Security":{"@UserID":"S-1-5-18"}},"EventData":{"Data":[{"@Name":"RuleName","#text":"-"},{"@Name":"UtcTime","#text":"2025-04-18 10:42:08.218"},{"@Name":"ProcessGuid","#text":"dbf410b3-2c80-6802-6b02-000000003e00"},{"@Name":"ProcessId","#text":"8072"},{"@Name":"Image","#text":"C:\\Program Files\\Malwarebytes\\Anti-Malware\\ig.exe"},{"@Name":"User","#text":"SERVER002\\lplui"}]}}}
{"Event":{"System":{"Provider":{"@Name":"Microsoft-Windows-Sysmon","@Guid":"5770385f-c22a-43e0-bf4c-06f5698ffbd9"},"EventID":"1","Version":"5","Level":"4","Task":"1","Opcode":"0","Keywords":"0x8000000000000000","TimeCreated":{"@SystemTime":"2025-04-18 10:42:08.5691466"},"EventRecordID":"31229","Correlation":null,"Execution":{"@ProcessID":"3112","@ThreadID":"4188"},"Channel":"Microsoft-Windows-Sysmon/Operational","Computer":"Server002","Security":{"@UserID":"S-1-5-18"}},"EventData":{"Data":[{"@Name":"RuleName","#text":"-"},{"@Name":"UtcTime","#text":"2025-04-18 10:42:08.319"},{"@Name":"ProcessGuid","#text":"dbf410b3-2c80-6802-6c02-000000003e00"},{"@Name":"ProcessId","#text":"6672"},{"@Name":"Image","#text":"C:\\Program Files\\Malwarebytes\\Anti-Malware\\ig.exe"},{"@Name":"FileVersion","#text":"1.0.4.8"},{"@Name":"Description","#text":"Malware Scanner"},{"@Name":"Product","#text":"Malwarebytes Scanner"},{"@Name":"Company","#text":"MalwareBytes"},{"@Name":"OriginalFileName","#text":"ig.exe"},{"@Name":"CommandLine","#text":"ig.exe reseed"},{"@Name":"CurrentDirectory","#text":"C:\\PROGRAM FILES\\MALWAREBYTES\\ANTI-MALWARE\\"},{"@Name":"User","#text":"SERVER002\\lplui"},{"@Name":"LogonGuid","#text":"dbf410b3-1bf3-6802-b583-030000000000"},{"@Name":"LogonId","#text":"0x383B5"},{"@Name":"TerminalSessionId","#text":"1"},{"@Name":"IntegrityLevel","#text":"Low"},{"@Name":"Hashes","#text":"SHA256=0A92734D2859491BEE271BFB8C3EBD619E89EA7E80DF3F756F248C367D7A3331"},{"@Name":"ParentProcessGuid","#text":"dbf410b3-1bef-6802-5000-000000003e00"},{"@Name":"ParentProcessId","#text":"3260"},{"@Name":"ParentImage","#text":"C:\\Program Files\\Malwarebytes\\Anti-Malware\\MBAMService.exe"},{"@Name":"ParentCommandLine","#text":"\"C:\\Program Files\\Malwarebytes\\Anti-Malware\\MBAMService.exe\""},{"@Name":"ParentUser","#text":"NT AUTHORITY\\SYSTEM"}]}}}
{"Event":{"System":{"Provider":{"@Name":"Microsoft-Windows-Sysmon","@Guid":"5770385f-c22a-43e0-bf4c-06f5698ffbd9"},"EventID":"5","Version":"3","Level":"4","Task":"5","Opcode":"0","Keywords":"0x8000000000000000","TimeCreated":{"@SystemTime":"2025-04-18 10:42:08.5715476"},"EventRecordID":"31230","Correlation":null,"Execution":{"@ProcessID":"3112","@ThreadID":"4188"},"Channel":"Microsoft-Windows-Sysmon/Operational","Computer":"Server002","Security":{"@UserID":"S-1-5-18"}},"EventData":{"Data":[{"@Name":"RuleName","#text":"-"},{"@Name":"UtcTime","#text":"2025-04-18 10:42:08.570"},{"@Name":"ProcessGuid","#text":"dbf410b3-2c80-6802-6c02-000000003e00"},{"@Name":"ProcessId","#text":"6672"},{"@Name":"Image","#text":"C:\\Program Files\\Malwarebytes\\Anti-Malware\\ig.exe"},{"@Name":"User","#text":"SERVER002\\lplui"}]}}}
{"Event":{"System":{"Provider":{"@Name":"Microsoft-Windows-Sysmon","@Guid":"5770385f-c22a-43e0-bf4c-06f5698ffbd9"},"EventID":"1","Version":"5","Level":"4","Task":"1","Opcode":"0","Keywords":"0x8000000000000000","TimeCreated":{"@SystemTime":"2025-04-18 10:42:08.8976353"},"EventRecordID":"31231","Correlation":null,"Execution":{"@ProcessID":"3112","@ThreadID":"4188"},"Channel":"Microsoft-Windows-Sysmon/Operational","Computer":"Server002","Security":{"@UserID":"S-1-5-18"}},"EventData":{"Data":[{"@Name":"RuleName","#text":"-"},{"@Name":"UtcTime","#text":"2025-04-18 10:42:08.666"},{"@Name":"ProcessGuid","#text":"dbf410b3-2c80-6802-6d02-000000003e00"},{"@Name":"ProcessId","#text":"12612"},{"@Name":"Image","#text":"C:\\Program Files\\Malwarebytes\\Anti-Malware\\ig.exe"},{"@Name":"FileVersion","#text":"1.0.4.8"},{"@Name":"Description","#text":"Malware Scanner"},{"@Name":"Product","#text":"Malwarebytes Scanner"},{"@Name":"Company","#text":"MalwareBytes"},{"@Name":"OriginalFileName","#text":"ig.exe"},{"@Name":"CommandLine","#text":"ig.exe reseed"},{"@Name":"CurrentDirectory","#text":"C:\\PROGRAM FILES\\MALWAREBYTES\\ANTI-MALWARE\\"},{"@Name":"User","#text":"SERVER002\\lplui"},{"@Name":"LogonGuid","#text":"dbf410b3-1bf3-6802-b583-030000000000"},{"@Name":"LogonId","#text":"0x383B5"},{"@Name":"TerminalSessionId","#text":"1"},{"@Name":"IntegrityLevel","#text":"Low"},{"@Name":"Hashes","#text":"SHA256=0A92734D2859491BEE271BFB8C3EBD619E89EA7E80DF3F756F248C367D7A3331"},{"@Name":"ParentProcessGuid","#text":"dbf410b3-1bef-6802-5000-000000003e00"},{"@Name":"ParentProcessId","#text":"3260"},{"@Name":"ParentImage","#text":"C:\\Program Files\\Malwarebytes\\Anti-Malware\\MBAMService.exe"},{"@Name":"ParentCommandLine","#text":"\"C:\\Program Files\\Malwarebytes\\Anti-Malware\\MBAMService.exe\""},{"@Name":"ParentUser","#text":"NT AUTHORITY\\SYSTEM"}]}}}
{"Event":{"System":{"Provider":{"@Name":"Microsoft-Windows-Sysmon","@Guid":"5770385f-c22a-43e0-bf4c-06f5698ffbd9"},"EventID":"5","Version":"3","Level":"4","Task":"5","Opcode":"0","Keywords":"0x8000000000000000","TimeCreated":{"@SystemTime":"2025-04-18 10:42:08.9027175"},"EventRecordID":"31232","Correlation":null,"Execution":{"@ProcessID":"3112","@ThreadID":"4188"},"Channel":"Microsoft-Windows-Sysmon/Operational","Computer":"Server002","Security":{"@UserID":"S-1-5-18"}},"EventData":{"Data":[{"@Name":"RuleName","#text":"-"},{"@Name":"UtcTime","#text":"2025-04-18 10:42:08.900"},{"@Name":"ProcessGuid","#text":"dbf410b3-2c80-6802-6d02-000000003e00"},{"@Name":"ProcessId","#text":"12612"},{"@Name":"Image","#text":"C:\\Program Files\\Malwarebytes\\Anti-Malware\\ig.exe"},{"@Name":"User","#text":"SERVER002\\lplui"}]}}}
{"Event":{"System":{"Provider":{"@Name":"Microsoft-Windows-Sysmon","@Guid":"5770385f-c22a-43e0-bf4c-06f5698ffbd9"},"EventID":"1","Version":"5","Level":"4","Task":"1","Opcode":"0","Keywords":"0x8000000000000000","TimeCreated":{"@SystemTime":"2025-04-18 10:42:09.1166199"},"EventRecordID":"31233","Correlation":null,"Execution":{"@ProcessID":"3112","@ThreadID":"4188"},"Channel":"Microsoft-Windows-Sysmon/Operational","Computer":"Server002","Security":{"@UserID":"S-1-5-18"}},"EventData":{"Data":[{"@Name":"RuleName","#text":"-"},{"@Name":"UtcTime","#text":"2025-04-18 10:42:08.951"},{"@Name":"ProcessGuid","#text":"dbf410b3-2c80-6802-6e02-000000003e00"},{"@Name":"ProcessId","#text":"6536"},{"@Name":"Image","#text":"C:\\Program Files\\Malwarebytes\\Anti-Malware\\ig.exe"},{"@Name":"FileVersion","#text":"1.0.4.8"},{"@Name":"Description","#text":"Malware Scanner"},{"@Name":"Product","#text":"Malwarebytes Scanner"},{"@Name":"Company","#text":"MalwareBytes"},{"@Name":"OriginalFileName","#text":"ig.exe"},{"@Name":"CommandLine","#text":"ig.exe reseed"},{"@Name":"CurrentDirectory","#text":"C:\\PROGRAM FILES\\MALWAREBYTES\\ANTI-MALWARE\\"},{"@Name":"User","#text":"SERVER002\\lplui"},{"@Name":"LogonGuid","#text":"dbf410b3-1bf3-6802-b583-030000000000"},{"@Name":"LogonId","#text":"0x383B5"},{"@Name":"TerminalSessionId","#text":"1"},{"@Name":"IntegrityLevel","#text":"Low"},{"@Name":"Hashes","#text":"SHA256=0A92734D2859491BEE271BFB8C3EBD619E89EA7E80DF3F756F248C367D7A3331"},{"@Name":"ParentProcessGuid","#text":"dbf410b3-1bef-6802-5000-000000003e00"},{"@Name":"ParentProcessId","#text":"3260"},{"@Name":"ParentImage","#text":"C:\\Program Files\\Malwarebytes\\Anti-Malware\\MBAMService.exe"},{"@Name":"ParentCommandLine","#text":"\"C:\\Program Files\\Malwarebytes\\Anti-Malware\\MBAMService.exe\""},{"@Name":"ParentUser","#text":"NT AUTHORITY\\SYSTEM"}]}}}
{"Event":{"System":{"Provider":{"@Name":"Microsoft-Windows-Sysmon","@Guid":"5770385f-c22a-43e0-bf4c-06f5698ffbd9"},"EventID":"5","Version":"3","Level":"4","Task":"5","Opcode":"0","Keywords":"0x8000000000000000","TimeCreated":{"@SystemTime":"2025-04-18 10:42:09.2274827"},"EventRecordID":"31234","Correlation":null,"Execution":{"@ProcessID":"3112","@ThreadID":"4188"},"Channel":"Microsoft-Windows-Sysmon/Operational","Computer":"Server002","Security":{"@UserID":"S-1-5-18"}},"EventData":{"Data":[{"@Name":"RuleName","#text":"-"},{"@Name":"UtcTime","#text":"2025-04-18 10:42:09.149"},{"@Name":"ProcessGuid","#text":"dbf410b3-2c80-6802-6e02-000000003e00"},{"@Name":"ProcessId","#text":"6536"},{"@Name":"Image","#text":"C:\\Program Files\\Malwarebytes\\Anti-Malware\\ig.exe"},{"@Name":"User","#text":"SERVER002\\lplui"}]}}}
{"Event":{"System":{"Provider":{"@Name":"Microsoft-Windows-Sysmon","@Guid":"5770385f-c22a-43e0-bf4c-06f5698ffbd9"},"EventID":"1","Version":"5","Level":"4","Task":"1","Opcode":"0","Keywords":"0x8000000000000000","TimeCreated":{"@SystemTime":"2025-04-18 10:42:09.4514736"},"EventRecordID":"31235","Correlation":null,"Execution":{"@ProcessID":"3112","@ThreadID":"4188"},"Channel":"Microsoft-Windows-Sysmon/Operational","Computer":"Server002","Security":{"@UserID":"S-1-5-18"}},"EventData":{"Data":[{"@Name":"RuleName","#text":"-"},{"@Name":"UtcTime","#text":"2025-04-18 10:42:09.283"},{"@Name":"ProcessGuid","#text":"dbf410b3-2c81-6802-6f02-000000003e00"},{"@Name":"ProcessId","#text":"9012"},{"@Name":"Image","#text":"C:\\Program Files\\Malwarebytes\\Anti-Malware\\ig.exe"},{"@Name":"FileVersion","#text":"1.0.4.8"},{"@Name":"Description","#text":"Malware Scanner"},{"@Name":"Product","#text":"Malwarebytes Scanner"},{"@Name":"Company","#text":"MalwareBytes"},{"@Name":"OriginalFileName","#text":"ig.exe"},{"@Name":"CommandLine","#text":"ig.exe reseed"},{"@Name":"CurrentDirectory","#text":"C:\\PROGRAM FILES\\MALWAREBYTES\\ANTI-MALWARE\\"},{"@Name":"User","#text":"SERVER002\\lplui"},{"@Name":"LogonGuid","#text":"dbf410b3-1bf3-6802-b583-030000000000"},{"@Name":"LogonId","#text":"0x383B5"},{"@Name":"TerminalSessionId","#text":"1"},{"@Name":"IntegrityLevel","#text":"Low"},{"@Name":"Hashes","#text":"SHA256=0A92734D2859491BEE271BFB8C3EBD619E89EA7E80DF3F756F248C367D7A3331"},{"@Name":"ParentProcessGuid","#text":"dbf410b3-1bef-6802-5000-000000003e00"},{"@Name":"ParentProcessId","#text":"3260"},{"@Name":"ParentImage","#text":"C:\\Program Files\\Malwarebytes\\Anti-Malware\\MBAMService.exe"},{"@Name":"ParentCommandLine","#text":"\"C:\\Program Files\\Malwarebytes\\Anti-Malware\\MBAMService.exe\""},{"@Name":"ParentUser","#text":"NT AUTHORITY\\SYSTEM"}]}}}
{"Event":{"System":{"Provider":{"@Name":"Microsoft-Windows-Sysmon","@Guid":"5770385f-c22a-43e0-bf4c-06f5698ffbd9"},"EventID":"5","Version":"3","Level":"4","Task":"5","Opcode":"0","Keywords":"0x8000000000000000","TimeCreated":{"@SystemTime":"2025-04-18 10:42:09.4530206"},"EventRecordID":"31236","Correlation":null,"Execution":{"@ProcessID":"3112","@ThreadID":"4188"},"Channel":"Microsoft-Windows-Sysmon/Operational","Computer":"Server002","Security":{"@UserID":"S-1-5-18"}},"EventData":{"Data":[{"@Name":"RuleName","#text":"-"},{"@Name":"UtcTime","#text":"2025-04-18 10:42:09.448"},{"@Name":"ProcessGuid","#text":"dbf410b3-2c81-6802-6f02-000000003e00"},{"@Name":"ProcessId","#text":"9012"},{"@Name":"Image","#text":"C:\\Program Files\\Malwarebytes\\Anti-Malware\\ig.exe"},{"@Name":"User","#text":"SERVER002\\lplui"}]}}}
{"Event":{"System":{"Provider":{"@Name":"Microsoft-Windows-Sysmon","@Guid":"5770385f-c22a-43e0-bf4c-06f5698ffbd9"},"EventID":"1","Version":"5","Level":"4","Task":"1","Opcode":"0","Keywords":"0x8000000000000000","TimeCreated":{"@SystemTime":"2025-04-18 10:42:09.7654950"},"EventRecordID":"31237","Correlation":null,"Execution":{"@ProcessID":"3112","@ThreadID":"4188"},"Channel":"Microsoft-Windows-Sysmon/Operational","Computer":"Server002","Security":{"@UserID":"S-1-5-18"}},"EventData":{"Data":[{"@Name":"RuleName","#text":"-"},{"@Name":"UtcTime","#text":"2025-04-18 10:42:09.556"},{"@Name":"ProcessGuid","#text":"dbf410b3-2c81-6802-7002-000000003e00"},{"@Name":"ProcessId","#text":"9156"},{"@Name":"Image","#text":"C:\\Program Files\\Malwarebytes\\Anti-Malware\\ig.exe"},{"@Name":"FileVersion","#text":"1.0.4.8"},{"@Name":"Description","#text":"Malware Scanner"},{"@Name":"Product","#text":"Malwarebytes Scanner"},{"@Name":"Company","#text":"MalwareBytes"},{"@Name":"OriginalFileName","#text":"ig.exe"},{"@Name":"CommandLine","#text":"ig.exe reseed"},{"@Name":"CurrentDirectory","#text":"C:\\PROGRAM FILES\\MALWAREBYTES\\ANTI-MALWARE\\"},{"@Name":"User","#text":"SERVER002\\lplui"},{"@Name":"LogonGuid","#text":"dbf410b3-1bf3-6802-b583-030000000000"},{"@Name":"LogonId","#text":"0x383B5"},{"@Name":"TerminalSessionId","#text":"1"},{"@Name":"IntegrityLevel","#text":"Low"},{"@Name":"Hashes","#text":"SHA256=0A92734D2859491BEE271BFB8C3EBD619E89EA7E80DF3F756F248C367D7A3331"},{"@Name":"ParentProcessGuid","#text":"dbf410b3-1bef-6802-5000-000000003e00"},{"@Name":"ParentProcessId","#text":"3260"},{"@Name":"ParentImage","#text":"C:\\Program Files\\Malwarebytes\\Anti-Malware\\MBAMService.exe"},{"@Name":"ParentCommandLine","#text":"\"C:\\Program Files\\Malwarebytes\\Anti-Malware\\MBAMService.exe\""},{"@Name":"ParentUser","#text":"NT AUTHORITY\\SYSTEM"}]}}}
{"Event":{"System":{"Provider":{"@Name":"Microsoft-Windows-Sysmon","@Guid":"5770385f-c22a-43e0-bf4c-06f5698ffbd9"},"EventID":"5","Version":"3","Level":"4","Task":"5","Opcode":"0","Keywords":"0x8000000000000000","TimeCreated":{"@SystemTime":"2025-04-18 10:42:09.9175673"},"EventRecordID":"31238","Correlation":null,"Execution":{"@ProcessID":"3112","@ThreadID":"4188"},"Channel":"Microsoft-Windows-Sysmon/Operational","Computer":"Server002","Security":{"@UserID":"S-1-5-18"}},"EventData":{"Data":[{"@Name":"RuleName","#text":"-"},{"@Name":"UtcTime","#text":"2025-04-18 10:42:09.880"},{"@Name":"ProcessGuid","#text":"dbf410b3-2c81-6802-7002-000000003e00"},{"@Name":"ProcessId","#text":"9156"},{"@Name":"Image","#text":"C:\\Program Files\\Malwarebytes\\Anti-Malware\\ig.exe"},{"@Name":"User","#text":"SERVER002\\lplui"}]}}}
{"Event":{"System":{"Provider":{"@Name":"Microsoft-Windows-Sysmon","@Guid":"5770385f-c22a-43e0-bf4c-06f5698ffbd9"},"EventID":"1","Version":"5","Level":"4","Task":"1","Opcode":"0","Keywords":"0x8000000000000000","TimeCreated":{"@SystemTime":"2025-04-18 10:42:10.1818884"},"EventRecordID":"31239","Correlation":null,"Execution":{"@ProcessID":"3112","@ThreadID":"4188"},"Channel":"Microsoft-Windows-Sysmon/Operational","Computer":"Server002","Security":{"@UserID":"S-1-5-18"}},"EventData":{"Data":[{"@Name":"RuleName","#text":"-"},{"@Name":"UtcTime","#text":"2025-04-18 10:42:10.046"},{"@Name":"ProcessGuid","#text":"dbf410b3-2c82-6802-7102-000000003e00"},{"@Name":"ProcessId","#text":"9108"},{"@Name":"Image","#text":"C:\\Program Files\\Malwarebytes\\Anti-Malware\\ig.exe"},{"@Name":"FileVersion","#text":"1.0.4.8"},{"@Name":"Description","#text":"Malware Scanner"},{"@Name":"Product","#text":"Malwarebytes Scanner"},{"@Name":"Company","#text":"MalwareBytes"},{"@Name":"OriginalFileName","#text":"ig.exe"},{"@Name":"CommandLine","#text":"ig.exe reseed"},{"@Name":"CurrentDirectory","#text":"C:\\PROGRAM FILES\\MALWAREBYTES\\ANTI-MALWARE\\"},{"@Name":"User","#text":"SERVER002\\lplui"},{"@Name":"LogonGuid","#text":"dbf410b3-1bf3-6802-b583-030000000000"},{"@Name":"LogonId","#text":"0x383B5"},{"@Name":"TerminalSessionId","#text":"1"},{"@Name":"IntegrityLevel","#text":"Low"},{"@Name":"Hashes","#text":"SHA256=0A92734D2859491BEE271BFB8C3EBD619E89EA7E80DF3F756F248C367D7A3331"},{"@Name":"ParentProcessGuid","#text":"dbf410b3-1bef-6802-5000-000000003e00"},{"@Name":"ParentProcessId","#text":"3260"},{"@Name":"ParentImage","#text":"C:\\Program Files\\Malwarebytes\\Anti-Malware\\MBAMService.exe"},{"@Name":"ParentCommandLine","#text":"\"C:\\Program Files\\Malwarebytes\\Anti-Malware\\MBAMService.exe\""},{"@Name":"ParentUser","#text":"NT AUTHORITY\\SYSTEM"}]}}}
{"Event":{"System":{"Provider":{"@Name":"Microsoft-Windows-Sysmon","@Guid":"5770385f-c22a-43e0-bf4c-06f5698ffbd9"},"EventID":"5","Version":"3","Level":"4","Task":"5","Opcode":"0","Keywords":"0x8000000000000000","TimeCreated":{"@SystemTime":"2025-04-18 10:42:10.1835261"},"EventRecordID":"31240","Correlation":null,"Execution":{"@ProcessID":"3112","@ThreadID":"4188"},"Channel":"Microsoft-Windows-Sysmon/Operational","Computer":"Server002","Security":{"@UserID":"S-1-5-18"}},"EventData":{"Data":[{"@Name":"RuleName","#text":"-"},{"@Name":"UtcTime","#text":"2025-04-18 10:42:10.181"},{"@Name":"ProcessGuid","#text":"dbf410b3-2c82-6802-7102-000000003e00"},{"@Name":"ProcessId","#text":"9108"},{"@Name":"Image","#text":"C:\\Program Files\\Malwarebytes\\Anti-Malware\\ig.exe"},{"@Name":"User","#text":"SERVER002\\lplui"}]}}}
{"Event":{"System":{"Provider":{"@Name":"Microsoft-Windows-Sysmon","@Guid":"5770385f-c22a-43e0-bf4c-06f5698ffbd9"},"EventID":"1","Version":"5","Level":"4","Task":"1","Opcode":"0","Keywords":"0x8000000000000000","TimeCreated":{"@SystemTime":"2025-04-18 10:42:10.5951534"},"EventRecordID":"31241","Correlation":null,"Execution":{"@ProcessID":"3112","@ThreadID":"4188"},"Channel":"Microsoft-Windows-Sysmon/Operational","Computer":"Server002","Security":{"@UserID":"S-1-5-18"}},"EventData":{"Data":[{"@Name":"RuleName","#text":"-"},{"@Name":"UtcTime","#text":"2025-04-18 10:42:10.361"},{"@Name":"ProcessGuid","#text":"dbf410b3-2c82-6802-7202-000000003e00"},{"@Name":"ProcessId","#text":"6908"},{"@Name":"Image","#text":"C:\\Program Files\\Malwarebytes\\Anti-Malware\\ig.exe"},{"@Name":"FileVersion","#text":"1.0.4.8"},{"@Name":"Description","#text":"Malware Scanner"},{"@Name":"Product","#text":"Malwarebytes Scanner"},{"@Name":"Company","#text":"MalwareBytes"},{"@Name":"OriginalFileName","#text":"ig.exe"},{"@Name":"CommandLine","#text":"ig.exe reseed"},{"@Name":"CurrentDirectory","#text":"C:\\PROGRAM FILES\\MALWAREBYTES\\ANTI-MALWARE\\"},{"@Name":"User","#text":"SERVER002\\lplui"},{"@Name":"LogonGuid","#text":"dbf410b3-1bf3-6802-b583-030000000000"},{"@Name":"LogonId","#text":"0x383B5"},{"@Name":"TerminalSessionId","#text":"1"},{"@Name":"IntegrityLevel","#text":"Low"},{"@Name":"Hashes","#text":"SHA256=0A92734D2859491BEE271BFB8C3EBD619E89EA7E80DF3F756F248C367D7A3331"},{"@Name":"ParentProcessGuid","#text":"dbf410b3-1bef-6802-5000-000000003e00"},{"@Name":"ParentProcessId","#text":"3260"},{"@Name":"ParentImage","#text":"C:\\Program Files\\Malwarebytes\\Anti-Malware\\MBAMService.exe"},{"@Name":"ParentCommandLine","#text":"\"C:\\Program Files\\Malwarebytes\\Anti-Malware\\MBAMService.exe\""},{"@Name":"ParentUser","#text":"NT AUTHORITY\\SYSTEM"}]}}}
{"Event":{"System":{"Provider":{"@Name":"Microsoft-Windows-Sysmon","@Guid":"5770385f-c22a-43e0-bf4c-06f5698ffbd9"},"EventID":"5","Version":"3","Level":"4","Task":"5","Opcode":"0","Keywords":"0x8000000000000000","TimeCreated":{"@SystemTime":"2025-04-18 10:42:10.7639922"},"EventRecordID":"31242","Correlation":null,"Execution":{"@ProcessID":"3112","@ThreadID":"4188"},"Channel":"Microsoft-Windows-Sysmon/Operational","Computer":"Server002","Security":{"@UserID":"S-1-5-18"}},"EventData":{"Data":[{"@Name":"RuleName","#text":"-"},{"@Name":"UtcTime","#text":"2025-04-18 10:42:10.685"},{"@Name":"ProcessGuid","#text":"dbf410b3-2c82-6802-7202-000000003e00"},{"@Name":"ProcessId","#text":"6908"},{"@Name":"Image","#text":"C:\\Program Files\\Malwarebytes\\Anti-Malware\\ig.exe"},{"@Name":"User","#text":"SERVER002\\lplui"}]}}}
{"Event":{"System":{"Provider":{"@Name":"Microsoft-Windows-Sysmon","@Guid":"5770385f-c22a-43e0-bf4c-06f5698ffbd9"},"EventID":"1","Version":"5","Level":"4","Task":"1","Opcode":"0","Keywords":"0x8000000000000000","TimeCreated":{"@SystemTime":"2025-04-18 10:42:11.2096790"},"EventRecordID":"31243","Correlation":null,"Execution":{"@ProcessID":"3112","@ThreadID":"4188"},"Channel":"Microsoft-Windows-Sysmon/Operational","Computer":"Server002","Security":{"@UserID":"S-1-5-18"}},"EventData":{"Data":[{"@Name":"RuleName","#text":"-"},{"@Name":"UtcTime","#text":"2025-04-18 10:42:10.949"},{"@Name":"ProcessGuid","#text":"dbf410b3-2c82-6802-7302-000000003e00"},{"@Name":"ProcessId","#text":"6884"},{"@Name":"Image","#text":"C:\\Program Files\\Malwarebytes\\Anti-Malware\\ig.exe"},{"@Name":"FileVersion","#text":"1.0.4.8"},{"@Name":"Description","#text":"Malware Scanner"},{"@Name":"Product","#text":"Malwarebytes Scanner"},{"@Name":"Company","#text":"MalwareBytes"},{"@Name":"OriginalFileName","#text":"ig.exe"},{"@Name":"CommandLine","#text":"ig.exe reseed"},{"@Name":"CurrentDirectory","#text":"C:\\PROGRAM FILES\\MALWAREBYTES\\ANTI-MALWARE\\"},{"@Name":"User","#text":"SERVER002\\lplui"},{"@Name":"LogonGuid","#text":"dbf410b3-1bf3-6802-b583-030000000000"},{"@Name":"LogonId","#text":"0x383B5"},{"@Name":"TerminalSessionId","#text":"1"},{"@Name":"IntegrityLevel","#text":"Low"},{"@Name":"Hashes","#text":"SHA256=0A92734D2859491BEE271BFB8C3EBD619E89EA7E80DF3F756F248C367D7A3331"},{"@Name":"ParentProcessGuid","#text":"dbf410b3-1bef-6802-5000-000000003e00"},{"@Name":"ParentProcessId","#text":"3260"},{"@Name":"ParentImage","#text":"C:\\Program Files\\Malwarebytes\\Anti-Malware\\MBAMService.exe"},{"@Name":"ParentCommandLine","#text":"\"C:\\Program Files\\Malwarebytes\\Anti-Malware\\MBAMService.exe\""},{"@Name":"ParentUser","#text":"NT AUTHORITY\\SYSTEM"}]}}}
{"Event":{"System":{"Provider":{"@Name":"Microsoft-Windows-Sysmon","@Guid":"5770385f-c22a-43e0-bf4c-06f5698ffbd9"},"EventID":"5","Version":"3","Level":"4","Task":"5","Opcode":"0","Keywords":"0x8000000000000000","TimeCreated":{"@SystemTime":"2025-04-18 10:42:11.2113019"},"EventRecordID":"31244","Correlation":null,"Execution":{"@ProcessID":"3112","@ThreadID":"4188"},"Channel":"Microsoft-Windows-Sysmon/Operational","Computer":"Server002","Security":{"@UserID":"S-1-5-18"}},"EventData":{"Data":[{"@Name":"RuleName","#text":"-"},{"@Name":"UtcTime","#text":"2025-04-18 10:42:11.208"},{"@Name":"ProcessGuid","#text":"dbf410b3-2c82-6802-7302-000000003e00"},{"@Name":"ProcessId","#text":"6884"},{"@Name":"Image","#text":"C:\\Program Files\\Malwarebytes\\Anti-Malware\\ig.exe"},{"@Name":"User","#text":"SERVER002\\lplui"}]}}}
{"Event":{"System":{"Provider":{"@Name":"Microsoft-Windows-Sysmon","@Guid":"5770385f-c22a-43e0-bf4c-06f5698ffbd9"},"EventID":"1","Version":"5","Level":"4","Task":"1","Opcode":"0","Keywords":"0x8000000000000000","TimeCreated":{"@SystemTime":"2025-04-18 10:42:11.7843266"},"EventRecordID":"31245","Correlation":null,"Execution":{"@ProcessID":"3112","@ThreadID":"4188"},"Channel":"Microsoft-Windows-Sysmon/Operational","Computer":"Server002","Security":{"@UserID":"S-1-5-18"}},"EventData":{"Data":[{"@Name":"RuleName","#text":"-"},{"@Name":"UtcTime","#text":"2025-04-18 10:42:11.370"},{"@Name":"ProcessGuid","#text":"dbf410b3-2c83-6802-7402-000000003e00"},{"@Name":"ProcessId","#text":"12492"},{"@Name":"Image","#text":"C:\\Program Files\\Malwarebytes\\Anti-Malware\\ig.exe"},{"@Name":"FileVersion","#text":"1.0.4.8"},{"@Name":"Description","#text":"Malware Scanner"},{"@Name":"Product","#text":"Malwarebytes Scanner"},{"@Name":"Company","#text":"MalwareBytes"},{"@Name":"OriginalFileName","#text":"ig.exe"},{"@Name":"CommandLine","#text":"ig.exe reseed"},{"@Name":"CurrentDirectory","#text":"C:\\PROGRAM FILES\\MALWAREBYTES\\ANTI-MALWARE\\"},{"@Name":"User","#text":"SERVER002\\lplui"},{"@Name":"LogonGuid","#text":"dbf410b3-1bf3-6802-b583-030000000000"},{"@Name":"LogonId","#text":"0x383B5"},{"@Name":"TerminalSessionId","#text":"1"},{"@Name":"IntegrityLevel","#text":"Low"},{"@Name":"Hashes","#text":"SHA256=0A92734D2859491BEE271BFB8C3EBD619E89EA7E80DF3F756F248C367D7A3331"},{"@Name":"ParentProcessGuid","#text":"dbf410b3-1bef-6802-5000-000000003e00"},{"@Name":"ParentProcessId","#text":"3260"},{"@Name":"ParentImage","#text":"C:\\Program Files\\Malwarebytes\\Anti-Malware\\MBAMService.exe"},{"@Name":"ParentCommandLine","#text":"\"C:\\Program Files\\Malwarebytes\\Anti-Malware\\MBAMService.exe\""},{"@Name":"ParentUser","#text":"NT AUTHORITY\\SYSTEM"}]}}}
{"Event":{"System":{"Provider":{"@Name":"Microsoft-Windows-Sysmon","@Guid":"5770385f-c22a-43e0-bf4c-06f5698ffbd9"},"EventID":"5","Version":"3","Level":"4","Task":"5","Opcode":"0","Keywords":"0x8000000000000000","TimeCreated":{"@SystemTime":"2025-04-18 10:42:11.9198911"},"EventRecordID":"31246","Correlation":null,"Execution":{"@ProcessID":"3112","@ThreadID":"4188"},"Channel":"Microsoft-Windows-Sysmon/Operational","Computer":"Server002","Security":{"@UserID":"S-1-5-18"}},"EventData":{"Data":[{"@Name":"RuleName","#text":"-"},{"@Name":"UtcTime","#text":"2025-04-18 10:42:11.892"},{"@Name":"ProcessGuid","#text":"dbf410b3-2c83-6802-7402-000000003e00"},{"@Name":"ProcessId","#text":"12492"},{"@Name":"Image","#text":"C:\\Program Files\\Malwarebytes\\Anti-Malware\\ig.exe"},{"@Name":"User","#text":"SERVER002\\lplui"}]}}}
{"Event":{"System":{"Provider":{"@Name":"Microsoft-Windows-Sysmon","@Guid":"5770385f-c22a-43e0-bf4c-06f5698ffbd9"},"EventID":"1","Version":"5","Level":"4","Task":"1","Opcode":"0","Keywords":"0x8000000000000000","TimeCreated":{"@SystemTime":"2025-04-18 10:42:12.2600507"},"EventRecordID":"31247","Correlation":null,"Execution":{"@ProcessID":"3112","@ThreadID":"4188"},"Channel":"Microsoft-Windows-Sysmon/Operational","Computer":"Server002","Security":{"@UserID":"S-1-5-18"}},"EventData":{"Data":[{"@Name":"RuleName","#text":"-"},{"@Name":"UtcTime","#text":"2025-04-18 10:42:11.968"},{"@Name":"ProcessGuid","#text":"dbf410b3-2c83-6802-7502-000000003e00"},{"@Name":"ProcessId","#text":"11540"},{"@Name":"Image","#text":"C:\\Program Files\\Malwarebytes\\Anti-Malware\\ig.exe"},{"@Name":"FileVersion","#text":"1.0.4.8"},{"@Name":"Description","#text":"Malware Scanner"},{"@Name":"Product","#text":"Malwarebytes Scanner"},{"@Name":"Company","#text":"MalwareBytes"},{"@Name":"OriginalFileName","#text":"ig.exe"},{"@Name":"CommandLine","#text":"ig.exe reseed"},{"@Name":"CurrentDirectory","#text":"C:\\PROGRAM FILES\\MALWAREBYTES\\ANTI-MALWARE\\"},{"@Name":"User","#text":"SERVER002\\lplui"},{"@Name":"LogonGuid","#text":"dbf410b3-1bf3-6802-b583-030000000000"},{"@Name":"LogonId","#text":"0x383B5"},{"@Name":"TerminalSessionId","#text":"1"},{"@Name":"IntegrityLevel","#text":"Low"},{"@Name":"Hashes","#text":"SHA256=0A92734D2859491BEE271BFB8C3EBD619E89EA7E80DF3F756F248C367D7A3331"},{"@Name":"ParentProcessGuid","#text":"dbf410b3-1bef-6802-5000-000000003e00"},{"@Name":"ParentProcessId","#text":"3260"},{"@Name":"ParentImage","#text":"C:\\Program Files\\Malwarebytes\\Anti-Malware\\MBAMService.exe"},{"@Name":"ParentCommandLine","#text":"\"C:\\Program Files\\Malwarebytes\\Anti-Malware\\MBAMService.exe\""},{"@Name":"ParentUser","#text":"NT AUTHORITY\\SYSTEM"}]}}}
{"Event":{"System":{"Provider":{"@Name":"Microsoft-Windows-Sysmon","@Guid":"5770385f-c22a-43e0-bf4c-06f5698ffbd9"},"EventID":"5","Version":"3","Level":"4","Task":"5","Opcode":"0","Keywords":"0x8000000000000000","TimeCreated":{"@SystemTime":"2025-04-18 10:42:12.2711537"},"EventRecordID":"31248","Correlation":null,"Execution":{"@ProcessID":"3112","@ThreadID":"4188"},"Channel":"Microsoft-Windows-Sysmon/Operational","Computer":"Server002","Security":{"@UserID":"S-1-5-18"}},"EventData":{"Data":[{"@Name":"RuleName","#text":"-"},{"@Name":"UtcTime","#text":"2025-04-18 10:42:12.269"},{"@Name":"ProcessGuid","#text":"dbf410b3-2c83-6802-7502-000000003e00"},{"@Name":"ProcessId","#text":"11540"},{"@Name":"Image","#text":"C:\\Program Files\\Malwarebytes\\Anti-Malware\\ig.exe"},{"@Name":"User","#text":"SERVER002\\lplui"}]}}}
{"Event":{"System":{"Provider":{"@Name":"Microsoft-Windows-Sysmon","@Guid":"5770385f-c22a-43e0-bf4c-06f5698ffbd9"},"EventID":"1","Version":"5","Level":"4","Task":"1","Opcode":"0","Keywords":"0x8000000000000000","TimeCreated":{"@SystemTime":"2025-04-18 10:42:12.6346309"},"EventRecordID":"31249","Correlation":null,"Execution":{"@ProcessID":"3112","@ThreadID":"4188"},"Channel":"Microsoft-Windows-Sysmon/Operational","Computer":"Server002","Security":{"@UserID":"S-1-5-18"}},"EventData":{"Data":[{"@Name":"RuleName","#text":"-"},{"@Name":"UtcTime","#text":"2025-04-18 10:42:12.389"},{"@Name":"ProcessGuid","#text":"dbf410b3-2c84-6802-7602-000000003e00"},{"@Name":"ProcessId","#text":"11492"},{"@Name":"Image","#text":"C:\\Program Files\\Malwarebytes\\Anti-Malware\\ig.exe"},{"@Name":"FileVersion","#text":"1.0.4.8"},{"@Name":"Description","#text":"Malware Scanner"},{"@Name":"Product","#text":"Malwarebytes Scanner"},{"@Name":"Company","#text":"MalwareBytes"},{"@Name":"OriginalFileName","#text":"ig.exe"},{"@Name":"CommandLine","#text":"ig.exe reseed"},{"@Name":"CurrentDirectory","#text":"C:\\PROGRAM FILES\\MALWAREBYTES\\ANTI-MALWARE\\"},{"@Name":"User","#text":"SERVER002\\lplui"},{"@Name":"LogonGuid","#text":"dbf410b3-1bf3-6802-b583-030000000000"},{"@Name":"LogonId","#text":"0x383B5"},{"@Name":"TerminalSessionId","#text":"1"},{"@Name":"IntegrityLevel","#text":"Low"},{"@Name":"Hashes","#text":"SHA256=0A92734D2859491BEE271BFB8C3EBD619E89EA7E80DF3F756F248C367D7A3331"},{"@Name":"ParentProcessGuid","#text":"dbf410b3-1bef-6802-5000-000000003e00"},{"@Name":"ParentProcessId","#text":"3260"},{"@Name":"ParentImage","#text":"C:\\Program Files\\Malwarebytes\\Anti-Malware\\MBAMService.exe"},{"@Name":"ParentCommandLine","#text":"\"C:\\Program Files\\Malwarebytes\\Anti-Malware\\MBAMService.exe\""},{"@Name":"ParentUser","#text":"NT AUTHORITY\\SYSTEM"}]}}}
{"Event":{"System":{"Provider":{"@Name":"Microsoft-Windows-Sysmon","@Guid":"5770385f-c22a-43e0-bf4c-06f5698ffbd9"},"EventID":"5","Version":"3","Level":"4","Task":"5","Opcode":"0","Keywords":"0x8000000000000000","TimeCreated":{"@SystemTime":"2025-04-18 10:42:12.6380323"},"EventRecordID":"31250","Correlation":null,"Execution":{"@ProcessID":"3112","@ThreadID":"4188"},"Channel":"Microsoft-Windows-Sysmon/Operational","Computer":"Server002","Security":{"@UserID":"S-1-5-18"}},"EventData":{"Data":[{"@Name":"RuleName","#text":"-"},{"@Name":"UtcTime","#text":"2025-04-18 10:42:12.636"},{"@Name":"ProcessGuid","#text":"dbf410b3-2c84-6802-7602-000000003e00"},{"@Name":"ProcessId","#text":"11492"},{"@Name":"Image","#text":"C:\\Program Files\\Malwarebytes\\Anti-Malware\\ig.exe"},{"@Name":"User","#text":"SERVER002\\lplui"}]}}}
