{"Event":{"System":{"Provider":{"@Name":"Microsoft-Windows-Sysmon","@Guid":"5770385f-c22a-43e0-bf4c-06f5698ffbd9"},"EventID":"1","Version":"5","Level":"4","Task":"1","Opcode":"0","Keywords":"0x8000000000000000","TimeCreated":{"@SystemTime":"2024-10-24 09:22:15.9421601"},"EventRecordID":"18036","Correlation":null,"Execution":{"@ProcessID":"2384","@ThreadID":"3952"},"Channel":"Microsoft-Windows-Sysmon/Operational","Computer":"Server002","Security":{"@UserID":"S-1-5-18"}},"EventData":{"Data":[{"@Name":"RuleName","#text":"-"},{"@Name":"UtcTime","#text":"2024-10-24 09:22:15.915"},{"@Name":"ProcessGuid","#text":"dbf410b3-11c7-671a-ef00-000000003900"},{"@Name":"ProcessId","#text":"3920"},{"@Name":"Image","#text":"C:\\Program Files\\RUXIM\\PLUGScheduler.exe"},{"@Name":"FileVersion","#text":"10.0.19041.5067 (WinBuild.160101.0800)"},{"@Name":"Description","#text":"Windows Update LifeCycle Component Scheduler"},{"@Name":"Product","#text":"Microsoft® Windows® Operating System"},{"@Name":"Company","#text":"Microsoft Corporation"},{"@Name":"OriginalFileName","#text":"PLUGScheduler.exe"},{"@Name":"CommandLine","#text":"\"C:\\Program Files\\RUXIM\\PLUGscheduler.exe\""},{"@Name":"CurrentDirectory","#text":"C:\\Program Files\\RUXIM\\"},{"@Name":"User","#text":"NT AUTHORITY\\SYSTEM"},{"@Name":"LogonGuid","#text":"dbf410b3-2d3e-671a-e703-000000000000"},{"@Name":"LogonId","#text":"0x3E7"},{"@Name":"TerminalSessionId","#text":"0"},{"@Name":"IntegrityLevel","#text":"System"},{"@Name":"Hashes","#text":"SHA256=EFFBA0E62C1D7669BEC25853BF0B8E3DD7C7EA0A35DDEAE5622426EE139048F2"},{"@Name":"ParentProcessGuid","#text":"00000000-0000-0000-0000-000000000000"},{"@Name":"ParentProcessId","#text":"1152"},{"@Name":"ParentImage","#text":"-"},{"@Name":"ParentCommandLine","#text":"-"},{"@Name":"ParentUser","#text":"-"}]}}}
{"Event":{"System":{"Provider":{"@Name":"Microsoft-Windows-Sysmon","@Guid":"5770385f-c22a-43e0-bf4c-06f5698ffbd9"},"EventID":"1","Version":"5","Level":"4","Task":"1","Opcode":"0","Keywords":"0x8000000000000000","TimeCreated":{"@SystemTime":"2024-10-24 09:22:16.8823535"},"EventRecordID":"18037","Correlation":null,"Execution":{"@ProcessID":"2384","@ThreadID":"3952"},"Channel":"Microsoft-Windows-Sysmon/Operational","Computer":"Server002","Security":{"@UserID":"S-1-5-18"}},"EventData":{"Data":[{"@Name":"RuleName","#text":"-"},{"@Name":"UtcTime","#text":"2024-10-24 09:22:16.865"},{"@Name":"ProcessGuid","#text":"dbf410b3-11c8-671a-f000-000000003900"},{"@Name":"ProcessId","#text":"6820"},{"@Name":"Image","#text":"C:\\Windows\\System32\\cmd.exe"},{"@Name":"FileVersion","#text":"10.0.19041.4355 (WinBuild.160101.0800)"},{"@Name":"Description","#text":"Windows Command Processor"},{"@Name":"Product","#text":"Microsoft® Windows® Operating System"},{"@Name":"Company","#text":"Microsoft Corporation"},{"@Name":"OriginalFileName","#text":"Cmd.Exe"},{"@Name":"CommandLine","#text":"\"C:\\Windows\\system32\\cmd.exe\" /c C:\\Users\\ADMIN_~1\\AppData\\Local\\Temp\\file\\..\\Externalfiles\\tor\\Tor\\tor.exe"},{"@Name":"CurrentDirectory","#text":"C:\\Users\\admin_test\\AppData\\Local\\Temp\\"},{"@Name":"User","#text":"SERVER002\\admin_test"},{"@Name":"LogonGuid","#text":"dbf410b3-1191-671a-5bbf-120000000000"},{"@Name":"LogonId","#text":"0x12BF5B"},{"@Name":"TerminalSessionId","#text":"0"},{"@Name":"IntegrityLevel","#text":"High"},{"@Name":"Hashes","#text":"SHA256=BADF4752413CB0CBDC03FB95820CA167F0CDC63B597CCDB5EF43111180E088B0"},{"@Name":"ParentProcessGuid","#text":"dbf410b3-11c7-671a-e300-000000003900"},{"@Name":"ParentProcessId","#text":"6816"},{"@Name":"ParentImage","#text":"C:\\Windows\\System32\\WindowsPowerShell\\v1.0\\powershell.exe"},{"@Name":"ParentCommandLine","#text":"powershell  -encodedCommand YwBtAGQAIAAvAGMAIAAiAEMAOgBcAFUAcwBlAHIAcwBcAEEARABNAEkATgBfAH4AMQBcAEEAcABwAEQAYQB0AGEAXABMAG8AYwBhAGwAXABUAGUAbQBwAFwAQQB0AG8AbQBpAGMAUgBlAGQAVABlAGEAbQBcAC4ALgBcAEUAeAB0AGUAcgBuAGEAbABQAGEAeQBsAG8AYQBkAHMAXAB0AG8AcgBcAFQAbwByAFwAdABvAHIALgBlAHgAZQAiAA== -inputFormat xml -outputFormat text"},{"@Name":"ParentUser","#text":"SERVER002\\admin_test"}]}}}
{"Event":{"System":{"Provider":{"@Name":"Microsoft-Windows-Sysmon","@Guid":"5770385f-c22a-43e0-bf4c-06f5698ffbd9"},"EventID":"1","Version":"5","Level":"4","Task":"1","Opcode":"0","Keywords":"0x8000000000000000","TimeCreated":{"@SystemTime":"2024-10-24 09:22:17.0079824"},"EventRecordID":"18038","Correlation":null,"Execution":{"@ProcessID":"2384","@ThreadID":"3952"},"Channel":"Microsoft-Windows-Sysmon/Operational","Computer":"Server002","Security":{"@UserID":"S-1-5-18"}},"EventData":{"Data":[{"@Name":"RuleName","#text":"-"},{"@Name":"UtcTime","#text":"2024-10-24 09:22:16.981"},{"@Name":"ProcessGuid","#text":"dbf410b3-11c8-671a-f100-000000003900"},{"@Name":"ProcessId","#text":"560"},{"@Name":"Image","#text":"C:\\Users\\ADMIN_~1\\AppData\\Local\\Temp\\Externalfiles\\tor\\Tor\\tor.exe"},{"@Name":"FileVersion","#text":"-"},{"@Name":"Description","#text":"-"},{"@Name":"Product","#text":"-"},{"@Name":"Company","#text":"-"},{"@Name":"OriginalFileName","#text":"-"},{"@Name":"CommandLine","#text":"C:\\Users\\ADMIN_~1\\AppData\\Local\\Temp\\file\\..\\Externalfiles\\tor\\Tor\\tor.exe"},{"@Name":"CurrentDirectory","#text":"C:\\Users\\admin_test\\AppData\\Local\\Temp\\"},{"@Name":"User","#text":"SERVER002\\admin_test"},{"@Name":"LogonGuid","#text":"dbf410b3-1191-671a-5bbf-120000000000"},{"@Name":"LogonId","#text":"0x12BF5B"},{"@Name":"TerminalSessionId","#text":"0"},{"@Name":"IntegrityLevel","#text":"High"},{"@Name":"Hashes","#text":"SHA256=4D32BE7FC6627B4951B0378959FF73386C8CCBB5828C6E9D9CECEE9C4F68EC91"},{"@Name":"ParentProcessGuid","#text":"dbf410b3-11c8-671a-f000-000000003900"},{"@Name":"ParentProcessId","#text":"6820"},{"@Name":"ParentImage","#text":"C:\\Windows\\System32\\cmd.exe"},{"@Name":"ParentCommandLine","#text":"\"C:\\Windows\\system32\\cmd.exe\" /c C:\\Users\\ADMIN_~1\\AppData\\Local\\Temp\\file\\..\\Externalfiles\\tor\\Tor\\tor.exe"},{"@Name":"ParentUser","#text":"SERVER002\\admin_test"}]}}}
{"Event":{"System":{"Provider":{"@Name":"Microsoft-Windows-Sysmon","@Guid":"5770385f-c22a-43e0-bf4c-06f5698ffbd9"},"EventID":"1","Version":"5","Level":"4","Task":"1","Opcode":"0","Keywords":"0x8000000000000000","TimeCreated":{"@SystemTime":"2024-10-24 09:22:17.2605264"},"EventRecordID":"18039","Correlation":null,"Execution":{"@ProcessID":"2384","@ThreadID":"3952"},"Channel":"Microsoft-Windows-Sysmon/Operational","Computer":"Server002","Security":{"@UserID":"S-1-5-18"}},"EventData":{"Data":[{"@Name":"RuleName","#text":"-"},{"@Name":"UtcTime","#text":"2024-10-24 09:22:17.251"},{"@Name":"ProcessGuid","#text":"dbf410b3-11c9-671a-f200-000000003900"},{"@Name":"ProcessId","#text":"2016"},{"@Name":"Image","#text":"C:\\Windows\\System32\\conhost.exe"},{"@Name":"FileVersion","#text":"10.0.19041.4355 (WinBuild.160101.0800)"},{"@Name":"Description","#text":"Console Window Host"},{"@Name":"Product","#text":"Microsoft® Windows® Operating System"},{"@Name":"Company","#text":"Microsoft Corporation"},{"@Name":"OriginalFileName","#text":"CONHOST.EXE"},{"@Name":"CommandLine","#text":"\\??\\C:\\Windows\\system32\\conhost.exe 0xffffffff -ForceV1"},{"@Name":"CurrentDirectory","#text":"C:\\Windows"},{"@Name":"User","#text":"NT AUTHORITY\\SYSTEM"},{"@Name":"LogonGuid","#text":"dbf410b3-2d3e-671a-e703-000000000000"},{"@Name":"LogonId","#text":"0x3E7"},{"@Name":"TerminalSessionId","#text":"0"},{"@Name":"IntegrityLevel","#text":"System"},{"@Name":"Hashes","#text":"SHA256=CC0A60CD15FA21E54615E46CD0F10CFBE86F496DC64D14B31D9F3B415D120EE1"},{"@Name":"ParentProcessGuid","#text":"dbf410b3-11c7-671a-ea00-000000003900"},{"@Name":"ParentProcessId","#text":"7100"},{"@Name":"ParentImage","#text":"C:\\Windows\\System32\\CompatTelRunner.exe"},{"@Name":"ParentCommandLine","#text":"\"C:\\Windows\\system32\\compattelrunner.exe\""},{"@Name":"ParentUser","#text":"NT AUTHORITY\\SYSTEM"}]}}}
{"Event":{"System":{"Provider":{"@Name":"Microsoft-Windows-Sysmon","@Guid":"5770385f-c22a-43e0-bf4c-06f5698ffbd9"},"EventID":"1","Version":"5","Level":"4","Task":"1","Opcode":"0","Keywords":"0x8000000000000000","TimeCreated":{"@SystemTime":"2024-10-24 09:22:17.7273358"},"EventRecordID":"18040","Correlation":null,"Execution":{"@ProcessID":"2384","@ThreadID":"3952"},"Channel":"Microsoft-Windows-Sysmon/Operational","Computer":"Server002","Security":{"@UserID":"S-1-5-18"}},"EventData":{"Data":[{"@Name":"RuleName","#text":"-"},{"@Name":"UtcTime","#text":"2024-10-24 09:22:17.297"},{"@Name":"ProcessGuid","#text":"dbf410b3-11c9-671a-f300-000000003900"},{"@Name":"ProcessId","#text":"4124"},{"@Name":"Image","#text":"C:\\Windows\\System32\\conhost.exe"},{"@Name":"FileVersion","#text":"10.0.19041.4355 (WinBuild.160101.0800)"},{"@Name":"Description","#text":"Console Window Host"},{"@Name":"Product","#text":"Microsoft® Windows® Operating System"},{"@Name":"Company","#text":"Microsoft Corporation"},{"@Name":"OriginalFileName","#text":"CONHOST.EXE"},{"@Name":"CommandLine","#text":"\\??\\C:\\Windows\\system32\\conhost.exe 0xffffffff -ForceV1"},{"@Name":"CurrentDirectory","#text":"C:\\Windows"},{"@Name":"User","#text":"NT AUTHORITY\\SYSTEM"},{"@Name":"LogonGuid","#text":"dbf410b3-2d3e-671a-e703-000000000000"},{"@Name":"LogonId","#text":"0x3E7"},{"@Name":"TerminalSessionId","#text":"0"},{"@Name":"IntegrityLevel","#text":"System"},{"@Name":"Hashes","#text":"SHA256=CC0A60CD15FA21E54615E46CD0F10CFBE86F496DC64D14B31D9F3B415D120EE1"},{"@Name":"ParentProcessGuid","#text":"dbf410b3-11c7-671a-e900-000000003900"},{"@Name":"ParentProcessId","#text":"7108"},{"@Name":"ParentImage","#text":"C:\\Windows\\System32\\sc.exe"},{"@Name":"ParentCommandLine","#text":"\"C:\\Windows\\system32\\sc.exe\" start pushtoinstall registration"},{"@Name":"ParentUser","#text":"NT AUTHORITY\\SYSTEM"}]}}}
{"Event":{"System":{"Provider":{"@Name":"Microsoft-Windows-Sysmon","@Guid":"5770385f-c22a-43e0-bf4c-06f5698ffbd9"},"EventID":"1","Version":"5","Level":"4","Task":"1","Opcode":"0","Keywords":"0x8000000000000000","TimeCreated":{"@SystemTime":"2024-10-24 09:22:17.7473769"},"EventRecordID":"18041","Correlation":null,"Execution":{"@ProcessID":"2384","@ThreadID":"3952"},"Channel":"Microsoft-Windows-Sysmon/Operational","Computer":"Server002","Security":{"@UserID":"S-1-5-18"}},"EventData":{"Data":[{"@Name":"RuleName","#text":"-"},{"@Name":"UtcTime","#text":"2024-10-24 09:22:17.318"},{"@Name":"ProcessGuid","#text":"dbf410b3-11c9-671a-f400-000000003900"},{"@Name":"ProcessId","#text":"4112"},{"@Name":"Image","#text":"C:\\Windows\\System32\\conhost.exe"},{"@Name":"FileVersion","#text":"10.0.19041.4355 (WinBuild.160101.0800)"},{"@Name":"Description","#text":"Console Window Host"},{"@Name":"Product","#text":"Microsoft® Windows® Operating System"},{"@Name":"Company","#text":"Microsoft Corporation"},{"@Name":"OriginalFileName","#text":"CONHOST.EXE"},{"@Name":"CommandLine","#text":"\\??\\C:\\Windows\\system32\\conhost.exe 0xffffffff -ForceV1"},{"@Name":"CurrentDirectory","#text":"C:\\Windows"},{"@Name":"User","#text":"NT AUTHORITY\\SYSTEM"},{"@Name":"LogonGuid","#text":"dbf410b3-2d3e-671a-e703-000000000000"},{"@Name":"LogonId","#text":"0x3E7"},{"@Name":"TerminalSessionId","#text":"0"},{"@Name":"IntegrityLevel","#text":"System"},{"@Name":"Hashes","#text":"SHA256=CC0A60CD15FA21E54615E46CD0F10CFBE86F496DC64D14B31D9F3B415D120EE1"},{"@Name":"ParentProcessGuid","#text":"dbf410b3-11c7-671a-eb00-000000003900"},{"@Name":"ParentProcessId","#text":"6108"},{"@Name":"ParentImage","#text":"C:\\Windows\\System32\\sc.exe"},{"@Name":"ParentCommandLine","#text":"\"C:\\Windows\\system32\\sc.exe\" start wuauserv"},{"@Name":"ParentUser","#text":"NT AUTHORITY\\SYSTEM"}]}}}
{"Event":{"System":{"Provider":{"@Name":"Microsoft-Windows-Sysmon","@Guid":"5770385f-c22a-43e0-bf4c-06f5698ffbd9"},"EventID":"5","Version":"3","Level":"4","Task":"5","Opcode":"0","Keywords":"0x8000000000000000","TimeCreated":{"@SystemTime":"2024-10-24 09:22:17.7482624"},"EventRecordID":"18042","Correlation":null,"Execution":{"@ProcessID":"2384","@ThreadID":"3952"},"Channel":"Microsoft-Windows-Sysmon/Operational","Computer":"Server002","Security":{"@UserID":"S-1-5-18"}},"EventData":{"Data":[{"@Name":"RuleName","#text":"-"},{"@Name":"UtcTime","#text":"2024-10-24 09:22:17.737"},{"@Name":"ProcessGuid","#text":"dbf410b3-11c7-671a-ee00-000000003900"},{"@Name":"ProcessId","#text":"6036"},{"@Name":"Image","#text":"C:\\Windows\\System32\\wsqmcons.exe"},{"@Name":"User","#text":"NT AUTHORITY\\SYSTEM"}]}}}
{"Event":{"System":{"Provider":{"@Name":"Microsoft-Windows-Sysmon","@Guid":"5770385f-c22a-43e0-bf4c-06f5698ffbd9"},"EventID":"1","Version":"5","Level":"4","Task":"1","Opcode":"0","Keywords":"0x8000000000000000","TimeCreated":{"@SystemTime":"2024-10-24 09:22:17.8535240"},"EventRecordID":"18043","Correlation":null,"Execution":{"@ProcessID":"2384","@ThreadID":"3952"},"Channel":"Microsoft-Windows-Sysmon/Operational","Computer":"Server002","Security":{"@UserID":"S-1-5-18"}},"EventData":{"Data":[{"@Name":"RuleName","#text":"-"},{"@Name":"UtcTime","#text":"2024-10-24 09:22:17.850"},{"@Name":"ProcessGuid","#text":"dbf410b3-11c9-671a-f500-000000003900"},{"@Name":"ProcessId","#text":"4772"},{"@Name":"Image","#text":"C:\\Windows\\System32\\svchost.exe"},{"@Name":"FileVersion","#text":"10.0.19041.4355 (WinBuild.160101.0800)"},{"@Name":"Description","#text":"Host Process for Windows Services"},{"@Name":"Product","#text":"Microsoft® Windows® Operating System"},{"@Name":"Company","#text":"Microsoft Corporation"},{"@Name":"OriginalFileName","#text":"svchost.exe"},{"@Name":"CommandLine","#text":"C:\\Windows\\system32\\svchost.exe -k wusvcs -p -s WaaSMedicSvc"},{"@Name":"CurrentDirectory","#text":"C:\\Windows\\system32\\"},{"@Name":"User","#text":"NT AUTHORITY\\SYSTEM"},{"@Name":"LogonGuid","#text":"dbf410b3-2d3e-671a-e703-000000000000"},{"@Name":"LogonId","#text":"0x3E7"},{"@Name":"TerminalSessionId","#text":"0"},{"@Name":"IntegrityLevel","#text":"System"},{"@Name":"Hashes","#text":"SHA256=6FC3BF1FDFD76860BE782554F8D25BD32F108DB934D70F4253F1E5F23522E503"},{"@Name":"ParentProcessGuid","#text":"00000000-0000-0000-0000-000000000000"},{"@Name":"ParentProcessId","#text":"668"},{"@Name":"ParentImage","#text":"-"},{"@Name":"ParentCommandLine","#text":"-"},{"@Name":"ParentUser","#text":"-"}]}}}
{"Event":{"System":{"Provider":{"@Name":"Microsoft-Windows-Sysmon","@Guid":"5770385f-c22a-43e0-bf4c-06f5698ffbd9"},"EventID":"1","Version":"5","Level":"4","Task":"1","Opcode":"0","Keywords":"0x8000000000000000","TimeCreated":{"@SystemTime":"2024-10-24 09:22:17.8630152"},"EventRecordID":"18044","Correlation":null,"Execution":{"@ProcessID":"2384","@ThreadID":"3952"},"Channel":"Microsoft-Windows-Sysmon/Operational","Computer":"Server002","Security":{"@UserID":"S-1-5-18"}},"EventData":{"Data":[{"@Name":"RuleName","#text":"-"},{"@Name":"UtcTime","#text":"2024-10-24 09:22:17.859"},{"@Name":"ProcessGuid","#text":"dbf410b3-11c9-671a-f600-000000003900"},{"@Name":"ProcessId","#text":"1884"},{"@Name":"Image","#text":"C:\\Windows\\System32\\sppsvc.exe"},{"@Name":"FileVersion","#text":"10.0.19041.5007 (WinBuild.160101.0800)"},{"@Name":"Description","#text":"Microsoft Software Protection Platform Service"},{"@Name":"Product","#text":"Microsoft® Windows® Operating System"},{"@Name":"Company","#text":"Microsoft Corporation"},{"@Name":"OriginalFileName","#text":"sppsvc.exe"},{"@Name":"CommandLine","#text":"C:\\Windows\\system32\\sppsvc.exe"},{"@Name":"CurrentDirectory","#text":"C:\\Windows"},{"@Name":"User","#text":"NT AUTHORITY\\NETWORK SERVICE"},{"@Name":"LogonGuid","#text":"dbf410b3-2d3e-671a-e403-000000000000"},{"@Name":"LogonId","#text":"0x3E4"},{"@Name":"TerminalSessionId","#text":"0"},{"@Name":"IntegrityLevel","#text":"System"},{"@Name":"Hashes","#text":"SHA256=CCDB3D236BA9BA6D263C7D035A65E7866324EF3B505CAF4B8E197FE4FDEF67E1"},{"@Name":"ParentProcessGuid","#text":"00000000-0000-0000-0000-000000000000"},{"@Name":"ParentProcessId","#text":"668"},{"@Name":"ParentImage","#text":"-"},{"@Name":"ParentCommandLine","#text":"-"},{"@Name":"ParentUser","#text":"-"}]}}}
{"Event":{"System":{"Provider":{"@Name":"Microsoft-Windows-Sysmon","@Guid":"5770385f-c22a-43e0-bf4c-06f5698ffbd9"},"EventID":"5","Version":"3","Level":"4","Task":"5","Opcode":"0","Keywords":"0x8000000000000000","TimeCreated":{"@SystemTime":"2024-10-24 09:22:18.3338571"},"EventRecordID":"18045","Correlation":null,"Execution":{"@ProcessID":"2384","@ThreadID":"3952"},"Channel":"Microsoft-Windows-Sysmon/Operational","Computer":"Server002","Security":{"@UserID":"S-1-5-18"}},"EventData":{"Data":[{"@Name":"RuleName","#text":"-"},{"@Name":"UtcTime","#text":"2024-10-24 09:22:18.329"},{"@Name":"ProcessGuid","#text":"dbf410b3-11c7-671a-ed00-000000003900"},{"@Name":"ProcessId","#text":"928"},{"@Name":"Image","#text":"C:\\Windows\\System32\\rundll32.exe"},{"@Name":"User","#text":"NT AUTHORITY\\SYSTEM"}]}}}
{"Event":{"System":{"Provider":{"@Name":"Microsoft-Windows-Sysmon","@Guid":"5770385f-c22a-43e0-bf4c-06f5698ffbd9"},"EventID":"5","Version":"3","Level":"4","Task":"5","Opcode":"0","Keywords":"0x8000000000000000","TimeCreated":{"@SystemTime":"2024-10-24 09:22:18.3798287"},"EventRecordID":"18046","Correlation":null,"Execution":{"@ProcessID":"2384","@ThreadID":"3952"},"Channel":"Microsoft-Windows-Sysmon/Operational","Computer":"Server002","Security":{"@UserID":"S-1-5-18"}},"EventData":{"Data":[{"@Name":"RuleName","#text":"-"},{"@Name":"UtcTime","#text":"2024-10-24 09:22:18.367"},{"@Name":"ProcessGuid","#text":"dbf410b3-11c7-671a-ec00-000000003900"},{"@Name":"ProcessId","#text":"6120"},{"@Name":"Image","#text":"C:\\Windows\\System32\\UsoClient.exe"},{"@Name":"User","#text":"NT AUTHORITY\\SYSTEM"}]}}}
{"Event":{"System":{"Provider":{"@Name":"Microsoft-Windows-Sysmon","@Guid":"5770385f-c22a-43e0-bf4c-06f5698ffbd9"},"EventID":"1","Version":"5","Level":"4","Task":"1","Opcode":"0","Keywords":"0x8000000000000000","TimeCreated":{"@SystemTime":"2024-10-24 09:22:18.4861897"},"EventRecordID":"18047","Correlation":null,"Execution":{"@ProcessID":"2384","@ThreadID":"3952"},"Channel":"Microsoft-Windows-Sysmon/Operational","Computer":"Server002","Security":{"@UserID":"S-1-5-18"}},"EventData":{"Data":[{"@Name":"RuleName","#text":"-"},{"@Name":"UtcTime","#text":"2024-10-24 09:22:18.311"},{"@Name":"ProcessGuid","#text":"dbf410b3-11ca-671a-f700-000000003900"},{"@Name":"ProcessId","#text":"2780"},{"@Name":"Image","#text":"C:\\Program Files\\RUXIM\\RUXIMICS.exe"},{"@Name":"FileVersion","#text":"10.0.19041.5067 (WinBuild.160101.0800)"},{"@Name":"Description","#text":"Reusable UX Interaction Manager"},{"@Name":"Product","#text":"Microsoft® Windows® Operating System"},{"@Name":"Company","#text":"Microsoft Corporation"},{"@Name":"OriginalFileName","#text":"RUXIMICS.exe"},{"@Name":"CommandLine","#text":"%%ProgramFiles%%\\RUXIM\\RUXIMICS.EXE /onlyloadcampaigns"},{"@Name":"CurrentDirectory","#text":"C:\\Program Files\\RUXIM\\"},{"@Name":"User","#text":"NT AUTHORITY\\SYSTEM"},{"@Name":"LogonGuid","#text":"dbf410b3-2d3e-671a-e703-000000000000"},{"@Name":"LogonId","#text":"0x3E7"},{"@Name":"TerminalSessionId","#text":"0"},{"@Name":"IntegrityLevel","#text":"System"},{"@Name":"Hashes","#text":"SHA256=3BDD8C774071B82A08629F271D14A8FB0C096A3C279E797377E034B03A217949"},{"@Name":"ParentProcessGuid","#text":"dbf410b3-11c7-671a-ef00-000000003900"},{"@Name":"ParentProcessId","#text":"3920"},{"@Name":"ParentImage","#text":"C:\\Program Files\\RUXIM\\PLUGScheduler.exe"},{"@Name":"ParentCommandLine","#text":"\"C:\\Program Files\\RUXIM\\PLUGscheduler.exe\""},{"@Name":"ParentUser","#text":"NT AUTHORITY\\SYSTEM"}]}}}
{"Event":{"System":{"Provider":{"@Name":"Microsoft-Windows-Sysmon","@Guid":"5770385f-c22a-43e0-bf4c-06f5698ffbd9"},"EventID":"5","Version":"3","Level":"4","Task":"5","Opcode":"0","Keywords":"0x8000000000000000","TimeCreated":{"@SystemTime":"2024-10-24 09:22:19.0542879"},"EventRecordID":"18048","Correlation":null,"Execution":{"@ProcessID":"2384","@ThreadID":"3952"},"Channel":"Microsoft-Windows-Sysmon/Operational","Computer":"Server002","Security":{"@UserID":"S-1-5-18"}},"EventData":{"Data":[{"@Name":"RuleName","#text":"-"},{"@Name":"UtcTime","#text":"2024-10-24 09:22:19.039"},{"@Name":"ProcessGuid","#text":"dbf410b3-11c7-671a-e600-000000003900"},{"@Name":"ProcessId","#text":"3456"},{"@Name":"Image","#text":"C:\\Windows\\System32\\wermgr.exe"},{"@Name":"User","#text":"NT AUTHORITY\\SYSTEM"}]}}}
{"Event":{"System":{"Provider":{"@Name":"Microsoft-Windows-Sysmon","@Guid":"5770385f-c22a-43e0-bf4c-06f5698ffbd9"},"EventID":"5","Version":"3","Level":"4","Task":"5","Opcode":"0","Keywords":"0x8000000000000000","TimeCreated":{"@SystemTime":"2024-10-24 09:22:19.0678111"},"EventRecordID":"18049","Correlation":null,"Execution":{"@ProcessID":"2384","@ThreadID":"3952"},"Channel":"Microsoft-Windows-Sysmon/Operational","Computer":"Server002","Security":{"@UserID":"S-1-5-18"}},"EventData":{"Data":[{"@Name":"RuleName","#text":"-"},{"@Name":"UtcTime","#text":"2024-10-24 09:22:19.059"},{"@Name":"ProcessGuid","#text":"dbf410b3-11c7-671a-e700-000000003900"},{"@Name":"ProcessId","#text":"4056"},{"@Name":"Image","#text":"C:\\Windows\\System32\\MusNotification.exe"},{"@Name":"User","#text":"NT AUTHORITY\\SYSTEM"}]}}}
{"Event":{"System":{"Provider":{"@Name":"Microsoft-Windows-Sysmon","@Guid":"5770385f-c22a-43e0-bf4c-06f5698ffbd9"},"EventID":"1","Version":"5","Level":"4","Task":"1","Opcode":"0","Keywords":"0x8000000000000000","TimeCreated":{"@SystemTime":"2024-10-24 09:22:19.1181483"},"EventRecordID":"18050","Correlation":null,"Execution":{"@ProcessID":"2384","@ThreadID":"3952"},"Channel":"Microsoft-Windows-Sysmon/Operational","Computer":"Server002","Security":{"@UserID":"S-1-5-18"}},"EventData":{"Data":[{"@Name":"RuleName","#text":"-"},{"@Name":"UtcTime","#text":"2024-10-24 09:22:19.115"},{"@Name":"ProcessGuid","#text":"dbf410b3-11cb-671a-f800-000000003900"},{"@Name":"ProcessId","#text":"3608"},{"@Name":"Image","#text":"C:\\Windows\\System32\\svchost.exe"},{"@Name":"FileVersion","#text":"10.0.19041.4355 (WinBuild.160101.0800)"},{"@Name":"Description","#text":"Host Process for Windows Services"},{"@Name":"Product","#text":"Microsoft® Windows® Operating System"},{"@Name":"Company","#text":"Microsoft Corporation"},{"@Name":"OriginalFileName","#text":"svchost.exe"},{"@Name":"CommandLine","#text":"C:\\Windows\\System32\\svchost.exe -k netsvcs -p -s PushToInstall"},{"@Name":"CurrentDirectory","#text":"C:\\Windows\\system32\\"},{"@Name":"User","#text":"NT AUTHORITY\\SYSTEM"},{"@Name":"LogonGuid","#text":"dbf410b3-2d3e-671a-e703-000000000000"},{"@Name":"LogonId","#text":"0x3E7"},{"@Name":"TerminalSessionId","#text":"0"},{"@Name":"IntegrityLevel","#text":"System"},{"@Name":"Hashes","#text":"SHA256=6FC3BF1FDFD76860BE782554F8D25BD32F108DB934D70F4253F1E5F23522E503"},{"@Name":"ParentProcessGuid","#text":"00000000-0000-0000-0000-000000000000"},{"@Name":"ParentProcessId","#text":"668"},{"@Name":"ParentImage","#text":"-"},{"@Name":"ParentCommandLine","#text":"-"},{"@Name":"ParentUser","#text":"-"}]}}}
{"Event":{"System":{"Provider":{"@Name":"Microsoft-Windows-Sysmon","@Guid":"5770385f-c22a-43e0-bf4c-06f5698ffbd9"},"EventID":"1","Version":"5","Level":"4","Task":"1","Opcode":"0","Keywords":"0x8000000000000000","TimeCreated":{"@SystemTime":"2024-10-24 09:22:19.3628577"},"EventRecordID":"18051","Correlation":null,"Execution":{"@ProcessID":"2384","@ThreadID":"3952"},"Channel":"Microsoft-Windows-Sysmon/Operational","Computer":"Server002","Security":{"@UserID":"S-1-5-18"}},"EventData":{"Data":[{"@Name":"RuleName","#text":"-"},{"@Name":"UtcTime","#text":"2024-10-24 09:22:19.358"},{"@Name":"ProcessGuid","#text":"dbf410b3-11cb-671a-f900-000000003900"},{"@Name":"ProcessId","#text":"364"},{"@Name":"Image","#text":"C:\\Windows\\System32\\wbem\\WmiPrvSE.exe"},{"@Name":"FileVersion","#text":"10.0.19041.3636 (WinBuild.160101.0800)"},{"@Name":"Description","#text":"WMI Provider Host"},{"@Name":"Product","#text":"Microsoft® Windows® Operating System"},{"@Name":"Company","#text":"Microsoft Corporation"},{"@Name":"OriginalFileName","#text":"Wmiprvse.exe"},{"@Name":"CommandLine","#text":"C:\\Windows\\system32\\wbem\\wmiprvse.exe -Embedding"},{"@Name":"CurrentDirectory","#text":"C:\\Windows\\system32\\"},{"@Name":"User","#text":"NT AUTHORITY\\SYSTEM"},{"@Name":"LogonGuid","#text":"dbf410b3-2d3e-671a-e703-000000000000"},{"@Name":"LogonId","#text":"0x3E7"},{"@Name":"TerminalSessionId","#text":"0"},{"@Name":"IntegrityLevel","#text":"System"},{"@Name":"Hashes","#text":"SHA256=8BBDEAD7357AF7BF0EFE397F9FD7E0EC578755EB8BDBAA65AE4F28EF00087AD5"},{"@Name":"ParentProcessGuid","#text":"00000000-0000-0000-0000-000000000000"},{"@Name":"ParentProcessId","#text":"780"},{"@Name":"ParentImage","#text":"-"},{"@Name":"ParentCommandLine","#text":"-"},{"@Name":"ParentUser","#text":"-"}]}}}
{"Event":{"System":{"Provider":{"@Name":"Microsoft-Windows-Sysmon","@Guid":"5770385f-c22a-43e0-bf4c-06f5698ffbd9"},"EventID":"5","Version":"3","Level":"4","Task":"5","Opcode":"0","Keywords":"0x8000000000000000","TimeCreated":{"@SystemTime":"2024-10-24 09:22:20.0870102"},"EventRecordID":"18052","Correlation":null,"Execution":{"@ProcessID":"2384","@ThreadID":"3952"},"Channel":"Microsoft-Windows-Sysmon/Operational","Computer":"Server002","Security":{"@UserID":"S-1-5-18"}},"EventData":{"Data":[{"@Name":"RuleName","#text":"-"},{"@Name":"UtcTime","#text":"2024-10-24 09:22:20.058"},{"@Name":"ProcessGuid","#text":"dbf410b3-11c7-671a-e900-000000003900"},{"@Name":"ProcessId","#text":"7108"},{"@Name":"Image","#text":"C:\\Windows\\System32\\sc.exe"},{"@Name":"User","#text":"NT AUTHORITY\\SYSTEM"}]}}}
{"Event":{"System":{"Provider":{"@Name":"Microsoft-Windows-Sysmon","@Guid":"5770385f-c22a-43e0-bf4c-06f5698ffbd9"},"EventID":"5","Version":"3","Level":"4","Task":"5","Opcode":"0","Keywords":"0x8000000000000000","TimeCreated":{"@SystemTime":"2024-10-24 09:22:20.2250177"},"EventRecordID":"18053","Correlation":null,"Execution":{"@ProcessID":"2384","@ThreadID":"3952"},"Channel":"Microsoft-Windows-Sysmon/Operational","Computer":"Server002","Security":{"@UserID":"S-1-5-18"}},"EventData":{"Data":[{"@Name":"RuleName","#text":"-"},{"@Name":"UtcTime","#text":"2024-10-24 09:22:20.209"},{"@Name":"ProcessGuid","#text":"dbf410b3-11c7-671a-eb00-000000003900"},{"@Name":"ProcessId","#text":"6108"},{"@Name":"Image","#text":"C:\\Windows\\System32\\sc.exe"},{"@Name":"User","#text":"NT AUTHORITY\\SYSTEM"}]}}}
{"Event":{"System":{"Provider":{"@Name":"Microsoft-Windows-Sysmon","@Guid":"5770385f-c22a-43e0-bf4c-06f5698ffbd9"},"EventID":"5","Version":"3","Level":"4","Task":"5","Opcode":"0","Keywords":"0x8000000000000000","TimeCreated":{"@SystemTime":"2024-10-24 09:22:20.3178310"},"EventRecordID":"18054","Correlation":null,"Execution":{"@ProcessID":"2384","@ThreadID":"3952"},"Channel":"Microsoft-Windows-Sysmon/Operational","Computer":"Server002","Security":{"@UserID":"S-1-5-18"}},"EventData":{"Data":[{"@Name":"RuleName","#text":"-"},{"@Name":"UtcTime","#text":"2024-10-24 09:22:20.261"},{"@Name":"ProcessGuid","#text":"dbf410b3-11c9-671a-f300-000000003900"},{"@Name":"ProcessId","#text":"4124"},{"@Name":"Image","#text":"C:\\Windows\\System32\\conhost.exe"},{"@Name":"User","#text":"NT AUTHORITY\\SYSTEM"}]}}}
{"Event":{"System":{"Provider":{"@Name":"Microsoft-Windows-Sysmon","@Guid":"5770385f-c22a-43e0-bf4c-06f5698ffbd9"},"EventID":"5","Version":"3","Level":"4","Task":"5","Opcode":"0","Keywords":"0x8000000000000000","TimeCreated":{"@SystemTime":"2024-10-24 09:22:20.4268503"},"EventRecordID":"18055","Correlation":null,"Execution":{"@ProcessID":"2384","@ThreadID":"3952"},"Channel":"Microsoft-Windows-Sysmon/Operational","Computer":"Server002","Security":{"@UserID":"S-1-5-18"}},"EventData":{"Data":[{"@Name":"RuleName","#text":"-"},{"@Name":"UtcTime","#text":"2024-10-24 09:22:20.416"},{"@Name":"ProcessGuid","#text":"dbf410b3-11ca-671a-f700-000000003900"},{"@Name":"ProcessId","#text":"2780"},{"@Name":"Image","#text":"C:\\Program Files\\RUXIM\\RUXIMICS.exe"},{"@Name":"User","#text":"NT AUTHORITY\\SYSTEM"}]}}}
{"Event":{"System":{"Provider":{"@Name":"Microsoft-Windows-Sysmon","@Guid":"5770385f-c22a-43e0-bf4c-06f5698ffbd9"},"EventID":"5","Version":"3","Level":"4","Task":"5","Opcode":"0","Keywords":"0x8000000000000000","TimeCreated":{"@SystemTime":"2024-10-24 09:22:20.4890670"},"EventRecordID":"18056","Correlation":null,"Execution":{"@ProcessID":"2384","@ThreadID":"3952"},"Channel":"Microsoft-Windows-Sysmon/Operational","Computer":"Server002","Security":{"@UserID":"S-1-5-18"}},"EventData":{"Data":[{"@Name":"RuleName","#text":"-"},{"@Name":"UtcTime","#text":"2024-10-24 09:22:20.480"},{"@Name":"ProcessGuid","#text":"dbf410b3-11c9-671a-f400-000000003900"},{"@Name":"ProcessId","#text":"4112"},{"@Name":"Image","#text":"C:\\Windows\\System32\\conhost.exe"},{"@Name":"User","#text":"NT AUTHORITY\\SYSTEM"}]}}}
{"Event":{"System":{"Provider":{"@Name":"Microsoft-Windows-Sysmon","@Guid":"5770385f-c22a-43e0-bf4c-06f5698ffbd9"},"EventID":"1","Version":"5","Level":"4","Task":"1","Opcode":"0","Keywords":"0x8000000000000000","TimeCreated":{"@SystemTime":"2024-10-24 09:22:20.6313858"},"EventRecordID":"18057","Correlation":null,"Execution":{"@ProcessID":"2384","@ThreadID":"3952"},"Channel":"Microsoft-Windows-Sysmon/Operational","Computer":"Server002","Security":{"@UserID":"S-1-5-18"}},"EventData":{"Data":[{"@Name":"RuleName","#text":"-"},{"@Name":"UtcTime","#text":"2024-10-24 09:22:20.602"},{"@Name":"ProcessGuid","#text":"dbf410b3-11cc-671a-fa00-000000003900"},{"@Name":"ProcessId","#text":"4416"},{"@Name":"Image","#text":"C:\\Program Files\\RUXIM\\RUXIMICS.exe"},{"@Name":"FileVersion","#text":"10.0.19041.5067 (WinBuild.160101.0800)"},{"@Name":"Description","#text":"Reusable UX Interaction Manager"},{"@Name":"Product","#text":"Microsoft® Windows® Operating System"},{"@Name":"Company","#text":"Microsoft Corporation"},{"@Name":"OriginalFileName","#text":"RUXIMICS.exe"},{"@Name":"CommandLine","#text":"%%ProgramFiles%%\\RUXIM\\RUXIMICS.EXE /nonetwork"},{"@Name":"CurrentDirectory","#text":"C:\\Program Files\\RUXIM\\"},{"@Name":"User","#text":"NT AUTHORITY\\SYSTEM"},{"@Name":"LogonGuid","#text":"dbf410b3-2d3e-671a-e703-000000000000"},{"@Name":"LogonId","#text":"0x3E7"},{"@Name":"TerminalSessionId","#text":"0"},{"@Name":"IntegrityLevel","#text":"System"},{"@Name":"Hashes","#text":"SHA256=3BDD8C774071B82A08629F271D14A8FB0C096A3C279E797377E034B03A217949"},{"@Name":"ParentProcessGuid","#text":"dbf410b3-11c7-671a-ef00-000000003900"},{"@Name":"ParentProcessId","#text":"3920"},{"@Name":"ParentImage","#text":"C:\\Program Files\\RUXIM\\PLUGScheduler.exe"},{"@Name":"ParentCommandLine","#text":"\"C:\\Program Files\\RUXIM\\PLUGscheduler.exe\""},{"@Name":"ParentUser","#text":"NT AUTHORITY\\SYSTEM"}]}}}
{"Event":{"System":{"Provider":{"@Name":"Microsoft-Windows-Sysmon","@Guid":"5770385f-c22a-43e0-bf4c-06f5698ffbd9"},"EventID":"5","Version":"3","Level":"4","Task":"5","Opcode":"0","Keywords":"0x8000000000000000","TimeCreated":{"@SystemTime":"2024-10-24 09:22:20.8399720"},"EventRecordID":"18058","Correlation":null,"Execution":{"@ProcessID":"2384","@ThreadID":"3952"},"Channel":"Microsoft-Windows-Sysmon/Operational","Computer":"Server002","Security":{"@UserID":"S-1-5-18"}},"EventData":{"Data":[{"@Name":"RuleName","#text":"-"},{"@Name":"UtcTime","#text":"2024-10-24 09:22:20.764"},{"@Name":"ProcessGuid","#text":"dbf410b3-11cc-671a-fa00-000000003900"},{"@Name":"ProcessId","#text":"4416"},{"@Name":"Image","#text":"C:\\Program Files\\RUXIM\\RUXIMICS.exe"},{"@Name":"User","#text":"NT AUTHORITY\\SYSTEM"}]}}}
{"Event":{"System":{"Provider":{"@Name":"Microsoft-Windows-Sysmon","@Guid":"5770385f-c22a-43e0-bf4c-06f5698ffbd9"},"EventID":"1","Version":"5","Level":"4","Task":"1","Opcode":"0","Keywords":"0x8000000000000000","TimeCreated":{"@SystemTime":"2024-10-24 09:22:20.9238563"},"EventRecordID":"18059","Correlation":null,"Execution":{"@ProcessID":"2384","@ThreadID":"3952"},"Channel":"Microsoft-Windows-Sysmon/Operational","Computer":"Server002","Security":{"@UserID":"S-1-5-18"}},"EventData":{"Data":[{"@Name":"RuleName","#text":"-"},{"@Name":"UtcTime","#text":"2024-10-24 09:22:20.917"},{"@Name":"ProcessGuid","#text":"dbf410b3-11cc-671a-fb00-000000003900"},{"@Name":"ProcessId","#text":"1452"},{"@Name":"Image","#text":"C:\\Windows\\System32\\svchost.exe"},{"@Name":"FileVersion","#text":"10.0.19041.4355 (WinBuild.160101.0800)"},{"@Name":"Description","#text":"Host Process for Windows Services"},{"@Name":"Product","#text":"Microsoft® Windows® Operating System"},{"@Name":"Company","#text":"Microsoft Corporation"},{"@Name":"OriginalFileName","#text":"svchost.exe"},{"@Name":"CommandLine","#text":"C:\\Windows\\system32\\svchost.exe -k appmodel -p -s camsvc"},{"@Name":"CurrentDirectory","#text":"C:\\Windows\\system32\\"},{"@Name":"User","#text":"NT AUTHORITY\\SYSTEM"},{"@Name":"LogonGuid","#text":"dbf410b3-2d3e-671a-e703-000000000000"},{"@Name":"LogonId","#text":"0x3E7"},{"@Name":"TerminalSessionId","#text":"0"},{"@Name":"IntegrityLevel","#text":"System"},{"@Name":"Hashes","#text":"SHA256=6FC3BF1FDFD76860BE782554F8D25BD32F108DB934D70F4253F1E5F23522E503"},{"@Name":"ParentProcessGuid","#text":"00000000-0000-0000-0000-000000000000"},{"@Name":"ParentProcessId","#text":"668"},{"@Name":"ParentImage","#text":"-"},{"@Name":"ParentCommandLine","#text":"-"},{"@Name":"ParentUser","#text":"-"}]}}}
{"Event":{"System":{"Provider":{"@Name":"Microsoft-Windows-Sysmon","@Guid":"5770385f-c22a-43e0-bf4c-06f5698ffbd9"},"EventID":"1","Version":"5","Level":"4","Task":"1","Opcode":"0","Keywords":"0x8000000000000000","TimeCreated":{"@SystemTime":"2024-10-24 09:22:21.1188765"},"EventRecordID":"18060","Correlation":null,"Execution":{"@ProcessID":"2384","@ThreadID":"3952"},"Channel":"Microsoft-Windows-Sysmon/Operational","Computer":"Server002","Security":{"@UserID":"S-1-5-18"}},"EventData":{"Data":[{"@Name":"RuleName","#text":"-"},{"@Name":"UtcTime","#text":"2024-10-24 09:22:21.111"},{"@Name":"ProcessGuid","#text":"dbf410b3-11cd-671a-fc00-000000003900"},{"@Name":"ProcessId","#text":"2836"},{"@Name":"Image","#text":"C:\\Windows\\System32\\svchost.exe"},{"@Name":"FileVersion","#text":"10.0.19041.4355 (WinBuild.160101.0800)"},{"@Name":"Description","#text":"Host Process for Windows Services"},{"@Name":"Product","#text":"Microsoft® Windows® Operating System"},{"@Name":"Company","#text":"Microsoft Corporation"},{"@Name":"OriginalFileName","#text":"svchost.exe"},{"@Name":"CommandLine","#text":"C:\\Windows\\system32\\svchost.exe -k netsvcs -p -s lfsvc"},{"@Name":"CurrentDirectory","#text":"C:\\Windows\\system32\\"},{"@Name":"User","#text":"NT AUTHORITY\\SYSTEM"},{"@Name":"LogonGuid","#text":"dbf410b3-2d3e-671a-e703-000000000000"},{"@Name":"LogonId","#text":"0x3E7"},{"@Name":"TerminalSessionId","#text":"0"},{"@Name":"IntegrityLevel","#text":"System"},{"@Name":"Hashes","#text":"SHA256=6FC3BF1FDFD76860BE782554F8D25BD32F108DB934D70F4253F1E5F23522E503"},{"@Name":"ParentProcessGuid","#text":"00000000-0000-0000-0000-000000000000"},{"@Name":"ParentProcessId","#text":"668"},{"@Name":"ParentImage","#text":"-"},{"@Name":"ParentCommandLine","#text":"-"},{"@Name":"ParentUser","#text":"-"}]}}}
{"Event":{"System":{"Provider":{"@Name":"Microsoft-Windows-Sysmon","@Guid":"5770385f-c22a-43e0-bf4c-06f5698ffbd9"},"EventID":"5","Version":"3","Level":"4","Task":"5","Opcode":"0","Keywords":"0x8000000000000000","TimeCreated":{"@SystemTime":"2024-10-24 09:22:21.1737293"},"EventRecordID":"18061","Correlation":null,"Execution":{"@ProcessID":"2384","@ThreadID":"3952"},"Channel":"Microsoft-Windows-Sysmon/Operational","Computer":"Server002","Security":{"@UserID":"S-1-5-18"}},"EventData":{"Data":[{"@Name":"RuleName","#text":"-"},{"@Name":"UtcTime","#text":"2024-10-24 09:22:21.170"},{"@Name":"ProcessGuid","#text":"dbf410b3-11c7-671a-ef00-000000003900"},{"@Name":"ProcessId","#text":"3920"},{"@Name":"Image","#text":"C:\\Program Files\\RUXIM\\PLUGScheduler.exe"},{"@Name":"User","#text":"NT AUTHORITY\\SYSTEM"}]}}}
{"Event":{"System":{"Provider":{"@Name":"Microsoft-Windows-Sysmon","@Guid":"5770385f-c22a-43e0-bf4c-06f5698ffbd9"},"EventID":"1","Version":"5","Level":"4","Task":"1","Opcode":"0","Keywords":"0x8000000000000000","TimeCreated":{"@SystemTime":"2024-10-24 09:22:22.9616266"},"EventRecordID":"18062","Correlation":null,"Execution":{"@ProcessID":"2384","@ThreadID":"3952"},"Channel":"Microsoft-Windows-Sysmon/Operational","Computer":"Server002","Security":{"@UserID":"S-1-5-18"}},"EventData":{"Data":[{"@Name":"RuleName","#text":"-"},{"@Name":"UtcTime","#text":"2024-10-24 09:22:21.295"},{"@Name":"ProcessGuid","#text":"dbf410b3-11cd-671a-fd00-000000003900"},{"@Name":"ProcessId","#text":"1984"},{"@Name":"Image","#text":"C:\\Windows\\System32\\CompatTelRunner.exe"},{"@Name":"FileVersion","#text":"10.0.19041.4957 (WinBuild.160101.0800)"},{"@Name":"Description","#text":"Microsoft Compatibility Telemetry"},{"@Name":"Product","#text":"Microsoft® Windows® Operating System"},{"@Name":"Company","#text":"Microsoft Corporation"},{"@Name":"OriginalFileName","#text":"CompatTelRunner.exe"},{"@Name":"CommandLine","#text":"C:\\Windows\\system32\\CompatTelRunner.exe -m:appraiser.dll -f:DoScheduledTelemetryRun -cv:xC5PhwmKIk+E8S9Y.1"},{"@Name":"CurrentDirectory","#text":"C:\\Windows\\system32\\"},{"@Name":"User","#text":"NT AUTHORITY\\SYSTEM"},{"@Name":"LogonGuid","#text":"dbf410b3-2d3e-671a-e703-000000000000"},{"@Name":"LogonId","#text":"0x3E7"},{"@Name":"TerminalSessionId","#text":"0"},{"@Name":"IntegrityLevel","#text":"System"},{"@Name":"Hashes","#text":"SHA256=5CCA3A57852EE2176D5EF24307BEEC478567C5BA729CB02469230568B309CB18"},{"@Name":"ParentProcessGuid","#text":"dbf410b3-11c7-671a-ea00-000000003900"},{"@Name":"ParentProcessId","#text":"7100"},{"@Name":"ParentImage","#text":"C:\\Windows\\System32\\CompatTelRunner.exe"},{"@Name":"ParentCommandLine","#text":"\"C:\\Windows\\system32\\compattelrunner.exe\""},{"@Name":"ParentUser","#text":"NT AUTHORITY\\SYSTEM"}]}}}
{"Event":{"System":{"Provider":{"@Name":"Microsoft-Windows-Sysmon","@Guid":"5770385f-c22a-43e0-bf4c-06f5698ffbd9"},"EventID":"1","Version":"5","Level":"4","Task":"1","Opcode":"0","Keywords":"0x8000000000000000","TimeCreated":{"@SystemTime":"2024-10-24 09:22:23.0305214"},"EventRecordID":"18063","Correlation":null,"Execution":{"@ProcessID":"2384","@ThreadID":"3952"},"Channel":"Microsoft-Windows-Sysmon/Operational","Computer":"Server002","Security":{"@UserID":"S-1-5-18"}},"EventData":{"Data":[{"@Name":"RuleName","#text":"-"},{"@Name":"UtcTime","#text":"2024-10-24 09:22:23.027"},{"@Name":"ProcessGuid","#text":"dbf410b3-11cf-671a-fe00-000000003900"},{"@Name":"ProcessId","#text":"3936"},{"@Name":"Image","#text":"C:\\Windows\\System32\\dllhost.exe"},{"@Name":"FileVersion","#text":"10.0.19041.3636 (WinBuild.160101.0800)"},{"@Name":"Description","#text":"COM Surrogate"},{"@Name":"Product","#text":"Microsoft® Windows® Operating System"},{"@Name":"Company","#text":"Microsoft Corporation"},{"@Name":"OriginalFileName","#text":"dllhost.exe"},{"@Name":"CommandLine","#text":"C:\\Windows\\system32\\DllHost.exe /Processid:{AA65DD7C-83AC-48C0-A6FD-9B61FEBF8800}"},{"@Name":"CurrentDirectory","#text":"C:\\Windows\\system32\\"},{"@Name":"User","#text":"NT AUTHORITY\\NETWORK SERVICE"},{"@Name":"LogonGuid","#text":"dbf410b3-2d3e-671a-e403-000000000000"},{"@Name":"LogonId","#text":"0x3E4"},{"@Name":"TerminalSessionId","#text":"0"},{"@Name":"IntegrityLevel","#text":"System"},{"@Name":"Hashes","#text":"SHA256=0309834D40475CCD5A88C48F7FF5EC62E5C6798900357DD83665C3D0345124E0"},{"@Name":"ParentProcessGuid","#text":"00000000-0000-0000-0000-000000000000"},{"@Name":"ParentProcessId","#text":"780"},{"@Name":"ParentImage","#text":"-"},{"@Name":"ParentCommandLine","#text":"-"},{"@Name":"ParentUser","#text":"-"}]}}}
{"Event":{"System":{"Provider":{"@Name":"Microsoft-Windows-Sysmon","@Guid":"5770385f-c22a-43e0-bf4c-06f5698ffbd9"},"EventID":"5","Version":"3","Level":"4","Task":"5","Opcode":"0","Keywords":"0x8000000000000000","TimeCreated":{"@SystemTime":"2024-10-24 09:22:25.1298132"},"EventRecordID":"18064","Correlation":null,"Execution":{"@ProcessID":"2384","@ThreadID":"3952"},"Channel":"Microsoft-Windows-Sysmon/Operational","Computer":"Server002","Security":{"@UserID":"S-1-5-18"}},"EventData":{"Data":[{"@Name":"RuleName","#text":"-"},{"@Name":"UtcTime","#text":"2024-10-24 09:22:25.128"},{"@Name":"ProcessGuid","#text":"dbf410b3-11c7-671a-e800-000000003900"},{"@Name":"ProcessId","#text":"4016"},{"@Name":"Image","#text":"C:\\Windows\\System32\\DeviceCensus.exe"},{"@Name":"User","#text":"NT AUTHORITY\\SYSTEM"}]}}}
{"Event":{"System":{"Provider":{"@Name":"Microsoft-Windows-Sysmon","@Guid":"5770385f-c22a-43e0-bf4c-06f5698ffbd9"},"EventID":"5","Version":"3","Level":"4","Task":"5","Opcode":"0","Keywords":"0x8000000000000000","TimeCreated":{"@SystemTime":"2024-10-24 09:22:25.1897741"},"EventRecordID":"18065","Correlation":null,"Execution":{"@ProcessID":"2384","@ThreadID":"3952"},"Channel":"Microsoft-Windows-Sysmon/Operational","Computer":"Server002","Security":{"@UserID":"S-1-5-18"}},"EventData":{"Data":[{"@Name":"RuleName","#text":"-"},{"@Name":"UtcTime","#text":"2024-10-24 09:22:25.183"},{"@Name":"ProcessGuid","#text":"dbf410b3-11cb-671a-f800-000000003900"},{"@Name":"ProcessId","#text":"3608"},{"@Name":"Image","#text":"C:\\Windows\\System32\\svchost.exe"},{"@Name":"User","#text":"NT AUTHORITY\\SYSTEM"}]}}}
{"Event":{"System":{"Provider":{"@Name":"Microsoft-Windows-Sysmon","@Guid":"5770385f-c22a-43e0-bf4c-06f5698ffbd9"},"EventID":"1","Version":"5","Level":"4","Task":"1","Opcode":"0","Keywords":"0x8000000000000000","TimeCreated":{"@SystemTime":"2024-10-24 09:22:27.5749396"},"EventRecordID":"18066","Correlation":null,"Execution":{"@ProcessID":"2384","@ThreadID":"3952"},"Channel":"Microsoft-Windows-Sysmon/Operational","Computer":"Server002","Security":{"@UserID":"S-1-5-18"}},"EventData":{"Data":[{"@Name":"RuleName","#text":"-"},{"@Name":"UtcTime","#text":"2024-10-24 09:22:27.560"},{"@Name":"ProcessGuid","#text":"dbf410b3-11d3-671a-ff00-000000003900"},{"@Name":"ProcessId","#text":"4592"},{"@Name":"Image","#text":"C:\\Windows\\System32\\SecurityHealthService.exe"},{"@Name":"FileVersion","#text":"4.18.1907.16384 (WinBuild.160101.0800)"},{"@Name":"Description","#text":"Windows Security Health Service"},{"@Name":"Product","#text":"Microsoft® Windows® Operating System"},{"@Name":"Company","#text":"Microsoft Corporation"},{"@Name":"OriginalFileName","#text":"SecurityHealthService.exe"},{"@Name":"CommandLine","#text":"C:\\Windows\\system32\\SecurityHealthService.exe"},{"@Name":"CurrentDirectory","#text":"C:\\Windows\\system32\\"},{"@Name":"User","#text":"NT AUTHORITY\\SYSTEM"},{"@Name":"LogonGuid","#text":"dbf410b3-2d3e-671a-e703-000000000000"},{"@Name":"LogonId","#text":"0x3E7"},{"@Name":"TerminalSessionId","#text":"0"},{"@Name":"IntegrityLevel","#text":"System"},{"@Name":"Hashes","#text":"SHA256=B9238370F551997A3054213D945B5AA76605492CF85E90AF37147566B4E700AC"},{"@Name":"ParentProcessGuid","#text":"00000000-0000-0000-0000-000000000000"},{"@Name":"ParentProcessId","#text":"668"},{"@Name":"ParentImage","#text":"-"},{"@Name":"ParentCommandLine","#text":"-"},{"@Name":"ParentUser","#text":"-"}]}}}
{"Event":{"System":{"Provider":{"@Name":"Microsoft-Windows-Sysmon","@Guid":"5770385f-c22a-43e0-bf4c-06f5698ffbd9"},"EventID":"5","Version":"3","Level":"4","Task":"5","Opcode":"0","Keywords":"0x8000000000000000","TimeCreated":{"@SystemTime":"2024-10-24 09:22:28.6268698"},"EventRecordID":"18067","Correlation":null,"Execution":{"@ProcessID":"2384","@ThreadID":"3952"},"Channel":"Microsoft-Windows-Sysmon/Operational","Computer":"Server002","Security":{"@UserID":"S-1-5-18"}},"EventData":{"Data":[{"@Name":"RuleName","#text":"-"},{"@Name":"UtcTime","#text":"2024-10-24 09:22:28.614"},{"@Name":"ProcessGuid","#text":"dbf410b3-11cf-671a-fe00-000000003900"},{"@Name":"ProcessId","#text":"3936"},{"@Name":"Image","#text":"C:\\Windows\\System32\\dllhost.exe"},{"@Name":"User","#text":"NT AUTHORITY\\NETWORK SERVICE"}]}}}
{"Event":{"System":{"Provider":{"@Name":"Microsoft-Windows-Sysmon","@Guid":"5770385f-c22a-43e0-bf4c-06f5698ffbd9"},"EventID":"1","Version":"5","Level":"4","Task":"1","Opcode":"0","Keywords":"0x8000000000000000","TimeCreated":{"@SystemTime":"2024-10-24 09:22:36.3990797"},"EventRecordID":"18068","Correlation":null,"Execution":{"@ProcessID":"2384","@ThreadID":"3952"},"Channel":"Microsoft-Windows-Sysmon/Operational","Computer":"Server002","Security":{"@UserID":"S-1-5-18"}},"EventData":{"Data":[{"@Name":"RuleName","#text":"-"},{"@Name":"UtcTime","#text":"2024-10-24 09:22:36.381"},{"@Name":"ProcessGuid","#text":"dbf410b3-11dc-671a-0001-000000003900"},{"@Name":"ProcessId","#text":"6540"},{"@Name":"Image","#text":"C:\\Windows\\System32\\CompatTelRunner.exe"},{"@Name":"FileVersion","#text":"10.0.19041.4957 (WinBuild.160101.0800)"},{"@Name":"Description","#text":"Microsoft Compatibility Telemetry"},{"@Name":"Product","#text":"Microsoft® Windows® Operating System"},{"@Name":"Company","#text":"Microsoft Corporation"},{"@Name":"OriginalFileName","#text":"CompatTelRunner.exe"},{"@Name":"CommandLine","#text":"C:\\Windows\\system32\\compattelrunner.exe -m:GeneralTel.dll -f:RunGeneralTelemetry  -cV xC5PhwmKIk+E8S9Y.1.1 -SendFullTelemetry -ThrottleUtc"},{"@Name":"CurrentDirectory","#text":"C:\\Windows\\system32\\"},{"@Name":"User","#text":"NT AUTHORITY\\SYSTEM"},{"@Name":"LogonGuid","#text":"dbf410b3-2d3e-671a-e703-000000000000"},{"@Name":"LogonId","#text":"0x3E7"},{"@Name":"TerminalSessionId","#text":"0"},{"@Name":"IntegrityLevel","#text":"System"},{"@Name":"Hashes","#text":"SHA256=5CCA3A57852EE2176D5EF24307BEEC478567C5BA729CB02469230568B309CB18"},{"@Name":"ParentProcessGuid","#text":"00000000-0000-0000-0000-000000000000"},{"@Name":"ParentProcessId","#text":"1984"},{"@Name":"ParentImage","#text":"-"},{"@Name":"ParentCommandLine","#text":"-"},{"@Name":"ParentUser","#text":"-"}]}}}
{"Event":{"System":{"Provider":{"@Name":"Microsoft-Windows-Sysmon","@Guid":"5770385f-c22a-43e0-bf4c-06f5698ffbd9"},"EventID":"1","Version":"5","Level":"4","Task":"1","Opcode":"0","Keywords":"0x8000000000000000","TimeCreated":{"@SystemTime":"2024-10-24 09:22:42.1249277"},"EventRecordID":"18069","Correlation":null,"Execution":{"@ProcessID":"2384","@ThreadID":"3952"},"Channel":"Microsoft-Windows-Sysmon/Operational","Computer":"Server002","Security":{"@UserID":"S-1-5-18"}},"EventData":{"Data":[{"@Name":"RuleName","#text":"-"},{"@Name":"UtcTime","#text":"2024-10-24 09:22:42.119"},{"@Name":"ProcessGuid","#text":"dbf410b3-11e2-671a-0101-000000003900"},{"@Name":"ProcessId","#text":"4288"},{"@Name":"Image","#text":"C:\\Windows\\System32\\svchost.exe"},{"@Name":"FileVersion","#text":"10.0.19041.4355 (WinBuild.160101.0800)"},{"@Name":"Description","#text":"Host Process for Windows Services"},{"@Name":"Product","#text":"Microsoft® Windows® Operating System"},{"@Name":"Company","#text":"Microsoft Corporation"},{"@Name":"OriginalFileName","#text":"svchost.exe"},{"@Name":"CommandLine","#text":"C:\\Windows\\System32\\svchost.exe -k smphost"},{"@Name":"CurrentDirectory","#text":"C:\\Windows\\system32\\"},{"@Name":"User","#text":"NT AUTHORITY\\NETWORK SERVICE"},{"@Name":"LogonGuid","#text":"dbf410b3-2d3e-671a-e403-000000000000"},{"@Name":"LogonId","#text":"0x3E4"},{"@Name":"TerminalSessionId","#text":"0"},{"@Name":"IntegrityLevel","#text":"System"},{"@Name":"Hashes","#text":"SHA256=6FC3BF1FDFD76860BE782554F8D25BD32F108DB934D70F4253F1E5F23522E503"},{"@Name":"ParentProcessGuid","#text":"00000000-0000-0000-0000-000000000000"},{"@Name":"ParentProcessId","#text":"668"},{"@Name":"ParentImage","#text":"-"},{"@Name":"ParentCommandLine","#text":"-"},{"@Name":"ParentUser","#text":"-"}]}}}
{"Event":{"System":{"Provider":{"@Name":"Microsoft-Windows-Sysmon","@Guid":"5770385f-c22a-43e0-bf4c-06f5698ffbd9"},"EventID":"1","Version":"5","Level":"4","Task":"1","Opcode":"0","Keywords":"0x8000000000000000","TimeCreated":{"@SystemTime":"2024-10-24 09:22:43.2147053"},"EventRecordID":"18070","Correlation":null,"Execution":{"@ProcessID":"2384","@ThreadID":"3952"},"Channel":"Microsoft-Windows-Sysmon/Operational","Computer":"Server002","Security":{"@UserID":"S-1-5-18"}},"EventData":{"Data":[{"@Name":"RuleName","#text":"-"},{"@Name":"UtcTime","#text":"2024-10-24 09:22:43.208"},{"@Name":"ProcessGuid","#text":"dbf410b3-11e3-671a-0201-000000003900"},{"@Name":"ProcessId","#text":"2432"},{"@Name":"Image","#text":"C:\\Windows\\System32\\wbem\\WmiPrvSE.exe"},{"@Name":"FileVersion","#text":"10.0.19041.3636 (WinBuild.160101.0800)"},{"@Name":"Description","#text":"WMI Provider Host"},{"@Name":"Product","#text":"Microsoft® Windows® Operating System"},{"@Name":"Company","#text":"Microsoft Corporation"},{"@Name":"OriginalFileName","#text":"Wmiprvse.exe"},{"@Name":"CommandLine","#text":"C:\\Windows\\system32\\wbem\\wmiprvse.exe -Embedding"},{"@Name":"CurrentDirectory","#text":"C:\\Windows\\system32\\"},{"@Name":"User","#text":"NT AUTHORITY\\SYSTEM"},{"@Name":"LogonGuid","#text":"dbf410b3-2d3e-671a-e703-000000000000"},{"@Name":"LogonId","#text":"0x3E7"},{"@Name":"TerminalSessionId","#text":"0"},{"@Name":"IntegrityLevel","#text":"System"},{"@Name":"Hashes","#text":"SHA256=8BBDEAD7357AF7BF0EFE397F9FD7E0EC578755EB8BDBAA65AE4F28EF00087AD5"},{"@Name":"ParentProcessGuid","#text":"00000000-0000-0000-0000-000000000000"},{"@Name":"ParentProcessId","#text":"780"},{"@Name":"ParentImage","#text":"-"},{"@Name":"ParentCommandLine","#text":"-"},{"@Name":"ParentUser","#text":"-"}]}}}
