{"Event":{"System":{"Provider":{"@Name":"Microsoft-Windows-Sysmon","@Guid":"5770385f-c22a-43e0-bf4c-06f5698ffbd9"},"EventID":"1","Version":"5","Level":"4","Task":"1","Opcode":"0","Keywords":"0x8000000000000000","TimeCreated":{"@SystemTime":"2024-10-28 10:11:07.0190173"},"EventRecordID":"18002","Correlation":null,"Execution":{"@ProcessID":"2148","@ThreadID":"3932"},"Channel":"Microsoft-Windows-Sysmon/Operational","Computer":"Server002","Security":{"@UserID":"S-1-5-18"}},"EventData":{"Data":[{"@Name":"RuleName","#text":"-"},{"@Name":"UtcTime","#text":"2024-10-28 10:11:07.012"},{"@Name":"ProcessGuid","#text":"dbf410b3-633b-671f-d900-000000003900"},{"@Name":"ProcessId","#text":"5936"},{"@Name":"Image","#text":"C:\\Windows\\System32\\reg.exe"},{"@Name":"FileVersion","#text":"10.0.19041.1 (WinBuild.160101.0800)"},{"@Name":"Description","#text":"Registry Console Tool"},{"@Name":"Product","#text":"Microsoft® Windows® Operating System"},{"@Name":"Company","#text":"Microsoft Corporation"},{"@Name":"OriginalFileName","#text":"reg.exe"},{"@Name":"CommandLine","#text":"reg  add \"HKLM\\Software\\Policies\\Microsoft\\Windows Defender\\SpyNet\" /v \"SpynetReporting\" /t REG_DWORD /d \"0\" /f  "},{"@Name":"CurrentDirectory","#text":"C:\\Users\\ADMIN_~1\\AppData\\Local\\Temp\\"},{"@Name":"User","#text":"SERVER002\\admin_test"},{"@Name":"LogonGuid","#text":"dbf410b3-6335-671f-72c7-120000000000"},{"@Name":"LogonId","#text":"0x12C772"},{"@Name":"TerminalSessionId","#text":"0"},{"@Name":"IntegrityLevel","#text":"High"},{"@Name":"Hashes","#text":"SHA256=C0E25B1F9B22DE445298C1E96DDFCEAD265CA030FA6626F61A4A4786CC4A3B7D"},{"@Name":"ParentProcessGuid","#text":"dbf410b3-633a-671f-cb00-000000003900"},{"@Name":"ParentProcessId","#text":"3828"},{"@Name":"ParentImage","#text":"C:\\Windows\\System32\\cmd.exe"},{"@Name":"ParentCommandLine","#text":"\"cmd.exe\" /c reg add \"HKLM\\Software\\Policies\\Microsoft\\Windows Defender\" /v \"DisableAntiSpyware\" /t REG_DWORD /d \"1\" /f &gt;NUL 2&gt;nul &amp; reg add \"HKLM\\Software\\Policies\\Microsoft\\Windows Defender\" /v \"DisableAntiVirus\" /t REG_DWORD /d \"1\" /f &gt;NUL 2&gt;nul &amp; reg add \"HKLM\\Software\\Policies\\Microsoft\\Windows Defender\\Real-Time Protection\" /v \"DisableBehaviorMonitoring\" /t REG_DWORD /d \"1\" /f &gt;NUL 2&gt;nul &amp; reg add \"HKLM\\Software\\Policies\\Microsoft\\Windows Defender\\Real-Time Protection\" /v \"DisableIntrusionPreventionSystem\" /t REG_DWORD /d \"1\" /f &gt;NUL 2&gt;nul &amp; reg add \"HKLM\\Software\\Policies\\Microsoft\\Windows Defender\\Real-Time Protection\" /v \"DisableIOAVProtection\" /t REG_DWORD /d \"1\" /f &gt;NUL 2&gt;nul &amp; reg add \"HKLM\\Software\\Policies\\Microsoft\\Windows Defender\\Real-Time Protection\" /v \"DisableOnAccessProtection\" /t REG_DWORD /d \"1\" /f &gt;NUL 2&gt;nul &amp; reg add \"HKLM\\Software\\Policies\\Microsoft\\Windows Defender\\Real-Time Protection\" /v \"DisableRealtimeMonitoring\" /t REG_DWORD /d \"1\" /f &gt;NUL 2&gt;nul &amp; reg add \"HKLM\\Software\\Policies\\Microsoft\\Windows Defender\\Real-Time Protection\" /v \"DisableRoutinelyTakingAction\" /t REG_DWORD /d \"1\" /f &gt;NUL 2&gt;nul &amp; reg add \"HKLM\\Software\\Policies\\Microsoft\\Windows Defender\\Real-Time Protection\" /v \"DisableScanOnRealtimeEnable\" /t REG_DWORD /d \"1\" /f &gt;NUL 2&gt;nul &amp; reg add \"HKLM\\Software\\Policies\\Microsoft\\Windows Defender\\Real-Time Protection\" /v \"DisableScriptScanning\" /t REG_DWORD /d \"1\" /f &gt;NUL 2&gt;nul &amp; reg add \"HKLM\\Software\\Policies\\Microsoft\\Windows Defender\\Reporting\" /v \"DisableEnhancedNotifications\" /t REG_DWORD /d \"1\" /f &gt;NUL 2&gt;nul  &amp; reg add \"HKLM\\Software\\Policies\\Microsoft\\Windows Defender\\SpyNet\" /v \"DisableBlockAtFirstSeen\" /t REG_DWORD /d \"1\" /f &gt;NUL 2&gt;nul &amp; reg add \"HKLM\\Software\\Policies\\Microsoft\\Windows Defender\\SpyNet\" /v \"SpynetReporting\" /t REG_DWORD /d \"0\" /f &gt;NUL 2&gt;nul &amp; reg add \"HKLM\\Software\\Policies\\Microsoft\\Windows Defender\\MpEngine\" /v \"MpEnablePus\" /t REG_DWORD /d \"0\" /f &gt;NUL 2&gt;nul &amp; reg add \"HKLM\\SOFTWARE\\Policies\\Microsoft\\Windows Defender Security Center\\App and Browser protection\" /v \"DisallowExploitProtectionOverride\" /t REG_DWORD /d \"0\" /f &gt;NUL 2&gt;nul &amp; reg add \"HKLM\\SOFTWARE\\Microsoft\\Windows Defender\\Features\" /v \"TamperProtection\"  /t REG_DWORD /d \"0\" /f &gt;NUL 2&gt;nul &amp; reg add \"HKLM\\software\\microsoft\\windows defender\\spynet\" /v \"SubmitSamplesConsent\" /t REG_DWORD /d \"0\" /f &gt;NUL 2&gt;nul &amp; reg add \"HKLM\\Software\\Microsoft\\Windows Defender\" /v \"PUAProtection\" /t REG_DWORD /d \"0\" /f &gt;NUL 2&gt;nul"},{"@Name":"ParentUser","#text":"SERVER002\\admin_test"}]}}}
{"Event":{"System":{"Provider":{"@Name":"Microsoft-Windows-Sysmon","@Guid":"5770385f-c22a-43e0-bf4c-06f5698ffbd9"},"EventID":"5","Version":"3","Level":"4","Task":"5","Opcode":"0","Keywords":"0x8000000000000000","TimeCreated":{"@SystemTime":"2024-10-28 10:11:07.0252805"},"EventRecordID":"18003","Correlation":null,"Execution":{"@ProcessID":"2148","@ThreadID":"3932"},"Channel":"Microsoft-Windows-Sysmon/Operational","Computer":"Server002","Security":{"@UserID":"S-1-5-18"}},"EventData":{"Data":[{"@Name":"RuleName","#text":"-"},{"@Name":"UtcTime","#text":"2024-10-28 10:11:07.010"},{"@Name":"ProcessGuid","#text":"dbf410b3-633b-671f-d900-000000003900"},{"@Name":"ProcessId","#text":"5936"},{"@Name":"Image","#text":"C:\\Windows\\system32\\reg.exe"},{"@Name":"User","#text":"SERVER002\\admin_test"}]}}}
{"Event":{"System":{"Provider":{"@Name":"Microsoft-Windows-Sysmon","@Guid":"5770385f-c22a-43e0-bf4c-06f5698ffbd9"},"EventID":"1","Version":"5","Level":"4","Task":"1","Opcode":"0","Keywords":"0x8000000000000000","TimeCreated":{"@SystemTime":"2024-10-28 10:11:07.0358103"},"EventRecordID":"18004","Correlation":null,"Execution":{"@ProcessID":"2148","@ThreadID":"3932"},"Channel":"Microsoft-Windows-Sysmon/Operational","Computer":"Server002","Security":{"@UserID":"S-1-5-18"}},"EventData":{"Data":[{"@Name":"RuleName","#text":"-"},{"@Name":"UtcTime","#text":"2024-10-28 10:11:07.027"},{"@Name":"ProcessGuid","#text":"dbf410b3-633b-671f-da00-000000003900"},{"@Name":"ProcessId","#text":"5632"},{"@Name":"Image","#text":"C:\\Windows\\System32\\reg.exe"},{"@Name":"FileVersion","#text":"10.0.19041.1 (WinBuild.160101.0800)"},{"@Name":"Description","#text":"Registry Console Tool"},{"@Name":"Product","#text":"Microsoft® Windows® Operating System"},{"@Name":"Company","#text":"Microsoft Corporation"},{"@Name":"OriginalFileName","#text":"reg.exe"},{"@Name":"CommandLine","#text":"reg  add \"HKLM\\Software\\Policies\\Microsoft\\Windows Defender\\MpEngine\" /v \"MpEnablePus\" /t REG_DWORD /d \"0\" /f  "},{"@Name":"CurrentDirectory","#text":"C:\\Users\\ADMIN_~1\\AppData\\Local\\Temp\\"},{"@Name":"User","#text":"SERVER002\\admin_test"},{"@Name":"LogonGuid","#text":"dbf410b3-6335-671f-72c7-120000000000"},{"@Name":"LogonId","#text":"0x12C772"},{"@Name":"TerminalSessionId","#text":"0"},{"@Name":"IntegrityLevel","#text":"High"},{"@Name":"Hashes","#text":"SHA256=C0E25B1F9B22DE445298C1E96DDFCEAD265CA030FA6626F61A4A4786CC4A3B7D"},{"@Name":"ParentProcessGuid","#text":"dbf410b3-633a-671f-cb00-000000003900"},{"@Name":"ParentProcessId","#text":"3828"},{"@Name":"ParentImage","#text":"C:\\Windows\\System32\\cmd.exe"},{"@Name":"ParentCommandLine","#text":"\"cmd.exe\" /c reg add \"HKLM\\Software\\Policies\\Microsoft\\Windows Defender\" /v \"DisableAntiSpyware\" /t REG_DWORD /d \"1\" /f &gt;NUL 2&gt;nul &amp; reg add \"HKLM\\Software\\Policies\\Microsoft\\Windows Defender\" /v \"DisableAntiVirus\" /t REG_DWORD /d \"1\" /f &gt;NUL 2&gt;nul &amp; reg add \"HKLM\\Software\\Policies\\Microsoft\\Windows Defender\\Real-Time Protection\" /v \"DisableBehaviorMonitoring\" /t REG_DWORD /d \"1\" /f &gt;NUL 2&gt;nul &amp; reg add \"HKLM\\Software\\Policies\\Microsoft\\Windows Defender\\Real-Time Protection\" /v \"DisableIntrusionPreventionSystem\" /t REG_DWORD /d \"1\" /f &gt;NUL 2&gt;nul &amp; reg add \"HKLM\\Software\\Policies\\Microsoft\\Windows Defender\\Real-Time Protection\" /v \"DisableIOAVProtection\" /t REG_DWORD /d \"1\" /f &gt;NUL 2&gt;nul &amp; reg add \"HKLM\\Software\\Policies\\Microsoft\\Windows Defender\\Real-Time Protection\" /v \"DisableOnAccessProtection\" /t REG_DWORD /d \"1\" /f &gt;NUL 2&gt;nul &amp; reg add \"HKLM\\Software\\Policies\\Microsoft\\Windows Defender\\Real-Time Protection\" /v \"DisableRealtimeMonitoring\" /t REG_DWORD /d \"1\" /f &gt;NUL 2&gt;nul &amp; reg add \"HKLM\\Software\\Policies\\Microsoft\\Windows Defender\\Real-Time Protection\" /v \"DisableRoutinelyTakingAction\" /t REG_DWORD /d \"1\" /f &gt;NUL 2&gt;nul &amp; reg add \"HKLM\\Software\\Policies\\Microsoft\\Windows Defender\\Real-Time Protection\" /v \"DisableScanOnRealtimeEnable\" /t REG_DWORD /d \"1\" /f &gt;NUL 2&gt;nul &amp; reg add \"HKLM\\Software\\Policies\\Microsoft\\Windows Defender\\Real-Time Protection\" /v \"DisableScriptScanning\" /t REG_DWORD /d \"1\" /f &gt;NUL 2&gt;nul &amp; reg add \"HKLM\\Software\\Policies\\Microsoft\\Windows Defender\\Reporting\" /v \"DisableEnhancedNotifications\" /t REG_DWORD /d \"1\" /f &gt;NUL 2&gt;nul  &amp; reg add \"HKLM\\Software\\Policies\\Microsoft\\Windows Defender\\SpyNet\" /v \"DisableBlockAtFirstSeen\" /t REG_DWORD /d \"1\" /f &gt;NUL 2&gt;nul &amp; reg add \"HKLM\\Software\\Policies\\Microsoft\\Windows Defender\\SpyNet\" /v \"SpynetReporting\" /t REG_DWORD /d \"0\" /f &gt;NUL 2&gt;nul &amp; reg add \"HKLM\\Software\\Policies\\Microsoft\\Windows Defender\\MpEngine\" /v \"MpEnablePus\" /t REG_DWORD /d \"0\" /f &gt;NUL 2&gt;nul &amp; reg add \"HKLM\\SOFTWARE\\Policies\\Microsoft\\Windows Defender Security Center\\App and Browser protection\" /v \"DisallowExploitProtectionOverride\" /t REG_DWORD /d \"0\" /f &gt;NUL 2&gt;nul &amp; reg add \"HKLM\\SOFTWARE\\Microsoft\\Windows Defender\\Features\" /v \"TamperProtection\"  /t REG_DWORD /d \"0\" /f &gt;NUL 2&gt;nul &amp; reg add \"HKLM\\software\\microsoft\\windows defender\\spynet\" /v \"SubmitSamplesConsent\" /t REG_DWORD /d \"0\" /f &gt;NUL 2&gt;nul &amp; reg add \"HKLM\\Software\\Microsoft\\Windows Defender\" /v \"PUAProtection\" /t REG_DWORD /d \"0\" /f &gt;NUL 2&gt;nul"},{"@Name":"ParentUser","#text":"SERVER002\\admin_test"}]}}}
{"Event":{"System":{"Provider":{"@Name":"Microsoft-Windows-Sysmon","@Guid":"5770385f-c22a-43e0-bf4c-06f5698ffbd9"},"EventID":"5","Version":"3","Level":"4","Task":"5","Opcode":"0","Keywords":"0x8000000000000000","TimeCreated":{"@SystemTime":"2024-10-28 10:11:07.0439163"},"EventRecordID":"18005","Correlation":null,"Execution":{"@ProcessID":"2148","@ThreadID":"3932"},"Channel":"Microsoft-Windows-Sysmon/Operational","Computer":"Server002","Security":{"@UserID":"S-1-5-18"}},"EventData":{"Data":[{"@Name":"RuleName","#text":"-"},{"@Name":"UtcTime","#text":"2024-10-28 10:11:07.040"},{"@Name":"ProcessGuid","#text":"dbf410b3-633b-671f-da00-000000003900"},{"@Name":"ProcessId","#text":"5632"},{"@Name":"Image","#text":"C:\\Windows\\System32\\reg.exe"},{"@Name":"User","#text":"SERVER002\\admin_test"}]}}}
{"Event":{"System":{"Provider":{"@Name":"Microsoft-Windows-Sysmon","@Guid":"5770385f-c22a-43e0-bf4c-06f5698ffbd9"},"EventID":"1","Version":"5","Level":"4","Task":"1","Opcode":"0","Keywords":"0x8000000000000000","TimeCreated":{"@SystemTime":"2024-10-28 10:11:07.0519210"},"EventRecordID":"18006","Correlation":null,"Execution":{"@ProcessID":"2148","@ThreadID":"3932"},"Channel":"Microsoft-Windows-Sysmon/Operational","Computer":"Server002","Security":{"@UserID":"S-1-5-18"}},"EventData":{"Data":[{"@Name":"RuleName","#text":"-"},{"@Name":"UtcTime","#text":"2024-10-28 10:11:07.046"},{"@Name":"ProcessGuid","#text":"dbf410b3-633b-671f-db00-000000003900"},{"@Name":"ProcessId","#text":"5608"},{"@Name":"Image","#text":"C:\\Windows\\System32\\reg.exe"},{"@Name":"FileVersion","#text":"10.0.19041.1 (WinBuild.160101.0800)"},{"@Name":"Description","#text":"Registry Console Tool"},{"@Name":"Product","#text":"Microsoft® Windows® Operating System"},{"@Name":"Company","#text":"Microsoft Corporation"},{"@Name":"OriginalFileName","#text":"reg.exe"},{"@Name":"CommandLine","#text":"reg  add \"HKLM\\SOFTWARE\\Policies\\Microsoft\\Windows Defender Security Center\\App and Browser protection\" /v \"DisallowExploitProtectionOverride\" /t REG_DWORD /d \"0\" /f  "},{"@Name":"CurrentDirectory","#text":"C:\\Users\\ADMIN_~1\\AppData\\Local\\Temp\\"},{"@Name":"User","#text":"SERVER002\\admin_test"},{"@Name":"LogonGuid","#text":"dbf410b3-6335-671f-72c7-120000000000"},{"@Name":"LogonId","#text":"0x12C772"},{"@Name":"TerminalSessionId","#text":"0"},{"@Name":"IntegrityLevel","#text":"High"},{"@Name":"Hashes","#text":"SHA256=C0E25B1F9B22DE445298C1E96DDFCEAD265CA030FA6626F61A4A4786CC4A3B7D"},{"@Name":"ParentProcessGuid","#text":"dbf410b3-633a-671f-cb00-000000003900"},{"@Name":"ParentProcessId","#text":"3828"},{"@Name":"ParentImage","#text":"C:\\Windows\\System32\\cmd.exe"},{"@Name":"ParentCommandLine","#text":"\"cmd.exe\" /c reg add \"HKLM\\Software\\Policies\\Microsoft\\Windows Defender\" /v \"DisableAntiSpyware\" /t REG_DWORD /d \"1\" /f &gt;NUL 2&gt;nul &amp; reg add \"HKLM\\Software\\Policies\\Microsoft\\Windows Defender\" /v \"DisableAntiVirus\" /t REG_DWORD /d \"1\" /f &gt;NUL 2&gt;nul &amp; reg add \"HKLM\\Software\\Policies\\Microsoft\\Windows Defender\\Real-Time Protection\" /v \"DisableBehaviorMonitoring\" /t REG_DWORD /d \"1\" /f &gt;NUL 2&gt;nul &amp; reg add \"HKLM\\Software\\Policies\\Microsoft\\Windows Defender\\Real-Time Protection\" /v \"DisableIntrusionPreventionSystem\" /t REG_DWORD /d \"1\" /f &gt;NUL 2&gt;nul &amp; reg add \"HKLM\\Software\\Policies\\Microsoft\\Windows Defender\\Real-Time Protection\" /v \"DisableIOAVProtection\" /t REG_DWORD /d \"1\" /f &gt;NUL 2&gt;nul &amp; reg add \"HKLM\\Software\\Policies\\Microsoft\\Windows Defender\\Real-Time Protection\" /v \"DisableOnAccessProtection\" /t REG_DWORD /d \"1\" /f &gt;NUL 2&gt;nul &amp; reg add \"HKLM\\Software\\Policies\\Microsoft\\Windows Defender\\Real-Time Protection\" /v \"DisableRealtimeMonitoring\" /t REG_DWORD /d \"1\" /f &gt;NUL 2&gt;nul &amp; reg add \"HKLM\\Software\\Policies\\Microsoft\\Windows Defender\\Real-Time Protection\" /v \"DisableRoutinelyTakingAction\" /t REG_DWORD /d \"1\" /f &gt;NUL 2&gt;nul &amp; reg add \"HKLM\\Software\\Policies\\Microsoft\\Windows Defender\\Real-Time Protection\" /v \"DisableScanOnRealtimeEnable\" /t REG_DWORD /d \"1\" /f &gt;NUL 2&gt;nul &amp; reg add \"HKLM\\Software\\Policies\\Microsoft\\Windows Defender\\Real-Time Protection\" /v \"DisableScriptScanning\" /t REG_DWORD /d \"1\" /f &gt;NUL 2&gt;nul &amp; reg add \"HKLM\\Software\\Policies\\Microsoft\\Windows Defender\\Reporting\" /v \"DisableEnhancedNotifications\" /t REG_DWORD /d \"1\" /f &gt;NUL 2&gt;nul  &amp; reg add \"HKLM\\Software\\Policies\\Microsoft\\Windows Defender\\SpyNet\" /v \"DisableBlockAtFirstSeen\" /t REG_DWORD /d \"1\" /f &gt;NUL 2&gt;nul &amp; reg add \"HKLM\\Software\\Policies\\Microsoft\\Windows Defender\\SpyNet\" /v \"SpynetReporting\" /t REG_DWORD /d \"0\" /f &gt;NUL 2&gt;nul &amp; reg add \"HKLM\\Software\\Policies\\Microsoft\\Windows Defender\\MpEngine\" /v \"MpEnablePus\" /t REG_DWORD /d \"0\" /f &gt;NUL 2&gt;nul &amp; reg add \"HKLM\\SOFTWARE\\Policies\\Microsoft\\Windows Defender Security Center\\App and Browser protection\" /v \"DisallowExploitProtectionOverride\" /t REG_DWORD /d \"0\" /f &gt;NUL 2&gt;nul &amp; reg add \"HKLM\\SOFTWARE\\Microsoft\\Windows Defender\\Features\" /v \"TamperProtection\"  /t REG_DWORD /d \"0\" /f &gt;NUL 2&gt;nul &amp; reg add \"HKLM\\software\\microsoft\\windows defender\\spynet\" /v \"SubmitSamplesConsent\" /t REG_DWORD /d \"0\" /f &gt;NUL 2&gt;nul &amp; reg add \"HKLM\\Software\\Microsoft\\Windows Defender\" /v \"PUAProtection\" /t REG_DWORD /d \"0\" /f &gt;NUL 2&gt;nul"},{"@Name":"ParentUser","#text":"SERVER002\\admin_test"}]}}}
{"Event":{"System":{"Provider":{"@Name":"Microsoft-Windows-Sysmon","@Guid":"5770385f-c22a-43e0-bf4c-06f5698ffbd9"},"EventID":"5","Version":"3","Level":"4","Task":"5","Opcode":"0","Keywords":"0x8000000000000000","TimeCreated":{"@SystemTime":"2024-10-28 10:11:07.0588118"},"EventRecordID":"18007","Correlation":null,"Execution":{"@ProcessID":"2148","@ThreadID":"3932"},"Channel":"Microsoft-Windows-Sysmon/Operational","Computer":"Server002","Security":{"@UserID":"S-1-5-18"}},"EventData":{"Data":[{"@Name":"RuleName","#text":"-"},{"@Name":"UtcTime","#text":"2024-10-28 10:11:07.055"},{"@Name":"ProcessGuid","#text":"dbf410b3-633b-671f-db00-000000003900"},{"@Name":"ProcessId","#text":"5608"},{"@Name":"Image","#text":"C:\\Windows\\System32\\reg.exe"},{"@Name":"User","#text":"SERVER002\\admin_test"}]}}}
{"Event":{"System":{"Provider":{"@Name":"Microsoft-Windows-Sysmon","@Guid":"5770385f-c22a-43e0-bf4c-06f5698ffbd9"},"EventID":"1","Version":"5","Level":"4","Task":"1","Opcode":"0","Keywords":"0x8000000000000000","TimeCreated":{"@SystemTime":"2024-10-28 10:11:07.0695015"},"EventRecordID":"18008","Correlation":null,"Execution":{"@ProcessID":"2148","@ThreadID":"3932"},"Channel":"Microsoft-Windows-Sysmon/Operational","Computer":"Server002","Security":{"@UserID":"S-1-5-18"}},"EventData":{"Data":[{"@Name":"RuleName","#text":"-"},{"@Name":"UtcTime","#text":"2024-10-28 10:11:07.062"},{"@Name":"ProcessGuid","#text":"dbf410b3-633b-671f-dc00-000000003900"},{"@Name":"ProcessId","#text":"5604"},{"@Name":"Image","#text":"C:\\Windows\\System32\\reg.exe"},{"@Name":"FileVersion","#text":"10.0.19041.1 (WinBuild.160101.0800)"},{"@Name":"Description","#text":"Registry Console Tool"},{"@Name":"Product","#text":"Microsoft® Windows® Operating System"},{"@Name":"Company","#text":"Microsoft Corporation"},{"@Name":"OriginalFileName","#text":"reg.exe"},{"@Name":"CommandLine","#text":"reg  add \"HKLM\\SOFTWARE\\Microsoft\\Windows Defender\\Features\" /v \"TamperProtection\"  /t REG_DWORD /d \"0\" /f  "},{"@Name":"CurrentDirectory","#text":"C:\\Users\\ADMIN_~1\\AppData\\Local\\Temp\\"},{"@Name":"User","#text":"SERVER002\\admin_test"},{"@Name":"LogonGuid","#text":"dbf410b3-6335-671f-72c7-120000000000"},{"@Name":"LogonId","#text":"0x12C772"},{"@Name":"TerminalSessionId","#text":"0"},{"@Name":"IntegrityLevel","#text":"High"},{"@Name":"Hashes","#text":"SHA256=C0E25B1F9B22DE445298C1E96DDFCEAD265CA030FA6626F61A4A4786CC4A3B7D"},{"@Name":"ParentProcessGuid","#text":"dbf410b3-633a-671f-cb00-000000003900"},{"@Name":"ParentProcessId","#text":"3828"},{"@Name":"ParentImage","#text":"C:\\Windows\\System32\\cmd.exe"},{"@Name":"ParentCommandLine","#text":"\"cmd.exe\" /c reg add \"HKLM\\Software\\Policies\\Microsoft\\Windows Defender\" /v \"DisableAntiSpyware\" /t REG_DWORD /d \"1\" /f &gt;NUL 2&gt;nul &amp; reg add \"HKLM\\Software\\Policies\\Microsoft\\Windows Defender\" /v \"DisableAntiVirus\" /t REG_DWORD /d \"1\" /f &gt;NUL 2&gt;nul &amp; reg add \"HKLM\\Software\\Policies\\Microsoft\\Windows Defender\\Real-Time Protection\" /v \"DisableBehaviorMonitoring\" /t REG_DWORD /d \"1\" /f &gt;NUL 2&gt;nul &amp; reg add \"HKLM\\Software\\Policies\\Microsoft\\Windows Defender\\Real-Time Protection\" /v \"DisableIntrusionPreventionSystem\" /t REG_DWORD /d \"1\" /f &gt;NUL 2&gt;nul &amp; reg add \"HKLM\\Software\\Policies\\Microsoft\\Windows Defender\\Real-Time Protection\" /v \"DisableIOAVProtection\" /t REG_DWORD /d \"1\" /f &gt;NUL 2&gt;nul &amp; reg add \"HKLM\\Software\\Policies\\Microsoft\\Windows Defender\\Real-Time Protection\" /v \"DisableOnAccessProtection\" /t REG_DWORD /d \"1\" /f &gt;NUL 2&gt;nul &amp; reg add \"HKLM\\Software\\Policies\\Microsoft\\Windows Defender\\Real-Time Protection\" /v \"DisableRealtimeMonitoring\" /t REG_DWORD /d \"1\" /f &gt;NUL 2&gt;nul &amp; reg add \"HKLM\\Software\\Policies\\Microsoft\\Windows Defender\\Real-Time Protection\" /v \"DisableRoutinelyTakingAction\" /t REG_DWORD /d \"1\" /f &gt;NUL 2&gt;nul &amp; reg add \"HKLM\\Software\\Policies\\Microsoft\\Windows Defender\\Real-Time Protection\" /v \"DisableScanOnRealtimeEnable\" /t REG_DWORD /d \"1\" /f &gt;NUL 2&gt;nul &amp; reg add \"HKLM\\Software\\Policies\\Microsoft\\Windows Defender\\Real-Time Protection\" /v \"DisableScriptScanning\" /t REG_DWORD /d \"1\" /f &gt;NUL 2&gt;nul &amp; reg add \"HKLM\\Software\\Policies\\Microsoft\\Windows Defender\\Reporting\" /v \"DisableEnhancedNotifications\" /t REG_DWORD /d \"1\" /f &gt;NUL 2&gt;nul  &amp; reg add \"HKLM\\Software\\Policies\\Microsoft\\Windows Defender\\SpyNet\" /v \"DisableBlockAtFirstSeen\" /t REG_DWORD /d \"1\" /f &gt;NUL 2&gt;nul &amp; reg add \"HKLM\\Software\\Policies\\Microsoft\\Windows Defender\\SpyNet\" /v \"SpynetReporting\" /t REG_DWORD /d \"0\" /f &gt;NUL 2&gt;nul &amp; reg add \"HKLM\\Software\\Policies\\Microsoft\\Windows Defender\\MpEngine\" /v \"MpEnablePus\" /t REG_DWORD /d \"0\" /f &gt;NUL 2&gt;nul &amp; reg add \"HKLM\\SOFTWARE\\Policies\\Microsoft\\Windows Defender Security Center\\App and Browser protection\" /v \"DisallowExploitProtectionOverride\" /t REG_DWORD /d \"0\" /f &gt;NUL 2&gt;nul &amp; reg add \"HKLM\\SOFTWARE\\Microsoft\\Windows Defender\\Features\" /v \"TamperProtection\"  /t REG_DWORD /d \"0\" /f &gt;NUL 2&gt;nul &amp; reg add \"HKLM\\software\\microsoft\\windows defender\\spynet\" /v \"SubmitSamplesConsent\" /t REG_DWORD /d \"0\" /f &gt;NUL 2&gt;nul &amp; reg add \"HKLM\\Software\\Microsoft\\Windows Defender\" /v \"PUAProtection\" /t REG_DWORD /d \"0\" /f &gt;NUL 2&gt;nul"},{"@Name":"ParentUser","#text":"SERVER002\\admin_test"}]}}}
{"Event":{"System":{"Provider":{"@Name":"Microsoft-Windows-Sysmon","@Guid":"5770385f-c22a-43e0-bf4c-06f5698ffbd9"},"EventID":"5","Version":"3","Level":"4","Task":"5","Opcode":"0","Keywords":"0x8000000000000000","TimeCreated":{"@SystemTime":"2024-10-28 10:11:07.1475997"},"EventRecordID":"18009","Correlation":null,"Execution":{"@ProcessID":"2148","@ThreadID":"3932"},"Channel":"Microsoft-Windows-Sysmon/Operational","Computer":"Server002","Security":{"@UserID":"S-1-5-18"}},"EventData":{"Data":[{"@Name":"RuleName","#text":"-"},{"@Name":"UtcTime","#text":"2024-10-28 10:11:07.143"},{"@Name":"ProcessGuid","#text":"dbf410b3-633b-671f-dc00-000000003900"},{"@Name":"ProcessId","#text":"5604"},{"@Name":"Image","#text":"C:\\Windows\\System32\\reg.exe"},{"@Name":"User","#text":"SERVER002\\admin_test"}]}}}
{"Event":{"System":{"Provider":{"@Name":"Microsoft-Windows-Sysmon","@Guid":"5770385f-c22a-43e0-bf4c-06f5698ffbd9"},"EventID":"1","Version":"5","Level":"4","Task":"1","Opcode":"0","Keywords":"0x8000000000000000","TimeCreated":{"@SystemTime":"2024-10-28 10:11:07.1570259"},"EventRecordID":"18010","Correlation":null,"Execution":{"@ProcessID":"2148","@ThreadID":"3932"},"Channel":"Microsoft-Windows-Sysmon/Operational","Computer":"Server002","Security":{"@UserID":"S-1-5-18"}},"EventData":{"Data":[{"@Name":"RuleName","#text":"-"},{"@Name":"UtcTime","#text":"2024-10-28 10:11:07.149"},{"@Name":"ProcessGuid","#text":"dbf410b3-633b-671f-dd00-000000003900"},{"@Name":"ProcessId","#text":"4788"},{"@Name":"Image","#text":"C:\\Windows\\System32\\reg.exe"},{"@Name":"FileVersion","#text":"10.0.19041.1 (WinBuild.160101.0800)"},{"@Name":"Description","#text":"Registry Console Tool"},{"@Name":"Product","#text":"Microsoft® Windows® Operating System"},{"@Name":"Company","#text":"Microsoft Corporation"},{"@Name":"OriginalFileName","#text":"reg.exe"},{"@Name":"CommandLine","#text":"reg  add \"HKLM\\software\\microsoft\\windows defender\\spynet\" /v \"SubmitSamplesConsent\" /t REG_DWORD /d \"0\" /f  "},{"@Name":"CurrentDirectory","#text":"C:\\Users\\ADMIN_~1\\AppData\\Local\\Temp\\"},{"@Name":"User","#text":"SERVER002\\admin_test"},{"@Name":"LogonGuid","#text":"dbf410b3-6335-671f-72c7-120000000000"},{"@Name":"LogonId","#text":"0x12C772"},{"@Name":"TerminalSessionId","#text":"0"},{"@Name":"IntegrityLevel","#text":"High"},{"@Name":"Hashes","#text":"SHA256=C0E25B1F9B22DE445298C1E96DDFCEAD265CA030FA6626F61A4A4786CC4A3B7D"},{"@Name":"ParentProcessGuid","#text":"dbf410b3-633a-671f-cb00-000000003900"},{"@Name":"ParentProcessId","#text":"3828"},{"@Name":"ParentImage","#text":"C:\\Windows\\System32\\cmd.exe"},{"@Name":"ParentCommandLine","#text":"\"cmd.exe\" /c reg add \"HKLM\\Software\\Policies\\Microsoft\\Windows Defender\" /v \"DisableAntiSpyware\" /t REG_DWORD /d \"1\" /f &gt;NUL 2&gt;nul &amp; reg add \"HKLM\\Software\\Policies\\Microsoft\\Windows Defender\" /v \"DisableAntiVirus\" /t REG_DWORD /d \"1\" /f &gt;NUL 2&gt;nul &amp; reg add \"HKLM\\Software\\Policies\\Microsoft\\Windows Defender\\Real-Time Protection\" /v \"DisableBehaviorMonitoring\" /t REG_DWORD /d \"1\" /f &gt;NUL 2&gt;nul &amp; reg add \"HKLM\\Software\\Policies\\Microsoft\\Windows Defender\\Real-Time Protection\" /v \"DisableIntrusionPreventionSystem\" /t REG_DWORD /d \"1\" /f &gt;NUL 2&gt;nul &amp; reg add \"HKLM\\Software\\Policies\\Microsoft\\Windows Defender\\Real-Time Protection\" /v \"DisableIOAVProtection\" /t REG_DWORD /d \"1\" /f &gt;NUL 2&gt;nul &amp; reg add \"HKLM\\Software\\Policies\\Microsoft\\Windows Defender\\Real-Time Protection\" /v \"DisableOnAccessProtection\" /t REG_DWORD /d \"1\" /f &gt;NUL 2&gt;nul &amp; reg add \"HKLM\\Software\\Policies\\Microsoft\\Windows Defender\\Real-Time Protection\" /v \"DisableRealtimeMonitoring\" /t REG_DWORD /d \"1\" /f &gt;NUL 2&gt;nul &amp; reg add \"HKLM\\Software\\Policies\\Microsoft\\Windows Defender\\Real-Time Protection\" /v \"DisableRoutinelyTakingAction\" /t REG_DWORD /d \"1\" /f &gt;NUL 2&gt;nul &amp; reg add \"HKLM\\Software\\Policies\\Microsoft\\Windows Defender\\Real-Time Protection\" /v \"DisableScanOnRealtimeEnable\" /t REG_DWORD /d \"1\" /f &gt;NUL 2&gt;nul &amp; reg add \"HKLM\\Software\\Policies\\Microsoft\\Windows Defender\\Real-Time Protection\" /v \"DisableScriptScanning\" /t REG_DWORD /d \"1\" /f &gt;NUL 2&gt;nul &amp; reg add \"HKLM\\Software\\Policies\\Microsoft\\Windows Defender\\Reporting\" /v \"DisableEnhancedNotifications\" /t REG_DWORD /d \"1\" /f &gt;NUL 2&gt;nul  &amp; reg add \"HKLM\\Software\\Policies\\Microsoft\\Windows Defender\\SpyNet\" /v \"DisableBlockAtFirstSeen\" /t REG_DWORD /d \"1\" /f &gt;NUL 2&gt;nul &amp; reg add \"HKLM\\Software\\Policies\\Microsoft\\Windows Defender\\SpyNet\" /v \"SpynetReporting\" /t REG_DWORD /d \"0\" /f &gt;NUL 2&gt;nul &amp; reg add \"HKLM\\Software\\Policies\\Microsoft\\Windows Defender\\MpEngine\" /v \"MpEnablePus\" /t REG_DWORD /d \"0\" /f &gt;NUL 2&gt;nul &amp; reg add \"HKLM\\SOFTWARE\\Policies\\Microsoft\\Windows Defender Security Center\\App and Browser protection\" /v \"DisallowExploitProtectionOverride\" /t REG_DWORD /d \"0\" /f &gt;NUL 2&gt;nul &amp; reg add \"HKLM\\SOFTWARE\\Microsoft\\Windows Defender\\Features\" /v \"TamperProtection\"  /t REG_DWORD /d \"0\" /f &gt;NUL 2&gt;nul &amp; reg add \"HKLM\\software\\microsoft\\windows defender\\spynet\" /v \"SubmitSamplesConsent\" /t REG_DWORD /d \"0\" /f &gt;NUL 2&gt;nul &amp; reg add \"HKLM\\Software\\Microsoft\\Windows Defender\" /v \"PUAProtection\" /t REG_DWORD /d \"0\" /f &gt;NUL 2&gt;nul"},{"@Name":"ParentUser","#text":"SERVER002\\admin_test"}]}}}
{"Event":{"System":{"Provider":{"@Name":"Microsoft-Windows-Sysmon","@Guid":"5770385f-c22a-43e0-bf4c-06f5698ffbd9"},"EventID":"5","Version":"3","Level":"4","Task":"5","Opcode":"0","Keywords":"0x8000000000000000","TimeCreated":{"@SystemTime":"2024-10-28 10:11:07.1684664"},"EventRecordID":"18011","Correlation":null,"Execution":{"@ProcessID":"2148","@ThreadID":"3932"},"Channel":"Microsoft-Windows-Sysmon/Operational","Computer":"Server002","Security":{"@UserID":"S-1-5-18"}},"EventData":{"Data":[{"@Name":"RuleName","#text":"-"},{"@Name":"UtcTime","#text":"2024-10-28 10:11:07.143"},{"@Name":"ProcessGuid","#text":"dbf410b3-633b-671f-dd00-000000003900"},{"@Name":"ProcessId","#text":"4788"},{"@Name":"Image","#text":"C:\\Windows\\system32\\reg.exe"},{"@Name":"User","#text":"SERVER002\\admin_test"}]}}}
{"Event":{"System":{"Provider":{"@Name":"Microsoft-Windows-Sysmon","@Guid":"5770385f-c22a-43e0-bf4c-06f5698ffbd9"},"EventID":"1","Version":"5","Level":"4","Task":"1","Opcode":"0","Keywords":"0x8000000000000000","TimeCreated":{"@SystemTime":"2024-10-28 10:11:07.1782404"},"EventRecordID":"18012","Correlation":null,"Execution":{"@ProcessID":"2148","@ThreadID":"3932"},"Channel":"Microsoft-Windows-Sysmon/Operational","Computer":"Server002","Security":{"@UserID":"S-1-5-18"}},"EventData":{"Data":[{"@Name":"RuleName","#text":"-"},{"@Name":"UtcTime","#text":"2024-10-28 10:11:07.171"},{"@Name":"ProcessGuid","#text":"dbf410b3-633b-671f-de00-000000003900"},{"@Name":"ProcessId","#text":"5700"},{"@Name":"Image","#text":"C:\\Windows\\System32\\reg.exe"},{"@Name":"FileVersion","#text":"10.0.19041.1 (WinBuild.160101.0800)"},{"@Name":"Description","#text":"Registry Console Tool"},{"@Name":"Product","#text":"Microsoft® Windows® Operating System"},{"@Name":"Company","#text":"Microsoft Corporation"},{"@Name":"OriginalFileName","#text":"reg.exe"},{"@Name":"CommandLine","#text":"reg  add \"HKLM\\Software\\Microsoft\\Windows Defender\" /v \"PUAProtection\" /t REG_DWORD /d \"0\" /f "},{"@Name":"CurrentDirectory","#text":"C:\\Users\\ADMIN_~1\\AppData\\Local\\Temp\\"},{"@Name":"User","#text":"SERVER002\\admin_test"},{"@Name":"LogonGuid","#text":"dbf410b3-6335-671f-72c7-120000000000"},{"@Name":"LogonId","#text":"0x12C772"},{"@Name":"TerminalSessionId","#text":"0"},{"@Name":"IntegrityLevel","#text":"High"},{"@Name":"Hashes","#text":"SHA256=C0E25B1F9B22DE445298C1E96DDFCEAD265CA030FA6626F61A4A4786CC4A3B7D"},{"@Name":"ParentProcessGuid","#text":"dbf410b3-633a-671f-cb00-000000003900"},{"@Name":"ParentProcessId","#text":"3828"},{"@Name":"ParentImage","#text":"C:\\Windows\\System32\\cmd.exe"},{"@Name":"ParentCommandLine","#text":"\"cmd.exe\" /c reg add \"HKLM\\Software\\Policies\\Microsoft\\Windows Defender\" /v \"DisableAntiSpyware\" /t REG_DWORD /d \"1\" /f &gt;NUL 2&gt;nul &amp; reg add \"HKLM\\Software\\Policies\\Microsoft\\Windows Defender\" /v \"DisableAntiVirus\" /t REG_DWORD /d \"1\" /f &gt;NUL 2&gt;nul &amp; reg add \"HKLM\\Software\\Policies\\Microsoft\\Windows Defender\\Real-Time Protection\" /v \"DisableBehaviorMonitoring\" /t REG_DWORD /d \"1\" /f &gt;NUL 2&gt;nul &amp; reg add \"HKLM\\Software\\Policies\\Microsoft\\Windows Defender\\Real-Time Protection\" /v \"DisableIntrusionPreventionSystem\" /t REG_DWORD /d \"1\" /f &gt;NUL 2&gt;nul &amp; reg add \"HKLM\\Software\\Policies\\Microsoft\\Windows Defender\\Real-Time Protection\" /v \"DisableIOAVProtection\" /t REG_DWORD /d \"1\" /f &gt;NUL 2&gt;nul &amp; reg add \"HKLM\\Software\\Policies\\Microsoft\\Windows Defender\\Real-Time Protection\" /v \"DisableOnAccessProtection\" /t REG_DWORD /d \"1\" /f &gt;NUL 2&gt;nul &amp; reg add \"HKLM\\Software\\Policies\\Microsoft\\Windows Defender\\Real-Time Protection\" /v \"DisableRealtimeMonitoring\" /t REG_DWORD /d \"1\" /f &gt;NUL 2&gt;nul &amp; reg add \"HKLM\\Software\\Policies\\Microsoft\\Windows Defender\\Real-Time Protection\" /v \"DisableRoutinelyTakingAction\" /t REG_DWORD /d \"1\" /f &gt;NUL 2&gt;nul &amp; reg add \"HKLM\\Software\\Policies\\Microsoft\\Windows Defender\\Real-Time Protection\" /v \"DisableScanOnRealtimeEnable\" /t REG_DWORD /d \"1\" /f &gt;NUL 2&gt;nul &amp; reg add \"HKLM\\Software\\Policies\\Microsoft\\Windows Defender\\Real-Time Protection\" /v \"DisableScriptScanning\" /t REG_DWORD /d \"1\" /f &gt;NUL 2&gt;nul &amp; reg add \"HKLM\\Software\\Policies\\Microsoft\\Windows Defender\\Reporting\" /v \"DisableEnhancedNotifications\" /t REG_DWORD /d \"1\" /f &gt;NUL 2&gt;nul  &amp; reg add \"HKLM\\Software\\Policies\\Microsoft\\Windows Defender\\SpyNet\" /v \"DisableBlockAtFirstSeen\" /t REG_DWORD /d \"1\" /f &gt;NUL 2&gt;nul &amp; reg add \"HKLM\\Software\\Policies\\Microsoft\\Windows Defender\\SpyNet\" /v \"SpynetReporting\" /t REG_DWORD /d \"0\" /f &gt;NUL 2&gt;nul &amp; reg add \"HKLM\\Software\\Policies\\Microsoft\\Windows Defender\\MpEngine\" /v \"MpEnablePus\" /t REG_DWORD /d \"0\" /f &gt;NUL 2&gt;nul &amp; reg add \"HKLM\\SOFTWARE\\Policies\\Microsoft\\Windows Defender Security Center\\App and Browser protection\" /v \"DisallowExploitProtectionOverride\" /t REG_DWORD /d \"0\" /f &gt;NUL 2&gt;nul &amp; reg add \"HKLM\\SOFTWARE\\Microsoft\\Windows Defender\\Features\" /v \"TamperProtection\"  /t REG_DWORD /d \"0\" /f &gt;NUL 2&gt;nul &amp; reg add \"HKLM\\software\\microsoft\\windows defender\\spynet\" /v \"SubmitSamplesConsent\" /t REG_DWORD /d \"0\" /f &gt;NUL 2&gt;nul &amp; reg add \"HKLM\\Software\\Microsoft\\Windows Defender\" /v \"PUAProtection\" /t REG_DWORD /d \"0\" /f &gt;NUL 2&gt;nul"},{"@Name":"ParentUser","#text":"SERVER002\\admin_test"}]}}}
{"Event":{"System":{"Provider":{"@Name":"Microsoft-Windows-Sysmon","@Guid":"5770385f-c22a-43e0-bf4c-06f5698ffbd9"},"EventID":"5","Version":"3","Level":"4","Task":"5","Opcode":"0","Keywords":"0x8000000000000000","TimeCreated":{"@SystemTime":"2024-10-28 10:11:07.1851830"},"EventRecordID":"18013","Correlation":null,"Execution":{"@ProcessID":"2148","@ThreadID":"3932"},"Channel":"Microsoft-Windows-Sysmon/Operational","Computer":"Server002","Security":{"@UserID":"S-1-5-18"}},"EventData":{"Data":[{"@Name":"RuleName","#text":"-"},{"@Name":"UtcTime","#text":"2024-10-28 10:11:07.176"},{"@Name":"ProcessGuid","#text":"dbf410b3-633b-671f-de00-000000003900"},{"@Name":"ProcessId","#text":"5700"},{"@Name":"Image","#text":"C:\\Windows\\System32\\reg.exe"},{"@Name":"User","#text":"SERVER002\\admin_test"}]}}}
{"Event":{"System":{"Provider":{"@Name":"Microsoft-Windows-Sysmon","@Guid":"5770385f-c22a-43e0-bf4c-06f5698ffbd9"},"EventID":"5","Version":"3","Level":"4","Task":"5","Opcode":"0","Keywords":"0x8000000000000000","TimeCreated":{"@SystemTime":"2024-10-28 10:11:07.1874351"},"EventRecordID":"18014","Correlation":null,"Execution":{"@ProcessID":"2148","@ThreadID":"3932"},"Channel":"Microsoft-Windows-Sysmon/Operational","Computer":"Server002","Security":{"@UserID":"S-1-5-18"}},"EventData":{"Data":[{"@Name":"RuleName","#text":"-"},{"@Name":"UtcTime","#text":"2024-10-28 10:11:07.176"},{"@Name":"ProcessGuid","#text":"dbf410b3-633a-671f-cb00-000000003900"},{"@Name":"ProcessId","#text":"3828"},{"@Name":"Image","#text":"C:\\Windows\\System32\\cmd.exe"},{"@Name":"User","#text":"SERVER002\\admin_test"}]}}}
{"Event":{"System":{"Provider":{"@Name":"Microsoft-Windows-Sysmon","@Guid":"5770385f-c22a-43e0-bf4c-06f5698ffbd9"},"EventID":"5","Version":"3","Level":"4","Task":"5","Opcode":"0","Keywords":"0x8000000000000000","TimeCreated":{"@SystemTime":"2024-10-28 10:11:07.1952849"},"EventRecordID":"18015","Correlation":null,"Execution":{"@ProcessID":"2148","@ThreadID":"3932"},"Channel":"Microsoft-Windows-Sysmon/Operational","Computer":"Server002","Security":{"@UserID":"S-1-5-18"}},"EventData":{"Data":[{"@Name":"RuleName","#text":"-"},{"@Name":"UtcTime","#text":"2024-10-28 10:11:07.176"},{"@Name":"ProcessGuid","#text":"dbf410b3-633a-671f-cc00-000000003900"},{"@Name":"ProcessId","#text":"2616"},{"@Name":"Image","#text":"C:\\Windows\\System32\\conhost.exe"},{"@Name":"User","#text":"SERVER002\\admin_test"}]}}}
{"Event":{"System":{"Provider":{"@Name":"Microsoft-Windows-Sysmon","@Guid":"5770385f-c22a-43e0-bf4c-06f5698ffbd9"},"EventID":"5","Version":"3","Level":"4","Task":"5","Opcode":"0","Keywords":"0x8000000000000000","TimeCreated":{"@SystemTime":"2024-10-28 10:11:07.4401227"},"EventRecordID":"18016","Correlation":null,"Execution":{"@ProcessID":"2148","@ThreadID":"3932"},"Channel":"Microsoft-Windows-Sysmon/Operational","Computer":"Server002","Security":{"@UserID":"S-1-5-18"}},"EventData":{"Data":[{"@Name":"RuleName","#text":"-"},{"@Name":"UtcTime","#text":"2024-10-28 10:11:07.428"},{"@Name":"ProcessGuid","#text":"dbf410b3-62c5-671f-8c00-000000003900"},{"@Name":"ProcessId","#text":"5448"},{"@Name":"Image","#text":"C:\\ProgramData\\Microsoft\\Windows Defender\\Platform\\4.18.24080.9-0\\NisSrv.exe"},{"@Name":"User","#text":"NT AUTHORITY\\LOCAL SERVICE"}]}}}
{"Event":{"System":{"Provider":{"@Name":"Microsoft-Windows-Sysmon","@Guid":"5770385f-c22a-43e0-bf4c-06f5698ffbd9"},"EventID":"5","Version":"3","Level":"4","Task":"5","Opcode":"0","Keywords":"0x8000000000000000","TimeCreated":{"@SystemTime":"2024-10-28 10:11:07.8421002"},"EventRecordID":"18017","Correlation":null,"Execution":{"@ProcessID":"2148","@ThreadID":"3932"},"Channel":"Microsoft-Windows-Sysmon/Operational","Computer":"Server002","Security":{"@UserID":"S-1-5-18"}},"EventData":{"Data":[{"@Name":"RuleName","#text":"-"},{"@Name":"UtcTime","#text":"2024-10-28 10:11:07.831"},{"@Name":"ProcessGuid","#text":"dbf410b3-6331-671f-b200-000000003900"},{"@Name":"ProcessId","#text":"6944"},{"@Name":"Image","#text":"C:\\Windows\\System32\\svchost.exe"},{"@Name":"User","#text":"NT AUTHORITY\\NETWORK SERVICE"}]}}}
{"Event":{"System":{"Provider":{"@Name":"Microsoft-Windows-Sysmon","@Guid":"5770385f-c22a-43e0-bf4c-06f5698ffbd9"},"EventID":"1","Version":"5","Level":"4","Task":"1","Opcode":"0","Keywords":"0x8000000000000000","TimeCreated":{"@SystemTime":"2024-10-28 10:11:09.4001680"},"EventRecordID":"18018","Correlation":null,"Execution":{"@ProcessID":"2148","@ThreadID":"3932"},"Channel":"Microsoft-Windows-Sysmon/Operational","Computer":"Server002","Security":{"@UserID":"S-1-5-18"}},"EventData":{"Data":[{"@Name":"RuleName","#text":"-"},{"@Name":"UtcTime","#text":"2024-10-28 10:11:09.399"},{"@Name":"ProcessGuid","#text":"dbf410b3-633d-671f-df00-000000003900"},{"@Name":"ProcessId","#text":"5340"},{"@Name":"Image","#text":"C:\\ProgramData\\Microsoft\\Windows Defender\\Platform\\4.18.24080.9-0\\MpCmdRun.exe"},{"@Name":"FileVersion","#text":"4.18.24080.9 (f49fb7de0d838aeebbdbd940314a35a90705840e)"},{"@Name":"Description","#text":"Microsoft Malware Protection Command Line Utility"},{"@Name":"Product","#text":"Microsoft® Windows® Operating System"},{"@Name":"Company","#text":"Microsoft Corporation"},{"@Name":"OriginalFileName","#text":"MpCmdRun.exe"},{"@Name":"CommandLine","#text":"\"C:\\ProgramData\\Microsoft\\Windows Defender\\Platform\\4.18.24080.9-0\\MpCmdRun.exe\" -wdenable"},{"@Name":"CurrentDirectory","#text":"C:\\Windows\\system32\\"},{"@Name":"User","#text":"NT AUTHORITY\\LOCAL SERVICE"},{"@Name":"LogonGuid","#text":"dbf410b3-70c2-671f-e503-000000000000"},{"@Name":"LogonId","#text":"0x3E5"},{"@Name":"TerminalSessionId","#text":"0"},{"@Name":"IntegrityLevel","#text":"System"},{"@Name":"Hashes","#text":"SHA256=F7B024FDED173C322CA0A5D62FDC5CC1F96D3A9EBBE7E9F0FCE2C265BC0275B3"},{"@Name":"ParentProcessGuid","#text":"dbf410b3-6332-671f-b700-000000003900"},{"@Name":"ParentProcessId","#text":"7088"},{"@Name":"ParentImage","#text":"C:\\Windows\\System32\\svchost.exe"},{"@Name":"ParentCommandLine","#text":"C:\\Windows\\System32\\svchost.exe -k LocalServiceNetworkRestricted -p -s wscsvc"},{"@Name":"ParentUser","#text":"NT AUTHORITY\\LOCAL SERVICE"}]}}}
{"Event":{"System":{"Provider":{"@Name":"Microsoft-Windows-Sysmon","@Guid":"5770385f-c22a-43e0-bf4c-06f5698ffbd9"},"EventID":"1","Version":"5","Level":"4","Task":"1","Opcode":"0","Keywords":"0x8000000000000000","TimeCreated":{"@SystemTime":"2024-10-28 10:11:09.4102912"},"EventRecordID":"18019","Correlation":null,"Execution":{"@ProcessID":"2148","@ThreadID":"3932"},"Channel":"Microsoft-Windows-Sysmon/Operational","Computer":"Server002","Security":{"@UserID":"S-1-5-18"}},"EventData":{"Data":[{"@Name":"RuleName","#text":"-"},{"@Name":"UtcTime","#text":"2024-10-28 10:11:09.409"},{"@Name":"ProcessGuid","#text":"dbf410b3-633d-671f-e000-000000003900"},{"@Name":"ProcessId","#text":"5472"},{"@Name":"Image","#text":"C:\\Windows\\System32\\conhost.exe"},{"@Name":"FileVersion","#text":"10.0.19041.4355 (WinBuild.160101.0800)"},{"@Name":"Description","#text":"Console Window Host"},{"@Name":"Product","#text":"Microsoft® Windows® Operating System"},{"@Name":"Company","#text":"Microsoft Corporation"},{"@Name":"OriginalFileName","#text":"CONHOST.EXE"},{"@Name":"CommandLine","#text":"\\??\\C:\\Windows\\system32\\conhost.exe 0xffffffff -ForceV1"},{"@Name":"CurrentDirectory","#text":"C:\\Windows"},{"@Name":"User","#text":"NT AUTHORITY\\LOCAL SERVICE"},{"@Name":"LogonGuid","#text":"dbf410b3-70c2-671f-e503-000000000000"},{"@Name":"LogonId","#text":"0x3E5"},{"@Name":"TerminalSessionId","#text":"0"},{"@Name":"IntegrityLevel","#text":"System"},{"@Name":"Hashes","#text":"SHA256=CC0A60CD15FA21E54615E46CD0F10CFBE86F496DC64D14B31D9F3B415D120EE1"},{"@Name":"ParentProcessGuid","#text":"dbf410b3-633d-671f-df00-000000003900"},{"@Name":"ParentProcessId","#text":"5340"},{"@Name":"ParentImage","#text":"C:\\ProgramData\\Microsoft\\Windows Defender\\Platform\\4.18.24080.9-0\\MpCmdRun.exe"},{"@Name":"ParentCommandLine","#text":"\"C:\\ProgramData\\Microsoft\\Windows Defender\\Platform\\4.18.24080.9-0\\MpCmdRun.exe\" -wdenable"},{"@Name":"ParentUser","#text":"NT AUTHORITY\\LOCAL SERVICE"}]}}}
{"Event":{"System":{"Provider":{"@Name":"Microsoft-Windows-Sysmon","@Guid":"5770385f-c22a-43e0-bf4c-06f5698ffbd9"},"EventID":"5","Version":"3","Level":"4","Task":"5","Opcode":"0","Keywords":"0x8000000000000000","TimeCreated":{"@SystemTime":"2024-10-28 10:11:09.5538307"},"EventRecordID":"18020","Correlation":null,"Execution":{"@ProcessID":"2148","@ThreadID":"3932"},"Channel":"Microsoft-Windows-Sysmon/Operational","Computer":"Server002","Security":{"@UserID":"S-1-5-18"}},"EventData":{"Data":[{"@Name":"RuleName","#text":"-"},{"@Name":"UtcTime","#text":"2024-10-28 10:11:09.534"},{"@Name":"ProcessGuid","#text":"dbf410b3-633d-671f-df00-000000003900"},{"@Name":"ProcessId","#text":"5340"},{"@Name":"Image","#text":"C:\\ProgramData\\Microsoft\\Windows Defender\\Platform\\4.18.24080.9-0\\MpCmdRun.exe"},{"@Name":"User","#text":"NT AUTHORITY\\LOCAL SERVICE"}]}}}
{"Event":{"System":{"Provider":{"@Name":"Microsoft-Windows-Sysmon","@Guid":"5770385f-c22a-43e0-bf4c-06f5698ffbd9"},"EventID":"5","Version":"3","Level":"4","Task":"5","Opcode":"0","Keywords":"0x8000000000000000","TimeCreated":{"@SystemTime":"2024-10-28 10:11:09.5560381"},"EventRecordID":"18021","Correlation":null,"Execution":{"@ProcessID":"2148","@ThreadID":"3932"},"Channel":"Microsoft-Windows-Sysmon/Operational","Computer":"Server002","Security":{"@UserID":"S-1-5-18"}},"EventData":{"Data":[{"@Name":"RuleName","#text":"-"},{"@Name":"UtcTime","#text":"2024-10-28 10:11:09.534"},{"@Name":"ProcessGuid","#text":"dbf410b3-633d-671f-e000-000000003900"},{"@Name":"ProcessId","#text":"5472"},{"@Name":"Image","#text":"C:\\Windows\\System32\\conhost.exe"},{"@Name":"User","#text":"NT AUTHORITY\\LOCAL SERVICE"}]}}}
{"Event":{"System":{"Provider":{"@Name":"Microsoft-Windows-Sysmon","@Guid":"5770385f-c22a-43e0-bf4c-06f5698ffbd9"},"EventID":"1","Version":"5","Level":"4","Task":"1","Opcode":"0","Keywords":"0x8000000000000000","TimeCreated":{"@SystemTime":"2024-10-28 10:11:09.7553615"},"EventRecordID":"18022","Correlation":null,"Execution":{"@ProcessID":"2148","@ThreadID":"3932"},"Channel":"Microsoft-Windows-Sysmon/Operational","Computer":"Server002","Security":{"@UserID":"S-1-5-18"}},"EventData":{"Data":[{"@Name":"RuleName","#text":"-"},{"@Name":"UtcTime","#text":"2024-10-28 10:11:09.754"},{"@Name":"ProcessGuid","#text":"dbf410b3-633d-671f-e100-000000003900"},{"@Name":"ProcessId","#text":"4724"},{"@Name":"Image","#text":"C:\\Program Files (x86)\\Microsoft\\EdgeUpdate\\MicrosoftEdgeUpdate.exe"},{"@Name":"FileVersion","#text":"1.3.147.37"},{"@Name":"Description","#text":"Microsoft Edge Update"},{"@Name":"Product","#text":"Microsoft Edge Update"},{"@Name":"Company","#text":"Microsoft Corporation"},{"@Name":"OriginalFileName","#text":"msedgeupdate.dll"},{"@Name":"CommandLine","#text":"\"C:\\Program Files (x86)\\Microsoft\\EdgeUpdate\\MicrosoftEdgeUpdate.exe\" /svc"},{"@Name":"CurrentDirectory","#text":"C:\\Windows\\system32\\"},{"@Name":"User","#text":"NT AUTHORITY\\SYSTEM"},{"@Name":"LogonGuid","#text":"dbf410b3-70c0-671f-e703-000000000000"},{"@Name":"LogonId","#text":"0x3E7"},{"@Name":"TerminalSessionId","#text":"0"},{"@Name":"IntegrityLevel","#text":"System"},{"@Name":"Hashes","#text":"SHA256=3096D8E82917A9B73F322F4B1743E52E9B0C8B3C5933A957E73E29D6973CDD5B"},{"@Name":"ParentProcessGuid","#text":"00000000-0000-0000-0000-000000000000"},{"@Name":"ParentProcessId","#text":"660"},{"@Name":"ParentImage","#text":"-"},{"@Name":"ParentCommandLine","#text":"-"},{"@Name":"ParentUser","#text":"-"}]}}}
{"Event":{"System":{"Provider":{"@Name":"Microsoft-Windows-Sysmon","@Guid":"5770385f-c22a-43e0-bf4c-06f5698ffbd9"},"EventID":"1","Version":"5","Level":"4","Task":"1","Opcode":"0","Keywords":"0x8000000000000000","TimeCreated":{"@SystemTime":"2024-10-28 10:11:12.3681305"},"EventRecordID":"18023","Correlation":null,"Execution":{"@ProcessID":"2148","@ThreadID":"3932"},"Channel":"Microsoft-Windows-Sysmon/Operational","Computer":"Server002","Security":{"@UserID":"S-1-5-18"}},"EventData":{"Data":[{"@Name":"RuleName","#text":"-"},{"@Name":"UtcTime","#text":"2024-10-28 10:11:12.359"},{"@Name":"ProcessGuid","#text":"dbf410b3-6340-671f-e200-000000003900"},{"@Name":"ProcessId","#text":"5616"},{"@Name":"Image","#text":"C:\\Program Files (x86)\\Microsoft\\EdgeUpdate\\Install\\{0EC595B2-BDE8-45BF-B986-52AC87925F59}\\MicrosoftEdgeUpdateSetup_X86_1.3.195.27.exe"},{"@Name":"FileVersion","#text":"1.3.195.27"},{"@Name":"Description","#text":"Microsoft Edge Update Setup"},{"@Name":"Product","#text":"Microsoft Edge Update"},{"@Name":"Company","#text":"Microsoft Corporation"},{"@Name":"OriginalFileName","#text":"MicrosoftEdgeUpdateSetup.exe"},{"@Name":"CommandLine","#text":"\"C:\\Program Files (x86)\\Microsoft\\EdgeUpdate\\Install\\{0EC595B2-BDE8-45BF-B986-52AC87925F59}\\MicrosoftEdgeUpdateSetup_X86_1.3.195.27.exe\" /update /sessionid \"{F323C232-3288-4E7F-AEC6-031E9754EB9B}\""},{"@Name":"CurrentDirectory","#text":"C:\\Program Files (x86)\\Microsoft\\EdgeUpdate\\1.3.195.25\\"},{"@Name":"User","#text":"NT AUTHORITY\\SYSTEM"},{"@Name":"LogonGuid","#text":"dbf410b3-70c0-671f-e703-000000000000"},{"@Name":"LogonId","#text":"0x3E7"},{"@Name":"TerminalSessionId","#text":"0"},{"@Name":"IntegrityLevel","#text":"System"},{"@Name":"Hashes","#text":"SHA256=0A72666092EAD1E76DF637ADD3C76CE00F7F2DB1F3E2A8AF092D8BBE2F4CD91E"},{"@Name":"ParentProcessGuid","#text":"dbf410b3-633d-671f-e100-000000003900"},{"@Name":"ParentProcessId","#text":"4724"},{"@Name":"ParentImage","#text":"C:\\Program Files (x86)\\Microsoft\\EdgeUpdate\\MicrosoftEdgeUpdate.exe"},{"@Name":"ParentCommandLine","#text":"\"C:\\Program Files (x86)\\Microsoft\\EdgeUpdate\\MicrosoftEdgeUpdate.exe\" /svc"},{"@Name":"ParentUser","#text":"NT AUTHORITY\\SYSTEM"}]}}}

{"Event":{"System":{"Provider":{"@Name":"Microsoft-Windows-Sysmon","@Guid":"5770385f-c22a-43e0-bf4c-06f5698ffbd9"},"EventID":"5","Version":"3","Level":"4","Task":"5","Opcode":"0","Keywords":"0x8000000000000000","TimeCreated":{"@SystemTime":"2024-10-28 10:11:12.5636767"},"EventRecordID":"18025","Correlation":null,"Execution":{"@ProcessID":"2148","@ThreadID":"3932"},"Channel":"Microsoft-Windows-Sysmon/Operational","Computer":"Server002","Security":{"@UserID":"S-1-5-18"}},"EventData":{"Data":[{"@Name":"RuleName","#text":"-"},{"@Name":"UtcTime","#text":"2024-10-28 10:11:12.560"},{"@Name":"ProcessGuid","#text":"dbf410b3-6331-671f-b100-000000003900"},{"@Name":"ProcessId","#text":"1368"},{"@Name":"Image","#text":"C:\\Program Files (x86)\\Microsoft\\EdgeUpdate\\MicrosoftEdgeUpdate.exe"},{"@Name":"User","#text":"NT AUTHORITY\\SYSTEM"}]}}}
{"Event":{"System":{"Provider":{"@Name":"Microsoft-Windows-Sysmon","@Guid":"5770385f-c22a-43e0-bf4c-06f5698ffbd9"},"EventID":"5","Version":"3","Level":"4","Task":"5","Opcode":"0","Keywords":"0x8000000000000000","TimeCreated":{"@SystemTime":"2024-10-28 10:11:12.6914836"},"EventRecordID":"18026","Correlation":null,"Execution":{"@ProcessID":"2148","@ThreadID":"3932"},"Channel":"Microsoft-Windows-Sysmon/Operational","Computer":"Server002","Security":{"@UserID":"S-1-5-18"}},"EventData":{"Data":[{"@Name":"RuleName","#text":"-"},{"@Name":"UtcTime","#text":"2024-10-28 10:11:12.686"},{"@Name":"ProcessGuid","#text":"dbf410b3-6340-671f-e300-000000003900"},{"@Name":"ProcessId","#text":"5624"},{"@Name":"Image","#text":"C:\\Program Files (x86)\\Microsoft\\EdgeUpdate\\MicrosoftEdgeUpdate.exe"},{"@Name":"User","#text":"NT AUTHORITY\\SYSTEM"}]}}}
{"Event":{"System":{"Provider":{"@Name":"Microsoft-Windows-Sysmon","@Guid":"5770385f-c22a-43e0-bf4c-06f5698ffbd9"},"EventID":"5","Version":"3","Level":"4","Task":"5","Opcode":"0","Keywords":"0x8000000000000000","TimeCreated":{"@SystemTime":"2024-10-28 10:11:12.7020325"},"EventRecordID":"18027","Correlation":null,"Execution":{"@ProcessID":"2148","@ThreadID":"3932"},"Channel":"Microsoft-Windows-Sysmon/Operational","Computer":"Server002","Security":{"@UserID":"S-1-5-18"}},"EventData":{"Data":[{"@Name":"RuleName","#text":"-"},{"@Name":"UtcTime","#text":"2024-10-28 10:11:12.686"},{"@Name":"ProcessGuid","#text":"dbf410b3-633d-671f-e100-000000003900"},{"@Name":"ProcessId","#text":"4724"},{"@Name":"Image","#text":"C:\\Program Files (x86)\\Microsoft\\EdgeUpdate\\MicrosoftEdgeUpdate.exe"},{"@Name":"User","#text":"NT AUTHORITY\\SYSTEM"}]}}}
