{"Event":{"System":{"Provider":{"@Name":"PowerShell"},"EventID":{"@Qualifiers":"0","#text":"600"},"Version":"0","Level":"4","Task":"6","Opcode":"0","Keywords":"0x80000000000000","TimeCreated":{"@SystemTime":"2024-10-27 22:18:34.8813382"},"EventRecordID":"1114","Correlation":null,"Execution":{"@ProcessID":"0","@ThreadID":"0"},"Channel":"Windows PowerShell","Computer":"Server002","Security":null},"EventData":{"Data":"Registry, Started, \tProviderName=Registry\r\n\tNewProviderState=Started\r\n\r\n\tSequenceNumber=1\r\n\r\n\tHostName=ConsoleHost\r\n\tHostVersion=5.1.19041.5007\r\n\tHostId=fe65ca93-8dff-48ae-900a-bb63ab01e933\r\n\tHostApplication=powershell.exe &amp; {$profile = (Gci -filter \"*default-release*\" -path $env:Appdata\\Mozilla\\Firefox\\Profiles\\).FullName\r\nCopy-Item $profile\\key4.db -Destination \"C:\\Users\\ADMIN_~1\\AppData\\Local\\Temp\\AtomicRedTeam\\..\\ExternalPayloads\" &gt; $null\r\nCopy-Item $profile\\logins.json -Destination \"C:\\Users\\ADMIN_~1\\AppData\\Local\\Temp\\AtomicRedTeam\\..\\ExternalPayloads\" &gt; $null\r\nRemove-Item $profile\\key4.db &gt; $null\r\nRemove-Item $profile\\logins.json &gt; $null\r\nCopy-Item \"$env:C:\\Users\\ADMIN_~1\\AppData\\Local\\Temp\\AtomicRedTeam\\T1555.003\\src\\key4.db\" -Destination $profile\\ &gt; $null\r\nCopy-Item \"$env:C:\\Users\\ADMIN_~1\\AppData\\Local\\Temp\\AtomicRedTeam\\T1555.003\\src\\logins.json\" -Destination $profile\\ &gt; $null\r\ncd \"$env:C:\\Users\\ADMIN_~1\\AppData\\Local\\Temp\\AtomicRedTeam\\T1555.003\\bin\"\r\n\"\"|.\\BrowserCollector.exe}\r\n\tEngineVersion=\r\n\tRunspaceId=\r\n\tPipelineId=\r\n\tCommandName=\r\n\tCommandType=\r\n\tScriptName=\r\n\tCommandPath=\r\n\tCommandLine=","Binary":""}}}
{"Event":{"System":{"Provider":{"@Name":"PowerShell"},"EventID":{"@Qualifiers":"0","#text":"600"},"Version":"0","Level":"4","Task":"6","Opcode":"0","Keywords":"0x80000000000000","TimeCreated":{"@SystemTime":"2024-10-27 22:18:34.8813382"},"EventRecordID":"1115","Correlation":null,"Execution":{"@ProcessID":"0","@ThreadID":"0"},"Channel":"Windows PowerShell","Computer":"Server002","Security":null},"EventData":{"Data":"Alias, Started, \tProviderName=Alias\r\n\tNewProviderState=Started\r\n\r\n\tSequenceNumber=3\r\n\r\n\tHostName=ConsoleHost\r\n\tHostVersion=5.1.19041.5007\r\n\tHostId=fe65ca93-8dff-48ae-900a-bb63ab01e933\r\n\tHostApplication=powershell.exe &amp; {$profile = (Gci -filter \"*default-release*\" -path $env:Appdata\\Mozilla\\Firefox\\Profiles\\).FullName\r\nCopy-Item $profile\\key4.db -Destination \"C:\\Users\\ADMIN_~1\\AppData\\Local\\Temp\\AtomicRedTeam\\..\\ExternalPayloads\" &gt; $null\r\nCopy-Item $profile\\logins.json -Destination \"C:\\Users\\ADMIN_~1\\AppData\\Local\\Temp\\AtomicRedTeam\\..\\ExternalPayloads\" &gt; $null\r\nRemove-Item $profile\\key4.db &gt; $null\r\nRemove-Item $profile\\logins.json &gt; $null\r\nCopy-Item \"$env:C:\\Users\\ADMIN_~1\\AppData\\Local\\Temp\\AtomicRedTeam\\T1555.003\\src\\key4.db\" -Destination $profile\\ &gt; $null\r\nCopy-Item \"$env:C:\\Users\\ADMIN_~1\\AppData\\Local\\Temp\\AtomicRedTeam\\T1555.003\\src\\logins.json\" -Destination $profile\\ &gt; $null\r\ncd \"$env:C:\\Users\\ADMIN_~1\\AppData\\Local\\Temp\\AtomicRedTeam\\T1555.003\\bin\"\r\n\"\"|.\\BrowserCollector.exe}\r\n\tEngineVersion=\r\n\tRunspaceId=\r\n\tPipelineId=\r\n\tCommandName=\r\n\tCommandType=\r\n\tScriptName=\r\n\tCommandPath=\r\n\tCommandLine=","Binary":""}}}
{"Event":{"System":{"Provider":{"@Name":"PowerShell"},"EventID":{"@Qualifiers":"0","#text":"600"},"Version":"0","Level":"4","Task":"6","Opcode":"0","Keywords":"0x80000000000000","TimeCreated":{"@SystemTime":"2024-10-27 22:18:34.8882660"},"EventRecordID":"1116","Correlation":null,"Execution":{"@ProcessID":"0","@ThreadID":"0"},"Channel":"Windows PowerShell","Computer":"Server002","Security":null},"EventData":{"Data":"Environment, Started, \tProviderName=Environment\r\n\tNewProviderState=Started\r\n\r\n\tSequenceNumber=5\r\n\r\n\tHostName=ConsoleHost\r\n\tHostVersion=5.1.19041.5007\r\n\tHostId=fe65ca93-8dff-48ae-900a-bb63ab01e933\r\n\tHostApplication=powershell.exe &amp; {$profile = (Gci -filter \"*default-release*\" -path $env:Appdata\\Mozilla\\Firefox\\Profiles\\).FullName\r\nCopy-Item $profile\\key4.db -Destination \"C:\\Users\\ADMIN_~1\\AppData\\Local\\Temp\\AtomicRedTeam\\..\\ExternalPayloads\" &gt; $null\r\nCopy-Item $profile\\logins.json -Destination \"C:\\Users\\ADMIN_~1\\AppData\\Local\\Temp\\AtomicRedTeam\\..\\ExternalPayloads\" &gt; $null\r\nRemove-Item $profile\\key4.db &gt; $null\r\nRemove-Item $profile\\logins.json &gt; $null\r\nCopy-Item \"$env:C:\\Users\\ADMIN_~1\\AppData\\Local\\Temp\\AtomicRedTeam\\T1555.003\\src\\key4.db\" -Destination $profile\\ &gt; $null\r\nCopy-Item \"$env:C:\\Users\\ADMIN_~1\\AppData\\Local\\Temp\\AtomicRedTeam\\T1555.003\\src\\logins.json\" -Destination $profile\\ &gt; $null\r\ncd \"$env:C:\\Users\\ADMIN_~1\\AppData\\Local\\Temp\\AtomicRedTeam\\T1555.003\\bin\"\r\n\"\"|.\\BrowserCollector.exe}\r\n\tEngineVersion=\r\n\tRunspaceId=\r\n\tPipelineId=\r\n\tCommandName=\r\n\tCommandType=\r\n\tScriptName=\r\n\tCommandPath=\r\n\tCommandLine=","Binary":""}}}
{"Event":{"System":{"Provider":{"@Name":"PowerShell"},"EventID":{"@Qualifiers":"0","#text":"600"},"Version":"0","Level":"4","Task":"6","Opcode":"0","Keywords":"0x80000000000000","TimeCreated":{"@SystemTime":"2024-10-27 22:18:34.8963634"},"EventRecordID":"1117","Correlation":null,"Execution":{"@ProcessID":"0","@ThreadID":"0"},"Channel":"Windows PowerShell","Computer":"Server002","Security":null},"EventData":{"Data":"FileSystem, Started, \tProviderName=FileSystem\r\n\tNewProviderState=Started\r\n\r\n\tSequenceNumber=7\r\n\r\n\tHostName=ConsoleHost\r\n\tHostVersion=5.1.19041.5007\r\n\tHostId=fe65ca93-8dff-48ae-900a-bb63ab01e933\r\n\tHostApplication=powershell.exe &amp; {$profile = (Gci -filter \"*default-release*\" -path $env:Appdata\\Mozilla\\Firefox\\Profiles\\).FullName\r\nCopy-Item $profile\\key4.db -Destination \"C:\\Users\\ADMIN_~1\\AppData\\Local\\Temp\\AtomicRedTeam\\..\\ExternalPayloads\" &gt; $null\r\nCopy-Item $profile\\logins.json -Destination \"C:\\Users\\ADMIN_~1\\AppData\\Local\\Temp\\AtomicRedTeam\\..\\ExternalPayloads\" &gt; $null\r\nRemove-Item $profile\\key4.db &gt; $null\r\nRemove-Item $profile\\logins.json &gt; $null\r\nCopy-Item \"$env:C:\\Users\\ADMIN_~1\\AppData\\Local\\Temp\\AtomicRedTeam\\T1555.003\\src\\key4.db\" -Destination $profile\\ &gt; $null\r\nCopy-Item \"$env:C:\\Users\\ADMIN_~1\\AppData\\Local\\Temp\\AtomicRedTeam\\T1555.003\\src\\logins.json\" -Destination $profile\\ &gt; $null\r\ncd \"$env:C:\\Users\\ADMIN_~1\\AppData\\Local\\Temp\\AtomicRedTeam\\T1555.003\\bin\"\r\n\"\"|.\\BrowserCollector.exe}\r\n\tEngineVersion=\r\n\tRunspaceId=\r\n\tPipelineId=\r\n\tCommandName=\r\n\tCommandType=\r\n\tScriptName=\r\n\tCommandPath=\r\n\tCommandLine=","Binary":""}}}
{"Event":{"System":{"Provider":{"@Name":"PowerShell"},"EventID":{"@Qualifiers":"0","#text":"600"},"Version":"0","Level":"4","Task":"6","Opcode":"0","Keywords":"0x80000000000000","TimeCreated":{"@SystemTime":"2024-10-27 22:18:34.8963634"},"EventRecordID":"1118","Correlation":null,"Execution":{"@ProcessID":"0","@ThreadID":"0"},"Channel":"Windows PowerShell","Computer":"Server002","Security":null},"EventData":{"Data":"Function, Started, \tProviderName=Function\r\n\tNewProviderState=Started\r\n\r\n\tSequenceNumber=9\r\n\r\n\tHostName=ConsoleHost\r\n\tHostVersion=5.1.19041.5007\r\n\tHostId=fe65ca93-8dff-48ae-900a-bb63ab01e933\r\n\tHostApplication=powershell.exe &amp; {$profile = (Gci -filter \"*default-release*\" -path $env:Appdata\\Mozilla\\Firefox\\Profiles\\).FullName\r\nCopy-Item $profile\\key4.db -Destination \"C:\\Users\\ADMIN_~1\\AppData\\Local\\Temp\\AtomicRedTeam\\..\\ExternalPayloads\" &gt; $null\r\nCopy-Item $profile\\logins.json -Destination \"C:\\Users\\ADMIN_~1\\AppData\\Local\\Temp\\AtomicRedTeam\\..\\ExternalPayloads\" &gt; $null\r\nRemove-Item $profile\\key4.db &gt; $null\r\nRemove-Item $profile\\logins.json &gt; $null\r\nCopy-Item \"$env:C:\\Users\\ADMIN_~1\\AppData\\Local\\Temp\\AtomicRedTeam\\T1555.003\\src\\key4.db\" -Destination $profile\\ &gt; $null\r\nCopy-Item \"$env:C:\\Users\\ADMIN_~1\\AppData\\Local\\Temp\\AtomicRedTeam\\T1555.003\\src\\logins.json\" -Destination $profile\\ &gt; $null\r\ncd \"$env:C:\\Users\\ADMIN_~1\\AppData\\Local\\Temp\\AtomicRedTeam\\T1555.003\\bin\"\r\n\"\"|.\\BrowserCollector.exe}\r\n\tEngineVersion=\r\n\tRunspaceId=\r\n\tPipelineId=\r\n\tCommandName=\r\n\tCommandType=\r\n\tScriptName=\r\n\tCommandPath=\r\n\tCommandLine=","Binary":""}}}
{"Event":{"System":{"Provider":{"@Name":"PowerShell"},"EventID":{"@Qualifiers":"0","#text":"600"},"Version":"0","Level":"4","Task":"6","Opcode":"0","Keywords":"0x80000000000000","TimeCreated":{"@SystemTime":"2024-10-27 22:18:34.9099229"},"EventRecordID":"1119","Correlation":null,"Execution":{"@ProcessID":"0","@ThreadID":"0"},"Channel":"Windows PowerShell","Computer":"Server002","Security":null},"EventData":{"Data":"Variable, Started, \tProviderName=Variable\r\n\tNewProviderState=Started\r\n\r\n\tSequenceNumber=11\r\n\r\n\tHostName=ConsoleHost\r\n\tHostVersion=5.1.19041.5007\r\n\tHostId=fe65ca93-8dff-48ae-900a-bb63ab01e933\r\n\tHostApplication=powershell.exe &amp; {$profile = (Gci -filter \"*default-release*\" -path $env:Appdata\\Mozilla\\Firefox\\Profiles\\).FullName\r\nCopy-Item $profile\\key4.db -Destination \"C:\\Users\\ADMIN_~1\\AppData\\Local\\Temp\\AtomicRedTeam\\..\\ExternalPayloads\" &gt; $null\r\nCopy-Item $profile\\logins.json -Destination \"C:\\Users\\ADMIN_~1\\AppData\\Local\\Temp\\AtomicRedTeam\\..\\ExternalPayloads\" &gt; $null\r\nRemove-Item $profile\\key4.db &gt; $null\r\nRemove-Item $profile\\logins.json &gt; $null\r\nCopy-Item \"$env:C:\\Users\\ADMIN_~1\\AppData\\Local\\Temp\\AtomicRedTeam\\T1555.003\\src\\key4.db\" -Destination $profile\\ &gt; $null\r\nCopy-Item \"$env:C:\\Users\\ADMIN_~1\\AppData\\Local\\Temp\\AtomicRedTeam\\T1555.003\\src\\logins.json\" -Destination $profile\\ &gt; $null\r\ncd \"$env:C:\\Users\\ADMIN_~1\\AppData\\Local\\Temp\\AtomicRedTeam\\T1555.003\\bin\"\r\n\"\"|.\\BrowserCollector.exe}\r\n\tEngineVersion=\r\n\tRunspaceId=\r\n\tPipelineId=\r\n\tCommandName=\r\n\tCommandType=\r\n\tScriptName=\r\n\tCommandPath=\r\n\tCommandLine=","Binary":""}}}
{"Event":{"System":{"Provider":{"@Name":"PowerShell"},"EventID":{"@Qualifiers":"0","#text":"400"},"Version":"0","Level":"4","Task":"4","Opcode":"0","Keywords":"0x80000000000000","TimeCreated":{"@SystemTime":"2024-10-27 22:18:35.1378858"},"EventRecordID":"1120","Correlation":null,"Execution":{"@ProcessID":"0","@ThreadID":"0"},"Channel":"Windows PowerShell","Computer":"Server002","Security":null},"EventData":{"Data":"Available, None, \tNewEngineState=Available\r\n\tPreviousEngineState=None\r\n\r\n\tSequenceNumber=13\r\n\r\n\tHostName=ConsoleHost\r\n\tHostVersion=5.1.19041.5007\r\n\tHostId=fe65ca93-8dff-48ae-900a-bb63ab01e933\r\n\tHostApplication=powershell.exe &amp; {$profile = (Gci -filter \"*default-release*\" -path $env:Appdata\\Mozilla\\Firefox\\Profiles\\).FullName\r\nCopy-Item $profile\\key4.db -Destination \"C:\\Users\\ADMIN_~1\\AppData\\Local\\Temp\\AtomicRedTeam\\..\\ExternalPayloads\" &gt; $null\r\nCopy-Item $profile\\logins.json -Destination \"C:\\Users\\ADMIN_~1\\AppData\\Local\\Temp\\AtomicRedTeam\\..\\ExternalPayloads\" &gt; $null\r\nRemove-Item $profile\\key4.db &gt; $null\r\nRemove-Item $profile\\logins.json &gt; $null\r\nCopy-Item \"$env:C:\\Users\\ADMIN_~1\\AppData\\Local\\Temp\\AtomicRedTeam\\T1555.003\\src\\key4.db\" -Destination $profile\\ &gt; $null\r\nCopy-Item \"$env:C:\\Users\\ADMIN_~1\\AppData\\Local\\Temp\\AtomicRedTeam\\T1555.003\\src\\logins.json\" -Destination $profile\\ &gt; $null\r\ncd \"$env:C:\\Users\\ADMIN_~1\\AppData\\Local\\Temp\\AtomicRedTeam\\T1555.003\\bin\"\r\n\"\"|.\\BrowserCollector.exe}\r\n\tEngineVersion=5.1.19041.5007\r\n\tRunspaceId=442b6f91-731b-40da-b1dd-e7bd551dd4a1\r\n\tPipelineId=\r\n\tCommandName=\r\n\tCommandType=\r\n\tScriptName=\r\n\tCommandPath=\r\n\tCommandLine=","Binary":""}}}
{"Event":{"System":{"Provider":{"@Name":"PowerShell"},"EventID":{"@Qualifiers":"0","#text":"403"},"Version":"0","Level":"4","Task":"4","Opcode":"0","Keywords":"0x80000000000000","TimeCreated":{"@SystemTime":"2024-10-27 22:18:36.3361426"},"EventRecordID":"1121","Correlation":null,"Execution":{"@ProcessID":"0","@ThreadID":"0"},"Channel":"Windows PowerShell","Computer":"Server002","Security":null},"EventData":{"Data":"Stopped, Available, \tNewEngineState=Stopped\r\n\tPreviousEngineState=Available\r\n\r\n\tSequenceNumber=15\r\n\r\n\tHostName=ConsoleHost\r\n\tHostVersion=5.1.19041.5007\r\n\tHostId=fe65ca93-8dff-48ae-900a-bb63ab01e933\r\n\tHostApplication=powershell.exe &amp; {$profile = (Gci -filter \"*default-release*\" -path $env:Appdata\\Mozilla\\Firefox\\Profiles\\).FullName\r\nCopy-Item $profile\\key4.db -Destination \"C:\\Users\\ADMIN_~1\\AppData\\Local\\Temp\\AtomicRedTeam\\..\\ExternalPayloads\" &gt; $null\r\nCopy-Item $profile\\logins.json -Destination \"C:\\Users\\ADMIN_~1\\AppData\\Local\\Temp\\AtomicRedTeam\\..\\ExternalPayloads\" &gt; $null\r\nRemove-Item $profile\\key4.db &gt; $null\r\nRemove-Item $profile\\logins.json &gt; $null\r\nCopy-Item \"$env:C:\\Users\\ADMIN_~1\\AppData\\Local\\Temp\\AtomicRedTeam\\T1555.003\\src\\key4.db\" -Destination $profile\\ &gt; $null\r\nCopy-Item \"$env:C:\\Users\\ADMIN_~1\\AppData\\Local\\Temp\\AtomicRedTeam\\T1555.003\\src\\logins.json\" -Destination $profile\\ &gt; $null\r\ncd \"$env:C:\\Users\\ADMIN_~1\\AppData\\Local\\Temp\\AtomicRedTeam\\T1555.003\\bin\"\r\n\"\"|.\\BrowserCollector.exe}\r\n\tEngineVersion=5.1.19041.5007\r\n\tRunspaceId=442b6f91-731b-40da-b1dd-e7bd551dd4a1\r\n\tPipelineId=\r\n\tCommandName=\r\n\tCommandType=\r\n\tScriptName=\r\n\tCommandPath=\r\n\tCommandLine=","Binary":""}}}
