{"Event":{"System":{"Provider":{"@Name":"PowerShell"},"EventID":{"@Qualifiers":"0","#text":"600"},"Version":"0","Level":"4","Task":"6","Opcode":"0","Keywords":"0x80000000000000","TimeCreated":{"@SystemTime":"2024-10-24 09:39:30.9708680"},"EventRecordID":"1136","Correlation":null,"Execution":{"@ProcessID":"0","@ThreadID":"0"},"Channel":"Windows PowerShell","Computer":"Server002","Security":null},"EventData":{"Data":"Registry, Started, \tProviderName=Registry\r\n\tNewProviderState=Started\r\n\r\n\tSequenceNumber=1\r\n\r\n\tHostName=ConsoleHost\r\n\tHostVersion=5.1.19041.5007\r\n\tHostId=5e52c88f-2328-4fc9-b360-a6c55480aaeb\r\n\tHostApplication=powershell.exe &amp; {Import-Module -Name AzureAD\r\n$PWord = ConvertTo-SecureString -String \"p4sswd\" -AsPlainText -Force\r\n$Credential = New-Object -TypeName System.Management.Automation.PSCredential -ArgumentList \"jonh@contoso.com\", $Pword\r\nConnect-AzureAD -Credential $Credential\r\n\r\n$user = Get-AzureADUser -Filter \"DisplayName eq 'SuperUser' or UserPrincipalName eq 'SuperUser'\"\r\nif ($user -eq $null) { Write-Warning \"User not found\"; exit }\r\n$role = Get-AzureADDirectoryRole -Filter \"DisplayName eq 'Global Reader'\"\r\nif ($role -eq $null) { Write-Warning \"Role not found\"; exit }\r\nAdd-AzureADDirectoryRoleMember -ObjectId $role.ObjectId -RefObjectId $user.ObjectId\r\nWrite-Host \"User $($user.DisplayName) was added to $($role.DisplayName) role\"}\r\n\tEngineVersion=\r\n\tRunspaceId=\r\n\tPipelineId=\r\n\tCommandName=\r\n\tCommandType=\r\n\tScriptName=\r\n\tCommandPath=\r\n\tCommandLine=","Binary":""}}}
{"Event":{"System":{"Provider":{"@Name":"PowerShell"},"EventID":{"@Qualifiers":"0","#text":"600"},"Version":"0","Level":"4","Task":"6","Opcode":"0","Keywords":"0x80000000000000","TimeCreated":{"@SystemTime":"2024-10-24 09:39:30.9708680"},"EventRecordID":"1137","Correlation":null,"Execution":{"@ProcessID":"0","@ThreadID":"0"},"Channel":"Windows PowerShell","Computer":"Server002","Security":null},"EventData":{"Data":"Alias, Started, \tProviderName=Alias\r\n\tNewProviderState=Started\r\n\r\n\tSequenceNumber=3\r\n\r\n\tHostName=ConsoleHost\r\n\tHostVersion=5.1.19041.5007\r\n\tHostId=5e52c88f-2328-4fc9-b360-a6c55480aaeb\r\n\tHostApplication=powershell.exe &amp; {Import-Module -Name AzureAD\r\n$PWord = ConvertTo-SecureString -String \"p4sswd\" -AsPlainText -Force\r\n$Credential = New-Object -TypeName System.Management.Automation.PSCredential -ArgumentList \"jonh@contoso.com\", $Pword\r\nConnect-AzureAD -Credential $Credential\r\n\r\n$user = Get-AzureADUser -Filter \"DisplayName eq 'SuperUser' or UserPrincipalName eq 'SuperUser'\"\r\nif ($user -eq $null) { Write-Warning \"User not found\"; exit }\r\n$role = Get-AzureADDirectoryRole -Filter \"DisplayName eq 'Global Reader'\"\r\nif ($role -eq $null) { Write-Warning \"Role not found\"; exit }\r\nAdd-AzureADDirectoryRoleMember -ObjectId $role.ObjectId -RefObjectId $user.ObjectId\r\nWrite-Host \"User $($user.DisplayName) was added to $($role.DisplayName) role\"}\r\n\tEngineVersion=\r\n\tRunspaceId=\r\n\tPipelineId=\r\n\tCommandName=\r\n\tCommandType=\r\n\tScriptName=\r\n\tCommandPath=\r\n\tCommandLine=","Binary":""}}}
{"Event":{"System":{"Provider":{"@Name":"PowerShell"},"EventID":{"@Qualifiers":"0","#text":"600"},"Version":"0","Level":"4","Task":"6","Opcode":"0","Keywords":"0x80000000000000","TimeCreated":{"@SystemTime":"2024-10-24 09:39:30.9708680"},"EventRecordID":"1138","Correlation":null,"Execution":{"@ProcessID":"0","@ThreadID":"0"},"Channel":"Windows PowerShell","Computer":"Server002","Security":null},"EventData":{"Data":"Environment, Started, \tProviderName=Environment\r\n\tNewProviderState=Started\r\n\r\n\tSequenceNumber=5\r\n\r\n\tHostName=ConsoleHost\r\n\tHostVersion=5.1.19041.5007\r\n\tHostId=5e52c88f-2328-4fc9-b360-a6c55480aaeb\r\n\tHostApplication=powershell.exe &amp; {Import-Module -Name AzureAD\r\n$PWord = ConvertTo-SecureString -String \"p4sswd\" -AsPlainText -Force\r\n$Credential = New-Object -TypeName System.Management.Automation.PSCredential -ArgumentList \"jonh@contoso.com\", $Pword\r\nConnect-AzureAD -Credential $Credential\r\n\r\n$user = Get-AzureADUser -Filter \"DisplayName eq 'SuperUser' or UserPrincipalName eq 'SuperUser'\"\r\nif ($user -eq $null) { Write-Warning \"User not found\"; exit }\r\n$role = Get-AzureADDirectoryRole -Filter \"DisplayName eq 'Global Reader'\"\r\nif ($role -eq $null) { Write-Warning \"Role not found\"; exit }\r\nAdd-AzureADDirectoryRoleMember -ObjectId $role.ObjectId -RefObjectId $user.ObjectId\r\nWrite-Host \"User $($user.DisplayName) was added to $($role.DisplayName) role\"}\r\n\tEngineVersion=\r\n\tRunspaceId=\r\n\tPipelineId=\r\n\tCommandName=\r\n\tCommandType=\r\n\tScriptName=\r\n\tCommandPath=\r\n\tCommandLine=","Binary":""}}}
{"Event":{"System":{"Provider":{"@Name":"PowerShell"},"EventID":{"@Qualifiers":"0","#text":"600"},"Version":"0","Level":"4","Task":"6","Opcode":"0","Keywords":"0x80000000000000","TimeCreated":{"@SystemTime":"2024-10-24 09:39:30.9763866"},"EventRecordID":"1139","Correlation":null,"Execution":{"@ProcessID":"0","@ThreadID":"0"},"Channel":"Windows PowerShell","Computer":"Server002","Security":null},"EventData":{"Data":"FileSystem, Started, \tProviderName=FileSystem\r\n\tNewProviderState=Started\r\n\r\n\tSequenceNumber=7\r\n\r\n\tHostName=ConsoleHost\r\n\tHostVersion=5.1.19041.5007\r\n\tHostId=5e52c88f-2328-4fc9-b360-a6c55480aaeb\r\n\tHostApplication=powershell.exe &amp; {Import-Module -Name AzureAD\r\n$PWord = ConvertTo-SecureString -String \"p4sswd\" -AsPlainText -Force\r\n$Credential = New-Object -TypeName System.Management.Automation.PSCredential -ArgumentList \"jonh@contoso.com\", $Pword\r\nConnect-AzureAD -Credential $Credential\r\n\r\n$user = Get-AzureADUser -Filter \"DisplayName eq 'SuperUser' or UserPrincipalName eq 'SuperUser'\"\r\nif ($user -eq $null) { Write-Warning \"User not found\"; exit }\r\n$role = Get-AzureADDirectoryRole -Filter \"DisplayName eq 'Global Reader'\"\r\nif ($role -eq $null) { Write-Warning \"Role not found\"; exit }\r\nAdd-AzureADDirectoryRoleMember -ObjectId $role.ObjectId -RefObjectId $user.ObjectId\r\nWrite-Host \"User $($user.DisplayName) was added to $($role.DisplayName) role\"}\r\n\tEngineVersion=\r\n\tRunspaceId=\r\n\tPipelineId=\r\n\tCommandName=\r\n\tCommandType=\r\n\tScriptName=\r\n\tCommandPath=\r\n\tCommandLine=","Binary":""}}}
{"Event":{"System":{"Provider":{"@Name":"PowerShell"},"EventID":{"@Qualifiers":"0","#text":"600"},"Version":"0","Level":"4","Task":"6","Opcode":"0","Keywords":"0x80000000000000","TimeCreated":{"@SystemTime":"2024-10-24 09:39:30.9780987"},"EventRecordID":"1140","Correlation":null,"Execution":{"@ProcessID":"0","@ThreadID":"0"},"Channel":"Windows PowerShell","Computer":"Server002","Security":null},"EventData":{"Data":"Function, Started, \tProviderName=Function\r\n\tNewProviderState=Started\r\n\r\n\tSequenceNumber=9\r\n\r\n\tHostName=ConsoleHost\r\n\tHostVersion=5.1.19041.5007\r\n\tHostId=5e52c88f-2328-4fc9-b360-a6c55480aaeb\r\n\tHostApplication=powershell.exe &amp; {Import-Module -Name AzureAD\r\n$PWord = ConvertTo-SecureString -String \"p4sswd\" -AsPlainText -Force\r\n$Credential = New-Object -TypeName System.Management.Automation.PSCredential -ArgumentList \"jonh@contoso.com\", $Pword\r\nConnect-AzureAD -Credential $Credential\r\n\r\n$user = Get-AzureADUser -Filter \"DisplayName eq 'SuperUser' or UserPrincipalName eq 'SuperUser'\"\r\nif ($user -eq $null) { Write-Warning \"User not found\"; exit }\r\n$role = Get-AzureADDirectoryRole -Filter \"DisplayName eq 'Global Reader'\"\r\nif ($role -eq $null) { Write-Warning \"Role not found\"; exit }\r\nAdd-AzureADDirectoryRoleMember -ObjectId $role.ObjectId -RefObjectId $user.ObjectId\r\nWrite-Host \"User $($user.DisplayName) was added to $($role.DisplayName) role\"}\r\n\tEngineVersion=\r\n\tRunspaceId=\r\n\tPipelineId=\r\n\tCommandName=\r\n\tCommandType=\r\n\tScriptName=\r\n\tCommandPath=\r\n\tCommandLine=","Binary":""}}}
{"Event":{"System":{"Provider":{"@Name":"PowerShell"},"EventID":{"@Qualifiers":"0","#text":"600"},"Version":"0","Level":"4","Task":"6","Opcode":"0","Keywords":"0x80000000000000","TimeCreated":{"@SystemTime":"2024-10-24 09:39:30.9784626"},"EventRecordID":"1141","Correlation":null,"Execution":{"@ProcessID":"0","@ThreadID":"0"},"Channel":"Windows PowerShell","Computer":"Server002","Security":null},"EventData":{"Data":"Variable, Started, \tProviderName=Variable\r\n\tNewProviderState=Started\r\n\r\n\tSequenceNumber=11\r\n\r\n\tHostName=ConsoleHost\r\n\tHostVersion=5.1.19041.5007\r\n\tHostId=5e52c88f-2328-4fc9-b360-a6c55480aaeb\r\n\tHostApplication=powershell.exe &amp; {Import-Module -Name AzureAD\r\n$PWord = ConvertTo-SecureString -String \"p4sswd\" -AsPlainText -Force\r\n$Credential = New-Object -TypeName System.Management.Automation.PSCredential -ArgumentList \"jonh@contoso.com\", $Pword\r\nConnect-AzureAD -Credential $Credential\r\n\r\n$user = Get-AzureADUser -Filter \"DisplayName eq 'SuperUser' or UserPrincipalName eq 'SuperUser'\"\r\nif ($user -eq $null) { Write-Warning \"User not found\"; exit }\r\n$role = Get-AzureADDirectoryRole -Filter \"DisplayName eq 'Global Reader'\"\r\nif ($role -eq $null) { Write-Warning \"Role not found\"; exit }\r\nAdd-AzureADDirectoryRoleMember -ObjectId $role.ObjectId -RefObjectId $user.ObjectId\r\nWrite-Host \"User $($user.DisplayName) was added to $($role.DisplayName) role\"}\r\n\tEngineVersion=\r\n\tRunspaceId=\r\n\tPipelineId=\r\n\tCommandName=\r\n\tCommandType=\r\n\tScriptName=\r\n\tCommandPath=\r\n\tCommandLine=","Binary":""}}}
{"Event":{"System":{"Provider":{"@Name":"PowerShell"},"EventID":{"@Qualifiers":"0","#text":"400"},"Version":"0","Level":"4","Task":"4","Opcode":"0","Keywords":"0x80000000000000","TimeCreated":{"@SystemTime":"2024-10-24 09:39:31.3012749"},"EventRecordID":"1142","Correlation":null,"Execution":{"@ProcessID":"0","@ThreadID":"0"},"Channel":"Windows PowerShell","Computer":"Server002","Security":null},"EventData":{"Data":"Available, None, \tNewEngineState=Available\r\n\tPreviousEngineState=None\r\n\r\n\tSequenceNumber=13\r\n\r\n\tHostName=ConsoleHost\r\n\tHostVersion=5.1.19041.5007\r\n\tHostId=5e52c88f-2328-4fc9-b360-a6c55480aaeb\r\n\tHostApplication=powershell.exe &amp; {Import-Module -Name AzureAD\r\n$PWord = ConvertTo-SecureString -String \"p4sswd\" -AsPlainText -Force\r\n$Credential = New-Object -TypeName System.Management.Automation.PSCredential -ArgumentList \"jonh@contoso.com\", $Pword\r\nConnect-AzureAD -Credential $Credential\r\n\r\n$user = Get-AzureADUser -Filter \"DisplayName eq 'SuperUser' or UserPrincipalName eq 'SuperUser'\"\r\nif ($user -eq $null) { Write-Warning \"User not found\"; exit }\r\n$role = Get-AzureADDirectoryRole -Filter \"DisplayName eq 'Global Reader'\"\r\nif ($role -eq $null) { Write-Warning \"Role not found\"; exit }\r\nAdd-AzureADDirectoryRoleMember -ObjectId $role.ObjectId -RefObjectId $user.ObjectId\r\nWrite-Host \"User $($user.DisplayName) was added to $($role.DisplayName) role\"}\r\n\tEngineVersion=5.1.19041.5007\r\n\tRunspaceId=9f8b3c18-606d-4dc1-ae83-7e71815a0c34\r\n\tPipelineId=\r\n\tCommandName=\r\n\tCommandType=\r\n\tScriptName=\r\n\tCommandPath=\r\n\tCommandLine=","Binary":""}}}
{"Event":{"System":{"Provider":{"@Name":"PowerShell"},"EventID":{"@Qualifiers":"0","#text":"600"},"Version":"0","Level":"4","Task":"6","Opcode":"0","Keywords":"0x80000000000000","TimeCreated":{"@SystemTime":"2024-10-24 09:39:32.4880403"},"EventRecordID":"1143","Correlation":null,"Execution":{"@ProcessID":"0","@ThreadID":"0"},"Channel":"Windows PowerShell","Computer":"Server002","Security":null},"EventData":{"Data":"Certificate, Started, \tProviderName=Certificate\r\n\tNewProviderState=Started\r\n\r\n\tSequenceNumber=15\r\n\r\n\tHostName=ConsoleHost\r\n\tHostVersion=5.1.19041.5007\r\n\tHostId=5e52c88f-2328-4fc9-b360-a6c55480aaeb\r\n\tHostApplication=powershell.exe &amp; {Import-Module -Name AzureAD\r\n$PWord = ConvertTo-SecureString -String \"p4sswd\" -AsPlainText -Force\r\n$Credential = New-Object -TypeName System.Management.Automation.PSCredential -ArgumentList \"jonh@contoso.com\", $Pword\r\nConnect-AzureAD -Credential $Credential\r\n\r\n$user = Get-AzureADUser -Filter \"DisplayName eq 'SuperUser' or UserPrincipalName eq 'SuperUser'\"\r\nif ($user -eq $null) { Write-Warning \"User not found\"; exit }\r\n$role = Get-AzureADDirectoryRole -Filter \"DisplayName eq 'Global Reader'\"\r\nif ($role -eq $null) { Write-Warning \"Role not found\"; exit }\r\nAdd-AzureADDirectoryRoleMember -ObjectId $role.ObjectId -RefObjectId $user.ObjectId\r\nWrite-Host \"User $($user.DisplayName) was added to $($role.DisplayName) role\"}\r\n\tEngineVersion=5.1.19041.5007\r\n\tRunspaceId=9f8b3c18-606d-4dc1-ae83-7e71815a0c34\r\n\tPipelineId=2\r\n\tCommandName=\r\n\tCommandType=\r\n\tScriptName=\r\n\tCommandPath=\r\n\tCommandLine=","Binary":""}}}
{"Event":{"System":{"Provider":{"@Name":"PowerShell"},"EventID":{"@Qualifiers":"0","#text":"403"},"Version":"0","Level":"4","Task":"4","Opcode":"0","Keywords":"0x80000000000000","TimeCreated":{"@SystemTime":"2024-10-24 09:39:32.6625460"},"EventRecordID":"1144","Correlation":null,"Execution":{"@ProcessID":"0","@ThreadID":"0"},"Channel":"Windows PowerShell","Computer":"Server002","Security":null},"EventData":{"Data":"Stopped, Available, \tNewEngineState=Stopped\r\n\tPreviousEngineState=Available\r\n\r\n\tSequenceNumber=17\r\n\r\n\tHostName=ConsoleHost\r\n\tHostVersion=5.1.19041.5007\r\n\tHostId=5e52c88f-2328-4fc9-b360-a6c55480aaeb\r\n\tHostApplication=powershell.exe &amp; {Import-Module -Name AzureAD\r\n$PWord = ConvertTo-SecureString -String \"p4sswd\" -AsPlainText -Force\r\n$Credential = New-Object -TypeName System.Management.Automation.PSCredential -ArgumentList \"jonh@contoso.com\", $Pword\r\nConnect-AzureAD -Credential $Credential\r\n\r\n$user = Get-AzureADUser -Filter \"DisplayName eq 'SuperUser' or UserPrincipalName eq 'SuperUser'\"\r\nif ($user -eq $null) { Write-Warning \"User not found\"; exit }\r\n$role = Get-AzureADDirectoryRole -Filter \"DisplayName eq 'Global Reader'\"\r\nif ($role -eq $null) { Write-Warning \"Role not found\"; exit }\r\nAdd-AzureADDirectoryRoleMember -ObjectId $role.ObjectId -RefObjectId $user.ObjectId\r\nWrite-Host \"User $($user.DisplayName) was added to $($role.DisplayName) role\"}\r\n\tEngineVersion=5.1.19041.5007\r\n\tRunspaceId=9f8b3c18-606d-4dc1-ae83-7e71815a0c34\r\n\tPipelineId=\r\n\tCommandName=\r\n\tCommandType=\r\n\tScriptName=\r\n\tCommandPath=\r\n\tCommandLine=","Binary":""}}}
