{"Event":{"System":{"Provider":{"@Name":"PowerShell"},"EventID":{"@Qualifiers":"0","#text":"600"},"Version":"0","Level":"4","Task":"6","Opcode":"0","Keywords":"0x80000000000000","TimeCreated":{"@SystemTime":"2024-10-26 17:45:17.0149812"},"EventRecordID":"1043","Correlation":null,"Execution":{"@ProcessID":"0","@ThreadID":"0"},"Channel":"Windows PowerShell","Computer":"Server002","Security":null},"EventData":{"Data":"Registry, Started, \tProviderName=Registry\r\n\tNewProviderState=Started\r\n\r\n\tSequenceNumber=1\r\n\r\n\tHostName=ConsoleHost\r\n\tHostVersion=5.1.19041.5007\r\n\tHostId=8ce2e179-ad36-451d-ab18-0f8f1c571389\r\n\tHostApplication=powershell.exe &amp; {$file = Join-Path $env:USERPROFILE \"Desktop\\rustdesk-1.2.3-1-x86_64.exe\"\r\nInvoke-WebRequest -OutFile $file https://github.com/rustdesk/rustdesk/releases/download/1.2.3-1/rustdesk-1.2.3-1-x86_64.exe\r\nStart-Process -FilePath $file \"/S\"}\r\n\tEngineVersion=\r\n\tRunspaceId=\r\n\tPipelineId=\r\n\tCommandName=\r\n\tCommandType=\r\n\tScriptName=\r\n\tCommandPath=\r\n\tCommandLine=","Binary":""}}}
{"Event":{"System":{"Provider":{"@Name":"PowerShell"},"EventID":{"@Qualifiers":"0","#text":"600"},"Version":"0","Level":"4","Task":"6","Opcode":"0","Keywords":"0x80000000000000","TimeCreated":{"@SystemTime":"2024-10-26 17:45:17.0149812"},"EventRecordID":"1044","Correlation":null,"Execution":{"@ProcessID":"0","@ThreadID":"0"},"Channel":"Windows PowerShell","Computer":"Server002","Security":null},"EventData":{"Data":"Alias, Started, \tProviderName=Alias\r\n\tNewProviderState=Started\r\n\r\n\tSequenceNumber=3\r\n\r\n\tHostName=ConsoleHost\r\n\tHostVersion=5.1.19041.5007\r\n\tHostId=8ce2e179-ad36-451d-ab18-0f8f1c571389\r\n\tHostApplication=powershell.exe &amp; {$file = Join-Path $env:USERPROFILE \"Desktop\\rustdesk-1.2.3-1-x86_64.exe\"\r\nInvoke-WebRequest -OutFile $file https://github.com/rustdesk/rustdesk/releases/download/1.2.3-1/rustdesk-1.2.3-1-x86_64.exe\r\nStart-Process -FilePath $file \"/S\"}\r\n\tEngineVersion=\r\n\tRunspaceId=\r\n\tPipelineId=\r\n\tCommandName=\r\n\tCommandType=\r\n\tScriptName=\r\n\tCommandPath=\r\n\tCommandLine=","Binary":""}}}
{"Event":{"System":{"Provider":{"@Name":"PowerShell"},"EventID":{"@Qualifiers":"0","#text":"600"},"Version":"0","Level":"4","Task":"6","Opcode":"0","Keywords":"0x80000000000000","TimeCreated":{"@SystemTime":"2024-10-26 17:45:17.0149812"},"EventRecordID":"1045","Correlation":null,"Execution":{"@ProcessID":"0","@ThreadID":"0"},"Channel":"Windows PowerShell","Computer":"Server002","Security":null},"EventData":{"Data":"Environment, Started, \tProviderName=Environment\r\n\tNewProviderState=Started\r\n\r\n\tSequenceNumber=5\r\n\r\n\tHostName=ConsoleHost\r\n\tHostVersion=5.1.19041.5007\r\n\tHostId=8ce2e179-ad36-451d-ab18-0f8f1c571389\r\n\tHostApplication=powershell.exe &amp; {$file = Join-Path $env:USERPROFILE \"Desktop\\rustdesk-1.2.3-1-x86_64.exe\"\r\nInvoke-WebRequest -OutFile $file https://github.com/rustdesk/rustdesk/releases/download/1.2.3-1/rustdesk-1.2.3-1-x86_64.exe\r\nStart-Process -FilePath $file \"/S\"}\r\n\tEngineVersion=\r\n\tRunspaceId=\r\n\tPipelineId=\r\n\tCommandName=\r\n\tCommandType=\r\n\tScriptName=\r\n\tCommandPath=\r\n\tCommandLine=","Binary":""}}}
{"Event":{"System":{"Provider":{"@Name":"PowerShell"},"EventID":{"@Qualifiers":"0","#text":"600"},"Version":"0","Level":"4","Task":"6","Opcode":"0","Keywords":"0x80000000000000","TimeCreated":{"@SystemTime":"2024-10-26 17:45:17.0149812"},"EventRecordID":"1046","Correlation":null,"Execution":{"@ProcessID":"0","@ThreadID":"0"},"Channel":"Windows PowerShell","Computer":"Server002","Security":null},"EventData":{"Data":"FileSystem, Started, \tProviderName=FileSystem\r\n\tNewProviderState=Started\r\n\r\n\tSequenceNumber=7\r\n\r\n\tHostName=ConsoleHost\r\n\tHostVersion=5.1.19041.5007\r\n\tHostId=8ce2e179-ad36-451d-ab18-0f8f1c571389\r\n\tHostApplication=powershell.exe &amp; {$file = Join-Path $env:USERPROFILE \"Desktop\\rustdesk-1.2.3-1-x86_64.exe\"\r\nInvoke-WebRequest -OutFile $file https://github.com/rustdesk/rustdesk/releases/download/1.2.3-1/rustdesk-1.2.3-1-x86_64.exe\r\nStart-Process -FilePath $file \"/S\"}\r\n\tEngineVersion=\r\n\tRunspaceId=\r\n\tPipelineId=\r\n\tCommandName=\r\n\tCommandType=\r\n\tScriptName=\r\n\tCommandPath=\r\n\tCommandLine=","Binary":""}}}
{"Event":{"System":{"Provider":{"@Name":"PowerShell"},"EventID":{"@Qualifiers":"0","#text":"600"},"Version":"0","Level":"4","Task":"6","Opcode":"0","Keywords":"0x80000000000000","TimeCreated":{"@SystemTime":"2024-10-26 17:45:17.0149812"},"EventRecordID":"1047","Correlation":null,"Execution":{"@ProcessID":"0","@ThreadID":"0"},"Channel":"Windows PowerShell","Computer":"Server002","Security":null},"EventData":{"Data":"Function, Started, \tProviderName=Function\r\n\tNewProviderState=Started\r\n\r\n\tSequenceNumber=9\r\n\r\n\tHostName=ConsoleHost\r\n\tHostVersion=5.1.19041.5007\r\n\tHostId=8ce2e179-ad36-451d-ab18-0f8f1c571389\r\n\tHostApplication=powershell.exe &amp; {$file = Join-Path $env:USERPROFILE \"Desktop\\rustdesk-1.2.3-1-x86_64.exe\"\r\nInvoke-WebRequest -OutFile $file https://github.com/rustdesk/rustdesk/releases/download/1.2.3-1/rustdesk-1.2.3-1-x86_64.exe\r\nStart-Process -FilePath $file \"/S\"}\r\n\tEngineVersion=\r\n\tRunspaceId=\r\n\tPipelineId=\r\n\tCommandName=\r\n\tCommandType=\r\n\tScriptName=\r\n\tCommandPath=\r\n\tCommandLine=","Binary":""}}}
{"Event":{"System":{"Provider":{"@Name":"PowerShell"},"EventID":{"@Qualifiers":"0","#text":"600"},"Version":"0","Level":"4","Task":"6","Opcode":"0","Keywords":"0x80000000000000","TimeCreated":{"@SystemTime":"2024-10-26 17:45:17.0149812"},"EventRecordID":"1048","Correlation":null,"Execution":{"@ProcessID":"0","@ThreadID":"0"},"Channel":"Windows PowerShell","Computer":"Server002","Security":null},"EventData":{"Data":"Variable, Started, \tProviderName=Variable\r\n\tNewProviderState=Started\r\n\r\n\tSequenceNumber=11\r\n\r\n\tHostName=ConsoleHost\r\n\tHostVersion=5.1.19041.5007\r\n\tHostId=8ce2e179-ad36-451d-ab18-0f8f1c571389\r\n\tHostApplication=powershell.exe &amp; {$file = Join-Path $env:USERPROFILE \"Desktop\\rustdesk-1.2.3-1-x86_64.exe\"\r\nInvoke-WebRequest -OutFile $file https://github.com/rustdesk/rustdesk/releases/download/1.2.3-1/rustdesk-1.2.3-1-x86_64.exe\r\nStart-Process -FilePath $file \"/S\"}\r\n\tEngineVersion=\r\n\tRunspaceId=\r\n\tPipelineId=\r\n\tCommandName=\r\n\tCommandType=\r\n\tScriptName=\r\n\tCommandPath=\r\n\tCommandLine=","Binary":""}}}
{"Event":{"System":{"Provider":{"@Name":"PowerShell"},"EventID":{"@Qualifiers":"0","#text":"400"},"Version":"0","Level":"4","Task":"4","Opcode":"0","Keywords":"0x80000000000000","TimeCreated":{"@SystemTime":"2024-10-26 17:45:17.1245666"},"EventRecordID":"1049","Correlation":null,"Execution":{"@ProcessID":"0","@ThreadID":"0"},"Channel":"Windows PowerShell","Computer":"Server002","Security":null},"EventData":{"Data":"Available, None, \tNewEngineState=Available\r\n\tPreviousEngineState=None\r\n\r\n\tSequenceNumber=13\r\n\r\n\tHostName=ConsoleHost\r\n\tHostVersion=5.1.19041.5007\r\n\tHostId=8ce2e179-ad36-451d-ab18-0f8f1c571389\r\n\tHostApplication=powershell.exe &amp; {$file = Join-Path $env:USERPROFILE \"Desktop\\rustdesk-1.2.3-1-x86_64.exe\"\r\nInvoke-WebRequest -OutFile $file https://github.com/rustdesk/rustdesk/releases/download/1.2.3-1/rustdesk-1.2.3-1-x86_64.exe\r\nStart-Process -FilePath $file \"/S\"}\r\n\tEngineVersion=5.1.19041.5007\r\n\tRunspaceId=64906f9c-38fb-430b-87b7-fcf3d1109dae\r\n\tPipelineId=\r\n\tCommandName=\r\n\tCommandType=\r\n\tScriptName=\r\n\tCommandPath=\r\n\tCommandLine=","Binary":""}}}
{"Event":{"System":{"Provider":{"@Name":"PowerShell"},"EventID":{"@Qualifiers":"0","#text":"403"},"Version":"0","Level":"4","Task":"4","Opcode":"0","Keywords":"0x80000000000000","TimeCreated":{"@SystemTime":"2024-10-26 17:46:11.9371782"},"EventRecordID":"1050","Correlation":null,"Execution":{"@ProcessID":"0","@ThreadID":"0"},"Channel":"Windows PowerShell","Computer":"Server002","Security":null},"EventData":{"Data":"Stopped, Available, \tNewEngineState=Stopped\r\n\tPreviousEngineState=Available\r\n\r\n\tSequenceNumber=15\r\n\r\n\tHostName=ConsoleHost\r\n\tHostVersion=5.1.19041.5007\r\n\tHostId=8ce2e179-ad36-451d-ab18-0f8f1c571389\r\n\tHostApplication=powershell.exe &amp; {$file = Join-Path $env:USERPROFILE \"Desktop\\rustdesk-1.2.3-1-x86_64.exe\"\r\nInvoke-WebRequest -OutFile $file https://github.com/rustdesk/rustdesk/releases/download/1.2.3-1/rustdesk-1.2.3-1-x86_64.exe\r\nStart-Process -FilePath $file \"/S\"}\r\n\tEngineVersion=5.1.19041.5007\r\n\tRunspaceId=64906f9c-38fb-430b-87b7-fcf3d1109dae\r\n\tPipelineId=\r\n\tCommandName=\r\n\tCommandType=\r\n\tScriptName=\r\n\tCommandPath=\r\n\tCommandLine=","Binary":""}}}
