{"ExecutableInfo":"dwm.exe | KERNELBASE.dll | \\C:\\ProgramData\\Microsoft\\Windows\\WER\\ReportArchive\\AppCrash_dwm.exe","MapDescription":"Application Crash","ChunkNumber":0,"Computer":"Server002","Payload":"{\"EventData\":{\"Data\":\"1667802761464930969, 4, APPCRASH, Not available, 0, dwm.exe, 10.0.19041.746, 6be51595, KERNELBASE.dll, 10.0.19041.2913, a1c3e870, 8898009b, 000000000012d862, \\n\\\\\\\\?\\\\C:\\\\ProgramData\\\\Microsoft\\\\Windows\\\\WER\\\\Temp\\\\WER440D.tmp.dmp\\n\\\\\\\\?\\\\C:\\\\ProgramData\\\\Microsoft\\\\Windows\\\\WER\\\\Temp\\\\WER4547.tmp.WERInternalMetadata.xml\\n\\\\\\\\?\\\\C:\\\\ProgramData\\\\Microsoft\\\\Windows\\\\WER\\\\Temp\\\\WER4577.tmp.xml\\n\\\\\\\\?\\\\C:\\\\ProgramData\\\\Microsoft\\\\Windows\\\\WER\\\\Temp\\\\WER4584.tmp.csv\\n\\\\\\\\?\\\\C:\\\\ProgramData\\\\Microsoft\\\\Windows\\\\WER\\\\Temp\\\\WER4585.tmp.txt, \\\\\\\\?\\\\C:\\\\ProgramData\\\\Microsoft\\\\Windows\\\\WER\\\\ReportArchive\\\\AppCrash_dwm.exe_caeaf81633b086e8f93cbe9111218befab2b21a_c2f10bab_e2b2655a-e104-4753-89d1-5cc82a4d6937, 0, e145a521-16ff-46be-9b24-0a9b544586c1, 268435456, 2e4db8fee4c9a698172539c670886299, 0\",\"Binary\":\"\"}}","Channel":"Application","Provider":"Windows Error Reporting","EventId":1001,"EventRecordId":"1034","ProcessId":0,"ThreadId":0,"Level":"Info","Keywords":"0x80000000000000","SourceFile":"D:\\benign_log_combined_latest_used_actually\\new_benign\\application_4100.evtx","ExtraDataOffset":0,"HiddenRecord":false,"TimeCreated":"2024-09-23T13:22:49.3533494+00:00","RecordNumber":63}
{"ChunkNumber":0,"Computer":"Server002","Payload":"{\"EventData\":{\"Data\":\"0x8898009b, 1, VirtualBox Graphics Adapter (WDDM)\",\"Binary\":\"\"}}","Channel":"Application","Provider":"Dwminit","EventId":0,"EventRecordId":"1035","ProcessId":0,"ThreadId":0,"Level":"Warning","Keywords":"0x80000000000000","SourceFile":"D:\\benign_log_combined_latest_used_actually\\new_benign\\application_4100.evtx","ExtraDataOffset":0,"HiddenRecord":false,"TimeCreated":"2024-09-23T13:22:49.6190342+00:00","RecordNumber":64}
{"ChunkNumber":0,"Computer":"Server002","Payload":"{\"EventData\":{\"Data\":\"\",\"Binary\":\"\"}}","Channel":"Application","Provider":"Desktop Window Manager","EventId":9027,"EventRecordId":"1036","ProcessId":0,"ThreadId":0,"Level":"Info","Keywords":"0x80000000000000","SourceFile":"D:\\benign_log_combined_latest_used_actually\\new_benign\\application_4100.evtx","ExtraDataOffset":0,"HiddenRecord":false,"TimeCreated":"2024-09-23T13:22:49.7577194+00:00","RecordNumber":65}
{"ExecutableInfo":"dwm.exe | KERNELBASE.dll | C:\\Windows\\system32\\dwm.exe | C:\\Windows\\System32\\KERNELBASE.dll","MapDescription":"Application Error","ChunkNumber":0,"Computer":"Server002","Payload":"{\"EventData\":{\"Data\":\"dwm.exe, 10.0.19041.746, 6be51595, KERNELBASE.dll, 10.0.19041.2913, a1c3e870, 8898009b, 000000000012d862, 113c, 01db0dbbafc0675b, C:\\\\Windows\\\\system32\\\\dwm.exe, C:\\\\Windows\\\\System32\\\\KERNELBASE.dll, f60bf7d2-54cb-4b87-ab3a-8cc5577a7d7b\",\"Binary\":\"\"}}","Channel":"Application","Provider":"Application Error","EventId":1000,"EventRecordId":"1037","ProcessId":0,"ThreadId":0,"Level":"Error","Keywords":"0x80000000000000","SourceFile":"D:\\benign_log_combined_latest_used_actually\\new_benign\\application_4100.evtx","ExtraDataOffset":0,"HiddenRecord":false,"TimeCreated":"2024-09-23T13:22:51.2737667+00:00","RecordNumber":66}
{"ChunkNumber":0,"Computer":"Server002","Payload":"{\"EventData\":{\"Data\":\"TriggerStarted:6\",\"Binary\":\"\"}}","Channel":"Application","Provider":"Microsoft-Windows-Security-SPP","EventId":900,"EventRecordId":"1038","ProcessId":0,"ThreadId":0,"Level":"Info","Keywords":"0x80000000000000","SourceFile":"D:\\benign_log_combined_latest_used_actually\\new_benign\\application_4100.evtx","ExtraDataOffset":0,"HiddenRecord":false,"TimeCreated":"2024-09-23T13:22:52.9475930+00:00","RecordNumber":67}
{"ChunkNumber":0,"Computer":"Server002","Payload":"{\"EventData\":{\"Data\":\"\",\"Binary\":\"\"}}","Channel":"Application","Provider":"Microsoft-Windows-Security-SPP","EventId":16394,"EventRecordId":"1039","ProcessId":0,"ThreadId":0,"Level":"Info","Keywords":"0x80000000000000","SourceFile":"D:\\benign_log_combined_latest_used_actually\\new_benign\\application_4100.evtx","ExtraDataOffset":0,"HiddenRecord":false,"TimeCreated":"2024-09-23T13:22:53.0231836+00:00","RecordNumber":68}
{"ChunkNumber":0,"Computer":"Server002","Payload":"{\"EventData\":{\"Data\":\"C:\\\\Windows\\\\system32\\\\sppwinob.dll, msft:spp/windowsfunctionality/agent/7.0, 0x00000000, 0x00000000\\nC:\\\\Windows\\\\system32\\\\sppobjs.dll, msft:rm/algorithm/inherited/1.0, 0x00000000, 0x00000000\\nC:\\\\Windows\\\\system32\\\\sppobjs.dll, msft:rm/algorithm/phone/1.0, 0x00000000, 0x00000000\\nC:\\\\Windows\\\\system32\\\\sppobjs.dll, msft:rm/algorithm/pkey/detect, 0x00000000, 0x00000000\\nC:\\\\Windows\\\\system32\\\\sppobjs.dll, msft:spp/ActionScheduler/1.0, 0x00000000, 0x00000000\\nC:\\\\Windows\\\\system32\\\\sppobjs.dll, msft:spp/TaskScheduler/1.0, 0x00000000, 0x00000000\\nC:\\\\Windows\\\\system32\\\\sppobjs.dll, msft:spp/statecollector/pkey, 0x00000000, 0x00000000\\nC:\\\\Windows\\\\system32\\\\sppobjs.dll, msft:spp/volume/services/kms/1.0, 0x00000000, 0x00000000\\nC:\\\\Windows\\\\system32\\\\sppobjs.dll, msft:spp/volume/services/kms/activationinfo/1.0, 0x00000000, 0x00000000\\n\",\"Binary\":\"\"}}","Channel":"Application","Provider":"Microsoft-Windows-Security-SPP","EventId":1066,"EventRecordId":"1040","ProcessId":0,"ThreadId":0,"Level":"Info","Keywords":"0x80000000000000","SourceFile":"D:\\benign_log_combined_latest_used_actually\\new_benign\\application_4100.evtx","ExtraDataOffset":0,"HiddenRecord":false,"TimeCreated":"2024-09-23T13:22:53.0856977+00:00","RecordNumber":69}
{"ChunkNumber":1,"Computer":"Server002","Payload":"{\"EventData\":{\"Data\":\"55c92734-d682-4d71-983e-d6ec3f16059f, \\n1: 0567073a-7d74-403b-b2d5-6b35da372d8d, 1, 0 [(0 [0xC004F014, 0, 0], [(?)(?)(?)(?)(?)(?)(?)(?)])(1 )(2 )(3 )]\\n2: 1b750385-9fe2-49a8-ab55-149d0546395b, 1, 0 [(0 [0xC004F014, 0, 0], [(?)(?)(?)(?)(?)(?)(?)(?)])(1 )(2 )(3 )]\\n3: 1d873132-f09f-4eb2-bf5a-2e4fb48935e8, 1, 0 [(0 [0xC004F014, 0, 0], [(?)(?)(?)(?)(?)(?)(?)(?)])(1 )(2 )(3 )]\\n4: 2b1f36bb-c1cd-4306-bf5c-a0367c2d97d8, 1, 1 [(0 )(1 )(2 [0xC004E003, 0, 0], [( 1 0xC004F034)( 1 0xC004F034)(?)(?)(?)(?)(?)(?)])(3 [0x00000000, 0, 0], [( 6 0xC004F009 0 0)( 1 0x00000000)( 6 0xC004F009 0 0)(?)(?)(?)( 10 0x00000000 msft:rm/algorithm/flags/1.0)( 11 0x00000000 0xC004F034)])]\\n5: 30d469c6-a78f-4476-b5c8-af78d5b6a5fb, 1, 0 [(0 [0xC004F014, 0, 0], [(?)(?)(?)(?)(?)(?)(?)(?)])(1 )(2 )(3 )]\\n6: 3ae2cc14-ab2d-41f4-972f-5e20142771dc, 1, 0 [(0 [0xC004F014, 0, 0], [(?)(?)(?)(?)(?)(?)(?)(?)])(1 )(2 )(3 )]\\n7: 4002e33a-524c-4100-8108-131a0d42c0ea, 1, 0 [(0 [0xC004F014, 0, 0], [(?)(?)(?)(?)(?)(?)(?)(?)])(1 )(2 )(3 )]\\n8: 411b3d4f-be6d-4a06-baaa-9cabfc256cae, 1, 0 [(0 [0xC004F014, 0, 0], [(?)(?)(?)(?)(?)(?)(?)(?)])(1 )(2 )(3 )]\\n9: 58e97c99-f377-4ef1-81d5-4ad5522b5fd8, 1, 0 [(0 [0xC004F014, 0, 0], [(?)(?)(?)(?)(?)(?)(?)(?)])(1 )(2 )(3 )]\\n10: 653098ee-780d-4863-8cf2-d18399ce413b, 1, 0 [(0 [0xC004F014, 0, 0], [(?)(?)(?)(?)(?)(?)(?)(?)])(1 )(2 )(3 )]\\n11: 71f411ae-7b4b-41bd-b68c-c519c499f950, 1, 0 [(0 [0xC004F014, 0, 0], [(?)(?)(?)(?)(?)(?)(?)(?)])(1 )(2 )(3 )]\\n12: 74436dbb-cc17-46de-867f-14906ba4a938, 1, 0 [(0 [0xC004F014, 0, 0], [(?)(?)(?)(?)(?)(?)(?)(?)])(1 )(2 )(3 )]\\n13: 8a292df8-d653-4057-8133-a0701792f912, 1, 0 [(0 [0xC004F014, 0, 0], [(?)(?)(?)(?)(?)(?)(?)(?)])(1 )(2 )(3 )]\\n14: 8db63db6-4f8f-46d6-a448-66444faaaa72, 1, 0 [(0 [0xC004F014, 0, 0], [(?)(?)(?)(?)(?)(?)(?)(?)])(1 )(2 )(3 )]\\n15: b0f8a518-2c58-4eb8-9319-084f0eb4ddc4, 1, 0 [(0 [0xC004F014, 0, 0], [(?)(?)(?)(?)(?)(?)(?)(?)])(1 )(2 )(3 )]\\n16: cd918a57-a41b-4c82-8dce-1a538e221a83, 1, 0 [(0 [0xC004F014, 0, 0], [(?)(?)(?)(?)(?)(?)(?)(?)])(1 )(2 )(3 )]\\n17: da9621af-f086-4244-b563-18611e51aa1a, 1, 0 [(0 [0xC004F014, 0, 0], [(?)(?)(?)(?)(?)(?)(?)(?)])(1 )(2 )(3 )]\\n18: e371d89a-73e8-4b24-a7ff-23a3641dd18e, 1, 0 [(0 [0xC004F014, 0, 0], [(?)(?)(?)(?)(?)(?)(?)(?)])(1 )(2 )(3 )]\\n19: ed799377-74b8-4989-a244-14d082e65972, 1, 0 [(0 [0xC004F014, 0, 0], [(?)(?)(?)(?)(?)(?)(?)(?)])(1 )(2 )(3 )]\\n\\n\",\"Binary\":\"\"}}","Channel":"Application","Provider":"Microsoft-Windows-Security-SPP","EventId":1003,"EventRecordId":"1041","ProcessId":0,"ThreadId":0,"Level":"Info","Keywords":"0x80000000000000","SourceFile":"D:\\benign_log_combined_latest_used_actually\\new_benign\\application_4100.evtx","ExtraDataOffset":0,"HiddenRecord":false,"TimeCreated":"2024-09-23T13:22:53.1792457+00:00","RecordNumber":70}
{"ChunkNumber":1,"Computer":"Server002","Payload":"{\"EventData\":{\"Data\":\"10.0.19041.2965\",\"Binary\":\"\"}}","Channel":"Application","Provider":"Microsoft-Windows-Security-SPP","EventId":902,"EventRecordId":"1042","ProcessId":0,"ThreadId":0,"Level":"LogAlways","Keywords":"0x80000000000000","SourceFile":"D:\\benign_log_combined_latest_used_actually\\new_benign\\application_4100.evtx","ExtraDataOffset":0,"HiddenRecord":false,"TimeCreated":"2024-09-23T13:22:53.2586147+00:00","RecordNumber":71}
{"ExecutableInfo":"dwm.exe | KERNELBASE.dll | \\C:\\ProgramData\\Microsoft\\Windows\\WER\\ReportArchive\\AppCrash_dwm.exe","MapDescription":"Application Crash","ChunkNumber":1,"Computer":"Server002","Payload":"{\"EventData\":{\"Data\":\"1667802761464930969, 4, APPCRASH, Not available, 0, dwm.exe, 10.0.19041.746, 6be51595, KERNELBASE.dll, 10.0.19041.2913, a1c3e870, 8898009b, 000000000012d862, \\n\\\\\\\\?\\\\C:\\\\ProgramData\\\\Microsoft\\\\Windows\\\\WER\\\\Temp\\\\WER6503.tmp.dmp\\n\\\\\\\\?\\\\C:\\\\ProgramData\\\\Microsoft\\\\Windows\\\\WER\\\\Temp\\\\WER65CF.tmp.WERInternalMetadata.xml\\n\\\\\\\\?\\\\C:\\\\ProgramData\\\\Microsoft\\\\Windows\\\\WER\\\\Temp\\\\WER65E0.tmp.xml\\n\\\\\\\\?\\\\C:\\\\ProgramData\\\\Microsoft\\\\Windows\\\\WER\\\\Temp\\\\WER65E0.tmp.csv\\n\\\\\\\\?\\\\C:\\\\ProgramData\\\\Microsoft\\\\Windows\\\\WER\\\\Temp\\\\WER6610.tmp.txt, \\\\\\\\?\\\\C:\\\\ProgramData\\\\Microsoft\\\\Windows\\\\WER\\\\ReportArchive\\\\AppCrash_dwm.exe_caeaf81633b086e8f93cbe9111218befab2b21a_c2f10bab_7e26b6f5-5b02-4104-8fd0-4748efd36703, 0, f60bf7d2-54cb-4b87-ab3a-8cc5577a7d7b, 268435456, 2e4db8fee4c9a698172539c670886299, 0\",\"Binary\":\"\"}}","Channel":"Application","Provider":"Windows Error Reporting","EventId":1001,"EventRecordId":"1043","ProcessId":0,"ThreadId":0,"Level":"Info","Keywords":"0x80000000000000","SourceFile":"D:\\benign_log_combined_latest_used_actually\\new_benign\\application_4100.evtx","ExtraDataOffset":0,"HiddenRecord":false,"TimeCreated":"2024-09-23T13:22:54.0387496+00:00","RecordNumber":72}
{"ChunkNumber":1,"Computer":"Server002","Payload":"{\"EventData\":{\"Data\":\"0x8898009b, 2, VirtualBox Graphics Adapter (WDDM)\",\"Binary\":\"\"}}","Channel":"Application","Provider":"Dwminit","EventId":0,"EventRecordId":"1044","ProcessId":0,"ThreadId":0,"Level":"Warning","Keywords":"0x80000000000000","SourceFile":"D:\\benign_log_combined_latest_used_actually\\new_benign\\application_4100.evtx","ExtraDataOffset":0,"HiddenRecord":false,"TimeCreated":"2024-09-23T13:22:54.3670852+00:00","RecordNumber":73}
{"ChunkNumber":1,"Computer":"Server002","Payload":"{\"EventData\":{\"Data\":\"\",\"Binary\":\"\"}}","Channel":"Application","Provider":"Desktop Window Manager","EventId":9027,"EventRecordId":"1045","ProcessId":0,"ThreadId":0,"Level":"Info","Keywords":"0x80000000000000","SourceFile":"D:\\benign_log_combined_latest_used_actually\\new_benign\\application_4100.evtx","ExtraDataOffset":0,"HiddenRecord":false,"TimeCreated":"2024-09-23T13:22:54.4141267+00:00","RecordNumber":74}
{"ExecutableInfo":"dwm.exe | KERNELBASE.dll | C:\\Windows\\system32\\dwm.exe | C:\\Windows\\System32\\KERNELBASE.dll","MapDescription":"Application Error","ChunkNumber":1,"Computer":"Server002","Payload":"{\"EventData\":{\"Data\":\"dwm.exe, 10.0.19041.746, 6be51595, KERNELBASE.dll, 10.0.19041.2913, a1c3e870, 8898009b, 000000000012d862, f18, 01db0dbbb296a639, C:\\\\Windows\\\\system32\\\\dwm.exe, C:\\\\Windows\\\\System32\\\\KERNELBASE.dll, c26036cd-d8bd-485f-9854-d80c26afb8e8\",\"Binary\":\"\"}}","Channel":"Application","Provider":"Application Error","EventId":1000,"EventRecordId":"1046","ProcessId":0,"ThreadId":0,"Level":"Error","Keywords":"0x80000000000000","SourceFile":"D:\\benign_log_combined_latest_used_actually\\new_benign\\application_4100.evtx","ExtraDataOffset":0,"HiddenRecord":false,"TimeCreated":"2024-09-23T13:22:54.7607783+00:00","RecordNumber":75}
{"ChunkNumber":1,"Computer":"Server002","Payload":"{\"EventData\":{\"Data\":\"55c92734-d682-4d71-983e-d6ec3f16059f, \\n1: 0567073a-7d74-403b-b2d5-6b35da372d8d, 1, 0 [(0 [0xC004F014, 0, 0], [(?)(?)(?)(?)(?)(?)(?)(?)])(1 )(2 )(3 )]\\n2: 1b750385-9fe2-49a8-ab55-149d0546395b, 1, 0 [(0 [0xC004F014, 0, 0], [(?)(?)(?)(?)(?)(?)(?)(?)])(1 )(2 )(3 )]\\n3: 1d873132-f09f-4eb2-bf5a-2e4fb48935e8, 1, 0 [(0 [0xC004F014, 0, 0], [(?)(?)(?)(?)(?)(?)(?)(?)])(1 )(2 )(3 )]\\n4: 2b1f36bb-c1cd-4306-bf5c-a0367c2d97d8, 1, 1 [(0 )(1 )(2 [0xC004E003, 0, 0], [( 1 0xC004F034)( 1 0xC004F034)(?)(?)(?)(?)(?)(?)])(3 [0x00000000, 0, 0], [( 6 0xC004F009 0 0)( 1 0x00000000)( 6 0xC004F009 0 0)(?)(?)(?)( 10 0x00000000 msft:rm/algorithm/flags/1.0)( 11 0x00000000 0xC004F034)])]\\n5: 30d469c6-a78f-4476-b5c8-af78d5b6a5fb, 1, 0 [(0 [0xC004F014, 0, 0], [(?)(?)(?)(?)(?)(?)(?)(?)])(1 )(2 )(3 )]\\n6: 3ae2cc14-ab2d-41f4-972f-5e20142771dc, 1, 0 [(0 [0xC004F014, 0, 0], [(?)(?)(?)(?)(?)(?)(?)(?)])(1 )(2 )(3 )]\\n7: 4002e33a-524c-4100-8108-131a0d42c0ea, 1, 0 [(0 [0xC004F014, 0, 0], [(?)(?)(?)(?)(?)(?)(?)(?)])(1 )(2 )(3 )]\\n8: 411b3d4f-be6d-4a06-baaa-9cabfc256cae, 1, 0 [(0 [0xC004F014, 0, 0], [(?)(?)(?)(?)(?)(?)(?)(?)])(1 )(2 )(3 )]\\n9: 58e97c99-f377-4ef1-81d5-4ad5522b5fd8, 1, 0 [(0 [0xC004F014, 0, 0], [(?)(?)(?)(?)(?)(?)(?)(?)])(1 )(2 )(3 )]\\n10: 653098ee-780d-4863-8cf2-d18399ce413b, 1, 0 [(0 [0xC004F014, 0, 0], [(?)(?)(?)(?)(?)(?)(?)(?)])(1 )(2 )(3 )]\\n11: 71f411ae-7b4b-41bd-b68c-c519c499f950, 1, 0 [(0 [0xC004F014, 0, 0], [(?)(?)(?)(?)(?)(?)(?)(?)])(1 )(2 )(3 )]\\n12: 74436dbb-cc17-46de-867f-14906ba4a938, 1, 0 [(0 [0xC004F014, 0, 0], [(?)(?)(?)(?)(?)(?)(?)(?)])(1 )(2 )(3 )]\\n13: 8a292df8-d653-4057-8133-a0701792f912, 1, 0 [(0 [0xC004F014, 0, 0], [(?)(?)(?)(?)(?)(?)(?)(?)])(1 )(2 )(3 )]\\n14: 8db63db6-4f8f-46d6-a448-66444faaaa72, 1, 0 [(0 [0xC004F014, 0, 0], [(?)(?)(?)(?)(?)(?)(?)(?)])(1 )(2 )(3 )]\\n15: b0f8a518-2c58-4eb8-9319-084f0eb4ddc4, 1, 0 [(0 [0xC004F014, 0, 0], [(?)(?)(?)(?)(?)(?)(?)(?)])(1 )(2 )(3 )]\\n16: cd918a57-a41b-4c82-8dce-1a538e221a83, 1, 0 [(0 [0xC004F014, 0, 0], [(?)(?)(?)(?)(?)(?)(?)(?)])(1 )(2 )(3 )]\\n17: da9621af-f086-4244-b563-18611e51aa1a, 1, 0 [(0 [0xC004F014, 0, 0], [(?)(?)(?)(?)(?)(?)(?)(?)])(1 )(2 )(3 )]\\n18: e371d89a-73e8-4b24-a7ff-23a3641dd18e, 1, 0 [(0 [0xC004F014, 0, 0], [(?)(?)(?)(?)(?)(?)(?)(?)])(1 )(2 )(3 )]\\n19: ed799377-74b8-4989-a244-14d082e65972, 1, 0 [(0 [0xC004F014, 0, 0], [(?)(?)(?)(?)(?)(?)(?)(?)])(1 )(2 )(3 )]\\n\\n\",\"Binary\":\"\"}}","Channel":"Application","Provider":"Microsoft-Windows-Security-SPP","EventId":1003,"EventRecordId":"1047","ProcessId":0,"ThreadId":0,"Level":"Info","Keywords":"0x80000000000000","SourceFile":"D:\\benign_log_combined_latest_used_actually\\new_benign\\application_4100.evtx","ExtraDataOffset":0,"HiddenRecord":false,"TimeCreated":"2024-09-23T13:22:55.5303162+00:00","RecordNumber":76}
{"ChunkNumber":1,"Computer":"Server002","Payload":"{\"EventData\":{\"Data\":\"hr=0x8007139F, RuleId=31e71c49-8da7-4a2f-ad92-45d98a1c79ba;Action=AutoActivate;AppId=55c92734-d682-4d71-983e-d6ec3f16059f;SkuId=2b1f36bb-c1cd-4306-bf5c-a0367c2d97d8;NotificationInterval=1440;Trigger=NetworkAvailable\",\"Binary\":\"\"}}","Channel":"Application","Provider":"Microsoft-Windows-Security-SPP","EventId":8198,"EventRecordId":"1048","ProcessId":0,"ThreadId":0,"Level":"Error","Keywords":"0x80000000000000","SourceFile":"D:\\benign_log_combined_latest_used_actually\\new_benign\\application_4100.evtx","ExtraDataOffset":0,"HiddenRecord":false,"TimeCreated":"2024-09-23T13:22:55.5567367+00:00","RecordNumber":77}
{"ExecutableInfo":"dwm.exe | KERNELBASE.dll | \\C:\\ProgramData\\Microsoft\\Windows\\WER\\ReportArchive\\AppCrash_dwm.exe","MapDescription":"Application Crash","ChunkNumber":1,"Computer":"Server002","Payload":"{\"EventData\":{\"Data\":\"1667802761464930969, 4, APPCRASH, Not available, 0, dwm.exe, 10.0.19041.746, 6be51595, KERNELBASE.dll, 10.0.19041.2913, a1c3e870, 8898009b, 000000000012d862, \\n\\\\\\\\?\\\\C:\\\\ProgramData\\\\Microsoft\\\\Windows\\\\WER\\\\Temp\\\\WER7196.tmp.dmp\\n\\\\\\\\?\\\\C:\\\\ProgramData\\\\Microsoft\\\\Windows\\\\WER\\\\Temp\\\\WER7204.tmp.WERInternalMetadata.xml\\n\\\\\\\\?\\\\C:\\\\ProgramData\\\\Microsoft\\\\Windows\\\\WER\\\\Temp\\\\WER7224.tmp.xml\\n\\\\\\\\?\\\\C:\\\\ProgramData\\\\Microsoft\\\\Windows\\\\WER\\\\Temp\\\\WER7226.tmp.csv\\n\\\\\\\\?\\\\C:\\\\ProgramData\\\\Microsoft\\\\Windows\\\\WER\\\\Temp\\\\WER7237.tmp.txt, \\\\\\\\?\\\\C:\\\\ProgramData\\\\Microsoft\\\\Windows\\\\WER\\\\ReportArchive\\\\AppCrash_dwm.exe_caeaf81633b086e8f93cbe9111218befab2b21a_c2f10bab_67679259-0298-4a87-aa86-1b236f36e737, 0, c26036cd-d8bd-485f-9854-d80c26afb8e8, 268435456, 2e4db8fee4c9a698172539c670886299, 0\",\"Binary\":\"\"}}","Channel":"Application","Provider":"Windows Error Reporting","EventId":1001,"EventRecordId":"1049","ProcessId":0,"ThreadId":0,"Level":"Info","Keywords":"0x80000000000000","SourceFile":"D:\\benign_log_combined_latest_used_actually\\new_benign\\application_4100.evtx","ExtraDataOffset":0,"HiddenRecord":false,"TimeCreated":"2024-09-23T13:22:56.6325263+00:00","RecordNumber":78}
{"ChunkNumber":1,"Computer":"Server002","Payload":"{\"EventData\":{\"Data\":\"0x8898009b, 3, VirtualBox Graphics Adapter (WDDM)\",\"Binary\":\"\"}}","Channel":"Application","Provider":"Dwminit","EventId":0,"EventRecordId":"1050","ProcessId":0,"ThreadId":0,"Level":"Warning","Keywords":"0x80000000000000","SourceFile":"D:\\benign_log_combined_latest_used_actually\\new_benign\\application_4100.evtx","ExtraDataOffset":0,"HiddenRecord":false,"TimeCreated":"2024-09-23T13:22:56.6636106+00:00","RecordNumber":79}
{"ChunkNumber":1,"Computer":"Server002","Payload":"{\"EventData\":{\"Data\":\"\",\"Binary\":\"\"}}","Channel":"Application","Provider":"Desktop Window Manager","EventId":9027,"EventRecordId":"1051","ProcessId":0,"ThreadId":0,"Level":"Info","Keywords":"0x80000000000000","SourceFile":"D:\\benign_log_combined_latest_used_actually\\new_benign\\application_4100.evtx","ExtraDataOffset":0,"HiddenRecord":false,"TimeCreated":"2024-09-23T13:22:56.6951761+00:00","RecordNumber":80}
{"ChunkNumber":1,"Computer":"Server002","Payload":"{\"EventData\":{\"Data\":\"2024-09-24T13:22:25Z, RulesEngine\",\"Binary\":\"\"}}","Channel":"Application","Provider":"Microsoft-Windows-Security-SPP","EventId":16384,"EventRecordId":"1052","ProcessId":0,"ThreadId":0,"Level":"Info","Keywords":"0x80000000000000","SourceFile":"D:\\benign_log_combined_latest_used_actually\\new_benign\\application_4100.evtx","ExtraDataOffset":0,"HiddenRecord":false,"TimeCreated":"2024-09-23T13:23:25.6011555+00:00","RecordNumber":81}
{"ChunkNumber":1,"Computer":"Server002","Payload":"{\"EventData\":{\"Data\":\"\",\"Binary\":\"\"}}","Channel":"Application","Provider":"Microsoft-Windows-Security-SPP","EventId":903,"EventRecordId":"1053","ProcessId":0,"ThreadId":0,"Level":"LogAlways","Keywords":"0x80000000000000","SourceFile":"D:\\benign_log_combined_latest_used_actually\\new_benign\\application_4100.evtx","ExtraDataOffset":0,"HiddenRecord":false,"TimeCreated":"2024-09-23T13:23:25.6011555+00:00","RecordNumber":82}
{"ChunkNumber":1,"Computer":"Server002","Payload":"{\"EventData\":{\"Data\":\"Service stopped\",\"Binary\":\"\"}}","Channel":"Application","Provider":"edgeupdate","EventId":0,"EventRecordId":"1054","ProcessId":0,"ThreadId":0,"Level":"Info","Keywords":"0x80000000000000","SourceFile":"D:\\benign_log_combined_latest_used_actually\\new_benign\\application_4100.evtx","ExtraDataOffset":0,"HiddenRecord":false,"TimeCreated":"2024-09-23T13:24:47.6022865+00:00","RecordNumber":83}
{"ChunkNumber":1,"Computer":"Server002","Payload":"{\"EventData\":{\"Data\":\"&lt;explicit&gt;\",\"Binary\":\"\"}}","Channel":"Application","Provider":"Microsoft-Windows-Security-SPP","EventId":900,"EventRecordId":"1055","ProcessId":0,"ThreadId":0,"Level":"Info","Keywords":"0x80000000000000","SourceFile":"D:\\benign_log_combined_latest_used_actually\\new_benign\\application_4100.evtx","ExtraDataOffset":0,"HiddenRecord":false,"TimeCreated":"2024-09-23T13:24:48.1638619+00:00","RecordNumber":84}
{"ChunkNumber":1,"Computer":"Server002","Payload":"{\"EventData\":{\"Data\":\"\",\"Binary\":\"\"}}","Channel":"Application","Provider":"Microsoft-Windows-Security-SPP","EventId":16394,"EventRecordId":"1056","ProcessId":0,"ThreadId":0,"Level":"Info","Keywords":"0x80000000000000","SourceFile":"D:\\benign_log_combined_latest_used_actually\\new_benign\\application_4100.evtx","ExtraDataOffset":200,"HiddenRecord":false,"TimeCreated":"2024-09-23T13:24:48.2263026+00:00","RecordNumber":85}
{"ChunkNumber":1,"Computer":"Server002","Payload":"{\"EventData\":{\"Data\":\"\",\"Binary\":\"\"}}","Channel":"Application","Provider":"SecurityCenter","EventId":1,"EventRecordId":"1057","ProcessId":0,"ThreadId":0,"Level":"Info","Keywords":"0x80000000000000","SourceFile":"D:\\benign_log_combined_latest_used_actually\\new_benign\\application_4100.evtx","ExtraDataOffset":0,"HiddenRecord":false,"TimeCreated":"2024-09-23T13:24:49.4472077+00:00","RecordNumber":86}
{"ChunkNumber":1,"Computer":"Server002","Payload":"{\"EventData\":{\"Data\":\"SearchIndexer, 1496,P,98, Windows: , 0, 10, 00, 19045, 0000\",\"Binary\":\"\"}}","Channel":"Application","Provider":"ESENT","EventId":102,"EventRecordId":"1058","ProcessId":0,"ThreadId":0,"Level":"Info","Keywords":"0x80000000000000","SourceFile":"D:\\benign_log_combined_latest_used_actually\\new_benign\\application_4100.evtx","ExtraDataOffset":0,"HiddenRecord":false,"TimeCreated":"2024-09-23T13:24:49.5433866+00:00","RecordNumber":87}
{"ChunkNumber":1,"Computer":"Server002","Payload":"{\"EventData\":{\"Data\":\"SearchIndexer, 1496,R,98, Windows: \",\"Binary\":\"\"}}","Channel":"Application","Provider":"ESENT","EventId":300,"EventRecordId":"1059","ProcessId":0,"ThreadId":0,"Level":"Info","Keywords":"0x80000000000000","SourceFile":"D:\\benign_log_combined_latest_used_actually\\new_benign\\application_4100.evtx","ExtraDataOffset":0,"HiddenRecord":false,"TimeCreated":"2024-09-23T13:24:49.5710483+00:00","RecordNumber":88}
{"ChunkNumber":1,"Computer":"Server002","Payload":"{\"EventData\":{\"Data\":\"SearchIndexer, 1496,R,98, Windows: , C:\\\\ProgramData\\\\Microsoft\\\\Search\\\\Data\\\\Applications\\\\Windows\\\\edb0000C.jtx, \\n[1] 0.312101 -3689349.014980 (42) CM -0.001073 (5) WT +J(CM:42, PgRf:4434, Rd:0/42, Dy:0/0, Lg:769000/13087) +M(C:0K, Fs:691, WS:1880K # 1880K, PF:2056K # 2056K, P:2056K)., Commit   , 3534\",\"Binary\":\"\"}}","Channel":"Application","Provider":"ESENT","EventId":301,"EventRecordId":"1060","ProcessId":0,"ThreadId":0,"Level":"Info","Keywords":"0x80000000000000","SourceFile":"D:\\benign_log_combined_latest_used_actually\\new_benign\\application_4100.evtx","ExtraDataOffset":0,"HiddenRecord":false,"TimeCreated":"2024-09-23T13:24:49.8825074+00:00","RecordNumber":89}
{"ChunkNumber":1,"Computer":"Server002","Payload":"{\"EventData\":{\"Data\":\"SearchIndexer, 1496,R,98, Windows: , C:\\\\ProgramData\\\\Microsoft\\\\Search\\\\Data\\\\Applications\\\\Windows\\\\edb0000D.jtx, \\n[1] 0.064698 -0.000669 (61) CM -0.047592 (5) WT +J(CM:61, PgRf:2678, Rd:21/61, Dy:56/2185, Lg:1022101/9217) +M(C:0K, Fs:557, WS:2192K # 2192K, PF:836K # 836K, P:836K)., Commit   , 2189\",\"Binary\":\"\"}}","Channel":"Application","Provider":"ESENT","EventId":301,"EventRecordId":"1061","ProcessId":0,"ThreadId":0,"Level":"Info","Keywords":"0x80000000000000","SourceFile":"D:\\benign_log_combined_latest_used_actually\\new_benign\\application_4100.evtx","ExtraDataOffset":0,"HiddenRecord":false,"TimeCreated":"2024-09-23T13:24:49.9604918+00:00","RecordNumber":90}
{"ChunkNumber":1,"Computer":"Server002","Payload":"{\"EventData\":{\"Data\":\"SearchIndexer, 1496,R,98, Windows: , C:\\\\ProgramData\\\\Microsoft\\\\Search\\\\Data\\\\Applications\\\\Windows\\\\edb.jtx, \\n[1] 0.025798 -0.000170 (22) CM -1844674.426044 (2) WT +J(CM:22, PgRf:1333, Rd:0/22, Dy:30/2927, Lg:757673/2393) +M(C:0K, Fs:263, WS:1020K # 984K, PF:260K # 260K, P:260K)., Delete   , 513\",\"Binary\":\"\"}}","Channel":"Application","Provider":"ESENT","EventId":301,"EventRecordId":"1062","ProcessId":0,"ThreadId":0,"Level":"Info","Keywords":"0x80000000000000","SourceFile":"D:\\benign_log_combined_latest_used_actually\\new_benign\\application_4100.evtx","ExtraDataOffset":0,"HiddenRecord":false,"TimeCreated":"2024-09-23T13:24:49.9945310+00:00","RecordNumber":91}
{"ChunkNumber":1,"Computer":"Server002","Payload":"{\"EventData\":{\"Data\":\"SearchIndexer, 1496,U,98, Windows: \",\"Binary\":\"\"}}","Channel":"Application","Provider":"ESENT","EventId":302,"EventRecordId":"1063","ProcessId":0,"ThreadId":0,"Level":"Info","Keywords":"0x80000000000000","SourceFile":"D:\\benign_log_combined_latest_used_actually\\new_benign\\application_4100.evtx","ExtraDataOffset":0,"HiddenRecord":false,"TimeCreated":"2024-09-23T13:24:50.1639311+00:00","RecordNumber":92}
{"ChunkNumber":1,"Computer":"Server002","Payload":"{\"EventData\":{\"Data\":\"SearchIndexer, 1496,D,0, Windows: , 0, 0, \\n[1] 0.000942 +J(0) +M(C:0K, Fs:229, WS:896K # 896K, PF:5024K # 5024K, P:5024K)\\n[2] 0.000224 +J(0) +M(C:0K, Fs:111, WS:444K # 444K, PF:396K # 396K, P:396K)\\n[3] 0.000020 +J(0) +M(C:0K, Fs:11, WS:40K # 40K, PF:68K # 68K, P:68K)\\n[4] 0.000060 +J(0) +M(C:0K, Fs:24, WS:96K # 96K, PF:348K # 348K, P:348K)\\n[5] 0.000516 +J(0) +M(C:0K, Fs:13, WS:52K # 52K, PF:20K # 20K, P:20K)\\n[6] 0.002518 +J(0) +M(C:0K, Fs:25, WS:100K # 100K, PF:16K # 24K, P:16K)\\n[7] 0.002604 +J(0) +M(C:0K, Fs:273, WS:1088K # 1088K, PF:1028K # 1020K, P:1028K)\\n[8] 0.316818 -3689349.014980 (42) CM -0.001073 (5) WT +J(CM:42, PgRf:4434, Rd:0/42, Dy:0/0, Lg:769000/13087) +M(C:0K, Fs:958, WS:2940K # 2940K, PF:2892K # 2892K, P:2892K)\\n[9] 0.113046 -0.000839 (83) CM -1844674.482791 (16) WT +J(CM:83, PgRf:4011, Rd:83/83, Dy:86/5112, Lg:1779774/11610) +M(C:0K, Fs:873, WS:3348K # 3348K, PF:3164K # 3164K, P:3164K) + 2 lgens\\n[10] 0.000667 +J(0) +M(C:0K, Fs:0, WS:-1020K # 0K, PF:-1020K # 0K, P:-1020K)\\n[11] 0.000058 +J(CM:0, PgRf:0, Rd:0/0, Dy:0/0, Lg:53/2) +M(C:0K, Fs:3, WS:-100K # 0K, PF:-92K # 0K, P:-92K)\\n[12] 0.120190 -0.000005 (60) CM -0.111965 (6) WT +J(CM:60, PgRf:0, Rd:0/60, Dy:0/0, Lg:0/0) +M(C:0K, Fs:677, WS:20K # 0K, PF:8K # 0K, P:8K)\\n[13] 0.057157 -0.002038 (2) CM -1844674.445756 (19) WT +J(CM:2, PgRf:2, Rd:0/2, Dy:0/0, Lg:8755/5) +M(C:0K, Fs:323, WS:-4968K # 0K, PF:-4368K # 0K, P:-4368K)\\n[14] 0.000012 +J(0)\\n[15] 0.000018 +J(0)\\n[16] 0.000168 +J(0) +M(C:0K, Fs:2, WS:0K # 0K, PF:0K # 0K, P:0K)., lgposV2[] = 0000000C:0041:0000 - 0000000C:00FE:0FAC - 0000000E:00BC:0000 - 0000000E:00BC:0000 (00000000:0000:0000)\\ncReInits = 1\\n\",\"Binary\":\"\"}}","Channel":"Application","Provider":"ESENT","EventId":105,"EventRecordId":"1064","ProcessId":0,"ThreadId":0,"Level":"Info","Keywords":"0x80000000000000","SourceFile":"D:\\benign_log_combined_latest_used_actually\\new_benign\\application_4100.evtx","ExtraDataOffset":0,"HiddenRecord":false,"TimeCreated":"2024-09-23T13:24:50.1639311+00:00","RecordNumber":93}
{"PayloadData1":"Database: s: , 1, C:\\ProgramData\\Microsoft\\Search\\Data\\Applications\\Windows\\Windows.edb","MapDescription":"NTDS the database engine attached a database","ChunkNumber":1,"Computer":"Server002","Payload":"{\"EventData\":{\"Data\":\"SearchIndexer, 1496,D,50, Windows: , 1, C:\\\\ProgramData\\\\Microsoft\\\\Search\\\\Data\\\\Applications\\\\Windows\\\\Windows.edb, 0, \\n[1] 0.000001 +J(0)\\n[2] 0.000521 +J(0) +M(C:0K, Fs:24, WS:32K # 0K, PF:32K # 0K, P:32K)\\n[3] 0.005243 -0.001102 (4) WT +J(CM:0, PgRf:0, Rd:0/0, Dy:0/0, Lg:3480/2) +M(C:0K, Fs:17, WS:36K # 0K, PF:36K # 0K, P:36K)\\n[4] 0.000059 +J(0)\\n[5] -\\n[6] -\\n[7] -\\n[8] 0.002505 -0.002018 (2) CM +J(CM:2, PgRf:2, Rd:14/2, Dy:0/0, Lg:54/1) +M(C:0K, Fs:18, WS:72K # 0K, PF:532K # 0K, P:532K)\\n[9] 0.038304 -0.000349 (5) CM -0.037750 (1) WT +J(CM:5, PgRf:23, Rd:0/5, Dy:0/0, Lg:0/0) +M(C:0K, Fs:53, WS:212K # 0K, PF:224K # 0K, P:224K)\\n[10] 0.000623 -0.000548 (1) CM +J(CM:1, PgRf:40, Rd:0/1, Dy:0/0, Lg:0/0) +M(C:0K, Fs:9, WS:36K # 0K, PF:32K # 0K, P:32K)\\n[11] 0.000010 +J(CM:0, PgRf:1, Rd:0/0, Dy:0/0, Lg:0/0) +M(C:0K, Fs:2, WS:8K # 0K, PF:0K # 0K, P:0K)\\n[12] 0.000026 +J(CM:0, PgRf:42, Rd:0/0, Dy:0/0, Lg:0/0) +M(C:0K, Fs:3, WS:12K # 0K, PF:0K # 0K, P:0K)\\n[13] 0.0 +J(0)\\n[14] 0.0 +J(0)\\n[15] 0.000003 +J(CM:0, PgRf:1, Rd:0/0, Dy:0/0, Lg:0/0)., 0 0, lgposAttach = 0000000E:00BE:0268,\\ndbv = 1568.110.240\",\"Binary\":\"\"}}","Channel":"Application","Provider":"ESENT","EventId":326,"EventRecordId":"1065","ProcessId":0,"ThreadId":0,"Level":"Info","Keywords":"0x80000000000000","SourceFile":"D:\\benign_log_combined_latest_used_actually\\new_benign\\application_4100.evtx","ExtraDataOffset":0,"HiddenRecord":false,"TimeCreated":"2024-09-23T13:24:50.2140319+00:00","RecordNumber":94}
{"ChunkNumber":1,"Computer":"Server002","Payload":"{\"EventData\":{\"Data\":{\"@Name\":\"ExtraInfo\",\"#text\":\", \"}}}","Channel":"Application","Provider":"Microsoft-Windows-Search","EventId":1003,"EventRecordId":"1066","ProcessId":0,"ThreadId":0,"Level":"Info","Keywords":"0x80000000000000","SourceFile":"D:\\benign_log_combined_latest_used_actually\\new_benign\\application_4100.evtx","ExtraDataOffset":0,"HiddenRecord":false,"TimeCreated":"2024-09-23T13:24:50.3362968+00:00","RecordNumber":95}
{"ChunkNumber":1,"Computer":"Server002","Payload":"{\"EventData\":{\"Data\":\"Windows Defender, SECURITY_PRODUCT_STATE_ON\",\"Binary\":\"\"}}","Channel":"Application","Provider":"SecurityCenter","EventId":15,"EventRecordId":"1067","ProcessId":0,"ThreadId":0,"Level":"Info","Keywords":"0x80000000000000","SourceFile":"D:\\benign_log_combined_latest_used_actually\\new_benign\\application_4100.evtx","ExtraDataOffset":0,"HiddenRecord":false,"TimeCreated":"2024-09-23T13:24:51.4762306+00:00","RecordNumber":96}
{"ChunkNumber":1,"Computer":"Server002","Payload":"{\"EventData\":\"\"}","UserId":"S-1-5-18","Channel":"Application","Provider":"Microsoft-Windows-User Profiles Service","EventId":1531,"EventRecordId":"1068","ProcessId":1264,"ThreadId":1348,"Level":"Info","Keywords":"Classic","SourceFile":"D:\\benign_log_combined_latest_used_actually\\new_benign\\application_4100.evtx","ExtraDataOffset":0,"HiddenRecord":false,"TimeCreated":"2024-09-23T15:26:14.4133726+00:00","RecordNumber":97}
{"ChunkNumber":1,"Computer":"Server002","Payload":"{\"EventData\":{\"Data\":[{\"@Name\":\"param1\",\"#text\":\"86400\"},{\"@Name\":\"param2\",\"#text\":\"SuppressDuplicateDuration\"},{\"@Name\":\"param3\",\"#text\":\"Software\\\\Microsoft\\\\EventSystem\\\\EventLog\"}]}}","Channel":"Application","Provider":"Microsoft-Windows-EventSystem","EventId":4625,"EventRecordId":"1069","ProcessId":0,"ThreadId":0,"Level":"Info","Keywords":"0x80000000000000","SourceFile":"D:\\benign_log_combined_latest_used_actually\\new_benign\\application_4100.evtx","ExtraDataOffset":0,"HiddenRecord":false,"TimeCreated":"2024-09-23T13:26:15.8531244+00:00","RecordNumber":98}
{"ChunkNumber":1,"Computer":"Server002","Payload":"{\"EventData\":\"\"}","UserId":"S-1-5-18","Channel":"Application","Provider":"Microsoft-Windows-WMI","EventId":5615,"EventRecordId":"1070","ProcessId":2804,"ThreadId":3028,"Level":"Info","Keywords":"Classic","SourceFile":"D:\\benign_log_combined_latest_used_actually\\new_benign\\application_4100.evtx","ExtraDataOffset":0,"HiddenRecord":false,"TimeCreated":"2024-09-23T13:26:18.6025349+00:00","RecordNumber":99}
{"ChunkNumber":1,"Computer":"Server002","Payload":"{\"EventData\":\"\"}","UserId":"S-1-5-18","Channel":"Application","Provider":"Microsoft-Windows-WMI","EventId":5617,"EventRecordId":"1071","ProcessId":2804,"ThreadId":3132,"Level":"Info","Keywords":"Classic","SourceFile":"D:\\benign_log_combined_latest_used_actually\\new_benign\\application_4100.evtx","ExtraDataOffset":0,"HiddenRecord":false,"TimeCreated":"2024-09-23T13:26:20.6308807+00:00","RecordNumber":100}
{"ChunkNumber":1,"Computer":"Server002","Payload":"{\"EventData\":{\"Data\":\"TriggerStarted:6\",\"Binary\":\"\"}}","Channel":"Application","Provider":"Microsoft-Windows-Security-SPP","EventId":900,"EventRecordId":"1072","ProcessId":0,"ThreadId":0,"Level":"Info","Keywords":"0x80000000000000","SourceFile":"D:\\benign_log_combined_latest_used_actually\\new_benign\\application_4100.evtx","ExtraDataOffset":0,"HiddenRecord":false,"TimeCreated":"2024-09-23T13:26:25.1631449+00:00","RecordNumber":101}
{"ChunkNumber":1,"Computer":"Server002","Payload":"{\"EventData\":{\"Data\":\"\",\"Binary\":\"\"}}","Channel":"Application","Provider":"Microsoft-Windows-Security-SPP","EventId":16394,"EventRecordId":"1073","ProcessId":0,"ThreadId":0,"Level":"Info","Keywords":"0x80000000000000","SourceFile":"D:\\benign_log_combined_latest_used_actually\\new_benign\\application_4100.evtx","ExtraDataOffset":0,"HiddenRecord":false,"TimeCreated":"2024-09-23T13:26:25.2422282+00:00","RecordNumber":102}
{"ChunkNumber":1,"Computer":"Server002","Payload":"{\"EventData\":{\"Data\":\"C:\\\\Windows\\\\system32\\\\sppwinob.dll, msft:spp/windowsfunctionality/agent/7.0, 0x00000000, 0x00000000\\nC:\\\\Windows\\\\system32\\\\sppobjs.dll, msft:rm/algorithm/inherited/1.0, 0x00000000, 0x00000000\\nC:\\\\Windows\\\\system32\\\\sppobjs.dll, msft:rm/algorithm/phone/1.0, 0x00000000, 0x00000000\\nC:\\\\Windows\\\\system32\\\\sppobjs.dll, msft:rm/algorithm/pkey/detect, 0x00000000, 0x00000000\\nC:\\\\Windows\\\\system32\\\\sppobjs.dll, msft:spp/ActionScheduler/1.0, 0x00000000, 0x00000000\\nC:\\\\Windows\\\\system32\\\\sppobjs.dll, msft:spp/TaskScheduler/1.0, 0x00000000, 0x00000000\\nC:\\\\Windows\\\\system32\\\\sppobjs.dll, msft:spp/statecollector/pkey, 0x00000000, 0x00000000\\nC:\\\\Windows\\\\system32\\\\sppobjs.dll, msft:spp/volume/services/kms/1.0, 0x00000000, 0x00000000\\nC:\\\\Windows\\\\system32\\\\sppobjs.dll, msft:spp/volume/services/kms/activationinfo/1.0, 0x00000000, 0x00000000\\n\",\"Binary\":\"\"}}","Channel":"Application","Provider":"Microsoft-Windows-Security-SPP","EventId":1066,"EventRecordId":"1074","ProcessId":0,"ThreadId":0,"Level":"Info","Keywords":"0x80000000000000","SourceFile":"D:\\benign_log_combined_latest_used_actually\\new_benign\\application_4100.evtx","ExtraDataOffset":0,"HiddenRecord":false,"TimeCreated":"2024-09-23T13:26:25.2890034+00:00","RecordNumber":103}
{"ChunkNumber":1,"Computer":"Server002","Payload":"{\"EventData\":{\"Data\":\"55c92734-d682-4d71-983e-d6ec3f16059f, \\n1: 0567073a-7d74-403b-b2d5-6b35da372d8d, 1, 0 [(0 [0xC004F014, 0, 0], [(?)(?)(?)(?)(?)(?)(?)(?)])(1 )(2 )(3 )]\\n2: 1b750385-9fe2-49a8-ab55-149d0546395b, 1, 0 [(0 [0xC004F014, 0, 0], [(?)(?)(?)(?)(?)(?)(?)(?)])(1 )(2 )(3 )]\\n3: 1d873132-f09f-4eb2-bf5a-2e4fb48935e8, 1, 0 [(0 [0xC004F014, 0, 0], [(?)(?)(?)(?)(?)(?)(?)(?)])(1 )(2 )(3 )]\\n4: 2b1f36bb-c1cd-4306-bf5c-a0367c2d97d8, 1, 1 [(0 )(1 )(2 [0xC004E003, 0, 0], [( 1 0xC004F034)( 1 0xC004F034)(?)(?)(?)(?)(?)(?)])(3 [0x00000000, 0, 0], [( 6 0xC004F009 0 0)( 1 0x00000000)( 6 0xC004F009 0 0)(?)(?)(?)( 10 0x00000000 msft:rm/algorithm/flags/1.0)( 11 0x00000000 0xC004F034)])]\\n5: 30d469c6-a78f-4476-b5c8-af78d5b6a5fb, 1, 0 [(0 [0xC004F014, 0, 0], [(?)(?)(?)(?)(?)(?)(?)(?)])(1 )(2 )(3 )]\\n6: 3ae2cc14-ab2d-41f4-972f-5e20142771dc, 1, 0 [(0 [0xC004F014, 0, 0], [(?)(?)(?)(?)(?)(?)(?)(?)])(1 )(2 )(3 )]\\n7: 4002e33a-524c-4100-8108-131a0d42c0ea, 1, 0 [(0 [0xC004F014, 0, 0], [(?)(?)(?)(?)(?)(?)(?)(?)])(1 )(2 )(3 )]\\n8: 411b3d4f-be6d-4a06-baaa-9cabfc256cae, 1, 0 [(0 [0xC004F014, 0, 0], [(?)(?)(?)(?)(?)(?)(?)(?)])(1 )(2 )(3 )]\\n9: 58e97c99-f377-4ef1-81d5-4ad5522b5fd8, 1, 0 [(0 [0xC004F014, 0, 0], [(?)(?)(?)(?)(?)(?)(?)(?)])(1 )(2 )(3 )]\\n10: 653098ee-780d-4863-8cf2-d18399ce413b, 1, 0 [(0 [0xC004F014, 0, 0], [(?)(?)(?)(?)(?)(?)(?)(?)])(1 )(2 )(3 )]\\n11: 71f411ae-7b4b-41bd-b68c-c519c499f950, 1, 0 [(0 [0xC004F014, 0, 0], [(?)(?)(?)(?)(?)(?)(?)(?)])(1 )(2 )(3 )]\\n12: 74436dbb-cc17-46de-867f-14906ba4a938, 1, 0 [(0 [0xC004F014, 0, 0], [(?)(?)(?)(?)(?)(?)(?)(?)])(1 )(2 )(3 )]\\n13: 8a292df8-d653-4057-8133-a0701792f912, 1, 0 [(0 [0xC004F014, 0, 0], [(?)(?)(?)(?)(?)(?)(?)(?)])(1 )(2 )(3 )]\\n14: 8db63db6-4f8f-46d6-a448-66444faaaa72, 1, 0 [(0 [0xC004F014, 0, 0], [(?)(?)(?)(?)(?)(?)(?)(?)])(1 )(2 )(3 )]\\n15: b0f8a518-2c58-4eb8-9319-084f0eb4ddc4, 1, 0 [(0 [0xC004F014, 0, 0], [(?)(?)(?)(?)(?)(?)(?)(?)])(1 )(2 )(3 )]\\n16: cd918a57-a41b-4c82-8dce-1a538e221a83, 1, 0 [(0 [0xC004F014, 0, 0], [(?)(?)(?)(?)(?)(?)(?)(?)])(1 )(2 )(3 )]\\n17: da9621af-f086-4244-b563-18611e51aa1a, 1, 0 [(0 [0xC004F014, 0, 0], [(?)(?)(?)(?)(?)(?)(?)(?)])(1 )(2 )(3 )]\\n18: e371d89a-73e8-4b24-a7ff-23a3641dd18e, 1, 0 [(0 [0xC004F014, 0, 0], [(?)(?)(?)(?)(?)(?)(?)(?)])(1 )(2 )(3 )]\\n19: ed799377-74b8-4989-a244-14d082e65972, 1, 0 [(0 [0xC004F014, 0, 0], [(?)(?)(?)(?)(?)(?)(?)(?)])(1 )(2 )(3 )]\\n\\n\",\"Binary\":\"\"}}","Channel":"Application","Provider":"Microsoft-Windows-Security-SPP","EventId":1003,"EventRecordId":"1075","ProcessId":0,"ThreadId":0,"Level":"Info","Keywords":"0x80000000000000","SourceFile":"D:\\benign_log_combined_latest_used_actually\\new_benign\\application_4100.evtx","ExtraDataOffset":0,"HiddenRecord":false,"TimeCreated":"2024-09-23T13:26:25.3661637+00:00","RecordNumber":104}
{"ChunkNumber":1,"Computer":"Server002","Payload":"{\"EventData\":{\"Data\":\"10.0.19041.2965\",\"Binary\":\"\"}}","Channel":"Application","Provider":"Microsoft-Windows-Security-SPP","EventId":902,"EventRecordId":"1076","ProcessId":0,"ThreadId":0,"Level":"LogAlways","Keywords":"0x80000000000000","SourceFile":"D:\\benign_log_combined_latest_used_actually\\new_benign\\application_4100.evtx","ExtraDataOffset":0,"HiddenRecord":false,"TimeCreated":"2024-09-23T13:26:25.4154436+00:00","RecordNumber":105}
{"ChunkNumber":1,"Computer":"Server002","Payload":"{\"EventData\":{\"Data\":\"55c92734-d682-4d71-983e-d6ec3f16059f, \\n1: 0567073a-7d74-403b-b2d5-6b35da372d8d, 1, 0 [(0 [0xC004F014, 0, 0], [(?)(?)(?)(?)(?)(?)(?)(?)])(1 )(2 )(3 )]\\n2: 1b750385-9fe2-49a8-ab55-149d0546395b, 1, 0 [(0 [0xC004F014, 0, 0], [(?)(?)(?)(?)(?)(?)(?)(?)])(1 )(2 )(3 )]\\n3: 1d873132-f09f-4eb2-bf5a-2e4fb48935e8, 1, 0 [(0 [0xC004F014, 0, 0], [(?)(?)(?)(?)(?)(?)(?)(?)])(1 )(2 )(3 )]\\n4: 2b1f36bb-c1cd-4306-bf5c-a0367c2d97d8, 1, 1 [(0 )(1 )(2 [0xC004E003, 0, 0], [( 1 0xC004F034)( 1 0xC004F034)(?)(?)(?)(?)(?)(?)])(3 [0x00000000, 0, 0], [( 6 0xC004F009 0 0)( 1 0x00000000)( 6 0xC004F009 0 0)(?)(?)(?)( 10 0x00000000 msft:rm/algorithm/flags/1.0)( 11 0x00000000 0xC004F034)])]\\n5: 30d469c6-a78f-4476-b5c8-af78d5b6a5fb, 1, 0 [(0 [0xC004F014, 0, 0], [(?)(?)(?)(?)(?)(?)(?)(?)])(1 )(2 )(3 )]\\n6: 3ae2cc14-ab2d-41f4-972f-5e20142771dc, 1, 0 [(0 [0xC004F014, 0, 0], [(?)(?)(?)(?)(?)(?)(?)(?)])(1 )(2 )(3 )]\\n7: 4002e33a-524c-4100-8108-131a0d42c0ea, 1, 0 [(0 [0xC004F014, 0, 0], [(?)(?)(?)(?)(?)(?)(?)(?)])(1 )(2 )(3 )]\\n8: 411b3d4f-be6d-4a06-baaa-9cabfc256cae, 1, 0 [(0 [0xC004F014, 0, 0], [(?)(?)(?)(?)(?)(?)(?)(?)])(1 )(2 )(3 )]\\n9: 58e97c99-f377-4ef1-81d5-4ad5522b5fd8, 1, 0 [(0 [0xC004F014, 0, 0], [(?)(?)(?)(?)(?)(?)(?)(?)])(1 )(2 )(3 )]\\n10: 653098ee-780d-4863-8cf2-d18399ce413b, 1, 0 [(0 [0xC004F014, 0, 0], [(?)(?)(?)(?)(?)(?)(?)(?)])(1 )(2 )(3 )]\\n11: 71f411ae-7b4b-41bd-b68c-c519c499f950, 1, 0 [(0 [0xC004F014, 0, 0], [(?)(?)(?)(?)(?)(?)(?)(?)])(1 )(2 )(3 )]\\n12: 74436dbb-cc17-46de-867f-14906ba4a938, 1, 0 [(0 [0xC004F014, 0, 0], [(?)(?)(?)(?)(?)(?)(?)(?)])(1 )(2 )(3 )]\\n13: 8a292df8-d653-4057-8133-a0701792f912, 1, 0 [(0 [0xC004F014, 0, 0], [(?)(?)(?)(?)(?)(?)(?)(?)])(1 )(2 )(3 )]\\n14: 8db63db6-4f8f-46d6-a448-66444faaaa72, 1, 0 [(0 [0xC004F014, 0, 0], [(?)(?)(?)(?)(?)(?)(?)(?)])(1 )(2 )(3 )]\\n15: b0f8a518-2c58-4eb8-9319-084f0eb4ddc4, 1, 0 [(0 [0xC004F014, 0, 0], [(?)(?)(?)(?)(?)(?)(?)(?)])(1 )(2 )(3 )]\\n16: cd918a57-a41b-4c82-8dce-1a538e221a83, 1, 0 [(0 [0xC004F014, 0, 0], [(?)(?)(?)(?)(?)(?)(?)(?)])(1 )(2 )(3 )]\\n17: da9621af-f086-4244-b563-18611e51aa1a, 1, 0 [(0 [0xC004F014, 0, 0], [(?)(?)(?)(?)(?)(?)(?)(?)])(1 )(2 )(3 )]\\n18: e371d89a-73e8-4b24-a7ff-23a3641dd18e, 1, 0 [(0 [0xC004F014, 0, 0], [(?)(?)(?)(?)(?)(?)(?)(?)])(1 )(2 )(3 )]\\n19: ed799377-74b8-4989-a244-14d082e65972, 1, 0 [(0 [0xC004F014, 0, 0], [(?)(?)(?)(?)(?)(?)(?)(?)])(1 )(2 )(3 )]\\n\\n\",\"Binary\":\"\"}}","Channel":"Application","Provider":"Microsoft-Windows-Security-SPP","EventId":1003,"EventRecordId":"1077","ProcessId":0,"ThreadId":0,"Level":"Info","Keywords":"0x80000000000000","SourceFile":"D:\\benign_log_combined_latest_used_actually\\new_benign\\application_4100.evtx","ExtraDataOffset":0,"HiddenRecord":false,"TimeCreated":"2024-09-23T13:26:27.5693193+00:00","RecordNumber":106}
{"ChunkNumber":1,"Computer":"Server002","Payload":"{\"EventData\":{\"Data\":\"hr=0x8007139F, RuleId=31e71c49-8da7-4a2f-ad92-45d98a1c79ba;Action=AutoActivate;AppId=55c92734-d682-4d71-983e-d6ec3f16059f;SkuId=2b1f36bb-c1cd-4306-bf5c-a0367c2d97d8;NotificationInterval=1440;Trigger=NetworkAvailable\",\"Binary\":\"\"}}","Channel":"Application","Provider":"Microsoft-Windows-Security-SPP","EventId":8198,"EventRecordId":"1078","ProcessId":0,"ThreadId":0,"Level":"Error","Keywords":"0x80000000000000","SourceFile":"D:\\benign_log_combined_latest_used_actually\\new_benign\\application_4100.evtx","ExtraDataOffset":0,"HiddenRecord":false,"TimeCreated":"2024-09-23T13:26:27.6216439+00:00","RecordNumber":107}
{"ChunkNumber":1,"Computer":"Server002","Payload":"{\"EventData\":{\"Data\":\"SessionEnv\",\"Binary\":\"D9-06-00-00\"}}","Channel":"Application","Provider":"Microsoft-Windows-Winlogon","EventId":6003,"EventRecordId":"1079","ProcessId":0,"ThreadId":0,"Level":"Info","Keywords":"0x80000000000000","SourceFile":"D:\\benign_log_combined_latest_used_actually\\new_benign\\application_4100.evtx","ExtraDataOffset":0,"HiddenRecord":false,"TimeCreated":"2024-09-23T13:26:32.9290893+00:00","RecordNumber":108}
{"ChunkNumber":1,"Computer":"Server002","Payload":"{\"EventData\":{\"Data\":\"SessionEnv\",\"Binary\":\"D9-06-00-00\"}}","Channel":"Application","Provider":"Microsoft-Windows-Winlogon","EventId":6000,"EventRecordId":"1080","ProcessId":0,"ThreadId":0,"Level":"Info","Keywords":"0x80000000000000","SourceFile":"D:\\benign_log_combined_latest_used_actually\\new_benign\\application_4100.evtx","ExtraDataOffset":0,"HiddenRecord":false,"TimeCreated":"2024-09-23T13:26:33.1949391+00:00","RecordNumber":109}
{"ChunkNumber":1,"Computer":"Server002","Payload":"{\"EventData\":{\"Data\":\"55c92734-d682-4d71-983e-d6ec3f16059f, \\n1: 0567073a-7d74-403b-b2d5-6b35da372d8d, 1, 0 [(0 [0xC004F014, 0, 0], [(?)(?)(?)(?)(?)(?)(?)(?)])(1 )(2 )(3 )]\\n2: 1b750385-9fe2-49a8-ab55-149d0546395b, 1, 0 [(0 [0xC004F014, 0, 0], [(?)(?)(?)(?)(?)(?)(?)(?)])(1 )(2 )(3 )]\\n3: 1d873132-f09f-4eb2-bf5a-2e4fb48935e8, 1, 0 [(0 [0xC004F014, 0, 0], [(?)(?)(?)(?)(?)(?)(?)(?)])(1 )(2 )(3 )]\\n4: 2b1f36bb-c1cd-4306-bf5c-a0367c2d97d8, 1, 1 [(0 )(1 )(2 [0xC004E003, 0, 0], [( 1 0xC004F034)( 1 0xC004F034)(?)(?)(?)(?)(?)(?)])(3 [0x00000000, 0, 0], [( 6 0xC004F009 0 0)( 1 0x00000000)( 6 0xC004F009 0 0)(?)(?)(?)( 10 0x00000000 msft:rm/algorithm/flags/1.0)( 11 0x00000000 0xC004F034)])]\\n5: 30d469c6-a78f-4476-b5c8-af78d5b6a5fb, 1, 0 [(0 [0xC004F014, 0, 0], [(?)(?)(?)(?)(?)(?)(?)(?)])(1 )(2 )(3 )]\\n6: 3ae2cc14-ab2d-41f4-972f-5e20142771dc, 1, 0 [(0 [0xC004F014, 0, 0], [(?)(?)(?)(?)(?)(?)(?)(?)])(1 )(2 )(3 )]\\n7: 4002e33a-524c-4100-8108-131a0d42c0ea, 1, 0 [(0 [0xC004F014, 0, 0], [(?)(?)(?)(?)(?)(?)(?)(?)])(1 )(2 )(3 )]\\n8: 411b3d4f-be6d-4a06-baaa-9cabfc256cae, 1, 0 [(0 [0xC004F014, 0, 0], [(?)(?)(?)(?)(?)(?)(?)(?)])(1 )(2 )(3 )]\\n9: 58e97c99-f377-4ef1-81d5-4ad5522b5fd8, 1, 0 [(0 [0xC004F014, 0, 0], [(?)(?)(?)(?)(?)(?)(?)(?)])(1 )(2 )(3 )]\\n10: 653098ee-780d-4863-8cf2-d18399ce413b, 1, 0 [(0 [0xC004F014, 0, 0], [(?)(?)(?)(?)(?)(?)(?)(?)])(1 )(2 )(3 )]\\n11: 71f411ae-7b4b-41bd-b68c-c519c499f950, 1, 0 [(0 [0xC004F014, 0, 0], [(?)(?)(?)(?)(?)(?)(?)(?)])(1 )(2 )(3 )]\\n12: 74436dbb-cc17-46de-867f-14906ba4a938, 1, 0 [(0 [0xC004F014, 0, 0], [(?)(?)(?)(?)(?)(?)(?)(?)])(1 )(2 )(3 )]\\n13: 8a292df8-d653-4057-8133-a0701792f912, 1, 0 [(0 [0xC004F014, 0, 0], [(?)(?)(?)(?)(?)(?)(?)(?)])(1 )(2 )(3 )]\\n14: 8db63db6-4f8f-46d6-a448-66444faaaa72, 1, 0 [(0 [0xC004F014, 0, 0], [(?)(?)(?)(?)(?)(?)(?)(?)])(1 )(2 )(3 )]\\n15: b0f8a518-2c58-4eb8-9319-084f0eb4ddc4, 1, 0 [(0 [0xC004F014, 0, 0], [(?)(?)(?)(?)(?)(?)(?)(?)])(1 )(2 )(3 )]\\n16: cd918a57-a41b-4c82-8dce-1a538e221a83, 1, 0 [(0 [0xC004F014, 0, 0], [(?)(?)(?)(?)(?)(?)(?)(?)])(1 )(2 )(3 )]\\n17: da9621af-f086-4244-b563-18611e51aa1a, 1, 0 [(0 [0xC004F014, 0, 0], [(?)(?)(?)(?)(?)(?)(?)(?)])(1 )(2 )(3 )]\\n18: e371d89a-73e8-4b24-a7ff-23a3641dd18e, 1, 0 [(0 [0xC004F014, 0, 0], [(?)(?)(?)(?)(?)(?)(?)(?)])(1 )(2 )(3 )]\\n19: ed799377-74b8-4989-a244-14d082e65972, 1, 0 [(0 [0xC004F014, 0, 0], [(?)(?)(?)(?)(?)(?)(?)(?)])(1 )(2 )(3 )]\\n\\n\",\"Binary\":\"\"}}","Channel":"Application","Provider":"Microsoft-Windows-Security-SPP","EventId":1003,"EventRecordId":"1081","ProcessId":0,"ThreadId":0,"Level":"Info","Keywords":"0x80000000000000","SourceFile":"D:\\benign_log_combined_latest_used_actually\\new_benign\\application_4100.evtx","ExtraDataOffset":0,"HiddenRecord":false,"TimeCreated":"2024-09-23T13:26:35.5851828+00:00","RecordNumber":110}
{"ChunkNumber":1,"Computer":"Server002","Payload":"{\"EventData\":{\"Data\":\"55c92734-d682-4d71-983e-d6ec3f16059f, \\n1: 0567073a-7d74-403b-b2d5-6b35da372d8d, 1, 0 [(0 [0xC004F014, 0, 0], [(?)(?)(?)(?)(?)(?)(?)(?)])(1 )(2 )(3 )]\\n2: 1b750385-9fe2-49a8-ab55-149d0546395b, 1, 0 [(0 [0xC004F014, 0, 0], [(?)(?)(?)(?)(?)(?)(?)(?)])(1 )(2 )(3 )]\\n3: 1d873132-f09f-4eb2-bf5a-2e4fb48935e8, 1, 0 [(0 [0xC004F014, 0, 0], [(?)(?)(?)(?)(?)(?)(?)(?)])(1 )(2 )(3 )]\\n4: 2b1f36bb-c1cd-4306-bf5c-a0367c2d97d8, 1, 1 [(0 )(1 )(2 [0xC004E003, 0, 0], [( 1 0xC004F034)( 1 0xC004F034)(?)(?)(?)(?)(?)(?)])(3 [0x00000000, 0, 0], [( 6 0xC004F009 0 0)( 1 0x00000000)( 6 0xC004F009 0 0)(?)(?)(?)( 10 0x00000000 msft:rm/algorithm/flags/1.0)( 11 0x00000000 0xC004F034)])]\\n5: 30d469c6-a78f-4476-b5c8-af78d5b6a5fb, 1, 0 [(0 [0xC004F014, 0, 0], [(?)(?)(?)(?)(?)(?)(?)(?)])(1 )(2 )(3 )]\\n6: 3ae2cc14-ab2d-41f4-972f-5e20142771dc, 1, 0 [(0 [0xC004F014, 0, 0], [(?)(?)(?)(?)(?)(?)(?)(?)])(1 )(2 )(3 )]\\n7: 4002e33a-524c-4100-8108-131a0d42c0ea, 1, 0 [(0 [0xC004F014, 0, 0], [(?)(?)(?)(?)(?)(?)(?)(?)])(1 )(2 )(3 )]\\n8: 411b3d4f-be6d-4a06-baaa-9cabfc256cae, 1, 0 [(0 [0xC004F014, 0, 0], [(?)(?)(?)(?)(?)(?)(?)(?)])(1 )(2 )(3 )]\\n9: 58e97c99-f377-4ef1-81d5-4ad5522b5fd8, 1, 0 [(0 [0xC004F014, 0, 0], [(?)(?)(?)(?)(?)(?)(?)(?)])(1 )(2 )(3 )]\\n10: 653098ee-780d-4863-8cf2-d18399ce413b, 1, 0 [(0 [0xC004F014, 0, 0], [(?)(?)(?)(?)(?)(?)(?)(?)])(1 )(2 )(3 )]\\n11: 71f411ae-7b4b-41bd-b68c-c519c499f950, 1, 0 [(0 [0xC004F014, 0, 0], [(?)(?)(?)(?)(?)(?)(?)(?)])(1 )(2 )(3 )]\\n12: 74436dbb-cc17-46de-867f-14906ba4a938, 1, 0 [(0 [0xC004F014, 0, 0], [(?)(?)(?)(?)(?)(?)(?)(?)])(1 )(2 )(3 )]\\n13: 8a292df8-d653-4057-8133-a0701792f912, 1, 0 [(0 [0xC004F014, 0, 0], [(?)(?)(?)(?)(?)(?)(?)(?)])(1 )(2 )(3 )]\\n14: 8db63db6-4f8f-46d6-a448-66444faaaa72, 1, 0 [(0 [0xC004F014, 0, 0], [(?)(?)(?)(?)(?)(?)(?)(?)])(1 )(2 )(3 )]\\n15: b0f8a518-2c58-4eb8-9319-084f0eb4ddc4, 1, 0 [(0 [0xC004F014, 0, 0], [(?)(?)(?)(?)(?)(?)(?)(?)])(1 )(2 )(3 )]\\n16: cd918a57-a41b-4c82-8dce-1a538e221a83, 1, 0 [(0 [0xC004F014, 0, 0], [(?)(?)(?)(?)(?)(?)(?)(?)])(1 )(2 )(3 )]\\n17: da9621af-f086-4244-b563-18611e51aa1a, 1, 0 [(0 [0xC004F014, 0, 0], [(?)(?)(?)(?)(?)(?)(?)(?)])(1 )(2 )(3 )]\\n18: e371d89a-73e8-4b24-a7ff-23a3641dd18e, 1, 0 [(0 [0xC004F014, 0, 0], [(?)(?)(?)(?)(?)(?)(?)(?)])(1 )(2 )(3 )]\\n19: ed799377-74b8-4989-a244-14d082e65972, 1, 0 [(0 [0xC004F014, 0, 0], [(?)(?)(?)(?)(?)(?)(?)(?)])(1 )(2 )(3 )]\\n\\n\",\"Binary\":\"\"}}","Channel":"Application","Provider":"Microsoft-Windows-Security-SPP","EventId":1003,"EventRecordId":"1082","ProcessId":0,"ThreadId":0,"Level":"Info","Keywords":"0x80000000000000","SourceFile":"D:\\benign_log_combined_latest_used_actually\\new_benign\\application_4100.evtx","ExtraDataOffset":0,"HiddenRecord":false,"TimeCreated":"2024-09-23T13:26:35.6859453+00:00","RecordNumber":111}
{"ChunkNumber":1,"Computer":"Server002","Payload":"{\"EventData\":{\"Data\":\"hr=0x803F7001, RuleId=31e71c49-8da7-4a2f-ad92-45d98a1c79ba;Action=AutoActivate;AppId=55c92734-d682-4d71-983e-d6ec3f16059f;SkuId=2b1f36bb-c1cd-4306-bf5c-a0367c2d97d8;NotificationInterval=1440;Trigger=UserLogon;SessionId=1\",\"Binary\":\"\"}}","Channel":"Application","Provider":"Microsoft-Windows-Security-SPP","EventId":8198,"EventRecordId":"1083","ProcessId":0,"ThreadId":0,"Level":"Error","Keywords":"0x80000000000000","SourceFile":"D:\\benign_log_combined_latest_used_actually\\new_benign\\application_4100.evtx","ExtraDataOffset":0,"HiddenRecord":false,"TimeCreated":"2024-09-23T13:26:35.7257063+00:00","RecordNumber":112}
{"ChunkNumber":1,"Computer":"Server002","Payload":"{\"EventData\":{\"Data\":\"SearchIndexer, 5756,P,98, Windows: , 0, 10, 00, 19045, 0000\",\"Binary\":\"\"}}","Channel":"Application","Provider":"ESENT","EventId":102,"EventRecordId":"1084","ProcessId":0,"ThreadId":0,"Level":"Info","Keywords":"0x80000000000000","SourceFile":"D:\\benign_log_combined_latest_used_actually\\new_benign\\application_4100.evtx","ExtraDataOffset":0,"HiddenRecord":false,"TimeCreated":"2024-09-23T13:26:37.2571436+00:00","RecordNumber":113}
