{"ChunkNumber":13,"Computer":"Server002","Payload":"{\"EventData\":{\"Data\":\"SearchIndexer, 3860,D,0, Windows: , 0, 0, \\n[1] 0.001783 +J(0) +M(C:0K, Fs:225, WS:880K # 880K, PF:5016K # 5016K, P:5016K)\\n[2] 0.000415 +J(0) +M(C:0K, Fs:109, WS:436K # 436K, PF:388K # 388K, P:388K)\\n[3] 0.000107 +J(0) +M(C:0K, Fs:13, WS:44K # 44K, PF:72K # 72K, P:72K)\\n[4] 0.000192 +J(0) +M(C:0K, Fs:24, WS:96K # 96K, PF:348K # 348K, P:348K)\\n[5] 0.001012 +J(0) +M(C:0K, Fs:11, WS:44K # 44K, PF:24K # 32K, P:24K)\\n[6] 0.006295 +J(0) +M(C:0K, Fs:24, WS:96K # 96K, PF:12K # 4K, P:12K)\\n[7] 0.029667 -0.026242 (2) WT +J(0) +M(C:0K, Fs:275, WS:1096K # 1096K, PF:1028K # 1028K, P:1028K)\\n[8] 0.224693 -0.041532 (40) CM -0.099453 (8) WT +J(CM:40, PgRf:3100, Rd:0/40, Dy:40/7168, Lg:599386/8833) +M(C:0K, Fs:1525, WS:3416K # 3416K, PF:2896K # 2896K, P:2896K)\\n[9] 0.052913 +J(0) +M(C:0K, Fs:6, WS:24K # 24K, PF:0K # 0K, P:0K)\\n[10] 0.001237 +J(0) +M(C:0K, Fs:0, WS:-1020K # 0K, PF:-1020K # 0K, P:-1020K)\\n[11] 0.000379 +J(CM:0, PgRf:0, Rd:0/0, Dy:0/0, Lg:49/1) +M(C:0K, Fs:2, WS:8K # 0K, PF:0K # 0K, P:0K)\\n[12] 0.114067 -0.000002 (40) CM -0.112802 (3) WT +J(CM:40, PgRf:0, Rd:0/40, Dy:0/0, Lg:0/0) +M(C:0K, Fs:195, WS:20K # 0K, PF:0K # 0K, P:0K)\\n[13] 0.156955 -0.000891 (2) CM -0.119203 (21) WT +J(CM:2, PgRf:2, Rd:0/2, Dy:0/0, Lg:8759/5) +M(C:0K, Fs:325, WS:-2028K # 0K, PF:-1360K # 0K, P:-1360K)\\n[14] 0.000015 +J(0)\\n[15] 0.000018 +J(0)\\n[16] 0.000613 +J(0) +M(C:0K, Fs:2, WS:0K # 0K, PF:0K # 0K, P:0K)., lgposV2[] = 00000072:0001:0000 - 00000072:0094:022E - 00000072:0095:0000 - 00000072:0095:0000 (00000000:0000:0000)\\ncReInits = 3\\n\",\"Binary\":\"\"}}","Channel":"Application","Provider":"ESENT","EventId":105,"EventRecordId":"1949","ProcessId":0,"ThreadId":0,"Level":"Info","Keywords":"0x80000000000000","SourceFile":"D:\\benign_log_combined_latest_used_actually\\new_benign\\application_4100.evtx","ExtraDataOffset":0,"HiddenRecord":false,"TimeCreated":"2024-10-10T15:51:19.5484473+00:00","RecordNumber":978}
{"PayloadData1":"Database: s: , 1, C:\\ProgramData\\Microsoft\\Search\\Data\\Applications\\Windows\\Windows.edb","MapDescription":"NTDS the database engine attached a database","ChunkNumber":13,"Computer":"Server002","Payload":"{\"EventData\":{\"Data\":\"SearchIndexer, 3860,D,50, Windows: , 1, C:\\\\ProgramData\\\\Microsoft\\\\Search\\\\Data\\\\Applications\\\\Windows\\\\Windows.edb, 0, \\n[1] 0.000003 +J(0)\\n[2] 0.001318 +J(0) +M(C:0K, Fs:24, WS:32K # 0K, PF:32K # 0K, P:32K)\\n[3] 0.071834 -0.066108 (5) WT +J(CM:0, PgRf:0, Rd:0/0, Dy:0/0, Lg:3480/2) +M(C:0K, Fs:18, WS:40K # 0K, PF:40K # 0K, P:40K)\\n[4] 0.000081 +J(0)\\n[5] -\\n[6] -\\n[7] -\\n[8] 0.005146 -0.004710 (2) CM +J(CM:2, PgRf:2, Rd:14/2, Dy:0/0, Lg:54/1) +M(C:0K, Fs:18, WS:72K # 0K, PF:532K # 0K, P:532K)\\n[9] 0.221332 -0.000278 (5) CM -0.220845 (1) WT +J(CM:5, PgRf:23, Rd:0/5, Dy:0/0, Lg:0/0) +M(C:0K, Fs:65, WS:260K # 0K, PF:224K # 0K, P:224K)\\n[10] 0.001427 -0.001344 (1) CM +J(CM:1, PgRf:40, Rd:0/1, Dy:0/0, Lg:0/0) +M(C:0K, Fs:8, WS:32K # 0K, PF:32K # 0K, P:32K)\\n[11] 0.000012 +J(CM:0, PgRf:1, Rd:0/0, Dy:0/0, Lg:0/0) +M(C:0K, Fs:2, WS:8K # 0K, PF:0K # 0K, P:0K)\\n[12] 0.000027 +J(CM:0, PgRf:42, Rd:0/0, Dy:0/0, Lg:0/0) +M(C:0K, Fs:3, WS:12K # 0K, PF:0K # 0K, P:0K)\\n[13] 0.0 +J(0)\\n[14] 0.0 +J(0)\\n[15] 0.000003 +J(CM:0, PgRf:1, Rd:0/0, Dy:0/0, Lg:0/0)., 0 0, lgposAttach = 00000072:0097:0268,\\ndbv = 1568.110.240\",\"Binary\":\"\"}}","Channel":"Application","Provider":"ESENT","EventId":326,"EventRecordId":"1950","ProcessId":0,"ThreadId":0,"Level":"Info","Keywords":"0x80000000000000","SourceFile":"D:\\benign_log_combined_latest_used_actually\\new_benign\\application_4100.evtx","ExtraDataOffset":0,"HiddenRecord":false,"TimeCreated":"2024-10-10T15:51:19.8752633+00:00","RecordNumber":979}
{"ChunkNumber":13,"Computer":"Server002","Payload":"{\"EventData\":{\"Data\":{\"@Name\":\"ExtraInfo\",\"#text\":\", \"}}}","Channel":"Application","Provider":"Microsoft-Windows-Search","EventId":1003,"EventRecordId":"1951","ProcessId":0,"ThreadId":0,"Level":"Info","Keywords":"0x80000000000000","SourceFile":"D:\\benign_log_combined_latest_used_actually\\new_benign\\application_4100.evtx","ExtraDataOffset":0,"HiddenRecord":false,"TimeCreated":"2024-10-10T15:51:21.2673476+00:00","RecordNumber":980}
{"ChunkNumber":13,"Computer":"Server002","Payload":"{\"EventData\":{\"Data\":\"SessionEnv\",\"Binary\":\"D9-06-00-00\"}}","Channel":"Application","Provider":"Microsoft-Windows-Winlogon","EventId":6003,"EventRecordId":"1952","ProcessId":0,"ThreadId":0,"Level":"Info","Keywords":"0x80000000000000","SourceFile":"D:\\benign_log_combined_latest_used_actually\\new_benign\\application_4100.evtx","ExtraDataOffset":0,"HiddenRecord":false,"TimeCreated":"2024-10-10T15:51:38.0319838+00:00","RecordNumber":981}
{"ChunkNumber":13,"Computer":"Server002","Payload":"{\"EventData\":{\"Data\":\"SessionEnv\",\"Binary\":\"D9-06-00-00\"}}","Channel":"Application","Provider":"Microsoft-Windows-Winlogon","EventId":6000,"EventRecordId":"1953","ProcessId":0,"ThreadId":0,"Level":"Info","Keywords":"0x80000000000000","SourceFile":"D:\\benign_log_combined_latest_used_actually\\new_benign\\application_4100.evtx","ExtraDataOffset":0,"HiddenRecord":false,"TimeCreated":"2024-10-10T15:51:39.2860919+00:00","RecordNumber":982}
{"ExecutableInfo":"1270542881581337129, 5, WindowsWcpStoreCorruption, Not available, 0, 10.0.19041.4950:1, RegistryCorruption, \\Registry\\Machine\\COMPONENTS\\\\PendingXmlIdentifier, \r\n\\\\?\\C:\\ProgramData\\Microsoft\\Windows\\WER\\Temp\\WER92BA.tmp.WERInternalMetadata.xml, \\\\?\\C:\\ProgramData\\Microsoft\\Windows\\WER\\ReportArchive\\Critical_10.0.19041.4950__ea28c4e233ebe18b97d6378159d8d9d8684a56a_00000000_c5e8c50d-7249-467b-b45c-05657931a737, 0, c5e8c50d-7249-467b-b45c-05657931a737, 268435456, 945f918c85ecd42dc1a1e004e88e8a29, 0","MapDescription":"Application Crash","ChunkNumber":13,"Computer":"Server002","Payload":"{\"EventData\":{\"Data\":\"1270542881581337129, 5, WindowsWcpStoreCorruption, Not available, 0, 10.0.19041.4950:1, RegistryCorruption, \\\\Registry\\\\Machine\\\\COMPONENTS\\\\\\\\PendingXmlIdentifier, \\n\\\\\\\\?\\\\C:\\\\ProgramData\\\\Microsoft\\\\Windows\\\\WER\\\\Temp\\\\WER92BA.tmp.WERInternalMetadata.xml, \\\\\\\\?\\\\C:\\\\ProgramData\\\\Microsoft\\\\Windows\\\\WER\\\\ReportArchive\\\\Critical_10.0.19041.4950__ea28c4e233ebe18b97d6378159d8d9d8684a56a_00000000_c5e8c50d-7249-467b-b45c-05657931a737, 0, c5e8c50d-7249-467b-b45c-05657931a737, 268435456, 945f918c85ecd42dc1a1e004e88e8a29, 0\",\"Binary\":\"\"}}","Channel":"Application","Provider":"Windows Error Reporting","EventId":1001,"EventRecordId":"1954","ProcessId":0,"ThreadId":0,"Level":"Info","Keywords":"0x80000000000000","SourceFile":"D:\\benign_log_combined_latest_used_actually\\new_benign\\application_4100.evtx","ExtraDataOffset":0,"HiddenRecord":false,"TimeCreated":"2024-10-10T15:51:49.1263949+00:00","RecordNumber":983}
{"ChunkNumber":13,"Computer":"Server002","Payload":"{\"EventData\":{\"Data\":\"TriggerStarted:6\",\"Binary\":\"\"}}","Channel":"Application","Provider":"Microsoft-Windows-Security-SPP","EventId":900,"EventRecordId":"1955","ProcessId":0,"ThreadId":0,"Level":"Info","Keywords":"0x80000000000000","SourceFile":"D:\\benign_log_combined_latest_used_actually\\new_benign\\application_4100.evtx","ExtraDataOffset":0,"HiddenRecord":false,"TimeCreated":"2024-10-10T15:51:53.0632108+00:00","RecordNumber":984}
{"ChunkNumber":13,"Computer":"Server002","Payload":"{\"EventData\":{\"Data\":\"\",\"Binary\":\"\"}}","Channel":"Application","Provider":"Microsoft-Windows-Security-SPP","EventId":16394,"EventRecordId":"1956","ProcessId":0,"ThreadId":0,"Level":"Info","Keywords":"0x80000000000000","SourceFile":"D:\\benign_log_combined_latest_used_actually\\new_benign\\application_4100.evtx","ExtraDataOffset":0,"HiddenRecord":false,"TimeCreated":"2024-10-10T15:51:53.3138581+00:00","RecordNumber":985}
{"ChunkNumber":13,"Computer":"Server002","Payload":"{\"EventData\":{\"Data\":\"C:\\\\Windows\\\\system32\\\\sppwinob.dll, msft:spp/windowsfunctionality/agent/7.0, 0x00000000, 0x00000000\\nC:\\\\Windows\\\\system32\\\\sppobjs.dll, msft:rm/algorithm/inherited/1.0, 0x00000000, 0x00000000\\nC:\\\\Windows\\\\system32\\\\sppobjs.dll, msft:rm/algorithm/phone/1.0, 0x00000000, 0x00000000\\nC:\\\\Windows\\\\system32\\\\sppobjs.dll, msft:rm/algorithm/pkey/detect, 0x00000000, 0x00000000\\nC:\\\\Windows\\\\system32\\\\sppobjs.dll, msft:spp/ActionScheduler/1.0, 0x00000000, 0x00000000\\nC:\\\\Windows\\\\system32\\\\sppobjs.dll, msft:spp/TaskScheduler/1.0, 0x00000000, 0x00000000\\nC:\\\\Windows\\\\system32\\\\sppobjs.dll, msft:spp/statecollector/pkey, 0x00000000, 0x00000000\\nC:\\\\Windows\\\\system32\\\\sppobjs.dll, msft:spp/volume/services/kms/1.0, 0x00000000, 0x00000000\\nC:\\\\Windows\\\\system32\\\\sppobjs.dll, msft:spp/volume/services/kms/activationinfo/1.0, 0x00000000, 0x00000000\\n\",\"Binary\":\"\"}}","Channel":"Application","Provider":"Microsoft-Windows-Security-SPP","EventId":1066,"EventRecordId":"1957","ProcessId":0,"ThreadId":0,"Level":"Info","Keywords":"0x80000000000000","SourceFile":"D:\\benign_log_combined_latest_used_actually\\new_benign\\application_4100.evtx","ExtraDataOffset":0,"HiddenRecord":false,"TimeCreated":"2024-10-10T15:51:53.5223263+00:00","RecordNumber":986}
{"ChunkNumber":13,"Computer":"Server002","Payload":"{\"EventData\":{\"Data\":\"55c92734-d682-4d71-983e-d6ec3f16059f, \\n1: 0567073a-7d74-403b-b2d5-6b35da372d8d, 1, 0 [(0 [0xC004F014, 0, 0], [(?)(?)(?)(?)(?)(?)(?)(?)])(1 )(2 )(3 )]\\n2: 1b750385-9fe2-49a8-ab55-149d0546395b, 1, 0 [(0 [0xC004F014, 0, 0], [(?)(?)(?)(?)(?)(?)(?)(?)])(1 )(2 )(3 )]\\n3: 1d873132-f09f-4eb2-bf5a-2e4fb48935e8, 1, 0 [(0 [0xC004F014, 0, 0], [(?)(?)(?)(?)(?)(?)(?)(?)])(1 )(2 )(3 )]\\n4: 2b1f36bb-c1cd-4306-bf5c-a0367c2d97d8, 1, 1 [(0 )(1 )(2 [0xC004E003, 0, 0], [( 1 0xC004F034)( 1 0xC004F034)(?)(?)(?)(?)(?)(?)])(3 [0x00000000, 0, 0], [( 6 0xC004F009 0 0)( 1 0x00000000)( 6 0xC004F009 0 0)(?)(?)(?)( 10 0x00000000 msft:rm/algorithm/flags/1.0)( 11 0x00000000 0xC004F034)])]\\n5: 30d469c6-a78f-4476-b5c8-af78d5b6a5fb, 1, 0 [(0 [0xC004F014, 0, 0], [(?)(?)(?)(?)(?)(?)(?)(?)])(1 )(2 )(3 )]\\n6: 3ae2cc14-ab2d-41f4-972f-5e20142771dc, 1, 0 [(0 [0xC004F014, 0, 0], [(?)(?)(?)(?)(?)(?)(?)(?)])(1 )(2 )(3 )]\\n7: 4002e33a-524c-4100-8108-131a0d42c0ea, 1, 0 [(0 [0xC004F014, 0, 0], [(?)(?)(?)(?)(?)(?)(?)(?)])(1 )(2 )(3 )]\\n8: 411b3d4f-be6d-4a06-baaa-9cabfc256cae, 1, 0 [(0 [0xC004F014, 0, 0], [(?)(?)(?)(?)(?)(?)(?)(?)])(1 )(2 )(3 )]\\n9: 58e97c99-f377-4ef1-81d5-4ad5522b5fd8, 1, 0 [(0 [0xC004F014, 0, 0], [(?)(?)(?)(?)(?)(?)(?)(?)])(1 )(2 )(3 )]\\n10: 653098ee-780d-4863-8cf2-d18399ce413b, 1, 0 [(0 [0xC004F014, 0, 0], [(?)(?)(?)(?)(?)(?)(?)(?)])(1 )(2 )(3 )]\\n11: 71f411ae-7b4b-41bd-b68c-c519c499f950, 1, 0 [(0 [0xC004F014, 0, 0], [(?)(?)(?)(?)(?)(?)(?)(?)])(1 )(2 )(3 )]\\n12: 74436dbb-cc17-46de-867f-14906ba4a938, 1, 0 [(0 [0xC004F014, 0, 0], [(?)(?)(?)(?)(?)(?)(?)(?)])(1 )(2 )(3 )]\\n13: 8a292df8-d653-4057-8133-a0701792f912, 1, 0 [(0 [0xC004F014, 0, 0], [(?)(?)(?)(?)(?)(?)(?)(?)])(1 )(2 )(3 )]\\n14: 8db63db6-4f8f-46d6-a448-66444faaaa72, 1, 0 [(0 [0xC004F014, 0, 0], [(?)(?)(?)(?)(?)(?)(?)(?)])(1 )(2 )(3 )]\\n15: b0f8a518-2c58-4eb8-9319-084f0eb4ddc4, 1, 0 [(0 [0xC004F014, 0, 0], [(?)(?)(?)(?)(?)(?)(?)(?)])(1 )(2 )(3 )]\\n16: cd918a57-a41b-4c82-8dce-1a538e221a83, 1, 0 [(0 [0xC004F014, 0, 0], [(?)(?)(?)(?)(?)(?)(?)(?)])(1 )(2 )(3 )]\\n17: da9621af-f086-4244-b563-18611e51aa1a, 1, 0 [(0 [0xC004F014, 0, 0], [(?)(?)(?)(?)(?)(?)(?)(?)])(1 )(2 )(3 )]\\n18: e371d89a-73e8-4b24-a7ff-23a3641dd18e, 1, 0 [(0 [0xC004F014, 0, 0], [(?)(?)(?)(?)(?)(?)(?)(?)])(1 )(2 )(3 )]\\n19: ed799377-74b8-4989-a244-14d082e65972, 1, 0 [(0 [0xC004F014, 0, 0], [(?)(?)(?)(?)(?)(?)(?)(?)])(1 )(2 )(3 )]\\n\\n\",\"Binary\":\"\"}}","Channel":"Application","Provider":"Microsoft-Windows-Security-SPP","EventId":1003,"EventRecordId":"1958","ProcessId":0,"ThreadId":0,"Level":"Info","Keywords":"0x80000000000000","SourceFile":"D:\\benign_log_combined_latest_used_actually\\new_benign\\application_4100.evtx","ExtraDataOffset":0,"HiddenRecord":false,"TimeCreated":"2024-10-10T15:51:53.9998751+00:00","RecordNumber":987}
{"ChunkNumber":13,"Computer":"Server002","Payload":"{\"EventData\":{\"Data\":\"10.0.19041.4894\",\"Binary\":\"\"}}","Channel":"Application","Provider":"Microsoft-Windows-Security-SPP","EventId":902,"EventRecordId":"1959","ProcessId":0,"ThreadId":0,"Level":"LogAlways","Keywords":"0x80000000000000","SourceFile":"D:\\benign_log_combined_latest_used_actually\\new_benign\\application_4100.evtx","ExtraDataOffset":0,"HiddenRecord":false,"TimeCreated":"2024-10-10T15:51:54.2518348+00:00","RecordNumber":988}
{"ChunkNumber":13,"Computer":"Server002","Payload":"{\"EventData\":{\"Data\":\"55c92734-d682-4d71-983e-d6ec3f16059f, \\n1: 0567073a-7d74-403b-b2d5-6b35da372d8d, 1, 0 [(0 [0xC004F014, 0, 0], [(?)(?)(?)(?)(?)(?)(?)(?)])(1 )(2 )(3 )]\\n2: 1b750385-9fe2-49a8-ab55-149d0546395b, 1, 0 [(0 [0xC004F014, 0, 0], [(?)(?)(?)(?)(?)(?)(?)(?)])(1 )(2 )(3 )]\\n3: 1d873132-f09f-4eb2-bf5a-2e4fb48935e8, 1, 0 [(0 [0xC004F014, 0, 0], [(?)(?)(?)(?)(?)(?)(?)(?)])(1 )(2 )(3 )]\\n4: 2b1f36bb-c1cd-4306-bf5c-a0367c2d97d8, 1, 1 [(0 )(1 )(2 [0xC004E003, 0, 0], [( 1 0xC004F034)( 1 0xC004F034)(?)(?)(?)(?)(?)(?)])(3 [0x00000000, 0, 0], [( 6 0xC004F009 0 0)( 1 0x00000000)( 6 0xC004F009 0 0)(?)(?)(?)( 10 0x00000000 msft:rm/algorithm/flags/1.0)( 11 0x00000000 0xC004F034)])]\\n5: 30d469c6-a78f-4476-b5c8-af78d5b6a5fb, 1, 0 [(0 [0xC004F014, 0, 0], [(?)(?)(?)(?)(?)(?)(?)(?)])(1 )(2 )(3 )]\\n6: 3ae2cc14-ab2d-41f4-972f-5e20142771dc, 1, 0 [(0 [0xC004F014, 0, 0], [(?)(?)(?)(?)(?)(?)(?)(?)])(1 )(2 )(3 )]\\n7: 4002e33a-524c-4100-8108-131a0d42c0ea, 1, 0 [(0 [0xC004F014, 0, 0], [(?)(?)(?)(?)(?)(?)(?)(?)])(1 )(2 )(3 )]\\n8: 411b3d4f-be6d-4a06-baaa-9cabfc256cae, 1, 0 [(0 [0xC004F014, 0, 0], [(?)(?)(?)(?)(?)(?)(?)(?)])(1 )(2 )(3 )]\\n9: 58e97c99-f377-4ef1-81d5-4ad5522b5fd8, 1, 0 [(0 [0xC004F014, 0, 0], [(?)(?)(?)(?)(?)(?)(?)(?)])(1 )(2 )(3 )]\\n10: 653098ee-780d-4863-8cf2-d18399ce413b, 1, 0 [(0 [0xC004F014, 0, 0], [(?)(?)(?)(?)(?)(?)(?)(?)])(1 )(2 )(3 )]\\n11: 71f411ae-7b4b-41bd-b68c-c519c499f950, 1, 0 [(0 [0xC004F014, 0, 0], [(?)(?)(?)(?)(?)(?)(?)(?)])(1 )(2 )(3 )]\\n12: 74436dbb-cc17-46de-867f-14906ba4a938, 1, 0 [(0 [0xC004F014, 0, 0], [(?)(?)(?)(?)(?)(?)(?)(?)])(1 )(2 )(3 )]\\n13: 8a292df8-d653-4057-8133-a0701792f912, 1, 0 [(0 [0xC004F014, 0, 0], [(?)(?)(?)(?)(?)(?)(?)(?)])(1 )(2 )(3 )]\\n14: 8db63db6-4f8f-46d6-a448-66444faaaa72, 1, 0 [(0 [0xC004F014, 0, 0], [(?)(?)(?)(?)(?)(?)(?)(?)])(1 )(2 )(3 )]\\n15: b0f8a518-2c58-4eb8-9319-084f0eb4ddc4, 1, 0 [(0 [0xC004F014, 0, 0], [(?)(?)(?)(?)(?)(?)(?)(?)])(1 )(2 )(3 )]\\n16: cd918a57-a41b-4c82-8dce-1a538e221a83, 1, 0 [(0 [0xC004F014, 0, 0], [(?)(?)(?)(?)(?)(?)(?)(?)])(1 )(2 )(3 )]\\n17: da9621af-f086-4244-b563-18611e51aa1a, 1, 0 [(0 [0xC004F014, 0, 0], [(?)(?)(?)(?)(?)(?)(?)(?)])(1 )(2 )(3 )]\\n18: e371d89a-73e8-4b24-a7ff-23a3641dd18e, 1, 0 [(0 [0xC004F014, 0, 0], [(?)(?)(?)(?)(?)(?)(?)(?)])(1 )(2 )(3 )]\\n19: ed799377-74b8-4989-a244-14d082e65972, 1, 0 [(0 [0xC004F014, 0, 0], [(?)(?)(?)(?)(?)(?)(?)(?)])(1 )(2 )(3 )]\\n\\n\",\"Binary\":\"\"}}","Channel":"Application","Provider":"Microsoft-Windows-Security-SPP","EventId":1003,"EventRecordId":"1960","ProcessId":0,"ThreadId":0,"Level":"Info","Keywords":"0x80000000000000","SourceFile":"D:\\benign_log_combined_latest_used_actually\\new_benign\\application_4100.evtx","ExtraDataOffset":0,"HiddenRecord":false,"TimeCreated":"2024-10-10T15:52:11.1872407+00:00","RecordNumber":989}
{"ChunkNumber":13,"Computer":"Server002","Payload":"{\"EventData\":{\"Data\":\"hr=0x80004005, RuleId=31e71c49-8da7-4a2f-ad92-45d98a1c79ba;Action=AutoActivate;AppId=55c92734-d682-4d71-983e-d6ec3f16059f;SkuId=2b1f36bb-c1cd-4306-bf5c-a0367c2d97d8;NotificationInterval=1440;Trigger=UserLogon;SessionId=1\",\"Binary\":\"\"}}","Channel":"Application","Provider":"Microsoft-Windows-Security-SPP","EventId":8198,"EventRecordId":"1961","ProcessId":0,"ThreadId":0,"Level":"Error","Keywords":"0x80000000000000","SourceFile":"D:\\benign_log_combined_latest_used_actually\\new_benign\\application_4100.evtx","ExtraDataOffset":0,"HiddenRecord":false,"TimeCreated":"2024-10-10T15:52:11.2299775+00:00","RecordNumber":990}
{"ChunkNumber":13,"Computer":"Server002","Payload":"{\"EventData\":{\"Data\":\"2024-10-11T15:51:31Z, RulesEngine\",\"Binary\":\"\"}}","Channel":"Application","Provider":"Microsoft-Windows-Security-SPP","EventId":16384,"EventRecordId":"1962","ProcessId":0,"ThreadId":0,"Level":"Info","Keywords":"0x80000000000000","SourceFile":"D:\\benign_log_combined_latest_used_actually\\new_benign\\application_4100.evtx","ExtraDataOffset":0,"HiddenRecord":false,"TimeCreated":"2024-10-10T15:53:31.5591192+00:00","RecordNumber":991}
{"ChunkNumber":13,"Computer":"Server002","Payload":"{\"EventData\":{\"Data\":\"\",\"Binary\":\"\"}}","Channel":"Application","Provider":"Microsoft-Windows-Security-SPP","EventId":903,"EventRecordId":"1963","ProcessId":0,"ThreadId":0,"Level":"LogAlways","Keywords":"0x80000000000000","SourceFile":"D:\\benign_log_combined_latest_used_actually\\new_benign\\application_4100.evtx","ExtraDataOffset":0,"HiddenRecord":false,"TimeCreated":"2024-10-10T15:53:31.5796342+00:00","RecordNumber":992}
{"ChunkNumber":13,"Computer":"Server002","Payload":"{\"EventData\":{\"Data\":\"Service stopped\",\"Binary\":\"\"}}","Channel":"Application","Provider":"edgeupdate","EventId":0,"EventRecordId":"1964","ProcessId":0,"ThreadId":0,"Level":"Info","Keywords":"0x80000000000000","SourceFile":"D:\\benign_log_combined_latest_used_actually\\new_benign\\application_4100.evtx","ExtraDataOffset":0,"HiddenRecord":false,"TimeCreated":"2024-10-10T15:54:07.1336142+00:00","RecordNumber":993}
{"ChunkNumber":13,"Computer":"Server002","Payload":"{\"EventData\":{\"Data\":\"&lt;explicit&gt;\",\"Binary\":\"\"}}","Channel":"Application","Provider":"Microsoft-Windows-Security-SPP","EventId":900,"EventRecordId":"1965","ProcessId":0,"ThreadId":0,"Level":"Info","Keywords":"0x80000000000000","SourceFile":"D:\\benign_log_combined_latest_used_actually\\new_benign\\application_4100.evtx","ExtraDataOffset":0,"HiddenRecord":false,"TimeCreated":"2024-10-10T15:54:08.2121714+00:00","RecordNumber":994}
{"ChunkNumber":13,"Computer":"Server002","Payload":"{\"EventData\":{\"Data\":\"\",\"Binary\":\"\"}}","Channel":"Application","Provider":"Microsoft-Windows-Security-SPP","EventId":16394,"EventRecordId":"1966","ProcessId":0,"ThreadId":0,"Level":"Info","Keywords":"0x80000000000000","SourceFile":"D:\\benign_log_combined_latest_used_actually\\new_benign\\application_4100.evtx","ExtraDataOffset":0,"HiddenRecord":false,"TimeCreated":"2024-10-10T15:54:08.3058412+00:00","RecordNumber":995}
{"ChunkNumber":13,"Computer":"Server002","Payload":"{\"EventData\":{\"Data\":\"\",\"Binary\":\"\"}}","Channel":"Application","Provider":"SecurityCenter","EventId":1,"EventRecordId":"1967","ProcessId":0,"ThreadId":0,"Level":"Info","Keywords":"0x80000000000000","SourceFile":"D:\\benign_log_combined_latest_used_actually\\new_benign\\application_4100.evtx","ExtraDataOffset":0,"HiddenRecord":false,"TimeCreated":"2024-10-10T15:54:10.0894187+00:00","RecordNumber":996}
{"ChunkNumber":13,"Computer":"Server002","Payload":"{\"EventData\":{\"Data\":\"Windows Defender, SECURITY_PRODUCT_STATE_ON\",\"Binary\":\"\"}}","Channel":"Application","Provider":"SecurityCenter","EventId":15,"EventRecordId":"1968","ProcessId":0,"ThreadId":0,"Level":"Info","Keywords":"0x80000000000000","SourceFile":"D:\\benign_log_combined_latest_used_actually\\new_benign\\application_4100.evtx","ExtraDataOffset":0,"HiddenRecord":false,"TimeCreated":"2024-10-10T15:54:13.1468575+00:00","RecordNumber":997}
{"ChunkNumber":13,"Computer":"Server002","Payload":"{\"EventData\":{\"Data\":[{\"@Name\":\"param1\",\"#text\":\"86400\"},{\"@Name\":\"param2\",\"#text\":\"SuppressDuplicateDuration\"},{\"@Name\":\"param3\",\"#text\":\"Software\\\\Microsoft\\\\EventSystem\\\\EventLog\"}]}}","Channel":"Application","Provider":"Microsoft-Windows-EventSystem","EventId":4625,"EventRecordId":"1969","ProcessId":0,"ThreadId":0,"Level":"Info","Keywords":"0x80000000000000","SourceFile":"D:\\benign_log_combined_latest_used_actually\\new_benign\\application_4100.evtx","ExtraDataOffset":0,"HiddenRecord":false,"TimeCreated":"2024-10-10T16:20:14.6147098+00:00","RecordNumber":998}
{"ChunkNumber":13,"Computer":"Server002","Payload":"{\"EventData\":\"\"}","UserId":"S-1-5-18","Channel":"Application","Provider":"Microsoft-Windows-User Profiles Service","EventId":1531,"EventRecordId":"1970","ProcessId":1192,"ThreadId":1252,"Level":"Info","Keywords":"Classic","SourceFile":"D:\\benign_log_combined_latest_used_actually\\new_benign\\application_4100.evtx","ExtraDataOffset":0,"HiddenRecord":false,"TimeCreated":"2024-10-10T18:20:12.4390710+00:00","RecordNumber":999}
{"ChunkNumber":13,"Computer":"Server002","Payload":"{\"EventData\":\"\"}","UserId":"S-1-5-18","Channel":"Application","Provider":"Microsoft-Windows-WMI","EventId":5615,"EventRecordId":"1971","ProcessId":2888,"ThreadId":2204,"Level":"Info","Keywords":"Classic","SourceFile":"D:\\benign_log_combined_latest_used_actually\\new_benign\\application_4100.evtx","ExtraDataOffset":0,"HiddenRecord":false,"TimeCreated":"2024-10-10T16:20:17.6843126+00:00","RecordNumber":1000}
{"ChunkNumber":13,"Computer":"Server002","Payload":"{\"EventData\":\"\"}","UserId":"S-1-5-18","Channel":"Application","Provider":"Microsoft-Windows-WMI","EventId":5617,"EventRecordId":"1972","ProcessId":2888,"ThreadId":3172,"Level":"Info","Keywords":"Classic","SourceFile":"D:\\benign_log_combined_latest_used_actually\\new_benign\\application_4100.evtx","ExtraDataOffset":0,"HiddenRecord":false,"TimeCreated":"2024-10-10T16:20:19.4636457+00:00","RecordNumber":1001}
{"ChunkNumber":13,"Computer":"Server002","Payload":"{\"EventData\":{\"Data\":\"SearchIndexer, 4200,P,98, Windows: , 0, 10, 00, 19045, 0000\",\"Binary\":\"\"}}","Channel":"Application","Provider":"ESENT","EventId":102,"EventRecordId":"1973","ProcessId":0,"ThreadId":0,"Level":"Info","Keywords":"0x80000000000000","SourceFile":"D:\\benign_log_combined_latest_used_actually\\new_benign\\application_4100.evtx","ExtraDataOffset":0,"HiddenRecord":false,"TimeCreated":"2024-10-10T16:20:22.8362706+00:00","RecordNumber":1002}
{"ChunkNumber":13,"Computer":"Server002","Payload":"{\"EventData\":{\"Data\":\"SearchIndexer, 4200,R,98, Windows: \",\"Binary\":\"\"}}","Channel":"Application","Provider":"ESENT","EventId":300,"EventRecordId":"1974","ProcessId":0,"ThreadId":0,"Level":"Info","Keywords":"0x80000000000000","SourceFile":"D:\\benign_log_combined_latest_used_actually\\new_benign\\application_4100.evtx","ExtraDataOffset":0,"HiddenRecord":false,"TimeCreated":"2024-10-10T16:20:22.9305735+00:00","RecordNumber":1003}
{"ChunkNumber":13,"Computer":"Server002","Payload":"{\"EventData\":{\"Data\":\"SearchIndexer, 4200,R,98, Windows: , C:\\\\ProgramData\\\\Microsoft\\\\Search\\\\Data\\\\Applications\\\\Windows\\\\edb.jtx, \\n[1] 0.065333 -0.002592 (6) CM -0.044801 (5) WT +J(CM:6, PgRf:22, Rd:0/6, Dy:6/38, Lg:635890/8898) +M(C:0K, Fs:669, WS:720K # 636K, PF:604K # 504K, P:604K)., Commit   , 2159\",\"Binary\":\"\"}}","Channel":"Application","Provider":"ESENT","EventId":301,"EventRecordId":"1975","ProcessId":0,"ThreadId":0,"Level":"Info","Keywords":"0x80000000000000","SourceFile":"D:\\benign_log_combined_latest_used_actually\\new_benign\\application_4100.evtx","ExtraDataOffset":0,"HiddenRecord":false,"TimeCreated":"2024-10-10T16:20:23.0049749+00:00","RecordNumber":1004}
{"ChunkNumber":13,"Computer":"Server002","Payload":"{\"EventData\":{\"Data\":\"SearchIndexer, 4200,U,98, Windows: \",\"Binary\":\"\"}}","Channel":"Application","Provider":"ESENT","EventId":302,"EventRecordId":"1976","ProcessId":0,"ThreadId":0,"Level":"Info","Keywords":"0x80000000000000","SourceFile":"D:\\benign_log_combined_latest_used_actually\\new_benign\\application_4100.evtx","ExtraDataOffset":0,"HiddenRecord":false,"TimeCreated":"2024-10-10T16:20:23.2237695+00:00","RecordNumber":1005}
{"ChunkNumber":13,"Computer":"Server002","Payload":"{\"EventData\":{\"Data\":\"SearchIndexer, 4200,D,0, Windows: , 0, 0, \\n[1] 0.001170 +J(0) +M(C:0K, Fs:220, WS:860K # 860K, PF:5016K # 5016K, P:5016K)\\n[2] 0.000302 +J(0) +M(C:0K, Fs:109, WS:436K # 436K, PF:384K # 384K, P:384K)\\n[3] 0.000114 +J(0) +M(C:0K, Fs:12, WS:44K # 44K, PF:68K # 68K, P:68K)\\n[4] 0.000083 +J(0) +M(C:0K, Fs:27, WS:108K # 108K, PF:360K # 360K, P:360K)\\n[5] 0.000631 +J(0) +M(C:0K, Fs:10, WS:40K # 40K, PF:20K # 20K, P:20K)\\n[6] 0.003087 +J(0) +M(C:0K, Fs:28, WS:112K # 112K, PF:12K # 12K, P:12K)\\n[7] 0.087839 -0.085179 (2) WT +J(0) +M(C:0K, Fs:291, WS:1160K # 1160K, PF:1096K # 1096K, P:1096K)\\n[8] 0.075714 -0.002592 (6) CM -0.045231 (7) WT +J(CM:6, PgRf:22, Rd:0/6, Dy:6/38, Lg:635890/8898) +M(C:0K, Fs:971, WS:1820K # 1820K, PF:1432K # 1432K, P:1432K)\\n[9] 0.000479 +J(0) +M(C:0K, Fs:5, WS:20K # 20K, PF:0K # 0K, P:0K)\\n[10] 0.000825 +J(0) +M(C:0K, Fs:0, WS:-1020K # 0K, PF:-1020K # 0K, P:-1020K)\\n[11] 0.000056 +J(CM:0, PgRf:0, Rd:0/0, Dy:0/0, Lg:49/1) +M(C:0K, Fs:2, WS:8K # 0K, PF:0K # 0K, P:0K)\\n[12] 0.177510 -0.000004 (6) CM -0.169560 (6) WT +J(CM:6, PgRf:0, Rd:0/6, Dy:0/0, Lg:0/0) +M(C:0K, Fs:34, WS:16K # 0K, PF:0K # 0K, P:0K)\\n[13] 0.046211 -0.000803 (2) CM -0.027949 (21) WT +J(CM:2, PgRf:2, Rd:0/2, Dy:0/0, Lg:8759/5) +M(C:0K, Fs:312, WS:-956K # 0K, PF:-256K # 0K, P:-256K)\\n[14] 0.000328 +J(0)\\n[15] 0.000024 +J(0)\\n[16] 0.000187 +J(0) +M(C:0K, Fs:2, WS:0K # 0K, PF:0K # 0K, P:0K)., lgposV2[] = 00000072:0001:0000 - 00000072:009D:023A - 00000072:009E:0000 - 00000072:009E:0000 (00000000:0000:0000)\\ncReInits = 4\\n\",\"Binary\":\"\"}}","Channel":"Application","Provider":"ESENT","EventId":105,"EventRecordId":"1977","ProcessId":0,"ThreadId":0,"Level":"Info","Keywords":"0x80000000000000","SourceFile":"D:\\benign_log_combined_latest_used_actually\\new_benign\\application_4100.evtx","ExtraDataOffset":0,"HiddenRecord":false,"TimeCreated":"2024-10-10T16:20:23.2237695+00:00","RecordNumber":1006}
{"ChunkNumber":13,"Computer":"Server002","Payload":"{\"EventData\":\"\"}","UserId":"S-1-5-18","Channel":"Application","Provider":"Microsoft-Windows-User Profiles Service","EventId":1531,"EventRecordId":"1978","ProcessId":1232,"ThreadId":1340,"Level":"Info","Keywords":"Classic","SourceFile":"D:\\benign_log_combined_latest_used_actually\\new_benign\\application_4100.evtx","ExtraDataOffset":0,"HiddenRecord":false,"TimeCreated":"2024-10-13T19:00:58.4227653+00:00","RecordNumber":1007}
{"ChunkNumber":13,"Computer":"Server002","Payload":"{\"EventData\":{\"Data\":[{\"@Name\":\"param1\",\"#text\":\"86400\"},{\"@Name\":\"param2\",\"#text\":\"SuppressDuplicateDuration\"},{\"@Name\":\"param3\",\"#text\":\"Software\\\\Microsoft\\\\EventSystem\\\\EventLog\"}]}}","Channel":"Application","Provider":"Microsoft-Windows-EventSystem","EventId":4625,"EventRecordId":"1979","ProcessId":0,"ThreadId":0,"Level":"Info","Keywords":"0x80000000000000","SourceFile":"D:\\benign_log_combined_latest_used_actually\\new_benign\\application_4100.evtx","ExtraDataOffset":0,"HiddenRecord":false,"TimeCreated":"2024-10-13T17:01:00.2322430+00:00","RecordNumber":1008}
{"ChunkNumber":13,"Computer":"Server002","Payload":"{\"EventData\":\"\"}","UserId":"S-1-5-18","Channel":"Application","Provider":"Microsoft-Windows-WMI","EventId":5615,"EventRecordId":"1980","ProcessId":2856,"ThreadId":2976,"Level":"Info","Keywords":"Classic","SourceFile":"D:\\benign_log_combined_latest_used_actually\\new_benign\\application_4100.evtx","ExtraDataOffset":0,"HiddenRecord":false,"TimeCreated":"2024-10-13T17:01:02.6905073+00:00","RecordNumber":1009}
{"ChunkNumber":13,"Computer":"Server002","Payload":"{\"EventData\":\"\"}","UserId":"S-1-5-18","Channel":"Application","Provider":"Microsoft-Windows-WMI","EventId":5617,"EventRecordId":"1981","ProcessId":2856,"ThreadId":3704,"Level":"Info","Keywords":"Classic","SourceFile":"D:\\benign_log_combined_latest_used_actually\\new_benign\\application_4100.evtx","ExtraDataOffset":0,"HiddenRecord":false,"TimeCreated":"2024-10-13T17:01:04.8021325+00:00","RecordNumber":1010}
{"ChunkNumber":13,"Computer":"Server002","Payload":"{\"EventData\":{\"Data\":\"SearchIndexer, 3164,P,98, Windows: , 0, 10, 00, 19045, 0000\",\"Binary\":\"\"}}","Channel":"Application","Provider":"ESENT","EventId":102,"EventRecordId":"1982","ProcessId":0,"ThreadId":0,"Level":"Info","Keywords":"0x80000000000000","SourceFile":"D:\\benign_log_combined_latest_used_actually\\new_benign\\application_4100.evtx","ExtraDataOffset":0,"HiddenRecord":false,"TimeCreated":"2024-10-13T17:01:06.1532117+00:00","RecordNumber":1011}
{"ChunkNumber":13,"Computer":"Server002","Payload":"{\"EventData\":{\"Data\":\"SearchIndexer, 3164,R,98, Windows: \",\"Binary\":\"\"}}","Channel":"Application","Provider":"ESENT","EventId":300,"EventRecordId":"1983","ProcessId":0,"ThreadId":0,"Level":"Info","Keywords":"0x80000000000000","SourceFile":"D:\\benign_log_combined_latest_used_actually\\new_benign\\application_4100.evtx","ExtraDataOffset":0,"HiddenRecord":false,"TimeCreated":"2024-10-13T17:01:06.9666676+00:00","RecordNumber":1012}
{"ChunkNumber":14,"Computer":"Server002","Payload":"{\"EventData\":{\"Data\":\"SearchIndexer, 3164,R,98, Windows: , C:\\\\ProgramData\\\\Microsoft\\\\Search\\\\Data\\\\Applications\\\\Windows\\\\edb.jtx, \\n[1] 0.061642 -0.002422 (6) CM -0.045604 (7) WT +J(CM:6, PgRf:22, Rd:0/6, Dy:6/38, Lg:32448/62) +M(C:0K, Fs:381, WS:644K # 644K, PF:568K # 568K, P:568K)., ReplaceD , 17\",\"Binary\":\"\"}}","Channel":"Application","Provider":"ESENT","EventId":301,"EventRecordId":"1984","ProcessId":0,"ThreadId":0,"Level":"Info","Keywords":"0x80000000000000","SourceFile":"D:\\benign_log_combined_latest_used_actually\\new_benign\\application_4100.evtx","ExtraDataOffset":0,"HiddenRecord":false,"TimeCreated":"2024-10-13T17:01:07.3771253+00:00","RecordNumber":1013}
{"ChunkNumber":14,"Computer":"Server002","Payload":"{\"EventData\":{\"Data\":\"SearchIndexer, 3164,U,98, Windows: \",\"Binary\":\"\"}}","Channel":"Application","Provider":"ESENT","EventId":302,"EventRecordId":"1985","ProcessId":0,"ThreadId":0,"Level":"Info","Keywords":"0x80000000000000","SourceFile":"D:\\benign_log_combined_latest_used_actually\\new_benign\\application_4100.evtx","ExtraDataOffset":0,"HiddenRecord":false,"TimeCreated":"2024-10-13T17:01:07.6398504+00:00","RecordNumber":1014}
{"ChunkNumber":14,"Computer":"Server002","Payload":"{\"EventData\":{\"Data\":\"SearchIndexer, 3164,D,0, Windows: , 0, 1, \\n[1] 0.002215 +J(0) +M(C:0K, Fs:224, WS:876K # 876K, PF:5016K # 5016K, P:5016K)\\n[2] 0.000292 +J(0) +M(C:0K, Fs:110, WS:440K # 440K, PF:388K # 388K, P:388K)\\n[3] 0.000338 +J(0) +M(C:0K, Fs:12, WS:44K # 44K, PF:68K # 68K, P:68K)\\n[4] 0.000083 +J(0) +M(C:0K, Fs:24, WS:96K # 96K, PF:348K # 348K, P:348K)\\n[5] 0.000656 +J(0) +M(C:0K, Fs:10, WS:40K # 40K, PF:20K # 20K, P:20K)\\n[6] 0.180876 +J(0) +M(C:0K, Fs:24, WS:96K # 96K, PF:12K # 12K, P:12K)\\n[7] 0.226138 -0.141489 (2) WT +J(0) +M(C:0K, Fs:275, WS:1096K # 1096K, PF:1032K # 1032K, P:1032K)\\n[8] 0.814826 -0.002422 (6) CM -0.204188 (8) WT +J(CM:6, PgRf:22, Rd:0/6, Dy:6/38, Lg:32448/62) +M(C:0K, Fs:648, WS:1704K # 1704K, PF:1392K # 1392K, P:1392K)\\n[9] 0.001190 +J(0) +M(C:0K, Fs:6, WS:24K # 24K, PF:0K # 0K, P:0K)\\n[10] 0.000814 -0.000001 (1) WT +J(0) +M(C:0K, Fs:0, WS:-1020K # 0K, PF:-1020K # 0K, P:-1020K)\\n[11] 0.000030 +J(CM:0, PgRf:0, Rd:0/0, Dy:0/0, Lg:49/1) +M(C:0K, Fs:2, WS:8K # 0K, PF:0K # 0K, P:0K)\\n[12] 0.197597 -0.000005 (6) CM -0.195050 (6) WT +J(CM:6, PgRf:0, Rd:0/6, Dy:0/0, Lg:0/0) +M(C:0K, Fs:35, WS:20K # 0K, PF:0K # 0K, P:0K)\\n[13] 0.076905 -0.000508 (2) CM -0.033894 (22) WT +J(CM:2, PgRf:2, Rd:0/2, Dy:0/0, Lg:8759/5) +M(C:0K, Fs:312, WS:-960K # 0K, PF:-268K # 0K, P:-268K)\\n[14] 0.000012 +J(0)\\n[15] 0.000020 +J(0)\\n[16] 0.000818 +J(0) +M(C:0K, Fs:2, WS:0K # 0K, PF:0K # 0K, P:0K)., lgposV2[] = 00000072:009F:0000 - 00000072:00A6:023A - 00000072:00A7:0000 - 00000072:00A7:0000 (00000000:0000:0000)\\ncReInits = 1\\n\",\"Binary\":\"\"}}","Channel":"Application","Provider":"ESENT","EventId":105,"EventRecordId":"1986","ProcessId":0,"ThreadId":0,"Level":"Info","Keywords":"0x80000000000000","SourceFile":"D:\\benign_log_combined_latest_used_actually\\new_benign\\application_4100.evtx","ExtraDataOffset":0,"HiddenRecord":false,"TimeCreated":"2024-10-13T17:01:07.6519513+00:00","RecordNumber":1015}
{"PayloadData1":"Database: s: , 1, C:\\ProgramData\\Microsoft\\Search\\Data\\Applications\\Windows\\Windows.edb","MapDescription":"NTDS the database engine attached a database","ChunkNumber":14,"Computer":"Server002","Payload":"{\"EventData\":{\"Data\":\"SearchIndexer, 3164,D,50, Windows: , 1, C:\\\\ProgramData\\\\Microsoft\\\\Search\\\\Data\\\\Applications\\\\Windows\\\\Windows.edb, 0, \\n[1] 0.000002 +J(0)\\n[2] 0.000820 +J(0) +M(C:0K, Fs:24, WS:32K # 0K, PF:32K # 0K, P:32K)\\n[3] 0.047380 -0.040513 (5) WT +J(CM:0, PgRf:0, Rd:0/0, Dy:0/0, Lg:3480/2) +M(C:0K, Fs:19, WS:44K # 0K, PF:20K # 0K, P:20K)\\n[4] 0.000097 +J(0)\\n[5] -\\n[6] -\\n[7] -\\n[8] 0.000621 -0.000409 (2) CM +J(CM:2, PgRf:2, Rd:14/2, Dy:0/0, Lg:54/1) +M(C:0K, Fs:21, WS:80K # 0K, PF:536K # 0K, P:536K)\\n[9] 0.077076 -0.000828 (5) CM -0.076032 (1) WT +J(CM:5, PgRf:23, Rd:0/5, Dy:0/0, Lg:0/0) +M(C:0K, Fs:64, WS:256K # 0K, PF:224K # 0K, P:224K)\\n[10] 0.002137 -0.002021 (1) CM +J(CM:1, PgRf:40, Rd:0/1, Dy:0/0, Lg:0/0) +M(C:0K, Fs:10, WS:40K # 0K, PF:96K # 0K, P:96K)\\n[11] 0.000360 +J(CM:0, PgRf:1, Rd:0/0, Dy:0/0, Lg:0/0) +M(C:0K, Fs:2, WS:8K # 0K, PF:0K # 0K, P:0K)\\n[12] 0.000034 +J(CM:0, PgRf:42, Rd:0/0, Dy:0/0, Lg:0/0) +M(C:0K, Fs:3, WS:12K # 0K, PF:0K # 0K, P:0K)\\n[13] 0.0 +J(0)\\n[14] 0.0 +J(0)\\n[15] 0.000003 +J(CM:0, PgRf:1, Rd:0/0, Dy:0/0, Lg:0/0)., 0 0, lgposAttach = 00000072:00A9:0268,\\ndbv = 1568.110.240\",\"Binary\":\"\"}}","Channel":"Application","Provider":"ESENT","EventId":326,"EventRecordId":"1987","ProcessId":0,"ThreadId":0,"Level":"Info","Keywords":"0x80000000000000","SourceFile":"D:\\benign_log_combined_latest_used_actually\\new_benign\\application_4100.evtx","ExtraDataOffset":0,"HiddenRecord":false,"TimeCreated":"2024-10-13T17:01:07.7757076+00:00","RecordNumber":1016}
{"ChunkNumber":14,"Computer":"Server002","Payload":"{\"EventData\":{\"Data\":{\"@Name\":\"ExtraInfo\",\"#text\":\", \"}}}","Channel":"Application","Provider":"Microsoft-Windows-Search","EventId":1003,"EventRecordId":"1988","ProcessId":0,"ThreadId":0,"Level":"Info","Keywords":"0x80000000000000","SourceFile":"D:\\benign_log_combined_latest_used_actually\\new_benign\\application_4100.evtx","ExtraDataOffset":0,"HiddenRecord":false,"TimeCreated":"2024-10-13T17:01:09.0605884+00:00","RecordNumber":1017}
{"ChunkNumber":14,"Computer":"Server002","Payload":"{\"EventData\":{\"Data\":\"TriggerStarted:6\",\"Binary\":\"\"}}","Channel":"Application","Provider":"Microsoft-Windows-Security-SPP","EventId":900,"EventRecordId":"1989","ProcessId":0,"ThreadId":0,"Level":"Info","Keywords":"0x80000000000000","SourceFile":"D:\\benign_log_combined_latest_used_actually\\new_benign\\application_4100.evtx","ExtraDataOffset":0,"HiddenRecord":false,"TimeCreated":"2024-10-13T17:01:12.9339083+00:00","RecordNumber":1018}
{"ChunkNumber":14,"Computer":"Server002","Payload":"{\"EventData\":{\"Data\":\"\",\"Binary\":\"\"}}","Channel":"Application","Provider":"Microsoft-Windows-Security-SPP","EventId":16394,"EventRecordId":"1990","ProcessId":0,"ThreadId":0,"Level":"Info","Keywords":"0x80000000000000","SourceFile":"D:\\benign_log_combined_latest_used_actually\\new_benign\\application_4100.evtx","ExtraDataOffset":0,"HiddenRecord":false,"TimeCreated":"2024-10-13T17:01:13.0469583+00:00","RecordNumber":1019}
{"ChunkNumber":14,"Computer":"Server002","Payload":"{\"EventData\":{\"Data\":\"C:\\\\Windows\\\\system32\\\\sppwinob.dll, msft:spp/windowsfunctionality/agent/7.0, 0x00000000, 0x00000000\\nC:\\\\Windows\\\\system32\\\\sppobjs.dll, msft:rm/algorithm/inherited/1.0, 0x00000000, 0x00000000\\nC:\\\\Windows\\\\system32\\\\sppobjs.dll, msft:rm/algorithm/phone/1.0, 0x00000000, 0x00000000\\nC:\\\\Windows\\\\system32\\\\sppobjs.dll, msft:rm/algorithm/pkey/detect, 0x00000000, 0x00000000\\nC:\\\\Windows\\\\system32\\\\sppobjs.dll, msft:spp/ActionScheduler/1.0, 0x00000000, 0x00000000\\nC:\\\\Windows\\\\system32\\\\sppobjs.dll, msft:spp/TaskScheduler/1.0, 0x00000000, 0x00000000\\nC:\\\\Windows\\\\system32\\\\sppobjs.dll, msft:spp/statecollector/pkey, 0x00000000, 0x00000000\\nC:\\\\Windows\\\\system32\\\\sppobjs.dll, msft:spp/volume/services/kms/1.0, 0x00000000, 0x00000000\\nC:\\\\Windows\\\\system32\\\\sppobjs.dll, msft:spp/volume/services/kms/activationinfo/1.0, 0x00000000, 0x00000000\\n\",\"Binary\":\"\"}}","Channel":"Application","Provider":"Microsoft-Windows-Security-SPP","EventId":1066,"EventRecordId":"1991","ProcessId":0,"ThreadId":0,"Level":"Info","Keywords":"0x80000000000000","SourceFile":"D:\\benign_log_combined_latest_used_actually\\new_benign\\application_4100.evtx","ExtraDataOffset":0,"HiddenRecord":false,"TimeCreated":"2024-10-13T17:01:13.1693259+00:00","RecordNumber":1020}
{"ChunkNumber":14,"Computer":"Server002","Payload":"{\"EventData\":{\"Data\":\"55c92734-d682-4d71-983e-d6ec3f16059f, \\n1: 0567073a-7d74-403b-b2d5-6b35da372d8d, 1, 0 [(0 [0xC004F014, 0, 0], [(?)(?)(?)(?)(?)(?)(?)(?)])(1 )(2 )(3 )]\\n2: 1b750385-9fe2-49a8-ab55-149d0546395b, 1, 0 [(0 [0xC004F014, 0, 0], [(?)(?)(?)(?)(?)(?)(?)(?)])(1 )(2 )(3 )]\\n3: 1d873132-f09f-4eb2-bf5a-2e4fb48935e8, 1, 0 [(0 [0xC004F014, 0, 0], [(?)(?)(?)(?)(?)(?)(?)(?)])(1 )(2 )(3 )]\\n4: 2b1f36bb-c1cd-4306-bf5c-a0367c2d97d8, 1, 1 [(0 )(1 )(2 [0xC004E003, 0, 0], [( 1 0xC004F034)( 1 0xC004F034)(?)(?)(?)(?)(?)(?)])(3 [0x00000000, 0, 0], [( 6 0xC004F009 0 0)( 1 0x00000000)( 6 0xC004F009 0 0)(?)(?)(?)( 10 0x00000000 msft:rm/algorithm/flags/1.0)( 11 0x00000000 0xC004F034)])]\\n5: 30d469c6-a78f-4476-b5c8-af78d5b6a5fb, 1, 0 [(0 [0xC004F014, 0, 0], [(?)(?)(?)(?)(?)(?)(?)(?)])(1 )(2 )(3 )]\\n6: 3ae2cc14-ab2d-41f4-972f-5e20142771dc, 1, 0 [(0 [0xC004F014, 0, 0], [(?)(?)(?)(?)(?)(?)(?)(?)])(1 )(2 )(3 )]\\n7: 4002e33a-524c-4100-8108-131a0d42c0ea, 1, 0 [(0 [0xC004F014, 0, 0], [(?)(?)(?)(?)(?)(?)(?)(?)])(1 )(2 )(3 )]\\n8: 411b3d4f-be6d-4a06-baaa-9cabfc256cae, 1, 0 [(0 [0xC004F014, 0, 0], [(?)(?)(?)(?)(?)(?)(?)(?)])(1 )(2 )(3 )]\\n9: 58e97c99-f377-4ef1-81d5-4ad5522b5fd8, 1, 0 [(0 [0xC004F014, 0, 0], [(?)(?)(?)(?)(?)(?)(?)(?)])(1 )(2 )(3 )]\\n10: 653098ee-780d-4863-8cf2-d18399ce413b, 1, 0 [(0 [0xC004F014, 0, 0], [(?)(?)(?)(?)(?)(?)(?)(?)])(1 )(2 )(3 )]\\n11: 71f411ae-7b4b-41bd-b68c-c519c499f950, 1, 0 [(0 [0xC004F014, 0, 0], [(?)(?)(?)(?)(?)(?)(?)(?)])(1 )(2 )(3 )]\\n12: 74436dbb-cc17-46de-867f-14906ba4a938, 1, 0 [(0 [0xC004F014, 0, 0], [(?)(?)(?)(?)(?)(?)(?)(?)])(1 )(2 )(3 )]\\n13: 8a292df8-d653-4057-8133-a0701792f912, 1, 0 [(0 [0xC004F014, 0, 0], [(?)(?)(?)(?)(?)(?)(?)(?)])(1 )(2 )(3 )]\\n14: 8db63db6-4f8f-46d6-a448-66444faaaa72, 1, 0 [(0 [0xC004F014, 0, 0], [(?)(?)(?)(?)(?)(?)(?)(?)])(1 )(2 )(3 )]\\n15: b0f8a518-2c58-4eb8-9319-084f0eb4ddc4, 1, 0 [(0 [0xC004F014, 0, 0], [(?)(?)(?)(?)(?)(?)(?)(?)])(1 )(2 )(3 )]\\n16: cd918a57-a41b-4c82-8dce-1a538e221a83, 1, 0 [(0 [0xC004F014, 0, 0], [(?)(?)(?)(?)(?)(?)(?)(?)])(1 )(2 )(3 )]\\n17: da9621af-f086-4244-b563-18611e51aa1a, 1, 0 [(0 [0xC004F014, 0, 0], [(?)(?)(?)(?)(?)(?)(?)(?)])(1 )(2 )(3 )]\\n18: e371d89a-73e8-4b24-a7ff-23a3641dd18e, 1, 0 [(0 [0xC004F014, 0, 0], [(?)(?)(?)(?)(?)(?)(?)(?)])(1 )(2 )(3 )]\\n19: ed799377-74b8-4989-a244-14d082e65972, 1, 0 [(0 [0xC004F014, 0, 0], [(?)(?)(?)(?)(?)(?)(?)(?)])(1 )(2 )(3 )]\\n\\n\",\"Binary\":\"\"}}","Channel":"Application","Provider":"Microsoft-Windows-Security-SPP","EventId":1003,"EventRecordId":"1992","ProcessId":0,"ThreadId":0,"Level":"Info","Keywords":"0x80000000000000","SourceFile":"D:\\benign_log_combined_latest_used_actually\\new_benign\\application_4100.evtx","ExtraDataOffset":0,"HiddenRecord":false,"TimeCreated":"2024-10-13T17:01:13.2385184+00:00","RecordNumber":1021}
{"ChunkNumber":14,"Computer":"Server002","Payload":"{\"EventData\":{\"Data\":\"10.0.19041.4894\",\"Binary\":\"\"}}","Channel":"Application","Provider":"Microsoft-Windows-Security-SPP","EventId":902,"EventRecordId":"1993","ProcessId":0,"ThreadId":0,"Level":"LogAlways","Keywords":"0x80000000000000","SourceFile":"D:\\benign_log_combined_latest_used_actually\\new_benign\\application_4100.evtx","ExtraDataOffset":0,"HiddenRecord":false,"TimeCreated":"2024-10-13T17:01:13.3089235+00:00","RecordNumber":1022}
{"ChunkNumber":14,"Computer":"Server002","Payload":"{\"EventData\":{\"Data\":\"55c92734-d682-4d71-983e-d6ec3f16059f, \\n1: 0567073a-7d74-403b-b2d5-6b35da372d8d, 1, 0 [(0 [0xC004F014, 0, 0], [(?)(?)(?)(?)(?)(?)(?)(?)])(1 )(2 )(3 )]\\n2: 1b750385-9fe2-49a8-ab55-149d0546395b, 1, 0 [(0 [0xC004F014, 0, 0], [(?)(?)(?)(?)(?)(?)(?)(?)])(1 )(2 )(3 )]\\n3: 1d873132-f09f-4eb2-bf5a-2e4fb48935e8, 1, 0 [(0 [0xC004F014, 0, 0], [(?)(?)(?)(?)(?)(?)(?)(?)])(1 )(2 )(3 )]\\n4: 2b1f36bb-c1cd-4306-bf5c-a0367c2d97d8, 1, 1 [(0 )(1 )(2 [0xC004E003, 0, 0], [( 1 0xC004F034)( 1 0xC004F034)(?)(?)(?)(?)(?)(?)])(3 [0x00000000, 0, 0], [( 6 0xC004F009 0 0)( 1 0x00000000)( 6 0xC004F009 0 0)(?)(?)(?)( 10 0x00000000 msft:rm/algorithm/flags/1.0)( 11 0x00000000 0xC004F034)])]\\n5: 30d469c6-a78f-4476-b5c8-af78d5b6a5fb, 1, 0 [(0 [0xC004F014, 0, 0], [(?)(?)(?)(?)(?)(?)(?)(?)])(1 )(2 )(3 )]\\n6: 3ae2cc14-ab2d-41f4-972f-5e20142771dc, 1, 0 [(0 [0xC004F014, 0, 0], [(?)(?)(?)(?)(?)(?)(?)(?)])(1 )(2 )(3 )]\\n7: 4002e33a-524c-4100-8108-131a0d42c0ea, 1, 0 [(0 [0xC004F014, 0, 0], [(?)(?)(?)(?)(?)(?)(?)(?)])(1 )(2 )(3 )]\\n8: 411b3d4f-be6d-4a06-baaa-9cabfc256cae, 1, 0 [(0 [0xC004F014, 0, 0], [(?)(?)(?)(?)(?)(?)(?)(?)])(1 )(2 )(3 )]\\n9: 58e97c99-f377-4ef1-81d5-4ad5522b5fd8, 1, 0 [(0 [0xC004F014, 0, 0], [(?)(?)(?)(?)(?)(?)(?)(?)])(1 )(2 )(3 )]\\n10: 653098ee-780d-4863-8cf2-d18399ce413b, 1, 0 [(0 [0xC004F014, 0, 0], [(?)(?)(?)(?)(?)(?)(?)(?)])(1 )(2 )(3 )]\\n11: 71f411ae-7b4b-41bd-b68c-c519c499f950, 1, 0 [(0 [0xC004F014, 0, 0], [(?)(?)(?)(?)(?)(?)(?)(?)])(1 )(2 )(3 )]\\n12: 74436dbb-cc17-46de-867f-14906ba4a938, 1, 0 [(0 [0xC004F014, 0, 0], [(?)(?)(?)(?)(?)(?)(?)(?)])(1 )(2 )(3 )]\\n13: 8a292df8-d653-4057-8133-a0701792f912, 1, 0 [(0 [0xC004F014, 0, 0], [(?)(?)(?)(?)(?)(?)(?)(?)])(1 )(2 )(3 )]\\n14: 8db63db6-4f8f-46d6-a448-66444faaaa72, 1, 0 [(0 [0xC004F014, 0, 0], [(?)(?)(?)(?)(?)(?)(?)(?)])(1 )(2 )(3 )]\\n15: b0f8a518-2c58-4eb8-9319-084f0eb4ddc4, 1, 0 [(0 [0xC004F014, 0, 0], [(?)(?)(?)(?)(?)(?)(?)(?)])(1 )(2 )(3 )]\\n16: cd918a57-a41b-4c82-8dce-1a538e221a83, 1, 0 [(0 [0xC004F014, 0, 0], [(?)(?)(?)(?)(?)(?)(?)(?)])(1 )(2 )(3 )]\\n17: da9621af-f086-4244-b563-18611e51aa1a, 1, 0 [(0 [0xC004F014, 0, 0], [(?)(?)(?)(?)(?)(?)(?)(?)])(1 )(2 )(3 )]\\n18: e371d89a-73e8-4b24-a7ff-23a3641dd18e, 1, 0 [(0 [0xC004F014, 0, 0], [(?)(?)(?)(?)(?)(?)(?)(?)])(1 )(2 )(3 )]\\n19: ed799377-74b8-4989-a244-14d082e65972, 1, 0 [(0 [0xC004F014, 0, 0], [(?)(?)(?)(?)(?)(?)(?)(?)])(1 )(2 )(3 )]\\n\\n\",\"Binary\":\"\"}}","Channel":"Application","Provider":"Microsoft-Windows-Security-SPP","EventId":1003,"EventRecordId":"1994","ProcessId":0,"ThreadId":0,"Level":"Info","Keywords":"0x80000000000000","SourceFile":"D:\\benign_log_combined_latest_used_actually\\new_benign\\application_4100.evtx","ExtraDataOffset":0,"HiddenRecord":false,"TimeCreated":"2024-10-13T17:01:15.9093962+00:00","RecordNumber":1023}
{"ChunkNumber":14,"Computer":"Server002","Payload":"{\"EventData\":{\"Data\":\"hr=0x8007139F, RuleId=31e71c49-8da7-4a2f-ad92-45d98a1c79ba;Action=AutoActivate;AppId=55c92734-d682-4d71-983e-d6ec3f16059f;SkuId=2b1f36bb-c1cd-4306-bf5c-a0367c2d97d8;NotificationInterval=1440;Trigger=TimerEvent\",\"Binary\":\"\"}}","Channel":"Application","Provider":"Microsoft-Windows-Security-SPP","EventId":8198,"EventRecordId":"1995","ProcessId":0,"ThreadId":0,"Level":"Error","Keywords":"0x80000000000000","SourceFile":"D:\\benign_log_combined_latest_used_actually\\new_benign\\application_4100.evtx","ExtraDataOffset":0,"HiddenRecord":false,"TimeCreated":"2024-10-13T17:01:15.9972633+00:00","RecordNumber":1024}
{"ChunkNumber":14,"Computer":"Server002","Payload":"{\"EventData\":{\"Data\":\"55c92734-d682-4d71-983e-d6ec3f16059f, \\n1: 0567073a-7d74-403b-b2d5-6b35da372d8d, 1, 0 [(0 [0xC004F014, 0, 0], [(?)(?)(?)(?)(?)(?)(?)(?)])(1 )(2 )(3 )]\\n2: 1b750385-9fe2-49a8-ab55-149d0546395b, 1, 0 [(0 [0xC004F014, 0, 0], [(?)(?)(?)(?)(?)(?)(?)(?)])(1 )(2 )(3 )]\\n3: 1d873132-f09f-4eb2-bf5a-2e4fb48935e8, 1, 0 [(0 [0xC004F014, 0, 0], [(?)(?)(?)(?)(?)(?)(?)(?)])(1 )(2 )(3 )]\\n4: 2b1f36bb-c1cd-4306-bf5c-a0367c2d97d8, 1, 1 [(0 )(1 )(2 [0xC004E003, 0, 0], [( 1 0xC004F034)( 1 0xC004F034)(?)(?)(?)(?)(?)(?)])(3 [0x00000000, 0, 0], [( 6 0xC004F009 0 0)( 1 0x00000000)( 6 0xC004F009 0 0)(?)(?)(?)( 10 0x00000000 msft:rm/algorithm/flags/1.0)( 11 0x00000000 0xC004F034)])]\\n5: 30d469c6-a78f-4476-b5c8-af78d5b6a5fb, 1, 0 [(0 [0xC004F014, 0, 0], [(?)(?)(?)(?)(?)(?)(?)(?)])(1 )(2 )(3 )]\\n6: 3ae2cc14-ab2d-41f4-972f-5e20142771dc, 1, 0 [(0 [0xC004F014, 0, 0], [(?)(?)(?)(?)(?)(?)(?)(?)])(1 )(2 )(3 )]\\n7: 4002e33a-524c-4100-8108-131a0d42c0ea, 1, 0 [(0 [0xC004F014, 0, 0], [(?)(?)(?)(?)(?)(?)(?)(?)])(1 )(2 )(3 )]\\n8: 411b3d4f-be6d-4a06-baaa-9cabfc256cae, 1, 0 [(0 [0xC004F014, 0, 0], [(?)(?)(?)(?)(?)(?)(?)(?)])(1 )(2 )(3 )]\\n9: 58e97c99-f377-4ef1-81d5-4ad5522b5fd8, 1, 0 [(0 [0xC004F014, 0, 0], [(?)(?)(?)(?)(?)(?)(?)(?)])(1 )(2 )(3 )]\\n10: 653098ee-780d-4863-8cf2-d18399ce413b, 1, 0 [(0 [0xC004F014, 0, 0], [(?)(?)(?)(?)(?)(?)(?)(?)])(1 )(2 )(3 )]\\n11: 71f411ae-7b4b-41bd-b68c-c519c499f950, 1, 0 [(0 [0xC004F014, 0, 0], [(?)(?)(?)(?)(?)(?)(?)(?)])(1 )(2 )(3 )]\\n12: 74436dbb-cc17-46de-867f-14906ba4a938, 1, 0 [(0 [0xC004F014, 0, 0], [(?)(?)(?)(?)(?)(?)(?)(?)])(1 )(2 )(3 )]\\n13: 8a292df8-d653-4057-8133-a0701792f912, 1, 0 [(0 [0xC004F014, 0, 0], [(?)(?)(?)(?)(?)(?)(?)(?)])(1 )(2 )(3 )]\\n14: 8db63db6-4f8f-46d6-a448-66444faaaa72, 1, 0 [(0 [0xC004F014, 0, 0], [(?)(?)(?)(?)(?)(?)(?)(?)])(1 )(2 )(3 )]\\n15: b0f8a518-2c58-4eb8-9319-084f0eb4ddc4, 1, 0 [(0 [0xC004F014, 0, 0], [(?)(?)(?)(?)(?)(?)(?)(?)])(1 )(2 )(3 )]\\n16: cd918a57-a41b-4c82-8dce-1a538e221a83, 1, 0 [(0 [0xC004F014, 0, 0], [(?)(?)(?)(?)(?)(?)(?)(?)])(1 )(2 )(3 )]\\n17: da9621af-f086-4244-b563-18611e51aa1a, 1, 0 [(0 [0xC004F014, 0, 0], [(?)(?)(?)(?)(?)(?)(?)(?)])(1 )(2 )(3 )]\\n18: e371d89a-73e8-4b24-a7ff-23a3641dd18e, 1, 0 [(0 [0xC004F014, 0, 0], [(?)(?)(?)(?)(?)(?)(?)(?)])(1 )(2 )(3 )]\\n19: ed799377-74b8-4989-a244-14d082e65972, 1, 0 [(0 [0xC004F014, 0, 0], [(?)(?)(?)(?)(?)(?)(?)(?)])(1 )(2 )(3 )]\\n\\n\",\"Binary\":\"\"}}","Channel":"Application","Provider":"Microsoft-Windows-Security-SPP","EventId":1003,"EventRecordId":"1996","ProcessId":0,"ThreadId":0,"Level":"Info","Keywords":"0x80000000000000","SourceFile":"D:\\benign_log_combined_latest_used_actually\\new_benign\\application_4100.evtx","ExtraDataOffset":0,"HiddenRecord":false,"TimeCreated":"2024-10-13T17:01:16.0258116+00:00","RecordNumber":1025}
{"ChunkNumber":14,"Computer":"Server002","Payload":"{\"EventData\":{\"Data\":\"hr=0x8007139F, RuleId=31e71c49-8da7-4a2f-ad92-45d98a1c79ba;Action=AutoActivate;AppId=55c92734-d682-4d71-983e-d6ec3f16059f;SkuId=2b1f36bb-c1cd-4306-bf5c-a0367c2d97d8;NotificationInterval=1440;Trigger=NetworkAvailable\",\"Binary\":\"\"}}","Channel":"Application","Provider":"Microsoft-Windows-Security-SPP","EventId":8198,"EventRecordId":"1997","ProcessId":0,"ThreadId":0,"Level":"Error","Keywords":"0x80000000000000","SourceFile":"D:\\benign_log_combined_latest_used_actually\\new_benign\\application_4100.evtx","ExtraDataOffset":0,"HiddenRecord":false,"TimeCreated":"2024-10-13T17:01:16.0258116+00:00","RecordNumber":1026}
{"ChunkNumber":14,"Computer":"Server002","Payload":"{\"EventData\":{\"Data\":\"2024-10-14T17:00:25Z, RulesEngine\",\"Binary\":\"\"}}","Channel":"Application","Provider":"Microsoft-Windows-Security-SPP","EventId":16384,"EventRecordId":"1998","ProcessId":0,"ThreadId":0,"Level":"Info","Keywords":"0x80000000000000","SourceFile":"D:\\benign_log_combined_latest_used_actually\\new_benign\\application_4100.evtx","ExtraDataOffset":0,"HiddenRecord":false,"TimeCreated":"2024-10-13T17:02:26.1178555+00:00","RecordNumber":1027}
{"ChunkNumber":14,"Computer":"Server002","Payload":"{\"EventData\":{\"Data\":\"\",\"Binary\":\"\"}}","Channel":"Application","Provider":"Microsoft-Windows-Security-SPP","EventId":903,"EventRecordId":"1999","ProcessId":0,"ThreadId":0,"Level":"LogAlways","Keywords":"0x80000000000000","SourceFile":"D:\\benign_log_combined_latest_used_actually\\new_benign\\application_4100.evtx","ExtraDataOffset":0,"HiddenRecord":false,"TimeCreated":"2024-10-13T17:02:26.2324275+00:00","RecordNumber":1028}
{"ChunkNumber":14,"Computer":"Server002","Payload":"{\"EventData\":{\"Data\":\"\",\"Binary\":\"\"}}","Channel":"Application","Provider":"Microsoft-Windows-Security-SPP","EventId":16394,"EventRecordId":"2000","ProcessId":0,"ThreadId":0,"Level":"Info","Keywords":"0x80000000000000","SourceFile":"D:\\benign_log_combined_latest_used_actually\\new_benign\\application_4100.evtx","ExtraDataOffset":0,"HiddenRecord":false,"TimeCreated":"2024-10-13T17:02:41.4484241+00:00","RecordNumber":1029}
{"ChunkNumber":14,"Computer":"Server002","Payload":"{\"EventData\":{\"Data\":\"Service stopped\",\"Binary\":\"\"}}","Channel":"Application","Provider":"edgeupdate","EventId":0,"EventRecordId":"2001","ProcessId":0,"ThreadId":0,"Level":"Info","Keywords":"0x80000000000000","SourceFile":"D:\\benign_log_combined_latest_used_actually\\new_benign\\application_4100.evtx","ExtraDataOffset":0,"HiddenRecord":false,"TimeCreated":"2024-10-13T17:03:05.9000730+00:00","RecordNumber":1030}
