{"ChunkNumber":32,"Computer":"Server002","Payload":"{\"EventData\":{\"Data\":\"2025-04-22T08:04:50Z, RulesEngine\",\"Binary\":\"\"}}","Channel":"Application","Provider":"Microsoft-Windows-Security-SPP","EventId":16384,"EventRecordId":"3432","ProcessId":0,"ThreadId":0,"Level":"Info","Keywords":"0x80000000000000","SourceFile":"D:\\benign_log_combined_latest_used_actually\\new_benign\\application_4100.evtx","ExtraDataOffset":0,"HiddenRecord":false,"TimeCreated":"2025-04-21T08:15:50.7865269+00:00","RecordNumber":2461}
{"ChunkNumber":32,"Computer":"Server002","Payload":"{\"EventData\":{\"Data\":\"Service stopped\",\"Binary\":\"\"}}","Channel":"Application","Provider":"edgeupdate","EventId":0,"EventRecordId":"3433","ProcessId":0,"ThreadId":0,"Level":"Info","Keywords":"0x80000000000000","SourceFile":"D:\\benign_log_combined_latest_used_actually\\new_benign\\application_4100.evtx","ExtraDataOffset":0,"HiddenRecord":false,"TimeCreated":"2025-04-21T08:17:39.6804282+00:00","RecordNumber":2462}
{"ChunkNumber":32,"Computer":"Server002","Payload":"{\"EventData\":{\"Data\":\"[10044:9272:0421/100758.574:INFO:extension_garbage_collector.cc(183)] Garbage collection for extensions on file thread is complete.\",\"Binary\":\"\"}}","UserId":"S-1-5-21-3962163828-2803415714-1403596700-1001","Channel":"Application","Provider":"Edge","EventId":256,"EventRecordId":"3434","ProcessId":0,"ThreadId":0,"Level":"Info","Keywords":"0x80000000000000","SourceFile":"D:\\benign_log_combined_latest_used_actually\\new_benign\\application_4100.evtx","ExtraDataOffset":0,"HiddenRecord":false,"TimeCreated":"2025-04-21T09:07:58.5746844+00:00","RecordNumber":2463}
{"ChunkNumber":32,"Computer":"Server002","Payload":"{\"EventData\":{\"Data\":\"\",\"Binary\":\"\"}}","Channel":"Application","Provider":"Microsoft-Windows-Security-SPP","EventId":16394,"EventRecordId":"3435","ProcessId":0,"ThreadId":0,"Level":"Info","Keywords":"0x80000000000000","SourceFile":"D:\\benign_log_combined_latest_used_actually\\new_benign\\application_4100.evtx","ExtraDataOffset":0,"HiddenRecord":false,"TimeCreated":"2025-04-21T09:11:47.5245364+00:00","RecordNumber":2464}
{"ChunkNumber":32,"Computer":"Server002","Payload":"{\"EventData\":{\"Data\":\"2025-04-22T08:05:01Z, RulesEngine\",\"Binary\":\"\"}}","Channel":"Application","Provider":"Microsoft-Windows-Security-SPP","EventId":16384,"EventRecordId":"3436","ProcessId":0,"ThreadId":0,"Level":"Info","Keywords":"0x80000000000000","SourceFile":"D:\\benign_log_combined_latest_used_actually\\new_benign\\application_4100.evtx","ExtraDataOffset":0,"HiddenRecord":false,"TimeCreated":"2025-04-21T09:13:01.1492293+00:00","RecordNumber":2465}
{"ChunkNumber":32,"Computer":"Server002","Payload":"{\"EventData\":{\"Data\":\"\",\"Binary\":\"\"}}","Channel":"Application","Provider":"Microsoft-Windows-Security-SPP","EventId":16394,"EventRecordId":"3437","ProcessId":0,"ThreadId":0,"Level":"Info","Keywords":"0x80000000000000","SourceFile":"D:\\benign_log_combined_latest_used_actually\\new_benign\\application_4100.evtx","ExtraDataOffset":0,"HiddenRecord":false,"TimeCreated":"2025-04-21T09:13:02.5423087+00:00","RecordNumber":2466}
{"ChunkNumber":32,"Computer":"Server002","Payload":"{\"EventData\":{\"Data\":\"2025-04-22T08:04:24Z, RulesEngine\",\"Binary\":\"\"}}","Channel":"Application","Provider":"Microsoft-Windows-Security-SPP","EventId":16384,"EventRecordId":"3438","ProcessId":0,"ThreadId":0,"Level":"Info","Keywords":"0x80000000000000","SourceFile":"D:\\benign_log_combined_latest_used_actually\\new_benign\\application_4100.evtx","ExtraDataOffset":0,"HiddenRecord":false,"TimeCreated":"2025-04-21T09:13:24.7735037+00:00","RecordNumber":2467}
{"ChunkNumber":32,"Computer":"Server002","Payload":"{\"EventData\":{\"Data\":\"\",\"Binary\":\"2D-20-43-6F-64-65-3A-20-20-43-4F-52-53-56-43-43-30-30-30-30-30-37-37-34-2D-20-43-61-6C-6C-3A-20-20-43-4F-52-53-56-43-43-30-30-30-30-30-37-35-36-2D-20-50-49-44-3A-20-20-30-30-30-31-32-36-33-36-2D-20-54-49-44-3A-20-20-30-30-30-30-31-35-38-38-2D-20-43-4D-44-3A-20-20-43-3A-5C-57-69-6E-64-6F-77-73-5C-73-79-73-74-65-6D-33-32-5C-76-73-73-76-63-2E-65-78-65-20-20-20-2D-20-55-73-65-72-3A-20-4E-61-6D-65-3A-20-4E-54-20-41-55-54-48-4F-52-49-54-59-5C-53-59-53-54-45-4D-2C-20-53-49-44-3A-53-2D-31-2D-35-2D-31-38-20\"}}","Channel":"Application","Provider":"VSS","EventId":8224,"EventRecordId":"3439","ProcessId":0,"ThreadId":0,"Level":"Info","Keywords":"0x80000000000000","SourceFile":"D:\\benign_log_combined_latest_used_actually\\new_benign\\application_4100.evtx","ExtraDataOffset":904,"HiddenRecord":false,"TimeCreated":"2025-04-21T09:14:36.9963400+00:00","RecordNumber":2468}
{"ChunkNumber":32,"Computer":"Server002","Payload":"{\"EventData\":{\"Data\":\"boot optimisation, (C:)\",\"Binary\":\"00-00-00-00-26-04-00-00-FD-03-00-00-00-00-00-00-22-B6-30-DF-64-79-C7-F6-E2-6C-1C-00-00-00-00-00-00-00-00-00\"}}","Channel":"Application","Provider":"Microsoft-Windows-Defrag","EventId":258,"EventRecordId":"3440","ProcessId":0,"ThreadId":0,"Level":"LogAlways","Keywords":"0x80000000000000","SourceFile":"D:\\benign_log_combined_latest_used_actually\\new_benign\\application_4100.evtx","ExtraDataOffset":0,"HiddenRecord":false,"TimeCreated":"2025-04-21T09:34:41.3138639+00:00","RecordNumber":2469}
{"ChunkNumber":32,"Computer":"Server002","Payload":"{\"EventData\":{\"Data\":\"\",\"Binary\":\"\"}}","Channel":"Application","Provider":"Microsoft-Windows-Security-SPP","EventId":16394,"EventRecordId":"3441","ProcessId":0,"ThreadId":0,"Level":"Info","Keywords":"0x80000000000000","SourceFile":"D:\\benign_log_combined_latest_used_actually\\new_benign\\application_4100.evtx","ExtraDataOffset":0,"HiddenRecord":false,"TimeCreated":"2025-04-21T12:01:37.5117502+00:00","RecordNumber":2470}
{"ChunkNumber":32,"Computer":"Server002","Payload":"{\"EventData\":{\"Data\":\"55c92734-d682-4d71-983e-d6ec3f16059f, \\n1: 0567073a-7d74-403b-b2d5-6b35da372d8d, 1, 0 [(0 [0xC004F014, 0, 0], [(?)(?)(?)(?)(?)(?)(?)(?)])(1 )(2 )(3 )]\\n2: 1b750385-9fe2-49a8-ab55-149d0546395b, 1, 0 [(0 [0xC004F014, 0, 0], [(?)(?)(?)(?)(?)(?)(?)(?)])(1 )(2 )(3 )]\\n3: 1d873132-f09f-4eb2-bf5a-2e4fb48935e8, 1, 0 [(0 [0xC004F014, 0, 0], [(?)(?)(?)(?)(?)(?)(?)(?)])(1 )(2 )(3 )]\\n4: 2b1f36bb-c1cd-4306-bf5c-a0367c2d97d8, 1, 1 [(0 )(1 )(2 [0xC004E003, 0, 0], [( 1 0xC004F034)( 1 0xC004F034)(?)(?)(?)(?)(?)(?)])(3 [0x00000000, 0, 0], [( 6 0xC004F009 0 0)( 1 0x00000000)( 6 0xC004F009 0 0)(?)(?)(?)( 10 0x00000000 msft:rm/algorithm/flags/1.0)( 11 0x00000000 0xC004F034)])]\\n5: 30d469c6-a78f-4476-b5c8-af78d5b6a5fb, 1, 0 [(0 [0xC004F014, 0, 0], [(?)(?)(?)(?)(?)(?)(?)(?)])(1 )(2 )(3 )]\\n6: 3ae2cc14-ab2d-41f4-972f-5e20142771dc, 1, 0 [(0 [0xC004F014, 0, 0], [(?)(?)(?)(?)(?)(?)(?)(?)])(1 )(2 )(3 )]\\n7: 4002e33a-524c-4100-8108-131a0d42c0ea, 1, 0 [(0 [0xC004F014, 0, 0], [(?)(?)(?)(?)(?)(?)(?)(?)])(1 )(2 )(3 )]\\n8: 411b3d4f-be6d-4a06-baaa-9cabfc256cae, 1, 0 [(0 [0xC004F014, 0, 0], [(?)(?)(?)(?)(?)(?)(?)(?)])(1 )(2 )(3 )]\\n9: 58e97c99-f377-4ef1-81d5-4ad5522b5fd8, 1, 0 [(0 [0xC004F014, 0, 0], [(?)(?)(?)(?)(?)(?)(?)(?)])(1 )(2 )(3 )]\\n10: 653098ee-780d-4863-8cf2-d18399ce413b, 1, 0 [(0 [0xC004F014, 0, 0], [(?)(?)(?)(?)(?)(?)(?)(?)])(1 )(2 )(3 )]\\n11: 71f411ae-7b4b-41bd-b68c-c519c499f950, 1, 0 [(0 [0xC004F014, 0, 0], [(?)(?)(?)(?)(?)(?)(?)(?)])(1 )(2 )(3 )]\\n12: 74436dbb-cc17-46de-867f-14906ba4a938, 1, 0 [(0 [0xC004F014, 0, 0], [(?)(?)(?)(?)(?)(?)(?)(?)])(1 )(2 )(3 )]\\n13: 8a292df8-d653-4057-8133-a0701792f912, 1, 0 [(0 [0xC004F014, 0, 0], [(?)(?)(?)(?)(?)(?)(?)(?)])(1 )(2 )(3 )]\\n14: 8db63db6-4f8f-46d6-a448-66444faaaa72, 1, 0 [(0 [0xC004F014, 0, 0], [(?)(?)(?)(?)(?)(?)(?)(?)])(1 )(2 )(3 )]\\n15: b0f8a518-2c58-4eb8-9319-084f0eb4ddc4, 1, 0 [(0 [0xC004F014, 0, 0], [(?)(?)(?)(?)(?)(?)(?)(?)])(1 )(2 )(3 )]\\n16: cd918a57-a41b-4c82-8dce-1a538e221a83, 1, 0 [(0 [0xC004F014, 0, 0], [(?)(?)(?)(?)(?)(?)(?)(?)])(1 )(2 )(3 )]\\n17: da9621af-f086-4244-b563-18611e51aa1a, 1, 0 [(0 [0xC004F014, 0, 0], [(?)(?)(?)(?)(?)(?)(?)(?)])(1 )(2 )(3 )]\\n18: e371d89a-73e8-4b24-a7ff-23a3641dd18e, 1, 0 [(0 [0xC004F014, 0, 0], [(?)(?)(?)(?)(?)(?)(?)(?)])(1 )(2 )(3 )]\\n19: ed799377-74b8-4989-a244-14d082e65972, 1, 0 [(0 [0xC004F014, 0, 0], [(?)(?)(?)(?)(?)(?)(?)(?)])(1 )(2 )(3 )]\\n20: 0427ae42-b454-442d-b69a-d938b6a3bcdc, 0, 0 [0xC004F055]\\n21: 0b533b5e-08b6-44f9-b885-c2de291ba456, 0, 0 [0xC004F055]\\n22: 0c2ce8ac-7989-4e40-b934-068d8d71dd72, 0, 0 [0xC004F055]\\n23: 1043add5-23b1-4afb-9a0f-64343c8f3f8d, 0, 0 [0xC004F055]\\n24: 14240489-7c2d-42ee-a167-4913ca4672da, 0, 0 [0xC004F055]\\n25: 1d9c9529-17be-48f7-bba5-a16ed636cfcb, 0, 0 [0xC004F055]\\n26: 2bd41139-19ec-49e9-8271-db6f9fe0052d, 0, 0 [0xC004F055]\\n27: 4acda200-3f2b-4b73-9839-f3603f99e7cd, 0, 0 [0xC004F055]\\n28: 4dac5a0c-5709-4595-a32c-14a56a4a6b31, 0, 0 [0xC004F055]\\n29: 5f1b1317-625e-4b1c-8d22-4bd93e3ae14e, 0, 0 [0xC004F055]\\n30: 75863c7d-946f-4ff2-a07c-5551dedd1e15, 0, 0 [0xC004F055]\\n31: 7b76ee02-0a75-4f08-85d5-bd0feadad0c0, 0, 0 [0xC004F055]\\n32: 83d49986-add3-41d7-ba33-87c7bfb5c0fb, 0, 0 [0xC004F055]\\n33: 84b9b0fc-b69d-42a6-a21d-9e0ce4125f7e, 0, 0 [0xC004F055]\\n34: 8fe12eb1-a7ab-4410-83fb-9f6dbcb4a574, 0, 0 [0xC004F055]\\n35: 909aa75d-43ee-413c-9030-c62e43287cf8, 0, 0 [0xC004F055]\\n36: a6da5617-cb89-4acb-beb5-ccdbb871c922, 0, 0 [0xC004F055]\\n37: a9fa3c71-7f63-4ea0-94be-1de2eab0a4d1, 0, 0 [0xC004F055]\\n38: b705d67e-527a-4f11-b904-7be441066a22, 0, 0 [0xC004F055]\\n39: b8527af1-5389-447c-9a88-2d1691ea33d3, 0, 0 [0xC004F055]\\n40: e5fbdd17-c03d-4bed-9567-c60dee82f47e, 0, 0 [0xC004F055]\\n41: ed6568de-daeb-4b01-9c4a-5f89018125d8, 0, 0 [0xC004F055]\\n42: f520e45e-7413-4a34-a497-d2765967d094, 0, 0 [0xC004F055]\\n43: f69e2d51-3bbd-4ddf-8da7-a145e9dca597, 0, 0 [0xC004F055]\\n\\n\",\"Binary\":\"\"}}","Channel":"Application","Provider":"Microsoft-Windows-Security-SPP","EventId":1003,"EventRecordId":"3442","ProcessId":0,"ThreadId":0,"Level":"Info","Keywords":"0x80000000000000","SourceFile":"D:\\benign_log_combined_latest_used_actually\\new_benign\\application_4100.evtx","ExtraDataOffset":0,"HiddenRecord":false,"TimeCreated":"2025-04-21T12:02:00.2211853+00:00","RecordNumber":2471}
{"ChunkNumber":32,"Computer":"Server002","Payload":"{\"EventData\":{\"Data\":\"hr=0x80004005, RuleId=31e71c49-8da7-4a2f-ad92-45d98a1c79ba;Action=AutoActivate;AppId=55c92734-d682-4d71-983e-d6ec3f16059f;SkuId=2b1f36bb-c1cd-4306-bf5c-a0367c2d97d8;NotificationInterval=1440;Trigger=NetworkAvailable\",\"Binary\":\"\"}}","Channel":"Application","Provider":"Microsoft-Windows-Security-SPP","EventId":8198,"EventRecordId":"3443","ProcessId":0,"ThreadId":0,"Level":"Error","Keywords":"0x80000000000000","SourceFile":"D:\\benign_log_combined_latest_used_actually\\new_benign\\application_4100.evtx","ExtraDataOffset":0,"HiddenRecord":false,"TimeCreated":"2025-04-21T12:02:00.5663096+00:00","RecordNumber":2472}
{"ChunkNumber":32,"Computer":"Server002","Payload":"{\"EventData\":{\"Data\":\"[10692:9152:0421/130236.890:INFO:extension_garbage_collector.cc(183)] Garbage collection for extensions on file thread is complete.\",\"Binary\":\"\"}}","UserId":"S-1-5-21-3962163828-2803415714-1403596700-1001","Channel":"Application","Provider":"Edge","EventId":256,"EventRecordId":"3444","ProcessId":0,"ThreadId":0,"Level":"Info","Keywords":"0x80000000000000","SourceFile":"D:\\benign_log_combined_latest_used_actually\\new_benign\\application_4100.evtx","ExtraDataOffset":0,"HiddenRecord":false,"TimeCreated":"2025-04-21T12:02:36.8912978+00:00","RecordNumber":2473}
{"ChunkNumber":32,"Computer":"Server002","Payload":"{\"EventData\":{\"Data\":\"2025-04-22T12:00:45Z, RulesEngine\",\"Binary\":\"\"}}","Channel":"Application","Provider":"Microsoft-Windows-Security-SPP","EventId":16384,"EventRecordId":"3445","ProcessId":0,"ThreadId":0,"Level":"Info","Keywords":"0x80000000000000","SourceFile":"D:\\benign_log_combined_latest_used_actually\\new_benign\\application_4100.evtx","ExtraDataOffset":0,"HiddenRecord":false,"TimeCreated":"2025-04-21T12:02:45.9492118+00:00","RecordNumber":2474}
{"ChunkNumber":32,"Computer":"Server002","Payload":"{\"EventData\":{\"Data\":\"[12840:10272:0421/130316.689:INFO:extension_garbage_collector.cc(183)] Garbage collection for extensions on file thread is complete.\",\"Binary\":\"\"}}","UserId":"S-1-5-21-3962163828-2803415714-1403596700-1001","Channel":"Application","Provider":"Brave-Browser","EventId":256,"EventRecordId":"3446","ProcessId":0,"ThreadId":0,"Level":"Info","Keywords":"0x80000000000000","SourceFile":"D:\\benign_log_combined_latest_used_actually\\new_benign\\application_4100.evtx","ExtraDataOffset":496,"HiddenRecord":false,"TimeCreated":"2025-04-21T12:03:16.6905139+00:00","RecordNumber":2475}
{"ChunkNumber":32,"Computer":"Server002","Payload":"{\"EventData\":{\"Data\":\"[5516:8472:0421/133345.712:INFO:extension_garbage_collector.cc(183)] Garbage collection for extensions on file thread is complete.\",\"Binary\":\"\"}}","UserId":"S-1-5-21-3962163828-2803415714-1403596700-1001","Channel":"Application","Provider":"Edge","EventId":256,"EventRecordId":"3447","ProcessId":0,"ThreadId":0,"Level":"Info","Keywords":"0x80000000000000","SourceFile":"D:\\benign_log_combined_latest_used_actually\\new_benign\\application_4100.evtx","ExtraDataOffset":0,"HiddenRecord":false,"TimeCreated":"2025-04-21T12:33:45.7124809+00:00","RecordNumber":2476}
{"ChunkNumber":32,"Computer":"Server002","Payload":"{\"EventData\":{\"Data\":\"[4628:8248:0421/133355.659:INFO:extension_garbage_collector.cc(183)] Garbage collection for extensions on file thread is complete.\",\"Binary\":\"\"}}","UserId":"S-1-5-21-3962163828-2803415714-1403596700-1001","Channel":"Application","Provider":"Brave-Browser","EventId":256,"EventRecordId":"3448","ProcessId":0,"ThreadId":0,"Level":"Info","Keywords":"0x80000000000000","SourceFile":"D:\\benign_log_combined_latest_used_actually\\new_benign\\application_4100.evtx","ExtraDataOffset":0,"HiddenRecord":false,"TimeCreated":"2025-04-21T12:33:55.6612319+00:00","RecordNumber":2477}
{"ChunkNumber":32,"Computer":"Server002","Payload":"{\"EventData\":{\"Data\":\"Service stopped\",\"Binary\":\"\"}}","Channel":"Application","Provider":"brave","EventId":0,"EventRecordId":"3449","ProcessId":0,"ThreadId":0,"Level":"Info","Keywords":"0x80000000000000","SourceFile":"D:\\benign_log_combined_latest_used_actually\\new_benign\\application_4100.evtx","ExtraDataOffset":0,"HiddenRecord":false,"TimeCreated":"2025-04-21T13:04:43.1683570+00:00","RecordNumber":2478}
{"ChunkNumber":32,"Computer":"Server002","Payload":"{\"EventData\":{\"Data\":\"\",\"Binary\":\"\"}}","Channel":"Application","Provider":"Microsoft-Windows-Security-SPP","EventId":16394,"EventRecordId":"3450","ProcessId":0,"ThreadId":0,"Level":"Info","Keywords":"0x80000000000000","SourceFile":"D:\\benign_log_combined_latest_used_actually\\new_benign\\application_4100.evtx","ExtraDataOffset":200,"HiddenRecord":false,"TimeCreated":"2025-04-21T13:28:02.0263003+00:00","RecordNumber":2479}
{"ChunkNumber":32,"Computer":"Server002","Payload":"{\"EventData\":{\"Data\":\"2025-04-22T12:01:34Z, RulesEngine\",\"Binary\":\"\"}}","Channel":"Application","Provider":"Microsoft-Windows-Security-SPP","EventId":16384,"EventRecordId":"3451","ProcessId":0,"ThreadId":0,"Level":"Info","Keywords":"0x80000000000000","SourceFile":"D:\\benign_log_combined_latest_used_actually\\new_benign\\application_4100.evtx","ExtraDataOffset":0,"HiddenRecord":false,"TimeCreated":"2025-04-21T13:28:34.7007589+00:00","RecordNumber":2480}
{"ChunkNumber":32,"Computer":"Server002","Payload":"{\"EventData\":{\"Data\":\"\",\"Binary\":\"\"}}","Channel":"Application","Provider":"Microsoft-Windows-Security-SPP","EventId":16394,"EventRecordId":"3452","ProcessId":0,"ThreadId":0,"Level":"Info","Keywords":"0x80000000000000","SourceFile":"D:\\benign_log_combined_latest_used_actually\\new_benign\\application_4100.evtx","ExtraDataOffset":0,"HiddenRecord":false,"TimeCreated":"2025-04-21T15:34:40.9597734+00:00","RecordNumber":2481}
{"ChunkNumber":32,"Computer":"Server002","Payload":"{\"EventData\":{\"Data\":\"2025-04-22T12:01:02Z, RulesEngine\",\"Binary\":\"\"}}","Channel":"Application","Provider":"Microsoft-Windows-Security-SPP","EventId":16384,"EventRecordId":"3453","ProcessId":0,"ThreadId":0,"Level":"Info","Keywords":"0x80000000000000","SourceFile":"D:\\benign_log_combined_latest_used_actually\\new_benign\\application_4100.evtx","ExtraDataOffset":0,"HiddenRecord":false,"TimeCreated":"2025-04-21T15:35:03.0108835+00:00","RecordNumber":2482}
{"ExecutableInfo":"2013674214017597177, 5, MoAppHang, Not available, 0, Microsoft.Windows.Search_1.14.17.19041_neutral_neutral_cw5n1h2txyewy, praid:CortanaUI, 10.0.19041.5678, 90c4dc8b, 7f3a, 2097152, \r\n\\\\?\\C:\\ProgramData\\Microsoft\\Windows\\WER\\Temp\\WER7F5B.tmp.WERInternalMetadata.xml\r\n\\\\?\\C:\\ProgramData\\Microsoft\\Windows\\WER\\Temp\\WER7FD9.tmp.xml\r\n\\\\?\\C:\\ProgramData\\Microsoft\\Windows\\WER\\Temp\\WER7FE8.tmp.csv\r\n\\\\?\\C:\\ProgramData\\Microsoft\\Windows\\WER\\Temp\\WER8017.tmp.txt, \\\\?\\C:\\ProgramData\\Microsoft\\Windows\\WER\\ReportArchive\\AppHang_Microsoft.Window_1ef2f179f7148f2d4765d4f483ce46a8c7b6ba4_5065e19d_d8fe09f5-0a5a-4808-a20e-16e4b6f9e7c7, 0, 38142e95-6746-4ce1-bab8-dc16fa235539, 268435456, aab811a4ed8f59e8fbf202075be1fef9, 0","MapDescription":"Application Crash","ChunkNumber":32,"Computer":"Server002","Payload":"{\"EventData\":{\"Data\":\"2013674214017597177, 5, MoAppHang, Not available, 0, Microsoft.Windows.Search_1.14.17.19041_neutral_neutral_cw5n1h2txyewy, praid:CortanaUI, 10.0.19041.5678, 90c4dc8b, 7f3a, 2097152, \\n\\\\\\\\?\\\\C:\\\\ProgramData\\\\Microsoft\\\\Windows\\\\WER\\\\Temp\\\\WER7F5B.tmp.WERInternalMetadata.xml\\n\\\\\\\\?\\\\C:\\\\ProgramData\\\\Microsoft\\\\Windows\\\\WER\\\\Temp\\\\WER7FD9.tmp.xml\\n\\\\\\\\?\\\\C:\\\\ProgramData\\\\Microsoft\\\\Windows\\\\WER\\\\Temp\\\\WER7FE8.tmp.csv\\n\\\\\\\\?\\\\C:\\\\ProgramData\\\\Microsoft\\\\Windows\\\\WER\\\\Temp\\\\WER8017.tmp.txt, \\\\\\\\?\\\\C:\\\\ProgramData\\\\Microsoft\\\\Windows\\\\WER\\\\ReportArchive\\\\AppHang_Microsoft.Window_1ef2f179f7148f2d4765d4f483ce46a8c7b6ba4_5065e19d_d8fe09f5-0a5a-4808-a20e-16e4b6f9e7c7, 0, 38142e95-6746-4ce1-bab8-dc16fa235539, 268435456, aab811a4ed8f59e8fbf202075be1fef9, 0\",\"Binary\":\"\"}}","Channel":"Application","Provider":"Windows Error Reporting","EventId":1001,"EventRecordId":"3454","ProcessId":0,"ThreadId":0,"Level":"Info","Keywords":"0x80000000000000","SourceFile":"D:\\benign_log_combined_latest_used_actually\\new_benign\\application_4100.evtx","ExtraDataOffset":0,"HiddenRecord":false,"TimeCreated":"2025-04-21T16:09:30.3183951+00:00","RecordNumber":2483}
{"PayloadData1":"Data: SearchApp.exe, 10.0.19041.5678, 1fcc, 01dbb045424d7d22, 4294967295, C:\\Windows\\SystemApps\\Microsoft.Windows.Search_cw5n1h2txyewy\\SearchApp.exe, 38142e95-6746-4ce1-bab8-dc16fa235539, Microsoft.Windows.Search_1.14.17.19041_neutral_neutral_cw5n1h2txyewy, CortanaUI, Quiesce","MapDescription":"The program has been terminated","ChunkNumber":32,"Computer":"Server002","Payload":"{\"EventData\":{\"Data\":\"SearchApp.exe, 10.0.19041.5678, 1fcc, 01dbb045424d7d22, 4294967295, C:\\\\Windows\\\\SystemApps\\\\Microsoft.Windows.Search_cw5n1h2txyewy\\\\SearchApp.exe, 38142e95-6746-4ce1-bab8-dc16fa235539, Microsoft.Windows.Search_1.14.17.19041_neutral_neutral_cw5n1h2txyewy, CortanaUI, Quiesce\",\"Binary\":\"51-00-75-00-69-00-65-00-73-00-63-00-65-00-00-00-00-00\"}}","Channel":"Application","Provider":"Application Hang","EventId":1002,"EventRecordId":"3455","ProcessId":0,"ThreadId":0,"Level":"Error","Keywords":"0x80000000000000","SourceFile":"D:\\benign_log_combined_latest_used_actually\\new_benign\\application_4100.evtx","ExtraDataOffset":0,"HiddenRecord":false,"TimeCreated":"2025-04-21T16:09:30.3338018+00:00","RecordNumber":2484}
{"ChunkNumber":32,"Computer":"Server002","Payload":"{\"EventData\":{\"Data\":\"\",\"Binary\":\"\"}}","Channel":"Application","Provider":"Microsoft-Windows-Security-SPP","EventId":16394,"EventRecordId":"3456","ProcessId":0,"ThreadId":0,"Level":"Info","Keywords":"0x80000000000000","SourceFile":"D:\\benign_log_combined_latest_used_actually\\new_benign\\application_4100.evtx","ExtraDataOffset":0,"HiddenRecord":false,"TimeCreated":"2025-04-21T19:54:37.0282513+00:00","RecordNumber":2485}
{"ChunkNumber":32,"Computer":"Server002","Payload":"{\"EventData\":{\"Data\":\"55c92734-d682-4d71-983e-d6ec3f16059f, \\n1: 0567073a-7d74-403b-b2d5-6b35da372d8d, 1, 0 [(0 [0xC004F014, 0, 0], [(?)(?)(?)(?)(?)(?)(?)(?)])(1 )(2 )(3 )]\\n2: 1b750385-9fe2-49a8-ab55-149d0546395b, 1, 0 [(0 [0xC004F014, 0, 0], [(?)(?)(?)(?)(?)(?)(?)(?)])(1 )(2 )(3 )]\\n3: 1d873132-f09f-4eb2-bf5a-2e4fb48935e8, 1, 0 [(0 [0xC004F014, 0, 0], [(?)(?)(?)(?)(?)(?)(?)(?)])(1 )(2 )(3 )]\\n4: 2b1f36bb-c1cd-4306-bf5c-a0367c2d97d8, 1, 1 [(0 )(1 )(2 [0xC004E003, 0, 0], [( 1 0xC004F034)( 1 0xC004F034)(?)(?)(?)(?)(?)(?)])(3 [0x00000000, 0, 0], [( 6 0xC004F009 0 0)( 1 0x00000000)( 6 0xC004F009 0 0)(?)(?)(?)( 10 0x00000000 msft:rm/algorithm/flags/1.0)( 11 0x00000000 0xC004F034)])]\\n5: 30d469c6-a78f-4476-b5c8-af78d5b6a5fb, 1, 0 [(0 [0xC004F014, 0, 0], [(?)(?)(?)(?)(?)(?)(?)(?)])(1 )(2 )(3 )]\\n6: 3ae2cc14-ab2d-41f4-972f-5e20142771dc, 1, 0 [(0 [0xC004F014, 0, 0], [(?)(?)(?)(?)(?)(?)(?)(?)])(1 )(2 )(3 )]\\n7: 4002e33a-524c-4100-8108-131a0d42c0ea, 1, 0 [(0 [0xC004F014, 0, 0], [(?)(?)(?)(?)(?)(?)(?)(?)])(1 )(2 )(3 )]\\n8: 411b3d4f-be6d-4a06-baaa-9cabfc256cae, 1, 0 [(0 [0xC004F014, 0, 0], [(?)(?)(?)(?)(?)(?)(?)(?)])(1 )(2 )(3 )]\\n9: 58e97c99-f377-4ef1-81d5-4ad5522b5fd8, 1, 0 [(0 [0xC004F014, 0, 0], [(?)(?)(?)(?)(?)(?)(?)(?)])(1 )(2 )(3 )]\\n10: 653098ee-780d-4863-8cf2-d18399ce413b, 1, 0 [(0 [0xC004F014, 0, 0], [(?)(?)(?)(?)(?)(?)(?)(?)])(1 )(2 )(3 )]\\n11: 71f411ae-7b4b-41bd-b68c-c519c499f950, 1, 0 [(0 [0xC004F014, 0, 0], [(?)(?)(?)(?)(?)(?)(?)(?)])(1 )(2 )(3 )]\\n12: 74436dbb-cc17-46de-867f-14906ba4a938, 1, 0 [(0 [0xC004F014, 0, 0], [(?)(?)(?)(?)(?)(?)(?)(?)])(1 )(2 )(3 )]\\n13: 8a292df8-d653-4057-8133-a0701792f912, 1, 0 [(0 [0xC004F014, 0, 0], [(?)(?)(?)(?)(?)(?)(?)(?)])(1 )(2 )(3 )]\\n14: 8db63db6-4f8f-46d6-a448-66444faaaa72, 1, 0 [(0 [0xC004F014, 0, 0], [(?)(?)(?)(?)(?)(?)(?)(?)])(1 )(2 )(3 )]\\n15: b0f8a518-2c58-4eb8-9319-084f0eb4ddc4, 1, 0 [(0 [0xC004F014, 0, 0], [(?)(?)(?)(?)(?)(?)(?)(?)])(1 )(2 )(3 )]\\n16: cd918a57-a41b-4c82-8dce-1a538e221a83, 1, 0 [(0 [0xC004F014, 0, 0], [(?)(?)(?)(?)(?)(?)(?)(?)])(1 )(2 )(3 )]\\n17: da9621af-f086-4244-b563-18611e51aa1a, 1, 0 [(0 [0xC004F014, 0, 0], [(?)(?)(?)(?)(?)(?)(?)(?)])(1 )(2 )(3 )]\\n18: e371d89a-73e8-4b24-a7ff-23a3641dd18e, 1, 0 [(0 [0xC004F014, 0, 0], [(?)(?)(?)(?)(?)(?)(?)(?)])(1 )(2 )(3 )]\\n19: ed799377-74b8-4989-a244-14d082e65972, 1, 0 [(0 [0xC004F014, 0, 0], [(?)(?)(?)(?)(?)(?)(?)(?)])(1 )(2 )(3 )]\\n20: 0427ae42-b454-442d-b69a-d938b6a3bcdc, 0, 0 [0xC004F055]\\n21: 0b533b5e-08b6-44f9-b885-c2de291ba456, 0, 0 [0xC004F055]\\n22: 0c2ce8ac-7989-4e40-b934-068d8d71dd72, 0, 0 [0xC004F055]\\n23: 1043add5-23b1-4afb-9a0f-64343c8f3f8d, 0, 0 [0xC004F055]\\n24: 14240489-7c2d-42ee-a167-4913ca4672da, 0, 0 [0xC004F055]\\n25: 1d9c9529-17be-48f7-bba5-a16ed636cfcb, 0, 0 [0xC004F055]\\n26: 2bd41139-19ec-49e9-8271-db6f9fe0052d, 0, 0 [0xC004F055]\\n27: 4acda200-3f2b-4b73-9839-f3603f99e7cd, 0, 0 [0xC004F055]\\n28: 4dac5a0c-5709-4595-a32c-14a56a4a6b31, 0, 0 [0xC004F055]\\n29: 5f1b1317-625e-4b1c-8d22-4bd93e3ae14e, 0, 0 [0xC004F055]\\n30: 75863c7d-946f-4ff2-a07c-5551dedd1e15, 0, 0 [0xC004F055]\\n31: 7b76ee02-0a75-4f08-85d5-bd0feadad0c0, 0, 0 [0xC004F055]\\n32: 83d49986-add3-41d7-ba33-87c7bfb5c0fb, 0, 0 [0xC004F055]\\n33: 84b9b0fc-b69d-42a6-a21d-9e0ce4125f7e, 0, 0 [0xC004F055]\\n34: 8fe12eb1-a7ab-4410-83fb-9f6dbcb4a574, 0, 0 [0xC004F055]\\n35: 909aa75d-43ee-413c-9030-c62e43287cf8, 0, 0 [0xC004F055]\\n36: a6da5617-cb89-4acb-beb5-ccdbb871c922, 0, 0 [0xC004F055]\\n37: a9fa3c71-7f63-4ea0-94be-1de2eab0a4d1, 0, 0 [0xC004F055]\\n38: b705d67e-527a-4f11-b904-7be441066a22, 0, 0 [0xC004F055]\\n39: b8527af1-5389-447c-9a88-2d1691ea33d3, 0, 0 [0xC004F055]\\n40: e5fbdd17-c03d-4bed-9567-c60dee82f47e, 0, 0 [0xC004F055]\\n41: ed6568de-daeb-4b01-9c4a-5f89018125d8, 0, 0 [0xC004F055]\\n42: f520e45e-7413-4a34-a497-d2765967d094, 0, 0 [0xC004F055]\\n43: f69e2d51-3bbd-4ddf-8da7-a145e9dca597, 0, 0 [0xC004F055]\\n\\n\",\"Binary\":\"\"}}","Channel":"Application","Provider":"Microsoft-Windows-Security-SPP","EventId":1003,"EventRecordId":"3457","ProcessId":0,"ThreadId":0,"Level":"Info","Keywords":"0x80000000000000","SourceFile":"D:\\benign_log_combined_latest_used_actually\\new_benign\\application_4100.evtx","ExtraDataOffset":0,"HiddenRecord":false,"TimeCreated":"2025-04-21T19:54:41.8217435+00:00","RecordNumber":2486}
{"ChunkNumber":32,"Computer":"Server002","Payload":"{\"EventData\":{\"Data\":\"hr=0x80004005, RuleId=31e71c49-8da7-4a2f-ad92-45d98a1c79ba;Action=AutoActivate;AppId=55c92734-d682-4d71-983e-d6ec3f16059f;SkuId=2b1f36bb-c1cd-4306-bf5c-a0367c2d97d8;NotificationInterval=1440;Trigger=NetworkAvailable\",\"Binary\":\"\"}}","Channel":"Application","Provider":"Microsoft-Windows-Security-SPP","EventId":8198,"EventRecordId":"3458","ProcessId":0,"ThreadId":0,"Level":"Error","Keywords":"0x80000000000000","SourceFile":"D:\\benign_log_combined_latest_used_actually\\new_benign\\application_4100.evtx","ExtraDataOffset":0,"HiddenRecord":false,"TimeCreated":"2025-04-21T19:54:42.0685941+00:00","RecordNumber":2487}
{"ChunkNumber":32,"Computer":"Server002","Payload":"{\"EventData\":{\"Data\":\"2025-04-22T19:54:27Z, RulesEngine\",\"Binary\":\"\"}}","Channel":"Application","Provider":"Microsoft-Windows-Security-SPP","EventId":16384,"EventRecordId":"3459","ProcessId":0,"ThreadId":0,"Level":"Info","Keywords":"0x80000000000000","SourceFile":"D:\\benign_log_combined_latest_used_actually\\new_benign\\application_4100.evtx","ExtraDataOffset":0,"HiddenRecord":false,"TimeCreated":"2025-04-21T19:55:27.2844083+00:00","RecordNumber":2488}
{"ChunkNumber":32,"Computer":"Server002","Payload":"{\"EventData\":{\"Data\":\"Service stopped\",\"Binary\":\"\"}}","Channel":"Application","Provider":"brave","EventId":0,"EventRecordId":"3460","ProcessId":0,"ThreadId":0,"Level":"Info","Keywords":"0x80000000000000","SourceFile":"D:\\benign_log_combined_latest_used_actually\\new_benign\\application_4100.evtx","ExtraDataOffset":0,"HiddenRecord":false,"TimeCreated":"2025-04-21T19:55:30.6510346+00:00","RecordNumber":2489}
{"ChunkNumber":32,"Computer":"Server002","Payload":"{\"EventData\":{\"Data\":\"Service stopped\",\"Binary\":\"\"}}","Channel":"Application","Provider":"edgeupdate","EventId":0,"EventRecordId":"3461","ProcessId":0,"ThreadId":0,"Level":"Info","Keywords":"0x80000000000000","SourceFile":"D:\\benign_log_combined_latest_used_actually\\new_benign\\application_4100.evtx","ExtraDataOffset":0,"HiddenRecord":false,"TimeCreated":"2025-04-21T19:55:48.5447209+00:00","RecordNumber":2490}
{"ChunkNumber":32,"Computer":"Server002","Payload":"{\"EventData\":\"\"}","UserId":"S-1-5-18","Channel":"Application","Provider":"Microsoft-Windows-User Profiles Service","EventId":1531,"EventRecordId":"3462","ProcessId":1288,"ThreadId":1340,"Level":"Info","Keywords":"Classic","SourceFile":"D:\\benign_log_combined_latest_used_actually\\new_benign\\application_4100.evtx","ExtraDataOffset":0,"HiddenRecord":false,"TimeCreated":"2025-04-22T15:51:21.5151749+00:00","RecordNumber":2491}
{"ChunkNumber":32,"Computer":"Server002","Payload":"{\"EventData\":\"\"}","UserId":"S-1-5-18","Channel":"Application","Provider":"Microsoft-Windows-WMI","EventId":5615,"EventRecordId":"3463","ProcessId":2828,"ThreadId":2272,"Level":"Info","Keywords":"Classic","SourceFile":"D:\\benign_log_combined_latest_used_actually\\new_benign\\application_4100.evtx","ExtraDataOffset":0,"HiddenRecord":false,"TimeCreated":"2025-04-22T13:51:26.6283100+00:00","RecordNumber":2492}
{"ChunkNumber":32,"Computer":"Server002","Payload":"{\"EventData\":\"\"}","UserId":"S-1-5-18","Channel":"Application","Provider":"Microsoft-Windows-WMI","EventId":5617,"EventRecordId":"3464","ProcessId":2828,"ThreadId":3112,"Level":"Info","Keywords":"Classic","SourceFile":"D:\\benign_log_combined_latest_used_actually\\new_benign\\application_4100.evtx","ExtraDataOffset":0,"HiddenRecord":false,"TimeCreated":"2025-04-22T13:51:27.8101096+00:00","RecordNumber":2493}
{"ChunkNumber":32,"Computer":"Server002","Payload":"{\"EventData\":{\"Data\":\"SearchIndexer, 2964,P,98, Windows: , 0, 10, 00, 19045, 0000\",\"Binary\":\"\"}}","Channel":"Application","Provider":"ESENT","EventId":102,"EventRecordId":"3465","ProcessId":0,"ThreadId":0,"Level":"Info","Keywords":"0x80000000000000","SourceFile":"D:\\benign_log_combined_latest_used_actually\\new_benign\\application_4100.evtx","ExtraDataOffset":0,"HiddenRecord":false,"TimeCreated":"2025-04-22T13:51:29.8277365+00:00","RecordNumber":2494}
{"ChunkNumber":32,"Computer":"Server002","Payload":"{\"EventData\":{\"Data\":\"SearchIndexer, 2964,D,0, Windows: , 0, 0, \\n[1] 0.002003 +J(0) +M(C:0K, Fs:224, WS:876K # 876K, PF:5012K # 5012K, P:5012K)\\n[2] 0.002788 +J(0) +M(C:0K, Fs:110, WS:440K # 440K, PF:388K # 388K, P:388K)\\n[3] 0.001176 +J(0) +M(C:0K, Fs:12, WS:44K # 44K, PF:68K # 68K, P:68K)\\n[4] 0.000093 +J(0) +M(C:0K, Fs:24, WS:96K # 96K, PF:348K # 348K, P:348K)\\n[5] 0.000946 +J(0) +M(C:0K, Fs:11, WS:44K # 44K, PF:20K # 20K, P:20K)\\n[6] 0.006194 +J(0) +M(C:0K, Fs:25, WS:100K # 100K, PF:16K # 16K, P:16K)\\n[7] 0.082350 -0.077561 (2) WT +J(0) +M(C:0K, Fs:272, WS:1084K # 1084K, PF:1028K # 1028K, P:1028K)\\n[8] -\\n[9] -\\n[10] -\\n[11] -\\n[12] -\\n[13] 0.009467 -0.000190 (1) WT +J(CM:0, PgRf:0, Rd:0/0, Dy:0/0, Lg:616/1) +M(C:0K, Fs:12, WS:-988K # 20K, PF:-1024K # 12K, P:-1024K)\\n[14] 0.000015 +J(0) +M(C:0K, Fs:1, WS:4K # 0K, PF:0K # 0K, P:0K)\\n[15] 0.000054 +J(0) +M(C:0K, Fs:64, WS:256K # 0K, PF:64K # 0K, P:64K)\\n[16] 0.000264 +J(0) +M(C:0K, Fs:3, WS:4K # 0K, PF:0K # 0K, P:0K).\",\"Binary\":\"\"}}","Channel":"Application","Provider":"ESENT","EventId":105,"EventRecordId":"3466","ProcessId":0,"ThreadId":0,"Level":"Info","Keywords":"0x80000000000000","SourceFile":"D:\\benign_log_combined_latest_used_actually\\new_benign\\application_4100.evtx","ExtraDataOffset":0,"HiddenRecord":false,"TimeCreated":"2025-04-22T13:51:29.9192238+00:00","RecordNumber":2495}
{"PayloadData1":"Database: s: , 1, C:\\ProgramData\\Microsoft\\Search\\Data\\Applications\\Windows\\Windows.edb","MapDescription":"NTDS the database engine attached a database","ChunkNumber":32,"Computer":"Server002","Payload":"{\"EventData\":{\"Data\":\"SearchIndexer, 2964,D,50, Windows: , 1, C:\\\\ProgramData\\\\Microsoft\\\\Search\\\\Data\\\\Applications\\\\Windows\\\\Windows.edb, 0, \\n[1] 0.000002 +J(0) +M(C:0K, Fs:1, WS:4K # 0K, PF:0K # 0K, P:0K)\\n[2] 0.000339 -0.000108 (1) WT +J(0) +M(C:0K, Fs:26, WS:40K # 0K, PF:32K # 0K, P:32K)\\n[3] 0.157126 -0.150929 (6) WT +J(CM:0, PgRf:0, Rd:0/0, Dy:0/0, Lg:3480/2) +M(C:0K, Fs:41, WS:124K # 0K, PF:144K # 0K, P:144K)\\n[4] 0.000128 +J(0) +M(C:0K, Fs:1, WS:4K # 0K, PF:0K # 0K, P:0K)\\n[5] -\\n[6] -\\n[7] -\\n[8] 0.001316 -0.000976 (2) CM +J(CM:2, PgRf:2, Rd:14/2, Dy:0/0, Lg:54/1) +M(C:0K, Fs:48, WS:188K # 0K, PF:684K # 0K, P:684K)\\n[9] 0.182724 -0.000580 (5) CM -0.181397 (3) WT +J(CM:5, PgRf:23, Rd:0/5, Dy:0/0, Lg:0/0) +M(C:0K, Fs:71, WS:284K # 0K, PF:256K # 160K, P:256K)\\n[10] 0.000104 -0.000043 (1) CM +J(CM:1, PgRf:40, Rd:0/1, Dy:0/0, Lg:0/0) +M(C:0K, Fs:9, WS:36K # 28K, PF:96K # 96K, P:96K)\\n[11] 0.000618 +J(CM:0, PgRf:1, Rd:0/0, Dy:0/0, Lg:0/0) +M(C:0K, Fs:2, WS:8K # 8K, PF:0K # 0K, P:0K)\\n[12] 0.001196 +J(CM:0, PgRf:42, Rd:0/0, Dy:0/0, Lg:0/0) +M(C:0K, Fs:3, WS:12K # 12K, PF:0K # 0K, P:0K)\\n[13] 0.000002 +J(0)\\n[14] 0.0 +J(0)\\n[15] 0.000004 +J(CM:0, PgRf:1, Rd:0/0, Dy:0/0, Lg:0/0)., 0 0, lgposAttach = 0000007D:0011:0268,\\ndbv = 1568.110.240\",\"Binary\":\"\"}}","Channel":"Application","Provider":"ESENT","EventId":326,"EventRecordId":"3467","ProcessId":0,"ThreadId":0,"Level":"Info","Keywords":"0x80000000000000","SourceFile":"D:\\benign_log_combined_latest_used_actually\\new_benign\\application_4100.evtx","ExtraDataOffset":0,"HiddenRecord":false,"TimeCreated":"2025-04-22T13:51:30.2627246+00:00","RecordNumber":2496}
{"ChunkNumber":32,"Computer":"Server002","Payload":"{\"EventData\":{\"Data\":{\"@Name\":\"ExtraInfo\",\"#text\":\", \"}}}","Channel":"Application","Provider":"Microsoft-Windows-Search","EventId":1003,"EventRecordId":"3468","ProcessId":0,"ThreadId":0,"Level":"Info","Keywords":"0x80000000000000","SourceFile":"D:\\benign_log_combined_latest_used_actually\\new_benign\\application_4100.evtx","ExtraDataOffset":0,"HiddenRecord":false,"TimeCreated":"2025-04-22T13:51:31.7938270+00:00","RecordNumber":2497}
{"ChunkNumber":32,"Computer":"Server002","Payload":"{\"EventData\":{\"Data\":\"SessionEnv\",\"Binary\":\"D9-06-00-00\"}}","Channel":"Application","Provider":"Microsoft-Windows-Winlogon","EventId":6003,"EventRecordId":"3469","ProcessId":0,"ThreadId":0,"Level":"Info","Keywords":"0x80000000000000","SourceFile":"D:\\benign_log_combined_latest_used_actually\\new_benign\\application_4100.evtx","ExtraDataOffset":0,"HiddenRecord":false,"TimeCreated":"2025-04-22T13:51:33.1375259+00:00","RecordNumber":2498}
{"ChunkNumber":32,"Computer":"Server002","Payload":"{\"EventData\":{\"@Name\":\"EVENT_REGLOADKEYFAILED\",\"Data\":[{\"@Name\":\"Error\",\"#text\":\"The process cannot access the file because it is being used by another process., \"},{\"@Name\":\"File\",\"#text\":\"C:\\\\Users\\\\lplui\\\\AppData\\\\Local\\\\Microsoft\\\\Windows\\\\\\\\UsrClass.dat\"}]}}","UserId":"S-1-5-18","Channel":"Application","Provider":"Microsoft-Windows-User Profiles Service","EventId":1508,"EventRecordId":"3470","ProcessId":1288,"ThreadId":1372,"Level":"Error","Keywords":"Classic","SourceFile":"D:\\benign_log_combined_latest_used_actually\\new_benign\\application_4100.evtx","ExtraDataOffset":0,"HiddenRecord":false,"TimeCreated":"2025-04-22T13:51:33.3285799+00:00","RecordNumber":2499}
{"ChunkNumber":32,"Computer":"Server002","Payload":"{\"EventData\":{\"Data\":[{\"@Name\":\"File\",\"#text\":\"C:\\\\Users\\\\lplui\\\\AppData\\\\Local\\\\Microsoft\\\\Windows\\\\\\\\UsrClass.dat\"},{\"@Name\":\"Status\",\"#text\":\"3221225539\"},{\"@Name\":\"MachineKeys\",\"#text\":\"BCD00000000, \"},{\"@Name\":\"UserKeys\"}]}}","UserId":"S-1-5-18","Channel":"Application","Provider":"Microsoft-Windows-User Profiles Service","EventId":1509,"EventRecordId":"3471","ProcessId":1288,"ThreadId":1372,"Level":"Info","Keywords":"Classic","SourceFile":"D:\\benign_log_combined_latest_used_actually\\new_benign\\application_4100.evtx","ExtraDataOffset":0,"HiddenRecord":false,"TimeCreated":"2025-04-22T13:51:33.3305525+00:00","RecordNumber":2500}
{"ChunkNumber":32,"Computer":"Server002","Payload":"{\"EventData\":{\"Data\":{\"@Name\":\"Error\",\"#text\":\"The process cannot access the file because it is being used by another process., \"}}}","UserId":"S-1-5-18","Channel":"Application","Provider":"Microsoft-Windows-User Profiles Service","EventId":1542,"EventRecordId":"3472","ProcessId":1288,"ThreadId":1372,"Level":"Error","Keywords":"Classic","SourceFile":"D:\\benign_log_combined_latest_used_actually\\new_benign\\application_4100.evtx","ExtraDataOffset":0,"HiddenRecord":false,"TimeCreated":"2025-04-22T13:51:33.3359688+00:00","RecordNumber":2501}
{"ChunkNumber":32,"Computer":"Server002","Payload":"{\"EventData\":\"\"}","UserId":"S-1-5-21-3962163828-2803415714-1403596700-1001","Channel":"Application","Provider":"Microsoft-Windows-User Profiles Service","EventId":1515,"EventRecordId":"3473","ProcessId":1288,"ThreadId":1372,"Level":"Error","Keywords":"Classic","SourceFile":"D:\\benign_log_combined_latest_used_actually\\new_benign\\application_4100.evtx","ExtraDataOffset":0,"HiddenRecord":false,"TimeCreated":"2025-04-22T13:51:33.3676449+00:00","RecordNumber":2502}
{"ChunkNumber":32,"Computer":"Server002","Payload":"{\"EventData\":\"\"}","UserId":"S-1-5-21-3962163828-2803415714-1403596700-1001","Channel":"Application","Provider":"Microsoft-Windows-User Profiles Service","EventId":1511,"EventRecordId":"3474","ProcessId":1288,"ThreadId":1372,"Level":"Error","Keywords":"Classic","SourceFile":"D:\\benign_log_combined_latest_used_actually\\new_benign\\application_4100.evtx","ExtraDataOffset":0,"HiddenRecord":false,"TimeCreated":"2025-04-22T13:51:33.3688261+00:00","RecordNumber":2503}
{"ChunkNumber":32,"Computer":"Server002","Payload":"{\"EventData\":{\"Data\":\"SessionEnv\",\"Binary\":\"D9-06-00-00\"}}","Channel":"Application","Provider":"Microsoft-Windows-Winlogon","EventId":6000,"EventRecordId":"3475","ProcessId":0,"ThreadId":0,"Level":"Info","Keywords":"0x80000000000000","SourceFile":"D:\\benign_log_combined_latest_used_actually\\new_benign\\application_4100.evtx","ExtraDataOffset":0,"HiddenRecord":false,"TimeCreated":"2025-04-22T13:51:39.3421093+00:00","RecordNumber":2504}
{"ChunkNumber":32,"Computer":"Server002","Payload":"{\"EventData\":{\"Data\":\"TriggerStarted:6\",\"Binary\":\"\"}}","Channel":"Application","Provider":"Microsoft-Windows-Security-SPP","EventId":900,"EventRecordId":"3476","ProcessId":0,"ThreadId":0,"Level":"Info","Keywords":"0x80000000000000","SourceFile":"D:\\benign_log_combined_latest_used_actually\\new_benign\\application_4100.evtx","ExtraDataOffset":0,"HiddenRecord":false,"TimeCreated":"2025-04-22T13:51:40.8098053+00:00","RecordNumber":2505}
{"ChunkNumber":32,"Computer":"Server002","Payload":"{\"EventData\":{\"Data\":\"\",\"Binary\":\"\"}}","Channel":"Application","Provider":"Microsoft-Windows-Security-SPP","EventId":16394,"EventRecordId":"3477","ProcessId":0,"ThreadId":0,"Level":"Info","Keywords":"0x80000000000000","SourceFile":"D:\\benign_log_combined_latest_used_actually\\new_benign\\application_4100.evtx","ExtraDataOffset":0,"HiddenRecord":false,"TimeCreated":"2025-04-22T13:51:41.4814654+00:00","RecordNumber":2506}
{"ChunkNumber":32,"Computer":"Server002","Payload":"{\"EventData\":{\"Data\":\"C:\\\\Windows\\\\system32\\\\sppwinob.dll, msft:spp/windowsfunctionality/agent/7.0, 0x00000000, 0x00000000\\nC:\\\\Windows\\\\system32\\\\sppobjs.dll, msft:rm/algorithm/inherited/1.0, 0x00000000, 0x00000000\\nC:\\\\Windows\\\\system32\\\\sppobjs.dll, msft:rm/algorithm/phone/1.0, 0x00000000, 0x00000000\\nC:\\\\Windows\\\\system32\\\\sppobjs.dll, msft:rm/algorithm/pkey/detect, 0x00000000, 0x00000000\\nC:\\\\Windows\\\\system32\\\\sppobjs.dll, msft:spp/ActionScheduler/1.0, 0x00000000, 0x00000000\\nC:\\\\Windows\\\\system32\\\\sppobjs.dll, msft:spp/TaskScheduler/1.0, 0x00000000, 0x00000000\\nC:\\\\Windows\\\\system32\\\\sppobjs.dll, msft:spp/statecollector/pkey, 0x00000000, 0x00000000\\nC:\\\\Windows\\\\system32\\\\sppobjs.dll, msft:spp/volume/services/kms/1.0, 0x00000000, 0x00000000\\nC:\\\\Windows\\\\system32\\\\sppobjs.dll, msft:spp/volume/services/kms/activationinfo/1.0, 0x00000000, 0x00000000\\n\",\"Binary\":\"\"}}","Channel":"Application","Provider":"Microsoft-Windows-Security-SPP","EventId":1066,"EventRecordId":"3478","ProcessId":0,"ThreadId":0,"Level":"Info","Keywords":"0x80000000000000","SourceFile":"D:\\benign_log_combined_latest_used_actually\\new_benign\\application_4100.evtx","ExtraDataOffset":0,"HiddenRecord":false,"TimeCreated":"2025-04-22T13:51:41.6243391+00:00","RecordNumber":2507}
{"ChunkNumber":33,"Computer":"Server002","Payload":"{\"EventData\":{\"Data\":\"55c92734-d682-4d71-983e-d6ec3f16059f, \\n1: 0567073a-7d74-403b-b2d5-6b35da372d8d, 1, 0 [(0 [0xC004F014, 0, 0], [(?)(?)(?)(?)(?)(?)(?)(?)])(1 )(2 )(3 )]\\n2: 1b750385-9fe2-49a8-ab55-149d0546395b, 1, 0 [(0 [0xC004F014, 0, 0], [(?)(?)(?)(?)(?)(?)(?)(?)])(1 )(2 )(3 )]\\n3: 1d873132-f09f-4eb2-bf5a-2e4fb48935e8, 1, 0 [(0 [0xC004F014, 0, 0], [(?)(?)(?)(?)(?)(?)(?)(?)])(1 )(2 )(3 )]\\n4: 2b1f36bb-c1cd-4306-bf5c-a0367c2d97d8, 1, 1 [(0 )(1 )(2 [0xC004E003, 0, 0], [( 1 0xC004F034)( 1 0xC004F034)(?)(?)(?)(?)(?)(?)])(3 [0x00000000, 0, 0], [( 6 0xC004F009 0 0)( 1 0x00000000)( 6 0xC004F009 0 0)(?)(?)(?)( 10 0x00000000 msft:rm/algorithm/flags/1.0)( 11 0x00000000 0xC004F034)])]\\n5: 30d469c6-a78f-4476-b5c8-af78d5b6a5fb, 1, 0 [(0 [0xC004F014, 0, 0], [(?)(?)(?)(?)(?)(?)(?)(?)])(1 )(2 )(3 )]\\n6: 3ae2cc14-ab2d-41f4-972f-5e20142771dc, 1, 0 [(0 [0xC004F014, 0, 0], [(?)(?)(?)(?)(?)(?)(?)(?)])(1 )(2 )(3 )]\\n7: 4002e33a-524c-4100-8108-131a0d42c0ea, 1, 0 [(0 [0xC004F014, 0, 0], [(?)(?)(?)(?)(?)(?)(?)(?)])(1 )(2 )(3 )]\\n8: 411b3d4f-be6d-4a06-baaa-9cabfc256cae, 1, 0 [(0 [0xC004F014, 0, 0], [(?)(?)(?)(?)(?)(?)(?)(?)])(1 )(2 )(3 )]\\n9: 58e97c99-f377-4ef1-81d5-4ad5522b5fd8, 1, 0 [(0 [0xC004F014, 0, 0], [(?)(?)(?)(?)(?)(?)(?)(?)])(1 )(2 )(3 )]\\n10: 653098ee-780d-4863-8cf2-d18399ce413b, 1, 0 [(0 [0xC004F014, 0, 0], [(?)(?)(?)(?)(?)(?)(?)(?)])(1 )(2 )(3 )]\\n11: 71f411ae-7b4b-41bd-b68c-c519c499f950, 1, 0 [(0 [0xC004F014, 0, 0], [(?)(?)(?)(?)(?)(?)(?)(?)])(1 )(2 )(3 )]\\n12: 74436dbb-cc17-46de-867f-14906ba4a938, 1, 0 [(0 [0xC004F014, 0, 0], [(?)(?)(?)(?)(?)(?)(?)(?)])(1 )(2 )(3 )]\\n13: 8a292df8-d653-4057-8133-a0701792f912, 1, 0 [(0 [0xC004F014, 0, 0], [(?)(?)(?)(?)(?)(?)(?)(?)])(1 )(2 )(3 )]\\n14: 8db63db6-4f8f-46d6-a448-66444faaaa72, 1, 0 [(0 [0xC004F014, 0, 0], [(?)(?)(?)(?)(?)(?)(?)(?)])(1 )(2 )(3 )]\\n15: b0f8a518-2c58-4eb8-9319-084f0eb4ddc4, 1, 0 [(0 [0xC004F014, 0, 0], [(?)(?)(?)(?)(?)(?)(?)(?)])(1 )(2 )(3 )]\\n16: cd918a57-a41b-4c82-8dce-1a538e221a83, 1, 0 [(0 [0xC004F014, 0, 0], [(?)(?)(?)(?)(?)(?)(?)(?)])(1 )(2 )(3 )]\\n17: da9621af-f086-4244-b563-18611e51aa1a, 1, 0 [(0 [0xC004F014, 0, 0], [(?)(?)(?)(?)(?)(?)(?)(?)])(1 )(2 )(3 )]\\n18: e371d89a-73e8-4b24-a7ff-23a3641dd18e, 1, 0 [(0 [0xC004F014, 0, 0], [(?)(?)(?)(?)(?)(?)(?)(?)])(1 )(2 )(3 )]\\n19: ed799377-74b8-4989-a244-14d082e65972, 1, 0 [(0 [0xC004F014, 0, 0], [(?)(?)(?)(?)(?)(?)(?)(?)])(1 )(2 )(3 )]\\n20: 0427ae42-b454-442d-b69a-d938b6a3bcdc, 0, 0 [0xC004F055]\\n21: 0b533b5e-08b6-44f9-b885-c2de291ba456, 0, 0 [0xC004F055]\\n22: 0c2ce8ac-7989-4e40-b934-068d8d71dd72, 0, 0 [0xC004F055]\\n23: 1043add5-23b1-4afb-9a0f-64343c8f3f8d, 0, 0 [0xC004F055]\\n24: 14240489-7c2d-42ee-a167-4913ca4672da, 0, 0 [0xC004F055]\\n25: 1d9c9529-17be-48f7-bba5-a16ed636cfcb, 0, 0 [0xC004F055]\\n26: 2bd41139-19ec-49e9-8271-db6f9fe0052d, 0, 0 [0xC004F055]\\n27: 4acda200-3f2b-4b73-9839-f3603f99e7cd, 0, 0 [0xC004F055]\\n28: 4dac5a0c-5709-4595-a32c-14a56a4a6b31, 0, 0 [0xC004F055]\\n29: 5f1b1317-625e-4b1c-8d22-4bd93e3ae14e, 0, 0 [0xC004F055]\\n30: 75863c7d-946f-4ff2-a07c-5551dedd1e15, 0, 0 [0xC004F055]\\n31: 7b76ee02-0a75-4f08-85d5-bd0feadad0c0, 0, 0 [0xC004F055]\\n32: 83d49986-add3-41d7-ba33-87c7bfb5c0fb, 0, 0 [0xC004F055]\\n33: 84b9b0fc-b69d-42a6-a21d-9e0ce4125f7e, 0, 0 [0xC004F055]\\n34: 8fe12eb1-a7ab-4410-83fb-9f6dbcb4a574, 0, 0 [0xC004F055]\\n35: 909aa75d-43ee-413c-9030-c62e43287cf8, 0, 0 [0xC004F055]\\n36: a6da5617-cb89-4acb-beb5-ccdbb871c922, 0, 0 [0xC004F055]\\n37: a9fa3c71-7f63-4ea0-94be-1de2eab0a4d1, 0, 0 [0xC004F055]\\n38: b705d67e-527a-4f11-b904-7be441066a22, 0, 0 [0xC004F055]\\n39: b8527af1-5389-447c-9a88-2d1691ea33d3, 0, 0 [0xC004F055]\\n40: e5fbdd17-c03d-4bed-9567-c60dee82f47e, 0, 0 [0xC004F055]\\n41: ed6568de-daeb-4b01-9c4a-5f89018125d8, 0, 0 [0xC004F055]\\n42: f520e45e-7413-4a34-a497-d2765967d094, 0, 0 [0xC004F055]\\n43: f69e2d51-3bbd-4ddf-8da7-a145e9dca597, 0, 0 [0xC004F055]\\n\\n\",\"Binary\":\"\"}}","Channel":"Application","Provider":"Microsoft-Windows-Security-SPP","EventId":1003,"EventRecordId":"3479","ProcessId":0,"ThreadId":0,"Level":"Info","Keywords":"0x80000000000000","SourceFile":"D:\\benign_log_combined_latest_used_actually\\new_benign\\application_4100.evtx","ExtraDataOffset":0,"HiddenRecord":false,"TimeCreated":"2025-04-22T13:51:43.1380195+00:00","RecordNumber":2508}
{"ChunkNumber":33,"Computer":"Server002","Payload":"{\"EventData\":{\"Data\":\"10.0.19041.5737\",\"Binary\":\"\"}}","Channel":"Application","Provider":"Microsoft-Windows-Security-SPP","EventId":902,"EventRecordId":"3480","ProcessId":0,"ThreadId":0,"Level":"LogAlways","Keywords":"0x80000000000000","SourceFile":"D:\\benign_log_combined_latest_used_actually\\new_benign\\application_4100.evtx","ExtraDataOffset":0,"HiddenRecord":false,"TimeCreated":"2025-04-22T13:51:43.4524070+00:00","RecordNumber":2509}
{"ChunkNumber":33,"Computer":"Server002","Payload":"{\"EventData\":{\"Data\":\"55c92734-d682-4d71-983e-d6ec3f16059f, \\n1: 0567073a-7d74-403b-b2d5-6b35da372d8d, 1, 0 [(0 [0xC004F014, 0, 0], [(?)(?)(?)(?)(?)(?)(?)(?)])(1 )(2 )(3 )]\\n2: 1b750385-9fe2-49a8-ab55-149d0546395b, 1, 0 [(0 [0xC004F014, 0, 0], [(?)(?)(?)(?)(?)(?)(?)(?)])(1 )(2 )(3 )]\\n3: 1d873132-f09f-4eb2-bf5a-2e4fb48935e8, 1, 0 [(0 [0xC004F014, 0, 0], [(?)(?)(?)(?)(?)(?)(?)(?)])(1 )(2 )(3 )]\\n4: 2b1f36bb-c1cd-4306-bf5c-a0367c2d97d8, 1, 1 [(0 )(1 )(2 [0xC004E003, 0, 0], [( 1 0xC004F034)( 1 0xC004F034)(?)(?)(?)(?)(?)(?)])(3 [0x00000000, 0, 0], [( 6 0xC004F009 0 0)( 1 0x00000000)( 6 0xC004F009 0 0)(?)(?)(?)( 10 0x00000000 msft:rm/algorithm/flags/1.0)( 11 0x00000000 0xC004F034)])]\\n5: 30d469c6-a78f-4476-b5c8-af78d5b6a5fb, 1, 0 [(0 [0xC004F014, 0, 0], [(?)(?)(?)(?)(?)(?)(?)(?)])(1 )(2 )(3 )]\\n6: 3ae2cc14-ab2d-41f4-972f-5e20142771dc, 1, 0 [(0 [0xC004F014, 0, 0], [(?)(?)(?)(?)(?)(?)(?)(?)])(1 )(2 )(3 )]\\n7: 4002e33a-524c-4100-8108-131a0d42c0ea, 1, 0 [(0 [0xC004F014, 0, 0], [(?)(?)(?)(?)(?)(?)(?)(?)])(1 )(2 )(3 )]\\n8: 411b3d4f-be6d-4a06-baaa-9cabfc256cae, 1, 0 [(0 [0xC004F014, 0, 0], [(?)(?)(?)(?)(?)(?)(?)(?)])(1 )(2 )(3 )]\\n9: 58e97c99-f377-4ef1-81d5-4ad5522b5fd8, 1, 0 [(0 [0xC004F014, 0, 0], [(?)(?)(?)(?)(?)(?)(?)(?)])(1 )(2 )(3 )]\\n10: 653098ee-780d-4863-8cf2-d18399ce413b, 1, 0 [(0 [0xC004F014, 0, 0], [(?)(?)(?)(?)(?)(?)(?)(?)])(1 )(2 )(3 )]\\n11: 71f411ae-7b4b-41bd-b68c-c519c499f950, 1, 0 [(0 [0xC004F014, 0, 0], [(?)(?)(?)(?)(?)(?)(?)(?)])(1 )(2 )(3 )]\\n12: 74436dbb-cc17-46de-867f-14906ba4a938, 1, 0 [(0 [0xC004F014, 0, 0], [(?)(?)(?)(?)(?)(?)(?)(?)])(1 )(2 )(3 )]\\n13: 8a292df8-d653-4057-8133-a0701792f912, 1, 0 [(0 [0xC004F014, 0, 0], [(?)(?)(?)(?)(?)(?)(?)(?)])(1 )(2 )(3 )]\\n14: 8db63db6-4f8f-46d6-a448-66444faaaa72, 1, 0 [(0 [0xC004F014, 0, 0], [(?)(?)(?)(?)(?)(?)(?)(?)])(1 )(2 )(3 )]\\n15: b0f8a518-2c58-4eb8-9319-084f0eb4ddc4, 1, 0 [(0 [0xC004F014, 0, 0], [(?)(?)(?)(?)(?)(?)(?)(?)])(1 )(2 )(3 )]\\n16: cd918a57-a41b-4c82-8dce-1a538e221a83, 1, 0 [(0 [0xC004F014, 0, 0], [(?)(?)(?)(?)(?)(?)(?)(?)])(1 )(2 )(3 )]\\n17: da9621af-f086-4244-b563-18611e51aa1a, 1, 0 [(0 [0xC004F014, 0, 0], [(?)(?)(?)(?)(?)(?)(?)(?)])(1 )(2 )(3 )]\\n18: e371d89a-73e8-4b24-a7ff-23a3641dd18e, 1, 0 [(0 [0xC004F014, 0, 0], [(?)(?)(?)(?)(?)(?)(?)(?)])(1 )(2 )(3 )]\\n19: ed799377-74b8-4989-a244-14d082e65972, 1, 0 [(0 [0xC004F014, 0, 0], [(?)(?)(?)(?)(?)(?)(?)(?)])(1 )(2 )(3 )]\\n20: 0427ae42-b454-442d-b69a-d938b6a3bcdc, 0, 0 [0xC004F055]\\n21: 0b533b5e-08b6-44f9-b885-c2de291ba456, 0, 0 [0xC004F055]\\n22: 0c2ce8ac-7989-4e40-b934-068d8d71dd72, 0, 0 [0xC004F055]\\n23: 1043add5-23b1-4afb-9a0f-64343c8f3f8d, 0, 0 [0xC004F055]\\n24: 14240489-7c2d-42ee-a167-4913ca4672da, 0, 0 [0xC004F055]\\n25: 1d9c9529-17be-48f7-bba5-a16ed636cfcb, 0, 0 [0xC004F055]\\n26: 2bd41139-19ec-49e9-8271-db6f9fe0052d, 0, 0 [0xC004F055]\\n27: 4acda200-3f2b-4b73-9839-f3603f99e7cd, 0, 0 [0xC004F055]\\n28: 4dac5a0c-5709-4595-a32c-14a56a4a6b31, 0, 0 [0xC004F055]\\n29: 5f1b1317-625e-4b1c-8d22-4bd93e3ae14e, 0, 0 [0xC004F055]\\n30: 75863c7d-946f-4ff2-a07c-5551dedd1e15, 0, 0 [0xC004F055]\\n31: 7b76ee02-0a75-4f08-85d5-bd0feadad0c0, 0, 0 [0xC004F055]\\n32: 83d49986-add3-41d7-ba33-87c7bfb5c0fb, 0, 0 [0xC004F055]\\n33: 84b9b0fc-b69d-42a6-a21d-9e0ce4125f7e, 0, 0 [0xC004F055]\\n34: 8fe12eb1-a7ab-4410-83fb-9f6dbcb4a574, 0, 0 [0xC004F055]\\n35: 909aa75d-43ee-413c-9030-c62e43287cf8, 0, 0 [0xC004F055]\\n36: a6da5617-cb89-4acb-beb5-ccdbb871c922, 0, 0 [0xC004F055]\\n37: a9fa3c71-7f63-4ea0-94be-1de2eab0a4d1, 0, 0 [0xC004F055]\\n38: b705d67e-527a-4f11-b904-7be441066a22, 0, 0 [0xC004F055]\\n39: b8527af1-5389-447c-9a88-2d1691ea33d3, 0, 0 [0xC004F055]\\n40: e5fbdd17-c03d-4bed-9567-c60dee82f47e, 0, 0 [0xC004F055]\\n41: ed6568de-daeb-4b01-9c4a-5f89018125d8, 0, 0 [0xC004F055]\\n42: f520e45e-7413-4a34-a497-d2765967d094, 0, 0 [0xC004F055]\\n43: f69e2d51-3bbd-4ddf-8da7-a145e9dca597, 0, 0 [0xC004F055]\\n\\n\",\"Binary\":\"\"}}","Channel":"Application","Provider":"Microsoft-Windows-Security-SPP","EventId":1003,"EventRecordId":"3481","ProcessId":0,"ThreadId":0,"Level":"Info","Keywords":"0x80000000000000","SourceFile":"D:\\benign_log_combined_latest_used_actually\\new_benign\\application_4100.evtx","ExtraDataOffset":0,"HiddenRecord":false,"TimeCreated":"2025-04-22T13:51:57.9727973+00:00","RecordNumber":2510}
{"ChunkNumber":33,"Computer":"Server002","Payload":"{\"EventData\":{\"Data\":\"hr=0x80004005, RuleId=31e71c49-8da7-4a2f-ad92-45d98a1c79ba;Action=AutoActivate;AppId=55c92734-d682-4d71-983e-d6ec3f16059f;SkuId=2b1f36bb-c1cd-4306-bf5c-a0367c2d97d8;NotificationInterval=1440;Trigger=UserLogon;SessionId=1\",\"Binary\":\"\"}}","Channel":"Application","Provider":"Microsoft-Windows-Security-SPP","EventId":8198,"EventRecordId":"3482","ProcessId":0,"ThreadId":0,"Level":"Error","Keywords":"0x80000000000000","SourceFile":"D:\\benign_log_combined_latest_used_actually\\new_benign\\application_4100.evtx","ExtraDataOffset":0,"HiddenRecord":false,"TimeCreated":"2025-04-22T13:51:58.2158663+00:00","RecordNumber":2511}
