{"ChunkNumber":6,"Computer":"Server002","Payload":"{\"EventData\":{\"Data\":\"svchost, 2584,U,98, DS_Token_DB: \",\"Binary\":\"\"}}","Channel":"Application","Provider":"ESENT","EventId":302,"EventRecordId":"1424","ProcessId":0,"ThreadId":0,"Level":"Info","Keywords":"0x80000000000000","SourceFile":"D:\\benign_log_combined_latest_used_actually\\new_benign\\application_4100.evtx","ExtraDataOffset":0,"HiddenRecord":false,"TimeCreated":"2024-10-03T14:07:53.4305516+00:00","RecordNumber":453}
{"ChunkNumber":7,"Computer":"Server002","Payload":"{\"EventData\":{\"Data\":\"svchost, 2584,D,0, DS_Token_DB: , 0, 0, \\n[1] 0.001031 +J(0) +M(C:0K, Fs:138, WS:540K # 540K, PF:2400K # 2400K, P:2400K)\\n[2] 0.007942 +J(0) +M(C:8K, Fs:149, WS:588K # 588K, PF:1152K # 1152K, P:1152K)\\n[3] 0.000021 +J(0) +M(C:0K, Fs:4, WS:12K # 12K, PF:68K # 68K, P:68K)\\n[4] 0.000091 +J(0) +M(C:0K, Fs:26, WS:104K # 104K, PF:160K # 160K, P:160K)\\n[5] 0.000967 +J(0) +M(C:0K, Fs:10, WS:40K # 40K, PF:16K # 16K, P:16K)\\n[6] 0.009471 +J(0) +M(C:0K, Fs:29, WS:116K # 116K, PF:20K # 20K, P:20K)\\n[7] 0.006444 -0.002037 (2) WT +J(0) +M(C:0K, Fs:32, WS:128K # 128K, PF:64K # 64K, P:64K)\\n[8] 0.371493 -0.278883 (280) CM -0.244964 (292) WT +J(CM:280, PgRf:334, Rd:0/280, Dy:2/4, Lg:56675/750) +M(C:8K, Fs:187, WS:660K # 660K, PF:752K # 752K, P:752K)\\n[9] 0.018530 -0.002725 (2) CM -0.006798 (6) WT +J(CM:2, PgRf:62, Rd:23/1, Dy:1/1, Lg:8108/128) +M(C:284K, Fs:47, WS:172K # 172K, PF:308K # 308K, P:308K) + 1 lgens\\n[10] 0.002202 -0.000632 (1) WT +J(0) +M(C:0K, Fs:0, WS:-60K # 0K, PF:-60K # 0K, P:-60K)\\n[11] 0.000028 +J(CM:0, PgRf:0, Rd:0/0, Dy:0/0, Lg:49/1) +M(C:0K, Fs:3, WS:12K # 0K, PF:0K # 0K, P:0K)\\n[12] 0.031931 -0.014671 (2) WT +J(0) +M(C:0K, Fs:1, WS:4K # 0K, PF:0K # 0K, P:0K)\\n[13] 0.081662 -0.002512 (2) CM -0.018367 (23) WT +J(CM:2, PgRf:2, Rd:0/2, Dy:0/0, Lg:8759/5) +M(C:0K, Fs:40, WS:20K # 40K, PF:-32K # 0K, P:-32K)\\n[14] 0.000013 +J(0)\\n[15] 0.000007 +J(0)\\n[16] 0.001298 -0.000349 (1) WT +J(0) +M(C:0K, Fs:2, WS:0K # 0K, PF:0K # 0K, P:0K)., lgposV2[] = 00000001:0001:0000 - 00000001:000E:0FE5 - 00000002:0003:0000 - 00000002:0003:0000 (00000000:0000:0000)\\ncReInits = 1\\n\",\"Binary\":\"\"}}","Channel":"Application","Provider":"ESENT","EventId":105,"EventRecordId":"1425","ProcessId":0,"ThreadId":0,"Level":"Info","Keywords":"0x80000000000000","SourceFile":"D:\\benign_log_combined_latest_used_actually\\new_benign\\application_4100.evtx","ExtraDataOffset":0,"HiddenRecord":false,"TimeCreated":"2024-10-03T14:07:53.4386018+00:00","RecordNumber":454}
{"PayloadData1":"Database: B: , 1, C:\\Windows\\system32\\config\\systemprofile\\AppData\\Local\\DataSharing\\Storage\\DSTokenDB2.dat","MapDescription":"NTDS the database engine attached a database","ChunkNumber":7,"Computer":"Server002","Payload":"{\"EventData\":{\"Data\":\"svchost, 2584,D,50, DS_Token_DB: , 1, C:\\\\Windows\\\\system32\\\\config\\\\systemprofile\\\\AppData\\\\Local\\\\DataSharing\\\\Storage\\\\DSTokenDB2.dat, 0, \\n[1] 0.000003 +J(0)\\n[2] 0.003222 -0.000936 (1) WT +J(0) +M(C:0K, Fs:17, WS:4K # 4K, PF:4K # 0K, P:4K)\\n[3] 0.021434 -0.002720 (6) WT +J(CM:0, PgRf:0, Rd:0/0, Dy:0/0, Lg:3480/2) +M(C:0K, Fs:10, WS:36K # 0K, PF:32K # 0K, P:32K)\\n[4] 0.006583 +J(0)\\n[5] -\\n[6] -\\n[7] -\\n[8] 0.000418 +J(CM:0, PgRf:2, Rd:7/0, Dy:0/0, Lg:54/1) +M(C:0K, Fs:9, WS:36K # 8K, PF:20K # 0K, P:20K)\\n[9] 0.001524 -0.001421 (1) CM -0.001409 (1) WT +J(CM:1, PgRf:23, Rd:0/0, Dy:0/0, Lg:0/0) +M(C:0K, Fs:16, WS:60K # 60K, PF:196K # 160K, P:196K)\\n[10] 0.000029 +J(CM:0, PgRf:40, Rd:0/0, Dy:0/0, Lg:0/0)\\n[11] 0.000006 +J(CM:0, PgRf:1, Rd:0/0, Dy:0/0, Lg:0/0) +M(C:0K, Fs:2, WS:8K # 8K, PF:0K # 0K, P:0K)\\n[12] 0.000024 +J(CM:0, PgRf:42, Rd:0/0, Dy:0/0, Lg:0/0) +M(C:0K, Fs:6, WS:24K # 24K, PF:0K # 0K, P:0K)\\n[13] 0.0 +J(0)\\n[14] 0.0 +J(0)\\n[15] 0.000002 +J(CM:0, PgRf:1, Rd:0/0, Dy:0/0, Lg:0/0)., 1 0, lgposAttach = 00000002:0005:0268,\\ndbv = 1568.110.240\",\"Binary\":\"\"}}","Channel":"Application","Provider":"ESENT","EventId":326,"EventRecordId":"1426","ProcessId":0,"ThreadId":0,"Level":"Info","Keywords":"0x80000000000000","SourceFile":"D:\\benign_log_combined_latest_used_actually\\new_benign\\application_4100.evtx","ExtraDataOffset":0,"HiddenRecord":false,"TimeCreated":"2024-10-03T14:07:53.4731349+00:00","RecordNumber":455}
{"ChunkNumber":7,"Computer":"Server002","Payload":"{\"EventData\":{\"Data\":\"Windows Defender, SECURITY_PRODUCT_STATE_ON\",\"Binary\":\"\"}}","Channel":"Application","Provider":"SecurityCenter","EventId":15,"EventRecordId":"1427","ProcessId":0,"ThreadId":0,"Level":"Info","Keywords":"0x80000000000000","SourceFile":"D:\\benign_log_combined_latest_used_actually\\new_benign\\application_4100.evtx","ExtraDataOffset":0,"HiddenRecord":false,"TimeCreated":"2024-10-03T14:07:54.7704838+00:00","RecordNumber":456}
{"ChunkNumber":7,"Computer":"Server002","Payload":"{\"EventData\":{\"Data\":\"re-trim, System Reserved, The operation requested is not supported by the hardware backing the volume. (0x8900002A)\",\"Binary\":\"2A-00-00-89-80-02-00-00-8D-00-00-00-90-00-00-00-22-B6-38-23-DB-B1-BD-38-1B-07-00-00-00-00-00-00-00-00-00-00\"}}","Channel":"Application","Provider":"Microsoft-Windows-Defrag","EventId":264,"EventRecordId":"1428","ProcessId":0,"ThreadId":0,"Level":"Error","Keywords":"0x80000000000000","SourceFile":"D:\\benign_log_combined_latest_used_actually\\new_benign\\application_4100.evtx","ExtraDataOffset":0,"HiddenRecord":false,"TimeCreated":"2024-10-03T14:08:02.2921239+00:00","RecordNumber":457}
{"ChunkNumber":7,"Computer":"Server002","Payload":"{\"EventData\":{\"Data\":\"defragmentation, System Reserved\",\"Binary\":\"00-00-00-00-34-02-00-00-FA-01-00-00-00-00-00-00-22-B6-51-A2-29-6B-ED-D8-5E-9C-8D-03-00-00-00-00-00-00-00-00\"}}","Channel":"Application","Provider":"Microsoft-Windows-Defrag","EventId":258,"EventRecordId":"1429","ProcessId":0,"ThreadId":0,"Level":"LogAlways","Keywords":"0x80000000000000","SourceFile":"D:\\benign_log_combined_latest_used_actually\\new_benign\\application_4100.evtx","ExtraDataOffset":0,"HiddenRecord":false,"TimeCreated":"2024-10-03T14:08:02.3024295+00:00","RecordNumber":458}
{"ChunkNumber":7,"Computer":"Server002","Payload":"{\"EventData\":{\"Data\":\"Windows Defender, SECURITY_PRODUCT_STATE_ON\",\"Binary\":\"\"}}","Channel":"Application","Provider":"SecurityCenter","EventId":15,"EventRecordId":"1430","ProcessId":0,"ThreadId":0,"Level":"Info","Keywords":"0x80000000000000","SourceFile":"D:\\benign_log_combined_latest_used_actually\\new_benign\\application_4100.evtx","ExtraDataOffset":0,"HiddenRecord":false,"TimeCreated":"2024-10-03T14:08:08.7239840+00:00","RecordNumber":459}
{"ChunkNumber":7,"Computer":"Server002","Payload":"{\"EventData\":{\"Data\":\"2024-10-04T13:56:35Z, RulesEngine\",\"Binary\":\"\"}}","Channel":"Application","Provider":"Microsoft-Windows-Security-SPP","EventId":16384,"EventRecordId":"1431","ProcessId":0,"ThreadId":0,"Level":"Info","Keywords":"0x80000000000000","SourceFile":"D:\\benign_log_combined_latest_used_actually\\new_benign\\application_4100.evtx","ExtraDataOffset":0,"HiddenRecord":false,"TimeCreated":"2024-10-03T14:08:35.8208754+00:00","RecordNumber":460}
{"ChunkNumber":7,"Computer":"Server002","Payload":"{\"EventData\":{\"Data\":\"boot optimisation, (C:)\",\"Binary\":\"00-00-00-00-26-04-00-00-FD-03-00-00-00-00-00-00-22-B6-30-DF-64-79-C7-F6-E2-6C-1C-00-00-00-00-00-00-00-00-00\"}}","Channel":"Application","Provider":"Microsoft-Windows-Defrag","EventId":258,"EventRecordId":"1432","ProcessId":0,"ThreadId":0,"Level":"LogAlways","Keywords":"0x80000000000000","SourceFile":"D:\\benign_log_combined_latest_used_actually\\new_benign\\application_4100.evtx","ExtraDataOffset":0,"HiddenRecord":false,"TimeCreated":"2024-10-03T14:09:14.8364122+00:00","RecordNumber":461}
{"ChunkNumber":7,"Computer":"Server002","Payload":"{\"EventData\":\"\"}","UserId":"S-1-5-18","Channel":"Application","Provider":"Microsoft-Windows-User Profiles Service","EventId":1531,"EventRecordId":"1433","ProcessId":1288,"ThreadId":1396,"Level":"Info","Keywords":"Classic","SourceFile":"D:\\benign_log_combined_latest_used_actually\\new_benign\\application_4100.evtx","ExtraDataOffset":0,"HiddenRecord":false,"TimeCreated":"2024-10-03T17:12:54.9981355+00:00","RecordNumber":462}
{"ChunkNumber":7,"Computer":"Server002","Payload":"{\"EventData\":{\"Data\":[{\"@Name\":\"param1\",\"#text\":\"86400\"},{\"@Name\":\"param2\",\"#text\":\"SuppressDuplicateDuration\"},{\"@Name\":\"param3\",\"#text\":\"Software\\\\Microsoft\\\\EventSystem\\\\EventLog\"}]}}","Channel":"Application","Provider":"Microsoft-Windows-EventSystem","EventId":4625,"EventRecordId":"1434","ProcessId":0,"ThreadId":0,"Level":"Info","Keywords":"0x80000000000000","SourceFile":"D:\\benign_log_combined_latest_used_actually\\new_benign\\application_4100.evtx","ExtraDataOffset":0,"HiddenRecord":false,"TimeCreated":"2024-10-03T15:12:56.5383493+00:00","RecordNumber":463}
{"ChunkNumber":7,"Computer":"Server002","Payload":"{\"EventData\":\"\"}","UserId":"S-1-5-18","Channel":"Application","Provider":"Microsoft-Windows-WMI","EventId":5615,"EventRecordId":"1435","ProcessId":2856,"ThreadId":2448,"Level":"Info","Keywords":"Classic","SourceFile":"D:\\benign_log_combined_latest_used_actually\\new_benign\\application_4100.evtx","ExtraDataOffset":0,"HiddenRecord":false,"TimeCreated":"2024-10-03T15:12:59.1003136+00:00","RecordNumber":464}
{"ChunkNumber":7,"Computer":"Server002","Payload":"{\"EventData\":\"\"}","UserId":"S-1-5-18","Channel":"Application","Provider":"Microsoft-Windows-WMI","EventId":5617,"EventRecordId":"1436","ProcessId":2856,"ThreadId":3096,"Level":"Info","Keywords":"Classic","SourceFile":"D:\\benign_log_combined_latest_used_actually\\new_benign\\application_4100.evtx","ExtraDataOffset":0,"HiddenRecord":false,"TimeCreated":"2024-10-03T15:13:00.7265581+00:00","RecordNumber":465}
{"ChunkNumber":7,"Computer":"Server002","Payload":"{\"EventData\":{\"Data\":\"TriggerStarted:6\",\"Binary\":\"\"}}","Channel":"Application","Provider":"Microsoft-Windows-Security-SPP","EventId":900,"EventRecordId":"1437","ProcessId":0,"ThreadId":0,"Level":"Info","Keywords":"0x80000000000000","SourceFile":"D:\\benign_log_combined_latest_used_actually\\new_benign\\application_4100.evtx","ExtraDataOffset":0,"HiddenRecord":false,"TimeCreated":"2024-10-03T15:13:05.7304803+00:00","RecordNumber":466}
{"ChunkNumber":7,"Computer":"Server002","Payload":"{\"EventData\":{\"Data\":\"\",\"Binary\":\"\"}}","Channel":"Application","Provider":"Microsoft-Windows-Security-SPP","EventId":16394,"EventRecordId":"1438","ProcessId":0,"ThreadId":0,"Level":"Info","Keywords":"0x80000000000000","SourceFile":"D:\\benign_log_combined_latest_used_actually\\new_benign\\application_4100.evtx","ExtraDataOffset":0,"HiddenRecord":false,"TimeCreated":"2024-10-03T15:13:05.8027261+00:00","RecordNumber":467}
{"ChunkNumber":7,"Computer":"Server002","Payload":"{\"EventData\":{\"Data\":\"C:\\\\Windows\\\\system32\\\\sppwinob.dll, msft:spp/windowsfunctionality/agent/7.0, 0x00000000, 0x00000000\\nC:\\\\Windows\\\\system32\\\\sppobjs.dll, msft:rm/algorithm/inherited/1.0, 0x00000000, 0x00000000\\nC:\\\\Windows\\\\system32\\\\sppobjs.dll, msft:rm/algorithm/phone/1.0, 0x00000000, 0x00000000\\nC:\\\\Windows\\\\system32\\\\sppobjs.dll, msft:rm/algorithm/pkey/detect, 0x00000000, 0x00000000\\nC:\\\\Windows\\\\system32\\\\sppobjs.dll, msft:spp/ActionScheduler/1.0, 0x00000000, 0x00000000\\nC:\\\\Windows\\\\system32\\\\sppobjs.dll, msft:spp/TaskScheduler/1.0, 0x00000000, 0x00000000\\nC:\\\\Windows\\\\system32\\\\sppobjs.dll, msft:spp/statecollector/pkey, 0x00000000, 0x00000000\\nC:\\\\Windows\\\\system32\\\\sppobjs.dll, msft:spp/volume/services/kms/1.0, 0x00000000, 0x00000000\\nC:\\\\Windows\\\\system32\\\\sppobjs.dll, msft:spp/volume/services/kms/activationinfo/1.0, 0x00000000, 0x00000000\\n\",\"Binary\":\"\"}}","Channel":"Application","Provider":"Microsoft-Windows-Security-SPP","EventId":1066,"EventRecordId":"1439","ProcessId":0,"ThreadId":0,"Level":"Info","Keywords":"0x80000000000000","SourceFile":"D:\\benign_log_combined_latest_used_actually\\new_benign\\application_4100.evtx","ExtraDataOffset":0,"HiddenRecord":false,"TimeCreated":"2024-10-03T15:13:05.8497792+00:00","RecordNumber":468}
{"ChunkNumber":7,"Computer":"Server002","Payload":"{\"EventData\":{\"Data\":\"0x8007000D\",\"Binary\":\"\"}}","Channel":"Application","Provider":"Microsoft-Windows-Security-SPP","EventId":8225,"EventRecordId":"1440","ProcessId":0,"ThreadId":0,"Level":"Warning","Keywords":"0x80000000000000","SourceFile":"D:\\benign_log_combined_latest_used_actually\\new_benign\\application_4100.evtx","ExtraDataOffset":0,"HiddenRecord":false,"TimeCreated":"2024-10-03T15:13:05.8497792+00:00","RecordNumber":469}
{"ChunkNumber":7,"Computer":"Server002","Payload":"{\"EventData\":{\"Data\":\"AAD-BlockAADWorkplaceJoin-Default, 100\",\"Binary\":\"\"}}","Channel":"Application","Provider":"Microsoft-Windows-Security-SPP","EventId":1034,"EventRecordId":"1441","ProcessId":0,"ThreadId":0,"Level":"Info","Keywords":"0x80000000000000","SourceFile":"D:\\benign_log_combined_latest_used_actually\\new_benign\\application_4100.evtx","ExtraDataOffset":0,"HiddenRecord":false,"TimeCreated":"2024-10-03T15:13:06.1526499+00:00","RecordNumber":470}
{"ChunkNumber":7,"Computer":"Server002","Payload":"{\"EventData\":{\"Data\":\"Security-SPP-WriteWauMarker, 500\",\"Binary\":\"\"}}","Channel":"Application","Provider":"Microsoft-Windows-Security-SPP","EventId":1034,"EventRecordId":"1442","ProcessId":0,"ThreadId":0,"Level":"Info","Keywords":"0x80000000000000","SourceFile":"D:\\benign_log_combined_latest_used_actually\\new_benign\\application_4100.evtx","ExtraDataOffset":0,"HiddenRecord":false,"TimeCreated":"2024-10-03T15:13:06.1526499+00:00","RecordNumber":471}
{"ChunkNumber":7,"Computer":"Server002","Payload":"{\"EventData\":{\"Data\":\"55c92734-d682-4d71-983e-d6ec3f16059f, \\n1: 0567073a-7d74-403b-b2d5-6b35da372d8d, 1, 0 [(0 [0xC004F014, 0, 0], [(?)(?)(?)(?)(?)(?)(?)(?)])(1 )(2 )(3 )]\\n2: 1b750385-9fe2-49a8-ab55-149d0546395b, 1, 0 [(0 [0xC004F014, 0, 0], [(?)(?)(?)(?)(?)(?)(?)(?)])(1 )(2 )(3 )]\\n3: 1d873132-f09f-4eb2-bf5a-2e4fb48935e8, 1, 0 [(0 [0xC004F014, 0, 0], [(?)(?)(?)(?)(?)(?)(?)(?)])(1 )(2 )(3 )]\\n4: 2b1f36bb-c1cd-4306-bf5c-a0367c2d97d8, 1, 0 [(0 )(1 )(2 [0xC004E003, 0, 0], [( 1 0xC004F034)( 1 0xC004F034)(?)(?)(?)(?)(?)(?)])(3 [0x00000000, 0, 0], [( 6 0xC004F009 0 0)( 1 0x00000000)( 6 0xC004F009 0 0)(?)(?)(?)( 10 0x00000000 msft:rm/algorithm/flags/1.0)( 11 0x00000000 0xC004F034)])]\\n5: 30d469c6-a78f-4476-b5c8-af78d5b6a5fb, 1, 0 [(0 [0xC004F014, 0, 0], [(?)(?)(?)(?)(?)(?)(?)(?)])(1 )(2 )(3 )]\\n6: 3ae2cc14-ab2d-41f4-972f-5e20142771dc, 1, 0 [(0 [0xC004F014, 0, 0], [(?)(?)(?)(?)(?)(?)(?)(?)])(1 )(2 )(3 )]\\n7: 4002e33a-524c-4100-8108-131a0d42c0ea, 1, 0 [(0 [0xC004F014, 0, 0], [(?)(?)(?)(?)(?)(?)(?)(?)])(1 )(2 )(3 )]\\n8: 411b3d4f-be6d-4a06-baaa-9cabfc256cae, 1, 0 [(0 [0xC004F014, 0, 0], [(?)(?)(?)(?)(?)(?)(?)(?)])(1 )(2 )(3 )]\\n9: 58e97c99-f377-4ef1-81d5-4ad5522b5fd8, 1, 0 [(0 [0xC004F014, 0, 0], [(?)(?)(?)(?)(?)(?)(?)(?)])(1 )(2 )(3 )]\\n10: 653098ee-780d-4863-8cf2-d18399ce413b, 1, 0 [(0 [0xC004F014, 0, 0], [(?)(?)(?)(?)(?)(?)(?)(?)])(1 )(2 )(3 )]\\n11: 71f411ae-7b4b-41bd-b68c-c519c499f950, 1, 0 [(0 [0xC004F014, 0, 0], [(?)(?)(?)(?)(?)(?)(?)(?)])(1 )(2 )(3 )]\\n12: 74436dbb-cc17-46de-867f-14906ba4a938, 1, 0 [(0 [0xC004F014, 0, 0], [(?)(?)(?)(?)(?)(?)(?)(?)])(1 )(2 )(3 )]\\n13: 8a292df8-d653-4057-8133-a0701792f912, 1, 0 [(0 [0xC004F014, 0, 0], [(?)(?)(?)(?)(?)(?)(?)(?)])(1 )(2 )(3 )]\\n14: 8db63db6-4f8f-46d6-a448-66444faaaa72, 1, 0 [(0 [0xC004F014, 0, 0], [(?)(?)(?)(?)(?)(?)(?)(?)])(1 )(2 )(3 )]\\n15: b0f8a518-2c58-4eb8-9319-084f0eb4ddc4, 1, 0 [(0 [0xC004F014, 0, 0], [(?)(?)(?)(?)(?)(?)(?)(?)])(1 )(2 )(3 )]\\n16: cd918a57-a41b-4c82-8dce-1a538e221a83, 1, 0 [(0 [0xC004F014, 0, 0], [(?)(?)(?)(?)(?)(?)(?)(?)])(1 )(2 )(3 )]\\n17: da9621af-f086-4244-b563-18611e51aa1a, 1, 0 [(0 [0xC004F014, 0, 0], [(?)(?)(?)(?)(?)(?)(?)(?)])(1 )(2 )(3 )]\\n18: e371d89a-73e8-4b24-a7ff-23a3641dd18e, 1, 0 [(0 [0xC004F014, 0, 0], [(?)(?)(?)(?)(?)(?)(?)(?)])(1 )(2 )(3 )]\\n19: ed799377-74b8-4989-a244-14d082e65972, 1, 0 [(0 [0xC004F014, 0, 0], [(?)(?)(?)(?)(?)(?)(?)(?)])(1 )(2 )(3 )]\\n\\n\",\"Binary\":\"\"}}","Channel":"Application","Provider":"Microsoft-Windows-Security-SPP","EventId":1003,"EventRecordId":"1443","ProcessId":0,"ThreadId":0,"Level":"Info","Keywords":"0x80000000000000","SourceFile":"D:\\benign_log_combined_latest_used_actually\\new_benign\\application_4100.evtx","ExtraDataOffset":0,"HiddenRecord":false,"TimeCreated":"2024-10-03T15:13:06.2133902+00:00","RecordNumber":472}
{"ChunkNumber":7,"Computer":"Server002","Payload":"{\"EventData\":{\"Data\":\"10.0.19041.2965\",\"Binary\":\"\"}}","Channel":"Application","Provider":"Microsoft-Windows-Security-SPP","EventId":902,"EventRecordId":"1444","ProcessId":0,"ThreadId":0,"Level":"LogAlways","Keywords":"0x80000000000000","SourceFile":"D:\\benign_log_combined_latest_used_actually\\new_benign\\application_4100.evtx","ExtraDataOffset":0,"HiddenRecord":false,"TimeCreated":"2024-10-03T15:13:06.2602459+00:00","RecordNumber":473}
{"ChunkNumber":7,"Computer":"Server002","Payload":"{\"EventData\":{\"Data\":\"Security-SPP-Action-StateData (REG_SZ) =AppId=55c92734-d682-4d71-983e-d6ec3f16059f;LastConsumptionReason=0xc004f034;LastNotificationId=NeverActivated;LicenseState=SL_LICENSING_STATUS_NOTIFICATION;PartialProductKey=8HVX7;ProductKeyType=Retail;SkuId=2b1f36bb-c1cd-4306-bf5c-a0367c2d97d8;ruleId=31e71c49-8da7-4a2f-ad92-45d98a1c79ba;uxDifferentiator=RETAIL\",\"Binary\":\"\"}}","Channel":"Application","Provider":"Microsoft-Windows-Security-SPP","EventId":8230,"EventRecordId":"1445","ProcessId":0,"ThreadId":0,"Level":"Info","Keywords":"0x80000000000000","SourceFile":"D:\\benign_log_combined_latest_used_actually\\new_benign\\application_4100.evtx","ExtraDataOffset":0,"HiddenRecord":false,"TimeCreated":"2024-10-03T15:13:06.6552382+00:00","RecordNumber":474}
{"ChunkNumber":7,"Computer":"Server002","Payload":"{\"EventData\":{\"Data\":\"55c92734-d682-4d71-983e-d6ec3f16059f, \\n1: 0567073a-7d74-403b-b2d5-6b35da372d8d, 1, 0 [(0 [0xC004F014, 0, 0], [(?)(?)(?)(?)(?)(?)(?)(?)])(1 )(2 )(3 )]\\n2: 1b750385-9fe2-49a8-ab55-149d0546395b, 1, 0 [(0 [0xC004F014, 0, 0], [(?)(?)(?)(?)(?)(?)(?)(?)])(1 )(2 )(3 )]\\n3: 1d873132-f09f-4eb2-bf5a-2e4fb48935e8, 1, 0 [(0 [0xC004F014, 0, 0], [(?)(?)(?)(?)(?)(?)(?)(?)])(1 )(2 )(3 )]\\n4: 2b1f36bb-c1cd-4306-bf5c-a0367c2d97d8, 1, 1 [(0 )(1 )(2 [0xC004E003, 0, 0], [( 1 0xC004F034)( 1 0xC004F034)(?)(?)(?)(?)(?)(?)])(3 [0x00000000, 0, 0], [( 6 0xC004F009 0 0)( 1 0x00000000)( 6 0xC004F009 0 0)(?)(?)(?)( 10 0x00000000 msft:rm/algorithm/flags/1.0)( 11 0x00000000 0xC004F034)])]\\n5: 30d469c6-a78f-4476-b5c8-af78d5b6a5fb, 1, 0 [(0 [0xC004F014, 0, 0], [(?)(?)(?)(?)(?)(?)(?)(?)])(1 )(2 )(3 )]\\n6: 3ae2cc14-ab2d-41f4-972f-5e20142771dc, 1, 0 [(0 [0xC004F014, 0, 0], [(?)(?)(?)(?)(?)(?)(?)(?)])(1 )(2 )(3 )]\\n7: 4002e33a-524c-4100-8108-131a0d42c0ea, 1, 0 [(0 [0xC004F014, 0, 0], [(?)(?)(?)(?)(?)(?)(?)(?)])(1 )(2 )(3 )]\\n8: 411b3d4f-be6d-4a06-baaa-9cabfc256cae, 1, 0 [(0 [0xC004F014, 0, 0], [(?)(?)(?)(?)(?)(?)(?)(?)])(1 )(2 )(3 )]\\n9: 58e97c99-f377-4ef1-81d5-4ad5522b5fd8, 1, 0 [(0 [0xC004F014, 0, 0], [(?)(?)(?)(?)(?)(?)(?)(?)])(1 )(2 )(3 )]\\n10: 653098ee-780d-4863-8cf2-d18399ce413b, 1, 0 [(0 [0xC004F014, 0, 0], [(?)(?)(?)(?)(?)(?)(?)(?)])(1 )(2 )(3 )]\\n11: 71f411ae-7b4b-41bd-b68c-c519c499f950, 1, 0 [(0 [0xC004F014, 0, 0], [(?)(?)(?)(?)(?)(?)(?)(?)])(1 )(2 )(3 )]\\n12: 74436dbb-cc17-46de-867f-14906ba4a938, 1, 0 [(0 [0xC004F014, 0, 0], [(?)(?)(?)(?)(?)(?)(?)(?)])(1 )(2 )(3 )]\\n13: 8a292df8-d653-4057-8133-a0701792f912, 1, 0 [(0 [0xC004F014, 0, 0], [(?)(?)(?)(?)(?)(?)(?)(?)])(1 )(2 )(3 )]\\n14: 8db63db6-4f8f-46d6-a448-66444faaaa72, 1, 0 [(0 [0xC004F014, 0, 0], [(?)(?)(?)(?)(?)(?)(?)(?)])(1 )(2 )(3 )]\\n15: b0f8a518-2c58-4eb8-9319-084f0eb4ddc4, 1, 0 [(0 [0xC004F014, 0, 0], [(?)(?)(?)(?)(?)(?)(?)(?)])(1 )(2 )(3 )]\\n16: cd918a57-a41b-4c82-8dce-1a538e221a83, 1, 0 [(0 [0xC004F014, 0, 0], [(?)(?)(?)(?)(?)(?)(?)(?)])(1 )(2 )(3 )]\\n17: da9621af-f086-4244-b563-18611e51aa1a, 1, 0 [(0 [0xC004F014, 0, 0], [(?)(?)(?)(?)(?)(?)(?)(?)])(1 )(2 )(3 )]\\n18: e371d89a-73e8-4b24-a7ff-23a3641dd18e, 1, 0 [(0 [0xC004F014, 0, 0], [(?)(?)(?)(?)(?)(?)(?)(?)])(1 )(2 )(3 )]\\n19: ed799377-74b8-4989-a244-14d082e65972, 1, 0 [(0 [0xC004F014, 0, 0], [(?)(?)(?)(?)(?)(?)(?)(?)])(1 )(2 )(3 )]\\n\\n\",\"Binary\":\"\"}}","Channel":"Application","Provider":"Microsoft-Windows-Security-SPP","EventId":1003,"EventRecordId":"1446","ProcessId":0,"ThreadId":0,"Level":"Info","Keywords":"0x80000000000000","SourceFile":"D:\\benign_log_combined_latest_used_actually\\new_benign\\application_4100.evtx","ExtraDataOffset":0,"HiddenRecord":false,"TimeCreated":"2024-10-03T15:13:08.2306674+00:00","RecordNumber":475}
{"ChunkNumber":7,"Computer":"Server002","Payload":"{\"EventData\":{\"Data\":\"hr=0x8007139F, RuleId=31e71c49-8da7-4a2f-ad92-45d98a1c79ba;Action=AutoActivate;AppId=55c92734-d682-4d71-983e-d6ec3f16059f;SkuId=2b1f36bb-c1cd-4306-bf5c-a0367c2d97d8;NotificationInterval=1440;Trigger=NetworkAvailable\",\"Binary\":\"\"}}","Channel":"Application","Provider":"Microsoft-Windows-Security-SPP","EventId":8198,"EventRecordId":"1447","ProcessId":0,"ThreadId":0,"Level":"Error","Keywords":"0x80000000000000","SourceFile":"D:\\benign_log_combined_latest_used_actually\\new_benign\\application_4100.evtx","ExtraDataOffset":0,"HiddenRecord":false,"TimeCreated":"2024-10-03T15:13:08.2951835+00:00","RecordNumber":476}
{"ChunkNumber":7,"Computer":"Server002","Payload":"{\"EventData\":{\"Data\":\"55c92734-d682-4d71-983e-d6ec3f16059f, \\n1: 0567073a-7d74-403b-b2d5-6b35da372d8d, 1, 0 [(0 [0xC004F014, 0, 0], [(?)(?)(?)(?)(?)(?)(?)(?)])(1 )(2 )(3 )]\\n2: 1b750385-9fe2-49a8-ab55-149d0546395b, 1, 0 [(0 [0xC004F014, 0, 0], [(?)(?)(?)(?)(?)(?)(?)(?)])(1 )(2 )(3 )]\\n3: 1d873132-f09f-4eb2-bf5a-2e4fb48935e8, 1, 0 [(0 [0xC004F014, 0, 0], [(?)(?)(?)(?)(?)(?)(?)(?)])(1 )(2 )(3 )]\\n4: 2b1f36bb-c1cd-4306-bf5c-a0367c2d97d8, 1, 1 [(0 )(1 )(2 [0xC004E003, 0, 0], [( 1 0xC004F034)( 1 0xC004F034)(?)(?)(?)(?)(?)(?)])(3 [0x00000000, 0, 0], [( 6 0xC004F009 0 0)( 1 0x00000000)( 6 0xC004F009 0 0)(?)(?)(?)( 10 0x00000000 msft:rm/algorithm/flags/1.0)( 11 0x00000000 0xC004F034)])]\\n5: 30d469c6-a78f-4476-b5c8-af78d5b6a5fb, 1, 0 [(0 [0xC004F014, 0, 0], [(?)(?)(?)(?)(?)(?)(?)(?)])(1 )(2 )(3 )]\\n6: 3ae2cc14-ab2d-41f4-972f-5e20142771dc, 1, 0 [(0 [0xC004F014, 0, 0], [(?)(?)(?)(?)(?)(?)(?)(?)])(1 )(2 )(3 )]\\n7: 4002e33a-524c-4100-8108-131a0d42c0ea, 1, 0 [(0 [0xC004F014, 0, 0], [(?)(?)(?)(?)(?)(?)(?)(?)])(1 )(2 )(3 )]\\n8: 411b3d4f-be6d-4a06-baaa-9cabfc256cae, 1, 0 [(0 [0xC004F014, 0, 0], [(?)(?)(?)(?)(?)(?)(?)(?)])(1 )(2 )(3 )]\\n9: 58e97c99-f377-4ef1-81d5-4ad5522b5fd8, 1, 0 [(0 [0xC004F014, 0, 0], [(?)(?)(?)(?)(?)(?)(?)(?)])(1 )(2 )(3 )]\\n10: 653098ee-780d-4863-8cf2-d18399ce413b, 1, 0 [(0 [0xC004F014, 0, 0], [(?)(?)(?)(?)(?)(?)(?)(?)])(1 )(2 )(3 )]\\n11: 71f411ae-7b4b-41bd-b68c-c519c499f950, 1, 0 [(0 [0xC004F014, 0, 0], [(?)(?)(?)(?)(?)(?)(?)(?)])(1 )(2 )(3 )]\\n12: 74436dbb-cc17-46de-867f-14906ba4a938, 1, 0 [(0 [0xC004F014, 0, 0], [(?)(?)(?)(?)(?)(?)(?)(?)])(1 )(2 )(3 )]\\n13: 8a292df8-d653-4057-8133-a0701792f912, 1, 0 [(0 [0xC004F014, 0, 0], [(?)(?)(?)(?)(?)(?)(?)(?)])(1 )(2 )(3 )]\\n14: 8db63db6-4f8f-46d6-a448-66444faaaa72, 1, 0 [(0 [0xC004F014, 0, 0], [(?)(?)(?)(?)(?)(?)(?)(?)])(1 )(2 )(3 )]\\n15: b0f8a518-2c58-4eb8-9319-084f0eb4ddc4, 1, 0 [(0 [0xC004F014, 0, 0], [(?)(?)(?)(?)(?)(?)(?)(?)])(1 )(2 )(3 )]\\n16: cd918a57-a41b-4c82-8dce-1a538e221a83, 1, 0 [(0 [0xC004F014, 0, 0], [(?)(?)(?)(?)(?)(?)(?)(?)])(1 )(2 )(3 )]\\n17: da9621af-f086-4244-b563-18611e51aa1a, 1, 0 [(0 [0xC004F014, 0, 0], [(?)(?)(?)(?)(?)(?)(?)(?)])(1 )(2 )(3 )]\\n18: e371d89a-73e8-4b24-a7ff-23a3641dd18e, 1, 0 [(0 [0xC004F014, 0, 0], [(?)(?)(?)(?)(?)(?)(?)(?)])(1 )(2 )(3 )]\\n19: ed799377-74b8-4989-a244-14d082e65972, 1, 0 [(0 [0xC004F014, 0, 0], [(?)(?)(?)(?)(?)(?)(?)(?)])(1 )(2 )(3 )]\\n\\n\",\"Binary\":\"\"}}","Channel":"Application","Provider":"Microsoft-Windows-Security-SPP","EventId":1003,"EventRecordId":"1448","ProcessId":0,"ThreadId":0,"Level":"Info","Keywords":"0x80000000000000","SourceFile":"D:\\benign_log_combined_latest_used_actually\\new_benign\\application_4100.evtx","ExtraDataOffset":0,"HiddenRecord":false,"TimeCreated":"2024-10-03T15:13:08.2951835+00:00","RecordNumber":477}
{"ChunkNumber":7,"Computer":"Server002","Payload":"{\"EventData\":{\"Data\":\"hr=0x8007139F, RuleId=31e71c49-8da7-4a2f-ad92-45d98a1c79ba;Action=AutoActivate;AppId=55c92734-d682-4d71-983e-d6ec3f16059f;SkuId=2b1f36bb-c1cd-4306-bf5c-a0367c2d97d8;NotificationInterval=1440;Trigger=TimerEvent\",\"Binary\":\"\"}}","Channel":"Application","Provider":"Microsoft-Windows-Security-SPP","EventId":8198,"EventRecordId":"1449","ProcessId":0,"ThreadId":0,"Level":"Error","Keywords":"0x80000000000000","SourceFile":"D:\\benign_log_combined_latest_used_actually\\new_benign\\application_4100.evtx","ExtraDataOffset":0,"HiddenRecord":false,"TimeCreated":"2024-10-03T15:13:08.3347740+00:00","RecordNumber":478}
{"ChunkNumber":7,"Computer":"Server002","Payload":"{\"EventData\":{\"Data\":\"2024-10-04T15:12:38Z, RulesEngine\",\"Binary\":\"\"}}","Channel":"Application","Provider":"Microsoft-Windows-Security-SPP","EventId":16384,"EventRecordId":"1450","ProcessId":0,"ThreadId":0,"Level":"Info","Keywords":"0x80000000000000","SourceFile":"D:\\benign_log_combined_latest_used_actually\\new_benign\\application_4100.evtx","ExtraDataOffset":0,"HiddenRecord":false,"TimeCreated":"2024-10-03T15:13:38.3193224+00:00","RecordNumber":479}
{"ChunkNumber":7,"Computer":"Server002","Payload":"{\"EventData\":{\"Data\":\"\",\"Binary\":\"\"}}","Channel":"Application","Provider":"Microsoft-Windows-Security-SPP","EventId":903,"EventRecordId":"1451","ProcessId":0,"ThreadId":0,"Level":"LogAlways","Keywords":"0x80000000000000","SourceFile":"D:\\benign_log_combined_latest_used_actually\\new_benign\\application_4100.evtx","ExtraDataOffset":0,"HiddenRecord":false,"TimeCreated":"2024-10-03T15:13:38.4463928+00:00","RecordNumber":480}
{"ChunkNumber":7,"Computer":"Server002","Payload":"{\"EventData\":{\"Data\":\"Service stopped\",\"Binary\":\"\"}}","Channel":"Application","Provider":"edgeupdate","EventId":0,"EventRecordId":"1452","ProcessId":0,"ThreadId":0,"Level":"Info","Keywords":"0x80000000000000","SourceFile":"D:\\benign_log_combined_latest_used_actually\\new_benign\\application_4100.evtx","ExtraDataOffset":0,"HiddenRecord":false,"TimeCreated":"2024-10-03T15:14:37.9525073+00:00","RecordNumber":481}
{"ChunkNumber":7,"Computer":"Server002","Payload":"{\"EventData\":{\"Data\":\"&lt;explicit&gt;\",\"Binary\":\"\"}}","Channel":"Application","Provider":"Microsoft-Windows-Security-SPP","EventId":900,"EventRecordId":"1453","ProcessId":0,"ThreadId":0,"Level":"Info","Keywords":"0x80000000000000","SourceFile":"D:\\benign_log_combined_latest_used_actually\\new_benign\\application_4100.evtx","ExtraDataOffset":0,"HiddenRecord":false,"TimeCreated":"2024-10-03T15:14:38.3936625+00:00","RecordNumber":482}
{"ChunkNumber":7,"Computer":"Server002","Payload":"{\"EventData\":{\"Data\":\"\",\"Binary\":\"\"}}","Channel":"Application","Provider":"Microsoft-Windows-Security-SPP","EventId":16394,"EventRecordId":"1454","ProcessId":0,"ThreadId":0,"Level":"Info","Keywords":"0x80000000000000","SourceFile":"D:\\benign_log_combined_latest_used_actually\\new_benign\\application_4100.evtx","ExtraDataOffset":0,"HiddenRecord":false,"TimeCreated":"2024-10-03T15:14:38.4093262+00:00","RecordNumber":483}
{"ChunkNumber":7,"Computer":"Server002","Payload":"{\"EventData\":{\"Data\":\"\",\"Binary\":\"\"}}","Channel":"Application","Provider":"SecurityCenter","EventId":1,"EventRecordId":"1455","ProcessId":0,"ThreadId":0,"Level":"Info","Keywords":"0x80000000000000","SourceFile":"D:\\benign_log_combined_latest_used_actually\\new_benign\\application_4100.evtx","ExtraDataOffset":0,"HiddenRecord":false,"TimeCreated":"2024-10-03T15:14:39.6982783+00:00","RecordNumber":484}
{"ChunkNumber":7,"Computer":"Server002","Payload":"{\"EventData\":{\"Data\":\"SearchIndexer, 3968,P,98, Windows: , 0, 10, 00, 19045, 0000\",\"Binary\":\"\"}}","Channel":"Application","Provider":"ESENT","EventId":102,"EventRecordId":"1456","ProcessId":0,"ThreadId":0,"Level":"Info","Keywords":"0x80000000000000","SourceFile":"D:\\benign_log_combined_latest_used_actually\\new_benign\\application_4100.evtx","ExtraDataOffset":0,"HiddenRecord":false,"TimeCreated":"2024-10-03T15:14:39.7393928+00:00","RecordNumber":485}
{"ChunkNumber":7,"Computer":"Server002","Payload":"{\"EventData\":{\"Data\":\"SearchIndexer, 3968,R,98, Windows: \",\"Binary\":\"\"}}","Channel":"Application","Provider":"ESENT","EventId":300,"EventRecordId":"1457","ProcessId":0,"ThreadId":0,"Level":"Info","Keywords":"0x80000000000000","SourceFile":"D:\\benign_log_combined_latest_used_actually\\new_benign\\application_4100.evtx","ExtraDataOffset":0,"HiddenRecord":false,"TimeCreated":"2024-10-03T15:14:39.7451382+00:00","RecordNumber":486}
{"ChunkNumber":7,"Computer":"Server002","Payload":"{\"EventData\":{\"Data\":\"SearchIndexer, 3968,R,98, Windows: , C:\\\\ProgramData\\\\Microsoft\\\\Search\\\\Data\\\\Applications\\\\Windows\\\\edb00045.jtx, \\n[1] 0.155492 -0.006904 (147) CM -0.101944 (8) WT +J(CM:147, PgRf:2622, Rd:147/147, Dy:0/0, Lg:1027705/10120) +M(C:0K, Fs:1269, WS:5024K # 5024K, PF:5112K # 5112K, P:5112K)., Insert   , 2484\",\"Binary\":\"\"}}","Channel":"Application","Provider":"ESENT","EventId":301,"EventRecordId":"1458","ProcessId":0,"ThreadId":0,"Level":"Info","Keywords":"0x80000000000000","SourceFile":"D:\\benign_log_combined_latest_used_actually\\new_benign\\application_4100.evtx","ExtraDataOffset":0,"HiddenRecord":false,"TimeCreated":"2024-10-03T15:14:39.8080923+00:00","RecordNumber":487}
{"ChunkNumber":7,"Computer":"Server002","Payload":"{\"EventData\":{\"Data\":\"SearchIndexer, 3968,R,98, Windows: , C:\\\\ProgramData\\\\Microsoft\\\\Search\\\\Data\\\\Applications\\\\Windows\\\\edb00046.jtx, \\n[1] 0.076121 -0.000251 (28) CM -0.064364 (2) WT +J(CM:28, PgRf:2644, Rd:0/28, Dy:8/144, Lg:1027705/10246) +M(C:0K, Fs:237, WS:916K # 884K, PF:24K # 32K, P:24K)., Insert   , 2522\",\"Binary\":\"\"}}","Channel":"Application","Provider":"ESENT","EventId":301,"EventRecordId":"1459","ProcessId":0,"ThreadId":0,"Level":"Info","Keywords":"0x80000000000000","SourceFile":"D:\\benign_log_combined_latest_used_actually\\new_benign\\application_4100.evtx","ExtraDataOffset":0,"HiddenRecord":false,"TimeCreated":"2024-10-03T15:14:39.8679703+00:00","RecordNumber":488}
{"ChunkNumber":7,"Computer":"Server002","Payload":"{\"EventData\":{\"Data\":\"SearchIndexer, 3968,R,98, Windows: , C:\\\\ProgramData\\\\Microsoft\\\\Search\\\\Data\\\\Applications\\\\Windows\\\\edb.jtx, \\n[1] 0.259020 -0.000043 (37) CM -0.198182 (3) WT +J(CM:37, PgRf:1608, Rd:9/37, Dy:38/502, Lg:740302/6149) +M(C:0K, Fs:339, WS:1324K # 1288K, PF:416K # 416K, P:416K)., Commit   , 1503\",\"Binary\":\"\"}}","Channel":"Application","Provider":"ESENT","EventId":301,"EventRecordId":"1460","ProcessId":0,"ThreadId":0,"Level":"Info","Keywords":"0x80000000000000","SourceFile":"D:\\benign_log_combined_latest_used_actually\\new_benign\\application_4100.evtx","ExtraDataOffset":0,"HiddenRecord":false,"TimeCreated":"2024-10-03T15:14:40.0029920+00:00","RecordNumber":489}
{"ChunkNumber":7,"Computer":"Server002","Payload":"{\"EventData\":{\"Data\":\"SearchIndexer, 3968,U,98, Windows: \",\"Binary\":\"\"}}","Channel":"Application","Provider":"ESENT","EventId":302,"EventRecordId":"1461","ProcessId":0,"ThreadId":0,"Level":"Info","Keywords":"0x80000000000000","SourceFile":"D:\\benign_log_combined_latest_used_actually\\new_benign\\application_4100.evtx","ExtraDataOffset":0,"HiddenRecord":false,"TimeCreated":"2024-10-03T15:14:40.2100093+00:00","RecordNumber":490}
{"ChunkNumber":7,"Computer":"Server002","Payload":"{\"EventData\":{\"Data\":\"SearchIndexer, 3968,D,0, Windows: , 0, 0, \\n[1] 0.000818 +J(0) +M(C:0K, Fs:223, WS:876K # 876K, PF:5000K # 5000K, P:5000K)\\n[2] 0.000303 +J(0) +M(C:0K, Fs:109, WS:436K # 436K, PF:388K # 388K, P:388K)\\n[3] 0.000039 +J(0) +M(C:0K, Fs:11, WS:40K # 40K, PF:68K # 68K, P:68K)\\n[4] 0.000116 +J(0) +M(C:0K, Fs:27, WS:108K # 108K, PF:364K # 364K, P:364K)\\n[5] 0.000669 +J(0) +M(C:0K, Fs:13, WS:52K # 52K, PF:24K # 32K, P:24K)\\n[6] 0.004909 +J(0) +M(C:0K, Fs:25, WS:96K # 96K, PF:12K # 4K, P:12K)\\n[7] 0.002755 -0.000001 (1) WT +J(0) +M(C:0K, Fs:273, WS:1092K # 1092K, PF:1024K # 1024K, P:1024K)\\n[8] 0.167646 -0.006904 (147) CM -0.102199 (10) WT +J(CM:147, PgRf:2622, Rd:147/147, Dy:0/0, Lg:1027705/10120) +M(C:0K, Fs:1602, WS:6276K # 6276K, PF:6124K # 6124K, P:6124K)\\n[9] 0.360254 -0.000294 (65) CM -0.269774 (15) WT +J(CM:65, PgRf:4252, Rd:65/65, Dy:46/646, Lg:1768007/16395) +M(C:0K, Fs:605, WS:2276K # 2276K, PF:2240K # 2240K, P:2240K) + 2 lgens\\n[10] 0.000408 +J(0) +M(C:0K, Fs:0, WS:-1020K # 0K, PF:-1020K # 0K, P:-1020K)\\n[11] 0.000027 +J(CM:0, PgRf:0, Rd:0/0, Dy:0/0, Lg:57/3) +M(C:0K, Fs:3, WS:12K # 0K, PF:0K # 0K, P:0K)\\n[12] 0.056986 -0.000003 (46) CM -0.025354 (2) WT +J(CM:46, PgRf:0, Rd:0/46, Dy:0/0, Lg:0/0) +M(C:0K, Fs:371, WS:12K # 0K, PF:0K # 0K, P:0K)\\n[13] 0.360789 -0.002232 (2) CM -0.258034 (25) WT +J(CM:2, PgRf:2, Rd:0/2, Dy:0/0, Lg:8751/5) +M(C:0K, Fs:2388, WS:-7580K # 0K, PF:-7684K # 0K, P:-7684K)\\n[14] 0.000015 +J(0)\\n[15] 0.000023 +J(0)\\n[16] 0.000232 +J(0) +M(C:0K, Fs:2, WS:0K # 0K, PF:0K # 0K, P:0K)., lgposV2[] = 00000045:0001:0000 - 00000045:00FE:0FB6 - 00000047:00B8:0000 - 00000047:00B8:0000 (00000000:0000:0000)\\n\",\"Binary\":\"\"}}","Channel":"Application","Provider":"ESENT","EventId":105,"EventRecordId":"1462","ProcessId":0,"ThreadId":0,"Level":"Info","Keywords":"0x80000000000000","SourceFile":"D:\\benign_log_combined_latest_used_actually\\new_benign\\application_4100.evtx","ExtraDataOffset":0,"HiddenRecord":false,"TimeCreated":"2024-10-03T15:14:40.2135792+00:00","RecordNumber":491}
{"PayloadData1":"Database: s: , 1, C:\\ProgramData\\Microsoft\\Search\\Data\\Applications\\Windows\\Windows.edb","MapDescription":"NTDS the database engine attached a database","ChunkNumber":7,"Computer":"Server002","Payload":"{\"EventData\":{\"Data\":\"SearchIndexer, 3968,D,50, Windows: , 1, C:\\\\ProgramData\\\\Microsoft\\\\Search\\\\Data\\\\Applications\\\\Windows\\\\Windows.edb, 0, \\n[1] 0.000003 +J(0)\\n[2] 0.001354 +J(0) +M(C:0K, Fs:24, WS:32K # 0K, PF:32K # 0K, P:32K)\\n[3] 0.008533 -0.001974 (4) WT +J(CM:0, PgRf:0, Rd:0/0, Dy:0/0, Lg:3480/2) +M(C:0K, Fs:16, WS:32K # 0K, PF:20K # 0K, P:20K)\\n[4] 0.000071 +J(0)\\n[5] -\\n[6] -\\n[7] -\\n[8] 0.003708 -0.002802 (2) CM +J(CM:2, PgRf:2, Rd:14/2, Dy:0/0, Lg:54/1) +M(C:0K, Fs:18, WS:68K # 0K, PF:536K # 0K, P:536K)\\n[9] 0.029830 -0.017067 (5) CM -0.012450 (1) WT +J(CM:5, PgRf:23, Rd:0/5, Dy:0/0, Lg:0/0) +M(C:0K, Fs:54, WS:216K # 0K, PF:224K # 0K, P:224K)\\n[10] 0.002144 -0.002053 (1) CM +J(CM:1, PgRf:40, Rd:0/1, Dy:0/0, Lg:0/0) +M(C:0K, Fs:8, WS:32K # 0K, PF:32K # 0K, P:32K)\\n[11] 0.000012 +J(CM:0, PgRf:1, Rd:0/0, Dy:0/0, Lg:0/0) +M(C:0K, Fs:2, WS:8K # 0K, PF:0K # 0K, P:0K)\\n[12] 0.000025 +J(CM:0, PgRf:42, Rd:0/0, Dy:0/0, Lg:0/0) +M(C:0K, Fs:3, WS:12K # 0K, PF:0K # 0K, P:0K)\\n[13] 0.0 +J(0)\\n[14] 0.0 +J(0)\\n[15] 0.000003 +J(CM:0, PgRf:1, Rd:0/0, Dy:0/0, Lg:0/0)., 0 0, lgposAttach = 00000047:00BA:0268,\\ndbv = 1568.110.240\",\"Binary\":\"\"}}","Channel":"Application","Provider":"ESENT","EventId":326,"EventRecordId":"1463","ProcessId":0,"ThreadId":0,"Level":"Info","Keywords":"0x80000000000000","SourceFile":"D:\\benign_log_combined_latest_used_actually\\new_benign\\application_4100.evtx","ExtraDataOffset":0,"HiddenRecord":false,"TimeCreated":"2024-10-03T15:14:40.2381323+00:00","RecordNumber":492}
{"ChunkNumber":7,"Computer":"Server002","Payload":"{\"EventData\":{\"Data\":{\"@Name\":\"ExtraInfo\",\"#text\":\", \"}}}","Channel":"Application","Provider":"Microsoft-Windows-Search","EventId":1003,"EventRecordId":"1464","ProcessId":0,"ThreadId":0,"Level":"Info","Keywords":"0x80000000000000","SourceFile":"D:\\benign_log_combined_latest_used_actually\\new_benign\\application_4100.evtx","ExtraDataOffset":0,"HiddenRecord":false,"TimeCreated":"2024-10-03T15:14:40.3517031+00:00","RecordNumber":493}
{"ChunkNumber":7,"Computer":"Server002","Payload":"{\"EventData\":{\"Data\":\"Windows Defender, SECURITY_PRODUCT_STATE_ON\",\"Binary\":\"\"}}","Channel":"Application","Provider":"SecurityCenter","EventId":15,"EventRecordId":"1465","ProcessId":0,"ThreadId":0,"Level":"Info","Keywords":"0x80000000000000","SourceFile":"D:\\benign_log_combined_latest_used_actually\\new_benign\\application_4100.evtx","ExtraDataOffset":0,"HiddenRecord":false,"TimeCreated":"2024-10-03T15:14:40.7060651+00:00","RecordNumber":494}
{"ChunkNumber":7,"Computer":"Server002","Payload":"{\"EventData\":{\"Data\":\"2024-10-04T15:13:00Z, RulesEngine\",\"Binary\":\"\"}}","Channel":"Application","Provider":"Microsoft-Windows-Security-SPP","EventId":16384,"EventRecordId":"1466","ProcessId":0,"ThreadId":0,"Level":"Info","Keywords":"0x80000000000000","SourceFile":"D:\\benign_log_combined_latest_used_actually\\new_benign\\application_4100.evtx","ExtraDataOffset":0,"HiddenRecord":false,"TimeCreated":"2024-10-03T15:15:00.1206652+00:00","RecordNumber":495}
{"ChunkNumber":7,"Computer":"Server002","Payload":"{\"EventData\":{\"Data\":\".NET Runtime Optimization Service (4.0.30319.0) - Installed from repository: mscorlib\",\"Binary\":\"\"}}","Channel":"Application","Provider":".NET Runtime Optimization Service","EventId":1130,"EventRecordId":"1467","ProcessId":0,"ThreadId":0,"Level":"LogAlways","Keywords":"0x80000000000000","SourceFile":"D:\\benign_log_combined_latest_used_actually\\new_benign\\application_4100.evtx","ExtraDataOffset":0,"HiddenRecord":false,"TimeCreated":"2024-10-03T15:15:02.7442267+00:00","RecordNumber":496}
{"ChunkNumber":7,"Computer":"Server002","Payload":"{\"EventData\":{\"Data\":\".NET Runtime Optimization Service (4.0.30319.0) - Installed from repository: mscorlib\",\"Binary\":\"\"}}","Channel":"Application","Provider":".NET Runtime Optimization Service","EventId":1130,"EventRecordId":"1468","ProcessId":0,"ThreadId":0,"Level":"LogAlways","Keywords":"0x80000000000000","SourceFile":"D:\\benign_log_combined_latest_used_actually\\new_benign\\application_4100.evtx","ExtraDataOffset":0,"HiddenRecord":false,"TimeCreated":"2024-10-03T15:15:02.7502140+00:00","RecordNumber":497}
{"ChunkNumber":7,"Computer":"Server002","Payload":"{\"EventData\":\"\"}","UserId":"S-1-5-18","Channel":"Application","Provider":"Microsoft-Windows-User Profiles Service","EventId":1531,"EventRecordId":"1469","ProcessId":1244,"ThreadId":1332,"Level":"Info","Keywords":"Classic","SourceFile":"D:\\benign_log_combined_latest_used_actually\\new_benign\\application_4100.evtx","ExtraDataOffset":0,"HiddenRecord":false,"TimeCreated":"2024-10-03T17:19:34.7742204+00:00","RecordNumber":498}
{"ChunkNumber":7,"Computer":"Server002","Payload":"{\"EventData\":{\"Data\":[{\"@Name\":\"param1\",\"#text\":\"86400\"},{\"@Name\":\"param2\",\"#text\":\"SuppressDuplicateDuration\"},{\"@Name\":\"param3\",\"#text\":\"Software\\\\Microsoft\\\\EventSystem\\\\EventLog\"}]}}","Channel":"Application","Provider":"Microsoft-Windows-EventSystem","EventId":4625,"EventRecordId":"1470","ProcessId":0,"ThreadId":0,"Level":"Info","Keywords":"0x80000000000000","SourceFile":"D:\\benign_log_combined_latest_used_actually\\new_benign\\application_4100.evtx","ExtraDataOffset":0,"HiddenRecord":false,"TimeCreated":"2024-10-03T15:19:36.4428311+00:00","RecordNumber":499}
{"ChunkNumber":7,"Computer":"Server002","Payload":"{\"EventData\":\"\"}","UserId":"S-1-5-18","Channel":"Application","Provider":"Microsoft-Windows-WMI","EventId":5615,"EventRecordId":"1471","ProcessId":2784,"ThreadId":2804,"Level":"Info","Keywords":"Classic","SourceFile":"D:\\benign_log_combined_latest_used_actually\\new_benign\\application_4100.evtx","ExtraDataOffset":0,"HiddenRecord":false,"TimeCreated":"2024-10-03T15:19:38.0973484+00:00","RecordNumber":500}
{"ChunkNumber":7,"Computer":"Server002","Payload":"{\"EventData\":\"\"}","UserId":"S-1-5-18","Channel":"Application","Provider":"Microsoft-Windows-WMI","EventId":5617,"EventRecordId":"1472","ProcessId":2784,"ThreadId":2836,"Level":"Info","Keywords":"Classic","SourceFile":"D:\\benign_log_combined_latest_used_actually\\new_benign\\application_4100.evtx","ExtraDataOffset":0,"HiddenRecord":false,"TimeCreated":"2024-10-03T15:19:38.8374924+00:00","RecordNumber":501}
{"ChunkNumber":7,"Computer":"Server002","Payload":"{\"EventData\":{\"Data\":\"TriggerStarted:6\",\"Binary\":\"\"}}","Channel":"Application","Provider":"Microsoft-Windows-Security-SPP","EventId":900,"EventRecordId":"1473","ProcessId":0,"ThreadId":0,"Level":"Info","Keywords":"0x80000000000000","SourceFile":"D:\\benign_log_combined_latest_used_actually\\new_benign\\application_4100.evtx","ExtraDataOffset":0,"HiddenRecord":false,"TimeCreated":"2024-10-03T15:19:48.1273861+00:00","RecordNumber":502}
{"ChunkNumber":7,"Computer":"Server002","Payload":"{\"EventData\":{\"Data\":\"\",\"Binary\":\"\"}}","Channel":"Application","Provider":"Microsoft-Windows-Security-SPP","EventId":16394,"EventRecordId":"1474","ProcessId":0,"ThreadId":0,"Level":"Info","Keywords":"0x80000000000000","SourceFile":"D:\\benign_log_combined_latest_used_actually\\new_benign\\application_4100.evtx","ExtraDataOffset":0,"HiddenRecord":false,"TimeCreated":"2024-10-03T15:19:48.2089181+00:00","RecordNumber":503}
{"ChunkNumber":7,"Computer":"Server002","Payload":"{\"EventData\":{\"Data\":\"C:\\\\Windows\\\\system32\\\\sppwinob.dll, msft:spp/windowsfunctionality/agent/7.0, 0x00000000, 0x00000000\\nC:\\\\Windows\\\\system32\\\\sppobjs.dll, msft:rm/algorithm/inherited/1.0, 0x00000000, 0x00000000\\nC:\\\\Windows\\\\system32\\\\sppobjs.dll, msft:rm/algorithm/phone/1.0, 0x00000000, 0x00000000\\nC:\\\\Windows\\\\system32\\\\sppobjs.dll, msft:rm/algorithm/pkey/detect, 0x00000000, 0x00000000\\nC:\\\\Windows\\\\system32\\\\sppobjs.dll, msft:spp/ActionScheduler/1.0, 0x00000000, 0x00000000\\nC:\\\\Windows\\\\system32\\\\sppobjs.dll, msft:spp/TaskScheduler/1.0, 0x00000000, 0x00000000\\nC:\\\\Windows\\\\system32\\\\sppobjs.dll, msft:spp/statecollector/pkey, 0x00000000, 0x00000000\\nC:\\\\Windows\\\\system32\\\\sppobjs.dll, msft:spp/volume/services/kms/1.0, 0x00000000, 0x00000000\\nC:\\\\Windows\\\\system32\\\\sppobjs.dll, msft:spp/volume/services/kms/activationinfo/1.0, 0x00000000, 0x00000000\\n\",\"Binary\":\"\"}}","Channel":"Application","Provider":"Microsoft-Windows-Security-SPP","EventId":1066,"EventRecordId":"1475","ProcessId":0,"ThreadId":0,"Level":"Info","Keywords":"0x80000000000000","SourceFile":"D:\\benign_log_combined_latest_used_actually\\new_benign\\application_4100.evtx","ExtraDataOffset":0,"HiddenRecord":false,"TimeCreated":"2024-10-03T15:19:48.2515971+00:00","RecordNumber":504}
{"ChunkNumber":7,"Computer":"Server002","Payload":"{\"EventData\":{\"Data\":\"AAD-BlockAADWorkplaceJoin-Default, 100\",\"Binary\":\"\"}}","Channel":"Application","Provider":"Microsoft-Windows-Security-SPP","EventId":1034,"EventRecordId":"1476","ProcessId":0,"ThreadId":0,"Level":"Info","Keywords":"0x80000000000000","SourceFile":"D:\\benign_log_combined_latest_used_actually\\new_benign\\application_4100.evtx","ExtraDataOffset":0,"HiddenRecord":false,"TimeCreated":"2024-10-03T15:19:48.5518560+00:00","RecordNumber":505}
{"ChunkNumber":7,"Computer":"Server002","Payload":"{\"EventData\":{\"Data\":\"Security-SPP-WriteWauMarker, 500\",\"Binary\":\"\"}}","Channel":"Application","Provider":"Microsoft-Windows-Security-SPP","EventId":1034,"EventRecordId":"1477","ProcessId":0,"ThreadId":0,"Level":"Info","Keywords":"0x80000000000000","SourceFile":"D:\\benign_log_combined_latest_used_actually\\new_benign\\application_4100.evtx","ExtraDataOffset":0,"HiddenRecord":false,"TimeCreated":"2024-10-03T15:19:48.5518560+00:00","RecordNumber":506}
{"ChunkNumber":7,"Computer":"Server002","Payload":"{\"EventData\":{\"Data\":\"55c92734-d682-4d71-983e-d6ec3f16059f, \\n1: 0567073a-7d74-403b-b2d5-6b35da372d8d, 1, 0 [(0 [0xC004F014, 0, 0], [(?)(?)(?)(?)(?)(?)(?)(?)])(1 )(2 )(3 )]\\n2: 1b750385-9fe2-49a8-ab55-149d0546395b, 1, 0 [(0 [0xC004F014, 0, 0], [(?)(?)(?)(?)(?)(?)(?)(?)])(1 )(2 )(3 )]\\n3: 1d873132-f09f-4eb2-bf5a-2e4fb48935e8, 1, 0 [(0 [0xC004F014, 0, 0], [(?)(?)(?)(?)(?)(?)(?)(?)])(1 )(2 )(3 )]\\n4: 2b1f36bb-c1cd-4306-bf5c-a0367c2d97d8, 1, 0 [(0 )(1 )(2 [0xC004E003, 0, 0], [( 1 0xC004F034)( 1 0xC004F034)(?)(?)(?)(?)(?)(?)])(3 [0x00000000, 0, 0], [( 6 0xC004F009 0 0)( 1 0x00000000)( 6 0xC004F009 0 0)(?)(?)(?)( 10 0x00000000 msft:rm/algorithm/flags/1.0)( 11 0x00000000 0xC004F034)])]\\n5: 30d469c6-a78f-4476-b5c8-af78d5b6a5fb, 1, 0 [(0 [0xC004F014, 0, 0], [(?)(?)(?)(?)(?)(?)(?)(?)])(1 )(2 )(3 )]\\n6: 3ae2cc14-ab2d-41f4-972f-5e20142771dc, 1, 0 [(0 [0xC004F014, 0, 0], [(?)(?)(?)(?)(?)(?)(?)(?)])(1 )(2 )(3 )]\\n7: 4002e33a-524c-4100-8108-131a0d42c0ea, 1, 0 [(0 [0xC004F014, 0, 0], [(?)(?)(?)(?)(?)(?)(?)(?)])(1 )(2 )(3 )]\\n8: 411b3d4f-be6d-4a06-baaa-9cabfc256cae, 1, 0 [(0 [0xC004F014, 0, 0], [(?)(?)(?)(?)(?)(?)(?)(?)])(1 )(2 )(3 )]\\n9: 58e97c99-f377-4ef1-81d5-4ad5522b5fd8, 1, 0 [(0 [0xC004F014, 0, 0], [(?)(?)(?)(?)(?)(?)(?)(?)])(1 )(2 )(3 )]\\n10: 653098ee-780d-4863-8cf2-d18399ce413b, 1, 0 [(0 [0xC004F014, 0, 0], [(?)(?)(?)(?)(?)(?)(?)(?)])(1 )(2 )(3 )]\\n11: 71f411ae-7b4b-41bd-b68c-c519c499f950, 1, 0 [(0 [0xC004F014, 0, 0], [(?)(?)(?)(?)(?)(?)(?)(?)])(1 )(2 )(3 )]\\n12: 74436dbb-cc17-46de-867f-14906ba4a938, 1, 0 [(0 [0xC004F014, 0, 0], [(?)(?)(?)(?)(?)(?)(?)(?)])(1 )(2 )(3 )]\\n13: 8a292df8-d653-4057-8133-a0701792f912, 1, 0 [(0 [0xC004F014, 0, 0], [(?)(?)(?)(?)(?)(?)(?)(?)])(1 )(2 )(3 )]\\n14: 8db63db6-4f8f-46d6-a448-66444faaaa72, 1, 0 [(0 [0xC004F014, 0, 0], [(?)(?)(?)(?)(?)(?)(?)(?)])(1 )(2 )(3 )]\\n15: b0f8a518-2c58-4eb8-9319-084f0eb4ddc4, 1, 0 [(0 [0xC004F014, 0, 0], [(?)(?)(?)(?)(?)(?)(?)(?)])(1 )(2 )(3 )]\\n16: cd918a57-a41b-4c82-8dce-1a538e221a83, 1, 0 [(0 [0xC004F014, 0, 0], [(?)(?)(?)(?)(?)(?)(?)(?)])(1 )(2 )(3 )]\\n17: da9621af-f086-4244-b563-18611e51aa1a, 1, 0 [(0 [0xC004F014, 0, 0], [(?)(?)(?)(?)(?)(?)(?)(?)])(1 )(2 )(3 )]\\n18: e371d89a-73e8-4b24-a7ff-23a3641dd18e, 1, 0 [(0 [0xC004F014, 0, 0], [(?)(?)(?)(?)(?)(?)(?)(?)])(1 )(2 )(3 )]\\n19: ed799377-74b8-4989-a244-14d082e65972, 1, 0 [(0 [0xC004F014, 0, 0], [(?)(?)(?)(?)(?)(?)(?)(?)])(1 )(2 )(3 )]\\n\\n\",\"Binary\":\"\"}}","Channel":"Application","Provider":"Microsoft-Windows-Security-SPP","EventId":1003,"EventRecordId":"1478","ProcessId":0,"ThreadId":0,"Level":"Info","Keywords":"0x80000000000000","SourceFile":"D:\\benign_log_combined_latest_used_actually\\new_benign\\application_4100.evtx","ExtraDataOffset":0,"HiddenRecord":false,"TimeCreated":"2024-10-03T15:19:48.5518560+00:00","RecordNumber":507}
{"ChunkNumber":7,"Computer":"Server002","Payload":"{\"EventData\":{\"Data\":\"10.0.19041.2965\",\"Binary\":\"\"}}","Channel":"Application","Provider":"Microsoft-Windows-Security-SPP","EventId":902,"EventRecordId":"1479","ProcessId":0,"ThreadId":0,"Level":"LogAlways","Keywords":"0x80000000000000","SourceFile":"D:\\benign_log_combined_latest_used_actually\\new_benign\\application_4100.evtx","ExtraDataOffset":0,"HiddenRecord":false,"TimeCreated":"2024-10-03T15:19:48.6740815+00:00","RecordNumber":508}
