{"ChunkNumber":15,"Computer":"Server002","Payload":"{\"EventData\":{\"Data\":\"Windows(R) UL store License (Private), 1a719d39-632e-402b-a154-2958f438eac1\",\"Binary\":\"\"}}","Channel":"Application","Provider":"Microsoft-Windows-Security-SPP","EventId":1004,"EventRecordId":"2170","ProcessId":0,"ThreadId":0,"Level":"Info","Keywords":"0x80000000000000","SourceFile":"D:\\benign_log_combined_latest_used_actually\\new_benign\\application_4100.evtx","ExtraDataOffset":0,"HiddenRecord":false,"TimeCreated":"2024-10-13T17:18:45.2618481+00:00","RecordNumber":1199}
{"ChunkNumber":15,"Computer":"Server002","Payload":"{\"EventData\":{\"Data\":\"DefaultPpd-Client-IoT-ESU-Year3 Component PPD License, 5b301963-e827-0c1a-b15d-62396ddd25ee\",\"Binary\":\"\"}}","Channel":"Application","Provider":"Microsoft-Windows-Security-SPP","EventId":1004,"EventRecordId":"2171","ProcessId":0,"ThreadId":0,"Level":"Info","Keywords":"0x80000000000000","SourceFile":"D:\\benign_log_combined_latest_used_actually\\new_benign\\application_4100.evtx","ExtraDataOffset":0,"HiddenRecord":false,"TimeCreated":"2024-10-13T17:18:45.2805112+00:00","RecordNumber":1200}
{"ChunkNumber":15,"Computer":"Server002","Payload":"{\"EventData\":{\"Data\":\"Windows(R) Client-IoT-ESU-Year4 Product PPD License, 1ac80bfa-2281-f1bc-61a3-b1dd876190d3\",\"Binary\":\"\"}}","Channel":"Application","Provider":"Microsoft-Windows-Security-SPP","EventId":1004,"EventRecordId":"2172","ProcessId":0,"ThreadId":0,"Level":"Info","Keywords":"0x80000000000000","SourceFile":"D:\\benign_log_combined_latest_used_actually\\new_benign\\application_4100.evtx","ExtraDataOffset":0,"HiddenRecord":false,"TimeCreated":"2024-10-13T17:18:45.2805112+00:00","RecordNumber":1201}
{"ChunkNumber":15,"Computer":"Server002","Payload":"{\"EventData\":{\"Data\":\"Windows(R) UL oob License (Public), d25cb65e-a8be-4d8e-860a-e98fb485cebc\",\"Binary\":\"\"}}","Channel":"Application","Provider":"Microsoft-Windows-Security-SPP","EventId":1004,"EventRecordId":"2173","ProcessId":0,"ThreadId":0,"Level":"Info","Keywords":"0x80000000000000","SourceFile":"D:\\benign_log_combined_latest_used_actually\\new_benign\\application_4100.evtx","ExtraDataOffset":0,"HiddenRecord":false,"TimeCreated":"2024-10-13T17:18:45.2996704+00:00","RecordNumber":1202}
{"ChunkNumber":15,"Computer":"Server002","Payload":"{\"EventData\":{\"Data\":\"Windows(R) UL oob License (Private), 3f6c8412-cc40-4819-8db1-e75df77d65ca\",\"Binary\":\"\"}}","Channel":"Application","Provider":"Microsoft-Windows-Security-SPP","EventId":1004,"EventRecordId":"2174","ProcessId":0,"ThreadId":0,"Level":"Info","Keywords":"0x80000000000000","SourceFile":"D:\\benign_log_combined_latest_used_actually\\new_benign\\application_4100.evtx","ExtraDataOffset":0,"HiddenRecord":false,"TimeCreated":"2024-10-13T17:18:45.2996704+00:00","RecordNumber":1203}
{"ChunkNumber":15,"Computer":"Server002","Payload":"{\"EventData\":{\"Data\":\"Windows(R) UL volume License (Public), d1894a11-0282-4802-9cc7-9cdb492c3f1d\",\"Binary\":\"\"}}","Channel":"Application","Provider":"Microsoft-Windows-Security-SPP","EventId":1004,"EventRecordId":"2175","ProcessId":0,"ThreadId":0,"Level":"Info","Keywords":"0x80000000000000","SourceFile":"D:\\benign_log_combined_latest_used_actually\\new_benign\\application_4100.evtx","ExtraDataOffset":0,"HiddenRecord":false,"TimeCreated":"2024-10-13T17:18:45.3144663+00:00","RecordNumber":1204}
{"ChunkNumber":15,"Computer":"Server002","Payload":"{\"EventData\":{\"Data\":\"Windows(R) UL volume License (Private), 75298634-d11d-4da1-b979-9e9a4beb0536\",\"Binary\":\"\"}}","Channel":"Application","Provider":"Microsoft-Windows-Security-SPP","EventId":1004,"EventRecordId":"2176","ProcessId":0,"ThreadId":0,"Level":"Info","Keywords":"0x80000000000000","SourceFile":"D:\\benign_log_combined_latest_used_actually\\new_benign\\application_4100.evtx","ExtraDataOffset":0,"HiddenRecord":false,"TimeCreated":"2024-10-13T17:18:45.3203433+00:00","RecordNumber":1205}
{"ChunkNumber":15,"Computer":"Server002","Payload":"{\"EventData\":{\"Data\":\"Windows(R) Publishing License (Public), 2aae901a-5a3d-4202-9b5d-5927e9e7f506\",\"Binary\":\"\"}}","Channel":"Application","Provider":"Microsoft-Windows-Security-SPP","EventId":1004,"EventRecordId":"2177","ProcessId":0,"ThreadId":0,"Level":"Info","Keywords":"0x80000000000000","SourceFile":"D:\\benign_log_combined_latest_used_actually\\new_benign\\application_4100.evtx","ExtraDataOffset":0,"HiddenRecord":false,"TimeCreated":"2024-10-13T17:18:45.3286778+00:00","RecordNumber":1206}
{"ChunkNumber":15,"Computer":"Server002","Payload":"{\"EventData\":{\"Data\":\"Windows(R) Publishing License (Private), cf493dfc-e8c9-4122-bb18-52cd672de110\",\"Binary\":\"\"}}","Channel":"Application","Provider":"Microsoft-Windows-Security-SPP","EventId":1004,"EventRecordId":"2178","ProcessId":0,"ThreadId":0,"Level":"Info","Keywords":"0x80000000000000","SourceFile":"D:\\benign_log_combined_latest_used_actually\\new_benign\\application_4100.evtx","ExtraDataOffset":0,"HiddenRecord":false,"TimeCreated":"2024-10-13T17:18:45.3375570+00:00","RecordNumber":1207}
{"ChunkNumber":15,"Computer":"Server002","Payload":"{\"EventData\":{\"Data\":\"Windows(R) UL oob License (Public), 93f44d34-d25d-4abc-a6fc-2c4ea6671dcd\",\"Binary\":\"\"}}","Channel":"Application","Provider":"Microsoft-Windows-Security-SPP","EventId":1004,"EventRecordId":"2179","ProcessId":0,"ThreadId":0,"Level":"Info","Keywords":"0x80000000000000","SourceFile":"D:\\benign_log_combined_latest_used_actually\\new_benign\\application_4100.evtx","ExtraDataOffset":0,"HiddenRecord":false,"TimeCreated":"2024-10-13T17:18:45.3562160+00:00","RecordNumber":1208}
{"ChunkNumber":15,"Computer":"Server002","Payload":"{\"EventData\":{\"Data\":\"Windows(R) UL oob License (Private), 9379c063-40dd-4d2e-bb17-f3136f2c5ab8\",\"Binary\":\"\"}}","Channel":"Application","Provider":"Microsoft-Windows-Security-SPP","EventId":1004,"EventRecordId":"2180","ProcessId":0,"ThreadId":0,"Level":"Info","Keywords":"0x80000000000000","SourceFile":"D:\\benign_log_combined_latest_used_actually\\new_benign\\application_4100.evtx","ExtraDataOffset":0,"HiddenRecord":false,"TimeCreated":"2024-10-13T17:18:45.3562160+00:00","RecordNumber":1209}
{"ChunkNumber":15,"Computer":"Server002","Payload":"{\"EventData\":{\"Data\":\"Windows(R) UL phone License (Public), 558f7750-0d1f-42c8-baf2-2023c5dc8521\",\"Binary\":\"\"}}","Channel":"Application","Provider":"Microsoft-Windows-Security-SPP","EventId":1004,"EventRecordId":"2181","ProcessId":0,"ThreadId":0,"Level":"Info","Keywords":"0x80000000000000","SourceFile":"D:\\benign_log_combined_latest_used_actually\\new_benign\\application_4100.evtx","ExtraDataOffset":0,"HiddenRecord":false,"TimeCreated":"2024-10-13T17:18:45.3695446+00:00","RecordNumber":1210}
{"ChunkNumber":15,"Computer":"Server002","Payload":"{\"EventData\":{\"Data\":\"Windows(R) UL phone License (Private), 0d7e3464-0e6d-43f5-9d10-e8b42256a8c0\",\"Binary\":\"\"}}","Channel":"Application","Provider":"Microsoft-Windows-Security-SPP","EventId":1004,"EventRecordId":"2182","ProcessId":0,"ThreadId":0,"Level":"Info","Keywords":"0x80000000000000","SourceFile":"D:\\benign_log_combined_latest_used_actually\\new_benign\\application_4100.evtx","ExtraDataOffset":0,"HiddenRecord":false,"TimeCreated":"2024-10-13T17:18:45.3695446+00:00","RecordNumber":1211}
{"ChunkNumber":15,"Computer":"Server002","Payload":"{\"EventData\":{\"Data\":\"Windows(R) UL store License (Public), 7279eb63-70c5-4f90-ba09-36273b3097df\",\"Binary\":\"\"}}","Channel":"Application","Provider":"Microsoft-Windows-Security-SPP","EventId":1004,"EventRecordId":"2183","ProcessId":0,"ThreadId":0,"Level":"Info","Keywords":"0x80000000000000","SourceFile":"D:\\benign_log_combined_latest_used_actually\\new_benign\\application_4100.evtx","ExtraDataOffset":0,"HiddenRecord":false,"TimeCreated":"2024-10-13T17:18:45.3772656+00:00","RecordNumber":1212}
{"ChunkNumber":15,"Computer":"Server002","Payload":"{\"EventData\":{\"Data\":\"Windows(R) UL store License (Private), 01c84529-0ffd-47fc-b9f5-8a11d8dbc054\",\"Binary\":\"\"}}","Channel":"Application","Provider":"Microsoft-Windows-Security-SPP","EventId":1004,"EventRecordId":"2184","ProcessId":0,"ThreadId":0,"Level":"Info","Keywords":"0x80000000000000","SourceFile":"D:\\benign_log_combined_latest_used_actually\\new_benign\\application_4100.evtx","ExtraDataOffset":0,"HiddenRecord":false,"TimeCreated":"2024-10-13T17:18:45.3772656+00:00","RecordNumber":1213}
{"ChunkNumber":15,"Computer":"Server002","Payload":"{\"EventData\":{\"Data\":\"DefaultPpd-Client-IoT-ESU-Year4 Component PPD License, 21d49772-3d2f-8ad9-6df1-0c89d9666db4\",\"Binary\":\"\"}}","Channel":"Application","Provider":"Microsoft-Windows-Security-SPP","EventId":1004,"EventRecordId":"2185","ProcessId":0,"ThreadId":0,"Level":"Info","Keywords":"0x80000000000000","SourceFile":"D:\\benign_log_combined_latest_used_actually\\new_benign\\application_4100.evtx","ExtraDataOffset":0,"HiddenRecord":false,"TimeCreated":"2024-10-13T17:18:45.3919174+00:00","RecordNumber":1214}
{"ChunkNumber":15,"Computer":"Server002","Payload":"{\"EventData\":{\"Data\":\"Windows(R) Client-IoT-ESU-Year5 Product PPD License, ded931c0-3cf3-3e2e-484b-b03208ea4802\",\"Binary\":\"\"}}","Channel":"Application","Provider":"Microsoft-Windows-Security-SPP","EventId":1004,"EventRecordId":"2186","ProcessId":0,"ThreadId":0,"Level":"Info","Keywords":"0x80000000000000","SourceFile":"D:\\benign_log_combined_latest_used_actually\\new_benign\\application_4100.evtx","ExtraDataOffset":0,"HiddenRecord":false,"TimeCreated":"2024-10-13T17:18:45.4082626+00:00","RecordNumber":1215}
{"ChunkNumber":15,"Computer":"Server002","Payload":"{\"EventData\":{\"Data\":\"Windows(R) UL oob License (Public), e4db725a-1eeb-44a0-9e55-57311c18a96c\",\"Binary\":\"\"}}","Channel":"Application","Provider":"Microsoft-Windows-Security-SPP","EventId":1004,"EventRecordId":"2187","ProcessId":0,"ThreadId":0,"Level":"Info","Keywords":"0x80000000000000","SourceFile":"D:\\benign_log_combined_latest_used_actually\\new_benign\\application_4100.evtx","ExtraDataOffset":0,"HiddenRecord":false,"TimeCreated":"2024-10-13T17:18:45.4131496+00:00","RecordNumber":1216}
{"ChunkNumber":15,"Computer":"Server002","Payload":"{\"EventData\":{\"Data\":\"Windows(R) UL oob License (Private), 01e8cd5a-5c0f-4c2b-b20b-a6c36451a00d\",\"Binary\":\"\"}}","Channel":"Application","Provider":"Microsoft-Windows-Security-SPP","EventId":1004,"EventRecordId":"2188","ProcessId":0,"ThreadId":0,"Level":"Info","Keywords":"0x80000000000000","SourceFile":"D:\\benign_log_combined_latest_used_actually\\new_benign\\application_4100.evtx","ExtraDataOffset":0,"HiddenRecord":false,"TimeCreated":"2024-10-13T17:18:45.4131496+00:00","RecordNumber":1217}
{"ChunkNumber":15,"Computer":"Server002","Payload":"{\"EventData\":{\"Data\":\"Windows(R) UL volume License (Public), 310a9b26-611b-4267-8297-555be94a40ea\",\"Binary\":\"\"}}","Channel":"Application","Provider":"Microsoft-Windows-Security-SPP","EventId":1004,"EventRecordId":"2189","ProcessId":0,"ThreadId":0,"Level":"Info","Keywords":"0x80000000000000","SourceFile":"D:\\benign_log_combined_latest_used_actually\\new_benign\\application_4100.evtx","ExtraDataOffset":0,"HiddenRecord":false,"TimeCreated":"2024-10-13T17:18:45.4318161+00:00","RecordNumber":1218}
{"ChunkNumber":15,"Computer":"Server002","Payload":"{\"EventData\":{\"Data\":\"Windows(R) UL volume License (Private), 5481ca50-ea75-4e06-839a-edcc2e310cc4\",\"Binary\":\"\"}}","Channel":"Application","Provider":"Microsoft-Windows-Security-SPP","EventId":1004,"EventRecordId":"2190","ProcessId":0,"ThreadId":0,"Level":"Info","Keywords":"0x80000000000000","SourceFile":"D:\\benign_log_combined_latest_used_actually\\new_benign\\application_4100.evtx","ExtraDataOffset":0,"HiddenRecord":false,"TimeCreated":"2024-10-13T17:18:45.4318161+00:00","RecordNumber":1219}
{"ChunkNumber":15,"Computer":"Server002","Payload":"{\"EventData\":{\"Data\":\"Windows(R) Publishing License (Public), 3f446477-2daf-4948-9e2b-4d14a90f176a\",\"Binary\":\"\"}}","Channel":"Application","Provider":"Microsoft-Windows-Security-SPP","EventId":1004,"EventRecordId":"2191","ProcessId":0,"ThreadId":0,"Level":"Info","Keywords":"0x80000000000000","SourceFile":"D:\\benign_log_combined_latest_used_actually\\new_benign\\application_4100.evtx","ExtraDataOffset":0,"HiddenRecord":false,"TimeCreated":"2024-10-13T17:18:45.4442612+00:00","RecordNumber":1220}
{"ChunkNumber":15,"Computer":"Server002","Payload":"{\"EventData\":{\"Data\":\"Windows(R) Publishing License (Private), 14fc11c7-8d25-4f53-a2b6-4b09ffda8566\",\"Binary\":\"\"}}","Channel":"Application","Provider":"Microsoft-Windows-Security-SPP","EventId":1004,"EventRecordId":"2192","ProcessId":0,"ThreadId":0,"Level":"Info","Keywords":"0x80000000000000","SourceFile":"D:\\benign_log_combined_latest_used_actually\\new_benign\\application_4100.evtx","ExtraDataOffset":0,"HiddenRecord":false,"TimeCreated":"2024-10-13T17:18:45.4442612+00:00","RecordNumber":1221}
{"ChunkNumber":15,"Computer":"Server002","Payload":"{\"EventData\":{\"Data\":\"Windows(R) UL oob License (Public), 1ec38122-5ab4-4940-8959-e690780db258\",\"Binary\":\"\"}}","Channel":"Application","Provider":"Microsoft-Windows-Security-SPP","EventId":1004,"EventRecordId":"2193","ProcessId":0,"ThreadId":0,"Level":"Info","Keywords":"0x80000000000000","SourceFile":"D:\\benign_log_combined_latest_used_actually\\new_benign\\application_4100.evtx","ExtraDataOffset":0,"HiddenRecord":false,"TimeCreated":"2024-10-13T17:18:45.4542187+00:00","RecordNumber":1222}
{"ChunkNumber":15,"Computer":"Server002","Payload":"{\"EventData\":{\"Data\":\"Windows(R) UL oob License (Private), b3502c01-0ee7-4628-9d7e-7cea5a5c0b66\",\"Binary\":\"\"}}","Channel":"Application","Provider":"Microsoft-Windows-Security-SPP","EventId":1004,"EventRecordId":"2194","ProcessId":0,"ThreadId":0,"Level":"Info","Keywords":"0x80000000000000","SourceFile":"D:\\benign_log_combined_latest_used_actually\\new_benign\\application_4100.evtx","ExtraDataOffset":0,"HiddenRecord":false,"TimeCreated":"2024-10-13T17:18:45.4636060+00:00","RecordNumber":1223}
{"ChunkNumber":15,"Computer":"Server002","Payload":"{\"EventData\":{\"Data\":\"Windows(R) UL phone License (Public), 7f0190ec-c657-4324-b81e-d50bf335ed94\",\"Binary\":\"\"}}","Channel":"Application","Provider":"Microsoft-Windows-Security-SPP","EventId":1004,"EventRecordId":"2195","ProcessId":0,"ThreadId":0,"Level":"Info","Keywords":"0x80000000000000","SourceFile":"D:\\benign_log_combined_latest_used_actually\\new_benign\\application_4100.evtx","ExtraDataOffset":0,"HiddenRecord":false,"TimeCreated":"2024-10-13T17:18:45.4699252+00:00","RecordNumber":1224}
{"ChunkNumber":15,"Computer":"Server002","Payload":"{\"EventData\":{\"Data\":\"Windows(R) UL phone License (Private), f6a0036c-7ba6-4ca4-afcd-a0eece1506da\",\"Binary\":\"\"}}","Channel":"Application","Provider":"Microsoft-Windows-Security-SPP","EventId":1004,"EventRecordId":"2196","ProcessId":0,"ThreadId":0,"Level":"Info","Keywords":"0x80000000000000","SourceFile":"D:\\benign_log_combined_latest_used_actually\\new_benign\\application_4100.evtx","ExtraDataOffset":0,"HiddenRecord":false,"TimeCreated":"2024-10-13T17:18:45.4699252+00:00","RecordNumber":1225}
{"ChunkNumber":15,"Computer":"Server002","Payload":"{\"EventData\":{\"Data\":\"Windows(R) UL store License (Public), deaeb51d-d003-475a-8ece-b8eaab8b3347\",\"Binary\":\"\"}}","Channel":"Application","Provider":"Microsoft-Windows-Security-SPP","EventId":1004,"EventRecordId":"2197","ProcessId":0,"ThreadId":0,"Level":"Info","Keywords":"0x80000000000000","SourceFile":"D:\\benign_log_combined_latest_used_actually\\new_benign\\application_4100.evtx","ExtraDataOffset":0,"HiddenRecord":false,"TimeCreated":"2024-10-13T17:18:45.4699252+00:00","RecordNumber":1226}
{"ChunkNumber":15,"Computer":"Server002","Payload":"{\"EventData\":{\"Data\":\"Windows(R) UL store License (Private), e271fc89-c971-4ac7-84d6-fd7399e1e814\",\"Binary\":\"\"}}","Channel":"Application","Provider":"Microsoft-Windows-Security-SPP","EventId":1004,"EventRecordId":"2198","ProcessId":0,"ThreadId":0,"Level":"Info","Keywords":"0x80000000000000","SourceFile":"D:\\benign_log_combined_latest_used_actually\\new_benign\\application_4100.evtx","ExtraDataOffset":0,"HiddenRecord":false,"TimeCreated":"2024-10-13T17:18:45.4699252+00:00","RecordNumber":1227}
{"ChunkNumber":15,"Computer":"Server002","Payload":"{\"EventData\":{\"Data\":\"DefaultPpd-Client-IoT-ESU-Year5 Component PPD License, d899ebcc-982a-2d39-7e3f-cd704c9a9b41\",\"Binary\":\"\"}}","Channel":"Application","Provider":"Microsoft-Windows-Security-SPP","EventId":1004,"EventRecordId":"2199","ProcessId":0,"ThreadId":0,"Level":"Info","Keywords":"0x80000000000000","SourceFile":"D:\\benign_log_combined_latest_used_actually\\new_benign\\application_4100.evtx","ExtraDataOffset":0,"HiddenRecord":false,"TimeCreated":"2024-10-13T17:18:45.5263057+00:00","RecordNumber":1228}
{"ChunkNumber":15,"Computer":"Server002","Payload":"{\"EventData\":{\"Data\":\"Windows(R) Client-IoT-ESU-Year6 Product PPD License, 7dd86420-233e-dee2-a00f-4e6d2e7a87a1\",\"Binary\":\"\"}}","Channel":"Application","Provider":"Microsoft-Windows-Security-SPP","EventId":1004,"EventRecordId":"2200","ProcessId":0,"ThreadId":0,"Level":"Info","Keywords":"0x80000000000000","SourceFile":"D:\\benign_log_combined_latest_used_actually\\new_benign\\application_4100.evtx","ExtraDataOffset":0,"HiddenRecord":false,"TimeCreated":"2024-10-13T17:18:45.5263057+00:00","RecordNumber":1229}
{"ChunkNumber":15,"Computer":"Server002","Payload":"{\"EventData\":{\"Data\":\"Windows(R) UL oob License (Public), 41cb9c1e-5e3a-4467-82b0-c80e9eb5fc39\",\"Binary\":\"\"}}","Channel":"Application","Provider":"Microsoft-Windows-Security-SPP","EventId":1004,"EventRecordId":"2201","ProcessId":0,"ThreadId":0,"Level":"Info","Keywords":"0x80000000000000","SourceFile":"D:\\benign_log_combined_latest_used_actually\\new_benign\\application_4100.evtx","ExtraDataOffset":0,"HiddenRecord":false,"TimeCreated":"2024-10-13T17:18:45.5455541+00:00","RecordNumber":1230}
{"ChunkNumber":15,"Computer":"Server002","Payload":"{\"EventData\":{\"Data\":\"Windows(R) UL oob License (Private), 8be2abab-de70-4fe9-9e68-dbfba97fe636\",\"Binary\":\"\"}}","Channel":"Application","Provider":"Microsoft-Windows-Security-SPP","EventId":1004,"EventRecordId":"2202","ProcessId":0,"ThreadId":0,"Level":"Info","Keywords":"0x80000000000000","SourceFile":"D:\\benign_log_combined_latest_used_actually\\new_benign\\application_4100.evtx","ExtraDataOffset":0,"HiddenRecord":false,"TimeCreated":"2024-10-13T17:18:45.5455541+00:00","RecordNumber":1231}
{"ChunkNumber":15,"Computer":"Server002","Payload":"{\"EventData\":{\"Data\":\"Windows(R) UL volume License (Public), bc0c6a4b-1759-404f-9656-5eb1791c926f\",\"Binary\":\"\"}}","Channel":"Application","Provider":"Microsoft-Windows-Security-SPP","EventId":1004,"EventRecordId":"2203","ProcessId":0,"ThreadId":0,"Level":"Info","Keywords":"0x80000000000000","SourceFile":"D:\\benign_log_combined_latest_used_actually\\new_benign\\application_4100.evtx","ExtraDataOffset":0,"HiddenRecord":false,"TimeCreated":"2024-10-13T17:18:45.5643944+00:00","RecordNumber":1232}
{"ChunkNumber":15,"Computer":"Server002","Payload":"{\"EventData\":{\"Data\":\"Windows(R) UL volume License (Private), 548e12ec-0799-48d6-a379-bf788e3cdd9d\",\"Binary\":\"\"}}","Channel":"Application","Provider":"Microsoft-Windows-Security-SPP","EventId":1004,"EventRecordId":"2204","ProcessId":0,"ThreadId":0,"Level":"Info","Keywords":"0x80000000000000","SourceFile":"D:\\benign_log_combined_latest_used_actually\\new_benign\\application_4100.evtx","ExtraDataOffset":0,"HiddenRecord":false,"TimeCreated":"2024-10-13T17:18:45.5643944+00:00","RecordNumber":1233}
{"ChunkNumber":15,"Computer":"Server002","Payload":"{\"EventData\":{\"Data\":\"Windows(R) Publishing License (Public), 20fb803c-fc63-4d9e-9a78-e2bfbf8e4d2a\",\"Binary\":\"\"}}","Channel":"Application","Provider":"Microsoft-Windows-Security-SPP","EventId":1004,"EventRecordId":"2205","ProcessId":0,"ThreadId":0,"Level":"Info","Keywords":"0x80000000000000","SourceFile":"D:\\benign_log_combined_latest_used_actually\\new_benign\\application_4100.evtx","ExtraDataOffset":0,"HiddenRecord":false,"TimeCreated":"2024-10-13T17:18:45.5643944+00:00","RecordNumber":1234}
{"ChunkNumber":15,"Computer":"Server002","Payload":"{\"EventData\":{\"Data\":\"Windows(R) Publishing License (Private), c0301f05-dfad-438d-9af4-c7aa7c675a12\",\"Binary\":\"\"}}","Channel":"Application","Provider":"Microsoft-Windows-Security-SPP","EventId":1004,"EventRecordId":"2206","ProcessId":0,"ThreadId":0,"Level":"Info","Keywords":"0x80000000000000","SourceFile":"D:\\benign_log_combined_latest_used_actually\\new_benign\\application_4100.evtx","ExtraDataOffset":0,"HiddenRecord":false,"TimeCreated":"2024-10-13T17:18:45.5643944+00:00","RecordNumber":1235}
{"ChunkNumber":15,"Computer":"Server002","Payload":"{\"EventData\":{\"Data\":\"Windows(R) UL oob License (Public), 691c226d-ada1-4d2f-83fa-95d6fa029974\",\"Binary\":\"\"}}","Channel":"Application","Provider":"Microsoft-Windows-Security-SPP","EventId":1004,"EventRecordId":"2207","ProcessId":0,"ThreadId":0,"Level":"Info","Keywords":"0x80000000000000","SourceFile":"D:\\benign_log_combined_latest_used_actually\\new_benign\\application_4100.evtx","ExtraDataOffset":0,"HiddenRecord":false,"TimeCreated":"2024-10-13T17:18:45.5916791+00:00","RecordNumber":1236}
{"ChunkNumber":15,"Computer":"Server002","Payload":"{\"EventData\":{\"Data\":\"Windows(R) UL oob License (Private), 227142d1-cd6a-4b3f-a949-85a341a6379f\",\"Binary\":\"\"}}","Channel":"Application","Provider":"Microsoft-Windows-Security-SPP","EventId":1004,"EventRecordId":"2208","ProcessId":0,"ThreadId":0,"Level":"Info","Keywords":"0x80000000000000","SourceFile":"D:\\benign_log_combined_latest_used_actually\\new_benign\\application_4100.evtx","ExtraDataOffset":0,"HiddenRecord":false,"TimeCreated":"2024-10-13T17:18:45.5916791+00:00","RecordNumber":1237}
{"ChunkNumber":15,"Computer":"Server002","Payload":"{\"EventData\":{\"Data\":\"Windows(R) UL phone License (Public), 3f2ff0f2-7c9c-484b-8726-2404428b8984\",\"Binary\":\"\"}}","Channel":"Application","Provider":"Microsoft-Windows-Security-SPP","EventId":1004,"EventRecordId":"2209","ProcessId":0,"ThreadId":0,"Level":"Info","Keywords":"0x80000000000000","SourceFile":"D:\\benign_log_combined_latest_used_actually\\new_benign\\application_4100.evtx","ExtraDataOffset":0,"HiddenRecord":false,"TimeCreated":"2024-10-13T17:18:45.6022282+00:00","RecordNumber":1238}
{"ChunkNumber":15,"Computer":"Server002","Payload":"{\"EventData\":{\"Data\":\"Windows(R) UL phone License (Private), 1c3c9fa0-348b-41e5-aa1d-e16d6203cd54\",\"Binary\":\"\"}}","Channel":"Application","Provider":"Microsoft-Windows-Security-SPP","EventId":1004,"EventRecordId":"2210","ProcessId":0,"ThreadId":0,"Level":"Info","Keywords":"0x80000000000000","SourceFile":"D:\\benign_log_combined_latest_used_actually\\new_benign\\application_4100.evtx","ExtraDataOffset":0,"HiddenRecord":false,"TimeCreated":"2024-10-13T17:18:45.6022282+00:00","RecordNumber":1239}
{"ChunkNumber":15,"Computer":"Server002","Payload":"{\"EventData\":{\"Data\":\"Windows(R) UL store License (Public), cead0a79-a9bd-4b76-a680-6dd74f7d225b\",\"Binary\":\"\"}}","Channel":"Application","Provider":"Microsoft-Windows-Security-SPP","EventId":1004,"EventRecordId":"2211","ProcessId":0,"ThreadId":0,"Level":"Info","Keywords":"0x80000000000000","SourceFile":"D:\\benign_log_combined_latest_used_actually\\new_benign\\application_4100.evtx","ExtraDataOffset":0,"HiddenRecord":false,"TimeCreated":"2024-10-13T17:18:45.6022282+00:00","RecordNumber":1240}
{"ChunkNumber":15,"Computer":"Server002","Payload":"{\"EventData\":{\"Data\":\"Windows(R) UL store License (Private), 6296f4e0-2593-4a9c-a528-24c472832f28\",\"Binary\":\"\"}}","Channel":"Application","Provider":"Microsoft-Windows-Security-SPP","EventId":1004,"EventRecordId":"2212","ProcessId":0,"ThreadId":0,"Level":"Info","Keywords":"0x80000000000000","SourceFile":"D:\\benign_log_combined_latest_used_actually\\new_benign\\application_4100.evtx","ExtraDataOffset":0,"HiddenRecord":false,"TimeCreated":"2024-10-13T17:18:45.6022282+00:00","RecordNumber":1241}
{"ChunkNumber":15,"Computer":"Server002","Payload":"{\"EventData\":{\"Data\":\"DefaultPpd-Client-IoT-ESU-Year6 Component PPD License, 5a41db6f-c06f-a99f-9859-f8c0f9ab1885\",\"Binary\":\"\"}}","Channel":"Application","Provider":"Microsoft-Windows-Security-SPP","EventId":1004,"EventRecordId":"2213","ProcessId":0,"ThreadId":0,"Level":"Info","Keywords":"0x80000000000000","SourceFile":"D:\\benign_log_combined_latest_used_actually\\new_benign\\application_4100.evtx","ExtraDataOffset":0,"HiddenRecord":false,"TimeCreated":"2024-10-13T17:18:45.6022282+00:00","RecordNumber":1242}
{"ChunkNumber":15,"Computer":"Server002","Payload":"{\"EventData\":{\"Data\":\"XrML 2.1 License - Product Key Configuration, 06a4dd30-84b7-4fd2-b859-f1eddb0858f5\",\"Binary\":\"\"}}","Channel":"Application","Provider":"Microsoft-Windows-Security-SPP","EventId":1004,"EventRecordId":"2214","ProcessId":0,"ThreadId":0,"Level":"Info","Keywords":"0x80000000000000","SourceFile":"D:\\benign_log_combined_latest_used_actually\\new_benign\\application_4100.evtx","ExtraDataOffset":0,"HiddenRecord":false,"TimeCreated":"2024-10-13T17:18:45.6399733+00:00","RecordNumber":1243}
{"ChunkNumber":15,"Computer":"Server002","Payload":"{\"EventData\":{\"Data\":\"Windows(R) Core Product PPD License, 37197958-20c3-a29f-c2b0-73ae8033eb81\",\"Binary\":\"\"}}","Channel":"Application","Provider":"Microsoft-Windows-Security-SPP","EventId":1004,"EventRecordId":"2215","ProcessId":0,"ThreadId":0,"Level":"Info","Keywords":"0x80000000000000","SourceFile":"D:\\benign_log_combined_latest_used_actually\\new_benign\\application_4100.evtx","ExtraDataOffset":0,"HiddenRecord":false,"TimeCreated":"2024-10-13T17:18:45.7178890+00:00","RecordNumber":1244}
{"ChunkNumber":15,"Computer":"Server002","Payload":"{\"EventData\":{\"Data\":\"DefaultPpd-Core Component PPD License, 120a0dee-2c87-fcdd-1444-4bef37891693\",\"Binary\":\"\"}}","Channel":"Application","Provider":"Microsoft-Windows-Security-SPP","EventId":1004,"EventRecordId":"2216","ProcessId":0,"ThreadId":0,"Level":"Info","Keywords":"0x80000000000000","SourceFile":"D:\\benign_log_combined_latest_used_actually\\new_benign\\application_4100.evtx","ExtraDataOffset":0,"HiddenRecord":false,"TimeCreated":"2024-10-13T17:18:45.7178890+00:00","RecordNumber":1245}
{"ChunkNumber":15,"Computer":"Server002","Payload":"{\"EventData\":{\"Data\":\"Windows(R) CoreSingleLanguage Product PPD License, f2fd4a9b-1342-5ed3-f186-1f6a759710d9\",\"Binary\":\"\"}}","Channel":"Application","Provider":"Microsoft-Windows-Security-SPP","EventId":1004,"EventRecordId":"2217","ProcessId":0,"ThreadId":0,"Level":"Info","Keywords":"0x80000000000000","SourceFile":"D:\\benign_log_combined_latest_used_actually\\new_benign\\application_4100.evtx","ExtraDataOffset":0,"HiddenRecord":false,"TimeCreated":"2024-10-13T17:18:45.7178890+00:00","RecordNumber":1246}
{"ChunkNumber":15,"Computer":"Server002","Payload":"{\"EventData\":{\"Data\":\"DefaultPpd-CoreSingleLanguage Component PPD License, a3b9e8d6-5895-a2b3-120c-31ebb3c42d8e\",\"Binary\":\"\"}}","Channel":"Application","Provider":"Microsoft-Windows-Security-SPP","EventId":1004,"EventRecordId":"2218","ProcessId":0,"ThreadId":0,"Level":"Info","Keywords":"0x80000000000000","SourceFile":"D:\\benign_log_combined_latest_used_actually\\new_benign\\application_4100.evtx","ExtraDataOffset":0,"HiddenRecord":false,"TimeCreated":"2024-10-13T17:18:45.7641909+00:00","RecordNumber":1247}
{"ChunkNumber":15,"Computer":"Server002","Payload":"{\"EventData\":{\"Data\":\"AAD-BlockAADWorkplaceJoin-Default, 100\",\"Binary\":\"\"}}","Channel":"Application","Provider":"Microsoft-Windows-Security-SPP","EventId":1034,"EventRecordId":"2219","ProcessId":0,"ThreadId":0,"Level":"Info","Keywords":"0x80000000000000","SourceFile":"D:\\benign_log_combined_latest_used_actually\\new_benign\\application_4100.evtx","ExtraDataOffset":0,"HiddenRecord":false,"TimeCreated":"2024-10-13T17:18:46.3219514+00:00","RecordNumber":1248}
{"ChunkNumber":15,"Computer":"Server002","Payload":"{\"EventData\":{\"Data\":\"AAD-BlockAADWorkplaceJoin-Default, 100\",\"Binary\":\"\"}}","Channel":"Application","Provider":"Microsoft-Windows-Security-SPP","EventId":1034,"EventRecordId":"2220","ProcessId":0,"ThreadId":0,"Level":"Info","Keywords":"0x80000000000000","SourceFile":"D:\\benign_log_combined_latest_used_actually\\new_benign\\application_4100.evtx","ExtraDataOffset":0,"HiddenRecord":false,"TimeCreated":"2024-10-13T17:18:46.3219514+00:00","RecordNumber":1249}
{"ChunkNumber":15,"Computer":"Server002","Payload":"{\"EventData\":{\"Data\":\"AAD-BlockAADWorkplaceJoin-Default, 100\",\"Binary\":\"\"}}","Channel":"Application","Provider":"Microsoft-Windows-Security-SPP","EventId":1034,"EventRecordId":"2221","ProcessId":0,"ThreadId":0,"Level":"Info","Keywords":"0x80000000000000","SourceFile":"D:\\benign_log_combined_latest_used_actually\\new_benign\\application_4100.evtx","ExtraDataOffset":0,"HiddenRecord":false,"TimeCreated":"2024-10-13T17:18:46.4573745+00:00","RecordNumber":1250}
{"ChunkNumber":15,"Computer":"Server002","Payload":"{\"EventData\":{\"Data\":\"AAD-BlockAADWorkplaceJoin-Default, 100\",\"Binary\":\"\"}}","Channel":"Application","Provider":"Microsoft-Windows-Security-SPP","EventId":1034,"EventRecordId":"2222","ProcessId":0,"ThreadId":0,"Level":"Info","Keywords":"0x80000000000000","SourceFile":"D:\\benign_log_combined_latest_used_actually\\new_benign\\application_4100.evtx","ExtraDataOffset":0,"HiddenRecord":false,"TimeCreated":"2024-10-13T17:18:46.4573745+00:00","RecordNumber":1251}
{"ChunkNumber":15,"Computer":"Server002","Payload":"{\"EventData\":{\"Data\":\"AAD-BlockAADWorkplaceJoin-Default, 100\",\"Binary\":\"\"}}","Channel":"Application","Provider":"Microsoft-Windows-Security-SPP","EventId":1034,"EventRecordId":"2223","ProcessId":0,"ThreadId":0,"Level":"Info","Keywords":"0x80000000000000","SourceFile":"D:\\benign_log_combined_latest_used_actually\\new_benign\\application_4100.evtx","ExtraDataOffset":0,"HiddenRecord":false,"TimeCreated":"2024-10-13T17:18:46.5474222+00:00","RecordNumber":1252}
{"ChunkNumber":15,"Computer":"Server002","Payload":"{\"EventData\":{\"Data\":\"AAD-BlockAADWorkplaceJoin-Default, 100\",\"Binary\":\"\"}}","Channel":"Application","Provider":"Microsoft-Windows-Security-SPP","EventId":1034,"EventRecordId":"2224","ProcessId":0,"ThreadId":0,"Level":"Info","Keywords":"0x80000000000000","SourceFile":"D:\\benign_log_combined_latest_used_actually\\new_benign\\application_4100.evtx","ExtraDataOffset":0,"HiddenRecord":false,"TimeCreated":"2024-10-13T17:18:46.5474222+00:00","RecordNumber":1253}
{"ChunkNumber":15,"Computer":"Server002","Payload":"{\"EventData\":{\"Data\":\"AAD-BlockAADWorkplaceJoin-Default, 100\",\"Binary\":\"\"}}","Channel":"Application","Provider":"Microsoft-Windows-Security-SPP","EventId":1034,"EventRecordId":"2225","ProcessId":0,"ThreadId":0,"Level":"Info","Keywords":"0x80000000000000","SourceFile":"D:\\benign_log_combined_latest_used_actually\\new_benign\\application_4100.evtx","ExtraDataOffset":0,"HiddenRecord":false,"TimeCreated":"2024-10-13T17:18:46.5474222+00:00","RecordNumber":1254}
{"ChunkNumber":15,"Computer":"Server002","Payload":"{\"EventData\":{\"Data\":\"AAD-BlockAADWorkplaceJoin-Default, 100\",\"Binary\":\"\"}}","Channel":"Application","Provider":"Microsoft-Windows-Security-SPP","EventId":1034,"EventRecordId":"2226","ProcessId":0,"ThreadId":0,"Level":"Info","Keywords":"0x80000000000000","SourceFile":"D:\\benign_log_combined_latest_used_actually\\new_benign\\application_4100.evtx","ExtraDataOffset":0,"HiddenRecord":false,"TimeCreated":"2024-10-13T17:18:46.5474222+00:00","RecordNumber":1255}
{"ChunkNumber":15,"Computer":"Server002","Payload":"{\"EventData\":{\"Data\":\"AAD-BlockAADWorkplaceJoin-Default, 100\",\"Binary\":\"\"}}","Channel":"Application","Provider":"Microsoft-Windows-Security-SPP","EventId":1034,"EventRecordId":"2227","ProcessId":0,"ThreadId":0,"Level":"Info","Keywords":"0x80000000000000","SourceFile":"D:\\benign_log_combined_latest_used_actually\\new_benign\\application_4100.evtx","ExtraDataOffset":0,"HiddenRecord":false,"TimeCreated":"2024-10-13T17:18:46.5474222+00:00","RecordNumber":1256}
{"ChunkNumber":15,"Computer":"Server002","Payload":"{\"EventData\":{\"Data\":\"AAD-BlockAADWorkplaceJoin-Default, 100\",\"Binary\":\"\"}}","Channel":"Application","Provider":"Microsoft-Windows-Security-SPP","EventId":1034,"EventRecordId":"2228","ProcessId":0,"ThreadId":0,"Level":"Info","Keywords":"0x80000000000000","SourceFile":"D:\\benign_log_combined_latest_used_actually\\new_benign\\application_4100.evtx","ExtraDataOffset":0,"HiddenRecord":false,"TimeCreated":"2024-10-13T17:18:46.5474222+00:00","RecordNumber":1257}
{"ChunkNumber":15,"Computer":"Server002","Payload":"{\"EventData\":{\"Data\":\"AAD-BlockAADWorkplaceJoin-Default, 100\",\"Binary\":\"\"}}","Channel":"Application","Provider":"Microsoft-Windows-Security-SPP","EventId":1034,"EventRecordId":"2229","ProcessId":0,"ThreadId":0,"Level":"Info","Keywords":"0x80000000000000","SourceFile":"D:\\benign_log_combined_latest_used_actually\\new_benign\\application_4100.evtx","ExtraDataOffset":0,"HiddenRecord":false,"TimeCreated":"2024-10-13T17:18:46.5474222+00:00","RecordNumber":1258}
{"ChunkNumber":15,"Computer":"Server002","Payload":"{\"EventData\":{\"Data\":\"AAD-BlockAADWorkplaceJoin-Default, 100\",\"Binary\":\"\"}}","Channel":"Application","Provider":"Microsoft-Windows-Security-SPP","EventId":1034,"EventRecordId":"2230","ProcessId":0,"ThreadId":0,"Level":"Info","Keywords":"0x80000000000000","SourceFile":"D:\\benign_log_combined_latest_used_actually\\new_benign\\application_4100.evtx","ExtraDataOffset":0,"HiddenRecord":false,"TimeCreated":"2024-10-13T17:18:46.5474222+00:00","RecordNumber":1259}
{"ChunkNumber":15,"Computer":"Server002","Payload":"{\"EventData\":{\"Data\":\"AAD-BlockAADWorkplaceJoin-Default, 100\",\"Binary\":\"\"}}","Channel":"Application","Provider":"Microsoft-Windows-Security-SPP","EventId":1034,"EventRecordId":"2231","ProcessId":0,"ThreadId":0,"Level":"Info","Keywords":"0x80000000000000","SourceFile":"D:\\benign_log_combined_latest_used_actually\\new_benign\\application_4100.evtx","ExtraDataOffset":0,"HiddenRecord":false,"TimeCreated":"2024-10-13T17:18:46.5474222+00:00","RecordNumber":1260}
{"ChunkNumber":15,"Computer":"Server002","Payload":"{\"EventData\":{\"Data\":\"Security-SPP-WriteWauMarker, 500\",\"Binary\":\"\"}}","Channel":"Application","Provider":"Microsoft-Windows-Security-SPP","EventId":1034,"EventRecordId":"2232","ProcessId":0,"ThreadId":0,"Level":"Info","Keywords":"0x80000000000000","SourceFile":"D:\\benign_log_combined_latest_used_actually\\new_benign\\application_4100.evtx","ExtraDataOffset":0,"HiddenRecord":false,"TimeCreated":"2024-10-13T17:18:46.5474222+00:00","RecordNumber":1261}
{"ChunkNumber":16,"Computer":"Server002","Payload":"{\"EventData\":{\"Data\":\"55c92734-d682-4d71-983e-d6ec3f16059f, \\n1: 0567073a-7d74-403b-b2d5-6b35da372d8d, 1, 0 [(0 [0xC004F014, 0, 0], [(?)(?)(?)(?)(?)(?)(?)(?)])(1 )(2 )(3 )]\\n2: 1b750385-9fe2-49a8-ab55-149d0546395b, 1, 0 [(0 [0xC004F014, 0, 0], [(?)(?)(?)(?)(?)(?)(?)(?)])(1 )(2 )(3 )]\\n3: 1d873132-f09f-4eb2-bf5a-2e4fb48935e8, 1, 0 [(0 [0xC004F014, 0, 0], [(?)(?)(?)(?)(?)(?)(?)(?)])(1 )(2 )(3 )]\\n4: 2b1f36bb-c1cd-4306-bf5c-a0367c2d97d8, 1, 0 [(0 )(1 )(2 [0xC004E003, 0, 0], [( 1 0xC004F034)( 1 0xC004F034)(?)(?)(?)(?)(?)(?)])(3 [0x00000000, 0, 0], [( 6 0xC004F009 0 0)( 1 0x00000000)( 6 0xC004F009 0 0)(?)(?)(?)( 10 0x00000000 msft:rm/algorithm/flags/1.0)( 11 0x00000000 0xC004F034)])]\\n5: 30d469c6-a78f-4476-b5c8-af78d5b6a5fb, 1, 0 [(0 [0xC004F014, 0, 0], [(?)(?)(?)(?)(?)(?)(?)(?)])(1 )(2 )(3 )]\\n6: 3ae2cc14-ab2d-41f4-972f-5e20142771dc, 1, 0 [(0 [0xC004F014, 0, 0], [(?)(?)(?)(?)(?)(?)(?)(?)])(1 )(2 )(3 )]\\n7: 4002e33a-524c-4100-8108-131a0d42c0ea, 1, 0 [(0 [0xC004F014, 0, 0], [(?)(?)(?)(?)(?)(?)(?)(?)])(1 )(2 )(3 )]\\n8: 411b3d4f-be6d-4a06-baaa-9cabfc256cae, 1, 0 [(0 [0xC004F014, 0, 0], [(?)(?)(?)(?)(?)(?)(?)(?)])(1 )(2 )(3 )]\\n9: 58e97c99-f377-4ef1-81d5-4ad5522b5fd8, 1, 0 [(0 [0xC004F014, 0, 0], [(?)(?)(?)(?)(?)(?)(?)(?)])(1 )(2 )(3 )]\\n10: 653098ee-780d-4863-8cf2-d18399ce413b, 1, 0 [(0 [0xC004F014, 0, 0], [(?)(?)(?)(?)(?)(?)(?)(?)])(1 )(2 )(3 )]\\n11: 71f411ae-7b4b-41bd-b68c-c519c499f950, 1, 0 [(0 [0xC004F014, 0, 0], [(?)(?)(?)(?)(?)(?)(?)(?)])(1 )(2 )(3 )]\\n12: 74436dbb-cc17-46de-867f-14906ba4a938, 1, 0 [(0 [0xC004F014, 0, 0], [(?)(?)(?)(?)(?)(?)(?)(?)])(1 )(2 )(3 )]\\n13: 8a292df8-d653-4057-8133-a0701792f912, 1, 0 [(0 [0xC004F014, 0, 0], [(?)(?)(?)(?)(?)(?)(?)(?)])(1 )(2 )(3 )]\\n14: 8db63db6-4f8f-46d6-a448-66444faaaa72, 1, 0 [(0 [0xC004F014, 0, 0], [(?)(?)(?)(?)(?)(?)(?)(?)])(1 )(2 )(3 )]\\n15: b0f8a518-2c58-4eb8-9319-084f0eb4ddc4, 1, 0 [(0 [0xC004F014, 0, 0], [(?)(?)(?)(?)(?)(?)(?)(?)])(1 )(2 )(3 )]\\n16: cd918a57-a41b-4c82-8dce-1a538e221a83, 1, 0 [(0 [0xC004F014, 0, 0], [(?)(?)(?)(?)(?)(?)(?)(?)])(1 )(2 )(3 )]\\n17: da9621af-f086-4244-b563-18611e51aa1a, 1, 0 [(0 [0xC004F014, 0, 0], [(?)(?)(?)(?)(?)(?)(?)(?)])(1 )(2 )(3 )]\\n18: e371d89a-73e8-4b24-a7ff-23a3641dd18e, 1, 0 [(0 [0xC004F014, 0, 0], [(?)(?)(?)(?)(?)(?)(?)(?)])(1 )(2 )(3 )]\\n19: ed799377-74b8-4989-a244-14d082e65972, 1, 0 [(0 [0xC004F014, 0, 0], [(?)(?)(?)(?)(?)(?)(?)(?)])(1 )(2 )(3 )]\\n20: 0427ae42-b454-442d-b69a-d938b6a3bcdc, 0, 0 [0xC004F055]\\n21: 0b533b5e-08b6-44f9-b885-c2de291ba456, 0, 0 [0xC004F055]\\n22: 0c2ce8ac-7989-4e40-b934-068d8d71dd72, 0, 0 [0xC004F055]\\n23: 1043add5-23b1-4afb-9a0f-64343c8f3f8d, 0, 0 [0xC004F055]\\n24: 14240489-7c2d-42ee-a167-4913ca4672da, 0, 0 [0xC004F055]\\n25: 1d9c9529-17be-48f7-bba5-a16ed636cfcb, 0, 0 [0xC004F055]\\n26: 2bd41139-19ec-49e9-8271-db6f9fe0052d, 0, 0 [0xC004F055]\\n27: 4acda200-3f2b-4b73-9839-f3603f99e7cd, 0, 0 [0xC004F055]\\n28: 4dac5a0c-5709-4595-a32c-14a56a4a6b31, 0, 0 [0xC004F055]\\n29: 5f1b1317-625e-4b1c-8d22-4bd93e3ae14e, 0, 0 [0xC004F055]\\n30: 75863c7d-946f-4ff2-a07c-5551dedd1e15, 0, 0 [0xC004F055]\\n31: 7b76ee02-0a75-4f08-85d5-bd0feadad0c0, 0, 0 [0xC004F055]\\n32: 83d49986-add3-41d7-ba33-87c7bfb5c0fb, 0, 0 [0xC004F055]\\n33: 84b9b0fc-b69d-42a6-a21d-9e0ce4125f7e, 0, 0 [0xC004F055]\\n34: 8fe12eb1-a7ab-4410-83fb-9f6dbcb4a574, 0, 0 [0xC004F055]\\n35: 909aa75d-43ee-413c-9030-c62e43287cf8, 0, 0 [0xC004F055]\\n36: a6da5617-cb89-4acb-beb5-ccdbb871c922, 0, 0 [0xC004F055]\\n37: a9fa3c71-7f63-4ea0-94be-1de2eab0a4d1, 0, 0 [0xC004F055]\\n38: b705d67e-527a-4f11-b904-7be441066a22, 0, 0 [0xC004F055]\\n39: b8527af1-5389-447c-9a88-2d1691ea33d3, 0, 0 [0xC004F055]\\n40: e5fbdd17-c03d-4bed-9567-c60dee82f47e, 0, 0 [0xC004F055]\\n41: ed6568de-daeb-4b01-9c4a-5f89018125d8, 0, 0 [0xC004F055]\\n42: f520e45e-7413-4a34-a497-d2765967d094, 0, 0 [0xC004F055]\\n43: f69e2d51-3bbd-4ddf-8da7-a145e9dca597, 0, 0 [0xC004F055]\\n\\n\",\"Binary\":\"\"}}","Channel":"Application","Provider":"Microsoft-Windows-Security-SPP","EventId":1003,"EventRecordId":"2233","ProcessId":0,"ThreadId":0,"Level":"Info","Keywords":"0x80000000000000","SourceFile":"D:\\benign_log_combined_latest_used_actually\\new_benign\\application_4100.evtx","ExtraDataOffset":0,"HiddenRecord":false,"TimeCreated":"2024-10-13T17:18:46.9905046+00:00","RecordNumber":1262}
{"ChunkNumber":16,"Computer":"Server002","Payload":"{\"EventData\":{\"Data\":\"10.0.19041.5007\",\"Binary\":\"\"}}","Channel":"Application","Provider":"Microsoft-Windows-Security-SPP","EventId":902,"EventRecordId":"2234","ProcessId":0,"ThreadId":0,"Level":"LogAlways","Keywords":"0x80000000000000","SourceFile":"D:\\benign_log_combined_latest_used_actually\\new_benign\\application_4100.evtx","ExtraDataOffset":0,"HiddenRecord":false,"TimeCreated":"2024-10-13T17:18:47.8710433+00:00","RecordNumber":1263}
{"ChunkNumber":16,"Computer":"Server002","Payload":"{\"EventData\":{\"Data\":\"Security-SPP-Action-StateData (REG_SZ) =AppId=55c92734-d682-4d71-983e-d6ec3f16059f;LastConsumptionReason=0xc004f034;LastNotificationId=NeverActivated;LicenseState=SL_LICENSING_STATUS_NOTIFICATION;PartialProductKey=8HVX7;ProductKeyType=Retail;SkuId=2b1f36bb-c1cd-4306-bf5c-a0367c2d97d8;ruleId=31e71c49-8da7-4a2f-ad92-45d98a1c79ba;uxDifferentiator=RETAIL\",\"Binary\":\"\"}}","Channel":"Application","Provider":"Microsoft-Windows-Security-SPP","EventId":8230,"EventRecordId":"2235","ProcessId":0,"ThreadId":0,"Level":"Info","Keywords":"0x80000000000000","SourceFile":"D:\\benign_log_combined_latest_used_actually\\new_benign\\application_4100.evtx","ExtraDataOffset":0,"HiddenRecord":false,"TimeCreated":"2024-10-13T17:18:50.2702729+00:00","RecordNumber":1264}
{"ChunkNumber":16,"Computer":"Server002","Payload":"{\"EventData\":{\"Data\":\"2024-10-14T17:03:34Z, RulesEngine\",\"Binary\":\"\"}}","Channel":"Application","Provider":"Microsoft-Windows-Security-SPP","EventId":16384,"EventRecordId":"2236","ProcessId":0,"ThreadId":0,"Level":"Info","Keywords":"0x80000000000000","SourceFile":"D:\\benign_log_combined_latest_used_actually\\new_benign\\application_4100.evtx","ExtraDataOffset":0,"HiddenRecord":false,"TimeCreated":"2024-10-13T17:19:34.6364512+00:00","RecordNumber":1265}
{"ChunkNumber":16,"Computer":"Server002","Payload":"{\"EventData\":{\"Data\":\"\",\"Binary\":\"\"}}","Channel":"Application","Provider":"Microsoft-Windows-Security-SPP","EventId":903,"EventRecordId":"2237","ProcessId":0,"ThreadId":0,"Level":"LogAlways","Keywords":"0x80000000000000","SourceFile":"D:\\benign_log_combined_latest_used_actually\\new_benign\\application_4100.evtx","ExtraDataOffset":0,"HiddenRecord":false,"TimeCreated":"2024-10-13T17:19:34.6956175+00:00","RecordNumber":1266}
{"ChunkNumber":16,"Computer":"Server002","Payload":"{\"EventData\":{\"Data\":\"\",\"Binary\":\"\"}}","Channel":"Application","Provider":"Microsoft-Windows-Security-SPP","EventId":16394,"EventRecordId":"2238","ProcessId":0,"ThreadId":0,"Level":"Info","Keywords":"0x80000000000000","SourceFile":"D:\\benign_log_combined_latest_used_actually\\new_benign\\application_4100.evtx","ExtraDataOffset":0,"HiddenRecord":false,"TimeCreated":"2024-10-13T17:20:29.5276586+00:00","RecordNumber":1267}
{"ChunkNumber":16,"Computer":"Server002","Payload":"{\"EventData\":{\"Data\":\"2024-10-14T17:03:14Z, RulesEngine\",\"Binary\":\"\"}}","Channel":"Application","Provider":"Microsoft-Windows-Security-SPP","EventId":16384,"EventRecordId":"2239","ProcessId":0,"ThreadId":0,"Level":"Info","Keywords":"0x80000000000000","SourceFile":"D:\\benign_log_combined_latest_used_actually\\new_benign\\application_4100.evtx","ExtraDataOffset":0,"HiddenRecord":false,"TimeCreated":"2024-10-13T17:21:14.7787685+00:00","RecordNumber":1268}
{"ChunkNumber":16,"Computer":"Server002","Payload":"{\"EventData\":{\"Data\":\"Service stopped\",\"Binary\":\"\"}}","Channel":"Application","Provider":"edgeupdate","EventId":0,"EventRecordId":"2240","ProcessId":0,"ThreadId":0,"Level":"Info","Keywords":"0x80000000000000","SourceFile":"D:\\benign_log_combined_latest_used_actually\\new_benign\\application_4100.evtx","ExtraDataOffset":0,"HiddenRecord":false,"TimeCreated":"2024-10-13T17:21:26.6678666+00:00","RecordNumber":1269}
{"ChunkNumber":16,"Computer":"Server002","Payload":"{\"EventData\":{\"Data\":\"&lt;explicit&gt;\",\"Binary\":\"\"}}","Channel":"Application","Provider":"Microsoft-Windows-Security-SPP","EventId":900,"EventRecordId":"2241","ProcessId":0,"ThreadId":0,"Level":"Info","Keywords":"0x80000000000000","SourceFile":"D:\\benign_log_combined_latest_used_actually\\new_benign\\application_4100.evtx","ExtraDataOffset":0,"HiddenRecord":false,"TimeCreated":"2024-10-13T17:21:28.5902446+00:00","RecordNumber":1270}
{"ChunkNumber":16,"Computer":"Server002","Payload":"{\"EventData\":{\"Data\":\"\",\"Binary\":\"\"}}","Channel":"Application","Provider":"Microsoft-Windows-Security-SPP","EventId":16394,"EventRecordId":"2242","ProcessId":0,"ThreadId":0,"Level":"Info","Keywords":"0x80000000000000","SourceFile":"D:\\benign_log_combined_latest_used_actually\\new_benign\\application_4100.evtx","ExtraDataOffset":0,"HiddenRecord":false,"TimeCreated":"2024-10-13T17:21:28.7770392+00:00","RecordNumber":1271}
{"ChunkNumber":16,"Computer":"Server002","Payload":"{\"EventData\":{\"Data\":\"\",\"Binary\":\"\"}}","Channel":"Application","Provider":"SecurityCenter","EventId":1,"EventRecordId":"2243","ProcessId":0,"ThreadId":0,"Level":"Info","Keywords":"0x80000000000000","SourceFile":"D:\\benign_log_combined_latest_used_actually\\new_benign\\application_4100.evtx","ExtraDataOffset":0,"HiddenRecord":false,"TimeCreated":"2024-10-13T17:21:32.0816886+00:00","RecordNumber":1272}
{"ChunkNumber":16,"Computer":"Server002","Payload":"{\"EventData\":{\"Data\":\"Windows Defender, SECURITY_PRODUCT_STATE_ON\",\"Binary\":\"\"}}","Channel":"Application","Provider":"SecurityCenter","EventId":15,"EventRecordId":"2244","ProcessId":0,"ThreadId":0,"Level":"Info","Keywords":"0x80000000000000","SourceFile":"D:\\benign_log_combined_latest_used_actually\\new_benign\\application_4100.evtx","ExtraDataOffset":0,"HiddenRecord":false,"TimeCreated":"2024-10-13T17:21:35.1245325+00:00","RecordNumber":1273}
{"ChunkNumber":16,"Computer":"Server002","Payload":"{\"EventData\":{\"Data\":\"SessionEnv\",\"Binary\":\"D9-06-00-00\"}}","Channel":"Application","Provider":"Microsoft-Windows-Winlogon","EventId":6003,"EventRecordId":"2245","ProcessId":0,"ThreadId":0,"Level":"Info","Keywords":"0x80000000000000","SourceFile":"D:\\benign_log_combined_latest_used_actually\\new_benign\\application_4100.evtx","ExtraDataOffset":0,"HiddenRecord":false,"TimeCreated":"2024-10-13T17:22:01.6284834+00:00","RecordNumber":1274}
{"ChunkNumber":16,"Computer":"Server002","Payload":"{\"EventData\":{\"Data\":\"SessionEnv\",\"Binary\":\"D9-06-00-00\"}}","Channel":"Application","Provider":"Microsoft-Windows-Winlogon","EventId":6000,"EventRecordId":"2246","ProcessId":0,"ThreadId":0,"Level":"Info","Keywords":"0x80000000000000","SourceFile":"D:\\benign_log_combined_latest_used_actually\\new_benign\\application_4100.evtx","ExtraDataOffset":0,"HiddenRecord":false,"TimeCreated":"2024-10-13T17:22:02.5377580+00:00","RecordNumber":1275}
