
{"Event":{"System":{"Provider":{"@Name":"Microsoft-Windows-Security-Auditing","@Guid":"54849625-5478-4994-a5ba-3e3b0328c30d"},"EventID":"4624","Version":"2","Level":"0","Task":"12544","Opcode":"0","Keywords":"0x8020000000000000","TimeCreated":{"@SystemTime":"2024-10-25 21:22:00.3163425"},"EventRecordID":"30351","Correlation":{"@ActivityID":"52197821-2734-0000-fd78-19523427db01"},"Execution":{"@ProcessID":"680","@ThreadID":"3060"},"Channel":"Security","Computer":"Server002","Security":null},"EventData":{"Data":[{"@Name":"SubjectUserSid","#text":"S-1-5-18"},{"@Name":"SubjectUserName","#text":"SERVER002$"},{"@Name":"SubjectDomainName","#text":"WORKGROUP"},{"@Name":"SubjectLogonId","#text":"0x3E7"},{"@Name":"TargetUserSid","#text":"S-1-5-18"},{"@Name":"TargetUserName","#text":"SYSTEM"},{"@Name":"TargetDomainName","#text":"NT AUTHORITY"},{"@Name":"TargetLogonId","#text":"0x3E7"},{"@Name":"LogonType","#text":"5"},{"@Name":"LogonProcessName","#text":"Advapi  "},{"@Name":"AuthenticationPackageName","#text":"Negotiate"},{"@Name":"WorkstationName","#text":"-"},{"@Name":"LogonGuid","#text":"00000000-0000-0000-0000-000000000000"},{"@Name":"TransmittedServices","#text":"-"},{"@Name":"LmPackageName","#text":"-"},{"@Name":"KeyLength","#text":"0"},{"@Name":"ProcessId","#text":"0x29C"},{"@Name":"ProcessName","#text":"C:\\Windows\\System32\\services.exe"},{"@Name":"IpAddress","#text":"-"},{"@Name":"IpPort","#text":"-"},{"@Name":"ImpersonationLevel","#text":"%%1833"},{"@Name":"RestrictedAdminMode","#text":"-"},{"@Name":"TargetOutboundUserName","#text":"-"},{"@Name":"TargetOutboundDomainName","#text":"-"},{"@Name":"VirtualAccount","#text":"%%1843"},{"@Name":"TargetLinkedLogonId","#text":"0x0"},{"@Name":"ElevatedToken","#text":"%%1842"}]}}}
{"Event":{"System":{"Provider":{"@Name":"Microsoft-Windows-Security-Auditing","@Guid":"54849625-5478-4994-a5ba-3e3b0328c30d"},"EventID":"4672","Version":"0","Level":"0","Task":"12548","Opcode":"0","Keywords":"0x8020000000000000","TimeCreated":{"@SystemTime":"2024-10-25 21:22:00.3163481"},"EventRecordID":"30352","Correlation":{"@ActivityID":"52197821-2734-0000-fd78-19523427db01"},"Execution":{"@ProcessID":"680","@ThreadID":"3060"},"Channel":"Security","Computer":"Server002","Security":null},"EventData":{"Data":[{"@Name":"SubjectUserSid","#text":"S-1-5-18"},{"@Name":"SubjectUserName","#text":"SYSTEM"},{"@Name":"SubjectDomainName","#text":"NT AUTHORITY"},{"@Name":"SubjectLogonId","#text":"0x3E7"},{"@Name":"PrivilegeList","#text":"SeAssignPrimaryTokenPrivilege, SeTcbPrivilege, SeSecurityPrivilege, SeTakeOwnershipPrivilege, SeLoadDriverPrivilege, SeBackupPrivilege, SeRestorePrivilege, SeDebugPrivilege, SeAuditPrivilege, SeSystemEnvironmentPrivilege, SeImpersonatePrivilege, SeDelegateSessionUserImpersonatePrivilege"}]}}}
{"Event":{"System":{"Provider":{"@Name":"Microsoft-Windows-Security-Auditing","@Guid":"54849625-5478-4994-a5ba-3e3b0328c30d"},"EventID":"5379","Version":"0","Level":"0","Task":"13824","Opcode":"0","Keywords":"0x8020000000000000","TimeCreated":{"@SystemTime":"2024-10-25 21:22:01.0738995"},"EventRecordID":"30353","Correlation":{"@ActivityID":"52197821-2734-0000-fd78-19523427db01"},"Execution":{"@ProcessID":"680","@ThreadID":"3060"},"Channel":"Security","Computer":"Server002","Security":null},"EventData":{"Data":[{"@Name":"SubjectUserSid","#text":"S-1-5-21-3962163828-2803415714-1403596700-1006"},{"@Name":"SubjectUserName","#text":"admin_test"},{"@Name":"SubjectDomainName","#text":"SERVER002"},{"@Name":"SubjectLogonId","#text":"0x12F97E"},{"@Name":"TargetName","#text":"WindowsLive:(token):name=02crtcdjozixfrem;serviceuri=*"},{"@Name":"Type","#text":"0"},{"@Name":"CountOfCredentialsReturned","#text":"0"},{"@Name":"ReadOperation","#text":"%%8100"},{"@Name":"ReturnCode","#text":"3221225567"},{"@Name":"ProcessCreationTime","#text":"2024-10-25 21:19:51.2023792"},{"@Name":"ClientProcessId","#text":"4888"}]}}}
{"Event":{"System":{"Provider":{"@Name":"Microsoft-Windows-Security-Auditing","@Guid":"54849625-5478-4994-a5ba-3e3b0328c30d"},"EventID":"5379","Version":"0","Level":"0","Task":"13824","Opcode":"0","Keywords":"0x8020000000000000","TimeCreated":{"@SystemTime":"2024-10-25 21:22:01.0742779"},"EventRecordID":"30354","Correlation":{"@ActivityID":"52197821-2734-0000-fd78-19523427db01"},"Execution":{"@ProcessID":"680","@ThreadID":"3060"},"Channel":"Security","Computer":"Server002","Security":null},"EventData":{"Data":[{"@Name":"SubjectUserSid","#text":"S-1-5-21-3962163828-2803415714-1403596700-1006"},{"@Name":"SubjectUserName","#text":"admin_test"},{"@Name":"SubjectDomainName","#text":"SERVER002"},{"@Name":"SubjectLogonId","#text":"0x12F97E"},{"@Name":"TargetName","#text":"WindowsLive:(cert):name=02crtcdjozixfrem;serviceuri=*"},{"@Name":"Type","#text":"0"},{"@Name":"CountOfCredentialsReturned","#text":"0"},{"@Name":"ReadOperation","#text":"%%8100"},{"@Name":"ReturnCode","#text":"3221225567"},{"@Name":"ProcessCreationTime","#text":"2024-10-25 21:19:51.2023792"},{"@Name":"ClientProcessId","#text":"4888"}]}}}
{"Event":{"System":{"Provider":{"@Name":"Microsoft-Windows-Security-Auditing","@Guid":"54849625-5478-4994-a5ba-3e3b0328c30d"},"EventID":"5379","Version":"0","Level":"0","Task":"13824","Opcode":"0","Keywords":"0x8020000000000000","TimeCreated":{"@SystemTime":"2024-10-25 21:22:01.0743279"},"EventRecordID":"30355","Correlation":{"@ActivityID":"52197821-2734-0000-fd78-19523427db01"},"Execution":{"@ProcessID":"680","@ThreadID":"3060"},"Channel":"Security","Computer":"Server002","Security":null},"EventData":{"Data":[{"@Name":"SubjectUserSid","#text":"S-1-5-21-3962163828-2803415714-1403596700-1006"},{"@Name":"SubjectUserName","#text":"admin_test"},{"@Name":"SubjectDomainName","#text":"SERVER002"},{"@Name":"SubjectLogonId","#text":"0x12F97E"},{"@Name":"TargetName","#text":"WindowsLive:target=virtualapp/didlogical"},{"@Name":"Type","#text":"0"},{"@Name":"CountOfCredentialsReturned","#text":"0"},{"@Name":"ReadOperation","#text":"%%8100"},{"@Name":"ReturnCode","#text":"3221225567"},{"@Name":"ProcessCreationTime","#text":"2024-10-25 21:19:51.2023792"},{"@Name":"ClientProcessId","#text":"4888"}]}}}
{"Event":{"System":{"Provider":{"@Name":"Microsoft-Windows-Security-Auditing","@Guid":"54849625-5478-4994-a5ba-3e3b0328c30d"},"EventID":"5379","Version":"0","Level":"0","Task":"13824","Opcode":"0","Keywords":"0x8020000000000000","TimeCreated":{"@SystemTime":"2024-10-25 21:22:01.3850280"},"EventRecordID":"30356","Correlation":{"@ActivityID":"52197821-2734-0000-fd78-19523427db01"},"Execution":{"@ProcessID":"680","@ThreadID":"732"},"Channel":"Security","Computer":"Server002","Security":null},"EventData":{"Data":[{"@Name":"SubjectUserSid","#text":"S-1-5-21-3962163828-2803415714-1403596700-1006"},{"@Name":"SubjectUserName","#text":"admin_test"},{"@Name":"SubjectDomainName","#text":"SERVER002"},{"@Name":"SubjectLogonId","#text":"0x12F97E"},{"@Name":"TargetName","#text":"MicrosoftAccount:user=02crtcdjozixfrem"},{"@Name":"Type","#text":"0"},{"@Name":"CountOfCredentialsReturned","#text":"0"},{"@Name":"ReadOperation","#text":"%%8100"},{"@Name":"ReturnCode","#text":"3221225567"},{"@Name":"ProcessCreationTime","#text":"2024-10-25 21:19:51.2023792"},{"@Name":"ClientProcessId","#text":"4888"}]}}}
{"Event":{"System":{"Provider":{"@Name":"Microsoft-Windows-Security-Auditing","@Guid":"54849625-5478-4994-a5ba-3e3b0328c30d"},"EventID":"5058","Version":"1","Level":"0","Task":"12292","Opcode":"0","Keywords":"0x8020000000000000","TimeCreated":{"@SystemTime":"2024-10-25 21:22:01.3982362"},"EventRecordID":"30357","Correlation":{"@ActivityID":"52197821-2734-0000-fd78-19523427db01"},"Execution":{"@ProcessID":"680","@ThreadID":"732"},"Channel":"Security","Computer":"Server002","Security":null},"EventData":{"Data":[{"@Name":"SubjectUserSid","#text":"S-1-5-18"},{"@Name":"SubjectUserName","#text":"SERVER002$"},{"@Name":"SubjectDomainName","#text":"WORKGROUP"},{"@Name":"SubjectLogonId","#text":"0x3E7"},{"@Name":"ClientProcessId","#text":"4888"},{"@Name":"ClientCreationTime","#text":"2024-10-25 21:19:51.2023792"},{"@Name":"ProviderName","#text":"Microsoft Software Key Storage Provider"},{"@Name":"AlgorithmName","#text":"UNKNOWN"},{"@Name":"KeyName","#text":"fbe07282-5d1a-1e0f-8759-8713dcffa98e"},{"@Name":"KeyType","#text":"%%2500"},{"@Name":"KeyFilePath","#text":"C:\\ProgramData\\Microsoft\\Crypto\\SystemKeys\\b24026b41c85d5ae37684f34e1f11c86_dbf410b3-ef0e-4152-ad61-2d9c7d03536d"},{"@Name":"Operation","#text":"%%2458"},{"@Name":"ReturnCode","#text":"0x0"}]}}}
{"Event":{"System":{"Provider":{"@Name":"Microsoft-Windows-Security-Auditing","@Guid":"54849625-5478-4994-a5ba-3e3b0328c30d"},"EventID":"5061","Version":"0","Level":"0","Task":"12290","Opcode":"0","Keywords":"0x8020000000000000","TimeCreated":{"@SystemTime":"2024-10-25 21:22:01.3988036"},"EventRecordID":"30358","Correlation":{"@ActivityID":"52197821-2734-0000-fd78-19523427db01"},"Execution":{"@ProcessID":"680","@ThreadID":"732"},"Channel":"Security","Computer":"Server002","Security":null},"EventData":{"Data":[{"@Name":"SubjectUserSid","#text":"S-1-5-18"},{"@Name":"SubjectUserName","#text":"SERVER002$"},{"@Name":"SubjectDomainName","#text":"WORKGROUP"},{"@Name":"SubjectLogonId","#text":"0x3E7"},{"@Name":"ProviderName","#text":"Microsoft Software Key Storage Provider"},{"@Name":"AlgorithmName","#text":"RSA"},{"@Name":"KeyName","#text":"fbe07282-5d1a-1e0f-8759-8713dcffa98e"},{"@Name":"KeyType","#text":"%%2500"},{"@Name":"Operation","#text":"%%2480"},{"@Name":"ReturnCode","#text":"0x0"}]}}}
{"Event":{"System":{"Provider":{"@Name":"Microsoft-Windows-Security-Auditing","@Guid":"54849625-5478-4994-a5ba-3e3b0328c30d"},"EventID":"5379","Version":"0","Level":"0","Task":"13824","Opcode":"0","Keywords":"0x8020000000000000","TimeCreated":{"@SystemTime":"2024-10-25 21:22:01.4029973"},"EventRecordID":"30359","Correlation":{"@ActivityID":"52197821-2734-0000-fd78-19523427db01"},"Execution":{"@ProcessID":"680","@ThreadID":"732"},"Channel":"Security","Computer":"Server002","Security":null},"EventData":{"Data":[{"@Name":"SubjectUserSid","#text":"S-1-5-21-3962163828-2803415714-1403596700-1006"},{"@Name":"SubjectUserName","#text":"admin_test"},{"@Name":"SubjectDomainName","#text":"SERVER002"},{"@Name":"SubjectLogonId","#text":"0x12F97E"},{"@Name":"TargetName","#text":"MicrosoftAccount:user=02crtcdjozixfrem"},{"@Name":"Type","#text":"1"},{"@Name":"CountOfCredentialsReturned","#text":"1"},{"@Name":"ReadOperation","#text":"%%8099"},{"@Name":"ReturnCode","#text":"3221225567"},{"@Name":"ProcessCreationTime","#text":"2024-10-25 21:19:51.2023792"},{"@Name":"ClientProcessId","#text":"4888"}]}}}
{"Event":{"System":{"Provider":{"@Name":"Microsoft-Windows-Security-Auditing","@Guid":"54849625-5478-4994-a5ba-3e3b0328c30d"},"EventID":"5379","Version":"0","Level":"0","Task":"13824","Opcode":"0","Keywords":"0x8020000000000000","TimeCreated":{"@SystemTime":"2024-10-25 21:22:01.4090882"},"EventRecordID":"30360","Correlation":{"@ActivityID":"52197821-2734-0000-fd78-19523427db01"},"Execution":{"@ProcessID":"680","@ThreadID":"732"},"Channel":"Security","Computer":"Server002","Security":null},"EventData":{"Data":[{"@Name":"SubjectUserSid","#text":"S-1-5-21-3962163828-2803415714-1403596700-1006"},{"@Name":"SubjectUserName","#text":"admin_test"},{"@Name":"SubjectDomainName","#text":"SERVER002"},{"@Name":"SubjectLogonId","#text":"0x12F97E"},{"@Name":"TargetName","#text":"MicrosoftAccount:user=02crtcdjozixfrem"},{"@Name":"Type","#text":"0"},{"@Name":"CountOfCredentialsReturned","#text":"0"},{"@Name":"ReadOperation","#text":"%%8100"},{"@Name":"ReturnCode","#text":"3221225567"},{"@Name":"ProcessCreationTime","#text":"2024-10-25 21:19:51.2023792"},{"@Name":"ClientProcessId","#text":"4888"}]}}}
{"Event":{"System":{"Provider":{"@Name":"Microsoft-Windows-Security-Auditing","@Guid":"54849625-5478-4994-a5ba-3e3b0328c30d"},"EventID":"5379","Version":"0","Level":"0","Task":"13824","Opcode":"0","Keywords":"0x8020000000000000","TimeCreated":{"@SystemTime":"2024-10-25 21:22:01.4111557"},"EventRecordID":"30361","Correlation":{"@ActivityID":"52197821-2734-0000-fd78-19523427db01"},"Execution":{"@ProcessID":"680","@ThreadID":"784"},"Channel":"Security","Computer":"Server002","Security":null},"EventData":{"Data":[{"@Name":"SubjectUserSid","#text":"S-1-5-21-3962163828-2803415714-1403596700-1006"},{"@Name":"SubjectUserName","#text":"admin_test"},{"@Name":"SubjectDomainName","#text":"SERVER002"},{"@Name":"SubjectLogonId","#text":"0x12F97E"},{"@Name":"TargetName","#text":"WindowsLive:target=virtualapp/didlogical"},{"@Name":"Type","#text":"0"},{"@Name":"CountOfCredentialsReturned","#text":"0"},{"@Name":"ReadOperation","#text":"%%8100"},{"@Name":"ReturnCode","#text":"3221225567"},{"@Name":"ProcessCreationTime","#text":"2024-10-25 21:19:51.2023792"},{"@Name":"ClientProcessId","#text":"4888"}]}}}
