{"Event":{"System":{"Provider":{"@Name":"Microsoft-Windows-Sysmon","@Guid":"5770385f-c22a-43e0-bf4c-06f5698ffbd9"},"EventID":"1","Version":"5","Level":"4","Task":"1","Opcode":"0","Keywords":"0x8000000000000000","TimeCreated":{"@SystemTime":"2024-10-26 12:55:52.9610860"},"EventRecordID":"18042","Correlation":null,"Execution":{"@ProcessID":"3084","@ThreadID":"4596"},"Channel":"Microsoft-Windows-Sysmon/Operational","Computer":"Server002","Security":{"@UserID":"S-1-5-18"}},"EventData":{"Data":[{"@Name":"RuleName","#text":"-"},{"@Name":"UtcTime","#text":"2024-10-26 12:55:52.958"},{"@Name":"ProcessGuid","#text":"dbf410b3-e6d8-671c-ee00-000000003900"},{"@Name":"ProcessId","#text":"2876"},{"@Name":"Image","#text":"C:\\Program Files (x86)\\Microsoft\\EdgeUpdate\\Install\\{85B82AA4-B515-4D4A-868A-8F675AEE2CBB}\\EDGEMITMP_B9A3F.tmp\\setup.exe"},{"@Name":"FileVersion","#text":"130.0.2849.56"},{"@Name":"Description","#text":"Microsoft Edge Installer"},{"@Name":"Product","#text":"Microsoft Edge Installer"},{"@Name":"Company","#text":"Microsoft Corporation"},{"@Name":"OriginalFileName","#text":"setup.exe"},{"@Name":"CommandLine","#text":"\"C:\\Program Files (x86)\\Microsoft\\EdgeUpdate\\Install\\{85B82AA4-B515-4D4A-868A-8F675AEE2CBB}\\EDGEMITMP_B9A3F.tmp\\setup.exe\" --type=crashpad-handler /prefetch:4 --monitor-self-annotation=ptype=crashpad-handler --database=C:\\Windows\\SystemTemp\\MsEdgeCrashpad --annotation=IsOfficialBuild=1 --annotation=channel= --annotation=chromium-version=130.0.6723.70 \"--annotation=exe=C:\\Program Files (x86)\\Microsoft\\EdgeUpdate\\Install\\{85B82AA4-B515-4D4A-868A-8F675AEE2CBB}\\EDGEMITMP_B9A3F.tmp\\setup.exe\" --annotation=plat=Win64 --annotation=prod=Edge --annotation=ver=130.0.2849.56 --initial-client-data=0x23c,0x240,0x244,0x218,0x248,0x7ff65119d730,0x7ff65119d73c,0x7ff65119d748"},{"@Name":"CurrentDirectory","#text":"C:\\Program Files (x86)\\Microsoft\\EdgeUpdate\\1.3.195.27\\"},{"@Name":"User","#text":"NT AUTHORITY\\SYSTEM"},{"@Name":"LogonGuid","#text":"dbf410b3-0201-671d-e703-000000000000"},{"@Name":"LogonId","#text":"0x3E7"},{"@Name":"TerminalSessionId","#text":"0"},{"@Name":"IntegrityLevel","#text":"System"},{"@Name":"Hashes","#text":"SHA256=273F8406A9622DDD0E92762837AF4598770B5EFE6AA8A999DA809E77B7B7882F"},{"@Name":"ParentProcessGuid","#text":"dbf410b3-e6d8-671c-ed00-000000003900"},{"@Name":"ParentProcessId","#text":"2812"},{"@Name":"ParentImage","#text":"C:\\Program Files (x86)\\Microsoft\\EdgeUpdate\\Install\\{85B82AA4-B515-4D4A-868A-8F675AEE2CBB}\\EDGEMITMP_B9A3F.tmp\\setup.exe"},{"@Name":"ParentCommandLine","#text":"\"C:\\Program Files (x86)\\Microsoft\\EdgeUpdate\\Install\\{85B82AA4-B515-4D4A-868A-8F675AEE2CBB}\\EDGEMITMP_B9A3F.tmp\\setup.exe\" --msedge --channel=stable --system-level --verbose-logging --create-shortcuts=2 --install-level=1"},{"@Name":"ParentUser","#text":"NT AUTHORITY\\SYSTEM"}]}}}
{"Event":{"System":{"Provider":{"@Name":"Microsoft-Windows-Sysmon","@Guid":"5770385f-c22a-43e0-bf4c-06f5698ffbd9"},"EventID":"5","Version":"3","Level":"4","Task":"5","Opcode":"0","Keywords":"0x8000000000000000","TimeCreated":{"@SystemTime":"2024-10-26 12:55:53.1701645"},"EventRecordID":"18043","Correlation":null,"Execution":{"@ProcessID":"3084","@ThreadID":"4596"},"Channel":"Microsoft-Windows-Sysmon/Operational","Computer":"Server002","Security":{"@UserID":"S-1-5-18"}},"EventData":{"Data":[{"@Name":"RuleName","#text":"-"},{"@Name":"UtcTime","#text":"2024-10-26 12:55:53.168"},{"@Name":"ProcessGuid","#text":"dbf410b3-e6d8-671c-ed00-000000003900"},{"@Name":"ProcessId","#text":"2812"},{"@Name":"Image","#text":"C:\\Program Files (x86)\\Microsoft\\EdgeUpdate\\Install\\{85B82AA4-B515-4D4A-868A-8F675AEE2CBB}\\EDGEMITMP_B9A3F.tmp\\setup.exe"},{"@Name":"User","#text":"NT AUTHORITY\\SYSTEM"}]}}}
{"Event":{"System":{"Provider":{"@Name":"Microsoft-Windows-Sysmon","@Guid":"5770385f-c22a-43e0-bf4c-06f5698ffbd9"},"EventID":"5","Version":"3","Level":"4","Task":"5","Opcode":"0","Keywords":"0x8000000000000000","TimeCreated":{"@SystemTime":"2024-10-26 12:55:53.2281245"},"EventRecordID":"18044","Correlation":null,"Execution":{"@ProcessID":"3084","@ThreadID":"4596"},"Channel":"Microsoft-Windows-Sysmon/Operational","Computer":"Server002","Security":{"@UserID":"S-1-5-18"}},"EventData":{"Data":[{"@Name":"RuleName","#text":"-"},{"@Name":"UtcTime","#text":"2024-10-26 12:55:53.204"},{"@Name":"ProcessGuid","#text":"dbf410b3-e6d8-671c-ee00-000000003900"},{"@Name":"ProcessId","#text":"2876"},{"@Name":"Image","#text":"C:\\Program Files (x86)\\Microsoft\\EdgeUpdate\\Install\\{85B82AA4-B515-4D4A-868A-8F675AEE2CBB}\\EDGEMITMP_B9A3F.tmp\\setup.exe"},{"@Name":"User","#text":"NT AUTHORITY\\SYSTEM"}]}}}
{"Event":{"System":{"Provider":{"@Name":"Microsoft-Windows-Sysmon","@Guid":"5770385f-c22a-43e0-bf4c-06f5698ffbd9"},"EventID":"1","Version":"5","Level":"4","Task":"1","Opcode":"0","Keywords":"0x8000000000000000","TimeCreated":{"@SystemTime":"2024-10-26 12:55:53.6346308"},"EventRecordID":"18045","Correlation":null,"Execution":{"@ProcessID":"3084","@ThreadID":"4596"},"Channel":"Microsoft-Windows-Sysmon/Operational","Computer":"Server002","Security":{"@UserID":"S-1-5-18"}},"EventData":{"Data":[{"@Name":"RuleName","#text":"-"},{"@Name":"UtcTime","#text":"2024-10-26 12:55:53.609"},{"@Name":"ProcessGuid","#text":"dbf410b3-e6d9-671c-ef00-000000003900"},{"@Name":"ProcessId","#text":"5988"},{"@Name":"Image","#text":"C:\\Program Files (x86)\\Microsoft\\Edge\\Application\\130.0.2849.56\\Installer\\setup.exe"},{"@Name":"FileVersion","#text":"130.0.2849.56"},{"@Name":"Description","#text":"Microsoft Edge Installer"},{"@Name":"Product","#text":"Microsoft Edge Installer"},{"@Name":"Company","#text":"Microsoft Corporation"},{"@Name":"OriginalFileName","#text":"setup.exe"},{"@Name":"CommandLine","#text":"\"C:\\Program Files (x86)\\Microsoft\\Edge\\Application\\130.0.2849.56\\Installer\\setup.exe\" --msedge --channel=stable --register-package-identity --verbose-logging --system-level"},{"@Name":"CurrentDirectory","#text":"C:\\Program Files (x86)\\Microsoft\\Edge\\Application\\130.0.2849.56\\Installer\\"},{"@Name":"User","#text":"NT AUTHORITY\\SYSTEM"},{"@Name":"LogonGuid","#text":"dbf410b3-0201-671d-e703-000000000000"},{"@Name":"LogonId","#text":"0x3E7"},{"@Name":"TerminalSessionId","#text":"0"},{"@Name":"IntegrityLevel","#text":"System"},{"@Name":"Hashes","#text":"SHA256=273F8406A9622DDD0E92762837AF4598770B5EFE6AA8A999DA809E77B7B7882F"},{"@Name":"ParentProcessGuid","#text":"dbf410b3-e69a-671c-d400-000000003900"},{"@Name":"ParentProcessId","#text":"2568"},{"@Name":"ParentImage","#text":"C:\\Program Files (x86)\\Microsoft\\EdgeUpdate\\Install\\{85B82AA4-B515-4D4A-868A-8F675AEE2CBB}\\EDGEMITMP_B9A3F.tmp\\setup.exe"},{"@Name":"ParentCommandLine","#text":"\"C:\\Program Files (x86)\\Microsoft\\EdgeUpdate\\Install\\{85B82AA4-B515-4D4A-868A-8F675AEE2CBB}\\EDGEMITMP_B9A3F.tmp\\setup.exe\" --install-archive=\"C:\\Program Files (x86)\\Microsoft\\EdgeUpdate\\Install\\{85B82AA4-B515-4D4A-868A-8F675AEE2CBB}\\MicrosoftEdge_X64_130.0.2849.56_129.0.2792.89.exe\" --previous-version=\"129.0.2792.89\" --msedge --verbose-logging --do-not-launch-msedge --system-level --channel=stable"},{"@Name":"ParentUser","#text":"NT AUTHORITY\\SYSTEM"}]}}}
{"Event":{"System":{"Provider":{"@Name":"Microsoft-Windows-Sysmon","@Guid":"5770385f-c22a-43e0-bf4c-06f5698ffbd9"},"EventID":"1","Version":"5","Level":"4","Task":"1","Opcode":"0","Keywords":"0x8000000000000000","TimeCreated":{"@SystemTime":"2024-10-26 12:55:53.6778548"},"EventRecordID":"18046","Correlation":null,"Execution":{"@ProcessID":"3084","@ThreadID":"4596"},"Channel":"Microsoft-Windows-Sysmon/Operational","Computer":"Server002","Security":{"@UserID":"S-1-5-18"}},"EventData":{"Data":[{"@Name":"RuleName","#text":"-"},{"@Name":"UtcTime","#text":"2024-10-26 12:55:53.641"},{"@Name":"ProcessGuid","#text":"dbf410b3-e6d9-671c-f000-000000003900"},{"@Name":"ProcessId","#text":"4484"},{"@Name":"Image","#text":"C:\\Program Files (x86)\\Microsoft\\Edge\\Application\\130.0.2849.56\\Installer\\setup.exe"},{"@Name":"FileVersion","#text":"130.0.2849.56"},{"@Name":"Description","#text":"Microsoft Edge Installer"},{"@Name":"Product","#text":"Microsoft Edge Installer"},{"@Name":"Company","#text":"Microsoft Corporation"},{"@Name":"OriginalFileName","#text":"setup.exe"},{"@Name":"CommandLine","#text":"\"C:\\Program Files (x86)\\Microsoft\\Edge\\Application\\130.0.2849.56\\Installer\\setup.exe\" --msedge --channel=stable --remove-deprecated-packages --verbose-logging --system-level"},{"@Name":"CurrentDirectory","#text":"C:\\Program Files (x86)\\Microsoft\\EdgeUpdate\\1.3.195.27\\"},{"@Name":"User","#text":"NT AUTHORITY\\SYSTEM"},{"@Name":"LogonGuid","#text":"dbf410b3-0201-671d-e703-000000000000"},{"@Name":"LogonId","#text":"0x3E7"},{"@Name":"TerminalSessionId","#text":"0"},{"@Name":"IntegrityLevel","#text":"System"},{"@Name":"Hashes","#text":"SHA256=273F8406A9622DDD0E92762837AF4598770B5EFE6AA8A999DA809E77B7B7882F"},{"@Name":"ParentProcessGuid","#text":"dbf410b3-e69a-671c-d400-000000003900"},{"@Name":"ParentProcessId","#text":"2568"},{"@Name":"ParentImage","#text":"C:\\Program Files (x86)\\Microsoft\\EdgeUpdate\\Install\\{85B82AA4-B515-4D4A-868A-8F675AEE2CBB}\\EDGEMITMP_B9A3F.tmp\\setup.exe"},{"@Name":"ParentCommandLine","#text":"\"C:\\Program Files (x86)\\Microsoft\\EdgeUpdate\\Install\\{85B82AA4-B515-4D4A-868A-8F675AEE2CBB}\\EDGEMITMP_B9A3F.tmp\\setup.exe\" --install-archive=\"C:\\Program Files (x86)\\Microsoft\\EdgeUpdate\\Install\\{85B82AA4-B515-4D4A-868A-8F675AEE2CBB}\\MicrosoftEdge_X64_130.0.2849.56_129.0.2792.89.exe\" --previous-version=\"129.0.2792.89\" --msedge --verbose-logging --do-not-launch-msedge --system-level --channel=stable"},{"@Name":"ParentUser","#text":"NT AUTHORITY\\SYSTEM"}]}}}
{"Event":{"System":{"Provider":{"@Name":"Microsoft-Windows-Sysmon","@Guid":"5770385f-c22a-43e0-bf4c-06f5698ffbd9"},"EventID":"1","Version":"5","Level":"4","Task":"1","Opcode":"0","Keywords":"0x8000000000000000","TimeCreated":{"@SystemTime":"2024-10-26 12:55:53.6886388"},"EventRecordID":"18047","Correlation":null,"Execution":{"@ProcessID":"3084","@ThreadID":"4596"},"Channel":"Microsoft-Windows-Sysmon/Operational","Computer":"Server002","Security":{"@UserID":"S-1-5-18"}},"EventData":{"Data":[{"@Name":"RuleName","#text":"-"},{"@Name":"UtcTime","#text":"2024-10-26 12:55:53.683"},{"@Name":"ProcessGuid","#text":"dbf410b3-e6d9-671c-f200-000000003900"},{"@Name":"ProcessId","#text":"6208"},{"@Name":"Image","#text":"C:\\Program Files (x86)\\Microsoft\\Edge\\Application\\130.0.2849.56\\Installer\\setup.exe"},{"@Name":"FileVersion","#text":"130.0.2849.56"},{"@Name":"Description","#text":"Microsoft Edge Installer"},{"@Name":"Product","#text":"Microsoft Edge Installer"},{"@Name":"Company","#text":"Microsoft Corporation"},{"@Name":"OriginalFileName","#text":"setup.exe"},{"@Name":"CommandLine","#text":"\"C:\\Program Files (x86)\\Microsoft\\Edge\\Application\\130.0.2849.56\\Installer\\setup.exe\" --msedge --channel=stable --update-game-assist-package --verbose-logging --system-level"},{"@Name":"CurrentDirectory","#text":"C:\\Program Files (x86)\\Microsoft\\EdgeUpdate\\1.3.195.27\\"},{"@Name":"User","#text":"NT AUTHORITY\\SYSTEM"},{"@Name":"LogonGuid","#text":"dbf410b3-0201-671d-e703-000000000000"},{"@Name":"LogonId","#text":"0x3E7"},{"@Name":"TerminalSessionId","#text":"0"},{"@Name":"IntegrityLevel","#text":"System"},{"@Name":"Hashes","#text":"SHA256=273F8406A9622DDD0E92762837AF4598770B5EFE6AA8A999DA809E77B7B7882F"},{"@Name":"ParentProcessGuid","#text":"dbf410b3-e69a-671c-d400-000000003900"},{"@Name":"ParentProcessId","#text":"2568"},{"@Name":"ParentImage","#text":"C:\\Program Files (x86)\\Microsoft\\EdgeUpdate\\Install\\{85B82AA4-B515-4D4A-868A-8F675AEE2CBB}\\EDGEMITMP_B9A3F.tmp\\setup.exe"},{"@Name":"ParentCommandLine","#text":"\"C:\\Program Files (x86)\\Microsoft\\EdgeUpdate\\Install\\{85B82AA4-B515-4D4A-868A-8F675AEE2CBB}\\EDGEMITMP_B9A3F.tmp\\setup.exe\" --install-archive=\"C:\\Program Files (x86)\\Microsoft\\EdgeUpdate\\Install\\{85B82AA4-B515-4D4A-868A-8F675AEE2CBB}\\MicrosoftEdge_X64_130.0.2849.56_129.0.2792.89.exe\" --previous-version=\"129.0.2792.89\" --msedge --verbose-logging --do-not-launch-msedge --system-level --channel=stable"},{"@Name":"ParentUser","#text":"NT AUTHORITY\\SYSTEM"}]}}}
{"Event":{"System":{"Provider":{"@Name":"Microsoft-Windows-Sysmon","@Guid":"5770385f-c22a-43e0-bf4c-06f5698ffbd9"},"EventID":"1","Version":"5","Level":"4","Task":"1","Opcode":"0","Keywords":"0x8000000000000000","TimeCreated":{"@SystemTime":"2024-10-26 12:55:53.6958192"},"EventRecordID":"18048","Correlation":null,"Execution":{"@ProcessID":"3084","@ThreadID":"4596"},"Channel":"Microsoft-Windows-Sysmon/Operational","Computer":"Server002","Security":{"@UserID":"S-1-5-18"}},"EventData":{"Data":[{"@Name":"RuleName","#text":"-"},{"@Name":"UtcTime","#text":"2024-10-26 12:55:53.675"},{"@Name":"ProcessGuid","#text":"dbf410b3-e6d9-671c-f100-000000003900"},{"@Name":"ProcessId","#text":"3548"},{"@Name":"Image","#text":"C:\\Program Files (x86)\\Microsoft\\Edge\\Application\\130.0.2849.56\\Installer\\setup.exe"},{"@Name":"FileVersion","#text":"130.0.2849.56"},{"@Name":"Description","#text":"Microsoft Edge Installer"},{"@Name":"Product","#text":"Microsoft Edge Installer"},{"@Name":"Company","#text":"Microsoft Corporation"},{"@Name":"OriginalFileName","#text":"setup.exe"},{"@Name":"CommandLine","#text":"\"C:\\Program Files (x86)\\Microsoft\\Edge\\Application\\130.0.2849.56\\Installer\\setup.exe\" --type=crashpad-handler /prefetch:4 --monitor-self-annotation=ptype=crashpad-handler --database=C:\\Windows\\SystemTemp\\MsEdgeCrashpad --annotation=IsOfficialBuild=1 --annotation=channel= --annotation=chromium-version=130.0.6723.70 \"--annotation=exe=C:\\Program Files (x86)\\Microsoft\\Edge\\Application\\130.0.2849.56\\Installer\\setup.exe\" --annotation=plat=Win64 --annotation=prod=Edge --annotation=ver=130.0.2849.56 --initial-client-data=0x23c,0x240,0x244,0x218,0x248,0x7ff6b04cd730,0x7ff6b04cd73c,0x7ff6b04cd748"},{"@Name":"CurrentDirectory","#text":"C:\\Program Files (x86)\\Microsoft\\Edge\\Application\\130.0.2849.56\\Installer\\"},{"@Name":"User","#text":"NT AUTHORITY\\SYSTEM"},{"@Name":"LogonGuid","#text":"dbf410b3-0201-671d-e703-000000000000"},{"@Name":"LogonId","#text":"0x3E7"},{"@Name":"TerminalSessionId","#text":"0"},{"@Name":"IntegrityLevel","#text":"System"},{"@Name":"Hashes","#text":"SHA256=273F8406A9622DDD0E92762837AF4598770B5EFE6AA8A999DA809E77B7B7882F"},{"@Name":"ParentProcessGuid","#text":"dbf410b3-e6d9-671c-ef00-000000003900"},{"@Name":"ParentProcessId","#text":"5988"},{"@Name":"ParentImage","#text":"C:\\Program Files (x86)\\Microsoft\\Edge\\Application\\130.0.2849.56\\Installer\\setup.exe"},{"@Name":"ParentCommandLine","#text":"\"C:\\Program Files (x86)\\Microsoft\\Edge\\Application\\130.0.2849.56\\Installer\\setup.exe\" --msedge --channel=stable --register-package-identity --verbose-logging --system-level"},{"@Name":"ParentUser","#text":"NT AUTHORITY\\SYSTEM"}]}}}
{"Event":{"System":{"Provider":{"@Name":"Microsoft-Windows-Sysmon","@Guid":"5770385f-c22a-43e0-bf4c-06f5698ffbd9"},"EventID":"1","Version":"5","Level":"4","Task":"1","Opcode":"0","Keywords":"0x8000000000000000","TimeCreated":{"@SystemTime":"2024-10-26 12:55:53.7220098"},"EventRecordID":"18049","Correlation":null,"Execution":{"@ProcessID":"3084","@ThreadID":"4596"},"Channel":"Microsoft-Windows-Sysmon/Operational","Computer":"Server002","Security":{"@UserID":"S-1-5-18"}},"EventData":{"Data":[{"@Name":"RuleName","#text":"-"},{"@Name":"UtcTime","#text":"2024-10-26 12:55:53.712"},{"@Name":"ProcessGuid","#text":"dbf410b3-e6d9-671c-f300-000000003900"},{"@Name":"ProcessId","#text":"5824"},{"@Name":"Image","#text":"C:\\Program Files (x86)\\Microsoft\\Edge\\Application\\130.0.2849.56\\Installer\\setup.exe"},{"@Name":"FileVersion","#text":"130.0.2849.56"},{"@Name":"Description","#text":"Microsoft Edge Installer"},{"@Name":"Product","#text":"Microsoft Edge Installer"},{"@Name":"Company","#text":"Microsoft Corporation"},{"@Name":"OriginalFileName","#text":"setup.exe"},{"@Name":"CommandLine","#text":"\"C:\\Program Files (x86)\\Microsoft\\Edge\\Application\\130.0.2849.56\\Installer\\setup.exe\" --type=crashpad-handler /prefetch:4 --monitor-self-annotation=ptype=crashpad-handler --database=C:\\Windows\\SystemTemp\\MsEdgeCrashpad --annotation=IsOfficialBuild=1 --annotation=channel= --annotation=chromium-version=130.0.6723.70 \"--annotation=exe=C:\\Program Files (x86)\\Microsoft\\Edge\\Application\\130.0.2849.56\\Installer\\setup.exe\" --annotation=plat=Win64 --annotation=prod=Edge --annotation=ver=130.0.2849.56 --initial-client-data=0x23c,0x240,0x244,0x218,0x248,0x7ff6b04cd730,0x7ff6b04cd73c,0x7ff6b04cd748"},{"@Name":"CurrentDirectory","#text":"C:\\Program Files (x86)\\Microsoft\\EdgeUpdate\\1.3.195.27\\"},{"@Name":"User","#text":"NT AUTHORITY\\SYSTEM"},{"@Name":"LogonGuid","#text":"dbf410b3-0201-671d-e703-000000000000"},{"@Name":"LogonId","#text":"0x3E7"},{"@Name":"TerminalSessionId","#text":"0"},{"@Name":"IntegrityLevel","#text":"System"},{"@Name":"Hashes","#text":"SHA256=273F8406A9622DDD0E92762837AF4598770B5EFE6AA8A999DA809E77B7B7882F"},{"@Name":"ParentProcessGuid","#text":"dbf410b3-e6d9-671c-f000-000000003900"},{"@Name":"ParentProcessId","#text":"4484"},{"@Name":"ParentImage","#text":"C:\\Program Files (x86)\\Microsoft\\Edge\\Application\\130.0.2849.56\\Installer\\setup.exe"},{"@Name":"ParentCommandLine","#text":"\"C:\\Program Files (x86)\\Microsoft\\Edge\\Application\\130.0.2849.56\\Installer\\setup.exe\" --msedge --channel=stable --remove-deprecated-packages --verbose-logging --system-level"},{"@Name":"ParentUser","#text":"NT AUTHORITY\\SYSTEM"}]}}}
{"Event":{"System":{"Provider":{"@Name":"Microsoft-Windows-Sysmon","@Guid":"5770385f-c22a-43e0-bf4c-06f5698ffbd9"},"EventID":"1","Version":"5","Level":"4","Task":"1","Opcode":"0","Keywords":"0x8000000000000000","TimeCreated":{"@SystemTime":"2024-10-26 12:55:53.8817896"},"EventRecordID":"18050","Correlation":null,"Execution":{"@ProcessID":"3084","@ThreadID":"4596"},"Channel":"Microsoft-Windows-Sysmon/Operational","Computer":"Server002","Security":{"@UserID":"S-1-5-18"}},"EventData":{"Data":[{"@Name":"RuleName","#text":"-"},{"@Name":"UtcTime","#text":"2024-10-26 12:55:53.803"},{"@Name":"ProcessGuid","#text":"dbf410b3-e6d9-671c-f400-000000003900"},{"@Name":"ProcessId","#text":"3572"},{"@Name":"Image","#text":"C:\\Program Files (x86)\\Microsoft\\Edge\\Application\\130.0.2849.56\\Installer\\setup.exe"},{"@Name":"FileVersion","#text":"130.0.2849.56"},{"@Name":"Description","#text":"Microsoft Edge Installer"},{"@Name":"Product","#text":"Microsoft Edge Installer"},{"@Name":"Company","#text":"Microsoft Corporation"},{"@Name":"OriginalFileName","#text":"setup.exe"},{"@Name":"CommandLine","#text":"\"C:\\Program Files (x86)\\Microsoft\\Edge\\Application\\130.0.2849.56\\Installer\\setup.exe\" --type=crashpad-handler /prefetch:4 --monitor-self-annotation=ptype=crashpad-handler --database=C:\\Windows\\SystemTemp\\MsEdgeCrashpad --annotation=IsOfficialBuild=1 --annotation=channel= --annotation=chromium-version=130.0.6723.70 \"--annotation=exe=C:\\Program Files (x86)\\Microsoft\\Edge\\Application\\130.0.2849.56\\Installer\\setup.exe\" --annotation=plat=Win64 --annotation=prod=Edge --annotation=ver=130.0.2849.56 --initial-client-data=0x23c,0x240,0x244,0x218,0x248,0x7ff6b04cd730,0x7ff6b04cd73c,0x7ff6b04cd748"},{"@Name":"CurrentDirectory","#text":"C:\\Program Files (x86)\\Microsoft\\EdgeUpdate\\1.3.195.27\\"},{"@Name":"User","#text":"NT AUTHORITY\\SYSTEM"},{"@Name":"LogonGuid","#text":"dbf410b3-0201-671d-e703-000000000000"},{"@Name":"LogonId","#text":"0x3E7"},{"@Name":"TerminalSessionId","#text":"0"},{"@Name":"IntegrityLevel","#text":"System"},{"@Name":"Hashes","#text":"SHA256=273F8406A9622DDD0E92762837AF4598770B5EFE6AA8A999DA809E77B7B7882F"},{"@Name":"ParentProcessGuid","#text":"dbf410b3-e6d9-671c-f200-000000003900"},{"@Name":"ParentProcessId","#text":"6208"},{"@Name":"ParentImage","#text":"C:\\Program Files (x86)\\Microsoft\\Edge\\Application\\130.0.2849.56\\Installer\\setup.exe"},{"@Name":"ParentCommandLine","#text":"\"C:\\Program Files (x86)\\Microsoft\\Edge\\Application\\130.0.2849.56\\Installer\\setup.exe\" --msedge --channel=stable --update-game-assist-package --verbose-logging --system-level"},{"@Name":"ParentUser","#text":"NT AUTHORITY\\SYSTEM"}]}}}
{"Event":{"System":{"Provider":{"@Name":"Microsoft-Windows-Sysmon","@Guid":"5770385f-c22a-43e0-bf4c-06f5698ffbd9"},"EventID":"5","Version":"3","Level":"4","Task":"5","Opcode":"0","Keywords":"0x8000000000000000","TimeCreated":{"@SystemTime":"2024-10-26 12:55:54.1184280"},"EventRecordID":"18051","Correlation":null,"Execution":{"@ProcessID":"3084","@ThreadID":"4596"},"Channel":"Microsoft-Windows-Sysmon/Operational","Computer":"Server002","Security":{"@UserID":"S-1-5-18"}},"EventData":{"Data":[{"@Name":"RuleName","#text":"-"},{"@Name":"UtcTime","#text":"2024-10-26 12:55:54.117"},{"@Name":"ProcessGuid","#text":"dbf410b3-e6d9-671c-f000-000000003900"},{"@Name":"ProcessId","#text":"4484"},{"@Name":"Image","#text":"C:\\Program Files (x86)\\Microsoft\\Edge\\Application\\130.0.2849.56\\Installer\\setup.exe"},{"@Name":"User","#text":"NT AUTHORITY\\SYSTEM"}]}}}
{"Event":{"System":{"Provider":{"@Name":"Microsoft-Windows-Sysmon","@Guid":"5770385f-c22a-43e0-bf4c-06f5698ffbd9"},"EventID":"5","Version":"3","Level":"4","Task":"5","Opcode":"0","Keywords":"0x8000000000000000","TimeCreated":{"@SystemTime":"2024-10-26 12:55:54.1834530"},"EventRecordID":"18052","Correlation":null,"Execution":{"@ProcessID":"3084","@ThreadID":"4596"},"Channel":"Microsoft-Windows-Sysmon/Operational","Computer":"Server002","Security":{"@UserID":"S-1-5-18"}},"EventData":{"Data":[{"@Name":"RuleName","#text":"-"},{"@Name":"UtcTime","#text":"2024-10-26 12:55:54.181"},{"@Name":"ProcessGuid","#text":"dbf410b3-e6d9-671c-f300-000000003900"},{"@Name":"ProcessId","#text":"5824"},{"@Name":"Image","#text":"C:\\Program Files (x86)\\Microsoft\\Edge\\Application\\130.0.2849.56\\Installer\\setup.exe"},{"@Name":"User","#text":"NT AUTHORITY\\SYSTEM"}]}}}
{"Event":{"System":{"Provider":{"@Name":"Microsoft-Windows-Sysmon","@Guid":"5770385f-c22a-43e0-bf4c-06f5698ffbd9"},"EventID":"5","Version":"3","Level":"4","Task":"5","Opcode":"0","Keywords":"0x8000000000000000","TimeCreated":{"@SystemTime":"2024-10-26 12:55:54.2177608"},"EventRecordID":"18053","Correlation":null,"Execution":{"@ProcessID":"3084","@ThreadID":"4596"},"Channel":"Microsoft-Windows-Sysmon/Operational","Computer":"Server002","Security":{"@UserID":"S-1-5-18"}},"EventData":{"Data":[{"@Name":"RuleName","#text":"-"},{"@Name":"UtcTime","#text":"2024-10-26 12:55:54.210"},{"@Name":"ProcessGuid","#text":"dbf410b3-e69a-671c-d400-000000003900"},{"@Name":"ProcessId","#text":"2568"},{"@Name":"Image","#text":"C:\\Program Files (x86)\\Microsoft\\EdgeUpdate\\Install\\{85B82AA4-B515-4D4A-868A-8F675AEE2CBB}\\EDGEMITMP_B9A3F.tmp\\setup.exe"},{"@Name":"User","#text":"NT AUTHORITY\\SYSTEM"}]}}}
{"Event":{"System":{"Provider":{"@Name":"Microsoft-Windows-Sysmon","@Guid":"5770385f-c22a-43e0-bf4c-06f5698ffbd9"},"EventID":"5","Version":"3","Level":"4","Task":"5","Opcode":"0","Keywords":"0x8000000000000000","TimeCreated":{"@SystemTime":"2024-10-26 12:55:54.2187357"},"EventRecordID":"18054","Correlation":null,"Execution":{"@ProcessID":"3084","@ThreadID":"4596"},"Channel":"Microsoft-Windows-Sysmon/Operational","Computer":"Server002","Security":{"@UserID":"S-1-5-18"}},"EventData":{"Data":[{"@Name":"RuleName","#text":"-"},{"@Name":"UtcTime","#text":"2024-10-26 12:55:54.217"},{"@Name":"ProcessGuid","#text":"dbf410b3-e6d9-671c-f200-000000003900"},{"@Name":"ProcessId","#text":"6208"},{"@Name":"Image","#text":"C:\\Program Files (x86)\\Microsoft\\Edge\\Application\\130.0.2849.56\\Installer\\setup.exe"},{"@Name":"User","#text":"NT AUTHORITY\\SYSTEM"}]}}}
{"Event":{"System":{"Provider":{"@Name":"Microsoft-Windows-Sysmon","@Guid":"5770385f-c22a-43e0-bf4c-06f5698ffbd9"},"EventID":"5","Version":"3","Level":"4","Task":"5","Opcode":"0","Keywords":"0x8000000000000000","TimeCreated":{"@SystemTime":"2024-10-26 12:55:54.2279553"},"EventRecordID":"18055","Correlation":null,"Execution":{"@ProcessID":"3084","@ThreadID":"4596"},"Channel":"Microsoft-Windows-Sysmon/Operational","Computer":"Server002","Security":{"@UserID":"S-1-5-18"}},"EventData":{"Data":[{"@Name":"RuleName","#text":"-"},{"@Name":"UtcTime","#text":"2024-10-26 12:55:54.221"},{"@Name":"ProcessGuid","#text":"dbf410b3-e6d9-671c-f400-000000003900"},{"@Name":"ProcessId","#text":"3572"},{"@Name":"Image","#text":"C:\\Program Files (x86)\\Microsoft\\Edge\\Application\\130.0.2849.56\\Installer\\setup.exe"},{"@Name":"User","#text":"NT AUTHORITY\\SYSTEM"}]}}}
{"Event":{"System":{"Provider":{"@Name":"Microsoft-Windows-Sysmon","@Guid":"5770385f-c22a-43e0-bf4c-06f5698ffbd9"},"EventID":"5","Version":"3","Level":"4","Task":"5","Opcode":"0","Keywords":"0x8000000000000000","TimeCreated":{"@SystemTime":"2024-10-26 12:55:54.2305943"},"EventRecordID":"18056","Correlation":null,"Execution":{"@ProcessID":"3084","@ThreadID":"4596"},"Channel":"Microsoft-Windows-Sysmon/Operational","Computer":"Server002","Security":{"@UserID":"S-1-5-18"}},"EventData":{"Data":[{"@Name":"RuleName","#text":"-"},{"@Name":"UtcTime","#text":"2024-10-26 12:55:54.229"},{"@Name":"ProcessGuid","#text":"dbf410b3-e69a-671c-d500-000000003900"},{"@Name":"ProcessId","#text":"2840"},{"@Name":"Image","#text":"C:\\Program Files (x86)\\Microsoft\\EdgeUpdate\\Install\\{85B82AA4-B515-4D4A-868A-8F675AEE2CBB}\\EDGEMITMP_B9A3F.tmp\\setup.exe"},{"@Name":"User","#text":"NT AUTHORITY\\SYSTEM"}]}}}
{"Event":{"System":{"Provider":{"@Name":"Microsoft-Windows-Sysmon","@Guid":"5770385f-c22a-43e0-bf4c-06f5698ffbd9"},"EventID":"5","Version":"3","Level":"4","Task":"5","Opcode":"0","Keywords":"0x8000000000000000","TimeCreated":{"@SystemTime":"2024-10-26 12:55:54.9777491"},"EventRecordID":"18057","Correlation":null,"Execution":{"@ProcessID":"3084","@ThreadID":"4596"},"Channel":"Microsoft-Windows-Sysmon/Operational","Computer":"Server002","Security":{"@UserID":"S-1-5-18"}},"EventData":{"Data":[{"@Name":"RuleName","#text":"-"},{"@Name":"UtcTime","#text":"2024-10-26 12:55:54.977"},{"@Name":"ProcessGuid","#text":"dbf410b3-e6d9-671c-ef00-000000003900"},{"@Name":"ProcessId","#text":"5988"},{"@Name":"Image","#text":"C:\\Program Files (x86)\\Microsoft\\Edge\\Application\\130.0.2849.56\\Installer\\setup.exe"},{"@Name":"User","#text":"NT AUTHORITY\\SYSTEM"}]}}}
{"Event":{"System":{"Provider":{"@Name":"Microsoft-Windows-Sysmon","@Guid":"5770385f-c22a-43e0-bf4c-06f5698ffbd9"},"EventID":"5","Version":"3","Level":"4","Task":"5","Opcode":"0","Keywords":"0x8000000000000000","TimeCreated":{"@SystemTime":"2024-10-26 12:55:54.9831643"},"EventRecordID":"18058","Correlation":null,"Execution":{"@ProcessID":"3084","@ThreadID":"4596"},"Channel":"Microsoft-Windows-Sysmon/Operational","Computer":"Server002","Security":{"@UserID":"S-1-5-18"}},"EventData":{"Data":[{"@Name":"RuleName","#text":"-"},{"@Name":"UtcTime","#text":"2024-10-26 12:55:54.980"},{"@Name":"ProcessGuid","#text":"dbf410b3-e6d9-671c-f100-000000003900"},{"@Name":"ProcessId","#text":"3548"},{"@Name":"Image","#text":"C:\\Program Files (x86)\\Microsoft\\Edge\\Application\\130.0.2849.56\\Installer\\setup.exe"},{"@Name":"User","#text":"NT AUTHORITY\\SYSTEM"}]}}}
{"Event":{"System":{"Provider":{"@Name":"Microsoft-Windows-Sysmon","@Guid":"5770385f-c22a-43e0-bf4c-06f5698ffbd9"},"EventID":"1","Version":"5","Level":"4","Task":"1","Opcode":"0","Keywords":"0x8000000000000000","TimeCreated":{"@SystemTime":"2024-10-26 12:55:57.1821531"},"EventRecordID":"18059","Correlation":null,"Execution":{"@ProcessID":"3084","@ThreadID":"4596"},"Channel":"Microsoft-Windows-Sysmon/Operational","Computer":"Server002","Security":{"@UserID":"S-1-5-18"}},"EventData":{"Data":[{"@Name":"RuleName","#text":"-"},{"@Name":"UtcTime","#text":"2024-10-26 12:55:57.180"},{"@Name":"ProcessGuid","#text":"dbf410b3-e6dd-671c-f500-000000003900"},{"@Name":"ProcessId","#text":"1264"},{"@Name":"Image","#text":"C:\\Windows\\System32\\SearchProtocolHost.exe"},{"@Name":"FileVersion","#text":"7.0.19041.4957 (WinBuild.160101.0800)"},{"@Name":"Description","#text":"Microsoft Windows Search Protocol Host"},{"@Name":"Product","#text":"Windows® Search"},{"@Name":"Company","#text":"Microsoft Corporation"},{"@Name":"OriginalFileName","#text":"SearchProtocolHost.exe"},{"@Name":"CommandLine","#text":"\"C:\\Windows\\system32\\SearchProtocolHost.exe\" Global\\UsGthrFltPipeMssGthrPipe2_ Global\\UsGthrCtrlFltPipeMssGthrPipe2 1 -2147483646 \"Software\\Microsoft\\Windows Search\" \"Mozilla/4.0 (compatible; MSIE 6.0; Windows NT; MS Search 4.0 Robot)\" \"C:\\ProgramData\\Microsoft\\Search\\Data\\Temp\\usgthrsvc\" \"DownLevelDaemon\" "},{"@Name":"CurrentDirectory","#text":"C:\\Windows\\system32\\"},{"@Name":"User","#text":"NT AUTHORITY\\SYSTEM"},{"@Name":"LogonGuid","#text":"dbf410b3-0201-671d-e703-000000000000"},{"@Name":"LogonId","#text":"0x3E7"},{"@Name":"TerminalSessionId","#text":"0"},{"@Name":"IntegrityLevel","#text":"System"},{"@Name":"Hashes","#text":"SHA256=AC305745A33BEFE9C24BD3FFA8E3533EC129D7188F6E92872D290B57D9169861"},{"@Name":"ParentProcessGuid","#text":"dbf410b3-e5ed-671c-6300-000000003900"},{"@Name":"ParentProcessId","#text":"4256"},{"@Name":"ParentImage","#text":"C:\\Windows\\System32\\SearchIndexer.exe"},{"@Name":"ParentCommandLine","#text":"C:\\Windows\\system32\\SearchIndexer.exe /Embedding"},{"@Name":"ParentUser","#text":"NT AUTHORITY\\SYSTEM"}]}}}
{"Event":{"System":{"Provider":{"@Name":"Microsoft-Windows-Sysmon","@Guid":"5770385f-c22a-43e0-bf4c-06f5698ffbd9"},"EventID":"1","Version":"5","Level":"4","Task":"1","Opcode":"0","Keywords":"0x8000000000000000","TimeCreated":{"@SystemTime":"2024-10-26 12:55:57.2070974"},"EventRecordID":"18060","Correlation":null,"Execution":{"@ProcessID":"3084","@ThreadID":"4596"},"Channel":"Microsoft-Windows-Sysmon/Operational","Computer":"Server002","Security":{"@UserID":"S-1-5-18"}},"EventData":{"Data":[{"@Name":"RuleName","#text":"-"},{"@Name":"UtcTime","#text":"2024-10-26 12:55:57.205"},{"@Name":"ProcessGuid","#text":"dbf410b3-e6dd-671c-f600-000000003900"},{"@Name":"ProcessId","#text":"3964"},{"@Name":"Image","#text":"C:\\Windows\\System32\\SearchFilterHost.exe"},{"@Name":"FileVersion","#text":"7.0.19041.4957 (WinBuild.160101.0800)"},{"@Name":"Description","#text":"Microsoft Windows Search Filter Host"},{"@Name":"Product","#text":"Windows® Search"},{"@Name":"Company","#text":"Microsoft Corporation"},{"@Name":"OriginalFileName","#text":"SearchFilterHost.exe"},{"@Name":"CommandLine","#text":"\"C:\\Windows\\system32\\SearchFilterHost.exe\" 0 820 824 832 8192 828 804 "},{"@Name":"CurrentDirectory","#text":"C:\\Windows\\system32\\"},{"@Name":"User","#text":"NT AUTHORITY\\SYSTEM"},{"@Name":"LogonGuid","#text":"dbf410b3-0201-671d-e703-000000000000"},{"@Name":"LogonId","#text":"0x3E7"},{"@Name":"TerminalSessionId","#text":"0"},{"@Name":"IntegrityLevel","#text":"Medium"},{"@Name":"Hashes","#text":"SHA256=51B765CFACFD28FAA00C5AC464DA1B4798DB30DF279B58F0128AEC297F752740"},{"@Name":"ParentProcessGuid","#text":"dbf410b3-e5ed-671c-6300-000000003900"},{"@Name":"ParentProcessId","#text":"4256"},{"@Name":"ParentImage","#text":"C:\\Windows\\System32\\SearchIndexer.exe"},{"@Name":"ParentCommandLine","#text":"C:\\Windows\\system32\\SearchIndexer.exe /Embedding"},{"@Name":"ParentUser","#text":"NT AUTHORITY\\SYSTEM"}]}}}
{"Event":{"System":{"Provider":{"@Name":"Microsoft-Windows-Sysmon","@Guid":"5770385f-c22a-43e0-bf4c-06f5698ffbd9"},"EventID":"5","Version":"3","Level":"4","Task":"5","Opcode":"0","Keywords":"0x8000000000000000","TimeCreated":{"@SystemTime":"2024-10-26 12:56:02.6110244"},"EventRecordID":"18061","Correlation":null,"Execution":{"@ProcessID":"3084","@ThreadID":"4596"},"Channel":"Microsoft-Windows-Sysmon/Operational","Computer":"Server002","Security":{"@UserID":"S-1-5-18"}},"EventData":{"Data":[{"@Name":"RuleName","#text":"-"},{"@Name":"UtcTime","#text":"2024-10-26 12:56:02.608"},{"@Name":"ProcessGuid","#text":"dbf410b3-e6c8-671c-d800-000000003900"},{"@Name":"ProcessId","#text":"2532"},{"@Name":"Image","#text":"C:\\Windows\\System32\\wbem\\WMIADAP.exe"},{"@Name":"User","#text":"NT AUTHORITY\\SYSTEM"}]}}}
{"Event":{"System":{"Provider":{"@Name":"Microsoft-Windows-Sysmon","@Guid":"5770385f-c22a-43e0-bf4c-06f5698ffbd9"},"EventID":"5","Version":"3","Level":"4","Task":"5","Opcode":"0","Keywords":"0x8000000000000000","TimeCreated":{"@SystemTime":"2024-10-26 12:56:06.5078934"},"EventRecordID":"18062","Correlation":null,"Execution":{"@ProcessID":"3084","@ThreadID":"4596"},"Channel":"Microsoft-Windows-Sysmon/Operational","Computer":"Server002","Security":{"@UserID":"S-1-5-18"}},"EventData":{"Data":[{"@Name":"RuleName","#text":"-"},{"@Name":"UtcTime","#text":"2024-10-26 12:56:06.506"},{"@Name":"ProcessGuid","#text":"dbf410b3-e699-671c-d300-000000003900"},{"@Name":"ProcessId","#text":"6452"},{"@Name":"Image","#text":"C:\\Program Files (x86)\\Microsoft\\EdgeUpdate\\Install\\{85B82AA4-B515-4D4A-868A-8F675AEE2CBB}\\MicrosoftEdge_X64_130.0.2849.56_129.0.2792.89.exe"},{"@Name":"User","#text":"NT AUTHORITY\\SYSTEM"}]}}}
