

{"Event":{"System":{"Provider":{"@Name":"Microsoft-Windows-WindowsUpdateClient","@Guid":"945a8954-c147-4acd-923f-40c45405a658"},"EventID":"44","Version":"1","Level":"4","Task":"1","Opcode":"12","Keywords":"0x8000000000002004","TimeCreated":{"@SystemTime":"2024-10-22 20:26:34.8359301"},"EventRecordID":"3592","Correlation":null,"Execution":{"@ProcessID":"4396","@ThreadID":"4608"},"Channel":"System","Computer":"Server002","Security":{"@UserID":"S-1-5-18"}},"EventData":{"Data":[{"@Name":"updateTitle","#text":"9NFFX4SZZ23L-Microsoft.549981C3F5F10"},{"@Name":"updateGuid","#text":"57d05949-a23d-454d-a000-73dc257aa0e2"},{"@Name":"updateRevisionNumber","#text":"1"}]}}}
{"Event":{"System":{"Provider":{"@Name":"Microsoft-Windows-WindowsUpdateClient","@Guid":"945a8954-c147-4acd-923f-40c45405a658"},"EventID":"44","Version":"1","Level":"4","Task":"1","Opcode":"12","Keywords":"0x8000000000002004","TimeCreated":{"@SystemTime":"2024-10-22 20:26:36.5901851"},"EventRecordID":"3593","Correlation":null,"Execution":{"@ProcessID":"4396","@ThreadID":"4608"},"Channel":"System","Computer":"Server002","Security":{"@UserID":"S-1-5-18"}},"EventData":{"Data":[{"@Name":"updateTitle","#text":"9NBLGGH4RV3K-Microsoft.VCLibs.140.00.UWPDesktop"},{"@Name":"updateGuid","#text":"fcdd3b59-f41c-4595-b36b-245bacb749e8"},{"@Name":"updateRevisionNumber","#text":"1"}]}}}
{"Event":{"System":{"Provider":{"@Name":"Microsoft-Windows-WindowsUpdateClient","@Guid":"945a8954-c147-4acd-923f-40c45405a658"},"EventID":"44","Version":"1","Level":"4","Task":"1","Opcode":"12","Keywords":"0x8000000000002004","TimeCreated":{"@SystemTime":"2024-10-22 20:26:36.5901868"},"EventRecordID":"3594","Correlation":null,"Execution":{"@ProcessID":"4396","@ThreadID":"4608"},"Channel":"System","Computer":"Server002","Security":{"@UserID":"S-1-5-18"}},"EventData":{"Data":[{"@Name":"updateTitle","#text":"9NMPJ99VJBWV-Microsoft.YourPhone"},{"@Name":"updateGuid","#text":"398e8389-47af-4101-9e1b-de23a4cbc805"},{"@Name":"updateRevisionNumber","#text":"1"}]}}}
{"Event":{"System":{"Provider":{"@Name":"Microsoft-Windows-WindowsUpdateClient","@Guid":"945a8954-c147-4acd-923f-40c45405a658"},"EventID":"44","Version":"1","Level":"4","Task":"1","Opcode":"12","Keywords":"0x8000000000002004","TimeCreated":{"@SystemTime":"2024-10-22 20:26:36.5901876"},"EventRecordID":"3595","Correlation":null,"Execution":{"@ProcessID":"4396","@ThreadID":"4608"},"Channel":"System","Computer":"Server002","Security":{"@UserID":"S-1-5-18"}},"EventData":{"Data":[{"@Name":"updateTitle","#text":"9WZDNCRFJBMP-MICROSOFT.WINDOWSSTORE"},{"@Name":"updateGuid","#text":"e6ef63c2-bd77-47ec-9643-42cf1f82b9b4"},{"@Name":"updateRevisionNumber","#text":"1"}]}}}
{"Event":{"System":{"Provider":{"@Name":"Microsoft-Windows-WindowsUpdateClient","@Guid":"945a8954-c147-4acd-923f-40c45405a658"},"EventID":"44","Version":"1","Level":"4","Task":"1","Opcode":"12","Keywords":"0x8000000000002004","TimeCreated":{"@SystemTime":"2024-10-22 20:26:40.5582721"},"EventRecordID":"3596","Correlation":null,"Execution":{"@ProcessID":"4396","@ThreadID":"4608"},"Channel":"System","Computer":"Server002","Security":{"@UserID":"S-1-5-18"}},"EventData":{"Data":[{"@Name":"updateTitle","#text":"9NBLGGH3FRZM-Microsoft.VCLibs.140.00"},{"@Name":"updateGuid","#text":"7c4b0956-b3f1-40ac-a633-668abc5d6af2"},{"@Name":"updateRevisionNumber","#text":"1"}]}}}
{"Event":{"System":{"Provider":{"@Name":"Microsoft-Windows-WindowsUpdateClient","@Guid":"945a8954-c147-4acd-923f-40c45405a658"},"EventID":"44","Version":"1","Level":"4","Task":"1","Opcode":"12","Keywords":"0x8000000000002004","TimeCreated":{"@SystemTime":"2024-10-22 20:26:40.5582726"},"EventRecordID":"3597","Correlation":null,"Execution":{"@ProcessID":"4396","@ThreadID":"4608"},"Channel":"System","Computer":"Server002","Security":{"@UserID":"S-1-5-18"}},"EventData":{"Data":[{"@Name":"updateTitle","#text":"9NMPJ99VJBWV-Microsoft.YourPhone"},{"@Name":"updateGuid","#text":"398e8389-47af-4101-9e1b-de23a4cbc805"},{"@Name":"updateRevisionNumber","#text":"1"}]}}}
{"Event":{"System":{"Provider":{"@Name":"Microsoft-Windows-WindowsUpdateClient","@Guid":"945a8954-c147-4acd-923f-40c45405a658"},"EventID":"44","Version":"1","Level":"4","Task":"1","Opcode":"12","Keywords":"0x8000000000002004","TimeCreated":{"@SystemTime":"2024-10-22 20:26:40.5582731"},"EventRecordID":"3598","Correlation":null,"Execution":{"@ProcessID":"4396","@ThreadID":"4608"},"Channel":"System","Computer":"Server002","Security":{"@UserID":"S-1-5-18"}},"EventData":{"Data":[{"@Name":"updateTitle","#text":"9WZDNCRFJBMP-MICROSOFT.WINDOWSSTORE"},{"@Name":"updateGuid","#text":"e6ef63c2-bd77-47ec-9643-42cf1f82b9b4"},{"@Name":"updateRevisionNumber","#text":"1"}]}}}
{"Event":{"System":{"Provider":{"@Name":"Microsoft-Windows-WindowsUpdateClient","@Guid":"945a8954-c147-4acd-923f-40c45405a658"},"EventID":"44","Version":"1","Level":"4","Task":"1","Opcode":"12","Keywords":"0x8000000000002004","TimeCreated":{"@SystemTime":"2024-10-22 20:26:42.6797630"},"EventRecordID":"3599","Correlation":null,"Execution":{"@ProcessID":"4396","@ThreadID":"4608"},"Channel":"System","Computer":"Server002","Security":{"@UserID":"S-1-5-18"}},"EventData":{"Data":[{"@Name":"updateTitle","#text":"9PLL735RFDSM-Microsoft.NET.Native.Runtime.2.2"},{"@Name":"updateGuid","#text":"9c137291-4059-4cb8-b650-12b07bbe1da1"},{"@Name":"updateRevisionNumber","#text":"1"}]}}}
{"Event":{"System":{"Provider":{"@Name":"Microsoft-Windows-WindowsUpdateClient","@Guid":"945a8954-c147-4acd-923f-40c45405a658"},"EventID":"44","Version":"1","Level":"4","Task":"1","Opcode":"12","Keywords":"0x8000000000002004","TimeCreated":{"@SystemTime":"2024-10-22 20:26:42.6797641"},"EventRecordID":"3600","Correlation":null,"Execution":{"@ProcessID":"4396","@ThreadID":"4608"},"Channel":"System","Computer":"Server002","Security":{"@UserID":"S-1-5-18"}},"EventData":{"Data":[{"@Name":"updateTitle","#text":"9WZDNCRFJBMP-MICROSOFT.WINDOWSSTORE"},{"@Name":"updateGuid","#text":"e6ef63c2-bd77-47ec-9643-42cf1f82b9b4"},{"@Name":"updateRevisionNumber","#text":"1"}]}}}
{"Event":{"System":{"Provider":{"@Name":"Microsoft-Windows-WindowsUpdateClient","@Guid":"945a8954-c147-4acd-923f-40c45405a658"},"EventID":"44","Version":"1","Level":"4","Task":"1","Opcode":"12","Keywords":"0x8000000000002004","TimeCreated":{"@SystemTime":"2024-10-22 20:26:48.3095776"},"EventRecordID":"3601","Correlation":null,"Execution":{"@ProcessID":"4396","@ThreadID":"4608"},"Channel":"System","Computer":"Server002","Security":{"@UserID":"S-1-5-18"}},"EventData":{"Data":[{"@Name":"updateTitle","#text":"9MW2LKJ0TPJF-Microsoft.NET.Native.Framework.2.2"},{"@Name":"updateGuid","#text":"bfa7d40d-2cdf-4c15-98cf-85c847517da3"},{"@Name":"updateRevisionNumber","#text":"1"}]}}}
{"Event":{"System":{"Provider":{"@Name":"Microsoft-Windows-WindowsUpdateClient","@Guid":"945a8954-c147-4acd-923f-40c45405a658"},"EventID":"44","Version":"1","Level":"4","Task":"1","Opcode":"12","Keywords":"0x8000000000002004","TimeCreated":{"@SystemTime":"2024-10-22 20:26:48.3095791"},"EventRecordID":"3602","Correlation":null,"Execution":{"@ProcessID":"4396","@ThreadID":"4608"},"Channel":"System","Computer":"Server002","Security":{"@UserID":"S-1-5-18"}},"EventData":{"Data":[{"@Name":"updateTitle","#text":"9WZDNCRFJBMP-MICROSOFT.WINDOWSSTORE"},{"@Name":"updateGuid","#text":"e6ef63c2-bd77-47ec-9643-42cf1f82b9b4"},{"@Name":"updateRevisionNumber","#text":"1"}]}}}
{"Event":{"System":{"Provider":{"@Name":"Microsoft-Windows-WindowsUpdateClient","@Guid":"945a8954-c147-4acd-923f-40c45405a658"},"EventID":"44","Version":"1","Level":"4","Task":"1","Opcode":"12","Keywords":"0x8000000000002004","TimeCreated":{"@SystemTime":"2024-10-22 20:26:48.3095799"},"EventRecordID":"3603","Correlation":null,"Execution":{"@ProcessID":"4396","@ThreadID":"4608"},"Channel":"System","Computer":"Server002","Security":{"@UserID":"S-1-5-18"}},"EventData":{"Data":[{"@Name":"updateTitle","#text":"9WZDNCRFJBBG-MICROSOFT.WINDOWSCAMERA"},{"@Name":"updateGuid","#text":"90fd0423-b454-4953-9d83-433538cdb9e5"},{"@Name":"updateRevisionNumber","#text":"1"}]}}}
{"Event":{"System":{"Provider":{"@Name":"Microsoft-Windows-Kernel-General","@Guid":"a68ca8b7-004f-d7b6-a698-07e2de0f1f5d"},"EventID":"16","Version":"0","Level":"4","Task":"0","Opcode":"0","Keywords":"0x8000000000000000","TimeCreated":{"@SystemTime":"2024-10-22 20:26:50.4388204"},"EventRecordID":"3604","Correlation":null,"Execution":{"@ProcessID":"3764","@ThreadID":"5920"},"Channel":"System","Computer":"Server002","Security":{"@UserID":"S-1-5-18"}},"EventData":{"Data":[{"@Name":"HiveNameLength","#text":"136"},{"@Name":"HiveName","#text":"\\??\\C:\\ProgramData\\Microsoft\\Windows\\AppRepository\\Packages\\Microsoft.WindowsStore_22409.1401.5.0_x64__8wekyb3d8bbwe\\ActivationStore.dat"},{"@Name":"KeysUpdated","#text":"0"},{"@Name":"DirtyPages","#text":"0"}]}}}
