{"Event":{"System":{"Provider":{"@Name":"PowerShell"},"EventID":{"@Qualifiers":"0","#text":"600"},"Version":"0","Level":"4","Task":"6","Opcode":"0","Keywords":"0x80000000000000","TimeCreated":{"@SystemTime":"2024-10-27 12:13:08.5845400"},"EventRecordID":"1043","Correlation":null,"Execution":{"@ProcessID":"0","@ThreadID":"0"},"Channel":"Windows PowerShell","Computer":"Server002","Security":null},"EventData":{"Data":"Registry, Started, \tProviderName=Registry\r\n\tNewProviderState=Started\r\n\r\n\tSequenceNumber=1\r\n\r\n\tHostName=ConsoleHost\r\n\tHostVersion=5.1.19041.5007\r\n\tHostId=6d595006-6026-4a82-be5b-a034e9fec4d6\r\n\tHostApplication=powershell.exe &amp; {try{$response = invoke-webrequest \"https://T1530Test2.blob.core.windows.net//\" -method \"GET\"}\r\ncatch [system.net.webexception]\r\n{if($_.Exception.Response -ne $null)\r\n{$Response = $_.Exception.Response.GetResponseStream()\r\n$ReadResponse = New-Object System.IO.StreamReader($Response)\r\n$ReadResponse.BaseStream.Position = 0\r\n$responseBody = $ReadResponse.ReadToEnd()}\r\nelse {$responseBody = \"The storage account could not be anonymously accessed.\"}}\r\n\"Response received for T1530Test2.blob.core.windows.net//: $responsebody\" | out-file -filepath $env:temp\\T1530Test2.txt -append}\r\n\tEngineVersion=\r\n\tRunspaceId=\r\n\tPipelineId=\r\n\tCommandName=\r\n\tCommandType=\r\n\tScriptName=\r\n\tCommandPath=\r\n\tCommandLine=","Binary":""}}}
{"Event":{"System":{"Provider":{"@Name":"PowerShell"},"EventID":{"@Qualifiers":"0","#text":"600"},"Version":"0","Level":"4","Task":"6","Opcode":"0","Keywords":"0x80000000000000","TimeCreated":{"@SystemTime":"2024-10-27 12:13:08.5845400"},"EventRecordID":"1044","Correlation":null,"Execution":{"@ProcessID":"0","@ThreadID":"0"},"Channel":"Windows PowerShell","Computer":"Server002","Security":null},"EventData":{"Data":"Alias, Started, \tProviderName=Alias\r\n\tNewProviderState=Started\r\n\r\n\tSequenceNumber=3\r\n\r\n\tHostName=ConsoleHost\r\n\tHostVersion=5.1.19041.5007\r\n\tHostId=6d595006-6026-4a82-be5b-a034e9fec4d6\r\n\tHostApplication=powershell.exe &amp; {try{$response = invoke-webrequest \"https://T1530Test2.blob.core.windows.net//\" -method \"GET\"}\r\ncatch [system.net.webexception]\r\n{if($_.Exception.Response -ne $null)\r\n{$Response = $_.Exception.Response.GetResponseStream()\r\n$ReadResponse = New-Object System.IO.StreamReader($Response)\r\n$ReadResponse.BaseStream.Position = 0\r\n$responseBody = $ReadResponse.ReadToEnd()}\r\nelse {$responseBody = \"The storage account could not be anonymously accessed.\"}}\r\n\"Response received for T1530Test2.blob.core.windows.net//: $responsebody\" | out-file -filepath $env:temp\\T1530Test2.txt -append}\r\n\tEngineVersion=\r\n\tRunspaceId=\r\n\tPipelineId=\r\n\tCommandName=\r\n\tCommandType=\r\n\tScriptName=\r\n\tCommandPath=\r\n\tCommandLine=","Binary":""}}}
{"Event":{"System":{"Provider":{"@Name":"PowerShell"},"EventID":{"@Qualifiers":"0","#text":"600"},"Version":"0","Level":"4","Task":"6","Opcode":"0","Keywords":"0x80000000000000","TimeCreated":{"@SystemTime":"2024-10-27 12:13:08.5845400"},"EventRecordID":"1045","Correlation":null,"Execution":{"@ProcessID":"0","@ThreadID":"0"},"Channel":"Windows PowerShell","Computer":"Server002","Security":null},"EventData":{"Data":"Environment, Started, \tProviderName=Environment\r\n\tNewProviderState=Started\r\n\r\n\tSequenceNumber=5\r\n\r\n\tHostName=ConsoleHost\r\n\tHostVersion=5.1.19041.5007\r\n\tHostId=6d595006-6026-4a82-be5b-a034e9fec4d6\r\n\tHostApplication=powershell.exe &amp; {try{$response = invoke-webrequest \"https://T1530Test2.blob.core.windows.net//\" -method \"GET\"}\r\ncatch [system.net.webexception]\r\n{if($_.Exception.Response -ne $null)\r\n{$Response = $_.Exception.Response.GetResponseStream()\r\n$ReadResponse = New-Object System.IO.StreamReader($Response)\r\n$ReadResponse.BaseStream.Position = 0\r\n$responseBody = $ReadResponse.ReadToEnd()}\r\nelse {$responseBody = \"The storage account could not be anonymously accessed.\"}}\r\n\"Response received for T1530Test2.blob.core.windows.net//: $responsebody\" | out-file -filepath $env:temp\\T1530Test2.txt -append}\r\n\tEngineVersion=\r\n\tRunspaceId=\r\n\tPipelineId=\r\n\tCommandName=\r\n\tCommandType=\r\n\tScriptName=\r\n\tCommandPath=\r\n\tCommandLine=","Binary":""}}}
{"Event":{"System":{"Provider":{"@Name":"PowerShell"},"EventID":{"@Qualifiers":"0","#text":"600"},"Version":"0","Level":"4","Task":"6","Opcode":"0","Keywords":"0x80000000000000","TimeCreated":{"@SystemTime":"2024-10-27 12:13:08.5999561"},"EventRecordID":"1046","Correlation":null,"Execution":{"@ProcessID":"0","@ThreadID":"0"},"Channel":"Windows PowerShell","Computer":"Server002","Security":null},"EventData":{"Data":"FileSystem, Started, \tProviderName=FileSystem\r\n\tNewProviderState=Started\r\n\r\n\tSequenceNumber=7\r\n\r\n\tHostName=ConsoleHost\r\n\tHostVersion=5.1.19041.5007\r\n\tHostId=6d595006-6026-4a82-be5b-a034e9fec4d6\r\n\tHostApplication=powershell.exe &amp; {try{$response = invoke-webrequest \"https://T1530Test2.blob.core.windows.net//\" -method \"GET\"}\r\ncatch [system.net.webexception]\r\n{if($_.Exception.Response -ne $null)\r\n{$Response = $_.Exception.Response.GetResponseStream()\r\n$ReadResponse = New-Object System.IO.StreamReader($Response)\r\n$ReadResponse.BaseStream.Position = 0\r\n$responseBody = $ReadResponse.ReadToEnd()}\r\nelse {$responseBody = \"The storage account could not be anonymously accessed.\"}}\r\n\"Response received for T1530Test2.blob.core.windows.net//: $responsebody\" | out-file -filepath $env:temp\\T1530Test2.txt -append}\r\n\tEngineVersion=\r\n\tRunspaceId=\r\n\tPipelineId=\r\n\tCommandName=\r\n\tCommandType=\r\n\tScriptName=\r\n\tCommandPath=\r\n\tCommandLine=","Binary":""}}}
{"Event":{"System":{"Provider":{"@Name":"PowerShell"},"EventID":{"@Qualifiers":"0","#text":"600"},"Version":"0","Level":"4","Task":"6","Opcode":"0","Keywords":"0x80000000000000","TimeCreated":{"@SystemTime":"2024-10-27 12:13:08.5999561"},"EventRecordID":"1047","Correlation":null,"Execution":{"@ProcessID":"0","@ThreadID":"0"},"Channel":"Windows PowerShell","Computer":"Server002","Security":null},"EventData":{"Data":"Function, Started, \tProviderName=Function\r\n\tNewProviderState=Started\r\n\r\n\tSequenceNumber=9\r\n\r\n\tHostName=ConsoleHost\r\n\tHostVersion=5.1.19041.5007\r\n\tHostId=6d595006-6026-4a82-be5b-a034e9fec4d6\r\n\tHostApplication=powershell.exe &amp; {try{$response = invoke-webrequest \"https://T1530Test2.blob.core.windows.net//\" -method \"GET\"}\r\ncatch [system.net.webexception]\r\n{if($_.Exception.Response -ne $null)\r\n{$Response = $_.Exception.Response.GetResponseStream()\r\n$ReadResponse = New-Object System.IO.StreamReader($Response)\r\n$ReadResponse.BaseStream.Position = 0\r\n$responseBody = $ReadResponse.ReadToEnd()}\r\nelse {$responseBody = \"The storage account could not be anonymously accessed.\"}}\r\n\"Response received for T1530Test2.blob.core.windows.net//: $responsebody\" | out-file -filepath $env:temp\\T1530Test2.txt -append}\r\n\tEngineVersion=\r\n\tRunspaceId=\r\n\tPipelineId=\r\n\tCommandName=\r\n\tCommandType=\r\n\tScriptName=\r\n\tCommandPath=\r\n\tCommandLine=","Binary":""}}}
{"Event":{"System":{"Provider":{"@Name":"PowerShell"},"EventID":{"@Qualifiers":"0","#text":"600"},"Version":"0","Level":"4","Task":"6","Opcode":"0","Keywords":"0x80000000000000","TimeCreated":{"@SystemTime":"2024-10-27 12:13:08.5999561"},"EventRecordID":"1048","Correlation":null,"Execution":{"@ProcessID":"0","@ThreadID":"0"},"Channel":"Windows PowerShell","Computer":"Server002","Security":null},"EventData":{"Data":"Variable, Started, \tProviderName=Variable\r\n\tNewProviderState=Started\r\n\r\n\tSequenceNumber=11\r\n\r\n\tHostName=ConsoleHost\r\n\tHostVersion=5.1.19041.5007\r\n\tHostId=6d595006-6026-4a82-be5b-a034e9fec4d6\r\n\tHostApplication=powershell.exe &amp; {try{$response = invoke-webrequest \"https://T1530Test2.blob.core.windows.net//\" -method \"GET\"}\r\ncatch [system.net.webexception]\r\n{if($_.Exception.Response -ne $null)\r\n{$Response = $_.Exception.Response.GetResponseStream()\r\n$ReadResponse = New-Object System.IO.StreamReader($Response)\r\n$ReadResponse.BaseStream.Position = 0\r\n$responseBody = $ReadResponse.ReadToEnd()}\r\nelse {$responseBody = \"The storage account could not be anonymously accessed.\"}}\r\n\"Response received for T1530Test2.blob.core.windows.net//: $responsebody\" | out-file -filepath $env:temp\\T1530Test2.txt -append}\r\n\tEngineVersion=\r\n\tRunspaceId=\r\n\tPipelineId=\r\n\tCommandName=\r\n\tCommandType=\r\n\tScriptName=\r\n\tCommandPath=\r\n\tCommandLine=","Binary":""}}}
{"Event":{"System":{"Provider":{"@Name":"PowerShell"},"EventID":{"@Qualifiers":"0","#text":"400"},"Version":"0","Level":"4","Task":"4","Opcode":"0","Keywords":"0x80000000000000","TimeCreated":{"@SystemTime":"2024-10-27 12:13:08.7438624"},"EventRecordID":"1049","Correlation":null,"Execution":{"@ProcessID":"0","@ThreadID":"0"},"Channel":"Windows PowerShell","Computer":"Server002","Security":null},"EventData":{"Data":"Available, None, \tNewEngineState=Available\r\n\tPreviousEngineState=None\r\n\r\n\tSequenceNumber=13\r\n\r\n\tHostName=ConsoleHost\r\n\tHostVersion=5.1.19041.5007\r\n\tHostId=6d595006-6026-4a82-be5b-a034e9fec4d6\r\n\tHostApplication=powershell.exe &amp; {try{$response = invoke-webrequest \"https://T1530Test2.blob.core.windows.net//\" -method \"GET\"}\r\ncatch [system.net.webexception]\r\n{if($_.Exception.Response -ne $null)\r\n{$Response = $_.Exception.Response.GetResponseStream()\r\n$ReadResponse = New-Object System.IO.StreamReader($Response)\r\n$ReadResponse.BaseStream.Position = 0\r\n$responseBody = $ReadResponse.ReadToEnd()}\r\nelse {$responseBody = \"The storage account could not be anonymously accessed.\"}}\r\n\"Response received for T1530Test2.blob.core.windows.net//: $responsebody\" | out-file -filepath $env:temp\\T1530Test2.txt -append}\r\n\tEngineVersion=5.1.19041.5007\r\n\tRunspaceId=9e95ae83-f33f-4bd2-a773-c7ff7a2b446b\r\n\tPipelineId=\r\n\tCommandName=\r\n\tCommandType=\r\n\tScriptName=\r\n\tCommandPath=\r\n\tCommandLine=","Binary":""}}}
{"Event":{"System":{"Provider":{"@Name":"PowerShell"},"EventID":{"@Qualifiers":"0","#text":"403"},"Version":"0","Level":"4","Task":"4","Opcode":"0","Keywords":"0x80000000000000","TimeCreated":{"@SystemTime":"2024-10-27 12:13:10.0164350"},"EventRecordID":"1050","Correlation":null,"Execution":{"@ProcessID":"0","@ThreadID":"0"},"Channel":"Windows PowerShell","Computer":"Server002","Security":null},"EventData":{"Data":"Stopped, Available, \tNewEngineState=Stopped\r\n\tPreviousEngineState=Available\r\n\r\n\tSequenceNumber=16\r\n\r\n\tHostName=ConsoleHost\r\n\tHostVersion=5.1.19041.5007\r\n\tHostId=6d595006-6026-4a82-be5b-a034e9fec4d6\r\n\tHostApplication=powershell.exe &amp; {try{$response = invoke-webrequest \"https://T1530Test2.blob.core.windows.net//\" -method \"GET\"}\r\ncatch [system.net.webexception]\r\n{if($_.Exception.Response -ne $null)\r\n{$Response = $_.Exception.Response.GetResponseStream()\r\n$ReadResponse = New-Object System.IO.StreamReader($Response)\r\n$ReadResponse.BaseStream.Position = 0\r\n$responseBody = $ReadResponse.ReadToEnd()}\r\nelse {$responseBody = \"The storage account could not be anonymously accessed.\"}}\r\n\"Response received for T1530Test2.blob.core.windows.net//: $responsebody\" | out-file -filepath $env:temp\\T1530Test2.txt -append}\r\n\tEngineVersion=5.1.19041.5007\r\n\tRunspaceId=9e95ae83-f33f-4bd2-a773-c7ff7a2b446b\r\n\tPipelineId=\r\n\tCommandName=\r\n\tCommandType=\r\n\tScriptName=\r\n\tCommandPath=\r\n\tCommandLine=","Binary":""}}}
