{"Event":{"System":{"Provider":{"@Name":"Microsoft-Windows-Sysmon","@Guid":"5770385f-c22a-43e0-bf4c-06f5698ffbd9"},"EventID":"1","Version":"5","Level":"4","Task":"1","Opcode":"0","Keywords":"0x8000000000000000","TimeCreated":{"@SystemTime":"2024-10-26 17:52:02.1131500"},"EventRecordID":"18281","Correlation":null,"Execution":{"@ProcessID":"2552","@ThreadID":"3884"},"Channel":"Microsoft-Windows-Sysmon/Operational","Computer":"Server002","Security":{"@UserID":"S-1-5-18"}},"EventData":{"Data":[{"@Name":"RuleName","#text":"-"},{"@Name":"UtcTime","#text":"2024-10-26 17:52:02.066"},{"@Name":"ProcessGuid","#text":"dbf410b3-2c42-671d-6601-000000003900"},{"@Name":"ProcessId","#text":"2652"},{"@Name":"Image","#text":"C:\\Program Files (x86)\\Splashtop\\Splashtop Remote\\Client for STP\\strwinclt.exe"},{"@Name":"FileVersion","#text":"3.66.0.438"},{"@Name":"Description","#text":"Splashtop Personal - Remote Desktop for Windows"},{"@Name":"Product","#text":"Splashtop Personal - Remote Desktop for Windows"},{"@Name":"Company","#text":"Splashtop Inc."},{"@Name":"OriginalFileName","#text":"-"},{"@Name":"CommandLine","#text":"\"C:\\Program Files (x86)\\Splashtop\\Splashtop Remote\\Client for STP\\strwinclt.exe\" "},{"@Name":"CurrentDirectory","#text":"C:\\Users\\admin_test\\AppData\\Local\\Temp\\"},{"@Name":"User","#text":"SERVER002\\admin_test"},{"@Name":"LogonGuid","#text":"dbf410b3-2bcc-671d-e0b7-120000000000"},{"@Name":"LogonId","#text":"0x12B7E0"},{"@Name":"TerminalSessionId","#text":"0"},{"@Name":"IntegrityLevel","#text":"High"},{"@Name":"Hashes","#text":"SHA256=DD4319BCD12739C20A66985732FB5DAA0C322B23E6032962D0928E9CB0B5AB97"},{"@Name":"ParentProcessGuid","#text":"dbf410b3-2c40-671d-5f01-000000003900"},{"@Name":"ParentProcessId","#text":"7108"},{"@Name":"ParentImage","#text":"C:\\Windows\\System32\\WindowsPowerShell\\v1.0\\powershell.exe"},{"@Name":"ParentCommandLine","#text":"\"powershell.exe\" &amp; {Start-Process \\\"\"${env:programfiles(x86)}\\Splashtop\\Splashtop Remote\\Client for STP\\strwinclt.exe\\\"\"}"},{"@Name":"ParentUser","#text":"SERVER002\\admin_test"}]}}}
{"Event":{"System":{"Provider":{"@Name":"Microsoft-Windows-Sysmon","@Guid":"5770385f-c22a-43e0-bf4c-06f5698ffbd9"},"EventID":"5","Version":"3","Level":"4","Task":"5","Opcode":"0","Keywords":"0x8000000000000000","TimeCreated":{"@SystemTime":"2024-10-26 17:52:02.1727668"},"EventRecordID":"18282","Correlation":null,"Execution":{"@ProcessID":"2552","@ThreadID":"3884"},"Channel":"Microsoft-Windows-Sysmon/Operational","Computer":"Server002","Security":{"@UserID":"S-1-5-18"}},"EventData":{"Data":[{"@Name":"RuleName","#text":"-"},{"@Name":"UtcTime","#text":"2024-10-26 17:52:02.169"},{"@Name":"ProcessGuid","#text":"dbf410b3-2c40-671d-5f01-000000003900"},{"@Name":"ProcessId","#text":"7108"},{"@Name":"Image","#text":"C:\\Windows\\System32\\WindowsPowerShell\\v1.0\\powershell.exe"},{"@Name":"User","#text":"SERVER002\\admin_test"}]}}}
{"Event":{"System":{"Provider":{"@Name":"Microsoft-Windows-Sysmon","@Guid":"5770385f-c22a-43e0-bf4c-06f5698ffbd9"},"EventID":"5","Version":"3","Level":"4","Task":"5","Opcode":"0","Keywords":"0x8000000000000000","TimeCreated":{"@SystemTime":"2024-10-26 17:52:02.1962209"},"EventRecordID":"18283","Correlation":null,"Execution":{"@ProcessID":"2552","@ThreadID":"3884"},"Channel":"Microsoft-Windows-Sysmon/Operational","Computer":"Server002","Security":{"@UserID":"S-1-5-18"}},"EventData":{"Data":[{"@Name":"RuleName","#text":"-"},{"@Name":"UtcTime","#text":"2024-10-26 17:52:02.190"},{"@Name":"ProcessGuid","#text":"dbf410b3-2c40-671d-6001-000000003900"},{"@Name":"ProcessId","#text":"2672"},{"@Name":"Image","#text":"C:\\Windows\\System32\\conhost.exe"},{"@Name":"User","#text":"SERVER002\\admin_test"}]}}}
{"Event":{"System":{"Provider":{"@Name":"Microsoft-Windows-Sysmon","@Guid":"5770385f-c22a-43e0-bf4c-06f5698ffbd9"},"EventID":"5","Version":"3","Level":"4","Task":"5","Opcode":"0","Keywords":"0x8000000000000000","TimeCreated":{"@SystemTime":"2024-10-26 17:52:03.1034694"},"EventRecordID":"18284","Correlation":null,"Execution":{"@ProcessID":"2552","@ThreadID":"3884"},"Channel":"Microsoft-Windows-Sysmon/Operational","Computer":"Server002","Security":{"@UserID":"S-1-5-18"}},"EventData":{"Data":[{"@Name":"RuleName","#text":"-"},{"@Name":"UtcTime","#text":"2024-10-26 17:52:03.093"},{"@Name":"ProcessGuid","#text":"dbf410b3-2c29-671d-d900-000000003900"},{"@Name":"ProcessId","#text":"5964"},{"@Name":"Image","#text":"C:\\Users\\ADMIN_~1\\AppData\\Local\\Temp\\ExternalPayloads\\splashtop_install.exe"},{"@Name":"User","#text":"SERVER002\\admin_test"}]}}}
{"Event":{"System":{"Provider":{"@Name":"Microsoft-Windows-Sysmon","@Guid":"5770385f-c22a-43e0-bf4c-06f5698ffbd9"},"EventID":"1","Version":"5","Level":"4","Task":"1","Opcode":"0","Keywords":"0x8000000000000000","TimeCreated":{"@SystemTime":"2024-10-26 17:52:03.4360269"},"EventRecordID":"18285","Correlation":null,"Execution":{"@ProcessID":"2552","@ThreadID":"3884"},"Channel":"Microsoft-Windows-Sysmon/Operational","Computer":"Server002","Security":{"@UserID":"S-1-5-18"}},"EventData":{"Data":[{"@Name":"RuleName","#text":"-"},{"@Name":"UtcTime","#text":"2024-10-26 17:52:03.433"},{"@Name":"ProcessGuid","#text":"dbf410b3-2c43-671d-6701-000000003900"},{"@Name":"ProcessId","#text":"2616"},{"@Name":"Image","#text":"C:\\Windows\\System32\\wbem\\WmiPrvSE.exe"},{"@Name":"FileVersion","#text":"10.0.19041.3636 (WinBuild.160101.0800)"},{"@Name":"Description","#text":"WMI Provider Host"},{"@Name":"Product","#text":"Microsoft® Windows® Operating System"},{"@Name":"Company","#text":"Microsoft Corporation"},{"@Name":"OriginalFileName","#text":"Wmiprvse.exe"},{"@Name":"CommandLine","#text":"C:\\Windows\\system32\\wbem\\wmiprvse.exe -secured -Embedding"},{"@Name":"CurrentDirectory","#text":"C:\\Windows\\system32\\"},{"@Name":"User","#text":"NT AUTHORITY\\NETWORK SERVICE"},{"@Name":"LogonGuid","#text":"dbf410b3-4763-671d-e403-000000000000"},{"@Name":"LogonId","#text":"0x3E4"},{"@Name":"TerminalSessionId","#text":"0"},{"@Name":"IntegrityLevel","#text":"System"},{"@Name":"Hashes","#text":"SHA256=8BBDEAD7357AF7BF0EFE397F9FD7E0EC578755EB8BDBAA65AE4F28EF00087AD5"},{"@Name":"ParentProcessGuid","#text":"00000000-0000-0000-0000-000000000000"},{"@Name":"ParentProcessId","#text":"772"},{"@Name":"ParentImage","#text":"-"},{"@Name":"ParentCommandLine","#text":"-"},{"@Name":"ParentUser","#text":"-"}]}}}
{"Event":{"System":{"Provider":{"@Name":"Microsoft-Windows-Sysmon","@Guid":"5770385f-c22a-43e0-bf4c-06f5698ffbd9"},"EventID":"1","Version":"5","Level":"4","Task":"1","Opcode":"0","Keywords":"0x8000000000000000","TimeCreated":{"@SystemTime":"2024-10-26 17:52:13.9957447"},"EventRecordID":"18286","Correlation":null,"Execution":{"@ProcessID":"2552","@ThreadID":"3884"},"Channel":"Microsoft-Windows-Sysmon/Operational","Computer":"Server002","Security":{"@UserID":"S-1-5-18"}},"EventData":{"Data":[{"@Name":"RuleName","#text":"-"},{"@Name":"UtcTime","#text":"2024-10-26 17:52:13.991"},{"@Name":"ProcessGuid","#text":"dbf410b3-2c4d-671d-6801-000000003900"},{"@Name":"ProcessId","#text":"1372"},{"@Name":"Image","#text":"C:\\Windows\\System32\\svchost.exe"},{"@Name":"FileVersion","#text":"10.0.19041.4355 (WinBuild.160101.0800)"},{"@Name":"Description","#text":"Host Process for Windows Services"},{"@Name":"Product","#text":"Microsoft® Windows® Operating System"},{"@Name":"Company","#text":"Microsoft Corporation"},{"@Name":"OriginalFileName","#text":"svchost.exe"},{"@Name":"CommandLine","#text":"C:\\Windows\\System32\\svchost.exe -k netsvcs -p -s Browser"},{"@Name":"CurrentDirectory","#text":"C:\\Windows\\system32\\"},{"@Name":"User","#text":"NT AUTHORITY\\SYSTEM"},{"@Name":"LogonGuid","#text":"dbf410b3-4762-671d-e703-000000000000"},{"@Name":"LogonId","#text":"0x3E7"},{"@Name":"TerminalSessionId","#text":"0"},{"@Name":"IntegrityLevel","#text":"System"},{"@Name":"Hashes","#text":"SHA256=6FC3BF1FDFD76860BE782554F8D25BD32F108DB934D70F4253F1E5F23522E503"},{"@Name":"ParentProcessGuid","#text":"00000000-0000-0000-0000-000000000000"},{"@Name":"ParentProcessId","#text":"656"},{"@Name":"ParentImage","#text":"-"},{"@Name":"ParentCommandLine","#text":"-"},{"@Name":"ParentUser","#text":"-"}]}}}
{"Event":{"System":{"Provider":{"@Name":"Microsoft-Windows-Sysmon","@Guid":"5770385f-c22a-43e0-bf4c-06f5698ffbd9"},"EventID":"1","Version":"5","Level":"4","Task":"1","Opcode":"0","Keywords":"0x8000000000000000","TimeCreated":{"@SystemTime":"2024-10-26 17:52:14.6491209"},"EventRecordID":"18287","Correlation":null,"Execution":{"@ProcessID":"2552","@ThreadID":"3884"},"Channel":"Microsoft-Windows-Sysmon/Operational","Computer":"Server002","Security":{"@UserID":"S-1-5-18"}},"EventData":{"Data":[{"@Name":"RuleName","#text":"-"},{"@Name":"UtcTime","#text":"2024-10-26 17:52:14.647"},{"@Name":"ProcessGuid","#text":"dbf410b3-2c4e-671d-6901-000000003900"},{"@Name":"ProcessId","#text":"6080"},{"@Name":"Image","#text":"C:\\Program Files (x86)\\Microsoft\\EdgeUpdate\\Install\\{4FAF3980-9480-4FF3-B5C4-B0BC4F5CE09C}\\EDGEMITMP_9DD7E.tmp\\setup.exe"},{"@Name":"FileVersion","#text":"130.0.2849.56"},{"@Name":"Description","#text":"Microsoft Edge Installer"},{"@Name":"Product","#text":"Microsoft Edge Installer"},{"@Name":"Company","#text":"Microsoft Corporation"},{"@Name":"OriginalFileName","#text":"setup.exe"},{"@Name":"CommandLine","#text":"\"C:\\Program Files (x86)\\Microsoft\\EdgeUpdate\\Install\\{4FAF3980-9480-4FF3-B5C4-B0BC4F5CE09C}\\EDGEMITMP_9DD7E.tmp\\setup.exe\" --msedge --channel=stable --system-level --verbose-logging --create-shortcuts=2 --install-level=1"},{"@Name":"CurrentDirectory","#text":"C:\\Program Files (x86)\\Microsoft\\EdgeUpdate\\1.3.195.27\\"},{"@Name":"User","#text":"NT AUTHORITY\\SYSTEM"},{"@Name":"LogonGuid","#text":"dbf410b3-4762-671d-e703-000000000000"},{"@Name":"LogonId","#text":"0x3E7"},{"@Name":"TerminalSessionId","#text":"0"},{"@Name":"IntegrityLevel","#text":"System"},{"@Name":"Hashes","#text":"SHA256=273F8406A9622DDD0E92762837AF4598770B5EFE6AA8A999DA809E77B7B7882F"},{"@Name":"ParentProcessGuid","#text":"dbf410b3-2c0a-671d-d700-000000003900"},{"@Name":"ParentProcessId","#text":"6552"},{"@Name":"ParentImage","#text":"C:\\Program Files (x86)\\Microsoft\\EdgeUpdate\\Install\\{4FAF3980-9480-4FF3-B5C4-B0BC4F5CE09C}\\EDGEMITMP_9DD7E.tmp\\setup.exe"},{"@Name":"ParentCommandLine","#text":"\"C:\\Program Files (x86)\\Microsoft\\EdgeUpdate\\Install\\{4FAF3980-9480-4FF3-B5C4-B0BC4F5CE09C}\\EDGEMITMP_9DD7E.tmp\\setup.exe\" --install-archive=\"C:\\Program Files (x86)\\Microsoft\\EdgeUpdate\\Install\\{4FAF3980-9480-4FF3-B5C4-B0BC4F5CE09C}\\MicrosoftEdge_X64_130.0.2849.56_129.0.2792.89.exe\" --previous-version=\"129.0.2792.89\" --msedge --verbose-logging --do-not-launch-msedge --system-level --channel=stable"},{"@Name":"ParentUser","#text":"NT AUTHORITY\\SYSTEM"}]}}}
{"Event":{"System":{"Provider":{"@Name":"Microsoft-Windows-Sysmon","@Guid":"5770385f-c22a-43e0-bf4c-06f5698ffbd9"},"EventID":"1","Version":"5","Level":"4","Task":"1","Opcode":"0","Keywords":"0x8000000000000000","TimeCreated":{"@SystemTime":"2024-10-26 17:52:14.7115112"},"EventRecordID":"18288","Correlation":null,"Execution":{"@ProcessID":"2552","@ThreadID":"3884"},"Channel":"Microsoft-Windows-Sysmon/Operational","Computer":"Server002","Security":{"@UserID":"S-1-5-18"}},"EventData":{"Data":[{"@Name":"RuleName","#text":"-"},{"@Name":"UtcTime","#text":"2024-10-26 17:52:14.709"},{"@Name":"ProcessGuid","#text":"dbf410b3-2c4e-671d-6a01-000000003900"},{"@Name":"ProcessId","#text":"6948"},{"@Name":"Image","#text":"C:\\Program Files (x86)\\Microsoft\\EdgeUpdate\\Install\\{4FAF3980-9480-4FF3-B5C4-B0BC4F5CE09C}\\EDGEMITMP_9DD7E.tmp\\setup.exe"},{"@Name":"FileVersion","#text":"130.0.2849.56"},{"@Name":"Description","#text":"Microsoft Edge Installer"},{"@Name":"Product","#text":"Microsoft Edge Installer"},{"@Name":"Company","#text":"Microsoft Corporation"},{"@Name":"OriginalFileName","#text":"setup.exe"},{"@Name":"CommandLine","#text":"\"C:\\Program Files (x86)\\Microsoft\\EdgeUpdate\\Install\\{4FAF3980-9480-4FF3-B5C4-B0BC4F5CE09C}\\EDGEMITMP_9DD7E.tmp\\setup.exe\" --type=crashpad-handler /prefetch:4 --monitor-self-annotation=ptype=crashpad-handler --database=C:\\Windows\\SystemTemp\\MsEdgeCrashpad --annotation=IsOfficialBuild=1 --annotation=channel= --annotation=chromium-version=130.0.6723.70 \"--annotation=exe=C:\\Program Files (x86)\\Microsoft\\EdgeUpdate\\Install\\{4FAF3980-9480-4FF3-B5C4-B0BC4F5CE09C}\\EDGEMITMP_9DD7E.tmp\\setup.exe\" --annotation=plat=Win64 --annotation=prod=Edge --annotation=ver=130.0.2849.56 --initial-client-data=0x23c,0x240,0x244,0x218,0x248,0x7ff79d93d730,0x7ff79d93d73c,0x7ff79d93d748"},{"@Name":"CurrentDirectory","#text":"C:\\Program Files (x86)\\Microsoft\\EdgeUpdate\\1.3.195.27\\"},{"@Name":"User","#text":"NT AUTHORITY\\SYSTEM"},{"@Name":"LogonGuid","#text":"dbf410b3-4762-671d-e703-000000000000"},{"@Name":"LogonId","#text":"0x3E7"},{"@Name":"TerminalSessionId","#text":"0"},{"@Name":"IntegrityLevel","#text":"System"},{"@Name":"Hashes","#text":"SHA256=273F8406A9622DDD0E92762837AF4598770B5EFE6AA8A999DA809E77B7B7882F"},{"@Name":"ParentProcessGuid","#text":"dbf410b3-2c4e-671d-6901-000000003900"},{"@Name":"ParentProcessId","#text":"6080"},{"@Name":"ParentImage","#text":"C:\\Program Files (x86)\\Microsoft\\EdgeUpdate\\Install\\{4FAF3980-9480-4FF3-B5C4-B0BC4F5CE09C}\\EDGEMITMP_9DD7E.tmp\\setup.exe"},{"@Name":"ParentCommandLine","#text":"\"C:\\Program Files (x86)\\Microsoft\\EdgeUpdate\\Install\\{4FAF3980-9480-4FF3-B5C4-B0BC4F5CE09C}\\EDGEMITMP_9DD7E.tmp\\setup.exe\" --msedge --channel=stable --system-level --verbose-logging --create-shortcuts=2 --install-level=1"},{"@Name":"ParentUser","#text":"NT AUTHORITY\\SYSTEM"}]}}}
{"Event":{"System":{"Provider":{"@Name":"Microsoft-Windows-Sysmon","@Guid":"5770385f-c22a-43e0-bf4c-06f5698ffbd9"},"EventID":"5","Version":"3","Level":"4","Task":"5","Opcode":"0","Keywords":"0x8000000000000000","TimeCreated":{"@SystemTime":"2024-10-26 17:52:14.9336891"},"EventRecordID":"18289","Correlation":null,"Execution":{"@ProcessID":"2552","@ThreadID":"3884"},"Channel":"Microsoft-Windows-Sysmon/Operational","Computer":"Server002","Security":{"@UserID":"S-1-5-18"}},"EventData":{"Data":[{"@Name":"RuleName","#text":"-"},{"@Name":"UtcTime","#text":"2024-10-26 17:52:14.932"},{"@Name":"ProcessGuid","#text":"dbf410b3-2c4e-671d-6901-000000003900"},{"@Name":"ProcessId","#text":"6080"},{"@Name":"Image","#text":"C:\\Program Files (x86)\\Microsoft\\EdgeUpdate\\Install\\{4FAF3980-9480-4FF3-B5C4-B0BC4F5CE09C}\\EDGEMITMP_9DD7E.tmp\\setup.exe"},{"@Name":"User","#text":"NT AUTHORITY\\SYSTEM"}]}}}
{"Event":{"System":{"Provider":{"@Name":"Microsoft-Windows-Sysmon","@Guid":"5770385f-c22a-43e0-bf4c-06f5698ffbd9"},"EventID":"5","Version":"3","Level":"4","Task":"5","Opcode":"0","Keywords":"0x8000000000000000","TimeCreated":{"@SystemTime":"2024-10-26 17:52:14.9438829"},"EventRecordID":"18290","Correlation":null,"Execution":{"@ProcessID":"2552","@ThreadID":"3884"},"Channel":"Microsoft-Windows-Sysmon/Operational","Computer":"Server002","Security":{"@UserID":"S-1-5-18"}},"EventData":{"Data":[{"@Name":"RuleName","#text":"-"},{"@Name":"UtcTime","#text":"2024-10-26 17:52:14.943"},{"@Name":"ProcessGuid","#text":"dbf410b3-2c4e-671d-6a01-000000003900"},{"@Name":"ProcessId","#text":"6948"},{"@Name":"Image","#text":"C:\\Program Files (x86)\\Microsoft\\EdgeUpdate\\Install\\{4FAF3980-9480-4FF3-B5C4-B0BC4F5CE09C}\\EDGEMITMP_9DD7E.tmp\\setup.exe"},{"@Name":"User","#text":"NT AUTHORITY\\SYSTEM"}]}}}
{"Event":{"System":{"Provider":{"@Name":"Microsoft-Windows-Sysmon","@Guid":"5770385f-c22a-43e0-bf4c-06f5698ffbd9"},"EventID":"1","Version":"5","Level":"4","Task":"1","Opcode":"0","Keywords":"0x8000000000000000","TimeCreated":{"@SystemTime":"2024-10-26 17:52:15.1512970"},"EventRecordID":"18291","Correlation":null,"Execution":{"@ProcessID":"2552","@ThreadID":"3884"},"Channel":"Microsoft-Windows-Sysmon/Operational","Computer":"Server002","Security":{"@UserID":"S-1-5-18"}},"EventData":{"Data":[{"@Name":"RuleName","#text":"-"},{"@Name":"UtcTime","#text":"2024-10-26 17:52:15.119"},{"@Name":"ProcessGuid","#text":"dbf410b3-2c4f-671d-6b01-000000003900"},{"@Name":"ProcessId","#text":"6216"},{"@Name":"Image","#text":"C:\\Program Files (x86)\\Microsoft\\Edge\\Application\\130.0.2849.56\\Installer\\setup.exe"},{"@Name":"FileVersion","#text":"130.0.2849.56"},{"@Name":"Description","#text":"Microsoft Edge Installer"},{"@Name":"Product","#text":"Microsoft Edge Installer"},{"@Name":"Company","#text":"Microsoft Corporation"},{"@Name":"OriginalFileName","#text":"setup.exe"},{"@Name":"CommandLine","#text":"\"C:\\Program Files (x86)\\Microsoft\\Edge\\Application\\130.0.2849.56\\Installer\\setup.exe\" --msedge --channel=stable --register-package-identity --verbose-logging --system-level"},{"@Name":"CurrentDirectory","#text":"C:\\Program Files (x86)\\Microsoft\\Edge\\Application\\130.0.2849.56\\Installer\\"},{"@Name":"User","#text":"NT AUTHORITY\\SYSTEM"},{"@Name":"LogonGuid","#text":"dbf410b3-4762-671d-e703-000000000000"},{"@Name":"LogonId","#text":"0x3E7"},{"@Name":"TerminalSessionId","#text":"0"},{"@Name":"IntegrityLevel","#text":"System"},{"@Name":"Hashes","#text":"SHA256=273F8406A9622DDD0E92762837AF4598770B5EFE6AA8A999DA809E77B7B7882F"},{"@Name":"ParentProcessGuid","#text":"dbf410b3-2c0a-671d-d700-000000003900"},{"@Name":"ParentProcessId","#text":"6552"},{"@Name":"ParentImage","#text":"C:\\Program Files (x86)\\Microsoft\\EdgeUpdate\\Install\\{4FAF3980-9480-4FF3-B5C4-B0BC4F5CE09C}\\EDGEMITMP_9DD7E.tmp\\setup.exe"},{"@Name":"ParentCommandLine","#text":"\"C:\\Program Files (x86)\\Microsoft\\EdgeUpdate\\Install\\{4FAF3980-9480-4FF3-B5C4-B0BC4F5CE09C}\\EDGEMITMP_9DD7E.tmp\\setup.exe\" --install-archive=\"C:\\Program Files (x86)\\Microsoft\\EdgeUpdate\\Install\\{4FAF3980-9480-4FF3-B5C4-B0BC4F5CE09C}\\MicrosoftEdge_X64_130.0.2849.56_129.0.2792.89.exe\" --previous-version=\"129.0.2792.89\" --msedge --verbose-logging --do-not-launch-msedge --system-level --channel=stable"},{"@Name":"ParentUser","#text":"NT AUTHORITY\\SYSTEM"}]}}}
{"Event":{"System":{"Provider":{"@Name":"Microsoft-Windows-Sysmon","@Guid":"5770385f-c22a-43e0-bf4c-06f5698ffbd9"},"EventID":"1","Version":"5","Level":"4","Task":"1","Opcode":"0","Keywords":"0x8000000000000000","TimeCreated":{"@SystemTime":"2024-10-26 17:52:15.1619276"},"EventRecordID":"18292","Correlation":null,"Execution":{"@ProcessID":"2552","@ThreadID":"3884"},"Channel":"Microsoft-Windows-Sysmon/Operational","Computer":"Server002","Security":{"@UserID":"S-1-5-18"}},"EventData":{"Data":[{"@Name":"RuleName","#text":"-"},{"@Name":"UtcTime","#text":"2024-10-26 17:52:15.158"},{"@Name":"ProcessGuid","#text":"dbf410b3-2c4f-671d-6c01-000000003900"},{"@Name":"ProcessId","#text":"1692"},{"@Name":"Image","#text":"C:\\Program Files (x86)\\Microsoft\\Edge\\Application\\130.0.2849.56\\Installer\\setup.exe"},{"@Name":"FileVersion","#text":"130.0.2849.56"},{"@Name":"Description","#text":"Microsoft Edge Installer"},{"@Name":"Product","#text":"Microsoft Edge Installer"},{"@Name":"Company","#text":"Microsoft Corporation"},{"@Name":"OriginalFileName","#text":"setup.exe"},{"@Name":"CommandLine","#text":"\"C:\\Program Files (x86)\\Microsoft\\Edge\\Application\\130.0.2849.56\\Installer\\setup.exe\" --msedge --channel=stable --remove-deprecated-packages --verbose-logging --system-level"},{"@Name":"CurrentDirectory","#text":"C:\\Program Files (x86)\\Microsoft\\EdgeUpdate\\1.3.195.27\\"},{"@Name":"User","#text":"NT AUTHORITY\\SYSTEM"},{"@Name":"LogonGuid","#text":"dbf410b3-4762-671d-e703-000000000000"},{"@Name":"LogonId","#text":"0x3E7"},{"@Name":"TerminalSessionId","#text":"0"},{"@Name":"IntegrityLevel","#text":"System"},{"@Name":"Hashes","#text":"SHA256=273F8406A9622DDD0E92762837AF4598770B5EFE6AA8A999DA809E77B7B7882F"},{"@Name":"ParentProcessGuid","#text":"dbf410b3-2c0a-671d-d700-000000003900"},{"@Name":"ParentProcessId","#text":"6552"},{"@Name":"ParentImage","#text":"C:\\Program Files (x86)\\Microsoft\\EdgeUpdate\\Install\\{4FAF3980-9480-4FF3-B5C4-B0BC4F5CE09C}\\EDGEMITMP_9DD7E.tmp\\setup.exe"},{"@Name":"ParentCommandLine","#text":"\"C:\\Program Files (x86)\\Microsoft\\EdgeUpdate\\Install\\{4FAF3980-9480-4FF3-B5C4-B0BC4F5CE09C}\\EDGEMITMP_9DD7E.tmp\\setup.exe\" --install-archive=\"C:\\Program Files (x86)\\Microsoft\\EdgeUpdate\\Install\\{4FAF3980-9480-4FF3-B5C4-B0BC4F5CE09C}\\MicrosoftEdge_X64_130.0.2849.56_129.0.2792.89.exe\" --previous-version=\"129.0.2792.89\" --msedge --verbose-logging --do-not-launch-msedge --system-level --channel=stable"},{"@Name":"ParentUser","#text":"NT AUTHORITY\\SYSTEM"}]}}}
{"Event":{"System":{"Provider":{"@Name":"Microsoft-Windows-Sysmon","@Guid":"5770385f-c22a-43e0-bf4c-06f5698ffbd9"},"EventID":"1","Version":"5","Level":"4","Task":"1","Opcode":"0","Keywords":"0x8000000000000000","TimeCreated":{"@SystemTime":"2024-10-26 17:52:15.1918581"},"EventRecordID":"18293","Correlation":null,"Execution":{"@ProcessID":"2552","@ThreadID":"3884"},"Channel":"Microsoft-Windows-Sysmon/Operational","Computer":"Server002","Security":{"@UserID":"S-1-5-18"}},"EventData":{"Data":[{"@Name":"RuleName","#text":"-"},{"@Name":"UtcTime","#text":"2024-10-26 17:52:15.177"},{"@Name":"ProcessGuid","#text":"dbf410b3-2c4f-671d-6d01-000000003900"},{"@Name":"ProcessId","#text":"4332"},{"@Name":"Image","#text":"C:\\Program Files (x86)\\Microsoft\\Edge\\Application\\130.0.2849.56\\Installer\\setup.exe"},{"@Name":"FileVersion","#text":"130.0.2849.56"},{"@Name":"Description","#text":"Microsoft Edge Installer"},{"@Name":"Product","#text":"Microsoft Edge Installer"},{"@Name":"Company","#text":"Microsoft Corporation"},{"@Name":"OriginalFileName","#text":"setup.exe"},{"@Name":"CommandLine","#text":"\"C:\\Program Files (x86)\\Microsoft\\Edge\\Application\\130.0.2849.56\\Installer\\setup.exe\" --msedge --channel=stable --update-game-assist-package --verbose-logging --system-level"},{"@Name":"CurrentDirectory","#text":"C:\\Program Files (x86)\\Microsoft\\EdgeUpdate\\1.3.195.27\\"},{"@Name":"User","#text":"NT AUTHORITY\\SYSTEM"},{"@Name":"LogonGuid","#text":"dbf410b3-4762-671d-e703-000000000000"},{"@Name":"LogonId","#text":"0x3E7"},{"@Name":"TerminalSessionId","#text":"0"},{"@Name":"IntegrityLevel","#text":"System"},{"@Name":"Hashes","#text":"SHA256=273F8406A9622DDD0E92762837AF4598770B5EFE6AA8A999DA809E77B7B7882F"},{"@Name":"ParentProcessGuid","#text":"dbf410b3-2c0a-671d-d700-000000003900"},{"@Name":"ParentProcessId","#text":"6552"},{"@Name":"ParentImage","#text":"C:\\Program Files (x86)\\Microsoft\\EdgeUpdate\\Install\\{4FAF3980-9480-4FF3-B5C4-B0BC4F5CE09C}\\EDGEMITMP_9DD7E.tmp\\setup.exe"},{"@Name":"ParentCommandLine","#text":"\"C:\\Program Files (x86)\\Microsoft\\EdgeUpdate\\Install\\{4FAF3980-9480-4FF3-B5C4-B0BC4F5CE09C}\\EDGEMITMP_9DD7E.tmp\\setup.exe\" --install-archive=\"C:\\Program Files (x86)\\Microsoft\\EdgeUpdate\\Install\\{4FAF3980-9480-4FF3-B5C4-B0BC4F5CE09C}\\MicrosoftEdge_X64_130.0.2849.56_129.0.2792.89.exe\" --previous-version=\"129.0.2792.89\" --msedge --verbose-logging --do-not-launch-msedge --system-level --channel=stable"},{"@Name":"ParentUser","#text":"NT AUTHORITY\\SYSTEM"}]}}}
{"Event":{"System":{"Provider":{"@Name":"Microsoft-Windows-Sysmon","@Guid":"5770385f-c22a-43e0-bf4c-06f5698ffbd9"},"EventID":"1","Version":"5","Level":"4","Task":"1","Opcode":"0","Keywords":"0x8000000000000000","TimeCreated":{"@SystemTime":"2024-10-26 17:52:15.2018537"},"EventRecordID":"18294","Correlation":null,"Execution":{"@ProcessID":"2552","@ThreadID":"3884"},"Channel":"Microsoft-Windows-Sysmon/Operational","Computer":"Server002","Security":{"@UserID":"S-1-5-18"}},"EventData":{"Data":[{"@Name":"RuleName","#text":"-"},{"@Name":"UtcTime","#text":"2024-10-26 17:52:15.195"},{"@Name":"ProcessGuid","#text":"dbf410b3-2c4f-671d-6e01-000000003900"},{"@Name":"ProcessId","#text":"6588"},{"@Name":"Image","#text":"C:\\Program Files (x86)\\Microsoft\\Edge\\Application\\130.0.2849.56\\Installer\\setup.exe"},{"@Name":"FileVersion","#text":"130.0.2849.56"},{"@Name":"Description","#text":"Microsoft Edge Installer"},{"@Name":"Product","#text":"Microsoft Edge Installer"},{"@Name":"Company","#text":"Microsoft Corporation"},{"@Name":"OriginalFileName","#text":"setup.exe"},{"@Name":"CommandLine","#text":"\"C:\\Program Files (x86)\\Microsoft\\Edge\\Application\\130.0.2849.56\\Installer\\setup.exe\" --type=crashpad-handler /prefetch:4 --monitor-self-annotation=ptype=crashpad-handler --database=C:\\Windows\\SystemTemp\\MsEdgeCrashpad --annotation=IsOfficialBuild=1 --annotation=channel= --annotation=chromium-version=130.0.6723.70 \"--annotation=exe=C:\\Program Files (x86)\\Microsoft\\Edge\\Application\\130.0.2849.56\\Installer\\setup.exe\" --annotation=plat=Win64 --annotation=prod=Edge --annotation=ver=130.0.2849.56 --initial-client-data=0x23c,0x240,0x244,0x218,0x248,0x7ff7cb64d730,0x7ff7cb64d73c,0x7ff7cb64d748"},{"@Name":"CurrentDirectory","#text":"C:\\Program Files (x86)\\Microsoft\\Edge\\Application\\130.0.2849.56\\Installer\\"},{"@Name":"User","#text":"NT AUTHORITY\\SYSTEM"},{"@Name":"LogonGuid","#text":"dbf410b3-4762-671d-e703-000000000000"},{"@Name":"LogonId","#text":"0x3E7"},{"@Name":"TerminalSessionId","#text":"0"},{"@Name":"IntegrityLevel","#text":"System"},{"@Name":"Hashes","#text":"SHA256=273F8406A9622DDD0E92762837AF4598770B5EFE6AA8A999DA809E77B7B7882F"},{"@Name":"ParentProcessGuid","#text":"dbf410b3-2c4f-671d-6b01-000000003900"},{"@Name":"ParentProcessId","#text":"6216"},{"@Name":"ParentImage","#text":"C:\\Program Files (x86)\\Microsoft\\Edge\\Application\\130.0.2849.56\\Installer\\setup.exe"},{"@Name":"ParentCommandLine","#text":"\"C:\\Program Files (x86)\\Microsoft\\Edge\\Application\\130.0.2849.56\\Installer\\setup.exe\" --msedge --channel=stable --register-package-identity --verbose-logging --system-level"},{"@Name":"ParentUser","#text":"NT AUTHORITY\\SYSTEM"}]}}}
{"Event":{"System":{"Provider":{"@Name":"Microsoft-Windows-Sysmon","@Guid":"5770385f-c22a-43e0-bf4c-06f5698ffbd9"},"EventID":"1","Version":"5","Level":"4","Task":"1","Opcode":"0","Keywords":"0x8000000000000000","TimeCreated":{"@SystemTime":"2024-10-26 17:52:15.2537226"},"EventRecordID":"18295","Correlation":null,"Execution":{"@ProcessID":"2552","@ThreadID":"3884"},"Channel":"Microsoft-Windows-Sysmon/Operational","Computer":"Server002","Security":{"@UserID":"S-1-5-18"}},"EventData":{"Data":[{"@Name":"RuleName","#text":"-"},{"@Name":"UtcTime","#text":"2024-10-26 17:52:15.210"},{"@Name":"ProcessGuid","#text":"dbf410b3-2c4f-671d-6f01-000000003900"},{"@Name":"ProcessId","#text":"1008"},{"@Name":"Image","#text":"C:\\Program Files (x86)\\Microsoft\\Edge\\Application\\130.0.2849.56\\Installer\\setup.exe"},{"@Name":"FileVersion","#text":"130.0.2849.56"},{"@Name":"Description","#text":"Microsoft Edge Installer"},{"@Name":"Product","#text":"Microsoft Edge Installer"},{"@Name":"Company","#text":"Microsoft Corporation"},{"@Name":"OriginalFileName","#text":"setup.exe"},{"@Name":"CommandLine","#text":"\"C:\\Program Files (x86)\\Microsoft\\Edge\\Application\\130.0.2849.56\\Installer\\setup.exe\" --type=crashpad-handler /prefetch:4 --monitor-self-annotation=ptype=crashpad-handler --database=C:\\Windows\\SystemTemp\\MsEdgeCrashpad --annotation=IsOfficialBuild=1 --annotation=channel= --annotation=chromium-version=130.0.6723.70 \"--annotation=exe=C:\\Program Files (x86)\\Microsoft\\Edge\\Application\\130.0.2849.56\\Installer\\setup.exe\" --annotation=plat=Win64 --annotation=prod=Edge --annotation=ver=130.0.2849.56 --initial-client-data=0x254,0x258,0x25c,0x230,0x260,0x7ff7cb64d730,0x7ff7cb64d73c,0x7ff7cb64d748"},{"@Name":"CurrentDirectory","#text":"C:\\Program Files (x86)\\Microsoft\\EdgeUpdate\\1.3.195.27\\"},{"@Name":"User","#text":"NT AUTHORITY\\SYSTEM"},{"@Name":"LogonGuid","#text":"dbf410b3-4762-671d-e703-000000000000"},{"@Name":"LogonId","#text":"0x3E7"},{"@Name":"TerminalSessionId","#text":"0"},{"@Name":"IntegrityLevel","#text":"System"},{"@Name":"Hashes","#text":"SHA256=273F8406A9622DDD0E92762837AF4598770B5EFE6AA8A999DA809E77B7B7882F"},{"@Name":"ParentProcessGuid","#text":"dbf410b3-2c4f-671d-6c01-000000003900"},{"@Name":"ParentProcessId","#text":"1692"},{"@Name":"ParentImage","#text":"C:\\Program Files (x86)\\Microsoft\\Edge\\Application\\130.0.2849.56\\Installer\\setup.exe"},{"@Name":"ParentCommandLine","#text":"\"C:\\Program Files (x86)\\Microsoft\\Edge\\Application\\130.0.2849.56\\Installer\\setup.exe\" --msedge --channel=stable --remove-deprecated-packages --verbose-logging --system-level"},{"@Name":"ParentUser","#text":"NT AUTHORITY\\SYSTEM"}]}}}
{"Event":{"System":{"Provider":{"@Name":"Microsoft-Windows-Sysmon","@Guid":"5770385f-c22a-43e0-bf4c-06f5698ffbd9"},"EventID":"1","Version":"5","Level":"4","Task":"1","Opcode":"0","Keywords":"0x8000000000000000","TimeCreated":{"@SystemTime":"2024-10-26 17:52:15.2665231"},"EventRecordID":"18296","Correlation":null,"Execution":{"@ProcessID":"2552","@ThreadID":"3884"},"Channel":"Microsoft-Windows-Sysmon/Operational","Computer":"Server002","Security":{"@UserID":"S-1-5-18"}},"EventData":{"Data":[{"@Name":"RuleName","#text":"-"},{"@Name":"UtcTime","#text":"2024-10-26 17:52:15.254"},{"@Name":"ProcessGuid","#text":"dbf410b3-2c4f-671d-7001-000000003900"},{"@Name":"ProcessId","#text":"3000"},{"@Name":"Image","#text":"C:\\Program Files (x86)\\Microsoft\\Edge\\Application\\130.0.2849.56\\Installer\\setup.exe"},{"@Name":"FileVersion","#text":"130.0.2849.56"},{"@Name":"Description","#text":"Microsoft Edge Installer"},{"@Name":"Product","#text":"Microsoft Edge Installer"},{"@Name":"Company","#text":"Microsoft Corporation"},{"@Name":"OriginalFileName","#text":"setup.exe"},{"@Name":"CommandLine","#text":"\"C:\\Program Files (x86)\\Microsoft\\Edge\\Application\\130.0.2849.56\\Installer\\setup.exe\" --type=crashpad-handler /prefetch:4 --monitor-self-annotation=ptype=crashpad-handler --database=C:\\Windows\\SystemTemp\\MsEdgeCrashpad --annotation=IsOfficialBuild=1 --annotation=channel= --annotation=chromium-version=130.0.6723.70 \"--annotation=exe=C:\\Program Files (x86)\\Microsoft\\Edge\\Application\\130.0.2849.56\\Installer\\setup.exe\" --annotation=plat=Win64 --annotation=prod=Edge --annotation=ver=130.0.2849.56 --initial-client-data=0x23c,0x240,0x244,0x218,0x248,0x7ff7cb64d730,0x7ff7cb64d73c,0x7ff7cb64d748"},{"@Name":"CurrentDirectory","#text":"C:\\Program Files (x86)\\Microsoft\\EdgeUpdate\\1.3.195.27\\"},{"@Name":"User","#text":"NT AUTHORITY\\SYSTEM"},{"@Name":"LogonGuid","#text":"dbf410b3-4762-671d-e703-000000000000"},{"@Name":"LogonId","#text":"0x3E7"},{"@Name":"TerminalSessionId","#text":"0"},{"@Name":"IntegrityLevel","#text":"System"},{"@Name":"Hashes","#text":"SHA256=273F8406A9622DDD0E92762837AF4598770B5EFE6AA8A999DA809E77B7B7882F"},{"@Name":"ParentProcessGuid","#text":"dbf410b3-2c4f-671d-6d01-000000003900"},{"@Name":"ParentProcessId","#text":"4332"},{"@Name":"ParentImage","#text":"C:\\Program Files (x86)\\Microsoft\\Edge\\Application\\130.0.2849.56\\Installer\\setup.exe"},{"@Name":"ParentCommandLine","#text":"\"C:\\Program Files (x86)\\Microsoft\\Edge\\Application\\130.0.2849.56\\Installer\\setup.exe\" --msedge --channel=stable --update-game-assist-package --verbose-logging --system-level"},{"@Name":"ParentUser","#text":"NT AUTHORITY\\SYSTEM"}]}}}
{"Event":{"System":{"Provider":{"@Name":"Microsoft-Windows-Sysmon","@Guid":"5770385f-c22a-43e0-bf4c-06f5698ffbd9"},"EventID":"5","Version":"3","Level":"4","Task":"5","Opcode":"0","Keywords":"0x8000000000000000","TimeCreated":{"@SystemTime":"2024-10-26 17:52:15.4961676"},"EventRecordID":"18297","Correlation":null,"Execution":{"@ProcessID":"2552","@ThreadID":"3884"},"Channel":"Microsoft-Windows-Sysmon/Operational","Computer":"Server002","Security":{"@UserID":"S-1-5-18"}},"EventData":{"Data":[{"@Name":"RuleName","#text":"-"},{"@Name":"UtcTime","#text":"2024-10-26 17:52:15.495"},{"@Name":"ProcessGuid","#text":"dbf410b3-2c0a-671d-d700-000000003900"},{"@Name":"ProcessId","#text":"6552"},{"@Name":"Image","#text":"C:\\Program Files (x86)\\Microsoft\\EdgeUpdate\\Install\\{4FAF3980-9480-4FF3-B5C4-B0BC4F5CE09C}\\EDGEMITMP_9DD7E.tmp\\setup.exe"},{"@Name":"User","#text":"NT AUTHORITY\\SYSTEM"}]}}}
{"Event":{"System":{"Provider":{"@Name":"Microsoft-Windows-Sysmon","@Guid":"5770385f-c22a-43e0-bf4c-06f5698ffbd9"},"EventID":"5","Version":"3","Level":"4","Task":"5","Opcode":"0","Keywords":"0x8000000000000000","TimeCreated":{"@SystemTime":"2024-10-26 17:52:15.5267495"},"EventRecordID":"18298","Correlation":null,"Execution":{"@ProcessID":"2552","@ThreadID":"3884"},"Channel":"Microsoft-Windows-Sysmon/Operational","Computer":"Server002","Security":{"@UserID":"S-1-5-18"}},"EventData":{"Data":[{"@Name":"RuleName","#text":"-"},{"@Name":"UtcTime","#text":"2024-10-26 17:52:15.526"},{"@Name":"ProcessGuid","#text":"dbf410b3-2c4f-671d-6d01-000000003900"},{"@Name":"ProcessId","#text":"4332"},{"@Name":"Image","#text":"C:\\Program Files (x86)\\Microsoft\\Edge\\Application\\130.0.2849.56\\Installer\\setup.exe"},{"@Name":"User","#text":"NT AUTHORITY\\SYSTEM"}]}}}
{"Event":{"System":{"Provider":{"@Name":"Microsoft-Windows-Sysmon","@Guid":"5770385f-c22a-43e0-bf4c-06f5698ffbd9"},"EventID":"5","Version":"3","Level":"4","Task":"5","Opcode":"0","Keywords":"0x8000000000000000","TimeCreated":{"@SystemTime":"2024-10-26 17:52:15.5400732"},"EventRecordID":"18299","Correlation":null,"Execution":{"@ProcessID":"2552","@ThreadID":"3884"},"Channel":"Microsoft-Windows-Sysmon/Operational","Computer":"Server002","Security":{"@UserID":"S-1-5-18"}},"EventData":{"Data":[{"@Name":"RuleName","#text":"-"},{"@Name":"UtcTime","#text":"2024-10-26 17:52:15.539"},{"@Name":"ProcessGuid","#text":"dbf410b3-2c0b-671d-d800-000000003900"},{"@Name":"ProcessId","#text":"6828"},{"@Name":"Image","#text":"C:\\Program Files (x86)\\Microsoft\\EdgeUpdate\\Install\\{4FAF3980-9480-4FF3-B5C4-B0BC4F5CE09C}\\EDGEMITMP_9DD7E.tmp\\setup.exe"},{"@Name":"User","#text":"NT AUTHORITY\\SYSTEM"}]}}}
{"Event":{"System":{"Provider":{"@Name":"Microsoft-Windows-Sysmon","@Guid":"5770385f-c22a-43e0-bf4c-06f5698ffbd9"},"EventID":"5","Version":"3","Level":"4","Task":"5","Opcode":"0","Keywords":"0x8000000000000000","TimeCreated":{"@SystemTime":"2024-10-26 17:52:15.5587438"},"EventRecordID":"18300","Correlation":null,"Execution":{"@ProcessID":"2552","@ThreadID":"3884"},"Channel":"Microsoft-Windows-Sysmon/Operational","Computer":"Server002","Security":{"@UserID":"S-1-5-18"}},"EventData":{"Data":[{"@Name":"RuleName","#text":"-"},{"@Name":"UtcTime","#text":"2024-10-26 17:52:15.558"},{"@Name":"ProcessGuid","#text":"dbf410b3-2c4f-671d-7001-000000003900"},{"@Name":"ProcessId","#text":"3000"},{"@Name":"Image","#text":"C:\\Program Files (x86)\\Microsoft\\Edge\\Application\\130.0.2849.56\\Installer\\setup.exe"},{"@Name":"User","#text":"NT AUTHORITY\\SYSTEM"}]}}}
{"Event":{"System":{"Provider":{"@Name":"Microsoft-Windows-Sysmon","@Guid":"5770385f-c22a-43e0-bf4c-06f5698ffbd9"},"EventID":"5","Version":"3","Level":"4","Task":"5","Opcode":"0","Keywords":"0x8000000000000000","TimeCreated":{"@SystemTime":"2024-10-26 17:52:15.5690151"},"EventRecordID":"18301","Correlation":null,"Execution":{"@ProcessID":"2552","@ThreadID":"3884"},"Channel":"Microsoft-Windows-Sysmon/Operational","Computer":"Server002","Security":{"@UserID":"S-1-5-18"}},"EventData":{"Data":[{"@Name":"RuleName","#text":"-"},{"@Name":"UtcTime","#text":"2024-10-26 17:52:15.568"},{"@Name":"ProcessGuid","#text":"dbf410b3-2c4f-671d-6c01-000000003900"},{"@Name":"ProcessId","#text":"1692"},{"@Name":"Image","#text":"C:\\Program Files (x86)\\Microsoft\\Edge\\Application\\130.0.2849.56\\Installer\\setup.exe"},{"@Name":"User","#text":"NT AUTHORITY\\SYSTEM"}]}}}
{"Event":{"System":{"Provider":{"@Name":"Microsoft-Windows-Sysmon","@Guid":"5770385f-c22a-43e0-bf4c-06f5698ffbd9"},"EventID":"5","Version":"3","Level":"4","Task":"5","Opcode":"0","Keywords":"0x8000000000000000","TimeCreated":{"@SystemTime":"2024-10-26 17:52:15.5741259"},"EventRecordID":"18302","Correlation":null,"Execution":{"@ProcessID":"2552","@ThreadID":"3884"},"Channel":"Microsoft-Windows-Sysmon/Operational","Computer":"Server002","Security":{"@UserID":"S-1-5-18"}},"EventData":{"Data":[{"@Name":"RuleName","#text":"-"},{"@Name":"UtcTime","#text":"2024-10-26 17:52:15.573"},{"@Name":"ProcessGuid","#text":"dbf410b3-2c4f-671d-6f01-000000003900"},{"@Name":"ProcessId","#text":"1008"},{"@Name":"Image","#text":"C:\\Program Files (x86)\\Microsoft\\Edge\\Application\\130.0.2849.56\\Installer\\setup.exe"},{"@Name":"User","#text":"NT AUTHORITY\\SYSTEM"}]}}}
{"Event":{"System":{"Provider":{"@Name":"Microsoft-Windows-Sysmon","@Guid":"5770385f-c22a-43e0-bf4c-06f5698ffbd9"},"EventID":"5","Version":"3","Level":"4","Task":"5","Opcode":"0","Keywords":"0x8000000000000000","TimeCreated":{"@SystemTime":"2024-10-26 17:52:16.8997135"},"EventRecordID":"18303","Correlation":null,"Execution":{"@ProcessID":"2552","@ThreadID":"3884"},"Channel":"Microsoft-Windows-Sysmon/Operational","Computer":"Server002","Security":{"@UserID":"S-1-5-18"}},"EventData":{"Data":[{"@Name":"RuleName","#text":"-"},{"@Name":"UtcTime","#text":"2024-10-26 17:52:16.898"},{"@Name":"ProcessGuid","#text":"dbf410b3-2c4f-671d-6b01-000000003900"},{"@Name":"ProcessId","#text":"6216"},{"@Name":"Image","#text":"C:\\Program Files (x86)\\Microsoft\\Edge\\Application\\130.0.2849.56\\Installer\\setup.exe"},{"@Name":"User","#text":"NT AUTHORITY\\SYSTEM"}]}}}
{"Event":{"System":{"Provider":{"@Name":"Microsoft-Windows-Sysmon","@Guid":"5770385f-c22a-43e0-bf4c-06f5698ffbd9"},"EventID":"5","Version":"3","Level":"4","Task":"5","Opcode":"0","Keywords":"0x8000000000000000","TimeCreated":{"@SystemTime":"2024-10-26 17:52:16.9048786"},"EventRecordID":"18304","Correlation":null,"Execution":{"@ProcessID":"2552","@ThreadID":"3884"},"Channel":"Microsoft-Windows-Sysmon/Operational","Computer":"Server002","Security":{"@UserID":"S-1-5-18"}},"EventData":{"Data":[{"@Name":"RuleName","#text":"-"},{"@Name":"UtcTime","#text":"2024-10-26 17:52:16.904"},{"@Name":"ProcessGuid","#text":"dbf410b3-2c4f-671d-6e01-000000003900"},{"@Name":"ProcessId","#text":"6588"},{"@Name":"Image","#text":"C:\\Program Files (x86)\\Microsoft\\Edge\\Application\\130.0.2849.56\\Installer\\setup.exe"},{"@Name":"User","#text":"NT AUTHORITY\\SYSTEM"}]}}}
