{"Event":{"System":{"Provider":{"@Name":"PowerShell"},"EventID":{"@Qualifiers":"0","#text":"600"},"Version":"0","Level":"4","Task":"6","Opcode":"0","Keywords":"0x80000000000000","TimeCreated":{"@SystemTime":"2024-10-28 14:37:19.9108693"},"EventRecordID":"1067","Correlation":null,"Execution":{"@ProcessID":"0","@ThreadID":"0"},"Channel":"Windows PowerShell","Computer":"Server002","Security":null},"EventData":{"Data":"Registry, Started, \tProviderName=Registry\r\n\tNewProviderState=Started\r\n\r\n\tSequenceNumber=1\r\n\r\n\tHostName=ConsoleHost\r\n\tHostVersion=5.1.19041.5007\r\n\tHostId=927f2f98-8a11-47f3-8246-195ac5c7d5c0\r\n\tHostApplication=powershell.exe &amp; {cmd.exe /c \"wmic \tcsproduct \tget UUID\" \r\ncmd.exe /c \"fsutil behavior \tset SymlinkEvaluation R2L:1\" \r\ncmd.exe /c \"fsutil behavior set \tSymlinkEvaluation R2R:1\"\r\nreg add HKEY_LOCAL_MACHINE\\SYSTEM\\CurrentControlSet\\Services\\LanmanServer\\Parameters /v MaxMpxCt /d 65535 /t REG_DWORD /f \r\ncopy \"C:\\Users\\ADMIN_~1\\AppData\\Local\\Temp\\AtomicRedTeam\\..\\ExternalPayloads\\PsExec.exe\" $env:temp\r\ncmd.exe /c \"$env:temp\\psexec.exe  -accepteula  \\\\$ENV:COMPUTERNAME cmd.exe  /c echo \"--access-token\"\"}\r\n\tEngineVersion=\r\n\tRunspaceId=\r\n\tPipelineId=\r\n\tCommandName=\r\n\tCommandType=\r\n\tScriptName=\r\n\tCommandPath=\r\n\tCommandLine=","Binary":""}}}
{"Event":{"System":{"Provider":{"@Name":"PowerShell"},"EventID":{"@Qualifiers":"0","#text":"600"},"Version":"0","Level":"4","Task":"6","Opcode":"0","Keywords":"0x80000000000000","TimeCreated":{"@SystemTime":"2024-10-28 14:37:19.9108693"},"EventRecordID":"1068","Correlation":null,"Execution":{"@ProcessID":"0","@ThreadID":"0"},"Channel":"Windows PowerShell","Computer":"Server002","Security":null},"EventData":{"Data":"Alias, Started, \tProviderName=Alias\r\n\tNewProviderState=Started\r\n\r\n\tSequenceNumber=3\r\n\r\n\tHostName=ConsoleHost\r\n\tHostVersion=5.1.19041.5007\r\n\tHostId=927f2f98-8a11-47f3-8246-195ac5c7d5c0\r\n\tHostApplication=powershell.exe &amp; {cmd.exe /c \"wmic \tcsproduct \tget UUID\" \r\ncmd.exe /c \"fsutil behavior \tset SymlinkEvaluation R2L:1\" \r\ncmd.exe /c \"fsutil behavior set \tSymlinkEvaluation R2R:1\"\r\nreg add HKEY_LOCAL_MACHINE\\SYSTEM\\CurrentControlSet\\Services\\LanmanServer\\Parameters /v MaxMpxCt /d 65535 /t REG_DWORD /f \r\ncopy \"C:\\Users\\ADMIN_~1\\AppData\\Local\\Temp\\AtomicRedTeam\\..\\ExternalPayloads\\PsExec.exe\" $env:temp\r\ncmd.exe /c \"$env:temp\\psexec.exe  -accepteula  \\\\$ENV:COMPUTERNAME cmd.exe  /c echo \"--access-token\"\"}\r\n\tEngineVersion=\r\n\tRunspaceId=\r\n\tPipelineId=\r\n\tCommandName=\r\n\tCommandType=\r\n\tScriptName=\r\n\tCommandPath=\r\n\tCommandLine=","Binary":""}}}
{"Event":{"System":{"Provider":{"@Name":"PowerShell"},"EventID":{"@Qualifiers":"0","#text":"600"},"Version":"0","Level":"4","Task":"6","Opcode":"0","Keywords":"0x80000000000000","TimeCreated":{"@SystemTime":"2024-10-28 14:37:19.9272567"},"EventRecordID":"1069","Correlation":null,"Execution":{"@ProcessID":"0","@ThreadID":"0"},"Channel":"Windows PowerShell","Computer":"Server002","Security":null},"EventData":{"Data":"Environment, Started, \tProviderName=Environment\r\n\tNewProviderState=Started\r\n\r\n\tSequenceNumber=5\r\n\r\n\tHostName=ConsoleHost\r\n\tHostVersion=5.1.19041.5007\r\n\tHostId=927f2f98-8a11-47f3-8246-195ac5c7d5c0\r\n\tHostApplication=powershell.exe &amp; {cmd.exe /c \"wmic \tcsproduct \tget UUID\" \r\ncmd.exe /c \"fsutil behavior \tset SymlinkEvaluation R2L:1\" \r\ncmd.exe /c \"fsutil behavior set \tSymlinkEvaluation R2R:1\"\r\nreg add HKEY_LOCAL_MACHINE\\SYSTEM\\CurrentControlSet\\Services\\LanmanServer\\Parameters /v MaxMpxCt /d 65535 /t REG_DWORD /f \r\ncopy \"C:\\Users\\ADMIN_~1\\AppData\\Local\\Temp\\AtomicRedTeam\\..\\ExternalPayloads\\PsExec.exe\" $env:temp\r\ncmd.exe /c \"$env:temp\\psexec.exe  -accepteula  \\\\$ENV:COMPUTERNAME cmd.exe  /c echo \"--access-token\"\"}\r\n\tEngineVersion=\r\n\tRunspaceId=\r\n\tPipelineId=\r\n\tCommandName=\r\n\tCommandType=\r\n\tScriptName=\r\n\tCommandPath=\r\n\tCommandLine=","Binary":""}}}
{"Event":{"System":{"Provider":{"@Name":"PowerShell"},"EventID":{"@Qualifiers":"0","#text":"600"},"Version":"0","Level":"4","Task":"6","Opcode":"0","Keywords":"0x80000000000000","TimeCreated":{"@SystemTime":"2024-10-28 14:37:19.9439816"},"EventRecordID":"1070","Correlation":null,"Execution":{"@ProcessID":"0","@ThreadID":"0"},"Channel":"Windows PowerShell","Computer":"Server002","Security":null},"EventData":{"Data":"FileSystem, Started, \tProviderName=FileSystem\r\n\tNewProviderState=Started\r\n\r\n\tSequenceNumber=7\r\n\r\n\tHostName=ConsoleHost\r\n\tHostVersion=5.1.19041.5007\r\n\tHostId=927f2f98-8a11-47f3-8246-195ac5c7d5c0\r\n\tHostApplication=powershell.exe &amp; {cmd.exe /c \"wmic \tcsproduct \tget UUID\" \r\ncmd.exe /c \"fsutil behavior \tset SymlinkEvaluation R2L:1\" \r\ncmd.exe /c \"fsutil behavior set \tSymlinkEvaluation R2R:1\"\r\nreg add HKEY_LOCAL_MACHINE\\SYSTEM\\CurrentControlSet\\Services\\LanmanServer\\Parameters /v MaxMpxCt /d 65535 /t REG_DWORD /f \r\ncopy \"C:\\Users\\ADMIN_~1\\AppData\\Local\\Temp\\AtomicRedTeam\\..\\ExternalPayloads\\PsExec.exe\" $env:temp\r\ncmd.exe /c \"$env:temp\\psexec.exe  -accepteula  \\\\$ENV:COMPUTERNAME cmd.exe  /c echo \"--access-token\"\"}\r\n\tEngineVersion=\r\n\tRunspaceId=\r\n\tPipelineId=\r\n\tCommandName=\r\n\tCommandType=\r\n\tScriptName=\r\n\tCommandPath=\r\n\tCommandLine=","Binary":""}}}
{"Event":{"System":{"Provider":{"@Name":"PowerShell"},"EventID":{"@Qualifiers":"0","#text":"600"},"Version":"0","Level":"4","Task":"6","Opcode":"0","Keywords":"0x80000000000000","TimeCreated":{"@SystemTime":"2024-10-28 14:37:19.9439816"},"EventRecordID":"1071","Correlation":null,"Execution":{"@ProcessID":"0","@ThreadID":"0"},"Channel":"Windows PowerShell","Computer":"Server002","Security":null},"EventData":{"Data":"Function, Started, \tProviderName=Function\r\n\tNewProviderState=Started\r\n\r\n\tSequenceNumber=9\r\n\r\n\tHostName=ConsoleHost\r\n\tHostVersion=5.1.19041.5007\r\n\tHostId=927f2f98-8a11-47f3-8246-195ac5c7d5c0\r\n\tHostApplication=powershell.exe &amp; {cmd.exe /c \"wmic \tcsproduct \tget UUID\" \r\ncmd.exe /c \"fsutil behavior \tset SymlinkEvaluation R2L:1\" \r\ncmd.exe /c \"fsutil behavior set \tSymlinkEvaluation R2R:1\"\r\nreg add HKEY_LOCAL_MACHINE\\SYSTEM\\CurrentControlSet\\Services\\LanmanServer\\Parameters /v MaxMpxCt /d 65535 /t REG_DWORD /f \r\ncopy \"C:\\Users\\ADMIN_~1\\AppData\\Local\\Temp\\AtomicRedTeam\\..\\ExternalPayloads\\PsExec.exe\" $env:temp\r\ncmd.exe /c \"$env:temp\\psexec.exe  -accepteula  \\\\$ENV:COMPUTERNAME cmd.exe  /c echo \"--access-token\"\"}\r\n\tEngineVersion=\r\n\tRunspaceId=\r\n\tPipelineId=\r\n\tCommandName=\r\n\tCommandType=\r\n\tScriptName=\r\n\tCommandPath=\r\n\tCommandLine=","Binary":""}}}
{"Event":{"System":{"Provider":{"@Name":"PowerShell"},"EventID":{"@Qualifiers":"0","#text":"600"},"Version":"0","Level":"4","Task":"6","Opcode":"0","Keywords":"0x80000000000000","TimeCreated":{"@SystemTime":"2024-10-28 14:37:19.9439816"},"EventRecordID":"1072","Correlation":null,"Execution":{"@ProcessID":"0","@ThreadID":"0"},"Channel":"Windows PowerShell","Computer":"Server002","Security":null},"EventData":{"Data":"Variable, Started, \tProviderName=Variable\r\n\tNewProviderState=Started\r\n\r\n\tSequenceNumber=11\r\n\r\n\tHostName=ConsoleHost\r\n\tHostVersion=5.1.19041.5007\r\n\tHostId=927f2f98-8a11-47f3-8246-195ac5c7d5c0\r\n\tHostApplication=powershell.exe &amp; {cmd.exe /c \"wmic \tcsproduct \tget UUID\" \r\ncmd.exe /c \"fsutil behavior \tset SymlinkEvaluation R2L:1\" \r\ncmd.exe /c \"fsutil behavior set \tSymlinkEvaluation R2R:1\"\r\nreg add HKEY_LOCAL_MACHINE\\SYSTEM\\CurrentControlSet\\Services\\LanmanServer\\Parameters /v MaxMpxCt /d 65535 /t REG_DWORD /f \r\ncopy \"C:\\Users\\ADMIN_~1\\AppData\\Local\\Temp\\AtomicRedTeam\\..\\ExternalPayloads\\PsExec.exe\" $env:temp\r\ncmd.exe /c \"$env:temp\\psexec.exe  -accepteula  \\\\$ENV:COMPUTERNAME cmd.exe  /c echo \"--access-token\"\"}\r\n\tEngineVersion=\r\n\tRunspaceId=\r\n\tPipelineId=\r\n\tCommandName=\r\n\tCommandType=\r\n\tScriptName=\r\n\tCommandPath=\r\n\tCommandLine=","Binary":""}}}
{"Event":{"System":{"Provider":{"@Name":"PowerShell"},"EventID":{"@Qualifiers":"0","#text":"400"},"Version":"0","Level":"4","Task":"4","Opcode":"0","Keywords":"0x80000000000000","TimeCreated":{"@SystemTime":"2024-10-28 14:37:20.2565361"},"EventRecordID":"1073","Correlation":null,"Execution":{"@ProcessID":"0","@ThreadID":"0"},"Channel":"Windows PowerShell","Computer":"Server002","Security":null},"EventData":{"Data":"Available, None, \tNewEngineState=Available\r\n\tPreviousEngineState=None\r\n\r\n\tSequenceNumber=13\r\n\r\n\tHostName=ConsoleHost\r\n\tHostVersion=5.1.19041.5007\r\n\tHostId=927f2f98-8a11-47f3-8246-195ac5c7d5c0\r\n\tHostApplication=powershell.exe &amp; {cmd.exe /c \"wmic \tcsproduct \tget UUID\" \r\ncmd.exe /c \"fsutil behavior \tset SymlinkEvaluation R2L:1\" \r\ncmd.exe /c \"fsutil behavior set \tSymlinkEvaluation R2R:1\"\r\nreg add HKEY_LOCAL_MACHINE\\SYSTEM\\CurrentControlSet\\Services\\LanmanServer\\Parameters /v MaxMpxCt /d 65535 /t REG_DWORD /f \r\ncopy \"C:\\Users\\ADMIN_~1\\AppData\\Local\\Temp\\AtomicRedTeam\\..\\ExternalPayloads\\PsExec.exe\" $env:temp\r\ncmd.exe /c \"$env:temp\\psexec.exe  -accepteula  \\\\$ENV:COMPUTERNAME cmd.exe  /c echo \"--access-token\"\"}\r\n\tEngineVersion=5.1.19041.5007\r\n\tRunspaceId=4964d029-6012-465d-ac80-0ee9ab982e99\r\n\tPipelineId=\r\n\tCommandName=\r\n\tCommandType=\r\n\tScriptName=\r\n\tCommandPath=\r\n\tCommandLine=","Binary":""}}}
{"Event":{"System":{"Provider":{"@Name":"PowerShell"},"EventID":{"@Qualifiers":"0","#text":"403"},"Version":"0","Level":"4","Task":"4","Opcode":"0","Keywords":"0x80000000000000","TimeCreated":{"@SystemTime":"2024-10-28 14:37:21.7331271"},"EventRecordID":"1074","Correlation":null,"Execution":{"@ProcessID":"0","@ThreadID":"0"},"Channel":"Windows PowerShell","Computer":"Server002","Security":null},"EventData":{"Data":"Stopped, Available, \tNewEngineState=Stopped\r\n\tPreviousEngineState=Available\r\n\r\n\tSequenceNumber=15\r\n\r\n\tHostName=ConsoleHost\r\n\tHostVersion=5.1.19041.5007\r\n\tHostId=927f2f98-8a11-47f3-8246-195ac5c7d5c0\r\n\tHostApplication=powershell.exe &amp; {cmd.exe /c \"wmic \tcsproduct \tget UUID\" \r\ncmd.exe /c \"fsutil behavior \tset SymlinkEvaluation R2L:1\" \r\ncmd.exe /c \"fsutil behavior set \tSymlinkEvaluation R2R:1\"\r\nreg add HKEY_LOCAL_MACHINE\\SYSTEM\\CurrentControlSet\\Services\\LanmanServer\\Parameters /v MaxMpxCt /d 65535 /t REG_DWORD /f \r\ncopy \"C:\\Users\\ADMIN_~1\\AppData\\Local\\Temp\\AtomicRedTeam\\..\\ExternalPayloads\\PsExec.exe\" $env:temp\r\ncmd.exe /c \"$env:temp\\psexec.exe  -accepteula  \\\\$ENV:COMPUTERNAME cmd.exe  /c echo \"--access-token\"\"}\r\n\tEngineVersion=5.1.19041.5007\r\n\tRunspaceId=4964d029-6012-465d-ac80-0ee9ab982e99\r\n\tPipelineId=\r\n\tCommandName=\r\n\tCommandType=\r\n\tScriptName=\r\n\tCommandPath=\r\n\tCommandLine=","Binary":""}}}
