

{"Event":{"System":{"Provider":{"@Name":"Microsoft-Windows-Sysmon","@Guid":"5770385f-c22a-43e0-bf4c-06f5698ffbd9"},"EventID":"5","Version":"3","Level":"4","Task":"5","Opcode":"0","Keywords":"0x8000000000000000","TimeCreated":{"@SystemTime":"2024-10-21 09:55:55.3518848"},"EventRecordID":"17922","Correlation":null,"Execution":{"@ProcessID":"2368","@ThreadID":"676"},"Channel":"Microsoft-Windows-Sysmon/Operational","Computer":"Server002","Security":{"@UserID":"S-1-5-18"}},"EventData":{"Data":[{"@Name":"RuleName","#text":"-"},{"@Name":"UtcTime","#text":"2024-10-21 09:55:55.351"},{"@Name":"ProcessGuid","#text":"dbf410b3-252b-6716-b000-000000003900"},{"@Name":"ProcessId","#text":"5164"},{"@Name":"Image","#text":"C:\\Windows\\System32\\wevtutil.exe"},{"@Name":"User","#text":"SERVER002\\admin_test"}]}}}
{"Event":{"System":{"Provider":{"@Name":"Microsoft-Windows-Sysmon","@Guid":"5770385f-c22a-43e0-bf4c-06f5698ffbd9"},"EventID":"5","Version":"3","Level":"4","Task":"5","Opcode":"0","Keywords":"0x8000000000000000","TimeCreated":{"@SystemTime":"2024-10-21 09:55:55.3540458"},"EventRecordID":"17923","Correlation":null,"Execution":{"@ProcessID":"2368","@ThreadID":"676"},"Channel":"Microsoft-Windows-Sysmon/Operational","Computer":"Server002","Security":{"@UserID":"S-1-5-18"}},"EventData":{"Data":[{"@Name":"RuleName","#text":"-"},{"@Name":"UtcTime","#text":"2024-10-21 09:55:55.351"},{"@Name":"ProcessGuid","#text":"dbf410b3-252b-6716-b100-000000003900"},{"@Name":"ProcessId","#text":"6024"},{"@Name":"Image","#text":"C:\\Windows\\System32\\conhost.exe"},{"@Name":"User","#text":"SERVER002\\admin_test"}]}}}


{"Event":{"System":{"Provider":{"@Name":"Microsoft-Windows-Sysmon","@Guid":"5770385f-c22a-43e0-bf4c-06f5698ffbd9"},"EventID":"5","Version":"3","Level":"4","Task":"5","Opcode":"0","Keywords":"0x8000000000000000","TimeCreated":{"@SystemTime":"2024-10-21 09:55:55.4021642"},"EventRecordID":"17926","Correlation":null,"Execution":{"@ProcessID":"2368","@ThreadID":"676"},"Channel":"Microsoft-Windows-Sysmon/Operational","Computer":"Server002","Security":{"@UserID":"S-1-5-18"}},"EventData":{"Data":[{"@Name":"RuleName","#text":"-"},{"@Name":"UtcTime","#text":"2024-10-21 09:55:55.401"},{"@Name":"ProcessGuid","#text":"dbf410b3-252b-6716-b200-000000003900"},{"@Name":"ProcessId","#text":"5124"},{"@Name":"Image","#text":"C:\\Windows\\System32\\wevtutil.exe"},{"@Name":"User","#text":"SERVER002\\admin_test"}]}}}
{"Event":{"System":{"Provider":{"@Name":"Microsoft-Windows-Sysmon","@Guid":"5770385f-c22a-43e0-bf4c-06f5698ffbd9"},"EventID":"5","Version":"3","Level":"4","Task":"5","Opcode":"0","Keywords":"0x8000000000000000","TimeCreated":{"@SystemTime":"2024-10-21 09:55:55.4047359"},"EventRecordID":"17927","Correlation":null,"Execution":{"@ProcessID":"2368","@ThreadID":"676"},"Channel":"Microsoft-Windows-Sysmon/Operational","Computer":"Server002","Security":{"@UserID":"S-1-5-18"}},"EventData":{"Data":[{"@Name":"RuleName","#text":"-"},{"@Name":"UtcTime","#text":"2024-10-21 09:55:55.403"},{"@Name":"ProcessGuid","#text":"dbf410b3-252b-6716-b300-000000003900"},{"@Name":"ProcessId","#text":"5272"},{"@Name":"Image","#text":"C:\\Windows\\System32\\conhost.exe"},{"@Name":"User","#text":"SERVER002\\admin_test"}]}}}


{"Event":{"System":{"Provider":{"@Name":"Microsoft-Windows-Sysmon","@Guid":"5770385f-c22a-43e0-bf4c-06f5698ffbd9"},"EventID":"5","Version":"3","Level":"4","Task":"5","Opcode":"0","Keywords":"0x8000000000000000","TimeCreated":{"@SystemTime":"2024-10-21 09:55:55.4455568"},"EventRecordID":"17930","Correlation":null,"Execution":{"@ProcessID":"2368","@ThreadID":"676"},"Channel":"Microsoft-Windows-Sysmon/Operational","Computer":"Server002","Security":{"@UserID":"S-1-5-18"}},"EventData":{"Data":[{"@Name":"RuleName","#text":"-"},{"@Name":"UtcTime","#text":"2024-10-21 09:55:55.444"},{"@Name":"ProcessGuid","#text":"dbf410b3-252b-6716-b400-000000003900"},{"@Name":"ProcessId","#text":"3556"},{"@Name":"Image","#text":"C:\\Windows\\System32\\wevtutil.exe"},{"@Name":"User","#text":"SERVER002\\admin_test"}]}}}
{"Event":{"System":{"Provider":{"@Name":"Microsoft-Windows-Sysmon","@Guid":"5770385f-c22a-43e0-bf4c-06f5698ffbd9"},"EventID":"5","Version":"3","Level":"4","Task":"5","Opcode":"0","Keywords":"0x8000000000000000","TimeCreated":{"@SystemTime":"2024-10-21 09:55:55.4476587"},"EventRecordID":"17931","Correlation":null,"Execution":{"@ProcessID":"2368","@ThreadID":"676"},"Channel":"Microsoft-Windows-Sysmon/Operational","Computer":"Server002","Security":{"@UserID":"S-1-5-18"}},"EventData":{"Data":[{"@Name":"RuleName","#text":"-"},{"@Name":"UtcTime","#text":"2024-10-21 09:55:55.446"},{"@Name":"ProcessGuid","#text":"dbf410b3-252b-6716-b500-000000003900"},{"@Name":"ProcessId","#text":"4832"},{"@Name":"Image","#text":"C:\\Windows\\System32\\conhost.exe"},{"@Name":"User","#text":"SERVER002\\admin_test"}]}}}


{"Event":{"System":{"Provider":{"@Name":"Microsoft-Windows-Sysmon","@Guid":"5770385f-c22a-43e0-bf4c-06f5698ffbd9"},"EventID":"5","Version":"3","Level":"4","Task":"5","Opcode":"0","Keywords":"0x8000000000000000","TimeCreated":{"@SystemTime":"2024-10-21 09:55:55.4973300"},"EventRecordID":"17934","Correlation":null,"Execution":{"@ProcessID":"2368","@ThreadID":"676"},"Channel":"Microsoft-Windows-Sysmon/Operational","Computer":"Server002","Security":{"@UserID":"S-1-5-18"}},"EventData":{"Data":[{"@Name":"RuleName","#text":"-"},{"@Name":"UtcTime","#text":"2024-10-21 09:55:55.489"},{"@Name":"ProcessGuid","#text":"dbf410b3-252b-6716-b600-000000003900"},{"@Name":"ProcessId","#text":"5440"},{"@Name":"Image","#text":"C:\\Windows\\System32\\wevtutil.exe"},{"@Name":"User","#text":"SERVER002\\admin_test"}]}}}
{"Event":{"System":{"Provider":{"@Name":"Microsoft-Windows-Sysmon","@Guid":"5770385f-c22a-43e0-bf4c-06f5698ffbd9"},"EventID":"5","Version":"3","Level":"4","Task":"5","Opcode":"0","Keywords":"0x8000000000000000","TimeCreated":{"@SystemTime":"2024-10-21 09:55:55.4988784"},"EventRecordID":"17935","Correlation":null,"Execution":{"@ProcessID":"2368","@ThreadID":"676"},"Channel":"Microsoft-Windows-Sysmon/Operational","Computer":"Server002","Security":{"@UserID":"S-1-5-18"}},"EventData":{"Data":[{"@Name":"RuleName","#text":"-"},{"@Name":"UtcTime","#text":"2024-10-21 09:55:55.498"},{"@Name":"ProcessGuid","#text":"dbf410b3-252b-6716-b700-000000003900"},{"@Name":"ProcessId","#text":"5456"},{"@Name":"Image","#text":"C:\\Windows\\System32\\conhost.exe"},{"@Name":"User","#text":"SERVER002\\admin_test"}]}}}


{"Event":{"System":{"Provider":{"@Name":"Microsoft-Windows-Sysmon","@Guid":"5770385f-c22a-43e0-bf4c-06f5698ffbd9"},"EventID":"5","Version":"3","Level":"4","Task":"5","Opcode":"0","Keywords":"0x8000000000000000","TimeCreated":{"@SystemTime":"2024-10-21 09:55:55.5368900"},"EventRecordID":"17938","Correlation":null,"Execution":{"@ProcessID":"2368","@ThreadID":"676"},"Channel":"Microsoft-Windows-Sysmon/Operational","Computer":"Server002","Security":{"@UserID":"S-1-5-18"}},"EventData":{"Data":[{"@Name":"RuleName","#text":"-"},{"@Name":"UtcTime","#text":"2024-10-21 09:55:55.532"},{"@Name":"ProcessGuid","#text":"dbf410b3-252b-6716-b800-000000003900"},{"@Name":"ProcessId","#text":"5708"},{"@Name":"Image","#text":"C:\\Windows\\System32\\wevtutil.exe"},{"@Name":"User","#text":"SERVER002\\admin_test"}]}}}
{"Event":{"System":{"Provider":{"@Name":"Microsoft-Windows-Sysmon","@Guid":"5770385f-c22a-43e0-bf4c-06f5698ffbd9"},"EventID":"5","Version":"3","Level":"4","Task":"5","Opcode":"0","Keywords":"0x8000000000000000","TimeCreated":{"@SystemTime":"2024-10-21 09:55:55.5385919"},"EventRecordID":"17939","Correlation":null,"Execution":{"@ProcessID":"2368","@ThreadID":"676"},"Channel":"Microsoft-Windows-Sysmon/Operational","Computer":"Server002","Security":{"@UserID":"S-1-5-18"}},"EventData":{"Data":[{"@Name":"RuleName","#text":"-"},{"@Name":"UtcTime","#text":"2024-10-21 09:55:55.537"},{"@Name":"ProcessGuid","#text":"dbf410b3-252b-6716-b900-000000003900"},{"@Name":"ProcessId","#text":"5752"},{"@Name":"Image","#text":"C:\\Windows\\System32\\conhost.exe"},{"@Name":"User","#text":"SERVER002\\admin_test"}]}}}
{"Event":{"System":{"Provider":{"@Name":"Microsoft-Windows-Sysmon","@Guid":"5770385f-c22a-43e0-bf4c-06f5698ffbd9"},"EventID":"1","Version":"5","Level":"4","Task":"1","Opcode":"0","Keywords":"0x8000000000000000","TimeCreated":{"@SystemTime":"2024-10-21 09:55:55.5695819"},"EventRecordID":"17940","Correlation":null,"Execution":{"@ProcessID":"2368","@ThreadID":"676"},"Channel":"Microsoft-Windows-Sysmon/Operational","Computer":"Server002","Security":{"@UserID":"S-1-5-18"}},"EventData":{"Data":[{"@Name":"RuleName","#text":"-"},{"@Name":"UtcTime","#text":"2024-10-21 09:55:55.567"},{"@Name":"ProcessGuid","#text":"dbf410b3-252b-6716-ba00-000000003900"},{"@Name":"ProcessId","#text":"5872"},{"@Name":"Image","#text":"C:\\Windows\\System32\\HOSTNAME.EXE"},{"@Name":"FileVersion","#text":"10.0.19041.1 (WinBuild.160101.0800)"},{"@Name":"Description","#text":"Hostname APP"},{"@Name":"Product","#text":"Microsoft® Windows® Operating System"},{"@Name":"Company","#text":"Microsoft Corporation"},{"@Name":"OriginalFileName","#text":"hostname.exe"},{"@Name":"CommandLine","#text":"\"C:\\Windows\\system32\\HOSTNAME.EXE\""},{"@Name":"CurrentDirectory","#text":"C:\\Users\\admin_test\\Documents\\"},{"@Name":"User","#text":"SERVER002\\admin_test"},{"@Name":"LogonGuid","#text":"dbf410b3-2527-6716-d3ef-090000000000"},{"@Name":"LogonId","#text":"0x9EFD3"},{"@Name":"TerminalSessionId","#text":"0"},{"@Name":"IntegrityLevel","#text":"High"},{"@Name":"Hashes","#text":"SHA256=A90C3FB350A11C6F6A6EFA9607987D924D1DE65E09CA9FAF2E0E0E00531EE335"},{"@Name":"ParentProcessGuid","#text":"dbf410b3-2528-6716-aa00-000000003900"},{"@Name":"ParentProcessId","#text":"5688"},{"@Name":"ParentImage","#text":"C:\\Windows\\System32\\wsmprovhost.exe"},{"@Name":"ParentCommandLine","#text":"C:\\Windows\\system32\\wsmprovhost.exe -Embedding"},{"@Name":"ParentUser","#text":"SERVER002\\admin_test"}]}}}
{"Event":{"System":{"Provider":{"@Name":"Microsoft-Windows-Sysmon","@Guid":"5770385f-c22a-43e0-bf4c-06f5698ffbd9"},"EventID":"1","Version":"5","Level":"4","Task":"1","Opcode":"0","Keywords":"0x8000000000000000","TimeCreated":{"@SystemTime":"2024-10-21 09:55:55.5735581"},"EventRecordID":"17941","Correlation":null,"Execution":{"@ProcessID":"2368","@ThreadID":"676"},"Channel":"Microsoft-Windows-Sysmon/Operational","Computer":"Server002","Security":{"@UserID":"S-1-5-18"}},"EventData":{"Data":[{"@Name":"RuleName","#text":"-"},{"@Name":"UtcTime","#text":"2024-10-21 09:55:55.570"},{"@Name":"ProcessGuid","#text":"dbf410b3-252b-6716-bb00-000000003900"},{"@Name":"ProcessId","#text":"5944"},{"@Name":"Image","#text":"C:\\Windows\\System32\\conhost.exe"},{"@Name":"FileVersion","#text":"10.0.19041.4355 (WinBuild.160101.0800)"},{"@Name":"Description","#text":"Console Window Host"},{"@Name":"Product","#text":"Microsoft® Windows® Operating System"},{"@Name":"Company","#text":"Microsoft Corporation"},{"@Name":"OriginalFileName","#text":"CONHOST.EXE"},{"@Name":"CommandLine","#text":"\\??\\C:\\Windows\\system32\\conhost.exe 0xffffffff -ForceV1"},{"@Name":"CurrentDirectory","#text":"C:\\Windows"},{"@Name":"User","#text":"SERVER002\\admin_test"},{"@Name":"LogonGuid","#text":"dbf410b3-2527-6716-d3ef-090000000000"},{"@Name":"LogonId","#text":"0x9EFD3"},{"@Name":"TerminalSessionId","#text":"0"},{"@Name":"IntegrityLevel","#text":"High"},{"@Name":"Hashes","#text":"SHA256=CC0A60CD15FA21E54615E46CD0F10CFBE86F496DC64D14B31D9F3B415D120EE1"},{"@Name":"ParentProcessGuid","#text":"dbf410b3-252b-6716-ba00-000000003900"},{"@Name":"ParentProcessId","#text":"5872"},{"@Name":"ParentImage","#text":"C:\\Windows\\System32\\HOSTNAME.EXE"},{"@Name":"ParentCommandLine","#text":"\"C:\\Windows\\system32\\HOSTNAME.EXE\""},{"@Name":"ParentUser","#text":"SERVER002\\admin_test"}]}}}
{"Event":{"System":{"Provider":{"@Name":"Microsoft-Windows-Sysmon","@Guid":"5770385f-c22a-43e0-bf4c-06f5698ffbd9"},"EventID":"5","Version":"3","Level":"4","Task":"5","Opcode":"0","Keywords":"0x8000000000000000","TimeCreated":{"@SystemTime":"2024-10-21 09:55:55.6028755"},"EventRecordID":"17942","Correlation":null,"Execution":{"@ProcessID":"2368","@ThreadID":"676"},"Channel":"Microsoft-Windows-Sysmon/Operational","Computer":"Server002","Security":{"@UserID":"S-1-5-18"}},"EventData":{"Data":[{"@Name":"RuleName","#text":"-"},{"@Name":"UtcTime","#text":"2024-10-21 09:55:55.601"},{"@Name":"ProcessGuid","#text":"dbf410b3-252b-6716-ba00-000000003900"},{"@Name":"ProcessId","#text":"5872"},{"@Name":"Image","#text":"C:\\Windows\\System32\\HOSTNAME.EXE"},{"@Name":"User","#text":"SERVER002\\admin_test"}]}}}
{"Event":{"System":{"Provider":{"@Name":"Microsoft-Windows-Sysmon","@Guid":"5770385f-c22a-43e0-bf4c-06f5698ffbd9"},"EventID":"5","Version":"3","Level":"4","Task":"5","Opcode":"0","Keywords":"0x8000000000000000","TimeCreated":{"@SystemTime":"2024-10-21 09:55:55.6048256"},"EventRecordID":"17943","Correlation":null,"Execution":{"@ProcessID":"2368","@ThreadID":"676"},"Channel":"Microsoft-Windows-Sysmon/Operational","Computer":"Server002","Security":{"@UserID":"S-1-5-18"}},"EventData":{"Data":[{"@Name":"RuleName","#text":"-"},{"@Name":"UtcTime","#text":"2024-10-21 09:55:55.601"},{"@Name":"ProcessGuid","#text":"dbf410b3-252b-6716-bb00-000000003900"},{"@Name":"ProcessId","#text":"5944"},{"@Name":"Image","#text":"C:\\Windows\\System32\\conhost.exe"},{"@Name":"User","#text":"SERVER002\\admin_test"}]}}}
{"Event":{"System":{"Provider":{"@Name":"Microsoft-Windows-Sysmon","@Guid":"5770385f-c22a-43e0-bf4c-06f5698ffbd9"},"EventID":"1","Version":"5","Level":"4","Task":"1","Opcode":"0","Keywords":"0x8000000000000000","TimeCreated":{"@SystemTime":"2024-10-21 09:55:55.6091030"},"EventRecordID":"17944","Correlation":null,"Execution":{"@ProcessID":"2368","@ThreadID":"676"},"Channel":"Microsoft-Windows-Sysmon/Operational","Computer":"Server002","Security":{"@UserID":"S-1-5-18"}},"EventData":{"Data":[{"@Name":"RuleName","#text":"-"},{"@Name":"UtcTime","#text":"2024-10-21 09:55:55.605"},{"@Name":"ProcessGuid","#text":"dbf410b3-252b-6716-bc00-000000003900"},{"@Name":"ProcessId","#text":"5152"},{"@Name":"Image","#text":"C:\\Windows\\System32\\whoami.exe"},{"@Name":"FileVersion","#text":"10.0.19041.1 (WinBuild.160101.0800)"},{"@Name":"Description","#text":"whoami - displays logged on user information"},{"@Name":"Product","#text":"Microsoft® Windows® Operating System"},{"@Name":"Company","#text":"Microsoft Corporation"},{"@Name":"OriginalFileName","#text":"whoami.exe"},{"@Name":"CommandLine","#text":"\"C:\\Windows\\system32\\whoami.exe\""},{"@Name":"CurrentDirectory","#text":"C:\\Users\\admin_test\\Documents\\"},{"@Name":"User","#text":"SERVER002\\admin_test"},{"@Name":"LogonGuid","#text":"dbf410b3-2527-6716-d3ef-090000000000"},{"@Name":"LogonId","#text":"0x9EFD3"},{"@Name":"TerminalSessionId","#text":"0"},{"@Name":"IntegrityLevel","#text":"High"},{"@Name":"Hashes","#text":"SHA256=1D4902A04D99E8CCBFE7085E63155955FEE397449D386453F6C452AE407B8743"},{"@Name":"ParentProcessGuid","#text":"dbf410b3-2528-6716-aa00-000000003900"},{"@Name":"ParentProcessId","#text":"5688"},{"@Name":"ParentImage","#text":"C:\\Windows\\System32\\wsmprovhost.exe"},{"@Name":"ParentCommandLine","#text":"C:\\Windows\\system32\\wsmprovhost.exe -Embedding"},{"@Name":"ParentUser","#text":"SERVER002\\admin_test"}]}}}
{"Event":{"System":{"Provider":{"@Name":"Microsoft-Windows-Sysmon","@Guid":"5770385f-c22a-43e0-bf4c-06f5698ffbd9"},"EventID":"1","Version":"5","Level":"4","Task":"1","Opcode":"0","Keywords":"0x8000000000000000","TimeCreated":{"@SystemTime":"2024-10-21 09:55:55.6127687"},"EventRecordID":"17945","Correlation":null,"Execution":{"@ProcessID":"2368","@ThreadID":"676"},"Channel":"Microsoft-Windows-Sysmon/Operational","Computer":"Server002","Security":{"@UserID":"S-1-5-18"}},"EventData":{"Data":[{"@Name":"RuleName","#text":"-"},{"@Name":"UtcTime","#text":"2024-10-21 09:55:55.610"},{"@Name":"ProcessGuid","#text":"dbf410b3-252b-6716-bd00-000000003900"},{"@Name":"ProcessId","#text":"5416"},{"@Name":"Image","#text":"C:\\Windows\\System32\\conhost.exe"},{"@Name":"FileVersion","#text":"10.0.19041.4355 (WinBuild.160101.0800)"},{"@Name":"Description","#text":"Console Window Host"},{"@Name":"Product","#text":"Microsoft® Windows® Operating System"},{"@Name":"Company","#text":"Microsoft Corporation"},{"@Name":"OriginalFileName","#text":"CONHOST.EXE"},{"@Name":"CommandLine","#text":"\\??\\C:\\Windows\\system32\\conhost.exe 0xffffffff -ForceV1"},{"@Name":"CurrentDirectory","#text":"C:\\Windows"},{"@Name":"User","#text":"SERVER002\\admin_test"},{"@Name":"LogonGuid","#text":"dbf410b3-2527-6716-d3ef-090000000000"},{"@Name":"LogonId","#text":"0x9EFD3"},{"@Name":"TerminalSessionId","#text":"0"},{"@Name":"IntegrityLevel","#text":"High"},{"@Name":"Hashes","#text":"SHA256=CC0A60CD15FA21E54615E46CD0F10CFBE86F496DC64D14B31D9F3B415D120EE1"},{"@Name":"ParentProcessGuid","#text":"dbf410b3-252b-6716-bc00-000000003900"},{"@Name":"ParentProcessId","#text":"5152"},{"@Name":"ParentImage","#text":"C:\\Windows\\System32\\whoami.exe"},{"@Name":"ParentCommandLine","#text":"\"C:\\Windows\\system32\\whoami.exe\""},{"@Name":"ParentUser","#text":"SERVER002\\admin_test"}]}}}
{"Event":{"System":{"Provider":{"@Name":"Microsoft-Windows-Sysmon","@Guid":"5770385f-c22a-43e0-bf4c-06f5698ffbd9"},"EventID":"5","Version":"3","Level":"4","Task":"5","Opcode":"0","Keywords":"0x8000000000000000","TimeCreated":{"@SystemTime":"2024-10-21 09:55:55.6435529"},"EventRecordID":"17946","Correlation":null,"Execution":{"@ProcessID":"2368","@ThreadID":"676"},"Channel":"Microsoft-Windows-Sysmon/Operational","Computer":"Server002","Security":{"@UserID":"S-1-5-18"}},"EventData":{"Data":[{"@Name":"RuleName","#text":"-"},{"@Name":"UtcTime","#text":"2024-10-21 09:55:55.642"},{"@Name":"ProcessGuid","#text":"dbf410b3-252b-6716-bc00-000000003900"},{"@Name":"ProcessId","#text":"5152"},{"@Name":"Image","#text":"C:\\Windows\\System32\\whoami.exe"},{"@Name":"User","#text":"SERVER002\\admin_test"}]}}}
{"Event":{"System":{"Provider":{"@Name":"Microsoft-Windows-Sysmon","@Guid":"5770385f-c22a-43e0-bf4c-06f5698ffbd9"},"EventID":"5","Version":"3","Level":"4","Task":"5","Opcode":"0","Keywords":"0x8000000000000000","TimeCreated":{"@SystemTime":"2024-10-21 09:55:55.6449746"},"EventRecordID":"17947","Correlation":null,"Execution":{"@ProcessID":"2368","@ThreadID":"676"},"Channel":"Microsoft-Windows-Sysmon/Operational","Computer":"Server002","Security":{"@UserID":"S-1-5-18"}},"EventData":{"Data":[{"@Name":"RuleName","#text":"-"},{"@Name":"UtcTime","#text":"2024-10-21 09:55:55.644"},{"@Name":"ProcessGuid","#text":"dbf410b3-252b-6716-bd00-000000003900"},{"@Name":"ProcessId","#text":"5416"},{"@Name":"Image","#text":"C:\\Windows\\System32\\conhost.exe"},{"@Name":"User","#text":"SERVER002\\admin_test"}]}}}
{"Event":{"System":{"Provider":{"@Name":"Microsoft-Windows-Sysmon","@Guid":"5770385f-c22a-43e0-bf4c-06f5698ffbd9"},"EventID":"1","Version":"5","Level":"4","Task":"1","Opcode":"0","Keywords":"0x8000000000000000","TimeCreated":{"@SystemTime":"2024-10-21 09:55:55.8728811"},"EventRecordID":"17948","Correlation":null,"Execution":{"@ProcessID":"2368","@ThreadID":"676"},"Channel":"Microsoft-Windows-Sysmon/Operational","Computer":"Server002","Security":{"@UserID":"S-1-5-18"}},"EventData":{"Data":[{"@Name":"RuleName","#text":"-"},{"@Name":"UtcTime","#text":"2024-10-21 09:55:55.868"},{"@Name":"ProcessGuid","#text":"dbf410b3-252b-6716-be00-000000003900"},{"@Name":"ProcessId","#text":"1672"},{"@Name":"Image","#text":"C:\\Windows\\System32\\WindowsPowerShell\\v1.0\\powershell.exe"},{"@Name":"FileVersion","#text":"10.0.19041.3996 (WinBuild.160101.0800)"},{"@Name":"Description","#text":"Windows PowerShell"},{"@Name":"Product","#text":"Microsoft® Windows® Operating System"},{"@Name":"Company","#text":"Microsoft Corporation"},{"@Name":"OriginalFileName","#text":"PowerShell.EXE"},{"@Name":"CommandLine","#text":"\"powershell.exe\" &amp; {Get-AdComputer -Filter *}"},{"@Name":"CurrentDirectory","#text":"C:\\Users\\ADMIN_~1\\AppData\\Local\\Temp\\"},{"@Name":"User","#text":"SERVER002\\admin_test"},{"@Name":"LogonGuid","#text":"dbf410b3-2527-6716-d3ef-090000000000"},{"@Name":"LogonId","#text":"0x9EFD3"},{"@Name":"TerminalSessionId","#text":"0"},{"@Name":"IntegrityLevel","#text":"High"},{"@Name":"Hashes","#text":"SHA256=9785001B0DCF755EDDB8AF294A373C0B87B2498660F724E76C4D53F9C217C7A3"},{"@Name":"ParentProcessGuid","#text":"dbf410b3-2528-6716-aa00-000000003900"},{"@Name":"ParentProcessId","#text":"5688"},{"@Name":"ParentImage","#text":"C:\\Windows\\System32\\wsmprovhost.exe"},{"@Name":"ParentCommandLine","#text":"C:\\Windows\\system32\\wsmprovhost.exe -Embedding"},{"@Name":"ParentUser","#text":"SERVER002\\admin_test"}]}}}
{"Event":{"System":{"Provider":{"@Name":"Microsoft-Windows-Sysmon","@Guid":"5770385f-c22a-43e0-bf4c-06f5698ffbd9"},"EventID":"1","Version":"5","Level":"4","Task":"1","Opcode":"0","Keywords":"0x8000000000000000","TimeCreated":{"@SystemTime":"2024-10-21 09:55:55.9234980"},"EventRecordID":"17949","Correlation":null,"Execution":{"@ProcessID":"2368","@ThreadID":"676"},"Channel":"Microsoft-Windows-Sysmon/Operational","Computer":"Server002","Security":{"@UserID":"S-1-5-18"}},"EventData":{"Data":[{"@Name":"RuleName","#text":"-"},{"@Name":"UtcTime","#text":"2024-10-21 09:55:55.921"},{"@Name":"ProcessGuid","#text":"dbf410b3-252b-6716-bf00-000000003900"},{"@Name":"ProcessId","#text":"2400"},{"@Name":"Image","#text":"C:\\Windows\\System32\\conhost.exe"},{"@Name":"FileVersion","#text":"10.0.19041.4355 (WinBuild.160101.0800)"},{"@Name":"Description","#text":"Console Window Host"},{"@Name":"Product","#text":"Microsoft® Windows® Operating System"},{"@Name":"Company","#text":"Microsoft Corporation"},{"@Name":"OriginalFileName","#text":"CONHOST.EXE"},{"@Name":"CommandLine","#text":"\\??\\C:\\Windows\\system32\\conhost.exe 0xffffffff -ForceV1"},{"@Name":"CurrentDirectory","#text":"C:\\Windows"},{"@Name":"User","#text":"SERVER002\\admin_test"},{"@Name":"LogonGuid","#text":"dbf410b3-2527-6716-d3ef-090000000000"},{"@Name":"LogonId","#text":"0x9EFD3"},{"@Name":"TerminalSessionId","#text":"0"},{"@Name":"IntegrityLevel","#text":"High"},{"@Name":"Hashes","#text":"SHA256=CC0A60CD15FA21E54615E46CD0F10CFBE86F496DC64D14B31D9F3B415D120EE1"},{"@Name":"ParentProcessGuid","#text":"dbf410b3-252b-6716-be00-000000003900"},{"@Name":"ParentProcessId","#text":"1672"},{"@Name":"ParentImage","#text":"C:\\Windows\\System32\\WindowsPowerShell\\v1.0\\powershell.exe"},{"@Name":"ParentCommandLine","#text":"\"powershell.exe\" &amp; {Get-AdComputer -Filter *}"},{"@Name":"ParentUser","#text":"SERVER002\\admin_test"}]}}}
{"Event":{"System":{"Provider":{"@Name":"Microsoft-Windows-Sysmon","@Guid":"5770385f-c22a-43e0-bf4c-06f5698ffbd9"},"EventID":"5","Version":"3","Level":"4","Task":"5","Opcode":"0","Keywords":"0x8000000000000000","TimeCreated":{"@SystemTime":"2024-10-21 09:55:56.8879978"},"EventRecordID":"17950","Correlation":null,"Execution":{"@ProcessID":"2368","@ThreadID":"676"},"Channel":"Microsoft-Windows-Sysmon/Operational","Computer":"Server002","Security":{"@UserID":"S-1-5-18"}},"EventData":{"Data":[{"@Name":"RuleName","#text":"-"},{"@Name":"UtcTime","#text":"2024-10-21 09:55:56.874"},{"@Name":"ProcessGuid","#text":"dbf410b3-2522-6716-9700-000000003900"},{"@Name":"ProcessId","#text":"2220"},{"@Name":"Image","#text":"C:\\Windows\\System32\\taskhostw.exe"},{"@Name":"User","#text":"NT AUTHORITY\\SYSTEM"}]}}}
{"Event":{"System":{"Provider":{"@Name":"Microsoft-Windows-Sysmon","@Guid":"5770385f-c22a-43e0-bf4c-06f5698ffbd9"},"EventID":"5","Version":"3","Level":"4","Task":"5","Opcode":"0","Keywords":"0x8000000000000000","TimeCreated":{"@SystemTime":"2024-10-21 09:55:57.2604638"},"EventRecordID":"17951","Correlation":null,"Execution":{"@ProcessID":"2368","@ThreadID":"676"},"Channel":"Microsoft-Windows-Sysmon/Operational","Computer":"Server002","Security":{"@UserID":"S-1-5-18"}},"EventData":{"Data":[{"@Name":"RuleName","#text":"-"},{"@Name":"UtcTime","#text":"2024-10-21 09:55:57.260"},{"@Name":"ProcessGuid","#text":"dbf410b3-252b-6716-be00-000000003900"},{"@Name":"ProcessId","#text":"1672"},{"@Name":"Image","#text":"C:\\Windows\\System32\\WindowsPowerShell\\v1.0\\powershell.exe"},{"@Name":"User","#text":"SERVER002\\admin_test"}]}}}
{"Event":{"System":{"Provider":{"@Name":"Microsoft-Windows-Sysmon","@Guid":"5770385f-c22a-43e0-bf4c-06f5698ffbd9"},"EventID":"5","Version":"3","Level":"4","Task":"5","Opcode":"0","Keywords":"0x8000000000000000","TimeCreated":{"@SystemTime":"2024-10-21 09:55:57.2622443"},"EventRecordID":"17952","Correlation":null,"Execution":{"@ProcessID":"2368","@ThreadID":"676"},"Channel":"Microsoft-Windows-Sysmon/Operational","Computer":"Server002","Security":{"@UserID":"S-1-5-18"}},"EventData":{"Data":[{"@Name":"RuleName","#text":"-"},{"@Name":"UtcTime","#text":"2024-10-21 09:55:57.260"},{"@Name":"ProcessGuid","#text":"dbf410b3-252b-6716-bf00-000000003900"},{"@Name":"ProcessId","#text":"2400"},{"@Name":"Image","#text":"C:\\Windows\\System32\\conhost.exe"},{"@Name":"User","#text":"SERVER002\\admin_test"}]}}}
{"Event":{"System":{"Provider":{"@Name":"Microsoft-Windows-Sysmon","@Guid":"5770385f-c22a-43e0-bf4c-06f5698ffbd9"},"EventID":"1","Version":"5","Level":"4","Task":"1","Opcode":"0","Keywords":"0x8000000000000000","TimeCreated":{"@SystemTime":"2024-10-21 09:56:07.9903369"},"EventRecordID":"17953","Correlation":null,"Execution":{"@ProcessID":"2368","@ThreadID":"676"},"Channel":"Microsoft-Windows-Sysmon/Operational","Computer":"Server002","Security":{"@UserID":"S-1-5-18"}},"EventData":{"Data":[{"@Name":"RuleName","#text":"-"},{"@Name":"UtcTime","#text":"2024-10-21 09:56:07.988"},{"@Name":"ProcessGuid","#text":"dbf410b3-2537-6716-c000-000000003900"},{"@Name":"ProcessId","#text":"3692"},{"@Name":"Image","#text":"C:\\Windows\\System32\\wuauclt.exe"},{"@Name":"FileVersion","#text":"10.0.19041.4597 (WinBuild.160101.0800)"},{"@Name":"Description","#text":"Windows Update"},{"@Name":"Product","#text":"Microsoft® Windows® Operating System"},{"@Name":"Company","#text":"Microsoft Corporation"},{"@Name":"OriginalFileName","#text":"wuauclt.exe"},{"@Name":"CommandLine","#text":"\"C:\\Windows\\system32\\wuauclt.exe\" /UpdateDeploymentProvider UpdateDeploymentProvider.dll /ClassId ab585f7f-b0d5-4faa-8f0e-a3f22a1130a1 /RunHandlerComServer"},{"@Name":"CurrentDirectory","#text":"C:\\Windows\\system32\\"},{"@Name":"User","#text":"NT AUTHORITY\\SYSTEM"},{"@Name":"LogonGuid","#text":"dbf410b3-40d4-6716-e703-000000000000"},{"@Name":"LogonId","#text":"0x3E7"},{"@Name":"TerminalSessionId","#text":"0"},{"@Name":"IntegrityLevel","#text":"System"},{"@Name":"Hashes","#text":"SHA256=1060450D47F4EB5D4FF85B60BFBE51C9522C5063B2D5A8A87EACBCF25C81C246"},{"@Name":"ParentProcessGuid","#text":"dbf410b3-2521-6716-9300-000000003900"},{"@Name":"ParentProcessId","#text":"2664"},{"@Name":"ParentImage","#text":"C:\\Windows\\System32\\MoUsoCoreWorker.exe"},{"@Name":"ParentCommandLine","#text":"C:\\Windows\\System32\\mousocoreworker.exe -Embedding"},{"@Name":"ParentUser","#text":"NT AUTHORITY\\SYSTEM"}]}}}
{"Event":{"System":{"Provider":{"@Name":"Microsoft-Windows-Sysmon","@Guid":"5770385f-c22a-43e0-bf4c-06f5698ffbd9"},"EventID":"1","Version":"5","Level":"4","Task":"1","Opcode":"0","Keywords":"0x8000000000000000","TimeCreated":{"@SystemTime":"2024-10-21 09:56:08.3335551"},"EventRecordID":"17954","Correlation":null,"Execution":{"@ProcessID":"2368","@ThreadID":"676"},"Channel":"Microsoft-Windows-Sysmon/Operational","Computer":"Server002","Security":{"@UserID":"S-1-5-18"}},"EventData":{"Data":[{"@Name":"RuleName","#text":"-"},{"@Name":"UtcTime","#text":"2024-10-21 09:56:08.281"},{"@Name":"ProcessGuid","#text":"dbf410b3-2538-6716-c100-000000003900"},{"@Name":"ProcessId","#text":"3452"},{"@Name":"Image","#text":"C:\\Windows\\SoftwareDistribution\\Download\\Install\\AM_Delta.exe"},{"@Name":"FileVersion","#text":"1.419.619.0"},{"@Name":"Description","#text":"AntiMalware Definition Update"},{"@Name":"Product","#text":"Microsoft Malware Protection"},{"@Name":"Company","#text":"Microsoft Corporation"},{"@Name":"OriginalFileName","#text":"AM_Delta.exe"},{"@Name":"CommandLine","#text":"\"C:\\Windows\\SoftwareDistribution\\Download\\Install\\AM_Delta.exe\" WD /q"},{"@Name":"CurrentDirectory","#text":"C:\\Windows\\SoftwareDistribution\\Download\\Install\\"},{"@Name":"User","#text":"NT AUTHORITY\\SYSTEM"},{"@Name":"LogonGuid","#text":"dbf410b3-40d4-6716-e703-000000000000"},{"@Name":"LogonId","#text":"0x3E7"},{"@Name":"TerminalSessionId","#text":"0"},{"@Name":"IntegrityLevel","#text":"System"},{"@Name":"Hashes","#text":"SHA256=76FE51552094CA933DF38EA10C7D9957D62147B4C940C774642999418D119B8D"},{"@Name":"ParentProcessGuid","#text":"dbf410b3-2537-6716-c000-000000003900"},{"@Name":"ParentProcessId","#text":"3692"},{"@Name":"ParentImage","#text":"C:\\Windows\\System32\\wuauclt.exe"},{"@Name":"ParentCommandLine","#text":"\"C:\\Windows\\system32\\wuauclt.exe\" /UpdateDeploymentProvider UpdateDeploymentProvider.dll /ClassId ab585f7f-b0d5-4faa-8f0e-a3f22a1130a1 /RunHandlerComServer"},{"@Name":"ParentUser","#text":"NT AUTHORITY\\SYSTEM"}]}}}
{"Event":{"System":{"Provider":{"@Name":"Microsoft-Windows-Sysmon","@Guid":"5770385f-c22a-43e0-bf4c-06f5698ffbd9"},"EventID":"1","Version":"5","Level":"4","Task":"1","Opcode":"0","Keywords":"0x8000000000000000","TimeCreated":{"@SystemTime":"2024-10-21 09:56:08.3694219"},"EventRecordID":"17955","Correlation":null,"Execution":{"@ProcessID":"2368","@ThreadID":"676"},"Channel":"Microsoft-Windows-Sysmon/Operational","Computer":"Server002","Security":{"@UserID":"S-1-5-18"}},"EventData":{"Data":[{"@Name":"RuleName","#text":"-"},{"@Name":"UtcTime","#text":"2024-10-21 09:56:08.365"},{"@Name":"ProcessGuid","#text":"dbf410b3-2538-6716-c200-000000003900"},{"@Name":"ProcessId","#text":"3464"},{"@Name":"Image","#text":"C:\\Windows\\System32\\MpSigStub.exe"},{"@Name":"FileVersion","#text":"1.1.24010.2001 (7122f19e8a45ed98fbe41ea0bdadf251e45717f9)"},{"@Name":"Description","#text":"Microsoft Malware Protection Signature Update Stub"},{"@Name":"Product","#text":"Microsoft Malware Protection"},{"@Name":"Company","#text":"Microsoft Corporation"},{"@Name":"OriginalFileName","#text":"MpSigStub.exe"},{"@Name":"CommandLine","#text":"C:\\Windows\\system32\\MpSigStub.exe /stub 1.1.24010.2001 /file 1.419.619.0 /MpWUStub /program C:\\Windows\\SoftwareDistribution\\Download\\Install\\AM_Delta.exe WD /q"},{"@Name":"CurrentDirectory","#text":"C:\\Windows\\system32\\"},{"@Name":"User","#text":"NT AUTHORITY\\SYSTEM"},{"@Name":"LogonGuid","#text":"dbf410b3-40d4-6716-e703-000000000000"},{"@Name":"LogonId","#text":"0x3E7"},{"@Name":"TerminalSessionId","#text":"0"},{"@Name":"IntegrityLevel","#text":"System"},{"@Name":"Hashes","#text":"SHA256=071B0D3A08503A8B88AEEDA1D20F371A563377028F6E252DC66CCE60AB8F823E"},{"@Name":"ParentProcessGuid","#text":"dbf410b3-2537-6716-c000-000000003900"},{"@Name":"ParentProcessId","#text":"3692"},{"@Name":"ParentImage","#text":"C:\\Windows\\System32\\wuauclt.exe"},{"@Name":"ParentCommandLine","#text":"\"C:\\Windows\\system32\\wuauclt.exe\" /UpdateDeploymentProvider UpdateDeploymentProvider.dll /ClassId ab585f7f-b0d5-4faa-8f0e-a3f22a1130a1 /RunHandlerComServer"},{"@Name":"ParentUser","#text":"NT AUTHORITY\\SYSTEM"}]}}}
{"Event":{"System":{"Provider":{"@Name":"Microsoft-Windows-Sysmon","@Guid":"5770385f-c22a-43e0-bf4c-06f5698ffbd9"},"EventID":"5","Version":"3","Level":"4","Task":"5","Opcode":"0","Keywords":"0x8000000000000000","TimeCreated":{"@SystemTime":"2024-10-21 09:56:10.3519261"},"EventRecordID":"17956","Correlation":null,"Execution":{"@ProcessID":"2368","@ThreadID":"676"},"Channel":"Microsoft-Windows-Sysmon/Operational","Computer":"Server002","Security":{"@UserID":"S-1-5-18"}},"EventData":{"Data":[{"@Name":"RuleName","#text":"-"},{"@Name":"UtcTime","#text":"2024-10-21 09:56:10.347"},{"@Name":"ProcessGuid","#text":"dbf410b3-251f-6716-8700-000000003900"},{"@Name":"ProcessId","#text":"64"},{"@Name":"Image","#text":"C:\\Windows\\System32\\svchost.exe"},{"@Name":"User","#text":"NT AUTHORITY\\SYSTEM"}]}}}
{"Event":{"System":{"Provider":{"@Name":"Microsoft-Windows-Sysmon","@Guid":"5770385f-c22a-43e0-bf4c-06f5698ffbd9"},"EventID":"1","Version":"5","Level":"4","Task":"1","Opcode":"0","Keywords":"0x8000000000000000","TimeCreated":{"@SystemTime":"2024-10-21 09:56:13.7448089"},"EventRecordID":"17957","Correlation":null,"Execution":{"@ProcessID":"2368","@ThreadID":"676"},"Channel":"Microsoft-Windows-Sysmon/Operational","Computer":"Server002","Security":{"@UserID":"S-1-5-18"}},"EventData":{"Data":[{"@Name":"RuleName","#text":"-"},{"@Name":"UtcTime","#text":"2024-10-21 09:56:13.742"},{"@Name":"ProcessGuid","#text":"dbf410b3-253d-6716-c300-000000003900"},{"@Name":"ProcessId","#text":"1812"},{"@Name":"Image","#text":"C:\\Program Files (x86)\\Microsoft\\EdgeUpdate\\MicrosoftEdgeUpdate.exe"},{"@Name":"FileVersion","#text":"1.3.147.37"},{"@Name":"Description","#text":"Microsoft Edge Update"},{"@Name":"Product","#text":"Microsoft Edge Update"},{"@Name":"Company","#text":"Microsoft Corporation"},{"@Name":"OriginalFileName","#text":"msedgeupdate.dll"},{"@Name":"CommandLine","#text":"\"C:\\Program Files (x86)\\Microsoft\\EdgeUpdate\\MicrosoftEdgeUpdate.exe\" /svc"},{"@Name":"CurrentDirectory","#text":"C:\\Windows\\system32\\"},{"@Name":"User","#text":"NT AUTHORITY\\SYSTEM"},{"@Name":"LogonGuid","#text":"dbf410b3-40d4-6716-e703-000000000000"},{"@Name":"LogonId","#text":"0x3E7"},{"@Name":"TerminalSessionId","#text":"0"},{"@Name":"IntegrityLevel","#text":"System"},{"@Name":"Hashes","#text":"SHA256=3096D8E82917A9B73F322F4B1743E52E9B0C8B3C5933A957E73E29D6973CDD5B"},{"@Name":"ParentProcessGuid","#text":"00000000-0000-0000-0000-000000000000"},{"@Name":"ParentProcessId","#text":"664"},{"@Name":"ParentImage","#text":"-"},{"@Name":"ParentCommandLine","#text":"-"},{"@Name":"ParentUser","#text":"-"}]}}}
{"Event":{"System":{"Provider":{"@Name":"Microsoft-Windows-Sysmon","@Guid":"5770385f-c22a-43e0-bf4c-06f5698ffbd9"},"EventID":"5","Version":"3","Level":"4","Task":"5","Opcode":"0","Keywords":"0x8000000000000000","TimeCreated":{"@SystemTime":"2024-10-21 09:56:15.9219634"},"EventRecordID":"17958","Correlation":null,"Execution":{"@ProcessID":"2368","@ThreadID":"676"},"Channel":"Microsoft-Windows-Sysmon/Operational","Computer":"Server002","Security":{"@UserID":"S-1-5-18"}},"EventData":{"Data":[{"@Name":"RuleName","#text":"-"},{"@Name":"UtcTime","#text":"2024-10-21 09:56:15.916"},{"@Name":"ProcessGuid","#text":"dbf410b3-2538-6716-c200-000000003900"},{"@Name":"ProcessId","#text":"3464"},{"@Name":"Image","#text":"C:\\Windows\\System32\\MpSigStub.exe"},{"@Name":"User","#text":"NT AUTHORITY\\SYSTEM"}]}}}
{"Event":{"System":{"Provider":{"@Name":"Microsoft-Windows-Sysmon","@Guid":"5770385f-c22a-43e0-bf4c-06f5698ffbd9"},"EventID":"5","Version":"3","Level":"4","Task":"5","Opcode":"0","Keywords":"0x8000000000000000","TimeCreated":{"@SystemTime":"2024-10-21 09:56:15.9278334"},"EventRecordID":"17959","Correlation":null,"Execution":{"@ProcessID":"2368","@ThreadID":"676"},"Channel":"Microsoft-Windows-Sysmon/Operational","Computer":"Server002","Security":{"@UserID":"S-1-5-18"}},"EventData":{"Data":[{"@Name":"RuleName","#text":"-"},{"@Name":"UtcTime","#text":"2024-10-21 09:56:15.925"},{"@Name":"ProcessGuid","#text":"dbf410b3-2538-6716-c100-000000003900"},{"@Name":"ProcessId","#text":"3452"},{"@Name":"Image","#text":"C:\\Windows\\SoftwareDistribution\\Download\\Install\\AM_Delta.exe"},{"@Name":"User","#text":"NT AUTHORITY\\SYSTEM"}]}}}
{"Event":{"System":{"Provider":{"@Name":"Microsoft-Windows-Sysmon","@Guid":"5770385f-c22a-43e0-bf4c-06f5698ffbd9"},"EventID":"5","Version":"3","Level":"4","Task":"5","Opcode":"0","Keywords":"0x8000000000000000","TimeCreated":{"@SystemTime":"2024-10-21 09:56:15.9504582"},"EventRecordID":"17960","Correlation":null,"Execution":{"@ProcessID":"2368","@ThreadID":"676"},"Channel":"Microsoft-Windows-Sysmon/Operational","Computer":"Server002","Security":{"@UserID":"S-1-5-18"}},"EventData":{"Data":[{"@Name":"RuleName","#text":"-"},{"@Name":"UtcTime","#text":"2024-10-21 09:56:15.939"},{"@Name":"ProcessGuid","#text":"dbf410b3-2537-6716-c000-000000003900"},{"@Name":"ProcessId","#text":"3692"},{"@Name":"Image","#text":"C:\\Windows\\System32\\wuauclt.exe"},{"@Name":"User","#text":"NT AUTHORITY\\SYSTEM"}]}}}
