{"Event":{"System":{"Provider":{"@Name":"Microsoft-Windows-Eventlog","@Guid":"{fc65ddd8-d6ef-4962-83d5-6e5cfe9ce148}"},"EventID":"104","Version":"1","Level":"4","Task":"104","Opcode":"0","Keywords":"0x8000000000000000","TimeCreated":{"@SystemTime":"2024-10-21 09:08:14.3418201"},"EventRecordID":"3562","Correlation":null,"Execution":{"@ProcessID":"1152","@ThreadID":"2212"},"Channel":"System","Computer":"Server002","Security":{"@UserID":"S-1-5-21-3962163828-2803415714-1403596700-1006"}},"UserData":{"LogFileCleared":{"SubjectUserName":"admin_test","SubjectDomainName":"SERVER002","Channel":"System","BackupPath":"","ClientProcessId":"6292","ClientProcessStartKey":"16044073672507610"}}}}
{"Event":{"System":{"Provider":{"@Name":"Microsoft-Windows-Eventlog","@Guid":"{fc65ddd8-d6ef-4962-83d5-6e5cfe9ce148}"},"EventID":"104","Version":"1","Level":"4","Task":"104","Opcode":"0","Keywords":"0x8000000000000000","TimeCreated":{"@SystemTime":"2024-10-21 09:08:14.5624802"},"EventRecordID":"3563","Correlation":null,"Execution":{"@ProcessID":"1152","@ThreadID":"2384"},"Channel":"System","Computer":"Server002","Security":{"@UserID":"S-1-5-21-3962163828-2803415714-1403596700-1006"}},"UserData":{"LogFileCleared":{"SubjectUserName":"admin_test","SubjectDomainName":"SERVER002","Channel":"Windows PowerShell","BackupPath":"","ClientProcessId":"6404","ClientProcessStartKey":"16044073672507614"}}}}
{"Event":{"System":{"Provider":{"@Name":"Microsoft-Windows-WindowsUpdateClient","@Guid":"945a8954-c147-4acd-923f-40c45405a658"},"EventID":"44","Version":"1","Level":"4","Task":"1","Opcode":"12","Keywords":"0x8000000000002004","TimeCreated":{"@SystemTime":"2024-10-21 09:08:33.0548899"},"EventRecordID":"3564","Correlation":null,"Execution":{"@ProcessID":"3196","@ThreadID":"4448"},"Channel":"System","Computer":"Server002","Security":{"@UserID":"S-1-5-18"}},"EventData":{"Data":[{"@Name":"updateTitle","#text":"Security Intelligence Update for Microsoft Defender Antivirus - KB2267602 (Version 1.419.618.0) - Current Channel (Broad)"},{"@Name":"updateGuid","#text":"9e8b03f4-ecbf-4543-b59c-69564ba13a30"},{"@Name":"updateRevisionNumber","#text":"200"}]}}}
{"Event":{"System":{"Provider":{"@Name":"Microsoft-Windows-WindowsUpdateClient","@Guid":"945a8954-c147-4acd-923f-40c45405a658"},"EventID":"43","Version":"1","Level":"4","Task":"1","Opcode":"13","Keywords":"0x8000000000002008","TimeCreated":{"@SystemTime":"2024-10-21 09:08:34.3636444"},"EventRecordID":"3565","Correlation":null,"Execution":{"@ProcessID":"3196","@ThreadID":"7012"},"Channel":"System","Computer":"Server002","Security":{"@UserID":"S-1-5-18"}},"EventData":{"Data":[{"@Name":"updateTitle","#text":"Security Intelligence Update for Microsoft Defender Antivirus - KB2267602 (Version 1.419.618.0) - Current Channel (Broad)"},{"@Name":"updateGuid","#text":"9e8b03f4-ecbf-4543-b59c-69564ba13a30"},{"@Name":"updateRevisionNumber","#text":"200"}]}}}
