{"Event":{"System":{"Provider":{"@Name":"PowerShell"},"EventID":{"@Qualifiers":"0","#text":"600"},"Version":"0","Level":"4","Task":"6","Opcode":"0","Keywords":"0x80000000000000","TimeCreated":{"@SystemTime":"2024-10-28 10:18:03.7180166"},"EventRecordID":"1043","Correlation":null,"Execution":{"@ProcessID":"0","@ThreadID":"0"},"Channel":"Windows PowerShell","Computer":"Server002","Security":null},"EventData":{"Data":"Registry, Started, \tProviderName=Registry\r\n\tNewProviderState=Started\r\n\r\n\tSequenceNumber=1\r\n\r\n\tHostName=ConsoleHost\r\n\tHostVersion=5.1.19041.5007\r\n\tHostId=3737aac2-afac-4a3c-9e03-8ee27ed7d405\r\n\tHostApplication=powershell.exe &amp; {$registryPath = \"HKLM:\\SOFTWARE\\Policies\\Microsoft\\Windows Defender\\Policy Manager\"\r\n\r\nif (-not (Test-Path $registryPath)) {\r\n New-Item -Path $registryPath -Force\r\n Write-Host \"Registry key created: $registryPath\"\r\n}\r\n\r\n$registryValueName = \"ASRRules\"\r\n\r\nif (Test-Path \"$registryPath\\$registryValueName\") {\r\n Remove-ItemProperty -Path $registryPath -Name $registryValueName\r\n Write-Host \"Registry value deleted: $registryValueName\"\r\n} else {\r\n New-ItemProperty -Path $registryPath -Name $registryValueName -PropertyType String -Value \"36190899-1602-49e8-8b27-eb1d0a1ce869=1\" -Force\r\n Write-Host \"Registry value created: $registryValueName\"\r\n}\r\n\r\n\r\nRemove-ItemProperty -Path $registryPath -Name $registryValueName\r\nWrite-Host \"Registry value deleted: $registryValueName\"}\r\n\tEngineVersion=\r\n\tRunspaceId=\r\n\tPipelineId=\r\n\tCommandName=\r\n\tCommandType=\r\n\tScriptName=\r\n\tCommandPath=\r\n\tCommandLine=","Binary":""}}}
{"Event":{"System":{"Provider":{"@Name":"PowerShell"},"EventID":{"@Qualifiers":"0","#text":"600"},"Version":"0","Level":"4","Task":"6","Opcode":"0","Keywords":"0x80000000000000","TimeCreated":{"@SystemTime":"2024-10-28 10:18:03.7288418"},"EventRecordID":"1044","Correlation":null,"Execution":{"@ProcessID":"0","@ThreadID":"0"},"Channel":"Windows PowerShell","Computer":"Server002","Security":null},"EventData":{"Data":"Alias, Started, \tProviderName=Alias\r\n\tNewProviderState=Started\r\n\r\n\tSequenceNumber=3\r\n\r\n\tHostName=ConsoleHost\r\n\tHostVersion=5.1.19041.5007\r\n\tHostId=3737aac2-afac-4a3c-9e03-8ee27ed7d405\r\n\tHostApplication=powershell.exe &amp; {$registryPath = \"HKLM:\\SOFTWARE\\Policies\\Microsoft\\Windows Defender\\Policy Manager\"\r\n\r\nif (-not (Test-Path $registryPath)) {\r\n New-Item -Path $registryPath -Force\r\n Write-Host \"Registry key created: $registryPath\"\r\n}\r\n\r\n$registryValueName = \"ASRRules\"\r\n\r\nif (Test-Path \"$registryPath\\$registryValueName\") {\r\n Remove-ItemProperty -Path $registryPath -Name $registryValueName\r\n Write-Host \"Registry value deleted: $registryValueName\"\r\n} else {\r\n New-ItemProperty -Path $registryPath -Name $registryValueName -PropertyType String -Value \"36190899-1602-49e8-8b27-eb1d0a1ce869=1\" -Force\r\n Write-Host \"Registry value created: $registryValueName\"\r\n}\r\n\r\n\r\nRemove-ItemProperty -Path $registryPath -Name $registryValueName\r\nWrite-Host \"Registry value deleted: $registryValueName\"}\r\n\tEngineVersion=\r\n\tRunspaceId=\r\n\tPipelineId=\r\n\tCommandName=\r\n\tCommandType=\r\n\tScriptName=\r\n\tCommandPath=\r\n\tCommandLine=","Binary":""}}}
{"Event":{"System":{"Provider":{"@Name":"PowerShell"},"EventID":{"@Qualifiers":"0","#text":"600"},"Version":"0","Level":"4","Task":"6","Opcode":"0","Keywords":"0x80000000000000","TimeCreated":{"@SystemTime":"2024-10-28 10:18:03.7288418"},"EventRecordID":"1045","Correlation":null,"Execution":{"@ProcessID":"0","@ThreadID":"0"},"Channel":"Windows PowerShell","Computer":"Server002","Security":null},"EventData":{"Data":"Environment, Started, \tProviderName=Environment\r\n\tNewProviderState=Started\r\n\r\n\tSequenceNumber=5\r\n\r\n\tHostName=ConsoleHost\r\n\tHostVersion=5.1.19041.5007\r\n\tHostId=3737aac2-afac-4a3c-9e03-8ee27ed7d405\r\n\tHostApplication=powershell.exe &amp; {$registryPath = \"HKLM:\\SOFTWARE\\Policies\\Microsoft\\Windows Defender\\Policy Manager\"\r\n\r\nif (-not (Test-Path $registryPath)) {\r\n New-Item -Path $registryPath -Force\r\n Write-Host \"Registry key created: $registryPath\"\r\n}\r\n\r\n$registryValueName = \"ASRRules\"\r\n\r\nif (Test-Path \"$registryPath\\$registryValueName\") {\r\n Remove-ItemProperty -Path $registryPath -Name $registryValueName\r\n Write-Host \"Registry value deleted: $registryValueName\"\r\n} else {\r\n New-ItemProperty -Path $registryPath -Name $registryValueName -PropertyType String -Value \"36190899-1602-49e8-8b27-eb1d0a1ce869=1\" -Force\r\n Write-Host \"Registry value created: $registryValueName\"\r\n}\r\n\r\n\r\nRemove-ItemProperty -Path $registryPath -Name $registryValueName\r\nWrite-Host \"Registry value deleted: $registryValueName\"}\r\n\tEngineVersion=\r\n\tRunspaceId=\r\n\tPipelineId=\r\n\tCommandName=\r\n\tCommandType=\r\n\tScriptName=\r\n\tCommandPath=\r\n\tCommandLine=","Binary":""}}}
{"Event":{"System":{"Provider":{"@Name":"PowerShell"},"EventID":{"@Qualifiers":"0","#text":"600"},"Version":"0","Level":"4","Task":"6","Opcode":"0","Keywords":"0x80000000000000","TimeCreated":{"@SystemTime":"2024-10-28 10:18:03.7403344"},"EventRecordID":"1046","Correlation":null,"Execution":{"@ProcessID":"0","@ThreadID":"0"},"Channel":"Windows PowerShell","Computer":"Server002","Security":null},"EventData":{"Data":"FileSystem, Started, \tProviderName=FileSystem\r\n\tNewProviderState=Started\r\n\r\n\tSequenceNumber=7\r\n\r\n\tHostName=ConsoleHost\r\n\tHostVersion=5.1.19041.5007\r\n\tHostId=3737aac2-afac-4a3c-9e03-8ee27ed7d405\r\n\tHostApplication=powershell.exe &amp; {$registryPath = \"HKLM:\\SOFTWARE\\Policies\\Microsoft\\Windows Defender\\Policy Manager\"\r\n\r\nif (-not (Test-Path $registryPath)) {\r\n New-Item -Path $registryPath -Force\r\n Write-Host \"Registry key created: $registryPath\"\r\n}\r\n\r\n$registryValueName = \"ASRRules\"\r\n\r\nif (Test-Path \"$registryPath\\$registryValueName\") {\r\n Remove-ItemProperty -Path $registryPath -Name $registryValueName\r\n Write-Host \"Registry value deleted: $registryValueName\"\r\n} else {\r\n New-ItemProperty -Path $registryPath -Name $registryValueName -PropertyType String -Value \"36190899-1602-49e8-8b27-eb1d0a1ce869=1\" -Force\r\n Write-Host \"Registry value created: $registryValueName\"\r\n}\r\n\r\n\r\nRemove-ItemProperty -Path $registryPath -Name $registryValueName\r\nWrite-Host \"Registry value deleted: $registryValueName\"}\r\n\tEngineVersion=\r\n\tRunspaceId=\r\n\tPipelineId=\r\n\tCommandName=\r\n\tCommandType=\r\n\tScriptName=\r\n\tCommandPath=\r\n\tCommandLine=","Binary":""}}}
{"Event":{"System":{"Provider":{"@Name":"PowerShell"},"EventID":{"@Qualifiers":"0","#text":"600"},"Version":"0","Level":"4","Task":"6","Opcode":"0","Keywords":"0x80000000000000","TimeCreated":{"@SystemTime":"2024-10-28 10:18:03.7403344"},"EventRecordID":"1047","Correlation":null,"Execution":{"@ProcessID":"0","@ThreadID":"0"},"Channel":"Windows PowerShell","Computer":"Server002","Security":null},"EventData":{"Data":"Function, Started, \tProviderName=Function\r\n\tNewProviderState=Started\r\n\r\n\tSequenceNumber=9\r\n\r\n\tHostName=ConsoleHost\r\n\tHostVersion=5.1.19041.5007\r\n\tHostId=3737aac2-afac-4a3c-9e03-8ee27ed7d405\r\n\tHostApplication=powershell.exe &amp; {$registryPath = \"HKLM:\\SOFTWARE\\Policies\\Microsoft\\Windows Defender\\Policy Manager\"\r\n\r\nif (-not (Test-Path $registryPath)) {\r\n New-Item -Path $registryPath -Force\r\n Write-Host \"Registry key created: $registryPath\"\r\n}\r\n\r\n$registryValueName = \"ASRRules\"\r\n\r\nif (Test-Path \"$registryPath\\$registryValueName\") {\r\n Remove-ItemProperty -Path $registryPath -Name $registryValueName\r\n Write-Host \"Registry value deleted: $registryValueName\"\r\n} else {\r\n New-ItemProperty -Path $registryPath -Name $registryValueName -PropertyType String -Value \"36190899-1602-49e8-8b27-eb1d0a1ce869=1\" -Force\r\n Write-Host \"Registry value created: $registryValueName\"\r\n}\r\n\r\n\r\nRemove-ItemProperty -Path $registryPath -Name $registryValueName\r\nWrite-Host \"Registry value deleted: $registryValueName\"}\r\n\tEngineVersion=\r\n\tRunspaceId=\r\n\tPipelineId=\r\n\tCommandName=\r\n\tCommandType=\r\n\tScriptName=\r\n\tCommandPath=\r\n\tCommandLine=","Binary":""}}}
{"Event":{"System":{"Provider":{"@Name":"PowerShell"},"EventID":{"@Qualifiers":"0","#text":"600"},"Version":"0","Level":"4","Task":"6","Opcode":"0","Keywords":"0x80000000000000","TimeCreated":{"@SystemTime":"2024-10-28 10:18:03.7403344"},"EventRecordID":"1048","Correlation":null,"Execution":{"@ProcessID":"0","@ThreadID":"0"},"Channel":"Windows PowerShell","Computer":"Server002","Security":null},"EventData":{"Data":"Variable, Started, \tProviderName=Variable\r\n\tNewProviderState=Started\r\n\r\n\tSequenceNumber=11\r\n\r\n\tHostName=ConsoleHost\r\n\tHostVersion=5.1.19041.5007\r\n\tHostId=3737aac2-afac-4a3c-9e03-8ee27ed7d405\r\n\tHostApplication=powershell.exe &amp; {$registryPath = \"HKLM:\\SOFTWARE\\Policies\\Microsoft\\Windows Defender\\Policy Manager\"\r\n\r\nif (-not (Test-Path $registryPath)) {\r\n New-Item -Path $registryPath -Force\r\n Write-Host \"Registry key created: $registryPath\"\r\n}\r\n\r\n$registryValueName = \"ASRRules\"\r\n\r\nif (Test-Path \"$registryPath\\$registryValueName\") {\r\n Remove-ItemProperty -Path $registryPath -Name $registryValueName\r\n Write-Host \"Registry value deleted: $registryValueName\"\r\n} else {\r\n New-ItemProperty -Path $registryPath -Name $registryValueName -PropertyType String -Value \"36190899-1602-49e8-8b27-eb1d0a1ce869=1\" -Force\r\n Write-Host \"Registry value created: $registryValueName\"\r\n}\r\n\r\n\r\nRemove-ItemProperty -Path $registryPath -Name $registryValueName\r\nWrite-Host \"Registry value deleted: $registryValueName\"}\r\n\tEngineVersion=\r\n\tRunspaceId=\r\n\tPipelineId=\r\n\tCommandName=\r\n\tCommandType=\r\n\tScriptName=\r\n\tCommandPath=\r\n\tCommandLine=","Binary":""}}}
{"Event":{"System":{"Provider":{"@Name":"PowerShell"},"EventID":{"@Qualifiers":"0","#text":"400"},"Version":"0","Level":"4","Task":"4","Opcode":"0","Keywords":"0x80000000000000","TimeCreated":{"@SystemTime":"2024-10-28 10:18:03.7403344"},"EventRecordID":"1049","Correlation":null,"Execution":{"@ProcessID":"0","@ThreadID":"0"},"Channel":"Windows PowerShell","Computer":"Server002","Security":null},"EventData":{"Data":"Available, None, \tNewEngineState=Available\r\n\tPreviousEngineState=None\r\n\r\n\tSequenceNumber=13\r\n\r\n\tHostName=ConsoleHost\r\n\tHostVersion=5.1.19041.5007\r\n\tHostId=3737aac2-afac-4a3c-9e03-8ee27ed7d405\r\n\tHostApplication=powershell.exe &amp; {$registryPath = \"HKLM:\\SOFTWARE\\Policies\\Microsoft\\Windows Defender\\Policy Manager\"\r\n\r\nif (-not (Test-Path $registryPath)) {\r\n New-Item -Path $registryPath -Force\r\n Write-Host \"Registry key created: $registryPath\"\r\n}\r\n\r\n$registryValueName = \"ASRRules\"\r\n\r\nif (Test-Path \"$registryPath\\$registryValueName\") {\r\n Remove-ItemProperty -Path $registryPath -Name $registryValueName\r\n Write-Host \"Registry value deleted: $registryValueName\"\r\n} else {\r\n New-ItemProperty -Path $registryPath -Name $registryValueName -PropertyType String -Value \"36190899-1602-49e8-8b27-eb1d0a1ce869=1\" -Force\r\n Write-Host \"Registry value created: $registryValueName\"\r\n}\r\n\r\n\r\nRemove-ItemProperty -Path $registryPath -Name $registryValueName\r\nWrite-Host \"Registry value deleted: $registryValueName\"}\r\n\tEngineVersion=5.1.19041.5007\r\n\tRunspaceId=d1a077c7-d45b-4c16-88b2-bb0c47e01c1c\r\n\tPipelineId=\r\n\tCommandName=\r\n\tCommandType=\r\n\tScriptName=\r\n\tCommandPath=\r\n\tCommandLine=","Binary":""}}}
{"Event":{"System":{"Provider":{"@Name":"PowerShell"},"EventID":{"@Qualifiers":"0","#text":"403"},"Version":"0","Level":"4","Task":"4","Opcode":"0","Keywords":"0x80000000000000","TimeCreated":{"@SystemTime":"2024-10-28 10:18:05.2752673"},"EventRecordID":"1050","Correlation":null,"Execution":{"@ProcessID":"0","@ThreadID":"0"},"Channel":"Windows PowerShell","Computer":"Server002","Security":null},"EventData":{"Data":"Stopped, Available, \tNewEngineState=Stopped\r\n\tPreviousEngineState=Available\r\n\r\n\tSequenceNumber=15\r\n\r\n\tHostName=ConsoleHost\r\n\tHostVersion=5.1.19041.5007\r\n\tHostId=3737aac2-afac-4a3c-9e03-8ee27ed7d405\r\n\tHostApplication=powershell.exe &amp; {$registryPath = \"HKLM:\\SOFTWARE\\Policies\\Microsoft\\Windows Defender\\Policy Manager\"\r\n\r\nif (-not (Test-Path $registryPath)) {\r\n New-Item -Path $registryPath -Force\r\n Write-Host \"Registry key created: $registryPath\"\r\n}\r\n\r\n$registryValueName = \"ASRRules\"\r\n\r\nif (Test-Path \"$registryPath\\$registryValueName\") {\r\n Remove-ItemProperty -Path $registryPath -Name $registryValueName\r\n Write-Host \"Registry value deleted: $registryValueName\"\r\n} else {\r\n New-ItemProperty -Path $registryPath -Name $registryValueName -PropertyType String -Value \"36190899-1602-49e8-8b27-eb1d0a1ce869=1\" -Force\r\n Write-Host \"Registry value created: $registryValueName\"\r\n}\r\n\r\n\r\nRemove-ItemProperty -Path $registryPath -Name $registryValueName\r\nWrite-Host \"Registry value deleted: $registryValueName\"}\r\n\tEngineVersion=5.1.19041.5007\r\n\tRunspaceId=d1a077c7-d45b-4c16-88b2-bb0c47e01c1c\r\n\tPipelineId=\r\n\tCommandName=\r\n\tCommandType=\r\n\tScriptName=\r\n\tCommandPath=\r\n\tCommandLine=","Binary":""}}}
