{"Event":{"System":{"Provider":{"@Name":"Microsoft-Windows-Sysmon","@Guid":"5770385f-c22a-43e0-bf4c-06f5698ffbd9"},"EventID":"1","Version":"5","Level":"4","Task":"1","Opcode":"0","Keywords":"0x8000000000000000","TimeCreated":{"@SystemTime":"2024-10-27 13:26:59.0744205"},"EventRecordID":"18022","Correlation":null,"Execution":{"@ProcessID":"3440","@ThreadID":"4032"},"Channel":"Microsoft-Windows-Sysmon/Operational","Computer":"Server002","Security":{"@UserID":"S-1-5-18"}},"EventData":{"Data":[{"@Name":"RuleName","#text":"-"},{"@Name":"UtcTime","#text":"2024-10-27 13:26:59.070"},{"@Name":"ProcessGuid","#text":"dbf410b3-3fa3-671e-e200-000000003900"},{"@Name":"ProcessId","#text":"4528"},{"@Name":"Image","#text":"C:\\Program Files (x86)\\Microsoft\\EdgeUpdate\\Install\\{19D1D851-F2A5-4DA3-B44C-394EF7B511D6}\\EDGEMITMP_F5DE3.tmp\\setup.exe"},{"@Name":"FileVersion","#text":"130.0.2849.56"},{"@Name":"Description","#text":"Microsoft Edge Installer"},{"@Name":"Product","#text":"Microsoft Edge Installer"},{"@Name":"Company","#text":"Microsoft Corporation"},{"@Name":"OriginalFileName","#text":"setup.exe"},{"@Name":"CommandLine","#text":"\"C:\\Program Files (x86)\\Microsoft\\EdgeUpdate\\Install\\{19D1D851-F2A5-4DA3-B44C-394EF7B511D6}\\EDGEMITMP_F5DE3.tmp\\setup.exe\" --type=crashpad-handler /prefetch:4 --monitor-self-annotation=ptype=crashpad-handler --database=C:\\Windows\\SystemTemp\\MsEdgeCrashpad --annotation=IsOfficialBuild=1 --annotation=channel= --annotation=chromium-version=130.0.6723.70 \"--annotation=exe=C:\\Program Files (x86)\\Microsoft\\EdgeUpdate\\Install\\{19D1D851-F2A5-4DA3-B44C-394EF7B511D6}\\EDGEMITMP_F5DE3.tmp\\setup.exe\" --annotation=plat=Win64 --annotation=prod=Edge --annotation=ver=130.0.2849.56 --initial-client-data=0x23c,0x240,0x244,0x218,0x248,0x7ff6d67cd730,0x7ff6d67cd73c,0x7ff6d67cd748"},{"@Name":"CurrentDirectory","#text":"C:\\Program Files (x86)\\Microsoft\\EdgeUpdate\\1.3.195.27\\"},{"@Name":"User","#text":"NT AUTHORITY\\SYSTEM"},{"@Name":"LogonGuid","#text":"dbf410b3-4d06-671e-e703-000000000000"},{"@Name":"LogonId","#text":"0x3E7"},{"@Name":"TerminalSessionId","#text":"0"},{"@Name":"IntegrityLevel","#text":"System"},{"@Name":"Hashes","#text":"SHA256=273F8406A9622DDD0E92762837AF4598770B5EFE6AA8A999DA809E77B7B7882F"},{"@Name":"ParentProcessGuid","#text":"dbf410b3-3fa2-671e-e100-000000003900"},{"@Name":"ParentProcessId","#text":"1820"},{"@Name":"ParentImage","#text":"C:\\Program Files (x86)\\Microsoft\\EdgeUpdate\\Install\\{19D1D851-F2A5-4DA3-B44C-394EF7B511D6}\\EDGEMITMP_F5DE3.tmp\\setup.exe"},{"@Name":"ParentCommandLine","#text":"\"C:\\Program Files (x86)\\Microsoft\\EdgeUpdate\\Install\\{19D1D851-F2A5-4DA3-B44C-394EF7B511D6}\\EDGEMITMP_F5DE3.tmp\\setup.exe\" --install-archive=\"C:\\Program Files (x86)\\Microsoft\\EdgeUpdate\\Install\\{19D1D851-F2A5-4DA3-B44C-394EF7B511D6}\\MicrosoftEdge_X64_130.0.2849.56_129.0.2792.89.exe\" --previous-version=\"129.0.2792.89\" --msedge --verbose-logging --do-not-launch-msedge --system-level --channel=stable"},{"@Name":"ParentUser","#text":"NT AUTHORITY\\SYSTEM"}]}}}
{"Event":{"System":{"Provider":{"@Name":"Microsoft-Windows-Sysmon","@Guid":"5770385f-c22a-43e0-bf4c-06f5698ffbd9"},"EventID":"5","Version":"3","Level":"4","Task":"5","Opcode":"0","Keywords":"0x8000000000000000","TimeCreated":{"@SystemTime":"2024-10-27 13:27:03.6133562"},"EventRecordID":"18023","Correlation":null,"Execution":{"@ProcessID":"3440","@ThreadID":"4032"},"Channel":"Microsoft-Windows-Sysmon/Operational","Computer":"Server002","Security":{"@UserID":"S-1-5-18"}},"EventData":{"Data":[{"@Name":"RuleName","#text":"-"},{"@Name":"UtcTime","#text":"2024-10-27 13:27:03.604"},{"@Name":"ProcessGuid","#text":"dbf410b3-3f09-671e-8b00-000000003900"},{"@Name":"ProcessId","#text":"5328"},{"@Name":"Image","#text":"C:\\Windows\\WinSxS\\amd64_microsoft-windows-servicingstack_31bf3856ad364e35_10.0.19041.4950_none_7dd913727cb4d87c\\TiWorker.exe"},{"@Name":"User","#text":"NT AUTHORITY\\SYSTEM"}]}}}
{"Event":{"System":{"Provider":{"@Name":"Microsoft-Windows-Sysmon","@Guid":"5770385f-c22a-43e0-bf4c-06f5698ffbd9"},"EventID":"5","Version":"3","Level":"4","Task":"5","Opcode":"0","Keywords":"0x8000000000000000","TimeCreated":{"@SystemTime":"2024-10-27 13:27:03.6760506"},"EventRecordID":"18024","Correlation":null,"Execution":{"@ProcessID":"3440","@ThreadID":"4032"},"Channel":"Microsoft-Windows-Sysmon/Operational","Computer":"Server002","Security":{"@UserID":"S-1-5-18"}},"EventData":{"Data":[{"@Name":"RuleName","#text":"-"},{"@Name":"UtcTime","#text":"2024-10-27 13:27:03.673"},{"@Name":"ProcessGuid","#text":"dbf410b3-3f09-671e-8900-000000003900"},{"@Name":"ProcessId","#text":"5280"},{"@Name":"Image","#text":"C:\\Windows\\servicing\\TrustedInstaller.exe"},{"@Name":"User","#text":"NT AUTHORITY\\SYSTEM"}]}}}
